<?xml version="1.0" encoding="UTF-8"?>
<testsuites name="Bespoke Admin Pages" time="669.181" tests="17" failures="0" errors="0">
   <testsuite name="Bespoke Admin Pages" tests="17" failures="0" errors="0" time="669.181" timestamp="2020-03-23 13:37:57" hostname="ARCADIER03 - 192.168.254.104" id="Test Suites/Admin/Language/Edit Text/Bespoke/Admin Pages/Bespoke Admin Pages">
      <properties>
         <property name="deviceName" value=""/>
         <property name="devicePlatform" value=""/>
         <property name="logFolder" value="C:\\Katalon\\Arctick\\Reports\\20200323_133755\\Admin\\Language\\Edit Text\\Bespoke\\Admin Pages\\Bespoke Admin Pages\\20200323_133755"/>
         <property name="logFiles" value="C:\\Katalon\\Arctick\\Reports\\20200323_133755\\Admin\\Language\\Edit Text\\Bespoke\\Admin Pages\\Bespoke Admin Pages\\20200323_133755\\execution0.log"/>
         <property name="attachments" value=""/>
         <property name="hostName" value="ARCADIER03 - 192.168.254.104"/>
         <property name="os" value="Windows 7 64bit"/>
         <property name="katalonVersion" value="7.2.6.1"/>
         <property name="browser" value="Chrome 80.0.3987.149"/>
         <property name="hostAddress" value="192.168.254.104"/>
         <property name="sessionId" value="25dc5a30df3b618400b753e3dd9cb8a2"/>
         <property name="seleniumVersion" value="3.141.59"/>
         <property name="proxyInformation" value="ProxyInformation{proxyOption=NO_PROXY, proxyServerType=HTTP, password=, proxyServerAddress=, proxyServerPort=0, executionList=}"/>
         <property name="platform" value="Windows 7"/>
      </properties>
      <testcase name="Test Cases/ADMIN/Language/Edit Text/Bespoke/Admin Pages/Login Navigation" time="9.428" classname="Test Cases/ADMIN/Language/Edit Text/Bespoke/Admin Pages/Login Navigation" status="PASSED">
         <system-out><![CDATA[2020-03-23 13:37:58 - [TEST_CASE][PASSED] - Test Cases/ADMIN/Language/Edit Text/Bespoke/Admin Pages/Login Navigation: Test Cases/ADMIN/Language/Edit Text/Bespoke/Admin Pages/Login Navigation

2020-03-23 13:37:58 - [TEST_STEP][PASSED] - waitForElementVisible(findTestObject("ADMIN/Language/sidemenu_Language"), 0): Object 'Object Repository/ADMIN/Language/sidemenu_Language' is visible

2020-03-23 13:37:59 - [MESSAGE][WARNING] - Timeout '0' is invalid. Using default page load timeout: '30'

2020-03-23 13:38:00 - [MESSAGE][PASSED] - Object 'Object Repository/ADMIN/Language/sidemenu_Language' is visible

2020-03-23 13:38:00 - [TEST_STEP][PASSED] - click(findTestObject("ADMIN/Language/sidemenu_Language"), CONTINUE_ON_FAILURE): Object: 'Object Repository/ADMIN/Language/sidemenu_Language' is clicked on

2020-03-23 13:38:01 - [MESSAGE][PASSED] - Object: 'Object Repository/ADMIN/Language/sidemenu_Language' is clicked on

2020-03-23 13:38:01 - [TEST_STEP][PASSED] - waitForElementVisible(findTestObject("ADMIN/Language/sidemenu_Edit Text"), 0): Object 'Object Repository/ADMIN/Language/sidemenu_Edit Text' is visible

2020-03-23 13:38:01 - [MESSAGE][WARNING] - Timeout '0' is invalid. Using default page load timeout: '30'

2020-03-23 13:38:02 - [MESSAGE][PASSED] - Object 'Object Repository/ADMIN/Language/sidemenu_Edit Text' is visible

2020-03-23 13:38:02 - [TEST_STEP][PASSED] - click(findTestObject("ADMIN/Language/sidemenu_Edit Text"), CONTINUE_ON_FAILURE): Object: 'Object Repository/ADMIN/Language/sidemenu_Edit Text' is clicked on

2020-03-23 13:38:03 - [MESSAGE][PASSED] - Object: 'Object Repository/ADMIN/Language/sidemenu_Edit Text' is clicked on

2020-03-23 13:38:03 - [TEST_STEP][PASSED] - waitForElementVisible(findTestObject("ADMIN/Edit Text/Bespoke/Admin Navigation/dd_icon"), 0): Object 'Object Repository/ADMIN/Edit Text/Bespoke/Admin Navigation/dd_icon' is visible

2020-03-23 13:38:03 - [MESSAGE][WARNING] - Timeout '0' is invalid. Using default page load timeout: '30'

2020-03-23 13:38:04 - [MESSAGE][PASSED] - Object 'Object Repository/ADMIN/Edit Text/Bespoke/Admin Navigation/dd_icon' is visible

2020-03-23 13:38:04 - [TEST_STEP][PASSED] - click(findTestObject("ADMIN/Edit Text/Bespoke/Admin Navigation/dd_icon"), CONTINUE_ON_FAILURE): Object: 'Object Repository/ADMIN/Edit Text/Bespoke/Admin Navigation/dd_icon' is clicked on

2020-03-23 13:38:04 - [MESSAGE][PASSED] - Object: 'Object Repository/ADMIN/Edit Text/Bespoke/Admin Navigation/dd_icon' is clicked on

2020-03-23 13:38:04 - [TEST_STEP][PASSED] - waitForElementVisible(findTestObject("ADMIN/Edit Text/Bespoke/Admin Navigation/span_Login"), 0): Object 'Object Repository/ADMIN/Edit Text/Bespoke/Admin Navigation/span_Login' is visible

2020-03-23 13:38:04 - [MESSAGE][WARNING] - Timeout '0' is invalid. Using default page load timeout: '30'

2020-03-23 13:38:05 - [MESSAGE][PASSED] - Object 'Object Repository/ADMIN/Edit Text/Bespoke/Admin Navigation/span_Login' is visible

2020-03-23 13:38:05 - [TEST_STEP][PASSED] - click(findTestObject("ADMIN/Edit Text/Bespoke/Admin Navigation/span_Login"), CONTINUE_ON_FAILURE): Object: 'Object Repository/ADMIN/Edit Text/Bespoke/Admin Navigation/span_Login' is clicked on

2020-03-23 13:38:06 - [MESSAGE][PASSED] - Object: 'Object Repository/ADMIN/Edit Text/Bespoke/Admin Navigation/span_Login' is clicked on

2020-03-23 13:38:06 - [TEST_STEP][PASSED] - waitForElementVisible(findTestObject("ADMIN/Edit Text/Bespoke/Buyer Navigation/dd_language"), 0): Object 'Object Repository/ADMIN/Edit Text/Bespoke/Buyer Navigation/dd_language' is visible

2020-03-23 13:38:06 - [MESSAGE][WARNING] - Timeout '0' is invalid. Using default page load timeout: '30'

2020-03-23 13:38:07 - [MESSAGE][PASSED] - Object 'Object Repository/ADMIN/Edit Text/Bespoke/Buyer Navigation/dd_language' is visible]]></system-out>
         <system-err><![CDATA[]]></system-err>
      </testcase>
      <testcase name="Test Cases/ADMIN/Language/Edit Text/Bespoke/Admin Pages/Login" time="41.198" classname="Test Cases/ADMIN/Language/Edit Text/Bespoke/Admin Pages/Login" status="PASSED">
         <system-out><![CDATA[2020-03-23 13:38:07 - [TEST_CASE][PASSED] - Test Cases/ADMIN/Language/Edit Text/Bespoke/Admin Pages/Login: Test Cases/ADMIN/Language/Edit Text/Bespoke/Admin Pages/Login

2020-03-23 13:38:07 - [TEST_STEP][PASSED] - waitForElementVisible(findTestObject("ADMIN/Edit Text/Bespoke/Buyer Navigation/dd_language"), 0): Object 'Object Repository/ADMIN/Edit Text/Bespoke/Buyer Navigation/dd_language' is visible

2020-03-23 13:38:07 - [MESSAGE][WARNING] - Timeout '0' is invalid. Using default page load timeout: '30'

2020-03-23 13:38:08 - [MESSAGE][PASSED] - Object 'Object Repository/ADMIN/Edit Text/Bespoke/Buyer Navigation/dd_language' is visible

2020-03-23 13:38:08 - [TEST_STEP][PASSED] - selectOptionByLabel(findTestObject("ADMIN/Edit Text/Bespoke/Buyer Navigation/dd_language"), varLanguage, false): All options with label 'French' are selected in object 'Object Repository/ADMIN/Edit Text/Bespoke/Buyer Navigation/dd_language' 

2020-03-23 13:38:09 - [MESSAGE][PASSED] - All options with label 'French' are selected in object 'Object Repository/ADMIN/Edit Text/Bespoke/Buyer Navigation/dd_language' 

2020-03-23 13:38:09 - [TEST_STEP][PASSED] - sendKeys(findTestObject("ADMIN/Edit Text/Bespoke/Admin Pages/Login/input_Continue with Google_btn_next"), "*"): Keys '*' sent to object: 'Object Repository/ADMIN/Edit Text/Bespoke/Admin Pages/Login/input_Continue with Google_btn_next'

2020-03-23 13:38:09 - [MESSAGE][PASSED] - Keys '*' sent to object: 'Object Repository/ADMIN/Edit Text/Bespoke/Admin Pages/Login/input_Continue with Google_btn_next'

2020-03-23 13:38:09 - [TEST_STEP][PASSED] - sendKeys(findTestObject("ADMIN/Edit Text/Bespoke/Admin Pages/Login/input_Continue with Facebook_btn_next"), "*"): Keys '*' sent to object: 'Object Repository/ADMIN/Edit Text/Bespoke/Admin Pages/Login/input_Continue with Facebook_btn_next'

2020-03-23 13:38:10 - [MESSAGE][PASSED] - Keys '*' sent to object: 'Object Repository/ADMIN/Edit Text/Bespoke/Admin Pages/Login/input_Continue with Facebook_btn_next'

2020-03-23 13:38:10 - [TEST_STEP][PASSED] - sendKeys(findTestObject("ADMIN/Edit Text/Bespoke/Admin Pages/Login/input_Continue with Google_btn_save"), "*"): Keys '*' sent to object: 'Object Repository/ADMIN/Edit Text/Bespoke/Admin Pages/Login/input_Continue with Google_btn_save'

2020-03-23 13:38:11 - [MESSAGE][PASSED] - Keys '*' sent to object: 'Object Repository/ADMIN/Edit Text/Bespoke/Admin Pages/Login/input_Continue with Google_btn_save'

2020-03-23 13:38:11 - [TEST_STEP][PASSED] - sendKeys(findTestObject("ADMIN/Edit Text/Bespoke/Admin Pages/Login/input_Continue with Facebook_btn_save"), "*"): Keys '*' sent to object: 'Object Repository/ADMIN/Edit Text/Bespoke/Admin Pages/Login/input_Continue with Facebook_btn_save'

2020-03-23 13:38:11 - [MESSAGE][PASSED] - Keys '*' sent to object: 'Object Repository/ADMIN/Edit Text/Bespoke/Admin Pages/Login/input_Continue with Facebook_btn_save'

2020-03-23 13:38:11 - [TEST_STEP][PASSED] - sendKeys(findTestObject("ADMIN/Edit Text/Bespoke/Admin Pages/Login/input_Your EmailUsername_email_username"), "*"): Keys '*' sent to object: 'Object Repository/ADMIN/Edit Text/Bespoke/Admin Pages/Login/input_Your EmailUsername_email_username'

2020-03-23 13:38:11 - [MESSAGE][PASSED] - Keys '*' sent to object: 'Object Repository/ADMIN/Edit Text/Bespoke/Admin Pages/Login/input_Your EmailUsername_email_username'

2020-03-23 13:38:11 - [TEST_STEP][PASSED] - sendKeys(findTestObject("ADMIN/Edit Text/Bespoke/Admin Pages/Login/input_Your Password_your_password"), "*"): Keys '*' sent to object: 'Object Repository/ADMIN/Edit Text/Bespoke/Admin Pages/Login/input_Your Password_your_password'

2020-03-23 13:38:11 - [MESSAGE][PASSED] - Keys '*' sent to object: 'Object Repository/ADMIN/Edit Text/Bespoke/Admin Pages/Login/input_Your Password_your_password'

2020-03-23 13:38:11 - [TEST_STEP][PASSED] - sendKeys(findTestObject("ADMIN/Edit Text/Bespoke/Admin Pages/Login/input_Create Account_btn_next"), "*"): Keys '*' sent to object: 'Object Repository/ADMIN/Edit Text/Bespoke/Admin Pages/Login/input_Create Account_btn_next'

2020-03-23 13:38:11 - [MESSAGE][PASSED] - Keys '*' sent to object: 'Object Repository/ADMIN/Edit Text/Bespoke/Admin Pages/Login/input_Create Account_btn_next'

2020-03-23 13:38:11 - [TEST_STEP][PASSED] - sendKeys(findTestObject("ADMIN/Edit Text/Bespoke/Admin Pages/Login/input_Sign In_btn_next"), "*"): Keys '*' sent to object: 'Object Repository/ADMIN/Edit Text/Bespoke/Admin Pages/Login/input_Sign In_btn_next'

2020-03-23 13:38:11 - [MESSAGE][PASSED] - Keys '*' sent to object: 'Object Repository/ADMIN/Edit Text/Bespoke/Admin Pages/Login/input_Sign In_btn_next'

2020-03-23 13:38:11 - [TEST_STEP][PASSED] - sendKeys(findTestObject("ADMIN/Edit Text/Bespoke/Admin Pages/Login/input_Forgot Password_forgot_password"), "*"): Keys '*' sent to object: 'Object Repository/ADMIN/Edit Text/Bespoke/Admin Pages/Login/input_Forgot Password_forgot_password'

2020-03-23 13:38:11 - [MESSAGE][PASSED] - Keys '*' sent to object: 'Object Repository/ADMIN/Edit Text/Bespoke/Admin Pages/Login/input_Forgot Password_forgot_password'

2020-03-23 13:38:11 - [TEST_STEP][PASSED] - sendKeys(findTestObject("ADMIN/Edit Text/Bespoke/Admin Pages/Login/input_Reconfirm Password_reconfirm_password"), "*"): Keys '*' sent to object: 'Object Repository/ADMIN/Edit Text/Bespoke/Admin Pages/Login/input_Reconfirm Password_reconfirm_password'

2020-03-23 13:38:11 - [MESSAGE][PASSED] - Keys '*' sent to object: 'Object Repository/ADMIN/Edit Text/Bespoke/Admin Pages/Login/input_Reconfirm Password_reconfirm_password'

2020-03-23 13:38:11 - [TEST_STEP][PASSED] - sendKeys(findTestObject("ADMIN/Edit Text/Bespoke/Admin Pages/Login/input_Notification Email_notif_email"), "*"): Keys '*' sent to object: 'Object Repository/ADMIN/Edit Text/Bespoke/Admin Pages/Login/input_Notification Email_notif_email'

2020-03-23 13:38:12 - [MESSAGE][PASSED] - Keys '*' sent to object: 'Object Repository/ADMIN/Edit Text/Bespoke/Admin Pages/Login/input_Notification Email_notif_email'

2020-03-23 13:38:12 - [TEST_STEP][PASSED] - sendKeys(findTestObject("ADMIN/Edit Text/Bespoke/Admin Pages/Login/input_Already have an Account_already_have_account"), "*"): Keys '*' sent to object: 'Object Repository/ADMIN/Edit Text/Bespoke/Admin Pages/Login/input_Already have an Account_already_have_account'

2020-03-23 13:38:12 - [MESSAGE][PASSED] - Keys '*' sent to object: 'Object Repository/ADMIN/Edit Text/Bespoke/Admin Pages/Login/input_Already have an Account_already_have_account'

2020-03-23 13:38:12 - [TEST_STEP][PASSED] - sendKeys(findTestObject("ADMIN/Edit Text/Bespoke/Admin Pages/Login/input_Whats your email or username_what_email_username"), "*"): Keys '*' sent to object: 'Object Repository/ADMIN/Edit Text/Bespoke/Admin Pages/Login/input_Whats your email or username_what_email_username'

2020-03-23 13:38:12 - [MESSAGE][PASSED] - Keys '*' sent to object: 'Object Repository/ADMIN/Edit Text/Bespoke/Admin Pages/Login/input_Whats your email or username_what_email_username'

2020-03-23 13:38:12 - [TEST_STEP][PASSED] - sendKeys(findTestObject("ADMIN/Edit Text/Bespoke/Admin Pages/Login/input_Reset Password_reset_password_btn"), "*"): Keys '*' sent to object: 'Object Repository/ADMIN/Edit Text/Bespoke/Admin Pages/Login/input_Reset Password_reset_password_btn'

2020-03-23 13:38:12 - [MESSAGE][PASSED] - Keys '*' sent to object: 'Object Repository/ADMIN/Edit Text/Bespoke/Admin Pages/Login/input_Reset Password_reset_password_btn'

2020-03-23 13:38:12 - [TEST_STEP][PASSED] - sendKeys(findTestObject("ADMIN/Edit Text/Bespoke/Admin Pages/Login/input_Sorry We were unable to find an account with that email  username_unable_find_account"), "*"): Keys '*' sent to object: 'Object Repository/ADMIN/Edit Text/Bespoke/Admin Pages/Login/input_Sorry We were unable to find an account with that email  username_unable_find_account'

2020-03-23 13:38:12 - [MESSAGE][PASSED] - Keys '*' sent to object: 'Object Repository/ADMIN/Edit Text/Bespoke/Admin Pages/Login/input_Sorry We were unable to find an account with that email  username_unable_find_account'

2020-03-23 13:38:12 - [TEST_STEP][PASSED] - sendKeys(findTestObject("ADMIN/Edit Text/Bespoke/Admin Pages/Login/input_A recovery email has been sent to the email address associated with this account_recovery_email"), "*"): Keys '*' sent to object: 'Object Repository/ADMIN/Edit Text/Bespoke/Admin Pages/Login/input_A recovery email has been sent to the email address associated with this account_recovery_email'

2020-03-23 13:38:12 - [MESSAGE][PASSED] - Keys '*' sent to object: 'Object Repository/ADMIN/Edit Text/Bespoke/Admin Pages/Login/input_A recovery email has been sent to the email address associated with this account_recovery_email'

2020-03-23 13:38:12 - [TEST_STEP][PASSED] - sendKeys(findTestObject("ADMIN/Edit Text/Bespoke/Admin Pages/Login/input_Back_back"), "*"): Keys '*' sent to object: 'Object Repository/ADMIN/Edit Text/Bespoke/Admin Pages/Login/input_Back_back'

2020-03-23 13:38:13 - [MESSAGE][PASSED] - Keys '*' sent to object: 'Object Repository/ADMIN/Edit Text/Bespoke/Admin Pages/Login/input_Back_back'

2020-03-23 13:38:13 - [TEST_STEP][PASSED] - sendKeys(findTestObject("ADMIN/Edit Text/Bespoke/Admin Pages/Login/input_Your New Password_your_new_password"), "*"): Keys '*' sent to object: 'Object Repository/ADMIN/Edit Text/Bespoke/Admin Pages/Login/input_Your New Password_your_new_password'

2020-03-23 13:38:13 - [MESSAGE][PASSED] - Keys '*' sent to object: 'Object Repository/ADMIN/Edit Text/Bespoke/Admin Pages/Login/input_Your New Password_your_new_password'

2020-03-23 13:38:13 - [TEST_STEP][PASSED] - sendKeys(findTestObject("ADMIN/Edit Text/Bespoke/Admin Pages/Login/input_Reconfirm New Password_reconfirm_password"), "*"): Keys '*' sent to object: 'Object Repository/ADMIN/Edit Text/Bespoke/Admin Pages/Login/input_Reconfirm New Password_reconfirm_password'

2020-03-23 13:38:13 - [MESSAGE][PASSED] - Keys '*' sent to object: 'Object Repository/ADMIN/Edit Text/Bespoke/Admin Pages/Login/input_Reconfirm New Password_reconfirm_password'

2020-03-23 13:38:13 - [TEST_STEP][PASSED] - sendKeys(findTestObject("ADMIN/Edit Text/Bespoke/Admin Pages/Login/input_The passwords do not seem to match_password_not_match"), "*"): Keys '*' sent to object: 'Object Repository/ADMIN/Edit Text/Bespoke/Admin Pages/Login/input_The passwords do not seem to match_password_not_match'

2020-03-23 13:38:13 - [MESSAGE][PASSED] - Keys '*' sent to object: 'Object Repository/ADMIN/Edit Text/Bespoke/Admin Pages/Login/input_The passwords do not seem to match_password_not_match'

2020-03-23 13:38:13 - [TEST_STEP][PASSED] - sendKeys(findTestObject("ADMIN/Edit Text/Bespoke/Admin Pages/Login/input_Change Password_your_new_password"), "*"): Keys '*' sent to object: 'Object Repository/ADMIN/Edit Text/Bespoke/Admin Pages/Login/input_Change Password_your_new_password'

2020-03-23 13:38:13 - [MESSAGE][PASSED] - Keys '*' sent to object: 'Object Repository/ADMIN/Edit Text/Bespoke/Admin Pages/Login/input_Change Password_your_new_password'

2020-03-23 13:38:13 - [TEST_STEP][PASSED] - sendKeys(findTestObject("ADMIN/Edit Text/Bespoke/Admin Pages/Login/input_Old Password_reconfirm_password"), "*"): Keys '*' sent to object: 'Object Repository/ADMIN/Edit Text/Bespoke/Admin Pages/Login/input_Old Password_reconfirm_password'

2020-03-23 13:38:13 - [MESSAGE][PASSED] - Keys '*' sent to object: 'Object Repository/ADMIN/Edit Text/Bespoke/Admin Pages/Login/input_Old Password_reconfirm_password'

2020-03-23 13:38:13 - [TEST_STEP][PASSED] - sendKeys(findTestObject("ADMIN/Edit Text/Bespoke/Admin Pages/Login/input_New password_password_not_match"), "*"): Keys '*' sent to object: 'Object Repository/ADMIN/Edit Text/Bespoke/Admin Pages/Login/input_New password_password_not_match'

2020-03-23 13:38:13 - [MESSAGE][PASSED] - Keys '*' sent to object: 'Object Repository/ADMIN/Edit Text/Bespoke/Admin Pages/Login/input_New password_password_not_match'

2020-03-23 13:38:13 - [TEST_STEP][PASSED] - sendKeys(findTestObject("ADMIN/Edit Text/Bespoke/Admin Pages/Login/input_Confirm new password_password_not_match"), "*"): Keys '*' sent to object: 'Object Repository/ADMIN/Edit Text/Bespoke/Admin Pages/Login/input_Confirm new password_password_not_match'

2020-03-23 13:38:14 - [MESSAGE][PASSED] - Keys '*' sent to object: 'Object Repository/ADMIN/Edit Text/Bespoke/Admin Pages/Login/input_Confirm new password_password_not_match'

2020-03-23 13:38:14 - [TEST_STEP][PASSED] - sendKeys(findTestObject("ADMIN/Edit Text/Bespoke/Admin Pages/Login/input_The passwords do not seem to match_password_not_match"), "*"): Keys '*' sent to object: 'Object Repository/ADMIN/Edit Text/Bespoke/Admin Pages/Login/input_The passwords do not seem to match_password_not_match'

2020-03-23 13:38:14 - [MESSAGE][PASSED] - Keys '*' sent to object: 'Object Repository/ADMIN/Edit Text/Bespoke/Admin Pages/Login/input_The passwords do not seem to match_password_not_match'

2020-03-23 13:38:14 - [TEST_STEP][PASSED] - sendKeys(findTestObject("ADMIN/Edit Text/Bespoke/Admin Pages/Login/input_Save_save_password_btn"), "*"): Keys '*' sent to object: 'Object Repository/ADMIN/Edit Text/Bespoke/Admin Pages/Login/input_Save_save_password_btn'

2020-03-23 13:38:14 - [MESSAGE][PASSED] - Keys '*' sent to object: 'Object Repository/ADMIN/Edit Text/Bespoke/Admin Pages/Login/input_Save_save_password_btn'

2020-03-23 13:38:14 - [TEST_STEP][PASSED] - click(findTestObject("ADMIN/Edit Text/Bespoke/Buyer Pages/Homepage/button_save"), CONTINUE_ON_FAILURE): Object: 'Object Repository/ADMIN/Edit Text/Bespoke/Buyer Pages/Homepage/button_save' is clicked on

2020-03-23 13:38:14 - [MESSAGE][PASSED] - Object: 'Object Repository/ADMIN/Edit Text/Bespoke/Buyer Pages/Homepage/button_save' is clicked on

2020-03-23 13:38:14 - [TEST_STEP][PASSED] - waitForElementVisible(findTestObject("ADMIN/Edit Text/Bespoke/Buyer Pages/Homepage/toaster_success About"), 0): Web element with id: 'Object Repository/ADMIN/Edit Text/Bespoke/Buyer Pages/Homepage/toaster_success About' located by 'By.xpath: //div[@class = 'toast-message' and (text() = 'Content page translations (about us, policies, etc) were successfully saved.' or . = 'Content page translations (about us, policies, etc) were successfully saved.')]' not found

2020-03-23 13:38:14 - [MESSAGE][WARNING] - Timeout '0' is invalid. Using default page load timeout: '30'

2020-03-23 13:38:48 - [MESSAGE][INFO] - Unable to find the element located by 'By.xpath: //div[@class = 'toast-message' and (text() = 'Content page translations (about us, policies, etc) were successfully saved.' or . = 'Content page translations (about us, policies, etc) were successfully saved.')]'. Please recheck the objects properties to make sure the desired element is located. 

2020-03-23 13:38:48 - [MESSAGE][WARNING] - Web element with id: 'Object Repository/ADMIN/Edit Text/Bespoke/Buyer Pages/Homepage/toaster_success About' located by 'By.xpath: //div[@class = 'toast-message' and (text() = 'Content page translations (about us, policies, etc) were successfully saved.' or . = 'Content page translations (about us, policies, etc) were successfully saved.')]' not found]]></system-out>
         <system-err><![CDATA[]]></system-err>
      </testcase>
      <testcase name="Test Cases/ADMIN/Language/Edit Text/Bespoke/Admin Pages/Login" time="41.014" classname="Test Cases/ADMIN/Language/Edit Text/Bespoke/Admin Pages/Login" status="PASSED">
         <system-out><![CDATA[2020-03-23 13:38:48 - [TEST_CASE][PASSED] - Test Cases/ADMIN/Language/Edit Text/Bespoke/Admin Pages/Login: Test Cases/ADMIN/Language/Edit Text/Bespoke/Admin Pages/Login

2020-03-23 13:38:48 - [TEST_STEP][PASSED] - waitForElementVisible(findTestObject("ADMIN/Edit Text/Bespoke/Buyer Navigation/dd_language"), 0): Object 'Object Repository/ADMIN/Edit Text/Bespoke/Buyer Navigation/dd_language' is visible

2020-03-23 13:38:48 - [MESSAGE][WARNING] - Timeout '0' is invalid. Using default page load timeout: '30'

2020-03-23 13:38:49 - [MESSAGE][PASSED] - Object 'Object Repository/ADMIN/Edit Text/Bespoke/Buyer Navigation/dd_language' is visible

2020-03-23 13:38:49 - [TEST_STEP][PASSED] - selectOptionByLabel(findTestObject("ADMIN/Edit Text/Bespoke/Buyer Navigation/dd_language"), varLanguage, false): All options with label 'Spanish' are selected in object 'Object Repository/ADMIN/Edit Text/Bespoke/Buyer Navigation/dd_language' 

2020-03-23 13:38:51 - [MESSAGE][PASSED] - All options with label 'Spanish' are selected in object 'Object Repository/ADMIN/Edit Text/Bespoke/Buyer Navigation/dd_language' 

2020-03-23 13:38:51 - [TEST_STEP][PASSED] - sendKeys(findTestObject("ADMIN/Edit Text/Bespoke/Admin Pages/Login/input_Continue with Google_btn_next"), "*"): Keys '*' sent to object: 'Object Repository/ADMIN/Edit Text/Bespoke/Admin Pages/Login/input_Continue with Google_btn_next'

2020-03-23 13:38:51 - [MESSAGE][PASSED] - Keys '*' sent to object: 'Object Repository/ADMIN/Edit Text/Bespoke/Admin Pages/Login/input_Continue with Google_btn_next'

2020-03-23 13:38:51 - [TEST_STEP][PASSED] - sendKeys(findTestObject("ADMIN/Edit Text/Bespoke/Admin Pages/Login/input_Continue with Facebook_btn_next"), "*"): Keys '*' sent to object: 'Object Repository/ADMIN/Edit Text/Bespoke/Admin Pages/Login/input_Continue with Facebook_btn_next'

2020-03-23 13:38:51 - [MESSAGE][PASSED] - Keys '*' sent to object: 'Object Repository/ADMIN/Edit Text/Bespoke/Admin Pages/Login/input_Continue with Facebook_btn_next'

2020-03-23 13:38:51 - [TEST_STEP][PASSED] - sendKeys(findTestObject("ADMIN/Edit Text/Bespoke/Admin Pages/Login/input_Continue with Google_btn_save"), "*"): Keys '*' sent to object: 'Object Repository/ADMIN/Edit Text/Bespoke/Admin Pages/Login/input_Continue with Google_btn_save'

2020-03-23 13:38:51 - [MESSAGE][PASSED] - Keys '*' sent to object: 'Object Repository/ADMIN/Edit Text/Bespoke/Admin Pages/Login/input_Continue with Google_btn_save'

2020-03-23 13:38:51 - [TEST_STEP][PASSED] - sendKeys(findTestObject("ADMIN/Edit Text/Bespoke/Admin Pages/Login/input_Continue with Facebook_btn_save"), "*"): Keys '*' sent to object: 'Object Repository/ADMIN/Edit Text/Bespoke/Admin Pages/Login/input_Continue with Facebook_btn_save'

2020-03-23 13:38:52 - [MESSAGE][PASSED] - Keys '*' sent to object: 'Object Repository/ADMIN/Edit Text/Bespoke/Admin Pages/Login/input_Continue with Facebook_btn_save'

2020-03-23 13:38:52 - [TEST_STEP][PASSED] - sendKeys(findTestObject("ADMIN/Edit Text/Bespoke/Admin Pages/Login/input_Your EmailUsername_email_username"), "*"): Keys '*' sent to object: 'Object Repository/ADMIN/Edit Text/Bespoke/Admin Pages/Login/input_Your EmailUsername_email_username'

2020-03-23 13:38:52 - [MESSAGE][PASSED] - Keys '*' sent to object: 'Object Repository/ADMIN/Edit Text/Bespoke/Admin Pages/Login/input_Your EmailUsername_email_username'

2020-03-23 13:38:52 - [TEST_STEP][PASSED] - sendKeys(findTestObject("ADMIN/Edit Text/Bespoke/Admin Pages/Login/input_Your Password_your_password"), "*"): Keys '*' sent to object: 'Object Repository/ADMIN/Edit Text/Bespoke/Admin Pages/Login/input_Your Password_your_password'

2020-03-23 13:38:52 - [MESSAGE][PASSED] - Keys '*' sent to object: 'Object Repository/ADMIN/Edit Text/Bespoke/Admin Pages/Login/input_Your Password_your_password'

2020-03-23 13:38:52 - [TEST_STEP][PASSED] - sendKeys(findTestObject("ADMIN/Edit Text/Bespoke/Admin Pages/Login/input_Create Account_btn_next"), "*"): Keys '*' sent to object: 'Object Repository/ADMIN/Edit Text/Bespoke/Admin Pages/Login/input_Create Account_btn_next'

2020-03-23 13:38:52 - [MESSAGE][PASSED] - Keys '*' sent to object: 'Object Repository/ADMIN/Edit Text/Bespoke/Admin Pages/Login/input_Create Account_btn_next'

2020-03-23 13:38:52 - [TEST_STEP][PASSED] - sendKeys(findTestObject("ADMIN/Edit Text/Bespoke/Admin Pages/Login/input_Sign In_btn_next"), "*"): Keys '*' sent to object: 'Object Repository/ADMIN/Edit Text/Bespoke/Admin Pages/Login/input_Sign In_btn_next'

2020-03-23 13:38:52 - [MESSAGE][PASSED] - Keys '*' sent to object: 'Object Repository/ADMIN/Edit Text/Bespoke/Admin Pages/Login/input_Sign In_btn_next'

2020-03-23 13:38:52 - [TEST_STEP][PASSED] - sendKeys(findTestObject("ADMIN/Edit Text/Bespoke/Admin Pages/Login/input_Forgot Password_forgot_password"), "*"): Keys '*' sent to object: 'Object Repository/ADMIN/Edit Text/Bespoke/Admin Pages/Login/input_Forgot Password_forgot_password'

2020-03-23 13:38:52 - [MESSAGE][PASSED] - Keys '*' sent to object: 'Object Repository/ADMIN/Edit Text/Bespoke/Admin Pages/Login/input_Forgot Password_forgot_password'

2020-03-23 13:38:52 - [TEST_STEP][PASSED] - sendKeys(findTestObject("ADMIN/Edit Text/Bespoke/Admin Pages/Login/input_Reconfirm Password_reconfirm_password"), "*"): Keys '*' sent to object: 'Object Repository/ADMIN/Edit Text/Bespoke/Admin Pages/Login/input_Reconfirm Password_reconfirm_password'

2020-03-23 13:38:53 - [MESSAGE][PASSED] - Keys '*' sent to object: 'Object Repository/ADMIN/Edit Text/Bespoke/Admin Pages/Login/input_Reconfirm Password_reconfirm_password'

2020-03-23 13:38:53 - [TEST_STEP][PASSED] - sendKeys(findTestObject("ADMIN/Edit Text/Bespoke/Admin Pages/Login/input_Notification Email_notif_email"), "*"): Keys '*' sent to object: 'Object Repository/ADMIN/Edit Text/Bespoke/Admin Pages/Login/input_Notification Email_notif_email'

2020-03-23 13:38:53 - [MESSAGE][PASSED] - Keys '*' sent to object: 'Object Repository/ADMIN/Edit Text/Bespoke/Admin Pages/Login/input_Notification Email_notif_email'

2020-03-23 13:38:53 - [TEST_STEP][PASSED] - sendKeys(findTestObject("ADMIN/Edit Text/Bespoke/Admin Pages/Login/input_Already have an Account_already_have_account"), "*"): Keys '*' sent to object: 'Object Repository/ADMIN/Edit Text/Bespoke/Admin Pages/Login/input_Already have an Account_already_have_account'

2020-03-23 13:38:53 - [MESSAGE][PASSED] - Keys '*' sent to object: 'Object Repository/ADMIN/Edit Text/Bespoke/Admin Pages/Login/input_Already have an Account_already_have_account'

2020-03-23 13:38:53 - [TEST_STEP][PASSED] - sendKeys(findTestObject("ADMIN/Edit Text/Bespoke/Admin Pages/Login/input_Whats your email or username_what_email_username"), "*"): Keys '*' sent to object: 'Object Repository/ADMIN/Edit Text/Bespoke/Admin Pages/Login/input_Whats your email or username_what_email_username'

2020-03-23 13:38:53 - [MESSAGE][PASSED] - Keys '*' sent to object: 'Object Repository/ADMIN/Edit Text/Bespoke/Admin Pages/Login/input_Whats your email or username_what_email_username'

2020-03-23 13:38:53 - [TEST_STEP][PASSED] - sendKeys(findTestObject("ADMIN/Edit Text/Bespoke/Admin Pages/Login/input_Reset Password_reset_password_btn"), "*"): Keys '*' sent to object: 'Object Repository/ADMIN/Edit Text/Bespoke/Admin Pages/Login/input_Reset Password_reset_password_btn'

2020-03-23 13:38:53 - [MESSAGE][PASSED] - Keys '*' sent to object: 'Object Repository/ADMIN/Edit Text/Bespoke/Admin Pages/Login/input_Reset Password_reset_password_btn'

2020-03-23 13:38:53 - [TEST_STEP][PASSED] - sendKeys(findTestObject("ADMIN/Edit Text/Bespoke/Admin Pages/Login/input_Sorry We were unable to find an account with that email  username_unable_find_account"), "*"): Keys '*' sent to object: 'Object Repository/ADMIN/Edit Text/Bespoke/Admin Pages/Login/input_Sorry We were unable to find an account with that email  username_unable_find_account'

2020-03-23 13:38:53 - [MESSAGE][PASSED] - Keys '*' sent to object: 'Object Repository/ADMIN/Edit Text/Bespoke/Admin Pages/Login/input_Sorry We were unable to find an account with that email  username_unable_find_account'

2020-03-23 13:38:53 - [TEST_STEP][PASSED] - sendKeys(findTestObject("ADMIN/Edit Text/Bespoke/Admin Pages/Login/input_A recovery email has been sent to the email address associated with this account_recovery_email"), "*"): Keys '*' sent to object: 'Object Repository/ADMIN/Edit Text/Bespoke/Admin Pages/Login/input_A recovery email has been sent to the email address associated with this account_recovery_email'

2020-03-23 13:38:53 - [MESSAGE][PASSED] - Keys '*' sent to object: 'Object Repository/ADMIN/Edit Text/Bespoke/Admin Pages/Login/input_A recovery email has been sent to the email address associated with this account_recovery_email'

2020-03-23 13:38:53 - [TEST_STEP][PASSED] - sendKeys(findTestObject("ADMIN/Edit Text/Bespoke/Admin Pages/Login/input_Back_back"), "*"): Keys '*' sent to object: 'Object Repository/ADMIN/Edit Text/Bespoke/Admin Pages/Login/input_Back_back'

2020-03-23 13:38:54 - [MESSAGE][PASSED] - Keys '*' sent to object: 'Object Repository/ADMIN/Edit Text/Bespoke/Admin Pages/Login/input_Back_back'

2020-03-23 13:38:54 - [TEST_STEP][PASSED] - sendKeys(findTestObject("ADMIN/Edit Text/Bespoke/Admin Pages/Login/input_Your New Password_your_new_password"), "*"): Keys '*' sent to object: 'Object Repository/ADMIN/Edit Text/Bespoke/Admin Pages/Login/input_Your New Password_your_new_password'

2020-03-23 13:38:54 - [MESSAGE][PASSED] - Keys '*' sent to object: 'Object Repository/ADMIN/Edit Text/Bespoke/Admin Pages/Login/input_Your New Password_your_new_password'

2020-03-23 13:38:54 - [TEST_STEP][PASSED] - sendKeys(findTestObject("ADMIN/Edit Text/Bespoke/Admin Pages/Login/input_Reconfirm New Password_reconfirm_password"), "*"): Keys '*' sent to object: 'Object Repository/ADMIN/Edit Text/Bespoke/Admin Pages/Login/input_Reconfirm New Password_reconfirm_password'

2020-03-23 13:38:54 - [MESSAGE][PASSED] - Keys '*' sent to object: 'Object Repository/ADMIN/Edit Text/Bespoke/Admin Pages/Login/input_Reconfirm New Password_reconfirm_password'

2020-03-23 13:38:54 - [TEST_STEP][PASSED] - sendKeys(findTestObject("ADMIN/Edit Text/Bespoke/Admin Pages/Login/input_The passwords do not seem to match_password_not_match"), "*"): Keys '*' sent to object: 'Object Repository/ADMIN/Edit Text/Bespoke/Admin Pages/Login/input_The passwords do not seem to match_password_not_match'

2020-03-23 13:38:54 - [MESSAGE][PASSED] - Keys '*' sent to object: 'Object Repository/ADMIN/Edit Text/Bespoke/Admin Pages/Login/input_The passwords do not seem to match_password_not_match'

2020-03-23 13:38:54 - [TEST_STEP][PASSED] - sendKeys(findTestObject("ADMIN/Edit Text/Bespoke/Admin Pages/Login/input_Change Password_your_new_password"), "*"): Keys '*' sent to object: 'Object Repository/ADMIN/Edit Text/Bespoke/Admin Pages/Login/input_Change Password_your_new_password'

2020-03-23 13:38:54 - [MESSAGE][PASSED] - Keys '*' sent to object: 'Object Repository/ADMIN/Edit Text/Bespoke/Admin Pages/Login/input_Change Password_your_new_password'

2020-03-23 13:38:54 - [TEST_STEP][PASSED] - sendKeys(findTestObject("ADMIN/Edit Text/Bespoke/Admin Pages/Login/input_Old Password_reconfirm_password"), "*"): Keys '*' sent to object: 'Object Repository/ADMIN/Edit Text/Bespoke/Admin Pages/Login/input_Old Password_reconfirm_password'

2020-03-23 13:38:54 - [MESSAGE][PASSED] - Keys '*' sent to object: 'Object Repository/ADMIN/Edit Text/Bespoke/Admin Pages/Login/input_Old Password_reconfirm_password'

2020-03-23 13:38:54 - [TEST_STEP][PASSED] - sendKeys(findTestObject("ADMIN/Edit Text/Bespoke/Admin Pages/Login/input_New password_password_not_match"), "*"): Keys '*' sent to object: 'Object Repository/ADMIN/Edit Text/Bespoke/Admin Pages/Login/input_New password_password_not_match'

2020-03-23 13:38:55 - [MESSAGE][PASSED] - Keys '*' sent to object: 'Object Repository/ADMIN/Edit Text/Bespoke/Admin Pages/Login/input_New password_password_not_match'

2020-03-23 13:38:55 - [TEST_STEP][PASSED] - sendKeys(findTestObject("ADMIN/Edit Text/Bespoke/Admin Pages/Login/input_Confirm new password_password_not_match"), "*"): Keys '*' sent to object: 'Object Repository/ADMIN/Edit Text/Bespoke/Admin Pages/Login/input_Confirm new password_password_not_match'

2020-03-23 13:38:55 - [MESSAGE][PASSED] - Keys '*' sent to object: 'Object Repository/ADMIN/Edit Text/Bespoke/Admin Pages/Login/input_Confirm new password_password_not_match'

2020-03-23 13:38:55 - [TEST_STEP][PASSED] - sendKeys(findTestObject("ADMIN/Edit Text/Bespoke/Admin Pages/Login/input_The passwords do not seem to match_password_not_match"), "*"): Keys '*' sent to object: 'Object Repository/ADMIN/Edit Text/Bespoke/Admin Pages/Login/input_The passwords do not seem to match_password_not_match'

2020-03-23 13:38:55 - [MESSAGE][PASSED] - Keys '*' sent to object: 'Object Repository/ADMIN/Edit Text/Bespoke/Admin Pages/Login/input_The passwords do not seem to match_password_not_match'

2020-03-23 13:38:55 - [TEST_STEP][PASSED] - sendKeys(findTestObject("ADMIN/Edit Text/Bespoke/Admin Pages/Login/input_Save_save_password_btn"), "*"): Keys '*' sent to object: 'Object Repository/ADMIN/Edit Text/Bespoke/Admin Pages/Login/input_Save_save_password_btn'

2020-03-23 13:38:55 - [MESSAGE][PASSED] - Keys '*' sent to object: 'Object Repository/ADMIN/Edit Text/Bespoke/Admin Pages/Login/input_Save_save_password_btn'

2020-03-23 13:38:55 - [TEST_STEP][PASSED] - click(findTestObject("ADMIN/Edit Text/Bespoke/Buyer Pages/Homepage/button_save"), CONTINUE_ON_FAILURE): Object: 'Object Repository/ADMIN/Edit Text/Bespoke/Buyer Pages/Homepage/button_save' is clicked on

2020-03-23 13:38:55 - [MESSAGE][PASSED] - Object: 'Object Repository/ADMIN/Edit Text/Bespoke/Buyer Pages/Homepage/button_save' is clicked on

2020-03-23 13:38:55 - [TEST_STEP][PASSED] - waitForElementVisible(findTestObject("ADMIN/Edit Text/Bespoke/Buyer Pages/Homepage/toaster_success About"), 0): Web element with id: 'Object Repository/ADMIN/Edit Text/Bespoke/Buyer Pages/Homepage/toaster_success About' located by 'By.xpath: //div[@class = 'toast-message' and (text() = 'Content page translations (about us, policies, etc) were successfully saved.' or . = 'Content page translations (about us, policies, etc) were successfully saved.')]' not found

2020-03-23 13:38:55 - [MESSAGE][WARNING] - Timeout '0' is invalid. Using default page load timeout: '30'

2020-03-23 13:39:29 - [MESSAGE][INFO] - Unable to find the element located by 'By.xpath: //div[@class = 'toast-message' and (text() = 'Content page translations (about us, policies, etc) were successfully saved.' or . = 'Content page translations (about us, policies, etc) were successfully saved.')]'. Please recheck the objects properties to make sure the desired element is located. 

2020-03-23 13:39:29 - [MESSAGE][WARNING] - Web element with id: 'Object Repository/ADMIN/Edit Text/Bespoke/Buyer Pages/Homepage/toaster_success About' located by 'By.xpath: //div[@class = 'toast-message' and (text() = 'Content page translations (about us, policies, etc) were successfully saved.' or . = 'Content page translations (about us, policies, etc) were successfully saved.')]' not found]]></system-out>
         <system-err><![CDATA[]]></system-err>
      </testcase>
      <testcase name="Test Cases/ADMIN/Language/Edit Text/Bespoke/Admin Pages/Login" time="40.61" classname="Test Cases/ADMIN/Language/Edit Text/Bespoke/Admin Pages/Login" status="PASSED">
         <system-out><![CDATA[2020-03-23 13:39:29 - [TEST_CASE][PASSED] - Test Cases/ADMIN/Language/Edit Text/Bespoke/Admin Pages/Login: Test Cases/ADMIN/Language/Edit Text/Bespoke/Admin Pages/Login

2020-03-23 13:39:29 - [TEST_STEP][PASSED] - waitForElementVisible(findTestObject("ADMIN/Edit Text/Bespoke/Buyer Navigation/dd_language"), 0): Object 'Object Repository/ADMIN/Edit Text/Bespoke/Buyer Navigation/dd_language' is visible

2020-03-23 13:39:29 - [MESSAGE][WARNING] - Timeout '0' is invalid. Using default page load timeout: '30'

2020-03-23 13:39:29 - [MESSAGE][PASSED] - Object 'Object Repository/ADMIN/Edit Text/Bespoke/Buyer Navigation/dd_language' is visible

2020-03-23 13:39:29 - [TEST_STEP][PASSED] - selectOptionByLabel(findTestObject("ADMIN/Edit Text/Bespoke/Buyer Navigation/dd_language"), varLanguage, false): All options with label 'Hindi' are selected in object 'Object Repository/ADMIN/Edit Text/Bespoke/Buyer Navigation/dd_language' 

2020-03-23 13:39:31 - [MESSAGE][PASSED] - All options with label 'Hindi' are selected in object 'Object Repository/ADMIN/Edit Text/Bespoke/Buyer Navigation/dd_language' 

2020-03-23 13:39:31 - [TEST_STEP][PASSED] - sendKeys(findTestObject("ADMIN/Edit Text/Bespoke/Admin Pages/Login/input_Continue with Google_btn_next"), "*"): Keys '*' sent to object: 'Object Repository/ADMIN/Edit Text/Bespoke/Admin Pages/Login/input_Continue with Google_btn_next'

2020-03-23 13:39:31 - [MESSAGE][PASSED] - Keys '*' sent to object: 'Object Repository/ADMIN/Edit Text/Bespoke/Admin Pages/Login/input_Continue with Google_btn_next'

2020-03-23 13:39:31 - [TEST_STEP][PASSED] - sendKeys(findTestObject("ADMIN/Edit Text/Bespoke/Admin Pages/Login/input_Continue with Facebook_btn_next"), "*"): Keys '*' sent to object: 'Object Repository/ADMIN/Edit Text/Bespoke/Admin Pages/Login/input_Continue with Facebook_btn_next'

2020-03-23 13:39:31 - [MESSAGE][PASSED] - Keys '*' sent to object: 'Object Repository/ADMIN/Edit Text/Bespoke/Admin Pages/Login/input_Continue with Facebook_btn_next'

2020-03-23 13:39:31 - [TEST_STEP][PASSED] - sendKeys(findTestObject("ADMIN/Edit Text/Bespoke/Admin Pages/Login/input_Continue with Google_btn_save"), "*"): Keys '*' sent to object: 'Object Repository/ADMIN/Edit Text/Bespoke/Admin Pages/Login/input_Continue with Google_btn_save'

2020-03-23 13:39:32 - [MESSAGE][PASSED] - Keys '*' sent to object: 'Object Repository/ADMIN/Edit Text/Bespoke/Admin Pages/Login/input_Continue with Google_btn_save'

2020-03-23 13:39:32 - [TEST_STEP][PASSED] - sendKeys(findTestObject("ADMIN/Edit Text/Bespoke/Admin Pages/Login/input_Continue with Facebook_btn_save"), "*"): Keys '*' sent to object: 'Object Repository/ADMIN/Edit Text/Bespoke/Admin Pages/Login/input_Continue with Facebook_btn_save'

2020-03-23 13:39:33 - [MESSAGE][PASSED] - Keys '*' sent to object: 'Object Repository/ADMIN/Edit Text/Bespoke/Admin Pages/Login/input_Continue with Facebook_btn_save'

2020-03-23 13:39:33 - [TEST_STEP][PASSED] - sendKeys(findTestObject("ADMIN/Edit Text/Bespoke/Admin Pages/Login/input_Your EmailUsername_email_username"), "*"): Keys '*' sent to object: 'Object Repository/ADMIN/Edit Text/Bespoke/Admin Pages/Login/input_Your EmailUsername_email_username'

2020-03-23 13:39:33 - [MESSAGE][PASSED] - Keys '*' sent to object: 'Object Repository/ADMIN/Edit Text/Bespoke/Admin Pages/Login/input_Your EmailUsername_email_username'

2020-03-23 13:39:33 - [TEST_STEP][PASSED] - sendKeys(findTestObject("ADMIN/Edit Text/Bespoke/Admin Pages/Login/input_Your Password_your_password"), "*"): Keys '*' sent to object: 'Object Repository/ADMIN/Edit Text/Bespoke/Admin Pages/Login/input_Your Password_your_password'

2020-03-23 13:39:33 - [MESSAGE][PASSED] - Keys '*' sent to object: 'Object Repository/ADMIN/Edit Text/Bespoke/Admin Pages/Login/input_Your Password_your_password'

2020-03-23 13:39:33 - [TEST_STEP][PASSED] - sendKeys(findTestObject("ADMIN/Edit Text/Bespoke/Admin Pages/Login/input_Create Account_btn_next"), "*"): Keys '*' sent to object: 'Object Repository/ADMIN/Edit Text/Bespoke/Admin Pages/Login/input_Create Account_btn_next'

2020-03-23 13:39:33 - [MESSAGE][PASSED] - Keys '*' sent to object: 'Object Repository/ADMIN/Edit Text/Bespoke/Admin Pages/Login/input_Create Account_btn_next'

2020-03-23 13:39:33 - [TEST_STEP][PASSED] - sendKeys(findTestObject("ADMIN/Edit Text/Bespoke/Admin Pages/Login/input_Sign In_btn_next"), "*"): Keys '*' sent to object: 'Object Repository/ADMIN/Edit Text/Bespoke/Admin Pages/Login/input_Sign In_btn_next'

2020-03-23 13:39:33 - [MESSAGE][PASSED] - Keys '*' sent to object: 'Object Repository/ADMIN/Edit Text/Bespoke/Admin Pages/Login/input_Sign In_btn_next'

2020-03-23 13:39:33 - [TEST_STEP][PASSED] - sendKeys(findTestObject("ADMIN/Edit Text/Bespoke/Admin Pages/Login/input_Forgot Password_forgot_password"), "*"): Keys '*' sent to object: 'Object Repository/ADMIN/Edit Text/Bespoke/Admin Pages/Login/input_Forgot Password_forgot_password'

2020-03-23 13:39:33 - [MESSAGE][PASSED] - Keys '*' sent to object: 'Object Repository/ADMIN/Edit Text/Bespoke/Admin Pages/Login/input_Forgot Password_forgot_password'

2020-03-23 13:39:33 - [TEST_STEP][PASSED] - sendKeys(findTestObject("ADMIN/Edit Text/Bespoke/Admin Pages/Login/input_Reconfirm Password_reconfirm_password"), "*"): Keys '*' sent to object: 'Object Repository/ADMIN/Edit Text/Bespoke/Admin Pages/Login/input_Reconfirm Password_reconfirm_password'

2020-03-23 13:39:34 - [MESSAGE][PASSED] - Keys '*' sent to object: 'Object Repository/ADMIN/Edit Text/Bespoke/Admin Pages/Login/input_Reconfirm Password_reconfirm_password'

2020-03-23 13:39:34 - [TEST_STEP][PASSED] - sendKeys(findTestObject("ADMIN/Edit Text/Bespoke/Admin Pages/Login/input_Notification Email_notif_email"), "*"): Keys '*' sent to object: 'Object Repository/ADMIN/Edit Text/Bespoke/Admin Pages/Login/input_Notification Email_notif_email'

2020-03-23 13:39:34 - [MESSAGE][PASSED] - Keys '*' sent to object: 'Object Repository/ADMIN/Edit Text/Bespoke/Admin Pages/Login/input_Notification Email_notif_email'

2020-03-23 13:39:34 - [TEST_STEP][PASSED] - sendKeys(findTestObject("ADMIN/Edit Text/Bespoke/Admin Pages/Login/input_Already have an Account_already_have_account"), "*"): Keys '*' sent to object: 'Object Repository/ADMIN/Edit Text/Bespoke/Admin Pages/Login/input_Already have an Account_already_have_account'

2020-03-23 13:39:34 - [MESSAGE][PASSED] - Keys '*' sent to object: 'Object Repository/ADMIN/Edit Text/Bespoke/Admin Pages/Login/input_Already have an Account_already_have_account'

2020-03-23 13:39:34 - [TEST_STEP][PASSED] - sendKeys(findTestObject("ADMIN/Edit Text/Bespoke/Admin Pages/Login/input_Whats your email or username_what_email_username"), "*"): Keys '*' sent to object: 'Object Repository/ADMIN/Edit Text/Bespoke/Admin Pages/Login/input_Whats your email or username_what_email_username'

2020-03-23 13:39:34 - [MESSAGE][PASSED] - Keys '*' sent to object: 'Object Repository/ADMIN/Edit Text/Bespoke/Admin Pages/Login/input_Whats your email or username_what_email_username'

2020-03-23 13:39:34 - [TEST_STEP][PASSED] - sendKeys(findTestObject("ADMIN/Edit Text/Bespoke/Admin Pages/Login/input_Reset Password_reset_password_btn"), "*"): Keys '*' sent to object: 'Object Repository/ADMIN/Edit Text/Bespoke/Admin Pages/Login/input_Reset Password_reset_password_btn'

2020-03-23 13:39:34 - [MESSAGE][PASSED] - Keys '*' sent to object: 'Object Repository/ADMIN/Edit Text/Bespoke/Admin Pages/Login/input_Reset Password_reset_password_btn'

2020-03-23 13:39:34 - [TEST_STEP][PASSED] - sendKeys(findTestObject("ADMIN/Edit Text/Bespoke/Admin Pages/Login/input_Sorry We were unable to find an account with that email  username_unable_find_account"), "*"): Keys '*' sent to object: 'Object Repository/ADMIN/Edit Text/Bespoke/Admin Pages/Login/input_Sorry We were unable to find an account with that email  username_unable_find_account'

2020-03-23 13:39:34 - [MESSAGE][PASSED] - Keys '*' sent to object: 'Object Repository/ADMIN/Edit Text/Bespoke/Admin Pages/Login/input_Sorry We were unable to find an account with that email  username_unable_find_account'

2020-03-23 13:39:34 - [TEST_STEP][PASSED] - sendKeys(findTestObject("ADMIN/Edit Text/Bespoke/Admin Pages/Login/input_A recovery email has been sent to the email address associated with this account_recovery_email"), "*"): Keys '*' sent to object: 'Object Repository/ADMIN/Edit Text/Bespoke/Admin Pages/Login/input_A recovery email has been sent to the email address associated with this account_recovery_email'

2020-03-23 13:39:34 - [MESSAGE][PASSED] - Keys '*' sent to object: 'Object Repository/ADMIN/Edit Text/Bespoke/Admin Pages/Login/input_A recovery email has been sent to the email address associated with this account_recovery_email'

2020-03-23 13:39:34 - [TEST_STEP][PASSED] - sendKeys(findTestObject("ADMIN/Edit Text/Bespoke/Admin Pages/Login/input_Back_back"), "*"): Keys '*' sent to object: 'Object Repository/ADMIN/Edit Text/Bespoke/Admin Pages/Login/input_Back_back'

2020-03-23 13:39:35 - [MESSAGE][PASSED] - Keys '*' sent to object: 'Object Repository/ADMIN/Edit Text/Bespoke/Admin Pages/Login/input_Back_back'

2020-03-23 13:39:35 - [TEST_STEP][PASSED] - sendKeys(findTestObject("ADMIN/Edit Text/Bespoke/Admin Pages/Login/input_Your New Password_your_new_password"), "*"): Keys '*' sent to object: 'Object Repository/ADMIN/Edit Text/Bespoke/Admin Pages/Login/input_Your New Password_your_new_password'

2020-03-23 13:39:35 - [MESSAGE][PASSED] - Keys '*' sent to object: 'Object Repository/ADMIN/Edit Text/Bespoke/Admin Pages/Login/input_Your New Password_your_new_password'

2020-03-23 13:39:35 - [TEST_STEP][PASSED] - sendKeys(findTestObject("ADMIN/Edit Text/Bespoke/Admin Pages/Login/input_Reconfirm New Password_reconfirm_password"), "*"): Keys '*' sent to object: 'Object Repository/ADMIN/Edit Text/Bespoke/Admin Pages/Login/input_Reconfirm New Password_reconfirm_password'

2020-03-23 13:39:35 - [MESSAGE][PASSED] - Keys '*' sent to object: 'Object Repository/ADMIN/Edit Text/Bespoke/Admin Pages/Login/input_Reconfirm New Password_reconfirm_password'

2020-03-23 13:39:35 - [TEST_STEP][PASSED] - sendKeys(findTestObject("ADMIN/Edit Text/Bespoke/Admin Pages/Login/input_The passwords do not seem to match_password_not_match"), "*"): Keys '*' sent to object: 'Object Repository/ADMIN/Edit Text/Bespoke/Admin Pages/Login/input_The passwords do not seem to match_password_not_match'

2020-03-23 13:39:35 - [MESSAGE][PASSED] - Keys '*' sent to object: 'Object Repository/ADMIN/Edit Text/Bespoke/Admin Pages/Login/input_The passwords do not seem to match_password_not_match'

2020-03-23 13:39:35 - [TEST_STEP][PASSED] - sendKeys(findTestObject("ADMIN/Edit Text/Bespoke/Admin Pages/Login/input_Change Password_your_new_password"), "*"): Keys '*' sent to object: 'Object Repository/ADMIN/Edit Text/Bespoke/Admin Pages/Login/input_Change Password_your_new_password'

2020-03-23 13:39:35 - [MESSAGE][PASSED] - Keys '*' sent to object: 'Object Repository/ADMIN/Edit Text/Bespoke/Admin Pages/Login/input_Change Password_your_new_password'

2020-03-23 13:39:35 - [TEST_STEP][PASSED] - sendKeys(findTestObject("ADMIN/Edit Text/Bespoke/Admin Pages/Login/input_Old Password_reconfirm_password"), "*"): Keys '*' sent to object: 'Object Repository/ADMIN/Edit Text/Bespoke/Admin Pages/Login/input_Old Password_reconfirm_password'

2020-03-23 13:39:35 - [MESSAGE][PASSED] - Keys '*' sent to object: 'Object Repository/ADMIN/Edit Text/Bespoke/Admin Pages/Login/input_Old Password_reconfirm_password'

2020-03-23 13:39:35 - [TEST_STEP][PASSED] - sendKeys(findTestObject("ADMIN/Edit Text/Bespoke/Admin Pages/Login/input_New password_password_not_match"), "*"): Keys '*' sent to object: 'Object Repository/ADMIN/Edit Text/Bespoke/Admin Pages/Login/input_New password_password_not_match'

2020-03-23 13:39:36 - [MESSAGE][PASSED] - Keys '*' sent to object: 'Object Repository/ADMIN/Edit Text/Bespoke/Admin Pages/Login/input_New password_password_not_match'

2020-03-23 13:39:36 - [TEST_STEP][PASSED] - sendKeys(findTestObject("ADMIN/Edit Text/Bespoke/Admin Pages/Login/input_Confirm new password_password_not_match"), "*"): Keys '*' sent to object: 'Object Repository/ADMIN/Edit Text/Bespoke/Admin Pages/Login/input_Confirm new password_password_not_match'

2020-03-23 13:39:36 - [MESSAGE][PASSED] - Keys '*' sent to object: 'Object Repository/ADMIN/Edit Text/Bespoke/Admin Pages/Login/input_Confirm new password_password_not_match'

2020-03-23 13:39:36 - [TEST_STEP][PASSED] - sendKeys(findTestObject("ADMIN/Edit Text/Bespoke/Admin Pages/Login/input_The passwords do not seem to match_password_not_match"), "*"): Keys '*' sent to object: 'Object Repository/ADMIN/Edit Text/Bespoke/Admin Pages/Login/input_The passwords do not seem to match_password_not_match'

2020-03-23 13:39:36 - [MESSAGE][PASSED] - Keys '*' sent to object: 'Object Repository/ADMIN/Edit Text/Bespoke/Admin Pages/Login/input_The passwords do not seem to match_password_not_match'

2020-03-23 13:39:36 - [TEST_STEP][PASSED] - sendKeys(findTestObject("ADMIN/Edit Text/Bespoke/Admin Pages/Login/input_Save_save_password_btn"), "*"): Keys '*' sent to object: 'Object Repository/ADMIN/Edit Text/Bespoke/Admin Pages/Login/input_Save_save_password_btn'

2020-03-23 13:39:36 - [MESSAGE][PASSED] - Keys '*' sent to object: 'Object Repository/ADMIN/Edit Text/Bespoke/Admin Pages/Login/input_Save_save_password_btn'

2020-03-23 13:39:36 - [TEST_STEP][PASSED] - click(findTestObject("ADMIN/Edit Text/Bespoke/Buyer Pages/Homepage/button_save"), CONTINUE_ON_FAILURE): Object: 'Object Repository/ADMIN/Edit Text/Bespoke/Buyer Pages/Homepage/button_save' is clicked on

2020-03-23 13:39:36 - [MESSAGE][PASSED] - Object: 'Object Repository/ADMIN/Edit Text/Bespoke/Buyer Pages/Homepage/button_save' is clicked on

2020-03-23 13:39:36 - [TEST_STEP][PASSED] - waitForElementVisible(findTestObject("ADMIN/Edit Text/Bespoke/Buyer Pages/Homepage/toaster_success About"), 0): Web element with id: 'Object Repository/ADMIN/Edit Text/Bespoke/Buyer Pages/Homepage/toaster_success About' located by 'By.xpath: //div[@class = 'toast-message' and (text() = 'Content page translations (about us, policies, etc) were successfully saved.' or . = 'Content page translations (about us, policies, etc) were successfully saved.')]' not found

2020-03-23 13:39:36 - [MESSAGE][WARNING] - Timeout '0' is invalid. Using default page load timeout: '30'

2020-03-23 13:40:10 - [MESSAGE][INFO] - Unable to find the element located by 'By.xpath: //div[@class = 'toast-message' and (text() = 'Content page translations (about us, policies, etc) were successfully saved.' or . = 'Content page translations (about us, policies, etc) were successfully saved.')]'. Please recheck the objects properties to make sure the desired element is located. 

2020-03-23 13:40:10 - [MESSAGE][WARNING] - Web element with id: 'Object Repository/ADMIN/Edit Text/Bespoke/Buyer Pages/Homepage/toaster_success About' located by 'By.xpath: //div[@class = 'toast-message' and (text() = 'Content page translations (about us, policies, etc) were successfully saved.' or . = 'Content page translations (about us, policies, etc) were successfully saved.')]' not found]]></system-out>
         <system-err><![CDATA[]]></system-err>
      </testcase>
      <testcase name="Test Cases/ADMIN/Language/Edit Text/Bespoke/Admin Pages/Login" time="39.384" classname="Test Cases/ADMIN/Language/Edit Text/Bespoke/Admin Pages/Login" status="PASSED">
         <system-out><![CDATA[2020-03-23 13:40:10 - [TEST_CASE][PASSED] - Test Cases/ADMIN/Language/Edit Text/Bespoke/Admin Pages/Login: Test Cases/ADMIN/Language/Edit Text/Bespoke/Admin Pages/Login

2020-03-23 13:40:10 - [TEST_STEP][PASSED] - waitForElementVisible(findTestObject("ADMIN/Edit Text/Bespoke/Buyer Navigation/dd_language"), 0): Object 'Object Repository/ADMIN/Edit Text/Bespoke/Buyer Navigation/dd_language' is visible

2020-03-23 13:40:10 - [MESSAGE][WARNING] - Timeout '0' is invalid. Using default page load timeout: '30'

2020-03-23 13:40:10 - [MESSAGE][PASSED] - Object 'Object Repository/ADMIN/Edit Text/Bespoke/Buyer Navigation/dd_language' is visible

2020-03-23 13:40:10 - [TEST_STEP][PASSED] - selectOptionByLabel(findTestObject("ADMIN/Edit Text/Bespoke/Buyer Navigation/dd_language"), varLanguage, false): All options with label 'German' are selected in object 'Object Repository/ADMIN/Edit Text/Bespoke/Buyer Navigation/dd_language' 

2020-03-23 13:40:12 - [MESSAGE][PASSED] - All options with label 'German' are selected in object 'Object Repository/ADMIN/Edit Text/Bespoke/Buyer Navigation/dd_language' 

2020-03-23 13:40:12 - [TEST_STEP][PASSED] - sendKeys(findTestObject("ADMIN/Edit Text/Bespoke/Admin Pages/Login/input_Continue with Google_btn_next"), "*"): Keys '*' sent to object: 'Object Repository/ADMIN/Edit Text/Bespoke/Admin Pages/Login/input_Continue with Google_btn_next'

2020-03-23 13:40:12 - [MESSAGE][PASSED] - Keys '*' sent to object: 'Object Repository/ADMIN/Edit Text/Bespoke/Admin Pages/Login/input_Continue with Google_btn_next'

2020-03-23 13:40:12 - [TEST_STEP][PASSED] - sendKeys(findTestObject("ADMIN/Edit Text/Bespoke/Admin Pages/Login/input_Continue with Facebook_btn_next"), "*"): Keys '*' sent to object: 'Object Repository/ADMIN/Edit Text/Bespoke/Admin Pages/Login/input_Continue with Facebook_btn_next'

2020-03-23 13:40:12 - [MESSAGE][PASSED] - Keys '*' sent to object: 'Object Repository/ADMIN/Edit Text/Bespoke/Admin Pages/Login/input_Continue with Facebook_btn_next'

2020-03-23 13:40:12 - [TEST_STEP][PASSED] - sendKeys(findTestObject("ADMIN/Edit Text/Bespoke/Admin Pages/Login/input_Continue with Google_btn_save"), "*"): Keys '*' sent to object: 'Object Repository/ADMIN/Edit Text/Bespoke/Admin Pages/Login/input_Continue with Google_btn_save'

2020-03-23 13:40:13 - [MESSAGE][PASSED] - Keys '*' sent to object: 'Object Repository/ADMIN/Edit Text/Bespoke/Admin Pages/Login/input_Continue with Google_btn_save'

2020-03-23 13:40:13 - [TEST_STEP][PASSED] - sendKeys(findTestObject("ADMIN/Edit Text/Bespoke/Admin Pages/Login/input_Continue with Facebook_btn_save"), "*"): Keys '*' sent to object: 'Object Repository/ADMIN/Edit Text/Bespoke/Admin Pages/Login/input_Continue with Facebook_btn_save'

2020-03-23 13:40:13 - [MESSAGE][PASSED] - Keys '*' sent to object: 'Object Repository/ADMIN/Edit Text/Bespoke/Admin Pages/Login/input_Continue with Facebook_btn_save'

2020-03-23 13:40:13 - [TEST_STEP][PASSED] - sendKeys(findTestObject("ADMIN/Edit Text/Bespoke/Admin Pages/Login/input_Your EmailUsername_email_username"), "*"): Keys '*' sent to object: 'Object Repository/ADMIN/Edit Text/Bespoke/Admin Pages/Login/input_Your EmailUsername_email_username'

2020-03-23 13:40:13 - [MESSAGE][PASSED] - Keys '*' sent to object: 'Object Repository/ADMIN/Edit Text/Bespoke/Admin Pages/Login/input_Your EmailUsername_email_username'

2020-03-23 13:40:13 - [TEST_STEP][PASSED] - sendKeys(findTestObject("ADMIN/Edit Text/Bespoke/Admin Pages/Login/input_Your Password_your_password"), "*"): Keys '*' sent to object: 'Object Repository/ADMIN/Edit Text/Bespoke/Admin Pages/Login/input_Your Password_your_password'

2020-03-23 13:40:13 - [MESSAGE][PASSED] - Keys '*' sent to object: 'Object Repository/ADMIN/Edit Text/Bespoke/Admin Pages/Login/input_Your Password_your_password'

2020-03-23 13:40:13 - [TEST_STEP][PASSED] - sendKeys(findTestObject("ADMIN/Edit Text/Bespoke/Admin Pages/Login/input_Create Account_btn_next"), "*"): Keys '*' sent to object: 'Object Repository/ADMIN/Edit Text/Bespoke/Admin Pages/Login/input_Create Account_btn_next'

2020-03-23 13:40:13 - [MESSAGE][PASSED] - Keys '*' sent to object: 'Object Repository/ADMIN/Edit Text/Bespoke/Admin Pages/Login/input_Create Account_btn_next'

2020-03-23 13:40:13 - [TEST_STEP][PASSED] - sendKeys(findTestObject("ADMIN/Edit Text/Bespoke/Admin Pages/Login/input_Sign In_btn_next"), "*"): Keys '*' sent to object: 'Object Repository/ADMIN/Edit Text/Bespoke/Admin Pages/Login/input_Sign In_btn_next'

2020-03-23 13:40:13 - [MESSAGE][PASSED] - Keys '*' sent to object: 'Object Repository/ADMIN/Edit Text/Bespoke/Admin Pages/Login/input_Sign In_btn_next'

2020-03-23 13:40:13 - [TEST_STEP][PASSED] - sendKeys(findTestObject("ADMIN/Edit Text/Bespoke/Admin Pages/Login/input_Forgot Password_forgot_password"), "*"): Keys '*' sent to object: 'Object Repository/ADMIN/Edit Text/Bespoke/Admin Pages/Login/input_Forgot Password_forgot_password'

2020-03-23 13:40:14 - [MESSAGE][PASSED] - Keys '*' sent to object: 'Object Repository/ADMIN/Edit Text/Bespoke/Admin Pages/Login/input_Forgot Password_forgot_password'

2020-03-23 13:40:14 - [TEST_STEP][PASSED] - sendKeys(findTestObject("ADMIN/Edit Text/Bespoke/Admin Pages/Login/input_Reconfirm Password_reconfirm_password"), "*"): Keys '*' sent to object: 'Object Repository/ADMIN/Edit Text/Bespoke/Admin Pages/Login/input_Reconfirm Password_reconfirm_password'

2020-03-23 13:40:14 - [MESSAGE][PASSED] - Keys '*' sent to object: 'Object Repository/ADMIN/Edit Text/Bespoke/Admin Pages/Login/input_Reconfirm Password_reconfirm_password'

2020-03-23 13:40:14 - [TEST_STEP][PASSED] - sendKeys(findTestObject("ADMIN/Edit Text/Bespoke/Admin Pages/Login/input_Notification Email_notif_email"), "*"): Keys '*' sent to object: 'Object Repository/ADMIN/Edit Text/Bespoke/Admin Pages/Login/input_Notification Email_notif_email'

2020-03-23 13:40:14 - [MESSAGE][PASSED] - Keys '*' sent to object: 'Object Repository/ADMIN/Edit Text/Bespoke/Admin Pages/Login/input_Notification Email_notif_email'

2020-03-23 13:40:14 - [TEST_STEP][PASSED] - sendKeys(findTestObject("ADMIN/Edit Text/Bespoke/Admin Pages/Login/input_Already have an Account_already_have_account"), "*"): Keys '*' sent to object: 'Object Repository/ADMIN/Edit Text/Bespoke/Admin Pages/Login/input_Already have an Account_already_have_account'

2020-03-23 13:40:14 - [MESSAGE][PASSED] - Keys '*' sent to object: 'Object Repository/ADMIN/Edit Text/Bespoke/Admin Pages/Login/input_Already have an Account_already_have_account'

2020-03-23 13:40:14 - [TEST_STEP][PASSED] - sendKeys(findTestObject("ADMIN/Edit Text/Bespoke/Admin Pages/Login/input_Whats your email or username_what_email_username"), "*"): Keys '*' sent to object: 'Object Repository/ADMIN/Edit Text/Bespoke/Admin Pages/Login/input_Whats your email or username_what_email_username'

2020-03-23 13:40:14 - [MESSAGE][PASSED] - Keys '*' sent to object: 'Object Repository/ADMIN/Edit Text/Bespoke/Admin Pages/Login/input_Whats your email or username_what_email_username'

2020-03-23 13:40:14 - [TEST_STEP][PASSED] - sendKeys(findTestObject("ADMIN/Edit Text/Bespoke/Admin Pages/Login/input_Reset Password_reset_password_btn"), "*"): Keys '*' sent to object: 'Object Repository/ADMIN/Edit Text/Bespoke/Admin Pages/Login/input_Reset Password_reset_password_btn'

2020-03-23 13:40:14 - [MESSAGE][PASSED] - Keys '*' sent to object: 'Object Repository/ADMIN/Edit Text/Bespoke/Admin Pages/Login/input_Reset Password_reset_password_btn'

2020-03-23 13:40:14 - [TEST_STEP][PASSED] - sendKeys(findTestObject("ADMIN/Edit Text/Bespoke/Admin Pages/Login/input_Sorry We were unable to find an account with that email  username_unable_find_account"), "*"): Keys '*' sent to object: 'Object Repository/ADMIN/Edit Text/Bespoke/Admin Pages/Login/input_Sorry We were unable to find an account with that email  username_unable_find_account'

2020-03-23 13:40:14 - [MESSAGE][PASSED] - Keys '*' sent to object: 'Object Repository/ADMIN/Edit Text/Bespoke/Admin Pages/Login/input_Sorry We were unable to find an account with that email  username_unable_find_account'

2020-03-23 13:40:14 - [TEST_STEP][PASSED] - sendKeys(findTestObject("ADMIN/Edit Text/Bespoke/Admin Pages/Login/input_A recovery email has been sent to the email address associated with this account_recovery_email"), "*"): Keys '*' sent to object: 'Object Repository/ADMIN/Edit Text/Bespoke/Admin Pages/Login/input_A recovery email has been sent to the email address associated with this account_recovery_email'

2020-03-23 13:40:15 - [MESSAGE][PASSED] - Keys '*' sent to object: 'Object Repository/ADMIN/Edit Text/Bespoke/Admin Pages/Login/input_A recovery email has been sent to the email address associated with this account_recovery_email'

2020-03-23 13:40:15 - [TEST_STEP][PASSED] - sendKeys(findTestObject("ADMIN/Edit Text/Bespoke/Admin Pages/Login/input_Back_back"), "*"): Keys '*' sent to object: 'Object Repository/ADMIN/Edit Text/Bespoke/Admin Pages/Login/input_Back_back'

2020-03-23 13:40:15 - [MESSAGE][PASSED] - Keys '*' sent to object: 'Object Repository/ADMIN/Edit Text/Bespoke/Admin Pages/Login/input_Back_back'

2020-03-23 13:40:15 - [TEST_STEP][PASSED] - sendKeys(findTestObject("ADMIN/Edit Text/Bespoke/Admin Pages/Login/input_Your New Password_your_new_password"), "*"): Keys '*' sent to object: 'Object Repository/ADMIN/Edit Text/Bespoke/Admin Pages/Login/input_Your New Password_your_new_password'

2020-03-23 13:40:15 - [MESSAGE][PASSED] - Keys '*' sent to object: 'Object Repository/ADMIN/Edit Text/Bespoke/Admin Pages/Login/input_Your New Password_your_new_password'

2020-03-23 13:40:15 - [TEST_STEP][PASSED] - sendKeys(findTestObject("ADMIN/Edit Text/Bespoke/Admin Pages/Login/input_Reconfirm New Password_reconfirm_password"), "*"): Keys '*' sent to object: 'Object Repository/ADMIN/Edit Text/Bespoke/Admin Pages/Login/input_Reconfirm New Password_reconfirm_password'

2020-03-23 13:40:15 - [MESSAGE][PASSED] - Keys '*' sent to object: 'Object Repository/ADMIN/Edit Text/Bespoke/Admin Pages/Login/input_Reconfirm New Password_reconfirm_password'

2020-03-23 13:40:15 - [TEST_STEP][PASSED] - sendKeys(findTestObject("ADMIN/Edit Text/Bespoke/Admin Pages/Login/input_The passwords do not seem to match_password_not_match"), "*"): Keys '*' sent to object: 'Object Repository/ADMIN/Edit Text/Bespoke/Admin Pages/Login/input_The passwords do not seem to match_password_not_match'

2020-03-23 13:40:15 - [MESSAGE][PASSED] - Keys '*' sent to object: 'Object Repository/ADMIN/Edit Text/Bespoke/Admin Pages/Login/input_The passwords do not seem to match_password_not_match'

2020-03-23 13:40:15 - [TEST_STEP][PASSED] - sendKeys(findTestObject("ADMIN/Edit Text/Bespoke/Admin Pages/Login/input_Change Password_your_new_password"), "*"): Keys '*' sent to object: 'Object Repository/ADMIN/Edit Text/Bespoke/Admin Pages/Login/input_Change Password_your_new_password'

2020-03-23 13:40:15 - [MESSAGE][PASSED] - Keys '*' sent to object: 'Object Repository/ADMIN/Edit Text/Bespoke/Admin Pages/Login/input_Change Password_your_new_password'

2020-03-23 13:40:15 - [TEST_STEP][PASSED] - sendKeys(findTestObject("ADMIN/Edit Text/Bespoke/Admin Pages/Login/input_Old Password_reconfirm_password"), "*"): Keys '*' sent to object: 'Object Repository/ADMIN/Edit Text/Bespoke/Admin Pages/Login/input_Old Password_reconfirm_password'

2020-03-23 13:40:16 - [MESSAGE][PASSED] - Keys '*' sent to object: 'Object Repository/ADMIN/Edit Text/Bespoke/Admin Pages/Login/input_Old Password_reconfirm_password'

2020-03-23 13:40:16 - [TEST_STEP][PASSED] - sendKeys(findTestObject("ADMIN/Edit Text/Bespoke/Admin Pages/Login/input_New password_password_not_match"), "*"): Keys '*' sent to object: 'Object Repository/ADMIN/Edit Text/Bespoke/Admin Pages/Login/input_New password_password_not_match'

2020-03-23 13:40:16 - [MESSAGE][PASSED] - Keys '*' sent to object: 'Object Repository/ADMIN/Edit Text/Bespoke/Admin Pages/Login/input_New password_password_not_match'

2020-03-23 13:40:16 - [TEST_STEP][PASSED] - sendKeys(findTestObject("ADMIN/Edit Text/Bespoke/Admin Pages/Login/input_Confirm new password_password_not_match"), "*"): Keys '*' sent to object: 'Object Repository/ADMIN/Edit Text/Bespoke/Admin Pages/Login/input_Confirm new password_password_not_match'

2020-03-23 13:40:16 - [MESSAGE][PASSED] - Keys '*' sent to object: 'Object Repository/ADMIN/Edit Text/Bespoke/Admin Pages/Login/input_Confirm new password_password_not_match'

2020-03-23 13:40:16 - [TEST_STEP][PASSED] - sendKeys(findTestObject("ADMIN/Edit Text/Bespoke/Admin Pages/Login/input_The passwords do not seem to match_password_not_match"), "*"): Keys '*' sent to object: 'Object Repository/ADMIN/Edit Text/Bespoke/Admin Pages/Login/input_The passwords do not seem to match_password_not_match'

2020-03-23 13:40:16 - [MESSAGE][PASSED] - Keys '*' sent to object: 'Object Repository/ADMIN/Edit Text/Bespoke/Admin Pages/Login/input_The passwords do not seem to match_password_not_match'

2020-03-23 13:40:16 - [TEST_STEP][PASSED] - sendKeys(findTestObject("ADMIN/Edit Text/Bespoke/Admin Pages/Login/input_Save_save_password_btn"), "*"): Keys '*' sent to object: 'Object Repository/ADMIN/Edit Text/Bespoke/Admin Pages/Login/input_Save_save_password_btn'

2020-03-23 13:40:16 - [MESSAGE][PASSED] - Keys '*' sent to object: 'Object Repository/ADMIN/Edit Text/Bespoke/Admin Pages/Login/input_Save_save_password_btn'

2020-03-23 13:40:16 - [TEST_STEP][PASSED] - click(findTestObject("ADMIN/Edit Text/Bespoke/Buyer Pages/Homepage/button_save"), CONTINUE_ON_FAILURE): Object: 'Object Repository/ADMIN/Edit Text/Bespoke/Buyer Pages/Homepage/button_save' is clicked on

2020-03-23 13:40:16 - [MESSAGE][PASSED] - Object: 'Object Repository/ADMIN/Edit Text/Bespoke/Buyer Pages/Homepage/button_save' is clicked on

2020-03-23 13:40:16 - [TEST_STEP][PASSED] - waitForElementVisible(findTestObject("ADMIN/Edit Text/Bespoke/Buyer Pages/Homepage/toaster_success About"), 0): Web element with id: 'Object Repository/ADMIN/Edit Text/Bespoke/Buyer Pages/Homepage/toaster_success About' located by 'By.xpath: //div[@class = 'toast-message' and (text() = 'Content page translations (about us, policies, etc) were successfully saved.' or . = 'Content page translations (about us, policies, etc) were successfully saved.')]' not found

2020-03-23 13:40:16 - [MESSAGE][WARNING] - Timeout '0' is invalid. Using default page load timeout: '30'

2020-03-23 13:40:49 - [MESSAGE][INFO] - Unable to find the element located by 'By.xpath: //div[@class = 'toast-message' and (text() = 'Content page translations (about us, policies, etc) were successfully saved.' or . = 'Content page translations (about us, policies, etc) were successfully saved.')]'. Please recheck the objects properties to make sure the desired element is located. 

2020-03-23 13:40:49 - [MESSAGE][WARNING] - Web element with id: 'Object Repository/ADMIN/Edit Text/Bespoke/Buyer Pages/Homepage/toaster_success About' located by 'By.xpath: //div[@class = 'toast-message' and (text() = 'Content page translations (about us, policies, etc) were successfully saved.' or . = 'Content page translations (about us, policies, etc) were successfully saved.')]' not found]]></system-out>
         <system-err><![CDATA[]]></system-err>
      </testcase>
      <testcase name="Test Cases/ADMIN/Language/Edit Text/Bespoke/Admin Pages/Login" time="40.838" classname="Test Cases/ADMIN/Language/Edit Text/Bespoke/Admin Pages/Login" status="PASSED">
         <system-out><![CDATA[2020-03-23 13:40:49 - [TEST_CASE][PASSED] - Test Cases/ADMIN/Language/Edit Text/Bespoke/Admin Pages/Login: Test Cases/ADMIN/Language/Edit Text/Bespoke/Admin Pages/Login

2020-03-23 13:40:49 - [TEST_STEP][PASSED] - waitForElementVisible(findTestObject("ADMIN/Edit Text/Bespoke/Buyer Navigation/dd_language"), 0): Object 'Object Repository/ADMIN/Edit Text/Bespoke/Buyer Navigation/dd_language' is visible

2020-03-23 13:40:49 - [MESSAGE][WARNING] - Timeout '0' is invalid. Using default page load timeout: '30'

2020-03-23 13:40:50 - [MESSAGE][PASSED] - Object 'Object Repository/ADMIN/Edit Text/Bespoke/Buyer Navigation/dd_language' is visible

2020-03-23 13:40:50 - [TEST_STEP][PASSED] - selectOptionByLabel(findTestObject("ADMIN/Edit Text/Bespoke/Buyer Navigation/dd_language"), varLanguage, false): All options with label 'Japanese' are selected in object 'Object Repository/ADMIN/Edit Text/Bespoke/Buyer Navigation/dd_language' 

2020-03-23 13:40:51 - [MESSAGE][PASSED] - All options with label 'Japanese' are selected in object 'Object Repository/ADMIN/Edit Text/Bespoke/Buyer Navigation/dd_language' 

2020-03-23 13:40:51 - [TEST_STEP][PASSED] - sendKeys(findTestObject("ADMIN/Edit Text/Bespoke/Admin Pages/Login/input_Continue with Google_btn_next"), "*"): Keys '*' sent to object: 'Object Repository/ADMIN/Edit Text/Bespoke/Admin Pages/Login/input_Continue with Google_btn_next'

2020-03-23 13:40:52 - [MESSAGE][PASSED] - Keys '*' sent to object: 'Object Repository/ADMIN/Edit Text/Bespoke/Admin Pages/Login/input_Continue with Google_btn_next'

2020-03-23 13:40:52 - [TEST_STEP][PASSED] - sendKeys(findTestObject("ADMIN/Edit Text/Bespoke/Admin Pages/Login/input_Continue with Facebook_btn_next"), "*"): Keys '*' sent to object: 'Object Repository/ADMIN/Edit Text/Bespoke/Admin Pages/Login/input_Continue with Facebook_btn_next'

2020-03-23 13:40:52 - [MESSAGE][PASSED] - Keys '*' sent to object: 'Object Repository/ADMIN/Edit Text/Bespoke/Admin Pages/Login/input_Continue with Facebook_btn_next'

2020-03-23 13:40:52 - [TEST_STEP][PASSED] - sendKeys(findTestObject("ADMIN/Edit Text/Bespoke/Admin Pages/Login/input_Continue with Google_btn_save"), "*"): Keys '*' sent to object: 'Object Repository/ADMIN/Edit Text/Bespoke/Admin Pages/Login/input_Continue with Google_btn_save'

2020-03-23 13:40:53 - [MESSAGE][PASSED] - Keys '*' sent to object: 'Object Repository/ADMIN/Edit Text/Bespoke/Admin Pages/Login/input_Continue with Google_btn_save'

2020-03-23 13:40:53 - [TEST_STEP][PASSED] - sendKeys(findTestObject("ADMIN/Edit Text/Bespoke/Admin Pages/Login/input_Continue with Facebook_btn_save"), "*"): Keys '*' sent to object: 'Object Repository/ADMIN/Edit Text/Bespoke/Admin Pages/Login/input_Continue with Facebook_btn_save'

2020-03-23 13:40:53 - [MESSAGE][PASSED] - Keys '*' sent to object: 'Object Repository/ADMIN/Edit Text/Bespoke/Admin Pages/Login/input_Continue with Facebook_btn_save'

2020-03-23 13:40:53 - [TEST_STEP][PASSED] - sendKeys(findTestObject("ADMIN/Edit Text/Bespoke/Admin Pages/Login/input_Your EmailUsername_email_username"), "*"): Keys '*' sent to object: 'Object Repository/ADMIN/Edit Text/Bespoke/Admin Pages/Login/input_Your EmailUsername_email_username'

2020-03-23 13:40:53 - [MESSAGE][PASSED] - Keys '*' sent to object: 'Object Repository/ADMIN/Edit Text/Bespoke/Admin Pages/Login/input_Your EmailUsername_email_username'

2020-03-23 13:40:53 - [TEST_STEP][PASSED] - sendKeys(findTestObject("ADMIN/Edit Text/Bespoke/Admin Pages/Login/input_Your Password_your_password"), "*"): Keys '*' sent to object: 'Object Repository/ADMIN/Edit Text/Bespoke/Admin Pages/Login/input_Your Password_your_password'

2020-03-23 13:40:53 - [MESSAGE][PASSED] - Keys '*' sent to object: 'Object Repository/ADMIN/Edit Text/Bespoke/Admin Pages/Login/input_Your Password_your_password'

2020-03-23 13:40:53 - [TEST_STEP][PASSED] - sendKeys(findTestObject("ADMIN/Edit Text/Bespoke/Admin Pages/Login/input_Create Account_btn_next"), "*"): Keys '*' sent to object: 'Object Repository/ADMIN/Edit Text/Bespoke/Admin Pages/Login/input_Create Account_btn_next'

2020-03-23 13:40:53 - [MESSAGE][PASSED] - Keys '*' sent to object: 'Object Repository/ADMIN/Edit Text/Bespoke/Admin Pages/Login/input_Create Account_btn_next'

2020-03-23 13:40:53 - [TEST_STEP][PASSED] - sendKeys(findTestObject("ADMIN/Edit Text/Bespoke/Admin Pages/Login/input_Sign In_btn_next"), "*"): Keys '*' sent to object: 'Object Repository/ADMIN/Edit Text/Bespoke/Admin Pages/Login/input_Sign In_btn_next'

2020-03-23 13:40:53 - [MESSAGE][PASSED] - Keys '*' sent to object: 'Object Repository/ADMIN/Edit Text/Bespoke/Admin Pages/Login/input_Sign In_btn_next'

2020-03-23 13:40:53 - [TEST_STEP][PASSED] - sendKeys(findTestObject("ADMIN/Edit Text/Bespoke/Admin Pages/Login/input_Forgot Password_forgot_password"), "*"): Keys '*' sent to object: 'Object Repository/ADMIN/Edit Text/Bespoke/Admin Pages/Login/input_Forgot Password_forgot_password'

2020-03-23 13:40:54 - [MESSAGE][PASSED] - Keys '*' sent to object: 'Object Repository/ADMIN/Edit Text/Bespoke/Admin Pages/Login/input_Forgot Password_forgot_password'

2020-03-23 13:40:54 - [TEST_STEP][PASSED] - sendKeys(findTestObject("ADMIN/Edit Text/Bespoke/Admin Pages/Login/input_Reconfirm Password_reconfirm_password"), "*"): Keys '*' sent to object: 'Object Repository/ADMIN/Edit Text/Bespoke/Admin Pages/Login/input_Reconfirm Password_reconfirm_password'

2020-03-23 13:40:54 - [MESSAGE][PASSED] - Keys '*' sent to object: 'Object Repository/ADMIN/Edit Text/Bespoke/Admin Pages/Login/input_Reconfirm Password_reconfirm_password'

2020-03-23 13:40:54 - [TEST_STEP][PASSED] - sendKeys(findTestObject("ADMIN/Edit Text/Bespoke/Admin Pages/Login/input_Notification Email_notif_email"), "*"): Keys '*' sent to object: 'Object Repository/ADMIN/Edit Text/Bespoke/Admin Pages/Login/input_Notification Email_notif_email'

2020-03-23 13:40:54 - [MESSAGE][PASSED] - Keys '*' sent to object: 'Object Repository/ADMIN/Edit Text/Bespoke/Admin Pages/Login/input_Notification Email_notif_email'

2020-03-23 13:40:54 - [TEST_STEP][PASSED] - sendKeys(findTestObject("ADMIN/Edit Text/Bespoke/Admin Pages/Login/input_Already have an Account_already_have_account"), "*"): Keys '*' sent to object: 'Object Repository/ADMIN/Edit Text/Bespoke/Admin Pages/Login/input_Already have an Account_already_have_account'

2020-03-23 13:40:54 - [MESSAGE][PASSED] - Keys '*' sent to object: 'Object Repository/ADMIN/Edit Text/Bespoke/Admin Pages/Login/input_Already have an Account_already_have_account'

2020-03-23 13:40:54 - [TEST_STEP][PASSED] - sendKeys(findTestObject("ADMIN/Edit Text/Bespoke/Admin Pages/Login/input_Whats your email or username_what_email_username"), "*"): Keys '*' sent to object: 'Object Repository/ADMIN/Edit Text/Bespoke/Admin Pages/Login/input_Whats your email or username_what_email_username'

2020-03-23 13:40:54 - [MESSAGE][PASSED] - Keys '*' sent to object: 'Object Repository/ADMIN/Edit Text/Bespoke/Admin Pages/Login/input_Whats your email or username_what_email_username'

2020-03-23 13:40:54 - [TEST_STEP][PASSED] - sendKeys(findTestObject("ADMIN/Edit Text/Bespoke/Admin Pages/Login/input_Reset Password_reset_password_btn"), "*"): Keys '*' sent to object: 'Object Repository/ADMIN/Edit Text/Bespoke/Admin Pages/Login/input_Reset Password_reset_password_btn'

2020-03-23 13:40:54 - [MESSAGE][PASSED] - Keys '*' sent to object: 'Object Repository/ADMIN/Edit Text/Bespoke/Admin Pages/Login/input_Reset Password_reset_password_btn'

2020-03-23 13:40:54 - [TEST_STEP][PASSED] - sendKeys(findTestObject("ADMIN/Edit Text/Bespoke/Admin Pages/Login/input_Sorry We were unable to find an account with that email  username_unable_find_account"), "*"): Keys '*' sent to object: 'Object Repository/ADMIN/Edit Text/Bespoke/Admin Pages/Login/input_Sorry We were unable to find an account with that email  username_unable_find_account'

2020-03-23 13:40:54 - [MESSAGE][PASSED] - Keys '*' sent to object: 'Object Repository/ADMIN/Edit Text/Bespoke/Admin Pages/Login/input_Sorry We were unable to find an account with that email  username_unable_find_account'

2020-03-23 13:40:54 - [TEST_STEP][PASSED] - sendKeys(findTestObject("ADMIN/Edit Text/Bespoke/Admin Pages/Login/input_A recovery email has been sent to the email address associated with this account_recovery_email"), "*"): Keys '*' sent to object: 'Object Repository/ADMIN/Edit Text/Bespoke/Admin Pages/Login/input_A recovery email has been sent to the email address associated with this account_recovery_email'

2020-03-23 13:40:55 - [MESSAGE][PASSED] - Keys '*' sent to object: 'Object Repository/ADMIN/Edit Text/Bespoke/Admin Pages/Login/input_A recovery email has been sent to the email address associated with this account_recovery_email'

2020-03-23 13:40:55 - [TEST_STEP][PASSED] - sendKeys(findTestObject("ADMIN/Edit Text/Bespoke/Admin Pages/Login/input_Back_back"), "*"): Keys '*' sent to object: 'Object Repository/ADMIN/Edit Text/Bespoke/Admin Pages/Login/input_Back_back'

2020-03-23 13:40:55 - [MESSAGE][PASSED] - Keys '*' sent to object: 'Object Repository/ADMIN/Edit Text/Bespoke/Admin Pages/Login/input_Back_back'

2020-03-23 13:40:55 - [TEST_STEP][PASSED] - sendKeys(findTestObject("ADMIN/Edit Text/Bespoke/Admin Pages/Login/input_Your New Password_your_new_password"), "*"): Keys '*' sent to object: 'Object Repository/ADMIN/Edit Text/Bespoke/Admin Pages/Login/input_Your New Password_your_new_password'

2020-03-23 13:40:55 - [MESSAGE][PASSED] - Keys '*' sent to object: 'Object Repository/ADMIN/Edit Text/Bespoke/Admin Pages/Login/input_Your New Password_your_new_password'

2020-03-23 13:40:55 - [TEST_STEP][PASSED] - sendKeys(findTestObject("ADMIN/Edit Text/Bespoke/Admin Pages/Login/input_Reconfirm New Password_reconfirm_password"), "*"): Keys '*' sent to object: 'Object Repository/ADMIN/Edit Text/Bespoke/Admin Pages/Login/input_Reconfirm New Password_reconfirm_password'

2020-03-23 13:40:55 - [MESSAGE][PASSED] - Keys '*' sent to object: 'Object Repository/ADMIN/Edit Text/Bespoke/Admin Pages/Login/input_Reconfirm New Password_reconfirm_password'

2020-03-23 13:40:55 - [TEST_STEP][PASSED] - sendKeys(findTestObject("ADMIN/Edit Text/Bespoke/Admin Pages/Login/input_The passwords do not seem to match_password_not_match"), "*"): Keys '*' sent to object: 'Object Repository/ADMIN/Edit Text/Bespoke/Admin Pages/Login/input_The passwords do not seem to match_password_not_match'

2020-03-23 13:40:55 - [MESSAGE][PASSED] - Keys '*' sent to object: 'Object Repository/ADMIN/Edit Text/Bespoke/Admin Pages/Login/input_The passwords do not seem to match_password_not_match'

2020-03-23 13:40:55 - [TEST_STEP][PASSED] - sendKeys(findTestObject("ADMIN/Edit Text/Bespoke/Admin Pages/Login/input_Change Password_your_new_password"), "*"): Keys '*' sent to object: 'Object Repository/ADMIN/Edit Text/Bespoke/Admin Pages/Login/input_Change Password_your_new_password'

2020-03-23 13:40:55 - [MESSAGE][PASSED] - Keys '*' sent to object: 'Object Repository/ADMIN/Edit Text/Bespoke/Admin Pages/Login/input_Change Password_your_new_password'

2020-03-23 13:40:55 - [TEST_STEP][PASSED] - sendKeys(findTestObject("ADMIN/Edit Text/Bespoke/Admin Pages/Login/input_Old Password_reconfirm_password"), "*"): Keys '*' sent to object: 'Object Repository/ADMIN/Edit Text/Bespoke/Admin Pages/Login/input_Old Password_reconfirm_password'

2020-03-23 13:40:56 - [MESSAGE][PASSED] - Keys '*' sent to object: 'Object Repository/ADMIN/Edit Text/Bespoke/Admin Pages/Login/input_Old Password_reconfirm_password'

2020-03-23 13:40:56 - [TEST_STEP][PASSED] - sendKeys(findTestObject("ADMIN/Edit Text/Bespoke/Admin Pages/Login/input_New password_password_not_match"), "*"): Keys '*' sent to object: 'Object Repository/ADMIN/Edit Text/Bespoke/Admin Pages/Login/input_New password_password_not_match'

2020-03-23 13:40:56 - [MESSAGE][PASSED] - Keys '*' sent to object: 'Object Repository/ADMIN/Edit Text/Bespoke/Admin Pages/Login/input_New password_password_not_match'

2020-03-23 13:40:56 - [TEST_STEP][PASSED] - sendKeys(findTestObject("ADMIN/Edit Text/Bespoke/Admin Pages/Login/input_Confirm new password_password_not_match"), "*"): Keys '*' sent to object: 'Object Repository/ADMIN/Edit Text/Bespoke/Admin Pages/Login/input_Confirm new password_password_not_match'

2020-03-23 13:40:56 - [MESSAGE][PASSED] - Keys '*' sent to object: 'Object Repository/ADMIN/Edit Text/Bespoke/Admin Pages/Login/input_Confirm new password_password_not_match'

2020-03-23 13:40:56 - [TEST_STEP][PASSED] - sendKeys(findTestObject("ADMIN/Edit Text/Bespoke/Admin Pages/Login/input_The passwords do not seem to match_password_not_match"), "*"): Keys '*' sent to object: 'Object Repository/ADMIN/Edit Text/Bespoke/Admin Pages/Login/input_The passwords do not seem to match_password_not_match'

2020-03-23 13:40:56 - [MESSAGE][PASSED] - Keys '*' sent to object: 'Object Repository/ADMIN/Edit Text/Bespoke/Admin Pages/Login/input_The passwords do not seem to match_password_not_match'

2020-03-23 13:40:56 - [TEST_STEP][PASSED] - sendKeys(findTestObject("ADMIN/Edit Text/Bespoke/Admin Pages/Login/input_Save_save_password_btn"), "*"): Keys '*' sent to object: 'Object Repository/ADMIN/Edit Text/Bespoke/Admin Pages/Login/input_Save_save_password_btn'

2020-03-23 13:40:56 - [MESSAGE][PASSED] - Keys '*' sent to object: 'Object Repository/ADMIN/Edit Text/Bespoke/Admin Pages/Login/input_Save_save_password_btn'

2020-03-23 13:40:56 - [TEST_STEP][PASSED] - click(findTestObject("ADMIN/Edit Text/Bespoke/Buyer Pages/Homepage/button_save"), CONTINUE_ON_FAILURE): Object: 'Object Repository/ADMIN/Edit Text/Bespoke/Buyer Pages/Homepage/button_save' is clicked on

2020-03-23 13:40:56 - [MESSAGE][PASSED] - Object: 'Object Repository/ADMIN/Edit Text/Bespoke/Buyer Pages/Homepage/button_save' is clicked on

2020-03-23 13:40:56 - [TEST_STEP][PASSED] - waitForElementVisible(findTestObject("ADMIN/Edit Text/Bespoke/Buyer Pages/Homepage/toaster_success About"), 0): Web element with id: 'Object Repository/ADMIN/Edit Text/Bespoke/Buyer Pages/Homepage/toaster_success About' located by 'By.xpath: //div[@class = 'toast-message' and (text() = 'Content page translations (about us, policies, etc) were successfully saved.' or . = 'Content page translations (about us, policies, etc) were successfully saved.')]' not found

2020-03-23 13:40:56 - [MESSAGE][WARNING] - Timeout '0' is invalid. Using default page load timeout: '30'

2020-03-23 13:41:30 - [MESSAGE][INFO] - Unable to find the element located by 'By.xpath: //div[@class = 'toast-message' and (text() = 'Content page translations (about us, policies, etc) were successfully saved.' or . = 'Content page translations (about us, policies, etc) were successfully saved.')]'. Please recheck the objects properties to make sure the desired element is located. 

2020-03-23 13:41:30 - [MESSAGE][WARNING] - Web element with id: 'Object Repository/ADMIN/Edit Text/Bespoke/Buyer Pages/Homepage/toaster_success About' located by 'By.xpath: //div[@class = 'toast-message' and (text() = 'Content page translations (about us, policies, etc) were successfully saved.' or . = 'Content page translations (about us, policies, etc) were successfully saved.')]' not found]]></system-out>
         <system-err><![CDATA[]]></system-err>
      </testcase>
      <testcase name="Test Cases/ADMIN/Language/Edit Text/Bespoke/Admin Pages/Login" time="40.372" classname="Test Cases/ADMIN/Language/Edit Text/Bespoke/Admin Pages/Login" status="PASSED">
         <system-out><![CDATA[2020-03-23 13:41:30 - [TEST_CASE][PASSED] - Test Cases/ADMIN/Language/Edit Text/Bespoke/Admin Pages/Login: Test Cases/ADMIN/Language/Edit Text/Bespoke/Admin Pages/Login

2020-03-23 13:41:30 - [TEST_STEP][PASSED] - waitForElementVisible(findTestObject("ADMIN/Edit Text/Bespoke/Buyer Navigation/dd_language"), 0): Object 'Object Repository/ADMIN/Edit Text/Bespoke/Buyer Navigation/dd_language' is visible

2020-03-23 13:41:30 - [MESSAGE][WARNING] - Timeout '0' is invalid. Using default page load timeout: '30'

2020-03-23 13:41:31 - [MESSAGE][PASSED] - Object 'Object Repository/ADMIN/Edit Text/Bespoke/Buyer Navigation/dd_language' is visible

2020-03-23 13:41:31 - [TEST_STEP][PASSED] - selectOptionByLabel(findTestObject("ADMIN/Edit Text/Bespoke/Buyer Navigation/dd_language"), varLanguage, false): All options with label 'Chinese (Traditional)' are selected in object 'Object Repository/ADMIN/Edit Text/Bespoke/Buyer Navigation/dd_language' 

2020-03-23 13:41:32 - [MESSAGE][PASSED] - All options with label 'Chinese (Traditional)' are selected in object 'Object Repository/ADMIN/Edit Text/Bespoke/Buyer Navigation/dd_language' 

2020-03-23 13:41:32 - [TEST_STEP][PASSED] - sendKeys(findTestObject("ADMIN/Edit Text/Bespoke/Admin Pages/Login/input_Continue with Google_btn_next"), "*"): Keys '*' sent to object: 'Object Repository/ADMIN/Edit Text/Bespoke/Admin Pages/Login/input_Continue with Google_btn_next'

2020-03-23 13:41:33 - [MESSAGE][PASSED] - Keys '*' sent to object: 'Object Repository/ADMIN/Edit Text/Bespoke/Admin Pages/Login/input_Continue with Google_btn_next'

2020-03-23 13:41:33 - [TEST_STEP][PASSED] - sendKeys(findTestObject("ADMIN/Edit Text/Bespoke/Admin Pages/Login/input_Continue with Facebook_btn_next"), "*"): Keys '*' sent to object: 'Object Repository/ADMIN/Edit Text/Bespoke/Admin Pages/Login/input_Continue with Facebook_btn_next'

2020-03-23 13:41:33 - [MESSAGE][PASSED] - Keys '*' sent to object: 'Object Repository/ADMIN/Edit Text/Bespoke/Admin Pages/Login/input_Continue with Facebook_btn_next'

2020-03-23 13:41:33 - [TEST_STEP][PASSED] - sendKeys(findTestObject("ADMIN/Edit Text/Bespoke/Admin Pages/Login/input_Continue with Google_btn_save"), "*"): Keys '*' sent to object: 'Object Repository/ADMIN/Edit Text/Bespoke/Admin Pages/Login/input_Continue with Google_btn_save'

2020-03-23 13:41:33 - [MESSAGE][PASSED] - Keys '*' sent to object: 'Object Repository/ADMIN/Edit Text/Bespoke/Admin Pages/Login/input_Continue with Google_btn_save'

2020-03-23 13:41:33 - [TEST_STEP][PASSED] - sendKeys(findTestObject("ADMIN/Edit Text/Bespoke/Admin Pages/Login/input_Continue with Facebook_btn_save"), "*"): Keys '*' sent to object: 'Object Repository/ADMIN/Edit Text/Bespoke/Admin Pages/Login/input_Continue with Facebook_btn_save'

2020-03-23 13:41:33 - [MESSAGE][PASSED] - Keys '*' sent to object: 'Object Repository/ADMIN/Edit Text/Bespoke/Admin Pages/Login/input_Continue with Facebook_btn_save'

2020-03-23 13:41:33 - [TEST_STEP][PASSED] - sendKeys(findTestObject("ADMIN/Edit Text/Bespoke/Admin Pages/Login/input_Your EmailUsername_email_username"), "*"): Keys '*' sent to object: 'Object Repository/ADMIN/Edit Text/Bespoke/Admin Pages/Login/input_Your EmailUsername_email_username'

2020-03-23 13:41:34 - [MESSAGE][PASSED] - Keys '*' sent to object: 'Object Repository/ADMIN/Edit Text/Bespoke/Admin Pages/Login/input_Your EmailUsername_email_username'

2020-03-23 13:41:34 - [TEST_STEP][PASSED] - sendKeys(findTestObject("ADMIN/Edit Text/Bespoke/Admin Pages/Login/input_Your Password_your_password"), "*"): Keys '*' sent to object: 'Object Repository/ADMIN/Edit Text/Bespoke/Admin Pages/Login/input_Your Password_your_password'

2020-03-23 13:41:34 - [MESSAGE][PASSED] - Keys '*' sent to object: 'Object Repository/ADMIN/Edit Text/Bespoke/Admin Pages/Login/input_Your Password_your_password'

2020-03-23 13:41:34 - [TEST_STEP][PASSED] - sendKeys(findTestObject("ADMIN/Edit Text/Bespoke/Admin Pages/Login/input_Create Account_btn_next"), "*"): Keys '*' sent to object: 'Object Repository/ADMIN/Edit Text/Bespoke/Admin Pages/Login/input_Create Account_btn_next'

2020-03-23 13:41:34 - [MESSAGE][PASSED] - Keys '*' sent to object: 'Object Repository/ADMIN/Edit Text/Bespoke/Admin Pages/Login/input_Create Account_btn_next'

2020-03-23 13:41:34 - [TEST_STEP][PASSED] - sendKeys(findTestObject("ADMIN/Edit Text/Bespoke/Admin Pages/Login/input_Sign In_btn_next"), "*"): Keys '*' sent to object: 'Object Repository/ADMIN/Edit Text/Bespoke/Admin Pages/Login/input_Sign In_btn_next'

2020-03-23 13:41:34 - [MESSAGE][PASSED] - Keys '*' sent to object: 'Object Repository/ADMIN/Edit Text/Bespoke/Admin Pages/Login/input_Sign In_btn_next'

2020-03-23 13:41:34 - [TEST_STEP][PASSED] - sendKeys(findTestObject("ADMIN/Edit Text/Bespoke/Admin Pages/Login/input_Forgot Password_forgot_password"), "*"): Keys '*' sent to object: 'Object Repository/ADMIN/Edit Text/Bespoke/Admin Pages/Login/input_Forgot Password_forgot_password'

2020-03-23 13:41:34 - [MESSAGE][PASSED] - Keys '*' sent to object: 'Object Repository/ADMIN/Edit Text/Bespoke/Admin Pages/Login/input_Forgot Password_forgot_password'

2020-03-23 13:41:34 - [TEST_STEP][PASSED] - sendKeys(findTestObject("ADMIN/Edit Text/Bespoke/Admin Pages/Login/input_Reconfirm Password_reconfirm_password"), "*"): Keys '*' sent to object: 'Object Repository/ADMIN/Edit Text/Bespoke/Admin Pages/Login/input_Reconfirm Password_reconfirm_password'

2020-03-23 13:41:34 - [MESSAGE][PASSED] - Keys '*' sent to object: 'Object Repository/ADMIN/Edit Text/Bespoke/Admin Pages/Login/input_Reconfirm Password_reconfirm_password'

2020-03-23 13:41:34 - [TEST_STEP][PASSED] - sendKeys(findTestObject("ADMIN/Edit Text/Bespoke/Admin Pages/Login/input_Notification Email_notif_email"), "*"): Keys '*' sent to object: 'Object Repository/ADMIN/Edit Text/Bespoke/Admin Pages/Login/input_Notification Email_notif_email'

2020-03-23 13:41:34 - [MESSAGE][PASSED] - Keys '*' sent to object: 'Object Repository/ADMIN/Edit Text/Bespoke/Admin Pages/Login/input_Notification Email_notif_email'

2020-03-23 13:41:34 - [TEST_STEP][PASSED] - sendKeys(findTestObject("ADMIN/Edit Text/Bespoke/Admin Pages/Login/input_Already have an Account_already_have_account"), "*"): Keys '*' sent to object: 'Object Repository/ADMIN/Edit Text/Bespoke/Admin Pages/Login/input_Already have an Account_already_have_account'

2020-03-23 13:41:35 - [MESSAGE][PASSED] - Keys '*' sent to object: 'Object Repository/ADMIN/Edit Text/Bespoke/Admin Pages/Login/input_Already have an Account_already_have_account'

2020-03-23 13:41:35 - [TEST_STEP][PASSED] - sendKeys(findTestObject("ADMIN/Edit Text/Bespoke/Admin Pages/Login/input_Whats your email or username_what_email_username"), "*"): Keys '*' sent to object: 'Object Repository/ADMIN/Edit Text/Bespoke/Admin Pages/Login/input_Whats your email or username_what_email_username'

2020-03-23 13:41:35 - [MESSAGE][PASSED] - Keys '*' sent to object: 'Object Repository/ADMIN/Edit Text/Bespoke/Admin Pages/Login/input_Whats your email or username_what_email_username'

2020-03-23 13:41:35 - [TEST_STEP][PASSED] - sendKeys(findTestObject("ADMIN/Edit Text/Bespoke/Admin Pages/Login/input_Reset Password_reset_password_btn"), "*"): Keys '*' sent to object: 'Object Repository/ADMIN/Edit Text/Bespoke/Admin Pages/Login/input_Reset Password_reset_password_btn'

2020-03-23 13:41:35 - [MESSAGE][PASSED] - Keys '*' sent to object: 'Object Repository/ADMIN/Edit Text/Bespoke/Admin Pages/Login/input_Reset Password_reset_password_btn'

2020-03-23 13:41:35 - [TEST_STEP][PASSED] - sendKeys(findTestObject("ADMIN/Edit Text/Bespoke/Admin Pages/Login/input_Sorry We were unable to find an account with that email  username_unable_find_account"), "*"): Keys '*' sent to object: 'Object Repository/ADMIN/Edit Text/Bespoke/Admin Pages/Login/input_Sorry We were unable to find an account with that email  username_unable_find_account'

2020-03-23 13:41:35 - [MESSAGE][PASSED] - Keys '*' sent to object: 'Object Repository/ADMIN/Edit Text/Bespoke/Admin Pages/Login/input_Sorry We were unable to find an account with that email  username_unable_find_account'

2020-03-23 13:41:35 - [TEST_STEP][PASSED] - sendKeys(findTestObject("ADMIN/Edit Text/Bespoke/Admin Pages/Login/input_A recovery email has been sent to the email address associated with this account_recovery_email"), "*"): Keys '*' sent to object: 'Object Repository/ADMIN/Edit Text/Bespoke/Admin Pages/Login/input_A recovery email has been sent to the email address associated with this account_recovery_email'

2020-03-23 13:41:35 - [MESSAGE][PASSED] - Keys '*' sent to object: 'Object Repository/ADMIN/Edit Text/Bespoke/Admin Pages/Login/input_A recovery email has been sent to the email address associated with this account_recovery_email'

2020-03-23 13:41:35 - [TEST_STEP][PASSED] - sendKeys(findTestObject("ADMIN/Edit Text/Bespoke/Admin Pages/Login/input_Back_back"), "*"): Keys '*' sent to object: 'Object Repository/ADMIN/Edit Text/Bespoke/Admin Pages/Login/input_Back_back'

2020-03-23 13:41:35 - [MESSAGE][PASSED] - Keys '*' sent to object: 'Object Repository/ADMIN/Edit Text/Bespoke/Admin Pages/Login/input_Back_back'

2020-03-23 13:41:35 - [TEST_STEP][PASSED] - sendKeys(findTestObject("ADMIN/Edit Text/Bespoke/Admin Pages/Login/input_Your New Password_your_new_password"), "*"): Keys '*' sent to object: 'Object Repository/ADMIN/Edit Text/Bespoke/Admin Pages/Login/input_Your New Password_your_new_password'

2020-03-23 13:41:35 - [MESSAGE][PASSED] - Keys '*' sent to object: 'Object Repository/ADMIN/Edit Text/Bespoke/Admin Pages/Login/input_Your New Password_your_new_password'

2020-03-23 13:41:35 - [TEST_STEP][PASSED] - sendKeys(findTestObject("ADMIN/Edit Text/Bespoke/Admin Pages/Login/input_Reconfirm New Password_reconfirm_password"), "*"): Keys '*' sent to object: 'Object Repository/ADMIN/Edit Text/Bespoke/Admin Pages/Login/input_Reconfirm New Password_reconfirm_password'

2020-03-23 13:41:36 - [MESSAGE][PASSED] - Keys '*' sent to object: 'Object Repository/ADMIN/Edit Text/Bespoke/Admin Pages/Login/input_Reconfirm New Password_reconfirm_password'

2020-03-23 13:41:36 - [TEST_STEP][PASSED] - sendKeys(findTestObject("ADMIN/Edit Text/Bespoke/Admin Pages/Login/input_The passwords do not seem to match_password_not_match"), "*"): Keys '*' sent to object: 'Object Repository/ADMIN/Edit Text/Bespoke/Admin Pages/Login/input_The passwords do not seem to match_password_not_match'

2020-03-23 13:41:36 - [MESSAGE][PASSED] - Keys '*' sent to object: 'Object Repository/ADMIN/Edit Text/Bespoke/Admin Pages/Login/input_The passwords do not seem to match_password_not_match'

2020-03-23 13:41:36 - [TEST_STEP][PASSED] - sendKeys(findTestObject("ADMIN/Edit Text/Bespoke/Admin Pages/Login/input_Change Password_your_new_password"), "*"): Keys '*' sent to object: 'Object Repository/ADMIN/Edit Text/Bespoke/Admin Pages/Login/input_Change Password_your_new_password'

2020-03-23 13:41:36 - [MESSAGE][PASSED] - Keys '*' sent to object: 'Object Repository/ADMIN/Edit Text/Bespoke/Admin Pages/Login/input_Change Password_your_new_password'

2020-03-23 13:41:36 - [TEST_STEP][PASSED] - sendKeys(findTestObject("ADMIN/Edit Text/Bespoke/Admin Pages/Login/input_Old Password_reconfirm_password"), "*"): Keys '*' sent to object: 'Object Repository/ADMIN/Edit Text/Bespoke/Admin Pages/Login/input_Old Password_reconfirm_password'

2020-03-23 13:41:36 - [MESSAGE][PASSED] - Keys '*' sent to object: 'Object Repository/ADMIN/Edit Text/Bespoke/Admin Pages/Login/input_Old Password_reconfirm_password'

2020-03-23 13:41:36 - [TEST_STEP][PASSED] - sendKeys(findTestObject("ADMIN/Edit Text/Bespoke/Admin Pages/Login/input_New password_password_not_match"), "*"): Keys '*' sent to object: 'Object Repository/ADMIN/Edit Text/Bespoke/Admin Pages/Login/input_New password_password_not_match'

2020-03-23 13:41:36 - [MESSAGE][PASSED] - Keys '*' sent to object: 'Object Repository/ADMIN/Edit Text/Bespoke/Admin Pages/Login/input_New password_password_not_match'

2020-03-23 13:41:36 - [TEST_STEP][PASSED] - sendKeys(findTestObject("ADMIN/Edit Text/Bespoke/Admin Pages/Login/input_Confirm new password_password_not_match"), "*"): Keys '*' sent to object: 'Object Repository/ADMIN/Edit Text/Bespoke/Admin Pages/Login/input_Confirm new password_password_not_match'

2020-03-23 13:41:36 - [MESSAGE][PASSED] - Keys '*' sent to object: 'Object Repository/ADMIN/Edit Text/Bespoke/Admin Pages/Login/input_Confirm new password_password_not_match'

2020-03-23 13:41:36 - [TEST_STEP][PASSED] - sendKeys(findTestObject("ADMIN/Edit Text/Bespoke/Admin Pages/Login/input_The passwords do not seem to match_password_not_match"), "*"): Keys '*' sent to object: 'Object Repository/ADMIN/Edit Text/Bespoke/Admin Pages/Login/input_The passwords do not seem to match_password_not_match'

2020-03-23 13:41:36 - [MESSAGE][PASSED] - Keys '*' sent to object: 'Object Repository/ADMIN/Edit Text/Bespoke/Admin Pages/Login/input_The passwords do not seem to match_password_not_match'

2020-03-23 13:41:36 - [TEST_STEP][PASSED] - sendKeys(findTestObject("ADMIN/Edit Text/Bespoke/Admin Pages/Login/input_Save_save_password_btn"), "*"): Keys '*' sent to object: 'Object Repository/ADMIN/Edit Text/Bespoke/Admin Pages/Login/input_Save_save_password_btn'

2020-03-23 13:41:36 - [MESSAGE][PASSED] - Keys '*' sent to object: 'Object Repository/ADMIN/Edit Text/Bespoke/Admin Pages/Login/input_Save_save_password_btn'

2020-03-23 13:41:36 - [TEST_STEP][PASSED] - click(findTestObject("ADMIN/Edit Text/Bespoke/Buyer Pages/Homepage/button_save"), CONTINUE_ON_FAILURE): Object: 'Object Repository/ADMIN/Edit Text/Bespoke/Buyer Pages/Homepage/button_save' is clicked on

2020-03-23 13:41:37 - [MESSAGE][PASSED] - Object: 'Object Repository/ADMIN/Edit Text/Bespoke/Buyer Pages/Homepage/button_save' is clicked on

2020-03-23 13:41:37 - [TEST_STEP][PASSED] - waitForElementVisible(findTestObject("ADMIN/Edit Text/Bespoke/Buyer Pages/Homepage/toaster_success About"), 0): Web element with id: 'Object Repository/ADMIN/Edit Text/Bespoke/Buyer Pages/Homepage/toaster_success About' located by 'By.xpath: //div[@class = 'toast-message' and (text() = 'Content page translations (about us, policies, etc) were successfully saved.' or . = 'Content page translations (about us, policies, etc) were successfully saved.')]' not found

2020-03-23 13:41:37 - [MESSAGE][WARNING] - Timeout '0' is invalid. Using default page load timeout: '30'

2020-03-23 13:42:11 - [MESSAGE][INFO] - Unable to find the element located by 'By.xpath: //div[@class = 'toast-message' and (text() = 'Content page translations (about us, policies, etc) were successfully saved.' or . = 'Content page translations (about us, policies, etc) were successfully saved.')]'. Please recheck the objects properties to make sure the desired element is located. 

2020-03-23 13:42:11 - [MESSAGE][WARNING] - Web element with id: 'Object Repository/ADMIN/Edit Text/Bespoke/Buyer Pages/Homepage/toaster_success About' located by 'By.xpath: //div[@class = 'toast-message' and (text() = 'Content page translations (about us, policies, etc) were successfully saved.' or . = 'Content page translations (about us, policies, etc) were successfully saved.')]' not found]]></system-out>
         <system-err><![CDATA[]]></system-err>
      </testcase>
      <testcase name="Test Cases/ADMIN/Language/Edit Text/Bespoke/Admin Pages/Login" time="40.865" classname="Test Cases/ADMIN/Language/Edit Text/Bespoke/Admin Pages/Login" status="PASSED">
         <system-out><![CDATA[2020-03-23 13:42:11 - [TEST_CASE][PASSED] - Test Cases/ADMIN/Language/Edit Text/Bespoke/Admin Pages/Login: Test Cases/ADMIN/Language/Edit Text/Bespoke/Admin Pages/Login

2020-03-23 13:42:11 - [TEST_STEP][PASSED] - waitForElementVisible(findTestObject("ADMIN/Edit Text/Bespoke/Buyer Navigation/dd_language"), 0): Object 'Object Repository/ADMIN/Edit Text/Bespoke/Buyer Navigation/dd_language' is visible

2020-03-23 13:42:11 - [MESSAGE][WARNING] - Timeout '0' is invalid. Using default page load timeout: '30'

2020-03-23 13:42:11 - [MESSAGE][PASSED] - Object 'Object Repository/ADMIN/Edit Text/Bespoke/Buyer Navigation/dd_language' is visible

2020-03-23 13:42:11 - [TEST_STEP][PASSED] - selectOptionByLabel(findTestObject("ADMIN/Edit Text/Bespoke/Buyer Navigation/dd_language"), varLanguage, false): All options with label 'Portuguese' are selected in object 'Object Repository/ADMIN/Edit Text/Bespoke/Buyer Navigation/dd_language' 

2020-03-23 13:42:12 - [MESSAGE][PASSED] - All options with label 'Portuguese' are selected in object 'Object Repository/ADMIN/Edit Text/Bespoke/Buyer Navigation/dd_language' 

2020-03-23 13:42:12 - [TEST_STEP][PASSED] - sendKeys(findTestObject("ADMIN/Edit Text/Bespoke/Admin Pages/Login/input_Continue with Google_btn_next"), "*"): Keys '*' sent to object: 'Object Repository/ADMIN/Edit Text/Bespoke/Admin Pages/Login/input_Continue with Google_btn_next'

2020-03-23 13:42:13 - [MESSAGE][PASSED] - Keys '*' sent to object: 'Object Repository/ADMIN/Edit Text/Bespoke/Admin Pages/Login/input_Continue with Google_btn_next'

2020-03-23 13:42:13 - [TEST_STEP][PASSED] - sendKeys(findTestObject("ADMIN/Edit Text/Bespoke/Admin Pages/Login/input_Continue with Facebook_btn_next"), "*"): Keys '*' sent to object: 'Object Repository/ADMIN/Edit Text/Bespoke/Admin Pages/Login/input_Continue with Facebook_btn_next'

2020-03-23 13:42:13 - [MESSAGE][PASSED] - Keys '*' sent to object: 'Object Repository/ADMIN/Edit Text/Bespoke/Admin Pages/Login/input_Continue with Facebook_btn_next'

2020-03-23 13:42:13 - [TEST_STEP][PASSED] - sendKeys(findTestObject("ADMIN/Edit Text/Bespoke/Admin Pages/Login/input_Continue with Google_btn_save"), "*"): Keys '*' sent to object: 'Object Repository/ADMIN/Edit Text/Bespoke/Admin Pages/Login/input_Continue with Google_btn_save'

2020-03-23 13:42:13 - [MESSAGE][PASSED] - Keys '*' sent to object: 'Object Repository/ADMIN/Edit Text/Bespoke/Admin Pages/Login/input_Continue with Google_btn_save'

2020-03-23 13:42:13 - [TEST_STEP][PASSED] - sendKeys(findTestObject("ADMIN/Edit Text/Bespoke/Admin Pages/Login/input_Continue with Facebook_btn_save"), "*"): Keys '*' sent to object: 'Object Repository/ADMIN/Edit Text/Bespoke/Admin Pages/Login/input_Continue with Facebook_btn_save'

2020-03-23 13:42:13 - [MESSAGE][PASSED] - Keys '*' sent to object: 'Object Repository/ADMIN/Edit Text/Bespoke/Admin Pages/Login/input_Continue with Facebook_btn_save'

2020-03-23 13:42:13 - [TEST_STEP][PASSED] - sendKeys(findTestObject("ADMIN/Edit Text/Bespoke/Admin Pages/Login/input_Your EmailUsername_email_username"), "*"): Keys '*' sent to object: 'Object Repository/ADMIN/Edit Text/Bespoke/Admin Pages/Login/input_Your EmailUsername_email_username'

2020-03-23 13:42:14 - [MESSAGE][PASSED] - Keys '*' sent to object: 'Object Repository/ADMIN/Edit Text/Bespoke/Admin Pages/Login/input_Your EmailUsername_email_username'

2020-03-23 13:42:14 - [TEST_STEP][PASSED] - sendKeys(findTestObject("ADMIN/Edit Text/Bespoke/Admin Pages/Login/input_Your Password_your_password"), "*"): Keys '*' sent to object: 'Object Repository/ADMIN/Edit Text/Bespoke/Admin Pages/Login/input_Your Password_your_password'

2020-03-23 13:42:14 - [MESSAGE][PASSED] - Keys '*' sent to object: 'Object Repository/ADMIN/Edit Text/Bespoke/Admin Pages/Login/input_Your Password_your_password'

2020-03-23 13:42:14 - [TEST_STEP][PASSED] - sendKeys(findTestObject("ADMIN/Edit Text/Bespoke/Admin Pages/Login/input_Create Account_btn_next"), "*"): Keys '*' sent to object: 'Object Repository/ADMIN/Edit Text/Bespoke/Admin Pages/Login/input_Create Account_btn_next'

2020-03-23 13:42:14 - [MESSAGE][PASSED] - Keys '*' sent to object: 'Object Repository/ADMIN/Edit Text/Bespoke/Admin Pages/Login/input_Create Account_btn_next'

2020-03-23 13:42:14 - [TEST_STEP][PASSED] - sendKeys(findTestObject("ADMIN/Edit Text/Bespoke/Admin Pages/Login/input_Sign In_btn_next"), "*"): Keys '*' sent to object: 'Object Repository/ADMIN/Edit Text/Bespoke/Admin Pages/Login/input_Sign In_btn_next'

2020-03-23 13:42:14 - [MESSAGE][PASSED] - Keys '*' sent to object: 'Object Repository/ADMIN/Edit Text/Bespoke/Admin Pages/Login/input_Sign In_btn_next'

2020-03-23 13:42:14 - [TEST_STEP][PASSED] - sendKeys(findTestObject("ADMIN/Edit Text/Bespoke/Admin Pages/Login/input_Forgot Password_forgot_password"), "*"): Keys '*' sent to object: 'Object Repository/ADMIN/Edit Text/Bespoke/Admin Pages/Login/input_Forgot Password_forgot_password'

2020-03-23 13:42:14 - [MESSAGE][PASSED] - Keys '*' sent to object: 'Object Repository/ADMIN/Edit Text/Bespoke/Admin Pages/Login/input_Forgot Password_forgot_password'

2020-03-23 13:42:14 - [TEST_STEP][PASSED] - sendKeys(findTestObject("ADMIN/Edit Text/Bespoke/Admin Pages/Login/input_Reconfirm Password_reconfirm_password"), "*"): Keys '*' sent to object: 'Object Repository/ADMIN/Edit Text/Bespoke/Admin Pages/Login/input_Reconfirm Password_reconfirm_password'

2020-03-23 13:42:15 - [MESSAGE][PASSED] - Keys '*' sent to object: 'Object Repository/ADMIN/Edit Text/Bespoke/Admin Pages/Login/input_Reconfirm Password_reconfirm_password'

2020-03-23 13:42:15 - [TEST_STEP][PASSED] - sendKeys(findTestObject("ADMIN/Edit Text/Bespoke/Admin Pages/Login/input_Notification Email_notif_email"), "*"): Keys '*' sent to object: 'Object Repository/ADMIN/Edit Text/Bespoke/Admin Pages/Login/input_Notification Email_notif_email'

2020-03-23 13:42:15 - [MESSAGE][PASSED] - Keys '*' sent to object: 'Object Repository/ADMIN/Edit Text/Bespoke/Admin Pages/Login/input_Notification Email_notif_email'

2020-03-23 13:42:15 - [TEST_STEP][PASSED] - sendKeys(findTestObject("ADMIN/Edit Text/Bespoke/Admin Pages/Login/input_Already have an Account_already_have_account"), "*"): Keys '*' sent to object: 'Object Repository/ADMIN/Edit Text/Bespoke/Admin Pages/Login/input_Already have an Account_already_have_account'

2020-03-23 13:42:15 - [MESSAGE][PASSED] - Keys '*' sent to object: 'Object Repository/ADMIN/Edit Text/Bespoke/Admin Pages/Login/input_Already have an Account_already_have_account'

2020-03-23 13:42:15 - [TEST_STEP][PASSED] - sendKeys(findTestObject("ADMIN/Edit Text/Bespoke/Admin Pages/Login/input_Whats your email or username_what_email_username"), "*"): Keys '*' sent to object: 'Object Repository/ADMIN/Edit Text/Bespoke/Admin Pages/Login/input_Whats your email or username_what_email_username'

2020-03-23 13:42:15 - [MESSAGE][PASSED] - Keys '*' sent to object: 'Object Repository/ADMIN/Edit Text/Bespoke/Admin Pages/Login/input_Whats your email or username_what_email_username'

2020-03-23 13:42:15 - [TEST_STEP][PASSED] - sendKeys(findTestObject("ADMIN/Edit Text/Bespoke/Admin Pages/Login/input_Reset Password_reset_password_btn"), "*"): Keys '*' sent to object: 'Object Repository/ADMIN/Edit Text/Bespoke/Admin Pages/Login/input_Reset Password_reset_password_btn'

2020-03-23 13:42:15 - [MESSAGE][PASSED] - Keys '*' sent to object: 'Object Repository/ADMIN/Edit Text/Bespoke/Admin Pages/Login/input_Reset Password_reset_password_btn'

2020-03-23 13:42:15 - [TEST_STEP][PASSED] - sendKeys(findTestObject("ADMIN/Edit Text/Bespoke/Admin Pages/Login/input_Sorry We were unable to find an account with that email  username_unable_find_account"), "*"): Keys '*' sent to object: 'Object Repository/ADMIN/Edit Text/Bespoke/Admin Pages/Login/input_Sorry We were unable to find an account with that email  username_unable_find_account'

2020-03-23 13:42:15 - [MESSAGE][PASSED] - Keys '*' sent to object: 'Object Repository/ADMIN/Edit Text/Bespoke/Admin Pages/Login/input_Sorry We were unable to find an account with that email  username_unable_find_account'

2020-03-23 13:42:15 - [TEST_STEP][PASSED] - sendKeys(findTestObject("ADMIN/Edit Text/Bespoke/Admin Pages/Login/input_A recovery email has been sent to the email address associated with this account_recovery_email"), "*"): Keys '*' sent to object: 'Object Repository/ADMIN/Edit Text/Bespoke/Admin Pages/Login/input_A recovery email has been sent to the email address associated with this account_recovery_email'

2020-03-23 13:42:15 - [MESSAGE][PASSED] - Keys '*' sent to object: 'Object Repository/ADMIN/Edit Text/Bespoke/Admin Pages/Login/input_A recovery email has been sent to the email address associated with this account_recovery_email'

2020-03-23 13:42:15 - [TEST_STEP][PASSED] - sendKeys(findTestObject("ADMIN/Edit Text/Bespoke/Admin Pages/Login/input_Back_back"), "*"): Keys '*' sent to object: 'Object Repository/ADMIN/Edit Text/Bespoke/Admin Pages/Login/input_Back_back'

2020-03-23 13:42:15 - [MESSAGE][PASSED] - Keys '*' sent to object: 'Object Repository/ADMIN/Edit Text/Bespoke/Admin Pages/Login/input_Back_back'

2020-03-23 13:42:15 - [TEST_STEP][PASSED] - sendKeys(findTestObject("ADMIN/Edit Text/Bespoke/Admin Pages/Login/input_Your New Password_your_new_password"), "*"): Keys '*' sent to object: 'Object Repository/ADMIN/Edit Text/Bespoke/Admin Pages/Login/input_Your New Password_your_new_password'

2020-03-23 13:42:16 - [MESSAGE][PASSED] - Keys '*' sent to object: 'Object Repository/ADMIN/Edit Text/Bespoke/Admin Pages/Login/input_Your New Password_your_new_password'

2020-03-23 13:42:16 - [TEST_STEP][PASSED] - sendKeys(findTestObject("ADMIN/Edit Text/Bespoke/Admin Pages/Login/input_Reconfirm New Password_reconfirm_password"), "*"): Keys '*' sent to object: 'Object Repository/ADMIN/Edit Text/Bespoke/Admin Pages/Login/input_Reconfirm New Password_reconfirm_password'

2020-03-23 13:42:16 - [MESSAGE][PASSED] - Keys '*' sent to object: 'Object Repository/ADMIN/Edit Text/Bespoke/Admin Pages/Login/input_Reconfirm New Password_reconfirm_password'

2020-03-23 13:42:16 - [TEST_STEP][PASSED] - sendKeys(findTestObject("ADMIN/Edit Text/Bespoke/Admin Pages/Login/input_The passwords do not seem to match_password_not_match"), "*"): Keys '*' sent to object: 'Object Repository/ADMIN/Edit Text/Bespoke/Admin Pages/Login/input_The passwords do not seem to match_password_not_match'

2020-03-23 13:42:16 - [MESSAGE][PASSED] - Keys '*' sent to object: 'Object Repository/ADMIN/Edit Text/Bespoke/Admin Pages/Login/input_The passwords do not seem to match_password_not_match'

2020-03-23 13:42:16 - [TEST_STEP][PASSED] - sendKeys(findTestObject("ADMIN/Edit Text/Bespoke/Admin Pages/Login/input_Change Password_your_new_password"), "*"): Keys '*' sent to object: 'Object Repository/ADMIN/Edit Text/Bespoke/Admin Pages/Login/input_Change Password_your_new_password'

2020-03-23 13:42:16 - [MESSAGE][PASSED] - Keys '*' sent to object: 'Object Repository/ADMIN/Edit Text/Bespoke/Admin Pages/Login/input_Change Password_your_new_password'

2020-03-23 13:42:16 - [TEST_STEP][PASSED] - sendKeys(findTestObject("ADMIN/Edit Text/Bespoke/Admin Pages/Login/input_Old Password_reconfirm_password"), "*"): Keys '*' sent to object: 'Object Repository/ADMIN/Edit Text/Bespoke/Admin Pages/Login/input_Old Password_reconfirm_password'

2020-03-23 13:42:16 - [MESSAGE][PASSED] - Keys '*' sent to object: 'Object Repository/ADMIN/Edit Text/Bespoke/Admin Pages/Login/input_Old Password_reconfirm_password'

2020-03-23 13:42:16 - [TEST_STEP][PASSED] - sendKeys(findTestObject("ADMIN/Edit Text/Bespoke/Admin Pages/Login/input_New password_password_not_match"), "*"): Keys '*' sent to object: 'Object Repository/ADMIN/Edit Text/Bespoke/Admin Pages/Login/input_New password_password_not_match'

2020-03-23 13:42:16 - [MESSAGE][PASSED] - Keys '*' sent to object: 'Object Repository/ADMIN/Edit Text/Bespoke/Admin Pages/Login/input_New password_password_not_match'

2020-03-23 13:42:16 - [TEST_STEP][PASSED] - sendKeys(findTestObject("ADMIN/Edit Text/Bespoke/Admin Pages/Login/input_Confirm new password_password_not_match"), "*"): Keys '*' sent to object: 'Object Repository/ADMIN/Edit Text/Bespoke/Admin Pages/Login/input_Confirm new password_password_not_match'

2020-03-23 13:42:17 - [MESSAGE][PASSED] - Keys '*' sent to object: 'Object Repository/ADMIN/Edit Text/Bespoke/Admin Pages/Login/input_Confirm new password_password_not_match'

2020-03-23 13:42:17 - [TEST_STEP][PASSED] - sendKeys(findTestObject("ADMIN/Edit Text/Bespoke/Admin Pages/Login/input_The passwords do not seem to match_password_not_match"), "*"): Keys '*' sent to object: 'Object Repository/ADMIN/Edit Text/Bespoke/Admin Pages/Login/input_The passwords do not seem to match_password_not_match'

2020-03-23 13:42:17 - [MESSAGE][PASSED] - Keys '*' sent to object: 'Object Repository/ADMIN/Edit Text/Bespoke/Admin Pages/Login/input_The passwords do not seem to match_password_not_match'

2020-03-23 13:42:17 - [TEST_STEP][PASSED] - sendKeys(findTestObject("ADMIN/Edit Text/Bespoke/Admin Pages/Login/input_Save_save_password_btn"), "*"): Keys '*' sent to object: 'Object Repository/ADMIN/Edit Text/Bespoke/Admin Pages/Login/input_Save_save_password_btn'

2020-03-23 13:42:17 - [MESSAGE][PASSED] - Keys '*' sent to object: 'Object Repository/ADMIN/Edit Text/Bespoke/Admin Pages/Login/input_Save_save_password_btn'

2020-03-23 13:42:17 - [TEST_STEP][PASSED] - click(findTestObject("ADMIN/Edit Text/Bespoke/Buyer Pages/Homepage/button_save"), CONTINUE_ON_FAILURE): Object: 'Object Repository/ADMIN/Edit Text/Bespoke/Buyer Pages/Homepage/button_save' is clicked on

2020-03-23 13:42:17 - [MESSAGE][PASSED] - Object: 'Object Repository/ADMIN/Edit Text/Bespoke/Buyer Pages/Homepage/button_save' is clicked on

2020-03-23 13:42:17 - [TEST_STEP][PASSED] - waitForElementVisible(findTestObject("ADMIN/Edit Text/Bespoke/Buyer Pages/Homepage/toaster_success About"), 0): Web element with id: 'Object Repository/ADMIN/Edit Text/Bespoke/Buyer Pages/Homepage/toaster_success About' located by 'By.xpath: //div[@class = 'toast-message' and (text() = 'Content page translations (about us, policies, etc) were successfully saved.' or . = 'Content page translations (about us, policies, etc) were successfully saved.')]' not found

2020-03-23 13:42:17 - [MESSAGE][WARNING] - Timeout '0' is invalid. Using default page load timeout: '30'

2020-03-23 13:42:51 - [MESSAGE][INFO] - Unable to find the element located by 'By.xpath: //div[@class = 'toast-message' and (text() = 'Content page translations (about us, policies, etc) were successfully saved.' or . = 'Content page translations (about us, policies, etc) were successfully saved.')]'. Please recheck the objects properties to make sure the desired element is located. 

2020-03-23 13:42:51 - [MESSAGE][WARNING] - Web element with id: 'Object Repository/ADMIN/Edit Text/Bespoke/Buyer Pages/Homepage/toaster_success About' located by 'By.xpath: //div[@class = 'toast-message' and (text() = 'Content page translations (about us, policies, etc) were successfully saved.' or . = 'Content page translations (about us, policies, etc) were successfully saved.')]' not found]]></system-out>
         <system-err><![CDATA[]]></system-err>
      </testcase>
      <testcase name="Test Cases/ADMIN/Language/Edit Text/Bespoke/Admin Pages/Login" time="43.351" classname="Test Cases/ADMIN/Language/Edit Text/Bespoke/Admin Pages/Login" status="PASSED">
         <system-out><![CDATA[2020-03-23 13:42:51 - [TEST_CASE][PASSED] - Test Cases/ADMIN/Language/Edit Text/Bespoke/Admin Pages/Login: Test Cases/ADMIN/Language/Edit Text/Bespoke/Admin Pages/Login

2020-03-23 13:42:51 - [TEST_STEP][PASSED] - waitForElementVisible(findTestObject("ADMIN/Edit Text/Bespoke/Buyer Navigation/dd_language"), 0): Object 'Object Repository/ADMIN/Edit Text/Bespoke/Buyer Navigation/dd_language' is visible

2020-03-23 13:42:52 - [MESSAGE][WARNING] - Timeout '0' is invalid. Using default page load timeout: '30'

2020-03-23 13:42:52 - [MESSAGE][PASSED] - Object 'Object Repository/ADMIN/Edit Text/Bespoke/Buyer Navigation/dd_language' is visible

2020-03-23 13:42:52 - [TEST_STEP][PASSED] - selectOptionByLabel(findTestObject("ADMIN/Edit Text/Bespoke/Buyer Navigation/dd_language"), varLanguage, false): All options with label 'Indonesian' are selected in object 'Object Repository/ADMIN/Edit Text/Bespoke/Buyer Navigation/dd_language' 

2020-03-23 13:42:54 - [MESSAGE][PASSED] - All options with label 'Indonesian' are selected in object 'Object Repository/ADMIN/Edit Text/Bespoke/Buyer Navigation/dd_language' 

2020-03-23 13:42:54 - [TEST_STEP][PASSED] - sendKeys(findTestObject("ADMIN/Edit Text/Bespoke/Admin Pages/Login/input_Continue with Google_btn_next"), "*"): Keys '*' sent to object: 'Object Repository/ADMIN/Edit Text/Bespoke/Admin Pages/Login/input_Continue with Google_btn_next'

2020-03-23 13:42:54 - [MESSAGE][PASSED] - Keys '*' sent to object: 'Object Repository/ADMIN/Edit Text/Bespoke/Admin Pages/Login/input_Continue with Google_btn_next'

2020-03-23 13:42:54 - [TEST_STEP][PASSED] - sendKeys(findTestObject("ADMIN/Edit Text/Bespoke/Admin Pages/Login/input_Continue with Facebook_btn_next"), "*"): Keys '*' sent to object: 'Object Repository/ADMIN/Edit Text/Bespoke/Admin Pages/Login/input_Continue with Facebook_btn_next'

2020-03-23 13:42:55 - [MESSAGE][PASSED] - Keys '*' sent to object: 'Object Repository/ADMIN/Edit Text/Bespoke/Admin Pages/Login/input_Continue with Facebook_btn_next'

2020-03-23 13:42:55 - [TEST_STEP][PASSED] - sendKeys(findTestObject("ADMIN/Edit Text/Bespoke/Admin Pages/Login/input_Continue with Google_btn_save"), "*"): Keys '*' sent to object: 'Object Repository/ADMIN/Edit Text/Bespoke/Admin Pages/Login/input_Continue with Google_btn_save'

2020-03-23 13:42:55 - [MESSAGE][PASSED] - Keys '*' sent to object: 'Object Repository/ADMIN/Edit Text/Bespoke/Admin Pages/Login/input_Continue with Google_btn_save'

2020-03-23 13:42:55 - [TEST_STEP][PASSED] - sendKeys(findTestObject("ADMIN/Edit Text/Bespoke/Admin Pages/Login/input_Continue with Facebook_btn_save"), "*"): Keys '*' sent to object: 'Object Repository/ADMIN/Edit Text/Bespoke/Admin Pages/Login/input_Continue with Facebook_btn_save'

2020-03-23 13:42:55 - [MESSAGE][PASSED] - Keys '*' sent to object: 'Object Repository/ADMIN/Edit Text/Bespoke/Admin Pages/Login/input_Continue with Facebook_btn_save'

2020-03-23 13:42:55 - [TEST_STEP][PASSED] - sendKeys(findTestObject("ADMIN/Edit Text/Bespoke/Admin Pages/Login/input_Your EmailUsername_email_username"), "*"): Keys '*' sent to object: 'Object Repository/ADMIN/Edit Text/Bespoke/Admin Pages/Login/input_Your EmailUsername_email_username'

2020-03-23 13:42:56 - [MESSAGE][PASSED] - Keys '*' sent to object: 'Object Repository/ADMIN/Edit Text/Bespoke/Admin Pages/Login/input_Your EmailUsername_email_username'

2020-03-23 13:42:56 - [TEST_STEP][PASSED] - sendKeys(findTestObject("ADMIN/Edit Text/Bespoke/Admin Pages/Login/input_Your Password_your_password"), "*"): Keys '*' sent to object: 'Object Repository/ADMIN/Edit Text/Bespoke/Admin Pages/Login/input_Your Password_your_password'

2020-03-23 13:42:56 - [MESSAGE][PASSED] - Keys '*' sent to object: 'Object Repository/ADMIN/Edit Text/Bespoke/Admin Pages/Login/input_Your Password_your_password'

2020-03-23 13:42:56 - [TEST_STEP][PASSED] - sendKeys(findTestObject("ADMIN/Edit Text/Bespoke/Admin Pages/Login/input_Create Account_btn_next"), "*"): Keys '*' sent to object: 'Object Repository/ADMIN/Edit Text/Bespoke/Admin Pages/Login/input_Create Account_btn_next'

2020-03-23 13:42:56 - [MESSAGE][PASSED] - Keys '*' sent to object: 'Object Repository/ADMIN/Edit Text/Bespoke/Admin Pages/Login/input_Create Account_btn_next'

2020-03-23 13:42:56 - [TEST_STEP][PASSED] - sendKeys(findTestObject("ADMIN/Edit Text/Bespoke/Admin Pages/Login/input_Sign In_btn_next"), "*"): Keys '*' sent to object: 'Object Repository/ADMIN/Edit Text/Bespoke/Admin Pages/Login/input_Sign In_btn_next'

2020-03-23 13:42:56 - [MESSAGE][PASSED] - Keys '*' sent to object: 'Object Repository/ADMIN/Edit Text/Bespoke/Admin Pages/Login/input_Sign In_btn_next'

2020-03-23 13:42:56 - [TEST_STEP][PASSED] - sendKeys(findTestObject("ADMIN/Edit Text/Bespoke/Admin Pages/Login/input_Forgot Password_forgot_password"), "*"): Keys '*' sent to object: 'Object Repository/ADMIN/Edit Text/Bespoke/Admin Pages/Login/input_Forgot Password_forgot_password'

2020-03-23 13:42:56 - [MESSAGE][PASSED] - Keys '*' sent to object: 'Object Repository/ADMIN/Edit Text/Bespoke/Admin Pages/Login/input_Forgot Password_forgot_password'

2020-03-23 13:42:56 - [TEST_STEP][PASSED] - sendKeys(findTestObject("ADMIN/Edit Text/Bespoke/Admin Pages/Login/input_Reconfirm Password_reconfirm_password"), "*"): Keys '*' sent to object: 'Object Repository/ADMIN/Edit Text/Bespoke/Admin Pages/Login/input_Reconfirm Password_reconfirm_password'

2020-03-23 13:42:57 - [MESSAGE][PASSED] - Keys '*' sent to object: 'Object Repository/ADMIN/Edit Text/Bespoke/Admin Pages/Login/input_Reconfirm Password_reconfirm_password'

2020-03-23 13:42:57 - [TEST_STEP][PASSED] - sendKeys(findTestObject("ADMIN/Edit Text/Bespoke/Admin Pages/Login/input_Notification Email_notif_email"), "*"): Keys '*' sent to object: 'Object Repository/ADMIN/Edit Text/Bespoke/Admin Pages/Login/input_Notification Email_notif_email'

2020-03-23 13:42:57 - [MESSAGE][PASSED] - Keys '*' sent to object: 'Object Repository/ADMIN/Edit Text/Bespoke/Admin Pages/Login/input_Notification Email_notif_email'

2020-03-23 13:42:57 - [TEST_STEP][PASSED] - sendKeys(findTestObject("ADMIN/Edit Text/Bespoke/Admin Pages/Login/input_Already have an Account_already_have_account"), "*"): Keys '*' sent to object: 'Object Repository/ADMIN/Edit Text/Bespoke/Admin Pages/Login/input_Already have an Account_already_have_account'

2020-03-23 13:42:57 - [MESSAGE][PASSED] - Keys '*' sent to object: 'Object Repository/ADMIN/Edit Text/Bespoke/Admin Pages/Login/input_Already have an Account_already_have_account'

2020-03-23 13:42:57 - [TEST_STEP][PASSED] - sendKeys(findTestObject("ADMIN/Edit Text/Bespoke/Admin Pages/Login/input_Whats your email or username_what_email_username"), "*"): Keys '*' sent to object: 'Object Repository/ADMIN/Edit Text/Bespoke/Admin Pages/Login/input_Whats your email or username_what_email_username'

2020-03-23 13:42:57 - [MESSAGE][PASSED] - Keys '*' sent to object: 'Object Repository/ADMIN/Edit Text/Bespoke/Admin Pages/Login/input_Whats your email or username_what_email_username'

2020-03-23 13:42:57 - [TEST_STEP][PASSED] - sendKeys(findTestObject("ADMIN/Edit Text/Bespoke/Admin Pages/Login/input_Reset Password_reset_password_btn"), "*"): Keys '*' sent to object: 'Object Repository/ADMIN/Edit Text/Bespoke/Admin Pages/Login/input_Reset Password_reset_password_btn'

2020-03-23 13:42:57 - [MESSAGE][PASSED] - Keys '*' sent to object: 'Object Repository/ADMIN/Edit Text/Bespoke/Admin Pages/Login/input_Reset Password_reset_password_btn'

2020-03-23 13:42:57 - [TEST_STEP][PASSED] - sendKeys(findTestObject("ADMIN/Edit Text/Bespoke/Admin Pages/Login/input_Sorry We were unable to find an account with that email  username_unable_find_account"), "*"): Keys '*' sent to object: 'Object Repository/ADMIN/Edit Text/Bespoke/Admin Pages/Login/input_Sorry We were unable to find an account with that email  username_unable_find_account'

2020-03-23 13:42:58 - [MESSAGE][PASSED] - Keys '*' sent to object: 'Object Repository/ADMIN/Edit Text/Bespoke/Admin Pages/Login/input_Sorry We were unable to find an account with that email  username_unable_find_account'

2020-03-23 13:42:58 - [TEST_STEP][PASSED] - sendKeys(findTestObject("ADMIN/Edit Text/Bespoke/Admin Pages/Login/input_A recovery email has been sent to the email address associated with this account_recovery_email"), "*"): Keys '*' sent to object: 'Object Repository/ADMIN/Edit Text/Bespoke/Admin Pages/Login/input_A recovery email has been sent to the email address associated with this account_recovery_email'

2020-03-23 13:42:58 - [MESSAGE][PASSED] - Keys '*' sent to object: 'Object Repository/ADMIN/Edit Text/Bespoke/Admin Pages/Login/input_A recovery email has been sent to the email address associated with this account_recovery_email'

2020-03-23 13:42:58 - [TEST_STEP][PASSED] - sendKeys(findTestObject("ADMIN/Edit Text/Bespoke/Admin Pages/Login/input_Back_back"), "*"): Keys '*' sent to object: 'Object Repository/ADMIN/Edit Text/Bespoke/Admin Pages/Login/input_Back_back'

2020-03-23 13:42:58 - [MESSAGE][PASSED] - Keys '*' sent to object: 'Object Repository/ADMIN/Edit Text/Bespoke/Admin Pages/Login/input_Back_back'

2020-03-23 13:42:58 - [TEST_STEP][PASSED] - sendKeys(findTestObject("ADMIN/Edit Text/Bespoke/Admin Pages/Login/input_Your New Password_your_new_password"), "*"): Keys '*' sent to object: 'Object Repository/ADMIN/Edit Text/Bespoke/Admin Pages/Login/input_Your New Password_your_new_password'

2020-03-23 13:42:58 - [MESSAGE][PASSED] - Keys '*' sent to object: 'Object Repository/ADMIN/Edit Text/Bespoke/Admin Pages/Login/input_Your New Password_your_new_password'

2020-03-23 13:42:58 - [TEST_STEP][PASSED] - sendKeys(findTestObject("ADMIN/Edit Text/Bespoke/Admin Pages/Login/input_Reconfirm New Password_reconfirm_password"), "*"): Keys '*' sent to object: 'Object Repository/ADMIN/Edit Text/Bespoke/Admin Pages/Login/input_Reconfirm New Password_reconfirm_password'

2020-03-23 13:42:58 - [MESSAGE][PASSED] - Keys '*' sent to object: 'Object Repository/ADMIN/Edit Text/Bespoke/Admin Pages/Login/input_Reconfirm New Password_reconfirm_password'

2020-03-23 13:42:58 - [TEST_STEP][PASSED] - sendKeys(findTestObject("ADMIN/Edit Text/Bespoke/Admin Pages/Login/input_The passwords do not seem to match_password_not_match"), "*"): Keys '*' sent to object: 'Object Repository/ADMIN/Edit Text/Bespoke/Admin Pages/Login/input_The passwords do not seem to match_password_not_match'

2020-03-23 13:42:59 - [MESSAGE][PASSED] - Keys '*' sent to object: 'Object Repository/ADMIN/Edit Text/Bespoke/Admin Pages/Login/input_The passwords do not seem to match_password_not_match'

2020-03-23 13:42:59 - [TEST_STEP][PASSED] - sendKeys(findTestObject("ADMIN/Edit Text/Bespoke/Admin Pages/Login/input_Change Password_your_new_password"), "*"): Keys '*' sent to object: 'Object Repository/ADMIN/Edit Text/Bespoke/Admin Pages/Login/input_Change Password_your_new_password'

2020-03-23 13:42:59 - [MESSAGE][PASSED] - Keys '*' sent to object: 'Object Repository/ADMIN/Edit Text/Bespoke/Admin Pages/Login/input_Change Password_your_new_password'

2020-03-23 13:42:59 - [TEST_STEP][PASSED] - sendKeys(findTestObject("ADMIN/Edit Text/Bespoke/Admin Pages/Login/input_Old Password_reconfirm_password"), "*"): Keys '*' sent to object: 'Object Repository/ADMIN/Edit Text/Bespoke/Admin Pages/Login/input_Old Password_reconfirm_password'

2020-03-23 13:42:59 - [MESSAGE][PASSED] - Keys '*' sent to object: 'Object Repository/ADMIN/Edit Text/Bespoke/Admin Pages/Login/input_Old Password_reconfirm_password'

2020-03-23 13:42:59 - [TEST_STEP][PASSED] - sendKeys(findTestObject("ADMIN/Edit Text/Bespoke/Admin Pages/Login/input_New password_password_not_match"), "*"): Keys '*' sent to object: 'Object Repository/ADMIN/Edit Text/Bespoke/Admin Pages/Login/input_New password_password_not_match'

2020-03-23 13:42:59 - [MESSAGE][PASSED] - Keys '*' sent to object: 'Object Repository/ADMIN/Edit Text/Bespoke/Admin Pages/Login/input_New password_password_not_match'

2020-03-23 13:42:59 - [TEST_STEP][PASSED] - sendKeys(findTestObject("ADMIN/Edit Text/Bespoke/Admin Pages/Login/input_Confirm new password_password_not_match"), "*"): Keys '*' sent to object: 'Object Repository/ADMIN/Edit Text/Bespoke/Admin Pages/Login/input_Confirm new password_password_not_match'

2020-03-23 13:42:59 - [MESSAGE][PASSED] - Keys '*' sent to object: 'Object Repository/ADMIN/Edit Text/Bespoke/Admin Pages/Login/input_Confirm new password_password_not_match'

2020-03-23 13:42:59 - [TEST_STEP][PASSED] - sendKeys(findTestObject("ADMIN/Edit Text/Bespoke/Admin Pages/Login/input_The passwords do not seem to match_password_not_match"), "*"): Keys '*' sent to object: 'Object Repository/ADMIN/Edit Text/Bespoke/Admin Pages/Login/input_The passwords do not seem to match_password_not_match'

2020-03-23 13:43:00 - [MESSAGE][PASSED] - Keys '*' sent to object: 'Object Repository/ADMIN/Edit Text/Bespoke/Admin Pages/Login/input_The passwords do not seem to match_password_not_match'

2020-03-23 13:43:00 - [TEST_STEP][PASSED] - sendKeys(findTestObject("ADMIN/Edit Text/Bespoke/Admin Pages/Login/input_Save_save_password_btn"), "*"): Keys '*' sent to object: 'Object Repository/ADMIN/Edit Text/Bespoke/Admin Pages/Login/input_Save_save_password_btn'

2020-03-23 13:43:00 - [MESSAGE][PASSED] - Keys '*' sent to object: 'Object Repository/ADMIN/Edit Text/Bespoke/Admin Pages/Login/input_Save_save_password_btn'

2020-03-23 13:43:00 - [TEST_STEP][PASSED] - click(findTestObject("ADMIN/Edit Text/Bespoke/Buyer Pages/Homepage/button_save"), CONTINUE_ON_FAILURE): Object: 'Object Repository/ADMIN/Edit Text/Bespoke/Buyer Pages/Homepage/button_save' is clicked on

2020-03-23 13:43:00 - [MESSAGE][PASSED] - Object: 'Object Repository/ADMIN/Edit Text/Bespoke/Buyer Pages/Homepage/button_save' is clicked on

2020-03-23 13:43:00 - [TEST_STEP][PASSED] - waitForElementVisible(findTestObject("ADMIN/Edit Text/Bespoke/Buyer Pages/Homepage/toaster_success About"), 0): Web element with id: 'Object Repository/ADMIN/Edit Text/Bespoke/Buyer Pages/Homepage/toaster_success About' located by 'By.xpath: //div[@class = 'toast-message' and (text() = 'Content page translations (about us, policies, etc) were successfully saved.' or . = 'Content page translations (about us, policies, etc) were successfully saved.')]' not found

2020-03-23 13:43:00 - [MESSAGE][WARNING] - Timeout '0' is invalid. Using default page load timeout: '30'

2020-03-23 13:43:35 - [MESSAGE][INFO] - Unable to find the element located by 'By.xpath: //div[@class = 'toast-message' and (text() = 'Content page translations (about us, policies, etc) were successfully saved.' or . = 'Content page translations (about us, policies, etc) were successfully saved.')]'. Please recheck the objects properties to make sure the desired element is located. 

2020-03-23 13:43:35 - [MESSAGE][WARNING] - Web element with id: 'Object Repository/ADMIN/Edit Text/Bespoke/Buyer Pages/Homepage/toaster_success About' located by 'By.xpath: //div[@class = 'toast-message' and (text() = 'Content page translations (about us, policies, etc) were successfully saved.' or . = 'Content page translations (about us, policies, etc) were successfully saved.')]' not found]]></system-out>
         <system-err><![CDATA[]]></system-err>
      </testcase>
      <testcase name="Test Cases/ADMIN/Language/Edit Text/Bespoke/Admin Pages/Login" time="41.78" classname="Test Cases/ADMIN/Language/Edit Text/Bespoke/Admin Pages/Login" status="PASSED">
         <system-out><![CDATA[2020-03-23 13:43:35 - [TEST_CASE][PASSED] - Test Cases/ADMIN/Language/Edit Text/Bespoke/Admin Pages/Login: Test Cases/ADMIN/Language/Edit Text/Bespoke/Admin Pages/Login

2020-03-23 13:43:35 - [TEST_STEP][PASSED] - waitForElementVisible(findTestObject("ADMIN/Edit Text/Bespoke/Buyer Navigation/dd_language"), 0): Object 'Object Repository/ADMIN/Edit Text/Bespoke/Buyer Navigation/dd_language' is visible

2020-03-23 13:43:35 - [MESSAGE][WARNING] - Timeout '0' is invalid. Using default page load timeout: '30'

2020-03-23 13:43:35 - [MESSAGE][PASSED] - Object 'Object Repository/ADMIN/Edit Text/Bespoke/Buyer Navigation/dd_language' is visible

2020-03-23 13:43:35 - [TEST_STEP][PASSED] - selectOptionByLabel(findTestObject("ADMIN/Edit Text/Bespoke/Buyer Navigation/dd_language"), varLanguage, false): All options with label 'Russian' are selected in object 'Object Repository/ADMIN/Edit Text/Bespoke/Buyer Navigation/dd_language' 

2020-03-23 13:43:36 - [MESSAGE][PASSED] - All options with label 'Russian' are selected in object 'Object Repository/ADMIN/Edit Text/Bespoke/Buyer Navigation/dd_language' 

2020-03-23 13:43:36 - [TEST_STEP][PASSED] - sendKeys(findTestObject("ADMIN/Edit Text/Bespoke/Admin Pages/Login/input_Continue with Google_btn_next"), "*"): Keys '*' sent to object: 'Object Repository/ADMIN/Edit Text/Bespoke/Admin Pages/Login/input_Continue with Google_btn_next'

2020-03-23 13:43:37 - [MESSAGE][PASSED] - Keys '*' sent to object: 'Object Repository/ADMIN/Edit Text/Bespoke/Admin Pages/Login/input_Continue with Google_btn_next'

2020-03-23 13:43:37 - [TEST_STEP][PASSED] - sendKeys(findTestObject("ADMIN/Edit Text/Bespoke/Admin Pages/Login/input_Continue with Facebook_btn_next"), "*"): Keys '*' sent to object: 'Object Repository/ADMIN/Edit Text/Bespoke/Admin Pages/Login/input_Continue with Facebook_btn_next'

2020-03-23 13:43:38 - [MESSAGE][PASSED] - Keys '*' sent to object: 'Object Repository/ADMIN/Edit Text/Bespoke/Admin Pages/Login/input_Continue with Facebook_btn_next'

2020-03-23 13:43:38 - [TEST_STEP][PASSED] - sendKeys(findTestObject("ADMIN/Edit Text/Bespoke/Admin Pages/Login/input_Continue with Google_btn_save"), "*"): Keys '*' sent to object: 'Object Repository/ADMIN/Edit Text/Bespoke/Admin Pages/Login/input_Continue with Google_btn_save'

2020-03-23 13:43:38 - [MESSAGE][PASSED] - Keys '*' sent to object: 'Object Repository/ADMIN/Edit Text/Bespoke/Admin Pages/Login/input_Continue with Google_btn_save'

2020-03-23 13:43:38 - [TEST_STEP][PASSED] - sendKeys(findTestObject("ADMIN/Edit Text/Bespoke/Admin Pages/Login/input_Continue with Facebook_btn_save"), "*"): Keys '*' sent to object: 'Object Repository/ADMIN/Edit Text/Bespoke/Admin Pages/Login/input_Continue with Facebook_btn_save'

2020-03-23 13:43:38 - [MESSAGE][PASSED] - Keys '*' sent to object: 'Object Repository/ADMIN/Edit Text/Bespoke/Admin Pages/Login/input_Continue with Facebook_btn_save'

2020-03-23 13:43:38 - [TEST_STEP][PASSED] - sendKeys(findTestObject("ADMIN/Edit Text/Bespoke/Admin Pages/Login/input_Your EmailUsername_email_username"), "*"): Keys '*' sent to object: 'Object Repository/ADMIN/Edit Text/Bespoke/Admin Pages/Login/input_Your EmailUsername_email_username'

2020-03-23 13:43:38 - [MESSAGE][PASSED] - Keys '*' sent to object: 'Object Repository/ADMIN/Edit Text/Bespoke/Admin Pages/Login/input_Your EmailUsername_email_username'

2020-03-23 13:43:38 - [TEST_STEP][PASSED] - sendKeys(findTestObject("ADMIN/Edit Text/Bespoke/Admin Pages/Login/input_Your Password_your_password"), "*"): Keys '*' sent to object: 'Object Repository/ADMIN/Edit Text/Bespoke/Admin Pages/Login/input_Your Password_your_password'

2020-03-23 13:43:38 - [MESSAGE][PASSED] - Keys '*' sent to object: 'Object Repository/ADMIN/Edit Text/Bespoke/Admin Pages/Login/input_Your Password_your_password'

2020-03-23 13:43:38 - [TEST_STEP][PASSED] - sendKeys(findTestObject("ADMIN/Edit Text/Bespoke/Admin Pages/Login/input_Create Account_btn_next"), "*"): Keys '*' sent to object: 'Object Repository/ADMIN/Edit Text/Bespoke/Admin Pages/Login/input_Create Account_btn_next'

2020-03-23 13:43:39 - [MESSAGE][PASSED] - Keys '*' sent to object: 'Object Repository/ADMIN/Edit Text/Bespoke/Admin Pages/Login/input_Create Account_btn_next'

2020-03-23 13:43:39 - [TEST_STEP][PASSED] - sendKeys(findTestObject("ADMIN/Edit Text/Bespoke/Admin Pages/Login/input_Sign In_btn_next"), "*"): Keys '*' sent to object: 'Object Repository/ADMIN/Edit Text/Bespoke/Admin Pages/Login/input_Sign In_btn_next'

2020-03-23 13:43:39 - [MESSAGE][PASSED] - Keys '*' sent to object: 'Object Repository/ADMIN/Edit Text/Bespoke/Admin Pages/Login/input_Sign In_btn_next'

2020-03-23 13:43:39 - [TEST_STEP][PASSED] - sendKeys(findTestObject("ADMIN/Edit Text/Bespoke/Admin Pages/Login/input_Forgot Password_forgot_password"), "*"): Keys '*' sent to object: 'Object Repository/ADMIN/Edit Text/Bespoke/Admin Pages/Login/input_Forgot Password_forgot_password'

2020-03-23 13:43:39 - [MESSAGE][PASSED] - Keys '*' sent to object: 'Object Repository/ADMIN/Edit Text/Bespoke/Admin Pages/Login/input_Forgot Password_forgot_password'

2020-03-23 13:43:39 - [TEST_STEP][PASSED] - sendKeys(findTestObject("ADMIN/Edit Text/Bespoke/Admin Pages/Login/input_Reconfirm Password_reconfirm_password"), "*"): Keys '*' sent to object: 'Object Repository/ADMIN/Edit Text/Bespoke/Admin Pages/Login/input_Reconfirm Password_reconfirm_password'

2020-03-23 13:43:39 - [MESSAGE][PASSED] - Keys '*' sent to object: 'Object Repository/ADMIN/Edit Text/Bespoke/Admin Pages/Login/input_Reconfirm Password_reconfirm_password'

2020-03-23 13:43:39 - [TEST_STEP][PASSED] - sendKeys(findTestObject("ADMIN/Edit Text/Bespoke/Admin Pages/Login/input_Notification Email_notif_email"), "*"): Keys '*' sent to object: 'Object Repository/ADMIN/Edit Text/Bespoke/Admin Pages/Login/input_Notification Email_notif_email'

2020-03-23 13:43:39 - [MESSAGE][PASSED] - Keys '*' sent to object: 'Object Repository/ADMIN/Edit Text/Bespoke/Admin Pages/Login/input_Notification Email_notif_email'

2020-03-23 13:43:39 - [TEST_STEP][PASSED] - sendKeys(findTestObject("ADMIN/Edit Text/Bespoke/Admin Pages/Login/input_Already have an Account_already_have_account"), "*"): Keys '*' sent to object: 'Object Repository/ADMIN/Edit Text/Bespoke/Admin Pages/Login/input_Already have an Account_already_have_account'

2020-03-23 13:43:39 - [MESSAGE][PASSED] - Keys '*' sent to object: 'Object Repository/ADMIN/Edit Text/Bespoke/Admin Pages/Login/input_Already have an Account_already_have_account'

2020-03-23 13:43:39 - [TEST_STEP][PASSED] - sendKeys(findTestObject("ADMIN/Edit Text/Bespoke/Admin Pages/Login/input_Whats your email or username_what_email_username"), "*"): Keys '*' sent to object: 'Object Repository/ADMIN/Edit Text/Bespoke/Admin Pages/Login/input_Whats your email or username_what_email_username'

2020-03-23 13:43:40 - [MESSAGE][PASSED] - Keys '*' sent to object: 'Object Repository/ADMIN/Edit Text/Bespoke/Admin Pages/Login/input_Whats your email or username_what_email_username'

2020-03-23 13:43:40 - [TEST_STEP][PASSED] - sendKeys(findTestObject("ADMIN/Edit Text/Bespoke/Admin Pages/Login/input_Reset Password_reset_password_btn"), "*"): Keys '*' sent to object: 'Object Repository/ADMIN/Edit Text/Bespoke/Admin Pages/Login/input_Reset Password_reset_password_btn'

2020-03-23 13:43:40 - [MESSAGE][PASSED] - Keys '*' sent to object: 'Object Repository/ADMIN/Edit Text/Bespoke/Admin Pages/Login/input_Reset Password_reset_password_btn'

2020-03-23 13:43:40 - [TEST_STEP][PASSED] - sendKeys(findTestObject("ADMIN/Edit Text/Bespoke/Admin Pages/Login/input_Sorry We were unable to find an account with that email  username_unable_find_account"), "*"): Keys '*' sent to object: 'Object Repository/ADMIN/Edit Text/Bespoke/Admin Pages/Login/input_Sorry We were unable to find an account with that email  username_unable_find_account'

2020-03-23 13:43:40 - [MESSAGE][PASSED] - Keys '*' sent to object: 'Object Repository/ADMIN/Edit Text/Bespoke/Admin Pages/Login/input_Sorry We were unable to find an account with that email  username_unable_find_account'

2020-03-23 13:43:40 - [TEST_STEP][PASSED] - sendKeys(findTestObject("ADMIN/Edit Text/Bespoke/Admin Pages/Login/input_A recovery email has been sent to the email address associated with this account_recovery_email"), "*"): Keys '*' sent to object: 'Object Repository/ADMIN/Edit Text/Bespoke/Admin Pages/Login/input_A recovery email has been sent to the email address associated with this account_recovery_email'

2020-03-23 13:43:40 - [MESSAGE][PASSED] - Keys '*' sent to object: 'Object Repository/ADMIN/Edit Text/Bespoke/Admin Pages/Login/input_A recovery email has been sent to the email address associated with this account_recovery_email'

2020-03-23 13:43:40 - [TEST_STEP][PASSED] - sendKeys(findTestObject("ADMIN/Edit Text/Bespoke/Admin Pages/Login/input_Back_back"), "*"): Keys '*' sent to object: 'Object Repository/ADMIN/Edit Text/Bespoke/Admin Pages/Login/input_Back_back'

2020-03-23 13:43:40 - [MESSAGE][PASSED] - Keys '*' sent to object: 'Object Repository/ADMIN/Edit Text/Bespoke/Admin Pages/Login/input_Back_back'

2020-03-23 13:43:40 - [TEST_STEP][PASSED] - sendKeys(findTestObject("ADMIN/Edit Text/Bespoke/Admin Pages/Login/input_Your New Password_your_new_password"), "*"): Keys '*' sent to object: 'Object Repository/ADMIN/Edit Text/Bespoke/Admin Pages/Login/input_Your New Password_your_new_password'

2020-03-23 13:43:40 - [MESSAGE][PASSED] - Keys '*' sent to object: 'Object Repository/ADMIN/Edit Text/Bespoke/Admin Pages/Login/input_Your New Password_your_new_password'

2020-03-23 13:43:40 - [TEST_STEP][PASSED] - sendKeys(findTestObject("ADMIN/Edit Text/Bespoke/Admin Pages/Login/input_Reconfirm New Password_reconfirm_password"), "*"): Keys '*' sent to object: 'Object Repository/ADMIN/Edit Text/Bespoke/Admin Pages/Login/input_Reconfirm New Password_reconfirm_password'

2020-03-23 13:43:40 - [MESSAGE][PASSED] - Keys '*' sent to object: 'Object Repository/ADMIN/Edit Text/Bespoke/Admin Pages/Login/input_Reconfirm New Password_reconfirm_password'

2020-03-23 13:43:40 - [TEST_STEP][PASSED] - sendKeys(findTestObject("ADMIN/Edit Text/Bespoke/Admin Pages/Login/input_The passwords do not seem to match_password_not_match"), "*"): Keys '*' sent to object: 'Object Repository/ADMIN/Edit Text/Bespoke/Admin Pages/Login/input_The passwords do not seem to match_password_not_match'

2020-03-23 13:43:41 - [MESSAGE][PASSED] - Keys '*' sent to object: 'Object Repository/ADMIN/Edit Text/Bespoke/Admin Pages/Login/input_The passwords do not seem to match_password_not_match'

2020-03-23 13:43:41 - [TEST_STEP][PASSED] - sendKeys(findTestObject("ADMIN/Edit Text/Bespoke/Admin Pages/Login/input_Change Password_your_new_password"), "*"): Keys '*' sent to object: 'Object Repository/ADMIN/Edit Text/Bespoke/Admin Pages/Login/input_Change Password_your_new_password'

2020-03-23 13:43:41 - [MESSAGE][PASSED] - Keys '*' sent to object: 'Object Repository/ADMIN/Edit Text/Bespoke/Admin Pages/Login/input_Change Password_your_new_password'

2020-03-23 13:43:41 - [TEST_STEP][PASSED] - sendKeys(findTestObject("ADMIN/Edit Text/Bespoke/Admin Pages/Login/input_Old Password_reconfirm_password"), "*"): Keys '*' sent to object: 'Object Repository/ADMIN/Edit Text/Bespoke/Admin Pages/Login/input_Old Password_reconfirm_password'

2020-03-23 13:43:41 - [MESSAGE][PASSED] - Keys '*' sent to object: 'Object Repository/ADMIN/Edit Text/Bespoke/Admin Pages/Login/input_Old Password_reconfirm_password'

2020-03-23 13:43:41 - [TEST_STEP][PASSED] - sendKeys(findTestObject("ADMIN/Edit Text/Bespoke/Admin Pages/Login/input_New password_password_not_match"), "*"): Keys '*' sent to object: 'Object Repository/ADMIN/Edit Text/Bespoke/Admin Pages/Login/input_New password_password_not_match'

2020-03-23 13:43:41 - [MESSAGE][PASSED] - Keys '*' sent to object: 'Object Repository/ADMIN/Edit Text/Bespoke/Admin Pages/Login/input_New password_password_not_match'

2020-03-23 13:43:41 - [TEST_STEP][PASSED] - sendKeys(findTestObject("ADMIN/Edit Text/Bespoke/Admin Pages/Login/input_Confirm new password_password_not_match"), "*"): Keys '*' sent to object: 'Object Repository/ADMIN/Edit Text/Bespoke/Admin Pages/Login/input_Confirm new password_password_not_match'

2020-03-23 13:43:41 - [MESSAGE][PASSED] - Keys '*' sent to object: 'Object Repository/ADMIN/Edit Text/Bespoke/Admin Pages/Login/input_Confirm new password_password_not_match'

2020-03-23 13:43:41 - [TEST_STEP][PASSED] - sendKeys(findTestObject("ADMIN/Edit Text/Bespoke/Admin Pages/Login/input_The passwords do not seem to match_password_not_match"), "*"): Keys '*' sent to object: 'Object Repository/ADMIN/Edit Text/Bespoke/Admin Pages/Login/input_The passwords do not seem to match_password_not_match'

2020-03-23 13:43:41 - [MESSAGE][PASSED] - Keys '*' sent to object: 'Object Repository/ADMIN/Edit Text/Bespoke/Admin Pages/Login/input_The passwords do not seem to match_password_not_match'

2020-03-23 13:43:41 - [TEST_STEP][PASSED] - sendKeys(findTestObject("ADMIN/Edit Text/Bespoke/Admin Pages/Login/input_Save_save_password_btn"), "*"): Keys '*' sent to object: 'Object Repository/ADMIN/Edit Text/Bespoke/Admin Pages/Login/input_Save_save_password_btn'

2020-03-23 13:43:42 - [MESSAGE][PASSED] - Keys '*' sent to object: 'Object Repository/ADMIN/Edit Text/Bespoke/Admin Pages/Login/input_Save_save_password_btn'

2020-03-23 13:43:42 - [TEST_STEP][PASSED] - click(findTestObject("ADMIN/Edit Text/Bespoke/Buyer Pages/Homepage/button_save"), CONTINUE_ON_FAILURE): Object: 'Object Repository/ADMIN/Edit Text/Bespoke/Buyer Pages/Homepage/button_save' is clicked on

2020-03-23 13:43:42 - [MESSAGE][PASSED] - Object: 'Object Repository/ADMIN/Edit Text/Bespoke/Buyer Pages/Homepage/button_save' is clicked on

2020-03-23 13:43:42 - [TEST_STEP][PASSED] - waitForElementVisible(findTestObject("ADMIN/Edit Text/Bespoke/Buyer Pages/Homepage/toaster_success About"), 0): Web element with id: 'Object Repository/ADMIN/Edit Text/Bespoke/Buyer Pages/Homepage/toaster_success About' located by 'By.xpath: //div[@class = 'toast-message' and (text() = 'Content page translations (about us, policies, etc) were successfully saved.' or . = 'Content page translations (about us, policies, etc) were successfully saved.')]' not found

2020-03-23 13:43:42 - [MESSAGE][WARNING] - Timeout '0' is invalid. Using default page load timeout: '30'

2020-03-23 13:44:17 - [MESSAGE][INFO] - Unable to find the element located by 'By.xpath: //div[@class = 'toast-message' and (text() = 'Content page translations (about us, policies, etc) were successfully saved.' or . = 'Content page translations (about us, policies, etc) were successfully saved.')]'. Please recheck the objects properties to make sure the desired element is located. 

2020-03-23 13:44:17 - [MESSAGE][WARNING] - Web element with id: 'Object Repository/ADMIN/Edit Text/Bespoke/Buyer Pages/Homepage/toaster_success About' located by 'By.xpath: //div[@class = 'toast-message' and (text() = 'Content page translations (about us, policies, etc) were successfully saved.' or . = 'Content page translations (about us, policies, etc) were successfully saved.')]' not found]]></system-out>
         <system-err><![CDATA[]]></system-err>
      </testcase>
      <testcase name="Test Cases/ADMIN/Language/Edit Text/Bespoke/Admin Pages/Login" time="40.539" classname="Test Cases/ADMIN/Language/Edit Text/Bespoke/Admin Pages/Login" status="PASSED">
         <system-out><![CDATA[2020-03-23 13:44:17 - [TEST_CASE][PASSED] - Test Cases/ADMIN/Language/Edit Text/Bespoke/Admin Pages/Login: Test Cases/ADMIN/Language/Edit Text/Bespoke/Admin Pages/Login

2020-03-23 13:44:17 - [TEST_STEP][PASSED] - waitForElementVisible(findTestObject("ADMIN/Edit Text/Bespoke/Buyer Navigation/dd_language"), 0): Object 'Object Repository/ADMIN/Edit Text/Bespoke/Buyer Navigation/dd_language' is visible

2020-03-23 13:44:17 - [MESSAGE][WARNING] - Timeout '0' is invalid. Using default page load timeout: '30'

2020-03-23 13:44:17 - [MESSAGE][PASSED] - Object 'Object Repository/ADMIN/Edit Text/Bespoke/Buyer Navigation/dd_language' is visible

2020-03-23 13:44:17 - [TEST_STEP][PASSED] - selectOptionByLabel(findTestObject("ADMIN/Edit Text/Bespoke/Buyer Navigation/dd_language"), varLanguage, false): All options with label 'Italian' are selected in object 'Object Repository/ADMIN/Edit Text/Bespoke/Buyer Navigation/dd_language' 

2020-03-23 13:44:19 - [MESSAGE][PASSED] - All options with label 'Italian' are selected in object 'Object Repository/ADMIN/Edit Text/Bespoke/Buyer Navigation/dd_language' 

2020-03-23 13:44:19 - [TEST_STEP][PASSED] - sendKeys(findTestObject("ADMIN/Edit Text/Bespoke/Admin Pages/Login/input_Continue with Google_btn_next"), "*"): Keys '*' sent to object: 'Object Repository/ADMIN/Edit Text/Bespoke/Admin Pages/Login/input_Continue with Google_btn_next'

2020-03-23 13:44:19 - [MESSAGE][PASSED] - Keys '*' sent to object: 'Object Repository/ADMIN/Edit Text/Bespoke/Admin Pages/Login/input_Continue with Google_btn_next'

2020-03-23 13:44:19 - [TEST_STEP][PASSED] - sendKeys(findTestObject("ADMIN/Edit Text/Bespoke/Admin Pages/Login/input_Continue with Facebook_btn_next"), "*"): Keys '*' sent to object: 'Object Repository/ADMIN/Edit Text/Bespoke/Admin Pages/Login/input_Continue with Facebook_btn_next'

2020-03-23 13:44:19 - [MESSAGE][PASSED] - Keys '*' sent to object: 'Object Repository/ADMIN/Edit Text/Bespoke/Admin Pages/Login/input_Continue with Facebook_btn_next'

2020-03-23 13:44:19 - [TEST_STEP][PASSED] - sendKeys(findTestObject("ADMIN/Edit Text/Bespoke/Admin Pages/Login/input_Continue with Google_btn_save"), "*"): Keys '*' sent to object: 'Object Repository/ADMIN/Edit Text/Bespoke/Admin Pages/Login/input_Continue with Google_btn_save'

2020-03-23 13:44:20 - [MESSAGE][PASSED] - Keys '*' sent to object: 'Object Repository/ADMIN/Edit Text/Bespoke/Admin Pages/Login/input_Continue with Google_btn_save'

2020-03-23 13:44:20 - [TEST_STEP][PASSED] - sendKeys(findTestObject("ADMIN/Edit Text/Bespoke/Admin Pages/Login/input_Continue with Facebook_btn_save"), "*"): Keys '*' sent to object: 'Object Repository/ADMIN/Edit Text/Bespoke/Admin Pages/Login/input_Continue with Facebook_btn_save'

2020-03-23 13:44:20 - [MESSAGE][PASSED] - Keys '*' sent to object: 'Object Repository/ADMIN/Edit Text/Bespoke/Admin Pages/Login/input_Continue with Facebook_btn_save'

2020-03-23 13:44:20 - [TEST_STEP][PASSED] - sendKeys(findTestObject("ADMIN/Edit Text/Bespoke/Admin Pages/Login/input_Your EmailUsername_email_username"), "*"): Keys '*' sent to object: 'Object Repository/ADMIN/Edit Text/Bespoke/Admin Pages/Login/input_Your EmailUsername_email_username'

2020-03-23 13:44:20 - [MESSAGE][PASSED] - Keys '*' sent to object: 'Object Repository/ADMIN/Edit Text/Bespoke/Admin Pages/Login/input_Your EmailUsername_email_username'

2020-03-23 13:44:20 - [TEST_STEP][PASSED] - sendKeys(findTestObject("ADMIN/Edit Text/Bespoke/Admin Pages/Login/input_Your Password_your_password"), "*"): Keys '*' sent to object: 'Object Repository/ADMIN/Edit Text/Bespoke/Admin Pages/Login/input_Your Password_your_password'

2020-03-23 13:44:20 - [MESSAGE][PASSED] - Keys '*' sent to object: 'Object Repository/ADMIN/Edit Text/Bespoke/Admin Pages/Login/input_Your Password_your_password'

2020-03-23 13:44:20 - [TEST_STEP][PASSED] - sendKeys(findTestObject("ADMIN/Edit Text/Bespoke/Admin Pages/Login/input_Create Account_btn_next"), "*"): Keys '*' sent to object: 'Object Repository/ADMIN/Edit Text/Bespoke/Admin Pages/Login/input_Create Account_btn_next'

2020-03-23 13:44:20 - [MESSAGE][PASSED] - Keys '*' sent to object: 'Object Repository/ADMIN/Edit Text/Bespoke/Admin Pages/Login/input_Create Account_btn_next'

2020-03-23 13:44:20 - [TEST_STEP][PASSED] - sendKeys(findTestObject("ADMIN/Edit Text/Bespoke/Admin Pages/Login/input_Sign In_btn_next"), "*"): Keys '*' sent to object: 'Object Repository/ADMIN/Edit Text/Bespoke/Admin Pages/Login/input_Sign In_btn_next'

2020-03-23 13:44:21 - [MESSAGE][PASSED] - Keys '*' sent to object: 'Object Repository/ADMIN/Edit Text/Bespoke/Admin Pages/Login/input_Sign In_btn_next'

2020-03-23 13:44:21 - [TEST_STEP][PASSED] - sendKeys(findTestObject("ADMIN/Edit Text/Bespoke/Admin Pages/Login/input_Forgot Password_forgot_password"), "*"): Keys '*' sent to object: 'Object Repository/ADMIN/Edit Text/Bespoke/Admin Pages/Login/input_Forgot Password_forgot_password'

2020-03-23 13:44:21 - [MESSAGE][PASSED] - Keys '*' sent to object: 'Object Repository/ADMIN/Edit Text/Bespoke/Admin Pages/Login/input_Forgot Password_forgot_password'

2020-03-23 13:44:21 - [TEST_STEP][PASSED] - sendKeys(findTestObject("ADMIN/Edit Text/Bespoke/Admin Pages/Login/input_Reconfirm Password_reconfirm_password"), "*"): Keys '*' sent to object: 'Object Repository/ADMIN/Edit Text/Bespoke/Admin Pages/Login/input_Reconfirm Password_reconfirm_password'

2020-03-23 13:44:21 - [MESSAGE][PASSED] - Keys '*' sent to object: 'Object Repository/ADMIN/Edit Text/Bespoke/Admin Pages/Login/input_Reconfirm Password_reconfirm_password'

2020-03-23 13:44:21 - [TEST_STEP][PASSED] - sendKeys(findTestObject("ADMIN/Edit Text/Bespoke/Admin Pages/Login/input_Notification Email_notif_email"), "*"): Keys '*' sent to object: 'Object Repository/ADMIN/Edit Text/Bespoke/Admin Pages/Login/input_Notification Email_notif_email'

2020-03-23 13:44:21 - [MESSAGE][PASSED] - Keys '*' sent to object: 'Object Repository/ADMIN/Edit Text/Bespoke/Admin Pages/Login/input_Notification Email_notif_email'

2020-03-23 13:44:21 - [TEST_STEP][PASSED] - sendKeys(findTestObject("ADMIN/Edit Text/Bespoke/Admin Pages/Login/input_Already have an Account_already_have_account"), "*"): Keys '*' sent to object: 'Object Repository/ADMIN/Edit Text/Bespoke/Admin Pages/Login/input_Already have an Account_already_have_account'

2020-03-23 13:44:21 - [MESSAGE][PASSED] - Keys '*' sent to object: 'Object Repository/ADMIN/Edit Text/Bespoke/Admin Pages/Login/input_Already have an Account_already_have_account'

2020-03-23 13:44:21 - [TEST_STEP][PASSED] - sendKeys(findTestObject("ADMIN/Edit Text/Bespoke/Admin Pages/Login/input_Whats your email or username_what_email_username"), "*"): Keys '*' sent to object: 'Object Repository/ADMIN/Edit Text/Bespoke/Admin Pages/Login/input_Whats your email or username_what_email_username'

2020-03-23 13:44:21 - [MESSAGE][PASSED] - Keys '*' sent to object: 'Object Repository/ADMIN/Edit Text/Bespoke/Admin Pages/Login/input_Whats your email or username_what_email_username'

2020-03-23 13:44:21 - [TEST_STEP][PASSED] - sendKeys(findTestObject("ADMIN/Edit Text/Bespoke/Admin Pages/Login/input_Reset Password_reset_password_btn"), "*"): Keys '*' sent to object: 'Object Repository/ADMIN/Edit Text/Bespoke/Admin Pages/Login/input_Reset Password_reset_password_btn'

2020-03-23 13:44:22 - [MESSAGE][PASSED] - Keys '*' sent to object: 'Object Repository/ADMIN/Edit Text/Bespoke/Admin Pages/Login/input_Reset Password_reset_password_btn'

2020-03-23 13:44:22 - [TEST_STEP][PASSED] - sendKeys(findTestObject("ADMIN/Edit Text/Bespoke/Admin Pages/Login/input_Sorry We were unable to find an account with that email  username_unable_find_account"), "*"): Keys '*' sent to object: 'Object Repository/ADMIN/Edit Text/Bespoke/Admin Pages/Login/input_Sorry We were unable to find an account with that email  username_unable_find_account'

2020-03-23 13:44:22 - [MESSAGE][PASSED] - Keys '*' sent to object: 'Object Repository/ADMIN/Edit Text/Bespoke/Admin Pages/Login/input_Sorry We were unable to find an account with that email  username_unable_find_account'

2020-03-23 13:44:22 - [TEST_STEP][PASSED] - sendKeys(findTestObject("ADMIN/Edit Text/Bespoke/Admin Pages/Login/input_A recovery email has been sent to the email address associated with this account_recovery_email"), "*"): Keys '*' sent to object: 'Object Repository/ADMIN/Edit Text/Bespoke/Admin Pages/Login/input_A recovery email has been sent to the email address associated with this account_recovery_email'

2020-03-23 13:44:22 - [MESSAGE][PASSED] - Keys '*' sent to object: 'Object Repository/ADMIN/Edit Text/Bespoke/Admin Pages/Login/input_A recovery email has been sent to the email address associated with this account_recovery_email'

2020-03-23 13:44:22 - [TEST_STEP][PASSED] - sendKeys(findTestObject("ADMIN/Edit Text/Bespoke/Admin Pages/Login/input_Back_back"), "*"): Keys '*' sent to object: 'Object Repository/ADMIN/Edit Text/Bespoke/Admin Pages/Login/input_Back_back'

2020-03-23 13:44:22 - [MESSAGE][PASSED] - Keys '*' sent to object: 'Object Repository/ADMIN/Edit Text/Bespoke/Admin Pages/Login/input_Back_back'

2020-03-23 13:44:22 - [TEST_STEP][PASSED] - sendKeys(findTestObject("ADMIN/Edit Text/Bespoke/Admin Pages/Login/input_Your New Password_your_new_password"), "*"): Keys '*' sent to object: 'Object Repository/ADMIN/Edit Text/Bespoke/Admin Pages/Login/input_Your New Password_your_new_password'

2020-03-23 13:44:22 - [MESSAGE][PASSED] - Keys '*' sent to object: 'Object Repository/ADMIN/Edit Text/Bespoke/Admin Pages/Login/input_Your New Password_your_new_password'

2020-03-23 13:44:22 - [TEST_STEP][PASSED] - sendKeys(findTestObject("ADMIN/Edit Text/Bespoke/Admin Pages/Login/input_Reconfirm New Password_reconfirm_password"), "*"): Keys '*' sent to object: 'Object Repository/ADMIN/Edit Text/Bespoke/Admin Pages/Login/input_Reconfirm New Password_reconfirm_password'

2020-03-23 13:44:22 - [MESSAGE][PASSED] - Keys '*' sent to object: 'Object Repository/ADMIN/Edit Text/Bespoke/Admin Pages/Login/input_Reconfirm New Password_reconfirm_password'

2020-03-23 13:44:22 - [TEST_STEP][PASSED] - sendKeys(findTestObject("ADMIN/Edit Text/Bespoke/Admin Pages/Login/input_The passwords do not seem to match_password_not_match"), "*"): Keys '*' sent to object: 'Object Repository/ADMIN/Edit Text/Bespoke/Admin Pages/Login/input_The passwords do not seem to match_password_not_match'

2020-03-23 13:44:23 - [MESSAGE][PASSED] - Keys '*' sent to object: 'Object Repository/ADMIN/Edit Text/Bespoke/Admin Pages/Login/input_The passwords do not seem to match_password_not_match'

2020-03-23 13:44:23 - [TEST_STEP][PASSED] - sendKeys(findTestObject("ADMIN/Edit Text/Bespoke/Admin Pages/Login/input_Change Password_your_new_password"), "*"): Keys '*' sent to object: 'Object Repository/ADMIN/Edit Text/Bespoke/Admin Pages/Login/input_Change Password_your_new_password'

2020-03-23 13:44:23 - [MESSAGE][PASSED] - Keys '*' sent to object: 'Object Repository/ADMIN/Edit Text/Bespoke/Admin Pages/Login/input_Change Password_your_new_password'

2020-03-23 13:44:23 - [TEST_STEP][PASSED] - sendKeys(findTestObject("ADMIN/Edit Text/Bespoke/Admin Pages/Login/input_Old Password_reconfirm_password"), "*"): Keys '*' sent to object: 'Object Repository/ADMIN/Edit Text/Bespoke/Admin Pages/Login/input_Old Password_reconfirm_password'

2020-03-23 13:44:23 - [MESSAGE][PASSED] - Keys '*' sent to object: 'Object Repository/ADMIN/Edit Text/Bespoke/Admin Pages/Login/input_Old Password_reconfirm_password'

2020-03-23 13:44:23 - [TEST_STEP][PASSED] - sendKeys(findTestObject("ADMIN/Edit Text/Bespoke/Admin Pages/Login/input_New password_password_not_match"), "*"): Keys '*' sent to object: 'Object Repository/ADMIN/Edit Text/Bespoke/Admin Pages/Login/input_New password_password_not_match'

2020-03-23 13:44:23 - [MESSAGE][PASSED] - Keys '*' sent to object: 'Object Repository/ADMIN/Edit Text/Bespoke/Admin Pages/Login/input_New password_password_not_match'

2020-03-23 13:44:23 - [TEST_STEP][PASSED] - sendKeys(findTestObject("ADMIN/Edit Text/Bespoke/Admin Pages/Login/input_Confirm new password_password_not_match"), "*"): Keys '*' sent to object: 'Object Repository/ADMIN/Edit Text/Bespoke/Admin Pages/Login/input_Confirm new password_password_not_match'

2020-03-23 13:44:23 - [MESSAGE][PASSED] - Keys '*' sent to object: 'Object Repository/ADMIN/Edit Text/Bespoke/Admin Pages/Login/input_Confirm new password_password_not_match'

2020-03-23 13:44:23 - [TEST_STEP][PASSED] - sendKeys(findTestObject("ADMIN/Edit Text/Bespoke/Admin Pages/Login/input_The passwords do not seem to match_password_not_match"), "*"): Keys '*' sent to object: 'Object Repository/ADMIN/Edit Text/Bespoke/Admin Pages/Login/input_The passwords do not seem to match_password_not_match'

2020-03-23 13:44:23 - [MESSAGE][PASSED] - Keys '*' sent to object: 'Object Repository/ADMIN/Edit Text/Bespoke/Admin Pages/Login/input_The passwords do not seem to match_password_not_match'

2020-03-23 13:44:23 - [TEST_STEP][PASSED] - sendKeys(findTestObject("ADMIN/Edit Text/Bespoke/Admin Pages/Login/input_Save_save_password_btn"), "*"): Keys '*' sent to object: 'Object Repository/ADMIN/Edit Text/Bespoke/Admin Pages/Login/input_Save_save_password_btn'

2020-03-23 13:44:23 - [MESSAGE][PASSED] - Keys '*' sent to object: 'Object Repository/ADMIN/Edit Text/Bespoke/Admin Pages/Login/input_Save_save_password_btn'

2020-03-23 13:44:23 - [TEST_STEP][PASSED] - click(findTestObject("ADMIN/Edit Text/Bespoke/Buyer Pages/Homepage/button_save"), CONTINUE_ON_FAILURE): Object: 'Object Repository/ADMIN/Edit Text/Bespoke/Buyer Pages/Homepage/button_save' is clicked on

2020-03-23 13:44:24 - [MESSAGE][PASSED] - Object: 'Object Repository/ADMIN/Edit Text/Bespoke/Buyer Pages/Homepage/button_save' is clicked on

2020-03-23 13:44:24 - [TEST_STEP][PASSED] - waitForElementVisible(findTestObject("ADMIN/Edit Text/Bespoke/Buyer Pages/Homepage/toaster_success About"), 0): Web element with id: 'Object Repository/ADMIN/Edit Text/Bespoke/Buyer Pages/Homepage/toaster_success About' located by 'By.xpath: //div[@class = 'toast-message' and (text() = 'Content page translations (about us, policies, etc) were successfully saved.' or . = 'Content page translations (about us, policies, etc) were successfully saved.')]' not found

2020-03-23 13:44:24 - [MESSAGE][WARNING] - Timeout '0' is invalid. Using default page load timeout: '30'

2020-03-23 13:44:57 - [MESSAGE][INFO] - Unable to find the element located by 'By.xpath: //div[@class = 'toast-message' and (text() = 'Content page translations (about us, policies, etc) were successfully saved.' or . = 'Content page translations (about us, policies, etc) were successfully saved.')]'. Please recheck the objects properties to make sure the desired element is located. 

2020-03-23 13:44:57 - [MESSAGE][WARNING] - Web element with id: 'Object Repository/ADMIN/Edit Text/Bespoke/Buyer Pages/Homepage/toaster_success About' located by 'By.xpath: //div[@class = 'toast-message' and (text() = 'Content page translations (about us, policies, etc) were successfully saved.' or . = 'Content page translations (about us, policies, etc) were successfully saved.')]' not found]]></system-out>
         <system-err><![CDATA[]]></system-err>
      </testcase>
      <testcase name="Test Cases/ADMIN/Language/Edit Text/Bespoke/Admin Pages/Login" time="41.955" classname="Test Cases/ADMIN/Language/Edit Text/Bespoke/Admin Pages/Login" status="PASSED">
         <system-out><![CDATA[2020-03-23 13:44:57 - [TEST_CASE][PASSED] - Test Cases/ADMIN/Language/Edit Text/Bespoke/Admin Pages/Login: Test Cases/ADMIN/Language/Edit Text/Bespoke/Admin Pages/Login

2020-03-23 13:44:57 - [TEST_STEP][PASSED] - waitForElementVisible(findTestObject("ADMIN/Edit Text/Bespoke/Buyer Navigation/dd_language"), 0): Object 'Object Repository/ADMIN/Edit Text/Bespoke/Buyer Navigation/dd_language' is visible

2020-03-23 13:44:57 - [MESSAGE][WARNING] - Timeout '0' is invalid. Using default page load timeout: '30'

2020-03-23 13:44:57 - [MESSAGE][PASSED] - Object 'Object Repository/ADMIN/Edit Text/Bespoke/Buyer Navigation/dd_language' is visible

2020-03-23 13:44:57 - [TEST_STEP][PASSED] - selectOptionByLabel(findTestObject("ADMIN/Edit Text/Bespoke/Buyer Navigation/dd_language"), varLanguage, false): All options with label 'Arabic' are selected in object 'Object Repository/ADMIN/Edit Text/Bespoke/Buyer Navigation/dd_language' 

2020-03-23 13:45:00 - [MESSAGE][PASSED] - All options with label 'Arabic' are selected in object 'Object Repository/ADMIN/Edit Text/Bespoke/Buyer Navigation/dd_language' 

2020-03-23 13:45:00 - [TEST_STEP][PASSED] - sendKeys(findTestObject("ADMIN/Edit Text/Bespoke/Admin Pages/Login/input_Continue with Google_btn_next"), "*"): Keys '*' sent to object: 'Object Repository/ADMIN/Edit Text/Bespoke/Admin Pages/Login/input_Continue with Google_btn_next'

2020-03-23 13:45:01 - [MESSAGE][PASSED] - Keys '*' sent to object: 'Object Repository/ADMIN/Edit Text/Bespoke/Admin Pages/Login/input_Continue with Google_btn_next'

2020-03-23 13:45:01 - [TEST_STEP][PASSED] - sendKeys(findTestObject("ADMIN/Edit Text/Bespoke/Admin Pages/Login/input_Continue with Facebook_btn_next"), "*"): Keys '*' sent to object: 'Object Repository/ADMIN/Edit Text/Bespoke/Admin Pages/Login/input_Continue with Facebook_btn_next'

2020-03-23 13:45:01 - [MESSAGE][PASSED] - Keys '*' sent to object: 'Object Repository/ADMIN/Edit Text/Bespoke/Admin Pages/Login/input_Continue with Facebook_btn_next'

2020-03-23 13:45:01 - [TEST_STEP][PASSED] - sendKeys(findTestObject("ADMIN/Edit Text/Bespoke/Admin Pages/Login/input_Continue with Google_btn_save"), "*"): Keys '*' sent to object: 'Object Repository/ADMIN/Edit Text/Bespoke/Admin Pages/Login/input_Continue with Google_btn_save'

2020-03-23 13:45:01 - [MESSAGE][PASSED] - Keys '*' sent to object: 'Object Repository/ADMIN/Edit Text/Bespoke/Admin Pages/Login/input_Continue with Google_btn_save'

2020-03-23 13:45:01 - [TEST_STEP][PASSED] - sendKeys(findTestObject("ADMIN/Edit Text/Bespoke/Admin Pages/Login/input_Continue with Facebook_btn_save"), "*"): Keys '*' sent to object: 'Object Repository/ADMIN/Edit Text/Bespoke/Admin Pages/Login/input_Continue with Facebook_btn_save'

2020-03-23 13:45:01 - [MESSAGE][PASSED] - Keys '*' sent to object: 'Object Repository/ADMIN/Edit Text/Bespoke/Admin Pages/Login/input_Continue with Facebook_btn_save'

2020-03-23 13:45:01 - [TEST_STEP][PASSED] - sendKeys(findTestObject("ADMIN/Edit Text/Bespoke/Admin Pages/Login/input_Your EmailUsername_email_username"), "*"): Keys '*' sent to object: 'Object Repository/ADMIN/Edit Text/Bespoke/Admin Pages/Login/input_Your EmailUsername_email_username'

2020-03-23 13:45:01 - [MESSAGE][PASSED] - Keys '*' sent to object: 'Object Repository/ADMIN/Edit Text/Bespoke/Admin Pages/Login/input_Your EmailUsername_email_username'

2020-03-23 13:45:01 - [TEST_STEP][PASSED] - sendKeys(findTestObject("ADMIN/Edit Text/Bespoke/Admin Pages/Login/input_Your Password_your_password"), "*"): Keys '*' sent to object: 'Object Repository/ADMIN/Edit Text/Bespoke/Admin Pages/Login/input_Your Password_your_password'

2020-03-23 13:45:02 - [MESSAGE][PASSED] - Keys '*' sent to object: 'Object Repository/ADMIN/Edit Text/Bespoke/Admin Pages/Login/input_Your Password_your_password'

2020-03-23 13:45:02 - [TEST_STEP][PASSED] - sendKeys(findTestObject("ADMIN/Edit Text/Bespoke/Admin Pages/Login/input_Create Account_btn_next"), "*"): Keys '*' sent to object: 'Object Repository/ADMIN/Edit Text/Bespoke/Admin Pages/Login/input_Create Account_btn_next'

2020-03-23 13:45:02 - [MESSAGE][PASSED] - Keys '*' sent to object: 'Object Repository/ADMIN/Edit Text/Bespoke/Admin Pages/Login/input_Create Account_btn_next'

2020-03-23 13:45:02 - [TEST_STEP][PASSED] - sendKeys(findTestObject("ADMIN/Edit Text/Bespoke/Admin Pages/Login/input_Sign In_btn_next"), "*"): Keys '*' sent to object: 'Object Repository/ADMIN/Edit Text/Bespoke/Admin Pages/Login/input_Sign In_btn_next'

2020-03-23 13:45:02 - [MESSAGE][PASSED] - Keys '*' sent to object: 'Object Repository/ADMIN/Edit Text/Bespoke/Admin Pages/Login/input_Sign In_btn_next'

2020-03-23 13:45:02 - [TEST_STEP][PASSED] - sendKeys(findTestObject("ADMIN/Edit Text/Bespoke/Admin Pages/Login/input_Forgot Password_forgot_password"), "*"): Keys '*' sent to object: 'Object Repository/ADMIN/Edit Text/Bespoke/Admin Pages/Login/input_Forgot Password_forgot_password'

2020-03-23 13:45:02 - [MESSAGE][PASSED] - Keys '*' sent to object: 'Object Repository/ADMIN/Edit Text/Bespoke/Admin Pages/Login/input_Forgot Password_forgot_password'

2020-03-23 13:45:02 - [TEST_STEP][PASSED] - sendKeys(findTestObject("ADMIN/Edit Text/Bespoke/Admin Pages/Login/input_Reconfirm Password_reconfirm_password"), "*"): Keys '*' sent to object: 'Object Repository/ADMIN/Edit Text/Bespoke/Admin Pages/Login/input_Reconfirm Password_reconfirm_password'

2020-03-23 13:45:02 - [MESSAGE][PASSED] - Keys '*' sent to object: 'Object Repository/ADMIN/Edit Text/Bespoke/Admin Pages/Login/input_Reconfirm Password_reconfirm_password'

2020-03-23 13:45:02 - [TEST_STEP][PASSED] - sendKeys(findTestObject("ADMIN/Edit Text/Bespoke/Admin Pages/Login/input_Notification Email_notif_email"), "*"): Keys '*' sent to object: 'Object Repository/ADMIN/Edit Text/Bespoke/Admin Pages/Login/input_Notification Email_notif_email'

2020-03-23 13:45:02 - [MESSAGE][PASSED] - Keys '*' sent to object: 'Object Repository/ADMIN/Edit Text/Bespoke/Admin Pages/Login/input_Notification Email_notif_email'

2020-03-23 13:45:02 - [TEST_STEP][PASSED] - sendKeys(findTestObject("ADMIN/Edit Text/Bespoke/Admin Pages/Login/input_Already have an Account_already_have_account"), "*"): Keys '*' sent to object: 'Object Repository/ADMIN/Edit Text/Bespoke/Admin Pages/Login/input_Already have an Account_already_have_account'

2020-03-23 13:45:02 - [MESSAGE][PASSED] - Keys '*' sent to object: 'Object Repository/ADMIN/Edit Text/Bespoke/Admin Pages/Login/input_Already have an Account_already_have_account'

2020-03-23 13:45:02 - [TEST_STEP][PASSED] - sendKeys(findTestObject("ADMIN/Edit Text/Bespoke/Admin Pages/Login/input_Whats your email or username_what_email_username"), "*"): Keys '*' sent to object: 'Object Repository/ADMIN/Edit Text/Bespoke/Admin Pages/Login/input_Whats your email or username_what_email_username'

2020-03-23 13:45:03 - [MESSAGE][PASSED] - Keys '*' sent to object: 'Object Repository/ADMIN/Edit Text/Bespoke/Admin Pages/Login/input_Whats your email or username_what_email_username'

2020-03-23 13:45:03 - [TEST_STEP][PASSED] - sendKeys(findTestObject("ADMIN/Edit Text/Bespoke/Admin Pages/Login/input_Reset Password_reset_password_btn"), "*"): Keys '*' sent to object: 'Object Repository/ADMIN/Edit Text/Bespoke/Admin Pages/Login/input_Reset Password_reset_password_btn'

2020-03-23 13:45:03 - [MESSAGE][PASSED] - Keys '*' sent to object: 'Object Repository/ADMIN/Edit Text/Bespoke/Admin Pages/Login/input_Reset Password_reset_password_btn'

2020-03-23 13:45:03 - [TEST_STEP][PASSED] - sendKeys(findTestObject("ADMIN/Edit Text/Bespoke/Admin Pages/Login/input_Sorry We were unable to find an account with that email  username_unable_find_account"), "*"): Keys '*' sent to object: 'Object Repository/ADMIN/Edit Text/Bespoke/Admin Pages/Login/input_Sorry We were unable to find an account with that email  username_unable_find_account'

2020-03-23 13:45:03 - [MESSAGE][PASSED] - Keys '*' sent to object: 'Object Repository/ADMIN/Edit Text/Bespoke/Admin Pages/Login/input_Sorry We were unable to find an account with that email  username_unable_find_account'

2020-03-23 13:45:03 - [TEST_STEP][PASSED] - sendKeys(findTestObject("ADMIN/Edit Text/Bespoke/Admin Pages/Login/input_A recovery email has been sent to the email address associated with this account_recovery_email"), "*"): Keys '*' sent to object: 'Object Repository/ADMIN/Edit Text/Bespoke/Admin Pages/Login/input_A recovery email has been sent to the email address associated with this account_recovery_email'

2020-03-23 13:45:03 - [MESSAGE][PASSED] - Keys '*' sent to object: 'Object Repository/ADMIN/Edit Text/Bespoke/Admin Pages/Login/input_A recovery email has been sent to the email address associated with this account_recovery_email'

2020-03-23 13:45:03 - [TEST_STEP][PASSED] - sendKeys(findTestObject("ADMIN/Edit Text/Bespoke/Admin Pages/Login/input_Back_back"), "*"): Keys '*' sent to object: 'Object Repository/ADMIN/Edit Text/Bespoke/Admin Pages/Login/input_Back_back'

2020-03-23 13:45:03 - [MESSAGE][PASSED] - Keys '*' sent to object: 'Object Repository/ADMIN/Edit Text/Bespoke/Admin Pages/Login/input_Back_back'

2020-03-23 13:45:03 - [TEST_STEP][PASSED] - sendKeys(findTestObject("ADMIN/Edit Text/Bespoke/Admin Pages/Login/input_Your New Password_your_new_password"), "*"): Keys '*' sent to object: 'Object Repository/ADMIN/Edit Text/Bespoke/Admin Pages/Login/input_Your New Password_your_new_password'

2020-03-23 13:45:03 - [MESSAGE][PASSED] - Keys '*' sent to object: 'Object Repository/ADMIN/Edit Text/Bespoke/Admin Pages/Login/input_Your New Password_your_new_password'

2020-03-23 13:45:03 - [TEST_STEP][PASSED] - sendKeys(findTestObject("ADMIN/Edit Text/Bespoke/Admin Pages/Login/input_Reconfirm New Password_reconfirm_password"), "*"): Keys '*' sent to object: 'Object Repository/ADMIN/Edit Text/Bespoke/Admin Pages/Login/input_Reconfirm New Password_reconfirm_password'

2020-03-23 13:45:03 - [MESSAGE][PASSED] - Keys '*' sent to object: 'Object Repository/ADMIN/Edit Text/Bespoke/Admin Pages/Login/input_Reconfirm New Password_reconfirm_password'

2020-03-23 13:45:03 - [TEST_STEP][PASSED] - sendKeys(findTestObject("ADMIN/Edit Text/Bespoke/Admin Pages/Login/input_The passwords do not seem to match_password_not_match"), "*"): Keys '*' sent to object: 'Object Repository/ADMIN/Edit Text/Bespoke/Admin Pages/Login/input_The passwords do not seem to match_password_not_match'

2020-03-23 13:45:04 - [MESSAGE][PASSED] - Keys '*' sent to object: 'Object Repository/ADMIN/Edit Text/Bespoke/Admin Pages/Login/input_The passwords do not seem to match_password_not_match'

2020-03-23 13:45:04 - [TEST_STEP][PASSED] - sendKeys(findTestObject("ADMIN/Edit Text/Bespoke/Admin Pages/Login/input_Change Password_your_new_password"), "*"): Keys '*' sent to object: 'Object Repository/ADMIN/Edit Text/Bespoke/Admin Pages/Login/input_Change Password_your_new_password'

2020-03-23 13:45:04 - [MESSAGE][PASSED] - Keys '*' sent to object: 'Object Repository/ADMIN/Edit Text/Bespoke/Admin Pages/Login/input_Change Password_your_new_password'

2020-03-23 13:45:04 - [TEST_STEP][PASSED] - sendKeys(findTestObject("ADMIN/Edit Text/Bespoke/Admin Pages/Login/input_Old Password_reconfirm_password"), "*"): Keys '*' sent to object: 'Object Repository/ADMIN/Edit Text/Bespoke/Admin Pages/Login/input_Old Password_reconfirm_password'

2020-03-23 13:45:04 - [MESSAGE][PASSED] - Keys '*' sent to object: 'Object Repository/ADMIN/Edit Text/Bespoke/Admin Pages/Login/input_Old Password_reconfirm_password'

2020-03-23 13:45:04 - [TEST_STEP][PASSED] - sendKeys(findTestObject("ADMIN/Edit Text/Bespoke/Admin Pages/Login/input_New password_password_not_match"), "*"): Keys '*' sent to object: 'Object Repository/ADMIN/Edit Text/Bespoke/Admin Pages/Login/input_New password_password_not_match'

2020-03-23 13:45:04 - [MESSAGE][PASSED] - Keys '*' sent to object: 'Object Repository/ADMIN/Edit Text/Bespoke/Admin Pages/Login/input_New password_password_not_match'

2020-03-23 13:45:04 - [TEST_STEP][PASSED] - sendKeys(findTestObject("ADMIN/Edit Text/Bespoke/Admin Pages/Login/input_Confirm new password_password_not_match"), "*"): Keys '*' sent to object: 'Object Repository/ADMIN/Edit Text/Bespoke/Admin Pages/Login/input_Confirm new password_password_not_match'

2020-03-23 13:45:04 - [MESSAGE][PASSED] - Keys '*' sent to object: 'Object Repository/ADMIN/Edit Text/Bespoke/Admin Pages/Login/input_Confirm new password_password_not_match'

2020-03-23 13:45:04 - [TEST_STEP][PASSED] - sendKeys(findTestObject("ADMIN/Edit Text/Bespoke/Admin Pages/Login/input_The passwords do not seem to match_password_not_match"), "*"): Keys '*' sent to object: 'Object Repository/ADMIN/Edit Text/Bespoke/Admin Pages/Login/input_The passwords do not seem to match_password_not_match'

2020-03-23 13:45:05 - [MESSAGE][PASSED] - Keys '*' sent to object: 'Object Repository/ADMIN/Edit Text/Bespoke/Admin Pages/Login/input_The passwords do not seem to match_password_not_match'

2020-03-23 13:45:05 - [TEST_STEP][PASSED] - sendKeys(findTestObject("ADMIN/Edit Text/Bespoke/Admin Pages/Login/input_Save_save_password_btn"), "*"): Keys '*' sent to object: 'Object Repository/ADMIN/Edit Text/Bespoke/Admin Pages/Login/input_Save_save_password_btn'

2020-03-23 13:45:05 - [MESSAGE][PASSED] - Keys '*' sent to object: 'Object Repository/ADMIN/Edit Text/Bespoke/Admin Pages/Login/input_Save_save_password_btn'

2020-03-23 13:45:05 - [TEST_STEP][PASSED] - click(findTestObject("ADMIN/Edit Text/Bespoke/Buyer Pages/Homepage/button_save"), CONTINUE_ON_FAILURE): Object: 'Object Repository/ADMIN/Edit Text/Bespoke/Buyer Pages/Homepage/button_save' is clicked on

2020-03-23 13:45:05 - [MESSAGE][PASSED] - Object: 'Object Repository/ADMIN/Edit Text/Bespoke/Buyer Pages/Homepage/button_save' is clicked on

2020-03-23 13:45:05 - [TEST_STEP][PASSED] - waitForElementVisible(findTestObject("ADMIN/Edit Text/Bespoke/Buyer Pages/Homepage/toaster_success About"), 0): Web element with id: 'Object Repository/ADMIN/Edit Text/Bespoke/Buyer Pages/Homepage/toaster_success About' located by 'By.xpath: //div[@class = 'toast-message' and (text() = 'Content page translations (about us, policies, etc) were successfully saved.' or . = 'Content page translations (about us, policies, etc) were successfully saved.')]' not found

2020-03-23 13:45:05 - [MESSAGE][WARNING] - Timeout '0' is invalid. Using default page load timeout: '30'

2020-03-23 13:45:39 - [MESSAGE][INFO] - Unable to find the element located by 'By.xpath: //div[@class = 'toast-message' and (text() = 'Content page translations (about us, policies, etc) were successfully saved.' or . = 'Content page translations (about us, policies, etc) were successfully saved.')]'. Please recheck the objects properties to make sure the desired element is located. 

2020-03-23 13:45:39 - [MESSAGE][WARNING] - Web element with id: 'Object Repository/ADMIN/Edit Text/Bespoke/Buyer Pages/Homepage/toaster_success About' located by 'By.xpath: //div[@class = 'toast-message' and (text() = 'Content page translations (about us, policies, etc) were successfully saved.' or . = 'Content page translations (about us, policies, etc) were successfully saved.')]' not found]]></system-out>
         <system-err><![CDATA[]]></system-err>
      </testcase>
      <testcase name="Test Cases/ADMIN/Language/Edit Text/Bespoke/Admin Pages/Login" time="40.891" classname="Test Cases/ADMIN/Language/Edit Text/Bespoke/Admin Pages/Login" status="PASSED">
         <system-out><![CDATA[2020-03-23 13:45:39 - [TEST_CASE][PASSED] - Test Cases/ADMIN/Language/Edit Text/Bespoke/Admin Pages/Login: Test Cases/ADMIN/Language/Edit Text/Bespoke/Admin Pages/Login

2020-03-23 13:45:39 - [TEST_STEP][PASSED] - waitForElementVisible(findTestObject("ADMIN/Edit Text/Bespoke/Buyer Navigation/dd_language"), 0): Object 'Object Repository/ADMIN/Edit Text/Bespoke/Buyer Navigation/dd_language' is visible

2020-03-23 13:45:39 - [MESSAGE][WARNING] - Timeout '0' is invalid. Using default page load timeout: '30'

2020-03-23 13:45:39 - [MESSAGE][PASSED] - Object 'Object Repository/ADMIN/Edit Text/Bespoke/Buyer Navigation/dd_language' is visible

2020-03-23 13:45:39 - [TEST_STEP][PASSED] - selectOptionByLabel(findTestObject("ADMIN/Edit Text/Bespoke/Buyer Navigation/dd_language"), varLanguage, false): All options with label 'Dutch' are selected in object 'Object Repository/ADMIN/Edit Text/Bespoke/Buyer Navigation/dd_language' 

2020-03-23 13:45:42 - [MESSAGE][PASSED] - All options with label 'Dutch' are selected in object 'Object Repository/ADMIN/Edit Text/Bespoke/Buyer Navigation/dd_language' 

2020-03-23 13:45:42 - [TEST_STEP][PASSED] - sendKeys(findTestObject("ADMIN/Edit Text/Bespoke/Admin Pages/Login/input_Continue with Google_btn_next"), "*"): Keys '*' sent to object: 'Object Repository/ADMIN/Edit Text/Bespoke/Admin Pages/Login/input_Continue with Google_btn_next'

2020-03-23 13:45:42 - [MESSAGE][PASSED] - Keys '*' sent to object: 'Object Repository/ADMIN/Edit Text/Bespoke/Admin Pages/Login/input_Continue with Google_btn_next'

2020-03-23 13:45:42 - [TEST_STEP][PASSED] - sendKeys(findTestObject("ADMIN/Edit Text/Bespoke/Admin Pages/Login/input_Continue with Facebook_btn_next"), "*"): Keys '*' sent to object: 'Object Repository/ADMIN/Edit Text/Bespoke/Admin Pages/Login/input_Continue with Facebook_btn_next'

2020-03-23 13:45:43 - [MESSAGE][PASSED] - Keys '*' sent to object: 'Object Repository/ADMIN/Edit Text/Bespoke/Admin Pages/Login/input_Continue with Facebook_btn_next'

2020-03-23 13:45:43 - [TEST_STEP][PASSED] - sendKeys(findTestObject("ADMIN/Edit Text/Bespoke/Admin Pages/Login/input_Continue with Google_btn_save"), "*"): Keys '*' sent to object: 'Object Repository/ADMIN/Edit Text/Bespoke/Admin Pages/Login/input_Continue with Google_btn_save'

2020-03-23 13:45:43 - [MESSAGE][PASSED] - Keys '*' sent to object: 'Object Repository/ADMIN/Edit Text/Bespoke/Admin Pages/Login/input_Continue with Google_btn_save'

2020-03-23 13:45:43 - [TEST_STEP][PASSED] - sendKeys(findTestObject("ADMIN/Edit Text/Bespoke/Admin Pages/Login/input_Continue with Facebook_btn_save"), "*"): Keys '*' sent to object: 'Object Repository/ADMIN/Edit Text/Bespoke/Admin Pages/Login/input_Continue with Facebook_btn_save'

2020-03-23 13:45:43 - [MESSAGE][PASSED] - Keys '*' sent to object: 'Object Repository/ADMIN/Edit Text/Bespoke/Admin Pages/Login/input_Continue with Facebook_btn_save'

2020-03-23 13:45:43 - [TEST_STEP][PASSED] - sendKeys(findTestObject("ADMIN/Edit Text/Bespoke/Admin Pages/Login/input_Your EmailUsername_email_username"), "*"): Keys '*' sent to object: 'Object Repository/ADMIN/Edit Text/Bespoke/Admin Pages/Login/input_Your EmailUsername_email_username'

2020-03-23 13:45:43 - [MESSAGE][PASSED] - Keys '*' sent to object: 'Object Repository/ADMIN/Edit Text/Bespoke/Admin Pages/Login/input_Your EmailUsername_email_username'

2020-03-23 13:45:43 - [TEST_STEP][PASSED] - sendKeys(findTestObject("ADMIN/Edit Text/Bespoke/Admin Pages/Login/input_Your Password_your_password"), "*"): Keys '*' sent to object: 'Object Repository/ADMIN/Edit Text/Bespoke/Admin Pages/Login/input_Your Password_your_password'

2020-03-23 13:45:43 - [MESSAGE][PASSED] - Keys '*' sent to object: 'Object Repository/ADMIN/Edit Text/Bespoke/Admin Pages/Login/input_Your Password_your_password'

2020-03-23 13:45:43 - [TEST_STEP][PASSED] - sendKeys(findTestObject("ADMIN/Edit Text/Bespoke/Admin Pages/Login/input_Create Account_btn_next"), "*"): Keys '*' sent to object: 'Object Repository/ADMIN/Edit Text/Bespoke/Admin Pages/Login/input_Create Account_btn_next'

2020-03-23 13:45:43 - [MESSAGE][PASSED] - Keys '*' sent to object: 'Object Repository/ADMIN/Edit Text/Bespoke/Admin Pages/Login/input_Create Account_btn_next'

2020-03-23 13:45:43 - [TEST_STEP][PASSED] - sendKeys(findTestObject("ADMIN/Edit Text/Bespoke/Admin Pages/Login/input_Sign In_btn_next"), "*"): Keys '*' sent to object: 'Object Repository/ADMIN/Edit Text/Bespoke/Admin Pages/Login/input_Sign In_btn_next'

2020-03-23 13:45:43 - [MESSAGE][PASSED] - Keys '*' sent to object: 'Object Repository/ADMIN/Edit Text/Bespoke/Admin Pages/Login/input_Sign In_btn_next'

2020-03-23 13:45:43 - [TEST_STEP][PASSED] - sendKeys(findTestObject("ADMIN/Edit Text/Bespoke/Admin Pages/Login/input_Forgot Password_forgot_password"), "*"): Keys '*' sent to object: 'Object Repository/ADMIN/Edit Text/Bespoke/Admin Pages/Login/input_Forgot Password_forgot_password'

2020-03-23 13:45:44 - [MESSAGE][PASSED] - Keys '*' sent to object: 'Object Repository/ADMIN/Edit Text/Bespoke/Admin Pages/Login/input_Forgot Password_forgot_password'

2020-03-23 13:45:44 - [TEST_STEP][PASSED] - sendKeys(findTestObject("ADMIN/Edit Text/Bespoke/Admin Pages/Login/input_Reconfirm Password_reconfirm_password"), "*"): Keys '*' sent to object: 'Object Repository/ADMIN/Edit Text/Bespoke/Admin Pages/Login/input_Reconfirm Password_reconfirm_password'

2020-03-23 13:45:44 - [MESSAGE][PASSED] - Keys '*' sent to object: 'Object Repository/ADMIN/Edit Text/Bespoke/Admin Pages/Login/input_Reconfirm Password_reconfirm_password'

2020-03-23 13:45:44 - [TEST_STEP][PASSED] - sendKeys(findTestObject("ADMIN/Edit Text/Bespoke/Admin Pages/Login/input_Notification Email_notif_email"), "*"): Keys '*' sent to object: 'Object Repository/ADMIN/Edit Text/Bespoke/Admin Pages/Login/input_Notification Email_notif_email'

2020-03-23 13:45:44 - [MESSAGE][PASSED] - Keys '*' sent to object: 'Object Repository/ADMIN/Edit Text/Bespoke/Admin Pages/Login/input_Notification Email_notif_email'

2020-03-23 13:45:44 - [TEST_STEP][PASSED] - sendKeys(findTestObject("ADMIN/Edit Text/Bespoke/Admin Pages/Login/input_Already have an Account_already_have_account"), "*"): Keys '*' sent to object: 'Object Repository/ADMIN/Edit Text/Bespoke/Admin Pages/Login/input_Already have an Account_already_have_account'

2020-03-23 13:45:44 - [MESSAGE][PASSED] - Keys '*' sent to object: 'Object Repository/ADMIN/Edit Text/Bespoke/Admin Pages/Login/input_Already have an Account_already_have_account'

2020-03-23 13:45:44 - [TEST_STEP][PASSED] - sendKeys(findTestObject("ADMIN/Edit Text/Bespoke/Admin Pages/Login/input_Whats your email or username_what_email_username"), "*"): Keys '*' sent to object: 'Object Repository/ADMIN/Edit Text/Bespoke/Admin Pages/Login/input_Whats your email or username_what_email_username'

2020-03-23 13:45:44 - [MESSAGE][PASSED] - Keys '*' sent to object: 'Object Repository/ADMIN/Edit Text/Bespoke/Admin Pages/Login/input_Whats your email or username_what_email_username'

2020-03-23 13:45:44 - [TEST_STEP][PASSED] - sendKeys(findTestObject("ADMIN/Edit Text/Bespoke/Admin Pages/Login/input_Reset Password_reset_password_btn"), "*"): Keys '*' sent to object: 'Object Repository/ADMIN/Edit Text/Bespoke/Admin Pages/Login/input_Reset Password_reset_password_btn'

2020-03-23 13:45:44 - [MESSAGE][PASSED] - Keys '*' sent to object: 'Object Repository/ADMIN/Edit Text/Bespoke/Admin Pages/Login/input_Reset Password_reset_password_btn'

2020-03-23 13:45:44 - [TEST_STEP][PASSED] - sendKeys(findTestObject("ADMIN/Edit Text/Bespoke/Admin Pages/Login/input_Sorry We were unable to find an account with that email  username_unable_find_account"), "*"): Keys '*' sent to object: 'Object Repository/ADMIN/Edit Text/Bespoke/Admin Pages/Login/input_Sorry We were unable to find an account with that email  username_unable_find_account'

2020-03-23 13:45:44 - [MESSAGE][PASSED] - Keys '*' sent to object: 'Object Repository/ADMIN/Edit Text/Bespoke/Admin Pages/Login/input_Sorry We were unable to find an account with that email  username_unable_find_account'

2020-03-23 13:45:44 - [TEST_STEP][PASSED] - sendKeys(findTestObject("ADMIN/Edit Text/Bespoke/Admin Pages/Login/input_A recovery email has been sent to the email address associated with this account_recovery_email"), "*"): Keys '*' sent to object: 'Object Repository/ADMIN/Edit Text/Bespoke/Admin Pages/Login/input_A recovery email has been sent to the email address associated with this account_recovery_email'

2020-03-23 13:45:45 - [MESSAGE][PASSED] - Keys '*' sent to object: 'Object Repository/ADMIN/Edit Text/Bespoke/Admin Pages/Login/input_A recovery email has been sent to the email address associated with this account_recovery_email'

2020-03-23 13:45:45 - [TEST_STEP][PASSED] - sendKeys(findTestObject("ADMIN/Edit Text/Bespoke/Admin Pages/Login/input_Back_back"), "*"): Keys '*' sent to object: 'Object Repository/ADMIN/Edit Text/Bespoke/Admin Pages/Login/input_Back_back'

2020-03-23 13:45:45 - [MESSAGE][PASSED] - Keys '*' sent to object: 'Object Repository/ADMIN/Edit Text/Bespoke/Admin Pages/Login/input_Back_back'

2020-03-23 13:45:45 - [TEST_STEP][PASSED] - sendKeys(findTestObject("ADMIN/Edit Text/Bespoke/Admin Pages/Login/input_Your New Password_your_new_password"), "*"): Keys '*' sent to object: 'Object Repository/ADMIN/Edit Text/Bespoke/Admin Pages/Login/input_Your New Password_your_new_password'

2020-03-23 13:45:45 - [MESSAGE][PASSED] - Keys '*' sent to object: 'Object Repository/ADMIN/Edit Text/Bespoke/Admin Pages/Login/input_Your New Password_your_new_password'

2020-03-23 13:45:45 - [TEST_STEP][PASSED] - sendKeys(findTestObject("ADMIN/Edit Text/Bespoke/Admin Pages/Login/input_Reconfirm New Password_reconfirm_password"), "*"): Keys '*' sent to object: 'Object Repository/ADMIN/Edit Text/Bespoke/Admin Pages/Login/input_Reconfirm New Password_reconfirm_password'

2020-03-23 13:45:45 - [MESSAGE][PASSED] - Keys '*' sent to object: 'Object Repository/ADMIN/Edit Text/Bespoke/Admin Pages/Login/input_Reconfirm New Password_reconfirm_password'

2020-03-23 13:45:45 - [TEST_STEP][PASSED] - sendKeys(findTestObject("ADMIN/Edit Text/Bespoke/Admin Pages/Login/input_The passwords do not seem to match_password_not_match"), "*"): Keys '*' sent to object: 'Object Repository/ADMIN/Edit Text/Bespoke/Admin Pages/Login/input_The passwords do not seem to match_password_not_match'

2020-03-23 13:45:45 - [MESSAGE][PASSED] - Keys '*' sent to object: 'Object Repository/ADMIN/Edit Text/Bespoke/Admin Pages/Login/input_The passwords do not seem to match_password_not_match'

2020-03-23 13:45:45 - [TEST_STEP][PASSED] - sendKeys(findTestObject("ADMIN/Edit Text/Bespoke/Admin Pages/Login/input_Change Password_your_new_password"), "*"): Keys '*' sent to object: 'Object Repository/ADMIN/Edit Text/Bespoke/Admin Pages/Login/input_Change Password_your_new_password'

2020-03-23 13:45:45 - [MESSAGE][PASSED] - Keys '*' sent to object: 'Object Repository/ADMIN/Edit Text/Bespoke/Admin Pages/Login/input_Change Password_your_new_password'

2020-03-23 13:45:45 - [TEST_STEP][PASSED] - sendKeys(findTestObject("ADMIN/Edit Text/Bespoke/Admin Pages/Login/input_Old Password_reconfirm_password"), "*"): Keys '*' sent to object: 'Object Repository/ADMIN/Edit Text/Bespoke/Admin Pages/Login/input_Old Password_reconfirm_password'

2020-03-23 13:45:45 - [MESSAGE][PASSED] - Keys '*' sent to object: 'Object Repository/ADMIN/Edit Text/Bespoke/Admin Pages/Login/input_Old Password_reconfirm_password'

2020-03-23 13:45:45 - [TEST_STEP][PASSED] - sendKeys(findTestObject("ADMIN/Edit Text/Bespoke/Admin Pages/Login/input_New password_password_not_match"), "*"): Keys '*' sent to object: 'Object Repository/ADMIN/Edit Text/Bespoke/Admin Pages/Login/input_New password_password_not_match'

2020-03-23 13:45:45 - [MESSAGE][PASSED] - Keys '*' sent to object: 'Object Repository/ADMIN/Edit Text/Bespoke/Admin Pages/Login/input_New password_password_not_match'

2020-03-23 13:45:45 - [TEST_STEP][PASSED] - sendKeys(findTestObject("ADMIN/Edit Text/Bespoke/Admin Pages/Login/input_Confirm new password_password_not_match"), "*"): Keys '*' sent to object: 'Object Repository/ADMIN/Edit Text/Bespoke/Admin Pages/Login/input_Confirm new password_password_not_match'

2020-03-23 13:45:46 - [MESSAGE][PASSED] - Keys '*' sent to object: 'Object Repository/ADMIN/Edit Text/Bespoke/Admin Pages/Login/input_Confirm new password_password_not_match'

2020-03-23 13:45:46 - [TEST_STEP][PASSED] - sendKeys(findTestObject("ADMIN/Edit Text/Bespoke/Admin Pages/Login/input_The passwords do not seem to match_password_not_match"), "*"): Keys '*' sent to object: 'Object Repository/ADMIN/Edit Text/Bespoke/Admin Pages/Login/input_The passwords do not seem to match_password_not_match'

2020-03-23 13:45:46 - [MESSAGE][PASSED] - Keys '*' sent to object: 'Object Repository/ADMIN/Edit Text/Bespoke/Admin Pages/Login/input_The passwords do not seem to match_password_not_match'

2020-03-23 13:45:46 - [TEST_STEP][PASSED] - sendKeys(findTestObject("ADMIN/Edit Text/Bespoke/Admin Pages/Login/input_Save_save_password_btn"), "*"): Keys '*' sent to object: 'Object Repository/ADMIN/Edit Text/Bespoke/Admin Pages/Login/input_Save_save_password_btn'

2020-03-23 13:45:46 - [MESSAGE][PASSED] - Keys '*' sent to object: 'Object Repository/ADMIN/Edit Text/Bespoke/Admin Pages/Login/input_Save_save_password_btn'

2020-03-23 13:45:46 - [TEST_STEP][PASSED] - click(findTestObject("ADMIN/Edit Text/Bespoke/Buyer Pages/Homepage/button_save"), CONTINUE_ON_FAILURE): Object: 'Object Repository/ADMIN/Edit Text/Bespoke/Buyer Pages/Homepage/button_save' is clicked on

2020-03-23 13:45:46 - [MESSAGE][PASSED] - Object: 'Object Repository/ADMIN/Edit Text/Bespoke/Buyer Pages/Homepage/button_save' is clicked on

2020-03-23 13:45:46 - [TEST_STEP][PASSED] - waitForElementVisible(findTestObject("ADMIN/Edit Text/Bespoke/Buyer Pages/Homepage/toaster_success About"), 0): Web element with id: 'Object Repository/ADMIN/Edit Text/Bespoke/Buyer Pages/Homepage/toaster_success About' located by 'By.xpath: //div[@class = 'toast-message' and (text() = 'Content page translations (about us, policies, etc) were successfully saved.' or . = 'Content page translations (about us, policies, etc) were successfully saved.')]' not found

2020-03-23 13:45:46 - [MESSAGE][WARNING] - Timeout '0' is invalid. Using default page load timeout: '30'

2020-03-23 13:46:20 - [MESSAGE][INFO] - Unable to find the element located by 'By.xpath: //div[@class = 'toast-message' and (text() = 'Content page translations (about us, policies, etc) were successfully saved.' or . = 'Content page translations (about us, policies, etc) were successfully saved.')]'. Please recheck the objects properties to make sure the desired element is located. 

2020-03-23 13:46:20 - [MESSAGE][WARNING] - Web element with id: 'Object Repository/ADMIN/Edit Text/Bespoke/Buyer Pages/Homepage/toaster_success About' located by 'By.xpath: //div[@class = 'toast-message' and (text() = 'Content page translations (about us, policies, etc) were successfully saved.' or . = 'Content page translations (about us, policies, etc) were successfully saved.')]' not found]]></system-out>
         <system-err><![CDATA[]]></system-err>
      </testcase>
      <testcase name="Test Cases/ADMIN/Language/Edit Text/Bespoke/Admin Pages/Login" time="42.848" classname="Test Cases/ADMIN/Language/Edit Text/Bespoke/Admin Pages/Login" status="PASSED">
         <system-out><![CDATA[2020-03-23 13:46:20 - [TEST_CASE][PASSED] - Test Cases/ADMIN/Language/Edit Text/Bespoke/Admin Pages/Login: Test Cases/ADMIN/Language/Edit Text/Bespoke/Admin Pages/Login

2020-03-23 13:46:20 - [TEST_STEP][PASSED] - waitForElementVisible(findTestObject("ADMIN/Edit Text/Bespoke/Buyer Navigation/dd_language"), 0): Object 'Object Repository/ADMIN/Edit Text/Bespoke/Buyer Navigation/dd_language' is visible

2020-03-23 13:46:20 - [MESSAGE][WARNING] - Timeout '0' is invalid. Using default page load timeout: '30'

2020-03-23 13:46:20 - [MESSAGE][PASSED] - Object 'Object Repository/ADMIN/Edit Text/Bespoke/Buyer Navigation/dd_language' is visible

2020-03-23 13:46:20 - [TEST_STEP][PASSED] - selectOptionByLabel(findTestObject("ADMIN/Edit Text/Bespoke/Buyer Navigation/dd_language"), varLanguage, false): All options with label 'Swedish' are selected in object 'Object Repository/ADMIN/Edit Text/Bespoke/Buyer Navigation/dd_language' 

2020-03-23 13:46:22 - [MESSAGE][PASSED] - All options with label 'Swedish' are selected in object 'Object Repository/ADMIN/Edit Text/Bespoke/Buyer Navigation/dd_language' 

2020-03-23 13:46:22 - [TEST_STEP][PASSED] - sendKeys(findTestObject("ADMIN/Edit Text/Bespoke/Admin Pages/Login/input_Continue with Google_btn_next"), "*"): Keys '*' sent to object: 'Object Repository/ADMIN/Edit Text/Bespoke/Admin Pages/Login/input_Continue with Google_btn_next'

2020-03-23 13:46:23 - [MESSAGE][PASSED] - Keys '*' sent to object: 'Object Repository/ADMIN/Edit Text/Bespoke/Admin Pages/Login/input_Continue with Google_btn_next'

2020-03-23 13:46:23 - [TEST_STEP][PASSED] - sendKeys(findTestObject("ADMIN/Edit Text/Bespoke/Admin Pages/Login/input_Continue with Facebook_btn_next"), "*"): Keys '*' sent to object: 'Object Repository/ADMIN/Edit Text/Bespoke/Admin Pages/Login/input_Continue with Facebook_btn_next'

2020-03-23 13:46:23 - [MESSAGE][PASSED] - Keys '*' sent to object: 'Object Repository/ADMIN/Edit Text/Bespoke/Admin Pages/Login/input_Continue with Facebook_btn_next'

2020-03-23 13:46:23 - [TEST_STEP][PASSED] - sendKeys(findTestObject("ADMIN/Edit Text/Bespoke/Admin Pages/Login/input_Continue with Google_btn_save"), "*"): Keys '*' sent to object: 'Object Repository/ADMIN/Edit Text/Bespoke/Admin Pages/Login/input_Continue with Google_btn_save'

2020-03-23 13:46:23 - [MESSAGE][PASSED] - Keys '*' sent to object: 'Object Repository/ADMIN/Edit Text/Bespoke/Admin Pages/Login/input_Continue with Google_btn_save'

2020-03-23 13:46:23 - [TEST_STEP][PASSED] - sendKeys(findTestObject("ADMIN/Edit Text/Bespoke/Admin Pages/Login/input_Continue with Facebook_btn_save"), "*"): Keys '*' sent to object: 'Object Repository/ADMIN/Edit Text/Bespoke/Admin Pages/Login/input_Continue with Facebook_btn_save'

2020-03-23 13:46:23 - [MESSAGE][PASSED] - Keys '*' sent to object: 'Object Repository/ADMIN/Edit Text/Bespoke/Admin Pages/Login/input_Continue with Facebook_btn_save'

2020-03-23 13:46:23 - [TEST_STEP][PASSED] - sendKeys(findTestObject("ADMIN/Edit Text/Bespoke/Admin Pages/Login/input_Your EmailUsername_email_username"), "*"): Keys '*' sent to object: 'Object Repository/ADMIN/Edit Text/Bespoke/Admin Pages/Login/input_Your EmailUsername_email_username'

2020-03-23 13:46:24 - [MESSAGE][PASSED] - Keys '*' sent to object: 'Object Repository/ADMIN/Edit Text/Bespoke/Admin Pages/Login/input_Your EmailUsername_email_username'

2020-03-23 13:46:24 - [TEST_STEP][PASSED] - sendKeys(findTestObject("ADMIN/Edit Text/Bespoke/Admin Pages/Login/input_Your Password_your_password"), "*"): Keys '*' sent to object: 'Object Repository/ADMIN/Edit Text/Bespoke/Admin Pages/Login/input_Your Password_your_password'

2020-03-23 13:46:24 - [MESSAGE][PASSED] - Keys '*' sent to object: 'Object Repository/ADMIN/Edit Text/Bespoke/Admin Pages/Login/input_Your Password_your_password'

2020-03-23 13:46:24 - [TEST_STEP][PASSED] - sendKeys(findTestObject("ADMIN/Edit Text/Bespoke/Admin Pages/Login/input_Create Account_btn_next"), "*"): Keys '*' sent to object: 'Object Repository/ADMIN/Edit Text/Bespoke/Admin Pages/Login/input_Create Account_btn_next'

2020-03-23 13:46:24 - [MESSAGE][PASSED] - Keys '*' sent to object: 'Object Repository/ADMIN/Edit Text/Bespoke/Admin Pages/Login/input_Create Account_btn_next'

2020-03-23 13:46:24 - [TEST_STEP][PASSED] - sendKeys(findTestObject("ADMIN/Edit Text/Bespoke/Admin Pages/Login/input_Sign In_btn_next"), "*"): Keys '*' sent to object: 'Object Repository/ADMIN/Edit Text/Bespoke/Admin Pages/Login/input_Sign In_btn_next'

2020-03-23 13:46:24 - [MESSAGE][PASSED] - Keys '*' sent to object: 'Object Repository/ADMIN/Edit Text/Bespoke/Admin Pages/Login/input_Sign In_btn_next'

2020-03-23 13:46:24 - [TEST_STEP][PASSED] - sendKeys(findTestObject("ADMIN/Edit Text/Bespoke/Admin Pages/Login/input_Forgot Password_forgot_password"), "*"): Keys '*' sent to object: 'Object Repository/ADMIN/Edit Text/Bespoke/Admin Pages/Login/input_Forgot Password_forgot_password'

2020-03-23 13:46:24 - [MESSAGE][PASSED] - Keys '*' sent to object: 'Object Repository/ADMIN/Edit Text/Bespoke/Admin Pages/Login/input_Forgot Password_forgot_password'

2020-03-23 13:46:24 - [TEST_STEP][PASSED] - sendKeys(findTestObject("ADMIN/Edit Text/Bespoke/Admin Pages/Login/input_Reconfirm Password_reconfirm_password"), "*"): Keys '*' sent to object: 'Object Repository/ADMIN/Edit Text/Bespoke/Admin Pages/Login/input_Reconfirm Password_reconfirm_password'

2020-03-23 13:46:24 - [MESSAGE][PASSED] - Keys '*' sent to object: 'Object Repository/ADMIN/Edit Text/Bespoke/Admin Pages/Login/input_Reconfirm Password_reconfirm_password'

2020-03-23 13:46:24 - [TEST_STEP][PASSED] - sendKeys(findTestObject("ADMIN/Edit Text/Bespoke/Admin Pages/Login/input_Notification Email_notif_email"), "*"): Keys '*' sent to object: 'Object Repository/ADMIN/Edit Text/Bespoke/Admin Pages/Login/input_Notification Email_notif_email'

2020-03-23 13:46:25 - [MESSAGE][PASSED] - Keys '*' sent to object: 'Object Repository/ADMIN/Edit Text/Bespoke/Admin Pages/Login/input_Notification Email_notif_email'

2020-03-23 13:46:25 - [TEST_STEP][PASSED] - sendKeys(findTestObject("ADMIN/Edit Text/Bespoke/Admin Pages/Login/input_Already have an Account_already_have_account"), "*"): Keys '*' sent to object: 'Object Repository/ADMIN/Edit Text/Bespoke/Admin Pages/Login/input_Already have an Account_already_have_account'

2020-03-23 13:46:25 - [MESSAGE][PASSED] - Keys '*' sent to object: 'Object Repository/ADMIN/Edit Text/Bespoke/Admin Pages/Login/input_Already have an Account_already_have_account'

2020-03-23 13:46:25 - [TEST_STEP][PASSED] - sendKeys(findTestObject("ADMIN/Edit Text/Bespoke/Admin Pages/Login/input_Whats your email or username_what_email_username"), "*"): Keys '*' sent to object: 'Object Repository/ADMIN/Edit Text/Bespoke/Admin Pages/Login/input_Whats your email or username_what_email_username'

2020-03-23 13:46:25 - [MESSAGE][PASSED] - Keys '*' sent to object: 'Object Repository/ADMIN/Edit Text/Bespoke/Admin Pages/Login/input_Whats your email or username_what_email_username'

2020-03-23 13:46:25 - [TEST_STEP][PASSED] - sendKeys(findTestObject("ADMIN/Edit Text/Bespoke/Admin Pages/Login/input_Reset Password_reset_password_btn"), "*"): Keys '*' sent to object: 'Object Repository/ADMIN/Edit Text/Bespoke/Admin Pages/Login/input_Reset Password_reset_password_btn'

2020-03-23 13:46:25 - [MESSAGE][PASSED] - Keys '*' sent to object: 'Object Repository/ADMIN/Edit Text/Bespoke/Admin Pages/Login/input_Reset Password_reset_password_btn'

2020-03-23 13:46:25 - [TEST_STEP][PASSED] - sendKeys(findTestObject("ADMIN/Edit Text/Bespoke/Admin Pages/Login/input_Sorry We were unable to find an account with that email  username_unable_find_account"), "*"): Keys '*' sent to object: 'Object Repository/ADMIN/Edit Text/Bespoke/Admin Pages/Login/input_Sorry We were unable to find an account with that email  username_unable_find_account'

2020-03-23 13:46:25 - [MESSAGE][PASSED] - Keys '*' sent to object: 'Object Repository/ADMIN/Edit Text/Bespoke/Admin Pages/Login/input_Sorry We were unable to find an account with that email  username_unable_find_account'

2020-03-23 13:46:25 - [TEST_STEP][PASSED] - sendKeys(findTestObject("ADMIN/Edit Text/Bespoke/Admin Pages/Login/input_A recovery email has been sent to the email address associated with this account_recovery_email"), "*"): Keys '*' sent to object: 'Object Repository/ADMIN/Edit Text/Bespoke/Admin Pages/Login/input_A recovery email has been sent to the email address associated with this account_recovery_email'

2020-03-23 13:46:25 - [MESSAGE][PASSED] - Keys '*' sent to object: 'Object Repository/ADMIN/Edit Text/Bespoke/Admin Pages/Login/input_A recovery email has been sent to the email address associated with this account_recovery_email'

2020-03-23 13:46:25 - [TEST_STEP][PASSED] - sendKeys(findTestObject("ADMIN/Edit Text/Bespoke/Admin Pages/Login/input_Back_back"), "*"): Keys '*' sent to object: 'Object Repository/ADMIN/Edit Text/Bespoke/Admin Pages/Login/input_Back_back'

2020-03-23 13:46:26 - [MESSAGE][PASSED] - Keys '*' sent to object: 'Object Repository/ADMIN/Edit Text/Bespoke/Admin Pages/Login/input_Back_back'

2020-03-23 13:46:26 - [TEST_STEP][PASSED] - sendKeys(findTestObject("ADMIN/Edit Text/Bespoke/Admin Pages/Login/input_Your New Password_your_new_password"), "*"): Keys '*' sent to object: 'Object Repository/ADMIN/Edit Text/Bespoke/Admin Pages/Login/input_Your New Password_your_new_password'

2020-03-23 13:46:26 - [MESSAGE][PASSED] - Keys '*' sent to object: 'Object Repository/ADMIN/Edit Text/Bespoke/Admin Pages/Login/input_Your New Password_your_new_password'

2020-03-23 13:46:26 - [TEST_STEP][PASSED] - sendKeys(findTestObject("ADMIN/Edit Text/Bespoke/Admin Pages/Login/input_Reconfirm New Password_reconfirm_password"), "*"): Keys '*' sent to object: 'Object Repository/ADMIN/Edit Text/Bespoke/Admin Pages/Login/input_Reconfirm New Password_reconfirm_password'

2020-03-23 13:46:26 - [MESSAGE][PASSED] - Keys '*' sent to object: 'Object Repository/ADMIN/Edit Text/Bespoke/Admin Pages/Login/input_Reconfirm New Password_reconfirm_password'

2020-03-23 13:46:26 - [TEST_STEP][PASSED] - sendKeys(findTestObject("ADMIN/Edit Text/Bespoke/Admin Pages/Login/input_The passwords do not seem to match_password_not_match"), "*"): Keys '*' sent to object: 'Object Repository/ADMIN/Edit Text/Bespoke/Admin Pages/Login/input_The passwords do not seem to match_password_not_match'

2020-03-23 13:46:26 - [MESSAGE][PASSED] - Keys '*' sent to object: 'Object Repository/ADMIN/Edit Text/Bespoke/Admin Pages/Login/input_The passwords do not seem to match_password_not_match'

2020-03-23 13:46:26 - [TEST_STEP][PASSED] - sendKeys(findTestObject("ADMIN/Edit Text/Bespoke/Admin Pages/Login/input_Change Password_your_new_password"), "*"): Keys '*' sent to object: 'Object Repository/ADMIN/Edit Text/Bespoke/Admin Pages/Login/input_Change Password_your_new_password'

2020-03-23 13:46:26 - [MESSAGE][PASSED] - Keys '*' sent to object: 'Object Repository/ADMIN/Edit Text/Bespoke/Admin Pages/Login/input_Change Password_your_new_password'

2020-03-23 13:46:26 - [TEST_STEP][PASSED] - sendKeys(findTestObject("ADMIN/Edit Text/Bespoke/Admin Pages/Login/input_Old Password_reconfirm_password"), "*"): Keys '*' sent to object: 'Object Repository/ADMIN/Edit Text/Bespoke/Admin Pages/Login/input_Old Password_reconfirm_password'

2020-03-23 13:46:26 - [MESSAGE][PASSED] - Keys '*' sent to object: 'Object Repository/ADMIN/Edit Text/Bespoke/Admin Pages/Login/input_Old Password_reconfirm_password'

2020-03-23 13:46:26 - [TEST_STEP][PASSED] - sendKeys(findTestObject("ADMIN/Edit Text/Bespoke/Admin Pages/Login/input_New password_password_not_match"), "*"): Keys '*' sent to object: 'Object Repository/ADMIN/Edit Text/Bespoke/Admin Pages/Login/input_New password_password_not_match'

2020-03-23 13:46:27 - [MESSAGE][PASSED] - Keys '*' sent to object: 'Object Repository/ADMIN/Edit Text/Bespoke/Admin Pages/Login/input_New password_password_not_match'

2020-03-23 13:46:27 - [TEST_STEP][PASSED] - sendKeys(findTestObject("ADMIN/Edit Text/Bespoke/Admin Pages/Login/input_Confirm new password_password_not_match"), "*"): Keys '*' sent to object: 'Object Repository/ADMIN/Edit Text/Bespoke/Admin Pages/Login/input_Confirm new password_password_not_match'

2020-03-23 13:46:27 - [MESSAGE][PASSED] - Keys '*' sent to object: 'Object Repository/ADMIN/Edit Text/Bespoke/Admin Pages/Login/input_Confirm new password_password_not_match'

2020-03-23 13:46:27 - [TEST_STEP][PASSED] - sendKeys(findTestObject("ADMIN/Edit Text/Bespoke/Admin Pages/Login/input_The passwords do not seem to match_password_not_match"), "*"): Keys '*' sent to object: 'Object Repository/ADMIN/Edit Text/Bespoke/Admin Pages/Login/input_The passwords do not seem to match_password_not_match'

2020-03-23 13:46:27 - [MESSAGE][PASSED] - Keys '*' sent to object: 'Object Repository/ADMIN/Edit Text/Bespoke/Admin Pages/Login/input_The passwords do not seem to match_password_not_match'

2020-03-23 13:46:27 - [TEST_STEP][PASSED] - sendKeys(findTestObject("ADMIN/Edit Text/Bespoke/Admin Pages/Login/input_Save_save_password_btn"), "*"): Keys '*' sent to object: 'Object Repository/ADMIN/Edit Text/Bespoke/Admin Pages/Login/input_Save_save_password_btn'

2020-03-23 13:46:28 - [MESSAGE][PASSED] - Keys '*' sent to object: 'Object Repository/ADMIN/Edit Text/Bespoke/Admin Pages/Login/input_Save_save_password_btn'

2020-03-23 13:46:28 - [TEST_STEP][PASSED] - click(findTestObject("ADMIN/Edit Text/Bespoke/Buyer Pages/Homepage/button_save"), CONTINUE_ON_FAILURE): Object: 'Object Repository/ADMIN/Edit Text/Bespoke/Buyer Pages/Homepage/button_save' is clicked on

2020-03-23 13:46:28 - [MESSAGE][PASSED] - Object: 'Object Repository/ADMIN/Edit Text/Bespoke/Buyer Pages/Homepage/button_save' is clicked on

2020-03-23 13:46:28 - [TEST_STEP][PASSED] - waitForElementVisible(findTestObject("ADMIN/Edit Text/Bespoke/Buyer Pages/Homepage/toaster_success About"), 0): Web element with id: 'Object Repository/ADMIN/Edit Text/Bespoke/Buyer Pages/Homepage/toaster_success About' located by 'By.xpath: //div[@class = 'toast-message' and (text() = 'Content page translations (about us, policies, etc) were successfully saved.' or . = 'Content page translations (about us, policies, etc) were successfully saved.')]' not found

2020-03-23 13:46:28 - [MESSAGE][WARNING] - Timeout '0' is invalid. Using default page load timeout: '30'

2020-03-23 13:47:03 - [MESSAGE][INFO] - Unable to find the element located by 'By.xpath: //div[@class = 'toast-message' and (text() = 'Content page translations (about us, policies, etc) were successfully saved.' or . = 'Content page translations (about us, policies, etc) were successfully saved.')]'. Please recheck the objects properties to make sure the desired element is located. 

2020-03-23 13:47:03 - [MESSAGE][WARNING] - Web element with id: 'Object Repository/ADMIN/Edit Text/Bespoke/Buyer Pages/Homepage/toaster_success About' located by 'By.xpath: //div[@class = 'toast-message' and (text() = 'Content page translations (about us, policies, etc) were successfully saved.' or . = 'Content page translations (about us, policies, etc) were successfully saved.')]' not found]]></system-out>
         <system-err><![CDATA[]]></system-err>
      </testcase>
      <testcase name="Test Cases/ADMIN/Language/Edit Text/Bespoke/Admin Pages/Login" time="41.247" classname="Test Cases/ADMIN/Language/Edit Text/Bespoke/Admin Pages/Login" status="PASSED">
         <system-out><![CDATA[2020-03-23 13:47:03 - [TEST_CASE][PASSED] - Test Cases/ADMIN/Language/Edit Text/Bespoke/Admin Pages/Login: Test Cases/ADMIN/Language/Edit Text/Bespoke/Admin Pages/Login

2020-03-23 13:47:03 - [TEST_STEP][PASSED] - waitForElementVisible(findTestObject("ADMIN/Edit Text/Bespoke/Buyer Navigation/dd_language"), 0): Object 'Object Repository/ADMIN/Edit Text/Bespoke/Buyer Navigation/dd_language' is visible

2020-03-23 13:47:03 - [MESSAGE][WARNING] - Timeout '0' is invalid. Using default page load timeout: '30'

2020-03-23 13:47:03 - [MESSAGE][PASSED] - Object 'Object Repository/ADMIN/Edit Text/Bespoke/Buyer Navigation/dd_language' is visible

2020-03-23 13:47:03 - [TEST_STEP][PASSED] - selectOptionByLabel(findTestObject("ADMIN/Edit Text/Bespoke/Buyer Navigation/dd_language"), varLanguage, false): All options with label 'Chinese (Simplified)' are selected in object 'Object Repository/ADMIN/Edit Text/Bespoke/Buyer Navigation/dd_language' 

2020-03-23 13:47:05 - [MESSAGE][PASSED] - All options with label 'Chinese (Simplified)' are selected in object 'Object Repository/ADMIN/Edit Text/Bespoke/Buyer Navigation/dd_language' 

2020-03-23 13:47:05 - [TEST_STEP][PASSED] - sendKeys(findTestObject("ADMIN/Edit Text/Bespoke/Admin Pages/Login/input_Continue with Google_btn_next"), "*"): Keys '*' sent to object: 'Object Repository/ADMIN/Edit Text/Bespoke/Admin Pages/Login/input_Continue with Google_btn_next'

2020-03-23 13:47:06 - [MESSAGE][PASSED] - Keys '*' sent to object: 'Object Repository/ADMIN/Edit Text/Bespoke/Admin Pages/Login/input_Continue with Google_btn_next'

2020-03-23 13:47:06 - [TEST_STEP][PASSED] - sendKeys(findTestObject("ADMIN/Edit Text/Bespoke/Admin Pages/Login/input_Continue with Facebook_btn_next"), "*"): Keys '*' sent to object: 'Object Repository/ADMIN/Edit Text/Bespoke/Admin Pages/Login/input_Continue with Facebook_btn_next'

2020-03-23 13:47:06 - [MESSAGE][PASSED] - Keys '*' sent to object: 'Object Repository/ADMIN/Edit Text/Bespoke/Admin Pages/Login/input_Continue with Facebook_btn_next'

2020-03-23 13:47:06 - [TEST_STEP][PASSED] - sendKeys(findTestObject("ADMIN/Edit Text/Bespoke/Admin Pages/Login/input_Continue with Google_btn_save"), "*"): Keys '*' sent to object: 'Object Repository/ADMIN/Edit Text/Bespoke/Admin Pages/Login/input_Continue with Google_btn_save'

2020-03-23 13:47:06 - [MESSAGE][PASSED] - Keys '*' sent to object: 'Object Repository/ADMIN/Edit Text/Bespoke/Admin Pages/Login/input_Continue with Google_btn_save'

2020-03-23 13:47:06 - [TEST_STEP][PASSED] - sendKeys(findTestObject("ADMIN/Edit Text/Bespoke/Admin Pages/Login/input_Continue with Facebook_btn_save"), "*"): Keys '*' sent to object: 'Object Repository/ADMIN/Edit Text/Bespoke/Admin Pages/Login/input_Continue with Facebook_btn_save'

2020-03-23 13:47:06 - [MESSAGE][PASSED] - Keys '*' sent to object: 'Object Repository/ADMIN/Edit Text/Bespoke/Admin Pages/Login/input_Continue with Facebook_btn_save'

2020-03-23 13:47:06 - [TEST_STEP][PASSED] - sendKeys(findTestObject("ADMIN/Edit Text/Bespoke/Admin Pages/Login/input_Your EmailUsername_email_username"), "*"): Keys '*' sent to object: 'Object Repository/ADMIN/Edit Text/Bespoke/Admin Pages/Login/input_Your EmailUsername_email_username'

2020-03-23 13:47:06 - [MESSAGE][PASSED] - Keys '*' sent to object: 'Object Repository/ADMIN/Edit Text/Bespoke/Admin Pages/Login/input_Your EmailUsername_email_username'

2020-03-23 13:47:06 - [TEST_STEP][PASSED] - sendKeys(findTestObject("ADMIN/Edit Text/Bespoke/Admin Pages/Login/input_Your Password_your_password"), "*"): Keys '*' sent to object: 'Object Repository/ADMIN/Edit Text/Bespoke/Admin Pages/Login/input_Your Password_your_password'

2020-03-23 13:47:06 - [MESSAGE][PASSED] - Keys '*' sent to object: 'Object Repository/ADMIN/Edit Text/Bespoke/Admin Pages/Login/input_Your Password_your_password'

2020-03-23 13:47:06 - [TEST_STEP][PASSED] - sendKeys(findTestObject("ADMIN/Edit Text/Bespoke/Admin Pages/Login/input_Create Account_btn_next"), "*"): Keys '*' sent to object: 'Object Repository/ADMIN/Edit Text/Bespoke/Admin Pages/Login/input_Create Account_btn_next'

2020-03-23 13:47:07 - [MESSAGE][PASSED] - Keys '*' sent to object: 'Object Repository/ADMIN/Edit Text/Bespoke/Admin Pages/Login/input_Create Account_btn_next'

2020-03-23 13:47:07 - [TEST_STEP][PASSED] - sendKeys(findTestObject("ADMIN/Edit Text/Bespoke/Admin Pages/Login/input_Sign In_btn_next"), "*"): Keys '*' sent to object: 'Object Repository/ADMIN/Edit Text/Bespoke/Admin Pages/Login/input_Sign In_btn_next'

2020-03-23 13:47:07 - [MESSAGE][PASSED] - Keys '*' sent to object: 'Object Repository/ADMIN/Edit Text/Bespoke/Admin Pages/Login/input_Sign In_btn_next'

2020-03-23 13:47:07 - [TEST_STEP][PASSED] - sendKeys(findTestObject("ADMIN/Edit Text/Bespoke/Admin Pages/Login/input_Forgot Password_forgot_password"), "*"): Keys '*' sent to object: 'Object Repository/ADMIN/Edit Text/Bespoke/Admin Pages/Login/input_Forgot Password_forgot_password'

2020-03-23 13:47:07 - [MESSAGE][PASSED] - Keys '*' sent to object: 'Object Repository/ADMIN/Edit Text/Bespoke/Admin Pages/Login/input_Forgot Password_forgot_password'

2020-03-23 13:47:07 - [TEST_STEP][PASSED] - sendKeys(findTestObject("ADMIN/Edit Text/Bespoke/Admin Pages/Login/input_Reconfirm Password_reconfirm_password"), "*"): Keys '*' sent to object: 'Object Repository/ADMIN/Edit Text/Bespoke/Admin Pages/Login/input_Reconfirm Password_reconfirm_password'

2020-03-23 13:47:07 - [MESSAGE][PASSED] - Keys '*' sent to object: 'Object Repository/ADMIN/Edit Text/Bespoke/Admin Pages/Login/input_Reconfirm Password_reconfirm_password'

2020-03-23 13:47:07 - [TEST_STEP][PASSED] - sendKeys(findTestObject("ADMIN/Edit Text/Bespoke/Admin Pages/Login/input_Notification Email_notif_email"), "*"): Keys '*' sent to object: 'Object Repository/ADMIN/Edit Text/Bespoke/Admin Pages/Login/input_Notification Email_notif_email'

2020-03-23 13:47:07 - [MESSAGE][PASSED] - Keys '*' sent to object: 'Object Repository/ADMIN/Edit Text/Bespoke/Admin Pages/Login/input_Notification Email_notif_email'

2020-03-23 13:47:07 - [TEST_STEP][PASSED] - sendKeys(findTestObject("ADMIN/Edit Text/Bespoke/Admin Pages/Login/input_Already have an Account_already_have_account"), "*"): Keys '*' sent to object: 'Object Repository/ADMIN/Edit Text/Bespoke/Admin Pages/Login/input_Already have an Account_already_have_account'

2020-03-23 13:47:08 - [MESSAGE][PASSED] - Keys '*' sent to object: 'Object Repository/ADMIN/Edit Text/Bespoke/Admin Pages/Login/input_Already have an Account_already_have_account'

2020-03-23 13:47:08 - [TEST_STEP][PASSED] - sendKeys(findTestObject("ADMIN/Edit Text/Bespoke/Admin Pages/Login/input_Whats your email or username_what_email_username"), "*"): Keys '*' sent to object: 'Object Repository/ADMIN/Edit Text/Bespoke/Admin Pages/Login/input_Whats your email or username_what_email_username'

2020-03-23 13:47:08 - [MESSAGE][PASSED] - Keys '*' sent to object: 'Object Repository/ADMIN/Edit Text/Bespoke/Admin Pages/Login/input_Whats your email or username_what_email_username'

2020-03-23 13:47:08 - [TEST_STEP][PASSED] - sendKeys(findTestObject("ADMIN/Edit Text/Bespoke/Admin Pages/Login/input_Reset Password_reset_password_btn"), "*"): Keys '*' sent to object: 'Object Repository/ADMIN/Edit Text/Bespoke/Admin Pages/Login/input_Reset Password_reset_password_btn'

2020-03-23 13:47:08 - [MESSAGE][PASSED] - Keys '*' sent to object: 'Object Repository/ADMIN/Edit Text/Bespoke/Admin Pages/Login/input_Reset Password_reset_password_btn'

2020-03-23 13:47:08 - [TEST_STEP][PASSED] - sendKeys(findTestObject("ADMIN/Edit Text/Bespoke/Admin Pages/Login/input_Sorry We were unable to find an account with that email  username_unable_find_account"), "*"): Keys '*' sent to object: 'Object Repository/ADMIN/Edit Text/Bespoke/Admin Pages/Login/input_Sorry We were unable to find an account with that email  username_unable_find_account'

2020-03-23 13:47:08 - [MESSAGE][PASSED] - Keys '*' sent to object: 'Object Repository/ADMIN/Edit Text/Bespoke/Admin Pages/Login/input_Sorry We were unable to find an account with that email  username_unable_find_account'

2020-03-23 13:47:08 - [TEST_STEP][PASSED] - sendKeys(findTestObject("ADMIN/Edit Text/Bespoke/Admin Pages/Login/input_A recovery email has been sent to the email address associated with this account_recovery_email"), "*"): Keys '*' sent to object: 'Object Repository/ADMIN/Edit Text/Bespoke/Admin Pages/Login/input_A recovery email has been sent to the email address associated with this account_recovery_email'

2020-03-23 13:47:08 - [MESSAGE][PASSED] - Keys '*' sent to object: 'Object Repository/ADMIN/Edit Text/Bespoke/Admin Pages/Login/input_A recovery email has been sent to the email address associated with this account_recovery_email'

2020-03-23 13:47:08 - [TEST_STEP][PASSED] - sendKeys(findTestObject("ADMIN/Edit Text/Bespoke/Admin Pages/Login/input_Back_back"), "*"): Keys '*' sent to object: 'Object Repository/ADMIN/Edit Text/Bespoke/Admin Pages/Login/input_Back_back'

2020-03-23 13:47:08 - [MESSAGE][PASSED] - Keys '*' sent to object: 'Object Repository/ADMIN/Edit Text/Bespoke/Admin Pages/Login/input_Back_back'

2020-03-23 13:47:08 - [TEST_STEP][PASSED] - sendKeys(findTestObject("ADMIN/Edit Text/Bespoke/Admin Pages/Login/input_Your New Password_your_new_password"), "*"): Keys '*' sent to object: 'Object Repository/ADMIN/Edit Text/Bespoke/Admin Pages/Login/input_Your New Password_your_new_password'

2020-03-23 13:47:09 - [MESSAGE][PASSED] - Keys '*' sent to object: 'Object Repository/ADMIN/Edit Text/Bespoke/Admin Pages/Login/input_Your New Password_your_new_password'

2020-03-23 13:47:09 - [TEST_STEP][PASSED] - sendKeys(findTestObject("ADMIN/Edit Text/Bespoke/Admin Pages/Login/input_Reconfirm New Password_reconfirm_password"), "*"): Keys '*' sent to object: 'Object Repository/ADMIN/Edit Text/Bespoke/Admin Pages/Login/input_Reconfirm New Password_reconfirm_password'

2020-03-23 13:47:09 - [MESSAGE][PASSED] - Keys '*' sent to object: 'Object Repository/ADMIN/Edit Text/Bespoke/Admin Pages/Login/input_Reconfirm New Password_reconfirm_password'

2020-03-23 13:47:09 - [TEST_STEP][PASSED] - sendKeys(findTestObject("ADMIN/Edit Text/Bespoke/Admin Pages/Login/input_The passwords do not seem to match_password_not_match"), "*"): Keys '*' sent to object: 'Object Repository/ADMIN/Edit Text/Bespoke/Admin Pages/Login/input_The passwords do not seem to match_password_not_match'

2020-03-23 13:47:09 - [MESSAGE][PASSED] - Keys '*' sent to object: 'Object Repository/ADMIN/Edit Text/Bespoke/Admin Pages/Login/input_The passwords do not seem to match_password_not_match'

2020-03-23 13:47:09 - [TEST_STEP][PASSED] - sendKeys(findTestObject("ADMIN/Edit Text/Bespoke/Admin Pages/Login/input_Change Password_your_new_password"), "*"): Keys '*' sent to object: 'Object Repository/ADMIN/Edit Text/Bespoke/Admin Pages/Login/input_Change Password_your_new_password'

2020-03-23 13:47:09 - [MESSAGE][PASSED] - Keys '*' sent to object: 'Object Repository/ADMIN/Edit Text/Bespoke/Admin Pages/Login/input_Change Password_your_new_password'

2020-03-23 13:47:09 - [TEST_STEP][PASSED] - sendKeys(findTestObject("ADMIN/Edit Text/Bespoke/Admin Pages/Login/input_Old Password_reconfirm_password"), "*"): Keys '*' sent to object: 'Object Repository/ADMIN/Edit Text/Bespoke/Admin Pages/Login/input_Old Password_reconfirm_password'

2020-03-23 13:47:09 - [MESSAGE][PASSED] - Keys '*' sent to object: 'Object Repository/ADMIN/Edit Text/Bespoke/Admin Pages/Login/input_Old Password_reconfirm_password'

2020-03-23 13:47:09 - [TEST_STEP][PASSED] - sendKeys(findTestObject("ADMIN/Edit Text/Bespoke/Admin Pages/Login/input_New password_password_not_match"), "*"): Keys '*' sent to object: 'Object Repository/ADMIN/Edit Text/Bespoke/Admin Pages/Login/input_New password_password_not_match'

2020-03-23 13:47:09 - [MESSAGE][PASSED] - Keys '*' sent to object: 'Object Repository/ADMIN/Edit Text/Bespoke/Admin Pages/Login/input_New password_password_not_match'

2020-03-23 13:47:09 - [TEST_STEP][PASSED] - sendKeys(findTestObject("ADMIN/Edit Text/Bespoke/Admin Pages/Login/input_Confirm new password_password_not_match"), "*"): Keys '*' sent to object: 'Object Repository/ADMIN/Edit Text/Bespoke/Admin Pages/Login/input_Confirm new password_password_not_match'

2020-03-23 13:47:10 - [MESSAGE][PASSED] - Keys '*' sent to object: 'Object Repository/ADMIN/Edit Text/Bespoke/Admin Pages/Login/input_Confirm new password_password_not_match'

2020-03-23 13:47:10 - [TEST_STEP][PASSED] - sendKeys(findTestObject("ADMIN/Edit Text/Bespoke/Admin Pages/Login/input_The passwords do not seem to match_password_not_match"), "*"): Keys '*' sent to object: 'Object Repository/ADMIN/Edit Text/Bespoke/Admin Pages/Login/input_The passwords do not seem to match_password_not_match'

2020-03-23 13:47:10 - [MESSAGE][PASSED] - Keys '*' sent to object: 'Object Repository/ADMIN/Edit Text/Bespoke/Admin Pages/Login/input_The passwords do not seem to match_password_not_match'

2020-03-23 13:47:10 - [TEST_STEP][PASSED] - sendKeys(findTestObject("ADMIN/Edit Text/Bespoke/Admin Pages/Login/input_Save_save_password_btn"), "*"): Keys '*' sent to object: 'Object Repository/ADMIN/Edit Text/Bespoke/Admin Pages/Login/input_Save_save_password_btn'

2020-03-23 13:47:10 - [MESSAGE][PASSED] - Keys '*' sent to object: 'Object Repository/ADMIN/Edit Text/Bespoke/Admin Pages/Login/input_Save_save_password_btn'

2020-03-23 13:47:10 - [TEST_STEP][PASSED] - click(findTestObject("ADMIN/Edit Text/Bespoke/Buyer Pages/Homepage/button_save"), CONTINUE_ON_FAILURE): Object: 'Object Repository/ADMIN/Edit Text/Bespoke/Buyer Pages/Homepage/button_save' is clicked on

2020-03-23 13:47:10 - [MESSAGE][PASSED] - Object: 'Object Repository/ADMIN/Edit Text/Bespoke/Buyer Pages/Homepage/button_save' is clicked on

2020-03-23 13:47:10 - [TEST_STEP][PASSED] - waitForElementVisible(findTestObject("ADMIN/Edit Text/Bespoke/Buyer Pages/Homepage/toaster_success About"), 0): Web element with id: 'Object Repository/ADMIN/Edit Text/Bespoke/Buyer Pages/Homepage/toaster_success About' located by 'By.xpath: //div[@class = 'toast-message' and (text() = 'Content page translations (about us, policies, etc) were successfully saved.' or . = 'Content page translations (about us, policies, etc) were successfully saved.')]' not found

2020-03-23 13:47:10 - [MESSAGE][WARNING] - Timeout '0' is invalid. Using default page load timeout: '30'

2020-03-23 13:47:44 - [MESSAGE][INFO] - Unable to find the element located by 'By.xpath: //div[@class = 'toast-message' and (text() = 'Content page translations (about us, policies, etc) were successfully saved.' or . = 'Content page translations (about us, policies, etc) were successfully saved.')]'. Please recheck the objects properties to make sure the desired element is located. 

2020-03-23 13:47:44 - [MESSAGE][WARNING] - Web element with id: 'Object Repository/ADMIN/Edit Text/Bespoke/Buyer Pages/Homepage/toaster_success About' located by 'By.xpath: //div[@class = 'toast-message' and (text() = 'Content page translations (about us, policies, etc) were successfully saved.' or . = 'Content page translations (about us, policies, etc) were successfully saved.')]' not found]]></system-out>
         <system-err><![CDATA[]]></system-err>
      </testcase>
      <testcase name="Test Cases/ADMIN/Language/Edit Text/Bespoke/Admin Pages/Login" time="42.058" classname="Test Cases/ADMIN/Language/Edit Text/Bespoke/Admin Pages/Login" status="PASSED">
         <system-out><![CDATA[2020-03-23 13:47:44 - [TEST_CASE][PASSED] - Test Cases/ADMIN/Language/Edit Text/Bespoke/Admin Pages/Login: Test Cases/ADMIN/Language/Edit Text/Bespoke/Admin Pages/Login

2020-03-23 13:47:44 - [TEST_STEP][PASSED] - waitForElementVisible(findTestObject("ADMIN/Edit Text/Bespoke/Buyer Navigation/dd_language"), 0): Object 'Object Repository/ADMIN/Edit Text/Bespoke/Buyer Navigation/dd_language' is visible

2020-03-23 13:47:44 - [MESSAGE][WARNING] - Timeout '0' is invalid. Using default page load timeout: '30'

2020-03-23 13:47:44 - [MESSAGE][PASSED] - Object 'Object Repository/ADMIN/Edit Text/Bespoke/Buyer Navigation/dd_language' is visible

2020-03-23 13:47:44 - [TEST_STEP][PASSED] - selectOptionByLabel(findTestObject("ADMIN/Edit Text/Bespoke/Buyer Navigation/dd_language"), varLanguage, false): All options with label 'Hebrew' are selected in object 'Object Repository/ADMIN/Edit Text/Bespoke/Buyer Navigation/dd_language' 

2020-03-23 13:47:46 - [MESSAGE][PASSED] - All options with label 'Hebrew' are selected in object 'Object Repository/ADMIN/Edit Text/Bespoke/Buyer Navigation/dd_language' 

2020-03-23 13:47:46 - [TEST_STEP][PASSED] - sendKeys(findTestObject("ADMIN/Edit Text/Bespoke/Admin Pages/Login/input_Continue with Google_btn_next"), "*"): Keys '*' sent to object: 'Object Repository/ADMIN/Edit Text/Bespoke/Admin Pages/Login/input_Continue with Google_btn_next'

2020-03-23 13:47:47 - [MESSAGE][PASSED] - Keys '*' sent to object: 'Object Repository/ADMIN/Edit Text/Bespoke/Admin Pages/Login/input_Continue with Google_btn_next'

2020-03-23 13:47:47 - [TEST_STEP][PASSED] - sendKeys(findTestObject("ADMIN/Edit Text/Bespoke/Admin Pages/Login/input_Continue with Facebook_btn_next"), "*"): Keys '*' sent to object: 'Object Repository/ADMIN/Edit Text/Bespoke/Admin Pages/Login/input_Continue with Facebook_btn_next'

2020-03-23 13:47:47 - [MESSAGE][PASSED] - Keys '*' sent to object: 'Object Repository/ADMIN/Edit Text/Bespoke/Admin Pages/Login/input_Continue with Facebook_btn_next'

2020-03-23 13:47:47 - [TEST_STEP][PASSED] - sendKeys(findTestObject("ADMIN/Edit Text/Bespoke/Admin Pages/Login/input_Continue with Google_btn_save"), "*"): Keys '*' sent to object: 'Object Repository/ADMIN/Edit Text/Bespoke/Admin Pages/Login/input_Continue with Google_btn_save'

2020-03-23 13:47:47 - [MESSAGE][PASSED] - Keys '*' sent to object: 'Object Repository/ADMIN/Edit Text/Bespoke/Admin Pages/Login/input_Continue with Google_btn_save'

2020-03-23 13:47:47 - [TEST_STEP][PASSED] - sendKeys(findTestObject("ADMIN/Edit Text/Bespoke/Admin Pages/Login/input_Continue with Facebook_btn_save"), "*"): Keys '*' sent to object: 'Object Repository/ADMIN/Edit Text/Bespoke/Admin Pages/Login/input_Continue with Facebook_btn_save'

2020-03-23 13:47:48 - [MESSAGE][PASSED] - Keys '*' sent to object: 'Object Repository/ADMIN/Edit Text/Bespoke/Admin Pages/Login/input_Continue with Facebook_btn_save'

2020-03-23 13:47:48 - [TEST_STEP][PASSED] - sendKeys(findTestObject("ADMIN/Edit Text/Bespoke/Admin Pages/Login/input_Your EmailUsername_email_username"), "*"): Keys '*' sent to object: 'Object Repository/ADMIN/Edit Text/Bespoke/Admin Pages/Login/input_Your EmailUsername_email_username'

2020-03-23 13:47:48 - [MESSAGE][PASSED] - Keys '*' sent to object: 'Object Repository/ADMIN/Edit Text/Bespoke/Admin Pages/Login/input_Your EmailUsername_email_username'

2020-03-23 13:47:48 - [TEST_STEP][PASSED] - sendKeys(findTestObject("ADMIN/Edit Text/Bespoke/Admin Pages/Login/input_Your Password_your_password"), "*"): Keys '*' sent to object: 'Object Repository/ADMIN/Edit Text/Bespoke/Admin Pages/Login/input_Your Password_your_password'

2020-03-23 13:47:48 - [MESSAGE][PASSED] - Keys '*' sent to object: 'Object Repository/ADMIN/Edit Text/Bespoke/Admin Pages/Login/input_Your Password_your_password'

2020-03-23 13:47:48 - [TEST_STEP][PASSED] - sendKeys(findTestObject("ADMIN/Edit Text/Bespoke/Admin Pages/Login/input_Create Account_btn_next"), "*"): Keys '*' sent to object: 'Object Repository/ADMIN/Edit Text/Bespoke/Admin Pages/Login/input_Create Account_btn_next'

2020-03-23 13:47:48 - [MESSAGE][PASSED] - Keys '*' sent to object: 'Object Repository/ADMIN/Edit Text/Bespoke/Admin Pages/Login/input_Create Account_btn_next'

2020-03-23 13:47:48 - [TEST_STEP][PASSED] - sendKeys(findTestObject("ADMIN/Edit Text/Bespoke/Admin Pages/Login/input_Sign In_btn_next"), "*"): Keys '*' sent to object: 'Object Repository/ADMIN/Edit Text/Bespoke/Admin Pages/Login/input_Sign In_btn_next'

2020-03-23 13:47:48 - [MESSAGE][PASSED] - Keys '*' sent to object: 'Object Repository/ADMIN/Edit Text/Bespoke/Admin Pages/Login/input_Sign In_btn_next'

2020-03-23 13:47:48 - [TEST_STEP][PASSED] - sendKeys(findTestObject("ADMIN/Edit Text/Bespoke/Admin Pages/Login/input_Forgot Password_forgot_password"), "*"): Keys '*' sent to object: 'Object Repository/ADMIN/Edit Text/Bespoke/Admin Pages/Login/input_Forgot Password_forgot_password'

2020-03-23 13:47:49 - [MESSAGE][PASSED] - Keys '*' sent to object: 'Object Repository/ADMIN/Edit Text/Bespoke/Admin Pages/Login/input_Forgot Password_forgot_password'

2020-03-23 13:47:49 - [TEST_STEP][PASSED] - sendKeys(findTestObject("ADMIN/Edit Text/Bespoke/Admin Pages/Login/input_Reconfirm Password_reconfirm_password"), "*"): Keys '*' sent to object: 'Object Repository/ADMIN/Edit Text/Bespoke/Admin Pages/Login/input_Reconfirm Password_reconfirm_password'

2020-03-23 13:47:49 - [MESSAGE][PASSED] - Keys '*' sent to object: 'Object Repository/ADMIN/Edit Text/Bespoke/Admin Pages/Login/input_Reconfirm Password_reconfirm_password'

2020-03-23 13:47:49 - [TEST_STEP][PASSED] - sendKeys(findTestObject("ADMIN/Edit Text/Bespoke/Admin Pages/Login/input_Notification Email_notif_email"), "*"): Keys '*' sent to object: 'Object Repository/ADMIN/Edit Text/Bespoke/Admin Pages/Login/input_Notification Email_notif_email'

2020-03-23 13:47:49 - [MESSAGE][PASSED] - Keys '*' sent to object: 'Object Repository/ADMIN/Edit Text/Bespoke/Admin Pages/Login/input_Notification Email_notif_email'

2020-03-23 13:47:49 - [TEST_STEP][PASSED] - sendKeys(findTestObject("ADMIN/Edit Text/Bespoke/Admin Pages/Login/input_Already have an Account_already_have_account"), "*"): Keys '*' sent to object: 'Object Repository/ADMIN/Edit Text/Bespoke/Admin Pages/Login/input_Already have an Account_already_have_account'

2020-03-23 13:47:49 - [MESSAGE][PASSED] - Keys '*' sent to object: 'Object Repository/ADMIN/Edit Text/Bespoke/Admin Pages/Login/input_Already have an Account_already_have_account'

2020-03-23 13:47:49 - [TEST_STEP][PASSED] - sendKeys(findTestObject("ADMIN/Edit Text/Bespoke/Admin Pages/Login/input_Whats your email or username_what_email_username"), "*"): Keys '*' sent to object: 'Object Repository/ADMIN/Edit Text/Bespoke/Admin Pages/Login/input_Whats your email or username_what_email_username'

2020-03-23 13:47:49 - [MESSAGE][PASSED] - Keys '*' sent to object: 'Object Repository/ADMIN/Edit Text/Bespoke/Admin Pages/Login/input_Whats your email or username_what_email_username'

2020-03-23 13:47:49 - [TEST_STEP][PASSED] - sendKeys(findTestObject("ADMIN/Edit Text/Bespoke/Admin Pages/Login/input_Reset Password_reset_password_btn"), "*"): Keys '*' sent to object: 'Object Repository/ADMIN/Edit Text/Bespoke/Admin Pages/Login/input_Reset Password_reset_password_btn'

2020-03-23 13:47:50 - [MESSAGE][PASSED] - Keys '*' sent to object: 'Object Repository/ADMIN/Edit Text/Bespoke/Admin Pages/Login/input_Reset Password_reset_password_btn'

2020-03-23 13:47:50 - [TEST_STEP][PASSED] - sendKeys(findTestObject("ADMIN/Edit Text/Bespoke/Admin Pages/Login/input_Sorry We were unable to find an account with that email  username_unable_find_account"), "*"): Keys '*' sent to object: 'Object Repository/ADMIN/Edit Text/Bespoke/Admin Pages/Login/input_Sorry We were unable to find an account with that email  username_unable_find_account'

2020-03-23 13:47:50 - [MESSAGE][PASSED] - Keys '*' sent to object: 'Object Repository/ADMIN/Edit Text/Bespoke/Admin Pages/Login/input_Sorry We were unable to find an account with that email  username_unable_find_account'

2020-03-23 13:47:50 - [TEST_STEP][PASSED] - sendKeys(findTestObject("ADMIN/Edit Text/Bespoke/Admin Pages/Login/input_A recovery email has been sent to the email address associated with this account_recovery_email"), "*"): Keys '*' sent to object: 'Object Repository/ADMIN/Edit Text/Bespoke/Admin Pages/Login/input_A recovery email has been sent to the email address associated with this account_recovery_email'

2020-03-23 13:47:50 - [MESSAGE][PASSED] - Keys '*' sent to object: 'Object Repository/ADMIN/Edit Text/Bespoke/Admin Pages/Login/input_A recovery email has been sent to the email address associated with this account_recovery_email'

2020-03-23 13:47:50 - [TEST_STEP][PASSED] - sendKeys(findTestObject("ADMIN/Edit Text/Bespoke/Admin Pages/Login/input_Back_back"), "*"): Keys '*' sent to object: 'Object Repository/ADMIN/Edit Text/Bespoke/Admin Pages/Login/input_Back_back'

2020-03-23 13:47:50 - [MESSAGE][PASSED] - Keys '*' sent to object: 'Object Repository/ADMIN/Edit Text/Bespoke/Admin Pages/Login/input_Back_back'

2020-03-23 13:47:50 - [TEST_STEP][PASSED] - sendKeys(findTestObject("ADMIN/Edit Text/Bespoke/Admin Pages/Login/input_Your New Password_your_new_password"), "*"): Keys '*' sent to object: 'Object Repository/ADMIN/Edit Text/Bespoke/Admin Pages/Login/input_Your New Password_your_new_password'

2020-03-23 13:47:50 - [MESSAGE][PASSED] - Keys '*' sent to object: 'Object Repository/ADMIN/Edit Text/Bespoke/Admin Pages/Login/input_Your New Password_your_new_password'

2020-03-23 13:47:50 - [TEST_STEP][PASSED] - sendKeys(findTestObject("ADMIN/Edit Text/Bespoke/Admin Pages/Login/input_Reconfirm New Password_reconfirm_password"), "*"): Keys '*' sent to object: 'Object Repository/ADMIN/Edit Text/Bespoke/Admin Pages/Login/input_Reconfirm New Password_reconfirm_password'

2020-03-23 13:47:50 - [MESSAGE][PASSED] - Keys '*' sent to object: 'Object Repository/ADMIN/Edit Text/Bespoke/Admin Pages/Login/input_Reconfirm New Password_reconfirm_password'

2020-03-23 13:47:50 - [TEST_STEP][PASSED] - sendKeys(findTestObject("ADMIN/Edit Text/Bespoke/Admin Pages/Login/input_The passwords do not seem to match_password_not_match"), "*"): Keys '*' sent to object: 'Object Repository/ADMIN/Edit Text/Bespoke/Admin Pages/Login/input_The passwords do not seem to match_password_not_match'

2020-03-23 13:47:50 - [MESSAGE][PASSED] - Keys '*' sent to object: 'Object Repository/ADMIN/Edit Text/Bespoke/Admin Pages/Login/input_The passwords do not seem to match_password_not_match'

2020-03-23 13:47:50 - [TEST_STEP][PASSED] - sendKeys(findTestObject("ADMIN/Edit Text/Bespoke/Admin Pages/Login/input_Change Password_your_new_password"), "*"): Keys '*' sent to object: 'Object Repository/ADMIN/Edit Text/Bespoke/Admin Pages/Login/input_Change Password_your_new_password'

2020-03-23 13:47:51 - [MESSAGE][PASSED] - Keys '*' sent to object: 'Object Repository/ADMIN/Edit Text/Bespoke/Admin Pages/Login/input_Change Password_your_new_password'

2020-03-23 13:47:51 - [TEST_STEP][PASSED] - sendKeys(findTestObject("ADMIN/Edit Text/Bespoke/Admin Pages/Login/input_Old Password_reconfirm_password"), "*"): Keys '*' sent to object: 'Object Repository/ADMIN/Edit Text/Bespoke/Admin Pages/Login/input_Old Password_reconfirm_password'

2020-03-23 13:47:51 - [MESSAGE][PASSED] - Keys '*' sent to object: 'Object Repository/ADMIN/Edit Text/Bespoke/Admin Pages/Login/input_Old Password_reconfirm_password'

2020-03-23 13:47:51 - [TEST_STEP][PASSED] - sendKeys(findTestObject("ADMIN/Edit Text/Bespoke/Admin Pages/Login/input_New password_password_not_match"), "*"): Keys '*' sent to object: 'Object Repository/ADMIN/Edit Text/Bespoke/Admin Pages/Login/input_New password_password_not_match'

2020-03-23 13:47:51 - [MESSAGE][PASSED] - Keys '*' sent to object: 'Object Repository/ADMIN/Edit Text/Bespoke/Admin Pages/Login/input_New password_password_not_match'

2020-03-23 13:47:51 - [TEST_STEP][PASSED] - sendKeys(findTestObject("ADMIN/Edit Text/Bespoke/Admin Pages/Login/input_Confirm new password_password_not_match"), "*"): Keys '*' sent to object: 'Object Repository/ADMIN/Edit Text/Bespoke/Admin Pages/Login/input_Confirm new password_password_not_match'

2020-03-23 13:47:51 - [MESSAGE][PASSED] - Keys '*' sent to object: 'Object Repository/ADMIN/Edit Text/Bespoke/Admin Pages/Login/input_Confirm new password_password_not_match'

2020-03-23 13:47:51 - [TEST_STEP][PASSED] - sendKeys(findTestObject("ADMIN/Edit Text/Bespoke/Admin Pages/Login/input_The passwords do not seem to match_password_not_match"), "*"): Keys '*' sent to object: 'Object Repository/ADMIN/Edit Text/Bespoke/Admin Pages/Login/input_The passwords do not seem to match_password_not_match'

2020-03-23 13:47:51 - [MESSAGE][PASSED] - Keys '*' sent to object: 'Object Repository/ADMIN/Edit Text/Bespoke/Admin Pages/Login/input_The passwords do not seem to match_password_not_match'

2020-03-23 13:47:51 - [TEST_STEP][PASSED] - sendKeys(findTestObject("ADMIN/Edit Text/Bespoke/Admin Pages/Login/input_Save_save_password_btn"), "*"): Keys '*' sent to object: 'Object Repository/ADMIN/Edit Text/Bespoke/Admin Pages/Login/input_Save_save_password_btn'

2020-03-23 13:47:51 - [MESSAGE][PASSED] - Keys '*' sent to object: 'Object Repository/ADMIN/Edit Text/Bespoke/Admin Pages/Login/input_Save_save_password_btn'

2020-03-23 13:47:51 - [TEST_STEP][PASSED] - click(findTestObject("ADMIN/Edit Text/Bespoke/Buyer Pages/Homepage/button_save"), CONTINUE_ON_FAILURE): Object: 'Object Repository/ADMIN/Edit Text/Bespoke/Buyer Pages/Homepage/button_save' is clicked on

2020-03-23 13:47:52 - [MESSAGE][PASSED] - Object: 'Object Repository/ADMIN/Edit Text/Bespoke/Buyer Pages/Homepage/button_save' is clicked on

2020-03-23 13:47:52 - [TEST_STEP][PASSED] - waitForElementVisible(findTestObject("ADMIN/Edit Text/Bespoke/Buyer Pages/Homepage/toaster_success About"), 0): Web element with id: 'Object Repository/ADMIN/Edit Text/Bespoke/Buyer Pages/Homepage/toaster_success About' located by 'By.xpath: //div[@class = 'toast-message' and (text() = 'Content page translations (about us, policies, etc) were successfully saved.' or . = 'Content page translations (about us, policies, etc) were successfully saved.')]' not found

2020-03-23 13:47:52 - [MESSAGE][WARNING] - Timeout '0' is invalid. Using default page load timeout: '30'

2020-03-23 13:48:26 - [MESSAGE][INFO] - Unable to find the element located by 'By.xpath: //div[@class = 'toast-message' and (text() = 'Content page translations (about us, policies, etc) were successfully saved.' or . = 'Content page translations (about us, policies, etc) were successfully saved.')]'. Please recheck the objects properties to make sure the desired element is located. 

2020-03-23 13:48:26 - [MESSAGE][WARNING] - Web element with id: 'Object Repository/ADMIN/Edit Text/Bespoke/Buyer Pages/Homepage/toaster_success About' located by 'By.xpath: //div[@class = 'toast-message' and (text() = 'Content page translations (about us, policies, etc) were successfully saved.' or . = 'Content page translations (about us, policies, etc) were successfully saved.')]' not found]]></system-out>
         <system-err><![CDATA[]]></system-err>
      </testcase>
      <testcase name="Test Cases/ADMIN/Language/Edit Text/Bespoke/Admin Pages/Login" time="40.147" classname="Test Cases/ADMIN/Language/Edit Text/Bespoke/Admin Pages/Login" status="PASSED">
         <system-out><![CDATA[2020-03-23 13:48:26 - [TEST_CASE][PASSED] - Test Cases/ADMIN/Language/Edit Text/Bespoke/Admin Pages/Login: Test Cases/ADMIN/Language/Edit Text/Bespoke/Admin Pages/Login

2020-03-23 13:48:26 - [TEST_STEP][PASSED] - waitForElementVisible(findTestObject("ADMIN/Edit Text/Bespoke/Buyer Navigation/dd_language"), 0): Object 'Object Repository/ADMIN/Edit Text/Bespoke/Buyer Navigation/dd_language' is visible

2020-03-23 13:48:26 - [MESSAGE][WARNING] - Timeout '0' is invalid. Using default page load timeout: '30'

2020-03-23 13:48:26 - [MESSAGE][PASSED] - Object 'Object Repository/ADMIN/Edit Text/Bespoke/Buyer Navigation/dd_language' is visible

2020-03-23 13:48:26 - [TEST_STEP][PASSED] - selectOptionByLabel(findTestObject("ADMIN/Edit Text/Bespoke/Buyer Navigation/dd_language"), varLanguage, false): All options with label 'English' are selected in object 'Object Repository/ADMIN/Edit Text/Bespoke/Buyer Navigation/dd_language' 

2020-03-23 13:48:28 - [MESSAGE][PASSED] - All options with label 'English' are selected in object 'Object Repository/ADMIN/Edit Text/Bespoke/Buyer Navigation/dd_language' 

2020-03-23 13:48:28 - [TEST_STEP][PASSED] - sendKeys(findTestObject("ADMIN/Edit Text/Bespoke/Admin Pages/Login/input_Continue with Google_btn_next"), "*"): Keys '*' sent to object: 'Object Repository/ADMIN/Edit Text/Bespoke/Admin Pages/Login/input_Continue with Google_btn_next'

2020-03-23 13:48:29 - [MESSAGE][PASSED] - Keys '*' sent to object: 'Object Repository/ADMIN/Edit Text/Bespoke/Admin Pages/Login/input_Continue with Google_btn_next'

2020-03-23 13:48:29 - [TEST_STEP][PASSED] - sendKeys(findTestObject("ADMIN/Edit Text/Bespoke/Admin Pages/Login/input_Continue with Facebook_btn_next"), "*"): Keys '*' sent to object: 'Object Repository/ADMIN/Edit Text/Bespoke/Admin Pages/Login/input_Continue with Facebook_btn_next'

2020-03-23 13:48:29 - [MESSAGE][PASSED] - Keys '*' sent to object: 'Object Repository/ADMIN/Edit Text/Bespoke/Admin Pages/Login/input_Continue with Facebook_btn_next'

2020-03-23 13:48:29 - [TEST_STEP][PASSED] - sendKeys(findTestObject("ADMIN/Edit Text/Bespoke/Admin Pages/Login/input_Continue with Google_btn_save"), "*"): Keys '*' sent to object: 'Object Repository/ADMIN/Edit Text/Bespoke/Admin Pages/Login/input_Continue with Google_btn_save'

2020-03-23 13:48:29 - [MESSAGE][PASSED] - Keys '*' sent to object: 'Object Repository/ADMIN/Edit Text/Bespoke/Admin Pages/Login/input_Continue with Google_btn_save'

2020-03-23 13:48:29 - [TEST_STEP][PASSED] - sendKeys(findTestObject("ADMIN/Edit Text/Bespoke/Admin Pages/Login/input_Continue with Facebook_btn_save"), "*"): Keys '*' sent to object: 'Object Repository/ADMIN/Edit Text/Bespoke/Admin Pages/Login/input_Continue with Facebook_btn_save'

2020-03-23 13:48:29 - [MESSAGE][PASSED] - Keys '*' sent to object: 'Object Repository/ADMIN/Edit Text/Bespoke/Admin Pages/Login/input_Continue with Facebook_btn_save'

2020-03-23 13:48:29 - [TEST_STEP][PASSED] - sendKeys(findTestObject("ADMIN/Edit Text/Bespoke/Admin Pages/Login/input_Your EmailUsername_email_username"), "*"): Keys '*' sent to object: 'Object Repository/ADMIN/Edit Text/Bespoke/Admin Pages/Login/input_Your EmailUsername_email_username'

2020-03-23 13:48:29 - [MESSAGE][PASSED] - Keys '*' sent to object: 'Object Repository/ADMIN/Edit Text/Bespoke/Admin Pages/Login/input_Your EmailUsername_email_username'

2020-03-23 13:48:29 - [TEST_STEP][PASSED] - sendKeys(findTestObject("ADMIN/Edit Text/Bespoke/Admin Pages/Login/input_Your Password_your_password"), "*"): Keys '*' sent to object: 'Object Repository/ADMIN/Edit Text/Bespoke/Admin Pages/Login/input_Your Password_your_password'

2020-03-23 13:48:29 - [MESSAGE][PASSED] - Keys '*' sent to object: 'Object Repository/ADMIN/Edit Text/Bespoke/Admin Pages/Login/input_Your Password_your_password'

2020-03-23 13:48:29 - [TEST_STEP][PASSED] - sendKeys(findTestObject("ADMIN/Edit Text/Bespoke/Admin Pages/Login/input_Create Account_btn_next"), "*"): Keys '*' sent to object: 'Object Repository/ADMIN/Edit Text/Bespoke/Admin Pages/Login/input_Create Account_btn_next'

2020-03-23 13:48:30 - [MESSAGE][PASSED] - Keys '*' sent to object: 'Object Repository/ADMIN/Edit Text/Bespoke/Admin Pages/Login/input_Create Account_btn_next'

2020-03-23 13:48:30 - [TEST_STEP][PASSED] - sendKeys(findTestObject("ADMIN/Edit Text/Bespoke/Admin Pages/Login/input_Sign In_btn_next"), "*"): Keys '*' sent to object: 'Object Repository/ADMIN/Edit Text/Bespoke/Admin Pages/Login/input_Sign In_btn_next'

2020-03-23 13:48:30 - [MESSAGE][PASSED] - Keys '*' sent to object: 'Object Repository/ADMIN/Edit Text/Bespoke/Admin Pages/Login/input_Sign In_btn_next'

2020-03-23 13:48:30 - [TEST_STEP][PASSED] - sendKeys(findTestObject("ADMIN/Edit Text/Bespoke/Admin Pages/Login/input_Forgot Password_forgot_password"), "*"): Keys '*' sent to object: 'Object Repository/ADMIN/Edit Text/Bespoke/Admin Pages/Login/input_Forgot Password_forgot_password'

2020-03-23 13:48:30 - [MESSAGE][PASSED] - Keys '*' sent to object: 'Object Repository/ADMIN/Edit Text/Bespoke/Admin Pages/Login/input_Forgot Password_forgot_password'

2020-03-23 13:48:30 - [TEST_STEP][PASSED] - sendKeys(findTestObject("ADMIN/Edit Text/Bespoke/Admin Pages/Login/input_Reconfirm Password_reconfirm_password"), "*"): Keys '*' sent to object: 'Object Repository/ADMIN/Edit Text/Bespoke/Admin Pages/Login/input_Reconfirm Password_reconfirm_password'

2020-03-23 13:48:30 - [MESSAGE][PASSED] - Keys '*' sent to object: 'Object Repository/ADMIN/Edit Text/Bespoke/Admin Pages/Login/input_Reconfirm Password_reconfirm_password'

2020-03-23 13:48:30 - [TEST_STEP][PASSED] - sendKeys(findTestObject("ADMIN/Edit Text/Bespoke/Admin Pages/Login/input_Notification Email_notif_email"), "*"): Keys '*' sent to object: 'Object Repository/ADMIN/Edit Text/Bespoke/Admin Pages/Login/input_Notification Email_notif_email'

2020-03-23 13:48:30 - [MESSAGE][PASSED] - Keys '*' sent to object: 'Object Repository/ADMIN/Edit Text/Bespoke/Admin Pages/Login/input_Notification Email_notif_email'

2020-03-23 13:48:30 - [TEST_STEP][PASSED] - sendKeys(findTestObject("ADMIN/Edit Text/Bespoke/Admin Pages/Login/input_Already have an Account_already_have_account"), "*"): Keys '*' sent to object: 'Object Repository/ADMIN/Edit Text/Bespoke/Admin Pages/Login/input_Already have an Account_already_have_account'

2020-03-23 13:48:30 - [MESSAGE][PASSED] - Keys '*' sent to object: 'Object Repository/ADMIN/Edit Text/Bespoke/Admin Pages/Login/input_Already have an Account_already_have_account'

2020-03-23 13:48:30 - [TEST_STEP][PASSED] - sendKeys(findTestObject("ADMIN/Edit Text/Bespoke/Admin Pages/Login/input_Whats your email or username_what_email_username"), "*"): Keys '*' sent to object: 'Object Repository/ADMIN/Edit Text/Bespoke/Admin Pages/Login/input_Whats your email or username_what_email_username'

2020-03-23 13:48:31 - [MESSAGE][PASSED] - Keys '*' sent to object: 'Object Repository/ADMIN/Edit Text/Bespoke/Admin Pages/Login/input_Whats your email or username_what_email_username'

2020-03-23 13:48:31 - [TEST_STEP][PASSED] - sendKeys(findTestObject("ADMIN/Edit Text/Bespoke/Admin Pages/Login/input_Reset Password_reset_password_btn"), "*"): Keys '*' sent to object: 'Object Repository/ADMIN/Edit Text/Bespoke/Admin Pages/Login/input_Reset Password_reset_password_btn'

2020-03-23 13:48:31 - [MESSAGE][PASSED] - Keys '*' sent to object: 'Object Repository/ADMIN/Edit Text/Bespoke/Admin Pages/Login/input_Reset Password_reset_password_btn'

2020-03-23 13:48:31 - [TEST_STEP][PASSED] - sendKeys(findTestObject("ADMIN/Edit Text/Bespoke/Admin Pages/Login/input_Sorry We were unable to find an account with that email  username_unable_find_account"), "*"): Keys '*' sent to object: 'Object Repository/ADMIN/Edit Text/Bespoke/Admin Pages/Login/input_Sorry We were unable to find an account with that email  username_unable_find_account'

2020-03-23 13:48:31 - [MESSAGE][PASSED] - Keys '*' sent to object: 'Object Repository/ADMIN/Edit Text/Bespoke/Admin Pages/Login/input_Sorry We were unable to find an account with that email  username_unable_find_account'

2020-03-23 13:48:31 - [TEST_STEP][PASSED] - sendKeys(findTestObject("ADMIN/Edit Text/Bespoke/Admin Pages/Login/input_A recovery email has been sent to the email address associated with this account_recovery_email"), "*"): Keys '*' sent to object: 'Object Repository/ADMIN/Edit Text/Bespoke/Admin Pages/Login/input_A recovery email has been sent to the email address associated with this account_recovery_email'

2020-03-23 13:48:31 - [MESSAGE][PASSED] - Keys '*' sent to object: 'Object Repository/ADMIN/Edit Text/Bespoke/Admin Pages/Login/input_A recovery email has been sent to the email address associated with this account_recovery_email'

2020-03-23 13:48:31 - [TEST_STEP][PASSED] - sendKeys(findTestObject("ADMIN/Edit Text/Bespoke/Admin Pages/Login/input_Back_back"), "*"): Keys '*' sent to object: 'Object Repository/ADMIN/Edit Text/Bespoke/Admin Pages/Login/input_Back_back'

2020-03-23 13:48:31 - [MESSAGE][PASSED] - Keys '*' sent to object: 'Object Repository/ADMIN/Edit Text/Bespoke/Admin Pages/Login/input_Back_back'

2020-03-23 13:48:31 - [TEST_STEP][PASSED] - sendKeys(findTestObject("ADMIN/Edit Text/Bespoke/Admin Pages/Login/input_Your New Password_your_new_password"), "*"): Keys '*' sent to object: 'Object Repository/ADMIN/Edit Text/Bespoke/Admin Pages/Login/input_Your New Password_your_new_password'

2020-03-23 13:48:31 - [MESSAGE][PASSED] - Keys '*' sent to object: 'Object Repository/ADMIN/Edit Text/Bespoke/Admin Pages/Login/input_Your New Password_your_new_password'

2020-03-23 13:48:31 - [TEST_STEP][PASSED] - sendKeys(findTestObject("ADMIN/Edit Text/Bespoke/Admin Pages/Login/input_Reconfirm New Password_reconfirm_password"), "*"): Keys '*' sent to object: 'Object Repository/ADMIN/Edit Text/Bespoke/Admin Pages/Login/input_Reconfirm New Password_reconfirm_password'

2020-03-23 13:48:31 - [MESSAGE][PASSED] - Keys '*' sent to object: 'Object Repository/ADMIN/Edit Text/Bespoke/Admin Pages/Login/input_Reconfirm New Password_reconfirm_password'

2020-03-23 13:48:31 - [TEST_STEP][PASSED] - sendKeys(findTestObject("ADMIN/Edit Text/Bespoke/Admin Pages/Login/input_The passwords do not seem to match_password_not_match"), "*"): Keys '*' sent to object: 'Object Repository/ADMIN/Edit Text/Bespoke/Admin Pages/Login/input_The passwords do not seem to match_password_not_match'

2020-03-23 13:48:31 - [MESSAGE][PASSED] - Keys '*' sent to object: 'Object Repository/ADMIN/Edit Text/Bespoke/Admin Pages/Login/input_The passwords do not seem to match_password_not_match'

2020-03-23 13:48:31 - [TEST_STEP][PASSED] - sendKeys(findTestObject("ADMIN/Edit Text/Bespoke/Admin Pages/Login/input_Change Password_your_new_password"), "*"): Keys '*' sent to object: 'Object Repository/ADMIN/Edit Text/Bespoke/Admin Pages/Login/input_Change Password_your_new_password'

2020-03-23 13:48:32 - [MESSAGE][PASSED] - Keys '*' sent to object: 'Object Repository/ADMIN/Edit Text/Bespoke/Admin Pages/Login/input_Change Password_your_new_password'

2020-03-23 13:48:32 - [TEST_STEP][PASSED] - sendKeys(findTestObject("ADMIN/Edit Text/Bespoke/Admin Pages/Login/input_Old Password_reconfirm_password"), "*"): Keys '*' sent to object: 'Object Repository/ADMIN/Edit Text/Bespoke/Admin Pages/Login/input_Old Password_reconfirm_password'

2020-03-23 13:48:32 - [MESSAGE][PASSED] - Keys '*' sent to object: 'Object Repository/ADMIN/Edit Text/Bespoke/Admin Pages/Login/input_Old Password_reconfirm_password'

2020-03-23 13:48:32 - [TEST_STEP][PASSED] - sendKeys(findTestObject("ADMIN/Edit Text/Bespoke/Admin Pages/Login/input_New password_password_not_match"), "*"): Keys '*' sent to object: 'Object Repository/ADMIN/Edit Text/Bespoke/Admin Pages/Login/input_New password_password_not_match'

2020-03-23 13:48:32 - [MESSAGE][PASSED] - Keys '*' sent to object: 'Object Repository/ADMIN/Edit Text/Bespoke/Admin Pages/Login/input_New password_password_not_match'

2020-03-23 13:48:32 - [TEST_STEP][PASSED] - sendKeys(findTestObject("ADMIN/Edit Text/Bespoke/Admin Pages/Login/input_Confirm new password_password_not_match"), "*"): Keys '*' sent to object: 'Object Repository/ADMIN/Edit Text/Bespoke/Admin Pages/Login/input_Confirm new password_password_not_match'

2020-03-23 13:48:32 - [MESSAGE][PASSED] - Keys '*' sent to object: 'Object Repository/ADMIN/Edit Text/Bespoke/Admin Pages/Login/input_Confirm new password_password_not_match'

2020-03-23 13:48:32 - [TEST_STEP][PASSED] - sendKeys(findTestObject("ADMIN/Edit Text/Bespoke/Admin Pages/Login/input_The passwords do not seem to match_password_not_match"), "*"): Keys '*' sent to object: 'Object Repository/ADMIN/Edit Text/Bespoke/Admin Pages/Login/input_The passwords do not seem to match_password_not_match'

2020-03-23 13:48:32 - [MESSAGE][PASSED] - Keys '*' sent to object: 'Object Repository/ADMIN/Edit Text/Bespoke/Admin Pages/Login/input_The passwords do not seem to match_password_not_match'

2020-03-23 13:48:32 - [TEST_STEP][PASSED] - sendKeys(findTestObject("ADMIN/Edit Text/Bespoke/Admin Pages/Login/input_Save_save_password_btn"), "*"): Keys '*' sent to object: 'Object Repository/ADMIN/Edit Text/Bespoke/Admin Pages/Login/input_Save_save_password_btn'

2020-03-23 13:48:32 - [MESSAGE][PASSED] - Keys '*' sent to object: 'Object Repository/ADMIN/Edit Text/Bespoke/Admin Pages/Login/input_Save_save_password_btn'

2020-03-23 13:48:32 - [TEST_STEP][PASSED] - click(findTestObject("ADMIN/Edit Text/Bespoke/Buyer Pages/Homepage/button_save"), CONTINUE_ON_FAILURE): Object: 'Object Repository/ADMIN/Edit Text/Bespoke/Buyer Pages/Homepage/button_save' is clicked on

2020-03-23 13:48:32 - [MESSAGE][PASSED] - Object: 'Object Repository/ADMIN/Edit Text/Bespoke/Buyer Pages/Homepage/button_save' is clicked on

2020-03-23 13:48:32 - [TEST_STEP][PASSED] - waitForElementVisible(findTestObject("ADMIN/Edit Text/Bespoke/Buyer Pages/Homepage/toaster_success About"), 0): Web element with id: 'Object Repository/ADMIN/Edit Text/Bespoke/Buyer Pages/Homepage/toaster_success About' located by 'By.xpath: //div[@class = 'toast-message' and (text() = 'Content page translations (about us, policies, etc) were successfully saved.' or . = 'Content page translations (about us, policies, etc) were successfully saved.')]' not found

2020-03-23 13:48:32 - [MESSAGE][WARNING] - Timeout '0' is invalid. Using default page load timeout: '30'

2020-03-23 13:49:06 - [MESSAGE][INFO] - Unable to find the element located by 'By.xpath: //div[@class = 'toast-message' and (text() = 'Content page translations (about us, policies, etc) were successfully saved.' or . = 'Content page translations (about us, policies, etc) were successfully saved.')]'. Please recheck the objects properties to make sure the desired element is located. 

2020-03-23 13:49:06 - [MESSAGE][WARNING] - Web element with id: 'Object Repository/ADMIN/Edit Text/Bespoke/Buyer Pages/Homepage/toaster_success About' located by 'By.xpath: //div[@class = 'toast-message' and (text() = 'Content page translations (about us, policies, etc) were successfully saved.' or . = 'Content page translations (about us, policies, etc) were successfully saved.')]' not found]]></system-out>
         <system-err><![CDATA[]]></system-err>
      </testcase>
      <system-out><![CDATA[2020-03-23 13:37:57 - [TEST_SUITE][PASSED] - Bespoke Admin Pages: Test Cases/ADMIN/Language/Edit Text/Bespoke/Admin Pages/Login]]></system-out>
      <system-err><![CDATA[]]></system-err>
   </testsuite>
</testsuites>
