<?xml version="1.0" encoding="UTF-8"?>
<testsuites name="Combination_DefaultUnit" time="398" tests="33" failures="0" errors="0">
   <testsuite name="Combination_DefaultUnit" tests="33" failures="0" errors="0" time="398" timestamp="2019-06-10 09:28:48" hostname="Arcadier - Arcadier-PC" id="Test Suites/Feature Control/Booking Unit/Combination_DefaultUnit">
      <properties>
         <property name="deviceName" value=""/>
         <property name="devicePlatform" value=""/>
         <property name="logFolder" value="C:\\Users\\Arcadier\\git\\Arctick\\Reports\\Feature Control\\Booking Unit\\Combination_DefaultUnit\\20190610_092847"/>
         <property name="logFiles" value="C:\\Users\\Arcadier\\git\\Arctick\\Reports\\Feature Control\\Booking Unit\\Combination_DefaultUnit\\20190610_092847\\execution0.log"/>
         <property name="attachments" value=""/>
         <property name="hostName" value="Arcadier - Arcadier-PC"/>
         <property name="os" value="Windows 7 64bit"/>
         <property name="katalonVersion" value="5.4.2.1"/>
         <property name="browser" value="Chrome 74.0.3729.169"/>
         <property name="hostAddress" value="10.10.31.95"/>
         <property name="sessionId" value="21ec3d67b95a977d2d07be6c8147553c"/>
         <property name="seleniumVersion" value="3.7.1"/>
         <property name="proxyInformation" value="ProxyInformation{proxyOption=NO_PROXY, proxyServerType=HTTP, password=, proxyServerAddress=, proxyServerPort=0}"/>
         <property name="platform" value="Windows 7"/>
      </properties>
      <testcase name="Test Cases/Utilities/ADMIN/Admin Login" classname="Test Cases/Utilities/ADMIN/Admin Login" status="PASSED">
         <system-out><![CDATA[2019-06-10 09:28:49 - [TEST_CASE][PASSED] - Test Cases/Utilities/ADMIN/Admin Login: Test Cases/Utilities/ADMIN/Admin Login

2019-06-10 09:28:49 - [TEST_STEP][PASSED] - openBrowser: Browser is opened with url: ''

2019-06-10 09:28:50 - [MESSAGE][PASSED] - Browser is opened with url: ''

2019-06-10 09:28:50 - [TEST_STEP][PASSED] - maximizeWindow: Current window maximized

2019-06-10 09:28:50 - [MESSAGE][PASSED] - Current window maximized

2019-06-10 09:28:50 - [TEST_STEP][PASSED] - navigateToUrl: Navigate to 'http://0610SR.test.arcadier.io/admin' successfully

2019-06-10 09:28:50 - [MESSAGE][PASSED] - Navigate to 'http://0610SR.test.arcadier.io/admin' successfully

2019-06-10 09:28:50 - [TEST_STEP][PASSED] - Statement - If (AdminAccountType == "custom"): Object: 'Object Repository/ADMIN/Admin Login/Admin Login/btn_signin' is clicked on

2019-06-10 09:28:50 - [TEST_STEP][PASSED] - waitForElementVisible: Object 'Object Repository/ADMIN/Admin Login/Admin Login/txtbox_username' is visible

2019-06-10 09:28:50 - [MESSAGE][WARNING] - Timeout '0' is invalid. Using default page load timeout: '30'

2019-06-10 09:28:51 - [MESSAGE][PASSED] - Object 'Object Repository/ADMIN/Admin Login/Admin Login/txtbox_username' is visible

2019-06-10 09:28:51 - [TEST_STEP][PASSED] - setText: Text '0610SR' is set on object 'Object Repository/ADMIN/Admin Login/Admin Login/txtbox_username'

2019-06-10 09:28:51 - [MESSAGE][PASSED] - Text '0610SR' is set on object 'Object Repository/ADMIN/Admin Login/Admin Login/txtbox_username'

2019-06-10 09:28:51 - [TEST_STEP][PASSED] - setText: Text 'welcome8' is set on object 'Object Repository/ADMIN/Admin Login/Admin Login/txtbox_password'

2019-06-10 09:28:51 - [MESSAGE][PASSED] - Text 'welcome8' is set on object 'Object Repository/ADMIN/Admin Login/Admin Login/txtbox_password'

2019-06-10 09:28:51 - [TEST_STEP][PASSED] - click: Object: 'Object Repository/ADMIN/Admin Login/Admin Login/btn_signin' is clicked on

2019-06-10 09:28:53 - [MESSAGE][PASSED] - Object: 'Object Repository/ADMIN/Admin Login/Admin Login/btn_signin' is clicked on]]></system-out>
         <system-err><![CDATA[]]></system-err>
      </testcase>
      <testcase name="Test Cases/ADMIN/Features Control/Booking Unit/Combination/Default/01Add_perHour" classname="Test Cases/ADMIN/Features Control/Booking Unit/Combination/Default/01Add_perHour" status="PASSED">
         <system-out><![CDATA[2019-06-10 09:28:53 - [TEST_CASE][PASSED] - Test Cases/ADMIN/Features Control/Booking Unit/Combination/Default/01Add_perHour: Test Cases/ADMIN/Features Control/Booking Unit/Combination/Default/01Add_perHour

2019-06-10 09:28:54 - [TEST_STEP][PASSED] - waitForElementVisible: Object 'Object Repository/ADMIN/Features Control/Advance Search/a_Features Control' is visible

2019-06-10 09:28:54 - [MESSAGE][WARNING] - Timeout '0' is invalid. Using default page load timeout: '30'

2019-06-10 09:28:54 - [MESSAGE][PASSED] - Object 'Object Repository/ADMIN/Features Control/Advance Search/a_Features Control' is visible

2019-06-10 09:28:54 - [TEST_STEP][PASSED] - click: Object: 'Object Repository/ADMIN/Features Control/Advance Search/a_Features Control' is clicked on

2019-06-10 09:28:54 - [MESSAGE][PASSED] - Object: 'Object Repository/ADMIN/Features Control/Advance Search/a_Features Control' is clicked on

2019-06-10 09:28:54 - [TEST_STEP][PASSED] - waitForElementVisible: Object 'Object Repository/ADMIN/Features Control/Booking Unit/button_Edit' is visible

2019-06-10 09:28:54 - [MESSAGE][WARNING] - Timeout '0' is invalid. Using default page load timeout: '30'

2019-06-10 09:28:54 - [MESSAGE][PASSED] - Object 'Object Repository/ADMIN/Features Control/Booking Unit/button_Edit' is visible

2019-06-10 09:28:54 - [TEST_STEP][PASSED] - click: Object: 'Object Repository/ADMIN/Features Control/Booking Unit/button_Edit' is clicked on

2019-06-10 09:28:57 - [MESSAGE][PASSED] - Object: 'Object Repository/ADMIN/Features Control/Booking Unit/button_Edit' is clicked on

2019-06-10 09:28:57 - [TEST_STEP][PASSED] - waitForElementVisible: Object 'Object Repository/ADMIN/Features Control/Booking Unit/icon1st_NewBookingUnit' is visible

2019-06-10 09:28:57 - [MESSAGE][WARNING] - Timeout '0' is invalid. Using default page load timeout: '30'

2019-06-10 09:28:57 - [MESSAGE][PASSED] - Object 'Object Repository/ADMIN/Features Control/Booking Unit/icon1st_NewBookingUnit' is visible

2019-06-10 09:28:57 - [TEST_STEP][PASSED] - verifyElementVisible: Object 'Object Repository/ADMIN/Features Control/Booking Unit/textlabel_NewBookingUnit' is visible

2019-06-10 09:28:57 - [MESSAGE][PASSED] - Object 'Object Repository/ADMIN/Features Control/Booking Unit/textlabel_NewBookingUnit' is visible

2019-06-10 09:28:57 - [TEST_STEP][PASSED] - delay: Delayed 1 second(s)

2019-06-10 09:28:58 - [MESSAGE][PASSED] - Delayed 1 second(s)

2019-06-10 09:28:58 - [TEST_STEP][PASSED] - click: Object: 'Object Repository/ADMIN/Features Control/Booking Unit/button_AddBookingUnit' is clicked on

2019-06-10 09:28:58 - [MESSAGE][PASSED] - Object: 'Object Repository/ADMIN/Features Control/Booking Unit/button_AddBookingUnit' is clicked on

2019-06-10 09:28:58 - [TEST_STEP][PASSED] - waitForElementVisible: Object 'Object Repository/ADMIN/Features Control/Booking Unit/a_Add New Booking Unit/textlabel_AddNewBookingUnit' is visible

2019-06-10 09:28:58 - [MESSAGE][WARNING] - Timeout '0' is invalid. Using default page load timeout: '30'

2019-06-10 09:28:58 - [MESSAGE][PASSED] - Object 'Object Repository/ADMIN/Features Control/Booking Unit/a_Add New Booking Unit/textlabel_AddNewBookingUnit' is visible

2019-06-10 09:28:58 - [TEST_STEP][PASSED] - delay: Delayed 1 second(s)

2019-06-10 09:28:59 - [MESSAGE][PASSED] - Delayed 1 second(s)

2019-06-10 09:28:59 - [TEST_STEP][PASSED] - setText: Text 'Day 1' is set on object 'Object Repository/ADMIN/Features Control/Booking Unit/a_Add New Booking Unit/textfield_UnitName'

2019-06-10 09:28:59 - [MESSAGE][PASSED] - Text 'Day 1' is set on object 'Object Repository/ADMIN/Features Control/Booking Unit/a_Add New Booking Unit/textfield_UnitName'

2019-06-10 09:28:59 - [TEST_STEP][PASSED] - delay: Delayed 1 second(s)

2019-06-10 09:29:00 - [MESSAGE][PASSED] - Delayed 1 second(s)

2019-06-10 09:29:00 - [TEST_STEP][PASSED] - click: Object: 'Object Repository/ADMIN/Features Control/Booking Unit/a_Add New Booking Unit/checkbox_Hour' is clicked on

2019-06-10 09:29:00 - [MESSAGE][PASSED] - Object: 'Object Repository/ADMIN/Features Control/Booking Unit/a_Add New Booking Unit/checkbox_Hour' is clicked on

2019-06-10 09:29:00 - [TEST_STEP][PASSED] - click: Object: 'Object Repository/ADMIN/Features Control/Booking Unit/a_Add New Booking Unit/button_Save' is clicked on

2019-06-10 09:29:00 - [MESSAGE][PASSED] - Object: 'Object Repository/ADMIN/Features Control/Booking Unit/a_Add New Booking Unit/button_Save' is clicked on

2019-06-10 09:29:00 - [TEST_STEP][PASSED] - delay: Delayed 1 second(s)

2019-06-10 09:29:01 - [MESSAGE][PASSED] - Delayed 1 second(s)

2019-06-10 09:29:01 - [TEST_STEP][PASSED] - click: Object: 'Object Repository/ADMIN/Features Control/Booking Unit/topbutton_Save' is clicked on

2019-06-10 09:29:02 - [MESSAGE][PASSED] - Object: 'Object Repository/ADMIN/Features Control/Booking Unit/topbutton_Save' is clicked on

2019-06-10 09:29:02 - [TEST_STEP][PASSED] - waitForElementVisible: Object 'Object Repository/ADMIN/Features Control/Booking Unit/a_Save Popup/button_Save' is visible

2019-06-10 09:29:02 - [MESSAGE][WARNING] - Timeout '0' is invalid. Using default page load timeout: '30'

2019-06-10 09:29:02 - [MESSAGE][PASSED] - Object 'Object Repository/ADMIN/Features Control/Booking Unit/a_Save Popup/button_Save' is visible

2019-06-10 09:29:02 - [TEST_STEP][PASSED] - click: Object: 'Object Repository/ADMIN/Features Control/Booking Unit/a_Save Popup/button_Save' is clicked on

2019-06-10 09:29:02 - [MESSAGE][PASSED] - Object: 'Object Repository/ADMIN/Features Control/Booking Unit/a_Save Popup/button_Save' is clicked on

2019-06-10 09:29:02 - [TEST_STEP][PASSED] - waitForElementVisible: Object 'Object Repository/ADMIN/Features Control/Booking Unit/a_ToasterMessage/toaster_SaveSuccessfully' is visible

2019-06-10 09:29:02 - [MESSAGE][WARNING] - Timeout '0' is invalid. Using default page load timeout: '30'

2019-06-10 09:29:02 - [MESSAGE][PASSED] - Object 'Object Repository/ADMIN/Features Control/Booking Unit/a_ToasterMessage/toaster_SaveSuccessfully' is visible

2019-06-10 09:29:02 - [TEST_STEP][PASSED] - waitForElementNotPresent: Web element with id: 'Object Repository/ADMIN/Features Control/Booking Unit/a_ToasterMessage/toaster_SaveSuccessfully' located by 'By.xpath: //div[@class = 'toast toast-success' and (text() = 'Save successfully' or . = 'Save successfully')]' is not present after '30' second(s)

2019-06-10 09:29:02 - [MESSAGE][WARNING] - Timeout '0' is invalid. Using default page load timeout: '30'

2019-06-10 09:29:08 - [MESSAGE][PASSED] - Web element with id: 'Object Repository/ADMIN/Features Control/Booking Unit/a_ToasterMessage/toaster_SaveSuccessfully' located by 'By.xpath: //div[@class = 'toast toast-success' and (text() = 'Save successfully' or . = 'Save successfully')]' is not present after '30' second(s)]]></system-out>
         <system-err><![CDATA[]]></system-err>
      </testcase>
      <testcase name="Test Cases/ADMIN/Features Control/Booking Unit/Combination/Default/02Add_perDay" classname="Test Cases/ADMIN/Features Control/Booking Unit/Combination/Default/02Add_perDay" status="PASSED">
         <system-out><![CDATA[2019-06-10 09:29:08 - [TEST_CASE][PASSED] - Test Cases/ADMIN/Features Control/Booking Unit/Combination/Default/02Add_perDay: Test Cases/ADMIN/Features Control/Booking Unit/Combination/Default/02Add_perDay

2019-06-10 09:29:08 - [TEST_STEP][PASSED] - waitForElementVisible: Object 'Object Repository/ADMIN/Features Control/Advance Search/a_Features Control' is visible

2019-06-10 09:29:08 - [MESSAGE][WARNING] - Timeout '0' is invalid. Using default page load timeout: '30'

2019-06-10 09:29:08 - [MESSAGE][PASSED] - Object 'Object Repository/ADMIN/Features Control/Advance Search/a_Features Control' is visible

2019-06-10 09:29:08 - [TEST_STEP][PASSED] - click: Object: 'Object Repository/ADMIN/Features Control/Advance Search/a_Features Control' is clicked on

2019-06-10 09:29:09 - [MESSAGE][PASSED] - Object: 'Object Repository/ADMIN/Features Control/Advance Search/a_Features Control' is clicked on

2019-06-10 09:29:09 - [TEST_STEP][PASSED] - waitForElementVisible: Object 'Object Repository/ADMIN/Features Control/Booking Unit/button_Edit' is visible

2019-06-10 09:29:09 - [MESSAGE][WARNING] - Timeout '0' is invalid. Using default page load timeout: '30'

2019-06-10 09:29:09 - [MESSAGE][PASSED] - Object 'Object Repository/ADMIN/Features Control/Booking Unit/button_Edit' is visible

2019-06-10 09:29:09 - [TEST_STEP][PASSED] - click: Object: 'Object Repository/ADMIN/Features Control/Booking Unit/button_Edit' is clicked on

2019-06-10 09:29:10 - [MESSAGE][PASSED] - Object: 'Object Repository/ADMIN/Features Control/Booking Unit/button_Edit' is clicked on

2019-06-10 09:29:10 - [TEST_STEP][PASSED] - waitForElementVisible: Object 'Object Repository/ADMIN/Features Control/Booking Unit/icon1st_NewBookingUnit' is visible

2019-06-10 09:29:10 - [MESSAGE][WARNING] - Timeout '0' is invalid. Using default page load timeout: '30'

2019-06-10 09:29:10 - [MESSAGE][PASSED] - Object 'Object Repository/ADMIN/Features Control/Booking Unit/icon1st_NewBookingUnit' is visible

2019-06-10 09:29:10 - [TEST_STEP][PASSED] - verifyElementVisible: Object 'Object Repository/ADMIN/Features Control/Booking Unit/textlabel_NewBookingUnit' is visible

2019-06-10 09:29:10 - [MESSAGE][PASSED] - Object 'Object Repository/ADMIN/Features Control/Booking Unit/textlabel_NewBookingUnit' is visible

2019-06-10 09:29:10 - [TEST_STEP][PASSED] - delay: Delayed 1 second(s)

2019-06-10 09:29:11 - [MESSAGE][PASSED] - Delayed 1 second(s)

2019-06-10 09:29:11 - [TEST_STEP][PASSED] - click: Object: 'Object Repository/ADMIN/Features Control/Booking Unit/button_AddBookingUnit' is clicked on

2019-06-10 09:29:11 - [MESSAGE][PASSED] - Object: 'Object Repository/ADMIN/Features Control/Booking Unit/button_AddBookingUnit' is clicked on

2019-06-10 09:29:11 - [TEST_STEP][PASSED] - waitForElementVisible: Object 'Object Repository/ADMIN/Features Control/Booking Unit/a_Add New Booking Unit/textlabel_AddNewBookingUnit' is visible

2019-06-10 09:29:11 - [MESSAGE][WARNING] - Timeout '0' is invalid. Using default page load timeout: '30'

2019-06-10 09:29:11 - [MESSAGE][PASSED] - Object 'Object Repository/ADMIN/Features Control/Booking Unit/a_Add New Booking Unit/textlabel_AddNewBookingUnit' is visible

2019-06-10 09:29:11 - [TEST_STEP][PASSED] - delay: Delayed 1 second(s)

2019-06-10 09:29:12 - [MESSAGE][PASSED] - Delayed 1 second(s)

2019-06-10 09:29:12 - [TEST_STEP][PASSED] - setText: Text 'Day 2' is set on object 'Object Repository/ADMIN/Features Control/Booking Unit/a_Add New Booking Unit/textfield_UnitName'

2019-06-10 09:29:12 - [MESSAGE][PASSED] - Text 'Day 2' is set on object 'Object Repository/ADMIN/Features Control/Booking Unit/a_Add New Booking Unit/textfield_UnitName'

2019-06-10 09:29:12 - [TEST_STEP][PASSED] - delay: Delayed 1 second(s)

2019-06-10 09:29:13 - [MESSAGE][PASSED] - Delayed 1 second(s)

2019-06-10 09:29:13 - [TEST_STEP][PASSED] - click: Object: 'Object Repository/ADMIN/Features Control/Booking Unit/a_Add New Booking Unit/checkbox_Day' is clicked on

2019-06-10 09:29:13 - [MESSAGE][PASSED] - Object: 'Object Repository/ADMIN/Features Control/Booking Unit/a_Add New Booking Unit/checkbox_Day' is clicked on

2019-06-10 09:29:13 - [TEST_STEP][PASSED] - click: Object: 'Object Repository/ADMIN/Features Control/Booking Unit/a_Add New Booking Unit/button_Save' is clicked on

2019-06-10 09:29:13 - [MESSAGE][PASSED] - Object: 'Object Repository/ADMIN/Features Control/Booking Unit/a_Add New Booking Unit/button_Save' is clicked on

2019-06-10 09:29:13 - [TEST_STEP][PASSED] - delay: Delayed 1 second(s)

2019-06-10 09:29:14 - [MESSAGE][PASSED] - Delayed 1 second(s)

2019-06-10 09:29:14 - [TEST_STEP][PASSED] - click: Object: 'Object Repository/ADMIN/Features Control/Booking Unit/topbutton_Save' is clicked on

2019-06-10 09:29:14 - [MESSAGE][PASSED] - Object: 'Object Repository/ADMIN/Features Control/Booking Unit/topbutton_Save' is clicked on

2019-06-10 09:29:14 - [TEST_STEP][PASSED] - waitForElementVisible: Object 'Object Repository/ADMIN/Features Control/Booking Unit/a_Save Popup/button_Save' is visible

2019-06-10 09:29:14 - [MESSAGE][WARNING] - Timeout '0' is invalid. Using default page load timeout: '30'

2019-06-10 09:29:14 - [MESSAGE][PASSED] - Object 'Object Repository/ADMIN/Features Control/Booking Unit/a_Save Popup/button_Save' is visible

2019-06-10 09:29:14 - [TEST_STEP][PASSED] - click: Object: 'Object Repository/ADMIN/Features Control/Booking Unit/a_Save Popup/button_Save' is clicked on

2019-06-10 09:29:14 - [MESSAGE][PASSED] - Object: 'Object Repository/ADMIN/Features Control/Booking Unit/a_Save Popup/button_Save' is clicked on

2019-06-10 09:29:14 - [TEST_STEP][PASSED] - waitForElementVisible: Object 'Object Repository/ADMIN/Features Control/Booking Unit/a_ToasterMessage/toaster_SaveSuccessfully' is visible

2019-06-10 09:29:14 - [MESSAGE][WARNING] - Timeout '0' is invalid. Using default page load timeout: '30'

2019-06-10 09:29:15 - [MESSAGE][PASSED] - Object 'Object Repository/ADMIN/Features Control/Booking Unit/a_ToasterMessage/toaster_SaveSuccessfully' is visible

2019-06-10 09:29:15 - [TEST_STEP][PASSED] - waitForElementNotPresent: Web element with id: 'Object Repository/ADMIN/Features Control/Booking Unit/a_ToasterMessage/toaster_SaveSuccessfully' located by 'By.xpath: //div[@class = 'toast toast-success' and (text() = 'Save successfully' or . = 'Save successfully')]' is not present after '30' second(s)

2019-06-10 09:29:15 - [MESSAGE][WARNING] - Timeout '0' is invalid. Using default page load timeout: '30'

2019-06-10 09:29:21 - [MESSAGE][PASSED] - Web element with id: 'Object Repository/ADMIN/Features Control/Booking Unit/a_ToasterMessage/toaster_SaveSuccessfully' located by 'By.xpath: //div[@class = 'toast toast-success' and (text() = 'Save successfully' or . = 'Save successfully')]' is not present after '30' second(s)]]></system-out>
         <system-err><![CDATA[]]></system-err>
      </testcase>
      <testcase name="Test Cases/ADMIN/Features Control/Booking Unit/Combination/Default/03Add_perWeek" classname="Test Cases/ADMIN/Features Control/Booking Unit/Combination/Default/03Add_perWeek" status="PASSED">
         <system-out><![CDATA[2019-06-10 09:29:21 - [TEST_CASE][PASSED] - Test Cases/ADMIN/Features Control/Booking Unit/Combination/Default/03Add_perWeek: Test Cases/ADMIN/Features Control/Booking Unit/Combination/Default/03Add_perWeek

2019-06-10 09:29:21 - [TEST_STEP][PASSED] - waitForElementVisible: Object 'Object Repository/ADMIN/Features Control/Advance Search/a_Features Control' is visible

2019-06-10 09:29:21 - [MESSAGE][WARNING] - Timeout '0' is invalid. Using default page load timeout: '30'

2019-06-10 09:29:21 - [MESSAGE][PASSED] - Object 'Object Repository/ADMIN/Features Control/Advance Search/a_Features Control' is visible

2019-06-10 09:29:21 - [TEST_STEP][PASSED] - click: Object: 'Object Repository/ADMIN/Features Control/Advance Search/a_Features Control' is clicked on

2019-06-10 09:29:22 - [MESSAGE][PASSED] - Object: 'Object Repository/ADMIN/Features Control/Advance Search/a_Features Control' is clicked on

2019-06-10 09:29:22 - [TEST_STEP][PASSED] - waitForElementVisible: Object 'Object Repository/ADMIN/Features Control/Booking Unit/button_Edit' is visible

2019-06-10 09:29:22 - [MESSAGE][WARNING] - Timeout '0' is invalid. Using default page load timeout: '30'

2019-06-10 09:29:22 - [MESSAGE][PASSED] - Object 'Object Repository/ADMIN/Features Control/Booking Unit/button_Edit' is visible

2019-06-10 09:29:22 - [TEST_STEP][PASSED] - click: Object: 'Object Repository/ADMIN/Features Control/Booking Unit/button_Edit' is clicked on

2019-06-10 09:29:22 - [MESSAGE][PASSED] - Object: 'Object Repository/ADMIN/Features Control/Booking Unit/button_Edit' is clicked on

2019-06-10 09:29:22 - [TEST_STEP][PASSED] - waitForElementVisible: Object 'Object Repository/ADMIN/Features Control/Booking Unit/icon1st_NewBookingUnit' is visible

2019-06-10 09:29:22 - [MESSAGE][WARNING] - Timeout '0' is invalid. Using default page load timeout: '30'

2019-06-10 09:29:22 - [MESSAGE][PASSED] - Object 'Object Repository/ADMIN/Features Control/Booking Unit/icon1st_NewBookingUnit' is visible

2019-06-10 09:29:22 - [TEST_STEP][PASSED] - verifyElementVisible: Object 'Object Repository/ADMIN/Features Control/Booking Unit/textlabel_NewBookingUnit' is visible

2019-06-10 09:29:22 - [MESSAGE][PASSED] - Object 'Object Repository/ADMIN/Features Control/Booking Unit/textlabel_NewBookingUnit' is visible

2019-06-10 09:29:22 - [TEST_STEP][PASSED] - delay: Delayed 1 second(s)

2019-06-10 09:29:23 - [MESSAGE][PASSED] - Delayed 1 second(s)

2019-06-10 09:29:23 - [TEST_STEP][PASSED] - click: Object: 'Object Repository/ADMIN/Features Control/Booking Unit/button_AddBookingUnit' is clicked on

2019-06-10 09:29:24 - [MESSAGE][PASSED] - Object: 'Object Repository/ADMIN/Features Control/Booking Unit/button_AddBookingUnit' is clicked on

2019-06-10 09:29:24 - [TEST_STEP][PASSED] - waitForElementVisible: Object 'Object Repository/ADMIN/Features Control/Booking Unit/a_Add New Booking Unit/textlabel_AddNewBookingUnit' is visible

2019-06-10 09:29:24 - [MESSAGE][WARNING] - Timeout '0' is invalid. Using default page load timeout: '30'

2019-06-10 09:29:24 - [MESSAGE][PASSED] - Object 'Object Repository/ADMIN/Features Control/Booking Unit/a_Add New Booking Unit/textlabel_AddNewBookingUnit' is visible

2019-06-10 09:29:24 - [TEST_STEP][PASSED] - delay: Delayed 1 second(s)

2019-06-10 09:29:25 - [MESSAGE][PASSED] - Delayed 1 second(s)

2019-06-10 09:29:25 - [TEST_STEP][PASSED] - setText: Text 'Day 3' is set on object 'Object Repository/ADMIN/Features Control/Booking Unit/a_Add New Booking Unit/textfield_UnitName'

2019-06-10 09:29:25 - [MESSAGE][PASSED] - Text 'Day 3' is set on object 'Object Repository/ADMIN/Features Control/Booking Unit/a_Add New Booking Unit/textfield_UnitName'

2019-06-10 09:29:25 - [TEST_STEP][PASSED] - delay: Delayed 1 second(s)

2019-06-10 09:29:26 - [MESSAGE][PASSED] - Delayed 1 second(s)

2019-06-10 09:29:26 - [TEST_STEP][PASSED] - click: Object: 'Object Repository/ADMIN/Features Control/Booking Unit/a_Add New Booking Unit/checkbox_Week' is clicked on

2019-06-10 09:29:26 - [MESSAGE][PASSED] - Object: 'Object Repository/ADMIN/Features Control/Booking Unit/a_Add New Booking Unit/checkbox_Week' is clicked on

2019-06-10 09:29:26 - [TEST_STEP][PASSED] - click: Object: 'Object Repository/ADMIN/Features Control/Booking Unit/a_Add New Booking Unit/button_Save' is clicked on

2019-06-10 09:29:26 - [MESSAGE][PASSED] - Object: 'Object Repository/ADMIN/Features Control/Booking Unit/a_Add New Booking Unit/button_Save' is clicked on

2019-06-10 09:29:26 - [TEST_STEP][PASSED] - delay: Delayed 1 second(s)

2019-06-10 09:29:27 - [MESSAGE][PASSED] - Delayed 1 second(s)

2019-06-10 09:29:27 - [TEST_STEP][PASSED] - click: Object: 'Object Repository/ADMIN/Features Control/Booking Unit/topbutton_Save' is clicked on

2019-06-10 09:29:27 - [MESSAGE][PASSED] - Object: 'Object Repository/ADMIN/Features Control/Booking Unit/topbutton_Save' is clicked on

2019-06-10 09:29:27 - [TEST_STEP][PASSED] - waitForElementVisible: Object 'Object Repository/ADMIN/Features Control/Booking Unit/a_Save Popup/button_Save' is visible

2019-06-10 09:29:27 - [MESSAGE][WARNING] - Timeout '0' is invalid. Using default page load timeout: '30'

2019-06-10 09:29:27 - [MESSAGE][PASSED] - Object 'Object Repository/ADMIN/Features Control/Booking Unit/a_Save Popup/button_Save' is visible

2019-06-10 09:29:27 - [TEST_STEP][PASSED] - click: Object: 'Object Repository/ADMIN/Features Control/Booking Unit/a_Save Popup/button_Save' is clicked on

2019-06-10 09:29:27 - [MESSAGE][PASSED] - Object: 'Object Repository/ADMIN/Features Control/Booking Unit/a_Save Popup/button_Save' is clicked on

2019-06-10 09:29:27 - [TEST_STEP][PASSED] - waitForElementVisible: Object 'Object Repository/ADMIN/Features Control/Booking Unit/a_ToasterMessage/toaster_SaveSuccessfully' is visible

2019-06-10 09:29:27 - [MESSAGE][WARNING] - Timeout '0' is invalid. Using default page load timeout: '30'

2019-06-10 09:29:28 - [MESSAGE][PASSED] - Object 'Object Repository/ADMIN/Features Control/Booking Unit/a_ToasterMessage/toaster_SaveSuccessfully' is visible

2019-06-10 09:29:28 - [TEST_STEP][PASSED] - waitForElementNotPresent: Web element with id: 'Object Repository/ADMIN/Features Control/Booking Unit/a_ToasterMessage/toaster_SaveSuccessfully' located by 'By.xpath: //div[@class = 'toast toast-success' and (text() = 'Save successfully' or . = 'Save successfully')]' is not present after '30' second(s)

2019-06-10 09:29:28 - [MESSAGE][WARNING] - Timeout '0' is invalid. Using default page load timeout: '30'

2019-06-10 09:29:34 - [MESSAGE][PASSED] - Web element with id: 'Object Repository/ADMIN/Features Control/Booking Unit/a_ToasterMessage/toaster_SaveSuccessfully' located by 'By.xpath: //div[@class = 'toast toast-success' and (text() = 'Save successfully' or . = 'Save successfully')]' is not present after '30' second(s)]]></system-out>
         <system-err><![CDATA[]]></system-err>
      </testcase>
      <testcase name="Test Cases/ADMIN/Features Control/Booking Unit/Combination/Default/04Add_perMonth" classname="Test Cases/ADMIN/Features Control/Booking Unit/Combination/Default/04Add_perMonth" status="PASSED">
         <system-out><![CDATA[2019-06-10 09:29:34 - [TEST_CASE][PASSED] - Test Cases/ADMIN/Features Control/Booking Unit/Combination/Default/04Add_perMonth: Test Cases/ADMIN/Features Control/Booking Unit/Combination/Default/04Add_perMonth

2019-06-10 09:29:34 - [TEST_STEP][PASSED] - waitForElementVisible: Object 'Object Repository/ADMIN/Features Control/Advance Search/a_Features Control' is visible

2019-06-10 09:29:34 - [MESSAGE][WARNING] - Timeout '0' is invalid. Using default page load timeout: '30'

2019-06-10 09:29:34 - [MESSAGE][PASSED] - Object 'Object Repository/ADMIN/Features Control/Advance Search/a_Features Control' is visible

2019-06-10 09:29:34 - [TEST_STEP][PASSED] - click: Object: 'Object Repository/ADMIN/Features Control/Advance Search/a_Features Control' is clicked on

2019-06-10 09:29:34 - [MESSAGE][PASSED] - Object: 'Object Repository/ADMIN/Features Control/Advance Search/a_Features Control' is clicked on

2019-06-10 09:29:34 - [TEST_STEP][PASSED] - waitForElementVisible: Object 'Object Repository/ADMIN/Features Control/Booking Unit/button_Edit' is visible

2019-06-10 09:29:34 - [MESSAGE][WARNING] - Timeout '0' is invalid. Using default page load timeout: '30'

2019-06-10 09:29:34 - [MESSAGE][PASSED] - Object 'Object Repository/ADMIN/Features Control/Booking Unit/button_Edit' is visible

2019-06-10 09:29:34 - [TEST_STEP][PASSED] - click: Object: 'Object Repository/ADMIN/Features Control/Booking Unit/button_Edit' is clicked on

2019-06-10 09:29:35 - [MESSAGE][PASSED] - Object: 'Object Repository/ADMIN/Features Control/Booking Unit/button_Edit' is clicked on

2019-06-10 09:29:35 - [TEST_STEP][PASSED] - waitForElementVisible: Object 'Object Repository/ADMIN/Features Control/Booking Unit/icon1st_NewBookingUnit' is visible

2019-06-10 09:29:35 - [MESSAGE][WARNING] - Timeout '0' is invalid. Using default page load timeout: '30'

2019-06-10 09:29:35 - [MESSAGE][PASSED] - Object 'Object Repository/ADMIN/Features Control/Booking Unit/icon1st_NewBookingUnit' is visible

2019-06-10 09:29:35 - [TEST_STEP][PASSED] - verifyElementVisible: Object 'Object Repository/ADMIN/Features Control/Booking Unit/textlabel_NewBookingUnit' is visible

2019-06-10 09:29:35 - [MESSAGE][PASSED] - Object 'Object Repository/ADMIN/Features Control/Booking Unit/textlabel_NewBookingUnit' is visible

2019-06-10 09:29:35 - [TEST_STEP][PASSED] - delay: Delayed 1 second(s)

2019-06-10 09:29:36 - [MESSAGE][PASSED] - Delayed 1 second(s)

2019-06-10 09:29:36 - [TEST_STEP][PASSED] - click: Object: 'Object Repository/ADMIN/Features Control/Booking Unit/button_AddBookingUnit' is clicked on

2019-06-10 09:29:36 - [MESSAGE][PASSED] - Object: 'Object Repository/ADMIN/Features Control/Booking Unit/button_AddBookingUnit' is clicked on

2019-06-10 09:29:36 - [TEST_STEP][PASSED] - waitForElementVisible: Object 'Object Repository/ADMIN/Features Control/Booking Unit/a_Add New Booking Unit/textlabel_AddNewBookingUnit' is visible

2019-06-10 09:29:36 - [MESSAGE][WARNING] - Timeout '0' is invalid. Using default page load timeout: '30'

2019-06-10 09:29:36 - [MESSAGE][PASSED] - Object 'Object Repository/ADMIN/Features Control/Booking Unit/a_Add New Booking Unit/textlabel_AddNewBookingUnit' is visible

2019-06-10 09:29:36 - [TEST_STEP][PASSED] - delay: Delayed 1 second(s)

2019-06-10 09:29:37 - [MESSAGE][PASSED] - Delayed 1 second(s)

2019-06-10 09:29:37 - [TEST_STEP][PASSED] - setText: Text 'Day 4' is set on object 'Object Repository/ADMIN/Features Control/Booking Unit/a_Add New Booking Unit/textfield_UnitName'

2019-06-10 09:29:37 - [MESSAGE][PASSED] - Text 'Day 4' is set on object 'Object Repository/ADMIN/Features Control/Booking Unit/a_Add New Booking Unit/textfield_UnitName'

2019-06-10 09:29:37 - [TEST_STEP][PASSED] - delay: Delayed 1 second(s)

2019-06-10 09:29:38 - [MESSAGE][PASSED] - Delayed 1 second(s)

2019-06-10 09:29:38 - [TEST_STEP][PASSED] - click: Object: 'Object Repository/ADMIN/Features Control/Booking Unit/a_Add New Booking Unit/checkbox_Month' is clicked on

2019-06-10 09:29:38 - [MESSAGE][PASSED] - Object: 'Object Repository/ADMIN/Features Control/Booking Unit/a_Add New Booking Unit/checkbox_Month' is clicked on

2019-06-10 09:29:38 - [TEST_STEP][PASSED] - click: Object: 'Object Repository/ADMIN/Features Control/Booking Unit/a_Add New Booking Unit/button_Save' is clicked on

2019-06-10 09:29:39 - [MESSAGE][PASSED] - Object: 'Object Repository/ADMIN/Features Control/Booking Unit/a_Add New Booking Unit/button_Save' is clicked on

2019-06-10 09:29:39 - [TEST_STEP][PASSED] - delay: Delayed 1 second(s)

2019-06-10 09:29:40 - [MESSAGE][PASSED] - Delayed 1 second(s)

2019-06-10 09:29:40 - [TEST_STEP][PASSED] - click: Object: 'Object Repository/ADMIN/Features Control/Booking Unit/topbutton_Save' is clicked on

2019-06-10 09:29:40 - [MESSAGE][PASSED] - Object: 'Object Repository/ADMIN/Features Control/Booking Unit/topbutton_Save' is clicked on

2019-06-10 09:29:40 - [TEST_STEP][PASSED] - waitForElementVisible: Object 'Object Repository/ADMIN/Features Control/Booking Unit/a_Save Popup/button_Save' is visible

2019-06-10 09:29:40 - [MESSAGE][WARNING] - Timeout '0' is invalid. Using default page load timeout: '30'

2019-06-10 09:29:40 - [MESSAGE][PASSED] - Object 'Object Repository/ADMIN/Features Control/Booking Unit/a_Save Popup/button_Save' is visible

2019-06-10 09:29:40 - [TEST_STEP][PASSED] - click: Object: 'Object Repository/ADMIN/Features Control/Booking Unit/a_Save Popup/button_Save' is clicked on

2019-06-10 09:29:40 - [MESSAGE][PASSED] - Object: 'Object Repository/ADMIN/Features Control/Booking Unit/a_Save Popup/button_Save' is clicked on

2019-06-10 09:29:40 - [TEST_STEP][PASSED] - waitForElementVisible: Object 'Object Repository/ADMIN/Features Control/Booking Unit/a_ToasterMessage/toaster_SaveSuccessfully' is visible

2019-06-10 09:29:40 - [MESSAGE][WARNING] - Timeout '0' is invalid. Using default page load timeout: '30'

2019-06-10 09:29:40 - [MESSAGE][PASSED] - Object 'Object Repository/ADMIN/Features Control/Booking Unit/a_ToasterMessage/toaster_SaveSuccessfully' is visible

2019-06-10 09:29:40 - [TEST_STEP][PASSED] - waitForElementNotPresent: Web element with id: 'Object Repository/ADMIN/Features Control/Booking Unit/a_ToasterMessage/toaster_SaveSuccessfully' located by 'By.xpath: //div[@class = 'toast toast-success' and (text() = 'Save successfully' or . = 'Save successfully')]' is not present after '30' second(s)

2019-06-10 09:29:40 - [MESSAGE][WARNING] - Timeout '0' is invalid. Using default page load timeout: '30'

2019-06-10 09:29:46 - [MESSAGE][PASSED] - Web element with id: 'Object Repository/ADMIN/Features Control/Booking Unit/a_ToasterMessage/toaster_SaveSuccessfully' located by 'By.xpath: //div[@class = 'toast toast-success' and (text() = 'Save successfully' or . = 'Save successfully')]' is not present after '30' second(s)]]></system-out>
         <system-err><![CDATA[]]></system-err>
      </testcase>
      <testcase name="Test Cases/ADMIN/Features Control/Booking Unit/Combination/Default/05Add_perCustom" classname="Test Cases/ADMIN/Features Control/Booking Unit/Combination/Default/05Add_perCustom" status="PASSED">
         <system-out><![CDATA[2019-06-10 09:29:46 - [TEST_CASE][PASSED] - Test Cases/ADMIN/Features Control/Booking Unit/Combination/Default/05Add_perCustom: Test Cases/ADMIN/Features Control/Booking Unit/Combination/Default/05Add_perCustom

2019-06-10 09:29:46 - [TEST_STEP][PASSED] - waitForElementVisible: Object 'Object Repository/ADMIN/Features Control/Advance Search/a_Features Control' is visible

2019-06-10 09:29:46 - [MESSAGE][WARNING] - Timeout '0' is invalid. Using default page load timeout: '30'

2019-06-10 09:29:46 - [MESSAGE][PASSED] - Object 'Object Repository/ADMIN/Features Control/Advance Search/a_Features Control' is visible

2019-06-10 09:29:46 - [TEST_STEP][PASSED] - click: Object: 'Object Repository/ADMIN/Features Control/Advance Search/a_Features Control' is clicked on

2019-06-10 09:29:47 - [MESSAGE][PASSED] - Object: 'Object Repository/ADMIN/Features Control/Advance Search/a_Features Control' is clicked on

2019-06-10 09:29:47 - [TEST_STEP][PASSED] - waitForElementVisible: Object 'Object Repository/ADMIN/Features Control/Booking Unit/button_Edit' is visible

2019-06-10 09:29:47 - [MESSAGE][WARNING] - Timeout '0' is invalid. Using default page load timeout: '30'

2019-06-10 09:29:47 - [MESSAGE][PASSED] - Object 'Object Repository/ADMIN/Features Control/Booking Unit/button_Edit' is visible

2019-06-10 09:29:47 - [TEST_STEP][PASSED] - click: Object: 'Object Repository/ADMIN/Features Control/Booking Unit/button_Edit' is clicked on

2019-06-10 09:29:47 - [MESSAGE][PASSED] - Object: 'Object Repository/ADMIN/Features Control/Booking Unit/button_Edit' is clicked on

2019-06-10 09:29:47 - [TEST_STEP][PASSED] - waitForElementVisible: Object 'Object Repository/ADMIN/Features Control/Booking Unit/icon1st_NewBookingUnit' is visible

2019-06-10 09:29:47 - [MESSAGE][WARNING] - Timeout '0' is invalid. Using default page load timeout: '30'

2019-06-10 09:29:48 - [MESSAGE][PASSED] - Object 'Object Repository/ADMIN/Features Control/Booking Unit/icon1st_NewBookingUnit' is visible

2019-06-10 09:29:48 - [TEST_STEP][PASSED] - verifyElementVisible: Object 'Object Repository/ADMIN/Features Control/Booking Unit/textlabel_NewBookingUnit' is visible

2019-06-10 09:29:48 - [MESSAGE][PASSED] - Object 'Object Repository/ADMIN/Features Control/Booking Unit/textlabel_NewBookingUnit' is visible

2019-06-10 09:29:48 - [TEST_STEP][PASSED] - delay: Delayed 1 second(s)

2019-06-10 09:29:49 - [MESSAGE][PASSED] - Delayed 1 second(s)

2019-06-10 09:29:49 - [TEST_STEP][PASSED] - click: Object: 'Object Repository/ADMIN/Features Control/Booking Unit/button_AddBookingUnit' is clicked on

2019-06-10 09:29:49 - [MESSAGE][PASSED] - Object: 'Object Repository/ADMIN/Features Control/Booking Unit/button_AddBookingUnit' is clicked on

2019-06-10 09:29:49 - [TEST_STEP][PASSED] - waitForElementVisible: Object 'Object Repository/ADMIN/Features Control/Booking Unit/a_Add New Booking Unit/textlabel_AddNewBookingUnit' is visible

2019-06-10 09:29:49 - [MESSAGE][WARNING] - Timeout '0' is invalid. Using default page load timeout: '30'

2019-06-10 09:29:49 - [MESSAGE][PASSED] - Object 'Object Repository/ADMIN/Features Control/Booking Unit/a_Add New Booking Unit/textlabel_AddNewBookingUnit' is visible

2019-06-10 09:29:49 - [TEST_STEP][PASSED] - delay: Delayed 1 second(s)

2019-06-10 09:29:50 - [MESSAGE][PASSED] - Delayed 1 second(s)

2019-06-10 09:29:50 - [TEST_STEP][PASSED] - setText: Text 'Day 5' is set on object 'Object Repository/ADMIN/Features Control/Booking Unit/a_Add New Booking Unit/textfield_UnitName'

2019-06-10 09:29:50 - [MESSAGE][PASSED] - Text 'Day 5' is set on object 'Object Repository/ADMIN/Features Control/Booking Unit/a_Add New Booking Unit/textfield_UnitName'

2019-06-10 09:29:50 - [TEST_STEP][PASSED] - delay: Delayed 1 second(s)

2019-06-10 09:29:51 - [MESSAGE][PASSED] - Delayed 1 second(s)

2019-06-10 09:29:51 - [TEST_STEP][PASSED] - click: Object: 'Object Repository/ADMIN/Features Control/Booking Unit/a_Add New Booking Unit/checkbox_Custom' is clicked on

2019-06-10 09:29:51 - [MESSAGE][PASSED] - Object: 'Object Repository/ADMIN/Features Control/Booking Unit/a_Add New Booking Unit/checkbox_Custom' is clicked on

2019-06-10 09:29:51 - [TEST_STEP][PASSED] - click: Object: 'Object Repository/ADMIN/Features Control/Booking Unit/a_Add New Booking Unit/button_Save' is clicked on

2019-06-10 09:29:51 - [MESSAGE][PASSED] - Object: 'Object Repository/ADMIN/Features Control/Booking Unit/a_Add New Booking Unit/button_Save' is clicked on

2019-06-10 09:29:51 - [TEST_STEP][PASSED] - delay: Delayed 1 second(s)

2019-06-10 09:29:52 - [MESSAGE][PASSED] - Delayed 1 second(s)

2019-06-10 09:29:52 - [TEST_STEP][PASSED] - click: Object: 'Object Repository/ADMIN/Features Control/Booking Unit/topbutton_Save' is clicked on

2019-06-10 09:29:52 - [MESSAGE][PASSED] - Object: 'Object Repository/ADMIN/Features Control/Booking Unit/topbutton_Save' is clicked on

2019-06-10 09:29:52 - [TEST_STEP][PASSED] - waitForElementVisible: Object 'Object Repository/ADMIN/Features Control/Booking Unit/a_Save Popup/button_Save' is visible

2019-06-10 09:29:52 - [MESSAGE][WARNING] - Timeout '0' is invalid. Using default page load timeout: '30'

2019-06-10 09:29:52 - [MESSAGE][PASSED] - Object 'Object Repository/ADMIN/Features Control/Booking Unit/a_Save Popup/button_Save' is visible

2019-06-10 09:29:52 - [TEST_STEP][PASSED] - click: Object: 'Object Repository/ADMIN/Features Control/Booking Unit/a_Save Popup/button_Save' is clicked on

2019-06-10 09:29:52 - [MESSAGE][PASSED] - Object: 'Object Repository/ADMIN/Features Control/Booking Unit/a_Save Popup/button_Save' is clicked on

2019-06-10 09:29:52 - [TEST_STEP][PASSED] - waitForElementVisible: Object 'Object Repository/ADMIN/Features Control/Booking Unit/a_ToasterMessage/toaster_SaveSuccessfully' is visible

2019-06-10 09:29:52 - [MESSAGE][WARNING] - Timeout '0' is invalid. Using default page load timeout: '30'

2019-06-10 09:29:53 - [MESSAGE][PASSED] - Object 'Object Repository/ADMIN/Features Control/Booking Unit/a_ToasterMessage/toaster_SaveSuccessfully' is visible

2019-06-10 09:29:53 - [TEST_STEP][PASSED] - waitForElementNotPresent: Web element with id: 'Object Repository/ADMIN/Features Control/Booking Unit/a_ToasterMessage/toaster_SaveSuccessfully' located by 'By.xpath: //div[@class = 'toast toast-success' and (text() = 'Save successfully' or . = 'Save successfully')]' is not present after '30' second(s)

2019-06-10 09:29:53 - [MESSAGE][WARNING] - Timeout '0' is invalid. Using default page load timeout: '30'

2019-06-10 09:29:59 - [MESSAGE][PASSED] - Web element with id: 'Object Repository/ADMIN/Features Control/Booking Unit/a_ToasterMessage/toaster_SaveSuccessfully' located by 'By.xpath: //div[@class = 'toast toast-success' and (text() = 'Save successfully' or . = 'Save successfully')]' is not present after '30' second(s)]]></system-out>
         <system-err><![CDATA[]]></system-err>
      </testcase>
      <testcase name="Test Cases/ADMIN/Features Control/Booking Unit/Combination/Default/06Add_HourDay" classname="Test Cases/ADMIN/Features Control/Booking Unit/Combination/Default/06Add_HourDay" status="PASSED">
         <system-out><![CDATA[2019-06-10 09:29:59 - [TEST_CASE][PASSED] - Test Cases/ADMIN/Features Control/Booking Unit/Combination/Default/06Add_HourDay: Test Cases/ADMIN/Features Control/Booking Unit/Combination/Default/06Add_HourDay

2019-06-10 09:29:59 - [TEST_STEP][PASSED] - waitForElementVisible: Object 'Object Repository/ADMIN/Features Control/Advance Search/a_Features Control' is visible

2019-06-10 09:29:59 - [MESSAGE][WARNING] - Timeout '0' is invalid. Using default page load timeout: '30'

2019-06-10 09:29:59 - [MESSAGE][PASSED] - Object 'Object Repository/ADMIN/Features Control/Advance Search/a_Features Control' is visible

2019-06-10 09:29:59 - [TEST_STEP][PASSED] - click: Object: 'Object Repository/ADMIN/Features Control/Advance Search/a_Features Control' is clicked on

2019-06-10 09:29:59 - [MESSAGE][PASSED] - Object: 'Object Repository/ADMIN/Features Control/Advance Search/a_Features Control' is clicked on

2019-06-10 09:29:59 - [TEST_STEP][PASSED] - waitForElementVisible: Object 'Object Repository/ADMIN/Features Control/Booking Unit/button_Edit' is visible

2019-06-10 09:29:59 - [MESSAGE][WARNING] - Timeout '0' is invalid. Using default page load timeout: '30'

2019-06-10 09:29:59 - [MESSAGE][PASSED] - Object 'Object Repository/ADMIN/Features Control/Booking Unit/button_Edit' is visible

2019-06-10 09:29:59 - [TEST_STEP][PASSED] - click: Object: 'Object Repository/ADMIN/Features Control/Booking Unit/button_Edit' is clicked on

2019-06-10 09:30:00 - [MESSAGE][PASSED] - Object: 'Object Repository/ADMIN/Features Control/Booking Unit/button_Edit' is clicked on

2019-06-10 09:30:00 - [TEST_STEP][PASSED] - waitForElementVisible: Object 'Object Repository/ADMIN/Features Control/Booking Unit/icon1st_NewBookingUnit' is visible

2019-06-10 09:30:00 - [MESSAGE][WARNING] - Timeout '0' is invalid. Using default page load timeout: '30'

2019-06-10 09:30:00 - [MESSAGE][PASSED] - Object 'Object Repository/ADMIN/Features Control/Booking Unit/icon1st_NewBookingUnit' is visible

2019-06-10 09:30:00 - [TEST_STEP][PASSED] - verifyElementVisible: Object 'Object Repository/ADMIN/Features Control/Booking Unit/textlabel_NewBookingUnit' is visible

2019-06-10 09:30:00 - [MESSAGE][PASSED] - Object 'Object Repository/ADMIN/Features Control/Booking Unit/textlabel_NewBookingUnit' is visible

2019-06-10 09:30:00 - [TEST_STEP][PASSED] - delay: Delayed 1 second(s)

2019-06-10 09:30:01 - [MESSAGE][PASSED] - Delayed 1 second(s)

2019-06-10 09:30:01 - [TEST_STEP][PASSED] - click: Object: 'Object Repository/ADMIN/Features Control/Booking Unit/button_AddBookingUnit' is clicked on

2019-06-10 09:30:01 - [MESSAGE][PASSED] - Object: 'Object Repository/ADMIN/Features Control/Booking Unit/button_AddBookingUnit' is clicked on

2019-06-10 09:30:01 - [TEST_STEP][PASSED] - waitForElementVisible: Object 'Object Repository/ADMIN/Features Control/Booking Unit/a_Add New Booking Unit/textlabel_AddNewBookingUnit' is visible

2019-06-10 09:30:01 - [MESSAGE][WARNING] - Timeout '0' is invalid. Using default page load timeout: '30'

2019-06-10 09:30:01 - [MESSAGE][PASSED] - Object 'Object Repository/ADMIN/Features Control/Booking Unit/a_Add New Booking Unit/textlabel_AddNewBookingUnit' is visible

2019-06-10 09:30:01 - [TEST_STEP][PASSED] - delay: Delayed 1 second(s)

2019-06-10 09:30:02 - [MESSAGE][PASSED] - Delayed 1 second(s)

2019-06-10 09:30:02 - [TEST_STEP][PASSED] - setText: Text 'Day 6' is set on object 'Object Repository/ADMIN/Features Control/Booking Unit/a_Add New Booking Unit/textfield_UnitName'

2019-06-10 09:30:03 - [MESSAGE][PASSED] - Text 'Day 6' is set on object 'Object Repository/ADMIN/Features Control/Booking Unit/a_Add New Booking Unit/textfield_UnitName'

2019-06-10 09:30:03 - [TEST_STEP][PASSED] - delay: Delayed 1 second(s)

2019-06-10 09:30:04 - [MESSAGE][PASSED] - Delayed 1 second(s)

2019-06-10 09:30:04 - [TEST_STEP][PASSED] - click: Object: 'Object Repository/ADMIN/Features Control/Booking Unit/a_Add New Booking Unit/checkbox_Hour' is clicked on

2019-06-10 09:30:04 - [MESSAGE][PASSED] - Object: 'Object Repository/ADMIN/Features Control/Booking Unit/a_Add New Booking Unit/checkbox_Hour' is clicked on

2019-06-10 09:30:04 - [TEST_STEP][PASSED] - click: Object: 'Object Repository/ADMIN/Features Control/Booking Unit/a_Add New Booking Unit/checkbox_Day' is clicked on

2019-06-10 09:30:04 - [MESSAGE][PASSED] - Object: 'Object Repository/ADMIN/Features Control/Booking Unit/a_Add New Booking Unit/checkbox_Day' is clicked on

2019-06-10 09:30:04 - [TEST_STEP][PASSED] - click: Object: 'Object Repository/ADMIN/Features Control/Booking Unit/a_Add New Booking Unit/button_Save' is clicked on

2019-06-10 09:30:04 - [MESSAGE][PASSED] - Object: 'Object Repository/ADMIN/Features Control/Booking Unit/a_Add New Booking Unit/button_Save' is clicked on

2019-06-10 09:30:04 - [TEST_STEP][PASSED] - delay: Delayed 1 second(s)

2019-06-10 09:30:05 - [MESSAGE][PASSED] - Delayed 1 second(s)

2019-06-10 09:30:05 - [TEST_STEP][PASSED] - click: Object: 'Object Repository/ADMIN/Features Control/Booking Unit/topbutton_Save' is clicked on

2019-06-10 09:30:05 - [MESSAGE][PASSED] - Object: 'Object Repository/ADMIN/Features Control/Booking Unit/topbutton_Save' is clicked on

2019-06-10 09:30:05 - [TEST_STEP][PASSED] - waitForElementVisible: Object 'Object Repository/ADMIN/Features Control/Booking Unit/a_Save Popup/button_Save' is visible

2019-06-10 09:30:05 - [MESSAGE][WARNING] - Timeout '0' is invalid. Using default page load timeout: '30'

2019-06-10 09:30:05 - [MESSAGE][PASSED] - Object 'Object Repository/ADMIN/Features Control/Booking Unit/a_Save Popup/button_Save' is visible

2019-06-10 09:30:05 - [TEST_STEP][PASSED] - click: Object: 'Object Repository/ADMIN/Features Control/Booking Unit/a_Save Popup/button_Save' is clicked on

2019-06-10 09:30:05 - [MESSAGE][PASSED] - Object: 'Object Repository/ADMIN/Features Control/Booking Unit/a_Save Popup/button_Save' is clicked on

2019-06-10 09:30:05 - [TEST_STEP][PASSED] - waitForElementVisible: Object 'Object Repository/ADMIN/Features Control/Booking Unit/a_ToasterMessage/toaster_SaveSuccessfully' is visible

2019-06-10 09:30:05 - [MESSAGE][WARNING] - Timeout '0' is invalid. Using default page load timeout: '30'

2019-06-10 09:30:06 - [MESSAGE][PASSED] - Object 'Object Repository/ADMIN/Features Control/Booking Unit/a_ToasterMessage/toaster_SaveSuccessfully' is visible

2019-06-10 09:30:06 - [TEST_STEP][PASSED] - waitForElementNotPresent: Web element with id: 'Object Repository/ADMIN/Features Control/Booking Unit/a_ToasterMessage/toaster_SaveSuccessfully' located by 'By.xpath: //div[@class = 'toast toast-success' and (text() = 'Save successfully' or . = 'Save successfully')]' is not present after '30' second(s)

2019-06-10 09:30:06 - [MESSAGE][WARNING] - Timeout '0' is invalid. Using default page load timeout: '30'

2019-06-10 09:30:11 - [MESSAGE][PASSED] - Web element with id: 'Object Repository/ADMIN/Features Control/Booking Unit/a_ToasterMessage/toaster_SaveSuccessfully' located by 'By.xpath: //div[@class = 'toast toast-success' and (text() = 'Save successfully' or . = 'Save successfully')]' is not present after '30' second(s)]]></system-out>
         <system-err><![CDATA[]]></system-err>
      </testcase>
      <testcase name="Test Cases/ADMIN/Features Control/Booking Unit/Combination/Default/07Add_HourWeek" classname="Test Cases/ADMIN/Features Control/Booking Unit/Combination/Default/07Add_HourWeek" status="PASSED">
         <system-out><![CDATA[2019-06-10 09:30:11 - [TEST_CASE][PASSED] - Test Cases/ADMIN/Features Control/Booking Unit/Combination/Default/07Add_HourWeek: Test Cases/ADMIN/Features Control/Booking Unit/Combination/Default/07Add_HourWeek

2019-06-10 09:30:12 - [TEST_STEP][PASSED] - waitForElementVisible: Object 'Object Repository/ADMIN/Features Control/Advance Search/a_Features Control' is visible

2019-06-10 09:30:12 - [MESSAGE][WARNING] - Timeout '0' is invalid. Using default page load timeout: '30'

2019-06-10 09:30:12 - [MESSAGE][PASSED] - Object 'Object Repository/ADMIN/Features Control/Advance Search/a_Features Control' is visible

2019-06-10 09:30:12 - [TEST_STEP][PASSED] - click: Object: 'Object Repository/ADMIN/Features Control/Advance Search/a_Features Control' is clicked on

2019-06-10 09:30:12 - [MESSAGE][PASSED] - Object: 'Object Repository/ADMIN/Features Control/Advance Search/a_Features Control' is clicked on

2019-06-10 09:30:12 - [TEST_STEP][PASSED] - waitForElementVisible: Object 'Object Repository/ADMIN/Features Control/Booking Unit/button_Edit' is visible

2019-06-10 09:30:12 - [MESSAGE][WARNING] - Timeout '0' is invalid. Using default page load timeout: '30'

2019-06-10 09:30:12 - [MESSAGE][PASSED] - Object 'Object Repository/ADMIN/Features Control/Booking Unit/button_Edit' is visible

2019-06-10 09:30:12 - [TEST_STEP][PASSED] - click: Object: 'Object Repository/ADMIN/Features Control/Booking Unit/button_Edit' is clicked on

2019-06-10 09:30:13 - [MESSAGE][PASSED] - Object: 'Object Repository/ADMIN/Features Control/Booking Unit/button_Edit' is clicked on

2019-06-10 09:30:13 - [TEST_STEP][PASSED] - waitForElementVisible: Object 'Object Repository/ADMIN/Features Control/Booking Unit/icon1st_NewBookingUnit' is visible

2019-06-10 09:30:13 - [MESSAGE][WARNING] - Timeout '0' is invalid. Using default page load timeout: '30'

2019-06-10 09:30:13 - [MESSAGE][PASSED] - Object 'Object Repository/ADMIN/Features Control/Booking Unit/icon1st_NewBookingUnit' is visible

2019-06-10 09:30:13 - [TEST_STEP][PASSED] - verifyElementVisible: Object 'Object Repository/ADMIN/Features Control/Booking Unit/textlabel_NewBookingUnit' is visible

2019-06-10 09:30:13 - [MESSAGE][PASSED] - Object 'Object Repository/ADMIN/Features Control/Booking Unit/textlabel_NewBookingUnit' is visible

2019-06-10 09:30:13 - [TEST_STEP][PASSED] - delay: Delayed 1 second(s)

2019-06-10 09:30:14 - [MESSAGE][PASSED] - Delayed 1 second(s)

2019-06-10 09:30:14 - [TEST_STEP][PASSED] - click: Object: 'Object Repository/ADMIN/Features Control/Booking Unit/button_AddBookingUnit' is clicked on

2019-06-10 09:30:14 - [MESSAGE][PASSED] - Object: 'Object Repository/ADMIN/Features Control/Booking Unit/button_AddBookingUnit' is clicked on

2019-06-10 09:30:14 - [TEST_STEP][PASSED] - waitForElementVisible: Object 'Object Repository/ADMIN/Features Control/Booking Unit/a_Add New Booking Unit/textlabel_AddNewBookingUnit' is visible

2019-06-10 09:30:14 - [MESSAGE][WARNING] - Timeout '0' is invalid. Using default page load timeout: '30'

2019-06-10 09:30:14 - [MESSAGE][PASSED] - Object 'Object Repository/ADMIN/Features Control/Booking Unit/a_Add New Booking Unit/textlabel_AddNewBookingUnit' is visible

2019-06-10 09:30:14 - [TEST_STEP][PASSED] - delay: Delayed 1 second(s)

2019-06-10 09:30:15 - [MESSAGE][PASSED] - Delayed 1 second(s)

2019-06-10 09:30:15 - [TEST_STEP][PASSED] - setText: Text 'Day 7' is set on object 'Object Repository/ADMIN/Features Control/Booking Unit/a_Add New Booking Unit/textfield_UnitName'

2019-06-10 09:30:15 - [MESSAGE][PASSED] - Text 'Day 7' is set on object 'Object Repository/ADMIN/Features Control/Booking Unit/a_Add New Booking Unit/textfield_UnitName'

2019-06-10 09:30:15 - [TEST_STEP][PASSED] - delay: Delayed 1 second(s)

2019-06-10 09:30:16 - [MESSAGE][PASSED] - Delayed 1 second(s)

2019-06-10 09:30:16 - [TEST_STEP][PASSED] - click: Object: 'Object Repository/ADMIN/Features Control/Booking Unit/a_Add New Booking Unit/checkbox_Hour' is clicked on

2019-06-10 09:30:17 - [MESSAGE][PASSED] - Object: 'Object Repository/ADMIN/Features Control/Booking Unit/a_Add New Booking Unit/checkbox_Hour' is clicked on

2019-06-10 09:30:17 - [TEST_STEP][PASSED] - click: Object: 'Object Repository/ADMIN/Features Control/Booking Unit/a_Add New Booking Unit/checkbox_Week' is clicked on

2019-06-10 09:30:17 - [MESSAGE][PASSED] - Object: 'Object Repository/ADMIN/Features Control/Booking Unit/a_Add New Booking Unit/checkbox_Week' is clicked on

2019-06-10 09:30:17 - [TEST_STEP][PASSED] - click: Object: 'Object Repository/ADMIN/Features Control/Booking Unit/a_Add New Booking Unit/button_Save' is clicked on

2019-06-10 09:30:17 - [MESSAGE][PASSED] - Object: 'Object Repository/ADMIN/Features Control/Booking Unit/a_Add New Booking Unit/button_Save' is clicked on

2019-06-10 09:30:17 - [TEST_STEP][PASSED] - delay: Delayed 1 second(s)

2019-06-10 09:30:18 - [MESSAGE][PASSED] - Delayed 1 second(s)

2019-06-10 09:30:18 - [TEST_STEP][PASSED] - click: Object: 'Object Repository/ADMIN/Features Control/Booking Unit/topbutton_Save' is clicked on

2019-06-10 09:30:18 - [MESSAGE][PASSED] - Object: 'Object Repository/ADMIN/Features Control/Booking Unit/topbutton_Save' is clicked on

2019-06-10 09:30:18 - [TEST_STEP][PASSED] - waitForElementVisible: Object 'Object Repository/ADMIN/Features Control/Booking Unit/a_Save Popup/button_Save' is visible

2019-06-10 09:30:18 - [MESSAGE][WARNING] - Timeout '0' is invalid. Using default page load timeout: '30'

2019-06-10 09:30:18 - [MESSAGE][PASSED] - Object 'Object Repository/ADMIN/Features Control/Booking Unit/a_Save Popup/button_Save' is visible

2019-06-10 09:30:18 - [TEST_STEP][PASSED] - click: Object: 'Object Repository/ADMIN/Features Control/Booking Unit/a_Save Popup/button_Save' is clicked on

2019-06-10 09:30:18 - [MESSAGE][PASSED] - Object: 'Object Repository/ADMIN/Features Control/Booking Unit/a_Save Popup/button_Save' is clicked on

2019-06-10 09:30:18 - [TEST_STEP][PASSED] - waitForElementVisible: Object 'Object Repository/ADMIN/Features Control/Booking Unit/a_ToasterMessage/toaster_SaveSuccessfully' is visible

2019-06-10 09:30:18 - [MESSAGE][WARNING] - Timeout '0' is invalid. Using default page load timeout: '30'

2019-06-10 09:30:18 - [MESSAGE][PASSED] - Object 'Object Repository/ADMIN/Features Control/Booking Unit/a_ToasterMessage/toaster_SaveSuccessfully' is visible

2019-06-10 09:30:18 - [TEST_STEP][PASSED] - waitForElementNotPresent: Web element with id: 'Object Repository/ADMIN/Features Control/Booking Unit/a_ToasterMessage/toaster_SaveSuccessfully' located by 'By.xpath: //div[@class = 'toast toast-success' and (text() = 'Save successfully' or . = 'Save successfully')]' is not present after '30' second(s)

2019-06-10 09:30:18 - [MESSAGE][WARNING] - Timeout '0' is invalid. Using default page load timeout: '30'

2019-06-10 09:30:24 - [MESSAGE][PASSED] - Web element with id: 'Object Repository/ADMIN/Features Control/Booking Unit/a_ToasterMessage/toaster_SaveSuccessfully' located by 'By.xpath: //div[@class = 'toast toast-success' and (text() = 'Save successfully' or . = 'Save successfully')]' is not present after '30' second(s)]]></system-out>
         <system-err><![CDATA[]]></system-err>
      </testcase>
      <testcase name="Test Cases/ADMIN/Features Control/Booking Unit/Combination/Default/08Add_HourMonth" classname="Test Cases/ADMIN/Features Control/Booking Unit/Combination/Default/08Add_HourMonth" status="PASSED">
         <system-out><![CDATA[2019-06-10 09:30:24 - [TEST_CASE][PASSED] - Test Cases/ADMIN/Features Control/Booking Unit/Combination/Default/08Add_HourMonth: Test Cases/ADMIN/Features Control/Booking Unit/Combination/Default/08Add_HourMonth

2019-06-10 09:30:24 - [TEST_STEP][PASSED] - waitForElementVisible: Object 'Object Repository/ADMIN/Features Control/Advance Search/a_Features Control' is visible

2019-06-10 09:30:24 - [MESSAGE][WARNING] - Timeout '0' is invalid. Using default page load timeout: '30'

2019-06-10 09:30:24 - [MESSAGE][PASSED] - Object 'Object Repository/ADMIN/Features Control/Advance Search/a_Features Control' is visible

2019-06-10 09:30:24 - [TEST_STEP][PASSED] - click: Object: 'Object Repository/ADMIN/Features Control/Advance Search/a_Features Control' is clicked on

2019-06-10 09:30:26 - [MESSAGE][PASSED] - Object: 'Object Repository/ADMIN/Features Control/Advance Search/a_Features Control' is clicked on

2019-06-10 09:30:26 - [TEST_STEP][PASSED] - waitForElementVisible: Object 'Object Repository/ADMIN/Features Control/Booking Unit/button_Edit' is visible

2019-06-10 09:30:26 - [MESSAGE][WARNING] - Timeout '0' is invalid. Using default page load timeout: '30'

2019-06-10 09:30:26 - [MESSAGE][PASSED] - Object 'Object Repository/ADMIN/Features Control/Booking Unit/button_Edit' is visible

2019-06-10 09:30:26 - [TEST_STEP][PASSED] - click: Object: 'Object Repository/ADMIN/Features Control/Booking Unit/button_Edit' is clicked on

2019-06-10 09:30:26 - [MESSAGE][PASSED] - Object: 'Object Repository/ADMIN/Features Control/Booking Unit/button_Edit' is clicked on

2019-06-10 09:30:26 - [TEST_STEP][PASSED] - waitForElementVisible: Object 'Object Repository/ADMIN/Features Control/Booking Unit/icon1st_NewBookingUnit' is visible

2019-06-10 09:30:26 - [MESSAGE][WARNING] - Timeout '0' is invalid. Using default page load timeout: '30'

2019-06-10 09:30:26 - [MESSAGE][PASSED] - Object 'Object Repository/ADMIN/Features Control/Booking Unit/icon1st_NewBookingUnit' is visible

2019-06-10 09:30:26 - [TEST_STEP][PASSED] - verifyElementVisible: Object 'Object Repository/ADMIN/Features Control/Booking Unit/textlabel_NewBookingUnit' is visible

2019-06-10 09:30:26 - [MESSAGE][PASSED] - Object 'Object Repository/ADMIN/Features Control/Booking Unit/textlabel_NewBookingUnit' is visible

2019-06-10 09:30:26 - [TEST_STEP][PASSED] - delay: Delayed 1 second(s)

2019-06-10 09:30:27 - [MESSAGE][PASSED] - Delayed 1 second(s)

2019-06-10 09:30:27 - [TEST_STEP][PASSED] - click: Object: 'Object Repository/ADMIN/Features Control/Booking Unit/button_AddBookingUnit' is clicked on

2019-06-10 09:30:28 - [MESSAGE][PASSED] - Object: 'Object Repository/ADMIN/Features Control/Booking Unit/button_AddBookingUnit' is clicked on

2019-06-10 09:30:28 - [TEST_STEP][PASSED] - waitForElementVisible: Object 'Object Repository/ADMIN/Features Control/Booking Unit/a_Add New Booking Unit/textlabel_AddNewBookingUnit' is visible

2019-06-10 09:30:28 - [MESSAGE][WARNING] - Timeout '0' is invalid. Using default page load timeout: '30'

2019-06-10 09:30:28 - [MESSAGE][PASSED] - Object 'Object Repository/ADMIN/Features Control/Booking Unit/a_Add New Booking Unit/textlabel_AddNewBookingUnit' is visible

2019-06-10 09:30:28 - [TEST_STEP][PASSED] - delay: Delayed 1 second(s)

2019-06-10 09:30:29 - [MESSAGE][PASSED] - Delayed 1 second(s)

2019-06-10 09:30:29 - [TEST_STEP][PASSED] - setText: Text 'Day 8' is set on object 'Object Repository/ADMIN/Features Control/Booking Unit/a_Add New Booking Unit/textfield_UnitName'

2019-06-10 09:30:29 - [MESSAGE][PASSED] - Text 'Day 8' is set on object 'Object Repository/ADMIN/Features Control/Booking Unit/a_Add New Booking Unit/textfield_UnitName'

2019-06-10 09:30:29 - [TEST_STEP][PASSED] - delay: Delayed 1 second(s)

2019-06-10 09:30:30 - [MESSAGE][PASSED] - Delayed 1 second(s)

2019-06-10 09:30:30 - [TEST_STEP][PASSED] - click: Object: 'Object Repository/ADMIN/Features Control/Booking Unit/a_Add New Booking Unit/checkbox_Hour' is clicked on

2019-06-10 09:30:30 - [MESSAGE][PASSED] - Object: 'Object Repository/ADMIN/Features Control/Booking Unit/a_Add New Booking Unit/checkbox_Hour' is clicked on

2019-06-10 09:30:30 - [TEST_STEP][PASSED] - click: Object: 'Object Repository/ADMIN/Features Control/Booking Unit/a_Add New Booking Unit/checkbox_Month' is clicked on

2019-06-10 09:30:30 - [MESSAGE][PASSED] - Object: 'Object Repository/ADMIN/Features Control/Booking Unit/a_Add New Booking Unit/checkbox_Month' is clicked on

2019-06-10 09:30:30 - [TEST_STEP][PASSED] - click: Object: 'Object Repository/ADMIN/Features Control/Booking Unit/a_Add New Booking Unit/button_Save' is clicked on

2019-06-10 09:30:30 - [MESSAGE][PASSED] - Object: 'Object Repository/ADMIN/Features Control/Booking Unit/a_Add New Booking Unit/button_Save' is clicked on

2019-06-10 09:30:30 - [TEST_STEP][PASSED] - delay: Delayed 1 second(s)

2019-06-10 09:30:31 - [MESSAGE][PASSED] - Delayed 1 second(s)

2019-06-10 09:30:31 - [TEST_STEP][PASSED] - click: Object: 'Object Repository/ADMIN/Features Control/Booking Unit/topbutton_Save' is clicked on

2019-06-10 09:30:31 - [MESSAGE][PASSED] - Object: 'Object Repository/ADMIN/Features Control/Booking Unit/topbutton_Save' is clicked on

2019-06-10 09:30:31 - [TEST_STEP][PASSED] - waitForElementVisible: Object 'Object Repository/ADMIN/Features Control/Booking Unit/a_Save Popup/button_Save' is visible

2019-06-10 09:30:31 - [MESSAGE][WARNING] - Timeout '0' is invalid. Using default page load timeout: '30'

2019-06-10 09:30:31 - [MESSAGE][PASSED] - Object 'Object Repository/ADMIN/Features Control/Booking Unit/a_Save Popup/button_Save' is visible

2019-06-10 09:30:31 - [TEST_STEP][PASSED] - click: Object: 'Object Repository/ADMIN/Features Control/Booking Unit/a_Save Popup/button_Save' is clicked on

2019-06-10 09:30:31 - [MESSAGE][PASSED] - Object: 'Object Repository/ADMIN/Features Control/Booking Unit/a_Save Popup/button_Save' is clicked on

2019-06-10 09:30:31 - [TEST_STEP][PASSED] - waitForElementVisible: Object 'Object Repository/ADMIN/Features Control/Booking Unit/a_ToasterMessage/toaster_SaveSuccessfully' is visible

2019-06-10 09:30:31 - [MESSAGE][WARNING] - Timeout '0' is invalid. Using default page load timeout: '30'

2019-06-10 09:30:32 - [MESSAGE][PASSED] - Object 'Object Repository/ADMIN/Features Control/Booking Unit/a_ToasterMessage/toaster_SaveSuccessfully' is visible

2019-06-10 09:30:32 - [TEST_STEP][PASSED] - waitForElementNotPresent: Web element with id: 'Object Repository/ADMIN/Features Control/Booking Unit/a_ToasterMessage/toaster_SaveSuccessfully' located by 'By.xpath: //div[@class = 'toast toast-success' and (text() = 'Save successfully' or . = 'Save successfully')]' is not present after '30' second(s)

2019-06-10 09:30:32 - [MESSAGE][WARNING] - Timeout '0' is invalid. Using default page load timeout: '30'

2019-06-10 09:30:37 - [MESSAGE][PASSED] - Web element with id: 'Object Repository/ADMIN/Features Control/Booking Unit/a_ToasterMessage/toaster_SaveSuccessfully' located by 'By.xpath: //div[@class = 'toast toast-success' and (text() = 'Save successfully' or . = 'Save successfully')]' is not present after '30' second(s)]]></system-out>
         <system-err><![CDATA[]]></system-err>
      </testcase>
      <testcase name="Test Cases/ADMIN/Features Control/Booking Unit/Combination/Default/09Add_HourCustom" classname="Test Cases/ADMIN/Features Control/Booking Unit/Combination/Default/09Add_HourCustom" status="PASSED">
         <system-out><![CDATA[2019-06-10 09:30:37 - [TEST_CASE][PASSED] - Test Cases/ADMIN/Features Control/Booking Unit/Combination/Default/09Add_HourCustom: Test Cases/ADMIN/Features Control/Booking Unit/Combination/Default/09Add_HourCustom

2019-06-10 09:30:38 - [TEST_STEP][PASSED] - waitForElementVisible: Object 'Object Repository/ADMIN/Features Control/Advance Search/a_Features Control' is visible

2019-06-10 09:30:38 - [MESSAGE][WARNING] - Timeout '0' is invalid. Using default page load timeout: '30'

2019-06-10 09:30:38 - [MESSAGE][PASSED] - Object 'Object Repository/ADMIN/Features Control/Advance Search/a_Features Control' is visible

2019-06-10 09:30:38 - [TEST_STEP][PASSED] - click: Object: 'Object Repository/ADMIN/Features Control/Advance Search/a_Features Control' is clicked on

2019-06-10 09:30:38 - [MESSAGE][PASSED] - Object: 'Object Repository/ADMIN/Features Control/Advance Search/a_Features Control' is clicked on

2019-06-10 09:30:38 - [TEST_STEP][PASSED] - waitForElementVisible: Object 'Object Repository/ADMIN/Features Control/Booking Unit/button_Edit' is visible

2019-06-10 09:30:38 - [MESSAGE][WARNING] - Timeout '0' is invalid. Using default page load timeout: '30'

2019-06-10 09:30:38 - [MESSAGE][PASSED] - Object 'Object Repository/ADMIN/Features Control/Booking Unit/button_Edit' is visible

2019-06-10 09:30:38 - [TEST_STEP][PASSED] - click: Object: 'Object Repository/ADMIN/Features Control/Booking Unit/button_Edit' is clicked on

2019-06-10 09:30:39 - [MESSAGE][PASSED] - Object: 'Object Repository/ADMIN/Features Control/Booking Unit/button_Edit' is clicked on

2019-06-10 09:30:39 - [TEST_STEP][PASSED] - waitForElementVisible: Object 'Object Repository/ADMIN/Features Control/Booking Unit/icon1st_NewBookingUnit' is visible

2019-06-10 09:30:39 - [MESSAGE][WARNING] - Timeout '0' is invalid. Using default page load timeout: '30'

2019-06-10 09:30:39 - [MESSAGE][PASSED] - Object 'Object Repository/ADMIN/Features Control/Booking Unit/icon1st_NewBookingUnit' is visible

2019-06-10 09:30:39 - [TEST_STEP][PASSED] - verifyElementVisible: Object 'Object Repository/ADMIN/Features Control/Booking Unit/textlabel_NewBookingUnit' is visible

2019-06-10 09:30:39 - [MESSAGE][PASSED] - Object 'Object Repository/ADMIN/Features Control/Booking Unit/textlabel_NewBookingUnit' is visible

2019-06-10 09:30:39 - [TEST_STEP][PASSED] - delay: Delayed 1 second(s)

2019-06-10 09:30:40 - [MESSAGE][PASSED] - Delayed 1 second(s)

2019-06-10 09:30:40 - [TEST_STEP][PASSED] - click: Object: 'Object Repository/ADMIN/Features Control/Booking Unit/button_AddBookingUnit' is clicked on

2019-06-10 09:30:40 - [MESSAGE][PASSED] - Object: 'Object Repository/ADMIN/Features Control/Booking Unit/button_AddBookingUnit' is clicked on

2019-06-10 09:30:40 - [TEST_STEP][PASSED] - waitForElementVisible: Object 'Object Repository/ADMIN/Features Control/Booking Unit/a_Add New Booking Unit/textlabel_AddNewBookingUnit' is visible

2019-06-10 09:30:40 - [MESSAGE][WARNING] - Timeout '0' is invalid. Using default page load timeout: '30'

2019-06-10 09:30:40 - [MESSAGE][PASSED] - Object 'Object Repository/ADMIN/Features Control/Booking Unit/a_Add New Booking Unit/textlabel_AddNewBookingUnit' is visible

2019-06-10 09:30:40 - [TEST_STEP][PASSED] - delay: Delayed 1 second(s)

2019-06-10 09:30:41 - [MESSAGE][PASSED] - Delayed 1 second(s)

2019-06-10 09:30:41 - [TEST_STEP][PASSED] - setText: Text 'Day 9' is set on object 'Object Repository/ADMIN/Features Control/Booking Unit/a_Add New Booking Unit/textfield_UnitName'

2019-06-10 09:30:41 - [MESSAGE][PASSED] - Text 'Day 9' is set on object 'Object Repository/ADMIN/Features Control/Booking Unit/a_Add New Booking Unit/textfield_UnitName'

2019-06-10 09:30:41 - [TEST_STEP][PASSED] - delay: Delayed 1 second(s)

2019-06-10 09:30:42 - [MESSAGE][PASSED] - Delayed 1 second(s)

2019-06-10 09:30:42 - [TEST_STEP][PASSED] - click: Object: 'Object Repository/ADMIN/Features Control/Booking Unit/a_Add New Booking Unit/checkbox_Hour' is clicked on

2019-06-10 09:30:42 - [MESSAGE][PASSED] - Object: 'Object Repository/ADMIN/Features Control/Booking Unit/a_Add New Booking Unit/checkbox_Hour' is clicked on

2019-06-10 09:30:42 - [TEST_STEP][PASSED] - click: Object: 'Object Repository/ADMIN/Features Control/Booking Unit/a_Add New Booking Unit/checkbox_Custom' is clicked on

2019-06-10 09:30:42 - [MESSAGE][PASSED] - Object: 'Object Repository/ADMIN/Features Control/Booking Unit/a_Add New Booking Unit/checkbox_Custom' is clicked on

2019-06-10 09:30:42 - [TEST_STEP][PASSED] - click: Object: 'Object Repository/ADMIN/Features Control/Booking Unit/a_Add New Booking Unit/button_Save' is clicked on

2019-06-10 09:30:43 - [MESSAGE][PASSED] - Object: 'Object Repository/ADMIN/Features Control/Booking Unit/a_Add New Booking Unit/button_Save' is clicked on

2019-06-10 09:30:43 - [TEST_STEP][PASSED] - delay: Delayed 1 second(s)

2019-06-10 09:30:44 - [MESSAGE][PASSED] - Delayed 1 second(s)

2019-06-10 09:30:44 - [TEST_STEP][PASSED] - click: Object: 'Object Repository/ADMIN/Features Control/Booking Unit/topbutton_Save' is clicked on

2019-06-10 09:30:44 - [MESSAGE][PASSED] - Object: 'Object Repository/ADMIN/Features Control/Booking Unit/topbutton_Save' is clicked on

2019-06-10 09:30:44 - [TEST_STEP][PASSED] - waitForElementVisible: Object 'Object Repository/ADMIN/Features Control/Booking Unit/a_Save Popup/button_Save' is visible

2019-06-10 09:30:44 - [MESSAGE][WARNING] - Timeout '0' is invalid. Using default page load timeout: '30'

2019-06-10 09:30:44 - [MESSAGE][PASSED] - Object 'Object Repository/ADMIN/Features Control/Booking Unit/a_Save Popup/button_Save' is visible

2019-06-10 09:30:44 - [TEST_STEP][PASSED] - click: Object: 'Object Repository/ADMIN/Features Control/Booking Unit/a_Save Popup/button_Save' is clicked on

2019-06-10 09:30:44 - [MESSAGE][PASSED] - Object: 'Object Repository/ADMIN/Features Control/Booking Unit/a_Save Popup/button_Save' is clicked on

2019-06-10 09:30:44 - [TEST_STEP][PASSED] - waitForElementVisible: Object 'Object Repository/ADMIN/Features Control/Booking Unit/a_ToasterMessage/toaster_SaveSuccessfully' is visible

2019-06-10 09:30:44 - [MESSAGE][WARNING] - Timeout '0' is invalid. Using default page load timeout: '30'

2019-06-10 09:30:44 - [MESSAGE][PASSED] - Object 'Object Repository/ADMIN/Features Control/Booking Unit/a_ToasterMessage/toaster_SaveSuccessfully' is visible

2019-06-10 09:30:44 - [TEST_STEP][PASSED] - waitForElementNotPresent: Web element with id: 'Object Repository/ADMIN/Features Control/Booking Unit/a_ToasterMessage/toaster_SaveSuccessfully' located by 'By.xpath: //div[@class = 'toast toast-success' and (text() = 'Save successfully' or . = 'Save successfully')]' is not present after '30' second(s)

2019-06-10 09:30:44 - [MESSAGE][WARNING] - Timeout '0' is invalid. Using default page load timeout: '30'

2019-06-10 09:30:50 - [MESSAGE][PASSED] - Web element with id: 'Object Repository/ADMIN/Features Control/Booking Unit/a_ToasterMessage/toaster_SaveSuccessfully' located by 'By.xpath: //div[@class = 'toast toast-success' and (text() = 'Save successfully' or . = 'Save successfully')]' is not present after '30' second(s)]]></system-out>
         <system-err><![CDATA[]]></system-err>
      </testcase>
      <testcase name="Test Cases/ADMIN/Features Control/Booking Unit/Combination/Default/10Add_DayWeek" classname="Test Cases/ADMIN/Features Control/Booking Unit/Combination/Default/10Add_DayWeek" status="PASSED">
         <system-out><![CDATA[2019-06-10 09:30:50 - [TEST_CASE][PASSED] - Test Cases/ADMIN/Features Control/Booking Unit/Combination/Default/10Add_DayWeek: Test Cases/ADMIN/Features Control/Booking Unit/Combination/Default/10Add_DayWeek

2019-06-10 09:30:50 - [TEST_STEP][PASSED] - waitForElementVisible: Object 'Object Repository/ADMIN/Features Control/Advance Search/a_Features Control' is visible

2019-06-10 09:30:50 - [MESSAGE][WARNING] - Timeout '0' is invalid. Using default page load timeout: '30'

2019-06-10 09:30:50 - [MESSAGE][PASSED] - Object 'Object Repository/ADMIN/Features Control/Advance Search/a_Features Control' is visible

2019-06-10 09:30:50 - [TEST_STEP][PASSED] - click: Object: 'Object Repository/ADMIN/Features Control/Advance Search/a_Features Control' is clicked on

2019-06-10 09:30:51 - [MESSAGE][PASSED] - Object: 'Object Repository/ADMIN/Features Control/Advance Search/a_Features Control' is clicked on

2019-06-10 09:30:51 - [TEST_STEP][PASSED] - waitForElementVisible: Object 'Object Repository/ADMIN/Features Control/Booking Unit/button_Edit' is visible

2019-06-10 09:30:51 - [MESSAGE][WARNING] - Timeout '0' is invalid. Using default page load timeout: '30'

2019-06-10 09:30:51 - [MESSAGE][PASSED] - Object 'Object Repository/ADMIN/Features Control/Booking Unit/button_Edit' is visible

2019-06-10 09:30:51 - [TEST_STEP][PASSED] - click: Object: 'Object Repository/ADMIN/Features Control/Booking Unit/button_Edit' is clicked on

2019-06-10 09:30:51 - [MESSAGE][PASSED] - Object: 'Object Repository/ADMIN/Features Control/Booking Unit/button_Edit' is clicked on

2019-06-10 09:30:51 - [TEST_STEP][PASSED] - waitForElementVisible: Object 'Object Repository/ADMIN/Features Control/Booking Unit/icon1st_NewBookingUnit' is visible

2019-06-10 09:30:51 - [MESSAGE][WARNING] - Timeout '0' is invalid. Using default page load timeout: '30'

2019-06-10 09:30:51 - [MESSAGE][PASSED] - Object 'Object Repository/ADMIN/Features Control/Booking Unit/icon1st_NewBookingUnit' is visible

2019-06-10 09:30:51 - [TEST_STEP][PASSED] - verifyElementVisible: Object 'Object Repository/ADMIN/Features Control/Booking Unit/textlabel_NewBookingUnit' is visible

2019-06-10 09:30:51 - [MESSAGE][PASSED] - Object 'Object Repository/ADMIN/Features Control/Booking Unit/textlabel_NewBookingUnit' is visible

2019-06-10 09:30:51 - [TEST_STEP][PASSED] - delay: Delayed 1 second(s)

2019-06-10 09:30:52 - [MESSAGE][PASSED] - Delayed 1 second(s)

2019-06-10 09:30:52 - [TEST_STEP][PASSED] - click: Object: 'Object Repository/ADMIN/Features Control/Booking Unit/button_AddBookingUnit' is clicked on

2019-06-10 09:30:53 - [MESSAGE][PASSED] - Object: 'Object Repository/ADMIN/Features Control/Booking Unit/button_AddBookingUnit' is clicked on

2019-06-10 09:30:53 - [TEST_STEP][PASSED] - waitForElementVisible: Object 'Object Repository/ADMIN/Features Control/Booking Unit/a_Add New Booking Unit/textlabel_AddNewBookingUnit' is visible

2019-06-10 09:30:53 - [MESSAGE][WARNING] - Timeout '0' is invalid. Using default page load timeout: '30'

2019-06-10 09:30:53 - [MESSAGE][PASSED] - Object 'Object Repository/ADMIN/Features Control/Booking Unit/a_Add New Booking Unit/textlabel_AddNewBookingUnit' is visible

2019-06-10 09:30:53 - [TEST_STEP][PASSED] - delay: Delayed 1 second(s)

2019-06-10 09:30:54 - [MESSAGE][PASSED] - Delayed 1 second(s)

2019-06-10 09:30:54 - [TEST_STEP][PASSED] - setText: Text 'Day 10' is set on object 'Object Repository/ADMIN/Features Control/Booking Unit/a_Add New Booking Unit/textfield_UnitName'

2019-06-10 09:30:54 - [MESSAGE][PASSED] - Text 'Day 10' is set on object 'Object Repository/ADMIN/Features Control/Booking Unit/a_Add New Booking Unit/textfield_UnitName'

2019-06-10 09:30:54 - [TEST_STEP][PASSED] - delay: Delayed 1 second(s)

2019-06-10 09:30:55 - [MESSAGE][PASSED] - Delayed 1 second(s)

2019-06-10 09:30:55 - [TEST_STEP][PASSED] - click: Object: 'Object Repository/ADMIN/Features Control/Booking Unit/a_Add New Booking Unit/checkbox_Day' is clicked on

2019-06-10 09:30:55 - [MESSAGE][PASSED] - Object: 'Object Repository/ADMIN/Features Control/Booking Unit/a_Add New Booking Unit/checkbox_Day' is clicked on

2019-06-10 09:30:55 - [TEST_STEP][PASSED] - click: Object: 'Object Repository/ADMIN/Features Control/Booking Unit/a_Add New Booking Unit/checkbox_Week' is clicked on

2019-06-10 09:30:55 - [MESSAGE][PASSED] - Object: 'Object Repository/ADMIN/Features Control/Booking Unit/a_Add New Booking Unit/checkbox_Week' is clicked on

2019-06-10 09:30:55 - [TEST_STEP][PASSED] - click: Object: 'Object Repository/ADMIN/Features Control/Booking Unit/a_Add New Booking Unit/button_Save' is clicked on

2019-06-10 09:30:55 - [MESSAGE][PASSED] - Object: 'Object Repository/ADMIN/Features Control/Booking Unit/a_Add New Booking Unit/button_Save' is clicked on

2019-06-10 09:30:55 - [TEST_STEP][PASSED] - delay: Delayed 1 second(s)

2019-06-10 09:30:56 - [MESSAGE][PASSED] - Delayed 1 second(s)

2019-06-10 09:30:56 - [TEST_STEP][PASSED] - click: Object: 'Object Repository/ADMIN/Features Control/Booking Unit/topbutton_Save' is clicked on

2019-06-10 09:30:56 - [MESSAGE][PASSED] - Object: 'Object Repository/ADMIN/Features Control/Booking Unit/topbutton_Save' is clicked on

2019-06-10 09:30:56 - [TEST_STEP][PASSED] - waitForElementVisible: Object 'Object Repository/ADMIN/Features Control/Booking Unit/a_Save Popup/button_Save' is visible

2019-06-10 09:30:56 - [MESSAGE][WARNING] - Timeout '0' is invalid. Using default page load timeout: '30'

2019-06-10 09:30:56 - [MESSAGE][PASSED] - Object 'Object Repository/ADMIN/Features Control/Booking Unit/a_Save Popup/button_Save' is visible

2019-06-10 09:30:56 - [TEST_STEP][PASSED] - click: Object: 'Object Repository/ADMIN/Features Control/Booking Unit/a_Save Popup/button_Save' is clicked on

2019-06-10 09:30:56 - [MESSAGE][PASSED] - Object: 'Object Repository/ADMIN/Features Control/Booking Unit/a_Save Popup/button_Save' is clicked on

2019-06-10 09:30:56 - [TEST_STEP][PASSED] - waitForElementVisible: Object 'Object Repository/ADMIN/Features Control/Booking Unit/a_ToasterMessage/toaster_SaveSuccessfully' is visible

2019-06-10 09:30:56 - [MESSAGE][WARNING] - Timeout '0' is invalid. Using default page load timeout: '30'

2019-06-10 09:30:57 - [MESSAGE][PASSED] - Object 'Object Repository/ADMIN/Features Control/Booking Unit/a_ToasterMessage/toaster_SaveSuccessfully' is visible

2019-06-10 09:30:57 - [TEST_STEP][PASSED] - waitForElementNotPresent: Web element with id: 'Object Repository/ADMIN/Features Control/Booking Unit/a_ToasterMessage/toaster_SaveSuccessfully' located by 'By.xpath: //div[@class = 'toast toast-success' and (text() = 'Save successfully' or . = 'Save successfully')]' is not present after '30' second(s)

2019-06-10 09:30:57 - [MESSAGE][WARNING] - Timeout '0' is invalid. Using default page load timeout: '30'

2019-06-10 09:31:02 - [MESSAGE][PASSED] - Web element with id: 'Object Repository/ADMIN/Features Control/Booking Unit/a_ToasterMessage/toaster_SaveSuccessfully' located by 'By.xpath: //div[@class = 'toast toast-success' and (text() = 'Save successfully' or . = 'Save successfully')]' is not present after '30' second(s)]]></system-out>
         <system-err><![CDATA[]]></system-err>
      </testcase>
      <testcase name="Test Cases/ADMIN/Features Control/Booking Unit/Combination/Default/11Add_DayMonth" classname="Test Cases/ADMIN/Features Control/Booking Unit/Combination/Default/11Add_DayMonth" status="PASSED">
         <system-out><![CDATA[2019-06-10 09:31:02 - [TEST_CASE][PASSED] - Test Cases/ADMIN/Features Control/Booking Unit/Combination/Default/11Add_DayMonth: Test Cases/ADMIN/Features Control/Booking Unit/Combination/Default/11Add_DayMonth

2019-06-10 09:31:03 - [TEST_STEP][PASSED] - waitForElementVisible: Object 'Object Repository/ADMIN/Features Control/Advance Search/a_Features Control' is visible

2019-06-10 09:31:03 - [MESSAGE][WARNING] - Timeout '0' is invalid. Using default page load timeout: '30'

2019-06-10 09:31:03 - [MESSAGE][PASSED] - Object 'Object Repository/ADMIN/Features Control/Advance Search/a_Features Control' is visible

2019-06-10 09:31:03 - [TEST_STEP][PASSED] - click: Object: 'Object Repository/ADMIN/Features Control/Advance Search/a_Features Control' is clicked on

2019-06-10 09:31:03 - [MESSAGE][PASSED] - Object: 'Object Repository/ADMIN/Features Control/Advance Search/a_Features Control' is clicked on

2019-06-10 09:31:03 - [TEST_STEP][PASSED] - waitForElementVisible: Object 'Object Repository/ADMIN/Features Control/Booking Unit/button_Edit' is visible

2019-06-10 09:31:03 - [MESSAGE][WARNING] - Timeout '0' is invalid. Using default page load timeout: '30'

2019-06-10 09:31:03 - [MESSAGE][PASSED] - Object 'Object Repository/ADMIN/Features Control/Booking Unit/button_Edit' is visible

2019-06-10 09:31:03 - [TEST_STEP][PASSED] - click: Object: 'Object Repository/ADMIN/Features Control/Booking Unit/button_Edit' is clicked on

2019-06-10 09:31:04 - [MESSAGE][PASSED] - Object: 'Object Repository/ADMIN/Features Control/Booking Unit/button_Edit' is clicked on

2019-06-10 09:31:04 - [TEST_STEP][PASSED] - waitForElementVisible: Object 'Object Repository/ADMIN/Features Control/Booking Unit/icon1st_NewBookingUnit' is visible

2019-06-10 09:31:04 - [MESSAGE][WARNING] - Timeout '0' is invalid. Using default page load timeout: '30'

2019-06-10 09:31:04 - [MESSAGE][PASSED] - Object 'Object Repository/ADMIN/Features Control/Booking Unit/icon1st_NewBookingUnit' is visible

2019-06-10 09:31:04 - [TEST_STEP][PASSED] - verifyElementVisible: Object 'Object Repository/ADMIN/Features Control/Booking Unit/textlabel_NewBookingUnit' is visible

2019-06-10 09:31:04 - [MESSAGE][PASSED] - Object 'Object Repository/ADMIN/Features Control/Booking Unit/textlabel_NewBookingUnit' is visible

2019-06-10 09:31:04 - [TEST_STEP][PASSED] - delay: Delayed 1 second(s)

2019-06-10 09:31:05 - [MESSAGE][PASSED] - Delayed 1 second(s)

2019-06-10 09:31:05 - [TEST_STEP][PASSED] - click: Object: 'Object Repository/ADMIN/Features Control/Booking Unit/button_AddBookingUnit' is clicked on

2019-06-10 09:31:05 - [MESSAGE][PASSED] - Object: 'Object Repository/ADMIN/Features Control/Booking Unit/button_AddBookingUnit' is clicked on

2019-06-10 09:31:05 - [TEST_STEP][PASSED] - waitForElementVisible: Object 'Object Repository/ADMIN/Features Control/Booking Unit/a_Add New Booking Unit/textlabel_AddNewBookingUnit' is visible

2019-06-10 09:31:05 - [MESSAGE][WARNING] - Timeout '0' is invalid. Using default page load timeout: '30'

2019-06-10 09:31:05 - [MESSAGE][PASSED] - Object 'Object Repository/ADMIN/Features Control/Booking Unit/a_Add New Booking Unit/textlabel_AddNewBookingUnit' is visible

2019-06-10 09:31:05 - [TEST_STEP][PASSED] - delay: Delayed 1 second(s)

2019-06-10 09:31:06 - [MESSAGE][PASSED] - Delayed 1 second(s)

2019-06-10 09:31:06 - [TEST_STEP][PASSED] - setText: Text 'Day 11' is set on object 'Object Repository/ADMIN/Features Control/Booking Unit/a_Add New Booking Unit/textfield_UnitName'

2019-06-10 09:31:06 - [MESSAGE][PASSED] - Text 'Day 11' is set on object 'Object Repository/ADMIN/Features Control/Booking Unit/a_Add New Booking Unit/textfield_UnitName'

2019-06-10 09:31:06 - [TEST_STEP][PASSED] - delay: Delayed 1 second(s)

2019-06-10 09:31:07 - [MESSAGE][PASSED] - Delayed 1 second(s)

2019-06-10 09:31:07 - [TEST_STEP][PASSED] - click: Object: 'Object Repository/ADMIN/Features Control/Booking Unit/a_Add New Booking Unit/checkbox_Day' is clicked on

2019-06-10 09:31:07 - [MESSAGE][PASSED] - Object: 'Object Repository/ADMIN/Features Control/Booking Unit/a_Add New Booking Unit/checkbox_Day' is clicked on

2019-06-10 09:31:07 - [TEST_STEP][PASSED] - click: Object: 'Object Repository/ADMIN/Features Control/Booking Unit/a_Add New Booking Unit/checkbox_Month' is clicked on

2019-06-10 09:31:07 - [MESSAGE][PASSED] - Object: 'Object Repository/ADMIN/Features Control/Booking Unit/a_Add New Booking Unit/checkbox_Month' is clicked on

2019-06-10 09:31:07 - [TEST_STEP][PASSED] - click: Object: 'Object Repository/ADMIN/Features Control/Booking Unit/a_Add New Booking Unit/button_Save' is clicked on

2019-06-10 09:31:08 - [MESSAGE][PASSED] - Object: 'Object Repository/ADMIN/Features Control/Booking Unit/a_Add New Booking Unit/button_Save' is clicked on

2019-06-10 09:31:08 - [TEST_STEP][PASSED] - delay: Delayed 1 second(s)

2019-06-10 09:31:09 - [MESSAGE][PASSED] - Delayed 1 second(s)

2019-06-10 09:31:09 - [TEST_STEP][PASSED] - click: Object: 'Object Repository/ADMIN/Features Control/Booking Unit/topbutton_Save' is clicked on

2019-06-10 09:31:09 - [MESSAGE][PASSED] - Object: 'Object Repository/ADMIN/Features Control/Booking Unit/topbutton_Save' is clicked on

2019-06-10 09:31:09 - [TEST_STEP][PASSED] - waitForElementVisible: Object 'Object Repository/ADMIN/Features Control/Booking Unit/a_Save Popup/button_Save' is visible

2019-06-10 09:31:09 - [MESSAGE][WARNING] - Timeout '0' is invalid. Using default page load timeout: '30'

2019-06-10 09:31:09 - [MESSAGE][PASSED] - Object 'Object Repository/ADMIN/Features Control/Booking Unit/a_Save Popup/button_Save' is visible

2019-06-10 09:31:09 - [TEST_STEP][PASSED] - click: Object: 'Object Repository/ADMIN/Features Control/Booking Unit/a_Save Popup/button_Save' is clicked on

2019-06-10 09:31:09 - [MESSAGE][PASSED] - Object: 'Object Repository/ADMIN/Features Control/Booking Unit/a_Save Popup/button_Save' is clicked on

2019-06-10 09:31:09 - [TEST_STEP][PASSED] - waitForElementVisible: Object 'Object Repository/ADMIN/Features Control/Booking Unit/a_ToasterMessage/toaster_SaveSuccessfully' is visible

2019-06-10 09:31:09 - [MESSAGE][WARNING] - Timeout '0' is invalid. Using default page load timeout: '30'

2019-06-10 09:31:09 - [MESSAGE][PASSED] - Object 'Object Repository/ADMIN/Features Control/Booking Unit/a_ToasterMessage/toaster_SaveSuccessfully' is visible

2019-06-10 09:31:09 - [TEST_STEP][PASSED] - waitForElementNotPresent: Web element with id: 'Object Repository/ADMIN/Features Control/Booking Unit/a_ToasterMessage/toaster_SaveSuccessfully' located by 'By.xpath: //div[@class = 'toast toast-success' and (text() = 'Save successfully' or . = 'Save successfully')]' is not present after '30' second(s)

2019-06-10 09:31:09 - [MESSAGE][WARNING] - Timeout '0' is invalid. Using default page load timeout: '30'

2019-06-10 09:31:15 - [MESSAGE][PASSED] - Web element with id: 'Object Repository/ADMIN/Features Control/Booking Unit/a_ToasterMessage/toaster_SaveSuccessfully' located by 'By.xpath: //div[@class = 'toast toast-success' and (text() = 'Save successfully' or . = 'Save successfully')]' is not present after '30' second(s)]]></system-out>
         <system-err><![CDATA[]]></system-err>
      </testcase>
      <testcase name="Test Cases/ADMIN/Features Control/Booking Unit/Combination/Default/12Add_DayCustom" classname="Test Cases/ADMIN/Features Control/Booking Unit/Combination/Default/12Add_DayCustom" status="PASSED">
         <system-out><![CDATA[2019-06-10 09:31:15 - [TEST_CASE][PASSED] - Test Cases/ADMIN/Features Control/Booking Unit/Combination/Default/12Add_DayCustom: Test Cases/ADMIN/Features Control/Booking Unit/Combination/Default/12Add_DayCustom

2019-06-10 09:31:15 - [TEST_STEP][PASSED] - waitForElementVisible: Object 'Object Repository/ADMIN/Features Control/Advance Search/a_Features Control' is visible

2019-06-10 09:31:15 - [MESSAGE][WARNING] - Timeout '0' is invalid. Using default page load timeout: '30'

2019-06-10 09:31:15 - [MESSAGE][PASSED] - Object 'Object Repository/ADMIN/Features Control/Advance Search/a_Features Control' is visible

2019-06-10 09:31:15 - [TEST_STEP][PASSED] - click: Object: 'Object Repository/ADMIN/Features Control/Advance Search/a_Features Control' is clicked on

2019-06-10 09:31:16 - [MESSAGE][PASSED] - Object: 'Object Repository/ADMIN/Features Control/Advance Search/a_Features Control' is clicked on

2019-06-10 09:31:16 - [TEST_STEP][PASSED] - waitForElementVisible: Object 'Object Repository/ADMIN/Features Control/Booking Unit/button_Edit' is visible

2019-06-10 09:31:16 - [MESSAGE][WARNING] - Timeout '0' is invalid. Using default page load timeout: '30'

2019-06-10 09:31:16 - [MESSAGE][PASSED] - Object 'Object Repository/ADMIN/Features Control/Booking Unit/button_Edit' is visible

2019-06-10 09:31:16 - [TEST_STEP][PASSED] - click: Object: 'Object Repository/ADMIN/Features Control/Booking Unit/button_Edit' is clicked on

2019-06-10 09:31:16 - [MESSAGE][PASSED] - Object: 'Object Repository/ADMIN/Features Control/Booking Unit/button_Edit' is clicked on

2019-06-10 09:31:16 - [TEST_STEP][PASSED] - waitForElementVisible: Object 'Object Repository/ADMIN/Features Control/Booking Unit/icon1st_NewBookingUnit' is visible

2019-06-10 09:31:16 - [MESSAGE][WARNING] - Timeout '0' is invalid. Using default page load timeout: '30'

2019-06-10 09:31:16 - [MESSAGE][PASSED] - Object 'Object Repository/ADMIN/Features Control/Booking Unit/icon1st_NewBookingUnit' is visible

2019-06-10 09:31:16 - [TEST_STEP][PASSED] - verifyElementVisible: Object 'Object Repository/ADMIN/Features Control/Booking Unit/textlabel_NewBookingUnit' is visible

2019-06-10 09:31:17 - [MESSAGE][PASSED] - Object 'Object Repository/ADMIN/Features Control/Booking Unit/textlabel_NewBookingUnit' is visible

2019-06-10 09:31:17 - [TEST_STEP][PASSED] - delay: Delayed 1 second(s)

2019-06-10 09:31:18 - [MESSAGE][PASSED] - Delayed 1 second(s)

2019-06-10 09:31:18 - [TEST_STEP][PASSED] - click: Object: 'Object Repository/ADMIN/Features Control/Booking Unit/button_AddBookingUnit' is clicked on

2019-06-10 09:31:18 - [MESSAGE][PASSED] - Object: 'Object Repository/ADMIN/Features Control/Booking Unit/button_AddBookingUnit' is clicked on

2019-06-10 09:31:18 - [TEST_STEP][PASSED] - waitForElementVisible: Object 'Object Repository/ADMIN/Features Control/Booking Unit/a_Add New Booking Unit/textlabel_AddNewBookingUnit' is visible

2019-06-10 09:31:18 - [MESSAGE][WARNING] - Timeout '0' is invalid. Using default page load timeout: '30'

2019-06-10 09:31:18 - [MESSAGE][PASSED] - Object 'Object Repository/ADMIN/Features Control/Booking Unit/a_Add New Booking Unit/textlabel_AddNewBookingUnit' is visible

2019-06-10 09:31:18 - [TEST_STEP][PASSED] - delay: Delayed 1 second(s)

2019-06-10 09:31:19 - [MESSAGE][PASSED] - Delayed 1 second(s)

2019-06-10 09:31:19 - [TEST_STEP][PASSED] - setText: Text 'Day 12' is set on object 'Object Repository/ADMIN/Features Control/Booking Unit/a_Add New Booking Unit/textfield_UnitName'

2019-06-10 09:31:19 - [MESSAGE][PASSED] - Text 'Day 12' is set on object 'Object Repository/ADMIN/Features Control/Booking Unit/a_Add New Booking Unit/textfield_UnitName'

2019-06-10 09:31:19 - [TEST_STEP][PASSED] - delay: Delayed 1 second(s)

2019-06-10 09:31:20 - [MESSAGE][PASSED] - Delayed 1 second(s)

2019-06-10 09:31:20 - [TEST_STEP][PASSED] - click: Object: 'Object Repository/ADMIN/Features Control/Booking Unit/a_Add New Booking Unit/checkbox_Day' is clicked on

2019-06-10 09:31:20 - [MESSAGE][PASSED] - Object: 'Object Repository/ADMIN/Features Control/Booking Unit/a_Add New Booking Unit/checkbox_Day' is clicked on

2019-06-10 09:31:20 - [TEST_STEP][PASSED] - click: Object: 'Object Repository/ADMIN/Features Control/Booking Unit/a_Add New Booking Unit/checkbox_Custom' is clicked on

2019-06-10 09:31:20 - [MESSAGE][PASSED] - Object: 'Object Repository/ADMIN/Features Control/Booking Unit/a_Add New Booking Unit/checkbox_Custom' is clicked on

2019-06-10 09:31:20 - [TEST_STEP][PASSED] - click: Object: 'Object Repository/ADMIN/Features Control/Booking Unit/a_Add New Booking Unit/button_Save' is clicked on

2019-06-10 09:31:20 - [MESSAGE][PASSED] - Object: 'Object Repository/ADMIN/Features Control/Booking Unit/a_Add New Booking Unit/button_Save' is clicked on

2019-06-10 09:31:20 - [TEST_STEP][PASSED] - delay: Delayed 1 second(s)

2019-06-10 09:31:21 - [MESSAGE][PASSED] - Delayed 1 second(s)

2019-06-10 09:31:21 - [TEST_STEP][PASSED] - click: Object: 'Object Repository/ADMIN/Features Control/Booking Unit/topbutton_Save' is clicked on

2019-06-10 09:31:21 - [MESSAGE][PASSED] - Object: 'Object Repository/ADMIN/Features Control/Booking Unit/topbutton_Save' is clicked on

2019-06-10 09:31:21 - [TEST_STEP][PASSED] - waitForElementVisible: Object 'Object Repository/ADMIN/Features Control/Booking Unit/a_Save Popup/button_Save' is visible

2019-06-10 09:31:21 - [MESSAGE][WARNING] - Timeout '0' is invalid. Using default page load timeout: '30'

2019-06-10 09:31:21 - [MESSAGE][PASSED] - Object 'Object Repository/ADMIN/Features Control/Booking Unit/a_Save Popup/button_Save' is visible

2019-06-10 09:31:21 - [TEST_STEP][PASSED] - click: Object: 'Object Repository/ADMIN/Features Control/Booking Unit/a_Save Popup/button_Save' is clicked on

2019-06-10 09:31:21 - [MESSAGE][PASSED] - Object: 'Object Repository/ADMIN/Features Control/Booking Unit/a_Save Popup/button_Save' is clicked on

2019-06-10 09:31:21 - [TEST_STEP][PASSED] - waitForElementVisible: Object 'Object Repository/ADMIN/Features Control/Booking Unit/a_ToasterMessage/toaster_SaveSuccessfully' is visible

2019-06-10 09:31:21 - [MESSAGE][WARNING] - Timeout '0' is invalid. Using default page load timeout: '30'

2019-06-10 09:31:22 - [MESSAGE][PASSED] - Object 'Object Repository/ADMIN/Features Control/Booking Unit/a_ToasterMessage/toaster_SaveSuccessfully' is visible

2019-06-10 09:31:22 - [TEST_STEP][PASSED] - waitForElementNotPresent: Web element with id: 'Object Repository/ADMIN/Features Control/Booking Unit/a_ToasterMessage/toaster_SaveSuccessfully' located by 'By.xpath: //div[@class = 'toast toast-success' and (text() = 'Save successfully' or . = 'Save successfully')]' is not present after '30' second(s)

2019-06-10 09:31:22 - [MESSAGE][WARNING] - Timeout '0' is invalid. Using default page load timeout: '30'

2019-06-10 09:31:28 - [MESSAGE][PASSED] - Web element with id: 'Object Repository/ADMIN/Features Control/Booking Unit/a_ToasterMessage/toaster_SaveSuccessfully' located by 'By.xpath: //div[@class = 'toast toast-success' and (text() = 'Save successfully' or . = 'Save successfully')]' is not present after '30' second(s)]]></system-out>
         <system-err><![CDATA[]]></system-err>
      </testcase>
      <testcase name="Test Cases/ADMIN/Features Control/Booking Unit/Combination/Default/13Add_WeekMonth" classname="Test Cases/ADMIN/Features Control/Booking Unit/Combination/Default/13Add_WeekMonth" status="PASSED">
         <system-out><![CDATA[2019-06-10 09:31:28 - [TEST_CASE][PASSED] - Test Cases/ADMIN/Features Control/Booking Unit/Combination/Default/13Add_WeekMonth: Test Cases/ADMIN/Features Control/Booking Unit/Combination/Default/13Add_WeekMonth

2019-06-10 09:31:28 - [TEST_STEP][PASSED] - waitForElementVisible: Object 'Object Repository/ADMIN/Features Control/Advance Search/a_Features Control' is visible

2019-06-10 09:31:28 - [MESSAGE][WARNING] - Timeout '0' is invalid. Using default page load timeout: '30'

2019-06-10 09:31:28 - [MESSAGE][PASSED] - Object 'Object Repository/ADMIN/Features Control/Advance Search/a_Features Control' is visible

2019-06-10 09:31:28 - [TEST_STEP][PASSED] - click: Object: 'Object Repository/ADMIN/Features Control/Advance Search/a_Features Control' is clicked on

2019-06-10 09:31:28 - [MESSAGE][PASSED] - Object: 'Object Repository/ADMIN/Features Control/Advance Search/a_Features Control' is clicked on

2019-06-10 09:31:28 - [TEST_STEP][PASSED] - waitForElementVisible: Object 'Object Repository/ADMIN/Features Control/Booking Unit/button_Edit' is visible

2019-06-10 09:31:28 - [MESSAGE][WARNING] - Timeout '0' is invalid. Using default page load timeout: '30'

2019-06-10 09:31:28 - [MESSAGE][PASSED] - Object 'Object Repository/ADMIN/Features Control/Booking Unit/button_Edit' is visible

2019-06-10 09:31:28 - [TEST_STEP][PASSED] - click: Object: 'Object Repository/ADMIN/Features Control/Booking Unit/button_Edit' is clicked on

2019-06-10 09:31:29 - [MESSAGE][PASSED] - Object: 'Object Repository/ADMIN/Features Control/Booking Unit/button_Edit' is clicked on

2019-06-10 09:31:29 - [TEST_STEP][PASSED] - waitForElementVisible: Object 'Object Repository/ADMIN/Features Control/Booking Unit/icon1st_NewBookingUnit' is visible

2019-06-10 09:31:29 - [MESSAGE][WARNING] - Timeout '0' is invalid. Using default page load timeout: '30'

2019-06-10 09:31:29 - [MESSAGE][PASSED] - Object 'Object Repository/ADMIN/Features Control/Booking Unit/icon1st_NewBookingUnit' is visible

2019-06-10 09:31:29 - [TEST_STEP][PASSED] - verifyElementVisible: Object 'Object Repository/ADMIN/Features Control/Booking Unit/textlabel_NewBookingUnit' is visible

2019-06-10 09:31:29 - [MESSAGE][PASSED] - Object 'Object Repository/ADMIN/Features Control/Booking Unit/textlabel_NewBookingUnit' is visible

2019-06-10 09:31:29 - [TEST_STEP][PASSED] - delay: Delayed 1 second(s)

2019-06-10 09:31:30 - [MESSAGE][PASSED] - Delayed 1 second(s)

2019-06-10 09:31:30 - [TEST_STEP][PASSED] - click: Object: 'Object Repository/ADMIN/Features Control/Booking Unit/button_AddBookingUnit' is clicked on

2019-06-10 09:31:30 - [MESSAGE][PASSED] - Object: 'Object Repository/ADMIN/Features Control/Booking Unit/button_AddBookingUnit' is clicked on

2019-06-10 09:31:30 - [TEST_STEP][PASSED] - waitForElementVisible: Object 'Object Repository/ADMIN/Features Control/Booking Unit/a_Add New Booking Unit/textlabel_AddNewBookingUnit' is visible

2019-06-10 09:31:30 - [MESSAGE][WARNING] - Timeout '0' is invalid. Using default page load timeout: '30'

2019-06-10 09:31:30 - [MESSAGE][PASSED] - Object 'Object Repository/ADMIN/Features Control/Booking Unit/a_Add New Booking Unit/textlabel_AddNewBookingUnit' is visible

2019-06-10 09:31:30 - [TEST_STEP][PASSED] - delay: Delayed 1 second(s)

2019-06-10 09:31:31 - [MESSAGE][PASSED] - Delayed 1 second(s)

2019-06-10 09:31:31 - [TEST_STEP][PASSED] - setText: Text 'Day 13' is set on object 'Object Repository/ADMIN/Features Control/Booking Unit/a_Add New Booking Unit/textfield_UnitName'

2019-06-10 09:31:31 - [MESSAGE][PASSED] - Text 'Day 13' is set on object 'Object Repository/ADMIN/Features Control/Booking Unit/a_Add New Booking Unit/textfield_UnitName'

2019-06-10 09:31:31 - [TEST_STEP][PASSED] - delay: Delayed 1 second(s)

2019-06-10 09:31:32 - [MESSAGE][PASSED] - Delayed 1 second(s)

2019-06-10 09:31:32 - [TEST_STEP][PASSED] - click: Object: 'Object Repository/ADMIN/Features Control/Booking Unit/a_Add New Booking Unit/checkbox_Week' is clicked on

2019-06-10 09:31:32 - [MESSAGE][PASSED] - Object: 'Object Repository/ADMIN/Features Control/Booking Unit/a_Add New Booking Unit/checkbox_Week' is clicked on

2019-06-10 09:31:32 - [TEST_STEP][PASSED] - click: Object: 'Object Repository/ADMIN/Features Control/Booking Unit/a_Add New Booking Unit/checkbox_Month' is clicked on

2019-06-10 09:31:32 - [MESSAGE][PASSED] - Object: 'Object Repository/ADMIN/Features Control/Booking Unit/a_Add New Booking Unit/checkbox_Month' is clicked on

2019-06-10 09:31:32 - [TEST_STEP][PASSED] - click: Object: 'Object Repository/ADMIN/Features Control/Booking Unit/a_Add New Booking Unit/button_Save' is clicked on

2019-06-10 09:31:32 - [MESSAGE][PASSED] - Object: 'Object Repository/ADMIN/Features Control/Booking Unit/a_Add New Booking Unit/button_Save' is clicked on

2019-06-10 09:31:32 - [TEST_STEP][PASSED] - delay: Delayed 1 second(s)

2019-06-10 09:31:33 - [MESSAGE][PASSED] - Delayed 1 second(s)

2019-06-10 09:31:33 - [TEST_STEP][PASSED] - click: Object: 'Object Repository/ADMIN/Features Control/Booking Unit/topbutton_Save' is clicked on

2019-06-10 09:31:33 - [MESSAGE][PASSED] - Object: 'Object Repository/ADMIN/Features Control/Booking Unit/topbutton_Save' is clicked on

2019-06-10 09:31:33 - [TEST_STEP][PASSED] - waitForElementVisible: Object 'Object Repository/ADMIN/Features Control/Booking Unit/a_Save Popup/button_Save' is visible

2019-06-10 09:31:33 - [MESSAGE][WARNING] - Timeout '0' is invalid. Using default page load timeout: '30'

2019-06-10 09:31:33 - [MESSAGE][PASSED] - Object 'Object Repository/ADMIN/Features Control/Booking Unit/a_Save Popup/button_Save' is visible

2019-06-10 09:31:33 - [TEST_STEP][PASSED] - click: Object: 'Object Repository/ADMIN/Features Control/Booking Unit/a_Save Popup/button_Save' is clicked on

2019-06-10 09:31:33 - [MESSAGE][PASSED] - Object: 'Object Repository/ADMIN/Features Control/Booking Unit/a_Save Popup/button_Save' is clicked on

2019-06-10 09:31:33 - [TEST_STEP][PASSED] - waitForElementVisible: Object 'Object Repository/ADMIN/Features Control/Booking Unit/a_ToasterMessage/toaster_SaveSuccessfully' is visible

2019-06-10 09:31:33 - [MESSAGE][WARNING] - Timeout '0' is invalid. Using default page load timeout: '30'

2019-06-10 09:31:34 - [MESSAGE][PASSED] - Object 'Object Repository/ADMIN/Features Control/Booking Unit/a_ToasterMessage/toaster_SaveSuccessfully' is visible

2019-06-10 09:31:34 - [TEST_STEP][PASSED] - waitForElementNotPresent: Web element with id: 'Object Repository/ADMIN/Features Control/Booking Unit/a_ToasterMessage/toaster_SaveSuccessfully' located by 'By.xpath: //div[@class = 'toast toast-success' and (text() = 'Save successfully' or . = 'Save successfully')]' is not present after '30' second(s)

2019-06-10 09:31:34 - [MESSAGE][WARNING] - Timeout '0' is invalid. Using default page load timeout: '30'

2019-06-10 09:31:40 - [MESSAGE][PASSED] - Web element with id: 'Object Repository/ADMIN/Features Control/Booking Unit/a_ToasterMessage/toaster_SaveSuccessfully' located by 'By.xpath: //div[@class = 'toast toast-success' and (text() = 'Save successfully' or . = 'Save successfully')]' is not present after '30' second(s)]]></system-out>
         <system-err><![CDATA[]]></system-err>
      </testcase>
      <testcase name="Test Cases/ADMIN/Features Control/Booking Unit/Combination/Default/14Add_WeekCustom" classname="Test Cases/ADMIN/Features Control/Booking Unit/Combination/Default/14Add_WeekCustom" status="PASSED">
         <system-out><![CDATA[2019-06-10 09:31:40 - [TEST_CASE][PASSED] - Test Cases/ADMIN/Features Control/Booking Unit/Combination/Default/14Add_WeekCustom: Test Cases/ADMIN/Features Control/Booking Unit/Combination/Default/14Add_WeekCustom

2019-06-10 09:31:40 - [TEST_STEP][PASSED] - waitForElementVisible: Object 'Object Repository/ADMIN/Features Control/Advance Search/a_Features Control' is visible

2019-06-10 09:31:40 - [MESSAGE][WARNING] - Timeout '0' is invalid. Using default page load timeout: '30'

2019-06-10 09:31:40 - [MESSAGE][PASSED] - Object 'Object Repository/ADMIN/Features Control/Advance Search/a_Features Control' is visible

2019-06-10 09:31:40 - [TEST_STEP][PASSED] - click: Object: 'Object Repository/ADMIN/Features Control/Advance Search/a_Features Control' is clicked on

2019-06-10 09:31:40 - [MESSAGE][PASSED] - Object: 'Object Repository/ADMIN/Features Control/Advance Search/a_Features Control' is clicked on

2019-06-10 09:31:40 - [TEST_STEP][PASSED] - waitForElementVisible: Object 'Object Repository/ADMIN/Features Control/Booking Unit/button_Edit' is visible

2019-06-10 09:31:40 - [MESSAGE][WARNING] - Timeout '0' is invalid. Using default page load timeout: '30'

2019-06-10 09:31:40 - [MESSAGE][PASSED] - Object 'Object Repository/ADMIN/Features Control/Booking Unit/button_Edit' is visible

2019-06-10 09:31:40 - [TEST_STEP][PASSED] - click: Object: 'Object Repository/ADMIN/Features Control/Booking Unit/button_Edit' is clicked on

2019-06-10 09:31:41 - [MESSAGE][PASSED] - Object: 'Object Repository/ADMIN/Features Control/Booking Unit/button_Edit' is clicked on

2019-06-10 09:31:41 - [TEST_STEP][PASSED] - waitForElementVisible: Object 'Object Repository/ADMIN/Features Control/Booking Unit/icon1st_NewBookingUnit' is visible

2019-06-10 09:31:41 - [MESSAGE][WARNING] - Timeout '0' is invalid. Using default page load timeout: '30'

2019-06-10 09:31:41 - [MESSAGE][PASSED] - Object 'Object Repository/ADMIN/Features Control/Booking Unit/icon1st_NewBookingUnit' is visible

2019-06-10 09:31:41 - [TEST_STEP][PASSED] - verifyElementVisible: Object 'Object Repository/ADMIN/Features Control/Booking Unit/textlabel_NewBookingUnit' is visible

2019-06-10 09:31:41 - [MESSAGE][PASSED] - Object 'Object Repository/ADMIN/Features Control/Booking Unit/textlabel_NewBookingUnit' is visible

2019-06-10 09:31:41 - [TEST_STEP][PASSED] - delay: Delayed 1 second(s)

2019-06-10 09:31:42 - [MESSAGE][PASSED] - Delayed 1 second(s)

2019-06-10 09:31:42 - [TEST_STEP][PASSED] - click: Object: 'Object Repository/ADMIN/Features Control/Booking Unit/button_AddBookingUnit' is clicked on

2019-06-10 09:31:42 - [MESSAGE][PASSED] - Object: 'Object Repository/ADMIN/Features Control/Booking Unit/button_AddBookingUnit' is clicked on

2019-06-10 09:31:42 - [TEST_STEP][PASSED] - waitForElementVisible: Object 'Object Repository/ADMIN/Features Control/Booking Unit/a_Add New Booking Unit/textlabel_AddNewBookingUnit' is visible

2019-06-10 09:31:42 - [MESSAGE][WARNING] - Timeout '0' is invalid. Using default page load timeout: '30'

2019-06-10 09:31:42 - [MESSAGE][PASSED] - Object 'Object Repository/ADMIN/Features Control/Booking Unit/a_Add New Booking Unit/textlabel_AddNewBookingUnit' is visible

2019-06-10 09:31:42 - [TEST_STEP][PASSED] - delay: Delayed 1 second(s)

2019-06-10 09:31:43 - [MESSAGE][PASSED] - Delayed 1 second(s)

2019-06-10 09:31:43 - [TEST_STEP][PASSED] - setText: Text 'Day 14' is set on object 'Object Repository/ADMIN/Features Control/Booking Unit/a_Add New Booking Unit/textfield_UnitName'

2019-06-10 09:31:43 - [MESSAGE][PASSED] - Text 'Day 14' is set on object 'Object Repository/ADMIN/Features Control/Booking Unit/a_Add New Booking Unit/textfield_UnitName'

2019-06-10 09:31:43 - [TEST_STEP][PASSED] - delay: Delayed 1 second(s)

2019-06-10 09:31:44 - [MESSAGE][PASSED] - Delayed 1 second(s)

2019-06-10 09:31:44 - [TEST_STEP][PASSED] - click: Object: 'Object Repository/ADMIN/Features Control/Booking Unit/a_Add New Booking Unit/checkbox_Week' is clicked on

2019-06-10 09:31:44 - [MESSAGE][PASSED] - Object: 'Object Repository/ADMIN/Features Control/Booking Unit/a_Add New Booking Unit/checkbox_Week' is clicked on

2019-06-10 09:31:44 - [TEST_STEP][PASSED] - click: Object: 'Object Repository/ADMIN/Features Control/Booking Unit/a_Add New Booking Unit/checkbox_Custom' is clicked on

2019-06-10 09:31:44 - [MESSAGE][PASSED] - Object: 'Object Repository/ADMIN/Features Control/Booking Unit/a_Add New Booking Unit/checkbox_Custom' is clicked on

2019-06-10 09:31:44 - [TEST_STEP][PASSED] - click: Object: 'Object Repository/ADMIN/Features Control/Booking Unit/a_Add New Booking Unit/button_Save' is clicked on

2019-06-10 09:31:45 - [MESSAGE][PASSED] - Object: 'Object Repository/ADMIN/Features Control/Booking Unit/a_Add New Booking Unit/button_Save' is clicked on

2019-06-10 09:31:45 - [TEST_STEP][PASSED] - delay: Delayed 1 second(s)

2019-06-10 09:31:46 - [MESSAGE][PASSED] - Delayed 1 second(s)

2019-06-10 09:31:46 - [TEST_STEP][PASSED] - click: Object: 'Object Repository/ADMIN/Features Control/Booking Unit/topbutton_Save' is clicked on

2019-06-10 09:31:46 - [MESSAGE][PASSED] - Object: 'Object Repository/ADMIN/Features Control/Booking Unit/topbutton_Save' is clicked on

2019-06-10 09:31:46 - [TEST_STEP][PASSED] - waitForElementVisible: Object 'Object Repository/ADMIN/Features Control/Booking Unit/a_Save Popup/button_Save' is visible

2019-06-10 09:31:46 - [MESSAGE][WARNING] - Timeout '0' is invalid. Using default page load timeout: '30'

2019-06-10 09:31:46 - [MESSAGE][PASSED] - Object 'Object Repository/ADMIN/Features Control/Booking Unit/a_Save Popup/button_Save' is visible

2019-06-10 09:31:46 - [TEST_STEP][PASSED] - click: Object: 'Object Repository/ADMIN/Features Control/Booking Unit/a_Save Popup/button_Save' is clicked on

2019-06-10 09:31:46 - [MESSAGE][PASSED] - Object: 'Object Repository/ADMIN/Features Control/Booking Unit/a_Save Popup/button_Save' is clicked on

2019-06-10 09:31:46 - [TEST_STEP][PASSED] - waitForElementVisible: Object 'Object Repository/ADMIN/Features Control/Booking Unit/a_ToasterMessage/toaster_SaveSuccessfully' is visible

2019-06-10 09:31:46 - [MESSAGE][WARNING] - Timeout '0' is invalid. Using default page load timeout: '30'

2019-06-10 09:31:46 - [MESSAGE][PASSED] - Object 'Object Repository/ADMIN/Features Control/Booking Unit/a_ToasterMessage/toaster_SaveSuccessfully' is visible

2019-06-10 09:31:46 - [TEST_STEP][PASSED] - waitForElementNotPresent: Web element with id: 'Object Repository/ADMIN/Features Control/Booking Unit/a_ToasterMessage/toaster_SaveSuccessfully' located by 'By.xpath: //div[@class = 'toast toast-success' and (text() = 'Save successfully' or . = 'Save successfully')]' is not present after '30' second(s)

2019-06-10 09:31:46 - [MESSAGE][WARNING] - Timeout '0' is invalid. Using default page load timeout: '30'

2019-06-10 09:31:52 - [MESSAGE][PASSED] - Web element with id: 'Object Repository/ADMIN/Features Control/Booking Unit/a_ToasterMessage/toaster_SaveSuccessfully' located by 'By.xpath: //div[@class = 'toast toast-success' and (text() = 'Save successfully' or . = 'Save successfully')]' is not present after '30' second(s)]]></system-out>
         <system-err><![CDATA[]]></system-err>
      </testcase>
      <testcase name="Test Cases/ADMIN/Features Control/Booking Unit/Combination/Default/15Add_MonthCustom" classname="Test Cases/ADMIN/Features Control/Booking Unit/Combination/Default/15Add_MonthCustom" status="PASSED">
         <system-out><![CDATA[2019-06-10 09:31:52 - [TEST_CASE][PASSED] - Test Cases/ADMIN/Features Control/Booking Unit/Combination/Default/15Add_MonthCustom: Test Cases/ADMIN/Features Control/Booking Unit/Combination/Default/15Add_MonthCustom

2019-06-10 09:31:52 - [TEST_STEP][PASSED] - waitForElementVisible: Object 'Object Repository/ADMIN/Features Control/Advance Search/a_Features Control' is visible

2019-06-10 09:31:52 - [MESSAGE][WARNING] - Timeout '0' is invalid. Using default page load timeout: '30'

2019-06-10 09:31:52 - [MESSAGE][PASSED] - Object 'Object Repository/ADMIN/Features Control/Advance Search/a_Features Control' is visible

2019-06-10 09:31:52 - [TEST_STEP][PASSED] - click: Object: 'Object Repository/ADMIN/Features Control/Advance Search/a_Features Control' is clicked on

2019-06-10 09:31:53 - [MESSAGE][PASSED] - Object: 'Object Repository/ADMIN/Features Control/Advance Search/a_Features Control' is clicked on

2019-06-10 09:31:53 - [TEST_STEP][PASSED] - waitForElementVisible: Object 'Object Repository/ADMIN/Features Control/Booking Unit/button_Edit' is visible

2019-06-10 09:31:53 - [MESSAGE][WARNING] - Timeout '0' is invalid. Using default page load timeout: '30'

2019-06-10 09:31:53 - [MESSAGE][PASSED] - Object 'Object Repository/ADMIN/Features Control/Booking Unit/button_Edit' is visible

2019-06-10 09:31:53 - [TEST_STEP][PASSED] - click: Object: 'Object Repository/ADMIN/Features Control/Booking Unit/button_Edit' is clicked on

2019-06-10 09:31:53 - [MESSAGE][PASSED] - Object: 'Object Repository/ADMIN/Features Control/Booking Unit/button_Edit' is clicked on

2019-06-10 09:31:53 - [TEST_STEP][PASSED] - waitForElementVisible: Object 'Object Repository/ADMIN/Features Control/Booking Unit/icon1st_NewBookingUnit' is visible

2019-06-10 09:31:53 - [MESSAGE][WARNING] - Timeout '0' is invalid. Using default page load timeout: '30'

2019-06-10 09:31:53 - [MESSAGE][PASSED] - Object 'Object Repository/ADMIN/Features Control/Booking Unit/icon1st_NewBookingUnit' is visible

2019-06-10 09:31:53 - [TEST_STEP][PASSED] - verifyElementVisible: Object 'Object Repository/ADMIN/Features Control/Booking Unit/textlabel_NewBookingUnit' is visible

2019-06-10 09:31:53 - [MESSAGE][PASSED] - Object 'Object Repository/ADMIN/Features Control/Booking Unit/textlabel_NewBookingUnit' is visible

2019-06-10 09:31:53 - [TEST_STEP][PASSED] - delay: Delayed 1 second(s)

2019-06-10 09:31:54 - [MESSAGE][PASSED] - Delayed 1 second(s)

2019-06-10 09:31:54 - [TEST_STEP][PASSED] - click: Object: 'Object Repository/ADMIN/Features Control/Booking Unit/button_AddBookingUnit' is clicked on

2019-06-10 09:31:55 - [MESSAGE][PASSED] - Object: 'Object Repository/ADMIN/Features Control/Booking Unit/button_AddBookingUnit' is clicked on

2019-06-10 09:31:55 - [TEST_STEP][PASSED] - waitForElementVisible: Object 'Object Repository/ADMIN/Features Control/Booking Unit/a_Add New Booking Unit/textlabel_AddNewBookingUnit' is visible

2019-06-10 09:31:55 - [MESSAGE][WARNING] - Timeout '0' is invalid. Using default page load timeout: '30'

2019-06-10 09:31:55 - [MESSAGE][PASSED] - Object 'Object Repository/ADMIN/Features Control/Booking Unit/a_Add New Booking Unit/textlabel_AddNewBookingUnit' is visible

2019-06-10 09:31:55 - [TEST_STEP][PASSED] - delay: Delayed 1 second(s)

2019-06-10 09:31:56 - [MESSAGE][PASSED] - Delayed 1 second(s)

2019-06-10 09:31:56 - [TEST_STEP][PASSED] - setText: Text 'Day 15' is set on object 'Object Repository/ADMIN/Features Control/Booking Unit/a_Add New Booking Unit/textfield_UnitName'

2019-06-10 09:31:56 - [MESSAGE][PASSED] - Text 'Day 15' is set on object 'Object Repository/ADMIN/Features Control/Booking Unit/a_Add New Booking Unit/textfield_UnitName'

2019-06-10 09:31:56 - [TEST_STEP][PASSED] - delay: Delayed 1 second(s)

2019-06-10 09:31:57 - [MESSAGE][PASSED] - Delayed 1 second(s)

2019-06-10 09:31:57 - [TEST_STEP][PASSED] - click: Object: 'Object Repository/ADMIN/Features Control/Booking Unit/a_Add New Booking Unit/checkbox_Month' is clicked on

2019-06-10 09:31:57 - [MESSAGE][PASSED] - Object: 'Object Repository/ADMIN/Features Control/Booking Unit/a_Add New Booking Unit/checkbox_Month' is clicked on

2019-06-10 09:31:57 - [TEST_STEP][PASSED] - click: Object: 'Object Repository/ADMIN/Features Control/Booking Unit/a_Add New Booking Unit/checkbox_Custom' is clicked on

2019-06-10 09:31:57 - [MESSAGE][PASSED] - Object: 'Object Repository/ADMIN/Features Control/Booking Unit/a_Add New Booking Unit/checkbox_Custom' is clicked on

2019-06-10 09:31:57 - [TEST_STEP][PASSED] - click: Object: 'Object Repository/ADMIN/Features Control/Booking Unit/a_Add New Booking Unit/button_Save' is clicked on

2019-06-10 09:31:57 - [MESSAGE][PASSED] - Object: 'Object Repository/ADMIN/Features Control/Booking Unit/a_Add New Booking Unit/button_Save' is clicked on

2019-06-10 09:31:57 - [TEST_STEP][PASSED] - delay: Delayed 1 second(s)

2019-06-10 09:31:58 - [MESSAGE][PASSED] - Delayed 1 second(s)

2019-06-10 09:31:58 - [TEST_STEP][PASSED] - click: Object: 'Object Repository/ADMIN/Features Control/Booking Unit/topbutton_Save' is clicked on

2019-06-10 09:31:58 - [MESSAGE][PASSED] - Object: 'Object Repository/ADMIN/Features Control/Booking Unit/topbutton_Save' is clicked on

2019-06-10 09:31:58 - [TEST_STEP][PASSED] - waitForElementVisible: Object 'Object Repository/ADMIN/Features Control/Booking Unit/a_Save Popup/button_Save' is visible

2019-06-10 09:31:58 - [MESSAGE][WARNING] - Timeout '0' is invalid. Using default page load timeout: '30'

2019-06-10 09:31:58 - [MESSAGE][PASSED] - Object 'Object Repository/ADMIN/Features Control/Booking Unit/a_Save Popup/button_Save' is visible

2019-06-10 09:31:58 - [TEST_STEP][PASSED] - click: Object: 'Object Repository/ADMIN/Features Control/Booking Unit/a_Save Popup/button_Save' is clicked on

2019-06-10 09:31:58 - [MESSAGE][PASSED] - Object: 'Object Repository/ADMIN/Features Control/Booking Unit/a_Save Popup/button_Save' is clicked on

2019-06-10 09:31:58 - [TEST_STEP][PASSED] - waitForElementVisible: Object 'Object Repository/ADMIN/Features Control/Booking Unit/a_ToasterMessage/toaster_SaveSuccessfully' is visible

2019-06-10 09:31:58 - [MESSAGE][WARNING] - Timeout '0' is invalid. Using default page load timeout: '30'

2019-06-10 09:31:59 - [MESSAGE][PASSED] - Object 'Object Repository/ADMIN/Features Control/Booking Unit/a_ToasterMessage/toaster_SaveSuccessfully' is visible

2019-06-10 09:31:59 - [TEST_STEP][PASSED] - waitForElementNotPresent: Web element with id: 'Object Repository/ADMIN/Features Control/Booking Unit/a_ToasterMessage/toaster_SaveSuccessfully' located by 'By.xpath: //div[@class = 'toast toast-success' and (text() = 'Save successfully' or . = 'Save successfully')]' is not present after '30' second(s)

2019-06-10 09:31:59 - [MESSAGE][WARNING] - Timeout '0' is invalid. Using default page load timeout: '30'

2019-06-10 09:32:05 - [MESSAGE][PASSED] - Web element with id: 'Object Repository/ADMIN/Features Control/Booking Unit/a_ToasterMessage/toaster_SaveSuccessfully' located by 'By.xpath: //div[@class = 'toast toast-success' and (text() = 'Save successfully' or . = 'Save successfully')]' is not present after '30' second(s)]]></system-out>
         <system-err><![CDATA[]]></system-err>
      </testcase>
      <testcase name="Test Cases/ADMIN/Features Control/Booking Unit/Combination/Default/16Add_HourDayWeek" classname="Test Cases/ADMIN/Features Control/Booking Unit/Combination/Default/16Add_HourDayWeek" status="PASSED">
         <system-out><![CDATA[2019-06-10 09:32:05 - [TEST_CASE][PASSED] - Test Cases/ADMIN/Features Control/Booking Unit/Combination/Default/16Add_HourDayWeek: Test Cases/ADMIN/Features Control/Booking Unit/Combination/Default/16Add_HourDayWeek

2019-06-10 09:32:05 - [TEST_STEP][PASSED] - waitForElementVisible: Object 'Object Repository/ADMIN/Features Control/Advance Search/a_Features Control' is visible

2019-06-10 09:32:05 - [MESSAGE][WARNING] - Timeout '0' is invalid. Using default page load timeout: '30'

2019-06-10 09:32:05 - [MESSAGE][PASSED] - Object 'Object Repository/ADMIN/Features Control/Advance Search/a_Features Control' is visible

2019-06-10 09:32:05 - [TEST_STEP][PASSED] - click: Object: 'Object Repository/ADMIN/Features Control/Advance Search/a_Features Control' is clicked on

2019-06-10 09:32:05 - [MESSAGE][PASSED] - Object: 'Object Repository/ADMIN/Features Control/Advance Search/a_Features Control' is clicked on

2019-06-10 09:32:05 - [TEST_STEP][PASSED] - waitForElementVisible: Object 'Object Repository/ADMIN/Features Control/Booking Unit/button_Edit' is visible

2019-06-10 09:32:05 - [MESSAGE][WARNING] - Timeout '0' is invalid. Using default page load timeout: '30'

2019-06-10 09:32:05 - [MESSAGE][PASSED] - Object 'Object Repository/ADMIN/Features Control/Booking Unit/button_Edit' is visible

2019-06-10 09:32:05 - [TEST_STEP][PASSED] - click: Object: 'Object Repository/ADMIN/Features Control/Booking Unit/button_Edit' is clicked on

2019-06-10 09:32:06 - [MESSAGE][PASSED] - Object: 'Object Repository/ADMIN/Features Control/Booking Unit/button_Edit' is clicked on

2019-06-10 09:32:06 - [TEST_STEP][PASSED] - waitForElementVisible: Object 'Object Repository/ADMIN/Features Control/Booking Unit/icon1st_NewBookingUnit' is visible

2019-06-10 09:32:06 - [MESSAGE][WARNING] - Timeout '0' is invalid. Using default page load timeout: '30'

2019-06-10 09:32:06 - [MESSAGE][PASSED] - Object 'Object Repository/ADMIN/Features Control/Booking Unit/icon1st_NewBookingUnit' is visible

2019-06-10 09:32:06 - [TEST_STEP][PASSED] - verifyElementVisible: Object 'Object Repository/ADMIN/Features Control/Booking Unit/textlabel_NewBookingUnit' is visible

2019-06-10 09:32:06 - [MESSAGE][PASSED] - Object 'Object Repository/ADMIN/Features Control/Booking Unit/textlabel_NewBookingUnit' is visible

2019-06-10 09:32:06 - [TEST_STEP][PASSED] - delay: Delayed 1 second(s)

2019-06-10 09:32:07 - [MESSAGE][PASSED] - Delayed 1 second(s)

2019-06-10 09:32:07 - [TEST_STEP][PASSED] - click: Object: 'Object Repository/ADMIN/Features Control/Booking Unit/button_AddBookingUnit' is clicked on

2019-06-10 09:32:07 - [MESSAGE][PASSED] - Object: 'Object Repository/ADMIN/Features Control/Booking Unit/button_AddBookingUnit' is clicked on

2019-06-10 09:32:07 - [TEST_STEP][PASSED] - waitForElementVisible: Object 'Object Repository/ADMIN/Features Control/Booking Unit/a_Add New Booking Unit/textlabel_AddNewBookingUnit' is visible

2019-06-10 09:32:07 - [MESSAGE][WARNING] - Timeout '0' is invalid. Using default page load timeout: '30'

2019-06-10 09:32:07 - [MESSAGE][PASSED] - Object 'Object Repository/ADMIN/Features Control/Booking Unit/a_Add New Booking Unit/textlabel_AddNewBookingUnit' is visible

2019-06-10 09:32:07 - [TEST_STEP][PASSED] - delay: Delayed 1 second(s)

2019-06-10 09:32:08 - [MESSAGE][PASSED] - Delayed 1 second(s)

2019-06-10 09:32:08 - [TEST_STEP][PASSED] - setText: Text 'Day 16' is set on object 'Object Repository/ADMIN/Features Control/Booking Unit/a_Add New Booking Unit/textfield_UnitName'

2019-06-10 09:32:08 - [MESSAGE][PASSED] - Text 'Day 16' is set on object 'Object Repository/ADMIN/Features Control/Booking Unit/a_Add New Booking Unit/textfield_UnitName'

2019-06-10 09:32:08 - [TEST_STEP][PASSED] - delay: Delayed 1 second(s)

2019-06-10 09:32:09 - [MESSAGE][PASSED] - Delayed 1 second(s)

2019-06-10 09:32:09 - [TEST_STEP][PASSED] - click: Object: 'Object Repository/ADMIN/Features Control/Booking Unit/a_Add New Booking Unit/checkbox_Hour' is clicked on

2019-06-10 09:32:09 - [MESSAGE][PASSED] - Object: 'Object Repository/ADMIN/Features Control/Booking Unit/a_Add New Booking Unit/checkbox_Hour' is clicked on

2019-06-10 09:32:09 - [TEST_STEP][PASSED] - click: Object: 'Object Repository/ADMIN/Features Control/Booking Unit/a_Add New Booking Unit/checkbox_Day' is clicked on

2019-06-10 09:32:09 - [MESSAGE][PASSED] - Object: 'Object Repository/ADMIN/Features Control/Booking Unit/a_Add New Booking Unit/checkbox_Day' is clicked on

2019-06-10 09:32:09 - [TEST_STEP][PASSED] - click: Object: 'Object Repository/ADMIN/Features Control/Booking Unit/a_Add New Booking Unit/checkbox_Week' is clicked on

2019-06-10 09:32:09 - [MESSAGE][PASSED] - Object: 'Object Repository/ADMIN/Features Control/Booking Unit/a_Add New Booking Unit/checkbox_Week' is clicked on

2019-06-10 09:32:09 - [TEST_STEP][PASSED] - click: Object: 'Object Repository/ADMIN/Features Control/Booking Unit/a_Add New Booking Unit/button_Save' is clicked on

2019-06-10 09:32:09 - [MESSAGE][PASSED] - Object: 'Object Repository/ADMIN/Features Control/Booking Unit/a_Add New Booking Unit/button_Save' is clicked on

2019-06-10 09:32:09 - [TEST_STEP][PASSED] - delay: Delayed 1 second(s)

2019-06-10 09:32:10 - [MESSAGE][PASSED] - Delayed 1 second(s)

2019-06-10 09:32:10 - [TEST_STEP][PASSED] - click: Object: 'Object Repository/ADMIN/Features Control/Booking Unit/topbutton_Save' is clicked on

2019-06-10 09:32:11 - [MESSAGE][PASSED] - Object: 'Object Repository/ADMIN/Features Control/Booking Unit/topbutton_Save' is clicked on

2019-06-10 09:32:11 - [TEST_STEP][PASSED] - waitForElementVisible: Object 'Object Repository/ADMIN/Features Control/Booking Unit/a_Save Popup/button_Save' is visible

2019-06-10 09:32:11 - [MESSAGE][WARNING] - Timeout '0' is invalid. Using default page load timeout: '30'

2019-06-10 09:32:11 - [MESSAGE][PASSED] - Object 'Object Repository/ADMIN/Features Control/Booking Unit/a_Save Popup/button_Save' is visible

2019-06-10 09:32:11 - [TEST_STEP][PASSED] - click: Object: 'Object Repository/ADMIN/Features Control/Booking Unit/a_Save Popup/button_Save' is clicked on

2019-06-10 09:32:11 - [MESSAGE][PASSED] - Object: 'Object Repository/ADMIN/Features Control/Booking Unit/a_Save Popup/button_Save' is clicked on

2019-06-10 09:32:11 - [TEST_STEP][PASSED] - waitForElementVisible: Object 'Object Repository/ADMIN/Features Control/Booking Unit/a_ToasterMessage/toaster_SaveSuccessfully' is visible

2019-06-10 09:32:11 - [MESSAGE][WARNING] - Timeout '0' is invalid. Using default page load timeout: '30'

2019-06-10 09:32:11 - [MESSAGE][PASSED] - Object 'Object Repository/ADMIN/Features Control/Booking Unit/a_ToasterMessage/toaster_SaveSuccessfully' is visible

2019-06-10 09:32:11 - [TEST_STEP][PASSED] - waitForElementNotPresent: Web element with id: 'Object Repository/ADMIN/Features Control/Booking Unit/a_ToasterMessage/toaster_SaveSuccessfully' located by 'By.xpath: //div[@class = 'toast toast-success' and (text() = 'Save successfully' or . = 'Save successfully')]' is not present after '30' second(s)

2019-06-10 09:32:11 - [MESSAGE][WARNING] - Timeout '0' is invalid. Using default page load timeout: '30'

2019-06-10 09:32:17 - [MESSAGE][PASSED] - Web element with id: 'Object Repository/ADMIN/Features Control/Booking Unit/a_ToasterMessage/toaster_SaveSuccessfully' located by 'By.xpath: //div[@class = 'toast toast-success' and (text() = 'Save successfully' or . = 'Save successfully')]' is not present after '30' second(s)]]></system-out>
         <system-err><![CDATA[]]></system-err>
      </testcase>
      <testcase name="Test Cases/ADMIN/Features Control/Booking Unit/Combination/Default/17Add_HourDayMonth" classname="Test Cases/ADMIN/Features Control/Booking Unit/Combination/Default/17Add_HourDayMonth" status="PASSED">
         <system-out><![CDATA[2019-06-10 09:32:17 - [TEST_CASE][PASSED] - Test Cases/ADMIN/Features Control/Booking Unit/Combination/Default/17Add_HourDayMonth: Test Cases/ADMIN/Features Control/Booking Unit/Combination/Default/17Add_HourDayMonth

2019-06-10 09:32:17 - [TEST_STEP][PASSED] - waitForElementVisible: Object 'Object Repository/ADMIN/Features Control/Advance Search/a_Features Control' is visible

2019-06-10 09:32:17 - [MESSAGE][WARNING] - Timeout '0' is invalid. Using default page load timeout: '30'

2019-06-10 09:32:17 - [MESSAGE][PASSED] - Object 'Object Repository/ADMIN/Features Control/Advance Search/a_Features Control' is visible

2019-06-10 09:32:17 - [TEST_STEP][PASSED] - click: Object: 'Object Repository/ADMIN/Features Control/Advance Search/a_Features Control' is clicked on

2019-06-10 09:32:18 - [MESSAGE][PASSED] - Object: 'Object Repository/ADMIN/Features Control/Advance Search/a_Features Control' is clicked on

2019-06-10 09:32:18 - [TEST_STEP][PASSED] - waitForElementVisible: Object 'Object Repository/ADMIN/Features Control/Booking Unit/button_Edit' is visible

2019-06-10 09:32:18 - [MESSAGE][WARNING] - Timeout '0' is invalid. Using default page load timeout: '30'

2019-06-10 09:32:18 - [MESSAGE][PASSED] - Object 'Object Repository/ADMIN/Features Control/Booking Unit/button_Edit' is visible

2019-06-10 09:32:18 - [TEST_STEP][PASSED] - click: Object: 'Object Repository/ADMIN/Features Control/Booking Unit/button_Edit' is clicked on

2019-06-10 09:32:18 - [MESSAGE][PASSED] - Object: 'Object Repository/ADMIN/Features Control/Booking Unit/button_Edit' is clicked on

2019-06-10 09:32:18 - [TEST_STEP][PASSED] - waitForElementVisible: Object 'Object Repository/ADMIN/Features Control/Booking Unit/icon1st_NewBookingUnit' is visible

2019-06-10 09:32:18 - [MESSAGE][WARNING] - Timeout '0' is invalid. Using default page load timeout: '30'

2019-06-10 09:32:18 - [MESSAGE][PASSED] - Object 'Object Repository/ADMIN/Features Control/Booking Unit/icon1st_NewBookingUnit' is visible

2019-06-10 09:32:18 - [TEST_STEP][PASSED] - verifyElementVisible: Object 'Object Repository/ADMIN/Features Control/Booking Unit/textlabel_NewBookingUnit' is visible

2019-06-10 09:32:18 - [MESSAGE][PASSED] - Object 'Object Repository/ADMIN/Features Control/Booking Unit/textlabel_NewBookingUnit' is visible

2019-06-10 09:32:18 - [TEST_STEP][PASSED] - delay: Delayed 1 second(s)

2019-06-10 09:32:19 - [MESSAGE][PASSED] - Delayed 1 second(s)

2019-06-10 09:32:19 - [TEST_STEP][PASSED] - click: Object: 'Object Repository/ADMIN/Features Control/Booking Unit/button_AddBookingUnit' is clicked on

2019-06-10 09:32:20 - [MESSAGE][PASSED] - Object: 'Object Repository/ADMIN/Features Control/Booking Unit/button_AddBookingUnit' is clicked on

2019-06-10 09:32:20 - [TEST_STEP][PASSED] - waitForElementVisible: Object 'Object Repository/ADMIN/Features Control/Booking Unit/a_Add New Booking Unit/textlabel_AddNewBookingUnit' is visible

2019-06-10 09:32:20 - [MESSAGE][WARNING] - Timeout '0' is invalid. Using default page load timeout: '30'

2019-06-10 09:32:20 - [MESSAGE][PASSED] - Object 'Object Repository/ADMIN/Features Control/Booking Unit/a_Add New Booking Unit/textlabel_AddNewBookingUnit' is visible

2019-06-10 09:32:20 - [TEST_STEP][PASSED] - delay: Delayed 1 second(s)

2019-06-10 09:32:21 - [MESSAGE][PASSED] - Delayed 1 second(s)

2019-06-10 09:32:21 - [TEST_STEP][PASSED] - setText: Text 'Day 17' is set on object 'Object Repository/ADMIN/Features Control/Booking Unit/a_Add New Booking Unit/textfield_UnitName'

2019-06-10 09:32:21 - [MESSAGE][PASSED] - Text 'Day 17' is set on object 'Object Repository/ADMIN/Features Control/Booking Unit/a_Add New Booking Unit/textfield_UnitName'

2019-06-10 09:32:21 - [TEST_STEP][PASSED] - delay: Delayed 1 second(s)

2019-06-10 09:32:22 - [MESSAGE][PASSED] - Delayed 1 second(s)

2019-06-10 09:32:22 - [TEST_STEP][PASSED] - click: Object: 'Object Repository/ADMIN/Features Control/Booking Unit/a_Add New Booking Unit/checkbox_Hour' is clicked on

2019-06-10 09:32:22 - [MESSAGE][PASSED] - Object: 'Object Repository/ADMIN/Features Control/Booking Unit/a_Add New Booking Unit/checkbox_Hour' is clicked on

2019-06-10 09:32:22 - [TEST_STEP][PASSED] - click: Object: 'Object Repository/ADMIN/Features Control/Booking Unit/a_Add New Booking Unit/checkbox_Day' is clicked on

2019-06-10 09:32:22 - [MESSAGE][PASSED] - Object: 'Object Repository/ADMIN/Features Control/Booking Unit/a_Add New Booking Unit/checkbox_Day' is clicked on

2019-06-10 09:32:22 - [TEST_STEP][PASSED] - click: Object: 'Object Repository/ADMIN/Features Control/Booking Unit/a_Add New Booking Unit/checkbox_Month' is clicked on

2019-06-10 09:32:22 - [MESSAGE][PASSED] - Object: 'Object Repository/ADMIN/Features Control/Booking Unit/a_Add New Booking Unit/checkbox_Month' is clicked on

2019-06-10 09:32:22 - [TEST_STEP][PASSED] - click: Object: 'Object Repository/ADMIN/Features Control/Booking Unit/a_Add New Booking Unit/button_Save' is clicked on

2019-06-10 09:32:22 - [MESSAGE][PASSED] - Object: 'Object Repository/ADMIN/Features Control/Booking Unit/a_Add New Booking Unit/button_Save' is clicked on

2019-06-10 09:32:22 - [TEST_STEP][PASSED] - delay: Delayed 1 second(s)

2019-06-10 09:32:23 - [MESSAGE][PASSED] - Delayed 1 second(s)

2019-06-10 09:32:23 - [TEST_STEP][PASSED] - click: Object: 'Object Repository/ADMIN/Features Control/Booking Unit/topbutton_Save' is clicked on

2019-06-10 09:32:23 - [MESSAGE][PASSED] - Object: 'Object Repository/ADMIN/Features Control/Booking Unit/topbutton_Save' is clicked on

2019-06-10 09:32:23 - [TEST_STEP][PASSED] - waitForElementVisible: Object 'Object Repository/ADMIN/Features Control/Booking Unit/a_Save Popup/button_Save' is visible

2019-06-10 09:32:23 - [MESSAGE][WARNING] - Timeout '0' is invalid. Using default page load timeout: '30'

2019-06-10 09:32:23 - [MESSAGE][PASSED] - Object 'Object Repository/ADMIN/Features Control/Booking Unit/a_Save Popup/button_Save' is visible

2019-06-10 09:32:23 - [TEST_STEP][PASSED] - click: Object: 'Object Repository/ADMIN/Features Control/Booking Unit/a_Save Popup/button_Save' is clicked on

2019-06-10 09:32:23 - [MESSAGE][PASSED] - Object: 'Object Repository/ADMIN/Features Control/Booking Unit/a_Save Popup/button_Save' is clicked on

2019-06-10 09:32:23 - [TEST_STEP][PASSED] - waitForElementVisible: Object 'Object Repository/ADMIN/Features Control/Booking Unit/a_ToasterMessage/toaster_SaveSuccessfully' is visible

2019-06-10 09:32:23 - [MESSAGE][WARNING] - Timeout '0' is invalid. Using default page load timeout: '30'

2019-06-10 09:32:24 - [MESSAGE][PASSED] - Object 'Object Repository/ADMIN/Features Control/Booking Unit/a_ToasterMessage/toaster_SaveSuccessfully' is visible

2019-06-10 09:32:24 - [TEST_STEP][PASSED] - waitForElementNotPresent: Web element with id: 'Object Repository/ADMIN/Features Control/Booking Unit/a_ToasterMessage/toaster_SaveSuccessfully' located by 'By.xpath: //div[@class = 'toast toast-success' and (text() = 'Save successfully' or . = 'Save successfully')]' is not present after '30' second(s)

2019-06-10 09:32:24 - [MESSAGE][WARNING] - Timeout '0' is invalid. Using default page load timeout: '30'

2019-06-10 09:32:30 - [MESSAGE][PASSED] - Web element with id: 'Object Repository/ADMIN/Features Control/Booking Unit/a_ToasterMessage/toaster_SaveSuccessfully' located by 'By.xpath: //div[@class = 'toast toast-success' and (text() = 'Save successfully' or . = 'Save successfully')]' is not present after '30' second(s)]]></system-out>
         <system-err><![CDATA[]]></system-err>
      </testcase>
      <testcase name="Test Cases/ADMIN/Features Control/Booking Unit/Combination/Default/18Add_HourDayCustom" classname="Test Cases/ADMIN/Features Control/Booking Unit/Combination/Default/18Add_HourDayCustom" status="PASSED">
         <system-out><![CDATA[2019-06-10 09:32:30 - [TEST_CASE][PASSED] - Test Cases/ADMIN/Features Control/Booking Unit/Combination/Default/18Add_HourDayCustom: Test Cases/ADMIN/Features Control/Booking Unit/Combination/Default/18Add_HourDayCustom

2019-06-10 09:32:30 - [TEST_STEP][PASSED] - waitForElementVisible: Object 'Object Repository/ADMIN/Features Control/Advance Search/a_Features Control' is visible

2019-06-10 09:32:30 - [MESSAGE][WARNING] - Timeout '0' is invalid. Using default page load timeout: '30'

2019-06-10 09:32:30 - [MESSAGE][PASSED] - Object 'Object Repository/ADMIN/Features Control/Advance Search/a_Features Control' is visible

2019-06-10 09:32:30 - [TEST_STEP][PASSED] - click: Object: 'Object Repository/ADMIN/Features Control/Advance Search/a_Features Control' is clicked on

2019-06-10 09:32:30 - [MESSAGE][PASSED] - Object: 'Object Repository/ADMIN/Features Control/Advance Search/a_Features Control' is clicked on

2019-06-10 09:32:30 - [TEST_STEP][PASSED] - waitForElementVisible: Object 'Object Repository/ADMIN/Features Control/Booking Unit/button_Edit' is visible

2019-06-10 09:32:30 - [MESSAGE][WARNING] - Timeout '0' is invalid. Using default page load timeout: '30'

2019-06-10 09:32:30 - [MESSAGE][PASSED] - Object 'Object Repository/ADMIN/Features Control/Booking Unit/button_Edit' is visible

2019-06-10 09:32:30 - [TEST_STEP][PASSED] - click: Object: 'Object Repository/ADMIN/Features Control/Booking Unit/button_Edit' is clicked on

2019-06-10 09:32:31 - [MESSAGE][PASSED] - Object: 'Object Repository/ADMIN/Features Control/Booking Unit/button_Edit' is clicked on

2019-06-10 09:32:31 - [TEST_STEP][PASSED] - waitForElementVisible: Object 'Object Repository/ADMIN/Features Control/Booking Unit/icon1st_NewBookingUnit' is visible

2019-06-10 09:32:31 - [MESSAGE][WARNING] - Timeout '0' is invalid. Using default page load timeout: '30'

2019-06-10 09:32:31 - [MESSAGE][PASSED] - Object 'Object Repository/ADMIN/Features Control/Booking Unit/icon1st_NewBookingUnit' is visible

2019-06-10 09:32:31 - [TEST_STEP][PASSED] - verifyElementVisible: Object 'Object Repository/ADMIN/Features Control/Booking Unit/textlabel_NewBookingUnit' is visible

2019-06-10 09:32:31 - [MESSAGE][PASSED] - Object 'Object Repository/ADMIN/Features Control/Booking Unit/textlabel_NewBookingUnit' is visible

2019-06-10 09:32:31 - [TEST_STEP][PASSED] - delay: Delayed 1 second(s)

2019-06-10 09:32:32 - [MESSAGE][PASSED] - Delayed 1 second(s)

2019-06-10 09:32:32 - [TEST_STEP][PASSED] - click: Object: 'Object Repository/ADMIN/Features Control/Booking Unit/button_AddBookingUnit' is clicked on

2019-06-10 09:32:32 - [MESSAGE][PASSED] - Object: 'Object Repository/ADMIN/Features Control/Booking Unit/button_AddBookingUnit' is clicked on

2019-06-10 09:32:32 - [TEST_STEP][PASSED] - waitForElementVisible: Object 'Object Repository/ADMIN/Features Control/Booking Unit/a_Add New Booking Unit/textlabel_AddNewBookingUnit' is visible

2019-06-10 09:32:32 - [MESSAGE][WARNING] - Timeout '0' is invalid. Using default page load timeout: '30'

2019-06-10 09:32:32 - [MESSAGE][PASSED] - Object 'Object Repository/ADMIN/Features Control/Booking Unit/a_Add New Booking Unit/textlabel_AddNewBookingUnit' is visible

2019-06-10 09:32:32 - [TEST_STEP][PASSED] - delay: Delayed 1 second(s)

2019-06-10 09:32:33 - [MESSAGE][PASSED] - Delayed 1 second(s)

2019-06-10 09:32:33 - [TEST_STEP][PASSED] - setText: Text 'Day 18' is set on object 'Object Repository/ADMIN/Features Control/Booking Unit/a_Add New Booking Unit/textfield_UnitName'

2019-06-10 09:32:33 - [MESSAGE][PASSED] - Text 'Day 18' is set on object 'Object Repository/ADMIN/Features Control/Booking Unit/a_Add New Booking Unit/textfield_UnitName'

2019-06-10 09:32:33 - [TEST_STEP][PASSED] - delay: Delayed 1 second(s)

2019-06-10 09:32:34 - [MESSAGE][PASSED] - Delayed 1 second(s)

2019-06-10 09:32:34 - [TEST_STEP][PASSED] - click: Object: 'Object Repository/ADMIN/Features Control/Booking Unit/a_Add New Booking Unit/checkbox_Hour' is clicked on

2019-06-10 09:32:34 - [MESSAGE][PASSED] - Object: 'Object Repository/ADMIN/Features Control/Booking Unit/a_Add New Booking Unit/checkbox_Hour' is clicked on

2019-06-10 09:32:34 - [TEST_STEP][PASSED] - click: Object: 'Object Repository/ADMIN/Features Control/Booking Unit/a_Add New Booking Unit/checkbox_Day' is clicked on

2019-06-10 09:32:34 - [MESSAGE][PASSED] - Object: 'Object Repository/ADMIN/Features Control/Booking Unit/a_Add New Booking Unit/checkbox_Day' is clicked on

2019-06-10 09:32:34 - [TEST_STEP][PASSED] - click: Object: 'Object Repository/ADMIN/Features Control/Booking Unit/a_Add New Booking Unit/checkbox_Custom' is clicked on

2019-06-10 09:32:34 - [MESSAGE][PASSED] - Object: 'Object Repository/ADMIN/Features Control/Booking Unit/a_Add New Booking Unit/checkbox_Custom' is clicked on

2019-06-10 09:32:34 - [TEST_STEP][PASSED] - click: Object: 'Object Repository/ADMIN/Features Control/Booking Unit/a_Add New Booking Unit/button_Save' is clicked on

2019-06-10 09:32:34 - [MESSAGE][PASSED] - Object: 'Object Repository/ADMIN/Features Control/Booking Unit/a_Add New Booking Unit/button_Save' is clicked on

2019-06-10 09:32:34 - [TEST_STEP][PASSED] - delay: Delayed 1 second(s)

2019-06-10 09:32:35 - [MESSAGE][PASSED] - Delayed 1 second(s)

2019-06-10 09:32:35 - [TEST_STEP][PASSED] - click: Object: 'Object Repository/ADMIN/Features Control/Booking Unit/topbutton_Save' is clicked on

2019-06-10 09:32:36 - [MESSAGE][PASSED] - Object: 'Object Repository/ADMIN/Features Control/Booking Unit/topbutton_Save' is clicked on

2019-06-10 09:32:36 - [TEST_STEP][PASSED] - waitForElementVisible: Object 'Object Repository/ADMIN/Features Control/Booking Unit/a_Save Popup/button_Save' is visible

2019-06-10 09:32:36 - [MESSAGE][WARNING] - Timeout '0' is invalid. Using default page load timeout: '30'

2019-06-10 09:32:36 - [MESSAGE][PASSED] - Object 'Object Repository/ADMIN/Features Control/Booking Unit/a_Save Popup/button_Save' is visible

2019-06-10 09:32:36 - [TEST_STEP][PASSED] - click: Object: 'Object Repository/ADMIN/Features Control/Booking Unit/a_Save Popup/button_Save' is clicked on

2019-06-10 09:32:36 - [MESSAGE][PASSED] - Object: 'Object Repository/ADMIN/Features Control/Booking Unit/a_Save Popup/button_Save' is clicked on

2019-06-10 09:32:36 - [TEST_STEP][PASSED] - waitForElementVisible: Object 'Object Repository/ADMIN/Features Control/Booking Unit/a_ToasterMessage/toaster_SaveSuccessfully' is visible

2019-06-10 09:32:36 - [MESSAGE][WARNING] - Timeout '0' is invalid. Using default page load timeout: '30'

2019-06-10 09:32:36 - [MESSAGE][PASSED] - Object 'Object Repository/ADMIN/Features Control/Booking Unit/a_ToasterMessage/toaster_SaveSuccessfully' is visible

2019-06-10 09:32:36 - [TEST_STEP][PASSED] - waitForElementNotPresent: Web element with id: 'Object Repository/ADMIN/Features Control/Booking Unit/a_ToasterMessage/toaster_SaveSuccessfully' located by 'By.xpath: //div[@class = 'toast toast-success' and (text() = 'Save successfully' or . = 'Save successfully')]' is not present after '30' second(s)

2019-06-10 09:32:36 - [MESSAGE][WARNING] - Timeout '0' is invalid. Using default page load timeout: '30'

2019-06-10 09:32:42 - [MESSAGE][PASSED] - Web element with id: 'Object Repository/ADMIN/Features Control/Booking Unit/a_ToasterMessage/toaster_SaveSuccessfully' located by 'By.xpath: //div[@class = 'toast toast-success' and (text() = 'Save successfully' or . = 'Save successfully')]' is not present after '30' second(s)]]></system-out>
         <system-err><![CDATA[]]></system-err>
      </testcase>
      <testcase name="Test Cases/ADMIN/Features Control/Booking Unit/Combination/Default/19Add_HourWeekCustom" classname="Test Cases/ADMIN/Features Control/Booking Unit/Combination/Default/19Add_HourWeekCustom" status="PASSED">
         <system-out><![CDATA[2019-06-10 09:32:42 - [TEST_CASE][PASSED] - Test Cases/ADMIN/Features Control/Booking Unit/Combination/Default/19Add_HourWeekCustom: Test Cases/ADMIN/Features Control/Booking Unit/Combination/Default/19Add_HourWeekCustom

2019-06-10 09:32:42 - [TEST_STEP][PASSED] - waitForElementVisible: Object 'Object Repository/ADMIN/Features Control/Advance Search/a_Features Control' is visible

2019-06-10 09:32:42 - [MESSAGE][WARNING] - Timeout '0' is invalid. Using default page load timeout: '30'

2019-06-10 09:32:42 - [MESSAGE][PASSED] - Object 'Object Repository/ADMIN/Features Control/Advance Search/a_Features Control' is visible

2019-06-10 09:32:42 - [TEST_STEP][PASSED] - click: Object: 'Object Repository/ADMIN/Features Control/Advance Search/a_Features Control' is clicked on

2019-06-10 09:32:43 - [MESSAGE][PASSED] - Object: 'Object Repository/ADMIN/Features Control/Advance Search/a_Features Control' is clicked on

2019-06-10 09:32:43 - [TEST_STEP][PASSED] - waitForElementVisible: Object 'Object Repository/ADMIN/Features Control/Booking Unit/button_Edit' is visible

2019-06-10 09:32:43 - [MESSAGE][WARNING] - Timeout '0' is invalid. Using default page load timeout: '30'

2019-06-10 09:32:43 - [MESSAGE][PASSED] - Object 'Object Repository/ADMIN/Features Control/Booking Unit/button_Edit' is visible

2019-06-10 09:32:43 - [TEST_STEP][PASSED] - click: Object: 'Object Repository/ADMIN/Features Control/Booking Unit/button_Edit' is clicked on

2019-06-10 09:32:43 - [MESSAGE][PASSED] - Object: 'Object Repository/ADMIN/Features Control/Booking Unit/button_Edit' is clicked on

2019-06-10 09:32:43 - [TEST_STEP][PASSED] - waitForElementVisible: Object 'Object Repository/ADMIN/Features Control/Booking Unit/icon1st_NewBookingUnit' is visible

2019-06-10 09:32:43 - [MESSAGE][WARNING] - Timeout '0' is invalid. Using default page load timeout: '30'

2019-06-10 09:32:43 - [MESSAGE][PASSED] - Object 'Object Repository/ADMIN/Features Control/Booking Unit/icon1st_NewBookingUnit' is visible

2019-06-10 09:32:43 - [TEST_STEP][PASSED] - verifyElementVisible: Object 'Object Repository/ADMIN/Features Control/Booking Unit/textlabel_NewBookingUnit' is visible

2019-06-10 09:32:43 - [MESSAGE][PASSED] - Object 'Object Repository/ADMIN/Features Control/Booking Unit/textlabel_NewBookingUnit' is visible

2019-06-10 09:32:43 - [TEST_STEP][PASSED] - delay: Delayed 1 second(s)

2019-06-10 09:32:44 - [MESSAGE][PASSED] - Delayed 1 second(s)

2019-06-10 09:32:44 - [TEST_STEP][PASSED] - click: Object: 'Object Repository/ADMIN/Features Control/Booking Unit/button_AddBookingUnit' is clicked on

2019-06-10 09:32:45 - [MESSAGE][PASSED] - Object: 'Object Repository/ADMIN/Features Control/Booking Unit/button_AddBookingUnit' is clicked on

2019-06-10 09:32:45 - [TEST_STEP][PASSED] - waitForElementVisible: Object 'Object Repository/ADMIN/Features Control/Booking Unit/a_Add New Booking Unit/textlabel_AddNewBookingUnit' is visible

2019-06-10 09:32:45 - [MESSAGE][WARNING] - Timeout '0' is invalid. Using default page load timeout: '30'

2019-06-10 09:32:45 - [MESSAGE][PASSED] - Object 'Object Repository/ADMIN/Features Control/Booking Unit/a_Add New Booking Unit/textlabel_AddNewBookingUnit' is visible

2019-06-10 09:32:45 - [TEST_STEP][PASSED] - delay: Delayed 1 second(s)

2019-06-10 09:32:46 - [MESSAGE][PASSED] - Delayed 1 second(s)

2019-06-10 09:32:46 - [TEST_STEP][PASSED] - setText: Text 'Day 19' is set on object 'Object Repository/ADMIN/Features Control/Booking Unit/a_Add New Booking Unit/textfield_UnitName'

2019-06-10 09:32:46 - [MESSAGE][PASSED] - Text 'Day 19' is set on object 'Object Repository/ADMIN/Features Control/Booking Unit/a_Add New Booking Unit/textfield_UnitName'

2019-06-10 09:32:46 - [TEST_STEP][PASSED] - delay: Delayed 1 second(s)

2019-06-10 09:32:47 - [MESSAGE][PASSED] - Delayed 1 second(s)

2019-06-10 09:32:47 - [TEST_STEP][PASSED] - click: Object: 'Object Repository/ADMIN/Features Control/Booking Unit/a_Add New Booking Unit/checkbox_Hour' is clicked on

2019-06-10 09:32:47 - [MESSAGE][PASSED] - Object: 'Object Repository/ADMIN/Features Control/Booking Unit/a_Add New Booking Unit/checkbox_Hour' is clicked on

2019-06-10 09:32:47 - [TEST_STEP][PASSED] - click: Object: 'Object Repository/ADMIN/Features Control/Booking Unit/a_Add New Booking Unit/checkbox_Week' is clicked on

2019-06-10 09:32:47 - [MESSAGE][PASSED] - Object: 'Object Repository/ADMIN/Features Control/Booking Unit/a_Add New Booking Unit/checkbox_Week' is clicked on

2019-06-10 09:32:47 - [TEST_STEP][PASSED] - click: Object: 'Object Repository/ADMIN/Features Control/Booking Unit/a_Add New Booking Unit/checkbox_Custom' is clicked on

2019-06-10 09:32:47 - [MESSAGE][PASSED] - Object: 'Object Repository/ADMIN/Features Control/Booking Unit/a_Add New Booking Unit/checkbox_Custom' is clicked on

2019-06-10 09:32:47 - [TEST_STEP][PASSED] - click: Object: 'Object Repository/ADMIN/Features Control/Booking Unit/a_Add New Booking Unit/button_Save' is clicked on

2019-06-10 09:32:47 - [MESSAGE][PASSED] - Object: 'Object Repository/ADMIN/Features Control/Booking Unit/a_Add New Booking Unit/button_Save' is clicked on

2019-06-10 09:32:47 - [TEST_STEP][PASSED] - delay: Delayed 1 second(s)

2019-06-10 09:32:48 - [MESSAGE][PASSED] - Delayed 1 second(s)

2019-06-10 09:32:48 - [TEST_STEP][PASSED] - click: Object: 'Object Repository/ADMIN/Features Control/Booking Unit/topbutton_Save' is clicked on

2019-06-10 09:32:48 - [MESSAGE][PASSED] - Object: 'Object Repository/ADMIN/Features Control/Booking Unit/topbutton_Save' is clicked on

2019-06-10 09:32:48 - [TEST_STEP][PASSED] - waitForElementVisible: Object 'Object Repository/ADMIN/Features Control/Booking Unit/a_Save Popup/button_Save' is visible

2019-06-10 09:32:48 - [MESSAGE][WARNING] - Timeout '0' is invalid. Using default page load timeout: '30'

2019-06-10 09:32:48 - [MESSAGE][PASSED] - Object 'Object Repository/ADMIN/Features Control/Booking Unit/a_Save Popup/button_Save' is visible

2019-06-10 09:32:48 - [TEST_STEP][PASSED] - click: Object: 'Object Repository/ADMIN/Features Control/Booking Unit/a_Save Popup/button_Save' is clicked on

2019-06-10 09:32:48 - [MESSAGE][PASSED] - Object: 'Object Repository/ADMIN/Features Control/Booking Unit/a_Save Popup/button_Save' is clicked on

2019-06-10 09:32:48 - [TEST_STEP][PASSED] - waitForElementVisible: Object 'Object Repository/ADMIN/Features Control/Booking Unit/a_ToasterMessage/toaster_SaveSuccessfully' is visible

2019-06-10 09:32:48 - [MESSAGE][WARNING] - Timeout '0' is invalid. Using default page load timeout: '30'

2019-06-10 09:32:49 - [MESSAGE][PASSED] - Object 'Object Repository/ADMIN/Features Control/Booking Unit/a_ToasterMessage/toaster_SaveSuccessfully' is visible

2019-06-10 09:32:49 - [TEST_STEP][PASSED] - waitForElementNotPresent: Web element with id: 'Object Repository/ADMIN/Features Control/Booking Unit/a_ToasterMessage/toaster_SaveSuccessfully' located by 'By.xpath: //div[@class = 'toast toast-success' and (text() = 'Save successfully' or . = 'Save successfully')]' is not present after '30' second(s)

2019-06-10 09:32:49 - [MESSAGE][WARNING] - Timeout '0' is invalid. Using default page load timeout: '30'

2019-06-10 09:32:55 - [MESSAGE][PASSED] - Web element with id: 'Object Repository/ADMIN/Features Control/Booking Unit/a_ToasterMessage/toaster_SaveSuccessfully' located by 'By.xpath: //div[@class = 'toast toast-success' and (text() = 'Save successfully' or . = 'Save successfully')]' is not present after '30' second(s)]]></system-out>
         <system-err><![CDATA[]]></system-err>
      </testcase>
      <testcase name="Test Cases/ADMIN/Features Control/Booking Unit/Combination/Default/20Add_HourMonthCustom" classname="Test Cases/ADMIN/Features Control/Booking Unit/Combination/Default/20Add_HourMonthCustom" status="PASSED">
         <system-out><![CDATA[2019-06-10 09:32:55 - [TEST_CASE][PASSED] - Test Cases/ADMIN/Features Control/Booking Unit/Combination/Default/20Add_HourMonthCustom: Test Cases/ADMIN/Features Control/Booking Unit/Combination/Default/20Add_HourMonthCustom

2019-06-10 09:32:55 - [TEST_STEP][PASSED] - waitForElementVisible: Object 'Object Repository/ADMIN/Features Control/Advance Search/a_Features Control' is visible

2019-06-10 09:32:55 - [MESSAGE][WARNING] - Timeout '0' is invalid. Using default page load timeout: '30'

2019-06-10 09:32:55 - [MESSAGE][PASSED] - Object 'Object Repository/ADMIN/Features Control/Advance Search/a_Features Control' is visible

2019-06-10 09:32:55 - [TEST_STEP][PASSED] - click: Object: 'Object Repository/ADMIN/Features Control/Advance Search/a_Features Control' is clicked on

2019-06-10 09:32:55 - [MESSAGE][PASSED] - Object: 'Object Repository/ADMIN/Features Control/Advance Search/a_Features Control' is clicked on

2019-06-10 09:32:55 - [TEST_STEP][PASSED] - waitForElementVisible: Object 'Object Repository/ADMIN/Features Control/Booking Unit/button_Edit' is visible

2019-06-10 09:32:55 - [MESSAGE][WARNING] - Timeout '0' is invalid. Using default page load timeout: '30'

2019-06-10 09:32:55 - [MESSAGE][PASSED] - Object 'Object Repository/ADMIN/Features Control/Booking Unit/button_Edit' is visible

2019-06-10 09:32:55 - [TEST_STEP][PASSED] - click: Object: 'Object Repository/ADMIN/Features Control/Booking Unit/button_Edit' is clicked on

2019-06-10 09:32:56 - [MESSAGE][PASSED] - Object: 'Object Repository/ADMIN/Features Control/Booking Unit/button_Edit' is clicked on

2019-06-10 09:32:56 - [TEST_STEP][PASSED] - waitForElementVisible: Object 'Object Repository/ADMIN/Features Control/Booking Unit/icon1st_NewBookingUnit' is visible

2019-06-10 09:32:56 - [MESSAGE][WARNING] - Timeout '0' is invalid. Using default page load timeout: '30'

2019-06-10 09:32:56 - [MESSAGE][PASSED] - Object 'Object Repository/ADMIN/Features Control/Booking Unit/icon1st_NewBookingUnit' is visible

2019-06-10 09:32:56 - [TEST_STEP][PASSED] - verifyElementVisible: Object 'Object Repository/ADMIN/Features Control/Booking Unit/textlabel_NewBookingUnit' is visible

2019-06-10 09:32:56 - [MESSAGE][PASSED] - Object 'Object Repository/ADMIN/Features Control/Booking Unit/textlabel_NewBookingUnit' is visible

2019-06-10 09:32:56 - [TEST_STEP][PASSED] - delay: Delayed 1 second(s)

2019-06-10 09:32:57 - [MESSAGE][PASSED] - Delayed 1 second(s)

2019-06-10 09:32:57 - [TEST_STEP][PASSED] - click: Object: 'Object Repository/ADMIN/Features Control/Booking Unit/button_AddBookingUnit' is clicked on

2019-06-10 09:32:57 - [MESSAGE][PASSED] - Object: 'Object Repository/ADMIN/Features Control/Booking Unit/button_AddBookingUnit' is clicked on

2019-06-10 09:32:57 - [TEST_STEP][PASSED] - waitForElementVisible: Object 'Object Repository/ADMIN/Features Control/Booking Unit/a_Add New Booking Unit/textlabel_AddNewBookingUnit' is visible

2019-06-10 09:32:57 - [MESSAGE][WARNING] - Timeout '0' is invalid. Using default page load timeout: '30'

2019-06-10 09:32:57 - [MESSAGE][PASSED] - Object 'Object Repository/ADMIN/Features Control/Booking Unit/a_Add New Booking Unit/textlabel_AddNewBookingUnit' is visible

2019-06-10 09:32:57 - [TEST_STEP][PASSED] - delay: Delayed 1 second(s)

2019-06-10 09:32:58 - [MESSAGE][PASSED] - Delayed 1 second(s)

2019-06-10 09:32:58 - [TEST_STEP][PASSED] - setText: Text 'Day 20' is set on object 'Object Repository/ADMIN/Features Control/Booking Unit/a_Add New Booking Unit/textfield_UnitName'

2019-06-10 09:32:58 - [MESSAGE][PASSED] - Text 'Day 20' is set on object 'Object Repository/ADMIN/Features Control/Booking Unit/a_Add New Booking Unit/textfield_UnitName'

2019-06-10 09:32:58 - [TEST_STEP][PASSED] - delay: Delayed 1 second(s)

2019-06-10 09:32:59 - [MESSAGE][PASSED] - Delayed 1 second(s)

2019-06-10 09:32:59 - [TEST_STEP][PASSED] - click: Object: 'Object Repository/ADMIN/Features Control/Booking Unit/a_Add New Booking Unit/checkbox_Hour' is clicked on

2019-06-10 09:32:59 - [MESSAGE][PASSED] - Object: 'Object Repository/ADMIN/Features Control/Booking Unit/a_Add New Booking Unit/checkbox_Hour' is clicked on

2019-06-10 09:32:59 - [TEST_STEP][PASSED] - click: Object: 'Object Repository/ADMIN/Features Control/Booking Unit/a_Add New Booking Unit/checkbox_Week' is clicked on

2019-06-10 09:32:59 - [MESSAGE][PASSED] - Object: 'Object Repository/ADMIN/Features Control/Booking Unit/a_Add New Booking Unit/checkbox_Week' is clicked on

2019-06-10 09:32:59 - [TEST_STEP][PASSED] - click: Object: 'Object Repository/ADMIN/Features Control/Booking Unit/a_Add New Booking Unit/checkbox_Custom' is clicked on

2019-06-10 09:33:00 - [MESSAGE][PASSED] - Object: 'Object Repository/ADMIN/Features Control/Booking Unit/a_Add New Booking Unit/checkbox_Custom' is clicked on

2019-06-10 09:33:00 - [TEST_STEP][PASSED] - click: Object: 'Object Repository/ADMIN/Features Control/Booking Unit/a_Add New Booking Unit/button_Save' is clicked on

2019-06-10 09:33:00 - [MESSAGE][PASSED] - Object: 'Object Repository/ADMIN/Features Control/Booking Unit/a_Add New Booking Unit/button_Save' is clicked on

2019-06-10 09:33:00 - [TEST_STEP][PASSED] - delay: Delayed 1 second(s)

2019-06-10 09:33:01 - [MESSAGE][PASSED] - Delayed 1 second(s)

2019-06-10 09:33:01 - [TEST_STEP][PASSED] - click: Object: 'Object Repository/ADMIN/Features Control/Booking Unit/topbutton_Save' is clicked on

2019-06-10 09:33:01 - [MESSAGE][PASSED] - Object: 'Object Repository/ADMIN/Features Control/Booking Unit/topbutton_Save' is clicked on

2019-06-10 09:33:01 - [TEST_STEP][PASSED] - waitForElementVisible: Object 'Object Repository/ADMIN/Features Control/Booking Unit/a_Save Popup/button_Save' is visible

2019-06-10 09:33:01 - [MESSAGE][WARNING] - Timeout '0' is invalid. Using default page load timeout: '30'

2019-06-10 09:33:01 - [MESSAGE][PASSED] - Object 'Object Repository/ADMIN/Features Control/Booking Unit/a_Save Popup/button_Save' is visible

2019-06-10 09:33:01 - [TEST_STEP][PASSED] - click: Object: 'Object Repository/ADMIN/Features Control/Booking Unit/a_Save Popup/button_Save' is clicked on

2019-06-10 09:33:01 - [MESSAGE][PASSED] - Object: 'Object Repository/ADMIN/Features Control/Booking Unit/a_Save Popup/button_Save' is clicked on

2019-06-10 09:33:01 - [TEST_STEP][PASSED] - waitForElementVisible: Object 'Object Repository/ADMIN/Features Control/Booking Unit/a_ToasterMessage/toaster_SaveSuccessfully' is visible

2019-06-10 09:33:01 - [MESSAGE][WARNING] - Timeout '0' is invalid. Using default page load timeout: '30'

2019-06-10 09:33:01 - [MESSAGE][PASSED] - Object 'Object Repository/ADMIN/Features Control/Booking Unit/a_ToasterMessage/toaster_SaveSuccessfully' is visible

2019-06-10 09:33:01 - [TEST_STEP][PASSED] - waitForElementNotPresent: Web element with id: 'Object Repository/ADMIN/Features Control/Booking Unit/a_ToasterMessage/toaster_SaveSuccessfully' located by 'By.xpath: //div[@class = 'toast toast-success' and (text() = 'Save successfully' or . = 'Save successfully')]' is not present after '30' second(s)

2019-06-10 09:33:01 - [MESSAGE][WARNING] - Timeout '0' is invalid. Using default page load timeout: '30'

2019-06-10 09:33:07 - [MESSAGE][PASSED] - Web element with id: 'Object Repository/ADMIN/Features Control/Booking Unit/a_ToasterMessage/toaster_SaveSuccessfully' located by 'By.xpath: //div[@class = 'toast toast-success' and (text() = 'Save successfully' or . = 'Save successfully')]' is not present after '30' second(s)]]></system-out>
         <system-err><![CDATA[]]></system-err>
      </testcase>
      <testcase name="Test Cases/ADMIN/Features Control/Booking Unit/Combination/Default/21Add_DayWeekMonth" classname="Test Cases/ADMIN/Features Control/Booking Unit/Combination/Default/21Add_DayWeekMonth" status="PASSED">
         <system-out><![CDATA[2019-06-10 09:33:07 - [TEST_CASE][PASSED] - Test Cases/ADMIN/Features Control/Booking Unit/Combination/Default/21Add_DayWeekMonth: Test Cases/ADMIN/Features Control/Booking Unit/Combination/Default/21Add_DayWeekMonth

2019-06-10 09:33:07 - [TEST_STEP][PASSED] - waitForElementVisible: Object 'Object Repository/ADMIN/Features Control/Advance Search/a_Features Control' is visible

2019-06-10 09:33:07 - [MESSAGE][WARNING] - Timeout '0' is invalid. Using default page load timeout: '30'

2019-06-10 09:33:07 - [MESSAGE][PASSED] - Object 'Object Repository/ADMIN/Features Control/Advance Search/a_Features Control' is visible

2019-06-10 09:33:07 - [TEST_STEP][PASSED] - click: Object: 'Object Repository/ADMIN/Features Control/Advance Search/a_Features Control' is clicked on

2019-06-10 09:33:08 - [MESSAGE][PASSED] - Object: 'Object Repository/ADMIN/Features Control/Advance Search/a_Features Control' is clicked on

2019-06-10 09:33:08 - [TEST_STEP][PASSED] - waitForElementVisible: Object 'Object Repository/ADMIN/Features Control/Booking Unit/button_Edit' is visible

2019-06-10 09:33:08 - [MESSAGE][WARNING] - Timeout '0' is invalid. Using default page load timeout: '30'

2019-06-10 09:33:08 - [MESSAGE][PASSED] - Object 'Object Repository/ADMIN/Features Control/Booking Unit/button_Edit' is visible

2019-06-10 09:33:08 - [TEST_STEP][PASSED] - click: Object: 'Object Repository/ADMIN/Features Control/Booking Unit/button_Edit' is clicked on

2019-06-10 09:33:08 - [MESSAGE][PASSED] - Object: 'Object Repository/ADMIN/Features Control/Booking Unit/button_Edit' is clicked on

2019-06-10 09:33:08 - [TEST_STEP][PASSED] - waitForElementVisible: Object 'Object Repository/ADMIN/Features Control/Booking Unit/icon1st_NewBookingUnit' is visible

2019-06-10 09:33:08 - [MESSAGE][WARNING] - Timeout '0' is invalid. Using default page load timeout: '30'

2019-06-10 09:33:08 - [MESSAGE][PASSED] - Object 'Object Repository/ADMIN/Features Control/Booking Unit/icon1st_NewBookingUnit' is visible

2019-06-10 09:33:08 - [TEST_STEP][PASSED] - verifyElementVisible: Object 'Object Repository/ADMIN/Features Control/Booking Unit/textlabel_NewBookingUnit' is visible

2019-06-10 09:33:09 - [MESSAGE][PASSED] - Object 'Object Repository/ADMIN/Features Control/Booking Unit/textlabel_NewBookingUnit' is visible

2019-06-10 09:33:09 - [TEST_STEP][PASSED] - delay: Delayed 1 second(s)

2019-06-10 09:33:10 - [MESSAGE][PASSED] - Delayed 1 second(s)

2019-06-10 09:33:10 - [TEST_STEP][PASSED] - click: Object: 'Object Repository/ADMIN/Features Control/Booking Unit/button_AddBookingUnit' is clicked on

2019-06-10 09:33:10 - [MESSAGE][PASSED] - Object: 'Object Repository/ADMIN/Features Control/Booking Unit/button_AddBookingUnit' is clicked on

2019-06-10 09:33:10 - [TEST_STEP][PASSED] - waitForElementVisible: Object 'Object Repository/ADMIN/Features Control/Booking Unit/a_Add New Booking Unit/textlabel_AddNewBookingUnit' is visible

2019-06-10 09:33:10 - [MESSAGE][WARNING] - Timeout '0' is invalid. Using default page load timeout: '30'

2019-06-10 09:33:10 - [MESSAGE][PASSED] - Object 'Object Repository/ADMIN/Features Control/Booking Unit/a_Add New Booking Unit/textlabel_AddNewBookingUnit' is visible

2019-06-10 09:33:10 - [TEST_STEP][PASSED] - delay: Delayed 1 second(s)

2019-06-10 09:33:11 - [MESSAGE][PASSED] - Delayed 1 second(s)

2019-06-10 09:33:11 - [TEST_STEP][PASSED] - setText: Text 'Day 21' is set on object 'Object Repository/ADMIN/Features Control/Booking Unit/a_Add New Booking Unit/textfield_UnitName'

2019-06-10 09:33:11 - [MESSAGE][PASSED] - Text 'Day 21' is set on object 'Object Repository/ADMIN/Features Control/Booking Unit/a_Add New Booking Unit/textfield_UnitName'

2019-06-10 09:33:11 - [TEST_STEP][PASSED] - delay: Delayed 1 second(s)

2019-06-10 09:33:12 - [MESSAGE][PASSED] - Delayed 1 second(s)

2019-06-10 09:33:12 - [TEST_STEP][PASSED] - click: Object: 'Object Repository/ADMIN/Features Control/Booking Unit/a_Add New Booking Unit/checkbox_Day' is clicked on

2019-06-10 09:33:12 - [MESSAGE][PASSED] - Object: 'Object Repository/ADMIN/Features Control/Booking Unit/a_Add New Booking Unit/checkbox_Day' is clicked on

2019-06-10 09:33:12 - [TEST_STEP][PASSED] - click: Object: 'Object Repository/ADMIN/Features Control/Booking Unit/a_Add New Booking Unit/checkbox_Week' is clicked on

2019-06-10 09:33:12 - [MESSAGE][PASSED] - Object: 'Object Repository/ADMIN/Features Control/Booking Unit/a_Add New Booking Unit/checkbox_Week' is clicked on

2019-06-10 09:33:12 - [TEST_STEP][PASSED] - click: Object: 'Object Repository/ADMIN/Features Control/Booking Unit/a_Add New Booking Unit/checkbox_Month' is clicked on

2019-06-10 09:33:12 - [MESSAGE][PASSED] - Object: 'Object Repository/ADMIN/Features Control/Booking Unit/a_Add New Booking Unit/checkbox_Month' is clicked on

2019-06-10 09:33:12 - [TEST_STEP][PASSED] - click: Object: 'Object Repository/ADMIN/Features Control/Booking Unit/a_Add New Booking Unit/button_Save' is clicked on

2019-06-10 09:33:12 - [MESSAGE][PASSED] - Object: 'Object Repository/ADMIN/Features Control/Booking Unit/a_Add New Booking Unit/button_Save' is clicked on

2019-06-10 09:33:12 - [TEST_STEP][PASSED] - delay: Delayed 1 second(s)

2019-06-10 09:33:13 - [MESSAGE][PASSED] - Delayed 1 second(s)

2019-06-10 09:33:13 - [TEST_STEP][PASSED] - click: Object: 'Object Repository/ADMIN/Features Control/Booking Unit/topbutton_Save' is clicked on

2019-06-10 09:33:13 - [MESSAGE][PASSED] - Object: 'Object Repository/ADMIN/Features Control/Booking Unit/topbutton_Save' is clicked on

2019-06-10 09:33:13 - [TEST_STEP][PASSED] - waitForElementVisible: Object 'Object Repository/ADMIN/Features Control/Booking Unit/a_Save Popup/button_Save' is visible

2019-06-10 09:33:13 - [MESSAGE][WARNING] - Timeout '0' is invalid. Using default page load timeout: '30'

2019-06-10 09:33:13 - [MESSAGE][PASSED] - Object 'Object Repository/ADMIN/Features Control/Booking Unit/a_Save Popup/button_Save' is visible

2019-06-10 09:33:13 - [TEST_STEP][PASSED] - click: Object: 'Object Repository/ADMIN/Features Control/Booking Unit/a_Save Popup/button_Save' is clicked on

2019-06-10 09:33:13 - [MESSAGE][PASSED] - Object: 'Object Repository/ADMIN/Features Control/Booking Unit/a_Save Popup/button_Save' is clicked on

2019-06-10 09:33:13 - [TEST_STEP][PASSED] - waitForElementVisible: Object 'Object Repository/ADMIN/Features Control/Booking Unit/a_ToasterMessage/toaster_SaveSuccessfully' is visible

2019-06-10 09:33:13 - [MESSAGE][WARNING] - Timeout '0' is invalid. Using default page load timeout: '30'

2019-06-10 09:33:14 - [MESSAGE][PASSED] - Object 'Object Repository/ADMIN/Features Control/Booking Unit/a_ToasterMessage/toaster_SaveSuccessfully' is visible

2019-06-10 09:33:14 - [TEST_STEP][PASSED] - waitForElementNotPresent: Web element with id: 'Object Repository/ADMIN/Features Control/Booking Unit/a_ToasterMessage/toaster_SaveSuccessfully' located by 'By.xpath: //div[@class = 'toast toast-success' and (text() = 'Save successfully' or . = 'Save successfully')]' is not present after '30' second(s)

2019-06-10 09:33:14 - [MESSAGE][WARNING] - Timeout '0' is invalid. Using default page load timeout: '30'

2019-06-10 09:33:20 - [MESSAGE][PASSED] - Web element with id: 'Object Repository/ADMIN/Features Control/Booking Unit/a_ToasterMessage/toaster_SaveSuccessfully' located by 'By.xpath: //div[@class = 'toast toast-success' and (text() = 'Save successfully' or . = 'Save successfully')]' is not present after '30' second(s)]]></system-out>
         <system-err><![CDATA[]]></system-err>
      </testcase>
      <testcase name="Test Cases/ADMIN/Features Control/Booking Unit/Combination/Default/22Add_DayWeekCustom" classname="Test Cases/ADMIN/Features Control/Booking Unit/Combination/Default/22Add_DayWeekCustom" status="PASSED">
         <system-out><![CDATA[2019-06-10 09:33:20 - [TEST_CASE][PASSED] - Test Cases/ADMIN/Features Control/Booking Unit/Combination/Default/22Add_DayWeekCustom: Test Cases/ADMIN/Features Control/Booking Unit/Combination/Default/22Add_DayWeekCustom

2019-06-10 09:33:20 - [TEST_STEP][PASSED] - waitForElementVisible: Object 'Object Repository/ADMIN/Features Control/Advance Search/a_Features Control' is visible

2019-06-10 09:33:20 - [MESSAGE][WARNING] - Timeout '0' is invalid. Using default page load timeout: '30'

2019-06-10 09:33:20 - [MESSAGE][PASSED] - Object 'Object Repository/ADMIN/Features Control/Advance Search/a_Features Control' is visible

2019-06-10 09:33:20 - [TEST_STEP][PASSED] - click: Object: 'Object Repository/ADMIN/Features Control/Advance Search/a_Features Control' is clicked on

2019-06-10 09:33:20 - [MESSAGE][PASSED] - Object: 'Object Repository/ADMIN/Features Control/Advance Search/a_Features Control' is clicked on

2019-06-10 09:33:20 - [TEST_STEP][PASSED] - waitForElementVisible: Object 'Object Repository/ADMIN/Features Control/Booking Unit/button_Edit' is visible

2019-06-10 09:33:20 - [MESSAGE][WARNING] - Timeout '0' is invalid. Using default page load timeout: '30'

2019-06-10 09:33:20 - [MESSAGE][PASSED] - Object 'Object Repository/ADMIN/Features Control/Booking Unit/button_Edit' is visible

2019-06-10 09:33:20 - [TEST_STEP][PASSED] - click: Object: 'Object Repository/ADMIN/Features Control/Booking Unit/button_Edit' is clicked on

2019-06-10 09:33:21 - [MESSAGE][PASSED] - Object: 'Object Repository/ADMIN/Features Control/Booking Unit/button_Edit' is clicked on

2019-06-10 09:33:21 - [TEST_STEP][PASSED] - waitForElementVisible: Object 'Object Repository/ADMIN/Features Control/Booking Unit/icon1st_NewBookingUnit' is visible

2019-06-10 09:33:21 - [MESSAGE][WARNING] - Timeout '0' is invalid. Using default page load timeout: '30'

2019-06-10 09:33:21 - [MESSAGE][PASSED] - Object 'Object Repository/ADMIN/Features Control/Booking Unit/icon1st_NewBookingUnit' is visible

2019-06-10 09:33:21 - [TEST_STEP][PASSED] - verifyElementVisible: Object 'Object Repository/ADMIN/Features Control/Booking Unit/textlabel_NewBookingUnit' is visible

2019-06-10 09:33:21 - [MESSAGE][PASSED] - Object 'Object Repository/ADMIN/Features Control/Booking Unit/textlabel_NewBookingUnit' is visible

2019-06-10 09:33:21 - [TEST_STEP][PASSED] - delay: Delayed 1 second(s)

2019-06-10 09:33:22 - [MESSAGE][PASSED] - Delayed 1 second(s)

2019-06-10 09:33:22 - [TEST_STEP][PASSED] - click: Object: 'Object Repository/ADMIN/Features Control/Booking Unit/button_AddBookingUnit' is clicked on

2019-06-10 09:33:22 - [MESSAGE][PASSED] - Object: 'Object Repository/ADMIN/Features Control/Booking Unit/button_AddBookingUnit' is clicked on

2019-06-10 09:33:22 - [TEST_STEP][PASSED] - waitForElementVisible: Object 'Object Repository/ADMIN/Features Control/Booking Unit/a_Add New Booking Unit/textlabel_AddNewBookingUnit' is visible

2019-06-10 09:33:22 - [MESSAGE][WARNING] - Timeout '0' is invalid. Using default page load timeout: '30'

2019-06-10 09:33:22 - [MESSAGE][PASSED] - Object 'Object Repository/ADMIN/Features Control/Booking Unit/a_Add New Booking Unit/textlabel_AddNewBookingUnit' is visible

2019-06-10 09:33:22 - [TEST_STEP][PASSED] - delay: Delayed 1 second(s)

2019-06-10 09:33:23 - [MESSAGE][PASSED] - Delayed 1 second(s)

2019-06-10 09:33:23 - [TEST_STEP][PASSED] - setText: Text 'Day 22' is set on object 'Object Repository/ADMIN/Features Control/Booking Unit/a_Add New Booking Unit/textfield_UnitName'

2019-06-10 09:33:23 - [MESSAGE][PASSED] - Text 'Day 22' is set on object 'Object Repository/ADMIN/Features Control/Booking Unit/a_Add New Booking Unit/textfield_UnitName'

2019-06-10 09:33:23 - [TEST_STEP][PASSED] - delay: Delayed 1 second(s)

2019-06-10 09:33:24 - [MESSAGE][PASSED] - Delayed 1 second(s)

2019-06-10 09:33:24 - [TEST_STEP][PASSED] - click: Object: 'Object Repository/ADMIN/Features Control/Booking Unit/a_Add New Booking Unit/checkbox_Day' is clicked on

2019-06-10 09:33:24 - [MESSAGE][PASSED] - Object: 'Object Repository/ADMIN/Features Control/Booking Unit/a_Add New Booking Unit/checkbox_Day' is clicked on

2019-06-10 09:33:24 - [TEST_STEP][PASSED] - click: Object: 'Object Repository/ADMIN/Features Control/Booking Unit/a_Add New Booking Unit/checkbox_Week' is clicked on

2019-06-10 09:33:25 - [MESSAGE][PASSED] - Object: 'Object Repository/ADMIN/Features Control/Booking Unit/a_Add New Booking Unit/checkbox_Week' is clicked on

2019-06-10 09:33:25 - [TEST_STEP][PASSED] - click: Object: 'Object Repository/ADMIN/Features Control/Booking Unit/a_Add New Booking Unit/checkbox_Custom' is clicked on

2019-06-10 09:33:25 - [MESSAGE][PASSED] - Object: 'Object Repository/ADMIN/Features Control/Booking Unit/a_Add New Booking Unit/checkbox_Custom' is clicked on

2019-06-10 09:33:25 - [TEST_STEP][PASSED] - click: Object: 'Object Repository/ADMIN/Features Control/Booking Unit/a_Add New Booking Unit/button_Save' is clicked on

2019-06-10 09:33:25 - [MESSAGE][PASSED] - Object: 'Object Repository/ADMIN/Features Control/Booking Unit/a_Add New Booking Unit/button_Save' is clicked on

2019-06-10 09:33:25 - [TEST_STEP][PASSED] - delay: Delayed 1 second(s)

2019-06-10 09:33:26 - [MESSAGE][PASSED] - Delayed 1 second(s)

2019-06-10 09:33:26 - [TEST_STEP][PASSED] - click: Object: 'Object Repository/ADMIN/Features Control/Booking Unit/topbutton_Save' is clicked on

2019-06-10 09:33:26 - [MESSAGE][PASSED] - Object: 'Object Repository/ADMIN/Features Control/Booking Unit/topbutton_Save' is clicked on

2019-06-10 09:33:26 - [TEST_STEP][PASSED] - waitForElementVisible: Object 'Object Repository/ADMIN/Features Control/Booking Unit/a_Save Popup/button_Save' is visible

2019-06-10 09:33:26 - [MESSAGE][WARNING] - Timeout '0' is invalid. Using default page load timeout: '30'

2019-06-10 09:33:26 - [MESSAGE][PASSED] - Object 'Object Repository/ADMIN/Features Control/Booking Unit/a_Save Popup/button_Save' is visible

2019-06-10 09:33:26 - [TEST_STEP][PASSED] - click: Object: 'Object Repository/ADMIN/Features Control/Booking Unit/a_Save Popup/button_Save' is clicked on

2019-06-10 09:33:26 - [MESSAGE][PASSED] - Object: 'Object Repository/ADMIN/Features Control/Booking Unit/a_Save Popup/button_Save' is clicked on

2019-06-10 09:33:26 - [TEST_STEP][PASSED] - waitForElementVisible: Object 'Object Repository/ADMIN/Features Control/Booking Unit/a_ToasterMessage/toaster_SaveSuccessfully' is visible

2019-06-10 09:33:26 - [MESSAGE][WARNING] - Timeout '0' is invalid. Using default page load timeout: '30'

2019-06-10 09:33:26 - [MESSAGE][PASSED] - Object 'Object Repository/ADMIN/Features Control/Booking Unit/a_ToasterMessage/toaster_SaveSuccessfully' is visible

2019-06-10 09:33:26 - [TEST_STEP][PASSED] - waitForElementNotPresent: Web element with id: 'Object Repository/ADMIN/Features Control/Booking Unit/a_ToasterMessage/toaster_SaveSuccessfully' located by 'By.xpath: //div[@class = 'toast toast-success' and (text() = 'Save successfully' or . = 'Save successfully')]' is not present after '30' second(s)

2019-06-10 09:33:26 - [MESSAGE][WARNING] - Timeout '0' is invalid. Using default page load timeout: '30'

2019-06-10 09:33:32 - [MESSAGE][PASSED] - Web element with id: 'Object Repository/ADMIN/Features Control/Booking Unit/a_ToasterMessage/toaster_SaveSuccessfully' located by 'By.xpath: //div[@class = 'toast toast-success' and (text() = 'Save successfully' or . = 'Save successfully')]' is not present after '30' second(s)]]></system-out>
         <system-err><![CDATA[]]></system-err>
      </testcase>
      <testcase name="Test Cases/ADMIN/Features Control/Booking Unit/Combination/Default/23Add_DayMonthCustom" classname="Test Cases/ADMIN/Features Control/Booking Unit/Combination/Default/23Add_DayMonthCustom" status="PASSED">
         <system-out><![CDATA[2019-06-10 09:33:32 - [TEST_CASE][PASSED] - Test Cases/ADMIN/Features Control/Booking Unit/Combination/Default/23Add_DayMonthCustom: Test Cases/ADMIN/Features Control/Booking Unit/Combination/Default/23Add_DayMonthCustom

2019-06-10 09:33:32 - [TEST_STEP][PASSED] - waitForElementVisible: Object 'Object Repository/ADMIN/Features Control/Advance Search/a_Features Control' is visible

2019-06-10 09:33:32 - [MESSAGE][WARNING] - Timeout '0' is invalid. Using default page load timeout: '30'

2019-06-10 09:33:32 - [MESSAGE][PASSED] - Object 'Object Repository/ADMIN/Features Control/Advance Search/a_Features Control' is visible

2019-06-10 09:33:32 - [TEST_STEP][PASSED] - click: Object: 'Object Repository/ADMIN/Features Control/Advance Search/a_Features Control' is clicked on

2019-06-10 09:33:33 - [MESSAGE][PASSED] - Object: 'Object Repository/ADMIN/Features Control/Advance Search/a_Features Control' is clicked on

2019-06-10 09:33:33 - [TEST_STEP][PASSED] - waitForElementVisible: Object 'Object Repository/ADMIN/Features Control/Booking Unit/button_Edit' is visible

2019-06-10 09:33:33 - [MESSAGE][WARNING] - Timeout '0' is invalid. Using default page load timeout: '30'

2019-06-10 09:33:33 - [MESSAGE][PASSED] - Object 'Object Repository/ADMIN/Features Control/Booking Unit/button_Edit' is visible

2019-06-10 09:33:33 - [TEST_STEP][PASSED] - click: Object: 'Object Repository/ADMIN/Features Control/Booking Unit/button_Edit' is clicked on

2019-06-10 09:33:33 - [MESSAGE][PASSED] - Object: 'Object Repository/ADMIN/Features Control/Booking Unit/button_Edit' is clicked on

2019-06-10 09:33:33 - [TEST_STEP][PASSED] - waitForElementVisible: Object 'Object Repository/ADMIN/Features Control/Booking Unit/icon1st_NewBookingUnit' is visible

2019-06-10 09:33:33 - [MESSAGE][WARNING] - Timeout '0' is invalid. Using default page load timeout: '30'

2019-06-10 09:33:33 - [MESSAGE][PASSED] - Object 'Object Repository/ADMIN/Features Control/Booking Unit/icon1st_NewBookingUnit' is visible

2019-06-10 09:33:33 - [TEST_STEP][PASSED] - verifyElementVisible: Object 'Object Repository/ADMIN/Features Control/Booking Unit/textlabel_NewBookingUnit' is visible

2019-06-10 09:33:34 - [MESSAGE][PASSED] - Object 'Object Repository/ADMIN/Features Control/Booking Unit/textlabel_NewBookingUnit' is visible

2019-06-10 09:33:34 - [TEST_STEP][PASSED] - delay: Delayed 1 second(s)

2019-06-10 09:33:35 - [MESSAGE][PASSED] - Delayed 1 second(s)

2019-06-10 09:33:35 - [TEST_STEP][PASSED] - click: Object: 'Object Repository/ADMIN/Features Control/Booking Unit/button_AddBookingUnit' is clicked on

2019-06-10 09:33:35 - [MESSAGE][PASSED] - Object: 'Object Repository/ADMIN/Features Control/Booking Unit/button_AddBookingUnit' is clicked on

2019-06-10 09:33:35 - [TEST_STEP][PASSED] - waitForElementVisible: Object 'Object Repository/ADMIN/Features Control/Booking Unit/a_Add New Booking Unit/textlabel_AddNewBookingUnit' is visible

2019-06-10 09:33:35 - [MESSAGE][WARNING] - Timeout '0' is invalid. Using default page load timeout: '30'

2019-06-10 09:33:35 - [MESSAGE][PASSED] - Object 'Object Repository/ADMIN/Features Control/Booking Unit/a_Add New Booking Unit/textlabel_AddNewBookingUnit' is visible

2019-06-10 09:33:35 - [TEST_STEP][PASSED] - delay: Delayed 1 second(s)

2019-06-10 09:33:36 - [MESSAGE][PASSED] - Delayed 1 second(s)

2019-06-10 09:33:36 - [TEST_STEP][PASSED] - setText: Text 'Day 23' is set on object 'Object Repository/ADMIN/Features Control/Booking Unit/a_Add New Booking Unit/textfield_UnitName'

2019-06-10 09:33:36 - [MESSAGE][PASSED] - Text 'Day 23' is set on object 'Object Repository/ADMIN/Features Control/Booking Unit/a_Add New Booking Unit/textfield_UnitName'

2019-06-10 09:33:36 - [TEST_STEP][PASSED] - delay: Delayed 1 second(s)

2019-06-10 09:33:37 - [MESSAGE][PASSED] - Delayed 1 second(s)

2019-06-10 09:33:37 - [TEST_STEP][PASSED] - click: Object: 'Object Repository/ADMIN/Features Control/Booking Unit/a_Add New Booking Unit/checkbox_Day' is clicked on

2019-06-10 09:33:37 - [MESSAGE][PASSED] - Object: 'Object Repository/ADMIN/Features Control/Booking Unit/a_Add New Booking Unit/checkbox_Day' is clicked on

2019-06-10 09:33:37 - [TEST_STEP][PASSED] - click: Object: 'Object Repository/ADMIN/Features Control/Booking Unit/a_Add New Booking Unit/checkbox_Month' is clicked on

2019-06-10 09:33:37 - [MESSAGE][PASSED] - Object: 'Object Repository/ADMIN/Features Control/Booking Unit/a_Add New Booking Unit/checkbox_Month' is clicked on

2019-06-10 09:33:37 - [TEST_STEP][PASSED] - click: Object: 'Object Repository/ADMIN/Features Control/Booking Unit/a_Add New Booking Unit/checkbox_Custom' is clicked on

2019-06-10 09:33:37 - [MESSAGE][PASSED] - Object: 'Object Repository/ADMIN/Features Control/Booking Unit/a_Add New Booking Unit/checkbox_Custom' is clicked on

2019-06-10 09:33:37 - [TEST_STEP][PASSED] - click: Object: 'Object Repository/ADMIN/Features Control/Booking Unit/a_Add New Booking Unit/button_Save' is clicked on

2019-06-10 09:33:37 - [MESSAGE][PASSED] - Object: 'Object Repository/ADMIN/Features Control/Booking Unit/a_Add New Booking Unit/button_Save' is clicked on

2019-06-10 09:33:37 - [TEST_STEP][PASSED] - delay: Delayed 1 second(s)

2019-06-10 09:33:38 - [MESSAGE][PASSED] - Delayed 1 second(s)

2019-06-10 09:33:38 - [TEST_STEP][PASSED] - click: Object: 'Object Repository/ADMIN/Features Control/Booking Unit/topbutton_Save' is clicked on

2019-06-10 09:33:38 - [MESSAGE][PASSED] - Object: 'Object Repository/ADMIN/Features Control/Booking Unit/topbutton_Save' is clicked on

2019-06-10 09:33:38 - [TEST_STEP][PASSED] - waitForElementVisible: Object 'Object Repository/ADMIN/Features Control/Booking Unit/a_Save Popup/button_Save' is visible

2019-06-10 09:33:38 - [MESSAGE][WARNING] - Timeout '0' is invalid. Using default page load timeout: '30'

2019-06-10 09:33:38 - [MESSAGE][PASSED] - Object 'Object Repository/ADMIN/Features Control/Booking Unit/a_Save Popup/button_Save' is visible

2019-06-10 09:33:38 - [TEST_STEP][PASSED] - click: Object: 'Object Repository/ADMIN/Features Control/Booking Unit/a_Save Popup/button_Save' is clicked on

2019-06-10 09:33:38 - [MESSAGE][PASSED] - Object: 'Object Repository/ADMIN/Features Control/Booking Unit/a_Save Popup/button_Save' is clicked on

2019-06-10 09:33:38 - [TEST_STEP][PASSED] - waitForElementVisible: Object 'Object Repository/ADMIN/Features Control/Booking Unit/a_ToasterMessage/toaster_SaveSuccessfully' is visible

2019-06-10 09:33:38 - [MESSAGE][WARNING] - Timeout '0' is invalid. Using default page load timeout: '30'

2019-06-10 09:33:39 - [MESSAGE][PASSED] - Object 'Object Repository/ADMIN/Features Control/Booking Unit/a_ToasterMessage/toaster_SaveSuccessfully' is visible

2019-06-10 09:33:39 - [TEST_STEP][PASSED] - waitForElementNotPresent: Web element with id: 'Object Repository/ADMIN/Features Control/Booking Unit/a_ToasterMessage/toaster_SaveSuccessfully' located by 'By.xpath: //div[@class = 'toast toast-success' and (text() = 'Save successfully' or . = 'Save successfully')]' is not present after '30' second(s)

2019-06-10 09:33:39 - [MESSAGE][WARNING] - Timeout '0' is invalid. Using default page load timeout: '30'

2019-06-10 09:33:45 - [MESSAGE][PASSED] - Web element with id: 'Object Repository/ADMIN/Features Control/Booking Unit/a_ToasterMessage/toaster_SaveSuccessfully' located by 'By.xpath: //div[@class = 'toast toast-success' and (text() = 'Save successfully' or . = 'Save successfully')]' is not present after '30' second(s)]]></system-out>
         <system-err><![CDATA[]]></system-err>
      </testcase>
      <testcase name="Test Cases/ADMIN/Features Control/Booking Unit/Combination/Default/24Add_WeekMonthHour" classname="Test Cases/ADMIN/Features Control/Booking Unit/Combination/Default/24Add_WeekMonthHour" status="PASSED">
         <system-out><![CDATA[2019-06-10 09:33:45 - [TEST_CASE][PASSED] - Test Cases/ADMIN/Features Control/Booking Unit/Combination/Default/24Add_WeekMonthHour: Test Cases/ADMIN/Features Control/Booking Unit/Combination/Default/24Add_WeekMonthHour

2019-06-10 09:33:45 - [TEST_STEP][PASSED] - waitForElementVisible: Object 'Object Repository/ADMIN/Features Control/Advance Search/a_Features Control' is visible

2019-06-10 09:33:45 - [MESSAGE][WARNING] - Timeout '0' is invalid. Using default page load timeout: '30'

2019-06-10 09:33:45 - [MESSAGE][PASSED] - Object 'Object Repository/ADMIN/Features Control/Advance Search/a_Features Control' is visible

2019-06-10 09:33:45 - [TEST_STEP][PASSED] - click: Object: 'Object Repository/ADMIN/Features Control/Advance Search/a_Features Control' is clicked on

2019-06-10 09:33:45 - [MESSAGE][PASSED] - Object: 'Object Repository/ADMIN/Features Control/Advance Search/a_Features Control' is clicked on

2019-06-10 09:33:45 - [TEST_STEP][PASSED] - waitForElementVisible: Object 'Object Repository/ADMIN/Features Control/Booking Unit/button_Edit' is visible

2019-06-10 09:33:45 - [MESSAGE][WARNING] - Timeout '0' is invalid. Using default page load timeout: '30'

2019-06-10 09:33:45 - [MESSAGE][PASSED] - Object 'Object Repository/ADMIN/Features Control/Booking Unit/button_Edit' is visible

2019-06-10 09:33:45 - [TEST_STEP][PASSED] - click: Object: 'Object Repository/ADMIN/Features Control/Booking Unit/button_Edit' is clicked on

2019-06-10 09:33:46 - [MESSAGE][PASSED] - Object: 'Object Repository/ADMIN/Features Control/Booking Unit/button_Edit' is clicked on

2019-06-10 09:33:46 - [TEST_STEP][PASSED] - waitForElementVisible: Object 'Object Repository/ADMIN/Features Control/Booking Unit/icon1st_NewBookingUnit' is visible

2019-06-10 09:33:46 - [MESSAGE][WARNING] - Timeout '0' is invalid. Using default page load timeout: '30'

2019-06-10 09:33:46 - [MESSAGE][PASSED] - Object 'Object Repository/ADMIN/Features Control/Booking Unit/icon1st_NewBookingUnit' is visible

2019-06-10 09:33:46 - [TEST_STEP][PASSED] - verifyElementVisible: Object 'Object Repository/ADMIN/Features Control/Booking Unit/textlabel_NewBookingUnit' is visible

2019-06-10 09:33:46 - [MESSAGE][PASSED] - Object 'Object Repository/ADMIN/Features Control/Booking Unit/textlabel_NewBookingUnit' is visible

2019-06-10 09:33:46 - [TEST_STEP][PASSED] - delay: Delayed 1 second(s)

2019-06-10 09:33:47 - [MESSAGE][PASSED] - Delayed 1 second(s)

2019-06-10 09:33:47 - [TEST_STEP][PASSED] - click: Object: 'Object Repository/ADMIN/Features Control/Booking Unit/button_AddBookingUnit' is clicked on

2019-06-10 09:33:47 - [MESSAGE][PASSED] - Object: 'Object Repository/ADMIN/Features Control/Booking Unit/button_AddBookingUnit' is clicked on

2019-06-10 09:33:47 - [TEST_STEP][PASSED] - waitForElementVisible: Object 'Object Repository/ADMIN/Features Control/Booking Unit/a_Add New Booking Unit/textlabel_AddNewBookingUnit' is visible

2019-06-10 09:33:47 - [MESSAGE][WARNING] - Timeout '0' is invalid. Using default page load timeout: '30'

2019-06-10 09:33:47 - [MESSAGE][PASSED] - Object 'Object Repository/ADMIN/Features Control/Booking Unit/a_Add New Booking Unit/textlabel_AddNewBookingUnit' is visible

2019-06-10 09:33:47 - [TEST_STEP][PASSED] - delay: Delayed 1 second(s)

2019-06-10 09:33:48 - [MESSAGE][PASSED] - Delayed 1 second(s)

2019-06-10 09:33:48 - [TEST_STEP][PASSED] - setText: Text 'Day 24' is set on object 'Object Repository/ADMIN/Features Control/Booking Unit/a_Add New Booking Unit/textfield_UnitName'

2019-06-10 09:33:48 - [MESSAGE][PASSED] - Text 'Day 24' is set on object 'Object Repository/ADMIN/Features Control/Booking Unit/a_Add New Booking Unit/textfield_UnitName'

2019-06-10 09:33:48 - [TEST_STEP][PASSED] - delay: Delayed 1 second(s)

2019-06-10 09:33:49 - [MESSAGE][PASSED] - Delayed 1 second(s)

2019-06-10 09:33:49 - [TEST_STEP][PASSED] - click: Object: 'Object Repository/ADMIN/Features Control/Booking Unit/a_Add New Booking Unit/checkbox_Week' is clicked on

2019-06-10 09:33:50 - [MESSAGE][PASSED] - Object: 'Object Repository/ADMIN/Features Control/Booking Unit/a_Add New Booking Unit/checkbox_Week' is clicked on

2019-06-10 09:33:50 - [TEST_STEP][PASSED] - click: Object: 'Object Repository/ADMIN/Features Control/Booking Unit/a_Add New Booking Unit/checkbox_Month' is clicked on

2019-06-10 09:33:50 - [MESSAGE][PASSED] - Object: 'Object Repository/ADMIN/Features Control/Booking Unit/a_Add New Booking Unit/checkbox_Month' is clicked on

2019-06-10 09:33:50 - [TEST_STEP][PASSED] - click: Object: 'Object Repository/ADMIN/Features Control/Booking Unit/a_Add New Booking Unit/checkbox_Hour' is clicked on

2019-06-10 09:33:50 - [MESSAGE][PASSED] - Object: 'Object Repository/ADMIN/Features Control/Booking Unit/a_Add New Booking Unit/checkbox_Hour' is clicked on

2019-06-10 09:33:50 - [TEST_STEP][PASSED] - click: Object: 'Object Repository/ADMIN/Features Control/Booking Unit/a_Add New Booking Unit/button_Save' is clicked on

2019-06-10 09:33:50 - [MESSAGE][PASSED] - Object: 'Object Repository/ADMIN/Features Control/Booking Unit/a_Add New Booking Unit/button_Save' is clicked on

2019-06-10 09:33:50 - [TEST_STEP][PASSED] - delay: Delayed 1 second(s)

2019-06-10 09:33:51 - [MESSAGE][PASSED] - Delayed 1 second(s)

2019-06-10 09:33:51 - [TEST_STEP][PASSED] - click: Object: 'Object Repository/ADMIN/Features Control/Booking Unit/topbutton_Save' is clicked on

2019-06-10 09:33:51 - [MESSAGE][PASSED] - Object: 'Object Repository/ADMIN/Features Control/Booking Unit/topbutton_Save' is clicked on

2019-06-10 09:33:51 - [TEST_STEP][PASSED] - waitForElementVisible: Object 'Object Repository/ADMIN/Features Control/Booking Unit/a_Save Popup/button_Save' is visible

2019-06-10 09:33:51 - [MESSAGE][WARNING] - Timeout '0' is invalid. Using default page load timeout: '30'

2019-06-10 09:33:51 - [MESSAGE][PASSED] - Object 'Object Repository/ADMIN/Features Control/Booking Unit/a_Save Popup/button_Save' is visible

2019-06-10 09:33:51 - [TEST_STEP][PASSED] - click: Object: 'Object Repository/ADMIN/Features Control/Booking Unit/a_Save Popup/button_Save' is clicked on

2019-06-10 09:33:51 - [MESSAGE][PASSED] - Object: 'Object Repository/ADMIN/Features Control/Booking Unit/a_Save Popup/button_Save' is clicked on

2019-06-10 09:33:51 - [TEST_STEP][PASSED] - waitForElementVisible: Object 'Object Repository/ADMIN/Features Control/Booking Unit/a_ToasterMessage/toaster_SaveSuccessfully' is visible

2019-06-10 09:33:51 - [MESSAGE][WARNING] - Timeout '0' is invalid. Using default page load timeout: '30'

2019-06-10 09:33:52 - [MESSAGE][PASSED] - Object 'Object Repository/ADMIN/Features Control/Booking Unit/a_ToasterMessage/toaster_SaveSuccessfully' is visible

2019-06-10 09:33:52 - [TEST_STEP][PASSED] - waitForElementNotPresent: Web element with id: 'Object Repository/ADMIN/Features Control/Booking Unit/a_ToasterMessage/toaster_SaveSuccessfully' located by 'By.xpath: //div[@class = 'toast toast-success' and (text() = 'Save successfully' or . = 'Save successfully')]' is not present after '30' second(s)

2019-06-10 09:33:52 - [MESSAGE][WARNING] - Timeout '0' is invalid. Using default page load timeout: '30'

2019-06-10 09:33:57 - [MESSAGE][PASSED] - Web element with id: 'Object Repository/ADMIN/Features Control/Booking Unit/a_ToasterMessage/toaster_SaveSuccessfully' located by 'By.xpath: //div[@class = 'toast toast-success' and (text() = 'Save successfully' or . = 'Save successfully')]' is not present after '30' second(s)]]></system-out>
         <system-err><![CDATA[]]></system-err>
      </testcase>
      <testcase name="Test Cases/ADMIN/Features Control/Booking Unit/Combination/Default/25Add_WeekMonthCustom" classname="Test Cases/ADMIN/Features Control/Booking Unit/Combination/Default/25Add_WeekMonthCustom" status="PASSED">
         <system-out><![CDATA[2019-06-10 09:33:57 - [TEST_CASE][PASSED] - Test Cases/ADMIN/Features Control/Booking Unit/Combination/Default/25Add_WeekMonthCustom: Test Cases/ADMIN/Features Control/Booking Unit/Combination/Default/25Add_WeekMonthCustom

2019-06-10 09:33:57 - [TEST_STEP][PASSED] - waitForElementVisible: Object 'Object Repository/ADMIN/Features Control/Advance Search/a_Features Control' is visible

2019-06-10 09:33:57 - [MESSAGE][WARNING] - Timeout '0' is invalid. Using default page load timeout: '30'

2019-06-10 09:33:57 - [MESSAGE][PASSED] - Object 'Object Repository/ADMIN/Features Control/Advance Search/a_Features Control' is visible

2019-06-10 09:33:57 - [TEST_STEP][PASSED] - click: Object: 'Object Repository/ADMIN/Features Control/Advance Search/a_Features Control' is clicked on

2019-06-10 09:33:58 - [MESSAGE][PASSED] - Object: 'Object Repository/ADMIN/Features Control/Advance Search/a_Features Control' is clicked on

2019-06-10 09:33:58 - [TEST_STEP][PASSED] - waitForElementVisible: Object 'Object Repository/ADMIN/Features Control/Booking Unit/button_Edit' is visible

2019-06-10 09:33:58 - [MESSAGE][WARNING] - Timeout '0' is invalid. Using default page load timeout: '30'

2019-06-10 09:33:58 - [MESSAGE][PASSED] - Object 'Object Repository/ADMIN/Features Control/Booking Unit/button_Edit' is visible

2019-06-10 09:33:58 - [TEST_STEP][PASSED] - click: Object: 'Object Repository/ADMIN/Features Control/Booking Unit/button_Edit' is clicked on

2019-06-10 09:33:58 - [MESSAGE][PASSED] - Object: 'Object Repository/ADMIN/Features Control/Booking Unit/button_Edit' is clicked on

2019-06-10 09:33:58 - [TEST_STEP][PASSED] - waitForElementVisible: Object 'Object Repository/ADMIN/Features Control/Booking Unit/icon1st_NewBookingUnit' is visible

2019-06-10 09:33:58 - [MESSAGE][WARNING] - Timeout '0' is invalid. Using default page load timeout: '30'

2019-06-10 09:33:59 - [MESSAGE][PASSED] - Object 'Object Repository/ADMIN/Features Control/Booking Unit/icon1st_NewBookingUnit' is visible

2019-06-10 09:33:59 - [TEST_STEP][PASSED] - verifyElementVisible: Object 'Object Repository/ADMIN/Features Control/Booking Unit/textlabel_NewBookingUnit' is visible

2019-06-10 09:33:59 - [MESSAGE][PASSED] - Object 'Object Repository/ADMIN/Features Control/Booking Unit/textlabel_NewBookingUnit' is visible

2019-06-10 09:33:59 - [TEST_STEP][PASSED] - delay: Delayed 1 second(s)

2019-06-10 09:34:00 - [MESSAGE][PASSED] - Delayed 1 second(s)

2019-06-10 09:34:00 - [TEST_STEP][PASSED] - click: Object: 'Object Repository/ADMIN/Features Control/Booking Unit/button_AddBookingUnit' is clicked on

2019-06-10 09:34:00 - [MESSAGE][PASSED] - Object: 'Object Repository/ADMIN/Features Control/Booking Unit/button_AddBookingUnit' is clicked on

2019-06-10 09:34:00 - [TEST_STEP][PASSED] - waitForElementVisible: Object 'Object Repository/ADMIN/Features Control/Booking Unit/a_Add New Booking Unit/textlabel_AddNewBookingUnit' is visible

2019-06-10 09:34:00 - [MESSAGE][WARNING] - Timeout '0' is invalid. Using default page load timeout: '30'

2019-06-10 09:34:00 - [MESSAGE][PASSED] - Object 'Object Repository/ADMIN/Features Control/Booking Unit/a_Add New Booking Unit/textlabel_AddNewBookingUnit' is visible

2019-06-10 09:34:00 - [TEST_STEP][PASSED] - delay: Delayed 1 second(s)

2019-06-10 09:34:01 - [MESSAGE][PASSED] - Delayed 1 second(s)

2019-06-10 09:34:01 - [TEST_STEP][PASSED] - setText: Text 'Day 25' is set on object 'Object Repository/ADMIN/Features Control/Booking Unit/a_Add New Booking Unit/textfield_UnitName'

2019-06-10 09:34:01 - [MESSAGE][PASSED] - Text 'Day 25' is set on object 'Object Repository/ADMIN/Features Control/Booking Unit/a_Add New Booking Unit/textfield_UnitName'

2019-06-10 09:34:01 - [TEST_STEP][PASSED] - delay: Delayed 1 second(s)

2019-06-10 09:34:02 - [MESSAGE][PASSED] - Delayed 1 second(s)

2019-06-10 09:34:02 - [TEST_STEP][PASSED] - click: Object: 'Object Repository/ADMIN/Features Control/Booking Unit/a_Add New Booking Unit/checkbox_Week' is clicked on

2019-06-10 09:34:02 - [MESSAGE][PASSED] - Object: 'Object Repository/ADMIN/Features Control/Booking Unit/a_Add New Booking Unit/checkbox_Week' is clicked on

2019-06-10 09:34:02 - [TEST_STEP][PASSED] - click: Object: 'Object Repository/ADMIN/Features Control/Booking Unit/a_Add New Booking Unit/checkbox_Month' is clicked on

2019-06-10 09:34:02 - [MESSAGE][PASSED] - Object: 'Object Repository/ADMIN/Features Control/Booking Unit/a_Add New Booking Unit/checkbox_Month' is clicked on

2019-06-10 09:34:02 - [TEST_STEP][PASSED] - click: Object: 'Object Repository/ADMIN/Features Control/Booking Unit/a_Add New Booking Unit/checkbox_Custom' is clicked on

2019-06-10 09:34:02 - [MESSAGE][PASSED] - Object: 'Object Repository/ADMIN/Features Control/Booking Unit/a_Add New Booking Unit/checkbox_Custom' is clicked on

2019-06-10 09:34:02 - [TEST_STEP][PASSED] - click: Object: 'Object Repository/ADMIN/Features Control/Booking Unit/a_Add New Booking Unit/button_Save' is clicked on

2019-06-10 09:34:02 - [MESSAGE][PASSED] - Object: 'Object Repository/ADMIN/Features Control/Booking Unit/a_Add New Booking Unit/button_Save' is clicked on

2019-06-10 09:34:02 - [TEST_STEP][PASSED] - delay: Delayed 1 second(s)

2019-06-10 09:34:03 - [MESSAGE][PASSED] - Delayed 1 second(s)

2019-06-10 09:34:03 - [TEST_STEP][PASSED] - click: Object: 'Object Repository/ADMIN/Features Control/Booking Unit/topbutton_Save' is clicked on

2019-06-10 09:34:03 - [MESSAGE][PASSED] - Object: 'Object Repository/ADMIN/Features Control/Booking Unit/topbutton_Save' is clicked on

2019-06-10 09:34:03 - [TEST_STEP][PASSED] - waitForElementVisible: Object 'Object Repository/ADMIN/Features Control/Booking Unit/a_Save Popup/button_Save' is visible

2019-06-10 09:34:03 - [MESSAGE][WARNING] - Timeout '0' is invalid. Using default page load timeout: '30'

2019-06-10 09:34:04 - [MESSAGE][PASSED] - Object 'Object Repository/ADMIN/Features Control/Booking Unit/a_Save Popup/button_Save' is visible

2019-06-10 09:34:04 - [TEST_STEP][PASSED] - click: Object: 'Object Repository/ADMIN/Features Control/Booking Unit/a_Save Popup/button_Save' is clicked on

2019-06-10 09:34:04 - [MESSAGE][PASSED] - Object: 'Object Repository/ADMIN/Features Control/Booking Unit/a_Save Popup/button_Save' is clicked on

2019-06-10 09:34:04 - [TEST_STEP][PASSED] - waitForElementVisible: Object 'Object Repository/ADMIN/Features Control/Booking Unit/a_ToasterMessage/toaster_SaveSuccessfully' is visible

2019-06-10 09:34:04 - [MESSAGE][WARNING] - Timeout '0' is invalid. Using default page load timeout: '30'

2019-06-10 09:34:04 - [MESSAGE][PASSED] - Object 'Object Repository/ADMIN/Features Control/Booking Unit/a_ToasterMessage/toaster_SaveSuccessfully' is visible

2019-06-10 09:34:04 - [TEST_STEP][PASSED] - waitForElementNotPresent: Web element with id: 'Object Repository/ADMIN/Features Control/Booking Unit/a_ToasterMessage/toaster_SaveSuccessfully' located by 'By.xpath: //div[@class = 'toast toast-success' and (text() = 'Save successfully' or . = 'Save successfully')]' is not present after '30' second(s)

2019-06-10 09:34:04 - [MESSAGE][WARNING] - Timeout '0' is invalid. Using default page load timeout: '30'

2019-06-10 09:34:10 - [MESSAGE][PASSED] - Web element with id: 'Object Repository/ADMIN/Features Control/Booking Unit/a_ToasterMessage/toaster_SaveSuccessfully' located by 'By.xpath: //div[@class = 'toast toast-success' and (text() = 'Save successfully' or . = 'Save successfully')]' is not present after '30' second(s)]]></system-out>
         <system-err><![CDATA[]]></system-err>
      </testcase>
      <testcase name="Test Cases/ADMIN/Features Control/Booking Unit/Combination/Default/26Add_HourDayWeekMonth" classname="Test Cases/ADMIN/Features Control/Booking Unit/Combination/Default/26Add_HourDayWeekMonth" status="PASSED">
         <system-out><![CDATA[2019-06-10 09:34:10 - [TEST_CASE][PASSED] - Test Cases/ADMIN/Features Control/Booking Unit/Combination/Default/26Add_HourDayWeekMonth: Test Cases/ADMIN/Features Control/Booking Unit/Combination/Default/26Add_HourDayWeekMonth

2019-06-10 09:34:10 - [TEST_STEP][PASSED] - waitForElementVisible: Object 'Object Repository/ADMIN/Features Control/Advance Search/a_Features Control' is visible

2019-06-10 09:34:10 - [MESSAGE][WARNING] - Timeout '0' is invalid. Using default page load timeout: '30'

2019-06-10 09:34:10 - [MESSAGE][PASSED] - Object 'Object Repository/ADMIN/Features Control/Advance Search/a_Features Control' is visible

2019-06-10 09:34:10 - [TEST_STEP][PASSED] - click: Object: 'Object Repository/ADMIN/Features Control/Advance Search/a_Features Control' is clicked on

2019-06-10 09:34:10 - [MESSAGE][PASSED] - Object: 'Object Repository/ADMIN/Features Control/Advance Search/a_Features Control' is clicked on

2019-06-10 09:34:10 - [TEST_STEP][PASSED] - waitForElementVisible: Object 'Object Repository/ADMIN/Features Control/Booking Unit/button_Edit' is visible

2019-06-10 09:34:10 - [MESSAGE][WARNING] - Timeout '0' is invalid. Using default page load timeout: '30'

2019-06-10 09:34:11 - [MESSAGE][PASSED] - Object 'Object Repository/ADMIN/Features Control/Booking Unit/button_Edit' is visible

2019-06-10 09:34:11 - [TEST_STEP][PASSED] - click: Object: 'Object Repository/ADMIN/Features Control/Booking Unit/button_Edit' is clicked on

2019-06-10 09:34:11 - [MESSAGE][PASSED] - Object: 'Object Repository/ADMIN/Features Control/Booking Unit/button_Edit' is clicked on

2019-06-10 09:34:11 - [TEST_STEP][PASSED] - waitForElementVisible: Object 'Object Repository/ADMIN/Features Control/Booking Unit/icon1st_NewBookingUnit' is visible

2019-06-10 09:34:11 - [MESSAGE][WARNING] - Timeout '0' is invalid. Using default page load timeout: '30'

2019-06-10 09:34:11 - [MESSAGE][PASSED] - Object 'Object Repository/ADMIN/Features Control/Booking Unit/icon1st_NewBookingUnit' is visible

2019-06-10 09:34:11 - [TEST_STEP][PASSED] - verifyElementVisible: Object 'Object Repository/ADMIN/Features Control/Booking Unit/textlabel_NewBookingUnit' is visible

2019-06-10 09:34:11 - [MESSAGE][PASSED] - Object 'Object Repository/ADMIN/Features Control/Booking Unit/textlabel_NewBookingUnit' is visible

2019-06-10 09:34:11 - [TEST_STEP][PASSED] - delay: Delayed 1 second(s)

2019-06-10 09:34:12 - [MESSAGE][PASSED] - Delayed 1 second(s)

2019-06-10 09:34:12 - [TEST_STEP][PASSED] - click: Object: 'Object Repository/ADMIN/Features Control/Booking Unit/button_AddBookingUnit' is clicked on

2019-06-10 09:34:12 - [MESSAGE][PASSED] - Object: 'Object Repository/ADMIN/Features Control/Booking Unit/button_AddBookingUnit' is clicked on

2019-06-10 09:34:12 - [TEST_STEP][PASSED] - waitForElementVisible: Object 'Object Repository/ADMIN/Features Control/Booking Unit/a_Add New Booking Unit/textlabel_AddNewBookingUnit' is visible

2019-06-10 09:34:12 - [MESSAGE][WARNING] - Timeout '0' is invalid. Using default page load timeout: '30'

2019-06-10 09:34:12 - [MESSAGE][PASSED] - Object 'Object Repository/ADMIN/Features Control/Booking Unit/a_Add New Booking Unit/textlabel_AddNewBookingUnit' is visible

2019-06-10 09:34:12 - [TEST_STEP][PASSED] - delay: Delayed 1 second(s)

2019-06-10 09:34:13 - [MESSAGE][PASSED] - Delayed 1 second(s)

2019-06-10 09:34:13 - [TEST_STEP][PASSED] - setText: Text 'Day 26' is set on object 'Object Repository/ADMIN/Features Control/Booking Unit/a_Add New Booking Unit/textfield_UnitName'

2019-06-10 09:34:14 - [MESSAGE][PASSED] - Text 'Day 26' is set on object 'Object Repository/ADMIN/Features Control/Booking Unit/a_Add New Booking Unit/textfield_UnitName'

2019-06-10 09:34:14 - [TEST_STEP][PASSED] - delay: Delayed 1 second(s)

2019-06-10 09:34:15 - [MESSAGE][PASSED] - Delayed 1 second(s)

2019-06-10 09:34:15 - [TEST_STEP][PASSED] - click: Object: 'Object Repository/ADMIN/Features Control/Booking Unit/a_Add New Booking Unit/checkbox_Hour' is clicked on

2019-06-10 09:34:15 - [MESSAGE][PASSED] - Object: 'Object Repository/ADMIN/Features Control/Booking Unit/a_Add New Booking Unit/checkbox_Hour' is clicked on

2019-06-10 09:34:15 - [TEST_STEP][PASSED] - click: Object: 'Object Repository/ADMIN/Features Control/Booking Unit/a_Add New Booking Unit/checkbox_Day' is clicked on

2019-06-10 09:34:15 - [MESSAGE][PASSED] - Object: 'Object Repository/ADMIN/Features Control/Booking Unit/a_Add New Booking Unit/checkbox_Day' is clicked on

2019-06-10 09:34:15 - [TEST_STEP][PASSED] - click: Object: 'Object Repository/ADMIN/Features Control/Booking Unit/a_Add New Booking Unit/checkbox_Week' is clicked on

2019-06-10 09:34:15 - [MESSAGE][PASSED] - Object: 'Object Repository/ADMIN/Features Control/Booking Unit/a_Add New Booking Unit/checkbox_Week' is clicked on

2019-06-10 09:34:15 - [TEST_STEP][PASSED] - click: Object: 'Object Repository/ADMIN/Features Control/Booking Unit/a_Add New Booking Unit/checkbox_Month' is clicked on

2019-06-10 09:34:15 - [MESSAGE][PASSED] - Object: 'Object Repository/ADMIN/Features Control/Booking Unit/a_Add New Booking Unit/checkbox_Month' is clicked on

2019-06-10 09:34:15 - [TEST_STEP][PASSED] - click: Object: 'Object Repository/ADMIN/Features Control/Booking Unit/a_Add New Booking Unit/button_Save' is clicked on

2019-06-10 09:34:15 - [MESSAGE][PASSED] - Object: 'Object Repository/ADMIN/Features Control/Booking Unit/a_Add New Booking Unit/button_Save' is clicked on

2019-06-10 09:34:15 - [TEST_STEP][PASSED] - delay: Delayed 1 second(s)

2019-06-10 09:34:16 - [MESSAGE][PASSED] - Delayed 1 second(s)

2019-06-10 09:34:16 - [TEST_STEP][PASSED] - click: Object: 'Object Repository/ADMIN/Features Control/Booking Unit/topbutton_Save' is clicked on

2019-06-10 09:34:16 - [MESSAGE][PASSED] - Object: 'Object Repository/ADMIN/Features Control/Booking Unit/topbutton_Save' is clicked on

2019-06-10 09:34:16 - [TEST_STEP][PASSED] - waitForElementVisible: Object 'Object Repository/ADMIN/Features Control/Booking Unit/a_Save Popup/button_Save' is visible

2019-06-10 09:34:16 - [MESSAGE][WARNING] - Timeout '0' is invalid. Using default page load timeout: '30'

2019-06-10 09:34:16 - [MESSAGE][PASSED] - Object 'Object Repository/ADMIN/Features Control/Booking Unit/a_Save Popup/button_Save' is visible

2019-06-10 09:34:16 - [TEST_STEP][PASSED] - click: Object: 'Object Repository/ADMIN/Features Control/Booking Unit/a_Save Popup/button_Save' is clicked on

2019-06-10 09:34:16 - [MESSAGE][PASSED] - Object: 'Object Repository/ADMIN/Features Control/Booking Unit/a_Save Popup/button_Save' is clicked on

2019-06-10 09:34:16 - [TEST_STEP][PASSED] - waitForElementVisible: Object 'Object Repository/ADMIN/Features Control/Booking Unit/a_ToasterMessage/toaster_SaveSuccessfully' is visible

2019-06-10 09:34:16 - [MESSAGE][WARNING] - Timeout '0' is invalid. Using default page load timeout: '30'

2019-06-10 09:34:17 - [MESSAGE][PASSED] - Object 'Object Repository/ADMIN/Features Control/Booking Unit/a_ToasterMessage/toaster_SaveSuccessfully' is visible

2019-06-10 09:34:17 - [TEST_STEP][PASSED] - waitForElementNotPresent: Web element with id: 'Object Repository/ADMIN/Features Control/Booking Unit/a_ToasterMessage/toaster_SaveSuccessfully' located by 'By.xpath: //div[@class = 'toast toast-success' and (text() = 'Save successfully' or . = 'Save successfully')]' is not present after '30' second(s)

2019-06-10 09:34:17 - [MESSAGE][WARNING] - Timeout '0' is invalid. Using default page load timeout: '30'

2019-06-10 09:34:22 - [MESSAGE][PASSED] - Web element with id: 'Object Repository/ADMIN/Features Control/Booking Unit/a_ToasterMessage/toaster_SaveSuccessfully' located by 'By.xpath: //div[@class = 'toast toast-success' and (text() = 'Save successfully' or . = 'Save successfully')]' is not present after '30' second(s)]]></system-out>
         <system-err><![CDATA[]]></system-err>
      </testcase>
      <testcase name="Test Cases/ADMIN/Features Control/Booking Unit/Combination/Default/27Add_HourDayWeekCustom" classname="Test Cases/ADMIN/Features Control/Booking Unit/Combination/Default/27Add_HourDayWeekCustom" status="PASSED">
         <system-out><![CDATA[2019-06-10 09:34:22 - [TEST_CASE][PASSED] - Test Cases/ADMIN/Features Control/Booking Unit/Combination/Default/27Add_HourDayWeekCustom: Test Cases/ADMIN/Features Control/Booking Unit/Combination/Default/27Add_HourDayWeekCustom

2019-06-10 09:34:23 - [TEST_STEP][PASSED] - waitForElementVisible: Object 'Object Repository/ADMIN/Features Control/Advance Search/a_Features Control' is visible

2019-06-10 09:34:23 - [MESSAGE][WARNING] - Timeout '0' is invalid. Using default page load timeout: '30'

2019-06-10 09:34:23 - [MESSAGE][PASSED] - Object 'Object Repository/ADMIN/Features Control/Advance Search/a_Features Control' is visible

2019-06-10 09:34:23 - [TEST_STEP][PASSED] - click: Object: 'Object Repository/ADMIN/Features Control/Advance Search/a_Features Control' is clicked on

2019-06-10 09:34:23 - [MESSAGE][PASSED] - Object: 'Object Repository/ADMIN/Features Control/Advance Search/a_Features Control' is clicked on

2019-06-10 09:34:23 - [TEST_STEP][PASSED] - waitForElementVisible: Object 'Object Repository/ADMIN/Features Control/Booking Unit/button_Edit' is visible

2019-06-10 09:34:23 - [MESSAGE][WARNING] - Timeout '0' is invalid. Using default page load timeout: '30'

2019-06-10 09:34:23 - [MESSAGE][PASSED] - Object 'Object Repository/ADMIN/Features Control/Booking Unit/button_Edit' is visible

2019-06-10 09:34:23 - [TEST_STEP][PASSED] - click: Object: 'Object Repository/ADMIN/Features Control/Booking Unit/button_Edit' is clicked on

2019-06-10 09:34:24 - [MESSAGE][PASSED] - Object: 'Object Repository/ADMIN/Features Control/Booking Unit/button_Edit' is clicked on

2019-06-10 09:34:24 - [TEST_STEP][PASSED] - waitForElementVisible: Object 'Object Repository/ADMIN/Features Control/Booking Unit/icon1st_NewBookingUnit' is visible

2019-06-10 09:34:24 - [MESSAGE][WARNING] - Timeout '0' is invalid. Using default page load timeout: '30'

2019-06-10 09:34:24 - [MESSAGE][PASSED] - Object 'Object Repository/ADMIN/Features Control/Booking Unit/icon1st_NewBookingUnit' is visible

2019-06-10 09:34:24 - [TEST_STEP][PASSED] - verifyElementVisible: Object 'Object Repository/ADMIN/Features Control/Booking Unit/textlabel_NewBookingUnit' is visible

2019-06-10 09:34:24 - [MESSAGE][PASSED] - Object 'Object Repository/ADMIN/Features Control/Booking Unit/textlabel_NewBookingUnit' is visible

2019-06-10 09:34:24 - [TEST_STEP][PASSED] - delay: Delayed 1 second(s)

2019-06-10 09:34:25 - [MESSAGE][PASSED] - Delayed 1 second(s)

2019-06-10 09:34:25 - [TEST_STEP][PASSED] - click: Object: 'Object Repository/ADMIN/Features Control/Booking Unit/button_AddBookingUnit' is clicked on

2019-06-10 09:34:25 - [MESSAGE][PASSED] - Object: 'Object Repository/ADMIN/Features Control/Booking Unit/button_AddBookingUnit' is clicked on

2019-06-10 09:34:25 - [TEST_STEP][PASSED] - waitForElementVisible: Object 'Object Repository/ADMIN/Features Control/Booking Unit/a_Add New Booking Unit/textlabel_AddNewBookingUnit' is visible

2019-06-10 09:34:25 - [MESSAGE][WARNING] - Timeout '0' is invalid. Using default page load timeout: '30'

2019-06-10 09:34:25 - [MESSAGE][PASSED] - Object 'Object Repository/ADMIN/Features Control/Booking Unit/a_Add New Booking Unit/textlabel_AddNewBookingUnit' is visible

2019-06-10 09:34:25 - [TEST_STEP][PASSED] - delay: Delayed 1 second(s)

2019-06-10 09:34:26 - [MESSAGE][PASSED] - Delayed 1 second(s)

2019-06-10 09:34:26 - [TEST_STEP][PASSED] - setText: Text 'Day 27' is set on object 'Object Repository/ADMIN/Features Control/Booking Unit/a_Add New Booking Unit/textfield_UnitName'

2019-06-10 09:34:26 - [MESSAGE][PASSED] - Text 'Day 27' is set on object 'Object Repository/ADMIN/Features Control/Booking Unit/a_Add New Booking Unit/textfield_UnitName'

2019-06-10 09:34:26 - [TEST_STEP][PASSED] - delay: Delayed 1 second(s)

2019-06-10 09:34:27 - [MESSAGE][PASSED] - Delayed 1 second(s)

2019-06-10 09:34:27 - [TEST_STEP][PASSED] - click: Object: 'Object Repository/ADMIN/Features Control/Booking Unit/a_Add New Booking Unit/checkbox_Hour' is clicked on

2019-06-10 09:34:27 - [MESSAGE][PASSED] - Object: 'Object Repository/ADMIN/Features Control/Booking Unit/a_Add New Booking Unit/checkbox_Hour' is clicked on

2019-06-10 09:34:27 - [TEST_STEP][PASSED] - click: Object: 'Object Repository/ADMIN/Features Control/Booking Unit/a_Add New Booking Unit/checkbox_Day' is clicked on

2019-06-10 09:34:27 - [MESSAGE][PASSED] - Object: 'Object Repository/ADMIN/Features Control/Booking Unit/a_Add New Booking Unit/checkbox_Day' is clicked on

2019-06-10 09:34:27 - [TEST_STEP][PASSED] - click: Object: 'Object Repository/ADMIN/Features Control/Booking Unit/a_Add New Booking Unit/checkbox_Week' is clicked on

2019-06-10 09:34:28 - [MESSAGE][PASSED] - Object: 'Object Repository/ADMIN/Features Control/Booking Unit/a_Add New Booking Unit/checkbox_Week' is clicked on

2019-06-10 09:34:28 - [TEST_STEP][PASSED] - click: Object: 'Object Repository/ADMIN/Features Control/Booking Unit/a_Add New Booking Unit/checkbox_Custom' is clicked on

2019-06-10 09:34:28 - [MESSAGE][PASSED] - Object: 'Object Repository/ADMIN/Features Control/Booking Unit/a_Add New Booking Unit/checkbox_Custom' is clicked on

2019-06-10 09:34:28 - [TEST_STEP][PASSED] - click: Object: 'Object Repository/ADMIN/Features Control/Booking Unit/a_Add New Booking Unit/button_Save' is clicked on

2019-06-10 09:34:28 - [MESSAGE][PASSED] - Object: 'Object Repository/ADMIN/Features Control/Booking Unit/a_Add New Booking Unit/button_Save' is clicked on

2019-06-10 09:34:28 - [TEST_STEP][PASSED] - delay: Delayed 1 second(s)

2019-06-10 09:34:29 - [MESSAGE][PASSED] - Delayed 1 second(s)

2019-06-10 09:34:29 - [TEST_STEP][PASSED] - click: Object: 'Object Repository/ADMIN/Features Control/Booking Unit/topbutton_Save' is clicked on

2019-06-10 09:34:29 - [MESSAGE][PASSED] - Object: 'Object Repository/ADMIN/Features Control/Booking Unit/topbutton_Save' is clicked on

2019-06-10 09:34:29 - [TEST_STEP][PASSED] - waitForElementVisible: Object 'Object Repository/ADMIN/Features Control/Booking Unit/a_Save Popup/button_Save' is visible

2019-06-10 09:34:29 - [MESSAGE][WARNING] - Timeout '0' is invalid. Using default page load timeout: '30'

2019-06-10 09:34:29 - [MESSAGE][PASSED] - Object 'Object Repository/ADMIN/Features Control/Booking Unit/a_Save Popup/button_Save' is visible

2019-06-10 09:34:29 - [TEST_STEP][PASSED] - click: Object: 'Object Repository/ADMIN/Features Control/Booking Unit/a_Save Popup/button_Save' is clicked on

2019-06-10 09:34:29 - [MESSAGE][PASSED] - Object: 'Object Repository/ADMIN/Features Control/Booking Unit/a_Save Popup/button_Save' is clicked on

2019-06-10 09:34:29 - [TEST_STEP][PASSED] - waitForElementVisible: Object 'Object Repository/ADMIN/Features Control/Booking Unit/a_ToasterMessage/toaster_SaveSuccessfully' is visible

2019-06-10 09:34:29 - [MESSAGE][WARNING] - Timeout '0' is invalid. Using default page load timeout: '30'

2019-06-10 09:34:29 - [MESSAGE][PASSED] - Object 'Object Repository/ADMIN/Features Control/Booking Unit/a_ToasterMessage/toaster_SaveSuccessfully' is visible

2019-06-10 09:34:29 - [TEST_STEP][PASSED] - waitForElementNotPresent: Web element with id: 'Object Repository/ADMIN/Features Control/Booking Unit/a_ToasterMessage/toaster_SaveSuccessfully' located by 'By.xpath: //div[@class = 'toast toast-success' and (text() = 'Save successfully' or . = 'Save successfully')]' is not present after '30' second(s)

2019-06-10 09:34:29 - [MESSAGE][WARNING] - Timeout '0' is invalid. Using default page load timeout: '30'

2019-06-10 09:34:35 - [MESSAGE][PASSED] - Web element with id: 'Object Repository/ADMIN/Features Control/Booking Unit/a_ToasterMessage/toaster_SaveSuccessfully' located by 'By.xpath: //div[@class = 'toast toast-success' and (text() = 'Save successfully' or . = 'Save successfully')]' is not present after '30' second(s)]]></system-out>
         <system-err><![CDATA[]]></system-err>
      </testcase>
      <testcase name="Test Cases/ADMIN/Features Control/Booking Unit/Combination/Default/28Add_HourDayMonthCustom" classname="Test Cases/ADMIN/Features Control/Booking Unit/Combination/Default/28Add_HourDayMonthCustom" status="PASSED">
         <system-out><![CDATA[2019-06-10 09:34:35 - [TEST_CASE][PASSED] - Test Cases/ADMIN/Features Control/Booking Unit/Combination/Default/28Add_HourDayMonthCustom: Test Cases/ADMIN/Features Control/Booking Unit/Combination/Default/28Add_HourDayMonthCustom

2019-06-10 09:34:35 - [TEST_STEP][PASSED] - waitForElementVisible: Object 'Object Repository/ADMIN/Features Control/Advance Search/a_Features Control' is visible

2019-06-10 09:34:35 - [MESSAGE][WARNING] - Timeout '0' is invalid. Using default page load timeout: '30'

2019-06-10 09:34:35 - [MESSAGE][PASSED] - Object 'Object Repository/ADMIN/Features Control/Advance Search/a_Features Control' is visible

2019-06-10 09:34:35 - [TEST_STEP][PASSED] - click: Object: 'Object Repository/ADMIN/Features Control/Advance Search/a_Features Control' is clicked on

2019-06-10 09:34:36 - [MESSAGE][PASSED] - Object: 'Object Repository/ADMIN/Features Control/Advance Search/a_Features Control' is clicked on

2019-06-10 09:34:36 - [TEST_STEP][PASSED] - waitForElementVisible: Object 'Object Repository/ADMIN/Features Control/Booking Unit/button_Edit' is visible

2019-06-10 09:34:36 - [MESSAGE][WARNING] - Timeout '0' is invalid. Using default page load timeout: '30'

2019-06-10 09:34:36 - [MESSAGE][PASSED] - Object 'Object Repository/ADMIN/Features Control/Booking Unit/button_Edit' is visible

2019-06-10 09:34:36 - [TEST_STEP][PASSED] - click: Object: 'Object Repository/ADMIN/Features Control/Booking Unit/button_Edit' is clicked on

2019-06-10 09:34:36 - [MESSAGE][PASSED] - Object: 'Object Repository/ADMIN/Features Control/Booking Unit/button_Edit' is clicked on

2019-06-10 09:34:36 - [TEST_STEP][PASSED] - waitForElementVisible: Object 'Object Repository/ADMIN/Features Control/Booking Unit/icon1st_NewBookingUnit' is visible

2019-06-10 09:34:36 - [MESSAGE][WARNING] - Timeout '0' is invalid. Using default page load timeout: '30'

2019-06-10 09:34:36 - [MESSAGE][PASSED] - Object 'Object Repository/ADMIN/Features Control/Booking Unit/icon1st_NewBookingUnit' is visible

2019-06-10 09:34:36 - [TEST_STEP][PASSED] - verifyElementVisible: Object 'Object Repository/ADMIN/Features Control/Booking Unit/textlabel_NewBookingUnit' is visible

2019-06-10 09:34:37 - [MESSAGE][PASSED] - Object 'Object Repository/ADMIN/Features Control/Booking Unit/textlabel_NewBookingUnit' is visible

2019-06-10 09:34:37 - [TEST_STEP][PASSED] - delay: Delayed 1 second(s)

2019-06-10 09:34:38 - [MESSAGE][PASSED] - Delayed 1 second(s)

2019-06-10 09:34:38 - [TEST_STEP][PASSED] - click: Object: 'Object Repository/ADMIN/Features Control/Booking Unit/button_AddBookingUnit' is clicked on

2019-06-10 09:34:38 - [MESSAGE][PASSED] - Object: 'Object Repository/ADMIN/Features Control/Booking Unit/button_AddBookingUnit' is clicked on

2019-06-10 09:34:38 - [TEST_STEP][PASSED] - waitForElementVisible: Object 'Object Repository/ADMIN/Features Control/Booking Unit/a_Add New Booking Unit/textlabel_AddNewBookingUnit' is visible

2019-06-10 09:34:38 - [MESSAGE][WARNING] - Timeout '0' is invalid. Using default page load timeout: '30'

2019-06-10 09:34:38 - [MESSAGE][PASSED] - Object 'Object Repository/ADMIN/Features Control/Booking Unit/a_Add New Booking Unit/textlabel_AddNewBookingUnit' is visible

2019-06-10 09:34:38 - [TEST_STEP][PASSED] - delay: Delayed 1 second(s)

2019-06-10 09:34:39 - [MESSAGE][PASSED] - Delayed 1 second(s)

2019-06-10 09:34:39 - [TEST_STEP][PASSED] - setText: Text 'Day 28' is set on object 'Object Repository/ADMIN/Features Control/Booking Unit/a_Add New Booking Unit/textfield_UnitName'

2019-06-10 09:34:39 - [MESSAGE][PASSED] - Text 'Day 28' is set on object 'Object Repository/ADMIN/Features Control/Booking Unit/a_Add New Booking Unit/textfield_UnitName'

2019-06-10 09:34:39 - [TEST_STEP][PASSED] - delay: Delayed 1 second(s)

2019-06-10 09:34:40 - [MESSAGE][PASSED] - Delayed 1 second(s)

2019-06-10 09:34:40 - [TEST_STEP][PASSED] - click: Object: 'Object Repository/ADMIN/Features Control/Booking Unit/a_Add New Booking Unit/checkbox_Hour' is clicked on

2019-06-10 09:34:40 - [MESSAGE][PASSED] - Object: 'Object Repository/ADMIN/Features Control/Booking Unit/a_Add New Booking Unit/checkbox_Hour' is clicked on

2019-06-10 09:34:40 - [TEST_STEP][PASSED] - click: Object: 'Object Repository/ADMIN/Features Control/Booking Unit/a_Add New Booking Unit/checkbox_Day' is clicked on

2019-06-10 09:34:40 - [MESSAGE][PASSED] - Object: 'Object Repository/ADMIN/Features Control/Booking Unit/a_Add New Booking Unit/checkbox_Day' is clicked on

2019-06-10 09:34:40 - [TEST_STEP][PASSED] - click: Object: 'Object Repository/ADMIN/Features Control/Booking Unit/a_Add New Booking Unit/checkbox_Month' is clicked on

2019-06-10 09:34:40 - [MESSAGE][PASSED] - Object: 'Object Repository/ADMIN/Features Control/Booking Unit/a_Add New Booking Unit/checkbox_Month' is clicked on

2019-06-10 09:34:40 - [TEST_STEP][PASSED] - click: Object: 'Object Repository/ADMIN/Features Control/Booking Unit/a_Add New Booking Unit/checkbox_Custom' is clicked on

2019-06-10 09:34:40 - [MESSAGE][PASSED] - Object: 'Object Repository/ADMIN/Features Control/Booking Unit/a_Add New Booking Unit/checkbox_Custom' is clicked on

2019-06-10 09:34:40 - [TEST_STEP][PASSED] - click: Object: 'Object Repository/ADMIN/Features Control/Booking Unit/a_Add New Booking Unit/button_Save' is clicked on

2019-06-10 09:34:40 - [MESSAGE][PASSED] - Object: 'Object Repository/ADMIN/Features Control/Booking Unit/a_Add New Booking Unit/button_Save' is clicked on

2019-06-10 09:34:40 - [TEST_STEP][PASSED] - delay: Delayed 1 second(s)

2019-06-10 09:34:41 - [MESSAGE][PASSED] - Delayed 1 second(s)

2019-06-10 09:34:41 - [TEST_STEP][PASSED] - click: Object: 'Object Repository/ADMIN/Features Control/Booking Unit/topbutton_Save' is clicked on

2019-06-10 09:34:41 - [MESSAGE][PASSED] - Object: 'Object Repository/ADMIN/Features Control/Booking Unit/topbutton_Save' is clicked on

2019-06-10 09:34:41 - [TEST_STEP][PASSED] - waitForElementVisible: Object 'Object Repository/ADMIN/Features Control/Booking Unit/a_Save Popup/button_Save' is visible

2019-06-10 09:34:41 - [MESSAGE][WARNING] - Timeout '0' is invalid. Using default page load timeout: '30'

2019-06-10 09:34:41 - [MESSAGE][PASSED] - Object 'Object Repository/ADMIN/Features Control/Booking Unit/a_Save Popup/button_Save' is visible

2019-06-10 09:34:41 - [TEST_STEP][PASSED] - click: Object: 'Object Repository/ADMIN/Features Control/Booking Unit/a_Save Popup/button_Save' is clicked on

2019-06-10 09:34:41 - [MESSAGE][PASSED] - Object: 'Object Repository/ADMIN/Features Control/Booking Unit/a_Save Popup/button_Save' is clicked on

2019-06-10 09:34:41 - [TEST_STEP][PASSED] - waitForElementVisible: Object 'Object Repository/ADMIN/Features Control/Booking Unit/a_ToasterMessage/toaster_SaveSuccessfully' is visible

2019-06-10 09:34:41 - [MESSAGE][WARNING] - Timeout '0' is invalid. Using default page load timeout: '30'

2019-06-10 09:34:42 - [MESSAGE][PASSED] - Object 'Object Repository/ADMIN/Features Control/Booking Unit/a_ToasterMessage/toaster_SaveSuccessfully' is visible

2019-06-10 09:34:42 - [TEST_STEP][PASSED] - waitForElementNotPresent: Web element with id: 'Object Repository/ADMIN/Features Control/Booking Unit/a_ToasterMessage/toaster_SaveSuccessfully' located by 'By.xpath: //div[@class = 'toast toast-success' and (text() = 'Save successfully' or . = 'Save successfully')]' is not present after '30' second(s)

2019-06-10 09:34:42 - [MESSAGE][WARNING] - Timeout '0' is invalid. Using default page load timeout: '30'

2019-06-10 09:34:48 - [MESSAGE][PASSED] - Web element with id: 'Object Repository/ADMIN/Features Control/Booking Unit/a_ToasterMessage/toaster_SaveSuccessfully' located by 'By.xpath: //div[@class = 'toast toast-success' and (text() = 'Save successfully' or . = 'Save successfully')]' is not present after '30' second(s)]]></system-out>
         <system-err><![CDATA[]]></system-err>
      </testcase>
      <testcase name="Test Cases/ADMIN/Features Control/Booking Unit/Combination/Default/29Add_HourWeekMonthCustom" classname="Test Cases/ADMIN/Features Control/Booking Unit/Combination/Default/29Add_HourWeekMonthCustom" status="PASSED">
         <system-out><![CDATA[2019-06-10 09:34:48 - [TEST_CASE][PASSED] - Test Cases/ADMIN/Features Control/Booking Unit/Combination/Default/29Add_HourWeekMonthCustom: Test Cases/ADMIN/Features Control/Booking Unit/Combination/Default/29Add_HourWeekMonthCustom

2019-06-10 09:34:48 - [TEST_STEP][PASSED] - waitForElementVisible: Object 'Object Repository/ADMIN/Features Control/Advance Search/a_Features Control' is visible

2019-06-10 09:34:48 - [MESSAGE][WARNING] - Timeout '0' is invalid. Using default page load timeout: '30'

2019-06-10 09:34:48 - [MESSAGE][PASSED] - Object 'Object Repository/ADMIN/Features Control/Advance Search/a_Features Control' is visible

2019-06-10 09:34:48 - [TEST_STEP][PASSED] - click: Object: 'Object Repository/ADMIN/Features Control/Advance Search/a_Features Control' is clicked on

2019-06-10 09:34:48 - [MESSAGE][PASSED] - Object: 'Object Repository/ADMIN/Features Control/Advance Search/a_Features Control' is clicked on

2019-06-10 09:34:48 - [TEST_STEP][PASSED] - waitForElementVisible: Object 'Object Repository/ADMIN/Features Control/Booking Unit/button_Edit' is visible

2019-06-10 09:34:48 - [MESSAGE][WARNING] - Timeout '0' is invalid. Using default page load timeout: '30'

2019-06-10 09:34:48 - [MESSAGE][PASSED] - Object 'Object Repository/ADMIN/Features Control/Booking Unit/button_Edit' is visible

2019-06-10 09:34:48 - [TEST_STEP][PASSED] - click: Object: 'Object Repository/ADMIN/Features Control/Booking Unit/button_Edit' is clicked on

2019-06-10 09:34:49 - [MESSAGE][PASSED] - Object: 'Object Repository/ADMIN/Features Control/Booking Unit/button_Edit' is clicked on

2019-06-10 09:34:49 - [TEST_STEP][PASSED] - waitForElementVisible: Object 'Object Repository/ADMIN/Features Control/Booking Unit/icon1st_NewBookingUnit' is visible

2019-06-10 09:34:49 - [MESSAGE][WARNING] - Timeout '0' is invalid. Using default page load timeout: '30'

2019-06-10 09:34:49 - [MESSAGE][PASSED] - Object 'Object Repository/ADMIN/Features Control/Booking Unit/icon1st_NewBookingUnit' is visible

2019-06-10 09:34:49 - [TEST_STEP][PASSED] - verifyElementVisible: Object 'Object Repository/ADMIN/Features Control/Booking Unit/textlabel_NewBookingUnit' is visible

2019-06-10 09:34:49 - [MESSAGE][PASSED] - Object 'Object Repository/ADMIN/Features Control/Booking Unit/textlabel_NewBookingUnit' is visible

2019-06-10 09:34:49 - [TEST_STEP][PASSED] - delay: Delayed 1 second(s)

2019-06-10 09:34:50 - [MESSAGE][PASSED] - Delayed 1 second(s)

2019-06-10 09:34:50 - [TEST_STEP][PASSED] - click: Object: 'Object Repository/ADMIN/Features Control/Booking Unit/button_AddBookingUnit' is clicked on

2019-06-10 09:34:50 - [MESSAGE][PASSED] - Object: 'Object Repository/ADMIN/Features Control/Booking Unit/button_AddBookingUnit' is clicked on

2019-06-10 09:34:50 - [TEST_STEP][PASSED] - waitForElementVisible: Object 'Object Repository/ADMIN/Features Control/Booking Unit/a_Add New Booking Unit/textlabel_AddNewBookingUnit' is visible

2019-06-10 09:34:50 - [MESSAGE][WARNING] - Timeout '0' is invalid. Using default page load timeout: '30'

2019-06-10 09:34:50 - [MESSAGE][PASSED] - Object 'Object Repository/ADMIN/Features Control/Booking Unit/a_Add New Booking Unit/textlabel_AddNewBookingUnit' is visible

2019-06-10 09:34:50 - [TEST_STEP][PASSED] - delay: Delayed 1 second(s)

2019-06-10 09:34:51 - [MESSAGE][PASSED] - Delayed 1 second(s)

2019-06-10 09:34:51 - [TEST_STEP][PASSED] - setText: Text 'Day 29' is set on object 'Object Repository/ADMIN/Features Control/Booking Unit/a_Add New Booking Unit/textfield_UnitName'

2019-06-10 09:34:51 - [MESSAGE][PASSED] - Text 'Day 29' is set on object 'Object Repository/ADMIN/Features Control/Booking Unit/a_Add New Booking Unit/textfield_UnitName'

2019-06-10 09:34:51 - [TEST_STEP][PASSED] - delay: Delayed 1 second(s)

2019-06-10 09:34:52 - [MESSAGE][PASSED] - Delayed 1 second(s)

2019-06-10 09:34:52 - [TEST_STEP][PASSED] - click: Object: 'Object Repository/ADMIN/Features Control/Booking Unit/a_Add New Booking Unit/checkbox_Hour' is clicked on

2019-06-10 09:34:52 - [MESSAGE][PASSED] - Object: 'Object Repository/ADMIN/Features Control/Booking Unit/a_Add New Booking Unit/checkbox_Hour' is clicked on

2019-06-10 09:34:52 - [TEST_STEP][PASSED] - click: Object: 'Object Repository/ADMIN/Features Control/Booking Unit/a_Add New Booking Unit/checkbox_Week' is clicked on

2019-06-10 09:34:53 - [MESSAGE][PASSED] - Object: 'Object Repository/ADMIN/Features Control/Booking Unit/a_Add New Booking Unit/checkbox_Week' is clicked on

2019-06-10 09:34:53 - [TEST_STEP][PASSED] - click: Object: 'Object Repository/ADMIN/Features Control/Booking Unit/a_Add New Booking Unit/checkbox_Month' is clicked on

2019-06-10 09:34:53 - [MESSAGE][PASSED] - Object: 'Object Repository/ADMIN/Features Control/Booking Unit/a_Add New Booking Unit/checkbox_Month' is clicked on

2019-06-10 09:34:53 - [TEST_STEP][PASSED] - click: Object: 'Object Repository/ADMIN/Features Control/Booking Unit/a_Add New Booking Unit/checkbox_Custom' is clicked on

2019-06-10 09:34:53 - [MESSAGE][PASSED] - Object: 'Object Repository/ADMIN/Features Control/Booking Unit/a_Add New Booking Unit/checkbox_Custom' is clicked on

2019-06-10 09:34:53 - [TEST_STEP][PASSED] - click: Object: 'Object Repository/ADMIN/Features Control/Booking Unit/a_Add New Booking Unit/button_Save' is clicked on

2019-06-10 09:34:53 - [MESSAGE][PASSED] - Object: 'Object Repository/ADMIN/Features Control/Booking Unit/a_Add New Booking Unit/button_Save' is clicked on

2019-06-10 09:34:53 - [TEST_STEP][PASSED] - delay: Delayed 1 second(s)

2019-06-10 09:34:54 - [MESSAGE][PASSED] - Delayed 1 second(s)

2019-06-10 09:34:54 - [TEST_STEP][PASSED] - click: Object: 'Object Repository/ADMIN/Features Control/Booking Unit/topbutton_Save' is clicked on

2019-06-10 09:34:54 - [MESSAGE][PASSED] - Object: 'Object Repository/ADMIN/Features Control/Booking Unit/topbutton_Save' is clicked on

2019-06-10 09:34:54 - [TEST_STEP][PASSED] - waitForElementVisible: Object 'Object Repository/ADMIN/Features Control/Booking Unit/a_Save Popup/button_Save' is visible

2019-06-10 09:34:54 - [MESSAGE][WARNING] - Timeout '0' is invalid. Using default page load timeout: '30'

2019-06-10 09:34:54 - [MESSAGE][PASSED] - Object 'Object Repository/ADMIN/Features Control/Booking Unit/a_Save Popup/button_Save' is visible

2019-06-10 09:34:54 - [TEST_STEP][PASSED] - click: Object: 'Object Repository/ADMIN/Features Control/Booking Unit/a_Save Popup/button_Save' is clicked on

2019-06-10 09:34:54 - [MESSAGE][PASSED] - Object: 'Object Repository/ADMIN/Features Control/Booking Unit/a_Save Popup/button_Save' is clicked on

2019-06-10 09:34:54 - [TEST_STEP][PASSED] - waitForElementVisible: Object 'Object Repository/ADMIN/Features Control/Booking Unit/a_ToasterMessage/toaster_SaveSuccessfully' is visible

2019-06-10 09:34:54 - [MESSAGE][WARNING] - Timeout '0' is invalid. Using default page load timeout: '30'

2019-06-10 09:34:55 - [MESSAGE][PASSED] - Object 'Object Repository/ADMIN/Features Control/Booking Unit/a_ToasterMessage/toaster_SaveSuccessfully' is visible

2019-06-10 09:34:55 - [TEST_STEP][PASSED] - waitForElementNotPresent: Web element with id: 'Object Repository/ADMIN/Features Control/Booking Unit/a_ToasterMessage/toaster_SaveSuccessfully' located by 'By.xpath: //div[@class = 'toast toast-success' and (text() = 'Save successfully' or . = 'Save successfully')]' is not present after '30' second(s)

2019-06-10 09:34:55 - [MESSAGE][WARNING] - Timeout '0' is invalid. Using default page load timeout: '30'

2019-06-10 09:35:00 - [MESSAGE][PASSED] - Web element with id: 'Object Repository/ADMIN/Features Control/Booking Unit/a_ToasterMessage/toaster_SaveSuccessfully' located by 'By.xpath: //div[@class = 'toast toast-success' and (text() = 'Save successfully' or . = 'Save successfully')]' is not present after '30' second(s)]]></system-out>
         <system-err><![CDATA[]]></system-err>
      </testcase>
      <testcase name="Test Cases/ADMIN/Features Control/Booking Unit/Combination/Default/30Add_DayCustomWeekMonth" classname="Test Cases/ADMIN/Features Control/Booking Unit/Combination/Default/30Add_DayCustomWeekMonth" status="PASSED">
         <system-out><![CDATA[2019-06-10 09:35:00 - [TEST_CASE][PASSED] - Test Cases/ADMIN/Features Control/Booking Unit/Combination/Default/30Add_DayCustomWeekMonth: Test Cases/ADMIN/Features Control/Booking Unit/Combination/Default/30Add_DayCustomWeekMonth

2019-06-10 09:35:00 - [TEST_STEP][PASSED] - waitForElementVisible: Object 'Object Repository/ADMIN/Features Control/Advance Search/a_Features Control' is visible

2019-06-10 09:35:00 - [MESSAGE][WARNING] - Timeout '0' is invalid. Using default page load timeout: '30'

2019-06-10 09:35:00 - [MESSAGE][PASSED] - Object 'Object Repository/ADMIN/Features Control/Advance Search/a_Features Control' is visible

2019-06-10 09:35:00 - [TEST_STEP][PASSED] - click: Object: 'Object Repository/ADMIN/Features Control/Advance Search/a_Features Control' is clicked on

2019-06-10 09:35:01 - [MESSAGE][PASSED] - Object: 'Object Repository/ADMIN/Features Control/Advance Search/a_Features Control' is clicked on

2019-06-10 09:35:01 - [TEST_STEP][PASSED] - waitForElementVisible: Object 'Object Repository/ADMIN/Features Control/Booking Unit/button_Edit' is visible

2019-06-10 09:35:01 - [MESSAGE][WARNING] - Timeout '0' is invalid. Using default page load timeout: '30'

2019-06-10 09:35:01 - [MESSAGE][PASSED] - Object 'Object Repository/ADMIN/Features Control/Booking Unit/button_Edit' is visible

2019-06-10 09:35:01 - [TEST_STEP][PASSED] - click: Object: 'Object Repository/ADMIN/Features Control/Booking Unit/button_Edit' is clicked on

2019-06-10 09:35:02 - [MESSAGE][PASSED] - Object: 'Object Repository/ADMIN/Features Control/Booking Unit/button_Edit' is clicked on

2019-06-10 09:35:02 - [TEST_STEP][PASSED] - waitForElementVisible: Object 'Object Repository/ADMIN/Features Control/Booking Unit/icon1st_NewBookingUnit' is visible

2019-06-10 09:35:02 - [MESSAGE][WARNING] - Timeout '0' is invalid. Using default page load timeout: '30'

2019-06-10 09:35:02 - [MESSAGE][PASSED] - Object 'Object Repository/ADMIN/Features Control/Booking Unit/icon1st_NewBookingUnit' is visible

2019-06-10 09:35:02 - [TEST_STEP][PASSED] - verifyElementVisible: Object 'Object Repository/ADMIN/Features Control/Booking Unit/textlabel_NewBookingUnit' is visible

2019-06-10 09:35:02 - [MESSAGE][PASSED] - Object 'Object Repository/ADMIN/Features Control/Booking Unit/textlabel_NewBookingUnit' is visible

2019-06-10 09:35:02 - [TEST_STEP][PASSED] - delay: Delayed 1 second(s)

2019-06-10 09:35:03 - [MESSAGE][PASSED] - Delayed 1 second(s)

2019-06-10 09:35:03 - [TEST_STEP][PASSED] - click: Object: 'Object Repository/ADMIN/Features Control/Booking Unit/button_AddBookingUnit' is clicked on

2019-06-10 09:35:03 - [MESSAGE][PASSED] - Object: 'Object Repository/ADMIN/Features Control/Booking Unit/button_AddBookingUnit' is clicked on

2019-06-10 09:35:03 - [TEST_STEP][PASSED] - waitForElementVisible: Object 'Object Repository/ADMIN/Features Control/Booking Unit/a_Add New Booking Unit/textlabel_AddNewBookingUnit' is visible

2019-06-10 09:35:03 - [MESSAGE][WARNING] - Timeout '0' is invalid. Using default page load timeout: '30'

2019-06-10 09:35:03 - [MESSAGE][PASSED] - Object 'Object Repository/ADMIN/Features Control/Booking Unit/a_Add New Booking Unit/textlabel_AddNewBookingUnit' is visible

2019-06-10 09:35:03 - [TEST_STEP][PASSED] - delay: Delayed 1 second(s)

2019-06-10 09:35:04 - [MESSAGE][PASSED] - Delayed 1 second(s)

2019-06-10 09:35:04 - [TEST_STEP][PASSED] - setText: Text 'Day 30' is set on object 'Object Repository/ADMIN/Features Control/Booking Unit/a_Add New Booking Unit/textfield_UnitName'

2019-06-10 09:35:04 - [MESSAGE][PASSED] - Text 'Day 30' is set on object 'Object Repository/ADMIN/Features Control/Booking Unit/a_Add New Booking Unit/textfield_UnitName'

2019-06-10 09:35:04 - [TEST_STEP][PASSED] - delay: Delayed 1 second(s)

2019-06-10 09:35:05 - [MESSAGE][PASSED] - Delayed 1 second(s)

2019-06-10 09:35:05 - [TEST_STEP][PASSED] - click: Object: 'Object Repository/ADMIN/Features Control/Booking Unit/a_Add New Booking Unit/checkbox_Day' is clicked on

2019-06-10 09:35:05 - [MESSAGE][PASSED] - Object: 'Object Repository/ADMIN/Features Control/Booking Unit/a_Add New Booking Unit/checkbox_Day' is clicked on

2019-06-10 09:35:05 - [TEST_STEP][PASSED] - click: Object: 'Object Repository/ADMIN/Features Control/Booking Unit/a_Add New Booking Unit/checkbox_Custom' is clicked on

2019-06-10 09:35:05 - [MESSAGE][PASSED] - Object: 'Object Repository/ADMIN/Features Control/Booking Unit/a_Add New Booking Unit/checkbox_Custom' is clicked on

2019-06-10 09:35:05 - [TEST_STEP][PASSED] - click: Object: 'Object Repository/ADMIN/Features Control/Booking Unit/a_Add New Booking Unit/checkbox_Week' is clicked on

2019-06-10 09:35:05 - [MESSAGE][PASSED] - Object: 'Object Repository/ADMIN/Features Control/Booking Unit/a_Add New Booking Unit/checkbox_Week' is clicked on

2019-06-10 09:35:05 - [TEST_STEP][PASSED] - click: Object: 'Object Repository/ADMIN/Features Control/Booking Unit/a_Add New Booking Unit/checkbox_Month' is clicked on

2019-06-10 09:35:05 - [MESSAGE][PASSED] - Object: 'Object Repository/ADMIN/Features Control/Booking Unit/a_Add New Booking Unit/checkbox_Month' is clicked on

2019-06-10 09:35:05 - [TEST_STEP][PASSED] - click: Object: 'Object Repository/ADMIN/Features Control/Booking Unit/a_Add New Booking Unit/button_Save' is clicked on

2019-06-10 09:35:05 - [MESSAGE][PASSED] - Object: 'Object Repository/ADMIN/Features Control/Booking Unit/a_Add New Booking Unit/button_Save' is clicked on

2019-06-10 09:35:05 - [TEST_STEP][PASSED] - delay: Delayed 1 second(s)

2019-06-10 09:35:06 - [MESSAGE][PASSED] - Delayed 1 second(s)

2019-06-10 09:35:06 - [TEST_STEP][PASSED] - click: Object: 'Object Repository/ADMIN/Features Control/Booking Unit/topbutton_Save' is clicked on

2019-06-10 09:35:07 - [MESSAGE][PASSED] - Object: 'Object Repository/ADMIN/Features Control/Booking Unit/topbutton_Save' is clicked on

2019-06-10 09:35:07 - [TEST_STEP][PASSED] - waitForElementVisible: Object 'Object Repository/ADMIN/Features Control/Booking Unit/a_Save Popup/button_Save' is visible

2019-06-10 09:35:07 - [MESSAGE][WARNING] - Timeout '0' is invalid. Using default page load timeout: '30'

2019-06-10 09:35:07 - [MESSAGE][PASSED] - Object 'Object Repository/ADMIN/Features Control/Booking Unit/a_Save Popup/button_Save' is visible

2019-06-10 09:35:07 - [TEST_STEP][PASSED] - click: Object: 'Object Repository/ADMIN/Features Control/Booking Unit/a_Save Popup/button_Save' is clicked on

2019-06-10 09:35:07 - [MESSAGE][PASSED] - Object: 'Object Repository/ADMIN/Features Control/Booking Unit/a_Save Popup/button_Save' is clicked on

2019-06-10 09:35:07 - [TEST_STEP][PASSED] - waitForElementVisible: Object 'Object Repository/ADMIN/Features Control/Booking Unit/a_ToasterMessage/toaster_SaveSuccessfully' is visible

2019-06-10 09:35:07 - [MESSAGE][WARNING] - Timeout '0' is invalid. Using default page load timeout: '30'

2019-06-10 09:35:07 - [MESSAGE][PASSED] - Object 'Object Repository/ADMIN/Features Control/Booking Unit/a_ToasterMessage/toaster_SaveSuccessfully' is visible

2019-06-10 09:35:07 - [TEST_STEP][PASSED] - waitForElementNotPresent: Web element with id: 'Object Repository/ADMIN/Features Control/Booking Unit/a_ToasterMessage/toaster_SaveSuccessfully' located by 'By.xpath: //div[@class = 'toast toast-success' and (text() = 'Save successfully' or . = 'Save successfully')]' is not present after '30' second(s)

2019-06-10 09:35:07 - [MESSAGE][WARNING] - Timeout '0' is invalid. Using default page load timeout: '30'

2019-06-10 09:35:13 - [MESSAGE][PASSED] - Web element with id: 'Object Repository/ADMIN/Features Control/Booking Unit/a_ToasterMessage/toaster_SaveSuccessfully' located by 'By.xpath: //div[@class = 'toast toast-success' and (text() = 'Save successfully' or . = 'Save successfully')]' is not present after '30' second(s)]]></system-out>
         <system-err><![CDATA[]]></system-err>
      </testcase>
      <testcase name="Test Cases/ADMIN/Features Control/Booking Unit/Combination/Default/31Add_allDefaultService" classname="Test Cases/ADMIN/Features Control/Booking Unit/Combination/Default/31Add_allDefaultService" status="PASSED">
         <system-out><![CDATA[2019-06-10 09:35:13 - [TEST_CASE][PASSED] - Test Cases/ADMIN/Features Control/Booking Unit/Combination/Default/31Add_allDefaultService: Test Cases/ADMIN/Features Control/Booking Unit/Combination/Default/31Add_allDefaultService

2019-06-10 09:35:13 - [TEST_STEP][PASSED] - waitForElementVisible: Object 'Object Repository/ADMIN/Features Control/Advance Search/a_Features Control' is visible

2019-06-10 09:35:13 - [MESSAGE][WARNING] - Timeout '0' is invalid. Using default page load timeout: '30'

2019-06-10 09:35:13 - [MESSAGE][PASSED] - Object 'Object Repository/ADMIN/Features Control/Advance Search/a_Features Control' is visible

2019-06-10 09:35:13 - [TEST_STEP][PASSED] - click: Object: 'Object Repository/ADMIN/Features Control/Advance Search/a_Features Control' is clicked on

2019-06-10 09:35:13 - [MESSAGE][PASSED] - Object: 'Object Repository/ADMIN/Features Control/Advance Search/a_Features Control' is clicked on

2019-06-10 09:35:13 - [TEST_STEP][PASSED] - waitForElementVisible: Object 'Object Repository/ADMIN/Features Control/Booking Unit/button_Edit' is visible

2019-06-10 09:35:13 - [MESSAGE][WARNING] - Timeout '0' is invalid. Using default page load timeout: '30'

2019-06-10 09:35:14 - [MESSAGE][PASSED] - Object 'Object Repository/ADMIN/Features Control/Booking Unit/button_Edit' is visible

2019-06-10 09:35:14 - [TEST_STEP][PASSED] - click: Object: 'Object Repository/ADMIN/Features Control/Booking Unit/button_Edit' is clicked on

2019-06-10 09:35:14 - [MESSAGE][PASSED] - Object: 'Object Repository/ADMIN/Features Control/Booking Unit/button_Edit' is clicked on

2019-06-10 09:35:14 - [TEST_STEP][PASSED] - waitForElementVisible: Object 'Object Repository/ADMIN/Features Control/Booking Unit/icon1st_NewBookingUnit' is visible

2019-06-10 09:35:14 - [MESSAGE][WARNING] - Timeout '0' is invalid. Using default page load timeout: '30'

2019-06-10 09:35:14 - [MESSAGE][PASSED] - Object 'Object Repository/ADMIN/Features Control/Booking Unit/icon1st_NewBookingUnit' is visible

2019-06-10 09:35:14 - [TEST_STEP][PASSED] - verifyElementVisible: Object 'Object Repository/ADMIN/Features Control/Booking Unit/textlabel_NewBookingUnit' is visible

2019-06-10 09:35:14 - [MESSAGE][PASSED] - Object 'Object Repository/ADMIN/Features Control/Booking Unit/textlabel_NewBookingUnit' is visible

2019-06-10 09:35:14 - [TEST_STEP][PASSED] - delay: Delayed 1 second(s)

2019-06-10 09:35:15 - [MESSAGE][PASSED] - Delayed 1 second(s)

2019-06-10 09:35:15 - [TEST_STEP][PASSED] - click: Object: 'Object Repository/ADMIN/Features Control/Booking Unit/button_AddBookingUnit' is clicked on

2019-06-10 09:35:16 - [MESSAGE][PASSED] - Object: 'Object Repository/ADMIN/Features Control/Booking Unit/button_AddBookingUnit' is clicked on

2019-06-10 09:35:16 - [TEST_STEP][PASSED] - waitForElementVisible: Object 'Object Repository/ADMIN/Features Control/Booking Unit/a_Add New Booking Unit/textlabel_AddNewBookingUnit' is visible

2019-06-10 09:35:16 - [MESSAGE][WARNING] - Timeout '0' is invalid. Using default page load timeout: '30'

2019-06-10 09:35:16 - [MESSAGE][PASSED] - Object 'Object Repository/ADMIN/Features Control/Booking Unit/a_Add New Booking Unit/textlabel_AddNewBookingUnit' is visible

2019-06-10 09:35:16 - [TEST_STEP][PASSED] - delay: Delayed 1 second(s)

2019-06-10 09:35:17 - [MESSAGE][PASSED] - Delayed 1 second(s)

2019-06-10 09:35:17 - [TEST_STEP][PASSED] - setText: Text 'Day 31' is set on object 'Object Repository/ADMIN/Features Control/Booking Unit/a_Add New Booking Unit/textfield_UnitName'

2019-06-10 09:35:17 - [MESSAGE][PASSED] - Text 'Day 31' is set on object 'Object Repository/ADMIN/Features Control/Booking Unit/a_Add New Booking Unit/textfield_UnitName'

2019-06-10 09:35:17 - [TEST_STEP][PASSED] - delay: Delayed 1 second(s)

2019-06-10 09:35:18 - [MESSAGE][PASSED] - Delayed 1 second(s)

2019-06-10 09:35:18 - [TEST_STEP][PASSED] - click: Object: 'Object Repository/ADMIN/Features Control/Booking Unit/a_Add New Booking Unit/checkbox_Hour' is clicked on

2019-06-10 09:35:18 - [MESSAGE][PASSED] - Object: 'Object Repository/ADMIN/Features Control/Booking Unit/a_Add New Booking Unit/checkbox_Hour' is clicked on

2019-06-10 09:35:18 - [TEST_STEP][PASSED] - click: Object: 'Object Repository/ADMIN/Features Control/Booking Unit/a_Add New Booking Unit/checkbox_Day' is clicked on

2019-06-10 09:35:18 - [MESSAGE][PASSED] - Object: 'Object Repository/ADMIN/Features Control/Booking Unit/a_Add New Booking Unit/checkbox_Day' is clicked on

2019-06-10 09:35:18 - [TEST_STEP][PASSED] - click: Object: 'Object Repository/ADMIN/Features Control/Booking Unit/a_Add New Booking Unit/checkbox_Week' is clicked on

2019-06-10 09:35:18 - [MESSAGE][PASSED] - Object: 'Object Repository/ADMIN/Features Control/Booking Unit/a_Add New Booking Unit/checkbox_Week' is clicked on

2019-06-10 09:35:18 - [TEST_STEP][PASSED] - click: Object: 'Object Repository/ADMIN/Features Control/Booking Unit/a_Add New Booking Unit/checkbox_Month' is clicked on

2019-06-10 09:35:18 - [MESSAGE][PASSED] - Object: 'Object Repository/ADMIN/Features Control/Booking Unit/a_Add New Booking Unit/checkbox_Month' is clicked on

2019-06-10 09:35:18 - [TEST_STEP][PASSED] - click: Object: 'Object Repository/ADMIN/Features Control/Booking Unit/a_Add New Booking Unit/checkbox_Custom' is clicked on

2019-06-10 09:35:18 - [MESSAGE][PASSED] - Object: 'Object Repository/ADMIN/Features Control/Booking Unit/a_Add New Booking Unit/checkbox_Custom' is clicked on

2019-06-10 09:35:18 - [TEST_STEP][PASSED] - delay: Delayed 1 second(s)

2019-06-10 09:35:19 - [MESSAGE][PASSED] - Delayed 1 second(s)

2019-06-10 09:35:19 - [TEST_STEP][PASSED] - click: Object: 'Object Repository/ADMIN/Features Control/Booking Unit/a_Add New Booking Unit/button_Save' is clicked on

2019-06-10 09:35:19 - [MESSAGE][PASSED] - Object: 'Object Repository/ADMIN/Features Control/Booking Unit/a_Add New Booking Unit/button_Save' is clicked on

2019-06-10 09:35:19 - [TEST_STEP][PASSED] - delay: Delayed 1 second(s)

2019-06-10 09:35:20 - [MESSAGE][PASSED] - Delayed 1 second(s)

2019-06-10 09:35:20 - [TEST_STEP][PASSED] - click: Object: 'Object Repository/ADMIN/Features Control/Booking Unit/topbutton_Save' is clicked on

2019-06-10 09:35:20 - [MESSAGE][PASSED] - Object: 'Object Repository/ADMIN/Features Control/Booking Unit/topbutton_Save' is clicked on

2019-06-10 09:35:20 - [TEST_STEP][PASSED] - waitForElementVisible: Object 'Object Repository/ADMIN/Features Control/Booking Unit/a_Save Popup/button_Save' is visible

2019-06-10 09:35:20 - [MESSAGE][WARNING] - Timeout '0' is invalid. Using default page load timeout: '30'

2019-06-10 09:35:20 - [MESSAGE][PASSED] - Object 'Object Repository/ADMIN/Features Control/Booking Unit/a_Save Popup/button_Save' is visible

2019-06-10 09:35:20 - [TEST_STEP][PASSED] - click: Object: 'Object Repository/ADMIN/Features Control/Booking Unit/a_Save Popup/button_Save' is clicked on

2019-06-10 09:35:20 - [MESSAGE][PASSED] - Object: 'Object Repository/ADMIN/Features Control/Booking Unit/a_Save Popup/button_Save' is clicked on

2019-06-10 09:35:20 - [TEST_STEP][PASSED] - waitForElementVisible: Object 'Object Repository/ADMIN/Features Control/Booking Unit/a_ToasterMessage/toaster_SaveSuccessfully' is visible

2019-06-10 09:35:20 - [MESSAGE][WARNING] - Timeout '0' is invalid. Using default page load timeout: '30'

2019-06-10 09:35:21 - [MESSAGE][PASSED] - Object 'Object Repository/ADMIN/Features Control/Booking Unit/a_ToasterMessage/toaster_SaveSuccessfully' is visible

2019-06-10 09:35:21 - [TEST_STEP][PASSED] - waitForElementNotPresent: Web element with id: 'Object Repository/ADMIN/Features Control/Booking Unit/a_ToasterMessage/toaster_SaveSuccessfully' located by 'By.xpath: //div[@class = 'toast toast-success' and (text() = 'Save successfully' or . = 'Save successfully')]' is not present after '30' second(s)

2019-06-10 09:35:21 - [MESSAGE][WARNING] - Timeout '0' is invalid. Using default page load timeout: '30'

2019-06-10 09:35:27 - [MESSAGE][PASSED] - Web element with id: 'Object Repository/ADMIN/Features Control/Booking Unit/a_ToasterMessage/toaster_SaveSuccessfully' located by 'By.xpath: //div[@class = 'toast toast-success' and (text() = 'Save successfully' or . = 'Save successfully')]' is not present after '30' second(s)]]></system-out>
         <system-err><![CDATA[]]></system-err>
      </testcase>
      <testcase name="Test Cases/Utilities/ADMIN/Admin Logout" classname="Test Cases/Utilities/ADMIN/Admin Logout" status="PASSED">
         <system-out><![CDATA[2019-06-10 09:35:27 - [TEST_CASE][PASSED] - Test Cases/Utilities/ADMIN/Admin Logout: Test Cases/Utilities/ADMIN/Admin Logout

2019-06-10 09:35:27 - [TEST_STEP][PASSED] - waitForElementVisible: Object 'Object Repository/Utilities/Admin Logout/button_Logout' is visible

2019-06-10 09:35:27 - [MESSAGE][WARNING] - Timeout '0' is invalid. Using default page load timeout: '30'

2019-06-10 09:35:27 - [MESSAGE][PASSED] - Object 'Object Repository/Utilities/Admin Logout/button_Logout' is visible

2019-06-10 09:35:27 - [TEST_STEP][PASSED] - click: Object: 'Object Repository/Utilities/Admin Logout/button_Logout' is clicked on

2019-06-10 09:35:27 - [MESSAGE][PASSED] - Object: 'Object Repository/Utilities/Admin Logout/button_Logout' is clicked on]]></system-out>
         <system-err><![CDATA[]]></system-err>
      </testcase>
      <system-out><![CDATA[2019-06-10 09:28:48 - [TEST_SUITE][PASSED] - Combination_DefaultUnit: Test Cases/Utilities/ADMIN/Admin Logout]]></system-out>
      <system-err><![CDATA[]]></system-err>
   </testsuite>
</testsuites>
