<?xml version="1.0" encoding="UTF-8"?>
<testsuites name="Bespoke Admin Pages" time="273.108" tests="51" failures="1" errors="0">
   <testsuite name="Bespoke Admin Pages" tests="51" failures="1" errors="0" time="273.108" timestamp="2020-03-20 15:04:43" hostname="ARCADIER03 - 192.168.254.105" id="Test Suites/Admin/Language/Edit Text/Bespoke/Admin Pages/Bespoke Admin Pages">
      <properties>
         <property name="deviceName" value=""/>
         <property name="devicePlatform" value=""/>
         <property name="logFolder" value="C:\\Katalon\\Arctick\\Reports\\20200320_150440\\Admin\\Language\\Edit Text\\Bespoke\\Admin Pages\\Bespoke Admin Pages\\20200320_150440"/>
         <property name="logFiles" value="C:\\Katalon\\Arctick\\Reports\\20200320_150440\\Admin\\Language\\Edit Text\\Bespoke\\Admin Pages\\Bespoke Admin Pages\\20200320_150440\\execution0.log"/>
         <property name="attachments" value="C:\\Katalon\\Arctick\\Reports\\20200320_150440\\Admin\\Language\\Edit Text\\Bespoke\\Admin Pages\\Bespoke Admin Pages\\20200320_150440\\1584687936964.png"/>
         <property name="hostName" value="ARCADIER03 - 192.168.254.105"/>
         <property name="os" value="Windows 7 64bit"/>
         <property name="katalonVersion" value="7.2.6.1"/>
         <property name="browser" value="Chrome 80.0.3987.149"/>
         <property name="hostAddress" value="192.168.254.105"/>
         <property name="sessionId" value="1047ba07f4d7d3f0b09558b7ee935cff"/>
         <property name="seleniumVersion" value="3.141.59"/>
         <property name="proxyInformation" value="ProxyInformation{proxyOption=NO_PROXY, proxyServerType=HTTP, password=, proxyServerAddress=, proxyServerPort=0, executionList=}"/>
         <property name="platform" value="Windows 7"/>
      </properties>
      <testcase name="Test Cases/ADMIN/Language/Edit Text/Bespoke/Admin Pages/About Us Navigation" time="7.932" classname="Test Cases/ADMIN/Language/Edit Text/Bespoke/Admin Pages/About Us Navigation" status="PASSED">
         <system-out><![CDATA[2020-03-20 15:04:43 - [TEST_CASE][PASSED] - Test Cases/ADMIN/Language/Edit Text/Bespoke/Admin Pages/About Us Navigation: Test Cases/ADMIN/Language/Edit Text/Bespoke/Admin Pages/About Us Navigation

2020-03-20 15:04:44 - [TEST_STEP][PASSED] - waitForElementVisible(findTestObject("ADMIN/Language/sidemenu_Language"), 0): Object 'Object Repository/ADMIN/Language/sidemenu_Language' is visible

2020-03-20 15:04:45 - [MESSAGE][WARNING] - Timeout '0' is invalid. Using default page load timeout: '30'

2020-03-20 15:04:47 - [MESSAGE][PASSED] - Object 'Object Repository/ADMIN/Language/sidemenu_Language' is visible

2020-03-20 15:04:47 - [TEST_STEP][PASSED] - click(findTestObject("ADMIN/Language/sidemenu_Language"), CONTINUE_ON_FAILURE): Object: 'Object Repository/ADMIN/Language/sidemenu_Language' is clicked on

2020-03-20 15:04:47 - [MESSAGE][PASSED] - Object: 'Object Repository/ADMIN/Language/sidemenu_Language' is clicked on

2020-03-20 15:04:47 - [TEST_STEP][PASSED] - waitForElementVisible(findTestObject("ADMIN/Language/sidemenu_Edit Text"), 0): Object 'Object Repository/ADMIN/Language/sidemenu_Edit Text' is visible

2020-03-20 15:04:47 - [MESSAGE][WARNING] - Timeout '0' is invalid. Using default page load timeout: '30'

2020-03-20 15:04:48 - [MESSAGE][PASSED] - Object 'Object Repository/ADMIN/Language/sidemenu_Edit Text' is visible

2020-03-20 15:04:48 - [TEST_STEP][PASSED] - click(findTestObject("ADMIN/Language/sidemenu_Edit Text"), CONTINUE_ON_FAILURE): Object: 'Object Repository/ADMIN/Language/sidemenu_Edit Text' is clicked on

2020-03-20 15:04:49 - [MESSAGE][PASSED] - Object: 'Object Repository/ADMIN/Language/sidemenu_Edit Text' is clicked on

2020-03-20 15:04:49 - [TEST_STEP][PASSED] - waitForElementVisible(findTestObject("ADMIN/Edit Text/Bespoke/Admin Navigation/dd_icon"), 0): Object 'Object Repository/ADMIN/Edit Text/Bespoke/Admin Navigation/dd_icon' is visible

2020-03-20 15:04:49 - [MESSAGE][WARNING] - Timeout '0' is invalid. Using default page load timeout: '30'

2020-03-20 15:04:49 - [MESSAGE][PASSED] - Object 'Object Repository/ADMIN/Edit Text/Bespoke/Admin Navigation/dd_icon' is visible

2020-03-20 15:04:49 - [TEST_STEP][PASSED] - click(findTestObject("ADMIN/Edit Text/Bespoke/Admin Navigation/dd_icon"), CONTINUE_ON_FAILURE): Object: 'Object Repository/ADMIN/Edit Text/Bespoke/Admin Navigation/dd_icon' is clicked on

2020-03-20 15:04:49 - [MESSAGE][PASSED] - Object: 'Object Repository/ADMIN/Edit Text/Bespoke/Admin Navigation/dd_icon' is clicked on

2020-03-20 15:04:49 - [TEST_STEP][PASSED] - waitForElementVisible(findTestObject("ADMIN/Edit Text/Bespoke/Admin Navigation/span_About Us"), 0): Object 'Object Repository/ADMIN/Edit Text/Bespoke/Admin Navigation/span_About Us' is visible

2020-03-20 15:04:49 - [MESSAGE][WARNING] - Timeout '0' is invalid. Using default page load timeout: '30'

2020-03-20 15:04:49 - [MESSAGE][PASSED] - Object 'Object Repository/ADMIN/Edit Text/Bespoke/Admin Navigation/span_About Us' is visible

2020-03-20 15:04:49 - [TEST_STEP][PASSED] - click(findTestObject("ADMIN/Edit Text/Bespoke/Admin Navigation/span_About Us"), CONTINUE_ON_FAILURE): Object: 'Object Repository/ADMIN/Edit Text/Bespoke/Admin Navigation/span_About Us' is clicked on

2020-03-20 15:04:51 - [MESSAGE][PASSED] - Object: 'Object Repository/ADMIN/Edit Text/Bespoke/Admin Navigation/span_About Us' is clicked on

2020-03-20 15:04:51 - [TEST_STEP][PASSED] - waitForElementVisible(findTestObject("ADMIN/Edit Text/Bespoke/Buyer Navigation/dd_language"), 0): Object 'Object Repository/ADMIN/Edit Text/Bespoke/Buyer Navigation/dd_language' is visible

2020-03-20 15:04:51 - [MESSAGE][WARNING] - Timeout '0' is invalid. Using default page load timeout: '30'

2020-03-20 15:04:51 - [MESSAGE][PASSED] - Object 'Object Repository/ADMIN/Edit Text/Bespoke/Buyer Navigation/dd_language' is visible]]></system-out>
         <system-err><![CDATA[]]></system-err>
      </testcase>
      <testcase name="Test Cases/ADMIN/Language/Edit Text/Bespoke/Admin Pages/About Us" time="2.851" classname="Test Cases/ADMIN/Language/Edit Text/Bespoke/Admin Pages/About Us" status="PASSED">
         <system-out><![CDATA[2020-03-20 15:04:51 - [TEST_CASE][PASSED] - Test Cases/ADMIN/Language/Edit Text/Bespoke/Admin Pages/About Us: Test Cases/ADMIN/Language/Edit Text/Bespoke/Admin Pages/About Us

2020-03-20 15:04:52 - [TEST_STEP][PASSED] - waitForElementVisible(findTestObject("ADMIN/Edit Text/Bespoke/Buyer Navigation/dd_language"), 0): Object 'Object Repository/ADMIN/Edit Text/Bespoke/Buyer Navigation/dd_language' is visible

2020-03-20 15:04:52 - [MESSAGE][WARNING] - Timeout '0' is invalid. Using default page load timeout: '30'

2020-03-20 15:04:52 - [MESSAGE][PASSED] - Object 'Object Repository/ADMIN/Edit Text/Bespoke/Buyer Navigation/dd_language' is visible

2020-03-20 15:04:52 - [TEST_STEP][PASSED] - selectOptionByLabel(findTestObject("ADMIN/Edit Text/Bespoke/Buyer Navigation/dd_language"), varLanguage, false): All options with label 'French' are selected in object 'Object Repository/ADMIN/Edit Text/Bespoke/Buyer Navigation/dd_language' 

2020-03-20 15:04:53 - [MESSAGE][PASSED] - All options with label 'French' are selected in object 'Object Repository/ADMIN/Edit Text/Bespoke/Buyer Navigation/dd_language' 

2020-03-20 15:04:53 - [TEST_STEP][PASSED] - sendKeys(findTestObject("ADMIN/Edit Text/Bespoke/Admin Pages/About Us/input_ABOUT_lbl_title"), "*"): Keys '*' sent to object: 'Object Repository/ADMIN/Edit Text/Bespoke/Admin Pages/About Us/input_ABOUT_lbl_title'

2020-03-20 15:04:53 - [MESSAGE][PASSED] - Keys '*' sent to object: 'Object Repository/ADMIN/Edit Text/Bespoke/Admin Pages/About Us/input_ABOUT_lbl_title'

2020-03-20 15:04:53 - [TEST_STEP][PASSED] - sendKeys(findTestObject("ADMIN/Edit Text/Bespoke/Admin Pages/About Us/div_FontFormat_nicEdit-main nicEdit-selected"), "*"): Keys '*' sent to object: 'Object Repository/ADMIN/Edit Text/Bespoke/Admin Pages/About Us/div_FontFormat_nicEdit-main nicEdit-selected'

2020-03-20 15:04:54 - [MESSAGE][PASSED] - Keys '*' sent to object: 'Object Repository/ADMIN/Edit Text/Bespoke/Admin Pages/About Us/div_FontFormat_nicEdit-main nicEdit-selected'

2020-03-20 15:04:54 - [TEST_STEP][PASSED] - click(findTestObject("ADMIN/Edit Text/Bespoke/Buyer Pages/Homepage/button_save"), CONTINUE_ON_FAILURE): Object: 'Object Repository/ADMIN/Edit Text/Bespoke/Buyer Pages/Homepage/button_save' is clicked on

2020-03-20 15:04:54 - [MESSAGE][PASSED] - Object: 'Object Repository/ADMIN/Edit Text/Bespoke/Buyer Pages/Homepage/button_save' is clicked on

2020-03-20 15:04:54 - [TEST_STEP][PASSED] - waitForElementVisible(findTestObject("ADMIN/Edit Text/Bespoke/Buyer Pages/Homepage/toaster_success About"), 0): Object 'Object Repository/ADMIN/Edit Text/Bespoke/Buyer Pages/Homepage/toaster_success About' is visible

2020-03-20 15:04:54 - [MESSAGE][WARNING] - Timeout '0' is invalid. Using default page load timeout: '30'

2020-03-20 15:04:54 - [MESSAGE][PASSED] - Object 'Object Repository/ADMIN/Edit Text/Bespoke/Buyer Pages/Homepage/toaster_success About' is visible]]></system-out>
         <system-err><![CDATA[]]></system-err>
      </testcase>
      <testcase name="Test Cases/ADMIN/Language/Edit Text/Bespoke/Admin Pages/About Us" time="3.643" classname="Test Cases/ADMIN/Language/Edit Text/Bespoke/Admin Pages/About Us" status="PASSED">
         <system-out><![CDATA[2020-03-20 15:04:54 - [TEST_CASE][PASSED] - Test Cases/ADMIN/Language/Edit Text/Bespoke/Admin Pages/About Us: Test Cases/ADMIN/Language/Edit Text/Bespoke/Admin Pages/About Us

2020-03-20 15:04:54 - [TEST_STEP][PASSED] - waitForElementVisible(findTestObject("ADMIN/Edit Text/Bespoke/Buyer Navigation/dd_language"), 0): Object 'Object Repository/ADMIN/Edit Text/Bespoke/Buyer Navigation/dd_language' is visible

2020-03-20 15:04:54 - [MESSAGE][WARNING] - Timeout '0' is invalid. Using default page load timeout: '30'

2020-03-20 15:04:55 - [MESSAGE][PASSED] - Object 'Object Repository/ADMIN/Edit Text/Bespoke/Buyer Navigation/dd_language' is visible

2020-03-20 15:04:55 - [TEST_STEP][PASSED] - selectOptionByLabel(findTestObject("ADMIN/Edit Text/Bespoke/Buyer Navigation/dd_language"), varLanguage, false): All options with label 'Spanish' are selected in object 'Object Repository/ADMIN/Edit Text/Bespoke/Buyer Navigation/dd_language' 

2020-03-20 15:04:56 - [MESSAGE][PASSED] - All options with label 'Spanish' are selected in object 'Object Repository/ADMIN/Edit Text/Bespoke/Buyer Navigation/dd_language' 

2020-03-20 15:04:56 - [TEST_STEP][PASSED] - sendKeys(findTestObject("ADMIN/Edit Text/Bespoke/Admin Pages/About Us/input_ABOUT_lbl_title"), "*"): Keys '*' sent to object: 'Object Repository/ADMIN/Edit Text/Bespoke/Admin Pages/About Us/input_ABOUT_lbl_title'

2020-03-20 15:04:56 - [MESSAGE][PASSED] - Keys '*' sent to object: 'Object Repository/ADMIN/Edit Text/Bespoke/Admin Pages/About Us/input_ABOUT_lbl_title'

2020-03-20 15:04:56 - [TEST_STEP][PASSED] - sendKeys(findTestObject("ADMIN/Edit Text/Bespoke/Admin Pages/About Us/div_FontFormat_nicEdit-main nicEdit-selected"), "*"): Keys '*' sent to object: 'Object Repository/ADMIN/Edit Text/Bespoke/Admin Pages/About Us/div_FontFormat_nicEdit-main nicEdit-selected'

2020-03-20 15:04:57 - [MESSAGE][PASSED] - Keys '*' sent to object: 'Object Repository/ADMIN/Edit Text/Bespoke/Admin Pages/About Us/div_FontFormat_nicEdit-main nicEdit-selected'

2020-03-20 15:04:57 - [TEST_STEP][PASSED] - click(findTestObject("ADMIN/Edit Text/Bespoke/Buyer Pages/Homepage/button_save"), CONTINUE_ON_FAILURE): Object: 'Object Repository/ADMIN/Edit Text/Bespoke/Buyer Pages/Homepage/button_save' is clicked on

2020-03-20 15:04:58 - [MESSAGE][PASSED] - Object: 'Object Repository/ADMIN/Edit Text/Bespoke/Buyer Pages/Homepage/button_save' is clicked on

2020-03-20 15:04:58 - [TEST_STEP][PASSED] - waitForElementVisible(findTestObject("ADMIN/Edit Text/Bespoke/Buyer Pages/Homepage/toaster_success About"), 0): Object 'Object Repository/ADMIN/Edit Text/Bespoke/Buyer Pages/Homepage/toaster_success About' is visible

2020-03-20 15:04:58 - [MESSAGE][WARNING] - Timeout '0' is invalid. Using default page load timeout: '30'

2020-03-20 15:04:58 - [MESSAGE][PASSED] - Object 'Object Repository/ADMIN/Edit Text/Bespoke/Buyer Pages/Homepage/toaster_success About' is visible]]></system-out>
         <system-err><![CDATA[]]></system-err>
      </testcase>
      <testcase name="Test Cases/ADMIN/Language/Edit Text/Bespoke/Admin Pages/About Us" time="3.36" classname="Test Cases/ADMIN/Language/Edit Text/Bespoke/Admin Pages/About Us" status="PASSED">
         <system-out><![CDATA[2020-03-20 15:04:58 - [TEST_CASE][PASSED] - Test Cases/ADMIN/Language/Edit Text/Bespoke/Admin Pages/About Us: Test Cases/ADMIN/Language/Edit Text/Bespoke/Admin Pages/About Us

2020-03-20 15:04:58 - [TEST_STEP][PASSED] - waitForElementVisible(findTestObject("ADMIN/Edit Text/Bespoke/Buyer Navigation/dd_language"), 0): Object 'Object Repository/ADMIN/Edit Text/Bespoke/Buyer Navigation/dd_language' is visible

2020-03-20 15:04:58 - [MESSAGE][WARNING] - Timeout '0' is invalid. Using default page load timeout: '30'

2020-03-20 15:04:59 - [MESSAGE][PASSED] - Object 'Object Repository/ADMIN/Edit Text/Bespoke/Buyer Navigation/dd_language' is visible

2020-03-20 15:04:59 - [TEST_STEP][PASSED] - selectOptionByLabel(findTestObject("ADMIN/Edit Text/Bespoke/Buyer Navigation/dd_language"), varLanguage, false): All options with label 'Hindi' are selected in object 'Object Repository/ADMIN/Edit Text/Bespoke/Buyer Navigation/dd_language' 

2020-03-20 15:05:00 - [MESSAGE][PASSED] - All options with label 'Hindi' are selected in object 'Object Repository/ADMIN/Edit Text/Bespoke/Buyer Navigation/dd_language' 

2020-03-20 15:05:00 - [TEST_STEP][PASSED] - sendKeys(findTestObject("ADMIN/Edit Text/Bespoke/Admin Pages/About Us/input_ABOUT_lbl_title"), "*"): Keys '*' sent to object: 'Object Repository/ADMIN/Edit Text/Bespoke/Admin Pages/About Us/input_ABOUT_lbl_title'

2020-03-20 15:05:01 - [MESSAGE][PASSED] - Keys '*' sent to object: 'Object Repository/ADMIN/Edit Text/Bespoke/Admin Pages/About Us/input_ABOUT_lbl_title'

2020-03-20 15:05:01 - [TEST_STEP][PASSED] - sendKeys(findTestObject("ADMIN/Edit Text/Bespoke/Admin Pages/About Us/div_FontFormat_nicEdit-main nicEdit-selected"), "*"): Keys '*' sent to object: 'Object Repository/ADMIN/Edit Text/Bespoke/Admin Pages/About Us/div_FontFormat_nicEdit-main nicEdit-selected'

2020-03-20 15:05:01 - [MESSAGE][PASSED] - Keys '*' sent to object: 'Object Repository/ADMIN/Edit Text/Bespoke/Admin Pages/About Us/div_FontFormat_nicEdit-main nicEdit-selected'

2020-03-20 15:05:01 - [TEST_STEP][PASSED] - click(findTestObject("ADMIN/Edit Text/Bespoke/Buyer Pages/Homepage/button_save"), CONTINUE_ON_FAILURE): Object: 'Object Repository/ADMIN/Edit Text/Bespoke/Buyer Pages/Homepage/button_save' is clicked on

2020-03-20 15:05:01 - [MESSAGE][PASSED] - Object: 'Object Repository/ADMIN/Edit Text/Bespoke/Buyer Pages/Homepage/button_save' is clicked on

2020-03-20 15:05:01 - [TEST_STEP][PASSED] - waitForElementVisible(findTestObject("ADMIN/Edit Text/Bespoke/Buyer Pages/Homepage/toaster_success About"), 0): Object 'Object Repository/ADMIN/Edit Text/Bespoke/Buyer Pages/Homepage/toaster_success About' is visible

2020-03-20 15:05:01 - [MESSAGE][WARNING] - Timeout '0' is invalid. Using default page load timeout: '30'

2020-03-20 15:05:01 - [MESSAGE][PASSED] - Object 'Object Repository/ADMIN/Edit Text/Bespoke/Buyer Pages/Homepage/toaster_success About' is visible]]></system-out>
         <system-err><![CDATA[]]></system-err>
      </testcase>
      <testcase name="Test Cases/ADMIN/Language/Edit Text/Bespoke/Admin Pages/About Us" time="2.456" classname="Test Cases/ADMIN/Language/Edit Text/Bespoke/Admin Pages/About Us" status="PASSED">
         <system-out><![CDATA[2020-03-20 15:05:01 - [TEST_CASE][PASSED] - Test Cases/ADMIN/Language/Edit Text/Bespoke/Admin Pages/About Us: Test Cases/ADMIN/Language/Edit Text/Bespoke/Admin Pages/About Us

2020-03-20 15:05:01 - [TEST_STEP][PASSED] - waitForElementVisible(findTestObject("ADMIN/Edit Text/Bespoke/Buyer Navigation/dd_language"), 0): Object 'Object Repository/ADMIN/Edit Text/Bespoke/Buyer Navigation/dd_language' is visible

2020-03-20 15:05:01 - [MESSAGE][WARNING] - Timeout '0' is invalid. Using default page load timeout: '30'

2020-03-20 15:05:01 - [MESSAGE][PASSED] - Object 'Object Repository/ADMIN/Edit Text/Bespoke/Buyer Navigation/dd_language' is visible

2020-03-20 15:05:01 - [TEST_STEP][PASSED] - selectOptionByLabel(findTestObject("ADMIN/Edit Text/Bespoke/Buyer Navigation/dd_language"), varLanguage, false): All options with label 'German' are selected in object 'Object Repository/ADMIN/Edit Text/Bespoke/Buyer Navigation/dd_language' 

2020-03-20 15:05:02 - [MESSAGE][PASSED] - All options with label 'German' are selected in object 'Object Repository/ADMIN/Edit Text/Bespoke/Buyer Navigation/dd_language' 

2020-03-20 15:05:02 - [TEST_STEP][PASSED] - sendKeys(findTestObject("ADMIN/Edit Text/Bespoke/Admin Pages/About Us/input_ABOUT_lbl_title"), "*"): Keys '*' sent to object: 'Object Repository/ADMIN/Edit Text/Bespoke/Admin Pages/About Us/input_ABOUT_lbl_title'

2020-03-20 15:05:03 - [MESSAGE][PASSED] - Keys '*' sent to object: 'Object Repository/ADMIN/Edit Text/Bespoke/Admin Pages/About Us/input_ABOUT_lbl_title'

2020-03-20 15:05:03 - [TEST_STEP][PASSED] - sendKeys(findTestObject("ADMIN/Edit Text/Bespoke/Admin Pages/About Us/div_FontFormat_nicEdit-main nicEdit-selected"), "*"): Keys '*' sent to object: 'Object Repository/ADMIN/Edit Text/Bespoke/Admin Pages/About Us/div_FontFormat_nicEdit-main nicEdit-selected'

2020-03-20 15:05:03 - [MESSAGE][PASSED] - Keys '*' sent to object: 'Object Repository/ADMIN/Edit Text/Bespoke/Admin Pages/About Us/div_FontFormat_nicEdit-main nicEdit-selected'

2020-03-20 15:05:03 - [TEST_STEP][PASSED] - click(findTestObject("ADMIN/Edit Text/Bespoke/Buyer Pages/Homepage/button_save"), CONTINUE_ON_FAILURE): Object: 'Object Repository/ADMIN/Edit Text/Bespoke/Buyer Pages/Homepage/button_save' is clicked on

2020-03-20 15:05:03 - [MESSAGE][PASSED] - Object: 'Object Repository/ADMIN/Edit Text/Bespoke/Buyer Pages/Homepage/button_save' is clicked on

2020-03-20 15:05:03 - [TEST_STEP][PASSED] - waitForElementVisible(findTestObject("ADMIN/Edit Text/Bespoke/Buyer Pages/Homepage/toaster_success About"), 0): Object 'Object Repository/ADMIN/Edit Text/Bespoke/Buyer Pages/Homepage/toaster_success About' is visible

2020-03-20 15:05:03 - [MESSAGE][WARNING] - Timeout '0' is invalid. Using default page load timeout: '30'

2020-03-20 15:05:04 - [MESSAGE][PASSED] - Object 'Object Repository/ADMIN/Edit Text/Bespoke/Buyer Pages/Homepage/toaster_success About' is visible]]></system-out>
         <system-err><![CDATA[]]></system-err>
      </testcase>
      <testcase name="Test Cases/ADMIN/Language/Edit Text/Bespoke/Admin Pages/About Us" time="3.319" classname="Test Cases/ADMIN/Language/Edit Text/Bespoke/Admin Pages/About Us" status="PASSED">
         <system-out><![CDATA[2020-03-20 15:05:04 - [TEST_CASE][PASSED] - Test Cases/ADMIN/Language/Edit Text/Bespoke/Admin Pages/About Us: Test Cases/ADMIN/Language/Edit Text/Bespoke/Admin Pages/About Us

2020-03-20 15:05:04 - [TEST_STEP][PASSED] - waitForElementVisible(findTestObject("ADMIN/Edit Text/Bespoke/Buyer Navigation/dd_language"), 0): Object 'Object Repository/ADMIN/Edit Text/Bespoke/Buyer Navigation/dd_language' is visible

2020-03-20 15:05:04 - [MESSAGE][WARNING] - Timeout '0' is invalid. Using default page load timeout: '30'

2020-03-20 15:05:04 - [MESSAGE][PASSED] - Object 'Object Repository/ADMIN/Edit Text/Bespoke/Buyer Navigation/dd_language' is visible

2020-03-20 15:05:04 - [TEST_STEP][PASSED] - selectOptionByLabel(findTestObject("ADMIN/Edit Text/Bespoke/Buyer Navigation/dd_language"), varLanguage, false): All options with label 'Japanese' are selected in object 'Object Repository/ADMIN/Edit Text/Bespoke/Buyer Navigation/dd_language' 

2020-03-20 15:05:05 - [MESSAGE][PASSED] - All options with label 'Japanese' are selected in object 'Object Repository/ADMIN/Edit Text/Bespoke/Buyer Navigation/dd_language' 

2020-03-20 15:05:05 - [TEST_STEP][PASSED] - sendKeys(findTestObject("ADMIN/Edit Text/Bespoke/Admin Pages/About Us/input_ABOUT_lbl_title"), "*"): Keys '*' sent to object: 'Object Repository/ADMIN/Edit Text/Bespoke/Admin Pages/About Us/input_ABOUT_lbl_title'

2020-03-20 15:05:05 - [MESSAGE][PASSED] - Keys '*' sent to object: 'Object Repository/ADMIN/Edit Text/Bespoke/Admin Pages/About Us/input_ABOUT_lbl_title'

2020-03-20 15:05:05 - [TEST_STEP][PASSED] - sendKeys(findTestObject("ADMIN/Edit Text/Bespoke/Admin Pages/About Us/div_FontFormat_nicEdit-main nicEdit-selected"), "*"): Keys '*' sent to object: 'Object Repository/ADMIN/Edit Text/Bespoke/Admin Pages/About Us/div_FontFormat_nicEdit-main nicEdit-selected'

2020-03-20 15:05:06 - [MESSAGE][PASSED] - Keys '*' sent to object: 'Object Repository/ADMIN/Edit Text/Bespoke/Admin Pages/About Us/div_FontFormat_nicEdit-main nicEdit-selected'

2020-03-20 15:05:06 - [TEST_STEP][PASSED] - click(findTestObject("ADMIN/Edit Text/Bespoke/Buyer Pages/Homepage/button_save"), CONTINUE_ON_FAILURE): Object: 'Object Repository/ADMIN/Edit Text/Bespoke/Buyer Pages/Homepage/button_save' is clicked on

2020-03-20 15:05:06 - [MESSAGE][PASSED] - Object: 'Object Repository/ADMIN/Edit Text/Bespoke/Buyer Pages/Homepage/button_save' is clicked on

2020-03-20 15:05:06 - [TEST_STEP][PASSED] - waitForElementVisible(findTestObject("ADMIN/Edit Text/Bespoke/Buyer Pages/Homepage/toaster_success About"), 0): Object 'Object Repository/ADMIN/Edit Text/Bespoke/Buyer Pages/Homepage/toaster_success About' is visible

2020-03-20 15:05:06 - [MESSAGE][WARNING] - Timeout '0' is invalid. Using default page load timeout: '30'

2020-03-20 15:05:07 - [MESSAGE][PASSED] - Object 'Object Repository/ADMIN/Edit Text/Bespoke/Buyer Pages/Homepage/toaster_success About' is visible]]></system-out>
         <system-err><![CDATA[]]></system-err>
      </testcase>
      <testcase name="Test Cases/ADMIN/Language/Edit Text/Bespoke/Admin Pages/About Us" time="3.06" classname="Test Cases/ADMIN/Language/Edit Text/Bespoke/Admin Pages/About Us" status="PASSED">
         <system-out><![CDATA[2020-03-20 15:05:07 - [TEST_CASE][PASSED] - Test Cases/ADMIN/Language/Edit Text/Bespoke/Admin Pages/About Us: Test Cases/ADMIN/Language/Edit Text/Bespoke/Admin Pages/About Us

2020-03-20 15:05:07 - [TEST_STEP][PASSED] - waitForElementVisible(findTestObject("ADMIN/Edit Text/Bespoke/Buyer Navigation/dd_language"), 0): Object 'Object Repository/ADMIN/Edit Text/Bespoke/Buyer Navigation/dd_language' is visible

2020-03-20 15:05:07 - [MESSAGE][WARNING] - Timeout '0' is invalid. Using default page load timeout: '30'

2020-03-20 15:05:07 - [MESSAGE][PASSED] - Object 'Object Repository/ADMIN/Edit Text/Bespoke/Buyer Navigation/dd_language' is visible

2020-03-20 15:05:07 - [TEST_STEP][PASSED] - selectOptionByLabel(findTestObject("ADMIN/Edit Text/Bespoke/Buyer Navigation/dd_language"), varLanguage, false): All options with label 'Chinese (Traditional)' are selected in object 'Object Repository/ADMIN/Edit Text/Bespoke/Buyer Navigation/dd_language' 

2020-03-20 15:05:08 - [MESSAGE][PASSED] - All options with label 'Chinese (Traditional)' are selected in object 'Object Repository/ADMIN/Edit Text/Bespoke/Buyer Navigation/dd_language' 

2020-03-20 15:05:08 - [TEST_STEP][PASSED] - sendKeys(findTestObject("ADMIN/Edit Text/Bespoke/Admin Pages/About Us/input_ABOUT_lbl_title"), "*"): Keys '*' sent to object: 'Object Repository/ADMIN/Edit Text/Bespoke/Admin Pages/About Us/input_ABOUT_lbl_title'

2020-03-20 15:05:09 - [MESSAGE][PASSED] - Keys '*' sent to object: 'Object Repository/ADMIN/Edit Text/Bespoke/Admin Pages/About Us/input_ABOUT_lbl_title'

2020-03-20 15:05:09 - [TEST_STEP][PASSED] - sendKeys(findTestObject("ADMIN/Edit Text/Bespoke/Admin Pages/About Us/div_FontFormat_nicEdit-main nicEdit-selected"), "*"): Keys '*' sent to object: 'Object Repository/ADMIN/Edit Text/Bespoke/Admin Pages/About Us/div_FontFormat_nicEdit-main nicEdit-selected'

2020-03-20 15:05:09 - [MESSAGE][PASSED] - Keys '*' sent to object: 'Object Repository/ADMIN/Edit Text/Bespoke/Admin Pages/About Us/div_FontFormat_nicEdit-main nicEdit-selected'

2020-03-20 15:05:09 - [TEST_STEP][PASSED] - click(findTestObject("ADMIN/Edit Text/Bespoke/Buyer Pages/Homepage/button_save"), CONTINUE_ON_FAILURE): Object: 'Object Repository/ADMIN/Edit Text/Bespoke/Buyer Pages/Homepage/button_save' is clicked on

2020-03-20 15:05:09 - [MESSAGE][PASSED] - Object: 'Object Repository/ADMIN/Edit Text/Bespoke/Buyer Pages/Homepage/button_save' is clicked on

2020-03-20 15:05:09 - [TEST_STEP][PASSED] - waitForElementVisible(findTestObject("ADMIN/Edit Text/Bespoke/Buyer Pages/Homepage/toaster_success About"), 0): Object 'Object Repository/ADMIN/Edit Text/Bespoke/Buyer Pages/Homepage/toaster_success About' is visible

2020-03-20 15:05:09 - [MESSAGE][WARNING] - Timeout '0' is invalid. Using default page load timeout: '30'

2020-03-20 15:05:10 - [MESSAGE][PASSED] - Object 'Object Repository/ADMIN/Edit Text/Bespoke/Buyer Pages/Homepage/toaster_success About' is visible]]></system-out>
         <system-err><![CDATA[]]></system-err>
      </testcase>
      <testcase name="Test Cases/ADMIN/Language/Edit Text/Bespoke/Admin Pages/About Us" time="2.606" classname="Test Cases/ADMIN/Language/Edit Text/Bespoke/Admin Pages/About Us" status="PASSED">
         <system-out><![CDATA[2020-03-20 15:05:10 - [TEST_CASE][PASSED] - Test Cases/ADMIN/Language/Edit Text/Bespoke/Admin Pages/About Us: Test Cases/ADMIN/Language/Edit Text/Bespoke/Admin Pages/About Us

2020-03-20 15:05:10 - [TEST_STEP][PASSED] - waitForElementVisible(findTestObject("ADMIN/Edit Text/Bespoke/Buyer Navigation/dd_language"), 0): Object 'Object Repository/ADMIN/Edit Text/Bespoke/Buyer Navigation/dd_language' is visible

2020-03-20 15:05:10 - [MESSAGE][WARNING] - Timeout '0' is invalid. Using default page load timeout: '30'

2020-03-20 15:05:10 - [MESSAGE][PASSED] - Object 'Object Repository/ADMIN/Edit Text/Bespoke/Buyer Navigation/dd_language' is visible

2020-03-20 15:05:10 - [TEST_STEP][PASSED] - selectOptionByLabel(findTestObject("ADMIN/Edit Text/Bespoke/Buyer Navigation/dd_language"), varLanguage, false): All options with label 'Portuguese' are selected in object 'Object Repository/ADMIN/Edit Text/Bespoke/Buyer Navigation/dd_language' 

2020-03-20 15:05:11 - [MESSAGE][PASSED] - All options with label 'Portuguese' are selected in object 'Object Repository/ADMIN/Edit Text/Bespoke/Buyer Navigation/dd_language' 

2020-03-20 15:05:12 - [TEST_STEP][PASSED] - sendKeys(findTestObject("ADMIN/Edit Text/Bespoke/Admin Pages/About Us/input_ABOUT_lbl_title"), "*"): Keys '*' sent to object: 'Object Repository/ADMIN/Edit Text/Bespoke/Admin Pages/About Us/input_ABOUT_lbl_title'

2020-03-20 15:05:12 - [MESSAGE][PASSED] - Keys '*' sent to object: 'Object Repository/ADMIN/Edit Text/Bespoke/Admin Pages/About Us/input_ABOUT_lbl_title'

2020-03-20 15:05:12 - [TEST_STEP][PASSED] - sendKeys(findTestObject("ADMIN/Edit Text/Bespoke/Admin Pages/About Us/div_FontFormat_nicEdit-main nicEdit-selected"), "*"): Keys '*' sent to object: 'Object Repository/ADMIN/Edit Text/Bespoke/Admin Pages/About Us/div_FontFormat_nicEdit-main nicEdit-selected'

2020-03-20 15:05:12 - [MESSAGE][PASSED] - Keys '*' sent to object: 'Object Repository/ADMIN/Edit Text/Bespoke/Admin Pages/About Us/div_FontFormat_nicEdit-main nicEdit-selected'

2020-03-20 15:05:12 - [TEST_STEP][PASSED] - click(findTestObject("ADMIN/Edit Text/Bespoke/Buyer Pages/Homepage/button_save"), CONTINUE_ON_FAILURE): Object: 'Object Repository/ADMIN/Edit Text/Bespoke/Buyer Pages/Homepage/button_save' is clicked on

2020-03-20 15:05:13 - [MESSAGE][PASSED] - Object: 'Object Repository/ADMIN/Edit Text/Bespoke/Buyer Pages/Homepage/button_save' is clicked on

2020-03-20 15:05:13 - [TEST_STEP][PASSED] - waitForElementVisible(findTestObject("ADMIN/Edit Text/Bespoke/Buyer Pages/Homepage/toaster_success About"), 0): Object 'Object Repository/ADMIN/Edit Text/Bespoke/Buyer Pages/Homepage/toaster_success About' is visible

2020-03-20 15:05:13 - [MESSAGE][WARNING] - Timeout '0' is invalid. Using default page load timeout: '30'

2020-03-20 15:05:13 - [MESSAGE][PASSED] - Object 'Object Repository/ADMIN/Edit Text/Bespoke/Buyer Pages/Homepage/toaster_success About' is visible]]></system-out>
         <system-err><![CDATA[]]></system-err>
      </testcase>
      <testcase name="Test Cases/ADMIN/Language/Edit Text/Bespoke/Admin Pages/About Us" time="3.087" classname="Test Cases/ADMIN/Language/Edit Text/Bespoke/Admin Pages/About Us" status="PASSED">
         <system-out><![CDATA[2020-03-20 15:05:13 - [TEST_CASE][PASSED] - Test Cases/ADMIN/Language/Edit Text/Bespoke/Admin Pages/About Us: Test Cases/ADMIN/Language/Edit Text/Bespoke/Admin Pages/About Us

2020-03-20 15:05:13 - [TEST_STEP][PASSED] - waitForElementVisible(findTestObject("ADMIN/Edit Text/Bespoke/Buyer Navigation/dd_language"), 0): Object 'Object Repository/ADMIN/Edit Text/Bespoke/Buyer Navigation/dd_language' is visible

2020-03-20 15:05:13 - [MESSAGE][WARNING] - Timeout '0' is invalid. Using default page load timeout: '30'

2020-03-20 15:05:13 - [MESSAGE][PASSED] - Object 'Object Repository/ADMIN/Edit Text/Bespoke/Buyer Navigation/dd_language' is visible

2020-03-20 15:05:13 - [TEST_STEP][PASSED] - selectOptionByLabel(findTestObject("ADMIN/Edit Text/Bespoke/Buyer Navigation/dd_language"), varLanguage, false): All options with label 'Indonesian' are selected in object 'Object Repository/ADMIN/Edit Text/Bespoke/Buyer Navigation/dd_language' 

2020-03-20 15:05:15 - [MESSAGE][PASSED] - All options with label 'Indonesian' are selected in object 'Object Repository/ADMIN/Edit Text/Bespoke/Buyer Navigation/dd_language' 

2020-03-20 15:05:15 - [TEST_STEP][PASSED] - sendKeys(findTestObject("ADMIN/Edit Text/Bespoke/Admin Pages/About Us/input_ABOUT_lbl_title"), "*"): Keys '*' sent to object: 'Object Repository/ADMIN/Edit Text/Bespoke/Admin Pages/About Us/input_ABOUT_lbl_title'

2020-03-20 15:05:15 - [MESSAGE][PASSED] - Keys '*' sent to object: 'Object Repository/ADMIN/Edit Text/Bespoke/Admin Pages/About Us/input_ABOUT_lbl_title'

2020-03-20 15:05:15 - [TEST_STEP][PASSED] - sendKeys(findTestObject("ADMIN/Edit Text/Bespoke/Admin Pages/About Us/div_FontFormat_nicEdit-main nicEdit-selected"), "*"): Keys '*' sent to object: 'Object Repository/ADMIN/Edit Text/Bespoke/Admin Pages/About Us/div_FontFormat_nicEdit-main nicEdit-selected'

2020-03-20 15:05:15 - [MESSAGE][PASSED] - Keys '*' sent to object: 'Object Repository/ADMIN/Edit Text/Bespoke/Admin Pages/About Us/div_FontFormat_nicEdit-main nicEdit-selected'

2020-03-20 15:05:15 - [TEST_STEP][PASSED] - click(findTestObject("ADMIN/Edit Text/Bespoke/Buyer Pages/Homepage/button_save"), CONTINUE_ON_FAILURE): Object: 'Object Repository/ADMIN/Edit Text/Bespoke/Buyer Pages/Homepage/button_save' is clicked on

2020-03-20 15:05:16 - [MESSAGE][PASSED] - Object: 'Object Repository/ADMIN/Edit Text/Bespoke/Buyer Pages/Homepage/button_save' is clicked on

2020-03-20 15:05:16 - [TEST_STEP][PASSED] - waitForElementVisible(findTestObject("ADMIN/Edit Text/Bespoke/Buyer Pages/Homepage/toaster_success About"), 0): Object 'Object Repository/ADMIN/Edit Text/Bespoke/Buyer Pages/Homepage/toaster_success About' is visible

2020-03-20 15:05:16 - [MESSAGE][WARNING] - Timeout '0' is invalid. Using default page load timeout: '30'

2020-03-20 15:05:16 - [MESSAGE][PASSED] - Object 'Object Repository/ADMIN/Edit Text/Bespoke/Buyer Pages/Homepage/toaster_success About' is visible]]></system-out>
         <system-err><![CDATA[]]></system-err>
      </testcase>
      <testcase name="Test Cases/ADMIN/Language/Edit Text/Bespoke/Admin Pages/About Us" time="2.459" classname="Test Cases/ADMIN/Language/Edit Text/Bespoke/Admin Pages/About Us" status="PASSED">
         <system-out><![CDATA[2020-03-20 15:05:16 - [TEST_CASE][PASSED] - Test Cases/ADMIN/Language/Edit Text/Bespoke/Admin Pages/About Us: Test Cases/ADMIN/Language/Edit Text/Bespoke/Admin Pages/About Us

2020-03-20 15:05:16 - [TEST_STEP][PASSED] - waitForElementVisible(findTestObject("ADMIN/Edit Text/Bespoke/Buyer Navigation/dd_language"), 0): Object 'Object Repository/ADMIN/Edit Text/Bespoke/Buyer Navigation/dd_language' is visible

2020-03-20 15:05:16 - [MESSAGE][WARNING] - Timeout '0' is invalid. Using default page load timeout: '30'

2020-03-20 15:05:16 - [MESSAGE][PASSED] - Object 'Object Repository/ADMIN/Edit Text/Bespoke/Buyer Navigation/dd_language' is visible

2020-03-20 15:05:16 - [TEST_STEP][PASSED] - selectOptionByLabel(findTestObject("ADMIN/Edit Text/Bespoke/Buyer Navigation/dd_language"), varLanguage, false): All options with label 'Russian' are selected in object 'Object Repository/ADMIN/Edit Text/Bespoke/Buyer Navigation/dd_language' 

2020-03-20 15:05:17 - [MESSAGE][PASSED] - All options with label 'Russian' are selected in object 'Object Repository/ADMIN/Edit Text/Bespoke/Buyer Navigation/dd_language' 

2020-03-20 15:05:17 - [TEST_STEP][PASSED] - sendKeys(findTestObject("ADMIN/Edit Text/Bespoke/Admin Pages/About Us/input_ABOUT_lbl_title"), "*"): Keys '*' sent to object: 'Object Repository/ADMIN/Edit Text/Bespoke/Admin Pages/About Us/input_ABOUT_lbl_title'

2020-03-20 15:05:17 - [MESSAGE][PASSED] - Keys '*' sent to object: 'Object Repository/ADMIN/Edit Text/Bespoke/Admin Pages/About Us/input_ABOUT_lbl_title'

2020-03-20 15:05:17 - [TEST_STEP][PASSED] - sendKeys(findTestObject("ADMIN/Edit Text/Bespoke/Admin Pages/About Us/div_FontFormat_nicEdit-main nicEdit-selected"), "*"): Keys '*' sent to object: 'Object Repository/ADMIN/Edit Text/Bespoke/Admin Pages/About Us/div_FontFormat_nicEdit-main nicEdit-selected'

2020-03-20 15:05:18 - [MESSAGE][PASSED] - Keys '*' sent to object: 'Object Repository/ADMIN/Edit Text/Bespoke/Admin Pages/About Us/div_FontFormat_nicEdit-main nicEdit-selected'

2020-03-20 15:05:18 - [TEST_STEP][PASSED] - click(findTestObject("ADMIN/Edit Text/Bespoke/Buyer Pages/Homepage/button_save"), CONTINUE_ON_FAILURE): Object: 'Object Repository/ADMIN/Edit Text/Bespoke/Buyer Pages/Homepage/button_save' is clicked on

2020-03-20 15:05:18 - [MESSAGE][PASSED] - Object: 'Object Repository/ADMIN/Edit Text/Bespoke/Buyer Pages/Homepage/button_save' is clicked on

2020-03-20 15:05:18 - [TEST_STEP][PASSED] - waitForElementVisible(findTestObject("ADMIN/Edit Text/Bespoke/Buyer Pages/Homepage/toaster_success About"), 0): Object 'Object Repository/ADMIN/Edit Text/Bespoke/Buyer Pages/Homepage/toaster_success About' is visible

2020-03-20 15:05:18 - [MESSAGE][WARNING] - Timeout '0' is invalid. Using default page load timeout: '30'

2020-03-20 15:05:18 - [MESSAGE][PASSED] - Object 'Object Repository/ADMIN/Edit Text/Bespoke/Buyer Pages/Homepage/toaster_success About' is visible]]></system-out>
         <system-err><![CDATA[]]></system-err>
      </testcase>
      <testcase name="Test Cases/ADMIN/Language/Edit Text/Bespoke/Admin Pages/About Us" time="2.607" classname="Test Cases/ADMIN/Language/Edit Text/Bespoke/Admin Pages/About Us" status="PASSED">
         <system-out><![CDATA[2020-03-20 15:05:18 - [TEST_CASE][PASSED] - Test Cases/ADMIN/Language/Edit Text/Bespoke/Admin Pages/About Us: Test Cases/ADMIN/Language/Edit Text/Bespoke/Admin Pages/About Us

2020-03-20 15:05:18 - [TEST_STEP][PASSED] - waitForElementVisible(findTestObject("ADMIN/Edit Text/Bespoke/Buyer Navigation/dd_language"), 0): Object 'Object Repository/ADMIN/Edit Text/Bespoke/Buyer Navigation/dd_language' is visible

2020-03-20 15:05:18 - [MESSAGE][WARNING] - Timeout '0' is invalid. Using default page load timeout: '30'

2020-03-20 15:05:19 - [MESSAGE][PASSED] - Object 'Object Repository/ADMIN/Edit Text/Bespoke/Buyer Navigation/dd_language' is visible

2020-03-20 15:05:19 - [TEST_STEP][PASSED] - selectOptionByLabel(findTestObject("ADMIN/Edit Text/Bespoke/Buyer Navigation/dd_language"), varLanguage, false): All options with label 'Italian' are selected in object 'Object Repository/ADMIN/Edit Text/Bespoke/Buyer Navigation/dd_language' 

2020-03-20 15:05:20 - [MESSAGE][PASSED] - All options with label 'Italian' are selected in object 'Object Repository/ADMIN/Edit Text/Bespoke/Buyer Navigation/dd_language' 

2020-03-20 15:05:20 - [TEST_STEP][PASSED] - sendKeys(findTestObject("ADMIN/Edit Text/Bespoke/Admin Pages/About Us/input_ABOUT_lbl_title"), "*"): Keys '*' sent to object: 'Object Repository/ADMIN/Edit Text/Bespoke/Admin Pages/About Us/input_ABOUT_lbl_title'

2020-03-20 15:05:20 - [MESSAGE][PASSED] - Keys '*' sent to object: 'Object Repository/ADMIN/Edit Text/Bespoke/Admin Pages/About Us/input_ABOUT_lbl_title'

2020-03-20 15:05:20 - [TEST_STEP][PASSED] - sendKeys(findTestObject("ADMIN/Edit Text/Bespoke/Admin Pages/About Us/div_FontFormat_nicEdit-main nicEdit-selected"), "*"): Keys '*' sent to object: 'Object Repository/ADMIN/Edit Text/Bespoke/Admin Pages/About Us/div_FontFormat_nicEdit-main nicEdit-selected'

2020-03-20 15:05:20 - [MESSAGE][PASSED] - Keys '*' sent to object: 'Object Repository/ADMIN/Edit Text/Bespoke/Admin Pages/About Us/div_FontFormat_nicEdit-main nicEdit-selected'

2020-03-20 15:05:20 - [TEST_STEP][PASSED] - click(findTestObject("ADMIN/Edit Text/Bespoke/Buyer Pages/Homepage/button_save"), CONTINUE_ON_FAILURE): Object: 'Object Repository/ADMIN/Edit Text/Bespoke/Buyer Pages/Homepage/button_save' is clicked on

2020-03-20 15:05:21 - [MESSAGE][PASSED] - Object: 'Object Repository/ADMIN/Edit Text/Bespoke/Buyer Pages/Homepage/button_save' is clicked on

2020-03-20 15:05:21 - [TEST_STEP][PASSED] - waitForElementVisible(findTestObject("ADMIN/Edit Text/Bespoke/Buyer Pages/Homepage/toaster_success About"), 0): Object 'Object Repository/ADMIN/Edit Text/Bespoke/Buyer Pages/Homepage/toaster_success About' is visible

2020-03-20 15:05:21 - [MESSAGE][WARNING] - Timeout '0' is invalid. Using default page load timeout: '30'

2020-03-20 15:05:21 - [MESSAGE][PASSED] - Object 'Object Repository/ADMIN/Edit Text/Bespoke/Buyer Pages/Homepage/toaster_success About' is visible]]></system-out>
         <system-err><![CDATA[]]></system-err>
      </testcase>
      <testcase name="Test Cases/ADMIN/Language/Edit Text/Bespoke/Admin Pages/About Us" time="2.493" classname="Test Cases/ADMIN/Language/Edit Text/Bespoke/Admin Pages/About Us" status="PASSED">
         <system-out><![CDATA[2020-03-20 15:05:21 - [TEST_CASE][PASSED] - Test Cases/ADMIN/Language/Edit Text/Bespoke/Admin Pages/About Us: Test Cases/ADMIN/Language/Edit Text/Bespoke/Admin Pages/About Us

2020-03-20 15:05:21 - [TEST_STEP][PASSED] - waitForElementVisible(findTestObject("ADMIN/Edit Text/Bespoke/Buyer Navigation/dd_language"), 0): Object 'Object Repository/ADMIN/Edit Text/Bespoke/Buyer Navigation/dd_language' is visible

2020-03-20 15:05:21 - [MESSAGE][WARNING] - Timeout '0' is invalid. Using default page load timeout: '30'

2020-03-20 15:05:21 - [MESSAGE][PASSED] - Object 'Object Repository/ADMIN/Edit Text/Bespoke/Buyer Navigation/dd_language' is visible

2020-03-20 15:05:21 - [TEST_STEP][PASSED] - selectOptionByLabel(findTestObject("ADMIN/Edit Text/Bespoke/Buyer Navigation/dd_language"), varLanguage, false): All options with label 'Arabic' are selected in object 'Object Repository/ADMIN/Edit Text/Bespoke/Buyer Navigation/dd_language' 

2020-03-20 15:05:22 - [MESSAGE][PASSED] - All options with label 'Arabic' are selected in object 'Object Repository/ADMIN/Edit Text/Bespoke/Buyer Navigation/dd_language' 

2020-03-20 15:05:22 - [TEST_STEP][PASSED] - sendKeys(findTestObject("ADMIN/Edit Text/Bespoke/Admin Pages/About Us/input_ABOUT_lbl_title"), "*"): Keys '*' sent to object: 'Object Repository/ADMIN/Edit Text/Bespoke/Admin Pages/About Us/input_ABOUT_lbl_title'

2020-03-20 15:05:23 - [MESSAGE][PASSED] - Keys '*' sent to object: 'Object Repository/ADMIN/Edit Text/Bespoke/Admin Pages/About Us/input_ABOUT_lbl_title'

2020-03-20 15:05:23 - [TEST_STEP][PASSED] - sendKeys(findTestObject("ADMIN/Edit Text/Bespoke/Admin Pages/About Us/div_FontFormat_nicEdit-main nicEdit-selected"), "*"): Keys '*' sent to object: 'Object Repository/ADMIN/Edit Text/Bespoke/Admin Pages/About Us/div_FontFormat_nicEdit-main nicEdit-selected'

2020-03-20 15:05:23 - [MESSAGE][PASSED] - Keys '*' sent to object: 'Object Repository/ADMIN/Edit Text/Bespoke/Admin Pages/About Us/div_FontFormat_nicEdit-main nicEdit-selected'

2020-03-20 15:05:23 - [TEST_STEP][PASSED] - click(findTestObject("ADMIN/Edit Text/Bespoke/Buyer Pages/Homepage/button_save"), CONTINUE_ON_FAILURE): Object: 'Object Repository/ADMIN/Edit Text/Bespoke/Buyer Pages/Homepage/button_save' is clicked on

2020-03-20 15:05:23 - [MESSAGE][PASSED] - Object: 'Object Repository/ADMIN/Edit Text/Bespoke/Buyer Pages/Homepage/button_save' is clicked on

2020-03-20 15:05:23 - [TEST_STEP][PASSED] - waitForElementVisible(findTestObject("ADMIN/Edit Text/Bespoke/Buyer Pages/Homepage/toaster_success About"), 0): Object 'Object Repository/ADMIN/Edit Text/Bespoke/Buyer Pages/Homepage/toaster_success About' is visible

2020-03-20 15:05:23 - [MESSAGE][WARNING] - Timeout '0' is invalid. Using default page load timeout: '30'

2020-03-20 15:05:23 - [MESSAGE][PASSED] - Object 'Object Repository/ADMIN/Edit Text/Bespoke/Buyer Pages/Homepage/toaster_success About' is visible]]></system-out>
         <system-err><![CDATA[]]></system-err>
      </testcase>
      <testcase name="Test Cases/ADMIN/Language/Edit Text/Bespoke/Admin Pages/About Us" time="2.754" classname="Test Cases/ADMIN/Language/Edit Text/Bespoke/Admin Pages/About Us" status="PASSED">
         <system-out><![CDATA[2020-03-20 15:05:23 - [TEST_CASE][PASSED] - Test Cases/ADMIN/Language/Edit Text/Bespoke/Admin Pages/About Us: Test Cases/ADMIN/Language/Edit Text/Bespoke/Admin Pages/About Us

2020-03-20 15:05:23 - [TEST_STEP][PASSED] - waitForElementVisible(findTestObject("ADMIN/Edit Text/Bespoke/Buyer Navigation/dd_language"), 0): Object 'Object Repository/ADMIN/Edit Text/Bespoke/Buyer Navigation/dd_language' is visible

2020-03-20 15:05:24 - [MESSAGE][WARNING] - Timeout '0' is invalid. Using default page load timeout: '30'

2020-03-20 15:05:24 - [MESSAGE][PASSED] - Object 'Object Repository/ADMIN/Edit Text/Bespoke/Buyer Navigation/dd_language' is visible

2020-03-20 15:05:24 - [TEST_STEP][PASSED] - selectOptionByLabel(findTestObject("ADMIN/Edit Text/Bespoke/Buyer Navigation/dd_language"), varLanguage, false): All options with label 'Dutch' are selected in object 'Object Repository/ADMIN/Edit Text/Bespoke/Buyer Navigation/dd_language' 

2020-03-20 15:05:25 - [MESSAGE][PASSED] - All options with label 'Dutch' are selected in object 'Object Repository/ADMIN/Edit Text/Bespoke/Buyer Navigation/dd_language' 

2020-03-20 15:05:25 - [TEST_STEP][PASSED] - sendKeys(findTestObject("ADMIN/Edit Text/Bespoke/Admin Pages/About Us/input_ABOUT_lbl_title"), "*"): Keys '*' sent to object: 'Object Repository/ADMIN/Edit Text/Bespoke/Admin Pages/About Us/input_ABOUT_lbl_title'

2020-03-20 15:05:25 - [MESSAGE][PASSED] - Keys '*' sent to object: 'Object Repository/ADMIN/Edit Text/Bespoke/Admin Pages/About Us/input_ABOUT_lbl_title'

2020-03-20 15:05:25 - [TEST_STEP][PASSED] - sendKeys(findTestObject("ADMIN/Edit Text/Bespoke/Admin Pages/About Us/div_FontFormat_nicEdit-main nicEdit-selected"), "*"): Keys '*' sent to object: 'Object Repository/ADMIN/Edit Text/Bespoke/Admin Pages/About Us/div_FontFormat_nicEdit-main nicEdit-selected'

2020-03-20 15:05:25 - [MESSAGE][PASSED] - Keys '*' sent to object: 'Object Repository/ADMIN/Edit Text/Bespoke/Admin Pages/About Us/div_FontFormat_nicEdit-main nicEdit-selected'

2020-03-20 15:05:25 - [TEST_STEP][PASSED] - click(findTestObject("ADMIN/Edit Text/Bespoke/Buyer Pages/Homepage/button_save"), CONTINUE_ON_FAILURE): Object: 'Object Repository/ADMIN/Edit Text/Bespoke/Buyer Pages/Homepage/button_save' is clicked on

2020-03-20 15:05:26 - [MESSAGE][PASSED] - Object: 'Object Repository/ADMIN/Edit Text/Bespoke/Buyer Pages/Homepage/button_save' is clicked on

2020-03-20 15:05:26 - [TEST_STEP][PASSED] - waitForElementVisible(findTestObject("ADMIN/Edit Text/Bespoke/Buyer Pages/Homepage/toaster_success About"), 0): Object 'Object Repository/ADMIN/Edit Text/Bespoke/Buyer Pages/Homepage/toaster_success About' is visible

2020-03-20 15:05:26 - [MESSAGE][WARNING] - Timeout '0' is invalid. Using default page load timeout: '30'

2020-03-20 15:05:26 - [MESSAGE][PASSED] - Object 'Object Repository/ADMIN/Edit Text/Bespoke/Buyer Pages/Homepage/toaster_success About' is visible]]></system-out>
         <system-err><![CDATA[]]></system-err>
      </testcase>
      <testcase name="Test Cases/ADMIN/Language/Edit Text/Bespoke/Admin Pages/About Us" time="2.734" classname="Test Cases/ADMIN/Language/Edit Text/Bespoke/Admin Pages/About Us" status="PASSED">
         <system-out><![CDATA[2020-03-20 15:05:26 - [TEST_CASE][PASSED] - Test Cases/ADMIN/Language/Edit Text/Bespoke/Admin Pages/About Us: Test Cases/ADMIN/Language/Edit Text/Bespoke/Admin Pages/About Us

2020-03-20 15:05:26 - [TEST_STEP][PASSED] - waitForElementVisible(findTestObject("ADMIN/Edit Text/Bespoke/Buyer Navigation/dd_language"), 0): Object 'Object Repository/ADMIN/Edit Text/Bespoke/Buyer Navigation/dd_language' is visible

2020-03-20 15:05:26 - [MESSAGE][WARNING] - Timeout '0' is invalid. Using default page load timeout: '30'

2020-03-20 15:05:26 - [MESSAGE][PASSED] - Object 'Object Repository/ADMIN/Edit Text/Bespoke/Buyer Navigation/dd_language' is visible

2020-03-20 15:05:26 - [TEST_STEP][PASSED] - selectOptionByLabel(findTestObject("ADMIN/Edit Text/Bespoke/Buyer Navigation/dd_language"), varLanguage, false): All options with label 'Swedish' are selected in object 'Object Repository/ADMIN/Edit Text/Bespoke/Buyer Navigation/dd_language' 

2020-03-20 15:05:27 - [MESSAGE][PASSED] - All options with label 'Swedish' are selected in object 'Object Repository/ADMIN/Edit Text/Bespoke/Buyer Navigation/dd_language' 

2020-03-20 15:05:27 - [TEST_STEP][PASSED] - sendKeys(findTestObject("ADMIN/Edit Text/Bespoke/Admin Pages/About Us/input_ABOUT_lbl_title"), "*"): Keys '*' sent to object: 'Object Repository/ADMIN/Edit Text/Bespoke/Admin Pages/About Us/input_ABOUT_lbl_title'

2020-03-20 15:05:28 - [MESSAGE][PASSED] - Keys '*' sent to object: 'Object Repository/ADMIN/Edit Text/Bespoke/Admin Pages/About Us/input_ABOUT_lbl_title'

2020-03-20 15:05:28 - [TEST_STEP][PASSED] - sendKeys(findTestObject("ADMIN/Edit Text/Bespoke/Admin Pages/About Us/div_FontFormat_nicEdit-main nicEdit-selected"), "*"): Keys '*' sent to object: 'Object Repository/ADMIN/Edit Text/Bespoke/Admin Pages/About Us/div_FontFormat_nicEdit-main nicEdit-selected'

2020-03-20 15:05:29 - [MESSAGE][PASSED] - Keys '*' sent to object: 'Object Repository/ADMIN/Edit Text/Bespoke/Admin Pages/About Us/div_FontFormat_nicEdit-main nicEdit-selected'

2020-03-20 15:05:29 - [TEST_STEP][PASSED] - click(findTestObject("ADMIN/Edit Text/Bespoke/Buyer Pages/Homepage/button_save"), CONTINUE_ON_FAILURE): Object: 'Object Repository/ADMIN/Edit Text/Bespoke/Buyer Pages/Homepage/button_save' is clicked on

2020-03-20 15:05:29 - [MESSAGE][PASSED] - Object: 'Object Repository/ADMIN/Edit Text/Bespoke/Buyer Pages/Homepage/button_save' is clicked on

2020-03-20 15:05:29 - [TEST_STEP][PASSED] - waitForElementVisible(findTestObject("ADMIN/Edit Text/Bespoke/Buyer Pages/Homepage/toaster_success About"), 0): Object 'Object Repository/ADMIN/Edit Text/Bespoke/Buyer Pages/Homepage/toaster_success About' is visible

2020-03-20 15:05:29 - [MESSAGE][WARNING] - Timeout '0' is invalid. Using default page load timeout: '30'

2020-03-20 15:05:29 - [MESSAGE][PASSED] - Object 'Object Repository/ADMIN/Edit Text/Bespoke/Buyer Pages/Homepage/toaster_success About' is visible]]></system-out>
         <system-err><![CDATA[]]></system-err>
      </testcase>
      <testcase name="Test Cases/ADMIN/Language/Edit Text/Bespoke/Admin Pages/About Us" time="2.26" classname="Test Cases/ADMIN/Language/Edit Text/Bespoke/Admin Pages/About Us" status="PASSED">
         <system-out><![CDATA[2020-03-20 15:05:29 - [TEST_CASE][PASSED] - Test Cases/ADMIN/Language/Edit Text/Bespoke/Admin Pages/About Us: Test Cases/ADMIN/Language/Edit Text/Bespoke/Admin Pages/About Us

2020-03-20 15:05:29 - [TEST_STEP][PASSED] - waitForElementVisible(findTestObject("ADMIN/Edit Text/Bespoke/Buyer Navigation/dd_language"), 0): Object 'Object Repository/ADMIN/Edit Text/Bespoke/Buyer Navigation/dd_language' is visible

2020-03-20 15:05:29 - [MESSAGE][WARNING] - Timeout '0' is invalid. Using default page load timeout: '30'

2020-03-20 15:05:29 - [MESSAGE][PASSED] - Object 'Object Repository/ADMIN/Edit Text/Bespoke/Buyer Navigation/dd_language' is visible

2020-03-20 15:05:29 - [TEST_STEP][PASSED] - selectOptionByLabel(findTestObject("ADMIN/Edit Text/Bespoke/Buyer Navigation/dd_language"), varLanguage, false): All options with label 'Chinese (Simplified)' are selected in object 'Object Repository/ADMIN/Edit Text/Bespoke/Buyer Navigation/dd_language' 

2020-03-20 15:05:30 - [MESSAGE][PASSED] - All options with label 'Chinese (Simplified)' are selected in object 'Object Repository/ADMIN/Edit Text/Bespoke/Buyer Navigation/dd_language' 

2020-03-20 15:05:30 - [TEST_STEP][PASSED] - sendKeys(findTestObject("ADMIN/Edit Text/Bespoke/Admin Pages/About Us/input_ABOUT_lbl_title"), "*"): Keys '*' sent to object: 'Object Repository/ADMIN/Edit Text/Bespoke/Admin Pages/About Us/input_ABOUT_lbl_title'

2020-03-20 15:05:31 - [MESSAGE][PASSED] - Keys '*' sent to object: 'Object Repository/ADMIN/Edit Text/Bespoke/Admin Pages/About Us/input_ABOUT_lbl_title'

2020-03-20 15:05:31 - [TEST_STEP][PASSED] - sendKeys(findTestObject("ADMIN/Edit Text/Bespoke/Admin Pages/About Us/div_FontFormat_nicEdit-main nicEdit-selected"), "*"): Keys '*' sent to object: 'Object Repository/ADMIN/Edit Text/Bespoke/Admin Pages/About Us/div_FontFormat_nicEdit-main nicEdit-selected'

2020-03-20 15:05:31 - [MESSAGE][PASSED] - Keys '*' sent to object: 'Object Repository/ADMIN/Edit Text/Bespoke/Admin Pages/About Us/div_FontFormat_nicEdit-main nicEdit-selected'

2020-03-20 15:05:31 - [TEST_STEP][PASSED] - click(findTestObject("ADMIN/Edit Text/Bespoke/Buyer Pages/Homepage/button_save"), CONTINUE_ON_FAILURE): Object: 'Object Repository/ADMIN/Edit Text/Bespoke/Buyer Pages/Homepage/button_save' is clicked on

2020-03-20 15:05:31 - [MESSAGE][PASSED] - Object: 'Object Repository/ADMIN/Edit Text/Bespoke/Buyer Pages/Homepage/button_save' is clicked on

2020-03-20 15:05:31 - [TEST_STEP][PASSED] - waitForElementVisible(findTestObject("ADMIN/Edit Text/Bespoke/Buyer Pages/Homepage/toaster_success About"), 0): Object 'Object Repository/ADMIN/Edit Text/Bespoke/Buyer Pages/Homepage/toaster_success About' is visible

2020-03-20 15:05:31 - [MESSAGE][WARNING] - Timeout '0' is invalid. Using default page load timeout: '30'

2020-03-20 15:05:31 - [MESSAGE][PASSED] - Object 'Object Repository/ADMIN/Edit Text/Bespoke/Buyer Pages/Homepage/toaster_success About' is visible]]></system-out>
         <system-err><![CDATA[]]></system-err>
      </testcase>
      <testcase name="Test Cases/ADMIN/Language/Edit Text/Bespoke/Admin Pages/About Us" time="3.092" classname="Test Cases/ADMIN/Language/Edit Text/Bespoke/Admin Pages/About Us" status="PASSED">
         <system-out><![CDATA[2020-03-20 15:05:31 - [TEST_CASE][PASSED] - Test Cases/ADMIN/Language/Edit Text/Bespoke/Admin Pages/About Us: Test Cases/ADMIN/Language/Edit Text/Bespoke/Admin Pages/About Us

2020-03-20 15:05:31 - [TEST_STEP][PASSED] - waitForElementVisible(findTestObject("ADMIN/Edit Text/Bespoke/Buyer Navigation/dd_language"), 0): Object 'Object Repository/ADMIN/Edit Text/Bespoke/Buyer Navigation/dd_language' is visible

2020-03-20 15:05:31 - [MESSAGE][WARNING] - Timeout '0' is invalid. Using default page load timeout: '30'

2020-03-20 15:05:32 - [MESSAGE][PASSED] - Object 'Object Repository/ADMIN/Edit Text/Bespoke/Buyer Navigation/dd_language' is visible

2020-03-20 15:05:32 - [TEST_STEP][PASSED] - selectOptionByLabel(findTestObject("ADMIN/Edit Text/Bespoke/Buyer Navigation/dd_language"), varLanguage, false): All options with label 'Hebrew' are selected in object 'Object Repository/ADMIN/Edit Text/Bespoke/Buyer Navigation/dd_language' 

2020-03-20 15:05:33 - [MESSAGE][PASSED] - All options with label 'Hebrew' are selected in object 'Object Repository/ADMIN/Edit Text/Bespoke/Buyer Navigation/dd_language' 

2020-03-20 15:05:33 - [TEST_STEP][PASSED] - sendKeys(findTestObject("ADMIN/Edit Text/Bespoke/Admin Pages/About Us/input_ABOUT_lbl_title"), "*"): Keys '*' sent to object: 'Object Repository/ADMIN/Edit Text/Bespoke/Admin Pages/About Us/input_ABOUT_lbl_title'

2020-03-20 15:05:33 - [MESSAGE][PASSED] - Keys '*' sent to object: 'Object Repository/ADMIN/Edit Text/Bespoke/Admin Pages/About Us/input_ABOUT_lbl_title'

2020-03-20 15:05:33 - [TEST_STEP][PASSED] - sendKeys(findTestObject("ADMIN/Edit Text/Bespoke/Admin Pages/About Us/div_FontFormat_nicEdit-main nicEdit-selected"), "*"): Keys '*' sent to object: 'Object Repository/ADMIN/Edit Text/Bespoke/Admin Pages/About Us/div_FontFormat_nicEdit-main nicEdit-selected'

2020-03-20 15:05:33 - [MESSAGE][PASSED] - Keys '*' sent to object: 'Object Repository/ADMIN/Edit Text/Bespoke/Admin Pages/About Us/div_FontFormat_nicEdit-main nicEdit-selected'

2020-03-20 15:05:33 - [TEST_STEP][PASSED] - click(findTestObject("ADMIN/Edit Text/Bespoke/Buyer Pages/Homepage/button_save"), CONTINUE_ON_FAILURE): Object: 'Object Repository/ADMIN/Edit Text/Bespoke/Buyer Pages/Homepage/button_save' is clicked on

2020-03-20 15:05:34 - [MESSAGE][PASSED] - Object: 'Object Repository/ADMIN/Edit Text/Bespoke/Buyer Pages/Homepage/button_save' is clicked on

2020-03-20 15:05:34 - [TEST_STEP][PASSED] - waitForElementVisible(findTestObject("ADMIN/Edit Text/Bespoke/Buyer Pages/Homepage/toaster_success About"), 0): Object 'Object Repository/ADMIN/Edit Text/Bespoke/Buyer Pages/Homepage/toaster_success About' is visible

2020-03-20 15:05:34 - [MESSAGE][WARNING] - Timeout '0' is invalid. Using default page load timeout: '30'

2020-03-20 15:05:34 - [MESSAGE][PASSED] - Object 'Object Repository/ADMIN/Edit Text/Bespoke/Buyer Pages/Homepage/toaster_success About' is visible]]></system-out>
         <system-err><![CDATA[]]></system-err>
      </testcase>
      <testcase name="Test Cases/ADMIN/Language/Edit Text/Bespoke/Admin Pages/About Us" time="3.318" classname="Test Cases/ADMIN/Language/Edit Text/Bespoke/Admin Pages/About Us" status="FAILED">
         <failure type="FAILED" message="Test Cases/ADMIN/Language/Edit Text/Bespoke/Admin Pages/About Us FAILED.
Reason:
com.kms.katalon.core.exception.StepFailedException: Unable to send keys '*' to object 'Object Repository/ADMIN/Edit Text/Bespoke/Admin Pages/About Us/div_FontFormat_nicEdit-main nicEdit-selected' (Root cause: com.kms.katalon.core.exception.StepFailedException: Unable to send keys '*' to object 'Object Repository/ADMIN/Edit Text/Bespoke/Admin Pages/About Us/div_FontFormat_nicEdit-main nicEdit-selected'
	at com.kms.katalon.core.webui.keyword.internal.WebUIKeywordMain.stepFailed(WebUIKeywordMain.groovy:64)
	at com.kms.katalon.core.webui.keyword.internal.WebUIKeywordMain.runKeyword(WebUIKeywordMain.groovy:26)
	at com.kms.katalon.core.webui.keyword.builtin.SendKeysKeyword.sendKeys(SendKeysKeyword.groovy:60)
	at com.kms.katalon.core.webui.keyword.builtin.SendKeysKeyword.execute(SendKeysKeyword.groovy:38)
	at com.kms.katalon.core.keyword.internal.KeywordExecutor.executeKeywordForPlatform(KeywordExecutor.groovy:72)
	at com.kms.katalon.core.webui.keyword.WebUiBuiltInKeywords.sendKeys(WebUiBuiltInKeywords.groovy:860)
	at com.kms.katalon.core.webui.keyword.WebUiBuiltInKeywords$sendKeys$2.call(Unknown Source)
	at About Us.run(About Us:24)
	at com.kms.katalon.core.main.ScriptEngine.run(ScriptEngine.java:194)
	at com.kms.katalon.core.main.ScriptEngine.runScriptAsRawText(ScriptEngine.java:119)
	at com.kms.katalon.core.main.TestCaseExecutor.runScript(TestCaseExecutor.java:337)
	at com.kms.katalon.core.main.TestCaseExecutor.doExecute(TestCaseExecutor.java:328)
	at com.kms.katalon.core.main.TestCaseExecutor.processExecutionPhase(TestCaseExecutor.java:307)
	at com.kms.katalon.core.main.TestCaseExecutor.accessMainPhase(TestCaseExecutor.java:299)
	at com.kms.katalon.core.main.TestCaseExecutor.execute(TestCaseExecutor.java:233)
	at com.kms.katalon.core.main.TestSuiteExecutor.accessTestCaseMainPhase(TestSuiteExecutor.java:169)
	at com.kms.katalon.core.main.TestSuiteExecutor.accessTestSuiteMainPhase(TestSuiteExecutor.java:142)
	at com.kms.katalon.core.main.TestSuiteExecutor.execute(TestSuiteExecutor.java:91)
	at com.kms.katalon.core.main.TestCaseMain.startTestSuite(TestCaseMain.java:157)
	at com.kms.katalon.core.main.TestCaseMain$startTestSuite$0.call(Unknown Source)
	at TempTestSuite1584687880497.run(TempTestSuite1584687880497.groovy:36)
Caused by: org.openqa.selenium.ElementNotInteractableException: element not interactable
  (Session info: chrome=80.0.3987.149)
Build info: version: '3.141.59', revision: 'e82be7d358', time: '2018-11-14T08:25:53'
System info: host: 'ARCADIER-03', ip: '192.168.254.105', os.name: 'Windows 7', os.arch: 'amd64', os.version: '6.1', java.version: '1.8.0_181'
Driver info: com.kms.katalon.core.webui.driver.ExistingRemoteWebDriver
Capabilities {javascriptEnabled: true, platform: ANY, platformName: ANY}
Session ID: 1047ba07f4d7d3f0b09558b7ee935cff
	at org.openqa.selenium.remote.http.W3CHttpResponseCodec.createException(W3CHttpResponseCodec.java:187)
	at org.openqa.selenium.remote.http.W3CHttpResponseCodec.decode(W3CHttpResponseCodec.java:122)
	at org.openqa.selenium.remote.http.W3CHttpResponseCodec.decode(W3CHttpResponseCodec.java:49)
	at org.openqa.selenium.remote.HttpCommandExecutor.execute(HttpCommandExecutor.java:158)
	at org.openqa.selenium.remote.RemoteWebDriver.execute(RemoteWebDriver.java:552)
	at com.kms.katalon.core.webui.driver.ExistingRemoteWebDriver.execute(ExistingRemoteWebDriver.java:108)
	at org.openqa.selenium.remote.RemoteWebElement.execute(RemoteWebElement.java:285)
	at org.openqa.selenium.remote.RemoteWebElement.sendKeys(RemoteWebElement.java:106)
	at org.openqa.selenium.support.events.EventFiringWebDriver$EventFiringWebElement.lambda$new$0(EventFiringWebDriver.java:404)
	at com.sun.proxy.$Proxy9.sendKeys(Unknown Source)
	at org.openqa.selenium.support.events.EventFiringWebDriver$EventFiringWebElement.sendKeys(EventFiringWebDriver.java:429)
	at com.kms.katalon.core.webui.keyword.builtin.SendKeysKeyword$_sendKeys_closure1.doCall(SendKeysKeyword.groovy:53)
	at com.kms.katalon.core.webui.keyword.builtin.SendKeysKeyword$_sendKeys_closure1.call(SendKeysKeyword.groovy)
	at com.kms.katalon.core.webui.keyword.internal.WebUIKeywordMain.runKeyword(WebUIKeywordMain.groovy:20)
	at com.kms.katalon.core.webui.keyword.builtin.SendKeysKeyword.sendKeys(SendKeysKeyword.groovy:60)
	at com.kms.katalon.core.webui.keyword.builtin.SendKeysKeyword.execute(SendKeysKeyword.groovy:38)
	at com.kms.katalon.core.keyword.internal.KeywordExecutor.executeKeywordForPlatform(KeywordExecutor.groovy:72)
	at com.kms.katalon.core.webui.keyword.WebUiBuiltInKeywords.sendKeys(WebUiBuiltInKeywords.groovy:860)
	at com.kms.katalon.core.webui.keyword.WebUiBuiltInKeywords$sendKeys$2.call(Unknown Source)
	at Script1582177029370.run(Script1582177029370.groovy:24)
	... 13 more
)
	at com.kms.katalon.core.keyword.internal.KeywordMain.stepFailed(KeywordMain.groovy:39)
	at com.kms.katalon.core.webui.keyword.internal.WebUIKeywordMain.stepFailed(WebUIKeywordMain.groovy:64)
	at com.kms.katalon.core.webui.keyword.internal.WebUIKeywordMain.runKeyword(WebUIKeywordMain.groovy:26)
	at com.kms.katalon.core.webui.keyword.builtin.SendKeysKeyword.sendKeys(SendKeysKeyword.groovy:60)
	at com.kms.katalon.core.webui.keyword.builtin.SendKeysKeyword.execute(SendKeysKeyword.groovy:38)
	at com.kms.katalon.core.keyword.internal.KeywordExecutor.executeKeywordForPlatform(KeywordExecutor.groovy:72)
	at com.kms.katalon.core.webui.keyword.WebUiBuiltInKeywords.sendKeys(WebUiBuiltInKeywords.groovy:860)
	at com.kms.katalon.core.webui.keyword.WebUiBuiltInKeywords$sendKeys$2.call(Unknown Source)
	at About Us.run(About Us:24)
	at com.kms.katalon.core.main.ScriptEngine.run(ScriptEngine.java:194)
	at com.kms.katalon.core.main.ScriptEngine.runScriptAsRawText(ScriptEngine.java:119)
	at com.kms.katalon.core.main.TestCaseExecutor.runScript(TestCaseExecutor.java:337)
	at com.kms.katalon.core.main.TestCaseExecutor.doExecute(TestCaseExecutor.java:328)
	at com.kms.katalon.core.main.TestCaseExecutor.processExecutionPhase(TestCaseExecutor.java:307)
	at com.kms.katalon.core.main.TestCaseExecutor.accessMainPhase(TestCaseExecutor.java:299)
	at com.kms.katalon.core.main.TestCaseExecutor.execute(TestCaseExecutor.java:233)
	at com.kms.katalon.core.main.TestSuiteExecutor.accessTestCaseMainPhase(TestSuiteExecutor.java:169)
	at com.kms.katalon.core.main.TestSuiteExecutor.accessTestSuiteMainPhase(TestSuiteExecutor.java:142)
	at com.kms.katalon.core.main.TestSuiteExecutor.execute(TestSuiteExecutor.java:91)
	at com.kms.katalon.core.main.TestCaseMain.startTestSuite(TestCaseMain.java:157)
	at com.kms.katalon.core.main.TestCaseMain$startTestSuite$0.call(Unknown Source)
	at TempTestSuite1584687880497.run(TempTestSuite1584687880497.groovy:36)
Caused by: com.kms.katalon.core.exception.StepFailedException: Unable to send keys '*' to object 'Object Repository/ADMIN/Edit Text/Bespoke/Admin Pages/About Us/div_FontFormat_nicEdit-main nicEdit-selected'
	... 21 more
Caused by: org.openqa.selenium.ElementNotInteractableException: element not interactable
  (Session info: chrome=80.0.3987.149)
Build info: version: '3.141.59', revision: 'e82be7d358', time: '2018-11-14T08:25:53'
System info: host: 'ARCADIER-03', ip: '192.168.254.105', os.name: 'Windows 7', os.arch: 'amd64', os.version: '6.1', java.version: '1.8.0_181'
Driver info: com.kms.katalon.core.webui.driver.ExistingRemoteWebDriver
Capabilities {javascriptEnabled: true, platform: ANY, platformName: ANY}
Session ID: 1047ba07f4d7d3f0b09558b7ee935cff
	at org.openqa.selenium.remote.http.W3CHttpResponseCodec.createException(W3CHttpResponseCodec.java:187)
	at org.openqa.selenium.remote.http.W3CHttpResponseCodec.decode(W3CHttpResponseCodec.java:122)
	at org.openqa.selenium.remote.http.W3CHttpResponseCodec.decode(W3CHttpResponseCodec.java:49)
	at org.openqa.selenium.remote.HttpCommandExecutor.execute(HttpCommandExecutor.java:158)
	at org.openqa.selenium.remote.RemoteWebDriver.execute(RemoteWebDriver.java:552)
	at com.kms.katalon.core.webui.driver.ExistingRemoteWebDriver.execute(ExistingRemoteWebDriver.java:108)
	at org.openqa.selenium.remote.RemoteWebElement.execute(RemoteWebElement.java:285)
	at org.openqa.selenium.remote.RemoteWebElement.sendKeys(RemoteWebElement.java:106)
	at org.openqa.selenium.support.events.EventFiringWebDriver$EventFiringWebElement.lambda$new$0(EventFiringWebDriver.java:404)
	at com.sun.proxy.$Proxy9.sendKeys(Unknown Source)
	at org.openqa.selenium.support.events.EventFiringWebDriver$EventFiringWebElement.sendKeys(EventFiringWebDriver.java:429)
	at com.kms.katalon.core.webui.keyword.builtin.SendKeysKeyword$_sendKeys_closure1.doCall(SendKeysKeyword.groovy:53)
	at com.kms.katalon.core.webui.keyword.builtin.SendKeysKeyword$_sendKeys_closure1.call(SendKeysKeyword.groovy)
	at com.kms.katalon.core.webui.keyword.internal.WebUIKeywordMain.runKeyword(WebUIKeywordMain.groovy:20)
	... 19 more
"/>
         <system-out><![CDATA[2020-03-20 15:05:34 - [TEST_CASE][FAILED] - Test Cases/ADMIN/Language/Edit Text/Bespoke/Admin Pages/About Us: Test Cases/ADMIN/Language/Edit Text/Bespoke/Admin Pages/About Us FAILED.
Reason:
com.kms.katalon.core.exception.StepFailedException: Unable to send keys '*' to object 'Object Repository/ADMIN/Edit Text/Bespoke/Admin Pages/About Us/div_FontFormat_nicEdit-main nicEdit-selected' (Root cause: com.kms.katalon.core.exception.StepFailedException: Unable to send keys '*' to object 'Object Repository/ADMIN/Edit Text/Bespoke/Admin Pages/About Us/div_FontFormat_nicEdit-main nicEdit-selected'
	at com.kms.katalon.core.webui.keyword.internal.WebUIKeywordMain.stepFailed(WebUIKeywordMain.groovy:64)
	at com.kms.katalon.core.webui.keyword.internal.WebUIKeywordMain.runKeyword(WebUIKeywordMain.groovy:26)
	at com.kms.katalon.core.webui.keyword.builtin.SendKeysKeyword.sendKeys(SendKeysKeyword.groovy:60)
	at com.kms.katalon.core.webui.keyword.builtin.SendKeysKeyword.execute(SendKeysKeyword.groovy:38)
	at com.kms.katalon.core.keyword.internal.KeywordExecutor.executeKeywordForPlatform(KeywordExecutor.groovy:72)
	at com.kms.katalon.core.webui.keyword.WebUiBuiltInKeywords.sendKeys(WebUiBuiltInKeywords.groovy:860)
	at com.kms.katalon.core.webui.keyword.WebUiBuiltInKeywords$sendKeys$2.call(Unknown Source)
	at About Us.run(About Us:24)
	at com.kms.katalon.core.main.ScriptEngine.run(ScriptEngine.java:194)
	at com.kms.katalon.core.main.ScriptEngine.runScriptAsRawText(ScriptEngine.java:119)
	at com.kms.katalon.core.main.TestCaseExecutor.runScript(TestCaseExecutor.java:337)
	at com.kms.katalon.core.main.TestCaseExecutor.doExecute(TestCaseExecutor.java:328)
	at com.kms.katalon.core.main.TestCaseExecutor.processExecutionPhase(TestCaseExecutor.java:307)
	at com.kms.katalon.core.main.TestCaseExecutor.accessMainPhase(TestCaseExecutor.java:299)
	at com.kms.katalon.core.main.TestCaseExecutor.execute(TestCaseExecutor.java:233)
	at com.kms.katalon.core.main.TestSuiteExecutor.accessTestCaseMainPhase(TestSuiteExecutor.java:169)
	at com.kms.katalon.core.main.TestSuiteExecutor.accessTestSuiteMainPhase(TestSuiteExecutor.java:142)
	at com.kms.katalon.core.main.TestSuiteExecutor.execute(TestSuiteExecutor.java:91)
	at com.kms.katalon.core.main.TestCaseMain.startTestSuite(TestCaseMain.java:157)
	at com.kms.katalon.core.main.TestCaseMain$startTestSuite$0.call(Unknown Source)
	at TempTestSuite1584687880497.run(TempTestSuite1584687880497.groovy:36)
Caused by: org.openqa.selenium.ElementNotInteractableException: element not interactable
  (Session info: chrome=80.0.3987.149)
Build info: version: '3.141.59', revision: 'e82be7d358', time: '2018-11-14T08:25:53'
System info: host: 'ARCADIER-03', ip: '192.168.254.105', os.name: 'Windows 7', os.arch: 'amd64', os.version: '6.1', java.version: '1.8.0_181'
Driver info: com.kms.katalon.core.webui.driver.ExistingRemoteWebDriver
Capabilities {javascriptEnabled: true, platform: ANY, platformName: ANY}
Session ID: 1047ba07f4d7d3f0b09558b7ee935cff
	at org.openqa.selenium.remote.http.W3CHttpResponseCodec.createException(W3CHttpResponseCodec.java:187)
	at org.openqa.selenium.remote.http.W3CHttpResponseCodec.decode(W3CHttpResponseCodec.java:122)
	at org.openqa.selenium.remote.http.W3CHttpResponseCodec.decode(W3CHttpResponseCodec.java:49)
	at org.openqa.selenium.remote.HttpCommandExecutor.execute(HttpCommandExecutor.java:158)
	at org.openqa.selenium.remote.RemoteWebDriver.execute(RemoteWebDriver.java:552)
	at com.kms.katalon.core.webui.driver.ExistingRemoteWebDriver.execute(ExistingRemoteWebDriver.java:108)
	at org.openqa.selenium.remote.RemoteWebElement.execute(RemoteWebElement.java:285)
	at org.openqa.selenium.remote.RemoteWebElement.sendKeys(RemoteWebElement.java:106)
	at org.openqa.selenium.support.events.EventFiringWebDriver$EventFiringWebElement.lambda$new$0(EventFiringWebDriver.java:404)
	at com.sun.proxy.$Proxy9.sendKeys(Unknown Source)
	at org.openqa.selenium.support.events.EventFiringWebDriver$EventFiringWebElement.sendKeys(EventFiringWebDriver.java:429)
	at com.kms.katalon.core.webui.keyword.builtin.SendKeysKeyword$_sendKeys_closure1.doCall(SendKeysKeyword.groovy:53)
	at com.kms.katalon.core.webui.keyword.builtin.SendKeysKeyword$_sendKeys_closure1.call(SendKeysKeyword.groovy)
	at com.kms.katalon.core.webui.keyword.internal.WebUIKeywordMain.runKeyword(WebUIKeywordMain.groovy:20)
	at com.kms.katalon.core.webui.keyword.builtin.SendKeysKeyword.sendKeys(SendKeysKeyword.groovy:60)
	at com.kms.katalon.core.webui.keyword.builtin.SendKeysKeyword.execute(SendKeysKeyword.groovy:38)
	at com.kms.katalon.core.keyword.internal.KeywordExecutor.executeKeywordForPlatform(KeywordExecutor.groovy:72)
	at com.kms.katalon.core.webui.keyword.WebUiBuiltInKeywords.sendKeys(WebUiBuiltInKeywords.groovy:860)
	at com.kms.katalon.core.webui.keyword.WebUiBuiltInKeywords$sendKeys$2.call(Unknown Source)
	at Script1582177029370.run(Script1582177029370.groovy:24)
	... 13 more
)
	at com.kms.katalon.core.keyword.internal.KeywordMain.stepFailed(KeywordMain.groovy:39)
	at com.kms.katalon.core.webui.keyword.internal.WebUIKeywordMain.stepFailed(WebUIKeywordMain.groovy:64)
	at com.kms.katalon.core.webui.keyword.internal.WebUIKeywordMain.runKeyword(WebUIKeywordMain.groovy:26)
	at com.kms.katalon.core.webui.keyword.builtin.SendKeysKeyword.sendKeys(SendKeysKeyword.groovy:60)
	at com.kms.katalon.core.webui.keyword.builtin.SendKeysKeyword.execute(SendKeysKeyword.groovy:38)
	at com.kms.katalon.core.keyword.internal.KeywordExecutor.executeKeywordForPlatform(KeywordExecutor.groovy:72)
	at com.kms.katalon.core.webui.keyword.WebUiBuiltInKeywords.sendKeys(WebUiBuiltInKeywords.groovy:860)
	at com.kms.katalon.core.webui.keyword.WebUiBuiltInKeywords$sendKeys$2.call(Unknown Source)
	at About Us.run(About Us:24)
	at com.kms.katalon.core.main.ScriptEngine.run(ScriptEngine.java:194)
	at com.kms.katalon.core.main.ScriptEngine.runScriptAsRawText(ScriptEngine.java:119)
	at com.kms.katalon.core.main.TestCaseExecutor.runScript(TestCaseExecutor.java:337)
	at com.kms.katalon.core.main.TestCaseExecutor.doExecute(TestCaseExecutor.java:328)
	at com.kms.katalon.core.main.TestCaseExecutor.processExecutionPhase(TestCaseExecutor.java:307)
	at com.kms.katalon.core.main.TestCaseExecutor.accessMainPhase(TestCaseExecutor.java:299)
	at com.kms.katalon.core.main.TestCaseExecutor.execute(TestCaseExecutor.java:233)
	at com.kms.katalon.core.main.TestSuiteExecutor.accessTestCaseMainPhase(TestSuiteExecutor.java:169)
	at com.kms.katalon.core.main.TestSuiteExecutor.accessTestSuiteMainPhase(TestSuiteExecutor.java:142)
	at com.kms.katalon.core.main.TestSuiteExecutor.execute(TestSuiteExecutor.java:91)
	at com.kms.katalon.core.main.TestCaseMain.startTestSuite(TestCaseMain.java:157)
	at com.kms.katalon.core.main.TestCaseMain$startTestSuite$0.call(Unknown Source)
	at TempTestSuite1584687880497.run(TempTestSuite1584687880497.groovy:36)
Caused by: com.kms.katalon.core.exception.StepFailedException: Unable to send keys '*' to object 'Object Repository/ADMIN/Edit Text/Bespoke/Admin Pages/About Us/div_FontFormat_nicEdit-main nicEdit-selected'
	... 21 more
Caused by: org.openqa.selenium.ElementNotInteractableException: element not interactable
  (Session info: chrome=80.0.3987.149)
Build info: version: '3.141.59', revision: 'e82be7d358', time: '2018-11-14T08:25:53'
System info: host: 'ARCADIER-03', ip: '192.168.254.105', os.name: 'Windows 7', os.arch: 'amd64', os.version: '6.1', java.version: '1.8.0_181'
Driver info: com.kms.katalon.core.webui.driver.ExistingRemoteWebDriver
Capabilities {javascriptEnabled: true, platform: ANY, platformName: ANY}
Session ID: 1047ba07f4d7d3f0b09558b7ee935cff
	at org.openqa.selenium.remote.http.W3CHttpResponseCodec.createException(W3CHttpResponseCodec.java:187)
	at org.openqa.selenium.remote.http.W3CHttpResponseCodec.decode(W3CHttpResponseCodec.java:122)
	at org.openqa.selenium.remote.http.W3CHttpResponseCodec.decode(W3CHttpResponseCodec.java:49)
	at org.openqa.selenium.remote.HttpCommandExecutor.execute(HttpCommandExecutor.java:158)
	at org.openqa.selenium.remote.RemoteWebDriver.execute(RemoteWebDriver.java:552)
	at com.kms.katalon.core.webui.driver.ExistingRemoteWebDriver.execute(ExistingRemoteWebDriver.java:108)
	at org.openqa.selenium.remote.RemoteWebElement.execute(RemoteWebElement.java:285)
	at org.openqa.selenium.remote.RemoteWebElement.sendKeys(RemoteWebElement.java:106)
	at org.openqa.selenium.support.events.EventFiringWebDriver$EventFiringWebElement.lambda$new$0(EventFiringWebDriver.java:404)
	at com.sun.proxy.$Proxy9.sendKeys(Unknown Source)
	at org.openqa.selenium.support.events.EventFiringWebDriver$EventFiringWebElement.sendKeys(EventFiringWebDriver.java:429)
	at com.kms.katalon.core.webui.keyword.builtin.SendKeysKeyword$_sendKeys_closure1.doCall(SendKeysKeyword.groovy:53)
	at com.kms.katalon.core.webui.keyword.builtin.SendKeysKeyword$_sendKeys_closure1.call(SendKeysKeyword.groovy)
	at com.kms.katalon.core.webui.keyword.internal.WebUIKeywordMain.runKeyword(WebUIKeywordMain.groovy:20)
	... 19 more


2020-03-20 15:05:34 - [TEST_STEP][PASSED] - waitForElementVisible(findTestObject("ADMIN/Edit Text/Bespoke/Buyer Navigation/dd_language"), 0): Object 'Object Repository/ADMIN/Edit Text/Bespoke/Buyer Navigation/dd_language' is visible

2020-03-20 15:05:34 - [MESSAGE][WARNING] - Timeout '0' is invalid. Using default page load timeout: '30'

2020-03-20 15:05:35 - [MESSAGE][PASSED] - Object 'Object Repository/ADMIN/Edit Text/Bespoke/Buyer Navigation/dd_language' is visible

2020-03-20 15:05:35 - [TEST_STEP][PASSED] - selectOptionByLabel(findTestObject("ADMIN/Edit Text/Bespoke/Buyer Navigation/dd_language"), varLanguage, false): All options with label 'English' are selected in object 'Object Repository/ADMIN/Edit Text/Bespoke/Buyer Navigation/dd_language' 

2020-03-20 15:05:36 - [MESSAGE][PASSED] - All options with label 'English' are selected in object 'Object Repository/ADMIN/Edit Text/Bespoke/Buyer Navigation/dd_language' 

2020-03-20 15:05:36 - [TEST_STEP][PASSED] - sendKeys(findTestObject("ADMIN/Edit Text/Bespoke/Admin Pages/About Us/input_ABOUT_lbl_title"), "*"): Keys '*' sent to object: 'Object Repository/ADMIN/Edit Text/Bespoke/Admin Pages/About Us/input_ABOUT_lbl_title'

2020-03-20 15:05:36 - [MESSAGE][PASSED] - Keys '*' sent to object: 'Object Repository/ADMIN/Edit Text/Bespoke/Admin Pages/About Us/input_ABOUT_lbl_title'

2020-03-20 15:05:36 - [TEST_STEP][FAILED] - sendKeys(findTestObject("ADMIN/Edit Text/Bespoke/Admin Pages/About Us/div_FontFormat_nicEdit-main nicEdit-selected"), "*"): Unable to send keys '*' to object 'Object Repository/ADMIN/Edit Text/Bespoke/Admin Pages/About Us/div_FontFormat_nicEdit-main nicEdit-selected' (Root cause: com.kms.katalon.core.exception.StepFailedException: Unable to send keys '*' to object 'Object Repository/ADMIN/Edit Text/Bespoke/Admin Pages/About Us/div_FontFormat_nicEdit-main nicEdit-selected'
	at com.kms.katalon.core.webui.keyword.internal.WebUIKeywordMain.stepFailed(WebUIKeywordMain.groovy:64)
	at com.kms.katalon.core.webui.keyword.internal.WebUIKeywordMain.runKeyword(WebUIKeywordMain.groovy:26)
	at com.kms.katalon.core.webui.keyword.builtin.SendKeysKeyword.sendKeys(SendKeysKeyword.groovy:60)
	at com.kms.katalon.core.webui.keyword.builtin.SendKeysKeyword.execute(SendKeysKeyword.groovy:38)
	at com.kms.katalon.core.keyword.internal.KeywordExecutor.executeKeywordForPlatform(KeywordExecutor.groovy:72)
	at com.kms.katalon.core.webui.keyword.WebUiBuiltInKeywords.sendKeys(WebUiBuiltInKeywords.groovy:860)
	at com.kms.katalon.core.webui.keyword.WebUiBuiltInKeywords$sendKeys$2.call(Unknown Source)
	at About Us.run(About Us:24)
	at com.kms.katalon.core.main.ScriptEngine.run(ScriptEngine.java:194)
	at com.kms.katalon.core.main.ScriptEngine.runScriptAsRawText(ScriptEngine.java:119)
	at com.kms.katalon.core.main.TestCaseExecutor.runScript(TestCaseExecutor.java:337)
	at com.kms.katalon.core.main.TestCaseExecutor.doExecute(TestCaseExecutor.java:328)
	at com.kms.katalon.core.main.TestCaseExecutor.processExecutionPhase(TestCaseExecutor.java:307)
	at com.kms.katalon.core.main.TestCaseExecutor.accessMainPhase(TestCaseExecutor.java:299)
	at com.kms.katalon.core.main.TestCaseExecutor.execute(TestCaseExecutor.java:233)
	at com.kms.katalon.core.main.TestSuiteExecutor.accessTestCaseMainPhase(TestSuiteExecutor.java:169)
	at com.kms.katalon.core.main.TestSuiteExecutor.accessTestSuiteMainPhase(TestSuiteExecutor.java:142)
	at com.kms.katalon.core.main.TestSuiteExecutor.execute(TestSuiteExecutor.java:91)
	at com.kms.katalon.core.main.TestCaseMain.startTestSuite(TestCaseMain.java:157)
	at com.kms.katalon.core.main.TestCaseMain$startTestSuite$0.call(Unknown Source)
	at TempTestSuite1584687880497.run(TempTestSuite1584687880497.groovy:36)
Caused by: org.openqa.selenium.ElementNotInteractableException: element not interactable
  (Session info: chrome=80.0.3987.149)
Build info: version: '3.141.59', revision: 'e82be7d358', time: '2018-11-14T08:25:53'
System info: host: 'ARCADIER-03', ip: '192.168.254.105', os.name: 'Windows 7', os.arch: 'amd64', os.version: '6.1', java.version: '1.8.0_181'
Driver info: com.kms.katalon.core.webui.driver.ExistingRemoteWebDriver
Capabilities {javascriptEnabled: true, platform: ANY, platformName: ANY}
Session ID: 1047ba07f4d7d3f0b09558b7ee935cff
	at org.openqa.selenium.remote.http.W3CHttpResponseCodec.createException(W3CHttpResponseCodec.java:187)
	at org.openqa.selenium.remote.http.W3CHttpResponseCodec.decode(W3CHttpResponseCodec.java:122)
	at org.openqa.selenium.remote.http.W3CHttpResponseCodec.decode(W3CHttpResponseCodec.java:49)
	at org.openqa.selenium.remote.HttpCommandExecutor.execute(HttpCommandExecutor.java:158)
	at org.openqa.selenium.remote.RemoteWebDriver.execute(RemoteWebDriver.java:552)
	at com.kms.katalon.core.webui.driver.ExistingRemoteWebDriver.execute(ExistingRemoteWebDriver.java:108)
	at org.openqa.selenium.remote.RemoteWebElement.execute(RemoteWebElement.java:285)
	at org.openqa.selenium.remote.RemoteWebElement.sendKeys(RemoteWebElement.java:106)
	at org.openqa.selenium.support.events.EventFiringWebDriver$EventFiringWebElement.lambda$new$0(EventFiringWebDriver.java:404)
	at com.sun.proxy.$Proxy9.sendKeys(Unknown Source)
	at org.openqa.selenium.support.events.EventFiringWebDriver$EventFiringWebElement.sendKeys(EventFiringWebDriver.java:429)
	at com.kms.katalon.core.webui.keyword.builtin.SendKeysKeyword$_sendKeys_closure1.doCall(SendKeysKeyword.groovy:53)
	at com.kms.katalon.core.webui.keyword.builtin.SendKeysKeyword$_sendKeys_closure1.call(SendKeysKeyword.groovy)
	at com.kms.katalon.core.webui.keyword.internal.WebUIKeywordMain.runKeyword(WebUIKeywordMain.groovy:20)
	at com.kms.katalon.core.webui.keyword.builtin.SendKeysKeyword.sendKeys(SendKeysKeyword.groovy:60)
	at com.kms.katalon.core.webui.keyword.builtin.SendKeysKeyword.execute(SendKeysKeyword.groovy:38)
	at com.kms.katalon.core.keyword.internal.KeywordExecutor.executeKeywordForPlatform(KeywordExecutor.groovy:72)
	at com.kms.katalon.core.webui.keyword.WebUiBuiltInKeywords.sendKeys(WebUiBuiltInKeywords.groovy:860)
	at com.kms.katalon.core.webui.keyword.WebUiBuiltInKeywords$sendKeys$2.call(Unknown Source)
	at Script1582177029370.run(Script1582177029370.groovy:24)
	... 13 more
)

2020-03-20 15:05:37 - [MESSAGE][FAILED] - Unable to send keys '*' to object 'Object Repository/ADMIN/Edit Text/Bespoke/Admin Pages/About Us/div_FontFormat_nicEdit-main nicEdit-selected' (Root cause: com.kms.katalon.core.exception.StepFailedException: Unable to send keys '*' to object 'Object Repository/ADMIN/Edit Text/Bespoke/Admin Pages/About Us/div_FontFormat_nicEdit-main nicEdit-selected'
	at com.kms.katalon.core.webui.keyword.internal.WebUIKeywordMain.stepFailed(WebUIKeywordMain.groovy:64)
	at com.kms.katalon.core.webui.keyword.internal.WebUIKeywordMain.runKeyword(WebUIKeywordMain.groovy:26)
	at com.kms.katalon.core.webui.keyword.builtin.SendKeysKeyword.sendKeys(SendKeysKeyword.groovy:60)
	at com.kms.katalon.core.webui.keyword.builtin.SendKeysKeyword.execute(SendKeysKeyword.groovy:38)
	at com.kms.katalon.core.keyword.internal.KeywordExecutor.executeKeywordForPlatform(KeywordExecutor.groovy:72)
	at com.kms.katalon.core.webui.keyword.WebUiBuiltInKeywords.sendKeys(WebUiBuiltInKeywords.groovy:860)
	at com.kms.katalon.core.webui.keyword.WebUiBuiltInKeywords$sendKeys$2.call(Unknown Source)
	at About Us.run(About Us:24)
	at com.kms.katalon.core.main.ScriptEngine.run(ScriptEngine.java:194)
	at com.kms.katalon.core.main.ScriptEngine.runScriptAsRawText(ScriptEngine.java:119)
	at com.kms.katalon.core.main.TestCaseExecutor.runScript(TestCaseExecutor.java:337)
	at com.kms.katalon.core.main.TestCaseExecutor.doExecute(TestCaseExecutor.java:328)
	at com.kms.katalon.core.main.TestCaseExecutor.processExecutionPhase(TestCaseExecutor.java:307)
	at com.kms.katalon.core.main.TestCaseExecutor.accessMainPhase(TestCaseExecutor.java:299)
	at com.kms.katalon.core.main.TestCaseExecutor.execute(TestCaseExecutor.java:233)
	at com.kms.katalon.core.main.TestSuiteExecutor.accessTestCaseMainPhase(TestSuiteExecutor.java:169)
	at com.kms.katalon.core.main.TestSuiteExecutor.accessTestSuiteMainPhase(TestSuiteExecutor.java:142)
	at com.kms.katalon.core.main.TestSuiteExecutor.execute(TestSuiteExecutor.java:91)
	at com.kms.katalon.core.main.TestCaseMain.startTestSuite(TestCaseMain.java:157)
	at com.kms.katalon.core.main.TestCaseMain$startTestSuite$0.call(Unknown Source)
	at TempTestSuite1584687880497.run(TempTestSuite1584687880497.groovy:36)
Caused by: org.openqa.selenium.ElementNotInteractableException: element not interactable
  (Session info: chrome=80.0.3987.149)
Build info: version: '3.141.59', revision: 'e82be7d358', time: '2018-11-14T08:25:53'
System info: host: 'ARCADIER-03', ip: '192.168.254.105', os.name: 'Windows 7', os.arch: 'amd64', os.version: '6.1', java.version: '1.8.0_181'
Driver info: com.kms.katalon.core.webui.driver.ExistingRemoteWebDriver
Capabilities {javascriptEnabled: true, platform: ANY, platformName: ANY}
Session ID: 1047ba07f4d7d3f0b09558b7ee935cff
	at org.openqa.selenium.remote.http.W3CHttpResponseCodec.createException(W3CHttpResponseCodec.java:187)
	at org.openqa.selenium.remote.http.W3CHttpResponseCodec.decode(W3CHttpResponseCodec.java:122)
	at org.openqa.selenium.remote.http.W3CHttpResponseCodec.decode(W3CHttpResponseCodec.java:49)
	at org.openqa.selenium.remote.HttpCommandExecutor.execute(HttpCommandExecutor.java:158)
	at org.openqa.selenium.remote.RemoteWebDriver.execute(RemoteWebDriver.java:552)
	at com.kms.katalon.core.webui.driver.ExistingRemoteWebDriver.execute(ExistingRemoteWebDriver.java:108)
	at org.openqa.selenium.remote.RemoteWebElement.execute(RemoteWebElement.java:285)
	at org.openqa.selenium.remote.RemoteWebElement.sendKeys(RemoteWebElement.java:106)
	at org.openqa.selenium.support.events.EventFiringWebDriver$EventFiringWebElement.lambda$new$0(EventFiringWebDriver.java:404)
	at com.sun.proxy.$Proxy9.sendKeys(Unknown Source)
	at org.openqa.selenium.support.events.EventFiringWebDriver$EventFiringWebElement.sendKeys(EventFiringWebDriver.java:429)
	at com.kms.katalon.core.webui.keyword.builtin.SendKeysKeyword$_sendKeys_closure1.doCall(SendKeysKeyword.groovy:53)
	at com.kms.katalon.core.webui.keyword.builtin.SendKeysKeyword$_sendKeys_closure1.call(SendKeysKeyword.groovy)
	at com.kms.katalon.core.webui.keyword.internal.WebUIKeywordMain.runKeyword(WebUIKeywordMain.groovy:20)
	at com.kms.katalon.core.webui.keyword.builtin.SendKeysKeyword.sendKeys(SendKeysKeyword.groovy:60)
	at com.kms.katalon.core.webui.keyword.builtin.SendKeysKeyword.execute(SendKeysKeyword.groovy:38)
	at com.kms.katalon.core.keyword.internal.KeywordExecutor.executeKeywordForPlatform(KeywordExecutor.groovy:72)
	at com.kms.katalon.core.webui.keyword.WebUiBuiltInKeywords.sendKeys(WebUiBuiltInKeywords.groovy:860)
	at com.kms.katalon.core.webui.keyword.WebUiBuiltInKeywords$sendKeys$2.call(Unknown Source)
	at Script1582177029370.run(Script1582177029370.groovy:24)
	... 13 more
)
[[ATTACHMENT|C:\\Katalon\\Arctick\\Reports\\20200320_150440\\Admin\\Language\\Edit Text\\Bespoke\\Admin Pages\\Bespoke Admin Pages\\20200320_150440\\1584687936964.png]]

2020-03-20 15:05:37 - [TEST_STEP][PASSED] - click(findTestObject("ADMIN/Edit Text/Bespoke/Buyer Pages/Homepage/button_save"), CONTINUE_ON_FAILURE): Object: 'Object Repository/ADMIN/Edit Text/Bespoke/Buyer Pages/Homepage/button_save' is clicked on

2020-03-20 15:05:38 - [MESSAGE][PASSED] - Object: 'Object Repository/ADMIN/Edit Text/Bespoke/Buyer Pages/Homepage/button_save' is clicked on

2020-03-20 15:05:38 - [TEST_STEP][PASSED] - waitForElementVisible(findTestObject("ADMIN/Edit Text/Bespoke/Buyer Pages/Homepage/toaster_success About"), 0): Object 'Object Repository/ADMIN/Edit Text/Bespoke/Buyer Pages/Homepage/toaster_success About' is visible

2020-03-20 15:05:38 - [MESSAGE][WARNING] - Timeout '0' is invalid. Using default page load timeout: '30'

2020-03-20 15:05:38 - [MESSAGE][PASSED] - Object 'Object Repository/ADMIN/Edit Text/Bespoke/Buyer Pages/Homepage/toaster_success About' is visible]]></system-out>
         <system-err><![CDATA[2020-03-20 15:05:34 - [TEST_CASE][FAILED] - Test Cases/ADMIN/Language/Edit Text/Bespoke/Admin Pages/About Us: Test Cases/ADMIN/Language/Edit Text/Bespoke/Admin Pages/About Us FAILED.
Reason:
com.kms.katalon.core.exception.StepFailedException: Unable to send keys '*' to object 'Object Repository/ADMIN/Edit Text/Bespoke/Admin Pages/About Us/div_FontFormat_nicEdit-main nicEdit-selected' (Root cause: com.kms.katalon.core.exception.StepFailedException: Unable to send keys '*' to object 'Object Repository/ADMIN/Edit Text/Bespoke/Admin Pages/About Us/div_FontFormat_nicEdit-main nicEdit-selected'
	at com.kms.katalon.core.webui.keyword.internal.WebUIKeywordMain.stepFailed(WebUIKeywordMain.groovy:64)
	at com.kms.katalon.core.webui.keyword.internal.WebUIKeywordMain.runKeyword(WebUIKeywordMain.groovy:26)
	at com.kms.katalon.core.webui.keyword.builtin.SendKeysKeyword.sendKeys(SendKeysKeyword.groovy:60)
	at com.kms.katalon.core.webui.keyword.builtin.SendKeysKeyword.execute(SendKeysKeyword.groovy:38)
	at com.kms.katalon.core.keyword.internal.KeywordExecutor.executeKeywordForPlatform(KeywordExecutor.groovy:72)
	at com.kms.katalon.core.webui.keyword.WebUiBuiltInKeywords.sendKeys(WebUiBuiltInKeywords.groovy:860)
	at com.kms.katalon.core.webui.keyword.WebUiBuiltInKeywords$sendKeys$2.call(Unknown Source)
	at About Us.run(About Us:24)
	at com.kms.katalon.core.main.ScriptEngine.run(ScriptEngine.java:194)
	at com.kms.katalon.core.main.ScriptEngine.runScriptAsRawText(ScriptEngine.java:119)
	at com.kms.katalon.core.main.TestCaseExecutor.runScript(TestCaseExecutor.java:337)
	at com.kms.katalon.core.main.TestCaseExecutor.doExecute(TestCaseExecutor.java:328)
	at com.kms.katalon.core.main.TestCaseExecutor.processExecutionPhase(TestCaseExecutor.java:307)
	at com.kms.katalon.core.main.TestCaseExecutor.accessMainPhase(TestCaseExecutor.java:299)
	at com.kms.katalon.core.main.TestCaseExecutor.execute(TestCaseExecutor.java:233)
	at com.kms.katalon.core.main.TestSuiteExecutor.accessTestCaseMainPhase(TestSuiteExecutor.java:169)
	at com.kms.katalon.core.main.TestSuiteExecutor.accessTestSuiteMainPhase(TestSuiteExecutor.java:142)
	at com.kms.katalon.core.main.TestSuiteExecutor.execute(TestSuiteExecutor.java:91)
	at com.kms.katalon.core.main.TestCaseMain.startTestSuite(TestCaseMain.java:157)
	at com.kms.katalon.core.main.TestCaseMain$startTestSuite$0.call(Unknown Source)
	at TempTestSuite1584687880497.run(TempTestSuite1584687880497.groovy:36)
Caused by: org.openqa.selenium.ElementNotInteractableException: element not interactable
  (Session info: chrome=80.0.3987.149)
Build info: version: '3.141.59', revision: 'e82be7d358', time: '2018-11-14T08:25:53'
System info: host: 'ARCADIER-03', ip: '192.168.254.105', os.name: 'Windows 7', os.arch: 'amd64', os.version: '6.1', java.version: '1.8.0_181'
Driver info: com.kms.katalon.core.webui.driver.ExistingRemoteWebDriver
Capabilities {javascriptEnabled: true, platform: ANY, platformName: ANY}
Session ID: 1047ba07f4d7d3f0b09558b7ee935cff
	at org.openqa.selenium.remote.http.W3CHttpResponseCodec.createException(W3CHttpResponseCodec.java:187)
	at org.openqa.selenium.remote.http.W3CHttpResponseCodec.decode(W3CHttpResponseCodec.java:122)
	at org.openqa.selenium.remote.http.W3CHttpResponseCodec.decode(W3CHttpResponseCodec.java:49)
	at org.openqa.selenium.remote.HttpCommandExecutor.execute(HttpCommandExecutor.java:158)
	at org.openqa.selenium.remote.RemoteWebDriver.execute(RemoteWebDriver.java:552)
	at com.kms.katalon.core.webui.driver.ExistingRemoteWebDriver.execute(ExistingRemoteWebDriver.java:108)
	at org.openqa.selenium.remote.RemoteWebElement.execute(RemoteWebElement.java:285)
	at org.openqa.selenium.remote.RemoteWebElement.sendKeys(RemoteWebElement.java:106)
	at org.openqa.selenium.support.events.EventFiringWebDriver$EventFiringWebElement.lambda$new$0(EventFiringWebDriver.java:404)
	at com.sun.proxy.$Proxy9.sendKeys(Unknown Source)
	at org.openqa.selenium.support.events.EventFiringWebDriver$EventFiringWebElement.sendKeys(EventFiringWebDriver.java:429)
	at com.kms.katalon.core.webui.keyword.builtin.SendKeysKeyword$_sendKeys_closure1.doCall(SendKeysKeyword.groovy:53)
	at com.kms.katalon.core.webui.keyword.builtin.SendKeysKeyword$_sendKeys_closure1.call(SendKeysKeyword.groovy)
	at com.kms.katalon.core.webui.keyword.internal.WebUIKeywordMain.runKeyword(WebUIKeywordMain.groovy:20)
	at com.kms.katalon.core.webui.keyword.builtin.SendKeysKeyword.sendKeys(SendKeysKeyword.groovy:60)
	at com.kms.katalon.core.webui.keyword.builtin.SendKeysKeyword.execute(SendKeysKeyword.groovy:38)
	at com.kms.katalon.core.keyword.internal.KeywordExecutor.executeKeywordForPlatform(KeywordExecutor.groovy:72)
	at com.kms.katalon.core.webui.keyword.WebUiBuiltInKeywords.sendKeys(WebUiBuiltInKeywords.groovy:860)
	at com.kms.katalon.core.webui.keyword.WebUiBuiltInKeywords$sendKeys$2.call(Unknown Source)
	at Script1582177029370.run(Script1582177029370.groovy:24)
	... 13 more
)
	at com.kms.katalon.core.keyword.internal.KeywordMain.stepFailed(KeywordMain.groovy:39)
	at com.kms.katalon.core.webui.keyword.internal.WebUIKeywordMain.stepFailed(WebUIKeywordMain.groovy:64)
	at com.kms.katalon.core.webui.keyword.internal.WebUIKeywordMain.runKeyword(WebUIKeywordMain.groovy:26)
	at com.kms.katalon.core.webui.keyword.builtin.SendKeysKeyword.sendKeys(SendKeysKeyword.groovy:60)
	at com.kms.katalon.core.webui.keyword.builtin.SendKeysKeyword.execute(SendKeysKeyword.groovy:38)
	at com.kms.katalon.core.keyword.internal.KeywordExecutor.executeKeywordForPlatform(KeywordExecutor.groovy:72)
	at com.kms.katalon.core.webui.keyword.WebUiBuiltInKeywords.sendKeys(WebUiBuiltInKeywords.groovy:860)
	at com.kms.katalon.core.webui.keyword.WebUiBuiltInKeywords$sendKeys$2.call(Unknown Source)
	at About Us.run(About Us:24)
	at com.kms.katalon.core.main.ScriptEngine.run(ScriptEngine.java:194)
	at com.kms.katalon.core.main.ScriptEngine.runScriptAsRawText(ScriptEngine.java:119)
	at com.kms.katalon.core.main.TestCaseExecutor.runScript(TestCaseExecutor.java:337)
	at com.kms.katalon.core.main.TestCaseExecutor.doExecute(TestCaseExecutor.java:328)
	at com.kms.katalon.core.main.TestCaseExecutor.processExecutionPhase(TestCaseExecutor.java:307)
	at com.kms.katalon.core.main.TestCaseExecutor.accessMainPhase(TestCaseExecutor.java:299)
	at com.kms.katalon.core.main.TestCaseExecutor.execute(TestCaseExecutor.java:233)
	at com.kms.katalon.core.main.TestSuiteExecutor.accessTestCaseMainPhase(TestSuiteExecutor.java:169)
	at com.kms.katalon.core.main.TestSuiteExecutor.accessTestSuiteMainPhase(TestSuiteExecutor.java:142)
	at com.kms.katalon.core.main.TestSuiteExecutor.execute(TestSuiteExecutor.java:91)
	at com.kms.katalon.core.main.TestCaseMain.startTestSuite(TestCaseMain.java:157)
	at com.kms.katalon.core.main.TestCaseMain$startTestSuite$0.call(Unknown Source)
	at TempTestSuite1584687880497.run(TempTestSuite1584687880497.groovy:36)
Caused by: com.kms.katalon.core.exception.StepFailedException: Unable to send keys '*' to object 'Object Repository/ADMIN/Edit Text/Bespoke/Admin Pages/About Us/div_FontFormat_nicEdit-main nicEdit-selected'
	... 21 more
Caused by: org.openqa.selenium.ElementNotInteractableException: element not interactable
  (Session info: chrome=80.0.3987.149)
Build info: version: '3.141.59', revision: 'e82be7d358', time: '2018-11-14T08:25:53'
System info: host: 'ARCADIER-03', ip: '192.168.254.105', os.name: 'Windows 7', os.arch: 'amd64', os.version: '6.1', java.version: '1.8.0_181'
Driver info: com.kms.katalon.core.webui.driver.ExistingRemoteWebDriver
Capabilities {javascriptEnabled: true, platform: ANY, platformName: ANY}
Session ID: 1047ba07f4d7d3f0b09558b7ee935cff
	at org.openqa.selenium.remote.http.W3CHttpResponseCodec.createException(W3CHttpResponseCodec.java:187)
	at org.openqa.selenium.remote.http.W3CHttpResponseCodec.decode(W3CHttpResponseCodec.java:122)
	at org.openqa.selenium.remote.http.W3CHttpResponseCodec.decode(W3CHttpResponseCodec.java:49)
	at org.openqa.selenium.remote.HttpCommandExecutor.execute(HttpCommandExecutor.java:158)
	at org.openqa.selenium.remote.RemoteWebDriver.execute(RemoteWebDriver.java:552)
	at com.kms.katalon.core.webui.driver.ExistingRemoteWebDriver.execute(ExistingRemoteWebDriver.java:108)
	at org.openqa.selenium.remote.RemoteWebElement.execute(RemoteWebElement.java:285)
	at org.openqa.selenium.remote.RemoteWebElement.sendKeys(RemoteWebElement.java:106)
	at org.openqa.selenium.support.events.EventFiringWebDriver$EventFiringWebElement.lambda$new$0(EventFiringWebDriver.java:404)
	at com.sun.proxy.$Proxy9.sendKeys(Unknown Source)
	at org.openqa.selenium.support.events.EventFiringWebDriver$EventFiringWebElement.sendKeys(EventFiringWebDriver.java:429)
	at com.kms.katalon.core.webui.keyword.builtin.SendKeysKeyword$_sendKeys_closure1.doCall(SendKeysKeyword.groovy:53)
	at com.kms.katalon.core.webui.keyword.builtin.SendKeysKeyword$_sendKeys_closure1.call(SendKeysKeyword.groovy)
	at com.kms.katalon.core.webui.keyword.internal.WebUIKeywordMain.runKeyword(WebUIKeywordMain.groovy:20)
	... 19 more]]></system-err>
      </testcase>
      <testcase name="Test Cases/ADMIN/Language/Edit Text/Bespoke/Admin Pages/Header_Footer Navigation" time="5.103" classname="Test Cases/ADMIN/Language/Edit Text/Bespoke/Admin Pages/Header_Footer Navigation" status="PASSED">
         <system-out><![CDATA[2020-03-20 15:05:38 - [TEST_CASE][PASSED] - Test Cases/ADMIN/Language/Edit Text/Bespoke/Admin Pages/Header_Footer Navigation: Test Cases/ADMIN/Language/Edit Text/Bespoke/Admin Pages/Header_Footer Navigation

2020-03-20 15:05:38 - [TEST_STEP][PASSED] - waitForElementVisible(findTestObject("ADMIN/Language/sidemenu_Language"), 0): Object 'Object Repository/ADMIN/Language/sidemenu_Language' is visible

2020-03-20 15:05:38 - [MESSAGE][WARNING] - Timeout '0' is invalid. Using default page load timeout: '30'

2020-03-20 15:05:38 - [MESSAGE][PASSED] - Object 'Object Repository/ADMIN/Language/sidemenu_Language' is visible

2020-03-20 15:05:38 - [TEST_STEP][PASSED] - click(findTestObject("ADMIN/Language/sidemenu_Language"), CONTINUE_ON_FAILURE): Object: 'Object Repository/ADMIN/Language/sidemenu_Language' is clicked on

2020-03-20 15:05:39 - [MESSAGE][PASSED] - Object: 'Object Repository/ADMIN/Language/sidemenu_Language' is clicked on

2020-03-20 15:05:39 - [TEST_STEP][PASSED] - waitForElementVisible(findTestObject("ADMIN/Language/sidemenu_Edit Text"), 0): Object 'Object Repository/ADMIN/Language/sidemenu_Edit Text' is visible

2020-03-20 15:05:39 - [MESSAGE][WARNING] - Timeout '0' is invalid. Using default page load timeout: '30'

2020-03-20 15:05:39 - [MESSAGE][PASSED] - Object 'Object Repository/ADMIN/Language/sidemenu_Edit Text' is visible

2020-03-20 15:05:39 - [TEST_STEP][PASSED] - click(findTestObject("ADMIN/Language/sidemenu_Edit Text"), CONTINUE_ON_FAILURE): Object: 'Object Repository/ADMIN/Language/sidemenu_Edit Text' is clicked on

2020-03-20 15:05:40 - [MESSAGE][PASSED] - Object: 'Object Repository/ADMIN/Language/sidemenu_Edit Text' is clicked on

2020-03-20 15:05:40 - [TEST_STEP][PASSED] - waitForElementVisible(findTestObject("ADMIN/Edit Text/Bespoke/Admin Navigation/dd_icon"), 0): Object 'Object Repository/ADMIN/Edit Text/Bespoke/Admin Navigation/dd_icon' is visible

2020-03-20 15:05:40 - [MESSAGE][WARNING] - Timeout '0' is invalid. Using default page load timeout: '30'

2020-03-20 15:05:40 - [MESSAGE][PASSED] - Object 'Object Repository/ADMIN/Edit Text/Bespoke/Admin Navigation/dd_icon' is visible

2020-03-20 15:05:40 - [TEST_STEP][PASSED] - click(findTestObject("ADMIN/Edit Text/Bespoke/Admin Navigation/dd_icon"), CONTINUE_ON_FAILURE): Object: 'Object Repository/ADMIN/Edit Text/Bespoke/Admin Navigation/dd_icon' is clicked on

2020-03-20 15:05:41 - [MESSAGE][PASSED] - Object: 'Object Repository/ADMIN/Edit Text/Bespoke/Admin Navigation/dd_icon' is clicked on

2020-03-20 15:05:41 - [TEST_STEP][PASSED] - waitForElementVisible(findTestObject("ADMIN/Edit Text/Bespoke/Admin Navigation/span_Marketplace Header  Footer"), 0): Object 'Object Repository/ADMIN/Edit Text/Bespoke/Admin Navigation/span_Marketplace Header  Footer' is visible

2020-03-20 15:05:41 - [MESSAGE][WARNING] - Timeout '0' is invalid. Using default page load timeout: '30'

2020-03-20 15:05:41 - [MESSAGE][PASSED] - Object 'Object Repository/ADMIN/Edit Text/Bespoke/Admin Navigation/span_Marketplace Header  Footer' is visible

2020-03-20 15:05:41 - [TEST_STEP][PASSED] - click(findTestObject("ADMIN/Edit Text/Bespoke/Admin Navigation/span_Marketplace Header  Footer"), CONTINUE_ON_FAILURE): Object: 'Object Repository/ADMIN/Edit Text/Bespoke/Admin Navigation/span_Marketplace Header  Footer' is clicked on

2020-03-20 15:05:42 - [MESSAGE][PASSED] - Object: 'Object Repository/ADMIN/Edit Text/Bespoke/Admin Navigation/span_Marketplace Header  Footer' is clicked on

2020-03-20 15:05:42 - [TEST_STEP][PASSED] - waitForElementVisible(findTestObject("ADMIN/Edit Text/Bespoke/Buyer Navigation/dd_language"), 0): Object 'Object Repository/ADMIN/Edit Text/Bespoke/Buyer Navigation/dd_language' is visible

2020-03-20 15:05:42 - [MESSAGE][WARNING] - Timeout '0' is invalid. Using default page load timeout: '30'

2020-03-20 15:05:43 - [MESSAGE][PASSED] - Object 'Object Repository/ADMIN/Edit Text/Bespoke/Buyer Navigation/dd_language' is visible]]></system-out>
         <system-err><![CDATA[]]></system-err>
      </testcase>
      <testcase name="Test Cases/ADMIN/Language/Edit Text/Bespoke/Admin Pages/Header_Footer" time="11.92" classname="Test Cases/ADMIN/Language/Edit Text/Bespoke/Admin Pages/Header_Footer" status="PASSED">
         <system-out><![CDATA[2020-03-20 15:05:43 - [TEST_CASE][PASSED] - Test Cases/ADMIN/Language/Edit Text/Bespoke/Admin Pages/Header_Footer: Test Cases/ADMIN/Language/Edit Text/Bespoke/Admin Pages/Header_Footer

2020-03-20 15:05:43 - [TEST_STEP][PASSED] - waitForElementVisible(findTestObject("ADMIN/Edit Text/Bespoke/Buyer Navigation/dd_language"), 0): Object 'Object Repository/ADMIN/Edit Text/Bespoke/Buyer Navigation/dd_language' is visible

2020-03-20 15:05:43 - [MESSAGE][WARNING] - Timeout '0' is invalid. Using default page load timeout: '30'

2020-03-20 15:05:43 - [MESSAGE][PASSED] - Object 'Object Repository/ADMIN/Edit Text/Bespoke/Buyer Navigation/dd_language' is visible

2020-03-20 15:05:43 - [TEST_STEP][PASSED] - selectOptionByLabel(findTestObject("ADMIN/Edit Text/Bespoke/Buyer Navigation/dd_language"), varLanguage, false): All options with label 'French' are selected in object 'Object Repository/ADMIN/Edit Text/Bespoke/Buyer Navigation/dd_language' 

2020-03-20 15:05:44 - [MESSAGE][PASSED] - All options with label 'French' are selected in object 'Object Repository/ADMIN/Edit Text/Bespoke/Buyer Navigation/dd_language' 

2020-03-20 15:05:44 - [TEST_STEP][PASSED] - sendKeys(findTestObject("ADMIN/Edit Text/Bespoke/Admin Pages/Header_Footer/input_Search_search"), "*"): Keys '*' sent to object: 'Object Repository/ADMIN/Edit Text/Bespoke/Admin Pages/Header_Footer/input_Search_search'

2020-03-20 15:05:45 - [MESSAGE][PASSED] - Keys '*' sent to object: 'Object Repository/ADMIN/Edit Text/Bespoke/Admin Pages/Header_Footer/input_Search_search'

2020-03-20 15:05:45 - [TEST_STEP][PASSED] - sendKeys(findTestObject("ADMIN/Edit Text/Bespoke/Admin Pages/Header_Footer/input_BE A SELLER_be_seller"), "*"): Keys '*' sent to object: 'Object Repository/ADMIN/Edit Text/Bespoke/Admin Pages/Header_Footer/input_BE A SELLER_be_seller'

2020-03-20 15:05:45 - [MESSAGE][PASSED] - Keys '*' sent to object: 'Object Repository/ADMIN/Edit Text/Bespoke/Admin Pages/Header_Footer/input_BE A SELLER_be_seller'

2020-03-20 15:05:45 - [TEST_STEP][PASSED] - sendKeys(findTestObject("ADMIN/Edit Text/Bespoke/Admin Pages/Header_Footer/input_MORE_more"), "*"): Keys '*' sent to object: 'Object Repository/ADMIN/Edit Text/Bespoke/Admin Pages/Header_Footer/input_MORE_more'

2020-03-20 15:05:45 - [MESSAGE][PASSED] - Keys '*' sent to object: 'Object Repository/ADMIN/Edit Text/Bespoke/Admin Pages/Header_Footer/input_MORE_more'

2020-03-20 15:05:45 - [TEST_STEP][PASSED] - sendKeys(findTestObject("ADMIN/Edit Text/Bespoke/Admin Pages/Header_Footer/input_VIEW CART_btn_next"), "*"): Keys '*' sent to object: 'Object Repository/ADMIN/Edit Text/Bespoke/Admin Pages/Header_Footer/input_VIEW CART_btn_next'

2020-03-20 15:05:45 - [MESSAGE][PASSED] - Keys '*' sent to object: 'Object Repository/ADMIN/Edit Text/Bespoke/Admin Pages/Header_Footer/input_VIEW CART_btn_next'

2020-03-20 15:05:45 - [TEST_STEP][PASSED] - sendKeys(findTestObject("ADMIN/Edit Text/Bespoke/Admin Pages/Header_Footer/input_REGISTER  SIGN IN_register_signin"), "*"): Keys '*' sent to object: 'Object Repository/ADMIN/Edit Text/Bespoke/Admin Pages/Header_Footer/input_REGISTER  SIGN IN_register_signin'

2020-03-20 15:05:45 - [MESSAGE][PASSED] - Keys '*' sent to object: 'Object Repository/ADMIN/Edit Text/Bespoke/Admin Pages/Header_Footer/input_REGISTER  SIGN IN_register_signin'

2020-03-20 15:05:45 - [TEST_STEP][PASSED] - sendKeys(findTestObject("ADMIN/Edit Text/Bespoke/Admin Pages/Header_Footer/input_SELLER_sell"), "*"): Keys '*' sent to object: 'Object Repository/ADMIN/Edit Text/Bespoke/Admin Pages/Header_Footer/input_SELLER_sell'

2020-03-20 15:05:46 - [MESSAGE][PASSED] - Keys '*' sent to object: 'Object Repository/ADMIN/Edit Text/Bespoke/Admin Pages/Header_Footer/input_SELLER_sell'

2020-03-20 15:05:46 - [TEST_STEP][PASSED] - sendKeys(findTestObject("ADMIN/Edit Text/Bespoke/Admin Pages/Header_Footer/input_PROFILE_profile"), "*"): Keys '*' sent to object: 'Object Repository/ADMIN/Edit Text/Bespoke/Admin Pages/Header_Footer/input_PROFILE_profile'

2020-03-20 15:05:46 - [MESSAGE][PASSED] - Keys '*' sent to object: 'Object Repository/ADMIN/Edit Text/Bespoke/Admin Pages/Header_Footer/input_PROFILE_profile'

2020-03-20 15:05:46 - [TEST_STEP][PASSED] - sendKeys(findTestObject("ADMIN/Edit Text/Bespoke/Admin Pages/Header_Footer/input_Dashboard_Dashboard"), "*"): Keys '*' sent to object: 'Object Repository/ADMIN/Edit Text/Bespoke/Admin Pages/Header_Footer/input_Dashboard_Dashboard'

2020-03-20 15:05:46 - [MESSAGE][PASSED] - Keys '*' sent to object: 'Object Repository/ADMIN/Edit Text/Bespoke/Admin Pages/Header_Footer/input_Dashboard_Dashboard'

2020-03-20 15:05:46 - [TEST_STEP][PASSED] - sendKeys(findTestObject("ADMIN/Edit Text/Bespoke/Admin Pages/Header_Footer/input_Purchases_Purchases"), "*"): Keys '*' sent to object: 'Object Repository/ADMIN/Edit Text/Bespoke/Admin Pages/Header_Footer/input_Purchases_Purchases'

2020-03-20 15:05:47 - [MESSAGE][PASSED] - Keys '*' sent to object: 'Object Repository/ADMIN/Edit Text/Bespoke/Admin Pages/Header_Footer/input_Purchases_Purchases'

2020-03-20 15:05:47 - [TEST_STEP][PASSED] - sendKeys(findTestObject("ADMIN/Edit Text/Bespoke/Admin Pages/Header_Footer/input_Your Items_Your Items"), "*"): Keys '*' sent to object: 'Object Repository/ADMIN/Edit Text/Bespoke/Admin Pages/Header_Footer/input_Your Items_Your Items'

2020-03-20 15:05:47 - [MESSAGE][PASSED] - Keys '*' sent to object: 'Object Repository/ADMIN/Edit Text/Bespoke/Admin Pages/Header_Footer/input_Your Items_Your Items'

2020-03-20 15:05:47 - [TEST_STEP][PASSED] - sendKeys(findTestObject("ADMIN/Edit Text/Bespoke/Admin Pages/Header_Footer/input_Settings_Settings"), "*"): Keys '*' sent to object: 'Object Repository/ADMIN/Edit Text/Bespoke/Admin Pages/Header_Footer/input_Settings_Settings'

2020-03-20 15:05:48 - [MESSAGE][PASSED] - Keys '*' sent to object: 'Object Repository/ADMIN/Edit Text/Bespoke/Admin Pages/Header_Footer/input_Settings_Settings'

2020-03-20 15:05:48 - [TEST_STEP][PASSED] - sendKeys(findTestObject("ADMIN/Edit Text/Bespoke/Admin Pages/Header_Footer/input_Upload_Upload"), "*"): Keys '*' sent to object: 'Object Repository/ADMIN/Edit Text/Bespoke/Admin Pages/Header_Footer/input_Upload_Upload'

2020-03-20 15:05:48 - [MESSAGE][PASSED] - Keys '*' sent to object: 'Object Repository/ADMIN/Edit Text/Bespoke/Admin Pages/Header_Footer/input_Upload_Upload'

2020-03-20 15:05:48 - [TEST_STEP][PASSED] - sendKeys(findTestObject("ADMIN/Edit Text/Bespoke/Admin Pages/Header_Footer/input_Logout_Logout"), "*"): Keys '*' sent to object: 'Object Repository/ADMIN/Edit Text/Bespoke/Admin Pages/Header_Footer/input_Logout_Logout'

2020-03-20 15:05:49 - [MESSAGE][PASSED] - Keys '*' sent to object: 'Object Repository/ADMIN/Edit Text/Bespoke/Admin Pages/Header_Footer/input_Logout_Logout'

2020-03-20 15:05:49 - [TEST_STEP][PASSED] - sendKeys(findTestObject("ADMIN/Edit Text/Bespoke/Admin Pages/Header_Footer/input_Orders_Orders"), "*"): Keys '*' sent to object: 'Object Repository/ADMIN/Edit Text/Bespoke/Admin Pages/Header_Footer/input_Orders_Orders'

2020-03-20 15:05:49 - [MESSAGE][PASSED] - Keys '*' sent to object: 'Object Repository/ADMIN/Edit Text/Bespoke/Admin Pages/Header_Footer/input_Orders_Orders'

2020-03-20 15:05:49 - [TEST_STEP][PASSED] - sendKeys(findTestObject("ADMIN/Edit Text/Bespoke/Admin Pages/Header_Footer/input_Sub-accounts_Sub-accounts"), "*"): Keys '*' sent to object: 'Object Repository/ADMIN/Edit Text/Bespoke/Admin Pages/Header_Footer/input_Sub-accounts_Sub-accounts'

2020-03-20 15:05:49 - [MESSAGE][PASSED] - Keys '*' sent to object: 'Object Repository/ADMIN/Edit Text/Bespoke/Admin Pages/Header_Footer/input_Sub-accounts_Sub-accounts'

2020-03-20 15:05:49 - [TEST_STEP][PASSED] - sendKeys(findTestObject("ADMIN/Edit Text/Bespoke/Admin Pages/Header_Footer/input_Sales_Sales"), "*"): Keys '*' sent to object: 'Object Repository/ADMIN/Edit Text/Bespoke/Admin Pages/Header_Footer/input_Sales_Sales'

2020-03-20 15:05:49 - [MESSAGE][PASSED] - Keys '*' sent to object: 'Object Repository/ADMIN/Edit Text/Bespoke/Admin Pages/Header_Footer/input_Sales_Sales'

2020-03-20 15:05:49 - [TEST_STEP][PASSED] - sendKeys(findTestObject("ADMIN/Edit Text/Bespoke/Admin Pages/Header_Footer/input_Browse_Browse"), "*"): Keys '*' sent to object: 'Object Repository/ADMIN/Edit Text/Bespoke/Admin Pages/Header_Footer/input_Browse_Browse'

2020-03-20 15:05:49 - [MESSAGE][PASSED] - Keys '*' sent to object: 'Object Repository/ADMIN/Edit Text/Bespoke/Admin Pages/Header_Footer/input_Browse_Browse'

2020-03-20 15:05:49 - [TEST_STEP][PASSED] - sendKeys(findTestObject("ADMIN/Edit Text/Bespoke/Admin Pages/Header_Footer/input_SELLER_sell1"), "*"): Keys '*' sent to object: 'Object Repository/ADMIN/Edit Text/Bespoke/Admin Pages/Header_Footer/input_SELLER_sell1'

2020-03-20 15:05:50 - [MESSAGE][PASSED] - Keys '*' sent to object: 'Object Repository/ADMIN/Edit Text/Bespoke/Admin Pages/Header_Footer/input_SELLER_sell1'

2020-03-20 15:05:50 - [TEST_STEP][PASSED] - sendKeys(findTestObject("ADMIN/Edit Text/Bespoke/Admin Pages/Header_Footer/input_PROFILE_profile1"), "*"): Keys '*' sent to object: 'Object Repository/ADMIN/Edit Text/Bespoke/Admin Pages/Header_Footer/input_PROFILE_profile1'

2020-03-20 15:05:50 - [MESSAGE][PASSED] - Keys '*' sent to object: 'Object Repository/ADMIN/Edit Text/Bespoke/Admin Pages/Header_Footer/input_PROFILE_profile1'

2020-03-20 15:05:50 - [TEST_STEP][PASSED] - sendKeys(findTestObject("ADMIN/Edit Text/Bespoke/Admin Pages/Header_Footer/input_Dashboard_Dashboard1"), "*"): Keys '*' sent to object: 'Object Repository/ADMIN/Edit Text/Bespoke/Admin Pages/Header_Footer/input_Dashboard_Dashboard1'

2020-03-20 15:05:50 - [MESSAGE][PASSED] - Keys '*' sent to object: 'Object Repository/ADMIN/Edit Text/Bespoke/Admin Pages/Header_Footer/input_Dashboard_Dashboard1'

2020-03-20 15:05:50 - [TEST_STEP][PASSED] - sendKeys(findTestObject("ADMIN/Edit Text/Bespoke/Admin Pages/Header_Footer/input_Purchases_Purchases1"), "*"): Keys '*' sent to object: 'Object Repository/ADMIN/Edit Text/Bespoke/Admin Pages/Header_Footer/input_Purchases_Purchases1'

2020-03-20 15:05:51 - [MESSAGE][PASSED] - Keys '*' sent to object: 'Object Repository/ADMIN/Edit Text/Bespoke/Admin Pages/Header_Footer/input_Purchases_Purchases1'

2020-03-20 15:05:51 - [TEST_STEP][PASSED] - sendKeys(findTestObject("ADMIN/Edit Text/Bespoke/Admin Pages/Header_Footer/input_Your Items_Your Items1"), "*"): Keys '*' sent to object: 'Object Repository/ADMIN/Edit Text/Bespoke/Admin Pages/Header_Footer/input_Your Items_Your Items1'

2020-03-20 15:05:51 - [MESSAGE][PASSED] - Keys '*' sent to object: 'Object Repository/ADMIN/Edit Text/Bespoke/Admin Pages/Header_Footer/input_Your Items_Your Items1'

2020-03-20 15:05:51 - [TEST_STEP][PASSED] - sendKeys(findTestObject("ADMIN/Edit Text/Bespoke/Admin Pages/Header_Footer/input_Settings_Settings1"), "*"): Keys '*' sent to object: 'Object Repository/ADMIN/Edit Text/Bespoke/Admin Pages/Header_Footer/input_Settings_Settings1'

2020-03-20 15:05:51 - [MESSAGE][PASSED] - Keys '*' sent to object: 'Object Repository/ADMIN/Edit Text/Bespoke/Admin Pages/Header_Footer/input_Settings_Settings1'

2020-03-20 15:05:51 - [TEST_STEP][PASSED] - sendKeys(findTestObject("ADMIN/Edit Text/Bespoke/Admin Pages/Header_Footer/input_Upload_Upload1"), "*"): Keys '*' sent to object: 'Object Repository/ADMIN/Edit Text/Bespoke/Admin Pages/Header_Footer/input_Upload_Upload1'

2020-03-20 15:05:51 - [MESSAGE][PASSED] - Keys '*' sent to object: 'Object Repository/ADMIN/Edit Text/Bespoke/Admin Pages/Header_Footer/input_Upload_Upload1'

2020-03-20 15:05:51 - [TEST_STEP][PASSED] - sendKeys(findTestObject("ADMIN/Edit Text/Bespoke/Admin Pages/Header_Footer/input_Logout_Logout1"), "*"): Keys '*' sent to object: 'Object Repository/ADMIN/Edit Text/Bespoke/Admin Pages/Header_Footer/input_Logout_Logout1'

2020-03-20 15:05:51 - [MESSAGE][PASSED] - Keys '*' sent to object: 'Object Repository/ADMIN/Edit Text/Bespoke/Admin Pages/Header_Footer/input_Logout_Logout1'

2020-03-20 15:05:51 - [TEST_STEP][PASSED] - sendKeys(findTestObject("ADMIN/Edit Text/Bespoke/Admin Pages/Header_Footer/input_Orders_Orders1"), "*"): Keys '*' sent to object: 'Object Repository/ADMIN/Edit Text/Bespoke/Admin Pages/Header_Footer/input_Orders_Orders1'

2020-03-20 15:05:52 - [MESSAGE][PASSED] - Keys '*' sent to object: 'Object Repository/ADMIN/Edit Text/Bespoke/Admin Pages/Header_Footer/input_Orders_Orders1'

2020-03-20 15:05:52 - [TEST_STEP][PASSED] - sendKeys(findTestObject("ADMIN/Edit Text/Bespoke/Admin Pages/Header_Footer/input_Sales_Sales1"), "*"): Keys '*' sent to object: 'Object Repository/ADMIN/Edit Text/Bespoke/Admin Pages/Header_Footer/input_Sales_Sales1'

2020-03-20 15:05:52 - [MESSAGE][PASSED] - Keys '*' sent to object: 'Object Repository/ADMIN/Edit Text/Bespoke/Admin Pages/Header_Footer/input_Sales_Sales1'

2020-03-20 15:05:52 - [TEST_STEP][PASSED] - sendKeys(findTestObject("ADMIN/Edit Text/Bespoke/Admin Pages/Header_Footer/input_ABOUT US_ABOUT US"), "*"): Keys '*' sent to object: 'Object Repository/ADMIN/Edit Text/Bespoke/Admin Pages/Header_Footer/input_ABOUT US_ABOUT US'

2020-03-20 15:05:52 - [MESSAGE][PASSED] - Keys '*' sent to object: 'Object Repository/ADMIN/Edit Text/Bespoke/Admin Pages/Header_Footer/input_ABOUT US_ABOUT US'

2020-03-20 15:05:52 - [TEST_STEP][PASSED] - sendKeys(findTestObject("ADMIN/Edit Text/Bespoke/Admin Pages/Header_Footer/input_SERVICE TERMS_SERVICE TERMS"), "*"): Keys '*' sent to object: 'Object Repository/ADMIN/Edit Text/Bespoke/Admin Pages/Header_Footer/input_SERVICE TERMS_SERVICE TERMS'

2020-03-20 15:05:53 - [MESSAGE][PASSED] - Keys '*' sent to object: 'Object Repository/ADMIN/Edit Text/Bespoke/Admin Pages/Header_Footer/input_SERVICE TERMS_SERVICE TERMS'

2020-03-20 15:05:53 - [TEST_STEP][PASSED] - sendKeys(findTestObject("ADMIN/Edit Text/Bespoke/Admin Pages/Header_Footer/input_PRIVACY_PRIVACY"), "*"): Keys '*' sent to object: 'Object Repository/ADMIN/Edit Text/Bespoke/Admin Pages/Header_Footer/input_PRIVACY_PRIVACY'

2020-03-20 15:05:53 - [MESSAGE][PASSED] - Keys '*' sent to object: 'Object Repository/ADMIN/Edit Text/Bespoke/Admin Pages/Header_Footer/input_PRIVACY_PRIVACY'

2020-03-20 15:05:53 - [TEST_STEP][PASSED] - sendKeys(findTestObject("ADMIN/Edit Text/Bespoke/Admin Pages/Header_Footer/input_RETURNS_RETURNS"), "*"): Keys '*' sent to object: 'Object Repository/ADMIN/Edit Text/Bespoke/Admin Pages/Header_Footer/input_RETURNS_RETURNS'

2020-03-20 15:05:53 - [MESSAGE][PASSED] - Keys '*' sent to object: 'Object Repository/ADMIN/Edit Text/Bespoke/Admin Pages/Header_Footer/input_RETURNS_RETURNS'

2020-03-20 15:05:53 - [TEST_STEP][PASSED] - sendKeys(findTestObject("ADMIN/Edit Text/Bespoke/Admin Pages/Header_Footer/input_FAQ_FAQ"), "*"): Keys '*' sent to object: 'Object Repository/ADMIN/Edit Text/Bespoke/Admin Pages/Header_Footer/input_FAQ_FAQ'

2020-03-20 15:05:53 - [MESSAGE][PASSED] - Keys '*' sent to object: 'Object Repository/ADMIN/Edit Text/Bespoke/Admin Pages/Header_Footer/input_FAQ_FAQ'

2020-03-20 15:05:53 - [TEST_STEP][PASSED] - sendKeys(findTestObject("ADMIN/Edit Text/Bespoke/Admin Pages/Header_Footer/input_CONTACT_CONTACT"), "*"): Keys '*' sent to object: 'Object Repository/ADMIN/Edit Text/Bespoke/Admin Pages/Header_Footer/input_CONTACT_CONTACT'

2020-03-20 15:05:53 - [MESSAGE][PASSED] - Keys '*' sent to object: 'Object Repository/ADMIN/Edit Text/Bespoke/Admin Pages/Header_Footer/input_CONTACT_CONTACT'

2020-03-20 15:05:53 - [TEST_STEP][PASSED] - sendKeys(findTestObject("ADMIN/Edit Text/Bespoke/Admin Pages/Header_Footer/input_All rights reserved _foot_copyright"), "*"): Keys '*' sent to object: 'Object Repository/ADMIN/Edit Text/Bespoke/Admin Pages/Header_Footer/input_All rights reserved _foot_copyright'

2020-03-20 15:05:54 - [MESSAGE][PASSED] - Keys '*' sent to object: 'Object Repository/ADMIN/Edit Text/Bespoke/Admin Pages/Header_Footer/input_All rights reserved _foot_copyright'

2020-03-20 15:05:54 - [TEST_STEP][PASSED] - click(findTestObject("ADMIN/Edit Text/Bespoke/Buyer Pages/Homepage/button_save"), CONTINUE_ON_FAILURE): Object: 'Object Repository/ADMIN/Edit Text/Bespoke/Buyer Pages/Homepage/button_save' is clicked on

2020-03-20 15:05:54 - [MESSAGE][PASSED] - Object: 'Object Repository/ADMIN/Edit Text/Bespoke/Buyer Pages/Homepage/button_save' is clicked on

2020-03-20 15:05:54 - [TEST_STEP][PASSED] - waitForElementVisible(findTestObject("ADMIN/Edit Text/Bespoke/Buyer Pages/Homepage/toaster_success"), 0): Object 'Object Repository/ADMIN/Edit Text/Bespoke/Buyer Pages/Homepage/toaster_success' is visible

2020-03-20 15:05:54 - [MESSAGE][WARNING] - Timeout '0' is invalid. Using default page load timeout: '30'

2020-03-20 15:05:55 - [MESSAGE][PASSED] - Object 'Object Repository/ADMIN/Edit Text/Bespoke/Buyer Pages/Homepage/toaster_success' is visible]]></system-out>
         <system-err><![CDATA[]]></system-err>
      </testcase>
      <testcase name="Test Cases/ADMIN/Language/Edit Text/Bespoke/Admin Pages/Header_Footer" time="8.748" classname="Test Cases/ADMIN/Language/Edit Text/Bespoke/Admin Pages/Header_Footer" status="PASSED">
         <system-out><![CDATA[2020-03-20 15:05:55 - [TEST_CASE][PASSED] - Test Cases/ADMIN/Language/Edit Text/Bespoke/Admin Pages/Header_Footer: Test Cases/ADMIN/Language/Edit Text/Bespoke/Admin Pages/Header_Footer

2020-03-20 15:05:55 - [TEST_STEP][PASSED] - waitForElementVisible(findTestObject("ADMIN/Edit Text/Bespoke/Buyer Navigation/dd_language"), 0): Object 'Object Repository/ADMIN/Edit Text/Bespoke/Buyer Navigation/dd_language' is visible

2020-03-20 15:05:55 - [MESSAGE][WARNING] - Timeout '0' is invalid. Using default page load timeout: '30'

2020-03-20 15:05:55 - [MESSAGE][PASSED] - Object 'Object Repository/ADMIN/Edit Text/Bespoke/Buyer Navigation/dd_language' is visible

2020-03-20 15:05:55 - [TEST_STEP][PASSED] - selectOptionByLabel(findTestObject("ADMIN/Edit Text/Bespoke/Buyer Navigation/dd_language"), varLanguage, false): All options with label 'Spanish' are selected in object 'Object Repository/ADMIN/Edit Text/Bespoke/Buyer Navigation/dd_language' 

2020-03-20 15:05:56 - [MESSAGE][PASSED] - All options with label 'Spanish' are selected in object 'Object Repository/ADMIN/Edit Text/Bespoke/Buyer Navigation/dd_language' 

2020-03-20 15:05:56 - [TEST_STEP][PASSED] - sendKeys(findTestObject("ADMIN/Edit Text/Bespoke/Admin Pages/Header_Footer/input_Search_search"), "*"): Keys '*' sent to object: 'Object Repository/ADMIN/Edit Text/Bespoke/Admin Pages/Header_Footer/input_Search_search'

2020-03-20 15:05:56 - [MESSAGE][PASSED] - Keys '*' sent to object: 'Object Repository/ADMIN/Edit Text/Bespoke/Admin Pages/Header_Footer/input_Search_search'

2020-03-20 15:05:56 - [TEST_STEP][PASSED] - sendKeys(findTestObject("ADMIN/Edit Text/Bespoke/Admin Pages/Header_Footer/input_BE A SELLER_be_seller"), "*"): Keys '*' sent to object: 'Object Repository/ADMIN/Edit Text/Bespoke/Admin Pages/Header_Footer/input_BE A SELLER_be_seller'

2020-03-20 15:05:56 - [MESSAGE][PASSED] - Keys '*' sent to object: 'Object Repository/ADMIN/Edit Text/Bespoke/Admin Pages/Header_Footer/input_BE A SELLER_be_seller'

2020-03-20 15:05:56 - [TEST_STEP][PASSED] - sendKeys(findTestObject("ADMIN/Edit Text/Bespoke/Admin Pages/Header_Footer/input_MORE_more"), "*"): Keys '*' sent to object: 'Object Repository/ADMIN/Edit Text/Bespoke/Admin Pages/Header_Footer/input_MORE_more'

2020-03-20 15:05:56 - [MESSAGE][PASSED] - Keys '*' sent to object: 'Object Repository/ADMIN/Edit Text/Bespoke/Admin Pages/Header_Footer/input_MORE_more'

2020-03-20 15:05:56 - [TEST_STEP][PASSED] - sendKeys(findTestObject("ADMIN/Edit Text/Bespoke/Admin Pages/Header_Footer/input_VIEW CART_btn_next"), "*"): Keys '*' sent to object: 'Object Repository/ADMIN/Edit Text/Bespoke/Admin Pages/Header_Footer/input_VIEW CART_btn_next'

2020-03-20 15:05:57 - [MESSAGE][PASSED] - Keys '*' sent to object: 'Object Repository/ADMIN/Edit Text/Bespoke/Admin Pages/Header_Footer/input_VIEW CART_btn_next'

2020-03-20 15:05:57 - [TEST_STEP][PASSED] - sendKeys(findTestObject("ADMIN/Edit Text/Bespoke/Admin Pages/Header_Footer/input_REGISTER  SIGN IN_register_signin"), "*"): Keys '*' sent to object: 'Object Repository/ADMIN/Edit Text/Bespoke/Admin Pages/Header_Footer/input_REGISTER  SIGN IN_register_signin'

2020-03-20 15:05:57 - [MESSAGE][PASSED] - Keys '*' sent to object: 'Object Repository/ADMIN/Edit Text/Bespoke/Admin Pages/Header_Footer/input_REGISTER  SIGN IN_register_signin'

2020-03-20 15:05:57 - [TEST_STEP][PASSED] - sendKeys(findTestObject("ADMIN/Edit Text/Bespoke/Admin Pages/Header_Footer/input_SELLER_sell"), "*"): Keys '*' sent to object: 'Object Repository/ADMIN/Edit Text/Bespoke/Admin Pages/Header_Footer/input_SELLER_sell'

2020-03-20 15:05:57 - [MESSAGE][PASSED] - Keys '*' sent to object: 'Object Repository/ADMIN/Edit Text/Bespoke/Admin Pages/Header_Footer/input_SELLER_sell'

2020-03-20 15:05:57 - [TEST_STEP][PASSED] - sendKeys(findTestObject("ADMIN/Edit Text/Bespoke/Admin Pages/Header_Footer/input_PROFILE_profile"), "*"): Keys '*' sent to object: 'Object Repository/ADMIN/Edit Text/Bespoke/Admin Pages/Header_Footer/input_PROFILE_profile'

2020-03-20 15:05:57 - [MESSAGE][PASSED] - Keys '*' sent to object: 'Object Repository/ADMIN/Edit Text/Bespoke/Admin Pages/Header_Footer/input_PROFILE_profile'

2020-03-20 15:05:57 - [TEST_STEP][PASSED] - sendKeys(findTestObject("ADMIN/Edit Text/Bespoke/Admin Pages/Header_Footer/input_Dashboard_Dashboard"), "*"): Keys '*' sent to object: 'Object Repository/ADMIN/Edit Text/Bespoke/Admin Pages/Header_Footer/input_Dashboard_Dashboard'

2020-03-20 15:05:58 - [MESSAGE][PASSED] - Keys '*' sent to object: 'Object Repository/ADMIN/Edit Text/Bespoke/Admin Pages/Header_Footer/input_Dashboard_Dashboard'

2020-03-20 15:05:58 - [TEST_STEP][PASSED] - sendKeys(findTestObject("ADMIN/Edit Text/Bespoke/Admin Pages/Header_Footer/input_Purchases_Purchases"), "*"): Keys '*' sent to object: 'Object Repository/ADMIN/Edit Text/Bespoke/Admin Pages/Header_Footer/input_Purchases_Purchases'

2020-03-20 15:05:58 - [MESSAGE][PASSED] - Keys '*' sent to object: 'Object Repository/ADMIN/Edit Text/Bespoke/Admin Pages/Header_Footer/input_Purchases_Purchases'

2020-03-20 15:05:58 - [TEST_STEP][PASSED] - sendKeys(findTestObject("ADMIN/Edit Text/Bespoke/Admin Pages/Header_Footer/input_Your Items_Your Items"), "*"): Keys '*' sent to object: 'Object Repository/ADMIN/Edit Text/Bespoke/Admin Pages/Header_Footer/input_Your Items_Your Items'

2020-03-20 15:05:58 - [MESSAGE][PASSED] - Keys '*' sent to object: 'Object Repository/ADMIN/Edit Text/Bespoke/Admin Pages/Header_Footer/input_Your Items_Your Items'

2020-03-20 15:05:58 - [TEST_STEP][PASSED] - sendKeys(findTestObject("ADMIN/Edit Text/Bespoke/Admin Pages/Header_Footer/input_Settings_Settings"), "*"): Keys '*' sent to object: 'Object Repository/ADMIN/Edit Text/Bespoke/Admin Pages/Header_Footer/input_Settings_Settings'

2020-03-20 15:05:58 - [MESSAGE][PASSED] - Keys '*' sent to object: 'Object Repository/ADMIN/Edit Text/Bespoke/Admin Pages/Header_Footer/input_Settings_Settings'

2020-03-20 15:05:58 - [TEST_STEP][PASSED] - sendKeys(findTestObject("ADMIN/Edit Text/Bespoke/Admin Pages/Header_Footer/input_Upload_Upload"), "*"): Keys '*' sent to object: 'Object Repository/ADMIN/Edit Text/Bespoke/Admin Pages/Header_Footer/input_Upload_Upload'

2020-03-20 15:05:58 - [MESSAGE][PASSED] - Keys '*' sent to object: 'Object Repository/ADMIN/Edit Text/Bespoke/Admin Pages/Header_Footer/input_Upload_Upload'

2020-03-20 15:05:58 - [TEST_STEP][PASSED] - sendKeys(findTestObject("ADMIN/Edit Text/Bespoke/Admin Pages/Header_Footer/input_Logout_Logout"), "*"): Keys '*' sent to object: 'Object Repository/ADMIN/Edit Text/Bespoke/Admin Pages/Header_Footer/input_Logout_Logout'

2020-03-20 15:05:58 - [MESSAGE][PASSED] - Keys '*' sent to object: 'Object Repository/ADMIN/Edit Text/Bespoke/Admin Pages/Header_Footer/input_Logout_Logout'

2020-03-20 15:05:58 - [TEST_STEP][PASSED] - sendKeys(findTestObject("ADMIN/Edit Text/Bespoke/Admin Pages/Header_Footer/input_Orders_Orders"), "*"): Keys '*' sent to object: 'Object Repository/ADMIN/Edit Text/Bespoke/Admin Pages/Header_Footer/input_Orders_Orders'

2020-03-20 15:05:58 - [MESSAGE][PASSED] - Keys '*' sent to object: 'Object Repository/ADMIN/Edit Text/Bespoke/Admin Pages/Header_Footer/input_Orders_Orders'

2020-03-20 15:05:58 - [TEST_STEP][PASSED] - sendKeys(findTestObject("ADMIN/Edit Text/Bespoke/Admin Pages/Header_Footer/input_Sub-accounts_Sub-accounts"), "*"): Keys '*' sent to object: 'Object Repository/ADMIN/Edit Text/Bespoke/Admin Pages/Header_Footer/input_Sub-accounts_Sub-accounts'

2020-03-20 15:05:59 - [MESSAGE][PASSED] - Keys '*' sent to object: 'Object Repository/ADMIN/Edit Text/Bespoke/Admin Pages/Header_Footer/input_Sub-accounts_Sub-accounts'

2020-03-20 15:05:59 - [TEST_STEP][PASSED] - sendKeys(findTestObject("ADMIN/Edit Text/Bespoke/Admin Pages/Header_Footer/input_Sales_Sales"), "*"): Keys '*' sent to object: 'Object Repository/ADMIN/Edit Text/Bespoke/Admin Pages/Header_Footer/input_Sales_Sales'

2020-03-20 15:05:59 - [MESSAGE][PASSED] - Keys '*' sent to object: 'Object Repository/ADMIN/Edit Text/Bespoke/Admin Pages/Header_Footer/input_Sales_Sales'

2020-03-20 15:05:59 - [TEST_STEP][PASSED] - sendKeys(findTestObject("ADMIN/Edit Text/Bespoke/Admin Pages/Header_Footer/input_Browse_Browse"), "*"): Keys '*' sent to object: 'Object Repository/ADMIN/Edit Text/Bespoke/Admin Pages/Header_Footer/input_Browse_Browse'

2020-03-20 15:05:59 - [MESSAGE][PASSED] - Keys '*' sent to object: 'Object Repository/ADMIN/Edit Text/Bespoke/Admin Pages/Header_Footer/input_Browse_Browse'

2020-03-20 15:05:59 - [TEST_STEP][PASSED] - sendKeys(findTestObject("ADMIN/Edit Text/Bespoke/Admin Pages/Header_Footer/input_SELLER_sell1"), "*"): Keys '*' sent to object: 'Object Repository/ADMIN/Edit Text/Bespoke/Admin Pages/Header_Footer/input_SELLER_sell1'

2020-03-20 15:06:00 - [MESSAGE][PASSED] - Keys '*' sent to object: 'Object Repository/ADMIN/Edit Text/Bespoke/Admin Pages/Header_Footer/input_SELLER_sell1'

2020-03-20 15:06:00 - [TEST_STEP][PASSED] - sendKeys(findTestObject("ADMIN/Edit Text/Bespoke/Admin Pages/Header_Footer/input_PROFILE_profile1"), "*"): Keys '*' sent to object: 'Object Repository/ADMIN/Edit Text/Bespoke/Admin Pages/Header_Footer/input_PROFILE_profile1'

2020-03-20 15:06:00 - [MESSAGE][PASSED] - Keys '*' sent to object: 'Object Repository/ADMIN/Edit Text/Bespoke/Admin Pages/Header_Footer/input_PROFILE_profile1'

2020-03-20 15:06:00 - [TEST_STEP][PASSED] - sendKeys(findTestObject("ADMIN/Edit Text/Bespoke/Admin Pages/Header_Footer/input_Dashboard_Dashboard1"), "*"): Keys '*' sent to object: 'Object Repository/ADMIN/Edit Text/Bespoke/Admin Pages/Header_Footer/input_Dashboard_Dashboard1'

2020-03-20 15:06:00 - [MESSAGE][PASSED] - Keys '*' sent to object: 'Object Repository/ADMIN/Edit Text/Bespoke/Admin Pages/Header_Footer/input_Dashboard_Dashboard1'

2020-03-20 15:06:00 - [TEST_STEP][PASSED] - sendKeys(findTestObject("ADMIN/Edit Text/Bespoke/Admin Pages/Header_Footer/input_Purchases_Purchases1"), "*"): Keys '*' sent to object: 'Object Repository/ADMIN/Edit Text/Bespoke/Admin Pages/Header_Footer/input_Purchases_Purchases1'

2020-03-20 15:06:00 - [MESSAGE][PASSED] - Keys '*' sent to object: 'Object Repository/ADMIN/Edit Text/Bespoke/Admin Pages/Header_Footer/input_Purchases_Purchases1'

2020-03-20 15:06:00 - [TEST_STEP][PASSED] - sendKeys(findTestObject("ADMIN/Edit Text/Bespoke/Admin Pages/Header_Footer/input_Your Items_Your Items1"), "*"): Keys '*' sent to object: 'Object Repository/ADMIN/Edit Text/Bespoke/Admin Pages/Header_Footer/input_Your Items_Your Items1'

2020-03-20 15:06:00 - [MESSAGE][PASSED] - Keys '*' sent to object: 'Object Repository/ADMIN/Edit Text/Bespoke/Admin Pages/Header_Footer/input_Your Items_Your Items1'

2020-03-20 15:06:00 - [TEST_STEP][PASSED] - sendKeys(findTestObject("ADMIN/Edit Text/Bespoke/Admin Pages/Header_Footer/input_Settings_Settings1"), "*"): Keys '*' sent to object: 'Object Repository/ADMIN/Edit Text/Bespoke/Admin Pages/Header_Footer/input_Settings_Settings1'

2020-03-20 15:06:01 - [MESSAGE][PASSED] - Keys '*' sent to object: 'Object Repository/ADMIN/Edit Text/Bespoke/Admin Pages/Header_Footer/input_Settings_Settings1'

2020-03-20 15:06:01 - [TEST_STEP][PASSED] - sendKeys(findTestObject("ADMIN/Edit Text/Bespoke/Admin Pages/Header_Footer/input_Upload_Upload1"), "*"): Keys '*' sent to object: 'Object Repository/ADMIN/Edit Text/Bespoke/Admin Pages/Header_Footer/input_Upload_Upload1'

2020-03-20 15:06:01 - [MESSAGE][PASSED] - Keys '*' sent to object: 'Object Repository/ADMIN/Edit Text/Bespoke/Admin Pages/Header_Footer/input_Upload_Upload1'

2020-03-20 15:06:01 - [TEST_STEP][PASSED] - sendKeys(findTestObject("ADMIN/Edit Text/Bespoke/Admin Pages/Header_Footer/input_Logout_Logout1"), "*"): Keys '*' sent to object: 'Object Repository/ADMIN/Edit Text/Bespoke/Admin Pages/Header_Footer/input_Logout_Logout1'

2020-03-20 15:06:01 - [MESSAGE][PASSED] - Keys '*' sent to object: 'Object Repository/ADMIN/Edit Text/Bespoke/Admin Pages/Header_Footer/input_Logout_Logout1'

2020-03-20 15:06:01 - [TEST_STEP][PASSED] - sendKeys(findTestObject("ADMIN/Edit Text/Bespoke/Admin Pages/Header_Footer/input_Orders_Orders1"), "*"): Keys '*' sent to object: 'Object Repository/ADMIN/Edit Text/Bespoke/Admin Pages/Header_Footer/input_Orders_Orders1'

2020-03-20 15:06:01 - [MESSAGE][PASSED] - Keys '*' sent to object: 'Object Repository/ADMIN/Edit Text/Bespoke/Admin Pages/Header_Footer/input_Orders_Orders1'

2020-03-20 15:06:01 - [TEST_STEP][PASSED] - sendKeys(findTestObject("ADMIN/Edit Text/Bespoke/Admin Pages/Header_Footer/input_Sales_Sales1"), "*"): Keys '*' sent to object: 'Object Repository/ADMIN/Edit Text/Bespoke/Admin Pages/Header_Footer/input_Sales_Sales1'

2020-03-20 15:06:02 - [MESSAGE][PASSED] - Keys '*' sent to object: 'Object Repository/ADMIN/Edit Text/Bespoke/Admin Pages/Header_Footer/input_Sales_Sales1'

2020-03-20 15:06:02 - [TEST_STEP][PASSED] - sendKeys(findTestObject("ADMIN/Edit Text/Bespoke/Admin Pages/Header_Footer/input_ABOUT US_ABOUT US"), "*"): Keys '*' sent to object: 'Object Repository/ADMIN/Edit Text/Bespoke/Admin Pages/Header_Footer/input_ABOUT US_ABOUT US'

2020-03-20 15:06:02 - [MESSAGE][PASSED] - Keys '*' sent to object: 'Object Repository/ADMIN/Edit Text/Bespoke/Admin Pages/Header_Footer/input_ABOUT US_ABOUT US'

2020-03-20 15:06:02 - [TEST_STEP][PASSED] - sendKeys(findTestObject("ADMIN/Edit Text/Bespoke/Admin Pages/Header_Footer/input_SERVICE TERMS_SERVICE TERMS"), "*"): Keys '*' sent to object: 'Object Repository/ADMIN/Edit Text/Bespoke/Admin Pages/Header_Footer/input_SERVICE TERMS_SERVICE TERMS'

2020-03-20 15:06:02 - [MESSAGE][PASSED] - Keys '*' sent to object: 'Object Repository/ADMIN/Edit Text/Bespoke/Admin Pages/Header_Footer/input_SERVICE TERMS_SERVICE TERMS'

2020-03-20 15:06:02 - [TEST_STEP][PASSED] - sendKeys(findTestObject("ADMIN/Edit Text/Bespoke/Admin Pages/Header_Footer/input_PRIVACY_PRIVACY"), "*"): Keys '*' sent to object: 'Object Repository/ADMIN/Edit Text/Bespoke/Admin Pages/Header_Footer/input_PRIVACY_PRIVACY'

2020-03-20 15:06:02 - [MESSAGE][PASSED] - Keys '*' sent to object: 'Object Repository/ADMIN/Edit Text/Bespoke/Admin Pages/Header_Footer/input_PRIVACY_PRIVACY'

2020-03-20 15:06:02 - [TEST_STEP][PASSED] - sendKeys(findTestObject("ADMIN/Edit Text/Bespoke/Admin Pages/Header_Footer/input_RETURNS_RETURNS"), "*"): Keys '*' sent to object: 'Object Repository/ADMIN/Edit Text/Bespoke/Admin Pages/Header_Footer/input_RETURNS_RETURNS'

2020-03-20 15:06:02 - [MESSAGE][PASSED] - Keys '*' sent to object: 'Object Repository/ADMIN/Edit Text/Bespoke/Admin Pages/Header_Footer/input_RETURNS_RETURNS'

2020-03-20 15:06:02 - [TEST_STEP][PASSED] - sendKeys(findTestObject("ADMIN/Edit Text/Bespoke/Admin Pages/Header_Footer/input_FAQ_FAQ"), "*"): Keys '*' sent to object: 'Object Repository/ADMIN/Edit Text/Bespoke/Admin Pages/Header_Footer/input_FAQ_FAQ'

2020-03-20 15:06:02 - [MESSAGE][PASSED] - Keys '*' sent to object: 'Object Repository/ADMIN/Edit Text/Bespoke/Admin Pages/Header_Footer/input_FAQ_FAQ'

2020-03-20 15:06:02 - [TEST_STEP][PASSED] - sendKeys(findTestObject("ADMIN/Edit Text/Bespoke/Admin Pages/Header_Footer/input_CONTACT_CONTACT"), "*"): Keys '*' sent to object: 'Object Repository/ADMIN/Edit Text/Bespoke/Admin Pages/Header_Footer/input_CONTACT_CONTACT'

2020-03-20 15:06:02 - [MESSAGE][PASSED] - Keys '*' sent to object: 'Object Repository/ADMIN/Edit Text/Bespoke/Admin Pages/Header_Footer/input_CONTACT_CONTACT'

2020-03-20 15:06:02 - [TEST_STEP][PASSED] - sendKeys(findTestObject("ADMIN/Edit Text/Bespoke/Admin Pages/Header_Footer/input_All rights reserved _foot_copyright"), "*"): Keys '*' sent to object: 'Object Repository/ADMIN/Edit Text/Bespoke/Admin Pages/Header_Footer/input_All rights reserved _foot_copyright'

2020-03-20 15:06:02 - [MESSAGE][PASSED] - Keys '*' sent to object: 'Object Repository/ADMIN/Edit Text/Bespoke/Admin Pages/Header_Footer/input_All rights reserved _foot_copyright'

2020-03-20 15:06:02 - [TEST_STEP][PASSED] - click(findTestObject("ADMIN/Edit Text/Bespoke/Buyer Pages/Homepage/button_save"), CONTINUE_ON_FAILURE): Object: 'Object Repository/ADMIN/Edit Text/Bespoke/Buyer Pages/Homepage/button_save' is clicked on

2020-03-20 15:06:03 - [MESSAGE][PASSED] - Object: 'Object Repository/ADMIN/Edit Text/Bespoke/Buyer Pages/Homepage/button_save' is clicked on

2020-03-20 15:06:03 - [TEST_STEP][PASSED] - waitForElementVisible(findTestObject("ADMIN/Edit Text/Bespoke/Buyer Pages/Homepage/toaster_success"), 0): Object 'Object Repository/ADMIN/Edit Text/Bespoke/Buyer Pages/Homepage/toaster_success' is visible

2020-03-20 15:06:03 - [MESSAGE][WARNING] - Timeout '0' is invalid. Using default page load timeout: '30'

2020-03-20 15:06:03 - [MESSAGE][PASSED] - Object 'Object Repository/ADMIN/Edit Text/Bespoke/Buyer Pages/Homepage/toaster_success' is visible]]></system-out>
         <system-err><![CDATA[]]></system-err>
      </testcase>
      <testcase name="Test Cases/ADMIN/Language/Edit Text/Bespoke/Admin Pages/Header_Footer" time="10.242" classname="Test Cases/ADMIN/Language/Edit Text/Bespoke/Admin Pages/Header_Footer" status="PASSED">
         <system-out><![CDATA[2020-03-20 15:06:03 - [TEST_CASE][PASSED] - Test Cases/ADMIN/Language/Edit Text/Bespoke/Admin Pages/Header_Footer: Test Cases/ADMIN/Language/Edit Text/Bespoke/Admin Pages/Header_Footer

2020-03-20 15:06:03 - [TEST_STEP][PASSED] - waitForElementVisible(findTestObject("ADMIN/Edit Text/Bespoke/Buyer Navigation/dd_language"), 0): Object 'Object Repository/ADMIN/Edit Text/Bespoke/Buyer Navigation/dd_language' is visible

2020-03-20 15:06:04 - [MESSAGE][WARNING] - Timeout '0' is invalid. Using default page load timeout: '30'

2020-03-20 15:06:04 - [MESSAGE][PASSED] - Object 'Object Repository/ADMIN/Edit Text/Bespoke/Buyer Navigation/dd_language' is visible

2020-03-20 15:06:04 - [TEST_STEP][PASSED] - selectOptionByLabel(findTestObject("ADMIN/Edit Text/Bespoke/Buyer Navigation/dd_language"), varLanguage, false): All options with label 'Hindi' are selected in object 'Object Repository/ADMIN/Edit Text/Bespoke/Buyer Navigation/dd_language' 

2020-03-20 15:06:05 - [MESSAGE][PASSED] - All options with label 'Hindi' are selected in object 'Object Repository/ADMIN/Edit Text/Bespoke/Buyer Navigation/dd_language' 

2020-03-20 15:06:05 - [TEST_STEP][PASSED] - sendKeys(findTestObject("ADMIN/Edit Text/Bespoke/Admin Pages/Header_Footer/input_Search_search"), "*"): Keys '*' sent to object: 'Object Repository/ADMIN/Edit Text/Bespoke/Admin Pages/Header_Footer/input_Search_search'

2020-03-20 15:06:05 - [MESSAGE][PASSED] - Keys '*' sent to object: 'Object Repository/ADMIN/Edit Text/Bespoke/Admin Pages/Header_Footer/input_Search_search'

2020-03-20 15:06:05 - [TEST_STEP][PASSED] - sendKeys(findTestObject("ADMIN/Edit Text/Bespoke/Admin Pages/Header_Footer/input_BE A SELLER_be_seller"), "*"): Keys '*' sent to object: 'Object Repository/ADMIN/Edit Text/Bespoke/Admin Pages/Header_Footer/input_BE A SELLER_be_seller'

2020-03-20 15:06:05 - [MESSAGE][PASSED] - Keys '*' sent to object: 'Object Repository/ADMIN/Edit Text/Bespoke/Admin Pages/Header_Footer/input_BE A SELLER_be_seller'

2020-03-20 15:06:05 - [TEST_STEP][PASSED] - sendKeys(findTestObject("ADMIN/Edit Text/Bespoke/Admin Pages/Header_Footer/input_MORE_more"), "*"): Keys '*' sent to object: 'Object Repository/ADMIN/Edit Text/Bespoke/Admin Pages/Header_Footer/input_MORE_more'

2020-03-20 15:06:06 - [MESSAGE][PASSED] - Keys '*' sent to object: 'Object Repository/ADMIN/Edit Text/Bespoke/Admin Pages/Header_Footer/input_MORE_more'

2020-03-20 15:06:06 - [TEST_STEP][PASSED] - sendKeys(findTestObject("ADMIN/Edit Text/Bespoke/Admin Pages/Header_Footer/input_VIEW CART_btn_next"), "*"): Keys '*' sent to object: 'Object Repository/ADMIN/Edit Text/Bespoke/Admin Pages/Header_Footer/input_VIEW CART_btn_next'

2020-03-20 15:06:06 - [MESSAGE][PASSED] - Keys '*' sent to object: 'Object Repository/ADMIN/Edit Text/Bespoke/Admin Pages/Header_Footer/input_VIEW CART_btn_next'

2020-03-20 15:06:06 - [TEST_STEP][PASSED] - sendKeys(findTestObject("ADMIN/Edit Text/Bespoke/Admin Pages/Header_Footer/input_REGISTER  SIGN IN_register_signin"), "*"): Keys '*' sent to object: 'Object Repository/ADMIN/Edit Text/Bespoke/Admin Pages/Header_Footer/input_REGISTER  SIGN IN_register_signin'

2020-03-20 15:06:06 - [MESSAGE][PASSED] - Keys '*' sent to object: 'Object Repository/ADMIN/Edit Text/Bespoke/Admin Pages/Header_Footer/input_REGISTER  SIGN IN_register_signin'

2020-03-20 15:06:06 - [TEST_STEP][PASSED] - sendKeys(findTestObject("ADMIN/Edit Text/Bespoke/Admin Pages/Header_Footer/input_SELLER_sell"), "*"): Keys '*' sent to object: 'Object Repository/ADMIN/Edit Text/Bespoke/Admin Pages/Header_Footer/input_SELLER_sell'

2020-03-20 15:06:06 - [MESSAGE][PASSED] - Keys '*' sent to object: 'Object Repository/ADMIN/Edit Text/Bespoke/Admin Pages/Header_Footer/input_SELLER_sell'

2020-03-20 15:06:06 - [TEST_STEP][PASSED] - sendKeys(findTestObject("ADMIN/Edit Text/Bespoke/Admin Pages/Header_Footer/input_PROFILE_profile"), "*"): Keys '*' sent to object: 'Object Repository/ADMIN/Edit Text/Bespoke/Admin Pages/Header_Footer/input_PROFILE_profile'

2020-03-20 15:06:07 - [MESSAGE][PASSED] - Keys '*' sent to object: 'Object Repository/ADMIN/Edit Text/Bespoke/Admin Pages/Header_Footer/input_PROFILE_profile'

2020-03-20 15:06:07 - [TEST_STEP][PASSED] - sendKeys(findTestObject("ADMIN/Edit Text/Bespoke/Admin Pages/Header_Footer/input_Dashboard_Dashboard"), "*"): Keys '*' sent to object: 'Object Repository/ADMIN/Edit Text/Bespoke/Admin Pages/Header_Footer/input_Dashboard_Dashboard'

2020-03-20 15:06:07 - [MESSAGE][PASSED] - Keys '*' sent to object: 'Object Repository/ADMIN/Edit Text/Bespoke/Admin Pages/Header_Footer/input_Dashboard_Dashboard'

2020-03-20 15:06:07 - [TEST_STEP][PASSED] - sendKeys(findTestObject("ADMIN/Edit Text/Bespoke/Admin Pages/Header_Footer/input_Purchases_Purchases"), "*"): Keys '*' sent to object: 'Object Repository/ADMIN/Edit Text/Bespoke/Admin Pages/Header_Footer/input_Purchases_Purchases'

2020-03-20 15:06:07 - [MESSAGE][PASSED] - Keys '*' sent to object: 'Object Repository/ADMIN/Edit Text/Bespoke/Admin Pages/Header_Footer/input_Purchases_Purchases'

2020-03-20 15:06:07 - [TEST_STEP][PASSED] - sendKeys(findTestObject("ADMIN/Edit Text/Bespoke/Admin Pages/Header_Footer/input_Your Items_Your Items"), "*"): Keys '*' sent to object: 'Object Repository/ADMIN/Edit Text/Bespoke/Admin Pages/Header_Footer/input_Your Items_Your Items'

2020-03-20 15:06:07 - [MESSAGE][PASSED] - Keys '*' sent to object: 'Object Repository/ADMIN/Edit Text/Bespoke/Admin Pages/Header_Footer/input_Your Items_Your Items'

2020-03-20 15:06:07 - [TEST_STEP][PASSED] - sendKeys(findTestObject("ADMIN/Edit Text/Bespoke/Admin Pages/Header_Footer/input_Settings_Settings"), "*"): Keys '*' sent to object: 'Object Repository/ADMIN/Edit Text/Bespoke/Admin Pages/Header_Footer/input_Settings_Settings'

2020-03-20 15:06:08 - [MESSAGE][PASSED] - Keys '*' sent to object: 'Object Repository/ADMIN/Edit Text/Bespoke/Admin Pages/Header_Footer/input_Settings_Settings'

2020-03-20 15:06:08 - [TEST_STEP][PASSED] - sendKeys(findTestObject("ADMIN/Edit Text/Bespoke/Admin Pages/Header_Footer/input_Upload_Upload"), "*"): Keys '*' sent to object: 'Object Repository/ADMIN/Edit Text/Bespoke/Admin Pages/Header_Footer/input_Upload_Upload'

2020-03-20 15:06:08 - [MESSAGE][PASSED] - Keys '*' sent to object: 'Object Repository/ADMIN/Edit Text/Bespoke/Admin Pages/Header_Footer/input_Upload_Upload'

2020-03-20 15:06:08 - [TEST_STEP][PASSED] - sendKeys(findTestObject("ADMIN/Edit Text/Bespoke/Admin Pages/Header_Footer/input_Logout_Logout"), "*"): Keys '*' sent to object: 'Object Repository/ADMIN/Edit Text/Bespoke/Admin Pages/Header_Footer/input_Logout_Logout'

2020-03-20 15:06:08 - [MESSAGE][PASSED] - Keys '*' sent to object: 'Object Repository/ADMIN/Edit Text/Bespoke/Admin Pages/Header_Footer/input_Logout_Logout'

2020-03-20 15:06:08 - [TEST_STEP][PASSED] - sendKeys(findTestObject("ADMIN/Edit Text/Bespoke/Admin Pages/Header_Footer/input_Orders_Orders"), "*"): Keys '*' sent to object: 'Object Repository/ADMIN/Edit Text/Bespoke/Admin Pages/Header_Footer/input_Orders_Orders'

2020-03-20 15:06:08 - [MESSAGE][PASSED] - Keys '*' sent to object: 'Object Repository/ADMIN/Edit Text/Bespoke/Admin Pages/Header_Footer/input_Orders_Orders'

2020-03-20 15:06:08 - [TEST_STEP][PASSED] - sendKeys(findTestObject("ADMIN/Edit Text/Bespoke/Admin Pages/Header_Footer/input_Sub-accounts_Sub-accounts"), "*"): Keys '*' sent to object: 'Object Repository/ADMIN/Edit Text/Bespoke/Admin Pages/Header_Footer/input_Sub-accounts_Sub-accounts'

2020-03-20 15:06:08 - [MESSAGE][PASSED] - Keys '*' sent to object: 'Object Repository/ADMIN/Edit Text/Bespoke/Admin Pages/Header_Footer/input_Sub-accounts_Sub-accounts'

2020-03-20 15:06:08 - [TEST_STEP][PASSED] - sendKeys(findTestObject("ADMIN/Edit Text/Bespoke/Admin Pages/Header_Footer/input_Sales_Sales"), "*"): Keys '*' sent to object: 'Object Repository/ADMIN/Edit Text/Bespoke/Admin Pages/Header_Footer/input_Sales_Sales'

2020-03-20 15:06:08 - [MESSAGE][PASSED] - Keys '*' sent to object: 'Object Repository/ADMIN/Edit Text/Bespoke/Admin Pages/Header_Footer/input_Sales_Sales'

2020-03-20 15:06:08 - [TEST_STEP][PASSED] - sendKeys(findTestObject("ADMIN/Edit Text/Bespoke/Admin Pages/Header_Footer/input_Browse_Browse"), "*"): Keys '*' sent to object: 'Object Repository/ADMIN/Edit Text/Bespoke/Admin Pages/Header_Footer/input_Browse_Browse'

2020-03-20 15:06:09 - [MESSAGE][PASSED] - Keys '*' sent to object: 'Object Repository/ADMIN/Edit Text/Bespoke/Admin Pages/Header_Footer/input_Browse_Browse'

2020-03-20 15:06:09 - [TEST_STEP][PASSED] - sendKeys(findTestObject("ADMIN/Edit Text/Bespoke/Admin Pages/Header_Footer/input_SELLER_sell1"), "*"): Keys '*' sent to object: 'Object Repository/ADMIN/Edit Text/Bespoke/Admin Pages/Header_Footer/input_SELLER_sell1'

2020-03-20 15:06:09 - [MESSAGE][PASSED] - Keys '*' sent to object: 'Object Repository/ADMIN/Edit Text/Bespoke/Admin Pages/Header_Footer/input_SELLER_sell1'

2020-03-20 15:06:09 - [TEST_STEP][PASSED] - sendKeys(findTestObject("ADMIN/Edit Text/Bespoke/Admin Pages/Header_Footer/input_PROFILE_profile1"), "*"): Keys '*' sent to object: 'Object Repository/ADMIN/Edit Text/Bespoke/Admin Pages/Header_Footer/input_PROFILE_profile1'

2020-03-20 15:06:09 - [MESSAGE][PASSED] - Keys '*' sent to object: 'Object Repository/ADMIN/Edit Text/Bespoke/Admin Pages/Header_Footer/input_PROFILE_profile1'

2020-03-20 15:06:09 - [TEST_STEP][PASSED] - sendKeys(findTestObject("ADMIN/Edit Text/Bespoke/Admin Pages/Header_Footer/input_Dashboard_Dashboard1"), "*"): Keys '*' sent to object: 'Object Repository/ADMIN/Edit Text/Bespoke/Admin Pages/Header_Footer/input_Dashboard_Dashboard1'

2020-03-20 15:06:09 - [MESSAGE][PASSED] - Keys '*' sent to object: 'Object Repository/ADMIN/Edit Text/Bespoke/Admin Pages/Header_Footer/input_Dashboard_Dashboard1'

2020-03-20 15:06:09 - [TEST_STEP][PASSED] - sendKeys(findTestObject("ADMIN/Edit Text/Bespoke/Admin Pages/Header_Footer/input_Purchases_Purchases1"), "*"): Keys '*' sent to object: 'Object Repository/ADMIN/Edit Text/Bespoke/Admin Pages/Header_Footer/input_Purchases_Purchases1'

2020-03-20 15:06:10 - [MESSAGE][PASSED] - Keys '*' sent to object: 'Object Repository/ADMIN/Edit Text/Bespoke/Admin Pages/Header_Footer/input_Purchases_Purchases1'

2020-03-20 15:06:10 - [TEST_STEP][PASSED] - sendKeys(findTestObject("ADMIN/Edit Text/Bespoke/Admin Pages/Header_Footer/input_Your Items_Your Items1"), "*"): Keys '*' sent to object: 'Object Repository/ADMIN/Edit Text/Bespoke/Admin Pages/Header_Footer/input_Your Items_Your Items1'

2020-03-20 15:06:10 - [MESSAGE][PASSED] - Keys '*' sent to object: 'Object Repository/ADMIN/Edit Text/Bespoke/Admin Pages/Header_Footer/input_Your Items_Your Items1'

2020-03-20 15:06:10 - [TEST_STEP][PASSED] - sendKeys(findTestObject("ADMIN/Edit Text/Bespoke/Admin Pages/Header_Footer/input_Settings_Settings1"), "*"): Keys '*' sent to object: 'Object Repository/ADMIN/Edit Text/Bespoke/Admin Pages/Header_Footer/input_Settings_Settings1'

2020-03-20 15:06:10 - [MESSAGE][PASSED] - Keys '*' sent to object: 'Object Repository/ADMIN/Edit Text/Bespoke/Admin Pages/Header_Footer/input_Settings_Settings1'

2020-03-20 15:06:10 - [TEST_STEP][PASSED] - sendKeys(findTestObject("ADMIN/Edit Text/Bespoke/Admin Pages/Header_Footer/input_Upload_Upload1"), "*"): Keys '*' sent to object: 'Object Repository/ADMIN/Edit Text/Bespoke/Admin Pages/Header_Footer/input_Upload_Upload1'

2020-03-20 15:06:11 - [MESSAGE][PASSED] - Keys '*' sent to object: 'Object Repository/ADMIN/Edit Text/Bespoke/Admin Pages/Header_Footer/input_Upload_Upload1'

2020-03-20 15:06:11 - [TEST_STEP][PASSED] - sendKeys(findTestObject("ADMIN/Edit Text/Bespoke/Admin Pages/Header_Footer/input_Logout_Logout1"), "*"): Keys '*' sent to object: 'Object Repository/ADMIN/Edit Text/Bespoke/Admin Pages/Header_Footer/input_Logout_Logout1'

2020-03-20 15:06:11 - [MESSAGE][PASSED] - Keys '*' sent to object: 'Object Repository/ADMIN/Edit Text/Bespoke/Admin Pages/Header_Footer/input_Logout_Logout1'

2020-03-20 15:06:11 - [TEST_STEP][PASSED] - sendKeys(findTestObject("ADMIN/Edit Text/Bespoke/Admin Pages/Header_Footer/input_Orders_Orders1"), "*"): Keys '*' sent to object: 'Object Repository/ADMIN/Edit Text/Bespoke/Admin Pages/Header_Footer/input_Orders_Orders1'

2020-03-20 15:06:11 - [MESSAGE][PASSED] - Keys '*' sent to object: 'Object Repository/ADMIN/Edit Text/Bespoke/Admin Pages/Header_Footer/input_Orders_Orders1'

2020-03-20 15:06:11 - [TEST_STEP][PASSED] - sendKeys(findTestObject("ADMIN/Edit Text/Bespoke/Admin Pages/Header_Footer/input_Sales_Sales1"), "*"): Keys '*' sent to object: 'Object Repository/ADMIN/Edit Text/Bespoke/Admin Pages/Header_Footer/input_Sales_Sales1'

2020-03-20 15:06:11 - [MESSAGE][PASSED] - Keys '*' sent to object: 'Object Repository/ADMIN/Edit Text/Bespoke/Admin Pages/Header_Footer/input_Sales_Sales1'

2020-03-20 15:06:11 - [TEST_STEP][PASSED] - sendKeys(findTestObject("ADMIN/Edit Text/Bespoke/Admin Pages/Header_Footer/input_ABOUT US_ABOUT US"), "*"): Keys '*' sent to object: 'Object Repository/ADMIN/Edit Text/Bespoke/Admin Pages/Header_Footer/input_ABOUT US_ABOUT US'

2020-03-20 15:06:12 - [MESSAGE][PASSED] - Keys '*' sent to object: 'Object Repository/ADMIN/Edit Text/Bespoke/Admin Pages/Header_Footer/input_ABOUT US_ABOUT US'

2020-03-20 15:06:12 - [TEST_STEP][PASSED] - sendKeys(findTestObject("ADMIN/Edit Text/Bespoke/Admin Pages/Header_Footer/input_SERVICE TERMS_SERVICE TERMS"), "*"): Keys '*' sent to object: 'Object Repository/ADMIN/Edit Text/Bespoke/Admin Pages/Header_Footer/input_SERVICE TERMS_SERVICE TERMS'

2020-03-20 15:06:12 - [MESSAGE][PASSED] - Keys '*' sent to object: 'Object Repository/ADMIN/Edit Text/Bespoke/Admin Pages/Header_Footer/input_SERVICE TERMS_SERVICE TERMS'

2020-03-20 15:06:12 - [TEST_STEP][PASSED] - sendKeys(findTestObject("ADMIN/Edit Text/Bespoke/Admin Pages/Header_Footer/input_PRIVACY_PRIVACY"), "*"): Keys '*' sent to object: 'Object Repository/ADMIN/Edit Text/Bespoke/Admin Pages/Header_Footer/input_PRIVACY_PRIVACY'

2020-03-20 15:06:12 - [MESSAGE][PASSED] - Keys '*' sent to object: 'Object Repository/ADMIN/Edit Text/Bespoke/Admin Pages/Header_Footer/input_PRIVACY_PRIVACY'

2020-03-20 15:06:12 - [TEST_STEP][PASSED] - sendKeys(findTestObject("ADMIN/Edit Text/Bespoke/Admin Pages/Header_Footer/input_RETURNS_RETURNS"), "*"): Keys '*' sent to object: 'Object Repository/ADMIN/Edit Text/Bespoke/Admin Pages/Header_Footer/input_RETURNS_RETURNS'

2020-03-20 15:06:12 - [MESSAGE][PASSED] - Keys '*' sent to object: 'Object Repository/ADMIN/Edit Text/Bespoke/Admin Pages/Header_Footer/input_RETURNS_RETURNS'

2020-03-20 15:06:12 - [TEST_STEP][PASSED] - sendKeys(findTestObject("ADMIN/Edit Text/Bespoke/Admin Pages/Header_Footer/input_FAQ_FAQ"), "*"): Keys '*' sent to object: 'Object Repository/ADMIN/Edit Text/Bespoke/Admin Pages/Header_Footer/input_FAQ_FAQ'

2020-03-20 15:06:12 - [MESSAGE][PASSED] - Keys '*' sent to object: 'Object Repository/ADMIN/Edit Text/Bespoke/Admin Pages/Header_Footer/input_FAQ_FAQ'

2020-03-20 15:06:12 - [TEST_STEP][PASSED] - sendKeys(findTestObject("ADMIN/Edit Text/Bespoke/Admin Pages/Header_Footer/input_CONTACT_CONTACT"), "*"): Keys '*' sent to object: 'Object Repository/ADMIN/Edit Text/Bespoke/Admin Pages/Header_Footer/input_CONTACT_CONTACT'

2020-03-20 15:06:12 - [MESSAGE][PASSED] - Keys '*' sent to object: 'Object Repository/ADMIN/Edit Text/Bespoke/Admin Pages/Header_Footer/input_CONTACT_CONTACT'

2020-03-20 15:06:12 - [TEST_STEP][PASSED] - sendKeys(findTestObject("ADMIN/Edit Text/Bespoke/Admin Pages/Header_Footer/input_All rights reserved _foot_copyright"), "*"): Keys '*' sent to object: 'Object Repository/ADMIN/Edit Text/Bespoke/Admin Pages/Header_Footer/input_All rights reserved _foot_copyright'

2020-03-20 15:06:13 - [MESSAGE][PASSED] - Keys '*' sent to object: 'Object Repository/ADMIN/Edit Text/Bespoke/Admin Pages/Header_Footer/input_All rights reserved _foot_copyright'

2020-03-20 15:06:13 - [TEST_STEP][PASSED] - click(findTestObject("ADMIN/Edit Text/Bespoke/Buyer Pages/Homepage/button_save"), CONTINUE_ON_FAILURE): Object: 'Object Repository/ADMIN/Edit Text/Bespoke/Buyer Pages/Homepage/button_save' is clicked on

2020-03-20 15:06:13 - [MESSAGE][PASSED] - Object: 'Object Repository/ADMIN/Edit Text/Bespoke/Buyer Pages/Homepage/button_save' is clicked on

2020-03-20 15:06:13 - [TEST_STEP][PASSED] - waitForElementVisible(findTestObject("ADMIN/Edit Text/Bespoke/Buyer Pages/Homepage/toaster_success"), 0): Object 'Object Repository/ADMIN/Edit Text/Bespoke/Buyer Pages/Homepage/toaster_success' is visible

2020-03-20 15:06:13 - [MESSAGE][WARNING] - Timeout '0' is invalid. Using default page load timeout: '30'

2020-03-20 15:06:14 - [MESSAGE][PASSED] - Object 'Object Repository/ADMIN/Edit Text/Bespoke/Buyer Pages/Homepage/toaster_success' is visible]]></system-out>
         <system-err><![CDATA[]]></system-err>
      </testcase>
      <testcase name="Test Cases/ADMIN/Language/Edit Text/Bespoke/Admin Pages/Header_Footer" time="9.799" classname="Test Cases/ADMIN/Language/Edit Text/Bespoke/Admin Pages/Header_Footer" status="PASSED">
         <system-out><![CDATA[2020-03-20 15:06:14 - [TEST_CASE][PASSED] - Test Cases/ADMIN/Language/Edit Text/Bespoke/Admin Pages/Header_Footer: Test Cases/ADMIN/Language/Edit Text/Bespoke/Admin Pages/Header_Footer

2020-03-20 15:06:14 - [TEST_STEP][PASSED] - waitForElementVisible(findTestObject("ADMIN/Edit Text/Bespoke/Buyer Navigation/dd_language"), 0): Object 'Object Repository/ADMIN/Edit Text/Bespoke/Buyer Navigation/dd_language' is visible

2020-03-20 15:06:14 - [MESSAGE][WARNING] - Timeout '0' is invalid. Using default page load timeout: '30'

2020-03-20 15:06:14 - [MESSAGE][PASSED] - Object 'Object Repository/ADMIN/Edit Text/Bespoke/Buyer Navigation/dd_language' is visible

2020-03-20 15:06:14 - [TEST_STEP][PASSED] - selectOptionByLabel(findTestObject("ADMIN/Edit Text/Bespoke/Buyer Navigation/dd_language"), varLanguage, false): All options with label 'German' are selected in object 'Object Repository/ADMIN/Edit Text/Bespoke/Buyer Navigation/dd_language' 

2020-03-20 15:06:15 - [MESSAGE][PASSED] - All options with label 'German' are selected in object 'Object Repository/ADMIN/Edit Text/Bespoke/Buyer Navigation/dd_language' 

2020-03-20 15:06:15 - [TEST_STEP][PASSED] - sendKeys(findTestObject("ADMIN/Edit Text/Bespoke/Admin Pages/Header_Footer/input_Search_search"), "*"): Keys '*' sent to object: 'Object Repository/ADMIN/Edit Text/Bespoke/Admin Pages/Header_Footer/input_Search_search'

2020-03-20 15:06:15 - [MESSAGE][PASSED] - Keys '*' sent to object: 'Object Repository/ADMIN/Edit Text/Bespoke/Admin Pages/Header_Footer/input_Search_search'

2020-03-20 15:06:15 - [TEST_STEP][PASSED] - sendKeys(findTestObject("ADMIN/Edit Text/Bespoke/Admin Pages/Header_Footer/input_BE A SELLER_be_seller"), "*"): Keys '*' sent to object: 'Object Repository/ADMIN/Edit Text/Bespoke/Admin Pages/Header_Footer/input_BE A SELLER_be_seller'

2020-03-20 15:06:16 - [MESSAGE][PASSED] - Keys '*' sent to object: 'Object Repository/ADMIN/Edit Text/Bespoke/Admin Pages/Header_Footer/input_BE A SELLER_be_seller'

2020-03-20 15:06:16 - [TEST_STEP][PASSED] - sendKeys(findTestObject("ADMIN/Edit Text/Bespoke/Admin Pages/Header_Footer/input_MORE_more"), "*"): Keys '*' sent to object: 'Object Repository/ADMIN/Edit Text/Bespoke/Admin Pages/Header_Footer/input_MORE_more'

2020-03-20 15:06:16 - [MESSAGE][PASSED] - Keys '*' sent to object: 'Object Repository/ADMIN/Edit Text/Bespoke/Admin Pages/Header_Footer/input_MORE_more'

2020-03-20 15:06:16 - [TEST_STEP][PASSED] - sendKeys(findTestObject("ADMIN/Edit Text/Bespoke/Admin Pages/Header_Footer/input_VIEW CART_btn_next"), "*"): Keys '*' sent to object: 'Object Repository/ADMIN/Edit Text/Bespoke/Admin Pages/Header_Footer/input_VIEW CART_btn_next'

2020-03-20 15:06:16 - [MESSAGE][PASSED] - Keys '*' sent to object: 'Object Repository/ADMIN/Edit Text/Bespoke/Admin Pages/Header_Footer/input_VIEW CART_btn_next'

2020-03-20 15:06:16 - [TEST_STEP][PASSED] - sendKeys(findTestObject("ADMIN/Edit Text/Bespoke/Admin Pages/Header_Footer/input_REGISTER  SIGN IN_register_signin"), "*"): Keys '*' sent to object: 'Object Repository/ADMIN/Edit Text/Bespoke/Admin Pages/Header_Footer/input_REGISTER  SIGN IN_register_signin'

2020-03-20 15:06:16 - [MESSAGE][PASSED] - Keys '*' sent to object: 'Object Repository/ADMIN/Edit Text/Bespoke/Admin Pages/Header_Footer/input_REGISTER  SIGN IN_register_signin'

2020-03-20 15:06:16 - [TEST_STEP][PASSED] - sendKeys(findTestObject("ADMIN/Edit Text/Bespoke/Admin Pages/Header_Footer/input_SELLER_sell"), "*"): Keys '*' sent to object: 'Object Repository/ADMIN/Edit Text/Bespoke/Admin Pages/Header_Footer/input_SELLER_sell'

2020-03-20 15:06:17 - [MESSAGE][PASSED] - Keys '*' sent to object: 'Object Repository/ADMIN/Edit Text/Bespoke/Admin Pages/Header_Footer/input_SELLER_sell'

2020-03-20 15:06:17 - [TEST_STEP][PASSED] - sendKeys(findTestObject("ADMIN/Edit Text/Bespoke/Admin Pages/Header_Footer/input_PROFILE_profile"), "*"): Keys '*' sent to object: 'Object Repository/ADMIN/Edit Text/Bespoke/Admin Pages/Header_Footer/input_PROFILE_profile'

2020-03-20 15:06:17 - [MESSAGE][PASSED] - Keys '*' sent to object: 'Object Repository/ADMIN/Edit Text/Bespoke/Admin Pages/Header_Footer/input_PROFILE_profile'

2020-03-20 15:06:17 - [TEST_STEP][PASSED] - sendKeys(findTestObject("ADMIN/Edit Text/Bespoke/Admin Pages/Header_Footer/input_Dashboard_Dashboard"), "*"): Keys '*' sent to object: 'Object Repository/ADMIN/Edit Text/Bespoke/Admin Pages/Header_Footer/input_Dashboard_Dashboard'

2020-03-20 15:06:17 - [MESSAGE][PASSED] - Keys '*' sent to object: 'Object Repository/ADMIN/Edit Text/Bespoke/Admin Pages/Header_Footer/input_Dashboard_Dashboard'

2020-03-20 15:06:17 - [TEST_STEP][PASSED] - sendKeys(findTestObject("ADMIN/Edit Text/Bespoke/Admin Pages/Header_Footer/input_Purchases_Purchases"), "*"): Keys '*' sent to object: 'Object Repository/ADMIN/Edit Text/Bespoke/Admin Pages/Header_Footer/input_Purchases_Purchases'

2020-03-20 15:06:17 - [MESSAGE][PASSED] - Keys '*' sent to object: 'Object Repository/ADMIN/Edit Text/Bespoke/Admin Pages/Header_Footer/input_Purchases_Purchases'

2020-03-20 15:06:17 - [TEST_STEP][PASSED] - sendKeys(findTestObject("ADMIN/Edit Text/Bespoke/Admin Pages/Header_Footer/input_Your Items_Your Items"), "*"): Keys '*' sent to object: 'Object Repository/ADMIN/Edit Text/Bespoke/Admin Pages/Header_Footer/input_Your Items_Your Items'

2020-03-20 15:06:18 - [MESSAGE][PASSED] - Keys '*' sent to object: 'Object Repository/ADMIN/Edit Text/Bespoke/Admin Pages/Header_Footer/input_Your Items_Your Items'

2020-03-20 15:06:18 - [TEST_STEP][PASSED] - sendKeys(findTestObject("ADMIN/Edit Text/Bespoke/Admin Pages/Header_Footer/input_Settings_Settings"), "*"): Keys '*' sent to object: 'Object Repository/ADMIN/Edit Text/Bespoke/Admin Pages/Header_Footer/input_Settings_Settings'

2020-03-20 15:06:18 - [MESSAGE][PASSED] - Keys '*' sent to object: 'Object Repository/ADMIN/Edit Text/Bespoke/Admin Pages/Header_Footer/input_Settings_Settings'

2020-03-20 15:06:18 - [TEST_STEP][PASSED] - sendKeys(findTestObject("ADMIN/Edit Text/Bespoke/Admin Pages/Header_Footer/input_Upload_Upload"), "*"): Keys '*' sent to object: 'Object Repository/ADMIN/Edit Text/Bespoke/Admin Pages/Header_Footer/input_Upload_Upload'

2020-03-20 15:06:18 - [MESSAGE][PASSED] - Keys '*' sent to object: 'Object Repository/ADMIN/Edit Text/Bespoke/Admin Pages/Header_Footer/input_Upload_Upload'

2020-03-20 15:06:18 - [TEST_STEP][PASSED] - sendKeys(findTestObject("ADMIN/Edit Text/Bespoke/Admin Pages/Header_Footer/input_Logout_Logout"), "*"): Keys '*' sent to object: 'Object Repository/ADMIN/Edit Text/Bespoke/Admin Pages/Header_Footer/input_Logout_Logout'

2020-03-20 15:06:18 - [MESSAGE][PASSED] - Keys '*' sent to object: 'Object Repository/ADMIN/Edit Text/Bespoke/Admin Pages/Header_Footer/input_Logout_Logout'

2020-03-20 15:06:18 - [TEST_STEP][PASSED] - sendKeys(findTestObject("ADMIN/Edit Text/Bespoke/Admin Pages/Header_Footer/input_Orders_Orders"), "*"): Keys '*' sent to object: 'Object Repository/ADMIN/Edit Text/Bespoke/Admin Pages/Header_Footer/input_Orders_Orders'

2020-03-20 15:06:18 - [MESSAGE][PASSED] - Keys '*' sent to object: 'Object Repository/ADMIN/Edit Text/Bespoke/Admin Pages/Header_Footer/input_Orders_Orders'

2020-03-20 15:06:18 - [TEST_STEP][PASSED] - sendKeys(findTestObject("ADMIN/Edit Text/Bespoke/Admin Pages/Header_Footer/input_Sub-accounts_Sub-accounts"), "*"): Keys '*' sent to object: 'Object Repository/ADMIN/Edit Text/Bespoke/Admin Pages/Header_Footer/input_Sub-accounts_Sub-accounts'

2020-03-20 15:06:18 - [MESSAGE][PASSED] - Keys '*' sent to object: 'Object Repository/ADMIN/Edit Text/Bespoke/Admin Pages/Header_Footer/input_Sub-accounts_Sub-accounts'

2020-03-20 15:06:18 - [TEST_STEP][PASSED] - sendKeys(findTestObject("ADMIN/Edit Text/Bespoke/Admin Pages/Header_Footer/input_Sales_Sales"), "*"): Keys '*' sent to object: 'Object Repository/ADMIN/Edit Text/Bespoke/Admin Pages/Header_Footer/input_Sales_Sales'

2020-03-20 15:06:19 - [MESSAGE][PASSED] - Keys '*' sent to object: 'Object Repository/ADMIN/Edit Text/Bespoke/Admin Pages/Header_Footer/input_Sales_Sales'

2020-03-20 15:06:19 - [TEST_STEP][PASSED] - sendKeys(findTestObject("ADMIN/Edit Text/Bespoke/Admin Pages/Header_Footer/input_Browse_Browse"), "*"): Keys '*' sent to object: 'Object Repository/ADMIN/Edit Text/Bespoke/Admin Pages/Header_Footer/input_Browse_Browse'

2020-03-20 15:06:19 - [MESSAGE][PASSED] - Keys '*' sent to object: 'Object Repository/ADMIN/Edit Text/Bespoke/Admin Pages/Header_Footer/input_Browse_Browse'

2020-03-20 15:06:19 - [TEST_STEP][PASSED] - sendKeys(findTestObject("ADMIN/Edit Text/Bespoke/Admin Pages/Header_Footer/input_SELLER_sell1"), "*"): Keys '*' sent to object: 'Object Repository/ADMIN/Edit Text/Bespoke/Admin Pages/Header_Footer/input_SELLER_sell1'

2020-03-20 15:06:19 - [MESSAGE][PASSED] - Keys '*' sent to object: 'Object Repository/ADMIN/Edit Text/Bespoke/Admin Pages/Header_Footer/input_SELLER_sell1'

2020-03-20 15:06:19 - [TEST_STEP][PASSED] - sendKeys(findTestObject("ADMIN/Edit Text/Bespoke/Admin Pages/Header_Footer/input_PROFILE_profile1"), "*"): Keys '*' sent to object: 'Object Repository/ADMIN/Edit Text/Bespoke/Admin Pages/Header_Footer/input_PROFILE_profile1'

2020-03-20 15:06:19 - [MESSAGE][PASSED] - Keys '*' sent to object: 'Object Repository/ADMIN/Edit Text/Bespoke/Admin Pages/Header_Footer/input_PROFILE_profile1'

2020-03-20 15:06:19 - [TEST_STEP][PASSED] - sendKeys(findTestObject("ADMIN/Edit Text/Bespoke/Admin Pages/Header_Footer/input_Dashboard_Dashboard1"), "*"): Keys '*' sent to object: 'Object Repository/ADMIN/Edit Text/Bespoke/Admin Pages/Header_Footer/input_Dashboard_Dashboard1'

2020-03-20 15:06:19 - [MESSAGE][PASSED] - Keys '*' sent to object: 'Object Repository/ADMIN/Edit Text/Bespoke/Admin Pages/Header_Footer/input_Dashboard_Dashboard1'

2020-03-20 15:06:19 - [TEST_STEP][PASSED] - sendKeys(findTestObject("ADMIN/Edit Text/Bespoke/Admin Pages/Header_Footer/input_Purchases_Purchases1"), "*"): Keys '*' sent to object: 'Object Repository/ADMIN/Edit Text/Bespoke/Admin Pages/Header_Footer/input_Purchases_Purchases1'

2020-03-20 15:06:20 - [MESSAGE][PASSED] - Keys '*' sent to object: 'Object Repository/ADMIN/Edit Text/Bespoke/Admin Pages/Header_Footer/input_Purchases_Purchases1'

2020-03-20 15:06:20 - [TEST_STEP][PASSED] - sendKeys(findTestObject("ADMIN/Edit Text/Bespoke/Admin Pages/Header_Footer/input_Your Items_Your Items1"), "*"): Keys '*' sent to object: 'Object Repository/ADMIN/Edit Text/Bespoke/Admin Pages/Header_Footer/input_Your Items_Your Items1'

2020-03-20 15:06:20 - [MESSAGE][PASSED] - Keys '*' sent to object: 'Object Repository/ADMIN/Edit Text/Bespoke/Admin Pages/Header_Footer/input_Your Items_Your Items1'

2020-03-20 15:06:20 - [TEST_STEP][PASSED] - sendKeys(findTestObject("ADMIN/Edit Text/Bespoke/Admin Pages/Header_Footer/input_Settings_Settings1"), "*"): Keys '*' sent to object: 'Object Repository/ADMIN/Edit Text/Bespoke/Admin Pages/Header_Footer/input_Settings_Settings1'

2020-03-20 15:06:20 - [MESSAGE][PASSED] - Keys '*' sent to object: 'Object Repository/ADMIN/Edit Text/Bespoke/Admin Pages/Header_Footer/input_Settings_Settings1'

2020-03-20 15:06:20 - [TEST_STEP][PASSED] - sendKeys(findTestObject("ADMIN/Edit Text/Bespoke/Admin Pages/Header_Footer/input_Upload_Upload1"), "*"): Keys '*' sent to object: 'Object Repository/ADMIN/Edit Text/Bespoke/Admin Pages/Header_Footer/input_Upload_Upload1'

2020-03-20 15:06:20 - [MESSAGE][PASSED] - Keys '*' sent to object: 'Object Repository/ADMIN/Edit Text/Bespoke/Admin Pages/Header_Footer/input_Upload_Upload1'

2020-03-20 15:06:20 - [TEST_STEP][PASSED] - sendKeys(findTestObject("ADMIN/Edit Text/Bespoke/Admin Pages/Header_Footer/input_Logout_Logout1"), "*"): Keys '*' sent to object: 'Object Repository/ADMIN/Edit Text/Bespoke/Admin Pages/Header_Footer/input_Logout_Logout1'

2020-03-20 15:06:20 - [MESSAGE][PASSED] - Keys '*' sent to object: 'Object Repository/ADMIN/Edit Text/Bespoke/Admin Pages/Header_Footer/input_Logout_Logout1'

2020-03-20 15:06:20 - [TEST_STEP][PASSED] - sendKeys(findTestObject("ADMIN/Edit Text/Bespoke/Admin Pages/Header_Footer/input_Orders_Orders1"), "*"): Keys '*' sent to object: 'Object Repository/ADMIN/Edit Text/Bespoke/Admin Pages/Header_Footer/input_Orders_Orders1'

2020-03-20 15:06:21 - [MESSAGE][PASSED] - Keys '*' sent to object: 'Object Repository/ADMIN/Edit Text/Bespoke/Admin Pages/Header_Footer/input_Orders_Orders1'

2020-03-20 15:06:21 - [TEST_STEP][PASSED] - sendKeys(findTestObject("ADMIN/Edit Text/Bespoke/Admin Pages/Header_Footer/input_Sales_Sales1"), "*"): Keys '*' sent to object: 'Object Repository/ADMIN/Edit Text/Bespoke/Admin Pages/Header_Footer/input_Sales_Sales1'

2020-03-20 15:06:21 - [MESSAGE][PASSED] - Keys '*' sent to object: 'Object Repository/ADMIN/Edit Text/Bespoke/Admin Pages/Header_Footer/input_Sales_Sales1'

2020-03-20 15:06:21 - [TEST_STEP][PASSED] - sendKeys(findTestObject("ADMIN/Edit Text/Bespoke/Admin Pages/Header_Footer/input_ABOUT US_ABOUT US"), "*"): Keys '*' sent to object: 'Object Repository/ADMIN/Edit Text/Bespoke/Admin Pages/Header_Footer/input_ABOUT US_ABOUT US'

2020-03-20 15:06:21 - [MESSAGE][PASSED] - Keys '*' sent to object: 'Object Repository/ADMIN/Edit Text/Bespoke/Admin Pages/Header_Footer/input_ABOUT US_ABOUT US'

2020-03-20 15:06:21 - [TEST_STEP][PASSED] - sendKeys(findTestObject("ADMIN/Edit Text/Bespoke/Admin Pages/Header_Footer/input_SERVICE TERMS_SERVICE TERMS"), "*"): Keys '*' sent to object: 'Object Repository/ADMIN/Edit Text/Bespoke/Admin Pages/Header_Footer/input_SERVICE TERMS_SERVICE TERMS'

2020-03-20 15:06:22 - [MESSAGE][PASSED] - Keys '*' sent to object: 'Object Repository/ADMIN/Edit Text/Bespoke/Admin Pages/Header_Footer/input_SERVICE TERMS_SERVICE TERMS'

2020-03-20 15:06:22 - [TEST_STEP][PASSED] - sendKeys(findTestObject("ADMIN/Edit Text/Bespoke/Admin Pages/Header_Footer/input_PRIVACY_PRIVACY"), "*"): Keys '*' sent to object: 'Object Repository/ADMIN/Edit Text/Bespoke/Admin Pages/Header_Footer/input_PRIVACY_PRIVACY'

2020-03-20 15:06:22 - [MESSAGE][PASSED] - Keys '*' sent to object: 'Object Repository/ADMIN/Edit Text/Bespoke/Admin Pages/Header_Footer/input_PRIVACY_PRIVACY'

2020-03-20 15:06:22 - [TEST_STEP][PASSED] - sendKeys(findTestObject("ADMIN/Edit Text/Bespoke/Admin Pages/Header_Footer/input_RETURNS_RETURNS"), "*"): Keys '*' sent to object: 'Object Repository/ADMIN/Edit Text/Bespoke/Admin Pages/Header_Footer/input_RETURNS_RETURNS'

2020-03-20 15:06:22 - [MESSAGE][PASSED] - Keys '*' sent to object: 'Object Repository/ADMIN/Edit Text/Bespoke/Admin Pages/Header_Footer/input_RETURNS_RETURNS'

2020-03-20 15:06:22 - [TEST_STEP][PASSED] - sendKeys(findTestObject("ADMIN/Edit Text/Bespoke/Admin Pages/Header_Footer/input_FAQ_FAQ"), "*"): Keys '*' sent to object: 'Object Repository/ADMIN/Edit Text/Bespoke/Admin Pages/Header_Footer/input_FAQ_FAQ'

2020-03-20 15:06:22 - [MESSAGE][PASSED] - Keys '*' sent to object: 'Object Repository/ADMIN/Edit Text/Bespoke/Admin Pages/Header_Footer/input_FAQ_FAQ'

2020-03-20 15:06:22 - [TEST_STEP][PASSED] - sendKeys(findTestObject("ADMIN/Edit Text/Bespoke/Admin Pages/Header_Footer/input_CONTACT_CONTACT"), "*"): Keys '*' sent to object: 'Object Repository/ADMIN/Edit Text/Bespoke/Admin Pages/Header_Footer/input_CONTACT_CONTACT'

2020-03-20 15:06:22 - [MESSAGE][PASSED] - Keys '*' sent to object: 'Object Repository/ADMIN/Edit Text/Bespoke/Admin Pages/Header_Footer/input_CONTACT_CONTACT'

2020-03-20 15:06:22 - [TEST_STEP][PASSED] - sendKeys(findTestObject("ADMIN/Edit Text/Bespoke/Admin Pages/Header_Footer/input_All rights reserved _foot_copyright"), "*"): Keys '*' sent to object: 'Object Repository/ADMIN/Edit Text/Bespoke/Admin Pages/Header_Footer/input_All rights reserved _foot_copyright'

2020-03-20 15:06:23 - [MESSAGE][PASSED] - Keys '*' sent to object: 'Object Repository/ADMIN/Edit Text/Bespoke/Admin Pages/Header_Footer/input_All rights reserved _foot_copyright'

2020-03-20 15:06:23 - [TEST_STEP][PASSED] - click(findTestObject("ADMIN/Edit Text/Bespoke/Buyer Pages/Homepage/button_save"), CONTINUE_ON_FAILURE): Object: 'Object Repository/ADMIN/Edit Text/Bespoke/Buyer Pages/Homepage/button_save' is clicked on

2020-03-20 15:06:23 - [MESSAGE][PASSED] - Object: 'Object Repository/ADMIN/Edit Text/Bespoke/Buyer Pages/Homepage/button_save' is clicked on

2020-03-20 15:06:23 - [TEST_STEP][PASSED] - waitForElementVisible(findTestObject("ADMIN/Edit Text/Bespoke/Buyer Pages/Homepage/toaster_success"), 0): Object 'Object Repository/ADMIN/Edit Text/Bespoke/Buyer Pages/Homepage/toaster_success' is visible

2020-03-20 15:06:23 - [MESSAGE][WARNING] - Timeout '0' is invalid. Using default page load timeout: '30'

2020-03-20 15:06:24 - [MESSAGE][PASSED] - Object 'Object Repository/ADMIN/Edit Text/Bespoke/Buyer Pages/Homepage/toaster_success' is visible]]></system-out>
         <system-err><![CDATA[]]></system-err>
      </testcase>
      <testcase name="Test Cases/ADMIN/Language/Edit Text/Bespoke/Admin Pages/Header_Footer" time="9.563" classname="Test Cases/ADMIN/Language/Edit Text/Bespoke/Admin Pages/Header_Footer" status="PASSED">
         <system-out><![CDATA[2020-03-20 15:06:24 - [TEST_CASE][PASSED] - Test Cases/ADMIN/Language/Edit Text/Bespoke/Admin Pages/Header_Footer: Test Cases/ADMIN/Language/Edit Text/Bespoke/Admin Pages/Header_Footer

2020-03-20 15:06:24 - [TEST_STEP][PASSED] - waitForElementVisible(findTestObject("ADMIN/Edit Text/Bespoke/Buyer Navigation/dd_language"), 0): Object 'Object Repository/ADMIN/Edit Text/Bespoke/Buyer Navigation/dd_language' is visible

2020-03-20 15:06:24 - [MESSAGE][WARNING] - Timeout '0' is invalid. Using default page load timeout: '30'

2020-03-20 15:06:24 - [MESSAGE][PASSED] - Object 'Object Repository/ADMIN/Edit Text/Bespoke/Buyer Navigation/dd_language' is visible

2020-03-20 15:06:24 - [TEST_STEP][PASSED] - selectOptionByLabel(findTestObject("ADMIN/Edit Text/Bespoke/Buyer Navigation/dd_language"), varLanguage, false): All options with label 'Japanese' are selected in object 'Object Repository/ADMIN/Edit Text/Bespoke/Buyer Navigation/dd_language' 

2020-03-20 15:06:25 - [MESSAGE][PASSED] - All options with label 'Japanese' are selected in object 'Object Repository/ADMIN/Edit Text/Bespoke/Buyer Navigation/dd_language' 

2020-03-20 15:06:25 - [TEST_STEP][PASSED] - sendKeys(findTestObject("ADMIN/Edit Text/Bespoke/Admin Pages/Header_Footer/input_Search_search"), "*"): Keys '*' sent to object: 'Object Repository/ADMIN/Edit Text/Bespoke/Admin Pages/Header_Footer/input_Search_search'

2020-03-20 15:06:25 - [MESSAGE][PASSED] - Keys '*' sent to object: 'Object Repository/ADMIN/Edit Text/Bespoke/Admin Pages/Header_Footer/input_Search_search'

2020-03-20 15:06:25 - [TEST_STEP][PASSED] - sendKeys(findTestObject("ADMIN/Edit Text/Bespoke/Admin Pages/Header_Footer/input_BE A SELLER_be_seller"), "*"): Keys '*' sent to object: 'Object Repository/ADMIN/Edit Text/Bespoke/Admin Pages/Header_Footer/input_BE A SELLER_be_seller'

2020-03-20 15:06:25 - [MESSAGE][PASSED] - Keys '*' sent to object: 'Object Repository/ADMIN/Edit Text/Bespoke/Admin Pages/Header_Footer/input_BE A SELLER_be_seller'

2020-03-20 15:06:25 - [TEST_STEP][PASSED] - sendKeys(findTestObject("ADMIN/Edit Text/Bespoke/Admin Pages/Header_Footer/input_MORE_more"), "*"): Keys '*' sent to object: 'Object Repository/ADMIN/Edit Text/Bespoke/Admin Pages/Header_Footer/input_MORE_more'

2020-03-20 15:06:26 - [MESSAGE][PASSED] - Keys '*' sent to object: 'Object Repository/ADMIN/Edit Text/Bespoke/Admin Pages/Header_Footer/input_MORE_more'

2020-03-20 15:06:26 - [TEST_STEP][PASSED] - sendKeys(findTestObject("ADMIN/Edit Text/Bespoke/Admin Pages/Header_Footer/input_VIEW CART_btn_next"), "*"): Keys '*' sent to object: 'Object Repository/ADMIN/Edit Text/Bespoke/Admin Pages/Header_Footer/input_VIEW CART_btn_next'

2020-03-20 15:06:26 - [MESSAGE][PASSED] - Keys '*' sent to object: 'Object Repository/ADMIN/Edit Text/Bespoke/Admin Pages/Header_Footer/input_VIEW CART_btn_next'

2020-03-20 15:06:26 - [TEST_STEP][PASSED] - sendKeys(findTestObject("ADMIN/Edit Text/Bespoke/Admin Pages/Header_Footer/input_REGISTER  SIGN IN_register_signin"), "*"): Keys '*' sent to object: 'Object Repository/ADMIN/Edit Text/Bespoke/Admin Pages/Header_Footer/input_REGISTER  SIGN IN_register_signin'

2020-03-20 15:06:26 - [MESSAGE][PASSED] - Keys '*' sent to object: 'Object Repository/ADMIN/Edit Text/Bespoke/Admin Pages/Header_Footer/input_REGISTER  SIGN IN_register_signin'

2020-03-20 15:06:26 - [TEST_STEP][PASSED] - sendKeys(findTestObject("ADMIN/Edit Text/Bespoke/Admin Pages/Header_Footer/input_SELLER_sell"), "*"): Keys '*' sent to object: 'Object Repository/ADMIN/Edit Text/Bespoke/Admin Pages/Header_Footer/input_SELLER_sell'

2020-03-20 15:06:26 - [MESSAGE][PASSED] - Keys '*' sent to object: 'Object Repository/ADMIN/Edit Text/Bespoke/Admin Pages/Header_Footer/input_SELLER_sell'

2020-03-20 15:06:26 - [TEST_STEP][PASSED] - sendKeys(findTestObject("ADMIN/Edit Text/Bespoke/Admin Pages/Header_Footer/input_PROFILE_profile"), "*"): Keys '*' sent to object: 'Object Repository/ADMIN/Edit Text/Bespoke/Admin Pages/Header_Footer/input_PROFILE_profile'

2020-03-20 15:06:26 - [MESSAGE][PASSED] - Keys '*' sent to object: 'Object Repository/ADMIN/Edit Text/Bespoke/Admin Pages/Header_Footer/input_PROFILE_profile'

2020-03-20 15:06:26 - [TEST_STEP][PASSED] - sendKeys(findTestObject("ADMIN/Edit Text/Bespoke/Admin Pages/Header_Footer/input_Dashboard_Dashboard"), "*"): Keys '*' sent to object: 'Object Repository/ADMIN/Edit Text/Bespoke/Admin Pages/Header_Footer/input_Dashboard_Dashboard'

2020-03-20 15:06:27 - [MESSAGE][PASSED] - Keys '*' sent to object: 'Object Repository/ADMIN/Edit Text/Bespoke/Admin Pages/Header_Footer/input_Dashboard_Dashboard'

2020-03-20 15:06:27 - [TEST_STEP][PASSED] - sendKeys(findTestObject("ADMIN/Edit Text/Bespoke/Admin Pages/Header_Footer/input_Purchases_Purchases"), "*"): Keys '*' sent to object: 'Object Repository/ADMIN/Edit Text/Bespoke/Admin Pages/Header_Footer/input_Purchases_Purchases'

2020-03-20 15:06:27 - [MESSAGE][PASSED] - Keys '*' sent to object: 'Object Repository/ADMIN/Edit Text/Bespoke/Admin Pages/Header_Footer/input_Purchases_Purchases'

2020-03-20 15:06:27 - [TEST_STEP][PASSED] - sendKeys(findTestObject("ADMIN/Edit Text/Bespoke/Admin Pages/Header_Footer/input_Your Items_Your Items"), "*"): Keys '*' sent to object: 'Object Repository/ADMIN/Edit Text/Bespoke/Admin Pages/Header_Footer/input_Your Items_Your Items'

2020-03-20 15:06:27 - [MESSAGE][PASSED] - Keys '*' sent to object: 'Object Repository/ADMIN/Edit Text/Bespoke/Admin Pages/Header_Footer/input_Your Items_Your Items'

2020-03-20 15:06:27 - [TEST_STEP][PASSED] - sendKeys(findTestObject("ADMIN/Edit Text/Bespoke/Admin Pages/Header_Footer/input_Settings_Settings"), "*"): Keys '*' sent to object: 'Object Repository/ADMIN/Edit Text/Bespoke/Admin Pages/Header_Footer/input_Settings_Settings'

2020-03-20 15:06:27 - [MESSAGE][PASSED] - Keys '*' sent to object: 'Object Repository/ADMIN/Edit Text/Bespoke/Admin Pages/Header_Footer/input_Settings_Settings'

2020-03-20 15:06:27 - [TEST_STEP][PASSED] - sendKeys(findTestObject("ADMIN/Edit Text/Bespoke/Admin Pages/Header_Footer/input_Upload_Upload"), "*"): Keys '*' sent to object: 'Object Repository/ADMIN/Edit Text/Bespoke/Admin Pages/Header_Footer/input_Upload_Upload'

2020-03-20 15:06:27 - [MESSAGE][PASSED] - Keys '*' sent to object: 'Object Repository/ADMIN/Edit Text/Bespoke/Admin Pages/Header_Footer/input_Upload_Upload'

2020-03-20 15:06:27 - [TEST_STEP][PASSED] - sendKeys(findTestObject("ADMIN/Edit Text/Bespoke/Admin Pages/Header_Footer/input_Logout_Logout"), "*"): Keys '*' sent to object: 'Object Repository/ADMIN/Edit Text/Bespoke/Admin Pages/Header_Footer/input_Logout_Logout'

2020-03-20 15:06:28 - [MESSAGE][PASSED] - Keys '*' sent to object: 'Object Repository/ADMIN/Edit Text/Bespoke/Admin Pages/Header_Footer/input_Logout_Logout'

2020-03-20 15:06:28 - [TEST_STEP][PASSED] - sendKeys(findTestObject("ADMIN/Edit Text/Bespoke/Admin Pages/Header_Footer/input_Orders_Orders"), "*"): Keys '*' sent to object: 'Object Repository/ADMIN/Edit Text/Bespoke/Admin Pages/Header_Footer/input_Orders_Orders'

2020-03-20 15:06:28 - [MESSAGE][PASSED] - Keys '*' sent to object: 'Object Repository/ADMIN/Edit Text/Bespoke/Admin Pages/Header_Footer/input_Orders_Orders'

2020-03-20 15:06:28 - [TEST_STEP][PASSED] - sendKeys(findTestObject("ADMIN/Edit Text/Bespoke/Admin Pages/Header_Footer/input_Sub-accounts_Sub-accounts"), "*"): Keys '*' sent to object: 'Object Repository/ADMIN/Edit Text/Bespoke/Admin Pages/Header_Footer/input_Sub-accounts_Sub-accounts'

2020-03-20 15:06:28 - [MESSAGE][PASSED] - Keys '*' sent to object: 'Object Repository/ADMIN/Edit Text/Bespoke/Admin Pages/Header_Footer/input_Sub-accounts_Sub-accounts'

2020-03-20 15:06:28 - [TEST_STEP][PASSED] - sendKeys(findTestObject("ADMIN/Edit Text/Bespoke/Admin Pages/Header_Footer/input_Sales_Sales"), "*"): Keys '*' sent to object: 'Object Repository/ADMIN/Edit Text/Bespoke/Admin Pages/Header_Footer/input_Sales_Sales'

2020-03-20 15:06:28 - [MESSAGE][PASSED] - Keys '*' sent to object: 'Object Repository/ADMIN/Edit Text/Bespoke/Admin Pages/Header_Footer/input_Sales_Sales'

2020-03-20 15:06:28 - [TEST_STEP][PASSED] - sendKeys(findTestObject("ADMIN/Edit Text/Bespoke/Admin Pages/Header_Footer/input_Browse_Browse"), "*"): Keys '*' sent to object: 'Object Repository/ADMIN/Edit Text/Bespoke/Admin Pages/Header_Footer/input_Browse_Browse'

2020-03-20 15:06:28 - [MESSAGE][PASSED] - Keys '*' sent to object: 'Object Repository/ADMIN/Edit Text/Bespoke/Admin Pages/Header_Footer/input_Browse_Browse'

2020-03-20 15:06:28 - [TEST_STEP][PASSED] - sendKeys(findTestObject("ADMIN/Edit Text/Bespoke/Admin Pages/Header_Footer/input_SELLER_sell1"), "*"): Keys '*' sent to object: 'Object Repository/ADMIN/Edit Text/Bespoke/Admin Pages/Header_Footer/input_SELLER_sell1'

2020-03-20 15:06:29 - [MESSAGE][PASSED] - Keys '*' sent to object: 'Object Repository/ADMIN/Edit Text/Bespoke/Admin Pages/Header_Footer/input_SELLER_sell1'

2020-03-20 15:06:29 - [TEST_STEP][PASSED] - sendKeys(findTestObject("ADMIN/Edit Text/Bespoke/Admin Pages/Header_Footer/input_PROFILE_profile1"), "*"): Keys '*' sent to object: 'Object Repository/ADMIN/Edit Text/Bespoke/Admin Pages/Header_Footer/input_PROFILE_profile1'

2020-03-20 15:06:29 - [MESSAGE][PASSED] - Keys '*' sent to object: 'Object Repository/ADMIN/Edit Text/Bespoke/Admin Pages/Header_Footer/input_PROFILE_profile1'

2020-03-20 15:06:29 - [TEST_STEP][PASSED] - sendKeys(findTestObject("ADMIN/Edit Text/Bespoke/Admin Pages/Header_Footer/input_Dashboard_Dashboard1"), "*"): Keys '*' sent to object: 'Object Repository/ADMIN/Edit Text/Bespoke/Admin Pages/Header_Footer/input_Dashboard_Dashboard1'

2020-03-20 15:06:29 - [MESSAGE][PASSED] - Keys '*' sent to object: 'Object Repository/ADMIN/Edit Text/Bespoke/Admin Pages/Header_Footer/input_Dashboard_Dashboard1'

2020-03-20 15:06:29 - [TEST_STEP][PASSED] - sendKeys(findTestObject("ADMIN/Edit Text/Bespoke/Admin Pages/Header_Footer/input_Purchases_Purchases1"), "*"): Keys '*' sent to object: 'Object Repository/ADMIN/Edit Text/Bespoke/Admin Pages/Header_Footer/input_Purchases_Purchases1'

2020-03-20 15:06:29 - [MESSAGE][PASSED] - Keys '*' sent to object: 'Object Repository/ADMIN/Edit Text/Bespoke/Admin Pages/Header_Footer/input_Purchases_Purchases1'

2020-03-20 15:06:29 - [TEST_STEP][PASSED] - sendKeys(findTestObject("ADMIN/Edit Text/Bespoke/Admin Pages/Header_Footer/input_Your Items_Your Items1"), "*"): Keys '*' sent to object: 'Object Repository/ADMIN/Edit Text/Bespoke/Admin Pages/Header_Footer/input_Your Items_Your Items1'

2020-03-20 15:06:30 - [MESSAGE][PASSED] - Keys '*' sent to object: 'Object Repository/ADMIN/Edit Text/Bespoke/Admin Pages/Header_Footer/input_Your Items_Your Items1'

2020-03-20 15:06:30 - [TEST_STEP][PASSED] - sendKeys(findTestObject("ADMIN/Edit Text/Bespoke/Admin Pages/Header_Footer/input_Settings_Settings1"), "*"): Keys '*' sent to object: 'Object Repository/ADMIN/Edit Text/Bespoke/Admin Pages/Header_Footer/input_Settings_Settings1'

2020-03-20 15:06:30 - [MESSAGE][PASSED] - Keys '*' sent to object: 'Object Repository/ADMIN/Edit Text/Bespoke/Admin Pages/Header_Footer/input_Settings_Settings1'

2020-03-20 15:06:30 - [TEST_STEP][PASSED] - sendKeys(findTestObject("ADMIN/Edit Text/Bespoke/Admin Pages/Header_Footer/input_Upload_Upload1"), "*"): Keys '*' sent to object: 'Object Repository/ADMIN/Edit Text/Bespoke/Admin Pages/Header_Footer/input_Upload_Upload1'

2020-03-20 15:06:30 - [MESSAGE][PASSED] - Keys '*' sent to object: 'Object Repository/ADMIN/Edit Text/Bespoke/Admin Pages/Header_Footer/input_Upload_Upload1'

2020-03-20 15:06:30 - [TEST_STEP][PASSED] - sendKeys(findTestObject("ADMIN/Edit Text/Bespoke/Admin Pages/Header_Footer/input_Logout_Logout1"), "*"): Keys '*' sent to object: 'Object Repository/ADMIN/Edit Text/Bespoke/Admin Pages/Header_Footer/input_Logout_Logout1'

2020-03-20 15:06:30 - [MESSAGE][PASSED] - Keys '*' sent to object: 'Object Repository/ADMIN/Edit Text/Bespoke/Admin Pages/Header_Footer/input_Logout_Logout1'

2020-03-20 15:06:30 - [TEST_STEP][PASSED] - sendKeys(findTestObject("ADMIN/Edit Text/Bespoke/Admin Pages/Header_Footer/input_Orders_Orders1"), "*"): Keys '*' sent to object: 'Object Repository/ADMIN/Edit Text/Bespoke/Admin Pages/Header_Footer/input_Orders_Orders1'

2020-03-20 15:06:30 - [MESSAGE][PASSED] - Keys '*' sent to object: 'Object Repository/ADMIN/Edit Text/Bespoke/Admin Pages/Header_Footer/input_Orders_Orders1'

2020-03-20 15:06:30 - [TEST_STEP][PASSED] - sendKeys(findTestObject("ADMIN/Edit Text/Bespoke/Admin Pages/Header_Footer/input_Sales_Sales1"), "*"): Keys '*' sent to object: 'Object Repository/ADMIN/Edit Text/Bespoke/Admin Pages/Header_Footer/input_Sales_Sales1'

2020-03-20 15:06:31 - [MESSAGE][PASSED] - Keys '*' sent to object: 'Object Repository/ADMIN/Edit Text/Bespoke/Admin Pages/Header_Footer/input_Sales_Sales1'

2020-03-20 15:06:31 - [TEST_STEP][PASSED] - sendKeys(findTestObject("ADMIN/Edit Text/Bespoke/Admin Pages/Header_Footer/input_ABOUT US_ABOUT US"), "*"): Keys '*' sent to object: 'Object Repository/ADMIN/Edit Text/Bespoke/Admin Pages/Header_Footer/input_ABOUT US_ABOUT US'

2020-03-20 15:06:31 - [MESSAGE][PASSED] - Keys '*' sent to object: 'Object Repository/ADMIN/Edit Text/Bespoke/Admin Pages/Header_Footer/input_ABOUT US_ABOUT US'

2020-03-20 15:06:31 - [TEST_STEP][PASSED] - sendKeys(findTestObject("ADMIN/Edit Text/Bespoke/Admin Pages/Header_Footer/input_SERVICE TERMS_SERVICE TERMS"), "*"): Keys '*' sent to object: 'Object Repository/ADMIN/Edit Text/Bespoke/Admin Pages/Header_Footer/input_SERVICE TERMS_SERVICE TERMS'

2020-03-20 15:06:31 - [MESSAGE][PASSED] - Keys '*' sent to object: 'Object Repository/ADMIN/Edit Text/Bespoke/Admin Pages/Header_Footer/input_SERVICE TERMS_SERVICE TERMS'

2020-03-20 15:06:31 - [TEST_STEP][PASSED] - sendKeys(findTestObject("ADMIN/Edit Text/Bespoke/Admin Pages/Header_Footer/input_PRIVACY_PRIVACY"), "*"): Keys '*' sent to object: 'Object Repository/ADMIN/Edit Text/Bespoke/Admin Pages/Header_Footer/input_PRIVACY_PRIVACY'

2020-03-20 15:06:31 - [MESSAGE][PASSED] - Keys '*' sent to object: 'Object Repository/ADMIN/Edit Text/Bespoke/Admin Pages/Header_Footer/input_PRIVACY_PRIVACY'

2020-03-20 15:06:31 - [TEST_STEP][PASSED] - sendKeys(findTestObject("ADMIN/Edit Text/Bespoke/Admin Pages/Header_Footer/input_RETURNS_RETURNS"), "*"): Keys '*' sent to object: 'Object Repository/ADMIN/Edit Text/Bespoke/Admin Pages/Header_Footer/input_RETURNS_RETURNS'

2020-03-20 15:06:32 - [MESSAGE][PASSED] - Keys '*' sent to object: 'Object Repository/ADMIN/Edit Text/Bespoke/Admin Pages/Header_Footer/input_RETURNS_RETURNS'

2020-03-20 15:06:32 - [TEST_STEP][PASSED] - sendKeys(findTestObject("ADMIN/Edit Text/Bespoke/Admin Pages/Header_Footer/input_FAQ_FAQ"), "*"): Keys '*' sent to object: 'Object Repository/ADMIN/Edit Text/Bespoke/Admin Pages/Header_Footer/input_FAQ_FAQ'

2020-03-20 15:06:32 - [MESSAGE][PASSED] - Keys '*' sent to object: 'Object Repository/ADMIN/Edit Text/Bespoke/Admin Pages/Header_Footer/input_FAQ_FAQ'

2020-03-20 15:06:32 - [TEST_STEP][PASSED] - sendKeys(findTestObject("ADMIN/Edit Text/Bespoke/Admin Pages/Header_Footer/input_CONTACT_CONTACT"), "*"): Keys '*' sent to object: 'Object Repository/ADMIN/Edit Text/Bespoke/Admin Pages/Header_Footer/input_CONTACT_CONTACT'

2020-03-20 15:06:32 - [MESSAGE][PASSED] - Keys '*' sent to object: 'Object Repository/ADMIN/Edit Text/Bespoke/Admin Pages/Header_Footer/input_CONTACT_CONTACT'

2020-03-20 15:06:32 - [TEST_STEP][PASSED] - sendKeys(findTestObject("ADMIN/Edit Text/Bespoke/Admin Pages/Header_Footer/input_All rights reserved _foot_copyright"), "*"): Keys '*' sent to object: 'Object Repository/ADMIN/Edit Text/Bespoke/Admin Pages/Header_Footer/input_All rights reserved _foot_copyright'

2020-03-20 15:06:32 - [MESSAGE][PASSED] - Keys '*' sent to object: 'Object Repository/ADMIN/Edit Text/Bespoke/Admin Pages/Header_Footer/input_All rights reserved _foot_copyright'

2020-03-20 15:06:32 - [TEST_STEP][PASSED] - click(findTestObject("ADMIN/Edit Text/Bespoke/Buyer Pages/Homepage/button_save"), CONTINUE_ON_FAILURE): Object: 'Object Repository/ADMIN/Edit Text/Bespoke/Buyer Pages/Homepage/button_save' is clicked on

2020-03-20 15:06:33 - [MESSAGE][PASSED] - Object: 'Object Repository/ADMIN/Edit Text/Bespoke/Buyer Pages/Homepage/button_save' is clicked on

2020-03-20 15:06:33 - [TEST_STEP][PASSED] - waitForElementVisible(findTestObject("ADMIN/Edit Text/Bespoke/Buyer Pages/Homepage/toaster_success"), 0): Object 'Object Repository/ADMIN/Edit Text/Bespoke/Buyer Pages/Homepage/toaster_success' is visible

2020-03-20 15:06:33 - [MESSAGE][WARNING] - Timeout '0' is invalid. Using default page load timeout: '30'

2020-03-20 15:06:33 - [MESSAGE][PASSED] - Object 'Object Repository/ADMIN/Edit Text/Bespoke/Buyer Pages/Homepage/toaster_success' is visible]]></system-out>
         <system-err><![CDATA[]]></system-err>
      </testcase>
      <testcase name="Test Cases/ADMIN/Language/Edit Text/Bespoke/Admin Pages/Header_Footer" time="9.624" classname="Test Cases/ADMIN/Language/Edit Text/Bespoke/Admin Pages/Header_Footer" status="PASSED">
         <system-out><![CDATA[2020-03-20 15:06:33 - [TEST_CASE][PASSED] - Test Cases/ADMIN/Language/Edit Text/Bespoke/Admin Pages/Header_Footer: Test Cases/ADMIN/Language/Edit Text/Bespoke/Admin Pages/Header_Footer

2020-03-20 15:06:33 - [TEST_STEP][PASSED] - waitForElementVisible(findTestObject("ADMIN/Edit Text/Bespoke/Buyer Navigation/dd_language"), 0): Object 'Object Repository/ADMIN/Edit Text/Bespoke/Buyer Navigation/dd_language' is visible

2020-03-20 15:06:33 - [MESSAGE][WARNING] - Timeout '0' is invalid. Using default page load timeout: '30'

2020-03-20 15:06:33 - [MESSAGE][PASSED] - Object 'Object Repository/ADMIN/Edit Text/Bespoke/Buyer Navigation/dd_language' is visible

2020-03-20 15:06:33 - [TEST_STEP][PASSED] - selectOptionByLabel(findTestObject("ADMIN/Edit Text/Bespoke/Buyer Navigation/dd_language"), varLanguage, false): All options with label 'Chinese (Traditional)' are selected in object 'Object Repository/ADMIN/Edit Text/Bespoke/Buyer Navigation/dd_language' 

2020-03-20 15:06:34 - [MESSAGE][PASSED] - All options with label 'Chinese (Traditional)' are selected in object 'Object Repository/ADMIN/Edit Text/Bespoke/Buyer Navigation/dd_language' 

2020-03-20 15:06:34 - [TEST_STEP][PASSED] - sendKeys(findTestObject("ADMIN/Edit Text/Bespoke/Admin Pages/Header_Footer/input_Search_search"), "*"): Keys '*' sent to object: 'Object Repository/ADMIN/Edit Text/Bespoke/Admin Pages/Header_Footer/input_Search_search'

2020-03-20 15:06:35 - [MESSAGE][PASSED] - Keys '*' sent to object: 'Object Repository/ADMIN/Edit Text/Bespoke/Admin Pages/Header_Footer/input_Search_search'

2020-03-20 15:06:35 - [TEST_STEP][PASSED] - sendKeys(findTestObject("ADMIN/Edit Text/Bespoke/Admin Pages/Header_Footer/input_BE A SELLER_be_seller"), "*"): Keys '*' sent to object: 'Object Repository/ADMIN/Edit Text/Bespoke/Admin Pages/Header_Footer/input_BE A SELLER_be_seller'

2020-03-20 15:06:35 - [MESSAGE][PASSED] - Keys '*' sent to object: 'Object Repository/ADMIN/Edit Text/Bespoke/Admin Pages/Header_Footer/input_BE A SELLER_be_seller'

2020-03-20 15:06:35 - [TEST_STEP][PASSED] - sendKeys(findTestObject("ADMIN/Edit Text/Bespoke/Admin Pages/Header_Footer/input_MORE_more"), "*"): Keys '*' sent to object: 'Object Repository/ADMIN/Edit Text/Bespoke/Admin Pages/Header_Footer/input_MORE_more'

2020-03-20 15:06:35 - [MESSAGE][PASSED] - Keys '*' sent to object: 'Object Repository/ADMIN/Edit Text/Bespoke/Admin Pages/Header_Footer/input_MORE_more'

2020-03-20 15:06:35 - [TEST_STEP][PASSED] - sendKeys(findTestObject("ADMIN/Edit Text/Bespoke/Admin Pages/Header_Footer/input_VIEW CART_btn_next"), "*"): Keys '*' sent to object: 'Object Repository/ADMIN/Edit Text/Bespoke/Admin Pages/Header_Footer/input_VIEW CART_btn_next'

2020-03-20 15:06:35 - [MESSAGE][PASSED] - Keys '*' sent to object: 'Object Repository/ADMIN/Edit Text/Bespoke/Admin Pages/Header_Footer/input_VIEW CART_btn_next'

2020-03-20 15:06:35 - [TEST_STEP][PASSED] - sendKeys(findTestObject("ADMIN/Edit Text/Bespoke/Admin Pages/Header_Footer/input_REGISTER  SIGN IN_register_signin"), "*"): Keys '*' sent to object: 'Object Repository/ADMIN/Edit Text/Bespoke/Admin Pages/Header_Footer/input_REGISTER  SIGN IN_register_signin'

2020-03-20 15:06:36 - [MESSAGE][PASSED] - Keys '*' sent to object: 'Object Repository/ADMIN/Edit Text/Bespoke/Admin Pages/Header_Footer/input_REGISTER  SIGN IN_register_signin'

2020-03-20 15:06:36 - [TEST_STEP][PASSED] - sendKeys(findTestObject("ADMIN/Edit Text/Bespoke/Admin Pages/Header_Footer/input_SELLER_sell"), "*"): Keys '*' sent to object: 'Object Repository/ADMIN/Edit Text/Bespoke/Admin Pages/Header_Footer/input_SELLER_sell'

2020-03-20 15:06:36 - [MESSAGE][PASSED] - Keys '*' sent to object: 'Object Repository/ADMIN/Edit Text/Bespoke/Admin Pages/Header_Footer/input_SELLER_sell'

2020-03-20 15:06:36 - [TEST_STEP][PASSED] - sendKeys(findTestObject("ADMIN/Edit Text/Bespoke/Admin Pages/Header_Footer/input_PROFILE_profile"), "*"): Keys '*' sent to object: 'Object Repository/ADMIN/Edit Text/Bespoke/Admin Pages/Header_Footer/input_PROFILE_profile'

2020-03-20 15:06:36 - [MESSAGE][PASSED] - Keys '*' sent to object: 'Object Repository/ADMIN/Edit Text/Bespoke/Admin Pages/Header_Footer/input_PROFILE_profile'

2020-03-20 15:06:36 - [TEST_STEP][PASSED] - sendKeys(findTestObject("ADMIN/Edit Text/Bespoke/Admin Pages/Header_Footer/input_Dashboard_Dashboard"), "*"): Keys '*' sent to object: 'Object Repository/ADMIN/Edit Text/Bespoke/Admin Pages/Header_Footer/input_Dashboard_Dashboard'

2020-03-20 15:06:36 - [MESSAGE][PASSED] - Keys '*' sent to object: 'Object Repository/ADMIN/Edit Text/Bespoke/Admin Pages/Header_Footer/input_Dashboard_Dashboard'

2020-03-20 15:06:36 - [TEST_STEP][PASSED] - sendKeys(findTestObject("ADMIN/Edit Text/Bespoke/Admin Pages/Header_Footer/input_Purchases_Purchases"), "*"): Keys '*' sent to object: 'Object Repository/ADMIN/Edit Text/Bespoke/Admin Pages/Header_Footer/input_Purchases_Purchases'

2020-03-20 15:06:37 - [MESSAGE][PASSED] - Keys '*' sent to object: 'Object Repository/ADMIN/Edit Text/Bespoke/Admin Pages/Header_Footer/input_Purchases_Purchases'

2020-03-20 15:06:37 - [TEST_STEP][PASSED] - sendKeys(findTestObject("ADMIN/Edit Text/Bespoke/Admin Pages/Header_Footer/input_Your Items_Your Items"), "*"): Keys '*' sent to object: 'Object Repository/ADMIN/Edit Text/Bespoke/Admin Pages/Header_Footer/input_Your Items_Your Items'

2020-03-20 15:06:37 - [MESSAGE][PASSED] - Keys '*' sent to object: 'Object Repository/ADMIN/Edit Text/Bespoke/Admin Pages/Header_Footer/input_Your Items_Your Items'

2020-03-20 15:06:37 - [TEST_STEP][PASSED] - sendKeys(findTestObject("ADMIN/Edit Text/Bespoke/Admin Pages/Header_Footer/input_Settings_Settings"), "*"): Keys '*' sent to object: 'Object Repository/ADMIN/Edit Text/Bespoke/Admin Pages/Header_Footer/input_Settings_Settings'

2020-03-20 15:06:37 - [MESSAGE][PASSED] - Keys '*' sent to object: 'Object Repository/ADMIN/Edit Text/Bespoke/Admin Pages/Header_Footer/input_Settings_Settings'

2020-03-20 15:06:37 - [TEST_STEP][PASSED] - sendKeys(findTestObject("ADMIN/Edit Text/Bespoke/Admin Pages/Header_Footer/input_Upload_Upload"), "*"): Keys '*' sent to object: 'Object Repository/ADMIN/Edit Text/Bespoke/Admin Pages/Header_Footer/input_Upload_Upload'

2020-03-20 15:06:37 - [MESSAGE][PASSED] - Keys '*' sent to object: 'Object Repository/ADMIN/Edit Text/Bespoke/Admin Pages/Header_Footer/input_Upload_Upload'

2020-03-20 15:06:37 - [TEST_STEP][PASSED] - sendKeys(findTestObject("ADMIN/Edit Text/Bespoke/Admin Pages/Header_Footer/input_Logout_Logout"), "*"): Keys '*' sent to object: 'Object Repository/ADMIN/Edit Text/Bespoke/Admin Pages/Header_Footer/input_Logout_Logout'

2020-03-20 15:06:37 - [MESSAGE][PASSED] - Keys '*' sent to object: 'Object Repository/ADMIN/Edit Text/Bespoke/Admin Pages/Header_Footer/input_Logout_Logout'

2020-03-20 15:06:37 - [TEST_STEP][PASSED] - sendKeys(findTestObject("ADMIN/Edit Text/Bespoke/Admin Pages/Header_Footer/input_Orders_Orders"), "*"): Keys '*' sent to object: 'Object Repository/ADMIN/Edit Text/Bespoke/Admin Pages/Header_Footer/input_Orders_Orders'

2020-03-20 15:06:37 - [MESSAGE][PASSED] - Keys '*' sent to object: 'Object Repository/ADMIN/Edit Text/Bespoke/Admin Pages/Header_Footer/input_Orders_Orders'

2020-03-20 15:06:37 - [TEST_STEP][PASSED] - sendKeys(findTestObject("ADMIN/Edit Text/Bespoke/Admin Pages/Header_Footer/input_Sub-accounts_Sub-accounts"), "*"): Keys '*' sent to object: 'Object Repository/ADMIN/Edit Text/Bespoke/Admin Pages/Header_Footer/input_Sub-accounts_Sub-accounts'

2020-03-20 15:06:38 - [MESSAGE][PASSED] - Keys '*' sent to object: 'Object Repository/ADMIN/Edit Text/Bespoke/Admin Pages/Header_Footer/input_Sub-accounts_Sub-accounts'

2020-03-20 15:06:38 - [TEST_STEP][PASSED] - sendKeys(findTestObject("ADMIN/Edit Text/Bespoke/Admin Pages/Header_Footer/input_Sales_Sales"), "*"): Keys '*' sent to object: 'Object Repository/ADMIN/Edit Text/Bespoke/Admin Pages/Header_Footer/input_Sales_Sales'

2020-03-20 15:06:38 - [MESSAGE][PASSED] - Keys '*' sent to object: 'Object Repository/ADMIN/Edit Text/Bespoke/Admin Pages/Header_Footer/input_Sales_Sales'

2020-03-20 15:06:38 - [TEST_STEP][PASSED] - sendKeys(findTestObject("ADMIN/Edit Text/Bespoke/Admin Pages/Header_Footer/input_Browse_Browse"), "*"): Keys '*' sent to object: 'Object Repository/ADMIN/Edit Text/Bespoke/Admin Pages/Header_Footer/input_Browse_Browse'

2020-03-20 15:06:38 - [MESSAGE][PASSED] - Keys '*' sent to object: 'Object Repository/ADMIN/Edit Text/Bespoke/Admin Pages/Header_Footer/input_Browse_Browse'

2020-03-20 15:06:38 - [TEST_STEP][PASSED] - sendKeys(findTestObject("ADMIN/Edit Text/Bespoke/Admin Pages/Header_Footer/input_SELLER_sell1"), "*"): Keys '*' sent to object: 'Object Repository/ADMIN/Edit Text/Bespoke/Admin Pages/Header_Footer/input_SELLER_sell1'

2020-03-20 15:06:38 - [MESSAGE][PASSED] - Keys '*' sent to object: 'Object Repository/ADMIN/Edit Text/Bespoke/Admin Pages/Header_Footer/input_SELLER_sell1'

2020-03-20 15:06:38 - [TEST_STEP][PASSED] - sendKeys(findTestObject("ADMIN/Edit Text/Bespoke/Admin Pages/Header_Footer/input_PROFILE_profile1"), "*"): Keys '*' sent to object: 'Object Repository/ADMIN/Edit Text/Bespoke/Admin Pages/Header_Footer/input_PROFILE_profile1'

2020-03-20 15:06:39 - [MESSAGE][PASSED] - Keys '*' sent to object: 'Object Repository/ADMIN/Edit Text/Bespoke/Admin Pages/Header_Footer/input_PROFILE_profile1'

2020-03-20 15:06:39 - [TEST_STEP][PASSED] - sendKeys(findTestObject("ADMIN/Edit Text/Bespoke/Admin Pages/Header_Footer/input_Dashboard_Dashboard1"), "*"): Keys '*' sent to object: 'Object Repository/ADMIN/Edit Text/Bespoke/Admin Pages/Header_Footer/input_Dashboard_Dashboard1'

2020-03-20 15:06:39 - [MESSAGE][PASSED] - Keys '*' sent to object: 'Object Repository/ADMIN/Edit Text/Bespoke/Admin Pages/Header_Footer/input_Dashboard_Dashboard1'

2020-03-20 15:06:39 - [TEST_STEP][PASSED] - sendKeys(findTestObject("ADMIN/Edit Text/Bespoke/Admin Pages/Header_Footer/input_Purchases_Purchases1"), "*"): Keys '*' sent to object: 'Object Repository/ADMIN/Edit Text/Bespoke/Admin Pages/Header_Footer/input_Purchases_Purchases1'

2020-03-20 15:06:39 - [MESSAGE][PASSED] - Keys '*' sent to object: 'Object Repository/ADMIN/Edit Text/Bespoke/Admin Pages/Header_Footer/input_Purchases_Purchases1'

2020-03-20 15:06:39 - [TEST_STEP][PASSED] - sendKeys(findTestObject("ADMIN/Edit Text/Bespoke/Admin Pages/Header_Footer/input_Your Items_Your Items1"), "*"): Keys '*' sent to object: 'Object Repository/ADMIN/Edit Text/Bespoke/Admin Pages/Header_Footer/input_Your Items_Your Items1'

2020-03-20 15:06:39 - [MESSAGE][PASSED] - Keys '*' sent to object: 'Object Repository/ADMIN/Edit Text/Bespoke/Admin Pages/Header_Footer/input_Your Items_Your Items1'

2020-03-20 15:06:39 - [TEST_STEP][PASSED] - sendKeys(findTestObject("ADMIN/Edit Text/Bespoke/Admin Pages/Header_Footer/input_Settings_Settings1"), "*"): Keys '*' sent to object: 'Object Repository/ADMIN/Edit Text/Bespoke/Admin Pages/Header_Footer/input_Settings_Settings1'

2020-03-20 15:06:40 - [MESSAGE][PASSED] - Keys '*' sent to object: 'Object Repository/ADMIN/Edit Text/Bespoke/Admin Pages/Header_Footer/input_Settings_Settings1'

2020-03-20 15:06:40 - [TEST_STEP][PASSED] - sendKeys(findTestObject("ADMIN/Edit Text/Bespoke/Admin Pages/Header_Footer/input_Upload_Upload1"), "*"): Keys '*' sent to object: 'Object Repository/ADMIN/Edit Text/Bespoke/Admin Pages/Header_Footer/input_Upload_Upload1'

2020-03-20 15:06:40 - [MESSAGE][PASSED] - Keys '*' sent to object: 'Object Repository/ADMIN/Edit Text/Bespoke/Admin Pages/Header_Footer/input_Upload_Upload1'

2020-03-20 15:06:40 - [TEST_STEP][PASSED] - sendKeys(findTestObject("ADMIN/Edit Text/Bespoke/Admin Pages/Header_Footer/input_Logout_Logout1"), "*"): Keys '*' sent to object: 'Object Repository/ADMIN/Edit Text/Bespoke/Admin Pages/Header_Footer/input_Logout_Logout1'

2020-03-20 15:06:40 - [MESSAGE][PASSED] - Keys '*' sent to object: 'Object Repository/ADMIN/Edit Text/Bespoke/Admin Pages/Header_Footer/input_Logout_Logout1'

2020-03-20 15:06:40 - [TEST_STEP][PASSED] - sendKeys(findTestObject("ADMIN/Edit Text/Bespoke/Admin Pages/Header_Footer/input_Orders_Orders1"), "*"): Keys '*' sent to object: 'Object Repository/ADMIN/Edit Text/Bespoke/Admin Pages/Header_Footer/input_Orders_Orders1'

2020-03-20 15:06:40 - [MESSAGE][PASSED] - Keys '*' sent to object: 'Object Repository/ADMIN/Edit Text/Bespoke/Admin Pages/Header_Footer/input_Orders_Orders1'

2020-03-20 15:06:40 - [TEST_STEP][PASSED] - sendKeys(findTestObject("ADMIN/Edit Text/Bespoke/Admin Pages/Header_Footer/input_Sales_Sales1"), "*"): Keys '*' sent to object: 'Object Repository/ADMIN/Edit Text/Bespoke/Admin Pages/Header_Footer/input_Sales_Sales1'

2020-03-20 15:06:40 - [MESSAGE][PASSED] - Keys '*' sent to object: 'Object Repository/ADMIN/Edit Text/Bespoke/Admin Pages/Header_Footer/input_Sales_Sales1'

2020-03-20 15:06:40 - [TEST_STEP][PASSED] - sendKeys(findTestObject("ADMIN/Edit Text/Bespoke/Admin Pages/Header_Footer/input_ABOUT US_ABOUT US"), "*"): Keys '*' sent to object: 'Object Repository/ADMIN/Edit Text/Bespoke/Admin Pages/Header_Footer/input_ABOUT US_ABOUT US'

2020-03-20 15:06:40 - [MESSAGE][PASSED] - Keys '*' sent to object: 'Object Repository/ADMIN/Edit Text/Bespoke/Admin Pages/Header_Footer/input_ABOUT US_ABOUT US'

2020-03-20 15:06:40 - [TEST_STEP][PASSED] - sendKeys(findTestObject("ADMIN/Edit Text/Bespoke/Admin Pages/Header_Footer/input_SERVICE TERMS_SERVICE TERMS"), "*"): Keys '*' sent to object: 'Object Repository/ADMIN/Edit Text/Bespoke/Admin Pages/Header_Footer/input_SERVICE TERMS_SERVICE TERMS'

2020-03-20 15:06:41 - [MESSAGE][PASSED] - Keys '*' sent to object: 'Object Repository/ADMIN/Edit Text/Bespoke/Admin Pages/Header_Footer/input_SERVICE TERMS_SERVICE TERMS'

2020-03-20 15:06:41 - [TEST_STEP][PASSED] - sendKeys(findTestObject("ADMIN/Edit Text/Bespoke/Admin Pages/Header_Footer/input_PRIVACY_PRIVACY"), "*"): Keys '*' sent to object: 'Object Repository/ADMIN/Edit Text/Bespoke/Admin Pages/Header_Footer/input_PRIVACY_PRIVACY'

2020-03-20 15:06:41 - [MESSAGE][PASSED] - Keys '*' sent to object: 'Object Repository/ADMIN/Edit Text/Bespoke/Admin Pages/Header_Footer/input_PRIVACY_PRIVACY'

2020-03-20 15:06:41 - [TEST_STEP][PASSED] - sendKeys(findTestObject("ADMIN/Edit Text/Bespoke/Admin Pages/Header_Footer/input_RETURNS_RETURNS"), "*"): Keys '*' sent to object: 'Object Repository/ADMIN/Edit Text/Bespoke/Admin Pages/Header_Footer/input_RETURNS_RETURNS'

2020-03-20 15:06:41 - [MESSAGE][PASSED] - Keys '*' sent to object: 'Object Repository/ADMIN/Edit Text/Bespoke/Admin Pages/Header_Footer/input_RETURNS_RETURNS'

2020-03-20 15:06:41 - [TEST_STEP][PASSED] - sendKeys(findTestObject("ADMIN/Edit Text/Bespoke/Admin Pages/Header_Footer/input_FAQ_FAQ"), "*"): Keys '*' sent to object: 'Object Repository/ADMIN/Edit Text/Bespoke/Admin Pages/Header_Footer/input_FAQ_FAQ'

2020-03-20 15:06:41 - [MESSAGE][PASSED] - Keys '*' sent to object: 'Object Repository/ADMIN/Edit Text/Bespoke/Admin Pages/Header_Footer/input_FAQ_FAQ'

2020-03-20 15:06:41 - [TEST_STEP][PASSED] - sendKeys(findTestObject("ADMIN/Edit Text/Bespoke/Admin Pages/Header_Footer/input_CONTACT_CONTACT"), "*"): Keys '*' sent to object: 'Object Repository/ADMIN/Edit Text/Bespoke/Admin Pages/Header_Footer/input_CONTACT_CONTACT'

2020-03-20 15:06:42 - [MESSAGE][PASSED] - Keys '*' sent to object: 'Object Repository/ADMIN/Edit Text/Bespoke/Admin Pages/Header_Footer/input_CONTACT_CONTACT'

2020-03-20 15:06:42 - [TEST_STEP][PASSED] - sendKeys(findTestObject("ADMIN/Edit Text/Bespoke/Admin Pages/Header_Footer/input_All rights reserved _foot_copyright"), "*"): Keys '*' sent to object: 'Object Repository/ADMIN/Edit Text/Bespoke/Admin Pages/Header_Footer/input_All rights reserved _foot_copyright'

2020-03-20 15:06:42 - [MESSAGE][PASSED] - Keys '*' sent to object: 'Object Repository/ADMIN/Edit Text/Bespoke/Admin Pages/Header_Footer/input_All rights reserved _foot_copyright'

2020-03-20 15:06:42 - [TEST_STEP][PASSED] - click(findTestObject("ADMIN/Edit Text/Bespoke/Buyer Pages/Homepage/button_save"), CONTINUE_ON_FAILURE): Object: 'Object Repository/ADMIN/Edit Text/Bespoke/Buyer Pages/Homepage/button_save' is clicked on

2020-03-20 15:06:42 - [MESSAGE][PASSED] - Object: 'Object Repository/ADMIN/Edit Text/Bespoke/Buyer Pages/Homepage/button_save' is clicked on

2020-03-20 15:06:42 - [TEST_STEP][PASSED] - waitForElementVisible(findTestObject("ADMIN/Edit Text/Bespoke/Buyer Pages/Homepage/toaster_success"), 0): Object 'Object Repository/ADMIN/Edit Text/Bespoke/Buyer Pages/Homepage/toaster_success' is visible

2020-03-20 15:06:42 - [MESSAGE][WARNING] - Timeout '0' is invalid. Using default page load timeout: '30'

2020-03-20 15:06:43 - [MESSAGE][PASSED] - Object 'Object Repository/ADMIN/Edit Text/Bespoke/Buyer Pages/Homepage/toaster_success' is visible]]></system-out>
         <system-err><![CDATA[]]></system-err>
      </testcase>
      <testcase name="Test Cases/ADMIN/Language/Edit Text/Bespoke/Admin Pages/Header_Footer" time="10.844" classname="Test Cases/ADMIN/Language/Edit Text/Bespoke/Admin Pages/Header_Footer" status="PASSED">
         <system-out><![CDATA[2020-03-20 15:06:43 - [TEST_CASE][PASSED] - Test Cases/ADMIN/Language/Edit Text/Bespoke/Admin Pages/Header_Footer: Test Cases/ADMIN/Language/Edit Text/Bespoke/Admin Pages/Header_Footer

2020-03-20 15:06:43 - [TEST_STEP][PASSED] - waitForElementVisible(findTestObject("ADMIN/Edit Text/Bespoke/Buyer Navigation/dd_language"), 0): Object 'Object Repository/ADMIN/Edit Text/Bespoke/Buyer Navigation/dd_language' is visible

2020-03-20 15:06:43 - [MESSAGE][WARNING] - Timeout '0' is invalid. Using default page load timeout: '30'

2020-03-20 15:06:43 - [MESSAGE][PASSED] - Object 'Object Repository/ADMIN/Edit Text/Bespoke/Buyer Navigation/dd_language' is visible

2020-03-20 15:06:43 - [TEST_STEP][PASSED] - selectOptionByLabel(findTestObject("ADMIN/Edit Text/Bespoke/Buyer Navigation/dd_language"), varLanguage, false): All options with label 'Portuguese' are selected in object 'Object Repository/ADMIN/Edit Text/Bespoke/Buyer Navigation/dd_language' 

2020-03-20 15:06:45 - [MESSAGE][PASSED] - All options with label 'Portuguese' are selected in object 'Object Repository/ADMIN/Edit Text/Bespoke/Buyer Navigation/dd_language' 

2020-03-20 15:06:45 - [TEST_STEP][PASSED] - sendKeys(findTestObject("ADMIN/Edit Text/Bespoke/Admin Pages/Header_Footer/input_Search_search"), "*"): Keys '*' sent to object: 'Object Repository/ADMIN/Edit Text/Bespoke/Admin Pages/Header_Footer/input_Search_search'

2020-03-20 15:06:46 - [MESSAGE][PASSED] - Keys '*' sent to object: 'Object Repository/ADMIN/Edit Text/Bespoke/Admin Pages/Header_Footer/input_Search_search'

2020-03-20 15:06:46 - [TEST_STEP][PASSED] - sendKeys(findTestObject("ADMIN/Edit Text/Bespoke/Admin Pages/Header_Footer/input_BE A SELLER_be_seller"), "*"): Keys '*' sent to object: 'Object Repository/ADMIN/Edit Text/Bespoke/Admin Pages/Header_Footer/input_BE A SELLER_be_seller'

2020-03-20 15:06:46 - [MESSAGE][PASSED] - Keys '*' sent to object: 'Object Repository/ADMIN/Edit Text/Bespoke/Admin Pages/Header_Footer/input_BE A SELLER_be_seller'

2020-03-20 15:06:46 - [TEST_STEP][PASSED] - sendKeys(findTestObject("ADMIN/Edit Text/Bespoke/Admin Pages/Header_Footer/input_MORE_more"), "*"): Keys '*' sent to object: 'Object Repository/ADMIN/Edit Text/Bespoke/Admin Pages/Header_Footer/input_MORE_more'

2020-03-20 15:06:46 - [MESSAGE][PASSED] - Keys '*' sent to object: 'Object Repository/ADMIN/Edit Text/Bespoke/Admin Pages/Header_Footer/input_MORE_more'

2020-03-20 15:06:46 - [TEST_STEP][PASSED] - sendKeys(findTestObject("ADMIN/Edit Text/Bespoke/Admin Pages/Header_Footer/input_VIEW CART_btn_next"), "*"): Keys '*' sent to object: 'Object Repository/ADMIN/Edit Text/Bespoke/Admin Pages/Header_Footer/input_VIEW CART_btn_next'

2020-03-20 15:06:46 - [MESSAGE][PASSED] - Keys '*' sent to object: 'Object Repository/ADMIN/Edit Text/Bespoke/Admin Pages/Header_Footer/input_VIEW CART_btn_next'

2020-03-20 15:06:46 - [TEST_STEP][PASSED] - sendKeys(findTestObject("ADMIN/Edit Text/Bespoke/Admin Pages/Header_Footer/input_REGISTER  SIGN IN_register_signin"), "*"): Keys '*' sent to object: 'Object Repository/ADMIN/Edit Text/Bespoke/Admin Pages/Header_Footer/input_REGISTER  SIGN IN_register_signin'

2020-03-20 15:06:46 - [MESSAGE][PASSED] - Keys '*' sent to object: 'Object Repository/ADMIN/Edit Text/Bespoke/Admin Pages/Header_Footer/input_REGISTER  SIGN IN_register_signin'

2020-03-20 15:06:46 - [TEST_STEP][PASSED] - sendKeys(findTestObject("ADMIN/Edit Text/Bespoke/Admin Pages/Header_Footer/input_SELLER_sell"), "*"): Keys '*' sent to object: 'Object Repository/ADMIN/Edit Text/Bespoke/Admin Pages/Header_Footer/input_SELLER_sell'

2020-03-20 15:06:47 - [MESSAGE][PASSED] - Keys '*' sent to object: 'Object Repository/ADMIN/Edit Text/Bespoke/Admin Pages/Header_Footer/input_SELLER_sell'

2020-03-20 15:06:47 - [TEST_STEP][PASSED] - sendKeys(findTestObject("ADMIN/Edit Text/Bespoke/Admin Pages/Header_Footer/input_PROFILE_profile"), "*"): Keys '*' sent to object: 'Object Repository/ADMIN/Edit Text/Bespoke/Admin Pages/Header_Footer/input_PROFILE_profile'

2020-03-20 15:06:47 - [MESSAGE][PASSED] - Keys '*' sent to object: 'Object Repository/ADMIN/Edit Text/Bespoke/Admin Pages/Header_Footer/input_PROFILE_profile'

2020-03-20 15:06:47 - [TEST_STEP][PASSED] - sendKeys(findTestObject("ADMIN/Edit Text/Bespoke/Admin Pages/Header_Footer/input_Dashboard_Dashboard"), "*"): Keys '*' sent to object: 'Object Repository/ADMIN/Edit Text/Bespoke/Admin Pages/Header_Footer/input_Dashboard_Dashboard'

2020-03-20 15:06:47 - [MESSAGE][PASSED] - Keys '*' sent to object: 'Object Repository/ADMIN/Edit Text/Bespoke/Admin Pages/Header_Footer/input_Dashboard_Dashboard'

2020-03-20 15:06:47 - [TEST_STEP][PASSED] - sendKeys(findTestObject("ADMIN/Edit Text/Bespoke/Admin Pages/Header_Footer/input_Purchases_Purchases"), "*"): Keys '*' sent to object: 'Object Repository/ADMIN/Edit Text/Bespoke/Admin Pages/Header_Footer/input_Purchases_Purchases'

2020-03-20 15:06:47 - [MESSAGE][PASSED] - Keys '*' sent to object: 'Object Repository/ADMIN/Edit Text/Bespoke/Admin Pages/Header_Footer/input_Purchases_Purchases'

2020-03-20 15:06:47 - [TEST_STEP][PASSED] - sendKeys(findTestObject("ADMIN/Edit Text/Bespoke/Admin Pages/Header_Footer/input_Your Items_Your Items"), "*"): Keys '*' sent to object: 'Object Repository/ADMIN/Edit Text/Bespoke/Admin Pages/Header_Footer/input_Your Items_Your Items'

2020-03-20 15:06:47 - [MESSAGE][PASSED] - Keys '*' sent to object: 'Object Repository/ADMIN/Edit Text/Bespoke/Admin Pages/Header_Footer/input_Your Items_Your Items'

2020-03-20 15:06:47 - [TEST_STEP][PASSED] - sendKeys(findTestObject("ADMIN/Edit Text/Bespoke/Admin Pages/Header_Footer/input_Settings_Settings"), "*"): Keys '*' sent to object: 'Object Repository/ADMIN/Edit Text/Bespoke/Admin Pages/Header_Footer/input_Settings_Settings'

2020-03-20 15:06:48 - [MESSAGE][PASSED] - Keys '*' sent to object: 'Object Repository/ADMIN/Edit Text/Bespoke/Admin Pages/Header_Footer/input_Settings_Settings'

2020-03-20 15:06:48 - [TEST_STEP][PASSED] - sendKeys(findTestObject("ADMIN/Edit Text/Bespoke/Admin Pages/Header_Footer/input_Upload_Upload"), "*"): Keys '*' sent to object: 'Object Repository/ADMIN/Edit Text/Bespoke/Admin Pages/Header_Footer/input_Upload_Upload'

2020-03-20 15:06:48 - [MESSAGE][PASSED] - Keys '*' sent to object: 'Object Repository/ADMIN/Edit Text/Bespoke/Admin Pages/Header_Footer/input_Upload_Upload'

2020-03-20 15:06:48 - [TEST_STEP][PASSED] - sendKeys(findTestObject("ADMIN/Edit Text/Bespoke/Admin Pages/Header_Footer/input_Logout_Logout"), "*"): Keys '*' sent to object: 'Object Repository/ADMIN/Edit Text/Bespoke/Admin Pages/Header_Footer/input_Logout_Logout'

2020-03-20 15:06:48 - [MESSAGE][PASSED] - Keys '*' sent to object: 'Object Repository/ADMIN/Edit Text/Bespoke/Admin Pages/Header_Footer/input_Logout_Logout'

2020-03-20 15:06:48 - [TEST_STEP][PASSED] - sendKeys(findTestObject("ADMIN/Edit Text/Bespoke/Admin Pages/Header_Footer/input_Orders_Orders"), "*"): Keys '*' sent to object: 'Object Repository/ADMIN/Edit Text/Bespoke/Admin Pages/Header_Footer/input_Orders_Orders'

2020-03-20 15:06:48 - [MESSAGE][PASSED] - Keys '*' sent to object: 'Object Repository/ADMIN/Edit Text/Bespoke/Admin Pages/Header_Footer/input_Orders_Orders'

2020-03-20 15:06:48 - [TEST_STEP][PASSED] - sendKeys(findTestObject("ADMIN/Edit Text/Bespoke/Admin Pages/Header_Footer/input_Sub-accounts_Sub-accounts"), "*"): Keys '*' sent to object: 'Object Repository/ADMIN/Edit Text/Bespoke/Admin Pages/Header_Footer/input_Sub-accounts_Sub-accounts'

2020-03-20 15:06:49 - [MESSAGE][PASSED] - Keys '*' sent to object: 'Object Repository/ADMIN/Edit Text/Bespoke/Admin Pages/Header_Footer/input_Sub-accounts_Sub-accounts'

2020-03-20 15:06:49 - [TEST_STEP][PASSED] - sendKeys(findTestObject("ADMIN/Edit Text/Bespoke/Admin Pages/Header_Footer/input_Sales_Sales"), "*"): Keys '*' sent to object: 'Object Repository/ADMIN/Edit Text/Bespoke/Admin Pages/Header_Footer/input_Sales_Sales'

2020-03-20 15:06:49 - [MESSAGE][PASSED] - Keys '*' sent to object: 'Object Repository/ADMIN/Edit Text/Bespoke/Admin Pages/Header_Footer/input_Sales_Sales'

2020-03-20 15:06:49 - [TEST_STEP][PASSED] - sendKeys(findTestObject("ADMIN/Edit Text/Bespoke/Admin Pages/Header_Footer/input_Browse_Browse"), "*"): Keys '*' sent to object: 'Object Repository/ADMIN/Edit Text/Bespoke/Admin Pages/Header_Footer/input_Browse_Browse'

2020-03-20 15:06:49 - [MESSAGE][PASSED] - Keys '*' sent to object: 'Object Repository/ADMIN/Edit Text/Bespoke/Admin Pages/Header_Footer/input_Browse_Browse'

2020-03-20 15:06:49 - [TEST_STEP][PASSED] - sendKeys(findTestObject("ADMIN/Edit Text/Bespoke/Admin Pages/Header_Footer/input_SELLER_sell1"), "*"): Keys '*' sent to object: 'Object Repository/ADMIN/Edit Text/Bespoke/Admin Pages/Header_Footer/input_SELLER_sell1'

2020-03-20 15:06:49 - [MESSAGE][PASSED] - Keys '*' sent to object: 'Object Repository/ADMIN/Edit Text/Bespoke/Admin Pages/Header_Footer/input_SELLER_sell1'

2020-03-20 15:06:49 - [TEST_STEP][PASSED] - sendKeys(findTestObject("ADMIN/Edit Text/Bespoke/Admin Pages/Header_Footer/input_PROFILE_profile1"), "*"): Keys '*' sent to object: 'Object Repository/ADMIN/Edit Text/Bespoke/Admin Pages/Header_Footer/input_PROFILE_profile1'

2020-03-20 15:06:49 - [MESSAGE][PASSED] - Keys '*' sent to object: 'Object Repository/ADMIN/Edit Text/Bespoke/Admin Pages/Header_Footer/input_PROFILE_profile1'

2020-03-20 15:06:49 - [TEST_STEP][PASSED] - sendKeys(findTestObject("ADMIN/Edit Text/Bespoke/Admin Pages/Header_Footer/input_Dashboard_Dashboard1"), "*"): Keys '*' sent to object: 'Object Repository/ADMIN/Edit Text/Bespoke/Admin Pages/Header_Footer/input_Dashboard_Dashboard1'

2020-03-20 15:06:50 - [MESSAGE][PASSED] - Keys '*' sent to object: 'Object Repository/ADMIN/Edit Text/Bespoke/Admin Pages/Header_Footer/input_Dashboard_Dashboard1'

2020-03-20 15:06:50 - [TEST_STEP][PASSED] - sendKeys(findTestObject("ADMIN/Edit Text/Bespoke/Admin Pages/Header_Footer/input_Purchases_Purchases1"), "*"): Keys '*' sent to object: 'Object Repository/ADMIN/Edit Text/Bespoke/Admin Pages/Header_Footer/input_Purchases_Purchases1'

2020-03-20 15:06:50 - [MESSAGE][PASSED] - Keys '*' sent to object: 'Object Repository/ADMIN/Edit Text/Bespoke/Admin Pages/Header_Footer/input_Purchases_Purchases1'

2020-03-20 15:06:50 - [TEST_STEP][PASSED] - sendKeys(findTestObject("ADMIN/Edit Text/Bespoke/Admin Pages/Header_Footer/input_Your Items_Your Items1"), "*"): Keys '*' sent to object: 'Object Repository/ADMIN/Edit Text/Bespoke/Admin Pages/Header_Footer/input_Your Items_Your Items1'

2020-03-20 15:06:50 - [MESSAGE][PASSED] - Keys '*' sent to object: 'Object Repository/ADMIN/Edit Text/Bespoke/Admin Pages/Header_Footer/input_Your Items_Your Items1'

2020-03-20 15:06:50 - [TEST_STEP][PASSED] - sendKeys(findTestObject("ADMIN/Edit Text/Bespoke/Admin Pages/Header_Footer/input_Settings_Settings1"), "*"): Keys '*' sent to object: 'Object Repository/ADMIN/Edit Text/Bespoke/Admin Pages/Header_Footer/input_Settings_Settings1'

2020-03-20 15:06:50 - [MESSAGE][PASSED] - Keys '*' sent to object: 'Object Repository/ADMIN/Edit Text/Bespoke/Admin Pages/Header_Footer/input_Settings_Settings1'

2020-03-20 15:06:50 - [TEST_STEP][PASSED] - sendKeys(findTestObject("ADMIN/Edit Text/Bespoke/Admin Pages/Header_Footer/input_Upload_Upload1"), "*"): Keys '*' sent to object: 'Object Repository/ADMIN/Edit Text/Bespoke/Admin Pages/Header_Footer/input_Upload_Upload1'

2020-03-20 15:06:50 - [MESSAGE][PASSED] - Keys '*' sent to object: 'Object Repository/ADMIN/Edit Text/Bespoke/Admin Pages/Header_Footer/input_Upload_Upload1'

2020-03-20 15:06:50 - [TEST_STEP][PASSED] - sendKeys(findTestObject("ADMIN/Edit Text/Bespoke/Admin Pages/Header_Footer/input_Logout_Logout1"), "*"): Keys '*' sent to object: 'Object Repository/ADMIN/Edit Text/Bespoke/Admin Pages/Header_Footer/input_Logout_Logout1'

2020-03-20 15:06:51 - [MESSAGE][PASSED] - Keys '*' sent to object: 'Object Repository/ADMIN/Edit Text/Bespoke/Admin Pages/Header_Footer/input_Logout_Logout1'

2020-03-20 15:06:51 - [TEST_STEP][PASSED] - sendKeys(findTestObject("ADMIN/Edit Text/Bespoke/Admin Pages/Header_Footer/input_Orders_Orders1"), "*"): Keys '*' sent to object: 'Object Repository/ADMIN/Edit Text/Bespoke/Admin Pages/Header_Footer/input_Orders_Orders1'

2020-03-20 15:06:51 - [MESSAGE][PASSED] - Keys '*' sent to object: 'Object Repository/ADMIN/Edit Text/Bespoke/Admin Pages/Header_Footer/input_Orders_Orders1'

2020-03-20 15:06:51 - [TEST_STEP][PASSED] - sendKeys(findTestObject("ADMIN/Edit Text/Bespoke/Admin Pages/Header_Footer/input_Sales_Sales1"), "*"): Keys '*' sent to object: 'Object Repository/ADMIN/Edit Text/Bespoke/Admin Pages/Header_Footer/input_Sales_Sales1'

2020-03-20 15:06:51 - [MESSAGE][PASSED] - Keys '*' sent to object: 'Object Repository/ADMIN/Edit Text/Bespoke/Admin Pages/Header_Footer/input_Sales_Sales1'

2020-03-20 15:06:51 - [TEST_STEP][PASSED] - sendKeys(findTestObject("ADMIN/Edit Text/Bespoke/Admin Pages/Header_Footer/input_ABOUT US_ABOUT US"), "*"): Keys '*' sent to object: 'Object Repository/ADMIN/Edit Text/Bespoke/Admin Pages/Header_Footer/input_ABOUT US_ABOUT US'

2020-03-20 15:06:51 - [MESSAGE][PASSED] - Keys '*' sent to object: 'Object Repository/ADMIN/Edit Text/Bespoke/Admin Pages/Header_Footer/input_ABOUT US_ABOUT US'

2020-03-20 15:06:51 - [TEST_STEP][PASSED] - sendKeys(findTestObject("ADMIN/Edit Text/Bespoke/Admin Pages/Header_Footer/input_SERVICE TERMS_SERVICE TERMS"), "*"): Keys '*' sent to object: 'Object Repository/ADMIN/Edit Text/Bespoke/Admin Pages/Header_Footer/input_SERVICE TERMS_SERVICE TERMS'

2020-03-20 15:06:51 - [MESSAGE][PASSED] - Keys '*' sent to object: 'Object Repository/ADMIN/Edit Text/Bespoke/Admin Pages/Header_Footer/input_SERVICE TERMS_SERVICE TERMS'

2020-03-20 15:06:51 - [TEST_STEP][PASSED] - sendKeys(findTestObject("ADMIN/Edit Text/Bespoke/Admin Pages/Header_Footer/input_PRIVACY_PRIVACY"), "*"): Keys '*' sent to object: 'Object Repository/ADMIN/Edit Text/Bespoke/Admin Pages/Header_Footer/input_PRIVACY_PRIVACY'

2020-03-20 15:06:51 - [MESSAGE][PASSED] - Keys '*' sent to object: 'Object Repository/ADMIN/Edit Text/Bespoke/Admin Pages/Header_Footer/input_PRIVACY_PRIVACY'

2020-03-20 15:06:51 - [TEST_STEP][PASSED] - sendKeys(findTestObject("ADMIN/Edit Text/Bespoke/Admin Pages/Header_Footer/input_RETURNS_RETURNS"), "*"): Keys '*' sent to object: 'Object Repository/ADMIN/Edit Text/Bespoke/Admin Pages/Header_Footer/input_RETURNS_RETURNS'

2020-03-20 15:06:52 - [MESSAGE][PASSED] - Keys '*' sent to object: 'Object Repository/ADMIN/Edit Text/Bespoke/Admin Pages/Header_Footer/input_RETURNS_RETURNS'

2020-03-20 15:06:52 - [TEST_STEP][PASSED] - sendKeys(findTestObject("ADMIN/Edit Text/Bespoke/Admin Pages/Header_Footer/input_FAQ_FAQ"), "*"): Keys '*' sent to object: 'Object Repository/ADMIN/Edit Text/Bespoke/Admin Pages/Header_Footer/input_FAQ_FAQ'

2020-03-20 15:06:52 - [MESSAGE][PASSED] - Keys '*' sent to object: 'Object Repository/ADMIN/Edit Text/Bespoke/Admin Pages/Header_Footer/input_FAQ_FAQ'

2020-03-20 15:06:52 - [TEST_STEP][PASSED] - sendKeys(findTestObject("ADMIN/Edit Text/Bespoke/Admin Pages/Header_Footer/input_CONTACT_CONTACT"), "*"): Keys '*' sent to object: 'Object Repository/ADMIN/Edit Text/Bespoke/Admin Pages/Header_Footer/input_CONTACT_CONTACT'

2020-03-20 15:06:52 - [MESSAGE][PASSED] - Keys '*' sent to object: 'Object Repository/ADMIN/Edit Text/Bespoke/Admin Pages/Header_Footer/input_CONTACT_CONTACT'

2020-03-20 15:06:52 - [TEST_STEP][PASSED] - sendKeys(findTestObject("ADMIN/Edit Text/Bespoke/Admin Pages/Header_Footer/input_All rights reserved _foot_copyright"), "*"): Keys '*' sent to object: 'Object Repository/ADMIN/Edit Text/Bespoke/Admin Pages/Header_Footer/input_All rights reserved _foot_copyright'

2020-03-20 15:06:52 - [MESSAGE][PASSED] - Keys '*' sent to object: 'Object Repository/ADMIN/Edit Text/Bespoke/Admin Pages/Header_Footer/input_All rights reserved _foot_copyright'

2020-03-20 15:06:52 - [TEST_STEP][PASSED] - click(findTestObject("ADMIN/Edit Text/Bespoke/Buyer Pages/Homepage/button_save"), CONTINUE_ON_FAILURE): Object: 'Object Repository/ADMIN/Edit Text/Bespoke/Buyer Pages/Homepage/button_save' is clicked on

2020-03-20 15:06:53 - [MESSAGE][PASSED] - Object: 'Object Repository/ADMIN/Edit Text/Bespoke/Buyer Pages/Homepage/button_save' is clicked on

2020-03-20 15:06:53 - [TEST_STEP][PASSED] - waitForElementVisible(findTestObject("ADMIN/Edit Text/Bespoke/Buyer Pages/Homepage/toaster_success"), 0): Object 'Object Repository/ADMIN/Edit Text/Bespoke/Buyer Pages/Homepage/toaster_success' is visible

2020-03-20 15:06:53 - [MESSAGE][WARNING] - Timeout '0' is invalid. Using default page load timeout: '30'

2020-03-20 15:06:54 - [MESSAGE][PASSED] - Object 'Object Repository/ADMIN/Edit Text/Bespoke/Buyer Pages/Homepage/toaster_success' is visible]]></system-out>
         <system-err><![CDATA[]]></system-err>
      </testcase>
      <testcase name="Test Cases/ADMIN/Language/Edit Text/Bespoke/Admin Pages/Header_Footer" time="10.788" classname="Test Cases/ADMIN/Language/Edit Text/Bespoke/Admin Pages/Header_Footer" status="PASSED">
         <system-out><![CDATA[2020-03-20 15:06:54 - [TEST_CASE][PASSED] - Test Cases/ADMIN/Language/Edit Text/Bespoke/Admin Pages/Header_Footer: Test Cases/ADMIN/Language/Edit Text/Bespoke/Admin Pages/Header_Footer

2020-03-20 15:06:54 - [TEST_STEP][PASSED] - waitForElementVisible(findTestObject("ADMIN/Edit Text/Bespoke/Buyer Navigation/dd_language"), 0): Object 'Object Repository/ADMIN/Edit Text/Bespoke/Buyer Navigation/dd_language' is visible

2020-03-20 15:06:54 - [MESSAGE][WARNING] - Timeout '0' is invalid. Using default page load timeout: '30'

2020-03-20 15:06:54 - [MESSAGE][PASSED] - Object 'Object Repository/ADMIN/Edit Text/Bespoke/Buyer Navigation/dd_language' is visible

2020-03-20 15:06:54 - [TEST_STEP][PASSED] - selectOptionByLabel(findTestObject("ADMIN/Edit Text/Bespoke/Buyer Navigation/dd_language"), varLanguage, false): All options with label 'Indonesian' are selected in object 'Object Repository/ADMIN/Edit Text/Bespoke/Buyer Navigation/dd_language' 

2020-03-20 15:06:55 - [MESSAGE][PASSED] - All options with label 'Indonesian' are selected in object 'Object Repository/ADMIN/Edit Text/Bespoke/Buyer Navigation/dd_language' 

2020-03-20 15:06:55 - [TEST_STEP][PASSED] - sendKeys(findTestObject("ADMIN/Edit Text/Bespoke/Admin Pages/Header_Footer/input_Search_search"), "*"): Keys '*' sent to object: 'Object Repository/ADMIN/Edit Text/Bespoke/Admin Pages/Header_Footer/input_Search_search'

2020-03-20 15:06:56 - [MESSAGE][PASSED] - Keys '*' sent to object: 'Object Repository/ADMIN/Edit Text/Bespoke/Admin Pages/Header_Footer/input_Search_search'

2020-03-20 15:06:56 - [TEST_STEP][PASSED] - sendKeys(findTestObject("ADMIN/Edit Text/Bespoke/Admin Pages/Header_Footer/input_BE A SELLER_be_seller"), "*"): Keys '*' sent to object: 'Object Repository/ADMIN/Edit Text/Bespoke/Admin Pages/Header_Footer/input_BE A SELLER_be_seller'

2020-03-20 15:06:56 - [MESSAGE][PASSED] - Keys '*' sent to object: 'Object Repository/ADMIN/Edit Text/Bespoke/Admin Pages/Header_Footer/input_BE A SELLER_be_seller'

2020-03-20 15:06:56 - [TEST_STEP][PASSED] - sendKeys(findTestObject("ADMIN/Edit Text/Bespoke/Admin Pages/Header_Footer/input_MORE_more"), "*"): Keys '*' sent to object: 'Object Repository/ADMIN/Edit Text/Bespoke/Admin Pages/Header_Footer/input_MORE_more'

2020-03-20 15:06:56 - [MESSAGE][PASSED] - Keys '*' sent to object: 'Object Repository/ADMIN/Edit Text/Bespoke/Admin Pages/Header_Footer/input_MORE_more'

2020-03-20 15:06:56 - [TEST_STEP][PASSED] - sendKeys(findTestObject("ADMIN/Edit Text/Bespoke/Admin Pages/Header_Footer/input_VIEW CART_btn_next"), "*"): Keys '*' sent to object: 'Object Repository/ADMIN/Edit Text/Bespoke/Admin Pages/Header_Footer/input_VIEW CART_btn_next'

2020-03-20 15:06:56 - [MESSAGE][PASSED] - Keys '*' sent to object: 'Object Repository/ADMIN/Edit Text/Bespoke/Admin Pages/Header_Footer/input_VIEW CART_btn_next'

2020-03-20 15:06:56 - [TEST_STEP][PASSED] - sendKeys(findTestObject("ADMIN/Edit Text/Bespoke/Admin Pages/Header_Footer/input_REGISTER  SIGN IN_register_signin"), "*"): Keys '*' sent to object: 'Object Repository/ADMIN/Edit Text/Bespoke/Admin Pages/Header_Footer/input_REGISTER  SIGN IN_register_signin'

2020-03-20 15:06:57 - [MESSAGE][PASSED] - Keys '*' sent to object: 'Object Repository/ADMIN/Edit Text/Bespoke/Admin Pages/Header_Footer/input_REGISTER  SIGN IN_register_signin'

2020-03-20 15:06:57 - [TEST_STEP][PASSED] - sendKeys(findTestObject("ADMIN/Edit Text/Bespoke/Admin Pages/Header_Footer/input_SELLER_sell"), "*"): Keys '*' sent to object: 'Object Repository/ADMIN/Edit Text/Bespoke/Admin Pages/Header_Footer/input_SELLER_sell'

2020-03-20 15:06:57 - [MESSAGE][PASSED] - Keys '*' sent to object: 'Object Repository/ADMIN/Edit Text/Bespoke/Admin Pages/Header_Footer/input_SELLER_sell'

2020-03-20 15:06:57 - [TEST_STEP][PASSED] - sendKeys(findTestObject("ADMIN/Edit Text/Bespoke/Admin Pages/Header_Footer/input_PROFILE_profile"), "*"): Keys '*' sent to object: 'Object Repository/ADMIN/Edit Text/Bespoke/Admin Pages/Header_Footer/input_PROFILE_profile'

2020-03-20 15:06:57 - [MESSAGE][PASSED] - Keys '*' sent to object: 'Object Repository/ADMIN/Edit Text/Bespoke/Admin Pages/Header_Footer/input_PROFILE_profile'

2020-03-20 15:06:57 - [TEST_STEP][PASSED] - sendKeys(findTestObject("ADMIN/Edit Text/Bespoke/Admin Pages/Header_Footer/input_Dashboard_Dashboard"), "*"): Keys '*' sent to object: 'Object Repository/ADMIN/Edit Text/Bespoke/Admin Pages/Header_Footer/input_Dashboard_Dashboard'

2020-03-20 15:06:57 - [MESSAGE][PASSED] - Keys '*' sent to object: 'Object Repository/ADMIN/Edit Text/Bespoke/Admin Pages/Header_Footer/input_Dashboard_Dashboard'

2020-03-20 15:06:57 - [TEST_STEP][PASSED] - sendKeys(findTestObject("ADMIN/Edit Text/Bespoke/Admin Pages/Header_Footer/input_Purchases_Purchases"), "*"): Keys '*' sent to object: 'Object Repository/ADMIN/Edit Text/Bespoke/Admin Pages/Header_Footer/input_Purchases_Purchases'

2020-03-20 15:06:57 - [MESSAGE][PASSED] - Keys '*' sent to object: 'Object Repository/ADMIN/Edit Text/Bespoke/Admin Pages/Header_Footer/input_Purchases_Purchases'

2020-03-20 15:06:57 - [TEST_STEP][PASSED] - sendKeys(findTestObject("ADMIN/Edit Text/Bespoke/Admin Pages/Header_Footer/input_Your Items_Your Items"), "*"): Keys '*' sent to object: 'Object Repository/ADMIN/Edit Text/Bespoke/Admin Pages/Header_Footer/input_Your Items_Your Items'

2020-03-20 15:06:58 - [MESSAGE][PASSED] - Keys '*' sent to object: 'Object Repository/ADMIN/Edit Text/Bespoke/Admin Pages/Header_Footer/input_Your Items_Your Items'

2020-03-20 15:06:58 - [TEST_STEP][PASSED] - sendKeys(findTestObject("ADMIN/Edit Text/Bespoke/Admin Pages/Header_Footer/input_Settings_Settings"), "*"): Keys '*' sent to object: 'Object Repository/ADMIN/Edit Text/Bespoke/Admin Pages/Header_Footer/input_Settings_Settings'

2020-03-20 15:06:58 - [MESSAGE][PASSED] - Keys '*' sent to object: 'Object Repository/ADMIN/Edit Text/Bespoke/Admin Pages/Header_Footer/input_Settings_Settings'

2020-03-20 15:06:58 - [TEST_STEP][PASSED] - sendKeys(findTestObject("ADMIN/Edit Text/Bespoke/Admin Pages/Header_Footer/input_Upload_Upload"), "*"): Keys '*' sent to object: 'Object Repository/ADMIN/Edit Text/Bespoke/Admin Pages/Header_Footer/input_Upload_Upload'

2020-03-20 15:06:58 - [MESSAGE][PASSED] - Keys '*' sent to object: 'Object Repository/ADMIN/Edit Text/Bespoke/Admin Pages/Header_Footer/input_Upload_Upload'

2020-03-20 15:06:58 - [TEST_STEP][PASSED] - sendKeys(findTestObject("ADMIN/Edit Text/Bespoke/Admin Pages/Header_Footer/input_Logout_Logout"), "*"): Keys '*' sent to object: 'Object Repository/ADMIN/Edit Text/Bespoke/Admin Pages/Header_Footer/input_Logout_Logout'

2020-03-20 15:06:58 - [MESSAGE][PASSED] - Keys '*' sent to object: 'Object Repository/ADMIN/Edit Text/Bespoke/Admin Pages/Header_Footer/input_Logout_Logout'

2020-03-20 15:06:58 - [TEST_STEP][PASSED] - sendKeys(findTestObject("ADMIN/Edit Text/Bespoke/Admin Pages/Header_Footer/input_Orders_Orders"), "*"): Keys '*' sent to object: 'Object Repository/ADMIN/Edit Text/Bespoke/Admin Pages/Header_Footer/input_Orders_Orders'

2020-03-20 15:06:59 - [MESSAGE][PASSED] - Keys '*' sent to object: 'Object Repository/ADMIN/Edit Text/Bespoke/Admin Pages/Header_Footer/input_Orders_Orders'

2020-03-20 15:06:59 - [TEST_STEP][PASSED] - sendKeys(findTestObject("ADMIN/Edit Text/Bespoke/Admin Pages/Header_Footer/input_Sub-accounts_Sub-accounts"), "*"): Keys '*' sent to object: 'Object Repository/ADMIN/Edit Text/Bespoke/Admin Pages/Header_Footer/input_Sub-accounts_Sub-accounts'

2020-03-20 15:06:59 - [MESSAGE][PASSED] - Keys '*' sent to object: 'Object Repository/ADMIN/Edit Text/Bespoke/Admin Pages/Header_Footer/input_Sub-accounts_Sub-accounts'

2020-03-20 15:06:59 - [TEST_STEP][PASSED] - sendKeys(findTestObject("ADMIN/Edit Text/Bespoke/Admin Pages/Header_Footer/input_Sales_Sales"), "*"): Keys '*' sent to object: 'Object Repository/ADMIN/Edit Text/Bespoke/Admin Pages/Header_Footer/input_Sales_Sales'

2020-03-20 15:06:59 - [MESSAGE][PASSED] - Keys '*' sent to object: 'Object Repository/ADMIN/Edit Text/Bespoke/Admin Pages/Header_Footer/input_Sales_Sales'

2020-03-20 15:06:59 - [TEST_STEP][PASSED] - sendKeys(findTestObject("ADMIN/Edit Text/Bespoke/Admin Pages/Header_Footer/input_Browse_Browse"), "*"): Keys '*' sent to object: 'Object Repository/ADMIN/Edit Text/Bespoke/Admin Pages/Header_Footer/input_Browse_Browse'

2020-03-20 15:06:59 - [MESSAGE][PASSED] - Keys '*' sent to object: 'Object Repository/ADMIN/Edit Text/Bespoke/Admin Pages/Header_Footer/input_Browse_Browse'

2020-03-20 15:06:59 - [TEST_STEP][PASSED] - sendKeys(findTestObject("ADMIN/Edit Text/Bespoke/Admin Pages/Header_Footer/input_SELLER_sell1"), "*"): Keys '*' sent to object: 'Object Repository/ADMIN/Edit Text/Bespoke/Admin Pages/Header_Footer/input_SELLER_sell1'

2020-03-20 15:06:59 - [MESSAGE][PASSED] - Keys '*' sent to object: 'Object Repository/ADMIN/Edit Text/Bespoke/Admin Pages/Header_Footer/input_SELLER_sell1'

2020-03-20 15:06:59 - [TEST_STEP][PASSED] - sendKeys(findTestObject("ADMIN/Edit Text/Bespoke/Admin Pages/Header_Footer/input_PROFILE_profile1"), "*"): Keys '*' sent to object: 'Object Repository/ADMIN/Edit Text/Bespoke/Admin Pages/Header_Footer/input_PROFILE_profile1'

2020-03-20 15:07:00 - [MESSAGE][PASSED] - Keys '*' sent to object: 'Object Repository/ADMIN/Edit Text/Bespoke/Admin Pages/Header_Footer/input_PROFILE_profile1'

2020-03-20 15:07:00 - [TEST_STEP][PASSED] - sendKeys(findTestObject("ADMIN/Edit Text/Bespoke/Admin Pages/Header_Footer/input_Dashboard_Dashboard1"), "*"): Keys '*' sent to object: 'Object Repository/ADMIN/Edit Text/Bespoke/Admin Pages/Header_Footer/input_Dashboard_Dashboard1'

2020-03-20 15:07:00 - [MESSAGE][PASSED] - Keys '*' sent to object: 'Object Repository/ADMIN/Edit Text/Bespoke/Admin Pages/Header_Footer/input_Dashboard_Dashboard1'

2020-03-20 15:07:00 - [TEST_STEP][PASSED] - sendKeys(findTestObject("ADMIN/Edit Text/Bespoke/Admin Pages/Header_Footer/input_Purchases_Purchases1"), "*"): Keys '*' sent to object: 'Object Repository/ADMIN/Edit Text/Bespoke/Admin Pages/Header_Footer/input_Purchases_Purchases1'

2020-03-20 15:07:00 - [MESSAGE][PASSED] - Keys '*' sent to object: 'Object Repository/ADMIN/Edit Text/Bespoke/Admin Pages/Header_Footer/input_Purchases_Purchases1'

2020-03-20 15:07:00 - [TEST_STEP][PASSED] - sendKeys(findTestObject("ADMIN/Edit Text/Bespoke/Admin Pages/Header_Footer/input_Your Items_Your Items1"), "*"): Keys '*' sent to object: 'Object Repository/ADMIN/Edit Text/Bespoke/Admin Pages/Header_Footer/input_Your Items_Your Items1'

2020-03-20 15:07:00 - [MESSAGE][PASSED] - Keys '*' sent to object: 'Object Repository/ADMIN/Edit Text/Bespoke/Admin Pages/Header_Footer/input_Your Items_Your Items1'

2020-03-20 15:07:00 - [TEST_STEP][PASSED] - sendKeys(findTestObject("ADMIN/Edit Text/Bespoke/Admin Pages/Header_Footer/input_Settings_Settings1"), "*"): Keys '*' sent to object: 'Object Repository/ADMIN/Edit Text/Bespoke/Admin Pages/Header_Footer/input_Settings_Settings1'

2020-03-20 15:07:01 - [MESSAGE][PASSED] - Keys '*' sent to object: 'Object Repository/ADMIN/Edit Text/Bespoke/Admin Pages/Header_Footer/input_Settings_Settings1'

2020-03-20 15:07:01 - [TEST_STEP][PASSED] - sendKeys(findTestObject("ADMIN/Edit Text/Bespoke/Admin Pages/Header_Footer/input_Upload_Upload1"), "*"): Keys '*' sent to object: 'Object Repository/ADMIN/Edit Text/Bespoke/Admin Pages/Header_Footer/input_Upload_Upload1'

2020-03-20 15:07:01 - [MESSAGE][PASSED] - Keys '*' sent to object: 'Object Repository/ADMIN/Edit Text/Bespoke/Admin Pages/Header_Footer/input_Upload_Upload1'

2020-03-20 15:07:01 - [TEST_STEP][PASSED] - sendKeys(findTestObject("ADMIN/Edit Text/Bespoke/Admin Pages/Header_Footer/input_Logout_Logout1"), "*"): Keys '*' sent to object: 'Object Repository/ADMIN/Edit Text/Bespoke/Admin Pages/Header_Footer/input_Logout_Logout1'

2020-03-20 15:07:01 - [MESSAGE][PASSED] - Keys '*' sent to object: 'Object Repository/ADMIN/Edit Text/Bespoke/Admin Pages/Header_Footer/input_Logout_Logout1'

2020-03-20 15:07:01 - [TEST_STEP][PASSED] - sendKeys(findTestObject("ADMIN/Edit Text/Bespoke/Admin Pages/Header_Footer/input_Orders_Orders1"), "*"): Keys '*' sent to object: 'Object Repository/ADMIN/Edit Text/Bespoke/Admin Pages/Header_Footer/input_Orders_Orders1'

2020-03-20 15:07:02 - [MESSAGE][PASSED] - Keys '*' sent to object: 'Object Repository/ADMIN/Edit Text/Bespoke/Admin Pages/Header_Footer/input_Orders_Orders1'

2020-03-20 15:07:02 - [TEST_STEP][PASSED] - sendKeys(findTestObject("ADMIN/Edit Text/Bespoke/Admin Pages/Header_Footer/input_Sales_Sales1"), "*"): Keys '*' sent to object: 'Object Repository/ADMIN/Edit Text/Bespoke/Admin Pages/Header_Footer/input_Sales_Sales1'

2020-03-20 15:07:02 - [MESSAGE][PASSED] - Keys '*' sent to object: 'Object Repository/ADMIN/Edit Text/Bespoke/Admin Pages/Header_Footer/input_Sales_Sales1'

2020-03-20 15:07:02 - [TEST_STEP][PASSED] - sendKeys(findTestObject("ADMIN/Edit Text/Bespoke/Admin Pages/Header_Footer/input_ABOUT US_ABOUT US"), "*"): Keys '*' sent to object: 'Object Repository/ADMIN/Edit Text/Bespoke/Admin Pages/Header_Footer/input_ABOUT US_ABOUT US'

2020-03-20 15:07:02 - [MESSAGE][PASSED] - Keys '*' sent to object: 'Object Repository/ADMIN/Edit Text/Bespoke/Admin Pages/Header_Footer/input_ABOUT US_ABOUT US'

2020-03-20 15:07:02 - [TEST_STEP][PASSED] - sendKeys(findTestObject("ADMIN/Edit Text/Bespoke/Admin Pages/Header_Footer/input_SERVICE TERMS_SERVICE TERMS"), "*"): Keys '*' sent to object: 'Object Repository/ADMIN/Edit Text/Bespoke/Admin Pages/Header_Footer/input_SERVICE TERMS_SERVICE TERMS'

2020-03-20 15:07:02 - [MESSAGE][PASSED] - Keys '*' sent to object: 'Object Repository/ADMIN/Edit Text/Bespoke/Admin Pages/Header_Footer/input_SERVICE TERMS_SERVICE TERMS'

2020-03-20 15:07:02 - [TEST_STEP][PASSED] - sendKeys(findTestObject("ADMIN/Edit Text/Bespoke/Admin Pages/Header_Footer/input_PRIVACY_PRIVACY"), "*"): Keys '*' sent to object: 'Object Repository/ADMIN/Edit Text/Bespoke/Admin Pages/Header_Footer/input_PRIVACY_PRIVACY'

2020-03-20 15:07:02 - [MESSAGE][PASSED] - Keys '*' sent to object: 'Object Repository/ADMIN/Edit Text/Bespoke/Admin Pages/Header_Footer/input_PRIVACY_PRIVACY'

2020-03-20 15:07:02 - [TEST_STEP][PASSED] - sendKeys(findTestObject("ADMIN/Edit Text/Bespoke/Admin Pages/Header_Footer/input_RETURNS_RETURNS"), "*"): Keys '*' sent to object: 'Object Repository/ADMIN/Edit Text/Bespoke/Admin Pages/Header_Footer/input_RETURNS_RETURNS'

2020-03-20 15:07:03 - [MESSAGE][PASSED] - Keys '*' sent to object: 'Object Repository/ADMIN/Edit Text/Bespoke/Admin Pages/Header_Footer/input_RETURNS_RETURNS'

2020-03-20 15:07:03 - [TEST_STEP][PASSED] - sendKeys(findTestObject("ADMIN/Edit Text/Bespoke/Admin Pages/Header_Footer/input_FAQ_FAQ"), "*"): Keys '*' sent to object: 'Object Repository/ADMIN/Edit Text/Bespoke/Admin Pages/Header_Footer/input_FAQ_FAQ'

2020-03-20 15:07:03 - [MESSAGE][PASSED] - Keys '*' sent to object: 'Object Repository/ADMIN/Edit Text/Bespoke/Admin Pages/Header_Footer/input_FAQ_FAQ'

2020-03-20 15:07:03 - [TEST_STEP][PASSED] - sendKeys(findTestObject("ADMIN/Edit Text/Bespoke/Admin Pages/Header_Footer/input_CONTACT_CONTACT"), "*"): Keys '*' sent to object: 'Object Repository/ADMIN/Edit Text/Bespoke/Admin Pages/Header_Footer/input_CONTACT_CONTACT'

2020-03-20 15:07:03 - [MESSAGE][PASSED] - Keys '*' sent to object: 'Object Repository/ADMIN/Edit Text/Bespoke/Admin Pages/Header_Footer/input_CONTACT_CONTACT'

2020-03-20 15:07:03 - [TEST_STEP][PASSED] - sendKeys(findTestObject("ADMIN/Edit Text/Bespoke/Admin Pages/Header_Footer/input_All rights reserved _foot_copyright"), "*"): Keys '*' sent to object: 'Object Repository/ADMIN/Edit Text/Bespoke/Admin Pages/Header_Footer/input_All rights reserved _foot_copyright'

2020-03-20 15:07:03 - [MESSAGE][PASSED] - Keys '*' sent to object: 'Object Repository/ADMIN/Edit Text/Bespoke/Admin Pages/Header_Footer/input_All rights reserved _foot_copyright'

2020-03-20 15:07:03 - [TEST_STEP][PASSED] - click(findTestObject("ADMIN/Edit Text/Bespoke/Buyer Pages/Homepage/button_save"), CONTINUE_ON_FAILURE): Object: 'Object Repository/ADMIN/Edit Text/Bespoke/Buyer Pages/Homepage/button_save' is clicked on

2020-03-20 15:07:04 - [MESSAGE][PASSED] - Object: 'Object Repository/ADMIN/Edit Text/Bespoke/Buyer Pages/Homepage/button_save' is clicked on

2020-03-20 15:07:04 - [TEST_STEP][PASSED] - waitForElementVisible(findTestObject("ADMIN/Edit Text/Bespoke/Buyer Pages/Homepage/toaster_success"), 0): Object 'Object Repository/ADMIN/Edit Text/Bespoke/Buyer Pages/Homepage/toaster_success' is visible

2020-03-20 15:07:04 - [MESSAGE][WARNING] - Timeout '0' is invalid. Using default page load timeout: '30'

2020-03-20 15:07:04 - [MESSAGE][PASSED] - Object 'Object Repository/ADMIN/Edit Text/Bespoke/Buyer Pages/Homepage/toaster_success' is visible]]></system-out>
         <system-err><![CDATA[]]></system-err>
      </testcase>
      <testcase name="Test Cases/ADMIN/Language/Edit Text/Bespoke/Admin Pages/Header_Footer" time="10.529" classname="Test Cases/ADMIN/Language/Edit Text/Bespoke/Admin Pages/Header_Footer" status="PASSED">
         <system-out><![CDATA[2020-03-20 15:07:04 - [TEST_CASE][PASSED] - Test Cases/ADMIN/Language/Edit Text/Bespoke/Admin Pages/Header_Footer: Test Cases/ADMIN/Language/Edit Text/Bespoke/Admin Pages/Header_Footer

2020-03-20 15:07:04 - [TEST_STEP][PASSED] - waitForElementVisible(findTestObject("ADMIN/Edit Text/Bespoke/Buyer Navigation/dd_language"), 0): Object 'Object Repository/ADMIN/Edit Text/Bespoke/Buyer Navigation/dd_language' is visible

2020-03-20 15:07:04 - [MESSAGE][WARNING] - Timeout '0' is invalid. Using default page load timeout: '30'

2020-03-20 15:07:05 - [MESSAGE][PASSED] - Object 'Object Repository/ADMIN/Edit Text/Bespoke/Buyer Navigation/dd_language' is visible

2020-03-20 15:07:05 - [TEST_STEP][PASSED] - selectOptionByLabel(findTestObject("ADMIN/Edit Text/Bespoke/Buyer Navigation/dd_language"), varLanguage, false): All options with label 'Russian' are selected in object 'Object Repository/ADMIN/Edit Text/Bespoke/Buyer Navigation/dd_language' 

2020-03-20 15:07:06 - [MESSAGE][PASSED] - All options with label 'Russian' are selected in object 'Object Repository/ADMIN/Edit Text/Bespoke/Buyer Navigation/dd_language' 

2020-03-20 15:07:06 - [TEST_STEP][PASSED] - sendKeys(findTestObject("ADMIN/Edit Text/Bespoke/Admin Pages/Header_Footer/input_Search_search"), "*"): Keys '*' sent to object: 'Object Repository/ADMIN/Edit Text/Bespoke/Admin Pages/Header_Footer/input_Search_search'

2020-03-20 15:07:06 - [MESSAGE][PASSED] - Keys '*' sent to object: 'Object Repository/ADMIN/Edit Text/Bespoke/Admin Pages/Header_Footer/input_Search_search'

2020-03-20 15:07:06 - [TEST_STEP][PASSED] - sendKeys(findTestObject("ADMIN/Edit Text/Bespoke/Admin Pages/Header_Footer/input_BE A SELLER_be_seller"), "*"): Keys '*' sent to object: 'Object Repository/ADMIN/Edit Text/Bespoke/Admin Pages/Header_Footer/input_BE A SELLER_be_seller'

2020-03-20 15:07:06 - [MESSAGE][PASSED] - Keys '*' sent to object: 'Object Repository/ADMIN/Edit Text/Bespoke/Admin Pages/Header_Footer/input_BE A SELLER_be_seller'

2020-03-20 15:07:06 - [TEST_STEP][PASSED] - sendKeys(findTestObject("ADMIN/Edit Text/Bespoke/Admin Pages/Header_Footer/input_MORE_more"), "*"): Keys '*' sent to object: 'Object Repository/ADMIN/Edit Text/Bespoke/Admin Pages/Header_Footer/input_MORE_more'

2020-03-20 15:07:06 - [MESSAGE][PASSED] - Keys '*' sent to object: 'Object Repository/ADMIN/Edit Text/Bespoke/Admin Pages/Header_Footer/input_MORE_more'

2020-03-20 15:07:06 - [TEST_STEP][PASSED] - sendKeys(findTestObject("ADMIN/Edit Text/Bespoke/Admin Pages/Header_Footer/input_VIEW CART_btn_next"), "*"): Keys '*' sent to object: 'Object Repository/ADMIN/Edit Text/Bespoke/Admin Pages/Header_Footer/input_VIEW CART_btn_next'

2020-03-20 15:07:06 - [MESSAGE][PASSED] - Keys '*' sent to object: 'Object Repository/ADMIN/Edit Text/Bespoke/Admin Pages/Header_Footer/input_VIEW CART_btn_next'

2020-03-20 15:07:06 - [TEST_STEP][PASSED] - sendKeys(findTestObject("ADMIN/Edit Text/Bespoke/Admin Pages/Header_Footer/input_REGISTER  SIGN IN_register_signin"), "*"): Keys '*' sent to object: 'Object Repository/ADMIN/Edit Text/Bespoke/Admin Pages/Header_Footer/input_REGISTER  SIGN IN_register_signin'

2020-03-20 15:07:07 - [MESSAGE][PASSED] - Keys '*' sent to object: 'Object Repository/ADMIN/Edit Text/Bespoke/Admin Pages/Header_Footer/input_REGISTER  SIGN IN_register_signin'

2020-03-20 15:07:07 - [TEST_STEP][PASSED] - sendKeys(findTestObject("ADMIN/Edit Text/Bespoke/Admin Pages/Header_Footer/input_SELLER_sell"), "*"): Keys '*' sent to object: 'Object Repository/ADMIN/Edit Text/Bespoke/Admin Pages/Header_Footer/input_SELLER_sell'

2020-03-20 15:07:07 - [MESSAGE][PASSED] - Keys '*' sent to object: 'Object Repository/ADMIN/Edit Text/Bespoke/Admin Pages/Header_Footer/input_SELLER_sell'

2020-03-20 15:07:07 - [TEST_STEP][PASSED] - sendKeys(findTestObject("ADMIN/Edit Text/Bespoke/Admin Pages/Header_Footer/input_PROFILE_profile"), "*"): Keys '*' sent to object: 'Object Repository/ADMIN/Edit Text/Bespoke/Admin Pages/Header_Footer/input_PROFILE_profile'

2020-03-20 15:07:07 - [MESSAGE][PASSED] - Keys '*' sent to object: 'Object Repository/ADMIN/Edit Text/Bespoke/Admin Pages/Header_Footer/input_PROFILE_profile'

2020-03-20 15:07:07 - [TEST_STEP][PASSED] - sendKeys(findTestObject("ADMIN/Edit Text/Bespoke/Admin Pages/Header_Footer/input_Dashboard_Dashboard"), "*"): Keys '*' sent to object: 'Object Repository/ADMIN/Edit Text/Bespoke/Admin Pages/Header_Footer/input_Dashboard_Dashboard'

2020-03-20 15:07:08 - [MESSAGE][PASSED] - Keys '*' sent to object: 'Object Repository/ADMIN/Edit Text/Bespoke/Admin Pages/Header_Footer/input_Dashboard_Dashboard'

2020-03-20 15:07:08 - [TEST_STEP][PASSED] - sendKeys(findTestObject("ADMIN/Edit Text/Bespoke/Admin Pages/Header_Footer/input_Purchases_Purchases"), "*"): Keys '*' sent to object: 'Object Repository/ADMIN/Edit Text/Bespoke/Admin Pages/Header_Footer/input_Purchases_Purchases'

2020-03-20 15:07:08 - [MESSAGE][PASSED] - Keys '*' sent to object: 'Object Repository/ADMIN/Edit Text/Bespoke/Admin Pages/Header_Footer/input_Purchases_Purchases'

2020-03-20 15:07:08 - [TEST_STEP][PASSED] - sendKeys(findTestObject("ADMIN/Edit Text/Bespoke/Admin Pages/Header_Footer/input_Your Items_Your Items"), "*"): Keys '*' sent to object: 'Object Repository/ADMIN/Edit Text/Bespoke/Admin Pages/Header_Footer/input_Your Items_Your Items'

2020-03-20 15:07:09 - [MESSAGE][PASSED] - Keys '*' sent to object: 'Object Repository/ADMIN/Edit Text/Bespoke/Admin Pages/Header_Footer/input_Your Items_Your Items'

2020-03-20 15:07:09 - [TEST_STEP][PASSED] - sendKeys(findTestObject("ADMIN/Edit Text/Bespoke/Admin Pages/Header_Footer/input_Settings_Settings"), "*"): Keys '*' sent to object: 'Object Repository/ADMIN/Edit Text/Bespoke/Admin Pages/Header_Footer/input_Settings_Settings'

2020-03-20 15:07:09 - [MESSAGE][PASSED] - Keys '*' sent to object: 'Object Repository/ADMIN/Edit Text/Bespoke/Admin Pages/Header_Footer/input_Settings_Settings'

2020-03-20 15:07:09 - [TEST_STEP][PASSED] - sendKeys(findTestObject("ADMIN/Edit Text/Bespoke/Admin Pages/Header_Footer/input_Upload_Upload"), "*"): Keys '*' sent to object: 'Object Repository/ADMIN/Edit Text/Bespoke/Admin Pages/Header_Footer/input_Upload_Upload'

2020-03-20 15:07:09 - [MESSAGE][PASSED] - Keys '*' sent to object: 'Object Repository/ADMIN/Edit Text/Bespoke/Admin Pages/Header_Footer/input_Upload_Upload'

2020-03-20 15:07:09 - [TEST_STEP][PASSED] - sendKeys(findTestObject("ADMIN/Edit Text/Bespoke/Admin Pages/Header_Footer/input_Logout_Logout"), "*"): Keys '*' sent to object: 'Object Repository/ADMIN/Edit Text/Bespoke/Admin Pages/Header_Footer/input_Logout_Logout'

2020-03-20 15:07:09 - [MESSAGE][PASSED] - Keys '*' sent to object: 'Object Repository/ADMIN/Edit Text/Bespoke/Admin Pages/Header_Footer/input_Logout_Logout'

2020-03-20 15:07:09 - [TEST_STEP][PASSED] - sendKeys(findTestObject("ADMIN/Edit Text/Bespoke/Admin Pages/Header_Footer/input_Orders_Orders"), "*"): Keys '*' sent to object: 'Object Repository/ADMIN/Edit Text/Bespoke/Admin Pages/Header_Footer/input_Orders_Orders'

2020-03-20 15:07:09 - [MESSAGE][PASSED] - Keys '*' sent to object: 'Object Repository/ADMIN/Edit Text/Bespoke/Admin Pages/Header_Footer/input_Orders_Orders'

2020-03-20 15:07:09 - [TEST_STEP][PASSED] - sendKeys(findTestObject("ADMIN/Edit Text/Bespoke/Admin Pages/Header_Footer/input_Sub-accounts_Sub-accounts"), "*"): Keys '*' sent to object: 'Object Repository/ADMIN/Edit Text/Bespoke/Admin Pages/Header_Footer/input_Sub-accounts_Sub-accounts'

2020-03-20 15:07:09 - [MESSAGE][PASSED] - Keys '*' sent to object: 'Object Repository/ADMIN/Edit Text/Bespoke/Admin Pages/Header_Footer/input_Sub-accounts_Sub-accounts'

2020-03-20 15:07:09 - [TEST_STEP][PASSED] - sendKeys(findTestObject("ADMIN/Edit Text/Bespoke/Admin Pages/Header_Footer/input_Sales_Sales"), "*"): Keys '*' sent to object: 'Object Repository/ADMIN/Edit Text/Bespoke/Admin Pages/Header_Footer/input_Sales_Sales'

2020-03-20 15:07:10 - [MESSAGE][PASSED] - Keys '*' sent to object: 'Object Repository/ADMIN/Edit Text/Bespoke/Admin Pages/Header_Footer/input_Sales_Sales'

2020-03-20 15:07:10 - [TEST_STEP][PASSED] - sendKeys(findTestObject("ADMIN/Edit Text/Bespoke/Admin Pages/Header_Footer/input_Browse_Browse"), "*"): Keys '*' sent to object: 'Object Repository/ADMIN/Edit Text/Bespoke/Admin Pages/Header_Footer/input_Browse_Browse'

2020-03-20 15:07:10 - [MESSAGE][PASSED] - Keys '*' sent to object: 'Object Repository/ADMIN/Edit Text/Bespoke/Admin Pages/Header_Footer/input_Browse_Browse'

2020-03-20 15:07:10 - [TEST_STEP][PASSED] - sendKeys(findTestObject("ADMIN/Edit Text/Bespoke/Admin Pages/Header_Footer/input_SELLER_sell1"), "*"): Keys '*' sent to object: 'Object Repository/ADMIN/Edit Text/Bespoke/Admin Pages/Header_Footer/input_SELLER_sell1'

2020-03-20 15:07:10 - [MESSAGE][PASSED] - Keys '*' sent to object: 'Object Repository/ADMIN/Edit Text/Bespoke/Admin Pages/Header_Footer/input_SELLER_sell1'

2020-03-20 15:07:10 - [TEST_STEP][PASSED] - sendKeys(findTestObject("ADMIN/Edit Text/Bespoke/Admin Pages/Header_Footer/input_PROFILE_profile1"), "*"): Keys '*' sent to object: 'Object Repository/ADMIN/Edit Text/Bespoke/Admin Pages/Header_Footer/input_PROFILE_profile1'

2020-03-20 15:07:10 - [MESSAGE][PASSED] - Keys '*' sent to object: 'Object Repository/ADMIN/Edit Text/Bespoke/Admin Pages/Header_Footer/input_PROFILE_profile1'

2020-03-20 15:07:10 - [TEST_STEP][PASSED] - sendKeys(findTestObject("ADMIN/Edit Text/Bespoke/Admin Pages/Header_Footer/input_Dashboard_Dashboard1"), "*"): Keys '*' sent to object: 'Object Repository/ADMIN/Edit Text/Bespoke/Admin Pages/Header_Footer/input_Dashboard_Dashboard1'

2020-03-20 15:07:11 - [MESSAGE][PASSED] - Keys '*' sent to object: 'Object Repository/ADMIN/Edit Text/Bespoke/Admin Pages/Header_Footer/input_Dashboard_Dashboard1'

2020-03-20 15:07:11 - [TEST_STEP][PASSED] - sendKeys(findTestObject("ADMIN/Edit Text/Bespoke/Admin Pages/Header_Footer/input_Purchases_Purchases1"), "*"): Keys '*' sent to object: 'Object Repository/ADMIN/Edit Text/Bespoke/Admin Pages/Header_Footer/input_Purchases_Purchases1'

2020-03-20 15:07:11 - [MESSAGE][PASSED] - Keys '*' sent to object: 'Object Repository/ADMIN/Edit Text/Bespoke/Admin Pages/Header_Footer/input_Purchases_Purchases1'

2020-03-20 15:07:11 - [TEST_STEP][PASSED] - sendKeys(findTestObject("ADMIN/Edit Text/Bespoke/Admin Pages/Header_Footer/input_Your Items_Your Items1"), "*"): Keys '*' sent to object: 'Object Repository/ADMIN/Edit Text/Bespoke/Admin Pages/Header_Footer/input_Your Items_Your Items1'

2020-03-20 15:07:11 - [MESSAGE][PASSED] - Keys '*' sent to object: 'Object Repository/ADMIN/Edit Text/Bespoke/Admin Pages/Header_Footer/input_Your Items_Your Items1'

2020-03-20 15:07:11 - [TEST_STEP][PASSED] - sendKeys(findTestObject("ADMIN/Edit Text/Bespoke/Admin Pages/Header_Footer/input_Settings_Settings1"), "*"): Keys '*' sent to object: 'Object Repository/ADMIN/Edit Text/Bespoke/Admin Pages/Header_Footer/input_Settings_Settings1'

2020-03-20 15:07:12 - [MESSAGE][PASSED] - Keys '*' sent to object: 'Object Repository/ADMIN/Edit Text/Bespoke/Admin Pages/Header_Footer/input_Settings_Settings1'

2020-03-20 15:07:12 - [TEST_STEP][PASSED] - sendKeys(findTestObject("ADMIN/Edit Text/Bespoke/Admin Pages/Header_Footer/input_Upload_Upload1"), "*"): Keys '*' sent to object: 'Object Repository/ADMIN/Edit Text/Bespoke/Admin Pages/Header_Footer/input_Upload_Upload1'

2020-03-20 15:07:12 - [MESSAGE][PASSED] - Keys '*' sent to object: 'Object Repository/ADMIN/Edit Text/Bespoke/Admin Pages/Header_Footer/input_Upload_Upload1'

2020-03-20 15:07:12 - [TEST_STEP][PASSED] - sendKeys(findTestObject("ADMIN/Edit Text/Bespoke/Admin Pages/Header_Footer/input_Logout_Logout1"), "*"): Keys '*' sent to object: 'Object Repository/ADMIN/Edit Text/Bespoke/Admin Pages/Header_Footer/input_Logout_Logout1'

2020-03-20 15:07:12 - [MESSAGE][PASSED] - Keys '*' sent to object: 'Object Repository/ADMIN/Edit Text/Bespoke/Admin Pages/Header_Footer/input_Logout_Logout1'

2020-03-20 15:07:12 - [TEST_STEP][PASSED] - sendKeys(findTestObject("ADMIN/Edit Text/Bespoke/Admin Pages/Header_Footer/input_Orders_Orders1"), "*"): Keys '*' sent to object: 'Object Repository/ADMIN/Edit Text/Bespoke/Admin Pages/Header_Footer/input_Orders_Orders1'

2020-03-20 15:07:12 - [MESSAGE][PASSED] - Keys '*' sent to object: 'Object Repository/ADMIN/Edit Text/Bespoke/Admin Pages/Header_Footer/input_Orders_Orders1'

2020-03-20 15:07:12 - [TEST_STEP][PASSED] - sendKeys(findTestObject("ADMIN/Edit Text/Bespoke/Admin Pages/Header_Footer/input_Sales_Sales1"), "*"): Keys '*' sent to object: 'Object Repository/ADMIN/Edit Text/Bespoke/Admin Pages/Header_Footer/input_Sales_Sales1'

2020-03-20 15:07:12 - [MESSAGE][PASSED] - Keys '*' sent to object: 'Object Repository/ADMIN/Edit Text/Bespoke/Admin Pages/Header_Footer/input_Sales_Sales1'

2020-03-20 15:07:12 - [TEST_STEP][PASSED] - sendKeys(findTestObject("ADMIN/Edit Text/Bespoke/Admin Pages/Header_Footer/input_ABOUT US_ABOUT US"), "*"): Keys '*' sent to object: 'Object Repository/ADMIN/Edit Text/Bespoke/Admin Pages/Header_Footer/input_ABOUT US_ABOUT US'

2020-03-20 15:07:13 - [MESSAGE][PASSED] - Keys '*' sent to object: 'Object Repository/ADMIN/Edit Text/Bespoke/Admin Pages/Header_Footer/input_ABOUT US_ABOUT US'

2020-03-20 15:07:13 - [TEST_STEP][PASSED] - sendKeys(findTestObject("ADMIN/Edit Text/Bespoke/Admin Pages/Header_Footer/input_SERVICE TERMS_SERVICE TERMS"), "*"): Keys '*' sent to object: 'Object Repository/ADMIN/Edit Text/Bespoke/Admin Pages/Header_Footer/input_SERVICE TERMS_SERVICE TERMS'

2020-03-20 15:07:13 - [MESSAGE][PASSED] - Keys '*' sent to object: 'Object Repository/ADMIN/Edit Text/Bespoke/Admin Pages/Header_Footer/input_SERVICE TERMS_SERVICE TERMS'

2020-03-20 15:07:13 - [TEST_STEP][PASSED] - sendKeys(findTestObject("ADMIN/Edit Text/Bespoke/Admin Pages/Header_Footer/input_PRIVACY_PRIVACY"), "*"): Keys '*' sent to object: 'Object Repository/ADMIN/Edit Text/Bespoke/Admin Pages/Header_Footer/input_PRIVACY_PRIVACY'

2020-03-20 15:07:13 - [MESSAGE][PASSED] - Keys '*' sent to object: 'Object Repository/ADMIN/Edit Text/Bespoke/Admin Pages/Header_Footer/input_PRIVACY_PRIVACY'

2020-03-20 15:07:13 - [TEST_STEP][PASSED] - sendKeys(findTestObject("ADMIN/Edit Text/Bespoke/Admin Pages/Header_Footer/input_RETURNS_RETURNS"), "*"): Keys '*' sent to object: 'Object Repository/ADMIN/Edit Text/Bespoke/Admin Pages/Header_Footer/input_RETURNS_RETURNS'

2020-03-20 15:07:13 - [MESSAGE][PASSED] - Keys '*' sent to object: 'Object Repository/ADMIN/Edit Text/Bespoke/Admin Pages/Header_Footer/input_RETURNS_RETURNS'

2020-03-20 15:07:13 - [TEST_STEP][PASSED] - sendKeys(findTestObject("ADMIN/Edit Text/Bespoke/Admin Pages/Header_Footer/input_FAQ_FAQ"), "*"): Keys '*' sent to object: 'Object Repository/ADMIN/Edit Text/Bespoke/Admin Pages/Header_Footer/input_FAQ_FAQ'

2020-03-20 15:07:14 - [MESSAGE][PASSED] - Keys '*' sent to object: 'Object Repository/ADMIN/Edit Text/Bespoke/Admin Pages/Header_Footer/input_FAQ_FAQ'

2020-03-20 15:07:14 - [TEST_STEP][PASSED] - sendKeys(findTestObject("ADMIN/Edit Text/Bespoke/Admin Pages/Header_Footer/input_CONTACT_CONTACT"), "*"): Keys '*' sent to object: 'Object Repository/ADMIN/Edit Text/Bespoke/Admin Pages/Header_Footer/input_CONTACT_CONTACT'

2020-03-20 15:07:14 - [MESSAGE][PASSED] - Keys '*' sent to object: 'Object Repository/ADMIN/Edit Text/Bespoke/Admin Pages/Header_Footer/input_CONTACT_CONTACT'

2020-03-20 15:07:14 - [TEST_STEP][PASSED] - sendKeys(findTestObject("ADMIN/Edit Text/Bespoke/Admin Pages/Header_Footer/input_All rights reserved _foot_copyright"), "*"): Keys '*' sent to object: 'Object Repository/ADMIN/Edit Text/Bespoke/Admin Pages/Header_Footer/input_All rights reserved _foot_copyright'

2020-03-20 15:07:14 - [MESSAGE][PASSED] - Keys '*' sent to object: 'Object Repository/ADMIN/Edit Text/Bespoke/Admin Pages/Header_Footer/input_All rights reserved _foot_copyright'

2020-03-20 15:07:14 - [TEST_STEP][PASSED] - click(findTestObject("ADMIN/Edit Text/Bespoke/Buyer Pages/Homepage/button_save"), CONTINUE_ON_FAILURE): Object: 'Object Repository/ADMIN/Edit Text/Bespoke/Buyer Pages/Homepage/button_save' is clicked on

2020-03-20 15:07:14 - [MESSAGE][PASSED] - Object: 'Object Repository/ADMIN/Edit Text/Bespoke/Buyer Pages/Homepage/button_save' is clicked on

2020-03-20 15:07:14 - [TEST_STEP][PASSED] - waitForElementVisible(findTestObject("ADMIN/Edit Text/Bespoke/Buyer Pages/Homepage/toaster_success"), 0): Object 'Object Repository/ADMIN/Edit Text/Bespoke/Buyer Pages/Homepage/toaster_success' is visible

2020-03-20 15:07:14 - [MESSAGE][WARNING] - Timeout '0' is invalid. Using default page load timeout: '30'

2020-03-20 15:07:15 - [MESSAGE][PASSED] - Object 'Object Repository/ADMIN/Edit Text/Bespoke/Buyer Pages/Homepage/toaster_success' is visible]]></system-out>
         <system-err><![CDATA[]]></system-err>
      </testcase>
      <testcase name="Test Cases/ADMIN/Language/Edit Text/Bespoke/Admin Pages/Header_Footer" time="10.177" classname="Test Cases/ADMIN/Language/Edit Text/Bespoke/Admin Pages/Header_Footer" status="PASSED">
         <system-out><![CDATA[2020-03-20 15:07:15 - [TEST_CASE][PASSED] - Test Cases/ADMIN/Language/Edit Text/Bespoke/Admin Pages/Header_Footer: Test Cases/ADMIN/Language/Edit Text/Bespoke/Admin Pages/Header_Footer

2020-03-20 15:07:15 - [TEST_STEP][PASSED] - waitForElementVisible(findTestObject("ADMIN/Edit Text/Bespoke/Buyer Navigation/dd_language"), 0): Object 'Object Repository/ADMIN/Edit Text/Bespoke/Buyer Navigation/dd_language' is visible

2020-03-20 15:07:15 - [MESSAGE][WARNING] - Timeout '0' is invalid. Using default page load timeout: '30'

2020-03-20 15:07:15 - [MESSAGE][PASSED] - Object 'Object Repository/ADMIN/Edit Text/Bespoke/Buyer Navigation/dd_language' is visible

2020-03-20 15:07:15 - [TEST_STEP][PASSED] - selectOptionByLabel(findTestObject("ADMIN/Edit Text/Bespoke/Buyer Navigation/dd_language"), varLanguage, false): All options with label 'Italian' are selected in object 'Object Repository/ADMIN/Edit Text/Bespoke/Buyer Navigation/dd_language' 

2020-03-20 15:07:16 - [MESSAGE][PASSED] - All options with label 'Italian' are selected in object 'Object Repository/ADMIN/Edit Text/Bespoke/Buyer Navigation/dd_language' 

2020-03-20 15:07:16 - [TEST_STEP][PASSED] - sendKeys(findTestObject("ADMIN/Edit Text/Bespoke/Admin Pages/Header_Footer/input_Search_search"), "*"): Keys '*' sent to object: 'Object Repository/ADMIN/Edit Text/Bespoke/Admin Pages/Header_Footer/input_Search_search'

2020-03-20 15:07:17 - [MESSAGE][PASSED] - Keys '*' sent to object: 'Object Repository/ADMIN/Edit Text/Bespoke/Admin Pages/Header_Footer/input_Search_search'

2020-03-20 15:07:17 - [TEST_STEP][PASSED] - sendKeys(findTestObject("ADMIN/Edit Text/Bespoke/Admin Pages/Header_Footer/input_BE A SELLER_be_seller"), "*"): Keys '*' sent to object: 'Object Repository/ADMIN/Edit Text/Bespoke/Admin Pages/Header_Footer/input_BE A SELLER_be_seller'

2020-03-20 15:07:17 - [MESSAGE][PASSED] - Keys '*' sent to object: 'Object Repository/ADMIN/Edit Text/Bespoke/Admin Pages/Header_Footer/input_BE A SELLER_be_seller'

2020-03-20 15:07:17 - [TEST_STEP][PASSED] - sendKeys(findTestObject("ADMIN/Edit Text/Bespoke/Admin Pages/Header_Footer/input_MORE_more"), "*"): Keys '*' sent to object: 'Object Repository/ADMIN/Edit Text/Bespoke/Admin Pages/Header_Footer/input_MORE_more'

2020-03-20 15:07:18 - [MESSAGE][PASSED] - Keys '*' sent to object: 'Object Repository/ADMIN/Edit Text/Bespoke/Admin Pages/Header_Footer/input_MORE_more'

2020-03-20 15:07:18 - [TEST_STEP][PASSED] - sendKeys(findTestObject("ADMIN/Edit Text/Bespoke/Admin Pages/Header_Footer/input_VIEW CART_btn_next"), "*"): Keys '*' sent to object: 'Object Repository/ADMIN/Edit Text/Bespoke/Admin Pages/Header_Footer/input_VIEW CART_btn_next'

2020-03-20 15:07:18 - [MESSAGE][PASSED] - Keys '*' sent to object: 'Object Repository/ADMIN/Edit Text/Bespoke/Admin Pages/Header_Footer/input_VIEW CART_btn_next'

2020-03-20 15:07:18 - [TEST_STEP][PASSED] - sendKeys(findTestObject("ADMIN/Edit Text/Bespoke/Admin Pages/Header_Footer/input_REGISTER  SIGN IN_register_signin"), "*"): Keys '*' sent to object: 'Object Repository/ADMIN/Edit Text/Bespoke/Admin Pages/Header_Footer/input_REGISTER  SIGN IN_register_signin'

2020-03-20 15:07:18 - [MESSAGE][PASSED] - Keys '*' sent to object: 'Object Repository/ADMIN/Edit Text/Bespoke/Admin Pages/Header_Footer/input_REGISTER  SIGN IN_register_signin'

2020-03-20 15:07:18 - [TEST_STEP][PASSED] - sendKeys(findTestObject("ADMIN/Edit Text/Bespoke/Admin Pages/Header_Footer/input_SELLER_sell"), "*"): Keys '*' sent to object: 'Object Repository/ADMIN/Edit Text/Bespoke/Admin Pages/Header_Footer/input_SELLER_sell'

2020-03-20 15:07:18 - [MESSAGE][PASSED] - Keys '*' sent to object: 'Object Repository/ADMIN/Edit Text/Bespoke/Admin Pages/Header_Footer/input_SELLER_sell'

2020-03-20 15:07:18 - [TEST_STEP][PASSED] - sendKeys(findTestObject("ADMIN/Edit Text/Bespoke/Admin Pages/Header_Footer/input_PROFILE_profile"), "*"): Keys '*' sent to object: 'Object Repository/ADMIN/Edit Text/Bespoke/Admin Pages/Header_Footer/input_PROFILE_profile'

2020-03-20 15:07:19 - [MESSAGE][PASSED] - Keys '*' sent to object: 'Object Repository/ADMIN/Edit Text/Bespoke/Admin Pages/Header_Footer/input_PROFILE_profile'

2020-03-20 15:07:19 - [TEST_STEP][PASSED] - sendKeys(findTestObject("ADMIN/Edit Text/Bespoke/Admin Pages/Header_Footer/input_Dashboard_Dashboard"), "*"): Keys '*' sent to object: 'Object Repository/ADMIN/Edit Text/Bespoke/Admin Pages/Header_Footer/input_Dashboard_Dashboard'

2020-03-20 15:07:19 - [MESSAGE][PASSED] - Keys '*' sent to object: 'Object Repository/ADMIN/Edit Text/Bespoke/Admin Pages/Header_Footer/input_Dashboard_Dashboard'

2020-03-20 15:07:19 - [TEST_STEP][PASSED] - sendKeys(findTestObject("ADMIN/Edit Text/Bespoke/Admin Pages/Header_Footer/input_Purchases_Purchases"), "*"): Keys '*' sent to object: 'Object Repository/ADMIN/Edit Text/Bespoke/Admin Pages/Header_Footer/input_Purchases_Purchases'

2020-03-20 15:07:19 - [MESSAGE][PASSED] - Keys '*' sent to object: 'Object Repository/ADMIN/Edit Text/Bespoke/Admin Pages/Header_Footer/input_Purchases_Purchases'

2020-03-20 15:07:19 - [TEST_STEP][PASSED] - sendKeys(findTestObject("ADMIN/Edit Text/Bespoke/Admin Pages/Header_Footer/input_Your Items_Your Items"), "*"): Keys '*' sent to object: 'Object Repository/ADMIN/Edit Text/Bespoke/Admin Pages/Header_Footer/input_Your Items_Your Items'

2020-03-20 15:07:19 - [MESSAGE][PASSED] - Keys '*' sent to object: 'Object Repository/ADMIN/Edit Text/Bespoke/Admin Pages/Header_Footer/input_Your Items_Your Items'

2020-03-20 15:07:19 - [TEST_STEP][PASSED] - sendKeys(findTestObject("ADMIN/Edit Text/Bespoke/Admin Pages/Header_Footer/input_Settings_Settings"), "*"): Keys '*' sent to object: 'Object Repository/ADMIN/Edit Text/Bespoke/Admin Pages/Header_Footer/input_Settings_Settings'

2020-03-20 15:07:19 - [MESSAGE][PASSED] - Keys '*' sent to object: 'Object Repository/ADMIN/Edit Text/Bespoke/Admin Pages/Header_Footer/input_Settings_Settings'

2020-03-20 15:07:19 - [TEST_STEP][PASSED] - sendKeys(findTestObject("ADMIN/Edit Text/Bespoke/Admin Pages/Header_Footer/input_Upload_Upload"), "*"): Keys '*' sent to object: 'Object Repository/ADMIN/Edit Text/Bespoke/Admin Pages/Header_Footer/input_Upload_Upload'

2020-03-20 15:07:19 - [MESSAGE][PASSED] - Keys '*' sent to object: 'Object Repository/ADMIN/Edit Text/Bespoke/Admin Pages/Header_Footer/input_Upload_Upload'

2020-03-20 15:07:19 - [TEST_STEP][PASSED] - sendKeys(findTestObject("ADMIN/Edit Text/Bespoke/Admin Pages/Header_Footer/input_Logout_Logout"), "*"): Keys '*' sent to object: 'Object Repository/ADMIN/Edit Text/Bespoke/Admin Pages/Header_Footer/input_Logout_Logout'

2020-03-20 15:07:20 - [MESSAGE][PASSED] - Keys '*' sent to object: 'Object Repository/ADMIN/Edit Text/Bespoke/Admin Pages/Header_Footer/input_Logout_Logout'

2020-03-20 15:07:20 - [TEST_STEP][PASSED] - sendKeys(findTestObject("ADMIN/Edit Text/Bespoke/Admin Pages/Header_Footer/input_Orders_Orders"), "*"): Keys '*' sent to object: 'Object Repository/ADMIN/Edit Text/Bespoke/Admin Pages/Header_Footer/input_Orders_Orders'

2020-03-20 15:07:20 - [MESSAGE][PASSED] - Keys '*' sent to object: 'Object Repository/ADMIN/Edit Text/Bespoke/Admin Pages/Header_Footer/input_Orders_Orders'

2020-03-20 15:07:20 - [TEST_STEP][PASSED] - sendKeys(findTestObject("ADMIN/Edit Text/Bespoke/Admin Pages/Header_Footer/input_Sub-accounts_Sub-accounts"), "*"): Keys '*' sent to object: 'Object Repository/ADMIN/Edit Text/Bespoke/Admin Pages/Header_Footer/input_Sub-accounts_Sub-accounts'

2020-03-20 15:07:20 - [MESSAGE][PASSED] - Keys '*' sent to object: 'Object Repository/ADMIN/Edit Text/Bespoke/Admin Pages/Header_Footer/input_Sub-accounts_Sub-accounts'

2020-03-20 15:07:20 - [TEST_STEP][PASSED] - sendKeys(findTestObject("ADMIN/Edit Text/Bespoke/Admin Pages/Header_Footer/input_Sales_Sales"), "*"): Keys '*' sent to object: 'Object Repository/ADMIN/Edit Text/Bespoke/Admin Pages/Header_Footer/input_Sales_Sales'

2020-03-20 15:07:20 - [MESSAGE][PASSED] - Keys '*' sent to object: 'Object Repository/ADMIN/Edit Text/Bespoke/Admin Pages/Header_Footer/input_Sales_Sales'

2020-03-20 15:07:20 - [TEST_STEP][PASSED] - sendKeys(findTestObject("ADMIN/Edit Text/Bespoke/Admin Pages/Header_Footer/input_Browse_Browse"), "*"): Keys '*' sent to object: 'Object Repository/ADMIN/Edit Text/Bespoke/Admin Pages/Header_Footer/input_Browse_Browse'

2020-03-20 15:07:20 - [MESSAGE][PASSED] - Keys '*' sent to object: 'Object Repository/ADMIN/Edit Text/Bespoke/Admin Pages/Header_Footer/input_Browse_Browse'

2020-03-20 15:07:20 - [TEST_STEP][PASSED] - sendKeys(findTestObject("ADMIN/Edit Text/Bespoke/Admin Pages/Header_Footer/input_SELLER_sell1"), "*"): Keys '*' sent to object: 'Object Repository/ADMIN/Edit Text/Bespoke/Admin Pages/Header_Footer/input_SELLER_sell1'

2020-03-20 15:07:21 - [MESSAGE][PASSED] - Keys '*' sent to object: 'Object Repository/ADMIN/Edit Text/Bespoke/Admin Pages/Header_Footer/input_SELLER_sell1'

2020-03-20 15:07:21 - [TEST_STEP][PASSED] - sendKeys(findTestObject("ADMIN/Edit Text/Bespoke/Admin Pages/Header_Footer/input_PROFILE_profile1"), "*"): Keys '*' sent to object: 'Object Repository/ADMIN/Edit Text/Bespoke/Admin Pages/Header_Footer/input_PROFILE_profile1'

2020-03-20 15:07:21 - [MESSAGE][PASSED] - Keys '*' sent to object: 'Object Repository/ADMIN/Edit Text/Bespoke/Admin Pages/Header_Footer/input_PROFILE_profile1'

2020-03-20 15:07:21 - [TEST_STEP][PASSED] - sendKeys(findTestObject("ADMIN/Edit Text/Bespoke/Admin Pages/Header_Footer/input_Dashboard_Dashboard1"), "*"): Keys '*' sent to object: 'Object Repository/ADMIN/Edit Text/Bespoke/Admin Pages/Header_Footer/input_Dashboard_Dashboard1'

2020-03-20 15:07:21 - [MESSAGE][PASSED] - Keys '*' sent to object: 'Object Repository/ADMIN/Edit Text/Bespoke/Admin Pages/Header_Footer/input_Dashboard_Dashboard1'

2020-03-20 15:07:21 - [TEST_STEP][PASSED] - sendKeys(findTestObject("ADMIN/Edit Text/Bespoke/Admin Pages/Header_Footer/input_Purchases_Purchases1"), "*"): Keys '*' sent to object: 'Object Repository/ADMIN/Edit Text/Bespoke/Admin Pages/Header_Footer/input_Purchases_Purchases1'

2020-03-20 15:07:21 - [MESSAGE][PASSED] - Keys '*' sent to object: 'Object Repository/ADMIN/Edit Text/Bespoke/Admin Pages/Header_Footer/input_Purchases_Purchases1'

2020-03-20 15:07:21 - [TEST_STEP][PASSED] - sendKeys(findTestObject("ADMIN/Edit Text/Bespoke/Admin Pages/Header_Footer/input_Your Items_Your Items1"), "*"): Keys '*' sent to object: 'Object Repository/ADMIN/Edit Text/Bespoke/Admin Pages/Header_Footer/input_Your Items_Your Items1'

2020-03-20 15:07:21 - [MESSAGE][PASSED] - Keys '*' sent to object: 'Object Repository/ADMIN/Edit Text/Bespoke/Admin Pages/Header_Footer/input_Your Items_Your Items1'

2020-03-20 15:07:21 - [TEST_STEP][PASSED] - sendKeys(findTestObject("ADMIN/Edit Text/Bespoke/Admin Pages/Header_Footer/input_Settings_Settings1"), "*"): Keys '*' sent to object: 'Object Repository/ADMIN/Edit Text/Bespoke/Admin Pages/Header_Footer/input_Settings_Settings1'

2020-03-20 15:07:22 - [MESSAGE][PASSED] - Keys '*' sent to object: 'Object Repository/ADMIN/Edit Text/Bespoke/Admin Pages/Header_Footer/input_Settings_Settings1'

2020-03-20 15:07:22 - [TEST_STEP][PASSED] - sendKeys(findTestObject("ADMIN/Edit Text/Bespoke/Admin Pages/Header_Footer/input_Upload_Upload1"), "*"): Keys '*' sent to object: 'Object Repository/ADMIN/Edit Text/Bespoke/Admin Pages/Header_Footer/input_Upload_Upload1'

2020-03-20 15:07:22 - [MESSAGE][PASSED] - Keys '*' sent to object: 'Object Repository/ADMIN/Edit Text/Bespoke/Admin Pages/Header_Footer/input_Upload_Upload1'

2020-03-20 15:07:22 - [TEST_STEP][PASSED] - sendKeys(findTestObject("ADMIN/Edit Text/Bespoke/Admin Pages/Header_Footer/input_Logout_Logout1"), "*"): Keys '*' sent to object: 'Object Repository/ADMIN/Edit Text/Bespoke/Admin Pages/Header_Footer/input_Logout_Logout1'

2020-03-20 15:07:22 - [MESSAGE][PASSED] - Keys '*' sent to object: 'Object Repository/ADMIN/Edit Text/Bespoke/Admin Pages/Header_Footer/input_Logout_Logout1'

2020-03-20 15:07:22 - [TEST_STEP][PASSED] - sendKeys(findTestObject("ADMIN/Edit Text/Bespoke/Admin Pages/Header_Footer/input_Orders_Orders1"), "*"): Keys '*' sent to object: 'Object Repository/ADMIN/Edit Text/Bespoke/Admin Pages/Header_Footer/input_Orders_Orders1'

2020-03-20 15:07:22 - [MESSAGE][PASSED] - Keys '*' sent to object: 'Object Repository/ADMIN/Edit Text/Bespoke/Admin Pages/Header_Footer/input_Orders_Orders1'

2020-03-20 15:07:22 - [TEST_STEP][PASSED] - sendKeys(findTestObject("ADMIN/Edit Text/Bespoke/Admin Pages/Header_Footer/input_Sales_Sales1"), "*"): Keys '*' sent to object: 'Object Repository/ADMIN/Edit Text/Bespoke/Admin Pages/Header_Footer/input_Sales_Sales1'

2020-03-20 15:07:22 - [MESSAGE][PASSED] - Keys '*' sent to object: 'Object Repository/ADMIN/Edit Text/Bespoke/Admin Pages/Header_Footer/input_Sales_Sales1'

2020-03-20 15:07:22 - [TEST_STEP][PASSED] - sendKeys(findTestObject("ADMIN/Edit Text/Bespoke/Admin Pages/Header_Footer/input_ABOUT US_ABOUT US"), "*"): Keys '*' sent to object: 'Object Repository/ADMIN/Edit Text/Bespoke/Admin Pages/Header_Footer/input_ABOUT US_ABOUT US'

2020-03-20 15:07:23 - [MESSAGE][PASSED] - Keys '*' sent to object: 'Object Repository/ADMIN/Edit Text/Bespoke/Admin Pages/Header_Footer/input_ABOUT US_ABOUT US'

2020-03-20 15:07:23 - [TEST_STEP][PASSED] - sendKeys(findTestObject("ADMIN/Edit Text/Bespoke/Admin Pages/Header_Footer/input_SERVICE TERMS_SERVICE TERMS"), "*"): Keys '*' sent to object: 'Object Repository/ADMIN/Edit Text/Bespoke/Admin Pages/Header_Footer/input_SERVICE TERMS_SERVICE TERMS'

2020-03-20 15:07:23 - [MESSAGE][PASSED] - Keys '*' sent to object: 'Object Repository/ADMIN/Edit Text/Bespoke/Admin Pages/Header_Footer/input_SERVICE TERMS_SERVICE TERMS'

2020-03-20 15:07:23 - [TEST_STEP][PASSED] - sendKeys(findTestObject("ADMIN/Edit Text/Bespoke/Admin Pages/Header_Footer/input_PRIVACY_PRIVACY"), "*"): Keys '*' sent to object: 'Object Repository/ADMIN/Edit Text/Bespoke/Admin Pages/Header_Footer/input_PRIVACY_PRIVACY'

2020-03-20 15:07:23 - [MESSAGE][PASSED] - Keys '*' sent to object: 'Object Repository/ADMIN/Edit Text/Bespoke/Admin Pages/Header_Footer/input_PRIVACY_PRIVACY'

2020-03-20 15:07:23 - [TEST_STEP][PASSED] - sendKeys(findTestObject("ADMIN/Edit Text/Bespoke/Admin Pages/Header_Footer/input_RETURNS_RETURNS"), "*"): Keys '*' sent to object: 'Object Repository/ADMIN/Edit Text/Bespoke/Admin Pages/Header_Footer/input_RETURNS_RETURNS'

2020-03-20 15:07:23 - [MESSAGE][PASSED] - Keys '*' sent to object: 'Object Repository/ADMIN/Edit Text/Bespoke/Admin Pages/Header_Footer/input_RETURNS_RETURNS'

2020-03-20 15:07:23 - [TEST_STEP][PASSED] - sendKeys(findTestObject("ADMIN/Edit Text/Bespoke/Admin Pages/Header_Footer/input_FAQ_FAQ"), "*"): Keys '*' sent to object: 'Object Repository/ADMIN/Edit Text/Bespoke/Admin Pages/Header_Footer/input_FAQ_FAQ'

2020-03-20 15:07:23 - [MESSAGE][PASSED] - Keys '*' sent to object: 'Object Repository/ADMIN/Edit Text/Bespoke/Admin Pages/Header_Footer/input_FAQ_FAQ'

2020-03-20 15:07:23 - [TEST_STEP][PASSED] - sendKeys(findTestObject("ADMIN/Edit Text/Bespoke/Admin Pages/Header_Footer/input_CONTACT_CONTACT"), "*"): Keys '*' sent to object: 'Object Repository/ADMIN/Edit Text/Bespoke/Admin Pages/Header_Footer/input_CONTACT_CONTACT'

2020-03-20 15:07:24 - [MESSAGE][PASSED] - Keys '*' sent to object: 'Object Repository/ADMIN/Edit Text/Bespoke/Admin Pages/Header_Footer/input_CONTACT_CONTACT'

2020-03-20 15:07:24 - [TEST_STEP][PASSED] - sendKeys(findTestObject("ADMIN/Edit Text/Bespoke/Admin Pages/Header_Footer/input_All rights reserved _foot_copyright"), "*"): Keys '*' sent to object: 'Object Repository/ADMIN/Edit Text/Bespoke/Admin Pages/Header_Footer/input_All rights reserved _foot_copyright'

2020-03-20 15:07:24 - [MESSAGE][PASSED] - Keys '*' sent to object: 'Object Repository/ADMIN/Edit Text/Bespoke/Admin Pages/Header_Footer/input_All rights reserved _foot_copyright'

2020-03-20 15:07:24 - [TEST_STEP][PASSED] - click(findTestObject("ADMIN/Edit Text/Bespoke/Buyer Pages/Homepage/button_save"), CONTINUE_ON_FAILURE): Object: 'Object Repository/ADMIN/Edit Text/Bespoke/Buyer Pages/Homepage/button_save' is clicked on

2020-03-20 15:07:24 - [MESSAGE][PASSED] - Object: 'Object Repository/ADMIN/Edit Text/Bespoke/Buyer Pages/Homepage/button_save' is clicked on

2020-03-20 15:07:24 - [TEST_STEP][PASSED] - waitForElementVisible(findTestObject("ADMIN/Edit Text/Bespoke/Buyer Pages/Homepage/toaster_success"), 0): Object 'Object Repository/ADMIN/Edit Text/Bespoke/Buyer Pages/Homepage/toaster_success' is visible

2020-03-20 15:07:24 - [MESSAGE][WARNING] - Timeout '0' is invalid. Using default page load timeout: '30'

2020-03-20 15:07:25 - [MESSAGE][PASSED] - Object 'Object Repository/ADMIN/Edit Text/Bespoke/Buyer Pages/Homepage/toaster_success' is visible]]></system-out>
         <system-err><![CDATA[]]></system-err>
      </testcase>
      <testcase name="Test Cases/ADMIN/Language/Edit Text/Bespoke/Admin Pages/Header_Footer" time="11.103" classname="Test Cases/ADMIN/Language/Edit Text/Bespoke/Admin Pages/Header_Footer" status="PASSED">
         <system-out><![CDATA[2020-03-20 15:07:25 - [TEST_CASE][PASSED] - Test Cases/ADMIN/Language/Edit Text/Bespoke/Admin Pages/Header_Footer: Test Cases/ADMIN/Language/Edit Text/Bespoke/Admin Pages/Header_Footer

2020-03-20 15:07:25 - [TEST_STEP][PASSED] - waitForElementVisible(findTestObject("ADMIN/Edit Text/Bespoke/Buyer Navigation/dd_language"), 0): Object 'Object Repository/ADMIN/Edit Text/Bespoke/Buyer Navigation/dd_language' is visible

2020-03-20 15:07:25 - [MESSAGE][WARNING] - Timeout '0' is invalid. Using default page load timeout: '30'

2020-03-20 15:07:25 - [MESSAGE][PASSED] - Object 'Object Repository/ADMIN/Edit Text/Bespoke/Buyer Navigation/dd_language' is visible

2020-03-20 15:07:25 - [TEST_STEP][PASSED] - selectOptionByLabel(findTestObject("ADMIN/Edit Text/Bespoke/Buyer Navigation/dd_language"), varLanguage, false): All options with label 'Arabic' are selected in object 'Object Repository/ADMIN/Edit Text/Bespoke/Buyer Navigation/dd_language' 

2020-03-20 15:07:26 - [MESSAGE][PASSED] - All options with label 'Arabic' are selected in object 'Object Repository/ADMIN/Edit Text/Bespoke/Buyer Navigation/dd_language' 

2020-03-20 15:07:26 - [TEST_STEP][PASSED] - sendKeys(findTestObject("ADMIN/Edit Text/Bespoke/Admin Pages/Header_Footer/input_Search_search"), "*"): Keys '*' sent to object: 'Object Repository/ADMIN/Edit Text/Bespoke/Admin Pages/Header_Footer/input_Search_search'

2020-03-20 15:07:27 - [MESSAGE][PASSED] - Keys '*' sent to object: 'Object Repository/ADMIN/Edit Text/Bespoke/Admin Pages/Header_Footer/input_Search_search'

2020-03-20 15:07:27 - [TEST_STEP][PASSED] - sendKeys(findTestObject("ADMIN/Edit Text/Bespoke/Admin Pages/Header_Footer/input_BE A SELLER_be_seller"), "*"): Keys '*' sent to object: 'Object Repository/ADMIN/Edit Text/Bespoke/Admin Pages/Header_Footer/input_BE A SELLER_be_seller'

2020-03-20 15:07:27 - [MESSAGE][PASSED] - Keys '*' sent to object: 'Object Repository/ADMIN/Edit Text/Bespoke/Admin Pages/Header_Footer/input_BE A SELLER_be_seller'

2020-03-20 15:07:27 - [TEST_STEP][PASSED] - sendKeys(findTestObject("ADMIN/Edit Text/Bespoke/Admin Pages/Header_Footer/input_MORE_more"), "*"): Keys '*' sent to object: 'Object Repository/ADMIN/Edit Text/Bespoke/Admin Pages/Header_Footer/input_MORE_more'

2020-03-20 15:07:27 - [MESSAGE][PASSED] - Keys '*' sent to object: 'Object Repository/ADMIN/Edit Text/Bespoke/Admin Pages/Header_Footer/input_MORE_more'

2020-03-20 15:07:27 - [TEST_STEP][PASSED] - sendKeys(findTestObject("ADMIN/Edit Text/Bespoke/Admin Pages/Header_Footer/input_VIEW CART_btn_next"), "*"): Keys '*' sent to object: 'Object Repository/ADMIN/Edit Text/Bespoke/Admin Pages/Header_Footer/input_VIEW CART_btn_next'

2020-03-20 15:07:27 - [MESSAGE][PASSED] - Keys '*' sent to object: 'Object Repository/ADMIN/Edit Text/Bespoke/Admin Pages/Header_Footer/input_VIEW CART_btn_next'

2020-03-20 15:07:27 - [TEST_STEP][PASSED] - sendKeys(findTestObject("ADMIN/Edit Text/Bespoke/Admin Pages/Header_Footer/input_REGISTER  SIGN IN_register_signin"), "*"): Keys '*' sent to object: 'Object Repository/ADMIN/Edit Text/Bespoke/Admin Pages/Header_Footer/input_REGISTER  SIGN IN_register_signin'

2020-03-20 15:07:28 - [MESSAGE][PASSED] - Keys '*' sent to object: 'Object Repository/ADMIN/Edit Text/Bespoke/Admin Pages/Header_Footer/input_REGISTER  SIGN IN_register_signin'

2020-03-20 15:07:28 - [TEST_STEP][PASSED] - sendKeys(findTestObject("ADMIN/Edit Text/Bespoke/Admin Pages/Header_Footer/input_SELLER_sell"), "*"): Keys '*' sent to object: 'Object Repository/ADMIN/Edit Text/Bespoke/Admin Pages/Header_Footer/input_SELLER_sell'

2020-03-20 15:07:28 - [MESSAGE][PASSED] - Keys '*' sent to object: 'Object Repository/ADMIN/Edit Text/Bespoke/Admin Pages/Header_Footer/input_SELLER_sell'

2020-03-20 15:07:28 - [TEST_STEP][PASSED] - sendKeys(findTestObject("ADMIN/Edit Text/Bespoke/Admin Pages/Header_Footer/input_PROFILE_profile"), "*"): Keys '*' sent to object: 'Object Repository/ADMIN/Edit Text/Bespoke/Admin Pages/Header_Footer/input_PROFILE_profile'

2020-03-20 15:07:28 - [MESSAGE][PASSED] - Keys '*' sent to object: 'Object Repository/ADMIN/Edit Text/Bespoke/Admin Pages/Header_Footer/input_PROFILE_profile'

2020-03-20 15:07:28 - [TEST_STEP][PASSED] - sendKeys(findTestObject("ADMIN/Edit Text/Bespoke/Admin Pages/Header_Footer/input_Dashboard_Dashboard"), "*"): Keys '*' sent to object: 'Object Repository/ADMIN/Edit Text/Bespoke/Admin Pages/Header_Footer/input_Dashboard_Dashboard'

2020-03-20 15:07:28 - [MESSAGE][PASSED] - Keys '*' sent to object: 'Object Repository/ADMIN/Edit Text/Bespoke/Admin Pages/Header_Footer/input_Dashboard_Dashboard'

2020-03-20 15:07:28 - [TEST_STEP][PASSED] - sendKeys(findTestObject("ADMIN/Edit Text/Bespoke/Admin Pages/Header_Footer/input_Purchases_Purchases"), "*"): Keys '*' sent to object: 'Object Repository/ADMIN/Edit Text/Bespoke/Admin Pages/Header_Footer/input_Purchases_Purchases'

2020-03-20 15:07:28 - [MESSAGE][PASSED] - Keys '*' sent to object: 'Object Repository/ADMIN/Edit Text/Bespoke/Admin Pages/Header_Footer/input_Purchases_Purchases'

2020-03-20 15:07:28 - [TEST_STEP][PASSED] - sendKeys(findTestObject("ADMIN/Edit Text/Bespoke/Admin Pages/Header_Footer/input_Your Items_Your Items"), "*"): Keys '*' sent to object: 'Object Repository/ADMIN/Edit Text/Bespoke/Admin Pages/Header_Footer/input_Your Items_Your Items'

2020-03-20 15:07:29 - [MESSAGE][PASSED] - Keys '*' sent to object: 'Object Repository/ADMIN/Edit Text/Bespoke/Admin Pages/Header_Footer/input_Your Items_Your Items'

2020-03-20 15:07:29 - [TEST_STEP][PASSED] - sendKeys(findTestObject("ADMIN/Edit Text/Bespoke/Admin Pages/Header_Footer/input_Settings_Settings"), "*"): Keys '*' sent to object: 'Object Repository/ADMIN/Edit Text/Bespoke/Admin Pages/Header_Footer/input_Settings_Settings'

2020-03-20 15:07:29 - [MESSAGE][PASSED] - Keys '*' sent to object: 'Object Repository/ADMIN/Edit Text/Bespoke/Admin Pages/Header_Footer/input_Settings_Settings'

2020-03-20 15:07:29 - [TEST_STEP][PASSED] - sendKeys(findTestObject("ADMIN/Edit Text/Bespoke/Admin Pages/Header_Footer/input_Upload_Upload"), "*"): Keys '*' sent to object: 'Object Repository/ADMIN/Edit Text/Bespoke/Admin Pages/Header_Footer/input_Upload_Upload'

2020-03-20 15:07:29 - [MESSAGE][PASSED] - Keys '*' sent to object: 'Object Repository/ADMIN/Edit Text/Bespoke/Admin Pages/Header_Footer/input_Upload_Upload'

2020-03-20 15:07:29 - [TEST_STEP][PASSED] - sendKeys(findTestObject("ADMIN/Edit Text/Bespoke/Admin Pages/Header_Footer/input_Logout_Logout"), "*"): Keys '*' sent to object: 'Object Repository/ADMIN/Edit Text/Bespoke/Admin Pages/Header_Footer/input_Logout_Logout'

2020-03-20 15:07:29 - [MESSAGE][PASSED] - Keys '*' sent to object: 'Object Repository/ADMIN/Edit Text/Bespoke/Admin Pages/Header_Footer/input_Logout_Logout'

2020-03-20 15:07:29 - [TEST_STEP][PASSED] - sendKeys(findTestObject("ADMIN/Edit Text/Bespoke/Admin Pages/Header_Footer/input_Orders_Orders"), "*"): Keys '*' sent to object: 'Object Repository/ADMIN/Edit Text/Bespoke/Admin Pages/Header_Footer/input_Orders_Orders'

2020-03-20 15:07:30 - [MESSAGE][PASSED] - Keys '*' sent to object: 'Object Repository/ADMIN/Edit Text/Bespoke/Admin Pages/Header_Footer/input_Orders_Orders'

2020-03-20 15:07:30 - [TEST_STEP][PASSED] - sendKeys(findTestObject("ADMIN/Edit Text/Bespoke/Admin Pages/Header_Footer/input_Sub-accounts_Sub-accounts"), "*"): Keys '*' sent to object: 'Object Repository/ADMIN/Edit Text/Bespoke/Admin Pages/Header_Footer/input_Sub-accounts_Sub-accounts'

2020-03-20 15:07:30 - [MESSAGE][PASSED] - Keys '*' sent to object: 'Object Repository/ADMIN/Edit Text/Bespoke/Admin Pages/Header_Footer/input_Sub-accounts_Sub-accounts'

2020-03-20 15:07:30 - [TEST_STEP][PASSED] - sendKeys(findTestObject("ADMIN/Edit Text/Bespoke/Admin Pages/Header_Footer/input_Sales_Sales"), "*"): Keys '*' sent to object: 'Object Repository/ADMIN/Edit Text/Bespoke/Admin Pages/Header_Footer/input_Sales_Sales'

2020-03-20 15:07:30 - [MESSAGE][PASSED] - Keys '*' sent to object: 'Object Repository/ADMIN/Edit Text/Bespoke/Admin Pages/Header_Footer/input_Sales_Sales'

2020-03-20 15:07:30 - [TEST_STEP][PASSED] - sendKeys(findTestObject("ADMIN/Edit Text/Bespoke/Admin Pages/Header_Footer/input_Browse_Browse"), "*"): Keys '*' sent to object: 'Object Repository/ADMIN/Edit Text/Bespoke/Admin Pages/Header_Footer/input_Browse_Browse'

2020-03-20 15:07:30 - [MESSAGE][PASSED] - Keys '*' sent to object: 'Object Repository/ADMIN/Edit Text/Bespoke/Admin Pages/Header_Footer/input_Browse_Browse'

2020-03-20 15:07:30 - [TEST_STEP][PASSED] - sendKeys(findTestObject("ADMIN/Edit Text/Bespoke/Admin Pages/Header_Footer/input_SELLER_sell1"), "*"): Keys '*' sent to object: 'Object Repository/ADMIN/Edit Text/Bespoke/Admin Pages/Header_Footer/input_SELLER_sell1'

2020-03-20 15:07:31 - [MESSAGE][PASSED] - Keys '*' sent to object: 'Object Repository/ADMIN/Edit Text/Bespoke/Admin Pages/Header_Footer/input_SELLER_sell1'

2020-03-20 15:07:31 - [TEST_STEP][PASSED] - sendKeys(findTestObject("ADMIN/Edit Text/Bespoke/Admin Pages/Header_Footer/input_PROFILE_profile1"), "*"): Keys '*' sent to object: 'Object Repository/ADMIN/Edit Text/Bespoke/Admin Pages/Header_Footer/input_PROFILE_profile1'

2020-03-20 15:07:31 - [MESSAGE][PASSED] - Keys '*' sent to object: 'Object Repository/ADMIN/Edit Text/Bespoke/Admin Pages/Header_Footer/input_PROFILE_profile1'

2020-03-20 15:07:31 - [TEST_STEP][PASSED] - sendKeys(findTestObject("ADMIN/Edit Text/Bespoke/Admin Pages/Header_Footer/input_Dashboard_Dashboard1"), "*"): Keys '*' sent to object: 'Object Repository/ADMIN/Edit Text/Bespoke/Admin Pages/Header_Footer/input_Dashboard_Dashboard1'

2020-03-20 15:07:31 - [MESSAGE][PASSED] - Keys '*' sent to object: 'Object Repository/ADMIN/Edit Text/Bespoke/Admin Pages/Header_Footer/input_Dashboard_Dashboard1'

2020-03-20 15:07:31 - [TEST_STEP][PASSED] - sendKeys(findTestObject("ADMIN/Edit Text/Bespoke/Admin Pages/Header_Footer/input_Purchases_Purchases1"), "*"): Keys '*' sent to object: 'Object Repository/ADMIN/Edit Text/Bespoke/Admin Pages/Header_Footer/input_Purchases_Purchases1'

2020-03-20 15:07:31 - [MESSAGE][PASSED] - Keys '*' sent to object: 'Object Repository/ADMIN/Edit Text/Bespoke/Admin Pages/Header_Footer/input_Purchases_Purchases1'

2020-03-20 15:07:31 - [TEST_STEP][PASSED] - sendKeys(findTestObject("ADMIN/Edit Text/Bespoke/Admin Pages/Header_Footer/input_Your Items_Your Items1"), "*"): Keys '*' sent to object: 'Object Repository/ADMIN/Edit Text/Bespoke/Admin Pages/Header_Footer/input_Your Items_Your Items1'

2020-03-20 15:07:32 - [MESSAGE][PASSED] - Keys '*' sent to object: 'Object Repository/ADMIN/Edit Text/Bespoke/Admin Pages/Header_Footer/input_Your Items_Your Items1'

2020-03-20 15:07:32 - [TEST_STEP][PASSED] - sendKeys(findTestObject("ADMIN/Edit Text/Bespoke/Admin Pages/Header_Footer/input_Settings_Settings1"), "*"): Keys '*' sent to object: 'Object Repository/ADMIN/Edit Text/Bespoke/Admin Pages/Header_Footer/input_Settings_Settings1'

2020-03-20 15:07:32 - [MESSAGE][PASSED] - Keys '*' sent to object: 'Object Repository/ADMIN/Edit Text/Bespoke/Admin Pages/Header_Footer/input_Settings_Settings1'

2020-03-20 15:07:32 - [TEST_STEP][PASSED] - sendKeys(findTestObject("ADMIN/Edit Text/Bespoke/Admin Pages/Header_Footer/input_Upload_Upload1"), "*"): Keys '*' sent to object: 'Object Repository/ADMIN/Edit Text/Bespoke/Admin Pages/Header_Footer/input_Upload_Upload1'

2020-03-20 15:07:32 - [MESSAGE][PASSED] - Keys '*' sent to object: 'Object Repository/ADMIN/Edit Text/Bespoke/Admin Pages/Header_Footer/input_Upload_Upload1'

2020-03-20 15:07:32 - [TEST_STEP][PASSED] - sendKeys(findTestObject("ADMIN/Edit Text/Bespoke/Admin Pages/Header_Footer/input_Logout_Logout1"), "*"): Keys '*' sent to object: 'Object Repository/ADMIN/Edit Text/Bespoke/Admin Pages/Header_Footer/input_Logout_Logout1'

2020-03-20 15:07:32 - [MESSAGE][PASSED] - Keys '*' sent to object: 'Object Repository/ADMIN/Edit Text/Bespoke/Admin Pages/Header_Footer/input_Logout_Logout1'

2020-03-20 15:07:32 - [TEST_STEP][PASSED] - sendKeys(findTestObject("ADMIN/Edit Text/Bespoke/Admin Pages/Header_Footer/input_Orders_Orders1"), "*"): Keys '*' sent to object: 'Object Repository/ADMIN/Edit Text/Bespoke/Admin Pages/Header_Footer/input_Orders_Orders1'

2020-03-20 15:07:32 - [MESSAGE][PASSED] - Keys '*' sent to object: 'Object Repository/ADMIN/Edit Text/Bespoke/Admin Pages/Header_Footer/input_Orders_Orders1'

2020-03-20 15:07:32 - [TEST_STEP][PASSED] - sendKeys(findTestObject("ADMIN/Edit Text/Bespoke/Admin Pages/Header_Footer/input_Sales_Sales1"), "*"): Keys '*' sent to object: 'Object Repository/ADMIN/Edit Text/Bespoke/Admin Pages/Header_Footer/input_Sales_Sales1'

2020-03-20 15:07:33 - [MESSAGE][PASSED] - Keys '*' sent to object: 'Object Repository/ADMIN/Edit Text/Bespoke/Admin Pages/Header_Footer/input_Sales_Sales1'

2020-03-20 15:07:33 - [TEST_STEP][PASSED] - sendKeys(findTestObject("ADMIN/Edit Text/Bespoke/Admin Pages/Header_Footer/input_ABOUT US_ABOUT US"), "*"): Keys '*' sent to object: 'Object Repository/ADMIN/Edit Text/Bespoke/Admin Pages/Header_Footer/input_ABOUT US_ABOUT US'

2020-03-20 15:07:33 - [MESSAGE][PASSED] - Keys '*' sent to object: 'Object Repository/ADMIN/Edit Text/Bespoke/Admin Pages/Header_Footer/input_ABOUT US_ABOUT US'

2020-03-20 15:07:33 - [TEST_STEP][PASSED] - sendKeys(findTestObject("ADMIN/Edit Text/Bespoke/Admin Pages/Header_Footer/input_SERVICE TERMS_SERVICE TERMS"), "*"): Keys '*' sent to object: 'Object Repository/ADMIN/Edit Text/Bespoke/Admin Pages/Header_Footer/input_SERVICE TERMS_SERVICE TERMS'

2020-03-20 15:07:33 - [MESSAGE][PASSED] - Keys '*' sent to object: 'Object Repository/ADMIN/Edit Text/Bespoke/Admin Pages/Header_Footer/input_SERVICE TERMS_SERVICE TERMS'

2020-03-20 15:07:33 - [TEST_STEP][PASSED] - sendKeys(findTestObject("ADMIN/Edit Text/Bespoke/Admin Pages/Header_Footer/input_PRIVACY_PRIVACY"), "*"): Keys '*' sent to object: 'Object Repository/ADMIN/Edit Text/Bespoke/Admin Pages/Header_Footer/input_PRIVACY_PRIVACY'

2020-03-20 15:07:33 - [MESSAGE][PASSED] - Keys '*' sent to object: 'Object Repository/ADMIN/Edit Text/Bespoke/Admin Pages/Header_Footer/input_PRIVACY_PRIVACY'

2020-03-20 15:07:33 - [TEST_STEP][PASSED] - sendKeys(findTestObject("ADMIN/Edit Text/Bespoke/Admin Pages/Header_Footer/input_RETURNS_RETURNS"), "*"): Keys '*' sent to object: 'Object Repository/ADMIN/Edit Text/Bespoke/Admin Pages/Header_Footer/input_RETURNS_RETURNS'

2020-03-20 15:07:33 - [MESSAGE][PASSED] - Keys '*' sent to object: 'Object Repository/ADMIN/Edit Text/Bespoke/Admin Pages/Header_Footer/input_RETURNS_RETURNS'

2020-03-20 15:07:33 - [TEST_STEP][PASSED] - sendKeys(findTestObject("ADMIN/Edit Text/Bespoke/Admin Pages/Header_Footer/input_FAQ_FAQ"), "*"): Keys '*' sent to object: 'Object Repository/ADMIN/Edit Text/Bespoke/Admin Pages/Header_Footer/input_FAQ_FAQ'

2020-03-20 15:07:34 - [MESSAGE][PASSED] - Keys '*' sent to object: 'Object Repository/ADMIN/Edit Text/Bespoke/Admin Pages/Header_Footer/input_FAQ_FAQ'

2020-03-20 15:07:34 - [TEST_STEP][PASSED] - sendKeys(findTestObject("ADMIN/Edit Text/Bespoke/Admin Pages/Header_Footer/input_CONTACT_CONTACT"), "*"): Keys '*' sent to object: 'Object Repository/ADMIN/Edit Text/Bespoke/Admin Pages/Header_Footer/input_CONTACT_CONTACT'

2020-03-20 15:07:34 - [MESSAGE][PASSED] - Keys '*' sent to object: 'Object Repository/ADMIN/Edit Text/Bespoke/Admin Pages/Header_Footer/input_CONTACT_CONTACT'

2020-03-20 15:07:34 - [TEST_STEP][PASSED] - sendKeys(findTestObject("ADMIN/Edit Text/Bespoke/Admin Pages/Header_Footer/input_All rights reserved _foot_copyright"), "*"): Keys '*' sent to object: 'Object Repository/ADMIN/Edit Text/Bespoke/Admin Pages/Header_Footer/input_All rights reserved _foot_copyright'

2020-03-20 15:07:34 - [MESSAGE][PASSED] - Keys '*' sent to object: 'Object Repository/ADMIN/Edit Text/Bespoke/Admin Pages/Header_Footer/input_All rights reserved _foot_copyright'

2020-03-20 15:07:34 - [TEST_STEP][PASSED] - click(findTestObject("ADMIN/Edit Text/Bespoke/Buyer Pages/Homepage/button_save"), CONTINUE_ON_FAILURE): Object: 'Object Repository/ADMIN/Edit Text/Bespoke/Buyer Pages/Homepage/button_save' is clicked on

2020-03-20 15:07:34 - [MESSAGE][PASSED] - Object: 'Object Repository/ADMIN/Edit Text/Bespoke/Buyer Pages/Homepage/button_save' is clicked on

2020-03-20 15:07:34 - [TEST_STEP][PASSED] - waitForElementVisible(findTestObject("ADMIN/Edit Text/Bespoke/Buyer Pages/Homepage/toaster_success"), 0): Object 'Object Repository/ADMIN/Edit Text/Bespoke/Buyer Pages/Homepage/toaster_success' is visible

2020-03-20 15:07:34 - [MESSAGE][WARNING] - Timeout '0' is invalid. Using default page load timeout: '30'

2020-03-20 15:07:36 - [MESSAGE][PASSED] - Object 'Object Repository/ADMIN/Edit Text/Bespoke/Buyer Pages/Homepage/toaster_success' is visible]]></system-out>
         <system-err><![CDATA[]]></system-err>
      </testcase>
      <testcase name="Test Cases/ADMIN/Language/Edit Text/Bespoke/Admin Pages/Header_Footer" time="10.786" classname="Test Cases/ADMIN/Language/Edit Text/Bespoke/Admin Pages/Header_Footer" status="PASSED">
         <system-out><![CDATA[2020-03-20 15:07:36 - [TEST_CASE][PASSED] - Test Cases/ADMIN/Language/Edit Text/Bespoke/Admin Pages/Header_Footer: Test Cases/ADMIN/Language/Edit Text/Bespoke/Admin Pages/Header_Footer

2020-03-20 15:07:36 - [TEST_STEP][PASSED] - waitForElementVisible(findTestObject("ADMIN/Edit Text/Bespoke/Buyer Navigation/dd_language"), 0): Object 'Object Repository/ADMIN/Edit Text/Bespoke/Buyer Navigation/dd_language' is visible

2020-03-20 15:07:36 - [MESSAGE][WARNING] - Timeout '0' is invalid. Using default page load timeout: '30'

2020-03-20 15:07:37 - [MESSAGE][PASSED] - Object 'Object Repository/ADMIN/Edit Text/Bespoke/Buyer Navigation/dd_language' is visible

2020-03-20 15:07:37 - [TEST_STEP][PASSED] - selectOptionByLabel(findTestObject("ADMIN/Edit Text/Bespoke/Buyer Navigation/dd_language"), varLanguage, false): All options with label 'Dutch' are selected in object 'Object Repository/ADMIN/Edit Text/Bespoke/Buyer Navigation/dd_language' 

2020-03-20 15:07:38 - [MESSAGE][PASSED] - All options with label 'Dutch' are selected in object 'Object Repository/ADMIN/Edit Text/Bespoke/Buyer Navigation/dd_language' 

2020-03-20 15:07:38 - [TEST_STEP][PASSED] - sendKeys(findTestObject("ADMIN/Edit Text/Bespoke/Admin Pages/Header_Footer/input_Search_search"), "*"): Keys '*' sent to object: 'Object Repository/ADMIN/Edit Text/Bespoke/Admin Pages/Header_Footer/input_Search_search'

2020-03-20 15:07:38 - [MESSAGE][PASSED] - Keys '*' sent to object: 'Object Repository/ADMIN/Edit Text/Bespoke/Admin Pages/Header_Footer/input_Search_search'

2020-03-20 15:07:38 - [TEST_STEP][PASSED] - sendKeys(findTestObject("ADMIN/Edit Text/Bespoke/Admin Pages/Header_Footer/input_BE A SELLER_be_seller"), "*"): Keys '*' sent to object: 'Object Repository/ADMIN/Edit Text/Bespoke/Admin Pages/Header_Footer/input_BE A SELLER_be_seller'

2020-03-20 15:07:38 - [MESSAGE][PASSED] - Keys '*' sent to object: 'Object Repository/ADMIN/Edit Text/Bespoke/Admin Pages/Header_Footer/input_BE A SELLER_be_seller'

2020-03-20 15:07:38 - [TEST_STEP][PASSED] - sendKeys(findTestObject("ADMIN/Edit Text/Bespoke/Admin Pages/Header_Footer/input_MORE_more"), "*"): Keys '*' sent to object: 'Object Repository/ADMIN/Edit Text/Bespoke/Admin Pages/Header_Footer/input_MORE_more'

2020-03-20 15:07:38 - [MESSAGE][PASSED] - Keys '*' sent to object: 'Object Repository/ADMIN/Edit Text/Bespoke/Admin Pages/Header_Footer/input_MORE_more'

2020-03-20 15:07:38 - [TEST_STEP][PASSED] - sendKeys(findTestObject("ADMIN/Edit Text/Bespoke/Admin Pages/Header_Footer/input_VIEW CART_btn_next"), "*"): Keys '*' sent to object: 'Object Repository/ADMIN/Edit Text/Bespoke/Admin Pages/Header_Footer/input_VIEW CART_btn_next'

2020-03-20 15:07:39 - [MESSAGE][PASSED] - Keys '*' sent to object: 'Object Repository/ADMIN/Edit Text/Bespoke/Admin Pages/Header_Footer/input_VIEW CART_btn_next'

2020-03-20 15:07:39 - [TEST_STEP][PASSED] - sendKeys(findTestObject("ADMIN/Edit Text/Bespoke/Admin Pages/Header_Footer/input_REGISTER  SIGN IN_register_signin"), "*"): Keys '*' sent to object: 'Object Repository/ADMIN/Edit Text/Bespoke/Admin Pages/Header_Footer/input_REGISTER  SIGN IN_register_signin'

2020-03-20 15:07:39 - [MESSAGE][PASSED] - Keys '*' sent to object: 'Object Repository/ADMIN/Edit Text/Bespoke/Admin Pages/Header_Footer/input_REGISTER  SIGN IN_register_signin'

2020-03-20 15:07:39 - [TEST_STEP][PASSED] - sendKeys(findTestObject("ADMIN/Edit Text/Bespoke/Admin Pages/Header_Footer/input_SELLER_sell"), "*"): Keys '*' sent to object: 'Object Repository/ADMIN/Edit Text/Bespoke/Admin Pages/Header_Footer/input_SELLER_sell'

2020-03-20 15:07:40 - [MESSAGE][PASSED] - Keys '*' sent to object: 'Object Repository/ADMIN/Edit Text/Bespoke/Admin Pages/Header_Footer/input_SELLER_sell'

2020-03-20 15:07:40 - [TEST_STEP][PASSED] - sendKeys(findTestObject("ADMIN/Edit Text/Bespoke/Admin Pages/Header_Footer/input_PROFILE_profile"), "*"): Keys '*' sent to object: 'Object Repository/ADMIN/Edit Text/Bespoke/Admin Pages/Header_Footer/input_PROFILE_profile'

2020-03-20 15:07:40 - [MESSAGE][PASSED] - Keys '*' sent to object: 'Object Repository/ADMIN/Edit Text/Bespoke/Admin Pages/Header_Footer/input_PROFILE_profile'

2020-03-20 15:07:40 - [TEST_STEP][PASSED] - sendKeys(findTestObject("ADMIN/Edit Text/Bespoke/Admin Pages/Header_Footer/input_Dashboard_Dashboard"), "*"): Keys '*' sent to object: 'Object Repository/ADMIN/Edit Text/Bespoke/Admin Pages/Header_Footer/input_Dashboard_Dashboard'

2020-03-20 15:07:40 - [MESSAGE][PASSED] - Keys '*' sent to object: 'Object Repository/ADMIN/Edit Text/Bespoke/Admin Pages/Header_Footer/input_Dashboard_Dashboard'

2020-03-20 15:07:40 - [TEST_STEP][PASSED] - sendKeys(findTestObject("ADMIN/Edit Text/Bespoke/Admin Pages/Header_Footer/input_Purchases_Purchases"), "*"): Keys '*' sent to object: 'Object Repository/ADMIN/Edit Text/Bespoke/Admin Pages/Header_Footer/input_Purchases_Purchases'

2020-03-20 15:07:40 - [MESSAGE][PASSED] - Keys '*' sent to object: 'Object Repository/ADMIN/Edit Text/Bespoke/Admin Pages/Header_Footer/input_Purchases_Purchases'

2020-03-20 15:07:40 - [TEST_STEP][PASSED] - sendKeys(findTestObject("ADMIN/Edit Text/Bespoke/Admin Pages/Header_Footer/input_Your Items_Your Items"), "*"): Keys '*' sent to object: 'Object Repository/ADMIN/Edit Text/Bespoke/Admin Pages/Header_Footer/input_Your Items_Your Items'

2020-03-20 15:07:41 - [MESSAGE][PASSED] - Keys '*' sent to object: 'Object Repository/ADMIN/Edit Text/Bespoke/Admin Pages/Header_Footer/input_Your Items_Your Items'

2020-03-20 15:07:41 - [TEST_STEP][PASSED] - sendKeys(findTestObject("ADMIN/Edit Text/Bespoke/Admin Pages/Header_Footer/input_Settings_Settings"), "*"): Keys '*' sent to object: 'Object Repository/ADMIN/Edit Text/Bespoke/Admin Pages/Header_Footer/input_Settings_Settings'

2020-03-20 15:07:41 - [MESSAGE][PASSED] - Keys '*' sent to object: 'Object Repository/ADMIN/Edit Text/Bespoke/Admin Pages/Header_Footer/input_Settings_Settings'

2020-03-20 15:07:41 - [TEST_STEP][PASSED] - sendKeys(findTestObject("ADMIN/Edit Text/Bespoke/Admin Pages/Header_Footer/input_Upload_Upload"), "*"): Keys '*' sent to object: 'Object Repository/ADMIN/Edit Text/Bespoke/Admin Pages/Header_Footer/input_Upload_Upload'

2020-03-20 15:07:41 - [MESSAGE][PASSED] - Keys '*' sent to object: 'Object Repository/ADMIN/Edit Text/Bespoke/Admin Pages/Header_Footer/input_Upload_Upload'

2020-03-20 15:07:41 - [TEST_STEP][PASSED] - sendKeys(findTestObject("ADMIN/Edit Text/Bespoke/Admin Pages/Header_Footer/input_Logout_Logout"), "*"): Keys '*' sent to object: 'Object Repository/ADMIN/Edit Text/Bespoke/Admin Pages/Header_Footer/input_Logout_Logout'

2020-03-20 15:07:41 - [MESSAGE][PASSED] - Keys '*' sent to object: 'Object Repository/ADMIN/Edit Text/Bespoke/Admin Pages/Header_Footer/input_Logout_Logout'

2020-03-20 15:07:41 - [TEST_STEP][PASSED] - sendKeys(findTestObject("ADMIN/Edit Text/Bespoke/Admin Pages/Header_Footer/input_Orders_Orders"), "*"): Keys '*' sent to object: 'Object Repository/ADMIN/Edit Text/Bespoke/Admin Pages/Header_Footer/input_Orders_Orders'

2020-03-20 15:07:42 - [MESSAGE][PASSED] - Keys '*' sent to object: 'Object Repository/ADMIN/Edit Text/Bespoke/Admin Pages/Header_Footer/input_Orders_Orders'

2020-03-20 15:07:42 - [TEST_STEP][PASSED] - sendKeys(findTestObject("ADMIN/Edit Text/Bespoke/Admin Pages/Header_Footer/input_Sub-accounts_Sub-accounts"), "*"): Keys '*' sent to object: 'Object Repository/ADMIN/Edit Text/Bespoke/Admin Pages/Header_Footer/input_Sub-accounts_Sub-accounts'

2020-03-20 15:07:42 - [MESSAGE][PASSED] - Keys '*' sent to object: 'Object Repository/ADMIN/Edit Text/Bespoke/Admin Pages/Header_Footer/input_Sub-accounts_Sub-accounts'

2020-03-20 15:07:42 - [TEST_STEP][PASSED] - sendKeys(findTestObject("ADMIN/Edit Text/Bespoke/Admin Pages/Header_Footer/input_Sales_Sales"), "*"): Keys '*' sent to object: 'Object Repository/ADMIN/Edit Text/Bespoke/Admin Pages/Header_Footer/input_Sales_Sales'

2020-03-20 15:07:42 - [MESSAGE][PASSED] - Keys '*' sent to object: 'Object Repository/ADMIN/Edit Text/Bespoke/Admin Pages/Header_Footer/input_Sales_Sales'

2020-03-20 15:07:42 - [TEST_STEP][PASSED] - sendKeys(findTestObject("ADMIN/Edit Text/Bespoke/Admin Pages/Header_Footer/input_Browse_Browse"), "*"): Keys '*' sent to object: 'Object Repository/ADMIN/Edit Text/Bespoke/Admin Pages/Header_Footer/input_Browse_Browse'

2020-03-20 15:07:42 - [MESSAGE][PASSED] - Keys '*' sent to object: 'Object Repository/ADMIN/Edit Text/Bespoke/Admin Pages/Header_Footer/input_Browse_Browse'

2020-03-20 15:07:42 - [TEST_STEP][PASSED] - sendKeys(findTestObject("ADMIN/Edit Text/Bespoke/Admin Pages/Header_Footer/input_SELLER_sell1"), "*"): Keys '*' sent to object: 'Object Repository/ADMIN/Edit Text/Bespoke/Admin Pages/Header_Footer/input_SELLER_sell1'

2020-03-20 15:07:42 - [MESSAGE][PASSED] - Keys '*' sent to object: 'Object Repository/ADMIN/Edit Text/Bespoke/Admin Pages/Header_Footer/input_SELLER_sell1'

2020-03-20 15:07:42 - [TEST_STEP][PASSED] - sendKeys(findTestObject("ADMIN/Edit Text/Bespoke/Admin Pages/Header_Footer/input_PROFILE_profile1"), "*"): Keys '*' sent to object: 'Object Repository/ADMIN/Edit Text/Bespoke/Admin Pages/Header_Footer/input_PROFILE_profile1'

2020-03-20 15:07:42 - [MESSAGE][PASSED] - Keys '*' sent to object: 'Object Repository/ADMIN/Edit Text/Bespoke/Admin Pages/Header_Footer/input_PROFILE_profile1'

2020-03-20 15:07:42 - [TEST_STEP][PASSED] - sendKeys(findTestObject("ADMIN/Edit Text/Bespoke/Admin Pages/Header_Footer/input_Dashboard_Dashboard1"), "*"): Keys '*' sent to object: 'Object Repository/ADMIN/Edit Text/Bespoke/Admin Pages/Header_Footer/input_Dashboard_Dashboard1'

2020-03-20 15:07:43 - [MESSAGE][PASSED] - Keys '*' sent to object: 'Object Repository/ADMIN/Edit Text/Bespoke/Admin Pages/Header_Footer/input_Dashboard_Dashboard1'

2020-03-20 15:07:43 - [TEST_STEP][PASSED] - sendKeys(findTestObject("ADMIN/Edit Text/Bespoke/Admin Pages/Header_Footer/input_Purchases_Purchases1"), "*"): Keys '*' sent to object: 'Object Repository/ADMIN/Edit Text/Bespoke/Admin Pages/Header_Footer/input_Purchases_Purchases1'

2020-03-20 15:07:43 - [MESSAGE][PASSED] - Keys '*' sent to object: 'Object Repository/ADMIN/Edit Text/Bespoke/Admin Pages/Header_Footer/input_Purchases_Purchases1'

2020-03-20 15:07:43 - [TEST_STEP][PASSED] - sendKeys(findTestObject("ADMIN/Edit Text/Bespoke/Admin Pages/Header_Footer/input_Your Items_Your Items1"), "*"): Keys '*' sent to object: 'Object Repository/ADMIN/Edit Text/Bespoke/Admin Pages/Header_Footer/input_Your Items_Your Items1'

2020-03-20 15:07:43 - [MESSAGE][PASSED] - Keys '*' sent to object: 'Object Repository/ADMIN/Edit Text/Bespoke/Admin Pages/Header_Footer/input_Your Items_Your Items1'

2020-03-20 15:07:43 - [TEST_STEP][PASSED] - sendKeys(findTestObject("ADMIN/Edit Text/Bespoke/Admin Pages/Header_Footer/input_Settings_Settings1"), "*"): Keys '*' sent to object: 'Object Repository/ADMIN/Edit Text/Bespoke/Admin Pages/Header_Footer/input_Settings_Settings1'

2020-03-20 15:07:44 - [MESSAGE][PASSED] - Keys '*' sent to object: 'Object Repository/ADMIN/Edit Text/Bespoke/Admin Pages/Header_Footer/input_Settings_Settings1'

2020-03-20 15:07:44 - [TEST_STEP][PASSED] - sendKeys(findTestObject("ADMIN/Edit Text/Bespoke/Admin Pages/Header_Footer/input_Upload_Upload1"), "*"): Keys '*' sent to object: 'Object Repository/ADMIN/Edit Text/Bespoke/Admin Pages/Header_Footer/input_Upload_Upload1'

2020-03-20 15:07:44 - [MESSAGE][PASSED] - Keys '*' sent to object: 'Object Repository/ADMIN/Edit Text/Bespoke/Admin Pages/Header_Footer/input_Upload_Upload1'

2020-03-20 15:07:44 - [TEST_STEP][PASSED] - sendKeys(findTestObject("ADMIN/Edit Text/Bespoke/Admin Pages/Header_Footer/input_Logout_Logout1"), "*"): Keys '*' sent to object: 'Object Repository/ADMIN/Edit Text/Bespoke/Admin Pages/Header_Footer/input_Logout_Logout1'

2020-03-20 15:07:44 - [MESSAGE][PASSED] - Keys '*' sent to object: 'Object Repository/ADMIN/Edit Text/Bespoke/Admin Pages/Header_Footer/input_Logout_Logout1'

2020-03-20 15:07:44 - [TEST_STEP][PASSED] - sendKeys(findTestObject("ADMIN/Edit Text/Bespoke/Admin Pages/Header_Footer/input_Orders_Orders1"), "*"): Keys '*' sent to object: 'Object Repository/ADMIN/Edit Text/Bespoke/Admin Pages/Header_Footer/input_Orders_Orders1'

2020-03-20 15:07:44 - [MESSAGE][PASSED] - Keys '*' sent to object: 'Object Repository/ADMIN/Edit Text/Bespoke/Admin Pages/Header_Footer/input_Orders_Orders1'

2020-03-20 15:07:44 - [TEST_STEP][PASSED] - sendKeys(findTestObject("ADMIN/Edit Text/Bespoke/Admin Pages/Header_Footer/input_Sales_Sales1"), "*"): Keys '*' sent to object: 'Object Repository/ADMIN/Edit Text/Bespoke/Admin Pages/Header_Footer/input_Sales_Sales1'

2020-03-20 15:07:45 - [MESSAGE][PASSED] - Keys '*' sent to object: 'Object Repository/ADMIN/Edit Text/Bespoke/Admin Pages/Header_Footer/input_Sales_Sales1'

2020-03-20 15:07:45 - [TEST_STEP][PASSED] - sendKeys(findTestObject("ADMIN/Edit Text/Bespoke/Admin Pages/Header_Footer/input_ABOUT US_ABOUT US"), "*"): Keys '*' sent to object: 'Object Repository/ADMIN/Edit Text/Bespoke/Admin Pages/Header_Footer/input_ABOUT US_ABOUT US'

2020-03-20 15:07:45 - [MESSAGE][PASSED] - Keys '*' sent to object: 'Object Repository/ADMIN/Edit Text/Bespoke/Admin Pages/Header_Footer/input_ABOUT US_ABOUT US'

2020-03-20 15:07:45 - [TEST_STEP][PASSED] - sendKeys(findTestObject("ADMIN/Edit Text/Bespoke/Admin Pages/Header_Footer/input_SERVICE TERMS_SERVICE TERMS"), "*"): Keys '*' sent to object: 'Object Repository/ADMIN/Edit Text/Bespoke/Admin Pages/Header_Footer/input_SERVICE TERMS_SERVICE TERMS'

2020-03-20 15:07:45 - [MESSAGE][PASSED] - Keys '*' sent to object: 'Object Repository/ADMIN/Edit Text/Bespoke/Admin Pages/Header_Footer/input_SERVICE TERMS_SERVICE TERMS'

2020-03-20 15:07:45 - [TEST_STEP][PASSED] - sendKeys(findTestObject("ADMIN/Edit Text/Bespoke/Admin Pages/Header_Footer/input_PRIVACY_PRIVACY"), "*"): Keys '*' sent to object: 'Object Repository/ADMIN/Edit Text/Bespoke/Admin Pages/Header_Footer/input_PRIVACY_PRIVACY'

2020-03-20 15:07:45 - [MESSAGE][PASSED] - Keys '*' sent to object: 'Object Repository/ADMIN/Edit Text/Bespoke/Admin Pages/Header_Footer/input_PRIVACY_PRIVACY'

2020-03-20 15:07:45 - [TEST_STEP][PASSED] - sendKeys(findTestObject("ADMIN/Edit Text/Bespoke/Admin Pages/Header_Footer/input_RETURNS_RETURNS"), "*"): Keys '*' sent to object: 'Object Repository/ADMIN/Edit Text/Bespoke/Admin Pages/Header_Footer/input_RETURNS_RETURNS'

2020-03-20 15:07:45 - [MESSAGE][PASSED] - Keys '*' sent to object: 'Object Repository/ADMIN/Edit Text/Bespoke/Admin Pages/Header_Footer/input_RETURNS_RETURNS'

2020-03-20 15:07:45 - [TEST_STEP][PASSED] - sendKeys(findTestObject("ADMIN/Edit Text/Bespoke/Admin Pages/Header_Footer/input_FAQ_FAQ"), "*"): Keys '*' sent to object: 'Object Repository/ADMIN/Edit Text/Bespoke/Admin Pages/Header_Footer/input_FAQ_FAQ'

2020-03-20 15:07:46 - [MESSAGE][PASSED] - Keys '*' sent to object: 'Object Repository/ADMIN/Edit Text/Bespoke/Admin Pages/Header_Footer/input_FAQ_FAQ'

2020-03-20 15:07:46 - [TEST_STEP][PASSED] - sendKeys(findTestObject("ADMIN/Edit Text/Bespoke/Admin Pages/Header_Footer/input_CONTACT_CONTACT"), "*"): Keys '*' sent to object: 'Object Repository/ADMIN/Edit Text/Bespoke/Admin Pages/Header_Footer/input_CONTACT_CONTACT'

2020-03-20 15:07:46 - [MESSAGE][PASSED] - Keys '*' sent to object: 'Object Repository/ADMIN/Edit Text/Bespoke/Admin Pages/Header_Footer/input_CONTACT_CONTACT'

2020-03-20 15:07:46 - [TEST_STEP][PASSED] - sendKeys(findTestObject("ADMIN/Edit Text/Bespoke/Admin Pages/Header_Footer/input_All rights reserved _foot_copyright"), "*"): Keys '*' sent to object: 'Object Repository/ADMIN/Edit Text/Bespoke/Admin Pages/Header_Footer/input_All rights reserved _foot_copyright'

2020-03-20 15:07:46 - [MESSAGE][PASSED] - Keys '*' sent to object: 'Object Repository/ADMIN/Edit Text/Bespoke/Admin Pages/Header_Footer/input_All rights reserved _foot_copyright'

2020-03-20 15:07:46 - [TEST_STEP][PASSED] - click(findTestObject("ADMIN/Edit Text/Bespoke/Buyer Pages/Homepage/button_save"), CONTINUE_ON_FAILURE): Object: 'Object Repository/ADMIN/Edit Text/Bespoke/Buyer Pages/Homepage/button_save' is clicked on

2020-03-20 15:07:46 - [MESSAGE][PASSED] - Object: 'Object Repository/ADMIN/Edit Text/Bespoke/Buyer Pages/Homepage/button_save' is clicked on

2020-03-20 15:07:46 - [TEST_STEP][PASSED] - waitForElementVisible(findTestObject("ADMIN/Edit Text/Bespoke/Buyer Pages/Homepage/toaster_success"), 0): Object 'Object Repository/ADMIN/Edit Text/Bespoke/Buyer Pages/Homepage/toaster_success' is visible

2020-03-20 15:07:46 - [MESSAGE][WARNING] - Timeout '0' is invalid. Using default page load timeout: '30'

2020-03-20 15:07:47 - [MESSAGE][PASSED] - Object 'Object Repository/ADMIN/Edit Text/Bespoke/Buyer Pages/Homepage/toaster_success' is visible]]></system-out>
         <system-err><![CDATA[]]></system-err>
      </testcase>
      <testcase name="Test Cases/ADMIN/Language/Edit Text/Bespoke/Admin Pages/Header_Footer" time="9.452" classname="Test Cases/ADMIN/Language/Edit Text/Bespoke/Admin Pages/Header_Footer" status="PASSED">
         <system-out><![CDATA[2020-03-20 15:07:47 - [TEST_CASE][PASSED] - Test Cases/ADMIN/Language/Edit Text/Bespoke/Admin Pages/Header_Footer: Test Cases/ADMIN/Language/Edit Text/Bespoke/Admin Pages/Header_Footer

2020-03-20 15:07:47 - [TEST_STEP][PASSED] - waitForElementVisible(findTestObject("ADMIN/Edit Text/Bespoke/Buyer Navigation/dd_language"), 0): Object 'Object Repository/ADMIN/Edit Text/Bespoke/Buyer Navigation/dd_language' is visible

2020-03-20 15:07:47 - [MESSAGE][WARNING] - Timeout '0' is invalid. Using default page load timeout: '30'

2020-03-20 15:07:47 - [MESSAGE][PASSED] - Object 'Object Repository/ADMIN/Edit Text/Bespoke/Buyer Navigation/dd_language' is visible

2020-03-20 15:07:47 - [TEST_STEP][PASSED] - selectOptionByLabel(findTestObject("ADMIN/Edit Text/Bespoke/Buyer Navigation/dd_language"), varLanguage, false): All options with label 'Swedish' are selected in object 'Object Repository/ADMIN/Edit Text/Bespoke/Buyer Navigation/dd_language' 

2020-03-20 15:07:48 - [MESSAGE][PASSED] - All options with label 'Swedish' are selected in object 'Object Repository/ADMIN/Edit Text/Bespoke/Buyer Navigation/dd_language' 

2020-03-20 15:07:48 - [TEST_STEP][PASSED] - sendKeys(findTestObject("ADMIN/Edit Text/Bespoke/Admin Pages/Header_Footer/input_Search_search"), "*"): Keys '*' sent to object: 'Object Repository/ADMIN/Edit Text/Bespoke/Admin Pages/Header_Footer/input_Search_search'

2020-03-20 15:07:49 - [MESSAGE][PASSED] - Keys '*' sent to object: 'Object Repository/ADMIN/Edit Text/Bespoke/Admin Pages/Header_Footer/input_Search_search'

2020-03-20 15:07:49 - [TEST_STEP][PASSED] - sendKeys(findTestObject("ADMIN/Edit Text/Bespoke/Admin Pages/Header_Footer/input_BE A SELLER_be_seller"), "*"): Keys '*' sent to object: 'Object Repository/ADMIN/Edit Text/Bespoke/Admin Pages/Header_Footer/input_BE A SELLER_be_seller'

2020-03-20 15:07:49 - [MESSAGE][PASSED] - Keys '*' sent to object: 'Object Repository/ADMIN/Edit Text/Bespoke/Admin Pages/Header_Footer/input_BE A SELLER_be_seller'

2020-03-20 15:07:49 - [TEST_STEP][PASSED] - sendKeys(findTestObject("ADMIN/Edit Text/Bespoke/Admin Pages/Header_Footer/input_MORE_more"), "*"): Keys '*' sent to object: 'Object Repository/ADMIN/Edit Text/Bespoke/Admin Pages/Header_Footer/input_MORE_more'

2020-03-20 15:07:49 - [MESSAGE][PASSED] - Keys '*' sent to object: 'Object Repository/ADMIN/Edit Text/Bespoke/Admin Pages/Header_Footer/input_MORE_more'

2020-03-20 15:07:49 - [TEST_STEP][PASSED] - sendKeys(findTestObject("ADMIN/Edit Text/Bespoke/Admin Pages/Header_Footer/input_VIEW CART_btn_next"), "*"): Keys '*' sent to object: 'Object Repository/ADMIN/Edit Text/Bespoke/Admin Pages/Header_Footer/input_VIEW CART_btn_next'

2020-03-20 15:07:49 - [MESSAGE][PASSED] - Keys '*' sent to object: 'Object Repository/ADMIN/Edit Text/Bespoke/Admin Pages/Header_Footer/input_VIEW CART_btn_next'

2020-03-20 15:07:49 - [TEST_STEP][PASSED] - sendKeys(findTestObject("ADMIN/Edit Text/Bespoke/Admin Pages/Header_Footer/input_REGISTER  SIGN IN_register_signin"), "*"): Keys '*' sent to object: 'Object Repository/ADMIN/Edit Text/Bespoke/Admin Pages/Header_Footer/input_REGISTER  SIGN IN_register_signin'

2020-03-20 15:07:50 - [MESSAGE][PASSED] - Keys '*' sent to object: 'Object Repository/ADMIN/Edit Text/Bespoke/Admin Pages/Header_Footer/input_REGISTER  SIGN IN_register_signin'

2020-03-20 15:07:50 - [TEST_STEP][PASSED] - sendKeys(findTestObject("ADMIN/Edit Text/Bespoke/Admin Pages/Header_Footer/input_SELLER_sell"), "*"): Keys '*' sent to object: 'Object Repository/ADMIN/Edit Text/Bespoke/Admin Pages/Header_Footer/input_SELLER_sell'

2020-03-20 15:07:50 - [MESSAGE][PASSED] - Keys '*' sent to object: 'Object Repository/ADMIN/Edit Text/Bespoke/Admin Pages/Header_Footer/input_SELLER_sell'

2020-03-20 15:07:50 - [TEST_STEP][PASSED] - sendKeys(findTestObject("ADMIN/Edit Text/Bespoke/Admin Pages/Header_Footer/input_PROFILE_profile"), "*"): Keys '*' sent to object: 'Object Repository/ADMIN/Edit Text/Bespoke/Admin Pages/Header_Footer/input_PROFILE_profile'

2020-03-20 15:07:50 - [MESSAGE][PASSED] - Keys '*' sent to object: 'Object Repository/ADMIN/Edit Text/Bespoke/Admin Pages/Header_Footer/input_PROFILE_profile'

2020-03-20 15:07:50 - [TEST_STEP][PASSED] - sendKeys(findTestObject("ADMIN/Edit Text/Bespoke/Admin Pages/Header_Footer/input_Dashboard_Dashboard"), "*"): Keys '*' sent to object: 'Object Repository/ADMIN/Edit Text/Bespoke/Admin Pages/Header_Footer/input_Dashboard_Dashboard'

2020-03-20 15:07:50 - [MESSAGE][PASSED] - Keys '*' sent to object: 'Object Repository/ADMIN/Edit Text/Bespoke/Admin Pages/Header_Footer/input_Dashboard_Dashboard'

2020-03-20 15:07:50 - [TEST_STEP][PASSED] - sendKeys(findTestObject("ADMIN/Edit Text/Bespoke/Admin Pages/Header_Footer/input_Purchases_Purchases"), "*"): Keys '*' sent to object: 'Object Repository/ADMIN/Edit Text/Bespoke/Admin Pages/Header_Footer/input_Purchases_Purchases'

2020-03-20 15:07:51 - [MESSAGE][PASSED] - Keys '*' sent to object: 'Object Repository/ADMIN/Edit Text/Bespoke/Admin Pages/Header_Footer/input_Purchases_Purchases'

2020-03-20 15:07:51 - [TEST_STEP][PASSED] - sendKeys(findTestObject("ADMIN/Edit Text/Bespoke/Admin Pages/Header_Footer/input_Your Items_Your Items"), "*"): Keys '*' sent to object: 'Object Repository/ADMIN/Edit Text/Bespoke/Admin Pages/Header_Footer/input_Your Items_Your Items'

2020-03-20 15:07:51 - [MESSAGE][PASSED] - Keys '*' sent to object: 'Object Repository/ADMIN/Edit Text/Bespoke/Admin Pages/Header_Footer/input_Your Items_Your Items'

2020-03-20 15:07:51 - [TEST_STEP][PASSED] - sendKeys(findTestObject("ADMIN/Edit Text/Bespoke/Admin Pages/Header_Footer/input_Settings_Settings"), "*"): Keys '*' sent to object: 'Object Repository/ADMIN/Edit Text/Bespoke/Admin Pages/Header_Footer/input_Settings_Settings'

2020-03-20 15:07:51 - [MESSAGE][PASSED] - Keys '*' sent to object: 'Object Repository/ADMIN/Edit Text/Bespoke/Admin Pages/Header_Footer/input_Settings_Settings'

2020-03-20 15:07:51 - [TEST_STEP][PASSED] - sendKeys(findTestObject("ADMIN/Edit Text/Bespoke/Admin Pages/Header_Footer/input_Upload_Upload"), "*"): Keys '*' sent to object: 'Object Repository/ADMIN/Edit Text/Bespoke/Admin Pages/Header_Footer/input_Upload_Upload'

2020-03-20 15:07:51 - [MESSAGE][PASSED] - Keys '*' sent to object: 'Object Repository/ADMIN/Edit Text/Bespoke/Admin Pages/Header_Footer/input_Upload_Upload'

2020-03-20 15:07:51 - [TEST_STEP][PASSED] - sendKeys(findTestObject("ADMIN/Edit Text/Bespoke/Admin Pages/Header_Footer/input_Logout_Logout"), "*"): Keys '*' sent to object: 'Object Repository/ADMIN/Edit Text/Bespoke/Admin Pages/Header_Footer/input_Logout_Logout'

2020-03-20 15:07:51 - [MESSAGE][PASSED] - Keys '*' sent to object: 'Object Repository/ADMIN/Edit Text/Bespoke/Admin Pages/Header_Footer/input_Logout_Logout'

2020-03-20 15:07:51 - [TEST_STEP][PASSED] - sendKeys(findTestObject("ADMIN/Edit Text/Bespoke/Admin Pages/Header_Footer/input_Orders_Orders"), "*"): Keys '*' sent to object: 'Object Repository/ADMIN/Edit Text/Bespoke/Admin Pages/Header_Footer/input_Orders_Orders'

2020-03-20 15:07:52 - [MESSAGE][PASSED] - Keys '*' sent to object: 'Object Repository/ADMIN/Edit Text/Bespoke/Admin Pages/Header_Footer/input_Orders_Orders'

2020-03-20 15:07:52 - [TEST_STEP][PASSED] - sendKeys(findTestObject("ADMIN/Edit Text/Bespoke/Admin Pages/Header_Footer/input_Sub-accounts_Sub-accounts"), "*"): Keys '*' sent to object: 'Object Repository/ADMIN/Edit Text/Bespoke/Admin Pages/Header_Footer/input_Sub-accounts_Sub-accounts'

2020-03-20 15:07:52 - [MESSAGE][PASSED] - Keys '*' sent to object: 'Object Repository/ADMIN/Edit Text/Bespoke/Admin Pages/Header_Footer/input_Sub-accounts_Sub-accounts'

2020-03-20 15:07:52 - [TEST_STEP][PASSED] - sendKeys(findTestObject("ADMIN/Edit Text/Bespoke/Admin Pages/Header_Footer/input_Sales_Sales"), "*"): Keys '*' sent to object: 'Object Repository/ADMIN/Edit Text/Bespoke/Admin Pages/Header_Footer/input_Sales_Sales'

2020-03-20 15:07:52 - [MESSAGE][PASSED] - Keys '*' sent to object: 'Object Repository/ADMIN/Edit Text/Bespoke/Admin Pages/Header_Footer/input_Sales_Sales'

2020-03-20 15:07:52 - [TEST_STEP][PASSED] - sendKeys(findTestObject("ADMIN/Edit Text/Bespoke/Admin Pages/Header_Footer/input_Browse_Browse"), "*"): Keys '*' sent to object: 'Object Repository/ADMIN/Edit Text/Bespoke/Admin Pages/Header_Footer/input_Browse_Browse'

2020-03-20 15:07:52 - [MESSAGE][PASSED] - Keys '*' sent to object: 'Object Repository/ADMIN/Edit Text/Bespoke/Admin Pages/Header_Footer/input_Browse_Browse'

2020-03-20 15:07:52 - [TEST_STEP][PASSED] - sendKeys(findTestObject("ADMIN/Edit Text/Bespoke/Admin Pages/Header_Footer/input_SELLER_sell1"), "*"): Keys '*' sent to object: 'Object Repository/ADMIN/Edit Text/Bespoke/Admin Pages/Header_Footer/input_SELLER_sell1'

2020-03-20 15:07:52 - [MESSAGE][PASSED] - Keys '*' sent to object: 'Object Repository/ADMIN/Edit Text/Bespoke/Admin Pages/Header_Footer/input_SELLER_sell1'

2020-03-20 15:07:52 - [TEST_STEP][PASSED] - sendKeys(findTestObject("ADMIN/Edit Text/Bespoke/Admin Pages/Header_Footer/input_PROFILE_profile1"), "*"): Keys '*' sent to object: 'Object Repository/ADMIN/Edit Text/Bespoke/Admin Pages/Header_Footer/input_PROFILE_profile1'

2020-03-20 15:07:52 - [MESSAGE][PASSED] - Keys '*' sent to object: 'Object Repository/ADMIN/Edit Text/Bespoke/Admin Pages/Header_Footer/input_PROFILE_profile1'

2020-03-20 15:07:52 - [TEST_STEP][PASSED] - sendKeys(findTestObject("ADMIN/Edit Text/Bespoke/Admin Pages/Header_Footer/input_Dashboard_Dashboard1"), "*"): Keys '*' sent to object: 'Object Repository/ADMIN/Edit Text/Bespoke/Admin Pages/Header_Footer/input_Dashboard_Dashboard1'

2020-03-20 15:07:52 - [MESSAGE][PASSED] - Keys '*' sent to object: 'Object Repository/ADMIN/Edit Text/Bespoke/Admin Pages/Header_Footer/input_Dashboard_Dashboard1'

2020-03-20 15:07:52 - [TEST_STEP][PASSED] - sendKeys(findTestObject("ADMIN/Edit Text/Bespoke/Admin Pages/Header_Footer/input_Purchases_Purchases1"), "*"): Keys '*' sent to object: 'Object Repository/ADMIN/Edit Text/Bespoke/Admin Pages/Header_Footer/input_Purchases_Purchases1'

2020-03-20 15:07:53 - [MESSAGE][PASSED] - Keys '*' sent to object: 'Object Repository/ADMIN/Edit Text/Bespoke/Admin Pages/Header_Footer/input_Purchases_Purchases1'

2020-03-20 15:07:53 - [TEST_STEP][PASSED] - sendKeys(findTestObject("ADMIN/Edit Text/Bespoke/Admin Pages/Header_Footer/input_Your Items_Your Items1"), "*"): Keys '*' sent to object: 'Object Repository/ADMIN/Edit Text/Bespoke/Admin Pages/Header_Footer/input_Your Items_Your Items1'

2020-03-20 15:07:53 - [MESSAGE][PASSED] - Keys '*' sent to object: 'Object Repository/ADMIN/Edit Text/Bespoke/Admin Pages/Header_Footer/input_Your Items_Your Items1'

2020-03-20 15:07:53 - [TEST_STEP][PASSED] - sendKeys(findTestObject("ADMIN/Edit Text/Bespoke/Admin Pages/Header_Footer/input_Settings_Settings1"), "*"): Keys '*' sent to object: 'Object Repository/ADMIN/Edit Text/Bespoke/Admin Pages/Header_Footer/input_Settings_Settings1'

2020-03-20 15:07:53 - [MESSAGE][PASSED] - Keys '*' sent to object: 'Object Repository/ADMIN/Edit Text/Bespoke/Admin Pages/Header_Footer/input_Settings_Settings1'

2020-03-20 15:07:53 - [TEST_STEP][PASSED] - sendKeys(findTestObject("ADMIN/Edit Text/Bespoke/Admin Pages/Header_Footer/input_Upload_Upload1"), "*"): Keys '*' sent to object: 'Object Repository/ADMIN/Edit Text/Bespoke/Admin Pages/Header_Footer/input_Upload_Upload1'

2020-03-20 15:07:53 - [MESSAGE][PASSED] - Keys '*' sent to object: 'Object Repository/ADMIN/Edit Text/Bespoke/Admin Pages/Header_Footer/input_Upload_Upload1'

2020-03-20 15:07:53 - [TEST_STEP][PASSED] - sendKeys(findTestObject("ADMIN/Edit Text/Bespoke/Admin Pages/Header_Footer/input_Logout_Logout1"), "*"): Keys '*' sent to object: 'Object Repository/ADMIN/Edit Text/Bespoke/Admin Pages/Header_Footer/input_Logout_Logout1'

2020-03-20 15:07:54 - [MESSAGE][PASSED] - Keys '*' sent to object: 'Object Repository/ADMIN/Edit Text/Bespoke/Admin Pages/Header_Footer/input_Logout_Logout1'

2020-03-20 15:07:54 - [TEST_STEP][PASSED] - sendKeys(findTestObject("ADMIN/Edit Text/Bespoke/Admin Pages/Header_Footer/input_Orders_Orders1"), "*"): Keys '*' sent to object: 'Object Repository/ADMIN/Edit Text/Bespoke/Admin Pages/Header_Footer/input_Orders_Orders1'

2020-03-20 15:07:54 - [MESSAGE][PASSED] - Keys '*' sent to object: 'Object Repository/ADMIN/Edit Text/Bespoke/Admin Pages/Header_Footer/input_Orders_Orders1'

2020-03-20 15:07:54 - [TEST_STEP][PASSED] - sendKeys(findTestObject("ADMIN/Edit Text/Bespoke/Admin Pages/Header_Footer/input_Sales_Sales1"), "*"): Keys '*' sent to object: 'Object Repository/ADMIN/Edit Text/Bespoke/Admin Pages/Header_Footer/input_Sales_Sales1'

2020-03-20 15:07:54 - [MESSAGE][PASSED] - Keys '*' sent to object: 'Object Repository/ADMIN/Edit Text/Bespoke/Admin Pages/Header_Footer/input_Sales_Sales1'

2020-03-20 15:07:54 - [TEST_STEP][PASSED] - sendKeys(findTestObject("ADMIN/Edit Text/Bespoke/Admin Pages/Header_Footer/input_ABOUT US_ABOUT US"), "*"): Keys '*' sent to object: 'Object Repository/ADMIN/Edit Text/Bespoke/Admin Pages/Header_Footer/input_ABOUT US_ABOUT US'

2020-03-20 15:07:55 - [MESSAGE][PASSED] - Keys '*' sent to object: 'Object Repository/ADMIN/Edit Text/Bespoke/Admin Pages/Header_Footer/input_ABOUT US_ABOUT US'

2020-03-20 15:07:55 - [TEST_STEP][PASSED] - sendKeys(findTestObject("ADMIN/Edit Text/Bespoke/Admin Pages/Header_Footer/input_SERVICE TERMS_SERVICE TERMS"), "*"): Keys '*' sent to object: 'Object Repository/ADMIN/Edit Text/Bespoke/Admin Pages/Header_Footer/input_SERVICE TERMS_SERVICE TERMS'

2020-03-20 15:07:55 - [MESSAGE][PASSED] - Keys '*' sent to object: 'Object Repository/ADMIN/Edit Text/Bespoke/Admin Pages/Header_Footer/input_SERVICE TERMS_SERVICE TERMS'

2020-03-20 15:07:55 - [TEST_STEP][PASSED] - sendKeys(findTestObject("ADMIN/Edit Text/Bespoke/Admin Pages/Header_Footer/input_PRIVACY_PRIVACY"), "*"): Keys '*' sent to object: 'Object Repository/ADMIN/Edit Text/Bespoke/Admin Pages/Header_Footer/input_PRIVACY_PRIVACY'

2020-03-20 15:07:55 - [MESSAGE][PASSED] - Keys '*' sent to object: 'Object Repository/ADMIN/Edit Text/Bespoke/Admin Pages/Header_Footer/input_PRIVACY_PRIVACY'

2020-03-20 15:07:55 - [TEST_STEP][PASSED] - sendKeys(findTestObject("ADMIN/Edit Text/Bespoke/Admin Pages/Header_Footer/input_RETURNS_RETURNS"), "*"): Keys '*' sent to object: 'Object Repository/ADMIN/Edit Text/Bespoke/Admin Pages/Header_Footer/input_RETURNS_RETURNS'

2020-03-20 15:07:55 - [MESSAGE][PASSED] - Keys '*' sent to object: 'Object Repository/ADMIN/Edit Text/Bespoke/Admin Pages/Header_Footer/input_RETURNS_RETURNS'

2020-03-20 15:07:55 - [TEST_STEP][PASSED] - sendKeys(findTestObject("ADMIN/Edit Text/Bespoke/Admin Pages/Header_Footer/input_FAQ_FAQ"), "*"): Keys '*' sent to object: 'Object Repository/ADMIN/Edit Text/Bespoke/Admin Pages/Header_Footer/input_FAQ_FAQ'

2020-03-20 15:07:56 - [MESSAGE][PASSED] - Keys '*' sent to object: 'Object Repository/ADMIN/Edit Text/Bespoke/Admin Pages/Header_Footer/input_FAQ_FAQ'

2020-03-20 15:07:56 - [TEST_STEP][PASSED] - sendKeys(findTestObject("ADMIN/Edit Text/Bespoke/Admin Pages/Header_Footer/input_CONTACT_CONTACT"), "*"): Keys '*' sent to object: 'Object Repository/ADMIN/Edit Text/Bespoke/Admin Pages/Header_Footer/input_CONTACT_CONTACT'

2020-03-20 15:07:56 - [MESSAGE][PASSED] - Keys '*' sent to object: 'Object Repository/ADMIN/Edit Text/Bespoke/Admin Pages/Header_Footer/input_CONTACT_CONTACT'

2020-03-20 15:07:56 - [TEST_STEP][PASSED] - sendKeys(findTestObject("ADMIN/Edit Text/Bespoke/Admin Pages/Header_Footer/input_All rights reserved _foot_copyright"), "*"): Keys '*' sent to object: 'Object Repository/ADMIN/Edit Text/Bespoke/Admin Pages/Header_Footer/input_All rights reserved _foot_copyright'

2020-03-20 15:07:56 - [MESSAGE][PASSED] - Keys '*' sent to object: 'Object Repository/ADMIN/Edit Text/Bespoke/Admin Pages/Header_Footer/input_All rights reserved _foot_copyright'

2020-03-20 15:07:56 - [TEST_STEP][PASSED] - click(findTestObject("ADMIN/Edit Text/Bespoke/Buyer Pages/Homepage/button_save"), CONTINUE_ON_FAILURE): Object: 'Object Repository/ADMIN/Edit Text/Bespoke/Buyer Pages/Homepage/button_save' is clicked on

2020-03-20 15:07:56 - [MESSAGE][PASSED] - Object: 'Object Repository/ADMIN/Edit Text/Bespoke/Buyer Pages/Homepage/button_save' is clicked on

2020-03-20 15:07:56 - [TEST_STEP][PASSED] - waitForElementVisible(findTestObject("ADMIN/Edit Text/Bespoke/Buyer Pages/Homepage/toaster_success"), 0): Object 'Object Repository/ADMIN/Edit Text/Bespoke/Buyer Pages/Homepage/toaster_success' is visible

2020-03-20 15:07:56 - [MESSAGE][WARNING] - Timeout '0' is invalid. Using default page load timeout: '30'

2020-03-20 15:07:56 - [MESSAGE][PASSED] - Object 'Object Repository/ADMIN/Edit Text/Bespoke/Buyer Pages/Homepage/toaster_success' is visible]]></system-out>
         <system-err><![CDATA[]]></system-err>
      </testcase>
      <testcase name="Test Cases/ADMIN/Language/Edit Text/Bespoke/Admin Pages/Header_Footer" time="10.569" classname="Test Cases/ADMIN/Language/Edit Text/Bespoke/Admin Pages/Header_Footer" status="PASSED">
         <system-out><![CDATA[2020-03-20 15:07:56 - [TEST_CASE][PASSED] - Test Cases/ADMIN/Language/Edit Text/Bespoke/Admin Pages/Header_Footer: Test Cases/ADMIN/Language/Edit Text/Bespoke/Admin Pages/Header_Footer

2020-03-20 15:07:56 - [TEST_STEP][PASSED] - waitForElementVisible(findTestObject("ADMIN/Edit Text/Bespoke/Buyer Navigation/dd_language"), 0): Object 'Object Repository/ADMIN/Edit Text/Bespoke/Buyer Navigation/dd_language' is visible

2020-03-20 15:07:57 - [MESSAGE][WARNING] - Timeout '0' is invalid. Using default page load timeout: '30'

2020-03-20 15:07:57 - [MESSAGE][PASSED] - Object 'Object Repository/ADMIN/Edit Text/Bespoke/Buyer Navigation/dd_language' is visible

2020-03-20 15:07:57 - [TEST_STEP][PASSED] - selectOptionByLabel(findTestObject("ADMIN/Edit Text/Bespoke/Buyer Navigation/dd_language"), varLanguage, false): All options with label 'Chinese (Simplified)' are selected in object 'Object Repository/ADMIN/Edit Text/Bespoke/Buyer Navigation/dd_language' 

2020-03-20 15:07:58 - [MESSAGE][PASSED] - All options with label 'Chinese (Simplified)' are selected in object 'Object Repository/ADMIN/Edit Text/Bespoke/Buyer Navigation/dd_language' 

2020-03-20 15:07:58 - [TEST_STEP][PASSED] - sendKeys(findTestObject("ADMIN/Edit Text/Bespoke/Admin Pages/Header_Footer/input_Search_search"), "*"): Keys '*' sent to object: 'Object Repository/ADMIN/Edit Text/Bespoke/Admin Pages/Header_Footer/input_Search_search'

2020-03-20 15:07:58 - [MESSAGE][PASSED] - Keys '*' sent to object: 'Object Repository/ADMIN/Edit Text/Bespoke/Admin Pages/Header_Footer/input_Search_search'

2020-03-20 15:07:58 - [TEST_STEP][PASSED] - sendKeys(findTestObject("ADMIN/Edit Text/Bespoke/Admin Pages/Header_Footer/input_BE A SELLER_be_seller"), "*"): Keys '*' sent to object: 'Object Repository/ADMIN/Edit Text/Bespoke/Admin Pages/Header_Footer/input_BE A SELLER_be_seller'

2020-03-20 15:07:59 - [MESSAGE][PASSED] - Keys '*' sent to object: 'Object Repository/ADMIN/Edit Text/Bespoke/Admin Pages/Header_Footer/input_BE A SELLER_be_seller'

2020-03-20 15:07:59 - [TEST_STEP][PASSED] - sendKeys(findTestObject("ADMIN/Edit Text/Bespoke/Admin Pages/Header_Footer/input_MORE_more"), "*"): Keys '*' sent to object: 'Object Repository/ADMIN/Edit Text/Bespoke/Admin Pages/Header_Footer/input_MORE_more'

2020-03-20 15:07:59 - [MESSAGE][PASSED] - Keys '*' sent to object: 'Object Repository/ADMIN/Edit Text/Bespoke/Admin Pages/Header_Footer/input_MORE_more'

2020-03-20 15:07:59 - [TEST_STEP][PASSED] - sendKeys(findTestObject("ADMIN/Edit Text/Bespoke/Admin Pages/Header_Footer/input_VIEW CART_btn_next"), "*"): Keys '*' sent to object: 'Object Repository/ADMIN/Edit Text/Bespoke/Admin Pages/Header_Footer/input_VIEW CART_btn_next'

2020-03-20 15:07:59 - [MESSAGE][PASSED] - Keys '*' sent to object: 'Object Repository/ADMIN/Edit Text/Bespoke/Admin Pages/Header_Footer/input_VIEW CART_btn_next'

2020-03-20 15:07:59 - [TEST_STEP][PASSED] - sendKeys(findTestObject("ADMIN/Edit Text/Bespoke/Admin Pages/Header_Footer/input_REGISTER  SIGN IN_register_signin"), "*"): Keys '*' sent to object: 'Object Repository/ADMIN/Edit Text/Bespoke/Admin Pages/Header_Footer/input_REGISTER  SIGN IN_register_signin'

2020-03-20 15:07:59 - [MESSAGE][PASSED] - Keys '*' sent to object: 'Object Repository/ADMIN/Edit Text/Bespoke/Admin Pages/Header_Footer/input_REGISTER  SIGN IN_register_signin'

2020-03-20 15:07:59 - [TEST_STEP][PASSED] - sendKeys(findTestObject("ADMIN/Edit Text/Bespoke/Admin Pages/Header_Footer/input_SELLER_sell"), "*"): Keys '*' sent to object: 'Object Repository/ADMIN/Edit Text/Bespoke/Admin Pages/Header_Footer/input_SELLER_sell'

2020-03-20 15:08:00 - [MESSAGE][PASSED] - Keys '*' sent to object: 'Object Repository/ADMIN/Edit Text/Bespoke/Admin Pages/Header_Footer/input_SELLER_sell'

2020-03-20 15:08:00 - [TEST_STEP][PASSED] - sendKeys(findTestObject("ADMIN/Edit Text/Bespoke/Admin Pages/Header_Footer/input_PROFILE_profile"), "*"): Keys '*' sent to object: 'Object Repository/ADMIN/Edit Text/Bespoke/Admin Pages/Header_Footer/input_PROFILE_profile'

2020-03-20 15:08:00 - [MESSAGE][PASSED] - Keys '*' sent to object: 'Object Repository/ADMIN/Edit Text/Bespoke/Admin Pages/Header_Footer/input_PROFILE_profile'

2020-03-20 15:08:00 - [TEST_STEP][PASSED] - sendKeys(findTestObject("ADMIN/Edit Text/Bespoke/Admin Pages/Header_Footer/input_Dashboard_Dashboard"), "*"): Keys '*' sent to object: 'Object Repository/ADMIN/Edit Text/Bespoke/Admin Pages/Header_Footer/input_Dashboard_Dashboard'

2020-03-20 15:08:00 - [MESSAGE][PASSED] - Keys '*' sent to object: 'Object Repository/ADMIN/Edit Text/Bespoke/Admin Pages/Header_Footer/input_Dashboard_Dashboard'

2020-03-20 15:08:00 - [TEST_STEP][PASSED] - sendKeys(findTestObject("ADMIN/Edit Text/Bespoke/Admin Pages/Header_Footer/input_Purchases_Purchases"), "*"): Keys '*' sent to object: 'Object Repository/ADMIN/Edit Text/Bespoke/Admin Pages/Header_Footer/input_Purchases_Purchases'

2020-03-20 15:08:00 - [MESSAGE][PASSED] - Keys '*' sent to object: 'Object Repository/ADMIN/Edit Text/Bespoke/Admin Pages/Header_Footer/input_Purchases_Purchases'

2020-03-20 15:08:00 - [TEST_STEP][PASSED] - sendKeys(findTestObject("ADMIN/Edit Text/Bespoke/Admin Pages/Header_Footer/input_Your Items_Your Items"), "*"): Keys '*' sent to object: 'Object Repository/ADMIN/Edit Text/Bespoke/Admin Pages/Header_Footer/input_Your Items_Your Items'

2020-03-20 15:08:00 - [MESSAGE][PASSED] - Keys '*' sent to object: 'Object Repository/ADMIN/Edit Text/Bespoke/Admin Pages/Header_Footer/input_Your Items_Your Items'

2020-03-20 15:08:00 - [TEST_STEP][PASSED] - sendKeys(findTestObject("ADMIN/Edit Text/Bespoke/Admin Pages/Header_Footer/input_Settings_Settings"), "*"): Keys '*' sent to object: 'Object Repository/ADMIN/Edit Text/Bespoke/Admin Pages/Header_Footer/input_Settings_Settings'

2020-03-20 15:08:01 - [MESSAGE][PASSED] - Keys '*' sent to object: 'Object Repository/ADMIN/Edit Text/Bespoke/Admin Pages/Header_Footer/input_Settings_Settings'

2020-03-20 15:08:01 - [TEST_STEP][PASSED] - sendKeys(findTestObject("ADMIN/Edit Text/Bespoke/Admin Pages/Header_Footer/input_Upload_Upload"), "*"): Keys '*' sent to object: 'Object Repository/ADMIN/Edit Text/Bespoke/Admin Pages/Header_Footer/input_Upload_Upload'

2020-03-20 15:08:01 - [MESSAGE][PASSED] - Keys '*' sent to object: 'Object Repository/ADMIN/Edit Text/Bespoke/Admin Pages/Header_Footer/input_Upload_Upload'

2020-03-20 15:08:01 - [TEST_STEP][PASSED] - sendKeys(findTestObject("ADMIN/Edit Text/Bespoke/Admin Pages/Header_Footer/input_Logout_Logout"), "*"): Keys '*' sent to object: 'Object Repository/ADMIN/Edit Text/Bespoke/Admin Pages/Header_Footer/input_Logout_Logout'

2020-03-20 15:08:01 - [MESSAGE][PASSED] - Keys '*' sent to object: 'Object Repository/ADMIN/Edit Text/Bespoke/Admin Pages/Header_Footer/input_Logout_Logout'

2020-03-20 15:08:01 - [TEST_STEP][PASSED] - sendKeys(findTestObject("ADMIN/Edit Text/Bespoke/Admin Pages/Header_Footer/input_Orders_Orders"), "*"): Keys '*' sent to object: 'Object Repository/ADMIN/Edit Text/Bespoke/Admin Pages/Header_Footer/input_Orders_Orders'

2020-03-20 15:08:01 - [MESSAGE][PASSED] - Keys '*' sent to object: 'Object Repository/ADMIN/Edit Text/Bespoke/Admin Pages/Header_Footer/input_Orders_Orders'

2020-03-20 15:08:01 - [TEST_STEP][PASSED] - sendKeys(findTestObject("ADMIN/Edit Text/Bespoke/Admin Pages/Header_Footer/input_Sub-accounts_Sub-accounts"), "*"): Keys '*' sent to object: 'Object Repository/ADMIN/Edit Text/Bespoke/Admin Pages/Header_Footer/input_Sub-accounts_Sub-accounts'

2020-03-20 15:08:02 - [MESSAGE][PASSED] - Keys '*' sent to object: 'Object Repository/ADMIN/Edit Text/Bespoke/Admin Pages/Header_Footer/input_Sub-accounts_Sub-accounts'

2020-03-20 15:08:02 - [TEST_STEP][PASSED] - sendKeys(findTestObject("ADMIN/Edit Text/Bespoke/Admin Pages/Header_Footer/input_Sales_Sales"), "*"): Keys '*' sent to object: 'Object Repository/ADMIN/Edit Text/Bespoke/Admin Pages/Header_Footer/input_Sales_Sales'

2020-03-20 15:08:02 - [MESSAGE][PASSED] - Keys '*' sent to object: 'Object Repository/ADMIN/Edit Text/Bespoke/Admin Pages/Header_Footer/input_Sales_Sales'

2020-03-20 15:08:02 - [TEST_STEP][PASSED] - sendKeys(findTestObject("ADMIN/Edit Text/Bespoke/Admin Pages/Header_Footer/input_Browse_Browse"), "*"): Keys '*' sent to object: 'Object Repository/ADMIN/Edit Text/Bespoke/Admin Pages/Header_Footer/input_Browse_Browse'

2020-03-20 15:08:02 - [MESSAGE][PASSED] - Keys '*' sent to object: 'Object Repository/ADMIN/Edit Text/Bespoke/Admin Pages/Header_Footer/input_Browse_Browse'

2020-03-20 15:08:02 - [TEST_STEP][PASSED] - sendKeys(findTestObject("ADMIN/Edit Text/Bespoke/Admin Pages/Header_Footer/input_SELLER_sell1"), "*"): Keys '*' sent to object: 'Object Repository/ADMIN/Edit Text/Bespoke/Admin Pages/Header_Footer/input_SELLER_sell1'

2020-03-20 15:08:03 - [MESSAGE][PASSED] - Keys '*' sent to object: 'Object Repository/ADMIN/Edit Text/Bespoke/Admin Pages/Header_Footer/input_SELLER_sell1'

2020-03-20 15:08:03 - [TEST_STEP][PASSED] - sendKeys(findTestObject("ADMIN/Edit Text/Bespoke/Admin Pages/Header_Footer/input_PROFILE_profile1"), "*"): Keys '*' sent to object: 'Object Repository/ADMIN/Edit Text/Bespoke/Admin Pages/Header_Footer/input_PROFILE_profile1'

2020-03-20 15:08:03 - [MESSAGE][PASSED] - Keys '*' sent to object: 'Object Repository/ADMIN/Edit Text/Bespoke/Admin Pages/Header_Footer/input_PROFILE_profile1'

2020-03-20 15:08:03 - [TEST_STEP][PASSED] - sendKeys(findTestObject("ADMIN/Edit Text/Bespoke/Admin Pages/Header_Footer/input_Dashboard_Dashboard1"), "*"): Keys '*' sent to object: 'Object Repository/ADMIN/Edit Text/Bespoke/Admin Pages/Header_Footer/input_Dashboard_Dashboard1'

2020-03-20 15:08:03 - [MESSAGE][PASSED] - Keys '*' sent to object: 'Object Repository/ADMIN/Edit Text/Bespoke/Admin Pages/Header_Footer/input_Dashboard_Dashboard1'

2020-03-20 15:08:03 - [TEST_STEP][PASSED] - sendKeys(findTestObject("ADMIN/Edit Text/Bespoke/Admin Pages/Header_Footer/input_Purchases_Purchases1"), "*"): Keys '*' sent to object: 'Object Repository/ADMIN/Edit Text/Bespoke/Admin Pages/Header_Footer/input_Purchases_Purchases1'

2020-03-20 15:08:03 - [MESSAGE][PASSED] - Keys '*' sent to object: 'Object Repository/ADMIN/Edit Text/Bespoke/Admin Pages/Header_Footer/input_Purchases_Purchases1'

2020-03-20 15:08:03 - [TEST_STEP][PASSED] - sendKeys(findTestObject("ADMIN/Edit Text/Bespoke/Admin Pages/Header_Footer/input_Your Items_Your Items1"), "*"): Keys '*' sent to object: 'Object Repository/ADMIN/Edit Text/Bespoke/Admin Pages/Header_Footer/input_Your Items_Your Items1'

2020-03-20 15:08:03 - [MESSAGE][PASSED] - Keys '*' sent to object: 'Object Repository/ADMIN/Edit Text/Bespoke/Admin Pages/Header_Footer/input_Your Items_Your Items1'

2020-03-20 15:08:03 - [TEST_STEP][PASSED] - sendKeys(findTestObject("ADMIN/Edit Text/Bespoke/Admin Pages/Header_Footer/input_Settings_Settings1"), "*"): Keys '*' sent to object: 'Object Repository/ADMIN/Edit Text/Bespoke/Admin Pages/Header_Footer/input_Settings_Settings1'

2020-03-20 15:08:04 - [MESSAGE][PASSED] - Keys '*' sent to object: 'Object Repository/ADMIN/Edit Text/Bespoke/Admin Pages/Header_Footer/input_Settings_Settings1'

2020-03-20 15:08:04 - [TEST_STEP][PASSED] - sendKeys(findTestObject("ADMIN/Edit Text/Bespoke/Admin Pages/Header_Footer/input_Upload_Upload1"), "*"): Keys '*' sent to object: 'Object Repository/ADMIN/Edit Text/Bespoke/Admin Pages/Header_Footer/input_Upload_Upload1'

2020-03-20 15:08:04 - [MESSAGE][PASSED] - Keys '*' sent to object: 'Object Repository/ADMIN/Edit Text/Bespoke/Admin Pages/Header_Footer/input_Upload_Upload1'

2020-03-20 15:08:04 - [TEST_STEP][PASSED] - sendKeys(findTestObject("ADMIN/Edit Text/Bespoke/Admin Pages/Header_Footer/input_Logout_Logout1"), "*"): Keys '*' sent to object: 'Object Repository/ADMIN/Edit Text/Bespoke/Admin Pages/Header_Footer/input_Logout_Logout1'

2020-03-20 15:08:04 - [MESSAGE][PASSED] - Keys '*' sent to object: 'Object Repository/ADMIN/Edit Text/Bespoke/Admin Pages/Header_Footer/input_Logout_Logout1'

2020-03-20 15:08:04 - [TEST_STEP][PASSED] - sendKeys(findTestObject("ADMIN/Edit Text/Bespoke/Admin Pages/Header_Footer/input_Orders_Orders1"), "*"): Keys '*' sent to object: 'Object Repository/ADMIN/Edit Text/Bespoke/Admin Pages/Header_Footer/input_Orders_Orders1'

2020-03-20 15:08:04 - [MESSAGE][PASSED] - Keys '*' sent to object: 'Object Repository/ADMIN/Edit Text/Bespoke/Admin Pages/Header_Footer/input_Orders_Orders1'

2020-03-20 15:08:04 - [TEST_STEP][PASSED] - sendKeys(findTestObject("ADMIN/Edit Text/Bespoke/Admin Pages/Header_Footer/input_Sales_Sales1"), "*"): Keys '*' sent to object: 'Object Repository/ADMIN/Edit Text/Bespoke/Admin Pages/Header_Footer/input_Sales_Sales1'

2020-03-20 15:08:04 - [MESSAGE][PASSED] - Keys '*' sent to object: 'Object Repository/ADMIN/Edit Text/Bespoke/Admin Pages/Header_Footer/input_Sales_Sales1'

2020-03-20 15:08:04 - [TEST_STEP][PASSED] - sendKeys(findTestObject("ADMIN/Edit Text/Bespoke/Admin Pages/Header_Footer/input_ABOUT US_ABOUT US"), "*"): Keys '*' sent to object: 'Object Repository/ADMIN/Edit Text/Bespoke/Admin Pages/Header_Footer/input_ABOUT US_ABOUT US'

2020-03-20 15:08:05 - [MESSAGE][PASSED] - Keys '*' sent to object: 'Object Repository/ADMIN/Edit Text/Bespoke/Admin Pages/Header_Footer/input_ABOUT US_ABOUT US'

2020-03-20 15:08:05 - [TEST_STEP][PASSED] - sendKeys(findTestObject("ADMIN/Edit Text/Bespoke/Admin Pages/Header_Footer/input_SERVICE TERMS_SERVICE TERMS"), "*"): Keys '*' sent to object: 'Object Repository/ADMIN/Edit Text/Bespoke/Admin Pages/Header_Footer/input_SERVICE TERMS_SERVICE TERMS'

2020-03-20 15:08:05 - [MESSAGE][PASSED] - Keys '*' sent to object: 'Object Repository/ADMIN/Edit Text/Bespoke/Admin Pages/Header_Footer/input_SERVICE TERMS_SERVICE TERMS'

2020-03-20 15:08:05 - [TEST_STEP][PASSED] - sendKeys(findTestObject("ADMIN/Edit Text/Bespoke/Admin Pages/Header_Footer/input_PRIVACY_PRIVACY"), "*"): Keys '*' sent to object: 'Object Repository/ADMIN/Edit Text/Bespoke/Admin Pages/Header_Footer/input_PRIVACY_PRIVACY'

2020-03-20 15:08:05 - [MESSAGE][PASSED] - Keys '*' sent to object: 'Object Repository/ADMIN/Edit Text/Bespoke/Admin Pages/Header_Footer/input_PRIVACY_PRIVACY'

2020-03-20 15:08:05 - [TEST_STEP][PASSED] - sendKeys(findTestObject("ADMIN/Edit Text/Bespoke/Admin Pages/Header_Footer/input_RETURNS_RETURNS"), "*"): Keys '*' sent to object: 'Object Repository/ADMIN/Edit Text/Bespoke/Admin Pages/Header_Footer/input_RETURNS_RETURNS'

2020-03-20 15:08:05 - [MESSAGE][PASSED] - Keys '*' sent to object: 'Object Repository/ADMIN/Edit Text/Bespoke/Admin Pages/Header_Footer/input_RETURNS_RETURNS'

2020-03-20 15:08:05 - [TEST_STEP][PASSED] - sendKeys(findTestObject("ADMIN/Edit Text/Bespoke/Admin Pages/Header_Footer/input_FAQ_FAQ"), "*"): Keys '*' sent to object: 'Object Repository/ADMIN/Edit Text/Bespoke/Admin Pages/Header_Footer/input_FAQ_FAQ'

2020-03-20 15:08:06 - [MESSAGE][PASSED] - Keys '*' sent to object: 'Object Repository/ADMIN/Edit Text/Bespoke/Admin Pages/Header_Footer/input_FAQ_FAQ'

2020-03-20 15:08:06 - [TEST_STEP][PASSED] - sendKeys(findTestObject("ADMIN/Edit Text/Bespoke/Admin Pages/Header_Footer/input_CONTACT_CONTACT"), "*"): Keys '*' sent to object: 'Object Repository/ADMIN/Edit Text/Bespoke/Admin Pages/Header_Footer/input_CONTACT_CONTACT'

2020-03-20 15:08:06 - [MESSAGE][PASSED] - Keys '*' sent to object: 'Object Repository/ADMIN/Edit Text/Bespoke/Admin Pages/Header_Footer/input_CONTACT_CONTACT'

2020-03-20 15:08:06 - [TEST_STEP][PASSED] - sendKeys(findTestObject("ADMIN/Edit Text/Bespoke/Admin Pages/Header_Footer/input_All rights reserved _foot_copyright"), "*"): Keys '*' sent to object: 'Object Repository/ADMIN/Edit Text/Bespoke/Admin Pages/Header_Footer/input_All rights reserved _foot_copyright'

2020-03-20 15:08:06 - [MESSAGE][PASSED] - Keys '*' sent to object: 'Object Repository/ADMIN/Edit Text/Bespoke/Admin Pages/Header_Footer/input_All rights reserved _foot_copyright'

2020-03-20 15:08:06 - [TEST_STEP][PASSED] - click(findTestObject("ADMIN/Edit Text/Bespoke/Buyer Pages/Homepage/button_save"), CONTINUE_ON_FAILURE): Object: 'Object Repository/ADMIN/Edit Text/Bespoke/Buyer Pages/Homepage/button_save' is clicked on

2020-03-20 15:08:06 - [MESSAGE][PASSED] - Object: 'Object Repository/ADMIN/Edit Text/Bespoke/Buyer Pages/Homepage/button_save' is clicked on

2020-03-20 15:08:06 - [TEST_STEP][PASSED] - waitForElementVisible(findTestObject("ADMIN/Edit Text/Bespoke/Buyer Pages/Homepage/toaster_success"), 0): Object 'Object Repository/ADMIN/Edit Text/Bespoke/Buyer Pages/Homepage/toaster_success' is visible

2020-03-20 15:08:06 - [MESSAGE][WARNING] - Timeout '0' is invalid. Using default page load timeout: '30'

2020-03-20 15:08:07 - [MESSAGE][PASSED] - Object 'Object Repository/ADMIN/Edit Text/Bespoke/Buyer Pages/Homepage/toaster_success' is visible]]></system-out>
         <system-err><![CDATA[]]></system-err>
      </testcase>
      <testcase name="Test Cases/ADMIN/Language/Edit Text/Bespoke/Admin Pages/Header_Footer" time="10.352" classname="Test Cases/ADMIN/Language/Edit Text/Bespoke/Admin Pages/Header_Footer" status="PASSED">
         <system-out><![CDATA[2020-03-20 15:08:07 - [TEST_CASE][PASSED] - Test Cases/ADMIN/Language/Edit Text/Bespoke/Admin Pages/Header_Footer: Test Cases/ADMIN/Language/Edit Text/Bespoke/Admin Pages/Header_Footer

2020-03-20 15:08:07 - [TEST_STEP][PASSED] - waitForElementVisible(findTestObject("ADMIN/Edit Text/Bespoke/Buyer Navigation/dd_language"), 0): Object 'Object Repository/ADMIN/Edit Text/Bespoke/Buyer Navigation/dd_language' is visible

2020-03-20 15:08:07 - [MESSAGE][WARNING] - Timeout '0' is invalid. Using default page load timeout: '30'

2020-03-20 15:08:07 - [MESSAGE][PASSED] - Object 'Object Repository/ADMIN/Edit Text/Bespoke/Buyer Navigation/dd_language' is visible

2020-03-20 15:08:07 - [TEST_STEP][PASSED] - selectOptionByLabel(findTestObject("ADMIN/Edit Text/Bespoke/Buyer Navigation/dd_language"), varLanguage, false): All options with label 'Hebrew' are selected in object 'Object Repository/ADMIN/Edit Text/Bespoke/Buyer Navigation/dd_language' 

2020-03-20 15:08:08 - [MESSAGE][PASSED] - All options with label 'Hebrew' are selected in object 'Object Repository/ADMIN/Edit Text/Bespoke/Buyer Navigation/dd_language' 

2020-03-20 15:08:08 - [TEST_STEP][PASSED] - sendKeys(findTestObject("ADMIN/Edit Text/Bespoke/Admin Pages/Header_Footer/input_Search_search"), "*"): Keys '*' sent to object: 'Object Repository/ADMIN/Edit Text/Bespoke/Admin Pages/Header_Footer/input_Search_search'

2020-03-20 15:08:09 - [MESSAGE][PASSED] - Keys '*' sent to object: 'Object Repository/ADMIN/Edit Text/Bespoke/Admin Pages/Header_Footer/input_Search_search'

2020-03-20 15:08:09 - [TEST_STEP][PASSED] - sendKeys(findTestObject("ADMIN/Edit Text/Bespoke/Admin Pages/Header_Footer/input_BE A SELLER_be_seller"), "*"): Keys '*' sent to object: 'Object Repository/ADMIN/Edit Text/Bespoke/Admin Pages/Header_Footer/input_BE A SELLER_be_seller'

2020-03-20 15:08:09 - [MESSAGE][PASSED] - Keys '*' sent to object: 'Object Repository/ADMIN/Edit Text/Bespoke/Admin Pages/Header_Footer/input_BE A SELLER_be_seller'

2020-03-20 15:08:09 - [TEST_STEP][PASSED] - sendKeys(findTestObject("ADMIN/Edit Text/Bespoke/Admin Pages/Header_Footer/input_MORE_more"), "*"): Keys '*' sent to object: 'Object Repository/ADMIN/Edit Text/Bespoke/Admin Pages/Header_Footer/input_MORE_more'

2020-03-20 15:08:09 - [MESSAGE][PASSED] - Keys '*' sent to object: 'Object Repository/ADMIN/Edit Text/Bespoke/Admin Pages/Header_Footer/input_MORE_more'

2020-03-20 15:08:09 - [TEST_STEP][PASSED] - sendKeys(findTestObject("ADMIN/Edit Text/Bespoke/Admin Pages/Header_Footer/input_VIEW CART_btn_next"), "*"): Keys '*' sent to object: 'Object Repository/ADMIN/Edit Text/Bespoke/Admin Pages/Header_Footer/input_VIEW CART_btn_next'

2020-03-20 15:08:10 - [MESSAGE][PASSED] - Keys '*' sent to object: 'Object Repository/ADMIN/Edit Text/Bespoke/Admin Pages/Header_Footer/input_VIEW CART_btn_next'

2020-03-20 15:08:10 - [TEST_STEP][PASSED] - sendKeys(findTestObject("ADMIN/Edit Text/Bespoke/Admin Pages/Header_Footer/input_REGISTER  SIGN IN_register_signin"), "*"): Keys '*' sent to object: 'Object Repository/ADMIN/Edit Text/Bespoke/Admin Pages/Header_Footer/input_REGISTER  SIGN IN_register_signin'

2020-03-20 15:08:10 - [MESSAGE][PASSED] - Keys '*' sent to object: 'Object Repository/ADMIN/Edit Text/Bespoke/Admin Pages/Header_Footer/input_REGISTER  SIGN IN_register_signin'

2020-03-20 15:08:10 - [TEST_STEP][PASSED] - sendKeys(findTestObject("ADMIN/Edit Text/Bespoke/Admin Pages/Header_Footer/input_SELLER_sell"), "*"): Keys '*' sent to object: 'Object Repository/ADMIN/Edit Text/Bespoke/Admin Pages/Header_Footer/input_SELLER_sell'

2020-03-20 15:08:10 - [MESSAGE][PASSED] - Keys '*' sent to object: 'Object Repository/ADMIN/Edit Text/Bespoke/Admin Pages/Header_Footer/input_SELLER_sell'

2020-03-20 15:08:10 - [TEST_STEP][PASSED] - sendKeys(findTestObject("ADMIN/Edit Text/Bespoke/Admin Pages/Header_Footer/input_PROFILE_profile"), "*"): Keys '*' sent to object: 'Object Repository/ADMIN/Edit Text/Bespoke/Admin Pages/Header_Footer/input_PROFILE_profile'

2020-03-20 15:08:10 - [MESSAGE][PASSED] - Keys '*' sent to object: 'Object Repository/ADMIN/Edit Text/Bespoke/Admin Pages/Header_Footer/input_PROFILE_profile'

2020-03-20 15:08:10 - [TEST_STEP][PASSED] - sendKeys(findTestObject("ADMIN/Edit Text/Bespoke/Admin Pages/Header_Footer/input_Dashboard_Dashboard"), "*"): Keys '*' sent to object: 'Object Repository/ADMIN/Edit Text/Bespoke/Admin Pages/Header_Footer/input_Dashboard_Dashboard'

2020-03-20 15:08:11 - [MESSAGE][PASSED] - Keys '*' sent to object: 'Object Repository/ADMIN/Edit Text/Bespoke/Admin Pages/Header_Footer/input_Dashboard_Dashboard'

2020-03-20 15:08:11 - [TEST_STEP][PASSED] - sendKeys(findTestObject("ADMIN/Edit Text/Bespoke/Admin Pages/Header_Footer/input_Purchases_Purchases"), "*"): Keys '*' sent to object: 'Object Repository/ADMIN/Edit Text/Bespoke/Admin Pages/Header_Footer/input_Purchases_Purchases'

2020-03-20 15:08:11 - [MESSAGE][PASSED] - Keys '*' sent to object: 'Object Repository/ADMIN/Edit Text/Bespoke/Admin Pages/Header_Footer/input_Purchases_Purchases'

2020-03-20 15:08:11 - [TEST_STEP][PASSED] - sendKeys(findTestObject("ADMIN/Edit Text/Bespoke/Admin Pages/Header_Footer/input_Your Items_Your Items"), "*"): Keys '*' sent to object: 'Object Repository/ADMIN/Edit Text/Bespoke/Admin Pages/Header_Footer/input_Your Items_Your Items'

2020-03-20 15:08:11 - [MESSAGE][PASSED] - Keys '*' sent to object: 'Object Repository/ADMIN/Edit Text/Bespoke/Admin Pages/Header_Footer/input_Your Items_Your Items'

2020-03-20 15:08:11 - [TEST_STEP][PASSED] - sendKeys(findTestObject("ADMIN/Edit Text/Bespoke/Admin Pages/Header_Footer/input_Settings_Settings"), "*"): Keys '*' sent to object: 'Object Repository/ADMIN/Edit Text/Bespoke/Admin Pages/Header_Footer/input_Settings_Settings'

2020-03-20 15:08:11 - [MESSAGE][PASSED] - Keys '*' sent to object: 'Object Repository/ADMIN/Edit Text/Bespoke/Admin Pages/Header_Footer/input_Settings_Settings'

2020-03-20 15:08:11 - [TEST_STEP][PASSED] - sendKeys(findTestObject("ADMIN/Edit Text/Bespoke/Admin Pages/Header_Footer/input_Upload_Upload"), "*"): Keys '*' sent to object: 'Object Repository/ADMIN/Edit Text/Bespoke/Admin Pages/Header_Footer/input_Upload_Upload'

2020-03-20 15:08:11 - [MESSAGE][PASSED] - Keys '*' sent to object: 'Object Repository/ADMIN/Edit Text/Bespoke/Admin Pages/Header_Footer/input_Upload_Upload'

2020-03-20 15:08:11 - [TEST_STEP][PASSED] - sendKeys(findTestObject("ADMIN/Edit Text/Bespoke/Admin Pages/Header_Footer/input_Logout_Logout"), "*"): Keys '*' sent to object: 'Object Repository/ADMIN/Edit Text/Bespoke/Admin Pages/Header_Footer/input_Logout_Logout'

2020-03-20 15:08:11 - [MESSAGE][PASSED] - Keys '*' sent to object: 'Object Repository/ADMIN/Edit Text/Bespoke/Admin Pages/Header_Footer/input_Logout_Logout'

2020-03-20 15:08:11 - [TEST_STEP][PASSED] - sendKeys(findTestObject("ADMIN/Edit Text/Bespoke/Admin Pages/Header_Footer/input_Orders_Orders"), "*"): Keys '*' sent to object: 'Object Repository/ADMIN/Edit Text/Bespoke/Admin Pages/Header_Footer/input_Orders_Orders'

2020-03-20 15:08:12 - [MESSAGE][PASSED] - Keys '*' sent to object: 'Object Repository/ADMIN/Edit Text/Bespoke/Admin Pages/Header_Footer/input_Orders_Orders'

2020-03-20 15:08:12 - [TEST_STEP][PASSED] - sendKeys(findTestObject("ADMIN/Edit Text/Bespoke/Admin Pages/Header_Footer/input_Sub-accounts_Sub-accounts"), "*"): Keys '*' sent to object: 'Object Repository/ADMIN/Edit Text/Bespoke/Admin Pages/Header_Footer/input_Sub-accounts_Sub-accounts'

2020-03-20 15:08:12 - [MESSAGE][PASSED] - Keys '*' sent to object: 'Object Repository/ADMIN/Edit Text/Bespoke/Admin Pages/Header_Footer/input_Sub-accounts_Sub-accounts'

2020-03-20 15:08:12 - [TEST_STEP][PASSED] - sendKeys(findTestObject("ADMIN/Edit Text/Bespoke/Admin Pages/Header_Footer/input_Sales_Sales"), "*"): Keys '*' sent to object: 'Object Repository/ADMIN/Edit Text/Bespoke/Admin Pages/Header_Footer/input_Sales_Sales'

2020-03-20 15:08:12 - [MESSAGE][PASSED] - Keys '*' sent to object: 'Object Repository/ADMIN/Edit Text/Bespoke/Admin Pages/Header_Footer/input_Sales_Sales'

2020-03-20 15:08:12 - [TEST_STEP][PASSED] - sendKeys(findTestObject("ADMIN/Edit Text/Bespoke/Admin Pages/Header_Footer/input_Browse_Browse"), "*"): Keys '*' sent to object: 'Object Repository/ADMIN/Edit Text/Bespoke/Admin Pages/Header_Footer/input_Browse_Browse'

2020-03-20 15:08:12 - [MESSAGE][PASSED] - Keys '*' sent to object: 'Object Repository/ADMIN/Edit Text/Bespoke/Admin Pages/Header_Footer/input_Browse_Browse'

2020-03-20 15:08:12 - [TEST_STEP][PASSED] - sendKeys(findTestObject("ADMIN/Edit Text/Bespoke/Admin Pages/Header_Footer/input_SELLER_sell1"), "*"): Keys '*' sent to object: 'Object Repository/ADMIN/Edit Text/Bespoke/Admin Pages/Header_Footer/input_SELLER_sell1'

2020-03-20 15:08:12 - [MESSAGE][PASSED] - Keys '*' sent to object: 'Object Repository/ADMIN/Edit Text/Bespoke/Admin Pages/Header_Footer/input_SELLER_sell1'

2020-03-20 15:08:12 - [TEST_STEP][PASSED] - sendKeys(findTestObject("ADMIN/Edit Text/Bespoke/Admin Pages/Header_Footer/input_PROFILE_profile1"), "*"): Keys '*' sent to object: 'Object Repository/ADMIN/Edit Text/Bespoke/Admin Pages/Header_Footer/input_PROFILE_profile1'

2020-03-20 15:08:13 - [MESSAGE][PASSED] - Keys '*' sent to object: 'Object Repository/ADMIN/Edit Text/Bespoke/Admin Pages/Header_Footer/input_PROFILE_profile1'

2020-03-20 15:08:13 - [TEST_STEP][PASSED] - sendKeys(findTestObject("ADMIN/Edit Text/Bespoke/Admin Pages/Header_Footer/input_Dashboard_Dashboard1"), "*"): Keys '*' sent to object: 'Object Repository/ADMIN/Edit Text/Bespoke/Admin Pages/Header_Footer/input_Dashboard_Dashboard1'

2020-03-20 15:08:13 - [MESSAGE][PASSED] - Keys '*' sent to object: 'Object Repository/ADMIN/Edit Text/Bespoke/Admin Pages/Header_Footer/input_Dashboard_Dashboard1'

2020-03-20 15:08:13 - [TEST_STEP][PASSED] - sendKeys(findTestObject("ADMIN/Edit Text/Bespoke/Admin Pages/Header_Footer/input_Purchases_Purchases1"), "*"): Keys '*' sent to object: 'Object Repository/ADMIN/Edit Text/Bespoke/Admin Pages/Header_Footer/input_Purchases_Purchases1'

2020-03-20 15:08:13 - [MESSAGE][PASSED] - Keys '*' sent to object: 'Object Repository/ADMIN/Edit Text/Bespoke/Admin Pages/Header_Footer/input_Purchases_Purchases1'

2020-03-20 15:08:13 - [TEST_STEP][PASSED] - sendKeys(findTestObject("ADMIN/Edit Text/Bespoke/Admin Pages/Header_Footer/input_Your Items_Your Items1"), "*"): Keys '*' sent to object: 'Object Repository/ADMIN/Edit Text/Bespoke/Admin Pages/Header_Footer/input_Your Items_Your Items1'

2020-03-20 15:08:13 - [MESSAGE][PASSED] - Keys '*' sent to object: 'Object Repository/ADMIN/Edit Text/Bespoke/Admin Pages/Header_Footer/input_Your Items_Your Items1'

2020-03-20 15:08:13 - [TEST_STEP][PASSED] - sendKeys(findTestObject("ADMIN/Edit Text/Bespoke/Admin Pages/Header_Footer/input_Settings_Settings1"), "*"): Keys '*' sent to object: 'Object Repository/ADMIN/Edit Text/Bespoke/Admin Pages/Header_Footer/input_Settings_Settings1'

2020-03-20 15:08:14 - [MESSAGE][PASSED] - Keys '*' sent to object: 'Object Repository/ADMIN/Edit Text/Bespoke/Admin Pages/Header_Footer/input_Settings_Settings1'

2020-03-20 15:08:14 - [TEST_STEP][PASSED] - sendKeys(findTestObject("ADMIN/Edit Text/Bespoke/Admin Pages/Header_Footer/input_Upload_Upload1"), "*"): Keys '*' sent to object: 'Object Repository/ADMIN/Edit Text/Bespoke/Admin Pages/Header_Footer/input_Upload_Upload1'

2020-03-20 15:08:14 - [MESSAGE][PASSED] - Keys '*' sent to object: 'Object Repository/ADMIN/Edit Text/Bespoke/Admin Pages/Header_Footer/input_Upload_Upload1'

2020-03-20 15:08:14 - [TEST_STEP][PASSED] - sendKeys(findTestObject("ADMIN/Edit Text/Bespoke/Admin Pages/Header_Footer/input_Logout_Logout1"), "*"): Keys '*' sent to object: 'Object Repository/ADMIN/Edit Text/Bespoke/Admin Pages/Header_Footer/input_Logout_Logout1'

2020-03-20 15:08:14 - [MESSAGE][PASSED] - Keys '*' sent to object: 'Object Repository/ADMIN/Edit Text/Bespoke/Admin Pages/Header_Footer/input_Logout_Logout1'

2020-03-20 15:08:14 - [TEST_STEP][PASSED] - sendKeys(findTestObject("ADMIN/Edit Text/Bespoke/Admin Pages/Header_Footer/input_Orders_Orders1"), "*"): Keys '*' sent to object: 'Object Repository/ADMIN/Edit Text/Bespoke/Admin Pages/Header_Footer/input_Orders_Orders1'

2020-03-20 15:08:15 - [MESSAGE][PASSED] - Keys '*' sent to object: 'Object Repository/ADMIN/Edit Text/Bespoke/Admin Pages/Header_Footer/input_Orders_Orders1'

2020-03-20 15:08:15 - [TEST_STEP][PASSED] - sendKeys(findTestObject("ADMIN/Edit Text/Bespoke/Admin Pages/Header_Footer/input_Sales_Sales1"), "*"): Keys '*' sent to object: 'Object Repository/ADMIN/Edit Text/Bespoke/Admin Pages/Header_Footer/input_Sales_Sales1'

2020-03-20 15:08:15 - [MESSAGE][PASSED] - Keys '*' sent to object: 'Object Repository/ADMIN/Edit Text/Bespoke/Admin Pages/Header_Footer/input_Sales_Sales1'

2020-03-20 15:08:15 - [TEST_STEP][PASSED] - sendKeys(findTestObject("ADMIN/Edit Text/Bespoke/Admin Pages/Header_Footer/input_ABOUT US_ABOUT US"), "*"): Keys '*' sent to object: 'Object Repository/ADMIN/Edit Text/Bespoke/Admin Pages/Header_Footer/input_ABOUT US_ABOUT US'

2020-03-20 15:08:15 - [MESSAGE][PASSED] - Keys '*' sent to object: 'Object Repository/ADMIN/Edit Text/Bespoke/Admin Pages/Header_Footer/input_ABOUT US_ABOUT US'

2020-03-20 15:08:15 - [TEST_STEP][PASSED] - sendKeys(findTestObject("ADMIN/Edit Text/Bespoke/Admin Pages/Header_Footer/input_SERVICE TERMS_SERVICE TERMS"), "*"): Keys '*' sent to object: 'Object Repository/ADMIN/Edit Text/Bespoke/Admin Pages/Header_Footer/input_SERVICE TERMS_SERVICE TERMS'

2020-03-20 15:08:16 - [MESSAGE][PASSED] - Keys '*' sent to object: 'Object Repository/ADMIN/Edit Text/Bespoke/Admin Pages/Header_Footer/input_SERVICE TERMS_SERVICE TERMS'

2020-03-20 15:08:16 - [TEST_STEP][PASSED] - sendKeys(findTestObject("ADMIN/Edit Text/Bespoke/Admin Pages/Header_Footer/input_PRIVACY_PRIVACY"), "*"): Keys '*' sent to object: 'Object Repository/ADMIN/Edit Text/Bespoke/Admin Pages/Header_Footer/input_PRIVACY_PRIVACY'

2020-03-20 15:08:16 - [MESSAGE][PASSED] - Keys '*' sent to object: 'Object Repository/ADMIN/Edit Text/Bespoke/Admin Pages/Header_Footer/input_PRIVACY_PRIVACY'

2020-03-20 15:08:16 - [TEST_STEP][PASSED] - sendKeys(findTestObject("ADMIN/Edit Text/Bespoke/Admin Pages/Header_Footer/input_RETURNS_RETURNS"), "*"): Keys '*' sent to object: 'Object Repository/ADMIN/Edit Text/Bespoke/Admin Pages/Header_Footer/input_RETURNS_RETURNS'

2020-03-20 15:08:16 - [MESSAGE][PASSED] - Keys '*' sent to object: 'Object Repository/ADMIN/Edit Text/Bespoke/Admin Pages/Header_Footer/input_RETURNS_RETURNS'

2020-03-20 15:08:16 - [TEST_STEP][PASSED] - sendKeys(findTestObject("ADMIN/Edit Text/Bespoke/Admin Pages/Header_Footer/input_FAQ_FAQ"), "*"): Keys '*' sent to object: 'Object Repository/ADMIN/Edit Text/Bespoke/Admin Pages/Header_Footer/input_FAQ_FAQ'

2020-03-20 15:08:16 - [MESSAGE][PASSED] - Keys '*' sent to object: 'Object Repository/ADMIN/Edit Text/Bespoke/Admin Pages/Header_Footer/input_FAQ_FAQ'

2020-03-20 15:08:16 - [TEST_STEP][PASSED] - sendKeys(findTestObject("ADMIN/Edit Text/Bespoke/Admin Pages/Header_Footer/input_CONTACT_CONTACT"), "*"): Keys '*' sent to object: 'Object Repository/ADMIN/Edit Text/Bespoke/Admin Pages/Header_Footer/input_CONTACT_CONTACT'

2020-03-20 15:08:16 - [MESSAGE][PASSED] - Keys '*' sent to object: 'Object Repository/ADMIN/Edit Text/Bespoke/Admin Pages/Header_Footer/input_CONTACT_CONTACT'

2020-03-20 15:08:16 - [TEST_STEP][PASSED] - sendKeys(findTestObject("ADMIN/Edit Text/Bespoke/Admin Pages/Header_Footer/input_All rights reserved _foot_copyright"), "*"): Keys '*' sent to object: 'Object Repository/ADMIN/Edit Text/Bespoke/Admin Pages/Header_Footer/input_All rights reserved _foot_copyright'

2020-03-20 15:08:16 - [MESSAGE][PASSED] - Keys '*' sent to object: 'Object Repository/ADMIN/Edit Text/Bespoke/Admin Pages/Header_Footer/input_All rights reserved _foot_copyright'

2020-03-20 15:08:16 - [TEST_STEP][PASSED] - click(findTestObject("ADMIN/Edit Text/Bespoke/Buyer Pages/Homepage/button_save"), CONTINUE_ON_FAILURE): Object: 'Object Repository/ADMIN/Edit Text/Bespoke/Buyer Pages/Homepage/button_save' is clicked on

2020-03-20 15:08:17 - [MESSAGE][PASSED] - Object: 'Object Repository/ADMIN/Edit Text/Bespoke/Buyer Pages/Homepage/button_save' is clicked on

2020-03-20 15:08:17 - [TEST_STEP][PASSED] - waitForElementVisible(findTestObject("ADMIN/Edit Text/Bespoke/Buyer Pages/Homepage/toaster_success"), 0): Object 'Object Repository/ADMIN/Edit Text/Bespoke/Buyer Pages/Homepage/toaster_success' is visible

2020-03-20 15:08:17 - [MESSAGE][WARNING] - Timeout '0' is invalid. Using default page load timeout: '30'

2020-03-20 15:08:17 - [MESSAGE][PASSED] - Object 'Object Repository/ADMIN/Edit Text/Bespoke/Buyer Pages/Homepage/toaster_success' is visible]]></system-out>
         <system-err><![CDATA[]]></system-err>
      </testcase>
      <testcase name="Test Cases/ADMIN/Language/Edit Text/Bespoke/Admin Pages/Header_Footer" time="10.221" classname="Test Cases/ADMIN/Language/Edit Text/Bespoke/Admin Pages/Header_Footer" status="PASSED">
         <system-out><![CDATA[2020-03-20 15:08:17 - [TEST_CASE][PASSED] - Test Cases/ADMIN/Language/Edit Text/Bespoke/Admin Pages/Header_Footer: Test Cases/ADMIN/Language/Edit Text/Bespoke/Admin Pages/Header_Footer

2020-03-20 15:08:17 - [TEST_STEP][PASSED] - waitForElementVisible(findTestObject("ADMIN/Edit Text/Bespoke/Buyer Navigation/dd_language"), 0): Object 'Object Repository/ADMIN/Edit Text/Bespoke/Buyer Navigation/dd_language' is visible

2020-03-20 15:08:17 - [MESSAGE][WARNING] - Timeout '0' is invalid. Using default page load timeout: '30'

2020-03-20 15:08:18 - [MESSAGE][PASSED] - Object 'Object Repository/ADMIN/Edit Text/Bespoke/Buyer Navigation/dd_language' is visible

2020-03-20 15:08:18 - [TEST_STEP][PASSED] - selectOptionByLabel(findTestObject("ADMIN/Edit Text/Bespoke/Buyer Navigation/dd_language"), varLanguage, false): All options with label 'English' are selected in object 'Object Repository/ADMIN/Edit Text/Bespoke/Buyer Navigation/dd_language' 

2020-03-20 15:08:19 - [MESSAGE][PASSED] - All options with label 'English' are selected in object 'Object Repository/ADMIN/Edit Text/Bespoke/Buyer Navigation/dd_language' 

2020-03-20 15:08:19 - [TEST_STEP][PASSED] - sendKeys(findTestObject("ADMIN/Edit Text/Bespoke/Admin Pages/Header_Footer/input_Search_search"), "*"): Keys '*' sent to object: 'Object Repository/ADMIN/Edit Text/Bespoke/Admin Pages/Header_Footer/input_Search_search'

2020-03-20 15:08:19 - [MESSAGE][PASSED] - Keys '*' sent to object: 'Object Repository/ADMIN/Edit Text/Bespoke/Admin Pages/Header_Footer/input_Search_search'

2020-03-20 15:08:19 - [TEST_STEP][PASSED] - sendKeys(findTestObject("ADMIN/Edit Text/Bespoke/Admin Pages/Header_Footer/input_BE A SELLER_be_seller"), "*"): Keys '*' sent to object: 'Object Repository/ADMIN/Edit Text/Bespoke/Admin Pages/Header_Footer/input_BE A SELLER_be_seller'

2020-03-20 15:08:20 - [MESSAGE][PASSED] - Keys '*' sent to object: 'Object Repository/ADMIN/Edit Text/Bespoke/Admin Pages/Header_Footer/input_BE A SELLER_be_seller'

2020-03-20 15:08:20 - [TEST_STEP][PASSED] - sendKeys(findTestObject("ADMIN/Edit Text/Bespoke/Admin Pages/Header_Footer/input_MORE_more"), "*"): Keys '*' sent to object: 'Object Repository/ADMIN/Edit Text/Bespoke/Admin Pages/Header_Footer/input_MORE_more'

2020-03-20 15:08:20 - [MESSAGE][PASSED] - Keys '*' sent to object: 'Object Repository/ADMIN/Edit Text/Bespoke/Admin Pages/Header_Footer/input_MORE_more'

2020-03-20 15:08:20 - [TEST_STEP][PASSED] - sendKeys(findTestObject("ADMIN/Edit Text/Bespoke/Admin Pages/Header_Footer/input_VIEW CART_btn_next"), "*"): Keys '*' sent to object: 'Object Repository/ADMIN/Edit Text/Bespoke/Admin Pages/Header_Footer/input_VIEW CART_btn_next'

2020-03-20 15:08:20 - [MESSAGE][PASSED] - Keys '*' sent to object: 'Object Repository/ADMIN/Edit Text/Bespoke/Admin Pages/Header_Footer/input_VIEW CART_btn_next'

2020-03-20 15:08:20 - [TEST_STEP][PASSED] - sendKeys(findTestObject("ADMIN/Edit Text/Bespoke/Admin Pages/Header_Footer/input_REGISTER  SIGN IN_register_signin"), "*"): Keys '*' sent to object: 'Object Repository/ADMIN/Edit Text/Bespoke/Admin Pages/Header_Footer/input_REGISTER  SIGN IN_register_signin'

2020-03-20 15:08:20 - [MESSAGE][PASSED] - Keys '*' sent to object: 'Object Repository/ADMIN/Edit Text/Bespoke/Admin Pages/Header_Footer/input_REGISTER  SIGN IN_register_signin'

2020-03-20 15:08:20 - [TEST_STEP][PASSED] - sendKeys(findTestObject("ADMIN/Edit Text/Bespoke/Admin Pages/Header_Footer/input_SELLER_sell"), "*"): Keys '*' sent to object: 'Object Repository/ADMIN/Edit Text/Bespoke/Admin Pages/Header_Footer/input_SELLER_sell'

2020-03-20 15:08:21 - [MESSAGE][PASSED] - Keys '*' sent to object: 'Object Repository/ADMIN/Edit Text/Bespoke/Admin Pages/Header_Footer/input_SELLER_sell'

2020-03-20 15:08:21 - [TEST_STEP][PASSED] - sendKeys(findTestObject("ADMIN/Edit Text/Bespoke/Admin Pages/Header_Footer/input_PROFILE_profile"), "*"): Keys '*' sent to object: 'Object Repository/ADMIN/Edit Text/Bespoke/Admin Pages/Header_Footer/input_PROFILE_profile'

2020-03-20 15:08:21 - [MESSAGE][PASSED] - Keys '*' sent to object: 'Object Repository/ADMIN/Edit Text/Bespoke/Admin Pages/Header_Footer/input_PROFILE_profile'

2020-03-20 15:08:21 - [TEST_STEP][PASSED] - sendKeys(findTestObject("ADMIN/Edit Text/Bespoke/Admin Pages/Header_Footer/input_Dashboard_Dashboard"), "*"): Keys '*' sent to object: 'Object Repository/ADMIN/Edit Text/Bespoke/Admin Pages/Header_Footer/input_Dashboard_Dashboard'

2020-03-20 15:08:21 - [MESSAGE][PASSED] - Keys '*' sent to object: 'Object Repository/ADMIN/Edit Text/Bespoke/Admin Pages/Header_Footer/input_Dashboard_Dashboard'

2020-03-20 15:08:21 - [TEST_STEP][PASSED] - sendKeys(findTestObject("ADMIN/Edit Text/Bespoke/Admin Pages/Header_Footer/input_Purchases_Purchases"), "*"): Keys '*' sent to object: 'Object Repository/ADMIN/Edit Text/Bespoke/Admin Pages/Header_Footer/input_Purchases_Purchases'

2020-03-20 15:08:21 - [MESSAGE][PASSED] - Keys '*' sent to object: 'Object Repository/ADMIN/Edit Text/Bespoke/Admin Pages/Header_Footer/input_Purchases_Purchases'

2020-03-20 15:08:21 - [TEST_STEP][PASSED] - sendKeys(findTestObject("ADMIN/Edit Text/Bespoke/Admin Pages/Header_Footer/input_Your Items_Your Items"), "*"): Keys '*' sent to object: 'Object Repository/ADMIN/Edit Text/Bespoke/Admin Pages/Header_Footer/input_Your Items_Your Items'

2020-03-20 15:08:22 - [MESSAGE][PASSED] - Keys '*' sent to object: 'Object Repository/ADMIN/Edit Text/Bespoke/Admin Pages/Header_Footer/input_Your Items_Your Items'

2020-03-20 15:08:22 - [TEST_STEP][PASSED] - sendKeys(findTestObject("ADMIN/Edit Text/Bespoke/Admin Pages/Header_Footer/input_Settings_Settings"), "*"): Keys '*' sent to object: 'Object Repository/ADMIN/Edit Text/Bespoke/Admin Pages/Header_Footer/input_Settings_Settings'

2020-03-20 15:08:22 - [MESSAGE][PASSED] - Keys '*' sent to object: 'Object Repository/ADMIN/Edit Text/Bespoke/Admin Pages/Header_Footer/input_Settings_Settings'

2020-03-20 15:08:22 - [TEST_STEP][PASSED] - sendKeys(findTestObject("ADMIN/Edit Text/Bespoke/Admin Pages/Header_Footer/input_Upload_Upload"), "*"): Keys '*' sent to object: 'Object Repository/ADMIN/Edit Text/Bespoke/Admin Pages/Header_Footer/input_Upload_Upload'

2020-03-20 15:08:22 - [MESSAGE][PASSED] - Keys '*' sent to object: 'Object Repository/ADMIN/Edit Text/Bespoke/Admin Pages/Header_Footer/input_Upload_Upload'

2020-03-20 15:08:22 - [TEST_STEP][PASSED] - sendKeys(findTestObject("ADMIN/Edit Text/Bespoke/Admin Pages/Header_Footer/input_Logout_Logout"), "*"): Keys '*' sent to object: 'Object Repository/ADMIN/Edit Text/Bespoke/Admin Pages/Header_Footer/input_Logout_Logout'

2020-03-20 15:08:22 - [MESSAGE][PASSED] - Keys '*' sent to object: 'Object Repository/ADMIN/Edit Text/Bespoke/Admin Pages/Header_Footer/input_Logout_Logout'

2020-03-20 15:08:22 - [TEST_STEP][PASSED] - sendKeys(findTestObject("ADMIN/Edit Text/Bespoke/Admin Pages/Header_Footer/input_Orders_Orders"), "*"): Keys '*' sent to object: 'Object Repository/ADMIN/Edit Text/Bespoke/Admin Pages/Header_Footer/input_Orders_Orders'

2020-03-20 15:08:22 - [MESSAGE][PASSED] - Keys '*' sent to object: 'Object Repository/ADMIN/Edit Text/Bespoke/Admin Pages/Header_Footer/input_Orders_Orders'

2020-03-20 15:08:22 - [TEST_STEP][PASSED] - sendKeys(findTestObject("ADMIN/Edit Text/Bespoke/Admin Pages/Header_Footer/input_Sub-accounts_Sub-accounts"), "*"): Keys '*' sent to object: 'Object Repository/ADMIN/Edit Text/Bespoke/Admin Pages/Header_Footer/input_Sub-accounts_Sub-accounts'

2020-03-20 15:08:22 - [MESSAGE][PASSED] - Keys '*' sent to object: 'Object Repository/ADMIN/Edit Text/Bespoke/Admin Pages/Header_Footer/input_Sub-accounts_Sub-accounts'

2020-03-20 15:08:22 - [TEST_STEP][PASSED] - sendKeys(findTestObject("ADMIN/Edit Text/Bespoke/Admin Pages/Header_Footer/input_Sales_Sales"), "*"): Keys '*' sent to object: 'Object Repository/ADMIN/Edit Text/Bespoke/Admin Pages/Header_Footer/input_Sales_Sales'

2020-03-20 15:08:23 - [MESSAGE][PASSED] - Keys '*' sent to object: 'Object Repository/ADMIN/Edit Text/Bespoke/Admin Pages/Header_Footer/input_Sales_Sales'

2020-03-20 15:08:23 - [TEST_STEP][PASSED] - sendKeys(findTestObject("ADMIN/Edit Text/Bespoke/Admin Pages/Header_Footer/input_Browse_Browse"), "*"): Keys '*' sent to object: 'Object Repository/ADMIN/Edit Text/Bespoke/Admin Pages/Header_Footer/input_Browse_Browse'

2020-03-20 15:08:23 - [MESSAGE][PASSED] - Keys '*' sent to object: 'Object Repository/ADMIN/Edit Text/Bespoke/Admin Pages/Header_Footer/input_Browse_Browse'

2020-03-20 15:08:23 - [TEST_STEP][PASSED] - sendKeys(findTestObject("ADMIN/Edit Text/Bespoke/Admin Pages/Header_Footer/input_SELLER_sell1"), "*"): Keys '*' sent to object: 'Object Repository/ADMIN/Edit Text/Bespoke/Admin Pages/Header_Footer/input_SELLER_sell1'

2020-03-20 15:08:23 - [MESSAGE][PASSED] - Keys '*' sent to object: 'Object Repository/ADMIN/Edit Text/Bespoke/Admin Pages/Header_Footer/input_SELLER_sell1'

2020-03-20 15:08:23 - [TEST_STEP][PASSED] - sendKeys(findTestObject("ADMIN/Edit Text/Bespoke/Admin Pages/Header_Footer/input_PROFILE_profile1"), "*"): Keys '*' sent to object: 'Object Repository/ADMIN/Edit Text/Bespoke/Admin Pages/Header_Footer/input_PROFILE_profile1'

2020-03-20 15:08:23 - [MESSAGE][PASSED] - Keys '*' sent to object: 'Object Repository/ADMIN/Edit Text/Bespoke/Admin Pages/Header_Footer/input_PROFILE_profile1'

2020-03-20 15:08:23 - [TEST_STEP][PASSED] - sendKeys(findTestObject("ADMIN/Edit Text/Bespoke/Admin Pages/Header_Footer/input_Dashboard_Dashboard1"), "*"): Keys '*' sent to object: 'Object Repository/ADMIN/Edit Text/Bespoke/Admin Pages/Header_Footer/input_Dashboard_Dashboard1'

2020-03-20 15:08:24 - [MESSAGE][PASSED] - Keys '*' sent to object: 'Object Repository/ADMIN/Edit Text/Bespoke/Admin Pages/Header_Footer/input_Dashboard_Dashboard1'

2020-03-20 15:08:24 - [TEST_STEP][PASSED] - sendKeys(findTestObject("ADMIN/Edit Text/Bespoke/Admin Pages/Header_Footer/input_Purchases_Purchases1"), "*"): Keys '*' sent to object: 'Object Repository/ADMIN/Edit Text/Bespoke/Admin Pages/Header_Footer/input_Purchases_Purchases1'

2020-03-20 15:08:24 - [MESSAGE][PASSED] - Keys '*' sent to object: 'Object Repository/ADMIN/Edit Text/Bespoke/Admin Pages/Header_Footer/input_Purchases_Purchases1'

2020-03-20 15:08:24 - [TEST_STEP][PASSED] - sendKeys(findTestObject("ADMIN/Edit Text/Bespoke/Admin Pages/Header_Footer/input_Your Items_Your Items1"), "*"): Keys '*' sent to object: 'Object Repository/ADMIN/Edit Text/Bespoke/Admin Pages/Header_Footer/input_Your Items_Your Items1'

2020-03-20 15:08:24 - [MESSAGE][PASSED] - Keys '*' sent to object: 'Object Repository/ADMIN/Edit Text/Bespoke/Admin Pages/Header_Footer/input_Your Items_Your Items1'

2020-03-20 15:08:24 - [TEST_STEP][PASSED] - sendKeys(findTestObject("ADMIN/Edit Text/Bespoke/Admin Pages/Header_Footer/input_Settings_Settings1"), "*"): Keys '*' sent to object: 'Object Repository/ADMIN/Edit Text/Bespoke/Admin Pages/Header_Footer/input_Settings_Settings1'

2020-03-20 15:08:24 - [MESSAGE][PASSED] - Keys '*' sent to object: 'Object Repository/ADMIN/Edit Text/Bespoke/Admin Pages/Header_Footer/input_Settings_Settings1'

2020-03-20 15:08:24 - [TEST_STEP][PASSED] - sendKeys(findTestObject("ADMIN/Edit Text/Bespoke/Admin Pages/Header_Footer/input_Upload_Upload1"), "*"): Keys '*' sent to object: 'Object Repository/ADMIN/Edit Text/Bespoke/Admin Pages/Header_Footer/input_Upload_Upload1'

2020-03-20 15:08:24 - [MESSAGE][PASSED] - Keys '*' sent to object: 'Object Repository/ADMIN/Edit Text/Bespoke/Admin Pages/Header_Footer/input_Upload_Upload1'

2020-03-20 15:08:24 - [TEST_STEP][PASSED] - sendKeys(findTestObject("ADMIN/Edit Text/Bespoke/Admin Pages/Header_Footer/input_Logout_Logout1"), "*"): Keys '*' sent to object: 'Object Repository/ADMIN/Edit Text/Bespoke/Admin Pages/Header_Footer/input_Logout_Logout1'

2020-03-20 15:08:25 - [MESSAGE][PASSED] - Keys '*' sent to object: 'Object Repository/ADMIN/Edit Text/Bespoke/Admin Pages/Header_Footer/input_Logout_Logout1'

2020-03-20 15:08:25 - [TEST_STEP][PASSED] - sendKeys(findTestObject("ADMIN/Edit Text/Bespoke/Admin Pages/Header_Footer/input_Orders_Orders1"), "*"): Keys '*' sent to object: 'Object Repository/ADMIN/Edit Text/Bespoke/Admin Pages/Header_Footer/input_Orders_Orders1'

2020-03-20 15:08:25 - [MESSAGE][PASSED] - Keys '*' sent to object: 'Object Repository/ADMIN/Edit Text/Bespoke/Admin Pages/Header_Footer/input_Orders_Orders1'

2020-03-20 15:08:25 - [TEST_STEP][PASSED] - sendKeys(findTestObject("ADMIN/Edit Text/Bespoke/Admin Pages/Header_Footer/input_Sales_Sales1"), "*"): Keys '*' sent to object: 'Object Repository/ADMIN/Edit Text/Bespoke/Admin Pages/Header_Footer/input_Sales_Sales1'

2020-03-20 15:08:25 - [MESSAGE][PASSED] - Keys '*' sent to object: 'Object Repository/ADMIN/Edit Text/Bespoke/Admin Pages/Header_Footer/input_Sales_Sales1'

2020-03-20 15:08:25 - [TEST_STEP][PASSED] - sendKeys(findTestObject("ADMIN/Edit Text/Bespoke/Admin Pages/Header_Footer/input_ABOUT US_ABOUT US"), "*"): Keys '*' sent to object: 'Object Repository/ADMIN/Edit Text/Bespoke/Admin Pages/Header_Footer/input_ABOUT US_ABOUT US'

2020-03-20 15:08:25 - [MESSAGE][PASSED] - Keys '*' sent to object: 'Object Repository/ADMIN/Edit Text/Bespoke/Admin Pages/Header_Footer/input_ABOUT US_ABOUT US'

2020-03-20 15:08:25 - [TEST_STEP][PASSED] - sendKeys(findTestObject("ADMIN/Edit Text/Bespoke/Admin Pages/Header_Footer/input_SERVICE TERMS_SERVICE TERMS"), "*"): Keys '*' sent to object: 'Object Repository/ADMIN/Edit Text/Bespoke/Admin Pages/Header_Footer/input_SERVICE TERMS_SERVICE TERMS'

2020-03-20 15:08:26 - [MESSAGE][PASSED] - Keys '*' sent to object: 'Object Repository/ADMIN/Edit Text/Bespoke/Admin Pages/Header_Footer/input_SERVICE TERMS_SERVICE TERMS'

2020-03-20 15:08:26 - [TEST_STEP][PASSED] - sendKeys(findTestObject("ADMIN/Edit Text/Bespoke/Admin Pages/Header_Footer/input_PRIVACY_PRIVACY"), "*"): Keys '*' sent to object: 'Object Repository/ADMIN/Edit Text/Bespoke/Admin Pages/Header_Footer/input_PRIVACY_PRIVACY'

2020-03-20 15:08:26 - [MESSAGE][PASSED] - Keys '*' sent to object: 'Object Repository/ADMIN/Edit Text/Bespoke/Admin Pages/Header_Footer/input_PRIVACY_PRIVACY'

2020-03-20 15:08:26 - [TEST_STEP][PASSED] - sendKeys(findTestObject("ADMIN/Edit Text/Bespoke/Admin Pages/Header_Footer/input_RETURNS_RETURNS"), "*"): Keys '*' sent to object: 'Object Repository/ADMIN/Edit Text/Bespoke/Admin Pages/Header_Footer/input_RETURNS_RETURNS'

2020-03-20 15:08:26 - [MESSAGE][PASSED] - Keys '*' sent to object: 'Object Repository/ADMIN/Edit Text/Bespoke/Admin Pages/Header_Footer/input_RETURNS_RETURNS'

2020-03-20 15:08:26 - [TEST_STEP][PASSED] - sendKeys(findTestObject("ADMIN/Edit Text/Bespoke/Admin Pages/Header_Footer/input_FAQ_FAQ"), "*"): Keys '*' sent to object: 'Object Repository/ADMIN/Edit Text/Bespoke/Admin Pages/Header_Footer/input_FAQ_FAQ'

2020-03-20 15:08:26 - [MESSAGE][PASSED] - Keys '*' sent to object: 'Object Repository/ADMIN/Edit Text/Bespoke/Admin Pages/Header_Footer/input_FAQ_FAQ'

2020-03-20 15:08:26 - [TEST_STEP][PASSED] - sendKeys(findTestObject("ADMIN/Edit Text/Bespoke/Admin Pages/Header_Footer/input_CONTACT_CONTACT"), "*"): Keys '*' sent to object: 'Object Repository/ADMIN/Edit Text/Bespoke/Admin Pages/Header_Footer/input_CONTACT_CONTACT'

2020-03-20 15:08:27 - [MESSAGE][PASSED] - Keys '*' sent to object: 'Object Repository/ADMIN/Edit Text/Bespoke/Admin Pages/Header_Footer/input_CONTACT_CONTACT'

2020-03-20 15:08:27 - [TEST_STEP][PASSED] - sendKeys(findTestObject("ADMIN/Edit Text/Bespoke/Admin Pages/Header_Footer/input_All rights reserved _foot_copyright"), "*"): Keys '*' sent to object: 'Object Repository/ADMIN/Edit Text/Bespoke/Admin Pages/Header_Footer/input_All rights reserved _foot_copyright'

2020-03-20 15:08:27 - [MESSAGE][PASSED] - Keys '*' sent to object: 'Object Repository/ADMIN/Edit Text/Bespoke/Admin Pages/Header_Footer/input_All rights reserved _foot_copyright'

2020-03-20 15:08:27 - [TEST_STEP][PASSED] - click(findTestObject("ADMIN/Edit Text/Bespoke/Buyer Pages/Homepage/button_save"), CONTINUE_ON_FAILURE): Object: 'Object Repository/ADMIN/Edit Text/Bespoke/Buyer Pages/Homepage/button_save' is clicked on

2020-03-20 15:08:27 - [MESSAGE][PASSED] - Object: 'Object Repository/ADMIN/Edit Text/Bespoke/Buyer Pages/Homepage/button_save' is clicked on

2020-03-20 15:08:27 - [TEST_STEP][PASSED] - waitForElementVisible(findTestObject("ADMIN/Edit Text/Bespoke/Buyer Pages/Homepage/toaster_success"), 0): Object 'Object Repository/ADMIN/Edit Text/Bespoke/Buyer Pages/Homepage/toaster_success' is visible

2020-03-20 15:08:27 - [MESSAGE][WARNING] - Timeout '0' is invalid. Using default page load timeout: '30'

2020-03-20 15:08:28 - [MESSAGE][PASSED] - Object 'Object Repository/ADMIN/Edit Text/Bespoke/Buyer Pages/Homepage/toaster_success' is visible]]></system-out>
         <system-err><![CDATA[]]></system-err>
      </testcase>
      <testcase name="Test Cases/ADMIN/Language/Edit Text/Bespoke/Admin Pages/Terms Navigation" time="5.03" classname="Test Cases/ADMIN/Language/Edit Text/Bespoke/Admin Pages/Terms Navigation" status="PASSED">
         <system-out><![CDATA[2020-03-20 15:08:28 - [TEST_CASE][PASSED] - Test Cases/ADMIN/Language/Edit Text/Bespoke/Admin Pages/Terms Navigation: Test Cases/ADMIN/Language/Edit Text/Bespoke/Admin Pages/Terms Navigation

2020-03-20 15:08:28 - [TEST_STEP][PASSED] - waitForElementVisible(findTestObject("ADMIN/Language/sidemenu_Language"), 0): Object 'Object Repository/ADMIN/Language/sidemenu_Language' is visible

2020-03-20 15:08:28 - [MESSAGE][WARNING] - Timeout '0' is invalid. Using default page load timeout: '30'

2020-03-20 15:08:28 - [MESSAGE][PASSED] - Object 'Object Repository/ADMIN/Language/sidemenu_Language' is visible

2020-03-20 15:08:28 - [TEST_STEP][PASSED] - click(findTestObject("ADMIN/Language/sidemenu_Language"), CONTINUE_ON_FAILURE): Object: 'Object Repository/ADMIN/Language/sidemenu_Language' is clicked on

2020-03-20 15:08:28 - [MESSAGE][PASSED] - Object: 'Object Repository/ADMIN/Language/sidemenu_Language' is clicked on

2020-03-20 15:08:28 - [TEST_STEP][PASSED] - waitForElementVisible(findTestObject("ADMIN/Language/sidemenu_Edit Text"), 0): Object 'Object Repository/ADMIN/Language/sidemenu_Edit Text' is visible

2020-03-20 15:08:29 - [MESSAGE][WARNING] - Timeout '0' is invalid. Using default page load timeout: '30'

2020-03-20 15:08:29 - [MESSAGE][PASSED] - Object 'Object Repository/ADMIN/Language/sidemenu_Edit Text' is visible

2020-03-20 15:08:29 - [TEST_STEP][PASSED] - click(findTestObject("ADMIN/Language/sidemenu_Edit Text"), CONTINUE_ON_FAILURE): Object: 'Object Repository/ADMIN/Language/sidemenu_Edit Text' is clicked on

2020-03-20 15:08:30 - [MESSAGE][PASSED] - Object: 'Object Repository/ADMIN/Language/sidemenu_Edit Text' is clicked on

2020-03-20 15:08:30 - [TEST_STEP][PASSED] - waitForElementVisible(findTestObject("ADMIN/Edit Text/Bespoke/Admin Navigation/dd_icon"), 0): Object 'Object Repository/ADMIN/Edit Text/Bespoke/Admin Navigation/dd_icon' is visible

2020-03-20 15:08:30 - [MESSAGE][WARNING] - Timeout '0' is invalid. Using default page load timeout: '30'

2020-03-20 15:08:30 - [MESSAGE][PASSED] - Object 'Object Repository/ADMIN/Edit Text/Bespoke/Admin Navigation/dd_icon' is visible

2020-03-20 15:08:30 - [TEST_STEP][PASSED] - click(findTestObject("ADMIN/Edit Text/Bespoke/Admin Navigation/dd_icon"), CONTINUE_ON_FAILURE): Object: 'Object Repository/ADMIN/Edit Text/Bespoke/Admin Navigation/dd_icon' is clicked on

2020-03-20 15:08:30 - [MESSAGE][PASSED] - Object: 'Object Repository/ADMIN/Edit Text/Bespoke/Admin Navigation/dd_icon' is clicked on

2020-03-20 15:08:30 - [TEST_STEP][PASSED] - waitForElementVisible(findTestObject("ADMIN/Edit Text/Bespoke/Admin Navigation/span_Terms of Service"), 0): Object 'Object Repository/ADMIN/Edit Text/Bespoke/Admin Navigation/span_Terms of Service' is visible

2020-03-20 15:08:30 - [MESSAGE][WARNING] - Timeout '0' is invalid. Using default page load timeout: '30'

2020-03-20 15:08:31 - [MESSAGE][PASSED] - Object 'Object Repository/ADMIN/Edit Text/Bespoke/Admin Navigation/span_Terms of Service' is visible

2020-03-20 15:08:31 - [TEST_STEP][PASSED] - click(findTestObject("ADMIN/Edit Text/Bespoke/Admin Navigation/span_Terms of Service"), CONTINUE_ON_FAILURE): Object: 'Object Repository/ADMIN/Edit Text/Bespoke/Admin Navigation/span_Terms of Service' is clicked on

2020-03-20 15:08:32 - [MESSAGE][PASSED] - Object: 'Object Repository/ADMIN/Edit Text/Bespoke/Admin Navigation/span_Terms of Service' is clicked on

2020-03-20 15:08:32 - [TEST_STEP][PASSED] - waitForElementVisible(findTestObject("ADMIN/Edit Text/Bespoke/Buyer Navigation/dd_language"), 0): Object 'Object Repository/ADMIN/Edit Text/Bespoke/Buyer Navigation/dd_language' is visible

2020-03-20 15:08:32 - [MESSAGE][WARNING] - Timeout '0' is invalid. Using default page load timeout: '30'

2020-03-20 15:08:33 - [MESSAGE][PASSED] - Object 'Object Repository/ADMIN/Edit Text/Bespoke/Buyer Navigation/dd_language' is visible]]></system-out>
         <system-err><![CDATA[]]></system-err>
      </testcase>
      <testcase name="Test Cases/ADMIN/Language/Edit Text/Bespoke/Admin Pages/Terms" time="2.367" classname="Test Cases/ADMIN/Language/Edit Text/Bespoke/Admin Pages/Terms" status="PASSED">
         <system-out><![CDATA[2020-03-20 15:08:33 - [TEST_CASE][PASSED] - Test Cases/ADMIN/Language/Edit Text/Bespoke/Admin Pages/Terms: Test Cases/ADMIN/Language/Edit Text/Bespoke/Admin Pages/Terms

2020-03-20 15:08:33 - [TEST_STEP][PASSED] - waitForElementVisible(findTestObject("ADMIN/Edit Text/Bespoke/Buyer Navigation/dd_language"), 0): Object 'Object Repository/ADMIN/Edit Text/Bespoke/Buyer Navigation/dd_language' is visible

2020-03-20 15:08:33 - [MESSAGE][WARNING] - Timeout '0' is invalid. Using default page load timeout: '30'

2020-03-20 15:08:33 - [MESSAGE][PASSED] - Object 'Object Repository/ADMIN/Edit Text/Bespoke/Buyer Navigation/dd_language' is visible

2020-03-20 15:08:33 - [TEST_STEP][PASSED] - selectOptionByLabel(findTestObject("ADMIN/Edit Text/Bespoke/Buyer Navigation/dd_language"), varLanguage, false): All options with label 'French' are selected in object 'Object Repository/ADMIN/Edit Text/Bespoke/Buyer Navigation/dd_language' 

2020-03-20 15:08:34 - [MESSAGE][PASSED] - All options with label 'French' are selected in object 'Object Repository/ADMIN/Edit Text/Bespoke/Buyer Navigation/dd_language' 

2020-03-20 15:08:34 - [TEST_STEP][PASSED] - sendKeys(findTestObject("ADMIN/Edit Text/Bespoke/Admin Pages/Terms of Service/input_TERMS OF SERVICE_lbl_title"), "*"): Keys '*' sent to object: 'Object Repository/ADMIN/Edit Text/Bespoke/Admin Pages/Terms of Service/input_TERMS OF SERVICE_lbl_title'

2020-03-20 15:08:34 - [MESSAGE][PASSED] - Keys '*' sent to object: 'Object Repository/ADMIN/Edit Text/Bespoke/Admin Pages/Terms of Service/input_TERMS OF SERVICE_lbl_title'

2020-03-20 15:08:34 - [TEST_STEP][PASSED] - click(findTestObject("ADMIN/Edit Text/Bespoke/Buyer Pages/Homepage/button_save"), CONTINUE_ON_FAILURE): Object: 'Object Repository/ADMIN/Edit Text/Bespoke/Buyer Pages/Homepage/button_save' is clicked on

2020-03-20 15:08:35 - [MESSAGE][PASSED] - Object: 'Object Repository/ADMIN/Edit Text/Bespoke/Buyer Pages/Homepage/button_save' is clicked on

2020-03-20 15:08:35 - [TEST_STEP][PASSED] - waitForElementVisible(findTestObject("ADMIN/Edit Text/Bespoke/Buyer Pages/Homepage/toaster_success About"), 0): Object 'Object Repository/ADMIN/Edit Text/Bespoke/Buyer Pages/Homepage/toaster_success About' is visible

2020-03-20 15:08:35 - [MESSAGE][WARNING] - Timeout '0' is invalid. Using default page load timeout: '30'

2020-03-20 15:08:35 - [MESSAGE][PASSED] - Object 'Object Repository/ADMIN/Edit Text/Bespoke/Buyer Pages/Homepage/toaster_success About' is visible]]></system-out>
         <system-err><![CDATA[]]></system-err>
      </testcase>
      <testcase name="Test Cases/ADMIN/Language/Edit Text/Bespoke/Admin Pages/Terms" time="2.921" classname="Test Cases/ADMIN/Language/Edit Text/Bespoke/Admin Pages/Terms" status="PASSED">
         <system-out><![CDATA[2020-03-20 15:08:35 - [TEST_CASE][PASSED] - Test Cases/ADMIN/Language/Edit Text/Bespoke/Admin Pages/Terms: Test Cases/ADMIN/Language/Edit Text/Bespoke/Admin Pages/Terms

2020-03-20 15:08:35 - [TEST_STEP][PASSED] - waitForElementVisible(findTestObject("ADMIN/Edit Text/Bespoke/Buyer Navigation/dd_language"), 0): Object 'Object Repository/ADMIN/Edit Text/Bespoke/Buyer Navigation/dd_language' is visible

2020-03-20 15:08:35 - [MESSAGE][WARNING] - Timeout '0' is invalid. Using default page load timeout: '30'

2020-03-20 15:08:36 - [MESSAGE][PASSED] - Object 'Object Repository/ADMIN/Edit Text/Bespoke/Buyer Navigation/dd_language' is visible

2020-03-20 15:08:36 - [TEST_STEP][PASSED] - selectOptionByLabel(findTestObject("ADMIN/Edit Text/Bespoke/Buyer Navigation/dd_language"), varLanguage, false): All options with label 'Spanish' are selected in object 'Object Repository/ADMIN/Edit Text/Bespoke/Buyer Navigation/dd_language' 

2020-03-20 15:08:36 - [MESSAGE][PASSED] - All options with label 'Spanish' are selected in object 'Object Repository/ADMIN/Edit Text/Bespoke/Buyer Navigation/dd_language' 

2020-03-20 15:08:36 - [TEST_STEP][PASSED] - sendKeys(findTestObject("ADMIN/Edit Text/Bespoke/Admin Pages/Terms of Service/input_TERMS OF SERVICE_lbl_title"), "*"): Keys '*' sent to object: 'Object Repository/ADMIN/Edit Text/Bespoke/Admin Pages/Terms of Service/input_TERMS OF SERVICE_lbl_title'

2020-03-20 15:08:37 - [MESSAGE][PASSED] - Keys '*' sent to object: 'Object Repository/ADMIN/Edit Text/Bespoke/Admin Pages/Terms of Service/input_TERMS OF SERVICE_lbl_title'

2020-03-20 15:08:37 - [TEST_STEP][PASSED] - click(findTestObject("ADMIN/Edit Text/Bespoke/Buyer Pages/Homepage/button_save"), CONTINUE_ON_FAILURE): Object: 'Object Repository/ADMIN/Edit Text/Bespoke/Buyer Pages/Homepage/button_save' is clicked on

2020-03-20 15:08:37 - [MESSAGE][PASSED] - Object: 'Object Repository/ADMIN/Edit Text/Bespoke/Buyer Pages/Homepage/button_save' is clicked on

2020-03-20 15:08:37 - [TEST_STEP][PASSED] - waitForElementVisible(findTestObject("ADMIN/Edit Text/Bespoke/Buyer Pages/Homepage/toaster_success About"), 0): Object 'Object Repository/ADMIN/Edit Text/Bespoke/Buyer Pages/Homepage/toaster_success About' is visible

2020-03-20 15:08:37 - [MESSAGE][WARNING] - Timeout '0' is invalid. Using default page load timeout: '30'

2020-03-20 15:08:38 - [MESSAGE][PASSED] - Object 'Object Repository/ADMIN/Edit Text/Bespoke/Buyer Pages/Homepage/toaster_success About' is visible]]></system-out>
         <system-err><![CDATA[]]></system-err>
      </testcase>
      <testcase name="Test Cases/ADMIN/Language/Edit Text/Bespoke/Admin Pages/Terms" time="2.847" classname="Test Cases/ADMIN/Language/Edit Text/Bespoke/Admin Pages/Terms" status="PASSED">
         <system-out><![CDATA[2020-03-20 15:08:38 - [TEST_CASE][PASSED] - Test Cases/ADMIN/Language/Edit Text/Bespoke/Admin Pages/Terms: Test Cases/ADMIN/Language/Edit Text/Bespoke/Admin Pages/Terms

2020-03-20 15:08:38 - [TEST_STEP][PASSED] - waitForElementVisible(findTestObject("ADMIN/Edit Text/Bespoke/Buyer Navigation/dd_language"), 0): Object 'Object Repository/ADMIN/Edit Text/Bespoke/Buyer Navigation/dd_language' is visible

2020-03-20 15:08:38 - [MESSAGE][WARNING] - Timeout '0' is invalid. Using default page load timeout: '30'

2020-03-20 15:08:38 - [MESSAGE][PASSED] - Object 'Object Repository/ADMIN/Edit Text/Bespoke/Buyer Navigation/dd_language' is visible

2020-03-20 15:08:38 - [TEST_STEP][PASSED] - selectOptionByLabel(findTestObject("ADMIN/Edit Text/Bespoke/Buyer Navigation/dd_language"), varLanguage, false): All options with label 'Hindi' are selected in object 'Object Repository/ADMIN/Edit Text/Bespoke/Buyer Navigation/dd_language' 

2020-03-20 15:08:39 - [MESSAGE][PASSED] - All options with label 'Hindi' are selected in object 'Object Repository/ADMIN/Edit Text/Bespoke/Buyer Navigation/dd_language' 

2020-03-20 15:08:39 - [TEST_STEP][PASSED] - sendKeys(findTestObject("ADMIN/Edit Text/Bespoke/Admin Pages/Terms of Service/input_TERMS OF SERVICE_lbl_title"), "*"): Keys '*' sent to object: 'Object Repository/ADMIN/Edit Text/Bespoke/Admin Pages/Terms of Service/input_TERMS OF SERVICE_lbl_title'

2020-03-20 15:08:40 - [MESSAGE][PASSED] - Keys '*' sent to object: 'Object Repository/ADMIN/Edit Text/Bespoke/Admin Pages/Terms of Service/input_TERMS OF SERVICE_lbl_title'

2020-03-20 15:08:40 - [TEST_STEP][PASSED] - click(findTestObject("ADMIN/Edit Text/Bespoke/Buyer Pages/Homepage/button_save"), CONTINUE_ON_FAILURE): Object: 'Object Repository/ADMIN/Edit Text/Bespoke/Buyer Pages/Homepage/button_save' is clicked on

2020-03-20 15:08:40 - [MESSAGE][PASSED] - Object: 'Object Repository/ADMIN/Edit Text/Bespoke/Buyer Pages/Homepage/button_save' is clicked on

2020-03-20 15:08:40 - [TEST_STEP][PASSED] - waitForElementVisible(findTestObject("ADMIN/Edit Text/Bespoke/Buyer Pages/Homepage/toaster_success About"), 0): Object 'Object Repository/ADMIN/Edit Text/Bespoke/Buyer Pages/Homepage/toaster_success About' is visible

2020-03-20 15:08:40 - [MESSAGE][WARNING] - Timeout '0' is invalid. Using default page load timeout: '30'

2020-03-20 15:08:41 - [MESSAGE][PASSED] - Object 'Object Repository/ADMIN/Edit Text/Bespoke/Buyer Pages/Homepage/toaster_success About' is visible]]></system-out>
         <system-err><![CDATA[]]></system-err>
      </testcase>
      <testcase name="Test Cases/ADMIN/Language/Edit Text/Bespoke/Admin Pages/Terms" time="2.943" classname="Test Cases/ADMIN/Language/Edit Text/Bespoke/Admin Pages/Terms" status="PASSED">
         <system-out><![CDATA[2020-03-20 15:08:41 - [TEST_CASE][PASSED] - Test Cases/ADMIN/Language/Edit Text/Bespoke/Admin Pages/Terms: Test Cases/ADMIN/Language/Edit Text/Bespoke/Admin Pages/Terms

2020-03-20 15:08:41 - [TEST_STEP][PASSED] - waitForElementVisible(findTestObject("ADMIN/Edit Text/Bespoke/Buyer Navigation/dd_language"), 0): Object 'Object Repository/ADMIN/Edit Text/Bespoke/Buyer Navigation/dd_language' is visible

2020-03-20 15:08:41 - [MESSAGE][WARNING] - Timeout '0' is invalid. Using default page load timeout: '30'

2020-03-20 15:08:41 - [MESSAGE][PASSED] - Object 'Object Repository/ADMIN/Edit Text/Bespoke/Buyer Navigation/dd_language' is visible

2020-03-20 15:08:41 - [TEST_STEP][PASSED] - selectOptionByLabel(findTestObject("ADMIN/Edit Text/Bespoke/Buyer Navigation/dd_language"), varLanguage, false): All options with label 'German' are selected in object 'Object Repository/ADMIN/Edit Text/Bespoke/Buyer Navigation/dd_language' 

2020-03-20 15:08:43 - [MESSAGE][PASSED] - All options with label 'German' are selected in object 'Object Repository/ADMIN/Edit Text/Bespoke/Buyer Navigation/dd_language' 

2020-03-20 15:08:43 - [TEST_STEP][PASSED] - sendKeys(findTestObject("ADMIN/Edit Text/Bespoke/Admin Pages/Terms of Service/input_TERMS OF SERVICE_lbl_title"), "*"): Keys '*' sent to object: 'Object Repository/ADMIN/Edit Text/Bespoke/Admin Pages/Terms of Service/input_TERMS OF SERVICE_lbl_title'

2020-03-20 15:08:43 - [MESSAGE][PASSED] - Keys '*' sent to object: 'Object Repository/ADMIN/Edit Text/Bespoke/Admin Pages/Terms of Service/input_TERMS OF SERVICE_lbl_title'

2020-03-20 15:08:43 - [TEST_STEP][PASSED] - click(findTestObject("ADMIN/Edit Text/Bespoke/Buyer Pages/Homepage/button_save"), CONTINUE_ON_FAILURE): Object: 'Object Repository/ADMIN/Edit Text/Bespoke/Buyer Pages/Homepage/button_save' is clicked on

2020-03-20 15:08:43 - [MESSAGE][PASSED] - Object: 'Object Repository/ADMIN/Edit Text/Bespoke/Buyer Pages/Homepage/button_save' is clicked on

2020-03-20 15:08:43 - [TEST_STEP][PASSED] - waitForElementVisible(findTestObject("ADMIN/Edit Text/Bespoke/Buyer Pages/Homepage/toaster_success About"), 0): Object 'Object Repository/ADMIN/Edit Text/Bespoke/Buyer Pages/Homepage/toaster_success About' is visible

2020-03-20 15:08:43 - [MESSAGE][WARNING] - Timeout '0' is invalid. Using default page load timeout: '30'

2020-03-20 15:08:44 - [MESSAGE][PASSED] - Object 'Object Repository/ADMIN/Edit Text/Bespoke/Buyer Pages/Homepage/toaster_success About' is visible]]></system-out>
         <system-err><![CDATA[]]></system-err>
      </testcase>
      <testcase name="Test Cases/ADMIN/Language/Edit Text/Bespoke/Admin Pages/Terms" time="3.244" classname="Test Cases/ADMIN/Language/Edit Text/Bespoke/Admin Pages/Terms" status="PASSED">
         <system-out><![CDATA[2020-03-20 15:08:44 - [TEST_CASE][PASSED] - Test Cases/ADMIN/Language/Edit Text/Bespoke/Admin Pages/Terms: Test Cases/ADMIN/Language/Edit Text/Bespoke/Admin Pages/Terms

2020-03-20 15:08:44 - [TEST_STEP][PASSED] - waitForElementVisible(findTestObject("ADMIN/Edit Text/Bespoke/Buyer Navigation/dd_language"), 0): Object 'Object Repository/ADMIN/Edit Text/Bespoke/Buyer Navigation/dd_language' is visible

2020-03-20 15:08:44 - [MESSAGE][WARNING] - Timeout '0' is invalid. Using default page load timeout: '30'

2020-03-20 15:08:44 - [MESSAGE][PASSED] - Object 'Object Repository/ADMIN/Edit Text/Bespoke/Buyer Navigation/dd_language' is visible

2020-03-20 15:08:44 - [TEST_STEP][PASSED] - selectOptionByLabel(findTestObject("ADMIN/Edit Text/Bespoke/Buyer Navigation/dd_language"), varLanguage, false): All options with label 'Japanese' are selected in object 'Object Repository/ADMIN/Edit Text/Bespoke/Buyer Navigation/dd_language' 

2020-03-20 15:08:46 - [MESSAGE][PASSED] - All options with label 'Japanese' are selected in object 'Object Repository/ADMIN/Edit Text/Bespoke/Buyer Navigation/dd_language' 

2020-03-20 15:08:46 - [TEST_STEP][PASSED] - sendKeys(findTestObject("ADMIN/Edit Text/Bespoke/Admin Pages/Terms of Service/input_TERMS OF SERVICE_lbl_title"), "*"): Keys '*' sent to object: 'Object Repository/ADMIN/Edit Text/Bespoke/Admin Pages/Terms of Service/input_TERMS OF SERVICE_lbl_title'

2020-03-20 15:08:46 - [MESSAGE][PASSED] - Keys '*' sent to object: 'Object Repository/ADMIN/Edit Text/Bespoke/Admin Pages/Terms of Service/input_TERMS OF SERVICE_lbl_title'

2020-03-20 15:08:46 - [TEST_STEP][PASSED] - click(findTestObject("ADMIN/Edit Text/Bespoke/Buyer Pages/Homepage/button_save"), CONTINUE_ON_FAILURE): Object: 'Object Repository/ADMIN/Edit Text/Bespoke/Buyer Pages/Homepage/button_save' is clicked on

2020-03-20 15:08:46 - [MESSAGE][PASSED] - Object: 'Object Repository/ADMIN/Edit Text/Bespoke/Buyer Pages/Homepage/button_save' is clicked on

2020-03-20 15:08:46 - [TEST_STEP][PASSED] - waitForElementVisible(findTestObject("ADMIN/Edit Text/Bespoke/Buyer Pages/Homepage/toaster_success About"), 0): Object 'Object Repository/ADMIN/Edit Text/Bespoke/Buyer Pages/Homepage/toaster_success About' is visible

2020-03-20 15:08:46 - [MESSAGE][WARNING] - Timeout '0' is invalid. Using default page load timeout: '30'

2020-03-20 15:08:47 - [MESSAGE][PASSED] - Object 'Object Repository/ADMIN/Edit Text/Bespoke/Buyer Pages/Homepage/toaster_success About' is visible]]></system-out>
         <system-err><![CDATA[]]></system-err>
      </testcase>
      <testcase name="Test Cases/ADMIN/Language/Edit Text/Bespoke/Admin Pages/Terms" time="2.685" classname="Test Cases/ADMIN/Language/Edit Text/Bespoke/Admin Pages/Terms" status="PASSED">
         <system-out><![CDATA[2020-03-20 15:08:47 - [TEST_CASE][PASSED] - Test Cases/ADMIN/Language/Edit Text/Bespoke/Admin Pages/Terms: Test Cases/ADMIN/Language/Edit Text/Bespoke/Admin Pages/Terms

2020-03-20 15:08:47 - [TEST_STEP][PASSED] - waitForElementVisible(findTestObject("ADMIN/Edit Text/Bespoke/Buyer Navigation/dd_language"), 0): Object 'Object Repository/ADMIN/Edit Text/Bespoke/Buyer Navigation/dd_language' is visible

2020-03-20 15:08:47 - [MESSAGE][WARNING] - Timeout '0' is invalid. Using default page load timeout: '30'

2020-03-20 15:08:47 - [MESSAGE][PASSED] - Object 'Object Repository/ADMIN/Edit Text/Bespoke/Buyer Navigation/dd_language' is visible

2020-03-20 15:08:47 - [TEST_STEP][PASSED] - selectOptionByLabel(findTestObject("ADMIN/Edit Text/Bespoke/Buyer Navigation/dd_language"), varLanguage, false): All options with label 'Chinese (Traditional)' are selected in object 'Object Repository/ADMIN/Edit Text/Bespoke/Buyer Navigation/dd_language' 

2020-03-20 15:08:49 - [MESSAGE][PASSED] - All options with label 'Chinese (Traditional)' are selected in object 'Object Repository/ADMIN/Edit Text/Bespoke/Buyer Navigation/dd_language' 

2020-03-20 15:08:49 - [TEST_STEP][PASSED] - sendKeys(findTestObject("ADMIN/Edit Text/Bespoke/Admin Pages/Terms of Service/input_TERMS OF SERVICE_lbl_title"), "*"): Keys '*' sent to object: 'Object Repository/ADMIN/Edit Text/Bespoke/Admin Pages/Terms of Service/input_TERMS OF SERVICE_lbl_title'

2020-03-20 15:08:49 - [MESSAGE][PASSED] - Keys '*' sent to object: 'Object Repository/ADMIN/Edit Text/Bespoke/Admin Pages/Terms of Service/input_TERMS OF SERVICE_lbl_title'

2020-03-20 15:08:49 - [TEST_STEP][PASSED] - click(findTestObject("ADMIN/Edit Text/Bespoke/Buyer Pages/Homepage/button_save"), CONTINUE_ON_FAILURE): Object: 'Object Repository/ADMIN/Edit Text/Bespoke/Buyer Pages/Homepage/button_save' is clicked on

2020-03-20 15:08:50 - [MESSAGE][PASSED] - Object: 'Object Repository/ADMIN/Edit Text/Bespoke/Buyer Pages/Homepage/button_save' is clicked on

2020-03-20 15:08:50 - [TEST_STEP][PASSED] - waitForElementVisible(findTestObject("ADMIN/Edit Text/Bespoke/Buyer Pages/Homepage/toaster_success About"), 0): Object 'Object Repository/ADMIN/Edit Text/Bespoke/Buyer Pages/Homepage/toaster_success About' is visible

2020-03-20 15:08:50 - [MESSAGE][WARNING] - Timeout '0' is invalid. Using default page load timeout: '30'

2020-03-20 15:08:50 - [MESSAGE][PASSED] - Object 'Object Repository/ADMIN/Edit Text/Bespoke/Buyer Pages/Homepage/toaster_success About' is visible]]></system-out>
         <system-err><![CDATA[]]></system-err>
      </testcase>
      <testcase name="Test Cases/ADMIN/Language/Edit Text/Bespoke/Admin Pages/Terms" time="2.212" classname="Test Cases/ADMIN/Language/Edit Text/Bespoke/Admin Pages/Terms" status="PASSED">
         <system-out><![CDATA[2020-03-20 15:08:50 - [TEST_CASE][PASSED] - Test Cases/ADMIN/Language/Edit Text/Bespoke/Admin Pages/Terms: Test Cases/ADMIN/Language/Edit Text/Bespoke/Admin Pages/Terms

2020-03-20 15:08:50 - [TEST_STEP][PASSED] - waitForElementVisible(findTestObject("ADMIN/Edit Text/Bespoke/Buyer Navigation/dd_language"), 0): Object 'Object Repository/ADMIN/Edit Text/Bespoke/Buyer Navigation/dd_language' is visible

2020-03-20 15:08:50 - [MESSAGE][WARNING] - Timeout '0' is invalid. Using default page load timeout: '30'

2020-03-20 15:08:50 - [MESSAGE][PASSED] - Object 'Object Repository/ADMIN/Edit Text/Bespoke/Buyer Navigation/dd_language' is visible

2020-03-20 15:08:50 - [TEST_STEP][PASSED] - selectOptionByLabel(findTestObject("ADMIN/Edit Text/Bespoke/Buyer Navigation/dd_language"), varLanguage, false): All options with label 'Portuguese' are selected in object 'Object Repository/ADMIN/Edit Text/Bespoke/Buyer Navigation/dd_language' 

2020-03-20 15:08:51 - [MESSAGE][PASSED] - All options with label 'Portuguese' are selected in object 'Object Repository/ADMIN/Edit Text/Bespoke/Buyer Navigation/dd_language' 

2020-03-20 15:08:51 - [TEST_STEP][PASSED] - sendKeys(findTestObject("ADMIN/Edit Text/Bespoke/Admin Pages/Terms of Service/input_TERMS OF SERVICE_lbl_title"), "*"): Keys '*' sent to object: 'Object Repository/ADMIN/Edit Text/Bespoke/Admin Pages/Terms of Service/input_TERMS OF SERVICE_lbl_title'

2020-03-20 15:08:51 - [MESSAGE][PASSED] - Keys '*' sent to object: 'Object Repository/ADMIN/Edit Text/Bespoke/Admin Pages/Terms of Service/input_TERMS OF SERVICE_lbl_title'

2020-03-20 15:08:51 - [TEST_STEP][PASSED] - click(findTestObject("ADMIN/Edit Text/Bespoke/Buyer Pages/Homepage/button_save"), CONTINUE_ON_FAILURE): Object: 'Object Repository/ADMIN/Edit Text/Bespoke/Buyer Pages/Homepage/button_save' is clicked on

2020-03-20 15:08:52 - [MESSAGE][PASSED] - Object: 'Object Repository/ADMIN/Edit Text/Bespoke/Buyer Pages/Homepage/button_save' is clicked on

2020-03-20 15:08:52 - [TEST_STEP][PASSED] - waitForElementVisible(findTestObject("ADMIN/Edit Text/Bespoke/Buyer Pages/Homepage/toaster_success About"), 0): Object 'Object Repository/ADMIN/Edit Text/Bespoke/Buyer Pages/Homepage/toaster_success About' is visible

2020-03-20 15:08:52 - [MESSAGE][WARNING] - Timeout '0' is invalid. Using default page load timeout: '30'

2020-03-20 15:08:52 - [MESSAGE][PASSED] - Object 'Object Repository/ADMIN/Edit Text/Bespoke/Buyer Pages/Homepage/toaster_success About' is visible]]></system-out>
         <system-err><![CDATA[]]></system-err>
      </testcase>
      <testcase name="Test Cases/ADMIN/Language/Edit Text/Bespoke/Admin Pages/Terms" time="2.93" classname="Test Cases/ADMIN/Language/Edit Text/Bespoke/Admin Pages/Terms" status="PASSED">
         <system-out><![CDATA[2020-03-20 15:08:52 - [TEST_CASE][PASSED] - Test Cases/ADMIN/Language/Edit Text/Bespoke/Admin Pages/Terms: Test Cases/ADMIN/Language/Edit Text/Bespoke/Admin Pages/Terms

2020-03-20 15:08:52 - [TEST_STEP][PASSED] - waitForElementVisible(findTestObject("ADMIN/Edit Text/Bespoke/Buyer Navigation/dd_language"), 0): Object 'Object Repository/ADMIN/Edit Text/Bespoke/Buyer Navigation/dd_language' is visible

2020-03-20 15:08:52 - [MESSAGE][WARNING] - Timeout '0' is invalid. Using default page load timeout: '30'

2020-03-20 15:08:52 - [MESSAGE][PASSED] - Object 'Object Repository/ADMIN/Edit Text/Bespoke/Buyer Navigation/dd_language' is visible

2020-03-20 15:08:52 - [TEST_STEP][PASSED] - selectOptionByLabel(findTestObject("ADMIN/Edit Text/Bespoke/Buyer Navigation/dd_language"), varLanguage, false): All options with label 'Indonesian' are selected in object 'Object Repository/ADMIN/Edit Text/Bespoke/Buyer Navigation/dd_language' 

2020-03-20 15:08:53 - [MESSAGE][PASSED] - All options with label 'Indonesian' are selected in object 'Object Repository/ADMIN/Edit Text/Bespoke/Buyer Navigation/dd_language' 

2020-03-20 15:08:53 - [TEST_STEP][PASSED] - sendKeys(findTestObject("ADMIN/Edit Text/Bespoke/Admin Pages/Terms of Service/input_TERMS OF SERVICE_lbl_title"), "*"): Keys '*' sent to object: 'Object Repository/ADMIN/Edit Text/Bespoke/Admin Pages/Terms of Service/input_TERMS OF SERVICE_lbl_title'

2020-03-20 15:08:54 - [MESSAGE][PASSED] - Keys '*' sent to object: 'Object Repository/ADMIN/Edit Text/Bespoke/Admin Pages/Terms of Service/input_TERMS OF SERVICE_lbl_title'

2020-03-20 15:08:54 - [TEST_STEP][PASSED] - click(findTestObject("ADMIN/Edit Text/Bespoke/Buyer Pages/Homepage/button_save"), CONTINUE_ON_FAILURE): Object: 'Object Repository/ADMIN/Edit Text/Bespoke/Buyer Pages/Homepage/button_save' is clicked on

2020-03-20 15:08:54 - [MESSAGE][PASSED] - Object: 'Object Repository/ADMIN/Edit Text/Bespoke/Buyer Pages/Homepage/button_save' is clicked on

2020-03-20 15:08:54 - [TEST_STEP][PASSED] - waitForElementVisible(findTestObject("ADMIN/Edit Text/Bespoke/Buyer Pages/Homepage/toaster_success About"), 0): Object 'Object Repository/ADMIN/Edit Text/Bespoke/Buyer Pages/Homepage/toaster_success About' is visible

2020-03-20 15:08:54 - [MESSAGE][WARNING] - Timeout '0' is invalid. Using default page load timeout: '30'

2020-03-20 15:08:55 - [MESSAGE][PASSED] - Object 'Object Repository/ADMIN/Edit Text/Bespoke/Buyer Pages/Homepage/toaster_success About' is visible]]></system-out>
         <system-err><![CDATA[]]></system-err>
      </testcase>
      <testcase name="Test Cases/ADMIN/Language/Edit Text/Bespoke/Admin Pages/Terms" time="3.014" classname="Test Cases/ADMIN/Language/Edit Text/Bespoke/Admin Pages/Terms" status="PASSED">
         <system-out><![CDATA[2020-03-20 15:08:55 - [TEST_CASE][PASSED] - Test Cases/ADMIN/Language/Edit Text/Bespoke/Admin Pages/Terms: Test Cases/ADMIN/Language/Edit Text/Bespoke/Admin Pages/Terms

2020-03-20 15:08:55 - [TEST_STEP][PASSED] - waitForElementVisible(findTestObject("ADMIN/Edit Text/Bespoke/Buyer Navigation/dd_language"), 0): Object 'Object Repository/ADMIN/Edit Text/Bespoke/Buyer Navigation/dd_language' is visible

2020-03-20 15:08:55 - [MESSAGE][WARNING] - Timeout '0' is invalid. Using default page load timeout: '30'

2020-03-20 15:08:55 - [MESSAGE][PASSED] - Object 'Object Repository/ADMIN/Edit Text/Bespoke/Buyer Navigation/dd_language' is visible

2020-03-20 15:08:55 - [TEST_STEP][PASSED] - selectOptionByLabel(findTestObject("ADMIN/Edit Text/Bespoke/Buyer Navigation/dd_language"), varLanguage, false): All options with label 'Russian' are selected in object 'Object Repository/ADMIN/Edit Text/Bespoke/Buyer Navigation/dd_language' 

2020-03-20 15:08:56 - [MESSAGE][PASSED] - All options with label 'Russian' are selected in object 'Object Repository/ADMIN/Edit Text/Bespoke/Buyer Navigation/dd_language' 

2020-03-20 15:08:56 - [TEST_STEP][PASSED] - sendKeys(findTestObject("ADMIN/Edit Text/Bespoke/Admin Pages/Terms of Service/input_TERMS OF SERVICE_lbl_title"), "*"): Keys '*' sent to object: 'Object Repository/ADMIN/Edit Text/Bespoke/Admin Pages/Terms of Service/input_TERMS OF SERVICE_lbl_title'

2020-03-20 15:08:57 - [MESSAGE][PASSED] - Keys '*' sent to object: 'Object Repository/ADMIN/Edit Text/Bespoke/Admin Pages/Terms of Service/input_TERMS OF SERVICE_lbl_title'

2020-03-20 15:08:57 - [TEST_STEP][PASSED] - click(findTestObject("ADMIN/Edit Text/Bespoke/Buyer Pages/Homepage/button_save"), CONTINUE_ON_FAILURE): Object: 'Object Repository/ADMIN/Edit Text/Bespoke/Buyer Pages/Homepage/button_save' is clicked on

2020-03-20 15:08:57 - [MESSAGE][PASSED] - Object: 'Object Repository/ADMIN/Edit Text/Bespoke/Buyer Pages/Homepage/button_save' is clicked on

2020-03-20 15:08:57 - [TEST_STEP][PASSED] - waitForElementVisible(findTestObject("ADMIN/Edit Text/Bespoke/Buyer Pages/Homepage/toaster_success About"), 0): Object 'Object Repository/ADMIN/Edit Text/Bespoke/Buyer Pages/Homepage/toaster_success About' is visible

2020-03-20 15:08:57 - [MESSAGE][WARNING] - Timeout '0' is invalid. Using default page load timeout: '30'

2020-03-20 15:08:58 - [MESSAGE][PASSED] - Object 'Object Repository/ADMIN/Edit Text/Bespoke/Buyer Pages/Homepage/toaster_success About' is visible]]></system-out>
         <system-err><![CDATA[]]></system-err>
      </testcase>
      <testcase name="Test Cases/ADMIN/Language/Edit Text/Bespoke/Admin Pages/Terms" time="2.641" classname="Test Cases/ADMIN/Language/Edit Text/Bespoke/Admin Pages/Terms" status="PASSED">
         <system-out><![CDATA[2020-03-20 15:08:58 - [TEST_CASE][PASSED] - Test Cases/ADMIN/Language/Edit Text/Bespoke/Admin Pages/Terms: Test Cases/ADMIN/Language/Edit Text/Bespoke/Admin Pages/Terms

2020-03-20 15:08:58 - [TEST_STEP][PASSED] - waitForElementVisible(findTestObject("ADMIN/Edit Text/Bespoke/Buyer Navigation/dd_language"), 0): Object 'Object Repository/ADMIN/Edit Text/Bespoke/Buyer Navigation/dd_language' is visible

2020-03-20 15:08:58 - [MESSAGE][WARNING] - Timeout '0' is invalid. Using default page load timeout: '30'

2020-03-20 15:08:58 - [MESSAGE][PASSED] - Object 'Object Repository/ADMIN/Edit Text/Bespoke/Buyer Navigation/dd_language' is visible

2020-03-20 15:08:58 - [TEST_STEP][PASSED] - selectOptionByLabel(findTestObject("ADMIN/Edit Text/Bespoke/Buyer Navigation/dd_language"), varLanguage, false): All options with label 'Italian' are selected in object 'Object Repository/ADMIN/Edit Text/Bespoke/Buyer Navigation/dd_language' 

2020-03-20 15:08:59 - [MESSAGE][PASSED] - All options with label 'Italian' are selected in object 'Object Repository/ADMIN/Edit Text/Bespoke/Buyer Navigation/dd_language' 

2020-03-20 15:08:59 - [TEST_STEP][PASSED] - sendKeys(findTestObject("ADMIN/Edit Text/Bespoke/Admin Pages/Terms of Service/input_TERMS OF SERVICE_lbl_title"), "*"): Keys '*' sent to object: 'Object Repository/ADMIN/Edit Text/Bespoke/Admin Pages/Terms of Service/input_TERMS OF SERVICE_lbl_title'

2020-03-20 15:09:00 - [MESSAGE][PASSED] - Keys '*' sent to object: 'Object Repository/ADMIN/Edit Text/Bespoke/Admin Pages/Terms of Service/input_TERMS OF SERVICE_lbl_title'

2020-03-20 15:09:00 - [TEST_STEP][PASSED] - click(findTestObject("ADMIN/Edit Text/Bespoke/Buyer Pages/Homepage/button_save"), CONTINUE_ON_FAILURE): Object: 'Object Repository/ADMIN/Edit Text/Bespoke/Buyer Pages/Homepage/button_save' is clicked on

2020-03-20 15:09:00 - [MESSAGE][PASSED] - Object: 'Object Repository/ADMIN/Edit Text/Bespoke/Buyer Pages/Homepage/button_save' is clicked on

2020-03-20 15:09:00 - [TEST_STEP][PASSED] - waitForElementVisible(findTestObject("ADMIN/Edit Text/Bespoke/Buyer Pages/Homepage/toaster_success About"), 0): Object 'Object Repository/ADMIN/Edit Text/Bespoke/Buyer Pages/Homepage/toaster_success About' is visible

2020-03-20 15:09:00 - [MESSAGE][WARNING] - Timeout '0' is invalid. Using default page load timeout: '30'

2020-03-20 15:09:01 - [MESSAGE][PASSED] - Object 'Object Repository/ADMIN/Edit Text/Bespoke/Buyer Pages/Homepage/toaster_success About' is visible]]></system-out>
         <system-err><![CDATA[]]></system-err>
      </testcase>
      <testcase name="Test Cases/ADMIN/Language/Edit Text/Bespoke/Admin Pages/Terms" time="2.035" classname="Test Cases/ADMIN/Language/Edit Text/Bespoke/Admin Pages/Terms" status="PASSED">
         <system-out><![CDATA[2020-03-20 15:09:01 - [TEST_CASE][PASSED] - Test Cases/ADMIN/Language/Edit Text/Bespoke/Admin Pages/Terms: Test Cases/ADMIN/Language/Edit Text/Bespoke/Admin Pages/Terms

2020-03-20 15:09:01 - [TEST_STEP][PASSED] - waitForElementVisible(findTestObject("ADMIN/Edit Text/Bespoke/Buyer Navigation/dd_language"), 0): Object 'Object Repository/ADMIN/Edit Text/Bespoke/Buyer Navigation/dd_language' is visible

2020-03-20 15:09:01 - [MESSAGE][WARNING] - Timeout '0' is invalid. Using default page load timeout: '30'

2020-03-20 15:09:01 - [MESSAGE][PASSED] - Object 'Object Repository/ADMIN/Edit Text/Bespoke/Buyer Navigation/dd_language' is visible

2020-03-20 15:09:01 - [TEST_STEP][PASSED] - selectOptionByLabel(findTestObject("ADMIN/Edit Text/Bespoke/Buyer Navigation/dd_language"), varLanguage, false): All options with label 'Arabic' are selected in object 'Object Repository/ADMIN/Edit Text/Bespoke/Buyer Navigation/dd_language' 

2020-03-20 15:09:02 - [MESSAGE][PASSED] - All options with label 'Arabic' are selected in object 'Object Repository/ADMIN/Edit Text/Bespoke/Buyer Navigation/dd_language' 

2020-03-20 15:09:02 - [TEST_STEP][PASSED] - sendKeys(findTestObject("ADMIN/Edit Text/Bespoke/Admin Pages/Terms of Service/input_TERMS OF SERVICE_lbl_title"), "*"): Keys '*' sent to object: 'Object Repository/ADMIN/Edit Text/Bespoke/Admin Pages/Terms of Service/input_TERMS OF SERVICE_lbl_title'

2020-03-20 15:09:02 - [MESSAGE][PASSED] - Keys '*' sent to object: 'Object Repository/ADMIN/Edit Text/Bespoke/Admin Pages/Terms of Service/input_TERMS OF SERVICE_lbl_title'

2020-03-20 15:09:02 - [TEST_STEP][PASSED] - click(findTestObject("ADMIN/Edit Text/Bespoke/Buyer Pages/Homepage/button_save"), CONTINUE_ON_FAILURE): Object: 'Object Repository/ADMIN/Edit Text/Bespoke/Buyer Pages/Homepage/button_save' is clicked on

2020-03-20 15:09:02 - [MESSAGE][PASSED] - Object: 'Object Repository/ADMIN/Edit Text/Bespoke/Buyer Pages/Homepage/button_save' is clicked on

2020-03-20 15:09:02 - [TEST_STEP][PASSED] - waitForElementVisible(findTestObject("ADMIN/Edit Text/Bespoke/Buyer Pages/Homepage/toaster_success About"), 0): Object 'Object Repository/ADMIN/Edit Text/Bespoke/Buyer Pages/Homepage/toaster_success About' is visible

2020-03-20 15:09:03 - [MESSAGE][WARNING] - Timeout '0' is invalid. Using default page load timeout: '30'

2020-03-20 15:09:03 - [MESSAGE][PASSED] - Object 'Object Repository/ADMIN/Edit Text/Bespoke/Buyer Pages/Homepage/toaster_success About' is visible]]></system-out>
         <system-err><![CDATA[]]></system-err>
      </testcase>
      <testcase name="Test Cases/ADMIN/Language/Edit Text/Bespoke/Admin Pages/Terms" time="2.893" classname="Test Cases/ADMIN/Language/Edit Text/Bespoke/Admin Pages/Terms" status="PASSED">
         <system-out><![CDATA[2020-03-20 15:09:03 - [TEST_CASE][PASSED] - Test Cases/ADMIN/Language/Edit Text/Bespoke/Admin Pages/Terms: Test Cases/ADMIN/Language/Edit Text/Bespoke/Admin Pages/Terms

2020-03-20 15:09:03 - [TEST_STEP][PASSED] - waitForElementVisible(findTestObject("ADMIN/Edit Text/Bespoke/Buyer Navigation/dd_language"), 0): Object 'Object Repository/ADMIN/Edit Text/Bespoke/Buyer Navigation/dd_language' is visible

2020-03-20 15:09:03 - [MESSAGE][WARNING] - Timeout '0' is invalid. Using default page load timeout: '30'

2020-03-20 15:09:03 - [MESSAGE][PASSED] - Object 'Object Repository/ADMIN/Edit Text/Bespoke/Buyer Navigation/dd_language' is visible

2020-03-20 15:09:03 - [TEST_STEP][PASSED] - selectOptionByLabel(findTestObject("ADMIN/Edit Text/Bespoke/Buyer Navigation/dd_language"), varLanguage, false): All options with label 'Dutch' are selected in object 'Object Repository/ADMIN/Edit Text/Bespoke/Buyer Navigation/dd_language' 

2020-03-20 15:09:04 - [MESSAGE][PASSED] - All options with label 'Dutch' are selected in object 'Object Repository/ADMIN/Edit Text/Bespoke/Buyer Navigation/dd_language' 

2020-03-20 15:09:04 - [TEST_STEP][PASSED] - sendKeys(findTestObject("ADMIN/Edit Text/Bespoke/Admin Pages/Terms of Service/input_TERMS OF SERVICE_lbl_title"), "*"): Keys '*' sent to object: 'Object Repository/ADMIN/Edit Text/Bespoke/Admin Pages/Terms of Service/input_TERMS OF SERVICE_lbl_title'

2020-03-20 15:09:04 - [MESSAGE][PASSED] - Keys '*' sent to object: 'Object Repository/ADMIN/Edit Text/Bespoke/Admin Pages/Terms of Service/input_TERMS OF SERVICE_lbl_title'

2020-03-20 15:09:04 - [TEST_STEP][PASSED] - click(findTestObject("ADMIN/Edit Text/Bespoke/Buyer Pages/Homepage/button_save"), CONTINUE_ON_FAILURE): Object: 'Object Repository/ADMIN/Edit Text/Bespoke/Buyer Pages/Homepage/button_save' is clicked on

2020-03-20 15:09:05 - [MESSAGE][PASSED] - Object: 'Object Repository/ADMIN/Edit Text/Bespoke/Buyer Pages/Homepage/button_save' is clicked on

2020-03-20 15:09:05 - [TEST_STEP][PASSED] - waitForElementVisible(findTestObject("ADMIN/Edit Text/Bespoke/Buyer Pages/Homepage/toaster_success About"), 0): Object 'Object Repository/ADMIN/Edit Text/Bespoke/Buyer Pages/Homepage/toaster_success About' is visible

2020-03-20 15:09:05 - [MESSAGE][WARNING] - Timeout '0' is invalid. Using default page load timeout: '30'

2020-03-20 15:09:06 - [MESSAGE][PASSED] - Object 'Object Repository/ADMIN/Edit Text/Bespoke/Buyer Pages/Homepage/toaster_success About' is visible]]></system-out>
         <system-err><![CDATA[]]></system-err>
      </testcase>
      <testcase name="Test Cases/ADMIN/Language/Edit Text/Bespoke/Admin Pages/Terms" time="2.266" classname="Test Cases/ADMIN/Language/Edit Text/Bespoke/Admin Pages/Terms" status="PASSED">
         <system-out><![CDATA[2020-03-20 15:09:06 - [TEST_CASE][PASSED] - Test Cases/ADMIN/Language/Edit Text/Bespoke/Admin Pages/Terms: Test Cases/ADMIN/Language/Edit Text/Bespoke/Admin Pages/Terms

2020-03-20 15:09:06 - [TEST_STEP][PASSED] - waitForElementVisible(findTestObject("ADMIN/Edit Text/Bespoke/Buyer Navigation/dd_language"), 0): Object 'Object Repository/ADMIN/Edit Text/Bespoke/Buyer Navigation/dd_language' is visible

2020-03-20 15:09:06 - [MESSAGE][WARNING] - Timeout '0' is invalid. Using default page load timeout: '30'

2020-03-20 15:09:06 - [MESSAGE][PASSED] - Object 'Object Repository/ADMIN/Edit Text/Bespoke/Buyer Navigation/dd_language' is visible

2020-03-20 15:09:06 - [TEST_STEP][PASSED] - selectOptionByLabel(findTestObject("ADMIN/Edit Text/Bespoke/Buyer Navigation/dd_language"), varLanguage, false): All options with label 'Swedish' are selected in object 'Object Repository/ADMIN/Edit Text/Bespoke/Buyer Navigation/dd_language' 

2020-03-20 15:09:07 - [MESSAGE][PASSED] - All options with label 'Swedish' are selected in object 'Object Repository/ADMIN/Edit Text/Bespoke/Buyer Navigation/dd_language' 

2020-03-20 15:09:07 - [TEST_STEP][PASSED] - sendKeys(findTestObject("ADMIN/Edit Text/Bespoke/Admin Pages/Terms of Service/input_TERMS OF SERVICE_lbl_title"), "*"): Keys '*' sent to object: 'Object Repository/ADMIN/Edit Text/Bespoke/Admin Pages/Terms of Service/input_TERMS OF SERVICE_lbl_title'

2020-03-20 15:09:07 - [MESSAGE][PASSED] - Keys '*' sent to object: 'Object Repository/ADMIN/Edit Text/Bespoke/Admin Pages/Terms of Service/input_TERMS OF SERVICE_lbl_title'

2020-03-20 15:09:07 - [TEST_STEP][PASSED] - click(findTestObject("ADMIN/Edit Text/Bespoke/Buyer Pages/Homepage/button_save"), CONTINUE_ON_FAILURE): Object: 'Object Repository/ADMIN/Edit Text/Bespoke/Buyer Pages/Homepage/button_save' is clicked on

2020-03-20 15:09:08 - [MESSAGE][PASSED] - Object: 'Object Repository/ADMIN/Edit Text/Bespoke/Buyer Pages/Homepage/button_save' is clicked on

2020-03-20 15:09:08 - [TEST_STEP][PASSED] - waitForElementVisible(findTestObject("ADMIN/Edit Text/Bespoke/Buyer Pages/Homepage/toaster_success About"), 0): Object 'Object Repository/ADMIN/Edit Text/Bespoke/Buyer Pages/Homepage/toaster_success About' is visible

2020-03-20 15:09:08 - [MESSAGE][WARNING] - Timeout '0' is invalid. Using default page load timeout: '30'

2020-03-20 15:09:08 - [MESSAGE][PASSED] - Object 'Object Repository/ADMIN/Edit Text/Bespoke/Buyer Pages/Homepage/toaster_success About' is visible]]></system-out>
         <system-err><![CDATA[]]></system-err>
      </testcase>
      <testcase name="Test Cases/ADMIN/Language/Edit Text/Bespoke/Admin Pages/Terms" time="2.593" classname="Test Cases/ADMIN/Language/Edit Text/Bespoke/Admin Pages/Terms" status="PASSED">
         <system-out><![CDATA[2020-03-20 15:09:08 - [TEST_CASE][PASSED] - Test Cases/ADMIN/Language/Edit Text/Bespoke/Admin Pages/Terms: Test Cases/ADMIN/Language/Edit Text/Bespoke/Admin Pages/Terms

2020-03-20 15:09:08 - [TEST_STEP][PASSED] - waitForElementVisible(findTestObject("ADMIN/Edit Text/Bespoke/Buyer Navigation/dd_language"), 0): Object 'Object Repository/ADMIN/Edit Text/Bespoke/Buyer Navigation/dd_language' is visible

2020-03-20 15:09:08 - [MESSAGE][WARNING] - Timeout '0' is invalid. Using default page load timeout: '30'

2020-03-20 15:09:08 - [MESSAGE][PASSED] - Object 'Object Repository/ADMIN/Edit Text/Bespoke/Buyer Navigation/dd_language' is visible

2020-03-20 15:09:08 - [TEST_STEP][PASSED] - selectOptionByLabel(findTestObject("ADMIN/Edit Text/Bespoke/Buyer Navigation/dd_language"), varLanguage, false): All options with label 'Chinese (Simplified)' are selected in object 'Object Repository/ADMIN/Edit Text/Bespoke/Buyer Navigation/dd_language' 

2020-03-20 15:09:10 - [MESSAGE][PASSED] - All options with label 'Chinese (Simplified)' are selected in object 'Object Repository/ADMIN/Edit Text/Bespoke/Buyer Navigation/dd_language' 

2020-03-20 15:09:10 - [TEST_STEP][PASSED] - sendKeys(findTestObject("ADMIN/Edit Text/Bespoke/Admin Pages/Terms of Service/input_TERMS OF SERVICE_lbl_title"), "*"): Keys '*' sent to object: 'Object Repository/ADMIN/Edit Text/Bespoke/Admin Pages/Terms of Service/input_TERMS OF SERVICE_lbl_title'

2020-03-20 15:09:10 - [MESSAGE][PASSED] - Keys '*' sent to object: 'Object Repository/ADMIN/Edit Text/Bespoke/Admin Pages/Terms of Service/input_TERMS OF SERVICE_lbl_title'

2020-03-20 15:09:10 - [TEST_STEP][PASSED] - click(findTestObject("ADMIN/Edit Text/Bespoke/Buyer Pages/Homepage/button_save"), CONTINUE_ON_FAILURE): Object: 'Object Repository/ADMIN/Edit Text/Bespoke/Buyer Pages/Homepage/button_save' is clicked on

2020-03-20 15:09:10 - [MESSAGE][PASSED] - Object: 'Object Repository/ADMIN/Edit Text/Bespoke/Buyer Pages/Homepage/button_save' is clicked on

2020-03-20 15:09:10 - [TEST_STEP][PASSED] - waitForElementVisible(findTestObject("ADMIN/Edit Text/Bespoke/Buyer Pages/Homepage/toaster_success About"), 0): Object 'Object Repository/ADMIN/Edit Text/Bespoke/Buyer Pages/Homepage/toaster_success About' is visible

2020-03-20 15:09:10 - [MESSAGE][WARNING] - Timeout '0' is invalid. Using default page load timeout: '30'

2020-03-20 15:09:10 - [MESSAGE][PASSED] - Object 'Object Repository/ADMIN/Edit Text/Bespoke/Buyer Pages/Homepage/toaster_success About' is visible]]></system-out>
         <system-err><![CDATA[]]></system-err>
      </testcase>
      <testcase name="Test Cases/ADMIN/Language/Edit Text/Bespoke/Admin Pages/Terms" time="2.193" classname="Test Cases/ADMIN/Language/Edit Text/Bespoke/Admin Pages/Terms" status="PASSED">
         <system-out><![CDATA[2020-03-20 15:09:10 - [TEST_CASE][PASSED] - Test Cases/ADMIN/Language/Edit Text/Bespoke/Admin Pages/Terms: Test Cases/ADMIN/Language/Edit Text/Bespoke/Admin Pages/Terms

2020-03-20 15:09:10 - [TEST_STEP][PASSED] - waitForElementVisible(findTestObject("ADMIN/Edit Text/Bespoke/Buyer Navigation/dd_language"), 0): Object 'Object Repository/ADMIN/Edit Text/Bespoke/Buyer Navigation/dd_language' is visible

2020-03-20 15:09:10 - [MESSAGE][WARNING] - Timeout '0' is invalid. Using default page load timeout: '30'

2020-03-20 15:09:11 - [MESSAGE][PASSED] - Object 'Object Repository/ADMIN/Edit Text/Bespoke/Buyer Navigation/dd_language' is visible

2020-03-20 15:09:11 - [TEST_STEP][PASSED] - selectOptionByLabel(findTestObject("ADMIN/Edit Text/Bespoke/Buyer Navigation/dd_language"), varLanguage, false): All options with label 'Hebrew' are selected in object 'Object Repository/ADMIN/Edit Text/Bespoke/Buyer Navigation/dd_language' 

2020-03-20 15:09:12 - [MESSAGE][PASSED] - All options with label 'Hebrew' are selected in object 'Object Repository/ADMIN/Edit Text/Bespoke/Buyer Navigation/dd_language' 

2020-03-20 15:09:12 - [TEST_STEP][PASSED] - sendKeys(findTestObject("ADMIN/Edit Text/Bespoke/Admin Pages/Terms of Service/input_TERMS OF SERVICE_lbl_title"), "*"): Keys '*' sent to object: 'Object Repository/ADMIN/Edit Text/Bespoke/Admin Pages/Terms of Service/input_TERMS OF SERVICE_lbl_title'

2020-03-20 15:09:12 - [MESSAGE][PASSED] - Keys '*' sent to object: 'Object Repository/ADMIN/Edit Text/Bespoke/Admin Pages/Terms of Service/input_TERMS OF SERVICE_lbl_title'

2020-03-20 15:09:12 - [TEST_STEP][PASSED] - click(findTestObject("ADMIN/Edit Text/Bespoke/Buyer Pages/Homepage/button_save"), CONTINUE_ON_FAILURE): Object: 'Object Repository/ADMIN/Edit Text/Bespoke/Buyer Pages/Homepage/button_save' is clicked on

2020-03-20 15:09:13 - [MESSAGE][PASSED] - Object: 'Object Repository/ADMIN/Edit Text/Bespoke/Buyer Pages/Homepage/button_save' is clicked on

2020-03-20 15:09:13 - [TEST_STEP][PASSED] - waitForElementVisible(findTestObject("ADMIN/Edit Text/Bespoke/Buyer Pages/Homepage/toaster_success About"), 0): Object 'Object Repository/ADMIN/Edit Text/Bespoke/Buyer Pages/Homepage/toaster_success About' is visible

2020-03-20 15:09:13 - [MESSAGE][WARNING] - Timeout '0' is invalid. Using default page load timeout: '30'

2020-03-20 15:09:13 - [MESSAGE][PASSED] - Object 'Object Repository/ADMIN/Edit Text/Bespoke/Buyer Pages/Homepage/toaster_success About' is visible]]></system-out>
         <system-err><![CDATA[]]></system-err>
      </testcase>
      <testcase name="Test Cases/ADMIN/Language/Edit Text/Bespoke/Admin Pages/Terms" time="3.302" classname="Test Cases/ADMIN/Language/Edit Text/Bespoke/Admin Pages/Terms" status="PASSED">
         <system-out><![CDATA[2020-03-20 15:09:13 - [TEST_CASE][PASSED] - Test Cases/ADMIN/Language/Edit Text/Bespoke/Admin Pages/Terms: Test Cases/ADMIN/Language/Edit Text/Bespoke/Admin Pages/Terms

2020-03-20 15:09:13 - [TEST_STEP][PASSED] - waitForElementVisible(findTestObject("ADMIN/Edit Text/Bespoke/Buyer Navigation/dd_language"), 0): Object 'Object Repository/ADMIN/Edit Text/Bespoke/Buyer Navigation/dd_language' is visible

2020-03-20 15:09:13 - [MESSAGE][WARNING] - Timeout '0' is invalid. Using default page load timeout: '30'

2020-03-20 15:09:13 - [MESSAGE][PASSED] - Object 'Object Repository/ADMIN/Edit Text/Bespoke/Buyer Navigation/dd_language' is visible

2020-03-20 15:09:13 - [TEST_STEP][PASSED] - selectOptionByLabel(findTestObject("ADMIN/Edit Text/Bespoke/Buyer Navigation/dd_language"), varLanguage, false): All options with label 'English' are selected in object 'Object Repository/ADMIN/Edit Text/Bespoke/Buyer Navigation/dd_language' 

2020-03-20 15:09:15 - [MESSAGE][PASSED] - All options with label 'English' are selected in object 'Object Repository/ADMIN/Edit Text/Bespoke/Buyer Navigation/dd_language' 

2020-03-20 15:09:15 - [TEST_STEP][PASSED] - sendKeys(findTestObject("ADMIN/Edit Text/Bespoke/Admin Pages/Terms of Service/input_TERMS OF SERVICE_lbl_title"), "*"): Keys '*' sent to object: 'Object Repository/ADMIN/Edit Text/Bespoke/Admin Pages/Terms of Service/input_TERMS OF SERVICE_lbl_title'

2020-03-20 15:09:15 - [MESSAGE][PASSED] - Keys '*' sent to object: 'Object Repository/ADMIN/Edit Text/Bespoke/Admin Pages/Terms of Service/input_TERMS OF SERVICE_lbl_title'

2020-03-20 15:09:15 - [TEST_STEP][PASSED] - click(findTestObject("ADMIN/Edit Text/Bespoke/Buyer Pages/Homepage/button_save"), CONTINUE_ON_FAILURE): Object: 'Object Repository/ADMIN/Edit Text/Bespoke/Buyer Pages/Homepage/button_save' is clicked on

2020-03-20 15:09:15 - [MESSAGE][PASSED] - Object: 'Object Repository/ADMIN/Edit Text/Bespoke/Buyer Pages/Homepage/button_save' is clicked on

2020-03-20 15:09:15 - [TEST_STEP][PASSED] - waitForElementVisible(findTestObject("ADMIN/Edit Text/Bespoke/Buyer Pages/Homepage/toaster_success About"), 0): Object 'Object Repository/ADMIN/Edit Text/Bespoke/Buyer Pages/Homepage/toaster_success About' is visible

2020-03-20 15:09:15 - [MESSAGE][WARNING] - Timeout '0' is invalid. Using default page load timeout: '30'

2020-03-20 15:09:16 - [MESSAGE][PASSED] - Object 'Object Repository/ADMIN/Edit Text/Bespoke/Buyer Pages/Homepage/toaster_success About' is visible]]></system-out>
         <system-err><![CDATA[]]></system-err>
      </testcase>
      <system-out><![CDATA[2020-03-20 15:04:43 - [TEST_SUITE][FAILED] - Bespoke Admin Pages: Test Cases/ADMIN/Language/Edit Text/Bespoke/Admin Pages/About Us FAILED.
Reason:
com.kms.katalon.core.exception.StepFailedException: Unable to send keys '*' to object 'Object Repository/ADMIN/Edit Text/Bespoke/Admin Pages/About Us/div_FontFormat_nicEdit-main nicEdit-selected' (Root cause: com.kms.katalon.core.exception.StepFailedException: Unable to send keys '*' to object 'Object Repository/ADMIN/Edit Text/Bespoke/Admin Pages/About Us/div_FontFormat_nicEdit-main nicEdit-selected'
	at com.kms.katalon.core.webui.keyword.internal.WebUIKeywordMain.stepFailed(WebUIKeywordMain.groovy:64)
	at com.kms.katalon.core.webui.keyword.internal.WebUIKeywordMain.runKeyword(WebUIKeywordMain.groovy:26)
	at com.kms.katalon.core.webui.keyword.builtin.SendKeysKeyword.sendKeys(SendKeysKeyword.groovy:60)
	at com.kms.katalon.core.webui.keyword.builtin.SendKeysKeyword.execute(SendKeysKeyword.groovy:38)
	at com.kms.katalon.core.keyword.internal.KeywordExecutor.executeKeywordForPlatform(KeywordExecutor.groovy:72)
	at com.kms.katalon.core.webui.keyword.WebUiBuiltInKeywords.sendKeys(WebUiBuiltInKeywords.groovy:860)
	at com.kms.katalon.core.webui.keyword.WebUiBuiltInKeywords$sendKeys$2.call(Unknown Source)
	at About Us.run(About Us:24)
	at com.kms.katalon.core.main.ScriptEngine.run(ScriptEngine.java:194)
	at com.kms.katalon.core.main.ScriptEngine.runScriptAsRawText(ScriptEngine.java:119)
	at com.kms.katalon.core.main.TestCaseExecutor.runScript(TestCaseExecutor.java:337)
	at com.kms.katalon.core.main.TestCaseExecutor.doExecute(TestCaseExecutor.java:328)
	at com.kms.katalon.core.main.TestCaseExecutor.processExecutionPhase(TestCaseExecutor.java:307)
	at com.kms.katalon.core.main.TestCaseExecutor.accessMainPhase(TestCaseExecutor.java:299)
	at com.kms.katalon.core.main.TestCaseExecutor.execute(TestCaseExecutor.java:233)
	at com.kms.katalon.core.main.TestSuiteExecutor.accessTestCaseMainPhase(TestSuiteExecutor.java:169)
	at com.kms.katalon.core.main.TestSuiteExecutor.accessTestSuiteMainPhase(TestSuiteExecutor.java:142)
	at com.kms.katalon.core.main.TestSuiteExecutor.execute(TestSuiteExecutor.java:91)
	at com.kms.katalon.core.main.TestCaseMain.startTestSuite(TestCaseMain.java:157)
	at com.kms.katalon.core.main.TestCaseMain$startTestSuite$0.call(Unknown Source)
	at TempTestSuite1584687880497.run(TempTestSuite1584687880497.groovy:36)
Caused by: org.openqa.selenium.ElementNotInteractableException: element not interactable
  (Session info: chrome=80.0.3987.149)
Build info: version: '3.141.59', revision: 'e82be7d358', time: '2018-11-14T08:25:53'
System info: host: 'ARCADIER-03', ip: '192.168.254.105', os.name: 'Windows 7', os.arch: 'amd64', os.version: '6.1', java.version: '1.8.0_181'
Driver info: com.kms.katalon.core.webui.driver.ExistingRemoteWebDriver
Capabilities {javascriptEnabled: true, platform: ANY, platformName: ANY}
Session ID: 1047ba07f4d7d3f0b09558b7ee935cff
	at org.openqa.selenium.remote.http.W3CHttpResponseCodec.createException(W3CHttpResponseCodec.java:187)
	at org.openqa.selenium.remote.http.W3CHttpResponseCodec.decode(W3CHttpResponseCodec.java:122)
	at org.openqa.selenium.remote.http.W3CHttpResponseCodec.decode(W3CHttpResponseCodec.java:49)
	at org.openqa.selenium.remote.HttpCommandExecutor.execute(HttpCommandExecutor.java:158)
	at org.openqa.selenium.remote.RemoteWebDriver.execute(RemoteWebDriver.java:552)
	at com.kms.katalon.core.webui.driver.ExistingRemoteWebDriver.execute(ExistingRemoteWebDriver.java:108)
	at org.openqa.selenium.remote.RemoteWebElement.execute(RemoteWebElement.java:285)
	at org.openqa.selenium.remote.RemoteWebElement.sendKeys(RemoteWebElement.java:106)
	at org.openqa.selenium.support.events.EventFiringWebDriver$EventFiringWebElement.lambda$new$0(EventFiringWebDriver.java:404)
	at com.sun.proxy.$Proxy9.sendKeys(Unknown Source)
	at org.openqa.selenium.support.events.EventFiringWebDriver$EventFiringWebElement.sendKeys(EventFiringWebDriver.java:429)
	at com.kms.katalon.core.webui.keyword.builtin.SendKeysKeyword$_sendKeys_closure1.doCall(SendKeysKeyword.groovy:53)
	at com.kms.katalon.core.webui.keyword.builtin.SendKeysKeyword$_sendKeys_closure1.call(SendKeysKeyword.groovy)
	at com.kms.katalon.core.webui.keyword.internal.WebUIKeywordMain.runKeyword(WebUIKeywordMain.groovy:20)
	at com.kms.katalon.core.webui.keyword.builtin.SendKeysKeyword.sendKeys(SendKeysKeyword.groovy:60)
	at com.kms.katalon.core.webui.keyword.builtin.SendKeysKeyword.execute(SendKeysKeyword.groovy:38)
	at com.kms.katalon.core.keyword.internal.KeywordExecutor.executeKeywordForPlatform(KeywordExecutor.groovy:72)
	at com.kms.katalon.core.webui.keyword.WebUiBuiltInKeywords.sendKeys(WebUiBuiltInKeywords.groovy:860)
	at com.kms.katalon.core.webui.keyword.WebUiBuiltInKeywords$sendKeys$2.call(Unknown Source)
	at Script1582177029370.run(Script1582177029370.groovy:24)
	... 13 more
)
	at com.kms.katalon.core.keyword.internal.KeywordMain.stepFailed(KeywordMain.groovy:39)
	at com.kms.katalon.core.webui.keyword.internal.WebUIKeywordMain.stepFailed(WebUIKeywordMain.groovy:64)
	at com.kms.katalon.core.webui.keyword.internal.WebUIKeywordMain.runKeyword(WebUIKeywordMain.groovy:26)
	at com.kms.katalon.core.webui.keyword.builtin.SendKeysKeyword.sendKeys(SendKeysKeyword.groovy:60)
	at com.kms.katalon.core.webui.keyword.builtin.SendKeysKeyword.execute(SendKeysKeyword.groovy:38)
	at com.kms.katalon.core.keyword.internal.KeywordExecutor.executeKeywordForPlatform(KeywordExecutor.groovy:72)
	at com.kms.katalon.core.webui.keyword.WebUiBuiltInKeywords.sendKeys(WebUiBuiltInKeywords.groovy:860)
	at com.kms.katalon.core.webui.keyword.WebUiBuiltInKeywords$sendKeys$2.call(Unknown Source)
	at About Us.run(About Us:24)
	at com.kms.katalon.core.main.ScriptEngine.run(ScriptEngine.java:194)
	at com.kms.katalon.core.main.ScriptEngine.runScriptAsRawText(ScriptEngine.java:119)
	at com.kms.katalon.core.main.TestCaseExecutor.runScript(TestCaseExecutor.java:337)
	at com.kms.katalon.core.main.TestCaseExecutor.doExecute(TestCaseExecutor.java:328)
	at com.kms.katalon.core.main.TestCaseExecutor.processExecutionPhase(TestCaseExecutor.java:307)
	at com.kms.katalon.core.main.TestCaseExecutor.accessMainPhase(TestCaseExecutor.java:299)
	at com.kms.katalon.core.main.TestCaseExecutor.execute(TestCaseExecutor.java:233)
	at com.kms.katalon.core.main.TestSuiteExecutor.accessTestCaseMainPhase(TestSuiteExecutor.java:169)
	at com.kms.katalon.core.main.TestSuiteExecutor.accessTestSuiteMainPhase(TestSuiteExecutor.java:142)
	at com.kms.katalon.core.main.TestSuiteExecutor.execute(TestSuiteExecutor.java:91)
	at com.kms.katalon.core.main.TestCaseMain.startTestSuite(TestCaseMain.java:157)
	at com.kms.katalon.core.main.TestCaseMain$startTestSuite$0.call(Unknown Source)
	at TempTestSuite1584687880497.run(TempTestSuite1584687880497.groovy:36)
Caused by: com.kms.katalon.core.exception.StepFailedException: Unable to send keys '*' to object 'Object Repository/ADMIN/Edit Text/Bespoke/Admin Pages/About Us/div_FontFormat_nicEdit-main nicEdit-selected'
	... 21 more
Caused by: org.openqa.selenium.ElementNotInteractableException: element not interactable
  (Session info: chrome=80.0.3987.149)
Build info: version: '3.141.59', revision: 'e82be7d358', time: '2018-11-14T08:25:53'
System info: host: 'ARCADIER-03', ip: '192.168.254.105', os.name: 'Windows 7', os.arch: 'amd64', os.version: '6.1', java.version: '1.8.0_181'
Driver info: com.kms.katalon.core.webui.driver.ExistingRemoteWebDriver
Capabilities {javascriptEnabled: true, platform: ANY, platformName: ANY}
Session ID: 1047ba07f4d7d3f0b09558b7ee935cff
	at org.openqa.selenium.remote.http.W3CHttpResponseCodec.createException(W3CHttpResponseCodec.java:187)
	at org.openqa.selenium.remote.http.W3CHttpResponseCodec.decode(W3CHttpResponseCodec.java:122)
	at org.openqa.selenium.remote.http.W3CHttpResponseCodec.decode(W3CHttpResponseCodec.java:49)
	at org.openqa.selenium.remote.HttpCommandExecutor.execute(HttpCommandExecutor.java:158)
	at org.openqa.selenium.remote.RemoteWebDriver.execute(RemoteWebDriver.java:552)
	at com.kms.katalon.core.webui.driver.ExistingRemoteWebDriver.execute(ExistingRemoteWebDriver.java:108)
	at org.openqa.selenium.remote.RemoteWebElement.execute(RemoteWebElement.java:285)
	at org.openqa.selenium.remote.RemoteWebElement.sendKeys(RemoteWebElement.java:106)
	at org.openqa.selenium.support.events.EventFiringWebDriver$EventFiringWebElement.lambda$new$0(EventFiringWebDriver.java:404)
	at com.sun.proxy.$Proxy9.sendKeys(Unknown Source)
	at org.openqa.selenium.support.events.EventFiringWebDriver$EventFiringWebElement.sendKeys(EventFiringWebDriver.java:429)
	at com.kms.katalon.core.webui.keyword.builtin.SendKeysKeyword$_sendKeys_closure1.doCall(SendKeysKeyword.groovy:53)
	at com.kms.katalon.core.webui.keyword.builtin.SendKeysKeyword$_sendKeys_closure1.call(SendKeysKeyword.groovy)
	at com.kms.katalon.core.webui.keyword.internal.WebUIKeywordMain.runKeyword(WebUIKeywordMain.groovy:20)
	... 19 more]]></system-out>
      <system-err><![CDATA[2020-03-20 15:04:43 - [TEST_SUITE][FAILED] - Bespoke Admin Pages: Test Cases/ADMIN/Language/Edit Text/Bespoke/Admin Pages/About Us FAILED.
Reason:
com.kms.katalon.core.exception.StepFailedException: Unable to send keys '*' to object 'Object Repository/ADMIN/Edit Text/Bespoke/Admin Pages/About Us/div_FontFormat_nicEdit-main nicEdit-selected' (Root cause: com.kms.katalon.core.exception.StepFailedException: Unable to send keys '*' to object 'Object Repository/ADMIN/Edit Text/Bespoke/Admin Pages/About Us/div_FontFormat_nicEdit-main nicEdit-selected'
	at com.kms.katalon.core.webui.keyword.internal.WebUIKeywordMain.stepFailed(WebUIKeywordMain.groovy:64)
	at com.kms.katalon.core.webui.keyword.internal.WebUIKeywordMain.runKeyword(WebUIKeywordMain.groovy:26)
	at com.kms.katalon.core.webui.keyword.builtin.SendKeysKeyword.sendKeys(SendKeysKeyword.groovy:60)
	at com.kms.katalon.core.webui.keyword.builtin.SendKeysKeyword.execute(SendKeysKeyword.groovy:38)
	at com.kms.katalon.core.keyword.internal.KeywordExecutor.executeKeywordForPlatform(KeywordExecutor.groovy:72)
	at com.kms.katalon.core.webui.keyword.WebUiBuiltInKeywords.sendKeys(WebUiBuiltInKeywords.groovy:860)
	at com.kms.katalon.core.webui.keyword.WebUiBuiltInKeywords$sendKeys$2.call(Unknown Source)
	at About Us.run(About Us:24)
	at com.kms.katalon.core.main.ScriptEngine.run(ScriptEngine.java:194)
	at com.kms.katalon.core.main.ScriptEngine.runScriptAsRawText(ScriptEngine.java:119)
	at com.kms.katalon.core.main.TestCaseExecutor.runScript(TestCaseExecutor.java:337)
	at com.kms.katalon.core.main.TestCaseExecutor.doExecute(TestCaseExecutor.java:328)
	at com.kms.katalon.core.main.TestCaseExecutor.processExecutionPhase(TestCaseExecutor.java:307)
	at com.kms.katalon.core.main.TestCaseExecutor.accessMainPhase(TestCaseExecutor.java:299)
	at com.kms.katalon.core.main.TestCaseExecutor.execute(TestCaseExecutor.java:233)
	at com.kms.katalon.core.main.TestSuiteExecutor.accessTestCaseMainPhase(TestSuiteExecutor.java:169)
	at com.kms.katalon.core.main.TestSuiteExecutor.accessTestSuiteMainPhase(TestSuiteExecutor.java:142)
	at com.kms.katalon.core.main.TestSuiteExecutor.execute(TestSuiteExecutor.java:91)
	at com.kms.katalon.core.main.TestCaseMain.startTestSuite(TestCaseMain.java:157)
	at com.kms.katalon.core.main.TestCaseMain$startTestSuite$0.call(Unknown Source)
	at TempTestSuite1584687880497.run(TempTestSuite1584687880497.groovy:36)
Caused by: org.openqa.selenium.ElementNotInteractableException: element not interactable
  (Session info: chrome=80.0.3987.149)
Build info: version: '3.141.59', revision: 'e82be7d358', time: '2018-11-14T08:25:53'
System info: host: 'ARCADIER-03', ip: '192.168.254.105', os.name: 'Windows 7', os.arch: 'amd64', os.version: '6.1', java.version: '1.8.0_181'
Driver info: com.kms.katalon.core.webui.driver.ExistingRemoteWebDriver
Capabilities {javascriptEnabled: true, platform: ANY, platformName: ANY}
Session ID: 1047ba07f4d7d3f0b09558b7ee935cff
	at org.openqa.selenium.remote.http.W3CHttpResponseCodec.createException(W3CHttpResponseCodec.java:187)
	at org.openqa.selenium.remote.http.W3CHttpResponseCodec.decode(W3CHttpResponseCodec.java:122)
	at org.openqa.selenium.remote.http.W3CHttpResponseCodec.decode(W3CHttpResponseCodec.java:49)
	at org.openqa.selenium.remote.HttpCommandExecutor.execute(HttpCommandExecutor.java:158)
	at org.openqa.selenium.remote.RemoteWebDriver.execute(RemoteWebDriver.java:552)
	at com.kms.katalon.core.webui.driver.ExistingRemoteWebDriver.execute(ExistingRemoteWebDriver.java:108)
	at org.openqa.selenium.remote.RemoteWebElement.execute(RemoteWebElement.java:285)
	at org.openqa.selenium.remote.RemoteWebElement.sendKeys(RemoteWebElement.java:106)
	at org.openqa.selenium.support.events.EventFiringWebDriver$EventFiringWebElement.lambda$new$0(EventFiringWebDriver.java:404)
	at com.sun.proxy.$Proxy9.sendKeys(Unknown Source)
	at org.openqa.selenium.support.events.EventFiringWebDriver$EventFiringWebElement.sendKeys(EventFiringWebDriver.java:429)
	at com.kms.katalon.core.webui.keyword.builtin.SendKeysKeyword$_sendKeys_closure1.doCall(SendKeysKeyword.groovy:53)
	at com.kms.katalon.core.webui.keyword.builtin.SendKeysKeyword$_sendKeys_closure1.call(SendKeysKeyword.groovy)
	at com.kms.katalon.core.webui.keyword.internal.WebUIKeywordMain.runKeyword(WebUIKeywordMain.groovy:20)
	at com.kms.katalon.core.webui.keyword.builtin.SendKeysKeyword.sendKeys(SendKeysKeyword.groovy:60)
	at com.kms.katalon.core.webui.keyword.builtin.SendKeysKeyword.execute(SendKeysKeyword.groovy:38)
	at com.kms.katalon.core.keyword.internal.KeywordExecutor.executeKeywordForPlatform(KeywordExecutor.groovy:72)
	at com.kms.katalon.core.webui.keyword.WebUiBuiltInKeywords.sendKeys(WebUiBuiltInKeywords.groovy:860)
	at com.kms.katalon.core.webui.keyword.WebUiBuiltInKeywords$sendKeys$2.call(Unknown Source)
	at Script1582177029370.run(Script1582177029370.groovy:24)
	... 13 more
)
	at com.kms.katalon.core.keyword.internal.KeywordMain.stepFailed(KeywordMain.groovy:39)
	at com.kms.katalon.core.webui.keyword.internal.WebUIKeywordMain.stepFailed(WebUIKeywordMain.groovy:64)
	at com.kms.katalon.core.webui.keyword.internal.WebUIKeywordMain.runKeyword(WebUIKeywordMain.groovy:26)
	at com.kms.katalon.core.webui.keyword.builtin.SendKeysKeyword.sendKeys(SendKeysKeyword.groovy:60)
	at com.kms.katalon.core.webui.keyword.builtin.SendKeysKeyword.execute(SendKeysKeyword.groovy:38)
	at com.kms.katalon.core.keyword.internal.KeywordExecutor.executeKeywordForPlatform(KeywordExecutor.groovy:72)
	at com.kms.katalon.core.webui.keyword.WebUiBuiltInKeywords.sendKeys(WebUiBuiltInKeywords.groovy:860)
	at com.kms.katalon.core.webui.keyword.WebUiBuiltInKeywords$sendKeys$2.call(Unknown Source)
	at About Us.run(About Us:24)
	at com.kms.katalon.core.main.ScriptEngine.run(ScriptEngine.java:194)
	at com.kms.katalon.core.main.ScriptEngine.runScriptAsRawText(ScriptEngine.java:119)
	at com.kms.katalon.core.main.TestCaseExecutor.runScript(TestCaseExecutor.java:337)
	at com.kms.katalon.core.main.TestCaseExecutor.doExecute(TestCaseExecutor.java:328)
	at com.kms.katalon.core.main.TestCaseExecutor.processExecutionPhase(TestCaseExecutor.java:307)
	at com.kms.katalon.core.main.TestCaseExecutor.accessMainPhase(TestCaseExecutor.java:299)
	at com.kms.katalon.core.main.TestCaseExecutor.execute(TestCaseExecutor.java:233)
	at com.kms.katalon.core.main.TestSuiteExecutor.accessTestCaseMainPhase(TestSuiteExecutor.java:169)
	at com.kms.katalon.core.main.TestSuiteExecutor.accessTestSuiteMainPhase(TestSuiteExecutor.java:142)
	at com.kms.katalon.core.main.TestSuiteExecutor.execute(TestSuiteExecutor.java:91)
	at com.kms.katalon.core.main.TestCaseMain.startTestSuite(TestCaseMain.java:157)
	at com.kms.katalon.core.main.TestCaseMain$startTestSuite$0.call(Unknown Source)
	at TempTestSuite1584687880497.run(TempTestSuite1584687880497.groovy:36)
Caused by: com.kms.katalon.core.exception.StepFailedException: Unable to send keys '*' to object 'Object Repository/ADMIN/Edit Text/Bespoke/Admin Pages/About Us/div_FontFormat_nicEdit-main nicEdit-selected'
	... 21 more
Caused by: org.openqa.selenium.ElementNotInteractableException: element not interactable
  (Session info: chrome=80.0.3987.149)
Build info: version: '3.141.59', revision: 'e82be7d358', time: '2018-11-14T08:25:53'
System info: host: 'ARCADIER-03', ip: '192.168.254.105', os.name: 'Windows 7', os.arch: 'amd64', os.version: '6.1', java.version: '1.8.0_181'
Driver info: com.kms.katalon.core.webui.driver.ExistingRemoteWebDriver
Capabilities {javascriptEnabled: true, platform: ANY, platformName: ANY}
Session ID: 1047ba07f4d7d3f0b09558b7ee935cff
	at org.openqa.selenium.remote.http.W3CHttpResponseCodec.createException(W3CHttpResponseCodec.java:187)
	at org.openqa.selenium.remote.http.W3CHttpResponseCodec.decode(W3CHttpResponseCodec.java:122)
	at org.openqa.selenium.remote.http.W3CHttpResponseCodec.decode(W3CHttpResponseCodec.java:49)
	at org.openqa.selenium.remote.HttpCommandExecutor.execute(HttpCommandExecutor.java:158)
	at org.openqa.selenium.remote.RemoteWebDriver.execute(RemoteWebDriver.java:552)
	at com.kms.katalon.core.webui.driver.ExistingRemoteWebDriver.execute(ExistingRemoteWebDriver.java:108)
	at org.openqa.selenium.remote.RemoteWebElement.execute(RemoteWebElement.java:285)
	at org.openqa.selenium.remote.RemoteWebElement.sendKeys(RemoteWebElement.java:106)
	at org.openqa.selenium.support.events.EventFiringWebDriver$EventFiringWebElement.lambda$new$0(EventFiringWebDriver.java:404)
	at com.sun.proxy.$Proxy9.sendKeys(Unknown Source)
	at org.openqa.selenium.support.events.EventFiringWebDriver$EventFiringWebElement.sendKeys(EventFiringWebDriver.java:429)
	at com.kms.katalon.core.webui.keyword.builtin.SendKeysKeyword$_sendKeys_closure1.doCall(SendKeysKeyword.groovy:53)
	at com.kms.katalon.core.webui.keyword.builtin.SendKeysKeyword$_sendKeys_closure1.call(SendKeysKeyword.groovy)
	at com.kms.katalon.core.webui.keyword.internal.WebUIKeywordMain.runKeyword(WebUIKeywordMain.groovy:20)
	... 19 more]]></system-err>
   </testsuite>
</testsuites>
