<?xml version="1.0" encoding="UTF-8"?>
<testsuites name="Admin Add Custom Fields" time="654.536" tests="71" failures="0" errors="0">
   <testsuite name="Admin Add Custom Fields" tests="71" failures="0" errors="0" time="654.536" timestamp="2020-03-19 14:58:17" hostname="ARCADIER03 - 192.168.254.105" id="Test Suites/Admin/Admin Add Custom Fields">
      <properties>
         <property name="deviceName" value=""/>
         <property name="devicePlatform" value=""/>
         <property name="logFolder" value="C:\\Katalon\\Arctick\\Reports\\20200319_145815\\Admin\\Admin Add Custom Fields\\20200319_145815"/>
         <property name="logFiles" value="C:\\Katalon\\Arctick\\Reports\\20200319_145815\\Admin\\Admin Add Custom Fields\\20200319_145815\\execution0.log"/>
         <property name="attachments" value=""/>
         <property name="hostName" value="ARCADIER03 - 192.168.254.105"/>
         <property name="os" value="Windows 7 64bit"/>
         <property name="katalonVersion" value="7.2.6.1"/>
         <property name="browser" value="Chrome 80.0.3987.132"/>
         <property name="hostAddress" value="192.168.254.105"/>
         <property name="sessionId" value="f86e4711f211177c184672448f11aded"/>
         <property name="seleniumVersion" value="3.141.59"/>
         <property name="proxyInformation" value="ProxyInformation{proxyOption=NO_PROXY, proxyServerType=HTTP, password=, proxyServerAddress=, proxyServerPort=0, executionList=}"/>
         <property name="platform" value="Windows 7"/>
      </properties>
      <testcase name="Test Cases/ADMIN/Custom Fields Page/Add Custom Item Fields/Add_CF_DataDriven" time="13.399" classname="Test Cases/ADMIN/Custom Fields Page/Add Custom Item Fields/Add_CF_DataDriven" status="PASSED">
         <system-out><![CDATA[2020-03-19 14:58:18 - [TEST_CASE][PASSED] - Test Cases/ADMIN/Custom Fields Page/Add Custom Item Fields/Add_CF_DataDriven: Test Cases/ADMIN/Custom Fields Page/Add Custom Item Fields/Add_CF_DataDriven

2020-03-19 14:58:19 - [TEST_STEP][PASSED] - waitForElementVisible(findTestObject("ADMIN/Custom Item Fields List Page/button_Add Field"), 0): Object 'Object Repository/ADMIN/Custom Item Fields List Page/button_Add Field' is visible

2020-03-19 14:58:20 - [MESSAGE][WARNING] - Timeout '0' is invalid. Using default page load timeout: '30'

2020-03-19 14:58:23 - [MESSAGE][PASSED] - Object 'Object Repository/ADMIN/Custom Item Fields List Page/button_Add Field' is visible

2020-03-19 14:58:23 - [TEST_STEP][PASSED] - click(findTestObject("ADMIN/Custom Item Fields List Page/button_Add Field"), STOP_ON_FAILURE): Object: 'Object Repository/ADMIN/Custom Item Fields List Page/button_Add Field' is clicked on

2020-03-19 14:58:24 - [MESSAGE][PASSED] - Object: 'Object Repository/ADMIN/Custom Item Fields List Page/button_Add Field' is clicked on

2020-03-19 14:58:24 - [TEST_STEP][PASSED] - comment("Choose Field Type"): Choose Field Type

2020-03-19 14:58:24 - [MESSAGE][INFO] - Choose Field Type

2020-03-19 14:58:24 - [TEST_STEP][PASSED] - if (varCustomFieldType == "Checkbox"): null

2020-03-19 14:58:24 - [TEST_STEP][PASSED] - else if (varCustomFieldType == "Date / Time picker"): null

2020-03-19 14:58:24 - [TEST_STEP][PASSED] - else if (varCustomFieldType == "Drop Down"): null

2020-03-19 14:58:24 - [TEST_STEP][PASSED] - else if (varCustomFieldType == "Email"): null

2020-03-19 14:58:24 - [TEST_STEP][PASSED] - else if (varCustomFieldType == "Embed Video"): null

2020-03-19 14:58:24 - [TEST_STEP][PASSED] - else if (varCustomFieldType == "Hyperlink / URL"): null

2020-03-19 14:58:24 - [TEST_STEP][PASSED] - else if (varCustomFieldType == "Location"): null

2020-03-19 14:58:24 - [TEST_STEP][PASSED] - else if (varCustomFieldType == "Number"): null

2020-03-19 14:58:24 - [TEST_STEP][PASSED] - else if (varCustomFieldType == "PDF File"): null

2020-03-19 14:58:24 - [TEST_STEP][PASSED] - else if (varCustomFieldType == "Percentage"): null

2020-03-19 14:58:24 - [TEST_STEP][PASSED] - else if (varCustomFieldType == "Text Editor"): null

2020-03-19 14:58:24 - [TEST_STEP][PASSED] - else if (varCustomFieldType == "Text Field"): All options with label 'Text Field' are selected in object 'Object Repository/ADMIN/Custom Item Fields Page/a_Default/dropdown_fieldtype' 

2020-03-19 14:58:24 - [TEST_STEP][PASSED] - waitForElementVisible(findTestObject("ADMIN/Custom Item Fields Page/a_Default/dropdown_fieldtype"), 0, CONTINUE_ON_FAILURE): Object 'Object Repository/ADMIN/Custom Item Fields Page/a_Default/dropdown_fieldtype' is visible

2020-03-19 14:58:24 - [MESSAGE][WARNING] - Timeout '0' is invalid. Using default page load timeout: '30'

2020-03-19 14:58:25 - [MESSAGE][PASSED] - Object 'Object Repository/ADMIN/Custom Item Fields Page/a_Default/dropdown_fieldtype' is visible

2020-03-19 14:58:25 - [TEST_STEP][PASSED] - selectOptionByLabel(findTestObject("ADMIN/Custom Item Fields Page/a_Default/dropdown_fieldtype"), "Text Field", false): All options with label 'Text Field' are selected in object 'Object Repository/ADMIN/Custom Item Fields Page/a_Default/dropdown_fieldtype' 

2020-03-19 14:58:26 - [MESSAGE][PASSED] - All options with label 'Text Field' are selected in object 'Object Repository/ADMIN/Custom Item Fields Page/a_Default/dropdown_fieldtype' 

2020-03-19 14:58:26 - [TEST_STEP][PASSED] - comment("Field Name"): Field Name

2020-03-19 14:58:26 - [MESSAGE][INFO] - Field Name

2020-03-19 14:58:26 - [TEST_STEP][PASSED] - setText(findTestObject("ADMIN/Custom Item Fields Page/a_Default/textfield_fieldname"), varCustomFieldName): Text 'allCat_Text field_NM1' is set on object 'Object Repository/ADMIN/Custom Item Fields Page/a_Default/textfield_fieldname'

2020-03-19 14:58:26 - [MESSAGE][PASSED] - Text 'allCat_Text field_NM1' is set on object 'Object Repository/ADMIN/Custom Item Fields Page/a_Default/textfield_fieldname'

2020-03-19 14:58:26 - [TEST_STEP][PASSED] - comment("Mandatory/NonMandatory"): Mandatory/NonMandatory

2020-03-19 14:58:26 - [MESSAGE][INFO] - Mandatory/NonMandatory

2020-03-19 14:58:26 - [TEST_STEP][PASSED] - if (varMandatoryNonMandatory == "mandatory"): null

2020-03-19 14:58:26 - [TEST_STEP][PASSED] - else if (varMandatoryNonMandatory == "non-mandatory"): Object: 'Object Repository/ADMIN/Custom Item Fields Page/a_Default/togglebutton_mandatory' is clicked on

2020-03-19 14:58:26 - [TEST_STEP][PASSED] - waitForElementVisible(findTestObject("ADMIN/Custom Item Fields Page/a_Default/togglebutton_mandatory"), 0, CONTINUE_ON_FAILURE): Object 'Object Repository/ADMIN/Custom Item Fields Page/a_Default/togglebutton_mandatory' is visible

2020-03-19 14:58:26 - [MESSAGE][WARNING] - Timeout '0' is invalid. Using default page load timeout: '30'

2020-03-19 14:58:26 - [MESSAGE][PASSED] - Object 'Object Repository/ADMIN/Custom Item Fields Page/a_Default/togglebutton_mandatory' is visible

2020-03-19 14:58:26 - [TEST_STEP][PASSED] - click(findTestObject("ADMIN/Custom Item Fields Page/a_Default/togglebutton_mandatory")): Object: 'Object Repository/ADMIN/Custom Item Fields Page/a_Default/togglebutton_mandatory' is clicked on

2020-03-19 14:58:26 - [MESSAGE][PASSED] - Object: 'Object Repository/ADMIN/Custom Item Fields Page/a_Default/togglebutton_mandatory' is clicked on

2020-03-19 14:58:26 - [TEST_STEP][PASSED] - comment("Assign Category"): Assign Category

2020-03-19 14:58:26 - [MESSAGE][INFO] - Assign Category

2020-03-19 14:58:26 - [TEST_STEP][PASSED] - click(findTestObject("ADMIN/Custom Item Fields Page/a_Default/button_SelectCategories")): Object: 'Object Repository/ADMIN/Custom Item Fields Page/a_Default/button_SelectCategories' is clicked on

2020-03-19 14:58:27 - [MESSAGE][PASSED] - Object: 'Object Repository/ADMIN/Custom Item Fields Page/a_Default/button_SelectCategories' is clicked on

2020-03-19 14:58:27 - [TEST_STEP][PASSED] - waitForElementVisible(findTestObject("ADMIN/Custom Item Fields List Page/a_SelectCategories/searchbox_Category"), 0): Object 'Object Repository/ADMIN/Custom Item Fields List Page/a_SelectCategories/searchbox_Category' is visible

2020-03-19 14:58:27 - [MESSAGE][WARNING] - Timeout '0' is invalid. Using default page load timeout: '30'

2020-03-19 14:58:27 - [MESSAGE][PASSED] - Object 'Object Repository/ADMIN/Custom Item Fields List Page/a_SelectCategories/searchbox_Category' is visible

2020-03-19 14:58:27 - [TEST_STEP][PASSED] - comment("Category Assignment"): Category Assignment

2020-03-19 14:58:27 - [MESSAGE][INFO] - Category Assignment

2020-03-19 14:58:27 - [TEST_STEP][PASSED] - if (varAssignedCategory == "All Cat"): Object: 'Object Repository/ADMIN/Custom Item Fields List Page/a_SelectCategories/linktext_SelectAll' is clicked on

2020-03-19 14:58:27 - [TEST_STEP][PASSED] - waitForElementVisible(findTestObject("ADMIN/Custom Item Fields List Page/a_SelectCategories/linktext_SelectAll"), 0): Object 'Object Repository/ADMIN/Custom Item Fields List Page/a_SelectCategories/linktext_SelectAll' is visible

2020-03-19 14:58:27 - [MESSAGE][WARNING] - Timeout '0' is invalid. Using default page load timeout: '30'

2020-03-19 14:58:28 - [MESSAGE][PASSED] - Object 'Object Repository/ADMIN/Custom Item Fields List Page/a_SelectCategories/linktext_SelectAll' is visible

2020-03-19 14:58:28 - [TEST_STEP][PASSED] - click(findTestObject("ADMIN/Custom Item Fields List Page/a_SelectCategories/linktext_SelectAll"), CONTINUE_ON_FAILURE): Object: 'Object Repository/ADMIN/Custom Item Fields List Page/a_SelectCategories/linktext_SelectAll' is clicked on

2020-03-19 14:58:28 - [MESSAGE][PASSED] - Object: 'Object Repository/ADMIN/Custom Item Fields List Page/a_SelectCategories/linktext_SelectAll' is clicked on

2020-03-19 14:58:28 - [TEST_STEP][PASSED] - click(findTestObject("ADMIN/Custom Item Fields List Page/a_SelectCategories/button_Save"), STOP_ON_FAILURE): Object: 'Object Repository/ADMIN/Custom Item Fields List Page/a_SelectCategories/button_Save' is clicked on

2020-03-19 14:58:28 - [MESSAGE][PASSED] - Object: 'Object Repository/ADMIN/Custom Item Fields List Page/a_SelectCategories/button_Save' is clicked on

2020-03-19 14:58:28 - [TEST_STEP][PASSED] - delay(2, CONTINUE_ON_FAILURE): Delayed 2 second(s)

2020-03-19 14:58:30 - [MESSAGE][PASSED] - Delayed 2 second(s)

2020-03-19 14:58:30 - [TEST_STEP][PASSED] - click(findTestObject("ADMIN/Custom Item Fields Page/a_Default/button_Save1"), STOP_ON_FAILURE): Object: 'Object Repository/ADMIN/Custom Item Fields Page/a_Default/button_Save1' is clicked on

2020-03-19 14:58:30 - [MESSAGE][PASSED] - Object: 'Object Repository/ADMIN/Custom Item Fields Page/a_Default/button_Save1' is clicked on

2020-03-19 14:58:30 - [TEST_STEP][PASSED] - waitForElementVisible(findTestObject("ADMIN/Custom Item Fields List Page/button_Add Field"), 0): Object 'Object Repository/ADMIN/Custom Item Fields List Page/button_Add Field' is visible

2020-03-19 14:58:30 - [MESSAGE][WARNING] - Timeout '0' is invalid. Using default page load timeout: '30'

2020-03-19 14:58:31 - [MESSAGE][PASSED] - Object 'Object Repository/ADMIN/Custom Item Fields List Page/button_Add Field' is visible]]></system-out>
         <system-err><![CDATA[]]></system-err>
      </testcase>
      <testcase name="Test Cases/ADMIN/Custom Fields Page/Add Custom Item Fields/Add_CF_DataDriven" time="7.346" classname="Test Cases/ADMIN/Custom Fields Page/Add Custom Item Fields/Add_CF_DataDriven" status="PASSED">
         <system-out><![CDATA[2020-03-19 14:58:31 - [TEST_CASE][PASSED] - Test Cases/ADMIN/Custom Fields Page/Add Custom Item Fields/Add_CF_DataDriven: Test Cases/ADMIN/Custom Fields Page/Add Custom Item Fields/Add_CF_DataDriven

2020-03-19 14:58:32 - [TEST_STEP][PASSED] - waitForElementVisible(findTestObject("ADMIN/Custom Item Fields List Page/button_Add Field"), 0): Object 'Object Repository/ADMIN/Custom Item Fields List Page/button_Add Field' is visible

2020-03-19 14:58:32 - [MESSAGE][WARNING] - Timeout '0' is invalid. Using default page load timeout: '30'

2020-03-19 14:58:32 - [MESSAGE][PASSED] - Object 'Object Repository/ADMIN/Custom Item Fields List Page/button_Add Field' is visible

2020-03-19 14:58:32 - [TEST_STEP][PASSED] - click(findTestObject("ADMIN/Custom Item Fields List Page/button_Add Field"), STOP_ON_FAILURE): Object: 'Object Repository/ADMIN/Custom Item Fields List Page/button_Add Field' is clicked on

2020-03-19 14:58:33 - [MESSAGE][PASSED] - Object: 'Object Repository/ADMIN/Custom Item Fields List Page/button_Add Field' is clicked on

2020-03-19 14:58:33 - [TEST_STEP][PASSED] - comment("Choose Field Type"): Choose Field Type

2020-03-19 14:58:33 - [MESSAGE][INFO] - Choose Field Type

2020-03-19 14:58:33 - [TEST_STEP][PASSED] - if (varCustomFieldType == "Checkbox"): null

2020-03-19 14:58:33 - [TEST_STEP][PASSED] - else if (varCustomFieldType == "Date / Time picker"): null

2020-03-19 14:58:33 - [TEST_STEP][PASSED] - else if (varCustomFieldType == "Drop Down"): null

2020-03-19 14:58:33 - [TEST_STEP][PASSED] - else if (varCustomFieldType == "Email"): null

2020-03-19 14:58:33 - [TEST_STEP][PASSED] - else if (varCustomFieldType == "Embed Video"): null

2020-03-19 14:58:33 - [TEST_STEP][PASSED] - else if (varCustomFieldType == "Hyperlink / URL"): null

2020-03-19 14:58:33 - [TEST_STEP][PASSED] - else if (varCustomFieldType == "Location"): null

2020-03-19 14:58:33 - [TEST_STEP][PASSED] - else if (varCustomFieldType == "Number"): null

2020-03-19 14:58:33 - [TEST_STEP][PASSED] - else if (varCustomFieldType == "PDF File"): null

2020-03-19 14:58:33 - [TEST_STEP][PASSED] - else if (varCustomFieldType == "Percentage"): null

2020-03-19 14:58:33 - [TEST_STEP][PASSED] - else if (varCustomFieldType == "Text Editor"): null

2020-03-19 14:58:33 - [TEST_STEP][PASSED] - else if (varCustomFieldType == "Text Field"): All options with label 'Text Field' are selected in object 'Object Repository/ADMIN/Custom Item Fields Page/a_Default/dropdown_fieldtype' 

2020-03-19 14:58:33 - [TEST_STEP][PASSED] - waitForElementVisible(findTestObject("ADMIN/Custom Item Fields Page/a_Default/dropdown_fieldtype"), 0, CONTINUE_ON_FAILURE): Object 'Object Repository/ADMIN/Custom Item Fields Page/a_Default/dropdown_fieldtype' is visible

2020-03-19 14:58:33 - [MESSAGE][WARNING] - Timeout '0' is invalid. Using default page load timeout: '30'

2020-03-19 14:58:33 - [MESSAGE][PASSED] - Object 'Object Repository/ADMIN/Custom Item Fields Page/a_Default/dropdown_fieldtype' is visible

2020-03-19 14:58:33 - [TEST_STEP][PASSED] - selectOptionByLabel(findTestObject("ADMIN/Custom Item Fields Page/a_Default/dropdown_fieldtype"), "Text Field", false): All options with label 'Text Field' are selected in object 'Object Repository/ADMIN/Custom Item Fields Page/a_Default/dropdown_fieldtype' 

2020-03-19 14:58:33 - [MESSAGE][PASSED] - All options with label 'Text Field' are selected in object 'Object Repository/ADMIN/Custom Item Fields Page/a_Default/dropdown_fieldtype' 

2020-03-19 14:58:33 - [TEST_STEP][PASSED] - comment("Field Name"): Field Name

2020-03-19 14:58:33 - [MESSAGE][INFO] - Field Name

2020-03-19 14:58:33 - [TEST_STEP][PASSED] - setText(findTestObject("ADMIN/Custom Item Fields Page/a_Default/textfield_fieldname"), varCustomFieldName): Text 'allCat_Text field_NM2' is set on object 'Object Repository/ADMIN/Custom Item Fields Page/a_Default/textfield_fieldname'

2020-03-19 14:58:34 - [MESSAGE][PASSED] - Text 'allCat_Text field_NM2' is set on object 'Object Repository/ADMIN/Custom Item Fields Page/a_Default/textfield_fieldname'

2020-03-19 14:58:34 - [TEST_STEP][PASSED] - comment("Mandatory/NonMandatory"): Mandatory/NonMandatory

2020-03-19 14:58:34 - [MESSAGE][INFO] - Mandatory/NonMandatory

2020-03-19 14:58:34 - [TEST_STEP][PASSED] - if (varMandatoryNonMandatory == "mandatory"): null

2020-03-19 14:58:34 - [TEST_STEP][PASSED] - else if (varMandatoryNonMandatory == "non-mandatory"): Object: 'Object Repository/ADMIN/Custom Item Fields Page/a_Default/togglebutton_mandatory' is clicked on

2020-03-19 14:58:34 - [TEST_STEP][PASSED] - waitForElementVisible(findTestObject("ADMIN/Custom Item Fields Page/a_Default/togglebutton_mandatory"), 0, CONTINUE_ON_FAILURE): Object 'Object Repository/ADMIN/Custom Item Fields Page/a_Default/togglebutton_mandatory' is visible

2020-03-19 14:58:34 - [MESSAGE][WARNING] - Timeout '0' is invalid. Using default page load timeout: '30'

2020-03-19 14:58:34 - [MESSAGE][PASSED] - Object 'Object Repository/ADMIN/Custom Item Fields Page/a_Default/togglebutton_mandatory' is visible

2020-03-19 14:58:34 - [TEST_STEP][PASSED] - click(findTestObject("ADMIN/Custom Item Fields Page/a_Default/togglebutton_mandatory")): Object: 'Object Repository/ADMIN/Custom Item Fields Page/a_Default/togglebutton_mandatory' is clicked on

2020-03-19 14:58:34 - [MESSAGE][PASSED] - Object: 'Object Repository/ADMIN/Custom Item Fields Page/a_Default/togglebutton_mandatory' is clicked on

2020-03-19 14:58:34 - [TEST_STEP][PASSED] - comment("Assign Category"): Assign Category

2020-03-19 14:58:34 - [MESSAGE][INFO] - Assign Category

2020-03-19 14:58:34 - [TEST_STEP][PASSED] - click(findTestObject("ADMIN/Custom Item Fields Page/a_Default/button_SelectCategories")): Object: 'Object Repository/ADMIN/Custom Item Fields Page/a_Default/button_SelectCategories' is clicked on

2020-03-19 14:58:34 - [MESSAGE][PASSED] - Object: 'Object Repository/ADMIN/Custom Item Fields Page/a_Default/button_SelectCategories' is clicked on

2020-03-19 14:58:34 - [TEST_STEP][PASSED] - waitForElementVisible(findTestObject("ADMIN/Custom Item Fields List Page/a_SelectCategories/searchbox_Category"), 0): Object 'Object Repository/ADMIN/Custom Item Fields List Page/a_SelectCategories/searchbox_Category' is visible

2020-03-19 14:58:34 - [MESSAGE][WARNING] - Timeout '0' is invalid. Using default page load timeout: '30'

2020-03-19 14:58:35 - [MESSAGE][PASSED] - Object 'Object Repository/ADMIN/Custom Item Fields List Page/a_SelectCategories/searchbox_Category' is visible

2020-03-19 14:58:35 - [TEST_STEP][PASSED] - comment("Category Assignment"): Category Assignment

2020-03-19 14:58:35 - [MESSAGE][INFO] - Category Assignment

2020-03-19 14:58:35 - [TEST_STEP][PASSED] - if (varAssignedCategory == "All Cat"): Object: 'Object Repository/ADMIN/Custom Item Fields List Page/a_SelectCategories/linktext_SelectAll' is clicked on

2020-03-19 14:58:35 - [TEST_STEP][PASSED] - waitForElementVisible(findTestObject("ADMIN/Custom Item Fields List Page/a_SelectCategories/linktext_SelectAll"), 0): Object 'Object Repository/ADMIN/Custom Item Fields List Page/a_SelectCategories/linktext_SelectAll' is visible

2020-03-19 14:58:35 - [MESSAGE][WARNING] - Timeout '0' is invalid. Using default page load timeout: '30'

2020-03-19 14:58:35 - [MESSAGE][PASSED] - Object 'Object Repository/ADMIN/Custom Item Fields List Page/a_SelectCategories/linktext_SelectAll' is visible

2020-03-19 14:58:35 - [TEST_STEP][PASSED] - click(findTestObject("ADMIN/Custom Item Fields List Page/a_SelectCategories/linktext_SelectAll"), CONTINUE_ON_FAILURE): Object: 'Object Repository/ADMIN/Custom Item Fields List Page/a_SelectCategories/linktext_SelectAll' is clicked on

2020-03-19 14:58:35 - [MESSAGE][PASSED] - Object: 'Object Repository/ADMIN/Custom Item Fields List Page/a_SelectCategories/linktext_SelectAll' is clicked on

2020-03-19 14:58:35 - [TEST_STEP][PASSED] - click(findTestObject("ADMIN/Custom Item Fields List Page/a_SelectCategories/button_Save"), STOP_ON_FAILURE): Object: 'Object Repository/ADMIN/Custom Item Fields List Page/a_SelectCategories/button_Save' is clicked on

2020-03-19 14:58:35 - [MESSAGE][PASSED] - Object: 'Object Repository/ADMIN/Custom Item Fields List Page/a_SelectCategories/button_Save' is clicked on

2020-03-19 14:58:35 - [TEST_STEP][PASSED] - delay(2, CONTINUE_ON_FAILURE): Delayed 2 second(s)

2020-03-19 14:58:37 - [MESSAGE][PASSED] - Delayed 2 second(s)

2020-03-19 14:58:37 - [TEST_STEP][PASSED] - click(findTestObject("ADMIN/Custom Item Fields Page/a_Default/button_Save1"), STOP_ON_FAILURE): Object: 'Object Repository/ADMIN/Custom Item Fields Page/a_Default/button_Save1' is clicked on

2020-03-19 14:58:38 - [MESSAGE][PASSED] - Object: 'Object Repository/ADMIN/Custom Item Fields Page/a_Default/button_Save1' is clicked on

2020-03-19 14:58:38 - [TEST_STEP][PASSED] - waitForElementVisible(findTestObject("ADMIN/Custom Item Fields List Page/button_Add Field"), 0): Object 'Object Repository/ADMIN/Custom Item Fields List Page/button_Add Field' is visible

2020-03-19 14:58:38 - [MESSAGE][WARNING] - Timeout '0' is invalid. Using default page load timeout: '30'

2020-03-19 14:58:39 - [MESSAGE][PASSED] - Object 'Object Repository/ADMIN/Custom Item Fields List Page/button_Add Field' is visible]]></system-out>
         <system-err><![CDATA[]]></system-err>
      </testcase>
      <testcase name="Test Cases/ADMIN/Custom Fields Page/Add Custom Item Fields/Add_CF_DataDriven" time="7.632" classname="Test Cases/ADMIN/Custom Fields Page/Add Custom Item Fields/Add_CF_DataDriven" status="PASSED">
         <system-out><![CDATA[2020-03-19 14:58:39 - [TEST_CASE][PASSED] - Test Cases/ADMIN/Custom Fields Page/Add Custom Item Fields/Add_CF_DataDriven: Test Cases/ADMIN/Custom Fields Page/Add Custom Item Fields/Add_CF_DataDriven

2020-03-19 14:58:39 - [TEST_STEP][PASSED] - waitForElementVisible(findTestObject("ADMIN/Custom Item Fields List Page/button_Add Field"), 0): Object 'Object Repository/ADMIN/Custom Item Fields List Page/button_Add Field' is visible

2020-03-19 14:58:39 - [MESSAGE][WARNING] - Timeout '0' is invalid. Using default page load timeout: '30'

2020-03-19 14:58:39 - [MESSAGE][PASSED] - Object 'Object Repository/ADMIN/Custom Item Fields List Page/button_Add Field' is visible

2020-03-19 14:58:39 - [TEST_STEP][PASSED] - click(findTestObject("ADMIN/Custom Item Fields List Page/button_Add Field"), STOP_ON_FAILURE): Object: 'Object Repository/ADMIN/Custom Item Fields List Page/button_Add Field' is clicked on

2020-03-19 14:58:40 - [MESSAGE][PASSED] - Object: 'Object Repository/ADMIN/Custom Item Fields List Page/button_Add Field' is clicked on

2020-03-19 14:58:40 - [TEST_STEP][PASSED] - comment("Choose Field Type"): Choose Field Type

2020-03-19 14:58:40 - [MESSAGE][INFO] - Choose Field Type

2020-03-19 14:58:40 - [TEST_STEP][PASSED] - if (varCustomFieldType == "Checkbox"): null

2020-03-19 14:58:40 - [TEST_STEP][PASSED] - else if (varCustomFieldType == "Date / Time picker"): null

2020-03-19 14:58:40 - [TEST_STEP][PASSED] - else if (varCustomFieldType == "Drop Down"): null

2020-03-19 14:58:40 - [TEST_STEP][PASSED] - else if (varCustomFieldType == "Email"): null

2020-03-19 14:58:40 - [TEST_STEP][PASSED] - else if (varCustomFieldType == "Embed Video"): null

2020-03-19 14:58:40 - [TEST_STEP][PASSED] - else if (varCustomFieldType == "Hyperlink / URL"): null

2020-03-19 14:58:40 - [TEST_STEP][PASSED] - else if (varCustomFieldType == "Location"): null

2020-03-19 14:58:40 - [TEST_STEP][PASSED] - else if (varCustomFieldType == "Number"): null

2020-03-19 14:58:40 - [TEST_STEP][PASSED] - else if (varCustomFieldType == "PDF File"): null

2020-03-19 14:58:40 - [TEST_STEP][PASSED] - else if (varCustomFieldType == "Percentage"): null

2020-03-19 14:58:40 - [TEST_STEP][PASSED] - else if (varCustomFieldType == "Text Editor"): All options with label 'Text Editor' are selected in object 'Object Repository/ADMIN/Custom Item Fields Page/a_Default/dropdown_fieldtype' 

2020-03-19 14:58:40 - [TEST_STEP][PASSED] - waitForElementVisible(findTestObject("ADMIN/Custom Item Fields Page/a_Default/dropdown_fieldtype"), 0, CONTINUE_ON_FAILURE): Object 'Object Repository/ADMIN/Custom Item Fields Page/a_Default/dropdown_fieldtype' is visible

2020-03-19 14:58:40 - [MESSAGE][WARNING] - Timeout '0' is invalid. Using default page load timeout: '30'

2020-03-19 14:58:41 - [MESSAGE][PASSED] - Object 'Object Repository/ADMIN/Custom Item Fields Page/a_Default/dropdown_fieldtype' is visible

2020-03-19 14:58:41 - [TEST_STEP][PASSED] - selectOptionByLabel(findTestObject("ADMIN/Custom Item Fields Page/a_Default/dropdown_fieldtype"), "Text Editor", false): All options with label 'Text Editor' are selected in object 'Object Repository/ADMIN/Custom Item Fields Page/a_Default/dropdown_fieldtype' 

2020-03-19 14:58:41 - [MESSAGE][PASSED] - All options with label 'Text Editor' are selected in object 'Object Repository/ADMIN/Custom Item Fields Page/a_Default/dropdown_fieldtype' 

2020-03-19 14:58:41 - [TEST_STEP][PASSED] - comment("Field Name"): Field Name

2020-03-19 14:58:41 - [MESSAGE][INFO] - Field Name

2020-03-19 14:58:41 - [TEST_STEP][PASSED] - setText(findTestObject("ADMIN/Custom Item Fields Page/a_Default/textfield_fieldname"), varCustomFieldName): Text 'allCat_Text editor_NM' is set on object 'Object Repository/ADMIN/Custom Item Fields Page/a_Default/textfield_fieldname'

2020-03-19 14:58:41 - [MESSAGE][PASSED] - Text 'allCat_Text editor_NM' is set on object 'Object Repository/ADMIN/Custom Item Fields Page/a_Default/textfield_fieldname'

2020-03-19 14:58:41 - [TEST_STEP][PASSED] - comment("Mandatory/NonMandatory"): Mandatory/NonMandatory

2020-03-19 14:58:41 - [MESSAGE][INFO] - Mandatory/NonMandatory

2020-03-19 14:58:41 - [TEST_STEP][PASSED] - if (varMandatoryNonMandatory == "mandatory"): null

2020-03-19 14:58:41 - [TEST_STEP][PASSED] - else if (varMandatoryNonMandatory == "non-mandatory"): Object: 'Object Repository/ADMIN/Custom Item Fields Page/a_Default/togglebutton_mandatory' is clicked on

2020-03-19 14:58:41 - [TEST_STEP][PASSED] - waitForElementVisible(findTestObject("ADMIN/Custom Item Fields Page/a_Default/togglebutton_mandatory"), 0, CONTINUE_ON_FAILURE): Object 'Object Repository/ADMIN/Custom Item Fields Page/a_Default/togglebutton_mandatory' is visible

2020-03-19 14:58:41 - [MESSAGE][WARNING] - Timeout '0' is invalid. Using default page load timeout: '30'

2020-03-19 14:58:41 - [MESSAGE][PASSED] - Object 'Object Repository/ADMIN/Custom Item Fields Page/a_Default/togglebutton_mandatory' is visible

2020-03-19 14:58:41 - [TEST_STEP][PASSED] - click(findTestObject("ADMIN/Custom Item Fields Page/a_Default/togglebutton_mandatory")): Object: 'Object Repository/ADMIN/Custom Item Fields Page/a_Default/togglebutton_mandatory' is clicked on

2020-03-19 14:58:41 - [MESSAGE][PASSED] - Object: 'Object Repository/ADMIN/Custom Item Fields Page/a_Default/togglebutton_mandatory' is clicked on

2020-03-19 14:58:41 - [TEST_STEP][PASSED] - comment("Assign Category"): Assign Category

2020-03-19 14:58:41 - [MESSAGE][INFO] - Assign Category

2020-03-19 14:58:41 - [TEST_STEP][PASSED] - click(findTestObject("ADMIN/Custom Item Fields Page/a_Default/button_SelectCategories")): Object: 'Object Repository/ADMIN/Custom Item Fields Page/a_Default/button_SelectCategories' is clicked on

2020-03-19 14:58:42 - [MESSAGE][PASSED] - Object: 'Object Repository/ADMIN/Custom Item Fields Page/a_Default/button_SelectCategories' is clicked on

2020-03-19 14:58:42 - [TEST_STEP][PASSED] - waitForElementVisible(findTestObject("ADMIN/Custom Item Fields List Page/a_SelectCategories/searchbox_Category"), 0): Object 'Object Repository/ADMIN/Custom Item Fields List Page/a_SelectCategories/searchbox_Category' is visible

2020-03-19 14:58:42 - [MESSAGE][WARNING] - Timeout '0' is invalid. Using default page load timeout: '30'

2020-03-19 14:58:42 - [MESSAGE][PASSED] - Object 'Object Repository/ADMIN/Custom Item Fields List Page/a_SelectCategories/searchbox_Category' is visible

2020-03-19 14:58:42 - [TEST_STEP][PASSED] - comment("Category Assignment"): Category Assignment

2020-03-19 14:58:42 - [MESSAGE][INFO] - Category Assignment

2020-03-19 14:58:42 - [TEST_STEP][PASSED] - if (varAssignedCategory == "All Cat"): Object: 'Object Repository/ADMIN/Custom Item Fields List Page/a_SelectCategories/linktext_SelectAll' is clicked on

2020-03-19 14:58:42 - [TEST_STEP][PASSED] - waitForElementVisible(findTestObject("ADMIN/Custom Item Fields List Page/a_SelectCategories/linktext_SelectAll"), 0): Object 'Object Repository/ADMIN/Custom Item Fields List Page/a_SelectCategories/linktext_SelectAll' is visible

2020-03-19 14:58:42 - [MESSAGE][WARNING] - Timeout '0' is invalid. Using default page load timeout: '30'

2020-03-19 14:58:42 - [MESSAGE][PASSED] - Object 'Object Repository/ADMIN/Custom Item Fields List Page/a_SelectCategories/linktext_SelectAll' is visible

2020-03-19 14:58:42 - [TEST_STEP][PASSED] - click(findTestObject("ADMIN/Custom Item Fields List Page/a_SelectCategories/linktext_SelectAll"), CONTINUE_ON_FAILURE): Object: 'Object Repository/ADMIN/Custom Item Fields List Page/a_SelectCategories/linktext_SelectAll' is clicked on

2020-03-19 14:58:43 - [MESSAGE][PASSED] - Object: 'Object Repository/ADMIN/Custom Item Fields List Page/a_SelectCategories/linktext_SelectAll' is clicked on

2020-03-19 14:58:43 - [TEST_STEP][PASSED] - click(findTestObject("ADMIN/Custom Item Fields List Page/a_SelectCategories/button_Save"), STOP_ON_FAILURE): Object: 'Object Repository/ADMIN/Custom Item Fields List Page/a_SelectCategories/button_Save' is clicked on

2020-03-19 14:58:43 - [MESSAGE][PASSED] - Object: 'Object Repository/ADMIN/Custom Item Fields List Page/a_SelectCategories/button_Save' is clicked on

2020-03-19 14:58:43 - [TEST_STEP][PASSED] - delay(2, CONTINUE_ON_FAILURE): Delayed 2 second(s)

2020-03-19 14:58:45 - [MESSAGE][PASSED] - Delayed 2 second(s)

2020-03-19 14:58:45 - [TEST_STEP][PASSED] - click(findTestObject("ADMIN/Custom Item Fields Page/a_Default/button_Save1"), STOP_ON_FAILURE): Object: 'Object Repository/ADMIN/Custom Item Fields Page/a_Default/button_Save1' is clicked on

2020-03-19 14:58:45 - [MESSAGE][PASSED] - Object: 'Object Repository/ADMIN/Custom Item Fields Page/a_Default/button_Save1' is clicked on

2020-03-19 14:58:45 - [TEST_STEP][PASSED] - waitForElementVisible(findTestObject("ADMIN/Custom Item Fields List Page/button_Add Field"), 0): Object 'Object Repository/ADMIN/Custom Item Fields List Page/button_Add Field' is visible

2020-03-19 14:58:45 - [MESSAGE][WARNING] - Timeout '0' is invalid. Using default page load timeout: '30'

2020-03-19 14:58:47 - [MESSAGE][PASSED] - Object 'Object Repository/ADMIN/Custom Item Fields List Page/button_Add Field' is visible]]></system-out>
         <system-err><![CDATA[]]></system-err>
      </testcase>
      <testcase name="Test Cases/ADMIN/Custom Fields Page/Add Custom Item Fields/Add_CF_DataDriven" time="7.165" classname="Test Cases/ADMIN/Custom Fields Page/Add Custom Item Fields/Add_CF_DataDriven" status="PASSED">
         <system-out><![CDATA[2020-03-19 14:58:47 - [TEST_CASE][PASSED] - Test Cases/ADMIN/Custom Fields Page/Add Custom Item Fields/Add_CF_DataDriven: Test Cases/ADMIN/Custom Fields Page/Add Custom Item Fields/Add_CF_DataDriven

2020-03-19 14:58:47 - [TEST_STEP][PASSED] - waitForElementVisible(findTestObject("ADMIN/Custom Item Fields List Page/button_Add Field"), 0): Object 'Object Repository/ADMIN/Custom Item Fields List Page/button_Add Field' is visible

2020-03-19 14:58:47 - [MESSAGE][WARNING] - Timeout '0' is invalid. Using default page load timeout: '30'

2020-03-19 14:58:47 - [MESSAGE][PASSED] - Object 'Object Repository/ADMIN/Custom Item Fields List Page/button_Add Field' is visible

2020-03-19 14:58:47 - [TEST_STEP][PASSED] - click(findTestObject("ADMIN/Custom Item Fields List Page/button_Add Field"), STOP_ON_FAILURE): Object: 'Object Repository/ADMIN/Custom Item Fields List Page/button_Add Field' is clicked on

2020-03-19 14:58:47 - [MESSAGE][PASSED] - Object: 'Object Repository/ADMIN/Custom Item Fields List Page/button_Add Field' is clicked on

2020-03-19 14:58:47 - [TEST_STEP][PASSED] - comment("Choose Field Type"): Choose Field Type

2020-03-19 14:58:47 - [MESSAGE][INFO] - Choose Field Type

2020-03-19 14:58:47 - [TEST_STEP][PASSED] - if (varCustomFieldType == "Checkbox"): null

2020-03-19 14:58:47 - [TEST_STEP][PASSED] - else if (varCustomFieldType == "Date / Time picker"): null

2020-03-19 14:58:47 - [TEST_STEP][PASSED] - else if (varCustomFieldType == "Drop Down"): null

2020-03-19 14:58:47 - [TEST_STEP][PASSED] - else if (varCustomFieldType == "Email"): null

2020-03-19 14:58:47 - [TEST_STEP][PASSED] - else if (varCustomFieldType == "Embed Video"): null

2020-03-19 14:58:47 - [TEST_STEP][PASSED] - else if (varCustomFieldType == "Hyperlink / URL"): All options with label 'Hyperlink / URL' are selected in object 'Object Repository/ADMIN/Custom Item Fields Page/a_Default/dropdown_fieldtype' 

2020-03-19 14:58:47 - [TEST_STEP][PASSED] - waitForElementVisible(findTestObject("ADMIN/Custom Item Fields Page/a_Default/dropdown_fieldtype"), 0, CONTINUE_ON_FAILURE): Object 'Object Repository/ADMIN/Custom Item Fields Page/a_Default/dropdown_fieldtype' is visible

2020-03-19 14:58:47 - [MESSAGE][WARNING] - Timeout '0' is invalid. Using default page load timeout: '30'

2020-03-19 14:58:48 - [MESSAGE][PASSED] - Object 'Object Repository/ADMIN/Custom Item Fields Page/a_Default/dropdown_fieldtype' is visible

2020-03-19 14:58:48 - [TEST_STEP][PASSED] - selectOptionByLabel(findTestObject("ADMIN/Custom Item Fields Page/a_Default/dropdown_fieldtype"), "Hyperlink / URL", false): All options with label 'Hyperlink / URL' are selected in object 'Object Repository/ADMIN/Custom Item Fields Page/a_Default/dropdown_fieldtype' 

2020-03-19 14:58:48 - [MESSAGE][PASSED] - All options with label 'Hyperlink / URL' are selected in object 'Object Repository/ADMIN/Custom Item Fields Page/a_Default/dropdown_fieldtype' 

2020-03-19 14:58:48 - [TEST_STEP][PASSED] - comment("Field Name"): Field Name

2020-03-19 14:58:48 - [MESSAGE][INFO] - Field Name

2020-03-19 14:58:48 - [TEST_STEP][PASSED] - setText(findTestObject("ADMIN/Custom Item Fields Page/a_Default/textfield_fieldname"), varCustomFieldName): Text 'allCat_Hyperlink_NM' is set on object 'Object Repository/ADMIN/Custom Item Fields Page/a_Default/textfield_fieldname'

2020-03-19 14:58:48 - [MESSAGE][PASSED] - Text 'allCat_Hyperlink_NM' is set on object 'Object Repository/ADMIN/Custom Item Fields Page/a_Default/textfield_fieldname'

2020-03-19 14:58:48 - [TEST_STEP][PASSED] - comment("Mandatory/NonMandatory"): Mandatory/NonMandatory

2020-03-19 14:58:48 - [MESSAGE][INFO] - Mandatory/NonMandatory

2020-03-19 14:58:48 - [TEST_STEP][PASSED] - if (varMandatoryNonMandatory == "mandatory"): null

2020-03-19 14:58:48 - [TEST_STEP][PASSED] - else if (varMandatoryNonMandatory == "non-mandatory"): Object: 'Object Repository/ADMIN/Custom Item Fields Page/a_Default/togglebutton_mandatory' is clicked on

2020-03-19 14:58:48 - [TEST_STEP][PASSED] - waitForElementVisible(findTestObject("ADMIN/Custom Item Fields Page/a_Default/togglebutton_mandatory"), 0, CONTINUE_ON_FAILURE): Object 'Object Repository/ADMIN/Custom Item Fields Page/a_Default/togglebutton_mandatory' is visible

2020-03-19 14:58:48 - [MESSAGE][WARNING] - Timeout '0' is invalid. Using default page load timeout: '30'

2020-03-19 14:58:49 - [MESSAGE][PASSED] - Object 'Object Repository/ADMIN/Custom Item Fields Page/a_Default/togglebutton_mandatory' is visible

2020-03-19 14:58:49 - [TEST_STEP][PASSED] - click(findTestObject("ADMIN/Custom Item Fields Page/a_Default/togglebutton_mandatory")): Object: 'Object Repository/ADMIN/Custom Item Fields Page/a_Default/togglebutton_mandatory' is clicked on

2020-03-19 14:58:49 - [MESSAGE][PASSED] - Object: 'Object Repository/ADMIN/Custom Item Fields Page/a_Default/togglebutton_mandatory' is clicked on

2020-03-19 14:58:49 - [TEST_STEP][PASSED] - comment("Assign Category"): Assign Category

2020-03-19 14:58:49 - [MESSAGE][INFO] - Assign Category

2020-03-19 14:58:49 - [TEST_STEP][PASSED] - click(findTestObject("ADMIN/Custom Item Fields Page/a_Default/button_SelectCategories")): Object: 'Object Repository/ADMIN/Custom Item Fields Page/a_Default/button_SelectCategories' is clicked on

2020-03-19 14:58:49 - [MESSAGE][PASSED] - Object: 'Object Repository/ADMIN/Custom Item Fields Page/a_Default/button_SelectCategories' is clicked on

2020-03-19 14:58:49 - [TEST_STEP][PASSED] - waitForElementVisible(findTestObject("ADMIN/Custom Item Fields List Page/a_SelectCategories/searchbox_Category"), 0): Object 'Object Repository/ADMIN/Custom Item Fields List Page/a_SelectCategories/searchbox_Category' is visible

2020-03-19 14:58:49 - [MESSAGE][WARNING] - Timeout '0' is invalid. Using default page load timeout: '30'

2020-03-19 14:58:50 - [MESSAGE][PASSED] - Object 'Object Repository/ADMIN/Custom Item Fields List Page/a_SelectCategories/searchbox_Category' is visible

2020-03-19 14:58:50 - [TEST_STEP][PASSED] - comment("Category Assignment"): Category Assignment

2020-03-19 14:58:50 - [MESSAGE][INFO] - Category Assignment

2020-03-19 14:58:50 - [TEST_STEP][PASSED] - if (varAssignedCategory == "All Cat"): Object: 'Object Repository/ADMIN/Custom Item Fields List Page/a_SelectCategories/linktext_SelectAll' is clicked on

2020-03-19 14:58:50 - [TEST_STEP][PASSED] - waitForElementVisible(findTestObject("ADMIN/Custom Item Fields List Page/a_SelectCategories/linktext_SelectAll"), 0): Object 'Object Repository/ADMIN/Custom Item Fields List Page/a_SelectCategories/linktext_SelectAll' is visible

2020-03-19 14:58:50 - [MESSAGE][WARNING] - Timeout '0' is invalid. Using default page load timeout: '30'

2020-03-19 14:58:50 - [MESSAGE][PASSED] - Object 'Object Repository/ADMIN/Custom Item Fields List Page/a_SelectCategories/linktext_SelectAll' is visible

2020-03-19 14:58:50 - [TEST_STEP][PASSED] - click(findTestObject("ADMIN/Custom Item Fields List Page/a_SelectCategories/linktext_SelectAll"), CONTINUE_ON_FAILURE): Object: 'Object Repository/ADMIN/Custom Item Fields List Page/a_SelectCategories/linktext_SelectAll' is clicked on

2020-03-19 14:58:50 - [MESSAGE][PASSED] - Object: 'Object Repository/ADMIN/Custom Item Fields List Page/a_SelectCategories/linktext_SelectAll' is clicked on

2020-03-19 14:58:50 - [TEST_STEP][PASSED] - click(findTestObject("ADMIN/Custom Item Fields List Page/a_SelectCategories/button_Save"), STOP_ON_FAILURE): Object: 'Object Repository/ADMIN/Custom Item Fields List Page/a_SelectCategories/button_Save' is clicked on

2020-03-19 14:58:50 - [MESSAGE][PASSED] - Object: 'Object Repository/ADMIN/Custom Item Fields List Page/a_SelectCategories/button_Save' is clicked on

2020-03-19 14:58:50 - [TEST_STEP][PASSED] - delay(2, CONTINUE_ON_FAILURE): Delayed 2 second(s)

2020-03-19 14:58:52 - [MESSAGE][PASSED] - Delayed 2 second(s)

2020-03-19 14:58:52 - [TEST_STEP][PASSED] - click(findTestObject("ADMIN/Custom Item Fields Page/a_Default/button_Save1"), STOP_ON_FAILURE): Object: 'Object Repository/ADMIN/Custom Item Fields Page/a_Default/button_Save1' is clicked on

2020-03-19 14:58:52 - [MESSAGE][PASSED] - Object: 'Object Repository/ADMIN/Custom Item Fields Page/a_Default/button_Save1' is clicked on

2020-03-19 14:58:52 - [TEST_STEP][PASSED] - waitForElementVisible(findTestObject("ADMIN/Custom Item Fields List Page/button_Add Field"), 0): Object 'Object Repository/ADMIN/Custom Item Fields List Page/button_Add Field' is visible

2020-03-19 14:58:52 - [MESSAGE][WARNING] - Timeout '0' is invalid. Using default page load timeout: '30'

2020-03-19 14:58:54 - [MESSAGE][PASSED] - Object 'Object Repository/ADMIN/Custom Item Fields List Page/button_Add Field' is visible]]></system-out>
         <system-err><![CDATA[]]></system-err>
      </testcase>
      <testcase name="Test Cases/ADMIN/Custom Fields Page/Add Custom Item Fields/Add_CF_DataDriven" time="6.258" classname="Test Cases/ADMIN/Custom Fields Page/Add Custom Item Fields/Add_CF_DataDriven" status="PASSED">
         <system-out><![CDATA[2020-03-19 14:58:54 - [TEST_CASE][PASSED] - Test Cases/ADMIN/Custom Fields Page/Add Custom Item Fields/Add_CF_DataDriven: Test Cases/ADMIN/Custom Fields Page/Add Custom Item Fields/Add_CF_DataDriven

2020-03-19 14:58:54 - [TEST_STEP][PASSED] - waitForElementVisible(findTestObject("ADMIN/Custom Item Fields List Page/button_Add Field"), 0): Object 'Object Repository/ADMIN/Custom Item Fields List Page/button_Add Field' is visible

2020-03-19 14:58:54 - [MESSAGE][WARNING] - Timeout '0' is invalid. Using default page load timeout: '30'

2020-03-19 14:58:54 - [MESSAGE][PASSED] - Object 'Object Repository/ADMIN/Custom Item Fields List Page/button_Add Field' is visible

2020-03-19 14:58:54 - [TEST_STEP][PASSED] - click(findTestObject("ADMIN/Custom Item Fields List Page/button_Add Field"), STOP_ON_FAILURE): Object: 'Object Repository/ADMIN/Custom Item Fields List Page/button_Add Field' is clicked on

2020-03-19 14:58:55 - [MESSAGE][PASSED] - Object: 'Object Repository/ADMIN/Custom Item Fields List Page/button_Add Field' is clicked on

2020-03-19 14:58:55 - [TEST_STEP][PASSED] - comment("Choose Field Type"): Choose Field Type

2020-03-19 14:58:55 - [MESSAGE][INFO] - Choose Field Type

2020-03-19 14:58:55 - [TEST_STEP][PASSED] - if (varCustomFieldType == "Checkbox"): null

2020-03-19 14:58:55 - [TEST_STEP][PASSED] - else if (varCustomFieldType == "Date / Time picker"): null

2020-03-19 14:58:55 - [TEST_STEP][PASSED] - else if (varCustomFieldType == "Drop Down"): null

2020-03-19 14:58:55 - [TEST_STEP][PASSED] - else if (varCustomFieldType == "Email"): All options with label 'Email' are selected in object 'Object Repository/ADMIN/Custom Item Fields Page/a_Default/dropdown_fieldtype' 

2020-03-19 14:58:55 - [TEST_STEP][PASSED] - waitForElementVisible(findTestObject("ADMIN/Custom Item Fields Page/a_Default/dropdown_fieldtype"), 0, CONTINUE_ON_FAILURE): Object 'Object Repository/ADMIN/Custom Item Fields Page/a_Default/dropdown_fieldtype' is visible

2020-03-19 14:58:55 - [MESSAGE][WARNING] - Timeout '0' is invalid. Using default page load timeout: '30'

2020-03-19 14:58:55 - [MESSAGE][PASSED] - Object 'Object Repository/ADMIN/Custom Item Fields Page/a_Default/dropdown_fieldtype' is visible

2020-03-19 14:58:55 - [TEST_STEP][PASSED] - selectOptionByLabel(findTestObject("ADMIN/Custom Item Fields Page/a_Default/dropdown_fieldtype"), "Email", false): All options with label 'Email' are selected in object 'Object Repository/ADMIN/Custom Item Fields Page/a_Default/dropdown_fieldtype' 

2020-03-19 14:58:55 - [MESSAGE][PASSED] - All options with label 'Email' are selected in object 'Object Repository/ADMIN/Custom Item Fields Page/a_Default/dropdown_fieldtype' 

2020-03-19 14:58:55 - [TEST_STEP][PASSED] - comment("Field Name"): Field Name

2020-03-19 14:58:55 - [MESSAGE][INFO] - Field Name

2020-03-19 14:58:55 - [TEST_STEP][PASSED] - setText(findTestObject("ADMIN/Custom Item Fields Page/a_Default/textfield_fieldname"), varCustomFieldName): Text 'allCat_Email_NM' is set on object 'Object Repository/ADMIN/Custom Item Fields Page/a_Default/textfield_fieldname'

2020-03-19 14:58:55 - [MESSAGE][PASSED] - Text 'allCat_Email_NM' is set on object 'Object Repository/ADMIN/Custom Item Fields Page/a_Default/textfield_fieldname'

2020-03-19 14:58:55 - [TEST_STEP][PASSED] - comment("Mandatory/NonMandatory"): Mandatory/NonMandatory

2020-03-19 14:58:55 - [MESSAGE][INFO] - Mandatory/NonMandatory

2020-03-19 14:58:55 - [TEST_STEP][PASSED] - if (varMandatoryNonMandatory == "mandatory"): null

2020-03-19 14:58:55 - [TEST_STEP][PASSED] - else if (varMandatoryNonMandatory == "non-mandatory"): Object: 'Object Repository/ADMIN/Custom Item Fields Page/a_Default/togglebutton_mandatory' is clicked on

2020-03-19 14:58:55 - [TEST_STEP][PASSED] - waitForElementVisible(findTestObject("ADMIN/Custom Item Fields Page/a_Default/togglebutton_mandatory"), 0, CONTINUE_ON_FAILURE): Object 'Object Repository/ADMIN/Custom Item Fields Page/a_Default/togglebutton_mandatory' is visible

2020-03-19 14:58:55 - [MESSAGE][WARNING] - Timeout '0' is invalid. Using default page load timeout: '30'

2020-03-19 14:58:55 - [MESSAGE][PASSED] - Object 'Object Repository/ADMIN/Custom Item Fields Page/a_Default/togglebutton_mandatory' is visible

2020-03-19 14:58:55 - [TEST_STEP][PASSED] - click(findTestObject("ADMIN/Custom Item Fields Page/a_Default/togglebutton_mandatory")): Object: 'Object Repository/ADMIN/Custom Item Fields Page/a_Default/togglebutton_mandatory' is clicked on

2020-03-19 14:58:56 - [MESSAGE][PASSED] - Object: 'Object Repository/ADMIN/Custom Item Fields Page/a_Default/togglebutton_mandatory' is clicked on

2020-03-19 14:58:56 - [TEST_STEP][PASSED] - comment("Assign Category"): Assign Category

2020-03-19 14:58:56 - [MESSAGE][INFO] - Assign Category

2020-03-19 14:58:56 - [TEST_STEP][PASSED] - click(findTestObject("ADMIN/Custom Item Fields Page/a_Default/button_SelectCategories")): Object: 'Object Repository/ADMIN/Custom Item Fields Page/a_Default/button_SelectCategories' is clicked on

2020-03-19 14:58:56 - [MESSAGE][PASSED] - Object: 'Object Repository/ADMIN/Custom Item Fields Page/a_Default/button_SelectCategories' is clicked on

2020-03-19 14:58:56 - [TEST_STEP][PASSED] - waitForElementVisible(findTestObject("ADMIN/Custom Item Fields List Page/a_SelectCategories/searchbox_Category"), 0): Object 'Object Repository/ADMIN/Custom Item Fields List Page/a_SelectCategories/searchbox_Category' is visible

2020-03-19 14:58:56 - [MESSAGE][WARNING] - Timeout '0' is invalid. Using default page load timeout: '30'

2020-03-19 14:58:56 - [MESSAGE][PASSED] - Object 'Object Repository/ADMIN/Custom Item Fields List Page/a_SelectCategories/searchbox_Category' is visible

2020-03-19 14:58:56 - [TEST_STEP][PASSED] - comment("Category Assignment"): Category Assignment

2020-03-19 14:58:56 - [MESSAGE][INFO] - Category Assignment

2020-03-19 14:58:56 - [TEST_STEP][PASSED] - if (varAssignedCategory == "All Cat"): Object: 'Object Repository/ADMIN/Custom Item Fields List Page/a_SelectCategories/linktext_SelectAll' is clicked on

2020-03-19 14:58:56 - [TEST_STEP][PASSED] - waitForElementVisible(findTestObject("ADMIN/Custom Item Fields List Page/a_SelectCategories/linktext_SelectAll"), 0): Object 'Object Repository/ADMIN/Custom Item Fields List Page/a_SelectCategories/linktext_SelectAll' is visible

2020-03-19 14:58:56 - [MESSAGE][WARNING] - Timeout '0' is invalid. Using default page load timeout: '30'

2020-03-19 14:58:57 - [MESSAGE][PASSED] - Object 'Object Repository/ADMIN/Custom Item Fields List Page/a_SelectCategories/linktext_SelectAll' is visible

2020-03-19 14:58:57 - [TEST_STEP][PASSED] - click(findTestObject("ADMIN/Custom Item Fields List Page/a_SelectCategories/linktext_SelectAll"), CONTINUE_ON_FAILURE): Object: 'Object Repository/ADMIN/Custom Item Fields List Page/a_SelectCategories/linktext_SelectAll' is clicked on

2020-03-19 14:58:57 - [MESSAGE][PASSED] - Object: 'Object Repository/ADMIN/Custom Item Fields List Page/a_SelectCategories/linktext_SelectAll' is clicked on

2020-03-19 14:58:57 - [TEST_STEP][PASSED] - click(findTestObject("ADMIN/Custom Item Fields List Page/a_SelectCategories/button_Save"), STOP_ON_FAILURE): Object: 'Object Repository/ADMIN/Custom Item Fields List Page/a_SelectCategories/button_Save' is clicked on

2020-03-19 14:58:57 - [MESSAGE][PASSED] - Object: 'Object Repository/ADMIN/Custom Item Fields List Page/a_SelectCategories/button_Save' is clicked on

2020-03-19 14:58:57 - [TEST_STEP][PASSED] - delay(2, CONTINUE_ON_FAILURE): Delayed 2 second(s)

2020-03-19 14:58:59 - [MESSAGE][PASSED] - Delayed 2 second(s)

2020-03-19 14:58:59 - [TEST_STEP][PASSED] - click(findTestObject("ADMIN/Custom Item Fields Page/a_Default/button_Save1"), STOP_ON_FAILURE): Object: 'Object Repository/ADMIN/Custom Item Fields Page/a_Default/button_Save1' is clicked on

2020-03-19 14:58:59 - [MESSAGE][PASSED] - Object: 'Object Repository/ADMIN/Custom Item Fields Page/a_Default/button_Save1' is clicked on

2020-03-19 14:58:59 - [TEST_STEP][PASSED] - waitForElementVisible(findTestObject("ADMIN/Custom Item Fields List Page/button_Add Field"), 0): Object 'Object Repository/ADMIN/Custom Item Fields List Page/button_Add Field' is visible

2020-03-19 14:58:59 - [MESSAGE][WARNING] - Timeout '0' is invalid. Using default page load timeout: '30'

2020-03-19 14:59:00 - [MESSAGE][PASSED] - Object 'Object Repository/ADMIN/Custom Item Fields List Page/button_Add Field' is visible]]></system-out>
         <system-err><![CDATA[]]></system-err>
      </testcase>
      <testcase name="Test Cases/ADMIN/Custom Fields Page/Add Custom Item Fields/Add_CF_DataDriven" time="7.081" classname="Test Cases/ADMIN/Custom Fields Page/Add Custom Item Fields/Add_CF_DataDriven" status="PASSED">
         <system-out><![CDATA[2020-03-19 14:59:00 - [TEST_CASE][PASSED] - Test Cases/ADMIN/Custom Fields Page/Add Custom Item Fields/Add_CF_DataDriven: Test Cases/ADMIN/Custom Fields Page/Add Custom Item Fields/Add_CF_DataDriven

2020-03-19 14:59:00 - [TEST_STEP][PASSED] - waitForElementVisible(findTestObject("ADMIN/Custom Item Fields List Page/button_Add Field"), 0): Object 'Object Repository/ADMIN/Custom Item Fields List Page/button_Add Field' is visible

2020-03-19 14:59:00 - [MESSAGE][WARNING] - Timeout '0' is invalid. Using default page load timeout: '30'

2020-03-19 14:59:00 - [MESSAGE][PASSED] - Object 'Object Repository/ADMIN/Custom Item Fields List Page/button_Add Field' is visible

2020-03-19 14:59:00 - [TEST_STEP][PASSED] - click(findTestObject("ADMIN/Custom Item Fields List Page/button_Add Field"), STOP_ON_FAILURE): Object: 'Object Repository/ADMIN/Custom Item Fields List Page/button_Add Field' is clicked on

2020-03-19 14:59:01 - [MESSAGE][PASSED] - Object: 'Object Repository/ADMIN/Custom Item Fields List Page/button_Add Field' is clicked on

2020-03-19 14:59:01 - [TEST_STEP][PASSED] - comment("Choose Field Type"): Choose Field Type

2020-03-19 14:59:01 - [MESSAGE][INFO] - Choose Field Type

2020-03-19 14:59:01 - [TEST_STEP][PASSED] - if (varCustomFieldType == "Checkbox"): null

2020-03-19 14:59:01 - [TEST_STEP][PASSED] - else if (varCustomFieldType == "Date / Time picker"): null

2020-03-19 14:59:01 - [TEST_STEP][PASSED] - else if (varCustomFieldType == "Drop Down"): null

2020-03-19 14:59:01 - [TEST_STEP][PASSED] - else if (varCustomFieldType == "Email"): null

2020-03-19 14:59:01 - [TEST_STEP][PASSED] - else if (varCustomFieldType == "Embed Video"): null

2020-03-19 14:59:01 - [TEST_STEP][PASSED] - else if (varCustomFieldType == "Hyperlink / URL"): null

2020-03-19 14:59:01 - [TEST_STEP][PASSED] - else if (varCustomFieldType == "Location"): null

2020-03-19 14:59:01 - [TEST_STEP][PASSED] - else if (varCustomFieldType == "Number"): All options with label 'Number' are selected in object 'Object Repository/ADMIN/Custom Item Fields Page/a_Default/dropdown_fieldtype' 

2020-03-19 14:59:01 - [TEST_STEP][PASSED] - waitForElementVisible(findTestObject("ADMIN/Custom Item Fields Page/a_Default/dropdown_fieldtype"), 0, CONTINUE_ON_FAILURE): Object 'Object Repository/ADMIN/Custom Item Fields Page/a_Default/dropdown_fieldtype' is visible

2020-03-19 14:59:01 - [MESSAGE][WARNING] - Timeout '0' is invalid. Using default page load timeout: '30'

2020-03-19 14:59:02 - [MESSAGE][PASSED] - Object 'Object Repository/ADMIN/Custom Item Fields Page/a_Default/dropdown_fieldtype' is visible

2020-03-19 14:59:02 - [TEST_STEP][PASSED] - selectOptionByLabel(findTestObject("ADMIN/Custom Item Fields Page/a_Default/dropdown_fieldtype"), "Number", false): All options with label 'Number' are selected in object 'Object Repository/ADMIN/Custom Item Fields Page/a_Default/dropdown_fieldtype' 

2020-03-19 14:59:02 - [MESSAGE][PASSED] - All options with label 'Number' are selected in object 'Object Repository/ADMIN/Custom Item Fields Page/a_Default/dropdown_fieldtype' 

2020-03-19 14:59:02 - [TEST_STEP][PASSED] - comment("Field Name"): Field Name

2020-03-19 14:59:02 - [MESSAGE][INFO] - Field Name

2020-03-19 14:59:02 - [TEST_STEP][PASSED] - setText(findTestObject("ADMIN/Custom Item Fields Page/a_Default/textfield_fieldname"), varCustomFieldName): Text 'allCat_Number_NM1' is set on object 'Object Repository/ADMIN/Custom Item Fields Page/a_Default/textfield_fieldname'

2020-03-19 14:59:02 - [MESSAGE][PASSED] - Text 'allCat_Number_NM1' is set on object 'Object Repository/ADMIN/Custom Item Fields Page/a_Default/textfield_fieldname'

2020-03-19 14:59:02 - [TEST_STEP][PASSED] - comment("Mandatory/NonMandatory"): Mandatory/NonMandatory

2020-03-19 14:59:02 - [MESSAGE][INFO] - Mandatory/NonMandatory

2020-03-19 14:59:02 - [TEST_STEP][PASSED] - if (varMandatoryNonMandatory == "mandatory"): null

2020-03-19 14:59:02 - [TEST_STEP][PASSED] - else if (varMandatoryNonMandatory == "non-mandatory"): Object: 'Object Repository/ADMIN/Custom Item Fields Page/a_Default/togglebutton_mandatory' is clicked on

2020-03-19 14:59:02 - [TEST_STEP][PASSED] - waitForElementVisible(findTestObject("ADMIN/Custom Item Fields Page/a_Default/togglebutton_mandatory"), 0, CONTINUE_ON_FAILURE): Object 'Object Repository/ADMIN/Custom Item Fields Page/a_Default/togglebutton_mandatory' is visible

2020-03-19 14:59:02 - [MESSAGE][WARNING] - Timeout '0' is invalid. Using default page load timeout: '30'

2020-03-19 14:59:02 - [MESSAGE][PASSED] - Object 'Object Repository/ADMIN/Custom Item Fields Page/a_Default/togglebutton_mandatory' is visible

2020-03-19 14:59:02 - [TEST_STEP][PASSED] - click(findTestObject("ADMIN/Custom Item Fields Page/a_Default/togglebutton_mandatory")): Object: 'Object Repository/ADMIN/Custom Item Fields Page/a_Default/togglebutton_mandatory' is clicked on

2020-03-19 14:59:02 - [MESSAGE][PASSED] - Object: 'Object Repository/ADMIN/Custom Item Fields Page/a_Default/togglebutton_mandatory' is clicked on

2020-03-19 14:59:02 - [TEST_STEP][PASSED] - comment("Assign Category"): Assign Category

2020-03-19 14:59:02 - [MESSAGE][INFO] - Assign Category

2020-03-19 14:59:02 - [TEST_STEP][PASSED] - click(findTestObject("ADMIN/Custom Item Fields Page/a_Default/button_SelectCategories")): Object: 'Object Repository/ADMIN/Custom Item Fields Page/a_Default/button_SelectCategories' is clicked on

2020-03-19 14:59:03 - [MESSAGE][PASSED] - Object: 'Object Repository/ADMIN/Custom Item Fields Page/a_Default/button_SelectCategories' is clicked on

2020-03-19 14:59:03 - [TEST_STEP][PASSED] - waitForElementVisible(findTestObject("ADMIN/Custom Item Fields List Page/a_SelectCategories/searchbox_Category"), 0): Object 'Object Repository/ADMIN/Custom Item Fields List Page/a_SelectCategories/searchbox_Category' is visible

2020-03-19 14:59:03 - [MESSAGE][WARNING] - Timeout '0' is invalid. Using default page load timeout: '30'

2020-03-19 14:59:03 - [MESSAGE][PASSED] - Object 'Object Repository/ADMIN/Custom Item Fields List Page/a_SelectCategories/searchbox_Category' is visible

2020-03-19 14:59:03 - [TEST_STEP][PASSED] - comment("Category Assignment"): Category Assignment

2020-03-19 14:59:03 - [MESSAGE][INFO] - Category Assignment

2020-03-19 14:59:03 - [TEST_STEP][PASSED] - if (varAssignedCategory == "All Cat"): Object: 'Object Repository/ADMIN/Custom Item Fields List Page/a_SelectCategories/linktext_SelectAll' is clicked on

2020-03-19 14:59:03 - [TEST_STEP][PASSED] - waitForElementVisible(findTestObject("ADMIN/Custom Item Fields List Page/a_SelectCategories/linktext_SelectAll"), 0): Object 'Object Repository/ADMIN/Custom Item Fields List Page/a_SelectCategories/linktext_SelectAll' is visible

2020-03-19 14:59:03 - [MESSAGE][WARNING] - Timeout '0' is invalid. Using default page load timeout: '30'

2020-03-19 14:59:03 - [MESSAGE][PASSED] - Object 'Object Repository/ADMIN/Custom Item Fields List Page/a_SelectCategories/linktext_SelectAll' is visible

2020-03-19 14:59:03 - [TEST_STEP][PASSED] - click(findTestObject("ADMIN/Custom Item Fields List Page/a_SelectCategories/linktext_SelectAll"), CONTINUE_ON_FAILURE): Object: 'Object Repository/ADMIN/Custom Item Fields List Page/a_SelectCategories/linktext_SelectAll' is clicked on

2020-03-19 14:59:04 - [MESSAGE][PASSED] - Object: 'Object Repository/ADMIN/Custom Item Fields List Page/a_SelectCategories/linktext_SelectAll' is clicked on

2020-03-19 14:59:04 - [TEST_STEP][PASSED] - click(findTestObject("ADMIN/Custom Item Fields List Page/a_SelectCategories/button_Save"), STOP_ON_FAILURE): Object: 'Object Repository/ADMIN/Custom Item Fields List Page/a_SelectCategories/button_Save' is clicked on

2020-03-19 14:59:04 - [MESSAGE][PASSED] - Object: 'Object Repository/ADMIN/Custom Item Fields List Page/a_SelectCategories/button_Save' is clicked on

2020-03-19 14:59:04 - [TEST_STEP][PASSED] - delay(2, CONTINUE_ON_FAILURE): Delayed 2 second(s)

2020-03-19 14:59:06 - [MESSAGE][PASSED] - Delayed 2 second(s)

2020-03-19 14:59:06 - [TEST_STEP][PASSED] - click(findTestObject("ADMIN/Custom Item Fields Page/a_Default/button_Save1"), STOP_ON_FAILURE): Object: 'Object Repository/ADMIN/Custom Item Fields Page/a_Default/button_Save1' is clicked on

2020-03-19 14:59:06 - [MESSAGE][PASSED] - Object: 'Object Repository/ADMIN/Custom Item Fields Page/a_Default/button_Save1' is clicked on

2020-03-19 14:59:06 - [TEST_STEP][PASSED] - waitForElementVisible(findTestObject("ADMIN/Custom Item Fields List Page/button_Add Field"), 0): Object 'Object Repository/ADMIN/Custom Item Fields List Page/button_Add Field' is visible

2020-03-19 14:59:06 - [MESSAGE][WARNING] - Timeout '0' is invalid. Using default page load timeout: '30'

2020-03-19 14:59:07 - [MESSAGE][PASSED] - Object 'Object Repository/ADMIN/Custom Item Fields List Page/button_Add Field' is visible]]></system-out>
         <system-err><![CDATA[]]></system-err>
      </testcase>
      <testcase name="Test Cases/ADMIN/Custom Fields Page/Add Custom Item Fields/Add_CF_DataDriven" time="7.32" classname="Test Cases/ADMIN/Custom Fields Page/Add Custom Item Fields/Add_CF_DataDriven" status="PASSED">
         <system-out><![CDATA[2020-03-19 14:59:07 - [TEST_CASE][PASSED] - Test Cases/ADMIN/Custom Fields Page/Add Custom Item Fields/Add_CF_DataDriven: Test Cases/ADMIN/Custom Fields Page/Add Custom Item Fields/Add_CF_DataDriven

2020-03-19 14:59:07 - [TEST_STEP][PASSED] - waitForElementVisible(findTestObject("ADMIN/Custom Item Fields List Page/button_Add Field"), 0): Object 'Object Repository/ADMIN/Custom Item Fields List Page/button_Add Field' is visible

2020-03-19 14:59:07 - [MESSAGE][WARNING] - Timeout '0' is invalid. Using default page load timeout: '30'

2020-03-19 14:59:07 - [MESSAGE][PASSED] - Object 'Object Repository/ADMIN/Custom Item Fields List Page/button_Add Field' is visible

2020-03-19 14:59:07 - [TEST_STEP][PASSED] - click(findTestObject("ADMIN/Custom Item Fields List Page/button_Add Field"), STOP_ON_FAILURE): Object: 'Object Repository/ADMIN/Custom Item Fields List Page/button_Add Field' is clicked on

2020-03-19 14:59:08 - [MESSAGE][PASSED] - Object: 'Object Repository/ADMIN/Custom Item Fields List Page/button_Add Field' is clicked on

2020-03-19 14:59:08 - [TEST_STEP][PASSED] - comment("Choose Field Type"): Choose Field Type

2020-03-19 14:59:08 - [MESSAGE][INFO] - Choose Field Type

2020-03-19 14:59:08 - [TEST_STEP][PASSED] - if (varCustomFieldType == "Checkbox"): null

2020-03-19 14:59:08 - [TEST_STEP][PASSED] - else if (varCustomFieldType == "Date / Time picker"): null

2020-03-19 14:59:08 - [TEST_STEP][PASSED] - else if (varCustomFieldType == "Drop Down"): null

2020-03-19 14:59:08 - [TEST_STEP][PASSED] - else if (varCustomFieldType == "Email"): null

2020-03-19 14:59:08 - [TEST_STEP][PASSED] - else if (varCustomFieldType == "Embed Video"): null

2020-03-19 14:59:08 - [TEST_STEP][PASSED] - else if (varCustomFieldType == "Hyperlink / URL"): null

2020-03-19 14:59:08 - [TEST_STEP][PASSED] - else if (varCustomFieldType == "Location"): null

2020-03-19 14:59:08 - [TEST_STEP][PASSED] - else if (varCustomFieldType == "Number"): All options with label 'Number' are selected in object 'Object Repository/ADMIN/Custom Item Fields Page/a_Default/dropdown_fieldtype' 

2020-03-19 14:59:08 - [TEST_STEP][PASSED] - waitForElementVisible(findTestObject("ADMIN/Custom Item Fields Page/a_Default/dropdown_fieldtype"), 0, CONTINUE_ON_FAILURE): Object 'Object Repository/ADMIN/Custom Item Fields Page/a_Default/dropdown_fieldtype' is visible

2020-03-19 14:59:08 - [MESSAGE][WARNING] - Timeout '0' is invalid. Using default page load timeout: '30'

2020-03-19 14:59:08 - [MESSAGE][PASSED] - Object 'Object Repository/ADMIN/Custom Item Fields Page/a_Default/dropdown_fieldtype' is visible

2020-03-19 14:59:08 - [TEST_STEP][PASSED] - selectOptionByLabel(findTestObject("ADMIN/Custom Item Fields Page/a_Default/dropdown_fieldtype"), "Number", false): All options with label 'Number' are selected in object 'Object Repository/ADMIN/Custom Item Fields Page/a_Default/dropdown_fieldtype' 

2020-03-19 14:59:09 - [MESSAGE][PASSED] - All options with label 'Number' are selected in object 'Object Repository/ADMIN/Custom Item Fields Page/a_Default/dropdown_fieldtype' 

2020-03-19 14:59:09 - [TEST_STEP][PASSED] - comment("Field Name"): Field Name

2020-03-19 14:59:09 - [MESSAGE][INFO] - Field Name

2020-03-19 14:59:09 - [TEST_STEP][PASSED] - setText(findTestObject("ADMIN/Custom Item Fields Page/a_Default/textfield_fieldname"), varCustomFieldName): Text 'allCat_Number_NM2' is set on object 'Object Repository/ADMIN/Custom Item Fields Page/a_Default/textfield_fieldname'

2020-03-19 14:59:09 - [MESSAGE][PASSED] - Text 'allCat_Number_NM2' is set on object 'Object Repository/ADMIN/Custom Item Fields Page/a_Default/textfield_fieldname'

2020-03-19 14:59:09 - [TEST_STEP][PASSED] - comment("Mandatory/NonMandatory"): Mandatory/NonMandatory

2020-03-19 14:59:09 - [MESSAGE][INFO] - Mandatory/NonMandatory

2020-03-19 14:59:09 - [TEST_STEP][PASSED] - if (varMandatoryNonMandatory == "mandatory"): null

2020-03-19 14:59:09 - [TEST_STEP][PASSED] - else if (varMandatoryNonMandatory == "non-mandatory"): Object: 'Object Repository/ADMIN/Custom Item Fields Page/a_Default/togglebutton_mandatory' is clicked on

2020-03-19 14:59:09 - [TEST_STEP][PASSED] - waitForElementVisible(findTestObject("ADMIN/Custom Item Fields Page/a_Default/togglebutton_mandatory"), 0, CONTINUE_ON_FAILURE): Object 'Object Repository/ADMIN/Custom Item Fields Page/a_Default/togglebutton_mandatory' is visible

2020-03-19 14:59:09 - [MESSAGE][WARNING] - Timeout '0' is invalid. Using default page load timeout: '30'

2020-03-19 14:59:09 - [MESSAGE][PASSED] - Object 'Object Repository/ADMIN/Custom Item Fields Page/a_Default/togglebutton_mandatory' is visible

2020-03-19 14:59:09 - [TEST_STEP][PASSED] - click(findTestObject("ADMIN/Custom Item Fields Page/a_Default/togglebutton_mandatory")): Object: 'Object Repository/ADMIN/Custom Item Fields Page/a_Default/togglebutton_mandatory' is clicked on

2020-03-19 14:59:09 - [MESSAGE][PASSED] - Object: 'Object Repository/ADMIN/Custom Item Fields Page/a_Default/togglebutton_mandatory' is clicked on

2020-03-19 14:59:09 - [TEST_STEP][PASSED] - comment("Assign Category"): Assign Category

2020-03-19 14:59:09 - [MESSAGE][INFO] - Assign Category

2020-03-19 14:59:09 - [TEST_STEP][PASSED] - click(findTestObject("ADMIN/Custom Item Fields Page/a_Default/button_SelectCategories")): Object: 'Object Repository/ADMIN/Custom Item Fields Page/a_Default/button_SelectCategories' is clicked on

2020-03-19 14:59:10 - [MESSAGE][PASSED] - Object: 'Object Repository/ADMIN/Custom Item Fields Page/a_Default/button_SelectCategories' is clicked on

2020-03-19 14:59:10 - [TEST_STEP][PASSED] - waitForElementVisible(findTestObject("ADMIN/Custom Item Fields List Page/a_SelectCategories/searchbox_Category"), 0): Object 'Object Repository/ADMIN/Custom Item Fields List Page/a_SelectCategories/searchbox_Category' is visible

2020-03-19 14:59:10 - [MESSAGE][WARNING] - Timeout '0' is invalid. Using default page load timeout: '30'

2020-03-19 14:59:10 - [MESSAGE][PASSED] - Object 'Object Repository/ADMIN/Custom Item Fields List Page/a_SelectCategories/searchbox_Category' is visible

2020-03-19 14:59:10 - [TEST_STEP][PASSED] - comment("Category Assignment"): Category Assignment

2020-03-19 14:59:10 - [MESSAGE][INFO] - Category Assignment

2020-03-19 14:59:10 - [TEST_STEP][PASSED] - if (varAssignedCategory == "All Cat"): Object: 'Object Repository/ADMIN/Custom Item Fields List Page/a_SelectCategories/linktext_SelectAll' is clicked on

2020-03-19 14:59:10 - [TEST_STEP][PASSED] - waitForElementVisible(findTestObject("ADMIN/Custom Item Fields List Page/a_SelectCategories/linktext_SelectAll"), 0): Object 'Object Repository/ADMIN/Custom Item Fields List Page/a_SelectCategories/linktext_SelectAll' is visible

2020-03-19 14:59:10 - [MESSAGE][WARNING] - Timeout '0' is invalid. Using default page load timeout: '30'

2020-03-19 14:59:10 - [MESSAGE][PASSED] - Object 'Object Repository/ADMIN/Custom Item Fields List Page/a_SelectCategories/linktext_SelectAll' is visible

2020-03-19 14:59:10 - [TEST_STEP][PASSED] - click(findTestObject("ADMIN/Custom Item Fields List Page/a_SelectCategories/linktext_SelectAll"), CONTINUE_ON_FAILURE): Object: 'Object Repository/ADMIN/Custom Item Fields List Page/a_SelectCategories/linktext_SelectAll' is clicked on

2020-03-19 14:59:11 - [MESSAGE][PASSED] - Object: 'Object Repository/ADMIN/Custom Item Fields List Page/a_SelectCategories/linktext_SelectAll' is clicked on

2020-03-19 14:59:11 - [TEST_STEP][PASSED] - click(findTestObject("ADMIN/Custom Item Fields List Page/a_SelectCategories/button_Save"), STOP_ON_FAILURE): Object: 'Object Repository/ADMIN/Custom Item Fields List Page/a_SelectCategories/button_Save' is clicked on

2020-03-19 14:59:11 - [MESSAGE][PASSED] - Object: 'Object Repository/ADMIN/Custom Item Fields List Page/a_SelectCategories/button_Save' is clicked on

2020-03-19 14:59:11 - [TEST_STEP][PASSED] - delay(2, CONTINUE_ON_FAILURE): Delayed 2 second(s)

2020-03-19 14:59:13 - [MESSAGE][PASSED] - Delayed 2 second(s)

2020-03-19 14:59:13 - [TEST_STEP][PASSED] - click(findTestObject("ADMIN/Custom Item Fields Page/a_Default/button_Save1"), STOP_ON_FAILURE): Object: 'Object Repository/ADMIN/Custom Item Fields Page/a_Default/button_Save1' is clicked on

2020-03-19 14:59:13 - [MESSAGE][PASSED] - Object: 'Object Repository/ADMIN/Custom Item Fields Page/a_Default/button_Save1' is clicked on

2020-03-19 14:59:13 - [TEST_STEP][PASSED] - waitForElementVisible(findTestObject("ADMIN/Custom Item Fields List Page/button_Add Field"), 0): Object 'Object Repository/ADMIN/Custom Item Fields List Page/button_Add Field' is visible

2020-03-19 14:59:13 - [MESSAGE][WARNING] - Timeout '0' is invalid. Using default page load timeout: '30'

2020-03-19 14:59:14 - [MESSAGE][PASSED] - Object 'Object Repository/ADMIN/Custom Item Fields List Page/button_Add Field' is visible]]></system-out>
         <system-err><![CDATA[]]></system-err>
      </testcase>
      <testcase name="Test Cases/ADMIN/Custom Fields Page/Add Custom Item Fields/Add_CF_DataDriven" time="6.927" classname="Test Cases/ADMIN/Custom Fields Page/Add Custom Item Fields/Add_CF_DataDriven" status="PASSED">
         <system-out><![CDATA[2020-03-19 14:59:14 - [TEST_CASE][PASSED] - Test Cases/ADMIN/Custom Fields Page/Add Custom Item Fields/Add_CF_DataDriven: Test Cases/ADMIN/Custom Fields Page/Add Custom Item Fields/Add_CF_DataDriven

2020-03-19 14:59:15 - [TEST_STEP][PASSED] - waitForElementVisible(findTestObject("ADMIN/Custom Item Fields List Page/button_Add Field"), 0): Object 'Object Repository/ADMIN/Custom Item Fields List Page/button_Add Field' is visible

2020-03-19 14:59:15 - [MESSAGE][WARNING] - Timeout '0' is invalid. Using default page load timeout: '30'

2020-03-19 14:59:15 - [MESSAGE][PASSED] - Object 'Object Repository/ADMIN/Custom Item Fields List Page/button_Add Field' is visible

2020-03-19 14:59:15 - [TEST_STEP][PASSED] - click(findTestObject("ADMIN/Custom Item Fields List Page/button_Add Field"), STOP_ON_FAILURE): Object: 'Object Repository/ADMIN/Custom Item Fields List Page/button_Add Field' is clicked on

2020-03-19 14:59:15 - [MESSAGE][PASSED] - Object: 'Object Repository/ADMIN/Custom Item Fields List Page/button_Add Field' is clicked on

2020-03-19 14:59:15 - [TEST_STEP][PASSED] - comment("Choose Field Type"): Choose Field Type

2020-03-19 14:59:15 - [MESSAGE][INFO] - Choose Field Type

2020-03-19 14:59:15 - [TEST_STEP][PASSED] - if (varCustomFieldType == "Checkbox"): null

2020-03-19 14:59:15 - [TEST_STEP][PASSED] - else if (varCustomFieldType == "Date / Time picker"): null

2020-03-19 14:59:15 - [TEST_STEP][PASSED] - else if (varCustomFieldType == "Drop Down"): null

2020-03-19 14:59:15 - [TEST_STEP][PASSED] - else if (varCustomFieldType == "Email"): null

2020-03-19 14:59:15 - [TEST_STEP][PASSED] - else if (varCustomFieldType == "Embed Video"): null

2020-03-19 14:59:15 - [TEST_STEP][PASSED] - else if (varCustomFieldType == "Hyperlink / URL"): null

2020-03-19 14:59:15 - [TEST_STEP][PASSED] - else if (varCustomFieldType == "Location"): null

2020-03-19 14:59:15 - [TEST_STEP][PASSED] - else if (varCustomFieldType == "Number"): null

2020-03-19 14:59:15 - [TEST_STEP][PASSED] - else if (varCustomFieldType == "PDF File"): null

2020-03-19 14:59:15 - [TEST_STEP][PASSED] - else if (varCustomFieldType == "Percentage"): All options with label 'Percentage' are selected in object 'Object Repository/ADMIN/Custom Item Fields Page/a_Default/dropdown_fieldtype' 

2020-03-19 14:59:15 - [TEST_STEP][PASSED] - waitForElementVisible(findTestObject("ADMIN/Custom Item Fields Page/a_Default/dropdown_fieldtype"), 0, CONTINUE_ON_FAILURE): Object 'Object Repository/ADMIN/Custom Item Fields Page/a_Default/dropdown_fieldtype' is visible

2020-03-19 14:59:15 - [MESSAGE][WARNING] - Timeout '0' is invalid. Using default page load timeout: '30'

2020-03-19 14:59:16 - [MESSAGE][PASSED] - Object 'Object Repository/ADMIN/Custom Item Fields Page/a_Default/dropdown_fieldtype' is visible

2020-03-19 14:59:16 - [TEST_STEP][PASSED] - selectOptionByLabel(findTestObject("ADMIN/Custom Item Fields Page/a_Default/dropdown_fieldtype"), "Percentage", false): All options with label 'Percentage' are selected in object 'Object Repository/ADMIN/Custom Item Fields Page/a_Default/dropdown_fieldtype' 

2020-03-19 14:59:16 - [MESSAGE][PASSED] - All options with label 'Percentage' are selected in object 'Object Repository/ADMIN/Custom Item Fields Page/a_Default/dropdown_fieldtype' 

2020-03-19 14:59:16 - [TEST_STEP][PASSED] - comment("Field Name"): Field Name

2020-03-19 14:59:16 - [MESSAGE][INFO] - Field Name

2020-03-19 14:59:16 - [TEST_STEP][PASSED] - setText(findTestObject("ADMIN/Custom Item Fields Page/a_Default/textfield_fieldname"), varCustomFieldName): Text 'allCat_Percentage_NM' is set on object 'Object Repository/ADMIN/Custom Item Fields Page/a_Default/textfield_fieldname'

2020-03-19 14:59:16 - [MESSAGE][PASSED] - Text 'allCat_Percentage_NM' is set on object 'Object Repository/ADMIN/Custom Item Fields Page/a_Default/textfield_fieldname'

2020-03-19 14:59:16 - [TEST_STEP][PASSED] - comment("Mandatory/NonMandatory"): Mandatory/NonMandatory

2020-03-19 14:59:16 - [MESSAGE][INFO] - Mandatory/NonMandatory

2020-03-19 14:59:16 - [TEST_STEP][PASSED] - if (varMandatoryNonMandatory == "mandatory"): null

2020-03-19 14:59:16 - [TEST_STEP][PASSED] - else if (varMandatoryNonMandatory == "non-mandatory"): Object: 'Object Repository/ADMIN/Custom Item Fields Page/a_Default/togglebutton_mandatory' is clicked on

2020-03-19 14:59:16 - [TEST_STEP][PASSED] - waitForElementVisible(findTestObject("ADMIN/Custom Item Fields Page/a_Default/togglebutton_mandatory"), 0, CONTINUE_ON_FAILURE): Object 'Object Repository/ADMIN/Custom Item Fields Page/a_Default/togglebutton_mandatory' is visible

2020-03-19 14:59:16 - [MESSAGE][WARNING] - Timeout '0' is invalid. Using default page load timeout: '30'

2020-03-19 14:59:16 - [MESSAGE][PASSED] - Object 'Object Repository/ADMIN/Custom Item Fields Page/a_Default/togglebutton_mandatory' is visible

2020-03-19 14:59:16 - [TEST_STEP][PASSED] - click(findTestObject("ADMIN/Custom Item Fields Page/a_Default/togglebutton_mandatory")): Object: 'Object Repository/ADMIN/Custom Item Fields Page/a_Default/togglebutton_mandatory' is clicked on

2020-03-19 14:59:17 - [MESSAGE][PASSED] - Object: 'Object Repository/ADMIN/Custom Item Fields Page/a_Default/togglebutton_mandatory' is clicked on

2020-03-19 14:59:17 - [TEST_STEP][PASSED] - comment("Assign Category"): Assign Category

2020-03-19 14:59:17 - [MESSAGE][INFO] - Assign Category

2020-03-19 14:59:17 - [TEST_STEP][PASSED] - click(findTestObject("ADMIN/Custom Item Fields Page/a_Default/button_SelectCategories")): Object: 'Object Repository/ADMIN/Custom Item Fields Page/a_Default/button_SelectCategories' is clicked on

2020-03-19 14:59:17 - [MESSAGE][PASSED] - Object: 'Object Repository/ADMIN/Custom Item Fields Page/a_Default/button_SelectCategories' is clicked on

2020-03-19 14:59:17 - [TEST_STEP][PASSED] - waitForElementVisible(findTestObject("ADMIN/Custom Item Fields List Page/a_SelectCategories/searchbox_Category"), 0): Object 'Object Repository/ADMIN/Custom Item Fields List Page/a_SelectCategories/searchbox_Category' is visible

2020-03-19 14:59:17 - [MESSAGE][WARNING] - Timeout '0' is invalid. Using default page load timeout: '30'

2020-03-19 14:59:17 - [MESSAGE][PASSED] - Object 'Object Repository/ADMIN/Custom Item Fields List Page/a_SelectCategories/searchbox_Category' is visible

2020-03-19 14:59:17 - [TEST_STEP][PASSED] - comment("Category Assignment"): Category Assignment

2020-03-19 14:59:17 - [MESSAGE][INFO] - Category Assignment

2020-03-19 14:59:17 - [TEST_STEP][PASSED] - if (varAssignedCategory == "All Cat"): Object: 'Object Repository/ADMIN/Custom Item Fields List Page/a_SelectCategories/linktext_SelectAll' is clicked on

2020-03-19 14:59:17 - [TEST_STEP][PASSED] - waitForElementVisible(findTestObject("ADMIN/Custom Item Fields List Page/a_SelectCategories/linktext_SelectAll"), 0): Object 'Object Repository/ADMIN/Custom Item Fields List Page/a_SelectCategories/linktext_SelectAll' is visible

2020-03-19 14:59:18 - [MESSAGE][WARNING] - Timeout '0' is invalid. Using default page load timeout: '30'

2020-03-19 14:59:18 - [MESSAGE][PASSED] - Object 'Object Repository/ADMIN/Custom Item Fields List Page/a_SelectCategories/linktext_SelectAll' is visible

2020-03-19 14:59:18 - [TEST_STEP][PASSED] - click(findTestObject("ADMIN/Custom Item Fields List Page/a_SelectCategories/linktext_SelectAll"), CONTINUE_ON_FAILURE): Object: 'Object Repository/ADMIN/Custom Item Fields List Page/a_SelectCategories/linktext_SelectAll' is clicked on

2020-03-19 14:59:18 - [MESSAGE][PASSED] - Object: 'Object Repository/ADMIN/Custom Item Fields List Page/a_SelectCategories/linktext_SelectAll' is clicked on

2020-03-19 14:59:18 - [TEST_STEP][PASSED] - click(findTestObject("ADMIN/Custom Item Fields List Page/a_SelectCategories/button_Save"), STOP_ON_FAILURE): Object: 'Object Repository/ADMIN/Custom Item Fields List Page/a_SelectCategories/button_Save' is clicked on

2020-03-19 14:59:18 - [MESSAGE][PASSED] - Object: 'Object Repository/ADMIN/Custom Item Fields List Page/a_SelectCategories/button_Save' is clicked on

2020-03-19 14:59:18 - [TEST_STEP][PASSED] - delay(2, CONTINUE_ON_FAILURE): Delayed 2 second(s)

2020-03-19 14:59:20 - [MESSAGE][PASSED] - Delayed 2 second(s)

2020-03-19 14:59:20 - [TEST_STEP][PASSED] - click(findTestObject("ADMIN/Custom Item Fields Page/a_Default/button_Save1"), STOP_ON_FAILURE): Object: 'Object Repository/ADMIN/Custom Item Fields Page/a_Default/button_Save1' is clicked on

2020-03-19 14:59:20 - [MESSAGE][PASSED] - Object: 'Object Repository/ADMIN/Custom Item Fields Page/a_Default/button_Save1' is clicked on

2020-03-19 14:59:20 - [TEST_STEP][PASSED] - waitForElementVisible(findTestObject("ADMIN/Custom Item Fields List Page/button_Add Field"), 0): Object 'Object Repository/ADMIN/Custom Item Fields List Page/button_Add Field' is visible

2020-03-19 14:59:20 - [MESSAGE][WARNING] - Timeout '0' is invalid. Using default page load timeout: '30'

2020-03-19 14:59:21 - [MESSAGE][PASSED] - Object 'Object Repository/ADMIN/Custom Item Fields List Page/button_Add Field' is visible]]></system-out>
         <system-err><![CDATA[]]></system-err>
      </testcase>
      <testcase name="Test Cases/ADMIN/Custom Fields Page/Add Custom Item Fields/Add_CF_DataDriven" time="11.936" classname="Test Cases/ADMIN/Custom Fields Page/Add Custom Item Fields/Add_CF_DataDriven" status="PASSED">
         <system-out><![CDATA[2020-03-19 14:59:21 - [TEST_CASE][PASSED] - Test Cases/ADMIN/Custom Fields Page/Add Custom Item Fields/Add_CF_DataDriven: Test Cases/ADMIN/Custom Fields Page/Add Custom Item Fields/Add_CF_DataDriven

2020-03-19 14:59:21 - [TEST_STEP][PASSED] - waitForElementVisible(findTestObject("ADMIN/Custom Item Fields List Page/button_Add Field"), 0): Object 'Object Repository/ADMIN/Custom Item Fields List Page/button_Add Field' is visible

2020-03-19 14:59:21 - [MESSAGE][WARNING] - Timeout '0' is invalid. Using default page load timeout: '30'

2020-03-19 14:59:22 - [MESSAGE][PASSED] - Object 'Object Repository/ADMIN/Custom Item Fields List Page/button_Add Field' is visible

2020-03-19 14:59:22 - [TEST_STEP][PASSED] - click(findTestObject("ADMIN/Custom Item Fields List Page/button_Add Field"), STOP_ON_FAILURE): Object: 'Object Repository/ADMIN/Custom Item Fields List Page/button_Add Field' is clicked on

2020-03-19 14:59:22 - [MESSAGE][PASSED] - Object: 'Object Repository/ADMIN/Custom Item Fields List Page/button_Add Field' is clicked on

2020-03-19 14:59:22 - [TEST_STEP][PASSED] - comment("Choose Field Type"): Choose Field Type

2020-03-19 14:59:22 - [MESSAGE][INFO] - Choose Field Type

2020-03-19 14:59:22 - [TEST_STEP][PASSED] - if (varCustomFieldType == "Checkbox"): Text 'allCat_Check Box_NM1CB10' is set on object 'Object Repository/ADMIN/Custom Item Fields Page/a_Checkbox/textfield_option10'

2020-03-19 14:59:22 - [TEST_STEP][PASSED] - waitForElementVisible(findTestObject("ADMIN/Custom Item Fields Page/a_Default/dropdown_fieldtype"), 0, CONTINUE_ON_FAILURE): Object 'Object Repository/ADMIN/Custom Item Fields Page/a_Default/dropdown_fieldtype' is visible

2020-03-19 14:59:22 - [MESSAGE][WARNING] - Timeout '0' is invalid. Using default page load timeout: '30'

2020-03-19 14:59:23 - [MESSAGE][PASSED] - Object 'Object Repository/ADMIN/Custom Item Fields Page/a_Default/dropdown_fieldtype' is visible

2020-03-19 14:59:23 - [TEST_STEP][PASSED] - selectOptionByLabel(findTestObject("ADMIN/Custom Item Fields Page/a_Default/dropdown_fieldtype"), "Checkbox", false): All options with label 'Checkbox' are selected in object 'Object Repository/ADMIN/Custom Item Fields Page/a_Default/dropdown_fieldtype' 

2020-03-19 14:59:23 - [MESSAGE][PASSED] - All options with label 'Checkbox' are selected in object 'Object Repository/ADMIN/Custom Item Fields Page/a_Default/dropdown_fieldtype' 

2020-03-19 14:59:23 - [TEST_STEP][PASSED] - waitForElementVisible(findTestObject("ADMIN/Custom Item Fields Page/a_Checkbox/button_addoption"), 0): Object 'Object Repository/ADMIN/Custom Item Fields Page/a_Checkbox/button_addoption' is visible

2020-03-19 14:59:23 - [MESSAGE][WARNING] - Timeout '0' is invalid. Using default page load timeout: '30'

2020-03-19 14:59:23 - [MESSAGE][PASSED] - Object 'Object Repository/ADMIN/Custom Item Fields Page/a_Checkbox/button_addoption' is visible

2020-03-19 14:59:23 - [TEST_STEP][PASSED] - for ([r = 0, r <= 7, (r++)]): Object: 'Object Repository/ADMIN/Custom Item Fields Page/a_Checkbox/button_addoption' is clicked on

2020-03-19 14:59:23 - [TEST_STEP][PASSED] - click(findTestObject("ADMIN/Custom Item Fields Page/a_Checkbox/button_addoption"), STOP_ON_FAILURE): Object: 'Object Repository/ADMIN/Custom Item Fields Page/a_Checkbox/button_addoption' is clicked on

2020-03-19 14:59:23 - [MESSAGE][PASSED] - Object: 'Object Repository/ADMIN/Custom Item Fields Page/a_Checkbox/button_addoption' is clicked on

2020-03-19 14:59:23 - [TEST_STEP][PASSED] - click(findTestObject("ADMIN/Custom Item Fields Page/a_Checkbox/button_addoption"), STOP_ON_FAILURE): Object: 'Object Repository/ADMIN/Custom Item Fields Page/a_Checkbox/button_addoption' is clicked on

2020-03-19 14:59:23 - [MESSAGE][PASSED] - Object: 'Object Repository/ADMIN/Custom Item Fields Page/a_Checkbox/button_addoption' is clicked on

2020-03-19 14:59:23 - [TEST_STEP][PASSED] - click(findTestObject("ADMIN/Custom Item Fields Page/a_Checkbox/button_addoption"), STOP_ON_FAILURE): Object: 'Object Repository/ADMIN/Custom Item Fields Page/a_Checkbox/button_addoption' is clicked on

2020-03-19 14:59:24 - [MESSAGE][PASSED] - Object: 'Object Repository/ADMIN/Custom Item Fields Page/a_Checkbox/button_addoption' is clicked on

2020-03-19 14:59:24 - [TEST_STEP][PASSED] - click(findTestObject("ADMIN/Custom Item Fields Page/a_Checkbox/button_addoption"), STOP_ON_FAILURE): Object: 'Object Repository/ADMIN/Custom Item Fields Page/a_Checkbox/button_addoption' is clicked on

2020-03-19 14:59:24 - [MESSAGE][PASSED] - Object: 'Object Repository/ADMIN/Custom Item Fields Page/a_Checkbox/button_addoption' is clicked on

2020-03-19 14:59:24 - [TEST_STEP][PASSED] - click(findTestObject("ADMIN/Custom Item Fields Page/a_Checkbox/button_addoption"), STOP_ON_FAILURE): Object: 'Object Repository/ADMIN/Custom Item Fields Page/a_Checkbox/button_addoption' is clicked on

2020-03-19 14:59:24 - [MESSAGE][PASSED] - Object: 'Object Repository/ADMIN/Custom Item Fields Page/a_Checkbox/button_addoption' is clicked on

2020-03-19 14:59:24 - [TEST_STEP][PASSED] - click(findTestObject("ADMIN/Custom Item Fields Page/a_Checkbox/button_addoption"), STOP_ON_FAILURE): Object: 'Object Repository/ADMIN/Custom Item Fields Page/a_Checkbox/button_addoption' is clicked on

2020-03-19 14:59:24 - [MESSAGE][PASSED] - Object: 'Object Repository/ADMIN/Custom Item Fields Page/a_Checkbox/button_addoption' is clicked on

2020-03-19 14:59:24 - [TEST_STEP][PASSED] - click(findTestObject("ADMIN/Custom Item Fields Page/a_Checkbox/button_addoption"), STOP_ON_FAILURE): Object: 'Object Repository/ADMIN/Custom Item Fields Page/a_Checkbox/button_addoption' is clicked on

2020-03-19 14:59:24 - [MESSAGE][PASSED] - Object: 'Object Repository/ADMIN/Custom Item Fields Page/a_Checkbox/button_addoption' is clicked on

2020-03-19 14:59:24 - [TEST_STEP][PASSED] - click(findTestObject("ADMIN/Custom Item Fields Page/a_Checkbox/button_addoption"), STOP_ON_FAILURE): Object: 'Object Repository/ADMIN/Custom Item Fields Page/a_Checkbox/button_addoption' is clicked on

2020-03-19 14:59:24 - [MESSAGE][PASSED] - Object: 'Object Repository/ADMIN/Custom Item Fields Page/a_Checkbox/button_addoption' is clicked on

2020-03-19 14:59:24 - [TEST_STEP][PASSED] - comment("Add Option"): Add Option

2020-03-19 14:59:24 - [MESSAGE][INFO] - Add Option

2020-03-19 14:59:24 - [TEST_STEP][PASSED] - setText(findTestObject("ADMIN/Custom Item Fields Page/a_Checkbox/textfield_option1"), varCustomFieldName + "CB1"): Text 'allCat_Check Box_NM1CB1' is set on object 'Object Repository/ADMIN/Custom Item Fields Page/a_Checkbox/textfield_option1'

2020-03-19 14:59:25 - [MESSAGE][PASSED] - Text 'allCat_Check Box_NM1CB1' is set on object 'Object Repository/ADMIN/Custom Item Fields Page/a_Checkbox/textfield_option1'

2020-03-19 14:59:25 - [TEST_STEP][PASSED] - setText(findTestObject("ADMIN/Custom Item Fields Page/a_Checkbox/textfield_option2"), varCustomFieldName + "CB2"): Text 'allCat_Check Box_NM1CB2' is set on object 'Object Repository/ADMIN/Custom Item Fields Page/a_Checkbox/textfield_option2'

2020-03-19 14:59:25 - [MESSAGE][PASSED] - Text 'allCat_Check Box_NM1CB2' is set on object 'Object Repository/ADMIN/Custom Item Fields Page/a_Checkbox/textfield_option2'

2020-03-19 14:59:25 - [TEST_STEP][PASSED] - setText(findTestObject("ADMIN/Custom Item Fields Page/a_Checkbox/textfield_option3"), varCustomFieldName + "CB3"): Text 'allCat_Check Box_NM1CB3' is set on object 'Object Repository/ADMIN/Custom Item Fields Page/a_Checkbox/textfield_option3'

2020-03-19 14:59:25 - [MESSAGE][PASSED] - Text 'allCat_Check Box_NM1CB3' is set on object 'Object Repository/ADMIN/Custom Item Fields Page/a_Checkbox/textfield_option3'

2020-03-19 14:59:25 - [TEST_STEP][PASSED] - setText(findTestObject("ADMIN/Custom Item Fields Page/a_Checkbox/textfield_option4"), varCustomFieldName + "CB4"): Text 'allCat_Check Box_NM1CB4' is set on object 'Object Repository/ADMIN/Custom Item Fields Page/a_Checkbox/textfield_option4'

2020-03-19 14:59:26 - [MESSAGE][PASSED] - Text 'allCat_Check Box_NM1CB4' is set on object 'Object Repository/ADMIN/Custom Item Fields Page/a_Checkbox/textfield_option4'

2020-03-19 14:59:26 - [TEST_STEP][PASSED] - setText(findTestObject("ADMIN/Custom Item Fields Page/a_Checkbox/textfield_option5"), varCustomFieldName + "CB5"): Text 'allCat_Check Box_NM1CB5' is set on object 'Object Repository/ADMIN/Custom Item Fields Page/a_Checkbox/textfield_option5'

2020-03-19 14:59:26 - [MESSAGE][PASSED] - Text 'allCat_Check Box_NM1CB5' is set on object 'Object Repository/ADMIN/Custom Item Fields Page/a_Checkbox/textfield_option5'

2020-03-19 14:59:26 - [TEST_STEP][PASSED] - setText(findTestObject("ADMIN/Custom Item Fields Page/a_Checkbox/textfield_option6"), varCustomFieldName + "CB6"): Text 'allCat_Check Box_NM1CB6' is set on object 'Object Repository/ADMIN/Custom Item Fields Page/a_Checkbox/textfield_option6'

2020-03-19 14:59:27 - [MESSAGE][PASSED] - Text 'allCat_Check Box_NM1CB6' is set on object 'Object Repository/ADMIN/Custom Item Fields Page/a_Checkbox/textfield_option6'

2020-03-19 14:59:27 - [TEST_STEP][PASSED] - setText(findTestObject("ADMIN/Custom Item Fields Page/a_Checkbox/textfield_option7"), varCustomFieldName + "CB7"): Text 'allCat_Check Box_NM1CB7' is set on object 'Object Repository/ADMIN/Custom Item Fields Page/a_Checkbox/textfield_option7'

2020-03-19 14:59:27 - [MESSAGE][PASSED] - Text 'allCat_Check Box_NM1CB7' is set on object 'Object Repository/ADMIN/Custom Item Fields Page/a_Checkbox/textfield_option7'

2020-03-19 14:59:27 - [TEST_STEP][PASSED] - setText(findTestObject("ADMIN/Custom Item Fields Page/a_Checkbox/textfield_option8"), varCustomFieldName + "CB8"): Text 'allCat_Check Box_NM1CB8' is set on object 'Object Repository/ADMIN/Custom Item Fields Page/a_Checkbox/textfield_option8'

2020-03-19 14:59:27 - [MESSAGE][PASSED] - Text 'allCat_Check Box_NM1CB8' is set on object 'Object Repository/ADMIN/Custom Item Fields Page/a_Checkbox/textfield_option8'

2020-03-19 14:59:27 - [TEST_STEP][PASSED] - setText(findTestObject("ADMIN/Custom Item Fields Page/a_Checkbox/textfield_option9"), varCustomFieldName + "CB9"): Text 'allCat_Check Box_NM1CB9' is set on object 'Object Repository/ADMIN/Custom Item Fields Page/a_Checkbox/textfield_option9'

2020-03-19 14:59:28 - [MESSAGE][PASSED] - Text 'allCat_Check Box_NM1CB9' is set on object 'Object Repository/ADMIN/Custom Item Fields Page/a_Checkbox/textfield_option9'

2020-03-19 14:59:28 - [TEST_STEP][PASSED] - setText(findTestObject("ADMIN/Custom Item Fields Page/a_Checkbox/textfield_option10"), varCustomFieldName + "CB10"): Text 'allCat_Check Box_NM1CB10' is set on object 'Object Repository/ADMIN/Custom Item Fields Page/a_Checkbox/textfield_option10'

2020-03-19 14:59:28 - [MESSAGE][PASSED] - Text 'allCat_Check Box_NM1CB10' is set on object 'Object Repository/ADMIN/Custom Item Fields Page/a_Checkbox/textfield_option10'

2020-03-19 14:59:28 - [TEST_STEP][PASSED] - comment("Field Name"): Field Name

2020-03-19 14:59:28 - [MESSAGE][INFO] - Field Name

2020-03-19 14:59:28 - [TEST_STEP][PASSED] - setText(findTestObject("ADMIN/Custom Item Fields Page/a_Default/textfield_fieldname"), varCustomFieldName): Text 'allCat_Check Box_NM1' is set on object 'Object Repository/ADMIN/Custom Item Fields Page/a_Default/textfield_fieldname'

2020-03-19 14:59:28 - [MESSAGE][PASSED] - Text 'allCat_Check Box_NM1' is set on object 'Object Repository/ADMIN/Custom Item Fields Page/a_Default/textfield_fieldname'

2020-03-19 14:59:28 - [TEST_STEP][PASSED] - comment("Mandatory/NonMandatory"): Mandatory/NonMandatory

2020-03-19 14:59:28 - [MESSAGE][INFO] - Mandatory/NonMandatory

2020-03-19 14:59:28 - [TEST_STEP][PASSED] - if (varMandatoryNonMandatory == "mandatory"): null

2020-03-19 14:59:28 - [TEST_STEP][PASSED] - else if (varMandatoryNonMandatory == "non-mandatory"): Object: 'Object Repository/ADMIN/Custom Item Fields Page/a_Default/togglebutton_mandatory' is clicked on

2020-03-19 14:59:28 - [TEST_STEP][PASSED] - waitForElementVisible(findTestObject("ADMIN/Custom Item Fields Page/a_Default/togglebutton_mandatory"), 0, CONTINUE_ON_FAILURE): Object 'Object Repository/ADMIN/Custom Item Fields Page/a_Default/togglebutton_mandatory' is visible

2020-03-19 14:59:28 - [MESSAGE][WARNING] - Timeout '0' is invalid. Using default page load timeout: '30'

2020-03-19 14:59:29 - [MESSAGE][PASSED] - Object 'Object Repository/ADMIN/Custom Item Fields Page/a_Default/togglebutton_mandatory' is visible

2020-03-19 14:59:29 - [TEST_STEP][PASSED] - click(findTestObject("ADMIN/Custom Item Fields Page/a_Default/togglebutton_mandatory")): Object: 'Object Repository/ADMIN/Custom Item Fields Page/a_Default/togglebutton_mandatory' is clicked on

2020-03-19 14:59:29 - [MESSAGE][PASSED] - Object: 'Object Repository/ADMIN/Custom Item Fields Page/a_Default/togglebutton_mandatory' is clicked on

2020-03-19 14:59:29 - [TEST_STEP][PASSED] - comment("Assign Category"): Assign Category

2020-03-19 14:59:29 - [MESSAGE][INFO] - Assign Category

2020-03-19 14:59:29 - [TEST_STEP][PASSED] - click(findTestObject("ADMIN/Custom Item Fields Page/a_Default/button_SelectCategories")): Object: 'Object Repository/ADMIN/Custom Item Fields Page/a_Default/button_SelectCategories' is clicked on

2020-03-19 14:59:29 - [MESSAGE][PASSED] - Object: 'Object Repository/ADMIN/Custom Item Fields Page/a_Default/button_SelectCategories' is clicked on

2020-03-19 14:59:29 - [TEST_STEP][PASSED] - waitForElementVisible(findTestObject("ADMIN/Custom Item Fields List Page/a_SelectCategories/searchbox_Category"), 0): Object 'Object Repository/ADMIN/Custom Item Fields List Page/a_SelectCategories/searchbox_Category' is visible

2020-03-19 14:59:29 - [MESSAGE][WARNING] - Timeout '0' is invalid. Using default page load timeout: '30'

2020-03-19 14:59:29 - [MESSAGE][PASSED] - Object 'Object Repository/ADMIN/Custom Item Fields List Page/a_SelectCategories/searchbox_Category' is visible

2020-03-19 14:59:29 - [TEST_STEP][PASSED] - comment("Category Assignment"): Category Assignment

2020-03-19 14:59:29 - [MESSAGE][INFO] - Category Assignment

2020-03-19 14:59:29 - [TEST_STEP][PASSED] - if (varAssignedCategory == "All Cat"): Object: 'Object Repository/ADMIN/Custom Item Fields List Page/a_SelectCategories/linktext_SelectAll' is clicked on

2020-03-19 14:59:29 - [TEST_STEP][PASSED] - waitForElementVisible(findTestObject("ADMIN/Custom Item Fields List Page/a_SelectCategories/linktext_SelectAll"), 0): Object 'Object Repository/ADMIN/Custom Item Fields List Page/a_SelectCategories/linktext_SelectAll' is visible

2020-03-19 14:59:29 - [MESSAGE][WARNING] - Timeout '0' is invalid. Using default page load timeout: '30'

2020-03-19 14:59:29 - [MESSAGE][PASSED] - Object 'Object Repository/ADMIN/Custom Item Fields List Page/a_SelectCategories/linktext_SelectAll' is visible

2020-03-19 14:59:29 - [TEST_STEP][PASSED] - click(findTestObject("ADMIN/Custom Item Fields List Page/a_SelectCategories/linktext_SelectAll"), CONTINUE_ON_FAILURE): Object: 'Object Repository/ADMIN/Custom Item Fields List Page/a_SelectCategories/linktext_SelectAll' is clicked on

2020-03-19 14:59:29 - [MESSAGE][PASSED] - Object: 'Object Repository/ADMIN/Custom Item Fields List Page/a_SelectCategories/linktext_SelectAll' is clicked on

2020-03-19 14:59:29 - [TEST_STEP][PASSED] - click(findTestObject("ADMIN/Custom Item Fields List Page/a_SelectCategories/button_Save"), STOP_ON_FAILURE): Object: 'Object Repository/ADMIN/Custom Item Fields List Page/a_SelectCategories/button_Save' is clicked on

2020-03-19 14:59:30 - [MESSAGE][PASSED] - Object: 'Object Repository/ADMIN/Custom Item Fields List Page/a_SelectCategories/button_Save' is clicked on

2020-03-19 14:59:30 - [TEST_STEP][PASSED] - delay(2, CONTINUE_ON_FAILURE): Delayed 2 second(s)

2020-03-19 14:59:32 - [MESSAGE][PASSED] - Delayed 2 second(s)

2020-03-19 14:59:32 - [TEST_STEP][PASSED] - click(findTestObject("ADMIN/Custom Item Fields Page/a_Default/button_Save1"), STOP_ON_FAILURE): Object: 'Object Repository/ADMIN/Custom Item Fields Page/a_Default/button_Save1' is clicked on

2020-03-19 14:59:32 - [MESSAGE][PASSED] - Object: 'Object Repository/ADMIN/Custom Item Fields Page/a_Default/button_Save1' is clicked on

2020-03-19 14:59:32 - [TEST_STEP][PASSED] - waitForElementVisible(findTestObject("ADMIN/Custom Item Fields List Page/button_Add Field"), 0): Object 'Object Repository/ADMIN/Custom Item Fields List Page/button_Add Field' is visible

2020-03-19 14:59:32 - [MESSAGE][WARNING] - Timeout '0' is invalid. Using default page load timeout: '30'

2020-03-19 14:59:33 - [MESSAGE][PASSED] - Object 'Object Repository/ADMIN/Custom Item Fields List Page/button_Add Field' is visible]]></system-out>
         <system-err><![CDATA[]]></system-err>
      </testcase>
      <testcase name="Test Cases/ADMIN/Custom Fields Page/Add Custom Item Fields/Add_CF_DataDriven" time="11.761" classname="Test Cases/ADMIN/Custom Fields Page/Add Custom Item Fields/Add_CF_DataDriven" status="PASSED">
         <system-out><![CDATA[2020-03-19 14:59:33 - [TEST_CASE][PASSED] - Test Cases/ADMIN/Custom Fields Page/Add Custom Item Fields/Add_CF_DataDriven: Test Cases/ADMIN/Custom Fields Page/Add Custom Item Fields/Add_CF_DataDriven

2020-03-19 14:59:33 - [TEST_STEP][PASSED] - waitForElementVisible(findTestObject("ADMIN/Custom Item Fields List Page/button_Add Field"), 0): Object 'Object Repository/ADMIN/Custom Item Fields List Page/button_Add Field' is visible

2020-03-19 14:59:33 - [MESSAGE][WARNING] - Timeout '0' is invalid. Using default page load timeout: '30'

2020-03-19 14:59:34 - [MESSAGE][PASSED] - Object 'Object Repository/ADMIN/Custom Item Fields List Page/button_Add Field' is visible

2020-03-19 14:59:34 - [TEST_STEP][PASSED] - click(findTestObject("ADMIN/Custom Item Fields List Page/button_Add Field"), STOP_ON_FAILURE): Object: 'Object Repository/ADMIN/Custom Item Fields List Page/button_Add Field' is clicked on

2020-03-19 14:59:34 - [MESSAGE][PASSED] - Object: 'Object Repository/ADMIN/Custom Item Fields List Page/button_Add Field' is clicked on

2020-03-19 14:59:34 - [TEST_STEP][PASSED] - comment("Choose Field Type"): Choose Field Type

2020-03-19 14:59:34 - [MESSAGE][INFO] - Choose Field Type

2020-03-19 14:59:34 - [TEST_STEP][PASSED] - if (varCustomFieldType == "Checkbox"): Text 'allCat_Check Box_NM2CB10' is set on object 'Object Repository/ADMIN/Custom Item Fields Page/a_Checkbox/textfield_option10'

2020-03-19 14:59:34 - [TEST_STEP][PASSED] - waitForElementVisible(findTestObject("ADMIN/Custom Item Fields Page/a_Default/dropdown_fieldtype"), 0, CONTINUE_ON_FAILURE): Object 'Object Repository/ADMIN/Custom Item Fields Page/a_Default/dropdown_fieldtype' is visible

2020-03-19 14:59:34 - [MESSAGE][WARNING] - Timeout '0' is invalid. Using default page load timeout: '30'

2020-03-19 14:59:35 - [MESSAGE][PASSED] - Object 'Object Repository/ADMIN/Custom Item Fields Page/a_Default/dropdown_fieldtype' is visible

2020-03-19 14:59:35 - [TEST_STEP][PASSED] - selectOptionByLabel(findTestObject("ADMIN/Custom Item Fields Page/a_Default/dropdown_fieldtype"), "Checkbox", false): All options with label 'Checkbox' are selected in object 'Object Repository/ADMIN/Custom Item Fields Page/a_Default/dropdown_fieldtype' 

2020-03-19 14:59:35 - [MESSAGE][PASSED] - All options with label 'Checkbox' are selected in object 'Object Repository/ADMIN/Custom Item Fields Page/a_Default/dropdown_fieldtype' 

2020-03-19 14:59:35 - [TEST_STEP][PASSED] - waitForElementVisible(findTestObject("ADMIN/Custom Item Fields Page/a_Checkbox/button_addoption"), 0): Object 'Object Repository/ADMIN/Custom Item Fields Page/a_Checkbox/button_addoption' is visible

2020-03-19 14:59:35 - [MESSAGE][WARNING] - Timeout '0' is invalid. Using default page load timeout: '30'

2020-03-19 14:59:35 - [MESSAGE][PASSED] - Object 'Object Repository/ADMIN/Custom Item Fields Page/a_Checkbox/button_addoption' is visible

2020-03-19 14:59:35 - [TEST_STEP][PASSED] - for ([r = 0, r <= 7, (r++)]): Object: 'Object Repository/ADMIN/Custom Item Fields Page/a_Checkbox/button_addoption' is clicked on

2020-03-19 14:59:35 - [TEST_STEP][PASSED] - click(findTestObject("ADMIN/Custom Item Fields Page/a_Checkbox/button_addoption"), STOP_ON_FAILURE): Object: 'Object Repository/ADMIN/Custom Item Fields Page/a_Checkbox/button_addoption' is clicked on

2020-03-19 14:59:35 - [MESSAGE][PASSED] - Object: 'Object Repository/ADMIN/Custom Item Fields Page/a_Checkbox/button_addoption' is clicked on

2020-03-19 14:59:35 - [TEST_STEP][PASSED] - click(findTestObject("ADMIN/Custom Item Fields Page/a_Checkbox/button_addoption"), STOP_ON_FAILURE): Object: 'Object Repository/ADMIN/Custom Item Fields Page/a_Checkbox/button_addoption' is clicked on

2020-03-19 14:59:35 - [MESSAGE][PASSED] - Object: 'Object Repository/ADMIN/Custom Item Fields Page/a_Checkbox/button_addoption' is clicked on

2020-03-19 14:59:35 - [TEST_STEP][PASSED] - click(findTestObject("ADMIN/Custom Item Fields Page/a_Checkbox/button_addoption"), STOP_ON_FAILURE): Object: 'Object Repository/ADMIN/Custom Item Fields Page/a_Checkbox/button_addoption' is clicked on

2020-03-19 14:59:35 - [MESSAGE][PASSED] - Object: 'Object Repository/ADMIN/Custom Item Fields Page/a_Checkbox/button_addoption' is clicked on

2020-03-19 14:59:35 - [TEST_STEP][PASSED] - click(findTestObject("ADMIN/Custom Item Fields Page/a_Checkbox/button_addoption"), STOP_ON_FAILURE): Object: 'Object Repository/ADMIN/Custom Item Fields Page/a_Checkbox/button_addoption' is clicked on

2020-03-19 14:59:36 - [MESSAGE][PASSED] - Object: 'Object Repository/ADMIN/Custom Item Fields Page/a_Checkbox/button_addoption' is clicked on

2020-03-19 14:59:36 - [TEST_STEP][PASSED] - click(findTestObject("ADMIN/Custom Item Fields Page/a_Checkbox/button_addoption"), STOP_ON_FAILURE): Object: 'Object Repository/ADMIN/Custom Item Fields Page/a_Checkbox/button_addoption' is clicked on

2020-03-19 14:59:36 - [MESSAGE][PASSED] - Object: 'Object Repository/ADMIN/Custom Item Fields Page/a_Checkbox/button_addoption' is clicked on

2020-03-19 14:59:36 - [TEST_STEP][PASSED] - click(findTestObject("ADMIN/Custom Item Fields Page/a_Checkbox/button_addoption"), STOP_ON_FAILURE): Object: 'Object Repository/ADMIN/Custom Item Fields Page/a_Checkbox/button_addoption' is clicked on

2020-03-19 14:59:36 - [MESSAGE][PASSED] - Object: 'Object Repository/ADMIN/Custom Item Fields Page/a_Checkbox/button_addoption' is clicked on

2020-03-19 14:59:36 - [TEST_STEP][PASSED] - click(findTestObject("ADMIN/Custom Item Fields Page/a_Checkbox/button_addoption"), STOP_ON_FAILURE): Object: 'Object Repository/ADMIN/Custom Item Fields Page/a_Checkbox/button_addoption' is clicked on

2020-03-19 14:59:36 - [MESSAGE][PASSED] - Object: 'Object Repository/ADMIN/Custom Item Fields Page/a_Checkbox/button_addoption' is clicked on

2020-03-19 14:59:36 - [TEST_STEP][PASSED] - click(findTestObject("ADMIN/Custom Item Fields Page/a_Checkbox/button_addoption"), STOP_ON_FAILURE): Object: 'Object Repository/ADMIN/Custom Item Fields Page/a_Checkbox/button_addoption' is clicked on

2020-03-19 14:59:36 - [MESSAGE][PASSED] - Object: 'Object Repository/ADMIN/Custom Item Fields Page/a_Checkbox/button_addoption' is clicked on

2020-03-19 14:59:36 - [TEST_STEP][PASSED] - comment("Add Option"): Add Option

2020-03-19 14:59:36 - [MESSAGE][INFO] - Add Option

2020-03-19 14:59:36 - [TEST_STEP][PASSED] - setText(findTestObject("ADMIN/Custom Item Fields Page/a_Checkbox/textfield_option1"), varCustomFieldName + "CB1"): Text 'allCat_Check Box_NM2CB1' is set on object 'Object Repository/ADMIN/Custom Item Fields Page/a_Checkbox/textfield_option1'

2020-03-19 14:59:36 - [MESSAGE][PASSED] - Text 'allCat_Check Box_NM2CB1' is set on object 'Object Repository/ADMIN/Custom Item Fields Page/a_Checkbox/textfield_option1'

2020-03-19 14:59:36 - [TEST_STEP][PASSED] - setText(findTestObject("ADMIN/Custom Item Fields Page/a_Checkbox/textfield_option2"), varCustomFieldName + "CB2"): Text 'allCat_Check Box_NM2CB2' is set on object 'Object Repository/ADMIN/Custom Item Fields Page/a_Checkbox/textfield_option2'

2020-03-19 14:59:37 - [MESSAGE][PASSED] - Text 'allCat_Check Box_NM2CB2' is set on object 'Object Repository/ADMIN/Custom Item Fields Page/a_Checkbox/textfield_option2'

2020-03-19 14:59:37 - [TEST_STEP][PASSED] - setText(findTestObject("ADMIN/Custom Item Fields Page/a_Checkbox/textfield_option3"), varCustomFieldName + "CB3"): Text 'allCat_Check Box_NM2CB3' is set on object 'Object Repository/ADMIN/Custom Item Fields Page/a_Checkbox/textfield_option3'

2020-03-19 14:59:37 - [MESSAGE][PASSED] - Text 'allCat_Check Box_NM2CB3' is set on object 'Object Repository/ADMIN/Custom Item Fields Page/a_Checkbox/textfield_option3'

2020-03-19 14:59:37 - [TEST_STEP][PASSED] - setText(findTestObject("ADMIN/Custom Item Fields Page/a_Checkbox/textfield_option4"), varCustomFieldName + "CB4"): Text 'allCat_Check Box_NM2CB4' is set on object 'Object Repository/ADMIN/Custom Item Fields Page/a_Checkbox/textfield_option4'

2020-03-19 14:59:37 - [MESSAGE][PASSED] - Text 'allCat_Check Box_NM2CB4' is set on object 'Object Repository/ADMIN/Custom Item Fields Page/a_Checkbox/textfield_option4'

2020-03-19 14:59:37 - [TEST_STEP][PASSED] - setText(findTestObject("ADMIN/Custom Item Fields Page/a_Checkbox/textfield_option5"), varCustomFieldName + "CB5"): Text 'allCat_Check Box_NM2CB5' is set on object 'Object Repository/ADMIN/Custom Item Fields Page/a_Checkbox/textfield_option5'

2020-03-19 14:59:38 - [MESSAGE][PASSED] - Text 'allCat_Check Box_NM2CB5' is set on object 'Object Repository/ADMIN/Custom Item Fields Page/a_Checkbox/textfield_option5'

2020-03-19 14:59:38 - [TEST_STEP][PASSED] - setText(findTestObject("ADMIN/Custom Item Fields Page/a_Checkbox/textfield_option6"), varCustomFieldName + "CB6"): Text 'allCat_Check Box_NM2CB6' is set on object 'Object Repository/ADMIN/Custom Item Fields Page/a_Checkbox/textfield_option6'

2020-03-19 14:59:38 - [MESSAGE][PASSED] - Text 'allCat_Check Box_NM2CB6' is set on object 'Object Repository/ADMIN/Custom Item Fields Page/a_Checkbox/textfield_option6'

2020-03-19 14:59:38 - [TEST_STEP][PASSED] - setText(findTestObject("ADMIN/Custom Item Fields Page/a_Checkbox/textfield_option7"), varCustomFieldName + "CB7"): Text 'allCat_Check Box_NM2CB7' is set on object 'Object Repository/ADMIN/Custom Item Fields Page/a_Checkbox/textfield_option7'

2020-03-19 14:59:38 - [MESSAGE][PASSED] - Text 'allCat_Check Box_NM2CB7' is set on object 'Object Repository/ADMIN/Custom Item Fields Page/a_Checkbox/textfield_option7'

2020-03-19 14:59:38 - [TEST_STEP][PASSED] - setText(findTestObject("ADMIN/Custom Item Fields Page/a_Checkbox/textfield_option8"), varCustomFieldName + "CB8"): Text 'allCat_Check Box_NM2CB8' is set on object 'Object Repository/ADMIN/Custom Item Fields Page/a_Checkbox/textfield_option8'

2020-03-19 14:59:39 - [MESSAGE][PASSED] - Text 'allCat_Check Box_NM2CB8' is set on object 'Object Repository/ADMIN/Custom Item Fields Page/a_Checkbox/textfield_option8'

2020-03-19 14:59:39 - [TEST_STEP][PASSED] - setText(findTestObject("ADMIN/Custom Item Fields Page/a_Checkbox/textfield_option9"), varCustomFieldName + "CB9"): Text 'allCat_Check Box_NM2CB9' is set on object 'Object Repository/ADMIN/Custom Item Fields Page/a_Checkbox/textfield_option9'

2020-03-19 14:59:40 - [MESSAGE][PASSED] - Text 'allCat_Check Box_NM2CB9' is set on object 'Object Repository/ADMIN/Custom Item Fields Page/a_Checkbox/textfield_option9'

2020-03-19 14:59:40 - [TEST_STEP][PASSED] - setText(findTestObject("ADMIN/Custom Item Fields Page/a_Checkbox/textfield_option10"), varCustomFieldName + "CB10"): Text 'allCat_Check Box_NM2CB10' is set on object 'Object Repository/ADMIN/Custom Item Fields Page/a_Checkbox/textfield_option10'

2020-03-19 14:59:40 - [MESSAGE][PASSED] - Text 'allCat_Check Box_NM2CB10' is set on object 'Object Repository/ADMIN/Custom Item Fields Page/a_Checkbox/textfield_option10'

2020-03-19 14:59:40 - [TEST_STEP][PASSED] - comment("Field Name"): Field Name

2020-03-19 14:59:40 - [MESSAGE][INFO] - Field Name

2020-03-19 14:59:40 - [TEST_STEP][PASSED] - setText(findTestObject("ADMIN/Custom Item Fields Page/a_Default/textfield_fieldname"), varCustomFieldName): Text 'allCat_Check Box_NM2' is set on object 'Object Repository/ADMIN/Custom Item Fields Page/a_Default/textfield_fieldname'

2020-03-19 14:59:40 - [MESSAGE][PASSED] - Text 'allCat_Check Box_NM2' is set on object 'Object Repository/ADMIN/Custom Item Fields Page/a_Default/textfield_fieldname'

2020-03-19 14:59:40 - [TEST_STEP][PASSED] - comment("Mandatory/NonMandatory"): Mandatory/NonMandatory

2020-03-19 14:59:40 - [MESSAGE][INFO] - Mandatory/NonMandatory

2020-03-19 14:59:40 - [TEST_STEP][PASSED] - if (varMandatoryNonMandatory == "mandatory"): null

2020-03-19 14:59:40 - [TEST_STEP][PASSED] - else if (varMandatoryNonMandatory == "non-mandatory"): Object: 'Object Repository/ADMIN/Custom Item Fields Page/a_Default/togglebutton_mandatory' is clicked on

2020-03-19 14:59:40 - [TEST_STEP][PASSED] - waitForElementVisible(findTestObject("ADMIN/Custom Item Fields Page/a_Default/togglebutton_mandatory"), 0, CONTINUE_ON_FAILURE): Object 'Object Repository/ADMIN/Custom Item Fields Page/a_Default/togglebutton_mandatory' is visible

2020-03-19 14:59:40 - [MESSAGE][WARNING] - Timeout '0' is invalid. Using default page load timeout: '30'

2020-03-19 14:59:40 - [MESSAGE][PASSED] - Object 'Object Repository/ADMIN/Custom Item Fields Page/a_Default/togglebutton_mandatory' is visible

2020-03-19 14:59:40 - [TEST_STEP][PASSED] - click(findTestObject("ADMIN/Custom Item Fields Page/a_Default/togglebutton_mandatory")): Object: 'Object Repository/ADMIN/Custom Item Fields Page/a_Default/togglebutton_mandatory' is clicked on

2020-03-19 14:59:41 - [MESSAGE][PASSED] - Object: 'Object Repository/ADMIN/Custom Item Fields Page/a_Default/togglebutton_mandatory' is clicked on

2020-03-19 14:59:41 - [TEST_STEP][PASSED] - comment("Assign Category"): Assign Category

2020-03-19 14:59:41 - [MESSAGE][INFO] - Assign Category

2020-03-19 14:59:41 - [TEST_STEP][PASSED] - click(findTestObject("ADMIN/Custom Item Fields Page/a_Default/button_SelectCategories")): Object: 'Object Repository/ADMIN/Custom Item Fields Page/a_Default/button_SelectCategories' is clicked on

2020-03-19 14:59:41 - [MESSAGE][PASSED] - Object: 'Object Repository/ADMIN/Custom Item Fields Page/a_Default/button_SelectCategories' is clicked on

2020-03-19 14:59:41 - [TEST_STEP][PASSED] - waitForElementVisible(findTestObject("ADMIN/Custom Item Fields List Page/a_SelectCategories/searchbox_Category"), 0): Object 'Object Repository/ADMIN/Custom Item Fields List Page/a_SelectCategories/searchbox_Category' is visible

2020-03-19 14:59:41 - [MESSAGE][WARNING] - Timeout '0' is invalid. Using default page load timeout: '30'

2020-03-19 14:59:41 - [MESSAGE][PASSED] - Object 'Object Repository/ADMIN/Custom Item Fields List Page/a_SelectCategories/searchbox_Category' is visible

2020-03-19 14:59:41 - [TEST_STEP][PASSED] - comment("Category Assignment"): Category Assignment

2020-03-19 14:59:41 - [MESSAGE][INFO] - Category Assignment

2020-03-19 14:59:41 - [TEST_STEP][PASSED] - if (varAssignedCategory == "All Cat"): Object: 'Object Repository/ADMIN/Custom Item Fields List Page/a_SelectCategories/linktext_SelectAll' is clicked on

2020-03-19 14:59:41 - [TEST_STEP][PASSED] - waitForElementVisible(findTestObject("ADMIN/Custom Item Fields List Page/a_SelectCategories/linktext_SelectAll"), 0): Object 'Object Repository/ADMIN/Custom Item Fields List Page/a_SelectCategories/linktext_SelectAll' is visible

2020-03-19 14:59:41 - [MESSAGE][WARNING] - Timeout '0' is invalid. Using default page load timeout: '30'

2020-03-19 14:59:41 - [MESSAGE][PASSED] - Object 'Object Repository/ADMIN/Custom Item Fields List Page/a_SelectCategories/linktext_SelectAll' is visible

2020-03-19 14:59:41 - [TEST_STEP][PASSED] - click(findTestObject("ADMIN/Custom Item Fields List Page/a_SelectCategories/linktext_SelectAll"), CONTINUE_ON_FAILURE): Object: 'Object Repository/ADMIN/Custom Item Fields List Page/a_SelectCategories/linktext_SelectAll' is clicked on

2020-03-19 14:59:41 - [MESSAGE][PASSED] - Object: 'Object Repository/ADMIN/Custom Item Fields List Page/a_SelectCategories/linktext_SelectAll' is clicked on

2020-03-19 14:59:41 - [TEST_STEP][PASSED] - click(findTestObject("ADMIN/Custom Item Fields List Page/a_SelectCategories/button_Save"), STOP_ON_FAILURE): Object: 'Object Repository/ADMIN/Custom Item Fields List Page/a_SelectCategories/button_Save' is clicked on

2020-03-19 14:59:42 - [MESSAGE][PASSED] - Object: 'Object Repository/ADMIN/Custom Item Fields List Page/a_SelectCategories/button_Save' is clicked on

2020-03-19 14:59:42 - [TEST_STEP][PASSED] - delay(2, CONTINUE_ON_FAILURE): Delayed 2 second(s)

2020-03-19 14:59:44 - [MESSAGE][PASSED] - Delayed 2 second(s)

2020-03-19 14:59:44 - [TEST_STEP][PASSED] - click(findTestObject("ADMIN/Custom Item Fields Page/a_Default/button_Save1"), STOP_ON_FAILURE): Object: 'Object Repository/ADMIN/Custom Item Fields Page/a_Default/button_Save1' is clicked on

2020-03-19 14:59:44 - [MESSAGE][PASSED] - Object: 'Object Repository/ADMIN/Custom Item Fields Page/a_Default/button_Save1' is clicked on

2020-03-19 14:59:44 - [TEST_STEP][PASSED] - waitForElementVisible(findTestObject("ADMIN/Custom Item Fields List Page/button_Add Field"), 0): Object 'Object Repository/ADMIN/Custom Item Fields List Page/button_Add Field' is visible

2020-03-19 14:59:44 - [MESSAGE][WARNING] - Timeout '0' is invalid. Using default page load timeout: '30'

2020-03-19 14:59:45 - [MESSAGE][PASSED] - Object 'Object Repository/ADMIN/Custom Item Fields List Page/button_Add Field' is visible]]></system-out>
         <system-err><![CDATA[]]></system-err>
      </testcase>
      <testcase name="Test Cases/ADMIN/Custom Fields Page/Add Custom Item Fields/Add_CF_DataDriven" time="12.427" classname="Test Cases/ADMIN/Custom Fields Page/Add Custom Item Fields/Add_CF_DataDriven" status="PASSED">
         <system-out><![CDATA[2020-03-19 14:59:45 - [TEST_CASE][PASSED] - Test Cases/ADMIN/Custom Fields Page/Add Custom Item Fields/Add_CF_DataDriven: Test Cases/ADMIN/Custom Fields Page/Add Custom Item Fields/Add_CF_DataDriven

2020-03-19 14:59:45 - [TEST_STEP][PASSED] - waitForElementVisible(findTestObject("ADMIN/Custom Item Fields List Page/button_Add Field"), 0): Object 'Object Repository/ADMIN/Custom Item Fields List Page/button_Add Field' is visible

2020-03-19 14:59:45 - [MESSAGE][WARNING] - Timeout '0' is invalid. Using default page load timeout: '30'

2020-03-19 14:59:45 - [MESSAGE][PASSED] - Object 'Object Repository/ADMIN/Custom Item Fields List Page/button_Add Field' is visible

2020-03-19 14:59:45 - [TEST_STEP][PASSED] - click(findTestObject("ADMIN/Custom Item Fields List Page/button_Add Field"), STOP_ON_FAILURE): Object: 'Object Repository/ADMIN/Custom Item Fields List Page/button_Add Field' is clicked on

2020-03-19 14:59:46 - [MESSAGE][PASSED] - Object: 'Object Repository/ADMIN/Custom Item Fields List Page/button_Add Field' is clicked on

2020-03-19 14:59:46 - [TEST_STEP][PASSED] - comment("Choose Field Type"): Choose Field Type

2020-03-19 14:59:46 - [MESSAGE][INFO] - Choose Field Type

2020-03-19 14:59:46 - [TEST_STEP][PASSED] - if (varCustomFieldType == "Checkbox"): null

2020-03-19 14:59:46 - [TEST_STEP][PASSED] - else if (varCustomFieldType == "Date / Time picker"): null

2020-03-19 14:59:46 - [TEST_STEP][PASSED] - else if (varCustomFieldType == "Drop Down"): Text 'allCat_Drop Down_NM1DD10' is set on object 'Object Repository/ADMIN/Custom Item Fields Page/a_Checkbox/textfield_option10'

2020-03-19 14:59:46 - [TEST_STEP][PASSED] - waitForElementVisible(findTestObject("ADMIN/Custom Item Fields Page/a_Default/dropdown_fieldtype"), 0, CONTINUE_ON_FAILURE): Object 'Object Repository/ADMIN/Custom Item Fields Page/a_Default/dropdown_fieldtype' is visible

2020-03-19 14:59:46 - [MESSAGE][WARNING] - Timeout '0' is invalid. Using default page load timeout: '30'

2020-03-19 14:59:47 - [MESSAGE][PASSED] - Object 'Object Repository/ADMIN/Custom Item Fields Page/a_Default/dropdown_fieldtype' is visible

2020-03-19 14:59:47 - [TEST_STEP][PASSED] - selectOptionByLabel(findTestObject("ADMIN/Custom Item Fields Page/a_Default/dropdown_fieldtype"), "Drop Down", false): All options with label 'Drop Down' are selected in object 'Object Repository/ADMIN/Custom Item Fields Page/a_Default/dropdown_fieldtype' 

2020-03-19 14:59:47 - [MESSAGE][PASSED] - All options with label 'Drop Down' are selected in object 'Object Repository/ADMIN/Custom Item Fields Page/a_Default/dropdown_fieldtype' 

2020-03-19 14:59:47 - [TEST_STEP][PASSED] - waitForElementVisible(findTestObject("ADMIN/Custom Item Fields Page/a_Checkbox/icon_addoptio"), 0): Object 'Object Repository/ADMIN/Custom Item Fields Page/a_Checkbox/icon_addoptio' is visible

2020-03-19 14:59:47 - [MESSAGE][WARNING] - Timeout '0' is invalid. Using default page load timeout: '30'

2020-03-19 14:59:47 - [MESSAGE][PASSED] - Object 'Object Repository/ADMIN/Custom Item Fields Page/a_Checkbox/icon_addoptio' is visible

2020-03-19 14:59:47 - [TEST_STEP][PASSED] - for ([r = 0, r <= 7, (r++)]): Object: 'Object Repository/ADMIN/Custom Item Fields Page/a_Checkbox/icon_addoptio' is clicked on

2020-03-19 14:59:47 - [TEST_STEP][PASSED] - click(findTestObject("ADMIN/Custom Item Fields Page/a_Checkbox/icon_addoptio"), STOP_ON_FAILURE): Object: 'Object Repository/ADMIN/Custom Item Fields Page/a_Checkbox/icon_addoptio' is clicked on

2020-03-19 14:59:47 - [MESSAGE][PASSED] - Object: 'Object Repository/ADMIN/Custom Item Fields Page/a_Checkbox/icon_addoptio' is clicked on

2020-03-19 14:59:47 - [TEST_STEP][PASSED] - click(findTestObject("ADMIN/Custom Item Fields Page/a_Checkbox/icon_addoptio"), STOP_ON_FAILURE): Object: 'Object Repository/ADMIN/Custom Item Fields Page/a_Checkbox/icon_addoptio' is clicked on

2020-03-19 14:59:47 - [MESSAGE][PASSED] - Object: 'Object Repository/ADMIN/Custom Item Fields Page/a_Checkbox/icon_addoptio' is clicked on

2020-03-19 14:59:47 - [TEST_STEP][PASSED] - click(findTestObject("ADMIN/Custom Item Fields Page/a_Checkbox/icon_addoptio"), STOP_ON_FAILURE): Object: 'Object Repository/ADMIN/Custom Item Fields Page/a_Checkbox/icon_addoptio' is clicked on

2020-03-19 14:59:47 - [MESSAGE][PASSED] - Object: 'Object Repository/ADMIN/Custom Item Fields Page/a_Checkbox/icon_addoptio' is clicked on

2020-03-19 14:59:47 - [TEST_STEP][PASSED] - click(findTestObject("ADMIN/Custom Item Fields Page/a_Checkbox/icon_addoptio"), STOP_ON_FAILURE): Object: 'Object Repository/ADMIN/Custom Item Fields Page/a_Checkbox/icon_addoptio' is clicked on

2020-03-19 14:59:47 - [MESSAGE][PASSED] - Object: 'Object Repository/ADMIN/Custom Item Fields Page/a_Checkbox/icon_addoptio' is clicked on

2020-03-19 14:59:47 - [TEST_STEP][PASSED] - click(findTestObject("ADMIN/Custom Item Fields Page/a_Checkbox/icon_addoptio"), STOP_ON_FAILURE): Object: 'Object Repository/ADMIN/Custom Item Fields Page/a_Checkbox/icon_addoptio' is clicked on

2020-03-19 14:59:48 - [MESSAGE][PASSED] - Object: 'Object Repository/ADMIN/Custom Item Fields Page/a_Checkbox/icon_addoptio' is clicked on

2020-03-19 14:59:48 - [TEST_STEP][PASSED] - click(findTestObject("ADMIN/Custom Item Fields Page/a_Checkbox/icon_addoptio"), STOP_ON_FAILURE): Object: 'Object Repository/ADMIN/Custom Item Fields Page/a_Checkbox/icon_addoptio' is clicked on

2020-03-19 14:59:48 - [MESSAGE][PASSED] - Object: 'Object Repository/ADMIN/Custom Item Fields Page/a_Checkbox/icon_addoptio' is clicked on

2020-03-19 14:59:48 - [TEST_STEP][PASSED] - click(findTestObject("ADMIN/Custom Item Fields Page/a_Checkbox/icon_addoptio"), STOP_ON_FAILURE): Object: 'Object Repository/ADMIN/Custom Item Fields Page/a_Checkbox/icon_addoptio' is clicked on

2020-03-19 14:59:48 - [MESSAGE][PASSED] - Object: 'Object Repository/ADMIN/Custom Item Fields Page/a_Checkbox/icon_addoptio' is clicked on

2020-03-19 14:59:48 - [TEST_STEP][PASSED] - click(findTestObject("ADMIN/Custom Item Fields Page/a_Checkbox/icon_addoptio"), STOP_ON_FAILURE): Object: 'Object Repository/ADMIN/Custom Item Fields Page/a_Checkbox/icon_addoptio' is clicked on

2020-03-19 14:59:48 - [MESSAGE][PASSED] - Object: 'Object Repository/ADMIN/Custom Item Fields Page/a_Checkbox/icon_addoptio' is clicked on

2020-03-19 14:59:48 - [TEST_STEP][PASSED] - comment("Add Option"): Add Option

2020-03-19 14:59:48 - [MESSAGE][INFO] - Add Option

2020-03-19 14:59:48 - [TEST_STEP][PASSED] - setText(findTestObject("ADMIN/Custom Item Fields Page/a_Checkbox/textfield_opt1"), varCustomFieldName + "DD1"): Text 'allCat_Drop Down_NM1DD1' is set on object 'Object Repository/ADMIN/Custom Item Fields Page/a_Checkbox/textfield_opt1'

2020-03-19 14:59:48 - [MESSAGE][PASSED] - Text 'allCat_Drop Down_NM1DD1' is set on object 'Object Repository/ADMIN/Custom Item Fields Page/a_Checkbox/textfield_opt1'

2020-03-19 14:59:48 - [TEST_STEP][PASSED] - setText(findTestObject("ADMIN/Custom Item Fields Page/a_Checkbox/textfield_opt2"), varCustomFieldName + "DD2"): Text 'allCat_Drop Down_NM1DD2' is set on object 'Object Repository/ADMIN/Custom Item Fields Page/a_Checkbox/textfield_opt2'

2020-03-19 14:59:49 - [MESSAGE][PASSED] - Text 'allCat_Drop Down_NM1DD2' is set on object 'Object Repository/ADMIN/Custom Item Fields Page/a_Checkbox/textfield_opt2'

2020-03-19 14:59:49 - [TEST_STEP][PASSED] - setText(findTestObject("ADMIN/Custom Item Fields Page/a_Checkbox/textfield_option3"), varCustomFieldName + "DD3"): Text 'allCat_Drop Down_NM1DD3' is set on object 'Object Repository/ADMIN/Custom Item Fields Page/a_Checkbox/textfield_option3'

2020-03-19 14:59:49 - [MESSAGE][PASSED] - Text 'allCat_Drop Down_NM1DD3' is set on object 'Object Repository/ADMIN/Custom Item Fields Page/a_Checkbox/textfield_option3'

2020-03-19 14:59:49 - [TEST_STEP][PASSED] - setText(findTestObject("ADMIN/Custom Item Fields Page/a_Checkbox/textfield_option4"), varCustomFieldName + "DD4"): Text 'allCat_Drop Down_NM1DD4' is set on object 'Object Repository/ADMIN/Custom Item Fields Page/a_Checkbox/textfield_option4'

2020-03-19 14:59:49 - [MESSAGE][PASSED] - Text 'allCat_Drop Down_NM1DD4' is set on object 'Object Repository/ADMIN/Custom Item Fields Page/a_Checkbox/textfield_option4'

2020-03-19 14:59:49 - [TEST_STEP][PASSED] - setText(findTestObject("ADMIN/Custom Item Fields Page/a_Checkbox/textfield_option5"), varCustomFieldName + "DD5"): Text 'allCat_Drop Down_NM1DD5' is set on object 'Object Repository/ADMIN/Custom Item Fields Page/a_Checkbox/textfield_option5'

2020-03-19 14:59:50 - [MESSAGE][PASSED] - Text 'allCat_Drop Down_NM1DD5' is set on object 'Object Repository/ADMIN/Custom Item Fields Page/a_Checkbox/textfield_option5'

2020-03-19 14:59:50 - [TEST_STEP][PASSED] - setText(findTestObject("ADMIN/Custom Item Fields Page/a_Checkbox/textfield_option6"), varCustomFieldName + "DD6"): Text 'allCat_Drop Down_NM1DD6' is set on object 'Object Repository/ADMIN/Custom Item Fields Page/a_Checkbox/textfield_option6'

2020-03-19 14:59:50 - [MESSAGE][PASSED] - Text 'allCat_Drop Down_NM1DD6' is set on object 'Object Repository/ADMIN/Custom Item Fields Page/a_Checkbox/textfield_option6'

2020-03-19 14:59:50 - [TEST_STEP][PASSED] - setText(findTestObject("ADMIN/Custom Item Fields Page/a_Checkbox/textfield_option7"), varCustomFieldName + "DD7"): Text 'allCat_Drop Down_NM1DD7' is set on object 'Object Repository/ADMIN/Custom Item Fields Page/a_Checkbox/textfield_option7'

2020-03-19 14:59:51 - [MESSAGE][PASSED] - Text 'allCat_Drop Down_NM1DD7' is set on object 'Object Repository/ADMIN/Custom Item Fields Page/a_Checkbox/textfield_option7'

2020-03-19 14:59:51 - [TEST_STEP][PASSED] - setText(findTestObject("ADMIN/Custom Item Fields Page/a_Checkbox/textfield_option8"), varCustomFieldName + "DD8"): Text 'allCat_Drop Down_NM1DD8' is set on object 'Object Repository/ADMIN/Custom Item Fields Page/a_Checkbox/textfield_option8'

2020-03-19 14:59:51 - [MESSAGE][PASSED] - Text 'allCat_Drop Down_NM1DD8' is set on object 'Object Repository/ADMIN/Custom Item Fields Page/a_Checkbox/textfield_option8'

2020-03-19 14:59:51 - [TEST_STEP][PASSED] - setText(findTestObject("ADMIN/Custom Item Fields Page/a_Checkbox/textfield_option9"), varCustomFieldName + "DD9"): Text 'allCat_Drop Down_NM1DD9' is set on object 'Object Repository/ADMIN/Custom Item Fields Page/a_Checkbox/textfield_option9'

2020-03-19 14:59:51 - [MESSAGE][PASSED] - Text 'allCat_Drop Down_NM1DD9' is set on object 'Object Repository/ADMIN/Custom Item Fields Page/a_Checkbox/textfield_option9'

2020-03-19 14:59:51 - [TEST_STEP][PASSED] - setText(findTestObject("ADMIN/Custom Item Fields Page/a_Checkbox/textfield_option10"), varCustomFieldName + "DD10"): Text 'allCat_Drop Down_NM1DD10' is set on object 'Object Repository/ADMIN/Custom Item Fields Page/a_Checkbox/textfield_option10'

2020-03-19 14:59:52 - [MESSAGE][PASSED] - Text 'allCat_Drop Down_NM1DD10' is set on object 'Object Repository/ADMIN/Custom Item Fields Page/a_Checkbox/textfield_option10'

2020-03-19 14:59:52 - [TEST_STEP][PASSED] - comment("Field Name"): Field Name

2020-03-19 14:59:52 - [MESSAGE][INFO] - Field Name

2020-03-19 14:59:52 - [TEST_STEP][PASSED] - setText(findTestObject("ADMIN/Custom Item Fields Page/a_Default/textfield_fieldname"), varCustomFieldName): Text 'allCat_Drop Down_NM1' is set on object 'Object Repository/ADMIN/Custom Item Fields Page/a_Default/textfield_fieldname'

2020-03-19 14:59:52 - [MESSAGE][PASSED] - Text 'allCat_Drop Down_NM1' is set on object 'Object Repository/ADMIN/Custom Item Fields Page/a_Default/textfield_fieldname'

2020-03-19 14:59:52 - [TEST_STEP][PASSED] - comment("Mandatory/NonMandatory"): Mandatory/NonMandatory

2020-03-19 14:59:52 - [MESSAGE][INFO] - Mandatory/NonMandatory

2020-03-19 14:59:52 - [TEST_STEP][PASSED] - if (varMandatoryNonMandatory == "mandatory"): null

2020-03-19 14:59:52 - [TEST_STEP][PASSED] - else if (varMandatoryNonMandatory == "non-mandatory"): Object: 'Object Repository/ADMIN/Custom Item Fields Page/a_Default/togglebutton_mandatory' is clicked on

2020-03-19 14:59:52 - [TEST_STEP][PASSED] - waitForElementVisible(findTestObject("ADMIN/Custom Item Fields Page/a_Default/togglebutton_mandatory"), 0, CONTINUE_ON_FAILURE): Object 'Object Repository/ADMIN/Custom Item Fields Page/a_Default/togglebutton_mandatory' is visible

2020-03-19 14:59:52 - [MESSAGE][WARNING] - Timeout '0' is invalid. Using default page load timeout: '30'

2020-03-19 14:59:52 - [MESSAGE][PASSED] - Object 'Object Repository/ADMIN/Custom Item Fields Page/a_Default/togglebutton_mandatory' is visible

2020-03-19 14:59:52 - [TEST_STEP][PASSED] - click(findTestObject("ADMIN/Custom Item Fields Page/a_Default/togglebutton_mandatory")): Object: 'Object Repository/ADMIN/Custom Item Fields Page/a_Default/togglebutton_mandatory' is clicked on

2020-03-19 14:59:53 - [MESSAGE][PASSED] - Object: 'Object Repository/ADMIN/Custom Item Fields Page/a_Default/togglebutton_mandatory' is clicked on

2020-03-19 14:59:53 - [TEST_STEP][PASSED] - comment("Assign Category"): Assign Category

2020-03-19 14:59:53 - [MESSAGE][INFO] - Assign Category

2020-03-19 14:59:53 - [TEST_STEP][PASSED] - click(findTestObject("ADMIN/Custom Item Fields Page/a_Default/button_SelectCategories")): Object: 'Object Repository/ADMIN/Custom Item Fields Page/a_Default/button_SelectCategories' is clicked on

2020-03-19 14:59:53 - [MESSAGE][PASSED] - Object: 'Object Repository/ADMIN/Custom Item Fields Page/a_Default/button_SelectCategories' is clicked on

2020-03-19 14:59:53 - [TEST_STEP][PASSED] - waitForElementVisible(findTestObject("ADMIN/Custom Item Fields List Page/a_SelectCategories/searchbox_Category"), 0): Object 'Object Repository/ADMIN/Custom Item Fields List Page/a_SelectCategories/searchbox_Category' is visible

2020-03-19 14:59:53 - [MESSAGE][WARNING] - Timeout '0' is invalid. Using default page load timeout: '30'

2020-03-19 14:59:53 - [MESSAGE][PASSED] - Object 'Object Repository/ADMIN/Custom Item Fields List Page/a_SelectCategories/searchbox_Category' is visible

2020-03-19 14:59:53 - [TEST_STEP][PASSED] - comment("Category Assignment"): Category Assignment

2020-03-19 14:59:53 - [MESSAGE][INFO] - Category Assignment

2020-03-19 14:59:53 - [TEST_STEP][PASSED] - if (varAssignedCategory == "All Cat"): Object: 'Object Repository/ADMIN/Custom Item Fields List Page/a_SelectCategories/linktext_SelectAll' is clicked on

2020-03-19 14:59:53 - [TEST_STEP][PASSED] - waitForElementVisible(findTestObject("ADMIN/Custom Item Fields List Page/a_SelectCategories/linktext_SelectAll"), 0): Object 'Object Repository/ADMIN/Custom Item Fields List Page/a_SelectCategories/linktext_SelectAll' is visible

2020-03-19 14:59:53 - [MESSAGE][WARNING] - Timeout '0' is invalid. Using default page load timeout: '30'

2020-03-19 14:59:54 - [MESSAGE][PASSED] - Object 'Object Repository/ADMIN/Custom Item Fields List Page/a_SelectCategories/linktext_SelectAll' is visible

2020-03-19 14:59:54 - [TEST_STEP][PASSED] - click(findTestObject("ADMIN/Custom Item Fields List Page/a_SelectCategories/linktext_SelectAll"), CONTINUE_ON_FAILURE): Object: 'Object Repository/ADMIN/Custom Item Fields List Page/a_SelectCategories/linktext_SelectAll' is clicked on

2020-03-19 14:59:54 - [MESSAGE][PASSED] - Object: 'Object Repository/ADMIN/Custom Item Fields List Page/a_SelectCategories/linktext_SelectAll' is clicked on

2020-03-19 14:59:54 - [TEST_STEP][PASSED] - click(findTestObject("ADMIN/Custom Item Fields List Page/a_SelectCategories/button_Save"), STOP_ON_FAILURE): Object: 'Object Repository/ADMIN/Custom Item Fields List Page/a_SelectCategories/button_Save' is clicked on

2020-03-19 14:59:54 - [MESSAGE][PASSED] - Object: 'Object Repository/ADMIN/Custom Item Fields List Page/a_SelectCategories/button_Save' is clicked on

2020-03-19 14:59:54 - [TEST_STEP][PASSED] - delay(2, CONTINUE_ON_FAILURE): Delayed 2 second(s)

2020-03-19 14:59:56 - [MESSAGE][PASSED] - Delayed 2 second(s)

2020-03-19 14:59:56 - [TEST_STEP][PASSED] - click(findTestObject("ADMIN/Custom Item Fields Page/a_Default/button_Save1"), STOP_ON_FAILURE): Object: 'Object Repository/ADMIN/Custom Item Fields Page/a_Default/button_Save1' is clicked on

2020-03-19 14:59:56 - [MESSAGE][PASSED] - Object: 'Object Repository/ADMIN/Custom Item Fields Page/a_Default/button_Save1' is clicked on

2020-03-19 14:59:56 - [TEST_STEP][PASSED] - waitForElementVisible(findTestObject("ADMIN/Custom Item Fields List Page/button_Add Field"), 0): Object 'Object Repository/ADMIN/Custom Item Fields List Page/button_Add Field' is visible

2020-03-19 14:59:56 - [MESSAGE][WARNING] - Timeout '0' is invalid. Using default page load timeout: '30'

2020-03-19 14:59:58 - [MESSAGE][PASSED] - Object 'Object Repository/ADMIN/Custom Item Fields List Page/button_Add Field' is visible]]></system-out>
         <system-err><![CDATA[]]></system-err>
      </testcase>
      <testcase name="Test Cases/ADMIN/Custom Fields Page/Add Custom Item Fields/Add_CF_DataDriven" time="11.576" classname="Test Cases/ADMIN/Custom Fields Page/Add Custom Item Fields/Add_CF_DataDriven" status="PASSED">
         <system-out><![CDATA[2020-03-19 14:59:58 - [TEST_CASE][PASSED] - Test Cases/ADMIN/Custom Fields Page/Add Custom Item Fields/Add_CF_DataDriven: Test Cases/ADMIN/Custom Fields Page/Add Custom Item Fields/Add_CF_DataDriven

2020-03-19 14:59:58 - [TEST_STEP][PASSED] - waitForElementVisible(findTestObject("ADMIN/Custom Item Fields List Page/button_Add Field"), 0): Object 'Object Repository/ADMIN/Custom Item Fields List Page/button_Add Field' is visible

2020-03-19 14:59:58 - [MESSAGE][WARNING] - Timeout '0' is invalid. Using default page load timeout: '30'

2020-03-19 14:59:58 - [MESSAGE][PASSED] - Object 'Object Repository/ADMIN/Custom Item Fields List Page/button_Add Field' is visible

2020-03-19 14:59:58 - [TEST_STEP][PASSED] - click(findTestObject("ADMIN/Custom Item Fields List Page/button_Add Field"), STOP_ON_FAILURE): Object: 'Object Repository/ADMIN/Custom Item Fields List Page/button_Add Field' is clicked on

2020-03-19 14:59:58 - [MESSAGE][PASSED] - Object: 'Object Repository/ADMIN/Custom Item Fields List Page/button_Add Field' is clicked on

2020-03-19 14:59:58 - [TEST_STEP][PASSED] - comment("Choose Field Type"): Choose Field Type

2020-03-19 14:59:58 - [MESSAGE][INFO] - Choose Field Type

2020-03-19 14:59:58 - [TEST_STEP][PASSED] - if (varCustomFieldType == "Checkbox"): null

2020-03-19 14:59:58 - [TEST_STEP][PASSED] - else if (varCustomFieldType == "Date / Time picker"): null

2020-03-19 14:59:58 - [TEST_STEP][PASSED] - else if (varCustomFieldType == "Drop Down"): Text 'allCat_Drop Down_NM2DD10' is set on object 'Object Repository/ADMIN/Custom Item Fields Page/a_Checkbox/textfield_option10'

2020-03-19 14:59:58 - [TEST_STEP][PASSED] - waitForElementVisible(findTestObject("ADMIN/Custom Item Fields Page/a_Default/dropdown_fieldtype"), 0, CONTINUE_ON_FAILURE): Object 'Object Repository/ADMIN/Custom Item Fields Page/a_Default/dropdown_fieldtype' is visible

2020-03-19 14:59:59 - [MESSAGE][WARNING] - Timeout '0' is invalid. Using default page load timeout: '30'

2020-03-19 14:59:59 - [MESSAGE][PASSED] - Object 'Object Repository/ADMIN/Custom Item Fields Page/a_Default/dropdown_fieldtype' is visible

2020-03-19 14:59:59 - [TEST_STEP][PASSED] - selectOptionByLabel(findTestObject("ADMIN/Custom Item Fields Page/a_Default/dropdown_fieldtype"), "Drop Down", false): All options with label 'Drop Down' are selected in object 'Object Repository/ADMIN/Custom Item Fields Page/a_Default/dropdown_fieldtype' 

2020-03-19 14:59:59 - [MESSAGE][PASSED] - All options with label 'Drop Down' are selected in object 'Object Repository/ADMIN/Custom Item Fields Page/a_Default/dropdown_fieldtype' 

2020-03-19 14:59:59 - [TEST_STEP][PASSED] - waitForElementVisible(findTestObject("ADMIN/Custom Item Fields Page/a_Checkbox/icon_addoptio"), 0): Object 'Object Repository/ADMIN/Custom Item Fields Page/a_Checkbox/icon_addoptio' is visible

2020-03-19 14:59:59 - [MESSAGE][WARNING] - Timeout '0' is invalid. Using default page load timeout: '30'

2020-03-19 14:59:59 - [MESSAGE][PASSED] - Object 'Object Repository/ADMIN/Custom Item Fields Page/a_Checkbox/icon_addoptio' is visible

2020-03-19 14:59:59 - [TEST_STEP][PASSED] - for ([r = 0, r <= 7, (r++)]): Object: 'Object Repository/ADMIN/Custom Item Fields Page/a_Checkbox/icon_addoptio' is clicked on

2020-03-19 14:59:59 - [TEST_STEP][PASSED] - click(findTestObject("ADMIN/Custom Item Fields Page/a_Checkbox/icon_addoptio"), STOP_ON_FAILURE): Object: 'Object Repository/ADMIN/Custom Item Fields Page/a_Checkbox/icon_addoptio' is clicked on

2020-03-19 14:59:59 - [MESSAGE][PASSED] - Object: 'Object Repository/ADMIN/Custom Item Fields Page/a_Checkbox/icon_addoptio' is clicked on

2020-03-19 14:59:59 - [TEST_STEP][PASSED] - click(findTestObject("ADMIN/Custom Item Fields Page/a_Checkbox/icon_addoptio"), STOP_ON_FAILURE): Object: 'Object Repository/ADMIN/Custom Item Fields Page/a_Checkbox/icon_addoptio' is clicked on

2020-03-19 14:59:59 - [MESSAGE][PASSED] - Object: 'Object Repository/ADMIN/Custom Item Fields Page/a_Checkbox/icon_addoptio' is clicked on

2020-03-19 14:59:59 - [TEST_STEP][PASSED] - click(findTestObject("ADMIN/Custom Item Fields Page/a_Checkbox/icon_addoptio"), STOP_ON_FAILURE): Object: 'Object Repository/ADMIN/Custom Item Fields Page/a_Checkbox/icon_addoptio' is clicked on

2020-03-19 14:59:59 - [MESSAGE][PASSED] - Object: 'Object Repository/ADMIN/Custom Item Fields Page/a_Checkbox/icon_addoptio' is clicked on

2020-03-19 14:59:59 - [TEST_STEP][PASSED] - click(findTestObject("ADMIN/Custom Item Fields Page/a_Checkbox/icon_addoptio"), STOP_ON_FAILURE): Object: 'Object Repository/ADMIN/Custom Item Fields Page/a_Checkbox/icon_addoptio' is clicked on

2020-03-19 15:00:00 - [MESSAGE][PASSED] - Object: 'Object Repository/ADMIN/Custom Item Fields Page/a_Checkbox/icon_addoptio' is clicked on

2020-03-19 15:00:00 - [TEST_STEP][PASSED] - click(findTestObject("ADMIN/Custom Item Fields Page/a_Checkbox/icon_addoptio"), STOP_ON_FAILURE): Object: 'Object Repository/ADMIN/Custom Item Fields Page/a_Checkbox/icon_addoptio' is clicked on

2020-03-19 15:00:00 - [MESSAGE][PASSED] - Object: 'Object Repository/ADMIN/Custom Item Fields Page/a_Checkbox/icon_addoptio' is clicked on

2020-03-19 15:00:00 - [TEST_STEP][PASSED] - click(findTestObject("ADMIN/Custom Item Fields Page/a_Checkbox/icon_addoptio"), STOP_ON_FAILURE): Object: 'Object Repository/ADMIN/Custom Item Fields Page/a_Checkbox/icon_addoptio' is clicked on

2020-03-19 15:00:00 - [MESSAGE][PASSED] - Object: 'Object Repository/ADMIN/Custom Item Fields Page/a_Checkbox/icon_addoptio' is clicked on

2020-03-19 15:00:00 - [TEST_STEP][PASSED] - click(findTestObject("ADMIN/Custom Item Fields Page/a_Checkbox/icon_addoptio"), STOP_ON_FAILURE): Object: 'Object Repository/ADMIN/Custom Item Fields Page/a_Checkbox/icon_addoptio' is clicked on

2020-03-19 15:00:00 - [MESSAGE][PASSED] - Object: 'Object Repository/ADMIN/Custom Item Fields Page/a_Checkbox/icon_addoptio' is clicked on

2020-03-19 15:00:00 - [TEST_STEP][PASSED] - click(findTestObject("ADMIN/Custom Item Fields Page/a_Checkbox/icon_addoptio"), STOP_ON_FAILURE): Object: 'Object Repository/ADMIN/Custom Item Fields Page/a_Checkbox/icon_addoptio' is clicked on

2020-03-19 15:00:00 - [MESSAGE][PASSED] - Object: 'Object Repository/ADMIN/Custom Item Fields Page/a_Checkbox/icon_addoptio' is clicked on

2020-03-19 15:00:00 - [TEST_STEP][PASSED] - comment("Add Option"): Add Option

2020-03-19 15:00:00 - [MESSAGE][INFO] - Add Option

2020-03-19 15:00:00 - [TEST_STEP][PASSED] - setText(findTestObject("ADMIN/Custom Item Fields Page/a_Checkbox/textfield_opt1"), varCustomFieldName + "DD1"): Text 'allCat_Drop Down_NM2DD1' is set on object 'Object Repository/ADMIN/Custom Item Fields Page/a_Checkbox/textfield_opt1'

2020-03-19 15:00:00 - [MESSAGE][PASSED] - Text 'allCat_Drop Down_NM2DD1' is set on object 'Object Repository/ADMIN/Custom Item Fields Page/a_Checkbox/textfield_opt1'

2020-03-19 15:00:00 - [TEST_STEP][PASSED] - setText(findTestObject("ADMIN/Custom Item Fields Page/a_Checkbox/textfield_opt2"), varCustomFieldName + "DD2"): Text 'allCat_Drop Down_NM2DD2' is set on object 'Object Repository/ADMIN/Custom Item Fields Page/a_Checkbox/textfield_opt2'

2020-03-19 15:00:01 - [MESSAGE][PASSED] - Text 'allCat_Drop Down_NM2DD2' is set on object 'Object Repository/ADMIN/Custom Item Fields Page/a_Checkbox/textfield_opt2'

2020-03-19 15:00:01 - [TEST_STEP][PASSED] - setText(findTestObject("ADMIN/Custom Item Fields Page/a_Checkbox/textfield_option3"), varCustomFieldName + "DD3"): Text 'allCat_Drop Down_NM2DD3' is set on object 'Object Repository/ADMIN/Custom Item Fields Page/a_Checkbox/textfield_option3'

2020-03-19 15:00:01 - [MESSAGE][PASSED] - Text 'allCat_Drop Down_NM2DD3' is set on object 'Object Repository/ADMIN/Custom Item Fields Page/a_Checkbox/textfield_option3'

2020-03-19 15:00:01 - [TEST_STEP][PASSED] - setText(findTestObject("ADMIN/Custom Item Fields Page/a_Checkbox/textfield_option4"), varCustomFieldName + "DD4"): Text 'allCat_Drop Down_NM2DD4' is set on object 'Object Repository/ADMIN/Custom Item Fields Page/a_Checkbox/textfield_option4'

2020-03-19 15:00:02 - [MESSAGE][PASSED] - Text 'allCat_Drop Down_NM2DD4' is set on object 'Object Repository/ADMIN/Custom Item Fields Page/a_Checkbox/textfield_option4'

2020-03-19 15:00:02 - [TEST_STEP][PASSED] - setText(findTestObject("ADMIN/Custom Item Fields Page/a_Checkbox/textfield_option5"), varCustomFieldName + "DD5"): Text 'allCat_Drop Down_NM2DD5' is set on object 'Object Repository/ADMIN/Custom Item Fields Page/a_Checkbox/textfield_option5'

2020-03-19 15:00:02 - [MESSAGE][PASSED] - Text 'allCat_Drop Down_NM2DD5' is set on object 'Object Repository/ADMIN/Custom Item Fields Page/a_Checkbox/textfield_option5'

2020-03-19 15:00:02 - [TEST_STEP][PASSED] - setText(findTestObject("ADMIN/Custom Item Fields Page/a_Checkbox/textfield_option6"), varCustomFieldName + "DD6"): Text 'allCat_Drop Down_NM2DD6' is set on object 'Object Repository/ADMIN/Custom Item Fields Page/a_Checkbox/textfield_option6'

2020-03-19 15:00:02 - [MESSAGE][PASSED] - Text 'allCat_Drop Down_NM2DD6' is set on object 'Object Repository/ADMIN/Custom Item Fields Page/a_Checkbox/textfield_option6'

2020-03-19 15:00:02 - [TEST_STEP][PASSED] - setText(findTestObject("ADMIN/Custom Item Fields Page/a_Checkbox/textfield_option7"), varCustomFieldName + "DD7"): Text 'allCat_Drop Down_NM2DD7' is set on object 'Object Repository/ADMIN/Custom Item Fields Page/a_Checkbox/textfield_option7'

2020-03-19 15:00:03 - [MESSAGE][PASSED] - Text 'allCat_Drop Down_NM2DD7' is set on object 'Object Repository/ADMIN/Custom Item Fields Page/a_Checkbox/textfield_option7'

2020-03-19 15:00:03 - [TEST_STEP][PASSED] - setText(findTestObject("ADMIN/Custom Item Fields Page/a_Checkbox/textfield_option8"), varCustomFieldName + "DD8"): Text 'allCat_Drop Down_NM2DD8' is set on object 'Object Repository/ADMIN/Custom Item Fields Page/a_Checkbox/textfield_option8'

2020-03-19 15:00:03 - [MESSAGE][PASSED] - Text 'allCat_Drop Down_NM2DD8' is set on object 'Object Repository/ADMIN/Custom Item Fields Page/a_Checkbox/textfield_option8'

2020-03-19 15:00:03 - [TEST_STEP][PASSED] - setText(findTestObject("ADMIN/Custom Item Fields Page/a_Checkbox/textfield_option9"), varCustomFieldName + "DD9"): Text 'allCat_Drop Down_NM2DD9' is set on object 'Object Repository/ADMIN/Custom Item Fields Page/a_Checkbox/textfield_option9'

2020-03-19 15:00:03 - [MESSAGE][PASSED] - Text 'allCat_Drop Down_NM2DD9' is set on object 'Object Repository/ADMIN/Custom Item Fields Page/a_Checkbox/textfield_option9'

2020-03-19 15:00:03 - [TEST_STEP][PASSED] - setText(findTestObject("ADMIN/Custom Item Fields Page/a_Checkbox/textfield_option10"), varCustomFieldName + "DD10"): Text 'allCat_Drop Down_NM2DD10' is set on object 'Object Repository/ADMIN/Custom Item Fields Page/a_Checkbox/textfield_option10'

2020-03-19 15:00:04 - [MESSAGE][PASSED] - Text 'allCat_Drop Down_NM2DD10' is set on object 'Object Repository/ADMIN/Custom Item Fields Page/a_Checkbox/textfield_option10'

2020-03-19 15:00:04 - [TEST_STEP][PASSED] - comment("Field Name"): Field Name

2020-03-19 15:00:04 - [MESSAGE][INFO] - Field Name

2020-03-19 15:00:04 - [TEST_STEP][PASSED] - setText(findTestObject("ADMIN/Custom Item Fields Page/a_Default/textfield_fieldname"), varCustomFieldName): Text 'allCat_Drop Down_NM2' is set on object 'Object Repository/ADMIN/Custom Item Fields Page/a_Default/textfield_fieldname'

2020-03-19 15:00:04 - [MESSAGE][PASSED] - Text 'allCat_Drop Down_NM2' is set on object 'Object Repository/ADMIN/Custom Item Fields Page/a_Default/textfield_fieldname'

2020-03-19 15:00:04 - [TEST_STEP][PASSED] - comment("Mandatory/NonMandatory"): Mandatory/NonMandatory

2020-03-19 15:00:04 - [MESSAGE][INFO] - Mandatory/NonMandatory

2020-03-19 15:00:04 - [TEST_STEP][PASSED] - if (varMandatoryNonMandatory == "mandatory"): null

2020-03-19 15:00:04 - [TEST_STEP][PASSED] - else if (varMandatoryNonMandatory == "non-mandatory"): Object: 'Object Repository/ADMIN/Custom Item Fields Page/a_Default/togglebutton_mandatory' is clicked on

2020-03-19 15:00:04 - [TEST_STEP][PASSED] - waitForElementVisible(findTestObject("ADMIN/Custom Item Fields Page/a_Default/togglebutton_mandatory"), 0, CONTINUE_ON_FAILURE): Object 'Object Repository/ADMIN/Custom Item Fields Page/a_Default/togglebutton_mandatory' is visible

2020-03-19 15:00:04 - [MESSAGE][WARNING] - Timeout '0' is invalid. Using default page load timeout: '30'

2020-03-19 15:00:04 - [MESSAGE][PASSED] - Object 'Object Repository/ADMIN/Custom Item Fields Page/a_Default/togglebutton_mandatory' is visible

2020-03-19 15:00:04 - [TEST_STEP][PASSED] - click(findTestObject("ADMIN/Custom Item Fields Page/a_Default/togglebutton_mandatory")): Object: 'Object Repository/ADMIN/Custom Item Fields Page/a_Default/togglebutton_mandatory' is clicked on

2020-03-19 15:00:04 - [MESSAGE][PASSED] - Object: 'Object Repository/ADMIN/Custom Item Fields Page/a_Default/togglebutton_mandatory' is clicked on

2020-03-19 15:00:04 - [TEST_STEP][PASSED] - comment("Assign Category"): Assign Category

2020-03-19 15:00:04 - [MESSAGE][INFO] - Assign Category

2020-03-19 15:00:04 - [TEST_STEP][PASSED] - click(findTestObject("ADMIN/Custom Item Fields Page/a_Default/button_SelectCategories")): Object: 'Object Repository/ADMIN/Custom Item Fields Page/a_Default/button_SelectCategories' is clicked on

2020-03-19 15:00:05 - [MESSAGE][PASSED] - Object: 'Object Repository/ADMIN/Custom Item Fields Page/a_Default/button_SelectCategories' is clicked on

2020-03-19 15:00:05 - [TEST_STEP][PASSED] - waitForElementVisible(findTestObject("ADMIN/Custom Item Fields List Page/a_SelectCategories/searchbox_Category"), 0): Object 'Object Repository/ADMIN/Custom Item Fields List Page/a_SelectCategories/searchbox_Category' is visible

2020-03-19 15:00:05 - [MESSAGE][WARNING] - Timeout '0' is invalid. Using default page load timeout: '30'

2020-03-19 15:00:05 - [MESSAGE][PASSED] - Object 'Object Repository/ADMIN/Custom Item Fields List Page/a_SelectCategories/searchbox_Category' is visible

2020-03-19 15:00:05 - [TEST_STEP][PASSED] - comment("Category Assignment"): Category Assignment

2020-03-19 15:00:05 - [MESSAGE][INFO] - Category Assignment

2020-03-19 15:00:05 - [TEST_STEP][PASSED] - if (varAssignedCategory == "All Cat"): Object: 'Object Repository/ADMIN/Custom Item Fields List Page/a_SelectCategories/linktext_SelectAll' is clicked on

2020-03-19 15:00:05 - [TEST_STEP][PASSED] - waitForElementVisible(findTestObject("ADMIN/Custom Item Fields List Page/a_SelectCategories/linktext_SelectAll"), 0): Object 'Object Repository/ADMIN/Custom Item Fields List Page/a_SelectCategories/linktext_SelectAll' is visible

2020-03-19 15:00:05 - [MESSAGE][WARNING] - Timeout '0' is invalid. Using default page load timeout: '30'

2020-03-19 15:00:05 - [MESSAGE][PASSED] - Object 'Object Repository/ADMIN/Custom Item Fields List Page/a_SelectCategories/linktext_SelectAll' is visible

2020-03-19 15:00:05 - [TEST_STEP][PASSED] - click(findTestObject("ADMIN/Custom Item Fields List Page/a_SelectCategories/linktext_SelectAll"), CONTINUE_ON_FAILURE): Object: 'Object Repository/ADMIN/Custom Item Fields List Page/a_SelectCategories/linktext_SelectAll' is clicked on

2020-03-19 15:00:05 - [MESSAGE][PASSED] - Object: 'Object Repository/ADMIN/Custom Item Fields List Page/a_SelectCategories/linktext_SelectAll' is clicked on

2020-03-19 15:00:05 - [TEST_STEP][PASSED] - click(findTestObject("ADMIN/Custom Item Fields List Page/a_SelectCategories/button_Save"), STOP_ON_FAILURE): Object: 'Object Repository/ADMIN/Custom Item Fields List Page/a_SelectCategories/button_Save' is clicked on

2020-03-19 15:00:06 - [MESSAGE][PASSED] - Object: 'Object Repository/ADMIN/Custom Item Fields List Page/a_SelectCategories/button_Save' is clicked on

2020-03-19 15:00:06 - [TEST_STEP][PASSED] - delay(2, CONTINUE_ON_FAILURE): Delayed 2 second(s)

2020-03-19 15:00:08 - [MESSAGE][PASSED] - Delayed 2 second(s)

2020-03-19 15:00:08 - [TEST_STEP][PASSED] - click(findTestObject("ADMIN/Custom Item Fields Page/a_Default/button_Save1"), STOP_ON_FAILURE): Object: 'Object Repository/ADMIN/Custom Item Fields Page/a_Default/button_Save1' is clicked on

2020-03-19 15:00:08 - [MESSAGE][PASSED] - Object: 'Object Repository/ADMIN/Custom Item Fields Page/a_Default/button_Save1' is clicked on

2020-03-19 15:00:08 - [TEST_STEP][PASSED] - waitForElementVisible(findTestObject("ADMIN/Custom Item Fields List Page/button_Add Field"), 0): Object 'Object Repository/ADMIN/Custom Item Fields List Page/button_Add Field' is visible

2020-03-19 15:00:08 - [MESSAGE][WARNING] - Timeout '0' is invalid. Using default page load timeout: '30'

2020-03-19 15:00:09 - [MESSAGE][PASSED] - Object 'Object Repository/ADMIN/Custom Item Fields List Page/button_Add Field' is visible]]></system-out>
         <system-err><![CDATA[]]></system-err>
      </testcase>
      <testcase name="Test Cases/ADMIN/Custom Fields Page/Add Custom Item Fields/Add_CF_DataDriven" time="7.043" classname="Test Cases/ADMIN/Custom Fields Page/Add Custom Item Fields/Add_CF_DataDriven" status="PASSED">
         <system-out><![CDATA[2020-03-19 15:00:09 - [TEST_CASE][PASSED] - Test Cases/ADMIN/Custom Fields Page/Add Custom Item Fields/Add_CF_DataDriven: Test Cases/ADMIN/Custom Fields Page/Add Custom Item Fields/Add_CF_DataDriven

2020-03-19 15:00:09 - [TEST_STEP][PASSED] - waitForElementVisible(findTestObject("ADMIN/Custom Item Fields List Page/button_Add Field"), 0): Object 'Object Repository/ADMIN/Custom Item Fields List Page/button_Add Field' is visible

2020-03-19 15:00:09 - [MESSAGE][WARNING] - Timeout '0' is invalid. Using default page load timeout: '30'

2020-03-19 15:00:10 - [MESSAGE][PASSED] - Object 'Object Repository/ADMIN/Custom Item Fields List Page/button_Add Field' is visible

2020-03-19 15:00:10 - [TEST_STEP][PASSED] - click(findTestObject("ADMIN/Custom Item Fields List Page/button_Add Field"), STOP_ON_FAILURE): Object: 'Object Repository/ADMIN/Custom Item Fields List Page/button_Add Field' is clicked on

2020-03-19 15:00:11 - [MESSAGE][PASSED] - Object: 'Object Repository/ADMIN/Custom Item Fields List Page/button_Add Field' is clicked on

2020-03-19 15:00:11 - [TEST_STEP][PASSED] - comment("Choose Field Type"): Choose Field Type

2020-03-19 15:00:11 - [MESSAGE][INFO] - Choose Field Type

2020-03-19 15:00:11 - [TEST_STEP][PASSED] - if (varCustomFieldType == "Checkbox"): null

2020-03-19 15:00:11 - [TEST_STEP][PASSED] - else if (varCustomFieldType == "Date / Time picker"): null

2020-03-19 15:00:11 - [TEST_STEP][PASSED] - else if (varCustomFieldType == "Drop Down"): null

2020-03-19 15:00:11 - [TEST_STEP][PASSED] - else if (varCustomFieldType == "Email"): null

2020-03-19 15:00:11 - [TEST_STEP][PASSED] - else if (varCustomFieldType == "Embed Video"): null

2020-03-19 15:00:11 - [TEST_STEP][PASSED] - else if (varCustomFieldType == "Hyperlink / URL"): null

2020-03-19 15:00:11 - [TEST_STEP][PASSED] - else if (varCustomFieldType == "Location"): All options with label 'Location' are selected in object 'Object Repository/ADMIN/Custom Item Fields Page/a_Default/dropdown_fieldtype' 

2020-03-19 15:00:11 - [TEST_STEP][PASSED] - waitForElementVisible(findTestObject("ADMIN/Custom Item Fields Page/a_Default/dropdown_fieldtype"), 0, CONTINUE_ON_FAILURE): Object 'Object Repository/ADMIN/Custom Item Fields Page/a_Default/dropdown_fieldtype' is visible

2020-03-19 15:00:11 - [MESSAGE][WARNING] - Timeout '0' is invalid. Using default page load timeout: '30'

2020-03-19 15:00:11 - [MESSAGE][PASSED] - Object 'Object Repository/ADMIN/Custom Item Fields Page/a_Default/dropdown_fieldtype' is visible

2020-03-19 15:00:11 - [TEST_STEP][PASSED] - selectOptionByLabel(findTestObject("ADMIN/Custom Item Fields Page/a_Default/dropdown_fieldtype"), "Location", false): All options with label 'Location' are selected in object 'Object Repository/ADMIN/Custom Item Fields Page/a_Default/dropdown_fieldtype' 

2020-03-19 15:00:11 - [MESSAGE][PASSED] - All options with label 'Location' are selected in object 'Object Repository/ADMIN/Custom Item Fields Page/a_Default/dropdown_fieldtype' 

2020-03-19 15:00:11 - [TEST_STEP][PASSED] - comment("Field Name"): Field Name

2020-03-19 15:00:11 - [MESSAGE][INFO] - Field Name

2020-03-19 15:00:11 - [TEST_STEP][PASSED] - setText(findTestObject("ADMIN/Custom Item Fields Page/a_Default/textfield_fieldname"), varCustomFieldName): Text 'allCat_Location_NM' is set on object 'Object Repository/ADMIN/Custom Item Fields Page/a_Default/textfield_fieldname'

2020-03-19 15:00:11 - [MESSAGE][PASSED] - Text 'allCat_Location_NM' is set on object 'Object Repository/ADMIN/Custom Item Fields Page/a_Default/textfield_fieldname'

2020-03-19 15:00:11 - [TEST_STEP][PASSED] - comment("Mandatory/NonMandatory"): Mandatory/NonMandatory

2020-03-19 15:00:11 - [MESSAGE][INFO] - Mandatory/NonMandatory

2020-03-19 15:00:11 - [TEST_STEP][PASSED] - if (varMandatoryNonMandatory == "mandatory"): null

2020-03-19 15:00:11 - [TEST_STEP][PASSED] - else if (varMandatoryNonMandatory == "non-mandatory"): Object: 'Object Repository/ADMIN/Custom Item Fields Page/a_Default/togglebutton_mandatory' is clicked on

2020-03-19 15:00:11 - [TEST_STEP][PASSED] - waitForElementVisible(findTestObject("ADMIN/Custom Item Fields Page/a_Default/togglebutton_mandatory"), 0, CONTINUE_ON_FAILURE): Object 'Object Repository/ADMIN/Custom Item Fields Page/a_Default/togglebutton_mandatory' is visible

2020-03-19 15:00:11 - [MESSAGE][WARNING] - Timeout '0' is invalid. Using default page load timeout: '30'

2020-03-19 15:00:11 - [MESSAGE][PASSED] - Object 'Object Repository/ADMIN/Custom Item Fields Page/a_Default/togglebutton_mandatory' is visible

2020-03-19 15:00:11 - [TEST_STEP][PASSED] - click(findTestObject("ADMIN/Custom Item Fields Page/a_Default/togglebutton_mandatory")): Object: 'Object Repository/ADMIN/Custom Item Fields Page/a_Default/togglebutton_mandatory' is clicked on

2020-03-19 15:00:11 - [MESSAGE][PASSED] - Object: 'Object Repository/ADMIN/Custom Item Fields Page/a_Default/togglebutton_mandatory' is clicked on

2020-03-19 15:00:11 - [TEST_STEP][PASSED] - comment("Assign Category"): Assign Category

2020-03-19 15:00:11 - [MESSAGE][INFO] - Assign Category

2020-03-19 15:00:11 - [TEST_STEP][PASSED] - click(findTestObject("ADMIN/Custom Item Fields Page/a_Default/button_SelectCategories")): Object: 'Object Repository/ADMIN/Custom Item Fields Page/a_Default/button_SelectCategories' is clicked on

2020-03-19 15:00:12 - [MESSAGE][PASSED] - Object: 'Object Repository/ADMIN/Custom Item Fields Page/a_Default/button_SelectCategories' is clicked on

2020-03-19 15:00:12 - [TEST_STEP][PASSED] - waitForElementVisible(findTestObject("ADMIN/Custom Item Fields List Page/a_SelectCategories/searchbox_Category"), 0): Object 'Object Repository/ADMIN/Custom Item Fields List Page/a_SelectCategories/searchbox_Category' is visible

2020-03-19 15:00:12 - [MESSAGE][WARNING] - Timeout '0' is invalid. Using default page load timeout: '30'

2020-03-19 15:00:12 - [MESSAGE][PASSED] - Object 'Object Repository/ADMIN/Custom Item Fields List Page/a_SelectCategories/searchbox_Category' is visible

2020-03-19 15:00:12 - [TEST_STEP][PASSED] - comment("Category Assignment"): Category Assignment

2020-03-19 15:00:12 - [MESSAGE][INFO] - Category Assignment

2020-03-19 15:00:12 - [TEST_STEP][PASSED] - if (varAssignedCategory == "All Cat"): Object: 'Object Repository/ADMIN/Custom Item Fields List Page/a_SelectCategories/linktext_SelectAll' is clicked on

2020-03-19 15:00:12 - [TEST_STEP][PASSED] - waitForElementVisible(findTestObject("ADMIN/Custom Item Fields List Page/a_SelectCategories/linktext_SelectAll"), 0): Object 'Object Repository/ADMIN/Custom Item Fields List Page/a_SelectCategories/linktext_SelectAll' is visible

2020-03-19 15:00:12 - [MESSAGE][WARNING] - Timeout '0' is invalid. Using default page load timeout: '30'

2020-03-19 15:00:12 - [MESSAGE][PASSED] - Object 'Object Repository/ADMIN/Custom Item Fields List Page/a_SelectCategories/linktext_SelectAll' is visible

2020-03-19 15:00:12 - [TEST_STEP][PASSED] - click(findTestObject("ADMIN/Custom Item Fields List Page/a_SelectCategories/linktext_SelectAll"), CONTINUE_ON_FAILURE): Object: 'Object Repository/ADMIN/Custom Item Fields List Page/a_SelectCategories/linktext_SelectAll' is clicked on

2020-03-19 15:00:12 - [MESSAGE][PASSED] - Object: 'Object Repository/ADMIN/Custom Item Fields List Page/a_SelectCategories/linktext_SelectAll' is clicked on

2020-03-19 15:00:12 - [TEST_STEP][PASSED] - click(findTestObject("ADMIN/Custom Item Fields List Page/a_SelectCategories/button_Save"), STOP_ON_FAILURE): Object: 'Object Repository/ADMIN/Custom Item Fields List Page/a_SelectCategories/button_Save' is clicked on

2020-03-19 15:00:13 - [MESSAGE][PASSED] - Object: 'Object Repository/ADMIN/Custom Item Fields List Page/a_SelectCategories/button_Save' is clicked on

2020-03-19 15:00:13 - [TEST_STEP][PASSED] - delay(2, CONTINUE_ON_FAILURE): Delayed 2 second(s)

2020-03-19 15:00:15 - [MESSAGE][PASSED] - Delayed 2 second(s)

2020-03-19 15:00:15 - [TEST_STEP][PASSED] - click(findTestObject("ADMIN/Custom Item Fields Page/a_Default/button_Save1"), STOP_ON_FAILURE): Object: 'Object Repository/ADMIN/Custom Item Fields Page/a_Default/button_Save1' is clicked on

2020-03-19 15:00:15 - [MESSAGE][PASSED] - Object: 'Object Repository/ADMIN/Custom Item Fields Page/a_Default/button_Save1' is clicked on

2020-03-19 15:00:15 - [TEST_STEP][PASSED] - waitForElementVisible(findTestObject("ADMIN/Custom Item Fields List Page/button_Add Field"), 0): Object 'Object Repository/ADMIN/Custom Item Fields List Page/button_Add Field' is visible

2020-03-19 15:00:15 - [MESSAGE][WARNING] - Timeout '0' is invalid. Using default page load timeout: '30'

2020-03-19 15:00:16 - [MESSAGE][PASSED] - Object 'Object Repository/ADMIN/Custom Item Fields List Page/button_Add Field' is visible]]></system-out>
         <system-err><![CDATA[]]></system-err>
      </testcase>
      <testcase name="Test Cases/ADMIN/Custom Fields Page/Add Custom Item Fields/Add_CF_DataDriven" time="7.137" classname="Test Cases/ADMIN/Custom Fields Page/Add Custom Item Fields/Add_CF_DataDriven" status="PASSED">
         <system-out><![CDATA[2020-03-19 15:00:16 - [TEST_CASE][PASSED] - Test Cases/ADMIN/Custom Fields Page/Add Custom Item Fields/Add_CF_DataDriven: Test Cases/ADMIN/Custom Fields Page/Add Custom Item Fields/Add_CF_DataDriven

2020-03-19 15:00:16 - [TEST_STEP][PASSED] - waitForElementVisible(findTestObject("ADMIN/Custom Item Fields List Page/button_Add Field"), 0): Object 'Object Repository/ADMIN/Custom Item Fields List Page/button_Add Field' is visible

2020-03-19 15:00:16 - [MESSAGE][WARNING] - Timeout '0' is invalid. Using default page load timeout: '30'

2020-03-19 15:00:17 - [MESSAGE][PASSED] - Object 'Object Repository/ADMIN/Custom Item Fields List Page/button_Add Field' is visible

2020-03-19 15:00:17 - [TEST_STEP][PASSED] - click(findTestObject("ADMIN/Custom Item Fields List Page/button_Add Field"), STOP_ON_FAILURE): Object: 'Object Repository/ADMIN/Custom Item Fields List Page/button_Add Field' is clicked on

2020-03-19 15:00:18 - [MESSAGE][PASSED] - Object: 'Object Repository/ADMIN/Custom Item Fields List Page/button_Add Field' is clicked on

2020-03-19 15:00:18 - [TEST_STEP][PASSED] - comment("Choose Field Type"): Choose Field Type

2020-03-19 15:00:18 - [MESSAGE][INFO] - Choose Field Type

2020-03-19 15:00:18 - [TEST_STEP][PASSED] - if (varCustomFieldType == "Checkbox"): null

2020-03-19 15:00:18 - [TEST_STEP][PASSED] - else if (varCustomFieldType == "Date / Time picker"): null

2020-03-19 15:00:18 - [TEST_STEP][PASSED] - else if (varCustomFieldType == "Drop Down"): null

2020-03-19 15:00:18 - [TEST_STEP][PASSED] - else if (varCustomFieldType == "Email"): null

2020-03-19 15:00:18 - [TEST_STEP][PASSED] - else if (varCustomFieldType == "Embed Video"): null

2020-03-19 15:00:18 - [TEST_STEP][PASSED] - else if (varCustomFieldType == "Hyperlink / URL"): null

2020-03-19 15:00:18 - [TEST_STEP][PASSED] - else if (varCustomFieldType == "Location"): null

2020-03-19 15:00:18 - [TEST_STEP][PASSED] - else if (varCustomFieldType == "Number"): null

2020-03-19 15:00:18 - [TEST_STEP][PASSED] - else if (varCustomFieldType == "PDF File"): All options with label 'PDF File' are selected in object 'Object Repository/ADMIN/Custom Item Fields Page/a_Default/dropdown_fieldtype' 

2020-03-19 15:00:18 - [TEST_STEP][PASSED] - waitForElementVisible(findTestObject("ADMIN/Custom Item Fields Page/a_Default/dropdown_fieldtype"), 0, CONTINUE_ON_FAILURE): Object 'Object Repository/ADMIN/Custom Item Fields Page/a_Default/dropdown_fieldtype' is visible

2020-03-19 15:00:18 - [MESSAGE][WARNING] - Timeout '0' is invalid. Using default page load timeout: '30'

2020-03-19 15:00:18 - [MESSAGE][PASSED] - Object 'Object Repository/ADMIN/Custom Item Fields Page/a_Default/dropdown_fieldtype' is visible

2020-03-19 15:00:18 - [TEST_STEP][PASSED] - selectOptionByLabel(findTestObject("ADMIN/Custom Item Fields Page/a_Default/dropdown_fieldtype"), "PDF File", false): All options with label 'PDF File' are selected in object 'Object Repository/ADMIN/Custom Item Fields Page/a_Default/dropdown_fieldtype' 

2020-03-19 15:00:18 - [MESSAGE][PASSED] - All options with label 'PDF File' are selected in object 'Object Repository/ADMIN/Custom Item Fields Page/a_Default/dropdown_fieldtype' 

2020-03-19 15:00:18 - [TEST_STEP][PASSED] - comment("Field Name"): Field Name

2020-03-19 15:00:18 - [MESSAGE][INFO] - Field Name

2020-03-19 15:00:18 - [TEST_STEP][PASSED] - setText(findTestObject("ADMIN/Custom Item Fields Page/a_Default/textfield_fieldname"), varCustomFieldName): Text 'allCat_PDF File_NM' is set on object 'Object Repository/ADMIN/Custom Item Fields Page/a_Default/textfield_fieldname'

2020-03-19 15:00:18 - [MESSAGE][PASSED] - Text 'allCat_PDF File_NM' is set on object 'Object Repository/ADMIN/Custom Item Fields Page/a_Default/textfield_fieldname'

2020-03-19 15:00:18 - [TEST_STEP][PASSED] - comment("Mandatory/NonMandatory"): Mandatory/NonMandatory

2020-03-19 15:00:18 - [MESSAGE][INFO] - Mandatory/NonMandatory

2020-03-19 15:00:18 - [TEST_STEP][PASSED] - if (varMandatoryNonMandatory == "mandatory"): null

2020-03-19 15:00:18 - [TEST_STEP][PASSED] - else if (varMandatoryNonMandatory == "non-mandatory"): Object: 'Object Repository/ADMIN/Custom Item Fields Page/a_Default/togglebutton_mandatory' is clicked on

2020-03-19 15:00:18 - [TEST_STEP][PASSED] - waitForElementVisible(findTestObject("ADMIN/Custom Item Fields Page/a_Default/togglebutton_mandatory"), 0, CONTINUE_ON_FAILURE): Object 'Object Repository/ADMIN/Custom Item Fields Page/a_Default/togglebutton_mandatory' is visible

2020-03-19 15:00:19 - [MESSAGE][WARNING] - Timeout '0' is invalid. Using default page load timeout: '30'

2020-03-19 15:00:19 - [MESSAGE][PASSED] - Object 'Object Repository/ADMIN/Custom Item Fields Page/a_Default/togglebutton_mandatory' is visible

2020-03-19 15:00:19 - [TEST_STEP][PASSED] - click(findTestObject("ADMIN/Custom Item Fields Page/a_Default/togglebutton_mandatory")): Object: 'Object Repository/ADMIN/Custom Item Fields Page/a_Default/togglebutton_mandatory' is clicked on

2020-03-19 15:00:19 - [MESSAGE][PASSED] - Object: 'Object Repository/ADMIN/Custom Item Fields Page/a_Default/togglebutton_mandatory' is clicked on

2020-03-19 15:00:19 - [TEST_STEP][PASSED] - comment("Assign Category"): Assign Category

2020-03-19 15:00:19 - [MESSAGE][INFO] - Assign Category

2020-03-19 15:00:19 - [TEST_STEP][PASSED] - click(findTestObject("ADMIN/Custom Item Fields Page/a_Default/button_SelectCategories")): Object: 'Object Repository/ADMIN/Custom Item Fields Page/a_Default/button_SelectCategories' is clicked on

2020-03-19 15:00:19 - [MESSAGE][PASSED] - Object: 'Object Repository/ADMIN/Custom Item Fields Page/a_Default/button_SelectCategories' is clicked on

2020-03-19 15:00:19 - [TEST_STEP][PASSED] - waitForElementVisible(findTestObject("ADMIN/Custom Item Fields List Page/a_SelectCategories/searchbox_Category"), 0): Object 'Object Repository/ADMIN/Custom Item Fields List Page/a_SelectCategories/searchbox_Category' is visible

2020-03-19 15:00:19 - [MESSAGE][WARNING] - Timeout '0' is invalid. Using default page load timeout: '30'

2020-03-19 15:00:20 - [MESSAGE][PASSED] - Object 'Object Repository/ADMIN/Custom Item Fields List Page/a_SelectCategories/searchbox_Category' is visible

2020-03-19 15:00:20 - [TEST_STEP][PASSED] - comment("Category Assignment"): Category Assignment

2020-03-19 15:00:20 - [MESSAGE][INFO] - Category Assignment

2020-03-19 15:00:20 - [TEST_STEP][PASSED] - if (varAssignedCategory == "All Cat"): Object: 'Object Repository/ADMIN/Custom Item Fields List Page/a_SelectCategories/linktext_SelectAll' is clicked on

2020-03-19 15:00:20 - [TEST_STEP][PASSED] - waitForElementVisible(findTestObject("ADMIN/Custom Item Fields List Page/a_SelectCategories/linktext_SelectAll"), 0): Object 'Object Repository/ADMIN/Custom Item Fields List Page/a_SelectCategories/linktext_SelectAll' is visible

2020-03-19 15:00:20 - [MESSAGE][WARNING] - Timeout '0' is invalid. Using default page load timeout: '30'

2020-03-19 15:00:20 - [MESSAGE][PASSED] - Object 'Object Repository/ADMIN/Custom Item Fields List Page/a_SelectCategories/linktext_SelectAll' is visible

2020-03-19 15:00:20 - [TEST_STEP][PASSED] - click(findTestObject("ADMIN/Custom Item Fields List Page/a_SelectCategories/linktext_SelectAll"), CONTINUE_ON_FAILURE): Object: 'Object Repository/ADMIN/Custom Item Fields List Page/a_SelectCategories/linktext_SelectAll' is clicked on

2020-03-19 15:00:20 - [MESSAGE][PASSED] - Object: 'Object Repository/ADMIN/Custom Item Fields List Page/a_SelectCategories/linktext_SelectAll' is clicked on

2020-03-19 15:00:20 - [TEST_STEP][PASSED] - click(findTestObject("ADMIN/Custom Item Fields List Page/a_SelectCategories/button_Save"), STOP_ON_FAILURE): Object: 'Object Repository/ADMIN/Custom Item Fields List Page/a_SelectCategories/button_Save' is clicked on

2020-03-19 15:00:20 - [MESSAGE][PASSED] - Object: 'Object Repository/ADMIN/Custom Item Fields List Page/a_SelectCategories/button_Save' is clicked on

2020-03-19 15:00:20 - [TEST_STEP][PASSED] - delay(2, CONTINUE_ON_FAILURE): Delayed 2 second(s)

2020-03-19 15:00:22 - [MESSAGE][PASSED] - Delayed 2 second(s)

2020-03-19 15:00:22 - [TEST_STEP][PASSED] - click(findTestObject("ADMIN/Custom Item Fields Page/a_Default/button_Save1"), STOP_ON_FAILURE): Object: 'Object Repository/ADMIN/Custom Item Fields Page/a_Default/button_Save1' is clicked on

2020-03-19 15:00:22 - [MESSAGE][PASSED] - Object: 'Object Repository/ADMIN/Custom Item Fields Page/a_Default/button_Save1' is clicked on

2020-03-19 15:00:22 - [TEST_STEP][PASSED] - waitForElementVisible(findTestObject("ADMIN/Custom Item Fields List Page/button_Add Field"), 0): Object 'Object Repository/ADMIN/Custom Item Fields List Page/button_Add Field' is visible

2020-03-19 15:00:22 - [MESSAGE][WARNING] - Timeout '0' is invalid. Using default page load timeout: '30'

2020-03-19 15:00:23 - [MESSAGE][PASSED] - Object 'Object Repository/ADMIN/Custom Item Fields List Page/button_Add Field' is visible]]></system-out>
         <system-err><![CDATA[]]></system-err>
      </testcase>
      <testcase name="Test Cases/ADMIN/Custom Fields Page/Add Custom Item Fields/Add_CF_DataDriven" time="7.198" classname="Test Cases/ADMIN/Custom Fields Page/Add Custom Item Fields/Add_CF_DataDriven" status="PASSED">
         <system-out><![CDATA[2020-03-19 15:00:24 - [TEST_CASE][PASSED] - Test Cases/ADMIN/Custom Fields Page/Add Custom Item Fields/Add_CF_DataDriven: Test Cases/ADMIN/Custom Fields Page/Add Custom Item Fields/Add_CF_DataDriven

2020-03-19 15:00:24 - [TEST_STEP][PASSED] - waitForElementVisible(findTestObject("ADMIN/Custom Item Fields List Page/button_Add Field"), 0): Object 'Object Repository/ADMIN/Custom Item Fields List Page/button_Add Field' is visible

2020-03-19 15:00:24 - [MESSAGE][WARNING] - Timeout '0' is invalid. Using default page load timeout: '30'

2020-03-19 15:00:24 - [MESSAGE][PASSED] - Object 'Object Repository/ADMIN/Custom Item Fields List Page/button_Add Field' is visible

2020-03-19 15:00:24 - [TEST_STEP][PASSED] - click(findTestObject("ADMIN/Custom Item Fields List Page/button_Add Field"), STOP_ON_FAILURE): Object: 'Object Repository/ADMIN/Custom Item Fields List Page/button_Add Field' is clicked on

2020-03-19 15:00:25 - [MESSAGE][PASSED] - Object: 'Object Repository/ADMIN/Custom Item Fields List Page/button_Add Field' is clicked on

2020-03-19 15:00:25 - [TEST_STEP][PASSED] - comment("Choose Field Type"): Choose Field Type

2020-03-19 15:00:25 - [MESSAGE][INFO] - Choose Field Type

2020-03-19 15:00:25 - [TEST_STEP][PASSED] - if (varCustomFieldType == "Checkbox"): null

2020-03-19 15:00:25 - [TEST_STEP][PASSED] - else if (varCustomFieldType == "Date / Time picker"): null

2020-03-19 15:00:25 - [TEST_STEP][PASSED] - else if (varCustomFieldType == "Drop Down"): null

2020-03-19 15:00:25 - [TEST_STEP][PASSED] - else if (varCustomFieldType == "Email"): null

2020-03-19 15:00:25 - [TEST_STEP][PASSED] - else if (varCustomFieldType == "Embed Video"): All options with label 'Embed Video' are selected in object 'Object Repository/ADMIN/Custom Item Fields Page/a_Default/dropdown_fieldtype' 

2020-03-19 15:00:25 - [TEST_STEP][PASSED] - waitForElementVisible(findTestObject("ADMIN/Custom Item Fields Page/a_Default/dropdown_fieldtype"), 0, CONTINUE_ON_FAILURE): Object 'Object Repository/ADMIN/Custom Item Fields Page/a_Default/dropdown_fieldtype' is visible

2020-03-19 15:00:25 - [MESSAGE][WARNING] - Timeout '0' is invalid. Using default page load timeout: '30'

2020-03-19 15:00:25 - [MESSAGE][PASSED] - Object 'Object Repository/ADMIN/Custom Item Fields Page/a_Default/dropdown_fieldtype' is visible

2020-03-19 15:00:25 - [TEST_STEP][PASSED] - selectOptionByLabel(findTestObject("ADMIN/Custom Item Fields Page/a_Default/dropdown_fieldtype"), "Embed Video", false): All options with label 'Embed Video' are selected in object 'Object Repository/ADMIN/Custom Item Fields Page/a_Default/dropdown_fieldtype' 

2020-03-19 15:00:25 - [MESSAGE][PASSED] - All options with label 'Embed Video' are selected in object 'Object Repository/ADMIN/Custom Item Fields Page/a_Default/dropdown_fieldtype' 

2020-03-19 15:00:25 - [TEST_STEP][PASSED] - comment("Field Name"): Field Name

2020-03-19 15:00:25 - [MESSAGE][INFO] - Field Name

2020-03-19 15:00:25 - [TEST_STEP][PASSED] - setText(findTestObject("ADMIN/Custom Item Fields Page/a_Default/textfield_fieldname"), varCustomFieldName): Text 'allCat_Video_NM' is set on object 'Object Repository/ADMIN/Custom Item Fields Page/a_Default/textfield_fieldname'

2020-03-19 15:00:26 - [MESSAGE][PASSED] - Text 'allCat_Video_NM' is set on object 'Object Repository/ADMIN/Custom Item Fields Page/a_Default/textfield_fieldname'

2020-03-19 15:00:26 - [TEST_STEP][PASSED] - comment("Mandatory/NonMandatory"): Mandatory/NonMandatory

2020-03-19 15:00:26 - [MESSAGE][INFO] - Mandatory/NonMandatory

2020-03-19 15:00:26 - [TEST_STEP][PASSED] - if (varMandatoryNonMandatory == "mandatory"): null

2020-03-19 15:00:26 - [TEST_STEP][PASSED] - else if (varMandatoryNonMandatory == "non-mandatory"): Object: 'Object Repository/ADMIN/Custom Item Fields Page/a_Default/togglebutton_mandatory' is clicked on

2020-03-19 15:00:26 - [TEST_STEP][PASSED] - waitForElementVisible(findTestObject("ADMIN/Custom Item Fields Page/a_Default/togglebutton_mandatory"), 0, CONTINUE_ON_FAILURE): Object 'Object Repository/ADMIN/Custom Item Fields Page/a_Default/togglebutton_mandatory' is visible

2020-03-19 15:00:26 - [MESSAGE][WARNING] - Timeout '0' is invalid. Using default page load timeout: '30'

2020-03-19 15:00:26 - [MESSAGE][PASSED] - Object 'Object Repository/ADMIN/Custom Item Fields Page/a_Default/togglebutton_mandatory' is visible

2020-03-19 15:00:26 - [TEST_STEP][PASSED] - click(findTestObject("ADMIN/Custom Item Fields Page/a_Default/togglebutton_mandatory")): Object: 'Object Repository/ADMIN/Custom Item Fields Page/a_Default/togglebutton_mandatory' is clicked on

2020-03-19 15:00:26 - [MESSAGE][PASSED] - Object: 'Object Repository/ADMIN/Custom Item Fields Page/a_Default/togglebutton_mandatory' is clicked on

2020-03-19 15:00:26 - [TEST_STEP][PASSED] - comment("Assign Category"): Assign Category

2020-03-19 15:00:26 - [MESSAGE][INFO] - Assign Category

2020-03-19 15:00:26 - [TEST_STEP][PASSED] - click(findTestObject("ADMIN/Custom Item Fields Page/a_Default/button_SelectCategories")): Object: 'Object Repository/ADMIN/Custom Item Fields Page/a_Default/button_SelectCategories' is clicked on

2020-03-19 15:00:26 - [MESSAGE][PASSED] - Object: 'Object Repository/ADMIN/Custom Item Fields Page/a_Default/button_SelectCategories' is clicked on

2020-03-19 15:00:26 - [TEST_STEP][PASSED] - waitForElementVisible(findTestObject("ADMIN/Custom Item Fields List Page/a_SelectCategories/searchbox_Category"), 0): Object 'Object Repository/ADMIN/Custom Item Fields List Page/a_SelectCategories/searchbox_Category' is visible

2020-03-19 15:00:26 - [MESSAGE][WARNING] - Timeout '0' is invalid. Using default page load timeout: '30'

2020-03-19 15:00:27 - [MESSAGE][PASSED] - Object 'Object Repository/ADMIN/Custom Item Fields List Page/a_SelectCategories/searchbox_Category' is visible

2020-03-19 15:00:27 - [TEST_STEP][PASSED] - comment("Category Assignment"): Category Assignment

2020-03-19 15:00:27 - [MESSAGE][INFO] - Category Assignment

2020-03-19 15:00:27 - [TEST_STEP][PASSED] - if (varAssignedCategory == "All Cat"): Object: 'Object Repository/ADMIN/Custom Item Fields List Page/a_SelectCategories/linktext_SelectAll' is clicked on

2020-03-19 15:00:27 - [TEST_STEP][PASSED] - waitForElementVisible(findTestObject("ADMIN/Custom Item Fields List Page/a_SelectCategories/linktext_SelectAll"), 0): Object 'Object Repository/ADMIN/Custom Item Fields List Page/a_SelectCategories/linktext_SelectAll' is visible

2020-03-19 15:00:27 - [MESSAGE][WARNING] - Timeout '0' is invalid. Using default page load timeout: '30'

2020-03-19 15:00:27 - [MESSAGE][PASSED] - Object 'Object Repository/ADMIN/Custom Item Fields List Page/a_SelectCategories/linktext_SelectAll' is visible

2020-03-19 15:00:27 - [TEST_STEP][PASSED] - click(findTestObject("ADMIN/Custom Item Fields List Page/a_SelectCategories/linktext_SelectAll"), CONTINUE_ON_FAILURE): Object: 'Object Repository/ADMIN/Custom Item Fields List Page/a_SelectCategories/linktext_SelectAll' is clicked on

2020-03-19 15:00:27 - [MESSAGE][PASSED] - Object: 'Object Repository/ADMIN/Custom Item Fields List Page/a_SelectCategories/linktext_SelectAll' is clicked on

2020-03-19 15:00:27 - [TEST_STEP][PASSED] - click(findTestObject("ADMIN/Custom Item Fields List Page/a_SelectCategories/button_Save"), STOP_ON_FAILURE): Object: 'Object Repository/ADMIN/Custom Item Fields List Page/a_SelectCategories/button_Save' is clicked on

2020-03-19 15:00:27 - [MESSAGE][PASSED] - Object: 'Object Repository/ADMIN/Custom Item Fields List Page/a_SelectCategories/button_Save' is clicked on

2020-03-19 15:00:27 - [TEST_STEP][PASSED] - delay(2, CONTINUE_ON_FAILURE): Delayed 2 second(s)

2020-03-19 15:00:29 - [MESSAGE][PASSED] - Delayed 2 second(s)

2020-03-19 15:00:29 - [TEST_STEP][PASSED] - click(findTestObject("ADMIN/Custom Item Fields Page/a_Default/button_Save1"), STOP_ON_FAILURE): Object: 'Object Repository/ADMIN/Custom Item Fields Page/a_Default/button_Save1' is clicked on

2020-03-19 15:00:29 - [MESSAGE][PASSED] - Object: 'Object Repository/ADMIN/Custom Item Fields Page/a_Default/button_Save1' is clicked on

2020-03-19 15:00:29 - [TEST_STEP][PASSED] - waitForElementVisible(findTestObject("ADMIN/Custom Item Fields List Page/button_Add Field"), 0): Object 'Object Repository/ADMIN/Custom Item Fields List Page/button_Add Field' is visible

2020-03-19 15:00:29 - [MESSAGE][WARNING] - Timeout '0' is invalid. Using default page load timeout: '30'

2020-03-19 15:00:31 - [MESSAGE][PASSED] - Object 'Object Repository/ADMIN/Custom Item Fields List Page/button_Add Field' is visible]]></system-out>
         <system-err><![CDATA[]]></system-err>
      </testcase>
      <testcase name="Test Cases/ADMIN/Custom Fields Page/Add Custom Item Fields/Add_CF_DataDriven" time="7.417" classname="Test Cases/ADMIN/Custom Fields Page/Add Custom Item Fields/Add_CF_DataDriven" status="PASSED">
         <system-out><![CDATA[2020-03-19 15:00:31 - [TEST_CASE][PASSED] - Test Cases/ADMIN/Custom Fields Page/Add Custom Item Fields/Add_CF_DataDriven: Test Cases/ADMIN/Custom Fields Page/Add Custom Item Fields/Add_CF_DataDriven

2020-03-19 15:00:31 - [TEST_STEP][PASSED] - waitForElementVisible(findTestObject("ADMIN/Custom Item Fields List Page/button_Add Field"), 0): Object 'Object Repository/ADMIN/Custom Item Fields List Page/button_Add Field' is visible

2020-03-19 15:00:31 - [MESSAGE][WARNING] - Timeout '0' is invalid. Using default page load timeout: '30'

2020-03-19 15:00:31 - [MESSAGE][PASSED] - Object 'Object Repository/ADMIN/Custom Item Fields List Page/button_Add Field' is visible

2020-03-19 15:00:31 - [TEST_STEP][PASSED] - click(findTestObject("ADMIN/Custom Item Fields List Page/button_Add Field"), STOP_ON_FAILURE): Object: 'Object Repository/ADMIN/Custom Item Fields List Page/button_Add Field' is clicked on

2020-03-19 15:00:32 - [MESSAGE][PASSED] - Object: 'Object Repository/ADMIN/Custom Item Fields List Page/button_Add Field' is clicked on

2020-03-19 15:00:32 - [TEST_STEP][PASSED] - comment("Choose Field Type"): Choose Field Type

2020-03-19 15:00:32 - [MESSAGE][INFO] - Choose Field Type

2020-03-19 15:00:32 - [TEST_STEP][PASSED] - if (varCustomFieldType == "Checkbox"): null

2020-03-19 15:00:32 - [TEST_STEP][PASSED] - else if (varCustomFieldType == "Date / Time picker"): All options with label 'Date / Time picker' are selected in object 'Object Repository/ADMIN/Custom Item Fields Page/a_Default/dropdown_fieldtype' 

2020-03-19 15:00:32 - [TEST_STEP][PASSED] - waitForElementVisible(findTestObject("ADMIN/Custom Item Fields Page/a_Default/dropdown_fieldtype"), 0, CONTINUE_ON_FAILURE): Object 'Object Repository/ADMIN/Custom Item Fields Page/a_Default/dropdown_fieldtype' is visible

2020-03-19 15:00:32 - [MESSAGE][WARNING] - Timeout '0' is invalid. Using default page load timeout: '30'

2020-03-19 15:00:32 - [MESSAGE][PASSED] - Object 'Object Repository/ADMIN/Custom Item Fields Page/a_Default/dropdown_fieldtype' is visible

2020-03-19 15:00:32 - [TEST_STEP][PASSED] - selectOptionByLabel(findTestObject("ADMIN/Custom Item Fields Page/a_Default/dropdown_fieldtype"), "Date / Time picker", false): All options with label 'Date / Time picker' are selected in object 'Object Repository/ADMIN/Custom Item Fields Page/a_Default/dropdown_fieldtype' 

2020-03-19 15:00:32 - [MESSAGE][PASSED] - All options with label 'Date / Time picker' are selected in object 'Object Repository/ADMIN/Custom Item Fields Page/a_Default/dropdown_fieldtype' 

2020-03-19 15:00:32 - [TEST_STEP][PASSED] - comment("Field Name"): Field Name

2020-03-19 15:00:32 - [MESSAGE][INFO] - Field Name

2020-03-19 15:00:32 - [TEST_STEP][PASSED] - setText(findTestObject("ADMIN/Custom Item Fields Page/a_Default/textfield_fieldname"), varCustomFieldName): Text 'allCat_Date / Time_On_NM' is set on object 'Object Repository/ADMIN/Custom Item Fields Page/a_Default/textfield_fieldname'

2020-03-19 15:00:33 - [MESSAGE][PASSED] - Text 'allCat_Date / Time_On_NM' is set on object 'Object Repository/ADMIN/Custom Item Fields Page/a_Default/textfield_fieldname'

2020-03-19 15:00:33 - [TEST_STEP][PASSED] - comment("Mandatory/NonMandatory"): Mandatory/NonMandatory

2020-03-19 15:00:33 - [MESSAGE][INFO] - Mandatory/NonMandatory

2020-03-19 15:00:33 - [TEST_STEP][PASSED] - if (varMandatoryNonMandatory == "mandatory"): null

2020-03-19 15:00:33 - [TEST_STEP][PASSED] - else if (varMandatoryNonMandatory == "non-mandatory"): Object: 'Object Repository/ADMIN/Custom Item Fields Page/a_Default/togglebutton_mandatory' is clicked on

2020-03-19 15:00:33 - [TEST_STEP][PASSED] - waitForElementVisible(findTestObject("ADMIN/Custom Item Fields Page/a_Default/togglebutton_mandatory"), 0, CONTINUE_ON_FAILURE): Object 'Object Repository/ADMIN/Custom Item Fields Page/a_Default/togglebutton_mandatory' is visible

2020-03-19 15:00:33 - [MESSAGE][WARNING] - Timeout '0' is invalid. Using default page load timeout: '30'

2020-03-19 15:00:33 - [MESSAGE][PASSED] - Object 'Object Repository/ADMIN/Custom Item Fields Page/a_Default/togglebutton_mandatory' is visible

2020-03-19 15:00:33 - [TEST_STEP][PASSED] - click(findTestObject("ADMIN/Custom Item Fields Page/a_Default/togglebutton_mandatory")): Object: 'Object Repository/ADMIN/Custom Item Fields Page/a_Default/togglebutton_mandatory' is clicked on

2020-03-19 15:00:33 - [MESSAGE][PASSED] - Object: 'Object Repository/ADMIN/Custom Item Fields Page/a_Default/togglebutton_mandatory' is clicked on

2020-03-19 15:00:33 - [TEST_STEP][PASSED] - comment("Assign Category"): Assign Category

2020-03-19 15:00:33 - [MESSAGE][INFO] - Assign Category

2020-03-19 15:00:33 - [TEST_STEP][PASSED] - click(findTestObject("ADMIN/Custom Item Fields Page/a_Default/button_SelectCategories")): Object: 'Object Repository/ADMIN/Custom Item Fields Page/a_Default/button_SelectCategories' is clicked on

2020-03-19 15:00:33 - [MESSAGE][PASSED] - Object: 'Object Repository/ADMIN/Custom Item Fields Page/a_Default/button_SelectCategories' is clicked on

2020-03-19 15:00:33 - [TEST_STEP][PASSED] - waitForElementVisible(findTestObject("ADMIN/Custom Item Fields List Page/a_SelectCategories/searchbox_Category"), 0): Object 'Object Repository/ADMIN/Custom Item Fields List Page/a_SelectCategories/searchbox_Category' is visible

2020-03-19 15:00:33 - [MESSAGE][WARNING] - Timeout '0' is invalid. Using default page load timeout: '30'

2020-03-19 15:00:34 - [MESSAGE][PASSED] - Object 'Object Repository/ADMIN/Custom Item Fields List Page/a_SelectCategories/searchbox_Category' is visible

2020-03-19 15:00:34 - [TEST_STEP][PASSED] - comment("Category Assignment"): Category Assignment

2020-03-19 15:00:34 - [MESSAGE][INFO] - Category Assignment

2020-03-19 15:00:34 - [TEST_STEP][PASSED] - if (varAssignedCategory == "All Cat"): Object: 'Object Repository/ADMIN/Custom Item Fields List Page/a_SelectCategories/linktext_SelectAll' is clicked on

2020-03-19 15:00:34 - [TEST_STEP][PASSED] - waitForElementVisible(findTestObject("ADMIN/Custom Item Fields List Page/a_SelectCategories/linktext_SelectAll"), 0): Object 'Object Repository/ADMIN/Custom Item Fields List Page/a_SelectCategories/linktext_SelectAll' is visible

2020-03-19 15:00:34 - [MESSAGE][WARNING] - Timeout '0' is invalid. Using default page load timeout: '30'

2020-03-19 15:00:34 - [MESSAGE][PASSED] - Object 'Object Repository/ADMIN/Custom Item Fields List Page/a_SelectCategories/linktext_SelectAll' is visible

2020-03-19 15:00:34 - [TEST_STEP][PASSED] - click(findTestObject("ADMIN/Custom Item Fields List Page/a_SelectCategories/linktext_SelectAll"), CONTINUE_ON_FAILURE): Object: 'Object Repository/ADMIN/Custom Item Fields List Page/a_SelectCategories/linktext_SelectAll' is clicked on

2020-03-19 15:00:34 - [MESSAGE][PASSED] - Object: 'Object Repository/ADMIN/Custom Item Fields List Page/a_SelectCategories/linktext_SelectAll' is clicked on

2020-03-19 15:00:34 - [TEST_STEP][PASSED] - click(findTestObject("ADMIN/Custom Item Fields List Page/a_SelectCategories/button_Save"), STOP_ON_FAILURE): Object: 'Object Repository/ADMIN/Custom Item Fields List Page/a_SelectCategories/button_Save' is clicked on

2020-03-19 15:00:34 - [MESSAGE][PASSED] - Object: 'Object Repository/ADMIN/Custom Item Fields List Page/a_SelectCategories/button_Save' is clicked on

2020-03-19 15:00:34 - [TEST_STEP][PASSED] - delay(2, CONTINUE_ON_FAILURE): Delayed 2 second(s)

2020-03-19 15:00:36 - [MESSAGE][PASSED] - Delayed 2 second(s)

2020-03-19 15:00:36 - [TEST_STEP][PASSED] - click(findTestObject("ADMIN/Custom Item Fields Page/a_Default/button_Save1"), STOP_ON_FAILURE): Object: 'Object Repository/ADMIN/Custom Item Fields Page/a_Default/button_Save1' is clicked on

2020-03-19 15:00:36 - [MESSAGE][PASSED] - Object: 'Object Repository/ADMIN/Custom Item Fields Page/a_Default/button_Save1' is clicked on

2020-03-19 15:00:36 - [TEST_STEP][PASSED] - waitForElementVisible(findTestObject("ADMIN/Custom Item Fields List Page/button_Add Field"), 0): Object 'Object Repository/ADMIN/Custom Item Fields List Page/button_Add Field' is visible

2020-03-19 15:00:37 - [MESSAGE][WARNING] - Timeout '0' is invalid. Using default page load timeout: '30'

2020-03-19 15:00:38 - [MESSAGE][PASSED] - Object 'Object Repository/ADMIN/Custom Item Fields List Page/button_Add Field' is visible]]></system-out>
         <system-err><![CDATA[]]></system-err>
      </testcase>
      <testcase name="Test Cases/ADMIN/Custom Fields Page/Add Custom Item Fields/Add_CF_DataDriven" time="6.768" classname="Test Cases/ADMIN/Custom Fields Page/Add Custom Item Fields/Add_CF_DataDriven" status="PASSED">
         <system-out><![CDATA[2020-03-19 15:00:38 - [TEST_CASE][PASSED] - Test Cases/ADMIN/Custom Fields Page/Add Custom Item Fields/Add_CF_DataDriven: Test Cases/ADMIN/Custom Fields Page/Add Custom Item Fields/Add_CF_DataDriven

2020-03-19 15:00:38 - [TEST_STEP][PASSED] - waitForElementVisible(findTestObject("ADMIN/Custom Item Fields List Page/button_Add Field"), 0): Object 'Object Repository/ADMIN/Custom Item Fields List Page/button_Add Field' is visible

2020-03-19 15:00:38 - [MESSAGE][WARNING] - Timeout '0' is invalid. Using default page load timeout: '30'

2020-03-19 15:00:38 - [MESSAGE][PASSED] - Object 'Object Repository/ADMIN/Custom Item Fields List Page/button_Add Field' is visible

2020-03-19 15:00:38 - [TEST_STEP][PASSED] - click(findTestObject("ADMIN/Custom Item Fields List Page/button_Add Field"), STOP_ON_FAILURE): Object: 'Object Repository/ADMIN/Custom Item Fields List Page/button_Add Field' is clicked on

2020-03-19 15:00:39 - [MESSAGE][PASSED] - Object: 'Object Repository/ADMIN/Custom Item Fields List Page/button_Add Field' is clicked on

2020-03-19 15:00:39 - [TEST_STEP][PASSED] - comment("Choose Field Type"): Choose Field Type

2020-03-19 15:00:39 - [MESSAGE][INFO] - Choose Field Type

2020-03-19 15:00:39 - [TEST_STEP][PASSED] - if (varCustomFieldType == "Checkbox"): null

2020-03-19 15:00:39 - [TEST_STEP][PASSED] - else if (varCustomFieldType == "Date / Time picker"): All options with label 'Date / Time picker' are selected in object 'Object Repository/ADMIN/Custom Item Fields Page/a_Default/dropdown_fieldtype' 

2020-03-19 15:00:39 - [TEST_STEP][PASSED] - waitForElementVisible(findTestObject("ADMIN/Custom Item Fields Page/a_Default/dropdown_fieldtype"), 0, CONTINUE_ON_FAILURE): Object 'Object Repository/ADMIN/Custom Item Fields Page/a_Default/dropdown_fieldtype' is visible

2020-03-19 15:00:39 - [MESSAGE][WARNING] - Timeout '0' is invalid. Using default page load timeout: '30'

2020-03-19 15:00:40 - [MESSAGE][PASSED] - Object 'Object Repository/ADMIN/Custom Item Fields Page/a_Default/dropdown_fieldtype' is visible

2020-03-19 15:00:40 - [TEST_STEP][PASSED] - selectOptionByLabel(findTestObject("ADMIN/Custom Item Fields Page/a_Default/dropdown_fieldtype"), "Date / Time picker", false): All options with label 'Date / Time picker' are selected in object 'Object Repository/ADMIN/Custom Item Fields Page/a_Default/dropdown_fieldtype' 

2020-03-19 15:00:40 - [MESSAGE][PASSED] - All options with label 'Date / Time picker' are selected in object 'Object Repository/ADMIN/Custom Item Fields Page/a_Default/dropdown_fieldtype' 

2020-03-19 15:00:40 - [TEST_STEP][PASSED] - comment("Field Name"): Field Name

2020-03-19 15:00:40 - [MESSAGE][INFO] - Field Name

2020-03-19 15:00:40 - [TEST_STEP][PASSED] - setText(findTestObject("ADMIN/Custom Item Fields Page/a_Default/textfield_fieldname"), varCustomFieldName): Text 'allCat_Date / Time_Off_NM' is set on object 'Object Repository/ADMIN/Custom Item Fields Page/a_Default/textfield_fieldname'

2020-03-19 15:00:40 - [MESSAGE][PASSED] - Text 'allCat_Date / Time_Off_NM' is set on object 'Object Repository/ADMIN/Custom Item Fields Page/a_Default/textfield_fieldname'

2020-03-19 15:00:40 - [TEST_STEP][PASSED] - comment("Mandatory/NonMandatory"): Mandatory/NonMandatory

2020-03-19 15:00:40 - [MESSAGE][INFO] - Mandatory/NonMandatory

2020-03-19 15:00:40 - [TEST_STEP][PASSED] - if (varMandatoryNonMandatory == "mandatory"): null

2020-03-19 15:00:40 - [TEST_STEP][PASSED] - else if (varMandatoryNonMandatory == "non-mandatory"): Object: 'Object Repository/ADMIN/Custom Item Fields Page/a_Default/togglebutton_mandatory' is clicked on

2020-03-19 15:00:40 - [TEST_STEP][PASSED] - waitForElementVisible(findTestObject("ADMIN/Custom Item Fields Page/a_Default/togglebutton_mandatory"), 0, CONTINUE_ON_FAILURE): Object 'Object Repository/ADMIN/Custom Item Fields Page/a_Default/togglebutton_mandatory' is visible

2020-03-19 15:00:40 - [MESSAGE][WARNING] - Timeout '0' is invalid. Using default page load timeout: '30'

2020-03-19 15:00:40 - [MESSAGE][PASSED] - Object 'Object Repository/ADMIN/Custom Item Fields Page/a_Default/togglebutton_mandatory' is visible

2020-03-19 15:00:40 - [TEST_STEP][PASSED] - click(findTestObject("ADMIN/Custom Item Fields Page/a_Default/togglebutton_mandatory")): Object: 'Object Repository/ADMIN/Custom Item Fields Page/a_Default/togglebutton_mandatory' is clicked on

2020-03-19 15:00:40 - [MESSAGE][PASSED] - Object: 'Object Repository/ADMIN/Custom Item Fields Page/a_Default/togglebutton_mandatory' is clicked on

2020-03-19 15:00:40 - [TEST_STEP][PASSED] - comment("Assign Category"): Assign Category

2020-03-19 15:00:40 - [MESSAGE][INFO] - Assign Category

2020-03-19 15:00:40 - [TEST_STEP][PASSED] - click(findTestObject("ADMIN/Custom Item Fields Page/a_Default/button_SelectCategories")): Object: 'Object Repository/ADMIN/Custom Item Fields Page/a_Default/button_SelectCategories' is clicked on

2020-03-19 15:00:40 - [MESSAGE][PASSED] - Object: 'Object Repository/ADMIN/Custom Item Fields Page/a_Default/button_SelectCategories' is clicked on

2020-03-19 15:00:40 - [TEST_STEP][PASSED] - waitForElementVisible(findTestObject("ADMIN/Custom Item Fields List Page/a_SelectCategories/searchbox_Category"), 0): Object 'Object Repository/ADMIN/Custom Item Fields List Page/a_SelectCategories/searchbox_Category' is visible

2020-03-19 15:00:41 - [MESSAGE][WARNING] - Timeout '0' is invalid. Using default page load timeout: '30'

2020-03-19 15:00:41 - [MESSAGE][PASSED] - Object 'Object Repository/ADMIN/Custom Item Fields List Page/a_SelectCategories/searchbox_Category' is visible

2020-03-19 15:00:41 - [TEST_STEP][PASSED] - comment("Category Assignment"): Category Assignment

2020-03-19 15:00:41 - [MESSAGE][INFO] - Category Assignment

2020-03-19 15:00:41 - [TEST_STEP][PASSED] - if (varAssignedCategory == "All Cat"): Object: 'Object Repository/ADMIN/Custom Item Fields List Page/a_SelectCategories/linktext_SelectAll' is clicked on

2020-03-19 15:00:41 - [TEST_STEP][PASSED] - waitForElementVisible(findTestObject("ADMIN/Custom Item Fields List Page/a_SelectCategories/linktext_SelectAll"), 0): Object 'Object Repository/ADMIN/Custom Item Fields List Page/a_SelectCategories/linktext_SelectAll' is visible

2020-03-19 15:00:41 - [MESSAGE][WARNING] - Timeout '0' is invalid. Using default page load timeout: '30'

2020-03-19 15:00:41 - [MESSAGE][PASSED] - Object 'Object Repository/ADMIN/Custom Item Fields List Page/a_SelectCategories/linktext_SelectAll' is visible

2020-03-19 15:00:41 - [TEST_STEP][PASSED] - click(findTestObject("ADMIN/Custom Item Fields List Page/a_SelectCategories/linktext_SelectAll"), CONTINUE_ON_FAILURE): Object: 'Object Repository/ADMIN/Custom Item Fields List Page/a_SelectCategories/linktext_SelectAll' is clicked on

2020-03-19 15:00:41 - [MESSAGE][PASSED] - Object: 'Object Repository/ADMIN/Custom Item Fields List Page/a_SelectCategories/linktext_SelectAll' is clicked on

2020-03-19 15:00:41 - [TEST_STEP][PASSED] - click(findTestObject("ADMIN/Custom Item Fields List Page/a_SelectCategories/button_Save"), STOP_ON_FAILURE): Object: 'Object Repository/ADMIN/Custom Item Fields List Page/a_SelectCategories/button_Save' is clicked on

2020-03-19 15:00:42 - [MESSAGE][PASSED] - Object: 'Object Repository/ADMIN/Custom Item Fields List Page/a_SelectCategories/button_Save' is clicked on

2020-03-19 15:00:42 - [TEST_STEP][PASSED] - delay(2, CONTINUE_ON_FAILURE): Delayed 2 second(s)

2020-03-19 15:00:44 - [MESSAGE][PASSED] - Delayed 2 second(s)

2020-03-19 15:00:44 - [TEST_STEP][PASSED] - click(findTestObject("ADMIN/Custom Item Fields Page/a_Default/button_Save1"), STOP_ON_FAILURE): Object: 'Object Repository/ADMIN/Custom Item Fields Page/a_Default/button_Save1' is clicked on

2020-03-19 15:00:44 - [MESSAGE][PASSED] - Object: 'Object Repository/ADMIN/Custom Item Fields Page/a_Default/button_Save1' is clicked on

2020-03-19 15:00:44 - [TEST_STEP][PASSED] - waitForElementVisible(findTestObject("ADMIN/Custom Item Fields List Page/button_Add Field"), 0): Object 'Object Repository/ADMIN/Custom Item Fields List Page/button_Add Field' is visible

2020-03-19 15:00:44 - [MESSAGE][WARNING] - Timeout '0' is invalid. Using default page load timeout: '30'

2020-03-19 15:00:45 - [MESSAGE][PASSED] - Object 'Object Repository/ADMIN/Custom Item Fields List Page/button_Add Field' is visible]]></system-out>
         <system-err><![CDATA[]]></system-err>
      </testcase>
      <testcase name="Test Cases/ADMIN/Custom Fields Page/Add Custom Item Fields/Add_CF_DataDriven" time="7.798" classname="Test Cases/ADMIN/Custom Fields Page/Add Custom Item Fields/Add_CF_DataDriven" status="PASSED">
         <system-out><![CDATA[2020-03-19 15:00:45 - [TEST_CASE][PASSED] - Test Cases/ADMIN/Custom Fields Page/Add Custom Item Fields/Add_CF_DataDriven: Test Cases/ADMIN/Custom Fields Page/Add Custom Item Fields/Add_CF_DataDriven

2020-03-19 15:00:45 - [TEST_STEP][PASSED] - waitForElementVisible(findTestObject("ADMIN/Custom Item Fields List Page/button_Add Field"), 0): Object 'Object Repository/ADMIN/Custom Item Fields List Page/button_Add Field' is visible

2020-03-19 15:00:45 - [MESSAGE][WARNING] - Timeout '0' is invalid. Using default page load timeout: '30'

2020-03-19 15:00:46 - [MESSAGE][PASSED] - Object 'Object Repository/ADMIN/Custom Item Fields List Page/button_Add Field' is visible

2020-03-19 15:00:46 - [TEST_STEP][PASSED] - click(findTestObject("ADMIN/Custom Item Fields List Page/button_Add Field"), STOP_ON_FAILURE): Object: 'Object Repository/ADMIN/Custom Item Fields List Page/button_Add Field' is clicked on

2020-03-19 15:00:46 - [MESSAGE][PASSED] - Object: 'Object Repository/ADMIN/Custom Item Fields List Page/button_Add Field' is clicked on

2020-03-19 15:00:46 - [TEST_STEP][PASSED] - comment("Choose Field Type"): Choose Field Type

2020-03-19 15:00:46 - [MESSAGE][INFO] - Choose Field Type

2020-03-19 15:00:46 - [TEST_STEP][PASSED] - if (varCustomFieldType == "Checkbox"): null

2020-03-19 15:00:46 - [TEST_STEP][PASSED] - else if (varCustomFieldType == "Date / Time picker"): null

2020-03-19 15:00:46 - [TEST_STEP][PASSED] - else if (varCustomFieldType == "Drop Down"): null

2020-03-19 15:00:46 - [TEST_STEP][PASSED] - else if (varCustomFieldType == "Email"): null

2020-03-19 15:00:46 - [TEST_STEP][PASSED] - else if (varCustomFieldType == "Embed Video"): null

2020-03-19 15:00:46 - [TEST_STEP][PASSED] - else if (varCustomFieldType == "Hyperlink / URL"): null

2020-03-19 15:00:46 - [TEST_STEP][PASSED] - else if (varCustomFieldType == "Location"): null

2020-03-19 15:00:46 - [TEST_STEP][PASSED] - else if (varCustomFieldType == "Number"): null

2020-03-19 15:00:46 - [TEST_STEP][PASSED] - else if (varCustomFieldType == "PDF File"): null

2020-03-19 15:00:46 - [TEST_STEP][PASSED] - else if (varCustomFieldType == "Percentage"): null

2020-03-19 15:00:46 - [TEST_STEP][PASSED] - else if (varCustomFieldType == "Text Editor"): null

2020-03-19 15:00:46 - [TEST_STEP][PASSED] - else if (varCustomFieldType == "Text Field"): All options with label 'Text Field' are selected in object 'Object Repository/ADMIN/Custom Item Fields Page/a_Default/dropdown_fieldtype' 

2020-03-19 15:00:46 - [TEST_STEP][PASSED] - waitForElementVisible(findTestObject("ADMIN/Custom Item Fields Page/a_Default/dropdown_fieldtype"), 0, CONTINUE_ON_FAILURE): Object 'Object Repository/ADMIN/Custom Item Fields Page/a_Default/dropdown_fieldtype' is visible

2020-03-19 15:00:46 - [MESSAGE][WARNING] - Timeout '0' is invalid. Using default page load timeout: '30'

2020-03-19 15:00:47 - [MESSAGE][PASSED] - Object 'Object Repository/ADMIN/Custom Item Fields Page/a_Default/dropdown_fieldtype' is visible

2020-03-19 15:00:47 - [TEST_STEP][PASSED] - selectOptionByLabel(findTestObject("ADMIN/Custom Item Fields Page/a_Default/dropdown_fieldtype"), "Text Field", false): All options with label 'Text Field' are selected in object 'Object Repository/ADMIN/Custom Item Fields Page/a_Default/dropdown_fieldtype' 

2020-03-19 15:00:47 - [MESSAGE][PASSED] - All options with label 'Text Field' are selected in object 'Object Repository/ADMIN/Custom Item Fields Page/a_Default/dropdown_fieldtype' 

2020-03-19 15:00:47 - [TEST_STEP][PASSED] - comment("Field Name"): Field Name

2020-03-19 15:00:47 - [MESSAGE][INFO] - Field Name

2020-03-19 15:00:47 - [TEST_STEP][PASSED] - setText(findTestObject("ADMIN/Custom Item Fields Page/a_Default/textfield_fieldname"), varCustomFieldName): Text 'SP_Text field_M1' is set on object 'Object Repository/ADMIN/Custom Item Fields Page/a_Default/textfield_fieldname'

2020-03-19 15:00:47 - [MESSAGE][PASSED] - Text 'SP_Text field_M1' is set on object 'Object Repository/ADMIN/Custom Item Fields Page/a_Default/textfield_fieldname'

2020-03-19 15:00:47 - [TEST_STEP][PASSED] - comment("Mandatory/NonMandatory"): Mandatory/NonMandatory

2020-03-19 15:00:47 - [MESSAGE][INFO] - Mandatory/NonMandatory

2020-03-19 15:00:47 - [TEST_STEP][PASSED] - if (varMandatoryNonMandatory == "mandatory"): Object 'Object Repository/ADMIN/Custom Item Fields Page/a_Default/togglebutton_mandatory' is visible

2020-03-19 15:00:47 - [TEST_STEP][PASSED] - waitForElementVisible(findTestObject("ADMIN/Custom Item Fields Page/a_Default/togglebutton_mandatory"), 0, CONTINUE_ON_FAILURE): Object 'Object Repository/ADMIN/Custom Item Fields Page/a_Default/togglebutton_mandatory' is visible

2020-03-19 15:00:47 - [MESSAGE][WARNING] - Timeout '0' is invalid. Using default page load timeout: '30'

2020-03-19 15:00:47 - [MESSAGE][PASSED] - Object 'Object Repository/ADMIN/Custom Item Fields Page/a_Default/togglebutton_mandatory' is visible

2020-03-19 15:00:47 - [TEST_STEP][PASSED] - comment("Assign Category"): Assign Category

2020-03-19 15:00:47 - [MESSAGE][INFO] - Assign Category

2020-03-19 15:00:47 - [TEST_STEP][PASSED] - click(findTestObject("ADMIN/Custom Item Fields Page/a_Default/button_SelectCategories")): Object: 'Object Repository/ADMIN/Custom Item Fields Page/a_Default/button_SelectCategories' is clicked on

2020-03-19 15:00:47 - [MESSAGE][PASSED] - Object: 'Object Repository/ADMIN/Custom Item Fields Page/a_Default/button_SelectCategories' is clicked on

2020-03-19 15:00:47 - [TEST_STEP][PASSED] - waitForElementVisible(findTestObject("ADMIN/Custom Item Fields List Page/a_SelectCategories/searchbox_Category"), 0): Object 'Object Repository/ADMIN/Custom Item Fields List Page/a_SelectCategories/searchbox_Category' is visible

2020-03-19 15:00:48 - [MESSAGE][WARNING] - Timeout '0' is invalid. Using default page load timeout: '30'

2020-03-19 15:00:48 - [MESSAGE][PASSED] - Object 'Object Repository/ADMIN/Custom Item Fields List Page/a_SelectCategories/searchbox_Category' is visible

2020-03-19 15:00:48 - [TEST_STEP][PASSED] - comment("Category Assignment"): Category Assignment

2020-03-19 15:00:48 - [MESSAGE][INFO] - Category Assignment

2020-03-19 15:00:48 - [TEST_STEP][PASSED] - if (varAssignedCategory == "All Cat"): null

2020-03-19 15:00:48 - [TEST_STEP][PASSED] - else if (varAssignedCategory == "Category 01"): Object: 'Object Repository/ADMIN/Custom Item Fields List Page/a_SelectCategories/a_Categories/checkbox_1' is clicked on

2020-03-19 15:00:48 - [TEST_STEP][PASSED] - setText(findTestObject("ADMIN/Custom Item Fields List Page/a_SelectCategories/searchbox_Category"), varAssignedCategory, CONTINUE_ON_FAILURE): Text 'Category 01' is set on object 'Object Repository/ADMIN/Custom Item Fields List Page/a_SelectCategories/searchbox_Category'

2020-03-19 15:00:49 - [MESSAGE][PASSED] - Text 'Category 01' is set on object 'Object Repository/ADMIN/Custom Item Fields List Page/a_SelectCategories/searchbox_Category'

2020-03-19 15:00:49 - [TEST_STEP][PASSED] - click(findTestObject("ADMIN/Custom Item Fields List Page/a_SelectCategories/a_Categories/checkbox_1")): Object: 'Object Repository/ADMIN/Custom Item Fields List Page/a_SelectCategories/a_Categories/checkbox_1' is clicked on

2020-03-19 15:00:49 - [MESSAGE][PASSED] - Object: 'Object Repository/ADMIN/Custom Item Fields List Page/a_SelectCategories/a_Categories/checkbox_1' is clicked on

2020-03-19 15:00:49 - [TEST_STEP][PASSED] - click(findTestObject("ADMIN/Custom Item Fields List Page/a_SelectCategories/button_Save"), STOP_ON_FAILURE): Object: 'Object Repository/ADMIN/Custom Item Fields List Page/a_SelectCategories/button_Save' is clicked on

2020-03-19 15:00:49 - [MESSAGE][PASSED] - Object: 'Object Repository/ADMIN/Custom Item Fields List Page/a_SelectCategories/button_Save' is clicked on

2020-03-19 15:00:49 - [TEST_STEP][PASSED] - delay(2, CONTINUE_ON_FAILURE): Delayed 2 second(s)

2020-03-19 15:00:51 - [MESSAGE][PASSED] - Delayed 2 second(s)

2020-03-19 15:00:51 - [TEST_STEP][PASSED] - click(findTestObject("ADMIN/Custom Item Fields Page/a_Default/button_Save1"), STOP_ON_FAILURE): Object: 'Object Repository/ADMIN/Custom Item Fields Page/a_Default/button_Save1' is clicked on

2020-03-19 15:00:51 - [MESSAGE][PASSED] - Object: 'Object Repository/ADMIN/Custom Item Fields Page/a_Default/button_Save1' is clicked on

2020-03-19 15:00:51 - [TEST_STEP][PASSED] - waitForElementVisible(findTestObject("ADMIN/Custom Item Fields List Page/button_Add Field"), 0): Object 'Object Repository/ADMIN/Custom Item Fields List Page/button_Add Field' is visible

2020-03-19 15:00:51 - [MESSAGE][WARNING] - Timeout '0' is invalid. Using default page load timeout: '30'

2020-03-19 15:00:53 - [MESSAGE][PASSED] - Object 'Object Repository/ADMIN/Custom Item Fields List Page/button_Add Field' is visible]]></system-out>
         <system-err><![CDATA[]]></system-err>
      </testcase>
      <testcase name="Test Cases/ADMIN/Custom Fields Page/Add Custom Item Fields/Add_CF_DataDriven" time="7.638" classname="Test Cases/ADMIN/Custom Fields Page/Add Custom Item Fields/Add_CF_DataDriven" status="PASSED">
         <system-out><![CDATA[2020-03-19 15:00:53 - [TEST_CASE][PASSED] - Test Cases/ADMIN/Custom Fields Page/Add Custom Item Fields/Add_CF_DataDriven: Test Cases/ADMIN/Custom Fields Page/Add Custom Item Fields/Add_CF_DataDriven

2020-03-19 15:00:53 - [TEST_STEP][PASSED] - waitForElementVisible(findTestObject("ADMIN/Custom Item Fields List Page/button_Add Field"), 0): Object 'Object Repository/ADMIN/Custom Item Fields List Page/button_Add Field' is visible

2020-03-19 15:00:53 - [MESSAGE][WARNING] - Timeout '0' is invalid. Using default page load timeout: '30'

2020-03-19 15:00:53 - [MESSAGE][PASSED] - Object 'Object Repository/ADMIN/Custom Item Fields List Page/button_Add Field' is visible

2020-03-19 15:00:53 - [TEST_STEP][PASSED] - click(findTestObject("ADMIN/Custom Item Fields List Page/button_Add Field"), STOP_ON_FAILURE): Object: 'Object Repository/ADMIN/Custom Item Fields List Page/button_Add Field' is clicked on

2020-03-19 15:00:54 - [MESSAGE][PASSED] - Object: 'Object Repository/ADMIN/Custom Item Fields List Page/button_Add Field' is clicked on

2020-03-19 15:00:54 - [TEST_STEP][PASSED] - comment("Choose Field Type"): Choose Field Type

2020-03-19 15:00:54 - [MESSAGE][INFO] - Choose Field Type

2020-03-19 15:00:54 - [TEST_STEP][PASSED] - if (varCustomFieldType == "Checkbox"): null

2020-03-19 15:00:54 - [TEST_STEP][PASSED] - else if (varCustomFieldType == "Date / Time picker"): null

2020-03-19 15:00:54 - [TEST_STEP][PASSED] - else if (varCustomFieldType == "Drop Down"): null

2020-03-19 15:00:54 - [TEST_STEP][PASSED] - else if (varCustomFieldType == "Email"): null

2020-03-19 15:00:54 - [TEST_STEP][PASSED] - else if (varCustomFieldType == "Embed Video"): null

2020-03-19 15:00:54 - [TEST_STEP][PASSED] - else if (varCustomFieldType == "Hyperlink / URL"): null

2020-03-19 15:00:54 - [TEST_STEP][PASSED] - else if (varCustomFieldType == "Location"): null

2020-03-19 15:00:54 - [TEST_STEP][PASSED] - else if (varCustomFieldType == "Number"): null

2020-03-19 15:00:54 - [TEST_STEP][PASSED] - else if (varCustomFieldType == "PDF File"): null

2020-03-19 15:00:54 - [TEST_STEP][PASSED] - else if (varCustomFieldType == "Percentage"): null

2020-03-19 15:00:54 - [TEST_STEP][PASSED] - else if (varCustomFieldType == "Text Editor"): null

2020-03-19 15:00:54 - [TEST_STEP][PASSED] - else if (varCustomFieldType == "Text Field"): All options with label 'Text Field' are selected in object 'Object Repository/ADMIN/Custom Item Fields Page/a_Default/dropdown_fieldtype' 

2020-03-19 15:00:54 - [TEST_STEP][PASSED] - waitForElementVisible(findTestObject("ADMIN/Custom Item Fields Page/a_Default/dropdown_fieldtype"), 0, CONTINUE_ON_FAILURE): Object 'Object Repository/ADMIN/Custom Item Fields Page/a_Default/dropdown_fieldtype' is visible

2020-03-19 15:00:54 - [MESSAGE][WARNING] - Timeout '0' is invalid. Using default page load timeout: '30'

2020-03-19 15:00:54 - [MESSAGE][PASSED] - Object 'Object Repository/ADMIN/Custom Item Fields Page/a_Default/dropdown_fieldtype' is visible

2020-03-19 15:00:54 - [TEST_STEP][PASSED] - selectOptionByLabel(findTestObject("ADMIN/Custom Item Fields Page/a_Default/dropdown_fieldtype"), "Text Field", false): All options with label 'Text Field' are selected in object 'Object Repository/ADMIN/Custom Item Fields Page/a_Default/dropdown_fieldtype' 

2020-03-19 15:00:55 - [MESSAGE][PASSED] - All options with label 'Text Field' are selected in object 'Object Repository/ADMIN/Custom Item Fields Page/a_Default/dropdown_fieldtype' 

2020-03-19 15:00:55 - [TEST_STEP][PASSED] - comment("Field Name"): Field Name

2020-03-19 15:00:55 - [MESSAGE][INFO] - Field Name

2020-03-19 15:00:55 - [TEST_STEP][PASSED] - setText(findTestObject("ADMIN/Custom Item Fields Page/a_Default/textfield_fieldname"), varCustomFieldName): Text 'SP_Text field_M2' is set on object 'Object Repository/ADMIN/Custom Item Fields Page/a_Default/textfield_fieldname'

2020-03-19 15:00:55 - [MESSAGE][PASSED] - Text 'SP_Text field_M2' is set on object 'Object Repository/ADMIN/Custom Item Fields Page/a_Default/textfield_fieldname'

2020-03-19 15:00:55 - [TEST_STEP][PASSED] - comment("Mandatory/NonMandatory"): Mandatory/NonMandatory

2020-03-19 15:00:55 - [MESSAGE][INFO] - Mandatory/NonMandatory

2020-03-19 15:00:55 - [TEST_STEP][PASSED] - if (varMandatoryNonMandatory == "mandatory"): Object 'Object Repository/ADMIN/Custom Item Fields Page/a_Default/togglebutton_mandatory' is visible

2020-03-19 15:00:55 - [TEST_STEP][PASSED] - waitForElementVisible(findTestObject("ADMIN/Custom Item Fields Page/a_Default/togglebutton_mandatory"), 0, CONTINUE_ON_FAILURE): Object 'Object Repository/ADMIN/Custom Item Fields Page/a_Default/togglebutton_mandatory' is visible

2020-03-19 15:00:55 - [MESSAGE][WARNING] - Timeout '0' is invalid. Using default page load timeout: '30'

2020-03-19 15:00:55 - [MESSAGE][PASSED] - Object 'Object Repository/ADMIN/Custom Item Fields Page/a_Default/togglebutton_mandatory' is visible

2020-03-19 15:00:55 - [TEST_STEP][PASSED] - comment("Assign Category"): Assign Category

2020-03-19 15:00:55 - [MESSAGE][INFO] - Assign Category

2020-03-19 15:00:55 - [TEST_STEP][PASSED] - click(findTestObject("ADMIN/Custom Item Fields Page/a_Default/button_SelectCategories")): Object: 'Object Repository/ADMIN/Custom Item Fields Page/a_Default/button_SelectCategories' is clicked on

2020-03-19 15:00:55 - [MESSAGE][PASSED] - Object: 'Object Repository/ADMIN/Custom Item Fields Page/a_Default/button_SelectCategories' is clicked on

2020-03-19 15:00:55 - [TEST_STEP][PASSED] - waitForElementVisible(findTestObject("ADMIN/Custom Item Fields List Page/a_SelectCategories/searchbox_Category"), 0): Object 'Object Repository/ADMIN/Custom Item Fields List Page/a_SelectCategories/searchbox_Category' is visible

2020-03-19 15:00:55 - [MESSAGE][WARNING] - Timeout '0' is invalid. Using default page load timeout: '30'

2020-03-19 15:00:56 - [MESSAGE][PASSED] - Object 'Object Repository/ADMIN/Custom Item Fields List Page/a_SelectCategories/searchbox_Category' is visible

2020-03-19 15:00:56 - [TEST_STEP][PASSED] - comment("Category Assignment"): Category Assignment

2020-03-19 15:00:56 - [MESSAGE][INFO] - Category Assignment

2020-03-19 15:00:56 - [TEST_STEP][PASSED] - if (varAssignedCategory == "All Cat"): null

2020-03-19 15:00:56 - [TEST_STEP][PASSED] - else if (varAssignedCategory == "Category 01"): Object: 'Object Repository/ADMIN/Custom Item Fields List Page/a_SelectCategories/a_Categories/checkbox_1' is clicked on

2020-03-19 15:00:56 - [TEST_STEP][PASSED] - setText(findTestObject("ADMIN/Custom Item Fields List Page/a_SelectCategories/searchbox_Category"), varAssignedCategory, CONTINUE_ON_FAILURE): Text 'Category 01' is set on object 'Object Repository/ADMIN/Custom Item Fields List Page/a_SelectCategories/searchbox_Category'

2020-03-19 15:00:56 - [MESSAGE][PASSED] - Text 'Category 01' is set on object 'Object Repository/ADMIN/Custom Item Fields List Page/a_SelectCategories/searchbox_Category'

2020-03-19 15:00:56 - [TEST_STEP][PASSED] - click(findTestObject("ADMIN/Custom Item Fields List Page/a_SelectCategories/a_Categories/checkbox_1")): Object: 'Object Repository/ADMIN/Custom Item Fields List Page/a_SelectCategories/a_Categories/checkbox_1' is clicked on

2020-03-19 15:00:57 - [MESSAGE][PASSED] - Object: 'Object Repository/ADMIN/Custom Item Fields List Page/a_SelectCategories/a_Categories/checkbox_1' is clicked on

2020-03-19 15:00:57 - [TEST_STEP][PASSED] - click(findTestObject("ADMIN/Custom Item Fields List Page/a_SelectCategories/button_Save"), STOP_ON_FAILURE): Object: 'Object Repository/ADMIN/Custom Item Fields List Page/a_SelectCategories/button_Save' is clicked on

2020-03-19 15:00:57 - [MESSAGE][PASSED] - Object: 'Object Repository/ADMIN/Custom Item Fields List Page/a_SelectCategories/button_Save' is clicked on

2020-03-19 15:00:57 - [TEST_STEP][PASSED] - delay(2, CONTINUE_ON_FAILURE): Delayed 2 second(s)

2020-03-19 15:00:59 - [MESSAGE][PASSED] - Delayed 2 second(s)

2020-03-19 15:00:59 - [TEST_STEP][PASSED] - click(findTestObject("ADMIN/Custom Item Fields Page/a_Default/button_Save1"), STOP_ON_FAILURE): Object: 'Object Repository/ADMIN/Custom Item Fields Page/a_Default/button_Save1' is clicked on

2020-03-19 15:00:59 - [MESSAGE][PASSED] - Object: 'Object Repository/ADMIN/Custom Item Fields Page/a_Default/button_Save1' is clicked on

2020-03-19 15:00:59 - [TEST_STEP][PASSED] - waitForElementVisible(findTestObject("ADMIN/Custom Item Fields List Page/button_Add Field"), 0): Object 'Object Repository/ADMIN/Custom Item Fields List Page/button_Add Field' is visible

2020-03-19 15:00:59 - [MESSAGE][WARNING] - Timeout '0' is invalid. Using default page load timeout: '30'

2020-03-19 15:01:00 - [MESSAGE][PASSED] - Object 'Object Repository/ADMIN/Custom Item Fields List Page/button_Add Field' is visible]]></system-out>
         <system-err><![CDATA[]]></system-err>
      </testcase>
      <testcase name="Test Cases/ADMIN/Custom Fields Page/Add Custom Item Fields/Add_CF_DataDriven" time="7.507" classname="Test Cases/ADMIN/Custom Fields Page/Add Custom Item Fields/Add_CF_DataDriven" status="PASSED">
         <system-out><![CDATA[2020-03-19 15:01:00 - [TEST_CASE][PASSED] - Test Cases/ADMIN/Custom Fields Page/Add Custom Item Fields/Add_CF_DataDriven: Test Cases/ADMIN/Custom Fields Page/Add Custom Item Fields/Add_CF_DataDriven

2020-03-19 15:01:00 - [TEST_STEP][PASSED] - waitForElementVisible(findTestObject("ADMIN/Custom Item Fields List Page/button_Add Field"), 0): Object 'Object Repository/ADMIN/Custom Item Fields List Page/button_Add Field' is visible

2020-03-19 15:01:00 - [MESSAGE][WARNING] - Timeout '0' is invalid. Using default page load timeout: '30'

2020-03-19 15:01:01 - [MESSAGE][PASSED] - Object 'Object Repository/ADMIN/Custom Item Fields List Page/button_Add Field' is visible

2020-03-19 15:01:01 - [TEST_STEP][PASSED] - click(findTestObject("ADMIN/Custom Item Fields List Page/button_Add Field"), STOP_ON_FAILURE): Object: 'Object Repository/ADMIN/Custom Item Fields List Page/button_Add Field' is clicked on

2020-03-19 15:01:01 - [MESSAGE][PASSED] - Object: 'Object Repository/ADMIN/Custom Item Fields List Page/button_Add Field' is clicked on

2020-03-19 15:01:01 - [TEST_STEP][PASSED] - comment("Choose Field Type"): Choose Field Type

2020-03-19 15:01:01 - [MESSAGE][INFO] - Choose Field Type

2020-03-19 15:01:01 - [TEST_STEP][PASSED] - if (varCustomFieldType == "Checkbox"): null

2020-03-19 15:01:01 - [TEST_STEP][PASSED] - else if (varCustomFieldType == "Date / Time picker"): null

2020-03-19 15:01:01 - [TEST_STEP][PASSED] - else if (varCustomFieldType == "Drop Down"): null

2020-03-19 15:01:01 - [TEST_STEP][PASSED] - else if (varCustomFieldType == "Email"): null

2020-03-19 15:01:01 - [TEST_STEP][PASSED] - else if (varCustomFieldType == "Embed Video"): null

2020-03-19 15:01:01 - [TEST_STEP][PASSED] - else if (varCustomFieldType == "Hyperlink / URL"): null

2020-03-19 15:01:01 - [TEST_STEP][PASSED] - else if (varCustomFieldType == "Location"): null

2020-03-19 15:01:01 - [TEST_STEP][PASSED] - else if (varCustomFieldType == "Number"): null

2020-03-19 15:01:01 - [TEST_STEP][PASSED] - else if (varCustomFieldType == "PDF File"): null

2020-03-19 15:01:01 - [TEST_STEP][PASSED] - else if (varCustomFieldType == "Percentage"): null

2020-03-19 15:01:01 - [TEST_STEP][PASSED] - else if (varCustomFieldType == "Text Editor"): All options with label 'Text Editor' are selected in object 'Object Repository/ADMIN/Custom Item Fields Page/a_Default/dropdown_fieldtype' 

2020-03-19 15:01:01 - [TEST_STEP][PASSED] - waitForElementVisible(findTestObject("ADMIN/Custom Item Fields Page/a_Default/dropdown_fieldtype"), 0, CONTINUE_ON_FAILURE): Object 'Object Repository/ADMIN/Custom Item Fields Page/a_Default/dropdown_fieldtype' is visible

2020-03-19 15:01:01 - [MESSAGE][WARNING] - Timeout '0' is invalid. Using default page load timeout: '30'

2020-03-19 15:01:02 - [MESSAGE][PASSED] - Object 'Object Repository/ADMIN/Custom Item Fields Page/a_Default/dropdown_fieldtype' is visible

2020-03-19 15:01:02 - [TEST_STEP][PASSED] - selectOptionByLabel(findTestObject("ADMIN/Custom Item Fields Page/a_Default/dropdown_fieldtype"), "Text Editor", false): All options with label 'Text Editor' are selected in object 'Object Repository/ADMIN/Custom Item Fields Page/a_Default/dropdown_fieldtype' 

2020-03-19 15:01:02 - [MESSAGE][PASSED] - All options with label 'Text Editor' are selected in object 'Object Repository/ADMIN/Custom Item Fields Page/a_Default/dropdown_fieldtype' 

2020-03-19 15:01:02 - [TEST_STEP][PASSED] - comment("Field Name"): Field Name

2020-03-19 15:01:02 - [MESSAGE][INFO] - Field Name

2020-03-19 15:01:02 - [TEST_STEP][PASSED] - setText(findTestObject("ADMIN/Custom Item Fields Page/a_Default/textfield_fieldname"), varCustomFieldName): Text 'SP_Text Editor_M' is set on object 'Object Repository/ADMIN/Custom Item Fields Page/a_Default/textfield_fieldname'

2020-03-19 15:01:03 - [MESSAGE][PASSED] - Text 'SP_Text Editor_M' is set on object 'Object Repository/ADMIN/Custom Item Fields Page/a_Default/textfield_fieldname'

2020-03-19 15:01:03 - [TEST_STEP][PASSED] - comment("Mandatory/NonMandatory"): Mandatory/NonMandatory

2020-03-19 15:01:03 - [MESSAGE][INFO] - Mandatory/NonMandatory

2020-03-19 15:01:03 - [TEST_STEP][PASSED] - if (varMandatoryNonMandatory == "mandatory"): Object 'Object Repository/ADMIN/Custom Item Fields Page/a_Default/togglebutton_mandatory' is visible

2020-03-19 15:01:03 - [TEST_STEP][PASSED] - waitForElementVisible(findTestObject("ADMIN/Custom Item Fields Page/a_Default/togglebutton_mandatory"), 0, CONTINUE_ON_FAILURE): Object 'Object Repository/ADMIN/Custom Item Fields Page/a_Default/togglebutton_mandatory' is visible

2020-03-19 15:01:03 - [MESSAGE][WARNING] - Timeout '0' is invalid. Using default page load timeout: '30'

2020-03-19 15:01:03 - [MESSAGE][PASSED] - Object 'Object Repository/ADMIN/Custom Item Fields Page/a_Default/togglebutton_mandatory' is visible

2020-03-19 15:01:03 - [TEST_STEP][PASSED] - comment("Assign Category"): Assign Category

2020-03-19 15:01:03 - [MESSAGE][INFO] - Assign Category

2020-03-19 15:01:03 - [TEST_STEP][PASSED] - click(findTestObject("ADMIN/Custom Item Fields Page/a_Default/button_SelectCategories")): Object: 'Object Repository/ADMIN/Custom Item Fields Page/a_Default/button_SelectCategories' is clicked on

2020-03-19 15:01:03 - [MESSAGE][PASSED] - Object: 'Object Repository/ADMIN/Custom Item Fields Page/a_Default/button_SelectCategories' is clicked on

2020-03-19 15:01:03 - [TEST_STEP][PASSED] - waitForElementVisible(findTestObject("ADMIN/Custom Item Fields List Page/a_SelectCategories/searchbox_Category"), 0): Object 'Object Repository/ADMIN/Custom Item Fields List Page/a_SelectCategories/searchbox_Category' is visible

2020-03-19 15:01:03 - [MESSAGE][WARNING] - Timeout '0' is invalid. Using default page load timeout: '30'

2020-03-19 15:01:03 - [MESSAGE][PASSED] - Object 'Object Repository/ADMIN/Custom Item Fields List Page/a_SelectCategories/searchbox_Category' is visible

2020-03-19 15:01:03 - [TEST_STEP][PASSED] - comment("Category Assignment"): Category Assignment

2020-03-19 15:01:03 - [MESSAGE][INFO] - Category Assignment

2020-03-19 15:01:03 - [TEST_STEP][PASSED] - if (varAssignedCategory == "All Cat"): null

2020-03-19 15:01:03 - [TEST_STEP][PASSED] - else if (varAssignedCategory == "Category 01"): Object: 'Object Repository/ADMIN/Custom Item Fields List Page/a_SelectCategories/a_Categories/checkbox_1' is clicked on

2020-03-19 15:01:03 - [TEST_STEP][PASSED] - setText(findTestObject("ADMIN/Custom Item Fields List Page/a_SelectCategories/searchbox_Category"), varAssignedCategory, CONTINUE_ON_FAILURE): Text 'Category 01' is set on object 'Object Repository/ADMIN/Custom Item Fields List Page/a_SelectCategories/searchbox_Category'

2020-03-19 15:01:04 - [MESSAGE][PASSED] - Text 'Category 01' is set on object 'Object Repository/ADMIN/Custom Item Fields List Page/a_SelectCategories/searchbox_Category'

2020-03-19 15:01:04 - [TEST_STEP][PASSED] - click(findTestObject("ADMIN/Custom Item Fields List Page/a_SelectCategories/a_Categories/checkbox_1")): Object: 'Object Repository/ADMIN/Custom Item Fields List Page/a_SelectCategories/a_Categories/checkbox_1' is clicked on

2020-03-19 15:01:04 - [MESSAGE][PASSED] - Object: 'Object Repository/ADMIN/Custom Item Fields List Page/a_SelectCategories/a_Categories/checkbox_1' is clicked on

2020-03-19 15:01:04 - [TEST_STEP][PASSED] - click(findTestObject("ADMIN/Custom Item Fields List Page/a_SelectCategories/button_Save"), STOP_ON_FAILURE): Object: 'Object Repository/ADMIN/Custom Item Fields List Page/a_SelectCategories/button_Save' is clicked on

2020-03-19 15:01:04 - [MESSAGE][PASSED] - Object: 'Object Repository/ADMIN/Custom Item Fields List Page/a_SelectCategories/button_Save' is clicked on

2020-03-19 15:01:04 - [TEST_STEP][PASSED] - delay(2, CONTINUE_ON_FAILURE): Delayed 2 second(s)

2020-03-19 15:01:06 - [MESSAGE][PASSED] - Delayed 2 second(s)

2020-03-19 15:01:06 - [TEST_STEP][PASSED] - click(findTestObject("ADMIN/Custom Item Fields Page/a_Default/button_Save1"), STOP_ON_FAILURE): Object: 'Object Repository/ADMIN/Custom Item Fields Page/a_Default/button_Save1' is clicked on

2020-03-19 15:01:06 - [MESSAGE][PASSED] - Object: 'Object Repository/ADMIN/Custom Item Fields Page/a_Default/button_Save1' is clicked on

2020-03-19 15:01:06 - [TEST_STEP][PASSED] - waitForElementVisible(findTestObject("ADMIN/Custom Item Fields List Page/button_Add Field"), 0): Object 'Object Repository/ADMIN/Custom Item Fields List Page/button_Add Field' is visible

2020-03-19 15:01:06 - [MESSAGE][WARNING] - Timeout '0' is invalid. Using default page load timeout: '30'

2020-03-19 15:01:08 - [MESSAGE][PASSED] - Object 'Object Repository/ADMIN/Custom Item Fields List Page/button_Add Field' is visible]]></system-out>
         <system-err><![CDATA[]]></system-err>
      </testcase>
      <testcase name="Test Cases/ADMIN/Custom Fields Page/Add Custom Item Fields/Add_CF_DataDriven" time="7.121" classname="Test Cases/ADMIN/Custom Fields Page/Add Custom Item Fields/Add_CF_DataDriven" status="PASSED">
         <system-out><![CDATA[2020-03-19 15:01:08 - [TEST_CASE][PASSED] - Test Cases/ADMIN/Custom Fields Page/Add Custom Item Fields/Add_CF_DataDriven: Test Cases/ADMIN/Custom Fields Page/Add Custom Item Fields/Add_CF_DataDriven

2020-03-19 15:01:08 - [TEST_STEP][PASSED] - waitForElementVisible(findTestObject("ADMIN/Custom Item Fields List Page/button_Add Field"), 0): Object 'Object Repository/ADMIN/Custom Item Fields List Page/button_Add Field' is visible

2020-03-19 15:01:08 - [MESSAGE][WARNING] - Timeout '0' is invalid. Using default page load timeout: '30'

2020-03-19 15:01:08 - [MESSAGE][PASSED] - Object 'Object Repository/ADMIN/Custom Item Fields List Page/button_Add Field' is visible

2020-03-19 15:01:08 - [TEST_STEP][PASSED] - click(findTestObject("ADMIN/Custom Item Fields List Page/button_Add Field"), STOP_ON_FAILURE): Object: 'Object Repository/ADMIN/Custom Item Fields List Page/button_Add Field' is clicked on

2020-03-19 15:01:09 - [MESSAGE][PASSED] - Object: 'Object Repository/ADMIN/Custom Item Fields List Page/button_Add Field' is clicked on

2020-03-19 15:01:09 - [TEST_STEP][PASSED] - comment("Choose Field Type"): Choose Field Type

2020-03-19 15:01:09 - [MESSAGE][INFO] - Choose Field Type

2020-03-19 15:01:09 - [TEST_STEP][PASSED] - if (varCustomFieldType == "Checkbox"): null

2020-03-19 15:01:09 - [TEST_STEP][PASSED] - else if (varCustomFieldType == "Date / Time picker"): null

2020-03-19 15:01:09 - [TEST_STEP][PASSED] - else if (varCustomFieldType == "Drop Down"): null

2020-03-19 15:01:09 - [TEST_STEP][PASSED] - else if (varCustomFieldType == "Email"): null

2020-03-19 15:01:09 - [TEST_STEP][PASSED] - else if (varCustomFieldType == "Embed Video"): null

2020-03-19 15:01:09 - [TEST_STEP][PASSED] - else if (varCustomFieldType == "Hyperlink / URL"): All options with label 'Hyperlink / URL' are selected in object 'Object Repository/ADMIN/Custom Item Fields Page/a_Default/dropdown_fieldtype' 

2020-03-19 15:01:09 - [TEST_STEP][PASSED] - waitForElementVisible(findTestObject("ADMIN/Custom Item Fields Page/a_Default/dropdown_fieldtype"), 0, CONTINUE_ON_FAILURE): Object 'Object Repository/ADMIN/Custom Item Fields Page/a_Default/dropdown_fieldtype' is visible

2020-03-19 15:01:09 - [MESSAGE][WARNING] - Timeout '0' is invalid. Using default page load timeout: '30'

2020-03-19 15:01:10 - [MESSAGE][PASSED] - Object 'Object Repository/ADMIN/Custom Item Fields Page/a_Default/dropdown_fieldtype' is visible

2020-03-19 15:01:10 - [TEST_STEP][PASSED] - selectOptionByLabel(findTestObject("ADMIN/Custom Item Fields Page/a_Default/dropdown_fieldtype"), "Hyperlink / URL", false): All options with label 'Hyperlink / URL' are selected in object 'Object Repository/ADMIN/Custom Item Fields Page/a_Default/dropdown_fieldtype' 

2020-03-19 15:01:10 - [MESSAGE][PASSED] - All options with label 'Hyperlink / URL' are selected in object 'Object Repository/ADMIN/Custom Item Fields Page/a_Default/dropdown_fieldtype' 

2020-03-19 15:01:10 - [TEST_STEP][PASSED] - comment("Field Name"): Field Name

2020-03-19 15:01:10 - [MESSAGE][INFO] - Field Name

2020-03-19 15:01:10 - [TEST_STEP][PASSED] - setText(findTestObject("ADMIN/Custom Item Fields Page/a_Default/textfield_fieldname"), varCustomFieldName): Text 'SP_Hyperlink_M' is set on object 'Object Repository/ADMIN/Custom Item Fields Page/a_Default/textfield_fieldname'

2020-03-19 15:01:10 - [MESSAGE][PASSED] - Text 'SP_Hyperlink_M' is set on object 'Object Repository/ADMIN/Custom Item Fields Page/a_Default/textfield_fieldname'

2020-03-19 15:01:10 - [TEST_STEP][PASSED] - comment("Mandatory/NonMandatory"): Mandatory/NonMandatory

2020-03-19 15:01:10 - [MESSAGE][INFO] - Mandatory/NonMandatory

2020-03-19 15:01:10 - [TEST_STEP][PASSED] - if (varMandatoryNonMandatory == "mandatory"): Object 'Object Repository/ADMIN/Custom Item Fields Page/a_Default/togglebutton_mandatory' is visible

2020-03-19 15:01:10 - [TEST_STEP][PASSED] - waitForElementVisible(findTestObject("ADMIN/Custom Item Fields Page/a_Default/togglebutton_mandatory"), 0, CONTINUE_ON_FAILURE): Object 'Object Repository/ADMIN/Custom Item Fields Page/a_Default/togglebutton_mandatory' is visible

2020-03-19 15:01:10 - [MESSAGE][WARNING] - Timeout '0' is invalid. Using default page load timeout: '30'

2020-03-19 15:01:10 - [MESSAGE][PASSED] - Object 'Object Repository/ADMIN/Custom Item Fields Page/a_Default/togglebutton_mandatory' is visible

2020-03-19 15:01:10 - [TEST_STEP][PASSED] - comment("Assign Category"): Assign Category

2020-03-19 15:01:10 - [MESSAGE][INFO] - Assign Category

2020-03-19 15:01:10 - [TEST_STEP][PASSED] - click(findTestObject("ADMIN/Custom Item Fields Page/a_Default/button_SelectCategories")): Object: 'Object Repository/ADMIN/Custom Item Fields Page/a_Default/button_SelectCategories' is clicked on

2020-03-19 15:01:10 - [MESSAGE][PASSED] - Object: 'Object Repository/ADMIN/Custom Item Fields Page/a_Default/button_SelectCategories' is clicked on

2020-03-19 15:01:10 - [TEST_STEP][PASSED] - waitForElementVisible(findTestObject("ADMIN/Custom Item Fields List Page/a_SelectCategories/searchbox_Category"), 0): Object 'Object Repository/ADMIN/Custom Item Fields List Page/a_SelectCategories/searchbox_Category' is visible

2020-03-19 15:01:10 - [MESSAGE][WARNING] - Timeout '0' is invalid. Using default page load timeout: '30'

2020-03-19 15:01:11 - [MESSAGE][PASSED] - Object 'Object Repository/ADMIN/Custom Item Fields List Page/a_SelectCategories/searchbox_Category' is visible

2020-03-19 15:01:11 - [TEST_STEP][PASSED] - comment("Category Assignment"): Category Assignment

2020-03-19 15:01:11 - [MESSAGE][INFO] - Category Assignment

2020-03-19 15:01:11 - [TEST_STEP][PASSED] - if (varAssignedCategory == "All Cat"): null

2020-03-19 15:01:11 - [TEST_STEP][PASSED] - else if (varAssignedCategory == "Category 01"): Object: 'Object Repository/ADMIN/Custom Item Fields List Page/a_SelectCategories/a_Categories/checkbox_1' is clicked on

2020-03-19 15:01:11 - [TEST_STEP][PASSED] - setText(findTestObject("ADMIN/Custom Item Fields List Page/a_SelectCategories/searchbox_Category"), varAssignedCategory, CONTINUE_ON_FAILURE): Text 'Category 01' is set on object 'Object Repository/ADMIN/Custom Item Fields List Page/a_SelectCategories/searchbox_Category'

2020-03-19 15:01:11 - [MESSAGE][PASSED] - Text 'Category 01' is set on object 'Object Repository/ADMIN/Custom Item Fields List Page/a_SelectCategories/searchbox_Category'

2020-03-19 15:01:11 - [TEST_STEP][PASSED] - click(findTestObject("ADMIN/Custom Item Fields List Page/a_SelectCategories/a_Categories/checkbox_1")): Object: 'Object Repository/ADMIN/Custom Item Fields List Page/a_SelectCategories/a_Categories/checkbox_1' is clicked on

2020-03-19 15:01:11 - [MESSAGE][PASSED] - Object: 'Object Repository/ADMIN/Custom Item Fields List Page/a_SelectCategories/a_Categories/checkbox_1' is clicked on

2020-03-19 15:01:11 - [TEST_STEP][PASSED] - click(findTestObject("ADMIN/Custom Item Fields List Page/a_SelectCategories/button_Save"), STOP_ON_FAILURE): Object: 'Object Repository/ADMIN/Custom Item Fields List Page/a_SelectCategories/button_Save' is clicked on

2020-03-19 15:01:12 - [MESSAGE][PASSED] - Object: 'Object Repository/ADMIN/Custom Item Fields List Page/a_SelectCategories/button_Save' is clicked on

2020-03-19 15:01:12 - [TEST_STEP][PASSED] - delay(2, CONTINUE_ON_FAILURE): Delayed 2 second(s)

2020-03-19 15:01:14 - [MESSAGE][PASSED] - Delayed 2 second(s)

2020-03-19 15:01:14 - [TEST_STEP][PASSED] - click(findTestObject("ADMIN/Custom Item Fields Page/a_Default/button_Save1"), STOP_ON_FAILURE): Object: 'Object Repository/ADMIN/Custom Item Fields Page/a_Default/button_Save1' is clicked on

2020-03-19 15:01:14 - [MESSAGE][PASSED] - Object: 'Object Repository/ADMIN/Custom Item Fields Page/a_Default/button_Save1' is clicked on

2020-03-19 15:01:14 - [TEST_STEP][PASSED] - waitForElementVisible(findTestObject("ADMIN/Custom Item Fields List Page/button_Add Field"), 0): Object 'Object Repository/ADMIN/Custom Item Fields List Page/button_Add Field' is visible

2020-03-19 15:01:14 - [MESSAGE][WARNING] - Timeout '0' is invalid. Using default page load timeout: '30'

2020-03-19 15:01:15 - [MESSAGE][PASSED] - Object 'Object Repository/ADMIN/Custom Item Fields List Page/button_Add Field' is visible]]></system-out>
         <system-err><![CDATA[]]></system-err>
      </testcase>
      <testcase name="Test Cases/ADMIN/Custom Fields Page/Add Custom Item Fields/Add_CF_DataDriven" time="7.063" classname="Test Cases/ADMIN/Custom Fields Page/Add Custom Item Fields/Add_CF_DataDriven" status="PASSED">
         <system-out><![CDATA[2020-03-19 15:01:15 - [TEST_CASE][PASSED] - Test Cases/ADMIN/Custom Fields Page/Add Custom Item Fields/Add_CF_DataDriven: Test Cases/ADMIN/Custom Fields Page/Add Custom Item Fields/Add_CF_DataDriven

2020-03-19 15:01:15 - [TEST_STEP][PASSED] - waitForElementVisible(findTestObject("ADMIN/Custom Item Fields List Page/button_Add Field"), 0): Object 'Object Repository/ADMIN/Custom Item Fields List Page/button_Add Field' is visible

2020-03-19 15:01:15 - [MESSAGE][WARNING] - Timeout '0' is invalid. Using default page load timeout: '30'

2020-03-19 15:01:16 - [MESSAGE][PASSED] - Object 'Object Repository/ADMIN/Custom Item Fields List Page/button_Add Field' is visible

2020-03-19 15:01:16 - [TEST_STEP][PASSED] - click(findTestObject("ADMIN/Custom Item Fields List Page/button_Add Field"), STOP_ON_FAILURE): Object: 'Object Repository/ADMIN/Custom Item Fields List Page/button_Add Field' is clicked on

2020-03-19 15:01:17 - [MESSAGE][PASSED] - Object: 'Object Repository/ADMIN/Custom Item Fields List Page/button_Add Field' is clicked on

2020-03-19 15:01:17 - [TEST_STEP][PASSED] - comment("Choose Field Type"): Choose Field Type

2020-03-19 15:01:17 - [MESSAGE][INFO] - Choose Field Type

2020-03-19 15:01:17 - [TEST_STEP][PASSED] - if (varCustomFieldType == "Checkbox"): null

2020-03-19 15:01:17 - [TEST_STEP][PASSED] - else if (varCustomFieldType == "Date / Time picker"): null

2020-03-19 15:01:17 - [TEST_STEP][PASSED] - else if (varCustomFieldType == "Drop Down"): null

2020-03-19 15:01:17 - [TEST_STEP][PASSED] - else if (varCustomFieldType == "Email"): All options with label 'Email' are selected in object 'Object Repository/ADMIN/Custom Item Fields Page/a_Default/dropdown_fieldtype' 

2020-03-19 15:01:17 - [TEST_STEP][PASSED] - waitForElementVisible(findTestObject("ADMIN/Custom Item Fields Page/a_Default/dropdown_fieldtype"), 0, CONTINUE_ON_FAILURE): Object 'Object Repository/ADMIN/Custom Item Fields Page/a_Default/dropdown_fieldtype' is visible

2020-03-19 15:01:17 - [MESSAGE][WARNING] - Timeout '0' is invalid. Using default page load timeout: '30'

2020-03-19 15:01:17 - [MESSAGE][PASSED] - Object 'Object Repository/ADMIN/Custom Item Fields Page/a_Default/dropdown_fieldtype' is visible

2020-03-19 15:01:17 - [TEST_STEP][PASSED] - selectOptionByLabel(findTestObject("ADMIN/Custom Item Fields Page/a_Default/dropdown_fieldtype"), "Email", false): All options with label 'Email' are selected in object 'Object Repository/ADMIN/Custom Item Fields Page/a_Default/dropdown_fieldtype' 

2020-03-19 15:01:17 - [MESSAGE][PASSED] - All options with label 'Email' are selected in object 'Object Repository/ADMIN/Custom Item Fields Page/a_Default/dropdown_fieldtype' 

2020-03-19 15:01:17 - [TEST_STEP][PASSED] - comment("Field Name"): Field Name

2020-03-19 15:01:17 - [MESSAGE][INFO] - Field Name

2020-03-19 15:01:17 - [TEST_STEP][PASSED] - setText(findTestObject("ADMIN/Custom Item Fields Page/a_Default/textfield_fieldname"), varCustomFieldName): Text 'SP_Email_M' is set on object 'Object Repository/ADMIN/Custom Item Fields Page/a_Default/textfield_fieldname'

2020-03-19 15:01:18 - [MESSAGE][PASSED] - Text 'SP_Email_M' is set on object 'Object Repository/ADMIN/Custom Item Fields Page/a_Default/textfield_fieldname'

2020-03-19 15:01:18 - [TEST_STEP][PASSED] - comment("Mandatory/NonMandatory"): Mandatory/NonMandatory

2020-03-19 15:01:18 - [MESSAGE][INFO] - Mandatory/NonMandatory

2020-03-19 15:01:18 - [TEST_STEP][PASSED] - if (varMandatoryNonMandatory == "mandatory"): Object 'Object Repository/ADMIN/Custom Item Fields Page/a_Default/togglebutton_mandatory' is visible

2020-03-19 15:01:18 - [TEST_STEP][PASSED] - waitForElementVisible(findTestObject("ADMIN/Custom Item Fields Page/a_Default/togglebutton_mandatory"), 0, CONTINUE_ON_FAILURE): Object 'Object Repository/ADMIN/Custom Item Fields Page/a_Default/togglebutton_mandatory' is visible

2020-03-19 15:01:18 - [MESSAGE][WARNING] - Timeout '0' is invalid. Using default page load timeout: '30'

2020-03-19 15:01:18 - [MESSAGE][PASSED] - Object 'Object Repository/ADMIN/Custom Item Fields Page/a_Default/togglebutton_mandatory' is visible

2020-03-19 15:01:18 - [TEST_STEP][PASSED] - comment("Assign Category"): Assign Category

2020-03-19 15:01:18 - [MESSAGE][INFO] - Assign Category

2020-03-19 15:01:18 - [TEST_STEP][PASSED] - click(findTestObject("ADMIN/Custom Item Fields Page/a_Default/button_SelectCategories")): Object: 'Object Repository/ADMIN/Custom Item Fields Page/a_Default/button_SelectCategories' is clicked on

2020-03-19 15:01:18 - [MESSAGE][PASSED] - Object: 'Object Repository/ADMIN/Custom Item Fields Page/a_Default/button_SelectCategories' is clicked on

2020-03-19 15:01:18 - [TEST_STEP][PASSED] - waitForElementVisible(findTestObject("ADMIN/Custom Item Fields List Page/a_SelectCategories/searchbox_Category"), 0): Object 'Object Repository/ADMIN/Custom Item Fields List Page/a_SelectCategories/searchbox_Category' is visible

2020-03-19 15:01:18 - [MESSAGE][WARNING] - Timeout '0' is invalid. Using default page load timeout: '30'

2020-03-19 15:01:18 - [MESSAGE][PASSED] - Object 'Object Repository/ADMIN/Custom Item Fields List Page/a_SelectCategories/searchbox_Category' is visible

2020-03-19 15:01:18 - [TEST_STEP][PASSED] - comment("Category Assignment"): Category Assignment

2020-03-19 15:01:18 - [MESSAGE][INFO] - Category Assignment

2020-03-19 15:01:18 - [TEST_STEP][PASSED] - if (varAssignedCategory == "All Cat"): null

2020-03-19 15:01:18 - [TEST_STEP][PASSED] - else if (varAssignedCategory == "Category 01"): Object: 'Object Repository/ADMIN/Custom Item Fields List Page/a_SelectCategories/a_Categories/checkbox_1' is clicked on

2020-03-19 15:01:18 - [TEST_STEP][PASSED] - setText(findTestObject("ADMIN/Custom Item Fields List Page/a_SelectCategories/searchbox_Category"), varAssignedCategory, CONTINUE_ON_FAILURE): Text 'Category 01' is set on object 'Object Repository/ADMIN/Custom Item Fields List Page/a_SelectCategories/searchbox_Category'

2020-03-19 15:01:18 - [MESSAGE][PASSED] - Text 'Category 01' is set on object 'Object Repository/ADMIN/Custom Item Fields List Page/a_SelectCategories/searchbox_Category'

2020-03-19 15:01:18 - [TEST_STEP][PASSED] - click(findTestObject("ADMIN/Custom Item Fields List Page/a_SelectCategories/a_Categories/checkbox_1")): Object: 'Object Repository/ADMIN/Custom Item Fields List Page/a_SelectCategories/a_Categories/checkbox_1' is clicked on

2020-03-19 15:01:19 - [MESSAGE][PASSED] - Object: 'Object Repository/ADMIN/Custom Item Fields List Page/a_SelectCategories/a_Categories/checkbox_1' is clicked on

2020-03-19 15:01:19 - [TEST_STEP][PASSED] - click(findTestObject("ADMIN/Custom Item Fields List Page/a_SelectCategories/button_Save"), STOP_ON_FAILURE): Object: 'Object Repository/ADMIN/Custom Item Fields List Page/a_SelectCategories/button_Save' is clicked on

2020-03-19 15:01:19 - [MESSAGE][PASSED] - Object: 'Object Repository/ADMIN/Custom Item Fields List Page/a_SelectCategories/button_Save' is clicked on

2020-03-19 15:01:19 - [TEST_STEP][PASSED] - delay(2, CONTINUE_ON_FAILURE): Delayed 2 second(s)

2020-03-19 15:01:21 - [MESSAGE][PASSED] - Delayed 2 second(s)

2020-03-19 15:01:21 - [TEST_STEP][PASSED] - click(findTestObject("ADMIN/Custom Item Fields Page/a_Default/button_Save1"), STOP_ON_FAILURE): Object: 'Object Repository/ADMIN/Custom Item Fields Page/a_Default/button_Save1' is clicked on

2020-03-19 15:01:21 - [MESSAGE][PASSED] - Object: 'Object Repository/ADMIN/Custom Item Fields Page/a_Default/button_Save1' is clicked on

2020-03-19 15:01:21 - [TEST_STEP][PASSED] - waitForElementVisible(findTestObject("ADMIN/Custom Item Fields List Page/button_Add Field"), 0): Object 'Object Repository/ADMIN/Custom Item Fields List Page/button_Add Field' is visible

2020-03-19 15:01:21 - [MESSAGE][WARNING] - Timeout '0' is invalid. Using default page load timeout: '30'

2020-03-19 15:01:22 - [MESSAGE][PASSED] - Object 'Object Repository/ADMIN/Custom Item Fields List Page/button_Add Field' is visible]]></system-out>
         <system-err><![CDATA[]]></system-err>
      </testcase>
      <testcase name="Test Cases/ADMIN/Custom Fields Page/Add Custom Item Fields/Add_CF_DataDriven" time="7.844" classname="Test Cases/ADMIN/Custom Fields Page/Add Custom Item Fields/Add_CF_DataDriven" status="PASSED">
         <system-out><![CDATA[2020-03-19 15:01:22 - [TEST_CASE][PASSED] - Test Cases/ADMIN/Custom Fields Page/Add Custom Item Fields/Add_CF_DataDriven: Test Cases/ADMIN/Custom Fields Page/Add Custom Item Fields/Add_CF_DataDriven

2020-03-19 15:01:22 - [TEST_STEP][PASSED] - waitForElementVisible(findTestObject("ADMIN/Custom Item Fields List Page/button_Add Field"), 0): Object 'Object Repository/ADMIN/Custom Item Fields List Page/button_Add Field' is visible

2020-03-19 15:01:22 - [MESSAGE][WARNING] - Timeout '0' is invalid. Using default page load timeout: '30'

2020-03-19 15:01:22 - [MESSAGE][PASSED] - Object 'Object Repository/ADMIN/Custom Item Fields List Page/button_Add Field' is visible

2020-03-19 15:01:22 - [TEST_STEP][PASSED] - click(findTestObject("ADMIN/Custom Item Fields List Page/button_Add Field"), STOP_ON_FAILURE): Object: 'Object Repository/ADMIN/Custom Item Fields List Page/button_Add Field' is clicked on

2020-03-19 15:01:23 - [MESSAGE][PASSED] - Object: 'Object Repository/ADMIN/Custom Item Fields List Page/button_Add Field' is clicked on

2020-03-19 15:01:23 - [TEST_STEP][PASSED] - comment("Choose Field Type"): Choose Field Type

2020-03-19 15:01:23 - [MESSAGE][INFO] - Choose Field Type

2020-03-19 15:01:23 - [TEST_STEP][PASSED] - if (varCustomFieldType == "Checkbox"): null

2020-03-19 15:01:23 - [TEST_STEP][PASSED] - else if (varCustomFieldType == "Date / Time picker"): null

2020-03-19 15:01:23 - [TEST_STEP][PASSED] - else if (varCustomFieldType == "Drop Down"): null

2020-03-19 15:01:23 - [TEST_STEP][PASSED] - else if (varCustomFieldType == "Email"): null

2020-03-19 15:01:23 - [TEST_STEP][PASSED] - else if (varCustomFieldType == "Embed Video"): null

2020-03-19 15:01:23 - [TEST_STEP][PASSED] - else if (varCustomFieldType == "Hyperlink / URL"): null

2020-03-19 15:01:23 - [TEST_STEP][PASSED] - else if (varCustomFieldType == "Location"): null

2020-03-19 15:01:23 - [TEST_STEP][PASSED] - else if (varCustomFieldType == "Number"): null

2020-03-19 15:01:23 - [TEST_STEP][PASSED] - else if (varCustomFieldType == "PDF File"): null

2020-03-19 15:01:23 - [TEST_STEP][PASSED] - else if (varCustomFieldType == "Percentage"): All options with label 'Percentage' are selected in object 'Object Repository/ADMIN/Custom Item Fields Page/a_Default/dropdown_fieldtype' 

2020-03-19 15:01:23 - [TEST_STEP][PASSED] - waitForElementVisible(findTestObject("ADMIN/Custom Item Fields Page/a_Default/dropdown_fieldtype"), 0, CONTINUE_ON_FAILURE): Object 'Object Repository/ADMIN/Custom Item Fields Page/a_Default/dropdown_fieldtype' is visible

2020-03-19 15:01:23 - [MESSAGE][WARNING] - Timeout '0' is invalid. Using default page load timeout: '30'

2020-03-19 15:01:24 - [MESSAGE][PASSED] - Object 'Object Repository/ADMIN/Custom Item Fields Page/a_Default/dropdown_fieldtype' is visible

2020-03-19 15:01:24 - [TEST_STEP][PASSED] - selectOptionByLabel(findTestObject("ADMIN/Custom Item Fields Page/a_Default/dropdown_fieldtype"), "Percentage", false): All options with label 'Percentage' are selected in object 'Object Repository/ADMIN/Custom Item Fields Page/a_Default/dropdown_fieldtype' 

2020-03-19 15:01:24 - [MESSAGE][PASSED] - All options with label 'Percentage' are selected in object 'Object Repository/ADMIN/Custom Item Fields Page/a_Default/dropdown_fieldtype' 

2020-03-19 15:01:24 - [TEST_STEP][PASSED] - comment("Field Name"): Field Name

2020-03-19 15:01:24 - [MESSAGE][INFO] - Field Name

2020-03-19 15:01:24 - [TEST_STEP][PASSED] - setText(findTestObject("ADMIN/Custom Item Fields Page/a_Default/textfield_fieldname"), varCustomFieldName): Text 'SP_Percentage_M' is set on object 'Object Repository/ADMIN/Custom Item Fields Page/a_Default/textfield_fieldname'

2020-03-19 15:01:24 - [MESSAGE][PASSED] - Text 'SP_Percentage_M' is set on object 'Object Repository/ADMIN/Custom Item Fields Page/a_Default/textfield_fieldname'

2020-03-19 15:01:24 - [TEST_STEP][PASSED] - comment("Mandatory/NonMandatory"): Mandatory/NonMandatory

2020-03-19 15:01:24 - [MESSAGE][INFO] - Mandatory/NonMandatory

2020-03-19 15:01:24 - [TEST_STEP][PASSED] - if (varMandatoryNonMandatory == "mandatory"): Object 'Object Repository/ADMIN/Custom Item Fields Page/a_Default/togglebutton_mandatory' is visible

2020-03-19 15:01:24 - [TEST_STEP][PASSED] - waitForElementVisible(findTestObject("ADMIN/Custom Item Fields Page/a_Default/togglebutton_mandatory"), 0, CONTINUE_ON_FAILURE): Object 'Object Repository/ADMIN/Custom Item Fields Page/a_Default/togglebutton_mandatory' is visible

2020-03-19 15:01:24 - [MESSAGE][WARNING] - Timeout '0' is invalid. Using default page load timeout: '30'

2020-03-19 15:01:24 - [MESSAGE][PASSED] - Object 'Object Repository/ADMIN/Custom Item Fields Page/a_Default/togglebutton_mandatory' is visible

2020-03-19 15:01:24 - [TEST_STEP][PASSED] - comment("Assign Category"): Assign Category

2020-03-19 15:01:24 - [MESSAGE][INFO] - Assign Category

2020-03-19 15:01:24 - [TEST_STEP][PASSED] - click(findTestObject("ADMIN/Custom Item Fields Page/a_Default/button_SelectCategories")): Object: 'Object Repository/ADMIN/Custom Item Fields Page/a_Default/button_SelectCategories' is clicked on

2020-03-19 15:01:25 - [MESSAGE][PASSED] - Object: 'Object Repository/ADMIN/Custom Item Fields Page/a_Default/button_SelectCategories' is clicked on

2020-03-19 15:01:25 - [TEST_STEP][PASSED] - waitForElementVisible(findTestObject("ADMIN/Custom Item Fields List Page/a_SelectCategories/searchbox_Category"), 0): Object 'Object Repository/ADMIN/Custom Item Fields List Page/a_SelectCategories/searchbox_Category' is visible

2020-03-19 15:01:25 - [MESSAGE][WARNING] - Timeout '0' is invalid. Using default page load timeout: '30'

2020-03-19 15:01:25 - [MESSAGE][PASSED] - Object 'Object Repository/ADMIN/Custom Item Fields List Page/a_SelectCategories/searchbox_Category' is visible

2020-03-19 15:01:25 - [TEST_STEP][PASSED] - comment("Category Assignment"): Category Assignment

2020-03-19 15:01:25 - [MESSAGE][INFO] - Category Assignment

2020-03-19 15:01:25 - [TEST_STEP][PASSED] - if (varAssignedCategory == "All Cat"): null

2020-03-19 15:01:25 - [TEST_STEP][PASSED] - else if (varAssignedCategory == "Category 01"): Object: 'Object Repository/ADMIN/Custom Item Fields List Page/a_SelectCategories/a_Categories/checkbox_1' is clicked on

2020-03-19 15:01:25 - [TEST_STEP][PASSED] - setText(findTestObject("ADMIN/Custom Item Fields List Page/a_SelectCategories/searchbox_Category"), varAssignedCategory, CONTINUE_ON_FAILURE): Text 'Category 01' is set on object 'Object Repository/ADMIN/Custom Item Fields List Page/a_SelectCategories/searchbox_Category'

2020-03-19 15:01:26 - [MESSAGE][PASSED] - Text 'Category 01' is set on object 'Object Repository/ADMIN/Custom Item Fields List Page/a_SelectCategories/searchbox_Category'

2020-03-19 15:01:26 - [TEST_STEP][PASSED] - click(findTestObject("ADMIN/Custom Item Fields List Page/a_SelectCategories/a_Categories/checkbox_1")): Object: 'Object Repository/ADMIN/Custom Item Fields List Page/a_SelectCategories/a_Categories/checkbox_1' is clicked on

2020-03-19 15:01:26 - [MESSAGE][PASSED] - Object: 'Object Repository/ADMIN/Custom Item Fields List Page/a_SelectCategories/a_Categories/checkbox_1' is clicked on

2020-03-19 15:01:26 - [TEST_STEP][PASSED] - click(findTestObject("ADMIN/Custom Item Fields List Page/a_SelectCategories/button_Save"), STOP_ON_FAILURE): Object: 'Object Repository/ADMIN/Custom Item Fields List Page/a_SelectCategories/button_Save' is clicked on

2020-03-19 15:01:26 - [MESSAGE][PASSED] - Object: 'Object Repository/ADMIN/Custom Item Fields List Page/a_SelectCategories/button_Save' is clicked on

2020-03-19 15:01:26 - [TEST_STEP][PASSED] - delay(2, CONTINUE_ON_FAILURE): Delayed 2 second(s)

2020-03-19 15:01:28 - [MESSAGE][PASSED] - Delayed 2 second(s)

2020-03-19 15:01:28 - [TEST_STEP][PASSED] - click(findTestObject("ADMIN/Custom Item Fields Page/a_Default/button_Save1"), STOP_ON_FAILURE): Object: 'Object Repository/ADMIN/Custom Item Fields Page/a_Default/button_Save1' is clicked on

2020-03-19 15:01:28 - [MESSAGE][PASSED] - Object: 'Object Repository/ADMIN/Custom Item Fields Page/a_Default/button_Save1' is clicked on

2020-03-19 15:01:28 - [TEST_STEP][PASSED] - waitForElementVisible(findTestObject("ADMIN/Custom Item Fields List Page/button_Add Field"), 0): Object 'Object Repository/ADMIN/Custom Item Fields List Page/button_Add Field' is visible

2020-03-19 15:01:28 - [MESSAGE][WARNING] - Timeout '0' is invalid. Using default page load timeout: '30'

2020-03-19 15:01:30 - [MESSAGE][PASSED] - Object 'Object Repository/ADMIN/Custom Item Fields List Page/button_Add Field' is visible]]></system-out>
         <system-err><![CDATA[]]></system-err>
      </testcase>
      <testcase name="Test Cases/ADMIN/Custom Fields Page/Add Custom Item Fields/Add_CF_DataDriven" time="6.894" classname="Test Cases/ADMIN/Custom Fields Page/Add Custom Item Fields/Add_CF_DataDriven" status="PASSED">
         <system-out><![CDATA[2020-03-19 15:01:30 - [TEST_CASE][PASSED] - Test Cases/ADMIN/Custom Fields Page/Add Custom Item Fields/Add_CF_DataDriven: Test Cases/ADMIN/Custom Fields Page/Add Custom Item Fields/Add_CF_DataDriven

2020-03-19 15:01:30 - [TEST_STEP][PASSED] - waitForElementVisible(findTestObject("ADMIN/Custom Item Fields List Page/button_Add Field"), 0): Object 'Object Repository/ADMIN/Custom Item Fields List Page/button_Add Field' is visible

2020-03-19 15:01:30 - [MESSAGE][WARNING] - Timeout '0' is invalid. Using default page load timeout: '30'

2020-03-19 15:01:30 - [MESSAGE][PASSED] - Object 'Object Repository/ADMIN/Custom Item Fields List Page/button_Add Field' is visible

2020-03-19 15:01:30 - [TEST_STEP][PASSED] - click(findTestObject("ADMIN/Custom Item Fields List Page/button_Add Field"), STOP_ON_FAILURE): Object: 'Object Repository/ADMIN/Custom Item Fields List Page/button_Add Field' is clicked on

2020-03-19 15:01:31 - [MESSAGE][PASSED] - Object: 'Object Repository/ADMIN/Custom Item Fields List Page/button_Add Field' is clicked on

2020-03-19 15:01:31 - [TEST_STEP][PASSED] - comment("Choose Field Type"): Choose Field Type

2020-03-19 15:01:31 - [MESSAGE][INFO] - Choose Field Type

2020-03-19 15:01:31 - [TEST_STEP][PASSED] - if (varCustomFieldType == "Checkbox"): null

2020-03-19 15:01:31 - [TEST_STEP][PASSED] - else if (varCustomFieldType == "Date / Time picker"): null

2020-03-19 15:01:31 - [TEST_STEP][PASSED] - else if (varCustomFieldType == "Drop Down"): null

2020-03-19 15:01:31 - [TEST_STEP][PASSED] - else if (varCustomFieldType == "Email"): null

2020-03-19 15:01:31 - [TEST_STEP][PASSED] - else if (varCustomFieldType == "Embed Video"): null

2020-03-19 15:01:31 - [TEST_STEP][PASSED] - else if (varCustomFieldType == "Hyperlink / URL"): null

2020-03-19 15:01:31 - [TEST_STEP][PASSED] - else if (varCustomFieldType == "Location"): null

2020-03-19 15:01:31 - [TEST_STEP][PASSED] - else if (varCustomFieldType == "Number"): All options with label 'Number' are selected in object 'Object Repository/ADMIN/Custom Item Fields Page/a_Default/dropdown_fieldtype' 

2020-03-19 15:01:31 - [TEST_STEP][PASSED] - waitForElementVisible(findTestObject("ADMIN/Custom Item Fields Page/a_Default/dropdown_fieldtype"), 0, CONTINUE_ON_FAILURE): Object 'Object Repository/ADMIN/Custom Item Fields Page/a_Default/dropdown_fieldtype' is visible

2020-03-19 15:01:31 - [MESSAGE][WARNING] - Timeout '0' is invalid. Using default page load timeout: '30'

2020-03-19 15:01:32 - [MESSAGE][PASSED] - Object 'Object Repository/ADMIN/Custom Item Fields Page/a_Default/dropdown_fieldtype' is visible

2020-03-19 15:01:32 - [TEST_STEP][PASSED] - selectOptionByLabel(findTestObject("ADMIN/Custom Item Fields Page/a_Default/dropdown_fieldtype"), "Number", false): All options with label 'Number' are selected in object 'Object Repository/ADMIN/Custom Item Fields Page/a_Default/dropdown_fieldtype' 

2020-03-19 15:01:32 - [MESSAGE][PASSED] - All options with label 'Number' are selected in object 'Object Repository/ADMIN/Custom Item Fields Page/a_Default/dropdown_fieldtype' 

2020-03-19 15:01:32 - [TEST_STEP][PASSED] - comment("Field Name"): Field Name

2020-03-19 15:01:32 - [MESSAGE][INFO] - Field Name

2020-03-19 15:01:32 - [TEST_STEP][PASSED] - setText(findTestObject("ADMIN/Custom Item Fields Page/a_Default/textfield_fieldname"), varCustomFieldName): Text 'SP_Number_M1' is set on object 'Object Repository/ADMIN/Custom Item Fields Page/a_Default/textfield_fieldname'

2020-03-19 15:01:32 - [MESSAGE][PASSED] - Text 'SP_Number_M1' is set on object 'Object Repository/ADMIN/Custom Item Fields Page/a_Default/textfield_fieldname'

2020-03-19 15:01:32 - [TEST_STEP][PASSED] - comment("Mandatory/NonMandatory"): Mandatory/NonMandatory

2020-03-19 15:01:32 - [MESSAGE][INFO] - Mandatory/NonMandatory

2020-03-19 15:01:32 - [TEST_STEP][PASSED] - if (varMandatoryNonMandatory == "mandatory"): Object 'Object Repository/ADMIN/Custom Item Fields Page/a_Default/togglebutton_mandatory' is visible

2020-03-19 15:01:32 - [TEST_STEP][PASSED] - waitForElementVisible(findTestObject("ADMIN/Custom Item Fields Page/a_Default/togglebutton_mandatory"), 0, CONTINUE_ON_FAILURE): Object 'Object Repository/ADMIN/Custom Item Fields Page/a_Default/togglebutton_mandatory' is visible

2020-03-19 15:01:32 - [MESSAGE][WARNING] - Timeout '0' is invalid. Using default page load timeout: '30'

2020-03-19 15:01:32 - [MESSAGE][PASSED] - Object 'Object Repository/ADMIN/Custom Item Fields Page/a_Default/togglebutton_mandatory' is visible

2020-03-19 15:01:32 - [TEST_STEP][PASSED] - comment("Assign Category"): Assign Category

2020-03-19 15:01:32 - [MESSAGE][INFO] - Assign Category

2020-03-19 15:01:32 - [TEST_STEP][PASSED] - click(findTestObject("ADMIN/Custom Item Fields Page/a_Default/button_SelectCategories")): Object: 'Object Repository/ADMIN/Custom Item Fields Page/a_Default/button_SelectCategories' is clicked on

2020-03-19 15:01:32 - [MESSAGE][PASSED] - Object: 'Object Repository/ADMIN/Custom Item Fields Page/a_Default/button_SelectCategories' is clicked on

2020-03-19 15:01:32 - [TEST_STEP][PASSED] - waitForElementVisible(findTestObject("ADMIN/Custom Item Fields List Page/a_SelectCategories/searchbox_Category"), 0): Object 'Object Repository/ADMIN/Custom Item Fields List Page/a_SelectCategories/searchbox_Category' is visible

2020-03-19 15:01:32 - [MESSAGE][WARNING] - Timeout '0' is invalid. Using default page load timeout: '30'

2020-03-19 15:01:32 - [MESSAGE][PASSED] - Object 'Object Repository/ADMIN/Custom Item Fields List Page/a_SelectCategories/searchbox_Category' is visible

2020-03-19 15:01:32 - [TEST_STEP][PASSED] - comment("Category Assignment"): Category Assignment

2020-03-19 15:01:32 - [MESSAGE][INFO] - Category Assignment

2020-03-19 15:01:32 - [TEST_STEP][PASSED] - if (varAssignedCategory == "All Cat"): null

2020-03-19 15:01:32 - [TEST_STEP][PASSED] - else if (varAssignedCategory == "Category 01"): Object: 'Object Repository/ADMIN/Custom Item Fields List Page/a_SelectCategories/a_Categories/checkbox_1' is clicked on

2020-03-19 15:01:32 - [TEST_STEP][PASSED] - setText(findTestObject("ADMIN/Custom Item Fields List Page/a_SelectCategories/searchbox_Category"), varAssignedCategory, CONTINUE_ON_FAILURE): Text 'Category 01' is set on object 'Object Repository/ADMIN/Custom Item Fields List Page/a_SelectCategories/searchbox_Category'

2020-03-19 15:01:33 - [MESSAGE][PASSED] - Text 'Category 01' is set on object 'Object Repository/ADMIN/Custom Item Fields List Page/a_SelectCategories/searchbox_Category'

2020-03-19 15:01:33 - [TEST_STEP][PASSED] - click(findTestObject("ADMIN/Custom Item Fields List Page/a_SelectCategories/a_Categories/checkbox_1")): Object: 'Object Repository/ADMIN/Custom Item Fields List Page/a_SelectCategories/a_Categories/checkbox_1' is clicked on

2020-03-19 15:01:33 - [MESSAGE][PASSED] - Object: 'Object Repository/ADMIN/Custom Item Fields List Page/a_SelectCategories/a_Categories/checkbox_1' is clicked on

2020-03-19 15:01:33 - [TEST_STEP][PASSED] - click(findTestObject("ADMIN/Custom Item Fields List Page/a_SelectCategories/button_Save"), STOP_ON_FAILURE): Object: 'Object Repository/ADMIN/Custom Item Fields List Page/a_SelectCategories/button_Save' is clicked on

2020-03-19 15:01:33 - [MESSAGE][PASSED] - Object: 'Object Repository/ADMIN/Custom Item Fields List Page/a_SelectCategories/button_Save' is clicked on

2020-03-19 15:01:33 - [TEST_STEP][PASSED] - delay(2, CONTINUE_ON_FAILURE): Delayed 2 second(s)

2020-03-19 15:01:35 - [MESSAGE][PASSED] - Delayed 2 second(s)

2020-03-19 15:01:35 - [TEST_STEP][PASSED] - click(findTestObject("ADMIN/Custom Item Fields Page/a_Default/button_Save1"), STOP_ON_FAILURE): Object: 'Object Repository/ADMIN/Custom Item Fields Page/a_Default/button_Save1' is clicked on

2020-03-19 15:01:35 - [MESSAGE][PASSED] - Object: 'Object Repository/ADMIN/Custom Item Fields Page/a_Default/button_Save1' is clicked on

2020-03-19 15:01:35 - [TEST_STEP][PASSED] - waitForElementVisible(findTestObject("ADMIN/Custom Item Fields List Page/button_Add Field"), 0): Object 'Object Repository/ADMIN/Custom Item Fields List Page/button_Add Field' is visible

2020-03-19 15:01:35 - [MESSAGE][WARNING] - Timeout '0' is invalid. Using default page load timeout: '30'

2020-03-19 15:01:37 - [MESSAGE][PASSED] - Object 'Object Repository/ADMIN/Custom Item Fields List Page/button_Add Field' is visible]]></system-out>
         <system-err><![CDATA[]]></system-err>
      </testcase>
      <testcase name="Test Cases/ADMIN/Custom Fields Page/Add Custom Item Fields/Add_CF_DataDriven" time="7.569" classname="Test Cases/ADMIN/Custom Fields Page/Add Custom Item Fields/Add_CF_DataDriven" status="PASSED">
         <system-out><![CDATA[2020-03-19 15:01:37 - [TEST_CASE][PASSED] - Test Cases/ADMIN/Custom Fields Page/Add Custom Item Fields/Add_CF_DataDriven: Test Cases/ADMIN/Custom Fields Page/Add Custom Item Fields/Add_CF_DataDriven

2020-03-19 15:01:37 - [TEST_STEP][PASSED] - waitForElementVisible(findTestObject("ADMIN/Custom Item Fields List Page/button_Add Field"), 0): Object 'Object Repository/ADMIN/Custom Item Fields List Page/button_Add Field' is visible

2020-03-19 15:01:37 - [MESSAGE][WARNING] - Timeout '0' is invalid. Using default page load timeout: '30'

2020-03-19 15:01:37 - [MESSAGE][PASSED] - Object 'Object Repository/ADMIN/Custom Item Fields List Page/button_Add Field' is visible

2020-03-19 15:01:37 - [TEST_STEP][PASSED] - click(findTestObject("ADMIN/Custom Item Fields List Page/button_Add Field"), STOP_ON_FAILURE): Object: 'Object Repository/ADMIN/Custom Item Fields List Page/button_Add Field' is clicked on

2020-03-19 15:01:38 - [MESSAGE][PASSED] - Object: 'Object Repository/ADMIN/Custom Item Fields List Page/button_Add Field' is clicked on

2020-03-19 15:01:38 - [TEST_STEP][PASSED] - comment("Choose Field Type"): Choose Field Type

2020-03-19 15:01:38 - [MESSAGE][INFO] - Choose Field Type

2020-03-19 15:01:38 - [TEST_STEP][PASSED] - if (varCustomFieldType == "Checkbox"): null

2020-03-19 15:01:38 - [TEST_STEP][PASSED] - else if (varCustomFieldType == "Date / Time picker"): null

2020-03-19 15:01:38 - [TEST_STEP][PASSED] - else if (varCustomFieldType == "Drop Down"): null

2020-03-19 15:01:38 - [TEST_STEP][PASSED] - else if (varCustomFieldType == "Email"): null

2020-03-19 15:01:38 - [TEST_STEP][PASSED] - else if (varCustomFieldType == "Embed Video"): null

2020-03-19 15:01:38 - [TEST_STEP][PASSED] - else if (varCustomFieldType == "Hyperlink / URL"): null

2020-03-19 15:01:38 - [TEST_STEP][PASSED] - else if (varCustomFieldType == "Location"): null

2020-03-19 15:01:38 - [TEST_STEP][PASSED] - else if (varCustomFieldType == "Number"): All options with label 'Number' are selected in object 'Object Repository/ADMIN/Custom Item Fields Page/a_Default/dropdown_fieldtype' 

2020-03-19 15:01:38 - [TEST_STEP][PASSED] - waitForElementVisible(findTestObject("ADMIN/Custom Item Fields Page/a_Default/dropdown_fieldtype"), 0, CONTINUE_ON_FAILURE): Object 'Object Repository/ADMIN/Custom Item Fields Page/a_Default/dropdown_fieldtype' is visible

2020-03-19 15:01:38 - [MESSAGE][WARNING] - Timeout '0' is invalid. Using default page load timeout: '30'

2020-03-19 15:01:38 - [MESSAGE][PASSED] - Object 'Object Repository/ADMIN/Custom Item Fields Page/a_Default/dropdown_fieldtype' is visible

2020-03-19 15:01:38 - [TEST_STEP][PASSED] - selectOptionByLabel(findTestObject("ADMIN/Custom Item Fields Page/a_Default/dropdown_fieldtype"), "Number", false): All options with label 'Number' are selected in object 'Object Repository/ADMIN/Custom Item Fields Page/a_Default/dropdown_fieldtype' 

2020-03-19 15:01:39 - [MESSAGE][PASSED] - All options with label 'Number' are selected in object 'Object Repository/ADMIN/Custom Item Fields Page/a_Default/dropdown_fieldtype' 

2020-03-19 15:01:39 - [TEST_STEP][PASSED] - comment("Field Name"): Field Name

2020-03-19 15:01:39 - [MESSAGE][INFO] - Field Name

2020-03-19 15:01:39 - [TEST_STEP][PASSED] - setText(findTestObject("ADMIN/Custom Item Fields Page/a_Default/textfield_fieldname"), varCustomFieldName): Text 'SP_Number_M2' is set on object 'Object Repository/ADMIN/Custom Item Fields Page/a_Default/textfield_fieldname'

2020-03-19 15:01:39 - [MESSAGE][PASSED] - Text 'SP_Number_M2' is set on object 'Object Repository/ADMIN/Custom Item Fields Page/a_Default/textfield_fieldname'

2020-03-19 15:01:39 - [TEST_STEP][PASSED] - comment("Mandatory/NonMandatory"): Mandatory/NonMandatory

2020-03-19 15:01:39 - [MESSAGE][INFO] - Mandatory/NonMandatory

2020-03-19 15:01:39 - [TEST_STEP][PASSED] - if (varMandatoryNonMandatory == "mandatory"): Object 'Object Repository/ADMIN/Custom Item Fields Page/a_Default/togglebutton_mandatory' is visible

2020-03-19 15:01:39 - [TEST_STEP][PASSED] - waitForElementVisible(findTestObject("ADMIN/Custom Item Fields Page/a_Default/togglebutton_mandatory"), 0, CONTINUE_ON_FAILURE): Object 'Object Repository/ADMIN/Custom Item Fields Page/a_Default/togglebutton_mandatory' is visible

2020-03-19 15:01:39 - [MESSAGE][WARNING] - Timeout '0' is invalid. Using default page load timeout: '30'

2020-03-19 15:01:39 - [MESSAGE][PASSED] - Object 'Object Repository/ADMIN/Custom Item Fields Page/a_Default/togglebutton_mandatory' is visible

2020-03-19 15:01:39 - [TEST_STEP][PASSED] - comment("Assign Category"): Assign Category

2020-03-19 15:01:39 - [MESSAGE][INFO] - Assign Category

2020-03-19 15:01:39 - [TEST_STEP][PASSED] - click(findTestObject("ADMIN/Custom Item Fields Page/a_Default/button_SelectCategories")): Object: 'Object Repository/ADMIN/Custom Item Fields Page/a_Default/button_SelectCategories' is clicked on

2020-03-19 15:01:39 - [MESSAGE][PASSED] - Object: 'Object Repository/ADMIN/Custom Item Fields Page/a_Default/button_SelectCategories' is clicked on

2020-03-19 15:01:39 - [TEST_STEP][PASSED] - waitForElementVisible(findTestObject("ADMIN/Custom Item Fields List Page/a_SelectCategories/searchbox_Category"), 0): Object 'Object Repository/ADMIN/Custom Item Fields List Page/a_SelectCategories/searchbox_Category' is visible

2020-03-19 15:01:39 - [MESSAGE][WARNING] - Timeout '0' is invalid. Using default page load timeout: '30'

2020-03-19 15:01:40 - [MESSAGE][PASSED] - Object 'Object Repository/ADMIN/Custom Item Fields List Page/a_SelectCategories/searchbox_Category' is visible

2020-03-19 15:01:40 - [TEST_STEP][PASSED] - comment("Category Assignment"): Category Assignment

2020-03-19 15:01:40 - [MESSAGE][INFO] - Category Assignment

2020-03-19 15:01:40 - [TEST_STEP][PASSED] - if (varAssignedCategory == "All Cat"): null

2020-03-19 15:01:40 - [TEST_STEP][PASSED] - else if (varAssignedCategory == "Category 01"): Object: 'Object Repository/ADMIN/Custom Item Fields List Page/a_SelectCategories/a_Categories/checkbox_1' is clicked on

2020-03-19 15:01:40 - [TEST_STEP][PASSED] - setText(findTestObject("ADMIN/Custom Item Fields List Page/a_SelectCategories/searchbox_Category"), varAssignedCategory, CONTINUE_ON_FAILURE): Text 'Category 01' is set on object 'Object Repository/ADMIN/Custom Item Fields List Page/a_SelectCategories/searchbox_Category'

2020-03-19 15:01:40 - [MESSAGE][PASSED] - Text 'Category 01' is set on object 'Object Repository/ADMIN/Custom Item Fields List Page/a_SelectCategories/searchbox_Category'

2020-03-19 15:01:40 - [TEST_STEP][PASSED] - click(findTestObject("ADMIN/Custom Item Fields List Page/a_SelectCategories/a_Categories/checkbox_1")): Object: 'Object Repository/ADMIN/Custom Item Fields List Page/a_SelectCategories/a_Categories/checkbox_1' is clicked on

2020-03-19 15:01:41 - [MESSAGE][PASSED] - Object: 'Object Repository/ADMIN/Custom Item Fields List Page/a_SelectCategories/a_Categories/checkbox_1' is clicked on

2020-03-19 15:01:41 - [TEST_STEP][PASSED] - click(findTestObject("ADMIN/Custom Item Fields List Page/a_SelectCategories/button_Save"), STOP_ON_FAILURE): Object: 'Object Repository/ADMIN/Custom Item Fields List Page/a_SelectCategories/button_Save' is clicked on

2020-03-19 15:01:41 - [MESSAGE][PASSED] - Object: 'Object Repository/ADMIN/Custom Item Fields List Page/a_SelectCategories/button_Save' is clicked on

2020-03-19 15:01:41 - [TEST_STEP][PASSED] - delay(2, CONTINUE_ON_FAILURE): Delayed 2 second(s)

2020-03-19 15:01:43 - [MESSAGE][PASSED] - Delayed 2 second(s)

2020-03-19 15:01:43 - [TEST_STEP][PASSED] - click(findTestObject("ADMIN/Custom Item Fields Page/a_Default/button_Save1"), STOP_ON_FAILURE): Object: 'Object Repository/ADMIN/Custom Item Fields Page/a_Default/button_Save1' is clicked on

2020-03-19 15:01:43 - [MESSAGE][PASSED] - Object: 'Object Repository/ADMIN/Custom Item Fields Page/a_Default/button_Save1' is clicked on

2020-03-19 15:01:43 - [TEST_STEP][PASSED] - waitForElementVisible(findTestObject("ADMIN/Custom Item Fields List Page/button_Add Field"), 0): Object 'Object Repository/ADMIN/Custom Item Fields List Page/button_Add Field' is visible

2020-03-19 15:01:43 - [MESSAGE][WARNING] - Timeout '0' is invalid. Using default page load timeout: '30'

2020-03-19 15:01:45 - [MESSAGE][PASSED] - Object 'Object Repository/ADMIN/Custom Item Fields List Page/button_Add Field' is visible]]></system-out>
         <system-err><![CDATA[]]></system-err>
      </testcase>
      <testcase name="Test Cases/ADMIN/Custom Fields Page/Add Custom Item Fields/Add_CF_DataDriven" time="11.863" classname="Test Cases/ADMIN/Custom Fields Page/Add Custom Item Fields/Add_CF_DataDriven" status="PASSED">
         <system-out><![CDATA[2020-03-19 15:01:45 - [TEST_CASE][PASSED] - Test Cases/ADMIN/Custom Fields Page/Add Custom Item Fields/Add_CF_DataDriven: Test Cases/ADMIN/Custom Fields Page/Add Custom Item Fields/Add_CF_DataDriven

2020-03-19 15:01:45 - [TEST_STEP][PASSED] - waitForElementVisible(findTestObject("ADMIN/Custom Item Fields List Page/button_Add Field"), 0): Object 'Object Repository/ADMIN/Custom Item Fields List Page/button_Add Field' is visible

2020-03-19 15:01:45 - [MESSAGE][WARNING] - Timeout '0' is invalid. Using default page load timeout: '30'

2020-03-19 15:01:45 - [MESSAGE][PASSED] - Object 'Object Repository/ADMIN/Custom Item Fields List Page/button_Add Field' is visible

2020-03-19 15:01:45 - [TEST_STEP][PASSED] - click(findTestObject("ADMIN/Custom Item Fields List Page/button_Add Field"), STOP_ON_FAILURE): Object: 'Object Repository/ADMIN/Custom Item Fields List Page/button_Add Field' is clicked on

2020-03-19 15:01:46 - [MESSAGE][PASSED] - Object: 'Object Repository/ADMIN/Custom Item Fields List Page/button_Add Field' is clicked on

2020-03-19 15:01:46 - [TEST_STEP][PASSED] - comment("Choose Field Type"): Choose Field Type

2020-03-19 15:01:46 - [MESSAGE][INFO] - Choose Field Type

2020-03-19 15:01:46 - [TEST_STEP][PASSED] - if (varCustomFieldType == "Checkbox"): Text 'SP_Check Box_M1CB10' is set on object 'Object Repository/ADMIN/Custom Item Fields Page/a_Checkbox/textfield_option10'

2020-03-19 15:01:46 - [TEST_STEP][PASSED] - waitForElementVisible(findTestObject("ADMIN/Custom Item Fields Page/a_Default/dropdown_fieldtype"), 0, CONTINUE_ON_FAILURE): Object 'Object Repository/ADMIN/Custom Item Fields Page/a_Default/dropdown_fieldtype' is visible

2020-03-19 15:01:46 - [MESSAGE][WARNING] - Timeout '0' is invalid. Using default page load timeout: '30'

2020-03-19 15:01:46 - [MESSAGE][PASSED] - Object 'Object Repository/ADMIN/Custom Item Fields Page/a_Default/dropdown_fieldtype' is visible

2020-03-19 15:01:46 - [TEST_STEP][PASSED] - selectOptionByLabel(findTestObject("ADMIN/Custom Item Fields Page/a_Default/dropdown_fieldtype"), "Checkbox", false): All options with label 'Checkbox' are selected in object 'Object Repository/ADMIN/Custom Item Fields Page/a_Default/dropdown_fieldtype' 

2020-03-19 15:01:46 - [MESSAGE][PASSED] - All options with label 'Checkbox' are selected in object 'Object Repository/ADMIN/Custom Item Fields Page/a_Default/dropdown_fieldtype' 

2020-03-19 15:01:46 - [TEST_STEP][PASSED] - waitForElementVisible(findTestObject("ADMIN/Custom Item Fields Page/a_Checkbox/button_addoption"), 0): Object 'Object Repository/ADMIN/Custom Item Fields Page/a_Checkbox/button_addoption' is visible

2020-03-19 15:01:46 - [MESSAGE][WARNING] - Timeout '0' is invalid. Using default page load timeout: '30'

2020-03-19 15:01:46 - [MESSAGE][PASSED] - Object 'Object Repository/ADMIN/Custom Item Fields Page/a_Checkbox/button_addoption' is visible

2020-03-19 15:01:46 - [TEST_STEP][PASSED] - for ([r = 0, r <= 7, (r++)]): Object: 'Object Repository/ADMIN/Custom Item Fields Page/a_Checkbox/button_addoption' is clicked on

2020-03-19 15:01:46 - [TEST_STEP][PASSED] - click(findTestObject("ADMIN/Custom Item Fields Page/a_Checkbox/button_addoption"), STOP_ON_FAILURE): Object: 'Object Repository/ADMIN/Custom Item Fields Page/a_Checkbox/button_addoption' is clicked on

2020-03-19 15:01:47 - [MESSAGE][PASSED] - Object: 'Object Repository/ADMIN/Custom Item Fields Page/a_Checkbox/button_addoption' is clicked on

2020-03-19 15:01:47 - [TEST_STEP][PASSED] - click(findTestObject("ADMIN/Custom Item Fields Page/a_Checkbox/button_addoption"), STOP_ON_FAILURE): Object: 'Object Repository/ADMIN/Custom Item Fields Page/a_Checkbox/button_addoption' is clicked on

2020-03-19 15:01:47 - [MESSAGE][PASSED] - Object: 'Object Repository/ADMIN/Custom Item Fields Page/a_Checkbox/button_addoption' is clicked on

2020-03-19 15:01:47 - [TEST_STEP][PASSED] - click(findTestObject("ADMIN/Custom Item Fields Page/a_Checkbox/button_addoption"), STOP_ON_FAILURE): Object: 'Object Repository/ADMIN/Custom Item Fields Page/a_Checkbox/button_addoption' is clicked on

2020-03-19 15:01:47 - [MESSAGE][PASSED] - Object: 'Object Repository/ADMIN/Custom Item Fields Page/a_Checkbox/button_addoption' is clicked on

2020-03-19 15:01:47 - [TEST_STEP][PASSED] - click(findTestObject("ADMIN/Custom Item Fields Page/a_Checkbox/button_addoption"), STOP_ON_FAILURE): Object: 'Object Repository/ADMIN/Custom Item Fields Page/a_Checkbox/button_addoption' is clicked on

2020-03-19 15:01:47 - [MESSAGE][PASSED] - Object: 'Object Repository/ADMIN/Custom Item Fields Page/a_Checkbox/button_addoption' is clicked on

2020-03-19 15:01:47 - [TEST_STEP][PASSED] - click(findTestObject("ADMIN/Custom Item Fields Page/a_Checkbox/button_addoption"), STOP_ON_FAILURE): Object: 'Object Repository/ADMIN/Custom Item Fields Page/a_Checkbox/button_addoption' is clicked on

2020-03-19 15:01:47 - [MESSAGE][PASSED] - Object: 'Object Repository/ADMIN/Custom Item Fields Page/a_Checkbox/button_addoption' is clicked on

2020-03-19 15:01:47 - [TEST_STEP][PASSED] - click(findTestObject("ADMIN/Custom Item Fields Page/a_Checkbox/button_addoption"), STOP_ON_FAILURE): Object: 'Object Repository/ADMIN/Custom Item Fields Page/a_Checkbox/button_addoption' is clicked on

2020-03-19 15:01:47 - [MESSAGE][PASSED] - Object: 'Object Repository/ADMIN/Custom Item Fields Page/a_Checkbox/button_addoption' is clicked on

2020-03-19 15:01:47 - [TEST_STEP][PASSED] - click(findTestObject("ADMIN/Custom Item Fields Page/a_Checkbox/button_addoption"), STOP_ON_FAILURE): Object: 'Object Repository/ADMIN/Custom Item Fields Page/a_Checkbox/button_addoption' is clicked on

2020-03-19 15:01:47 - [MESSAGE][PASSED] - Object: 'Object Repository/ADMIN/Custom Item Fields Page/a_Checkbox/button_addoption' is clicked on

2020-03-19 15:01:47 - [TEST_STEP][PASSED] - click(findTestObject("ADMIN/Custom Item Fields Page/a_Checkbox/button_addoption"), STOP_ON_FAILURE): Object: 'Object Repository/ADMIN/Custom Item Fields Page/a_Checkbox/button_addoption' is clicked on

2020-03-19 15:01:47 - [MESSAGE][PASSED] - Object: 'Object Repository/ADMIN/Custom Item Fields Page/a_Checkbox/button_addoption' is clicked on

2020-03-19 15:01:47 - [TEST_STEP][PASSED] - comment("Add Option"): Add Option

2020-03-19 15:01:47 - [MESSAGE][INFO] - Add Option

2020-03-19 15:01:47 - [TEST_STEP][PASSED] - setText(findTestObject("ADMIN/Custom Item Fields Page/a_Checkbox/textfield_option1"), varCustomFieldName + "CB1"): Text 'SP_Check Box_M1CB1' is set on object 'Object Repository/ADMIN/Custom Item Fields Page/a_Checkbox/textfield_option1'

2020-03-19 15:01:48 - [MESSAGE][PASSED] - Text 'SP_Check Box_M1CB1' is set on object 'Object Repository/ADMIN/Custom Item Fields Page/a_Checkbox/textfield_option1'

2020-03-19 15:01:48 - [TEST_STEP][PASSED] - setText(findTestObject("ADMIN/Custom Item Fields Page/a_Checkbox/textfield_option2"), varCustomFieldName + "CB2"): Text 'SP_Check Box_M1CB2' is set on object 'Object Repository/ADMIN/Custom Item Fields Page/a_Checkbox/textfield_option2'

2020-03-19 15:01:48 - [MESSAGE][PASSED] - Text 'SP_Check Box_M1CB2' is set on object 'Object Repository/ADMIN/Custom Item Fields Page/a_Checkbox/textfield_option2'

2020-03-19 15:01:48 - [TEST_STEP][PASSED] - setText(findTestObject("ADMIN/Custom Item Fields Page/a_Checkbox/textfield_option3"), varCustomFieldName + "CB3"): Text 'SP_Check Box_M1CB3' is set on object 'Object Repository/ADMIN/Custom Item Fields Page/a_Checkbox/textfield_option3'

2020-03-19 15:01:48 - [MESSAGE][PASSED] - Text 'SP_Check Box_M1CB3' is set on object 'Object Repository/ADMIN/Custom Item Fields Page/a_Checkbox/textfield_option3'

2020-03-19 15:01:48 - [TEST_STEP][PASSED] - setText(findTestObject("ADMIN/Custom Item Fields Page/a_Checkbox/textfield_option4"), varCustomFieldName + "CB4"): Text 'SP_Check Box_M1CB4' is set on object 'Object Repository/ADMIN/Custom Item Fields Page/a_Checkbox/textfield_option4'

2020-03-19 15:01:49 - [MESSAGE][PASSED] - Text 'SP_Check Box_M1CB4' is set on object 'Object Repository/ADMIN/Custom Item Fields Page/a_Checkbox/textfield_option4'

2020-03-19 15:01:49 - [TEST_STEP][PASSED] - setText(findTestObject("ADMIN/Custom Item Fields Page/a_Checkbox/textfield_option5"), varCustomFieldName + "CB5"): Text 'SP_Check Box_M1CB5' is set on object 'Object Repository/ADMIN/Custom Item Fields Page/a_Checkbox/textfield_option5'

2020-03-19 15:01:49 - [MESSAGE][PASSED] - Text 'SP_Check Box_M1CB5' is set on object 'Object Repository/ADMIN/Custom Item Fields Page/a_Checkbox/textfield_option5'

2020-03-19 15:01:49 - [TEST_STEP][PASSED] - setText(findTestObject("ADMIN/Custom Item Fields Page/a_Checkbox/textfield_option6"), varCustomFieldName + "CB6"): Text 'SP_Check Box_M1CB6' is set on object 'Object Repository/ADMIN/Custom Item Fields Page/a_Checkbox/textfield_option6'

2020-03-19 15:01:49 - [MESSAGE][PASSED] - Text 'SP_Check Box_M1CB6' is set on object 'Object Repository/ADMIN/Custom Item Fields Page/a_Checkbox/textfield_option6'

2020-03-19 15:01:49 - [TEST_STEP][PASSED] - setText(findTestObject("ADMIN/Custom Item Fields Page/a_Checkbox/textfield_option7"), varCustomFieldName + "CB7"): Text 'SP_Check Box_M1CB7' is set on object 'Object Repository/ADMIN/Custom Item Fields Page/a_Checkbox/textfield_option7'

2020-03-19 15:01:50 - [MESSAGE][PASSED] - Text 'SP_Check Box_M1CB7' is set on object 'Object Repository/ADMIN/Custom Item Fields Page/a_Checkbox/textfield_option7'

2020-03-19 15:01:50 - [TEST_STEP][PASSED] - setText(findTestObject("ADMIN/Custom Item Fields Page/a_Checkbox/textfield_option8"), varCustomFieldName + "CB8"): Text 'SP_Check Box_M1CB8' is set on object 'Object Repository/ADMIN/Custom Item Fields Page/a_Checkbox/textfield_option8'

2020-03-19 15:01:50 - [MESSAGE][PASSED] - Text 'SP_Check Box_M1CB8' is set on object 'Object Repository/ADMIN/Custom Item Fields Page/a_Checkbox/textfield_option8'

2020-03-19 15:01:50 - [TEST_STEP][PASSED] - setText(findTestObject("ADMIN/Custom Item Fields Page/a_Checkbox/textfield_option9"), varCustomFieldName + "CB9"): Text 'SP_Check Box_M1CB9' is set on object 'Object Repository/ADMIN/Custom Item Fields Page/a_Checkbox/textfield_option9'

2020-03-19 15:01:50 - [MESSAGE][PASSED] - Text 'SP_Check Box_M1CB9' is set on object 'Object Repository/ADMIN/Custom Item Fields Page/a_Checkbox/textfield_option9'

2020-03-19 15:01:50 - [TEST_STEP][PASSED] - setText(findTestObject("ADMIN/Custom Item Fields Page/a_Checkbox/textfield_option10"), varCustomFieldName + "CB10"): Text 'SP_Check Box_M1CB10' is set on object 'Object Repository/ADMIN/Custom Item Fields Page/a_Checkbox/textfield_option10'

2020-03-19 15:01:51 - [MESSAGE][PASSED] - Text 'SP_Check Box_M1CB10' is set on object 'Object Repository/ADMIN/Custom Item Fields Page/a_Checkbox/textfield_option10'

2020-03-19 15:01:51 - [TEST_STEP][PASSED] - comment("Field Name"): Field Name

2020-03-19 15:01:51 - [MESSAGE][INFO] - Field Name

2020-03-19 15:01:51 - [TEST_STEP][PASSED] - setText(findTestObject("ADMIN/Custom Item Fields Page/a_Default/textfield_fieldname"), varCustomFieldName): Text 'SP_Check Box_M1' is set on object 'Object Repository/ADMIN/Custom Item Fields Page/a_Default/textfield_fieldname'

2020-03-19 15:01:51 - [MESSAGE][PASSED] - Text 'SP_Check Box_M1' is set on object 'Object Repository/ADMIN/Custom Item Fields Page/a_Default/textfield_fieldname'

2020-03-19 15:01:51 - [TEST_STEP][PASSED] - comment("Mandatory/NonMandatory"): Mandatory/NonMandatory

2020-03-19 15:01:51 - [MESSAGE][INFO] - Mandatory/NonMandatory

2020-03-19 15:01:51 - [TEST_STEP][PASSED] - if (varMandatoryNonMandatory == "mandatory"): Object 'Object Repository/ADMIN/Custom Item Fields Page/a_Default/togglebutton_mandatory' is visible

2020-03-19 15:01:51 - [TEST_STEP][PASSED] - waitForElementVisible(findTestObject("ADMIN/Custom Item Fields Page/a_Default/togglebutton_mandatory"), 0, CONTINUE_ON_FAILURE): Object 'Object Repository/ADMIN/Custom Item Fields Page/a_Default/togglebutton_mandatory' is visible

2020-03-19 15:01:51 - [MESSAGE][WARNING] - Timeout '0' is invalid. Using default page load timeout: '30'

2020-03-19 15:01:51 - [MESSAGE][PASSED] - Object 'Object Repository/ADMIN/Custom Item Fields Page/a_Default/togglebutton_mandatory' is visible

2020-03-19 15:01:51 - [TEST_STEP][PASSED] - comment("Assign Category"): Assign Category

2020-03-19 15:01:51 - [MESSAGE][INFO] - Assign Category

2020-03-19 15:01:51 - [TEST_STEP][PASSED] - click(findTestObject("ADMIN/Custom Item Fields Page/a_Default/button_SelectCategories")): Object: 'Object Repository/ADMIN/Custom Item Fields Page/a_Default/button_SelectCategories' is clicked on

2020-03-19 15:01:51 - [MESSAGE][PASSED] - Object: 'Object Repository/ADMIN/Custom Item Fields Page/a_Default/button_SelectCategories' is clicked on

2020-03-19 15:01:51 - [TEST_STEP][PASSED] - waitForElementVisible(findTestObject("ADMIN/Custom Item Fields List Page/a_SelectCategories/searchbox_Category"), 0): Object 'Object Repository/ADMIN/Custom Item Fields List Page/a_SelectCategories/searchbox_Category' is visible

2020-03-19 15:01:51 - [MESSAGE][WARNING] - Timeout '0' is invalid. Using default page load timeout: '30'

2020-03-19 15:01:52 - [MESSAGE][PASSED] - Object 'Object Repository/ADMIN/Custom Item Fields List Page/a_SelectCategories/searchbox_Category' is visible

2020-03-19 15:01:52 - [TEST_STEP][PASSED] - comment("Category Assignment"): Category Assignment

2020-03-19 15:01:52 - [MESSAGE][INFO] - Category Assignment

2020-03-19 15:01:52 - [TEST_STEP][PASSED] - if (varAssignedCategory == "All Cat"): null

2020-03-19 15:01:52 - [TEST_STEP][PASSED] - else if (varAssignedCategory == "Category 01"): Object: 'Object Repository/ADMIN/Custom Item Fields List Page/a_SelectCategories/a_Categories/checkbox_1' is clicked on

2020-03-19 15:01:52 - [TEST_STEP][PASSED] - setText(findTestObject("ADMIN/Custom Item Fields List Page/a_SelectCategories/searchbox_Category"), varAssignedCategory, CONTINUE_ON_FAILURE): Text 'Category 01' is set on object 'Object Repository/ADMIN/Custom Item Fields List Page/a_SelectCategories/searchbox_Category'

2020-03-19 15:01:52 - [MESSAGE][PASSED] - Text 'Category 01' is set on object 'Object Repository/ADMIN/Custom Item Fields List Page/a_SelectCategories/searchbox_Category'

2020-03-19 15:01:52 - [TEST_STEP][PASSED] - click(findTestObject("ADMIN/Custom Item Fields List Page/a_SelectCategories/a_Categories/checkbox_1")): Object: 'Object Repository/ADMIN/Custom Item Fields List Page/a_SelectCategories/a_Categories/checkbox_1' is clicked on

2020-03-19 15:01:52 - [MESSAGE][PASSED] - Object: 'Object Repository/ADMIN/Custom Item Fields List Page/a_SelectCategories/a_Categories/checkbox_1' is clicked on

2020-03-19 15:01:52 - [TEST_STEP][PASSED] - click(findTestObject("ADMIN/Custom Item Fields List Page/a_SelectCategories/button_Save"), STOP_ON_FAILURE): Object: 'Object Repository/ADMIN/Custom Item Fields List Page/a_SelectCategories/button_Save' is clicked on

2020-03-19 15:01:52 - [MESSAGE][PASSED] - Object: 'Object Repository/ADMIN/Custom Item Fields List Page/a_SelectCategories/button_Save' is clicked on

2020-03-19 15:01:52 - [TEST_STEP][PASSED] - delay(2, CONTINUE_ON_FAILURE): Delayed 2 second(s)

2020-03-19 15:01:54 - [MESSAGE][PASSED] - Delayed 2 second(s)

2020-03-19 15:01:54 - [TEST_STEP][PASSED] - click(findTestObject("ADMIN/Custom Item Fields Page/a_Default/button_Save1"), STOP_ON_FAILURE): Object: 'Object Repository/ADMIN/Custom Item Fields Page/a_Default/button_Save1' is clicked on

2020-03-19 15:01:55 - [MESSAGE][PASSED] - Object: 'Object Repository/ADMIN/Custom Item Fields Page/a_Default/button_Save1' is clicked on

2020-03-19 15:01:55 - [TEST_STEP][PASSED] - waitForElementVisible(findTestObject("ADMIN/Custom Item Fields List Page/button_Add Field"), 0): Object 'Object Repository/ADMIN/Custom Item Fields List Page/button_Add Field' is visible

2020-03-19 15:01:55 - [MESSAGE][WARNING] - Timeout '0' is invalid. Using default page load timeout: '30'

2020-03-19 15:01:56 - [MESSAGE][PASSED] - Object 'Object Repository/ADMIN/Custom Item Fields List Page/button_Add Field' is visible]]></system-out>
         <system-err><![CDATA[]]></system-err>
      </testcase>
      <testcase name="Test Cases/ADMIN/Custom Fields Page/Add Custom Item Fields/Add_CF_DataDriven" time="11.352" classname="Test Cases/ADMIN/Custom Fields Page/Add Custom Item Fields/Add_CF_DataDriven" status="PASSED">
         <system-out><![CDATA[2020-03-19 15:01:57 - [TEST_CASE][PASSED] - Test Cases/ADMIN/Custom Fields Page/Add Custom Item Fields/Add_CF_DataDriven: Test Cases/ADMIN/Custom Fields Page/Add Custom Item Fields/Add_CF_DataDriven

2020-03-19 15:01:57 - [TEST_STEP][PASSED] - waitForElementVisible(findTestObject("ADMIN/Custom Item Fields List Page/button_Add Field"), 0): Object 'Object Repository/ADMIN/Custom Item Fields List Page/button_Add Field' is visible

2020-03-19 15:01:57 - [MESSAGE][WARNING] - Timeout '0' is invalid. Using default page load timeout: '30'

2020-03-19 15:01:57 - [MESSAGE][PASSED] - Object 'Object Repository/ADMIN/Custom Item Fields List Page/button_Add Field' is visible

2020-03-19 15:01:57 - [TEST_STEP][PASSED] - click(findTestObject("ADMIN/Custom Item Fields List Page/button_Add Field"), STOP_ON_FAILURE): Object: 'Object Repository/ADMIN/Custom Item Fields List Page/button_Add Field' is clicked on

2020-03-19 15:01:57 - [MESSAGE][PASSED] - Object: 'Object Repository/ADMIN/Custom Item Fields List Page/button_Add Field' is clicked on

2020-03-19 15:01:57 - [TEST_STEP][PASSED] - comment("Choose Field Type"): Choose Field Type

2020-03-19 15:01:57 - [MESSAGE][INFO] - Choose Field Type

2020-03-19 15:01:57 - [TEST_STEP][PASSED] - if (varCustomFieldType == "Checkbox"): Text 'SP_Check Box_M2CB10' is set on object 'Object Repository/ADMIN/Custom Item Fields Page/a_Checkbox/textfield_option10'

2020-03-19 15:01:57 - [TEST_STEP][PASSED] - waitForElementVisible(findTestObject("ADMIN/Custom Item Fields Page/a_Default/dropdown_fieldtype"), 0, CONTINUE_ON_FAILURE): Object 'Object Repository/ADMIN/Custom Item Fields Page/a_Default/dropdown_fieldtype' is visible

2020-03-19 15:01:58 - [MESSAGE][WARNING] - Timeout '0' is invalid. Using default page load timeout: '30'

2020-03-19 15:01:58 - [MESSAGE][PASSED] - Object 'Object Repository/ADMIN/Custom Item Fields Page/a_Default/dropdown_fieldtype' is visible

2020-03-19 15:01:58 - [TEST_STEP][PASSED] - selectOptionByLabel(findTestObject("ADMIN/Custom Item Fields Page/a_Default/dropdown_fieldtype"), "Checkbox", false): All options with label 'Checkbox' are selected in object 'Object Repository/ADMIN/Custom Item Fields Page/a_Default/dropdown_fieldtype' 

2020-03-19 15:01:58 - [MESSAGE][PASSED] - All options with label 'Checkbox' are selected in object 'Object Repository/ADMIN/Custom Item Fields Page/a_Default/dropdown_fieldtype' 

2020-03-19 15:01:58 - [TEST_STEP][PASSED] - waitForElementVisible(findTestObject("ADMIN/Custom Item Fields Page/a_Checkbox/button_addoption"), 0): Object 'Object Repository/ADMIN/Custom Item Fields Page/a_Checkbox/button_addoption' is visible

2020-03-19 15:01:58 - [MESSAGE][WARNING] - Timeout '0' is invalid. Using default page load timeout: '30'

2020-03-19 15:01:58 - [MESSAGE][PASSED] - Object 'Object Repository/ADMIN/Custom Item Fields Page/a_Checkbox/button_addoption' is visible

2020-03-19 15:01:58 - [TEST_STEP][PASSED] - for ([r = 0, r <= 7, (r++)]): Object: 'Object Repository/ADMIN/Custom Item Fields Page/a_Checkbox/button_addoption' is clicked on

2020-03-19 15:01:58 - [TEST_STEP][PASSED] - click(findTestObject("ADMIN/Custom Item Fields Page/a_Checkbox/button_addoption"), STOP_ON_FAILURE): Object: 'Object Repository/ADMIN/Custom Item Fields Page/a_Checkbox/button_addoption' is clicked on

2020-03-19 15:01:58 - [MESSAGE][PASSED] - Object: 'Object Repository/ADMIN/Custom Item Fields Page/a_Checkbox/button_addoption' is clicked on

2020-03-19 15:01:58 - [TEST_STEP][PASSED] - click(findTestObject("ADMIN/Custom Item Fields Page/a_Checkbox/button_addoption"), STOP_ON_FAILURE): Object: 'Object Repository/ADMIN/Custom Item Fields Page/a_Checkbox/button_addoption' is clicked on

2020-03-19 15:01:58 - [MESSAGE][PASSED] - Object: 'Object Repository/ADMIN/Custom Item Fields Page/a_Checkbox/button_addoption' is clicked on

2020-03-19 15:01:58 - [TEST_STEP][PASSED] - click(findTestObject("ADMIN/Custom Item Fields Page/a_Checkbox/button_addoption"), STOP_ON_FAILURE): Object: 'Object Repository/ADMIN/Custom Item Fields Page/a_Checkbox/button_addoption' is clicked on

2020-03-19 15:01:58 - [MESSAGE][PASSED] - Object: 'Object Repository/ADMIN/Custom Item Fields Page/a_Checkbox/button_addoption' is clicked on

2020-03-19 15:01:58 - [TEST_STEP][PASSED] - click(findTestObject("ADMIN/Custom Item Fields Page/a_Checkbox/button_addoption"), STOP_ON_FAILURE): Object: 'Object Repository/ADMIN/Custom Item Fields Page/a_Checkbox/button_addoption' is clicked on

2020-03-19 15:01:58 - [MESSAGE][PASSED] - Object: 'Object Repository/ADMIN/Custom Item Fields Page/a_Checkbox/button_addoption' is clicked on

2020-03-19 15:01:58 - [TEST_STEP][PASSED] - click(findTestObject("ADMIN/Custom Item Fields Page/a_Checkbox/button_addoption"), STOP_ON_FAILURE): Object: 'Object Repository/ADMIN/Custom Item Fields Page/a_Checkbox/button_addoption' is clicked on

2020-03-19 15:01:59 - [MESSAGE][PASSED] - Object: 'Object Repository/ADMIN/Custom Item Fields Page/a_Checkbox/button_addoption' is clicked on

2020-03-19 15:01:59 - [TEST_STEP][PASSED] - click(findTestObject("ADMIN/Custom Item Fields Page/a_Checkbox/button_addoption"), STOP_ON_FAILURE): Object: 'Object Repository/ADMIN/Custom Item Fields Page/a_Checkbox/button_addoption' is clicked on

2020-03-19 15:01:59 - [MESSAGE][PASSED] - Object: 'Object Repository/ADMIN/Custom Item Fields Page/a_Checkbox/button_addoption' is clicked on

2020-03-19 15:01:59 - [TEST_STEP][PASSED] - click(findTestObject("ADMIN/Custom Item Fields Page/a_Checkbox/button_addoption"), STOP_ON_FAILURE): Object: 'Object Repository/ADMIN/Custom Item Fields Page/a_Checkbox/button_addoption' is clicked on

2020-03-19 15:01:59 - [MESSAGE][PASSED] - Object: 'Object Repository/ADMIN/Custom Item Fields Page/a_Checkbox/button_addoption' is clicked on

2020-03-19 15:01:59 - [TEST_STEP][PASSED] - click(findTestObject("ADMIN/Custom Item Fields Page/a_Checkbox/button_addoption"), STOP_ON_FAILURE): Object: 'Object Repository/ADMIN/Custom Item Fields Page/a_Checkbox/button_addoption' is clicked on

2020-03-19 15:01:59 - [MESSAGE][PASSED] - Object: 'Object Repository/ADMIN/Custom Item Fields Page/a_Checkbox/button_addoption' is clicked on

2020-03-19 15:01:59 - [TEST_STEP][PASSED] - comment("Add Option"): Add Option

2020-03-19 15:01:59 - [MESSAGE][INFO] - Add Option

2020-03-19 15:01:59 - [TEST_STEP][PASSED] - setText(findTestObject("ADMIN/Custom Item Fields Page/a_Checkbox/textfield_option1"), varCustomFieldName + "CB1"): Text 'SP_Check Box_M2CB1' is set on object 'Object Repository/ADMIN/Custom Item Fields Page/a_Checkbox/textfield_option1'

2020-03-19 15:01:59 - [MESSAGE][PASSED] - Text 'SP_Check Box_M2CB1' is set on object 'Object Repository/ADMIN/Custom Item Fields Page/a_Checkbox/textfield_option1'

2020-03-19 15:01:59 - [TEST_STEP][PASSED] - setText(findTestObject("ADMIN/Custom Item Fields Page/a_Checkbox/textfield_option2"), varCustomFieldName + "CB2"): Text 'SP_Check Box_M2CB2' is set on object 'Object Repository/ADMIN/Custom Item Fields Page/a_Checkbox/textfield_option2'

2020-03-19 15:01:59 - [MESSAGE][PASSED] - Text 'SP_Check Box_M2CB2' is set on object 'Object Repository/ADMIN/Custom Item Fields Page/a_Checkbox/textfield_option2'

2020-03-19 15:01:59 - [TEST_STEP][PASSED] - setText(findTestObject("ADMIN/Custom Item Fields Page/a_Checkbox/textfield_option3"), varCustomFieldName + "CB3"): Text 'SP_Check Box_M2CB3' is set on object 'Object Repository/ADMIN/Custom Item Fields Page/a_Checkbox/textfield_option3'

2020-03-19 15:02:00 - [MESSAGE][PASSED] - Text 'SP_Check Box_M2CB3' is set on object 'Object Repository/ADMIN/Custom Item Fields Page/a_Checkbox/textfield_option3'

2020-03-19 15:02:00 - [TEST_STEP][PASSED] - setText(findTestObject("ADMIN/Custom Item Fields Page/a_Checkbox/textfield_option4"), varCustomFieldName + "CB4"): Text 'SP_Check Box_M2CB4' is set on object 'Object Repository/ADMIN/Custom Item Fields Page/a_Checkbox/textfield_option4'

2020-03-19 15:02:00 - [MESSAGE][PASSED] - Text 'SP_Check Box_M2CB4' is set on object 'Object Repository/ADMIN/Custom Item Fields Page/a_Checkbox/textfield_option4'

2020-03-19 15:02:00 - [TEST_STEP][PASSED] - setText(findTestObject("ADMIN/Custom Item Fields Page/a_Checkbox/textfield_option5"), varCustomFieldName + "CB5"): Text 'SP_Check Box_M2CB5' is set on object 'Object Repository/ADMIN/Custom Item Fields Page/a_Checkbox/textfield_option5'

2020-03-19 15:02:00 - [MESSAGE][PASSED] - Text 'SP_Check Box_M2CB5' is set on object 'Object Repository/ADMIN/Custom Item Fields Page/a_Checkbox/textfield_option5'

2020-03-19 15:02:00 - [TEST_STEP][PASSED] - setText(findTestObject("ADMIN/Custom Item Fields Page/a_Checkbox/textfield_option6"), varCustomFieldName + "CB6"): Text 'SP_Check Box_M2CB6' is set on object 'Object Repository/ADMIN/Custom Item Fields Page/a_Checkbox/textfield_option6'

2020-03-19 15:02:01 - [MESSAGE][PASSED] - Text 'SP_Check Box_M2CB6' is set on object 'Object Repository/ADMIN/Custom Item Fields Page/a_Checkbox/textfield_option6'

2020-03-19 15:02:01 - [TEST_STEP][PASSED] - setText(findTestObject("ADMIN/Custom Item Fields Page/a_Checkbox/textfield_option7"), varCustomFieldName + "CB7"): Text 'SP_Check Box_M2CB7' is set on object 'Object Repository/ADMIN/Custom Item Fields Page/a_Checkbox/textfield_option7'

2020-03-19 15:02:01 - [MESSAGE][PASSED] - Text 'SP_Check Box_M2CB7' is set on object 'Object Repository/ADMIN/Custom Item Fields Page/a_Checkbox/textfield_option7'

2020-03-19 15:02:01 - [TEST_STEP][PASSED] - setText(findTestObject("ADMIN/Custom Item Fields Page/a_Checkbox/textfield_option8"), varCustomFieldName + "CB8"): Text 'SP_Check Box_M2CB8' is set on object 'Object Repository/ADMIN/Custom Item Fields Page/a_Checkbox/textfield_option8'

2020-03-19 15:02:01 - [MESSAGE][PASSED] - Text 'SP_Check Box_M2CB8' is set on object 'Object Repository/ADMIN/Custom Item Fields Page/a_Checkbox/textfield_option8'

2020-03-19 15:02:01 - [TEST_STEP][PASSED] - setText(findTestObject("ADMIN/Custom Item Fields Page/a_Checkbox/textfield_option9"), varCustomFieldName + "CB9"): Text 'SP_Check Box_M2CB9' is set on object 'Object Repository/ADMIN/Custom Item Fields Page/a_Checkbox/textfield_option9'

2020-03-19 15:02:02 - [MESSAGE][PASSED] - Text 'SP_Check Box_M2CB9' is set on object 'Object Repository/ADMIN/Custom Item Fields Page/a_Checkbox/textfield_option9'

2020-03-19 15:02:02 - [TEST_STEP][PASSED] - setText(findTestObject("ADMIN/Custom Item Fields Page/a_Checkbox/textfield_option10"), varCustomFieldName + "CB10"): Text 'SP_Check Box_M2CB10' is set on object 'Object Repository/ADMIN/Custom Item Fields Page/a_Checkbox/textfield_option10'

2020-03-19 15:02:02 - [MESSAGE][PASSED] - Text 'SP_Check Box_M2CB10' is set on object 'Object Repository/ADMIN/Custom Item Fields Page/a_Checkbox/textfield_option10'

2020-03-19 15:02:02 - [TEST_STEP][PASSED] - comment("Field Name"): Field Name

2020-03-19 15:02:02 - [MESSAGE][INFO] - Field Name

2020-03-19 15:02:02 - [TEST_STEP][PASSED] - setText(findTestObject("ADMIN/Custom Item Fields Page/a_Default/textfield_fieldname"), varCustomFieldName): Text 'SP_Check Box_M2' is set on object 'Object Repository/ADMIN/Custom Item Fields Page/a_Default/textfield_fieldname'

2020-03-19 15:02:03 - [MESSAGE][PASSED] - Text 'SP_Check Box_M2' is set on object 'Object Repository/ADMIN/Custom Item Fields Page/a_Default/textfield_fieldname'

2020-03-19 15:02:03 - [TEST_STEP][PASSED] - comment("Mandatory/NonMandatory"): Mandatory/NonMandatory

2020-03-19 15:02:03 - [MESSAGE][INFO] - Mandatory/NonMandatory

2020-03-19 15:02:03 - [TEST_STEP][PASSED] - if (varMandatoryNonMandatory == "mandatory"): Object 'Object Repository/ADMIN/Custom Item Fields Page/a_Default/togglebutton_mandatory' is visible

2020-03-19 15:02:03 - [TEST_STEP][PASSED] - waitForElementVisible(findTestObject("ADMIN/Custom Item Fields Page/a_Default/togglebutton_mandatory"), 0, CONTINUE_ON_FAILURE): Object 'Object Repository/ADMIN/Custom Item Fields Page/a_Default/togglebutton_mandatory' is visible

2020-03-19 15:02:03 - [MESSAGE][WARNING] - Timeout '0' is invalid. Using default page load timeout: '30'

2020-03-19 15:02:03 - [MESSAGE][PASSED] - Object 'Object Repository/ADMIN/Custom Item Fields Page/a_Default/togglebutton_mandatory' is visible

2020-03-19 15:02:03 - [TEST_STEP][PASSED] - comment("Assign Category"): Assign Category

2020-03-19 15:02:03 - [MESSAGE][INFO] - Assign Category

2020-03-19 15:02:03 - [TEST_STEP][PASSED] - click(findTestObject("ADMIN/Custom Item Fields Page/a_Default/button_SelectCategories")): Object: 'Object Repository/ADMIN/Custom Item Fields Page/a_Default/button_SelectCategories' is clicked on

2020-03-19 15:02:03 - [MESSAGE][PASSED] - Object: 'Object Repository/ADMIN/Custom Item Fields Page/a_Default/button_SelectCategories' is clicked on

2020-03-19 15:02:03 - [TEST_STEP][PASSED] - waitForElementVisible(findTestObject("ADMIN/Custom Item Fields List Page/a_SelectCategories/searchbox_Category"), 0): Object 'Object Repository/ADMIN/Custom Item Fields List Page/a_SelectCategories/searchbox_Category' is visible

2020-03-19 15:02:03 - [MESSAGE][WARNING] - Timeout '0' is invalid. Using default page load timeout: '30'

2020-03-19 15:02:03 - [MESSAGE][PASSED] - Object 'Object Repository/ADMIN/Custom Item Fields List Page/a_SelectCategories/searchbox_Category' is visible

2020-03-19 15:02:03 - [TEST_STEP][PASSED] - comment("Category Assignment"): Category Assignment

2020-03-19 15:02:03 - [MESSAGE][INFO] - Category Assignment

2020-03-19 15:02:03 - [TEST_STEP][PASSED] - if (varAssignedCategory == "All Cat"): null

2020-03-19 15:02:03 - [TEST_STEP][PASSED] - else if (varAssignedCategory == "Category 01"): Object: 'Object Repository/ADMIN/Custom Item Fields List Page/a_SelectCategories/a_Categories/checkbox_1' is clicked on

2020-03-19 15:02:03 - [TEST_STEP][PASSED] - setText(findTestObject("ADMIN/Custom Item Fields List Page/a_SelectCategories/searchbox_Category"), varAssignedCategory, CONTINUE_ON_FAILURE): Text 'Category 01' is set on object 'Object Repository/ADMIN/Custom Item Fields List Page/a_SelectCategories/searchbox_Category'

2020-03-19 15:02:04 - [MESSAGE][PASSED] - Text 'Category 01' is set on object 'Object Repository/ADMIN/Custom Item Fields List Page/a_SelectCategories/searchbox_Category'

2020-03-19 15:02:04 - [TEST_STEP][PASSED] - click(findTestObject("ADMIN/Custom Item Fields List Page/a_SelectCategories/a_Categories/checkbox_1")): Object: 'Object Repository/ADMIN/Custom Item Fields List Page/a_SelectCategories/a_Categories/checkbox_1' is clicked on

2020-03-19 15:02:04 - [MESSAGE][PASSED] - Object: 'Object Repository/ADMIN/Custom Item Fields List Page/a_SelectCategories/a_Categories/checkbox_1' is clicked on

2020-03-19 15:02:04 - [TEST_STEP][PASSED] - click(findTestObject("ADMIN/Custom Item Fields List Page/a_SelectCategories/button_Save"), STOP_ON_FAILURE): Object: 'Object Repository/ADMIN/Custom Item Fields List Page/a_SelectCategories/button_Save' is clicked on

2020-03-19 15:02:04 - [MESSAGE][PASSED] - Object: 'Object Repository/ADMIN/Custom Item Fields List Page/a_SelectCategories/button_Save' is clicked on

2020-03-19 15:02:04 - [TEST_STEP][PASSED] - delay(2, CONTINUE_ON_FAILURE): Delayed 2 second(s)

2020-03-19 15:02:06 - [MESSAGE][PASSED] - Delayed 2 second(s)

2020-03-19 15:02:06 - [TEST_STEP][PASSED] - click(findTestObject("ADMIN/Custom Item Fields Page/a_Default/button_Save1"), STOP_ON_FAILURE): Object: 'Object Repository/ADMIN/Custom Item Fields Page/a_Default/button_Save1' is clicked on

2020-03-19 15:02:06 - [MESSAGE][PASSED] - Object: 'Object Repository/ADMIN/Custom Item Fields Page/a_Default/button_Save1' is clicked on

2020-03-19 15:02:06 - [TEST_STEP][PASSED] - waitForElementVisible(findTestObject("ADMIN/Custom Item Fields List Page/button_Add Field"), 0): Object 'Object Repository/ADMIN/Custom Item Fields List Page/button_Add Field' is visible

2020-03-19 15:02:06 - [MESSAGE][WARNING] - Timeout '0' is invalid. Using default page load timeout: '30'

2020-03-19 15:02:08 - [MESSAGE][PASSED] - Object 'Object Repository/ADMIN/Custom Item Fields List Page/button_Add Field' is visible]]></system-out>
         <system-err><![CDATA[]]></system-err>
      </testcase>
      <testcase name="Test Cases/ADMIN/Custom Fields Page/Add Custom Item Fields/Add_CF_DataDriven" time="11.954" classname="Test Cases/ADMIN/Custom Fields Page/Add Custom Item Fields/Add_CF_DataDriven" status="PASSED">
         <system-out><![CDATA[2020-03-19 15:02:08 - [TEST_CASE][PASSED] - Test Cases/ADMIN/Custom Fields Page/Add Custom Item Fields/Add_CF_DataDriven: Test Cases/ADMIN/Custom Fields Page/Add Custom Item Fields/Add_CF_DataDriven

2020-03-19 15:02:08 - [TEST_STEP][PASSED] - waitForElementVisible(findTestObject("ADMIN/Custom Item Fields List Page/button_Add Field"), 0): Object 'Object Repository/ADMIN/Custom Item Fields List Page/button_Add Field' is visible

2020-03-19 15:02:08 - [MESSAGE][WARNING] - Timeout '0' is invalid. Using default page load timeout: '30'

2020-03-19 15:02:08 - [MESSAGE][PASSED] - Object 'Object Repository/ADMIN/Custom Item Fields List Page/button_Add Field' is visible

2020-03-19 15:02:08 - [TEST_STEP][PASSED] - click(findTestObject("ADMIN/Custom Item Fields List Page/button_Add Field"), STOP_ON_FAILURE): Object: 'Object Repository/ADMIN/Custom Item Fields List Page/button_Add Field' is clicked on

2020-03-19 15:02:09 - [MESSAGE][PASSED] - Object: 'Object Repository/ADMIN/Custom Item Fields List Page/button_Add Field' is clicked on

2020-03-19 15:02:09 - [TEST_STEP][PASSED] - comment("Choose Field Type"): Choose Field Type

2020-03-19 15:02:09 - [MESSAGE][INFO] - Choose Field Type

2020-03-19 15:02:09 - [TEST_STEP][PASSED] - if (varCustomFieldType == "Checkbox"): null

2020-03-19 15:02:09 - [TEST_STEP][PASSED] - else if (varCustomFieldType == "Date / Time picker"): null

2020-03-19 15:02:09 - [TEST_STEP][PASSED] - else if (varCustomFieldType == "Drop Down"): Text 'SP_Drop Down_M1DD10' is set on object 'Object Repository/ADMIN/Custom Item Fields Page/a_Checkbox/textfield_option10'

2020-03-19 15:02:09 - [TEST_STEP][PASSED] - waitForElementVisible(findTestObject("ADMIN/Custom Item Fields Page/a_Default/dropdown_fieldtype"), 0, CONTINUE_ON_FAILURE): Object 'Object Repository/ADMIN/Custom Item Fields Page/a_Default/dropdown_fieldtype' is visible

2020-03-19 15:02:09 - [MESSAGE][WARNING] - Timeout '0' is invalid. Using default page load timeout: '30'

2020-03-19 15:02:09 - [MESSAGE][PASSED] - Object 'Object Repository/ADMIN/Custom Item Fields Page/a_Default/dropdown_fieldtype' is visible

2020-03-19 15:02:09 - [TEST_STEP][PASSED] - selectOptionByLabel(findTestObject("ADMIN/Custom Item Fields Page/a_Default/dropdown_fieldtype"), "Drop Down", false): All options with label 'Drop Down' are selected in object 'Object Repository/ADMIN/Custom Item Fields Page/a_Default/dropdown_fieldtype' 

2020-03-19 15:02:09 - [MESSAGE][PASSED] - All options with label 'Drop Down' are selected in object 'Object Repository/ADMIN/Custom Item Fields Page/a_Default/dropdown_fieldtype' 

2020-03-19 15:02:09 - [TEST_STEP][PASSED] - waitForElementVisible(findTestObject("ADMIN/Custom Item Fields Page/a_Checkbox/icon_addoptio"), 0): Object 'Object Repository/ADMIN/Custom Item Fields Page/a_Checkbox/icon_addoptio' is visible

2020-03-19 15:02:09 - [MESSAGE][WARNING] - Timeout '0' is invalid. Using default page load timeout: '30'

2020-03-19 15:02:09 - [MESSAGE][PASSED] - Object 'Object Repository/ADMIN/Custom Item Fields Page/a_Checkbox/icon_addoptio' is visible

2020-03-19 15:02:09 - [TEST_STEP][PASSED] - for ([r = 0, r <= 7, (r++)]): Object: 'Object Repository/ADMIN/Custom Item Fields Page/a_Checkbox/icon_addoptio' is clicked on

2020-03-19 15:02:09 - [TEST_STEP][PASSED] - click(findTestObject("ADMIN/Custom Item Fields Page/a_Checkbox/icon_addoptio"), STOP_ON_FAILURE): Object: 'Object Repository/ADMIN/Custom Item Fields Page/a_Checkbox/icon_addoptio' is clicked on

2020-03-19 15:02:10 - [MESSAGE][PASSED] - Object: 'Object Repository/ADMIN/Custom Item Fields Page/a_Checkbox/icon_addoptio' is clicked on

2020-03-19 15:02:10 - [TEST_STEP][PASSED] - click(findTestObject("ADMIN/Custom Item Fields Page/a_Checkbox/icon_addoptio"), STOP_ON_FAILURE): Object: 'Object Repository/ADMIN/Custom Item Fields Page/a_Checkbox/icon_addoptio' is clicked on

2020-03-19 15:02:10 - [MESSAGE][PASSED] - Object: 'Object Repository/ADMIN/Custom Item Fields Page/a_Checkbox/icon_addoptio' is clicked on

2020-03-19 15:02:10 - [TEST_STEP][PASSED] - click(findTestObject("ADMIN/Custom Item Fields Page/a_Checkbox/icon_addoptio"), STOP_ON_FAILURE): Object: 'Object Repository/ADMIN/Custom Item Fields Page/a_Checkbox/icon_addoptio' is clicked on

2020-03-19 15:02:10 - [MESSAGE][PASSED] - Object: 'Object Repository/ADMIN/Custom Item Fields Page/a_Checkbox/icon_addoptio' is clicked on

2020-03-19 15:02:10 - [TEST_STEP][PASSED] - click(findTestObject("ADMIN/Custom Item Fields Page/a_Checkbox/icon_addoptio"), STOP_ON_FAILURE): Object: 'Object Repository/ADMIN/Custom Item Fields Page/a_Checkbox/icon_addoptio' is clicked on

2020-03-19 15:02:10 - [MESSAGE][PASSED] - Object: 'Object Repository/ADMIN/Custom Item Fields Page/a_Checkbox/icon_addoptio' is clicked on

2020-03-19 15:02:10 - [TEST_STEP][PASSED] - click(findTestObject("ADMIN/Custom Item Fields Page/a_Checkbox/icon_addoptio"), STOP_ON_FAILURE): Object: 'Object Repository/ADMIN/Custom Item Fields Page/a_Checkbox/icon_addoptio' is clicked on

2020-03-19 15:02:10 - [MESSAGE][PASSED] - Object: 'Object Repository/ADMIN/Custom Item Fields Page/a_Checkbox/icon_addoptio' is clicked on

2020-03-19 15:02:10 - [TEST_STEP][PASSED] - click(findTestObject("ADMIN/Custom Item Fields Page/a_Checkbox/icon_addoptio"), STOP_ON_FAILURE): Object: 'Object Repository/ADMIN/Custom Item Fields Page/a_Checkbox/icon_addoptio' is clicked on

2020-03-19 15:02:10 - [MESSAGE][PASSED] - Object: 'Object Repository/ADMIN/Custom Item Fields Page/a_Checkbox/icon_addoptio' is clicked on

2020-03-19 15:02:10 - [TEST_STEP][PASSED] - click(findTestObject("ADMIN/Custom Item Fields Page/a_Checkbox/icon_addoptio"), STOP_ON_FAILURE): Object: 'Object Repository/ADMIN/Custom Item Fields Page/a_Checkbox/icon_addoptio' is clicked on

2020-03-19 15:02:10 - [MESSAGE][PASSED] - Object: 'Object Repository/ADMIN/Custom Item Fields Page/a_Checkbox/icon_addoptio' is clicked on

2020-03-19 15:02:10 - [TEST_STEP][PASSED] - click(findTestObject("ADMIN/Custom Item Fields Page/a_Checkbox/icon_addoptio"), STOP_ON_FAILURE): Object: 'Object Repository/ADMIN/Custom Item Fields Page/a_Checkbox/icon_addoptio' is clicked on

2020-03-19 15:02:11 - [MESSAGE][PASSED] - Object: 'Object Repository/ADMIN/Custom Item Fields Page/a_Checkbox/icon_addoptio' is clicked on

2020-03-19 15:02:11 - [TEST_STEP][PASSED] - comment("Add Option"): Add Option

2020-03-19 15:02:11 - [MESSAGE][INFO] - Add Option

2020-03-19 15:02:11 - [TEST_STEP][PASSED] - setText(findTestObject("ADMIN/Custom Item Fields Page/a_Checkbox/textfield_opt1"), varCustomFieldName + "DD1"): Text 'SP_Drop Down_M1DD1' is set on object 'Object Repository/ADMIN/Custom Item Fields Page/a_Checkbox/textfield_opt1'

2020-03-19 15:02:11 - [MESSAGE][PASSED] - Text 'SP_Drop Down_M1DD1' is set on object 'Object Repository/ADMIN/Custom Item Fields Page/a_Checkbox/textfield_opt1'

2020-03-19 15:02:11 - [TEST_STEP][PASSED] - setText(findTestObject("ADMIN/Custom Item Fields Page/a_Checkbox/textfield_opt2"), varCustomFieldName + "DD2"): Text 'SP_Drop Down_M1DD2' is set on object 'Object Repository/ADMIN/Custom Item Fields Page/a_Checkbox/textfield_opt2'

2020-03-19 15:02:11 - [MESSAGE][PASSED] - Text 'SP_Drop Down_M1DD2' is set on object 'Object Repository/ADMIN/Custom Item Fields Page/a_Checkbox/textfield_opt2'

2020-03-19 15:02:11 - [TEST_STEP][PASSED] - setText(findTestObject("ADMIN/Custom Item Fields Page/a_Checkbox/textfield_option3"), varCustomFieldName + "DD3"): Text 'SP_Drop Down_M1DD3' is set on object 'Object Repository/ADMIN/Custom Item Fields Page/a_Checkbox/textfield_option3'

2020-03-19 15:02:12 - [MESSAGE][PASSED] - Text 'SP_Drop Down_M1DD3' is set on object 'Object Repository/ADMIN/Custom Item Fields Page/a_Checkbox/textfield_option3'

2020-03-19 15:02:12 - [TEST_STEP][PASSED] - setText(findTestObject("ADMIN/Custom Item Fields Page/a_Checkbox/textfield_option4"), varCustomFieldName + "DD4"): Text 'SP_Drop Down_M1DD4' is set on object 'Object Repository/ADMIN/Custom Item Fields Page/a_Checkbox/textfield_option4'

2020-03-19 15:02:12 - [MESSAGE][PASSED] - Text 'SP_Drop Down_M1DD4' is set on object 'Object Repository/ADMIN/Custom Item Fields Page/a_Checkbox/textfield_option4'

2020-03-19 15:02:12 - [TEST_STEP][PASSED] - setText(findTestObject("ADMIN/Custom Item Fields Page/a_Checkbox/textfield_option5"), varCustomFieldName + "DD5"): Text 'SP_Drop Down_M1DD5' is set on object 'Object Repository/ADMIN/Custom Item Fields Page/a_Checkbox/textfield_option5'

2020-03-19 15:02:12 - [MESSAGE][PASSED] - Text 'SP_Drop Down_M1DD5' is set on object 'Object Repository/ADMIN/Custom Item Fields Page/a_Checkbox/textfield_option5'

2020-03-19 15:02:12 - [TEST_STEP][PASSED] - setText(findTestObject("ADMIN/Custom Item Fields Page/a_Checkbox/textfield_option6"), varCustomFieldName + "DD6"): Text 'SP_Drop Down_M1DD6' is set on object 'Object Repository/ADMIN/Custom Item Fields Page/a_Checkbox/textfield_option6'

2020-03-19 15:02:12 - [MESSAGE][PASSED] - Text 'SP_Drop Down_M1DD6' is set on object 'Object Repository/ADMIN/Custom Item Fields Page/a_Checkbox/textfield_option6'

2020-03-19 15:02:12 - [TEST_STEP][PASSED] - setText(findTestObject("ADMIN/Custom Item Fields Page/a_Checkbox/textfield_option7"), varCustomFieldName + "DD7"): Text 'SP_Drop Down_M1DD7' is set on object 'Object Repository/ADMIN/Custom Item Fields Page/a_Checkbox/textfield_option7'

2020-03-19 15:02:13 - [MESSAGE][PASSED] - Text 'SP_Drop Down_M1DD7' is set on object 'Object Repository/ADMIN/Custom Item Fields Page/a_Checkbox/textfield_option7'

2020-03-19 15:02:13 - [TEST_STEP][PASSED] - setText(findTestObject("ADMIN/Custom Item Fields Page/a_Checkbox/textfield_option8"), varCustomFieldName + "DD8"): Text 'SP_Drop Down_M1DD8' is set on object 'Object Repository/ADMIN/Custom Item Fields Page/a_Checkbox/textfield_option8'

2020-03-19 15:02:13 - [MESSAGE][PASSED] - Text 'SP_Drop Down_M1DD8' is set on object 'Object Repository/ADMIN/Custom Item Fields Page/a_Checkbox/textfield_option8'

2020-03-19 15:02:13 - [TEST_STEP][PASSED] - setText(findTestObject("ADMIN/Custom Item Fields Page/a_Checkbox/textfield_option9"), varCustomFieldName + "DD9"): Text 'SP_Drop Down_M1DD9' is set on object 'Object Repository/ADMIN/Custom Item Fields Page/a_Checkbox/textfield_option9'

2020-03-19 15:02:13 - [MESSAGE][PASSED] - Text 'SP_Drop Down_M1DD9' is set on object 'Object Repository/ADMIN/Custom Item Fields Page/a_Checkbox/textfield_option9'

2020-03-19 15:02:13 - [TEST_STEP][PASSED] - setText(findTestObject("ADMIN/Custom Item Fields Page/a_Checkbox/textfield_option10"), varCustomFieldName + "DD10"): Text 'SP_Drop Down_M1DD10' is set on object 'Object Repository/ADMIN/Custom Item Fields Page/a_Checkbox/textfield_option10'

2020-03-19 15:02:14 - [MESSAGE][PASSED] - Text 'SP_Drop Down_M1DD10' is set on object 'Object Repository/ADMIN/Custom Item Fields Page/a_Checkbox/textfield_option10'

2020-03-19 15:02:14 - [TEST_STEP][PASSED] - comment("Field Name"): Field Name

2020-03-19 15:02:14 - [MESSAGE][INFO] - Field Name

2020-03-19 15:02:14 - [TEST_STEP][PASSED] - setText(findTestObject("ADMIN/Custom Item Fields Page/a_Default/textfield_fieldname"), varCustomFieldName): Text 'SP_Drop Down_M1' is set on object 'Object Repository/ADMIN/Custom Item Fields Page/a_Default/textfield_fieldname'

2020-03-19 15:02:14 - [MESSAGE][PASSED] - Text 'SP_Drop Down_M1' is set on object 'Object Repository/ADMIN/Custom Item Fields Page/a_Default/textfield_fieldname'

2020-03-19 15:02:14 - [TEST_STEP][PASSED] - comment("Mandatory/NonMandatory"): Mandatory/NonMandatory

2020-03-19 15:02:14 - [MESSAGE][INFO] - Mandatory/NonMandatory

2020-03-19 15:02:14 - [TEST_STEP][PASSED] - if (varMandatoryNonMandatory == "mandatory"): Object 'Object Repository/ADMIN/Custom Item Fields Page/a_Default/togglebutton_mandatory' is visible

2020-03-19 15:02:14 - [TEST_STEP][PASSED] - waitForElementVisible(findTestObject("ADMIN/Custom Item Fields Page/a_Default/togglebutton_mandatory"), 0, CONTINUE_ON_FAILURE): Object 'Object Repository/ADMIN/Custom Item Fields Page/a_Default/togglebutton_mandatory' is visible

2020-03-19 15:02:14 - [MESSAGE][WARNING] - Timeout '0' is invalid. Using default page load timeout: '30'

2020-03-19 15:02:14 - [MESSAGE][PASSED] - Object 'Object Repository/ADMIN/Custom Item Fields Page/a_Default/togglebutton_mandatory' is visible

2020-03-19 15:02:14 - [TEST_STEP][PASSED] - comment("Assign Category"): Assign Category

2020-03-19 15:02:14 - [MESSAGE][INFO] - Assign Category

2020-03-19 15:02:14 - [TEST_STEP][PASSED] - click(findTestObject("ADMIN/Custom Item Fields Page/a_Default/button_SelectCategories")): Object: 'Object Repository/ADMIN/Custom Item Fields Page/a_Default/button_SelectCategories' is clicked on

2020-03-19 15:02:14 - [MESSAGE][PASSED] - Object: 'Object Repository/ADMIN/Custom Item Fields Page/a_Default/button_SelectCategories' is clicked on

2020-03-19 15:02:14 - [TEST_STEP][PASSED] - waitForElementVisible(findTestObject("ADMIN/Custom Item Fields List Page/a_SelectCategories/searchbox_Category"), 0): Object 'Object Repository/ADMIN/Custom Item Fields List Page/a_SelectCategories/searchbox_Category' is visible

2020-03-19 15:02:14 - [MESSAGE][WARNING] - Timeout '0' is invalid. Using default page load timeout: '30'

2020-03-19 15:02:15 - [MESSAGE][PASSED] - Object 'Object Repository/ADMIN/Custom Item Fields List Page/a_SelectCategories/searchbox_Category' is visible

2020-03-19 15:02:15 - [TEST_STEP][PASSED] - comment("Category Assignment"): Category Assignment

2020-03-19 15:02:15 - [MESSAGE][INFO] - Category Assignment

2020-03-19 15:02:15 - [TEST_STEP][PASSED] - if (varAssignedCategory == "All Cat"): null

2020-03-19 15:02:15 - [TEST_STEP][PASSED] - else if (varAssignedCategory == "Category 01"): Object: 'Object Repository/ADMIN/Custom Item Fields List Page/a_SelectCategories/a_Categories/checkbox_1' is clicked on

2020-03-19 15:02:15 - [TEST_STEP][PASSED] - setText(findTestObject("ADMIN/Custom Item Fields List Page/a_SelectCategories/searchbox_Category"), varAssignedCategory, CONTINUE_ON_FAILURE): Text 'Category 01' is set on object 'Object Repository/ADMIN/Custom Item Fields List Page/a_SelectCategories/searchbox_Category'

2020-03-19 15:02:15 - [MESSAGE][PASSED] - Text 'Category 01' is set on object 'Object Repository/ADMIN/Custom Item Fields List Page/a_SelectCategories/searchbox_Category'

2020-03-19 15:02:15 - [TEST_STEP][PASSED] - click(findTestObject("ADMIN/Custom Item Fields List Page/a_SelectCategories/a_Categories/checkbox_1")): Object: 'Object Repository/ADMIN/Custom Item Fields List Page/a_SelectCategories/a_Categories/checkbox_1' is clicked on

2020-03-19 15:02:16 - [MESSAGE][PASSED] - Object: 'Object Repository/ADMIN/Custom Item Fields List Page/a_SelectCategories/a_Categories/checkbox_1' is clicked on

2020-03-19 15:02:16 - [TEST_STEP][PASSED] - click(findTestObject("ADMIN/Custom Item Fields List Page/a_SelectCategories/button_Save"), STOP_ON_FAILURE): Object: 'Object Repository/ADMIN/Custom Item Fields List Page/a_SelectCategories/button_Save' is clicked on

2020-03-19 15:02:16 - [MESSAGE][PASSED] - Object: 'Object Repository/ADMIN/Custom Item Fields List Page/a_SelectCategories/button_Save' is clicked on

2020-03-19 15:02:16 - [TEST_STEP][PASSED] - delay(2, CONTINUE_ON_FAILURE): Delayed 2 second(s)

2020-03-19 15:02:18 - [MESSAGE][PASSED] - Delayed 2 second(s)

2020-03-19 15:02:18 - [TEST_STEP][PASSED] - click(findTestObject("ADMIN/Custom Item Fields Page/a_Default/button_Save1"), STOP_ON_FAILURE): Object: 'Object Repository/ADMIN/Custom Item Fields Page/a_Default/button_Save1' is clicked on

2020-03-19 15:02:18 - [MESSAGE][PASSED] - Object: 'Object Repository/ADMIN/Custom Item Fields Page/a_Default/button_Save1' is clicked on

2020-03-19 15:02:18 - [TEST_STEP][PASSED] - waitForElementVisible(findTestObject("ADMIN/Custom Item Fields List Page/button_Add Field"), 0): Object 'Object Repository/ADMIN/Custom Item Fields List Page/button_Add Field' is visible

2020-03-19 15:02:18 - [MESSAGE][WARNING] - Timeout '0' is invalid. Using default page load timeout: '30'

2020-03-19 15:02:20 - [MESSAGE][PASSED] - Object 'Object Repository/ADMIN/Custom Item Fields List Page/button_Add Field' is visible]]></system-out>
         <system-err><![CDATA[]]></system-err>
      </testcase>
      <testcase name="Test Cases/ADMIN/Custom Fields Page/Add Custom Item Fields/Add_CF_DataDriven" time="11.609" classname="Test Cases/ADMIN/Custom Fields Page/Add Custom Item Fields/Add_CF_DataDriven" status="PASSED">
         <system-out><![CDATA[2020-03-19 15:02:20 - [TEST_CASE][PASSED] - Test Cases/ADMIN/Custom Fields Page/Add Custom Item Fields/Add_CF_DataDriven: Test Cases/ADMIN/Custom Fields Page/Add Custom Item Fields/Add_CF_DataDriven

2020-03-19 15:02:20 - [TEST_STEP][PASSED] - waitForElementVisible(findTestObject("ADMIN/Custom Item Fields List Page/button_Add Field"), 0): Object 'Object Repository/ADMIN/Custom Item Fields List Page/button_Add Field' is visible

2020-03-19 15:02:20 - [MESSAGE][WARNING] - Timeout '0' is invalid. Using default page load timeout: '30'

2020-03-19 15:02:20 - [MESSAGE][PASSED] - Object 'Object Repository/ADMIN/Custom Item Fields List Page/button_Add Field' is visible

2020-03-19 15:02:20 - [TEST_STEP][PASSED] - click(findTestObject("ADMIN/Custom Item Fields List Page/button_Add Field"), STOP_ON_FAILURE): Object: 'Object Repository/ADMIN/Custom Item Fields List Page/button_Add Field' is clicked on

2020-03-19 15:02:21 - [MESSAGE][PASSED] - Object: 'Object Repository/ADMIN/Custom Item Fields List Page/button_Add Field' is clicked on

2020-03-19 15:02:21 - [TEST_STEP][PASSED] - comment("Choose Field Type"): Choose Field Type

2020-03-19 15:02:21 - [MESSAGE][INFO] - Choose Field Type

2020-03-19 15:02:21 - [TEST_STEP][PASSED] - if (varCustomFieldType == "Checkbox"): null

2020-03-19 15:02:21 - [TEST_STEP][PASSED] - else if (varCustomFieldType == "Date / Time picker"): null

2020-03-19 15:02:21 - [TEST_STEP][PASSED] - else if (varCustomFieldType == "Drop Down"): Text 'SP_Drop Down_M2DD10' is set on object 'Object Repository/ADMIN/Custom Item Fields Page/a_Checkbox/textfield_option10'

2020-03-19 15:02:21 - [TEST_STEP][PASSED] - waitForElementVisible(findTestObject("ADMIN/Custom Item Fields Page/a_Default/dropdown_fieldtype"), 0, CONTINUE_ON_FAILURE): Object 'Object Repository/ADMIN/Custom Item Fields Page/a_Default/dropdown_fieldtype' is visible

2020-03-19 15:02:21 - [MESSAGE][WARNING] - Timeout '0' is invalid. Using default page load timeout: '30'

2020-03-19 15:02:21 - [MESSAGE][PASSED] - Object 'Object Repository/ADMIN/Custom Item Fields Page/a_Default/dropdown_fieldtype' is visible

2020-03-19 15:02:21 - [TEST_STEP][PASSED] - selectOptionByLabel(findTestObject("ADMIN/Custom Item Fields Page/a_Default/dropdown_fieldtype"), "Drop Down", false): All options with label 'Drop Down' are selected in object 'Object Repository/ADMIN/Custom Item Fields Page/a_Default/dropdown_fieldtype' 

2020-03-19 15:02:21 - [MESSAGE][PASSED] - All options with label 'Drop Down' are selected in object 'Object Repository/ADMIN/Custom Item Fields Page/a_Default/dropdown_fieldtype' 

2020-03-19 15:02:21 - [TEST_STEP][PASSED] - waitForElementVisible(findTestObject("ADMIN/Custom Item Fields Page/a_Checkbox/icon_addoptio"), 0): Object 'Object Repository/ADMIN/Custom Item Fields Page/a_Checkbox/icon_addoptio' is visible

2020-03-19 15:02:22 - [MESSAGE][WARNING] - Timeout '0' is invalid. Using default page load timeout: '30'

2020-03-19 15:02:22 - [MESSAGE][PASSED] - Object 'Object Repository/ADMIN/Custom Item Fields Page/a_Checkbox/icon_addoptio' is visible

2020-03-19 15:02:22 - [TEST_STEP][PASSED] - for ([r = 0, r <= 7, (r++)]): Object: 'Object Repository/ADMIN/Custom Item Fields Page/a_Checkbox/icon_addoptio' is clicked on

2020-03-19 15:02:22 - [TEST_STEP][PASSED] - click(findTestObject("ADMIN/Custom Item Fields Page/a_Checkbox/icon_addoptio"), STOP_ON_FAILURE): Object: 'Object Repository/ADMIN/Custom Item Fields Page/a_Checkbox/icon_addoptio' is clicked on

2020-03-19 15:02:22 - [MESSAGE][PASSED] - Object: 'Object Repository/ADMIN/Custom Item Fields Page/a_Checkbox/icon_addoptio' is clicked on

2020-03-19 15:02:22 - [TEST_STEP][PASSED] - click(findTestObject("ADMIN/Custom Item Fields Page/a_Checkbox/icon_addoptio"), STOP_ON_FAILURE): Object: 'Object Repository/ADMIN/Custom Item Fields Page/a_Checkbox/icon_addoptio' is clicked on

2020-03-19 15:02:22 - [MESSAGE][PASSED] - Object: 'Object Repository/ADMIN/Custom Item Fields Page/a_Checkbox/icon_addoptio' is clicked on

2020-03-19 15:02:22 - [TEST_STEP][PASSED] - click(findTestObject("ADMIN/Custom Item Fields Page/a_Checkbox/icon_addoptio"), STOP_ON_FAILURE): Object: 'Object Repository/ADMIN/Custom Item Fields Page/a_Checkbox/icon_addoptio' is clicked on

2020-03-19 15:02:22 - [MESSAGE][PASSED] - Object: 'Object Repository/ADMIN/Custom Item Fields Page/a_Checkbox/icon_addoptio' is clicked on

2020-03-19 15:02:22 - [TEST_STEP][PASSED] - click(findTestObject("ADMIN/Custom Item Fields Page/a_Checkbox/icon_addoptio"), STOP_ON_FAILURE): Object: 'Object Repository/ADMIN/Custom Item Fields Page/a_Checkbox/icon_addoptio' is clicked on

2020-03-19 15:02:22 - [MESSAGE][PASSED] - Object: 'Object Repository/ADMIN/Custom Item Fields Page/a_Checkbox/icon_addoptio' is clicked on

2020-03-19 15:02:22 - [TEST_STEP][PASSED] - click(findTestObject("ADMIN/Custom Item Fields Page/a_Checkbox/icon_addoptio"), STOP_ON_FAILURE): Object: 'Object Repository/ADMIN/Custom Item Fields Page/a_Checkbox/icon_addoptio' is clicked on

2020-03-19 15:02:22 - [MESSAGE][PASSED] - Object: 'Object Repository/ADMIN/Custom Item Fields Page/a_Checkbox/icon_addoptio' is clicked on

2020-03-19 15:02:22 - [TEST_STEP][PASSED] - click(findTestObject("ADMIN/Custom Item Fields Page/a_Checkbox/icon_addoptio"), STOP_ON_FAILURE): Object: 'Object Repository/ADMIN/Custom Item Fields Page/a_Checkbox/icon_addoptio' is clicked on

2020-03-19 15:02:22 - [MESSAGE][PASSED] - Object: 'Object Repository/ADMIN/Custom Item Fields Page/a_Checkbox/icon_addoptio' is clicked on

2020-03-19 15:02:22 - [TEST_STEP][PASSED] - click(findTestObject("ADMIN/Custom Item Fields Page/a_Checkbox/icon_addoptio"), STOP_ON_FAILURE): Object: 'Object Repository/ADMIN/Custom Item Fields Page/a_Checkbox/icon_addoptio' is clicked on

2020-03-19 15:02:22 - [MESSAGE][PASSED] - Object: 'Object Repository/ADMIN/Custom Item Fields Page/a_Checkbox/icon_addoptio' is clicked on

2020-03-19 15:02:22 - [TEST_STEP][PASSED] - click(findTestObject("ADMIN/Custom Item Fields Page/a_Checkbox/icon_addoptio"), STOP_ON_FAILURE): Object: 'Object Repository/ADMIN/Custom Item Fields Page/a_Checkbox/icon_addoptio' is clicked on

2020-03-19 15:02:23 - [MESSAGE][PASSED] - Object: 'Object Repository/ADMIN/Custom Item Fields Page/a_Checkbox/icon_addoptio' is clicked on

2020-03-19 15:02:23 - [TEST_STEP][PASSED] - comment("Add Option"): Add Option

2020-03-19 15:02:23 - [MESSAGE][INFO] - Add Option

2020-03-19 15:02:23 - [TEST_STEP][PASSED] - setText(findTestObject("ADMIN/Custom Item Fields Page/a_Checkbox/textfield_opt1"), varCustomFieldName + "DD1"): Text 'SP_Drop Down_M2DD1' is set on object 'Object Repository/ADMIN/Custom Item Fields Page/a_Checkbox/textfield_opt1'

2020-03-19 15:02:23 - [MESSAGE][PASSED] - Text 'SP_Drop Down_M2DD1' is set on object 'Object Repository/ADMIN/Custom Item Fields Page/a_Checkbox/textfield_opt1'

2020-03-19 15:02:23 - [TEST_STEP][PASSED] - setText(findTestObject("ADMIN/Custom Item Fields Page/a_Checkbox/textfield_opt2"), varCustomFieldName + "DD2"): Text 'SP_Drop Down_M2DD2' is set on object 'Object Repository/ADMIN/Custom Item Fields Page/a_Checkbox/textfield_opt2'

2020-03-19 15:02:23 - [MESSAGE][PASSED] - Text 'SP_Drop Down_M2DD2' is set on object 'Object Repository/ADMIN/Custom Item Fields Page/a_Checkbox/textfield_opt2'

2020-03-19 15:02:23 - [TEST_STEP][PASSED] - setText(findTestObject("ADMIN/Custom Item Fields Page/a_Checkbox/textfield_option3"), varCustomFieldName + "DD3"): Text 'SP_Drop Down_M2DD3' is set on object 'Object Repository/ADMIN/Custom Item Fields Page/a_Checkbox/textfield_option3'

2020-03-19 15:02:24 - [MESSAGE][PASSED] - Text 'SP_Drop Down_M2DD3' is set on object 'Object Repository/ADMIN/Custom Item Fields Page/a_Checkbox/textfield_option3'

2020-03-19 15:02:24 - [TEST_STEP][PASSED] - setText(findTestObject("ADMIN/Custom Item Fields Page/a_Checkbox/textfield_option4"), varCustomFieldName + "DD4"): Text 'SP_Drop Down_M2DD4' is set on object 'Object Repository/ADMIN/Custom Item Fields Page/a_Checkbox/textfield_option4'

2020-03-19 15:02:24 - [MESSAGE][PASSED] - Text 'SP_Drop Down_M2DD4' is set on object 'Object Repository/ADMIN/Custom Item Fields Page/a_Checkbox/textfield_option4'

2020-03-19 15:02:24 - [TEST_STEP][PASSED] - setText(findTestObject("ADMIN/Custom Item Fields Page/a_Checkbox/textfield_option5"), varCustomFieldName + "DD5"): Text 'SP_Drop Down_M2DD5' is set on object 'Object Repository/ADMIN/Custom Item Fields Page/a_Checkbox/textfield_option5'

2020-03-19 15:02:24 - [MESSAGE][PASSED] - Text 'SP_Drop Down_M2DD5' is set on object 'Object Repository/ADMIN/Custom Item Fields Page/a_Checkbox/textfield_option5'

2020-03-19 15:02:24 - [TEST_STEP][PASSED] - setText(findTestObject("ADMIN/Custom Item Fields Page/a_Checkbox/textfield_option6"), varCustomFieldName + "DD6"): Text 'SP_Drop Down_M2DD6' is set on object 'Object Repository/ADMIN/Custom Item Fields Page/a_Checkbox/textfield_option6'

2020-03-19 15:02:25 - [MESSAGE][PASSED] - Text 'SP_Drop Down_M2DD6' is set on object 'Object Repository/ADMIN/Custom Item Fields Page/a_Checkbox/textfield_option6'

2020-03-19 15:02:25 - [TEST_STEP][PASSED] - setText(findTestObject("ADMIN/Custom Item Fields Page/a_Checkbox/textfield_option7"), varCustomFieldName + "DD7"): Text 'SP_Drop Down_M2DD7' is set on object 'Object Repository/ADMIN/Custom Item Fields Page/a_Checkbox/textfield_option7'

2020-03-19 15:02:25 - [MESSAGE][PASSED] - Text 'SP_Drop Down_M2DD7' is set on object 'Object Repository/ADMIN/Custom Item Fields Page/a_Checkbox/textfield_option7'

2020-03-19 15:02:25 - [TEST_STEP][PASSED] - setText(findTestObject("ADMIN/Custom Item Fields Page/a_Checkbox/textfield_option8"), varCustomFieldName + "DD8"): Text 'SP_Drop Down_M2DD8' is set on object 'Object Repository/ADMIN/Custom Item Fields Page/a_Checkbox/textfield_option8'

2020-03-19 15:02:25 - [MESSAGE][PASSED] - Text 'SP_Drop Down_M2DD8' is set on object 'Object Repository/ADMIN/Custom Item Fields Page/a_Checkbox/textfield_option8'

2020-03-19 15:02:25 - [TEST_STEP][PASSED] - setText(findTestObject("ADMIN/Custom Item Fields Page/a_Checkbox/textfield_option9"), varCustomFieldName + "DD9"): Text 'SP_Drop Down_M2DD9' is set on object 'Object Repository/ADMIN/Custom Item Fields Page/a_Checkbox/textfield_option9'

2020-03-19 15:02:26 - [MESSAGE][PASSED] - Text 'SP_Drop Down_M2DD9' is set on object 'Object Repository/ADMIN/Custom Item Fields Page/a_Checkbox/textfield_option9'

2020-03-19 15:02:26 - [TEST_STEP][PASSED] - setText(findTestObject("ADMIN/Custom Item Fields Page/a_Checkbox/textfield_option10"), varCustomFieldName + "DD10"): Text 'SP_Drop Down_M2DD10' is set on object 'Object Repository/ADMIN/Custom Item Fields Page/a_Checkbox/textfield_option10'

2020-03-19 15:02:26 - [MESSAGE][PASSED] - Text 'SP_Drop Down_M2DD10' is set on object 'Object Repository/ADMIN/Custom Item Fields Page/a_Checkbox/textfield_option10'

2020-03-19 15:02:26 - [TEST_STEP][PASSED] - comment("Field Name"): Field Name

2020-03-19 15:02:26 - [MESSAGE][INFO] - Field Name

2020-03-19 15:02:26 - [TEST_STEP][PASSED] - setText(findTestObject("ADMIN/Custom Item Fields Page/a_Default/textfield_fieldname"), varCustomFieldName): Text 'SP_Drop Down_M2' is set on object 'Object Repository/ADMIN/Custom Item Fields Page/a_Default/textfield_fieldname'

2020-03-19 15:02:26 - [MESSAGE][PASSED] - Text 'SP_Drop Down_M2' is set on object 'Object Repository/ADMIN/Custom Item Fields Page/a_Default/textfield_fieldname'

2020-03-19 15:02:26 - [TEST_STEP][PASSED] - comment("Mandatory/NonMandatory"): Mandatory/NonMandatory

2020-03-19 15:02:26 - [MESSAGE][INFO] - Mandatory/NonMandatory

2020-03-19 15:02:26 - [TEST_STEP][PASSED] - if (varMandatoryNonMandatory == "mandatory"): Object 'Object Repository/ADMIN/Custom Item Fields Page/a_Default/togglebutton_mandatory' is visible

2020-03-19 15:02:26 - [TEST_STEP][PASSED] - waitForElementVisible(findTestObject("ADMIN/Custom Item Fields Page/a_Default/togglebutton_mandatory"), 0, CONTINUE_ON_FAILURE): Object 'Object Repository/ADMIN/Custom Item Fields Page/a_Default/togglebutton_mandatory' is visible

2020-03-19 15:02:26 - [MESSAGE][WARNING] - Timeout '0' is invalid. Using default page load timeout: '30'

2020-03-19 15:02:26 - [MESSAGE][PASSED] - Object 'Object Repository/ADMIN/Custom Item Fields Page/a_Default/togglebutton_mandatory' is visible

2020-03-19 15:02:26 - [TEST_STEP][PASSED] - comment("Assign Category"): Assign Category

2020-03-19 15:02:26 - [MESSAGE][INFO] - Assign Category

2020-03-19 15:02:26 - [TEST_STEP][PASSED] - click(findTestObject("ADMIN/Custom Item Fields Page/a_Default/button_SelectCategories")): Object: 'Object Repository/ADMIN/Custom Item Fields Page/a_Default/button_SelectCategories' is clicked on

2020-03-19 15:02:26 - [MESSAGE][PASSED] - Object: 'Object Repository/ADMIN/Custom Item Fields Page/a_Default/button_SelectCategories' is clicked on

2020-03-19 15:02:26 - [TEST_STEP][PASSED] - waitForElementVisible(findTestObject("ADMIN/Custom Item Fields List Page/a_SelectCategories/searchbox_Category"), 0): Object 'Object Repository/ADMIN/Custom Item Fields List Page/a_SelectCategories/searchbox_Category' is visible

2020-03-19 15:02:26 - [MESSAGE][WARNING] - Timeout '0' is invalid. Using default page load timeout: '30'

2020-03-19 15:02:27 - [MESSAGE][PASSED] - Object 'Object Repository/ADMIN/Custom Item Fields List Page/a_SelectCategories/searchbox_Category' is visible

2020-03-19 15:02:27 - [TEST_STEP][PASSED] - comment("Category Assignment"): Category Assignment

2020-03-19 15:02:27 - [MESSAGE][INFO] - Category Assignment

2020-03-19 15:02:27 - [TEST_STEP][PASSED] - if (varAssignedCategory == "All Cat"): null

2020-03-19 15:02:27 - [TEST_STEP][PASSED] - else if (varAssignedCategory == "Category 01"): Object: 'Object Repository/ADMIN/Custom Item Fields List Page/a_SelectCategories/a_Categories/checkbox_1' is clicked on

2020-03-19 15:02:27 - [TEST_STEP][PASSED] - setText(findTestObject("ADMIN/Custom Item Fields List Page/a_SelectCategories/searchbox_Category"), varAssignedCategory, CONTINUE_ON_FAILURE): Text 'Category 01' is set on object 'Object Repository/ADMIN/Custom Item Fields List Page/a_SelectCategories/searchbox_Category'

2020-03-19 15:02:27 - [MESSAGE][PASSED] - Text 'Category 01' is set on object 'Object Repository/ADMIN/Custom Item Fields List Page/a_SelectCategories/searchbox_Category'

2020-03-19 15:02:27 - [TEST_STEP][PASSED] - click(findTestObject("ADMIN/Custom Item Fields List Page/a_SelectCategories/a_Categories/checkbox_1")): Object: 'Object Repository/ADMIN/Custom Item Fields List Page/a_SelectCategories/a_Categories/checkbox_1' is clicked on

2020-03-19 15:02:27 - [MESSAGE][PASSED] - Object: 'Object Repository/ADMIN/Custom Item Fields List Page/a_SelectCategories/a_Categories/checkbox_1' is clicked on

2020-03-19 15:02:27 - [TEST_STEP][PASSED] - click(findTestObject("ADMIN/Custom Item Fields List Page/a_SelectCategories/button_Save"), STOP_ON_FAILURE): Object: 'Object Repository/ADMIN/Custom Item Fields List Page/a_SelectCategories/button_Save' is clicked on

2020-03-19 15:02:27 - [MESSAGE][PASSED] - Object: 'Object Repository/ADMIN/Custom Item Fields List Page/a_SelectCategories/button_Save' is clicked on

2020-03-19 15:02:27 - [TEST_STEP][PASSED] - delay(2, CONTINUE_ON_FAILURE): Delayed 2 second(s)

2020-03-19 15:02:29 - [MESSAGE][PASSED] - Delayed 2 second(s)

2020-03-19 15:02:29 - [TEST_STEP][PASSED] - click(findTestObject("ADMIN/Custom Item Fields Page/a_Default/button_Save1"), STOP_ON_FAILURE): Object: 'Object Repository/ADMIN/Custom Item Fields Page/a_Default/button_Save1' is clicked on

2020-03-19 15:02:29 - [MESSAGE][PASSED] - Object: 'Object Repository/ADMIN/Custom Item Fields Page/a_Default/button_Save1' is clicked on

2020-03-19 15:02:29 - [TEST_STEP][PASSED] - waitForElementVisible(findTestObject("ADMIN/Custom Item Fields List Page/button_Add Field"), 0): Object 'Object Repository/ADMIN/Custom Item Fields List Page/button_Add Field' is visible

2020-03-19 15:02:29 - [MESSAGE][WARNING] - Timeout '0' is invalid. Using default page load timeout: '30'

2020-03-19 15:02:31 - [MESSAGE][PASSED] - Object 'Object Repository/ADMIN/Custom Item Fields List Page/button_Add Field' is visible]]></system-out>
         <system-err><![CDATA[]]></system-err>
      </testcase>
      <testcase name="Test Cases/ADMIN/Custom Fields Page/Add Custom Item Fields/Add_CF_DataDriven" time="7.732" classname="Test Cases/ADMIN/Custom Fields Page/Add Custom Item Fields/Add_CF_DataDriven" status="PASSED">
         <system-out><![CDATA[2020-03-19 15:02:32 - [TEST_CASE][PASSED] - Test Cases/ADMIN/Custom Fields Page/Add Custom Item Fields/Add_CF_DataDriven: Test Cases/ADMIN/Custom Fields Page/Add Custom Item Fields/Add_CF_DataDriven

2020-03-19 15:02:32 - [TEST_STEP][PASSED] - waitForElementVisible(findTestObject("ADMIN/Custom Item Fields List Page/button_Add Field"), 0): Object 'Object Repository/ADMIN/Custom Item Fields List Page/button_Add Field' is visible

2020-03-19 15:02:32 - [MESSAGE][WARNING] - Timeout '0' is invalid. Using default page load timeout: '30'

2020-03-19 15:02:32 - [MESSAGE][PASSED] - Object 'Object Repository/ADMIN/Custom Item Fields List Page/button_Add Field' is visible

2020-03-19 15:02:32 - [TEST_STEP][PASSED] - click(findTestObject("ADMIN/Custom Item Fields List Page/button_Add Field"), STOP_ON_FAILURE): Object: 'Object Repository/ADMIN/Custom Item Fields List Page/button_Add Field' is clicked on

2020-03-19 15:02:33 - [MESSAGE][PASSED] - Object: 'Object Repository/ADMIN/Custom Item Fields List Page/button_Add Field' is clicked on

2020-03-19 15:02:33 - [TEST_STEP][PASSED] - comment("Choose Field Type"): Choose Field Type

2020-03-19 15:02:33 - [MESSAGE][INFO] - Choose Field Type

2020-03-19 15:02:33 - [TEST_STEP][PASSED] - if (varCustomFieldType == "Checkbox"): null

2020-03-19 15:02:33 - [TEST_STEP][PASSED] - else if (varCustomFieldType == "Date / Time picker"): null

2020-03-19 15:02:33 - [TEST_STEP][PASSED] - else if (varCustomFieldType == "Drop Down"): null

2020-03-19 15:02:33 - [TEST_STEP][PASSED] - else if (varCustomFieldType == "Email"): null

2020-03-19 15:02:33 - [TEST_STEP][PASSED] - else if (varCustomFieldType == "Embed Video"): null

2020-03-19 15:02:33 - [TEST_STEP][PASSED] - else if (varCustomFieldType == "Hyperlink / URL"): null

2020-03-19 15:02:33 - [TEST_STEP][PASSED] - else if (varCustomFieldType == "Location"): All options with label 'Location' are selected in object 'Object Repository/ADMIN/Custom Item Fields Page/a_Default/dropdown_fieldtype' 

2020-03-19 15:02:33 - [TEST_STEP][PASSED] - waitForElementVisible(findTestObject("ADMIN/Custom Item Fields Page/a_Default/dropdown_fieldtype"), 0, CONTINUE_ON_FAILURE): Object 'Object Repository/ADMIN/Custom Item Fields Page/a_Default/dropdown_fieldtype' is visible

2020-03-19 15:02:33 - [MESSAGE][WARNING] - Timeout '0' is invalid. Using default page load timeout: '30'

2020-03-19 15:02:33 - [MESSAGE][PASSED] - Object 'Object Repository/ADMIN/Custom Item Fields Page/a_Default/dropdown_fieldtype' is visible

2020-03-19 15:02:33 - [TEST_STEP][PASSED] - selectOptionByLabel(findTestObject("ADMIN/Custom Item Fields Page/a_Default/dropdown_fieldtype"), "Location", false): All options with label 'Location' are selected in object 'Object Repository/ADMIN/Custom Item Fields Page/a_Default/dropdown_fieldtype' 

2020-03-19 15:02:33 - [MESSAGE][PASSED] - All options with label 'Location' are selected in object 'Object Repository/ADMIN/Custom Item Fields Page/a_Default/dropdown_fieldtype' 

2020-03-19 15:02:33 - [TEST_STEP][PASSED] - comment("Field Name"): Field Name

2020-03-19 15:02:33 - [MESSAGE][INFO] - Field Name

2020-03-19 15:02:33 - [TEST_STEP][PASSED] - setText(findTestObject("ADMIN/Custom Item Fields Page/a_Default/textfield_fieldname"), varCustomFieldName): Text 'SP_Location_M' is set on object 'Object Repository/ADMIN/Custom Item Fields Page/a_Default/textfield_fieldname'

2020-03-19 15:02:34 - [MESSAGE][PASSED] - Text 'SP_Location_M' is set on object 'Object Repository/ADMIN/Custom Item Fields Page/a_Default/textfield_fieldname'

2020-03-19 15:02:34 - [TEST_STEP][PASSED] - comment("Mandatory/NonMandatory"): Mandatory/NonMandatory

2020-03-19 15:02:34 - [MESSAGE][INFO] - Mandatory/NonMandatory

2020-03-19 15:02:34 - [TEST_STEP][PASSED] - if (varMandatoryNonMandatory == "mandatory"): Object 'Object Repository/ADMIN/Custom Item Fields Page/a_Default/togglebutton_mandatory' is visible

2020-03-19 15:02:34 - [TEST_STEP][PASSED] - waitForElementVisible(findTestObject("ADMIN/Custom Item Fields Page/a_Default/togglebutton_mandatory"), 0, CONTINUE_ON_FAILURE): Object 'Object Repository/ADMIN/Custom Item Fields Page/a_Default/togglebutton_mandatory' is visible

2020-03-19 15:02:34 - [MESSAGE][WARNING] - Timeout '0' is invalid. Using default page load timeout: '30'

2020-03-19 15:02:34 - [MESSAGE][PASSED] - Object 'Object Repository/ADMIN/Custom Item Fields Page/a_Default/togglebutton_mandatory' is visible

2020-03-19 15:02:34 - [TEST_STEP][PASSED] - comment("Assign Category"): Assign Category

2020-03-19 15:02:34 - [MESSAGE][INFO] - Assign Category

2020-03-19 15:02:34 - [TEST_STEP][PASSED] - click(findTestObject("ADMIN/Custom Item Fields Page/a_Default/button_SelectCategories")): Object: 'Object Repository/ADMIN/Custom Item Fields Page/a_Default/button_SelectCategories' is clicked on

2020-03-19 15:02:34 - [MESSAGE][PASSED] - Object: 'Object Repository/ADMIN/Custom Item Fields Page/a_Default/button_SelectCategories' is clicked on

2020-03-19 15:02:34 - [TEST_STEP][PASSED] - waitForElementVisible(findTestObject("ADMIN/Custom Item Fields List Page/a_SelectCategories/searchbox_Category"), 0): Object 'Object Repository/ADMIN/Custom Item Fields List Page/a_SelectCategories/searchbox_Category' is visible

2020-03-19 15:02:34 - [MESSAGE][WARNING] - Timeout '0' is invalid. Using default page load timeout: '30'

2020-03-19 15:02:35 - [MESSAGE][PASSED] - Object 'Object Repository/ADMIN/Custom Item Fields List Page/a_SelectCategories/searchbox_Category' is visible

2020-03-19 15:02:35 - [TEST_STEP][PASSED] - comment("Category Assignment"): Category Assignment

2020-03-19 15:02:35 - [MESSAGE][INFO] - Category Assignment

2020-03-19 15:02:35 - [TEST_STEP][PASSED] - if (varAssignedCategory == "All Cat"): null

2020-03-19 15:02:35 - [TEST_STEP][PASSED] - else if (varAssignedCategory == "Category 01"): Object: 'Object Repository/ADMIN/Custom Item Fields List Page/a_SelectCategories/a_Categories/checkbox_1' is clicked on

2020-03-19 15:02:35 - [TEST_STEP][PASSED] - setText(findTestObject("ADMIN/Custom Item Fields List Page/a_SelectCategories/searchbox_Category"), varAssignedCategory, CONTINUE_ON_FAILURE): Text 'Category 01' is set on object 'Object Repository/ADMIN/Custom Item Fields List Page/a_SelectCategories/searchbox_Category'

2020-03-19 15:02:35 - [MESSAGE][PASSED] - Text 'Category 01' is set on object 'Object Repository/ADMIN/Custom Item Fields List Page/a_SelectCategories/searchbox_Category'

2020-03-19 15:02:35 - [TEST_STEP][PASSED] - click(findTestObject("ADMIN/Custom Item Fields List Page/a_SelectCategories/a_Categories/checkbox_1")): Object: 'Object Repository/ADMIN/Custom Item Fields List Page/a_SelectCategories/a_Categories/checkbox_1' is clicked on

2020-03-19 15:02:35 - [MESSAGE][PASSED] - Object: 'Object Repository/ADMIN/Custom Item Fields List Page/a_SelectCategories/a_Categories/checkbox_1' is clicked on

2020-03-19 15:02:35 - [TEST_STEP][PASSED] - click(findTestObject("ADMIN/Custom Item Fields List Page/a_SelectCategories/button_Save"), STOP_ON_FAILURE): Object: 'Object Repository/ADMIN/Custom Item Fields List Page/a_SelectCategories/button_Save' is clicked on

2020-03-19 15:02:35 - [MESSAGE][PASSED] - Object: 'Object Repository/ADMIN/Custom Item Fields List Page/a_SelectCategories/button_Save' is clicked on

2020-03-19 15:02:35 - [TEST_STEP][PASSED] - delay(2, CONTINUE_ON_FAILURE): Delayed 2 second(s)

2020-03-19 15:02:37 - [MESSAGE][PASSED] - Delayed 2 second(s)

2020-03-19 15:02:37 - [TEST_STEP][PASSED] - click(findTestObject("ADMIN/Custom Item Fields Page/a_Default/button_Save1"), STOP_ON_FAILURE): Object: 'Object Repository/ADMIN/Custom Item Fields Page/a_Default/button_Save1' is clicked on

2020-03-19 15:02:37 - [MESSAGE][PASSED] - Object: 'Object Repository/ADMIN/Custom Item Fields Page/a_Default/button_Save1' is clicked on

2020-03-19 15:02:37 - [TEST_STEP][PASSED] - waitForElementVisible(findTestObject("ADMIN/Custom Item Fields List Page/button_Add Field"), 0): Object 'Object Repository/ADMIN/Custom Item Fields List Page/button_Add Field' is visible

2020-03-19 15:02:37 - [MESSAGE][WARNING] - Timeout '0' is invalid. Using default page load timeout: '30'

2020-03-19 15:02:39 - [MESSAGE][PASSED] - Object 'Object Repository/ADMIN/Custom Item Fields List Page/button_Add Field' is visible]]></system-out>
         <system-err><![CDATA[]]></system-err>
      </testcase>
      <testcase name="Test Cases/ADMIN/Custom Fields Page/Add Custom Item Fields/Add_CF_DataDriven" time="7.567" classname="Test Cases/ADMIN/Custom Fields Page/Add Custom Item Fields/Add_CF_DataDriven" status="PASSED">
         <system-out><![CDATA[2020-03-19 15:02:39 - [TEST_CASE][PASSED] - Test Cases/ADMIN/Custom Fields Page/Add Custom Item Fields/Add_CF_DataDriven: Test Cases/ADMIN/Custom Fields Page/Add Custom Item Fields/Add_CF_DataDriven

2020-03-19 15:02:39 - [TEST_STEP][PASSED] - waitForElementVisible(findTestObject("ADMIN/Custom Item Fields List Page/button_Add Field"), 0): Object 'Object Repository/ADMIN/Custom Item Fields List Page/button_Add Field' is visible

2020-03-19 15:02:39 - [MESSAGE][WARNING] - Timeout '0' is invalid. Using default page load timeout: '30'

2020-03-19 15:02:39 - [MESSAGE][PASSED] - Object 'Object Repository/ADMIN/Custom Item Fields List Page/button_Add Field' is visible

2020-03-19 15:02:39 - [TEST_STEP][PASSED] - click(findTestObject("ADMIN/Custom Item Fields List Page/button_Add Field"), STOP_ON_FAILURE): Object: 'Object Repository/ADMIN/Custom Item Fields List Page/button_Add Field' is clicked on

2020-03-19 15:02:40 - [MESSAGE][PASSED] - Object: 'Object Repository/ADMIN/Custom Item Fields List Page/button_Add Field' is clicked on

2020-03-19 15:02:40 - [TEST_STEP][PASSED] - comment("Choose Field Type"): Choose Field Type

2020-03-19 15:02:40 - [MESSAGE][INFO] - Choose Field Type

2020-03-19 15:02:40 - [TEST_STEP][PASSED] - if (varCustomFieldType == "Checkbox"): null

2020-03-19 15:02:40 - [TEST_STEP][PASSED] - else if (varCustomFieldType == "Date / Time picker"): All options with label 'Date / Time picker' are selected in object 'Object Repository/ADMIN/Custom Item Fields Page/a_Default/dropdown_fieldtype' 

2020-03-19 15:02:40 - [TEST_STEP][PASSED] - waitForElementVisible(findTestObject("ADMIN/Custom Item Fields Page/a_Default/dropdown_fieldtype"), 0, CONTINUE_ON_FAILURE): Object 'Object Repository/ADMIN/Custom Item Fields Page/a_Default/dropdown_fieldtype' is visible

2020-03-19 15:02:40 - [MESSAGE][WARNING] - Timeout '0' is invalid. Using default page load timeout: '30'

2020-03-19 15:02:41 - [MESSAGE][PASSED] - Object 'Object Repository/ADMIN/Custom Item Fields Page/a_Default/dropdown_fieldtype' is visible

2020-03-19 15:02:41 - [TEST_STEP][PASSED] - selectOptionByLabel(findTestObject("ADMIN/Custom Item Fields Page/a_Default/dropdown_fieldtype"), "Date / Time picker", false): All options with label 'Date / Time picker' are selected in object 'Object Repository/ADMIN/Custom Item Fields Page/a_Default/dropdown_fieldtype' 

2020-03-19 15:02:41 - [MESSAGE][PASSED] - All options with label 'Date / Time picker' are selected in object 'Object Repository/ADMIN/Custom Item Fields Page/a_Default/dropdown_fieldtype' 

2020-03-19 15:02:41 - [TEST_STEP][PASSED] - comment("Field Name"): Field Name

2020-03-19 15:02:41 - [MESSAGE][INFO] - Field Name

2020-03-19 15:02:41 - [TEST_STEP][PASSED] - setText(findTestObject("ADMIN/Custom Item Fields Page/a_Default/textfield_fieldname"), varCustomFieldName): Text 'SP_Date / Time_Off_M1' is set on object 'Object Repository/ADMIN/Custom Item Fields Page/a_Default/textfield_fieldname'

2020-03-19 15:02:41 - [MESSAGE][PASSED] - Text 'SP_Date / Time_Off_M1' is set on object 'Object Repository/ADMIN/Custom Item Fields Page/a_Default/textfield_fieldname'

2020-03-19 15:02:41 - [TEST_STEP][PASSED] - comment("Mandatory/NonMandatory"): Mandatory/NonMandatory

2020-03-19 15:02:41 - [MESSAGE][INFO] - Mandatory/NonMandatory

2020-03-19 15:02:41 - [TEST_STEP][PASSED] - if (varMandatoryNonMandatory == "mandatory"): Object 'Object Repository/ADMIN/Custom Item Fields Page/a_Default/togglebutton_mandatory' is visible

2020-03-19 15:02:41 - [TEST_STEP][PASSED] - waitForElementVisible(findTestObject("ADMIN/Custom Item Fields Page/a_Default/togglebutton_mandatory"), 0, CONTINUE_ON_FAILURE): Object 'Object Repository/ADMIN/Custom Item Fields Page/a_Default/togglebutton_mandatory' is visible

2020-03-19 15:02:41 - [MESSAGE][WARNING] - Timeout '0' is invalid. Using default page load timeout: '30'

2020-03-19 15:02:41 - [MESSAGE][PASSED] - Object 'Object Repository/ADMIN/Custom Item Fields Page/a_Default/togglebutton_mandatory' is visible

2020-03-19 15:02:41 - [TEST_STEP][PASSED] - comment("Assign Category"): Assign Category

2020-03-19 15:02:41 - [MESSAGE][INFO] - Assign Category

2020-03-19 15:02:41 - [TEST_STEP][PASSED] - click(findTestObject("ADMIN/Custom Item Fields Page/a_Default/button_SelectCategories")): Object: 'Object Repository/ADMIN/Custom Item Fields Page/a_Default/button_SelectCategories' is clicked on

2020-03-19 15:02:41 - [MESSAGE][PASSED] - Object: 'Object Repository/ADMIN/Custom Item Fields Page/a_Default/button_SelectCategories' is clicked on

2020-03-19 15:02:41 - [TEST_STEP][PASSED] - waitForElementVisible(findTestObject("ADMIN/Custom Item Fields List Page/a_SelectCategories/searchbox_Category"), 0): Object 'Object Repository/ADMIN/Custom Item Fields List Page/a_SelectCategories/searchbox_Category' is visible

2020-03-19 15:02:41 - [MESSAGE][WARNING] - Timeout '0' is invalid. Using default page load timeout: '30'

2020-03-19 15:02:42 - [MESSAGE][PASSED] - Object 'Object Repository/ADMIN/Custom Item Fields List Page/a_SelectCategories/searchbox_Category' is visible

2020-03-19 15:02:42 - [TEST_STEP][PASSED] - comment("Category Assignment"): Category Assignment

2020-03-19 15:02:42 - [MESSAGE][INFO] - Category Assignment

2020-03-19 15:02:42 - [TEST_STEP][PASSED] - if (varAssignedCategory == "All Cat"): null

2020-03-19 15:02:42 - [TEST_STEP][PASSED] - else if (varAssignedCategory == "Category 01"): Object: 'Object Repository/ADMIN/Custom Item Fields List Page/a_SelectCategories/a_Categories/checkbox_1' is clicked on

2020-03-19 15:02:42 - [TEST_STEP][PASSED] - setText(findTestObject("ADMIN/Custom Item Fields List Page/a_SelectCategories/searchbox_Category"), varAssignedCategory, CONTINUE_ON_FAILURE): Text 'Category 01' is set on object 'Object Repository/ADMIN/Custom Item Fields List Page/a_SelectCategories/searchbox_Category'

2020-03-19 15:02:42 - [MESSAGE][PASSED] - Text 'Category 01' is set on object 'Object Repository/ADMIN/Custom Item Fields List Page/a_SelectCategories/searchbox_Category'

2020-03-19 15:02:42 - [TEST_STEP][PASSED] - click(findTestObject("ADMIN/Custom Item Fields List Page/a_SelectCategories/a_Categories/checkbox_1")): Object: 'Object Repository/ADMIN/Custom Item Fields List Page/a_SelectCategories/a_Categories/checkbox_1' is clicked on

2020-03-19 15:02:43 - [MESSAGE][PASSED] - Object: 'Object Repository/ADMIN/Custom Item Fields List Page/a_SelectCategories/a_Categories/checkbox_1' is clicked on

2020-03-19 15:02:43 - [TEST_STEP][PASSED] - click(findTestObject("ADMIN/Custom Item Fields List Page/a_SelectCategories/button_Save"), STOP_ON_FAILURE): Object: 'Object Repository/ADMIN/Custom Item Fields List Page/a_SelectCategories/button_Save' is clicked on

2020-03-19 15:02:43 - [MESSAGE][PASSED] - Object: 'Object Repository/ADMIN/Custom Item Fields List Page/a_SelectCategories/button_Save' is clicked on

2020-03-19 15:02:43 - [TEST_STEP][PASSED] - delay(2, CONTINUE_ON_FAILURE): Delayed 2 second(s)

2020-03-19 15:02:45 - [MESSAGE][PASSED] - Delayed 2 second(s)

2020-03-19 15:02:45 - [TEST_STEP][PASSED] - click(findTestObject("ADMIN/Custom Item Fields Page/a_Default/button_Save1"), STOP_ON_FAILURE): Object: 'Object Repository/ADMIN/Custom Item Fields Page/a_Default/button_Save1' is clicked on

2020-03-19 15:02:45 - [MESSAGE][PASSED] - Object: 'Object Repository/ADMIN/Custom Item Fields Page/a_Default/button_Save1' is clicked on

2020-03-19 15:02:45 - [TEST_STEP][PASSED] - waitForElementVisible(findTestObject("ADMIN/Custom Item Fields List Page/button_Add Field"), 0): Object 'Object Repository/ADMIN/Custom Item Fields List Page/button_Add Field' is visible

2020-03-19 15:02:45 - [MESSAGE][WARNING] - Timeout '0' is invalid. Using default page load timeout: '30'

2020-03-19 15:02:47 - [MESSAGE][PASSED] - Object 'Object Repository/ADMIN/Custom Item Fields List Page/button_Add Field' is visible]]></system-out>
         <system-err><![CDATA[]]></system-err>
      </testcase>
      <testcase name="Test Cases/ADMIN/Custom Fields Page/Add Custom Item Fields/Add_CF_DataDriven" time="7.496" classname="Test Cases/ADMIN/Custom Fields Page/Add Custom Item Fields/Add_CF_DataDriven" status="PASSED">
         <system-out><![CDATA[2020-03-19 15:02:47 - [TEST_CASE][PASSED] - Test Cases/ADMIN/Custom Fields Page/Add Custom Item Fields/Add_CF_DataDriven: Test Cases/ADMIN/Custom Fields Page/Add Custom Item Fields/Add_CF_DataDriven

2020-03-19 15:02:47 - [TEST_STEP][PASSED] - waitForElementVisible(findTestObject("ADMIN/Custom Item Fields List Page/button_Add Field"), 0): Object 'Object Repository/ADMIN/Custom Item Fields List Page/button_Add Field' is visible

2020-03-19 15:02:47 - [MESSAGE][WARNING] - Timeout '0' is invalid. Using default page load timeout: '30'

2020-03-19 15:02:47 - [MESSAGE][PASSED] - Object 'Object Repository/ADMIN/Custom Item Fields List Page/button_Add Field' is visible

2020-03-19 15:02:47 - [TEST_STEP][PASSED] - click(findTestObject("ADMIN/Custom Item Fields List Page/button_Add Field"), STOP_ON_FAILURE): Object: 'Object Repository/ADMIN/Custom Item Fields List Page/button_Add Field' is clicked on

2020-03-19 15:02:48 - [MESSAGE][PASSED] - Object: 'Object Repository/ADMIN/Custom Item Fields List Page/button_Add Field' is clicked on

2020-03-19 15:02:48 - [TEST_STEP][PASSED] - comment("Choose Field Type"): Choose Field Type

2020-03-19 15:02:48 - [MESSAGE][INFO] - Choose Field Type

2020-03-19 15:02:48 - [TEST_STEP][PASSED] - if (varCustomFieldType == "Checkbox"): null

2020-03-19 15:02:48 - [TEST_STEP][PASSED] - else if (varCustomFieldType == "Date / Time picker"): All options with label 'Date / Time picker' are selected in object 'Object Repository/ADMIN/Custom Item Fields Page/a_Default/dropdown_fieldtype' 

2020-03-19 15:02:48 - [TEST_STEP][PASSED] - waitForElementVisible(findTestObject("ADMIN/Custom Item Fields Page/a_Default/dropdown_fieldtype"), 0, CONTINUE_ON_FAILURE): Object 'Object Repository/ADMIN/Custom Item Fields Page/a_Default/dropdown_fieldtype' is visible

2020-03-19 15:02:48 - [MESSAGE][WARNING] - Timeout '0' is invalid. Using default page load timeout: '30'

2020-03-19 15:02:48 - [MESSAGE][PASSED] - Object 'Object Repository/ADMIN/Custom Item Fields Page/a_Default/dropdown_fieldtype' is visible

2020-03-19 15:02:48 - [TEST_STEP][PASSED] - selectOptionByLabel(findTestObject("ADMIN/Custom Item Fields Page/a_Default/dropdown_fieldtype"), "Date / Time picker", false): All options with label 'Date / Time picker' are selected in object 'Object Repository/ADMIN/Custom Item Fields Page/a_Default/dropdown_fieldtype' 

2020-03-19 15:02:48 - [MESSAGE][PASSED] - All options with label 'Date / Time picker' are selected in object 'Object Repository/ADMIN/Custom Item Fields Page/a_Default/dropdown_fieldtype' 

2020-03-19 15:02:48 - [TEST_STEP][PASSED] - comment("Field Name"): Field Name

2020-03-19 15:02:48 - [MESSAGE][INFO] - Field Name

2020-03-19 15:02:48 - [TEST_STEP][PASSED] - setText(findTestObject("ADMIN/Custom Item Fields Page/a_Default/textfield_fieldname"), varCustomFieldName): Text 'SP_Date / Time_On_M2' is set on object 'Object Repository/ADMIN/Custom Item Fields Page/a_Default/textfield_fieldname'

2020-03-19 15:02:49 - [MESSAGE][PASSED] - Text 'SP_Date / Time_On_M2' is set on object 'Object Repository/ADMIN/Custom Item Fields Page/a_Default/textfield_fieldname'

2020-03-19 15:02:49 - [TEST_STEP][PASSED] - comment("Mandatory/NonMandatory"): Mandatory/NonMandatory

2020-03-19 15:02:49 - [MESSAGE][INFO] - Mandatory/NonMandatory

2020-03-19 15:02:49 - [TEST_STEP][PASSED] - if (varMandatoryNonMandatory == "mandatory"): Object 'Object Repository/ADMIN/Custom Item Fields Page/a_Default/togglebutton_mandatory' is visible

2020-03-19 15:02:49 - [TEST_STEP][PASSED] - waitForElementVisible(findTestObject("ADMIN/Custom Item Fields Page/a_Default/togglebutton_mandatory"), 0, CONTINUE_ON_FAILURE): Object 'Object Repository/ADMIN/Custom Item Fields Page/a_Default/togglebutton_mandatory' is visible

2020-03-19 15:02:49 - [MESSAGE][WARNING] - Timeout '0' is invalid. Using default page load timeout: '30'

2020-03-19 15:02:49 - [MESSAGE][PASSED] - Object 'Object Repository/ADMIN/Custom Item Fields Page/a_Default/togglebutton_mandatory' is visible

2020-03-19 15:02:49 - [TEST_STEP][PASSED] - comment("Assign Category"): Assign Category

2020-03-19 15:02:49 - [MESSAGE][INFO] - Assign Category

2020-03-19 15:02:49 - [TEST_STEP][PASSED] - click(findTestObject("ADMIN/Custom Item Fields Page/a_Default/button_SelectCategories")): Object: 'Object Repository/ADMIN/Custom Item Fields Page/a_Default/button_SelectCategories' is clicked on

2020-03-19 15:02:49 - [MESSAGE][PASSED] - Object: 'Object Repository/ADMIN/Custom Item Fields Page/a_Default/button_SelectCategories' is clicked on

2020-03-19 15:02:49 - [TEST_STEP][PASSED] - waitForElementVisible(findTestObject("ADMIN/Custom Item Fields List Page/a_SelectCategories/searchbox_Category"), 0): Object 'Object Repository/ADMIN/Custom Item Fields List Page/a_SelectCategories/searchbox_Category' is visible

2020-03-19 15:02:49 - [MESSAGE][WARNING] - Timeout '0' is invalid. Using default page load timeout: '30'

2020-03-19 15:02:49 - [MESSAGE][PASSED] - Object 'Object Repository/ADMIN/Custom Item Fields List Page/a_SelectCategories/searchbox_Category' is visible

2020-03-19 15:02:49 - [TEST_STEP][PASSED] - comment("Category Assignment"): Category Assignment

2020-03-19 15:02:49 - [MESSAGE][INFO] - Category Assignment

2020-03-19 15:02:49 - [TEST_STEP][PASSED] - if (varAssignedCategory == "All Cat"): null

2020-03-19 15:02:49 - [TEST_STEP][PASSED] - else if (varAssignedCategory == "Category 01"): Object: 'Object Repository/ADMIN/Custom Item Fields List Page/a_SelectCategories/a_Categories/checkbox_1' is clicked on

2020-03-19 15:02:49 - [TEST_STEP][PASSED] - setText(findTestObject("ADMIN/Custom Item Fields List Page/a_SelectCategories/searchbox_Category"), varAssignedCategory, CONTINUE_ON_FAILURE): Text 'Category 01' is set on object 'Object Repository/ADMIN/Custom Item Fields List Page/a_SelectCategories/searchbox_Category'

2020-03-19 15:02:50 - [MESSAGE][PASSED] - Text 'Category 01' is set on object 'Object Repository/ADMIN/Custom Item Fields List Page/a_SelectCategories/searchbox_Category'

2020-03-19 15:02:50 - [TEST_STEP][PASSED] - click(findTestObject("ADMIN/Custom Item Fields List Page/a_SelectCategories/a_Categories/checkbox_1")): Object: 'Object Repository/ADMIN/Custom Item Fields List Page/a_SelectCategories/a_Categories/checkbox_1' is clicked on

2020-03-19 15:02:50 - [MESSAGE][PASSED] - Object: 'Object Repository/ADMIN/Custom Item Fields List Page/a_SelectCategories/a_Categories/checkbox_1' is clicked on

2020-03-19 15:02:50 - [TEST_STEP][PASSED] - click(findTestObject("ADMIN/Custom Item Fields List Page/a_SelectCategories/button_Save"), STOP_ON_FAILURE): Object: 'Object Repository/ADMIN/Custom Item Fields List Page/a_SelectCategories/button_Save' is clicked on

2020-03-19 15:02:50 - [MESSAGE][PASSED] - Object: 'Object Repository/ADMIN/Custom Item Fields List Page/a_SelectCategories/button_Save' is clicked on

2020-03-19 15:02:50 - [TEST_STEP][PASSED] - delay(2, CONTINUE_ON_FAILURE): Delayed 2 second(s)

2020-03-19 15:02:52 - [MESSAGE][PASSED] - Delayed 2 second(s)

2020-03-19 15:02:52 - [TEST_STEP][PASSED] - click(findTestObject("ADMIN/Custom Item Fields Page/a_Default/button_Save1"), STOP_ON_FAILURE): Object: 'Object Repository/ADMIN/Custom Item Fields Page/a_Default/button_Save1' is clicked on

2020-03-19 15:02:52 - [MESSAGE][PASSED] - Object: 'Object Repository/ADMIN/Custom Item Fields Page/a_Default/button_Save1' is clicked on

2020-03-19 15:02:52 - [TEST_STEP][PASSED] - waitForElementVisible(findTestObject("ADMIN/Custom Item Fields List Page/button_Add Field"), 0): Object 'Object Repository/ADMIN/Custom Item Fields List Page/button_Add Field' is visible

2020-03-19 15:02:52 - [MESSAGE][WARNING] - Timeout '0' is invalid. Using default page load timeout: '30'

2020-03-19 15:02:54 - [MESSAGE][PASSED] - Object 'Object Repository/ADMIN/Custom Item Fields List Page/button_Add Field' is visible]]></system-out>
         <system-err><![CDATA[]]></system-err>
      </testcase>
      <testcase name="Test Cases/ADMIN/Custom Fields Page/Add Custom Item Fields/Add_CF_DataDriven" time="7.961" classname="Test Cases/ADMIN/Custom Fields Page/Add Custom Item Fields/Add_CF_DataDriven" status="PASSED">
         <system-out><![CDATA[2020-03-19 15:02:54 - [TEST_CASE][PASSED] - Test Cases/ADMIN/Custom Fields Page/Add Custom Item Fields/Add_CF_DataDriven: Test Cases/ADMIN/Custom Fields Page/Add Custom Item Fields/Add_CF_DataDriven

2020-03-19 15:02:54 - [TEST_STEP][PASSED] - waitForElementVisible(findTestObject("ADMIN/Custom Item Fields List Page/button_Add Field"), 0): Object 'Object Repository/ADMIN/Custom Item Fields List Page/button_Add Field' is visible

2020-03-19 15:02:54 - [MESSAGE][WARNING] - Timeout '0' is invalid. Using default page load timeout: '30'

2020-03-19 15:02:54 - [MESSAGE][PASSED] - Object 'Object Repository/ADMIN/Custom Item Fields List Page/button_Add Field' is visible

2020-03-19 15:02:54 - [TEST_STEP][PASSED] - click(findTestObject("ADMIN/Custom Item Fields List Page/button_Add Field"), STOP_ON_FAILURE): Object: 'Object Repository/ADMIN/Custom Item Fields List Page/button_Add Field' is clicked on

2020-03-19 15:02:55 - [MESSAGE][PASSED] - Object: 'Object Repository/ADMIN/Custom Item Fields List Page/button_Add Field' is clicked on

2020-03-19 15:02:55 - [TEST_STEP][PASSED] - comment("Choose Field Type"): Choose Field Type

2020-03-19 15:02:55 - [MESSAGE][INFO] - Choose Field Type

2020-03-19 15:02:55 - [TEST_STEP][PASSED] - if (varCustomFieldType == "Checkbox"): null

2020-03-19 15:02:55 - [TEST_STEP][PASSED] - else if (varCustomFieldType == "Date / Time picker"): null

2020-03-19 15:02:55 - [TEST_STEP][PASSED] - else if (varCustomFieldType == "Drop Down"): null

2020-03-19 15:02:55 - [TEST_STEP][PASSED] - else if (varCustomFieldType == "Email"): null

2020-03-19 15:02:55 - [TEST_STEP][PASSED] - else if (varCustomFieldType == "Embed Video"): null

2020-03-19 15:02:55 - [TEST_STEP][PASSED] - else if (varCustomFieldType == "Hyperlink / URL"): null

2020-03-19 15:02:55 - [TEST_STEP][PASSED] - else if (varCustomFieldType == "Location"): null

2020-03-19 15:02:55 - [TEST_STEP][PASSED] - else if (varCustomFieldType == "Number"): null

2020-03-19 15:02:55 - [TEST_STEP][PASSED] - else if (varCustomFieldType == "PDF File"): All options with label 'PDF File' are selected in object 'Object Repository/ADMIN/Custom Item Fields Page/a_Default/dropdown_fieldtype' 

2020-03-19 15:02:55 - [TEST_STEP][PASSED] - waitForElementVisible(findTestObject("ADMIN/Custom Item Fields Page/a_Default/dropdown_fieldtype"), 0, CONTINUE_ON_FAILURE): Object 'Object Repository/ADMIN/Custom Item Fields Page/a_Default/dropdown_fieldtype' is visible

2020-03-19 15:02:55 - [MESSAGE][WARNING] - Timeout '0' is invalid. Using default page load timeout: '30'

2020-03-19 15:02:56 - [MESSAGE][PASSED] - Object 'Object Repository/ADMIN/Custom Item Fields Page/a_Default/dropdown_fieldtype' is visible

2020-03-19 15:02:56 - [TEST_STEP][PASSED] - selectOptionByLabel(findTestObject("ADMIN/Custom Item Fields Page/a_Default/dropdown_fieldtype"), "PDF File", false): All options with label 'PDF File' are selected in object 'Object Repository/ADMIN/Custom Item Fields Page/a_Default/dropdown_fieldtype' 

2020-03-19 15:02:56 - [MESSAGE][PASSED] - All options with label 'PDF File' are selected in object 'Object Repository/ADMIN/Custom Item Fields Page/a_Default/dropdown_fieldtype' 

2020-03-19 15:02:56 - [TEST_STEP][PASSED] - comment("Field Name"): Field Name

2020-03-19 15:02:56 - [MESSAGE][INFO] - Field Name

2020-03-19 15:02:56 - [TEST_STEP][PASSED] - setText(findTestObject("ADMIN/Custom Item Fields Page/a_Default/textfield_fieldname"), varCustomFieldName): Text 'SP_PDF_M' is set on object 'Object Repository/ADMIN/Custom Item Fields Page/a_Default/textfield_fieldname'

2020-03-19 15:02:56 - [MESSAGE][PASSED] - Text 'SP_PDF_M' is set on object 'Object Repository/ADMIN/Custom Item Fields Page/a_Default/textfield_fieldname'

2020-03-19 15:02:56 - [TEST_STEP][PASSED] - comment("Mandatory/NonMandatory"): Mandatory/NonMandatory

2020-03-19 15:02:56 - [MESSAGE][INFO] - Mandatory/NonMandatory

2020-03-19 15:02:56 - [TEST_STEP][PASSED] - if (varMandatoryNonMandatory == "mandatory"): Object 'Object Repository/ADMIN/Custom Item Fields Page/a_Default/togglebutton_mandatory' is visible

2020-03-19 15:02:56 - [TEST_STEP][PASSED] - waitForElementVisible(findTestObject("ADMIN/Custom Item Fields Page/a_Default/togglebutton_mandatory"), 0, CONTINUE_ON_FAILURE): Object 'Object Repository/ADMIN/Custom Item Fields Page/a_Default/togglebutton_mandatory' is visible

2020-03-19 15:02:56 - [MESSAGE][WARNING] - Timeout '0' is invalid. Using default page load timeout: '30'

2020-03-19 15:02:57 - [MESSAGE][PASSED] - Object 'Object Repository/ADMIN/Custom Item Fields Page/a_Default/togglebutton_mandatory' is visible

2020-03-19 15:02:57 - [TEST_STEP][PASSED] - comment("Assign Category"): Assign Category

2020-03-19 15:02:57 - [MESSAGE][INFO] - Assign Category

2020-03-19 15:02:57 - [TEST_STEP][PASSED] - click(findTestObject("ADMIN/Custom Item Fields Page/a_Default/button_SelectCategories")): Object: 'Object Repository/ADMIN/Custom Item Fields Page/a_Default/button_SelectCategories' is clicked on

2020-03-19 15:02:57 - [MESSAGE][PASSED] - Object: 'Object Repository/ADMIN/Custom Item Fields Page/a_Default/button_SelectCategories' is clicked on

2020-03-19 15:02:57 - [TEST_STEP][PASSED] - waitForElementVisible(findTestObject("ADMIN/Custom Item Fields List Page/a_SelectCategories/searchbox_Category"), 0): Object 'Object Repository/ADMIN/Custom Item Fields List Page/a_SelectCategories/searchbox_Category' is visible

2020-03-19 15:02:57 - [MESSAGE][WARNING] - Timeout '0' is invalid. Using default page load timeout: '30'

2020-03-19 15:02:57 - [MESSAGE][PASSED] - Object 'Object Repository/ADMIN/Custom Item Fields List Page/a_SelectCategories/searchbox_Category' is visible

2020-03-19 15:02:57 - [TEST_STEP][PASSED] - comment("Category Assignment"): Category Assignment

2020-03-19 15:02:57 - [MESSAGE][INFO] - Category Assignment

2020-03-19 15:02:57 - [TEST_STEP][PASSED] - if (varAssignedCategory == "All Cat"): null

2020-03-19 15:02:57 - [TEST_STEP][PASSED] - else if (varAssignedCategory == "Category 01"): Object: 'Object Repository/ADMIN/Custom Item Fields List Page/a_SelectCategories/a_Categories/checkbox_1' is clicked on

2020-03-19 15:02:57 - [TEST_STEP][PASSED] - setText(findTestObject("ADMIN/Custom Item Fields List Page/a_SelectCategories/searchbox_Category"), varAssignedCategory, CONTINUE_ON_FAILURE): Text 'Category 01' is set on object 'Object Repository/ADMIN/Custom Item Fields List Page/a_SelectCategories/searchbox_Category'

2020-03-19 15:02:58 - [MESSAGE][PASSED] - Text 'Category 01' is set on object 'Object Repository/ADMIN/Custom Item Fields List Page/a_SelectCategories/searchbox_Category'

2020-03-19 15:02:58 - [TEST_STEP][PASSED] - click(findTestObject("ADMIN/Custom Item Fields List Page/a_SelectCategories/a_Categories/checkbox_1")): Object: 'Object Repository/ADMIN/Custom Item Fields List Page/a_SelectCategories/a_Categories/checkbox_1' is clicked on

2020-03-19 15:02:58 - [MESSAGE][PASSED] - Object: 'Object Repository/ADMIN/Custom Item Fields List Page/a_SelectCategories/a_Categories/checkbox_1' is clicked on

2020-03-19 15:02:58 - [TEST_STEP][PASSED] - click(findTestObject("ADMIN/Custom Item Fields List Page/a_SelectCategories/button_Save"), STOP_ON_FAILURE): Object: 'Object Repository/ADMIN/Custom Item Fields List Page/a_SelectCategories/button_Save' is clicked on

2020-03-19 15:02:58 - [MESSAGE][PASSED] - Object: 'Object Repository/ADMIN/Custom Item Fields List Page/a_SelectCategories/button_Save' is clicked on

2020-03-19 15:02:58 - [TEST_STEP][PASSED] - delay(2, CONTINUE_ON_FAILURE): Delayed 2 second(s)

2020-03-19 15:03:00 - [MESSAGE][PASSED] - Delayed 2 second(s)

2020-03-19 15:03:00 - [TEST_STEP][PASSED] - click(findTestObject("ADMIN/Custom Item Fields Page/a_Default/button_Save1"), STOP_ON_FAILURE): Object: 'Object Repository/ADMIN/Custom Item Fields Page/a_Default/button_Save1' is clicked on

2020-03-19 15:03:00 - [MESSAGE][PASSED] - Object: 'Object Repository/ADMIN/Custom Item Fields Page/a_Default/button_Save1' is clicked on

2020-03-19 15:03:00 - [TEST_STEP][PASSED] - waitForElementVisible(findTestObject("ADMIN/Custom Item Fields List Page/button_Add Field"), 0): Object 'Object Repository/ADMIN/Custom Item Fields List Page/button_Add Field' is visible

2020-03-19 15:03:00 - [MESSAGE][WARNING] - Timeout '0' is invalid. Using default page load timeout: '30'

2020-03-19 15:03:02 - [MESSAGE][PASSED] - Object 'Object Repository/ADMIN/Custom Item Fields List Page/button_Add Field' is visible]]></system-out>
         <system-err><![CDATA[]]></system-err>
      </testcase>
      <testcase name="Test Cases/ADMIN/Custom Fields Page/Add Custom Item Fields/Add_CF_DataDriven" time="6.982" classname="Test Cases/ADMIN/Custom Fields Page/Add Custom Item Fields/Add_CF_DataDriven" status="PASSED">
         <system-out><![CDATA[2020-03-19 15:03:02 - [TEST_CASE][PASSED] - Test Cases/ADMIN/Custom Fields Page/Add Custom Item Fields/Add_CF_DataDriven: Test Cases/ADMIN/Custom Fields Page/Add Custom Item Fields/Add_CF_DataDriven

2020-03-19 15:03:02 - [TEST_STEP][PASSED] - waitForElementVisible(findTestObject("ADMIN/Custom Item Fields List Page/button_Add Field"), 0): Object 'Object Repository/ADMIN/Custom Item Fields List Page/button_Add Field' is visible

2020-03-19 15:03:02 - [MESSAGE][WARNING] - Timeout '0' is invalid. Using default page load timeout: '30'

2020-03-19 15:03:03 - [MESSAGE][PASSED] - Object 'Object Repository/ADMIN/Custom Item Fields List Page/button_Add Field' is visible

2020-03-19 15:03:03 - [TEST_STEP][PASSED] - click(findTestObject("ADMIN/Custom Item Fields List Page/button_Add Field"), STOP_ON_FAILURE): Object: 'Object Repository/ADMIN/Custom Item Fields List Page/button_Add Field' is clicked on

2020-03-19 15:03:03 - [MESSAGE][PASSED] - Object: 'Object Repository/ADMIN/Custom Item Fields List Page/button_Add Field' is clicked on

2020-03-19 15:03:03 - [TEST_STEP][PASSED] - comment("Choose Field Type"): Choose Field Type

2020-03-19 15:03:03 - [MESSAGE][INFO] - Choose Field Type

2020-03-19 15:03:03 - [TEST_STEP][PASSED] - if (varCustomFieldType == "Checkbox"): null

2020-03-19 15:03:03 - [TEST_STEP][PASSED] - else if (varCustomFieldType == "Date / Time picker"): null

2020-03-19 15:03:03 - [TEST_STEP][PASSED] - else if (varCustomFieldType == "Drop Down"): null

2020-03-19 15:03:03 - [TEST_STEP][PASSED] - else if (varCustomFieldType == "Email"): null

2020-03-19 15:03:03 - [TEST_STEP][PASSED] - else if (varCustomFieldType == "Embed Video"): All options with label 'Embed Video' are selected in object 'Object Repository/ADMIN/Custom Item Fields Page/a_Default/dropdown_fieldtype' 

2020-03-19 15:03:03 - [TEST_STEP][PASSED] - waitForElementVisible(findTestObject("ADMIN/Custom Item Fields Page/a_Default/dropdown_fieldtype"), 0, CONTINUE_ON_FAILURE): Object 'Object Repository/ADMIN/Custom Item Fields Page/a_Default/dropdown_fieldtype' is visible

2020-03-19 15:03:03 - [MESSAGE][WARNING] - Timeout '0' is invalid. Using default page load timeout: '30'

2020-03-19 15:03:04 - [MESSAGE][PASSED] - Object 'Object Repository/ADMIN/Custom Item Fields Page/a_Default/dropdown_fieldtype' is visible

2020-03-19 15:03:04 - [TEST_STEP][PASSED] - selectOptionByLabel(findTestObject("ADMIN/Custom Item Fields Page/a_Default/dropdown_fieldtype"), "Embed Video", false): All options with label 'Embed Video' are selected in object 'Object Repository/ADMIN/Custom Item Fields Page/a_Default/dropdown_fieldtype' 

2020-03-19 15:03:04 - [MESSAGE][PASSED] - All options with label 'Embed Video' are selected in object 'Object Repository/ADMIN/Custom Item Fields Page/a_Default/dropdown_fieldtype' 

2020-03-19 15:03:04 - [TEST_STEP][PASSED] - comment("Field Name"): Field Name

2020-03-19 15:03:04 - [MESSAGE][INFO] - Field Name

2020-03-19 15:03:04 - [TEST_STEP][PASSED] - setText(findTestObject("ADMIN/Custom Item Fields Page/a_Default/textfield_fieldname"), varCustomFieldName): Text 'SP_Video_M' is set on object 'Object Repository/ADMIN/Custom Item Fields Page/a_Default/textfield_fieldname'

2020-03-19 15:03:04 - [MESSAGE][PASSED] - Text 'SP_Video_M' is set on object 'Object Repository/ADMIN/Custom Item Fields Page/a_Default/textfield_fieldname'

2020-03-19 15:03:04 - [TEST_STEP][PASSED] - comment("Mandatory/NonMandatory"): Mandatory/NonMandatory

2020-03-19 15:03:04 - [MESSAGE][INFO] - Mandatory/NonMandatory

2020-03-19 15:03:04 - [TEST_STEP][PASSED] - if (varMandatoryNonMandatory == "mandatory"): Object 'Object Repository/ADMIN/Custom Item Fields Page/a_Default/togglebutton_mandatory' is visible

2020-03-19 15:03:04 - [TEST_STEP][PASSED] - waitForElementVisible(findTestObject("ADMIN/Custom Item Fields Page/a_Default/togglebutton_mandatory"), 0, CONTINUE_ON_FAILURE): Object 'Object Repository/ADMIN/Custom Item Fields Page/a_Default/togglebutton_mandatory' is visible

2020-03-19 15:03:04 - [MESSAGE][WARNING] - Timeout '0' is invalid. Using default page load timeout: '30'

2020-03-19 15:03:04 - [MESSAGE][PASSED] - Object 'Object Repository/ADMIN/Custom Item Fields Page/a_Default/togglebutton_mandatory' is visible

2020-03-19 15:03:04 - [TEST_STEP][PASSED] - comment("Assign Category"): Assign Category

2020-03-19 15:03:04 - [MESSAGE][INFO] - Assign Category

2020-03-19 15:03:04 - [TEST_STEP][PASSED] - click(findTestObject("ADMIN/Custom Item Fields Page/a_Default/button_SelectCategories")): Object: 'Object Repository/ADMIN/Custom Item Fields Page/a_Default/button_SelectCategories' is clicked on

2020-03-19 15:03:04 - [MESSAGE][PASSED] - Object: 'Object Repository/ADMIN/Custom Item Fields Page/a_Default/button_SelectCategories' is clicked on

2020-03-19 15:03:04 - [TEST_STEP][PASSED] - waitForElementVisible(findTestObject("ADMIN/Custom Item Fields List Page/a_SelectCategories/searchbox_Category"), 0): Object 'Object Repository/ADMIN/Custom Item Fields List Page/a_SelectCategories/searchbox_Category' is visible

2020-03-19 15:03:04 - [MESSAGE][WARNING] - Timeout '0' is invalid. Using default page load timeout: '30'

2020-03-19 15:03:05 - [MESSAGE][PASSED] - Object 'Object Repository/ADMIN/Custom Item Fields List Page/a_SelectCategories/searchbox_Category' is visible

2020-03-19 15:03:05 - [TEST_STEP][PASSED] - comment("Category Assignment"): Category Assignment

2020-03-19 15:03:05 - [MESSAGE][INFO] - Category Assignment

2020-03-19 15:03:05 - [TEST_STEP][PASSED] - if (varAssignedCategory == "All Cat"): null

2020-03-19 15:03:05 - [TEST_STEP][PASSED] - else if (varAssignedCategory == "Category 01"): Object: 'Object Repository/ADMIN/Custom Item Fields List Page/a_SelectCategories/a_Categories/checkbox_1' is clicked on

2020-03-19 15:03:05 - [TEST_STEP][PASSED] - setText(findTestObject("ADMIN/Custom Item Fields List Page/a_SelectCategories/searchbox_Category"), varAssignedCategory, CONTINUE_ON_FAILURE): Text 'Category 01' is set on object 'Object Repository/ADMIN/Custom Item Fields List Page/a_SelectCategories/searchbox_Category'

2020-03-19 15:03:05 - [MESSAGE][PASSED] - Text 'Category 01' is set on object 'Object Repository/ADMIN/Custom Item Fields List Page/a_SelectCategories/searchbox_Category'

2020-03-19 15:03:05 - [TEST_STEP][PASSED] - click(findTestObject("ADMIN/Custom Item Fields List Page/a_SelectCategories/a_Categories/checkbox_1")): Object: 'Object Repository/ADMIN/Custom Item Fields List Page/a_SelectCategories/a_Categories/checkbox_1' is clicked on

2020-03-19 15:03:05 - [MESSAGE][PASSED] - Object: 'Object Repository/ADMIN/Custom Item Fields List Page/a_SelectCategories/a_Categories/checkbox_1' is clicked on

2020-03-19 15:03:05 - [TEST_STEP][PASSED] - click(findTestObject("ADMIN/Custom Item Fields List Page/a_SelectCategories/button_Save"), STOP_ON_FAILURE): Object: 'Object Repository/ADMIN/Custom Item Fields List Page/a_SelectCategories/button_Save' is clicked on

2020-03-19 15:03:05 - [MESSAGE][PASSED] - Object: 'Object Repository/ADMIN/Custom Item Fields List Page/a_SelectCategories/button_Save' is clicked on

2020-03-19 15:03:05 - [TEST_STEP][PASSED] - delay(2, CONTINUE_ON_FAILURE): Delayed 2 second(s)

2020-03-19 15:03:07 - [MESSAGE][PASSED] - Delayed 2 second(s)

2020-03-19 15:03:07 - [TEST_STEP][PASSED] - click(findTestObject("ADMIN/Custom Item Fields Page/a_Default/button_Save1"), STOP_ON_FAILURE): Object: 'Object Repository/ADMIN/Custom Item Fields Page/a_Default/button_Save1' is clicked on

2020-03-19 15:03:07 - [MESSAGE][PASSED] - Object: 'Object Repository/ADMIN/Custom Item Fields Page/a_Default/button_Save1' is clicked on

2020-03-19 15:03:07 - [TEST_STEP][PASSED] - waitForElementVisible(findTestObject("ADMIN/Custom Item Fields List Page/button_Add Field"), 0): Object 'Object Repository/ADMIN/Custom Item Fields List Page/button_Add Field' is visible

2020-03-19 15:03:07 - [MESSAGE][WARNING] - Timeout '0' is invalid. Using default page load timeout: '30'

2020-03-19 15:03:09 - [MESSAGE][PASSED] - Object 'Object Repository/ADMIN/Custom Item Fields List Page/button_Add Field' is visible]]></system-out>
         <system-err><![CDATA[]]></system-err>
      </testcase>
      <testcase name="Test Cases/ADMIN/Custom Fields Page/Add Custom Item Fields/Add_CF_DataDriven" time="13.172" classname="Test Cases/ADMIN/Custom Fields Page/Add Custom Item Fields/Add_CF_DataDriven" status="PASSED">
         <system-out><![CDATA[2020-03-19 15:03:09 - [TEST_CASE][PASSED] - Test Cases/ADMIN/Custom Fields Page/Add Custom Item Fields/Add_CF_DataDriven: Test Cases/ADMIN/Custom Fields Page/Add Custom Item Fields/Add_CF_DataDriven

2020-03-19 15:03:09 - [TEST_STEP][PASSED] - waitForElementVisible(findTestObject("ADMIN/Custom Item Fields List Page/button_Add Field"), 0): Object 'Object Repository/ADMIN/Custom Item Fields List Page/button_Add Field' is visible

2020-03-19 15:03:09 - [MESSAGE][WARNING] - Timeout '0' is invalid. Using default page load timeout: '30'

2020-03-19 15:03:09 - [MESSAGE][PASSED] - Object 'Object Repository/ADMIN/Custom Item Fields List Page/button_Add Field' is visible

2020-03-19 15:03:09 - [TEST_STEP][PASSED] - click(findTestObject("ADMIN/Custom Item Fields List Page/button_Add Field"), STOP_ON_FAILURE): Object: 'Object Repository/ADMIN/Custom Item Fields List Page/button_Add Field' is clicked on

2020-03-19 15:03:11 - [MESSAGE][PASSED] - Object: 'Object Repository/ADMIN/Custom Item Fields List Page/button_Add Field' is clicked on

2020-03-19 15:03:11 - [TEST_STEP][PASSED] - comment("Choose Field Type"): Choose Field Type

2020-03-19 15:03:11 - [MESSAGE][INFO] - Choose Field Type

2020-03-19 15:03:11 - [TEST_STEP][PASSED] - if (varCustomFieldType == "Checkbox"): null

2020-03-19 15:03:11 - [TEST_STEP][PASSED] - else if (varCustomFieldType == "Date / Time picker"): null

2020-03-19 15:03:11 - [TEST_STEP][PASSED] - else if (varCustomFieldType == "Drop Down"): null

2020-03-19 15:03:11 - [TEST_STEP][PASSED] - else if (varCustomFieldType == "Email"): null

2020-03-19 15:03:11 - [TEST_STEP][PASSED] - else if (varCustomFieldType == "Embed Video"): null

2020-03-19 15:03:11 - [TEST_STEP][PASSED] - else if (varCustomFieldType == "Hyperlink / URL"): null

2020-03-19 15:03:11 - [TEST_STEP][PASSED] - else if (varCustomFieldType == "Location"): null

2020-03-19 15:03:11 - [TEST_STEP][PASSED] - else if (varCustomFieldType == "Number"): null

2020-03-19 15:03:11 - [TEST_STEP][PASSED] - else if (varCustomFieldType == "PDF File"): null

2020-03-19 15:03:11 - [TEST_STEP][PASSED] - else if (varCustomFieldType == "Percentage"): null

2020-03-19 15:03:11 - [TEST_STEP][PASSED] - else if (varCustomFieldType == "Text Editor"): null

2020-03-19 15:03:11 - [TEST_STEP][PASSED] - else if (varCustomFieldType == "Text Field"): All options with label 'Text Field' are selected in object 'Object Repository/ADMIN/Custom Item Fields Page/a_Default/dropdown_fieldtype' 

2020-03-19 15:03:11 - [TEST_STEP][PASSED] - waitForElementVisible(findTestObject("ADMIN/Custom Item Fields Page/a_Default/dropdown_fieldtype"), 0, CONTINUE_ON_FAILURE): Object 'Object Repository/ADMIN/Custom Item Fields Page/a_Default/dropdown_fieldtype' is visible

2020-03-19 15:03:11 - [MESSAGE][WARNING] - Timeout '0' is invalid. Using default page load timeout: '30'

2020-03-19 15:03:11 - [MESSAGE][PASSED] - Object 'Object Repository/ADMIN/Custom Item Fields Page/a_Default/dropdown_fieldtype' is visible

2020-03-19 15:03:11 - [TEST_STEP][PASSED] - selectOptionByLabel(findTestObject("ADMIN/Custom Item Fields Page/a_Default/dropdown_fieldtype"), "Text Field", false): All options with label 'Text Field' are selected in object 'Object Repository/ADMIN/Custom Item Fields Page/a_Default/dropdown_fieldtype' 

2020-03-19 15:03:11 - [MESSAGE][PASSED] - All options with label 'Text Field' are selected in object 'Object Repository/ADMIN/Custom Item Fields Page/a_Default/dropdown_fieldtype' 

2020-03-19 15:03:11 - [TEST_STEP][PASSED] - comment("Field Name"): Field Name

2020-03-19 15:03:11 - [MESSAGE][INFO] - Field Name

2020-03-19 15:03:11 - [TEST_STEP][PASSED] - setText(findTestObject("ADMIN/Custom Item Fields Page/a_Default/textfield_fieldname"), varCustomFieldName): Text 'SPC_Text field_NM1' is set on object 'Object Repository/ADMIN/Custom Item Fields Page/a_Default/textfield_fieldname'

2020-03-19 15:03:12 - [MESSAGE][PASSED] - Text 'SPC_Text field_NM1' is set on object 'Object Repository/ADMIN/Custom Item Fields Page/a_Default/textfield_fieldname'

2020-03-19 15:03:12 - [TEST_STEP][PASSED] - comment("Mandatory/NonMandatory"): Mandatory/NonMandatory

2020-03-19 15:03:12 - [MESSAGE][INFO] - Mandatory/NonMandatory

2020-03-19 15:03:12 - [TEST_STEP][PASSED] - if (varMandatoryNonMandatory == "mandatory"): null

2020-03-19 15:03:12 - [TEST_STEP][PASSED] - else if (varMandatoryNonMandatory == "non-mandatory"): Object: 'Object Repository/ADMIN/Custom Item Fields Page/a_Default/togglebutton_mandatory' is clicked on

2020-03-19 15:03:12 - [TEST_STEP][PASSED] - waitForElementVisible(findTestObject("ADMIN/Custom Item Fields Page/a_Default/togglebutton_mandatory"), 0, CONTINUE_ON_FAILURE): Object 'Object Repository/ADMIN/Custom Item Fields Page/a_Default/togglebutton_mandatory' is visible

2020-03-19 15:03:12 - [MESSAGE][WARNING] - Timeout '0' is invalid. Using default page load timeout: '30'

2020-03-19 15:03:12 - [MESSAGE][PASSED] - Object 'Object Repository/ADMIN/Custom Item Fields Page/a_Default/togglebutton_mandatory' is visible

2020-03-19 15:03:12 - [TEST_STEP][PASSED] - click(findTestObject("ADMIN/Custom Item Fields Page/a_Default/togglebutton_mandatory")): Object: 'Object Repository/ADMIN/Custom Item Fields Page/a_Default/togglebutton_mandatory' is clicked on

2020-03-19 15:03:12 - [MESSAGE][PASSED] - Object: 'Object Repository/ADMIN/Custom Item Fields Page/a_Default/togglebutton_mandatory' is clicked on

2020-03-19 15:03:12 - [TEST_STEP][PASSED] - comment("Assign Category"): Assign Category

2020-03-19 15:03:12 - [MESSAGE][INFO] - Assign Category

2020-03-19 15:03:12 - [TEST_STEP][PASSED] - click(findTestObject("ADMIN/Custom Item Fields Page/a_Default/button_SelectCategories")): Object: 'Object Repository/ADMIN/Custom Item Fields Page/a_Default/button_SelectCategories' is clicked on

2020-03-19 15:03:13 - [MESSAGE][PASSED] - Object: 'Object Repository/ADMIN/Custom Item Fields Page/a_Default/button_SelectCategories' is clicked on

2020-03-19 15:03:13 - [TEST_STEP][PASSED] - waitForElementVisible(findTestObject("ADMIN/Custom Item Fields List Page/a_SelectCategories/searchbox_Category"), 0): Object 'Object Repository/ADMIN/Custom Item Fields List Page/a_SelectCategories/searchbox_Category' is visible

2020-03-19 15:03:13 - [MESSAGE][WARNING] - Timeout '0' is invalid. Using default page load timeout: '30'

2020-03-19 15:03:13 - [MESSAGE][PASSED] - Object 'Object Repository/ADMIN/Custom Item Fields List Page/a_SelectCategories/searchbox_Category' is visible

2020-03-19 15:03:13 - [TEST_STEP][PASSED] - comment("Category Assignment"): Category Assignment

2020-03-19 15:03:13 - [MESSAGE][INFO] - Category Assignment

2020-03-19 15:03:13 - [TEST_STEP][PASSED] - if (varAssignedCategory == "All Cat"): null

2020-03-19 15:03:13 - [TEST_STEP][PASSED] - else if (varAssignedCategory == "Category 01"): null

2020-03-19 15:03:13 - [TEST_STEP][PASSED] - else if (varAssignedCategory == "Category 2.1"): Object: 'Object Repository/ADMIN/Custom Item Fields List Page/a_SelectCategories/a_Categories/checkbox_2.1' is clicked on

2020-03-19 15:03:13 - [TEST_STEP][PASSED] - setText(findTestObject("ADMIN/Custom Item Fields List Page/a_SelectCategories/searchbox_Category"), varAssignedCategory, CONTINUE_ON_FAILURE): Text 'Category 2.1' is set on object 'Object Repository/ADMIN/Custom Item Fields List Page/a_SelectCategories/searchbox_Category'

2020-03-19 15:03:14 - [MESSAGE][PASSED] - Text 'Category 2.1' is set on object 'Object Repository/ADMIN/Custom Item Fields List Page/a_SelectCategories/searchbox_Category'

2020-03-19 15:03:14 - [TEST_STEP][PASSED] - click(findTestObject("ADMIN/Custom Item Fields List Page/a_SelectCategories/a_Categories/checkbox_2.1")): Object: 'Object Repository/ADMIN/Custom Item Fields List Page/a_SelectCategories/a_Categories/checkbox_2.1' is clicked on

2020-03-19 15:03:14 - [MESSAGE][PASSED] - Object: 'Object Repository/ADMIN/Custom Item Fields List Page/a_SelectCategories/a_Categories/checkbox_2.1' is clicked on

2020-03-19 15:03:14 - [TEST_STEP][PASSED] - click(findTestObject("ADMIN/Custom Item Fields List Page/a_SelectCategories/button_Save"), STOP_ON_FAILURE): Object: 'Object Repository/ADMIN/Custom Item Fields List Page/a_SelectCategories/button_Save' is clicked on

2020-03-19 15:03:14 - [MESSAGE][PASSED] - Object: 'Object Repository/ADMIN/Custom Item Fields List Page/a_SelectCategories/button_Save' is clicked on

2020-03-19 15:03:14 - [TEST_STEP][PASSED] - delay(2, CONTINUE_ON_FAILURE): Delayed 2 second(s)

2020-03-19 15:03:16 - [MESSAGE][PASSED] - Delayed 2 second(s)

2020-03-19 15:03:16 - [TEST_STEP][PASSED] - click(findTestObject("ADMIN/Custom Item Fields Page/a_Default/button_Save1"), STOP_ON_FAILURE): Object: 'Object Repository/ADMIN/Custom Item Fields Page/a_Default/button_Save1' is clicked on

2020-03-19 15:03:16 - [MESSAGE][PASSED] - Object: 'Object Repository/ADMIN/Custom Item Fields Page/a_Default/button_Save1' is clicked on

2020-03-19 15:03:16 - [TEST_STEP][PASSED] - waitForElementVisible(findTestObject("ADMIN/Custom Item Fields List Page/button_Add Field"), 0): Object 'Object Repository/ADMIN/Custom Item Fields List Page/button_Add Field' is visible

2020-03-19 15:03:16 - [MESSAGE][WARNING] - Timeout '0' is invalid. Using default page load timeout: '30'

2020-03-19 15:03:23 - [MESSAGE][PASSED] - Object 'Object Repository/ADMIN/Custom Item Fields List Page/button_Add Field' is visible]]></system-out>
         <system-err><![CDATA[]]></system-err>
      </testcase>
      <testcase name="Test Cases/ADMIN/Custom Fields Page/Add Custom Item Fields/Add_CF_DataDriven" time="9.897" classname="Test Cases/ADMIN/Custom Fields Page/Add Custom Item Fields/Add_CF_DataDriven" status="PASSED">
         <system-out><![CDATA[2020-03-19 15:03:23 - [TEST_CASE][PASSED] - Test Cases/ADMIN/Custom Fields Page/Add Custom Item Fields/Add_CF_DataDriven: Test Cases/ADMIN/Custom Fields Page/Add Custom Item Fields/Add_CF_DataDriven

2020-03-19 15:03:23 - [TEST_STEP][PASSED] - waitForElementVisible(findTestObject("ADMIN/Custom Item Fields List Page/button_Add Field"), 0): Object 'Object Repository/ADMIN/Custom Item Fields List Page/button_Add Field' is visible

2020-03-19 15:03:23 - [MESSAGE][WARNING] - Timeout '0' is invalid. Using default page load timeout: '30'

2020-03-19 15:03:23 - [MESSAGE][PASSED] - Object 'Object Repository/ADMIN/Custom Item Fields List Page/button_Add Field' is visible

2020-03-19 15:03:23 - [TEST_STEP][PASSED] - click(findTestObject("ADMIN/Custom Item Fields List Page/button_Add Field"), STOP_ON_FAILURE): Object: 'Object Repository/ADMIN/Custom Item Fields List Page/button_Add Field' is clicked on

2020-03-19 15:03:25 - [MESSAGE][PASSED] - Object: 'Object Repository/ADMIN/Custom Item Fields List Page/button_Add Field' is clicked on

2020-03-19 15:03:25 - [TEST_STEP][PASSED] - comment("Choose Field Type"): Choose Field Type

2020-03-19 15:03:25 - [MESSAGE][INFO] - Choose Field Type

2020-03-19 15:03:25 - [TEST_STEP][PASSED] - if (varCustomFieldType == "Checkbox"): null

2020-03-19 15:03:25 - [TEST_STEP][PASSED] - else if (varCustomFieldType == "Date / Time picker"): null

2020-03-19 15:03:25 - [TEST_STEP][PASSED] - else if (varCustomFieldType == "Drop Down"): null

2020-03-19 15:03:25 - [TEST_STEP][PASSED] - else if (varCustomFieldType == "Email"): null

2020-03-19 15:03:25 - [TEST_STEP][PASSED] - else if (varCustomFieldType == "Embed Video"): null

2020-03-19 15:03:25 - [TEST_STEP][PASSED] - else if (varCustomFieldType == "Hyperlink / URL"): null

2020-03-19 15:03:25 - [TEST_STEP][PASSED] - else if (varCustomFieldType == "Location"): null

2020-03-19 15:03:25 - [TEST_STEP][PASSED] - else if (varCustomFieldType == "Number"): null

2020-03-19 15:03:25 - [TEST_STEP][PASSED] - else if (varCustomFieldType == "PDF File"): null

2020-03-19 15:03:25 - [TEST_STEP][PASSED] - else if (varCustomFieldType == "Percentage"): null

2020-03-19 15:03:25 - [TEST_STEP][PASSED] - else if (varCustomFieldType == "Text Editor"): null

2020-03-19 15:03:25 - [TEST_STEP][PASSED] - else if (varCustomFieldType == "Text Field"): All options with label 'Text Field' are selected in object 'Object Repository/ADMIN/Custom Item Fields Page/a_Default/dropdown_fieldtype' 

2020-03-19 15:03:25 - [TEST_STEP][PASSED] - waitForElementVisible(findTestObject("ADMIN/Custom Item Fields Page/a_Default/dropdown_fieldtype"), 0, CONTINUE_ON_FAILURE): Object 'Object Repository/ADMIN/Custom Item Fields Page/a_Default/dropdown_fieldtype' is visible

2020-03-19 15:03:26 - [MESSAGE][WARNING] - Timeout '0' is invalid. Using default page load timeout: '30'

2020-03-19 15:03:26 - [MESSAGE][PASSED] - Object 'Object Repository/ADMIN/Custom Item Fields Page/a_Default/dropdown_fieldtype' is visible

2020-03-19 15:03:26 - [TEST_STEP][PASSED] - selectOptionByLabel(findTestObject("ADMIN/Custom Item Fields Page/a_Default/dropdown_fieldtype"), "Text Field", false): All options with label 'Text Field' are selected in object 'Object Repository/ADMIN/Custom Item Fields Page/a_Default/dropdown_fieldtype' 

2020-03-19 15:03:26 - [MESSAGE][PASSED] - All options with label 'Text Field' are selected in object 'Object Repository/ADMIN/Custom Item Fields Page/a_Default/dropdown_fieldtype' 

2020-03-19 15:03:26 - [TEST_STEP][PASSED] - comment("Field Name"): Field Name

2020-03-19 15:03:26 - [MESSAGE][INFO] - Field Name

2020-03-19 15:03:26 - [TEST_STEP][PASSED] - setText(findTestObject("ADMIN/Custom Item Fields Page/a_Default/textfield_fieldname"), varCustomFieldName): Text 'SPC_Text field_NM2' is set on object 'Object Repository/ADMIN/Custom Item Fields Page/a_Default/textfield_fieldname'

2020-03-19 15:03:26 - [MESSAGE][PASSED] - Text 'SPC_Text field_NM2' is set on object 'Object Repository/ADMIN/Custom Item Fields Page/a_Default/textfield_fieldname'

2020-03-19 15:03:26 - [TEST_STEP][PASSED] - comment("Mandatory/NonMandatory"): Mandatory/NonMandatory

2020-03-19 15:03:26 - [MESSAGE][INFO] - Mandatory/NonMandatory

2020-03-19 15:03:26 - [TEST_STEP][PASSED] - if (varMandatoryNonMandatory == "mandatory"): null

2020-03-19 15:03:26 - [TEST_STEP][PASSED] - else if (varMandatoryNonMandatory == "non-mandatory"): Object: 'Object Repository/ADMIN/Custom Item Fields Page/a_Default/togglebutton_mandatory' is clicked on

2020-03-19 15:03:26 - [TEST_STEP][PASSED] - waitForElementVisible(findTestObject("ADMIN/Custom Item Fields Page/a_Default/togglebutton_mandatory"), 0, CONTINUE_ON_FAILURE): Object 'Object Repository/ADMIN/Custom Item Fields Page/a_Default/togglebutton_mandatory' is visible

2020-03-19 15:03:26 - [MESSAGE][WARNING] - Timeout '0' is invalid. Using default page load timeout: '30'

2020-03-19 15:03:26 - [MESSAGE][PASSED] - Object 'Object Repository/ADMIN/Custom Item Fields Page/a_Default/togglebutton_mandatory' is visible

2020-03-19 15:03:26 - [TEST_STEP][PASSED] - click(findTestObject("ADMIN/Custom Item Fields Page/a_Default/togglebutton_mandatory")): Object: 'Object Repository/ADMIN/Custom Item Fields Page/a_Default/togglebutton_mandatory' is clicked on

2020-03-19 15:03:27 - [MESSAGE][PASSED] - Object: 'Object Repository/ADMIN/Custom Item Fields Page/a_Default/togglebutton_mandatory' is clicked on

2020-03-19 15:03:27 - [TEST_STEP][PASSED] - comment("Assign Category"): Assign Category

2020-03-19 15:03:27 - [MESSAGE][INFO] - Assign Category

2020-03-19 15:03:27 - [TEST_STEP][PASSED] - click(findTestObject("ADMIN/Custom Item Fields Page/a_Default/button_SelectCategories")): Object: 'Object Repository/ADMIN/Custom Item Fields Page/a_Default/button_SelectCategories' is clicked on

2020-03-19 15:03:27 - [MESSAGE][PASSED] - Object: 'Object Repository/ADMIN/Custom Item Fields Page/a_Default/button_SelectCategories' is clicked on

2020-03-19 15:03:27 - [TEST_STEP][PASSED] - waitForElementVisible(findTestObject("ADMIN/Custom Item Fields List Page/a_SelectCategories/searchbox_Category"), 0): Object 'Object Repository/ADMIN/Custom Item Fields List Page/a_SelectCategories/searchbox_Category' is visible

2020-03-19 15:03:27 - [MESSAGE][WARNING] - Timeout '0' is invalid. Using default page load timeout: '30'

2020-03-19 15:03:27 - [MESSAGE][PASSED] - Object 'Object Repository/ADMIN/Custom Item Fields List Page/a_SelectCategories/searchbox_Category' is visible

2020-03-19 15:03:27 - [TEST_STEP][PASSED] - comment("Category Assignment"): Category Assignment

2020-03-19 15:03:27 - [MESSAGE][INFO] - Category Assignment

2020-03-19 15:03:27 - [TEST_STEP][PASSED] - if (varAssignedCategory == "All Cat"): null

2020-03-19 15:03:27 - [TEST_STEP][PASSED] - else if (varAssignedCategory == "Category 01"): null

2020-03-19 15:03:27 - [TEST_STEP][PASSED] - else if (varAssignedCategory == "Category 2.1"): Object: 'Object Repository/ADMIN/Custom Item Fields List Page/a_SelectCategories/a_Categories/checkbox_2.1' is clicked on

2020-03-19 15:03:27 - [TEST_STEP][PASSED] - setText(findTestObject("ADMIN/Custom Item Fields List Page/a_SelectCategories/searchbox_Category"), varAssignedCategory, CONTINUE_ON_FAILURE): Text 'Category 2.1' is set on object 'Object Repository/ADMIN/Custom Item Fields List Page/a_SelectCategories/searchbox_Category'

2020-03-19 15:03:28 - [MESSAGE][PASSED] - Text 'Category 2.1' is set on object 'Object Repository/ADMIN/Custom Item Fields List Page/a_SelectCategories/searchbox_Category'

2020-03-19 15:03:28 - [TEST_STEP][PASSED] - click(findTestObject("ADMIN/Custom Item Fields List Page/a_SelectCategories/a_Categories/checkbox_2.1")): Object: 'Object Repository/ADMIN/Custom Item Fields List Page/a_SelectCategories/a_Categories/checkbox_2.1' is clicked on

2020-03-19 15:03:28 - [MESSAGE][PASSED] - Object: 'Object Repository/ADMIN/Custom Item Fields List Page/a_SelectCategories/a_Categories/checkbox_2.1' is clicked on

2020-03-19 15:03:28 - [TEST_STEP][PASSED] - click(findTestObject("ADMIN/Custom Item Fields List Page/a_SelectCategories/button_Save"), STOP_ON_FAILURE): Object: 'Object Repository/ADMIN/Custom Item Fields List Page/a_SelectCategories/button_Save' is clicked on

2020-03-19 15:03:28 - [MESSAGE][PASSED] - Object: 'Object Repository/ADMIN/Custom Item Fields List Page/a_SelectCategories/button_Save' is clicked on

2020-03-19 15:03:28 - [TEST_STEP][PASSED] - delay(2, CONTINUE_ON_FAILURE): Delayed 2 second(s)

2020-03-19 15:03:30 - [MESSAGE][PASSED] - Delayed 2 second(s)

2020-03-19 15:03:30 - [TEST_STEP][PASSED] - click(findTestObject("ADMIN/Custom Item Fields Page/a_Default/button_Save1"), STOP_ON_FAILURE): Object: 'Object Repository/ADMIN/Custom Item Fields Page/a_Default/button_Save1' is clicked on

2020-03-19 15:03:30 - [MESSAGE][PASSED] - Object: 'Object Repository/ADMIN/Custom Item Fields Page/a_Default/button_Save1' is clicked on

2020-03-19 15:03:30 - [TEST_STEP][PASSED] - waitForElementVisible(findTestObject("ADMIN/Custom Item Fields List Page/button_Add Field"), 0): Object 'Object Repository/ADMIN/Custom Item Fields List Page/button_Add Field' is visible

2020-03-19 15:03:30 - [MESSAGE][WARNING] - Timeout '0' is invalid. Using default page load timeout: '30'

2020-03-19 15:03:32 - [MESSAGE][PASSED] - Object 'Object Repository/ADMIN/Custom Item Fields List Page/button_Add Field' is visible]]></system-out>
         <system-err><![CDATA[]]></system-err>
      </testcase>
      <testcase name="Test Cases/ADMIN/Custom Fields Page/Add Custom Item Fields/Add_CF_DataDriven" time="8.02" classname="Test Cases/ADMIN/Custom Fields Page/Add Custom Item Fields/Add_CF_DataDriven" status="PASSED">
         <system-out><![CDATA[2020-03-19 15:03:32 - [TEST_CASE][PASSED] - Test Cases/ADMIN/Custom Fields Page/Add Custom Item Fields/Add_CF_DataDriven: Test Cases/ADMIN/Custom Fields Page/Add Custom Item Fields/Add_CF_DataDriven

2020-03-19 15:03:32 - [TEST_STEP][PASSED] - waitForElementVisible(findTestObject("ADMIN/Custom Item Fields List Page/button_Add Field"), 0): Object 'Object Repository/ADMIN/Custom Item Fields List Page/button_Add Field' is visible

2020-03-19 15:03:33 - [MESSAGE][WARNING] - Timeout '0' is invalid. Using default page load timeout: '30'

2020-03-19 15:03:33 - [MESSAGE][PASSED] - Object 'Object Repository/ADMIN/Custom Item Fields List Page/button_Add Field' is visible

2020-03-19 15:03:33 - [TEST_STEP][PASSED] - click(findTestObject("ADMIN/Custom Item Fields List Page/button_Add Field"), STOP_ON_FAILURE): Object: 'Object Repository/ADMIN/Custom Item Fields List Page/button_Add Field' is clicked on

2020-03-19 15:03:34 - [MESSAGE][PASSED] - Object: 'Object Repository/ADMIN/Custom Item Fields List Page/button_Add Field' is clicked on

2020-03-19 15:03:34 - [TEST_STEP][PASSED] - comment("Choose Field Type"): Choose Field Type

2020-03-19 15:03:34 - [MESSAGE][INFO] - Choose Field Type

2020-03-19 15:03:34 - [TEST_STEP][PASSED] - if (varCustomFieldType == "Checkbox"): null

2020-03-19 15:03:34 - [TEST_STEP][PASSED] - else if (varCustomFieldType == "Date / Time picker"): null

2020-03-19 15:03:34 - [TEST_STEP][PASSED] - else if (varCustomFieldType == "Drop Down"): null

2020-03-19 15:03:34 - [TEST_STEP][PASSED] - else if (varCustomFieldType == "Email"): null

2020-03-19 15:03:34 - [TEST_STEP][PASSED] - else if (varCustomFieldType == "Embed Video"): null

2020-03-19 15:03:34 - [TEST_STEP][PASSED] - else if (varCustomFieldType == "Hyperlink / URL"): null

2020-03-19 15:03:34 - [TEST_STEP][PASSED] - else if (varCustomFieldType == "Location"): null

2020-03-19 15:03:34 - [TEST_STEP][PASSED] - else if (varCustomFieldType == "Number"): null

2020-03-19 15:03:34 - [TEST_STEP][PASSED] - else if (varCustomFieldType == "PDF File"): null

2020-03-19 15:03:34 - [TEST_STEP][PASSED] - else if (varCustomFieldType == "Percentage"): null

2020-03-19 15:03:34 - [TEST_STEP][PASSED] - else if (varCustomFieldType == "Text Editor"): All options with label 'Text Editor' are selected in object 'Object Repository/ADMIN/Custom Item Fields Page/a_Default/dropdown_fieldtype' 

2020-03-19 15:03:34 - [TEST_STEP][PASSED] - waitForElementVisible(findTestObject("ADMIN/Custom Item Fields Page/a_Default/dropdown_fieldtype"), 0, CONTINUE_ON_FAILURE): Object 'Object Repository/ADMIN/Custom Item Fields Page/a_Default/dropdown_fieldtype' is visible

2020-03-19 15:03:34 - [MESSAGE][WARNING] - Timeout '0' is invalid. Using default page load timeout: '30'

2020-03-19 15:03:34 - [MESSAGE][PASSED] - Object 'Object Repository/ADMIN/Custom Item Fields Page/a_Default/dropdown_fieldtype' is visible

2020-03-19 15:03:34 - [TEST_STEP][PASSED] - selectOptionByLabel(findTestObject("ADMIN/Custom Item Fields Page/a_Default/dropdown_fieldtype"), "Text Editor", false): All options with label 'Text Editor' are selected in object 'Object Repository/ADMIN/Custom Item Fields Page/a_Default/dropdown_fieldtype' 

2020-03-19 15:03:34 - [MESSAGE][PASSED] - All options with label 'Text Editor' are selected in object 'Object Repository/ADMIN/Custom Item Fields Page/a_Default/dropdown_fieldtype' 

2020-03-19 15:03:34 - [TEST_STEP][PASSED] - comment("Field Name"): Field Name

2020-03-19 15:03:34 - [MESSAGE][INFO] - Field Name

2020-03-19 15:03:34 - [TEST_STEP][PASSED] - setText(findTestObject("ADMIN/Custom Item Fields Page/a_Default/textfield_fieldname"), varCustomFieldName): Text 'SPC_Text editor_NM' is set on object 'Object Repository/ADMIN/Custom Item Fields Page/a_Default/textfield_fieldname'

2020-03-19 15:03:34 - [MESSAGE][PASSED] - Text 'SPC_Text editor_NM' is set on object 'Object Repository/ADMIN/Custom Item Fields Page/a_Default/textfield_fieldname'

2020-03-19 15:03:34 - [TEST_STEP][PASSED] - comment("Mandatory/NonMandatory"): Mandatory/NonMandatory

2020-03-19 15:03:34 - [MESSAGE][INFO] - Mandatory/NonMandatory

2020-03-19 15:03:34 - [TEST_STEP][PASSED] - if (varMandatoryNonMandatory == "mandatory"): null

2020-03-19 15:03:34 - [TEST_STEP][PASSED] - else if (varMandatoryNonMandatory == "non-mandatory"): Object: 'Object Repository/ADMIN/Custom Item Fields Page/a_Default/togglebutton_mandatory' is clicked on

2020-03-19 15:03:34 - [TEST_STEP][PASSED] - waitForElementVisible(findTestObject("ADMIN/Custom Item Fields Page/a_Default/togglebutton_mandatory"), 0, CONTINUE_ON_FAILURE): Object 'Object Repository/ADMIN/Custom Item Fields Page/a_Default/togglebutton_mandatory' is visible

2020-03-19 15:03:34 - [MESSAGE][WARNING] - Timeout '0' is invalid. Using default page load timeout: '30'

2020-03-19 15:03:35 - [MESSAGE][PASSED] - Object 'Object Repository/ADMIN/Custom Item Fields Page/a_Default/togglebutton_mandatory' is visible

2020-03-19 15:03:35 - [TEST_STEP][PASSED] - click(findTestObject("ADMIN/Custom Item Fields Page/a_Default/togglebutton_mandatory")): Object: 'Object Repository/ADMIN/Custom Item Fields Page/a_Default/togglebutton_mandatory' is clicked on

2020-03-19 15:03:35 - [MESSAGE][PASSED] - Object: 'Object Repository/ADMIN/Custom Item Fields Page/a_Default/togglebutton_mandatory' is clicked on

2020-03-19 15:03:35 - [TEST_STEP][PASSED] - comment("Assign Category"): Assign Category

2020-03-19 15:03:35 - [MESSAGE][INFO] - Assign Category

2020-03-19 15:03:35 - [TEST_STEP][PASSED] - click(findTestObject("ADMIN/Custom Item Fields Page/a_Default/button_SelectCategories")): Object: 'Object Repository/ADMIN/Custom Item Fields Page/a_Default/button_SelectCategories' is clicked on

2020-03-19 15:03:35 - [MESSAGE][PASSED] - Object: 'Object Repository/ADMIN/Custom Item Fields Page/a_Default/button_SelectCategories' is clicked on

2020-03-19 15:03:35 - [TEST_STEP][PASSED] - waitForElementVisible(findTestObject("ADMIN/Custom Item Fields List Page/a_SelectCategories/searchbox_Category"), 0): Object 'Object Repository/ADMIN/Custom Item Fields List Page/a_SelectCategories/searchbox_Category' is visible

2020-03-19 15:03:35 - [MESSAGE][WARNING] - Timeout '0' is invalid. Using default page load timeout: '30'

2020-03-19 15:03:36 - [MESSAGE][PASSED] - Object 'Object Repository/ADMIN/Custom Item Fields List Page/a_SelectCategories/searchbox_Category' is visible

2020-03-19 15:03:36 - [TEST_STEP][PASSED] - comment("Category Assignment"): Category Assignment

2020-03-19 15:03:36 - [MESSAGE][INFO] - Category Assignment

2020-03-19 15:03:36 - [TEST_STEP][PASSED] - if (varAssignedCategory == "All Cat"): null

2020-03-19 15:03:36 - [TEST_STEP][PASSED] - else if (varAssignedCategory == "Category 01"): null

2020-03-19 15:03:36 - [TEST_STEP][PASSED] - else if (varAssignedCategory == "Category 2.1"): Object: 'Object Repository/ADMIN/Custom Item Fields List Page/a_SelectCategories/a_Categories/checkbox_2.1' is clicked on

2020-03-19 15:03:36 - [TEST_STEP][PASSED] - setText(findTestObject("ADMIN/Custom Item Fields List Page/a_SelectCategories/searchbox_Category"), varAssignedCategory, CONTINUE_ON_FAILURE): Text 'Category 2.1' is set on object 'Object Repository/ADMIN/Custom Item Fields List Page/a_SelectCategories/searchbox_Category'

2020-03-19 15:03:36 - [MESSAGE][PASSED] - Text 'Category 2.1' is set on object 'Object Repository/ADMIN/Custom Item Fields List Page/a_SelectCategories/searchbox_Category'

2020-03-19 15:03:36 - [TEST_STEP][PASSED] - click(findTestObject("ADMIN/Custom Item Fields List Page/a_SelectCategories/a_Categories/checkbox_2.1")): Object: 'Object Repository/ADMIN/Custom Item Fields List Page/a_SelectCategories/a_Categories/checkbox_2.1' is clicked on

2020-03-19 15:03:36 - [MESSAGE][PASSED] - Object: 'Object Repository/ADMIN/Custom Item Fields List Page/a_SelectCategories/a_Categories/checkbox_2.1' is clicked on

2020-03-19 15:03:36 - [TEST_STEP][PASSED] - click(findTestObject("ADMIN/Custom Item Fields List Page/a_SelectCategories/button_Save"), STOP_ON_FAILURE): Object: 'Object Repository/ADMIN/Custom Item Fields List Page/a_SelectCategories/button_Save' is clicked on

2020-03-19 15:03:36 - [MESSAGE][PASSED] - Object: 'Object Repository/ADMIN/Custom Item Fields List Page/a_SelectCategories/button_Save' is clicked on

2020-03-19 15:03:36 - [TEST_STEP][PASSED] - delay(2, CONTINUE_ON_FAILURE): Delayed 2 second(s)

2020-03-19 15:03:38 - [MESSAGE][PASSED] - Delayed 2 second(s)

2020-03-19 15:03:38 - [TEST_STEP][PASSED] - click(findTestObject("ADMIN/Custom Item Fields Page/a_Default/button_Save1"), STOP_ON_FAILURE): Object: 'Object Repository/ADMIN/Custom Item Fields Page/a_Default/button_Save1' is clicked on

2020-03-19 15:03:38 - [MESSAGE][PASSED] - Object: 'Object Repository/ADMIN/Custom Item Fields Page/a_Default/button_Save1' is clicked on

2020-03-19 15:03:38 - [TEST_STEP][PASSED] - waitForElementVisible(findTestObject("ADMIN/Custom Item Fields List Page/button_Add Field"), 0): Object 'Object Repository/ADMIN/Custom Item Fields List Page/button_Add Field' is visible

2020-03-19 15:03:39 - [MESSAGE][WARNING] - Timeout '0' is invalid. Using default page load timeout: '30'

2020-03-19 15:03:40 - [MESSAGE][PASSED] - Object 'Object Repository/ADMIN/Custom Item Fields List Page/button_Add Field' is visible]]></system-out>
         <system-err><![CDATA[]]></system-err>
      </testcase>
      <testcase name="Test Cases/ADMIN/Custom Fields Page/Add Custom Item Fields/Add_CF_DataDriven" time="8.946" classname="Test Cases/ADMIN/Custom Fields Page/Add Custom Item Fields/Add_CF_DataDriven" status="PASSED">
         <system-out><![CDATA[2020-03-19 15:03:41 - [TEST_CASE][PASSED] - Test Cases/ADMIN/Custom Fields Page/Add Custom Item Fields/Add_CF_DataDriven: Test Cases/ADMIN/Custom Fields Page/Add Custom Item Fields/Add_CF_DataDriven

2020-03-19 15:03:41 - [TEST_STEP][PASSED] - waitForElementVisible(findTestObject("ADMIN/Custom Item Fields List Page/button_Add Field"), 0): Object 'Object Repository/ADMIN/Custom Item Fields List Page/button_Add Field' is visible

2020-03-19 15:03:41 - [MESSAGE][WARNING] - Timeout '0' is invalid. Using default page load timeout: '30'

2020-03-19 15:03:41 - [MESSAGE][PASSED] - Object 'Object Repository/ADMIN/Custom Item Fields List Page/button_Add Field' is visible

2020-03-19 15:03:41 - [TEST_STEP][PASSED] - click(findTestObject("ADMIN/Custom Item Fields List Page/button_Add Field"), STOP_ON_FAILURE): Object: 'Object Repository/ADMIN/Custom Item Fields List Page/button_Add Field' is clicked on

2020-03-19 15:03:42 - [MESSAGE][PASSED] - Object: 'Object Repository/ADMIN/Custom Item Fields List Page/button_Add Field' is clicked on

2020-03-19 15:03:42 - [TEST_STEP][PASSED] - comment("Choose Field Type"): Choose Field Type

2020-03-19 15:03:42 - [MESSAGE][INFO] - Choose Field Type

2020-03-19 15:03:42 - [TEST_STEP][PASSED] - if (varCustomFieldType == "Checkbox"): null

2020-03-19 15:03:42 - [TEST_STEP][PASSED] - else if (varCustomFieldType == "Date / Time picker"): null

2020-03-19 15:03:42 - [TEST_STEP][PASSED] - else if (varCustomFieldType == "Drop Down"): null

2020-03-19 15:03:42 - [TEST_STEP][PASSED] - else if (varCustomFieldType == "Email"): null

2020-03-19 15:03:42 - [TEST_STEP][PASSED] - else if (varCustomFieldType == "Embed Video"): null

2020-03-19 15:03:42 - [TEST_STEP][PASSED] - else if (varCustomFieldType == "Hyperlink / URL"): All options with label 'Hyperlink / URL' are selected in object 'Object Repository/ADMIN/Custom Item Fields Page/a_Default/dropdown_fieldtype' 

2020-03-19 15:03:42 - [TEST_STEP][PASSED] - waitForElementVisible(findTestObject("ADMIN/Custom Item Fields Page/a_Default/dropdown_fieldtype"), 0, CONTINUE_ON_FAILURE): Object 'Object Repository/ADMIN/Custom Item Fields Page/a_Default/dropdown_fieldtype' is visible

2020-03-19 15:03:42 - [MESSAGE][WARNING] - Timeout '0' is invalid. Using default page load timeout: '30'

2020-03-19 15:03:42 - [MESSAGE][PASSED] - Object 'Object Repository/ADMIN/Custom Item Fields Page/a_Default/dropdown_fieldtype' is visible

2020-03-19 15:03:42 - [TEST_STEP][PASSED] - selectOptionByLabel(findTestObject("ADMIN/Custom Item Fields Page/a_Default/dropdown_fieldtype"), "Hyperlink / URL", false): All options with label 'Hyperlink / URL' are selected in object 'Object Repository/ADMIN/Custom Item Fields Page/a_Default/dropdown_fieldtype' 

2020-03-19 15:03:42 - [MESSAGE][PASSED] - All options with label 'Hyperlink / URL' are selected in object 'Object Repository/ADMIN/Custom Item Fields Page/a_Default/dropdown_fieldtype' 

2020-03-19 15:03:42 - [TEST_STEP][PASSED] - comment("Field Name"): Field Name

2020-03-19 15:03:42 - [MESSAGE][INFO] - Field Name

2020-03-19 15:03:42 - [TEST_STEP][PASSED] - setText(findTestObject("ADMIN/Custom Item Fields Page/a_Default/textfield_fieldname"), varCustomFieldName): Text 'SPC_Hyperlink_NM' is set on object 'Object Repository/ADMIN/Custom Item Fields Page/a_Default/textfield_fieldname'

2020-03-19 15:03:43 - [MESSAGE][PASSED] - Text 'SPC_Hyperlink_NM' is set on object 'Object Repository/ADMIN/Custom Item Fields Page/a_Default/textfield_fieldname'

2020-03-19 15:03:43 - [TEST_STEP][PASSED] - comment("Mandatory/NonMandatory"): Mandatory/NonMandatory

2020-03-19 15:03:43 - [MESSAGE][INFO] - Mandatory/NonMandatory

2020-03-19 15:03:43 - [TEST_STEP][PASSED] - if (varMandatoryNonMandatory == "mandatory"): null

2020-03-19 15:03:43 - [TEST_STEP][PASSED] - else if (varMandatoryNonMandatory == "non-mandatory"): Object: 'Object Repository/ADMIN/Custom Item Fields Page/a_Default/togglebutton_mandatory' is clicked on

2020-03-19 15:03:43 - [TEST_STEP][PASSED] - waitForElementVisible(findTestObject("ADMIN/Custom Item Fields Page/a_Default/togglebutton_mandatory"), 0, CONTINUE_ON_FAILURE): Object 'Object Repository/ADMIN/Custom Item Fields Page/a_Default/togglebutton_mandatory' is visible

2020-03-19 15:03:43 - [MESSAGE][WARNING] - Timeout '0' is invalid. Using default page load timeout: '30'

2020-03-19 15:03:43 - [MESSAGE][PASSED] - Object 'Object Repository/ADMIN/Custom Item Fields Page/a_Default/togglebutton_mandatory' is visible

2020-03-19 15:03:43 - [TEST_STEP][PASSED] - click(findTestObject("ADMIN/Custom Item Fields Page/a_Default/togglebutton_mandatory")): Object: 'Object Repository/ADMIN/Custom Item Fields Page/a_Default/togglebutton_mandatory' is clicked on

2020-03-19 15:03:43 - [MESSAGE][PASSED] - Object: 'Object Repository/ADMIN/Custom Item Fields Page/a_Default/togglebutton_mandatory' is clicked on

2020-03-19 15:03:43 - [TEST_STEP][PASSED] - comment("Assign Category"): Assign Category

2020-03-19 15:03:43 - [MESSAGE][INFO] - Assign Category

2020-03-19 15:03:43 - [TEST_STEP][PASSED] - click(findTestObject("ADMIN/Custom Item Fields Page/a_Default/button_SelectCategories")): Object: 'Object Repository/ADMIN/Custom Item Fields Page/a_Default/button_SelectCategories' is clicked on

2020-03-19 15:03:43 - [MESSAGE][PASSED] - Object: 'Object Repository/ADMIN/Custom Item Fields Page/a_Default/button_SelectCategories' is clicked on

2020-03-19 15:03:43 - [TEST_STEP][PASSED] - waitForElementVisible(findTestObject("ADMIN/Custom Item Fields List Page/a_SelectCategories/searchbox_Category"), 0): Object 'Object Repository/ADMIN/Custom Item Fields List Page/a_SelectCategories/searchbox_Category' is visible

2020-03-19 15:03:44 - [MESSAGE][WARNING] - Timeout '0' is invalid. Using default page load timeout: '30'

2020-03-19 15:03:44 - [MESSAGE][PASSED] - Object 'Object Repository/ADMIN/Custom Item Fields List Page/a_SelectCategories/searchbox_Category' is visible

2020-03-19 15:03:44 - [TEST_STEP][PASSED] - comment("Category Assignment"): Category Assignment

2020-03-19 15:03:44 - [MESSAGE][INFO] - Category Assignment

2020-03-19 15:03:44 - [TEST_STEP][PASSED] - if (varAssignedCategory == "All Cat"): null

2020-03-19 15:03:44 - [TEST_STEP][PASSED] - else if (varAssignedCategory == "Category 01"): null

2020-03-19 15:03:44 - [TEST_STEP][PASSED] - else if (varAssignedCategory == "Category 2.1"): Object: 'Object Repository/ADMIN/Custom Item Fields List Page/a_SelectCategories/a_Categories/checkbox_2.1' is clicked on

2020-03-19 15:03:44 - [TEST_STEP][PASSED] - setText(findTestObject("ADMIN/Custom Item Fields List Page/a_SelectCategories/searchbox_Category"), varAssignedCategory, CONTINUE_ON_FAILURE): Text 'Category 2.1' is set on object 'Object Repository/ADMIN/Custom Item Fields List Page/a_SelectCategories/searchbox_Category'

2020-03-19 15:03:45 - [MESSAGE][PASSED] - Text 'Category 2.1' is set on object 'Object Repository/ADMIN/Custom Item Fields List Page/a_SelectCategories/searchbox_Category'

2020-03-19 15:03:45 - [TEST_STEP][PASSED] - click(findTestObject("ADMIN/Custom Item Fields List Page/a_SelectCategories/a_Categories/checkbox_2.1")): Object: 'Object Repository/ADMIN/Custom Item Fields List Page/a_SelectCategories/a_Categories/checkbox_2.1' is clicked on

2020-03-19 15:03:45 - [MESSAGE][PASSED] - Object: 'Object Repository/ADMIN/Custom Item Fields List Page/a_SelectCategories/a_Categories/checkbox_2.1' is clicked on

2020-03-19 15:03:45 - [TEST_STEP][PASSED] - click(findTestObject("ADMIN/Custom Item Fields List Page/a_SelectCategories/button_Save"), STOP_ON_FAILURE): Object: 'Object Repository/ADMIN/Custom Item Fields List Page/a_SelectCategories/button_Save' is clicked on

2020-03-19 15:03:45 - [MESSAGE][PASSED] - Object: 'Object Repository/ADMIN/Custom Item Fields List Page/a_SelectCategories/button_Save' is clicked on

2020-03-19 15:03:45 - [TEST_STEP][PASSED] - delay(2, CONTINUE_ON_FAILURE): Delayed 2 second(s)

2020-03-19 15:03:47 - [MESSAGE][PASSED] - Delayed 2 second(s)

2020-03-19 15:03:47 - [TEST_STEP][PASSED] - click(findTestObject("ADMIN/Custom Item Fields Page/a_Default/button_Save1"), STOP_ON_FAILURE): Object: 'Object Repository/ADMIN/Custom Item Fields Page/a_Default/button_Save1' is clicked on

2020-03-19 15:03:47 - [MESSAGE][PASSED] - Object: 'Object Repository/ADMIN/Custom Item Fields Page/a_Default/button_Save1' is clicked on

2020-03-19 15:03:47 - [TEST_STEP][PASSED] - waitForElementVisible(findTestObject("ADMIN/Custom Item Fields List Page/button_Add Field"), 0): Object 'Object Repository/ADMIN/Custom Item Fields List Page/button_Add Field' is visible

2020-03-19 15:03:47 - [MESSAGE][WARNING] - Timeout '0' is invalid. Using default page load timeout: '30'

2020-03-19 15:03:49 - [MESSAGE][PASSED] - Object 'Object Repository/ADMIN/Custom Item Fields List Page/button_Add Field' is visible]]></system-out>
         <system-err><![CDATA[]]></system-err>
      </testcase>
      <testcase name="Test Cases/ADMIN/Custom Fields Page/Add Custom Item Fields/Add_CF_DataDriven" time="7.805" classname="Test Cases/ADMIN/Custom Fields Page/Add Custom Item Fields/Add_CF_DataDriven" status="PASSED">
         <system-out><![CDATA[2020-03-19 15:03:49 - [TEST_CASE][PASSED] - Test Cases/ADMIN/Custom Fields Page/Add Custom Item Fields/Add_CF_DataDriven: Test Cases/ADMIN/Custom Fields Page/Add Custom Item Fields/Add_CF_DataDriven

2020-03-19 15:03:49 - [TEST_STEP][PASSED] - waitForElementVisible(findTestObject("ADMIN/Custom Item Fields List Page/button_Add Field"), 0): Object 'Object Repository/ADMIN/Custom Item Fields List Page/button_Add Field' is visible

2020-03-19 15:03:50 - [MESSAGE][WARNING] - Timeout '0' is invalid. Using default page load timeout: '30'

2020-03-19 15:03:50 - [MESSAGE][PASSED] - Object 'Object Repository/ADMIN/Custom Item Fields List Page/button_Add Field' is visible

2020-03-19 15:03:50 - [TEST_STEP][PASSED] - click(findTestObject("ADMIN/Custom Item Fields List Page/button_Add Field"), STOP_ON_FAILURE): Object: 'Object Repository/ADMIN/Custom Item Fields List Page/button_Add Field' is clicked on

2020-03-19 15:03:50 - [MESSAGE][PASSED] - Object: 'Object Repository/ADMIN/Custom Item Fields List Page/button_Add Field' is clicked on

2020-03-19 15:03:50 - [TEST_STEP][PASSED] - comment("Choose Field Type"): Choose Field Type

2020-03-19 15:03:50 - [MESSAGE][INFO] - Choose Field Type

2020-03-19 15:03:50 - [TEST_STEP][PASSED] - if (varCustomFieldType == "Checkbox"): null

2020-03-19 15:03:50 - [TEST_STEP][PASSED] - else if (varCustomFieldType == "Date / Time picker"): null

2020-03-19 15:03:50 - [TEST_STEP][PASSED] - else if (varCustomFieldType == "Drop Down"): null

2020-03-19 15:03:50 - [TEST_STEP][PASSED] - else if (varCustomFieldType == "Email"): All options with label 'Email' are selected in object 'Object Repository/ADMIN/Custom Item Fields Page/a_Default/dropdown_fieldtype' 

2020-03-19 15:03:50 - [TEST_STEP][PASSED] - waitForElementVisible(findTestObject("ADMIN/Custom Item Fields Page/a_Default/dropdown_fieldtype"), 0, CONTINUE_ON_FAILURE): Object 'Object Repository/ADMIN/Custom Item Fields Page/a_Default/dropdown_fieldtype' is visible

2020-03-19 15:03:50 - [MESSAGE][WARNING] - Timeout '0' is invalid. Using default page load timeout: '30'

2020-03-19 15:03:51 - [MESSAGE][PASSED] - Object 'Object Repository/ADMIN/Custom Item Fields Page/a_Default/dropdown_fieldtype' is visible

2020-03-19 15:03:51 - [TEST_STEP][PASSED] - selectOptionByLabel(findTestObject("ADMIN/Custom Item Fields Page/a_Default/dropdown_fieldtype"), "Email", false): All options with label 'Email' are selected in object 'Object Repository/ADMIN/Custom Item Fields Page/a_Default/dropdown_fieldtype' 

2020-03-19 15:03:51 - [MESSAGE][PASSED] - All options with label 'Email' are selected in object 'Object Repository/ADMIN/Custom Item Fields Page/a_Default/dropdown_fieldtype' 

2020-03-19 15:03:51 - [TEST_STEP][PASSED] - comment("Field Name"): Field Name

2020-03-19 15:03:51 - [MESSAGE][INFO] - Field Name

2020-03-19 15:03:51 - [TEST_STEP][PASSED] - setText(findTestObject("ADMIN/Custom Item Fields Page/a_Default/textfield_fieldname"), varCustomFieldName): Text 'SPC_Email_NM' is set on object 'Object Repository/ADMIN/Custom Item Fields Page/a_Default/textfield_fieldname'

2020-03-19 15:03:51 - [MESSAGE][PASSED] - Text 'SPC_Email_NM' is set on object 'Object Repository/ADMIN/Custom Item Fields Page/a_Default/textfield_fieldname'

2020-03-19 15:03:51 - [TEST_STEP][PASSED] - comment("Mandatory/NonMandatory"): Mandatory/NonMandatory

2020-03-19 15:03:51 - [MESSAGE][INFO] - Mandatory/NonMandatory

2020-03-19 15:03:51 - [TEST_STEP][PASSED] - if (varMandatoryNonMandatory == "mandatory"): null

2020-03-19 15:03:51 - [TEST_STEP][PASSED] - else if (varMandatoryNonMandatory == "non-mandatory"): Object: 'Object Repository/ADMIN/Custom Item Fields Page/a_Default/togglebutton_mandatory' is clicked on

2020-03-19 15:03:51 - [TEST_STEP][PASSED] - waitForElementVisible(findTestObject("ADMIN/Custom Item Fields Page/a_Default/togglebutton_mandatory"), 0, CONTINUE_ON_FAILURE): Object 'Object Repository/ADMIN/Custom Item Fields Page/a_Default/togglebutton_mandatory' is visible

2020-03-19 15:03:51 - [MESSAGE][WARNING] - Timeout '0' is invalid. Using default page load timeout: '30'

2020-03-19 15:03:51 - [MESSAGE][PASSED] - Object 'Object Repository/ADMIN/Custom Item Fields Page/a_Default/togglebutton_mandatory' is visible

2020-03-19 15:03:51 - [TEST_STEP][PASSED] - click(findTestObject("ADMIN/Custom Item Fields Page/a_Default/togglebutton_mandatory")): Object: 'Object Repository/ADMIN/Custom Item Fields Page/a_Default/togglebutton_mandatory' is clicked on

2020-03-19 15:03:52 - [MESSAGE][PASSED] - Object: 'Object Repository/ADMIN/Custom Item Fields Page/a_Default/togglebutton_mandatory' is clicked on

2020-03-19 15:03:52 - [TEST_STEP][PASSED] - comment("Assign Category"): Assign Category

2020-03-19 15:03:52 - [MESSAGE][INFO] - Assign Category

2020-03-19 15:03:52 - [TEST_STEP][PASSED] - click(findTestObject("ADMIN/Custom Item Fields Page/a_Default/button_SelectCategories")): Object: 'Object Repository/ADMIN/Custom Item Fields Page/a_Default/button_SelectCategories' is clicked on

2020-03-19 15:03:52 - [MESSAGE][PASSED] - Object: 'Object Repository/ADMIN/Custom Item Fields Page/a_Default/button_SelectCategories' is clicked on

2020-03-19 15:03:52 - [TEST_STEP][PASSED] - waitForElementVisible(findTestObject("ADMIN/Custom Item Fields List Page/a_SelectCategories/searchbox_Category"), 0): Object 'Object Repository/ADMIN/Custom Item Fields List Page/a_SelectCategories/searchbox_Category' is visible

2020-03-19 15:03:52 - [MESSAGE][WARNING] - Timeout '0' is invalid. Using default page load timeout: '30'

2020-03-19 15:03:52 - [MESSAGE][PASSED] - Object 'Object Repository/ADMIN/Custom Item Fields List Page/a_SelectCategories/searchbox_Category' is visible

2020-03-19 15:03:52 - [TEST_STEP][PASSED] - comment("Category Assignment"): Category Assignment

2020-03-19 15:03:52 - [MESSAGE][INFO] - Category Assignment

2020-03-19 15:03:52 - [TEST_STEP][PASSED] - if (varAssignedCategory == "All Cat"): null

2020-03-19 15:03:52 - [TEST_STEP][PASSED] - else if (varAssignedCategory == "Category 01"): null

2020-03-19 15:03:52 - [TEST_STEP][PASSED] - else if (varAssignedCategory == "Category 2.1"): Object: 'Object Repository/ADMIN/Custom Item Fields List Page/a_SelectCategories/a_Categories/checkbox_2.1' is clicked on

2020-03-19 15:03:52 - [TEST_STEP][PASSED] - setText(findTestObject("ADMIN/Custom Item Fields List Page/a_SelectCategories/searchbox_Category"), varAssignedCategory, CONTINUE_ON_FAILURE): Text 'Category 2.1' is set on object 'Object Repository/ADMIN/Custom Item Fields List Page/a_SelectCategories/searchbox_Category'

2020-03-19 15:03:53 - [MESSAGE][PASSED] - Text 'Category 2.1' is set on object 'Object Repository/ADMIN/Custom Item Fields List Page/a_SelectCategories/searchbox_Category'

2020-03-19 15:03:53 - [TEST_STEP][PASSED] - click(findTestObject("ADMIN/Custom Item Fields List Page/a_SelectCategories/a_Categories/checkbox_2.1")): Object: 'Object Repository/ADMIN/Custom Item Fields List Page/a_SelectCategories/a_Categories/checkbox_2.1' is clicked on

2020-03-19 15:03:53 - [MESSAGE][PASSED] - Object: 'Object Repository/ADMIN/Custom Item Fields List Page/a_SelectCategories/a_Categories/checkbox_2.1' is clicked on

2020-03-19 15:03:53 - [TEST_STEP][PASSED] - click(findTestObject("ADMIN/Custom Item Fields List Page/a_SelectCategories/button_Save"), STOP_ON_FAILURE): Object: 'Object Repository/ADMIN/Custom Item Fields List Page/a_SelectCategories/button_Save' is clicked on

2020-03-19 15:03:53 - [MESSAGE][PASSED] - Object: 'Object Repository/ADMIN/Custom Item Fields List Page/a_SelectCategories/button_Save' is clicked on

2020-03-19 15:03:53 - [TEST_STEP][PASSED] - delay(2, CONTINUE_ON_FAILURE): Delayed 2 second(s)

2020-03-19 15:03:55 - [MESSAGE][PASSED] - Delayed 2 second(s)

2020-03-19 15:03:55 - [TEST_STEP][PASSED] - click(findTestObject("ADMIN/Custom Item Fields Page/a_Default/button_Save1"), STOP_ON_FAILURE): Object: 'Object Repository/ADMIN/Custom Item Fields Page/a_Default/button_Save1' is clicked on

2020-03-19 15:03:55 - [MESSAGE][PASSED] - Object: 'Object Repository/ADMIN/Custom Item Fields Page/a_Default/button_Save1' is clicked on

2020-03-19 15:03:55 - [TEST_STEP][PASSED] - waitForElementVisible(findTestObject("ADMIN/Custom Item Fields List Page/button_Add Field"), 0): Object 'Object Repository/ADMIN/Custom Item Fields List Page/button_Add Field' is visible

2020-03-19 15:03:55 - [MESSAGE][WARNING] - Timeout '0' is invalid. Using default page load timeout: '30'

2020-03-19 15:03:57 - [MESSAGE][PASSED] - Object 'Object Repository/ADMIN/Custom Item Fields List Page/button_Add Field' is visible]]></system-out>
         <system-err><![CDATA[]]></system-err>
      </testcase>
      <testcase name="Test Cases/ADMIN/Custom Fields Page/Add Custom Item Fields/Add_CF_DataDriven" time="7.721" classname="Test Cases/ADMIN/Custom Fields Page/Add Custom Item Fields/Add_CF_DataDriven" status="PASSED">
         <system-out><![CDATA[2020-03-19 15:03:57 - [TEST_CASE][PASSED] - Test Cases/ADMIN/Custom Fields Page/Add Custom Item Fields/Add_CF_DataDriven: Test Cases/ADMIN/Custom Fields Page/Add Custom Item Fields/Add_CF_DataDriven

2020-03-19 15:03:57 - [TEST_STEP][PASSED] - waitForElementVisible(findTestObject("ADMIN/Custom Item Fields List Page/button_Add Field"), 0): Object 'Object Repository/ADMIN/Custom Item Fields List Page/button_Add Field' is visible

2020-03-19 15:03:57 - [MESSAGE][WARNING] - Timeout '0' is invalid. Using default page load timeout: '30'

2020-03-19 15:03:58 - [MESSAGE][PASSED] - Object 'Object Repository/ADMIN/Custom Item Fields List Page/button_Add Field' is visible

2020-03-19 15:03:58 - [TEST_STEP][PASSED] - click(findTestObject("ADMIN/Custom Item Fields List Page/button_Add Field"), STOP_ON_FAILURE): Object: 'Object Repository/ADMIN/Custom Item Fields List Page/button_Add Field' is clicked on

2020-03-19 15:03:58 - [MESSAGE][PASSED] - Object: 'Object Repository/ADMIN/Custom Item Fields List Page/button_Add Field' is clicked on

2020-03-19 15:03:58 - [TEST_STEP][PASSED] - comment("Choose Field Type"): Choose Field Type

2020-03-19 15:03:58 - [MESSAGE][INFO] - Choose Field Type

2020-03-19 15:03:58 - [TEST_STEP][PASSED] - if (varCustomFieldType == "Checkbox"): null

2020-03-19 15:03:58 - [TEST_STEP][PASSED] - else if (varCustomFieldType == "Date / Time picker"): null

2020-03-19 15:03:58 - [TEST_STEP][PASSED] - else if (varCustomFieldType == "Drop Down"): null

2020-03-19 15:03:58 - [TEST_STEP][PASSED] - else if (varCustomFieldType == "Email"): null

2020-03-19 15:03:58 - [TEST_STEP][PASSED] - else if (varCustomFieldType == "Embed Video"): null

2020-03-19 15:03:58 - [TEST_STEP][PASSED] - else if (varCustomFieldType == "Hyperlink / URL"): null

2020-03-19 15:03:58 - [TEST_STEP][PASSED] - else if (varCustomFieldType == "Location"): null

2020-03-19 15:03:58 - [TEST_STEP][PASSED] - else if (varCustomFieldType == "Number"): All options with label 'Number' are selected in object 'Object Repository/ADMIN/Custom Item Fields Page/a_Default/dropdown_fieldtype' 

2020-03-19 15:03:58 - [TEST_STEP][PASSED] - waitForElementVisible(findTestObject("ADMIN/Custom Item Fields Page/a_Default/dropdown_fieldtype"), 0, CONTINUE_ON_FAILURE): Object 'Object Repository/ADMIN/Custom Item Fields Page/a_Default/dropdown_fieldtype' is visible

2020-03-19 15:03:58 - [MESSAGE][WARNING] - Timeout '0' is invalid. Using default page load timeout: '30'

2020-03-19 15:03:59 - [MESSAGE][PASSED] - Object 'Object Repository/ADMIN/Custom Item Fields Page/a_Default/dropdown_fieldtype' is visible

2020-03-19 15:03:59 - [TEST_STEP][PASSED] - selectOptionByLabel(findTestObject("ADMIN/Custom Item Fields Page/a_Default/dropdown_fieldtype"), "Number", false): All options with label 'Number' are selected in object 'Object Repository/ADMIN/Custom Item Fields Page/a_Default/dropdown_fieldtype' 

2020-03-19 15:03:59 - [MESSAGE][PASSED] - All options with label 'Number' are selected in object 'Object Repository/ADMIN/Custom Item Fields Page/a_Default/dropdown_fieldtype' 

2020-03-19 15:03:59 - [TEST_STEP][PASSED] - comment("Field Name"): Field Name

2020-03-19 15:03:59 - [MESSAGE][INFO] - Field Name

2020-03-19 15:03:59 - [TEST_STEP][PASSED] - setText(findTestObject("ADMIN/Custom Item Fields Page/a_Default/textfield_fieldname"), varCustomFieldName): Text 'SPC_Number_NM1' is set on object 'Object Repository/ADMIN/Custom Item Fields Page/a_Default/textfield_fieldname'

2020-03-19 15:03:59 - [MESSAGE][PASSED] - Text 'SPC_Number_NM1' is set on object 'Object Repository/ADMIN/Custom Item Fields Page/a_Default/textfield_fieldname'

2020-03-19 15:03:59 - [TEST_STEP][PASSED] - comment("Mandatory/NonMandatory"): Mandatory/NonMandatory

2020-03-19 15:03:59 - [MESSAGE][INFO] - Mandatory/NonMandatory

2020-03-19 15:03:59 - [TEST_STEP][PASSED] - if (varMandatoryNonMandatory == "mandatory"): null

2020-03-19 15:03:59 - [TEST_STEP][PASSED] - else if (varMandatoryNonMandatory == "non-mandatory"): Object: 'Object Repository/ADMIN/Custom Item Fields Page/a_Default/togglebutton_mandatory' is clicked on

2020-03-19 15:03:59 - [TEST_STEP][PASSED] - waitForElementVisible(findTestObject("ADMIN/Custom Item Fields Page/a_Default/togglebutton_mandatory"), 0, CONTINUE_ON_FAILURE): Object 'Object Repository/ADMIN/Custom Item Fields Page/a_Default/togglebutton_mandatory' is visible

2020-03-19 15:03:59 - [MESSAGE][WARNING] - Timeout '0' is invalid. Using default page load timeout: '30'

2020-03-19 15:03:59 - [MESSAGE][PASSED] - Object 'Object Repository/ADMIN/Custom Item Fields Page/a_Default/togglebutton_mandatory' is visible

2020-03-19 15:03:59 - [TEST_STEP][PASSED] - click(findTestObject("ADMIN/Custom Item Fields Page/a_Default/togglebutton_mandatory")): Object: 'Object Repository/ADMIN/Custom Item Fields Page/a_Default/togglebutton_mandatory' is clicked on

2020-03-19 15:03:59 - [MESSAGE][PASSED] - Object: 'Object Repository/ADMIN/Custom Item Fields Page/a_Default/togglebutton_mandatory' is clicked on

2020-03-19 15:03:59 - [TEST_STEP][PASSED] - comment("Assign Category"): Assign Category

2020-03-19 15:03:59 - [MESSAGE][INFO] - Assign Category

2020-03-19 15:03:59 - [TEST_STEP][PASSED] - click(findTestObject("ADMIN/Custom Item Fields Page/a_Default/button_SelectCategories")): Object: 'Object Repository/ADMIN/Custom Item Fields Page/a_Default/button_SelectCategories' is clicked on

2020-03-19 15:04:00 - [MESSAGE][PASSED] - Object: 'Object Repository/ADMIN/Custom Item Fields Page/a_Default/button_SelectCategories' is clicked on

2020-03-19 15:04:00 - [TEST_STEP][PASSED] - waitForElementVisible(findTestObject("ADMIN/Custom Item Fields List Page/a_SelectCategories/searchbox_Category"), 0): Object 'Object Repository/ADMIN/Custom Item Fields List Page/a_SelectCategories/searchbox_Category' is visible

2020-03-19 15:04:00 - [MESSAGE][WARNING] - Timeout '0' is invalid. Using default page load timeout: '30'

2020-03-19 15:04:00 - [MESSAGE][PASSED] - Object 'Object Repository/ADMIN/Custom Item Fields List Page/a_SelectCategories/searchbox_Category' is visible

2020-03-19 15:04:00 - [TEST_STEP][PASSED] - comment("Category Assignment"): Category Assignment

2020-03-19 15:04:00 - [MESSAGE][INFO] - Category Assignment

2020-03-19 15:04:00 - [TEST_STEP][PASSED] - if (varAssignedCategory == "All Cat"): null

2020-03-19 15:04:00 - [TEST_STEP][PASSED] - else if (varAssignedCategory == "Category 01"): null

2020-03-19 15:04:00 - [TEST_STEP][PASSED] - else if (varAssignedCategory == "Category 2.1"): Object: 'Object Repository/ADMIN/Custom Item Fields List Page/a_SelectCategories/a_Categories/checkbox_2.1' is clicked on

2020-03-19 15:04:00 - [TEST_STEP][PASSED] - setText(findTestObject("ADMIN/Custom Item Fields List Page/a_SelectCategories/searchbox_Category"), varAssignedCategory, CONTINUE_ON_FAILURE): Text 'Category 2.1' is set on object 'Object Repository/ADMIN/Custom Item Fields List Page/a_SelectCategories/searchbox_Category'

2020-03-19 15:04:01 - [MESSAGE][PASSED] - Text 'Category 2.1' is set on object 'Object Repository/ADMIN/Custom Item Fields List Page/a_SelectCategories/searchbox_Category'

2020-03-19 15:04:01 - [TEST_STEP][PASSED] - click(findTestObject("ADMIN/Custom Item Fields List Page/a_SelectCategories/a_Categories/checkbox_2.1")): Object: 'Object Repository/ADMIN/Custom Item Fields List Page/a_SelectCategories/a_Categories/checkbox_2.1' is clicked on

2020-03-19 15:04:01 - [MESSAGE][PASSED] - Object: 'Object Repository/ADMIN/Custom Item Fields List Page/a_SelectCategories/a_Categories/checkbox_2.1' is clicked on

2020-03-19 15:04:01 - [TEST_STEP][PASSED] - click(findTestObject("ADMIN/Custom Item Fields List Page/a_SelectCategories/button_Save"), STOP_ON_FAILURE): Object: 'Object Repository/ADMIN/Custom Item Fields List Page/a_SelectCategories/button_Save' is clicked on

2020-03-19 15:04:01 - [MESSAGE][PASSED] - Object: 'Object Repository/ADMIN/Custom Item Fields List Page/a_SelectCategories/button_Save' is clicked on

2020-03-19 15:04:01 - [TEST_STEP][PASSED] - delay(2, CONTINUE_ON_FAILURE): Delayed 2 second(s)

2020-03-19 15:04:03 - [MESSAGE][PASSED] - Delayed 2 second(s)

2020-03-19 15:04:03 - [TEST_STEP][PASSED] - click(findTestObject("ADMIN/Custom Item Fields Page/a_Default/button_Save1"), STOP_ON_FAILURE): Object: 'Object Repository/ADMIN/Custom Item Fields Page/a_Default/button_Save1' is clicked on

2020-03-19 15:04:03 - [MESSAGE][PASSED] - Object: 'Object Repository/ADMIN/Custom Item Fields Page/a_Default/button_Save1' is clicked on

2020-03-19 15:04:03 - [TEST_STEP][PASSED] - waitForElementVisible(findTestObject("ADMIN/Custom Item Fields List Page/button_Add Field"), 0): Object 'Object Repository/ADMIN/Custom Item Fields List Page/button_Add Field' is visible

2020-03-19 15:04:03 - [MESSAGE][WARNING] - Timeout '0' is invalid. Using default page load timeout: '30'

2020-03-19 15:04:05 - [MESSAGE][PASSED] - Object 'Object Repository/ADMIN/Custom Item Fields List Page/button_Add Field' is visible]]></system-out>
         <system-err><![CDATA[]]></system-err>
      </testcase>
      <testcase name="Test Cases/ADMIN/Custom Fields Page/Add Custom Item Fields/Add_CF_DataDriven" time="8.822" classname="Test Cases/ADMIN/Custom Fields Page/Add Custom Item Fields/Add_CF_DataDriven" status="PASSED">
         <system-out><![CDATA[2020-03-19 15:04:05 - [TEST_CASE][PASSED] - Test Cases/ADMIN/Custom Fields Page/Add Custom Item Fields/Add_CF_DataDriven: Test Cases/ADMIN/Custom Fields Page/Add Custom Item Fields/Add_CF_DataDriven

2020-03-19 15:04:05 - [TEST_STEP][PASSED] - waitForElementVisible(findTestObject("ADMIN/Custom Item Fields List Page/button_Add Field"), 0): Object 'Object Repository/ADMIN/Custom Item Fields List Page/button_Add Field' is visible

2020-03-19 15:04:05 - [MESSAGE][WARNING] - Timeout '0' is invalid. Using default page load timeout: '30'

2020-03-19 15:04:06 - [MESSAGE][PASSED] - Object 'Object Repository/ADMIN/Custom Item Fields List Page/button_Add Field' is visible

2020-03-19 15:04:06 - [TEST_STEP][PASSED] - click(findTestObject("ADMIN/Custom Item Fields List Page/button_Add Field"), STOP_ON_FAILURE): Object: 'Object Repository/ADMIN/Custom Item Fields List Page/button_Add Field' is clicked on

2020-03-19 15:04:07 - [MESSAGE][PASSED] - Object: 'Object Repository/ADMIN/Custom Item Fields List Page/button_Add Field' is clicked on

2020-03-19 15:04:07 - [TEST_STEP][PASSED] - comment("Choose Field Type"): Choose Field Type

2020-03-19 15:04:07 - [MESSAGE][INFO] - Choose Field Type

2020-03-19 15:04:07 - [TEST_STEP][PASSED] - if (varCustomFieldType == "Checkbox"): null

2020-03-19 15:04:07 - [TEST_STEP][PASSED] - else if (varCustomFieldType == "Date / Time picker"): null

2020-03-19 15:04:07 - [TEST_STEP][PASSED] - else if (varCustomFieldType == "Drop Down"): null

2020-03-19 15:04:07 - [TEST_STEP][PASSED] - else if (varCustomFieldType == "Email"): null

2020-03-19 15:04:07 - [TEST_STEP][PASSED] - else if (varCustomFieldType == "Embed Video"): null

2020-03-19 15:04:07 - [TEST_STEP][PASSED] - else if (varCustomFieldType == "Hyperlink / URL"): null

2020-03-19 15:04:07 - [TEST_STEP][PASSED] - else if (varCustomFieldType == "Location"): null

2020-03-19 15:04:07 - [TEST_STEP][PASSED] - else if (varCustomFieldType == "Number"): All options with label 'Number' are selected in object 'Object Repository/ADMIN/Custom Item Fields Page/a_Default/dropdown_fieldtype' 

2020-03-19 15:04:07 - [TEST_STEP][PASSED] - waitForElementVisible(findTestObject("ADMIN/Custom Item Fields Page/a_Default/dropdown_fieldtype"), 0, CONTINUE_ON_FAILURE): Object 'Object Repository/ADMIN/Custom Item Fields Page/a_Default/dropdown_fieldtype' is visible

2020-03-19 15:04:07 - [MESSAGE][WARNING] - Timeout '0' is invalid. Using default page load timeout: '30'

2020-03-19 15:04:07 - [MESSAGE][PASSED] - Object 'Object Repository/ADMIN/Custom Item Fields Page/a_Default/dropdown_fieldtype' is visible

2020-03-19 15:04:07 - [TEST_STEP][PASSED] - selectOptionByLabel(findTestObject("ADMIN/Custom Item Fields Page/a_Default/dropdown_fieldtype"), "Number", false): All options with label 'Number' are selected in object 'Object Repository/ADMIN/Custom Item Fields Page/a_Default/dropdown_fieldtype' 

2020-03-19 15:04:07 - [MESSAGE][PASSED] - All options with label 'Number' are selected in object 'Object Repository/ADMIN/Custom Item Fields Page/a_Default/dropdown_fieldtype' 

2020-03-19 15:04:07 - [TEST_STEP][PASSED] - comment("Field Name"): Field Name

2020-03-19 15:04:07 - [MESSAGE][INFO] - Field Name

2020-03-19 15:04:07 - [TEST_STEP][PASSED] - setText(findTestObject("ADMIN/Custom Item Fields Page/a_Default/textfield_fieldname"), varCustomFieldName): Text 'SPC_Number_NM2' is set on object 'Object Repository/ADMIN/Custom Item Fields Page/a_Default/textfield_fieldname'

2020-03-19 15:04:08 - [MESSAGE][PASSED] - Text 'SPC_Number_NM2' is set on object 'Object Repository/ADMIN/Custom Item Fields Page/a_Default/textfield_fieldname'

2020-03-19 15:04:08 - [TEST_STEP][PASSED] - comment("Mandatory/NonMandatory"): Mandatory/NonMandatory

2020-03-19 15:04:08 - [MESSAGE][INFO] - Mandatory/NonMandatory

2020-03-19 15:04:08 - [TEST_STEP][PASSED] - if (varMandatoryNonMandatory == "mandatory"): null

2020-03-19 15:04:08 - [TEST_STEP][PASSED] - else if (varMandatoryNonMandatory == "non-mandatory"): Object: 'Object Repository/ADMIN/Custom Item Fields Page/a_Default/togglebutton_mandatory' is clicked on

2020-03-19 15:04:08 - [TEST_STEP][PASSED] - waitForElementVisible(findTestObject("ADMIN/Custom Item Fields Page/a_Default/togglebutton_mandatory"), 0, CONTINUE_ON_FAILURE): Object 'Object Repository/ADMIN/Custom Item Fields Page/a_Default/togglebutton_mandatory' is visible

2020-03-19 15:04:08 - [MESSAGE][WARNING] - Timeout '0' is invalid. Using default page load timeout: '30'

2020-03-19 15:04:08 - [MESSAGE][PASSED] - Object 'Object Repository/ADMIN/Custom Item Fields Page/a_Default/togglebutton_mandatory' is visible

2020-03-19 15:04:08 - [TEST_STEP][PASSED] - click(findTestObject("ADMIN/Custom Item Fields Page/a_Default/togglebutton_mandatory")): Object: 'Object Repository/ADMIN/Custom Item Fields Page/a_Default/togglebutton_mandatory' is clicked on

2020-03-19 15:04:08 - [MESSAGE][PASSED] - Object: 'Object Repository/ADMIN/Custom Item Fields Page/a_Default/togglebutton_mandatory' is clicked on

2020-03-19 15:04:08 - [TEST_STEP][PASSED] - comment("Assign Category"): Assign Category

2020-03-19 15:04:08 - [MESSAGE][INFO] - Assign Category

2020-03-19 15:04:08 - [TEST_STEP][PASSED] - click(findTestObject("ADMIN/Custom Item Fields Page/a_Default/button_SelectCategories")): Object: 'Object Repository/ADMIN/Custom Item Fields Page/a_Default/button_SelectCategories' is clicked on

2020-03-19 15:04:08 - [MESSAGE][PASSED] - Object: 'Object Repository/ADMIN/Custom Item Fields Page/a_Default/button_SelectCategories' is clicked on

2020-03-19 15:04:08 - [TEST_STEP][PASSED] - waitForElementVisible(findTestObject("ADMIN/Custom Item Fields List Page/a_SelectCategories/searchbox_Category"), 0): Object 'Object Repository/ADMIN/Custom Item Fields List Page/a_SelectCategories/searchbox_Category' is visible

2020-03-19 15:04:08 - [MESSAGE][WARNING] - Timeout '0' is invalid. Using default page load timeout: '30'

2020-03-19 15:04:09 - [MESSAGE][PASSED] - Object 'Object Repository/ADMIN/Custom Item Fields List Page/a_SelectCategories/searchbox_Category' is visible

2020-03-19 15:04:09 - [TEST_STEP][PASSED] - comment("Category Assignment"): Category Assignment

2020-03-19 15:04:09 - [MESSAGE][INFO] - Category Assignment

2020-03-19 15:04:09 - [TEST_STEP][PASSED] - if (varAssignedCategory == "All Cat"): null

2020-03-19 15:04:09 - [TEST_STEP][PASSED] - else if (varAssignedCategory == "Category 01"): null

2020-03-19 15:04:09 - [TEST_STEP][PASSED] - else if (varAssignedCategory == "Category 2.1"): Object: 'Object Repository/ADMIN/Custom Item Fields List Page/a_SelectCategories/a_Categories/checkbox_2.1' is clicked on

2020-03-19 15:04:09 - [TEST_STEP][PASSED] - setText(findTestObject("ADMIN/Custom Item Fields List Page/a_SelectCategories/searchbox_Category"), varAssignedCategory, CONTINUE_ON_FAILURE): Text 'Category 2.1' is set on object 'Object Repository/ADMIN/Custom Item Fields List Page/a_SelectCategories/searchbox_Category'

2020-03-19 15:04:09 - [MESSAGE][PASSED] - Text 'Category 2.1' is set on object 'Object Repository/ADMIN/Custom Item Fields List Page/a_SelectCategories/searchbox_Category'

2020-03-19 15:04:09 - [TEST_STEP][PASSED] - click(findTestObject("ADMIN/Custom Item Fields List Page/a_SelectCategories/a_Categories/checkbox_2.1")): Object: 'Object Repository/ADMIN/Custom Item Fields List Page/a_SelectCategories/a_Categories/checkbox_2.1' is clicked on

2020-03-19 15:04:09 - [MESSAGE][PASSED] - Object: 'Object Repository/ADMIN/Custom Item Fields List Page/a_SelectCategories/a_Categories/checkbox_2.1' is clicked on

2020-03-19 15:04:09 - [TEST_STEP][PASSED] - click(findTestObject("ADMIN/Custom Item Fields List Page/a_SelectCategories/button_Save"), STOP_ON_FAILURE): Object: 'Object Repository/ADMIN/Custom Item Fields List Page/a_SelectCategories/button_Save' is clicked on

2020-03-19 15:04:09 - [MESSAGE][PASSED] - Object: 'Object Repository/ADMIN/Custom Item Fields List Page/a_SelectCategories/button_Save' is clicked on

2020-03-19 15:04:09 - [TEST_STEP][PASSED] - delay(2, CONTINUE_ON_FAILURE): Delayed 2 second(s)

2020-03-19 15:04:11 - [MESSAGE][PASSED] - Delayed 2 second(s)

2020-03-19 15:04:11 - [TEST_STEP][PASSED] - click(findTestObject("ADMIN/Custom Item Fields Page/a_Default/button_Save1"), STOP_ON_FAILURE): Object: 'Object Repository/ADMIN/Custom Item Fields Page/a_Default/button_Save1' is clicked on

2020-03-19 15:04:12 - [MESSAGE][PASSED] - Object: 'Object Repository/ADMIN/Custom Item Fields Page/a_Default/button_Save1' is clicked on

2020-03-19 15:04:12 - [TEST_STEP][PASSED] - waitForElementVisible(findTestObject("ADMIN/Custom Item Fields List Page/button_Add Field"), 0): Object 'Object Repository/ADMIN/Custom Item Fields List Page/button_Add Field' is visible

2020-03-19 15:04:12 - [MESSAGE][WARNING] - Timeout '0' is invalid. Using default page load timeout: '30'

2020-03-19 15:04:14 - [MESSAGE][PASSED] - Object 'Object Repository/ADMIN/Custom Item Fields List Page/button_Add Field' is visible]]></system-out>
         <system-err><![CDATA[]]></system-err>
      </testcase>
      <testcase name="Test Cases/ADMIN/Custom Fields Page/Add Custom Item Fields/Add_CF_DataDriven" time="7.899" classname="Test Cases/ADMIN/Custom Fields Page/Add Custom Item Fields/Add_CF_DataDriven" status="PASSED">
         <system-out><![CDATA[2020-03-19 15:04:14 - [TEST_CASE][PASSED] - Test Cases/ADMIN/Custom Fields Page/Add Custom Item Fields/Add_CF_DataDriven: Test Cases/ADMIN/Custom Fields Page/Add Custom Item Fields/Add_CF_DataDriven

2020-03-19 15:04:14 - [TEST_STEP][PASSED] - waitForElementVisible(findTestObject("ADMIN/Custom Item Fields List Page/button_Add Field"), 0): Object 'Object Repository/ADMIN/Custom Item Fields List Page/button_Add Field' is visible

2020-03-19 15:04:14 - [MESSAGE][WARNING] - Timeout '0' is invalid. Using default page load timeout: '30'

2020-03-19 15:04:14 - [MESSAGE][PASSED] - Object 'Object Repository/ADMIN/Custom Item Fields List Page/button_Add Field' is visible

2020-03-19 15:04:14 - [TEST_STEP][PASSED] - click(findTestObject("ADMIN/Custom Item Fields List Page/button_Add Field"), STOP_ON_FAILURE): Object: 'Object Repository/ADMIN/Custom Item Fields List Page/button_Add Field' is clicked on

2020-03-19 15:04:15 - [MESSAGE][PASSED] - Object: 'Object Repository/ADMIN/Custom Item Fields List Page/button_Add Field' is clicked on

2020-03-19 15:04:15 - [TEST_STEP][PASSED] - comment("Choose Field Type"): Choose Field Type

2020-03-19 15:04:15 - [MESSAGE][INFO] - Choose Field Type

2020-03-19 15:04:15 - [TEST_STEP][PASSED] - if (varCustomFieldType == "Checkbox"): null

2020-03-19 15:04:15 - [TEST_STEP][PASSED] - else if (varCustomFieldType == "Date / Time picker"): null

2020-03-19 15:04:15 - [TEST_STEP][PASSED] - else if (varCustomFieldType == "Drop Down"): null

2020-03-19 15:04:15 - [TEST_STEP][PASSED] - else if (varCustomFieldType == "Email"): null

2020-03-19 15:04:15 - [TEST_STEP][PASSED] - else if (varCustomFieldType == "Embed Video"): null

2020-03-19 15:04:15 - [TEST_STEP][PASSED] - else if (varCustomFieldType == "Hyperlink / URL"): null

2020-03-19 15:04:15 - [TEST_STEP][PASSED] - else if (varCustomFieldType == "Location"): null

2020-03-19 15:04:15 - [TEST_STEP][PASSED] - else if (varCustomFieldType == "Number"): null

2020-03-19 15:04:15 - [TEST_STEP][PASSED] - else if (varCustomFieldType == "PDF File"): null

2020-03-19 15:04:15 - [TEST_STEP][PASSED] - else if (varCustomFieldType == "Percentage"): All options with label 'Percentage' are selected in object 'Object Repository/ADMIN/Custom Item Fields Page/a_Default/dropdown_fieldtype' 

2020-03-19 15:04:15 - [TEST_STEP][PASSED] - waitForElementVisible(findTestObject("ADMIN/Custom Item Fields Page/a_Default/dropdown_fieldtype"), 0, CONTINUE_ON_FAILURE): Object 'Object Repository/ADMIN/Custom Item Fields Page/a_Default/dropdown_fieldtype' is visible

2020-03-19 15:04:15 - [MESSAGE][WARNING] - Timeout '0' is invalid. Using default page load timeout: '30'

2020-03-19 15:04:15 - [MESSAGE][PASSED] - Object 'Object Repository/ADMIN/Custom Item Fields Page/a_Default/dropdown_fieldtype' is visible

2020-03-19 15:04:15 - [TEST_STEP][PASSED] - selectOptionByLabel(findTestObject("ADMIN/Custom Item Fields Page/a_Default/dropdown_fieldtype"), "Percentage", false): All options with label 'Percentage' are selected in object 'Object Repository/ADMIN/Custom Item Fields Page/a_Default/dropdown_fieldtype' 

2020-03-19 15:04:15 - [MESSAGE][PASSED] - All options with label 'Percentage' are selected in object 'Object Repository/ADMIN/Custom Item Fields Page/a_Default/dropdown_fieldtype' 

2020-03-19 15:04:15 - [TEST_STEP][PASSED] - comment("Field Name"): Field Name

2020-03-19 15:04:15 - [MESSAGE][INFO] - Field Name

2020-03-19 15:04:15 - [TEST_STEP][PASSED] - setText(findTestObject("ADMIN/Custom Item Fields Page/a_Default/textfield_fieldname"), varCustomFieldName): Text 'SPC_Percentage_NM' is set on object 'Object Repository/ADMIN/Custom Item Fields Page/a_Default/textfield_fieldname'

2020-03-19 15:04:16 - [MESSAGE][PASSED] - Text 'SPC_Percentage_NM' is set on object 'Object Repository/ADMIN/Custom Item Fields Page/a_Default/textfield_fieldname'

2020-03-19 15:04:16 - [TEST_STEP][PASSED] - comment("Mandatory/NonMandatory"): Mandatory/NonMandatory

2020-03-19 15:04:16 - [MESSAGE][INFO] - Mandatory/NonMandatory

2020-03-19 15:04:16 - [TEST_STEP][PASSED] - if (varMandatoryNonMandatory == "mandatory"): null

2020-03-19 15:04:16 - [TEST_STEP][PASSED] - else if (varMandatoryNonMandatory == "non-mandatory"): Object: 'Object Repository/ADMIN/Custom Item Fields Page/a_Default/togglebutton_mandatory' is clicked on

2020-03-19 15:04:16 - [TEST_STEP][PASSED] - waitForElementVisible(findTestObject("ADMIN/Custom Item Fields Page/a_Default/togglebutton_mandatory"), 0, CONTINUE_ON_FAILURE): Object 'Object Repository/ADMIN/Custom Item Fields Page/a_Default/togglebutton_mandatory' is visible

2020-03-19 15:04:16 - [MESSAGE][WARNING] - Timeout '0' is invalid. Using default page load timeout: '30'

2020-03-19 15:04:16 - [MESSAGE][PASSED] - Object 'Object Repository/ADMIN/Custom Item Fields Page/a_Default/togglebutton_mandatory' is visible

2020-03-19 15:04:16 - [TEST_STEP][PASSED] - click(findTestObject("ADMIN/Custom Item Fields Page/a_Default/togglebutton_mandatory")): Object: 'Object Repository/ADMIN/Custom Item Fields Page/a_Default/togglebutton_mandatory' is clicked on

2020-03-19 15:04:16 - [MESSAGE][PASSED] - Object: 'Object Repository/ADMIN/Custom Item Fields Page/a_Default/togglebutton_mandatory' is clicked on

2020-03-19 15:04:16 - [TEST_STEP][PASSED] - comment("Assign Category"): Assign Category

2020-03-19 15:04:16 - [MESSAGE][INFO] - Assign Category

2020-03-19 15:04:16 - [TEST_STEP][PASSED] - click(findTestObject("ADMIN/Custom Item Fields Page/a_Default/button_SelectCategories")): Object: 'Object Repository/ADMIN/Custom Item Fields Page/a_Default/button_SelectCategories' is clicked on

2020-03-19 15:04:16 - [MESSAGE][PASSED] - Object: 'Object Repository/ADMIN/Custom Item Fields Page/a_Default/button_SelectCategories' is clicked on

2020-03-19 15:04:16 - [TEST_STEP][PASSED] - waitForElementVisible(findTestObject("ADMIN/Custom Item Fields List Page/a_SelectCategories/searchbox_Category"), 0): Object 'Object Repository/ADMIN/Custom Item Fields List Page/a_SelectCategories/searchbox_Category' is visible

2020-03-19 15:04:16 - [MESSAGE][WARNING] - Timeout '0' is invalid. Using default page load timeout: '30'

2020-03-19 15:04:16 - [MESSAGE][PASSED] - Object 'Object Repository/ADMIN/Custom Item Fields List Page/a_SelectCategories/searchbox_Category' is visible

2020-03-19 15:04:16 - [TEST_STEP][PASSED] - comment("Category Assignment"): Category Assignment

2020-03-19 15:04:16 - [MESSAGE][INFO] - Category Assignment

2020-03-19 15:04:16 - [TEST_STEP][PASSED] - if (varAssignedCategory == "All Cat"): null

2020-03-19 15:04:16 - [TEST_STEP][PASSED] - else if (varAssignedCategory == "Category 01"): null

2020-03-19 15:04:16 - [TEST_STEP][PASSED] - else if (varAssignedCategory == "Category 2.1"): Object: 'Object Repository/ADMIN/Custom Item Fields List Page/a_SelectCategories/a_Categories/checkbox_2.1' is clicked on

2020-03-19 15:04:16 - [TEST_STEP][PASSED] - setText(findTestObject("ADMIN/Custom Item Fields List Page/a_SelectCategories/searchbox_Category"), varAssignedCategory, CONTINUE_ON_FAILURE): Text 'Category 2.1' is set on object 'Object Repository/ADMIN/Custom Item Fields List Page/a_SelectCategories/searchbox_Category'

2020-03-19 15:04:17 - [MESSAGE][PASSED] - Text 'Category 2.1' is set on object 'Object Repository/ADMIN/Custom Item Fields List Page/a_SelectCategories/searchbox_Category'

2020-03-19 15:04:17 - [TEST_STEP][PASSED] - click(findTestObject("ADMIN/Custom Item Fields List Page/a_SelectCategories/a_Categories/checkbox_2.1")): Object: 'Object Repository/ADMIN/Custom Item Fields List Page/a_SelectCategories/a_Categories/checkbox_2.1' is clicked on

2020-03-19 15:04:17 - [MESSAGE][PASSED] - Object: 'Object Repository/ADMIN/Custom Item Fields List Page/a_SelectCategories/a_Categories/checkbox_2.1' is clicked on

2020-03-19 15:04:17 - [TEST_STEP][PASSED] - click(findTestObject("ADMIN/Custom Item Fields List Page/a_SelectCategories/button_Save"), STOP_ON_FAILURE): Object: 'Object Repository/ADMIN/Custom Item Fields List Page/a_SelectCategories/button_Save' is clicked on

2020-03-19 15:04:17 - [MESSAGE][PASSED] - Object: 'Object Repository/ADMIN/Custom Item Fields List Page/a_SelectCategories/button_Save' is clicked on

2020-03-19 15:04:17 - [TEST_STEP][PASSED] - delay(2, CONTINUE_ON_FAILURE): Delayed 2 second(s)

2020-03-19 15:04:19 - [MESSAGE][PASSED] - Delayed 2 second(s)

2020-03-19 15:04:19 - [TEST_STEP][PASSED] - click(findTestObject("ADMIN/Custom Item Fields Page/a_Default/button_Save1"), STOP_ON_FAILURE): Object: 'Object Repository/ADMIN/Custom Item Fields Page/a_Default/button_Save1' is clicked on

2020-03-19 15:04:20 - [MESSAGE][PASSED] - Object: 'Object Repository/ADMIN/Custom Item Fields Page/a_Default/button_Save1' is clicked on

2020-03-19 15:04:20 - [TEST_STEP][PASSED] - waitForElementVisible(findTestObject("ADMIN/Custom Item Fields List Page/button_Add Field"), 0): Object 'Object Repository/ADMIN/Custom Item Fields List Page/button_Add Field' is visible

2020-03-19 15:04:20 - [MESSAGE][WARNING] - Timeout '0' is invalid. Using default page load timeout: '30'

2020-03-19 15:04:22 - [MESSAGE][PASSED] - Object 'Object Repository/ADMIN/Custom Item Fields List Page/button_Add Field' is visible]]></system-out>
         <system-err><![CDATA[]]></system-err>
      </testcase>
      <testcase name="Test Cases/ADMIN/Custom Fields Page/Add Custom Item Fields/Add_CF_DataDriven" time="13.015" classname="Test Cases/ADMIN/Custom Fields Page/Add Custom Item Fields/Add_CF_DataDriven" status="PASSED">
         <system-out><![CDATA[2020-03-19 15:04:22 - [TEST_CASE][PASSED] - Test Cases/ADMIN/Custom Fields Page/Add Custom Item Fields/Add_CF_DataDriven: Test Cases/ADMIN/Custom Fields Page/Add Custom Item Fields/Add_CF_DataDriven

2020-03-19 15:04:22 - [TEST_STEP][PASSED] - waitForElementVisible(findTestObject("ADMIN/Custom Item Fields List Page/button_Add Field"), 0): Object 'Object Repository/ADMIN/Custom Item Fields List Page/button_Add Field' is visible

2020-03-19 15:04:22 - [MESSAGE][WARNING] - Timeout '0' is invalid. Using default page load timeout: '30'

2020-03-19 15:04:22 - [MESSAGE][PASSED] - Object 'Object Repository/ADMIN/Custom Item Fields List Page/button_Add Field' is visible

2020-03-19 15:04:22 - [TEST_STEP][PASSED] - click(findTestObject("ADMIN/Custom Item Fields List Page/button_Add Field"), STOP_ON_FAILURE): Object: 'Object Repository/ADMIN/Custom Item Fields List Page/button_Add Field' is clicked on

2020-03-19 15:04:23 - [MESSAGE][PASSED] - Object: 'Object Repository/ADMIN/Custom Item Fields List Page/button_Add Field' is clicked on

2020-03-19 15:04:23 - [TEST_STEP][PASSED] - comment("Choose Field Type"): Choose Field Type

2020-03-19 15:04:23 - [MESSAGE][INFO] - Choose Field Type

2020-03-19 15:04:23 - [TEST_STEP][PASSED] - if (varCustomFieldType == "Checkbox"): Text 'SPC_Check Box_M1CB10' is set on object 'Object Repository/ADMIN/Custom Item Fields Page/a_Checkbox/textfield_option10'

2020-03-19 15:04:23 - [TEST_STEP][PASSED] - waitForElementVisible(findTestObject("ADMIN/Custom Item Fields Page/a_Default/dropdown_fieldtype"), 0, CONTINUE_ON_FAILURE): Object 'Object Repository/ADMIN/Custom Item Fields Page/a_Default/dropdown_fieldtype' is visible

2020-03-19 15:04:23 - [MESSAGE][WARNING] - Timeout '0' is invalid. Using default page load timeout: '30'

2020-03-19 15:04:24 - [MESSAGE][PASSED] - Object 'Object Repository/ADMIN/Custom Item Fields Page/a_Default/dropdown_fieldtype' is visible

2020-03-19 15:04:24 - [TEST_STEP][PASSED] - selectOptionByLabel(findTestObject("ADMIN/Custom Item Fields Page/a_Default/dropdown_fieldtype"), "Checkbox", false): All options with label 'Checkbox' are selected in object 'Object Repository/ADMIN/Custom Item Fields Page/a_Default/dropdown_fieldtype' 

2020-03-19 15:04:24 - [MESSAGE][PASSED] - All options with label 'Checkbox' are selected in object 'Object Repository/ADMIN/Custom Item Fields Page/a_Default/dropdown_fieldtype' 

2020-03-19 15:04:24 - [TEST_STEP][PASSED] - waitForElementVisible(findTestObject("ADMIN/Custom Item Fields Page/a_Checkbox/button_addoption"), 0): Object 'Object Repository/ADMIN/Custom Item Fields Page/a_Checkbox/button_addoption' is visible

2020-03-19 15:04:24 - [MESSAGE][WARNING] - Timeout '0' is invalid. Using default page load timeout: '30'

2020-03-19 15:04:24 - [MESSAGE][PASSED] - Object 'Object Repository/ADMIN/Custom Item Fields Page/a_Checkbox/button_addoption' is visible

2020-03-19 15:04:24 - [TEST_STEP][PASSED] - for ([r = 0, r <= 7, (r++)]): Object: 'Object Repository/ADMIN/Custom Item Fields Page/a_Checkbox/button_addoption' is clicked on

2020-03-19 15:04:24 - [TEST_STEP][PASSED] - click(findTestObject("ADMIN/Custom Item Fields Page/a_Checkbox/button_addoption"), STOP_ON_FAILURE): Object: 'Object Repository/ADMIN/Custom Item Fields Page/a_Checkbox/button_addoption' is clicked on

2020-03-19 15:04:24 - [MESSAGE][PASSED] - Object: 'Object Repository/ADMIN/Custom Item Fields Page/a_Checkbox/button_addoption' is clicked on

2020-03-19 15:04:24 - [TEST_STEP][PASSED] - click(findTestObject("ADMIN/Custom Item Fields Page/a_Checkbox/button_addoption"), STOP_ON_FAILURE): Object: 'Object Repository/ADMIN/Custom Item Fields Page/a_Checkbox/button_addoption' is clicked on

2020-03-19 15:04:24 - [MESSAGE][PASSED] - Object: 'Object Repository/ADMIN/Custom Item Fields Page/a_Checkbox/button_addoption' is clicked on

2020-03-19 15:04:24 - [TEST_STEP][PASSED] - click(findTestObject("ADMIN/Custom Item Fields Page/a_Checkbox/button_addoption"), STOP_ON_FAILURE): Object: 'Object Repository/ADMIN/Custom Item Fields Page/a_Checkbox/button_addoption' is clicked on

2020-03-19 15:04:24 - [MESSAGE][PASSED] - Object: 'Object Repository/ADMIN/Custom Item Fields Page/a_Checkbox/button_addoption' is clicked on

2020-03-19 15:04:24 - [TEST_STEP][PASSED] - click(findTestObject("ADMIN/Custom Item Fields Page/a_Checkbox/button_addoption"), STOP_ON_FAILURE): Object: 'Object Repository/ADMIN/Custom Item Fields Page/a_Checkbox/button_addoption' is clicked on

2020-03-19 15:04:24 - [MESSAGE][PASSED] - Object: 'Object Repository/ADMIN/Custom Item Fields Page/a_Checkbox/button_addoption' is clicked on

2020-03-19 15:04:24 - [TEST_STEP][PASSED] - click(findTestObject("ADMIN/Custom Item Fields Page/a_Checkbox/button_addoption"), STOP_ON_FAILURE): Object: 'Object Repository/ADMIN/Custom Item Fields Page/a_Checkbox/button_addoption' is clicked on

2020-03-19 15:04:24 - [MESSAGE][PASSED] - Object: 'Object Repository/ADMIN/Custom Item Fields Page/a_Checkbox/button_addoption' is clicked on

2020-03-19 15:04:24 - [TEST_STEP][PASSED] - click(findTestObject("ADMIN/Custom Item Fields Page/a_Checkbox/button_addoption"), STOP_ON_FAILURE): Object: 'Object Repository/ADMIN/Custom Item Fields Page/a_Checkbox/button_addoption' is clicked on

2020-03-19 15:04:24 - [MESSAGE][PASSED] - Object: 'Object Repository/ADMIN/Custom Item Fields Page/a_Checkbox/button_addoption' is clicked on

2020-03-19 15:04:24 - [TEST_STEP][PASSED] - click(findTestObject("ADMIN/Custom Item Fields Page/a_Checkbox/button_addoption"), STOP_ON_FAILURE): Object: 'Object Repository/ADMIN/Custom Item Fields Page/a_Checkbox/button_addoption' is clicked on

2020-03-19 15:04:25 - [MESSAGE][PASSED] - Object: 'Object Repository/ADMIN/Custom Item Fields Page/a_Checkbox/button_addoption' is clicked on

2020-03-19 15:04:25 - [TEST_STEP][PASSED] - click(findTestObject("ADMIN/Custom Item Fields Page/a_Checkbox/button_addoption"), STOP_ON_FAILURE): Object: 'Object Repository/ADMIN/Custom Item Fields Page/a_Checkbox/button_addoption' is clicked on

2020-03-19 15:04:25 - [MESSAGE][PASSED] - Object: 'Object Repository/ADMIN/Custom Item Fields Page/a_Checkbox/button_addoption' is clicked on

2020-03-19 15:04:25 - [TEST_STEP][PASSED] - comment("Add Option"): Add Option

2020-03-19 15:04:25 - [MESSAGE][INFO] - Add Option

2020-03-19 15:04:25 - [TEST_STEP][PASSED] - setText(findTestObject("ADMIN/Custom Item Fields Page/a_Checkbox/textfield_option1"), varCustomFieldName + "CB1"): Text 'SPC_Check Box_M1CB1' is set on object 'Object Repository/ADMIN/Custom Item Fields Page/a_Checkbox/textfield_option1'

2020-03-19 15:04:25 - [MESSAGE][PASSED] - Text 'SPC_Check Box_M1CB1' is set on object 'Object Repository/ADMIN/Custom Item Fields Page/a_Checkbox/textfield_option1'

2020-03-19 15:04:25 - [TEST_STEP][PASSED] - setText(findTestObject("ADMIN/Custom Item Fields Page/a_Checkbox/textfield_option2"), varCustomFieldName + "CB2"): Text 'SPC_Check Box_M1CB2' is set on object 'Object Repository/ADMIN/Custom Item Fields Page/a_Checkbox/textfield_option2'

2020-03-19 15:04:25 - [MESSAGE][PASSED] - Text 'SPC_Check Box_M1CB2' is set on object 'Object Repository/ADMIN/Custom Item Fields Page/a_Checkbox/textfield_option2'

2020-03-19 15:04:25 - [TEST_STEP][PASSED] - setText(findTestObject("ADMIN/Custom Item Fields Page/a_Checkbox/textfield_option3"), varCustomFieldName + "CB3"): Text 'SPC_Check Box_M1CB3' is set on object 'Object Repository/ADMIN/Custom Item Fields Page/a_Checkbox/textfield_option3'

2020-03-19 15:04:26 - [MESSAGE][PASSED] - Text 'SPC_Check Box_M1CB3' is set on object 'Object Repository/ADMIN/Custom Item Fields Page/a_Checkbox/textfield_option3'

2020-03-19 15:04:26 - [TEST_STEP][PASSED] - setText(findTestObject("ADMIN/Custom Item Fields Page/a_Checkbox/textfield_option4"), varCustomFieldName + "CB4"): Text 'SPC_Check Box_M1CB4' is set on object 'Object Repository/ADMIN/Custom Item Fields Page/a_Checkbox/textfield_option4'

2020-03-19 15:04:26 - [MESSAGE][PASSED] - Text 'SPC_Check Box_M1CB4' is set on object 'Object Repository/ADMIN/Custom Item Fields Page/a_Checkbox/textfield_option4'

2020-03-19 15:04:26 - [TEST_STEP][PASSED] - setText(findTestObject("ADMIN/Custom Item Fields Page/a_Checkbox/textfield_option5"), varCustomFieldName + "CB5"): Text 'SPC_Check Box_M1CB5' is set on object 'Object Repository/ADMIN/Custom Item Fields Page/a_Checkbox/textfield_option5'

2020-03-19 15:04:26 - [MESSAGE][PASSED] - Text 'SPC_Check Box_M1CB5' is set on object 'Object Repository/ADMIN/Custom Item Fields Page/a_Checkbox/textfield_option5'

2020-03-19 15:04:26 - [TEST_STEP][PASSED] - setText(findTestObject("ADMIN/Custom Item Fields Page/a_Checkbox/textfield_option6"), varCustomFieldName + "CB6"): Text 'SPC_Check Box_M1CB6' is set on object 'Object Repository/ADMIN/Custom Item Fields Page/a_Checkbox/textfield_option6'

2020-03-19 15:04:27 - [MESSAGE][PASSED] - Text 'SPC_Check Box_M1CB6' is set on object 'Object Repository/ADMIN/Custom Item Fields Page/a_Checkbox/textfield_option6'

2020-03-19 15:04:27 - [TEST_STEP][PASSED] - setText(findTestObject("ADMIN/Custom Item Fields Page/a_Checkbox/textfield_option7"), varCustomFieldName + "CB7"): Text 'SPC_Check Box_M1CB7' is set on object 'Object Repository/ADMIN/Custom Item Fields Page/a_Checkbox/textfield_option7'

2020-03-19 15:04:27 - [MESSAGE][PASSED] - Text 'SPC_Check Box_M1CB7' is set on object 'Object Repository/ADMIN/Custom Item Fields Page/a_Checkbox/textfield_option7'

2020-03-19 15:04:27 - [TEST_STEP][PASSED] - setText(findTestObject("ADMIN/Custom Item Fields Page/a_Checkbox/textfield_option8"), varCustomFieldName + "CB8"): Text 'SPC_Check Box_M1CB8' is set on object 'Object Repository/ADMIN/Custom Item Fields Page/a_Checkbox/textfield_option8'

2020-03-19 15:04:27 - [MESSAGE][PASSED] - Text 'SPC_Check Box_M1CB8' is set on object 'Object Repository/ADMIN/Custom Item Fields Page/a_Checkbox/textfield_option8'

2020-03-19 15:04:27 - [TEST_STEP][PASSED] - setText(findTestObject("ADMIN/Custom Item Fields Page/a_Checkbox/textfield_option9"), varCustomFieldName + "CB9"): Text 'SPC_Check Box_M1CB9' is set on object 'Object Repository/ADMIN/Custom Item Fields Page/a_Checkbox/textfield_option9'

2020-03-19 15:04:28 - [MESSAGE][PASSED] - Text 'SPC_Check Box_M1CB9' is set on object 'Object Repository/ADMIN/Custom Item Fields Page/a_Checkbox/textfield_option9'

2020-03-19 15:04:28 - [TEST_STEP][PASSED] - setText(findTestObject("ADMIN/Custom Item Fields Page/a_Checkbox/textfield_option10"), varCustomFieldName + "CB10"): Text 'SPC_Check Box_M1CB10' is set on object 'Object Repository/ADMIN/Custom Item Fields Page/a_Checkbox/textfield_option10'

2020-03-19 15:04:28 - [MESSAGE][PASSED] - Text 'SPC_Check Box_M1CB10' is set on object 'Object Repository/ADMIN/Custom Item Fields Page/a_Checkbox/textfield_option10'

2020-03-19 15:04:28 - [TEST_STEP][PASSED] - comment("Field Name"): Field Name

2020-03-19 15:04:28 - [MESSAGE][INFO] - Field Name

2020-03-19 15:04:28 - [TEST_STEP][PASSED] - setText(findTestObject("ADMIN/Custom Item Fields Page/a_Default/textfield_fieldname"), varCustomFieldName): Text 'SPC_Check Box_M1' is set on object 'Object Repository/ADMIN/Custom Item Fields Page/a_Default/textfield_fieldname'

2020-03-19 15:04:28 - [MESSAGE][PASSED] - Text 'SPC_Check Box_M1' is set on object 'Object Repository/ADMIN/Custom Item Fields Page/a_Default/textfield_fieldname'

2020-03-19 15:04:28 - [TEST_STEP][PASSED] - comment("Mandatory/NonMandatory"): Mandatory/NonMandatory

2020-03-19 15:04:28 - [MESSAGE][INFO] - Mandatory/NonMandatory

2020-03-19 15:04:28 - [TEST_STEP][PASSED] - if (varMandatoryNonMandatory == "mandatory"): Object 'Object Repository/ADMIN/Custom Item Fields Page/a_Default/togglebutton_mandatory' is visible

2020-03-19 15:04:28 - [TEST_STEP][PASSED] - waitForElementVisible(findTestObject("ADMIN/Custom Item Fields Page/a_Default/togglebutton_mandatory"), 0, CONTINUE_ON_FAILURE): Object 'Object Repository/ADMIN/Custom Item Fields Page/a_Default/togglebutton_mandatory' is visible

2020-03-19 15:04:28 - [MESSAGE][WARNING] - Timeout '0' is invalid. Using default page load timeout: '30'

2020-03-19 15:04:28 - [MESSAGE][PASSED] - Object 'Object Repository/ADMIN/Custom Item Fields Page/a_Default/togglebutton_mandatory' is visible

2020-03-19 15:04:28 - [TEST_STEP][PASSED] - comment("Assign Category"): Assign Category

2020-03-19 15:04:28 - [MESSAGE][INFO] - Assign Category

2020-03-19 15:04:28 - [TEST_STEP][PASSED] - click(findTestObject("ADMIN/Custom Item Fields Page/a_Default/button_SelectCategories")): Object: 'Object Repository/ADMIN/Custom Item Fields Page/a_Default/button_SelectCategories' is clicked on

2020-03-19 15:04:29 - [MESSAGE][PASSED] - Object: 'Object Repository/ADMIN/Custom Item Fields Page/a_Default/button_SelectCategories' is clicked on

2020-03-19 15:04:29 - [TEST_STEP][PASSED] - waitForElementVisible(findTestObject("ADMIN/Custom Item Fields List Page/a_SelectCategories/searchbox_Category"), 0): Object 'Object Repository/ADMIN/Custom Item Fields List Page/a_SelectCategories/searchbox_Category' is visible

2020-03-19 15:04:29 - [MESSAGE][WARNING] - Timeout '0' is invalid. Using default page load timeout: '30'

2020-03-19 15:04:29 - [MESSAGE][PASSED] - Object 'Object Repository/ADMIN/Custom Item Fields List Page/a_SelectCategories/searchbox_Category' is visible

2020-03-19 15:04:29 - [TEST_STEP][PASSED] - comment("Category Assignment"): Category Assignment

2020-03-19 15:04:29 - [MESSAGE][INFO] - Category Assignment

2020-03-19 15:04:29 - [TEST_STEP][PASSED] - if (varAssignedCategory == "All Cat"): null

2020-03-19 15:04:29 - [TEST_STEP][PASSED] - else if (varAssignedCategory == "Category 01"): null

2020-03-19 15:04:29 - [TEST_STEP][PASSED] - else if (varAssignedCategory == "Category 2.1"): Object: 'Object Repository/ADMIN/Custom Item Fields List Page/a_SelectCategories/a_Categories/checkbox_2.1' is clicked on

2020-03-19 15:04:29 - [TEST_STEP][PASSED] - setText(findTestObject("ADMIN/Custom Item Fields List Page/a_SelectCategories/searchbox_Category"), varAssignedCategory, CONTINUE_ON_FAILURE): Text 'Category 2.1' is set on object 'Object Repository/ADMIN/Custom Item Fields List Page/a_SelectCategories/searchbox_Category'

2020-03-19 15:04:30 - [MESSAGE][PASSED] - Text 'Category 2.1' is set on object 'Object Repository/ADMIN/Custom Item Fields List Page/a_SelectCategories/searchbox_Category'

2020-03-19 15:04:30 - [TEST_STEP][PASSED] - click(findTestObject("ADMIN/Custom Item Fields List Page/a_SelectCategories/a_Categories/checkbox_2.1")): Object: 'Object Repository/ADMIN/Custom Item Fields List Page/a_SelectCategories/a_Categories/checkbox_2.1' is clicked on

2020-03-19 15:04:30 - [MESSAGE][PASSED] - Object: 'Object Repository/ADMIN/Custom Item Fields List Page/a_SelectCategories/a_Categories/checkbox_2.1' is clicked on

2020-03-19 15:04:30 - [TEST_STEP][PASSED] - click(findTestObject("ADMIN/Custom Item Fields List Page/a_SelectCategories/button_Save"), STOP_ON_FAILURE): Object: 'Object Repository/ADMIN/Custom Item Fields List Page/a_SelectCategories/button_Save' is clicked on

2020-03-19 15:04:30 - [MESSAGE][PASSED] - Object: 'Object Repository/ADMIN/Custom Item Fields List Page/a_SelectCategories/button_Save' is clicked on

2020-03-19 15:04:30 - [TEST_STEP][PASSED] - delay(2, CONTINUE_ON_FAILURE): Delayed 2 second(s)

2020-03-19 15:04:32 - [MESSAGE][PASSED] - Delayed 2 second(s)

2020-03-19 15:04:32 - [TEST_STEP][PASSED] - click(findTestObject("ADMIN/Custom Item Fields Page/a_Default/button_Save1"), STOP_ON_FAILURE): Object: 'Object Repository/ADMIN/Custom Item Fields Page/a_Default/button_Save1' is clicked on

2020-03-19 15:04:32 - [MESSAGE][PASSED] - Object: 'Object Repository/ADMIN/Custom Item Fields Page/a_Default/button_Save1' is clicked on

2020-03-19 15:04:32 - [TEST_STEP][PASSED] - waitForElementVisible(findTestObject("ADMIN/Custom Item Fields List Page/button_Add Field"), 0): Object 'Object Repository/ADMIN/Custom Item Fields List Page/button_Add Field' is visible

2020-03-19 15:04:32 - [MESSAGE][WARNING] - Timeout '0' is invalid. Using default page load timeout: '30'

2020-03-19 15:04:35 - [MESSAGE][PASSED] - Object 'Object Repository/ADMIN/Custom Item Fields List Page/button_Add Field' is visible]]></system-out>
         <system-err><![CDATA[]]></system-err>
      </testcase>
      <testcase name="Test Cases/ADMIN/Custom Fields Page/Add Custom Item Fields/Add_CF_DataDriven" time="11.815" classname="Test Cases/ADMIN/Custom Fields Page/Add Custom Item Fields/Add_CF_DataDriven" status="PASSED">
         <system-out><![CDATA[2020-03-19 15:04:35 - [TEST_CASE][PASSED] - Test Cases/ADMIN/Custom Fields Page/Add Custom Item Fields/Add_CF_DataDriven: Test Cases/ADMIN/Custom Fields Page/Add Custom Item Fields/Add_CF_DataDriven

2020-03-19 15:04:35 - [TEST_STEP][PASSED] - waitForElementVisible(findTestObject("ADMIN/Custom Item Fields List Page/button_Add Field"), 0): Object 'Object Repository/ADMIN/Custom Item Fields List Page/button_Add Field' is visible

2020-03-19 15:04:35 - [MESSAGE][WARNING] - Timeout '0' is invalid. Using default page load timeout: '30'

2020-03-19 15:04:35 - [MESSAGE][PASSED] - Object 'Object Repository/ADMIN/Custom Item Fields List Page/button_Add Field' is visible

2020-03-19 15:04:35 - [TEST_STEP][PASSED] - click(findTestObject("ADMIN/Custom Item Fields List Page/button_Add Field"), STOP_ON_FAILURE): Object: 'Object Repository/ADMIN/Custom Item Fields List Page/button_Add Field' is clicked on

2020-03-19 15:04:36 - [MESSAGE][PASSED] - Object: 'Object Repository/ADMIN/Custom Item Fields List Page/button_Add Field' is clicked on

2020-03-19 15:04:36 - [TEST_STEP][PASSED] - comment("Choose Field Type"): Choose Field Type

2020-03-19 15:04:36 - [MESSAGE][INFO] - Choose Field Type

2020-03-19 15:04:36 - [TEST_STEP][PASSED] - if (varCustomFieldType == "Checkbox"): Text 'SPC_Check Box_M2CB10' is set on object 'Object Repository/ADMIN/Custom Item Fields Page/a_Checkbox/textfield_option10'

2020-03-19 15:04:36 - [TEST_STEP][PASSED] - waitForElementVisible(findTestObject("ADMIN/Custom Item Fields Page/a_Default/dropdown_fieldtype"), 0, CONTINUE_ON_FAILURE): Object 'Object Repository/ADMIN/Custom Item Fields Page/a_Default/dropdown_fieldtype' is visible

2020-03-19 15:04:36 - [MESSAGE][WARNING] - Timeout '0' is invalid. Using default page load timeout: '30'

2020-03-19 15:04:36 - [MESSAGE][PASSED] - Object 'Object Repository/ADMIN/Custom Item Fields Page/a_Default/dropdown_fieldtype' is visible

2020-03-19 15:04:36 - [TEST_STEP][PASSED] - selectOptionByLabel(findTestObject("ADMIN/Custom Item Fields Page/a_Default/dropdown_fieldtype"), "Checkbox", false): All options with label 'Checkbox' are selected in object 'Object Repository/ADMIN/Custom Item Fields Page/a_Default/dropdown_fieldtype' 

2020-03-19 15:04:37 - [MESSAGE][PASSED] - All options with label 'Checkbox' are selected in object 'Object Repository/ADMIN/Custom Item Fields Page/a_Default/dropdown_fieldtype' 

2020-03-19 15:04:37 - [TEST_STEP][PASSED] - waitForElementVisible(findTestObject("ADMIN/Custom Item Fields Page/a_Checkbox/button_addoption"), 0): Object 'Object Repository/ADMIN/Custom Item Fields Page/a_Checkbox/button_addoption' is visible

2020-03-19 15:04:37 - [MESSAGE][WARNING] - Timeout '0' is invalid. Using default page load timeout: '30'

2020-03-19 15:04:37 - [MESSAGE][PASSED] - Object 'Object Repository/ADMIN/Custom Item Fields Page/a_Checkbox/button_addoption' is visible

2020-03-19 15:04:37 - [TEST_STEP][PASSED] - for ([r = 0, r <= 7, (r++)]): Object: 'Object Repository/ADMIN/Custom Item Fields Page/a_Checkbox/button_addoption' is clicked on

2020-03-19 15:04:37 - [TEST_STEP][PASSED] - click(findTestObject("ADMIN/Custom Item Fields Page/a_Checkbox/button_addoption"), STOP_ON_FAILURE): Object: 'Object Repository/ADMIN/Custom Item Fields Page/a_Checkbox/button_addoption' is clicked on

2020-03-19 15:04:37 - [MESSAGE][PASSED] - Object: 'Object Repository/ADMIN/Custom Item Fields Page/a_Checkbox/button_addoption' is clicked on

2020-03-19 15:04:37 - [TEST_STEP][PASSED] - click(findTestObject("ADMIN/Custom Item Fields Page/a_Checkbox/button_addoption"), STOP_ON_FAILURE): Object: 'Object Repository/ADMIN/Custom Item Fields Page/a_Checkbox/button_addoption' is clicked on

2020-03-19 15:04:37 - [MESSAGE][PASSED] - Object: 'Object Repository/ADMIN/Custom Item Fields Page/a_Checkbox/button_addoption' is clicked on

2020-03-19 15:04:37 - [TEST_STEP][PASSED] - click(findTestObject("ADMIN/Custom Item Fields Page/a_Checkbox/button_addoption"), STOP_ON_FAILURE): Object: 'Object Repository/ADMIN/Custom Item Fields Page/a_Checkbox/button_addoption' is clicked on

2020-03-19 15:04:37 - [MESSAGE][PASSED] - Object: 'Object Repository/ADMIN/Custom Item Fields Page/a_Checkbox/button_addoption' is clicked on

2020-03-19 15:04:37 - [TEST_STEP][PASSED] - click(findTestObject("ADMIN/Custom Item Fields Page/a_Checkbox/button_addoption"), STOP_ON_FAILURE): Object: 'Object Repository/ADMIN/Custom Item Fields Page/a_Checkbox/button_addoption' is clicked on

2020-03-19 15:04:37 - [MESSAGE][PASSED] - Object: 'Object Repository/ADMIN/Custom Item Fields Page/a_Checkbox/button_addoption' is clicked on

2020-03-19 15:04:37 - [TEST_STEP][PASSED] - click(findTestObject("ADMIN/Custom Item Fields Page/a_Checkbox/button_addoption"), STOP_ON_FAILURE): Object: 'Object Repository/ADMIN/Custom Item Fields Page/a_Checkbox/button_addoption' is clicked on

2020-03-19 15:04:37 - [MESSAGE][PASSED] - Object: 'Object Repository/ADMIN/Custom Item Fields Page/a_Checkbox/button_addoption' is clicked on

2020-03-19 15:04:37 - [TEST_STEP][PASSED] - click(findTestObject("ADMIN/Custom Item Fields Page/a_Checkbox/button_addoption"), STOP_ON_FAILURE): Object: 'Object Repository/ADMIN/Custom Item Fields Page/a_Checkbox/button_addoption' is clicked on

2020-03-19 15:04:37 - [MESSAGE][PASSED] - Object: 'Object Repository/ADMIN/Custom Item Fields Page/a_Checkbox/button_addoption' is clicked on

2020-03-19 15:04:37 - [TEST_STEP][PASSED] - click(findTestObject("ADMIN/Custom Item Fields Page/a_Checkbox/button_addoption"), STOP_ON_FAILURE): Object: 'Object Repository/ADMIN/Custom Item Fields Page/a_Checkbox/button_addoption' is clicked on

2020-03-19 15:04:37 - [MESSAGE][PASSED] - Object: 'Object Repository/ADMIN/Custom Item Fields Page/a_Checkbox/button_addoption' is clicked on

2020-03-19 15:04:37 - [TEST_STEP][PASSED] - click(findTestObject("ADMIN/Custom Item Fields Page/a_Checkbox/button_addoption"), STOP_ON_FAILURE): Object: 'Object Repository/ADMIN/Custom Item Fields Page/a_Checkbox/button_addoption' is clicked on

2020-03-19 15:04:38 - [MESSAGE][PASSED] - Object: 'Object Repository/ADMIN/Custom Item Fields Page/a_Checkbox/button_addoption' is clicked on

2020-03-19 15:04:38 - [TEST_STEP][PASSED] - comment("Add Option"): Add Option

2020-03-19 15:04:38 - [MESSAGE][INFO] - Add Option

2020-03-19 15:04:38 - [TEST_STEP][PASSED] - setText(findTestObject("ADMIN/Custom Item Fields Page/a_Checkbox/textfield_option1"), varCustomFieldName + "CB1"): Text 'SPC_Check Box_M2CB1' is set on object 'Object Repository/ADMIN/Custom Item Fields Page/a_Checkbox/textfield_option1'

2020-03-19 15:04:38 - [MESSAGE][PASSED] - Text 'SPC_Check Box_M2CB1' is set on object 'Object Repository/ADMIN/Custom Item Fields Page/a_Checkbox/textfield_option1'

2020-03-19 15:04:38 - [TEST_STEP][PASSED] - setText(findTestObject("ADMIN/Custom Item Fields Page/a_Checkbox/textfield_option2"), varCustomFieldName + "CB2"): Text 'SPC_Check Box_M2CB2' is set on object 'Object Repository/ADMIN/Custom Item Fields Page/a_Checkbox/textfield_option2'

2020-03-19 15:04:38 - [MESSAGE][PASSED] - Text 'SPC_Check Box_M2CB2' is set on object 'Object Repository/ADMIN/Custom Item Fields Page/a_Checkbox/textfield_option2'

2020-03-19 15:04:38 - [TEST_STEP][PASSED] - setText(findTestObject("ADMIN/Custom Item Fields Page/a_Checkbox/textfield_option3"), varCustomFieldName + "CB3"): Text 'SPC_Check Box_M2CB3' is set on object 'Object Repository/ADMIN/Custom Item Fields Page/a_Checkbox/textfield_option3'

2020-03-19 15:04:39 - [MESSAGE][PASSED] - Text 'SPC_Check Box_M2CB3' is set on object 'Object Repository/ADMIN/Custom Item Fields Page/a_Checkbox/textfield_option3'

2020-03-19 15:04:39 - [TEST_STEP][PASSED] - setText(findTestObject("ADMIN/Custom Item Fields Page/a_Checkbox/textfield_option4"), varCustomFieldName + "CB4"): Text 'SPC_Check Box_M2CB4' is set on object 'Object Repository/ADMIN/Custom Item Fields Page/a_Checkbox/textfield_option4'

2020-03-19 15:04:39 - [MESSAGE][PASSED] - Text 'SPC_Check Box_M2CB4' is set on object 'Object Repository/ADMIN/Custom Item Fields Page/a_Checkbox/textfield_option4'

2020-03-19 15:04:39 - [TEST_STEP][PASSED] - setText(findTestObject("ADMIN/Custom Item Fields Page/a_Checkbox/textfield_option5"), varCustomFieldName + "CB5"): Text 'SPC_Check Box_M2CB5' is set on object 'Object Repository/ADMIN/Custom Item Fields Page/a_Checkbox/textfield_option5'

2020-03-19 15:04:39 - [MESSAGE][PASSED] - Text 'SPC_Check Box_M2CB5' is set on object 'Object Repository/ADMIN/Custom Item Fields Page/a_Checkbox/textfield_option5'

2020-03-19 15:04:39 - [TEST_STEP][PASSED] - setText(findTestObject("ADMIN/Custom Item Fields Page/a_Checkbox/textfield_option6"), varCustomFieldName + "CB6"): Text 'SPC_Check Box_M2CB6' is set on object 'Object Repository/ADMIN/Custom Item Fields Page/a_Checkbox/textfield_option6'

2020-03-19 15:04:40 - [MESSAGE][PASSED] - Text 'SPC_Check Box_M2CB6' is set on object 'Object Repository/ADMIN/Custom Item Fields Page/a_Checkbox/textfield_option6'

2020-03-19 15:04:40 - [TEST_STEP][PASSED] - setText(findTestObject("ADMIN/Custom Item Fields Page/a_Checkbox/textfield_option7"), varCustomFieldName + "CB7"): Text 'SPC_Check Box_M2CB7' is set on object 'Object Repository/ADMIN/Custom Item Fields Page/a_Checkbox/textfield_option7'

2020-03-19 15:04:40 - [MESSAGE][PASSED] - Text 'SPC_Check Box_M2CB7' is set on object 'Object Repository/ADMIN/Custom Item Fields Page/a_Checkbox/textfield_option7'

2020-03-19 15:04:40 - [TEST_STEP][PASSED] - setText(findTestObject("ADMIN/Custom Item Fields Page/a_Checkbox/textfield_option8"), varCustomFieldName + "CB8"): Text 'SPC_Check Box_M2CB8' is set on object 'Object Repository/ADMIN/Custom Item Fields Page/a_Checkbox/textfield_option8'

2020-03-19 15:04:40 - [MESSAGE][PASSED] - Text 'SPC_Check Box_M2CB8' is set on object 'Object Repository/ADMIN/Custom Item Fields Page/a_Checkbox/textfield_option8'

2020-03-19 15:04:40 - [TEST_STEP][PASSED] - setText(findTestObject("ADMIN/Custom Item Fields Page/a_Checkbox/textfield_option9"), varCustomFieldName + "CB9"): Text 'SPC_Check Box_M2CB9' is set on object 'Object Repository/ADMIN/Custom Item Fields Page/a_Checkbox/textfield_option9'

2020-03-19 15:04:41 - [MESSAGE][PASSED] - Text 'SPC_Check Box_M2CB9' is set on object 'Object Repository/ADMIN/Custom Item Fields Page/a_Checkbox/textfield_option9'

2020-03-19 15:04:41 - [TEST_STEP][PASSED] - setText(findTestObject("ADMIN/Custom Item Fields Page/a_Checkbox/textfield_option10"), varCustomFieldName + "CB10"): Text 'SPC_Check Box_M2CB10' is set on object 'Object Repository/ADMIN/Custom Item Fields Page/a_Checkbox/textfield_option10'

2020-03-19 15:04:41 - [MESSAGE][PASSED] - Text 'SPC_Check Box_M2CB10' is set on object 'Object Repository/ADMIN/Custom Item Fields Page/a_Checkbox/textfield_option10'

2020-03-19 15:04:41 - [TEST_STEP][PASSED] - comment("Field Name"): Field Name

2020-03-19 15:04:41 - [MESSAGE][INFO] - Field Name

2020-03-19 15:04:41 - [TEST_STEP][PASSED] - setText(findTestObject("ADMIN/Custom Item Fields Page/a_Default/textfield_fieldname"), varCustomFieldName): Text 'SPC_Check Box_M2' is set on object 'Object Repository/ADMIN/Custom Item Fields Page/a_Default/textfield_fieldname'

2020-03-19 15:04:41 - [MESSAGE][PASSED] - Text 'SPC_Check Box_M2' is set on object 'Object Repository/ADMIN/Custom Item Fields Page/a_Default/textfield_fieldname'

2020-03-19 15:04:41 - [TEST_STEP][PASSED] - comment("Mandatory/NonMandatory"): Mandatory/NonMandatory

2020-03-19 15:04:41 - [MESSAGE][INFO] - Mandatory/NonMandatory

2020-03-19 15:04:41 - [TEST_STEP][PASSED] - if (varMandatoryNonMandatory == "mandatory"): Object 'Object Repository/ADMIN/Custom Item Fields Page/a_Default/togglebutton_mandatory' is visible

2020-03-19 15:04:41 - [TEST_STEP][PASSED] - waitForElementVisible(findTestObject("ADMIN/Custom Item Fields Page/a_Default/togglebutton_mandatory"), 0, CONTINUE_ON_FAILURE): Object 'Object Repository/ADMIN/Custom Item Fields Page/a_Default/togglebutton_mandatory' is visible

2020-03-19 15:04:41 - [MESSAGE][WARNING] - Timeout '0' is invalid. Using default page load timeout: '30'

2020-03-19 15:04:41 - [MESSAGE][PASSED] - Object 'Object Repository/ADMIN/Custom Item Fields Page/a_Default/togglebutton_mandatory' is visible

2020-03-19 15:04:41 - [TEST_STEP][PASSED] - comment("Assign Category"): Assign Category

2020-03-19 15:04:41 - [MESSAGE][INFO] - Assign Category

2020-03-19 15:04:41 - [TEST_STEP][PASSED] - click(findTestObject("ADMIN/Custom Item Fields Page/a_Default/button_SelectCategories")): Object: 'Object Repository/ADMIN/Custom Item Fields Page/a_Default/button_SelectCategories' is clicked on

2020-03-19 15:04:42 - [MESSAGE][PASSED] - Object: 'Object Repository/ADMIN/Custom Item Fields Page/a_Default/button_SelectCategories' is clicked on

2020-03-19 15:04:42 - [TEST_STEP][PASSED] - waitForElementVisible(findTestObject("ADMIN/Custom Item Fields List Page/a_SelectCategories/searchbox_Category"), 0): Object 'Object Repository/ADMIN/Custom Item Fields List Page/a_SelectCategories/searchbox_Category' is visible

2020-03-19 15:04:42 - [MESSAGE][WARNING] - Timeout '0' is invalid. Using default page load timeout: '30'

2020-03-19 15:04:42 - [MESSAGE][PASSED] - Object 'Object Repository/ADMIN/Custom Item Fields List Page/a_SelectCategories/searchbox_Category' is visible

2020-03-19 15:04:42 - [TEST_STEP][PASSED] - comment("Category Assignment"): Category Assignment

2020-03-19 15:04:42 - [MESSAGE][INFO] - Category Assignment

2020-03-19 15:04:42 - [TEST_STEP][PASSED] - if (varAssignedCategory == "All Cat"): null

2020-03-19 15:04:42 - [TEST_STEP][PASSED] - else if (varAssignedCategory == "Category 01"): null

2020-03-19 15:04:42 - [TEST_STEP][PASSED] - else if (varAssignedCategory == "Category 2.1"): Object: 'Object Repository/ADMIN/Custom Item Fields List Page/a_SelectCategories/a_Categories/checkbox_2.1' is clicked on

2020-03-19 15:04:42 - [TEST_STEP][PASSED] - setText(findTestObject("ADMIN/Custom Item Fields List Page/a_SelectCategories/searchbox_Category"), varAssignedCategory, CONTINUE_ON_FAILURE): Text 'Category 2.1' is set on object 'Object Repository/ADMIN/Custom Item Fields List Page/a_SelectCategories/searchbox_Category'

2020-03-19 15:04:42 - [MESSAGE][PASSED] - Text 'Category 2.1' is set on object 'Object Repository/ADMIN/Custom Item Fields List Page/a_SelectCategories/searchbox_Category'

2020-03-19 15:04:42 - [TEST_STEP][PASSED] - click(findTestObject("ADMIN/Custom Item Fields List Page/a_SelectCategories/a_Categories/checkbox_2.1")): Object: 'Object Repository/ADMIN/Custom Item Fields List Page/a_SelectCategories/a_Categories/checkbox_2.1' is clicked on

2020-03-19 15:04:42 - [MESSAGE][PASSED] - Object: 'Object Repository/ADMIN/Custom Item Fields List Page/a_SelectCategories/a_Categories/checkbox_2.1' is clicked on

2020-03-19 15:04:42 - [TEST_STEP][PASSED] - click(findTestObject("ADMIN/Custom Item Fields List Page/a_SelectCategories/button_Save"), STOP_ON_FAILURE): Object: 'Object Repository/ADMIN/Custom Item Fields List Page/a_SelectCategories/button_Save' is clicked on

2020-03-19 15:04:42 - [MESSAGE][PASSED] - Object: 'Object Repository/ADMIN/Custom Item Fields List Page/a_SelectCategories/button_Save' is clicked on

2020-03-19 15:04:42 - [TEST_STEP][PASSED] - delay(2, CONTINUE_ON_FAILURE): Delayed 2 second(s)

2020-03-19 15:04:44 - [MESSAGE][PASSED] - Delayed 2 second(s)

2020-03-19 15:04:44 - [TEST_STEP][PASSED] - click(findTestObject("ADMIN/Custom Item Fields Page/a_Default/button_Save1"), STOP_ON_FAILURE): Object: 'Object Repository/ADMIN/Custom Item Fields Page/a_Default/button_Save1' is clicked on

2020-03-19 15:04:45 - [MESSAGE][PASSED] - Object: 'Object Repository/ADMIN/Custom Item Fields Page/a_Default/button_Save1' is clicked on

2020-03-19 15:04:45 - [TEST_STEP][PASSED] - waitForElementVisible(findTestObject("ADMIN/Custom Item Fields List Page/button_Add Field"), 0): Object 'Object Repository/ADMIN/Custom Item Fields List Page/button_Add Field' is visible

2020-03-19 15:04:45 - [MESSAGE][WARNING] - Timeout '0' is invalid. Using default page load timeout: '30'

2020-03-19 15:04:47 - [MESSAGE][PASSED] - Object 'Object Repository/ADMIN/Custom Item Fields List Page/button_Add Field' is visible]]></system-out>
         <system-err><![CDATA[]]></system-err>
      </testcase>
      <testcase name="Test Cases/ADMIN/Custom Fields Page/Add Custom Item Fields/Add_CF_DataDriven" time="13.061" classname="Test Cases/ADMIN/Custom Fields Page/Add Custom Item Fields/Add_CF_DataDriven" status="PASSED">
         <system-out><![CDATA[2020-03-19 15:04:47 - [TEST_CASE][PASSED] - Test Cases/ADMIN/Custom Fields Page/Add Custom Item Fields/Add_CF_DataDriven: Test Cases/ADMIN/Custom Fields Page/Add Custom Item Fields/Add_CF_DataDriven

2020-03-19 15:04:47 - [TEST_STEP][PASSED] - waitForElementVisible(findTestObject("ADMIN/Custom Item Fields List Page/button_Add Field"), 0): Object 'Object Repository/ADMIN/Custom Item Fields List Page/button_Add Field' is visible

2020-03-19 15:04:47 - [MESSAGE][WARNING] - Timeout '0' is invalid. Using default page load timeout: '30'

2020-03-19 15:04:47 - [MESSAGE][PASSED] - Object 'Object Repository/ADMIN/Custom Item Fields List Page/button_Add Field' is visible

2020-03-19 15:04:47 - [TEST_STEP][PASSED] - click(findTestObject("ADMIN/Custom Item Fields List Page/button_Add Field"), STOP_ON_FAILURE): Object: 'Object Repository/ADMIN/Custom Item Fields List Page/button_Add Field' is clicked on

2020-03-19 15:04:48 - [MESSAGE][PASSED] - Object: 'Object Repository/ADMIN/Custom Item Fields List Page/button_Add Field' is clicked on

2020-03-19 15:04:48 - [TEST_STEP][PASSED] - comment("Choose Field Type"): Choose Field Type

2020-03-19 15:04:48 - [MESSAGE][INFO] - Choose Field Type

2020-03-19 15:04:48 - [TEST_STEP][PASSED] - if (varCustomFieldType == "Checkbox"): null

2020-03-19 15:04:48 - [TEST_STEP][PASSED] - else if (varCustomFieldType == "Date / Time picker"): null

2020-03-19 15:04:48 - [TEST_STEP][PASSED] - else if (varCustomFieldType == "Drop Down"): Text 'SPC_Drop Down_M1DD10' is set on object 'Object Repository/ADMIN/Custom Item Fields Page/a_Checkbox/textfield_option10'

2020-03-19 15:04:48 - [TEST_STEP][PASSED] - waitForElementVisible(findTestObject("ADMIN/Custom Item Fields Page/a_Default/dropdown_fieldtype"), 0, CONTINUE_ON_FAILURE): Object 'Object Repository/ADMIN/Custom Item Fields Page/a_Default/dropdown_fieldtype' is visible

2020-03-19 15:04:48 - [MESSAGE][WARNING] - Timeout '0' is invalid. Using default page load timeout: '30'

2020-03-19 15:04:48 - [MESSAGE][PASSED] - Object 'Object Repository/ADMIN/Custom Item Fields Page/a_Default/dropdown_fieldtype' is visible

2020-03-19 15:04:48 - [TEST_STEP][PASSED] - selectOptionByLabel(findTestObject("ADMIN/Custom Item Fields Page/a_Default/dropdown_fieldtype"), "Drop Down", false): All options with label 'Drop Down' are selected in object 'Object Repository/ADMIN/Custom Item Fields Page/a_Default/dropdown_fieldtype' 

2020-03-19 15:04:48 - [MESSAGE][PASSED] - All options with label 'Drop Down' are selected in object 'Object Repository/ADMIN/Custom Item Fields Page/a_Default/dropdown_fieldtype' 

2020-03-19 15:04:48 - [TEST_STEP][PASSED] - waitForElementVisible(findTestObject("ADMIN/Custom Item Fields Page/a_Checkbox/icon_addoptio"), 0): Object 'Object Repository/ADMIN/Custom Item Fields Page/a_Checkbox/icon_addoptio' is visible

2020-03-19 15:04:48 - [MESSAGE][WARNING] - Timeout '0' is invalid. Using default page load timeout: '30'

2020-03-19 15:04:48 - [MESSAGE][PASSED] - Object 'Object Repository/ADMIN/Custom Item Fields Page/a_Checkbox/icon_addoptio' is visible

2020-03-19 15:04:48 - [TEST_STEP][PASSED] - for ([r = 0, r <= 7, (r++)]): Object: 'Object Repository/ADMIN/Custom Item Fields Page/a_Checkbox/icon_addoptio' is clicked on

2020-03-19 15:04:48 - [TEST_STEP][PASSED] - click(findTestObject("ADMIN/Custom Item Fields Page/a_Checkbox/icon_addoptio"), STOP_ON_FAILURE): Object: 'Object Repository/ADMIN/Custom Item Fields Page/a_Checkbox/icon_addoptio' is clicked on

2020-03-19 15:04:49 - [MESSAGE][PASSED] - Object: 'Object Repository/ADMIN/Custom Item Fields Page/a_Checkbox/icon_addoptio' is clicked on

2020-03-19 15:04:49 - [TEST_STEP][PASSED] - click(findTestObject("ADMIN/Custom Item Fields Page/a_Checkbox/icon_addoptio"), STOP_ON_FAILURE): Object: 'Object Repository/ADMIN/Custom Item Fields Page/a_Checkbox/icon_addoptio' is clicked on

2020-03-19 15:04:49 - [MESSAGE][PASSED] - Object: 'Object Repository/ADMIN/Custom Item Fields Page/a_Checkbox/icon_addoptio' is clicked on

2020-03-19 15:04:49 - [TEST_STEP][PASSED] - click(findTestObject("ADMIN/Custom Item Fields Page/a_Checkbox/icon_addoptio"), STOP_ON_FAILURE): Object: 'Object Repository/ADMIN/Custom Item Fields Page/a_Checkbox/icon_addoptio' is clicked on

2020-03-19 15:04:49 - [MESSAGE][PASSED] - Object: 'Object Repository/ADMIN/Custom Item Fields Page/a_Checkbox/icon_addoptio' is clicked on

2020-03-19 15:04:49 - [TEST_STEP][PASSED] - click(findTestObject("ADMIN/Custom Item Fields Page/a_Checkbox/icon_addoptio"), STOP_ON_FAILURE): Object: 'Object Repository/ADMIN/Custom Item Fields Page/a_Checkbox/icon_addoptio' is clicked on

2020-03-19 15:04:49 - [MESSAGE][PASSED] - Object: 'Object Repository/ADMIN/Custom Item Fields Page/a_Checkbox/icon_addoptio' is clicked on

2020-03-19 15:04:49 - [TEST_STEP][PASSED] - click(findTestObject("ADMIN/Custom Item Fields Page/a_Checkbox/icon_addoptio"), STOP_ON_FAILURE): Object: 'Object Repository/ADMIN/Custom Item Fields Page/a_Checkbox/icon_addoptio' is clicked on

2020-03-19 15:04:49 - [MESSAGE][PASSED] - Object: 'Object Repository/ADMIN/Custom Item Fields Page/a_Checkbox/icon_addoptio' is clicked on

2020-03-19 15:04:49 - [TEST_STEP][PASSED] - click(findTestObject("ADMIN/Custom Item Fields Page/a_Checkbox/icon_addoptio"), STOP_ON_FAILURE): Object: 'Object Repository/ADMIN/Custom Item Fields Page/a_Checkbox/icon_addoptio' is clicked on

2020-03-19 15:04:49 - [MESSAGE][PASSED] - Object: 'Object Repository/ADMIN/Custom Item Fields Page/a_Checkbox/icon_addoptio' is clicked on

2020-03-19 15:04:49 - [TEST_STEP][PASSED] - click(findTestObject("ADMIN/Custom Item Fields Page/a_Checkbox/icon_addoptio"), STOP_ON_FAILURE): Object: 'Object Repository/ADMIN/Custom Item Fields Page/a_Checkbox/icon_addoptio' is clicked on

2020-03-19 15:04:49 - [MESSAGE][PASSED] - Object: 'Object Repository/ADMIN/Custom Item Fields Page/a_Checkbox/icon_addoptio' is clicked on

2020-03-19 15:04:49 - [TEST_STEP][PASSED] - click(findTestObject("ADMIN/Custom Item Fields Page/a_Checkbox/icon_addoptio"), STOP_ON_FAILURE): Object: 'Object Repository/ADMIN/Custom Item Fields Page/a_Checkbox/icon_addoptio' is clicked on

2020-03-19 15:04:50 - [MESSAGE][PASSED] - Object: 'Object Repository/ADMIN/Custom Item Fields Page/a_Checkbox/icon_addoptio' is clicked on

2020-03-19 15:04:50 - [TEST_STEP][PASSED] - comment("Add Option"): Add Option

2020-03-19 15:04:50 - [MESSAGE][INFO] - Add Option

2020-03-19 15:04:50 - [TEST_STEP][PASSED] - setText(findTestObject("ADMIN/Custom Item Fields Page/a_Checkbox/textfield_opt1"), varCustomFieldName + "DD1"): Text 'SPC_Drop Down_M1DD1' is set on object 'Object Repository/ADMIN/Custom Item Fields Page/a_Checkbox/textfield_opt1'

2020-03-19 15:04:50 - [MESSAGE][PASSED] - Text 'SPC_Drop Down_M1DD1' is set on object 'Object Repository/ADMIN/Custom Item Fields Page/a_Checkbox/textfield_opt1'

2020-03-19 15:04:50 - [TEST_STEP][PASSED] - setText(findTestObject("ADMIN/Custom Item Fields Page/a_Checkbox/textfield_opt2"), varCustomFieldName + "DD2"): Text 'SPC_Drop Down_M1DD2' is set on object 'Object Repository/ADMIN/Custom Item Fields Page/a_Checkbox/textfield_opt2'

2020-03-19 15:04:50 - [MESSAGE][PASSED] - Text 'SPC_Drop Down_M1DD2' is set on object 'Object Repository/ADMIN/Custom Item Fields Page/a_Checkbox/textfield_opt2'

2020-03-19 15:04:50 - [TEST_STEP][PASSED] - setText(findTestObject("ADMIN/Custom Item Fields Page/a_Checkbox/textfield_option3"), varCustomFieldName + "DD3"): Text 'SPC_Drop Down_M1DD3' is set on object 'Object Repository/ADMIN/Custom Item Fields Page/a_Checkbox/textfield_option3'

2020-03-19 15:04:51 - [MESSAGE][PASSED] - Text 'SPC_Drop Down_M1DD3' is set on object 'Object Repository/ADMIN/Custom Item Fields Page/a_Checkbox/textfield_option3'

2020-03-19 15:04:51 - [TEST_STEP][PASSED] - setText(findTestObject("ADMIN/Custom Item Fields Page/a_Checkbox/textfield_option4"), varCustomFieldName + "DD4"): Text 'SPC_Drop Down_M1DD4' is set on object 'Object Repository/ADMIN/Custom Item Fields Page/a_Checkbox/textfield_option4'

2020-03-19 15:04:51 - [MESSAGE][PASSED] - Text 'SPC_Drop Down_M1DD4' is set on object 'Object Repository/ADMIN/Custom Item Fields Page/a_Checkbox/textfield_option4'

2020-03-19 15:04:51 - [TEST_STEP][PASSED] - setText(findTestObject("ADMIN/Custom Item Fields Page/a_Checkbox/textfield_option5"), varCustomFieldName + "DD5"): Text 'SPC_Drop Down_M1DD5' is set on object 'Object Repository/ADMIN/Custom Item Fields Page/a_Checkbox/textfield_option5'

2020-03-19 15:04:51 - [MESSAGE][PASSED] - Text 'SPC_Drop Down_M1DD5' is set on object 'Object Repository/ADMIN/Custom Item Fields Page/a_Checkbox/textfield_option5'

2020-03-19 15:04:51 - [TEST_STEP][PASSED] - setText(findTestObject("ADMIN/Custom Item Fields Page/a_Checkbox/textfield_option6"), varCustomFieldName + "DD6"): Text 'SPC_Drop Down_M1DD6' is set on object 'Object Repository/ADMIN/Custom Item Fields Page/a_Checkbox/textfield_option6'

2020-03-19 15:04:52 - [MESSAGE][PASSED] - Text 'SPC_Drop Down_M1DD6' is set on object 'Object Repository/ADMIN/Custom Item Fields Page/a_Checkbox/textfield_option6'

2020-03-19 15:04:52 - [TEST_STEP][PASSED] - setText(findTestObject("ADMIN/Custom Item Fields Page/a_Checkbox/textfield_option7"), varCustomFieldName + "DD7"): Text 'SPC_Drop Down_M1DD7' is set on object 'Object Repository/ADMIN/Custom Item Fields Page/a_Checkbox/textfield_option7'

2020-03-19 15:04:52 - [MESSAGE][PASSED] - Text 'SPC_Drop Down_M1DD7' is set on object 'Object Repository/ADMIN/Custom Item Fields Page/a_Checkbox/textfield_option7'

2020-03-19 15:04:52 - [TEST_STEP][PASSED] - setText(findTestObject("ADMIN/Custom Item Fields Page/a_Checkbox/textfield_option8"), varCustomFieldName + "DD8"): Text 'SPC_Drop Down_M1DD8' is set on object 'Object Repository/ADMIN/Custom Item Fields Page/a_Checkbox/textfield_option8'

2020-03-19 15:04:52 - [MESSAGE][PASSED] - Text 'SPC_Drop Down_M1DD8' is set on object 'Object Repository/ADMIN/Custom Item Fields Page/a_Checkbox/textfield_option8'

2020-03-19 15:04:52 - [TEST_STEP][PASSED] - setText(findTestObject("ADMIN/Custom Item Fields Page/a_Checkbox/textfield_option9"), varCustomFieldName + "DD9"): Text 'SPC_Drop Down_M1DD9' is set on object 'Object Repository/ADMIN/Custom Item Fields Page/a_Checkbox/textfield_option9'

2020-03-19 15:04:53 - [MESSAGE][PASSED] - Text 'SPC_Drop Down_M1DD9' is set on object 'Object Repository/ADMIN/Custom Item Fields Page/a_Checkbox/textfield_option9'

2020-03-19 15:04:53 - [TEST_STEP][PASSED] - setText(findTestObject("ADMIN/Custom Item Fields Page/a_Checkbox/textfield_option10"), varCustomFieldName + "DD10"): Text 'SPC_Drop Down_M1DD10' is set on object 'Object Repository/ADMIN/Custom Item Fields Page/a_Checkbox/textfield_option10'

2020-03-19 15:04:53 - [MESSAGE][PASSED] - Text 'SPC_Drop Down_M1DD10' is set on object 'Object Repository/ADMIN/Custom Item Fields Page/a_Checkbox/textfield_option10'

2020-03-19 15:04:53 - [TEST_STEP][PASSED] - comment("Field Name"): Field Name

2020-03-19 15:04:53 - [MESSAGE][INFO] - Field Name

2020-03-19 15:04:53 - [TEST_STEP][PASSED] - setText(findTestObject("ADMIN/Custom Item Fields Page/a_Default/textfield_fieldname"), varCustomFieldName): Text 'SPC_Drop Down_M1' is set on object 'Object Repository/ADMIN/Custom Item Fields Page/a_Default/textfield_fieldname'

2020-03-19 15:04:53 - [MESSAGE][PASSED] - Text 'SPC_Drop Down_M1' is set on object 'Object Repository/ADMIN/Custom Item Fields Page/a_Default/textfield_fieldname'

2020-03-19 15:04:53 - [TEST_STEP][PASSED] - comment("Mandatory/NonMandatory"): Mandatory/NonMandatory

2020-03-19 15:04:53 - [MESSAGE][INFO] - Mandatory/NonMandatory

2020-03-19 15:04:53 - [TEST_STEP][PASSED] - if (varMandatoryNonMandatory == "mandatory"): Object 'Object Repository/ADMIN/Custom Item Fields Page/a_Default/togglebutton_mandatory' is visible

2020-03-19 15:04:53 - [TEST_STEP][PASSED] - waitForElementVisible(findTestObject("ADMIN/Custom Item Fields Page/a_Default/togglebutton_mandatory"), 0, CONTINUE_ON_FAILURE): Object 'Object Repository/ADMIN/Custom Item Fields Page/a_Default/togglebutton_mandatory' is visible

2020-03-19 15:04:53 - [MESSAGE][WARNING] - Timeout '0' is invalid. Using default page load timeout: '30'

2020-03-19 15:04:53 - [MESSAGE][PASSED] - Object 'Object Repository/ADMIN/Custom Item Fields Page/a_Default/togglebutton_mandatory' is visible

2020-03-19 15:04:53 - [TEST_STEP][PASSED] - comment("Assign Category"): Assign Category

2020-03-19 15:04:53 - [MESSAGE][INFO] - Assign Category

2020-03-19 15:04:53 - [TEST_STEP][PASSED] - click(findTestObject("ADMIN/Custom Item Fields Page/a_Default/button_SelectCategories")): Object: 'Object Repository/ADMIN/Custom Item Fields Page/a_Default/button_SelectCategories' is clicked on

2020-03-19 15:04:54 - [MESSAGE][PASSED] - Object: 'Object Repository/ADMIN/Custom Item Fields Page/a_Default/button_SelectCategories' is clicked on

2020-03-19 15:04:54 - [TEST_STEP][PASSED] - waitForElementVisible(findTestObject("ADMIN/Custom Item Fields List Page/a_SelectCategories/searchbox_Category"), 0): Object 'Object Repository/ADMIN/Custom Item Fields List Page/a_SelectCategories/searchbox_Category' is visible

2020-03-19 15:04:54 - [MESSAGE][WARNING] - Timeout '0' is invalid. Using default page load timeout: '30'

2020-03-19 15:04:54 - [MESSAGE][PASSED] - Object 'Object Repository/ADMIN/Custom Item Fields List Page/a_SelectCategories/searchbox_Category' is visible

2020-03-19 15:04:54 - [TEST_STEP][PASSED] - comment("Category Assignment"): Category Assignment

2020-03-19 15:04:54 - [MESSAGE][INFO] - Category Assignment

2020-03-19 15:04:54 - [TEST_STEP][PASSED] - if (varAssignedCategory == "All Cat"): null

2020-03-19 15:04:54 - [TEST_STEP][PASSED] - else if (varAssignedCategory == "Category 01"): null

2020-03-19 15:04:54 - [TEST_STEP][PASSED] - else if (varAssignedCategory == "Category 2.1"): Object: 'Object Repository/ADMIN/Custom Item Fields List Page/a_SelectCategories/a_Categories/checkbox_2.1' is clicked on

2020-03-19 15:04:54 - [TEST_STEP][PASSED] - setText(findTestObject("ADMIN/Custom Item Fields List Page/a_SelectCategories/searchbox_Category"), varAssignedCategory, CONTINUE_ON_FAILURE): Text 'Category 2.1' is set on object 'Object Repository/ADMIN/Custom Item Fields List Page/a_SelectCategories/searchbox_Category'

2020-03-19 15:04:55 - [MESSAGE][PASSED] - Text 'Category 2.1' is set on object 'Object Repository/ADMIN/Custom Item Fields List Page/a_SelectCategories/searchbox_Category'

2020-03-19 15:04:55 - [TEST_STEP][PASSED] - click(findTestObject("ADMIN/Custom Item Fields List Page/a_SelectCategories/a_Categories/checkbox_2.1")): Object: 'Object Repository/ADMIN/Custom Item Fields List Page/a_SelectCategories/a_Categories/checkbox_2.1' is clicked on

2020-03-19 15:04:55 - [MESSAGE][PASSED] - Object: 'Object Repository/ADMIN/Custom Item Fields List Page/a_SelectCategories/a_Categories/checkbox_2.1' is clicked on

2020-03-19 15:04:55 - [TEST_STEP][PASSED] - click(findTestObject("ADMIN/Custom Item Fields List Page/a_SelectCategories/button_Save"), STOP_ON_FAILURE): Object: 'Object Repository/ADMIN/Custom Item Fields List Page/a_SelectCategories/button_Save' is clicked on

2020-03-19 15:04:55 - [MESSAGE][PASSED] - Object: 'Object Repository/ADMIN/Custom Item Fields List Page/a_SelectCategories/button_Save' is clicked on

2020-03-19 15:04:55 - [TEST_STEP][PASSED] - delay(2, CONTINUE_ON_FAILURE): Delayed 2 second(s)

2020-03-19 15:04:57 - [MESSAGE][PASSED] - Delayed 2 second(s)

2020-03-19 15:04:57 - [TEST_STEP][PASSED] - click(findTestObject("ADMIN/Custom Item Fields Page/a_Default/button_Save1"), STOP_ON_FAILURE): Object: 'Object Repository/ADMIN/Custom Item Fields Page/a_Default/button_Save1' is clicked on

2020-03-19 15:04:57 - [MESSAGE][PASSED] - Object: 'Object Repository/ADMIN/Custom Item Fields Page/a_Default/button_Save1' is clicked on

2020-03-19 15:04:57 - [TEST_STEP][PASSED] - waitForElementVisible(findTestObject("ADMIN/Custom Item Fields List Page/button_Add Field"), 0): Object 'Object Repository/ADMIN/Custom Item Fields List Page/button_Add Field' is visible

2020-03-19 15:04:58 - [MESSAGE][WARNING] - Timeout '0' is invalid. Using default page load timeout: '30'

2020-03-19 15:05:00 - [MESSAGE][PASSED] - Object 'Object Repository/ADMIN/Custom Item Fields List Page/button_Add Field' is visible]]></system-out>
         <system-err><![CDATA[]]></system-err>
      </testcase>
      <testcase name="Test Cases/ADMIN/Custom Fields Page/Add Custom Item Fields/Add_CF_DataDriven" time="12.581" classname="Test Cases/ADMIN/Custom Fields Page/Add Custom Item Fields/Add_CF_DataDriven" status="PASSED">
         <system-out><![CDATA[2020-03-19 15:05:00 - [TEST_CASE][PASSED] - Test Cases/ADMIN/Custom Fields Page/Add Custom Item Fields/Add_CF_DataDriven: Test Cases/ADMIN/Custom Fields Page/Add Custom Item Fields/Add_CF_DataDriven

2020-03-19 15:05:00 - [TEST_STEP][PASSED] - waitForElementVisible(findTestObject("ADMIN/Custom Item Fields List Page/button_Add Field"), 0): Object 'Object Repository/ADMIN/Custom Item Fields List Page/button_Add Field' is visible

2020-03-19 15:05:00 - [MESSAGE][WARNING] - Timeout '0' is invalid. Using default page load timeout: '30'

2020-03-19 15:05:00 - [MESSAGE][PASSED] - Object 'Object Repository/ADMIN/Custom Item Fields List Page/button_Add Field' is visible

2020-03-19 15:05:00 - [TEST_STEP][PASSED] - click(findTestObject("ADMIN/Custom Item Fields List Page/button_Add Field"), STOP_ON_FAILURE): Object: 'Object Repository/ADMIN/Custom Item Fields List Page/button_Add Field' is clicked on

2020-03-19 15:05:01 - [MESSAGE][PASSED] - Object: 'Object Repository/ADMIN/Custom Item Fields List Page/button_Add Field' is clicked on

2020-03-19 15:05:01 - [TEST_STEP][PASSED] - comment("Choose Field Type"): Choose Field Type

2020-03-19 15:05:01 - [MESSAGE][INFO] - Choose Field Type

2020-03-19 15:05:01 - [TEST_STEP][PASSED] - if (varCustomFieldType == "Checkbox"): null

2020-03-19 15:05:01 - [TEST_STEP][PASSED] - else if (varCustomFieldType == "Date / Time picker"): null

2020-03-19 15:05:01 - [TEST_STEP][PASSED] - else if (varCustomFieldType == "Drop Down"): Text 'SPC_Drop Down_M2DD10' is set on object 'Object Repository/ADMIN/Custom Item Fields Page/a_Checkbox/textfield_option10'

2020-03-19 15:05:01 - [TEST_STEP][PASSED] - waitForElementVisible(findTestObject("ADMIN/Custom Item Fields Page/a_Default/dropdown_fieldtype"), 0, CONTINUE_ON_FAILURE): Object 'Object Repository/ADMIN/Custom Item Fields Page/a_Default/dropdown_fieldtype' is visible

2020-03-19 15:05:01 - [MESSAGE][WARNING] - Timeout '0' is invalid. Using default page load timeout: '30'

2020-03-19 15:05:01 - [MESSAGE][PASSED] - Object 'Object Repository/ADMIN/Custom Item Fields Page/a_Default/dropdown_fieldtype' is visible

2020-03-19 15:05:01 - [TEST_STEP][PASSED] - selectOptionByLabel(findTestObject("ADMIN/Custom Item Fields Page/a_Default/dropdown_fieldtype"), "Drop Down", false): All options with label 'Drop Down' are selected in object 'Object Repository/ADMIN/Custom Item Fields Page/a_Default/dropdown_fieldtype' 

2020-03-19 15:05:01 - [MESSAGE][PASSED] - All options with label 'Drop Down' are selected in object 'Object Repository/ADMIN/Custom Item Fields Page/a_Default/dropdown_fieldtype' 

2020-03-19 15:05:01 - [TEST_STEP][PASSED] - waitForElementVisible(findTestObject("ADMIN/Custom Item Fields Page/a_Checkbox/icon_addoptio"), 0): Object 'Object Repository/ADMIN/Custom Item Fields Page/a_Checkbox/icon_addoptio' is visible

2020-03-19 15:05:01 - [MESSAGE][WARNING] - Timeout '0' is invalid. Using default page load timeout: '30'

2020-03-19 15:05:01 - [MESSAGE][PASSED] - Object 'Object Repository/ADMIN/Custom Item Fields Page/a_Checkbox/icon_addoptio' is visible

2020-03-19 15:05:01 - [TEST_STEP][PASSED] - for ([r = 0, r <= 7, (r++)]): Object: 'Object Repository/ADMIN/Custom Item Fields Page/a_Checkbox/icon_addoptio' is clicked on

2020-03-19 15:05:01 - [TEST_STEP][PASSED] - click(findTestObject("ADMIN/Custom Item Fields Page/a_Checkbox/icon_addoptio"), STOP_ON_FAILURE): Object: 'Object Repository/ADMIN/Custom Item Fields Page/a_Checkbox/icon_addoptio' is clicked on

2020-03-19 15:05:02 - [MESSAGE][PASSED] - Object: 'Object Repository/ADMIN/Custom Item Fields Page/a_Checkbox/icon_addoptio' is clicked on

2020-03-19 15:05:02 - [TEST_STEP][PASSED] - click(findTestObject("ADMIN/Custom Item Fields Page/a_Checkbox/icon_addoptio"), STOP_ON_FAILURE): Object: 'Object Repository/ADMIN/Custom Item Fields Page/a_Checkbox/icon_addoptio' is clicked on

2020-03-19 15:05:02 - [MESSAGE][PASSED] - Object: 'Object Repository/ADMIN/Custom Item Fields Page/a_Checkbox/icon_addoptio' is clicked on

2020-03-19 15:05:02 - [TEST_STEP][PASSED] - click(findTestObject("ADMIN/Custom Item Fields Page/a_Checkbox/icon_addoptio"), STOP_ON_FAILURE): Object: 'Object Repository/ADMIN/Custom Item Fields Page/a_Checkbox/icon_addoptio' is clicked on

2020-03-19 15:05:02 - [MESSAGE][PASSED] - Object: 'Object Repository/ADMIN/Custom Item Fields Page/a_Checkbox/icon_addoptio' is clicked on

2020-03-19 15:05:02 - [TEST_STEP][PASSED] - click(findTestObject("ADMIN/Custom Item Fields Page/a_Checkbox/icon_addoptio"), STOP_ON_FAILURE): Object: 'Object Repository/ADMIN/Custom Item Fields Page/a_Checkbox/icon_addoptio' is clicked on

2020-03-19 15:05:02 - [MESSAGE][PASSED] - Object: 'Object Repository/ADMIN/Custom Item Fields Page/a_Checkbox/icon_addoptio' is clicked on

2020-03-19 15:05:02 - [TEST_STEP][PASSED] - click(findTestObject("ADMIN/Custom Item Fields Page/a_Checkbox/icon_addoptio"), STOP_ON_FAILURE): Object: 'Object Repository/ADMIN/Custom Item Fields Page/a_Checkbox/icon_addoptio' is clicked on

2020-03-19 15:05:02 - [MESSAGE][PASSED] - Object: 'Object Repository/ADMIN/Custom Item Fields Page/a_Checkbox/icon_addoptio' is clicked on

2020-03-19 15:05:02 - [TEST_STEP][PASSED] - click(findTestObject("ADMIN/Custom Item Fields Page/a_Checkbox/icon_addoptio"), STOP_ON_FAILURE): Object: 'Object Repository/ADMIN/Custom Item Fields Page/a_Checkbox/icon_addoptio' is clicked on

2020-03-19 15:05:02 - [MESSAGE][PASSED] - Object: 'Object Repository/ADMIN/Custom Item Fields Page/a_Checkbox/icon_addoptio' is clicked on

2020-03-19 15:05:02 - [TEST_STEP][PASSED] - click(findTestObject("ADMIN/Custom Item Fields Page/a_Checkbox/icon_addoptio"), STOP_ON_FAILURE): Object: 'Object Repository/ADMIN/Custom Item Fields Page/a_Checkbox/icon_addoptio' is clicked on

2020-03-19 15:05:02 - [MESSAGE][PASSED] - Object: 'Object Repository/ADMIN/Custom Item Fields Page/a_Checkbox/icon_addoptio' is clicked on

2020-03-19 15:05:02 - [TEST_STEP][PASSED] - click(findTestObject("ADMIN/Custom Item Fields Page/a_Checkbox/icon_addoptio"), STOP_ON_FAILURE): Object: 'Object Repository/ADMIN/Custom Item Fields Page/a_Checkbox/icon_addoptio' is clicked on

2020-03-19 15:05:02 - [MESSAGE][PASSED] - Object: 'Object Repository/ADMIN/Custom Item Fields Page/a_Checkbox/icon_addoptio' is clicked on

2020-03-19 15:05:02 - [TEST_STEP][PASSED] - comment("Add Option"): Add Option

2020-03-19 15:05:02 - [MESSAGE][INFO] - Add Option

2020-03-19 15:05:02 - [TEST_STEP][PASSED] - setText(findTestObject("ADMIN/Custom Item Fields Page/a_Checkbox/textfield_opt1"), varCustomFieldName + "DD1"): Text 'SPC_Drop Down_M2DD1' is set on object 'Object Repository/ADMIN/Custom Item Fields Page/a_Checkbox/textfield_opt1'

2020-03-19 15:05:03 - [MESSAGE][PASSED] - Text 'SPC_Drop Down_M2DD1' is set on object 'Object Repository/ADMIN/Custom Item Fields Page/a_Checkbox/textfield_opt1'

2020-03-19 15:05:03 - [TEST_STEP][PASSED] - setText(findTestObject("ADMIN/Custom Item Fields Page/a_Checkbox/textfield_opt2"), varCustomFieldName + "DD2"): Text 'SPC_Drop Down_M2DD2' is set on object 'Object Repository/ADMIN/Custom Item Fields Page/a_Checkbox/textfield_opt2'

2020-03-19 15:05:03 - [MESSAGE][PASSED] - Text 'SPC_Drop Down_M2DD2' is set on object 'Object Repository/ADMIN/Custom Item Fields Page/a_Checkbox/textfield_opt2'

2020-03-19 15:05:03 - [TEST_STEP][PASSED] - setText(findTestObject("ADMIN/Custom Item Fields Page/a_Checkbox/textfield_option3"), varCustomFieldName + "DD3"): Text 'SPC_Drop Down_M2DD3' is set on object 'Object Repository/ADMIN/Custom Item Fields Page/a_Checkbox/textfield_option3'

2020-03-19 15:05:03 - [MESSAGE][PASSED] - Text 'SPC_Drop Down_M2DD3' is set on object 'Object Repository/ADMIN/Custom Item Fields Page/a_Checkbox/textfield_option3'

2020-03-19 15:05:03 - [TEST_STEP][PASSED] - setText(findTestObject("ADMIN/Custom Item Fields Page/a_Checkbox/textfield_option4"), varCustomFieldName + "DD4"): Text 'SPC_Drop Down_M2DD4' is set on object 'Object Repository/ADMIN/Custom Item Fields Page/a_Checkbox/textfield_option4'

2020-03-19 15:05:04 - [MESSAGE][PASSED] - Text 'SPC_Drop Down_M2DD4' is set on object 'Object Repository/ADMIN/Custom Item Fields Page/a_Checkbox/textfield_option4'

2020-03-19 15:05:04 - [TEST_STEP][PASSED] - setText(findTestObject("ADMIN/Custom Item Fields Page/a_Checkbox/textfield_option5"), varCustomFieldName + "DD5"): Text 'SPC_Drop Down_M2DD5' is set on object 'Object Repository/ADMIN/Custom Item Fields Page/a_Checkbox/textfield_option5'

2020-03-19 15:05:04 - [MESSAGE][PASSED] - Text 'SPC_Drop Down_M2DD5' is set on object 'Object Repository/ADMIN/Custom Item Fields Page/a_Checkbox/textfield_option5'

2020-03-19 15:05:04 - [TEST_STEP][PASSED] - setText(findTestObject("ADMIN/Custom Item Fields Page/a_Checkbox/textfield_option6"), varCustomFieldName + "DD6"): Text 'SPC_Drop Down_M2DD6' is set on object 'Object Repository/ADMIN/Custom Item Fields Page/a_Checkbox/textfield_option6'

2020-03-19 15:05:04 - [MESSAGE][PASSED] - Text 'SPC_Drop Down_M2DD6' is set on object 'Object Repository/ADMIN/Custom Item Fields Page/a_Checkbox/textfield_option6'

2020-03-19 15:05:04 - [TEST_STEP][PASSED] - setText(findTestObject("ADMIN/Custom Item Fields Page/a_Checkbox/textfield_option7"), varCustomFieldName + "DD7"): Text 'SPC_Drop Down_M2DD7' is set on object 'Object Repository/ADMIN/Custom Item Fields Page/a_Checkbox/textfield_option7'

2020-03-19 15:05:05 - [MESSAGE][PASSED] - Text 'SPC_Drop Down_M2DD7' is set on object 'Object Repository/ADMIN/Custom Item Fields Page/a_Checkbox/textfield_option7'

2020-03-19 15:05:05 - [TEST_STEP][PASSED] - setText(findTestObject("ADMIN/Custom Item Fields Page/a_Checkbox/textfield_option8"), varCustomFieldName + "DD8"): Text 'SPC_Drop Down_M2DD8' is set on object 'Object Repository/ADMIN/Custom Item Fields Page/a_Checkbox/textfield_option8'

2020-03-19 15:05:05 - [MESSAGE][PASSED] - Text 'SPC_Drop Down_M2DD8' is set on object 'Object Repository/ADMIN/Custom Item Fields Page/a_Checkbox/textfield_option8'

2020-03-19 15:05:05 - [TEST_STEP][PASSED] - setText(findTestObject("ADMIN/Custom Item Fields Page/a_Checkbox/textfield_option9"), varCustomFieldName + "DD9"): Text 'SPC_Drop Down_M2DD9' is set on object 'Object Repository/ADMIN/Custom Item Fields Page/a_Checkbox/textfield_option9'

2020-03-19 15:05:05 - [MESSAGE][PASSED] - Text 'SPC_Drop Down_M2DD9' is set on object 'Object Repository/ADMIN/Custom Item Fields Page/a_Checkbox/textfield_option9'

2020-03-19 15:05:05 - [TEST_STEP][PASSED] - setText(findTestObject("ADMIN/Custom Item Fields Page/a_Checkbox/textfield_option10"), varCustomFieldName + "DD10"): Text 'SPC_Drop Down_M2DD10' is set on object 'Object Repository/ADMIN/Custom Item Fields Page/a_Checkbox/textfield_option10'

2020-03-19 15:05:06 - [MESSAGE][PASSED] - Text 'SPC_Drop Down_M2DD10' is set on object 'Object Repository/ADMIN/Custom Item Fields Page/a_Checkbox/textfield_option10'

2020-03-19 15:05:06 - [TEST_STEP][PASSED] - comment("Field Name"): Field Name

2020-03-19 15:05:06 - [MESSAGE][INFO] - Field Name

2020-03-19 15:05:06 - [TEST_STEP][PASSED] - setText(findTestObject("ADMIN/Custom Item Fields Page/a_Default/textfield_fieldname"), varCustomFieldName): Text 'SPC_Drop Down_M2' is set on object 'Object Repository/ADMIN/Custom Item Fields Page/a_Default/textfield_fieldname'

2020-03-19 15:05:06 - [MESSAGE][PASSED] - Text 'SPC_Drop Down_M2' is set on object 'Object Repository/ADMIN/Custom Item Fields Page/a_Default/textfield_fieldname'

2020-03-19 15:05:06 - [TEST_STEP][PASSED] - comment("Mandatory/NonMandatory"): Mandatory/NonMandatory

2020-03-19 15:05:06 - [MESSAGE][INFO] - Mandatory/NonMandatory

2020-03-19 15:05:06 - [TEST_STEP][PASSED] - if (varMandatoryNonMandatory == "mandatory"): Object 'Object Repository/ADMIN/Custom Item Fields Page/a_Default/togglebutton_mandatory' is visible

2020-03-19 15:05:06 - [TEST_STEP][PASSED] - waitForElementVisible(findTestObject("ADMIN/Custom Item Fields Page/a_Default/togglebutton_mandatory"), 0, CONTINUE_ON_FAILURE): Object 'Object Repository/ADMIN/Custom Item Fields Page/a_Default/togglebutton_mandatory' is visible

2020-03-19 15:05:06 - [MESSAGE][WARNING] - Timeout '0' is invalid. Using default page load timeout: '30'

2020-03-19 15:05:06 - [MESSAGE][PASSED] - Object 'Object Repository/ADMIN/Custom Item Fields Page/a_Default/togglebutton_mandatory' is visible

2020-03-19 15:05:06 - [TEST_STEP][PASSED] - comment("Assign Category"): Assign Category

2020-03-19 15:05:06 - [MESSAGE][INFO] - Assign Category

2020-03-19 15:05:06 - [TEST_STEP][PASSED] - click(findTestObject("ADMIN/Custom Item Fields Page/a_Default/button_SelectCategories")): Object: 'Object Repository/ADMIN/Custom Item Fields Page/a_Default/button_SelectCategories' is clicked on

2020-03-19 15:05:06 - [MESSAGE][PASSED] - Object: 'Object Repository/ADMIN/Custom Item Fields Page/a_Default/button_SelectCategories' is clicked on

2020-03-19 15:05:06 - [TEST_STEP][PASSED] - waitForElementVisible(findTestObject("ADMIN/Custom Item Fields List Page/a_SelectCategories/searchbox_Category"), 0): Object 'Object Repository/ADMIN/Custom Item Fields List Page/a_SelectCategories/searchbox_Category' is visible

2020-03-19 15:05:06 - [MESSAGE][WARNING] - Timeout '0' is invalid. Using default page load timeout: '30'

2020-03-19 15:05:07 - [MESSAGE][PASSED] - Object 'Object Repository/ADMIN/Custom Item Fields List Page/a_SelectCategories/searchbox_Category' is visible

2020-03-19 15:05:07 - [TEST_STEP][PASSED] - comment("Category Assignment"): Category Assignment

2020-03-19 15:05:07 - [MESSAGE][INFO] - Category Assignment

2020-03-19 15:05:07 - [TEST_STEP][PASSED] - if (varAssignedCategory == "All Cat"): null

2020-03-19 15:05:07 - [TEST_STEP][PASSED] - else if (varAssignedCategory == "Category 01"): null

2020-03-19 15:05:07 - [TEST_STEP][PASSED] - else if (varAssignedCategory == "Category 2.1"): Object: 'Object Repository/ADMIN/Custom Item Fields List Page/a_SelectCategories/a_Categories/checkbox_2.1' is clicked on

2020-03-19 15:05:07 - [TEST_STEP][PASSED] - setText(findTestObject("ADMIN/Custom Item Fields List Page/a_SelectCategories/searchbox_Category"), varAssignedCategory, CONTINUE_ON_FAILURE): Text 'Category 2.1' is set on object 'Object Repository/ADMIN/Custom Item Fields List Page/a_SelectCategories/searchbox_Category'

2020-03-19 15:05:07 - [MESSAGE][PASSED] - Text 'Category 2.1' is set on object 'Object Repository/ADMIN/Custom Item Fields List Page/a_SelectCategories/searchbox_Category'

2020-03-19 15:05:07 - [TEST_STEP][PASSED] - click(findTestObject("ADMIN/Custom Item Fields List Page/a_SelectCategories/a_Categories/checkbox_2.1")): Object: 'Object Repository/ADMIN/Custom Item Fields List Page/a_SelectCategories/a_Categories/checkbox_2.1' is clicked on

2020-03-19 15:05:07 - [MESSAGE][PASSED] - Object: 'Object Repository/ADMIN/Custom Item Fields List Page/a_SelectCategories/a_Categories/checkbox_2.1' is clicked on

2020-03-19 15:05:07 - [TEST_STEP][PASSED] - click(findTestObject("ADMIN/Custom Item Fields List Page/a_SelectCategories/button_Save"), STOP_ON_FAILURE): Object: 'Object Repository/ADMIN/Custom Item Fields List Page/a_SelectCategories/button_Save' is clicked on

2020-03-19 15:05:08 - [MESSAGE][PASSED] - Object: 'Object Repository/ADMIN/Custom Item Fields List Page/a_SelectCategories/button_Save' is clicked on

2020-03-19 15:05:08 - [TEST_STEP][PASSED] - delay(2, CONTINUE_ON_FAILURE): Delayed 2 second(s)

2020-03-19 15:05:10 - [MESSAGE][PASSED] - Delayed 2 second(s)

2020-03-19 15:05:10 - [TEST_STEP][PASSED] - click(findTestObject("ADMIN/Custom Item Fields Page/a_Default/button_Save1"), STOP_ON_FAILURE): Object: 'Object Repository/ADMIN/Custom Item Fields Page/a_Default/button_Save1' is clicked on

2020-03-19 15:05:10 - [MESSAGE][PASSED] - Object: 'Object Repository/ADMIN/Custom Item Fields Page/a_Default/button_Save1' is clicked on

2020-03-19 15:05:10 - [TEST_STEP][PASSED] - waitForElementVisible(findTestObject("ADMIN/Custom Item Fields List Page/button_Add Field"), 0): Object 'Object Repository/ADMIN/Custom Item Fields List Page/button_Add Field' is visible

2020-03-19 15:05:10 - [MESSAGE][WARNING] - Timeout '0' is invalid. Using default page load timeout: '30'

2020-03-19 15:05:12 - [MESSAGE][PASSED] - Object 'Object Repository/ADMIN/Custom Item Fields List Page/button_Add Field' is visible]]></system-out>
         <system-err><![CDATA[]]></system-err>
      </testcase>
      <testcase name="Test Cases/ADMIN/Custom Fields Page/Add Custom Item Fields/Add_CF_DataDriven" time="7.802" classname="Test Cases/ADMIN/Custom Fields Page/Add Custom Item Fields/Add_CF_DataDriven" status="PASSED">
         <system-out><![CDATA[2020-03-19 15:05:12 - [TEST_CASE][PASSED] - Test Cases/ADMIN/Custom Fields Page/Add Custom Item Fields/Add_CF_DataDriven: Test Cases/ADMIN/Custom Fields Page/Add Custom Item Fields/Add_CF_DataDriven

2020-03-19 15:05:12 - [TEST_STEP][PASSED] - waitForElementVisible(findTestObject("ADMIN/Custom Item Fields List Page/button_Add Field"), 0): Object 'Object Repository/ADMIN/Custom Item Fields List Page/button_Add Field' is visible

2020-03-19 15:05:12 - [MESSAGE][WARNING] - Timeout '0' is invalid. Using default page load timeout: '30'

2020-03-19 15:05:13 - [MESSAGE][PASSED] - Object 'Object Repository/ADMIN/Custom Item Fields List Page/button_Add Field' is visible

2020-03-19 15:05:13 - [TEST_STEP][PASSED] - click(findTestObject("ADMIN/Custom Item Fields List Page/button_Add Field"), STOP_ON_FAILURE): Object: 'Object Repository/ADMIN/Custom Item Fields List Page/button_Add Field' is clicked on

2020-03-19 15:05:13 - [MESSAGE][PASSED] - Object: 'Object Repository/ADMIN/Custom Item Fields List Page/button_Add Field' is clicked on

2020-03-19 15:05:13 - [TEST_STEP][PASSED] - comment("Choose Field Type"): Choose Field Type

2020-03-19 15:05:13 - [MESSAGE][INFO] - Choose Field Type

2020-03-19 15:05:13 - [TEST_STEP][PASSED] - if (varCustomFieldType == "Checkbox"): null

2020-03-19 15:05:13 - [TEST_STEP][PASSED] - else if (varCustomFieldType == "Date / Time picker"): null

2020-03-19 15:05:13 - [TEST_STEP][PASSED] - else if (varCustomFieldType == "Drop Down"): null

2020-03-19 15:05:13 - [TEST_STEP][PASSED] - else if (varCustomFieldType == "Email"): null

2020-03-19 15:05:13 - [TEST_STEP][PASSED] - else if (varCustomFieldType == "Embed Video"): null

2020-03-19 15:05:13 - [TEST_STEP][PASSED] - else if (varCustomFieldType == "Hyperlink / URL"): null

2020-03-19 15:05:13 - [TEST_STEP][PASSED] - else if (varCustomFieldType == "Location"): All options with label 'Location' are selected in object 'Object Repository/ADMIN/Custom Item Fields Page/a_Default/dropdown_fieldtype' 

2020-03-19 15:05:13 - [TEST_STEP][PASSED] - waitForElementVisible(findTestObject("ADMIN/Custom Item Fields Page/a_Default/dropdown_fieldtype"), 0, CONTINUE_ON_FAILURE): Object 'Object Repository/ADMIN/Custom Item Fields Page/a_Default/dropdown_fieldtype' is visible

2020-03-19 15:05:14 - [MESSAGE][WARNING] - Timeout '0' is invalid. Using default page load timeout: '30'

2020-03-19 15:05:14 - [MESSAGE][PASSED] - Object 'Object Repository/ADMIN/Custom Item Fields Page/a_Default/dropdown_fieldtype' is visible

2020-03-19 15:05:14 - [TEST_STEP][PASSED] - selectOptionByLabel(findTestObject("ADMIN/Custom Item Fields Page/a_Default/dropdown_fieldtype"), "Location", false): All options with label 'Location' are selected in object 'Object Repository/ADMIN/Custom Item Fields Page/a_Default/dropdown_fieldtype' 

2020-03-19 15:05:14 - [MESSAGE][PASSED] - All options with label 'Location' are selected in object 'Object Repository/ADMIN/Custom Item Fields Page/a_Default/dropdown_fieldtype' 

2020-03-19 15:05:14 - [TEST_STEP][PASSED] - comment("Field Name"): Field Name

2020-03-19 15:05:14 - [MESSAGE][INFO] - Field Name

2020-03-19 15:05:14 - [TEST_STEP][PASSED] - setText(findTestObject("ADMIN/Custom Item Fields Page/a_Default/textfield_fieldname"), varCustomFieldName): Text 'SPC_Location_NM' is set on object 'Object Repository/ADMIN/Custom Item Fields Page/a_Default/textfield_fieldname'

2020-03-19 15:05:14 - [MESSAGE][PASSED] - Text 'SPC_Location_NM' is set on object 'Object Repository/ADMIN/Custom Item Fields Page/a_Default/textfield_fieldname'

2020-03-19 15:05:14 - [TEST_STEP][PASSED] - comment("Mandatory/NonMandatory"): Mandatory/NonMandatory

2020-03-19 15:05:14 - [MESSAGE][INFO] - Mandatory/NonMandatory

2020-03-19 15:05:14 - [TEST_STEP][PASSED] - if (varMandatoryNonMandatory == "mandatory"): null

2020-03-19 15:05:14 - [TEST_STEP][PASSED] - else if (varMandatoryNonMandatory == "non-mandatory"): Object: 'Object Repository/ADMIN/Custom Item Fields Page/a_Default/togglebutton_mandatory' is clicked on

2020-03-19 15:05:14 - [TEST_STEP][PASSED] - waitForElementVisible(findTestObject("ADMIN/Custom Item Fields Page/a_Default/togglebutton_mandatory"), 0, CONTINUE_ON_FAILURE): Object 'Object Repository/ADMIN/Custom Item Fields Page/a_Default/togglebutton_mandatory' is visible

2020-03-19 15:05:14 - [MESSAGE][WARNING] - Timeout '0' is invalid. Using default page load timeout: '30'

2020-03-19 15:05:14 - [MESSAGE][PASSED] - Object 'Object Repository/ADMIN/Custom Item Fields Page/a_Default/togglebutton_mandatory' is visible

2020-03-19 15:05:14 - [TEST_STEP][PASSED] - click(findTestObject("ADMIN/Custom Item Fields Page/a_Default/togglebutton_mandatory")): Object: 'Object Repository/ADMIN/Custom Item Fields Page/a_Default/togglebutton_mandatory' is clicked on

2020-03-19 15:05:15 - [MESSAGE][PASSED] - Object: 'Object Repository/ADMIN/Custom Item Fields Page/a_Default/togglebutton_mandatory' is clicked on

2020-03-19 15:05:15 - [TEST_STEP][PASSED] - comment("Assign Category"): Assign Category

2020-03-19 15:05:15 - [MESSAGE][INFO] - Assign Category

2020-03-19 15:05:15 - [TEST_STEP][PASSED] - click(findTestObject("ADMIN/Custom Item Fields Page/a_Default/button_SelectCategories")): Object: 'Object Repository/ADMIN/Custom Item Fields Page/a_Default/button_SelectCategories' is clicked on

2020-03-19 15:05:15 - [MESSAGE][PASSED] - Object: 'Object Repository/ADMIN/Custom Item Fields Page/a_Default/button_SelectCategories' is clicked on

2020-03-19 15:05:15 - [TEST_STEP][PASSED] - waitForElementVisible(findTestObject("ADMIN/Custom Item Fields List Page/a_SelectCategories/searchbox_Category"), 0): Object 'Object Repository/ADMIN/Custom Item Fields List Page/a_SelectCategories/searchbox_Category' is visible

2020-03-19 15:05:15 - [MESSAGE][WARNING] - Timeout '0' is invalid. Using default page load timeout: '30'

2020-03-19 15:05:15 - [MESSAGE][PASSED] - Object 'Object Repository/ADMIN/Custom Item Fields List Page/a_SelectCategories/searchbox_Category' is visible

2020-03-19 15:05:15 - [TEST_STEP][PASSED] - comment("Category Assignment"): Category Assignment

2020-03-19 15:05:15 - [MESSAGE][INFO] - Category Assignment

2020-03-19 15:05:15 - [TEST_STEP][PASSED] - if (varAssignedCategory == "All Cat"): null

2020-03-19 15:05:15 - [TEST_STEP][PASSED] - else if (varAssignedCategory == "Category 01"): null

2020-03-19 15:05:15 - [TEST_STEP][PASSED] - else if (varAssignedCategory == "Category 2.1"): Object: 'Object Repository/ADMIN/Custom Item Fields List Page/a_SelectCategories/a_Categories/checkbox_2.1' is clicked on

2020-03-19 15:05:15 - [TEST_STEP][PASSED] - setText(findTestObject("ADMIN/Custom Item Fields List Page/a_SelectCategories/searchbox_Category"), varAssignedCategory, CONTINUE_ON_FAILURE): Text 'Category 2.1' is set on object 'Object Repository/ADMIN/Custom Item Fields List Page/a_SelectCategories/searchbox_Category'

2020-03-19 15:05:16 - [MESSAGE][PASSED] - Text 'Category 2.1' is set on object 'Object Repository/ADMIN/Custom Item Fields List Page/a_SelectCategories/searchbox_Category'

2020-03-19 15:05:16 - [TEST_STEP][PASSED] - click(findTestObject("ADMIN/Custom Item Fields List Page/a_SelectCategories/a_Categories/checkbox_2.1")): Object: 'Object Repository/ADMIN/Custom Item Fields List Page/a_SelectCategories/a_Categories/checkbox_2.1' is clicked on

2020-03-19 15:05:16 - [MESSAGE][PASSED] - Object: 'Object Repository/ADMIN/Custom Item Fields List Page/a_SelectCategories/a_Categories/checkbox_2.1' is clicked on

2020-03-19 15:05:16 - [TEST_STEP][PASSED] - click(findTestObject("ADMIN/Custom Item Fields List Page/a_SelectCategories/button_Save"), STOP_ON_FAILURE): Object: 'Object Repository/ADMIN/Custom Item Fields List Page/a_SelectCategories/button_Save' is clicked on

2020-03-19 15:05:16 - [MESSAGE][PASSED] - Object: 'Object Repository/ADMIN/Custom Item Fields List Page/a_SelectCategories/button_Save' is clicked on

2020-03-19 15:05:16 - [TEST_STEP][PASSED] - delay(2, CONTINUE_ON_FAILURE): Delayed 2 second(s)

2020-03-19 15:05:18 - [MESSAGE][PASSED] - Delayed 2 second(s)

2020-03-19 15:05:18 - [TEST_STEP][PASSED] - click(findTestObject("ADMIN/Custom Item Fields Page/a_Default/button_Save1"), STOP_ON_FAILURE): Object: 'Object Repository/ADMIN/Custom Item Fields Page/a_Default/button_Save1' is clicked on

2020-03-19 15:05:18 - [MESSAGE][PASSED] - Object: 'Object Repository/ADMIN/Custom Item Fields Page/a_Default/button_Save1' is clicked on

2020-03-19 15:05:18 - [TEST_STEP][PASSED] - waitForElementVisible(findTestObject("ADMIN/Custom Item Fields List Page/button_Add Field"), 0): Object 'Object Repository/ADMIN/Custom Item Fields List Page/button_Add Field' is visible

2020-03-19 15:05:18 - [MESSAGE][WARNING] - Timeout '0' is invalid. Using default page load timeout: '30'

2020-03-19 15:05:20 - [MESSAGE][PASSED] - Object 'Object Repository/ADMIN/Custom Item Fields List Page/button_Add Field' is visible]]></system-out>
         <system-err><![CDATA[]]></system-err>
      </testcase>
      <testcase name="Test Cases/ADMIN/Custom Fields Page/Add Custom Item Fields/Add_CF_DataDriven" time="8.3" classname="Test Cases/ADMIN/Custom Fields Page/Add Custom Item Fields/Add_CF_DataDriven" status="PASSED">
         <system-out><![CDATA[2020-03-19 15:05:20 - [TEST_CASE][PASSED] - Test Cases/ADMIN/Custom Fields Page/Add Custom Item Fields/Add_CF_DataDriven: Test Cases/ADMIN/Custom Fields Page/Add Custom Item Fields/Add_CF_DataDriven

2020-03-19 15:05:20 - [TEST_STEP][PASSED] - waitForElementVisible(findTestObject("ADMIN/Custom Item Fields List Page/button_Add Field"), 0): Object 'Object Repository/ADMIN/Custom Item Fields List Page/button_Add Field' is visible

2020-03-19 15:05:20 - [MESSAGE][WARNING] - Timeout '0' is invalid. Using default page load timeout: '30'

2020-03-19 15:05:20 - [MESSAGE][PASSED] - Object 'Object Repository/ADMIN/Custom Item Fields List Page/button_Add Field' is visible

2020-03-19 15:05:20 - [TEST_STEP][PASSED] - click(findTestObject("ADMIN/Custom Item Fields List Page/button_Add Field"), STOP_ON_FAILURE): Object: 'Object Repository/ADMIN/Custom Item Fields List Page/button_Add Field' is clicked on

2020-03-19 15:05:21 - [MESSAGE][PASSED] - Object: 'Object Repository/ADMIN/Custom Item Fields List Page/button_Add Field' is clicked on

2020-03-19 15:05:21 - [TEST_STEP][PASSED] - comment("Choose Field Type"): Choose Field Type

2020-03-19 15:05:21 - [MESSAGE][INFO] - Choose Field Type

2020-03-19 15:05:21 - [TEST_STEP][PASSED] - if (varCustomFieldType == "Checkbox"): null

2020-03-19 15:05:21 - [TEST_STEP][PASSED] - else if (varCustomFieldType == "Date / Time picker"): null

2020-03-19 15:05:21 - [TEST_STEP][PASSED] - else if (varCustomFieldType == "Drop Down"): null

2020-03-19 15:05:21 - [TEST_STEP][PASSED] - else if (varCustomFieldType == "Email"): null

2020-03-19 15:05:21 - [TEST_STEP][PASSED] - else if (varCustomFieldType == "Embed Video"): null

2020-03-19 15:05:21 - [TEST_STEP][PASSED] - else if (varCustomFieldType == "Hyperlink / URL"): null

2020-03-19 15:05:21 - [TEST_STEP][PASSED] - else if (varCustomFieldType == "Location"): null

2020-03-19 15:05:21 - [TEST_STEP][PASSED] - else if (varCustomFieldType == "Number"): null

2020-03-19 15:05:21 - [TEST_STEP][PASSED] - else if (varCustomFieldType == "PDF File"): All options with label 'PDF File' are selected in object 'Object Repository/ADMIN/Custom Item Fields Page/a_Default/dropdown_fieldtype' 

2020-03-19 15:05:21 - [TEST_STEP][PASSED] - waitForElementVisible(findTestObject("ADMIN/Custom Item Fields Page/a_Default/dropdown_fieldtype"), 0, CONTINUE_ON_FAILURE): Object 'Object Repository/ADMIN/Custom Item Fields Page/a_Default/dropdown_fieldtype' is visible

2020-03-19 15:05:21 - [MESSAGE][WARNING] - Timeout '0' is invalid. Using default page load timeout: '30'

2020-03-19 15:05:22 - [MESSAGE][PASSED] - Object 'Object Repository/ADMIN/Custom Item Fields Page/a_Default/dropdown_fieldtype' is visible

2020-03-19 15:05:22 - [TEST_STEP][PASSED] - selectOptionByLabel(findTestObject("ADMIN/Custom Item Fields Page/a_Default/dropdown_fieldtype"), "PDF File", false): All options with label 'PDF File' are selected in object 'Object Repository/ADMIN/Custom Item Fields Page/a_Default/dropdown_fieldtype' 

2020-03-19 15:05:22 - [MESSAGE][PASSED] - All options with label 'PDF File' are selected in object 'Object Repository/ADMIN/Custom Item Fields Page/a_Default/dropdown_fieldtype' 

2020-03-19 15:05:22 - [TEST_STEP][PASSED] - comment("Field Name"): Field Name

2020-03-19 15:05:22 - [MESSAGE][INFO] - Field Name

2020-03-19 15:05:22 - [TEST_STEP][PASSED] - setText(findTestObject("ADMIN/Custom Item Fields Page/a_Default/textfield_fieldname"), varCustomFieldName): Text 'SPC_PDF File_NM' is set on object 'Object Repository/ADMIN/Custom Item Fields Page/a_Default/textfield_fieldname'

2020-03-19 15:05:22 - [MESSAGE][PASSED] - Text 'SPC_PDF File_NM' is set on object 'Object Repository/ADMIN/Custom Item Fields Page/a_Default/textfield_fieldname'

2020-03-19 15:05:22 - [TEST_STEP][PASSED] - comment("Mandatory/NonMandatory"): Mandatory/NonMandatory

2020-03-19 15:05:22 - [MESSAGE][INFO] - Mandatory/NonMandatory

2020-03-19 15:05:22 - [TEST_STEP][PASSED] - if (varMandatoryNonMandatory == "mandatory"): null

2020-03-19 15:05:22 - [TEST_STEP][PASSED] - else if (varMandatoryNonMandatory == "non-mandatory"): Object: 'Object Repository/ADMIN/Custom Item Fields Page/a_Default/togglebutton_mandatory' is clicked on

2020-03-19 15:05:22 - [TEST_STEP][PASSED] - waitForElementVisible(findTestObject("ADMIN/Custom Item Fields Page/a_Default/togglebutton_mandatory"), 0, CONTINUE_ON_FAILURE): Object 'Object Repository/ADMIN/Custom Item Fields Page/a_Default/togglebutton_mandatory' is visible

2020-03-19 15:05:22 - [MESSAGE][WARNING] - Timeout '0' is invalid. Using default page load timeout: '30'

2020-03-19 15:05:22 - [MESSAGE][PASSED] - Object 'Object Repository/ADMIN/Custom Item Fields Page/a_Default/togglebutton_mandatory' is visible

2020-03-19 15:05:22 - [TEST_STEP][PASSED] - click(findTestObject("ADMIN/Custom Item Fields Page/a_Default/togglebutton_mandatory")): Object: 'Object Repository/ADMIN/Custom Item Fields Page/a_Default/togglebutton_mandatory' is clicked on

2020-03-19 15:05:23 - [MESSAGE][PASSED] - Object: 'Object Repository/ADMIN/Custom Item Fields Page/a_Default/togglebutton_mandatory' is clicked on

2020-03-19 15:05:23 - [TEST_STEP][PASSED] - comment("Assign Category"): Assign Category

2020-03-19 15:05:23 - [MESSAGE][INFO] - Assign Category

2020-03-19 15:05:23 - [TEST_STEP][PASSED] - click(findTestObject("ADMIN/Custom Item Fields Page/a_Default/button_SelectCategories")): Object: 'Object Repository/ADMIN/Custom Item Fields Page/a_Default/button_SelectCategories' is clicked on

2020-03-19 15:05:23 - [MESSAGE][PASSED] - Object: 'Object Repository/ADMIN/Custom Item Fields Page/a_Default/button_SelectCategories' is clicked on

2020-03-19 15:05:23 - [TEST_STEP][PASSED] - waitForElementVisible(findTestObject("ADMIN/Custom Item Fields List Page/a_SelectCategories/searchbox_Category"), 0): Object 'Object Repository/ADMIN/Custom Item Fields List Page/a_SelectCategories/searchbox_Category' is visible

2020-03-19 15:05:23 - [MESSAGE][WARNING] - Timeout '0' is invalid. Using default page load timeout: '30'

2020-03-19 15:05:23 - [MESSAGE][PASSED] - Object 'Object Repository/ADMIN/Custom Item Fields List Page/a_SelectCategories/searchbox_Category' is visible

2020-03-19 15:05:23 - [TEST_STEP][PASSED] - comment("Category Assignment"): Category Assignment

2020-03-19 15:05:23 - [MESSAGE][INFO] - Category Assignment

2020-03-19 15:05:23 - [TEST_STEP][PASSED] - if (varAssignedCategory == "All Cat"): null

2020-03-19 15:05:23 - [TEST_STEP][PASSED] - else if (varAssignedCategory == "Category 01"): null

2020-03-19 15:05:23 - [TEST_STEP][PASSED] - else if (varAssignedCategory == "Category 2.1"): Object: 'Object Repository/ADMIN/Custom Item Fields List Page/a_SelectCategories/a_Categories/checkbox_2.1' is clicked on

2020-03-19 15:05:23 - [TEST_STEP][PASSED] - setText(findTestObject("ADMIN/Custom Item Fields List Page/a_SelectCategories/searchbox_Category"), varAssignedCategory, CONTINUE_ON_FAILURE): Text 'Category 2.1' is set on object 'Object Repository/ADMIN/Custom Item Fields List Page/a_SelectCategories/searchbox_Category'

2020-03-19 15:05:24 - [MESSAGE][PASSED] - Text 'Category 2.1' is set on object 'Object Repository/ADMIN/Custom Item Fields List Page/a_SelectCategories/searchbox_Category'

2020-03-19 15:05:24 - [TEST_STEP][PASSED] - click(findTestObject("ADMIN/Custom Item Fields List Page/a_SelectCategories/a_Categories/checkbox_2.1")): Object: 'Object Repository/ADMIN/Custom Item Fields List Page/a_SelectCategories/a_Categories/checkbox_2.1' is clicked on

2020-03-19 15:05:24 - [MESSAGE][PASSED] - Object: 'Object Repository/ADMIN/Custom Item Fields List Page/a_SelectCategories/a_Categories/checkbox_2.1' is clicked on

2020-03-19 15:05:24 - [TEST_STEP][PASSED] - click(findTestObject("ADMIN/Custom Item Fields List Page/a_SelectCategories/button_Save"), STOP_ON_FAILURE): Object: 'Object Repository/ADMIN/Custom Item Fields List Page/a_SelectCategories/button_Save' is clicked on

2020-03-19 15:05:24 - [MESSAGE][PASSED] - Object: 'Object Repository/ADMIN/Custom Item Fields List Page/a_SelectCategories/button_Save' is clicked on

2020-03-19 15:05:24 - [TEST_STEP][PASSED] - delay(2, CONTINUE_ON_FAILURE): Delayed 2 second(s)

2020-03-19 15:05:26 - [MESSAGE][PASSED] - Delayed 2 second(s)

2020-03-19 15:05:26 - [TEST_STEP][PASSED] - click(findTestObject("ADMIN/Custom Item Fields Page/a_Default/button_Save1"), STOP_ON_FAILURE): Object: 'Object Repository/ADMIN/Custom Item Fields Page/a_Default/button_Save1' is clicked on

2020-03-19 15:05:26 - [MESSAGE][PASSED] - Object: 'Object Repository/ADMIN/Custom Item Fields Page/a_Default/button_Save1' is clicked on

2020-03-19 15:05:26 - [TEST_STEP][PASSED] - waitForElementVisible(findTestObject("ADMIN/Custom Item Fields List Page/button_Add Field"), 0): Object 'Object Repository/ADMIN/Custom Item Fields List Page/button_Add Field' is visible

2020-03-19 15:05:26 - [MESSAGE][WARNING] - Timeout '0' is invalid. Using default page load timeout: '30'

2020-03-19 15:05:29 - [MESSAGE][PASSED] - Object 'Object Repository/ADMIN/Custom Item Fields List Page/button_Add Field' is visible]]></system-out>
         <system-err><![CDATA[]]></system-err>
      </testcase>
      <testcase name="Test Cases/ADMIN/Custom Fields Page/Add Custom Item Fields/Add_CF_DataDriven" time="8.294" classname="Test Cases/ADMIN/Custom Fields Page/Add Custom Item Fields/Add_CF_DataDriven" status="PASSED">
         <system-out><![CDATA[2020-03-19 15:05:29 - [TEST_CASE][PASSED] - Test Cases/ADMIN/Custom Fields Page/Add Custom Item Fields/Add_CF_DataDriven: Test Cases/ADMIN/Custom Fields Page/Add Custom Item Fields/Add_CF_DataDriven

2020-03-19 15:05:29 - [TEST_STEP][PASSED] - waitForElementVisible(findTestObject("ADMIN/Custom Item Fields List Page/button_Add Field"), 0): Object 'Object Repository/ADMIN/Custom Item Fields List Page/button_Add Field' is visible

2020-03-19 15:05:29 - [MESSAGE][WARNING] - Timeout '0' is invalid. Using default page load timeout: '30'

2020-03-19 15:05:29 - [MESSAGE][PASSED] - Object 'Object Repository/ADMIN/Custom Item Fields List Page/button_Add Field' is visible

2020-03-19 15:05:29 - [TEST_STEP][PASSED] - click(findTestObject("ADMIN/Custom Item Fields List Page/button_Add Field"), STOP_ON_FAILURE): Object: 'Object Repository/ADMIN/Custom Item Fields List Page/button_Add Field' is clicked on

2020-03-19 15:05:30 - [MESSAGE][PASSED] - Object: 'Object Repository/ADMIN/Custom Item Fields List Page/button_Add Field' is clicked on

2020-03-19 15:05:30 - [TEST_STEP][PASSED] - comment("Choose Field Type"): Choose Field Type

2020-03-19 15:05:30 - [MESSAGE][INFO] - Choose Field Type

2020-03-19 15:05:30 - [TEST_STEP][PASSED] - if (varCustomFieldType == "Checkbox"): null

2020-03-19 15:05:30 - [TEST_STEP][PASSED] - else if (varCustomFieldType == "Date / Time picker"): null

2020-03-19 15:05:30 - [TEST_STEP][PASSED] - else if (varCustomFieldType == "Drop Down"): null

2020-03-19 15:05:30 - [TEST_STEP][PASSED] - else if (varCustomFieldType == "Email"): null

2020-03-19 15:05:30 - [TEST_STEP][PASSED] - else if (varCustomFieldType == "Embed Video"): All options with label 'Embed Video' are selected in object 'Object Repository/ADMIN/Custom Item Fields Page/a_Default/dropdown_fieldtype' 

2020-03-19 15:05:30 - [TEST_STEP][PASSED] - waitForElementVisible(findTestObject("ADMIN/Custom Item Fields Page/a_Default/dropdown_fieldtype"), 0, CONTINUE_ON_FAILURE): Object 'Object Repository/ADMIN/Custom Item Fields Page/a_Default/dropdown_fieldtype' is visible

2020-03-19 15:05:30 - [MESSAGE][WARNING] - Timeout '0' is invalid. Using default page load timeout: '30'

2020-03-19 15:05:30 - [MESSAGE][PASSED] - Object 'Object Repository/ADMIN/Custom Item Fields Page/a_Default/dropdown_fieldtype' is visible

2020-03-19 15:05:30 - [TEST_STEP][PASSED] - selectOptionByLabel(findTestObject("ADMIN/Custom Item Fields Page/a_Default/dropdown_fieldtype"), "Embed Video", false): All options with label 'Embed Video' are selected in object 'Object Repository/ADMIN/Custom Item Fields Page/a_Default/dropdown_fieldtype' 

2020-03-19 15:05:30 - [MESSAGE][PASSED] - All options with label 'Embed Video' are selected in object 'Object Repository/ADMIN/Custom Item Fields Page/a_Default/dropdown_fieldtype' 

2020-03-19 15:05:30 - [TEST_STEP][PASSED] - comment("Field Name"): Field Name

2020-03-19 15:05:30 - [MESSAGE][INFO] - Field Name

2020-03-19 15:05:30 - [TEST_STEP][PASSED] - setText(findTestObject("ADMIN/Custom Item Fields Page/a_Default/textfield_fieldname"), varCustomFieldName): Text 'SPC_Video_NM' is set on object 'Object Repository/ADMIN/Custom Item Fields Page/a_Default/textfield_fieldname'

2020-03-19 15:05:31 - [MESSAGE][PASSED] - Text 'SPC_Video_NM' is set on object 'Object Repository/ADMIN/Custom Item Fields Page/a_Default/textfield_fieldname'

2020-03-19 15:05:31 - [TEST_STEP][PASSED] - comment("Mandatory/NonMandatory"): Mandatory/NonMandatory

2020-03-19 15:05:31 - [MESSAGE][INFO] - Mandatory/NonMandatory

2020-03-19 15:05:31 - [TEST_STEP][PASSED] - if (varMandatoryNonMandatory == "mandatory"): null

2020-03-19 15:05:31 - [TEST_STEP][PASSED] - else if (varMandatoryNonMandatory == "non-mandatory"): Object: 'Object Repository/ADMIN/Custom Item Fields Page/a_Default/togglebutton_mandatory' is clicked on

2020-03-19 15:05:31 - [TEST_STEP][PASSED] - waitForElementVisible(findTestObject("ADMIN/Custom Item Fields Page/a_Default/togglebutton_mandatory"), 0, CONTINUE_ON_FAILURE): Object 'Object Repository/ADMIN/Custom Item Fields Page/a_Default/togglebutton_mandatory' is visible

2020-03-19 15:05:31 - [MESSAGE][WARNING] - Timeout '0' is invalid. Using default page load timeout: '30'

2020-03-19 15:05:31 - [MESSAGE][PASSED] - Object 'Object Repository/ADMIN/Custom Item Fields Page/a_Default/togglebutton_mandatory' is visible

2020-03-19 15:05:31 - [TEST_STEP][PASSED] - click(findTestObject("ADMIN/Custom Item Fields Page/a_Default/togglebutton_mandatory")): Object: 'Object Repository/ADMIN/Custom Item Fields Page/a_Default/togglebutton_mandatory' is clicked on

2020-03-19 15:05:31 - [MESSAGE][PASSED] - Object: 'Object Repository/ADMIN/Custom Item Fields Page/a_Default/togglebutton_mandatory' is clicked on

2020-03-19 15:05:31 - [TEST_STEP][PASSED] - comment("Assign Category"): Assign Category

2020-03-19 15:05:31 - [MESSAGE][INFO] - Assign Category

2020-03-19 15:05:31 - [TEST_STEP][PASSED] - click(findTestObject("ADMIN/Custom Item Fields Page/a_Default/button_SelectCategories")): Object: 'Object Repository/ADMIN/Custom Item Fields Page/a_Default/button_SelectCategories' is clicked on

2020-03-19 15:05:31 - [MESSAGE][PASSED] - Object: 'Object Repository/ADMIN/Custom Item Fields Page/a_Default/button_SelectCategories' is clicked on

2020-03-19 15:05:31 - [TEST_STEP][PASSED] - waitForElementVisible(findTestObject("ADMIN/Custom Item Fields List Page/a_SelectCategories/searchbox_Category"), 0): Object 'Object Repository/ADMIN/Custom Item Fields List Page/a_SelectCategories/searchbox_Category' is visible

2020-03-19 15:05:31 - [MESSAGE][WARNING] - Timeout '0' is invalid. Using default page load timeout: '30'

2020-03-19 15:05:32 - [MESSAGE][PASSED] - Object 'Object Repository/ADMIN/Custom Item Fields List Page/a_SelectCategories/searchbox_Category' is visible

2020-03-19 15:05:32 - [TEST_STEP][PASSED] - comment("Category Assignment"): Category Assignment

2020-03-19 15:05:32 - [MESSAGE][INFO] - Category Assignment

2020-03-19 15:05:32 - [TEST_STEP][PASSED] - if (varAssignedCategory == "All Cat"): null

2020-03-19 15:05:32 - [TEST_STEP][PASSED] - else if (varAssignedCategory == "Category 01"): null

2020-03-19 15:05:32 - [TEST_STEP][PASSED] - else if (varAssignedCategory == "Category 2.1"): Object: 'Object Repository/ADMIN/Custom Item Fields List Page/a_SelectCategories/a_Categories/checkbox_2.1' is clicked on

2020-03-19 15:05:32 - [TEST_STEP][PASSED] - setText(findTestObject("ADMIN/Custom Item Fields List Page/a_SelectCategories/searchbox_Category"), varAssignedCategory, CONTINUE_ON_FAILURE): Text 'Category 2.1' is set on object 'Object Repository/ADMIN/Custom Item Fields List Page/a_SelectCategories/searchbox_Category'

2020-03-19 15:05:32 - [MESSAGE][PASSED] - Text 'Category 2.1' is set on object 'Object Repository/ADMIN/Custom Item Fields List Page/a_SelectCategories/searchbox_Category'

2020-03-19 15:05:32 - [TEST_STEP][PASSED] - click(findTestObject("ADMIN/Custom Item Fields List Page/a_SelectCategories/a_Categories/checkbox_2.1")): Object: 'Object Repository/ADMIN/Custom Item Fields List Page/a_SelectCategories/a_Categories/checkbox_2.1' is clicked on

2020-03-19 15:05:32 - [MESSAGE][PASSED] - Object: 'Object Repository/ADMIN/Custom Item Fields List Page/a_SelectCategories/a_Categories/checkbox_2.1' is clicked on

2020-03-19 15:05:32 - [TEST_STEP][PASSED] - click(findTestObject("ADMIN/Custom Item Fields List Page/a_SelectCategories/button_Save"), STOP_ON_FAILURE): Object: 'Object Repository/ADMIN/Custom Item Fields List Page/a_SelectCategories/button_Save' is clicked on

2020-03-19 15:05:33 - [MESSAGE][PASSED] - Object: 'Object Repository/ADMIN/Custom Item Fields List Page/a_SelectCategories/button_Save' is clicked on

2020-03-19 15:05:33 - [TEST_STEP][PASSED] - delay(2, CONTINUE_ON_FAILURE): Delayed 2 second(s)

2020-03-19 15:05:35 - [MESSAGE][PASSED] - Delayed 2 second(s)

2020-03-19 15:05:35 - [TEST_STEP][PASSED] - click(findTestObject("ADMIN/Custom Item Fields Page/a_Default/button_Save1"), STOP_ON_FAILURE): Object: 'Object Repository/ADMIN/Custom Item Fields Page/a_Default/button_Save1' is clicked on

2020-03-19 15:05:35 - [MESSAGE][PASSED] - Object: 'Object Repository/ADMIN/Custom Item Fields Page/a_Default/button_Save1' is clicked on

2020-03-19 15:05:35 - [TEST_STEP][PASSED] - waitForElementVisible(findTestObject("ADMIN/Custom Item Fields List Page/button_Add Field"), 0): Object 'Object Repository/ADMIN/Custom Item Fields List Page/button_Add Field' is visible

2020-03-19 15:05:35 - [MESSAGE][WARNING] - Timeout '0' is invalid. Using default page load timeout: '30'

2020-03-19 15:05:37 - [MESSAGE][PASSED] - Object 'Object Repository/ADMIN/Custom Item Fields List Page/button_Add Field' is visible]]></system-out>
         <system-err><![CDATA[]]></system-err>
      </testcase>
      <testcase name="Test Cases/ADMIN/Custom Fields Page/Add Custom Item Fields/Add_CF_DataDriven" time="8.075" classname="Test Cases/ADMIN/Custom Fields Page/Add Custom Item Fields/Add_CF_DataDriven" status="PASSED">
         <system-out><![CDATA[2020-03-19 15:05:37 - [TEST_CASE][PASSED] - Test Cases/ADMIN/Custom Fields Page/Add Custom Item Fields/Add_CF_DataDriven: Test Cases/ADMIN/Custom Fields Page/Add Custom Item Fields/Add_CF_DataDriven

2020-03-19 15:05:37 - [TEST_STEP][PASSED] - waitForElementVisible(findTestObject("ADMIN/Custom Item Fields List Page/button_Add Field"), 0): Object 'Object Repository/ADMIN/Custom Item Fields List Page/button_Add Field' is visible

2020-03-19 15:05:37 - [MESSAGE][WARNING] - Timeout '0' is invalid. Using default page load timeout: '30'

2020-03-19 15:05:37 - [MESSAGE][PASSED] - Object 'Object Repository/ADMIN/Custom Item Fields List Page/button_Add Field' is visible

2020-03-19 15:05:37 - [TEST_STEP][PASSED] - click(findTestObject("ADMIN/Custom Item Fields List Page/button_Add Field"), STOP_ON_FAILURE): Object: 'Object Repository/ADMIN/Custom Item Fields List Page/button_Add Field' is clicked on

2020-03-19 15:05:38 - [MESSAGE][PASSED] - Object: 'Object Repository/ADMIN/Custom Item Fields List Page/button_Add Field' is clicked on

2020-03-19 15:05:38 - [TEST_STEP][PASSED] - comment("Choose Field Type"): Choose Field Type

2020-03-19 15:05:38 - [MESSAGE][INFO] - Choose Field Type

2020-03-19 15:05:38 - [TEST_STEP][PASSED] - if (varCustomFieldType == "Checkbox"): null

2020-03-19 15:05:38 - [TEST_STEP][PASSED] - else if (varCustomFieldType == "Date / Time picker"): All options with label 'Date / Time picker' are selected in object 'Object Repository/ADMIN/Custom Item Fields Page/a_Default/dropdown_fieldtype' 

2020-03-19 15:05:38 - [TEST_STEP][PASSED] - waitForElementVisible(findTestObject("ADMIN/Custom Item Fields Page/a_Default/dropdown_fieldtype"), 0, CONTINUE_ON_FAILURE): Object 'Object Repository/ADMIN/Custom Item Fields Page/a_Default/dropdown_fieldtype' is visible

2020-03-19 15:05:38 - [MESSAGE][WARNING] - Timeout '0' is invalid. Using default page load timeout: '30'

2020-03-19 15:05:38 - [MESSAGE][PASSED] - Object 'Object Repository/ADMIN/Custom Item Fields Page/a_Default/dropdown_fieldtype' is visible

2020-03-19 15:05:38 - [TEST_STEP][PASSED] - selectOptionByLabel(findTestObject("ADMIN/Custom Item Fields Page/a_Default/dropdown_fieldtype"), "Date / Time picker", false): All options with label 'Date / Time picker' are selected in object 'Object Repository/ADMIN/Custom Item Fields Page/a_Default/dropdown_fieldtype' 

2020-03-19 15:05:38 - [MESSAGE][PASSED] - All options with label 'Date / Time picker' are selected in object 'Object Repository/ADMIN/Custom Item Fields Page/a_Default/dropdown_fieldtype' 

2020-03-19 15:05:38 - [TEST_STEP][PASSED] - comment("Field Name"): Field Name

2020-03-19 15:05:38 - [MESSAGE][INFO] - Field Name

2020-03-19 15:05:38 - [TEST_STEP][PASSED] - setText(findTestObject("ADMIN/Custom Item Fields Page/a_Default/textfield_fieldname"), varCustomFieldName): Text 'SPC_Date / Time_On_NM' is set on object 'Object Repository/ADMIN/Custom Item Fields Page/a_Default/textfield_fieldname'

2020-03-19 15:05:39 - [MESSAGE][PASSED] - Text 'SPC_Date / Time_On_NM' is set on object 'Object Repository/ADMIN/Custom Item Fields Page/a_Default/textfield_fieldname'

2020-03-19 15:05:39 - [TEST_STEP][PASSED] - comment("Mandatory/NonMandatory"): Mandatory/NonMandatory

2020-03-19 15:05:39 - [MESSAGE][INFO] - Mandatory/NonMandatory

2020-03-19 15:05:39 - [TEST_STEP][PASSED] - if (varMandatoryNonMandatory == "mandatory"): null

2020-03-19 15:05:39 - [TEST_STEP][PASSED] - else if (varMandatoryNonMandatory == "non-mandatory"): Object: 'Object Repository/ADMIN/Custom Item Fields Page/a_Default/togglebutton_mandatory' is clicked on

2020-03-19 15:05:39 - [TEST_STEP][PASSED] - waitForElementVisible(findTestObject("ADMIN/Custom Item Fields Page/a_Default/togglebutton_mandatory"), 0, CONTINUE_ON_FAILURE): Object 'Object Repository/ADMIN/Custom Item Fields Page/a_Default/togglebutton_mandatory' is visible

2020-03-19 15:05:39 - [MESSAGE][WARNING] - Timeout '0' is invalid. Using default page load timeout: '30'

2020-03-19 15:05:39 - [MESSAGE][PASSED] - Object 'Object Repository/ADMIN/Custom Item Fields Page/a_Default/togglebutton_mandatory' is visible

2020-03-19 15:05:39 - [TEST_STEP][PASSED] - click(findTestObject("ADMIN/Custom Item Fields Page/a_Default/togglebutton_mandatory")): Object: 'Object Repository/ADMIN/Custom Item Fields Page/a_Default/togglebutton_mandatory' is clicked on

2020-03-19 15:05:39 - [MESSAGE][PASSED] - Object: 'Object Repository/ADMIN/Custom Item Fields Page/a_Default/togglebutton_mandatory' is clicked on

2020-03-19 15:05:39 - [TEST_STEP][PASSED] - comment("Assign Category"): Assign Category

2020-03-19 15:05:39 - [MESSAGE][INFO] - Assign Category

2020-03-19 15:05:39 - [TEST_STEP][PASSED] - click(findTestObject("ADMIN/Custom Item Fields Page/a_Default/button_SelectCategories")): Object: 'Object Repository/ADMIN/Custom Item Fields Page/a_Default/button_SelectCategories' is clicked on

2020-03-19 15:05:39 - [MESSAGE][PASSED] - Object: 'Object Repository/ADMIN/Custom Item Fields Page/a_Default/button_SelectCategories' is clicked on

2020-03-19 15:05:39 - [TEST_STEP][PASSED] - waitForElementVisible(findTestObject("ADMIN/Custom Item Fields List Page/a_SelectCategories/searchbox_Category"), 0): Object 'Object Repository/ADMIN/Custom Item Fields List Page/a_SelectCategories/searchbox_Category' is visible

2020-03-19 15:05:39 - [MESSAGE][WARNING] - Timeout '0' is invalid. Using default page load timeout: '30'

2020-03-19 15:05:40 - [MESSAGE][PASSED] - Object 'Object Repository/ADMIN/Custom Item Fields List Page/a_SelectCategories/searchbox_Category' is visible

2020-03-19 15:05:40 - [TEST_STEP][PASSED] - comment("Category Assignment"): Category Assignment

2020-03-19 15:05:40 - [MESSAGE][INFO] - Category Assignment

2020-03-19 15:05:40 - [TEST_STEP][PASSED] - if (varAssignedCategory == "All Cat"): null

2020-03-19 15:05:40 - [TEST_STEP][PASSED] - else if (varAssignedCategory == "Category 01"): null

2020-03-19 15:05:40 - [TEST_STEP][PASSED] - else if (varAssignedCategory == "Category 2.1"): Object: 'Object Repository/ADMIN/Custom Item Fields List Page/a_SelectCategories/a_Categories/checkbox_2.1' is clicked on

2020-03-19 15:05:40 - [TEST_STEP][PASSED] - setText(findTestObject("ADMIN/Custom Item Fields List Page/a_SelectCategories/searchbox_Category"), varAssignedCategory, CONTINUE_ON_FAILURE): Text 'Category 2.1' is set on object 'Object Repository/ADMIN/Custom Item Fields List Page/a_SelectCategories/searchbox_Category'

2020-03-19 15:05:40 - [MESSAGE][PASSED] - Text 'Category 2.1' is set on object 'Object Repository/ADMIN/Custom Item Fields List Page/a_SelectCategories/searchbox_Category'

2020-03-19 15:05:40 - [TEST_STEP][PASSED] - click(findTestObject("ADMIN/Custom Item Fields List Page/a_SelectCategories/a_Categories/checkbox_2.1")): Object: 'Object Repository/ADMIN/Custom Item Fields List Page/a_SelectCategories/a_Categories/checkbox_2.1' is clicked on

2020-03-19 15:05:41 - [MESSAGE][PASSED] - Object: 'Object Repository/ADMIN/Custom Item Fields List Page/a_SelectCategories/a_Categories/checkbox_2.1' is clicked on

2020-03-19 15:05:41 - [TEST_STEP][PASSED] - click(findTestObject("ADMIN/Custom Item Fields List Page/a_SelectCategories/button_Save"), STOP_ON_FAILURE): Object: 'Object Repository/ADMIN/Custom Item Fields List Page/a_SelectCategories/button_Save' is clicked on

2020-03-19 15:05:41 - [MESSAGE][PASSED] - Object: 'Object Repository/ADMIN/Custom Item Fields List Page/a_SelectCategories/button_Save' is clicked on

2020-03-19 15:05:41 - [TEST_STEP][PASSED] - delay(2, CONTINUE_ON_FAILURE): Delayed 2 second(s)

2020-03-19 15:05:43 - [MESSAGE][PASSED] - Delayed 2 second(s)

2020-03-19 15:05:43 - [TEST_STEP][PASSED] - click(findTestObject("ADMIN/Custom Item Fields Page/a_Default/button_Save1"), STOP_ON_FAILURE): Object: 'Object Repository/ADMIN/Custom Item Fields Page/a_Default/button_Save1' is clicked on

2020-03-19 15:05:43 - [MESSAGE][PASSED] - Object: 'Object Repository/ADMIN/Custom Item Fields Page/a_Default/button_Save1' is clicked on

2020-03-19 15:05:43 - [TEST_STEP][PASSED] - waitForElementVisible(findTestObject("ADMIN/Custom Item Fields List Page/button_Add Field"), 0): Object 'Object Repository/ADMIN/Custom Item Fields List Page/button_Add Field' is visible

2020-03-19 15:05:43 - [MESSAGE][WARNING] - Timeout '0' is invalid. Using default page load timeout: '30'

2020-03-19 15:05:45 - [MESSAGE][PASSED] - Object 'Object Repository/ADMIN/Custom Item Fields List Page/button_Add Field' is visible]]></system-out>
         <system-err><![CDATA[]]></system-err>
      </testcase>
      <testcase name="Test Cases/ADMIN/Custom Fields Page/Add Custom Item Fields/Add_CF_DataDriven" time="8.885" classname="Test Cases/ADMIN/Custom Fields Page/Add Custom Item Fields/Add_CF_DataDriven" status="PASSED">
         <system-out><![CDATA[2020-03-19 15:05:45 - [TEST_CASE][PASSED] - Test Cases/ADMIN/Custom Fields Page/Add Custom Item Fields/Add_CF_DataDriven: Test Cases/ADMIN/Custom Fields Page/Add Custom Item Fields/Add_CF_DataDriven

2020-03-19 15:05:45 - [TEST_STEP][PASSED] - waitForElementVisible(findTestObject("ADMIN/Custom Item Fields List Page/button_Add Field"), 0): Object 'Object Repository/ADMIN/Custom Item Fields List Page/button_Add Field' is visible

2020-03-19 15:05:45 - [MESSAGE][WARNING] - Timeout '0' is invalid. Using default page load timeout: '30'

2020-03-19 15:05:45 - [MESSAGE][PASSED] - Object 'Object Repository/ADMIN/Custom Item Fields List Page/button_Add Field' is visible

2020-03-19 15:05:45 - [TEST_STEP][PASSED] - click(findTestObject("ADMIN/Custom Item Fields List Page/button_Add Field"), STOP_ON_FAILURE): Object: 'Object Repository/ADMIN/Custom Item Fields List Page/button_Add Field' is clicked on

2020-03-19 15:05:47 - [MESSAGE][PASSED] - Object: 'Object Repository/ADMIN/Custom Item Fields List Page/button_Add Field' is clicked on

2020-03-19 15:05:47 - [TEST_STEP][PASSED] - comment("Choose Field Type"): Choose Field Type

2020-03-19 15:05:47 - [MESSAGE][INFO] - Choose Field Type

2020-03-19 15:05:47 - [TEST_STEP][PASSED] - if (varCustomFieldType == "Checkbox"): null

2020-03-19 15:05:47 - [TEST_STEP][PASSED] - else if (varCustomFieldType == "Date / Time picker"): All options with label 'Date / Time picker' are selected in object 'Object Repository/ADMIN/Custom Item Fields Page/a_Default/dropdown_fieldtype' 

2020-03-19 15:05:47 - [TEST_STEP][PASSED] - waitForElementVisible(findTestObject("ADMIN/Custom Item Fields Page/a_Default/dropdown_fieldtype"), 0, CONTINUE_ON_FAILURE): Object 'Object Repository/ADMIN/Custom Item Fields Page/a_Default/dropdown_fieldtype' is visible

2020-03-19 15:05:47 - [MESSAGE][WARNING] - Timeout '0' is invalid. Using default page load timeout: '30'

2020-03-19 15:05:47 - [MESSAGE][PASSED] - Object 'Object Repository/ADMIN/Custom Item Fields Page/a_Default/dropdown_fieldtype' is visible

2020-03-19 15:05:47 - [TEST_STEP][PASSED] - selectOptionByLabel(findTestObject("ADMIN/Custom Item Fields Page/a_Default/dropdown_fieldtype"), "Date / Time picker", false): All options with label 'Date / Time picker' are selected in object 'Object Repository/ADMIN/Custom Item Fields Page/a_Default/dropdown_fieldtype' 

2020-03-19 15:05:47 - [MESSAGE][PASSED] - All options with label 'Date / Time picker' are selected in object 'Object Repository/ADMIN/Custom Item Fields Page/a_Default/dropdown_fieldtype' 

2020-03-19 15:05:47 - [TEST_STEP][PASSED] - comment("Field Name"): Field Name

2020-03-19 15:05:47 - [MESSAGE][INFO] - Field Name

2020-03-19 15:05:47 - [TEST_STEP][PASSED] - setText(findTestObject("ADMIN/Custom Item Fields Page/a_Default/textfield_fieldname"), varCustomFieldName): Text 'SPC_Date / Time_Off_NM' is set on object 'Object Repository/ADMIN/Custom Item Fields Page/a_Default/textfield_fieldname'

2020-03-19 15:05:47 - [MESSAGE][PASSED] - Text 'SPC_Date / Time_Off_NM' is set on object 'Object Repository/ADMIN/Custom Item Fields Page/a_Default/textfield_fieldname'

2020-03-19 15:05:47 - [TEST_STEP][PASSED] - comment("Mandatory/NonMandatory"): Mandatory/NonMandatory

2020-03-19 15:05:47 - [MESSAGE][INFO] - Mandatory/NonMandatory

2020-03-19 15:05:47 - [TEST_STEP][PASSED] - if (varMandatoryNonMandatory == "mandatory"): null

2020-03-19 15:05:47 - [TEST_STEP][PASSED] - else if (varMandatoryNonMandatory == "non-mandatory"): Object: 'Object Repository/ADMIN/Custom Item Fields Page/a_Default/togglebutton_mandatory' is clicked on

2020-03-19 15:05:47 - [TEST_STEP][PASSED] - waitForElementVisible(findTestObject("ADMIN/Custom Item Fields Page/a_Default/togglebutton_mandatory"), 0, CONTINUE_ON_FAILURE): Object 'Object Repository/ADMIN/Custom Item Fields Page/a_Default/togglebutton_mandatory' is visible

2020-03-19 15:05:47 - [MESSAGE][WARNING] - Timeout '0' is invalid. Using default page load timeout: '30'

2020-03-19 15:05:48 - [MESSAGE][PASSED] - Object 'Object Repository/ADMIN/Custom Item Fields Page/a_Default/togglebutton_mandatory' is visible

2020-03-19 15:05:48 - [TEST_STEP][PASSED] - click(findTestObject("ADMIN/Custom Item Fields Page/a_Default/togglebutton_mandatory")): Object: 'Object Repository/ADMIN/Custom Item Fields Page/a_Default/togglebutton_mandatory' is clicked on

2020-03-19 15:05:48 - [MESSAGE][PASSED] - Object: 'Object Repository/ADMIN/Custom Item Fields Page/a_Default/togglebutton_mandatory' is clicked on

2020-03-19 15:05:48 - [TEST_STEP][PASSED] - comment("Assign Category"): Assign Category

2020-03-19 15:05:48 - [MESSAGE][INFO] - Assign Category

2020-03-19 15:05:48 - [TEST_STEP][PASSED] - click(findTestObject("ADMIN/Custom Item Fields Page/a_Default/button_SelectCategories")): Object: 'Object Repository/ADMIN/Custom Item Fields Page/a_Default/button_SelectCategories' is clicked on

2020-03-19 15:05:48 - [MESSAGE][PASSED] - Object: 'Object Repository/ADMIN/Custom Item Fields Page/a_Default/button_SelectCategories' is clicked on

2020-03-19 15:05:48 - [TEST_STEP][PASSED] - waitForElementVisible(findTestObject("ADMIN/Custom Item Fields List Page/a_SelectCategories/searchbox_Category"), 0): Object 'Object Repository/ADMIN/Custom Item Fields List Page/a_SelectCategories/searchbox_Category' is visible

2020-03-19 15:05:48 - [MESSAGE][WARNING] - Timeout '0' is invalid. Using default page load timeout: '30'

2020-03-19 15:05:49 - [MESSAGE][PASSED] - Object 'Object Repository/ADMIN/Custom Item Fields List Page/a_SelectCategories/searchbox_Category' is visible

2020-03-19 15:05:49 - [TEST_STEP][PASSED] - comment("Category Assignment"): Category Assignment

2020-03-19 15:05:49 - [MESSAGE][INFO] - Category Assignment

2020-03-19 15:05:49 - [TEST_STEP][PASSED] - if (varAssignedCategory == "All Cat"): null

2020-03-19 15:05:49 - [TEST_STEP][PASSED] - else if (varAssignedCategory == "Category 01"): null

2020-03-19 15:05:49 - [TEST_STEP][PASSED] - else if (varAssignedCategory == "Category 2.1"): Object: 'Object Repository/ADMIN/Custom Item Fields List Page/a_SelectCategories/a_Categories/checkbox_2.1' is clicked on

2020-03-19 15:05:49 - [TEST_STEP][PASSED] - setText(findTestObject("ADMIN/Custom Item Fields List Page/a_SelectCategories/searchbox_Category"), varAssignedCategory, CONTINUE_ON_FAILURE): Text 'Category 2.1' is set on object 'Object Repository/ADMIN/Custom Item Fields List Page/a_SelectCategories/searchbox_Category'

2020-03-19 15:05:49 - [MESSAGE][PASSED] - Text 'Category 2.1' is set on object 'Object Repository/ADMIN/Custom Item Fields List Page/a_SelectCategories/searchbox_Category'

2020-03-19 15:05:49 - [TEST_STEP][PASSED] - click(findTestObject("ADMIN/Custom Item Fields List Page/a_SelectCategories/a_Categories/checkbox_2.1")): Object: 'Object Repository/ADMIN/Custom Item Fields List Page/a_SelectCategories/a_Categories/checkbox_2.1' is clicked on

2020-03-19 15:05:49 - [MESSAGE][PASSED] - Object: 'Object Repository/ADMIN/Custom Item Fields List Page/a_SelectCategories/a_Categories/checkbox_2.1' is clicked on

2020-03-19 15:05:49 - [TEST_STEP][PASSED] - click(findTestObject("ADMIN/Custom Item Fields List Page/a_SelectCategories/button_Save"), STOP_ON_FAILURE): Object: 'Object Repository/ADMIN/Custom Item Fields List Page/a_SelectCategories/button_Save' is clicked on

2020-03-19 15:05:49 - [MESSAGE][PASSED] - Object: 'Object Repository/ADMIN/Custom Item Fields List Page/a_SelectCategories/button_Save' is clicked on

2020-03-19 15:05:49 - [TEST_STEP][PASSED] - delay(2, CONTINUE_ON_FAILURE): Delayed 2 second(s)

2020-03-19 15:05:51 - [MESSAGE][PASSED] - Delayed 2 second(s)

2020-03-19 15:05:51 - [TEST_STEP][PASSED] - click(findTestObject("ADMIN/Custom Item Fields Page/a_Default/button_Save1"), STOP_ON_FAILURE): Object: 'Object Repository/ADMIN/Custom Item Fields Page/a_Default/button_Save1' is clicked on

2020-03-19 15:05:51 - [MESSAGE][PASSED] - Object: 'Object Repository/ADMIN/Custom Item Fields Page/a_Default/button_Save1' is clicked on

2020-03-19 15:05:51 - [TEST_STEP][PASSED] - waitForElementVisible(findTestObject("ADMIN/Custom Item Fields List Page/button_Add Field"), 0): Object 'Object Repository/ADMIN/Custom Item Fields List Page/button_Add Field' is visible

2020-03-19 15:05:51 - [MESSAGE][WARNING] - Timeout '0' is invalid. Using default page load timeout: '30'

2020-03-19 15:05:54 - [MESSAGE][PASSED] - Object 'Object Repository/ADMIN/Custom Item Fields List Page/button_Add Field' is visible]]></system-out>
         <system-err><![CDATA[]]></system-err>
      </testcase>
      <testcase name="Test Cases/ADMIN/Custom Fields Page/Add Custom Item Fields/Add_CF_DataDriven" time="8.293" classname="Test Cases/ADMIN/Custom Fields Page/Add Custom Item Fields/Add_CF_DataDriven" status="PASSED">
         <system-out><![CDATA[2020-03-19 15:05:54 - [TEST_CASE][PASSED] - Test Cases/ADMIN/Custom Fields Page/Add Custom Item Fields/Add_CF_DataDriven: Test Cases/ADMIN/Custom Fields Page/Add Custom Item Fields/Add_CF_DataDriven

2020-03-19 15:05:54 - [TEST_STEP][PASSED] - waitForElementVisible(findTestObject("ADMIN/Custom Item Fields List Page/button_Add Field"), 0): Object 'Object Repository/ADMIN/Custom Item Fields List Page/button_Add Field' is visible

2020-03-19 15:05:54 - [MESSAGE][WARNING] - Timeout '0' is invalid. Using default page load timeout: '30'

2020-03-19 15:05:54 - [MESSAGE][PASSED] - Object 'Object Repository/ADMIN/Custom Item Fields List Page/button_Add Field' is visible

2020-03-19 15:05:54 - [TEST_STEP][PASSED] - click(findTestObject("ADMIN/Custom Item Fields List Page/button_Add Field"), STOP_ON_FAILURE): Object: 'Object Repository/ADMIN/Custom Item Fields List Page/button_Add Field' is clicked on

2020-03-19 15:05:55 - [MESSAGE][PASSED] - Object: 'Object Repository/ADMIN/Custom Item Fields List Page/button_Add Field' is clicked on

2020-03-19 15:05:55 - [TEST_STEP][PASSED] - comment("Choose Field Type"): Choose Field Type

2020-03-19 15:05:55 - [MESSAGE][INFO] - Choose Field Type

2020-03-19 15:05:55 - [TEST_STEP][PASSED] - if (varCustomFieldType == "Checkbox"): null

2020-03-19 15:05:55 - [TEST_STEP][PASSED] - else if (varCustomFieldType == "Date / Time picker"): null

2020-03-19 15:05:55 - [TEST_STEP][PASSED] - else if (varCustomFieldType == "Drop Down"): null

2020-03-19 15:05:55 - [TEST_STEP][PASSED] - else if (varCustomFieldType == "Email"): null

2020-03-19 15:05:55 - [TEST_STEP][PASSED] - else if (varCustomFieldType == "Embed Video"): null

2020-03-19 15:05:55 - [TEST_STEP][PASSED] - else if (varCustomFieldType == "Hyperlink / URL"): null

2020-03-19 15:05:55 - [TEST_STEP][PASSED] - else if (varCustomFieldType == "Location"): null

2020-03-19 15:05:55 - [TEST_STEP][PASSED] - else if (varCustomFieldType == "Number"): null

2020-03-19 15:05:55 - [TEST_STEP][PASSED] - else if (varCustomFieldType == "PDF File"): null

2020-03-19 15:05:55 - [TEST_STEP][PASSED] - else if (varCustomFieldType == "Percentage"): null

2020-03-19 15:05:55 - [TEST_STEP][PASSED] - else if (varCustomFieldType == "Text Editor"): null

2020-03-19 15:05:55 - [TEST_STEP][PASSED] - else if (varCustomFieldType == "Text Field"): All options with label 'Text Field' are selected in object 'Object Repository/ADMIN/Custom Item Fields Page/a_Default/dropdown_fieldtype' 

2020-03-19 15:05:55 - [TEST_STEP][PASSED] - waitForElementVisible(findTestObject("ADMIN/Custom Item Fields Page/a_Default/dropdown_fieldtype"), 0, CONTINUE_ON_FAILURE): Object 'Object Repository/ADMIN/Custom Item Fields Page/a_Default/dropdown_fieldtype' is visible

2020-03-19 15:05:55 - [MESSAGE][WARNING] - Timeout '0' is invalid. Using default page load timeout: '30'

2020-03-19 15:05:56 - [MESSAGE][PASSED] - Object 'Object Repository/ADMIN/Custom Item Fields Page/a_Default/dropdown_fieldtype' is visible

2020-03-19 15:05:56 - [TEST_STEP][PASSED] - selectOptionByLabel(findTestObject("ADMIN/Custom Item Fields Page/a_Default/dropdown_fieldtype"), "Text Field", false): All options with label 'Text Field' are selected in object 'Object Repository/ADMIN/Custom Item Fields Page/a_Default/dropdown_fieldtype' 

2020-03-19 15:05:56 - [MESSAGE][PASSED] - All options with label 'Text Field' are selected in object 'Object Repository/ADMIN/Custom Item Fields Page/a_Default/dropdown_fieldtype' 

2020-03-19 15:05:56 - [TEST_STEP][PASSED] - comment("Field Name"): Field Name

2020-03-19 15:05:56 - [MESSAGE][INFO] - Field Name

2020-03-19 15:05:56 - [TEST_STEP][PASSED] - setText(findTestObject("ADMIN/Custom Item Fields Page/a_Default/textfield_fieldname"), varCustomFieldName): Text 'SPG_Text field_NM1' is set on object 'Object Repository/ADMIN/Custom Item Fields Page/a_Default/textfield_fieldname'

2020-03-19 15:05:56 - [MESSAGE][PASSED] - Text 'SPG_Text field_NM1' is set on object 'Object Repository/ADMIN/Custom Item Fields Page/a_Default/textfield_fieldname'

2020-03-19 15:05:56 - [TEST_STEP][PASSED] - comment("Mandatory/NonMandatory"): Mandatory/NonMandatory

2020-03-19 15:05:56 - [MESSAGE][INFO] - Mandatory/NonMandatory

2020-03-19 15:05:56 - [TEST_STEP][PASSED] - if (varMandatoryNonMandatory == "mandatory"): null

2020-03-19 15:05:56 - [TEST_STEP][PASSED] - else if (varMandatoryNonMandatory == "non-mandatory"): Object: 'Object Repository/ADMIN/Custom Item Fields Page/a_Default/togglebutton_mandatory' is clicked on

2020-03-19 15:05:56 - [TEST_STEP][PASSED] - waitForElementVisible(findTestObject("ADMIN/Custom Item Fields Page/a_Default/togglebutton_mandatory"), 0, CONTINUE_ON_FAILURE): Object 'Object Repository/ADMIN/Custom Item Fields Page/a_Default/togglebutton_mandatory' is visible

2020-03-19 15:05:56 - [MESSAGE][WARNING] - Timeout '0' is invalid. Using default page load timeout: '30'

2020-03-19 15:05:56 - [MESSAGE][PASSED] - Object 'Object Repository/ADMIN/Custom Item Fields Page/a_Default/togglebutton_mandatory' is visible

2020-03-19 15:05:56 - [TEST_STEP][PASSED] - click(findTestObject("ADMIN/Custom Item Fields Page/a_Default/togglebutton_mandatory")): Object: 'Object Repository/ADMIN/Custom Item Fields Page/a_Default/togglebutton_mandatory' is clicked on

2020-03-19 15:05:56 - [MESSAGE][PASSED] - Object: 'Object Repository/ADMIN/Custom Item Fields Page/a_Default/togglebutton_mandatory' is clicked on

2020-03-19 15:05:56 - [TEST_STEP][PASSED] - comment("Assign Category"): Assign Category

2020-03-19 15:05:56 - [MESSAGE][INFO] - Assign Category

2020-03-19 15:05:56 - [TEST_STEP][PASSED] - click(findTestObject("ADMIN/Custom Item Fields Page/a_Default/button_SelectCategories")): Object: 'Object Repository/ADMIN/Custom Item Fields Page/a_Default/button_SelectCategories' is clicked on

2020-03-19 15:05:57 - [MESSAGE][PASSED] - Object: 'Object Repository/ADMIN/Custom Item Fields Page/a_Default/button_SelectCategories' is clicked on

2020-03-19 15:05:57 - [TEST_STEP][PASSED] - waitForElementVisible(findTestObject("ADMIN/Custom Item Fields List Page/a_SelectCategories/searchbox_Category"), 0): Object 'Object Repository/ADMIN/Custom Item Fields List Page/a_SelectCategories/searchbox_Category' is visible

2020-03-19 15:05:57 - [MESSAGE][WARNING] - Timeout '0' is invalid. Using default page load timeout: '30'

2020-03-19 15:05:57 - [MESSAGE][PASSED] - Object 'Object Repository/ADMIN/Custom Item Fields List Page/a_SelectCategories/searchbox_Category' is visible

2020-03-19 15:05:57 - [TEST_STEP][PASSED] - comment("Category Assignment"): Category Assignment

2020-03-19 15:05:57 - [MESSAGE][INFO] - Category Assignment

2020-03-19 15:05:57 - [TEST_STEP][PASSED] - if (varAssignedCategory == "All Cat"): null

2020-03-19 15:05:57 - [TEST_STEP][PASSED] - else if (varAssignedCategory == "Category 01"): null

2020-03-19 15:05:57 - [TEST_STEP][PASSED] - else if (varAssignedCategory == "Category 2.1"): null

2020-03-19 15:05:57 - [TEST_STEP][PASSED] - else if (varAssignedCategory == "Category 3.1.1"): Object: 'Object Repository/ADMIN/Custom Item Fields List Page/a_SelectCategories/a_Categories/checkbox_3.1.1' is clicked on

2020-03-19 15:05:57 - [TEST_STEP][PASSED] - setText(findTestObject("ADMIN/Custom Item Fields List Page/a_SelectCategories/searchbox_Category"), varAssignedCategory, CONTINUE_ON_FAILURE): Text 'Category 3.1.1' is set on object 'Object Repository/ADMIN/Custom Item Fields List Page/a_SelectCategories/searchbox_Category'

2020-03-19 15:05:57 - [MESSAGE][PASSED] - Text 'Category 3.1.1' is set on object 'Object Repository/ADMIN/Custom Item Fields List Page/a_SelectCategories/searchbox_Category'

2020-03-19 15:05:57 - [TEST_STEP][PASSED] - click(findTestObject("ADMIN/Custom Item Fields List Page/a_SelectCategories/a_Categories/checkbox_3.1.1")): Object: 'Object Repository/ADMIN/Custom Item Fields List Page/a_SelectCategories/a_Categories/checkbox_3.1.1' is clicked on

2020-03-19 15:05:57 - [MESSAGE][PASSED] - Object: 'Object Repository/ADMIN/Custom Item Fields List Page/a_SelectCategories/a_Categories/checkbox_3.1.1' is clicked on

2020-03-19 15:05:57 - [TEST_STEP][PASSED] - click(findTestObject("ADMIN/Custom Item Fields List Page/a_SelectCategories/button_Save"), STOP_ON_FAILURE): Object: 'Object Repository/ADMIN/Custom Item Fields List Page/a_SelectCategories/button_Save' is clicked on

2020-03-19 15:05:57 - [MESSAGE][PASSED] - Object: 'Object Repository/ADMIN/Custom Item Fields List Page/a_SelectCategories/button_Save' is clicked on

2020-03-19 15:05:57 - [TEST_STEP][PASSED] - delay(2, CONTINUE_ON_FAILURE): Delayed 2 second(s)

2020-03-19 15:05:59 - [MESSAGE][PASSED] - Delayed 2 second(s)

2020-03-19 15:05:59 - [TEST_STEP][PASSED] - click(findTestObject("ADMIN/Custom Item Fields Page/a_Default/button_Save1"), STOP_ON_FAILURE): Object: 'Object Repository/ADMIN/Custom Item Fields Page/a_Default/button_Save1' is clicked on

2020-03-19 15:06:00 - [MESSAGE][PASSED] - Object: 'Object Repository/ADMIN/Custom Item Fields Page/a_Default/button_Save1' is clicked on

2020-03-19 15:06:00 - [TEST_STEP][PASSED] - waitForElementVisible(findTestObject("ADMIN/Custom Item Fields List Page/button_Add Field"), 0): Object 'Object Repository/ADMIN/Custom Item Fields List Page/button_Add Field' is visible

2020-03-19 15:06:00 - [MESSAGE][WARNING] - Timeout '0' is invalid. Using default page load timeout: '30'

2020-03-19 15:06:02 - [MESSAGE][PASSED] - Object 'Object Repository/ADMIN/Custom Item Fields List Page/button_Add Field' is visible]]></system-out>
         <system-err><![CDATA[]]></system-err>
      </testcase>
      <testcase name="Test Cases/ADMIN/Custom Fields Page/Add Custom Item Fields/Add_CF_DataDriven" time="8.562" classname="Test Cases/ADMIN/Custom Fields Page/Add Custom Item Fields/Add_CF_DataDriven" status="PASSED">
         <system-out><![CDATA[2020-03-19 15:06:02 - [TEST_CASE][PASSED] - Test Cases/ADMIN/Custom Fields Page/Add Custom Item Fields/Add_CF_DataDriven: Test Cases/ADMIN/Custom Fields Page/Add Custom Item Fields/Add_CF_DataDriven

2020-03-19 15:06:02 - [TEST_STEP][PASSED] - waitForElementVisible(findTestObject("ADMIN/Custom Item Fields List Page/button_Add Field"), 0): Object 'Object Repository/ADMIN/Custom Item Fields List Page/button_Add Field' is visible

2020-03-19 15:06:02 - [MESSAGE][WARNING] - Timeout '0' is invalid. Using default page load timeout: '30'

2020-03-19 15:06:02 - [MESSAGE][PASSED] - Object 'Object Repository/ADMIN/Custom Item Fields List Page/button_Add Field' is visible

2020-03-19 15:06:02 - [TEST_STEP][PASSED] - click(findTestObject("ADMIN/Custom Item Fields List Page/button_Add Field"), STOP_ON_FAILURE): Object: 'Object Repository/ADMIN/Custom Item Fields List Page/button_Add Field' is clicked on

2020-03-19 15:06:03 - [MESSAGE][PASSED] - Object: 'Object Repository/ADMIN/Custom Item Fields List Page/button_Add Field' is clicked on

2020-03-19 15:06:03 - [TEST_STEP][PASSED] - comment("Choose Field Type"): Choose Field Type

2020-03-19 15:06:03 - [MESSAGE][INFO] - Choose Field Type

2020-03-19 15:06:03 - [TEST_STEP][PASSED] - if (varCustomFieldType == "Checkbox"): null

2020-03-19 15:06:03 - [TEST_STEP][PASSED] - else if (varCustomFieldType == "Date / Time picker"): null

2020-03-19 15:06:03 - [TEST_STEP][PASSED] - else if (varCustomFieldType == "Drop Down"): null

2020-03-19 15:06:03 - [TEST_STEP][PASSED] - else if (varCustomFieldType == "Email"): null

2020-03-19 15:06:03 - [TEST_STEP][PASSED] - else if (varCustomFieldType == "Embed Video"): null

2020-03-19 15:06:03 - [TEST_STEP][PASSED] - else if (varCustomFieldType == "Hyperlink / URL"): null

2020-03-19 15:06:03 - [TEST_STEP][PASSED] - else if (varCustomFieldType == "Location"): null

2020-03-19 15:06:03 - [TEST_STEP][PASSED] - else if (varCustomFieldType == "Number"): null

2020-03-19 15:06:03 - [TEST_STEP][PASSED] - else if (varCustomFieldType == "PDF File"): null

2020-03-19 15:06:03 - [TEST_STEP][PASSED] - else if (varCustomFieldType == "Percentage"): null

2020-03-19 15:06:03 - [TEST_STEP][PASSED] - else if (varCustomFieldType == "Text Editor"): null

2020-03-19 15:06:03 - [TEST_STEP][PASSED] - else if (varCustomFieldType == "Text Field"): All options with label 'Text Field' are selected in object 'Object Repository/ADMIN/Custom Item Fields Page/a_Default/dropdown_fieldtype' 

2020-03-19 15:06:03 - [TEST_STEP][PASSED] - waitForElementVisible(findTestObject("ADMIN/Custom Item Fields Page/a_Default/dropdown_fieldtype"), 0, CONTINUE_ON_FAILURE): Object 'Object Repository/ADMIN/Custom Item Fields Page/a_Default/dropdown_fieldtype' is visible

2020-03-19 15:06:04 - [MESSAGE][WARNING] - Timeout '0' is invalid. Using default page load timeout: '30'

2020-03-19 15:06:04 - [MESSAGE][PASSED] - Object 'Object Repository/ADMIN/Custom Item Fields Page/a_Default/dropdown_fieldtype' is visible

2020-03-19 15:06:04 - [TEST_STEP][PASSED] - selectOptionByLabel(findTestObject("ADMIN/Custom Item Fields Page/a_Default/dropdown_fieldtype"), "Text Field", false): All options with label 'Text Field' are selected in object 'Object Repository/ADMIN/Custom Item Fields Page/a_Default/dropdown_fieldtype' 

2020-03-19 15:06:04 - [MESSAGE][PASSED] - All options with label 'Text Field' are selected in object 'Object Repository/ADMIN/Custom Item Fields Page/a_Default/dropdown_fieldtype' 

2020-03-19 15:06:04 - [TEST_STEP][PASSED] - comment("Field Name"): Field Name

2020-03-19 15:06:04 - [MESSAGE][INFO] - Field Name

2020-03-19 15:06:04 - [TEST_STEP][PASSED] - setText(findTestObject("ADMIN/Custom Item Fields Page/a_Default/textfield_fieldname"), varCustomFieldName): Text 'SPG_Text field_NM2' is set on object 'Object Repository/ADMIN/Custom Item Fields Page/a_Default/textfield_fieldname'

2020-03-19 15:06:04 - [MESSAGE][PASSED] - Text 'SPG_Text field_NM2' is set on object 'Object Repository/ADMIN/Custom Item Fields Page/a_Default/textfield_fieldname'

2020-03-19 15:06:04 - [TEST_STEP][PASSED] - comment("Mandatory/NonMandatory"): Mandatory/NonMandatory

2020-03-19 15:06:04 - [MESSAGE][INFO] - Mandatory/NonMandatory

2020-03-19 15:06:04 - [TEST_STEP][PASSED] - if (varMandatoryNonMandatory == "mandatory"): null

2020-03-19 15:06:04 - [TEST_STEP][PASSED] - else if (varMandatoryNonMandatory == "non-mandatory"): Object: 'Object Repository/ADMIN/Custom Item Fields Page/a_Default/togglebutton_mandatory' is clicked on

2020-03-19 15:06:04 - [TEST_STEP][PASSED] - waitForElementVisible(findTestObject("ADMIN/Custom Item Fields Page/a_Default/togglebutton_mandatory"), 0, CONTINUE_ON_FAILURE): Object 'Object Repository/ADMIN/Custom Item Fields Page/a_Default/togglebutton_mandatory' is visible

2020-03-19 15:06:04 - [MESSAGE][WARNING] - Timeout '0' is invalid. Using default page load timeout: '30'

2020-03-19 15:06:04 - [MESSAGE][PASSED] - Object 'Object Repository/ADMIN/Custom Item Fields Page/a_Default/togglebutton_mandatory' is visible

2020-03-19 15:06:04 - [TEST_STEP][PASSED] - click(findTestObject("ADMIN/Custom Item Fields Page/a_Default/togglebutton_mandatory")): Object: 'Object Repository/ADMIN/Custom Item Fields Page/a_Default/togglebutton_mandatory' is clicked on

2020-03-19 15:06:05 - [MESSAGE][PASSED] - Object: 'Object Repository/ADMIN/Custom Item Fields Page/a_Default/togglebutton_mandatory' is clicked on

2020-03-19 15:06:05 - [TEST_STEP][PASSED] - comment("Assign Category"): Assign Category

2020-03-19 15:06:05 - [MESSAGE][INFO] - Assign Category

2020-03-19 15:06:05 - [TEST_STEP][PASSED] - click(findTestObject("ADMIN/Custom Item Fields Page/a_Default/button_SelectCategories")): Object: 'Object Repository/ADMIN/Custom Item Fields Page/a_Default/button_SelectCategories' is clicked on

2020-03-19 15:06:05 - [MESSAGE][PASSED] - Object: 'Object Repository/ADMIN/Custom Item Fields Page/a_Default/button_SelectCategories' is clicked on

2020-03-19 15:06:05 - [TEST_STEP][PASSED] - waitForElementVisible(findTestObject("ADMIN/Custom Item Fields List Page/a_SelectCategories/searchbox_Category"), 0): Object 'Object Repository/ADMIN/Custom Item Fields List Page/a_SelectCategories/searchbox_Category' is visible

2020-03-19 15:06:05 - [MESSAGE][WARNING] - Timeout '0' is invalid. Using default page load timeout: '30'

2020-03-19 15:06:05 - [MESSAGE][PASSED] - Object 'Object Repository/ADMIN/Custom Item Fields List Page/a_SelectCategories/searchbox_Category' is visible

2020-03-19 15:06:05 - [TEST_STEP][PASSED] - comment("Category Assignment"): Category Assignment

2020-03-19 15:06:05 - [MESSAGE][INFO] - Category Assignment

2020-03-19 15:06:05 - [TEST_STEP][PASSED] - if (varAssignedCategory == "All Cat"): null

2020-03-19 15:06:05 - [TEST_STEP][PASSED] - else if (varAssignedCategory == "Category 01"): null

2020-03-19 15:06:05 - [TEST_STEP][PASSED] - else if (varAssignedCategory == "Category 2.1"): null

2020-03-19 15:06:05 - [TEST_STEP][PASSED] - else if (varAssignedCategory == "Category 3.1.1"): Object: 'Object Repository/ADMIN/Custom Item Fields List Page/a_SelectCategories/a_Categories/checkbox_3.1.1' is clicked on

2020-03-19 15:06:05 - [TEST_STEP][PASSED] - setText(findTestObject("ADMIN/Custom Item Fields List Page/a_SelectCategories/searchbox_Category"), varAssignedCategory, CONTINUE_ON_FAILURE): Text 'Category 3.1.1' is set on object 'Object Repository/ADMIN/Custom Item Fields List Page/a_SelectCategories/searchbox_Category'

2020-03-19 15:06:06 - [MESSAGE][PASSED] - Text 'Category 3.1.1' is set on object 'Object Repository/ADMIN/Custom Item Fields List Page/a_SelectCategories/searchbox_Category'

2020-03-19 15:06:06 - [TEST_STEP][PASSED] - click(findTestObject("ADMIN/Custom Item Fields List Page/a_SelectCategories/a_Categories/checkbox_3.1.1")): Object: 'Object Repository/ADMIN/Custom Item Fields List Page/a_SelectCategories/a_Categories/checkbox_3.1.1' is clicked on

2020-03-19 15:06:06 - [MESSAGE][PASSED] - Object: 'Object Repository/ADMIN/Custom Item Fields List Page/a_SelectCategories/a_Categories/checkbox_3.1.1' is clicked on

2020-03-19 15:06:06 - [TEST_STEP][PASSED] - click(findTestObject("ADMIN/Custom Item Fields List Page/a_SelectCategories/button_Save"), STOP_ON_FAILURE): Object: 'Object Repository/ADMIN/Custom Item Fields List Page/a_SelectCategories/button_Save' is clicked on

2020-03-19 15:06:06 - [MESSAGE][PASSED] - Object: 'Object Repository/ADMIN/Custom Item Fields List Page/a_SelectCategories/button_Save' is clicked on

2020-03-19 15:06:06 - [TEST_STEP][PASSED] - delay(2, CONTINUE_ON_FAILURE): Delayed 2 second(s)

2020-03-19 15:06:08 - [MESSAGE][PASSED] - Delayed 2 second(s)

2020-03-19 15:06:08 - [TEST_STEP][PASSED] - click(findTestObject("ADMIN/Custom Item Fields Page/a_Default/button_Save1"), STOP_ON_FAILURE): Object: 'Object Repository/ADMIN/Custom Item Fields Page/a_Default/button_Save1' is clicked on

2020-03-19 15:06:08 - [MESSAGE][PASSED] - Object: 'Object Repository/ADMIN/Custom Item Fields Page/a_Default/button_Save1' is clicked on

2020-03-19 15:06:08 - [TEST_STEP][PASSED] - waitForElementVisible(findTestObject("ADMIN/Custom Item Fields List Page/button_Add Field"), 0): Object 'Object Repository/ADMIN/Custom Item Fields List Page/button_Add Field' is visible

2020-03-19 15:06:08 - [MESSAGE][WARNING] - Timeout '0' is invalid. Using default page load timeout: '30'

2020-03-19 15:06:11 - [MESSAGE][PASSED] - Object 'Object Repository/ADMIN/Custom Item Fields List Page/button_Add Field' is visible]]></system-out>
         <system-err><![CDATA[]]></system-err>
      </testcase>
      <testcase name="Test Cases/ADMIN/Custom Fields Page/Add Custom Item Fields/Add_CF_DataDriven" time="8.417" classname="Test Cases/ADMIN/Custom Fields Page/Add Custom Item Fields/Add_CF_DataDriven" status="PASSED">
         <system-out><![CDATA[2020-03-19 15:06:11 - [TEST_CASE][PASSED] - Test Cases/ADMIN/Custom Fields Page/Add Custom Item Fields/Add_CF_DataDriven: Test Cases/ADMIN/Custom Fields Page/Add Custom Item Fields/Add_CF_DataDriven

2020-03-19 15:06:11 - [TEST_STEP][PASSED] - waitForElementVisible(findTestObject("ADMIN/Custom Item Fields List Page/button_Add Field"), 0): Object 'Object Repository/ADMIN/Custom Item Fields List Page/button_Add Field' is visible

2020-03-19 15:06:11 - [MESSAGE][WARNING] - Timeout '0' is invalid. Using default page load timeout: '30'

2020-03-19 15:06:11 - [MESSAGE][PASSED] - Object 'Object Repository/ADMIN/Custom Item Fields List Page/button_Add Field' is visible

2020-03-19 15:06:11 - [TEST_STEP][PASSED] - click(findTestObject("ADMIN/Custom Item Fields List Page/button_Add Field"), STOP_ON_FAILURE): Object: 'Object Repository/ADMIN/Custom Item Fields List Page/button_Add Field' is clicked on

2020-03-19 15:06:12 - [MESSAGE][PASSED] - Object: 'Object Repository/ADMIN/Custom Item Fields List Page/button_Add Field' is clicked on

2020-03-19 15:06:12 - [TEST_STEP][PASSED] - comment("Choose Field Type"): Choose Field Type

2020-03-19 15:06:12 - [MESSAGE][INFO] - Choose Field Type

2020-03-19 15:06:12 - [TEST_STEP][PASSED] - if (varCustomFieldType == "Checkbox"): null

2020-03-19 15:06:12 - [TEST_STEP][PASSED] - else if (varCustomFieldType == "Date / Time picker"): null

2020-03-19 15:06:12 - [TEST_STEP][PASSED] - else if (varCustomFieldType == "Drop Down"): null

2020-03-19 15:06:12 - [TEST_STEP][PASSED] - else if (varCustomFieldType == "Email"): null

2020-03-19 15:06:12 - [TEST_STEP][PASSED] - else if (varCustomFieldType == "Embed Video"): null

2020-03-19 15:06:12 - [TEST_STEP][PASSED] - else if (varCustomFieldType == "Hyperlink / URL"): null

2020-03-19 15:06:12 - [TEST_STEP][PASSED] - else if (varCustomFieldType == "Location"): null

2020-03-19 15:06:12 - [TEST_STEP][PASSED] - else if (varCustomFieldType == "Number"): null

2020-03-19 15:06:12 - [TEST_STEP][PASSED] - else if (varCustomFieldType == "PDF File"): null

2020-03-19 15:06:12 - [TEST_STEP][PASSED] - else if (varCustomFieldType == "Percentage"): null

2020-03-19 15:06:12 - [TEST_STEP][PASSED] - else if (varCustomFieldType == "Text Editor"): All options with label 'Text Editor' are selected in object 'Object Repository/ADMIN/Custom Item Fields Page/a_Default/dropdown_fieldtype' 

2020-03-19 15:06:12 - [TEST_STEP][PASSED] - waitForElementVisible(findTestObject("ADMIN/Custom Item Fields Page/a_Default/dropdown_fieldtype"), 0, CONTINUE_ON_FAILURE): Object 'Object Repository/ADMIN/Custom Item Fields Page/a_Default/dropdown_fieldtype' is visible

2020-03-19 15:06:12 - [MESSAGE][WARNING] - Timeout '0' is invalid. Using default page load timeout: '30'

2020-03-19 15:06:12 - [MESSAGE][PASSED] - Object 'Object Repository/ADMIN/Custom Item Fields Page/a_Default/dropdown_fieldtype' is visible

2020-03-19 15:06:12 - [TEST_STEP][PASSED] - selectOptionByLabel(findTestObject("ADMIN/Custom Item Fields Page/a_Default/dropdown_fieldtype"), "Text Editor", false): All options with label 'Text Editor' are selected in object 'Object Repository/ADMIN/Custom Item Fields Page/a_Default/dropdown_fieldtype' 

2020-03-19 15:06:13 - [MESSAGE][PASSED] - All options with label 'Text Editor' are selected in object 'Object Repository/ADMIN/Custom Item Fields Page/a_Default/dropdown_fieldtype' 

2020-03-19 15:06:13 - [TEST_STEP][PASSED] - comment("Field Name"): Field Name

2020-03-19 15:06:13 - [MESSAGE][INFO] - Field Name

2020-03-19 15:06:13 - [TEST_STEP][PASSED] - setText(findTestObject("ADMIN/Custom Item Fields Page/a_Default/textfield_fieldname"), varCustomFieldName): Text 'SPG_Text editor_NM' is set on object 'Object Repository/ADMIN/Custom Item Fields Page/a_Default/textfield_fieldname'

2020-03-19 15:06:13 - [MESSAGE][PASSED] - Text 'SPG_Text editor_NM' is set on object 'Object Repository/ADMIN/Custom Item Fields Page/a_Default/textfield_fieldname'

2020-03-19 15:06:13 - [TEST_STEP][PASSED] - comment("Mandatory/NonMandatory"): Mandatory/NonMandatory

2020-03-19 15:06:13 - [MESSAGE][INFO] - Mandatory/NonMandatory

2020-03-19 15:06:13 - [TEST_STEP][PASSED] - if (varMandatoryNonMandatory == "mandatory"): null

2020-03-19 15:06:13 - [TEST_STEP][PASSED] - else if (varMandatoryNonMandatory == "non-mandatory"): Object: 'Object Repository/ADMIN/Custom Item Fields Page/a_Default/togglebutton_mandatory' is clicked on

2020-03-19 15:06:13 - [TEST_STEP][PASSED] - waitForElementVisible(findTestObject("ADMIN/Custom Item Fields Page/a_Default/togglebutton_mandatory"), 0, CONTINUE_ON_FAILURE): Object 'Object Repository/ADMIN/Custom Item Fields Page/a_Default/togglebutton_mandatory' is visible

2020-03-19 15:06:13 - [MESSAGE][WARNING] - Timeout '0' is invalid. Using default page load timeout: '30'

2020-03-19 15:06:13 - [MESSAGE][PASSED] - Object 'Object Repository/ADMIN/Custom Item Fields Page/a_Default/togglebutton_mandatory' is visible

2020-03-19 15:06:13 - [TEST_STEP][PASSED] - click(findTestObject("ADMIN/Custom Item Fields Page/a_Default/togglebutton_mandatory")): Object: 'Object Repository/ADMIN/Custom Item Fields Page/a_Default/togglebutton_mandatory' is clicked on

2020-03-19 15:06:13 - [MESSAGE][PASSED] - Object: 'Object Repository/ADMIN/Custom Item Fields Page/a_Default/togglebutton_mandatory' is clicked on

2020-03-19 15:06:13 - [TEST_STEP][PASSED] - comment("Assign Category"): Assign Category

2020-03-19 15:06:13 - [MESSAGE][INFO] - Assign Category

2020-03-19 15:06:13 - [TEST_STEP][PASSED] - click(findTestObject("ADMIN/Custom Item Fields Page/a_Default/button_SelectCategories")): Object: 'Object Repository/ADMIN/Custom Item Fields Page/a_Default/button_SelectCategories' is clicked on

2020-03-19 15:06:13 - [MESSAGE][PASSED] - Object: 'Object Repository/ADMIN/Custom Item Fields Page/a_Default/button_SelectCategories' is clicked on

2020-03-19 15:06:13 - [TEST_STEP][PASSED] - waitForElementVisible(findTestObject("ADMIN/Custom Item Fields List Page/a_SelectCategories/searchbox_Category"), 0): Object 'Object Repository/ADMIN/Custom Item Fields List Page/a_SelectCategories/searchbox_Category' is visible

2020-03-19 15:06:13 - [MESSAGE][WARNING] - Timeout '0' is invalid. Using default page load timeout: '30'

2020-03-19 15:06:14 - [MESSAGE][PASSED] - Object 'Object Repository/ADMIN/Custom Item Fields List Page/a_SelectCategories/searchbox_Category' is visible

2020-03-19 15:06:14 - [TEST_STEP][PASSED] - comment("Category Assignment"): Category Assignment

2020-03-19 15:06:14 - [MESSAGE][INFO] - Category Assignment

2020-03-19 15:06:14 - [TEST_STEP][PASSED] - if (varAssignedCategory == "All Cat"): null

2020-03-19 15:06:14 - [TEST_STEP][PASSED] - else if (varAssignedCategory == "Category 01"): null

2020-03-19 15:06:14 - [TEST_STEP][PASSED] - else if (varAssignedCategory == "Category 2.1"): null

2020-03-19 15:06:14 - [TEST_STEP][PASSED] - else if (varAssignedCategory == "Category 3.1.1"): Object: 'Object Repository/ADMIN/Custom Item Fields List Page/a_SelectCategories/a_Categories/checkbox_3.1.1' is clicked on

2020-03-19 15:06:14 - [TEST_STEP][PASSED] - setText(findTestObject("ADMIN/Custom Item Fields List Page/a_SelectCategories/searchbox_Category"), varAssignedCategory, CONTINUE_ON_FAILURE): Text 'Category 3.1.1' is set on object 'Object Repository/ADMIN/Custom Item Fields List Page/a_SelectCategories/searchbox_Category'

2020-03-19 15:06:14 - [MESSAGE][PASSED] - Text 'Category 3.1.1' is set on object 'Object Repository/ADMIN/Custom Item Fields List Page/a_SelectCategories/searchbox_Category'

2020-03-19 15:06:14 - [TEST_STEP][PASSED] - click(findTestObject("ADMIN/Custom Item Fields List Page/a_SelectCategories/a_Categories/checkbox_3.1.1")): Object: 'Object Repository/ADMIN/Custom Item Fields List Page/a_SelectCategories/a_Categories/checkbox_3.1.1' is clicked on

2020-03-19 15:06:14 - [MESSAGE][PASSED] - Object: 'Object Repository/ADMIN/Custom Item Fields List Page/a_SelectCategories/a_Categories/checkbox_3.1.1' is clicked on

2020-03-19 15:06:14 - [TEST_STEP][PASSED] - click(findTestObject("ADMIN/Custom Item Fields List Page/a_SelectCategories/button_Save"), STOP_ON_FAILURE): Object: 'Object Repository/ADMIN/Custom Item Fields List Page/a_SelectCategories/button_Save' is clicked on

2020-03-19 15:06:14 - [MESSAGE][PASSED] - Object: 'Object Repository/ADMIN/Custom Item Fields List Page/a_SelectCategories/button_Save' is clicked on

2020-03-19 15:06:14 - [TEST_STEP][PASSED] - delay(2, CONTINUE_ON_FAILURE): Delayed 2 second(s)

2020-03-19 15:06:16 - [MESSAGE][PASSED] - Delayed 2 second(s)

2020-03-19 15:06:16 - [TEST_STEP][PASSED] - click(findTestObject("ADMIN/Custom Item Fields Page/a_Default/button_Save1"), STOP_ON_FAILURE): Object: 'Object Repository/ADMIN/Custom Item Fields Page/a_Default/button_Save1' is clicked on

2020-03-19 15:06:17 - [MESSAGE][PASSED] - Object: 'Object Repository/ADMIN/Custom Item Fields Page/a_Default/button_Save1' is clicked on

2020-03-19 15:06:17 - [TEST_STEP][PASSED] - waitForElementVisible(findTestObject("ADMIN/Custom Item Fields List Page/button_Add Field"), 0): Object 'Object Repository/ADMIN/Custom Item Fields List Page/button_Add Field' is visible

2020-03-19 15:06:17 - [MESSAGE][WARNING] - Timeout '0' is invalid. Using default page load timeout: '30'

2020-03-19 15:06:19 - [MESSAGE][PASSED] - Object 'Object Repository/ADMIN/Custom Item Fields List Page/button_Add Field' is visible]]></system-out>
         <system-err><![CDATA[]]></system-err>
      </testcase>
      <testcase name="Test Cases/ADMIN/Custom Fields Page/Add Custom Item Fields/Add_CF_DataDriven" time="8.415" classname="Test Cases/ADMIN/Custom Fields Page/Add Custom Item Fields/Add_CF_DataDriven" status="PASSED">
         <system-out><![CDATA[2020-03-19 15:06:19 - [TEST_CASE][PASSED] - Test Cases/ADMIN/Custom Fields Page/Add Custom Item Fields/Add_CF_DataDriven: Test Cases/ADMIN/Custom Fields Page/Add Custom Item Fields/Add_CF_DataDriven

2020-03-19 15:06:19 - [TEST_STEP][PASSED] - waitForElementVisible(findTestObject("ADMIN/Custom Item Fields List Page/button_Add Field"), 0): Object 'Object Repository/ADMIN/Custom Item Fields List Page/button_Add Field' is visible

2020-03-19 15:06:19 - [MESSAGE][WARNING] - Timeout '0' is invalid. Using default page load timeout: '30'

2020-03-19 15:06:19 - [MESSAGE][PASSED] - Object 'Object Repository/ADMIN/Custom Item Fields List Page/button_Add Field' is visible

2020-03-19 15:06:19 - [TEST_STEP][PASSED] - click(findTestObject("ADMIN/Custom Item Fields List Page/button_Add Field"), STOP_ON_FAILURE): Object: 'Object Repository/ADMIN/Custom Item Fields List Page/button_Add Field' is clicked on

2020-03-19 15:06:20 - [MESSAGE][PASSED] - Object: 'Object Repository/ADMIN/Custom Item Fields List Page/button_Add Field' is clicked on

2020-03-19 15:06:20 - [TEST_STEP][PASSED] - comment("Choose Field Type"): Choose Field Type

2020-03-19 15:06:20 - [MESSAGE][INFO] - Choose Field Type

2020-03-19 15:06:20 - [TEST_STEP][PASSED] - if (varCustomFieldType == "Checkbox"): null

2020-03-19 15:06:20 - [TEST_STEP][PASSED] - else if (varCustomFieldType == "Date / Time picker"): null

2020-03-19 15:06:20 - [TEST_STEP][PASSED] - else if (varCustomFieldType == "Drop Down"): null

2020-03-19 15:06:20 - [TEST_STEP][PASSED] - else if (varCustomFieldType == "Email"): null

2020-03-19 15:06:20 - [TEST_STEP][PASSED] - else if (varCustomFieldType == "Embed Video"): null

2020-03-19 15:06:20 - [TEST_STEP][PASSED] - else if (varCustomFieldType == "Hyperlink / URL"): All options with label 'Hyperlink / URL' are selected in object 'Object Repository/ADMIN/Custom Item Fields Page/a_Default/dropdown_fieldtype' 

2020-03-19 15:06:20 - [TEST_STEP][PASSED] - waitForElementVisible(findTestObject("ADMIN/Custom Item Fields Page/a_Default/dropdown_fieldtype"), 0, CONTINUE_ON_FAILURE): Object 'Object Repository/ADMIN/Custom Item Fields Page/a_Default/dropdown_fieldtype' is visible

2020-03-19 15:06:20 - [MESSAGE][WARNING] - Timeout '0' is invalid. Using default page load timeout: '30'

2020-03-19 15:06:21 - [MESSAGE][PASSED] - Object 'Object Repository/ADMIN/Custom Item Fields Page/a_Default/dropdown_fieldtype' is visible

2020-03-19 15:06:21 - [TEST_STEP][PASSED] - selectOptionByLabel(findTestObject("ADMIN/Custom Item Fields Page/a_Default/dropdown_fieldtype"), "Hyperlink / URL", false): All options with label 'Hyperlink / URL' are selected in object 'Object Repository/ADMIN/Custom Item Fields Page/a_Default/dropdown_fieldtype' 

2020-03-19 15:06:21 - [MESSAGE][PASSED] - All options with label 'Hyperlink / URL' are selected in object 'Object Repository/ADMIN/Custom Item Fields Page/a_Default/dropdown_fieldtype' 

2020-03-19 15:06:21 - [TEST_STEP][PASSED] - comment("Field Name"): Field Name

2020-03-19 15:06:21 - [MESSAGE][INFO] - Field Name

2020-03-19 15:06:21 - [TEST_STEP][PASSED] - setText(findTestObject("ADMIN/Custom Item Fields Page/a_Default/textfield_fieldname"), varCustomFieldName): Text 'SPG_Hyperlink_NM' is set on object 'Object Repository/ADMIN/Custom Item Fields Page/a_Default/textfield_fieldname'

2020-03-19 15:06:21 - [MESSAGE][PASSED] - Text 'SPG_Hyperlink_NM' is set on object 'Object Repository/ADMIN/Custom Item Fields Page/a_Default/textfield_fieldname'

2020-03-19 15:06:21 - [TEST_STEP][PASSED] - comment("Mandatory/NonMandatory"): Mandatory/NonMandatory

2020-03-19 15:06:21 - [MESSAGE][INFO] - Mandatory/NonMandatory

2020-03-19 15:06:21 - [TEST_STEP][PASSED] - if (varMandatoryNonMandatory == "mandatory"): null

2020-03-19 15:06:21 - [TEST_STEP][PASSED] - else if (varMandatoryNonMandatory == "non-mandatory"): Object: 'Object Repository/ADMIN/Custom Item Fields Page/a_Default/togglebutton_mandatory' is clicked on

2020-03-19 15:06:21 - [TEST_STEP][PASSED] - waitForElementVisible(findTestObject("ADMIN/Custom Item Fields Page/a_Default/togglebutton_mandatory"), 0, CONTINUE_ON_FAILURE): Object 'Object Repository/ADMIN/Custom Item Fields Page/a_Default/togglebutton_mandatory' is visible

2020-03-19 15:06:21 - [MESSAGE][WARNING] - Timeout '0' is invalid. Using default page load timeout: '30'

2020-03-19 15:06:21 - [MESSAGE][PASSED] - Object 'Object Repository/ADMIN/Custom Item Fields Page/a_Default/togglebutton_mandatory' is visible

2020-03-19 15:06:21 - [TEST_STEP][PASSED] - click(findTestObject("ADMIN/Custom Item Fields Page/a_Default/togglebutton_mandatory")): Object: 'Object Repository/ADMIN/Custom Item Fields Page/a_Default/togglebutton_mandatory' is clicked on

2020-03-19 15:06:22 - [MESSAGE][PASSED] - Object: 'Object Repository/ADMIN/Custom Item Fields Page/a_Default/togglebutton_mandatory' is clicked on

2020-03-19 15:06:22 - [TEST_STEP][PASSED] - comment("Assign Category"): Assign Category

2020-03-19 15:06:22 - [MESSAGE][INFO] - Assign Category

2020-03-19 15:06:22 - [TEST_STEP][PASSED] - click(findTestObject("ADMIN/Custom Item Fields Page/a_Default/button_SelectCategories")): Object: 'Object Repository/ADMIN/Custom Item Fields Page/a_Default/button_SelectCategories' is clicked on

2020-03-19 15:06:22 - [MESSAGE][PASSED] - Object: 'Object Repository/ADMIN/Custom Item Fields Page/a_Default/button_SelectCategories' is clicked on

2020-03-19 15:06:22 - [TEST_STEP][PASSED] - waitForElementVisible(findTestObject("ADMIN/Custom Item Fields List Page/a_SelectCategories/searchbox_Category"), 0): Object 'Object Repository/ADMIN/Custom Item Fields List Page/a_SelectCategories/searchbox_Category' is visible

2020-03-19 15:06:22 - [MESSAGE][WARNING] - Timeout '0' is invalid. Using default page load timeout: '30'

2020-03-19 15:06:22 - [MESSAGE][PASSED] - Object 'Object Repository/ADMIN/Custom Item Fields List Page/a_SelectCategories/searchbox_Category' is visible

2020-03-19 15:06:22 - [TEST_STEP][PASSED] - comment("Category Assignment"): Category Assignment

2020-03-19 15:06:22 - [MESSAGE][INFO] - Category Assignment

2020-03-19 15:06:22 - [TEST_STEP][PASSED] - if (varAssignedCategory == "All Cat"): null

2020-03-19 15:06:22 - [TEST_STEP][PASSED] - else if (varAssignedCategory == "Category 01"): null

2020-03-19 15:06:22 - [TEST_STEP][PASSED] - else if (varAssignedCategory == "Category 2.1"): null

2020-03-19 15:06:22 - [TEST_STEP][PASSED] - else if (varAssignedCategory == "Category 3.1.1"): Object: 'Object Repository/ADMIN/Custom Item Fields List Page/a_SelectCategories/a_Categories/checkbox_3.1.1' is clicked on

2020-03-19 15:06:22 - [TEST_STEP][PASSED] - setText(findTestObject("ADMIN/Custom Item Fields List Page/a_SelectCategories/searchbox_Category"), varAssignedCategory, CONTINUE_ON_FAILURE): Text 'Category 3.1.1' is set on object 'Object Repository/ADMIN/Custom Item Fields List Page/a_SelectCategories/searchbox_Category'

2020-03-19 15:06:23 - [MESSAGE][PASSED] - Text 'Category 3.1.1' is set on object 'Object Repository/ADMIN/Custom Item Fields List Page/a_SelectCategories/searchbox_Category'

2020-03-19 15:06:23 - [TEST_STEP][PASSED] - click(findTestObject("ADMIN/Custom Item Fields List Page/a_SelectCategories/a_Categories/checkbox_3.1.1")): Object: 'Object Repository/ADMIN/Custom Item Fields List Page/a_SelectCategories/a_Categories/checkbox_3.1.1' is clicked on

2020-03-19 15:06:23 - [MESSAGE][PASSED] - Object: 'Object Repository/ADMIN/Custom Item Fields List Page/a_SelectCategories/a_Categories/checkbox_3.1.1' is clicked on

2020-03-19 15:06:23 - [TEST_STEP][PASSED] - click(findTestObject("ADMIN/Custom Item Fields List Page/a_SelectCategories/button_Save"), STOP_ON_FAILURE): Object: 'Object Repository/ADMIN/Custom Item Fields List Page/a_SelectCategories/button_Save' is clicked on

2020-03-19 15:06:23 - [MESSAGE][PASSED] - Object: 'Object Repository/ADMIN/Custom Item Fields List Page/a_SelectCategories/button_Save' is clicked on

2020-03-19 15:06:23 - [TEST_STEP][PASSED] - delay(2, CONTINUE_ON_FAILURE): Delayed 2 second(s)

2020-03-19 15:06:25 - [MESSAGE][PASSED] - Delayed 2 second(s)

2020-03-19 15:06:25 - [TEST_STEP][PASSED] - click(findTestObject("ADMIN/Custom Item Fields Page/a_Default/button_Save1"), STOP_ON_FAILURE): Object: 'Object Repository/ADMIN/Custom Item Fields Page/a_Default/button_Save1' is clicked on

2020-03-19 15:06:25 - [MESSAGE][PASSED] - Object: 'Object Repository/ADMIN/Custom Item Fields Page/a_Default/button_Save1' is clicked on

2020-03-19 15:06:25 - [TEST_STEP][PASSED] - waitForElementVisible(findTestObject("ADMIN/Custom Item Fields List Page/button_Add Field"), 0): Object 'Object Repository/ADMIN/Custom Item Fields List Page/button_Add Field' is visible

2020-03-19 15:06:25 - [MESSAGE][WARNING] - Timeout '0' is invalid. Using default page load timeout: '30'

2020-03-19 15:06:28 - [MESSAGE][PASSED] - Object 'Object Repository/ADMIN/Custom Item Fields List Page/button_Add Field' is visible]]></system-out>
         <system-err><![CDATA[]]></system-err>
      </testcase>
      <testcase name="Test Cases/ADMIN/Custom Fields Page/Add Custom Item Fields/Add_CF_DataDriven" time="8.715" classname="Test Cases/ADMIN/Custom Fields Page/Add Custom Item Fields/Add_CF_DataDriven" status="PASSED">
         <system-out><![CDATA[2020-03-19 15:06:28 - [TEST_CASE][PASSED] - Test Cases/ADMIN/Custom Fields Page/Add Custom Item Fields/Add_CF_DataDriven: Test Cases/ADMIN/Custom Fields Page/Add Custom Item Fields/Add_CF_DataDriven

2020-03-19 15:06:28 - [TEST_STEP][PASSED] - waitForElementVisible(findTestObject("ADMIN/Custom Item Fields List Page/button_Add Field"), 0): Object 'Object Repository/ADMIN/Custom Item Fields List Page/button_Add Field' is visible

2020-03-19 15:06:28 - [MESSAGE][WARNING] - Timeout '0' is invalid. Using default page load timeout: '30'

2020-03-19 15:06:28 - [MESSAGE][PASSED] - Object 'Object Repository/ADMIN/Custom Item Fields List Page/button_Add Field' is visible

2020-03-19 15:06:28 - [TEST_STEP][PASSED] - click(findTestObject("ADMIN/Custom Item Fields List Page/button_Add Field"), STOP_ON_FAILURE): Object: 'Object Repository/ADMIN/Custom Item Fields List Page/button_Add Field' is clicked on

2020-03-19 15:06:29 - [MESSAGE][PASSED] - Object: 'Object Repository/ADMIN/Custom Item Fields List Page/button_Add Field' is clicked on

2020-03-19 15:06:29 - [TEST_STEP][PASSED] - comment("Choose Field Type"): Choose Field Type

2020-03-19 15:06:29 - [MESSAGE][INFO] - Choose Field Type

2020-03-19 15:06:29 - [TEST_STEP][PASSED] - if (varCustomFieldType == "Checkbox"): null

2020-03-19 15:06:29 - [TEST_STEP][PASSED] - else if (varCustomFieldType == "Date / Time picker"): null

2020-03-19 15:06:29 - [TEST_STEP][PASSED] - else if (varCustomFieldType == "Drop Down"): null

2020-03-19 15:06:29 - [TEST_STEP][PASSED] - else if (varCustomFieldType == "Email"): All options with label 'Email' are selected in object 'Object Repository/ADMIN/Custom Item Fields Page/a_Default/dropdown_fieldtype' 

2020-03-19 15:06:29 - [TEST_STEP][PASSED] - waitForElementVisible(findTestObject("ADMIN/Custom Item Fields Page/a_Default/dropdown_fieldtype"), 0, CONTINUE_ON_FAILURE): Object 'Object Repository/ADMIN/Custom Item Fields Page/a_Default/dropdown_fieldtype' is visible

2020-03-19 15:06:29 - [MESSAGE][WARNING] - Timeout '0' is invalid. Using default page load timeout: '30'

2020-03-19 15:06:29 - [MESSAGE][PASSED] - Object 'Object Repository/ADMIN/Custom Item Fields Page/a_Default/dropdown_fieldtype' is visible

2020-03-19 15:06:29 - [TEST_STEP][PASSED] - selectOptionByLabel(findTestObject("ADMIN/Custom Item Fields Page/a_Default/dropdown_fieldtype"), "Email", false): All options with label 'Email' are selected in object 'Object Repository/ADMIN/Custom Item Fields Page/a_Default/dropdown_fieldtype' 

2020-03-19 15:06:29 - [MESSAGE][PASSED] - All options with label 'Email' are selected in object 'Object Repository/ADMIN/Custom Item Fields Page/a_Default/dropdown_fieldtype' 

2020-03-19 15:06:29 - [TEST_STEP][PASSED] - comment("Field Name"): Field Name

2020-03-19 15:06:29 - [MESSAGE][INFO] - Field Name

2020-03-19 15:06:29 - [TEST_STEP][PASSED] - setText(findTestObject("ADMIN/Custom Item Fields Page/a_Default/textfield_fieldname"), varCustomFieldName): Text 'SPG_Email_NM' is set on object 'Object Repository/ADMIN/Custom Item Fields Page/a_Default/textfield_fieldname'

2020-03-19 15:06:30 - [MESSAGE][PASSED] - Text 'SPG_Email_NM' is set on object 'Object Repository/ADMIN/Custom Item Fields Page/a_Default/textfield_fieldname'

2020-03-19 15:06:30 - [TEST_STEP][PASSED] - comment("Mandatory/NonMandatory"): Mandatory/NonMandatory

2020-03-19 15:06:30 - [MESSAGE][INFO] - Mandatory/NonMandatory

2020-03-19 15:06:30 - [TEST_STEP][PASSED] - if (varMandatoryNonMandatory == "mandatory"): null

2020-03-19 15:06:30 - [TEST_STEP][PASSED] - else if (varMandatoryNonMandatory == "non-mandatory"): Object: 'Object Repository/ADMIN/Custom Item Fields Page/a_Default/togglebutton_mandatory' is clicked on

2020-03-19 15:06:30 - [TEST_STEP][PASSED] - waitForElementVisible(findTestObject("ADMIN/Custom Item Fields Page/a_Default/togglebutton_mandatory"), 0, CONTINUE_ON_FAILURE): Object 'Object Repository/ADMIN/Custom Item Fields Page/a_Default/togglebutton_mandatory' is visible

2020-03-19 15:06:30 - [MESSAGE][WARNING] - Timeout '0' is invalid. Using default page load timeout: '30'

2020-03-19 15:06:30 - [MESSAGE][PASSED] - Object 'Object Repository/ADMIN/Custom Item Fields Page/a_Default/togglebutton_mandatory' is visible

2020-03-19 15:06:30 - [TEST_STEP][PASSED] - click(findTestObject("ADMIN/Custom Item Fields Page/a_Default/togglebutton_mandatory")): Object: 'Object Repository/ADMIN/Custom Item Fields Page/a_Default/togglebutton_mandatory' is clicked on

2020-03-19 15:06:30 - [MESSAGE][PASSED] - Object: 'Object Repository/ADMIN/Custom Item Fields Page/a_Default/togglebutton_mandatory' is clicked on

2020-03-19 15:06:30 - [TEST_STEP][PASSED] - comment("Assign Category"): Assign Category

2020-03-19 15:06:30 - [MESSAGE][INFO] - Assign Category

2020-03-19 15:06:30 - [TEST_STEP][PASSED] - click(findTestObject("ADMIN/Custom Item Fields Page/a_Default/button_SelectCategories")): Object: 'Object Repository/ADMIN/Custom Item Fields Page/a_Default/button_SelectCategories' is clicked on

2020-03-19 15:06:30 - [MESSAGE][PASSED] - Object: 'Object Repository/ADMIN/Custom Item Fields Page/a_Default/button_SelectCategories' is clicked on

2020-03-19 15:06:30 - [TEST_STEP][PASSED] - waitForElementVisible(findTestObject("ADMIN/Custom Item Fields List Page/a_SelectCategories/searchbox_Category"), 0): Object 'Object Repository/ADMIN/Custom Item Fields List Page/a_SelectCategories/searchbox_Category' is visible

2020-03-19 15:06:30 - [MESSAGE][WARNING] - Timeout '0' is invalid. Using default page load timeout: '30'

2020-03-19 15:06:31 - [MESSAGE][PASSED] - Object 'Object Repository/ADMIN/Custom Item Fields List Page/a_SelectCategories/searchbox_Category' is visible

2020-03-19 15:06:31 - [TEST_STEP][PASSED] - comment("Category Assignment"): Category Assignment

2020-03-19 15:06:31 - [MESSAGE][INFO] - Category Assignment

2020-03-19 15:06:31 - [TEST_STEP][PASSED] - if (varAssignedCategory == "All Cat"): null

2020-03-19 15:06:31 - [TEST_STEP][PASSED] - else if (varAssignedCategory == "Category 01"): null

2020-03-19 15:06:31 - [TEST_STEP][PASSED] - else if (varAssignedCategory == "Category 2.1"): null

2020-03-19 15:06:31 - [TEST_STEP][PASSED] - else if (varAssignedCategory == "Category 3.1.1"): Object: 'Object Repository/ADMIN/Custom Item Fields List Page/a_SelectCategories/a_Categories/checkbox_3.1.1' is clicked on

2020-03-19 15:06:31 - [TEST_STEP][PASSED] - setText(findTestObject("ADMIN/Custom Item Fields List Page/a_SelectCategories/searchbox_Category"), varAssignedCategory, CONTINUE_ON_FAILURE): Text 'Category 3.1.1' is set on object 'Object Repository/ADMIN/Custom Item Fields List Page/a_SelectCategories/searchbox_Category'

2020-03-19 15:06:31 - [MESSAGE][PASSED] - Text 'Category 3.1.1' is set on object 'Object Repository/ADMIN/Custom Item Fields List Page/a_SelectCategories/searchbox_Category'

2020-03-19 15:06:31 - [TEST_STEP][PASSED] - click(findTestObject("ADMIN/Custom Item Fields List Page/a_SelectCategories/a_Categories/checkbox_3.1.1")): Object: 'Object Repository/ADMIN/Custom Item Fields List Page/a_SelectCategories/a_Categories/checkbox_3.1.1' is clicked on

2020-03-19 15:06:31 - [MESSAGE][PASSED] - Object: 'Object Repository/ADMIN/Custom Item Fields List Page/a_SelectCategories/a_Categories/checkbox_3.1.1' is clicked on

2020-03-19 15:06:31 - [TEST_STEP][PASSED] - click(findTestObject("ADMIN/Custom Item Fields List Page/a_SelectCategories/button_Save"), STOP_ON_FAILURE): Object: 'Object Repository/ADMIN/Custom Item Fields List Page/a_SelectCategories/button_Save' is clicked on

2020-03-19 15:06:32 - [MESSAGE][PASSED] - Object: 'Object Repository/ADMIN/Custom Item Fields List Page/a_SelectCategories/button_Save' is clicked on

2020-03-19 15:06:32 - [TEST_STEP][PASSED] - delay(2, CONTINUE_ON_FAILURE): Delayed 2 second(s)

2020-03-19 15:06:34 - [MESSAGE][PASSED] - Delayed 2 second(s)

2020-03-19 15:06:34 - [TEST_STEP][PASSED] - click(findTestObject("ADMIN/Custom Item Fields Page/a_Default/button_Save1"), STOP_ON_FAILURE): Object: 'Object Repository/ADMIN/Custom Item Fields Page/a_Default/button_Save1' is clicked on

2020-03-19 15:06:34 - [MESSAGE][PASSED] - Object: 'Object Repository/ADMIN/Custom Item Fields Page/a_Default/button_Save1' is clicked on

2020-03-19 15:06:34 - [TEST_STEP][PASSED] - waitForElementVisible(findTestObject("ADMIN/Custom Item Fields List Page/button_Add Field"), 0): Object 'Object Repository/ADMIN/Custom Item Fields List Page/button_Add Field' is visible

2020-03-19 15:06:34 - [MESSAGE][WARNING] - Timeout '0' is invalid. Using default page load timeout: '30'

2020-03-19 15:06:36 - [MESSAGE][PASSED] - Object 'Object Repository/ADMIN/Custom Item Fields List Page/button_Add Field' is visible]]></system-out>
         <system-err><![CDATA[]]></system-err>
      </testcase>
      <testcase name="Test Cases/ADMIN/Custom Fields Page/Add Custom Item Fields/Add_CF_DataDriven" time="8.574" classname="Test Cases/ADMIN/Custom Fields Page/Add Custom Item Fields/Add_CF_DataDriven" status="PASSED">
         <system-out><![CDATA[2020-03-19 15:06:36 - [TEST_CASE][PASSED] - Test Cases/ADMIN/Custom Fields Page/Add Custom Item Fields/Add_CF_DataDriven: Test Cases/ADMIN/Custom Fields Page/Add Custom Item Fields/Add_CF_DataDriven

2020-03-19 15:06:36 - [TEST_STEP][PASSED] - waitForElementVisible(findTestObject("ADMIN/Custom Item Fields List Page/button_Add Field"), 0): Object 'Object Repository/ADMIN/Custom Item Fields List Page/button_Add Field' is visible

2020-03-19 15:06:36 - [MESSAGE][WARNING] - Timeout '0' is invalid. Using default page load timeout: '30'

2020-03-19 15:06:37 - [MESSAGE][PASSED] - Object 'Object Repository/ADMIN/Custom Item Fields List Page/button_Add Field' is visible

2020-03-19 15:06:37 - [TEST_STEP][PASSED] - click(findTestObject("ADMIN/Custom Item Fields List Page/button_Add Field"), STOP_ON_FAILURE): Object: 'Object Repository/ADMIN/Custom Item Fields List Page/button_Add Field' is clicked on

2020-03-19 15:06:37 - [MESSAGE][PASSED] - Object: 'Object Repository/ADMIN/Custom Item Fields List Page/button_Add Field' is clicked on

2020-03-19 15:06:37 - [TEST_STEP][PASSED] - comment("Choose Field Type"): Choose Field Type

2020-03-19 15:06:37 - [MESSAGE][INFO] - Choose Field Type

2020-03-19 15:06:37 - [TEST_STEP][PASSED] - if (varCustomFieldType == "Checkbox"): null

2020-03-19 15:06:37 - [TEST_STEP][PASSED] - else if (varCustomFieldType == "Date / Time picker"): null

2020-03-19 15:06:37 - [TEST_STEP][PASSED] - else if (varCustomFieldType == "Drop Down"): null

2020-03-19 15:06:37 - [TEST_STEP][PASSED] - else if (varCustomFieldType == "Email"): null

2020-03-19 15:06:37 - [TEST_STEP][PASSED] - else if (varCustomFieldType == "Embed Video"): null

2020-03-19 15:06:37 - [TEST_STEP][PASSED] - else if (varCustomFieldType == "Hyperlink / URL"): null

2020-03-19 15:06:37 - [TEST_STEP][PASSED] - else if (varCustomFieldType == "Location"): null

2020-03-19 15:06:37 - [TEST_STEP][PASSED] - else if (varCustomFieldType == "Number"): All options with label 'Number' are selected in object 'Object Repository/ADMIN/Custom Item Fields Page/a_Default/dropdown_fieldtype' 

2020-03-19 15:06:37 - [TEST_STEP][PASSED] - waitForElementVisible(findTestObject("ADMIN/Custom Item Fields Page/a_Default/dropdown_fieldtype"), 0, CONTINUE_ON_FAILURE): Object 'Object Repository/ADMIN/Custom Item Fields Page/a_Default/dropdown_fieldtype' is visible

2020-03-19 15:06:38 - [MESSAGE][WARNING] - Timeout '0' is invalid. Using default page load timeout: '30'

2020-03-19 15:06:38 - [MESSAGE][PASSED] - Object 'Object Repository/ADMIN/Custom Item Fields Page/a_Default/dropdown_fieldtype' is visible

2020-03-19 15:06:38 - [TEST_STEP][PASSED] - selectOptionByLabel(findTestObject("ADMIN/Custom Item Fields Page/a_Default/dropdown_fieldtype"), "Number", false): All options with label 'Number' are selected in object 'Object Repository/ADMIN/Custom Item Fields Page/a_Default/dropdown_fieldtype' 

2020-03-19 15:06:38 - [MESSAGE][PASSED] - All options with label 'Number' are selected in object 'Object Repository/ADMIN/Custom Item Fields Page/a_Default/dropdown_fieldtype' 

2020-03-19 15:06:38 - [TEST_STEP][PASSED] - comment("Field Name"): Field Name

2020-03-19 15:06:38 - [MESSAGE][INFO] - Field Name

2020-03-19 15:06:38 - [TEST_STEP][PASSED] - setText(findTestObject("ADMIN/Custom Item Fields Page/a_Default/textfield_fieldname"), varCustomFieldName): Text 'SPG_Number_NM1' is set on object 'Object Repository/ADMIN/Custom Item Fields Page/a_Default/textfield_fieldname'

2020-03-19 15:06:38 - [MESSAGE][PASSED] - Text 'SPG_Number_NM1' is set on object 'Object Repository/ADMIN/Custom Item Fields Page/a_Default/textfield_fieldname'

2020-03-19 15:06:38 - [TEST_STEP][PASSED] - comment("Mandatory/NonMandatory"): Mandatory/NonMandatory

2020-03-19 15:06:38 - [MESSAGE][INFO] - Mandatory/NonMandatory

2020-03-19 15:06:38 - [TEST_STEP][PASSED] - if (varMandatoryNonMandatory == "mandatory"): null

2020-03-19 15:06:38 - [TEST_STEP][PASSED] - else if (varMandatoryNonMandatory == "non-mandatory"): Object: 'Object Repository/ADMIN/Custom Item Fields Page/a_Default/togglebutton_mandatory' is clicked on

2020-03-19 15:06:38 - [TEST_STEP][PASSED] - waitForElementVisible(findTestObject("ADMIN/Custom Item Fields Page/a_Default/togglebutton_mandatory"), 0, CONTINUE_ON_FAILURE): Object 'Object Repository/ADMIN/Custom Item Fields Page/a_Default/togglebutton_mandatory' is visible

2020-03-19 15:06:38 - [MESSAGE][WARNING] - Timeout '0' is invalid. Using default page load timeout: '30'

2020-03-19 15:06:39 - [MESSAGE][PASSED] - Object 'Object Repository/ADMIN/Custom Item Fields Page/a_Default/togglebutton_mandatory' is visible

2020-03-19 15:06:39 - [TEST_STEP][PASSED] - click(findTestObject("ADMIN/Custom Item Fields Page/a_Default/togglebutton_mandatory")): Object: 'Object Repository/ADMIN/Custom Item Fields Page/a_Default/togglebutton_mandatory' is clicked on

2020-03-19 15:06:39 - [MESSAGE][PASSED] - Object: 'Object Repository/ADMIN/Custom Item Fields Page/a_Default/togglebutton_mandatory' is clicked on

2020-03-19 15:06:39 - [TEST_STEP][PASSED] - comment("Assign Category"): Assign Category

2020-03-19 15:06:39 - [MESSAGE][INFO] - Assign Category

2020-03-19 15:06:39 - [TEST_STEP][PASSED] - click(findTestObject("ADMIN/Custom Item Fields Page/a_Default/button_SelectCategories")): Object: 'Object Repository/ADMIN/Custom Item Fields Page/a_Default/button_SelectCategories' is clicked on

2020-03-19 15:06:39 - [MESSAGE][PASSED] - Object: 'Object Repository/ADMIN/Custom Item Fields Page/a_Default/button_SelectCategories' is clicked on

2020-03-19 15:06:39 - [TEST_STEP][PASSED] - waitForElementVisible(findTestObject("ADMIN/Custom Item Fields List Page/a_SelectCategories/searchbox_Category"), 0): Object 'Object Repository/ADMIN/Custom Item Fields List Page/a_SelectCategories/searchbox_Category' is visible

2020-03-19 15:06:39 - [MESSAGE][WARNING] - Timeout '0' is invalid. Using default page load timeout: '30'

2020-03-19 15:06:39 - [MESSAGE][PASSED] - Object 'Object Repository/ADMIN/Custom Item Fields List Page/a_SelectCategories/searchbox_Category' is visible

2020-03-19 15:06:39 - [TEST_STEP][PASSED] - comment("Category Assignment"): Category Assignment

2020-03-19 15:06:39 - [MESSAGE][INFO] - Category Assignment

2020-03-19 15:06:39 - [TEST_STEP][PASSED] - if (varAssignedCategory == "All Cat"): null

2020-03-19 15:06:39 - [TEST_STEP][PASSED] - else if (varAssignedCategory == "Category 01"): null

2020-03-19 15:06:39 - [TEST_STEP][PASSED] - else if (varAssignedCategory == "Category 2.1"): null

2020-03-19 15:06:39 - [TEST_STEP][PASSED] - else if (varAssignedCategory == "Category 3.1.1"): Object: 'Object Repository/ADMIN/Custom Item Fields List Page/a_SelectCategories/a_Categories/checkbox_3.1.1' is clicked on

2020-03-19 15:06:39 - [TEST_STEP][PASSED] - setText(findTestObject("ADMIN/Custom Item Fields List Page/a_SelectCategories/searchbox_Category"), varAssignedCategory, CONTINUE_ON_FAILURE): Text 'Category 3.1.1' is set on object 'Object Repository/ADMIN/Custom Item Fields List Page/a_SelectCategories/searchbox_Category'

2020-03-19 15:06:40 - [MESSAGE][PASSED] - Text 'Category 3.1.1' is set on object 'Object Repository/ADMIN/Custom Item Fields List Page/a_SelectCategories/searchbox_Category'

2020-03-19 15:06:40 - [TEST_STEP][PASSED] - click(findTestObject("ADMIN/Custom Item Fields List Page/a_SelectCategories/a_Categories/checkbox_3.1.1")): Object: 'Object Repository/ADMIN/Custom Item Fields List Page/a_SelectCategories/a_Categories/checkbox_3.1.1' is clicked on

2020-03-19 15:06:40 - [MESSAGE][PASSED] - Object: 'Object Repository/ADMIN/Custom Item Fields List Page/a_SelectCategories/a_Categories/checkbox_3.1.1' is clicked on

2020-03-19 15:06:40 - [TEST_STEP][PASSED] - click(findTestObject("ADMIN/Custom Item Fields List Page/a_SelectCategories/button_Save"), STOP_ON_FAILURE): Object: 'Object Repository/ADMIN/Custom Item Fields List Page/a_SelectCategories/button_Save' is clicked on

2020-03-19 15:06:40 - [MESSAGE][PASSED] - Object: 'Object Repository/ADMIN/Custom Item Fields List Page/a_SelectCategories/button_Save' is clicked on

2020-03-19 15:06:40 - [TEST_STEP][PASSED] - delay(2, CONTINUE_ON_FAILURE): Delayed 2 second(s)

2020-03-19 15:06:42 - [MESSAGE][PASSED] - Delayed 2 second(s)

2020-03-19 15:06:42 - [TEST_STEP][PASSED] - click(findTestObject("ADMIN/Custom Item Fields Page/a_Default/button_Save1"), STOP_ON_FAILURE): Object: 'Object Repository/ADMIN/Custom Item Fields Page/a_Default/button_Save1' is clicked on

2020-03-19 15:06:43 - [MESSAGE][PASSED] - Object: 'Object Repository/ADMIN/Custom Item Fields Page/a_Default/button_Save1' is clicked on

2020-03-19 15:06:43 - [TEST_STEP][PASSED] - waitForElementVisible(findTestObject("ADMIN/Custom Item Fields List Page/button_Add Field"), 0): Object 'Object Repository/ADMIN/Custom Item Fields List Page/button_Add Field' is visible

2020-03-19 15:06:43 - [MESSAGE][WARNING] - Timeout '0' is invalid. Using default page load timeout: '30'

2020-03-19 15:06:45 - [MESSAGE][PASSED] - Object 'Object Repository/ADMIN/Custom Item Fields List Page/button_Add Field' is visible]]></system-out>
         <system-err><![CDATA[]]></system-err>
      </testcase>
      <testcase name="Test Cases/ADMIN/Custom Fields Page/Add Custom Item Fields/Add_CF_DataDriven" time="8.978" classname="Test Cases/ADMIN/Custom Fields Page/Add Custom Item Fields/Add_CF_DataDriven" status="PASSED">
         <system-out><![CDATA[2020-03-19 15:06:45 - [TEST_CASE][PASSED] - Test Cases/ADMIN/Custom Fields Page/Add Custom Item Fields/Add_CF_DataDriven: Test Cases/ADMIN/Custom Fields Page/Add Custom Item Fields/Add_CF_DataDriven

2020-03-19 15:06:45 - [TEST_STEP][PASSED] - waitForElementVisible(findTestObject("ADMIN/Custom Item Fields List Page/button_Add Field"), 0): Object 'Object Repository/ADMIN/Custom Item Fields List Page/button_Add Field' is visible

2020-03-19 15:06:45 - [MESSAGE][WARNING] - Timeout '0' is invalid. Using default page load timeout: '30'

2020-03-19 15:06:45 - [MESSAGE][PASSED] - Object 'Object Repository/ADMIN/Custom Item Fields List Page/button_Add Field' is visible

2020-03-19 15:06:45 - [TEST_STEP][PASSED] - click(findTestObject("ADMIN/Custom Item Fields List Page/button_Add Field"), STOP_ON_FAILURE): Object: 'Object Repository/ADMIN/Custom Item Fields List Page/button_Add Field' is clicked on

2020-03-19 15:06:46 - [MESSAGE][PASSED] - Object: 'Object Repository/ADMIN/Custom Item Fields List Page/button_Add Field' is clicked on

2020-03-19 15:06:46 - [TEST_STEP][PASSED] - comment("Choose Field Type"): Choose Field Type

2020-03-19 15:06:46 - [MESSAGE][INFO] - Choose Field Type

2020-03-19 15:06:46 - [TEST_STEP][PASSED] - if (varCustomFieldType == "Checkbox"): null

2020-03-19 15:06:46 - [TEST_STEP][PASSED] - else if (varCustomFieldType == "Date / Time picker"): null

2020-03-19 15:06:46 - [TEST_STEP][PASSED] - else if (varCustomFieldType == "Drop Down"): null

2020-03-19 15:06:46 - [TEST_STEP][PASSED] - else if (varCustomFieldType == "Email"): null

2020-03-19 15:06:46 - [TEST_STEP][PASSED] - else if (varCustomFieldType == "Embed Video"): null

2020-03-19 15:06:46 - [TEST_STEP][PASSED] - else if (varCustomFieldType == "Hyperlink / URL"): null

2020-03-19 15:06:46 - [TEST_STEP][PASSED] - else if (varCustomFieldType == "Location"): null

2020-03-19 15:06:46 - [TEST_STEP][PASSED] - else if (varCustomFieldType == "Number"): All options with label 'Number' are selected in object 'Object Repository/ADMIN/Custom Item Fields Page/a_Default/dropdown_fieldtype' 

2020-03-19 15:06:46 - [TEST_STEP][PASSED] - waitForElementVisible(findTestObject("ADMIN/Custom Item Fields Page/a_Default/dropdown_fieldtype"), 0, CONTINUE_ON_FAILURE): Object 'Object Repository/ADMIN/Custom Item Fields Page/a_Default/dropdown_fieldtype' is visible

2020-03-19 15:06:46 - [MESSAGE][WARNING] - Timeout '0' is invalid. Using default page load timeout: '30'

2020-03-19 15:06:47 - [MESSAGE][PASSED] - Object 'Object Repository/ADMIN/Custom Item Fields Page/a_Default/dropdown_fieldtype' is visible

2020-03-19 15:06:47 - [TEST_STEP][PASSED] - selectOptionByLabel(findTestObject("ADMIN/Custom Item Fields Page/a_Default/dropdown_fieldtype"), "Number", false): All options with label 'Number' are selected in object 'Object Repository/ADMIN/Custom Item Fields Page/a_Default/dropdown_fieldtype' 

2020-03-19 15:06:47 - [MESSAGE][PASSED] - All options with label 'Number' are selected in object 'Object Repository/ADMIN/Custom Item Fields Page/a_Default/dropdown_fieldtype' 

2020-03-19 15:06:47 - [TEST_STEP][PASSED] - comment("Field Name"): Field Name

2020-03-19 15:06:47 - [MESSAGE][INFO] - Field Name

2020-03-19 15:06:47 - [TEST_STEP][PASSED] - setText(findTestObject("ADMIN/Custom Item Fields Page/a_Default/textfield_fieldname"), varCustomFieldName): Text 'SPG_Number_NM2' is set on object 'Object Repository/ADMIN/Custom Item Fields Page/a_Default/textfield_fieldname'

2020-03-19 15:06:47 - [MESSAGE][PASSED] - Text 'SPG_Number_NM2' is set on object 'Object Repository/ADMIN/Custom Item Fields Page/a_Default/textfield_fieldname'

2020-03-19 15:06:47 - [TEST_STEP][PASSED] - comment("Mandatory/NonMandatory"): Mandatory/NonMandatory

2020-03-19 15:06:47 - [MESSAGE][INFO] - Mandatory/NonMandatory

2020-03-19 15:06:47 - [TEST_STEP][PASSED] - if (varMandatoryNonMandatory == "mandatory"): null

2020-03-19 15:06:47 - [TEST_STEP][PASSED] - else if (varMandatoryNonMandatory == "non-mandatory"): Object: 'Object Repository/ADMIN/Custom Item Fields Page/a_Default/togglebutton_mandatory' is clicked on

2020-03-19 15:06:47 - [TEST_STEP][PASSED] - waitForElementVisible(findTestObject("ADMIN/Custom Item Fields Page/a_Default/togglebutton_mandatory"), 0, CONTINUE_ON_FAILURE): Object 'Object Repository/ADMIN/Custom Item Fields Page/a_Default/togglebutton_mandatory' is visible

2020-03-19 15:06:47 - [MESSAGE][WARNING] - Timeout '0' is invalid. Using default page load timeout: '30'

2020-03-19 15:06:47 - [MESSAGE][PASSED] - Object 'Object Repository/ADMIN/Custom Item Fields Page/a_Default/togglebutton_mandatory' is visible

2020-03-19 15:06:47 - [TEST_STEP][PASSED] - click(findTestObject("ADMIN/Custom Item Fields Page/a_Default/togglebutton_mandatory")): Object: 'Object Repository/ADMIN/Custom Item Fields Page/a_Default/togglebutton_mandatory' is clicked on

2020-03-19 15:06:48 - [MESSAGE][PASSED] - Object: 'Object Repository/ADMIN/Custom Item Fields Page/a_Default/togglebutton_mandatory' is clicked on

2020-03-19 15:06:48 - [TEST_STEP][PASSED] - comment("Assign Category"): Assign Category

2020-03-19 15:06:48 - [MESSAGE][INFO] - Assign Category

2020-03-19 15:06:48 - [TEST_STEP][PASSED] - click(findTestObject("ADMIN/Custom Item Fields Page/a_Default/button_SelectCategories")): Object: 'Object Repository/ADMIN/Custom Item Fields Page/a_Default/button_SelectCategories' is clicked on

2020-03-19 15:06:48 - [MESSAGE][PASSED] - Object: 'Object Repository/ADMIN/Custom Item Fields Page/a_Default/button_SelectCategories' is clicked on

2020-03-19 15:06:48 - [TEST_STEP][PASSED] - waitForElementVisible(findTestObject("ADMIN/Custom Item Fields List Page/a_SelectCategories/searchbox_Category"), 0): Object 'Object Repository/ADMIN/Custom Item Fields List Page/a_SelectCategories/searchbox_Category' is visible

2020-03-19 15:06:48 - [MESSAGE][WARNING] - Timeout '0' is invalid. Using default page load timeout: '30'

2020-03-19 15:06:48 - [MESSAGE][PASSED] - Object 'Object Repository/ADMIN/Custom Item Fields List Page/a_SelectCategories/searchbox_Category' is visible

2020-03-19 15:06:48 - [TEST_STEP][PASSED] - comment("Category Assignment"): Category Assignment

2020-03-19 15:06:48 - [MESSAGE][INFO] - Category Assignment

2020-03-19 15:06:48 - [TEST_STEP][PASSED] - if (varAssignedCategory == "All Cat"): null

2020-03-19 15:06:48 - [TEST_STEP][PASSED] - else if (varAssignedCategory == "Category 01"): null

2020-03-19 15:06:48 - [TEST_STEP][PASSED] - else if (varAssignedCategory == "Category 2.1"): null

2020-03-19 15:06:48 - [TEST_STEP][PASSED] - else if (varAssignedCategory == "Category 3.1.1"): Object: 'Object Repository/ADMIN/Custom Item Fields List Page/a_SelectCategories/a_Categories/checkbox_3.1.1' is clicked on

2020-03-19 15:06:48 - [TEST_STEP][PASSED] - setText(findTestObject("ADMIN/Custom Item Fields List Page/a_SelectCategories/searchbox_Category"), varAssignedCategory, CONTINUE_ON_FAILURE): Text 'Category 3.1.1' is set on object 'Object Repository/ADMIN/Custom Item Fields List Page/a_SelectCategories/searchbox_Category'

2020-03-19 15:06:49 - [MESSAGE][PASSED] - Text 'Category 3.1.1' is set on object 'Object Repository/ADMIN/Custom Item Fields List Page/a_SelectCategories/searchbox_Category'

2020-03-19 15:06:49 - [TEST_STEP][PASSED] - click(findTestObject("ADMIN/Custom Item Fields List Page/a_SelectCategories/a_Categories/checkbox_3.1.1")): Object: 'Object Repository/ADMIN/Custom Item Fields List Page/a_SelectCategories/a_Categories/checkbox_3.1.1' is clicked on

2020-03-19 15:06:49 - [MESSAGE][PASSED] - Object: 'Object Repository/ADMIN/Custom Item Fields List Page/a_SelectCategories/a_Categories/checkbox_3.1.1' is clicked on

2020-03-19 15:06:49 - [TEST_STEP][PASSED] - click(findTestObject("ADMIN/Custom Item Fields List Page/a_SelectCategories/button_Save"), STOP_ON_FAILURE): Object: 'Object Repository/ADMIN/Custom Item Fields List Page/a_SelectCategories/button_Save' is clicked on

2020-03-19 15:06:49 - [MESSAGE][PASSED] - Object: 'Object Repository/ADMIN/Custom Item Fields List Page/a_SelectCategories/button_Save' is clicked on

2020-03-19 15:06:49 - [TEST_STEP][PASSED] - delay(2, CONTINUE_ON_FAILURE): Delayed 2 second(s)

2020-03-19 15:06:51 - [MESSAGE][PASSED] - Delayed 2 second(s)

2020-03-19 15:06:51 - [TEST_STEP][PASSED] - click(findTestObject("ADMIN/Custom Item Fields Page/a_Default/button_Save1"), STOP_ON_FAILURE): Object: 'Object Repository/ADMIN/Custom Item Fields Page/a_Default/button_Save1' is clicked on

2020-03-19 15:06:51 - [MESSAGE][PASSED] - Object: 'Object Repository/ADMIN/Custom Item Fields Page/a_Default/button_Save1' is clicked on

2020-03-19 15:06:51 - [TEST_STEP][PASSED] - waitForElementVisible(findTestObject("ADMIN/Custom Item Fields List Page/button_Add Field"), 0): Object 'Object Repository/ADMIN/Custom Item Fields List Page/button_Add Field' is visible

2020-03-19 15:06:51 - [MESSAGE][WARNING] - Timeout '0' is invalid. Using default page load timeout: '30'

2020-03-19 15:06:54 - [MESSAGE][PASSED] - Object 'Object Repository/ADMIN/Custom Item Fields List Page/button_Add Field' is visible]]></system-out>
         <system-err><![CDATA[]]></system-err>
      </testcase>
      <testcase name="Test Cases/ADMIN/Custom Fields Page/Add Custom Item Fields/Add_CF_DataDriven" time="8.962" classname="Test Cases/ADMIN/Custom Fields Page/Add Custom Item Fields/Add_CF_DataDriven" status="PASSED">
         <system-out><![CDATA[2020-03-19 15:06:54 - [TEST_CASE][PASSED] - Test Cases/ADMIN/Custom Fields Page/Add Custom Item Fields/Add_CF_DataDriven: Test Cases/ADMIN/Custom Fields Page/Add Custom Item Fields/Add_CF_DataDriven

2020-03-19 15:06:54 - [TEST_STEP][PASSED] - waitForElementVisible(findTestObject("ADMIN/Custom Item Fields List Page/button_Add Field"), 0): Object 'Object Repository/ADMIN/Custom Item Fields List Page/button_Add Field' is visible

2020-03-19 15:06:54 - [MESSAGE][WARNING] - Timeout '0' is invalid. Using default page load timeout: '30'

2020-03-19 15:06:54 - [MESSAGE][PASSED] - Object 'Object Repository/ADMIN/Custom Item Fields List Page/button_Add Field' is visible

2020-03-19 15:06:54 - [TEST_STEP][PASSED] - click(findTestObject("ADMIN/Custom Item Fields List Page/button_Add Field"), STOP_ON_FAILURE): Object: 'Object Repository/ADMIN/Custom Item Fields List Page/button_Add Field' is clicked on

2020-03-19 15:06:55 - [MESSAGE][PASSED] - Object: 'Object Repository/ADMIN/Custom Item Fields List Page/button_Add Field' is clicked on

2020-03-19 15:06:55 - [TEST_STEP][PASSED] - comment("Choose Field Type"): Choose Field Type

2020-03-19 15:06:55 - [MESSAGE][INFO] - Choose Field Type

2020-03-19 15:06:55 - [TEST_STEP][PASSED] - if (varCustomFieldType == "Checkbox"): null

2020-03-19 15:06:55 - [TEST_STEP][PASSED] - else if (varCustomFieldType == "Date / Time picker"): null

2020-03-19 15:06:55 - [TEST_STEP][PASSED] - else if (varCustomFieldType == "Drop Down"): null

2020-03-19 15:06:55 - [TEST_STEP][PASSED] - else if (varCustomFieldType == "Email"): null

2020-03-19 15:06:55 - [TEST_STEP][PASSED] - else if (varCustomFieldType == "Embed Video"): null

2020-03-19 15:06:55 - [TEST_STEP][PASSED] - else if (varCustomFieldType == "Hyperlink / URL"): null

2020-03-19 15:06:55 - [TEST_STEP][PASSED] - else if (varCustomFieldType == "Location"): null

2020-03-19 15:06:55 - [TEST_STEP][PASSED] - else if (varCustomFieldType == "Number"): null

2020-03-19 15:06:55 - [TEST_STEP][PASSED] - else if (varCustomFieldType == "PDF File"): null

2020-03-19 15:06:55 - [TEST_STEP][PASSED] - else if (varCustomFieldType == "Percentage"): All options with label 'Percentage' are selected in object 'Object Repository/ADMIN/Custom Item Fields Page/a_Default/dropdown_fieldtype' 

2020-03-19 15:06:55 - [TEST_STEP][PASSED] - waitForElementVisible(findTestObject("ADMIN/Custom Item Fields Page/a_Default/dropdown_fieldtype"), 0, CONTINUE_ON_FAILURE): Object 'Object Repository/ADMIN/Custom Item Fields Page/a_Default/dropdown_fieldtype' is visible

2020-03-19 15:06:55 - [MESSAGE][WARNING] - Timeout '0' is invalid. Using default page load timeout: '30'

2020-03-19 15:06:56 - [MESSAGE][PASSED] - Object 'Object Repository/ADMIN/Custom Item Fields Page/a_Default/dropdown_fieldtype' is visible

2020-03-19 15:06:56 - [TEST_STEP][PASSED] - selectOptionByLabel(findTestObject("ADMIN/Custom Item Fields Page/a_Default/dropdown_fieldtype"), "Percentage", false): All options with label 'Percentage' are selected in object 'Object Repository/ADMIN/Custom Item Fields Page/a_Default/dropdown_fieldtype' 

2020-03-19 15:06:56 - [MESSAGE][PASSED] - All options with label 'Percentage' are selected in object 'Object Repository/ADMIN/Custom Item Fields Page/a_Default/dropdown_fieldtype' 

2020-03-19 15:06:56 - [TEST_STEP][PASSED] - comment("Field Name"): Field Name

2020-03-19 15:06:56 - [MESSAGE][INFO] - Field Name

2020-03-19 15:06:56 - [TEST_STEP][PASSED] - setText(findTestObject("ADMIN/Custom Item Fields Page/a_Default/textfield_fieldname"), varCustomFieldName): Text 'SPG_Percentage_NM' is set on object 'Object Repository/ADMIN/Custom Item Fields Page/a_Default/textfield_fieldname'

2020-03-19 15:06:56 - [MESSAGE][PASSED] - Text 'SPG_Percentage_NM' is set on object 'Object Repository/ADMIN/Custom Item Fields Page/a_Default/textfield_fieldname'

2020-03-19 15:06:56 - [TEST_STEP][PASSED] - comment("Mandatory/NonMandatory"): Mandatory/NonMandatory

2020-03-19 15:06:56 - [MESSAGE][INFO] - Mandatory/NonMandatory

2020-03-19 15:06:56 - [TEST_STEP][PASSED] - if (varMandatoryNonMandatory == "mandatory"): null

2020-03-19 15:06:56 - [TEST_STEP][PASSED] - else if (varMandatoryNonMandatory == "non-mandatory"): Object: 'Object Repository/ADMIN/Custom Item Fields Page/a_Default/togglebutton_mandatory' is clicked on

2020-03-19 15:06:56 - [TEST_STEP][PASSED] - waitForElementVisible(findTestObject("ADMIN/Custom Item Fields Page/a_Default/togglebutton_mandatory"), 0, CONTINUE_ON_FAILURE): Object 'Object Repository/ADMIN/Custom Item Fields Page/a_Default/togglebutton_mandatory' is visible

2020-03-19 15:06:56 - [MESSAGE][WARNING] - Timeout '0' is invalid. Using default page load timeout: '30'

2020-03-19 15:06:56 - [MESSAGE][PASSED] - Object 'Object Repository/ADMIN/Custom Item Fields Page/a_Default/togglebutton_mandatory' is visible

2020-03-19 15:06:56 - [TEST_STEP][PASSED] - click(findTestObject("ADMIN/Custom Item Fields Page/a_Default/togglebutton_mandatory")): Object: 'Object Repository/ADMIN/Custom Item Fields Page/a_Default/togglebutton_mandatory' is clicked on

2020-03-19 15:06:57 - [MESSAGE][PASSED] - Object: 'Object Repository/ADMIN/Custom Item Fields Page/a_Default/togglebutton_mandatory' is clicked on

2020-03-19 15:06:57 - [TEST_STEP][PASSED] - comment("Assign Category"): Assign Category

2020-03-19 15:06:57 - [MESSAGE][INFO] - Assign Category

2020-03-19 15:06:57 - [TEST_STEP][PASSED] - click(findTestObject("ADMIN/Custom Item Fields Page/a_Default/button_SelectCategories")): Object: 'Object Repository/ADMIN/Custom Item Fields Page/a_Default/button_SelectCategories' is clicked on

2020-03-19 15:06:57 - [MESSAGE][PASSED] - Object: 'Object Repository/ADMIN/Custom Item Fields Page/a_Default/button_SelectCategories' is clicked on

2020-03-19 15:06:57 - [TEST_STEP][PASSED] - waitForElementVisible(findTestObject("ADMIN/Custom Item Fields List Page/a_SelectCategories/searchbox_Category"), 0): Object 'Object Repository/ADMIN/Custom Item Fields List Page/a_SelectCategories/searchbox_Category' is visible

2020-03-19 15:06:57 - [MESSAGE][WARNING] - Timeout '0' is invalid. Using default page load timeout: '30'

2020-03-19 15:06:57 - [MESSAGE][PASSED] - Object 'Object Repository/ADMIN/Custom Item Fields List Page/a_SelectCategories/searchbox_Category' is visible

2020-03-19 15:06:57 - [TEST_STEP][PASSED] - comment("Category Assignment"): Category Assignment

2020-03-19 15:06:57 - [MESSAGE][INFO] - Category Assignment

2020-03-19 15:06:57 - [TEST_STEP][PASSED] - if (varAssignedCategory == "All Cat"): null

2020-03-19 15:06:57 - [TEST_STEP][PASSED] - else if (varAssignedCategory == "Category 01"): null

2020-03-19 15:06:57 - [TEST_STEP][PASSED] - else if (varAssignedCategory == "Category 2.1"): null

2020-03-19 15:06:57 - [TEST_STEP][PASSED] - else if (varAssignedCategory == "Category 3.1.1"): Object: 'Object Repository/ADMIN/Custom Item Fields List Page/a_SelectCategories/a_Categories/checkbox_3.1.1' is clicked on

2020-03-19 15:06:57 - [TEST_STEP][PASSED] - setText(findTestObject("ADMIN/Custom Item Fields List Page/a_SelectCategories/searchbox_Category"), varAssignedCategory, CONTINUE_ON_FAILURE): Text 'Category 3.1.1' is set on object 'Object Repository/ADMIN/Custom Item Fields List Page/a_SelectCategories/searchbox_Category'

2020-03-19 15:06:58 - [MESSAGE][PASSED] - Text 'Category 3.1.1' is set on object 'Object Repository/ADMIN/Custom Item Fields List Page/a_SelectCategories/searchbox_Category'

2020-03-19 15:06:58 - [TEST_STEP][PASSED] - click(findTestObject("ADMIN/Custom Item Fields List Page/a_SelectCategories/a_Categories/checkbox_3.1.1")): Object: 'Object Repository/ADMIN/Custom Item Fields List Page/a_SelectCategories/a_Categories/checkbox_3.1.1' is clicked on

2020-03-19 15:06:58 - [MESSAGE][PASSED] - Object: 'Object Repository/ADMIN/Custom Item Fields List Page/a_SelectCategories/a_Categories/checkbox_3.1.1' is clicked on

2020-03-19 15:06:58 - [TEST_STEP][PASSED] - click(findTestObject("ADMIN/Custom Item Fields List Page/a_SelectCategories/button_Save"), STOP_ON_FAILURE): Object: 'Object Repository/ADMIN/Custom Item Fields List Page/a_SelectCategories/button_Save' is clicked on

2020-03-19 15:06:58 - [MESSAGE][PASSED] - Object: 'Object Repository/ADMIN/Custom Item Fields List Page/a_SelectCategories/button_Save' is clicked on

2020-03-19 15:06:58 - [TEST_STEP][PASSED] - delay(2, CONTINUE_ON_FAILURE): Delayed 2 second(s)

2020-03-19 15:07:00 - [MESSAGE][PASSED] - Delayed 2 second(s)

2020-03-19 15:07:00 - [TEST_STEP][PASSED] - click(findTestObject("ADMIN/Custom Item Fields Page/a_Default/button_Save1"), STOP_ON_FAILURE): Object: 'Object Repository/ADMIN/Custom Item Fields Page/a_Default/button_Save1' is clicked on

2020-03-19 15:07:00 - [MESSAGE][PASSED] - Object: 'Object Repository/ADMIN/Custom Item Fields Page/a_Default/button_Save1' is clicked on

2020-03-19 15:07:00 - [TEST_STEP][PASSED] - waitForElementVisible(findTestObject("ADMIN/Custom Item Fields List Page/button_Add Field"), 0): Object 'Object Repository/ADMIN/Custom Item Fields List Page/button_Add Field' is visible

2020-03-19 15:07:00 - [MESSAGE][WARNING] - Timeout '0' is invalid. Using default page load timeout: '30'

2020-03-19 15:07:03 - [MESSAGE][PASSED] - Object 'Object Repository/ADMIN/Custom Item Fields List Page/button_Add Field' is visible]]></system-out>
         <system-err><![CDATA[]]></system-err>
      </testcase>
      <testcase name="Test Cases/ADMIN/Custom Fields Page/Add Custom Item Fields/Add_CF_DataDriven" time="12.968" classname="Test Cases/ADMIN/Custom Fields Page/Add Custom Item Fields/Add_CF_DataDriven" status="PASSED">
         <system-out><![CDATA[2020-03-19 15:07:03 - [TEST_CASE][PASSED] - Test Cases/ADMIN/Custom Fields Page/Add Custom Item Fields/Add_CF_DataDriven: Test Cases/ADMIN/Custom Fields Page/Add Custom Item Fields/Add_CF_DataDriven

2020-03-19 15:07:03 - [TEST_STEP][PASSED] - waitForElementVisible(findTestObject("ADMIN/Custom Item Fields List Page/button_Add Field"), 0): Object 'Object Repository/ADMIN/Custom Item Fields List Page/button_Add Field' is visible

2020-03-19 15:07:03 - [MESSAGE][WARNING] - Timeout '0' is invalid. Using default page load timeout: '30'

2020-03-19 15:07:03 - [MESSAGE][PASSED] - Object 'Object Repository/ADMIN/Custom Item Fields List Page/button_Add Field' is visible

2020-03-19 15:07:03 - [TEST_STEP][PASSED] - click(findTestObject("ADMIN/Custom Item Fields List Page/button_Add Field"), STOP_ON_FAILURE): Object: 'Object Repository/ADMIN/Custom Item Fields List Page/button_Add Field' is clicked on

2020-03-19 15:07:04 - [MESSAGE][PASSED] - Object: 'Object Repository/ADMIN/Custom Item Fields List Page/button_Add Field' is clicked on

2020-03-19 15:07:04 - [TEST_STEP][PASSED] - comment("Choose Field Type"): Choose Field Type

2020-03-19 15:07:04 - [MESSAGE][INFO] - Choose Field Type

2020-03-19 15:07:04 - [TEST_STEP][PASSED] - if (varCustomFieldType == "Checkbox"): Text 'SPG_Check Box_M1CB10' is set on object 'Object Repository/ADMIN/Custom Item Fields Page/a_Checkbox/textfield_option10'

2020-03-19 15:07:04 - [TEST_STEP][PASSED] - waitForElementVisible(findTestObject("ADMIN/Custom Item Fields Page/a_Default/dropdown_fieldtype"), 0, CONTINUE_ON_FAILURE): Object 'Object Repository/ADMIN/Custom Item Fields Page/a_Default/dropdown_fieldtype' is visible

2020-03-19 15:07:04 - [MESSAGE][WARNING] - Timeout '0' is invalid. Using default page load timeout: '30'

2020-03-19 15:07:04 - [MESSAGE][PASSED] - Object 'Object Repository/ADMIN/Custom Item Fields Page/a_Default/dropdown_fieldtype' is visible

2020-03-19 15:07:04 - [TEST_STEP][PASSED] - selectOptionByLabel(findTestObject("ADMIN/Custom Item Fields Page/a_Default/dropdown_fieldtype"), "Checkbox", false): All options with label 'Checkbox' are selected in object 'Object Repository/ADMIN/Custom Item Fields Page/a_Default/dropdown_fieldtype' 

2020-03-19 15:07:05 - [MESSAGE][PASSED] - All options with label 'Checkbox' are selected in object 'Object Repository/ADMIN/Custom Item Fields Page/a_Default/dropdown_fieldtype' 

2020-03-19 15:07:05 - [TEST_STEP][PASSED] - waitForElementVisible(findTestObject("ADMIN/Custom Item Fields Page/a_Checkbox/button_addoption"), 0): Object 'Object Repository/ADMIN/Custom Item Fields Page/a_Checkbox/button_addoption' is visible

2020-03-19 15:07:05 - [MESSAGE][WARNING] - Timeout '0' is invalid. Using default page load timeout: '30'

2020-03-19 15:07:05 - [MESSAGE][PASSED] - Object 'Object Repository/ADMIN/Custom Item Fields Page/a_Checkbox/button_addoption' is visible

2020-03-19 15:07:05 - [TEST_STEP][PASSED] - for ([r = 0, r <= 7, (r++)]): Object: 'Object Repository/ADMIN/Custom Item Fields Page/a_Checkbox/button_addoption' is clicked on

2020-03-19 15:07:05 - [TEST_STEP][PASSED] - click(findTestObject("ADMIN/Custom Item Fields Page/a_Checkbox/button_addoption"), STOP_ON_FAILURE): Object: 'Object Repository/ADMIN/Custom Item Fields Page/a_Checkbox/button_addoption' is clicked on

2020-03-19 15:07:05 - [MESSAGE][PASSED] - Object: 'Object Repository/ADMIN/Custom Item Fields Page/a_Checkbox/button_addoption' is clicked on

2020-03-19 15:07:05 - [TEST_STEP][PASSED] - click(findTestObject("ADMIN/Custom Item Fields Page/a_Checkbox/button_addoption"), STOP_ON_FAILURE): Object: 'Object Repository/ADMIN/Custom Item Fields Page/a_Checkbox/button_addoption' is clicked on

2020-03-19 15:07:05 - [MESSAGE][PASSED] - Object: 'Object Repository/ADMIN/Custom Item Fields Page/a_Checkbox/button_addoption' is clicked on

2020-03-19 15:07:05 - [TEST_STEP][PASSED] - click(findTestObject("ADMIN/Custom Item Fields Page/a_Checkbox/button_addoption"), STOP_ON_FAILURE): Object: 'Object Repository/ADMIN/Custom Item Fields Page/a_Checkbox/button_addoption' is clicked on

2020-03-19 15:07:05 - [MESSAGE][PASSED] - Object: 'Object Repository/ADMIN/Custom Item Fields Page/a_Checkbox/button_addoption' is clicked on

2020-03-19 15:07:05 - [TEST_STEP][PASSED] - click(findTestObject("ADMIN/Custom Item Fields Page/a_Checkbox/button_addoption"), STOP_ON_FAILURE): Object: 'Object Repository/ADMIN/Custom Item Fields Page/a_Checkbox/button_addoption' is clicked on

2020-03-19 15:07:05 - [MESSAGE][PASSED] - Object: 'Object Repository/ADMIN/Custom Item Fields Page/a_Checkbox/button_addoption' is clicked on

2020-03-19 15:07:05 - [TEST_STEP][PASSED] - click(findTestObject("ADMIN/Custom Item Fields Page/a_Checkbox/button_addoption"), STOP_ON_FAILURE): Object: 'Object Repository/ADMIN/Custom Item Fields Page/a_Checkbox/button_addoption' is clicked on

2020-03-19 15:07:05 - [MESSAGE][PASSED] - Object: 'Object Repository/ADMIN/Custom Item Fields Page/a_Checkbox/button_addoption' is clicked on

2020-03-19 15:07:05 - [TEST_STEP][PASSED] - click(findTestObject("ADMIN/Custom Item Fields Page/a_Checkbox/button_addoption"), STOP_ON_FAILURE): Object: 'Object Repository/ADMIN/Custom Item Fields Page/a_Checkbox/button_addoption' is clicked on

2020-03-19 15:07:05 - [MESSAGE][PASSED] - Object: 'Object Repository/ADMIN/Custom Item Fields Page/a_Checkbox/button_addoption' is clicked on

2020-03-19 15:07:05 - [TEST_STEP][PASSED] - click(findTestObject("ADMIN/Custom Item Fields Page/a_Checkbox/button_addoption"), STOP_ON_FAILURE): Object: 'Object Repository/ADMIN/Custom Item Fields Page/a_Checkbox/button_addoption' is clicked on

2020-03-19 15:07:06 - [MESSAGE][PASSED] - Object: 'Object Repository/ADMIN/Custom Item Fields Page/a_Checkbox/button_addoption' is clicked on

2020-03-19 15:07:06 - [TEST_STEP][PASSED] - click(findTestObject("ADMIN/Custom Item Fields Page/a_Checkbox/button_addoption"), STOP_ON_FAILURE): Object: 'Object Repository/ADMIN/Custom Item Fields Page/a_Checkbox/button_addoption' is clicked on

2020-03-19 15:07:06 - [MESSAGE][PASSED] - Object: 'Object Repository/ADMIN/Custom Item Fields Page/a_Checkbox/button_addoption' is clicked on

2020-03-19 15:07:06 - [TEST_STEP][PASSED] - comment("Add Option"): Add Option

2020-03-19 15:07:06 - [MESSAGE][INFO] - Add Option

2020-03-19 15:07:06 - [TEST_STEP][PASSED] - setText(findTestObject("ADMIN/Custom Item Fields Page/a_Checkbox/textfield_option1"), varCustomFieldName + "CB1"): Text 'SPG_Check Box_M1CB1' is set on object 'Object Repository/ADMIN/Custom Item Fields Page/a_Checkbox/textfield_option1'

2020-03-19 15:07:06 - [MESSAGE][PASSED] - Text 'SPG_Check Box_M1CB1' is set on object 'Object Repository/ADMIN/Custom Item Fields Page/a_Checkbox/textfield_option1'

2020-03-19 15:07:06 - [TEST_STEP][PASSED] - setText(findTestObject("ADMIN/Custom Item Fields Page/a_Checkbox/textfield_option2"), varCustomFieldName + "CB2"): Text 'SPG_Check Box_M1CB2' is set on object 'Object Repository/ADMIN/Custom Item Fields Page/a_Checkbox/textfield_option2'

2020-03-19 15:07:06 - [MESSAGE][PASSED] - Text 'SPG_Check Box_M1CB2' is set on object 'Object Repository/ADMIN/Custom Item Fields Page/a_Checkbox/textfield_option2'

2020-03-19 15:07:06 - [TEST_STEP][PASSED] - setText(findTestObject("ADMIN/Custom Item Fields Page/a_Checkbox/textfield_option3"), varCustomFieldName + "CB3"): Text 'SPG_Check Box_M1CB3' is set on object 'Object Repository/ADMIN/Custom Item Fields Page/a_Checkbox/textfield_option3'

2020-03-19 15:07:07 - [MESSAGE][PASSED] - Text 'SPG_Check Box_M1CB3' is set on object 'Object Repository/ADMIN/Custom Item Fields Page/a_Checkbox/textfield_option3'

2020-03-19 15:07:07 - [TEST_STEP][PASSED] - setText(findTestObject("ADMIN/Custom Item Fields Page/a_Checkbox/textfield_option4"), varCustomFieldName + "CB4"): Text 'SPG_Check Box_M1CB4' is set on object 'Object Repository/ADMIN/Custom Item Fields Page/a_Checkbox/textfield_option4'

2020-03-19 15:07:07 - [MESSAGE][PASSED] - Text 'SPG_Check Box_M1CB4' is set on object 'Object Repository/ADMIN/Custom Item Fields Page/a_Checkbox/textfield_option4'

2020-03-19 15:07:07 - [TEST_STEP][PASSED] - setText(findTestObject("ADMIN/Custom Item Fields Page/a_Checkbox/textfield_option5"), varCustomFieldName + "CB5"): Text 'SPG_Check Box_M1CB5' is set on object 'Object Repository/ADMIN/Custom Item Fields Page/a_Checkbox/textfield_option5'

2020-03-19 15:07:07 - [MESSAGE][PASSED] - Text 'SPG_Check Box_M1CB5' is set on object 'Object Repository/ADMIN/Custom Item Fields Page/a_Checkbox/textfield_option5'

2020-03-19 15:07:07 - [TEST_STEP][PASSED] - setText(findTestObject("ADMIN/Custom Item Fields Page/a_Checkbox/textfield_option6"), varCustomFieldName + "CB6"): Text 'SPG_Check Box_M1CB6' is set on object 'Object Repository/ADMIN/Custom Item Fields Page/a_Checkbox/textfield_option6'

2020-03-19 15:07:08 - [MESSAGE][PASSED] - Text 'SPG_Check Box_M1CB6' is set on object 'Object Repository/ADMIN/Custom Item Fields Page/a_Checkbox/textfield_option6'

2020-03-19 15:07:08 - [TEST_STEP][PASSED] - setText(findTestObject("ADMIN/Custom Item Fields Page/a_Checkbox/textfield_option7"), varCustomFieldName + "CB7"): Text 'SPG_Check Box_M1CB7' is set on object 'Object Repository/ADMIN/Custom Item Fields Page/a_Checkbox/textfield_option7'

2020-03-19 15:07:08 - [MESSAGE][PASSED] - Text 'SPG_Check Box_M1CB7' is set on object 'Object Repository/ADMIN/Custom Item Fields Page/a_Checkbox/textfield_option7'

2020-03-19 15:07:08 - [TEST_STEP][PASSED] - setText(findTestObject("ADMIN/Custom Item Fields Page/a_Checkbox/textfield_option8"), varCustomFieldName + "CB8"): Text 'SPG_Check Box_M1CB8' is set on object 'Object Repository/ADMIN/Custom Item Fields Page/a_Checkbox/textfield_option8'

2020-03-19 15:07:08 - [MESSAGE][PASSED] - Text 'SPG_Check Box_M1CB8' is set on object 'Object Repository/ADMIN/Custom Item Fields Page/a_Checkbox/textfield_option8'

2020-03-19 15:07:08 - [TEST_STEP][PASSED] - setText(findTestObject("ADMIN/Custom Item Fields Page/a_Checkbox/textfield_option9"), varCustomFieldName + "CB9"): Text 'SPG_Check Box_M1CB9' is set on object 'Object Repository/ADMIN/Custom Item Fields Page/a_Checkbox/textfield_option9'

2020-03-19 15:07:09 - [MESSAGE][PASSED] - Text 'SPG_Check Box_M1CB9' is set on object 'Object Repository/ADMIN/Custom Item Fields Page/a_Checkbox/textfield_option9'

2020-03-19 15:07:09 - [TEST_STEP][PASSED] - setText(findTestObject("ADMIN/Custom Item Fields Page/a_Checkbox/textfield_option10"), varCustomFieldName + "CB10"): Text 'SPG_Check Box_M1CB10' is set on object 'Object Repository/ADMIN/Custom Item Fields Page/a_Checkbox/textfield_option10'

2020-03-19 15:07:09 - [MESSAGE][PASSED] - Text 'SPG_Check Box_M1CB10' is set on object 'Object Repository/ADMIN/Custom Item Fields Page/a_Checkbox/textfield_option10'

2020-03-19 15:07:09 - [TEST_STEP][PASSED] - comment("Field Name"): Field Name

2020-03-19 15:07:09 - [MESSAGE][INFO] - Field Name

2020-03-19 15:07:09 - [TEST_STEP][PASSED] - setText(findTestObject("ADMIN/Custom Item Fields Page/a_Default/textfield_fieldname"), varCustomFieldName): Text 'SPG_Check Box_M1' is set on object 'Object Repository/ADMIN/Custom Item Fields Page/a_Default/textfield_fieldname'

2020-03-19 15:07:09 - [MESSAGE][PASSED] - Text 'SPG_Check Box_M1' is set on object 'Object Repository/ADMIN/Custom Item Fields Page/a_Default/textfield_fieldname'

2020-03-19 15:07:09 - [TEST_STEP][PASSED] - comment("Mandatory/NonMandatory"): Mandatory/NonMandatory

2020-03-19 15:07:09 - [MESSAGE][INFO] - Mandatory/NonMandatory

2020-03-19 15:07:09 - [TEST_STEP][PASSED] - if (varMandatoryNonMandatory == "mandatory"): Object 'Object Repository/ADMIN/Custom Item Fields Page/a_Default/togglebutton_mandatory' is visible

2020-03-19 15:07:09 - [TEST_STEP][PASSED] - waitForElementVisible(findTestObject("ADMIN/Custom Item Fields Page/a_Default/togglebutton_mandatory"), 0, CONTINUE_ON_FAILURE): Object 'Object Repository/ADMIN/Custom Item Fields Page/a_Default/togglebutton_mandatory' is visible

2020-03-19 15:07:09 - [MESSAGE][WARNING] - Timeout '0' is invalid. Using default page load timeout: '30'

2020-03-19 15:07:09 - [MESSAGE][PASSED] - Object 'Object Repository/ADMIN/Custom Item Fields Page/a_Default/togglebutton_mandatory' is visible

2020-03-19 15:07:09 - [TEST_STEP][PASSED] - comment("Assign Category"): Assign Category

2020-03-19 15:07:09 - [MESSAGE][INFO] - Assign Category

2020-03-19 15:07:09 - [TEST_STEP][PASSED] - click(findTestObject("ADMIN/Custom Item Fields Page/a_Default/button_SelectCategories")): Object: 'Object Repository/ADMIN/Custom Item Fields Page/a_Default/button_SelectCategories' is clicked on

2020-03-19 15:07:10 - [MESSAGE][PASSED] - Object: 'Object Repository/ADMIN/Custom Item Fields Page/a_Default/button_SelectCategories' is clicked on

2020-03-19 15:07:10 - [TEST_STEP][PASSED] - waitForElementVisible(findTestObject("ADMIN/Custom Item Fields List Page/a_SelectCategories/searchbox_Category"), 0): Object 'Object Repository/ADMIN/Custom Item Fields List Page/a_SelectCategories/searchbox_Category' is visible

2020-03-19 15:07:10 - [MESSAGE][WARNING] - Timeout '0' is invalid. Using default page load timeout: '30'

2020-03-19 15:07:10 - [MESSAGE][PASSED] - Object 'Object Repository/ADMIN/Custom Item Fields List Page/a_SelectCategories/searchbox_Category' is visible

2020-03-19 15:07:10 - [TEST_STEP][PASSED] - comment("Category Assignment"): Category Assignment

2020-03-19 15:07:10 - [MESSAGE][INFO] - Category Assignment

2020-03-19 15:07:10 - [TEST_STEP][PASSED] - if (varAssignedCategory == "All Cat"): null

2020-03-19 15:07:10 - [TEST_STEP][PASSED] - else if (varAssignedCategory == "Category 01"): null

2020-03-19 15:07:10 - [TEST_STEP][PASSED] - else if (varAssignedCategory == "Category 2.1"): null

2020-03-19 15:07:10 - [TEST_STEP][PASSED] - else if (varAssignedCategory == "Category 3.1.1"): Object: 'Object Repository/ADMIN/Custom Item Fields List Page/a_SelectCategories/a_Categories/checkbox_3.1.1' is clicked on

2020-03-19 15:07:10 - [TEST_STEP][PASSED] - setText(findTestObject("ADMIN/Custom Item Fields List Page/a_SelectCategories/searchbox_Category"), varAssignedCategory, CONTINUE_ON_FAILURE): Text 'Category 3.1.1' is set on object 'Object Repository/ADMIN/Custom Item Fields List Page/a_SelectCategories/searchbox_Category'

2020-03-19 15:07:11 - [MESSAGE][PASSED] - Text 'Category 3.1.1' is set on object 'Object Repository/ADMIN/Custom Item Fields List Page/a_SelectCategories/searchbox_Category'

2020-03-19 15:07:11 - [TEST_STEP][PASSED] - click(findTestObject("ADMIN/Custom Item Fields List Page/a_SelectCategories/a_Categories/checkbox_3.1.1")): Object: 'Object Repository/ADMIN/Custom Item Fields List Page/a_SelectCategories/a_Categories/checkbox_3.1.1' is clicked on

2020-03-19 15:07:11 - [MESSAGE][PASSED] - Object: 'Object Repository/ADMIN/Custom Item Fields List Page/a_SelectCategories/a_Categories/checkbox_3.1.1' is clicked on

2020-03-19 15:07:11 - [TEST_STEP][PASSED] - click(findTestObject("ADMIN/Custom Item Fields List Page/a_SelectCategories/button_Save"), STOP_ON_FAILURE): Object: 'Object Repository/ADMIN/Custom Item Fields List Page/a_SelectCategories/button_Save' is clicked on

2020-03-19 15:07:11 - [MESSAGE][PASSED] - Object: 'Object Repository/ADMIN/Custom Item Fields List Page/a_SelectCategories/button_Save' is clicked on

2020-03-19 15:07:11 - [TEST_STEP][PASSED] - delay(2, CONTINUE_ON_FAILURE): Delayed 2 second(s)

2020-03-19 15:07:13 - [MESSAGE][PASSED] - Delayed 2 second(s)

2020-03-19 15:07:13 - [TEST_STEP][PASSED] - click(findTestObject("ADMIN/Custom Item Fields Page/a_Default/button_Save1"), STOP_ON_FAILURE): Object: 'Object Repository/ADMIN/Custom Item Fields Page/a_Default/button_Save1' is clicked on

2020-03-19 15:07:13 - [MESSAGE][PASSED] - Object: 'Object Repository/ADMIN/Custom Item Fields Page/a_Default/button_Save1' is clicked on

2020-03-19 15:07:13 - [TEST_STEP][PASSED] - waitForElementVisible(findTestObject("ADMIN/Custom Item Fields List Page/button_Add Field"), 0): Object 'Object Repository/ADMIN/Custom Item Fields List Page/button_Add Field' is visible

2020-03-19 15:07:13 - [MESSAGE][WARNING] - Timeout '0' is invalid. Using default page load timeout: '30'

2020-03-19 15:07:16 - [MESSAGE][PASSED] - Object 'Object Repository/ADMIN/Custom Item Fields List Page/button_Add Field' is visible]]></system-out>
         <system-err><![CDATA[]]></system-err>
      </testcase>
      <testcase name="Test Cases/ADMIN/Custom Fields Page/Add Custom Item Fields/Add_CF_DataDriven" time="13.24" classname="Test Cases/ADMIN/Custom Fields Page/Add Custom Item Fields/Add_CF_DataDriven" status="PASSED">
         <system-out><![CDATA[2020-03-19 15:07:16 - [TEST_CASE][PASSED] - Test Cases/ADMIN/Custom Fields Page/Add Custom Item Fields/Add_CF_DataDriven: Test Cases/ADMIN/Custom Fields Page/Add Custom Item Fields/Add_CF_DataDriven

2020-03-19 15:07:16 - [TEST_STEP][PASSED] - waitForElementVisible(findTestObject("ADMIN/Custom Item Fields List Page/button_Add Field"), 0): Object 'Object Repository/ADMIN/Custom Item Fields List Page/button_Add Field' is visible

2020-03-19 15:07:16 - [MESSAGE][WARNING] - Timeout '0' is invalid. Using default page load timeout: '30'

2020-03-19 15:07:16 - [MESSAGE][PASSED] - Object 'Object Repository/ADMIN/Custom Item Fields List Page/button_Add Field' is visible

2020-03-19 15:07:16 - [TEST_STEP][PASSED] - click(findTestObject("ADMIN/Custom Item Fields List Page/button_Add Field"), STOP_ON_FAILURE): Object: 'Object Repository/ADMIN/Custom Item Fields List Page/button_Add Field' is clicked on

2020-03-19 15:07:17 - [MESSAGE][PASSED] - Object: 'Object Repository/ADMIN/Custom Item Fields List Page/button_Add Field' is clicked on

2020-03-19 15:07:17 - [TEST_STEP][PASSED] - comment("Choose Field Type"): Choose Field Type

2020-03-19 15:07:17 - [MESSAGE][INFO] - Choose Field Type

2020-03-19 15:07:17 - [TEST_STEP][PASSED] - if (varCustomFieldType == "Checkbox"): Text 'SPG_Check Box_M2CB10' is set on object 'Object Repository/ADMIN/Custom Item Fields Page/a_Checkbox/textfield_option10'

2020-03-19 15:07:17 - [TEST_STEP][PASSED] - waitForElementVisible(findTestObject("ADMIN/Custom Item Fields Page/a_Default/dropdown_fieldtype"), 0, CONTINUE_ON_FAILURE): Object 'Object Repository/ADMIN/Custom Item Fields Page/a_Default/dropdown_fieldtype' is visible

2020-03-19 15:07:17 - [MESSAGE][WARNING] - Timeout '0' is invalid. Using default page load timeout: '30'

2020-03-19 15:07:17 - [MESSAGE][PASSED] - Object 'Object Repository/ADMIN/Custom Item Fields Page/a_Default/dropdown_fieldtype' is visible

2020-03-19 15:07:17 - [TEST_STEP][PASSED] - selectOptionByLabel(findTestObject("ADMIN/Custom Item Fields Page/a_Default/dropdown_fieldtype"), "Checkbox", false): All options with label 'Checkbox' are selected in object 'Object Repository/ADMIN/Custom Item Fields Page/a_Default/dropdown_fieldtype' 

2020-03-19 15:07:17 - [MESSAGE][PASSED] - All options with label 'Checkbox' are selected in object 'Object Repository/ADMIN/Custom Item Fields Page/a_Default/dropdown_fieldtype' 

2020-03-19 15:07:17 - [TEST_STEP][PASSED] - waitForElementVisible(findTestObject("ADMIN/Custom Item Fields Page/a_Checkbox/button_addoption"), 0): Object 'Object Repository/ADMIN/Custom Item Fields Page/a_Checkbox/button_addoption' is visible

2020-03-19 15:07:18 - [MESSAGE][WARNING] - Timeout '0' is invalid. Using default page load timeout: '30'

2020-03-19 15:07:18 - [MESSAGE][PASSED] - Object 'Object Repository/ADMIN/Custom Item Fields Page/a_Checkbox/button_addoption' is visible

2020-03-19 15:07:18 - [TEST_STEP][PASSED] - for ([r = 0, r <= 7, (r++)]): Object: 'Object Repository/ADMIN/Custom Item Fields Page/a_Checkbox/button_addoption' is clicked on

2020-03-19 15:07:18 - [TEST_STEP][PASSED] - click(findTestObject("ADMIN/Custom Item Fields Page/a_Checkbox/button_addoption"), STOP_ON_FAILURE): Object: 'Object Repository/ADMIN/Custom Item Fields Page/a_Checkbox/button_addoption' is clicked on

2020-03-19 15:07:18 - [MESSAGE][PASSED] - Object: 'Object Repository/ADMIN/Custom Item Fields Page/a_Checkbox/button_addoption' is clicked on

2020-03-19 15:07:18 - [TEST_STEP][PASSED] - click(findTestObject("ADMIN/Custom Item Fields Page/a_Checkbox/button_addoption"), STOP_ON_FAILURE): Object: 'Object Repository/ADMIN/Custom Item Fields Page/a_Checkbox/button_addoption' is clicked on

2020-03-19 15:07:18 - [MESSAGE][PASSED] - Object: 'Object Repository/ADMIN/Custom Item Fields Page/a_Checkbox/button_addoption' is clicked on

2020-03-19 15:07:18 - [TEST_STEP][PASSED] - click(findTestObject("ADMIN/Custom Item Fields Page/a_Checkbox/button_addoption"), STOP_ON_FAILURE): Object: 'Object Repository/ADMIN/Custom Item Fields Page/a_Checkbox/button_addoption' is clicked on

2020-03-19 15:07:18 - [MESSAGE][PASSED] - Object: 'Object Repository/ADMIN/Custom Item Fields Page/a_Checkbox/button_addoption' is clicked on

2020-03-19 15:07:18 - [TEST_STEP][PASSED] - click(findTestObject("ADMIN/Custom Item Fields Page/a_Checkbox/button_addoption"), STOP_ON_FAILURE): Object: 'Object Repository/ADMIN/Custom Item Fields Page/a_Checkbox/button_addoption' is clicked on

2020-03-19 15:07:18 - [MESSAGE][PASSED] - Object: 'Object Repository/ADMIN/Custom Item Fields Page/a_Checkbox/button_addoption' is clicked on

2020-03-19 15:07:18 - [TEST_STEP][PASSED] - click(findTestObject("ADMIN/Custom Item Fields Page/a_Checkbox/button_addoption"), STOP_ON_FAILURE): Object: 'Object Repository/ADMIN/Custom Item Fields Page/a_Checkbox/button_addoption' is clicked on

2020-03-19 15:07:18 - [MESSAGE][PASSED] - Object: 'Object Repository/ADMIN/Custom Item Fields Page/a_Checkbox/button_addoption' is clicked on

2020-03-19 15:07:18 - [TEST_STEP][PASSED] - click(findTestObject("ADMIN/Custom Item Fields Page/a_Checkbox/button_addoption"), STOP_ON_FAILURE): Object: 'Object Repository/ADMIN/Custom Item Fields Page/a_Checkbox/button_addoption' is clicked on

2020-03-19 15:07:18 - [MESSAGE][PASSED] - Object: 'Object Repository/ADMIN/Custom Item Fields Page/a_Checkbox/button_addoption' is clicked on

2020-03-19 15:07:18 - [TEST_STEP][PASSED] - click(findTestObject("ADMIN/Custom Item Fields Page/a_Checkbox/button_addoption"), STOP_ON_FAILURE): Object: 'Object Repository/ADMIN/Custom Item Fields Page/a_Checkbox/button_addoption' is clicked on

2020-03-19 15:07:19 - [MESSAGE][PASSED] - Object: 'Object Repository/ADMIN/Custom Item Fields Page/a_Checkbox/button_addoption' is clicked on

2020-03-19 15:07:19 - [TEST_STEP][PASSED] - click(findTestObject("ADMIN/Custom Item Fields Page/a_Checkbox/button_addoption"), STOP_ON_FAILURE): Object: 'Object Repository/ADMIN/Custom Item Fields Page/a_Checkbox/button_addoption' is clicked on

2020-03-19 15:07:19 - [MESSAGE][PASSED] - Object: 'Object Repository/ADMIN/Custom Item Fields Page/a_Checkbox/button_addoption' is clicked on

2020-03-19 15:07:19 - [TEST_STEP][PASSED] - comment("Add Option"): Add Option

2020-03-19 15:07:19 - [MESSAGE][INFO] - Add Option

2020-03-19 15:07:19 - [TEST_STEP][PASSED] - setText(findTestObject("ADMIN/Custom Item Fields Page/a_Checkbox/textfield_option1"), varCustomFieldName + "CB1"): Text 'SPG_Check Box_M2CB1' is set on object 'Object Repository/ADMIN/Custom Item Fields Page/a_Checkbox/textfield_option1'

2020-03-19 15:07:19 - [MESSAGE][PASSED] - Text 'SPG_Check Box_M2CB1' is set on object 'Object Repository/ADMIN/Custom Item Fields Page/a_Checkbox/textfield_option1'

2020-03-19 15:07:19 - [TEST_STEP][PASSED] - setText(findTestObject("ADMIN/Custom Item Fields Page/a_Checkbox/textfield_option2"), varCustomFieldName + "CB2"): Text 'SPG_Check Box_M2CB2' is set on object 'Object Repository/ADMIN/Custom Item Fields Page/a_Checkbox/textfield_option2'

2020-03-19 15:07:19 - [MESSAGE][PASSED] - Text 'SPG_Check Box_M2CB2' is set on object 'Object Repository/ADMIN/Custom Item Fields Page/a_Checkbox/textfield_option2'

2020-03-19 15:07:19 - [TEST_STEP][PASSED] - setText(findTestObject("ADMIN/Custom Item Fields Page/a_Checkbox/textfield_option3"), varCustomFieldName + "CB3"): Text 'SPG_Check Box_M2CB3' is set on object 'Object Repository/ADMIN/Custom Item Fields Page/a_Checkbox/textfield_option3'

2020-03-19 15:07:20 - [MESSAGE][PASSED] - Text 'SPG_Check Box_M2CB3' is set on object 'Object Repository/ADMIN/Custom Item Fields Page/a_Checkbox/textfield_option3'

2020-03-19 15:07:20 - [TEST_STEP][PASSED] - setText(findTestObject("ADMIN/Custom Item Fields Page/a_Checkbox/textfield_option4"), varCustomFieldName + "CB4"): Text 'SPG_Check Box_M2CB4' is set on object 'Object Repository/ADMIN/Custom Item Fields Page/a_Checkbox/textfield_option4'

2020-03-19 15:07:20 - [MESSAGE][PASSED] - Text 'SPG_Check Box_M2CB4' is set on object 'Object Repository/ADMIN/Custom Item Fields Page/a_Checkbox/textfield_option4'

2020-03-19 15:07:20 - [TEST_STEP][PASSED] - setText(findTestObject("ADMIN/Custom Item Fields Page/a_Checkbox/textfield_option5"), varCustomFieldName + "CB5"): Text 'SPG_Check Box_M2CB5' is set on object 'Object Repository/ADMIN/Custom Item Fields Page/a_Checkbox/textfield_option5'

2020-03-19 15:07:20 - [MESSAGE][PASSED] - Text 'SPG_Check Box_M2CB5' is set on object 'Object Repository/ADMIN/Custom Item Fields Page/a_Checkbox/textfield_option5'

2020-03-19 15:07:20 - [TEST_STEP][PASSED] - setText(findTestObject("ADMIN/Custom Item Fields Page/a_Checkbox/textfield_option6"), varCustomFieldName + "CB6"): Text 'SPG_Check Box_M2CB6' is set on object 'Object Repository/ADMIN/Custom Item Fields Page/a_Checkbox/textfield_option6'

2020-03-19 15:07:21 - [MESSAGE][PASSED] - Text 'SPG_Check Box_M2CB6' is set on object 'Object Repository/ADMIN/Custom Item Fields Page/a_Checkbox/textfield_option6'

2020-03-19 15:07:21 - [TEST_STEP][PASSED] - setText(findTestObject("ADMIN/Custom Item Fields Page/a_Checkbox/textfield_option7"), varCustomFieldName + "CB7"): Text 'SPG_Check Box_M2CB7' is set on object 'Object Repository/ADMIN/Custom Item Fields Page/a_Checkbox/textfield_option7'

2020-03-19 15:07:21 - [MESSAGE][PASSED] - Text 'SPG_Check Box_M2CB7' is set on object 'Object Repository/ADMIN/Custom Item Fields Page/a_Checkbox/textfield_option7'

2020-03-19 15:07:21 - [TEST_STEP][PASSED] - setText(findTestObject("ADMIN/Custom Item Fields Page/a_Checkbox/textfield_option8"), varCustomFieldName + "CB8"): Text 'SPG_Check Box_M2CB8' is set on object 'Object Repository/ADMIN/Custom Item Fields Page/a_Checkbox/textfield_option8'

2020-03-19 15:07:21 - [MESSAGE][PASSED] - Text 'SPG_Check Box_M2CB8' is set on object 'Object Repository/ADMIN/Custom Item Fields Page/a_Checkbox/textfield_option8'

2020-03-19 15:07:21 - [TEST_STEP][PASSED] - setText(findTestObject("ADMIN/Custom Item Fields Page/a_Checkbox/textfield_option9"), varCustomFieldName + "CB9"): Text 'SPG_Check Box_M2CB9' is set on object 'Object Repository/ADMIN/Custom Item Fields Page/a_Checkbox/textfield_option9'

2020-03-19 15:07:22 - [MESSAGE][PASSED] - Text 'SPG_Check Box_M2CB9' is set on object 'Object Repository/ADMIN/Custom Item Fields Page/a_Checkbox/textfield_option9'

2020-03-19 15:07:22 - [TEST_STEP][PASSED] - setText(findTestObject("ADMIN/Custom Item Fields Page/a_Checkbox/textfield_option10"), varCustomFieldName + "CB10"): Text 'SPG_Check Box_M2CB10' is set on object 'Object Repository/ADMIN/Custom Item Fields Page/a_Checkbox/textfield_option10'

2020-03-19 15:07:22 - [MESSAGE][PASSED] - Text 'SPG_Check Box_M2CB10' is set on object 'Object Repository/ADMIN/Custom Item Fields Page/a_Checkbox/textfield_option10'

2020-03-19 15:07:22 - [TEST_STEP][PASSED] - comment("Field Name"): Field Name

2020-03-19 15:07:22 - [MESSAGE][INFO] - Field Name

2020-03-19 15:07:22 - [TEST_STEP][PASSED] - setText(findTestObject("ADMIN/Custom Item Fields Page/a_Default/textfield_fieldname"), varCustomFieldName): Text 'SPG_Check Box_M2' is set on object 'Object Repository/ADMIN/Custom Item Fields Page/a_Default/textfield_fieldname'

2020-03-19 15:07:22 - [MESSAGE][PASSED] - Text 'SPG_Check Box_M2' is set on object 'Object Repository/ADMIN/Custom Item Fields Page/a_Default/textfield_fieldname'

2020-03-19 15:07:22 - [TEST_STEP][PASSED] - comment("Mandatory/NonMandatory"): Mandatory/NonMandatory

2020-03-19 15:07:22 - [MESSAGE][INFO] - Mandatory/NonMandatory

2020-03-19 15:07:22 - [TEST_STEP][PASSED] - if (varMandatoryNonMandatory == "mandatory"): Object 'Object Repository/ADMIN/Custom Item Fields Page/a_Default/togglebutton_mandatory' is visible

2020-03-19 15:07:22 - [TEST_STEP][PASSED] - waitForElementVisible(findTestObject("ADMIN/Custom Item Fields Page/a_Default/togglebutton_mandatory"), 0, CONTINUE_ON_FAILURE): Object 'Object Repository/ADMIN/Custom Item Fields Page/a_Default/togglebutton_mandatory' is visible

2020-03-19 15:07:22 - [MESSAGE][WARNING] - Timeout '0' is invalid. Using default page load timeout: '30'

2020-03-19 15:07:22 - [MESSAGE][PASSED] - Object 'Object Repository/ADMIN/Custom Item Fields Page/a_Default/togglebutton_mandatory' is visible

2020-03-19 15:07:22 - [TEST_STEP][PASSED] - comment("Assign Category"): Assign Category

2020-03-19 15:07:22 - [MESSAGE][INFO] - Assign Category

2020-03-19 15:07:22 - [TEST_STEP][PASSED] - click(findTestObject("ADMIN/Custom Item Fields Page/a_Default/button_SelectCategories")): Object: 'Object Repository/ADMIN/Custom Item Fields Page/a_Default/button_SelectCategories' is clicked on

2020-03-19 15:07:23 - [MESSAGE][PASSED] - Object: 'Object Repository/ADMIN/Custom Item Fields Page/a_Default/button_SelectCategories' is clicked on

2020-03-19 15:07:23 - [TEST_STEP][PASSED] - waitForElementVisible(findTestObject("ADMIN/Custom Item Fields List Page/a_SelectCategories/searchbox_Category"), 0): Object 'Object Repository/ADMIN/Custom Item Fields List Page/a_SelectCategories/searchbox_Category' is visible

2020-03-19 15:07:23 - [MESSAGE][WARNING] - Timeout '0' is invalid. Using default page load timeout: '30'

2020-03-19 15:07:23 - [MESSAGE][PASSED] - Object 'Object Repository/ADMIN/Custom Item Fields List Page/a_SelectCategories/searchbox_Category' is visible

2020-03-19 15:07:23 - [TEST_STEP][PASSED] - comment("Category Assignment"): Category Assignment

2020-03-19 15:07:23 - [MESSAGE][INFO] - Category Assignment

2020-03-19 15:07:23 - [TEST_STEP][PASSED] - if (varAssignedCategory == "All Cat"): null

2020-03-19 15:07:23 - [TEST_STEP][PASSED] - else if (varAssignedCategory == "Category 01"): null

2020-03-19 15:07:23 - [TEST_STEP][PASSED] - else if (varAssignedCategory == "Category 2.1"): null

2020-03-19 15:07:23 - [TEST_STEP][PASSED] - else if (varAssignedCategory == "Category 3.1.1"): Object: 'Object Repository/ADMIN/Custom Item Fields List Page/a_SelectCategories/a_Categories/checkbox_3.1.1' is clicked on

2020-03-19 15:07:23 - [TEST_STEP][PASSED] - setText(findTestObject("ADMIN/Custom Item Fields List Page/a_SelectCategories/searchbox_Category"), varAssignedCategory, CONTINUE_ON_FAILURE): Text 'Category 3.1.1' is set on object 'Object Repository/ADMIN/Custom Item Fields List Page/a_SelectCategories/searchbox_Category'

2020-03-19 15:07:24 - [MESSAGE][PASSED] - Text 'Category 3.1.1' is set on object 'Object Repository/ADMIN/Custom Item Fields List Page/a_SelectCategories/searchbox_Category'

2020-03-19 15:07:24 - [TEST_STEP][PASSED] - click(findTestObject("ADMIN/Custom Item Fields List Page/a_SelectCategories/a_Categories/checkbox_3.1.1")): Object: 'Object Repository/ADMIN/Custom Item Fields List Page/a_SelectCategories/a_Categories/checkbox_3.1.1' is clicked on

2020-03-19 15:07:24 - [MESSAGE][PASSED] - Object: 'Object Repository/ADMIN/Custom Item Fields List Page/a_SelectCategories/a_Categories/checkbox_3.1.1' is clicked on

2020-03-19 15:07:24 - [TEST_STEP][PASSED] - click(findTestObject("ADMIN/Custom Item Fields List Page/a_SelectCategories/button_Save"), STOP_ON_FAILURE): Object: 'Object Repository/ADMIN/Custom Item Fields List Page/a_SelectCategories/button_Save' is clicked on

2020-03-19 15:07:24 - [MESSAGE][PASSED] - Object: 'Object Repository/ADMIN/Custom Item Fields List Page/a_SelectCategories/button_Save' is clicked on

2020-03-19 15:07:24 - [TEST_STEP][PASSED] - delay(2, CONTINUE_ON_FAILURE): Delayed 2 second(s)

2020-03-19 15:07:26 - [MESSAGE][PASSED] - Delayed 2 second(s)

2020-03-19 15:07:26 - [TEST_STEP][PASSED] - click(findTestObject("ADMIN/Custom Item Fields Page/a_Default/button_Save1"), STOP_ON_FAILURE): Object: 'Object Repository/ADMIN/Custom Item Fields Page/a_Default/button_Save1' is clicked on

2020-03-19 15:07:26 - [MESSAGE][PASSED] - Object: 'Object Repository/ADMIN/Custom Item Fields Page/a_Default/button_Save1' is clicked on

2020-03-19 15:07:26 - [TEST_STEP][PASSED] - waitForElementVisible(findTestObject("ADMIN/Custom Item Fields List Page/button_Add Field"), 0): Object 'Object Repository/ADMIN/Custom Item Fields List Page/button_Add Field' is visible

2020-03-19 15:07:26 - [MESSAGE][WARNING] - Timeout '0' is invalid. Using default page load timeout: '30'

2020-03-19 15:07:29 - [MESSAGE][PASSED] - Object 'Object Repository/ADMIN/Custom Item Fields List Page/button_Add Field' is visible]]></system-out>
         <system-err><![CDATA[]]></system-err>
      </testcase>
      <testcase name="Test Cases/ADMIN/Custom Fields Page/Add Custom Item Fields/Add_CF_DataDriven" time="13.062" classname="Test Cases/ADMIN/Custom Fields Page/Add Custom Item Fields/Add_CF_DataDriven" status="PASSED">
         <system-out><![CDATA[2020-03-19 15:07:29 - [TEST_CASE][PASSED] - Test Cases/ADMIN/Custom Fields Page/Add Custom Item Fields/Add_CF_DataDriven: Test Cases/ADMIN/Custom Fields Page/Add Custom Item Fields/Add_CF_DataDriven

2020-03-19 15:07:29 - [TEST_STEP][PASSED] - waitForElementVisible(findTestObject("ADMIN/Custom Item Fields List Page/button_Add Field"), 0): Object 'Object Repository/ADMIN/Custom Item Fields List Page/button_Add Field' is visible

2020-03-19 15:07:29 - [MESSAGE][WARNING] - Timeout '0' is invalid. Using default page load timeout: '30'

2020-03-19 15:07:29 - [MESSAGE][PASSED] - Object 'Object Repository/ADMIN/Custom Item Fields List Page/button_Add Field' is visible

2020-03-19 15:07:29 - [TEST_STEP][PASSED] - click(findTestObject("ADMIN/Custom Item Fields List Page/button_Add Field"), STOP_ON_FAILURE): Object: 'Object Repository/ADMIN/Custom Item Fields List Page/button_Add Field' is clicked on

2020-03-19 15:07:30 - [MESSAGE][PASSED] - Object: 'Object Repository/ADMIN/Custom Item Fields List Page/button_Add Field' is clicked on

2020-03-19 15:07:30 - [TEST_STEP][PASSED] - comment("Choose Field Type"): Choose Field Type

2020-03-19 15:07:30 - [MESSAGE][INFO] - Choose Field Type

2020-03-19 15:07:30 - [TEST_STEP][PASSED] - if (varCustomFieldType == "Checkbox"): null

2020-03-19 15:07:30 - [TEST_STEP][PASSED] - else if (varCustomFieldType == "Date / Time picker"): null

2020-03-19 15:07:30 - [TEST_STEP][PASSED] - else if (varCustomFieldType == "Drop Down"): Text 'SPG_Drop Down_M1DD10' is set on object 'Object Repository/ADMIN/Custom Item Fields Page/a_Checkbox/textfield_option10'

2020-03-19 15:07:30 - [TEST_STEP][PASSED] - waitForElementVisible(findTestObject("ADMIN/Custom Item Fields Page/a_Default/dropdown_fieldtype"), 0, CONTINUE_ON_FAILURE): Object 'Object Repository/ADMIN/Custom Item Fields Page/a_Default/dropdown_fieldtype' is visible

2020-03-19 15:07:30 - [MESSAGE][WARNING] - Timeout '0' is invalid. Using default page load timeout: '30'

2020-03-19 15:07:31 - [MESSAGE][PASSED] - Object 'Object Repository/ADMIN/Custom Item Fields Page/a_Default/dropdown_fieldtype' is visible

2020-03-19 15:07:31 - [TEST_STEP][PASSED] - selectOptionByLabel(findTestObject("ADMIN/Custom Item Fields Page/a_Default/dropdown_fieldtype"), "Drop Down", false): All options with label 'Drop Down' are selected in object 'Object Repository/ADMIN/Custom Item Fields Page/a_Default/dropdown_fieldtype' 

2020-03-19 15:07:31 - [MESSAGE][PASSED] - All options with label 'Drop Down' are selected in object 'Object Repository/ADMIN/Custom Item Fields Page/a_Default/dropdown_fieldtype' 

2020-03-19 15:07:31 - [TEST_STEP][PASSED] - waitForElementVisible(findTestObject("ADMIN/Custom Item Fields Page/a_Checkbox/icon_addoptio"), 0): Object 'Object Repository/ADMIN/Custom Item Fields Page/a_Checkbox/icon_addoptio' is visible

2020-03-19 15:07:31 - [MESSAGE][WARNING] - Timeout '0' is invalid. Using default page load timeout: '30'

2020-03-19 15:07:31 - [MESSAGE][PASSED] - Object 'Object Repository/ADMIN/Custom Item Fields Page/a_Checkbox/icon_addoptio' is visible

2020-03-19 15:07:31 - [TEST_STEP][PASSED] - for ([r = 0, r <= 7, (r++)]): Object: 'Object Repository/ADMIN/Custom Item Fields Page/a_Checkbox/icon_addoptio' is clicked on

2020-03-19 15:07:31 - [TEST_STEP][PASSED] - click(findTestObject("ADMIN/Custom Item Fields Page/a_Checkbox/icon_addoptio"), STOP_ON_FAILURE): Object: 'Object Repository/ADMIN/Custom Item Fields Page/a_Checkbox/icon_addoptio' is clicked on

2020-03-19 15:07:31 - [MESSAGE][PASSED] - Object: 'Object Repository/ADMIN/Custom Item Fields Page/a_Checkbox/icon_addoptio' is clicked on

2020-03-19 15:07:31 - [TEST_STEP][PASSED] - click(findTestObject("ADMIN/Custom Item Fields Page/a_Checkbox/icon_addoptio"), STOP_ON_FAILURE): Object: 'Object Repository/ADMIN/Custom Item Fields Page/a_Checkbox/icon_addoptio' is clicked on

2020-03-19 15:07:31 - [MESSAGE][PASSED] - Object: 'Object Repository/ADMIN/Custom Item Fields Page/a_Checkbox/icon_addoptio' is clicked on

2020-03-19 15:07:31 - [TEST_STEP][PASSED] - click(findTestObject("ADMIN/Custom Item Fields Page/a_Checkbox/icon_addoptio"), STOP_ON_FAILURE): Object: 'Object Repository/ADMIN/Custom Item Fields Page/a_Checkbox/icon_addoptio' is clicked on

2020-03-19 15:07:31 - [MESSAGE][PASSED] - Object: 'Object Repository/ADMIN/Custom Item Fields Page/a_Checkbox/icon_addoptio' is clicked on

2020-03-19 15:07:31 - [TEST_STEP][PASSED] - click(findTestObject("ADMIN/Custom Item Fields Page/a_Checkbox/icon_addoptio"), STOP_ON_FAILURE): Object: 'Object Repository/ADMIN/Custom Item Fields Page/a_Checkbox/icon_addoptio' is clicked on

2020-03-19 15:07:31 - [MESSAGE][PASSED] - Object: 'Object Repository/ADMIN/Custom Item Fields Page/a_Checkbox/icon_addoptio' is clicked on

2020-03-19 15:07:31 - [TEST_STEP][PASSED] - click(findTestObject("ADMIN/Custom Item Fields Page/a_Checkbox/icon_addoptio"), STOP_ON_FAILURE): Object: 'Object Repository/ADMIN/Custom Item Fields Page/a_Checkbox/icon_addoptio' is clicked on

2020-03-19 15:07:31 - [MESSAGE][PASSED] - Object: 'Object Repository/ADMIN/Custom Item Fields Page/a_Checkbox/icon_addoptio' is clicked on

2020-03-19 15:07:31 - [TEST_STEP][PASSED] - click(findTestObject("ADMIN/Custom Item Fields Page/a_Checkbox/icon_addoptio"), STOP_ON_FAILURE): Object: 'Object Repository/ADMIN/Custom Item Fields Page/a_Checkbox/icon_addoptio' is clicked on

2020-03-19 15:07:32 - [MESSAGE][PASSED] - Object: 'Object Repository/ADMIN/Custom Item Fields Page/a_Checkbox/icon_addoptio' is clicked on

2020-03-19 15:07:32 - [TEST_STEP][PASSED] - click(findTestObject("ADMIN/Custom Item Fields Page/a_Checkbox/icon_addoptio"), STOP_ON_FAILURE): Object: 'Object Repository/ADMIN/Custom Item Fields Page/a_Checkbox/icon_addoptio' is clicked on

2020-03-19 15:07:32 - [MESSAGE][PASSED] - Object: 'Object Repository/ADMIN/Custom Item Fields Page/a_Checkbox/icon_addoptio' is clicked on

2020-03-19 15:07:32 - [TEST_STEP][PASSED] - click(findTestObject("ADMIN/Custom Item Fields Page/a_Checkbox/icon_addoptio"), STOP_ON_FAILURE): Object: 'Object Repository/ADMIN/Custom Item Fields Page/a_Checkbox/icon_addoptio' is clicked on

2020-03-19 15:07:32 - [MESSAGE][PASSED] - Object: 'Object Repository/ADMIN/Custom Item Fields Page/a_Checkbox/icon_addoptio' is clicked on

2020-03-19 15:07:32 - [TEST_STEP][PASSED] - comment("Add Option"): Add Option

2020-03-19 15:07:32 - [MESSAGE][INFO] - Add Option

2020-03-19 15:07:32 - [TEST_STEP][PASSED] - setText(findTestObject("ADMIN/Custom Item Fields Page/a_Checkbox/textfield_opt1"), varCustomFieldName + "DD1"): Text 'SPG_Drop Down_M1DD1' is set on object 'Object Repository/ADMIN/Custom Item Fields Page/a_Checkbox/textfield_opt1'

2020-03-19 15:07:32 - [MESSAGE][PASSED] - Text 'SPG_Drop Down_M1DD1' is set on object 'Object Repository/ADMIN/Custom Item Fields Page/a_Checkbox/textfield_opt1'

2020-03-19 15:07:32 - [TEST_STEP][PASSED] - setText(findTestObject("ADMIN/Custom Item Fields Page/a_Checkbox/textfield_opt2"), varCustomFieldName + "DD2"): Text 'SPG_Drop Down_M1DD2' is set on object 'Object Repository/ADMIN/Custom Item Fields Page/a_Checkbox/textfield_opt2'

2020-03-19 15:07:33 - [MESSAGE][PASSED] - Text 'SPG_Drop Down_M1DD2' is set on object 'Object Repository/ADMIN/Custom Item Fields Page/a_Checkbox/textfield_opt2'

2020-03-19 15:07:33 - [TEST_STEP][PASSED] - setText(findTestObject("ADMIN/Custom Item Fields Page/a_Checkbox/textfield_option3"), varCustomFieldName + "DD3"): Text 'SPG_Drop Down_M1DD3' is set on object 'Object Repository/ADMIN/Custom Item Fields Page/a_Checkbox/textfield_option3'

2020-03-19 15:07:33 - [MESSAGE][PASSED] - Text 'SPG_Drop Down_M1DD3' is set on object 'Object Repository/ADMIN/Custom Item Fields Page/a_Checkbox/textfield_option3'

2020-03-19 15:07:33 - [TEST_STEP][PASSED] - setText(findTestObject("ADMIN/Custom Item Fields Page/a_Checkbox/textfield_option4"), varCustomFieldName + "DD4"): Text 'SPG_Drop Down_M1DD4' is set on object 'Object Repository/ADMIN/Custom Item Fields Page/a_Checkbox/textfield_option4'

2020-03-19 15:07:33 - [MESSAGE][PASSED] - Text 'SPG_Drop Down_M1DD4' is set on object 'Object Repository/ADMIN/Custom Item Fields Page/a_Checkbox/textfield_option4'

2020-03-19 15:07:33 - [TEST_STEP][PASSED] - setText(findTestObject("ADMIN/Custom Item Fields Page/a_Checkbox/textfield_option5"), varCustomFieldName + "DD5"): Text 'SPG_Drop Down_M1DD5' is set on object 'Object Repository/ADMIN/Custom Item Fields Page/a_Checkbox/textfield_option5'

2020-03-19 15:07:33 - [MESSAGE][PASSED] - Text 'SPG_Drop Down_M1DD5' is set on object 'Object Repository/ADMIN/Custom Item Fields Page/a_Checkbox/textfield_option5'

2020-03-19 15:07:33 - [TEST_STEP][PASSED] - setText(findTestObject("ADMIN/Custom Item Fields Page/a_Checkbox/textfield_option6"), varCustomFieldName + "DD6"): Text 'SPG_Drop Down_M1DD6' is set on object 'Object Repository/ADMIN/Custom Item Fields Page/a_Checkbox/textfield_option6'

2020-03-19 15:07:34 - [MESSAGE][PASSED] - Text 'SPG_Drop Down_M1DD6' is set on object 'Object Repository/ADMIN/Custom Item Fields Page/a_Checkbox/textfield_option6'

2020-03-19 15:07:34 - [TEST_STEP][PASSED] - setText(findTestObject("ADMIN/Custom Item Fields Page/a_Checkbox/textfield_option7"), varCustomFieldName + "DD7"): Text 'SPG_Drop Down_M1DD7' is set on object 'Object Repository/ADMIN/Custom Item Fields Page/a_Checkbox/textfield_option7'

2020-03-19 15:07:34 - [MESSAGE][PASSED] - Text 'SPG_Drop Down_M1DD7' is set on object 'Object Repository/ADMIN/Custom Item Fields Page/a_Checkbox/textfield_option7'

2020-03-19 15:07:34 - [TEST_STEP][PASSED] - setText(findTestObject("ADMIN/Custom Item Fields Page/a_Checkbox/textfield_option8"), varCustomFieldName + "DD8"): Text 'SPG_Drop Down_M1DD8' is set on object 'Object Repository/ADMIN/Custom Item Fields Page/a_Checkbox/textfield_option8'

2020-03-19 15:07:35 - [MESSAGE][PASSED] - Text 'SPG_Drop Down_M1DD8' is set on object 'Object Repository/ADMIN/Custom Item Fields Page/a_Checkbox/textfield_option8'

2020-03-19 15:07:35 - [TEST_STEP][PASSED] - setText(findTestObject("ADMIN/Custom Item Fields Page/a_Checkbox/textfield_option9"), varCustomFieldName + "DD9"): Text 'SPG_Drop Down_M1DD9' is set on object 'Object Repository/ADMIN/Custom Item Fields Page/a_Checkbox/textfield_option9'

2020-03-19 15:07:35 - [MESSAGE][PASSED] - Text 'SPG_Drop Down_M1DD9' is set on object 'Object Repository/ADMIN/Custom Item Fields Page/a_Checkbox/textfield_option9'

2020-03-19 15:07:35 - [TEST_STEP][PASSED] - setText(findTestObject("ADMIN/Custom Item Fields Page/a_Checkbox/textfield_option10"), varCustomFieldName + "DD10"): Text 'SPG_Drop Down_M1DD10' is set on object 'Object Repository/ADMIN/Custom Item Fields Page/a_Checkbox/textfield_option10'

2020-03-19 15:07:35 - [MESSAGE][PASSED] - Text 'SPG_Drop Down_M1DD10' is set on object 'Object Repository/ADMIN/Custom Item Fields Page/a_Checkbox/textfield_option10'

2020-03-19 15:07:35 - [TEST_STEP][PASSED] - comment("Field Name"): Field Name

2020-03-19 15:07:35 - [MESSAGE][INFO] - Field Name

2020-03-19 15:07:35 - [TEST_STEP][PASSED] - setText(findTestObject("ADMIN/Custom Item Fields Page/a_Default/textfield_fieldname"), varCustomFieldName): Text 'SPG_Drop Down_M1' is set on object 'Object Repository/ADMIN/Custom Item Fields Page/a_Default/textfield_fieldname'

2020-03-19 15:07:36 - [MESSAGE][PASSED] - Text 'SPG_Drop Down_M1' is set on object 'Object Repository/ADMIN/Custom Item Fields Page/a_Default/textfield_fieldname'

2020-03-19 15:07:36 - [TEST_STEP][PASSED] - comment("Mandatory/NonMandatory"): Mandatory/NonMandatory

2020-03-19 15:07:36 - [MESSAGE][INFO] - Mandatory/NonMandatory

2020-03-19 15:07:36 - [TEST_STEP][PASSED] - if (varMandatoryNonMandatory == "mandatory"): Object 'Object Repository/ADMIN/Custom Item Fields Page/a_Default/togglebutton_mandatory' is visible

2020-03-19 15:07:36 - [TEST_STEP][PASSED] - waitForElementVisible(findTestObject("ADMIN/Custom Item Fields Page/a_Default/togglebutton_mandatory"), 0, CONTINUE_ON_FAILURE): Object 'Object Repository/ADMIN/Custom Item Fields Page/a_Default/togglebutton_mandatory' is visible

2020-03-19 15:07:36 - [MESSAGE][WARNING] - Timeout '0' is invalid. Using default page load timeout: '30'

2020-03-19 15:07:36 - [MESSAGE][PASSED] - Object 'Object Repository/ADMIN/Custom Item Fields Page/a_Default/togglebutton_mandatory' is visible

2020-03-19 15:07:36 - [TEST_STEP][PASSED] - comment("Assign Category"): Assign Category

2020-03-19 15:07:36 - [MESSAGE][INFO] - Assign Category

2020-03-19 15:07:36 - [TEST_STEP][PASSED] - click(findTestObject("ADMIN/Custom Item Fields Page/a_Default/button_SelectCategories")): Object: 'Object Repository/ADMIN/Custom Item Fields Page/a_Default/button_SelectCategories' is clicked on

2020-03-19 15:07:36 - [MESSAGE][PASSED] - Object: 'Object Repository/ADMIN/Custom Item Fields Page/a_Default/button_SelectCategories' is clicked on

2020-03-19 15:07:36 - [TEST_STEP][PASSED] - waitForElementVisible(findTestObject("ADMIN/Custom Item Fields List Page/a_SelectCategories/searchbox_Category"), 0): Object 'Object Repository/ADMIN/Custom Item Fields List Page/a_SelectCategories/searchbox_Category' is visible

2020-03-19 15:07:36 - [MESSAGE][WARNING] - Timeout '0' is invalid. Using default page load timeout: '30'

2020-03-19 15:07:36 - [MESSAGE][PASSED] - Object 'Object Repository/ADMIN/Custom Item Fields List Page/a_SelectCategories/searchbox_Category' is visible

2020-03-19 15:07:36 - [TEST_STEP][PASSED] - comment("Category Assignment"): Category Assignment

2020-03-19 15:07:36 - [MESSAGE][INFO] - Category Assignment

2020-03-19 15:07:36 - [TEST_STEP][PASSED] - if (varAssignedCategory == "All Cat"): null

2020-03-19 15:07:36 - [TEST_STEP][PASSED] - else if (varAssignedCategory == "Category 01"): null

2020-03-19 15:07:36 - [TEST_STEP][PASSED] - else if (varAssignedCategory == "Category 2.1"): null

2020-03-19 15:07:36 - [TEST_STEP][PASSED] - else if (varAssignedCategory == "Category 3.1.1"): Object: 'Object Repository/ADMIN/Custom Item Fields List Page/a_SelectCategories/a_Categories/checkbox_3.1.1' is clicked on

2020-03-19 15:07:36 - [TEST_STEP][PASSED] - setText(findTestObject("ADMIN/Custom Item Fields List Page/a_SelectCategories/searchbox_Category"), varAssignedCategory, CONTINUE_ON_FAILURE): Text 'Category 3.1.1' is set on object 'Object Repository/ADMIN/Custom Item Fields List Page/a_SelectCategories/searchbox_Category'

2020-03-19 15:07:37 - [MESSAGE][PASSED] - Text 'Category 3.1.1' is set on object 'Object Repository/ADMIN/Custom Item Fields List Page/a_SelectCategories/searchbox_Category'

2020-03-19 15:07:37 - [TEST_STEP][PASSED] - click(findTestObject("ADMIN/Custom Item Fields List Page/a_SelectCategories/a_Categories/checkbox_3.1.1")): Object: 'Object Repository/ADMIN/Custom Item Fields List Page/a_SelectCategories/a_Categories/checkbox_3.1.1' is clicked on

2020-03-19 15:07:37 - [MESSAGE][PASSED] - Object: 'Object Repository/ADMIN/Custom Item Fields List Page/a_SelectCategories/a_Categories/checkbox_3.1.1' is clicked on

2020-03-19 15:07:37 - [TEST_STEP][PASSED] - click(findTestObject("ADMIN/Custom Item Fields List Page/a_SelectCategories/button_Save"), STOP_ON_FAILURE): Object: 'Object Repository/ADMIN/Custom Item Fields List Page/a_SelectCategories/button_Save' is clicked on

2020-03-19 15:07:37 - [MESSAGE][PASSED] - Object: 'Object Repository/ADMIN/Custom Item Fields List Page/a_SelectCategories/button_Save' is clicked on

2020-03-19 15:07:37 - [TEST_STEP][PASSED] - delay(2, CONTINUE_ON_FAILURE): Delayed 2 second(s)

2020-03-19 15:07:39 - [MESSAGE][PASSED] - Delayed 2 second(s)

2020-03-19 15:07:39 - [TEST_STEP][PASSED] - click(findTestObject("ADMIN/Custom Item Fields Page/a_Default/button_Save1"), STOP_ON_FAILURE): Object: 'Object Repository/ADMIN/Custom Item Fields Page/a_Default/button_Save1' is clicked on

2020-03-19 15:07:40 - [MESSAGE][PASSED] - Object: 'Object Repository/ADMIN/Custom Item Fields Page/a_Default/button_Save1' is clicked on

2020-03-19 15:07:40 - [TEST_STEP][PASSED] - waitForElementVisible(findTestObject("ADMIN/Custom Item Fields List Page/button_Add Field"), 0): Object 'Object Repository/ADMIN/Custom Item Fields List Page/button_Add Field' is visible

2020-03-19 15:07:40 - [MESSAGE][WARNING] - Timeout '0' is invalid. Using default page load timeout: '30'

2020-03-19 15:07:42 - [MESSAGE][PASSED] - Object 'Object Repository/ADMIN/Custom Item Fields List Page/button_Add Field' is visible]]></system-out>
         <system-err><![CDATA[]]></system-err>
      </testcase>
      <testcase name="Test Cases/ADMIN/Custom Fields Page/Add Custom Item Fields/Add_CF_DataDriven" time="12.913" classname="Test Cases/ADMIN/Custom Fields Page/Add Custom Item Fields/Add_CF_DataDriven" status="PASSED">
         <system-out><![CDATA[2020-03-19 15:07:42 - [TEST_CASE][PASSED] - Test Cases/ADMIN/Custom Fields Page/Add Custom Item Fields/Add_CF_DataDriven: Test Cases/ADMIN/Custom Fields Page/Add Custom Item Fields/Add_CF_DataDriven

2020-03-19 15:07:42 - [TEST_STEP][PASSED] - waitForElementVisible(findTestObject("ADMIN/Custom Item Fields List Page/button_Add Field"), 0): Object 'Object Repository/ADMIN/Custom Item Fields List Page/button_Add Field' is visible

2020-03-19 15:07:42 - [MESSAGE][WARNING] - Timeout '0' is invalid. Using default page load timeout: '30'

2020-03-19 15:07:42 - [MESSAGE][PASSED] - Object 'Object Repository/ADMIN/Custom Item Fields List Page/button_Add Field' is visible

2020-03-19 15:07:42 - [TEST_STEP][PASSED] - click(findTestObject("ADMIN/Custom Item Fields List Page/button_Add Field"), STOP_ON_FAILURE): Object: 'Object Repository/ADMIN/Custom Item Fields List Page/button_Add Field' is clicked on

2020-03-19 15:07:43 - [MESSAGE][PASSED] - Object: 'Object Repository/ADMIN/Custom Item Fields List Page/button_Add Field' is clicked on

2020-03-19 15:07:43 - [TEST_STEP][PASSED] - comment("Choose Field Type"): Choose Field Type

2020-03-19 15:07:43 - [MESSAGE][INFO] - Choose Field Type

2020-03-19 15:07:43 - [TEST_STEP][PASSED] - if (varCustomFieldType == "Checkbox"): null

2020-03-19 15:07:43 - [TEST_STEP][PASSED] - else if (varCustomFieldType == "Date / Time picker"): null

2020-03-19 15:07:43 - [TEST_STEP][PASSED] - else if (varCustomFieldType == "Drop Down"): Text 'SPG_Drop Down_M2DD10' is set on object 'Object Repository/ADMIN/Custom Item Fields Page/a_Checkbox/textfield_option10'

2020-03-19 15:07:43 - [TEST_STEP][PASSED] - waitForElementVisible(findTestObject("ADMIN/Custom Item Fields Page/a_Default/dropdown_fieldtype"), 0, CONTINUE_ON_FAILURE): Object 'Object Repository/ADMIN/Custom Item Fields Page/a_Default/dropdown_fieldtype' is visible

2020-03-19 15:07:44 - [MESSAGE][WARNING] - Timeout '0' is invalid. Using default page load timeout: '30'

2020-03-19 15:07:44 - [MESSAGE][PASSED] - Object 'Object Repository/ADMIN/Custom Item Fields Page/a_Default/dropdown_fieldtype' is visible

2020-03-19 15:07:44 - [TEST_STEP][PASSED] - selectOptionByLabel(findTestObject("ADMIN/Custom Item Fields Page/a_Default/dropdown_fieldtype"), "Drop Down", false): All options with label 'Drop Down' are selected in object 'Object Repository/ADMIN/Custom Item Fields Page/a_Default/dropdown_fieldtype' 

2020-03-19 15:07:44 - [MESSAGE][PASSED] - All options with label 'Drop Down' are selected in object 'Object Repository/ADMIN/Custom Item Fields Page/a_Default/dropdown_fieldtype' 

2020-03-19 15:07:44 - [TEST_STEP][PASSED] - waitForElementVisible(findTestObject("ADMIN/Custom Item Fields Page/a_Checkbox/icon_addoptio"), 0): Object 'Object Repository/ADMIN/Custom Item Fields Page/a_Checkbox/icon_addoptio' is visible

2020-03-19 15:07:44 - [MESSAGE][WARNING] - Timeout '0' is invalid. Using default page load timeout: '30'

2020-03-19 15:07:44 - [MESSAGE][PASSED] - Object 'Object Repository/ADMIN/Custom Item Fields Page/a_Checkbox/icon_addoptio' is visible

2020-03-19 15:07:44 - [TEST_STEP][PASSED] - for ([r = 0, r <= 7, (r++)]): Object: 'Object Repository/ADMIN/Custom Item Fields Page/a_Checkbox/icon_addoptio' is clicked on

2020-03-19 15:07:44 - [TEST_STEP][PASSED] - click(findTestObject("ADMIN/Custom Item Fields Page/a_Checkbox/icon_addoptio"), STOP_ON_FAILURE): Object: 'Object Repository/ADMIN/Custom Item Fields Page/a_Checkbox/icon_addoptio' is clicked on

2020-03-19 15:07:44 - [MESSAGE][PASSED] - Object: 'Object Repository/ADMIN/Custom Item Fields Page/a_Checkbox/icon_addoptio' is clicked on

2020-03-19 15:07:44 - [TEST_STEP][PASSED] - click(findTestObject("ADMIN/Custom Item Fields Page/a_Checkbox/icon_addoptio"), STOP_ON_FAILURE): Object: 'Object Repository/ADMIN/Custom Item Fields Page/a_Checkbox/icon_addoptio' is clicked on

2020-03-19 15:07:44 - [MESSAGE][PASSED] - Object: 'Object Repository/ADMIN/Custom Item Fields Page/a_Checkbox/icon_addoptio' is clicked on

2020-03-19 15:07:44 - [TEST_STEP][PASSED] - click(findTestObject("ADMIN/Custom Item Fields Page/a_Checkbox/icon_addoptio"), STOP_ON_FAILURE): Object: 'Object Repository/ADMIN/Custom Item Fields Page/a_Checkbox/icon_addoptio' is clicked on

2020-03-19 15:07:44 - [MESSAGE][PASSED] - Object: 'Object Repository/ADMIN/Custom Item Fields Page/a_Checkbox/icon_addoptio' is clicked on

2020-03-19 15:07:44 - [TEST_STEP][PASSED] - click(findTestObject("ADMIN/Custom Item Fields Page/a_Checkbox/icon_addoptio"), STOP_ON_FAILURE): Object: 'Object Repository/ADMIN/Custom Item Fields Page/a_Checkbox/icon_addoptio' is clicked on

2020-03-19 15:07:44 - [MESSAGE][PASSED] - Object: 'Object Repository/ADMIN/Custom Item Fields Page/a_Checkbox/icon_addoptio' is clicked on

2020-03-19 15:07:44 - [TEST_STEP][PASSED] - click(findTestObject("ADMIN/Custom Item Fields Page/a_Checkbox/icon_addoptio"), STOP_ON_FAILURE): Object: 'Object Repository/ADMIN/Custom Item Fields Page/a_Checkbox/icon_addoptio' is clicked on

2020-03-19 15:07:45 - [MESSAGE][PASSED] - Object: 'Object Repository/ADMIN/Custom Item Fields Page/a_Checkbox/icon_addoptio' is clicked on

2020-03-19 15:07:45 - [TEST_STEP][PASSED] - click(findTestObject("ADMIN/Custom Item Fields Page/a_Checkbox/icon_addoptio"), STOP_ON_FAILURE): Object: 'Object Repository/ADMIN/Custom Item Fields Page/a_Checkbox/icon_addoptio' is clicked on

2020-03-19 15:07:45 - [MESSAGE][PASSED] - Object: 'Object Repository/ADMIN/Custom Item Fields Page/a_Checkbox/icon_addoptio' is clicked on

2020-03-19 15:07:45 - [TEST_STEP][PASSED] - click(findTestObject("ADMIN/Custom Item Fields Page/a_Checkbox/icon_addoptio"), STOP_ON_FAILURE): Object: 'Object Repository/ADMIN/Custom Item Fields Page/a_Checkbox/icon_addoptio' is clicked on

2020-03-19 15:07:45 - [MESSAGE][PASSED] - Object: 'Object Repository/ADMIN/Custom Item Fields Page/a_Checkbox/icon_addoptio' is clicked on

2020-03-19 15:07:45 - [TEST_STEP][PASSED] - click(findTestObject("ADMIN/Custom Item Fields Page/a_Checkbox/icon_addoptio"), STOP_ON_FAILURE): Object: 'Object Repository/ADMIN/Custom Item Fields Page/a_Checkbox/icon_addoptio' is clicked on

2020-03-19 15:07:45 - [MESSAGE][PASSED] - Object: 'Object Repository/ADMIN/Custom Item Fields Page/a_Checkbox/icon_addoptio' is clicked on

2020-03-19 15:07:45 - [TEST_STEP][PASSED] - comment("Add Option"): Add Option

2020-03-19 15:07:45 - [MESSAGE][INFO] - Add Option

2020-03-19 15:07:45 - [TEST_STEP][PASSED] - setText(findTestObject("ADMIN/Custom Item Fields Page/a_Checkbox/textfield_opt1"), varCustomFieldName + "DD1"): Text 'SPG_Drop Down_M2DD1' is set on object 'Object Repository/ADMIN/Custom Item Fields Page/a_Checkbox/textfield_opt1'

2020-03-19 15:07:45 - [MESSAGE][PASSED] - Text 'SPG_Drop Down_M2DD1' is set on object 'Object Repository/ADMIN/Custom Item Fields Page/a_Checkbox/textfield_opt1'

2020-03-19 15:07:45 - [TEST_STEP][PASSED] - setText(findTestObject("ADMIN/Custom Item Fields Page/a_Checkbox/textfield_opt2"), varCustomFieldName + "DD2"): Text 'SPG_Drop Down_M2DD2' is set on object 'Object Repository/ADMIN/Custom Item Fields Page/a_Checkbox/textfield_opt2'

2020-03-19 15:07:46 - [MESSAGE][PASSED] - Text 'SPG_Drop Down_M2DD2' is set on object 'Object Repository/ADMIN/Custom Item Fields Page/a_Checkbox/textfield_opt2'

2020-03-19 15:07:46 - [TEST_STEP][PASSED] - setText(findTestObject("ADMIN/Custom Item Fields Page/a_Checkbox/textfield_option3"), varCustomFieldName + "DD3"): Text 'SPG_Drop Down_M2DD3' is set on object 'Object Repository/ADMIN/Custom Item Fields Page/a_Checkbox/textfield_option3'

2020-03-19 15:07:46 - [MESSAGE][PASSED] - Text 'SPG_Drop Down_M2DD3' is set on object 'Object Repository/ADMIN/Custom Item Fields Page/a_Checkbox/textfield_option3'

2020-03-19 15:07:46 - [TEST_STEP][PASSED] - setText(findTestObject("ADMIN/Custom Item Fields Page/a_Checkbox/textfield_option4"), varCustomFieldName + "DD4"): Text 'SPG_Drop Down_M2DD4' is set on object 'Object Repository/ADMIN/Custom Item Fields Page/a_Checkbox/textfield_option4'

2020-03-19 15:07:46 - [MESSAGE][PASSED] - Text 'SPG_Drop Down_M2DD4' is set on object 'Object Repository/ADMIN/Custom Item Fields Page/a_Checkbox/textfield_option4'

2020-03-19 15:07:46 - [TEST_STEP][PASSED] - setText(findTestObject("ADMIN/Custom Item Fields Page/a_Checkbox/textfield_option5"), varCustomFieldName + "DD5"): Text 'SPG_Drop Down_M2DD5' is set on object 'Object Repository/ADMIN/Custom Item Fields Page/a_Checkbox/textfield_option5'

2020-03-19 15:07:46 - [MESSAGE][PASSED] - Text 'SPG_Drop Down_M2DD5' is set on object 'Object Repository/ADMIN/Custom Item Fields Page/a_Checkbox/textfield_option5'

2020-03-19 15:07:46 - [TEST_STEP][PASSED] - setText(findTestObject("ADMIN/Custom Item Fields Page/a_Checkbox/textfield_option6"), varCustomFieldName + "DD6"): Text 'SPG_Drop Down_M2DD6' is set on object 'Object Repository/ADMIN/Custom Item Fields Page/a_Checkbox/textfield_option6'

2020-03-19 15:07:47 - [MESSAGE][PASSED] - Text 'SPG_Drop Down_M2DD6' is set on object 'Object Repository/ADMIN/Custom Item Fields Page/a_Checkbox/textfield_option6'

2020-03-19 15:07:47 - [TEST_STEP][PASSED] - setText(findTestObject("ADMIN/Custom Item Fields Page/a_Checkbox/textfield_option7"), varCustomFieldName + "DD7"): Text 'SPG_Drop Down_M2DD7' is set on object 'Object Repository/ADMIN/Custom Item Fields Page/a_Checkbox/textfield_option7'

2020-03-19 15:07:47 - [MESSAGE][PASSED] - Text 'SPG_Drop Down_M2DD7' is set on object 'Object Repository/ADMIN/Custom Item Fields Page/a_Checkbox/textfield_option7'

2020-03-19 15:07:47 - [TEST_STEP][PASSED] - setText(findTestObject("ADMIN/Custom Item Fields Page/a_Checkbox/textfield_option8"), varCustomFieldName + "DD8"): Text 'SPG_Drop Down_M2DD8' is set on object 'Object Repository/ADMIN/Custom Item Fields Page/a_Checkbox/textfield_option8'

2020-03-19 15:07:48 - [MESSAGE][PASSED] - Text 'SPG_Drop Down_M2DD8' is set on object 'Object Repository/ADMIN/Custom Item Fields Page/a_Checkbox/textfield_option8'

2020-03-19 15:07:48 - [TEST_STEP][PASSED] - setText(findTestObject("ADMIN/Custom Item Fields Page/a_Checkbox/textfield_option9"), varCustomFieldName + "DD9"): Text 'SPG_Drop Down_M2DD9' is set on object 'Object Repository/ADMIN/Custom Item Fields Page/a_Checkbox/textfield_option9'

2020-03-19 15:07:48 - [MESSAGE][PASSED] - Text 'SPG_Drop Down_M2DD9' is set on object 'Object Repository/ADMIN/Custom Item Fields Page/a_Checkbox/textfield_option9'

2020-03-19 15:07:48 - [TEST_STEP][PASSED] - setText(findTestObject("ADMIN/Custom Item Fields Page/a_Checkbox/textfield_option10"), varCustomFieldName + "DD10"): Text 'SPG_Drop Down_M2DD10' is set on object 'Object Repository/ADMIN/Custom Item Fields Page/a_Checkbox/textfield_option10'

2020-03-19 15:07:48 - [MESSAGE][PASSED] - Text 'SPG_Drop Down_M2DD10' is set on object 'Object Repository/ADMIN/Custom Item Fields Page/a_Checkbox/textfield_option10'

2020-03-19 15:07:48 - [TEST_STEP][PASSED] - comment("Field Name"): Field Name

2020-03-19 15:07:48 - [MESSAGE][INFO] - Field Name

2020-03-19 15:07:48 - [TEST_STEP][PASSED] - setText(findTestObject("ADMIN/Custom Item Fields Page/a_Default/textfield_fieldname"), varCustomFieldName): Text 'SPG_Drop Down_M2' is set on object 'Object Repository/ADMIN/Custom Item Fields Page/a_Default/textfield_fieldname'

2020-03-19 15:07:49 - [MESSAGE][PASSED] - Text 'SPG_Drop Down_M2' is set on object 'Object Repository/ADMIN/Custom Item Fields Page/a_Default/textfield_fieldname'

2020-03-19 15:07:49 - [TEST_STEP][PASSED] - comment("Mandatory/NonMandatory"): Mandatory/NonMandatory

2020-03-19 15:07:49 - [MESSAGE][INFO] - Mandatory/NonMandatory

2020-03-19 15:07:49 - [TEST_STEP][PASSED] - if (varMandatoryNonMandatory == "mandatory"): Object 'Object Repository/ADMIN/Custom Item Fields Page/a_Default/togglebutton_mandatory' is visible

2020-03-19 15:07:49 - [TEST_STEP][PASSED] - waitForElementVisible(findTestObject("ADMIN/Custom Item Fields Page/a_Default/togglebutton_mandatory"), 0, CONTINUE_ON_FAILURE): Object 'Object Repository/ADMIN/Custom Item Fields Page/a_Default/togglebutton_mandatory' is visible

2020-03-19 15:07:49 - [MESSAGE][WARNING] - Timeout '0' is invalid. Using default page load timeout: '30'

2020-03-19 15:07:49 - [MESSAGE][PASSED] - Object 'Object Repository/ADMIN/Custom Item Fields Page/a_Default/togglebutton_mandatory' is visible

2020-03-19 15:07:49 - [TEST_STEP][PASSED] - comment("Assign Category"): Assign Category

2020-03-19 15:07:49 - [MESSAGE][INFO] - Assign Category

2020-03-19 15:07:49 - [TEST_STEP][PASSED] - click(findTestObject("ADMIN/Custom Item Fields Page/a_Default/button_SelectCategories")): Object: 'Object Repository/ADMIN/Custom Item Fields Page/a_Default/button_SelectCategories' is clicked on

2020-03-19 15:07:49 - [MESSAGE][PASSED] - Object: 'Object Repository/ADMIN/Custom Item Fields Page/a_Default/button_SelectCategories' is clicked on

2020-03-19 15:07:49 - [TEST_STEP][PASSED] - waitForElementVisible(findTestObject("ADMIN/Custom Item Fields List Page/a_SelectCategories/searchbox_Category"), 0): Object 'Object Repository/ADMIN/Custom Item Fields List Page/a_SelectCategories/searchbox_Category' is visible

2020-03-19 15:07:49 - [MESSAGE][WARNING] - Timeout '0' is invalid. Using default page load timeout: '30'

2020-03-19 15:07:50 - [MESSAGE][PASSED] - Object 'Object Repository/ADMIN/Custom Item Fields List Page/a_SelectCategories/searchbox_Category' is visible

2020-03-19 15:07:50 - [TEST_STEP][PASSED] - comment("Category Assignment"): Category Assignment

2020-03-19 15:07:50 - [MESSAGE][INFO] - Category Assignment

2020-03-19 15:07:50 - [TEST_STEP][PASSED] - if (varAssignedCategory == "All Cat"): null

2020-03-19 15:07:50 - [TEST_STEP][PASSED] - else if (varAssignedCategory == "Category 01"): null

2020-03-19 15:07:50 - [TEST_STEP][PASSED] - else if (varAssignedCategory == "Category 2.1"): null

2020-03-19 15:07:50 - [TEST_STEP][PASSED] - else if (varAssignedCategory == "Category 3.1.1"): Object: 'Object Repository/ADMIN/Custom Item Fields List Page/a_SelectCategories/a_Categories/checkbox_3.1.1' is clicked on

2020-03-19 15:07:50 - [TEST_STEP][PASSED] - setText(findTestObject("ADMIN/Custom Item Fields List Page/a_SelectCategories/searchbox_Category"), varAssignedCategory, CONTINUE_ON_FAILURE): Text 'Category 3.1.1' is set on object 'Object Repository/ADMIN/Custom Item Fields List Page/a_SelectCategories/searchbox_Category'

2020-03-19 15:07:50 - [MESSAGE][PASSED] - Text 'Category 3.1.1' is set on object 'Object Repository/ADMIN/Custom Item Fields List Page/a_SelectCategories/searchbox_Category'

2020-03-19 15:07:50 - [TEST_STEP][PASSED] - click(findTestObject("ADMIN/Custom Item Fields List Page/a_SelectCategories/a_Categories/checkbox_3.1.1")): Object: 'Object Repository/ADMIN/Custom Item Fields List Page/a_SelectCategories/a_Categories/checkbox_3.1.1' is clicked on

2020-03-19 15:07:50 - [MESSAGE][PASSED] - Object: 'Object Repository/ADMIN/Custom Item Fields List Page/a_SelectCategories/a_Categories/checkbox_3.1.1' is clicked on

2020-03-19 15:07:50 - [TEST_STEP][PASSED] - click(findTestObject("ADMIN/Custom Item Fields List Page/a_SelectCategories/button_Save"), STOP_ON_FAILURE): Object: 'Object Repository/ADMIN/Custom Item Fields List Page/a_SelectCategories/button_Save' is clicked on

2020-03-19 15:07:50 - [MESSAGE][PASSED] - Object: 'Object Repository/ADMIN/Custom Item Fields List Page/a_SelectCategories/button_Save' is clicked on

2020-03-19 15:07:50 - [TEST_STEP][PASSED] - delay(2, CONTINUE_ON_FAILURE): Delayed 2 second(s)

2020-03-19 15:07:52 - [MESSAGE][PASSED] - Delayed 2 second(s)

2020-03-19 15:07:52 - [TEST_STEP][PASSED] - click(findTestObject("ADMIN/Custom Item Fields Page/a_Default/button_Save1"), STOP_ON_FAILURE): Object: 'Object Repository/ADMIN/Custom Item Fields Page/a_Default/button_Save1' is clicked on

2020-03-19 15:07:53 - [MESSAGE][PASSED] - Object: 'Object Repository/ADMIN/Custom Item Fields Page/a_Default/button_Save1' is clicked on

2020-03-19 15:07:53 - [TEST_STEP][PASSED] - waitForElementVisible(findTestObject("ADMIN/Custom Item Fields List Page/button_Add Field"), 0): Object 'Object Repository/ADMIN/Custom Item Fields List Page/button_Add Field' is visible

2020-03-19 15:07:53 - [MESSAGE][WARNING] - Timeout '0' is invalid. Using default page load timeout: '30'

2020-03-19 15:07:55 - [MESSAGE][PASSED] - Object 'Object Repository/ADMIN/Custom Item Fields List Page/button_Add Field' is visible]]></system-out>
         <system-err><![CDATA[]]></system-err>
      </testcase>
      <testcase name="Test Cases/ADMIN/Custom Fields Page/Add Custom Item Fields/Add_CF_DataDriven" time="8.818" classname="Test Cases/ADMIN/Custom Fields Page/Add Custom Item Fields/Add_CF_DataDriven" status="PASSED">
         <system-out><![CDATA[2020-03-19 15:07:55 - [TEST_CASE][PASSED] - Test Cases/ADMIN/Custom Fields Page/Add Custom Item Fields/Add_CF_DataDriven: Test Cases/ADMIN/Custom Fields Page/Add Custom Item Fields/Add_CF_DataDriven

2020-03-19 15:07:55 - [TEST_STEP][PASSED] - waitForElementVisible(findTestObject("ADMIN/Custom Item Fields List Page/button_Add Field"), 0): Object 'Object Repository/ADMIN/Custom Item Fields List Page/button_Add Field' is visible

2020-03-19 15:07:55 - [MESSAGE][WARNING] - Timeout '0' is invalid. Using default page load timeout: '30'

2020-03-19 15:07:55 - [MESSAGE][PASSED] - Object 'Object Repository/ADMIN/Custom Item Fields List Page/button_Add Field' is visible

2020-03-19 15:07:55 - [TEST_STEP][PASSED] - click(findTestObject("ADMIN/Custom Item Fields List Page/button_Add Field"), STOP_ON_FAILURE): Object: 'Object Repository/ADMIN/Custom Item Fields List Page/button_Add Field' is clicked on

2020-03-19 15:07:56 - [MESSAGE][PASSED] - Object: 'Object Repository/ADMIN/Custom Item Fields List Page/button_Add Field' is clicked on

2020-03-19 15:07:56 - [TEST_STEP][PASSED] - comment("Choose Field Type"): Choose Field Type

2020-03-19 15:07:56 - [MESSAGE][INFO] - Choose Field Type

2020-03-19 15:07:56 - [TEST_STEP][PASSED] - if (varCustomFieldType == "Checkbox"): null

2020-03-19 15:07:56 - [TEST_STEP][PASSED] - else if (varCustomFieldType == "Date / Time picker"): null

2020-03-19 15:07:56 - [TEST_STEP][PASSED] - else if (varCustomFieldType == "Drop Down"): null

2020-03-19 15:07:56 - [TEST_STEP][PASSED] - else if (varCustomFieldType == "Email"): null

2020-03-19 15:07:56 - [TEST_STEP][PASSED] - else if (varCustomFieldType == "Embed Video"): null

2020-03-19 15:07:56 - [TEST_STEP][PASSED] - else if (varCustomFieldType == "Hyperlink / URL"): null

2020-03-19 15:07:56 - [TEST_STEP][PASSED] - else if (varCustomFieldType == "Location"): All options with label 'Location' are selected in object 'Object Repository/ADMIN/Custom Item Fields Page/a_Default/dropdown_fieldtype' 

2020-03-19 15:07:56 - [TEST_STEP][PASSED] - waitForElementVisible(findTestObject("ADMIN/Custom Item Fields Page/a_Default/dropdown_fieldtype"), 0, CONTINUE_ON_FAILURE): Object 'Object Repository/ADMIN/Custom Item Fields Page/a_Default/dropdown_fieldtype' is visible

2020-03-19 15:07:56 - [MESSAGE][WARNING] - Timeout '0' is invalid. Using default page load timeout: '30'

2020-03-19 15:07:57 - [MESSAGE][PASSED] - Object 'Object Repository/ADMIN/Custom Item Fields Page/a_Default/dropdown_fieldtype' is visible

2020-03-19 15:07:57 - [TEST_STEP][PASSED] - selectOptionByLabel(findTestObject("ADMIN/Custom Item Fields Page/a_Default/dropdown_fieldtype"), "Location", false): All options with label 'Location' are selected in object 'Object Repository/ADMIN/Custom Item Fields Page/a_Default/dropdown_fieldtype' 

2020-03-19 15:07:57 - [MESSAGE][PASSED] - All options with label 'Location' are selected in object 'Object Repository/ADMIN/Custom Item Fields Page/a_Default/dropdown_fieldtype' 

2020-03-19 15:07:57 - [TEST_STEP][PASSED] - comment("Field Name"): Field Name

2020-03-19 15:07:57 - [MESSAGE][INFO] - Field Name

2020-03-19 15:07:57 - [TEST_STEP][PASSED] - setText(findTestObject("ADMIN/Custom Item Fields Page/a_Default/textfield_fieldname"), varCustomFieldName): Text 'SPG_Location_NM' is set on object 'Object Repository/ADMIN/Custom Item Fields Page/a_Default/textfield_fieldname'

2020-03-19 15:07:57 - [MESSAGE][PASSED] - Text 'SPG_Location_NM' is set on object 'Object Repository/ADMIN/Custom Item Fields Page/a_Default/textfield_fieldname'

2020-03-19 15:07:57 - [TEST_STEP][PASSED] - comment("Mandatory/NonMandatory"): Mandatory/NonMandatory

2020-03-19 15:07:57 - [MESSAGE][INFO] - Mandatory/NonMandatory

2020-03-19 15:07:57 - [TEST_STEP][PASSED] - if (varMandatoryNonMandatory == "mandatory"): null

2020-03-19 15:07:57 - [TEST_STEP][PASSED] - else if (varMandatoryNonMandatory == "non-mandatory"): Object: 'Object Repository/ADMIN/Custom Item Fields Page/a_Default/togglebutton_mandatory' is clicked on

2020-03-19 15:07:57 - [TEST_STEP][PASSED] - waitForElementVisible(findTestObject("ADMIN/Custom Item Fields Page/a_Default/togglebutton_mandatory"), 0, CONTINUE_ON_FAILURE): Object 'Object Repository/ADMIN/Custom Item Fields Page/a_Default/togglebutton_mandatory' is visible

2020-03-19 15:07:57 - [MESSAGE][WARNING] - Timeout '0' is invalid. Using default page load timeout: '30'

2020-03-19 15:07:58 - [MESSAGE][PASSED] - Object 'Object Repository/ADMIN/Custom Item Fields Page/a_Default/togglebutton_mandatory' is visible

2020-03-19 15:07:58 - [TEST_STEP][PASSED] - click(findTestObject("ADMIN/Custom Item Fields Page/a_Default/togglebutton_mandatory")): Object: 'Object Repository/ADMIN/Custom Item Fields Page/a_Default/togglebutton_mandatory' is clicked on

2020-03-19 15:07:58 - [MESSAGE][PASSED] - Object: 'Object Repository/ADMIN/Custom Item Fields Page/a_Default/togglebutton_mandatory' is clicked on

2020-03-19 15:07:58 - [TEST_STEP][PASSED] - comment("Assign Category"): Assign Category

2020-03-19 15:07:58 - [MESSAGE][INFO] - Assign Category

2020-03-19 15:07:58 - [TEST_STEP][PASSED] - click(findTestObject("ADMIN/Custom Item Fields Page/a_Default/button_SelectCategories")): Object: 'Object Repository/ADMIN/Custom Item Fields Page/a_Default/button_SelectCategories' is clicked on

2020-03-19 15:07:58 - [MESSAGE][PASSED] - Object: 'Object Repository/ADMIN/Custom Item Fields Page/a_Default/button_SelectCategories' is clicked on

2020-03-19 15:07:58 - [TEST_STEP][PASSED] - waitForElementVisible(findTestObject("ADMIN/Custom Item Fields List Page/a_SelectCategories/searchbox_Category"), 0): Object 'Object Repository/ADMIN/Custom Item Fields List Page/a_SelectCategories/searchbox_Category' is visible

2020-03-19 15:07:58 - [MESSAGE][WARNING] - Timeout '0' is invalid. Using default page load timeout: '30'

2020-03-19 15:07:59 - [MESSAGE][PASSED] - Object 'Object Repository/ADMIN/Custom Item Fields List Page/a_SelectCategories/searchbox_Category' is visible

2020-03-19 15:07:59 - [TEST_STEP][PASSED] - comment("Category Assignment"): Category Assignment

2020-03-19 15:07:59 - [MESSAGE][INFO] - Category Assignment

2020-03-19 15:07:59 - [TEST_STEP][PASSED] - if (varAssignedCategory == "All Cat"): null

2020-03-19 15:07:59 - [TEST_STEP][PASSED] - else if (varAssignedCategory == "Category 01"): null

2020-03-19 15:07:59 - [TEST_STEP][PASSED] - else if (varAssignedCategory == "Category 2.1"): null

2020-03-19 15:07:59 - [TEST_STEP][PASSED] - else if (varAssignedCategory == "Category 3.1.1"): Object: 'Object Repository/ADMIN/Custom Item Fields List Page/a_SelectCategories/a_Categories/checkbox_3.1.1' is clicked on

2020-03-19 15:07:59 - [TEST_STEP][PASSED] - setText(findTestObject("ADMIN/Custom Item Fields List Page/a_SelectCategories/searchbox_Category"), varAssignedCategory, CONTINUE_ON_FAILURE): Text 'Category 3.1.1' is set on object 'Object Repository/ADMIN/Custom Item Fields List Page/a_SelectCategories/searchbox_Category'

2020-03-19 15:07:59 - [MESSAGE][PASSED] - Text 'Category 3.1.1' is set on object 'Object Repository/ADMIN/Custom Item Fields List Page/a_SelectCategories/searchbox_Category'

2020-03-19 15:07:59 - [TEST_STEP][PASSED] - click(findTestObject("ADMIN/Custom Item Fields List Page/a_SelectCategories/a_Categories/checkbox_3.1.1")): Object: 'Object Repository/ADMIN/Custom Item Fields List Page/a_SelectCategories/a_Categories/checkbox_3.1.1' is clicked on

2020-03-19 15:07:59 - [MESSAGE][PASSED] - Object: 'Object Repository/ADMIN/Custom Item Fields List Page/a_SelectCategories/a_Categories/checkbox_3.1.1' is clicked on

2020-03-19 15:07:59 - [TEST_STEP][PASSED] - click(findTestObject("ADMIN/Custom Item Fields List Page/a_SelectCategories/button_Save"), STOP_ON_FAILURE): Object: 'Object Repository/ADMIN/Custom Item Fields List Page/a_SelectCategories/button_Save' is clicked on

2020-03-19 15:07:59 - [MESSAGE][PASSED] - Object: 'Object Repository/ADMIN/Custom Item Fields List Page/a_SelectCategories/button_Save' is clicked on

2020-03-19 15:07:59 - [TEST_STEP][PASSED] - delay(2, CONTINUE_ON_FAILURE): Delayed 2 second(s)

2020-03-19 15:08:01 - [MESSAGE][PASSED] - Delayed 2 second(s)

2020-03-19 15:08:01 - [TEST_STEP][PASSED] - click(findTestObject("ADMIN/Custom Item Fields Page/a_Default/button_Save1"), STOP_ON_FAILURE): Object: 'Object Repository/ADMIN/Custom Item Fields Page/a_Default/button_Save1' is clicked on

2020-03-19 15:08:02 - [MESSAGE][PASSED] - Object: 'Object Repository/ADMIN/Custom Item Fields Page/a_Default/button_Save1' is clicked on

2020-03-19 15:08:02 - [TEST_STEP][PASSED] - waitForElementVisible(findTestObject("ADMIN/Custom Item Fields List Page/button_Add Field"), 0): Object 'Object Repository/ADMIN/Custom Item Fields List Page/button_Add Field' is visible

2020-03-19 15:08:02 - [MESSAGE][WARNING] - Timeout '0' is invalid. Using default page load timeout: '30'

2020-03-19 15:08:04 - [MESSAGE][PASSED] - Object 'Object Repository/ADMIN/Custom Item Fields List Page/button_Add Field' is visible]]></system-out>
         <system-err><![CDATA[]]></system-err>
      </testcase>
      <testcase name="Test Cases/ADMIN/Custom Fields Page/Add Custom Item Fields/Add_CF_DataDriven" time="9.503" classname="Test Cases/ADMIN/Custom Fields Page/Add Custom Item Fields/Add_CF_DataDriven" status="PASSED">
         <system-out><![CDATA[2020-03-19 15:08:04 - [TEST_CASE][PASSED] - Test Cases/ADMIN/Custom Fields Page/Add Custom Item Fields/Add_CF_DataDriven: Test Cases/ADMIN/Custom Fields Page/Add Custom Item Fields/Add_CF_DataDriven

2020-03-19 15:08:04 - [TEST_STEP][PASSED] - waitForElementVisible(findTestObject("ADMIN/Custom Item Fields List Page/button_Add Field"), 0): Object 'Object Repository/ADMIN/Custom Item Fields List Page/button_Add Field' is visible

2020-03-19 15:08:04 - [MESSAGE][WARNING] - Timeout '0' is invalid. Using default page load timeout: '30'

2020-03-19 15:08:04 - [MESSAGE][PASSED] - Object 'Object Repository/ADMIN/Custom Item Fields List Page/button_Add Field' is visible

2020-03-19 15:08:04 - [TEST_STEP][PASSED] - click(findTestObject("ADMIN/Custom Item Fields List Page/button_Add Field"), STOP_ON_FAILURE): Object: 'Object Repository/ADMIN/Custom Item Fields List Page/button_Add Field' is clicked on

2020-03-19 15:08:05 - [MESSAGE][PASSED] - Object: 'Object Repository/ADMIN/Custom Item Fields List Page/button_Add Field' is clicked on

2020-03-19 15:08:05 - [TEST_STEP][PASSED] - comment("Choose Field Type"): Choose Field Type

2020-03-19 15:08:05 - [MESSAGE][INFO] - Choose Field Type

2020-03-19 15:08:05 - [TEST_STEP][PASSED] - if (varCustomFieldType == "Checkbox"): null

2020-03-19 15:08:05 - [TEST_STEP][PASSED] - else if (varCustomFieldType == "Date / Time picker"): null

2020-03-19 15:08:05 - [TEST_STEP][PASSED] - else if (varCustomFieldType == "Drop Down"): null

2020-03-19 15:08:05 - [TEST_STEP][PASSED] - else if (varCustomFieldType == "Email"): null

2020-03-19 15:08:05 - [TEST_STEP][PASSED] - else if (varCustomFieldType == "Embed Video"): null

2020-03-19 15:08:05 - [TEST_STEP][PASSED] - else if (varCustomFieldType == "Hyperlink / URL"): null

2020-03-19 15:08:05 - [TEST_STEP][PASSED] - else if (varCustomFieldType == "Location"): null

2020-03-19 15:08:05 - [TEST_STEP][PASSED] - else if (varCustomFieldType == "Number"): null

2020-03-19 15:08:05 - [TEST_STEP][PASSED] - else if (varCustomFieldType == "PDF File"): All options with label 'PDF File' are selected in object 'Object Repository/ADMIN/Custom Item Fields Page/a_Default/dropdown_fieldtype' 

2020-03-19 15:08:05 - [TEST_STEP][PASSED] - waitForElementVisible(findTestObject("ADMIN/Custom Item Fields Page/a_Default/dropdown_fieldtype"), 0, CONTINUE_ON_FAILURE): Object 'Object Repository/ADMIN/Custom Item Fields Page/a_Default/dropdown_fieldtype' is visible

2020-03-19 15:08:05 - [MESSAGE][WARNING] - Timeout '0' is invalid. Using default page load timeout: '30'

2020-03-19 15:08:06 - [MESSAGE][PASSED] - Object 'Object Repository/ADMIN/Custom Item Fields Page/a_Default/dropdown_fieldtype' is visible

2020-03-19 15:08:06 - [TEST_STEP][PASSED] - selectOptionByLabel(findTestObject("ADMIN/Custom Item Fields Page/a_Default/dropdown_fieldtype"), "PDF File", false): All options with label 'PDF File' are selected in object 'Object Repository/ADMIN/Custom Item Fields Page/a_Default/dropdown_fieldtype' 

2020-03-19 15:08:06 - [MESSAGE][PASSED] - All options with label 'PDF File' are selected in object 'Object Repository/ADMIN/Custom Item Fields Page/a_Default/dropdown_fieldtype' 

2020-03-19 15:08:06 - [TEST_STEP][PASSED] - comment("Field Name"): Field Name

2020-03-19 15:08:06 - [MESSAGE][INFO] - Field Name

2020-03-19 15:08:06 - [TEST_STEP][PASSED] - setText(findTestObject("ADMIN/Custom Item Fields Page/a_Default/textfield_fieldname"), varCustomFieldName): Text 'SPG_PDF File_NM' is set on object 'Object Repository/ADMIN/Custom Item Fields Page/a_Default/textfield_fieldname'

2020-03-19 15:08:06 - [MESSAGE][PASSED] - Text 'SPG_PDF File_NM' is set on object 'Object Repository/ADMIN/Custom Item Fields Page/a_Default/textfield_fieldname'

2020-03-19 15:08:06 - [TEST_STEP][PASSED] - comment("Mandatory/NonMandatory"): Mandatory/NonMandatory

2020-03-19 15:08:06 - [MESSAGE][INFO] - Mandatory/NonMandatory

2020-03-19 15:08:06 - [TEST_STEP][PASSED] - if (varMandatoryNonMandatory == "mandatory"): null

2020-03-19 15:08:06 - [TEST_STEP][PASSED] - else if (varMandatoryNonMandatory == "non-mandatory"): Object: 'Object Repository/ADMIN/Custom Item Fields Page/a_Default/togglebutton_mandatory' is clicked on

2020-03-19 15:08:06 - [TEST_STEP][PASSED] - waitForElementVisible(findTestObject("ADMIN/Custom Item Fields Page/a_Default/togglebutton_mandatory"), 0, CONTINUE_ON_FAILURE): Object 'Object Repository/ADMIN/Custom Item Fields Page/a_Default/togglebutton_mandatory' is visible

2020-03-19 15:08:06 - [MESSAGE][WARNING] - Timeout '0' is invalid. Using default page load timeout: '30'

2020-03-19 15:08:06 - [MESSAGE][PASSED] - Object 'Object Repository/ADMIN/Custom Item Fields Page/a_Default/togglebutton_mandatory' is visible

2020-03-19 15:08:06 - [TEST_STEP][PASSED] - click(findTestObject("ADMIN/Custom Item Fields Page/a_Default/togglebutton_mandatory")): Object: 'Object Repository/ADMIN/Custom Item Fields Page/a_Default/togglebutton_mandatory' is clicked on

2020-03-19 15:08:07 - [MESSAGE][PASSED] - Object: 'Object Repository/ADMIN/Custom Item Fields Page/a_Default/togglebutton_mandatory' is clicked on

2020-03-19 15:08:07 - [TEST_STEP][PASSED] - comment("Assign Category"): Assign Category

2020-03-19 15:08:07 - [MESSAGE][INFO] - Assign Category

2020-03-19 15:08:07 - [TEST_STEP][PASSED] - click(findTestObject("ADMIN/Custom Item Fields Page/a_Default/button_SelectCategories")): Object: 'Object Repository/ADMIN/Custom Item Fields Page/a_Default/button_SelectCategories' is clicked on

2020-03-19 15:08:07 - [MESSAGE][PASSED] - Object: 'Object Repository/ADMIN/Custom Item Fields Page/a_Default/button_SelectCategories' is clicked on

2020-03-19 15:08:07 - [TEST_STEP][PASSED] - waitForElementVisible(findTestObject("ADMIN/Custom Item Fields List Page/a_SelectCategories/searchbox_Category"), 0): Object 'Object Repository/ADMIN/Custom Item Fields List Page/a_SelectCategories/searchbox_Category' is visible

2020-03-19 15:08:07 - [MESSAGE][WARNING] - Timeout '0' is invalid. Using default page load timeout: '30'

2020-03-19 15:08:08 - [MESSAGE][PASSED] - Object 'Object Repository/ADMIN/Custom Item Fields List Page/a_SelectCategories/searchbox_Category' is visible

2020-03-19 15:08:08 - [TEST_STEP][PASSED] - comment("Category Assignment"): Category Assignment

2020-03-19 15:08:08 - [MESSAGE][INFO] - Category Assignment

2020-03-19 15:08:08 - [TEST_STEP][PASSED] - if (varAssignedCategory == "All Cat"): null

2020-03-19 15:08:08 - [TEST_STEP][PASSED] - else if (varAssignedCategory == "Category 01"): null

2020-03-19 15:08:08 - [TEST_STEP][PASSED] - else if (varAssignedCategory == "Category 2.1"): null

2020-03-19 15:08:08 - [TEST_STEP][PASSED] - else if (varAssignedCategory == "Category 3.1.1"): Object: 'Object Repository/ADMIN/Custom Item Fields List Page/a_SelectCategories/a_Categories/checkbox_3.1.1' is clicked on

2020-03-19 15:08:08 - [TEST_STEP][PASSED] - setText(findTestObject("ADMIN/Custom Item Fields List Page/a_SelectCategories/searchbox_Category"), varAssignedCategory, CONTINUE_ON_FAILURE): Text 'Category 3.1.1' is set on object 'Object Repository/ADMIN/Custom Item Fields List Page/a_SelectCategories/searchbox_Category'

2020-03-19 15:08:08 - [MESSAGE][PASSED] - Text 'Category 3.1.1' is set on object 'Object Repository/ADMIN/Custom Item Fields List Page/a_SelectCategories/searchbox_Category'

2020-03-19 15:08:08 - [TEST_STEP][PASSED] - click(findTestObject("ADMIN/Custom Item Fields List Page/a_SelectCategories/a_Categories/checkbox_3.1.1")): Object: 'Object Repository/ADMIN/Custom Item Fields List Page/a_SelectCategories/a_Categories/checkbox_3.1.1' is clicked on

2020-03-19 15:08:08 - [MESSAGE][PASSED] - Object: 'Object Repository/ADMIN/Custom Item Fields List Page/a_SelectCategories/a_Categories/checkbox_3.1.1' is clicked on

2020-03-19 15:08:08 - [TEST_STEP][PASSED] - click(findTestObject("ADMIN/Custom Item Fields List Page/a_SelectCategories/button_Save"), STOP_ON_FAILURE): Object: 'Object Repository/ADMIN/Custom Item Fields List Page/a_SelectCategories/button_Save' is clicked on

2020-03-19 15:08:09 - [MESSAGE][PASSED] - Object: 'Object Repository/ADMIN/Custom Item Fields List Page/a_SelectCategories/button_Save' is clicked on

2020-03-19 15:08:09 - [TEST_STEP][PASSED] - delay(2, CONTINUE_ON_FAILURE): Delayed 2 second(s)

2020-03-19 15:08:11 - [MESSAGE][PASSED] - Delayed 2 second(s)

2020-03-19 15:08:11 - [TEST_STEP][PASSED] - click(findTestObject("ADMIN/Custom Item Fields Page/a_Default/button_Save1"), STOP_ON_FAILURE): Object: 'Object Repository/ADMIN/Custom Item Fields Page/a_Default/button_Save1' is clicked on

2020-03-19 15:08:11 - [MESSAGE][PASSED] - Object: 'Object Repository/ADMIN/Custom Item Fields Page/a_Default/button_Save1' is clicked on

2020-03-19 15:08:11 - [TEST_STEP][PASSED] - waitForElementVisible(findTestObject("ADMIN/Custom Item Fields List Page/button_Add Field"), 0): Object 'Object Repository/ADMIN/Custom Item Fields List Page/button_Add Field' is visible

2020-03-19 15:08:11 - [MESSAGE][WARNING] - Timeout '0' is invalid. Using default page load timeout: '30'

2020-03-19 15:08:14 - [MESSAGE][PASSED] - Object 'Object Repository/ADMIN/Custom Item Fields List Page/button_Add Field' is visible]]></system-out>
         <system-err><![CDATA[]]></system-err>
      </testcase>
      <testcase name="Test Cases/ADMIN/Custom Fields Page/Add Custom Item Fields/Add_CF_DataDriven" time="8.609" classname="Test Cases/ADMIN/Custom Fields Page/Add Custom Item Fields/Add_CF_DataDriven" status="PASSED">
         <system-out><![CDATA[2020-03-19 15:08:14 - [TEST_CASE][PASSED] - Test Cases/ADMIN/Custom Fields Page/Add Custom Item Fields/Add_CF_DataDriven: Test Cases/ADMIN/Custom Fields Page/Add Custom Item Fields/Add_CF_DataDriven

2020-03-19 15:08:14 - [TEST_STEP][PASSED] - waitForElementVisible(findTestObject("ADMIN/Custom Item Fields List Page/button_Add Field"), 0): Object 'Object Repository/ADMIN/Custom Item Fields List Page/button_Add Field' is visible

2020-03-19 15:08:14 - [MESSAGE][WARNING] - Timeout '0' is invalid. Using default page load timeout: '30'

2020-03-19 15:08:14 - [MESSAGE][PASSED] - Object 'Object Repository/ADMIN/Custom Item Fields List Page/button_Add Field' is visible

2020-03-19 15:08:14 - [TEST_STEP][PASSED] - click(findTestObject("ADMIN/Custom Item Fields List Page/button_Add Field"), STOP_ON_FAILURE): Object: 'Object Repository/ADMIN/Custom Item Fields List Page/button_Add Field' is clicked on

2020-03-19 15:08:15 - [MESSAGE][PASSED] - Object: 'Object Repository/ADMIN/Custom Item Fields List Page/button_Add Field' is clicked on

2020-03-19 15:08:15 - [TEST_STEP][PASSED] - comment("Choose Field Type"): Choose Field Type

2020-03-19 15:08:15 - [MESSAGE][INFO] - Choose Field Type

2020-03-19 15:08:15 - [TEST_STEP][PASSED] - if (varCustomFieldType == "Checkbox"): null

2020-03-19 15:08:15 - [TEST_STEP][PASSED] - else if (varCustomFieldType == "Date / Time picker"): null

2020-03-19 15:08:15 - [TEST_STEP][PASSED] - else if (varCustomFieldType == "Drop Down"): null

2020-03-19 15:08:15 - [TEST_STEP][PASSED] - else if (varCustomFieldType == "Email"): null

2020-03-19 15:08:15 - [TEST_STEP][PASSED] - else if (varCustomFieldType == "Embed Video"): All options with label 'Embed Video' are selected in object 'Object Repository/ADMIN/Custom Item Fields Page/a_Default/dropdown_fieldtype' 

2020-03-19 15:08:15 - [TEST_STEP][PASSED] - waitForElementVisible(findTestObject("ADMIN/Custom Item Fields Page/a_Default/dropdown_fieldtype"), 0, CONTINUE_ON_FAILURE): Object 'Object Repository/ADMIN/Custom Item Fields Page/a_Default/dropdown_fieldtype' is visible

2020-03-19 15:08:15 - [MESSAGE][WARNING] - Timeout '0' is invalid. Using default page load timeout: '30'

2020-03-19 15:08:15 - [MESSAGE][PASSED] - Object 'Object Repository/ADMIN/Custom Item Fields Page/a_Default/dropdown_fieldtype' is visible

2020-03-19 15:08:15 - [TEST_STEP][PASSED] - selectOptionByLabel(findTestObject("ADMIN/Custom Item Fields Page/a_Default/dropdown_fieldtype"), "Embed Video", false): All options with label 'Embed Video' are selected in object 'Object Repository/ADMIN/Custom Item Fields Page/a_Default/dropdown_fieldtype' 

2020-03-19 15:08:16 - [MESSAGE][PASSED] - All options with label 'Embed Video' are selected in object 'Object Repository/ADMIN/Custom Item Fields Page/a_Default/dropdown_fieldtype' 

2020-03-19 15:08:16 - [TEST_STEP][PASSED] - comment("Field Name"): Field Name

2020-03-19 15:08:16 - [MESSAGE][INFO] - Field Name

2020-03-19 15:08:16 - [TEST_STEP][PASSED] - setText(findTestObject("ADMIN/Custom Item Fields Page/a_Default/textfield_fieldname"), varCustomFieldName): Text 'SPG_Video_NM' is set on object 'Object Repository/ADMIN/Custom Item Fields Page/a_Default/textfield_fieldname'

2020-03-19 15:08:16 - [MESSAGE][PASSED] - Text 'SPG_Video_NM' is set on object 'Object Repository/ADMIN/Custom Item Fields Page/a_Default/textfield_fieldname'

2020-03-19 15:08:16 - [TEST_STEP][PASSED] - comment("Mandatory/NonMandatory"): Mandatory/NonMandatory

2020-03-19 15:08:16 - [MESSAGE][INFO] - Mandatory/NonMandatory

2020-03-19 15:08:16 - [TEST_STEP][PASSED] - if (varMandatoryNonMandatory == "mandatory"): null

2020-03-19 15:08:16 - [TEST_STEP][PASSED] - else if (varMandatoryNonMandatory == "non-mandatory"): Object: 'Object Repository/ADMIN/Custom Item Fields Page/a_Default/togglebutton_mandatory' is clicked on

2020-03-19 15:08:16 - [TEST_STEP][PASSED] - waitForElementVisible(findTestObject("ADMIN/Custom Item Fields Page/a_Default/togglebutton_mandatory"), 0, CONTINUE_ON_FAILURE): Object 'Object Repository/ADMIN/Custom Item Fields Page/a_Default/togglebutton_mandatory' is visible

2020-03-19 15:08:16 - [MESSAGE][WARNING] - Timeout '0' is invalid. Using default page load timeout: '30'

2020-03-19 15:08:16 - [MESSAGE][PASSED] - Object 'Object Repository/ADMIN/Custom Item Fields Page/a_Default/togglebutton_mandatory' is visible

2020-03-19 15:08:16 - [TEST_STEP][PASSED] - click(findTestObject("ADMIN/Custom Item Fields Page/a_Default/togglebutton_mandatory")): Object: 'Object Repository/ADMIN/Custom Item Fields Page/a_Default/togglebutton_mandatory' is clicked on

2020-03-19 15:08:16 - [MESSAGE][PASSED] - Object: 'Object Repository/ADMIN/Custom Item Fields Page/a_Default/togglebutton_mandatory' is clicked on

2020-03-19 15:08:16 - [TEST_STEP][PASSED] - comment("Assign Category"): Assign Category

2020-03-19 15:08:16 - [MESSAGE][INFO] - Assign Category

2020-03-19 15:08:16 - [TEST_STEP][PASSED] - click(findTestObject("ADMIN/Custom Item Fields Page/a_Default/button_SelectCategories")): Object: 'Object Repository/ADMIN/Custom Item Fields Page/a_Default/button_SelectCategories' is clicked on

2020-03-19 15:08:16 - [MESSAGE][PASSED] - Object: 'Object Repository/ADMIN/Custom Item Fields Page/a_Default/button_SelectCategories' is clicked on

2020-03-19 15:08:16 - [TEST_STEP][PASSED] - waitForElementVisible(findTestObject("ADMIN/Custom Item Fields List Page/a_SelectCategories/searchbox_Category"), 0): Object 'Object Repository/ADMIN/Custom Item Fields List Page/a_SelectCategories/searchbox_Category' is visible

2020-03-19 15:08:16 - [MESSAGE][WARNING] - Timeout '0' is invalid. Using default page load timeout: '30'

2020-03-19 15:08:17 - [MESSAGE][PASSED] - Object 'Object Repository/ADMIN/Custom Item Fields List Page/a_SelectCategories/searchbox_Category' is visible

2020-03-19 15:08:17 - [TEST_STEP][PASSED] - comment("Category Assignment"): Category Assignment

2020-03-19 15:08:17 - [MESSAGE][INFO] - Category Assignment

2020-03-19 15:08:17 - [TEST_STEP][PASSED] - if (varAssignedCategory == "All Cat"): null

2020-03-19 15:08:17 - [TEST_STEP][PASSED] - else if (varAssignedCategory == "Category 01"): null

2020-03-19 15:08:17 - [TEST_STEP][PASSED] - else if (varAssignedCategory == "Category 2.1"): null

2020-03-19 15:08:17 - [TEST_STEP][PASSED] - else if (varAssignedCategory == "Category 3.1.1"): Object: 'Object Repository/ADMIN/Custom Item Fields List Page/a_SelectCategories/a_Categories/checkbox_3.1.1' is clicked on

2020-03-19 15:08:17 - [TEST_STEP][PASSED] - setText(findTestObject("ADMIN/Custom Item Fields List Page/a_SelectCategories/searchbox_Category"), varAssignedCategory, CONTINUE_ON_FAILURE): Text 'Category 3.1.1' is set on object 'Object Repository/ADMIN/Custom Item Fields List Page/a_SelectCategories/searchbox_Category'

2020-03-19 15:08:17 - [MESSAGE][PASSED] - Text 'Category 3.1.1' is set on object 'Object Repository/ADMIN/Custom Item Fields List Page/a_SelectCategories/searchbox_Category'

2020-03-19 15:08:17 - [TEST_STEP][PASSED] - click(findTestObject("ADMIN/Custom Item Fields List Page/a_SelectCategories/a_Categories/checkbox_3.1.1")): Object: 'Object Repository/ADMIN/Custom Item Fields List Page/a_SelectCategories/a_Categories/checkbox_3.1.1' is clicked on

2020-03-19 15:08:18 - [MESSAGE][PASSED] - Object: 'Object Repository/ADMIN/Custom Item Fields List Page/a_SelectCategories/a_Categories/checkbox_3.1.1' is clicked on

2020-03-19 15:08:18 - [TEST_STEP][PASSED] - click(findTestObject("ADMIN/Custom Item Fields List Page/a_SelectCategories/button_Save"), STOP_ON_FAILURE): Object: 'Object Repository/ADMIN/Custom Item Fields List Page/a_SelectCategories/button_Save' is clicked on

2020-03-19 15:08:18 - [MESSAGE][PASSED] - Object: 'Object Repository/ADMIN/Custom Item Fields List Page/a_SelectCategories/button_Save' is clicked on

2020-03-19 15:08:18 - [TEST_STEP][PASSED] - delay(2, CONTINUE_ON_FAILURE): Delayed 2 second(s)

2020-03-19 15:08:20 - [MESSAGE][PASSED] - Delayed 2 second(s)

2020-03-19 15:08:20 - [TEST_STEP][PASSED] - click(findTestObject("ADMIN/Custom Item Fields Page/a_Default/button_Save1"), STOP_ON_FAILURE): Object: 'Object Repository/ADMIN/Custom Item Fields Page/a_Default/button_Save1' is clicked on

2020-03-19 15:08:20 - [MESSAGE][PASSED] - Object: 'Object Repository/ADMIN/Custom Item Fields Page/a_Default/button_Save1' is clicked on

2020-03-19 15:08:20 - [TEST_STEP][PASSED] - waitForElementVisible(findTestObject("ADMIN/Custom Item Fields List Page/button_Add Field"), 0): Object 'Object Repository/ADMIN/Custom Item Fields List Page/button_Add Field' is visible

2020-03-19 15:08:20 - [MESSAGE][WARNING] - Timeout '0' is invalid. Using default page load timeout: '30'

2020-03-19 15:08:22 - [MESSAGE][PASSED] - Object 'Object Repository/ADMIN/Custom Item Fields List Page/button_Add Field' is visible]]></system-out>
         <system-err><![CDATA[]]></system-err>
      </testcase>
      <testcase name="Test Cases/ADMIN/Custom Fields Page/Add Custom Item Fields/Add_CF_DataDriven" time="9.336" classname="Test Cases/ADMIN/Custom Fields Page/Add Custom Item Fields/Add_CF_DataDriven" status="PASSED">
         <system-out><![CDATA[2020-03-19 15:08:22 - [TEST_CASE][PASSED] - Test Cases/ADMIN/Custom Fields Page/Add Custom Item Fields/Add_CF_DataDriven: Test Cases/ADMIN/Custom Fields Page/Add Custom Item Fields/Add_CF_DataDriven

2020-03-19 15:08:22 - [TEST_STEP][PASSED] - waitForElementVisible(findTestObject("ADMIN/Custom Item Fields List Page/button_Add Field"), 0): Object 'Object Repository/ADMIN/Custom Item Fields List Page/button_Add Field' is visible

2020-03-19 15:08:22 - [MESSAGE][WARNING] - Timeout '0' is invalid. Using default page load timeout: '30'

2020-03-19 15:08:23 - [MESSAGE][PASSED] - Object 'Object Repository/ADMIN/Custom Item Fields List Page/button_Add Field' is visible

2020-03-19 15:08:23 - [TEST_STEP][PASSED] - click(findTestObject("ADMIN/Custom Item Fields List Page/button_Add Field"), STOP_ON_FAILURE): Object: 'Object Repository/ADMIN/Custom Item Fields List Page/button_Add Field' is clicked on

2020-03-19 15:08:24 - [MESSAGE][PASSED] - Object: 'Object Repository/ADMIN/Custom Item Fields List Page/button_Add Field' is clicked on

2020-03-19 15:08:24 - [TEST_STEP][PASSED] - comment("Choose Field Type"): Choose Field Type

2020-03-19 15:08:24 - [MESSAGE][INFO] - Choose Field Type

2020-03-19 15:08:24 - [TEST_STEP][PASSED] - if (varCustomFieldType == "Checkbox"): null

2020-03-19 15:08:24 - [TEST_STEP][PASSED] - else if (varCustomFieldType == "Date / Time picker"): All options with label 'Date / Time picker' are selected in object 'Object Repository/ADMIN/Custom Item Fields Page/a_Default/dropdown_fieldtype' 

2020-03-19 15:08:24 - [TEST_STEP][PASSED] - waitForElementVisible(findTestObject("ADMIN/Custom Item Fields Page/a_Default/dropdown_fieldtype"), 0, CONTINUE_ON_FAILURE): Object 'Object Repository/ADMIN/Custom Item Fields Page/a_Default/dropdown_fieldtype' is visible

2020-03-19 15:08:24 - [MESSAGE][WARNING] - Timeout '0' is invalid. Using default page load timeout: '30'

2020-03-19 15:08:24 - [MESSAGE][PASSED] - Object 'Object Repository/ADMIN/Custom Item Fields Page/a_Default/dropdown_fieldtype' is visible

2020-03-19 15:08:24 - [TEST_STEP][PASSED] - selectOptionByLabel(findTestObject("ADMIN/Custom Item Fields Page/a_Default/dropdown_fieldtype"), "Date / Time picker", false): All options with label 'Date / Time picker' are selected in object 'Object Repository/ADMIN/Custom Item Fields Page/a_Default/dropdown_fieldtype' 

2020-03-19 15:08:24 - [MESSAGE][PASSED] - All options with label 'Date / Time picker' are selected in object 'Object Repository/ADMIN/Custom Item Fields Page/a_Default/dropdown_fieldtype' 

2020-03-19 15:08:24 - [TEST_STEP][PASSED] - comment("Field Name"): Field Name

2020-03-19 15:08:24 - [MESSAGE][INFO] - Field Name

2020-03-19 15:08:24 - [TEST_STEP][PASSED] - setText(findTestObject("ADMIN/Custom Item Fields Page/a_Default/textfield_fieldname"), varCustomFieldName): Text 'SPG_Date / Time_On_NM' is set on object 'Object Repository/ADMIN/Custom Item Fields Page/a_Default/textfield_fieldname'

2020-03-19 15:08:25 - [MESSAGE][PASSED] - Text 'SPG_Date / Time_On_NM' is set on object 'Object Repository/ADMIN/Custom Item Fields Page/a_Default/textfield_fieldname'

2020-03-19 15:08:25 - [TEST_STEP][PASSED] - comment("Mandatory/NonMandatory"): Mandatory/NonMandatory

2020-03-19 15:08:25 - [MESSAGE][INFO] - Mandatory/NonMandatory

2020-03-19 15:08:25 - [TEST_STEP][PASSED] - if (varMandatoryNonMandatory == "mandatory"): null

2020-03-19 15:08:25 - [TEST_STEP][PASSED] - else if (varMandatoryNonMandatory == "non-mandatory"): Object: 'Object Repository/ADMIN/Custom Item Fields Page/a_Default/togglebutton_mandatory' is clicked on

2020-03-19 15:08:25 - [TEST_STEP][PASSED] - waitForElementVisible(findTestObject("ADMIN/Custom Item Fields Page/a_Default/togglebutton_mandatory"), 0, CONTINUE_ON_FAILURE): Object 'Object Repository/ADMIN/Custom Item Fields Page/a_Default/togglebutton_mandatory' is visible

2020-03-19 15:08:25 - [MESSAGE][WARNING] - Timeout '0' is invalid. Using default page load timeout: '30'

2020-03-19 15:08:25 - [MESSAGE][PASSED] - Object 'Object Repository/ADMIN/Custom Item Fields Page/a_Default/togglebutton_mandatory' is visible

2020-03-19 15:08:25 - [TEST_STEP][PASSED] - click(findTestObject("ADMIN/Custom Item Fields Page/a_Default/togglebutton_mandatory")): Object: 'Object Repository/ADMIN/Custom Item Fields Page/a_Default/togglebutton_mandatory' is clicked on

2020-03-19 15:08:25 - [MESSAGE][PASSED] - Object: 'Object Repository/ADMIN/Custom Item Fields Page/a_Default/togglebutton_mandatory' is clicked on

2020-03-19 15:08:25 - [TEST_STEP][PASSED] - comment("Assign Category"): Assign Category

2020-03-19 15:08:25 - [MESSAGE][INFO] - Assign Category

2020-03-19 15:08:25 - [TEST_STEP][PASSED] - click(findTestObject("ADMIN/Custom Item Fields Page/a_Default/button_SelectCategories")): Object: 'Object Repository/ADMIN/Custom Item Fields Page/a_Default/button_SelectCategories' is clicked on

2020-03-19 15:08:25 - [MESSAGE][PASSED] - Object: 'Object Repository/ADMIN/Custom Item Fields Page/a_Default/button_SelectCategories' is clicked on

2020-03-19 15:08:25 - [TEST_STEP][PASSED] - waitForElementVisible(findTestObject("ADMIN/Custom Item Fields List Page/a_SelectCategories/searchbox_Category"), 0): Object 'Object Repository/ADMIN/Custom Item Fields List Page/a_SelectCategories/searchbox_Category' is visible

2020-03-19 15:08:25 - [MESSAGE][WARNING] - Timeout '0' is invalid. Using default page load timeout: '30'

2020-03-19 15:08:26 - [MESSAGE][PASSED] - Object 'Object Repository/ADMIN/Custom Item Fields List Page/a_SelectCategories/searchbox_Category' is visible

2020-03-19 15:08:26 - [TEST_STEP][PASSED] - comment("Category Assignment"): Category Assignment

2020-03-19 15:08:26 - [MESSAGE][INFO] - Category Assignment

2020-03-19 15:08:26 - [TEST_STEP][PASSED] - if (varAssignedCategory == "All Cat"): null

2020-03-19 15:08:26 - [TEST_STEP][PASSED] - else if (varAssignedCategory == "Category 01"): null

2020-03-19 15:08:26 - [TEST_STEP][PASSED] - else if (varAssignedCategory == "Category 2.1"): null

2020-03-19 15:08:26 - [TEST_STEP][PASSED] - else if (varAssignedCategory == "Category 3.1.1"): Object: 'Object Repository/ADMIN/Custom Item Fields List Page/a_SelectCategories/a_Categories/checkbox_3.1.1' is clicked on

2020-03-19 15:08:26 - [TEST_STEP][PASSED] - setText(findTestObject("ADMIN/Custom Item Fields List Page/a_SelectCategories/searchbox_Category"), varAssignedCategory, CONTINUE_ON_FAILURE): Text 'Category 3.1.1' is set on object 'Object Repository/ADMIN/Custom Item Fields List Page/a_SelectCategories/searchbox_Category'

2020-03-19 15:08:26 - [MESSAGE][PASSED] - Text 'Category 3.1.1' is set on object 'Object Repository/ADMIN/Custom Item Fields List Page/a_SelectCategories/searchbox_Category'

2020-03-19 15:08:26 - [TEST_STEP][PASSED] - click(findTestObject("ADMIN/Custom Item Fields List Page/a_SelectCategories/a_Categories/checkbox_3.1.1")): Object: 'Object Repository/ADMIN/Custom Item Fields List Page/a_SelectCategories/a_Categories/checkbox_3.1.1' is clicked on

2020-03-19 15:08:26 - [MESSAGE][PASSED] - Object: 'Object Repository/ADMIN/Custom Item Fields List Page/a_SelectCategories/a_Categories/checkbox_3.1.1' is clicked on

2020-03-19 15:08:26 - [TEST_STEP][PASSED] - click(findTestObject("ADMIN/Custom Item Fields List Page/a_SelectCategories/button_Save"), STOP_ON_FAILURE): Object: 'Object Repository/ADMIN/Custom Item Fields List Page/a_SelectCategories/button_Save' is clicked on

2020-03-19 15:08:27 - [MESSAGE][PASSED] - Object: 'Object Repository/ADMIN/Custom Item Fields List Page/a_SelectCategories/button_Save' is clicked on

2020-03-19 15:08:27 - [TEST_STEP][PASSED] - delay(2, CONTINUE_ON_FAILURE): Delayed 2 second(s)

2020-03-19 15:08:29 - [MESSAGE][PASSED] - Delayed 2 second(s)

2020-03-19 15:08:29 - [TEST_STEP][PASSED] - click(findTestObject("ADMIN/Custom Item Fields Page/a_Default/button_Save1"), STOP_ON_FAILURE): Object: 'Object Repository/ADMIN/Custom Item Fields Page/a_Default/button_Save1' is clicked on

2020-03-19 15:08:29 - [MESSAGE][PASSED] - Object: 'Object Repository/ADMIN/Custom Item Fields Page/a_Default/button_Save1' is clicked on

2020-03-19 15:08:29 - [TEST_STEP][PASSED] - waitForElementVisible(findTestObject("ADMIN/Custom Item Fields List Page/button_Add Field"), 0): Object 'Object Repository/ADMIN/Custom Item Fields List Page/button_Add Field' is visible

2020-03-19 15:08:29 - [MESSAGE][WARNING] - Timeout '0' is invalid. Using default page load timeout: '30'

2020-03-19 15:08:32 - [MESSAGE][PASSED] - Object 'Object Repository/ADMIN/Custom Item Fields List Page/button_Add Field' is visible]]></system-out>
         <system-err><![CDATA[]]></system-err>
      </testcase>
      <testcase name="Test Cases/ADMIN/Custom Fields Page/Add Custom Item Fields/Add_CF_DataDriven" time="8.927" classname="Test Cases/ADMIN/Custom Fields Page/Add Custom Item Fields/Add_CF_DataDriven" status="PASSED">
         <system-out><![CDATA[2020-03-19 15:08:32 - [TEST_CASE][PASSED] - Test Cases/ADMIN/Custom Fields Page/Add Custom Item Fields/Add_CF_DataDriven: Test Cases/ADMIN/Custom Fields Page/Add Custom Item Fields/Add_CF_DataDriven

2020-03-19 15:08:32 - [TEST_STEP][PASSED] - waitForElementVisible(findTestObject("ADMIN/Custom Item Fields List Page/button_Add Field"), 0): Object 'Object Repository/ADMIN/Custom Item Fields List Page/button_Add Field' is visible

2020-03-19 15:08:32 - [MESSAGE][WARNING] - Timeout '0' is invalid. Using default page load timeout: '30'

2020-03-19 15:08:32 - [MESSAGE][PASSED] - Object 'Object Repository/ADMIN/Custom Item Fields List Page/button_Add Field' is visible

2020-03-19 15:08:32 - [TEST_STEP][PASSED] - click(findTestObject("ADMIN/Custom Item Fields List Page/button_Add Field"), STOP_ON_FAILURE): Object: 'Object Repository/ADMIN/Custom Item Fields List Page/button_Add Field' is clicked on

2020-03-19 15:08:33 - [MESSAGE][PASSED] - Object: 'Object Repository/ADMIN/Custom Item Fields List Page/button_Add Field' is clicked on

2020-03-19 15:08:33 - [TEST_STEP][PASSED] - comment("Choose Field Type"): Choose Field Type

2020-03-19 15:08:33 - [MESSAGE][INFO] - Choose Field Type

2020-03-19 15:08:33 - [TEST_STEP][PASSED] - if (varCustomFieldType == "Checkbox"): null

2020-03-19 15:08:33 - [TEST_STEP][PASSED] - else if (varCustomFieldType == "Date / Time picker"): All options with label 'Date / Time picker' are selected in object 'Object Repository/ADMIN/Custom Item Fields Page/a_Default/dropdown_fieldtype' 

2020-03-19 15:08:33 - [TEST_STEP][PASSED] - waitForElementVisible(findTestObject("ADMIN/Custom Item Fields Page/a_Default/dropdown_fieldtype"), 0, CONTINUE_ON_FAILURE): Object 'Object Repository/ADMIN/Custom Item Fields Page/a_Default/dropdown_fieldtype' is visible

2020-03-19 15:08:33 - [MESSAGE][WARNING] - Timeout '0' is invalid. Using default page load timeout: '30'

2020-03-19 15:08:33 - [MESSAGE][PASSED] - Object 'Object Repository/ADMIN/Custom Item Fields Page/a_Default/dropdown_fieldtype' is visible

2020-03-19 15:08:33 - [TEST_STEP][PASSED] - selectOptionByLabel(findTestObject("ADMIN/Custom Item Fields Page/a_Default/dropdown_fieldtype"), "Date / Time picker", false): All options with label 'Date / Time picker' are selected in object 'Object Repository/ADMIN/Custom Item Fields Page/a_Default/dropdown_fieldtype' 

2020-03-19 15:08:33 - [MESSAGE][PASSED] - All options with label 'Date / Time picker' are selected in object 'Object Repository/ADMIN/Custom Item Fields Page/a_Default/dropdown_fieldtype' 

2020-03-19 15:08:33 - [TEST_STEP][PASSED] - comment("Field Name"): Field Name

2020-03-19 15:08:33 - [MESSAGE][INFO] - Field Name

2020-03-19 15:08:33 - [TEST_STEP][PASSED] - setText(findTestObject("ADMIN/Custom Item Fields Page/a_Default/textfield_fieldname"), varCustomFieldName): Text 'SPG_Date / Time_Off_NM' is set on object 'Object Repository/ADMIN/Custom Item Fields Page/a_Default/textfield_fieldname'

2020-03-19 15:08:34 - [MESSAGE][PASSED] - Text 'SPG_Date / Time_Off_NM' is set on object 'Object Repository/ADMIN/Custom Item Fields Page/a_Default/textfield_fieldname'

2020-03-19 15:08:34 - [TEST_STEP][PASSED] - comment("Mandatory/NonMandatory"): Mandatory/NonMandatory

2020-03-19 15:08:34 - [MESSAGE][INFO] - Mandatory/NonMandatory

2020-03-19 15:08:34 - [TEST_STEP][PASSED] - if (varMandatoryNonMandatory == "mandatory"): null

2020-03-19 15:08:34 - [TEST_STEP][PASSED] - else if (varMandatoryNonMandatory == "non-mandatory"): Object: 'Object Repository/ADMIN/Custom Item Fields Page/a_Default/togglebutton_mandatory' is clicked on

2020-03-19 15:08:34 - [TEST_STEP][PASSED] - waitForElementVisible(findTestObject("ADMIN/Custom Item Fields Page/a_Default/togglebutton_mandatory"), 0, CONTINUE_ON_FAILURE): Object 'Object Repository/ADMIN/Custom Item Fields Page/a_Default/togglebutton_mandatory' is visible

2020-03-19 15:08:34 - [MESSAGE][WARNING] - Timeout '0' is invalid. Using default page load timeout: '30'

2020-03-19 15:08:34 - [MESSAGE][PASSED] - Object 'Object Repository/ADMIN/Custom Item Fields Page/a_Default/togglebutton_mandatory' is visible

2020-03-19 15:08:34 - [TEST_STEP][PASSED] - click(findTestObject("ADMIN/Custom Item Fields Page/a_Default/togglebutton_mandatory")): Object: 'Object Repository/ADMIN/Custom Item Fields Page/a_Default/togglebutton_mandatory' is clicked on

2020-03-19 15:08:34 - [MESSAGE][PASSED] - Object: 'Object Repository/ADMIN/Custom Item Fields Page/a_Default/togglebutton_mandatory' is clicked on

2020-03-19 15:08:34 - [TEST_STEP][PASSED] - comment("Assign Category"): Assign Category

2020-03-19 15:08:34 - [MESSAGE][INFO] - Assign Category

2020-03-19 15:08:34 - [TEST_STEP][PASSED] - click(findTestObject("ADMIN/Custom Item Fields Page/a_Default/button_SelectCategories")): Object: 'Object Repository/ADMIN/Custom Item Fields Page/a_Default/button_SelectCategories' is clicked on

2020-03-19 15:08:34 - [MESSAGE][PASSED] - Object: 'Object Repository/ADMIN/Custom Item Fields Page/a_Default/button_SelectCategories' is clicked on

2020-03-19 15:08:34 - [TEST_STEP][PASSED] - waitForElementVisible(findTestObject("ADMIN/Custom Item Fields List Page/a_SelectCategories/searchbox_Category"), 0): Object 'Object Repository/ADMIN/Custom Item Fields List Page/a_SelectCategories/searchbox_Category' is visible

2020-03-19 15:08:34 - [MESSAGE][WARNING] - Timeout '0' is invalid. Using default page load timeout: '30'

2020-03-19 15:08:35 - [MESSAGE][PASSED] - Object 'Object Repository/ADMIN/Custom Item Fields List Page/a_SelectCategories/searchbox_Category' is visible

2020-03-19 15:08:35 - [TEST_STEP][PASSED] - comment("Category Assignment"): Category Assignment

2020-03-19 15:08:35 - [MESSAGE][INFO] - Category Assignment

2020-03-19 15:08:35 - [TEST_STEP][PASSED] - if (varAssignedCategory == "All Cat"): null

2020-03-19 15:08:35 - [TEST_STEP][PASSED] - else if (varAssignedCategory == "Category 01"): null

2020-03-19 15:08:35 - [TEST_STEP][PASSED] - else if (varAssignedCategory == "Category 2.1"): null

2020-03-19 15:08:35 - [TEST_STEP][PASSED] - else if (varAssignedCategory == "Category 3.1.1"): Object: 'Object Repository/ADMIN/Custom Item Fields List Page/a_SelectCategories/a_Categories/checkbox_3.1.1' is clicked on

2020-03-19 15:08:35 - [TEST_STEP][PASSED] - setText(findTestObject("ADMIN/Custom Item Fields List Page/a_SelectCategories/searchbox_Category"), varAssignedCategory, CONTINUE_ON_FAILURE): Text 'Category 3.1.1' is set on object 'Object Repository/ADMIN/Custom Item Fields List Page/a_SelectCategories/searchbox_Category'

2020-03-19 15:08:35 - [MESSAGE][PASSED] - Text 'Category 3.1.1' is set on object 'Object Repository/ADMIN/Custom Item Fields List Page/a_SelectCategories/searchbox_Category'

2020-03-19 15:08:35 - [TEST_STEP][PASSED] - click(findTestObject("ADMIN/Custom Item Fields List Page/a_SelectCategories/a_Categories/checkbox_3.1.1")): Object: 'Object Repository/ADMIN/Custom Item Fields List Page/a_SelectCategories/a_Categories/checkbox_3.1.1' is clicked on

2020-03-19 15:08:36 - [MESSAGE][PASSED] - Object: 'Object Repository/ADMIN/Custom Item Fields List Page/a_SelectCategories/a_Categories/checkbox_3.1.1' is clicked on

2020-03-19 15:08:36 - [TEST_STEP][PASSED] - click(findTestObject("ADMIN/Custom Item Fields List Page/a_SelectCategories/button_Save"), STOP_ON_FAILURE): Object: 'Object Repository/ADMIN/Custom Item Fields List Page/a_SelectCategories/button_Save' is clicked on

2020-03-19 15:08:36 - [MESSAGE][PASSED] - Object: 'Object Repository/ADMIN/Custom Item Fields List Page/a_SelectCategories/button_Save' is clicked on

2020-03-19 15:08:36 - [TEST_STEP][PASSED] - delay(2, CONTINUE_ON_FAILURE): Delayed 2 second(s)

2020-03-19 15:08:38 - [MESSAGE][PASSED] - Delayed 2 second(s)

2020-03-19 15:08:38 - [TEST_STEP][PASSED] - click(findTestObject("ADMIN/Custom Item Fields Page/a_Default/button_Save1"), STOP_ON_FAILURE): Object: 'Object Repository/ADMIN/Custom Item Fields Page/a_Default/button_Save1' is clicked on

2020-03-19 15:08:38 - [MESSAGE][PASSED] - Object: 'Object Repository/ADMIN/Custom Item Fields Page/a_Default/button_Save1' is clicked on

2020-03-19 15:08:38 - [TEST_STEP][PASSED] - waitForElementVisible(findTestObject("ADMIN/Custom Item Fields List Page/button_Add Field"), 0): Object 'Object Repository/ADMIN/Custom Item Fields List Page/button_Add Field' is visible

2020-03-19 15:08:38 - [MESSAGE][WARNING] - Timeout '0' is invalid. Using default page load timeout: '30'

2020-03-19 15:08:41 - [MESSAGE][PASSED] - Object 'Object Repository/ADMIN/Custom Item Fields List Page/button_Add Field' is visible]]></system-out>
         <system-err><![CDATA[]]></system-err>
      </testcase>
      <testcase name="Test Cases/ADMIN/Custom Fields Page/Add Custom Item Fields/Add_CF_DataDriven" time="14.211" classname="Test Cases/ADMIN/Custom Fields Page/Add Custom Item Fields/Add_CF_DataDriven" status="PASSED">
         <system-out><![CDATA[2020-03-19 15:08:41 - [TEST_CASE][PASSED] - Test Cases/ADMIN/Custom Fields Page/Add Custom Item Fields/Add_CF_DataDriven: Test Cases/ADMIN/Custom Fields Page/Add Custom Item Fields/Add_CF_DataDriven

2020-03-19 15:08:41 - [TEST_STEP][PASSED] - waitForElementVisible(findTestObject("ADMIN/Custom Item Fields List Page/button_Add Field"), 0): Object 'Object Repository/ADMIN/Custom Item Fields List Page/button_Add Field' is visible

2020-03-19 15:08:41 - [MESSAGE][WARNING] - Timeout '0' is invalid. Using default page load timeout: '30'

2020-03-19 15:08:41 - [MESSAGE][PASSED] - Object 'Object Repository/ADMIN/Custom Item Fields List Page/button_Add Field' is visible

2020-03-19 15:08:41 - [TEST_STEP][PASSED] - click(findTestObject("ADMIN/Custom Item Fields List Page/button_Add Field"), STOP_ON_FAILURE): Object: 'Object Repository/ADMIN/Custom Item Fields List Page/button_Add Field' is clicked on

2020-03-19 15:08:42 - [MESSAGE][PASSED] - Object: 'Object Repository/ADMIN/Custom Item Fields List Page/button_Add Field' is clicked on

2020-03-19 15:08:42 - [TEST_STEP][PASSED] - comment("Choose Field Type"): Choose Field Type

2020-03-19 15:08:42 - [MESSAGE][INFO] - Choose Field Type

2020-03-19 15:08:42 - [TEST_STEP][PASSED] - if (varCustomFieldType == "Checkbox"): Text 'Maxout_Char Checkbox_NM1 !@#$%CB10' is set on object 'Object Repository/ADMIN/Custom Item Fields Page/a_Checkbox/textfield_option10'

2020-03-19 15:08:42 - [TEST_STEP][PASSED] - waitForElementVisible(findTestObject("ADMIN/Custom Item Fields Page/a_Default/dropdown_fieldtype"), 0, CONTINUE_ON_FAILURE): Object 'Object Repository/ADMIN/Custom Item Fields Page/a_Default/dropdown_fieldtype' is visible

2020-03-19 15:08:42 - [MESSAGE][WARNING] - Timeout '0' is invalid. Using default page load timeout: '30'

2020-03-19 15:08:42 - [MESSAGE][PASSED] - Object 'Object Repository/ADMIN/Custom Item Fields Page/a_Default/dropdown_fieldtype' is visible

2020-03-19 15:08:42 - [TEST_STEP][PASSED] - selectOptionByLabel(findTestObject("ADMIN/Custom Item Fields Page/a_Default/dropdown_fieldtype"), "Checkbox", false): All options with label 'Checkbox' are selected in object 'Object Repository/ADMIN/Custom Item Fields Page/a_Default/dropdown_fieldtype' 

2020-03-19 15:08:42 - [MESSAGE][PASSED] - All options with label 'Checkbox' are selected in object 'Object Repository/ADMIN/Custom Item Fields Page/a_Default/dropdown_fieldtype' 

2020-03-19 15:08:42 - [TEST_STEP][PASSED] - waitForElementVisible(findTestObject("ADMIN/Custom Item Fields Page/a_Checkbox/button_addoption"), 0): Object 'Object Repository/ADMIN/Custom Item Fields Page/a_Checkbox/button_addoption' is visible

2020-03-19 15:08:42 - [MESSAGE][WARNING] - Timeout '0' is invalid. Using default page load timeout: '30'

2020-03-19 15:08:42 - [MESSAGE][PASSED] - Object 'Object Repository/ADMIN/Custom Item Fields Page/a_Checkbox/button_addoption' is visible

2020-03-19 15:08:42 - [TEST_STEP][PASSED] - for ([r = 0, r <= 7, (r++)]): Object: 'Object Repository/ADMIN/Custom Item Fields Page/a_Checkbox/button_addoption' is clicked on

2020-03-19 15:08:42 - [TEST_STEP][PASSED] - click(findTestObject("ADMIN/Custom Item Fields Page/a_Checkbox/button_addoption"), STOP_ON_FAILURE): Object: 'Object Repository/ADMIN/Custom Item Fields Page/a_Checkbox/button_addoption' is clicked on

2020-03-19 15:08:43 - [MESSAGE][PASSED] - Object: 'Object Repository/ADMIN/Custom Item Fields Page/a_Checkbox/button_addoption' is clicked on

2020-03-19 15:08:43 - [TEST_STEP][PASSED] - click(findTestObject("ADMIN/Custom Item Fields Page/a_Checkbox/button_addoption"), STOP_ON_FAILURE): Object: 'Object Repository/ADMIN/Custom Item Fields Page/a_Checkbox/button_addoption' is clicked on

2020-03-19 15:08:43 - [MESSAGE][PASSED] - Object: 'Object Repository/ADMIN/Custom Item Fields Page/a_Checkbox/button_addoption' is clicked on

2020-03-19 15:08:43 - [TEST_STEP][PASSED] - click(findTestObject("ADMIN/Custom Item Fields Page/a_Checkbox/button_addoption"), STOP_ON_FAILURE): Object: 'Object Repository/ADMIN/Custom Item Fields Page/a_Checkbox/button_addoption' is clicked on

2020-03-19 15:08:43 - [MESSAGE][PASSED] - Object: 'Object Repository/ADMIN/Custom Item Fields Page/a_Checkbox/button_addoption' is clicked on

2020-03-19 15:08:43 - [TEST_STEP][PASSED] - click(findTestObject("ADMIN/Custom Item Fields Page/a_Checkbox/button_addoption"), STOP_ON_FAILURE): Object: 'Object Repository/ADMIN/Custom Item Fields Page/a_Checkbox/button_addoption' is clicked on

2020-03-19 15:08:43 - [MESSAGE][PASSED] - Object: 'Object Repository/ADMIN/Custom Item Fields Page/a_Checkbox/button_addoption' is clicked on

2020-03-19 15:08:43 - [TEST_STEP][PASSED] - click(findTestObject("ADMIN/Custom Item Fields Page/a_Checkbox/button_addoption"), STOP_ON_FAILURE): Object: 'Object Repository/ADMIN/Custom Item Fields Page/a_Checkbox/button_addoption' is clicked on

2020-03-19 15:08:43 - [MESSAGE][PASSED] - Object: 'Object Repository/ADMIN/Custom Item Fields Page/a_Checkbox/button_addoption' is clicked on

2020-03-19 15:08:43 - [TEST_STEP][PASSED] - click(findTestObject("ADMIN/Custom Item Fields Page/a_Checkbox/button_addoption"), STOP_ON_FAILURE): Object: 'Object Repository/ADMIN/Custom Item Fields Page/a_Checkbox/button_addoption' is clicked on

2020-03-19 15:08:43 - [MESSAGE][PASSED] - Object: 'Object Repository/ADMIN/Custom Item Fields Page/a_Checkbox/button_addoption' is clicked on

2020-03-19 15:08:43 - [TEST_STEP][PASSED] - click(findTestObject("ADMIN/Custom Item Fields Page/a_Checkbox/button_addoption"), STOP_ON_FAILURE): Object: 'Object Repository/ADMIN/Custom Item Fields Page/a_Checkbox/button_addoption' is clicked on

2020-03-19 15:08:43 - [MESSAGE][PASSED] - Object: 'Object Repository/ADMIN/Custom Item Fields Page/a_Checkbox/button_addoption' is clicked on

2020-03-19 15:08:43 - [TEST_STEP][PASSED] - click(findTestObject("ADMIN/Custom Item Fields Page/a_Checkbox/button_addoption"), STOP_ON_FAILURE): Object: 'Object Repository/ADMIN/Custom Item Fields Page/a_Checkbox/button_addoption' is clicked on

2020-03-19 15:08:43 - [MESSAGE][PASSED] - Object: 'Object Repository/ADMIN/Custom Item Fields Page/a_Checkbox/button_addoption' is clicked on

2020-03-19 15:08:43 - [TEST_STEP][PASSED] - comment("Add Option"): Add Option

2020-03-19 15:08:43 - [MESSAGE][INFO] - Add Option

2020-03-19 15:08:43 - [TEST_STEP][PASSED] - setText(findTestObject("ADMIN/Custom Item Fields Page/a_Checkbox/textfield_option1"), varCustomFieldName + "CB1"): Text 'Maxout_Char Checkbox_NM1 !@#$%CB1' is set on object 'Object Repository/ADMIN/Custom Item Fields Page/a_Checkbox/textfield_option1'

2020-03-19 15:08:44 - [MESSAGE][PASSED] - Text 'Maxout_Char Checkbox_NM1 !@#$%CB1' is set on object 'Object Repository/ADMIN/Custom Item Fields Page/a_Checkbox/textfield_option1'

2020-03-19 15:08:44 - [TEST_STEP][PASSED] - setText(findTestObject("ADMIN/Custom Item Fields Page/a_Checkbox/textfield_option2"), varCustomFieldName + "CB2"): Text 'Maxout_Char Checkbox_NM1 !@#$%CB2' is set on object 'Object Repository/ADMIN/Custom Item Fields Page/a_Checkbox/textfield_option2'

2020-03-19 15:08:44 - [MESSAGE][PASSED] - Text 'Maxout_Char Checkbox_NM1 !@#$%CB2' is set on object 'Object Repository/ADMIN/Custom Item Fields Page/a_Checkbox/textfield_option2'

2020-03-19 15:08:44 - [TEST_STEP][PASSED] - setText(findTestObject("ADMIN/Custom Item Fields Page/a_Checkbox/textfield_option3"), varCustomFieldName + "CB3"): Text 'Maxout_Char Checkbox_NM1 !@#$%CB3' is set on object 'Object Repository/ADMIN/Custom Item Fields Page/a_Checkbox/textfield_option3'

2020-03-19 15:08:45 - [MESSAGE][PASSED] - Text 'Maxout_Char Checkbox_NM1 !@#$%CB3' is set on object 'Object Repository/ADMIN/Custom Item Fields Page/a_Checkbox/textfield_option3'

2020-03-19 15:08:45 - [TEST_STEP][PASSED] - setText(findTestObject("ADMIN/Custom Item Fields Page/a_Checkbox/textfield_option4"), varCustomFieldName + "CB4"): Text 'Maxout_Char Checkbox_NM1 !@#$%CB4' is set on object 'Object Repository/ADMIN/Custom Item Fields Page/a_Checkbox/textfield_option4'

2020-03-19 15:08:45 - [MESSAGE][PASSED] - Text 'Maxout_Char Checkbox_NM1 !@#$%CB4' is set on object 'Object Repository/ADMIN/Custom Item Fields Page/a_Checkbox/textfield_option4'

2020-03-19 15:08:45 - [TEST_STEP][PASSED] - setText(findTestObject("ADMIN/Custom Item Fields Page/a_Checkbox/textfield_option5"), varCustomFieldName + "CB5"): Text 'Maxout_Char Checkbox_NM1 !@#$%CB5' is set on object 'Object Repository/ADMIN/Custom Item Fields Page/a_Checkbox/textfield_option5'

2020-03-19 15:08:46 - [MESSAGE][PASSED] - Text 'Maxout_Char Checkbox_NM1 !@#$%CB5' is set on object 'Object Repository/ADMIN/Custom Item Fields Page/a_Checkbox/textfield_option5'

2020-03-19 15:08:46 - [TEST_STEP][PASSED] - setText(findTestObject("ADMIN/Custom Item Fields Page/a_Checkbox/textfield_option6"), varCustomFieldName + "CB6"): Text 'Maxout_Char Checkbox_NM1 !@#$%CB6' is set on object 'Object Repository/ADMIN/Custom Item Fields Page/a_Checkbox/textfield_option6'

2020-03-19 15:08:46 - [MESSAGE][PASSED] - Text 'Maxout_Char Checkbox_NM1 !@#$%CB6' is set on object 'Object Repository/ADMIN/Custom Item Fields Page/a_Checkbox/textfield_option6'

2020-03-19 15:08:46 - [TEST_STEP][PASSED] - setText(findTestObject("ADMIN/Custom Item Fields Page/a_Checkbox/textfield_option7"), varCustomFieldName + "CB7"): Text 'Maxout_Char Checkbox_NM1 !@#$%CB7' is set on object 'Object Repository/ADMIN/Custom Item Fields Page/a_Checkbox/textfield_option7'

2020-03-19 15:08:47 - [MESSAGE][PASSED] - Text 'Maxout_Char Checkbox_NM1 !@#$%CB7' is set on object 'Object Repository/ADMIN/Custom Item Fields Page/a_Checkbox/textfield_option7'

2020-03-19 15:08:47 - [TEST_STEP][PASSED] - setText(findTestObject("ADMIN/Custom Item Fields Page/a_Checkbox/textfield_option8"), varCustomFieldName + "CB8"): Text 'Maxout_Char Checkbox_NM1 !@#$%CB8' is set on object 'Object Repository/ADMIN/Custom Item Fields Page/a_Checkbox/textfield_option8'

2020-03-19 15:08:47 - [MESSAGE][PASSED] - Text 'Maxout_Char Checkbox_NM1 !@#$%CB8' is set on object 'Object Repository/ADMIN/Custom Item Fields Page/a_Checkbox/textfield_option8'

2020-03-19 15:08:47 - [TEST_STEP][PASSED] - setText(findTestObject("ADMIN/Custom Item Fields Page/a_Checkbox/textfield_option9"), varCustomFieldName + "CB9"): Text 'Maxout_Char Checkbox_NM1 !@#$%CB9' is set on object 'Object Repository/ADMIN/Custom Item Fields Page/a_Checkbox/textfield_option9'

2020-03-19 15:08:47 - [MESSAGE][PASSED] - Text 'Maxout_Char Checkbox_NM1 !@#$%CB9' is set on object 'Object Repository/ADMIN/Custom Item Fields Page/a_Checkbox/textfield_option9'

2020-03-19 15:08:47 - [TEST_STEP][PASSED] - setText(findTestObject("ADMIN/Custom Item Fields Page/a_Checkbox/textfield_option10"), varCustomFieldName + "CB10"): Text 'Maxout_Char Checkbox_NM1 !@#$%CB10' is set on object 'Object Repository/ADMIN/Custom Item Fields Page/a_Checkbox/textfield_option10'

2020-03-19 15:08:48 - [MESSAGE][PASSED] - Text 'Maxout_Char Checkbox_NM1 !@#$%CB10' is set on object 'Object Repository/ADMIN/Custom Item Fields Page/a_Checkbox/textfield_option10'

2020-03-19 15:08:48 - [TEST_STEP][PASSED] - comment("Field Name"): Field Name

2020-03-19 15:08:48 - [MESSAGE][INFO] - Field Name

2020-03-19 15:08:48 - [TEST_STEP][PASSED] - setText(findTestObject("ADMIN/Custom Item Fields Page/a_Default/textfield_fieldname"), varCustomFieldName): Text 'Maxout_Char Checkbox_NM1 !@#$%' is set on object 'Object Repository/ADMIN/Custom Item Fields Page/a_Default/textfield_fieldname'

2020-03-19 15:08:48 - [MESSAGE][PASSED] - Text 'Maxout_Char Checkbox_NM1 !@#$%' is set on object 'Object Repository/ADMIN/Custom Item Fields Page/a_Default/textfield_fieldname'

2020-03-19 15:08:48 - [TEST_STEP][PASSED] - comment("Mandatory/NonMandatory"): Mandatory/NonMandatory

2020-03-19 15:08:48 - [MESSAGE][INFO] - Mandatory/NonMandatory

2020-03-19 15:08:48 - [TEST_STEP][PASSED] - if (varMandatoryNonMandatory == "mandatory"): null

2020-03-19 15:08:48 - [TEST_STEP][PASSED] - else if (varMandatoryNonMandatory == "non-mandatory"): Object: 'Object Repository/ADMIN/Custom Item Fields Page/a_Default/togglebutton_mandatory' is clicked on

2020-03-19 15:08:48 - [TEST_STEP][PASSED] - waitForElementVisible(findTestObject("ADMIN/Custom Item Fields Page/a_Default/togglebutton_mandatory"), 0, CONTINUE_ON_FAILURE): Object 'Object Repository/ADMIN/Custom Item Fields Page/a_Default/togglebutton_mandatory' is visible

2020-03-19 15:08:48 - [MESSAGE][WARNING] - Timeout '0' is invalid. Using default page load timeout: '30'

2020-03-19 15:08:49 - [MESSAGE][PASSED] - Object 'Object Repository/ADMIN/Custom Item Fields Page/a_Default/togglebutton_mandatory' is visible

2020-03-19 15:08:49 - [TEST_STEP][PASSED] - click(findTestObject("ADMIN/Custom Item Fields Page/a_Default/togglebutton_mandatory")): Object: 'Object Repository/ADMIN/Custom Item Fields Page/a_Default/togglebutton_mandatory' is clicked on

2020-03-19 15:08:49 - [MESSAGE][PASSED] - Object: 'Object Repository/ADMIN/Custom Item Fields Page/a_Default/togglebutton_mandatory' is clicked on

2020-03-19 15:08:49 - [TEST_STEP][PASSED] - comment("Assign Category"): Assign Category

2020-03-19 15:08:49 - [MESSAGE][INFO] - Assign Category

2020-03-19 15:08:49 - [TEST_STEP][PASSED] - click(findTestObject("ADMIN/Custom Item Fields Page/a_Default/button_SelectCategories")): Object: 'Object Repository/ADMIN/Custom Item Fields Page/a_Default/button_SelectCategories' is clicked on

2020-03-19 15:08:49 - [MESSAGE][PASSED] - Object: 'Object Repository/ADMIN/Custom Item Fields Page/a_Default/button_SelectCategories' is clicked on

2020-03-19 15:08:49 - [TEST_STEP][PASSED] - waitForElementVisible(findTestObject("ADMIN/Custom Item Fields List Page/a_SelectCategories/searchbox_Category"), 0): Object 'Object Repository/ADMIN/Custom Item Fields List Page/a_SelectCategories/searchbox_Category' is visible

2020-03-19 15:08:49 - [MESSAGE][WARNING] - Timeout '0' is invalid. Using default page load timeout: '30'

2020-03-19 15:08:50 - [MESSAGE][PASSED] - Object 'Object Repository/ADMIN/Custom Item Fields List Page/a_SelectCategories/searchbox_Category' is visible

2020-03-19 15:08:50 - [TEST_STEP][PASSED] - comment("Category Assignment"): Category Assignment

2020-03-19 15:08:50 - [MESSAGE][INFO] - Category Assignment

2020-03-19 15:08:50 - [TEST_STEP][PASSED] - if (varAssignedCategory == "All Cat"): null

2020-03-19 15:08:50 - [TEST_STEP][PASSED] - click(findTestObject("ADMIN/Custom Item Fields List Page/a_SelectCategories/button_Save"), STOP_ON_FAILURE): Object: 'Object Repository/ADMIN/Custom Item Fields List Page/a_SelectCategories/button_Save' is clicked on

2020-03-19 15:08:50 - [MESSAGE][PASSED] - Object: 'Object Repository/ADMIN/Custom Item Fields List Page/a_SelectCategories/button_Save' is clicked on

2020-03-19 15:08:50 - [TEST_STEP][PASSED] - delay(2, CONTINUE_ON_FAILURE): Delayed 2 second(s)

2020-03-19 15:08:52 - [MESSAGE][PASSED] - Delayed 2 second(s)

2020-03-19 15:08:52 - [TEST_STEP][PASSED] - click(findTestObject("ADMIN/Custom Item Fields Page/a_Default/button_Save1"), STOP_ON_FAILURE): Object: 'Object Repository/ADMIN/Custom Item Fields Page/a_Default/button_Save1' is clicked on

2020-03-19 15:08:52 - [MESSAGE][PASSED] - Object: 'Object Repository/ADMIN/Custom Item Fields Page/a_Default/button_Save1' is clicked on

2020-03-19 15:08:52 - [TEST_STEP][PASSED] - waitForElementVisible(findTestObject("ADMIN/Custom Item Fields List Page/button_Add Field"), 0): Object 'Object Repository/ADMIN/Custom Item Fields List Page/button_Add Field' is visible

2020-03-19 15:08:52 - [MESSAGE][WARNING] - Timeout '0' is invalid. Using default page load timeout: '30'

2020-03-19 15:08:55 - [MESSAGE][PASSED] - Object 'Object Repository/ADMIN/Custom Item Fields List Page/button_Add Field' is visible]]></system-out>
         <system-err><![CDATA[]]></system-err>
      </testcase>
      <testcase name="Test Cases/ADMIN/Custom Fields Page/Add Custom Item Fields/Add_CF_DataDriven" time="8.615" classname="Test Cases/ADMIN/Custom Fields Page/Add Custom Item Fields/Add_CF_DataDriven" status="PASSED">
         <system-out><![CDATA[2020-03-19 15:08:55 - [TEST_CASE][PASSED] - Test Cases/ADMIN/Custom Fields Page/Add Custom Item Fields/Add_CF_DataDriven: Test Cases/ADMIN/Custom Fields Page/Add Custom Item Fields/Add_CF_DataDriven

2020-03-19 15:08:55 - [TEST_STEP][PASSED] - waitForElementVisible(findTestObject("ADMIN/Custom Item Fields List Page/button_Add Field"), 0): Object 'Object Repository/ADMIN/Custom Item Fields List Page/button_Add Field' is visible

2020-03-19 15:08:55 - [MESSAGE][WARNING] - Timeout '0' is invalid. Using default page load timeout: '30'

2020-03-19 15:08:55 - [MESSAGE][PASSED] - Object 'Object Repository/ADMIN/Custom Item Fields List Page/button_Add Field' is visible

2020-03-19 15:08:55 - [TEST_STEP][PASSED] - click(findTestObject("ADMIN/Custom Item Fields List Page/button_Add Field"), STOP_ON_FAILURE): Object: 'Object Repository/ADMIN/Custom Item Fields List Page/button_Add Field' is clicked on

2020-03-19 15:08:56 - [MESSAGE][PASSED] - Object: 'Object Repository/ADMIN/Custom Item Fields List Page/button_Add Field' is clicked on

2020-03-19 15:08:56 - [TEST_STEP][PASSED] - comment("Choose Field Type"): Choose Field Type

2020-03-19 15:08:56 - [MESSAGE][INFO] - Choose Field Type

2020-03-19 15:08:56 - [TEST_STEP][PASSED] - if (varCustomFieldType == "Checkbox"): null

2020-03-19 15:08:56 - [TEST_STEP][PASSED] - else if (varCustomFieldType == "Date / Time picker"): null

2020-03-19 15:08:56 - [TEST_STEP][PASSED] - else if (varCustomFieldType == "Drop Down"): null

2020-03-19 15:08:56 - [TEST_STEP][PASSED] - else if (varCustomFieldType == "Email"): null

2020-03-19 15:08:56 - [TEST_STEP][PASSED] - else if (varCustomFieldType == "Embed Video"): null

2020-03-19 15:08:56 - [TEST_STEP][PASSED] - else if (varCustomFieldType == "Hyperlink / URL"): null

2020-03-19 15:08:56 - [TEST_STEP][PASSED] - else if (varCustomFieldType == "Location"): null

2020-03-19 15:08:56 - [TEST_STEP][PASSED] - else if (varCustomFieldType == "Number"): null

2020-03-19 15:08:56 - [TEST_STEP][PASSED] - else if (varCustomFieldType == "PDF File"): null

2020-03-19 15:08:56 - [TEST_STEP][PASSED] - else if (varCustomFieldType == "Percentage"): null

2020-03-19 15:08:56 - [TEST_STEP][PASSED] - else if (varCustomFieldType == "Text Editor"): null

2020-03-19 15:08:56 - [TEST_STEP][PASSED] - else if (varCustomFieldType == "Text Field"): All options with label 'Text Field' are selected in object 'Object Repository/ADMIN/Custom Item Fields Page/a_Default/dropdown_fieldtype' 

2020-03-19 15:08:56 - [TEST_STEP][PASSED] - waitForElementVisible(findTestObject("ADMIN/Custom Item Fields Page/a_Default/dropdown_fieldtype"), 0, CONTINUE_ON_FAILURE): Object 'Object Repository/ADMIN/Custom Item Fields Page/a_Default/dropdown_fieldtype' is visible

2020-03-19 15:08:56 - [MESSAGE][WARNING] - Timeout '0' is invalid. Using default page load timeout: '30'

2020-03-19 15:08:56 - [MESSAGE][PASSED] - Object 'Object Repository/ADMIN/Custom Item Fields Page/a_Default/dropdown_fieldtype' is visible

2020-03-19 15:08:56 - [TEST_STEP][PASSED] - selectOptionByLabel(findTestObject("ADMIN/Custom Item Fields Page/a_Default/dropdown_fieldtype"), "Text Field", false): All options with label 'Text Field' are selected in object 'Object Repository/ADMIN/Custom Item Fields Page/a_Default/dropdown_fieldtype' 

2020-03-19 15:08:57 - [MESSAGE][PASSED] - All options with label 'Text Field' are selected in object 'Object Repository/ADMIN/Custom Item Fields Page/a_Default/dropdown_fieldtype' 

2020-03-19 15:08:57 - [TEST_STEP][PASSED] - comment("Field Name"): Field Name

2020-03-19 15:08:57 - [MESSAGE][INFO] - Field Name

2020-03-19 15:08:57 - [TEST_STEP][PASSED] - setText(findTestObject("ADMIN/Custom Item Fields Page/a_Default/textfield_fieldname"), varCustomFieldName): Text 'Custom Field For Edit' is set on object 'Object Repository/ADMIN/Custom Item Fields Page/a_Default/textfield_fieldname'

2020-03-19 15:08:57 - [MESSAGE][PASSED] - Text 'Custom Field For Edit' is set on object 'Object Repository/ADMIN/Custom Item Fields Page/a_Default/textfield_fieldname'

2020-03-19 15:08:57 - [TEST_STEP][PASSED] - comment("Mandatory/NonMandatory"): Mandatory/NonMandatory

2020-03-19 15:08:57 - [MESSAGE][INFO] - Mandatory/NonMandatory

2020-03-19 15:08:57 - [TEST_STEP][PASSED] - if (varMandatoryNonMandatory == "mandatory"): null

2020-03-19 15:08:57 - [TEST_STEP][PASSED] - else if (varMandatoryNonMandatory == "non-mandatory"): Object: 'Object Repository/ADMIN/Custom Item Fields Page/a_Default/togglebutton_mandatory' is clicked on

2020-03-19 15:08:57 - [TEST_STEP][PASSED] - waitForElementVisible(findTestObject("ADMIN/Custom Item Fields Page/a_Default/togglebutton_mandatory"), 0, CONTINUE_ON_FAILURE): Object 'Object Repository/ADMIN/Custom Item Fields Page/a_Default/togglebutton_mandatory' is visible

2020-03-19 15:08:57 - [MESSAGE][WARNING] - Timeout '0' is invalid. Using default page load timeout: '30'

2020-03-19 15:08:57 - [MESSAGE][PASSED] - Object 'Object Repository/ADMIN/Custom Item Fields Page/a_Default/togglebutton_mandatory' is visible

2020-03-19 15:08:57 - [TEST_STEP][PASSED] - click(findTestObject("ADMIN/Custom Item Fields Page/a_Default/togglebutton_mandatory")): Object: 'Object Repository/ADMIN/Custom Item Fields Page/a_Default/togglebutton_mandatory' is clicked on

2020-03-19 15:08:57 - [MESSAGE][PASSED] - Object: 'Object Repository/ADMIN/Custom Item Fields Page/a_Default/togglebutton_mandatory' is clicked on

2020-03-19 15:08:57 - [TEST_STEP][PASSED] - comment("Assign Category"): Assign Category

2020-03-19 15:08:57 - [MESSAGE][INFO] - Assign Category

2020-03-19 15:08:57 - [TEST_STEP][PASSED] - click(findTestObject("ADMIN/Custom Item Fields Page/a_Default/button_SelectCategories")): Object: 'Object Repository/ADMIN/Custom Item Fields Page/a_Default/button_SelectCategories' is clicked on

2020-03-19 15:08:57 - [MESSAGE][PASSED] - Object: 'Object Repository/ADMIN/Custom Item Fields Page/a_Default/button_SelectCategories' is clicked on

2020-03-19 15:08:57 - [TEST_STEP][PASSED] - waitForElementVisible(findTestObject("ADMIN/Custom Item Fields List Page/a_SelectCategories/searchbox_Category"), 0): Object 'Object Repository/ADMIN/Custom Item Fields List Page/a_SelectCategories/searchbox_Category' is visible

2020-03-19 15:08:57 - [MESSAGE][WARNING] - Timeout '0' is invalid. Using default page load timeout: '30'

2020-03-19 15:08:58 - [MESSAGE][PASSED] - Object 'Object Repository/ADMIN/Custom Item Fields List Page/a_SelectCategories/searchbox_Category' is visible

2020-03-19 15:08:58 - [TEST_STEP][PASSED] - comment("Category Assignment"): Category Assignment

2020-03-19 15:08:58 - [MESSAGE][INFO] - Category Assignment

2020-03-19 15:08:58 - [TEST_STEP][PASSED] - if (varAssignedCategory == "All Cat"): Object: 'Object Repository/ADMIN/Custom Item Fields List Page/a_SelectCategories/linktext_SelectAll' is clicked on

2020-03-19 15:08:58 - [TEST_STEP][PASSED] - waitForElementVisible(findTestObject("ADMIN/Custom Item Fields List Page/a_SelectCategories/linktext_SelectAll"), 0): Object 'Object Repository/ADMIN/Custom Item Fields List Page/a_SelectCategories/linktext_SelectAll' is visible

2020-03-19 15:08:58 - [MESSAGE][WARNING] - Timeout '0' is invalid. Using default page load timeout: '30'

2020-03-19 15:08:58 - [MESSAGE][PASSED] - Object 'Object Repository/ADMIN/Custom Item Fields List Page/a_SelectCategories/linktext_SelectAll' is visible

2020-03-19 15:08:58 - [TEST_STEP][PASSED] - click(findTestObject("ADMIN/Custom Item Fields List Page/a_SelectCategories/linktext_SelectAll"), CONTINUE_ON_FAILURE): Object: 'Object Repository/ADMIN/Custom Item Fields List Page/a_SelectCategories/linktext_SelectAll' is clicked on

2020-03-19 15:08:58 - [MESSAGE][PASSED] - Object: 'Object Repository/ADMIN/Custom Item Fields List Page/a_SelectCategories/linktext_SelectAll' is clicked on

2020-03-19 15:08:58 - [TEST_STEP][PASSED] - click(findTestObject("ADMIN/Custom Item Fields List Page/a_SelectCategories/button_Save"), STOP_ON_FAILURE): Object: 'Object Repository/ADMIN/Custom Item Fields List Page/a_SelectCategories/button_Save' is clicked on

2020-03-19 15:08:59 - [MESSAGE][PASSED] - Object: 'Object Repository/ADMIN/Custom Item Fields List Page/a_SelectCategories/button_Save' is clicked on

2020-03-19 15:08:59 - [TEST_STEP][PASSED] - delay(2, CONTINUE_ON_FAILURE): Delayed 2 second(s)

2020-03-19 15:09:01 - [MESSAGE][PASSED] - Delayed 2 second(s)

2020-03-19 15:09:01 - [TEST_STEP][PASSED] - click(findTestObject("ADMIN/Custom Item Fields Page/a_Default/button_Save1"), STOP_ON_FAILURE): Object: 'Object Repository/ADMIN/Custom Item Fields Page/a_Default/button_Save1' is clicked on

2020-03-19 15:09:01 - [MESSAGE][PASSED] - Object: 'Object Repository/ADMIN/Custom Item Fields Page/a_Default/button_Save1' is clicked on

2020-03-19 15:09:01 - [TEST_STEP][PASSED] - waitForElementVisible(findTestObject("ADMIN/Custom Item Fields List Page/button_Add Field"), 0): Object 'Object Repository/ADMIN/Custom Item Fields List Page/button_Add Field' is visible

2020-03-19 15:09:01 - [MESSAGE][WARNING] - Timeout '0' is invalid. Using default page load timeout: '30'

2020-03-19 15:09:03 - [MESSAGE][PASSED] - Object 'Object Repository/ADMIN/Custom Item Fields List Page/button_Add Field' is visible]]></system-out>
         <system-err><![CDATA[]]></system-err>
      </testcase>
      <testcase name="Test Cases/ADMIN/Custom Fields Page/Add Custom Item Fields/Add_CF_DataDriven" time="8.359" classname="Test Cases/ADMIN/Custom Fields Page/Add Custom Item Fields/Add_CF_DataDriven" status="PASSED">
         <system-out><![CDATA[2020-03-19 15:09:03 - [TEST_CASE][PASSED] - Test Cases/ADMIN/Custom Fields Page/Add Custom Item Fields/Add_CF_DataDriven: Test Cases/ADMIN/Custom Fields Page/Add Custom Item Fields/Add_CF_DataDriven

2020-03-19 15:09:03 - [TEST_STEP][PASSED] - waitForElementVisible(findTestObject("ADMIN/Custom Item Fields List Page/button_Add Field"), 0): Object 'Object Repository/ADMIN/Custom Item Fields List Page/button_Add Field' is visible

2020-03-19 15:09:03 - [MESSAGE][WARNING] - Timeout '0' is invalid. Using default page load timeout: '30'

2020-03-19 15:09:03 - [MESSAGE][PASSED] - Object 'Object Repository/ADMIN/Custom Item Fields List Page/button_Add Field' is visible

2020-03-19 15:09:03 - [TEST_STEP][PASSED] - click(findTestObject("ADMIN/Custom Item Fields List Page/button_Add Field"), STOP_ON_FAILURE): Object: 'Object Repository/ADMIN/Custom Item Fields List Page/button_Add Field' is clicked on

2020-03-19 15:09:04 - [MESSAGE][PASSED] - Object: 'Object Repository/ADMIN/Custom Item Fields List Page/button_Add Field' is clicked on

2020-03-19 15:09:04 - [TEST_STEP][PASSED] - comment("Choose Field Type"): Choose Field Type

2020-03-19 15:09:04 - [MESSAGE][INFO] - Choose Field Type

2020-03-19 15:09:04 - [TEST_STEP][PASSED] - if (varCustomFieldType == "Checkbox"): null

2020-03-19 15:09:04 - [TEST_STEP][PASSED] - else if (varCustomFieldType == "Date / Time picker"): null

2020-03-19 15:09:04 - [TEST_STEP][PASSED] - else if (varCustomFieldType == "Drop Down"): null

2020-03-19 15:09:04 - [TEST_STEP][PASSED] - else if (varCustomFieldType == "Email"): null

2020-03-19 15:09:04 - [TEST_STEP][PASSED] - else if (varCustomFieldType == "Embed Video"): null

2020-03-19 15:09:04 - [TEST_STEP][PASSED] - else if (varCustomFieldType == "Hyperlink / URL"): null

2020-03-19 15:09:04 - [TEST_STEP][PASSED] - else if (varCustomFieldType == "Location"): null

2020-03-19 15:09:04 - [TEST_STEP][PASSED] - else if (varCustomFieldType == "Number"): null

2020-03-19 15:09:04 - [TEST_STEP][PASSED] - else if (varCustomFieldType == "PDF File"): null

2020-03-19 15:09:04 - [TEST_STEP][PASSED] - else if (varCustomFieldType == "Percentage"): null

2020-03-19 15:09:04 - [TEST_STEP][PASSED] - else if (varCustomFieldType == "Text Editor"): null

2020-03-19 15:09:04 - [TEST_STEP][PASSED] - else if (varCustomFieldType == "Text Field"): All options with label 'Text Field' are selected in object 'Object Repository/ADMIN/Custom Item Fields Page/a_Default/dropdown_fieldtype' 

2020-03-19 15:09:04 - [TEST_STEP][PASSED] - waitForElementVisible(findTestObject("ADMIN/Custom Item Fields Page/a_Default/dropdown_fieldtype"), 0, CONTINUE_ON_FAILURE): Object 'Object Repository/ADMIN/Custom Item Fields Page/a_Default/dropdown_fieldtype' is visible

2020-03-19 15:09:05 - [MESSAGE][WARNING] - Timeout '0' is invalid. Using default page load timeout: '30'

2020-03-19 15:09:05 - [MESSAGE][PASSED] - Object 'Object Repository/ADMIN/Custom Item Fields Page/a_Default/dropdown_fieldtype' is visible

2020-03-19 15:09:05 - [TEST_STEP][PASSED] - selectOptionByLabel(findTestObject("ADMIN/Custom Item Fields Page/a_Default/dropdown_fieldtype"), "Text Field", false): All options with label 'Text Field' are selected in object 'Object Repository/ADMIN/Custom Item Fields Page/a_Default/dropdown_fieldtype' 

2020-03-19 15:09:05 - [MESSAGE][PASSED] - All options with label 'Text Field' are selected in object 'Object Repository/ADMIN/Custom Item Fields Page/a_Default/dropdown_fieldtype' 

2020-03-19 15:09:05 - [TEST_STEP][PASSED] - comment("Field Name"): Field Name

2020-03-19 15:09:05 - [MESSAGE][INFO] - Field Name

2020-03-19 15:09:05 - [TEST_STEP][PASSED] - setText(findTestObject("ADMIN/Custom Item Fields Page/a_Default/textfield_fieldname"), varCustomFieldName): Text 'Custom Field For Delete' is set on object 'Object Repository/ADMIN/Custom Item Fields Page/a_Default/textfield_fieldname'

2020-03-19 15:09:06 - [MESSAGE][PASSED] - Text 'Custom Field For Delete' is set on object 'Object Repository/ADMIN/Custom Item Fields Page/a_Default/textfield_fieldname'

2020-03-19 15:09:06 - [TEST_STEP][PASSED] - comment("Mandatory/NonMandatory"): Mandatory/NonMandatory

2020-03-19 15:09:06 - [MESSAGE][INFO] - Mandatory/NonMandatory

2020-03-19 15:09:06 - [TEST_STEP][PASSED] - if (varMandatoryNonMandatory == "mandatory"): Object 'Object Repository/ADMIN/Custom Item Fields Page/a_Default/togglebutton_mandatory' is visible

2020-03-19 15:09:06 - [TEST_STEP][PASSED] - waitForElementVisible(findTestObject("ADMIN/Custom Item Fields Page/a_Default/togglebutton_mandatory"), 0, CONTINUE_ON_FAILURE): Object 'Object Repository/ADMIN/Custom Item Fields Page/a_Default/togglebutton_mandatory' is visible

2020-03-19 15:09:06 - [MESSAGE][WARNING] - Timeout '0' is invalid. Using default page load timeout: '30'

2020-03-19 15:09:06 - [MESSAGE][PASSED] - Object 'Object Repository/ADMIN/Custom Item Fields Page/a_Default/togglebutton_mandatory' is visible

2020-03-19 15:09:06 - [TEST_STEP][PASSED] - comment("Assign Category"): Assign Category

2020-03-19 15:09:06 - [MESSAGE][INFO] - Assign Category

2020-03-19 15:09:06 - [TEST_STEP][PASSED] - click(findTestObject("ADMIN/Custom Item Fields Page/a_Default/button_SelectCategories")): Object: 'Object Repository/ADMIN/Custom Item Fields Page/a_Default/button_SelectCategories' is clicked on

2020-03-19 15:09:06 - [MESSAGE][PASSED] - Object: 'Object Repository/ADMIN/Custom Item Fields Page/a_Default/button_SelectCategories' is clicked on

2020-03-19 15:09:06 - [TEST_STEP][PASSED] - waitForElementVisible(findTestObject("ADMIN/Custom Item Fields List Page/a_SelectCategories/searchbox_Category"), 0): Object 'Object Repository/ADMIN/Custom Item Fields List Page/a_SelectCategories/searchbox_Category' is visible

2020-03-19 15:09:06 - [MESSAGE][WARNING] - Timeout '0' is invalid. Using default page load timeout: '30'

2020-03-19 15:09:06 - [MESSAGE][PASSED] - Object 'Object Repository/ADMIN/Custom Item Fields List Page/a_SelectCategories/searchbox_Category' is visible

2020-03-19 15:09:06 - [TEST_STEP][PASSED] - comment("Category Assignment"): Category Assignment

2020-03-19 15:09:06 - [MESSAGE][INFO] - Category Assignment

2020-03-19 15:09:06 - [TEST_STEP][PASSED] - if (varAssignedCategory == "All Cat"): Object: 'Object Repository/ADMIN/Custom Item Fields List Page/a_SelectCategories/linktext_SelectAll' is clicked on

2020-03-19 15:09:06 - [TEST_STEP][PASSED] - waitForElementVisible(findTestObject("ADMIN/Custom Item Fields List Page/a_SelectCategories/linktext_SelectAll"), 0): Object 'Object Repository/ADMIN/Custom Item Fields List Page/a_SelectCategories/linktext_SelectAll' is visible

2020-03-19 15:09:06 - [MESSAGE][WARNING] - Timeout '0' is invalid. Using default page load timeout: '30'

2020-03-19 15:09:06 - [MESSAGE][PASSED] - Object 'Object Repository/ADMIN/Custom Item Fields List Page/a_SelectCategories/linktext_SelectAll' is visible

2020-03-19 15:09:06 - [TEST_STEP][PASSED] - click(findTestObject("ADMIN/Custom Item Fields List Page/a_SelectCategories/linktext_SelectAll"), CONTINUE_ON_FAILURE): Object: 'Object Repository/ADMIN/Custom Item Fields List Page/a_SelectCategories/linktext_SelectAll' is clicked on

2020-03-19 15:09:06 - [MESSAGE][PASSED] - Object: 'Object Repository/ADMIN/Custom Item Fields List Page/a_SelectCategories/linktext_SelectAll' is clicked on

2020-03-19 15:09:06 - [TEST_STEP][PASSED] - click(findTestObject("ADMIN/Custom Item Fields List Page/a_SelectCategories/button_Save"), STOP_ON_FAILURE): Object: 'Object Repository/ADMIN/Custom Item Fields List Page/a_SelectCategories/button_Save' is clicked on

2020-03-19 15:09:07 - [MESSAGE][PASSED] - Object: 'Object Repository/ADMIN/Custom Item Fields List Page/a_SelectCategories/button_Save' is clicked on

2020-03-19 15:09:07 - [TEST_STEP][PASSED] - delay(2, CONTINUE_ON_FAILURE): Delayed 2 second(s)

2020-03-19 15:09:09 - [MESSAGE][PASSED] - Delayed 2 second(s)

2020-03-19 15:09:09 - [TEST_STEP][PASSED] - click(findTestObject("ADMIN/Custom Item Fields Page/a_Default/button_Save1"), STOP_ON_FAILURE): Object: 'Object Repository/ADMIN/Custom Item Fields Page/a_Default/button_Save1' is clicked on

2020-03-19 15:09:09 - [MESSAGE][PASSED] - Object: 'Object Repository/ADMIN/Custom Item Fields Page/a_Default/button_Save1' is clicked on

2020-03-19 15:09:09 - [TEST_STEP][PASSED] - waitForElementVisible(findTestObject("ADMIN/Custom Item Fields List Page/button_Add Field"), 0): Object 'Object Repository/ADMIN/Custom Item Fields List Page/button_Add Field' is visible

2020-03-19 15:09:09 - [MESSAGE][WARNING] - Timeout '0' is invalid. Using default page load timeout: '30'

2020-03-19 15:09:12 - [MESSAGE][PASSED] - Object 'Object Repository/ADMIN/Custom Item Fields List Page/button_Add Field' is visible]]></system-out>
         <system-err><![CDATA[]]></system-err>
      </testcase>
      <system-out><![CDATA[2020-03-19 14:58:17 - [TEST_SUITE][PASSED] - Admin Add Custom Fields: Test Cases/ADMIN/Custom Fields Page/Add Custom Item Fields/Add_CF_DataDriven]]></system-out>
      <system-err><![CDATA[]]></system-err>
   </testsuite>
</testsuites>
