<?xml version="1.0" encoding="UTF-8"?>
<testsuites name="Admin Onboarding Only(SPACETIME)" time="149" tests="10" failures="0" errors="0">
   <testsuite name="Admin Onboarding Only(SPACETIME)" tests="10" failures="0" errors="0" time="149" timestamp="2019-07-09 07:49:10" hostname="Arcadier - Arcadier-PC" id="Test Suites/Admin/Admin Onboarding Only(SPACETIME)">
      <properties>
         <property name="deviceName" value=""/>
         <property name="devicePlatform" value=""/>
         <property name="logFolder" value="C:\\Users\\Arcadier\\git\\Arctick\\Reports\\Admin\\Admin Onboarding Only(SPACETIME)\\20190709_074908"/>
         <property name="logFiles" value="C:\\Users\\Arcadier\\git\\Arctick\\Reports\\Admin\\Admin Onboarding Only(SPACETIME)\\20190709_074908\\execution0.log"/>
         <property name="attachments" value=""/>
         <property name="hostName" value="Arcadier - Arcadier-PC"/>
         <property name="os" value="Windows 7 64bit"/>
         <property name="katalonVersion" value="5.4.2.1"/>
         <property name="browser" value="Chrome 75.0.3770.100"/>
         <property name="hostAddress" value="10.10.31.95"/>
         <property name="sessionId" value="4f4ecf36fd9e9a83e79bcd43654ab9c5"/>
         <property name="seleniumVersion" value="3.7.1"/>
         <property name="proxyInformation" value="ProxyInformation{proxyOption=NO_PROXY, proxyServerType=HTTP, password=, proxyServerAddress=, proxyServerPort=0}"/>
         <property name="platform" value="Windows 7"/>
      </properties>
      <testcase name="Test Cases/ADMIN/Onboarding/Admin_Onboarding_Create_Account" classname="Test Cases/ADMIN/Onboarding/Admin_Onboarding_Create_Account" status="PASSED">
         <system-out><![CDATA[2019-07-09 07:49:11 - [TEST_CASE][PASSED] - Test Cases/ADMIN/Onboarding/Admin_Onboarding_Create_Account: Test Cases/ADMIN/Onboarding/Admin_Onboarding_Create_Account

2019-07-09 07:49:11 - [TEST_STEP][PASSED] - openBrowser: Browser is opened with url: ''

2019-07-09 07:49:13 - [MESSAGE][PASSED] - Browser is opened with url: ''

2019-07-09 07:49:13 - [TEST_STEP][PASSED] - navigateToUrl: Navigate to 'https://www.test.arcadier.io' successfully

2019-07-09 07:49:23 - [MESSAGE][PASSED] - Navigate to 'https://www.test.arcadier.io' successfully

2019-07-09 07:49:23 - [TEST_STEP][PASSED] - maximizeWindow: Current window maximized

2019-07-09 07:49:23 - [MESSAGE][PASSED] - Current window maximized

2019-07-09 07:49:23 - [TEST_STEP][PASSED] - Statement - If (AdminAccountType == "custom"): Object: 'Object Repository/ADMIN/Admin Onboarding Page/Admin Onboarding CustomAcc/Button_Sign_Up' is clicked on

2019-07-09 07:49:23 - [TEST_STEP][PASSED] - click: Object: 'Object Repository/ADMIN/Admin Onboarding Page/Create_Account_Page/Button_Create_Account' is clicked on

2019-07-09 07:49:24 - [MESSAGE][PASSED] - Object: 'Object Repository/ADMIN/Admin Onboarding Page/Create_Account_Page/Button_Create_Account' is clicked on

2019-07-09 07:49:24 - [TEST_STEP][PASSED] - verifyElementPresent: Object 'Object Repository/ADMIN/Admin Onboarding Page/Admin Onboarding CustomAcc/Textbox_Username' is present

2019-07-09 07:49:24 - [MESSAGE][WARNING] - Timeout '0' is invalid. Using default page load timeout: '30'

2019-07-09 07:49:24 - [MESSAGE][PASSED] - Object 'Object Repository/ADMIN/Admin Onboarding Page/Admin Onboarding CustomAcc/Textbox_Username' is present

2019-07-09 07:49:24 - [TEST_STEP][PASSED] - setText: Text '0709SR' is set on object 'Object Repository/ADMIN/Admin Onboarding Page/Admin Onboarding CustomAcc/Textbox_Username'

2019-07-09 07:49:25 - [MESSAGE][PASSED] - Text '0709SR' is set on object 'Object Repository/ADMIN/Admin Onboarding Page/Admin Onboarding CustomAcc/Textbox_Username'

2019-07-09 07:49:25 - [TEST_STEP][PASSED] - setText: Text 'welcome8' is set on object 'Object Repository/ADMIN/Admin Onboarding Page/Admin Onboarding CustomAcc/Textbox_Password'

2019-07-09 07:49:25 - [MESSAGE][PASSED] - Text 'welcome8' is set on object 'Object Repository/ADMIN/Admin Onboarding Page/Admin Onboarding CustomAcc/Textbox_Password'

2019-07-09 07:49:25 - [TEST_STEP][PASSED] - setText: Text 'welcome8' is set on object 'Object Repository/ADMIN/Admin Onboarding Page/Admin Onboarding CustomAcc/Textbox_Reconfirm_Password'

2019-07-09 07:49:25 - [MESSAGE][PASSED] - Text 'welcome8' is set on object 'Object Repository/ADMIN/Admin Onboarding Page/Admin Onboarding CustomAcc/Textbox_Reconfirm_Password'

2019-07-09 07:49:25 - [TEST_STEP][PASSED] - click: Object: 'Object Repository/ADMIN/Admin Onboarding Page/Admin Onboarding CustomAcc/Button_Sign_Up' is clicked on

2019-07-09 07:49:32 - [MESSAGE][PASSED] - Object: 'Object Repository/ADMIN/Admin Onboarding Page/Admin Onboarding CustomAcc/Button_Sign_Up' is clicked on]]></system-out>
         <system-err><![CDATA[]]></system-err>
      </testcase>
      <testcase name="Test Cases/ADMIN/Onboarding/Step1_Simple_Test" classname="Test Cases/ADMIN/Onboarding/Step1_Simple_Test" status="PASSED">
         <system-out><![CDATA[2019-07-09 07:49:32 - [TEST_CASE][PASSED] - Test Cases/ADMIN/Onboarding/Step1_Simple_Test: Test Cases/ADMIN/Onboarding/Step1_Simple_Test

2019-07-09 07:49:32 - [TEST_STEP][PASSED] - comment: Select Dropdown and Input

2019-07-09 07:49:32 - [TEST_STEP][PASSED] - selectOptionByLabel: All options with label 'I’m managing them offline' are selected in object 'Object Repository/ADMIN/Admin Onboarding Page/Admin_Onboarding_Step1/1stDropdown_Please select one...Im' 

2019-07-09 07:49:32 - [MESSAGE][PASSED] - All options with label 'I’m managing them offline' are selected in object 'Object Repository/ADMIN/Admin Onboarding Page/Admin_Onboarding_Step1/1stDropdown_Please select one...Im' 

2019-07-09 07:49:32 - [TEST_STEP][PASSED] - selectOptionByLabel: All options with label 'Something else!' are selected in object 'Object Repository/ADMIN/Admin Onboarding Page/Admin_Onboarding_Step1/2ndDropdown_Please select one...Don' 

2019-07-09 07:49:32 - [MESSAGE][PASSED] - All options with label 'Something else!' are selected in object 'Object Repository/ADMIN/Admin Onboarding Page/Admin_Onboarding_Step1/2ndDropdown_Please select one...Don' 

2019-07-09 07:49:32 - [TEST_STEP][PASSED] - setText: Text 'Marketplace' is set on object 'Object Repository/ADMIN/Admin Onboarding Page/Admin_Onboarding_Step1/2nddropdown_textbox_OtherMarketplaceType'

2019-07-09 07:49:33 - [MESSAGE][PASSED] - Text 'Marketplace' is set on object 'Object Repository/ADMIN/Admin Onboarding Page/Admin_Onboarding_Step1/2nddropdown_textbox_OtherMarketplaceType'

2019-07-09 07:49:33 - [TEST_STEP][PASSED] - selectOptionByLabel: All options with label 'Someone else!' are selected in object 'Object Repository/ADMIN/Admin Onboarding Page/Admin_Onboarding_Step1/3rdDropdown_Im an individualIm work' 

2019-07-09 07:49:33 - [MESSAGE][PASSED] - All options with label 'Someone else!' are selected in object 'Object Repository/ADMIN/Admin Onboarding Page/Admin_Onboarding_Step1/3rdDropdown_Im an individualIm work' 

2019-07-09 07:49:33 - [TEST_STEP][PASSED] - setText: Text 'Business Man' is set on object 'Object Repository/ADMIN/Admin Onboarding Page/Admin_Onboarding_Step1/3rddropdown_textbox_OtherEntityType'

2019-07-09 07:49:34 - [MESSAGE][PASSED] - Text 'Business Man' is set on object 'Object Repository/ADMIN/Admin Onboarding Page/Admin_Onboarding_Step1/3rddropdown_textbox_OtherEntityType'

2019-07-09 07:49:34 - [TEST_STEP][PASSED] - comment: Continue to Step 2

2019-07-09 07:49:34 - [TEST_STEP][PASSED] - setText: Text 'Business Man' is set on object 'Object Repository/ADMIN/Admin Onboarding Page/Admin_Onboarding_Step1/3rddropdown_textbox_OtherEntityType'

2019-07-09 07:49:34 - [MESSAGE][PASSED] - Text 'Business Man' is set on object 'Object Repository/ADMIN/Admin Onboarding Page/Admin_Onboarding_Step1/3rddropdown_textbox_OtherEntityType'

2019-07-09 07:49:34 - [TEST_STEP][PASSED] - click: Object: 'Object Repository/ADMIN/Admin Onboarding Page/Admin_Onboarding_Step1/Button_NEXT_Step1' is clicked on

2019-07-09 07:49:36 - [MESSAGE][PASSED] - Object: 'Object Repository/ADMIN/Admin Onboarding Page/Admin_Onboarding_Step1/Button_NEXT_Step1' is clicked on

2019-07-09 07:49:36 - [TEST_STEP][PASSED] - verifyElementText: Actual text and expected text of test object 'Object Repository/ADMIN/Admin Onboarding Page/Admin_Onboarding_Step2/Textlabel_We will like to know mor' are matched.

2019-07-09 07:49:36 - [MESSAGE][PASSED] - Actual text and expected text of test object 'Object Repository/ADMIN/Admin Onboarding Page/Admin_Onboarding_Step2/Textlabel_We will like to know mor' are matched.]]></system-out>
         <system-err><![CDATA[]]></system-err>
      </testcase>
      <testcase name="Test Cases/ADMIN/Onboarding/Step2_Simple_Test" classname="Test Cases/ADMIN/Onboarding/Step2_Simple_Test" status="PASSED">
         <system-out><![CDATA[2019-07-09 07:49:36 - [TEST_CASE][PASSED] - Test Cases/ADMIN/Onboarding/Step2_Simple_Test: Test Cases/ADMIN/Onboarding/Step2_Simple_Test

2019-07-09 07:49:37 - [TEST_STEP][PASSED] - comment: Step 2 (editable variables)

2019-07-09 07:49:37 - [TEST_STEP][PASSED] - waitForElementVisible: Object 'Object Repository/ADMIN/Admin Onboarding Page/Admin_Onboarding_Step2/Textlabel_We will like to know mor' is visible

2019-07-09 07:49:37 - [MESSAGE][WARNING] - Timeout '0' is invalid. Using default page load timeout: '30'

2019-07-09 07:49:37 - [MESSAGE][PASSED] - Object 'Object Repository/ADMIN/Admin Onboarding Page/Admin_Onboarding_Step2/Textlabel_We will like to know mor' is visible

2019-07-09 07:49:37 - [TEST_STEP][PASSED] - comment: Previous button Test

2019-07-09 07:49:37 - [TEST_STEP][PASSED] - click: Object: 'Object Repository/ADMIN/Admin Onboarding Page/Admin_Onboarding_Step2/Button_PREVIOUS_Step2' is clicked on

2019-07-09 07:49:38 - [MESSAGE][PASSED] - Object: 'Object Repository/ADMIN/Admin Onboarding Page/Admin_Onboarding_Step2/Button_PREVIOUS_Step2' is clicked on

2019-07-09 07:49:38 - [TEST_STEP][PASSED] - waitForElementVisible: Object 'Object Repository/ADMIN/Admin Onboarding Page/Admin_Onboarding_Step1/TextLabel_Tell us a little about y' is visible

2019-07-09 07:49:38 - [MESSAGE][WARNING] - Timeout '0' is invalid. Using default page load timeout: '30'

2019-07-09 07:49:38 - [MESSAGE][PASSED] - Object 'Object Repository/ADMIN/Admin Onboarding Page/Admin_Onboarding_Step1/TextLabel_Tell us a little about y' is visible

2019-07-09 07:49:38 - [TEST_STEP][PASSED] - click: Object: 'Object Repository/ADMIN/Admin Onboarding Page/Admin_Onboarding_Step1/Button_NEXT_Step1' is clicked on

2019-07-09 07:49:39 - [MESSAGE][PASSED] - Object: 'Object Repository/ADMIN/Admin Onboarding Page/Admin_Onboarding_Step1/Button_NEXT_Step1' is clicked on

2019-07-09 07:49:39 - [TEST_STEP][PASSED] - waitForElementVisible: Object 'Object Repository/ADMIN/Admin Onboarding Page/Admin_Onboarding_Step2/Textlabel_We will like to know mor' is visible

2019-07-09 07:49:39 - [MESSAGE][WARNING] - Timeout '0' is invalid. Using default page load timeout: '30'

2019-07-09 07:49:40 - [MESSAGE][PASSED] - Object 'Object Repository/ADMIN/Admin Onboarding Page/Admin_Onboarding_Step2/Textlabel_We will like to know mor' is visible

2019-07-09 07:49:40 - [TEST_STEP][PASSED] - comment: Input

2019-07-09 07:49:40 - [TEST_STEP][PASSED] - setText: Text 'John' is set on object 'Object Repository/ADMIN/Admin Onboarding Page/Admin_Onboarding_Step2/Textbox_FirstName'

2019-07-09 07:49:40 - [MESSAGE][PASSED] - Text 'John' is set on object 'Object Repository/ADMIN/Admin Onboarding Page/Admin_Onboarding_Step2/Textbox_FirstName'

2019-07-09 07:49:40 - [TEST_STEP][PASSED] - setText: Text 'Cabug-os' is set on object 'Object Repository/ADMIN/Admin Onboarding Page/Admin_Onboarding_Step2/Textbox_LastName'

2019-07-09 07:49:40 - [MESSAGE][PASSED] - Text 'Cabug-os' is set on object 'Object Repository/ADMIN/Admin Onboarding Page/Admin_Onboarding_Step2/Textbox_LastName'

2019-07-09 07:49:40 - [TEST_STEP][PASSED] - setText: Text 'arcadierteam@gmail.com' is set on object 'Object Repository/ADMIN/Admin Onboarding Page/Admin_Onboarding_Step2/Textbox_Email'

2019-07-09 07:49:41 - [MESSAGE][PASSED] - Text 'arcadierteam@gmail.com' is set on object 'Object Repository/ADMIN/Admin Onboarding Page/Admin_Onboarding_Step2/Textbox_Email'

2019-07-09 07:49:41 - [TEST_STEP][PASSED] - selectOptionByLabel: All options with label 'Malaysia' are selected in object 'Object Repository/ADMIN/Admin Onboarding Page/Admin_Onboarding_Step2/Country_Dropdown' 

2019-07-09 07:49:41 - [MESSAGE][PASSED] - All options with label 'Malaysia' are selected in object 'Object Repository/ADMIN/Admin Onboarding Page/Admin_Onboarding_Step2/Country_Dropdown' 

2019-07-09 07:49:41 - [TEST_STEP][PASSED] - setText: Text 'Cybersouth, Dengkil, Sepang District' is set on object 'Object Repository/ADMIN/Admin Onboarding Page/Admin_Onboarding_Step2/Address_Line1'

2019-07-09 07:49:42 - [MESSAGE][PASSED] - Text 'Cybersouth, Dengkil, Sepang District' is set on object 'Object Repository/ADMIN/Admin Onboarding Page/Admin_Onboarding_Step2/Address_Line1'

2019-07-09 07:49:42 - [TEST_STEP][PASSED] - setText: Text 'Selangor, Malaysia 43800' is set on object 'Object Repository/ADMIN/Admin Onboarding Page/Admin_Onboarding_Step2/Address_Line2'

2019-07-09 07:49:43 - [MESSAGE][PASSED] - Text 'Selangor, Malaysia 43800' is set on object 'Object Repository/ADMIN/Admin Onboarding Page/Admin_Onboarding_Step2/Address_Line2'

2019-07-09 07:49:43 - [TEST_STEP][PASSED] - setText: Text '+631234567890' is set on object 'Object Repository/ADMIN/Admin Onboarding Page/Admin_Onboarding_Step2/Textbox_PhoneNumber'

2019-07-09 07:49:43 - [MESSAGE][PASSED] - Text '+631234567890' is set on object 'Object Repository/ADMIN/Admin Onboarding Page/Admin_Onboarding_Step2/Textbox_PhoneNumber'

2019-07-09 07:49:43 - [TEST_STEP][PASSED] - click: Object: 'Object Repository/ADMIN/Admin Onboarding Page/Admin_Onboarding_Step2/Button_Next_Step2' is clicked on

2019-07-09 07:49:46 - [MESSAGE][PASSED] - Object: 'Object Repository/ADMIN/Admin Onboarding Page/Admin_Onboarding_Step2/Button_Next_Step2' is clicked on]]></system-out>
         <system-err><![CDATA[]]></system-err>
      </testcase>
      <testcase name="Test Cases/ADMIN/Onboarding/Step3_Simple_Test" classname="Test Cases/ADMIN/Onboarding/Step3_Simple_Test" status="PASSED">
         <system-out><![CDATA[2019-07-09 07:49:46 - [TEST_CASE][PASSED] - Test Cases/ADMIN/Onboarding/Step3_Simple_Test: Test Cases/ADMIN/Onboarding/Step3_Simple_Test

2019-07-09 07:49:46 - [TEST_STEP][PASSED] - comment: Step 3

2019-07-09 07:49:46 - [TEST_STEP][PASSED] - waitForElementVisible: Object 'Object Repository/ADMIN/Admin Onboarding Page/Admin_Onboarding_Step3/TextLabel_What type of marketplace' is visible

2019-07-09 07:49:46 - [MESSAGE][WARNING] - Timeout '0' is invalid. Using default page load timeout: '30'

2019-07-09 07:49:46 - [MESSAGE][PASSED] - Object 'Object Repository/ADMIN/Admin Onboarding Page/Admin_Onboarding_Step3/TextLabel_What type of marketplace' is visible

2019-07-09 07:49:46 - [TEST_STEP][PASSED] - comment: Previous Button Test

2019-07-09 07:49:46 - [TEST_STEP][PASSED] - click: Object: 'Object Repository/ADMIN/Admin Onboarding Page/Admin_Onboarding_Step3/Button_PREVIOUS_Step3' is clicked on

2019-07-09 07:49:47 - [MESSAGE][PASSED] - Object: 'Object Repository/ADMIN/Admin Onboarding Page/Admin_Onboarding_Step3/Button_PREVIOUS_Step3' is clicked on

2019-07-09 07:49:47 - [TEST_STEP][PASSED] - waitForElementVisible: Object 'Object Repository/ADMIN/Admin Onboarding Page/Admin_Onboarding_Step2/Textlabel_We will like to know mor' is visible

2019-07-09 07:49:47 - [MESSAGE][WARNING] - Timeout '0' is invalid. Using default page load timeout: '30'

2019-07-09 07:49:47 - [MESSAGE][PASSED] - Object 'Object Repository/ADMIN/Admin Onboarding Page/Admin_Onboarding_Step2/Textlabel_We will like to know mor' is visible

2019-07-09 07:49:47 - [TEST_STEP][PASSED] - click: Object: 'Object Repository/ADMIN/Admin Onboarding Page/Admin_Onboarding_Step2/Button_Next_Step2' is clicked on

2019-07-09 07:49:48 - [MESSAGE][PASSED] - Object: 'Object Repository/ADMIN/Admin Onboarding Page/Admin_Onboarding_Step2/Button_Next_Step2' is clicked on

2019-07-09 07:49:48 - [TEST_STEP][PASSED] - waitForElementVisible: Object 'Object Repository/ADMIN/Admin Onboarding Page/Admin_Onboarding_Step3/TextLabel_What type of marketplace' is visible

2019-07-09 07:49:48 - [MESSAGE][WARNING] - Timeout '0' is invalid. Using default page load timeout: '30'

2019-07-09 07:49:48 - [MESSAGE][PASSED] - Object 'Object Repository/ADMIN/Admin Onboarding Page/Admin_Onboarding_Step3/TextLabel_What type of marketplace' is visible

2019-07-09 07:49:48 - [TEST_STEP][PASSED] - comment: Select Template

2019-07-09 07:49:48 - [TEST_STEP][PASSED] - Statement - If (Template == "Bespoke"): null

2019-07-09 07:49:48 - [TEST_STEP][PASSED] - Statement - Else If (Template == "ServiceBookings(TIME)"): null

2019-07-09 07:49:48 - [TEST_STEP][PASSED] - Statement - Else If (Template == "RentalGoods(TIME)"): null

2019-07-09 07:49:48 - [TEST_STEP][PASSED] - Statement - Else If (Template == "SpaceRental(SPACE)"): Object: 'Object Repository/ADMIN/Admin Onboarding Page/Admin_Onboarding_Step3/Select/a_Select_Space Rental' is clicked on

2019-07-09 07:49:48 - [TEST_STEP][PASSED] - mouseOver: Object: 'Object Repository/ADMIN/Admin Onboarding Page/Admin_Onboarding_Step3/Preview/div_ Preview Select Space Rent' is hovered

2019-07-09 07:49:48 - [MESSAGE][PASSED] - Object: 'Object Repository/ADMIN/Admin Onboarding Page/Admin_Onboarding_Step3/Preview/div_ Preview Select Space Rent' is hovered

2019-07-09 07:49:48 - [TEST_STEP][PASSED] - delay: Delayed 1 second(s)

2019-07-09 07:49:49 - [MESSAGE][PASSED] - Delayed 1 second(s)

2019-07-09 07:49:49 - [TEST_STEP][PASSED] - click: Object: 'Object Repository/ADMIN/Admin Onboarding Page/Admin_Onboarding_Step3/Select/a_Select_Space Rental' is clicked on

2019-07-09 07:49:50 - [MESSAGE][PASSED] - Object: 'Object Repository/ADMIN/Admin Onboarding Page/Admin_Onboarding_Step3/Select/a_Select_Space Rental' is clicked on]]></system-out>
         <system-err><![CDATA[]]></system-err>
      </testcase>
      <testcase name="Test Cases/ADMIN/Onboarding/Step4_Simple_Test" classname="Test Cases/ADMIN/Onboarding/Step4_Simple_Test" status="PASSED">
         <system-out><![CDATA[2019-07-09 07:49:50 - [TEST_CASE][PASSED] - Test Cases/ADMIN/Onboarding/Step4_Simple_Test: Test Cases/ADMIN/Onboarding/Step4_Simple_Test

2019-07-09 07:49:50 - [TEST_STEP][PASSED] - comment: Step 3 (editable variables)

2019-07-09 07:49:50 - [TEST_STEP][PASSED] - waitForElementVisible: Object 'Object Repository/ADMIN/Admin Onboarding Page/Admin_Onboarding_Step4/Textlabel_Awesome Now tell us more' is visible

2019-07-09 07:49:50 - [MESSAGE][WARNING] - Timeout '0' is invalid. Using default page load timeout: '30'

2019-07-09 07:49:52 - [MESSAGE][PASSED] - Object 'Object Repository/ADMIN/Admin Onboarding Page/Admin_Onboarding_Step4/Textlabel_Awesome Now tell us more' is visible

2019-07-09 07:49:52 - [TEST_STEP][PASSED] - comment: Previous Button Test

2019-07-09 07:49:52 - [TEST_STEP][PASSED] - click: Object: 'Object Repository/ADMIN/Admin Onboarding Page/Admin_Onboarding_Step4/Button_PREVIOUS_Step4' is clicked on

2019-07-09 07:49:53 - [MESSAGE][PASSED] - Object: 'Object Repository/ADMIN/Admin Onboarding Page/Admin_Onboarding_Step4/Button_PREVIOUS_Step4' is clicked on

2019-07-09 07:49:53 - [TEST_STEP][PASSED] - waitForElementVisible: Object 'Object Repository/ADMIN/Admin Onboarding Page/Admin_Onboarding_Step3/TextLabel_What type of marketplace' is visible

2019-07-09 07:49:53 - [MESSAGE][WARNING] - Timeout '0' is invalid. Using default page load timeout: '30'

2019-07-09 07:49:53 - [MESSAGE][PASSED] - Object 'Object Repository/ADMIN/Admin Onboarding Page/Admin_Onboarding_Step3/TextLabel_What type of marketplace' is visible

2019-07-09 07:49:53 - [TEST_STEP][PASSED] - Statement - If (Template == "Bespoke"): null

2019-07-09 07:49:53 - [TEST_STEP][PASSED] - Statement - Else If (Template == "ServiceBookings(TIME)"): null

2019-07-09 07:49:53 - [TEST_STEP][PASSED] - Statement - Else If (Template == "RentalGoods(TIME)"): null

2019-07-09 07:49:53 - [TEST_STEP][PASSED] - Statement - Else If (Template == "SpaceRental(SPACE)"): Object: 'Object Repository/ADMIN/Admin Onboarding Page/Admin_Onboarding_Step3/Select/a_Select_Space Rental' is clicked on

2019-07-09 07:49:53 - [TEST_STEP][PASSED] - mouseOver: Object: 'Object Repository/ADMIN/Admin Onboarding Page/Admin_Onboarding_Step3/Preview/div_ Preview Select Space Rent' is hovered

2019-07-09 07:49:53 - [MESSAGE][PASSED] - Object: 'Object Repository/ADMIN/Admin Onboarding Page/Admin_Onboarding_Step3/Preview/div_ Preview Select Space Rent' is hovered

2019-07-09 07:49:53 - [TEST_STEP][PASSED] - delay: Delayed 1 second(s)

2019-07-09 07:49:54 - [MESSAGE][PASSED] - Delayed 1 second(s)

2019-07-09 07:49:54 - [TEST_STEP][PASSED] - click: Object: 'Object Repository/ADMIN/Admin Onboarding Page/Admin_Onboarding_Step3/Select/a_Select_Space Rental' is clicked on

2019-07-09 07:49:54 - [MESSAGE][PASSED] - Object: 'Object Repository/ADMIN/Admin Onboarding Page/Admin_Onboarding_Step3/Select/a_Select_Space Rental' is clicked on

2019-07-09 07:49:54 - [TEST_STEP][PASSED] - waitForElementVisible: Object 'Object Repository/ADMIN/Admin Onboarding Page/Admin_Onboarding_Step3/TextLabel_What type of marketplace' is visible

2019-07-09 07:49:54 - [MESSAGE][WARNING] - Timeout '0' is invalid. Using default page load timeout: '30'

2019-07-09 07:49:54 - [MESSAGE][PASSED] - Object 'Object Repository/ADMIN/Admin Onboarding Page/Admin_Onboarding_Step3/TextLabel_What type of marketplace' is visible

2019-07-09 07:49:54 - [TEST_STEP][PASSED] - comment: Input

2019-07-09 07:49:54 - [TEST_STEP][PASSED] - uploadFile: File 'C:\\Katalon\\Image\\logo2.jpg' sent to object: 'Object Repository/ADMIN/Admin Onboarding Page/Admin_Onboarding_Step4/Button_Browse_Step4'

2019-07-09 07:49:55 - [MESSAGE][PASSED] - File 'C:\\Katalon\\Image\\logo2.jpg' sent to object: 'Object Repository/ADMIN/Admin Onboarding Page/Admin_Onboarding_Step4/Button_Browse_Step4'

2019-07-09 07:49:55 - [TEST_STEP][PASSED] - setText: Text '0709SR' is set on object 'Object Repository/ADMIN/Admin Onboarding Page/Admin_Onboarding_Step4/Textbox_Marketplace_Name'

2019-07-09 07:49:56 - [MESSAGE][PASSED] - Text '0709SR' is set on object 'Object Repository/ADMIN/Admin Onboarding Page/Admin_Onboarding_Step4/Textbox_Marketplace_Name'

2019-07-09 07:49:56 - [TEST_STEP][PASSED] - setText: Text 'Theme 2' is set on object 'Object Repository/ADMIN/Admin Onboarding Page/Admin_Onboarding_Step4/Textbox_Slogan'

2019-07-09 07:49:56 - [MESSAGE][PASSED] - Text 'Theme 2' is set on object 'Object Repository/ADMIN/Admin Onboarding Page/Admin_Onboarding_Step4/Textbox_Slogan'

2019-07-09 07:49:56 - [TEST_STEP][PASSED] - setText: Text '+631234567890' is set on object 'Object Repository/ADMIN/Admin Onboarding Page/Admin_Onboarding_Step4/Textbox_ContactNumber'

2019-07-09 07:49:57 - [MESSAGE][PASSED] - Text '+631234567890' is set on object 'Object Repository/ADMIN/Admin Onboarding Page/Admin_Onboarding_Step4/Textbox_ContactNumber'

2019-07-09 07:49:57 - [TEST_STEP][PASSED] - setText: Text 'arcadierteam@gmail.com' is set on object 'Object Repository/ADMIN/Admin Onboarding Page/Admin_Onboarding_Step4/Textbox_ContactEmail'

2019-07-09 07:49:57 - [MESSAGE][PASSED] - Text 'arcadierteam@gmail.com' is set on object 'Object Repository/ADMIN/Admin Onboarding Page/Admin_Onboarding_Step4/Textbox_ContactEmail'

2019-07-09 07:49:57 - [TEST_STEP][PASSED] - click: Object: 'Object Repository/ADMIN/Admin Onboarding Page/Admin_Onboarding_Step4/Button_Next_Step4' is clicked on

2019-07-09 07:49:57 - [MESSAGE][PASSED] - Object: 'Object Repository/ADMIN/Admin Onboarding Page/Admin_Onboarding_Step4/Button_Next_Step4' is clicked on]]></system-out>
         <system-err><![CDATA[]]></system-err>
      </testcase>
      <testcase name="Test Cases/ADMIN/Onboarding/Step5_Simple_Test_SpaceTime" classname="Test Cases/ADMIN/Onboarding/Step5_Simple_Test_SpaceTime" status="PASSED">
         <system-out><![CDATA[2019-07-09 07:49:57 - [TEST_CASE][PASSED] - Test Cases/ADMIN/Onboarding/Step5_Simple_Test_SpaceTime: Test Cases/ADMIN/Onboarding/Step5_Simple_Test_SpaceTime

2019-07-09 07:49:57 - [TEST_STEP][PASSED] - comment: Step 5

2019-07-09 07:49:57 - [TEST_STEP][PASSED] - waitForElementVisible: Object 'Object Repository/ADMIN/Admin Onboarding Page/Admin_Onboarding_Step5/h1_5. Preview  pick out a mark' is visible

2019-07-09 07:49:57 - [MESSAGE][WARNING] - Timeout '0' is invalid. Using default page load timeout: '30'

2019-07-09 07:50:00 - [MESSAGE][PASSED] - Object 'Object Repository/ADMIN/Admin Onboarding Page/Admin_Onboarding_Step5/h1_5. Preview  pick out a mark' is visible

2019-07-09 07:50:00 - [TEST_STEP][PASSED] - comment: Previous Button Test

2019-07-09 07:50:00 - [TEST_STEP][PASSED] - click: Object: 'Object Repository/ADMIN/Admin Onboarding Page/Admin_Onboarding_Step5/Button_PREVIOUS_Step5' is clicked on

2019-07-09 07:50:01 - [MESSAGE][PASSED] - Object: 'Object Repository/ADMIN/Admin Onboarding Page/Admin_Onboarding_Step5/Button_PREVIOUS_Step5' is clicked on

2019-07-09 07:50:01 - [TEST_STEP][PASSED] - waitForElementVisible: Object 'Object Repository/ADMIN/Admin Onboarding Page/Admin_Onboarding_Step4/Textlabel_Awesome Now tell us more' is visible

2019-07-09 07:50:01 - [MESSAGE][WARNING] - Timeout '0' is invalid. Using default page load timeout: '30'

2019-07-09 07:50:01 - [MESSAGE][PASSED] - Object 'Object Repository/ADMIN/Admin Onboarding Page/Admin_Onboarding_Step4/Textlabel_Awesome Now tell us more' is visible

2019-07-09 07:50:01 - [TEST_STEP][PASSED] - click: Object: 'Object Repository/ADMIN/Admin Onboarding Page/Admin_Onboarding_Step4/Button_Next_Step4' is clicked on

2019-07-09 07:50:02 - [MESSAGE][PASSED] - Object: 'Object Repository/ADMIN/Admin Onboarding Page/Admin_Onboarding_Step4/Button_Next_Step4' is clicked on

2019-07-09 07:50:02 - [TEST_STEP][PASSED] - waitForElementVisible: Object 'Object Repository/ADMIN/Admin Onboarding Page/Admin_Onboarding_Step5/h1_5. Preview  pick out a mark' is visible

2019-07-09 07:50:02 - [MESSAGE][WARNING] - Timeout '0' is invalid. Using default page load timeout: '30'

2019-07-09 07:50:03 - [MESSAGE][PASSED] - Object 'Object Repository/ADMIN/Admin Onboarding Page/Admin_Onboarding_Step5/h1_5. Preview  pick out a mark' is visible

2019-07-09 07:50:03 - [TEST_STEP][PASSED] - delay: Delayed 2 second(s)

2019-07-09 07:50:05 - [MESSAGE][PASSED] - Delayed 2 second(s)

2019-07-09 07:50:05 - [TEST_STEP][PASSED] - Statement - If (Theme == "Theme 1"): null

2019-07-09 07:50:05 - [TEST_STEP][PASSED] - Statement - Else If (Theme == "Theme 2"): Object: 'Object Repository/ADMIN/Admin Onboarding Page/Admin_Onboarding_Step5/Button_Theme2_Select' is clicked on

2019-07-09 07:50:05 - [TEST_STEP][PASSED] - click: Object: 'Object Repository/ADMIN/Admin Onboarding Page/Admin_Onboarding_Step5/Button_Theme2_Select' is clicked on

2019-07-09 07:50:05 - [MESSAGE][PASSED] - Object: 'Object Repository/ADMIN/Admin Onboarding Page/Admin_Onboarding_Step5/Button_Theme2_Select' is clicked on

2019-07-09 07:50:05 - [TEST_STEP][PASSED] - click: Object: 'Object Repository/ADMIN/Admin Onboarding Page/Admin_Onboarding_Step5/Button_Next_Step5' is clicked on

2019-07-09 07:50:07 - [MESSAGE][PASSED] - Object: 'Object Repository/ADMIN/Admin Onboarding Page/Admin_Onboarding_Step5/Button_Next_Step5' is clicked on]]></system-out>
         <system-err><![CDATA[]]></system-err>
      </testcase>
      <testcase name="Test Cases/ADMIN/Onboarding/Step6_Simple_Test" classname="Test Cases/ADMIN/Onboarding/Step6_Simple_Test" status="PASSED">
         <system-out><![CDATA[2019-07-09 07:50:07 - [TEST_CASE][PASSED] - Test Cases/ADMIN/Onboarding/Step6_Simple_Test: Test Cases/ADMIN/Onboarding/Step6_Simple_Test

2019-07-09 07:50:07 - [TEST_STEP][PASSED] - comment: Step 6 (editable variables)

2019-07-09 07:50:07 - [TEST_STEP][PASSED] - waitForElementVisible: Object 'Object Repository/ADMIN/Admin Onboarding Page/Admin_Onboarding_Step6/Textlabel_Select your marketplace' is visible

2019-07-09 07:50:07 - [MESSAGE][WARNING] - Timeout '0' is invalid. Using default page load timeout: '30'

2019-07-09 07:50:08 - [MESSAGE][PASSED] - Object 'Object Repository/ADMIN/Admin Onboarding Page/Admin_Onboarding_Step6/Textlabel_Select your marketplace' is visible

2019-07-09 07:50:08 - [TEST_STEP][PASSED] - comment: Previous Button Test

2019-07-09 07:50:08 - [TEST_STEP][PASSED] - click: Object: 'Object Repository/ADMIN/Admin Onboarding Page/Admin_Onboarding_Step6/Button_PREVIOUS_Step6' is clicked on

2019-07-09 07:50:08 - [MESSAGE][PASSED] - Object: 'Object Repository/ADMIN/Admin Onboarding Page/Admin_Onboarding_Step6/Button_PREVIOUS_Step6' is clicked on

2019-07-09 07:50:08 - [TEST_STEP][PASSED] - waitForElementVisible: Object 'Object Repository/ADMIN/Admin Onboarding Page/Admin_Onboarding_Step5/h1_5. Preview  pick out a mark' is visible

2019-07-09 07:50:08 - [MESSAGE][WARNING] - Timeout '0' is invalid. Using default page load timeout: '30'

2019-07-09 07:50:09 - [MESSAGE][PASSED] - Object 'Object Repository/ADMIN/Admin Onboarding Page/Admin_Onboarding_Step5/h1_5. Preview  pick out a mark' is visible

2019-07-09 07:50:09 - [TEST_STEP][PASSED] - click: Object: 'Object Repository/ADMIN/Admin Onboarding Page/Admin_Onboarding_Step5/Button_Next_Step5' is clicked on

2019-07-09 07:50:10 - [MESSAGE][PASSED] - Object: 'Object Repository/ADMIN/Admin Onboarding Page/Admin_Onboarding_Step5/Button_Next_Step5' is clicked on

2019-07-09 07:50:10 - [TEST_STEP][PASSED] - waitForElementVisible: Object 'Object Repository/ADMIN/Admin Onboarding Page/Admin_Onboarding_Step6/Textlabel_Select your marketplace' is visible

2019-07-09 07:50:10 - [MESSAGE][WARNING] - Timeout '0' is invalid. Using default page load timeout: '30'

2019-07-09 07:50:10 - [MESSAGE][PASSED] - Object 'Object Repository/ADMIN/Admin Onboarding Page/Admin_Onboarding_Step6/Textlabel_Select your marketplace' is visible

2019-07-09 07:50:10 - [TEST_STEP][PASSED] - comment: Upload Cover Image

2019-07-09 07:50:10 - [TEST_STEP][PASSED] - delay: Delayed 2 second(s)

2019-07-09 07:50:12 - [MESSAGE][PASSED] - Delayed 2 second(s)

2019-07-09 07:50:12 - [TEST_STEP][PASSED] - click: Object: 'Object Repository/ADMIN/Admin Onboarding Page/Admin_Onboarding_Step6/Button_Browse_Step6' is clicked on

2019-07-09 07:50:12 - [MESSAGE][PASSED] - Object: 'Object Repository/ADMIN/Admin Onboarding Page/Admin_Onboarding_Step6/Button_Browse_Step6' is clicked on

2019-07-09 07:50:12 - [TEST_STEP][PASSED] - delay: Delayed 2 second(s)

2019-07-09 07:50:14 - [MESSAGE][PASSED] - Delayed 2 second(s)

2019-07-09 07:50:14 - [TEST_STEP][PASSED] - uploadFile: File 'C:\\Katalon\\Image\\coverimage2.jpg' sent to object: 'Object Repository/ADMIN/Admin Onboarding Page/Admin_Onboarding_Step6/Image_Container'

2019-07-09 07:50:14 - [MESSAGE][PASSED] - File 'C:\\Katalon\\Image\\coverimage2.jpg' sent to object: 'Object Repository/ADMIN/Admin Onboarding Page/Admin_Onboarding_Step6/Image_Container'

2019-07-09 07:50:14 - [TEST_STEP][PASSED] - waitForElementVisible: Object 'Object Repository/ADMIN/Admin Onboarding Page/Admin_Onboarding_Step6/Image Cropper/div_btn btn-success btn-ok' is visible

2019-07-09 07:50:14 - [MESSAGE][WARNING] - Timeout '0' is invalid. Using default page load timeout: '30'

2019-07-09 07:50:14 - [MESSAGE][PASSED] - Object 'Object Repository/ADMIN/Admin Onboarding Page/Admin_Onboarding_Step6/Image Cropper/div_btn btn-success btn-ok' is visible

2019-07-09 07:50:14 - [TEST_STEP][PASSED] - click: Object: 'Object Repository/ADMIN/Admin Onboarding Page/Admin_Onboarding_Step6/Image Cropper/div_btn btn-success btn-ok' is clicked on

2019-07-09 07:50:15 - [MESSAGE][PASSED] - Object: 'Object Repository/ADMIN/Admin Onboarding Page/Admin_Onboarding_Step6/Image Cropper/div_btn btn-success btn-ok' is clicked on

2019-07-09 07:50:15 - [TEST_STEP][PASSED] - waitForElementVisible: Object 'Object Repository/ADMIN/Admin Onboarding Page/Admin_Onboarding_Step6/Image Cropper/a_Save Photo' is visible

2019-07-09 07:50:15 - [MESSAGE][WARNING] - Timeout '0' is invalid. Using default page load timeout: '30'

2019-07-09 07:50:15 - [MESSAGE][PASSED] - Object 'Object Repository/ADMIN/Admin Onboarding Page/Admin_Onboarding_Step6/Image Cropper/a_Save Photo' is visible

2019-07-09 07:50:15 - [TEST_STEP][PASSED] - click: Object: 'Object Repository/ADMIN/Admin Onboarding Page/Admin_Onboarding_Step6/Image Cropper/a_Save Photo' is clicked on

2019-07-09 07:50:15 - [MESSAGE][PASSED] - Object: 'Object Repository/ADMIN/Admin Onboarding Page/Admin_Onboarding_Step6/Image Cropper/a_Save Photo' is clicked on

2019-07-09 07:50:15 - [TEST_STEP][PASSED] - delay: Delayed 1 second(s)

2019-07-09 07:50:16 - [MESSAGE][PASSED] - Delayed 1 second(s)

2019-07-09 07:50:16 - [TEST_STEP][PASSED] - click: Object: 'Object Repository/ADMIN/Admin Onboarding Page/Admin_Onboarding_Step6/Button_Next_Step6' is clicked on

2019-07-09 07:50:17 - [MESSAGE][PASSED] - Object: 'Object Repository/ADMIN/Admin Onboarding Page/Admin_Onboarding_Step6/Button_Next_Step6' is clicked on]]></system-out>
         <system-err><![CDATA[]]></system-err>
      </testcase>
      <testcase name="Test Cases/ADMIN/Onboarding/Step7_Simple_Test" classname="Test Cases/ADMIN/Onboarding/Step7_Simple_Test" status="PASSED">
         <system-out><![CDATA[2019-07-09 07:50:17 - [TEST_CASE][PASSED] - Test Cases/ADMIN/Onboarding/Step7_Simple_Test: Test Cases/ADMIN/Onboarding/Step7_Simple_Test

2019-07-09 07:50:17 - [TEST_STEP][PASSED] - comment: Step 7 (editable variables)

2019-07-09 07:50:17 - [TEST_STEP][PASSED] - waitForElementVisible: Object 'Object Repository/ADMIN/Admin Onboarding Page/Admin_Onboarding_Step7/Textlabel_7. Now how would you like t' is visible

2019-07-09 07:50:17 - [MESSAGE][WARNING] - Timeout '0' is invalid. Using default page load timeout: '30'

2019-07-09 07:50:19 - [MESSAGE][PASSED] - Object 'Object Repository/ADMIN/Admin Onboarding Page/Admin_Onboarding_Step7/Textlabel_7. Now how would you like t' is visible

2019-07-09 07:50:19 - [TEST_STEP][PASSED] - comment: Previous Button Test

2019-07-09 07:50:19 - [TEST_STEP][PASSED] - click: Object: 'Object Repository/ADMIN/Admin Onboarding Page/Admin_Onboarding_Step7/Button_PREVIOUS_Step7' is clicked on

2019-07-09 07:50:20 - [MESSAGE][PASSED] - Object: 'Object Repository/ADMIN/Admin Onboarding Page/Admin_Onboarding_Step7/Button_PREVIOUS_Step7' is clicked on

2019-07-09 07:50:20 - [TEST_STEP][PASSED] - waitForElementVisible: Object 'Object Repository/ADMIN/Admin Onboarding Page/Admin_Onboarding_Step6/Textlabel_Select your marketplace' is visible

2019-07-09 07:50:20 - [MESSAGE][WARNING] - Timeout '0' is invalid. Using default page load timeout: '30'

2019-07-09 07:50:20 - [MESSAGE][PASSED] - Object 'Object Repository/ADMIN/Admin Onboarding Page/Admin_Onboarding_Step6/Textlabel_Select your marketplace' is visible

2019-07-09 07:50:20 - [TEST_STEP][PASSED] - click: Object: 'Object Repository/ADMIN/Admin Onboarding Page/Admin_Onboarding_Step6/Button_Next_Step6' is clicked on

2019-07-09 07:50:20 - [MESSAGE][PASSED] - Object: 'Object Repository/ADMIN/Admin Onboarding Page/Admin_Onboarding_Step6/Button_Next_Step6' is clicked on

2019-07-09 07:50:20 - [TEST_STEP][PASSED] - waitForElementVisible: Object 'Object Repository/ADMIN/Admin Onboarding Page/Admin_Onboarding_Step7/Textlabel_7. Now how would you like t' is visible

2019-07-09 07:50:20 - [MESSAGE][WARNING] - Timeout '0' is invalid. Using default page load timeout: '30'

2019-07-09 07:50:21 - [MESSAGE][PASSED] - Object 'Object Repository/ADMIN/Admin Onboarding Page/Admin_Onboarding_Step7/Textlabel_7. Now how would you like t' is visible

2019-07-09 07:50:21 - [TEST_STEP][PASSED] - comment: Input

2019-07-09 07:50:21 - [TEST_STEP][PASSED] - selectOptionByLabel: All options with label 'SGD' are selected in object 'Object Repository/ADMIN/Admin Onboarding Page/Admin_Onboarding_Step7/Dropdown_Currency' 

2019-07-09 07:50:22 - [MESSAGE][PASSED] - All options with label 'SGD' are selected in object 'Object Repository/ADMIN/Admin Onboarding Page/Admin_Onboarding_Step7/Dropdown_Currency' 

2019-07-09 07:50:22 - [TEST_STEP][PASSED] - setText: Text '69' is set on object 'Object Repository/ADMIN/Admin Onboarding Page/Admin_Onboarding_Step7/Textbox_TransactionFee'

2019-07-09 07:50:22 - [MESSAGE][PASSED] - Text '69' is set on object 'Object Repository/ADMIN/Admin Onboarding Page/Admin_Onboarding_Step7/Textbox_TransactionFee'

2019-07-09 07:50:22 - [TEST_STEP][PASSED] - click: Object: 'Object Repository/ADMIN/Admin Onboarding Page/Admin_Onboarding_Step7/Button_Next_Step7' is clicked on

2019-07-09 07:50:24 - [MESSAGE][PASSED] - Object: 'Object Repository/ADMIN/Admin Onboarding Page/Admin_Onboarding_Step7/Button_Next_Step7' is clicked on]]></system-out>
         <system-err><![CDATA[]]></system-err>
      </testcase>
      <testcase name="Test Cases/ADMIN/Onboarding/Step8_Simple_Test" classname="Test Cases/ADMIN/Onboarding/Step8_Simple_Test" status="PASSED">
         <system-out><![CDATA[2019-07-09 07:50:24 - [TEST_CASE][PASSED] - Test Cases/ADMIN/Onboarding/Step8_Simple_Test: Test Cases/ADMIN/Onboarding/Step8_Simple_Test

2019-07-09 07:50:24 - [TEST_STEP][PASSED] - comment: Step 8

2019-07-09 07:50:24 - [TEST_STEP][PASSED] - waitForElementVisible: Object 'Object Repository/ADMIN/Admin Onboarding Page/Admin_Onboarding_Step8/Textlabel_Review your marketplace pol' is visible

2019-07-09 07:50:24 - [MESSAGE][WARNING] - Timeout '0' is invalid. Using default page load timeout: '30'

2019-07-09 07:50:25 - [MESSAGE][PASSED] - Object 'Object Repository/ADMIN/Admin Onboarding Page/Admin_Onboarding_Step8/Textlabel_Review your marketplace pol' is visible

2019-07-09 07:50:25 - [TEST_STEP][PASSED] - comment: Previous Button Test

2019-07-09 07:50:25 - [TEST_STEP][PASSED] - click: Object: 'Object Repository/ADMIN/Admin Onboarding Page/Admin_Onboarding_Step8/Button_PREVIOUS_Step8' is clicked on

2019-07-09 07:50:26 - [MESSAGE][PASSED] - Object: 'Object Repository/ADMIN/Admin Onboarding Page/Admin_Onboarding_Step8/Button_PREVIOUS_Step8' is clicked on

2019-07-09 07:50:26 - [TEST_STEP][PASSED] - waitForElementVisible: Object 'Object Repository/ADMIN/Admin Onboarding Page/Admin_Onboarding_Step7/Textlabel_7. Now how would you like t' is visible

2019-07-09 07:50:26 - [MESSAGE][WARNING] - Timeout '0' is invalid. Using default page load timeout: '30'

2019-07-09 07:50:26 - [MESSAGE][PASSED] - Object 'Object Repository/ADMIN/Admin Onboarding Page/Admin_Onboarding_Step7/Textlabel_7. Now how would you like t' is visible

2019-07-09 07:50:26 - [TEST_STEP][PASSED] - click: Object: 'Object Repository/ADMIN/Admin Onboarding Page/Admin_Onboarding_Step7/Button_Next_Step7' is clicked on

2019-07-09 07:50:27 - [MESSAGE][PASSED] - Object: 'Object Repository/ADMIN/Admin Onboarding Page/Admin_Onboarding_Step7/Button_Next_Step7' is clicked on

2019-07-09 07:50:27 - [TEST_STEP][PASSED] - waitForElementVisible: Object 'Object Repository/ADMIN/Admin Onboarding Page/Admin_Onboarding_Step8/Textlabel_Review your marketplace pol' is visible

2019-07-09 07:50:27 - [MESSAGE][WARNING] - Timeout '0' is invalid. Using default page load timeout: '30'

2019-07-09 07:50:27 - [MESSAGE][PASSED] - Object 'Object Repository/ADMIN/Admin Onboarding Page/Admin_Onboarding_Step8/Textlabel_Review your marketplace pol' is visible

2019-07-09 07:50:27 - [TEST_STEP][PASSED] - comment: Checkbox Return Policy

2019-07-09 07:50:27 - [TEST_STEP][PASSED] - click: Object: 'Object Repository/ADMIN/Admin Onboarding Page/Admin_Onboarding_Step8/Checkbox_ReturnPolicy' is clicked on

2019-07-09 07:50:27 - [MESSAGE][PASSED] - Object: 'Object Repository/ADMIN/Admin Onboarding Page/Admin_Onboarding_Step8/Checkbox_ReturnPolicy' is clicked on

2019-07-09 07:50:27 - [TEST_STEP][PASSED] - comment: Terms and Condition

2019-07-09 07:50:27 - [TEST_STEP][PASSED] - click: Object: 'Object Repository/ADMIN/Admin Onboarding Page/Admin_Onboarding_Step8/Checkbox_IsAgreed' is clicked on

2019-07-09 07:50:27 - [MESSAGE][PASSED] - Object: 'Object Repository/ADMIN/Admin Onboarding Page/Admin_Onboarding_Step8/Checkbox_IsAgreed' is clicked on

2019-07-09 07:50:27 - [TEST_STEP][PASSED] - click: Object: 'Object Repository/ADMIN/Admin Onboarding Page/Admin_Onboarding_Step8/Button_Next_Step8' is clicked on

2019-07-09 07:50:31 - [MESSAGE][PASSED] - Object: 'Object Repository/ADMIN/Admin Onboarding Page/Admin_Onboarding_Step8/Button_Next_Step8' is clicked on]]></system-out>
         <system-err><![CDATA[]]></system-err>
      </testcase>
      <testcase name="Test Cases/ADMIN/Onboarding/Take Me There" classname="Test Cases/ADMIN/Onboarding/Take Me There" status="PASSED">
         <system-out><![CDATA[2019-07-09 07:50:31 - [TEST_CASE][PASSED] - Test Cases/ADMIN/Onboarding/Take Me There: Test Cases/ADMIN/Onboarding/Take Me There

2019-07-09 07:50:31 - [TEST_STEP][PASSED] - waitForElementVisible: Web element with id: 'Object Repository/ADMIN/Admin Onboarding Page/Take_Me_There/Button_Take me there' located by 'By.xpath: //a[@href = 'https://katalonmp.test.arcadier.io/account/signintodomain?code=11d003d5cfc748c49854d7dab8d2a7fc&returnUrl=/admin/start' and (text() = 'Take me there!' or . = 'Take me there!')]' not found

2019-07-09 07:50:31 - [MESSAGE][WARNING] - Timeout '0' is invalid. Using default page load timeout: '30'

2019-07-09 07:51:04 - [MESSAGE][WARNING] - Web element with id: 'Object Repository/ADMIN/Admin Onboarding Page/Take_Me_There/Button_Take me there' located by 'By.xpath: //a[@href = 'https://katalonmp.test.arcadier.io/account/signintodomain?code=11d003d5cfc748c49854d7dab8d2a7fc&returnUrl=/admin/start' and (text() = 'Take me there!' or . = 'Take me there!')]' not found

2019-07-09 07:51:04 - [TEST_STEP][PASSED] - comment: Auto Login Admin

2019-07-09 07:51:04 - [TEST_STEP][PASSED] - waitForElementVisible: Object 'Object Repository/ADMIN/Admin Onboarding Page/Congratulations_Page/Popup_Congratulations' is visible

2019-07-09 07:51:04 - [MESSAGE][WARNING] - Timeout '0' is invalid. Using default page load timeout: '30'

2019-07-09 07:51:38 - [MESSAGE][PASSED] - Object 'Object Repository/ADMIN/Admin Onboarding Page/Congratulations_Page/Popup_Congratulations' is visible

2019-07-09 07:51:38 - [TEST_STEP][PASSED] - verifyElementPresent: Object 'Object Repository/ADMIN/Admin Onboarding Page/Congratulations_Page/Animation_Congratulations' is present

2019-07-09 07:51:38 - [MESSAGE][WARNING] - Timeout '0' is invalid. Using default page load timeout: '30'

2019-07-09 07:51:38 - [MESSAGE][PASSED] - Object 'Object Repository/ADMIN/Admin Onboarding Page/Congratulations_Page/Animation_Congratulations' is present

2019-07-09 07:51:38 - [TEST_STEP][PASSED] - verifyElementText: Actual text and expected text of test object 'Object Repository/ADMIN/Admin Onboarding Page/Congratulations_Page/Textlabel_Congratulations' are matched.

2019-07-09 07:51:38 - [MESSAGE][PASSED] - Actual text and expected text of test object 'Object Repository/ADMIN/Admin Onboarding Page/Congratulations_Page/Textlabel_Congratulations' are matched.

2019-07-09 07:51:38 - [TEST_STEP][PASSED] - verifyElementText: Actual text and expected text of test object 'Object Repository/ADMIN/Admin Onboarding Page/Congratulations_Page/Textlabel_on opening your brand new' are matched.

2019-07-09 07:51:38 - [MESSAGE][PASSED] - Actual text and expected text of test object 'Object Repository/ADMIN/Admin Onboarding Page/Congratulations_Page/Textlabel_on opening your brand new' are matched.

2019-07-09 07:51:38 - [TEST_STEP][PASSED] - verifyElementText: Actual text and expected text of test object 'Object Repository/ADMIN/Admin Onboarding Page/Congratulations_Page/Textlabel_Welcome to your admin portal' are matched.

2019-07-09 07:51:38 - [MESSAGE][PASSED] - Actual text and expected text of test object 'Object Repository/ADMIN/Admin Onboarding Page/Congratulations_Page/Textlabel_Welcome to your admin portal' are matched.

2019-07-09 07:51:38 - [TEST_STEP][PASSED] - click: Object: 'Object Repository/ADMIN/Admin Onboarding Page/Congratulations_Page/Button_Okay_Congratulations' is clicked on

2019-07-09 07:51:38 - [MESSAGE][PASSED] - Object: 'Object Repository/ADMIN/Admin Onboarding Page/Congratulations_Page/Button_Okay_Congratulations' is clicked on

2019-07-09 07:51:38 - [TEST_STEP][PASSED] - click: Object: 'Object Repository/Utilities/Admin Logout/button_Logout' is clicked on

2019-07-09 07:51:39 - [MESSAGE][PASSED] - Object: 'Object Repository/Utilities/Admin Logout/button_Logout' is clicked on

2019-07-09 07:51:39 - [TEST_STEP][PASSED] - closeBrowser: Browser is closed

2019-07-09 07:51:39 - [MESSAGE][PASSED] - Browser is closed]]></system-out>
         <system-err><![CDATA[]]></system-err>
      </testcase>
      <system-out><![CDATA[2019-07-09 07:49:10 - [TEST_SUITE][PASSED] - Admin Onboarding Only(SPACETIME): Test Cases/ADMIN/Onboarding/Take Me There]]></system-out>
      <system-err><![CDATA[]]></system-err>
   </testsuite>
</testsuites>
