<?xml version="1.0" encoding="UTF-8"?>
<testsuites name="Combination_DefaultUnit" time="467" tests="33" failures="0" errors="0">
   <testsuite name="Combination_DefaultUnit" tests="33" failures="0" errors="0" time="467" timestamp="2019-05-28 14:01:33" hostname="April - April-PC" id="Test Suites/Feature Control/Booking Unit/Combination_DefaultUnit">
      <properties>
         <property name="deviceName" value=""/>
         <property name="devicePlatform" value=""/>
         <property name="logFolder" value="C:\\Users\\April\\git\\Arctick\\Arctick\\Reports\\Feature Control\\Booking Unit\\Combination_DefaultUnit\\20190528_140130"/>
         <property name="logFiles" value="C:\\Users\\April\\git\\Arctick\\Arctick\\Reports\\Feature Control\\Booking Unit\\Combination_DefaultUnit\\20190528_140130\\execution0.log"/>
         <property name="attachments" value=""/>
         <property name="hostName" value="April - April-PC"/>
         <property name="os" value="Windows 7 64bit"/>
         <property name="katalonVersion" value="5.4.2.1"/>
         <property name="browser" value="Chrome 74.0.3729.169"/>
         <property name="hostAddress" value="10.10.31.66"/>
         <property name="sessionId" value="21516bc88aea039bed75a5ed009f13dc"/>
         <property name="seleniumVersion" value="3.7.1"/>
         <property name="proxyInformation" value="ProxyInformation{proxyOption=NO_PROXY, proxyServerType=HTTP, password=, proxyServerAddress=, proxyServerPort=0}"/>
         <property name="platform" value="Windows 7"/>
      </properties>
      <testcase name="Test Cases/Utilities/ADMIN/Admin Login" classname="Test Cases/Utilities/ADMIN/Admin Login" status="PASSED">
         <system-out><![CDATA[2019-05-28 14:01:34 - [TEST_CASE][PASSED] - Test Cases/Utilities/ADMIN/Admin Login: Test Cases/Utilities/ADMIN/Admin Login

2019-05-28 14:01:34 - [TEST_STEP][PASSED] - openBrowser: Browser is opened with url: ''

2019-05-28 14:01:38 - [MESSAGE][PASSED] - Browser is opened with url: ''

2019-05-28 14:01:38 - [TEST_STEP][PASSED] - maximizeWindow: Current window maximized

2019-05-28 14:01:39 - [MESSAGE][PASSED] - Current window maximized

2019-05-28 14:01:39 - [TEST_STEP][PASSED] - navigateToUrl: Navigate to 'http://kinly.staging.arcadier.io/admin' successfully

2019-05-28 14:01:41 - [MESSAGE][PASSED] - Navigate to 'http://kinly.staging.arcadier.io/admin' successfully

2019-05-28 14:01:41 - [TEST_STEP][PASSED] - Statement - If (AdminAccountType == "custom"): Object: 'Object Repository/ADMIN/Admin Login/Admin Login/btn_signin' is clicked on

2019-05-28 14:01:41 - [TEST_STEP][PASSED] - waitForElementVisible: Object 'Object Repository/ADMIN/Admin Login/Admin Login/txtbox_username' is visible

2019-05-28 14:01:41 - [MESSAGE][WARNING] - Timeout '0' is invalid. Using default page load timeout: '30'

2019-05-28 14:01:41 - [MESSAGE][PASSED] - Object 'Object Repository/ADMIN/Admin Login/Admin Login/txtbox_username' is visible

2019-05-28 14:01:41 - [TEST_STEP][PASSED] - setText: Text 'kinly' is set on object 'Object Repository/ADMIN/Admin Login/Admin Login/txtbox_username'

2019-05-28 14:01:41 - [MESSAGE][PASSED] - Text 'kinly' is set on object 'Object Repository/ADMIN/Admin Login/Admin Login/txtbox_username'

2019-05-28 14:01:41 - [TEST_STEP][PASSED] - setText: Text 'welcome8' is set on object 'Object Repository/ADMIN/Admin Login/Admin Login/txtbox_password'

2019-05-28 14:01:42 - [MESSAGE][PASSED] - Text 'welcome8' is set on object 'Object Repository/ADMIN/Admin Login/Admin Login/txtbox_password'

2019-05-28 14:01:42 - [TEST_STEP][PASSED] - click: Object: 'Object Repository/ADMIN/Admin Login/Admin Login/btn_signin' is clicked on

2019-05-28 14:02:03 - [MESSAGE][PASSED] - Object: 'Object Repository/ADMIN/Admin Login/Admin Login/btn_signin' is clicked on]]></system-out>
         <system-err><![CDATA[]]></system-err>
      </testcase>
      <testcase name="Test Cases/ADMIN/Features Control/Booking Unit/Combination/Default/01Add_perHour" classname="Test Cases/ADMIN/Features Control/Booking Unit/Combination/Default/01Add_perHour" status="PASSED">
         <system-out><![CDATA[2019-05-28 14:02:03 - [TEST_CASE][PASSED] - Test Cases/ADMIN/Features Control/Booking Unit/Combination/Default/01Add_perHour: Test Cases/ADMIN/Features Control/Booking Unit/Combination/Default/01Add_perHour

2019-05-28 14:02:03 - [TEST_STEP][PASSED] - waitForElementVisible: Object 'Object Repository/ADMIN/Features Control/Advance Search/a_Features Control' is visible

2019-05-28 14:02:03 - [MESSAGE][WARNING] - Timeout '0' is invalid. Using default page load timeout: '30'

2019-05-28 14:02:03 - [MESSAGE][PASSED] - Object 'Object Repository/ADMIN/Features Control/Advance Search/a_Features Control' is visible

2019-05-28 14:02:03 - [TEST_STEP][PASSED] - click: Object: 'Object Repository/ADMIN/Features Control/Advance Search/a_Features Control' is clicked on

2019-05-28 14:02:05 - [MESSAGE][PASSED] - Object: 'Object Repository/ADMIN/Features Control/Advance Search/a_Features Control' is clicked on

2019-05-28 14:02:05 - [TEST_STEP][PASSED] - waitForElementVisible: Object 'Object Repository/ADMIN/Features Control/Booking Unit/button_Edit' is visible

2019-05-28 14:02:05 - [MESSAGE][WARNING] - Timeout '0' is invalid. Using default page load timeout: '30'

2019-05-28 14:02:05 - [MESSAGE][PASSED] - Object 'Object Repository/ADMIN/Features Control/Booking Unit/button_Edit' is visible

2019-05-28 14:02:05 - [TEST_STEP][PASSED] - click: Object: 'Object Repository/ADMIN/Features Control/Booking Unit/button_Edit' is clicked on

2019-05-28 14:02:09 - [MESSAGE][PASSED] - Object: 'Object Repository/ADMIN/Features Control/Booking Unit/button_Edit' is clicked on

2019-05-28 14:02:09 - [TEST_STEP][PASSED] - waitForElementVisible: Object 'Object Repository/ADMIN/Features Control/Booking Unit/icon1st_NewBookingUnit' is visible

2019-05-28 14:02:09 - [MESSAGE][WARNING] - Timeout '0' is invalid. Using default page load timeout: '30'

2019-05-28 14:02:09 - [MESSAGE][PASSED] - Object 'Object Repository/ADMIN/Features Control/Booking Unit/icon1st_NewBookingUnit' is visible

2019-05-28 14:02:09 - [TEST_STEP][PASSED] - verifyElementVisible: Object 'Object Repository/ADMIN/Features Control/Booking Unit/textlabel_NewBookingUnit' is visible

2019-05-28 14:02:09 - [MESSAGE][PASSED] - Object 'Object Repository/ADMIN/Features Control/Booking Unit/textlabel_NewBookingUnit' is visible

2019-05-28 14:02:09 - [TEST_STEP][PASSED] - delay: Delayed 1 second(s)

2019-05-28 14:02:10 - [MESSAGE][PASSED] - Delayed 1 second(s)

2019-05-28 14:02:10 - [TEST_STEP][PASSED] - click: Object: 'Object Repository/ADMIN/Features Control/Booking Unit/button_AddBookingUnit' is clicked on

2019-05-28 14:02:10 - [MESSAGE][PASSED] - Object: 'Object Repository/ADMIN/Features Control/Booking Unit/button_AddBookingUnit' is clicked on

2019-05-28 14:02:10 - [TEST_STEP][PASSED] - waitForElementVisible: Object 'Object Repository/ADMIN/Features Control/Booking Unit/a_Add New Booking Unit/textlabel_AddNewBookingUnit' is visible

2019-05-28 14:02:10 - [MESSAGE][WARNING] - Timeout '0' is invalid. Using default page load timeout: '30'

2019-05-28 14:02:10 - [MESSAGE][PASSED] - Object 'Object Repository/ADMIN/Features Control/Booking Unit/a_Add New Booking Unit/textlabel_AddNewBookingUnit' is visible

2019-05-28 14:02:10 - [TEST_STEP][PASSED] - delay: Delayed 1 second(s)

2019-05-28 14:02:11 - [MESSAGE][PASSED] - Delayed 1 second(s)

2019-05-28 14:02:11 - [TEST_STEP][PASSED] - setText: Text 'Day 1' is set on object 'Object Repository/ADMIN/Features Control/Booking Unit/a_Add New Booking Unit/textfield_UnitName'

2019-05-28 14:02:11 - [MESSAGE][PASSED] - Text 'Day 1' is set on object 'Object Repository/ADMIN/Features Control/Booking Unit/a_Add New Booking Unit/textfield_UnitName'

2019-05-28 14:02:11 - [TEST_STEP][PASSED] - delay: Delayed 1 second(s)

2019-05-28 14:02:12 - [MESSAGE][PASSED] - Delayed 1 second(s)

2019-05-28 14:02:12 - [TEST_STEP][PASSED] - click: Object: 'Object Repository/ADMIN/Features Control/Booking Unit/a_Add New Booking Unit/checkbox_Hour' is clicked on

2019-05-28 14:02:13 - [MESSAGE][PASSED] - Object: 'Object Repository/ADMIN/Features Control/Booking Unit/a_Add New Booking Unit/checkbox_Hour' is clicked on

2019-05-28 14:02:13 - [TEST_STEP][PASSED] - click: Object: 'Object Repository/ADMIN/Features Control/Booking Unit/a_Add New Booking Unit/button_Save' is clicked on

2019-05-28 14:02:13 - [MESSAGE][PASSED] - Object: 'Object Repository/ADMIN/Features Control/Booking Unit/a_Add New Booking Unit/button_Save' is clicked on

2019-05-28 14:02:13 - [TEST_STEP][PASSED] - delay: Delayed 1 second(s)

2019-05-28 14:02:14 - [MESSAGE][PASSED] - Delayed 1 second(s)

2019-05-28 14:02:14 - [TEST_STEP][PASSED] - click: Object: 'Object Repository/ADMIN/Features Control/Booking Unit/topbutton_Save' is clicked on

2019-05-28 14:02:14 - [MESSAGE][PASSED] - Object: 'Object Repository/ADMIN/Features Control/Booking Unit/topbutton_Save' is clicked on

2019-05-28 14:02:14 - [TEST_STEP][PASSED] - waitForElementVisible: Object 'Object Repository/ADMIN/Features Control/Booking Unit/a_Save Popup/button_Save' is visible

2019-05-28 14:02:14 - [MESSAGE][WARNING] - Timeout '0' is invalid. Using default page load timeout: '30'

2019-05-28 14:02:14 - [MESSAGE][PASSED] - Object 'Object Repository/ADMIN/Features Control/Booking Unit/a_Save Popup/button_Save' is visible

2019-05-28 14:02:14 - [TEST_STEP][PASSED] - click: Object: 'Object Repository/ADMIN/Features Control/Booking Unit/a_Save Popup/button_Save' is clicked on

2019-05-28 14:02:14 - [MESSAGE][PASSED] - Object: 'Object Repository/ADMIN/Features Control/Booking Unit/a_Save Popup/button_Save' is clicked on

2019-05-28 14:02:14 - [TEST_STEP][PASSED] - waitForElementVisible: Object 'Object Repository/ADMIN/Features Control/Booking Unit/a_ToasterMessage/toaster_SaveSuccessfully' is visible

2019-05-28 14:02:14 - [MESSAGE][WARNING] - Timeout '0' is invalid. Using default page load timeout: '30'

2019-05-28 14:02:16 - [MESSAGE][PASSED] - Object 'Object Repository/ADMIN/Features Control/Booking Unit/a_ToasterMessage/toaster_SaveSuccessfully' is visible

2019-05-28 14:02:16 - [TEST_STEP][PASSED] - waitForElementNotPresent: Web element with id: 'Object Repository/ADMIN/Features Control/Booking Unit/a_ToasterMessage/toaster_SaveSuccessfully' located by 'By.xpath: //div[@class = 'toast toast-success' and (text() = 'Save successfully' or . = 'Save successfully')]' is not present after '30' second(s)

2019-05-28 14:02:16 - [MESSAGE][WARNING] - Timeout '0' is invalid. Using default page load timeout: '30'

2019-05-28 14:02:23 - [MESSAGE][PASSED] - Web element with id: 'Object Repository/ADMIN/Features Control/Booking Unit/a_ToasterMessage/toaster_SaveSuccessfully' located by 'By.xpath: //div[@class = 'toast toast-success' and (text() = 'Save successfully' or . = 'Save successfully')]' is not present after '30' second(s)]]></system-out>
         <system-err><![CDATA[]]></system-err>
      </testcase>
      <testcase name="Test Cases/ADMIN/Features Control/Booking Unit/Combination/Default/02Add_perDay" classname="Test Cases/ADMIN/Features Control/Booking Unit/Combination/Default/02Add_perDay" status="PASSED">
         <system-out><![CDATA[2019-05-28 14:02:23 - [TEST_CASE][PASSED] - Test Cases/ADMIN/Features Control/Booking Unit/Combination/Default/02Add_perDay: Test Cases/ADMIN/Features Control/Booking Unit/Combination/Default/02Add_perDay

2019-05-28 14:02:23 - [TEST_STEP][PASSED] - waitForElementVisible: Object 'Object Repository/ADMIN/Features Control/Advance Search/a_Features Control' is visible

2019-05-28 14:02:23 - [MESSAGE][WARNING] - Timeout '0' is invalid. Using default page load timeout: '30'

2019-05-28 14:02:23 - [MESSAGE][PASSED] - Object 'Object Repository/ADMIN/Features Control/Advance Search/a_Features Control' is visible

2019-05-28 14:02:23 - [TEST_STEP][PASSED] - click: Object: 'Object Repository/ADMIN/Features Control/Advance Search/a_Features Control' is clicked on

2019-05-28 14:02:25 - [MESSAGE][PASSED] - Object: 'Object Repository/ADMIN/Features Control/Advance Search/a_Features Control' is clicked on

2019-05-28 14:02:25 - [TEST_STEP][PASSED] - waitForElementVisible: Object 'Object Repository/ADMIN/Features Control/Booking Unit/button_Edit' is visible

2019-05-28 14:02:25 - [MESSAGE][WARNING] - Timeout '0' is invalid. Using default page load timeout: '30'

2019-05-28 14:02:25 - [MESSAGE][PASSED] - Object 'Object Repository/ADMIN/Features Control/Booking Unit/button_Edit' is visible

2019-05-28 14:02:25 - [TEST_STEP][PASSED] - click: Object: 'Object Repository/ADMIN/Features Control/Booking Unit/button_Edit' is clicked on

2019-05-28 14:02:26 - [MESSAGE][PASSED] - Object: 'Object Repository/ADMIN/Features Control/Booking Unit/button_Edit' is clicked on

2019-05-28 14:02:26 - [TEST_STEP][PASSED] - waitForElementVisible: Object 'Object Repository/ADMIN/Features Control/Booking Unit/icon1st_NewBookingUnit' is visible

2019-05-28 14:02:26 - [MESSAGE][WARNING] - Timeout '0' is invalid. Using default page load timeout: '30'

2019-05-28 14:02:26 - [MESSAGE][PASSED] - Object 'Object Repository/ADMIN/Features Control/Booking Unit/icon1st_NewBookingUnit' is visible

2019-05-28 14:02:26 - [TEST_STEP][PASSED] - verifyElementVisible: Object 'Object Repository/ADMIN/Features Control/Booking Unit/textlabel_NewBookingUnit' is visible

2019-05-28 14:02:26 - [MESSAGE][PASSED] - Object 'Object Repository/ADMIN/Features Control/Booking Unit/textlabel_NewBookingUnit' is visible

2019-05-28 14:02:26 - [TEST_STEP][PASSED] - delay: Delayed 1 second(s)

2019-05-28 14:02:27 - [MESSAGE][PASSED] - Delayed 1 second(s)

2019-05-28 14:02:27 - [TEST_STEP][PASSED] - click: Object: 'Object Repository/ADMIN/Features Control/Booking Unit/button_AddBookingUnit' is clicked on

2019-05-28 14:02:27 - [MESSAGE][PASSED] - Object: 'Object Repository/ADMIN/Features Control/Booking Unit/button_AddBookingUnit' is clicked on

2019-05-28 14:02:27 - [TEST_STEP][PASSED] - waitForElementVisible: Object 'Object Repository/ADMIN/Features Control/Booking Unit/a_Add New Booking Unit/textlabel_AddNewBookingUnit' is visible

2019-05-28 14:02:27 - [MESSAGE][WARNING] - Timeout '0' is invalid. Using default page load timeout: '30'

2019-05-28 14:02:27 - [MESSAGE][PASSED] - Object 'Object Repository/ADMIN/Features Control/Booking Unit/a_Add New Booking Unit/textlabel_AddNewBookingUnit' is visible

2019-05-28 14:02:27 - [TEST_STEP][PASSED] - delay: Delayed 1 second(s)

2019-05-28 14:02:29 - [MESSAGE][PASSED] - Delayed 1 second(s)

2019-05-28 14:02:29 - [TEST_STEP][PASSED] - setText: Text 'Day 2' is set on object 'Object Repository/ADMIN/Features Control/Booking Unit/a_Add New Booking Unit/textfield_UnitName'

2019-05-28 14:02:29 - [MESSAGE][PASSED] - Text 'Day 2' is set on object 'Object Repository/ADMIN/Features Control/Booking Unit/a_Add New Booking Unit/textfield_UnitName'

2019-05-28 14:02:29 - [TEST_STEP][PASSED] - delay: Delayed 1 second(s)

2019-05-28 14:02:30 - [MESSAGE][PASSED] - Delayed 1 second(s)

2019-05-28 14:02:30 - [TEST_STEP][PASSED] - click: Object: 'Object Repository/ADMIN/Features Control/Booking Unit/a_Add New Booking Unit/checkbox_Day' is clicked on

2019-05-28 14:02:30 - [MESSAGE][PASSED] - Object: 'Object Repository/ADMIN/Features Control/Booking Unit/a_Add New Booking Unit/checkbox_Day' is clicked on

2019-05-28 14:02:30 - [TEST_STEP][PASSED] - click: Object: 'Object Repository/ADMIN/Features Control/Booking Unit/a_Add New Booking Unit/button_Save' is clicked on

2019-05-28 14:02:30 - [MESSAGE][PASSED] - Object: 'Object Repository/ADMIN/Features Control/Booking Unit/a_Add New Booking Unit/button_Save' is clicked on

2019-05-28 14:02:30 - [TEST_STEP][PASSED] - delay: Delayed 1 second(s)

2019-05-28 14:02:31 - [MESSAGE][PASSED] - Delayed 1 second(s)

2019-05-28 14:02:31 - [TEST_STEP][PASSED] - click: Object: 'Object Repository/ADMIN/Features Control/Booking Unit/topbutton_Save' is clicked on

2019-05-28 14:02:31 - [MESSAGE][PASSED] - Object: 'Object Repository/ADMIN/Features Control/Booking Unit/topbutton_Save' is clicked on

2019-05-28 14:02:31 - [TEST_STEP][PASSED] - waitForElementVisible: Object 'Object Repository/ADMIN/Features Control/Booking Unit/a_Save Popup/button_Save' is visible

2019-05-28 14:02:31 - [MESSAGE][WARNING] - Timeout '0' is invalid. Using default page load timeout: '30'

2019-05-28 14:02:31 - [MESSAGE][PASSED] - Object 'Object Repository/ADMIN/Features Control/Booking Unit/a_Save Popup/button_Save' is visible

2019-05-28 14:02:31 - [TEST_STEP][PASSED] - click: Object: 'Object Repository/ADMIN/Features Control/Booking Unit/a_Save Popup/button_Save' is clicked on

2019-05-28 14:02:31 - [MESSAGE][PASSED] - Object: 'Object Repository/ADMIN/Features Control/Booking Unit/a_Save Popup/button_Save' is clicked on

2019-05-28 14:02:31 - [TEST_STEP][PASSED] - waitForElementVisible: Object 'Object Repository/ADMIN/Features Control/Booking Unit/a_ToasterMessage/toaster_SaveSuccessfully' is visible

2019-05-28 14:02:31 - [MESSAGE][WARNING] - Timeout '0' is invalid. Using default page load timeout: '30'

2019-05-28 14:02:32 - [MESSAGE][PASSED] - Object 'Object Repository/ADMIN/Features Control/Booking Unit/a_ToasterMessage/toaster_SaveSuccessfully' is visible

2019-05-28 14:02:32 - [TEST_STEP][PASSED] - waitForElementNotPresent: Web element with id: 'Object Repository/ADMIN/Features Control/Booking Unit/a_ToasterMessage/toaster_SaveSuccessfully' located by 'By.xpath: //div[@class = 'toast toast-success' and (text() = 'Save successfully' or . = 'Save successfully')]' is not present after '30' second(s)

2019-05-28 14:02:32 - [MESSAGE][WARNING] - Timeout '0' is invalid. Using default page load timeout: '30'

2019-05-28 14:02:38 - [MESSAGE][PASSED] - Web element with id: 'Object Repository/ADMIN/Features Control/Booking Unit/a_ToasterMessage/toaster_SaveSuccessfully' located by 'By.xpath: //div[@class = 'toast toast-success' and (text() = 'Save successfully' or . = 'Save successfully')]' is not present after '30' second(s)]]></system-out>
         <system-err><![CDATA[]]></system-err>
      </testcase>
      <testcase name="Test Cases/ADMIN/Features Control/Booking Unit/Combination/Default/03Add_perWeek" classname="Test Cases/ADMIN/Features Control/Booking Unit/Combination/Default/03Add_perWeek" status="PASSED">
         <system-out><![CDATA[2019-05-28 14:02:38 - [TEST_CASE][PASSED] - Test Cases/ADMIN/Features Control/Booking Unit/Combination/Default/03Add_perWeek: Test Cases/ADMIN/Features Control/Booking Unit/Combination/Default/03Add_perWeek

2019-05-28 14:02:38 - [TEST_STEP][PASSED] - waitForElementVisible: Object 'Object Repository/ADMIN/Features Control/Advance Search/a_Features Control' is visible

2019-05-28 14:02:38 - [MESSAGE][WARNING] - Timeout '0' is invalid. Using default page load timeout: '30'

2019-05-28 14:02:38 - [MESSAGE][PASSED] - Object 'Object Repository/ADMIN/Features Control/Advance Search/a_Features Control' is visible

2019-05-28 14:02:38 - [TEST_STEP][PASSED] - click: Object: 'Object Repository/ADMIN/Features Control/Advance Search/a_Features Control' is clicked on

2019-05-28 14:02:38 - [MESSAGE][PASSED] - Object: 'Object Repository/ADMIN/Features Control/Advance Search/a_Features Control' is clicked on

2019-05-28 14:02:38 - [TEST_STEP][PASSED] - waitForElementVisible: Object 'Object Repository/ADMIN/Features Control/Booking Unit/button_Edit' is visible

2019-05-28 14:02:38 - [MESSAGE][WARNING] - Timeout '0' is invalid. Using default page load timeout: '30'

2019-05-28 14:02:39 - [MESSAGE][PASSED] - Object 'Object Repository/ADMIN/Features Control/Booking Unit/button_Edit' is visible

2019-05-28 14:02:39 - [TEST_STEP][PASSED] - click: Object: 'Object Repository/ADMIN/Features Control/Booking Unit/button_Edit' is clicked on

2019-05-28 14:02:39 - [MESSAGE][PASSED] - Object: 'Object Repository/ADMIN/Features Control/Booking Unit/button_Edit' is clicked on

2019-05-28 14:02:39 - [TEST_STEP][PASSED] - waitForElementVisible: Object 'Object Repository/ADMIN/Features Control/Booking Unit/icon1st_NewBookingUnit' is visible

2019-05-28 14:02:39 - [MESSAGE][WARNING] - Timeout '0' is invalid. Using default page load timeout: '30'

2019-05-28 14:02:40 - [MESSAGE][PASSED] - Object 'Object Repository/ADMIN/Features Control/Booking Unit/icon1st_NewBookingUnit' is visible

2019-05-28 14:02:40 - [TEST_STEP][PASSED] - verifyElementVisible: Object 'Object Repository/ADMIN/Features Control/Booking Unit/textlabel_NewBookingUnit' is visible

2019-05-28 14:02:40 - [MESSAGE][PASSED] - Object 'Object Repository/ADMIN/Features Control/Booking Unit/textlabel_NewBookingUnit' is visible

2019-05-28 14:02:40 - [TEST_STEP][PASSED] - delay: Delayed 1 second(s)

2019-05-28 14:02:41 - [MESSAGE][PASSED] - Delayed 1 second(s)

2019-05-28 14:02:41 - [TEST_STEP][PASSED] - click: Object: 'Object Repository/ADMIN/Features Control/Booking Unit/button_AddBookingUnit' is clicked on

2019-05-28 14:02:41 - [MESSAGE][PASSED] - Object: 'Object Repository/ADMIN/Features Control/Booking Unit/button_AddBookingUnit' is clicked on

2019-05-28 14:02:41 - [TEST_STEP][PASSED] - waitForElementVisible: Object 'Object Repository/ADMIN/Features Control/Booking Unit/a_Add New Booking Unit/textlabel_AddNewBookingUnit' is visible

2019-05-28 14:02:41 - [MESSAGE][WARNING] - Timeout '0' is invalid. Using default page load timeout: '30'

2019-05-28 14:02:41 - [MESSAGE][PASSED] - Object 'Object Repository/ADMIN/Features Control/Booking Unit/a_Add New Booking Unit/textlabel_AddNewBookingUnit' is visible

2019-05-28 14:02:41 - [TEST_STEP][PASSED] - delay: Delayed 1 second(s)

2019-05-28 14:02:42 - [MESSAGE][PASSED] - Delayed 1 second(s)

2019-05-28 14:02:42 - [TEST_STEP][PASSED] - setText: Text 'Day 3' is set on object 'Object Repository/ADMIN/Features Control/Booking Unit/a_Add New Booking Unit/textfield_UnitName'

2019-05-28 14:02:42 - [MESSAGE][PASSED] - Text 'Day 3' is set on object 'Object Repository/ADMIN/Features Control/Booking Unit/a_Add New Booking Unit/textfield_UnitName'

2019-05-28 14:02:42 - [TEST_STEP][PASSED] - delay: Delayed 1 second(s)

2019-05-28 14:02:43 - [MESSAGE][PASSED] - Delayed 1 second(s)

2019-05-28 14:02:43 - [TEST_STEP][PASSED] - click: Object: 'Object Repository/ADMIN/Features Control/Booking Unit/a_Add New Booking Unit/checkbox_Week' is clicked on

2019-05-28 14:02:43 - [MESSAGE][PASSED] - Object: 'Object Repository/ADMIN/Features Control/Booking Unit/a_Add New Booking Unit/checkbox_Week' is clicked on

2019-05-28 14:02:43 - [TEST_STEP][PASSED] - click: Object: 'Object Repository/ADMIN/Features Control/Booking Unit/a_Add New Booking Unit/button_Save' is clicked on

2019-05-28 14:02:43 - [MESSAGE][PASSED] - Object: 'Object Repository/ADMIN/Features Control/Booking Unit/a_Add New Booking Unit/button_Save' is clicked on

2019-05-28 14:02:43 - [TEST_STEP][PASSED] - delay: Delayed 1 second(s)

2019-05-28 14:02:44 - [MESSAGE][PASSED] - Delayed 1 second(s)

2019-05-28 14:02:44 - [TEST_STEP][PASSED] - click: Object: 'Object Repository/ADMIN/Features Control/Booking Unit/topbutton_Save' is clicked on

2019-05-28 14:02:44 - [MESSAGE][PASSED] - Object: 'Object Repository/ADMIN/Features Control/Booking Unit/topbutton_Save' is clicked on

2019-05-28 14:02:44 - [TEST_STEP][PASSED] - waitForElementVisible: Object 'Object Repository/ADMIN/Features Control/Booking Unit/a_Save Popup/button_Save' is visible

2019-05-28 14:02:44 - [MESSAGE][WARNING] - Timeout '0' is invalid. Using default page load timeout: '30'

2019-05-28 14:02:44 - [MESSAGE][PASSED] - Object 'Object Repository/ADMIN/Features Control/Booking Unit/a_Save Popup/button_Save' is visible

2019-05-28 14:02:44 - [TEST_STEP][PASSED] - click: Object: 'Object Repository/ADMIN/Features Control/Booking Unit/a_Save Popup/button_Save' is clicked on

2019-05-28 14:02:45 - [MESSAGE][PASSED] - Object: 'Object Repository/ADMIN/Features Control/Booking Unit/a_Save Popup/button_Save' is clicked on

2019-05-28 14:02:45 - [TEST_STEP][PASSED] - waitForElementVisible: Object 'Object Repository/ADMIN/Features Control/Booking Unit/a_ToasterMessage/toaster_SaveSuccessfully' is visible

2019-05-28 14:02:45 - [MESSAGE][WARNING] - Timeout '0' is invalid. Using default page load timeout: '30'

2019-05-28 14:02:45 - [MESSAGE][PASSED] - Object 'Object Repository/ADMIN/Features Control/Booking Unit/a_ToasterMessage/toaster_SaveSuccessfully' is visible

2019-05-28 14:02:45 - [TEST_STEP][PASSED] - waitForElementNotPresent: Web element with id: 'Object Repository/ADMIN/Features Control/Booking Unit/a_ToasterMessage/toaster_SaveSuccessfully' located by 'By.xpath: //div[@class = 'toast toast-success' and (text() = 'Save successfully' or . = 'Save successfully')]' is not present after '30' second(s)

2019-05-28 14:02:45 - [MESSAGE][WARNING] - Timeout '0' is invalid. Using default page load timeout: '30'

2019-05-28 14:02:51 - [MESSAGE][PASSED] - Web element with id: 'Object Repository/ADMIN/Features Control/Booking Unit/a_ToasterMessage/toaster_SaveSuccessfully' located by 'By.xpath: //div[@class = 'toast toast-success' and (text() = 'Save successfully' or . = 'Save successfully')]' is not present after '30' second(s)]]></system-out>
         <system-err><![CDATA[]]></system-err>
      </testcase>
      <testcase name="Test Cases/ADMIN/Features Control/Booking Unit/Combination/Default/04Add_perMonth" classname="Test Cases/ADMIN/Features Control/Booking Unit/Combination/Default/04Add_perMonth" status="PASSED">
         <system-out><![CDATA[2019-05-28 14:02:51 - [TEST_CASE][PASSED] - Test Cases/ADMIN/Features Control/Booking Unit/Combination/Default/04Add_perMonth: Test Cases/ADMIN/Features Control/Booking Unit/Combination/Default/04Add_perMonth

2019-05-28 14:02:51 - [TEST_STEP][PASSED] - waitForElementVisible: Object 'Object Repository/ADMIN/Features Control/Advance Search/a_Features Control' is visible

2019-05-28 14:02:51 - [MESSAGE][WARNING] - Timeout '0' is invalid. Using default page load timeout: '30'

2019-05-28 14:02:51 - [MESSAGE][PASSED] - Object 'Object Repository/ADMIN/Features Control/Advance Search/a_Features Control' is visible

2019-05-28 14:02:51 - [TEST_STEP][PASSED] - click: Object: 'Object Repository/ADMIN/Features Control/Advance Search/a_Features Control' is clicked on

2019-05-28 14:02:52 - [MESSAGE][PASSED] - Object: 'Object Repository/ADMIN/Features Control/Advance Search/a_Features Control' is clicked on

2019-05-28 14:02:52 - [TEST_STEP][PASSED] - waitForElementVisible: Object 'Object Repository/ADMIN/Features Control/Booking Unit/button_Edit' is visible

2019-05-28 14:02:52 - [MESSAGE][WARNING] - Timeout '0' is invalid. Using default page load timeout: '30'

2019-05-28 14:02:52 - [MESSAGE][PASSED] - Object 'Object Repository/ADMIN/Features Control/Booking Unit/button_Edit' is visible

2019-05-28 14:02:52 - [TEST_STEP][PASSED] - click: Object: 'Object Repository/ADMIN/Features Control/Booking Unit/button_Edit' is clicked on

2019-05-28 14:02:53 - [MESSAGE][PASSED] - Object: 'Object Repository/ADMIN/Features Control/Booking Unit/button_Edit' is clicked on

2019-05-28 14:02:53 - [TEST_STEP][PASSED] - waitForElementVisible: Object 'Object Repository/ADMIN/Features Control/Booking Unit/icon1st_NewBookingUnit' is visible

2019-05-28 14:02:53 - [MESSAGE][WARNING] - Timeout '0' is invalid. Using default page load timeout: '30'

2019-05-28 14:02:53 - [MESSAGE][PASSED] - Object 'Object Repository/ADMIN/Features Control/Booking Unit/icon1st_NewBookingUnit' is visible

2019-05-28 14:02:53 - [TEST_STEP][PASSED] - verifyElementVisible: Object 'Object Repository/ADMIN/Features Control/Booking Unit/textlabel_NewBookingUnit' is visible

2019-05-28 14:02:53 - [MESSAGE][PASSED] - Object 'Object Repository/ADMIN/Features Control/Booking Unit/textlabel_NewBookingUnit' is visible

2019-05-28 14:02:53 - [TEST_STEP][PASSED] - delay: Delayed 1 second(s)

2019-05-28 14:02:54 - [MESSAGE][PASSED] - Delayed 1 second(s)

2019-05-28 14:02:54 - [TEST_STEP][PASSED] - click: Object: 'Object Repository/ADMIN/Features Control/Booking Unit/button_AddBookingUnit' is clicked on

2019-05-28 14:02:55 - [MESSAGE][PASSED] - Object: 'Object Repository/ADMIN/Features Control/Booking Unit/button_AddBookingUnit' is clicked on

2019-05-28 14:02:55 - [TEST_STEP][PASSED] - waitForElementVisible: Object 'Object Repository/ADMIN/Features Control/Booking Unit/a_Add New Booking Unit/textlabel_AddNewBookingUnit' is visible

2019-05-28 14:02:55 - [MESSAGE][WARNING] - Timeout '0' is invalid. Using default page load timeout: '30'

2019-05-28 14:02:55 - [MESSAGE][PASSED] - Object 'Object Repository/ADMIN/Features Control/Booking Unit/a_Add New Booking Unit/textlabel_AddNewBookingUnit' is visible

2019-05-28 14:02:55 - [TEST_STEP][PASSED] - delay: Delayed 1 second(s)

2019-05-28 14:02:56 - [MESSAGE][PASSED] - Delayed 1 second(s)

2019-05-28 14:02:56 - [TEST_STEP][PASSED] - setText: Text 'Day 4' is set on object 'Object Repository/ADMIN/Features Control/Booking Unit/a_Add New Booking Unit/textfield_UnitName'

2019-05-28 14:02:56 - [MESSAGE][PASSED] - Text 'Day 4' is set on object 'Object Repository/ADMIN/Features Control/Booking Unit/a_Add New Booking Unit/textfield_UnitName'

2019-05-28 14:02:56 - [TEST_STEP][PASSED] - delay: Delayed 1 second(s)

2019-05-28 14:02:57 - [MESSAGE][PASSED] - Delayed 1 second(s)

2019-05-28 14:02:57 - [TEST_STEP][PASSED] - click: Object: 'Object Repository/ADMIN/Features Control/Booking Unit/a_Add New Booking Unit/checkbox_Month' is clicked on

2019-05-28 14:02:57 - [MESSAGE][PASSED] - Object: 'Object Repository/ADMIN/Features Control/Booking Unit/a_Add New Booking Unit/checkbox_Month' is clicked on

2019-05-28 14:02:57 - [TEST_STEP][PASSED] - click: Object: 'Object Repository/ADMIN/Features Control/Booking Unit/a_Add New Booking Unit/button_Save' is clicked on

2019-05-28 14:02:57 - [MESSAGE][PASSED] - Object: 'Object Repository/ADMIN/Features Control/Booking Unit/a_Add New Booking Unit/button_Save' is clicked on

2019-05-28 14:02:57 - [TEST_STEP][PASSED] - delay: Delayed 1 second(s)

2019-05-28 14:02:58 - [MESSAGE][PASSED] - Delayed 1 second(s)

2019-05-28 14:02:58 - [TEST_STEP][PASSED] - click: Object: 'Object Repository/ADMIN/Features Control/Booking Unit/topbutton_Save' is clicked on

2019-05-28 14:02:58 - [MESSAGE][PASSED] - Object: 'Object Repository/ADMIN/Features Control/Booking Unit/topbutton_Save' is clicked on

2019-05-28 14:02:58 - [TEST_STEP][PASSED] - waitForElementVisible: Object 'Object Repository/ADMIN/Features Control/Booking Unit/a_Save Popup/button_Save' is visible

2019-05-28 14:02:58 - [MESSAGE][WARNING] - Timeout '0' is invalid. Using default page load timeout: '30'

2019-05-28 14:02:58 - [MESSAGE][PASSED] - Object 'Object Repository/ADMIN/Features Control/Booking Unit/a_Save Popup/button_Save' is visible

2019-05-28 14:02:58 - [TEST_STEP][PASSED] - click: Object: 'Object Repository/ADMIN/Features Control/Booking Unit/a_Save Popup/button_Save' is clicked on

2019-05-28 14:02:58 - [MESSAGE][PASSED] - Object: 'Object Repository/ADMIN/Features Control/Booking Unit/a_Save Popup/button_Save' is clicked on

2019-05-28 14:02:58 - [TEST_STEP][PASSED] - waitForElementVisible: Object 'Object Repository/ADMIN/Features Control/Booking Unit/a_ToasterMessage/toaster_SaveSuccessfully' is visible

2019-05-28 14:02:58 - [MESSAGE][WARNING] - Timeout '0' is invalid. Using default page load timeout: '30'

2019-05-28 14:02:59 - [MESSAGE][PASSED] - Object 'Object Repository/ADMIN/Features Control/Booking Unit/a_ToasterMessage/toaster_SaveSuccessfully' is visible

2019-05-28 14:02:59 - [TEST_STEP][PASSED] - waitForElementNotPresent: Web element with id: 'Object Repository/ADMIN/Features Control/Booking Unit/a_ToasterMessage/toaster_SaveSuccessfully' located by 'By.xpath: //div[@class = 'toast toast-success' and (text() = 'Save successfully' or . = 'Save successfully')]' is not present after '30' second(s)

2019-05-28 14:02:59 - [MESSAGE][WARNING] - Timeout '0' is invalid. Using default page load timeout: '30'

2019-05-28 14:03:05 - [MESSAGE][PASSED] - Web element with id: 'Object Repository/ADMIN/Features Control/Booking Unit/a_ToasterMessage/toaster_SaveSuccessfully' located by 'By.xpath: //div[@class = 'toast toast-success' and (text() = 'Save successfully' or . = 'Save successfully')]' is not present after '30' second(s)]]></system-out>
         <system-err><![CDATA[]]></system-err>
      </testcase>
      <testcase name="Test Cases/ADMIN/Features Control/Booking Unit/Combination/Default/05Add_perCustom" classname="Test Cases/ADMIN/Features Control/Booking Unit/Combination/Default/05Add_perCustom" status="PASSED">
         <system-out><![CDATA[2019-05-28 14:03:05 - [TEST_CASE][PASSED] - Test Cases/ADMIN/Features Control/Booking Unit/Combination/Default/05Add_perCustom: Test Cases/ADMIN/Features Control/Booking Unit/Combination/Default/05Add_perCustom

2019-05-28 14:03:05 - [TEST_STEP][PASSED] - waitForElementVisible: Object 'Object Repository/ADMIN/Features Control/Advance Search/a_Features Control' is visible

2019-05-28 14:03:05 - [MESSAGE][WARNING] - Timeout '0' is invalid. Using default page load timeout: '30'

2019-05-28 14:03:05 - [MESSAGE][PASSED] - Object 'Object Repository/ADMIN/Features Control/Advance Search/a_Features Control' is visible

2019-05-28 14:03:05 - [TEST_STEP][PASSED] - click: Object: 'Object Repository/ADMIN/Features Control/Advance Search/a_Features Control' is clicked on

2019-05-28 14:03:06 - [MESSAGE][PASSED] - Object: 'Object Repository/ADMIN/Features Control/Advance Search/a_Features Control' is clicked on

2019-05-28 14:03:06 - [TEST_STEP][PASSED] - waitForElementVisible: Object 'Object Repository/ADMIN/Features Control/Booking Unit/button_Edit' is visible

2019-05-28 14:03:06 - [MESSAGE][WARNING] - Timeout '0' is invalid. Using default page load timeout: '30'

2019-05-28 14:03:06 - [MESSAGE][PASSED] - Object 'Object Repository/ADMIN/Features Control/Booking Unit/button_Edit' is visible

2019-05-28 14:03:06 - [TEST_STEP][PASSED] - click: Object: 'Object Repository/ADMIN/Features Control/Booking Unit/button_Edit' is clicked on

2019-05-28 14:03:07 - [MESSAGE][PASSED] - Object: 'Object Repository/ADMIN/Features Control/Booking Unit/button_Edit' is clicked on

2019-05-28 14:03:07 - [TEST_STEP][PASSED] - waitForElementVisible: Object 'Object Repository/ADMIN/Features Control/Booking Unit/icon1st_NewBookingUnit' is visible

2019-05-28 14:03:07 - [MESSAGE][WARNING] - Timeout '0' is invalid. Using default page load timeout: '30'

2019-05-28 14:03:07 - [MESSAGE][PASSED] - Object 'Object Repository/ADMIN/Features Control/Booking Unit/icon1st_NewBookingUnit' is visible

2019-05-28 14:03:07 - [TEST_STEP][PASSED] - verifyElementVisible: Object 'Object Repository/ADMIN/Features Control/Booking Unit/textlabel_NewBookingUnit' is visible

2019-05-28 14:03:07 - [MESSAGE][PASSED] - Object 'Object Repository/ADMIN/Features Control/Booking Unit/textlabel_NewBookingUnit' is visible

2019-05-28 14:03:07 - [TEST_STEP][PASSED] - delay: Delayed 1 second(s)

2019-05-28 14:03:08 - [MESSAGE][PASSED] - Delayed 1 second(s)

2019-05-28 14:03:08 - [TEST_STEP][PASSED] - click: Object: 'Object Repository/ADMIN/Features Control/Booking Unit/button_AddBookingUnit' is clicked on

2019-05-28 14:03:08 - [MESSAGE][PASSED] - Object: 'Object Repository/ADMIN/Features Control/Booking Unit/button_AddBookingUnit' is clicked on

2019-05-28 14:03:08 - [TEST_STEP][PASSED] - waitForElementVisible: Object 'Object Repository/ADMIN/Features Control/Booking Unit/a_Add New Booking Unit/textlabel_AddNewBookingUnit' is visible

2019-05-28 14:03:08 - [MESSAGE][WARNING] - Timeout '0' is invalid. Using default page load timeout: '30'

2019-05-28 14:03:08 - [MESSAGE][PASSED] - Object 'Object Repository/ADMIN/Features Control/Booking Unit/a_Add New Booking Unit/textlabel_AddNewBookingUnit' is visible

2019-05-28 14:03:08 - [TEST_STEP][PASSED] - delay: Delayed 1 second(s)

2019-05-28 14:03:09 - [MESSAGE][PASSED] - Delayed 1 second(s)

2019-05-28 14:03:09 - [TEST_STEP][PASSED] - setText: Text 'Day 5' is set on object 'Object Repository/ADMIN/Features Control/Booking Unit/a_Add New Booking Unit/textfield_UnitName'

2019-05-28 14:03:09 - [MESSAGE][PASSED] - Text 'Day 5' is set on object 'Object Repository/ADMIN/Features Control/Booking Unit/a_Add New Booking Unit/textfield_UnitName'

2019-05-28 14:03:09 - [TEST_STEP][PASSED] - delay: Delayed 1 second(s)

2019-05-28 14:03:10 - [MESSAGE][PASSED] - Delayed 1 second(s)

2019-05-28 14:03:10 - [TEST_STEP][PASSED] - click: Object: 'Object Repository/ADMIN/Features Control/Booking Unit/a_Add New Booking Unit/checkbox_Custom' is clicked on

2019-05-28 14:03:10 - [MESSAGE][PASSED] - Object: 'Object Repository/ADMIN/Features Control/Booking Unit/a_Add New Booking Unit/checkbox_Custom' is clicked on

2019-05-28 14:03:10 - [TEST_STEP][PASSED] - click: Object: 'Object Repository/ADMIN/Features Control/Booking Unit/a_Add New Booking Unit/button_Save' is clicked on

2019-05-28 14:03:11 - [MESSAGE][PASSED] - Object: 'Object Repository/ADMIN/Features Control/Booking Unit/a_Add New Booking Unit/button_Save' is clicked on

2019-05-28 14:03:11 - [TEST_STEP][PASSED] - delay: Delayed 1 second(s)

2019-05-28 14:03:12 - [MESSAGE][PASSED] - Delayed 1 second(s)

2019-05-28 14:03:12 - [TEST_STEP][PASSED] - click: Object: 'Object Repository/ADMIN/Features Control/Booking Unit/topbutton_Save' is clicked on

2019-05-28 14:03:12 - [MESSAGE][PASSED] - Object: 'Object Repository/ADMIN/Features Control/Booking Unit/topbutton_Save' is clicked on

2019-05-28 14:03:12 - [TEST_STEP][PASSED] - waitForElementVisible: Object 'Object Repository/ADMIN/Features Control/Booking Unit/a_Save Popup/button_Save' is visible

2019-05-28 14:03:12 - [MESSAGE][WARNING] - Timeout '0' is invalid. Using default page load timeout: '30'

2019-05-28 14:03:12 - [MESSAGE][PASSED] - Object 'Object Repository/ADMIN/Features Control/Booking Unit/a_Save Popup/button_Save' is visible

2019-05-28 14:03:12 - [TEST_STEP][PASSED] - click: Object: 'Object Repository/ADMIN/Features Control/Booking Unit/a_Save Popup/button_Save' is clicked on

2019-05-28 14:03:12 - [MESSAGE][PASSED] - Object: 'Object Repository/ADMIN/Features Control/Booking Unit/a_Save Popup/button_Save' is clicked on

2019-05-28 14:03:12 - [TEST_STEP][PASSED] - waitForElementVisible: Object 'Object Repository/ADMIN/Features Control/Booking Unit/a_ToasterMessage/toaster_SaveSuccessfully' is visible

2019-05-28 14:03:12 - [MESSAGE][WARNING] - Timeout '0' is invalid. Using default page load timeout: '30'

2019-05-28 14:03:12 - [MESSAGE][PASSED] - Object 'Object Repository/ADMIN/Features Control/Booking Unit/a_ToasterMessage/toaster_SaveSuccessfully' is visible

2019-05-28 14:03:12 - [TEST_STEP][PASSED] - waitForElementNotPresent: Web element with id: 'Object Repository/ADMIN/Features Control/Booking Unit/a_ToasterMessage/toaster_SaveSuccessfully' located by 'By.xpath: //div[@class = 'toast toast-success' and (text() = 'Save successfully' or . = 'Save successfully')]' is not present after '30' second(s)

2019-05-28 14:03:12 - [MESSAGE][WARNING] - Timeout '0' is invalid. Using default page load timeout: '30'

2019-05-28 14:03:18 - [MESSAGE][PASSED] - Web element with id: 'Object Repository/ADMIN/Features Control/Booking Unit/a_ToasterMessage/toaster_SaveSuccessfully' located by 'By.xpath: //div[@class = 'toast toast-success' and (text() = 'Save successfully' or . = 'Save successfully')]' is not present after '30' second(s)]]></system-out>
         <system-err><![CDATA[]]></system-err>
      </testcase>
      <testcase name="Test Cases/ADMIN/Features Control/Booking Unit/Combination/Default/06Add_HourDay" classname="Test Cases/ADMIN/Features Control/Booking Unit/Combination/Default/06Add_HourDay" status="PASSED">
         <system-out><![CDATA[2019-05-28 14:03:18 - [TEST_CASE][PASSED] - Test Cases/ADMIN/Features Control/Booking Unit/Combination/Default/06Add_HourDay: Test Cases/ADMIN/Features Control/Booking Unit/Combination/Default/06Add_HourDay

2019-05-28 14:03:18 - [TEST_STEP][PASSED] - waitForElementVisible: Object 'Object Repository/ADMIN/Features Control/Advance Search/a_Features Control' is visible

2019-05-28 14:03:18 - [MESSAGE][WARNING] - Timeout '0' is invalid. Using default page load timeout: '30'

2019-05-28 14:03:18 - [MESSAGE][PASSED] - Object 'Object Repository/ADMIN/Features Control/Advance Search/a_Features Control' is visible

2019-05-28 14:03:18 - [TEST_STEP][PASSED] - click: Object: 'Object Repository/ADMIN/Features Control/Advance Search/a_Features Control' is clicked on

2019-05-28 14:03:25 - [MESSAGE][PASSED] - Object: 'Object Repository/ADMIN/Features Control/Advance Search/a_Features Control' is clicked on

2019-05-28 14:03:25 - [TEST_STEP][PASSED] - waitForElementVisible: Object 'Object Repository/ADMIN/Features Control/Booking Unit/button_Edit' is visible

2019-05-28 14:03:25 - [MESSAGE][WARNING] - Timeout '0' is invalid. Using default page load timeout: '30'

2019-05-28 14:03:25 - [MESSAGE][PASSED] - Object 'Object Repository/ADMIN/Features Control/Booking Unit/button_Edit' is visible

2019-05-28 14:03:25 - [TEST_STEP][PASSED] - click: Object: 'Object Repository/ADMIN/Features Control/Booking Unit/button_Edit' is clicked on

2019-05-28 14:03:26 - [MESSAGE][PASSED] - Object: 'Object Repository/ADMIN/Features Control/Booking Unit/button_Edit' is clicked on

2019-05-28 14:03:26 - [TEST_STEP][PASSED] - waitForElementVisible: Object 'Object Repository/ADMIN/Features Control/Booking Unit/icon1st_NewBookingUnit' is visible

2019-05-28 14:03:26 - [MESSAGE][WARNING] - Timeout '0' is invalid. Using default page load timeout: '30'

2019-05-28 14:03:26 - [MESSAGE][PASSED] - Object 'Object Repository/ADMIN/Features Control/Booking Unit/icon1st_NewBookingUnit' is visible

2019-05-28 14:03:26 - [TEST_STEP][PASSED] - verifyElementVisible: Object 'Object Repository/ADMIN/Features Control/Booking Unit/textlabel_NewBookingUnit' is visible

2019-05-28 14:03:26 - [MESSAGE][PASSED] - Object 'Object Repository/ADMIN/Features Control/Booking Unit/textlabel_NewBookingUnit' is visible

2019-05-28 14:03:26 - [TEST_STEP][PASSED] - delay: Delayed 1 second(s)

2019-05-28 14:03:27 - [MESSAGE][PASSED] - Delayed 1 second(s)

2019-05-28 14:03:27 - [TEST_STEP][PASSED] - click: Object: 'Object Repository/ADMIN/Features Control/Booking Unit/button_AddBookingUnit' is clicked on

2019-05-28 14:03:27 - [MESSAGE][PASSED] - Object: 'Object Repository/ADMIN/Features Control/Booking Unit/button_AddBookingUnit' is clicked on

2019-05-28 14:03:27 - [TEST_STEP][PASSED] - waitForElementVisible: Object 'Object Repository/ADMIN/Features Control/Booking Unit/a_Add New Booking Unit/textlabel_AddNewBookingUnit' is visible

2019-05-28 14:03:27 - [MESSAGE][WARNING] - Timeout '0' is invalid. Using default page load timeout: '30'

2019-05-28 14:03:27 - [MESSAGE][PASSED] - Object 'Object Repository/ADMIN/Features Control/Booking Unit/a_Add New Booking Unit/textlabel_AddNewBookingUnit' is visible

2019-05-28 14:03:27 - [TEST_STEP][PASSED] - delay: Delayed 1 second(s)

2019-05-28 14:03:28 - [MESSAGE][PASSED] - Delayed 1 second(s)

2019-05-28 14:03:28 - [TEST_STEP][PASSED] - setText: Text 'Day 6' is set on object 'Object Repository/ADMIN/Features Control/Booking Unit/a_Add New Booking Unit/textfield_UnitName'

2019-05-28 14:03:28 - [MESSAGE][PASSED] - Text 'Day 6' is set on object 'Object Repository/ADMIN/Features Control/Booking Unit/a_Add New Booking Unit/textfield_UnitName'

2019-05-28 14:03:28 - [TEST_STEP][PASSED] - delay: Delayed 1 second(s)

2019-05-28 14:03:29 - [MESSAGE][PASSED] - Delayed 1 second(s)

2019-05-28 14:03:29 - [TEST_STEP][PASSED] - click: Object: 'Object Repository/ADMIN/Features Control/Booking Unit/a_Add New Booking Unit/checkbox_Hour' is clicked on

2019-05-28 14:03:29 - [MESSAGE][PASSED] - Object: 'Object Repository/ADMIN/Features Control/Booking Unit/a_Add New Booking Unit/checkbox_Hour' is clicked on

2019-05-28 14:03:29 - [TEST_STEP][PASSED] - click: Object: 'Object Repository/ADMIN/Features Control/Booking Unit/a_Add New Booking Unit/checkbox_Day' is clicked on

2019-05-28 14:03:29 - [MESSAGE][PASSED] - Object: 'Object Repository/ADMIN/Features Control/Booking Unit/a_Add New Booking Unit/checkbox_Day' is clicked on

2019-05-28 14:03:29 - [TEST_STEP][PASSED] - click: Object: 'Object Repository/ADMIN/Features Control/Booking Unit/a_Add New Booking Unit/button_Save' is clicked on

2019-05-28 14:03:29 - [MESSAGE][PASSED] - Object: 'Object Repository/ADMIN/Features Control/Booking Unit/a_Add New Booking Unit/button_Save' is clicked on

2019-05-28 14:03:29 - [TEST_STEP][PASSED] - delay: Delayed 1 second(s)

2019-05-28 14:03:30 - [MESSAGE][PASSED] - Delayed 1 second(s)

2019-05-28 14:03:30 - [TEST_STEP][PASSED] - click: Object: 'Object Repository/ADMIN/Features Control/Booking Unit/topbutton_Save' is clicked on

2019-05-28 14:03:31 - [MESSAGE][PASSED] - Object: 'Object Repository/ADMIN/Features Control/Booking Unit/topbutton_Save' is clicked on

2019-05-28 14:03:31 - [TEST_STEP][PASSED] - waitForElementVisible: Object 'Object Repository/ADMIN/Features Control/Booking Unit/a_Save Popup/button_Save' is visible

2019-05-28 14:03:31 - [MESSAGE][WARNING] - Timeout '0' is invalid. Using default page load timeout: '30'

2019-05-28 14:03:31 - [MESSAGE][PASSED] - Object 'Object Repository/ADMIN/Features Control/Booking Unit/a_Save Popup/button_Save' is visible

2019-05-28 14:03:31 - [TEST_STEP][PASSED] - click: Object: 'Object Repository/ADMIN/Features Control/Booking Unit/a_Save Popup/button_Save' is clicked on

2019-05-28 14:03:31 - [MESSAGE][PASSED] - Object: 'Object Repository/ADMIN/Features Control/Booking Unit/a_Save Popup/button_Save' is clicked on

2019-05-28 14:03:31 - [TEST_STEP][PASSED] - waitForElementVisible: Object 'Object Repository/ADMIN/Features Control/Booking Unit/a_ToasterMessage/toaster_SaveSuccessfully' is visible

2019-05-28 14:03:31 - [MESSAGE][WARNING] - Timeout '0' is invalid. Using default page load timeout: '30'

2019-05-28 14:03:31 - [MESSAGE][PASSED] - Object 'Object Repository/ADMIN/Features Control/Booking Unit/a_ToasterMessage/toaster_SaveSuccessfully' is visible

2019-05-28 14:03:31 - [TEST_STEP][PASSED] - waitForElementNotPresent: Web element with id: 'Object Repository/ADMIN/Features Control/Booking Unit/a_ToasterMessage/toaster_SaveSuccessfully' located by 'By.xpath: //div[@class = 'toast toast-success' and (text() = 'Save successfully' or . = 'Save successfully')]' is not present after '30' second(s)

2019-05-28 14:03:31 - [MESSAGE][WARNING] - Timeout '0' is invalid. Using default page load timeout: '30'

2019-05-28 14:03:37 - [MESSAGE][PASSED] - Web element with id: 'Object Repository/ADMIN/Features Control/Booking Unit/a_ToasterMessage/toaster_SaveSuccessfully' located by 'By.xpath: //div[@class = 'toast toast-success' and (text() = 'Save successfully' or . = 'Save successfully')]' is not present after '30' second(s)]]></system-out>
         <system-err><![CDATA[]]></system-err>
      </testcase>
      <testcase name="Test Cases/ADMIN/Features Control/Booking Unit/Combination/Default/07Add_HourWeek" classname="Test Cases/ADMIN/Features Control/Booking Unit/Combination/Default/07Add_HourWeek" status="PASSED">
         <system-out><![CDATA[2019-05-28 14:03:37 - [TEST_CASE][PASSED] - Test Cases/ADMIN/Features Control/Booking Unit/Combination/Default/07Add_HourWeek: Test Cases/ADMIN/Features Control/Booking Unit/Combination/Default/07Add_HourWeek

2019-05-28 14:03:37 - [TEST_STEP][PASSED] - waitForElementVisible: Object 'Object Repository/ADMIN/Features Control/Advance Search/a_Features Control' is visible

2019-05-28 14:03:37 - [MESSAGE][WARNING] - Timeout '0' is invalid. Using default page load timeout: '30'

2019-05-28 14:03:37 - [MESSAGE][PASSED] - Object 'Object Repository/ADMIN/Features Control/Advance Search/a_Features Control' is visible

2019-05-28 14:03:37 - [TEST_STEP][PASSED] - click: Object: 'Object Repository/ADMIN/Features Control/Advance Search/a_Features Control' is clicked on

2019-05-28 14:03:38 - [MESSAGE][PASSED] - Object: 'Object Repository/ADMIN/Features Control/Advance Search/a_Features Control' is clicked on

2019-05-28 14:03:38 - [TEST_STEP][PASSED] - waitForElementVisible: Object 'Object Repository/ADMIN/Features Control/Booking Unit/button_Edit' is visible

2019-05-28 14:03:38 - [MESSAGE][WARNING] - Timeout '0' is invalid. Using default page load timeout: '30'

2019-05-28 14:03:38 - [MESSAGE][PASSED] - Object 'Object Repository/ADMIN/Features Control/Booking Unit/button_Edit' is visible

2019-05-28 14:03:38 - [TEST_STEP][PASSED] - click: Object: 'Object Repository/ADMIN/Features Control/Booking Unit/button_Edit' is clicked on

2019-05-28 14:03:39 - [MESSAGE][PASSED] - Object: 'Object Repository/ADMIN/Features Control/Booking Unit/button_Edit' is clicked on

2019-05-28 14:03:39 - [TEST_STEP][PASSED] - waitForElementVisible: Object 'Object Repository/ADMIN/Features Control/Booking Unit/icon1st_NewBookingUnit' is visible

2019-05-28 14:03:39 - [MESSAGE][WARNING] - Timeout '0' is invalid. Using default page load timeout: '30'

2019-05-28 14:03:39 - [MESSAGE][PASSED] - Object 'Object Repository/ADMIN/Features Control/Booking Unit/icon1st_NewBookingUnit' is visible

2019-05-28 14:03:39 - [TEST_STEP][PASSED] - verifyElementVisible: Object 'Object Repository/ADMIN/Features Control/Booking Unit/textlabel_NewBookingUnit' is visible

2019-05-28 14:03:39 - [MESSAGE][PASSED] - Object 'Object Repository/ADMIN/Features Control/Booking Unit/textlabel_NewBookingUnit' is visible

2019-05-28 14:03:39 - [TEST_STEP][PASSED] - delay: Delayed 1 second(s)

2019-05-28 14:03:40 - [MESSAGE][PASSED] - Delayed 1 second(s)

2019-05-28 14:03:40 - [TEST_STEP][PASSED] - click: Object: 'Object Repository/ADMIN/Features Control/Booking Unit/button_AddBookingUnit' is clicked on

2019-05-28 14:03:40 - [MESSAGE][PASSED] - Object: 'Object Repository/ADMIN/Features Control/Booking Unit/button_AddBookingUnit' is clicked on

2019-05-28 14:03:40 - [TEST_STEP][PASSED] - waitForElementVisible: Object 'Object Repository/ADMIN/Features Control/Booking Unit/a_Add New Booking Unit/textlabel_AddNewBookingUnit' is visible

2019-05-28 14:03:40 - [MESSAGE][WARNING] - Timeout '0' is invalid. Using default page load timeout: '30'

2019-05-28 14:03:40 - [MESSAGE][PASSED] - Object 'Object Repository/ADMIN/Features Control/Booking Unit/a_Add New Booking Unit/textlabel_AddNewBookingUnit' is visible

2019-05-28 14:03:40 - [TEST_STEP][PASSED] - delay: Delayed 1 second(s)

2019-05-28 14:03:41 - [MESSAGE][PASSED] - Delayed 1 second(s)

2019-05-28 14:03:41 - [TEST_STEP][PASSED] - setText: Text 'Day 7' is set on object 'Object Repository/ADMIN/Features Control/Booking Unit/a_Add New Booking Unit/textfield_UnitName'

2019-05-28 14:03:42 - [MESSAGE][PASSED] - Text 'Day 7' is set on object 'Object Repository/ADMIN/Features Control/Booking Unit/a_Add New Booking Unit/textfield_UnitName'

2019-05-28 14:03:42 - [TEST_STEP][PASSED] - delay: Delayed 1 second(s)

2019-05-28 14:03:43 - [MESSAGE][PASSED] - Delayed 1 second(s)

2019-05-28 14:03:43 - [TEST_STEP][PASSED] - click: Object: 'Object Repository/ADMIN/Features Control/Booking Unit/a_Add New Booking Unit/checkbox_Hour' is clicked on

2019-05-28 14:03:43 - [MESSAGE][PASSED] - Object: 'Object Repository/ADMIN/Features Control/Booking Unit/a_Add New Booking Unit/checkbox_Hour' is clicked on

2019-05-28 14:03:43 - [TEST_STEP][PASSED] - click: Object: 'Object Repository/ADMIN/Features Control/Booking Unit/a_Add New Booking Unit/checkbox_Week' is clicked on

2019-05-28 14:03:43 - [MESSAGE][PASSED] - Object: 'Object Repository/ADMIN/Features Control/Booking Unit/a_Add New Booking Unit/checkbox_Week' is clicked on

2019-05-28 14:03:43 - [TEST_STEP][PASSED] - click: Object: 'Object Repository/ADMIN/Features Control/Booking Unit/a_Add New Booking Unit/button_Save' is clicked on

2019-05-28 14:03:43 - [MESSAGE][PASSED] - Object: 'Object Repository/ADMIN/Features Control/Booking Unit/a_Add New Booking Unit/button_Save' is clicked on

2019-05-28 14:03:43 - [TEST_STEP][PASSED] - delay: Delayed 1 second(s)

2019-05-28 14:03:44 - [MESSAGE][PASSED] - Delayed 1 second(s)

2019-05-28 14:03:44 - [TEST_STEP][PASSED] - click: Object: 'Object Repository/ADMIN/Features Control/Booking Unit/topbutton_Save' is clicked on

2019-05-28 14:03:44 - [MESSAGE][PASSED] - Object: 'Object Repository/ADMIN/Features Control/Booking Unit/topbutton_Save' is clicked on

2019-05-28 14:03:44 - [TEST_STEP][PASSED] - waitForElementVisible: Object 'Object Repository/ADMIN/Features Control/Booking Unit/a_Save Popup/button_Save' is visible

2019-05-28 14:03:44 - [MESSAGE][WARNING] - Timeout '0' is invalid. Using default page load timeout: '30'

2019-05-28 14:03:44 - [MESSAGE][PASSED] - Object 'Object Repository/ADMIN/Features Control/Booking Unit/a_Save Popup/button_Save' is visible

2019-05-28 14:03:44 - [TEST_STEP][PASSED] - click: Object: 'Object Repository/ADMIN/Features Control/Booking Unit/a_Save Popup/button_Save' is clicked on

2019-05-28 14:03:44 - [MESSAGE][PASSED] - Object: 'Object Repository/ADMIN/Features Control/Booking Unit/a_Save Popup/button_Save' is clicked on

2019-05-28 14:03:44 - [TEST_STEP][PASSED] - waitForElementVisible: Object 'Object Repository/ADMIN/Features Control/Booking Unit/a_ToasterMessage/toaster_SaveSuccessfully' is visible

2019-05-28 14:03:44 - [MESSAGE][WARNING] - Timeout '0' is invalid. Using default page load timeout: '30'

2019-05-28 14:03:45 - [MESSAGE][PASSED] - Object 'Object Repository/ADMIN/Features Control/Booking Unit/a_ToasterMessage/toaster_SaveSuccessfully' is visible

2019-05-28 14:03:45 - [TEST_STEP][PASSED] - waitForElementNotPresent: Web element with id: 'Object Repository/ADMIN/Features Control/Booking Unit/a_ToasterMessage/toaster_SaveSuccessfully' located by 'By.xpath: //div[@class = 'toast toast-success' and (text() = 'Save successfully' or . = 'Save successfully')]' is not present after '30' second(s)

2019-05-28 14:03:45 - [MESSAGE][WARNING] - Timeout '0' is invalid. Using default page load timeout: '30'

2019-05-28 14:03:51 - [MESSAGE][PASSED] - Web element with id: 'Object Repository/ADMIN/Features Control/Booking Unit/a_ToasterMessage/toaster_SaveSuccessfully' located by 'By.xpath: //div[@class = 'toast toast-success' and (text() = 'Save successfully' or . = 'Save successfully')]' is not present after '30' second(s)]]></system-out>
         <system-err><![CDATA[]]></system-err>
      </testcase>
      <testcase name="Test Cases/ADMIN/Features Control/Booking Unit/Combination/Default/08Add_HourMonth" classname="Test Cases/ADMIN/Features Control/Booking Unit/Combination/Default/08Add_HourMonth" status="PASSED">
         <system-out><![CDATA[2019-05-28 14:03:51 - [TEST_CASE][PASSED] - Test Cases/ADMIN/Features Control/Booking Unit/Combination/Default/08Add_HourMonth: Test Cases/ADMIN/Features Control/Booking Unit/Combination/Default/08Add_HourMonth

2019-05-28 14:03:51 - [TEST_STEP][PASSED] - waitForElementVisible: Object 'Object Repository/ADMIN/Features Control/Advance Search/a_Features Control' is visible

2019-05-28 14:03:51 - [MESSAGE][WARNING] - Timeout '0' is invalid. Using default page load timeout: '30'

2019-05-28 14:03:51 - [MESSAGE][PASSED] - Object 'Object Repository/ADMIN/Features Control/Advance Search/a_Features Control' is visible

2019-05-28 14:03:51 - [TEST_STEP][PASSED] - click: Object: 'Object Repository/ADMIN/Features Control/Advance Search/a_Features Control' is clicked on

2019-05-28 14:03:51 - [MESSAGE][PASSED] - Object: 'Object Repository/ADMIN/Features Control/Advance Search/a_Features Control' is clicked on

2019-05-28 14:03:51 - [TEST_STEP][PASSED] - waitForElementVisible: Object 'Object Repository/ADMIN/Features Control/Booking Unit/button_Edit' is visible

2019-05-28 14:03:51 - [MESSAGE][WARNING] - Timeout '0' is invalid. Using default page load timeout: '30'

2019-05-28 14:03:51 - [MESSAGE][PASSED] - Object 'Object Repository/ADMIN/Features Control/Booking Unit/button_Edit' is visible

2019-05-28 14:03:51 - [TEST_STEP][PASSED] - click: Object: 'Object Repository/ADMIN/Features Control/Booking Unit/button_Edit' is clicked on

2019-05-28 14:03:52 - [MESSAGE][PASSED] - Object: 'Object Repository/ADMIN/Features Control/Booking Unit/button_Edit' is clicked on

2019-05-28 14:03:52 - [TEST_STEP][PASSED] - waitForElementVisible: Object 'Object Repository/ADMIN/Features Control/Booking Unit/icon1st_NewBookingUnit' is visible

2019-05-28 14:03:52 - [MESSAGE][WARNING] - Timeout '0' is invalid. Using default page load timeout: '30'

2019-05-28 14:03:52 - [MESSAGE][PASSED] - Object 'Object Repository/ADMIN/Features Control/Booking Unit/icon1st_NewBookingUnit' is visible

2019-05-28 14:03:52 - [TEST_STEP][PASSED] - verifyElementVisible: Object 'Object Repository/ADMIN/Features Control/Booking Unit/textlabel_NewBookingUnit' is visible

2019-05-28 14:03:52 - [MESSAGE][PASSED] - Object 'Object Repository/ADMIN/Features Control/Booking Unit/textlabel_NewBookingUnit' is visible

2019-05-28 14:03:52 - [TEST_STEP][PASSED] - delay: Delayed 1 second(s)

2019-05-28 14:03:53 - [MESSAGE][PASSED] - Delayed 1 second(s)

2019-05-28 14:03:53 - [TEST_STEP][PASSED] - click: Object: 'Object Repository/ADMIN/Features Control/Booking Unit/button_AddBookingUnit' is clicked on

2019-05-28 14:03:53 - [MESSAGE][PASSED] - Object: 'Object Repository/ADMIN/Features Control/Booking Unit/button_AddBookingUnit' is clicked on

2019-05-28 14:03:53 - [TEST_STEP][PASSED] - waitForElementVisible: Object 'Object Repository/ADMIN/Features Control/Booking Unit/a_Add New Booking Unit/textlabel_AddNewBookingUnit' is visible

2019-05-28 14:03:53 - [MESSAGE][WARNING] - Timeout '0' is invalid. Using default page load timeout: '30'

2019-05-28 14:03:53 - [MESSAGE][PASSED] - Object 'Object Repository/ADMIN/Features Control/Booking Unit/a_Add New Booking Unit/textlabel_AddNewBookingUnit' is visible

2019-05-28 14:03:53 - [TEST_STEP][PASSED] - delay: Delayed 1 second(s)

2019-05-28 14:03:54 - [MESSAGE][PASSED] - Delayed 1 second(s)

2019-05-28 14:03:54 - [TEST_STEP][PASSED] - setText: Text 'Day 8' is set on object 'Object Repository/ADMIN/Features Control/Booking Unit/a_Add New Booking Unit/textfield_UnitName'

2019-05-28 14:03:55 - [MESSAGE][PASSED] - Text 'Day 8' is set on object 'Object Repository/ADMIN/Features Control/Booking Unit/a_Add New Booking Unit/textfield_UnitName'

2019-05-28 14:03:55 - [TEST_STEP][PASSED] - delay: Delayed 1 second(s)

2019-05-28 14:03:56 - [MESSAGE][PASSED] - Delayed 1 second(s)

2019-05-28 14:03:56 - [TEST_STEP][PASSED] - click: Object: 'Object Repository/ADMIN/Features Control/Booking Unit/a_Add New Booking Unit/checkbox_Hour' is clicked on

2019-05-28 14:03:56 - [MESSAGE][PASSED] - Object: 'Object Repository/ADMIN/Features Control/Booking Unit/a_Add New Booking Unit/checkbox_Hour' is clicked on

2019-05-28 14:03:56 - [TEST_STEP][PASSED] - click: Object: 'Object Repository/ADMIN/Features Control/Booking Unit/a_Add New Booking Unit/checkbox_Month' is clicked on

2019-05-28 14:03:56 - [MESSAGE][PASSED] - Object: 'Object Repository/ADMIN/Features Control/Booking Unit/a_Add New Booking Unit/checkbox_Month' is clicked on

2019-05-28 14:03:56 - [TEST_STEP][PASSED] - click: Object: 'Object Repository/ADMIN/Features Control/Booking Unit/a_Add New Booking Unit/button_Save' is clicked on

2019-05-28 14:03:56 - [MESSAGE][PASSED] - Object: 'Object Repository/ADMIN/Features Control/Booking Unit/a_Add New Booking Unit/button_Save' is clicked on

2019-05-28 14:03:56 - [TEST_STEP][PASSED] - delay: Delayed 1 second(s)

2019-05-28 14:03:57 - [MESSAGE][PASSED] - Delayed 1 second(s)

2019-05-28 14:03:57 - [TEST_STEP][PASSED] - click: Object: 'Object Repository/ADMIN/Features Control/Booking Unit/topbutton_Save' is clicked on

2019-05-28 14:03:57 - [MESSAGE][PASSED] - Object: 'Object Repository/ADMIN/Features Control/Booking Unit/topbutton_Save' is clicked on

2019-05-28 14:03:57 - [TEST_STEP][PASSED] - waitForElementVisible: Object 'Object Repository/ADMIN/Features Control/Booking Unit/a_Save Popup/button_Save' is visible

2019-05-28 14:03:57 - [MESSAGE][WARNING] - Timeout '0' is invalid. Using default page load timeout: '30'

2019-05-28 14:03:57 - [MESSAGE][PASSED] - Object 'Object Repository/ADMIN/Features Control/Booking Unit/a_Save Popup/button_Save' is visible

2019-05-28 14:03:57 - [TEST_STEP][PASSED] - click: Object: 'Object Repository/ADMIN/Features Control/Booking Unit/a_Save Popup/button_Save' is clicked on

2019-05-28 14:03:57 - [MESSAGE][PASSED] - Object: 'Object Repository/ADMIN/Features Control/Booking Unit/a_Save Popup/button_Save' is clicked on

2019-05-28 14:03:57 - [TEST_STEP][PASSED] - waitForElementVisible: Object 'Object Repository/ADMIN/Features Control/Booking Unit/a_ToasterMessage/toaster_SaveSuccessfully' is visible

2019-05-28 14:03:57 - [MESSAGE][WARNING] - Timeout '0' is invalid. Using default page load timeout: '30'

2019-05-28 14:03:58 - [MESSAGE][PASSED] - Object 'Object Repository/ADMIN/Features Control/Booking Unit/a_ToasterMessage/toaster_SaveSuccessfully' is visible

2019-05-28 14:03:58 - [TEST_STEP][PASSED] - waitForElementNotPresent: Web element with id: 'Object Repository/ADMIN/Features Control/Booking Unit/a_ToasterMessage/toaster_SaveSuccessfully' located by 'By.xpath: //div[@class = 'toast toast-success' and (text() = 'Save successfully' or . = 'Save successfully')]' is not present after '30' second(s)

2019-05-28 14:03:58 - [MESSAGE][WARNING] - Timeout '0' is invalid. Using default page load timeout: '30'

2019-05-28 14:04:03 - [MESSAGE][PASSED] - Web element with id: 'Object Repository/ADMIN/Features Control/Booking Unit/a_ToasterMessage/toaster_SaveSuccessfully' located by 'By.xpath: //div[@class = 'toast toast-success' and (text() = 'Save successfully' or . = 'Save successfully')]' is not present after '30' second(s)]]></system-out>
         <system-err><![CDATA[]]></system-err>
      </testcase>
      <testcase name="Test Cases/ADMIN/Features Control/Booking Unit/Combination/Default/09Add_HourCustom" classname="Test Cases/ADMIN/Features Control/Booking Unit/Combination/Default/09Add_HourCustom" status="PASSED">
         <system-out><![CDATA[2019-05-28 14:04:03 - [TEST_CASE][PASSED] - Test Cases/ADMIN/Features Control/Booking Unit/Combination/Default/09Add_HourCustom: Test Cases/ADMIN/Features Control/Booking Unit/Combination/Default/09Add_HourCustom

2019-05-28 14:04:04 - [TEST_STEP][PASSED] - waitForElementVisible: Object 'Object Repository/ADMIN/Features Control/Advance Search/a_Features Control' is visible

2019-05-28 14:04:04 - [MESSAGE][WARNING] - Timeout '0' is invalid. Using default page load timeout: '30'

2019-05-28 14:04:04 - [MESSAGE][PASSED] - Object 'Object Repository/ADMIN/Features Control/Advance Search/a_Features Control' is visible

2019-05-28 14:04:04 - [TEST_STEP][PASSED] - click: Object: 'Object Repository/ADMIN/Features Control/Advance Search/a_Features Control' is clicked on

2019-05-28 14:04:04 - [MESSAGE][PASSED] - Object: 'Object Repository/ADMIN/Features Control/Advance Search/a_Features Control' is clicked on

2019-05-28 14:04:04 - [TEST_STEP][PASSED] - waitForElementVisible: Object 'Object Repository/ADMIN/Features Control/Booking Unit/button_Edit' is visible

2019-05-28 14:04:04 - [MESSAGE][WARNING] - Timeout '0' is invalid. Using default page load timeout: '30'

2019-05-28 14:04:05 - [MESSAGE][PASSED] - Object 'Object Repository/ADMIN/Features Control/Booking Unit/button_Edit' is visible

2019-05-28 14:04:05 - [TEST_STEP][PASSED] - click: Object: 'Object Repository/ADMIN/Features Control/Booking Unit/button_Edit' is clicked on

2019-05-28 14:04:05 - [MESSAGE][PASSED] - Object: 'Object Repository/ADMIN/Features Control/Booking Unit/button_Edit' is clicked on

2019-05-28 14:04:05 - [TEST_STEP][PASSED] - waitForElementVisible: Object 'Object Repository/ADMIN/Features Control/Booking Unit/icon1st_NewBookingUnit' is visible

2019-05-28 14:04:05 - [MESSAGE][WARNING] - Timeout '0' is invalid. Using default page load timeout: '30'

2019-05-28 14:04:05 - [MESSAGE][PASSED] - Object 'Object Repository/ADMIN/Features Control/Booking Unit/icon1st_NewBookingUnit' is visible

2019-05-28 14:04:05 - [TEST_STEP][PASSED] - verifyElementVisible: Object 'Object Repository/ADMIN/Features Control/Booking Unit/textlabel_NewBookingUnit' is visible

2019-05-28 14:04:06 - [MESSAGE][PASSED] - Object 'Object Repository/ADMIN/Features Control/Booking Unit/textlabel_NewBookingUnit' is visible

2019-05-28 14:04:06 - [TEST_STEP][PASSED] - delay: Delayed 1 second(s)

2019-05-28 14:04:07 - [MESSAGE][PASSED] - Delayed 1 second(s)

2019-05-28 14:04:07 - [TEST_STEP][PASSED] - click: Object: 'Object Repository/ADMIN/Features Control/Booking Unit/button_AddBookingUnit' is clicked on

2019-05-28 14:04:07 - [MESSAGE][PASSED] - Object: 'Object Repository/ADMIN/Features Control/Booking Unit/button_AddBookingUnit' is clicked on

2019-05-28 14:04:07 - [TEST_STEP][PASSED] - waitForElementVisible: Object 'Object Repository/ADMIN/Features Control/Booking Unit/a_Add New Booking Unit/textlabel_AddNewBookingUnit' is visible

2019-05-28 14:04:07 - [MESSAGE][WARNING] - Timeout '0' is invalid. Using default page load timeout: '30'

2019-05-28 14:04:07 - [MESSAGE][PASSED] - Object 'Object Repository/ADMIN/Features Control/Booking Unit/a_Add New Booking Unit/textlabel_AddNewBookingUnit' is visible

2019-05-28 14:04:07 - [TEST_STEP][PASSED] - delay: Delayed 1 second(s)

2019-05-28 14:04:08 - [MESSAGE][PASSED] - Delayed 1 second(s)

2019-05-28 14:04:08 - [TEST_STEP][PASSED] - setText: Text 'Day 9' is set on object 'Object Repository/ADMIN/Features Control/Booking Unit/a_Add New Booking Unit/textfield_UnitName'

2019-05-28 14:04:08 - [MESSAGE][PASSED] - Text 'Day 9' is set on object 'Object Repository/ADMIN/Features Control/Booking Unit/a_Add New Booking Unit/textfield_UnitName'

2019-05-28 14:04:08 - [TEST_STEP][PASSED] - delay: Delayed 1 second(s)

2019-05-28 14:04:09 - [MESSAGE][PASSED] - Delayed 1 second(s)

2019-05-28 14:04:09 - [TEST_STEP][PASSED] - click: Object: 'Object Repository/ADMIN/Features Control/Booking Unit/a_Add New Booking Unit/checkbox_Hour' is clicked on

2019-05-28 14:04:09 - [MESSAGE][PASSED] - Object: 'Object Repository/ADMIN/Features Control/Booking Unit/a_Add New Booking Unit/checkbox_Hour' is clicked on

2019-05-28 14:04:09 - [TEST_STEP][PASSED] - click: Object: 'Object Repository/ADMIN/Features Control/Booking Unit/a_Add New Booking Unit/checkbox_Custom' is clicked on

2019-05-28 14:04:09 - [MESSAGE][PASSED] - Object: 'Object Repository/ADMIN/Features Control/Booking Unit/a_Add New Booking Unit/checkbox_Custom' is clicked on

2019-05-28 14:04:09 - [TEST_STEP][PASSED] - click: Object: 'Object Repository/ADMIN/Features Control/Booking Unit/a_Add New Booking Unit/button_Save' is clicked on

2019-05-28 14:04:09 - [MESSAGE][PASSED] - Object: 'Object Repository/ADMIN/Features Control/Booking Unit/a_Add New Booking Unit/button_Save' is clicked on

2019-05-28 14:04:09 - [TEST_STEP][PASSED] - delay: Delayed 1 second(s)

2019-05-28 14:04:10 - [MESSAGE][PASSED] - Delayed 1 second(s)

2019-05-28 14:04:10 - [TEST_STEP][PASSED] - click: Object: 'Object Repository/ADMIN/Features Control/Booking Unit/topbutton_Save' is clicked on

2019-05-28 14:04:10 - [MESSAGE][PASSED] - Object: 'Object Repository/ADMIN/Features Control/Booking Unit/topbutton_Save' is clicked on

2019-05-28 14:04:10 - [TEST_STEP][PASSED] - waitForElementVisible: Object 'Object Repository/ADMIN/Features Control/Booking Unit/a_Save Popup/button_Save' is visible

2019-05-28 14:04:10 - [MESSAGE][WARNING] - Timeout '0' is invalid. Using default page load timeout: '30'

2019-05-28 14:04:11 - [MESSAGE][PASSED] - Object 'Object Repository/ADMIN/Features Control/Booking Unit/a_Save Popup/button_Save' is visible

2019-05-28 14:04:11 - [TEST_STEP][PASSED] - click: Object: 'Object Repository/ADMIN/Features Control/Booking Unit/a_Save Popup/button_Save' is clicked on

2019-05-28 14:04:11 - [MESSAGE][PASSED] - Object: 'Object Repository/ADMIN/Features Control/Booking Unit/a_Save Popup/button_Save' is clicked on

2019-05-28 14:04:11 - [TEST_STEP][PASSED] - waitForElementVisible: Object 'Object Repository/ADMIN/Features Control/Booking Unit/a_ToasterMessage/toaster_SaveSuccessfully' is visible

2019-05-28 14:04:11 - [MESSAGE][WARNING] - Timeout '0' is invalid. Using default page load timeout: '30'

2019-05-28 14:04:11 - [MESSAGE][PASSED] - Object 'Object Repository/ADMIN/Features Control/Booking Unit/a_ToasterMessage/toaster_SaveSuccessfully' is visible

2019-05-28 14:04:11 - [TEST_STEP][PASSED] - waitForElementNotPresent: Web element with id: 'Object Repository/ADMIN/Features Control/Booking Unit/a_ToasterMessage/toaster_SaveSuccessfully' located by 'By.xpath: //div[@class = 'toast toast-success' and (text() = 'Save successfully' or . = 'Save successfully')]' is not present after '30' second(s)

2019-05-28 14:04:11 - [MESSAGE][WARNING] - Timeout '0' is invalid. Using default page load timeout: '30'

2019-05-28 14:04:17 - [MESSAGE][PASSED] - Web element with id: 'Object Repository/ADMIN/Features Control/Booking Unit/a_ToasterMessage/toaster_SaveSuccessfully' located by 'By.xpath: //div[@class = 'toast toast-success' and (text() = 'Save successfully' or . = 'Save successfully')]' is not present after '30' second(s)]]></system-out>
         <system-err><![CDATA[]]></system-err>
      </testcase>
      <testcase name="Test Cases/ADMIN/Features Control/Booking Unit/Combination/Default/10Add_DayWeek" classname="Test Cases/ADMIN/Features Control/Booking Unit/Combination/Default/10Add_DayWeek" status="PASSED">
         <system-out><![CDATA[2019-05-28 14:04:17 - [TEST_CASE][PASSED] - Test Cases/ADMIN/Features Control/Booking Unit/Combination/Default/10Add_DayWeek: Test Cases/ADMIN/Features Control/Booking Unit/Combination/Default/10Add_DayWeek

2019-05-28 14:04:17 - [TEST_STEP][PASSED] - waitForElementVisible: Object 'Object Repository/ADMIN/Features Control/Advance Search/a_Features Control' is visible

2019-05-28 14:04:17 - [MESSAGE][WARNING] - Timeout '0' is invalid. Using default page load timeout: '30'

2019-05-28 14:04:17 - [MESSAGE][PASSED] - Object 'Object Repository/ADMIN/Features Control/Advance Search/a_Features Control' is visible

2019-05-28 14:04:17 - [TEST_STEP][PASSED] - click: Object: 'Object Repository/ADMIN/Features Control/Advance Search/a_Features Control' is clicked on

2019-05-28 14:04:18 - [MESSAGE][PASSED] - Object: 'Object Repository/ADMIN/Features Control/Advance Search/a_Features Control' is clicked on

2019-05-28 14:04:18 - [TEST_STEP][PASSED] - waitForElementVisible: Object 'Object Repository/ADMIN/Features Control/Booking Unit/button_Edit' is visible

2019-05-28 14:04:18 - [MESSAGE][WARNING] - Timeout '0' is invalid. Using default page load timeout: '30'

2019-05-28 14:04:18 - [MESSAGE][PASSED] - Object 'Object Repository/ADMIN/Features Control/Booking Unit/button_Edit' is visible

2019-05-28 14:04:18 - [TEST_STEP][PASSED] - click: Object: 'Object Repository/ADMIN/Features Control/Booking Unit/button_Edit' is clicked on

2019-05-28 14:04:18 - [MESSAGE][PASSED] - Object: 'Object Repository/ADMIN/Features Control/Booking Unit/button_Edit' is clicked on

2019-05-28 14:04:18 - [TEST_STEP][PASSED] - waitForElementVisible: Object 'Object Repository/ADMIN/Features Control/Booking Unit/icon1st_NewBookingUnit' is visible

2019-05-28 14:04:18 - [MESSAGE][WARNING] - Timeout '0' is invalid. Using default page load timeout: '30'

2019-05-28 14:04:19 - [MESSAGE][PASSED] - Object 'Object Repository/ADMIN/Features Control/Booking Unit/icon1st_NewBookingUnit' is visible

2019-05-28 14:04:19 - [TEST_STEP][PASSED] - verifyElementVisible: Object 'Object Repository/ADMIN/Features Control/Booking Unit/textlabel_NewBookingUnit' is visible

2019-05-28 14:04:19 - [MESSAGE][PASSED] - Object 'Object Repository/ADMIN/Features Control/Booking Unit/textlabel_NewBookingUnit' is visible

2019-05-28 14:04:19 - [TEST_STEP][PASSED] - delay: Delayed 1 second(s)

2019-05-28 14:04:20 - [MESSAGE][PASSED] - Delayed 1 second(s)

2019-05-28 14:04:20 - [TEST_STEP][PASSED] - click: Object: 'Object Repository/ADMIN/Features Control/Booking Unit/button_AddBookingUnit' is clicked on

2019-05-28 14:04:20 - [MESSAGE][PASSED] - Object: 'Object Repository/ADMIN/Features Control/Booking Unit/button_AddBookingUnit' is clicked on

2019-05-28 14:04:20 - [TEST_STEP][PASSED] - waitForElementVisible: Object 'Object Repository/ADMIN/Features Control/Booking Unit/a_Add New Booking Unit/textlabel_AddNewBookingUnit' is visible

2019-05-28 14:04:20 - [MESSAGE][WARNING] - Timeout '0' is invalid. Using default page load timeout: '30'

2019-05-28 14:04:20 - [MESSAGE][PASSED] - Object 'Object Repository/ADMIN/Features Control/Booking Unit/a_Add New Booking Unit/textlabel_AddNewBookingUnit' is visible

2019-05-28 14:04:20 - [TEST_STEP][PASSED] - delay: Delayed 1 second(s)

2019-05-28 14:04:21 - [MESSAGE][PASSED] - Delayed 1 second(s)

2019-05-28 14:04:21 - [TEST_STEP][PASSED] - setText: Text 'Day 10' is set on object 'Object Repository/ADMIN/Features Control/Booking Unit/a_Add New Booking Unit/textfield_UnitName'

2019-05-28 14:04:21 - [MESSAGE][PASSED] - Text 'Day 10' is set on object 'Object Repository/ADMIN/Features Control/Booking Unit/a_Add New Booking Unit/textfield_UnitName'

2019-05-28 14:04:21 - [TEST_STEP][PASSED] - delay: Delayed 1 second(s)

2019-05-28 14:04:22 - [MESSAGE][PASSED] - Delayed 1 second(s)

2019-05-28 14:04:22 - [TEST_STEP][PASSED] - click: Object: 'Object Repository/ADMIN/Features Control/Booking Unit/a_Add New Booking Unit/checkbox_Day' is clicked on

2019-05-28 14:04:22 - [MESSAGE][PASSED] - Object: 'Object Repository/ADMIN/Features Control/Booking Unit/a_Add New Booking Unit/checkbox_Day' is clicked on

2019-05-28 14:04:22 - [TEST_STEP][PASSED] - click: Object: 'Object Repository/ADMIN/Features Control/Booking Unit/a_Add New Booking Unit/checkbox_Week' is clicked on

2019-05-28 14:04:22 - [MESSAGE][PASSED] - Object: 'Object Repository/ADMIN/Features Control/Booking Unit/a_Add New Booking Unit/checkbox_Week' is clicked on

2019-05-28 14:04:22 - [TEST_STEP][PASSED] - click: Object: 'Object Repository/ADMIN/Features Control/Booking Unit/a_Add New Booking Unit/button_Save' is clicked on

2019-05-28 14:04:22 - [MESSAGE][PASSED] - Object: 'Object Repository/ADMIN/Features Control/Booking Unit/a_Add New Booking Unit/button_Save' is clicked on

2019-05-28 14:04:22 - [TEST_STEP][PASSED] - delay: Delayed 1 second(s)

2019-05-28 14:04:23 - [MESSAGE][PASSED] - Delayed 1 second(s)

2019-05-28 14:04:23 - [TEST_STEP][PASSED] - click: Object: 'Object Repository/ADMIN/Features Control/Booking Unit/topbutton_Save' is clicked on

2019-05-28 14:04:23 - [MESSAGE][PASSED] - Object: 'Object Repository/ADMIN/Features Control/Booking Unit/topbutton_Save' is clicked on

2019-05-28 14:04:23 - [TEST_STEP][PASSED] - waitForElementVisible: Object 'Object Repository/ADMIN/Features Control/Booking Unit/a_Save Popup/button_Save' is visible

2019-05-28 14:04:23 - [MESSAGE][WARNING] - Timeout '0' is invalid. Using default page load timeout: '30'

2019-05-28 14:04:23 - [MESSAGE][PASSED] - Object 'Object Repository/ADMIN/Features Control/Booking Unit/a_Save Popup/button_Save' is visible

2019-05-28 14:04:23 - [TEST_STEP][PASSED] - click: Object: 'Object Repository/ADMIN/Features Control/Booking Unit/a_Save Popup/button_Save' is clicked on

2019-05-28 14:04:24 - [MESSAGE][PASSED] - Object: 'Object Repository/ADMIN/Features Control/Booking Unit/a_Save Popup/button_Save' is clicked on

2019-05-28 14:04:24 - [TEST_STEP][PASSED] - waitForElementVisible: Object 'Object Repository/ADMIN/Features Control/Booking Unit/a_ToasterMessage/toaster_SaveSuccessfully' is visible

2019-05-28 14:04:24 - [MESSAGE][WARNING] - Timeout '0' is invalid. Using default page load timeout: '30'

2019-05-28 14:04:24 - [MESSAGE][PASSED] - Object 'Object Repository/ADMIN/Features Control/Booking Unit/a_ToasterMessage/toaster_SaveSuccessfully' is visible

2019-05-28 14:04:24 - [TEST_STEP][PASSED] - waitForElementNotPresent: Web element with id: 'Object Repository/ADMIN/Features Control/Booking Unit/a_ToasterMessage/toaster_SaveSuccessfully' located by 'By.xpath: //div[@class = 'toast toast-success' and (text() = 'Save successfully' or . = 'Save successfully')]' is not present after '30' second(s)

2019-05-28 14:04:24 - [MESSAGE][WARNING] - Timeout '0' is invalid. Using default page load timeout: '30'

2019-05-28 14:04:30 - [MESSAGE][PASSED] - Web element with id: 'Object Repository/ADMIN/Features Control/Booking Unit/a_ToasterMessage/toaster_SaveSuccessfully' located by 'By.xpath: //div[@class = 'toast toast-success' and (text() = 'Save successfully' or . = 'Save successfully')]' is not present after '30' second(s)]]></system-out>
         <system-err><![CDATA[]]></system-err>
      </testcase>
      <testcase name="Test Cases/ADMIN/Features Control/Booking Unit/Combination/Default/11Add_DayMonth" classname="Test Cases/ADMIN/Features Control/Booking Unit/Combination/Default/11Add_DayMonth" status="PASSED">
         <system-out><![CDATA[2019-05-28 14:04:30 - [TEST_CASE][PASSED] - Test Cases/ADMIN/Features Control/Booking Unit/Combination/Default/11Add_DayMonth: Test Cases/ADMIN/Features Control/Booking Unit/Combination/Default/11Add_DayMonth

2019-05-28 14:04:30 - [TEST_STEP][PASSED] - waitForElementVisible: Object 'Object Repository/ADMIN/Features Control/Advance Search/a_Features Control' is visible

2019-05-28 14:04:30 - [MESSAGE][WARNING] - Timeout '0' is invalid. Using default page load timeout: '30'

2019-05-28 14:04:30 - [MESSAGE][PASSED] - Object 'Object Repository/ADMIN/Features Control/Advance Search/a_Features Control' is visible

2019-05-28 14:04:30 - [TEST_STEP][PASSED] - click: Object: 'Object Repository/ADMIN/Features Control/Advance Search/a_Features Control' is clicked on

2019-05-28 14:04:31 - [MESSAGE][PASSED] - Object: 'Object Repository/ADMIN/Features Control/Advance Search/a_Features Control' is clicked on

2019-05-28 14:04:31 - [TEST_STEP][PASSED] - waitForElementVisible: Object 'Object Repository/ADMIN/Features Control/Booking Unit/button_Edit' is visible

2019-05-28 14:04:31 - [MESSAGE][WARNING] - Timeout '0' is invalid. Using default page load timeout: '30'

2019-05-28 14:04:31 - [MESSAGE][PASSED] - Object 'Object Repository/ADMIN/Features Control/Booking Unit/button_Edit' is visible

2019-05-28 14:04:31 - [TEST_STEP][PASSED] - click: Object: 'Object Repository/ADMIN/Features Control/Booking Unit/button_Edit' is clicked on

2019-05-28 14:04:31 - [MESSAGE][PASSED] - Object: 'Object Repository/ADMIN/Features Control/Booking Unit/button_Edit' is clicked on

2019-05-28 14:04:31 - [TEST_STEP][PASSED] - waitForElementVisible: Object 'Object Repository/ADMIN/Features Control/Booking Unit/icon1st_NewBookingUnit' is visible

2019-05-28 14:04:31 - [MESSAGE][WARNING] - Timeout '0' is invalid. Using default page load timeout: '30'

2019-05-28 14:04:32 - [MESSAGE][PASSED] - Object 'Object Repository/ADMIN/Features Control/Booking Unit/icon1st_NewBookingUnit' is visible

2019-05-28 14:04:32 - [TEST_STEP][PASSED] - verifyElementVisible: Object 'Object Repository/ADMIN/Features Control/Booking Unit/textlabel_NewBookingUnit' is visible

2019-05-28 14:04:32 - [MESSAGE][PASSED] - Object 'Object Repository/ADMIN/Features Control/Booking Unit/textlabel_NewBookingUnit' is visible

2019-05-28 14:04:32 - [TEST_STEP][PASSED] - delay: Delayed 1 second(s)

2019-05-28 14:04:33 - [MESSAGE][PASSED] - Delayed 1 second(s)

2019-05-28 14:04:33 - [TEST_STEP][PASSED] - click: Object: 'Object Repository/ADMIN/Features Control/Booking Unit/button_AddBookingUnit' is clicked on

2019-05-28 14:04:33 - [MESSAGE][PASSED] - Object: 'Object Repository/ADMIN/Features Control/Booking Unit/button_AddBookingUnit' is clicked on

2019-05-28 14:04:33 - [TEST_STEP][PASSED] - waitForElementVisible: Object 'Object Repository/ADMIN/Features Control/Booking Unit/a_Add New Booking Unit/textlabel_AddNewBookingUnit' is visible

2019-05-28 14:04:33 - [MESSAGE][WARNING] - Timeout '0' is invalid. Using default page load timeout: '30'

2019-05-28 14:04:33 - [MESSAGE][PASSED] - Object 'Object Repository/ADMIN/Features Control/Booking Unit/a_Add New Booking Unit/textlabel_AddNewBookingUnit' is visible

2019-05-28 14:04:33 - [TEST_STEP][PASSED] - delay: Delayed 1 second(s)

2019-05-28 14:04:34 - [MESSAGE][PASSED] - Delayed 1 second(s)

2019-05-28 14:04:34 - [TEST_STEP][PASSED] - setText: Text 'Day 11' is set on object 'Object Repository/ADMIN/Features Control/Booking Unit/a_Add New Booking Unit/textfield_UnitName'

2019-05-28 14:04:34 - [MESSAGE][PASSED] - Text 'Day 11' is set on object 'Object Repository/ADMIN/Features Control/Booking Unit/a_Add New Booking Unit/textfield_UnitName'

2019-05-28 14:04:34 - [TEST_STEP][PASSED] - delay: Delayed 1 second(s)

2019-05-28 14:04:35 - [MESSAGE][PASSED] - Delayed 1 second(s)

2019-05-28 14:04:35 - [TEST_STEP][PASSED] - click: Object: 'Object Repository/ADMIN/Features Control/Booking Unit/a_Add New Booking Unit/checkbox_Day' is clicked on

2019-05-28 14:04:35 - [MESSAGE][PASSED] - Object: 'Object Repository/ADMIN/Features Control/Booking Unit/a_Add New Booking Unit/checkbox_Day' is clicked on

2019-05-28 14:04:35 - [TEST_STEP][PASSED] - click: Object: 'Object Repository/ADMIN/Features Control/Booking Unit/a_Add New Booking Unit/checkbox_Month' is clicked on

2019-05-28 14:04:35 - [MESSAGE][PASSED] - Object: 'Object Repository/ADMIN/Features Control/Booking Unit/a_Add New Booking Unit/checkbox_Month' is clicked on

2019-05-28 14:04:35 - [TEST_STEP][PASSED] - click: Object: 'Object Repository/ADMIN/Features Control/Booking Unit/a_Add New Booking Unit/button_Save' is clicked on

2019-05-28 14:04:35 - [MESSAGE][PASSED] - Object: 'Object Repository/ADMIN/Features Control/Booking Unit/a_Add New Booking Unit/button_Save' is clicked on

2019-05-28 14:04:35 - [TEST_STEP][PASSED] - delay: Delayed 1 second(s)

2019-05-28 14:04:36 - [MESSAGE][PASSED] - Delayed 1 second(s)

2019-05-28 14:04:36 - [TEST_STEP][PASSED] - click: Object: 'Object Repository/ADMIN/Features Control/Booking Unit/topbutton_Save' is clicked on

2019-05-28 14:04:36 - [MESSAGE][PASSED] - Object: 'Object Repository/ADMIN/Features Control/Booking Unit/topbutton_Save' is clicked on

2019-05-28 14:04:36 - [TEST_STEP][PASSED] - waitForElementVisible: Object 'Object Repository/ADMIN/Features Control/Booking Unit/a_Save Popup/button_Save' is visible

2019-05-28 14:04:36 - [MESSAGE][WARNING] - Timeout '0' is invalid. Using default page load timeout: '30'

2019-05-28 14:04:36 - [MESSAGE][PASSED] - Object 'Object Repository/ADMIN/Features Control/Booking Unit/a_Save Popup/button_Save' is visible

2019-05-28 14:04:36 - [TEST_STEP][PASSED] - click: Object: 'Object Repository/ADMIN/Features Control/Booking Unit/a_Save Popup/button_Save' is clicked on

2019-05-28 14:04:37 - [MESSAGE][PASSED] - Object: 'Object Repository/ADMIN/Features Control/Booking Unit/a_Save Popup/button_Save' is clicked on

2019-05-28 14:04:37 - [TEST_STEP][PASSED] - waitForElementVisible: Object 'Object Repository/ADMIN/Features Control/Booking Unit/a_ToasterMessage/toaster_SaveSuccessfully' is visible

2019-05-28 14:04:37 - [MESSAGE][WARNING] - Timeout '0' is invalid. Using default page load timeout: '30'

2019-05-28 14:04:37 - [MESSAGE][PASSED] - Object 'Object Repository/ADMIN/Features Control/Booking Unit/a_ToasterMessage/toaster_SaveSuccessfully' is visible

2019-05-28 14:04:37 - [TEST_STEP][PASSED] - waitForElementNotPresent: Web element with id: 'Object Repository/ADMIN/Features Control/Booking Unit/a_ToasterMessage/toaster_SaveSuccessfully' located by 'By.xpath: //div[@class = 'toast toast-success' and (text() = 'Save successfully' or . = 'Save successfully')]' is not present after '30' second(s)

2019-05-28 14:04:37 - [MESSAGE][WARNING] - Timeout '0' is invalid. Using default page load timeout: '30'

2019-05-28 14:04:43 - [MESSAGE][PASSED] - Web element with id: 'Object Repository/ADMIN/Features Control/Booking Unit/a_ToasterMessage/toaster_SaveSuccessfully' located by 'By.xpath: //div[@class = 'toast toast-success' and (text() = 'Save successfully' or . = 'Save successfully')]' is not present after '30' second(s)]]></system-out>
         <system-err><![CDATA[]]></system-err>
      </testcase>
      <testcase name="Test Cases/ADMIN/Features Control/Booking Unit/Combination/Default/12Add_DayCustom" classname="Test Cases/ADMIN/Features Control/Booking Unit/Combination/Default/12Add_DayCustom" status="PASSED">
         <system-out><![CDATA[2019-05-28 14:04:43 - [TEST_CASE][PASSED] - Test Cases/ADMIN/Features Control/Booking Unit/Combination/Default/12Add_DayCustom: Test Cases/ADMIN/Features Control/Booking Unit/Combination/Default/12Add_DayCustom

2019-05-28 14:04:43 - [TEST_STEP][PASSED] - waitForElementVisible: Object 'Object Repository/ADMIN/Features Control/Advance Search/a_Features Control' is visible

2019-05-28 14:04:43 - [MESSAGE][WARNING] - Timeout '0' is invalid. Using default page load timeout: '30'

2019-05-28 14:04:43 - [MESSAGE][PASSED] - Object 'Object Repository/ADMIN/Features Control/Advance Search/a_Features Control' is visible

2019-05-28 14:04:43 - [TEST_STEP][PASSED] - click: Object: 'Object Repository/ADMIN/Features Control/Advance Search/a_Features Control' is clicked on

2019-05-28 14:04:43 - [MESSAGE][PASSED] - Object: 'Object Repository/ADMIN/Features Control/Advance Search/a_Features Control' is clicked on

2019-05-28 14:04:43 - [TEST_STEP][PASSED] - waitForElementVisible: Object 'Object Repository/ADMIN/Features Control/Booking Unit/button_Edit' is visible

2019-05-28 14:04:43 - [MESSAGE][WARNING] - Timeout '0' is invalid. Using default page load timeout: '30'

2019-05-28 14:04:44 - [MESSAGE][PASSED] - Object 'Object Repository/ADMIN/Features Control/Booking Unit/button_Edit' is visible

2019-05-28 14:04:44 - [TEST_STEP][PASSED] - click: Object: 'Object Repository/ADMIN/Features Control/Booking Unit/button_Edit' is clicked on

2019-05-28 14:04:44 - [MESSAGE][PASSED] - Object: 'Object Repository/ADMIN/Features Control/Booking Unit/button_Edit' is clicked on

2019-05-28 14:04:44 - [TEST_STEP][PASSED] - waitForElementVisible: Object 'Object Repository/ADMIN/Features Control/Booking Unit/icon1st_NewBookingUnit' is visible

2019-05-28 14:04:44 - [MESSAGE][WARNING] - Timeout '0' is invalid. Using default page load timeout: '30'

2019-05-28 14:04:44 - [MESSAGE][PASSED] - Object 'Object Repository/ADMIN/Features Control/Booking Unit/icon1st_NewBookingUnit' is visible

2019-05-28 14:04:44 - [TEST_STEP][PASSED] - verifyElementVisible: Object 'Object Repository/ADMIN/Features Control/Booking Unit/textlabel_NewBookingUnit' is visible

2019-05-28 14:04:45 - [MESSAGE][PASSED] - Object 'Object Repository/ADMIN/Features Control/Booking Unit/textlabel_NewBookingUnit' is visible

2019-05-28 14:04:45 - [TEST_STEP][PASSED] - delay: Delayed 1 second(s)

2019-05-28 14:04:46 - [MESSAGE][PASSED] - Delayed 1 second(s)

2019-05-28 14:04:46 - [TEST_STEP][PASSED] - click: Object: 'Object Repository/ADMIN/Features Control/Booking Unit/button_AddBookingUnit' is clicked on

2019-05-28 14:04:46 - [MESSAGE][PASSED] - Object: 'Object Repository/ADMIN/Features Control/Booking Unit/button_AddBookingUnit' is clicked on

2019-05-28 14:04:46 - [TEST_STEP][PASSED] - waitForElementVisible: Object 'Object Repository/ADMIN/Features Control/Booking Unit/a_Add New Booking Unit/textlabel_AddNewBookingUnit' is visible

2019-05-28 14:04:46 - [MESSAGE][WARNING] - Timeout '0' is invalid. Using default page load timeout: '30'

2019-05-28 14:04:46 - [MESSAGE][PASSED] - Object 'Object Repository/ADMIN/Features Control/Booking Unit/a_Add New Booking Unit/textlabel_AddNewBookingUnit' is visible

2019-05-28 14:04:46 - [TEST_STEP][PASSED] - delay: Delayed 1 second(s)

2019-05-28 14:04:47 - [MESSAGE][PASSED] - Delayed 1 second(s)

2019-05-28 14:04:47 - [TEST_STEP][PASSED] - setText: Text 'Day 12' is set on object 'Object Repository/ADMIN/Features Control/Booking Unit/a_Add New Booking Unit/textfield_UnitName'

2019-05-28 14:04:47 - [MESSAGE][PASSED] - Text 'Day 12' is set on object 'Object Repository/ADMIN/Features Control/Booking Unit/a_Add New Booking Unit/textfield_UnitName'

2019-05-28 14:04:47 - [TEST_STEP][PASSED] - delay: Delayed 1 second(s)

2019-05-28 14:04:48 - [MESSAGE][PASSED] - Delayed 1 second(s)

2019-05-28 14:04:48 - [TEST_STEP][PASSED] - click: Object: 'Object Repository/ADMIN/Features Control/Booking Unit/a_Add New Booking Unit/checkbox_Day' is clicked on

2019-05-28 14:04:48 - [MESSAGE][PASSED] - Object: 'Object Repository/ADMIN/Features Control/Booking Unit/a_Add New Booking Unit/checkbox_Day' is clicked on

2019-05-28 14:04:48 - [TEST_STEP][PASSED] - click: Object: 'Object Repository/ADMIN/Features Control/Booking Unit/a_Add New Booking Unit/checkbox_Custom' is clicked on

2019-05-28 14:04:48 - [MESSAGE][PASSED] - Object: 'Object Repository/ADMIN/Features Control/Booking Unit/a_Add New Booking Unit/checkbox_Custom' is clicked on

2019-05-28 14:04:48 - [TEST_STEP][PASSED] - click: Object: 'Object Repository/ADMIN/Features Control/Booking Unit/a_Add New Booking Unit/button_Save' is clicked on

2019-05-28 14:04:48 - [MESSAGE][PASSED] - Object: 'Object Repository/ADMIN/Features Control/Booking Unit/a_Add New Booking Unit/button_Save' is clicked on

2019-05-28 14:04:48 - [TEST_STEP][PASSED] - delay: Delayed 1 second(s)

2019-05-28 14:04:49 - [MESSAGE][PASSED] - Delayed 1 second(s)

2019-05-28 14:04:49 - [TEST_STEP][PASSED] - click: Object: 'Object Repository/ADMIN/Features Control/Booking Unit/topbutton_Save' is clicked on

2019-05-28 14:04:49 - [MESSAGE][PASSED] - Object: 'Object Repository/ADMIN/Features Control/Booking Unit/topbutton_Save' is clicked on

2019-05-28 14:04:49 - [TEST_STEP][PASSED] - waitForElementVisible: Object 'Object Repository/ADMIN/Features Control/Booking Unit/a_Save Popup/button_Save' is visible

2019-05-28 14:04:49 - [MESSAGE][WARNING] - Timeout '0' is invalid. Using default page load timeout: '30'

2019-05-28 14:04:49 - [MESSAGE][PASSED] - Object 'Object Repository/ADMIN/Features Control/Booking Unit/a_Save Popup/button_Save' is visible

2019-05-28 14:04:49 - [TEST_STEP][PASSED] - click: Object: 'Object Repository/ADMIN/Features Control/Booking Unit/a_Save Popup/button_Save' is clicked on

2019-05-28 14:04:50 - [MESSAGE][PASSED] - Object: 'Object Repository/ADMIN/Features Control/Booking Unit/a_Save Popup/button_Save' is clicked on

2019-05-28 14:04:50 - [TEST_STEP][PASSED] - waitForElementVisible: Object 'Object Repository/ADMIN/Features Control/Booking Unit/a_ToasterMessage/toaster_SaveSuccessfully' is visible

2019-05-28 14:04:50 - [MESSAGE][WARNING] - Timeout '0' is invalid. Using default page load timeout: '30'

2019-05-28 14:04:50 - [MESSAGE][PASSED] - Object 'Object Repository/ADMIN/Features Control/Booking Unit/a_ToasterMessage/toaster_SaveSuccessfully' is visible

2019-05-28 14:04:50 - [TEST_STEP][PASSED] - waitForElementNotPresent: Web element with id: 'Object Repository/ADMIN/Features Control/Booking Unit/a_ToasterMessage/toaster_SaveSuccessfully' located by 'By.xpath: //div[@class = 'toast toast-success' and (text() = 'Save successfully' or . = 'Save successfully')]' is not present after '30' second(s)

2019-05-28 14:04:50 - [MESSAGE][WARNING] - Timeout '0' is invalid. Using default page load timeout: '30'

2019-05-28 14:04:56 - [MESSAGE][PASSED] - Web element with id: 'Object Repository/ADMIN/Features Control/Booking Unit/a_ToasterMessage/toaster_SaveSuccessfully' located by 'By.xpath: //div[@class = 'toast toast-success' and (text() = 'Save successfully' or . = 'Save successfully')]' is not present after '30' second(s)]]></system-out>
         <system-err><![CDATA[]]></system-err>
      </testcase>
      <testcase name="Test Cases/ADMIN/Features Control/Booking Unit/Combination/Default/13Add_WeekMonth" classname="Test Cases/ADMIN/Features Control/Booking Unit/Combination/Default/13Add_WeekMonth" status="PASSED">
         <system-out><![CDATA[2019-05-28 14:04:56 - [TEST_CASE][PASSED] - Test Cases/ADMIN/Features Control/Booking Unit/Combination/Default/13Add_WeekMonth: Test Cases/ADMIN/Features Control/Booking Unit/Combination/Default/13Add_WeekMonth

2019-05-28 14:04:56 - [TEST_STEP][PASSED] - waitForElementVisible: Object 'Object Repository/ADMIN/Features Control/Advance Search/a_Features Control' is visible

2019-05-28 14:04:56 - [MESSAGE][WARNING] - Timeout '0' is invalid. Using default page load timeout: '30'

2019-05-28 14:04:56 - [MESSAGE][PASSED] - Object 'Object Repository/ADMIN/Features Control/Advance Search/a_Features Control' is visible

2019-05-28 14:04:56 - [TEST_STEP][PASSED] - click: Object: 'Object Repository/ADMIN/Features Control/Advance Search/a_Features Control' is clicked on

2019-05-28 14:04:57 - [MESSAGE][PASSED] - Object: 'Object Repository/ADMIN/Features Control/Advance Search/a_Features Control' is clicked on

2019-05-28 14:04:57 - [TEST_STEP][PASSED] - waitForElementVisible: Object 'Object Repository/ADMIN/Features Control/Booking Unit/button_Edit' is visible

2019-05-28 14:04:57 - [MESSAGE][WARNING] - Timeout '0' is invalid. Using default page load timeout: '30'

2019-05-28 14:04:57 - [MESSAGE][PASSED] - Object 'Object Repository/ADMIN/Features Control/Booking Unit/button_Edit' is visible

2019-05-28 14:04:57 - [TEST_STEP][PASSED] - click: Object: 'Object Repository/ADMIN/Features Control/Booking Unit/button_Edit' is clicked on

2019-05-28 14:04:57 - [MESSAGE][PASSED] - Object: 'Object Repository/ADMIN/Features Control/Booking Unit/button_Edit' is clicked on

2019-05-28 14:04:57 - [TEST_STEP][PASSED] - waitForElementVisible: Object 'Object Repository/ADMIN/Features Control/Booking Unit/icon1st_NewBookingUnit' is visible

2019-05-28 14:04:57 - [MESSAGE][WARNING] - Timeout '0' is invalid. Using default page load timeout: '30'

2019-05-28 14:04:57 - [MESSAGE][PASSED] - Object 'Object Repository/ADMIN/Features Control/Booking Unit/icon1st_NewBookingUnit' is visible

2019-05-28 14:04:57 - [TEST_STEP][PASSED] - verifyElementVisible: Object 'Object Repository/ADMIN/Features Control/Booking Unit/textlabel_NewBookingUnit' is visible

2019-05-28 14:04:58 - [MESSAGE][PASSED] - Object 'Object Repository/ADMIN/Features Control/Booking Unit/textlabel_NewBookingUnit' is visible

2019-05-28 14:04:58 - [TEST_STEP][PASSED] - delay: Delayed 1 second(s)

2019-05-28 14:04:59 - [MESSAGE][PASSED] - Delayed 1 second(s)

2019-05-28 14:04:59 - [TEST_STEP][PASSED] - click: Object: 'Object Repository/ADMIN/Features Control/Booking Unit/button_AddBookingUnit' is clicked on

2019-05-28 14:04:59 - [MESSAGE][PASSED] - Object: 'Object Repository/ADMIN/Features Control/Booking Unit/button_AddBookingUnit' is clicked on

2019-05-28 14:04:59 - [TEST_STEP][PASSED] - waitForElementVisible: Object 'Object Repository/ADMIN/Features Control/Booking Unit/a_Add New Booking Unit/textlabel_AddNewBookingUnit' is visible

2019-05-28 14:04:59 - [MESSAGE][WARNING] - Timeout '0' is invalid. Using default page load timeout: '30'

2019-05-28 14:04:59 - [MESSAGE][PASSED] - Object 'Object Repository/ADMIN/Features Control/Booking Unit/a_Add New Booking Unit/textlabel_AddNewBookingUnit' is visible

2019-05-28 14:04:59 - [TEST_STEP][PASSED] - delay: Delayed 1 second(s)

2019-05-28 14:05:00 - [MESSAGE][PASSED] - Delayed 1 second(s)

2019-05-28 14:05:00 - [TEST_STEP][PASSED] - setText: Text 'Day 13' is set on object 'Object Repository/ADMIN/Features Control/Booking Unit/a_Add New Booking Unit/textfield_UnitName'

2019-05-28 14:05:00 - [MESSAGE][PASSED] - Text 'Day 13' is set on object 'Object Repository/ADMIN/Features Control/Booking Unit/a_Add New Booking Unit/textfield_UnitName'

2019-05-28 14:05:00 - [TEST_STEP][PASSED] - delay: Delayed 1 second(s)

2019-05-28 14:05:01 - [MESSAGE][PASSED] - Delayed 1 second(s)

2019-05-28 14:05:01 - [TEST_STEP][PASSED] - click: Object: 'Object Repository/ADMIN/Features Control/Booking Unit/a_Add New Booking Unit/checkbox_Week' is clicked on

2019-05-28 14:05:01 - [MESSAGE][PASSED] - Object: 'Object Repository/ADMIN/Features Control/Booking Unit/a_Add New Booking Unit/checkbox_Week' is clicked on

2019-05-28 14:05:01 - [TEST_STEP][PASSED] - click: Object: 'Object Repository/ADMIN/Features Control/Booking Unit/a_Add New Booking Unit/checkbox_Month' is clicked on

2019-05-28 14:05:01 - [MESSAGE][PASSED] - Object: 'Object Repository/ADMIN/Features Control/Booking Unit/a_Add New Booking Unit/checkbox_Month' is clicked on

2019-05-28 14:05:01 - [TEST_STEP][PASSED] - click: Object: 'Object Repository/ADMIN/Features Control/Booking Unit/a_Add New Booking Unit/button_Save' is clicked on

2019-05-28 14:05:01 - [MESSAGE][PASSED] - Object: 'Object Repository/ADMIN/Features Control/Booking Unit/a_Add New Booking Unit/button_Save' is clicked on

2019-05-28 14:05:01 - [TEST_STEP][PASSED] - delay: Delayed 1 second(s)

2019-05-28 14:05:02 - [MESSAGE][PASSED] - Delayed 1 second(s)

2019-05-28 14:05:02 - [TEST_STEP][PASSED] - click: Object: 'Object Repository/ADMIN/Features Control/Booking Unit/topbutton_Save' is clicked on

2019-05-28 14:05:02 - [MESSAGE][PASSED] - Object: 'Object Repository/ADMIN/Features Control/Booking Unit/topbutton_Save' is clicked on

2019-05-28 14:05:02 - [TEST_STEP][PASSED] - waitForElementVisible: Object 'Object Repository/ADMIN/Features Control/Booking Unit/a_Save Popup/button_Save' is visible

2019-05-28 14:05:02 - [MESSAGE][WARNING] - Timeout '0' is invalid. Using default page load timeout: '30'

2019-05-28 14:05:02 - [MESSAGE][PASSED] - Object 'Object Repository/ADMIN/Features Control/Booking Unit/a_Save Popup/button_Save' is visible

2019-05-28 14:05:02 - [TEST_STEP][PASSED] - click: Object: 'Object Repository/ADMIN/Features Control/Booking Unit/a_Save Popup/button_Save' is clicked on

2019-05-28 14:05:03 - [MESSAGE][PASSED] - Object: 'Object Repository/ADMIN/Features Control/Booking Unit/a_Save Popup/button_Save' is clicked on

2019-05-28 14:05:03 - [TEST_STEP][PASSED] - waitForElementVisible: Object 'Object Repository/ADMIN/Features Control/Booking Unit/a_ToasterMessage/toaster_SaveSuccessfully' is visible

2019-05-28 14:05:03 - [MESSAGE][WARNING] - Timeout '0' is invalid. Using default page load timeout: '30'

2019-05-28 14:05:03 - [MESSAGE][PASSED] - Object 'Object Repository/ADMIN/Features Control/Booking Unit/a_ToasterMessage/toaster_SaveSuccessfully' is visible

2019-05-28 14:05:03 - [TEST_STEP][PASSED] - waitForElementNotPresent: Web element with id: 'Object Repository/ADMIN/Features Control/Booking Unit/a_ToasterMessage/toaster_SaveSuccessfully' located by 'By.xpath: //div[@class = 'toast toast-success' and (text() = 'Save successfully' or . = 'Save successfully')]' is not present after '30' second(s)

2019-05-28 14:05:03 - [MESSAGE][WARNING] - Timeout '0' is invalid. Using default page load timeout: '30'

2019-05-28 14:05:09 - [MESSAGE][PASSED] - Web element with id: 'Object Repository/ADMIN/Features Control/Booking Unit/a_ToasterMessage/toaster_SaveSuccessfully' located by 'By.xpath: //div[@class = 'toast toast-success' and (text() = 'Save successfully' or . = 'Save successfully')]' is not present after '30' second(s)]]></system-out>
         <system-err><![CDATA[]]></system-err>
      </testcase>
      <testcase name="Test Cases/ADMIN/Features Control/Booking Unit/Combination/Default/14Add_WeekCustom" classname="Test Cases/ADMIN/Features Control/Booking Unit/Combination/Default/14Add_WeekCustom" status="PASSED">
         <system-out><![CDATA[2019-05-28 14:05:09 - [TEST_CASE][PASSED] - Test Cases/ADMIN/Features Control/Booking Unit/Combination/Default/14Add_WeekCustom: Test Cases/ADMIN/Features Control/Booking Unit/Combination/Default/14Add_WeekCustom

2019-05-28 14:05:09 - [TEST_STEP][PASSED] - waitForElementVisible: Object 'Object Repository/ADMIN/Features Control/Advance Search/a_Features Control' is visible

2019-05-28 14:05:09 - [MESSAGE][WARNING] - Timeout '0' is invalid. Using default page load timeout: '30'

2019-05-28 14:05:09 - [MESSAGE][PASSED] - Object 'Object Repository/ADMIN/Features Control/Advance Search/a_Features Control' is visible

2019-05-28 14:05:09 - [TEST_STEP][PASSED] - click: Object: 'Object Repository/ADMIN/Features Control/Advance Search/a_Features Control' is clicked on

2019-05-28 14:05:10 - [MESSAGE][PASSED] - Object: 'Object Repository/ADMIN/Features Control/Advance Search/a_Features Control' is clicked on

2019-05-28 14:05:10 - [TEST_STEP][PASSED] - waitForElementVisible: Object 'Object Repository/ADMIN/Features Control/Booking Unit/button_Edit' is visible

2019-05-28 14:05:10 - [MESSAGE][WARNING] - Timeout '0' is invalid. Using default page load timeout: '30'

2019-05-28 14:05:10 - [MESSAGE][PASSED] - Object 'Object Repository/ADMIN/Features Control/Booking Unit/button_Edit' is visible

2019-05-28 14:05:10 - [TEST_STEP][PASSED] - click: Object: 'Object Repository/ADMIN/Features Control/Booking Unit/button_Edit' is clicked on

2019-05-28 14:05:10 - [MESSAGE][PASSED] - Object: 'Object Repository/ADMIN/Features Control/Booking Unit/button_Edit' is clicked on

2019-05-28 14:05:10 - [TEST_STEP][PASSED] - waitForElementVisible: Object 'Object Repository/ADMIN/Features Control/Booking Unit/icon1st_NewBookingUnit' is visible

2019-05-28 14:05:10 - [MESSAGE][WARNING] - Timeout '0' is invalid. Using default page load timeout: '30'

2019-05-28 14:05:10 - [MESSAGE][PASSED] - Object 'Object Repository/ADMIN/Features Control/Booking Unit/icon1st_NewBookingUnit' is visible

2019-05-28 14:05:10 - [TEST_STEP][PASSED] - verifyElementVisible: Object 'Object Repository/ADMIN/Features Control/Booking Unit/textlabel_NewBookingUnit' is visible

2019-05-28 14:05:10 - [MESSAGE][PASSED] - Object 'Object Repository/ADMIN/Features Control/Booking Unit/textlabel_NewBookingUnit' is visible

2019-05-28 14:05:10 - [TEST_STEP][PASSED] - delay: Delayed 1 second(s)

2019-05-28 14:05:12 - [MESSAGE][PASSED] - Delayed 1 second(s)

2019-05-28 14:05:12 - [TEST_STEP][PASSED] - click: Object: 'Object Repository/ADMIN/Features Control/Booking Unit/button_AddBookingUnit' is clicked on

2019-05-28 14:05:12 - [MESSAGE][PASSED] - Object: 'Object Repository/ADMIN/Features Control/Booking Unit/button_AddBookingUnit' is clicked on

2019-05-28 14:05:12 - [TEST_STEP][PASSED] - waitForElementVisible: Object 'Object Repository/ADMIN/Features Control/Booking Unit/a_Add New Booking Unit/textlabel_AddNewBookingUnit' is visible

2019-05-28 14:05:12 - [MESSAGE][WARNING] - Timeout '0' is invalid. Using default page load timeout: '30'

2019-05-28 14:05:12 - [MESSAGE][PASSED] - Object 'Object Repository/ADMIN/Features Control/Booking Unit/a_Add New Booking Unit/textlabel_AddNewBookingUnit' is visible

2019-05-28 14:05:12 - [TEST_STEP][PASSED] - delay: Delayed 1 second(s)

2019-05-28 14:05:13 - [MESSAGE][PASSED] - Delayed 1 second(s)

2019-05-28 14:05:13 - [TEST_STEP][PASSED] - setText: Text 'Day 14' is set on object 'Object Repository/ADMIN/Features Control/Booking Unit/a_Add New Booking Unit/textfield_UnitName'

2019-05-28 14:05:13 - [MESSAGE][PASSED] - Text 'Day 14' is set on object 'Object Repository/ADMIN/Features Control/Booking Unit/a_Add New Booking Unit/textfield_UnitName'

2019-05-28 14:05:13 - [TEST_STEP][PASSED] - delay: Delayed 1 second(s)

2019-05-28 14:05:14 - [MESSAGE][PASSED] - Delayed 1 second(s)

2019-05-28 14:05:14 - [TEST_STEP][PASSED] - click: Object: 'Object Repository/ADMIN/Features Control/Booking Unit/a_Add New Booking Unit/checkbox_Week' is clicked on

2019-05-28 14:05:14 - [MESSAGE][PASSED] - Object: 'Object Repository/ADMIN/Features Control/Booking Unit/a_Add New Booking Unit/checkbox_Week' is clicked on

2019-05-28 14:05:14 - [TEST_STEP][PASSED] - click: Object: 'Object Repository/ADMIN/Features Control/Booking Unit/a_Add New Booking Unit/checkbox_Custom' is clicked on

2019-05-28 14:05:14 - [MESSAGE][PASSED] - Object: 'Object Repository/ADMIN/Features Control/Booking Unit/a_Add New Booking Unit/checkbox_Custom' is clicked on

2019-05-28 14:05:14 - [TEST_STEP][PASSED] - click: Object: 'Object Repository/ADMIN/Features Control/Booking Unit/a_Add New Booking Unit/button_Save' is clicked on

2019-05-28 14:05:14 - [MESSAGE][PASSED] - Object: 'Object Repository/ADMIN/Features Control/Booking Unit/a_Add New Booking Unit/button_Save' is clicked on

2019-05-28 14:05:14 - [TEST_STEP][PASSED] - delay: Delayed 1 second(s)

2019-05-28 14:05:15 - [MESSAGE][PASSED] - Delayed 1 second(s)

2019-05-28 14:05:15 - [TEST_STEP][PASSED] - click: Object: 'Object Repository/ADMIN/Features Control/Booking Unit/topbutton_Save' is clicked on

2019-05-28 14:05:15 - [MESSAGE][PASSED] - Object: 'Object Repository/ADMIN/Features Control/Booking Unit/topbutton_Save' is clicked on

2019-05-28 14:05:15 - [TEST_STEP][PASSED] - waitForElementVisible: Object 'Object Repository/ADMIN/Features Control/Booking Unit/a_Save Popup/button_Save' is visible

2019-05-28 14:05:15 - [MESSAGE][WARNING] - Timeout '0' is invalid. Using default page load timeout: '30'

2019-05-28 14:05:15 - [MESSAGE][PASSED] - Object 'Object Repository/ADMIN/Features Control/Booking Unit/a_Save Popup/button_Save' is visible

2019-05-28 14:05:15 - [TEST_STEP][PASSED] - click: Object: 'Object Repository/ADMIN/Features Control/Booking Unit/a_Save Popup/button_Save' is clicked on

2019-05-28 14:05:15 - [MESSAGE][PASSED] - Object: 'Object Repository/ADMIN/Features Control/Booking Unit/a_Save Popup/button_Save' is clicked on

2019-05-28 14:05:15 - [TEST_STEP][PASSED] - waitForElementVisible: Object 'Object Repository/ADMIN/Features Control/Booking Unit/a_ToasterMessage/toaster_SaveSuccessfully' is visible

2019-05-28 14:05:15 - [MESSAGE][WARNING] - Timeout '0' is invalid. Using default page load timeout: '30'

2019-05-28 14:05:16 - [MESSAGE][PASSED] - Object 'Object Repository/ADMIN/Features Control/Booking Unit/a_ToasterMessage/toaster_SaveSuccessfully' is visible

2019-05-28 14:05:16 - [TEST_STEP][PASSED] - waitForElementNotPresent: Web element with id: 'Object Repository/ADMIN/Features Control/Booking Unit/a_ToasterMessage/toaster_SaveSuccessfully' located by 'By.xpath: //div[@class = 'toast toast-success' and (text() = 'Save successfully' or . = 'Save successfully')]' is not present after '30' second(s)

2019-05-28 14:05:16 - [MESSAGE][WARNING] - Timeout '0' is invalid. Using default page load timeout: '30'

2019-05-28 14:05:22 - [MESSAGE][PASSED] - Web element with id: 'Object Repository/ADMIN/Features Control/Booking Unit/a_ToasterMessage/toaster_SaveSuccessfully' located by 'By.xpath: //div[@class = 'toast toast-success' and (text() = 'Save successfully' or . = 'Save successfully')]' is not present after '30' second(s)]]></system-out>
         <system-err><![CDATA[]]></system-err>
      </testcase>
      <testcase name="Test Cases/ADMIN/Features Control/Booking Unit/Combination/Default/15Add_MonthCustom" classname="Test Cases/ADMIN/Features Control/Booking Unit/Combination/Default/15Add_MonthCustom" status="PASSED">
         <system-out><![CDATA[2019-05-28 14:05:22 - [TEST_CASE][PASSED] - Test Cases/ADMIN/Features Control/Booking Unit/Combination/Default/15Add_MonthCustom: Test Cases/ADMIN/Features Control/Booking Unit/Combination/Default/15Add_MonthCustom

2019-05-28 14:05:22 - [TEST_STEP][PASSED] - waitForElementVisible: Object 'Object Repository/ADMIN/Features Control/Advance Search/a_Features Control' is visible

2019-05-28 14:05:22 - [MESSAGE][WARNING] - Timeout '0' is invalid. Using default page load timeout: '30'

2019-05-28 14:05:22 - [MESSAGE][PASSED] - Object 'Object Repository/ADMIN/Features Control/Advance Search/a_Features Control' is visible

2019-05-28 14:05:22 - [TEST_STEP][PASSED] - click: Object: 'Object Repository/ADMIN/Features Control/Advance Search/a_Features Control' is clicked on

2019-05-28 14:05:23 - [MESSAGE][PASSED] - Object: 'Object Repository/ADMIN/Features Control/Advance Search/a_Features Control' is clicked on

2019-05-28 14:05:23 - [TEST_STEP][PASSED] - waitForElementVisible: Object 'Object Repository/ADMIN/Features Control/Booking Unit/button_Edit' is visible

2019-05-28 14:05:23 - [MESSAGE][WARNING] - Timeout '0' is invalid. Using default page load timeout: '30'

2019-05-28 14:05:23 - [MESSAGE][PASSED] - Object 'Object Repository/ADMIN/Features Control/Booking Unit/button_Edit' is visible

2019-05-28 14:05:23 - [TEST_STEP][PASSED] - click: Object: 'Object Repository/ADMIN/Features Control/Booking Unit/button_Edit' is clicked on

2019-05-28 14:05:23 - [MESSAGE][PASSED] - Object: 'Object Repository/ADMIN/Features Control/Booking Unit/button_Edit' is clicked on

2019-05-28 14:05:23 - [TEST_STEP][PASSED] - waitForElementVisible: Object 'Object Repository/ADMIN/Features Control/Booking Unit/icon1st_NewBookingUnit' is visible

2019-05-28 14:05:23 - [MESSAGE][WARNING] - Timeout '0' is invalid. Using default page load timeout: '30'

2019-05-28 14:05:24 - [MESSAGE][PASSED] - Object 'Object Repository/ADMIN/Features Control/Booking Unit/icon1st_NewBookingUnit' is visible

2019-05-28 14:05:24 - [TEST_STEP][PASSED] - verifyElementVisible: Object 'Object Repository/ADMIN/Features Control/Booking Unit/textlabel_NewBookingUnit' is visible

2019-05-28 14:05:24 - [MESSAGE][PASSED] - Object 'Object Repository/ADMIN/Features Control/Booking Unit/textlabel_NewBookingUnit' is visible

2019-05-28 14:05:24 - [TEST_STEP][PASSED] - delay: Delayed 1 second(s)

2019-05-28 14:05:25 - [MESSAGE][PASSED] - Delayed 1 second(s)

2019-05-28 14:05:25 - [TEST_STEP][PASSED] - click: Object: 'Object Repository/ADMIN/Features Control/Booking Unit/button_AddBookingUnit' is clicked on

2019-05-28 14:05:25 - [MESSAGE][PASSED] - Object: 'Object Repository/ADMIN/Features Control/Booking Unit/button_AddBookingUnit' is clicked on

2019-05-28 14:05:25 - [TEST_STEP][PASSED] - waitForElementVisible: Object 'Object Repository/ADMIN/Features Control/Booking Unit/a_Add New Booking Unit/textlabel_AddNewBookingUnit' is visible

2019-05-28 14:05:25 - [MESSAGE][WARNING] - Timeout '0' is invalid. Using default page load timeout: '30'

2019-05-28 14:05:25 - [MESSAGE][PASSED] - Object 'Object Repository/ADMIN/Features Control/Booking Unit/a_Add New Booking Unit/textlabel_AddNewBookingUnit' is visible

2019-05-28 14:05:25 - [TEST_STEP][PASSED] - delay: Delayed 1 second(s)

2019-05-28 14:05:26 - [MESSAGE][PASSED] - Delayed 1 second(s)

2019-05-28 14:05:26 - [TEST_STEP][PASSED] - setText: Text 'Day 15' is set on object 'Object Repository/ADMIN/Features Control/Booking Unit/a_Add New Booking Unit/textfield_UnitName'

2019-05-28 14:05:26 - [MESSAGE][PASSED] - Text 'Day 15' is set on object 'Object Repository/ADMIN/Features Control/Booking Unit/a_Add New Booking Unit/textfield_UnitName'

2019-05-28 14:05:26 - [TEST_STEP][PASSED] - delay: Delayed 1 second(s)

2019-05-28 14:05:27 - [MESSAGE][PASSED] - Delayed 1 second(s)

2019-05-28 14:05:27 - [TEST_STEP][PASSED] - click: Object: 'Object Repository/ADMIN/Features Control/Booking Unit/a_Add New Booking Unit/checkbox_Month' is clicked on

2019-05-28 14:05:27 - [MESSAGE][PASSED] - Object: 'Object Repository/ADMIN/Features Control/Booking Unit/a_Add New Booking Unit/checkbox_Month' is clicked on

2019-05-28 14:05:27 - [TEST_STEP][PASSED] - click: Object: 'Object Repository/ADMIN/Features Control/Booking Unit/a_Add New Booking Unit/checkbox_Custom' is clicked on

2019-05-28 14:05:27 - [MESSAGE][PASSED] - Object: 'Object Repository/ADMIN/Features Control/Booking Unit/a_Add New Booking Unit/checkbox_Custom' is clicked on

2019-05-28 14:05:27 - [TEST_STEP][PASSED] - click: Object: 'Object Repository/ADMIN/Features Control/Booking Unit/a_Add New Booking Unit/button_Save' is clicked on

2019-05-28 14:05:27 - [MESSAGE][PASSED] - Object: 'Object Repository/ADMIN/Features Control/Booking Unit/a_Add New Booking Unit/button_Save' is clicked on

2019-05-28 14:05:27 - [TEST_STEP][PASSED] - delay: Delayed 1 second(s)

2019-05-28 14:05:28 - [MESSAGE][PASSED] - Delayed 1 second(s)

2019-05-28 14:05:28 - [TEST_STEP][PASSED] - click: Object: 'Object Repository/ADMIN/Features Control/Booking Unit/topbutton_Save' is clicked on

2019-05-28 14:05:29 - [MESSAGE][PASSED] - Object: 'Object Repository/ADMIN/Features Control/Booking Unit/topbutton_Save' is clicked on

2019-05-28 14:05:29 - [TEST_STEP][PASSED] - waitForElementVisible: Object 'Object Repository/ADMIN/Features Control/Booking Unit/a_Save Popup/button_Save' is visible

2019-05-28 14:05:29 - [MESSAGE][WARNING] - Timeout '0' is invalid. Using default page load timeout: '30'

2019-05-28 14:05:29 - [MESSAGE][PASSED] - Object 'Object Repository/ADMIN/Features Control/Booking Unit/a_Save Popup/button_Save' is visible

2019-05-28 14:05:29 - [TEST_STEP][PASSED] - click: Object: 'Object Repository/ADMIN/Features Control/Booking Unit/a_Save Popup/button_Save' is clicked on

2019-05-28 14:05:29 - [MESSAGE][PASSED] - Object: 'Object Repository/ADMIN/Features Control/Booking Unit/a_Save Popup/button_Save' is clicked on

2019-05-28 14:05:29 - [TEST_STEP][PASSED] - waitForElementVisible: Object 'Object Repository/ADMIN/Features Control/Booking Unit/a_ToasterMessage/toaster_SaveSuccessfully' is visible

2019-05-28 14:05:29 - [MESSAGE][WARNING] - Timeout '0' is invalid. Using default page load timeout: '30'

2019-05-28 14:05:29 - [MESSAGE][PASSED] - Object 'Object Repository/ADMIN/Features Control/Booking Unit/a_ToasterMessage/toaster_SaveSuccessfully' is visible

2019-05-28 14:05:29 - [TEST_STEP][PASSED] - waitForElementNotPresent: Web element with id: 'Object Repository/ADMIN/Features Control/Booking Unit/a_ToasterMessage/toaster_SaveSuccessfully' located by 'By.xpath: //div[@class = 'toast toast-success' and (text() = 'Save successfully' or . = 'Save successfully')]' is not present after '30' second(s)

2019-05-28 14:05:29 - [MESSAGE][WARNING] - Timeout '0' is invalid. Using default page load timeout: '30'

2019-05-28 14:05:35 - [MESSAGE][PASSED] - Web element with id: 'Object Repository/ADMIN/Features Control/Booking Unit/a_ToasterMessage/toaster_SaveSuccessfully' located by 'By.xpath: //div[@class = 'toast toast-success' and (text() = 'Save successfully' or . = 'Save successfully')]' is not present after '30' second(s)]]></system-out>
         <system-err><![CDATA[]]></system-err>
      </testcase>
      <testcase name="Test Cases/ADMIN/Features Control/Booking Unit/Combination/Default/16Add_HourDayWeek" classname="Test Cases/ADMIN/Features Control/Booking Unit/Combination/Default/16Add_HourDayWeek" status="PASSED">
         <system-out><![CDATA[2019-05-28 14:05:35 - [TEST_CASE][PASSED] - Test Cases/ADMIN/Features Control/Booking Unit/Combination/Default/16Add_HourDayWeek: Test Cases/ADMIN/Features Control/Booking Unit/Combination/Default/16Add_HourDayWeek

2019-05-28 14:05:35 - [TEST_STEP][PASSED] - waitForElementVisible: Object 'Object Repository/ADMIN/Features Control/Advance Search/a_Features Control' is visible

2019-05-28 14:05:35 - [MESSAGE][WARNING] - Timeout '0' is invalid. Using default page load timeout: '30'

2019-05-28 14:05:35 - [MESSAGE][PASSED] - Object 'Object Repository/ADMIN/Features Control/Advance Search/a_Features Control' is visible

2019-05-28 14:05:35 - [TEST_STEP][PASSED] - click: Object: 'Object Repository/ADMIN/Features Control/Advance Search/a_Features Control' is clicked on

2019-05-28 14:05:36 - [MESSAGE][PASSED] - Object: 'Object Repository/ADMIN/Features Control/Advance Search/a_Features Control' is clicked on

2019-05-28 14:05:36 - [TEST_STEP][PASSED] - waitForElementVisible: Object 'Object Repository/ADMIN/Features Control/Booking Unit/button_Edit' is visible

2019-05-28 14:05:36 - [MESSAGE][WARNING] - Timeout '0' is invalid. Using default page load timeout: '30'

2019-05-28 14:05:36 - [MESSAGE][PASSED] - Object 'Object Repository/ADMIN/Features Control/Booking Unit/button_Edit' is visible

2019-05-28 14:05:36 - [TEST_STEP][PASSED] - click: Object: 'Object Repository/ADMIN/Features Control/Booking Unit/button_Edit' is clicked on

2019-05-28 14:05:36 - [MESSAGE][PASSED] - Object: 'Object Repository/ADMIN/Features Control/Booking Unit/button_Edit' is clicked on

2019-05-28 14:05:36 - [TEST_STEP][PASSED] - waitForElementVisible: Object 'Object Repository/ADMIN/Features Control/Booking Unit/icon1st_NewBookingUnit' is visible

2019-05-28 14:05:36 - [MESSAGE][WARNING] - Timeout '0' is invalid. Using default page load timeout: '30'

2019-05-28 14:05:37 - [MESSAGE][PASSED] - Object 'Object Repository/ADMIN/Features Control/Booking Unit/icon1st_NewBookingUnit' is visible

2019-05-28 14:05:37 - [TEST_STEP][PASSED] - verifyElementVisible: Object 'Object Repository/ADMIN/Features Control/Booking Unit/textlabel_NewBookingUnit' is visible

2019-05-28 14:05:37 - [MESSAGE][PASSED] - Object 'Object Repository/ADMIN/Features Control/Booking Unit/textlabel_NewBookingUnit' is visible

2019-05-28 14:05:37 - [TEST_STEP][PASSED] - delay: Delayed 1 second(s)

2019-05-28 14:05:38 - [MESSAGE][PASSED] - Delayed 1 second(s)

2019-05-28 14:05:38 - [TEST_STEP][PASSED] - click: Object: 'Object Repository/ADMIN/Features Control/Booking Unit/button_AddBookingUnit' is clicked on

2019-05-28 14:05:38 - [MESSAGE][PASSED] - Object: 'Object Repository/ADMIN/Features Control/Booking Unit/button_AddBookingUnit' is clicked on

2019-05-28 14:05:38 - [TEST_STEP][PASSED] - waitForElementVisible: Object 'Object Repository/ADMIN/Features Control/Booking Unit/a_Add New Booking Unit/textlabel_AddNewBookingUnit' is visible

2019-05-28 14:05:38 - [MESSAGE][WARNING] - Timeout '0' is invalid. Using default page load timeout: '30'

2019-05-28 14:05:38 - [MESSAGE][PASSED] - Object 'Object Repository/ADMIN/Features Control/Booking Unit/a_Add New Booking Unit/textlabel_AddNewBookingUnit' is visible

2019-05-28 14:05:38 - [TEST_STEP][PASSED] - delay: Delayed 1 second(s)

2019-05-28 14:05:39 - [MESSAGE][PASSED] - Delayed 1 second(s)

2019-05-28 14:05:39 - [TEST_STEP][PASSED] - setText: Text 'Day 16' is set on object 'Object Repository/ADMIN/Features Control/Booking Unit/a_Add New Booking Unit/textfield_UnitName'

2019-05-28 14:05:39 - [MESSAGE][PASSED] - Text 'Day 16' is set on object 'Object Repository/ADMIN/Features Control/Booking Unit/a_Add New Booking Unit/textfield_UnitName'

2019-05-28 14:05:39 - [TEST_STEP][PASSED] - delay: Delayed 1 second(s)

2019-05-28 14:05:40 - [MESSAGE][PASSED] - Delayed 1 second(s)

2019-05-28 14:05:40 - [TEST_STEP][PASSED] - click: Object: 'Object Repository/ADMIN/Features Control/Booking Unit/a_Add New Booking Unit/checkbox_Hour' is clicked on

2019-05-28 14:05:40 - [MESSAGE][PASSED] - Object: 'Object Repository/ADMIN/Features Control/Booking Unit/a_Add New Booking Unit/checkbox_Hour' is clicked on

2019-05-28 14:05:40 - [TEST_STEP][PASSED] - click: Object: 'Object Repository/ADMIN/Features Control/Booking Unit/a_Add New Booking Unit/checkbox_Day' is clicked on

2019-05-28 14:05:40 - [MESSAGE][PASSED] - Object: 'Object Repository/ADMIN/Features Control/Booking Unit/a_Add New Booking Unit/checkbox_Day' is clicked on

2019-05-28 14:05:40 - [TEST_STEP][PASSED] - click: Object: 'Object Repository/ADMIN/Features Control/Booking Unit/a_Add New Booking Unit/checkbox_Week' is clicked on

2019-05-28 14:05:40 - [MESSAGE][PASSED] - Object: 'Object Repository/ADMIN/Features Control/Booking Unit/a_Add New Booking Unit/checkbox_Week' is clicked on

2019-05-28 14:05:40 - [TEST_STEP][PASSED] - click: Object: 'Object Repository/ADMIN/Features Control/Booking Unit/a_Add New Booking Unit/button_Save' is clicked on

2019-05-28 14:05:41 - [MESSAGE][PASSED] - Object: 'Object Repository/ADMIN/Features Control/Booking Unit/a_Add New Booking Unit/button_Save' is clicked on

2019-05-28 14:05:41 - [TEST_STEP][PASSED] - delay: Delayed 1 second(s)

2019-05-28 14:05:42 - [MESSAGE][PASSED] - Delayed 1 second(s)

2019-05-28 14:05:42 - [TEST_STEP][PASSED] - click: Object: 'Object Repository/ADMIN/Features Control/Booking Unit/topbutton_Save' is clicked on

2019-05-28 14:05:42 - [MESSAGE][PASSED] - Object: 'Object Repository/ADMIN/Features Control/Booking Unit/topbutton_Save' is clicked on

2019-05-28 14:05:42 - [TEST_STEP][PASSED] - waitForElementVisible: Object 'Object Repository/ADMIN/Features Control/Booking Unit/a_Save Popup/button_Save' is visible

2019-05-28 14:05:42 - [MESSAGE][WARNING] - Timeout '0' is invalid. Using default page load timeout: '30'

2019-05-28 14:05:42 - [MESSAGE][PASSED] - Object 'Object Repository/ADMIN/Features Control/Booking Unit/a_Save Popup/button_Save' is visible

2019-05-28 14:05:42 - [TEST_STEP][PASSED] - click: Object: 'Object Repository/ADMIN/Features Control/Booking Unit/a_Save Popup/button_Save' is clicked on

2019-05-28 14:05:42 - [MESSAGE][PASSED] - Object: 'Object Repository/ADMIN/Features Control/Booking Unit/a_Save Popup/button_Save' is clicked on

2019-05-28 14:05:42 - [TEST_STEP][PASSED] - waitForElementVisible: Object 'Object Repository/ADMIN/Features Control/Booking Unit/a_ToasterMessage/toaster_SaveSuccessfully' is visible

2019-05-28 14:05:42 - [MESSAGE][WARNING] - Timeout '0' is invalid. Using default page load timeout: '30'

2019-05-28 14:05:42 - [MESSAGE][PASSED] - Object 'Object Repository/ADMIN/Features Control/Booking Unit/a_ToasterMessage/toaster_SaveSuccessfully' is visible

2019-05-28 14:05:42 - [TEST_STEP][PASSED] - waitForElementNotPresent: Web element with id: 'Object Repository/ADMIN/Features Control/Booking Unit/a_ToasterMessage/toaster_SaveSuccessfully' located by 'By.xpath: //div[@class = 'toast toast-success' and (text() = 'Save successfully' or . = 'Save successfully')]' is not present after '30' second(s)

2019-05-28 14:05:42 - [MESSAGE][WARNING] - Timeout '0' is invalid. Using default page load timeout: '30'

2019-05-28 14:05:48 - [MESSAGE][PASSED] - Web element with id: 'Object Repository/ADMIN/Features Control/Booking Unit/a_ToasterMessage/toaster_SaveSuccessfully' located by 'By.xpath: //div[@class = 'toast toast-success' and (text() = 'Save successfully' or . = 'Save successfully')]' is not present after '30' second(s)]]></system-out>
         <system-err><![CDATA[]]></system-err>
      </testcase>
      <testcase name="Test Cases/ADMIN/Features Control/Booking Unit/Combination/Default/17Add_HourDayMonth" classname="Test Cases/ADMIN/Features Control/Booking Unit/Combination/Default/17Add_HourDayMonth" status="PASSED">
         <system-out><![CDATA[2019-05-28 14:05:48 - [TEST_CASE][PASSED] - Test Cases/ADMIN/Features Control/Booking Unit/Combination/Default/17Add_HourDayMonth: Test Cases/ADMIN/Features Control/Booking Unit/Combination/Default/17Add_HourDayMonth

2019-05-28 14:05:48 - [TEST_STEP][PASSED] - waitForElementVisible: Object 'Object Repository/ADMIN/Features Control/Advance Search/a_Features Control' is visible

2019-05-28 14:05:48 - [MESSAGE][WARNING] - Timeout '0' is invalid. Using default page load timeout: '30'

2019-05-28 14:05:48 - [MESSAGE][PASSED] - Object 'Object Repository/ADMIN/Features Control/Advance Search/a_Features Control' is visible

2019-05-28 14:05:48 - [TEST_STEP][PASSED] - click: Object: 'Object Repository/ADMIN/Features Control/Advance Search/a_Features Control' is clicked on

2019-05-28 14:05:49 - [MESSAGE][PASSED] - Object: 'Object Repository/ADMIN/Features Control/Advance Search/a_Features Control' is clicked on

2019-05-28 14:05:49 - [TEST_STEP][PASSED] - waitForElementVisible: Object 'Object Repository/ADMIN/Features Control/Booking Unit/button_Edit' is visible

2019-05-28 14:05:49 - [MESSAGE][WARNING] - Timeout '0' is invalid. Using default page load timeout: '30'

2019-05-28 14:05:49 - [MESSAGE][PASSED] - Object 'Object Repository/ADMIN/Features Control/Booking Unit/button_Edit' is visible

2019-05-28 14:05:49 - [TEST_STEP][PASSED] - click: Object: 'Object Repository/ADMIN/Features Control/Booking Unit/button_Edit' is clicked on

2019-05-28 14:05:50 - [MESSAGE][PASSED] - Object: 'Object Repository/ADMIN/Features Control/Booking Unit/button_Edit' is clicked on

2019-05-28 14:05:50 - [TEST_STEP][PASSED] - waitForElementVisible: Object 'Object Repository/ADMIN/Features Control/Booking Unit/icon1st_NewBookingUnit' is visible

2019-05-28 14:05:50 - [MESSAGE][WARNING] - Timeout '0' is invalid. Using default page load timeout: '30'

2019-05-28 14:05:50 - [MESSAGE][PASSED] - Object 'Object Repository/ADMIN/Features Control/Booking Unit/icon1st_NewBookingUnit' is visible

2019-05-28 14:05:50 - [TEST_STEP][PASSED] - verifyElementVisible: Object 'Object Repository/ADMIN/Features Control/Booking Unit/textlabel_NewBookingUnit' is visible

2019-05-28 14:05:50 - [MESSAGE][PASSED] - Object 'Object Repository/ADMIN/Features Control/Booking Unit/textlabel_NewBookingUnit' is visible

2019-05-28 14:05:50 - [TEST_STEP][PASSED] - delay: Delayed 1 second(s)

2019-05-28 14:05:51 - [MESSAGE][PASSED] - Delayed 1 second(s)

2019-05-28 14:05:51 - [TEST_STEP][PASSED] - click: Object: 'Object Repository/ADMIN/Features Control/Booking Unit/button_AddBookingUnit' is clicked on

2019-05-28 14:05:51 - [MESSAGE][PASSED] - Object: 'Object Repository/ADMIN/Features Control/Booking Unit/button_AddBookingUnit' is clicked on

2019-05-28 14:05:51 - [TEST_STEP][PASSED] - waitForElementVisible: Object 'Object Repository/ADMIN/Features Control/Booking Unit/a_Add New Booking Unit/textlabel_AddNewBookingUnit' is visible

2019-05-28 14:05:51 - [MESSAGE][WARNING] - Timeout '0' is invalid. Using default page load timeout: '30'

2019-05-28 14:05:51 - [MESSAGE][PASSED] - Object 'Object Repository/ADMIN/Features Control/Booking Unit/a_Add New Booking Unit/textlabel_AddNewBookingUnit' is visible

2019-05-28 14:05:51 - [TEST_STEP][PASSED] - delay: Delayed 1 second(s)

2019-05-28 14:05:52 - [MESSAGE][PASSED] - Delayed 1 second(s)

2019-05-28 14:05:52 - [TEST_STEP][PASSED] - setText: Text 'Day 17' is set on object 'Object Repository/ADMIN/Features Control/Booking Unit/a_Add New Booking Unit/textfield_UnitName'

2019-05-28 14:05:52 - [MESSAGE][PASSED] - Text 'Day 17' is set on object 'Object Repository/ADMIN/Features Control/Booking Unit/a_Add New Booking Unit/textfield_UnitName'

2019-05-28 14:05:52 - [TEST_STEP][PASSED] - delay: Delayed 1 second(s)

2019-05-28 14:05:53 - [MESSAGE][PASSED] - Delayed 1 second(s)

2019-05-28 14:05:53 - [TEST_STEP][PASSED] - click: Object: 'Object Repository/ADMIN/Features Control/Booking Unit/a_Add New Booking Unit/checkbox_Hour' is clicked on

2019-05-28 14:05:53 - [MESSAGE][PASSED] - Object: 'Object Repository/ADMIN/Features Control/Booking Unit/a_Add New Booking Unit/checkbox_Hour' is clicked on

2019-05-28 14:05:53 - [TEST_STEP][PASSED] - click: Object: 'Object Repository/ADMIN/Features Control/Booking Unit/a_Add New Booking Unit/checkbox_Day' is clicked on

2019-05-28 14:05:53 - [MESSAGE][PASSED] - Object: 'Object Repository/ADMIN/Features Control/Booking Unit/a_Add New Booking Unit/checkbox_Day' is clicked on

2019-05-28 14:05:53 - [TEST_STEP][PASSED] - click: Object: 'Object Repository/ADMIN/Features Control/Booking Unit/a_Add New Booking Unit/checkbox_Month' is clicked on

2019-05-28 14:05:53 - [MESSAGE][PASSED] - Object: 'Object Repository/ADMIN/Features Control/Booking Unit/a_Add New Booking Unit/checkbox_Month' is clicked on

2019-05-28 14:05:53 - [TEST_STEP][PASSED] - click: Object: 'Object Repository/ADMIN/Features Control/Booking Unit/a_Add New Booking Unit/button_Save' is clicked on

2019-05-28 14:05:54 - [MESSAGE][PASSED] - Object: 'Object Repository/ADMIN/Features Control/Booking Unit/a_Add New Booking Unit/button_Save' is clicked on

2019-05-28 14:05:54 - [TEST_STEP][PASSED] - delay: Delayed 1 second(s)

2019-05-28 14:05:55 - [MESSAGE][PASSED] - Delayed 1 second(s)

2019-05-28 14:05:55 - [TEST_STEP][PASSED] - click: Object: 'Object Repository/ADMIN/Features Control/Booking Unit/topbutton_Save' is clicked on

2019-05-28 14:05:55 - [MESSAGE][PASSED] - Object: 'Object Repository/ADMIN/Features Control/Booking Unit/topbutton_Save' is clicked on

2019-05-28 14:05:55 - [TEST_STEP][PASSED] - waitForElementVisible: Object 'Object Repository/ADMIN/Features Control/Booking Unit/a_Save Popup/button_Save' is visible

2019-05-28 14:05:55 - [MESSAGE][WARNING] - Timeout '0' is invalid. Using default page load timeout: '30'

2019-05-28 14:05:55 - [MESSAGE][PASSED] - Object 'Object Repository/ADMIN/Features Control/Booking Unit/a_Save Popup/button_Save' is visible

2019-05-28 14:05:55 - [TEST_STEP][PASSED] - click: Object: 'Object Repository/ADMIN/Features Control/Booking Unit/a_Save Popup/button_Save' is clicked on

2019-05-28 14:05:55 - [MESSAGE][PASSED] - Object: 'Object Repository/ADMIN/Features Control/Booking Unit/a_Save Popup/button_Save' is clicked on

2019-05-28 14:05:55 - [TEST_STEP][PASSED] - waitForElementVisible: Object 'Object Repository/ADMIN/Features Control/Booking Unit/a_ToasterMessage/toaster_SaveSuccessfully' is visible

2019-05-28 14:05:55 - [MESSAGE][WARNING] - Timeout '0' is invalid. Using default page load timeout: '30'

2019-05-28 14:05:55 - [MESSAGE][PASSED] - Object 'Object Repository/ADMIN/Features Control/Booking Unit/a_ToasterMessage/toaster_SaveSuccessfully' is visible

2019-05-28 14:05:55 - [TEST_STEP][PASSED] - waitForElementNotPresent: Web element with id: 'Object Repository/ADMIN/Features Control/Booking Unit/a_ToasterMessage/toaster_SaveSuccessfully' located by 'By.xpath: //div[@class = 'toast toast-success' and (text() = 'Save successfully' or . = 'Save successfully')]' is not present after '30' second(s)

2019-05-28 14:05:55 - [MESSAGE][WARNING] - Timeout '0' is invalid. Using default page load timeout: '30'

2019-05-28 14:06:01 - [MESSAGE][PASSED] - Web element with id: 'Object Repository/ADMIN/Features Control/Booking Unit/a_ToasterMessage/toaster_SaveSuccessfully' located by 'By.xpath: //div[@class = 'toast toast-success' and (text() = 'Save successfully' or . = 'Save successfully')]' is not present after '30' second(s)]]></system-out>
         <system-err><![CDATA[]]></system-err>
      </testcase>
      <testcase name="Test Cases/ADMIN/Features Control/Booking Unit/Combination/Default/18Add_HourDayCustom" classname="Test Cases/ADMIN/Features Control/Booking Unit/Combination/Default/18Add_HourDayCustom" status="PASSED">
         <system-out><![CDATA[2019-05-28 14:06:01 - [TEST_CASE][PASSED] - Test Cases/ADMIN/Features Control/Booking Unit/Combination/Default/18Add_HourDayCustom: Test Cases/ADMIN/Features Control/Booking Unit/Combination/Default/18Add_HourDayCustom

2019-05-28 14:06:01 - [TEST_STEP][PASSED] - waitForElementVisible: Object 'Object Repository/ADMIN/Features Control/Advance Search/a_Features Control' is visible

2019-05-28 14:06:01 - [MESSAGE][WARNING] - Timeout '0' is invalid. Using default page load timeout: '30'

2019-05-28 14:06:01 - [MESSAGE][PASSED] - Object 'Object Repository/ADMIN/Features Control/Advance Search/a_Features Control' is visible

2019-05-28 14:06:01 - [TEST_STEP][PASSED] - click: Object: 'Object Repository/ADMIN/Features Control/Advance Search/a_Features Control' is clicked on

2019-05-28 14:06:02 - [MESSAGE][PASSED] - Object: 'Object Repository/ADMIN/Features Control/Advance Search/a_Features Control' is clicked on

2019-05-28 14:06:02 - [TEST_STEP][PASSED] - waitForElementVisible: Object 'Object Repository/ADMIN/Features Control/Booking Unit/button_Edit' is visible

2019-05-28 14:06:02 - [MESSAGE][WARNING] - Timeout '0' is invalid. Using default page load timeout: '30'

2019-05-28 14:06:02 - [MESSAGE][PASSED] - Object 'Object Repository/ADMIN/Features Control/Booking Unit/button_Edit' is visible

2019-05-28 14:06:02 - [TEST_STEP][PASSED] - click: Object: 'Object Repository/ADMIN/Features Control/Booking Unit/button_Edit' is clicked on

2019-05-28 14:06:03 - [MESSAGE][PASSED] - Object: 'Object Repository/ADMIN/Features Control/Booking Unit/button_Edit' is clicked on

2019-05-28 14:06:03 - [TEST_STEP][PASSED] - waitForElementVisible: Object 'Object Repository/ADMIN/Features Control/Booking Unit/icon1st_NewBookingUnit' is visible

2019-05-28 14:06:03 - [MESSAGE][WARNING] - Timeout '0' is invalid. Using default page load timeout: '30'

2019-05-28 14:06:03 - [MESSAGE][PASSED] - Object 'Object Repository/ADMIN/Features Control/Booking Unit/icon1st_NewBookingUnit' is visible

2019-05-28 14:06:03 - [TEST_STEP][PASSED] - verifyElementVisible: Object 'Object Repository/ADMIN/Features Control/Booking Unit/textlabel_NewBookingUnit' is visible

2019-05-28 14:06:03 - [MESSAGE][PASSED] - Object 'Object Repository/ADMIN/Features Control/Booking Unit/textlabel_NewBookingUnit' is visible

2019-05-28 14:06:03 - [TEST_STEP][PASSED] - delay: Delayed 1 second(s)

2019-05-28 14:06:04 - [MESSAGE][PASSED] - Delayed 1 second(s)

2019-05-28 14:06:04 - [TEST_STEP][PASSED] - click: Object: 'Object Repository/ADMIN/Features Control/Booking Unit/button_AddBookingUnit' is clicked on

2019-05-28 14:06:04 - [MESSAGE][PASSED] - Object: 'Object Repository/ADMIN/Features Control/Booking Unit/button_AddBookingUnit' is clicked on

2019-05-28 14:06:04 - [TEST_STEP][PASSED] - waitForElementVisible: Object 'Object Repository/ADMIN/Features Control/Booking Unit/a_Add New Booking Unit/textlabel_AddNewBookingUnit' is visible

2019-05-28 14:06:04 - [MESSAGE][WARNING] - Timeout '0' is invalid. Using default page load timeout: '30'

2019-05-28 14:06:04 - [MESSAGE][PASSED] - Object 'Object Repository/ADMIN/Features Control/Booking Unit/a_Add New Booking Unit/textlabel_AddNewBookingUnit' is visible

2019-05-28 14:06:04 - [TEST_STEP][PASSED] - delay: Delayed 1 second(s)

2019-05-28 14:06:05 - [MESSAGE][PASSED] - Delayed 1 second(s)

2019-05-28 14:06:05 - [TEST_STEP][PASSED] - setText: Text 'Day 18' is set on object 'Object Repository/ADMIN/Features Control/Booking Unit/a_Add New Booking Unit/textfield_UnitName'

2019-05-28 14:06:05 - [MESSAGE][PASSED] - Text 'Day 18' is set on object 'Object Repository/ADMIN/Features Control/Booking Unit/a_Add New Booking Unit/textfield_UnitName'

2019-05-28 14:06:05 - [TEST_STEP][PASSED] - delay: Delayed 1 second(s)

2019-05-28 14:06:06 - [MESSAGE][PASSED] - Delayed 1 second(s)

2019-05-28 14:06:06 - [TEST_STEP][PASSED] - click: Object: 'Object Repository/ADMIN/Features Control/Booking Unit/a_Add New Booking Unit/checkbox_Hour' is clicked on

2019-05-28 14:06:07 - [MESSAGE][PASSED] - Object: 'Object Repository/ADMIN/Features Control/Booking Unit/a_Add New Booking Unit/checkbox_Hour' is clicked on

2019-05-28 14:06:07 - [TEST_STEP][PASSED] - click: Object: 'Object Repository/ADMIN/Features Control/Booking Unit/a_Add New Booking Unit/checkbox_Day' is clicked on

2019-05-28 14:06:07 - [MESSAGE][PASSED] - Object: 'Object Repository/ADMIN/Features Control/Booking Unit/a_Add New Booking Unit/checkbox_Day' is clicked on

2019-05-28 14:06:07 - [TEST_STEP][PASSED] - click: Object: 'Object Repository/ADMIN/Features Control/Booking Unit/a_Add New Booking Unit/checkbox_Custom' is clicked on

2019-05-28 14:06:07 - [MESSAGE][PASSED] - Object: 'Object Repository/ADMIN/Features Control/Booking Unit/a_Add New Booking Unit/checkbox_Custom' is clicked on

2019-05-28 14:06:07 - [TEST_STEP][PASSED] - click: Object: 'Object Repository/ADMIN/Features Control/Booking Unit/a_Add New Booking Unit/button_Save' is clicked on

2019-05-28 14:06:07 - [MESSAGE][PASSED] - Object: 'Object Repository/ADMIN/Features Control/Booking Unit/a_Add New Booking Unit/button_Save' is clicked on

2019-05-28 14:06:07 - [TEST_STEP][PASSED] - delay: Delayed 1 second(s)

2019-05-28 14:06:08 - [MESSAGE][PASSED] - Delayed 1 second(s)

2019-05-28 14:06:08 - [TEST_STEP][PASSED] - click: Object: 'Object Repository/ADMIN/Features Control/Booking Unit/topbutton_Save' is clicked on

2019-05-28 14:06:08 - [MESSAGE][PASSED] - Object: 'Object Repository/ADMIN/Features Control/Booking Unit/topbutton_Save' is clicked on

2019-05-28 14:06:08 - [TEST_STEP][PASSED] - waitForElementVisible: Object 'Object Repository/ADMIN/Features Control/Booking Unit/a_Save Popup/button_Save' is visible

2019-05-28 14:06:08 - [MESSAGE][WARNING] - Timeout '0' is invalid. Using default page load timeout: '30'

2019-05-28 14:06:08 - [MESSAGE][PASSED] - Object 'Object Repository/ADMIN/Features Control/Booking Unit/a_Save Popup/button_Save' is visible

2019-05-28 14:06:08 - [TEST_STEP][PASSED] - click: Object: 'Object Repository/ADMIN/Features Control/Booking Unit/a_Save Popup/button_Save' is clicked on

2019-05-28 14:06:08 - [MESSAGE][PASSED] - Object: 'Object Repository/ADMIN/Features Control/Booking Unit/a_Save Popup/button_Save' is clicked on

2019-05-28 14:06:08 - [TEST_STEP][PASSED] - waitForElementVisible: Object 'Object Repository/ADMIN/Features Control/Booking Unit/a_ToasterMessage/toaster_SaveSuccessfully' is visible

2019-05-28 14:06:08 - [MESSAGE][WARNING] - Timeout '0' is invalid. Using default page load timeout: '30'

2019-05-28 14:06:09 - [MESSAGE][PASSED] - Object 'Object Repository/ADMIN/Features Control/Booking Unit/a_ToasterMessage/toaster_SaveSuccessfully' is visible

2019-05-28 14:06:09 - [TEST_STEP][PASSED] - waitForElementNotPresent: Web element with id: 'Object Repository/ADMIN/Features Control/Booking Unit/a_ToasterMessage/toaster_SaveSuccessfully' located by 'By.xpath: //div[@class = 'toast toast-success' and (text() = 'Save successfully' or . = 'Save successfully')]' is not present after '30' second(s)

2019-05-28 14:06:09 - [MESSAGE][WARNING] - Timeout '0' is invalid. Using default page load timeout: '30'

2019-05-28 14:06:14 - [MESSAGE][PASSED] - Web element with id: 'Object Repository/ADMIN/Features Control/Booking Unit/a_ToasterMessage/toaster_SaveSuccessfully' located by 'By.xpath: //div[@class = 'toast toast-success' and (text() = 'Save successfully' or . = 'Save successfully')]' is not present after '30' second(s)]]></system-out>
         <system-err><![CDATA[]]></system-err>
      </testcase>
      <testcase name="Test Cases/ADMIN/Features Control/Booking Unit/Combination/Default/19Add_HourWeekCustom" classname="Test Cases/ADMIN/Features Control/Booking Unit/Combination/Default/19Add_HourWeekCustom" status="PASSED">
         <system-out><![CDATA[2019-05-28 14:06:14 - [TEST_CASE][PASSED] - Test Cases/ADMIN/Features Control/Booking Unit/Combination/Default/19Add_HourWeekCustom: Test Cases/ADMIN/Features Control/Booking Unit/Combination/Default/19Add_HourWeekCustom

2019-05-28 14:06:14 - [TEST_STEP][PASSED] - waitForElementVisible: Object 'Object Repository/ADMIN/Features Control/Advance Search/a_Features Control' is visible

2019-05-28 14:06:14 - [MESSAGE][WARNING] - Timeout '0' is invalid. Using default page load timeout: '30'

2019-05-28 14:06:15 - [MESSAGE][PASSED] - Object 'Object Repository/ADMIN/Features Control/Advance Search/a_Features Control' is visible

2019-05-28 14:06:15 - [TEST_STEP][PASSED] - click: Object: 'Object Repository/ADMIN/Features Control/Advance Search/a_Features Control' is clicked on

2019-05-28 14:06:15 - [MESSAGE][PASSED] - Object: 'Object Repository/ADMIN/Features Control/Advance Search/a_Features Control' is clicked on

2019-05-28 14:06:15 - [TEST_STEP][PASSED] - waitForElementVisible: Object 'Object Repository/ADMIN/Features Control/Booking Unit/button_Edit' is visible

2019-05-28 14:06:15 - [MESSAGE][WARNING] - Timeout '0' is invalid. Using default page load timeout: '30'

2019-05-28 14:06:15 - [MESSAGE][PASSED] - Object 'Object Repository/ADMIN/Features Control/Booking Unit/button_Edit' is visible

2019-05-28 14:06:15 - [TEST_STEP][PASSED] - click: Object: 'Object Repository/ADMIN/Features Control/Booking Unit/button_Edit' is clicked on

2019-05-28 14:06:16 - [MESSAGE][PASSED] - Object: 'Object Repository/ADMIN/Features Control/Booking Unit/button_Edit' is clicked on

2019-05-28 14:06:16 - [TEST_STEP][PASSED] - waitForElementVisible: Object 'Object Repository/ADMIN/Features Control/Booking Unit/icon1st_NewBookingUnit' is visible

2019-05-28 14:06:16 - [MESSAGE][WARNING] - Timeout '0' is invalid. Using default page load timeout: '30'

2019-05-28 14:06:16 - [MESSAGE][PASSED] - Object 'Object Repository/ADMIN/Features Control/Booking Unit/icon1st_NewBookingUnit' is visible

2019-05-28 14:06:16 - [TEST_STEP][PASSED] - verifyElementVisible: Object 'Object Repository/ADMIN/Features Control/Booking Unit/textlabel_NewBookingUnit' is visible

2019-05-28 14:06:16 - [MESSAGE][PASSED] - Object 'Object Repository/ADMIN/Features Control/Booking Unit/textlabel_NewBookingUnit' is visible

2019-05-28 14:06:16 - [TEST_STEP][PASSED] - delay: Delayed 1 second(s)

2019-05-28 14:06:17 - [MESSAGE][PASSED] - Delayed 1 second(s)

2019-05-28 14:06:17 - [TEST_STEP][PASSED] - click: Object: 'Object Repository/ADMIN/Features Control/Booking Unit/button_AddBookingUnit' is clicked on

2019-05-28 14:06:17 - [MESSAGE][PASSED] - Object: 'Object Repository/ADMIN/Features Control/Booking Unit/button_AddBookingUnit' is clicked on

2019-05-28 14:06:17 - [TEST_STEP][PASSED] - waitForElementVisible: Object 'Object Repository/ADMIN/Features Control/Booking Unit/a_Add New Booking Unit/textlabel_AddNewBookingUnit' is visible

2019-05-28 14:06:17 - [MESSAGE][WARNING] - Timeout '0' is invalid. Using default page load timeout: '30'

2019-05-28 14:06:17 - [MESSAGE][PASSED] - Object 'Object Repository/ADMIN/Features Control/Booking Unit/a_Add New Booking Unit/textlabel_AddNewBookingUnit' is visible

2019-05-28 14:06:17 - [TEST_STEP][PASSED] - delay: Delayed 1 second(s)

2019-05-28 14:06:18 - [MESSAGE][PASSED] - Delayed 1 second(s)

2019-05-28 14:06:18 - [TEST_STEP][PASSED] - setText: Text 'Day 19' is set on object 'Object Repository/ADMIN/Features Control/Booking Unit/a_Add New Booking Unit/textfield_UnitName'

2019-05-28 14:06:18 - [MESSAGE][PASSED] - Text 'Day 19' is set on object 'Object Repository/ADMIN/Features Control/Booking Unit/a_Add New Booking Unit/textfield_UnitName'

2019-05-28 14:06:18 - [TEST_STEP][PASSED] - delay: Delayed 1 second(s)

2019-05-28 14:06:19 - [MESSAGE][PASSED] - Delayed 1 second(s)

2019-05-28 14:06:19 - [TEST_STEP][PASSED] - click: Object: 'Object Repository/ADMIN/Features Control/Booking Unit/a_Add New Booking Unit/checkbox_Hour' is clicked on

2019-05-28 14:06:19 - [MESSAGE][PASSED] - Object: 'Object Repository/ADMIN/Features Control/Booking Unit/a_Add New Booking Unit/checkbox_Hour' is clicked on

2019-05-28 14:06:19 - [TEST_STEP][PASSED] - click: Object: 'Object Repository/ADMIN/Features Control/Booking Unit/a_Add New Booking Unit/checkbox_Week' is clicked on

2019-05-28 14:06:19 - [MESSAGE][PASSED] - Object: 'Object Repository/ADMIN/Features Control/Booking Unit/a_Add New Booking Unit/checkbox_Week' is clicked on

2019-05-28 14:06:19 - [TEST_STEP][PASSED] - click: Object: 'Object Repository/ADMIN/Features Control/Booking Unit/a_Add New Booking Unit/checkbox_Custom' is clicked on

2019-05-28 14:06:20 - [MESSAGE][PASSED] - Object: 'Object Repository/ADMIN/Features Control/Booking Unit/a_Add New Booking Unit/checkbox_Custom' is clicked on

2019-05-28 14:06:20 - [TEST_STEP][PASSED] - click: Object: 'Object Repository/ADMIN/Features Control/Booking Unit/a_Add New Booking Unit/button_Save' is clicked on

2019-05-28 14:06:20 - [MESSAGE][PASSED] - Object: 'Object Repository/ADMIN/Features Control/Booking Unit/a_Add New Booking Unit/button_Save' is clicked on

2019-05-28 14:06:20 - [TEST_STEP][PASSED] - delay: Delayed 1 second(s)

2019-05-28 14:06:21 - [MESSAGE][PASSED] - Delayed 1 second(s)

2019-05-28 14:06:21 - [TEST_STEP][PASSED] - click: Object: 'Object Repository/ADMIN/Features Control/Booking Unit/topbutton_Save' is clicked on

2019-05-28 14:06:21 - [MESSAGE][PASSED] - Object: 'Object Repository/ADMIN/Features Control/Booking Unit/topbutton_Save' is clicked on

2019-05-28 14:06:21 - [TEST_STEP][PASSED] - waitForElementVisible: Object 'Object Repository/ADMIN/Features Control/Booking Unit/a_Save Popup/button_Save' is visible

2019-05-28 14:06:21 - [MESSAGE][WARNING] - Timeout '0' is invalid. Using default page load timeout: '30'

2019-05-28 14:06:21 - [MESSAGE][PASSED] - Object 'Object Repository/ADMIN/Features Control/Booking Unit/a_Save Popup/button_Save' is visible

2019-05-28 14:06:21 - [TEST_STEP][PASSED] - click: Object: 'Object Repository/ADMIN/Features Control/Booking Unit/a_Save Popup/button_Save' is clicked on

2019-05-28 14:06:21 - [MESSAGE][PASSED] - Object: 'Object Repository/ADMIN/Features Control/Booking Unit/a_Save Popup/button_Save' is clicked on

2019-05-28 14:06:21 - [TEST_STEP][PASSED] - waitForElementVisible: Object 'Object Repository/ADMIN/Features Control/Booking Unit/a_ToasterMessage/toaster_SaveSuccessfully' is visible

2019-05-28 14:06:21 - [MESSAGE][WARNING] - Timeout '0' is invalid. Using default page load timeout: '30'

2019-05-28 14:06:21 - [MESSAGE][PASSED] - Object 'Object Repository/ADMIN/Features Control/Booking Unit/a_ToasterMessage/toaster_SaveSuccessfully' is visible

2019-05-28 14:06:21 - [TEST_STEP][PASSED] - waitForElementNotPresent: Web element with id: 'Object Repository/ADMIN/Features Control/Booking Unit/a_ToasterMessage/toaster_SaveSuccessfully' located by 'By.xpath: //div[@class = 'toast toast-success' and (text() = 'Save successfully' or . = 'Save successfully')]' is not present after '30' second(s)

2019-05-28 14:06:21 - [MESSAGE][WARNING] - Timeout '0' is invalid. Using default page load timeout: '30'

2019-05-28 14:06:27 - [MESSAGE][PASSED] - Web element with id: 'Object Repository/ADMIN/Features Control/Booking Unit/a_ToasterMessage/toaster_SaveSuccessfully' located by 'By.xpath: //div[@class = 'toast toast-success' and (text() = 'Save successfully' or . = 'Save successfully')]' is not present after '30' second(s)]]></system-out>
         <system-err><![CDATA[]]></system-err>
      </testcase>
      <testcase name="Test Cases/ADMIN/Features Control/Booking Unit/Combination/Default/20Add_HourMonthCustom" classname="Test Cases/ADMIN/Features Control/Booking Unit/Combination/Default/20Add_HourMonthCustom" status="PASSED">
         <system-out><![CDATA[2019-05-28 14:06:27 - [TEST_CASE][PASSED] - Test Cases/ADMIN/Features Control/Booking Unit/Combination/Default/20Add_HourMonthCustom: Test Cases/ADMIN/Features Control/Booking Unit/Combination/Default/20Add_HourMonthCustom

2019-05-28 14:06:27 - [TEST_STEP][PASSED] - waitForElementVisible: Object 'Object Repository/ADMIN/Features Control/Advance Search/a_Features Control' is visible

2019-05-28 14:06:27 - [MESSAGE][WARNING] - Timeout '0' is invalid. Using default page load timeout: '30'

2019-05-28 14:06:27 - [MESSAGE][PASSED] - Object 'Object Repository/ADMIN/Features Control/Advance Search/a_Features Control' is visible

2019-05-28 14:06:27 - [TEST_STEP][PASSED] - click: Object: 'Object Repository/ADMIN/Features Control/Advance Search/a_Features Control' is clicked on

2019-05-28 14:06:30 - [MESSAGE][PASSED] - Object: 'Object Repository/ADMIN/Features Control/Advance Search/a_Features Control' is clicked on

2019-05-28 14:06:30 - [TEST_STEP][PASSED] - waitForElementVisible: Object 'Object Repository/ADMIN/Features Control/Booking Unit/button_Edit' is visible

2019-05-28 14:06:30 - [MESSAGE][WARNING] - Timeout '0' is invalid. Using default page load timeout: '30'

2019-05-28 14:06:31 - [MESSAGE][PASSED] - Object 'Object Repository/ADMIN/Features Control/Booking Unit/button_Edit' is visible

2019-05-28 14:06:31 - [TEST_STEP][PASSED] - click: Object: 'Object Repository/ADMIN/Features Control/Booking Unit/button_Edit' is clicked on

2019-05-28 14:06:31 - [MESSAGE][PASSED] - Object: 'Object Repository/ADMIN/Features Control/Booking Unit/button_Edit' is clicked on

2019-05-28 14:06:31 - [TEST_STEP][PASSED] - waitForElementVisible: Object 'Object Repository/ADMIN/Features Control/Booking Unit/icon1st_NewBookingUnit' is visible

2019-05-28 14:06:31 - [MESSAGE][WARNING] - Timeout '0' is invalid. Using default page load timeout: '30'

2019-05-28 14:06:31 - [MESSAGE][PASSED] - Object 'Object Repository/ADMIN/Features Control/Booking Unit/icon1st_NewBookingUnit' is visible

2019-05-28 14:06:31 - [TEST_STEP][PASSED] - verifyElementVisible: Object 'Object Repository/ADMIN/Features Control/Booking Unit/textlabel_NewBookingUnit' is visible

2019-05-28 14:06:31 - [MESSAGE][PASSED] - Object 'Object Repository/ADMIN/Features Control/Booking Unit/textlabel_NewBookingUnit' is visible

2019-05-28 14:06:31 - [TEST_STEP][PASSED] - delay: Delayed 1 second(s)

2019-05-28 14:06:32 - [MESSAGE][PASSED] - Delayed 1 second(s)

2019-05-28 14:06:32 - [TEST_STEP][PASSED] - click: Object: 'Object Repository/ADMIN/Features Control/Booking Unit/button_AddBookingUnit' is clicked on

2019-05-28 14:06:33 - [MESSAGE][PASSED] - Object: 'Object Repository/ADMIN/Features Control/Booking Unit/button_AddBookingUnit' is clicked on

2019-05-28 14:06:33 - [TEST_STEP][PASSED] - waitForElementVisible: Object 'Object Repository/ADMIN/Features Control/Booking Unit/a_Add New Booking Unit/textlabel_AddNewBookingUnit' is visible

2019-05-28 14:06:33 - [MESSAGE][WARNING] - Timeout '0' is invalid. Using default page load timeout: '30'

2019-05-28 14:06:33 - [MESSAGE][PASSED] - Object 'Object Repository/ADMIN/Features Control/Booking Unit/a_Add New Booking Unit/textlabel_AddNewBookingUnit' is visible

2019-05-28 14:06:33 - [TEST_STEP][PASSED] - delay: Delayed 1 second(s)

2019-05-28 14:06:34 - [MESSAGE][PASSED] - Delayed 1 second(s)

2019-05-28 14:06:34 - [TEST_STEP][PASSED] - setText: Text 'Day 20' is set on object 'Object Repository/ADMIN/Features Control/Booking Unit/a_Add New Booking Unit/textfield_UnitName'

2019-05-28 14:06:34 - [MESSAGE][PASSED] - Text 'Day 20' is set on object 'Object Repository/ADMIN/Features Control/Booking Unit/a_Add New Booking Unit/textfield_UnitName'

2019-05-28 14:06:34 - [TEST_STEP][PASSED] - delay: Delayed 1 second(s)

2019-05-28 14:06:35 - [MESSAGE][PASSED] - Delayed 1 second(s)

2019-05-28 14:06:35 - [TEST_STEP][PASSED] - click: Object: 'Object Repository/ADMIN/Features Control/Booking Unit/a_Add New Booking Unit/checkbox_Hour' is clicked on

2019-05-28 14:06:35 - [MESSAGE][PASSED] - Object: 'Object Repository/ADMIN/Features Control/Booking Unit/a_Add New Booking Unit/checkbox_Hour' is clicked on

2019-05-28 14:06:35 - [TEST_STEP][PASSED] - click: Object: 'Object Repository/ADMIN/Features Control/Booking Unit/a_Add New Booking Unit/checkbox_Week' is clicked on

2019-05-28 14:06:35 - [MESSAGE][PASSED] - Object: 'Object Repository/ADMIN/Features Control/Booking Unit/a_Add New Booking Unit/checkbox_Week' is clicked on

2019-05-28 14:06:35 - [TEST_STEP][PASSED] - click: Object: 'Object Repository/ADMIN/Features Control/Booking Unit/a_Add New Booking Unit/checkbox_Custom' is clicked on

2019-05-28 14:06:35 - [MESSAGE][PASSED] - Object: 'Object Repository/ADMIN/Features Control/Booking Unit/a_Add New Booking Unit/checkbox_Custom' is clicked on

2019-05-28 14:06:35 - [TEST_STEP][PASSED] - click: Object: 'Object Repository/ADMIN/Features Control/Booking Unit/a_Add New Booking Unit/button_Save' is clicked on

2019-05-28 14:06:35 - [MESSAGE][PASSED] - Object: 'Object Repository/ADMIN/Features Control/Booking Unit/a_Add New Booking Unit/button_Save' is clicked on

2019-05-28 14:06:35 - [TEST_STEP][PASSED] - delay: Delayed 1 second(s)

2019-05-28 14:06:36 - [MESSAGE][PASSED] - Delayed 1 second(s)

2019-05-28 14:06:36 - [TEST_STEP][PASSED] - click: Object: 'Object Repository/ADMIN/Features Control/Booking Unit/topbutton_Save' is clicked on

2019-05-28 14:06:36 - [MESSAGE][PASSED] - Object: 'Object Repository/ADMIN/Features Control/Booking Unit/topbutton_Save' is clicked on

2019-05-28 14:06:36 - [TEST_STEP][PASSED] - waitForElementVisible: Object 'Object Repository/ADMIN/Features Control/Booking Unit/a_Save Popup/button_Save' is visible

2019-05-28 14:06:36 - [MESSAGE][WARNING] - Timeout '0' is invalid. Using default page load timeout: '30'

2019-05-28 14:06:36 - [MESSAGE][PASSED] - Object 'Object Repository/ADMIN/Features Control/Booking Unit/a_Save Popup/button_Save' is visible

2019-05-28 14:06:36 - [TEST_STEP][PASSED] - click: Object: 'Object Repository/ADMIN/Features Control/Booking Unit/a_Save Popup/button_Save' is clicked on

2019-05-28 14:06:37 - [MESSAGE][PASSED] - Object: 'Object Repository/ADMIN/Features Control/Booking Unit/a_Save Popup/button_Save' is clicked on

2019-05-28 14:06:37 - [TEST_STEP][PASSED] - waitForElementVisible: Object 'Object Repository/ADMIN/Features Control/Booking Unit/a_ToasterMessage/toaster_SaveSuccessfully' is visible

2019-05-28 14:06:37 - [MESSAGE][WARNING] - Timeout '0' is invalid. Using default page load timeout: '30'

2019-05-28 14:06:37 - [MESSAGE][PASSED] - Object 'Object Repository/ADMIN/Features Control/Booking Unit/a_ToasterMessage/toaster_SaveSuccessfully' is visible

2019-05-28 14:06:37 - [TEST_STEP][PASSED] - waitForElementNotPresent: Web element with id: 'Object Repository/ADMIN/Features Control/Booking Unit/a_ToasterMessage/toaster_SaveSuccessfully' located by 'By.xpath: //div[@class = 'toast toast-success' and (text() = 'Save successfully' or . = 'Save successfully')]' is not present after '30' second(s)

2019-05-28 14:06:37 - [MESSAGE][WARNING] - Timeout '0' is invalid. Using default page load timeout: '30'

2019-05-28 14:06:43 - [MESSAGE][PASSED] - Web element with id: 'Object Repository/ADMIN/Features Control/Booking Unit/a_ToasterMessage/toaster_SaveSuccessfully' located by 'By.xpath: //div[@class = 'toast toast-success' and (text() = 'Save successfully' or . = 'Save successfully')]' is not present after '30' second(s)]]></system-out>
         <system-err><![CDATA[]]></system-err>
      </testcase>
      <testcase name="Test Cases/ADMIN/Features Control/Booking Unit/Combination/Default/21Add_DayWeekMonth" classname="Test Cases/ADMIN/Features Control/Booking Unit/Combination/Default/21Add_DayWeekMonth" status="PASSED">
         <system-out><![CDATA[2019-05-28 14:06:43 - [TEST_CASE][PASSED] - Test Cases/ADMIN/Features Control/Booking Unit/Combination/Default/21Add_DayWeekMonth: Test Cases/ADMIN/Features Control/Booking Unit/Combination/Default/21Add_DayWeekMonth

2019-05-28 14:06:43 - [TEST_STEP][PASSED] - waitForElementVisible: Object 'Object Repository/ADMIN/Features Control/Advance Search/a_Features Control' is visible

2019-05-28 14:06:43 - [MESSAGE][WARNING] - Timeout '0' is invalid. Using default page load timeout: '30'

2019-05-28 14:06:43 - [MESSAGE][PASSED] - Object 'Object Repository/ADMIN/Features Control/Advance Search/a_Features Control' is visible

2019-05-28 14:06:43 - [TEST_STEP][PASSED] - click: Object: 'Object Repository/ADMIN/Features Control/Advance Search/a_Features Control' is clicked on

2019-05-28 14:06:44 - [MESSAGE][PASSED] - Object: 'Object Repository/ADMIN/Features Control/Advance Search/a_Features Control' is clicked on

2019-05-28 14:06:44 - [TEST_STEP][PASSED] - waitForElementVisible: Object 'Object Repository/ADMIN/Features Control/Booking Unit/button_Edit' is visible

2019-05-28 14:06:44 - [MESSAGE][WARNING] - Timeout '0' is invalid. Using default page load timeout: '30'

2019-05-28 14:06:44 - [MESSAGE][PASSED] - Object 'Object Repository/ADMIN/Features Control/Booking Unit/button_Edit' is visible

2019-05-28 14:06:44 - [TEST_STEP][PASSED] - click: Object: 'Object Repository/ADMIN/Features Control/Booking Unit/button_Edit' is clicked on

2019-05-28 14:06:44 - [MESSAGE][PASSED] - Object: 'Object Repository/ADMIN/Features Control/Booking Unit/button_Edit' is clicked on

2019-05-28 14:06:44 - [TEST_STEP][PASSED] - waitForElementVisible: Object 'Object Repository/ADMIN/Features Control/Booking Unit/icon1st_NewBookingUnit' is visible

2019-05-28 14:06:44 - [MESSAGE][WARNING] - Timeout '0' is invalid. Using default page load timeout: '30'

2019-05-28 14:06:44 - [MESSAGE][PASSED] - Object 'Object Repository/ADMIN/Features Control/Booking Unit/icon1st_NewBookingUnit' is visible

2019-05-28 14:06:44 - [TEST_STEP][PASSED] - verifyElementVisible: Object 'Object Repository/ADMIN/Features Control/Booking Unit/textlabel_NewBookingUnit' is visible

2019-05-28 14:06:45 - [MESSAGE][PASSED] - Object 'Object Repository/ADMIN/Features Control/Booking Unit/textlabel_NewBookingUnit' is visible

2019-05-28 14:06:45 - [TEST_STEP][PASSED] - delay: Delayed 1 second(s)

2019-05-28 14:06:46 - [MESSAGE][PASSED] - Delayed 1 second(s)

2019-05-28 14:06:46 - [TEST_STEP][PASSED] - click: Object: 'Object Repository/ADMIN/Features Control/Booking Unit/button_AddBookingUnit' is clicked on

2019-05-28 14:06:46 - [MESSAGE][PASSED] - Object: 'Object Repository/ADMIN/Features Control/Booking Unit/button_AddBookingUnit' is clicked on

2019-05-28 14:06:46 - [TEST_STEP][PASSED] - waitForElementVisible: Object 'Object Repository/ADMIN/Features Control/Booking Unit/a_Add New Booking Unit/textlabel_AddNewBookingUnit' is visible

2019-05-28 14:06:46 - [MESSAGE][WARNING] - Timeout '0' is invalid. Using default page load timeout: '30'

2019-05-28 14:06:46 - [MESSAGE][PASSED] - Object 'Object Repository/ADMIN/Features Control/Booking Unit/a_Add New Booking Unit/textlabel_AddNewBookingUnit' is visible

2019-05-28 14:06:46 - [TEST_STEP][PASSED] - delay: Delayed 1 second(s)

2019-05-28 14:06:47 - [MESSAGE][PASSED] - Delayed 1 second(s)

2019-05-28 14:06:47 - [TEST_STEP][PASSED] - setText: Text 'Day 21' is set on object 'Object Repository/ADMIN/Features Control/Booking Unit/a_Add New Booking Unit/textfield_UnitName'

2019-05-28 14:06:47 - [MESSAGE][PASSED] - Text 'Day 21' is set on object 'Object Repository/ADMIN/Features Control/Booking Unit/a_Add New Booking Unit/textfield_UnitName'

2019-05-28 14:06:47 - [TEST_STEP][PASSED] - delay: Delayed 1 second(s)

2019-05-28 14:06:48 - [MESSAGE][PASSED] - Delayed 1 second(s)

2019-05-28 14:06:48 - [TEST_STEP][PASSED] - click: Object: 'Object Repository/ADMIN/Features Control/Booking Unit/a_Add New Booking Unit/checkbox_Day' is clicked on

2019-05-28 14:06:48 - [MESSAGE][PASSED] - Object: 'Object Repository/ADMIN/Features Control/Booking Unit/a_Add New Booking Unit/checkbox_Day' is clicked on

2019-05-28 14:06:48 - [TEST_STEP][PASSED] - click: Object: 'Object Repository/ADMIN/Features Control/Booking Unit/a_Add New Booking Unit/checkbox_Week' is clicked on

2019-05-28 14:06:48 - [MESSAGE][PASSED] - Object: 'Object Repository/ADMIN/Features Control/Booking Unit/a_Add New Booking Unit/checkbox_Week' is clicked on

2019-05-28 14:06:48 - [TEST_STEP][PASSED] - click: Object: 'Object Repository/ADMIN/Features Control/Booking Unit/a_Add New Booking Unit/checkbox_Month' is clicked on

2019-05-28 14:06:48 - [MESSAGE][PASSED] - Object: 'Object Repository/ADMIN/Features Control/Booking Unit/a_Add New Booking Unit/checkbox_Month' is clicked on

2019-05-28 14:06:48 - [TEST_STEP][PASSED] - click: Object: 'Object Repository/ADMIN/Features Control/Booking Unit/a_Add New Booking Unit/button_Save' is clicked on

2019-05-28 14:06:48 - [MESSAGE][PASSED] - Object: 'Object Repository/ADMIN/Features Control/Booking Unit/a_Add New Booking Unit/button_Save' is clicked on

2019-05-28 14:06:48 - [TEST_STEP][PASSED] - delay: Delayed 1 second(s)

2019-05-28 14:06:49 - [MESSAGE][PASSED] - Delayed 1 second(s)

2019-05-28 14:06:49 - [TEST_STEP][PASSED] - click: Object: 'Object Repository/ADMIN/Features Control/Booking Unit/topbutton_Save' is clicked on

2019-05-28 14:06:50 - [MESSAGE][PASSED] - Object: 'Object Repository/ADMIN/Features Control/Booking Unit/topbutton_Save' is clicked on

2019-05-28 14:06:50 - [TEST_STEP][PASSED] - waitForElementVisible: Object 'Object Repository/ADMIN/Features Control/Booking Unit/a_Save Popup/button_Save' is visible

2019-05-28 14:06:50 - [MESSAGE][WARNING] - Timeout '0' is invalid. Using default page load timeout: '30'

2019-05-28 14:06:50 - [MESSAGE][PASSED] - Object 'Object Repository/ADMIN/Features Control/Booking Unit/a_Save Popup/button_Save' is visible

2019-05-28 14:06:50 - [TEST_STEP][PASSED] - click: Object: 'Object Repository/ADMIN/Features Control/Booking Unit/a_Save Popup/button_Save' is clicked on

2019-05-28 14:06:50 - [MESSAGE][PASSED] - Object: 'Object Repository/ADMIN/Features Control/Booking Unit/a_Save Popup/button_Save' is clicked on

2019-05-28 14:06:50 - [TEST_STEP][PASSED] - waitForElementVisible: Object 'Object Repository/ADMIN/Features Control/Booking Unit/a_ToasterMessage/toaster_SaveSuccessfully' is visible

2019-05-28 14:06:50 - [MESSAGE][WARNING] - Timeout '0' is invalid. Using default page load timeout: '30'

2019-05-28 14:06:50 - [MESSAGE][PASSED] - Object 'Object Repository/ADMIN/Features Control/Booking Unit/a_ToasterMessage/toaster_SaveSuccessfully' is visible

2019-05-28 14:06:50 - [TEST_STEP][PASSED] - waitForElementNotPresent: Web element with id: 'Object Repository/ADMIN/Features Control/Booking Unit/a_ToasterMessage/toaster_SaveSuccessfully' located by 'By.xpath: //div[@class = 'toast toast-success' and (text() = 'Save successfully' or . = 'Save successfully')]' is not present after '30' second(s)

2019-05-28 14:06:50 - [MESSAGE][WARNING] - Timeout '0' is invalid. Using default page load timeout: '30'

2019-05-28 14:06:56 - [MESSAGE][PASSED] - Web element with id: 'Object Repository/ADMIN/Features Control/Booking Unit/a_ToasterMessage/toaster_SaveSuccessfully' located by 'By.xpath: //div[@class = 'toast toast-success' and (text() = 'Save successfully' or . = 'Save successfully')]' is not present after '30' second(s)]]></system-out>
         <system-err><![CDATA[]]></system-err>
      </testcase>
      <testcase name="Test Cases/ADMIN/Features Control/Booking Unit/Combination/Default/22Add_DayWeekCustom" classname="Test Cases/ADMIN/Features Control/Booking Unit/Combination/Default/22Add_DayWeekCustom" status="PASSED">
         <system-out><![CDATA[2019-05-28 14:06:56 - [TEST_CASE][PASSED] - Test Cases/ADMIN/Features Control/Booking Unit/Combination/Default/22Add_DayWeekCustom: Test Cases/ADMIN/Features Control/Booking Unit/Combination/Default/22Add_DayWeekCustom

2019-05-28 14:06:57 - [TEST_STEP][PASSED] - waitForElementVisible: Object 'Object Repository/ADMIN/Features Control/Advance Search/a_Features Control' is visible

2019-05-28 14:06:57 - [MESSAGE][WARNING] - Timeout '0' is invalid. Using default page load timeout: '30'

2019-05-28 14:06:57 - [MESSAGE][PASSED] - Object 'Object Repository/ADMIN/Features Control/Advance Search/a_Features Control' is visible

2019-05-28 14:06:57 - [TEST_STEP][PASSED] - click: Object: 'Object Repository/ADMIN/Features Control/Advance Search/a_Features Control' is clicked on

2019-05-28 14:06:57 - [MESSAGE][PASSED] - Object: 'Object Repository/ADMIN/Features Control/Advance Search/a_Features Control' is clicked on

2019-05-28 14:06:57 - [TEST_STEP][PASSED] - waitForElementVisible: Object 'Object Repository/ADMIN/Features Control/Booking Unit/button_Edit' is visible

2019-05-28 14:06:57 - [MESSAGE][WARNING] - Timeout '0' is invalid. Using default page load timeout: '30'

2019-05-28 14:06:57 - [MESSAGE][PASSED] - Object 'Object Repository/ADMIN/Features Control/Booking Unit/button_Edit' is visible

2019-05-28 14:06:57 - [TEST_STEP][PASSED] - click: Object: 'Object Repository/ADMIN/Features Control/Booking Unit/button_Edit' is clicked on

2019-05-28 14:06:58 - [MESSAGE][PASSED] - Object: 'Object Repository/ADMIN/Features Control/Booking Unit/button_Edit' is clicked on

2019-05-28 14:06:58 - [TEST_STEP][PASSED] - waitForElementVisible: Object 'Object Repository/ADMIN/Features Control/Booking Unit/icon1st_NewBookingUnit' is visible

2019-05-28 14:06:58 - [MESSAGE][WARNING] - Timeout '0' is invalid. Using default page load timeout: '30'

2019-05-28 14:06:58 - [MESSAGE][PASSED] - Object 'Object Repository/ADMIN/Features Control/Booking Unit/icon1st_NewBookingUnit' is visible

2019-05-28 14:06:58 - [TEST_STEP][PASSED] - verifyElementVisible: Object 'Object Repository/ADMIN/Features Control/Booking Unit/textlabel_NewBookingUnit' is visible

2019-05-28 14:06:58 - [MESSAGE][PASSED] - Object 'Object Repository/ADMIN/Features Control/Booking Unit/textlabel_NewBookingUnit' is visible

2019-05-28 14:06:58 - [TEST_STEP][PASSED] - delay: Delayed 1 second(s)

2019-05-28 14:06:59 - [MESSAGE][PASSED] - Delayed 1 second(s)

2019-05-28 14:06:59 - [TEST_STEP][PASSED] - click: Object: 'Object Repository/ADMIN/Features Control/Booking Unit/button_AddBookingUnit' is clicked on

2019-05-28 14:06:59 - [MESSAGE][PASSED] - Object: 'Object Repository/ADMIN/Features Control/Booking Unit/button_AddBookingUnit' is clicked on

2019-05-28 14:06:59 - [TEST_STEP][PASSED] - waitForElementVisible: Object 'Object Repository/ADMIN/Features Control/Booking Unit/a_Add New Booking Unit/textlabel_AddNewBookingUnit' is visible

2019-05-28 14:06:59 - [MESSAGE][WARNING] - Timeout '0' is invalid. Using default page load timeout: '30'

2019-05-28 14:07:00 - [MESSAGE][PASSED] - Object 'Object Repository/ADMIN/Features Control/Booking Unit/a_Add New Booking Unit/textlabel_AddNewBookingUnit' is visible

2019-05-28 14:07:00 - [TEST_STEP][PASSED] - delay: Delayed 1 second(s)

2019-05-28 14:07:01 - [MESSAGE][PASSED] - Delayed 1 second(s)

2019-05-28 14:07:01 - [TEST_STEP][PASSED] - setText: Text 'Day 22' is set on object 'Object Repository/ADMIN/Features Control/Booking Unit/a_Add New Booking Unit/textfield_UnitName'

2019-05-28 14:07:01 - [MESSAGE][PASSED] - Text 'Day 22' is set on object 'Object Repository/ADMIN/Features Control/Booking Unit/a_Add New Booking Unit/textfield_UnitName'

2019-05-28 14:07:01 - [TEST_STEP][PASSED] - delay: Delayed 1 second(s)

2019-05-28 14:07:02 - [MESSAGE][PASSED] - Delayed 1 second(s)

2019-05-28 14:07:02 - [TEST_STEP][PASSED] - click: Object: 'Object Repository/ADMIN/Features Control/Booking Unit/a_Add New Booking Unit/checkbox_Day' is clicked on

2019-05-28 14:07:02 - [MESSAGE][PASSED] - Object: 'Object Repository/ADMIN/Features Control/Booking Unit/a_Add New Booking Unit/checkbox_Day' is clicked on

2019-05-28 14:07:02 - [TEST_STEP][PASSED] - click: Object: 'Object Repository/ADMIN/Features Control/Booking Unit/a_Add New Booking Unit/checkbox_Week' is clicked on

2019-05-28 14:07:02 - [MESSAGE][PASSED] - Object: 'Object Repository/ADMIN/Features Control/Booking Unit/a_Add New Booking Unit/checkbox_Week' is clicked on

2019-05-28 14:07:02 - [TEST_STEP][PASSED] - click: Object: 'Object Repository/ADMIN/Features Control/Booking Unit/a_Add New Booking Unit/checkbox_Custom' is clicked on

2019-05-28 14:07:02 - [MESSAGE][PASSED] - Object: 'Object Repository/ADMIN/Features Control/Booking Unit/a_Add New Booking Unit/checkbox_Custom' is clicked on

2019-05-28 14:07:02 - [TEST_STEP][PASSED] - click: Object: 'Object Repository/ADMIN/Features Control/Booking Unit/a_Add New Booking Unit/button_Save' is clicked on

2019-05-28 14:07:02 - [MESSAGE][PASSED] - Object: 'Object Repository/ADMIN/Features Control/Booking Unit/a_Add New Booking Unit/button_Save' is clicked on

2019-05-28 14:07:02 - [TEST_STEP][PASSED] - delay: Delayed 1 second(s)

2019-05-28 14:07:03 - [MESSAGE][PASSED] - Delayed 1 second(s)

2019-05-28 14:07:03 - [TEST_STEP][PASSED] - click: Object: 'Object Repository/ADMIN/Features Control/Booking Unit/topbutton_Save' is clicked on

2019-05-28 14:07:03 - [MESSAGE][PASSED] - Object: 'Object Repository/ADMIN/Features Control/Booking Unit/topbutton_Save' is clicked on

2019-05-28 14:07:03 - [TEST_STEP][PASSED] - waitForElementVisible: Object 'Object Repository/ADMIN/Features Control/Booking Unit/a_Save Popup/button_Save' is visible

2019-05-28 14:07:03 - [MESSAGE][WARNING] - Timeout '0' is invalid. Using default page load timeout: '30'

2019-05-28 14:07:03 - [MESSAGE][PASSED] - Object 'Object Repository/ADMIN/Features Control/Booking Unit/a_Save Popup/button_Save' is visible

2019-05-28 14:07:03 - [TEST_STEP][PASSED] - click: Object: 'Object Repository/ADMIN/Features Control/Booking Unit/a_Save Popup/button_Save' is clicked on

2019-05-28 14:07:03 - [MESSAGE][PASSED] - Object: 'Object Repository/ADMIN/Features Control/Booking Unit/a_Save Popup/button_Save' is clicked on

2019-05-28 14:07:03 - [TEST_STEP][PASSED] - waitForElementVisible: Object 'Object Repository/ADMIN/Features Control/Booking Unit/a_ToasterMessage/toaster_SaveSuccessfully' is visible

2019-05-28 14:07:03 - [MESSAGE][WARNING] - Timeout '0' is invalid. Using default page load timeout: '30'

2019-05-28 14:07:04 - [MESSAGE][PASSED] - Object 'Object Repository/ADMIN/Features Control/Booking Unit/a_ToasterMessage/toaster_SaveSuccessfully' is visible

2019-05-28 14:07:04 - [TEST_STEP][PASSED] - waitForElementNotPresent: Web element with id: 'Object Repository/ADMIN/Features Control/Booking Unit/a_ToasterMessage/toaster_SaveSuccessfully' located by 'By.xpath: //div[@class = 'toast toast-success' and (text() = 'Save successfully' or . = 'Save successfully')]' is not present after '30' second(s)

2019-05-28 14:07:04 - [MESSAGE][WARNING] - Timeout '0' is invalid. Using default page load timeout: '30'

2019-05-28 14:07:09 - [MESSAGE][PASSED] - Web element with id: 'Object Repository/ADMIN/Features Control/Booking Unit/a_ToasterMessage/toaster_SaveSuccessfully' located by 'By.xpath: //div[@class = 'toast toast-success' and (text() = 'Save successfully' or . = 'Save successfully')]' is not present after '30' second(s)]]></system-out>
         <system-err><![CDATA[]]></system-err>
      </testcase>
      <testcase name="Test Cases/ADMIN/Features Control/Booking Unit/Combination/Default/23Add_DayMonthCustom" classname="Test Cases/ADMIN/Features Control/Booking Unit/Combination/Default/23Add_DayMonthCustom" status="PASSED">
         <system-out><![CDATA[2019-05-28 14:07:09 - [TEST_CASE][PASSED] - Test Cases/ADMIN/Features Control/Booking Unit/Combination/Default/23Add_DayMonthCustom: Test Cases/ADMIN/Features Control/Booking Unit/Combination/Default/23Add_DayMonthCustom

2019-05-28 14:07:10 - [TEST_STEP][PASSED] - waitForElementVisible: Object 'Object Repository/ADMIN/Features Control/Advance Search/a_Features Control' is visible

2019-05-28 14:07:10 - [MESSAGE][WARNING] - Timeout '0' is invalid. Using default page load timeout: '30'

2019-05-28 14:07:10 - [MESSAGE][PASSED] - Object 'Object Repository/ADMIN/Features Control/Advance Search/a_Features Control' is visible

2019-05-28 14:07:10 - [TEST_STEP][PASSED] - click: Object: 'Object Repository/ADMIN/Features Control/Advance Search/a_Features Control' is clicked on

2019-05-28 14:07:10 - [MESSAGE][PASSED] - Object: 'Object Repository/ADMIN/Features Control/Advance Search/a_Features Control' is clicked on

2019-05-28 14:07:10 - [TEST_STEP][PASSED] - waitForElementVisible: Object 'Object Repository/ADMIN/Features Control/Booking Unit/button_Edit' is visible

2019-05-28 14:07:10 - [MESSAGE][WARNING] - Timeout '0' is invalid. Using default page load timeout: '30'

2019-05-28 14:07:11 - [MESSAGE][PASSED] - Object 'Object Repository/ADMIN/Features Control/Booking Unit/button_Edit' is visible

2019-05-28 14:07:11 - [TEST_STEP][PASSED] - click: Object: 'Object Repository/ADMIN/Features Control/Booking Unit/button_Edit' is clicked on

2019-05-28 14:07:11 - [MESSAGE][PASSED] - Object: 'Object Repository/ADMIN/Features Control/Booking Unit/button_Edit' is clicked on

2019-05-28 14:07:11 - [TEST_STEP][PASSED] - waitForElementVisible: Object 'Object Repository/ADMIN/Features Control/Booking Unit/icon1st_NewBookingUnit' is visible

2019-05-28 14:07:11 - [MESSAGE][WARNING] - Timeout '0' is invalid. Using default page load timeout: '30'

2019-05-28 14:07:11 - [MESSAGE][PASSED] - Object 'Object Repository/ADMIN/Features Control/Booking Unit/icon1st_NewBookingUnit' is visible

2019-05-28 14:07:11 - [TEST_STEP][PASSED] - verifyElementVisible: Object 'Object Repository/ADMIN/Features Control/Booking Unit/textlabel_NewBookingUnit' is visible

2019-05-28 14:07:11 - [MESSAGE][PASSED] - Object 'Object Repository/ADMIN/Features Control/Booking Unit/textlabel_NewBookingUnit' is visible

2019-05-28 14:07:11 - [TEST_STEP][PASSED] - delay: Delayed 1 second(s)

2019-05-28 14:07:12 - [MESSAGE][PASSED] - Delayed 1 second(s)

2019-05-28 14:07:12 - [TEST_STEP][PASSED] - click: Object: 'Object Repository/ADMIN/Features Control/Booking Unit/button_AddBookingUnit' is clicked on

2019-05-28 14:07:13 - [MESSAGE][PASSED] - Object: 'Object Repository/ADMIN/Features Control/Booking Unit/button_AddBookingUnit' is clicked on

2019-05-28 14:07:13 - [TEST_STEP][PASSED] - waitForElementVisible: Object 'Object Repository/ADMIN/Features Control/Booking Unit/a_Add New Booking Unit/textlabel_AddNewBookingUnit' is visible

2019-05-28 14:07:13 - [MESSAGE][WARNING] - Timeout '0' is invalid. Using default page load timeout: '30'

2019-05-28 14:07:13 - [MESSAGE][PASSED] - Object 'Object Repository/ADMIN/Features Control/Booking Unit/a_Add New Booking Unit/textlabel_AddNewBookingUnit' is visible

2019-05-28 14:07:13 - [TEST_STEP][PASSED] - delay: Delayed 1 second(s)

2019-05-28 14:07:14 - [MESSAGE][PASSED] - Delayed 1 second(s)

2019-05-28 14:07:14 - [TEST_STEP][PASSED] - setText: Text 'Day 23' is set on object 'Object Repository/ADMIN/Features Control/Booking Unit/a_Add New Booking Unit/textfield_UnitName'

2019-05-28 14:07:14 - [MESSAGE][PASSED] - Text 'Day 23' is set on object 'Object Repository/ADMIN/Features Control/Booking Unit/a_Add New Booking Unit/textfield_UnitName'

2019-05-28 14:07:14 - [TEST_STEP][PASSED] - delay: Delayed 1 second(s)

2019-05-28 14:07:15 - [MESSAGE][PASSED] - Delayed 1 second(s)

2019-05-28 14:07:15 - [TEST_STEP][PASSED] - click: Object: 'Object Repository/ADMIN/Features Control/Booking Unit/a_Add New Booking Unit/checkbox_Day' is clicked on

2019-05-28 14:07:15 - [MESSAGE][PASSED] - Object: 'Object Repository/ADMIN/Features Control/Booking Unit/a_Add New Booking Unit/checkbox_Day' is clicked on

2019-05-28 14:07:15 - [TEST_STEP][PASSED] - click: Object: 'Object Repository/ADMIN/Features Control/Booking Unit/a_Add New Booking Unit/checkbox_Month' is clicked on

2019-05-28 14:07:15 - [MESSAGE][PASSED] - Object: 'Object Repository/ADMIN/Features Control/Booking Unit/a_Add New Booking Unit/checkbox_Month' is clicked on

2019-05-28 14:07:15 - [TEST_STEP][PASSED] - click: Object: 'Object Repository/ADMIN/Features Control/Booking Unit/a_Add New Booking Unit/checkbox_Custom' is clicked on

2019-05-28 14:07:15 - [MESSAGE][PASSED] - Object: 'Object Repository/ADMIN/Features Control/Booking Unit/a_Add New Booking Unit/checkbox_Custom' is clicked on

2019-05-28 14:07:15 - [TEST_STEP][PASSED] - click: Object: 'Object Repository/ADMIN/Features Control/Booking Unit/a_Add New Booking Unit/button_Save' is clicked on

2019-05-28 14:07:15 - [MESSAGE][PASSED] - Object: 'Object Repository/ADMIN/Features Control/Booking Unit/a_Add New Booking Unit/button_Save' is clicked on

2019-05-28 14:07:15 - [TEST_STEP][PASSED] - delay: Delayed 1 second(s)

2019-05-28 14:07:16 - [MESSAGE][PASSED] - Delayed 1 second(s)

2019-05-28 14:07:16 - [TEST_STEP][PASSED] - click: Object: 'Object Repository/ADMIN/Features Control/Booking Unit/topbutton_Save' is clicked on

2019-05-28 14:07:16 - [MESSAGE][PASSED] - Object: 'Object Repository/ADMIN/Features Control/Booking Unit/topbutton_Save' is clicked on

2019-05-28 14:07:16 - [TEST_STEP][PASSED] - waitForElementVisible: Object 'Object Repository/ADMIN/Features Control/Booking Unit/a_Save Popup/button_Save' is visible

2019-05-28 14:07:16 - [MESSAGE][WARNING] - Timeout '0' is invalid. Using default page load timeout: '30'

2019-05-28 14:07:16 - [MESSAGE][PASSED] - Object 'Object Repository/ADMIN/Features Control/Booking Unit/a_Save Popup/button_Save' is visible

2019-05-28 14:07:16 - [TEST_STEP][PASSED] - click: Object: 'Object Repository/ADMIN/Features Control/Booking Unit/a_Save Popup/button_Save' is clicked on

2019-05-28 14:07:16 - [MESSAGE][PASSED] - Object: 'Object Repository/ADMIN/Features Control/Booking Unit/a_Save Popup/button_Save' is clicked on

2019-05-28 14:07:16 - [TEST_STEP][PASSED] - waitForElementVisible: Object 'Object Repository/ADMIN/Features Control/Booking Unit/a_ToasterMessage/toaster_SaveSuccessfully' is visible

2019-05-28 14:07:16 - [MESSAGE][WARNING] - Timeout '0' is invalid. Using default page load timeout: '30'

2019-05-28 14:07:17 - [MESSAGE][PASSED] - Object 'Object Repository/ADMIN/Features Control/Booking Unit/a_ToasterMessage/toaster_SaveSuccessfully' is visible

2019-05-28 14:07:17 - [TEST_STEP][PASSED] - waitForElementNotPresent: Web element with id: 'Object Repository/ADMIN/Features Control/Booking Unit/a_ToasterMessage/toaster_SaveSuccessfully' located by 'By.xpath: //div[@class = 'toast toast-success' and (text() = 'Save successfully' or . = 'Save successfully')]' is not present after '30' second(s)

2019-05-28 14:07:17 - [MESSAGE][WARNING] - Timeout '0' is invalid. Using default page load timeout: '30'

2019-05-28 14:07:23 - [MESSAGE][PASSED] - Web element with id: 'Object Repository/ADMIN/Features Control/Booking Unit/a_ToasterMessage/toaster_SaveSuccessfully' located by 'By.xpath: //div[@class = 'toast toast-success' and (text() = 'Save successfully' or . = 'Save successfully')]' is not present after '30' second(s)]]></system-out>
         <system-err><![CDATA[]]></system-err>
      </testcase>
      <testcase name="Test Cases/ADMIN/Features Control/Booking Unit/Combination/Default/24Add_WeekMonthHour" classname="Test Cases/ADMIN/Features Control/Booking Unit/Combination/Default/24Add_WeekMonthHour" status="PASSED">
         <system-out><![CDATA[2019-05-28 14:07:23 - [TEST_CASE][PASSED] - Test Cases/ADMIN/Features Control/Booking Unit/Combination/Default/24Add_WeekMonthHour: Test Cases/ADMIN/Features Control/Booking Unit/Combination/Default/24Add_WeekMonthHour

2019-05-28 14:07:23 - [TEST_STEP][PASSED] - waitForElementVisible: Object 'Object Repository/ADMIN/Features Control/Advance Search/a_Features Control' is visible

2019-05-28 14:07:23 - [MESSAGE][WARNING] - Timeout '0' is invalid. Using default page load timeout: '30'

2019-05-28 14:07:23 - [MESSAGE][PASSED] - Object 'Object Repository/ADMIN/Features Control/Advance Search/a_Features Control' is visible

2019-05-28 14:07:23 - [TEST_STEP][PASSED] - click: Object: 'Object Repository/ADMIN/Features Control/Advance Search/a_Features Control' is clicked on

2019-05-28 14:07:24 - [MESSAGE][PASSED] - Object: 'Object Repository/ADMIN/Features Control/Advance Search/a_Features Control' is clicked on

2019-05-28 14:07:24 - [TEST_STEP][PASSED] - waitForElementVisible: Object 'Object Repository/ADMIN/Features Control/Booking Unit/button_Edit' is visible

2019-05-28 14:07:24 - [MESSAGE][WARNING] - Timeout '0' is invalid. Using default page load timeout: '30'

2019-05-28 14:07:24 - [MESSAGE][PASSED] - Object 'Object Repository/ADMIN/Features Control/Booking Unit/button_Edit' is visible

2019-05-28 14:07:24 - [TEST_STEP][PASSED] - click: Object: 'Object Repository/ADMIN/Features Control/Booking Unit/button_Edit' is clicked on

2019-05-28 14:07:25 - [MESSAGE][PASSED] - Object: 'Object Repository/ADMIN/Features Control/Booking Unit/button_Edit' is clicked on

2019-05-28 14:07:25 - [TEST_STEP][PASSED] - waitForElementVisible: Object 'Object Repository/ADMIN/Features Control/Booking Unit/icon1st_NewBookingUnit' is visible

2019-05-28 14:07:25 - [MESSAGE][WARNING] - Timeout '0' is invalid. Using default page load timeout: '30'

2019-05-28 14:07:25 - [MESSAGE][PASSED] - Object 'Object Repository/ADMIN/Features Control/Booking Unit/icon1st_NewBookingUnit' is visible

2019-05-28 14:07:25 - [TEST_STEP][PASSED] - verifyElementVisible: Object 'Object Repository/ADMIN/Features Control/Booking Unit/textlabel_NewBookingUnit' is visible

2019-05-28 14:07:25 - [MESSAGE][PASSED] - Object 'Object Repository/ADMIN/Features Control/Booking Unit/textlabel_NewBookingUnit' is visible

2019-05-28 14:07:25 - [TEST_STEP][PASSED] - delay: Delayed 1 second(s)

2019-05-28 14:07:26 - [MESSAGE][PASSED] - Delayed 1 second(s)

2019-05-28 14:07:26 - [TEST_STEP][PASSED] - click: Object: 'Object Repository/ADMIN/Features Control/Booking Unit/button_AddBookingUnit' is clicked on

2019-05-28 14:07:26 - [MESSAGE][PASSED] - Object: 'Object Repository/ADMIN/Features Control/Booking Unit/button_AddBookingUnit' is clicked on

2019-05-28 14:07:26 - [TEST_STEP][PASSED] - waitForElementVisible: Object 'Object Repository/ADMIN/Features Control/Booking Unit/a_Add New Booking Unit/textlabel_AddNewBookingUnit' is visible

2019-05-28 14:07:26 - [MESSAGE][WARNING] - Timeout '0' is invalid. Using default page load timeout: '30'

2019-05-28 14:07:27 - [MESSAGE][PASSED] - Object 'Object Repository/ADMIN/Features Control/Booking Unit/a_Add New Booking Unit/textlabel_AddNewBookingUnit' is visible

2019-05-28 14:07:27 - [TEST_STEP][PASSED] - delay: Delayed 1 second(s)

2019-05-28 14:07:28 - [MESSAGE][PASSED] - Delayed 1 second(s)

2019-05-28 14:07:28 - [TEST_STEP][PASSED] - setText: Text 'Day 24' is set on object 'Object Repository/ADMIN/Features Control/Booking Unit/a_Add New Booking Unit/textfield_UnitName'

2019-05-28 14:07:28 - [MESSAGE][PASSED] - Text 'Day 24' is set on object 'Object Repository/ADMIN/Features Control/Booking Unit/a_Add New Booking Unit/textfield_UnitName'

2019-05-28 14:07:28 - [TEST_STEP][PASSED] - delay: Delayed 1 second(s)

2019-05-28 14:07:29 - [MESSAGE][PASSED] - Delayed 1 second(s)

2019-05-28 14:07:29 - [TEST_STEP][PASSED] - click: Object: 'Object Repository/ADMIN/Features Control/Booking Unit/a_Add New Booking Unit/checkbox_Week' is clicked on

2019-05-28 14:07:29 - [MESSAGE][PASSED] - Object: 'Object Repository/ADMIN/Features Control/Booking Unit/a_Add New Booking Unit/checkbox_Week' is clicked on

2019-05-28 14:07:29 - [TEST_STEP][PASSED] - click: Object: 'Object Repository/ADMIN/Features Control/Booking Unit/a_Add New Booking Unit/checkbox_Month' is clicked on

2019-05-28 14:07:29 - [MESSAGE][PASSED] - Object: 'Object Repository/ADMIN/Features Control/Booking Unit/a_Add New Booking Unit/checkbox_Month' is clicked on

2019-05-28 14:07:29 - [TEST_STEP][PASSED] - click: Object: 'Object Repository/ADMIN/Features Control/Booking Unit/a_Add New Booking Unit/checkbox_Hour' is clicked on

2019-05-28 14:07:29 - [MESSAGE][PASSED] - Object: 'Object Repository/ADMIN/Features Control/Booking Unit/a_Add New Booking Unit/checkbox_Hour' is clicked on

2019-05-28 14:07:29 - [TEST_STEP][PASSED] - click: Object: 'Object Repository/ADMIN/Features Control/Booking Unit/a_Add New Booking Unit/button_Save' is clicked on

2019-05-28 14:07:29 - [MESSAGE][PASSED] - Object: 'Object Repository/ADMIN/Features Control/Booking Unit/a_Add New Booking Unit/button_Save' is clicked on

2019-05-28 14:07:29 - [TEST_STEP][PASSED] - delay: Delayed 1 second(s)

2019-05-28 14:07:30 - [MESSAGE][PASSED] - Delayed 1 second(s)

2019-05-28 14:07:30 - [TEST_STEP][PASSED] - click: Object: 'Object Repository/ADMIN/Features Control/Booking Unit/topbutton_Save' is clicked on

2019-05-28 14:07:30 - [MESSAGE][PASSED] - Object: 'Object Repository/ADMIN/Features Control/Booking Unit/topbutton_Save' is clicked on

2019-05-28 14:07:30 - [TEST_STEP][PASSED] - waitForElementVisible: Object 'Object Repository/ADMIN/Features Control/Booking Unit/a_Save Popup/button_Save' is visible

2019-05-28 14:07:30 - [MESSAGE][WARNING] - Timeout '0' is invalid. Using default page load timeout: '30'

2019-05-28 14:07:30 - [MESSAGE][PASSED] - Object 'Object Repository/ADMIN/Features Control/Booking Unit/a_Save Popup/button_Save' is visible

2019-05-28 14:07:30 - [TEST_STEP][PASSED] - click: Object: 'Object Repository/ADMIN/Features Control/Booking Unit/a_Save Popup/button_Save' is clicked on

2019-05-28 14:07:30 - [MESSAGE][PASSED] - Object: 'Object Repository/ADMIN/Features Control/Booking Unit/a_Save Popup/button_Save' is clicked on

2019-05-28 14:07:30 - [TEST_STEP][PASSED] - waitForElementVisible: Object 'Object Repository/ADMIN/Features Control/Booking Unit/a_ToasterMessage/toaster_SaveSuccessfully' is visible

2019-05-28 14:07:30 - [MESSAGE][WARNING] - Timeout '0' is invalid. Using default page load timeout: '30'

2019-05-28 14:07:31 - [MESSAGE][PASSED] - Object 'Object Repository/ADMIN/Features Control/Booking Unit/a_ToasterMessage/toaster_SaveSuccessfully' is visible

2019-05-28 14:07:31 - [TEST_STEP][PASSED] - waitForElementNotPresent: Web element with id: 'Object Repository/ADMIN/Features Control/Booking Unit/a_ToasterMessage/toaster_SaveSuccessfully' located by 'By.xpath: //div[@class = 'toast toast-success' and (text() = 'Save successfully' or . = 'Save successfully')]' is not present after '30' second(s)

2019-05-28 14:07:31 - [MESSAGE][WARNING] - Timeout '0' is invalid. Using default page load timeout: '30'

2019-05-28 14:07:37 - [MESSAGE][PASSED] - Web element with id: 'Object Repository/ADMIN/Features Control/Booking Unit/a_ToasterMessage/toaster_SaveSuccessfully' located by 'By.xpath: //div[@class = 'toast toast-success' and (text() = 'Save successfully' or . = 'Save successfully')]' is not present after '30' second(s)]]></system-out>
         <system-err><![CDATA[]]></system-err>
      </testcase>
      <testcase name="Test Cases/ADMIN/Features Control/Booking Unit/Combination/Default/25Add_WeekMonthCustom" classname="Test Cases/ADMIN/Features Control/Booking Unit/Combination/Default/25Add_WeekMonthCustom" status="PASSED">
         <system-out><![CDATA[2019-05-28 14:07:37 - [TEST_CASE][PASSED] - Test Cases/ADMIN/Features Control/Booking Unit/Combination/Default/25Add_WeekMonthCustom: Test Cases/ADMIN/Features Control/Booking Unit/Combination/Default/25Add_WeekMonthCustom

2019-05-28 14:07:37 - [TEST_STEP][PASSED] - waitForElementVisible: Object 'Object Repository/ADMIN/Features Control/Advance Search/a_Features Control' is visible

2019-05-28 14:07:37 - [MESSAGE][WARNING] - Timeout '0' is invalid. Using default page load timeout: '30'

2019-05-28 14:07:37 - [MESSAGE][PASSED] - Object 'Object Repository/ADMIN/Features Control/Advance Search/a_Features Control' is visible

2019-05-28 14:07:37 - [TEST_STEP][PASSED] - click: Object: 'Object Repository/ADMIN/Features Control/Advance Search/a_Features Control' is clicked on

2019-05-28 14:07:38 - [MESSAGE][PASSED] - Object: 'Object Repository/ADMIN/Features Control/Advance Search/a_Features Control' is clicked on

2019-05-28 14:07:38 - [TEST_STEP][PASSED] - waitForElementVisible: Object 'Object Repository/ADMIN/Features Control/Booking Unit/button_Edit' is visible

2019-05-28 14:07:38 - [MESSAGE][WARNING] - Timeout '0' is invalid. Using default page load timeout: '30'

2019-05-28 14:07:38 - [MESSAGE][PASSED] - Object 'Object Repository/ADMIN/Features Control/Booking Unit/button_Edit' is visible

2019-05-28 14:07:38 - [TEST_STEP][PASSED] - click: Object: 'Object Repository/ADMIN/Features Control/Booking Unit/button_Edit' is clicked on

2019-05-28 14:07:39 - [MESSAGE][PASSED] - Object: 'Object Repository/ADMIN/Features Control/Booking Unit/button_Edit' is clicked on

2019-05-28 14:07:39 - [TEST_STEP][PASSED] - waitForElementVisible: Object 'Object Repository/ADMIN/Features Control/Booking Unit/icon1st_NewBookingUnit' is visible

2019-05-28 14:07:39 - [MESSAGE][WARNING] - Timeout '0' is invalid. Using default page load timeout: '30'

2019-05-28 14:07:39 - [MESSAGE][PASSED] - Object 'Object Repository/ADMIN/Features Control/Booking Unit/icon1st_NewBookingUnit' is visible

2019-05-28 14:07:39 - [TEST_STEP][PASSED] - verifyElementVisible: Object 'Object Repository/ADMIN/Features Control/Booking Unit/textlabel_NewBookingUnit' is visible

2019-05-28 14:07:39 - [MESSAGE][PASSED] - Object 'Object Repository/ADMIN/Features Control/Booking Unit/textlabel_NewBookingUnit' is visible

2019-05-28 14:07:39 - [TEST_STEP][PASSED] - delay: Delayed 1 second(s)

2019-05-28 14:07:40 - [MESSAGE][PASSED] - Delayed 1 second(s)

2019-05-28 14:07:40 - [TEST_STEP][PASSED] - click: Object: 'Object Repository/ADMIN/Features Control/Booking Unit/button_AddBookingUnit' is clicked on

2019-05-28 14:07:40 - [MESSAGE][PASSED] - Object: 'Object Repository/ADMIN/Features Control/Booking Unit/button_AddBookingUnit' is clicked on

2019-05-28 14:07:40 - [TEST_STEP][PASSED] - waitForElementVisible: Object 'Object Repository/ADMIN/Features Control/Booking Unit/a_Add New Booking Unit/textlabel_AddNewBookingUnit' is visible

2019-05-28 14:07:40 - [MESSAGE][WARNING] - Timeout '0' is invalid. Using default page load timeout: '30'

2019-05-28 14:07:40 - [MESSAGE][PASSED] - Object 'Object Repository/ADMIN/Features Control/Booking Unit/a_Add New Booking Unit/textlabel_AddNewBookingUnit' is visible

2019-05-28 14:07:40 - [TEST_STEP][PASSED] - delay: Delayed 1 second(s)

2019-05-28 14:07:41 - [MESSAGE][PASSED] - Delayed 1 second(s)

2019-05-28 14:07:41 - [TEST_STEP][PASSED] - setText: Text 'Day 25' is set on object 'Object Repository/ADMIN/Features Control/Booking Unit/a_Add New Booking Unit/textfield_UnitName'

2019-05-28 14:07:42 - [MESSAGE][PASSED] - Text 'Day 25' is set on object 'Object Repository/ADMIN/Features Control/Booking Unit/a_Add New Booking Unit/textfield_UnitName'

2019-05-28 14:07:42 - [TEST_STEP][PASSED] - delay: Delayed 1 second(s)

2019-05-28 14:07:43 - [MESSAGE][PASSED] - Delayed 1 second(s)

2019-05-28 14:07:43 - [TEST_STEP][PASSED] - click: Object: 'Object Repository/ADMIN/Features Control/Booking Unit/a_Add New Booking Unit/checkbox_Week' is clicked on

2019-05-28 14:07:43 - [MESSAGE][PASSED] - Object: 'Object Repository/ADMIN/Features Control/Booking Unit/a_Add New Booking Unit/checkbox_Week' is clicked on

2019-05-28 14:07:43 - [TEST_STEP][PASSED] - click: Object: 'Object Repository/ADMIN/Features Control/Booking Unit/a_Add New Booking Unit/checkbox_Month' is clicked on

2019-05-28 14:07:43 - [MESSAGE][PASSED] - Object: 'Object Repository/ADMIN/Features Control/Booking Unit/a_Add New Booking Unit/checkbox_Month' is clicked on

2019-05-28 14:07:43 - [TEST_STEP][PASSED] - click: Object: 'Object Repository/ADMIN/Features Control/Booking Unit/a_Add New Booking Unit/checkbox_Custom' is clicked on

2019-05-28 14:07:43 - [MESSAGE][PASSED] - Object: 'Object Repository/ADMIN/Features Control/Booking Unit/a_Add New Booking Unit/checkbox_Custom' is clicked on

2019-05-28 14:07:43 - [TEST_STEP][PASSED] - click: Object: 'Object Repository/ADMIN/Features Control/Booking Unit/a_Add New Booking Unit/button_Save' is clicked on

2019-05-28 14:07:43 - [MESSAGE][PASSED] - Object: 'Object Repository/ADMIN/Features Control/Booking Unit/a_Add New Booking Unit/button_Save' is clicked on

2019-05-28 14:07:43 - [TEST_STEP][PASSED] - delay: Delayed 1 second(s)

2019-05-28 14:07:44 - [MESSAGE][PASSED] - Delayed 1 second(s)

2019-05-28 14:07:44 - [TEST_STEP][PASSED] - click: Object: 'Object Repository/ADMIN/Features Control/Booking Unit/topbutton_Save' is clicked on

2019-05-28 14:07:44 - [MESSAGE][PASSED] - Object: 'Object Repository/ADMIN/Features Control/Booking Unit/topbutton_Save' is clicked on

2019-05-28 14:07:44 - [TEST_STEP][PASSED] - waitForElementVisible: Object 'Object Repository/ADMIN/Features Control/Booking Unit/a_Save Popup/button_Save' is visible

2019-05-28 14:07:44 - [MESSAGE][WARNING] - Timeout '0' is invalid. Using default page load timeout: '30'

2019-05-28 14:07:44 - [MESSAGE][PASSED] - Object 'Object Repository/ADMIN/Features Control/Booking Unit/a_Save Popup/button_Save' is visible

2019-05-28 14:07:44 - [TEST_STEP][PASSED] - click: Object: 'Object Repository/ADMIN/Features Control/Booking Unit/a_Save Popup/button_Save' is clicked on

2019-05-28 14:07:44 - [MESSAGE][PASSED] - Object: 'Object Repository/ADMIN/Features Control/Booking Unit/a_Save Popup/button_Save' is clicked on

2019-05-28 14:07:44 - [TEST_STEP][PASSED] - waitForElementVisible: Object 'Object Repository/ADMIN/Features Control/Booking Unit/a_ToasterMessage/toaster_SaveSuccessfully' is visible

2019-05-28 14:07:44 - [MESSAGE][WARNING] - Timeout '0' is invalid. Using default page load timeout: '30'

2019-05-28 14:07:45 - [MESSAGE][PASSED] - Object 'Object Repository/ADMIN/Features Control/Booking Unit/a_ToasterMessage/toaster_SaveSuccessfully' is visible

2019-05-28 14:07:45 - [TEST_STEP][PASSED] - waitForElementNotPresent: Web element with id: 'Object Repository/ADMIN/Features Control/Booking Unit/a_ToasterMessage/toaster_SaveSuccessfully' located by 'By.xpath: //div[@class = 'toast toast-success' and (text() = 'Save successfully' or . = 'Save successfully')]' is not present after '30' second(s)

2019-05-28 14:07:45 - [MESSAGE][WARNING] - Timeout '0' is invalid. Using default page load timeout: '30'

2019-05-28 14:07:51 - [MESSAGE][PASSED] - Web element with id: 'Object Repository/ADMIN/Features Control/Booking Unit/a_ToasterMessage/toaster_SaveSuccessfully' located by 'By.xpath: //div[@class = 'toast toast-success' and (text() = 'Save successfully' or . = 'Save successfully')]' is not present after '30' second(s)]]></system-out>
         <system-err><![CDATA[]]></system-err>
      </testcase>
      <testcase name="Test Cases/ADMIN/Features Control/Booking Unit/Combination/Default/26Add_HourDayWeekMonth" classname="Test Cases/ADMIN/Features Control/Booking Unit/Combination/Default/26Add_HourDayWeekMonth" status="PASSED">
         <system-out><![CDATA[2019-05-28 14:07:51 - [TEST_CASE][PASSED] - Test Cases/ADMIN/Features Control/Booking Unit/Combination/Default/26Add_HourDayWeekMonth: Test Cases/ADMIN/Features Control/Booking Unit/Combination/Default/26Add_HourDayWeekMonth

2019-05-28 14:07:51 - [TEST_STEP][PASSED] - waitForElementVisible: Object 'Object Repository/ADMIN/Features Control/Advance Search/a_Features Control' is visible

2019-05-28 14:07:51 - [MESSAGE][WARNING] - Timeout '0' is invalid. Using default page load timeout: '30'

2019-05-28 14:07:51 - [MESSAGE][PASSED] - Object 'Object Repository/ADMIN/Features Control/Advance Search/a_Features Control' is visible

2019-05-28 14:07:51 - [TEST_STEP][PASSED] - click: Object: 'Object Repository/ADMIN/Features Control/Advance Search/a_Features Control' is clicked on

2019-05-28 14:07:51 - [MESSAGE][PASSED] - Object: 'Object Repository/ADMIN/Features Control/Advance Search/a_Features Control' is clicked on

2019-05-28 14:07:51 - [TEST_STEP][PASSED] - waitForElementVisible: Object 'Object Repository/ADMIN/Features Control/Booking Unit/button_Edit' is visible

2019-05-28 14:07:51 - [MESSAGE][WARNING] - Timeout '0' is invalid. Using default page load timeout: '30'

2019-05-28 14:07:52 - [MESSAGE][PASSED] - Object 'Object Repository/ADMIN/Features Control/Booking Unit/button_Edit' is visible

2019-05-28 14:07:52 - [TEST_STEP][PASSED] - click: Object: 'Object Repository/ADMIN/Features Control/Booking Unit/button_Edit' is clicked on

2019-05-28 14:07:52 - [MESSAGE][PASSED] - Object: 'Object Repository/ADMIN/Features Control/Booking Unit/button_Edit' is clicked on

2019-05-28 14:07:52 - [TEST_STEP][PASSED] - waitForElementVisible: Object 'Object Repository/ADMIN/Features Control/Booking Unit/icon1st_NewBookingUnit' is visible

2019-05-28 14:07:52 - [MESSAGE][WARNING] - Timeout '0' is invalid. Using default page load timeout: '30'

2019-05-28 14:07:52 - [MESSAGE][PASSED] - Object 'Object Repository/ADMIN/Features Control/Booking Unit/icon1st_NewBookingUnit' is visible

2019-05-28 14:07:52 - [TEST_STEP][PASSED] - verifyElementVisible: Object 'Object Repository/ADMIN/Features Control/Booking Unit/textlabel_NewBookingUnit' is visible

2019-05-28 14:07:52 - [MESSAGE][PASSED] - Object 'Object Repository/ADMIN/Features Control/Booking Unit/textlabel_NewBookingUnit' is visible

2019-05-28 14:07:52 - [TEST_STEP][PASSED] - delay: Delayed 1 second(s)

2019-05-28 14:07:53 - [MESSAGE][PASSED] - Delayed 1 second(s)

2019-05-28 14:07:53 - [TEST_STEP][PASSED] - click: Object: 'Object Repository/ADMIN/Features Control/Booking Unit/button_AddBookingUnit' is clicked on

2019-05-28 14:07:53 - [MESSAGE][PASSED] - Object: 'Object Repository/ADMIN/Features Control/Booking Unit/button_AddBookingUnit' is clicked on

2019-05-28 14:07:53 - [TEST_STEP][PASSED] - waitForElementVisible: Object 'Object Repository/ADMIN/Features Control/Booking Unit/a_Add New Booking Unit/textlabel_AddNewBookingUnit' is visible

2019-05-28 14:07:53 - [MESSAGE][WARNING] - Timeout '0' is invalid. Using default page load timeout: '30'

2019-05-28 14:07:53 - [MESSAGE][PASSED] - Object 'Object Repository/ADMIN/Features Control/Booking Unit/a_Add New Booking Unit/textlabel_AddNewBookingUnit' is visible

2019-05-28 14:07:53 - [TEST_STEP][PASSED] - delay: Delayed 1 second(s)

2019-05-28 14:07:54 - [MESSAGE][PASSED] - Delayed 1 second(s)

2019-05-28 14:07:54 - [TEST_STEP][PASSED] - setText: Text 'Day 26' is set on object 'Object Repository/ADMIN/Features Control/Booking Unit/a_Add New Booking Unit/textfield_UnitName'

2019-05-28 14:07:55 - [MESSAGE][PASSED] - Text 'Day 26' is set on object 'Object Repository/ADMIN/Features Control/Booking Unit/a_Add New Booking Unit/textfield_UnitName'

2019-05-28 14:07:55 - [TEST_STEP][PASSED] - delay: Delayed 1 second(s)

2019-05-28 14:07:56 - [MESSAGE][PASSED] - Delayed 1 second(s)

2019-05-28 14:07:56 - [TEST_STEP][PASSED] - click: Object: 'Object Repository/ADMIN/Features Control/Booking Unit/a_Add New Booking Unit/checkbox_Hour' is clicked on

2019-05-28 14:07:56 - [MESSAGE][PASSED] - Object: 'Object Repository/ADMIN/Features Control/Booking Unit/a_Add New Booking Unit/checkbox_Hour' is clicked on

2019-05-28 14:07:56 - [TEST_STEP][PASSED] - click: Object: 'Object Repository/ADMIN/Features Control/Booking Unit/a_Add New Booking Unit/checkbox_Day' is clicked on

2019-05-28 14:07:56 - [MESSAGE][PASSED] - Object: 'Object Repository/ADMIN/Features Control/Booking Unit/a_Add New Booking Unit/checkbox_Day' is clicked on

2019-05-28 14:07:56 - [TEST_STEP][PASSED] - click: Object: 'Object Repository/ADMIN/Features Control/Booking Unit/a_Add New Booking Unit/checkbox_Week' is clicked on

2019-05-28 14:07:56 - [MESSAGE][PASSED] - Object: 'Object Repository/ADMIN/Features Control/Booking Unit/a_Add New Booking Unit/checkbox_Week' is clicked on

2019-05-28 14:07:56 - [TEST_STEP][PASSED] - click: Object: 'Object Repository/ADMIN/Features Control/Booking Unit/a_Add New Booking Unit/checkbox_Month' is clicked on

2019-05-28 14:07:56 - [MESSAGE][PASSED] - Object: 'Object Repository/ADMIN/Features Control/Booking Unit/a_Add New Booking Unit/checkbox_Month' is clicked on

2019-05-28 14:07:56 - [TEST_STEP][PASSED] - click: Object: 'Object Repository/ADMIN/Features Control/Booking Unit/a_Add New Booking Unit/button_Save' is clicked on

2019-05-28 14:07:56 - [MESSAGE][PASSED] - Object: 'Object Repository/ADMIN/Features Control/Booking Unit/a_Add New Booking Unit/button_Save' is clicked on

2019-05-28 14:07:56 - [TEST_STEP][PASSED] - delay: Delayed 1 second(s)

2019-05-28 14:07:57 - [MESSAGE][PASSED] - Delayed 1 second(s)

2019-05-28 14:07:57 - [TEST_STEP][PASSED] - click: Object: 'Object Repository/ADMIN/Features Control/Booking Unit/topbutton_Save' is clicked on

2019-05-28 14:07:57 - [MESSAGE][PASSED] - Object: 'Object Repository/ADMIN/Features Control/Booking Unit/topbutton_Save' is clicked on

2019-05-28 14:07:57 - [TEST_STEP][PASSED] - waitForElementVisible: Object 'Object Repository/ADMIN/Features Control/Booking Unit/a_Save Popup/button_Save' is visible

2019-05-28 14:07:57 - [MESSAGE][WARNING] - Timeout '0' is invalid. Using default page load timeout: '30'

2019-05-28 14:07:57 - [MESSAGE][PASSED] - Object 'Object Repository/ADMIN/Features Control/Booking Unit/a_Save Popup/button_Save' is visible

2019-05-28 14:07:57 - [TEST_STEP][PASSED] - click: Object: 'Object Repository/ADMIN/Features Control/Booking Unit/a_Save Popup/button_Save' is clicked on

2019-05-28 14:07:57 - [MESSAGE][PASSED] - Object: 'Object Repository/ADMIN/Features Control/Booking Unit/a_Save Popup/button_Save' is clicked on

2019-05-28 14:07:57 - [TEST_STEP][PASSED] - waitForElementVisible: Object 'Object Repository/ADMIN/Features Control/Booking Unit/a_ToasterMessage/toaster_SaveSuccessfully' is visible

2019-05-28 14:07:57 - [MESSAGE][WARNING] - Timeout '0' is invalid. Using default page load timeout: '30'

2019-05-28 14:07:58 - [MESSAGE][PASSED] - Object 'Object Repository/ADMIN/Features Control/Booking Unit/a_ToasterMessage/toaster_SaveSuccessfully' is visible

2019-05-28 14:07:58 - [TEST_STEP][PASSED] - waitForElementNotPresent: Web element with id: 'Object Repository/ADMIN/Features Control/Booking Unit/a_ToasterMessage/toaster_SaveSuccessfully' located by 'By.xpath: //div[@class = 'toast toast-success' and (text() = 'Save successfully' or . = 'Save successfully')]' is not present after '30' second(s)

2019-05-28 14:07:58 - [MESSAGE][WARNING] - Timeout '0' is invalid. Using default page load timeout: '30'

2019-05-28 14:08:04 - [MESSAGE][PASSED] - Web element with id: 'Object Repository/ADMIN/Features Control/Booking Unit/a_ToasterMessage/toaster_SaveSuccessfully' located by 'By.xpath: //div[@class = 'toast toast-success' and (text() = 'Save successfully' or . = 'Save successfully')]' is not present after '30' second(s)]]></system-out>
         <system-err><![CDATA[]]></system-err>
      </testcase>
      <testcase name="Test Cases/ADMIN/Features Control/Booking Unit/Combination/Default/27Add_HourDayWeekCustom" classname="Test Cases/ADMIN/Features Control/Booking Unit/Combination/Default/27Add_HourDayWeekCustom" status="PASSED">
         <system-out><![CDATA[2019-05-28 14:08:04 - [TEST_CASE][PASSED] - Test Cases/ADMIN/Features Control/Booking Unit/Combination/Default/27Add_HourDayWeekCustom: Test Cases/ADMIN/Features Control/Booking Unit/Combination/Default/27Add_HourDayWeekCustom

2019-05-28 14:08:04 - [TEST_STEP][PASSED] - waitForElementVisible: Object 'Object Repository/ADMIN/Features Control/Advance Search/a_Features Control' is visible

2019-05-28 14:08:04 - [MESSAGE][WARNING] - Timeout '0' is invalid. Using default page load timeout: '30'

2019-05-28 14:08:04 - [MESSAGE][PASSED] - Object 'Object Repository/ADMIN/Features Control/Advance Search/a_Features Control' is visible

2019-05-28 14:08:04 - [TEST_STEP][PASSED] - click: Object: 'Object Repository/ADMIN/Features Control/Advance Search/a_Features Control' is clicked on

2019-05-28 14:08:05 - [MESSAGE][PASSED] - Object: 'Object Repository/ADMIN/Features Control/Advance Search/a_Features Control' is clicked on

2019-05-28 14:08:05 - [TEST_STEP][PASSED] - waitForElementVisible: Object 'Object Repository/ADMIN/Features Control/Booking Unit/button_Edit' is visible

2019-05-28 14:08:05 - [MESSAGE][WARNING] - Timeout '0' is invalid. Using default page load timeout: '30'

2019-05-28 14:08:05 - [MESSAGE][PASSED] - Object 'Object Repository/ADMIN/Features Control/Booking Unit/button_Edit' is visible

2019-05-28 14:08:05 - [TEST_STEP][PASSED] - click: Object: 'Object Repository/ADMIN/Features Control/Booking Unit/button_Edit' is clicked on

2019-05-28 14:08:07 - [MESSAGE][PASSED] - Object: 'Object Repository/ADMIN/Features Control/Booking Unit/button_Edit' is clicked on

2019-05-28 14:08:07 - [TEST_STEP][PASSED] - waitForElementVisible: Object 'Object Repository/ADMIN/Features Control/Booking Unit/icon1st_NewBookingUnit' is visible

2019-05-28 14:08:07 - [MESSAGE][WARNING] - Timeout '0' is invalid. Using default page load timeout: '30'

2019-05-28 14:08:07 - [MESSAGE][PASSED] - Object 'Object Repository/ADMIN/Features Control/Booking Unit/icon1st_NewBookingUnit' is visible

2019-05-28 14:08:07 - [TEST_STEP][PASSED] - verifyElementVisible: Object 'Object Repository/ADMIN/Features Control/Booking Unit/textlabel_NewBookingUnit' is visible

2019-05-28 14:08:08 - [MESSAGE][PASSED] - Object 'Object Repository/ADMIN/Features Control/Booking Unit/textlabel_NewBookingUnit' is visible

2019-05-28 14:08:08 - [TEST_STEP][PASSED] - delay: Delayed 1 second(s)

2019-05-28 14:08:09 - [MESSAGE][PASSED] - Delayed 1 second(s)

2019-05-28 14:08:09 - [TEST_STEP][PASSED] - click: Object: 'Object Repository/ADMIN/Features Control/Booking Unit/button_AddBookingUnit' is clicked on

2019-05-28 14:08:09 - [MESSAGE][PASSED] - Object: 'Object Repository/ADMIN/Features Control/Booking Unit/button_AddBookingUnit' is clicked on

2019-05-28 14:08:09 - [TEST_STEP][PASSED] - waitForElementVisible: Object 'Object Repository/ADMIN/Features Control/Booking Unit/a_Add New Booking Unit/textlabel_AddNewBookingUnit' is visible

2019-05-28 14:08:09 - [MESSAGE][WARNING] - Timeout '0' is invalid. Using default page load timeout: '30'

2019-05-28 14:08:09 - [MESSAGE][PASSED] - Object 'Object Repository/ADMIN/Features Control/Booking Unit/a_Add New Booking Unit/textlabel_AddNewBookingUnit' is visible

2019-05-28 14:08:09 - [TEST_STEP][PASSED] - delay: Delayed 1 second(s)

2019-05-28 14:08:10 - [MESSAGE][PASSED] - Delayed 1 second(s)

2019-05-28 14:08:10 - [TEST_STEP][PASSED] - setText: Text 'Day 27' is set on object 'Object Repository/ADMIN/Features Control/Booking Unit/a_Add New Booking Unit/textfield_UnitName'

2019-05-28 14:08:10 - [MESSAGE][PASSED] - Text 'Day 27' is set on object 'Object Repository/ADMIN/Features Control/Booking Unit/a_Add New Booking Unit/textfield_UnitName'

2019-05-28 14:08:10 - [TEST_STEP][PASSED] - delay: Delayed 1 second(s)

2019-05-28 14:08:11 - [MESSAGE][PASSED] - Delayed 1 second(s)

2019-05-28 14:08:11 - [TEST_STEP][PASSED] - click: Object: 'Object Repository/ADMIN/Features Control/Booking Unit/a_Add New Booking Unit/checkbox_Hour' is clicked on

2019-05-28 14:08:11 - [MESSAGE][PASSED] - Object: 'Object Repository/ADMIN/Features Control/Booking Unit/a_Add New Booking Unit/checkbox_Hour' is clicked on

2019-05-28 14:08:11 - [TEST_STEP][PASSED] - click: Object: 'Object Repository/ADMIN/Features Control/Booking Unit/a_Add New Booking Unit/checkbox_Day' is clicked on

2019-05-28 14:08:11 - [MESSAGE][PASSED] - Object: 'Object Repository/ADMIN/Features Control/Booking Unit/a_Add New Booking Unit/checkbox_Day' is clicked on

2019-05-28 14:08:11 - [TEST_STEP][PASSED] - click: Object: 'Object Repository/ADMIN/Features Control/Booking Unit/a_Add New Booking Unit/checkbox_Week' is clicked on

2019-05-28 14:08:11 - [MESSAGE][PASSED] - Object: 'Object Repository/ADMIN/Features Control/Booking Unit/a_Add New Booking Unit/checkbox_Week' is clicked on

2019-05-28 14:08:11 - [TEST_STEP][PASSED] - click: Object: 'Object Repository/ADMIN/Features Control/Booking Unit/a_Add New Booking Unit/checkbox_Custom' is clicked on

2019-05-28 14:08:11 - [MESSAGE][PASSED] - Object: 'Object Repository/ADMIN/Features Control/Booking Unit/a_Add New Booking Unit/checkbox_Custom' is clicked on

2019-05-28 14:08:11 - [TEST_STEP][PASSED] - click: Object: 'Object Repository/ADMIN/Features Control/Booking Unit/a_Add New Booking Unit/button_Save' is clicked on

2019-05-28 14:08:11 - [MESSAGE][PASSED] - Object: 'Object Repository/ADMIN/Features Control/Booking Unit/a_Add New Booking Unit/button_Save' is clicked on

2019-05-28 14:08:11 - [TEST_STEP][PASSED] - delay: Delayed 1 second(s)

2019-05-28 14:08:12 - [MESSAGE][PASSED] - Delayed 1 second(s)

2019-05-28 14:08:12 - [TEST_STEP][PASSED] - click: Object: 'Object Repository/ADMIN/Features Control/Booking Unit/topbutton_Save' is clicked on

2019-05-28 14:08:18 - [MESSAGE][PASSED] - Object: 'Object Repository/ADMIN/Features Control/Booking Unit/topbutton_Save' is clicked on

2019-05-28 14:08:18 - [TEST_STEP][PASSED] - waitForElementVisible: Object 'Object Repository/ADMIN/Features Control/Booking Unit/a_Save Popup/button_Save' is visible

2019-05-28 14:08:18 - [MESSAGE][WARNING] - Timeout '0' is invalid. Using default page load timeout: '30'

2019-05-28 14:08:18 - [MESSAGE][PASSED] - Object 'Object Repository/ADMIN/Features Control/Booking Unit/a_Save Popup/button_Save' is visible

2019-05-28 14:08:18 - [TEST_STEP][PASSED] - click: Object: 'Object Repository/ADMIN/Features Control/Booking Unit/a_Save Popup/button_Save' is clicked on

2019-05-28 14:08:18 - [MESSAGE][PASSED] - Object: 'Object Repository/ADMIN/Features Control/Booking Unit/a_Save Popup/button_Save' is clicked on

2019-05-28 14:08:18 - [TEST_STEP][PASSED] - waitForElementVisible: Object 'Object Repository/ADMIN/Features Control/Booking Unit/a_ToasterMessage/toaster_SaveSuccessfully' is visible

2019-05-28 14:08:18 - [MESSAGE][WARNING] - Timeout '0' is invalid. Using default page load timeout: '30'

2019-05-28 14:08:18 - [MESSAGE][PASSED] - Object 'Object Repository/ADMIN/Features Control/Booking Unit/a_ToasterMessage/toaster_SaveSuccessfully' is visible

2019-05-28 14:08:18 - [TEST_STEP][PASSED] - waitForElementNotPresent: Web element with id: 'Object Repository/ADMIN/Features Control/Booking Unit/a_ToasterMessage/toaster_SaveSuccessfully' located by 'By.xpath: //div[@class = 'toast toast-success' and (text() = 'Save successfully' or . = 'Save successfully')]' is not present after '30' second(s)

2019-05-28 14:08:18 - [MESSAGE][WARNING] - Timeout '0' is invalid. Using default page load timeout: '30'

2019-05-28 14:08:24 - [MESSAGE][PASSED] - Web element with id: 'Object Repository/ADMIN/Features Control/Booking Unit/a_ToasterMessage/toaster_SaveSuccessfully' located by 'By.xpath: //div[@class = 'toast toast-success' and (text() = 'Save successfully' or . = 'Save successfully')]' is not present after '30' second(s)]]></system-out>
         <system-err><![CDATA[]]></system-err>
      </testcase>
      <testcase name="Test Cases/ADMIN/Features Control/Booking Unit/Combination/Default/28Add_HourDayMonthCustom" classname="Test Cases/ADMIN/Features Control/Booking Unit/Combination/Default/28Add_HourDayMonthCustom" status="PASSED">
         <system-out><![CDATA[2019-05-28 14:08:24 - [TEST_CASE][PASSED] - Test Cases/ADMIN/Features Control/Booking Unit/Combination/Default/28Add_HourDayMonthCustom: Test Cases/ADMIN/Features Control/Booking Unit/Combination/Default/28Add_HourDayMonthCustom

2019-05-28 14:08:24 - [TEST_STEP][PASSED] - waitForElementVisible: Object 'Object Repository/ADMIN/Features Control/Advance Search/a_Features Control' is visible

2019-05-28 14:08:24 - [MESSAGE][WARNING] - Timeout '0' is invalid. Using default page load timeout: '30'

2019-05-28 14:08:24 - [MESSAGE][PASSED] - Object 'Object Repository/ADMIN/Features Control/Advance Search/a_Features Control' is visible

2019-05-28 14:08:24 - [TEST_STEP][PASSED] - click: Object: 'Object Repository/ADMIN/Features Control/Advance Search/a_Features Control' is clicked on

2019-05-28 14:08:25 - [MESSAGE][PASSED] - Object: 'Object Repository/ADMIN/Features Control/Advance Search/a_Features Control' is clicked on

2019-05-28 14:08:25 - [TEST_STEP][PASSED] - waitForElementVisible: Object 'Object Repository/ADMIN/Features Control/Booking Unit/button_Edit' is visible

2019-05-28 14:08:25 - [MESSAGE][WARNING] - Timeout '0' is invalid. Using default page load timeout: '30'

2019-05-28 14:08:25 - [MESSAGE][PASSED] - Object 'Object Repository/ADMIN/Features Control/Booking Unit/button_Edit' is visible

2019-05-28 14:08:25 - [TEST_STEP][PASSED] - click: Object: 'Object Repository/ADMIN/Features Control/Booking Unit/button_Edit' is clicked on

2019-05-28 14:08:26 - [MESSAGE][PASSED] - Object: 'Object Repository/ADMIN/Features Control/Booking Unit/button_Edit' is clicked on

2019-05-28 14:08:26 - [TEST_STEP][PASSED] - waitForElementVisible: Object 'Object Repository/ADMIN/Features Control/Booking Unit/icon1st_NewBookingUnit' is visible

2019-05-28 14:08:26 - [MESSAGE][WARNING] - Timeout '0' is invalid. Using default page load timeout: '30'

2019-05-28 14:08:26 - [MESSAGE][PASSED] - Object 'Object Repository/ADMIN/Features Control/Booking Unit/icon1st_NewBookingUnit' is visible

2019-05-28 14:08:26 - [TEST_STEP][PASSED] - verifyElementVisible: Object 'Object Repository/ADMIN/Features Control/Booking Unit/textlabel_NewBookingUnit' is visible

2019-05-28 14:08:26 - [MESSAGE][PASSED] - Object 'Object Repository/ADMIN/Features Control/Booking Unit/textlabel_NewBookingUnit' is visible

2019-05-28 14:08:26 - [TEST_STEP][PASSED] - delay: Delayed 1 second(s)

2019-05-28 14:08:27 - [MESSAGE][PASSED] - Delayed 1 second(s)

2019-05-28 14:08:27 - [TEST_STEP][PASSED] - click: Object: 'Object Repository/ADMIN/Features Control/Booking Unit/button_AddBookingUnit' is clicked on

2019-05-28 14:08:27 - [MESSAGE][PASSED] - Object: 'Object Repository/ADMIN/Features Control/Booking Unit/button_AddBookingUnit' is clicked on

2019-05-28 14:08:27 - [TEST_STEP][PASSED] - waitForElementVisible: Object 'Object Repository/ADMIN/Features Control/Booking Unit/a_Add New Booking Unit/textlabel_AddNewBookingUnit' is visible

2019-05-28 14:08:27 - [MESSAGE][WARNING] - Timeout '0' is invalid. Using default page load timeout: '30'

2019-05-28 14:08:27 - [MESSAGE][PASSED] - Object 'Object Repository/ADMIN/Features Control/Booking Unit/a_Add New Booking Unit/textlabel_AddNewBookingUnit' is visible

2019-05-28 14:08:27 - [TEST_STEP][PASSED] - delay: Delayed 1 second(s)

2019-05-28 14:08:28 - [MESSAGE][PASSED] - Delayed 1 second(s)

2019-05-28 14:08:28 - [TEST_STEP][PASSED] - setText: Text 'Day 28' is set on object 'Object Repository/ADMIN/Features Control/Booking Unit/a_Add New Booking Unit/textfield_UnitName'

2019-05-28 14:08:28 - [MESSAGE][PASSED] - Text 'Day 28' is set on object 'Object Repository/ADMIN/Features Control/Booking Unit/a_Add New Booking Unit/textfield_UnitName'

2019-05-28 14:08:28 - [TEST_STEP][PASSED] - delay: Delayed 1 second(s)

2019-05-28 14:08:29 - [MESSAGE][PASSED] - Delayed 1 second(s)

2019-05-28 14:08:29 - [TEST_STEP][PASSED] - click: Object: 'Object Repository/ADMIN/Features Control/Booking Unit/a_Add New Booking Unit/checkbox_Hour' is clicked on

2019-05-28 14:08:30 - [MESSAGE][PASSED] - Object: 'Object Repository/ADMIN/Features Control/Booking Unit/a_Add New Booking Unit/checkbox_Hour' is clicked on

2019-05-28 14:08:30 - [TEST_STEP][PASSED] - click: Object: 'Object Repository/ADMIN/Features Control/Booking Unit/a_Add New Booking Unit/checkbox_Day' is clicked on

2019-05-28 14:08:30 - [MESSAGE][PASSED] - Object: 'Object Repository/ADMIN/Features Control/Booking Unit/a_Add New Booking Unit/checkbox_Day' is clicked on

2019-05-28 14:08:30 - [TEST_STEP][PASSED] - click: Object: 'Object Repository/ADMIN/Features Control/Booking Unit/a_Add New Booking Unit/checkbox_Month' is clicked on

2019-05-28 14:08:30 - [MESSAGE][PASSED] - Object: 'Object Repository/ADMIN/Features Control/Booking Unit/a_Add New Booking Unit/checkbox_Month' is clicked on

2019-05-28 14:08:30 - [TEST_STEP][PASSED] - click: Object: 'Object Repository/ADMIN/Features Control/Booking Unit/a_Add New Booking Unit/checkbox_Custom' is clicked on

2019-05-28 14:08:30 - [MESSAGE][PASSED] - Object: 'Object Repository/ADMIN/Features Control/Booking Unit/a_Add New Booking Unit/checkbox_Custom' is clicked on

2019-05-28 14:08:30 - [TEST_STEP][PASSED] - click: Object: 'Object Repository/ADMIN/Features Control/Booking Unit/a_Add New Booking Unit/button_Save' is clicked on

2019-05-28 14:08:30 - [MESSAGE][PASSED] - Object: 'Object Repository/ADMIN/Features Control/Booking Unit/a_Add New Booking Unit/button_Save' is clicked on

2019-05-28 14:08:30 - [TEST_STEP][PASSED] - delay: Delayed 1 second(s)

2019-05-28 14:08:31 - [MESSAGE][PASSED] - Delayed 1 second(s)

2019-05-28 14:08:31 - [TEST_STEP][PASSED] - click: Object: 'Object Repository/ADMIN/Features Control/Booking Unit/topbutton_Save' is clicked on

2019-05-28 14:08:31 - [MESSAGE][PASSED] - Object: 'Object Repository/ADMIN/Features Control/Booking Unit/topbutton_Save' is clicked on

2019-05-28 14:08:31 - [TEST_STEP][PASSED] - waitForElementVisible: Object 'Object Repository/ADMIN/Features Control/Booking Unit/a_Save Popup/button_Save' is visible

2019-05-28 14:08:31 - [MESSAGE][WARNING] - Timeout '0' is invalid. Using default page load timeout: '30'

2019-05-28 14:08:31 - [MESSAGE][PASSED] - Object 'Object Repository/ADMIN/Features Control/Booking Unit/a_Save Popup/button_Save' is visible

2019-05-28 14:08:31 - [TEST_STEP][PASSED] - click: Object: 'Object Repository/ADMIN/Features Control/Booking Unit/a_Save Popup/button_Save' is clicked on

2019-05-28 14:08:31 - [MESSAGE][PASSED] - Object: 'Object Repository/ADMIN/Features Control/Booking Unit/a_Save Popup/button_Save' is clicked on

2019-05-28 14:08:31 - [TEST_STEP][PASSED] - waitForElementVisible: Object 'Object Repository/ADMIN/Features Control/Booking Unit/a_ToasterMessage/toaster_SaveSuccessfully' is visible

2019-05-28 14:08:31 - [MESSAGE][WARNING] - Timeout '0' is invalid. Using default page load timeout: '30'

2019-05-28 14:08:32 - [MESSAGE][PASSED] - Object 'Object Repository/ADMIN/Features Control/Booking Unit/a_ToasterMessage/toaster_SaveSuccessfully' is visible

2019-05-28 14:08:32 - [TEST_STEP][PASSED] - waitForElementNotPresent: Web element with id: 'Object Repository/ADMIN/Features Control/Booking Unit/a_ToasterMessage/toaster_SaveSuccessfully' located by 'By.xpath: //div[@class = 'toast toast-success' and (text() = 'Save successfully' or . = 'Save successfully')]' is not present after '30' second(s)

2019-05-28 14:08:32 - [MESSAGE][WARNING] - Timeout '0' is invalid. Using default page load timeout: '30'

2019-05-28 14:08:37 - [MESSAGE][PASSED] - Web element with id: 'Object Repository/ADMIN/Features Control/Booking Unit/a_ToasterMessage/toaster_SaveSuccessfully' located by 'By.xpath: //div[@class = 'toast toast-success' and (text() = 'Save successfully' or . = 'Save successfully')]' is not present after '30' second(s)]]></system-out>
         <system-err><![CDATA[]]></system-err>
      </testcase>
      <testcase name="Test Cases/ADMIN/Features Control/Booking Unit/Combination/Default/29Add_HourWeekMonthCustom" classname="Test Cases/ADMIN/Features Control/Booking Unit/Combination/Default/29Add_HourWeekMonthCustom" status="PASSED">
         <system-out><![CDATA[2019-05-28 14:08:37 - [TEST_CASE][PASSED] - Test Cases/ADMIN/Features Control/Booking Unit/Combination/Default/29Add_HourWeekMonthCustom: Test Cases/ADMIN/Features Control/Booking Unit/Combination/Default/29Add_HourWeekMonthCustom

2019-05-28 14:08:38 - [TEST_STEP][PASSED] - waitForElementVisible: Object 'Object Repository/ADMIN/Features Control/Advance Search/a_Features Control' is visible

2019-05-28 14:08:38 - [MESSAGE][WARNING] - Timeout '0' is invalid. Using default page load timeout: '30'

2019-05-28 14:08:38 - [MESSAGE][PASSED] - Object 'Object Repository/ADMIN/Features Control/Advance Search/a_Features Control' is visible

2019-05-28 14:08:38 - [TEST_STEP][PASSED] - click: Object: 'Object Repository/ADMIN/Features Control/Advance Search/a_Features Control' is clicked on

2019-05-28 14:08:38 - [MESSAGE][PASSED] - Object: 'Object Repository/ADMIN/Features Control/Advance Search/a_Features Control' is clicked on

2019-05-28 14:08:38 - [TEST_STEP][PASSED] - waitForElementVisible: Object 'Object Repository/ADMIN/Features Control/Booking Unit/button_Edit' is visible

2019-05-28 14:08:38 - [MESSAGE][WARNING] - Timeout '0' is invalid. Using default page load timeout: '30'

2019-05-28 14:08:38 - [MESSAGE][PASSED] - Object 'Object Repository/ADMIN/Features Control/Booking Unit/button_Edit' is visible

2019-05-28 14:08:38 - [TEST_STEP][PASSED] - click: Object: 'Object Repository/ADMIN/Features Control/Booking Unit/button_Edit' is clicked on

2019-05-28 14:08:39 - [MESSAGE][PASSED] - Object: 'Object Repository/ADMIN/Features Control/Booking Unit/button_Edit' is clicked on

2019-05-28 14:08:39 - [TEST_STEP][PASSED] - waitForElementVisible: Object 'Object Repository/ADMIN/Features Control/Booking Unit/icon1st_NewBookingUnit' is visible

2019-05-28 14:08:39 - [MESSAGE][WARNING] - Timeout '0' is invalid. Using default page load timeout: '30'

2019-05-28 14:08:39 - [MESSAGE][PASSED] - Object 'Object Repository/ADMIN/Features Control/Booking Unit/icon1st_NewBookingUnit' is visible

2019-05-28 14:08:39 - [TEST_STEP][PASSED] - verifyElementVisible: Object 'Object Repository/ADMIN/Features Control/Booking Unit/textlabel_NewBookingUnit' is visible

2019-05-28 14:08:39 - [MESSAGE][PASSED] - Object 'Object Repository/ADMIN/Features Control/Booking Unit/textlabel_NewBookingUnit' is visible

2019-05-28 14:08:39 - [TEST_STEP][PASSED] - delay: Delayed 1 second(s)

2019-05-28 14:08:40 - [MESSAGE][PASSED] - Delayed 1 second(s)

2019-05-28 14:08:40 - [TEST_STEP][PASSED] - click: Object: 'Object Repository/ADMIN/Features Control/Booking Unit/button_AddBookingUnit' is clicked on

2019-05-28 14:08:40 - [MESSAGE][PASSED] - Object: 'Object Repository/ADMIN/Features Control/Booking Unit/button_AddBookingUnit' is clicked on

2019-05-28 14:08:40 - [TEST_STEP][PASSED] - waitForElementVisible: Object 'Object Repository/ADMIN/Features Control/Booking Unit/a_Add New Booking Unit/textlabel_AddNewBookingUnit' is visible

2019-05-28 14:08:40 - [MESSAGE][WARNING] - Timeout '0' is invalid. Using default page load timeout: '30'

2019-05-28 14:08:40 - [MESSAGE][PASSED] - Object 'Object Repository/ADMIN/Features Control/Booking Unit/a_Add New Booking Unit/textlabel_AddNewBookingUnit' is visible

2019-05-28 14:08:40 - [TEST_STEP][PASSED] - delay: Delayed 1 second(s)

2019-05-28 14:08:41 - [MESSAGE][PASSED] - Delayed 1 second(s)

2019-05-28 14:08:41 - [TEST_STEP][PASSED] - setText: Text 'Day 29' is set on object 'Object Repository/ADMIN/Features Control/Booking Unit/a_Add New Booking Unit/textfield_UnitName'

2019-05-28 14:08:42 - [MESSAGE][PASSED] - Text 'Day 29' is set on object 'Object Repository/ADMIN/Features Control/Booking Unit/a_Add New Booking Unit/textfield_UnitName'

2019-05-28 14:08:42 - [TEST_STEP][PASSED] - delay: Delayed 1 second(s)

2019-05-28 14:08:43 - [MESSAGE][PASSED] - Delayed 1 second(s)

2019-05-28 14:08:43 - [TEST_STEP][PASSED] - click: Object: 'Object Repository/ADMIN/Features Control/Booking Unit/a_Add New Booking Unit/checkbox_Hour' is clicked on

2019-05-28 14:08:43 - [MESSAGE][PASSED] - Object: 'Object Repository/ADMIN/Features Control/Booking Unit/a_Add New Booking Unit/checkbox_Hour' is clicked on

2019-05-28 14:08:43 - [TEST_STEP][PASSED] - click: Object: 'Object Repository/ADMIN/Features Control/Booking Unit/a_Add New Booking Unit/checkbox_Week' is clicked on

2019-05-28 14:08:43 - [MESSAGE][PASSED] - Object: 'Object Repository/ADMIN/Features Control/Booking Unit/a_Add New Booking Unit/checkbox_Week' is clicked on

2019-05-28 14:08:43 - [TEST_STEP][PASSED] - click: Object: 'Object Repository/ADMIN/Features Control/Booking Unit/a_Add New Booking Unit/checkbox_Month' is clicked on

2019-05-28 14:08:43 - [MESSAGE][PASSED] - Object: 'Object Repository/ADMIN/Features Control/Booking Unit/a_Add New Booking Unit/checkbox_Month' is clicked on

2019-05-28 14:08:43 - [TEST_STEP][PASSED] - click: Object: 'Object Repository/ADMIN/Features Control/Booking Unit/a_Add New Booking Unit/checkbox_Custom' is clicked on

2019-05-28 14:08:43 - [MESSAGE][PASSED] - Object: 'Object Repository/ADMIN/Features Control/Booking Unit/a_Add New Booking Unit/checkbox_Custom' is clicked on

2019-05-28 14:08:43 - [TEST_STEP][PASSED] - click: Object: 'Object Repository/ADMIN/Features Control/Booking Unit/a_Add New Booking Unit/button_Save' is clicked on

2019-05-28 14:08:43 - [MESSAGE][PASSED] - Object: 'Object Repository/ADMIN/Features Control/Booking Unit/a_Add New Booking Unit/button_Save' is clicked on

2019-05-28 14:08:43 - [TEST_STEP][PASSED] - delay: Delayed 1 second(s)

2019-05-28 14:08:44 - [MESSAGE][PASSED] - Delayed 1 second(s)

2019-05-28 14:08:44 - [TEST_STEP][PASSED] - click: Object: 'Object Repository/ADMIN/Features Control/Booking Unit/topbutton_Save' is clicked on

2019-05-28 14:08:44 - [MESSAGE][PASSED] - Object: 'Object Repository/ADMIN/Features Control/Booking Unit/topbutton_Save' is clicked on

2019-05-28 14:08:44 - [TEST_STEP][PASSED] - waitForElementVisible: Object 'Object Repository/ADMIN/Features Control/Booking Unit/a_Save Popup/button_Save' is visible

2019-05-28 14:08:44 - [MESSAGE][WARNING] - Timeout '0' is invalid. Using default page load timeout: '30'

2019-05-28 14:08:44 - [MESSAGE][PASSED] - Object 'Object Repository/ADMIN/Features Control/Booking Unit/a_Save Popup/button_Save' is visible

2019-05-28 14:08:44 - [TEST_STEP][PASSED] - click: Object: 'Object Repository/ADMIN/Features Control/Booking Unit/a_Save Popup/button_Save' is clicked on

2019-05-28 14:08:44 - [MESSAGE][PASSED] - Object: 'Object Repository/ADMIN/Features Control/Booking Unit/a_Save Popup/button_Save' is clicked on

2019-05-28 14:08:44 - [TEST_STEP][PASSED] - waitForElementVisible: Object 'Object Repository/ADMIN/Features Control/Booking Unit/a_ToasterMessage/toaster_SaveSuccessfully' is visible

2019-05-28 14:08:44 - [MESSAGE][WARNING] - Timeout '0' is invalid. Using default page load timeout: '30'

2019-05-28 14:08:45 - [MESSAGE][PASSED] - Object 'Object Repository/ADMIN/Features Control/Booking Unit/a_ToasterMessage/toaster_SaveSuccessfully' is visible

2019-05-28 14:08:45 - [TEST_STEP][PASSED] - waitForElementNotPresent: Web element with id: 'Object Repository/ADMIN/Features Control/Booking Unit/a_ToasterMessage/toaster_SaveSuccessfully' located by 'By.xpath: //div[@class = 'toast toast-success' and (text() = 'Save successfully' or . = 'Save successfully')]' is not present after '30' second(s)

2019-05-28 14:08:45 - [MESSAGE][WARNING] - Timeout '0' is invalid. Using default page load timeout: '30'

2019-05-28 14:08:51 - [MESSAGE][PASSED] - Web element with id: 'Object Repository/ADMIN/Features Control/Booking Unit/a_ToasterMessage/toaster_SaveSuccessfully' located by 'By.xpath: //div[@class = 'toast toast-success' and (text() = 'Save successfully' or . = 'Save successfully')]' is not present after '30' second(s)]]></system-out>
         <system-err><![CDATA[]]></system-err>
      </testcase>
      <testcase name="Test Cases/ADMIN/Features Control/Booking Unit/Combination/Default/30Add_DayCustomWeekMonth" classname="Test Cases/ADMIN/Features Control/Booking Unit/Combination/Default/30Add_DayCustomWeekMonth" status="PASSED">
         <system-out><![CDATA[2019-05-28 14:08:51 - [TEST_CASE][PASSED] - Test Cases/ADMIN/Features Control/Booking Unit/Combination/Default/30Add_DayCustomWeekMonth: Test Cases/ADMIN/Features Control/Booking Unit/Combination/Default/30Add_DayCustomWeekMonth

2019-05-28 14:08:51 - [TEST_STEP][PASSED] - waitForElementVisible: Object 'Object Repository/ADMIN/Features Control/Advance Search/a_Features Control' is visible

2019-05-28 14:08:51 - [MESSAGE][WARNING] - Timeout '0' is invalid. Using default page load timeout: '30'

2019-05-28 14:08:51 - [MESSAGE][PASSED] - Object 'Object Repository/ADMIN/Features Control/Advance Search/a_Features Control' is visible

2019-05-28 14:08:51 - [TEST_STEP][PASSED] - click: Object: 'Object Repository/ADMIN/Features Control/Advance Search/a_Features Control' is clicked on

2019-05-28 14:08:52 - [MESSAGE][PASSED] - Object: 'Object Repository/ADMIN/Features Control/Advance Search/a_Features Control' is clicked on

2019-05-28 14:08:52 - [TEST_STEP][PASSED] - waitForElementVisible: Object 'Object Repository/ADMIN/Features Control/Booking Unit/button_Edit' is visible

2019-05-28 14:08:52 - [MESSAGE][WARNING] - Timeout '0' is invalid. Using default page load timeout: '30'

2019-05-28 14:08:52 - [MESSAGE][PASSED] - Object 'Object Repository/ADMIN/Features Control/Booking Unit/button_Edit' is visible

2019-05-28 14:08:52 - [TEST_STEP][PASSED] - click: Object: 'Object Repository/ADMIN/Features Control/Booking Unit/button_Edit' is clicked on

2019-05-28 14:08:53 - [MESSAGE][PASSED] - Object: 'Object Repository/ADMIN/Features Control/Booking Unit/button_Edit' is clicked on

2019-05-28 14:08:53 - [TEST_STEP][PASSED] - waitForElementVisible: Object 'Object Repository/ADMIN/Features Control/Booking Unit/icon1st_NewBookingUnit' is visible

2019-05-28 14:08:53 - [MESSAGE][WARNING] - Timeout '0' is invalid. Using default page load timeout: '30'

2019-05-28 14:08:53 - [MESSAGE][PASSED] - Object 'Object Repository/ADMIN/Features Control/Booking Unit/icon1st_NewBookingUnit' is visible

2019-05-28 14:08:53 - [TEST_STEP][PASSED] - verifyElementVisible: Object 'Object Repository/ADMIN/Features Control/Booking Unit/textlabel_NewBookingUnit' is visible

2019-05-28 14:08:53 - [MESSAGE][PASSED] - Object 'Object Repository/ADMIN/Features Control/Booking Unit/textlabel_NewBookingUnit' is visible

2019-05-28 14:08:53 - [TEST_STEP][PASSED] - delay: Delayed 1 second(s)

2019-05-28 14:08:54 - [MESSAGE][PASSED] - Delayed 1 second(s)

2019-05-28 14:08:54 - [TEST_STEP][PASSED] - click: Object: 'Object Repository/ADMIN/Features Control/Booking Unit/button_AddBookingUnit' is clicked on

2019-05-28 14:08:54 - [MESSAGE][PASSED] - Object: 'Object Repository/ADMIN/Features Control/Booking Unit/button_AddBookingUnit' is clicked on

2019-05-28 14:08:54 - [TEST_STEP][PASSED] - waitForElementVisible: Object 'Object Repository/ADMIN/Features Control/Booking Unit/a_Add New Booking Unit/textlabel_AddNewBookingUnit' is visible

2019-05-28 14:08:54 - [MESSAGE][WARNING] - Timeout '0' is invalid. Using default page load timeout: '30'

2019-05-28 14:08:54 - [MESSAGE][PASSED] - Object 'Object Repository/ADMIN/Features Control/Booking Unit/a_Add New Booking Unit/textlabel_AddNewBookingUnit' is visible

2019-05-28 14:08:54 - [TEST_STEP][PASSED] - delay: Delayed 1 second(s)

2019-05-28 14:08:55 - [MESSAGE][PASSED] - Delayed 1 second(s)

2019-05-28 14:08:55 - [TEST_STEP][PASSED] - setText: Text 'Day 30' is set on object 'Object Repository/ADMIN/Features Control/Booking Unit/a_Add New Booking Unit/textfield_UnitName'

2019-05-28 14:08:56 - [MESSAGE][PASSED] - Text 'Day 30' is set on object 'Object Repository/ADMIN/Features Control/Booking Unit/a_Add New Booking Unit/textfield_UnitName'

2019-05-28 14:08:56 - [TEST_STEP][PASSED] - delay: Delayed 1 second(s)

2019-05-28 14:08:57 - [MESSAGE][PASSED] - Delayed 1 second(s)

2019-05-28 14:08:57 - [TEST_STEP][PASSED] - click: Object: 'Object Repository/ADMIN/Features Control/Booking Unit/a_Add New Booking Unit/checkbox_Day' is clicked on

2019-05-28 14:08:57 - [MESSAGE][PASSED] - Object: 'Object Repository/ADMIN/Features Control/Booking Unit/a_Add New Booking Unit/checkbox_Day' is clicked on

2019-05-28 14:08:57 - [TEST_STEP][PASSED] - click: Object: 'Object Repository/ADMIN/Features Control/Booking Unit/a_Add New Booking Unit/checkbox_Custom' is clicked on

2019-05-28 14:08:57 - [MESSAGE][PASSED] - Object: 'Object Repository/ADMIN/Features Control/Booking Unit/a_Add New Booking Unit/checkbox_Custom' is clicked on

2019-05-28 14:08:57 - [TEST_STEP][PASSED] - click: Object: 'Object Repository/ADMIN/Features Control/Booking Unit/a_Add New Booking Unit/checkbox_Week' is clicked on

2019-05-28 14:08:57 - [MESSAGE][PASSED] - Object: 'Object Repository/ADMIN/Features Control/Booking Unit/a_Add New Booking Unit/checkbox_Week' is clicked on

2019-05-28 14:08:57 - [TEST_STEP][PASSED] - click: Object: 'Object Repository/ADMIN/Features Control/Booking Unit/a_Add New Booking Unit/checkbox_Month' is clicked on

2019-05-28 14:08:57 - [MESSAGE][PASSED] - Object: 'Object Repository/ADMIN/Features Control/Booking Unit/a_Add New Booking Unit/checkbox_Month' is clicked on

2019-05-28 14:08:57 - [TEST_STEP][PASSED] - click: Object: 'Object Repository/ADMIN/Features Control/Booking Unit/a_Add New Booking Unit/button_Save' is clicked on

2019-05-28 14:08:57 - [MESSAGE][PASSED] - Object: 'Object Repository/ADMIN/Features Control/Booking Unit/a_Add New Booking Unit/button_Save' is clicked on

2019-05-28 14:08:57 - [TEST_STEP][PASSED] - delay: Delayed 1 second(s)

2019-05-28 14:08:58 - [MESSAGE][PASSED] - Delayed 1 second(s)

2019-05-28 14:08:58 - [TEST_STEP][PASSED] - click: Object: 'Object Repository/ADMIN/Features Control/Booking Unit/topbutton_Save' is clicked on

2019-05-28 14:08:58 - [MESSAGE][PASSED] - Object: 'Object Repository/ADMIN/Features Control/Booking Unit/topbutton_Save' is clicked on

2019-05-28 14:08:58 - [TEST_STEP][PASSED] - waitForElementVisible: Object 'Object Repository/ADMIN/Features Control/Booking Unit/a_Save Popup/button_Save' is visible

2019-05-28 14:08:58 - [MESSAGE][WARNING] - Timeout '0' is invalid. Using default page load timeout: '30'

2019-05-28 14:08:58 - [MESSAGE][PASSED] - Object 'Object Repository/ADMIN/Features Control/Booking Unit/a_Save Popup/button_Save' is visible

2019-05-28 14:08:58 - [TEST_STEP][PASSED] - click: Object: 'Object Repository/ADMIN/Features Control/Booking Unit/a_Save Popup/button_Save' is clicked on

2019-05-28 14:08:58 - [MESSAGE][PASSED] - Object: 'Object Repository/ADMIN/Features Control/Booking Unit/a_Save Popup/button_Save' is clicked on

2019-05-28 14:08:58 - [TEST_STEP][PASSED] - waitForElementVisible: Object 'Object Repository/ADMIN/Features Control/Booking Unit/a_ToasterMessage/toaster_SaveSuccessfully' is visible

2019-05-28 14:08:58 - [MESSAGE][WARNING] - Timeout '0' is invalid. Using default page load timeout: '30'

2019-05-28 14:08:59 - [MESSAGE][PASSED] - Object 'Object Repository/ADMIN/Features Control/Booking Unit/a_ToasterMessage/toaster_SaveSuccessfully' is visible

2019-05-28 14:08:59 - [TEST_STEP][PASSED] - waitForElementNotPresent: Web element with id: 'Object Repository/ADMIN/Features Control/Booking Unit/a_ToasterMessage/toaster_SaveSuccessfully' located by 'By.xpath: //div[@class = 'toast toast-success' and (text() = 'Save successfully' or . = 'Save successfully')]' is not present after '30' second(s)

2019-05-28 14:08:59 - [MESSAGE][WARNING] - Timeout '0' is invalid. Using default page load timeout: '30'

2019-05-28 14:09:05 - [MESSAGE][PASSED] - Web element with id: 'Object Repository/ADMIN/Features Control/Booking Unit/a_ToasterMessage/toaster_SaveSuccessfully' located by 'By.xpath: //div[@class = 'toast toast-success' and (text() = 'Save successfully' or . = 'Save successfully')]' is not present after '30' second(s)]]></system-out>
         <system-err><![CDATA[]]></system-err>
      </testcase>
      <testcase name="Test Cases/ADMIN/Features Control/Booking Unit/Combination/Default/31Add_allDefaultService" classname="Test Cases/ADMIN/Features Control/Booking Unit/Combination/Default/31Add_allDefaultService" status="PASSED">
         <system-out><![CDATA[2019-05-28 14:09:05 - [TEST_CASE][PASSED] - Test Cases/ADMIN/Features Control/Booking Unit/Combination/Default/31Add_allDefaultService: Test Cases/ADMIN/Features Control/Booking Unit/Combination/Default/31Add_allDefaultService

2019-05-28 14:09:05 - [TEST_STEP][PASSED] - waitForElementVisible: Object 'Object Repository/ADMIN/Features Control/Advance Search/a_Features Control' is visible

2019-05-28 14:09:05 - [MESSAGE][WARNING] - Timeout '0' is invalid. Using default page load timeout: '30'

2019-05-28 14:09:05 - [MESSAGE][PASSED] - Object 'Object Repository/ADMIN/Features Control/Advance Search/a_Features Control' is visible

2019-05-28 14:09:05 - [TEST_STEP][PASSED] - click: Object: 'Object Repository/ADMIN/Features Control/Advance Search/a_Features Control' is clicked on

2019-05-28 14:09:05 - [MESSAGE][PASSED] - Object: 'Object Repository/ADMIN/Features Control/Advance Search/a_Features Control' is clicked on

2019-05-28 14:09:05 - [TEST_STEP][PASSED] - waitForElementVisible: Object 'Object Repository/ADMIN/Features Control/Booking Unit/button_Edit' is visible

2019-05-28 14:09:05 - [MESSAGE][WARNING] - Timeout '0' is invalid. Using default page load timeout: '30'

2019-05-28 14:09:05 - [MESSAGE][PASSED] - Object 'Object Repository/ADMIN/Features Control/Booking Unit/button_Edit' is visible

2019-05-28 14:09:05 - [TEST_STEP][PASSED] - click: Object: 'Object Repository/ADMIN/Features Control/Booking Unit/button_Edit' is clicked on

2019-05-28 14:09:07 - [MESSAGE][PASSED] - Object: 'Object Repository/ADMIN/Features Control/Booking Unit/button_Edit' is clicked on

2019-05-28 14:09:07 - [TEST_STEP][PASSED] - waitForElementVisible: Object 'Object Repository/ADMIN/Features Control/Booking Unit/icon1st_NewBookingUnit' is visible

2019-05-28 14:09:07 - [MESSAGE][WARNING] - Timeout '0' is invalid. Using default page load timeout: '30'

2019-05-28 14:09:07 - [MESSAGE][PASSED] - Object 'Object Repository/ADMIN/Features Control/Booking Unit/icon1st_NewBookingUnit' is visible

2019-05-28 14:09:07 - [TEST_STEP][PASSED] - verifyElementVisible: Object 'Object Repository/ADMIN/Features Control/Booking Unit/textlabel_NewBookingUnit' is visible

2019-05-28 14:09:07 - [MESSAGE][PASSED] - Object 'Object Repository/ADMIN/Features Control/Booking Unit/textlabel_NewBookingUnit' is visible

2019-05-28 14:09:07 - [TEST_STEP][PASSED] - delay: Delayed 1 second(s)

2019-05-28 14:09:08 - [MESSAGE][PASSED] - Delayed 1 second(s)

2019-05-28 14:09:08 - [TEST_STEP][PASSED] - click: Object: 'Object Repository/ADMIN/Features Control/Booking Unit/button_AddBookingUnit' is clicked on

2019-05-28 14:09:08 - [MESSAGE][PASSED] - Object: 'Object Repository/ADMIN/Features Control/Booking Unit/button_AddBookingUnit' is clicked on

2019-05-28 14:09:08 - [TEST_STEP][PASSED] - waitForElementVisible: Object 'Object Repository/ADMIN/Features Control/Booking Unit/a_Add New Booking Unit/textlabel_AddNewBookingUnit' is visible

2019-05-28 14:09:08 - [MESSAGE][WARNING] - Timeout '0' is invalid. Using default page load timeout: '30'

2019-05-28 14:09:08 - [MESSAGE][PASSED] - Object 'Object Repository/ADMIN/Features Control/Booking Unit/a_Add New Booking Unit/textlabel_AddNewBookingUnit' is visible

2019-05-28 14:09:08 - [TEST_STEP][PASSED] - delay: Delayed 1 second(s)

2019-05-28 14:09:09 - [MESSAGE][PASSED] - Delayed 1 second(s)

2019-05-28 14:09:09 - [TEST_STEP][PASSED] - setText: Text 'Day 31' is set on object 'Object Repository/ADMIN/Features Control/Booking Unit/a_Add New Booking Unit/textfield_UnitName'

2019-05-28 14:09:09 - [MESSAGE][PASSED] - Text 'Day 31' is set on object 'Object Repository/ADMIN/Features Control/Booking Unit/a_Add New Booking Unit/textfield_UnitName'

2019-05-28 14:09:09 - [TEST_STEP][PASSED] - delay: Delayed 1 second(s)

2019-05-28 14:09:10 - [MESSAGE][PASSED] - Delayed 1 second(s)

2019-05-28 14:09:10 - [TEST_STEP][PASSED] - click: Object: 'Object Repository/ADMIN/Features Control/Booking Unit/a_Add New Booking Unit/checkbox_Hour' is clicked on

2019-05-28 14:09:10 - [MESSAGE][PASSED] - Object: 'Object Repository/ADMIN/Features Control/Booking Unit/a_Add New Booking Unit/checkbox_Hour' is clicked on

2019-05-28 14:09:10 - [TEST_STEP][PASSED] - click: Object: 'Object Repository/ADMIN/Features Control/Booking Unit/a_Add New Booking Unit/checkbox_Day' is clicked on

2019-05-28 14:09:11 - [MESSAGE][PASSED] - Object: 'Object Repository/ADMIN/Features Control/Booking Unit/a_Add New Booking Unit/checkbox_Day' is clicked on

2019-05-28 14:09:11 - [TEST_STEP][PASSED] - click: Object: 'Object Repository/ADMIN/Features Control/Booking Unit/a_Add New Booking Unit/checkbox_Week' is clicked on

2019-05-28 14:09:11 - [MESSAGE][PASSED] - Object: 'Object Repository/ADMIN/Features Control/Booking Unit/a_Add New Booking Unit/checkbox_Week' is clicked on

2019-05-28 14:09:11 - [TEST_STEP][PASSED] - click: Object: 'Object Repository/ADMIN/Features Control/Booking Unit/a_Add New Booking Unit/checkbox_Month' is clicked on

2019-05-28 14:09:11 - [MESSAGE][PASSED] - Object: 'Object Repository/ADMIN/Features Control/Booking Unit/a_Add New Booking Unit/checkbox_Month' is clicked on

2019-05-28 14:09:11 - [TEST_STEP][PASSED] - click: Object: 'Object Repository/ADMIN/Features Control/Booking Unit/a_Add New Booking Unit/checkbox_Custom' is clicked on

2019-05-28 14:09:11 - [MESSAGE][PASSED] - Object: 'Object Repository/ADMIN/Features Control/Booking Unit/a_Add New Booking Unit/checkbox_Custom' is clicked on

2019-05-28 14:09:11 - [TEST_STEP][PASSED] - delay: Delayed 1 second(s)

2019-05-28 14:09:12 - [MESSAGE][PASSED] - Delayed 1 second(s)

2019-05-28 14:09:12 - [TEST_STEP][PASSED] - click: Object: 'Object Repository/ADMIN/Features Control/Booking Unit/a_Add New Booking Unit/button_Save' is clicked on

2019-05-28 14:09:12 - [MESSAGE][PASSED] - Object: 'Object Repository/ADMIN/Features Control/Booking Unit/a_Add New Booking Unit/button_Save' is clicked on

2019-05-28 14:09:12 - [TEST_STEP][PASSED] - delay: Delayed 1 second(s)

2019-05-28 14:09:13 - [MESSAGE][PASSED] - Delayed 1 second(s)

2019-05-28 14:09:13 - [TEST_STEP][PASSED] - click: Object: 'Object Repository/ADMIN/Features Control/Booking Unit/topbutton_Save' is clicked on

2019-05-28 14:09:13 - [MESSAGE][PASSED] - Object: 'Object Repository/ADMIN/Features Control/Booking Unit/topbutton_Save' is clicked on

2019-05-28 14:09:13 - [TEST_STEP][PASSED] - waitForElementVisible: Object 'Object Repository/ADMIN/Features Control/Booking Unit/a_Save Popup/button_Save' is visible

2019-05-28 14:09:13 - [MESSAGE][WARNING] - Timeout '0' is invalid. Using default page load timeout: '30'

2019-05-28 14:09:13 - [MESSAGE][PASSED] - Object 'Object Repository/ADMIN/Features Control/Booking Unit/a_Save Popup/button_Save' is visible

2019-05-28 14:09:13 - [TEST_STEP][PASSED] - click: Object: 'Object Repository/ADMIN/Features Control/Booking Unit/a_Save Popup/button_Save' is clicked on

2019-05-28 14:09:13 - [MESSAGE][PASSED] - Object: 'Object Repository/ADMIN/Features Control/Booking Unit/a_Save Popup/button_Save' is clicked on

2019-05-28 14:09:13 - [TEST_STEP][PASSED] - waitForElementVisible: Object 'Object Repository/ADMIN/Features Control/Booking Unit/a_ToasterMessage/toaster_SaveSuccessfully' is visible

2019-05-28 14:09:13 - [MESSAGE][WARNING] - Timeout '0' is invalid. Using default page load timeout: '30'

2019-05-28 14:09:14 - [MESSAGE][PASSED] - Object 'Object Repository/ADMIN/Features Control/Booking Unit/a_ToasterMessage/toaster_SaveSuccessfully' is visible

2019-05-28 14:09:14 - [TEST_STEP][PASSED] - waitForElementNotPresent: Web element with id: 'Object Repository/ADMIN/Features Control/Booking Unit/a_ToasterMessage/toaster_SaveSuccessfully' located by 'By.xpath: //div[@class = 'toast toast-success' and (text() = 'Save successfully' or . = 'Save successfully')]' is not present after '30' second(s)

2019-05-28 14:09:14 - [MESSAGE][WARNING] - Timeout '0' is invalid. Using default page load timeout: '30'

2019-05-28 14:09:19 - [MESSAGE][PASSED] - Web element with id: 'Object Repository/ADMIN/Features Control/Booking Unit/a_ToasterMessage/toaster_SaveSuccessfully' located by 'By.xpath: //div[@class = 'toast toast-success' and (text() = 'Save successfully' or . = 'Save successfully')]' is not present after '30' second(s)]]></system-out>
         <system-err><![CDATA[]]></system-err>
      </testcase>
      <testcase name="Test Cases/Utilities/ADMIN/Admin Logout" classname="Test Cases/Utilities/ADMIN/Admin Logout" status="PASSED">
         <system-out><![CDATA[2019-05-28 14:09:19 - [TEST_CASE][PASSED] - Test Cases/Utilities/ADMIN/Admin Logout: Test Cases/Utilities/ADMIN/Admin Logout

2019-05-28 14:09:20 - [TEST_STEP][PASSED] - waitForElementVisible: Object 'Object Repository/Utilities/Admin Logout/button_Logout' is visible

2019-05-28 14:09:20 - [MESSAGE][WARNING] - Timeout '0' is invalid. Using default page load timeout: '30'

2019-05-28 14:09:20 - [MESSAGE][PASSED] - Object 'Object Repository/Utilities/Admin Logout/button_Logout' is visible

2019-05-28 14:09:20 - [TEST_STEP][PASSED] - click: Object: 'Object Repository/Utilities/Admin Logout/button_Logout' is clicked on

2019-05-28 14:09:20 - [MESSAGE][PASSED] - Object: 'Object Repository/Utilities/Admin Logout/button_Logout' is clicked on]]></system-out>
         <system-err><![CDATA[]]></system-err>
      </testcase>
      <system-out><![CDATA[2019-05-28 14:01:33 - [TEST_SUITE][PASSED] - Combination_DefaultUnit: Test Cases/Utilities/ADMIN/Admin Logout]]></system-out>
      <system-err><![CDATA[]]></system-err>
   </testsuite>
</testsuites>
