<?xml version="1.0" encoding="UTF-8"?>
<testsuites name="Common Words" time="130.817" tests="17" failures="0" errors="0">
   <testsuite name="Common Words" tests="17" failures="0" errors="0" time="130.817" timestamp="2020-03-20 15:01:39" hostname="ARCADIER03 - 192.168.254.105" id="Test Suites/Admin/Language/Edit Text/Bespoke/Common Words/Common Words">
      <properties>
         <property name="deviceName" value=""/>
         <property name="devicePlatform" value=""/>
         <property name="logFolder" value="C:\\Katalon\\Arctick\\Reports\\20200320_150135\\Admin\\Language\\Edit Text\\Bespoke\\Common Words\\Common Words\\20200320_150135"/>
         <property name="logFiles" value="C:\\Katalon\\Arctick\\Reports\\20200320_150135\\Admin\\Language\\Edit Text\\Bespoke\\Common Words\\Common Words\\20200320_150135\\execution0.log"/>
         <property name="attachments" value=""/>
         <property name="hostName" value="ARCADIER03 - 192.168.254.105"/>
         <property name="os" value="Windows 7 64bit"/>
         <property name="katalonVersion" value="7.2.6.1"/>
         <property name="browser" value="Chrome 80.0.3987.149"/>
         <property name="hostAddress" value="192.168.254.105"/>
         <property name="sessionId" value="1047ba07f4d7d3f0b09558b7ee935cff"/>
         <property name="seleniumVersion" value="3.141.59"/>
         <property name="proxyInformation" value="ProxyInformation{proxyOption=NO_PROXY, proxyServerType=HTTP, password=, proxyServerAddress=, proxyServerPort=0, executionList=}"/>
         <property name="platform" value="Windows 7"/>
      </properties>
      <testcase name="Test Cases/ADMIN/Language/Edit Text/Bespoke/Common Words/Common Words Navigation" time="8.342" classname="Test Cases/ADMIN/Language/Edit Text/Bespoke/Common Words/Common Words Navigation" status="PASSED">
         <system-out><![CDATA[2020-03-20 15:01:39 - [TEST_CASE][PASSED] - Test Cases/ADMIN/Language/Edit Text/Bespoke/Common Words/Common Words Navigation: Test Cases/ADMIN/Language/Edit Text/Bespoke/Common Words/Common Words Navigation

2020-03-20 15:01:40 - [TEST_STEP][PASSED] - waitForElementVisible(findTestObject("ADMIN/Language/sidemenu_Language"), 0): Object 'Object Repository/ADMIN/Language/sidemenu_Language' is visible

2020-03-20 15:01:41 - [MESSAGE][WARNING] - Timeout '0' is invalid. Using default page load timeout: '30'

2020-03-20 15:01:43 - [MESSAGE][PASSED] - Object 'Object Repository/ADMIN/Language/sidemenu_Language' is visible

2020-03-20 15:01:43 - [TEST_STEP][PASSED] - click(findTestObject("ADMIN/Language/sidemenu_Language"), CONTINUE_ON_FAILURE): Object: 'Object Repository/ADMIN/Language/sidemenu_Language' is clicked on

2020-03-20 15:01:43 - [MESSAGE][PASSED] - Object: 'Object Repository/ADMIN/Language/sidemenu_Language' is clicked on

2020-03-20 15:01:43 - [TEST_STEP][PASSED] - waitForElementVisible(findTestObject("ADMIN/Language/sidemenu_Edit Text"), 0): Object 'Object Repository/ADMIN/Language/sidemenu_Edit Text' is visible

2020-03-20 15:01:43 - [MESSAGE][WARNING] - Timeout '0' is invalid. Using default page load timeout: '30'

2020-03-20 15:01:44 - [MESSAGE][PASSED] - Object 'Object Repository/ADMIN/Language/sidemenu_Edit Text' is visible

2020-03-20 15:01:44 - [TEST_STEP][PASSED] - click(findTestObject("ADMIN/Language/sidemenu_Edit Text"), CONTINUE_ON_FAILURE): Object: 'Object Repository/ADMIN/Language/sidemenu_Edit Text' is clicked on

2020-03-20 15:01:45 - [MESSAGE][PASSED] - Object: 'Object Repository/ADMIN/Language/sidemenu_Edit Text' is clicked on

2020-03-20 15:01:45 - [TEST_STEP][PASSED] - waitForElementVisible(findTestObject("ADMIN/Edit Text/Bespoke/Common Words/dd_icon"), 0): Object 'Object Repository/ADMIN/Edit Text/Bespoke/Common Words/dd_icon' is visible

2020-03-20 15:01:45 - [MESSAGE][WARNING] - Timeout '0' is invalid. Using default page load timeout: '30'

2020-03-20 15:01:46 - [MESSAGE][PASSED] - Object 'Object Repository/ADMIN/Edit Text/Bespoke/Common Words/dd_icon' is visible

2020-03-20 15:01:46 - [TEST_STEP][PASSED] - click(findTestObject("ADMIN/Edit Text/Bespoke/Common Words/dd_icon"), CONTINUE_ON_FAILURE): Object: 'Object Repository/ADMIN/Edit Text/Bespoke/Common Words/dd_icon' is clicked on

2020-03-20 15:01:46 - [MESSAGE][PASSED] - Object: 'Object Repository/ADMIN/Edit Text/Bespoke/Common Words/dd_icon' is clicked on

2020-03-20 15:01:46 - [TEST_STEP][PASSED] - waitForElementVisible(findTestObject("ADMIN/Edit Text/Bespoke/Common Words/textlink_common words"), 0): Object 'Object Repository/ADMIN/Edit Text/Bespoke/Common Words/textlink_common words' is visible

2020-03-20 15:01:46 - [MESSAGE][WARNING] - Timeout '0' is invalid. Using default page load timeout: '30'

2020-03-20 15:01:46 - [MESSAGE][PASSED] - Object 'Object Repository/ADMIN/Edit Text/Bespoke/Common Words/textlink_common words' is visible

2020-03-20 15:01:46 - [TEST_STEP][PASSED] - click(findTestObject("ADMIN/Edit Text/Bespoke/Common Words/textlink_common words"), CONTINUE_ON_FAILURE): Object: 'Object Repository/ADMIN/Edit Text/Bespoke/Common Words/textlink_common words' is clicked on

2020-03-20 15:01:47 - [MESSAGE][PASSED] - Object: 'Object Repository/ADMIN/Edit Text/Bespoke/Common Words/textlink_common words' is clicked on

2020-03-20 15:01:47 - [TEST_STEP][PASSED] - waitForElementVisible(findTestObject("ADMIN/Edit Text/Bespoke/Buyer Navigation/dd_language"), 0): Object 'Object Repository/ADMIN/Edit Text/Bespoke/Buyer Navigation/dd_language' is visible

2020-03-20 15:01:47 - [MESSAGE][WARNING] - Timeout '0' is invalid. Using default page load timeout: '30'

2020-03-20 15:01:48 - [MESSAGE][PASSED] - Object 'Object Repository/ADMIN/Edit Text/Bespoke/Buyer Navigation/dd_language' is visible]]></system-out>
         <system-err><![CDATA[]]></system-err>
      </testcase>
      <testcase name="Test Cases/ADMIN/Language/Edit Text/Bespoke/Common Words/Common Words" time="9.093" classname="Test Cases/ADMIN/Language/Edit Text/Bespoke/Common Words/Common Words" status="PASSED">
         <system-out><![CDATA[2020-03-20 15:01:48 - [TEST_CASE][PASSED] - Test Cases/ADMIN/Language/Edit Text/Bespoke/Common Words/Common Words: Test Cases/ADMIN/Language/Edit Text/Bespoke/Common Words/Common Words

2020-03-20 15:01:48 - [TEST_STEP][PASSED] - waitForElementVisible(findTestObject("ADMIN/Edit Text/Bespoke/Buyer Navigation/dd_language"), 0): Object 'Object Repository/ADMIN/Edit Text/Bespoke/Buyer Navigation/dd_language' is visible

2020-03-20 15:01:48 - [MESSAGE][WARNING] - Timeout '0' is invalid. Using default page load timeout: '30'

2020-03-20 15:01:48 - [MESSAGE][PASSED] - Object 'Object Repository/ADMIN/Edit Text/Bespoke/Buyer Navigation/dd_language' is visible

2020-03-20 15:01:48 - [TEST_STEP][PASSED] - selectOptionByLabel(findTestObject("ADMIN/Edit Text/Bespoke/Buyer Navigation/dd_language"), varLanguage, false): All options with label 'French' are selected in object 'Object Repository/ADMIN/Edit Text/Bespoke/Buyer Navigation/dd_language' 

2020-03-20 15:01:49 - [MESSAGE][PASSED] - All options with label 'French' are selected in object 'Object Repository/ADMIN/Edit Text/Bespoke/Buyer Navigation/dd_language' 

2020-03-20 15:01:49 - [TEST_STEP][PASSED] - sendKeys(findTestObject("ADMIN/Edit Text/Bespoke/Common Words/input_Cash on delivery_cash-delivery"), "*"): Keys '*' sent to object: 'Object Repository/ADMIN/Edit Text/Bespoke/Common Words/input_Cash on delivery_cash-delivery'

2020-03-20 15:01:50 - [MESSAGE][PASSED] - Keys '*' sent to object: 'Object Repository/ADMIN/Edit Text/Bespoke/Common Words/input_Cash on delivery_cash-delivery'

2020-03-20 15:01:50 - [TEST_STEP][PASSED] - sendKeys(findTestObject("ADMIN/Edit Text/Bespoke/Common Words/input_Paid_paidcod"), "*"): Keys '*' sent to object: 'Object Repository/ADMIN/Edit Text/Bespoke/Common Words/input_Paid_paidcod'

2020-03-20 15:01:50 - [MESSAGE][PASSED] - Keys '*' sent to object: 'Object Repository/ADMIN/Edit Text/Bespoke/Common Words/input_Paid_paidcod'

2020-03-20 15:01:50 - [TEST_STEP][PASSED] - sendKeys(findTestObject("ADMIN/Edit Text/Bespoke/Common Words/input_To be collected_to_be_collected"), "*"): Keys '*' sent to object: 'Object Repository/ADMIN/Edit Text/Bespoke/Common Words/input_To be collected_to_be_collected'

2020-03-20 15:01:51 - [MESSAGE][PASSED] - Keys '*' sent to object: 'Object Repository/ADMIN/Edit Text/Bespoke/Common Words/input_To be collected_to_be_collected'

2020-03-20 15:01:51 - [TEST_STEP][PASSED] - sendKeys(findTestObject("ADMIN/Edit Text/Bespoke/Common Words/input_Delivery_delivery"), "*"): Keys '*' sent to object: 'Object Repository/ADMIN/Edit Text/Bespoke/Common Words/input_Delivery_delivery'

2020-03-20 15:01:51 - [MESSAGE][PASSED] - Keys '*' sent to object: 'Object Repository/ADMIN/Edit Text/Bespoke/Common Words/input_Delivery_delivery'

2020-03-20 15:01:51 - [TEST_STEP][PASSED] - sendKeys(findTestObject("ADMIN/Edit Text/Bespoke/Common Words/input_Pick up_pickup"), "*"): Keys '*' sent to object: 'Object Repository/ADMIN/Edit Text/Bespoke/Common Words/input_Pick up_pickup'

2020-03-20 15:01:51 - [MESSAGE][PASSED] - Keys '*' sent to object: 'Object Repository/ADMIN/Edit Text/Bespoke/Common Words/input_Pick up_pickup'

2020-03-20 15:01:51 - [TEST_STEP][PASSED] - sendKeys(findTestObject("ADMIN/Edit Text/Bespoke/Common Words/input_SKU_sku"), "*"): Keys '*' sent to object: 'Object Repository/ADMIN/Edit Text/Bespoke/Common Words/input_SKU_sku'

2020-03-20 15:01:52 - [MESSAGE][PASSED] - Keys '*' sent to object: 'Object Repository/ADMIN/Edit Text/Bespoke/Common Words/input_SKU_sku'

2020-03-20 15:01:52 - [TEST_STEP][PASSED] - sendKeys(findTestObject("ADMIN/Edit Text/Bespoke/Common Words/input_Save_sku"), "*"): Keys '*' sent to object: 'Object Repository/ADMIN/Edit Text/Bespoke/Common Words/input_Save_sku'

2020-03-20 15:01:52 - [MESSAGE][PASSED] - Keys '*' sent to object: 'Object Repository/ADMIN/Edit Text/Bespoke/Common Words/input_Save_sku'

2020-03-20 15:01:52 - [TEST_STEP][PASSED] - sendKeys(findTestObject("ADMIN/Edit Text/Bespoke/Common Words/input_Drop your image here or click to add one_sku"), "*"): Keys '*' sent to object: 'Object Repository/ADMIN/Edit Text/Bespoke/Common Words/input_Drop your image here or click to add one_sku'

2020-03-20 15:01:52 - [MESSAGE][PASSED] - Keys '*' sent to object: 'Object Repository/ADMIN/Edit Text/Bespoke/Common Words/input_Drop your image here or click to add one_sku'

2020-03-20 15:01:52 - [TEST_STEP][PASSED] - sendKeys(findTestObject("ADMIN/Edit Text/Bespoke/Common Words/input_Search_search"), "*"): Keys '*' sent to object: 'Object Repository/ADMIN/Edit Text/Bespoke/Common Words/input_Search_search'

2020-03-20 15:01:52 - [MESSAGE][PASSED] - Keys '*' sent to object: 'Object Repository/ADMIN/Edit Text/Bespoke/Common Words/input_Search_search'

2020-03-20 15:01:52 - [TEST_STEP][PASSED] - sendKeys(findTestObject("ADMIN/Edit Text/Bespoke/Common Words/input_Acknowledged_Acknowledged"), "*"): Keys '*' sent to object: 'Object Repository/ADMIN/Edit Text/Bespoke/Common Words/input_Acknowledged_Acknowledged'

2020-03-20 15:01:52 - [MESSAGE][PASSED] - Keys '*' sent to object: 'Object Repository/ADMIN/Edit Text/Bespoke/Common Words/input_Acknowledged_Acknowledged'

2020-03-20 15:01:52 - [TEST_STEP][PASSED] - sendKeys(findTestObject("ADMIN/Edit Text/Bespoke/Common Words/input_Processing_Processing"), "*"): Keys '*' sent to object: 'Object Repository/ADMIN/Edit Text/Bespoke/Common Words/input_Processing_Processing'

2020-03-20 15:01:53 - [MESSAGE][PASSED] - Keys '*' sent to object: 'Object Repository/ADMIN/Edit Text/Bespoke/Common Words/input_Processing_Processing'

2020-03-20 15:01:53 - [TEST_STEP][PASSED] - sendKeys(findTestObject("ADMIN/Edit Text/Bespoke/Common Words/input_Pending_Pending"), "*"): Keys '*' sent to object: 'Object Repository/ADMIN/Edit Text/Bespoke/Common Words/input_Pending_Pending'

2020-03-20 15:01:53 - [MESSAGE][PASSED] - Keys '*' sent to object: 'Object Repository/ADMIN/Edit Text/Bespoke/Common Words/input_Pending_Pending'

2020-03-20 15:01:53 - [TEST_STEP][PASSED] - sendKeys(findTestObject("ADMIN/Edit Text/Bespoke/Common Words/input_Paid_Paid"), "*"): Keys '*' sent to object: 'Object Repository/ADMIN/Edit Text/Bespoke/Common Words/input_Paid_Paid'

2020-03-20 15:01:54 - [MESSAGE][PASSED] - Keys '*' sent to object: 'Object Repository/ADMIN/Edit Text/Bespoke/Common Words/input_Paid_Paid'

2020-03-20 15:01:54 - [TEST_STEP][PASSED] - sendKeys(findTestObject("ADMIN/Edit Text/Bespoke/Common Words/input_Waiting for payments_Waitingforpayments"), "*"): Keys '*' sent to object: 'Object Repository/ADMIN/Edit Text/Bespoke/Common Words/input_Waiting for payments_Waitingforpayments'

2020-03-20 15:01:54 - [MESSAGE][PASSED] - Keys '*' sent to object: 'Object Repository/ADMIN/Edit Text/Bespoke/Common Words/input_Waiting for payments_Waitingforpayments'

2020-03-20 15:01:54 - [TEST_STEP][PASSED] - sendKeys(findTestObject("ADMIN/Edit Text/Bespoke/Common Words/input_Created_Created"), "*"): Keys '*' sent to object: 'Object Repository/ADMIN/Edit Text/Bespoke/Common Words/input_Created_Created'

2020-03-20 15:01:54 - [MESSAGE][PASSED] - Keys '*' sent to object: 'Object Repository/ADMIN/Edit Text/Bespoke/Common Words/input_Created_Created'

2020-03-20 15:01:54 - [TEST_STEP][PASSED] - sendKeys(findTestObject("ADMIN/Edit Text/Bespoke/Common Words/input_Fully Paid_FullyPaid"), "*"): Keys '*' sent to object: 'Object Repository/ADMIN/Edit Text/Bespoke/Common Words/input_Fully Paid_FullyPaid'

2020-03-20 15:01:54 - [MESSAGE][PASSED] - Keys '*' sent to object: 'Object Repository/ADMIN/Edit Text/Bespoke/Common Words/input_Fully Paid_FullyPaid'

2020-03-20 15:01:54 - [TEST_STEP][PASSED] - sendKeys(findTestObject("ADMIN/Edit Text/Bespoke/Common Words/input_Delivered_Delivered"), "*"): Keys '*' sent to object: 'Object Repository/ADMIN/Edit Text/Bespoke/Common Words/input_Delivered_Delivered'

2020-03-20 15:01:55 - [MESSAGE][PASSED] - Keys '*' sent to object: 'Object Repository/ADMIN/Edit Text/Bespoke/Common Words/input_Delivered_Delivered'

2020-03-20 15:01:55 - [TEST_STEP][PASSED] - sendKeys(findTestObject("ADMIN/Edit Text/Bespoke/Common Words/input_Ready for Pick-up_ReadyforPick-up"), "*"): Keys '*' sent to object: 'Object Repository/ADMIN/Edit Text/Bespoke/Common Words/input_Ready for Pick-up_ReadyforPick-up'

2020-03-20 15:01:55 - [MESSAGE][PASSED] - Keys '*' sent to object: 'Object Repository/ADMIN/Edit Text/Bespoke/Common Words/input_Ready for Pick-up_ReadyforPick-up'

2020-03-20 15:01:55 - [TEST_STEP][PASSED] - sendKeys(findTestObject("ADMIN/Edit Text/Bespoke/Common Words/input_Collected_Collected"), "*"): Keys '*' sent to object: 'Object Repository/ADMIN/Edit Text/Bespoke/Common Words/input_Collected_Collected'

2020-03-20 15:01:55 - [MESSAGE][PASSED] - Keys '*' sent to object: 'Object Repository/ADMIN/Edit Text/Bespoke/Common Words/input_Collected_Collected'

2020-03-20 15:01:55 - [TEST_STEP][PASSED] - sendKeys(findTestObject("ADMIN/Edit Text/Bespoke/Common Words/input_Refunded_Refunded"), "*"): Keys '*' sent to object: 'Object Repository/ADMIN/Edit Text/Bespoke/Common Words/input_Refunded_Refunded'

2020-03-20 15:01:55 - [MESSAGE][PASSED] - Keys '*' sent to object: 'Object Repository/ADMIN/Edit Text/Bespoke/Common Words/input_Refunded_Refunded'

2020-03-20 15:01:55 - [TEST_STEP][PASSED] - sendKeys(findTestObject("ADMIN/Edit Text/Bespoke/Common Words/input_MERCHANT ACCESS DENIED_merchant-access"), "*"): Keys '*' sent to object: 'Object Repository/ADMIN/Edit Text/Bespoke/Common Words/input_MERCHANT ACCESS DENIED_merchant-access'

2020-03-20 15:01:56 - [MESSAGE][PASSED] - Keys '*' sent to object: 'Object Repository/ADMIN/Edit Text/Bespoke/Common Words/input_MERCHANT ACCESS DENIED_merchant-access'

2020-03-20 15:01:56 - [TEST_STEP][PASSED] - sendKeys(findTestObject("ADMIN/Edit Text/Bespoke/Common Words/input_concat(Your action is not allowed Please contact the site  s administrator)_action-not-allowed"), "*"): Keys '*' sent to object: 'Object Repository/ADMIN/Edit Text/Bespoke/Common Words/input_concat(Your action is not allowed Please contact the site  s administrator)_action-not-allowed'

2020-03-20 15:01:56 - [MESSAGE][PASSED] - Keys '*' sent to object: 'Object Repository/ADMIN/Edit Text/Bespoke/Common Words/input_concat(Your action is not allowed Please contact the site  s administrator)_action-not-allowed'

2020-03-20 15:01:56 - [TEST_STEP][PASSED] - sendKeys(findTestObject("ADMIN/Edit Text/Bespoke/Common Words/input_No email allowed_no-email-allowed"), "*"): Keys '*' sent to object: 'Object Repository/ADMIN/Edit Text/Bespoke/Common Words/input_No email allowed_no-email-allowed'

2020-03-20 15:01:56 - [MESSAGE][PASSED] - Keys '*' sent to object: 'Object Repository/ADMIN/Edit Text/Bespoke/Common Words/input_No email allowed_no-email-allowed'

2020-03-20 15:01:56 - [TEST_STEP][PASSED] - click(findTestObject("ADMIN/Edit Text/Bespoke/Buyer Pages/Homepage/button_save"), CONTINUE_ON_FAILURE): Object: 'Object Repository/ADMIN/Edit Text/Bespoke/Buyer Pages/Homepage/button_save' is clicked on

2020-03-20 15:01:56 - [MESSAGE][PASSED] - Object: 'Object Repository/ADMIN/Edit Text/Bespoke/Buyer Pages/Homepage/button_save' is clicked on

2020-03-20 15:01:56 - [TEST_STEP][PASSED] - waitForElementVisible(findTestObject("ADMIN/Edit Text/Bespoke/Buyer Pages/Homepage/toaster_success"), 0): Object 'Object Repository/ADMIN/Edit Text/Bespoke/Buyer Pages/Homepage/toaster_success' is visible

2020-03-20 15:01:56 - [MESSAGE][WARNING] - Timeout '0' is invalid. Using default page load timeout: '30'

2020-03-20 15:01:57 - [MESSAGE][PASSED] - Object 'Object Repository/ADMIN/Edit Text/Bespoke/Buyer Pages/Homepage/toaster_success' is visible]]></system-out>
         <system-err><![CDATA[]]></system-err>
      </testcase>
      <testcase name="Test Cases/ADMIN/Language/Edit Text/Bespoke/Common Words/Common Words" time="7.745" classname="Test Cases/ADMIN/Language/Edit Text/Bespoke/Common Words/Common Words" status="PASSED">
         <system-out><![CDATA[2020-03-20 15:01:57 - [TEST_CASE][PASSED] - Test Cases/ADMIN/Language/Edit Text/Bespoke/Common Words/Common Words: Test Cases/ADMIN/Language/Edit Text/Bespoke/Common Words/Common Words

2020-03-20 15:01:57 - [TEST_STEP][PASSED] - waitForElementVisible(findTestObject("ADMIN/Edit Text/Bespoke/Buyer Navigation/dd_language"), 0): Object 'Object Repository/ADMIN/Edit Text/Bespoke/Buyer Navigation/dd_language' is visible

2020-03-20 15:01:57 - [MESSAGE][WARNING] - Timeout '0' is invalid. Using default page load timeout: '30'

2020-03-20 15:01:57 - [MESSAGE][PASSED] - Object 'Object Repository/ADMIN/Edit Text/Bespoke/Buyer Navigation/dd_language' is visible

2020-03-20 15:01:57 - [TEST_STEP][PASSED] - selectOptionByLabel(findTestObject("ADMIN/Edit Text/Bespoke/Buyer Navigation/dd_language"), varLanguage, false): All options with label 'Spanish' are selected in object 'Object Repository/ADMIN/Edit Text/Bespoke/Buyer Navigation/dd_language' 

2020-03-20 15:01:58 - [MESSAGE][PASSED] - All options with label 'Spanish' are selected in object 'Object Repository/ADMIN/Edit Text/Bespoke/Buyer Navigation/dd_language' 

2020-03-20 15:01:58 - [TEST_STEP][PASSED] - sendKeys(findTestObject("ADMIN/Edit Text/Bespoke/Common Words/input_Cash on delivery_cash-delivery"), "*"): Keys '*' sent to object: 'Object Repository/ADMIN/Edit Text/Bespoke/Common Words/input_Cash on delivery_cash-delivery'

2020-03-20 15:01:59 - [MESSAGE][PASSED] - Keys '*' sent to object: 'Object Repository/ADMIN/Edit Text/Bespoke/Common Words/input_Cash on delivery_cash-delivery'

2020-03-20 15:01:59 - [TEST_STEP][PASSED] - sendKeys(findTestObject("ADMIN/Edit Text/Bespoke/Common Words/input_Paid_paidcod"), "*"): Keys '*' sent to object: 'Object Repository/ADMIN/Edit Text/Bespoke/Common Words/input_Paid_paidcod'

2020-03-20 15:01:59 - [MESSAGE][PASSED] - Keys '*' sent to object: 'Object Repository/ADMIN/Edit Text/Bespoke/Common Words/input_Paid_paidcod'

2020-03-20 15:01:59 - [TEST_STEP][PASSED] - sendKeys(findTestObject("ADMIN/Edit Text/Bespoke/Common Words/input_To be collected_to_be_collected"), "*"): Keys '*' sent to object: 'Object Repository/ADMIN/Edit Text/Bespoke/Common Words/input_To be collected_to_be_collected'

2020-03-20 15:01:59 - [MESSAGE][PASSED] - Keys '*' sent to object: 'Object Repository/ADMIN/Edit Text/Bespoke/Common Words/input_To be collected_to_be_collected'

2020-03-20 15:01:59 - [TEST_STEP][PASSED] - sendKeys(findTestObject("ADMIN/Edit Text/Bespoke/Common Words/input_Delivery_delivery"), "*"): Keys '*' sent to object: 'Object Repository/ADMIN/Edit Text/Bespoke/Common Words/input_Delivery_delivery'

2020-03-20 15:02:00 - [MESSAGE][PASSED] - Keys '*' sent to object: 'Object Repository/ADMIN/Edit Text/Bespoke/Common Words/input_Delivery_delivery'

2020-03-20 15:02:00 - [TEST_STEP][PASSED] - sendKeys(findTestObject("ADMIN/Edit Text/Bespoke/Common Words/input_Pick up_pickup"), "*"): Keys '*' sent to object: 'Object Repository/ADMIN/Edit Text/Bespoke/Common Words/input_Pick up_pickup'

2020-03-20 15:02:00 - [MESSAGE][PASSED] - Keys '*' sent to object: 'Object Repository/ADMIN/Edit Text/Bespoke/Common Words/input_Pick up_pickup'

2020-03-20 15:02:00 - [TEST_STEP][PASSED] - sendKeys(findTestObject("ADMIN/Edit Text/Bespoke/Common Words/input_SKU_sku"), "*"): Keys '*' sent to object: 'Object Repository/ADMIN/Edit Text/Bespoke/Common Words/input_SKU_sku'

2020-03-20 15:02:00 - [MESSAGE][PASSED] - Keys '*' sent to object: 'Object Repository/ADMIN/Edit Text/Bespoke/Common Words/input_SKU_sku'

2020-03-20 15:02:00 - [TEST_STEP][PASSED] - sendKeys(findTestObject("ADMIN/Edit Text/Bespoke/Common Words/input_Save_sku"), "*"): Keys '*' sent to object: 'Object Repository/ADMIN/Edit Text/Bespoke/Common Words/input_Save_sku'

2020-03-20 15:02:00 - [MESSAGE][PASSED] - Keys '*' sent to object: 'Object Repository/ADMIN/Edit Text/Bespoke/Common Words/input_Save_sku'

2020-03-20 15:02:00 - [TEST_STEP][PASSED] - sendKeys(findTestObject("ADMIN/Edit Text/Bespoke/Common Words/input_Drop your image here or click to add one_sku"), "*"): Keys '*' sent to object: 'Object Repository/ADMIN/Edit Text/Bespoke/Common Words/input_Drop your image here or click to add one_sku'

2020-03-20 15:02:00 - [MESSAGE][PASSED] - Keys '*' sent to object: 'Object Repository/ADMIN/Edit Text/Bespoke/Common Words/input_Drop your image here or click to add one_sku'

2020-03-20 15:02:00 - [TEST_STEP][PASSED] - sendKeys(findTestObject("ADMIN/Edit Text/Bespoke/Common Words/input_Search_search"), "*"): Keys '*' sent to object: 'Object Repository/ADMIN/Edit Text/Bespoke/Common Words/input_Search_search'

2020-03-20 15:02:01 - [MESSAGE][PASSED] - Keys '*' sent to object: 'Object Repository/ADMIN/Edit Text/Bespoke/Common Words/input_Search_search'

2020-03-20 15:02:01 - [TEST_STEP][PASSED] - sendKeys(findTestObject("ADMIN/Edit Text/Bespoke/Common Words/input_Acknowledged_Acknowledged"), "*"): Keys '*' sent to object: 'Object Repository/ADMIN/Edit Text/Bespoke/Common Words/input_Acknowledged_Acknowledged'

2020-03-20 15:02:01 - [MESSAGE][PASSED] - Keys '*' sent to object: 'Object Repository/ADMIN/Edit Text/Bespoke/Common Words/input_Acknowledged_Acknowledged'

2020-03-20 15:02:01 - [TEST_STEP][PASSED] - sendKeys(findTestObject("ADMIN/Edit Text/Bespoke/Common Words/input_Processing_Processing"), "*"): Keys '*' sent to object: 'Object Repository/ADMIN/Edit Text/Bespoke/Common Words/input_Processing_Processing'

2020-03-20 15:02:01 - [MESSAGE][PASSED] - Keys '*' sent to object: 'Object Repository/ADMIN/Edit Text/Bespoke/Common Words/input_Processing_Processing'

2020-03-20 15:02:01 - [TEST_STEP][PASSED] - sendKeys(findTestObject("ADMIN/Edit Text/Bespoke/Common Words/input_Pending_Pending"), "*"): Keys '*' sent to object: 'Object Repository/ADMIN/Edit Text/Bespoke/Common Words/input_Pending_Pending'

2020-03-20 15:02:01 - [MESSAGE][PASSED] - Keys '*' sent to object: 'Object Repository/ADMIN/Edit Text/Bespoke/Common Words/input_Pending_Pending'

2020-03-20 15:02:01 - [TEST_STEP][PASSED] - sendKeys(findTestObject("ADMIN/Edit Text/Bespoke/Common Words/input_Paid_Paid"), "*"): Keys '*' sent to object: 'Object Repository/ADMIN/Edit Text/Bespoke/Common Words/input_Paid_Paid'

2020-03-20 15:02:01 - [MESSAGE][PASSED] - Keys '*' sent to object: 'Object Repository/ADMIN/Edit Text/Bespoke/Common Words/input_Paid_Paid'

2020-03-20 15:02:01 - [TEST_STEP][PASSED] - sendKeys(findTestObject("ADMIN/Edit Text/Bespoke/Common Words/input_Waiting for payments_Waitingforpayments"), "*"): Keys '*' sent to object: 'Object Repository/ADMIN/Edit Text/Bespoke/Common Words/input_Waiting for payments_Waitingforpayments'

2020-03-20 15:02:02 - [MESSAGE][PASSED] - Keys '*' sent to object: 'Object Repository/ADMIN/Edit Text/Bespoke/Common Words/input_Waiting for payments_Waitingforpayments'

2020-03-20 15:02:02 - [TEST_STEP][PASSED] - sendKeys(findTestObject("ADMIN/Edit Text/Bespoke/Common Words/input_Created_Created"), "*"): Keys '*' sent to object: 'Object Repository/ADMIN/Edit Text/Bespoke/Common Words/input_Created_Created'

2020-03-20 15:02:02 - [MESSAGE][PASSED] - Keys '*' sent to object: 'Object Repository/ADMIN/Edit Text/Bespoke/Common Words/input_Created_Created'

2020-03-20 15:02:02 - [TEST_STEP][PASSED] - sendKeys(findTestObject("ADMIN/Edit Text/Bespoke/Common Words/input_Fully Paid_FullyPaid"), "*"): Keys '*' sent to object: 'Object Repository/ADMIN/Edit Text/Bespoke/Common Words/input_Fully Paid_FullyPaid'

2020-03-20 15:02:02 - [MESSAGE][PASSED] - Keys '*' sent to object: 'Object Repository/ADMIN/Edit Text/Bespoke/Common Words/input_Fully Paid_FullyPaid'

2020-03-20 15:02:02 - [TEST_STEP][PASSED] - sendKeys(findTestObject("ADMIN/Edit Text/Bespoke/Common Words/input_Delivered_Delivered"), "*"): Keys '*' sent to object: 'Object Repository/ADMIN/Edit Text/Bespoke/Common Words/input_Delivered_Delivered'

2020-03-20 15:02:02 - [MESSAGE][PASSED] - Keys '*' sent to object: 'Object Repository/ADMIN/Edit Text/Bespoke/Common Words/input_Delivered_Delivered'

2020-03-20 15:02:02 - [TEST_STEP][PASSED] - sendKeys(findTestObject("ADMIN/Edit Text/Bespoke/Common Words/input_Ready for Pick-up_ReadyforPick-up"), "*"): Keys '*' sent to object: 'Object Repository/ADMIN/Edit Text/Bespoke/Common Words/input_Ready for Pick-up_ReadyforPick-up'

2020-03-20 15:02:02 - [MESSAGE][PASSED] - Keys '*' sent to object: 'Object Repository/ADMIN/Edit Text/Bespoke/Common Words/input_Ready for Pick-up_ReadyforPick-up'

2020-03-20 15:02:02 - [TEST_STEP][PASSED] - sendKeys(findTestObject("ADMIN/Edit Text/Bespoke/Common Words/input_Collected_Collected"), "*"): Keys '*' sent to object: 'Object Repository/ADMIN/Edit Text/Bespoke/Common Words/input_Collected_Collected'

2020-03-20 15:02:03 - [MESSAGE][PASSED] - Keys '*' sent to object: 'Object Repository/ADMIN/Edit Text/Bespoke/Common Words/input_Collected_Collected'

2020-03-20 15:02:03 - [TEST_STEP][PASSED] - sendKeys(findTestObject("ADMIN/Edit Text/Bespoke/Common Words/input_Refunded_Refunded"), "*"): Keys '*' sent to object: 'Object Repository/ADMIN/Edit Text/Bespoke/Common Words/input_Refunded_Refunded'

2020-03-20 15:02:03 - [MESSAGE][PASSED] - Keys '*' sent to object: 'Object Repository/ADMIN/Edit Text/Bespoke/Common Words/input_Refunded_Refunded'

2020-03-20 15:02:03 - [TEST_STEP][PASSED] - sendKeys(findTestObject("ADMIN/Edit Text/Bespoke/Common Words/input_MERCHANT ACCESS DENIED_merchant-access"), "*"): Keys '*' sent to object: 'Object Repository/ADMIN/Edit Text/Bespoke/Common Words/input_MERCHANT ACCESS DENIED_merchant-access'

2020-03-20 15:02:03 - [MESSAGE][PASSED] - Keys '*' sent to object: 'Object Repository/ADMIN/Edit Text/Bespoke/Common Words/input_MERCHANT ACCESS DENIED_merchant-access'

2020-03-20 15:02:03 - [TEST_STEP][PASSED] - sendKeys(findTestObject("ADMIN/Edit Text/Bespoke/Common Words/input_concat(Your action is not allowed Please contact the site  s administrator)_action-not-allowed"), "*"): Keys '*' sent to object: 'Object Repository/ADMIN/Edit Text/Bespoke/Common Words/input_concat(Your action is not allowed Please contact the site  s administrator)_action-not-allowed'

2020-03-20 15:02:03 - [MESSAGE][PASSED] - Keys '*' sent to object: 'Object Repository/ADMIN/Edit Text/Bespoke/Common Words/input_concat(Your action is not allowed Please contact the site  s administrator)_action-not-allowed'

2020-03-20 15:02:03 - [TEST_STEP][PASSED] - sendKeys(findTestObject("ADMIN/Edit Text/Bespoke/Common Words/input_No email allowed_no-email-allowed"), "*"): Keys '*' sent to object: 'Object Repository/ADMIN/Edit Text/Bespoke/Common Words/input_No email allowed_no-email-allowed'

2020-03-20 15:02:04 - [MESSAGE][PASSED] - Keys '*' sent to object: 'Object Repository/ADMIN/Edit Text/Bespoke/Common Words/input_No email allowed_no-email-allowed'

2020-03-20 15:02:04 - [TEST_STEP][PASSED] - click(findTestObject("ADMIN/Edit Text/Bespoke/Buyer Pages/Homepage/button_save"), CONTINUE_ON_FAILURE): Object: 'Object Repository/ADMIN/Edit Text/Bespoke/Buyer Pages/Homepage/button_save' is clicked on

2020-03-20 15:02:04 - [MESSAGE][PASSED] - Object: 'Object Repository/ADMIN/Edit Text/Bespoke/Buyer Pages/Homepage/button_save' is clicked on

2020-03-20 15:02:04 - [TEST_STEP][PASSED] - waitForElementVisible(findTestObject("ADMIN/Edit Text/Bespoke/Buyer Pages/Homepage/toaster_success"), 0): Object 'Object Repository/ADMIN/Edit Text/Bespoke/Buyer Pages/Homepage/toaster_success' is visible

2020-03-20 15:02:04 - [MESSAGE][WARNING] - Timeout '0' is invalid. Using default page load timeout: '30'

2020-03-20 15:02:05 - [MESSAGE][PASSED] - Object 'Object Repository/ADMIN/Edit Text/Bespoke/Buyer Pages/Homepage/toaster_success' is visible]]></system-out>
         <system-err><![CDATA[]]></system-err>
      </testcase>
      <testcase name="Test Cases/ADMIN/Language/Edit Text/Bespoke/Common Words/Common Words" time="7.76" classname="Test Cases/ADMIN/Language/Edit Text/Bespoke/Common Words/Common Words" status="PASSED">
         <system-out><![CDATA[2020-03-20 15:02:05 - [TEST_CASE][PASSED] - Test Cases/ADMIN/Language/Edit Text/Bespoke/Common Words/Common Words: Test Cases/ADMIN/Language/Edit Text/Bespoke/Common Words/Common Words

2020-03-20 15:02:05 - [TEST_STEP][PASSED] - waitForElementVisible(findTestObject("ADMIN/Edit Text/Bespoke/Buyer Navigation/dd_language"), 0): Object 'Object Repository/ADMIN/Edit Text/Bespoke/Buyer Navigation/dd_language' is visible

2020-03-20 15:02:05 - [MESSAGE][WARNING] - Timeout '0' is invalid. Using default page load timeout: '30'

2020-03-20 15:02:05 - [MESSAGE][PASSED] - Object 'Object Repository/ADMIN/Edit Text/Bespoke/Buyer Navigation/dd_language' is visible

2020-03-20 15:02:05 - [TEST_STEP][PASSED] - selectOptionByLabel(findTestObject("ADMIN/Edit Text/Bespoke/Buyer Navigation/dd_language"), varLanguage, false): All options with label 'Hindi' are selected in object 'Object Repository/ADMIN/Edit Text/Bespoke/Buyer Navigation/dd_language' 

2020-03-20 15:02:06 - [MESSAGE][PASSED] - All options with label 'Hindi' are selected in object 'Object Repository/ADMIN/Edit Text/Bespoke/Buyer Navigation/dd_language' 

2020-03-20 15:02:06 - [TEST_STEP][PASSED] - sendKeys(findTestObject("ADMIN/Edit Text/Bespoke/Common Words/input_Cash on delivery_cash-delivery"), "*"): Keys '*' sent to object: 'Object Repository/ADMIN/Edit Text/Bespoke/Common Words/input_Cash on delivery_cash-delivery'

2020-03-20 15:02:06 - [MESSAGE][PASSED] - Keys '*' sent to object: 'Object Repository/ADMIN/Edit Text/Bespoke/Common Words/input_Cash on delivery_cash-delivery'

2020-03-20 15:02:06 - [TEST_STEP][PASSED] - sendKeys(findTestObject("ADMIN/Edit Text/Bespoke/Common Words/input_Paid_paidcod"), "*"): Keys '*' sent to object: 'Object Repository/ADMIN/Edit Text/Bespoke/Common Words/input_Paid_paidcod'

2020-03-20 15:02:07 - [MESSAGE][PASSED] - Keys '*' sent to object: 'Object Repository/ADMIN/Edit Text/Bespoke/Common Words/input_Paid_paidcod'

2020-03-20 15:02:07 - [TEST_STEP][PASSED] - sendKeys(findTestObject("ADMIN/Edit Text/Bespoke/Common Words/input_To be collected_to_be_collected"), "*"): Keys '*' sent to object: 'Object Repository/ADMIN/Edit Text/Bespoke/Common Words/input_To be collected_to_be_collected'

2020-03-20 15:02:07 - [MESSAGE][PASSED] - Keys '*' sent to object: 'Object Repository/ADMIN/Edit Text/Bespoke/Common Words/input_To be collected_to_be_collected'

2020-03-20 15:02:07 - [TEST_STEP][PASSED] - sendKeys(findTestObject("ADMIN/Edit Text/Bespoke/Common Words/input_Delivery_delivery"), "*"): Keys '*' sent to object: 'Object Repository/ADMIN/Edit Text/Bespoke/Common Words/input_Delivery_delivery'

2020-03-20 15:02:07 - [MESSAGE][PASSED] - Keys '*' sent to object: 'Object Repository/ADMIN/Edit Text/Bespoke/Common Words/input_Delivery_delivery'

2020-03-20 15:02:07 - [TEST_STEP][PASSED] - sendKeys(findTestObject("ADMIN/Edit Text/Bespoke/Common Words/input_Pick up_pickup"), "*"): Keys '*' sent to object: 'Object Repository/ADMIN/Edit Text/Bespoke/Common Words/input_Pick up_pickup'

2020-03-20 15:02:07 - [MESSAGE][PASSED] - Keys '*' sent to object: 'Object Repository/ADMIN/Edit Text/Bespoke/Common Words/input_Pick up_pickup'

2020-03-20 15:02:07 - [TEST_STEP][PASSED] - sendKeys(findTestObject("ADMIN/Edit Text/Bespoke/Common Words/input_SKU_sku"), "*"): Keys '*' sent to object: 'Object Repository/ADMIN/Edit Text/Bespoke/Common Words/input_SKU_sku'

2020-03-20 15:02:07 - [MESSAGE][PASSED] - Keys '*' sent to object: 'Object Repository/ADMIN/Edit Text/Bespoke/Common Words/input_SKU_sku'

2020-03-20 15:02:07 - [TEST_STEP][PASSED] - sendKeys(findTestObject("ADMIN/Edit Text/Bespoke/Common Words/input_Save_sku"), "*"): Keys '*' sent to object: 'Object Repository/ADMIN/Edit Text/Bespoke/Common Words/input_Save_sku'

2020-03-20 15:02:08 - [MESSAGE][PASSED] - Keys '*' sent to object: 'Object Repository/ADMIN/Edit Text/Bespoke/Common Words/input_Save_sku'

2020-03-20 15:02:08 - [TEST_STEP][PASSED] - sendKeys(findTestObject("ADMIN/Edit Text/Bespoke/Common Words/input_Drop your image here or click to add one_sku"), "*"): Keys '*' sent to object: 'Object Repository/ADMIN/Edit Text/Bespoke/Common Words/input_Drop your image here or click to add one_sku'

2020-03-20 15:02:08 - [MESSAGE][PASSED] - Keys '*' sent to object: 'Object Repository/ADMIN/Edit Text/Bespoke/Common Words/input_Drop your image here or click to add one_sku'

2020-03-20 15:02:08 - [TEST_STEP][PASSED] - sendKeys(findTestObject("ADMIN/Edit Text/Bespoke/Common Words/input_Search_search"), "*"): Keys '*' sent to object: 'Object Repository/ADMIN/Edit Text/Bespoke/Common Words/input_Search_search'

2020-03-20 15:02:08 - [MESSAGE][PASSED] - Keys '*' sent to object: 'Object Repository/ADMIN/Edit Text/Bespoke/Common Words/input_Search_search'

2020-03-20 15:02:08 - [TEST_STEP][PASSED] - sendKeys(findTestObject("ADMIN/Edit Text/Bespoke/Common Words/input_Acknowledged_Acknowledged"), "*"): Keys '*' sent to object: 'Object Repository/ADMIN/Edit Text/Bespoke/Common Words/input_Acknowledged_Acknowledged'

2020-03-20 15:02:08 - [MESSAGE][PASSED] - Keys '*' sent to object: 'Object Repository/ADMIN/Edit Text/Bespoke/Common Words/input_Acknowledged_Acknowledged'

2020-03-20 15:02:08 - [TEST_STEP][PASSED] - sendKeys(findTestObject("ADMIN/Edit Text/Bespoke/Common Words/input_Processing_Processing"), "*"): Keys '*' sent to object: 'Object Repository/ADMIN/Edit Text/Bespoke/Common Words/input_Processing_Processing'

2020-03-20 15:02:09 - [MESSAGE][PASSED] - Keys '*' sent to object: 'Object Repository/ADMIN/Edit Text/Bespoke/Common Words/input_Processing_Processing'

2020-03-20 15:02:09 - [TEST_STEP][PASSED] - sendKeys(findTestObject("ADMIN/Edit Text/Bespoke/Common Words/input_Pending_Pending"), "*"): Keys '*' sent to object: 'Object Repository/ADMIN/Edit Text/Bespoke/Common Words/input_Pending_Pending'

2020-03-20 15:02:09 - [MESSAGE][PASSED] - Keys '*' sent to object: 'Object Repository/ADMIN/Edit Text/Bespoke/Common Words/input_Pending_Pending'

2020-03-20 15:02:09 - [TEST_STEP][PASSED] - sendKeys(findTestObject("ADMIN/Edit Text/Bespoke/Common Words/input_Paid_Paid"), "*"): Keys '*' sent to object: 'Object Repository/ADMIN/Edit Text/Bespoke/Common Words/input_Paid_Paid'

2020-03-20 15:02:09 - [MESSAGE][PASSED] - Keys '*' sent to object: 'Object Repository/ADMIN/Edit Text/Bespoke/Common Words/input_Paid_Paid'

2020-03-20 15:02:09 - [TEST_STEP][PASSED] - sendKeys(findTestObject("ADMIN/Edit Text/Bespoke/Common Words/input_Waiting for payments_Waitingforpayments"), "*"): Keys '*' sent to object: 'Object Repository/ADMIN/Edit Text/Bespoke/Common Words/input_Waiting for payments_Waitingforpayments'

2020-03-20 15:02:09 - [MESSAGE][PASSED] - Keys '*' sent to object: 'Object Repository/ADMIN/Edit Text/Bespoke/Common Words/input_Waiting for payments_Waitingforpayments'

2020-03-20 15:02:09 - [TEST_STEP][PASSED] - sendKeys(findTestObject("ADMIN/Edit Text/Bespoke/Common Words/input_Created_Created"), "*"): Keys '*' sent to object: 'Object Repository/ADMIN/Edit Text/Bespoke/Common Words/input_Created_Created'

2020-03-20 15:02:10 - [MESSAGE][PASSED] - Keys '*' sent to object: 'Object Repository/ADMIN/Edit Text/Bespoke/Common Words/input_Created_Created'

2020-03-20 15:02:10 - [TEST_STEP][PASSED] - sendKeys(findTestObject("ADMIN/Edit Text/Bespoke/Common Words/input_Fully Paid_FullyPaid"), "*"): Keys '*' sent to object: 'Object Repository/ADMIN/Edit Text/Bespoke/Common Words/input_Fully Paid_FullyPaid'

2020-03-20 15:02:10 - [MESSAGE][PASSED] - Keys '*' sent to object: 'Object Repository/ADMIN/Edit Text/Bespoke/Common Words/input_Fully Paid_FullyPaid'

2020-03-20 15:02:10 - [TEST_STEP][PASSED] - sendKeys(findTestObject("ADMIN/Edit Text/Bespoke/Common Words/input_Delivered_Delivered"), "*"): Keys '*' sent to object: 'Object Repository/ADMIN/Edit Text/Bespoke/Common Words/input_Delivered_Delivered'

2020-03-20 15:02:10 - [MESSAGE][PASSED] - Keys '*' sent to object: 'Object Repository/ADMIN/Edit Text/Bespoke/Common Words/input_Delivered_Delivered'

2020-03-20 15:02:10 - [TEST_STEP][PASSED] - sendKeys(findTestObject("ADMIN/Edit Text/Bespoke/Common Words/input_Ready for Pick-up_ReadyforPick-up"), "*"): Keys '*' sent to object: 'Object Repository/ADMIN/Edit Text/Bespoke/Common Words/input_Ready for Pick-up_ReadyforPick-up'

2020-03-20 15:02:10 - [MESSAGE][PASSED] - Keys '*' sent to object: 'Object Repository/ADMIN/Edit Text/Bespoke/Common Words/input_Ready for Pick-up_ReadyforPick-up'

2020-03-20 15:02:10 - [TEST_STEP][PASSED] - sendKeys(findTestObject("ADMIN/Edit Text/Bespoke/Common Words/input_Collected_Collected"), "*"): Keys '*' sent to object: 'Object Repository/ADMIN/Edit Text/Bespoke/Common Words/input_Collected_Collected'

2020-03-20 15:02:11 - [MESSAGE][PASSED] - Keys '*' sent to object: 'Object Repository/ADMIN/Edit Text/Bespoke/Common Words/input_Collected_Collected'

2020-03-20 15:02:11 - [TEST_STEP][PASSED] - sendKeys(findTestObject("ADMIN/Edit Text/Bespoke/Common Words/input_Refunded_Refunded"), "*"): Keys '*' sent to object: 'Object Repository/ADMIN/Edit Text/Bespoke/Common Words/input_Refunded_Refunded'

2020-03-20 15:02:11 - [MESSAGE][PASSED] - Keys '*' sent to object: 'Object Repository/ADMIN/Edit Text/Bespoke/Common Words/input_Refunded_Refunded'

2020-03-20 15:02:11 - [TEST_STEP][PASSED] - sendKeys(findTestObject("ADMIN/Edit Text/Bespoke/Common Words/input_MERCHANT ACCESS DENIED_merchant-access"), "*"): Keys '*' sent to object: 'Object Repository/ADMIN/Edit Text/Bespoke/Common Words/input_MERCHANT ACCESS DENIED_merchant-access'

2020-03-20 15:02:11 - [MESSAGE][PASSED] - Keys '*' sent to object: 'Object Repository/ADMIN/Edit Text/Bespoke/Common Words/input_MERCHANT ACCESS DENIED_merchant-access'

2020-03-20 15:02:11 - [TEST_STEP][PASSED] - sendKeys(findTestObject("ADMIN/Edit Text/Bespoke/Common Words/input_concat(Your action is not allowed Please contact the site  s administrator)_action-not-allowed"), "*"): Keys '*' sent to object: 'Object Repository/ADMIN/Edit Text/Bespoke/Common Words/input_concat(Your action is not allowed Please contact the site  s administrator)_action-not-allowed'

2020-03-20 15:02:11 - [MESSAGE][PASSED] - Keys '*' sent to object: 'Object Repository/ADMIN/Edit Text/Bespoke/Common Words/input_concat(Your action is not allowed Please contact the site  s administrator)_action-not-allowed'

2020-03-20 15:02:11 - [TEST_STEP][PASSED] - sendKeys(findTestObject("ADMIN/Edit Text/Bespoke/Common Words/input_No email allowed_no-email-allowed"), "*"): Keys '*' sent to object: 'Object Repository/ADMIN/Edit Text/Bespoke/Common Words/input_No email allowed_no-email-allowed'

2020-03-20 15:02:11 - [MESSAGE][PASSED] - Keys '*' sent to object: 'Object Repository/ADMIN/Edit Text/Bespoke/Common Words/input_No email allowed_no-email-allowed'

2020-03-20 15:02:11 - [TEST_STEP][PASSED] - click(findTestObject("ADMIN/Edit Text/Bespoke/Buyer Pages/Homepage/button_save"), CONTINUE_ON_FAILURE): Object: 'Object Repository/ADMIN/Edit Text/Bespoke/Buyer Pages/Homepage/button_save' is clicked on

2020-03-20 15:02:12 - [MESSAGE][PASSED] - Object: 'Object Repository/ADMIN/Edit Text/Bespoke/Buyer Pages/Homepage/button_save' is clicked on

2020-03-20 15:02:12 - [TEST_STEP][PASSED] - waitForElementVisible(findTestObject("ADMIN/Edit Text/Bespoke/Buyer Pages/Homepage/toaster_success"), 0): Object 'Object Repository/ADMIN/Edit Text/Bespoke/Buyer Pages/Homepage/toaster_success' is visible

2020-03-20 15:02:12 - [MESSAGE][WARNING] - Timeout '0' is invalid. Using default page load timeout: '30'

2020-03-20 15:02:12 - [MESSAGE][PASSED] - Object 'Object Repository/ADMIN/Edit Text/Bespoke/Buyer Pages/Homepage/toaster_success' is visible]]></system-out>
         <system-err><![CDATA[]]></system-err>
      </testcase>
      <testcase name="Test Cases/ADMIN/Language/Edit Text/Bespoke/Common Words/Common Words" time="7.706" classname="Test Cases/ADMIN/Language/Edit Text/Bespoke/Common Words/Common Words" status="PASSED">
         <system-out><![CDATA[2020-03-20 15:02:12 - [TEST_CASE][PASSED] - Test Cases/ADMIN/Language/Edit Text/Bespoke/Common Words/Common Words: Test Cases/ADMIN/Language/Edit Text/Bespoke/Common Words/Common Words

2020-03-20 15:02:12 - [TEST_STEP][PASSED] - waitForElementVisible(findTestObject("ADMIN/Edit Text/Bespoke/Buyer Navigation/dd_language"), 0): Object 'Object Repository/ADMIN/Edit Text/Bespoke/Buyer Navigation/dd_language' is visible

2020-03-20 15:02:13 - [MESSAGE][WARNING] - Timeout '0' is invalid. Using default page load timeout: '30'

2020-03-20 15:02:13 - [MESSAGE][PASSED] - Object 'Object Repository/ADMIN/Edit Text/Bespoke/Buyer Navigation/dd_language' is visible

2020-03-20 15:02:13 - [TEST_STEP][PASSED] - selectOptionByLabel(findTestObject("ADMIN/Edit Text/Bespoke/Buyer Navigation/dd_language"), varLanguage, false): All options with label 'German' are selected in object 'Object Repository/ADMIN/Edit Text/Bespoke/Buyer Navigation/dd_language' 

2020-03-20 15:02:14 - [MESSAGE][PASSED] - All options with label 'German' are selected in object 'Object Repository/ADMIN/Edit Text/Bespoke/Buyer Navigation/dd_language' 

2020-03-20 15:02:14 - [TEST_STEP][PASSED] - sendKeys(findTestObject("ADMIN/Edit Text/Bespoke/Common Words/input_Cash on delivery_cash-delivery"), "*"): Keys '*' sent to object: 'Object Repository/ADMIN/Edit Text/Bespoke/Common Words/input_Cash on delivery_cash-delivery'

2020-03-20 15:02:14 - [MESSAGE][PASSED] - Keys '*' sent to object: 'Object Repository/ADMIN/Edit Text/Bespoke/Common Words/input_Cash on delivery_cash-delivery'

2020-03-20 15:02:14 - [TEST_STEP][PASSED] - sendKeys(findTestObject("ADMIN/Edit Text/Bespoke/Common Words/input_Paid_paidcod"), "*"): Keys '*' sent to object: 'Object Repository/ADMIN/Edit Text/Bespoke/Common Words/input_Paid_paidcod'

2020-03-20 15:02:14 - [MESSAGE][PASSED] - Keys '*' sent to object: 'Object Repository/ADMIN/Edit Text/Bespoke/Common Words/input_Paid_paidcod'

2020-03-20 15:02:14 - [TEST_STEP][PASSED] - sendKeys(findTestObject("ADMIN/Edit Text/Bespoke/Common Words/input_To be collected_to_be_collected"), "*"): Keys '*' sent to object: 'Object Repository/ADMIN/Edit Text/Bespoke/Common Words/input_To be collected_to_be_collected'

2020-03-20 15:02:14 - [MESSAGE][PASSED] - Keys '*' sent to object: 'Object Repository/ADMIN/Edit Text/Bespoke/Common Words/input_To be collected_to_be_collected'

2020-03-20 15:02:14 - [TEST_STEP][PASSED] - sendKeys(findTestObject("ADMIN/Edit Text/Bespoke/Common Words/input_Delivery_delivery"), "*"): Keys '*' sent to object: 'Object Repository/ADMIN/Edit Text/Bespoke/Common Words/input_Delivery_delivery'

2020-03-20 15:02:15 - [MESSAGE][PASSED] - Keys '*' sent to object: 'Object Repository/ADMIN/Edit Text/Bespoke/Common Words/input_Delivery_delivery'

2020-03-20 15:02:15 - [TEST_STEP][PASSED] - sendKeys(findTestObject("ADMIN/Edit Text/Bespoke/Common Words/input_Pick up_pickup"), "*"): Keys '*' sent to object: 'Object Repository/ADMIN/Edit Text/Bespoke/Common Words/input_Pick up_pickup'

2020-03-20 15:02:15 - [MESSAGE][PASSED] - Keys '*' sent to object: 'Object Repository/ADMIN/Edit Text/Bespoke/Common Words/input_Pick up_pickup'

2020-03-20 15:02:15 - [TEST_STEP][PASSED] - sendKeys(findTestObject("ADMIN/Edit Text/Bespoke/Common Words/input_SKU_sku"), "*"): Keys '*' sent to object: 'Object Repository/ADMIN/Edit Text/Bespoke/Common Words/input_SKU_sku'

2020-03-20 15:02:15 - [MESSAGE][PASSED] - Keys '*' sent to object: 'Object Repository/ADMIN/Edit Text/Bespoke/Common Words/input_SKU_sku'

2020-03-20 15:02:15 - [TEST_STEP][PASSED] - sendKeys(findTestObject("ADMIN/Edit Text/Bespoke/Common Words/input_Save_sku"), "*"): Keys '*' sent to object: 'Object Repository/ADMIN/Edit Text/Bespoke/Common Words/input_Save_sku'

2020-03-20 15:02:16 - [MESSAGE][PASSED] - Keys '*' sent to object: 'Object Repository/ADMIN/Edit Text/Bespoke/Common Words/input_Save_sku'

2020-03-20 15:02:16 - [TEST_STEP][PASSED] - sendKeys(findTestObject("ADMIN/Edit Text/Bespoke/Common Words/input_Drop your image here or click to add one_sku"), "*"): Keys '*' sent to object: 'Object Repository/ADMIN/Edit Text/Bespoke/Common Words/input_Drop your image here or click to add one_sku'

2020-03-20 15:02:16 - [MESSAGE][PASSED] - Keys '*' sent to object: 'Object Repository/ADMIN/Edit Text/Bespoke/Common Words/input_Drop your image here or click to add one_sku'

2020-03-20 15:02:16 - [TEST_STEP][PASSED] - sendKeys(findTestObject("ADMIN/Edit Text/Bespoke/Common Words/input_Search_search"), "*"): Keys '*' sent to object: 'Object Repository/ADMIN/Edit Text/Bespoke/Common Words/input_Search_search'

2020-03-20 15:02:16 - [MESSAGE][PASSED] - Keys '*' sent to object: 'Object Repository/ADMIN/Edit Text/Bespoke/Common Words/input_Search_search'

2020-03-20 15:02:16 - [TEST_STEP][PASSED] - sendKeys(findTestObject("ADMIN/Edit Text/Bespoke/Common Words/input_Acknowledged_Acknowledged"), "*"): Keys '*' sent to object: 'Object Repository/ADMIN/Edit Text/Bespoke/Common Words/input_Acknowledged_Acknowledged'

2020-03-20 15:02:16 - [MESSAGE][PASSED] - Keys '*' sent to object: 'Object Repository/ADMIN/Edit Text/Bespoke/Common Words/input_Acknowledged_Acknowledged'

2020-03-20 15:02:16 - [TEST_STEP][PASSED] - sendKeys(findTestObject("ADMIN/Edit Text/Bespoke/Common Words/input_Processing_Processing"), "*"): Keys '*' sent to object: 'Object Repository/ADMIN/Edit Text/Bespoke/Common Words/input_Processing_Processing'

2020-03-20 15:02:17 - [MESSAGE][PASSED] - Keys '*' sent to object: 'Object Repository/ADMIN/Edit Text/Bespoke/Common Words/input_Processing_Processing'

2020-03-20 15:02:17 - [TEST_STEP][PASSED] - sendKeys(findTestObject("ADMIN/Edit Text/Bespoke/Common Words/input_Pending_Pending"), "*"): Keys '*' sent to object: 'Object Repository/ADMIN/Edit Text/Bespoke/Common Words/input_Pending_Pending'

2020-03-20 15:02:17 - [MESSAGE][PASSED] - Keys '*' sent to object: 'Object Repository/ADMIN/Edit Text/Bespoke/Common Words/input_Pending_Pending'

2020-03-20 15:02:17 - [TEST_STEP][PASSED] - sendKeys(findTestObject("ADMIN/Edit Text/Bespoke/Common Words/input_Paid_Paid"), "*"): Keys '*' sent to object: 'Object Repository/ADMIN/Edit Text/Bespoke/Common Words/input_Paid_Paid'

2020-03-20 15:02:17 - [MESSAGE][PASSED] - Keys '*' sent to object: 'Object Repository/ADMIN/Edit Text/Bespoke/Common Words/input_Paid_Paid'

2020-03-20 15:02:17 - [TEST_STEP][PASSED] - sendKeys(findTestObject("ADMIN/Edit Text/Bespoke/Common Words/input_Waiting for payments_Waitingforpayments"), "*"): Keys '*' sent to object: 'Object Repository/ADMIN/Edit Text/Bespoke/Common Words/input_Waiting for payments_Waitingforpayments'

2020-03-20 15:02:17 - [MESSAGE][PASSED] - Keys '*' sent to object: 'Object Repository/ADMIN/Edit Text/Bespoke/Common Words/input_Waiting for payments_Waitingforpayments'

2020-03-20 15:02:17 - [TEST_STEP][PASSED] - sendKeys(findTestObject("ADMIN/Edit Text/Bespoke/Common Words/input_Created_Created"), "*"): Keys '*' sent to object: 'Object Repository/ADMIN/Edit Text/Bespoke/Common Words/input_Created_Created'

2020-03-20 15:02:17 - [MESSAGE][PASSED] - Keys '*' sent to object: 'Object Repository/ADMIN/Edit Text/Bespoke/Common Words/input_Created_Created'

2020-03-20 15:02:17 - [TEST_STEP][PASSED] - sendKeys(findTestObject("ADMIN/Edit Text/Bespoke/Common Words/input_Fully Paid_FullyPaid"), "*"): Keys '*' sent to object: 'Object Repository/ADMIN/Edit Text/Bespoke/Common Words/input_Fully Paid_FullyPaid'

2020-03-20 15:02:18 - [MESSAGE][PASSED] - Keys '*' sent to object: 'Object Repository/ADMIN/Edit Text/Bespoke/Common Words/input_Fully Paid_FullyPaid'

2020-03-20 15:02:18 - [TEST_STEP][PASSED] - sendKeys(findTestObject("ADMIN/Edit Text/Bespoke/Common Words/input_Delivered_Delivered"), "*"): Keys '*' sent to object: 'Object Repository/ADMIN/Edit Text/Bespoke/Common Words/input_Delivered_Delivered'

2020-03-20 15:02:18 - [MESSAGE][PASSED] - Keys '*' sent to object: 'Object Repository/ADMIN/Edit Text/Bespoke/Common Words/input_Delivered_Delivered'

2020-03-20 15:02:18 - [TEST_STEP][PASSED] - sendKeys(findTestObject("ADMIN/Edit Text/Bespoke/Common Words/input_Ready for Pick-up_ReadyforPick-up"), "*"): Keys '*' sent to object: 'Object Repository/ADMIN/Edit Text/Bespoke/Common Words/input_Ready for Pick-up_ReadyforPick-up'

2020-03-20 15:02:18 - [MESSAGE][PASSED] - Keys '*' sent to object: 'Object Repository/ADMIN/Edit Text/Bespoke/Common Words/input_Ready for Pick-up_ReadyforPick-up'

2020-03-20 15:02:18 - [TEST_STEP][PASSED] - sendKeys(findTestObject("ADMIN/Edit Text/Bespoke/Common Words/input_Collected_Collected"), "*"): Keys '*' sent to object: 'Object Repository/ADMIN/Edit Text/Bespoke/Common Words/input_Collected_Collected'

2020-03-20 15:02:18 - [MESSAGE][PASSED] - Keys '*' sent to object: 'Object Repository/ADMIN/Edit Text/Bespoke/Common Words/input_Collected_Collected'

2020-03-20 15:02:18 - [TEST_STEP][PASSED] - sendKeys(findTestObject("ADMIN/Edit Text/Bespoke/Common Words/input_Refunded_Refunded"), "*"): Keys '*' sent to object: 'Object Repository/ADMIN/Edit Text/Bespoke/Common Words/input_Refunded_Refunded'

2020-03-20 15:02:19 - [MESSAGE][PASSED] - Keys '*' sent to object: 'Object Repository/ADMIN/Edit Text/Bespoke/Common Words/input_Refunded_Refunded'

2020-03-20 15:02:19 - [TEST_STEP][PASSED] - sendKeys(findTestObject("ADMIN/Edit Text/Bespoke/Common Words/input_MERCHANT ACCESS DENIED_merchant-access"), "*"): Keys '*' sent to object: 'Object Repository/ADMIN/Edit Text/Bespoke/Common Words/input_MERCHANT ACCESS DENIED_merchant-access'

2020-03-20 15:02:19 - [MESSAGE][PASSED] - Keys '*' sent to object: 'Object Repository/ADMIN/Edit Text/Bespoke/Common Words/input_MERCHANT ACCESS DENIED_merchant-access'

2020-03-20 15:02:19 - [TEST_STEP][PASSED] - sendKeys(findTestObject("ADMIN/Edit Text/Bespoke/Common Words/input_concat(Your action is not allowed Please contact the site  s administrator)_action-not-allowed"), "*"): Keys '*' sent to object: 'Object Repository/ADMIN/Edit Text/Bespoke/Common Words/input_concat(Your action is not allowed Please contact the site  s administrator)_action-not-allowed'

2020-03-20 15:02:19 - [MESSAGE][PASSED] - Keys '*' sent to object: 'Object Repository/ADMIN/Edit Text/Bespoke/Common Words/input_concat(Your action is not allowed Please contact the site  s administrator)_action-not-allowed'

2020-03-20 15:02:19 - [TEST_STEP][PASSED] - sendKeys(findTestObject("ADMIN/Edit Text/Bespoke/Common Words/input_No email allowed_no-email-allowed"), "*"): Keys '*' sent to object: 'Object Repository/ADMIN/Edit Text/Bespoke/Common Words/input_No email allowed_no-email-allowed'

2020-03-20 15:02:19 - [MESSAGE][PASSED] - Keys '*' sent to object: 'Object Repository/ADMIN/Edit Text/Bespoke/Common Words/input_No email allowed_no-email-allowed'

2020-03-20 15:02:19 - [TEST_STEP][PASSED] - click(findTestObject("ADMIN/Edit Text/Bespoke/Buyer Pages/Homepage/button_save"), CONTINUE_ON_FAILURE): Object: 'Object Repository/ADMIN/Edit Text/Bespoke/Buyer Pages/Homepage/button_save' is clicked on

2020-03-20 15:02:19 - [MESSAGE][PASSED] - Object: 'Object Repository/ADMIN/Edit Text/Bespoke/Buyer Pages/Homepage/button_save' is clicked on

2020-03-20 15:02:19 - [TEST_STEP][PASSED] - waitForElementVisible(findTestObject("ADMIN/Edit Text/Bespoke/Buyer Pages/Homepage/toaster_success"), 0): Object 'Object Repository/ADMIN/Edit Text/Bespoke/Buyer Pages/Homepage/toaster_success' is visible

2020-03-20 15:02:20 - [MESSAGE][WARNING] - Timeout '0' is invalid. Using default page load timeout: '30'

2020-03-20 15:02:20 - [MESSAGE][PASSED] - Object 'Object Repository/ADMIN/Edit Text/Bespoke/Buyer Pages/Homepage/toaster_success' is visible]]></system-out>
         <system-err><![CDATA[]]></system-err>
      </testcase>
      <testcase name="Test Cases/ADMIN/Language/Edit Text/Bespoke/Common Words/Common Words" time="6.666" classname="Test Cases/ADMIN/Language/Edit Text/Bespoke/Common Words/Common Words" status="PASSED">
         <system-out><![CDATA[2020-03-20 15:02:20 - [TEST_CASE][PASSED] - Test Cases/ADMIN/Language/Edit Text/Bespoke/Common Words/Common Words: Test Cases/ADMIN/Language/Edit Text/Bespoke/Common Words/Common Words

2020-03-20 15:02:20 - [TEST_STEP][PASSED] - waitForElementVisible(findTestObject("ADMIN/Edit Text/Bespoke/Buyer Navigation/dd_language"), 0): Object 'Object Repository/ADMIN/Edit Text/Bespoke/Buyer Navigation/dd_language' is visible

2020-03-20 15:02:20 - [MESSAGE][WARNING] - Timeout '0' is invalid. Using default page load timeout: '30'

2020-03-20 15:02:21 - [MESSAGE][PASSED] - Object 'Object Repository/ADMIN/Edit Text/Bespoke/Buyer Navigation/dd_language' is visible

2020-03-20 15:02:21 - [TEST_STEP][PASSED] - selectOptionByLabel(findTestObject("ADMIN/Edit Text/Bespoke/Buyer Navigation/dd_language"), varLanguage, false): All options with label 'Japanese' are selected in object 'Object Repository/ADMIN/Edit Text/Bespoke/Buyer Navigation/dd_language' 

2020-03-20 15:02:21 - [MESSAGE][PASSED] - All options with label 'Japanese' are selected in object 'Object Repository/ADMIN/Edit Text/Bespoke/Buyer Navigation/dd_language' 

2020-03-20 15:02:21 - [TEST_STEP][PASSED] - sendKeys(findTestObject("ADMIN/Edit Text/Bespoke/Common Words/input_Cash on delivery_cash-delivery"), "*"): Keys '*' sent to object: 'Object Repository/ADMIN/Edit Text/Bespoke/Common Words/input_Cash on delivery_cash-delivery'

2020-03-20 15:02:22 - [MESSAGE][PASSED] - Keys '*' sent to object: 'Object Repository/ADMIN/Edit Text/Bespoke/Common Words/input_Cash on delivery_cash-delivery'

2020-03-20 15:02:22 - [TEST_STEP][PASSED] - sendKeys(findTestObject("ADMIN/Edit Text/Bespoke/Common Words/input_Paid_paidcod"), "*"): Keys '*' sent to object: 'Object Repository/ADMIN/Edit Text/Bespoke/Common Words/input_Paid_paidcod'

2020-03-20 15:02:22 - [MESSAGE][PASSED] - Keys '*' sent to object: 'Object Repository/ADMIN/Edit Text/Bespoke/Common Words/input_Paid_paidcod'

2020-03-20 15:02:22 - [TEST_STEP][PASSED] - sendKeys(findTestObject("ADMIN/Edit Text/Bespoke/Common Words/input_To be collected_to_be_collected"), "*"): Keys '*' sent to object: 'Object Repository/ADMIN/Edit Text/Bespoke/Common Words/input_To be collected_to_be_collected'

2020-03-20 15:02:22 - [MESSAGE][PASSED] - Keys '*' sent to object: 'Object Repository/ADMIN/Edit Text/Bespoke/Common Words/input_To be collected_to_be_collected'

2020-03-20 15:02:22 - [TEST_STEP][PASSED] - sendKeys(findTestObject("ADMIN/Edit Text/Bespoke/Common Words/input_Delivery_delivery"), "*"): Keys '*' sent to object: 'Object Repository/ADMIN/Edit Text/Bespoke/Common Words/input_Delivery_delivery'

2020-03-20 15:02:22 - [MESSAGE][PASSED] - Keys '*' sent to object: 'Object Repository/ADMIN/Edit Text/Bespoke/Common Words/input_Delivery_delivery'

2020-03-20 15:02:22 - [TEST_STEP][PASSED] - sendKeys(findTestObject("ADMIN/Edit Text/Bespoke/Common Words/input_Pick up_pickup"), "*"): Keys '*' sent to object: 'Object Repository/ADMIN/Edit Text/Bespoke/Common Words/input_Pick up_pickup'

2020-03-20 15:02:23 - [MESSAGE][PASSED] - Keys '*' sent to object: 'Object Repository/ADMIN/Edit Text/Bespoke/Common Words/input_Pick up_pickup'

2020-03-20 15:02:23 - [TEST_STEP][PASSED] - sendKeys(findTestObject("ADMIN/Edit Text/Bespoke/Common Words/input_SKU_sku"), "*"): Keys '*' sent to object: 'Object Repository/ADMIN/Edit Text/Bespoke/Common Words/input_SKU_sku'

2020-03-20 15:02:23 - [MESSAGE][PASSED] - Keys '*' sent to object: 'Object Repository/ADMIN/Edit Text/Bespoke/Common Words/input_SKU_sku'

2020-03-20 15:02:23 - [TEST_STEP][PASSED] - sendKeys(findTestObject("ADMIN/Edit Text/Bespoke/Common Words/input_Save_sku"), "*"): Keys '*' sent to object: 'Object Repository/ADMIN/Edit Text/Bespoke/Common Words/input_Save_sku'

2020-03-20 15:02:23 - [MESSAGE][PASSED] - Keys '*' sent to object: 'Object Repository/ADMIN/Edit Text/Bespoke/Common Words/input_Save_sku'

2020-03-20 15:02:23 - [TEST_STEP][PASSED] - sendKeys(findTestObject("ADMIN/Edit Text/Bespoke/Common Words/input_Drop your image here or click to add one_sku"), "*"): Keys '*' sent to object: 'Object Repository/ADMIN/Edit Text/Bespoke/Common Words/input_Drop your image here or click to add one_sku'

2020-03-20 15:02:23 - [MESSAGE][PASSED] - Keys '*' sent to object: 'Object Repository/ADMIN/Edit Text/Bespoke/Common Words/input_Drop your image here or click to add one_sku'

2020-03-20 15:02:23 - [TEST_STEP][PASSED] - sendKeys(findTestObject("ADMIN/Edit Text/Bespoke/Common Words/input_Search_search"), "*"): Keys '*' sent to object: 'Object Repository/ADMIN/Edit Text/Bespoke/Common Words/input_Search_search'

2020-03-20 15:02:23 - [MESSAGE][PASSED] - Keys '*' sent to object: 'Object Repository/ADMIN/Edit Text/Bespoke/Common Words/input_Search_search'

2020-03-20 15:02:23 - [TEST_STEP][PASSED] - sendKeys(findTestObject("ADMIN/Edit Text/Bespoke/Common Words/input_Acknowledged_Acknowledged"), "*"): Keys '*' sent to object: 'Object Repository/ADMIN/Edit Text/Bespoke/Common Words/input_Acknowledged_Acknowledged'

2020-03-20 15:02:24 - [MESSAGE][PASSED] - Keys '*' sent to object: 'Object Repository/ADMIN/Edit Text/Bespoke/Common Words/input_Acknowledged_Acknowledged'

2020-03-20 15:02:24 - [TEST_STEP][PASSED] - sendKeys(findTestObject("ADMIN/Edit Text/Bespoke/Common Words/input_Processing_Processing"), "*"): Keys '*' sent to object: 'Object Repository/ADMIN/Edit Text/Bespoke/Common Words/input_Processing_Processing'

2020-03-20 15:02:24 - [MESSAGE][PASSED] - Keys '*' sent to object: 'Object Repository/ADMIN/Edit Text/Bespoke/Common Words/input_Processing_Processing'

2020-03-20 15:02:24 - [TEST_STEP][PASSED] - sendKeys(findTestObject("ADMIN/Edit Text/Bespoke/Common Words/input_Pending_Pending"), "*"): Keys '*' sent to object: 'Object Repository/ADMIN/Edit Text/Bespoke/Common Words/input_Pending_Pending'

2020-03-20 15:02:24 - [MESSAGE][PASSED] - Keys '*' sent to object: 'Object Repository/ADMIN/Edit Text/Bespoke/Common Words/input_Pending_Pending'

2020-03-20 15:02:24 - [TEST_STEP][PASSED] - sendKeys(findTestObject("ADMIN/Edit Text/Bespoke/Common Words/input_Paid_Paid"), "*"): Keys '*' sent to object: 'Object Repository/ADMIN/Edit Text/Bespoke/Common Words/input_Paid_Paid'

2020-03-20 15:02:24 - [MESSAGE][PASSED] - Keys '*' sent to object: 'Object Repository/ADMIN/Edit Text/Bespoke/Common Words/input_Paid_Paid'

2020-03-20 15:02:24 - [TEST_STEP][PASSED] - sendKeys(findTestObject("ADMIN/Edit Text/Bespoke/Common Words/input_Waiting for payments_Waitingforpayments"), "*"): Keys '*' sent to object: 'Object Repository/ADMIN/Edit Text/Bespoke/Common Words/input_Waiting for payments_Waitingforpayments'

2020-03-20 15:02:24 - [MESSAGE][PASSED] - Keys '*' sent to object: 'Object Repository/ADMIN/Edit Text/Bespoke/Common Words/input_Waiting for payments_Waitingforpayments'

2020-03-20 15:02:24 - [TEST_STEP][PASSED] - sendKeys(findTestObject("ADMIN/Edit Text/Bespoke/Common Words/input_Created_Created"), "*"): Keys '*' sent to object: 'Object Repository/ADMIN/Edit Text/Bespoke/Common Words/input_Created_Created'

2020-03-20 15:02:25 - [MESSAGE][PASSED] - Keys '*' sent to object: 'Object Repository/ADMIN/Edit Text/Bespoke/Common Words/input_Created_Created'

2020-03-20 15:02:25 - [TEST_STEP][PASSED] - sendKeys(findTestObject("ADMIN/Edit Text/Bespoke/Common Words/input_Fully Paid_FullyPaid"), "*"): Keys '*' sent to object: 'Object Repository/ADMIN/Edit Text/Bespoke/Common Words/input_Fully Paid_FullyPaid'

2020-03-20 15:02:25 - [MESSAGE][PASSED] - Keys '*' sent to object: 'Object Repository/ADMIN/Edit Text/Bespoke/Common Words/input_Fully Paid_FullyPaid'

2020-03-20 15:02:25 - [TEST_STEP][PASSED] - sendKeys(findTestObject("ADMIN/Edit Text/Bespoke/Common Words/input_Delivered_Delivered"), "*"): Keys '*' sent to object: 'Object Repository/ADMIN/Edit Text/Bespoke/Common Words/input_Delivered_Delivered'

2020-03-20 15:02:25 - [MESSAGE][PASSED] - Keys '*' sent to object: 'Object Repository/ADMIN/Edit Text/Bespoke/Common Words/input_Delivered_Delivered'

2020-03-20 15:02:25 - [TEST_STEP][PASSED] - sendKeys(findTestObject("ADMIN/Edit Text/Bespoke/Common Words/input_Ready for Pick-up_ReadyforPick-up"), "*"): Keys '*' sent to object: 'Object Repository/ADMIN/Edit Text/Bespoke/Common Words/input_Ready for Pick-up_ReadyforPick-up'

2020-03-20 15:02:25 - [MESSAGE][PASSED] - Keys '*' sent to object: 'Object Repository/ADMIN/Edit Text/Bespoke/Common Words/input_Ready for Pick-up_ReadyforPick-up'

2020-03-20 15:02:25 - [TEST_STEP][PASSED] - sendKeys(findTestObject("ADMIN/Edit Text/Bespoke/Common Words/input_Collected_Collected"), "*"): Keys '*' sent to object: 'Object Repository/ADMIN/Edit Text/Bespoke/Common Words/input_Collected_Collected'

2020-03-20 15:02:25 - [MESSAGE][PASSED] - Keys '*' sent to object: 'Object Repository/ADMIN/Edit Text/Bespoke/Common Words/input_Collected_Collected'

2020-03-20 15:02:25 - [TEST_STEP][PASSED] - sendKeys(findTestObject("ADMIN/Edit Text/Bespoke/Common Words/input_Refunded_Refunded"), "*"): Keys '*' sent to object: 'Object Repository/ADMIN/Edit Text/Bespoke/Common Words/input_Refunded_Refunded'

2020-03-20 15:02:26 - [MESSAGE][PASSED] - Keys '*' sent to object: 'Object Repository/ADMIN/Edit Text/Bespoke/Common Words/input_Refunded_Refunded'

2020-03-20 15:02:26 - [TEST_STEP][PASSED] - sendKeys(findTestObject("ADMIN/Edit Text/Bespoke/Common Words/input_MERCHANT ACCESS DENIED_merchant-access"), "*"): Keys '*' sent to object: 'Object Repository/ADMIN/Edit Text/Bespoke/Common Words/input_MERCHANT ACCESS DENIED_merchant-access'

2020-03-20 15:02:26 - [MESSAGE][PASSED] - Keys '*' sent to object: 'Object Repository/ADMIN/Edit Text/Bespoke/Common Words/input_MERCHANT ACCESS DENIED_merchant-access'

2020-03-20 15:02:26 - [TEST_STEP][PASSED] - sendKeys(findTestObject("ADMIN/Edit Text/Bespoke/Common Words/input_concat(Your action is not allowed Please contact the site  s administrator)_action-not-allowed"), "*"): Keys '*' sent to object: 'Object Repository/ADMIN/Edit Text/Bespoke/Common Words/input_concat(Your action is not allowed Please contact the site  s administrator)_action-not-allowed'

2020-03-20 15:02:26 - [MESSAGE][PASSED] - Keys '*' sent to object: 'Object Repository/ADMIN/Edit Text/Bespoke/Common Words/input_concat(Your action is not allowed Please contact the site  s administrator)_action-not-allowed'

2020-03-20 15:02:26 - [TEST_STEP][PASSED] - sendKeys(findTestObject("ADMIN/Edit Text/Bespoke/Common Words/input_No email allowed_no-email-allowed"), "*"): Keys '*' sent to object: 'Object Repository/ADMIN/Edit Text/Bespoke/Common Words/input_No email allowed_no-email-allowed'

2020-03-20 15:02:26 - [MESSAGE][PASSED] - Keys '*' sent to object: 'Object Repository/ADMIN/Edit Text/Bespoke/Common Words/input_No email allowed_no-email-allowed'

2020-03-20 15:02:26 - [TEST_STEP][PASSED] - click(findTestObject("ADMIN/Edit Text/Bespoke/Buyer Pages/Homepage/button_save"), CONTINUE_ON_FAILURE): Object: 'Object Repository/ADMIN/Edit Text/Bespoke/Buyer Pages/Homepage/button_save' is clicked on

2020-03-20 15:02:26 - [MESSAGE][PASSED] - Object: 'Object Repository/ADMIN/Edit Text/Bespoke/Buyer Pages/Homepage/button_save' is clicked on

2020-03-20 15:02:26 - [TEST_STEP][PASSED] - waitForElementVisible(findTestObject("ADMIN/Edit Text/Bespoke/Buyer Pages/Homepage/toaster_success"), 0): Object 'Object Repository/ADMIN/Edit Text/Bespoke/Buyer Pages/Homepage/toaster_success' is visible

2020-03-20 15:02:26 - [MESSAGE][WARNING] - Timeout '0' is invalid. Using default page load timeout: '30'

2020-03-20 15:02:27 - [MESSAGE][PASSED] - Object 'Object Repository/ADMIN/Edit Text/Bespoke/Buyer Pages/Homepage/toaster_success' is visible]]></system-out>
         <system-err><![CDATA[]]></system-err>
      </testcase>
      <testcase name="Test Cases/ADMIN/Language/Edit Text/Bespoke/Common Words/Common Words" time="7.515" classname="Test Cases/ADMIN/Language/Edit Text/Bespoke/Common Words/Common Words" status="PASSED">
         <system-out><![CDATA[2020-03-20 15:02:27 - [TEST_CASE][PASSED] - Test Cases/ADMIN/Language/Edit Text/Bespoke/Common Words/Common Words: Test Cases/ADMIN/Language/Edit Text/Bespoke/Common Words/Common Words

2020-03-20 15:02:27 - [TEST_STEP][PASSED] - waitForElementVisible(findTestObject("ADMIN/Edit Text/Bespoke/Buyer Navigation/dd_language"), 0): Object 'Object Repository/ADMIN/Edit Text/Bespoke/Buyer Navigation/dd_language' is visible

2020-03-20 15:02:27 - [MESSAGE][WARNING] - Timeout '0' is invalid. Using default page load timeout: '30'

2020-03-20 15:02:27 - [MESSAGE][PASSED] - Object 'Object Repository/ADMIN/Edit Text/Bespoke/Buyer Navigation/dd_language' is visible

2020-03-20 15:02:27 - [TEST_STEP][PASSED] - selectOptionByLabel(findTestObject("ADMIN/Edit Text/Bespoke/Buyer Navigation/dd_language"), varLanguage, false): All options with label 'Chinese (Traditional)' are selected in object 'Object Repository/ADMIN/Edit Text/Bespoke/Buyer Navigation/dd_language' 

2020-03-20 15:02:28 - [MESSAGE][PASSED] - All options with label 'Chinese (Traditional)' are selected in object 'Object Repository/ADMIN/Edit Text/Bespoke/Buyer Navigation/dd_language' 

2020-03-20 15:02:28 - [TEST_STEP][PASSED] - sendKeys(findTestObject("ADMIN/Edit Text/Bespoke/Common Words/input_Cash on delivery_cash-delivery"), "*"): Keys '*' sent to object: 'Object Repository/ADMIN/Edit Text/Bespoke/Common Words/input_Cash on delivery_cash-delivery'

2020-03-20 15:02:29 - [MESSAGE][PASSED] - Keys '*' sent to object: 'Object Repository/ADMIN/Edit Text/Bespoke/Common Words/input_Cash on delivery_cash-delivery'

2020-03-20 15:02:29 - [TEST_STEP][PASSED] - sendKeys(findTestObject("ADMIN/Edit Text/Bespoke/Common Words/input_Paid_paidcod"), "*"): Keys '*' sent to object: 'Object Repository/ADMIN/Edit Text/Bespoke/Common Words/input_Paid_paidcod'

2020-03-20 15:02:29 - [MESSAGE][PASSED] - Keys '*' sent to object: 'Object Repository/ADMIN/Edit Text/Bespoke/Common Words/input_Paid_paidcod'

2020-03-20 15:02:29 - [TEST_STEP][PASSED] - sendKeys(findTestObject("ADMIN/Edit Text/Bespoke/Common Words/input_To be collected_to_be_collected"), "*"): Keys '*' sent to object: 'Object Repository/ADMIN/Edit Text/Bespoke/Common Words/input_To be collected_to_be_collected'

2020-03-20 15:02:30 - [MESSAGE][PASSED] - Keys '*' sent to object: 'Object Repository/ADMIN/Edit Text/Bespoke/Common Words/input_To be collected_to_be_collected'

2020-03-20 15:02:30 - [TEST_STEP][PASSED] - sendKeys(findTestObject("ADMIN/Edit Text/Bespoke/Common Words/input_Delivery_delivery"), "*"): Keys '*' sent to object: 'Object Repository/ADMIN/Edit Text/Bespoke/Common Words/input_Delivery_delivery'

2020-03-20 15:02:30 - [MESSAGE][PASSED] - Keys '*' sent to object: 'Object Repository/ADMIN/Edit Text/Bespoke/Common Words/input_Delivery_delivery'

2020-03-20 15:02:30 - [TEST_STEP][PASSED] - sendKeys(findTestObject("ADMIN/Edit Text/Bespoke/Common Words/input_Pick up_pickup"), "*"): Keys '*' sent to object: 'Object Repository/ADMIN/Edit Text/Bespoke/Common Words/input_Pick up_pickup'

2020-03-20 15:02:30 - [MESSAGE][PASSED] - Keys '*' sent to object: 'Object Repository/ADMIN/Edit Text/Bespoke/Common Words/input_Pick up_pickup'

2020-03-20 15:02:30 - [TEST_STEP][PASSED] - sendKeys(findTestObject("ADMIN/Edit Text/Bespoke/Common Words/input_SKU_sku"), "*"): Keys '*' sent to object: 'Object Repository/ADMIN/Edit Text/Bespoke/Common Words/input_SKU_sku'

2020-03-20 15:02:30 - [MESSAGE][PASSED] - Keys '*' sent to object: 'Object Repository/ADMIN/Edit Text/Bespoke/Common Words/input_SKU_sku'

2020-03-20 15:02:30 - [TEST_STEP][PASSED] - sendKeys(findTestObject("ADMIN/Edit Text/Bespoke/Common Words/input_Save_sku"), "*"): Keys '*' sent to object: 'Object Repository/ADMIN/Edit Text/Bespoke/Common Words/input_Save_sku'

2020-03-20 15:02:30 - [MESSAGE][PASSED] - Keys '*' sent to object: 'Object Repository/ADMIN/Edit Text/Bespoke/Common Words/input_Save_sku'

2020-03-20 15:02:30 - [TEST_STEP][PASSED] - sendKeys(findTestObject("ADMIN/Edit Text/Bespoke/Common Words/input_Drop your image here or click to add one_sku"), "*"): Keys '*' sent to object: 'Object Repository/ADMIN/Edit Text/Bespoke/Common Words/input_Drop your image here or click to add one_sku'

2020-03-20 15:02:30 - [MESSAGE][PASSED] - Keys '*' sent to object: 'Object Repository/ADMIN/Edit Text/Bespoke/Common Words/input_Drop your image here or click to add one_sku'

2020-03-20 15:02:30 - [TEST_STEP][PASSED] - sendKeys(findTestObject("ADMIN/Edit Text/Bespoke/Common Words/input_Search_search"), "*"): Keys '*' sent to object: 'Object Repository/ADMIN/Edit Text/Bespoke/Common Words/input_Search_search'

2020-03-20 15:02:31 - [MESSAGE][PASSED] - Keys '*' sent to object: 'Object Repository/ADMIN/Edit Text/Bespoke/Common Words/input_Search_search'

2020-03-20 15:02:31 - [TEST_STEP][PASSED] - sendKeys(findTestObject("ADMIN/Edit Text/Bespoke/Common Words/input_Acknowledged_Acknowledged"), "*"): Keys '*' sent to object: 'Object Repository/ADMIN/Edit Text/Bespoke/Common Words/input_Acknowledged_Acknowledged'

2020-03-20 15:02:31 - [MESSAGE][PASSED] - Keys '*' sent to object: 'Object Repository/ADMIN/Edit Text/Bespoke/Common Words/input_Acknowledged_Acknowledged'

2020-03-20 15:02:31 - [TEST_STEP][PASSED] - sendKeys(findTestObject("ADMIN/Edit Text/Bespoke/Common Words/input_Processing_Processing"), "*"): Keys '*' sent to object: 'Object Repository/ADMIN/Edit Text/Bespoke/Common Words/input_Processing_Processing'

2020-03-20 15:02:31 - [MESSAGE][PASSED] - Keys '*' sent to object: 'Object Repository/ADMIN/Edit Text/Bespoke/Common Words/input_Processing_Processing'

2020-03-20 15:02:31 - [TEST_STEP][PASSED] - sendKeys(findTestObject("ADMIN/Edit Text/Bespoke/Common Words/input_Pending_Pending"), "*"): Keys '*' sent to object: 'Object Repository/ADMIN/Edit Text/Bespoke/Common Words/input_Pending_Pending'

2020-03-20 15:02:31 - [MESSAGE][PASSED] - Keys '*' sent to object: 'Object Repository/ADMIN/Edit Text/Bespoke/Common Words/input_Pending_Pending'

2020-03-20 15:02:31 - [TEST_STEP][PASSED] - sendKeys(findTestObject("ADMIN/Edit Text/Bespoke/Common Words/input_Paid_Paid"), "*"): Keys '*' sent to object: 'Object Repository/ADMIN/Edit Text/Bespoke/Common Words/input_Paid_Paid'

2020-03-20 15:02:32 - [MESSAGE][PASSED] - Keys '*' sent to object: 'Object Repository/ADMIN/Edit Text/Bespoke/Common Words/input_Paid_Paid'

2020-03-20 15:02:32 - [TEST_STEP][PASSED] - sendKeys(findTestObject("ADMIN/Edit Text/Bespoke/Common Words/input_Waiting for payments_Waitingforpayments"), "*"): Keys '*' sent to object: 'Object Repository/ADMIN/Edit Text/Bespoke/Common Words/input_Waiting for payments_Waitingforpayments'

2020-03-20 15:02:32 - [MESSAGE][PASSED] - Keys '*' sent to object: 'Object Repository/ADMIN/Edit Text/Bespoke/Common Words/input_Waiting for payments_Waitingforpayments'

2020-03-20 15:02:32 - [TEST_STEP][PASSED] - sendKeys(findTestObject("ADMIN/Edit Text/Bespoke/Common Words/input_Created_Created"), "*"): Keys '*' sent to object: 'Object Repository/ADMIN/Edit Text/Bespoke/Common Words/input_Created_Created'

2020-03-20 15:02:32 - [MESSAGE][PASSED] - Keys '*' sent to object: 'Object Repository/ADMIN/Edit Text/Bespoke/Common Words/input_Created_Created'

2020-03-20 15:02:32 - [TEST_STEP][PASSED] - sendKeys(findTestObject("ADMIN/Edit Text/Bespoke/Common Words/input_Fully Paid_FullyPaid"), "*"): Keys '*' sent to object: 'Object Repository/ADMIN/Edit Text/Bespoke/Common Words/input_Fully Paid_FullyPaid'

2020-03-20 15:02:32 - [MESSAGE][PASSED] - Keys '*' sent to object: 'Object Repository/ADMIN/Edit Text/Bespoke/Common Words/input_Fully Paid_FullyPaid'

2020-03-20 15:02:32 - [TEST_STEP][PASSED] - sendKeys(findTestObject("ADMIN/Edit Text/Bespoke/Common Words/input_Delivered_Delivered"), "*"): Keys '*' sent to object: 'Object Repository/ADMIN/Edit Text/Bespoke/Common Words/input_Delivered_Delivered'

2020-03-20 15:02:32 - [MESSAGE][PASSED] - Keys '*' sent to object: 'Object Repository/ADMIN/Edit Text/Bespoke/Common Words/input_Delivered_Delivered'

2020-03-20 15:02:32 - [TEST_STEP][PASSED] - sendKeys(findTestObject("ADMIN/Edit Text/Bespoke/Common Words/input_Ready for Pick-up_ReadyforPick-up"), "*"): Keys '*' sent to object: 'Object Repository/ADMIN/Edit Text/Bespoke/Common Words/input_Ready for Pick-up_ReadyforPick-up'

2020-03-20 15:02:32 - [MESSAGE][PASSED] - Keys '*' sent to object: 'Object Repository/ADMIN/Edit Text/Bespoke/Common Words/input_Ready for Pick-up_ReadyforPick-up'

2020-03-20 15:02:32 - [TEST_STEP][PASSED] - sendKeys(findTestObject("ADMIN/Edit Text/Bespoke/Common Words/input_Collected_Collected"), "*"): Keys '*' sent to object: 'Object Repository/ADMIN/Edit Text/Bespoke/Common Words/input_Collected_Collected'

2020-03-20 15:02:33 - [MESSAGE][PASSED] - Keys '*' sent to object: 'Object Repository/ADMIN/Edit Text/Bespoke/Common Words/input_Collected_Collected'

2020-03-20 15:02:33 - [TEST_STEP][PASSED] - sendKeys(findTestObject("ADMIN/Edit Text/Bespoke/Common Words/input_Refunded_Refunded"), "*"): Keys '*' sent to object: 'Object Repository/ADMIN/Edit Text/Bespoke/Common Words/input_Refunded_Refunded'

2020-03-20 15:02:33 - [MESSAGE][PASSED] - Keys '*' sent to object: 'Object Repository/ADMIN/Edit Text/Bespoke/Common Words/input_Refunded_Refunded'

2020-03-20 15:02:33 - [TEST_STEP][PASSED] - sendKeys(findTestObject("ADMIN/Edit Text/Bespoke/Common Words/input_MERCHANT ACCESS DENIED_merchant-access"), "*"): Keys '*' sent to object: 'Object Repository/ADMIN/Edit Text/Bespoke/Common Words/input_MERCHANT ACCESS DENIED_merchant-access'

2020-03-20 15:02:33 - [MESSAGE][PASSED] - Keys '*' sent to object: 'Object Repository/ADMIN/Edit Text/Bespoke/Common Words/input_MERCHANT ACCESS DENIED_merchant-access'

2020-03-20 15:02:33 - [TEST_STEP][PASSED] - sendKeys(findTestObject("ADMIN/Edit Text/Bespoke/Common Words/input_concat(Your action is not allowed Please contact the site  s administrator)_action-not-allowed"), "*"): Keys '*' sent to object: 'Object Repository/ADMIN/Edit Text/Bespoke/Common Words/input_concat(Your action is not allowed Please contact the site  s administrator)_action-not-allowed'

2020-03-20 15:02:33 - [MESSAGE][PASSED] - Keys '*' sent to object: 'Object Repository/ADMIN/Edit Text/Bespoke/Common Words/input_concat(Your action is not allowed Please contact the site  s administrator)_action-not-allowed'

2020-03-20 15:02:33 - [TEST_STEP][PASSED] - sendKeys(findTestObject("ADMIN/Edit Text/Bespoke/Common Words/input_No email allowed_no-email-allowed"), "*"): Keys '*' sent to object: 'Object Repository/ADMIN/Edit Text/Bespoke/Common Words/input_No email allowed_no-email-allowed'

2020-03-20 15:02:33 - [MESSAGE][PASSED] - Keys '*' sent to object: 'Object Repository/ADMIN/Edit Text/Bespoke/Common Words/input_No email allowed_no-email-allowed'

2020-03-20 15:02:33 - [TEST_STEP][PASSED] - click(findTestObject("ADMIN/Edit Text/Bespoke/Buyer Pages/Homepage/button_save"), CONTINUE_ON_FAILURE): Object: 'Object Repository/ADMIN/Edit Text/Bespoke/Buyer Pages/Homepage/button_save' is clicked on

2020-03-20 15:02:34 - [MESSAGE][PASSED] - Object: 'Object Repository/ADMIN/Edit Text/Bespoke/Buyer Pages/Homepage/button_save' is clicked on

2020-03-20 15:02:34 - [TEST_STEP][PASSED] - waitForElementVisible(findTestObject("ADMIN/Edit Text/Bespoke/Buyer Pages/Homepage/toaster_success"), 0): Object 'Object Repository/ADMIN/Edit Text/Bespoke/Buyer Pages/Homepage/toaster_success' is visible

2020-03-20 15:02:34 - [MESSAGE][WARNING] - Timeout '0' is invalid. Using default page load timeout: '30'

2020-03-20 15:02:34 - [MESSAGE][PASSED] - Object 'Object Repository/ADMIN/Edit Text/Bespoke/Buyer Pages/Homepage/toaster_success' is visible]]></system-out>
         <system-err><![CDATA[]]></system-err>
      </testcase>
      <testcase name="Test Cases/ADMIN/Language/Edit Text/Bespoke/Common Words/Common Words" time="7.401" classname="Test Cases/ADMIN/Language/Edit Text/Bespoke/Common Words/Common Words" status="PASSED">
         <system-out><![CDATA[2020-03-20 15:02:34 - [TEST_CASE][PASSED] - Test Cases/ADMIN/Language/Edit Text/Bespoke/Common Words/Common Words: Test Cases/ADMIN/Language/Edit Text/Bespoke/Common Words/Common Words

2020-03-20 15:02:34 - [TEST_STEP][PASSED] - waitForElementVisible(findTestObject("ADMIN/Edit Text/Bespoke/Buyer Navigation/dd_language"), 0): Object 'Object Repository/ADMIN/Edit Text/Bespoke/Buyer Navigation/dd_language' is visible

2020-03-20 15:02:34 - [MESSAGE][WARNING] - Timeout '0' is invalid. Using default page load timeout: '30'

2020-03-20 15:02:35 - [MESSAGE][PASSED] - Object 'Object Repository/ADMIN/Edit Text/Bespoke/Buyer Navigation/dd_language' is visible

2020-03-20 15:02:35 - [TEST_STEP][PASSED] - selectOptionByLabel(findTestObject("ADMIN/Edit Text/Bespoke/Buyer Navigation/dd_language"), varLanguage, false): All options with label 'Portuguese' are selected in object 'Object Repository/ADMIN/Edit Text/Bespoke/Buyer Navigation/dd_language' 

2020-03-20 15:02:36 - [MESSAGE][PASSED] - All options with label 'Portuguese' are selected in object 'Object Repository/ADMIN/Edit Text/Bespoke/Buyer Navigation/dd_language' 

2020-03-20 15:02:36 - [TEST_STEP][PASSED] - sendKeys(findTestObject("ADMIN/Edit Text/Bespoke/Common Words/input_Cash on delivery_cash-delivery"), "*"): Keys '*' sent to object: 'Object Repository/ADMIN/Edit Text/Bespoke/Common Words/input_Cash on delivery_cash-delivery'

2020-03-20 15:02:36 - [MESSAGE][PASSED] - Keys '*' sent to object: 'Object Repository/ADMIN/Edit Text/Bespoke/Common Words/input_Cash on delivery_cash-delivery'

2020-03-20 15:02:36 - [TEST_STEP][PASSED] - sendKeys(findTestObject("ADMIN/Edit Text/Bespoke/Common Words/input_Paid_paidcod"), "*"): Keys '*' sent to object: 'Object Repository/ADMIN/Edit Text/Bespoke/Common Words/input_Paid_paidcod'

2020-03-20 15:02:36 - [MESSAGE][PASSED] - Keys '*' sent to object: 'Object Repository/ADMIN/Edit Text/Bespoke/Common Words/input_Paid_paidcod'

2020-03-20 15:02:36 - [TEST_STEP][PASSED] - sendKeys(findTestObject("ADMIN/Edit Text/Bespoke/Common Words/input_To be collected_to_be_collected"), "*"): Keys '*' sent to object: 'Object Repository/ADMIN/Edit Text/Bespoke/Common Words/input_To be collected_to_be_collected'

2020-03-20 15:02:37 - [MESSAGE][PASSED] - Keys '*' sent to object: 'Object Repository/ADMIN/Edit Text/Bespoke/Common Words/input_To be collected_to_be_collected'

2020-03-20 15:02:37 - [TEST_STEP][PASSED] - sendKeys(findTestObject("ADMIN/Edit Text/Bespoke/Common Words/input_Delivery_delivery"), "*"): Keys '*' sent to object: 'Object Repository/ADMIN/Edit Text/Bespoke/Common Words/input_Delivery_delivery'

2020-03-20 15:02:37 - [MESSAGE][PASSED] - Keys '*' sent to object: 'Object Repository/ADMIN/Edit Text/Bespoke/Common Words/input_Delivery_delivery'

2020-03-20 15:02:37 - [TEST_STEP][PASSED] - sendKeys(findTestObject("ADMIN/Edit Text/Bespoke/Common Words/input_Pick up_pickup"), "*"): Keys '*' sent to object: 'Object Repository/ADMIN/Edit Text/Bespoke/Common Words/input_Pick up_pickup'

2020-03-20 15:02:37 - [MESSAGE][PASSED] - Keys '*' sent to object: 'Object Repository/ADMIN/Edit Text/Bespoke/Common Words/input_Pick up_pickup'

2020-03-20 15:02:37 - [TEST_STEP][PASSED] - sendKeys(findTestObject("ADMIN/Edit Text/Bespoke/Common Words/input_SKU_sku"), "*"): Keys '*' sent to object: 'Object Repository/ADMIN/Edit Text/Bespoke/Common Words/input_SKU_sku'

2020-03-20 15:02:37 - [MESSAGE][PASSED] - Keys '*' sent to object: 'Object Repository/ADMIN/Edit Text/Bespoke/Common Words/input_SKU_sku'

2020-03-20 15:02:37 - [TEST_STEP][PASSED] - sendKeys(findTestObject("ADMIN/Edit Text/Bespoke/Common Words/input_Save_sku"), "*"): Keys '*' sent to object: 'Object Repository/ADMIN/Edit Text/Bespoke/Common Words/input_Save_sku'

2020-03-20 15:02:37 - [MESSAGE][PASSED] - Keys '*' sent to object: 'Object Repository/ADMIN/Edit Text/Bespoke/Common Words/input_Save_sku'

2020-03-20 15:02:37 - [TEST_STEP][PASSED] - sendKeys(findTestObject("ADMIN/Edit Text/Bespoke/Common Words/input_Drop your image here or click to add one_sku"), "*"): Keys '*' sent to object: 'Object Repository/ADMIN/Edit Text/Bespoke/Common Words/input_Drop your image here or click to add one_sku'

2020-03-20 15:02:37 - [MESSAGE][PASSED] - Keys '*' sent to object: 'Object Repository/ADMIN/Edit Text/Bespoke/Common Words/input_Drop your image here or click to add one_sku'

2020-03-20 15:02:37 - [TEST_STEP][PASSED] - sendKeys(findTestObject("ADMIN/Edit Text/Bespoke/Common Words/input_Search_search"), "*"): Keys '*' sent to object: 'Object Repository/ADMIN/Edit Text/Bespoke/Common Words/input_Search_search'

2020-03-20 15:02:38 - [MESSAGE][PASSED] - Keys '*' sent to object: 'Object Repository/ADMIN/Edit Text/Bespoke/Common Words/input_Search_search'

2020-03-20 15:02:38 - [TEST_STEP][PASSED] - sendKeys(findTestObject("ADMIN/Edit Text/Bespoke/Common Words/input_Acknowledged_Acknowledged"), "*"): Keys '*' sent to object: 'Object Repository/ADMIN/Edit Text/Bespoke/Common Words/input_Acknowledged_Acknowledged'

2020-03-20 15:02:38 - [MESSAGE][PASSED] - Keys '*' sent to object: 'Object Repository/ADMIN/Edit Text/Bespoke/Common Words/input_Acknowledged_Acknowledged'

2020-03-20 15:02:38 - [TEST_STEP][PASSED] - sendKeys(findTestObject("ADMIN/Edit Text/Bespoke/Common Words/input_Processing_Processing"), "*"): Keys '*' sent to object: 'Object Repository/ADMIN/Edit Text/Bespoke/Common Words/input_Processing_Processing'

2020-03-20 15:02:38 - [MESSAGE][PASSED] - Keys '*' sent to object: 'Object Repository/ADMIN/Edit Text/Bespoke/Common Words/input_Processing_Processing'

2020-03-20 15:02:38 - [TEST_STEP][PASSED] - sendKeys(findTestObject("ADMIN/Edit Text/Bespoke/Common Words/input_Pending_Pending"), "*"): Keys '*' sent to object: 'Object Repository/ADMIN/Edit Text/Bespoke/Common Words/input_Pending_Pending'

2020-03-20 15:02:38 - [MESSAGE][PASSED] - Keys '*' sent to object: 'Object Repository/ADMIN/Edit Text/Bespoke/Common Words/input_Pending_Pending'

2020-03-20 15:02:38 - [TEST_STEP][PASSED] - sendKeys(findTestObject("ADMIN/Edit Text/Bespoke/Common Words/input_Paid_Paid"), "*"): Keys '*' sent to object: 'Object Repository/ADMIN/Edit Text/Bespoke/Common Words/input_Paid_Paid'

2020-03-20 15:02:39 - [MESSAGE][PASSED] - Keys '*' sent to object: 'Object Repository/ADMIN/Edit Text/Bespoke/Common Words/input_Paid_Paid'

2020-03-20 15:02:39 - [TEST_STEP][PASSED] - sendKeys(findTestObject("ADMIN/Edit Text/Bespoke/Common Words/input_Waiting for payments_Waitingforpayments"), "*"): Keys '*' sent to object: 'Object Repository/ADMIN/Edit Text/Bespoke/Common Words/input_Waiting for payments_Waitingforpayments'

2020-03-20 15:02:39 - [MESSAGE][PASSED] - Keys '*' sent to object: 'Object Repository/ADMIN/Edit Text/Bespoke/Common Words/input_Waiting for payments_Waitingforpayments'

2020-03-20 15:02:39 - [TEST_STEP][PASSED] - sendKeys(findTestObject("ADMIN/Edit Text/Bespoke/Common Words/input_Created_Created"), "*"): Keys '*' sent to object: 'Object Repository/ADMIN/Edit Text/Bespoke/Common Words/input_Created_Created'

2020-03-20 15:02:39 - [MESSAGE][PASSED] - Keys '*' sent to object: 'Object Repository/ADMIN/Edit Text/Bespoke/Common Words/input_Created_Created'

2020-03-20 15:02:39 - [TEST_STEP][PASSED] - sendKeys(findTestObject("ADMIN/Edit Text/Bespoke/Common Words/input_Fully Paid_FullyPaid"), "*"): Keys '*' sent to object: 'Object Repository/ADMIN/Edit Text/Bespoke/Common Words/input_Fully Paid_FullyPaid'

2020-03-20 15:02:39 - [MESSAGE][PASSED] - Keys '*' sent to object: 'Object Repository/ADMIN/Edit Text/Bespoke/Common Words/input_Fully Paid_FullyPaid'

2020-03-20 15:02:39 - [TEST_STEP][PASSED] - sendKeys(findTestObject("ADMIN/Edit Text/Bespoke/Common Words/input_Delivered_Delivered"), "*"): Keys '*' sent to object: 'Object Repository/ADMIN/Edit Text/Bespoke/Common Words/input_Delivered_Delivered'

2020-03-20 15:02:40 - [MESSAGE][PASSED] - Keys '*' sent to object: 'Object Repository/ADMIN/Edit Text/Bespoke/Common Words/input_Delivered_Delivered'

2020-03-20 15:02:40 - [TEST_STEP][PASSED] - sendKeys(findTestObject("ADMIN/Edit Text/Bespoke/Common Words/input_Ready for Pick-up_ReadyforPick-up"), "*"): Keys '*' sent to object: 'Object Repository/ADMIN/Edit Text/Bespoke/Common Words/input_Ready for Pick-up_ReadyforPick-up'

2020-03-20 15:02:40 - [MESSAGE][PASSED] - Keys '*' sent to object: 'Object Repository/ADMIN/Edit Text/Bespoke/Common Words/input_Ready for Pick-up_ReadyforPick-up'

2020-03-20 15:02:40 - [TEST_STEP][PASSED] - sendKeys(findTestObject("ADMIN/Edit Text/Bespoke/Common Words/input_Collected_Collected"), "*"): Keys '*' sent to object: 'Object Repository/ADMIN/Edit Text/Bespoke/Common Words/input_Collected_Collected'

2020-03-20 15:02:40 - [MESSAGE][PASSED] - Keys '*' sent to object: 'Object Repository/ADMIN/Edit Text/Bespoke/Common Words/input_Collected_Collected'

2020-03-20 15:02:40 - [TEST_STEP][PASSED] - sendKeys(findTestObject("ADMIN/Edit Text/Bespoke/Common Words/input_Refunded_Refunded"), "*"): Keys '*' sent to object: 'Object Repository/ADMIN/Edit Text/Bespoke/Common Words/input_Refunded_Refunded'

2020-03-20 15:02:40 - [MESSAGE][PASSED] - Keys '*' sent to object: 'Object Repository/ADMIN/Edit Text/Bespoke/Common Words/input_Refunded_Refunded'

2020-03-20 15:02:40 - [TEST_STEP][PASSED] - sendKeys(findTestObject("ADMIN/Edit Text/Bespoke/Common Words/input_MERCHANT ACCESS DENIED_merchant-access"), "*"): Keys '*' sent to object: 'Object Repository/ADMIN/Edit Text/Bespoke/Common Words/input_MERCHANT ACCESS DENIED_merchant-access'

2020-03-20 15:02:40 - [MESSAGE][PASSED] - Keys '*' sent to object: 'Object Repository/ADMIN/Edit Text/Bespoke/Common Words/input_MERCHANT ACCESS DENIED_merchant-access'

2020-03-20 15:02:40 - [TEST_STEP][PASSED] - sendKeys(findTestObject("ADMIN/Edit Text/Bespoke/Common Words/input_concat(Your action is not allowed Please contact the site  s administrator)_action-not-allowed"), "*"): Keys '*' sent to object: 'Object Repository/ADMIN/Edit Text/Bespoke/Common Words/input_concat(Your action is not allowed Please contact the site  s administrator)_action-not-allowed'

2020-03-20 15:02:40 - [MESSAGE][PASSED] - Keys '*' sent to object: 'Object Repository/ADMIN/Edit Text/Bespoke/Common Words/input_concat(Your action is not allowed Please contact the site  s administrator)_action-not-allowed'

2020-03-20 15:02:40 - [TEST_STEP][PASSED] - sendKeys(findTestObject("ADMIN/Edit Text/Bespoke/Common Words/input_No email allowed_no-email-allowed"), "*"): Keys '*' sent to object: 'Object Repository/ADMIN/Edit Text/Bespoke/Common Words/input_No email allowed_no-email-allowed'

2020-03-20 15:02:41 - [MESSAGE][PASSED] - Keys '*' sent to object: 'Object Repository/ADMIN/Edit Text/Bespoke/Common Words/input_No email allowed_no-email-allowed'

2020-03-20 15:02:41 - [TEST_STEP][PASSED] - click(findTestObject("ADMIN/Edit Text/Bespoke/Buyer Pages/Homepage/button_save"), CONTINUE_ON_FAILURE): Object: 'Object Repository/ADMIN/Edit Text/Bespoke/Buyer Pages/Homepage/button_save' is clicked on

2020-03-20 15:02:41 - [MESSAGE][PASSED] - Object: 'Object Repository/ADMIN/Edit Text/Bespoke/Buyer Pages/Homepage/button_save' is clicked on

2020-03-20 15:02:41 - [TEST_STEP][PASSED] - waitForElementVisible(findTestObject("ADMIN/Edit Text/Bespoke/Buyer Pages/Homepage/toaster_success"), 0): Object 'Object Repository/ADMIN/Edit Text/Bespoke/Buyer Pages/Homepage/toaster_success' is visible

2020-03-20 15:02:41 - [MESSAGE][WARNING] - Timeout '0' is invalid. Using default page load timeout: '30'

2020-03-20 15:02:42 - [MESSAGE][PASSED] - Object 'Object Repository/ADMIN/Edit Text/Bespoke/Buyer Pages/Homepage/toaster_success' is visible]]></system-out>
         <system-err><![CDATA[]]></system-err>
      </testcase>
      <testcase name="Test Cases/ADMIN/Language/Edit Text/Bespoke/Common Words/Common Words" time="7.234" classname="Test Cases/ADMIN/Language/Edit Text/Bespoke/Common Words/Common Words" status="PASSED">
         <system-out><![CDATA[2020-03-20 15:02:42 - [TEST_CASE][PASSED] - Test Cases/ADMIN/Language/Edit Text/Bespoke/Common Words/Common Words: Test Cases/ADMIN/Language/Edit Text/Bespoke/Common Words/Common Words

2020-03-20 15:02:42 - [TEST_STEP][PASSED] - waitForElementVisible(findTestObject("ADMIN/Edit Text/Bespoke/Buyer Navigation/dd_language"), 0): Object 'Object Repository/ADMIN/Edit Text/Bespoke/Buyer Navigation/dd_language' is visible

2020-03-20 15:02:42 - [MESSAGE][WARNING] - Timeout '0' is invalid. Using default page load timeout: '30'

2020-03-20 15:02:42 - [MESSAGE][PASSED] - Object 'Object Repository/ADMIN/Edit Text/Bespoke/Buyer Navigation/dd_language' is visible

2020-03-20 15:02:42 - [TEST_STEP][PASSED] - selectOptionByLabel(findTestObject("ADMIN/Edit Text/Bespoke/Buyer Navigation/dd_language"), varLanguage, false): All options with label 'Indonesian' are selected in object 'Object Repository/ADMIN/Edit Text/Bespoke/Buyer Navigation/dd_language' 

2020-03-20 15:02:43 - [MESSAGE][PASSED] - All options with label 'Indonesian' are selected in object 'Object Repository/ADMIN/Edit Text/Bespoke/Buyer Navigation/dd_language' 

2020-03-20 15:02:43 - [TEST_STEP][PASSED] - sendKeys(findTestObject("ADMIN/Edit Text/Bespoke/Common Words/input_Cash on delivery_cash-delivery"), "*"): Keys '*' sent to object: 'Object Repository/ADMIN/Edit Text/Bespoke/Common Words/input_Cash on delivery_cash-delivery'

2020-03-20 15:02:43 - [MESSAGE][PASSED] - Keys '*' sent to object: 'Object Repository/ADMIN/Edit Text/Bespoke/Common Words/input_Cash on delivery_cash-delivery'

2020-03-20 15:02:43 - [TEST_STEP][PASSED] - sendKeys(findTestObject("ADMIN/Edit Text/Bespoke/Common Words/input_Paid_paidcod"), "*"): Keys '*' sent to object: 'Object Repository/ADMIN/Edit Text/Bespoke/Common Words/input_Paid_paidcod'

2020-03-20 15:02:43 - [MESSAGE][PASSED] - Keys '*' sent to object: 'Object Repository/ADMIN/Edit Text/Bespoke/Common Words/input_Paid_paidcod'

2020-03-20 15:02:43 - [TEST_STEP][PASSED] - sendKeys(findTestObject("ADMIN/Edit Text/Bespoke/Common Words/input_To be collected_to_be_collected"), "*"): Keys '*' sent to object: 'Object Repository/ADMIN/Edit Text/Bespoke/Common Words/input_To be collected_to_be_collected'

2020-03-20 15:02:44 - [MESSAGE][PASSED] - Keys '*' sent to object: 'Object Repository/ADMIN/Edit Text/Bespoke/Common Words/input_To be collected_to_be_collected'

2020-03-20 15:02:44 - [TEST_STEP][PASSED] - sendKeys(findTestObject("ADMIN/Edit Text/Bespoke/Common Words/input_Delivery_delivery"), "*"): Keys '*' sent to object: 'Object Repository/ADMIN/Edit Text/Bespoke/Common Words/input_Delivery_delivery'

2020-03-20 15:02:44 - [MESSAGE][PASSED] - Keys '*' sent to object: 'Object Repository/ADMIN/Edit Text/Bespoke/Common Words/input_Delivery_delivery'

2020-03-20 15:02:44 - [TEST_STEP][PASSED] - sendKeys(findTestObject("ADMIN/Edit Text/Bespoke/Common Words/input_Pick up_pickup"), "*"): Keys '*' sent to object: 'Object Repository/ADMIN/Edit Text/Bespoke/Common Words/input_Pick up_pickup'

2020-03-20 15:02:44 - [MESSAGE][PASSED] - Keys '*' sent to object: 'Object Repository/ADMIN/Edit Text/Bespoke/Common Words/input_Pick up_pickup'

2020-03-20 15:02:44 - [TEST_STEP][PASSED] - sendKeys(findTestObject("ADMIN/Edit Text/Bespoke/Common Words/input_SKU_sku"), "*"): Keys '*' sent to object: 'Object Repository/ADMIN/Edit Text/Bespoke/Common Words/input_SKU_sku'

2020-03-20 15:02:45 - [MESSAGE][PASSED] - Keys '*' sent to object: 'Object Repository/ADMIN/Edit Text/Bespoke/Common Words/input_SKU_sku'

2020-03-20 15:02:45 - [TEST_STEP][PASSED] - sendKeys(findTestObject("ADMIN/Edit Text/Bespoke/Common Words/input_Save_sku"), "*"): Keys '*' sent to object: 'Object Repository/ADMIN/Edit Text/Bespoke/Common Words/input_Save_sku'

2020-03-20 15:02:45 - [MESSAGE][PASSED] - Keys '*' sent to object: 'Object Repository/ADMIN/Edit Text/Bespoke/Common Words/input_Save_sku'

2020-03-20 15:02:45 - [TEST_STEP][PASSED] - sendKeys(findTestObject("ADMIN/Edit Text/Bespoke/Common Words/input_Drop your image here or click to add one_sku"), "*"): Keys '*' sent to object: 'Object Repository/ADMIN/Edit Text/Bespoke/Common Words/input_Drop your image here or click to add one_sku'

2020-03-20 15:02:45 - [MESSAGE][PASSED] - Keys '*' sent to object: 'Object Repository/ADMIN/Edit Text/Bespoke/Common Words/input_Drop your image here or click to add one_sku'

2020-03-20 15:02:45 - [TEST_STEP][PASSED] - sendKeys(findTestObject("ADMIN/Edit Text/Bespoke/Common Words/input_Search_search"), "*"): Keys '*' sent to object: 'Object Repository/ADMIN/Edit Text/Bespoke/Common Words/input_Search_search'

2020-03-20 15:02:45 - [MESSAGE][PASSED] - Keys '*' sent to object: 'Object Repository/ADMIN/Edit Text/Bespoke/Common Words/input_Search_search'

2020-03-20 15:02:45 - [TEST_STEP][PASSED] - sendKeys(findTestObject("ADMIN/Edit Text/Bespoke/Common Words/input_Acknowledged_Acknowledged"), "*"): Keys '*' sent to object: 'Object Repository/ADMIN/Edit Text/Bespoke/Common Words/input_Acknowledged_Acknowledged'

2020-03-20 15:02:45 - [MESSAGE][PASSED] - Keys '*' sent to object: 'Object Repository/ADMIN/Edit Text/Bespoke/Common Words/input_Acknowledged_Acknowledged'

2020-03-20 15:02:45 - [TEST_STEP][PASSED] - sendKeys(findTestObject("ADMIN/Edit Text/Bespoke/Common Words/input_Processing_Processing"), "*"): Keys '*' sent to object: 'Object Repository/ADMIN/Edit Text/Bespoke/Common Words/input_Processing_Processing'

2020-03-20 15:02:46 - [MESSAGE][PASSED] - Keys '*' sent to object: 'Object Repository/ADMIN/Edit Text/Bespoke/Common Words/input_Processing_Processing'

2020-03-20 15:02:46 - [TEST_STEP][PASSED] - sendKeys(findTestObject("ADMIN/Edit Text/Bespoke/Common Words/input_Pending_Pending"), "*"): Keys '*' sent to object: 'Object Repository/ADMIN/Edit Text/Bespoke/Common Words/input_Pending_Pending'

2020-03-20 15:02:46 - [MESSAGE][PASSED] - Keys '*' sent to object: 'Object Repository/ADMIN/Edit Text/Bespoke/Common Words/input_Pending_Pending'

2020-03-20 15:02:46 - [TEST_STEP][PASSED] - sendKeys(findTestObject("ADMIN/Edit Text/Bespoke/Common Words/input_Paid_Paid"), "*"): Keys '*' sent to object: 'Object Repository/ADMIN/Edit Text/Bespoke/Common Words/input_Paid_Paid'

2020-03-20 15:02:46 - [MESSAGE][PASSED] - Keys '*' sent to object: 'Object Repository/ADMIN/Edit Text/Bespoke/Common Words/input_Paid_Paid'

2020-03-20 15:02:46 - [TEST_STEP][PASSED] - sendKeys(findTestObject("ADMIN/Edit Text/Bespoke/Common Words/input_Waiting for payments_Waitingforpayments"), "*"): Keys '*' sent to object: 'Object Repository/ADMIN/Edit Text/Bespoke/Common Words/input_Waiting for payments_Waitingforpayments'

2020-03-20 15:02:46 - [MESSAGE][PASSED] - Keys '*' sent to object: 'Object Repository/ADMIN/Edit Text/Bespoke/Common Words/input_Waiting for payments_Waitingforpayments'

2020-03-20 15:02:46 - [TEST_STEP][PASSED] - sendKeys(findTestObject("ADMIN/Edit Text/Bespoke/Common Words/input_Created_Created"), "*"): Keys '*' sent to object: 'Object Repository/ADMIN/Edit Text/Bespoke/Common Words/input_Created_Created'

2020-03-20 15:02:46 - [MESSAGE][PASSED] - Keys '*' sent to object: 'Object Repository/ADMIN/Edit Text/Bespoke/Common Words/input_Created_Created'

2020-03-20 15:02:46 - [TEST_STEP][PASSED] - sendKeys(findTestObject("ADMIN/Edit Text/Bespoke/Common Words/input_Fully Paid_FullyPaid"), "*"): Keys '*' sent to object: 'Object Repository/ADMIN/Edit Text/Bespoke/Common Words/input_Fully Paid_FullyPaid'

2020-03-20 15:02:46 - [MESSAGE][PASSED] - Keys '*' sent to object: 'Object Repository/ADMIN/Edit Text/Bespoke/Common Words/input_Fully Paid_FullyPaid'

2020-03-20 15:02:46 - [TEST_STEP][PASSED] - sendKeys(findTestObject("ADMIN/Edit Text/Bespoke/Common Words/input_Delivered_Delivered"), "*"): Keys '*' sent to object: 'Object Repository/ADMIN/Edit Text/Bespoke/Common Words/input_Delivered_Delivered'

2020-03-20 15:02:47 - [MESSAGE][PASSED] - Keys '*' sent to object: 'Object Repository/ADMIN/Edit Text/Bespoke/Common Words/input_Delivered_Delivered'

2020-03-20 15:02:47 - [TEST_STEP][PASSED] - sendKeys(findTestObject("ADMIN/Edit Text/Bespoke/Common Words/input_Ready for Pick-up_ReadyforPick-up"), "*"): Keys '*' sent to object: 'Object Repository/ADMIN/Edit Text/Bespoke/Common Words/input_Ready for Pick-up_ReadyforPick-up'

2020-03-20 15:02:47 - [MESSAGE][PASSED] - Keys '*' sent to object: 'Object Repository/ADMIN/Edit Text/Bespoke/Common Words/input_Ready for Pick-up_ReadyforPick-up'

2020-03-20 15:02:47 - [TEST_STEP][PASSED] - sendKeys(findTestObject("ADMIN/Edit Text/Bespoke/Common Words/input_Collected_Collected"), "*"): Keys '*' sent to object: 'Object Repository/ADMIN/Edit Text/Bespoke/Common Words/input_Collected_Collected'

2020-03-20 15:02:47 - [MESSAGE][PASSED] - Keys '*' sent to object: 'Object Repository/ADMIN/Edit Text/Bespoke/Common Words/input_Collected_Collected'

2020-03-20 15:02:47 - [TEST_STEP][PASSED] - sendKeys(findTestObject("ADMIN/Edit Text/Bespoke/Common Words/input_Refunded_Refunded"), "*"): Keys '*' sent to object: 'Object Repository/ADMIN/Edit Text/Bespoke/Common Words/input_Refunded_Refunded'

2020-03-20 15:02:47 - [MESSAGE][PASSED] - Keys '*' sent to object: 'Object Repository/ADMIN/Edit Text/Bespoke/Common Words/input_Refunded_Refunded'

2020-03-20 15:02:47 - [TEST_STEP][PASSED] - sendKeys(findTestObject("ADMIN/Edit Text/Bespoke/Common Words/input_MERCHANT ACCESS DENIED_merchant-access"), "*"): Keys '*' sent to object: 'Object Repository/ADMIN/Edit Text/Bespoke/Common Words/input_MERCHANT ACCESS DENIED_merchant-access'

2020-03-20 15:02:48 - [MESSAGE][PASSED] - Keys '*' sent to object: 'Object Repository/ADMIN/Edit Text/Bespoke/Common Words/input_MERCHANT ACCESS DENIED_merchant-access'

2020-03-20 15:02:48 - [TEST_STEP][PASSED] - sendKeys(findTestObject("ADMIN/Edit Text/Bespoke/Common Words/input_concat(Your action is not allowed Please contact the site  s administrator)_action-not-allowed"), "*"): Keys '*' sent to object: 'Object Repository/ADMIN/Edit Text/Bespoke/Common Words/input_concat(Your action is not allowed Please contact the site  s administrator)_action-not-allowed'

2020-03-20 15:02:48 - [MESSAGE][PASSED] - Keys '*' sent to object: 'Object Repository/ADMIN/Edit Text/Bespoke/Common Words/input_concat(Your action is not allowed Please contact the site  s administrator)_action-not-allowed'

2020-03-20 15:02:48 - [TEST_STEP][PASSED] - sendKeys(findTestObject("ADMIN/Edit Text/Bespoke/Common Words/input_No email allowed_no-email-allowed"), "*"): Keys '*' sent to object: 'Object Repository/ADMIN/Edit Text/Bespoke/Common Words/input_No email allowed_no-email-allowed'

2020-03-20 15:02:48 - [MESSAGE][PASSED] - Keys '*' sent to object: 'Object Repository/ADMIN/Edit Text/Bespoke/Common Words/input_No email allowed_no-email-allowed'

2020-03-20 15:02:48 - [TEST_STEP][PASSED] - click(findTestObject("ADMIN/Edit Text/Bespoke/Buyer Pages/Homepage/button_save"), CONTINUE_ON_FAILURE): Object: 'Object Repository/ADMIN/Edit Text/Bespoke/Buyer Pages/Homepage/button_save' is clicked on

2020-03-20 15:02:48 - [MESSAGE][PASSED] - Object: 'Object Repository/ADMIN/Edit Text/Bespoke/Buyer Pages/Homepage/button_save' is clicked on

2020-03-20 15:02:48 - [TEST_STEP][PASSED] - waitForElementVisible(findTestObject("ADMIN/Edit Text/Bespoke/Buyer Pages/Homepage/toaster_success"), 0): Object 'Object Repository/ADMIN/Edit Text/Bespoke/Buyer Pages/Homepage/toaster_success' is visible

2020-03-20 15:02:48 - [MESSAGE][WARNING] - Timeout '0' is invalid. Using default page load timeout: '30'

2020-03-20 15:02:49 - [MESSAGE][PASSED] - Object 'Object Repository/ADMIN/Edit Text/Bespoke/Buyer Pages/Homepage/toaster_success' is visible]]></system-out>
         <system-err><![CDATA[]]></system-err>
      </testcase>
      <testcase name="Test Cases/ADMIN/Language/Edit Text/Bespoke/Common Words/Common Words" time="7.616" classname="Test Cases/ADMIN/Language/Edit Text/Bespoke/Common Words/Common Words" status="PASSED">
         <system-out><![CDATA[2020-03-20 15:02:49 - [TEST_CASE][PASSED] - Test Cases/ADMIN/Language/Edit Text/Bespoke/Common Words/Common Words: Test Cases/ADMIN/Language/Edit Text/Bespoke/Common Words/Common Words

2020-03-20 15:02:49 - [TEST_STEP][PASSED] - waitForElementVisible(findTestObject("ADMIN/Edit Text/Bespoke/Buyer Navigation/dd_language"), 0): Object 'Object Repository/ADMIN/Edit Text/Bespoke/Buyer Navigation/dd_language' is visible

2020-03-20 15:02:49 - [MESSAGE][WARNING] - Timeout '0' is invalid. Using default page load timeout: '30'

2020-03-20 15:02:49 - [MESSAGE][PASSED] - Object 'Object Repository/ADMIN/Edit Text/Bespoke/Buyer Navigation/dd_language' is visible

2020-03-20 15:02:49 - [TEST_STEP][PASSED] - selectOptionByLabel(findTestObject("ADMIN/Edit Text/Bespoke/Buyer Navigation/dd_language"), varLanguage, false): All options with label 'Russian' are selected in object 'Object Repository/ADMIN/Edit Text/Bespoke/Buyer Navigation/dd_language' 

2020-03-20 15:02:50 - [MESSAGE][PASSED] - All options with label 'Russian' are selected in object 'Object Repository/ADMIN/Edit Text/Bespoke/Buyer Navigation/dd_language' 

2020-03-20 15:02:50 - [TEST_STEP][PASSED] - sendKeys(findTestObject("ADMIN/Edit Text/Bespoke/Common Words/input_Cash on delivery_cash-delivery"), "*"): Keys '*' sent to object: 'Object Repository/ADMIN/Edit Text/Bespoke/Common Words/input_Cash on delivery_cash-delivery'

2020-03-20 15:02:50 - [MESSAGE][PASSED] - Keys '*' sent to object: 'Object Repository/ADMIN/Edit Text/Bespoke/Common Words/input_Cash on delivery_cash-delivery'

2020-03-20 15:02:50 - [TEST_STEP][PASSED] - sendKeys(findTestObject("ADMIN/Edit Text/Bespoke/Common Words/input_Paid_paidcod"), "*"): Keys '*' sent to object: 'Object Repository/ADMIN/Edit Text/Bespoke/Common Words/input_Paid_paidcod'

2020-03-20 15:02:51 - [MESSAGE][PASSED] - Keys '*' sent to object: 'Object Repository/ADMIN/Edit Text/Bespoke/Common Words/input_Paid_paidcod'

2020-03-20 15:02:51 - [TEST_STEP][PASSED] - sendKeys(findTestObject("ADMIN/Edit Text/Bespoke/Common Words/input_To be collected_to_be_collected"), "*"): Keys '*' sent to object: 'Object Repository/ADMIN/Edit Text/Bespoke/Common Words/input_To be collected_to_be_collected'

2020-03-20 15:02:51 - [MESSAGE][PASSED] - Keys '*' sent to object: 'Object Repository/ADMIN/Edit Text/Bespoke/Common Words/input_To be collected_to_be_collected'

2020-03-20 15:02:51 - [TEST_STEP][PASSED] - sendKeys(findTestObject("ADMIN/Edit Text/Bespoke/Common Words/input_Delivery_delivery"), "*"): Keys '*' sent to object: 'Object Repository/ADMIN/Edit Text/Bespoke/Common Words/input_Delivery_delivery'

2020-03-20 15:02:51 - [MESSAGE][PASSED] - Keys '*' sent to object: 'Object Repository/ADMIN/Edit Text/Bespoke/Common Words/input_Delivery_delivery'

2020-03-20 15:02:51 - [TEST_STEP][PASSED] - sendKeys(findTestObject("ADMIN/Edit Text/Bespoke/Common Words/input_Pick up_pickup"), "*"): Keys '*' sent to object: 'Object Repository/ADMIN/Edit Text/Bespoke/Common Words/input_Pick up_pickup'

2020-03-20 15:02:52 - [MESSAGE][PASSED] - Keys '*' sent to object: 'Object Repository/ADMIN/Edit Text/Bespoke/Common Words/input_Pick up_pickup'

2020-03-20 15:02:52 - [TEST_STEP][PASSED] - sendKeys(findTestObject("ADMIN/Edit Text/Bespoke/Common Words/input_SKU_sku"), "*"): Keys '*' sent to object: 'Object Repository/ADMIN/Edit Text/Bespoke/Common Words/input_SKU_sku'

2020-03-20 15:02:52 - [MESSAGE][PASSED] - Keys '*' sent to object: 'Object Repository/ADMIN/Edit Text/Bespoke/Common Words/input_SKU_sku'

2020-03-20 15:02:52 - [TEST_STEP][PASSED] - sendKeys(findTestObject("ADMIN/Edit Text/Bespoke/Common Words/input_Save_sku"), "*"): Keys '*' sent to object: 'Object Repository/ADMIN/Edit Text/Bespoke/Common Words/input_Save_sku'

2020-03-20 15:02:52 - [MESSAGE][PASSED] - Keys '*' sent to object: 'Object Repository/ADMIN/Edit Text/Bespoke/Common Words/input_Save_sku'

2020-03-20 15:02:52 - [TEST_STEP][PASSED] - sendKeys(findTestObject("ADMIN/Edit Text/Bespoke/Common Words/input_Drop your image here or click to add one_sku"), "*"): Keys '*' sent to object: 'Object Repository/ADMIN/Edit Text/Bespoke/Common Words/input_Drop your image here or click to add one_sku'

2020-03-20 15:02:52 - [MESSAGE][PASSED] - Keys '*' sent to object: 'Object Repository/ADMIN/Edit Text/Bespoke/Common Words/input_Drop your image here or click to add one_sku'

2020-03-20 15:02:52 - [TEST_STEP][PASSED] - sendKeys(findTestObject("ADMIN/Edit Text/Bespoke/Common Words/input_Search_search"), "*"): Keys '*' sent to object: 'Object Repository/ADMIN/Edit Text/Bespoke/Common Words/input_Search_search'

2020-03-20 15:02:53 - [MESSAGE][PASSED] - Keys '*' sent to object: 'Object Repository/ADMIN/Edit Text/Bespoke/Common Words/input_Search_search'

2020-03-20 15:02:53 - [TEST_STEP][PASSED] - sendKeys(findTestObject("ADMIN/Edit Text/Bespoke/Common Words/input_Acknowledged_Acknowledged"), "*"): Keys '*' sent to object: 'Object Repository/ADMIN/Edit Text/Bespoke/Common Words/input_Acknowledged_Acknowledged'

2020-03-20 15:02:53 - [MESSAGE][PASSED] - Keys '*' sent to object: 'Object Repository/ADMIN/Edit Text/Bespoke/Common Words/input_Acknowledged_Acknowledged'

2020-03-20 15:02:53 - [TEST_STEP][PASSED] - sendKeys(findTestObject("ADMIN/Edit Text/Bespoke/Common Words/input_Processing_Processing"), "*"): Keys '*' sent to object: 'Object Repository/ADMIN/Edit Text/Bespoke/Common Words/input_Processing_Processing'

2020-03-20 15:02:53 - [MESSAGE][PASSED] - Keys '*' sent to object: 'Object Repository/ADMIN/Edit Text/Bespoke/Common Words/input_Processing_Processing'

2020-03-20 15:02:53 - [TEST_STEP][PASSED] - sendKeys(findTestObject("ADMIN/Edit Text/Bespoke/Common Words/input_Pending_Pending"), "*"): Keys '*' sent to object: 'Object Repository/ADMIN/Edit Text/Bespoke/Common Words/input_Pending_Pending'

2020-03-20 15:02:53 - [MESSAGE][PASSED] - Keys '*' sent to object: 'Object Repository/ADMIN/Edit Text/Bespoke/Common Words/input_Pending_Pending'

2020-03-20 15:02:53 - [TEST_STEP][PASSED] - sendKeys(findTestObject("ADMIN/Edit Text/Bespoke/Common Words/input_Paid_Paid"), "*"): Keys '*' sent to object: 'Object Repository/ADMIN/Edit Text/Bespoke/Common Words/input_Paid_Paid'

2020-03-20 15:02:54 - [MESSAGE][PASSED] - Keys '*' sent to object: 'Object Repository/ADMIN/Edit Text/Bespoke/Common Words/input_Paid_Paid'

2020-03-20 15:02:54 - [TEST_STEP][PASSED] - sendKeys(findTestObject("ADMIN/Edit Text/Bespoke/Common Words/input_Waiting for payments_Waitingforpayments"), "*"): Keys '*' sent to object: 'Object Repository/ADMIN/Edit Text/Bespoke/Common Words/input_Waiting for payments_Waitingforpayments'

2020-03-20 15:02:54 - [MESSAGE][PASSED] - Keys '*' sent to object: 'Object Repository/ADMIN/Edit Text/Bespoke/Common Words/input_Waiting for payments_Waitingforpayments'

2020-03-20 15:02:54 - [TEST_STEP][PASSED] - sendKeys(findTestObject("ADMIN/Edit Text/Bespoke/Common Words/input_Created_Created"), "*"): Keys '*' sent to object: 'Object Repository/ADMIN/Edit Text/Bespoke/Common Words/input_Created_Created'

2020-03-20 15:02:54 - [MESSAGE][PASSED] - Keys '*' sent to object: 'Object Repository/ADMIN/Edit Text/Bespoke/Common Words/input_Created_Created'

2020-03-20 15:02:54 - [TEST_STEP][PASSED] - sendKeys(findTestObject("ADMIN/Edit Text/Bespoke/Common Words/input_Fully Paid_FullyPaid"), "*"): Keys '*' sent to object: 'Object Repository/ADMIN/Edit Text/Bespoke/Common Words/input_Fully Paid_FullyPaid'

2020-03-20 15:02:54 - [MESSAGE][PASSED] - Keys '*' sent to object: 'Object Repository/ADMIN/Edit Text/Bespoke/Common Words/input_Fully Paid_FullyPaid'

2020-03-20 15:02:54 - [TEST_STEP][PASSED] - sendKeys(findTestObject("ADMIN/Edit Text/Bespoke/Common Words/input_Delivered_Delivered"), "*"): Keys '*' sent to object: 'Object Repository/ADMIN/Edit Text/Bespoke/Common Words/input_Delivered_Delivered'

2020-03-20 15:02:54 - [MESSAGE][PASSED] - Keys '*' sent to object: 'Object Repository/ADMIN/Edit Text/Bespoke/Common Words/input_Delivered_Delivered'

2020-03-20 15:02:54 - [TEST_STEP][PASSED] - sendKeys(findTestObject("ADMIN/Edit Text/Bespoke/Common Words/input_Ready for Pick-up_ReadyforPick-up"), "*"): Keys '*' sent to object: 'Object Repository/ADMIN/Edit Text/Bespoke/Common Words/input_Ready for Pick-up_ReadyforPick-up'

2020-03-20 15:02:55 - [MESSAGE][PASSED] - Keys '*' sent to object: 'Object Repository/ADMIN/Edit Text/Bespoke/Common Words/input_Ready for Pick-up_ReadyforPick-up'

2020-03-20 15:02:55 - [TEST_STEP][PASSED] - sendKeys(findTestObject("ADMIN/Edit Text/Bespoke/Common Words/input_Collected_Collected"), "*"): Keys '*' sent to object: 'Object Repository/ADMIN/Edit Text/Bespoke/Common Words/input_Collected_Collected'

2020-03-20 15:02:55 - [MESSAGE][PASSED] - Keys '*' sent to object: 'Object Repository/ADMIN/Edit Text/Bespoke/Common Words/input_Collected_Collected'

2020-03-20 15:02:55 - [TEST_STEP][PASSED] - sendKeys(findTestObject("ADMIN/Edit Text/Bespoke/Common Words/input_Refunded_Refunded"), "*"): Keys '*' sent to object: 'Object Repository/ADMIN/Edit Text/Bespoke/Common Words/input_Refunded_Refunded'

2020-03-20 15:02:55 - [MESSAGE][PASSED] - Keys '*' sent to object: 'Object Repository/ADMIN/Edit Text/Bespoke/Common Words/input_Refunded_Refunded'

2020-03-20 15:02:55 - [TEST_STEP][PASSED] - sendKeys(findTestObject("ADMIN/Edit Text/Bespoke/Common Words/input_MERCHANT ACCESS DENIED_merchant-access"), "*"): Keys '*' sent to object: 'Object Repository/ADMIN/Edit Text/Bespoke/Common Words/input_MERCHANT ACCESS DENIED_merchant-access'

2020-03-20 15:02:55 - [MESSAGE][PASSED] - Keys '*' sent to object: 'Object Repository/ADMIN/Edit Text/Bespoke/Common Words/input_MERCHANT ACCESS DENIED_merchant-access'

2020-03-20 15:02:55 - [TEST_STEP][PASSED] - sendKeys(findTestObject("ADMIN/Edit Text/Bespoke/Common Words/input_concat(Your action is not allowed Please contact the site  s administrator)_action-not-allowed"), "*"): Keys '*' sent to object: 'Object Repository/ADMIN/Edit Text/Bespoke/Common Words/input_concat(Your action is not allowed Please contact the site  s administrator)_action-not-allowed'

2020-03-20 15:02:55 - [MESSAGE][PASSED] - Keys '*' sent to object: 'Object Repository/ADMIN/Edit Text/Bespoke/Common Words/input_concat(Your action is not allowed Please contact the site  s administrator)_action-not-allowed'

2020-03-20 15:02:55 - [TEST_STEP][PASSED] - sendKeys(findTestObject("ADMIN/Edit Text/Bespoke/Common Words/input_No email allowed_no-email-allowed"), "*"): Keys '*' sent to object: 'Object Repository/ADMIN/Edit Text/Bespoke/Common Words/input_No email allowed_no-email-allowed'

2020-03-20 15:02:56 - [MESSAGE][PASSED] - Keys '*' sent to object: 'Object Repository/ADMIN/Edit Text/Bespoke/Common Words/input_No email allowed_no-email-allowed'

2020-03-20 15:02:56 - [TEST_STEP][PASSED] - click(findTestObject("ADMIN/Edit Text/Bespoke/Buyer Pages/Homepage/button_save"), CONTINUE_ON_FAILURE): Object: 'Object Repository/ADMIN/Edit Text/Bespoke/Buyer Pages/Homepage/button_save' is clicked on

2020-03-20 15:02:56 - [MESSAGE][PASSED] - Object: 'Object Repository/ADMIN/Edit Text/Bespoke/Buyer Pages/Homepage/button_save' is clicked on

2020-03-20 15:02:56 - [TEST_STEP][PASSED] - waitForElementVisible(findTestObject("ADMIN/Edit Text/Bespoke/Buyer Pages/Homepage/toaster_success"), 0): Object 'Object Repository/ADMIN/Edit Text/Bespoke/Buyer Pages/Homepage/toaster_success' is visible

2020-03-20 15:02:56 - [MESSAGE][WARNING] - Timeout '0' is invalid. Using default page load timeout: '30'

2020-03-20 15:02:57 - [MESSAGE][PASSED] - Object 'Object Repository/ADMIN/Edit Text/Bespoke/Buyer Pages/Homepage/toaster_success' is visible]]></system-out>
         <system-err><![CDATA[]]></system-err>
      </testcase>
      <testcase name="Test Cases/ADMIN/Language/Edit Text/Bespoke/Common Words/Common Words" time="6.989" classname="Test Cases/ADMIN/Language/Edit Text/Bespoke/Common Words/Common Words" status="PASSED">
         <system-out><![CDATA[2020-03-20 15:02:57 - [TEST_CASE][PASSED] - Test Cases/ADMIN/Language/Edit Text/Bespoke/Common Words/Common Words: Test Cases/ADMIN/Language/Edit Text/Bespoke/Common Words/Common Words

2020-03-20 15:02:57 - [TEST_STEP][PASSED] - waitForElementVisible(findTestObject("ADMIN/Edit Text/Bespoke/Buyer Navigation/dd_language"), 0): Object 'Object Repository/ADMIN/Edit Text/Bespoke/Buyer Navigation/dd_language' is visible

2020-03-20 15:02:57 - [MESSAGE][WARNING] - Timeout '0' is invalid. Using default page load timeout: '30'

2020-03-20 15:02:57 - [MESSAGE][PASSED] - Object 'Object Repository/ADMIN/Edit Text/Bespoke/Buyer Navigation/dd_language' is visible

2020-03-20 15:02:57 - [TEST_STEP][PASSED] - selectOptionByLabel(findTestObject("ADMIN/Edit Text/Bespoke/Buyer Navigation/dd_language"), varLanguage, false): All options with label 'Italian' are selected in object 'Object Repository/ADMIN/Edit Text/Bespoke/Buyer Navigation/dd_language' 

2020-03-20 15:02:58 - [MESSAGE][PASSED] - All options with label 'Italian' are selected in object 'Object Repository/ADMIN/Edit Text/Bespoke/Buyer Navigation/dd_language' 

2020-03-20 15:02:58 - [TEST_STEP][PASSED] - sendKeys(findTestObject("ADMIN/Edit Text/Bespoke/Common Words/input_Cash on delivery_cash-delivery"), "*"): Keys '*' sent to object: 'Object Repository/ADMIN/Edit Text/Bespoke/Common Words/input_Cash on delivery_cash-delivery'

2020-03-20 15:02:58 - [MESSAGE][PASSED] - Keys '*' sent to object: 'Object Repository/ADMIN/Edit Text/Bespoke/Common Words/input_Cash on delivery_cash-delivery'

2020-03-20 15:02:59 - [TEST_STEP][PASSED] - sendKeys(findTestObject("ADMIN/Edit Text/Bespoke/Common Words/input_Paid_paidcod"), "*"): Keys '*' sent to object: 'Object Repository/ADMIN/Edit Text/Bespoke/Common Words/input_Paid_paidcod'

2020-03-20 15:02:59 - [MESSAGE][PASSED] - Keys '*' sent to object: 'Object Repository/ADMIN/Edit Text/Bespoke/Common Words/input_Paid_paidcod'

2020-03-20 15:02:59 - [TEST_STEP][PASSED] - sendKeys(findTestObject("ADMIN/Edit Text/Bespoke/Common Words/input_To be collected_to_be_collected"), "*"): Keys '*' sent to object: 'Object Repository/ADMIN/Edit Text/Bespoke/Common Words/input_To be collected_to_be_collected'

2020-03-20 15:02:59 - [MESSAGE][PASSED] - Keys '*' sent to object: 'Object Repository/ADMIN/Edit Text/Bespoke/Common Words/input_To be collected_to_be_collected'

2020-03-20 15:02:59 - [TEST_STEP][PASSED] - sendKeys(findTestObject("ADMIN/Edit Text/Bespoke/Common Words/input_Delivery_delivery"), "*"): Keys '*' sent to object: 'Object Repository/ADMIN/Edit Text/Bespoke/Common Words/input_Delivery_delivery'

2020-03-20 15:02:59 - [MESSAGE][PASSED] - Keys '*' sent to object: 'Object Repository/ADMIN/Edit Text/Bespoke/Common Words/input_Delivery_delivery'

2020-03-20 15:02:59 - [TEST_STEP][PASSED] - sendKeys(findTestObject("ADMIN/Edit Text/Bespoke/Common Words/input_Pick up_pickup"), "*"): Keys '*' sent to object: 'Object Repository/ADMIN/Edit Text/Bespoke/Common Words/input_Pick up_pickup'

2020-03-20 15:02:59 - [MESSAGE][PASSED] - Keys '*' sent to object: 'Object Repository/ADMIN/Edit Text/Bespoke/Common Words/input_Pick up_pickup'

2020-03-20 15:02:59 - [TEST_STEP][PASSED] - sendKeys(findTestObject("ADMIN/Edit Text/Bespoke/Common Words/input_SKU_sku"), "*"): Keys '*' sent to object: 'Object Repository/ADMIN/Edit Text/Bespoke/Common Words/input_SKU_sku'

2020-03-20 15:03:00 - [MESSAGE][PASSED] - Keys '*' sent to object: 'Object Repository/ADMIN/Edit Text/Bespoke/Common Words/input_SKU_sku'

2020-03-20 15:03:00 - [TEST_STEP][PASSED] - sendKeys(findTestObject("ADMIN/Edit Text/Bespoke/Common Words/input_Save_sku"), "*"): Keys '*' sent to object: 'Object Repository/ADMIN/Edit Text/Bespoke/Common Words/input_Save_sku'

2020-03-20 15:03:00 - [MESSAGE][PASSED] - Keys '*' sent to object: 'Object Repository/ADMIN/Edit Text/Bespoke/Common Words/input_Save_sku'

2020-03-20 15:03:00 - [TEST_STEP][PASSED] - sendKeys(findTestObject("ADMIN/Edit Text/Bespoke/Common Words/input_Drop your image here or click to add one_sku"), "*"): Keys '*' sent to object: 'Object Repository/ADMIN/Edit Text/Bespoke/Common Words/input_Drop your image here or click to add one_sku'

2020-03-20 15:03:00 - [MESSAGE][PASSED] - Keys '*' sent to object: 'Object Repository/ADMIN/Edit Text/Bespoke/Common Words/input_Drop your image here or click to add one_sku'

2020-03-20 15:03:00 - [TEST_STEP][PASSED] - sendKeys(findTestObject("ADMIN/Edit Text/Bespoke/Common Words/input_Search_search"), "*"): Keys '*' sent to object: 'Object Repository/ADMIN/Edit Text/Bespoke/Common Words/input_Search_search'

2020-03-20 15:03:00 - [MESSAGE][PASSED] - Keys '*' sent to object: 'Object Repository/ADMIN/Edit Text/Bespoke/Common Words/input_Search_search'

2020-03-20 15:03:00 - [TEST_STEP][PASSED] - sendKeys(findTestObject("ADMIN/Edit Text/Bespoke/Common Words/input_Acknowledged_Acknowledged"), "*"): Keys '*' sent to object: 'Object Repository/ADMIN/Edit Text/Bespoke/Common Words/input_Acknowledged_Acknowledged'

2020-03-20 15:03:01 - [MESSAGE][PASSED] - Keys '*' sent to object: 'Object Repository/ADMIN/Edit Text/Bespoke/Common Words/input_Acknowledged_Acknowledged'

2020-03-20 15:03:01 - [TEST_STEP][PASSED] - sendKeys(findTestObject("ADMIN/Edit Text/Bespoke/Common Words/input_Processing_Processing"), "*"): Keys '*' sent to object: 'Object Repository/ADMIN/Edit Text/Bespoke/Common Words/input_Processing_Processing'

2020-03-20 15:03:01 - [MESSAGE][PASSED] - Keys '*' sent to object: 'Object Repository/ADMIN/Edit Text/Bespoke/Common Words/input_Processing_Processing'

2020-03-20 15:03:01 - [TEST_STEP][PASSED] - sendKeys(findTestObject("ADMIN/Edit Text/Bespoke/Common Words/input_Pending_Pending"), "*"): Keys '*' sent to object: 'Object Repository/ADMIN/Edit Text/Bespoke/Common Words/input_Pending_Pending'

2020-03-20 15:03:01 - [MESSAGE][PASSED] - Keys '*' sent to object: 'Object Repository/ADMIN/Edit Text/Bespoke/Common Words/input_Pending_Pending'

2020-03-20 15:03:01 - [TEST_STEP][PASSED] - sendKeys(findTestObject("ADMIN/Edit Text/Bespoke/Common Words/input_Paid_Paid"), "*"): Keys '*' sent to object: 'Object Repository/ADMIN/Edit Text/Bespoke/Common Words/input_Paid_Paid'

2020-03-20 15:03:01 - [MESSAGE][PASSED] - Keys '*' sent to object: 'Object Repository/ADMIN/Edit Text/Bespoke/Common Words/input_Paid_Paid'

2020-03-20 15:03:01 - [TEST_STEP][PASSED] - sendKeys(findTestObject("ADMIN/Edit Text/Bespoke/Common Words/input_Waiting for payments_Waitingforpayments"), "*"): Keys '*' sent to object: 'Object Repository/ADMIN/Edit Text/Bespoke/Common Words/input_Waiting for payments_Waitingforpayments'

2020-03-20 15:03:01 - [MESSAGE][PASSED] - Keys '*' sent to object: 'Object Repository/ADMIN/Edit Text/Bespoke/Common Words/input_Waiting for payments_Waitingforpayments'

2020-03-20 15:03:01 - [TEST_STEP][PASSED] - sendKeys(findTestObject("ADMIN/Edit Text/Bespoke/Common Words/input_Created_Created"), "*"): Keys '*' sent to object: 'Object Repository/ADMIN/Edit Text/Bespoke/Common Words/input_Created_Created'

2020-03-20 15:03:02 - [MESSAGE][PASSED] - Keys '*' sent to object: 'Object Repository/ADMIN/Edit Text/Bespoke/Common Words/input_Created_Created'

2020-03-20 15:03:02 - [TEST_STEP][PASSED] - sendKeys(findTestObject("ADMIN/Edit Text/Bespoke/Common Words/input_Fully Paid_FullyPaid"), "*"): Keys '*' sent to object: 'Object Repository/ADMIN/Edit Text/Bespoke/Common Words/input_Fully Paid_FullyPaid'

2020-03-20 15:03:02 - [MESSAGE][PASSED] - Keys '*' sent to object: 'Object Repository/ADMIN/Edit Text/Bespoke/Common Words/input_Fully Paid_FullyPaid'

2020-03-20 15:03:02 - [TEST_STEP][PASSED] - sendKeys(findTestObject("ADMIN/Edit Text/Bespoke/Common Words/input_Delivered_Delivered"), "*"): Keys '*' sent to object: 'Object Repository/ADMIN/Edit Text/Bespoke/Common Words/input_Delivered_Delivered'

2020-03-20 15:03:02 - [MESSAGE][PASSED] - Keys '*' sent to object: 'Object Repository/ADMIN/Edit Text/Bespoke/Common Words/input_Delivered_Delivered'

2020-03-20 15:03:02 - [TEST_STEP][PASSED] - sendKeys(findTestObject("ADMIN/Edit Text/Bespoke/Common Words/input_Ready for Pick-up_ReadyforPick-up"), "*"): Keys '*' sent to object: 'Object Repository/ADMIN/Edit Text/Bespoke/Common Words/input_Ready for Pick-up_ReadyforPick-up'

2020-03-20 15:03:02 - [MESSAGE][PASSED] - Keys '*' sent to object: 'Object Repository/ADMIN/Edit Text/Bespoke/Common Words/input_Ready for Pick-up_ReadyforPick-up'

2020-03-20 15:03:02 - [TEST_STEP][PASSED] - sendKeys(findTestObject("ADMIN/Edit Text/Bespoke/Common Words/input_Collected_Collected"), "*"): Keys '*' sent to object: 'Object Repository/ADMIN/Edit Text/Bespoke/Common Words/input_Collected_Collected'

2020-03-20 15:03:02 - [MESSAGE][PASSED] - Keys '*' sent to object: 'Object Repository/ADMIN/Edit Text/Bespoke/Common Words/input_Collected_Collected'

2020-03-20 15:03:02 - [TEST_STEP][PASSED] - sendKeys(findTestObject("ADMIN/Edit Text/Bespoke/Common Words/input_Refunded_Refunded"), "*"): Keys '*' sent to object: 'Object Repository/ADMIN/Edit Text/Bespoke/Common Words/input_Refunded_Refunded'

2020-03-20 15:03:03 - [MESSAGE][PASSED] - Keys '*' sent to object: 'Object Repository/ADMIN/Edit Text/Bespoke/Common Words/input_Refunded_Refunded'

2020-03-20 15:03:03 - [TEST_STEP][PASSED] - sendKeys(findTestObject("ADMIN/Edit Text/Bespoke/Common Words/input_MERCHANT ACCESS DENIED_merchant-access"), "*"): Keys '*' sent to object: 'Object Repository/ADMIN/Edit Text/Bespoke/Common Words/input_MERCHANT ACCESS DENIED_merchant-access'

2020-03-20 15:03:03 - [MESSAGE][PASSED] - Keys '*' sent to object: 'Object Repository/ADMIN/Edit Text/Bespoke/Common Words/input_MERCHANT ACCESS DENIED_merchant-access'

2020-03-20 15:03:03 - [TEST_STEP][PASSED] - sendKeys(findTestObject("ADMIN/Edit Text/Bespoke/Common Words/input_concat(Your action is not allowed Please contact the site  s administrator)_action-not-allowed"), "*"): Keys '*' sent to object: 'Object Repository/ADMIN/Edit Text/Bespoke/Common Words/input_concat(Your action is not allowed Please contact the site  s administrator)_action-not-allowed'

2020-03-20 15:03:03 - [MESSAGE][PASSED] - Keys '*' sent to object: 'Object Repository/ADMIN/Edit Text/Bespoke/Common Words/input_concat(Your action is not allowed Please contact the site  s administrator)_action-not-allowed'

2020-03-20 15:03:03 - [TEST_STEP][PASSED] - sendKeys(findTestObject("ADMIN/Edit Text/Bespoke/Common Words/input_No email allowed_no-email-allowed"), "*"): Keys '*' sent to object: 'Object Repository/ADMIN/Edit Text/Bespoke/Common Words/input_No email allowed_no-email-allowed'

2020-03-20 15:03:03 - [MESSAGE][PASSED] - Keys '*' sent to object: 'Object Repository/ADMIN/Edit Text/Bespoke/Common Words/input_No email allowed_no-email-allowed'

2020-03-20 15:03:03 - [TEST_STEP][PASSED] - click(findTestObject("ADMIN/Edit Text/Bespoke/Buyer Pages/Homepage/button_save"), CONTINUE_ON_FAILURE): Object: 'Object Repository/ADMIN/Edit Text/Bespoke/Buyer Pages/Homepage/button_save' is clicked on

2020-03-20 15:03:03 - [MESSAGE][PASSED] - Object: 'Object Repository/ADMIN/Edit Text/Bespoke/Buyer Pages/Homepage/button_save' is clicked on

2020-03-20 15:03:03 - [TEST_STEP][PASSED] - waitForElementVisible(findTestObject("ADMIN/Edit Text/Bespoke/Buyer Pages/Homepage/toaster_success"), 0): Object 'Object Repository/ADMIN/Edit Text/Bespoke/Buyer Pages/Homepage/toaster_success' is visible

2020-03-20 15:03:03 - [MESSAGE][WARNING] - Timeout '0' is invalid. Using default page load timeout: '30'

2020-03-20 15:03:04 - [MESSAGE][PASSED] - Object 'Object Repository/ADMIN/Edit Text/Bespoke/Buyer Pages/Homepage/toaster_success' is visible]]></system-out>
         <system-err><![CDATA[]]></system-err>
      </testcase>
      <testcase name="Test Cases/ADMIN/Language/Edit Text/Bespoke/Common Words/Common Words" time="6.995" classname="Test Cases/ADMIN/Language/Edit Text/Bespoke/Common Words/Common Words" status="PASSED">
         <system-out><![CDATA[2020-03-20 15:03:04 - [TEST_CASE][PASSED] - Test Cases/ADMIN/Language/Edit Text/Bespoke/Common Words/Common Words: Test Cases/ADMIN/Language/Edit Text/Bespoke/Common Words/Common Words

2020-03-20 15:03:04 - [TEST_STEP][PASSED] - waitForElementVisible(findTestObject("ADMIN/Edit Text/Bespoke/Buyer Navigation/dd_language"), 0): Object 'Object Repository/ADMIN/Edit Text/Bespoke/Buyer Navigation/dd_language' is visible

2020-03-20 15:03:04 - [MESSAGE][WARNING] - Timeout '0' is invalid. Using default page load timeout: '30'

2020-03-20 15:03:04 - [MESSAGE][PASSED] - Object 'Object Repository/ADMIN/Edit Text/Bespoke/Buyer Navigation/dd_language' is visible

2020-03-20 15:03:04 - [TEST_STEP][PASSED] - selectOptionByLabel(findTestObject("ADMIN/Edit Text/Bespoke/Buyer Navigation/dd_language"), varLanguage, false): All options with label 'Arabic' are selected in object 'Object Repository/ADMIN/Edit Text/Bespoke/Buyer Navigation/dd_language' 

2020-03-20 15:03:05 - [MESSAGE][PASSED] - All options with label 'Arabic' are selected in object 'Object Repository/ADMIN/Edit Text/Bespoke/Buyer Navigation/dd_language' 

2020-03-20 15:03:05 - [TEST_STEP][PASSED] - sendKeys(findTestObject("ADMIN/Edit Text/Bespoke/Common Words/input_Cash on delivery_cash-delivery"), "*"): Keys '*' sent to object: 'Object Repository/ADMIN/Edit Text/Bespoke/Common Words/input_Cash on delivery_cash-delivery'

2020-03-20 15:03:05 - [MESSAGE][PASSED] - Keys '*' sent to object: 'Object Repository/ADMIN/Edit Text/Bespoke/Common Words/input_Cash on delivery_cash-delivery'

2020-03-20 15:03:05 - [TEST_STEP][PASSED] - sendKeys(findTestObject("ADMIN/Edit Text/Bespoke/Common Words/input_Paid_paidcod"), "*"): Keys '*' sent to object: 'Object Repository/ADMIN/Edit Text/Bespoke/Common Words/input_Paid_paidcod'

2020-03-20 15:03:05 - [MESSAGE][PASSED] - Keys '*' sent to object: 'Object Repository/ADMIN/Edit Text/Bespoke/Common Words/input_Paid_paidcod'

2020-03-20 15:03:05 - [TEST_STEP][PASSED] - sendKeys(findTestObject("ADMIN/Edit Text/Bespoke/Common Words/input_To be collected_to_be_collected"), "*"): Keys '*' sent to object: 'Object Repository/ADMIN/Edit Text/Bespoke/Common Words/input_To be collected_to_be_collected'

2020-03-20 15:03:06 - [MESSAGE][PASSED] - Keys '*' sent to object: 'Object Repository/ADMIN/Edit Text/Bespoke/Common Words/input_To be collected_to_be_collected'

2020-03-20 15:03:06 - [TEST_STEP][PASSED] - sendKeys(findTestObject("ADMIN/Edit Text/Bespoke/Common Words/input_Delivery_delivery"), "*"): Keys '*' sent to object: 'Object Repository/ADMIN/Edit Text/Bespoke/Common Words/input_Delivery_delivery'

2020-03-20 15:03:06 - [MESSAGE][PASSED] - Keys '*' sent to object: 'Object Repository/ADMIN/Edit Text/Bespoke/Common Words/input_Delivery_delivery'

2020-03-20 15:03:06 - [TEST_STEP][PASSED] - sendKeys(findTestObject("ADMIN/Edit Text/Bespoke/Common Words/input_Pick up_pickup"), "*"): Keys '*' sent to object: 'Object Repository/ADMIN/Edit Text/Bespoke/Common Words/input_Pick up_pickup'

2020-03-20 15:03:06 - [MESSAGE][PASSED] - Keys '*' sent to object: 'Object Repository/ADMIN/Edit Text/Bespoke/Common Words/input_Pick up_pickup'

2020-03-20 15:03:06 - [TEST_STEP][PASSED] - sendKeys(findTestObject("ADMIN/Edit Text/Bespoke/Common Words/input_SKU_sku"), "*"): Keys '*' sent to object: 'Object Repository/ADMIN/Edit Text/Bespoke/Common Words/input_SKU_sku'

2020-03-20 15:03:06 - [MESSAGE][PASSED] - Keys '*' sent to object: 'Object Repository/ADMIN/Edit Text/Bespoke/Common Words/input_SKU_sku'

2020-03-20 15:03:06 - [TEST_STEP][PASSED] - sendKeys(findTestObject("ADMIN/Edit Text/Bespoke/Common Words/input_Save_sku"), "*"): Keys '*' sent to object: 'Object Repository/ADMIN/Edit Text/Bespoke/Common Words/input_Save_sku'

2020-03-20 15:03:06 - [MESSAGE][PASSED] - Keys '*' sent to object: 'Object Repository/ADMIN/Edit Text/Bespoke/Common Words/input_Save_sku'

2020-03-20 15:03:06 - [TEST_STEP][PASSED] - sendKeys(findTestObject("ADMIN/Edit Text/Bespoke/Common Words/input_Drop your image here or click to add one_sku"), "*"): Keys '*' sent to object: 'Object Repository/ADMIN/Edit Text/Bespoke/Common Words/input_Drop your image here or click to add one_sku'

2020-03-20 15:03:07 - [MESSAGE][PASSED] - Keys '*' sent to object: 'Object Repository/ADMIN/Edit Text/Bespoke/Common Words/input_Drop your image here or click to add one_sku'

2020-03-20 15:03:07 - [TEST_STEP][PASSED] - sendKeys(findTestObject("ADMIN/Edit Text/Bespoke/Common Words/input_Search_search"), "*"): Keys '*' sent to object: 'Object Repository/ADMIN/Edit Text/Bespoke/Common Words/input_Search_search'

2020-03-20 15:03:07 - [MESSAGE][PASSED] - Keys '*' sent to object: 'Object Repository/ADMIN/Edit Text/Bespoke/Common Words/input_Search_search'

2020-03-20 15:03:07 - [TEST_STEP][PASSED] - sendKeys(findTestObject("ADMIN/Edit Text/Bespoke/Common Words/input_Acknowledged_Acknowledged"), "*"): Keys '*' sent to object: 'Object Repository/ADMIN/Edit Text/Bespoke/Common Words/input_Acknowledged_Acknowledged'

2020-03-20 15:03:07 - [MESSAGE][PASSED] - Keys '*' sent to object: 'Object Repository/ADMIN/Edit Text/Bespoke/Common Words/input_Acknowledged_Acknowledged'

2020-03-20 15:03:07 - [TEST_STEP][PASSED] - sendKeys(findTestObject("ADMIN/Edit Text/Bespoke/Common Words/input_Processing_Processing"), "*"): Keys '*' sent to object: 'Object Repository/ADMIN/Edit Text/Bespoke/Common Words/input_Processing_Processing'

2020-03-20 15:03:07 - [MESSAGE][PASSED] - Keys '*' sent to object: 'Object Repository/ADMIN/Edit Text/Bespoke/Common Words/input_Processing_Processing'

2020-03-20 15:03:07 - [TEST_STEP][PASSED] - sendKeys(findTestObject("ADMIN/Edit Text/Bespoke/Common Words/input_Pending_Pending"), "*"): Keys '*' sent to object: 'Object Repository/ADMIN/Edit Text/Bespoke/Common Words/input_Pending_Pending'

2020-03-20 15:03:08 - [MESSAGE][PASSED] - Keys '*' sent to object: 'Object Repository/ADMIN/Edit Text/Bespoke/Common Words/input_Pending_Pending'

2020-03-20 15:03:08 - [TEST_STEP][PASSED] - sendKeys(findTestObject("ADMIN/Edit Text/Bespoke/Common Words/input_Paid_Paid"), "*"): Keys '*' sent to object: 'Object Repository/ADMIN/Edit Text/Bespoke/Common Words/input_Paid_Paid'

2020-03-20 15:03:08 - [MESSAGE][PASSED] - Keys '*' sent to object: 'Object Repository/ADMIN/Edit Text/Bespoke/Common Words/input_Paid_Paid'

2020-03-20 15:03:08 - [TEST_STEP][PASSED] - sendKeys(findTestObject("ADMIN/Edit Text/Bespoke/Common Words/input_Waiting for payments_Waitingforpayments"), "*"): Keys '*' sent to object: 'Object Repository/ADMIN/Edit Text/Bespoke/Common Words/input_Waiting for payments_Waitingforpayments'

2020-03-20 15:03:08 - [MESSAGE][PASSED] - Keys '*' sent to object: 'Object Repository/ADMIN/Edit Text/Bespoke/Common Words/input_Waiting for payments_Waitingforpayments'

2020-03-20 15:03:08 - [TEST_STEP][PASSED] - sendKeys(findTestObject("ADMIN/Edit Text/Bespoke/Common Words/input_Created_Created"), "*"): Keys '*' sent to object: 'Object Repository/ADMIN/Edit Text/Bespoke/Common Words/input_Created_Created'

2020-03-20 15:03:08 - [MESSAGE][PASSED] - Keys '*' sent to object: 'Object Repository/ADMIN/Edit Text/Bespoke/Common Words/input_Created_Created'

2020-03-20 15:03:08 - [TEST_STEP][PASSED] - sendKeys(findTestObject("ADMIN/Edit Text/Bespoke/Common Words/input_Fully Paid_FullyPaid"), "*"): Keys '*' sent to object: 'Object Repository/ADMIN/Edit Text/Bespoke/Common Words/input_Fully Paid_FullyPaid'

2020-03-20 15:03:08 - [MESSAGE][PASSED] - Keys '*' sent to object: 'Object Repository/ADMIN/Edit Text/Bespoke/Common Words/input_Fully Paid_FullyPaid'

2020-03-20 15:03:08 - [TEST_STEP][PASSED] - sendKeys(findTestObject("ADMIN/Edit Text/Bespoke/Common Words/input_Delivered_Delivered"), "*"): Keys '*' sent to object: 'Object Repository/ADMIN/Edit Text/Bespoke/Common Words/input_Delivered_Delivered'

2020-03-20 15:03:09 - [MESSAGE][PASSED] - Keys '*' sent to object: 'Object Repository/ADMIN/Edit Text/Bespoke/Common Words/input_Delivered_Delivered'

2020-03-20 15:03:09 - [TEST_STEP][PASSED] - sendKeys(findTestObject("ADMIN/Edit Text/Bespoke/Common Words/input_Ready for Pick-up_ReadyforPick-up"), "*"): Keys '*' sent to object: 'Object Repository/ADMIN/Edit Text/Bespoke/Common Words/input_Ready for Pick-up_ReadyforPick-up'

2020-03-20 15:03:09 - [MESSAGE][PASSED] - Keys '*' sent to object: 'Object Repository/ADMIN/Edit Text/Bespoke/Common Words/input_Ready for Pick-up_ReadyforPick-up'

2020-03-20 15:03:09 - [TEST_STEP][PASSED] - sendKeys(findTestObject("ADMIN/Edit Text/Bespoke/Common Words/input_Collected_Collected"), "*"): Keys '*' sent to object: 'Object Repository/ADMIN/Edit Text/Bespoke/Common Words/input_Collected_Collected'

2020-03-20 15:03:09 - [MESSAGE][PASSED] - Keys '*' sent to object: 'Object Repository/ADMIN/Edit Text/Bespoke/Common Words/input_Collected_Collected'

2020-03-20 15:03:09 - [TEST_STEP][PASSED] - sendKeys(findTestObject("ADMIN/Edit Text/Bespoke/Common Words/input_Refunded_Refunded"), "*"): Keys '*' sent to object: 'Object Repository/ADMIN/Edit Text/Bespoke/Common Words/input_Refunded_Refunded'

2020-03-20 15:03:09 - [MESSAGE][PASSED] - Keys '*' sent to object: 'Object Repository/ADMIN/Edit Text/Bespoke/Common Words/input_Refunded_Refunded'

2020-03-20 15:03:09 - [TEST_STEP][PASSED] - sendKeys(findTestObject("ADMIN/Edit Text/Bespoke/Common Words/input_MERCHANT ACCESS DENIED_merchant-access"), "*"): Keys '*' sent to object: 'Object Repository/ADMIN/Edit Text/Bespoke/Common Words/input_MERCHANT ACCESS DENIED_merchant-access'

2020-03-20 15:03:09 - [MESSAGE][PASSED] - Keys '*' sent to object: 'Object Repository/ADMIN/Edit Text/Bespoke/Common Words/input_MERCHANT ACCESS DENIED_merchant-access'

2020-03-20 15:03:09 - [TEST_STEP][PASSED] - sendKeys(findTestObject("ADMIN/Edit Text/Bespoke/Common Words/input_concat(Your action is not allowed Please contact the site  s administrator)_action-not-allowed"), "*"): Keys '*' sent to object: 'Object Repository/ADMIN/Edit Text/Bespoke/Common Words/input_concat(Your action is not allowed Please contact the site  s administrator)_action-not-allowed'

2020-03-20 15:03:10 - [MESSAGE][PASSED] - Keys '*' sent to object: 'Object Repository/ADMIN/Edit Text/Bespoke/Common Words/input_concat(Your action is not allowed Please contact the site  s administrator)_action-not-allowed'

2020-03-20 15:03:10 - [TEST_STEP][PASSED] - sendKeys(findTestObject("ADMIN/Edit Text/Bespoke/Common Words/input_No email allowed_no-email-allowed"), "*"): Keys '*' sent to object: 'Object Repository/ADMIN/Edit Text/Bespoke/Common Words/input_No email allowed_no-email-allowed'

2020-03-20 15:03:10 - [MESSAGE][PASSED] - Keys '*' sent to object: 'Object Repository/ADMIN/Edit Text/Bespoke/Common Words/input_No email allowed_no-email-allowed'

2020-03-20 15:03:10 - [TEST_STEP][PASSED] - click(findTestObject("ADMIN/Edit Text/Bespoke/Buyer Pages/Homepage/button_save"), CONTINUE_ON_FAILURE): Object: 'Object Repository/ADMIN/Edit Text/Bespoke/Buyer Pages/Homepage/button_save' is clicked on

2020-03-20 15:03:10 - [MESSAGE][PASSED] - Object: 'Object Repository/ADMIN/Edit Text/Bespoke/Buyer Pages/Homepage/button_save' is clicked on

2020-03-20 15:03:10 - [TEST_STEP][PASSED] - waitForElementVisible(findTestObject("ADMIN/Edit Text/Bespoke/Buyer Pages/Homepage/toaster_success"), 0): Object 'Object Repository/ADMIN/Edit Text/Bespoke/Buyer Pages/Homepage/toaster_success' is visible

2020-03-20 15:03:10 - [MESSAGE][WARNING] - Timeout '0' is invalid. Using default page load timeout: '30'

2020-03-20 15:03:11 - [MESSAGE][PASSED] - Object 'Object Repository/ADMIN/Edit Text/Bespoke/Buyer Pages/Homepage/toaster_success' is visible]]></system-out>
         <system-err><![CDATA[]]></system-err>
      </testcase>
      <testcase name="Test Cases/ADMIN/Language/Edit Text/Bespoke/Common Words/Common Words" time="6.963" classname="Test Cases/ADMIN/Language/Edit Text/Bespoke/Common Words/Common Words" status="PASSED">
         <system-out><![CDATA[2020-03-20 15:03:11 - [TEST_CASE][PASSED] - Test Cases/ADMIN/Language/Edit Text/Bespoke/Common Words/Common Words: Test Cases/ADMIN/Language/Edit Text/Bespoke/Common Words/Common Words

2020-03-20 15:03:11 - [TEST_STEP][PASSED] - waitForElementVisible(findTestObject("ADMIN/Edit Text/Bespoke/Buyer Navigation/dd_language"), 0): Object 'Object Repository/ADMIN/Edit Text/Bespoke/Buyer Navigation/dd_language' is visible

2020-03-20 15:03:11 - [MESSAGE][WARNING] - Timeout '0' is invalid. Using default page load timeout: '30'

2020-03-20 15:03:11 - [MESSAGE][PASSED] - Object 'Object Repository/ADMIN/Edit Text/Bespoke/Buyer Navigation/dd_language' is visible

2020-03-20 15:03:11 - [TEST_STEP][PASSED] - selectOptionByLabel(findTestObject("ADMIN/Edit Text/Bespoke/Buyer Navigation/dd_language"), varLanguage, false): All options with label 'Dutch' are selected in object 'Object Repository/ADMIN/Edit Text/Bespoke/Buyer Navigation/dd_language' 

2020-03-20 15:03:12 - [MESSAGE][PASSED] - All options with label 'Dutch' are selected in object 'Object Repository/ADMIN/Edit Text/Bespoke/Buyer Navigation/dd_language' 

2020-03-20 15:03:12 - [TEST_STEP][PASSED] - sendKeys(findTestObject("ADMIN/Edit Text/Bespoke/Common Words/input_Cash on delivery_cash-delivery"), "*"): Keys '*' sent to object: 'Object Repository/ADMIN/Edit Text/Bespoke/Common Words/input_Cash on delivery_cash-delivery'

2020-03-20 15:03:12 - [MESSAGE][PASSED] - Keys '*' sent to object: 'Object Repository/ADMIN/Edit Text/Bespoke/Common Words/input_Cash on delivery_cash-delivery'

2020-03-20 15:03:12 - [TEST_STEP][PASSED] - sendKeys(findTestObject("ADMIN/Edit Text/Bespoke/Common Words/input_Paid_paidcod"), "*"): Keys '*' sent to object: 'Object Repository/ADMIN/Edit Text/Bespoke/Common Words/input_Paid_paidcod'

2020-03-20 15:03:12 - [MESSAGE][PASSED] - Keys '*' sent to object: 'Object Repository/ADMIN/Edit Text/Bespoke/Common Words/input_Paid_paidcod'

2020-03-20 15:03:12 - [TEST_STEP][PASSED] - sendKeys(findTestObject("ADMIN/Edit Text/Bespoke/Common Words/input_To be collected_to_be_collected"), "*"): Keys '*' sent to object: 'Object Repository/ADMIN/Edit Text/Bespoke/Common Words/input_To be collected_to_be_collected'

2020-03-20 15:03:13 - [MESSAGE][PASSED] - Keys '*' sent to object: 'Object Repository/ADMIN/Edit Text/Bespoke/Common Words/input_To be collected_to_be_collected'

2020-03-20 15:03:13 - [TEST_STEP][PASSED] - sendKeys(findTestObject("ADMIN/Edit Text/Bespoke/Common Words/input_Delivery_delivery"), "*"): Keys '*' sent to object: 'Object Repository/ADMIN/Edit Text/Bespoke/Common Words/input_Delivery_delivery'

2020-03-20 15:03:13 - [MESSAGE][PASSED] - Keys '*' sent to object: 'Object Repository/ADMIN/Edit Text/Bespoke/Common Words/input_Delivery_delivery'

2020-03-20 15:03:13 - [TEST_STEP][PASSED] - sendKeys(findTestObject("ADMIN/Edit Text/Bespoke/Common Words/input_Pick up_pickup"), "*"): Keys '*' sent to object: 'Object Repository/ADMIN/Edit Text/Bespoke/Common Words/input_Pick up_pickup'

2020-03-20 15:03:13 - [MESSAGE][PASSED] - Keys '*' sent to object: 'Object Repository/ADMIN/Edit Text/Bespoke/Common Words/input_Pick up_pickup'

2020-03-20 15:03:13 - [TEST_STEP][PASSED] - sendKeys(findTestObject("ADMIN/Edit Text/Bespoke/Common Words/input_SKU_sku"), "*"): Keys '*' sent to object: 'Object Repository/ADMIN/Edit Text/Bespoke/Common Words/input_SKU_sku'

2020-03-20 15:03:13 - [MESSAGE][PASSED] - Keys '*' sent to object: 'Object Repository/ADMIN/Edit Text/Bespoke/Common Words/input_SKU_sku'

2020-03-20 15:03:13 - [TEST_STEP][PASSED] - sendKeys(findTestObject("ADMIN/Edit Text/Bespoke/Common Words/input_Save_sku"), "*"): Keys '*' sent to object: 'Object Repository/ADMIN/Edit Text/Bespoke/Common Words/input_Save_sku'

2020-03-20 15:03:13 - [MESSAGE][PASSED] - Keys '*' sent to object: 'Object Repository/ADMIN/Edit Text/Bespoke/Common Words/input_Save_sku'

2020-03-20 15:03:13 - [TEST_STEP][PASSED] - sendKeys(findTestObject("ADMIN/Edit Text/Bespoke/Common Words/input_Drop your image here or click to add one_sku"), "*"): Keys '*' sent to object: 'Object Repository/ADMIN/Edit Text/Bespoke/Common Words/input_Drop your image here or click to add one_sku'

2020-03-20 15:03:14 - [MESSAGE][PASSED] - Keys '*' sent to object: 'Object Repository/ADMIN/Edit Text/Bespoke/Common Words/input_Drop your image here or click to add one_sku'

2020-03-20 15:03:14 - [TEST_STEP][PASSED] - sendKeys(findTestObject("ADMIN/Edit Text/Bespoke/Common Words/input_Search_search"), "*"): Keys '*' sent to object: 'Object Repository/ADMIN/Edit Text/Bespoke/Common Words/input_Search_search'

2020-03-20 15:03:14 - [MESSAGE][PASSED] - Keys '*' sent to object: 'Object Repository/ADMIN/Edit Text/Bespoke/Common Words/input_Search_search'

2020-03-20 15:03:14 - [TEST_STEP][PASSED] - sendKeys(findTestObject("ADMIN/Edit Text/Bespoke/Common Words/input_Acknowledged_Acknowledged"), "*"): Keys '*' sent to object: 'Object Repository/ADMIN/Edit Text/Bespoke/Common Words/input_Acknowledged_Acknowledged'

2020-03-20 15:03:14 - [MESSAGE][PASSED] - Keys '*' sent to object: 'Object Repository/ADMIN/Edit Text/Bespoke/Common Words/input_Acknowledged_Acknowledged'

2020-03-20 15:03:14 - [TEST_STEP][PASSED] - sendKeys(findTestObject("ADMIN/Edit Text/Bespoke/Common Words/input_Processing_Processing"), "*"): Keys '*' sent to object: 'Object Repository/ADMIN/Edit Text/Bespoke/Common Words/input_Processing_Processing'

2020-03-20 15:03:14 - [MESSAGE][PASSED] - Keys '*' sent to object: 'Object Repository/ADMIN/Edit Text/Bespoke/Common Words/input_Processing_Processing'

2020-03-20 15:03:14 - [TEST_STEP][PASSED] - sendKeys(findTestObject("ADMIN/Edit Text/Bespoke/Common Words/input_Pending_Pending"), "*"): Keys '*' sent to object: 'Object Repository/ADMIN/Edit Text/Bespoke/Common Words/input_Pending_Pending'

2020-03-20 15:03:14 - [MESSAGE][PASSED] - Keys '*' sent to object: 'Object Repository/ADMIN/Edit Text/Bespoke/Common Words/input_Pending_Pending'

2020-03-20 15:03:14 - [TEST_STEP][PASSED] - sendKeys(findTestObject("ADMIN/Edit Text/Bespoke/Common Words/input_Paid_Paid"), "*"): Keys '*' sent to object: 'Object Repository/ADMIN/Edit Text/Bespoke/Common Words/input_Paid_Paid'

2020-03-20 15:03:15 - [MESSAGE][PASSED] - Keys '*' sent to object: 'Object Repository/ADMIN/Edit Text/Bespoke/Common Words/input_Paid_Paid'

2020-03-20 15:03:15 - [TEST_STEP][PASSED] - sendKeys(findTestObject("ADMIN/Edit Text/Bespoke/Common Words/input_Waiting for payments_Waitingforpayments"), "*"): Keys '*' sent to object: 'Object Repository/ADMIN/Edit Text/Bespoke/Common Words/input_Waiting for payments_Waitingforpayments'

2020-03-20 15:03:15 - [MESSAGE][PASSED] - Keys '*' sent to object: 'Object Repository/ADMIN/Edit Text/Bespoke/Common Words/input_Waiting for payments_Waitingforpayments'

2020-03-20 15:03:15 - [TEST_STEP][PASSED] - sendKeys(findTestObject("ADMIN/Edit Text/Bespoke/Common Words/input_Created_Created"), "*"): Keys '*' sent to object: 'Object Repository/ADMIN/Edit Text/Bespoke/Common Words/input_Created_Created'

2020-03-20 15:03:15 - [MESSAGE][PASSED] - Keys '*' sent to object: 'Object Repository/ADMIN/Edit Text/Bespoke/Common Words/input_Created_Created'

2020-03-20 15:03:15 - [TEST_STEP][PASSED] - sendKeys(findTestObject("ADMIN/Edit Text/Bespoke/Common Words/input_Fully Paid_FullyPaid"), "*"): Keys '*' sent to object: 'Object Repository/ADMIN/Edit Text/Bespoke/Common Words/input_Fully Paid_FullyPaid'

2020-03-20 15:03:15 - [MESSAGE][PASSED] - Keys '*' sent to object: 'Object Repository/ADMIN/Edit Text/Bespoke/Common Words/input_Fully Paid_FullyPaid'

2020-03-20 15:03:15 - [TEST_STEP][PASSED] - sendKeys(findTestObject("ADMIN/Edit Text/Bespoke/Common Words/input_Delivered_Delivered"), "*"): Keys '*' sent to object: 'Object Repository/ADMIN/Edit Text/Bespoke/Common Words/input_Delivered_Delivered'

2020-03-20 15:03:15 - [MESSAGE][PASSED] - Keys '*' sent to object: 'Object Repository/ADMIN/Edit Text/Bespoke/Common Words/input_Delivered_Delivered'

2020-03-20 15:03:15 - [TEST_STEP][PASSED] - sendKeys(findTestObject("ADMIN/Edit Text/Bespoke/Common Words/input_Ready for Pick-up_ReadyforPick-up"), "*"): Keys '*' sent to object: 'Object Repository/ADMIN/Edit Text/Bespoke/Common Words/input_Ready for Pick-up_ReadyforPick-up'

2020-03-20 15:03:16 - [MESSAGE][PASSED] - Keys '*' sent to object: 'Object Repository/ADMIN/Edit Text/Bespoke/Common Words/input_Ready for Pick-up_ReadyforPick-up'

2020-03-20 15:03:16 - [TEST_STEP][PASSED] - sendKeys(findTestObject("ADMIN/Edit Text/Bespoke/Common Words/input_Collected_Collected"), "*"): Keys '*' sent to object: 'Object Repository/ADMIN/Edit Text/Bespoke/Common Words/input_Collected_Collected'

2020-03-20 15:03:16 - [MESSAGE][PASSED] - Keys '*' sent to object: 'Object Repository/ADMIN/Edit Text/Bespoke/Common Words/input_Collected_Collected'

2020-03-20 15:03:16 - [TEST_STEP][PASSED] - sendKeys(findTestObject("ADMIN/Edit Text/Bespoke/Common Words/input_Refunded_Refunded"), "*"): Keys '*' sent to object: 'Object Repository/ADMIN/Edit Text/Bespoke/Common Words/input_Refunded_Refunded'

2020-03-20 15:03:16 - [MESSAGE][PASSED] - Keys '*' sent to object: 'Object Repository/ADMIN/Edit Text/Bespoke/Common Words/input_Refunded_Refunded'

2020-03-20 15:03:16 - [TEST_STEP][PASSED] - sendKeys(findTestObject("ADMIN/Edit Text/Bespoke/Common Words/input_MERCHANT ACCESS DENIED_merchant-access"), "*"): Keys '*' sent to object: 'Object Repository/ADMIN/Edit Text/Bespoke/Common Words/input_MERCHANT ACCESS DENIED_merchant-access'

2020-03-20 15:03:16 - [MESSAGE][PASSED] - Keys '*' sent to object: 'Object Repository/ADMIN/Edit Text/Bespoke/Common Words/input_MERCHANT ACCESS DENIED_merchant-access'

2020-03-20 15:03:16 - [TEST_STEP][PASSED] - sendKeys(findTestObject("ADMIN/Edit Text/Bespoke/Common Words/input_concat(Your action is not allowed Please contact the site  s administrator)_action-not-allowed"), "*"): Keys '*' sent to object: 'Object Repository/ADMIN/Edit Text/Bespoke/Common Words/input_concat(Your action is not allowed Please contact the site  s administrator)_action-not-allowed'

2020-03-20 15:03:17 - [MESSAGE][PASSED] - Keys '*' sent to object: 'Object Repository/ADMIN/Edit Text/Bespoke/Common Words/input_concat(Your action is not allowed Please contact the site  s administrator)_action-not-allowed'

2020-03-20 15:03:17 - [TEST_STEP][PASSED] - sendKeys(findTestObject("ADMIN/Edit Text/Bespoke/Common Words/input_No email allowed_no-email-allowed"), "*"): Keys '*' sent to object: 'Object Repository/ADMIN/Edit Text/Bespoke/Common Words/input_No email allowed_no-email-allowed'

2020-03-20 15:03:17 - [MESSAGE][PASSED] - Keys '*' sent to object: 'Object Repository/ADMIN/Edit Text/Bespoke/Common Words/input_No email allowed_no-email-allowed'

2020-03-20 15:03:17 - [TEST_STEP][PASSED] - click(findTestObject("ADMIN/Edit Text/Bespoke/Buyer Pages/Homepage/button_save"), CONTINUE_ON_FAILURE): Object: 'Object Repository/ADMIN/Edit Text/Bespoke/Buyer Pages/Homepage/button_save' is clicked on

2020-03-20 15:03:17 - [MESSAGE][PASSED] - Object: 'Object Repository/ADMIN/Edit Text/Bespoke/Buyer Pages/Homepage/button_save' is clicked on

2020-03-20 15:03:17 - [TEST_STEP][PASSED] - waitForElementVisible(findTestObject("ADMIN/Edit Text/Bespoke/Buyer Pages/Homepage/toaster_success"), 0): Object 'Object Repository/ADMIN/Edit Text/Bespoke/Buyer Pages/Homepage/toaster_success' is visible

2020-03-20 15:03:17 - [MESSAGE][WARNING] - Timeout '0' is invalid. Using default page load timeout: '30'

2020-03-20 15:03:18 - [MESSAGE][PASSED] - Object 'Object Repository/ADMIN/Edit Text/Bespoke/Buyer Pages/Homepage/toaster_success' is visible]]></system-out>
         <system-err><![CDATA[]]></system-err>
      </testcase>
      <testcase name="Test Cases/ADMIN/Language/Edit Text/Bespoke/Common Words/Common Words" time="9.229" classname="Test Cases/ADMIN/Language/Edit Text/Bespoke/Common Words/Common Words" status="PASSED">
         <system-out><![CDATA[2020-03-20 15:03:18 - [TEST_CASE][PASSED] - Test Cases/ADMIN/Language/Edit Text/Bespoke/Common Words/Common Words: Test Cases/ADMIN/Language/Edit Text/Bespoke/Common Words/Common Words

2020-03-20 15:03:18 - [TEST_STEP][PASSED] - waitForElementVisible(findTestObject("ADMIN/Edit Text/Bespoke/Buyer Navigation/dd_language"), 0): Object 'Object Repository/ADMIN/Edit Text/Bespoke/Buyer Navigation/dd_language' is visible

2020-03-20 15:03:18 - [MESSAGE][WARNING] - Timeout '0' is invalid. Using default page load timeout: '30'

2020-03-20 15:03:18 - [MESSAGE][PASSED] - Object 'Object Repository/ADMIN/Edit Text/Bespoke/Buyer Navigation/dd_language' is visible

2020-03-20 15:03:18 - [TEST_STEP][PASSED] - selectOptionByLabel(findTestObject("ADMIN/Edit Text/Bespoke/Buyer Navigation/dd_language"), varLanguage, false): All options with label 'Swedish' are selected in object 'Object Repository/ADMIN/Edit Text/Bespoke/Buyer Navigation/dd_language' 

2020-03-20 15:03:20 - [MESSAGE][PASSED] - All options with label 'Swedish' are selected in object 'Object Repository/ADMIN/Edit Text/Bespoke/Buyer Navigation/dd_language' 

2020-03-20 15:03:20 - [TEST_STEP][PASSED] - sendKeys(findTestObject("ADMIN/Edit Text/Bespoke/Common Words/input_Cash on delivery_cash-delivery"), "*"): Keys '*' sent to object: 'Object Repository/ADMIN/Edit Text/Bespoke/Common Words/input_Cash on delivery_cash-delivery'

2020-03-20 15:03:20 - [MESSAGE][PASSED] - Keys '*' sent to object: 'Object Repository/ADMIN/Edit Text/Bespoke/Common Words/input_Cash on delivery_cash-delivery'

2020-03-20 15:03:20 - [TEST_STEP][PASSED] - sendKeys(findTestObject("ADMIN/Edit Text/Bespoke/Common Words/input_Paid_paidcod"), "*"): Keys '*' sent to object: 'Object Repository/ADMIN/Edit Text/Bespoke/Common Words/input_Paid_paidcod'

2020-03-20 15:03:21 - [MESSAGE][PASSED] - Keys '*' sent to object: 'Object Repository/ADMIN/Edit Text/Bespoke/Common Words/input_Paid_paidcod'

2020-03-20 15:03:21 - [TEST_STEP][PASSED] - sendKeys(findTestObject("ADMIN/Edit Text/Bespoke/Common Words/input_To be collected_to_be_collected"), "*"): Keys '*' sent to object: 'Object Repository/ADMIN/Edit Text/Bespoke/Common Words/input_To be collected_to_be_collected'

2020-03-20 15:03:21 - [MESSAGE][PASSED] - Keys '*' sent to object: 'Object Repository/ADMIN/Edit Text/Bespoke/Common Words/input_To be collected_to_be_collected'

2020-03-20 15:03:21 - [TEST_STEP][PASSED] - sendKeys(findTestObject("ADMIN/Edit Text/Bespoke/Common Words/input_Delivery_delivery"), "*"): Keys '*' sent to object: 'Object Repository/ADMIN/Edit Text/Bespoke/Common Words/input_Delivery_delivery'

2020-03-20 15:03:21 - [MESSAGE][PASSED] - Keys '*' sent to object: 'Object Repository/ADMIN/Edit Text/Bespoke/Common Words/input_Delivery_delivery'

2020-03-20 15:03:21 - [TEST_STEP][PASSED] - sendKeys(findTestObject("ADMIN/Edit Text/Bespoke/Common Words/input_Pick up_pickup"), "*"): Keys '*' sent to object: 'Object Repository/ADMIN/Edit Text/Bespoke/Common Words/input_Pick up_pickup'

2020-03-20 15:03:21 - [MESSAGE][PASSED] - Keys '*' sent to object: 'Object Repository/ADMIN/Edit Text/Bespoke/Common Words/input_Pick up_pickup'

2020-03-20 15:03:21 - [TEST_STEP][PASSED] - sendKeys(findTestObject("ADMIN/Edit Text/Bespoke/Common Words/input_SKU_sku"), "*"): Keys '*' sent to object: 'Object Repository/ADMIN/Edit Text/Bespoke/Common Words/input_SKU_sku'

2020-03-20 15:03:22 - [MESSAGE][PASSED] - Keys '*' sent to object: 'Object Repository/ADMIN/Edit Text/Bespoke/Common Words/input_SKU_sku'

2020-03-20 15:03:22 - [TEST_STEP][PASSED] - sendKeys(findTestObject("ADMIN/Edit Text/Bespoke/Common Words/input_Save_sku"), "*"): Keys '*' sent to object: 'Object Repository/ADMIN/Edit Text/Bespoke/Common Words/input_Save_sku'

2020-03-20 15:03:22 - [MESSAGE][PASSED] - Keys '*' sent to object: 'Object Repository/ADMIN/Edit Text/Bespoke/Common Words/input_Save_sku'

2020-03-20 15:03:22 - [TEST_STEP][PASSED] - sendKeys(findTestObject("ADMIN/Edit Text/Bespoke/Common Words/input_Drop your image here or click to add one_sku"), "*"): Keys '*' sent to object: 'Object Repository/ADMIN/Edit Text/Bespoke/Common Words/input_Drop your image here or click to add one_sku'

2020-03-20 15:03:22 - [MESSAGE][PASSED] - Keys '*' sent to object: 'Object Repository/ADMIN/Edit Text/Bespoke/Common Words/input_Drop your image here or click to add one_sku'

2020-03-20 15:03:22 - [TEST_STEP][PASSED] - sendKeys(findTestObject("ADMIN/Edit Text/Bespoke/Common Words/input_Search_search"), "*"): Keys '*' sent to object: 'Object Repository/ADMIN/Edit Text/Bespoke/Common Words/input_Search_search'

2020-03-20 15:03:22 - [MESSAGE][PASSED] - Keys '*' sent to object: 'Object Repository/ADMIN/Edit Text/Bespoke/Common Words/input_Search_search'

2020-03-20 15:03:22 - [TEST_STEP][PASSED] - sendKeys(findTestObject("ADMIN/Edit Text/Bespoke/Common Words/input_Acknowledged_Acknowledged"), "*"): Keys '*' sent to object: 'Object Repository/ADMIN/Edit Text/Bespoke/Common Words/input_Acknowledged_Acknowledged'

2020-03-20 15:03:22 - [MESSAGE][PASSED] - Keys '*' sent to object: 'Object Repository/ADMIN/Edit Text/Bespoke/Common Words/input_Acknowledged_Acknowledged'

2020-03-20 15:03:22 - [TEST_STEP][PASSED] - sendKeys(findTestObject("ADMIN/Edit Text/Bespoke/Common Words/input_Processing_Processing"), "*"): Keys '*' sent to object: 'Object Repository/ADMIN/Edit Text/Bespoke/Common Words/input_Processing_Processing'

2020-03-20 15:03:22 - [MESSAGE][PASSED] - Keys '*' sent to object: 'Object Repository/ADMIN/Edit Text/Bespoke/Common Words/input_Processing_Processing'

2020-03-20 15:03:22 - [TEST_STEP][PASSED] - sendKeys(findTestObject("ADMIN/Edit Text/Bespoke/Common Words/input_Pending_Pending"), "*"): Keys '*' sent to object: 'Object Repository/ADMIN/Edit Text/Bespoke/Common Words/input_Pending_Pending'

2020-03-20 15:03:23 - [MESSAGE][PASSED] - Keys '*' sent to object: 'Object Repository/ADMIN/Edit Text/Bespoke/Common Words/input_Pending_Pending'

2020-03-20 15:03:23 - [TEST_STEP][PASSED] - sendKeys(findTestObject("ADMIN/Edit Text/Bespoke/Common Words/input_Paid_Paid"), "*"): Keys '*' sent to object: 'Object Repository/ADMIN/Edit Text/Bespoke/Common Words/input_Paid_Paid'

2020-03-20 15:03:23 - [MESSAGE][PASSED] - Keys '*' sent to object: 'Object Repository/ADMIN/Edit Text/Bespoke/Common Words/input_Paid_Paid'

2020-03-20 15:03:23 - [TEST_STEP][PASSED] - sendKeys(findTestObject("ADMIN/Edit Text/Bespoke/Common Words/input_Waiting for payments_Waitingforpayments"), "*"): Keys '*' sent to object: 'Object Repository/ADMIN/Edit Text/Bespoke/Common Words/input_Waiting for payments_Waitingforpayments'

2020-03-20 15:03:23 - [MESSAGE][PASSED] - Keys '*' sent to object: 'Object Repository/ADMIN/Edit Text/Bespoke/Common Words/input_Waiting for payments_Waitingforpayments'

2020-03-20 15:03:23 - [TEST_STEP][PASSED] - sendKeys(findTestObject("ADMIN/Edit Text/Bespoke/Common Words/input_Created_Created"), "*"): Keys '*' sent to object: 'Object Repository/ADMIN/Edit Text/Bespoke/Common Words/input_Created_Created'

2020-03-20 15:03:24 - [MESSAGE][PASSED] - Keys '*' sent to object: 'Object Repository/ADMIN/Edit Text/Bespoke/Common Words/input_Created_Created'

2020-03-20 15:03:24 - [TEST_STEP][PASSED] - sendKeys(findTestObject("ADMIN/Edit Text/Bespoke/Common Words/input_Fully Paid_FullyPaid"), "*"): Keys '*' sent to object: 'Object Repository/ADMIN/Edit Text/Bespoke/Common Words/input_Fully Paid_FullyPaid'

2020-03-20 15:03:24 - [MESSAGE][PASSED] - Keys '*' sent to object: 'Object Repository/ADMIN/Edit Text/Bespoke/Common Words/input_Fully Paid_FullyPaid'

2020-03-20 15:03:24 - [TEST_STEP][PASSED] - sendKeys(findTestObject("ADMIN/Edit Text/Bespoke/Common Words/input_Delivered_Delivered"), "*"): Keys '*' sent to object: 'Object Repository/ADMIN/Edit Text/Bespoke/Common Words/input_Delivered_Delivered'

2020-03-20 15:03:24 - [MESSAGE][PASSED] - Keys '*' sent to object: 'Object Repository/ADMIN/Edit Text/Bespoke/Common Words/input_Delivered_Delivered'

2020-03-20 15:03:24 - [TEST_STEP][PASSED] - sendKeys(findTestObject("ADMIN/Edit Text/Bespoke/Common Words/input_Ready for Pick-up_ReadyforPick-up"), "*"): Keys '*' sent to object: 'Object Repository/ADMIN/Edit Text/Bespoke/Common Words/input_Ready for Pick-up_ReadyforPick-up'

2020-03-20 15:03:24 - [MESSAGE][PASSED] - Keys '*' sent to object: 'Object Repository/ADMIN/Edit Text/Bespoke/Common Words/input_Ready for Pick-up_ReadyforPick-up'

2020-03-20 15:03:24 - [TEST_STEP][PASSED] - sendKeys(findTestObject("ADMIN/Edit Text/Bespoke/Common Words/input_Collected_Collected"), "*"): Keys '*' sent to object: 'Object Repository/ADMIN/Edit Text/Bespoke/Common Words/input_Collected_Collected'

2020-03-20 15:03:24 - [MESSAGE][PASSED] - Keys '*' sent to object: 'Object Repository/ADMIN/Edit Text/Bespoke/Common Words/input_Collected_Collected'

2020-03-20 15:03:24 - [TEST_STEP][PASSED] - sendKeys(findTestObject("ADMIN/Edit Text/Bespoke/Common Words/input_Refunded_Refunded"), "*"): Keys '*' sent to object: 'Object Repository/ADMIN/Edit Text/Bespoke/Common Words/input_Refunded_Refunded'

2020-03-20 15:03:24 - [MESSAGE][PASSED] - Keys '*' sent to object: 'Object Repository/ADMIN/Edit Text/Bespoke/Common Words/input_Refunded_Refunded'

2020-03-20 15:03:24 - [TEST_STEP][PASSED] - sendKeys(findTestObject("ADMIN/Edit Text/Bespoke/Common Words/input_MERCHANT ACCESS DENIED_merchant-access"), "*"): Keys '*' sent to object: 'Object Repository/ADMIN/Edit Text/Bespoke/Common Words/input_MERCHANT ACCESS DENIED_merchant-access'

2020-03-20 15:03:25 - [MESSAGE][PASSED] - Keys '*' sent to object: 'Object Repository/ADMIN/Edit Text/Bespoke/Common Words/input_MERCHANT ACCESS DENIED_merchant-access'

2020-03-20 15:03:25 - [TEST_STEP][PASSED] - sendKeys(findTestObject("ADMIN/Edit Text/Bespoke/Common Words/input_concat(Your action is not allowed Please contact the site  s administrator)_action-not-allowed"), "*"): Keys '*' sent to object: 'Object Repository/ADMIN/Edit Text/Bespoke/Common Words/input_concat(Your action is not allowed Please contact the site  s administrator)_action-not-allowed'

2020-03-20 15:03:25 - [MESSAGE][PASSED] - Keys '*' sent to object: 'Object Repository/ADMIN/Edit Text/Bespoke/Common Words/input_concat(Your action is not allowed Please contact the site  s administrator)_action-not-allowed'

2020-03-20 15:03:25 - [TEST_STEP][PASSED] - sendKeys(findTestObject("ADMIN/Edit Text/Bespoke/Common Words/input_No email allowed_no-email-allowed"), "*"): Keys '*' sent to object: 'Object Repository/ADMIN/Edit Text/Bespoke/Common Words/input_No email allowed_no-email-allowed'

2020-03-20 15:03:25 - [MESSAGE][PASSED] - Keys '*' sent to object: 'Object Repository/ADMIN/Edit Text/Bespoke/Common Words/input_No email allowed_no-email-allowed'

2020-03-20 15:03:25 - [TEST_STEP][PASSED] - click(findTestObject("ADMIN/Edit Text/Bespoke/Buyer Pages/Homepage/button_save"), CONTINUE_ON_FAILURE): Object: 'Object Repository/ADMIN/Edit Text/Bespoke/Buyer Pages/Homepage/button_save' is clicked on

2020-03-20 15:03:25 - [MESSAGE][PASSED] - Object: 'Object Repository/ADMIN/Edit Text/Bespoke/Buyer Pages/Homepage/button_save' is clicked on

2020-03-20 15:03:25 - [TEST_STEP][PASSED] - waitForElementVisible(findTestObject("ADMIN/Edit Text/Bespoke/Buyer Pages/Homepage/toaster_success"), 0): Object 'Object Repository/ADMIN/Edit Text/Bespoke/Buyer Pages/Homepage/toaster_success' is visible

2020-03-20 15:03:25 - [MESSAGE][WARNING] - Timeout '0' is invalid. Using default page load timeout: '30'

2020-03-20 15:03:27 - [MESSAGE][PASSED] - Object 'Object Repository/ADMIN/Edit Text/Bespoke/Buyer Pages/Homepage/toaster_success' is visible]]></system-out>
         <system-err><![CDATA[]]></system-err>
      </testcase>
      <testcase name="Test Cases/ADMIN/Language/Edit Text/Bespoke/Common Words/Common Words" time="7.723" classname="Test Cases/ADMIN/Language/Edit Text/Bespoke/Common Words/Common Words" status="PASSED">
         <system-out><![CDATA[2020-03-20 15:03:27 - [TEST_CASE][PASSED] - Test Cases/ADMIN/Language/Edit Text/Bespoke/Common Words/Common Words: Test Cases/ADMIN/Language/Edit Text/Bespoke/Common Words/Common Words

2020-03-20 15:03:27 - [TEST_STEP][PASSED] - waitForElementVisible(findTestObject("ADMIN/Edit Text/Bespoke/Buyer Navigation/dd_language"), 0): Object 'Object Repository/ADMIN/Edit Text/Bespoke/Buyer Navigation/dd_language' is visible

2020-03-20 15:03:27 - [MESSAGE][WARNING] - Timeout '0' is invalid. Using default page load timeout: '30'

2020-03-20 15:03:27 - [MESSAGE][PASSED] - Object 'Object Repository/ADMIN/Edit Text/Bespoke/Buyer Navigation/dd_language' is visible

2020-03-20 15:03:27 - [TEST_STEP][PASSED] - selectOptionByLabel(findTestObject("ADMIN/Edit Text/Bespoke/Buyer Navigation/dd_language"), varLanguage, false): All options with label 'Chinese (Simplified)' are selected in object 'Object Repository/ADMIN/Edit Text/Bespoke/Buyer Navigation/dd_language' 

2020-03-20 15:03:28 - [MESSAGE][PASSED] - All options with label 'Chinese (Simplified)' are selected in object 'Object Repository/ADMIN/Edit Text/Bespoke/Buyer Navigation/dd_language' 

2020-03-20 15:03:28 - [TEST_STEP][PASSED] - sendKeys(findTestObject("ADMIN/Edit Text/Bespoke/Common Words/input_Cash on delivery_cash-delivery"), "*"): Keys '*' sent to object: 'Object Repository/ADMIN/Edit Text/Bespoke/Common Words/input_Cash on delivery_cash-delivery'

2020-03-20 15:03:29 - [MESSAGE][PASSED] - Keys '*' sent to object: 'Object Repository/ADMIN/Edit Text/Bespoke/Common Words/input_Cash on delivery_cash-delivery'

2020-03-20 15:03:29 - [TEST_STEP][PASSED] - sendKeys(findTestObject("ADMIN/Edit Text/Bespoke/Common Words/input_Paid_paidcod"), "*"): Keys '*' sent to object: 'Object Repository/ADMIN/Edit Text/Bespoke/Common Words/input_Paid_paidcod'

2020-03-20 15:03:29 - [MESSAGE][PASSED] - Keys '*' sent to object: 'Object Repository/ADMIN/Edit Text/Bespoke/Common Words/input_Paid_paidcod'

2020-03-20 15:03:29 - [TEST_STEP][PASSED] - sendKeys(findTestObject("ADMIN/Edit Text/Bespoke/Common Words/input_To be collected_to_be_collected"), "*"): Keys '*' sent to object: 'Object Repository/ADMIN/Edit Text/Bespoke/Common Words/input_To be collected_to_be_collected'

2020-03-20 15:03:29 - [MESSAGE][PASSED] - Keys '*' sent to object: 'Object Repository/ADMIN/Edit Text/Bespoke/Common Words/input_To be collected_to_be_collected'

2020-03-20 15:03:29 - [TEST_STEP][PASSED] - sendKeys(findTestObject("ADMIN/Edit Text/Bespoke/Common Words/input_Delivery_delivery"), "*"): Keys '*' sent to object: 'Object Repository/ADMIN/Edit Text/Bespoke/Common Words/input_Delivery_delivery'

2020-03-20 15:03:30 - [MESSAGE][PASSED] - Keys '*' sent to object: 'Object Repository/ADMIN/Edit Text/Bespoke/Common Words/input_Delivery_delivery'

2020-03-20 15:03:30 - [TEST_STEP][PASSED] - sendKeys(findTestObject("ADMIN/Edit Text/Bespoke/Common Words/input_Pick up_pickup"), "*"): Keys '*' sent to object: 'Object Repository/ADMIN/Edit Text/Bespoke/Common Words/input_Pick up_pickup'

2020-03-20 15:03:30 - [MESSAGE][PASSED] - Keys '*' sent to object: 'Object Repository/ADMIN/Edit Text/Bespoke/Common Words/input_Pick up_pickup'

2020-03-20 15:03:30 - [TEST_STEP][PASSED] - sendKeys(findTestObject("ADMIN/Edit Text/Bespoke/Common Words/input_SKU_sku"), "*"): Keys '*' sent to object: 'Object Repository/ADMIN/Edit Text/Bespoke/Common Words/input_SKU_sku'

2020-03-20 15:03:30 - [MESSAGE][PASSED] - Keys '*' sent to object: 'Object Repository/ADMIN/Edit Text/Bespoke/Common Words/input_SKU_sku'

2020-03-20 15:03:30 - [TEST_STEP][PASSED] - sendKeys(findTestObject("ADMIN/Edit Text/Bespoke/Common Words/input_Save_sku"), "*"): Keys '*' sent to object: 'Object Repository/ADMIN/Edit Text/Bespoke/Common Words/input_Save_sku'

2020-03-20 15:03:30 - [MESSAGE][PASSED] - Keys '*' sent to object: 'Object Repository/ADMIN/Edit Text/Bespoke/Common Words/input_Save_sku'

2020-03-20 15:03:30 - [TEST_STEP][PASSED] - sendKeys(findTestObject("ADMIN/Edit Text/Bespoke/Common Words/input_Drop your image here or click to add one_sku"), "*"): Keys '*' sent to object: 'Object Repository/ADMIN/Edit Text/Bespoke/Common Words/input_Drop your image here or click to add one_sku'

2020-03-20 15:03:30 - [MESSAGE][PASSED] - Keys '*' sent to object: 'Object Repository/ADMIN/Edit Text/Bespoke/Common Words/input_Drop your image here or click to add one_sku'

2020-03-20 15:03:30 - [TEST_STEP][PASSED] - sendKeys(findTestObject("ADMIN/Edit Text/Bespoke/Common Words/input_Search_search"), "*"): Keys '*' sent to object: 'Object Repository/ADMIN/Edit Text/Bespoke/Common Words/input_Search_search'

2020-03-20 15:03:31 - [MESSAGE][PASSED] - Keys '*' sent to object: 'Object Repository/ADMIN/Edit Text/Bespoke/Common Words/input_Search_search'

2020-03-20 15:03:31 - [TEST_STEP][PASSED] - sendKeys(findTestObject("ADMIN/Edit Text/Bespoke/Common Words/input_Acknowledged_Acknowledged"), "*"): Keys '*' sent to object: 'Object Repository/ADMIN/Edit Text/Bespoke/Common Words/input_Acknowledged_Acknowledged'

2020-03-20 15:03:31 - [MESSAGE][PASSED] - Keys '*' sent to object: 'Object Repository/ADMIN/Edit Text/Bespoke/Common Words/input_Acknowledged_Acknowledged'

2020-03-20 15:03:31 - [TEST_STEP][PASSED] - sendKeys(findTestObject("ADMIN/Edit Text/Bespoke/Common Words/input_Processing_Processing"), "*"): Keys '*' sent to object: 'Object Repository/ADMIN/Edit Text/Bespoke/Common Words/input_Processing_Processing'

2020-03-20 15:03:31 - [MESSAGE][PASSED] - Keys '*' sent to object: 'Object Repository/ADMIN/Edit Text/Bespoke/Common Words/input_Processing_Processing'

2020-03-20 15:03:31 - [TEST_STEP][PASSED] - sendKeys(findTestObject("ADMIN/Edit Text/Bespoke/Common Words/input_Pending_Pending"), "*"): Keys '*' sent to object: 'Object Repository/ADMIN/Edit Text/Bespoke/Common Words/input_Pending_Pending'

2020-03-20 15:03:31 - [MESSAGE][PASSED] - Keys '*' sent to object: 'Object Repository/ADMIN/Edit Text/Bespoke/Common Words/input_Pending_Pending'

2020-03-20 15:03:31 - [TEST_STEP][PASSED] - sendKeys(findTestObject("ADMIN/Edit Text/Bespoke/Common Words/input_Paid_Paid"), "*"): Keys '*' sent to object: 'Object Repository/ADMIN/Edit Text/Bespoke/Common Words/input_Paid_Paid'

2020-03-20 15:03:31 - [MESSAGE][PASSED] - Keys '*' sent to object: 'Object Repository/ADMIN/Edit Text/Bespoke/Common Words/input_Paid_Paid'

2020-03-20 15:03:31 - [TEST_STEP][PASSED] - sendKeys(findTestObject("ADMIN/Edit Text/Bespoke/Common Words/input_Waiting for payments_Waitingforpayments"), "*"): Keys '*' sent to object: 'Object Repository/ADMIN/Edit Text/Bespoke/Common Words/input_Waiting for payments_Waitingforpayments'

2020-03-20 15:03:32 - [MESSAGE][PASSED] - Keys '*' sent to object: 'Object Repository/ADMIN/Edit Text/Bespoke/Common Words/input_Waiting for payments_Waitingforpayments'

2020-03-20 15:03:32 - [TEST_STEP][PASSED] - sendKeys(findTestObject("ADMIN/Edit Text/Bespoke/Common Words/input_Created_Created"), "*"): Keys '*' sent to object: 'Object Repository/ADMIN/Edit Text/Bespoke/Common Words/input_Created_Created'

2020-03-20 15:03:32 - [MESSAGE][PASSED] - Keys '*' sent to object: 'Object Repository/ADMIN/Edit Text/Bespoke/Common Words/input_Created_Created'

2020-03-20 15:03:32 - [TEST_STEP][PASSED] - sendKeys(findTestObject("ADMIN/Edit Text/Bespoke/Common Words/input_Fully Paid_FullyPaid"), "*"): Keys '*' sent to object: 'Object Repository/ADMIN/Edit Text/Bespoke/Common Words/input_Fully Paid_FullyPaid'

2020-03-20 15:03:32 - [MESSAGE][PASSED] - Keys '*' sent to object: 'Object Repository/ADMIN/Edit Text/Bespoke/Common Words/input_Fully Paid_FullyPaid'

2020-03-20 15:03:32 - [TEST_STEP][PASSED] - sendKeys(findTestObject("ADMIN/Edit Text/Bespoke/Common Words/input_Delivered_Delivered"), "*"): Keys '*' sent to object: 'Object Repository/ADMIN/Edit Text/Bespoke/Common Words/input_Delivered_Delivered'

2020-03-20 15:03:32 - [MESSAGE][PASSED] - Keys '*' sent to object: 'Object Repository/ADMIN/Edit Text/Bespoke/Common Words/input_Delivered_Delivered'

2020-03-20 15:03:32 - [TEST_STEP][PASSED] - sendKeys(findTestObject("ADMIN/Edit Text/Bespoke/Common Words/input_Ready for Pick-up_ReadyforPick-up"), "*"): Keys '*' sent to object: 'Object Repository/ADMIN/Edit Text/Bespoke/Common Words/input_Ready for Pick-up_ReadyforPick-up'

2020-03-20 15:03:32 - [MESSAGE][PASSED] - Keys '*' sent to object: 'Object Repository/ADMIN/Edit Text/Bespoke/Common Words/input_Ready for Pick-up_ReadyforPick-up'

2020-03-20 15:03:32 - [TEST_STEP][PASSED] - sendKeys(findTestObject("ADMIN/Edit Text/Bespoke/Common Words/input_Collected_Collected"), "*"): Keys '*' sent to object: 'Object Repository/ADMIN/Edit Text/Bespoke/Common Words/input_Collected_Collected'

2020-03-20 15:03:33 - [MESSAGE][PASSED] - Keys '*' sent to object: 'Object Repository/ADMIN/Edit Text/Bespoke/Common Words/input_Collected_Collected'

2020-03-20 15:03:33 - [TEST_STEP][PASSED] - sendKeys(findTestObject("ADMIN/Edit Text/Bespoke/Common Words/input_Refunded_Refunded"), "*"): Keys '*' sent to object: 'Object Repository/ADMIN/Edit Text/Bespoke/Common Words/input_Refunded_Refunded'

2020-03-20 15:03:33 - [MESSAGE][PASSED] - Keys '*' sent to object: 'Object Repository/ADMIN/Edit Text/Bespoke/Common Words/input_Refunded_Refunded'

2020-03-20 15:03:33 - [TEST_STEP][PASSED] - sendKeys(findTestObject("ADMIN/Edit Text/Bespoke/Common Words/input_MERCHANT ACCESS DENIED_merchant-access"), "*"): Keys '*' sent to object: 'Object Repository/ADMIN/Edit Text/Bespoke/Common Words/input_MERCHANT ACCESS DENIED_merchant-access'

2020-03-20 15:03:33 - [MESSAGE][PASSED] - Keys '*' sent to object: 'Object Repository/ADMIN/Edit Text/Bespoke/Common Words/input_MERCHANT ACCESS DENIED_merchant-access'

2020-03-20 15:03:33 - [TEST_STEP][PASSED] - sendKeys(findTestObject("ADMIN/Edit Text/Bespoke/Common Words/input_concat(Your action is not allowed Please contact the site  s administrator)_action-not-allowed"), "*"): Keys '*' sent to object: 'Object Repository/ADMIN/Edit Text/Bespoke/Common Words/input_concat(Your action is not allowed Please contact the site  s administrator)_action-not-allowed'

2020-03-20 15:03:33 - [MESSAGE][PASSED] - Keys '*' sent to object: 'Object Repository/ADMIN/Edit Text/Bespoke/Common Words/input_concat(Your action is not allowed Please contact the site  s administrator)_action-not-allowed'

2020-03-20 15:03:33 - [TEST_STEP][PASSED] - sendKeys(findTestObject("ADMIN/Edit Text/Bespoke/Common Words/input_No email allowed_no-email-allowed"), "*"): Keys '*' sent to object: 'Object Repository/ADMIN/Edit Text/Bespoke/Common Words/input_No email allowed_no-email-allowed'

2020-03-20 15:03:33 - [MESSAGE][PASSED] - Keys '*' sent to object: 'Object Repository/ADMIN/Edit Text/Bespoke/Common Words/input_No email allowed_no-email-allowed'

2020-03-20 15:03:33 - [TEST_STEP][PASSED] - click(findTestObject("ADMIN/Edit Text/Bespoke/Buyer Pages/Homepage/button_save"), CONTINUE_ON_FAILURE): Object: 'Object Repository/ADMIN/Edit Text/Bespoke/Buyer Pages/Homepage/button_save' is clicked on

2020-03-20 15:03:34 - [MESSAGE][PASSED] - Object: 'Object Repository/ADMIN/Edit Text/Bespoke/Buyer Pages/Homepage/button_save' is clicked on

2020-03-20 15:03:34 - [TEST_STEP][PASSED] - waitForElementVisible(findTestObject("ADMIN/Edit Text/Bespoke/Buyer Pages/Homepage/toaster_success"), 0): Object 'Object Repository/ADMIN/Edit Text/Bespoke/Buyer Pages/Homepage/toaster_success' is visible

2020-03-20 15:03:34 - [MESSAGE][WARNING] - Timeout '0' is invalid. Using default page load timeout: '30'

2020-03-20 15:03:35 - [MESSAGE][PASSED] - Object 'Object Repository/ADMIN/Edit Text/Bespoke/Buyer Pages/Homepage/toaster_success' is visible]]></system-out>
         <system-err><![CDATA[]]></system-err>
      </testcase>
      <testcase name="Test Cases/ADMIN/Language/Edit Text/Bespoke/Common Words/Common Words" time="7.497" classname="Test Cases/ADMIN/Language/Edit Text/Bespoke/Common Words/Common Words" status="PASSED">
         <system-out><![CDATA[2020-03-20 15:03:35 - [TEST_CASE][PASSED] - Test Cases/ADMIN/Language/Edit Text/Bespoke/Common Words/Common Words: Test Cases/ADMIN/Language/Edit Text/Bespoke/Common Words/Common Words

2020-03-20 15:03:35 - [TEST_STEP][PASSED] - waitForElementVisible(findTestObject("ADMIN/Edit Text/Bespoke/Buyer Navigation/dd_language"), 0): Object 'Object Repository/ADMIN/Edit Text/Bespoke/Buyer Navigation/dd_language' is visible

2020-03-20 15:03:35 - [MESSAGE][WARNING] - Timeout '0' is invalid. Using default page load timeout: '30'

2020-03-20 15:03:35 - [MESSAGE][PASSED] - Object 'Object Repository/ADMIN/Edit Text/Bespoke/Buyer Navigation/dd_language' is visible

2020-03-20 15:03:35 - [TEST_STEP][PASSED] - selectOptionByLabel(findTestObject("ADMIN/Edit Text/Bespoke/Buyer Navigation/dd_language"), varLanguage, false): All options with label 'Hebrew' are selected in object 'Object Repository/ADMIN/Edit Text/Bespoke/Buyer Navigation/dd_language' 

2020-03-20 15:03:36 - [MESSAGE][PASSED] - All options with label 'Hebrew' are selected in object 'Object Repository/ADMIN/Edit Text/Bespoke/Buyer Navigation/dd_language' 

2020-03-20 15:03:36 - [TEST_STEP][PASSED] - sendKeys(findTestObject("ADMIN/Edit Text/Bespoke/Common Words/input_Cash on delivery_cash-delivery"), "*"): Keys '*' sent to object: 'Object Repository/ADMIN/Edit Text/Bespoke/Common Words/input_Cash on delivery_cash-delivery'

2020-03-20 15:03:36 - [MESSAGE][PASSED] - Keys '*' sent to object: 'Object Repository/ADMIN/Edit Text/Bespoke/Common Words/input_Cash on delivery_cash-delivery'

2020-03-20 15:03:36 - [TEST_STEP][PASSED] - sendKeys(findTestObject("ADMIN/Edit Text/Bespoke/Common Words/input_Paid_paidcod"), "*"): Keys '*' sent to object: 'Object Repository/ADMIN/Edit Text/Bespoke/Common Words/input_Paid_paidcod'

2020-03-20 15:03:36 - [MESSAGE][PASSED] - Keys '*' sent to object: 'Object Repository/ADMIN/Edit Text/Bespoke/Common Words/input_Paid_paidcod'

2020-03-20 15:03:36 - [TEST_STEP][PASSED] - sendKeys(findTestObject("ADMIN/Edit Text/Bespoke/Common Words/input_To be collected_to_be_collected"), "*"): Keys '*' sent to object: 'Object Repository/ADMIN/Edit Text/Bespoke/Common Words/input_To be collected_to_be_collected'

2020-03-20 15:03:37 - [MESSAGE][PASSED] - Keys '*' sent to object: 'Object Repository/ADMIN/Edit Text/Bespoke/Common Words/input_To be collected_to_be_collected'

2020-03-20 15:03:37 - [TEST_STEP][PASSED] - sendKeys(findTestObject("ADMIN/Edit Text/Bespoke/Common Words/input_Delivery_delivery"), "*"): Keys '*' sent to object: 'Object Repository/ADMIN/Edit Text/Bespoke/Common Words/input_Delivery_delivery'

2020-03-20 15:03:37 - [MESSAGE][PASSED] - Keys '*' sent to object: 'Object Repository/ADMIN/Edit Text/Bespoke/Common Words/input_Delivery_delivery'

2020-03-20 15:03:37 - [TEST_STEP][PASSED] - sendKeys(findTestObject("ADMIN/Edit Text/Bespoke/Common Words/input_Pick up_pickup"), "*"): Keys '*' sent to object: 'Object Repository/ADMIN/Edit Text/Bespoke/Common Words/input_Pick up_pickup'

2020-03-20 15:03:37 - [MESSAGE][PASSED] - Keys '*' sent to object: 'Object Repository/ADMIN/Edit Text/Bespoke/Common Words/input_Pick up_pickup'

2020-03-20 15:03:37 - [TEST_STEP][PASSED] - sendKeys(findTestObject("ADMIN/Edit Text/Bespoke/Common Words/input_SKU_sku"), "*"): Keys '*' sent to object: 'Object Repository/ADMIN/Edit Text/Bespoke/Common Words/input_SKU_sku'

2020-03-20 15:03:37 - [MESSAGE][PASSED] - Keys '*' sent to object: 'Object Repository/ADMIN/Edit Text/Bespoke/Common Words/input_SKU_sku'

2020-03-20 15:03:37 - [TEST_STEP][PASSED] - sendKeys(findTestObject("ADMIN/Edit Text/Bespoke/Common Words/input_Save_sku"), "*"): Keys '*' sent to object: 'Object Repository/ADMIN/Edit Text/Bespoke/Common Words/input_Save_sku'

2020-03-20 15:03:37 - [MESSAGE][PASSED] - Keys '*' sent to object: 'Object Repository/ADMIN/Edit Text/Bespoke/Common Words/input_Save_sku'

2020-03-20 15:03:37 - [TEST_STEP][PASSED] - sendKeys(findTestObject("ADMIN/Edit Text/Bespoke/Common Words/input_Drop your image here or click to add one_sku"), "*"): Keys '*' sent to object: 'Object Repository/ADMIN/Edit Text/Bespoke/Common Words/input_Drop your image here or click to add one_sku'

2020-03-20 15:03:38 - [MESSAGE][PASSED] - Keys '*' sent to object: 'Object Repository/ADMIN/Edit Text/Bespoke/Common Words/input_Drop your image here or click to add one_sku'

2020-03-20 15:03:38 - [TEST_STEP][PASSED] - sendKeys(findTestObject("ADMIN/Edit Text/Bespoke/Common Words/input_Search_search"), "*"): Keys '*' sent to object: 'Object Repository/ADMIN/Edit Text/Bespoke/Common Words/input_Search_search'

2020-03-20 15:03:38 - [MESSAGE][PASSED] - Keys '*' sent to object: 'Object Repository/ADMIN/Edit Text/Bespoke/Common Words/input_Search_search'

2020-03-20 15:03:38 - [TEST_STEP][PASSED] - sendKeys(findTestObject("ADMIN/Edit Text/Bespoke/Common Words/input_Acknowledged_Acknowledged"), "*"): Keys '*' sent to object: 'Object Repository/ADMIN/Edit Text/Bespoke/Common Words/input_Acknowledged_Acknowledged'

2020-03-20 15:03:38 - [MESSAGE][PASSED] - Keys '*' sent to object: 'Object Repository/ADMIN/Edit Text/Bespoke/Common Words/input_Acknowledged_Acknowledged'

2020-03-20 15:03:38 - [TEST_STEP][PASSED] - sendKeys(findTestObject("ADMIN/Edit Text/Bespoke/Common Words/input_Processing_Processing"), "*"): Keys '*' sent to object: 'Object Repository/ADMIN/Edit Text/Bespoke/Common Words/input_Processing_Processing'

2020-03-20 15:03:38 - [MESSAGE][PASSED] - Keys '*' sent to object: 'Object Repository/ADMIN/Edit Text/Bespoke/Common Words/input_Processing_Processing'

2020-03-20 15:03:38 - [TEST_STEP][PASSED] - sendKeys(findTestObject("ADMIN/Edit Text/Bespoke/Common Words/input_Pending_Pending"), "*"): Keys '*' sent to object: 'Object Repository/ADMIN/Edit Text/Bespoke/Common Words/input_Pending_Pending'

2020-03-20 15:03:38 - [MESSAGE][PASSED] - Keys '*' sent to object: 'Object Repository/ADMIN/Edit Text/Bespoke/Common Words/input_Pending_Pending'

2020-03-20 15:03:38 - [TEST_STEP][PASSED] - sendKeys(findTestObject("ADMIN/Edit Text/Bespoke/Common Words/input_Paid_Paid"), "*"): Keys '*' sent to object: 'Object Repository/ADMIN/Edit Text/Bespoke/Common Words/input_Paid_Paid'

2020-03-20 15:03:39 - [MESSAGE][PASSED] - Keys '*' sent to object: 'Object Repository/ADMIN/Edit Text/Bespoke/Common Words/input_Paid_Paid'

2020-03-20 15:03:39 - [TEST_STEP][PASSED] - sendKeys(findTestObject("ADMIN/Edit Text/Bespoke/Common Words/input_Waiting for payments_Waitingforpayments"), "*"): Keys '*' sent to object: 'Object Repository/ADMIN/Edit Text/Bespoke/Common Words/input_Waiting for payments_Waitingforpayments'

2020-03-20 15:03:39 - [MESSAGE][PASSED] - Keys '*' sent to object: 'Object Repository/ADMIN/Edit Text/Bespoke/Common Words/input_Waiting for payments_Waitingforpayments'

2020-03-20 15:03:39 - [TEST_STEP][PASSED] - sendKeys(findTestObject("ADMIN/Edit Text/Bespoke/Common Words/input_Created_Created"), "*"): Keys '*' sent to object: 'Object Repository/ADMIN/Edit Text/Bespoke/Common Words/input_Created_Created'

2020-03-20 15:03:39 - [MESSAGE][PASSED] - Keys '*' sent to object: 'Object Repository/ADMIN/Edit Text/Bespoke/Common Words/input_Created_Created'

2020-03-20 15:03:39 - [TEST_STEP][PASSED] - sendKeys(findTestObject("ADMIN/Edit Text/Bespoke/Common Words/input_Fully Paid_FullyPaid"), "*"): Keys '*' sent to object: 'Object Repository/ADMIN/Edit Text/Bespoke/Common Words/input_Fully Paid_FullyPaid'

2020-03-20 15:03:39 - [MESSAGE][PASSED] - Keys '*' sent to object: 'Object Repository/ADMIN/Edit Text/Bespoke/Common Words/input_Fully Paid_FullyPaid'

2020-03-20 15:03:39 - [TEST_STEP][PASSED] - sendKeys(findTestObject("ADMIN/Edit Text/Bespoke/Common Words/input_Delivered_Delivered"), "*"): Keys '*' sent to object: 'Object Repository/ADMIN/Edit Text/Bespoke/Common Words/input_Delivered_Delivered'

2020-03-20 15:03:40 - [MESSAGE][PASSED] - Keys '*' sent to object: 'Object Repository/ADMIN/Edit Text/Bespoke/Common Words/input_Delivered_Delivered'

2020-03-20 15:03:40 - [TEST_STEP][PASSED] - sendKeys(findTestObject("ADMIN/Edit Text/Bespoke/Common Words/input_Ready for Pick-up_ReadyforPick-up"), "*"): Keys '*' sent to object: 'Object Repository/ADMIN/Edit Text/Bespoke/Common Words/input_Ready for Pick-up_ReadyforPick-up'

2020-03-20 15:03:40 - [MESSAGE][PASSED] - Keys '*' sent to object: 'Object Repository/ADMIN/Edit Text/Bespoke/Common Words/input_Ready for Pick-up_ReadyforPick-up'

2020-03-20 15:03:40 - [TEST_STEP][PASSED] - sendKeys(findTestObject("ADMIN/Edit Text/Bespoke/Common Words/input_Collected_Collected"), "*"): Keys '*' sent to object: 'Object Repository/ADMIN/Edit Text/Bespoke/Common Words/input_Collected_Collected'

2020-03-20 15:03:40 - [MESSAGE][PASSED] - Keys '*' sent to object: 'Object Repository/ADMIN/Edit Text/Bespoke/Common Words/input_Collected_Collected'

2020-03-20 15:03:40 - [TEST_STEP][PASSED] - sendKeys(findTestObject("ADMIN/Edit Text/Bespoke/Common Words/input_Refunded_Refunded"), "*"): Keys '*' sent to object: 'Object Repository/ADMIN/Edit Text/Bespoke/Common Words/input_Refunded_Refunded'

2020-03-20 15:03:40 - [MESSAGE][PASSED] - Keys '*' sent to object: 'Object Repository/ADMIN/Edit Text/Bespoke/Common Words/input_Refunded_Refunded'

2020-03-20 15:03:40 - [TEST_STEP][PASSED] - sendKeys(findTestObject("ADMIN/Edit Text/Bespoke/Common Words/input_MERCHANT ACCESS DENIED_merchant-access"), "*"): Keys '*' sent to object: 'Object Repository/ADMIN/Edit Text/Bespoke/Common Words/input_MERCHANT ACCESS DENIED_merchant-access'

2020-03-20 15:03:40 - [MESSAGE][PASSED] - Keys '*' sent to object: 'Object Repository/ADMIN/Edit Text/Bespoke/Common Words/input_MERCHANT ACCESS DENIED_merchant-access'

2020-03-20 15:03:40 - [TEST_STEP][PASSED] - sendKeys(findTestObject("ADMIN/Edit Text/Bespoke/Common Words/input_concat(Your action is not allowed Please contact the site  s administrator)_action-not-allowed"), "*"): Keys '*' sent to object: 'Object Repository/ADMIN/Edit Text/Bespoke/Common Words/input_concat(Your action is not allowed Please contact the site  s administrator)_action-not-allowed'

2020-03-20 15:03:41 - [MESSAGE][PASSED] - Keys '*' sent to object: 'Object Repository/ADMIN/Edit Text/Bespoke/Common Words/input_concat(Your action is not allowed Please contact the site  s administrator)_action-not-allowed'

2020-03-20 15:03:41 - [TEST_STEP][PASSED] - sendKeys(findTestObject("ADMIN/Edit Text/Bespoke/Common Words/input_No email allowed_no-email-allowed"), "*"): Keys '*' sent to object: 'Object Repository/ADMIN/Edit Text/Bespoke/Common Words/input_No email allowed_no-email-allowed'

2020-03-20 15:03:41 - [MESSAGE][PASSED] - Keys '*' sent to object: 'Object Repository/ADMIN/Edit Text/Bespoke/Common Words/input_No email allowed_no-email-allowed'

2020-03-20 15:03:41 - [TEST_STEP][PASSED] - click(findTestObject("ADMIN/Edit Text/Bespoke/Buyer Pages/Homepage/button_save"), CONTINUE_ON_FAILURE): Object: 'Object Repository/ADMIN/Edit Text/Bespoke/Buyer Pages/Homepage/button_save' is clicked on

2020-03-20 15:03:41 - [MESSAGE][PASSED] - Object: 'Object Repository/ADMIN/Edit Text/Bespoke/Buyer Pages/Homepage/button_save' is clicked on

2020-03-20 15:03:41 - [TEST_STEP][PASSED] - waitForElementVisible(findTestObject("ADMIN/Edit Text/Bespoke/Buyer Pages/Homepage/toaster_success"), 0): Object 'Object Repository/ADMIN/Edit Text/Bespoke/Buyer Pages/Homepage/toaster_success' is visible

2020-03-20 15:03:41 - [MESSAGE][WARNING] - Timeout '0' is invalid. Using default page load timeout: '30'

2020-03-20 15:03:42 - [MESSAGE][PASSED] - Object 'Object Repository/ADMIN/Edit Text/Bespoke/Buyer Pages/Homepage/toaster_success' is visible]]></system-out>
         <system-err><![CDATA[]]></system-err>
      </testcase>
      <testcase name="Test Cases/ADMIN/Language/Edit Text/Bespoke/Common Words/Common Words" time="7.667" classname="Test Cases/ADMIN/Language/Edit Text/Bespoke/Common Words/Common Words" status="PASSED">
         <system-out><![CDATA[2020-03-20 15:03:42 - [TEST_CASE][PASSED] - Test Cases/ADMIN/Language/Edit Text/Bespoke/Common Words/Common Words: Test Cases/ADMIN/Language/Edit Text/Bespoke/Common Words/Common Words

2020-03-20 15:03:42 - [TEST_STEP][PASSED] - waitForElementVisible(findTestObject("ADMIN/Edit Text/Bespoke/Buyer Navigation/dd_language"), 0): Object 'Object Repository/ADMIN/Edit Text/Bespoke/Buyer Navigation/dd_language' is visible

2020-03-20 15:03:42 - [MESSAGE][WARNING] - Timeout '0' is invalid. Using default page load timeout: '30'

2020-03-20 15:03:42 - [MESSAGE][PASSED] - Object 'Object Repository/ADMIN/Edit Text/Bespoke/Buyer Navigation/dd_language' is visible

2020-03-20 15:03:42 - [TEST_STEP][PASSED] - selectOptionByLabel(findTestObject("ADMIN/Edit Text/Bespoke/Buyer Navigation/dd_language"), varLanguage, false): All options with label 'English' are selected in object 'Object Repository/ADMIN/Edit Text/Bespoke/Buyer Navigation/dd_language' 

2020-03-20 15:03:44 - [MESSAGE][PASSED] - All options with label 'English' are selected in object 'Object Repository/ADMIN/Edit Text/Bespoke/Buyer Navigation/dd_language' 

2020-03-20 15:03:44 - [TEST_STEP][PASSED] - sendKeys(findTestObject("ADMIN/Edit Text/Bespoke/Common Words/input_Cash on delivery_cash-delivery"), "*"): Keys '*' sent to object: 'Object Repository/ADMIN/Edit Text/Bespoke/Common Words/input_Cash on delivery_cash-delivery'

2020-03-20 15:03:44 - [MESSAGE][PASSED] - Keys '*' sent to object: 'Object Repository/ADMIN/Edit Text/Bespoke/Common Words/input_Cash on delivery_cash-delivery'

2020-03-20 15:03:44 - [TEST_STEP][PASSED] - sendKeys(findTestObject("ADMIN/Edit Text/Bespoke/Common Words/input_Paid_paidcod"), "*"): Keys '*' sent to object: 'Object Repository/ADMIN/Edit Text/Bespoke/Common Words/input_Paid_paidcod'

2020-03-20 15:03:44 - [MESSAGE][PASSED] - Keys '*' sent to object: 'Object Repository/ADMIN/Edit Text/Bespoke/Common Words/input_Paid_paidcod'

2020-03-20 15:03:44 - [TEST_STEP][PASSED] - sendKeys(findTestObject("ADMIN/Edit Text/Bespoke/Common Words/input_To be collected_to_be_collected"), "*"): Keys '*' sent to object: 'Object Repository/ADMIN/Edit Text/Bespoke/Common Words/input_To be collected_to_be_collected'

2020-03-20 15:03:45 - [MESSAGE][PASSED] - Keys '*' sent to object: 'Object Repository/ADMIN/Edit Text/Bespoke/Common Words/input_To be collected_to_be_collected'

2020-03-20 15:03:45 - [TEST_STEP][PASSED] - sendKeys(findTestObject("ADMIN/Edit Text/Bespoke/Common Words/input_Delivery_delivery"), "*"): Keys '*' sent to object: 'Object Repository/ADMIN/Edit Text/Bespoke/Common Words/input_Delivery_delivery'

2020-03-20 15:03:45 - [MESSAGE][PASSED] - Keys '*' sent to object: 'Object Repository/ADMIN/Edit Text/Bespoke/Common Words/input_Delivery_delivery'

2020-03-20 15:03:45 - [TEST_STEP][PASSED] - sendKeys(findTestObject("ADMIN/Edit Text/Bespoke/Common Words/input_Pick up_pickup"), "*"): Keys '*' sent to object: 'Object Repository/ADMIN/Edit Text/Bespoke/Common Words/input_Pick up_pickup'

2020-03-20 15:03:45 - [MESSAGE][PASSED] - Keys '*' sent to object: 'Object Repository/ADMIN/Edit Text/Bespoke/Common Words/input_Pick up_pickup'

2020-03-20 15:03:45 - [TEST_STEP][PASSED] - sendKeys(findTestObject("ADMIN/Edit Text/Bespoke/Common Words/input_SKU_sku"), "*"): Keys '*' sent to object: 'Object Repository/ADMIN/Edit Text/Bespoke/Common Words/input_SKU_sku'

2020-03-20 15:03:46 - [MESSAGE][PASSED] - Keys '*' sent to object: 'Object Repository/ADMIN/Edit Text/Bespoke/Common Words/input_SKU_sku'

2020-03-20 15:03:46 - [TEST_STEP][PASSED] - sendKeys(findTestObject("ADMIN/Edit Text/Bespoke/Common Words/input_Save_sku"), "*"): Keys '*' sent to object: 'Object Repository/ADMIN/Edit Text/Bespoke/Common Words/input_Save_sku'

2020-03-20 15:03:46 - [MESSAGE][PASSED] - Keys '*' sent to object: 'Object Repository/ADMIN/Edit Text/Bespoke/Common Words/input_Save_sku'

2020-03-20 15:03:46 - [TEST_STEP][PASSED] - sendKeys(findTestObject("ADMIN/Edit Text/Bespoke/Common Words/input_Drop your image here or click to add one_sku"), "*"): Keys '*' sent to object: 'Object Repository/ADMIN/Edit Text/Bespoke/Common Words/input_Drop your image here or click to add one_sku'

2020-03-20 15:03:46 - [MESSAGE][PASSED] - Keys '*' sent to object: 'Object Repository/ADMIN/Edit Text/Bespoke/Common Words/input_Drop your image here or click to add one_sku'

2020-03-20 15:03:46 - [TEST_STEP][PASSED] - sendKeys(findTestObject("ADMIN/Edit Text/Bespoke/Common Words/input_Search_search"), "*"): Keys '*' sent to object: 'Object Repository/ADMIN/Edit Text/Bespoke/Common Words/input_Search_search'

2020-03-20 15:03:46 - [MESSAGE][PASSED] - Keys '*' sent to object: 'Object Repository/ADMIN/Edit Text/Bespoke/Common Words/input_Search_search'

2020-03-20 15:03:46 - [TEST_STEP][PASSED] - sendKeys(findTestObject("ADMIN/Edit Text/Bespoke/Common Words/input_Acknowledged_Acknowledged"), "*"): Keys '*' sent to object: 'Object Repository/ADMIN/Edit Text/Bespoke/Common Words/input_Acknowledged_Acknowledged'

2020-03-20 15:03:46 - [MESSAGE][PASSED] - Keys '*' sent to object: 'Object Repository/ADMIN/Edit Text/Bespoke/Common Words/input_Acknowledged_Acknowledged'

2020-03-20 15:03:46 - [TEST_STEP][PASSED] - sendKeys(findTestObject("ADMIN/Edit Text/Bespoke/Common Words/input_Processing_Processing"), "*"): Keys '*' sent to object: 'Object Repository/ADMIN/Edit Text/Bespoke/Common Words/input_Processing_Processing'

2020-03-20 15:03:47 - [MESSAGE][PASSED] - Keys '*' sent to object: 'Object Repository/ADMIN/Edit Text/Bespoke/Common Words/input_Processing_Processing'

2020-03-20 15:03:47 - [TEST_STEP][PASSED] - sendKeys(findTestObject("ADMIN/Edit Text/Bespoke/Common Words/input_Pending_Pending"), "*"): Keys '*' sent to object: 'Object Repository/ADMIN/Edit Text/Bespoke/Common Words/input_Pending_Pending'

2020-03-20 15:03:47 - [MESSAGE][PASSED] - Keys '*' sent to object: 'Object Repository/ADMIN/Edit Text/Bespoke/Common Words/input_Pending_Pending'

2020-03-20 15:03:47 - [TEST_STEP][PASSED] - sendKeys(findTestObject("ADMIN/Edit Text/Bespoke/Common Words/input_Paid_Paid"), "*"): Keys '*' sent to object: 'Object Repository/ADMIN/Edit Text/Bespoke/Common Words/input_Paid_Paid'

2020-03-20 15:03:47 - [MESSAGE][PASSED] - Keys '*' sent to object: 'Object Repository/ADMIN/Edit Text/Bespoke/Common Words/input_Paid_Paid'

2020-03-20 15:03:47 - [TEST_STEP][PASSED] - sendKeys(findTestObject("ADMIN/Edit Text/Bespoke/Common Words/input_Waiting for payments_Waitingforpayments"), "*"): Keys '*' sent to object: 'Object Repository/ADMIN/Edit Text/Bespoke/Common Words/input_Waiting for payments_Waitingforpayments'

2020-03-20 15:03:47 - [MESSAGE][PASSED] - Keys '*' sent to object: 'Object Repository/ADMIN/Edit Text/Bespoke/Common Words/input_Waiting for payments_Waitingforpayments'

2020-03-20 15:03:47 - [TEST_STEP][PASSED] - sendKeys(findTestObject("ADMIN/Edit Text/Bespoke/Common Words/input_Created_Created"), "*"): Keys '*' sent to object: 'Object Repository/ADMIN/Edit Text/Bespoke/Common Words/input_Created_Created'

2020-03-20 15:03:47 - [MESSAGE][PASSED] - Keys '*' sent to object: 'Object Repository/ADMIN/Edit Text/Bespoke/Common Words/input_Created_Created'

2020-03-20 15:03:47 - [TEST_STEP][PASSED] - sendKeys(findTestObject("ADMIN/Edit Text/Bespoke/Common Words/input_Fully Paid_FullyPaid"), "*"): Keys '*' sent to object: 'Object Repository/ADMIN/Edit Text/Bespoke/Common Words/input_Fully Paid_FullyPaid'

2020-03-20 15:03:48 - [MESSAGE][PASSED] - Keys '*' sent to object: 'Object Repository/ADMIN/Edit Text/Bespoke/Common Words/input_Fully Paid_FullyPaid'

2020-03-20 15:03:48 - [TEST_STEP][PASSED] - sendKeys(findTestObject("ADMIN/Edit Text/Bespoke/Common Words/input_Delivered_Delivered"), "*"): Keys '*' sent to object: 'Object Repository/ADMIN/Edit Text/Bespoke/Common Words/input_Delivered_Delivered'

2020-03-20 15:03:48 - [MESSAGE][PASSED] - Keys '*' sent to object: 'Object Repository/ADMIN/Edit Text/Bespoke/Common Words/input_Delivered_Delivered'

2020-03-20 15:03:48 - [TEST_STEP][PASSED] - sendKeys(findTestObject("ADMIN/Edit Text/Bespoke/Common Words/input_Ready for Pick-up_ReadyforPick-up"), "*"): Keys '*' sent to object: 'Object Repository/ADMIN/Edit Text/Bespoke/Common Words/input_Ready for Pick-up_ReadyforPick-up'

2020-03-20 15:03:48 - [MESSAGE][PASSED] - Keys '*' sent to object: 'Object Repository/ADMIN/Edit Text/Bespoke/Common Words/input_Ready for Pick-up_ReadyforPick-up'

2020-03-20 15:03:48 - [TEST_STEP][PASSED] - sendKeys(findTestObject("ADMIN/Edit Text/Bespoke/Common Words/input_Collected_Collected"), "*"): Keys '*' sent to object: 'Object Repository/ADMIN/Edit Text/Bespoke/Common Words/input_Collected_Collected'

2020-03-20 15:03:48 - [MESSAGE][PASSED] - Keys '*' sent to object: 'Object Repository/ADMIN/Edit Text/Bespoke/Common Words/input_Collected_Collected'

2020-03-20 15:03:48 - [TEST_STEP][PASSED] - sendKeys(findTestObject("ADMIN/Edit Text/Bespoke/Common Words/input_Refunded_Refunded"), "*"): Keys '*' sent to object: 'Object Repository/ADMIN/Edit Text/Bespoke/Common Words/input_Refunded_Refunded'

2020-03-20 15:03:49 - [MESSAGE][PASSED] - Keys '*' sent to object: 'Object Repository/ADMIN/Edit Text/Bespoke/Common Words/input_Refunded_Refunded'

2020-03-20 15:03:49 - [TEST_STEP][PASSED] - sendKeys(findTestObject("ADMIN/Edit Text/Bespoke/Common Words/input_MERCHANT ACCESS DENIED_merchant-access"), "*"): Keys '*' sent to object: 'Object Repository/ADMIN/Edit Text/Bespoke/Common Words/input_MERCHANT ACCESS DENIED_merchant-access'

2020-03-20 15:03:49 - [MESSAGE][PASSED] - Keys '*' sent to object: 'Object Repository/ADMIN/Edit Text/Bespoke/Common Words/input_MERCHANT ACCESS DENIED_merchant-access'

2020-03-20 15:03:49 - [TEST_STEP][PASSED] - sendKeys(findTestObject("ADMIN/Edit Text/Bespoke/Common Words/input_concat(Your action is not allowed Please contact the site  s administrator)_action-not-allowed"), "*"): Keys '*' sent to object: 'Object Repository/ADMIN/Edit Text/Bespoke/Common Words/input_concat(Your action is not allowed Please contact the site  s administrator)_action-not-allowed'

2020-03-20 15:03:49 - [MESSAGE][PASSED] - Keys '*' sent to object: 'Object Repository/ADMIN/Edit Text/Bespoke/Common Words/input_concat(Your action is not allowed Please contact the site  s administrator)_action-not-allowed'

2020-03-20 15:03:49 - [TEST_STEP][PASSED] - sendKeys(findTestObject("ADMIN/Edit Text/Bespoke/Common Words/input_No email allowed_no-email-allowed"), "*"): Keys '*' sent to object: 'Object Repository/ADMIN/Edit Text/Bespoke/Common Words/input_No email allowed_no-email-allowed'

2020-03-20 15:03:49 - [MESSAGE][PASSED] - Keys '*' sent to object: 'Object Repository/ADMIN/Edit Text/Bespoke/Common Words/input_No email allowed_no-email-allowed'

2020-03-20 15:03:49 - [TEST_STEP][PASSED] - click(findTestObject("ADMIN/Edit Text/Bespoke/Buyer Pages/Homepage/button_save"), CONTINUE_ON_FAILURE): Object: 'Object Repository/ADMIN/Edit Text/Bespoke/Buyer Pages/Homepage/button_save' is clicked on

2020-03-20 15:03:49 - [MESSAGE][PASSED] - Object: 'Object Repository/ADMIN/Edit Text/Bespoke/Buyer Pages/Homepage/button_save' is clicked on

2020-03-20 15:03:49 - [TEST_STEP][PASSED] - waitForElementVisible(findTestObject("ADMIN/Edit Text/Bespoke/Buyer Pages/Homepage/toaster_success"), 0): Object 'Object Repository/ADMIN/Edit Text/Bespoke/Buyer Pages/Homepage/toaster_success' is visible

2020-03-20 15:03:49 - [MESSAGE][WARNING] - Timeout '0' is invalid. Using default page load timeout: '30'

2020-03-20 15:03:50 - [MESSAGE][PASSED] - Object 'Object Repository/ADMIN/Edit Text/Bespoke/Buyer Pages/Homepage/toaster_success' is visible]]></system-out>
         <system-err><![CDATA[]]></system-err>
      </testcase>
      <system-out><![CDATA[2020-03-20 15:01:39 - [TEST_SUITE][PASSED] - Common Words: Test Cases/ADMIN/Language/Edit Text/Bespoke/Common Words/Common Words]]></system-out>
      <system-err><![CDATA[]]></system-err>
   </testsuite>
</testsuites>
