<?xml version="1.0" encoding="UTF-8"?>
<testsuites name="Bespoke Buyer Pages" time="117.156" tests="17" failures="0" errors="0">
   <testsuite name="Bespoke Buyer Pages" tests="17" failures="0" errors="0" time="117.156" timestamp="2020-03-20 10:05:44" hostname="ARCADIER03 - 192.168.254.105" id="Test Suites/Admin/Language/Edit Text/Bespoke/Buyer Pages/Bespoke Buyer Pages">
      <properties>
         <property name="deviceName" value=""/>
         <property name="devicePlatform" value=""/>
         <property name="logFolder" value="C:\\Katalon\\Arctick\\Reports\\20200320_100541\\Admin\\Language\\Edit Text\\Bespoke\\Buyer Pages\\Bespoke Buyer Pages\\20200320_100541"/>
         <property name="logFiles" value="C:\\Katalon\\Arctick\\Reports\\20200320_100541\\Admin\\Language\\Edit Text\\Bespoke\\Buyer Pages\\Bespoke Buyer Pages\\20200320_100541\\execution0.log"/>
         <property name="attachments" value=""/>
         <property name="hostName" value="ARCADIER03 - 192.168.254.105"/>
         <property name="os" value="Windows 7 64bit"/>
         <property name="katalonVersion" value="7.2.6.1"/>
         <property name="browser" value="Chrome 80.0.3987.149"/>
         <property name="hostAddress" value="192.168.254.105"/>
         <property name="sessionId" value="36d01542543bc6b7e6541b3e6dcbd8a9"/>
         <property name="seleniumVersion" value="3.141.59"/>
         <property name="proxyInformation" value="ProxyInformation{proxyOption=NO_PROXY, proxyServerType=HTTP, password=, proxyServerAddress=, proxyServerPort=0, executionList=}"/>
         <property name="platform" value="Windows 7"/>
      </properties>
      <testcase name="Test Cases/ADMIN/Language/Edit Text/Bespoke/Buyer Pages/Checkout Delivery Navigation" time="8.472" classname="Test Cases/ADMIN/Language/Edit Text/Bespoke/Buyer Pages/Checkout Delivery Navigation" status="PASSED">
         <system-out><![CDATA[2020-03-20 10:05:44 - [TEST_CASE][PASSED] - Test Cases/ADMIN/Language/Edit Text/Bespoke/Buyer Pages/Checkout Delivery Navigation: Test Cases/ADMIN/Language/Edit Text/Bespoke/Buyer Pages/Checkout Delivery Navigation

2020-03-20 10:05:45 - [TEST_STEP][PASSED] - waitForElementVisible(findTestObject("ADMIN/Language/sidemenu_Language"), 0): Object 'Object Repository/ADMIN/Language/sidemenu_Language' is visible

2020-03-20 10:05:45 - [MESSAGE][WARNING] - Timeout '0' is invalid. Using default page load timeout: '30'

2020-03-20 10:05:47 - [MESSAGE][PASSED] - Object 'Object Repository/ADMIN/Language/sidemenu_Language' is visible

2020-03-20 10:05:47 - [TEST_STEP][PASSED] - click(findTestObject("ADMIN/Language/sidemenu_Language"), CONTINUE_ON_FAILURE): Object: 'Object Repository/ADMIN/Language/sidemenu_Language' is clicked on

2020-03-20 10:05:47 - [MESSAGE][PASSED] - Object: 'Object Repository/ADMIN/Language/sidemenu_Language' is clicked on

2020-03-20 10:05:47 - [TEST_STEP][PASSED] - waitForElementVisible(findTestObject("ADMIN/Language/sidemenu_Edit Text"), 0): Object 'Object Repository/ADMIN/Language/sidemenu_Edit Text' is visible

2020-03-20 10:05:47 - [MESSAGE][WARNING] - Timeout '0' is invalid. Using default page load timeout: '30'

2020-03-20 10:05:48 - [MESSAGE][PASSED] - Object 'Object Repository/ADMIN/Language/sidemenu_Edit Text' is visible

2020-03-20 10:05:48 - [TEST_STEP][PASSED] - click(findTestObject("ADMIN/Language/sidemenu_Edit Text"), CONTINUE_ON_FAILURE): Object: 'Object Repository/ADMIN/Language/sidemenu_Edit Text' is clicked on

2020-03-20 10:05:49 - [MESSAGE][PASSED] - Object: 'Object Repository/ADMIN/Language/sidemenu_Edit Text' is clicked on

2020-03-20 10:05:49 - [TEST_STEP][PASSED] - waitForElementVisible(findTestObject("ADMIN/Edit Text/Bespoke/Buyer Navigation/icon_dd"), 0): Object 'Object Repository/ADMIN/Edit Text/Bespoke/Buyer Navigation/icon_dd' is visible

2020-03-20 10:05:49 - [MESSAGE][WARNING] - Timeout '0' is invalid. Using default page load timeout: '30'

2020-03-20 10:05:50 - [MESSAGE][PASSED] - Object 'Object Repository/ADMIN/Edit Text/Bespoke/Buyer Navigation/icon_dd' is visible

2020-03-20 10:05:50 - [TEST_STEP][PASSED] - click(findTestObject("ADMIN/Edit Text/Bespoke/Buyer Navigation/icon_dd"), CONTINUE_ON_FAILURE): Object: 'Object Repository/ADMIN/Edit Text/Bespoke/Buyer Navigation/icon_dd' is clicked on

2020-03-20 10:05:50 - [MESSAGE][PASSED] - Object: 'Object Repository/ADMIN/Edit Text/Bespoke/Buyer Navigation/icon_dd' is clicked on

2020-03-20 10:05:50 - [TEST_STEP][PASSED] - waitForElementVisible(findTestObject("ADMIN/Edit Text/Bespoke/Buyer Navigation/textlink_Checkout (Delivery Details)"), 0): Object 'Object Repository/ADMIN/Edit Text/Bespoke/Buyer Navigation/textlink_Checkout (Delivery Details)' is visible

2020-03-20 10:05:51 - [MESSAGE][WARNING] - Timeout '0' is invalid. Using default page load timeout: '30'

2020-03-20 10:05:51 - [MESSAGE][PASSED] - Object 'Object Repository/ADMIN/Edit Text/Bespoke/Buyer Navigation/textlink_Checkout (Delivery Details)' is visible

2020-03-20 10:05:51 - [TEST_STEP][PASSED] - click(findTestObject("ADMIN/Edit Text/Bespoke/Buyer Navigation/textlink_Checkout (Delivery Details)"), CONTINUE_ON_FAILURE): Object: 'Object Repository/ADMIN/Edit Text/Bespoke/Buyer Navigation/textlink_Checkout (Delivery Details)' is clicked on

2020-03-20 10:05:52 - [MESSAGE][PASSED] - Object: 'Object Repository/ADMIN/Edit Text/Bespoke/Buyer Navigation/textlink_Checkout (Delivery Details)' is clicked on

2020-03-20 10:05:52 - [TEST_STEP][PASSED] - waitForElementVisible(findTestObject("ADMIN/Edit Text/Bespoke/Buyer Navigation/dd_language"), 0): Object 'Object Repository/ADMIN/Edit Text/Bespoke/Buyer Navigation/dd_language' is visible

2020-03-20 10:05:52 - [MESSAGE][WARNING] - Timeout '0' is invalid. Using default page load timeout: '30'

2020-03-20 10:05:53 - [MESSAGE][PASSED] - Object 'Object Repository/ADMIN/Edit Text/Bespoke/Buyer Navigation/dd_language' is visible]]></system-out>
         <system-err><![CDATA[]]></system-err>
      </testcase>
      <testcase name="Test Cases/ADMIN/Language/Edit Text/Bespoke/Buyer Pages/Checkout Delivery" time="7.689" classname="Test Cases/ADMIN/Language/Edit Text/Bespoke/Buyer Pages/Checkout Delivery" status="PASSED">
         <system-out><![CDATA[2020-03-20 10:05:53 - [TEST_CASE][PASSED] - Test Cases/ADMIN/Language/Edit Text/Bespoke/Buyer Pages/Checkout Delivery: Test Cases/ADMIN/Language/Edit Text/Bespoke/Buyer Pages/Checkout Delivery

2020-03-20 10:05:53 - [TEST_STEP][PASSED] - waitForElementVisible(findTestObject("ADMIN/Edit Text/Bespoke/Buyer Navigation/dd_language"), 0): Object 'Object Repository/ADMIN/Edit Text/Bespoke/Buyer Navigation/dd_language' is visible

2020-03-20 10:05:53 - [MESSAGE][WARNING] - Timeout '0' is invalid. Using default page load timeout: '30'

2020-03-20 10:05:53 - [MESSAGE][PASSED] - Object 'Object Repository/ADMIN/Edit Text/Bespoke/Buyer Navigation/dd_language' is visible

2020-03-20 10:05:53 - [TEST_STEP][PASSED] - selectOptionByLabel(findTestObject("ADMIN/Edit Text/Bespoke/Buyer Navigation/dd_language"), varLanguage, false): All options with label 'French' are selected in object 'Object Repository/ADMIN/Edit Text/Bespoke/Buyer Navigation/dd_language' 

2020-03-20 10:05:54 - [MESSAGE][PASSED] - All options with label 'French' are selected in object 'Object Repository/ADMIN/Edit Text/Bespoke/Buyer Navigation/dd_language' 

2020-03-20 10:05:54 - [TEST_STEP][PASSED] - sendKeys(findTestObject("ADMIN/Edit Text/Bespoke/Buyer Pages/Checkout Delivery Details/input_DELIVERY_tab-title"), "*"): Keys '*' sent to object: 'Object Repository/ADMIN/Edit Text/Bespoke/Buyer Pages/Checkout Delivery Details/input_DELIVERY_tab-title'

2020-03-20 10:05:55 - [MESSAGE][PASSED] - Keys '*' sent to object: 'Object Repository/ADMIN/Edit Text/Bespoke/Buyer Pages/Checkout Delivery Details/input_DELIVERY_tab-title'

2020-03-20 10:05:55 - [TEST_STEP][PASSED] - sendKeys(findTestObject("ADMIN/Edit Text/Bespoke/Buyer Pages/Checkout Delivery Details/input_REVIEW_tab-title"), "*"): Keys '*' sent to object: 'Object Repository/ADMIN/Edit Text/Bespoke/Buyer Pages/Checkout Delivery Details/input_REVIEW_tab-title'

2020-03-20 10:05:55 - [MESSAGE][PASSED] - Keys '*' sent to object: 'Object Repository/ADMIN/Edit Text/Bespoke/Buyer Pages/Checkout Delivery Details/input_REVIEW_tab-title'

2020-03-20 10:05:55 - [TEST_STEP][PASSED] - sendKeys(findTestObject("ADMIN/Edit Text/Bespoke/Buyer Pages/Checkout Delivery Details/input_PAY_tab-title"), "*"): Keys '*' sent to object: 'Object Repository/ADMIN/Edit Text/Bespoke/Buyer Pages/Checkout Delivery Details/input_PAY_tab-title'

2020-03-20 10:05:56 - [MESSAGE][PASSED] - Keys '*' sent to object: 'Object Repository/ADMIN/Edit Text/Bespoke/Buyer Pages/Checkout Delivery Details/input_PAY_tab-title'

2020-03-20 10:05:56 - [TEST_STEP][PASSED] - sendKeys(findTestObject("ADMIN/Edit Text/Bespoke/Buyer Pages/Checkout Delivery Details/input_Already registered with us_guest-info-txt"), "*"): Keys '*' sent to object: 'Object Repository/ADMIN/Edit Text/Bespoke/Buyer Pages/Checkout Delivery Details/input_Already registered with us_guest-info-txt'

2020-03-20 10:05:56 - [MESSAGE][PASSED] - Keys '*' sent to object: 'Object Repository/ADMIN/Edit Text/Bespoke/Buyer Pages/Checkout Delivery Details/input_Already registered with us_guest-info-txt'

2020-03-20 10:05:56 - [TEST_STEP][PASSED] - sendKeys(findTestObject("ADMIN/Edit Text/Bespoke/Buyer Pages/Checkout Delivery Details/input_SIGN IN NOW_btn_next"), "*"): Keys '*' sent to object: 'Object Repository/ADMIN/Edit Text/Bespoke/Buyer Pages/Checkout Delivery Details/input_SIGN IN NOW_btn_next'

2020-03-20 10:05:56 - [MESSAGE][PASSED] - Keys '*' sent to object: 'Object Repository/ADMIN/Edit Text/Bespoke/Buyer Pages/Checkout Delivery Details/input_SIGN IN NOW_btn_next'

2020-03-20 10:05:56 - [TEST_STEP][PASSED] - sendKeys(findTestObject("ADMIN/Edit Text/Bespoke/Buyer Pages/Checkout Delivery Details/input_FIRST NAME_first-name"), "*"): Keys '*' sent to object: 'Object Repository/ADMIN/Edit Text/Bespoke/Buyer Pages/Checkout Delivery Details/input_FIRST NAME_first-name'

2020-03-20 10:05:56 - [MESSAGE][PASSED] - Keys '*' sent to object: 'Object Repository/ADMIN/Edit Text/Bespoke/Buyer Pages/Checkout Delivery Details/input_FIRST NAME_first-name'

2020-03-20 10:05:56 - [TEST_STEP][PASSED] - sendKeys(findTestObject("ADMIN/Edit Text/Bespoke/Buyer Pages/Checkout Delivery Details/input_LAST NAME_last-name"), "*"): Keys '*' sent to object: 'Object Repository/ADMIN/Edit Text/Bespoke/Buyer Pages/Checkout Delivery Details/input_LAST NAME_last-name'

2020-03-20 10:05:57 - [MESSAGE][PASSED] - Keys '*' sent to object: 'Object Repository/ADMIN/Edit Text/Bespoke/Buyer Pages/Checkout Delivery Details/input_LAST NAME_last-name'

2020-03-20 10:05:57 - [TEST_STEP][PASSED] - sendKeys(findTestObject("ADMIN/Edit Text/Bespoke/Buyer Pages/Checkout Delivery Details/input_NOTIFICATION EMAIL_notification-email"), "*"): Keys '*' sent to object: 'Object Repository/ADMIN/Edit Text/Bespoke/Buyer Pages/Checkout Delivery Details/input_NOTIFICATION EMAIL_notification-email'

2020-03-20 10:05:57 - [MESSAGE][PASSED] - Keys '*' sent to object: 'Object Repository/ADMIN/Edit Text/Bespoke/Buyer Pages/Checkout Delivery Details/input_NOTIFICATION EMAIL_notification-email'

2020-03-20 10:05:57 - [TEST_STEP][PASSED] - sendKeys(findTestObject("ADMIN/Edit Text/Bespoke/Buyer Pages/Checkout Delivery Details/input_CONTACT NUMBER_contact-number"), "*"): Keys '*' sent to object: 'Object Repository/ADMIN/Edit Text/Bespoke/Buyer Pages/Checkout Delivery Details/input_CONTACT NUMBER_contact-number'

2020-03-20 10:05:57 - [MESSAGE][PASSED] - Keys '*' sent to object: 'Object Repository/ADMIN/Edit Text/Bespoke/Buyer Pages/Checkout Delivery Details/input_CONTACT NUMBER_contact-number'

2020-03-20 10:05:57 - [TEST_STEP][PASSED] - sendKeys(findTestObject("ADMIN/Edit Text/Bespoke/Buyer Pages/Checkout Delivery Details/input_ADD NEW_btn_add"), "*"): Keys '*' sent to object: 'Object Repository/ADMIN/Edit Text/Bespoke/Buyer Pages/Checkout Delivery Details/input_ADD NEW_btn_add'

2020-03-20 10:05:57 - [MESSAGE][PASSED] - Keys '*' sent to object: 'Object Repository/ADMIN/Edit Text/Bespoke/Buyer Pages/Checkout Delivery Details/input_ADD NEW_btn_add'

2020-03-20 10:05:57 - [TEST_STEP][PASSED] - sendKeys(findTestObject("ADMIN/Edit Text/Bespoke/Buyer Pages/Checkout Delivery Details/input_SELECT ADDRESS_btn_select"), "*"): Keys '*' sent to object: 'Object Repository/ADMIN/Edit Text/Bespoke/Buyer Pages/Checkout Delivery Details/input_SELECT ADDRESS_btn_select'

2020-03-20 10:05:57 - [MESSAGE][PASSED] - Keys '*' sent to object: 'Object Repository/ADMIN/Edit Text/Bespoke/Buyer Pages/Checkout Delivery Details/input_SELECT ADDRESS_btn_select'

2020-03-20 10:05:57 - [TEST_STEP][PASSED] - sendKeys(findTestObject("ADMIN/Edit Text/Bespoke/Buyer Pages/Checkout Delivery Details/input_SELECTED_btn_selected"), "*"): Keys '*' sent to object: 'Object Repository/ADMIN/Edit Text/Bespoke/Buyer Pages/Checkout Delivery Details/input_SELECTED_btn_selected'

2020-03-20 10:05:57 - [MESSAGE][PASSED] - Keys '*' sent to object: 'Object Repository/ADMIN/Edit Text/Bespoke/Buyer Pages/Checkout Delivery Details/input_SELECTED_btn_selected'

2020-03-20 10:05:57 - [TEST_STEP][PASSED] - sendKeys(findTestObject("ADMIN/Edit Text/Bespoke/Buyer Pages/Checkout Delivery Details/input_ADDRESSEE FIRST NAME_addressee-first-name"), "*"): Keys '*' sent to object: 'Object Repository/ADMIN/Edit Text/Bespoke/Buyer Pages/Checkout Delivery Details/input_ADDRESSEE FIRST NAME_addressee-first-name'

2020-03-20 10:05:58 - [MESSAGE][PASSED] - Keys '*' sent to object: 'Object Repository/ADMIN/Edit Text/Bespoke/Buyer Pages/Checkout Delivery Details/input_ADDRESSEE FIRST NAME_addressee-first-name'

2020-03-20 10:05:58 - [TEST_STEP][PASSED] - sendKeys(findTestObject("ADMIN/Edit Text/Bespoke/Buyer Pages/Checkout Delivery Details/input_ADDRESSEE LAST NAME_addressee-last-name"), "*"): Keys '*' sent to object: 'Object Repository/ADMIN/Edit Text/Bespoke/Buyer Pages/Checkout Delivery Details/input_ADDRESSEE LAST NAME_addressee-last-name'

2020-03-20 10:05:58 - [MESSAGE][PASSED] - Keys '*' sent to object: 'Object Repository/ADMIN/Edit Text/Bespoke/Buyer Pages/Checkout Delivery Details/input_ADDRESSEE LAST NAME_addressee-last-name'

2020-03-20 10:05:58 - [TEST_STEP][PASSED] - sendKeys(findTestObject("ADMIN/Edit Text/Bespoke/Buyer Pages/Checkout Delivery Details/input_COUNTRY_delivery-country"), "*"): Keys '*' sent to object: 'Object Repository/ADMIN/Edit Text/Bespoke/Buyer Pages/Checkout Delivery Details/input_COUNTRY_delivery-country'

2020-03-20 10:05:58 - [MESSAGE][PASSED] - Keys '*' sent to object: 'Object Repository/ADMIN/Edit Text/Bespoke/Buyer Pages/Checkout Delivery Details/input_COUNTRY_delivery-country'

2020-03-20 10:05:58 - [TEST_STEP][PASSED] - sendKeys(findTestObject("ADMIN/Edit Text/Bespoke/Buyer Pages/Checkout Delivery Details/input_State_delivery-state"), "*"): Keys '*' sent to object: 'Object Repository/ADMIN/Edit Text/Bespoke/Buyer Pages/Checkout Delivery Details/input_State_delivery-state'

2020-03-20 10:05:58 - [MESSAGE][PASSED] - Keys '*' sent to object: 'Object Repository/ADMIN/Edit Text/Bespoke/Buyer Pages/Checkout Delivery Details/input_State_delivery-state'

2020-03-20 10:05:58 - [TEST_STEP][PASSED] - sendKeys(findTestObject("ADMIN/Edit Text/Bespoke/Buyer Pages/Checkout Delivery Details/input_CITY_delivery-city"), "*"): Keys '*' sent to object: 'Object Repository/ADMIN/Edit Text/Bespoke/Buyer Pages/Checkout Delivery Details/input_CITY_delivery-city'

2020-03-20 10:05:58 - [MESSAGE][PASSED] - Keys '*' sent to object: 'Object Repository/ADMIN/Edit Text/Bespoke/Buyer Pages/Checkout Delivery Details/input_CITY_delivery-city'

2020-03-20 10:05:58 - [TEST_STEP][PASSED] - sendKeys(findTestObject("ADMIN/Edit Text/Bespoke/Buyer Pages/Checkout Delivery Details/input_ADDRESS_delivery-address"), "*"): Keys '*' sent to object: 'Object Repository/ADMIN/Edit Text/Bespoke/Buyer Pages/Checkout Delivery Details/input_ADDRESS_delivery-address'

2020-03-20 10:05:58 - [MESSAGE][PASSED] - Keys '*' sent to object: 'Object Repository/ADMIN/Edit Text/Bespoke/Buyer Pages/Checkout Delivery Details/input_ADDRESS_delivery-address'

2020-03-20 10:05:58 - [TEST_STEP][PASSED] - sendKeys(findTestObject("ADMIN/Edit Text/Bespoke/Buyer Pages/Checkout Delivery Details/input_POSTAL CODE_delivery-postal-code"), "*"): Keys '*' sent to object: 'Object Repository/ADMIN/Edit Text/Bespoke/Buyer Pages/Checkout Delivery Details/input_POSTAL CODE_delivery-postal-code'

2020-03-20 10:05:59 - [MESSAGE][PASSED] - Keys '*' sent to object: 'Object Repository/ADMIN/Edit Text/Bespoke/Buyer Pages/Checkout Delivery Details/input_POSTAL CODE_delivery-postal-code'

2020-03-20 10:05:59 - [TEST_STEP][PASSED] - sendKeys(findTestObject("ADMIN/Edit Text/Bespoke/Buyer Pages/Checkout Delivery Details/input_SAVE_btn_save"), "*"): Keys '*' sent to object: 'Object Repository/ADMIN/Edit Text/Bespoke/Buyer Pages/Checkout Delivery Details/input_SAVE_btn_save'

2020-03-20 10:05:59 - [MESSAGE][PASSED] - Keys '*' sent to object: 'Object Repository/ADMIN/Edit Text/Bespoke/Buyer Pages/Checkout Delivery Details/input_SAVE_btn_save'

2020-03-20 10:05:59 - [TEST_STEP][PASSED] - sendKeys(findTestObject("ADMIN/Edit Text/Bespoke/Buyer Pages/Checkout Delivery Details/input_NEXT_btn_next"), "*"): Keys '*' sent to object: 'Object Repository/ADMIN/Edit Text/Bespoke/Buyer Pages/Checkout Delivery Details/input_NEXT_btn_next'

2020-03-20 10:05:59 - [MESSAGE][PASSED] - Keys '*' sent to object: 'Object Repository/ADMIN/Edit Text/Bespoke/Buyer Pages/Checkout Delivery Details/input_NEXT_btn_next'

2020-03-20 10:05:59 - [TEST_STEP][PASSED] - sendKeys(findTestObject("ADMIN/Edit Text/Bespoke/Buyer Pages/Checkout Delivery Details/input_REMOVE ITEM_popup-title"), "*"): Keys '*' sent to object: 'Object Repository/ADMIN/Edit Text/Bespoke/Buyer Pages/Checkout Delivery Details/input_REMOVE ITEM_popup-title'

2020-03-20 10:05:59 - [MESSAGE][PASSED] - Keys '*' sent to object: 'Object Repository/ADMIN/Edit Text/Bespoke/Buyer Pages/Checkout Delivery Details/input_REMOVE ITEM_popup-title'

2020-03-20 10:05:59 - [TEST_STEP][PASSED] - sendKeys(findTestObject("ADMIN/Edit Text/Bespoke/Buyer Pages/Checkout Delivery Details/textarea_You sure about removing this item from your list (Itll be gone forever)"), "*"): Keys '*' sent to object: 'Object Repository/ADMIN/Edit Text/Bespoke/Buyer Pages/Checkout Delivery Details/textarea_You sure about removing this item from your list (Itll be gone forever)'

2020-03-20 10:05:59 - [MESSAGE][PASSED] - Keys '*' sent to object: 'Object Repository/ADMIN/Edit Text/Bespoke/Buyer Pages/Checkout Delivery Details/textarea_You sure about removing this item from your list (Itll be gone forever)'

2020-03-20 10:05:59 - [TEST_STEP][PASSED] - sendKeys(findTestObject("ADMIN/Edit Text/Bespoke/Buyer Pages/Checkout Delivery Details/input_CANCEL_btn_cancel"), "*"): Keys '*' sent to object: 'Object Repository/ADMIN/Edit Text/Bespoke/Buyer Pages/Checkout Delivery Details/input_CANCEL_btn_cancel'

2020-03-20 10:05:59 - [MESSAGE][PASSED] - Keys '*' sent to object: 'Object Repository/ADMIN/Edit Text/Bespoke/Buyer Pages/Checkout Delivery Details/input_CANCEL_btn_cancel'

2020-03-20 10:05:59 - [TEST_STEP][PASSED] - sendKeys(findTestObject("ADMIN/Edit Text/Bespoke/Buyer Pages/Checkout Delivery Details/input_Okay_btn_okay"), "*"): Keys '*' sent to object: 'Object Repository/ADMIN/Edit Text/Bespoke/Buyer Pages/Checkout Delivery Details/input_Okay_btn_okay'

2020-03-20 10:05:59 - [MESSAGE][PASSED] - Keys '*' sent to object: 'Object Repository/ADMIN/Edit Text/Bespoke/Buyer Pages/Checkout Delivery Details/input_Okay_btn_okay'

2020-03-20 10:05:59 - [TEST_STEP][PASSED] - click(findTestObject("ADMIN/Edit Text/Bespoke/Buyer Pages/Homepage/button_save"), CONTINUE_ON_FAILURE): Object: 'Object Repository/ADMIN/Edit Text/Bespoke/Buyer Pages/Homepage/button_save' is clicked on

2020-03-20 10:06:00 - [MESSAGE][PASSED] - Object: 'Object Repository/ADMIN/Edit Text/Bespoke/Buyer Pages/Homepage/button_save' is clicked on

2020-03-20 10:06:00 - [TEST_STEP][PASSED] - waitForElementVisible(findTestObject("ADMIN/Edit Text/Bespoke/Buyer Pages/Homepage/toaster_success"), 0): Object 'Object Repository/ADMIN/Edit Text/Bespoke/Buyer Pages/Homepage/toaster_success' is visible

2020-03-20 10:06:00 - [MESSAGE][WARNING] - Timeout '0' is invalid. Using default page load timeout: '30'

2020-03-20 10:06:00 - [MESSAGE][PASSED] - Object 'Object Repository/ADMIN/Edit Text/Bespoke/Buyer Pages/Homepage/toaster_success' is visible]]></system-out>
         <system-err><![CDATA[]]></system-err>
      </testcase>
      <testcase name="Test Cases/ADMIN/Language/Edit Text/Bespoke/Buyer Pages/Checkout Delivery" time="6.586" classname="Test Cases/ADMIN/Language/Edit Text/Bespoke/Buyer Pages/Checkout Delivery" status="PASSED">
         <system-out><![CDATA[2020-03-20 10:06:00 - [TEST_CASE][PASSED] - Test Cases/ADMIN/Language/Edit Text/Bespoke/Buyer Pages/Checkout Delivery: Test Cases/ADMIN/Language/Edit Text/Bespoke/Buyer Pages/Checkout Delivery

2020-03-20 10:06:00 - [TEST_STEP][PASSED] - waitForElementVisible(findTestObject("ADMIN/Edit Text/Bespoke/Buyer Navigation/dd_language"), 0): Object 'Object Repository/ADMIN/Edit Text/Bespoke/Buyer Navigation/dd_language' is visible

2020-03-20 10:06:01 - [MESSAGE][WARNING] - Timeout '0' is invalid. Using default page load timeout: '30'

2020-03-20 10:06:01 - [MESSAGE][PASSED] - Object 'Object Repository/ADMIN/Edit Text/Bespoke/Buyer Navigation/dd_language' is visible

2020-03-20 10:06:01 - [TEST_STEP][PASSED] - selectOptionByLabel(findTestObject("ADMIN/Edit Text/Bespoke/Buyer Navigation/dd_language"), varLanguage, false): All options with label 'Spanish' are selected in object 'Object Repository/ADMIN/Edit Text/Bespoke/Buyer Navigation/dd_language' 

2020-03-20 10:06:02 - [MESSAGE][PASSED] - All options with label 'Spanish' are selected in object 'Object Repository/ADMIN/Edit Text/Bespoke/Buyer Navigation/dd_language' 

2020-03-20 10:06:02 - [TEST_STEP][PASSED] - sendKeys(findTestObject("ADMIN/Edit Text/Bespoke/Buyer Pages/Checkout Delivery Details/input_DELIVERY_tab-title"), "*"): Keys '*' sent to object: 'Object Repository/ADMIN/Edit Text/Bespoke/Buyer Pages/Checkout Delivery Details/input_DELIVERY_tab-title'

2020-03-20 10:06:03 - [MESSAGE][PASSED] - Keys '*' sent to object: 'Object Repository/ADMIN/Edit Text/Bespoke/Buyer Pages/Checkout Delivery Details/input_DELIVERY_tab-title'

2020-03-20 10:06:03 - [TEST_STEP][PASSED] - sendKeys(findTestObject("ADMIN/Edit Text/Bespoke/Buyer Pages/Checkout Delivery Details/input_REVIEW_tab-title"), "*"): Keys '*' sent to object: 'Object Repository/ADMIN/Edit Text/Bespoke/Buyer Pages/Checkout Delivery Details/input_REVIEW_tab-title'

2020-03-20 10:06:03 - [MESSAGE][PASSED] - Keys '*' sent to object: 'Object Repository/ADMIN/Edit Text/Bespoke/Buyer Pages/Checkout Delivery Details/input_REVIEW_tab-title'

2020-03-20 10:06:03 - [TEST_STEP][PASSED] - sendKeys(findTestObject("ADMIN/Edit Text/Bespoke/Buyer Pages/Checkout Delivery Details/input_PAY_tab-title"), "*"): Keys '*' sent to object: 'Object Repository/ADMIN/Edit Text/Bespoke/Buyer Pages/Checkout Delivery Details/input_PAY_tab-title'

2020-03-20 10:06:03 - [MESSAGE][PASSED] - Keys '*' sent to object: 'Object Repository/ADMIN/Edit Text/Bespoke/Buyer Pages/Checkout Delivery Details/input_PAY_tab-title'

2020-03-20 10:06:03 - [TEST_STEP][PASSED] - sendKeys(findTestObject("ADMIN/Edit Text/Bespoke/Buyer Pages/Checkout Delivery Details/input_Already registered with us_guest-info-txt"), "*"): Keys '*' sent to object: 'Object Repository/ADMIN/Edit Text/Bespoke/Buyer Pages/Checkout Delivery Details/input_Already registered with us_guest-info-txt'

2020-03-20 10:06:03 - [MESSAGE][PASSED] - Keys '*' sent to object: 'Object Repository/ADMIN/Edit Text/Bespoke/Buyer Pages/Checkout Delivery Details/input_Already registered with us_guest-info-txt'

2020-03-20 10:06:03 - [TEST_STEP][PASSED] - sendKeys(findTestObject("ADMIN/Edit Text/Bespoke/Buyer Pages/Checkout Delivery Details/input_SIGN IN NOW_btn_next"), "*"): Keys '*' sent to object: 'Object Repository/ADMIN/Edit Text/Bespoke/Buyer Pages/Checkout Delivery Details/input_SIGN IN NOW_btn_next'

2020-03-20 10:06:04 - [MESSAGE][PASSED] - Keys '*' sent to object: 'Object Repository/ADMIN/Edit Text/Bespoke/Buyer Pages/Checkout Delivery Details/input_SIGN IN NOW_btn_next'

2020-03-20 10:06:04 - [TEST_STEP][PASSED] - sendKeys(findTestObject("ADMIN/Edit Text/Bespoke/Buyer Pages/Checkout Delivery Details/input_FIRST NAME_first-name"), "*"): Keys '*' sent to object: 'Object Repository/ADMIN/Edit Text/Bespoke/Buyer Pages/Checkout Delivery Details/input_FIRST NAME_first-name'

2020-03-20 10:06:04 - [MESSAGE][PASSED] - Keys '*' sent to object: 'Object Repository/ADMIN/Edit Text/Bespoke/Buyer Pages/Checkout Delivery Details/input_FIRST NAME_first-name'

2020-03-20 10:06:04 - [TEST_STEP][PASSED] - sendKeys(findTestObject("ADMIN/Edit Text/Bespoke/Buyer Pages/Checkout Delivery Details/input_LAST NAME_last-name"), "*"): Keys '*' sent to object: 'Object Repository/ADMIN/Edit Text/Bespoke/Buyer Pages/Checkout Delivery Details/input_LAST NAME_last-name'

2020-03-20 10:06:04 - [MESSAGE][PASSED] - Keys '*' sent to object: 'Object Repository/ADMIN/Edit Text/Bespoke/Buyer Pages/Checkout Delivery Details/input_LAST NAME_last-name'

2020-03-20 10:06:04 - [TEST_STEP][PASSED] - sendKeys(findTestObject("ADMIN/Edit Text/Bespoke/Buyer Pages/Checkout Delivery Details/input_NOTIFICATION EMAIL_notification-email"), "*"): Keys '*' sent to object: 'Object Repository/ADMIN/Edit Text/Bespoke/Buyer Pages/Checkout Delivery Details/input_NOTIFICATION EMAIL_notification-email'

2020-03-20 10:06:04 - [MESSAGE][PASSED] - Keys '*' sent to object: 'Object Repository/ADMIN/Edit Text/Bespoke/Buyer Pages/Checkout Delivery Details/input_NOTIFICATION EMAIL_notification-email'

2020-03-20 10:06:04 - [TEST_STEP][PASSED] - sendKeys(findTestObject("ADMIN/Edit Text/Bespoke/Buyer Pages/Checkout Delivery Details/input_CONTACT NUMBER_contact-number"), "*"): Keys '*' sent to object: 'Object Repository/ADMIN/Edit Text/Bespoke/Buyer Pages/Checkout Delivery Details/input_CONTACT NUMBER_contact-number'

2020-03-20 10:06:04 - [MESSAGE][PASSED] - Keys '*' sent to object: 'Object Repository/ADMIN/Edit Text/Bespoke/Buyer Pages/Checkout Delivery Details/input_CONTACT NUMBER_contact-number'

2020-03-20 10:06:04 - [TEST_STEP][PASSED] - sendKeys(findTestObject("ADMIN/Edit Text/Bespoke/Buyer Pages/Checkout Delivery Details/input_ADD NEW_btn_add"), "*"): Keys '*' sent to object: 'Object Repository/ADMIN/Edit Text/Bespoke/Buyer Pages/Checkout Delivery Details/input_ADD NEW_btn_add'

2020-03-20 10:06:04 - [MESSAGE][PASSED] - Keys '*' sent to object: 'Object Repository/ADMIN/Edit Text/Bespoke/Buyer Pages/Checkout Delivery Details/input_ADD NEW_btn_add'

2020-03-20 10:06:04 - [TEST_STEP][PASSED] - sendKeys(findTestObject("ADMIN/Edit Text/Bespoke/Buyer Pages/Checkout Delivery Details/input_SELECT ADDRESS_btn_select"), "*"): Keys '*' sent to object: 'Object Repository/ADMIN/Edit Text/Bespoke/Buyer Pages/Checkout Delivery Details/input_SELECT ADDRESS_btn_select'

2020-03-20 10:06:04 - [MESSAGE][PASSED] - Keys '*' sent to object: 'Object Repository/ADMIN/Edit Text/Bespoke/Buyer Pages/Checkout Delivery Details/input_SELECT ADDRESS_btn_select'

2020-03-20 10:06:04 - [TEST_STEP][PASSED] - sendKeys(findTestObject("ADMIN/Edit Text/Bespoke/Buyer Pages/Checkout Delivery Details/input_SELECTED_btn_selected"), "*"): Keys '*' sent to object: 'Object Repository/ADMIN/Edit Text/Bespoke/Buyer Pages/Checkout Delivery Details/input_SELECTED_btn_selected'

2020-03-20 10:06:04 - [MESSAGE][PASSED] - Keys '*' sent to object: 'Object Repository/ADMIN/Edit Text/Bespoke/Buyer Pages/Checkout Delivery Details/input_SELECTED_btn_selected'

2020-03-20 10:06:04 - [TEST_STEP][PASSED] - sendKeys(findTestObject("ADMIN/Edit Text/Bespoke/Buyer Pages/Checkout Delivery Details/input_ADDRESSEE FIRST NAME_addressee-first-name"), "*"): Keys '*' sent to object: 'Object Repository/ADMIN/Edit Text/Bespoke/Buyer Pages/Checkout Delivery Details/input_ADDRESSEE FIRST NAME_addressee-first-name'

2020-03-20 10:06:05 - [MESSAGE][PASSED] - Keys '*' sent to object: 'Object Repository/ADMIN/Edit Text/Bespoke/Buyer Pages/Checkout Delivery Details/input_ADDRESSEE FIRST NAME_addressee-first-name'

2020-03-20 10:06:05 - [TEST_STEP][PASSED] - sendKeys(findTestObject("ADMIN/Edit Text/Bespoke/Buyer Pages/Checkout Delivery Details/input_ADDRESSEE LAST NAME_addressee-last-name"), "*"): Keys '*' sent to object: 'Object Repository/ADMIN/Edit Text/Bespoke/Buyer Pages/Checkout Delivery Details/input_ADDRESSEE LAST NAME_addressee-last-name'

2020-03-20 10:06:05 - [MESSAGE][PASSED] - Keys '*' sent to object: 'Object Repository/ADMIN/Edit Text/Bespoke/Buyer Pages/Checkout Delivery Details/input_ADDRESSEE LAST NAME_addressee-last-name'

2020-03-20 10:06:05 - [TEST_STEP][PASSED] - sendKeys(findTestObject("ADMIN/Edit Text/Bespoke/Buyer Pages/Checkout Delivery Details/input_COUNTRY_delivery-country"), "*"): Keys '*' sent to object: 'Object Repository/ADMIN/Edit Text/Bespoke/Buyer Pages/Checkout Delivery Details/input_COUNTRY_delivery-country'

2020-03-20 10:06:05 - [MESSAGE][PASSED] - Keys '*' sent to object: 'Object Repository/ADMIN/Edit Text/Bespoke/Buyer Pages/Checkout Delivery Details/input_COUNTRY_delivery-country'

2020-03-20 10:06:05 - [TEST_STEP][PASSED] - sendKeys(findTestObject("ADMIN/Edit Text/Bespoke/Buyer Pages/Checkout Delivery Details/input_State_delivery-state"), "*"): Keys '*' sent to object: 'Object Repository/ADMIN/Edit Text/Bespoke/Buyer Pages/Checkout Delivery Details/input_State_delivery-state'

2020-03-20 10:06:05 - [MESSAGE][PASSED] - Keys '*' sent to object: 'Object Repository/ADMIN/Edit Text/Bespoke/Buyer Pages/Checkout Delivery Details/input_State_delivery-state'

2020-03-20 10:06:05 - [TEST_STEP][PASSED] - sendKeys(findTestObject("ADMIN/Edit Text/Bespoke/Buyer Pages/Checkout Delivery Details/input_CITY_delivery-city"), "*"): Keys '*' sent to object: 'Object Repository/ADMIN/Edit Text/Bespoke/Buyer Pages/Checkout Delivery Details/input_CITY_delivery-city'

2020-03-20 10:06:05 - [MESSAGE][PASSED] - Keys '*' sent to object: 'Object Repository/ADMIN/Edit Text/Bespoke/Buyer Pages/Checkout Delivery Details/input_CITY_delivery-city'

2020-03-20 10:06:05 - [TEST_STEP][PASSED] - sendKeys(findTestObject("ADMIN/Edit Text/Bespoke/Buyer Pages/Checkout Delivery Details/input_ADDRESS_delivery-address"), "*"): Keys '*' sent to object: 'Object Repository/ADMIN/Edit Text/Bespoke/Buyer Pages/Checkout Delivery Details/input_ADDRESS_delivery-address'

2020-03-20 10:06:05 - [MESSAGE][PASSED] - Keys '*' sent to object: 'Object Repository/ADMIN/Edit Text/Bespoke/Buyer Pages/Checkout Delivery Details/input_ADDRESS_delivery-address'

2020-03-20 10:06:05 - [TEST_STEP][PASSED] - sendKeys(findTestObject("ADMIN/Edit Text/Bespoke/Buyer Pages/Checkout Delivery Details/input_POSTAL CODE_delivery-postal-code"), "*"): Keys '*' sent to object: 'Object Repository/ADMIN/Edit Text/Bespoke/Buyer Pages/Checkout Delivery Details/input_POSTAL CODE_delivery-postal-code'

2020-03-20 10:06:05 - [MESSAGE][PASSED] - Keys '*' sent to object: 'Object Repository/ADMIN/Edit Text/Bespoke/Buyer Pages/Checkout Delivery Details/input_POSTAL CODE_delivery-postal-code'

2020-03-20 10:06:05 - [TEST_STEP][PASSED] - sendKeys(findTestObject("ADMIN/Edit Text/Bespoke/Buyer Pages/Checkout Delivery Details/input_SAVE_btn_save"), "*"): Keys '*' sent to object: 'Object Repository/ADMIN/Edit Text/Bespoke/Buyer Pages/Checkout Delivery Details/input_SAVE_btn_save'

2020-03-20 10:06:06 - [MESSAGE][PASSED] - Keys '*' sent to object: 'Object Repository/ADMIN/Edit Text/Bespoke/Buyer Pages/Checkout Delivery Details/input_SAVE_btn_save'

2020-03-20 10:06:06 - [TEST_STEP][PASSED] - sendKeys(findTestObject("ADMIN/Edit Text/Bespoke/Buyer Pages/Checkout Delivery Details/input_NEXT_btn_next"), "*"): Keys '*' sent to object: 'Object Repository/ADMIN/Edit Text/Bespoke/Buyer Pages/Checkout Delivery Details/input_NEXT_btn_next'

2020-03-20 10:06:06 - [MESSAGE][PASSED] - Keys '*' sent to object: 'Object Repository/ADMIN/Edit Text/Bespoke/Buyer Pages/Checkout Delivery Details/input_NEXT_btn_next'

2020-03-20 10:06:06 - [TEST_STEP][PASSED] - sendKeys(findTestObject("ADMIN/Edit Text/Bespoke/Buyer Pages/Checkout Delivery Details/input_REMOVE ITEM_popup-title"), "*"): Keys '*' sent to object: 'Object Repository/ADMIN/Edit Text/Bespoke/Buyer Pages/Checkout Delivery Details/input_REMOVE ITEM_popup-title'

2020-03-20 10:06:06 - [MESSAGE][PASSED] - Keys '*' sent to object: 'Object Repository/ADMIN/Edit Text/Bespoke/Buyer Pages/Checkout Delivery Details/input_REMOVE ITEM_popup-title'

2020-03-20 10:06:06 - [TEST_STEP][PASSED] - sendKeys(findTestObject("ADMIN/Edit Text/Bespoke/Buyer Pages/Checkout Delivery Details/textarea_You sure about removing this item from your list (Itll be gone forever)"), "*"): Keys '*' sent to object: 'Object Repository/ADMIN/Edit Text/Bespoke/Buyer Pages/Checkout Delivery Details/textarea_You sure about removing this item from your list (Itll be gone forever)'

2020-03-20 10:06:06 - [MESSAGE][PASSED] - Keys '*' sent to object: 'Object Repository/ADMIN/Edit Text/Bespoke/Buyer Pages/Checkout Delivery Details/textarea_You sure about removing this item from your list (Itll be gone forever)'

2020-03-20 10:06:06 - [TEST_STEP][PASSED] - sendKeys(findTestObject("ADMIN/Edit Text/Bespoke/Buyer Pages/Checkout Delivery Details/input_CANCEL_btn_cancel"), "*"): Keys '*' sent to object: 'Object Repository/ADMIN/Edit Text/Bespoke/Buyer Pages/Checkout Delivery Details/input_CANCEL_btn_cancel'

2020-03-20 10:06:06 - [MESSAGE][PASSED] - Keys '*' sent to object: 'Object Repository/ADMIN/Edit Text/Bespoke/Buyer Pages/Checkout Delivery Details/input_CANCEL_btn_cancel'

2020-03-20 10:06:06 - [TEST_STEP][PASSED] - sendKeys(findTestObject("ADMIN/Edit Text/Bespoke/Buyer Pages/Checkout Delivery Details/input_Okay_btn_okay"), "*"): Keys '*' sent to object: 'Object Repository/ADMIN/Edit Text/Bespoke/Buyer Pages/Checkout Delivery Details/input_Okay_btn_okay'

2020-03-20 10:06:06 - [MESSAGE][PASSED] - Keys '*' sent to object: 'Object Repository/ADMIN/Edit Text/Bespoke/Buyer Pages/Checkout Delivery Details/input_Okay_btn_okay'

2020-03-20 10:06:06 - [TEST_STEP][PASSED] - click(findTestObject("ADMIN/Edit Text/Bespoke/Buyer Pages/Homepage/button_save"), CONTINUE_ON_FAILURE): Object: 'Object Repository/ADMIN/Edit Text/Bespoke/Buyer Pages/Homepage/button_save' is clicked on

2020-03-20 10:06:06 - [MESSAGE][PASSED] - Object: 'Object Repository/ADMIN/Edit Text/Bespoke/Buyer Pages/Homepage/button_save' is clicked on

2020-03-20 10:06:06 - [TEST_STEP][PASSED] - waitForElementVisible(findTestObject("ADMIN/Edit Text/Bespoke/Buyer Pages/Homepage/toaster_success"), 0): Object 'Object Repository/ADMIN/Edit Text/Bespoke/Buyer Pages/Homepage/toaster_success' is visible

2020-03-20 10:06:06 - [MESSAGE][WARNING] - Timeout '0' is invalid. Using default page load timeout: '30'

2020-03-20 10:06:07 - [MESSAGE][PASSED] - Object 'Object Repository/ADMIN/Edit Text/Bespoke/Buyer Pages/Homepage/toaster_success' is visible]]></system-out>
         <system-err><![CDATA[]]></system-err>
      </testcase>
      <testcase name="Test Cases/ADMIN/Language/Edit Text/Bespoke/Buyer Pages/Checkout Delivery" time="6.215" classname="Test Cases/ADMIN/Language/Edit Text/Bespoke/Buyer Pages/Checkout Delivery" status="PASSED">
         <system-out><![CDATA[2020-03-20 10:06:07 - [TEST_CASE][PASSED] - Test Cases/ADMIN/Language/Edit Text/Bespoke/Buyer Pages/Checkout Delivery: Test Cases/ADMIN/Language/Edit Text/Bespoke/Buyer Pages/Checkout Delivery

2020-03-20 10:06:07 - [TEST_STEP][PASSED] - waitForElementVisible(findTestObject("ADMIN/Edit Text/Bespoke/Buyer Navigation/dd_language"), 0): Object 'Object Repository/ADMIN/Edit Text/Bespoke/Buyer Navigation/dd_language' is visible

2020-03-20 10:06:07 - [MESSAGE][WARNING] - Timeout '0' is invalid. Using default page load timeout: '30'

2020-03-20 10:06:07 - [MESSAGE][PASSED] - Object 'Object Repository/ADMIN/Edit Text/Bespoke/Buyer Navigation/dd_language' is visible

2020-03-20 10:06:07 - [TEST_STEP][PASSED] - selectOptionByLabel(findTestObject("ADMIN/Edit Text/Bespoke/Buyer Navigation/dd_language"), varLanguage, false): All options with label 'Hindi' are selected in object 'Object Repository/ADMIN/Edit Text/Bespoke/Buyer Navigation/dd_language' 

2020-03-20 10:06:08 - [MESSAGE][PASSED] - All options with label 'Hindi' are selected in object 'Object Repository/ADMIN/Edit Text/Bespoke/Buyer Navigation/dd_language' 

2020-03-20 10:06:08 - [TEST_STEP][PASSED] - sendKeys(findTestObject("ADMIN/Edit Text/Bespoke/Buyer Pages/Checkout Delivery Details/input_DELIVERY_tab-title"), "*"): Keys '*' sent to object: 'Object Repository/ADMIN/Edit Text/Bespoke/Buyer Pages/Checkout Delivery Details/input_DELIVERY_tab-title'

2020-03-20 10:06:09 - [MESSAGE][PASSED] - Keys '*' sent to object: 'Object Repository/ADMIN/Edit Text/Bespoke/Buyer Pages/Checkout Delivery Details/input_DELIVERY_tab-title'

2020-03-20 10:06:09 - [TEST_STEP][PASSED] - sendKeys(findTestObject("ADMIN/Edit Text/Bespoke/Buyer Pages/Checkout Delivery Details/input_REVIEW_tab-title"), "*"): Keys '*' sent to object: 'Object Repository/ADMIN/Edit Text/Bespoke/Buyer Pages/Checkout Delivery Details/input_REVIEW_tab-title'

2020-03-20 10:06:09 - [MESSAGE][PASSED] - Keys '*' sent to object: 'Object Repository/ADMIN/Edit Text/Bespoke/Buyer Pages/Checkout Delivery Details/input_REVIEW_tab-title'

2020-03-20 10:06:09 - [TEST_STEP][PASSED] - sendKeys(findTestObject("ADMIN/Edit Text/Bespoke/Buyer Pages/Checkout Delivery Details/input_PAY_tab-title"), "*"): Keys '*' sent to object: 'Object Repository/ADMIN/Edit Text/Bespoke/Buyer Pages/Checkout Delivery Details/input_PAY_tab-title'

2020-03-20 10:06:10 - [MESSAGE][PASSED] - Keys '*' sent to object: 'Object Repository/ADMIN/Edit Text/Bespoke/Buyer Pages/Checkout Delivery Details/input_PAY_tab-title'

2020-03-20 10:06:10 - [TEST_STEP][PASSED] - sendKeys(findTestObject("ADMIN/Edit Text/Bespoke/Buyer Pages/Checkout Delivery Details/input_Already registered with us_guest-info-txt"), "*"): Keys '*' sent to object: 'Object Repository/ADMIN/Edit Text/Bespoke/Buyer Pages/Checkout Delivery Details/input_Already registered with us_guest-info-txt'

2020-03-20 10:06:10 - [MESSAGE][PASSED] - Keys '*' sent to object: 'Object Repository/ADMIN/Edit Text/Bespoke/Buyer Pages/Checkout Delivery Details/input_Already registered with us_guest-info-txt'

2020-03-20 10:06:10 - [TEST_STEP][PASSED] - sendKeys(findTestObject("ADMIN/Edit Text/Bespoke/Buyer Pages/Checkout Delivery Details/input_SIGN IN NOW_btn_next"), "*"): Keys '*' sent to object: 'Object Repository/ADMIN/Edit Text/Bespoke/Buyer Pages/Checkout Delivery Details/input_SIGN IN NOW_btn_next'

2020-03-20 10:06:10 - [MESSAGE][PASSED] - Keys '*' sent to object: 'Object Repository/ADMIN/Edit Text/Bespoke/Buyer Pages/Checkout Delivery Details/input_SIGN IN NOW_btn_next'

2020-03-20 10:06:10 - [TEST_STEP][PASSED] - sendKeys(findTestObject("ADMIN/Edit Text/Bespoke/Buyer Pages/Checkout Delivery Details/input_FIRST NAME_first-name"), "*"): Keys '*' sent to object: 'Object Repository/ADMIN/Edit Text/Bespoke/Buyer Pages/Checkout Delivery Details/input_FIRST NAME_first-name'

2020-03-20 10:06:10 - [MESSAGE][PASSED] - Keys '*' sent to object: 'Object Repository/ADMIN/Edit Text/Bespoke/Buyer Pages/Checkout Delivery Details/input_FIRST NAME_first-name'

2020-03-20 10:06:10 - [TEST_STEP][PASSED] - sendKeys(findTestObject("ADMIN/Edit Text/Bespoke/Buyer Pages/Checkout Delivery Details/input_LAST NAME_last-name"), "*"): Keys '*' sent to object: 'Object Repository/ADMIN/Edit Text/Bespoke/Buyer Pages/Checkout Delivery Details/input_LAST NAME_last-name'

2020-03-20 10:06:10 - [MESSAGE][PASSED] - Keys '*' sent to object: 'Object Repository/ADMIN/Edit Text/Bespoke/Buyer Pages/Checkout Delivery Details/input_LAST NAME_last-name'

2020-03-20 10:06:10 - [TEST_STEP][PASSED] - sendKeys(findTestObject("ADMIN/Edit Text/Bespoke/Buyer Pages/Checkout Delivery Details/input_NOTIFICATION EMAIL_notification-email"), "*"): Keys '*' sent to object: 'Object Repository/ADMIN/Edit Text/Bespoke/Buyer Pages/Checkout Delivery Details/input_NOTIFICATION EMAIL_notification-email'

2020-03-20 10:06:10 - [MESSAGE][PASSED] - Keys '*' sent to object: 'Object Repository/ADMIN/Edit Text/Bespoke/Buyer Pages/Checkout Delivery Details/input_NOTIFICATION EMAIL_notification-email'

2020-03-20 10:06:10 - [TEST_STEP][PASSED] - sendKeys(findTestObject("ADMIN/Edit Text/Bespoke/Buyer Pages/Checkout Delivery Details/input_CONTACT NUMBER_contact-number"), "*"): Keys '*' sent to object: 'Object Repository/ADMIN/Edit Text/Bespoke/Buyer Pages/Checkout Delivery Details/input_CONTACT NUMBER_contact-number'

2020-03-20 10:06:10 - [MESSAGE][PASSED] - Keys '*' sent to object: 'Object Repository/ADMIN/Edit Text/Bespoke/Buyer Pages/Checkout Delivery Details/input_CONTACT NUMBER_contact-number'

2020-03-20 10:06:10 - [TEST_STEP][PASSED] - sendKeys(findTestObject("ADMIN/Edit Text/Bespoke/Buyer Pages/Checkout Delivery Details/input_ADD NEW_btn_add"), "*"): Keys '*' sent to object: 'Object Repository/ADMIN/Edit Text/Bespoke/Buyer Pages/Checkout Delivery Details/input_ADD NEW_btn_add'

2020-03-20 10:06:11 - [MESSAGE][PASSED] - Keys '*' sent to object: 'Object Repository/ADMIN/Edit Text/Bespoke/Buyer Pages/Checkout Delivery Details/input_ADD NEW_btn_add'

2020-03-20 10:06:11 - [TEST_STEP][PASSED] - sendKeys(findTestObject("ADMIN/Edit Text/Bespoke/Buyer Pages/Checkout Delivery Details/input_SELECT ADDRESS_btn_select"), "*"): Keys '*' sent to object: 'Object Repository/ADMIN/Edit Text/Bespoke/Buyer Pages/Checkout Delivery Details/input_SELECT ADDRESS_btn_select'

2020-03-20 10:06:11 - [MESSAGE][PASSED] - Keys '*' sent to object: 'Object Repository/ADMIN/Edit Text/Bespoke/Buyer Pages/Checkout Delivery Details/input_SELECT ADDRESS_btn_select'

2020-03-20 10:06:11 - [TEST_STEP][PASSED] - sendKeys(findTestObject("ADMIN/Edit Text/Bespoke/Buyer Pages/Checkout Delivery Details/input_SELECTED_btn_selected"), "*"): Keys '*' sent to object: 'Object Repository/ADMIN/Edit Text/Bespoke/Buyer Pages/Checkout Delivery Details/input_SELECTED_btn_selected'

2020-03-20 10:06:11 - [MESSAGE][PASSED] - Keys '*' sent to object: 'Object Repository/ADMIN/Edit Text/Bespoke/Buyer Pages/Checkout Delivery Details/input_SELECTED_btn_selected'

2020-03-20 10:06:11 - [TEST_STEP][PASSED] - sendKeys(findTestObject("ADMIN/Edit Text/Bespoke/Buyer Pages/Checkout Delivery Details/input_ADDRESSEE FIRST NAME_addressee-first-name"), "*"): Keys '*' sent to object: 'Object Repository/ADMIN/Edit Text/Bespoke/Buyer Pages/Checkout Delivery Details/input_ADDRESSEE FIRST NAME_addressee-first-name'

2020-03-20 10:06:11 - [MESSAGE][PASSED] - Keys '*' sent to object: 'Object Repository/ADMIN/Edit Text/Bespoke/Buyer Pages/Checkout Delivery Details/input_ADDRESSEE FIRST NAME_addressee-first-name'

2020-03-20 10:06:11 - [TEST_STEP][PASSED] - sendKeys(findTestObject("ADMIN/Edit Text/Bespoke/Buyer Pages/Checkout Delivery Details/input_ADDRESSEE LAST NAME_addressee-last-name"), "*"): Keys '*' sent to object: 'Object Repository/ADMIN/Edit Text/Bespoke/Buyer Pages/Checkout Delivery Details/input_ADDRESSEE LAST NAME_addressee-last-name'

2020-03-20 10:06:11 - [MESSAGE][PASSED] - Keys '*' sent to object: 'Object Repository/ADMIN/Edit Text/Bespoke/Buyer Pages/Checkout Delivery Details/input_ADDRESSEE LAST NAME_addressee-last-name'

2020-03-20 10:06:11 - [TEST_STEP][PASSED] - sendKeys(findTestObject("ADMIN/Edit Text/Bespoke/Buyer Pages/Checkout Delivery Details/input_COUNTRY_delivery-country"), "*"): Keys '*' sent to object: 'Object Repository/ADMIN/Edit Text/Bespoke/Buyer Pages/Checkout Delivery Details/input_COUNTRY_delivery-country'

2020-03-20 10:06:11 - [MESSAGE][PASSED] - Keys '*' sent to object: 'Object Repository/ADMIN/Edit Text/Bespoke/Buyer Pages/Checkout Delivery Details/input_COUNTRY_delivery-country'

2020-03-20 10:06:11 - [TEST_STEP][PASSED] - sendKeys(findTestObject("ADMIN/Edit Text/Bespoke/Buyer Pages/Checkout Delivery Details/input_State_delivery-state"), "*"): Keys '*' sent to object: 'Object Repository/ADMIN/Edit Text/Bespoke/Buyer Pages/Checkout Delivery Details/input_State_delivery-state'

2020-03-20 10:06:11 - [MESSAGE][PASSED] - Keys '*' sent to object: 'Object Repository/ADMIN/Edit Text/Bespoke/Buyer Pages/Checkout Delivery Details/input_State_delivery-state'

2020-03-20 10:06:11 - [TEST_STEP][PASSED] - sendKeys(findTestObject("ADMIN/Edit Text/Bespoke/Buyer Pages/Checkout Delivery Details/input_CITY_delivery-city"), "*"): Keys '*' sent to object: 'Object Repository/ADMIN/Edit Text/Bespoke/Buyer Pages/Checkout Delivery Details/input_CITY_delivery-city'

2020-03-20 10:06:11 - [MESSAGE][PASSED] - Keys '*' sent to object: 'Object Repository/ADMIN/Edit Text/Bespoke/Buyer Pages/Checkout Delivery Details/input_CITY_delivery-city'

2020-03-20 10:06:11 - [TEST_STEP][PASSED] - sendKeys(findTestObject("ADMIN/Edit Text/Bespoke/Buyer Pages/Checkout Delivery Details/input_ADDRESS_delivery-address"), "*"): Keys '*' sent to object: 'Object Repository/ADMIN/Edit Text/Bespoke/Buyer Pages/Checkout Delivery Details/input_ADDRESS_delivery-address'

2020-03-20 10:06:12 - [MESSAGE][PASSED] - Keys '*' sent to object: 'Object Repository/ADMIN/Edit Text/Bespoke/Buyer Pages/Checkout Delivery Details/input_ADDRESS_delivery-address'

2020-03-20 10:06:12 - [TEST_STEP][PASSED] - sendKeys(findTestObject("ADMIN/Edit Text/Bespoke/Buyer Pages/Checkout Delivery Details/input_POSTAL CODE_delivery-postal-code"), "*"): Keys '*' sent to object: 'Object Repository/ADMIN/Edit Text/Bespoke/Buyer Pages/Checkout Delivery Details/input_POSTAL CODE_delivery-postal-code'

2020-03-20 10:06:12 - [MESSAGE][PASSED] - Keys '*' sent to object: 'Object Repository/ADMIN/Edit Text/Bespoke/Buyer Pages/Checkout Delivery Details/input_POSTAL CODE_delivery-postal-code'

2020-03-20 10:06:12 - [TEST_STEP][PASSED] - sendKeys(findTestObject("ADMIN/Edit Text/Bespoke/Buyer Pages/Checkout Delivery Details/input_SAVE_btn_save"), "*"): Keys '*' sent to object: 'Object Repository/ADMIN/Edit Text/Bespoke/Buyer Pages/Checkout Delivery Details/input_SAVE_btn_save'

2020-03-20 10:06:12 - [MESSAGE][PASSED] - Keys '*' sent to object: 'Object Repository/ADMIN/Edit Text/Bespoke/Buyer Pages/Checkout Delivery Details/input_SAVE_btn_save'

2020-03-20 10:06:12 - [TEST_STEP][PASSED] - sendKeys(findTestObject("ADMIN/Edit Text/Bespoke/Buyer Pages/Checkout Delivery Details/input_NEXT_btn_next"), "*"): Keys '*' sent to object: 'Object Repository/ADMIN/Edit Text/Bespoke/Buyer Pages/Checkout Delivery Details/input_NEXT_btn_next'

2020-03-20 10:06:12 - [MESSAGE][PASSED] - Keys '*' sent to object: 'Object Repository/ADMIN/Edit Text/Bespoke/Buyer Pages/Checkout Delivery Details/input_NEXT_btn_next'

2020-03-20 10:06:12 - [TEST_STEP][PASSED] - sendKeys(findTestObject("ADMIN/Edit Text/Bespoke/Buyer Pages/Checkout Delivery Details/input_REMOVE ITEM_popup-title"), "*"): Keys '*' sent to object: 'Object Repository/ADMIN/Edit Text/Bespoke/Buyer Pages/Checkout Delivery Details/input_REMOVE ITEM_popup-title'

2020-03-20 10:06:12 - [MESSAGE][PASSED] - Keys '*' sent to object: 'Object Repository/ADMIN/Edit Text/Bespoke/Buyer Pages/Checkout Delivery Details/input_REMOVE ITEM_popup-title'

2020-03-20 10:06:12 - [TEST_STEP][PASSED] - sendKeys(findTestObject("ADMIN/Edit Text/Bespoke/Buyer Pages/Checkout Delivery Details/textarea_You sure about removing this item from your list (Itll be gone forever)"), "*"): Keys '*' sent to object: 'Object Repository/ADMIN/Edit Text/Bespoke/Buyer Pages/Checkout Delivery Details/textarea_You sure about removing this item from your list (Itll be gone forever)'

2020-03-20 10:06:12 - [MESSAGE][PASSED] - Keys '*' sent to object: 'Object Repository/ADMIN/Edit Text/Bespoke/Buyer Pages/Checkout Delivery Details/textarea_You sure about removing this item from your list (Itll be gone forever)'

2020-03-20 10:06:12 - [TEST_STEP][PASSED] - sendKeys(findTestObject("ADMIN/Edit Text/Bespoke/Buyer Pages/Checkout Delivery Details/input_CANCEL_btn_cancel"), "*"): Keys '*' sent to object: 'Object Repository/ADMIN/Edit Text/Bespoke/Buyer Pages/Checkout Delivery Details/input_CANCEL_btn_cancel'

2020-03-20 10:06:12 - [MESSAGE][PASSED] - Keys '*' sent to object: 'Object Repository/ADMIN/Edit Text/Bespoke/Buyer Pages/Checkout Delivery Details/input_CANCEL_btn_cancel'

2020-03-20 10:06:12 - [TEST_STEP][PASSED] - sendKeys(findTestObject("ADMIN/Edit Text/Bespoke/Buyer Pages/Checkout Delivery Details/input_Okay_btn_okay"), "*"): Keys '*' sent to object: 'Object Repository/ADMIN/Edit Text/Bespoke/Buyer Pages/Checkout Delivery Details/input_Okay_btn_okay'

2020-03-20 10:06:13 - [MESSAGE][PASSED] - Keys '*' sent to object: 'Object Repository/ADMIN/Edit Text/Bespoke/Buyer Pages/Checkout Delivery Details/input_Okay_btn_okay'

2020-03-20 10:06:13 - [TEST_STEP][PASSED] - click(findTestObject("ADMIN/Edit Text/Bespoke/Buyer Pages/Homepage/button_save"), CONTINUE_ON_FAILURE): Object: 'Object Repository/ADMIN/Edit Text/Bespoke/Buyer Pages/Homepage/button_save' is clicked on

2020-03-20 10:06:13 - [MESSAGE][PASSED] - Object: 'Object Repository/ADMIN/Edit Text/Bespoke/Buyer Pages/Homepage/button_save' is clicked on

2020-03-20 10:06:13 - [TEST_STEP][PASSED] - waitForElementVisible(findTestObject("ADMIN/Edit Text/Bespoke/Buyer Pages/Homepage/toaster_success"), 0): Object 'Object Repository/ADMIN/Edit Text/Bespoke/Buyer Pages/Homepage/toaster_success' is visible

2020-03-20 10:06:13 - [MESSAGE][WARNING] - Timeout '0' is invalid. Using default page load timeout: '30'

2020-03-20 10:06:13 - [MESSAGE][PASSED] - Object 'Object Repository/ADMIN/Edit Text/Bespoke/Buyer Pages/Homepage/toaster_success' is visible]]></system-out>
         <system-err><![CDATA[]]></system-err>
      </testcase>
      <testcase name="Test Cases/ADMIN/Language/Edit Text/Bespoke/Buyer Pages/Checkout Delivery" time="7.113" classname="Test Cases/ADMIN/Language/Edit Text/Bespoke/Buyer Pages/Checkout Delivery" status="PASSED">
         <system-out><![CDATA[2020-03-20 10:06:13 - [TEST_CASE][PASSED] - Test Cases/ADMIN/Language/Edit Text/Bespoke/Buyer Pages/Checkout Delivery: Test Cases/ADMIN/Language/Edit Text/Bespoke/Buyer Pages/Checkout Delivery

2020-03-20 10:06:13 - [TEST_STEP][PASSED] - waitForElementVisible(findTestObject("ADMIN/Edit Text/Bespoke/Buyer Navigation/dd_language"), 0): Object 'Object Repository/ADMIN/Edit Text/Bespoke/Buyer Navigation/dd_language' is visible

2020-03-20 10:06:13 - [MESSAGE][WARNING] - Timeout '0' is invalid. Using default page load timeout: '30'

2020-03-20 10:06:13 - [MESSAGE][PASSED] - Object 'Object Repository/ADMIN/Edit Text/Bespoke/Buyer Navigation/dd_language' is visible

2020-03-20 10:06:13 - [TEST_STEP][PASSED] - selectOptionByLabel(findTestObject("ADMIN/Edit Text/Bespoke/Buyer Navigation/dd_language"), varLanguage, false): All options with label 'German' are selected in object 'Object Repository/ADMIN/Edit Text/Bespoke/Buyer Navigation/dd_language' 

2020-03-20 10:06:15 - [MESSAGE][PASSED] - All options with label 'German' are selected in object 'Object Repository/ADMIN/Edit Text/Bespoke/Buyer Navigation/dd_language' 

2020-03-20 10:06:15 - [TEST_STEP][PASSED] - sendKeys(findTestObject("ADMIN/Edit Text/Bespoke/Buyer Pages/Checkout Delivery Details/input_DELIVERY_tab-title"), "*"): Keys '*' sent to object: 'Object Repository/ADMIN/Edit Text/Bespoke/Buyer Pages/Checkout Delivery Details/input_DELIVERY_tab-title'

2020-03-20 10:06:16 - [MESSAGE][PASSED] - Keys '*' sent to object: 'Object Repository/ADMIN/Edit Text/Bespoke/Buyer Pages/Checkout Delivery Details/input_DELIVERY_tab-title'

2020-03-20 10:06:16 - [TEST_STEP][PASSED] - sendKeys(findTestObject("ADMIN/Edit Text/Bespoke/Buyer Pages/Checkout Delivery Details/input_REVIEW_tab-title"), "*"): Keys '*' sent to object: 'Object Repository/ADMIN/Edit Text/Bespoke/Buyer Pages/Checkout Delivery Details/input_REVIEW_tab-title'

2020-03-20 10:06:16 - [MESSAGE][PASSED] - Keys '*' sent to object: 'Object Repository/ADMIN/Edit Text/Bespoke/Buyer Pages/Checkout Delivery Details/input_REVIEW_tab-title'

2020-03-20 10:06:16 - [TEST_STEP][PASSED] - sendKeys(findTestObject("ADMIN/Edit Text/Bespoke/Buyer Pages/Checkout Delivery Details/input_PAY_tab-title"), "*"): Keys '*' sent to object: 'Object Repository/ADMIN/Edit Text/Bespoke/Buyer Pages/Checkout Delivery Details/input_PAY_tab-title'

2020-03-20 10:06:16 - [MESSAGE][PASSED] - Keys '*' sent to object: 'Object Repository/ADMIN/Edit Text/Bespoke/Buyer Pages/Checkout Delivery Details/input_PAY_tab-title'

2020-03-20 10:06:16 - [TEST_STEP][PASSED] - sendKeys(findTestObject("ADMIN/Edit Text/Bespoke/Buyer Pages/Checkout Delivery Details/input_Already registered with us_guest-info-txt"), "*"): Keys '*' sent to object: 'Object Repository/ADMIN/Edit Text/Bespoke/Buyer Pages/Checkout Delivery Details/input_Already registered with us_guest-info-txt'

2020-03-20 10:06:16 - [MESSAGE][PASSED] - Keys '*' sent to object: 'Object Repository/ADMIN/Edit Text/Bespoke/Buyer Pages/Checkout Delivery Details/input_Already registered with us_guest-info-txt'

2020-03-20 10:06:16 - [TEST_STEP][PASSED] - sendKeys(findTestObject("ADMIN/Edit Text/Bespoke/Buyer Pages/Checkout Delivery Details/input_SIGN IN NOW_btn_next"), "*"): Keys '*' sent to object: 'Object Repository/ADMIN/Edit Text/Bespoke/Buyer Pages/Checkout Delivery Details/input_SIGN IN NOW_btn_next'

2020-03-20 10:06:16 - [MESSAGE][PASSED] - Keys '*' sent to object: 'Object Repository/ADMIN/Edit Text/Bespoke/Buyer Pages/Checkout Delivery Details/input_SIGN IN NOW_btn_next'

2020-03-20 10:06:16 - [TEST_STEP][PASSED] - sendKeys(findTestObject("ADMIN/Edit Text/Bespoke/Buyer Pages/Checkout Delivery Details/input_FIRST NAME_first-name"), "*"): Keys '*' sent to object: 'Object Repository/ADMIN/Edit Text/Bespoke/Buyer Pages/Checkout Delivery Details/input_FIRST NAME_first-name'

2020-03-20 10:06:16 - [MESSAGE][PASSED] - Keys '*' sent to object: 'Object Repository/ADMIN/Edit Text/Bespoke/Buyer Pages/Checkout Delivery Details/input_FIRST NAME_first-name'

2020-03-20 10:06:16 - [TEST_STEP][PASSED] - sendKeys(findTestObject("ADMIN/Edit Text/Bespoke/Buyer Pages/Checkout Delivery Details/input_LAST NAME_last-name"), "*"): Keys '*' sent to object: 'Object Repository/ADMIN/Edit Text/Bespoke/Buyer Pages/Checkout Delivery Details/input_LAST NAME_last-name'

2020-03-20 10:06:17 - [MESSAGE][PASSED] - Keys '*' sent to object: 'Object Repository/ADMIN/Edit Text/Bespoke/Buyer Pages/Checkout Delivery Details/input_LAST NAME_last-name'

2020-03-20 10:06:17 - [TEST_STEP][PASSED] - sendKeys(findTestObject("ADMIN/Edit Text/Bespoke/Buyer Pages/Checkout Delivery Details/input_NOTIFICATION EMAIL_notification-email"), "*"): Keys '*' sent to object: 'Object Repository/ADMIN/Edit Text/Bespoke/Buyer Pages/Checkout Delivery Details/input_NOTIFICATION EMAIL_notification-email'

2020-03-20 10:06:17 - [MESSAGE][PASSED] - Keys '*' sent to object: 'Object Repository/ADMIN/Edit Text/Bespoke/Buyer Pages/Checkout Delivery Details/input_NOTIFICATION EMAIL_notification-email'

2020-03-20 10:06:17 - [TEST_STEP][PASSED] - sendKeys(findTestObject("ADMIN/Edit Text/Bespoke/Buyer Pages/Checkout Delivery Details/input_CONTACT NUMBER_contact-number"), "*"): Keys '*' sent to object: 'Object Repository/ADMIN/Edit Text/Bespoke/Buyer Pages/Checkout Delivery Details/input_CONTACT NUMBER_contact-number'

2020-03-20 10:06:17 - [MESSAGE][PASSED] - Keys '*' sent to object: 'Object Repository/ADMIN/Edit Text/Bespoke/Buyer Pages/Checkout Delivery Details/input_CONTACT NUMBER_contact-number'

2020-03-20 10:06:17 - [TEST_STEP][PASSED] - sendKeys(findTestObject("ADMIN/Edit Text/Bespoke/Buyer Pages/Checkout Delivery Details/input_ADD NEW_btn_add"), "*"): Keys '*' sent to object: 'Object Repository/ADMIN/Edit Text/Bespoke/Buyer Pages/Checkout Delivery Details/input_ADD NEW_btn_add'

2020-03-20 10:06:17 - [MESSAGE][PASSED] - Keys '*' sent to object: 'Object Repository/ADMIN/Edit Text/Bespoke/Buyer Pages/Checkout Delivery Details/input_ADD NEW_btn_add'

2020-03-20 10:06:17 - [TEST_STEP][PASSED] - sendKeys(findTestObject("ADMIN/Edit Text/Bespoke/Buyer Pages/Checkout Delivery Details/input_SELECT ADDRESS_btn_select"), "*"): Keys '*' sent to object: 'Object Repository/ADMIN/Edit Text/Bespoke/Buyer Pages/Checkout Delivery Details/input_SELECT ADDRESS_btn_select'

2020-03-20 10:06:17 - [MESSAGE][PASSED] - Keys '*' sent to object: 'Object Repository/ADMIN/Edit Text/Bespoke/Buyer Pages/Checkout Delivery Details/input_SELECT ADDRESS_btn_select'

2020-03-20 10:06:17 - [TEST_STEP][PASSED] - sendKeys(findTestObject("ADMIN/Edit Text/Bespoke/Buyer Pages/Checkout Delivery Details/input_SELECTED_btn_selected"), "*"): Keys '*' sent to object: 'Object Repository/ADMIN/Edit Text/Bespoke/Buyer Pages/Checkout Delivery Details/input_SELECTED_btn_selected'

2020-03-20 10:06:18 - [MESSAGE][PASSED] - Keys '*' sent to object: 'Object Repository/ADMIN/Edit Text/Bespoke/Buyer Pages/Checkout Delivery Details/input_SELECTED_btn_selected'

2020-03-20 10:06:18 - [TEST_STEP][PASSED] - sendKeys(findTestObject("ADMIN/Edit Text/Bespoke/Buyer Pages/Checkout Delivery Details/input_ADDRESSEE FIRST NAME_addressee-first-name"), "*"): Keys '*' sent to object: 'Object Repository/ADMIN/Edit Text/Bespoke/Buyer Pages/Checkout Delivery Details/input_ADDRESSEE FIRST NAME_addressee-first-name'

2020-03-20 10:06:18 - [MESSAGE][PASSED] - Keys '*' sent to object: 'Object Repository/ADMIN/Edit Text/Bespoke/Buyer Pages/Checkout Delivery Details/input_ADDRESSEE FIRST NAME_addressee-first-name'

2020-03-20 10:06:18 - [TEST_STEP][PASSED] - sendKeys(findTestObject("ADMIN/Edit Text/Bespoke/Buyer Pages/Checkout Delivery Details/input_ADDRESSEE LAST NAME_addressee-last-name"), "*"): Keys '*' sent to object: 'Object Repository/ADMIN/Edit Text/Bespoke/Buyer Pages/Checkout Delivery Details/input_ADDRESSEE LAST NAME_addressee-last-name'

2020-03-20 10:06:18 - [MESSAGE][PASSED] - Keys '*' sent to object: 'Object Repository/ADMIN/Edit Text/Bespoke/Buyer Pages/Checkout Delivery Details/input_ADDRESSEE LAST NAME_addressee-last-name'

2020-03-20 10:06:18 - [TEST_STEP][PASSED] - sendKeys(findTestObject("ADMIN/Edit Text/Bespoke/Buyer Pages/Checkout Delivery Details/input_COUNTRY_delivery-country"), "*"): Keys '*' sent to object: 'Object Repository/ADMIN/Edit Text/Bespoke/Buyer Pages/Checkout Delivery Details/input_COUNTRY_delivery-country'

2020-03-20 10:06:18 - [MESSAGE][PASSED] - Keys '*' sent to object: 'Object Repository/ADMIN/Edit Text/Bespoke/Buyer Pages/Checkout Delivery Details/input_COUNTRY_delivery-country'

2020-03-20 10:06:18 - [TEST_STEP][PASSED] - sendKeys(findTestObject("ADMIN/Edit Text/Bespoke/Buyer Pages/Checkout Delivery Details/input_State_delivery-state"), "*"): Keys '*' sent to object: 'Object Repository/ADMIN/Edit Text/Bespoke/Buyer Pages/Checkout Delivery Details/input_State_delivery-state'

2020-03-20 10:06:18 - [MESSAGE][PASSED] - Keys '*' sent to object: 'Object Repository/ADMIN/Edit Text/Bespoke/Buyer Pages/Checkout Delivery Details/input_State_delivery-state'

2020-03-20 10:06:18 - [TEST_STEP][PASSED] - sendKeys(findTestObject("ADMIN/Edit Text/Bespoke/Buyer Pages/Checkout Delivery Details/input_CITY_delivery-city"), "*"): Keys '*' sent to object: 'Object Repository/ADMIN/Edit Text/Bespoke/Buyer Pages/Checkout Delivery Details/input_CITY_delivery-city'

2020-03-20 10:06:18 - [MESSAGE][PASSED] - Keys '*' sent to object: 'Object Repository/ADMIN/Edit Text/Bespoke/Buyer Pages/Checkout Delivery Details/input_CITY_delivery-city'

2020-03-20 10:06:18 - [TEST_STEP][PASSED] - sendKeys(findTestObject("ADMIN/Edit Text/Bespoke/Buyer Pages/Checkout Delivery Details/input_ADDRESS_delivery-address"), "*"): Keys '*' sent to object: 'Object Repository/ADMIN/Edit Text/Bespoke/Buyer Pages/Checkout Delivery Details/input_ADDRESS_delivery-address'

2020-03-20 10:06:18 - [MESSAGE][PASSED] - Keys '*' sent to object: 'Object Repository/ADMIN/Edit Text/Bespoke/Buyer Pages/Checkout Delivery Details/input_ADDRESS_delivery-address'

2020-03-20 10:06:18 - [TEST_STEP][PASSED] - sendKeys(findTestObject("ADMIN/Edit Text/Bespoke/Buyer Pages/Checkout Delivery Details/input_POSTAL CODE_delivery-postal-code"), "*"): Keys '*' sent to object: 'Object Repository/ADMIN/Edit Text/Bespoke/Buyer Pages/Checkout Delivery Details/input_POSTAL CODE_delivery-postal-code'

2020-03-20 10:06:19 - [MESSAGE][PASSED] - Keys '*' sent to object: 'Object Repository/ADMIN/Edit Text/Bespoke/Buyer Pages/Checkout Delivery Details/input_POSTAL CODE_delivery-postal-code'

2020-03-20 10:06:19 - [TEST_STEP][PASSED] - sendKeys(findTestObject("ADMIN/Edit Text/Bespoke/Buyer Pages/Checkout Delivery Details/input_SAVE_btn_save"), "*"): Keys '*' sent to object: 'Object Repository/ADMIN/Edit Text/Bespoke/Buyer Pages/Checkout Delivery Details/input_SAVE_btn_save'

2020-03-20 10:06:19 - [MESSAGE][PASSED] - Keys '*' sent to object: 'Object Repository/ADMIN/Edit Text/Bespoke/Buyer Pages/Checkout Delivery Details/input_SAVE_btn_save'

2020-03-20 10:06:19 - [TEST_STEP][PASSED] - sendKeys(findTestObject("ADMIN/Edit Text/Bespoke/Buyer Pages/Checkout Delivery Details/input_NEXT_btn_next"), "*"): Keys '*' sent to object: 'Object Repository/ADMIN/Edit Text/Bespoke/Buyer Pages/Checkout Delivery Details/input_NEXT_btn_next'

2020-03-20 10:06:19 - [MESSAGE][PASSED] - Keys '*' sent to object: 'Object Repository/ADMIN/Edit Text/Bespoke/Buyer Pages/Checkout Delivery Details/input_NEXT_btn_next'

2020-03-20 10:06:19 - [TEST_STEP][PASSED] - sendKeys(findTestObject("ADMIN/Edit Text/Bespoke/Buyer Pages/Checkout Delivery Details/input_REMOVE ITEM_popup-title"), "*"): Keys '*' sent to object: 'Object Repository/ADMIN/Edit Text/Bespoke/Buyer Pages/Checkout Delivery Details/input_REMOVE ITEM_popup-title'

2020-03-20 10:06:19 - [MESSAGE][PASSED] - Keys '*' sent to object: 'Object Repository/ADMIN/Edit Text/Bespoke/Buyer Pages/Checkout Delivery Details/input_REMOVE ITEM_popup-title'

2020-03-20 10:06:19 - [TEST_STEP][PASSED] - sendKeys(findTestObject("ADMIN/Edit Text/Bespoke/Buyer Pages/Checkout Delivery Details/textarea_You sure about removing this item from your list (Itll be gone forever)"), "*"): Keys '*' sent to object: 'Object Repository/ADMIN/Edit Text/Bespoke/Buyer Pages/Checkout Delivery Details/textarea_You sure about removing this item from your list (Itll be gone forever)'

2020-03-20 10:06:19 - [MESSAGE][PASSED] - Keys '*' sent to object: 'Object Repository/ADMIN/Edit Text/Bespoke/Buyer Pages/Checkout Delivery Details/textarea_You sure about removing this item from your list (Itll be gone forever)'

2020-03-20 10:06:19 - [TEST_STEP][PASSED] - sendKeys(findTestObject("ADMIN/Edit Text/Bespoke/Buyer Pages/Checkout Delivery Details/input_CANCEL_btn_cancel"), "*"): Keys '*' sent to object: 'Object Repository/ADMIN/Edit Text/Bespoke/Buyer Pages/Checkout Delivery Details/input_CANCEL_btn_cancel'

2020-03-20 10:06:19 - [MESSAGE][PASSED] - Keys '*' sent to object: 'Object Repository/ADMIN/Edit Text/Bespoke/Buyer Pages/Checkout Delivery Details/input_CANCEL_btn_cancel'

2020-03-20 10:06:19 - [TEST_STEP][PASSED] - sendKeys(findTestObject("ADMIN/Edit Text/Bespoke/Buyer Pages/Checkout Delivery Details/input_Okay_btn_okay"), "*"): Keys '*' sent to object: 'Object Repository/ADMIN/Edit Text/Bespoke/Buyer Pages/Checkout Delivery Details/input_Okay_btn_okay'

2020-03-20 10:06:20 - [MESSAGE][PASSED] - Keys '*' sent to object: 'Object Repository/ADMIN/Edit Text/Bespoke/Buyer Pages/Checkout Delivery Details/input_Okay_btn_okay'

2020-03-20 10:06:20 - [TEST_STEP][PASSED] - click(findTestObject("ADMIN/Edit Text/Bespoke/Buyer Pages/Homepage/button_save"), CONTINUE_ON_FAILURE): Object: 'Object Repository/ADMIN/Edit Text/Bespoke/Buyer Pages/Homepage/button_save' is clicked on

2020-03-20 10:06:20 - [MESSAGE][PASSED] - Object: 'Object Repository/ADMIN/Edit Text/Bespoke/Buyer Pages/Homepage/button_save' is clicked on

2020-03-20 10:06:20 - [TEST_STEP][PASSED] - waitForElementVisible(findTestObject("ADMIN/Edit Text/Bespoke/Buyer Pages/Homepage/toaster_success"), 0): Object 'Object Repository/ADMIN/Edit Text/Bespoke/Buyer Pages/Homepage/toaster_success' is visible

2020-03-20 10:06:20 - [MESSAGE][WARNING] - Timeout '0' is invalid. Using default page load timeout: '30'

2020-03-20 10:06:20 - [MESSAGE][PASSED] - Object 'Object Repository/ADMIN/Edit Text/Bespoke/Buyer Pages/Homepage/toaster_success' is visible]]></system-out>
         <system-err><![CDATA[]]></system-err>
      </testcase>
      <testcase name="Test Cases/ADMIN/Language/Edit Text/Bespoke/Buyer Pages/Checkout Delivery" time="6.454" classname="Test Cases/ADMIN/Language/Edit Text/Bespoke/Buyer Pages/Checkout Delivery" status="PASSED">
         <system-out><![CDATA[2020-03-20 10:06:20 - [TEST_CASE][PASSED] - Test Cases/ADMIN/Language/Edit Text/Bespoke/Buyer Pages/Checkout Delivery: Test Cases/ADMIN/Language/Edit Text/Bespoke/Buyer Pages/Checkout Delivery

2020-03-20 10:06:20 - [TEST_STEP][PASSED] - waitForElementVisible(findTestObject("ADMIN/Edit Text/Bespoke/Buyer Navigation/dd_language"), 0): Object 'Object Repository/ADMIN/Edit Text/Bespoke/Buyer Navigation/dd_language' is visible

2020-03-20 10:06:20 - [MESSAGE][WARNING] - Timeout '0' is invalid. Using default page load timeout: '30'

2020-03-20 10:06:21 - [MESSAGE][PASSED] - Object 'Object Repository/ADMIN/Edit Text/Bespoke/Buyer Navigation/dd_language' is visible

2020-03-20 10:06:21 - [TEST_STEP][PASSED] - selectOptionByLabel(findTestObject("ADMIN/Edit Text/Bespoke/Buyer Navigation/dd_language"), varLanguage, false): All options with label 'Japanese' are selected in object 'Object Repository/ADMIN/Edit Text/Bespoke/Buyer Navigation/dd_language' 

2020-03-20 10:06:22 - [MESSAGE][PASSED] - All options with label 'Japanese' are selected in object 'Object Repository/ADMIN/Edit Text/Bespoke/Buyer Navigation/dd_language' 

2020-03-20 10:06:22 - [TEST_STEP][PASSED] - sendKeys(findTestObject("ADMIN/Edit Text/Bespoke/Buyer Pages/Checkout Delivery Details/input_DELIVERY_tab-title"), "*"): Keys '*' sent to object: 'Object Repository/ADMIN/Edit Text/Bespoke/Buyer Pages/Checkout Delivery Details/input_DELIVERY_tab-title'

2020-03-20 10:06:23 - [MESSAGE][PASSED] - Keys '*' sent to object: 'Object Repository/ADMIN/Edit Text/Bespoke/Buyer Pages/Checkout Delivery Details/input_DELIVERY_tab-title'

2020-03-20 10:06:23 - [TEST_STEP][PASSED] - sendKeys(findTestObject("ADMIN/Edit Text/Bespoke/Buyer Pages/Checkout Delivery Details/input_REVIEW_tab-title"), "*"): Keys '*' sent to object: 'Object Repository/ADMIN/Edit Text/Bespoke/Buyer Pages/Checkout Delivery Details/input_REVIEW_tab-title'

2020-03-20 10:06:23 - [MESSAGE][PASSED] - Keys '*' sent to object: 'Object Repository/ADMIN/Edit Text/Bespoke/Buyer Pages/Checkout Delivery Details/input_REVIEW_tab-title'

2020-03-20 10:06:23 - [TEST_STEP][PASSED] - sendKeys(findTestObject("ADMIN/Edit Text/Bespoke/Buyer Pages/Checkout Delivery Details/input_PAY_tab-title"), "*"): Keys '*' sent to object: 'Object Repository/ADMIN/Edit Text/Bespoke/Buyer Pages/Checkout Delivery Details/input_PAY_tab-title'

2020-03-20 10:06:23 - [MESSAGE][PASSED] - Keys '*' sent to object: 'Object Repository/ADMIN/Edit Text/Bespoke/Buyer Pages/Checkout Delivery Details/input_PAY_tab-title'

2020-03-20 10:06:23 - [TEST_STEP][PASSED] - sendKeys(findTestObject("ADMIN/Edit Text/Bespoke/Buyer Pages/Checkout Delivery Details/input_Already registered with us_guest-info-txt"), "*"): Keys '*' sent to object: 'Object Repository/ADMIN/Edit Text/Bespoke/Buyer Pages/Checkout Delivery Details/input_Already registered with us_guest-info-txt'

2020-03-20 10:06:23 - [MESSAGE][PASSED] - Keys '*' sent to object: 'Object Repository/ADMIN/Edit Text/Bespoke/Buyer Pages/Checkout Delivery Details/input_Already registered with us_guest-info-txt'

2020-03-20 10:06:23 - [TEST_STEP][PASSED] - sendKeys(findTestObject("ADMIN/Edit Text/Bespoke/Buyer Pages/Checkout Delivery Details/input_SIGN IN NOW_btn_next"), "*"): Keys '*' sent to object: 'Object Repository/ADMIN/Edit Text/Bespoke/Buyer Pages/Checkout Delivery Details/input_SIGN IN NOW_btn_next'

2020-03-20 10:06:23 - [MESSAGE][PASSED] - Keys '*' sent to object: 'Object Repository/ADMIN/Edit Text/Bespoke/Buyer Pages/Checkout Delivery Details/input_SIGN IN NOW_btn_next'

2020-03-20 10:06:23 - [TEST_STEP][PASSED] - sendKeys(findTestObject("ADMIN/Edit Text/Bespoke/Buyer Pages/Checkout Delivery Details/input_FIRST NAME_first-name"), "*"): Keys '*' sent to object: 'Object Repository/ADMIN/Edit Text/Bespoke/Buyer Pages/Checkout Delivery Details/input_FIRST NAME_first-name'

2020-03-20 10:06:23 - [MESSAGE][PASSED] - Keys '*' sent to object: 'Object Repository/ADMIN/Edit Text/Bespoke/Buyer Pages/Checkout Delivery Details/input_FIRST NAME_first-name'

2020-03-20 10:06:23 - [TEST_STEP][PASSED] - sendKeys(findTestObject("ADMIN/Edit Text/Bespoke/Buyer Pages/Checkout Delivery Details/input_LAST NAME_last-name"), "*"): Keys '*' sent to object: 'Object Repository/ADMIN/Edit Text/Bespoke/Buyer Pages/Checkout Delivery Details/input_LAST NAME_last-name'

2020-03-20 10:06:23 - [MESSAGE][PASSED] - Keys '*' sent to object: 'Object Repository/ADMIN/Edit Text/Bespoke/Buyer Pages/Checkout Delivery Details/input_LAST NAME_last-name'

2020-03-20 10:06:23 - [TEST_STEP][PASSED] - sendKeys(findTestObject("ADMIN/Edit Text/Bespoke/Buyer Pages/Checkout Delivery Details/input_NOTIFICATION EMAIL_notification-email"), "*"): Keys '*' sent to object: 'Object Repository/ADMIN/Edit Text/Bespoke/Buyer Pages/Checkout Delivery Details/input_NOTIFICATION EMAIL_notification-email'

2020-03-20 10:06:24 - [MESSAGE][PASSED] - Keys '*' sent to object: 'Object Repository/ADMIN/Edit Text/Bespoke/Buyer Pages/Checkout Delivery Details/input_NOTIFICATION EMAIL_notification-email'

2020-03-20 10:06:24 - [TEST_STEP][PASSED] - sendKeys(findTestObject("ADMIN/Edit Text/Bespoke/Buyer Pages/Checkout Delivery Details/input_CONTACT NUMBER_contact-number"), "*"): Keys '*' sent to object: 'Object Repository/ADMIN/Edit Text/Bespoke/Buyer Pages/Checkout Delivery Details/input_CONTACT NUMBER_contact-number'

2020-03-20 10:06:24 - [MESSAGE][PASSED] - Keys '*' sent to object: 'Object Repository/ADMIN/Edit Text/Bespoke/Buyer Pages/Checkout Delivery Details/input_CONTACT NUMBER_contact-number'

2020-03-20 10:06:24 - [TEST_STEP][PASSED] - sendKeys(findTestObject("ADMIN/Edit Text/Bespoke/Buyer Pages/Checkout Delivery Details/input_ADD NEW_btn_add"), "*"): Keys '*' sent to object: 'Object Repository/ADMIN/Edit Text/Bespoke/Buyer Pages/Checkout Delivery Details/input_ADD NEW_btn_add'

2020-03-20 10:06:24 - [MESSAGE][PASSED] - Keys '*' sent to object: 'Object Repository/ADMIN/Edit Text/Bespoke/Buyer Pages/Checkout Delivery Details/input_ADD NEW_btn_add'

2020-03-20 10:06:24 - [TEST_STEP][PASSED] - sendKeys(findTestObject("ADMIN/Edit Text/Bespoke/Buyer Pages/Checkout Delivery Details/input_SELECT ADDRESS_btn_select"), "*"): Keys '*' sent to object: 'Object Repository/ADMIN/Edit Text/Bespoke/Buyer Pages/Checkout Delivery Details/input_SELECT ADDRESS_btn_select'

2020-03-20 10:06:24 - [MESSAGE][PASSED] - Keys '*' sent to object: 'Object Repository/ADMIN/Edit Text/Bespoke/Buyer Pages/Checkout Delivery Details/input_SELECT ADDRESS_btn_select'

2020-03-20 10:06:24 - [TEST_STEP][PASSED] - sendKeys(findTestObject("ADMIN/Edit Text/Bespoke/Buyer Pages/Checkout Delivery Details/input_SELECTED_btn_selected"), "*"): Keys '*' sent to object: 'Object Repository/ADMIN/Edit Text/Bespoke/Buyer Pages/Checkout Delivery Details/input_SELECTED_btn_selected'

2020-03-20 10:06:24 - [MESSAGE][PASSED] - Keys '*' sent to object: 'Object Repository/ADMIN/Edit Text/Bespoke/Buyer Pages/Checkout Delivery Details/input_SELECTED_btn_selected'

2020-03-20 10:06:24 - [TEST_STEP][PASSED] - sendKeys(findTestObject("ADMIN/Edit Text/Bespoke/Buyer Pages/Checkout Delivery Details/input_ADDRESSEE FIRST NAME_addressee-first-name"), "*"): Keys '*' sent to object: 'Object Repository/ADMIN/Edit Text/Bespoke/Buyer Pages/Checkout Delivery Details/input_ADDRESSEE FIRST NAME_addressee-first-name'

2020-03-20 10:06:24 - [MESSAGE][PASSED] - Keys '*' sent to object: 'Object Repository/ADMIN/Edit Text/Bespoke/Buyer Pages/Checkout Delivery Details/input_ADDRESSEE FIRST NAME_addressee-first-name'

2020-03-20 10:06:24 - [TEST_STEP][PASSED] - sendKeys(findTestObject("ADMIN/Edit Text/Bespoke/Buyer Pages/Checkout Delivery Details/input_ADDRESSEE LAST NAME_addressee-last-name"), "*"): Keys '*' sent to object: 'Object Repository/ADMIN/Edit Text/Bespoke/Buyer Pages/Checkout Delivery Details/input_ADDRESSEE LAST NAME_addressee-last-name'

2020-03-20 10:06:24 - [MESSAGE][PASSED] - Keys '*' sent to object: 'Object Repository/ADMIN/Edit Text/Bespoke/Buyer Pages/Checkout Delivery Details/input_ADDRESSEE LAST NAME_addressee-last-name'

2020-03-20 10:06:24 - [TEST_STEP][PASSED] - sendKeys(findTestObject("ADMIN/Edit Text/Bespoke/Buyer Pages/Checkout Delivery Details/input_COUNTRY_delivery-country"), "*"): Keys '*' sent to object: 'Object Repository/ADMIN/Edit Text/Bespoke/Buyer Pages/Checkout Delivery Details/input_COUNTRY_delivery-country'

2020-03-20 10:06:24 - [MESSAGE][PASSED] - Keys '*' sent to object: 'Object Repository/ADMIN/Edit Text/Bespoke/Buyer Pages/Checkout Delivery Details/input_COUNTRY_delivery-country'

2020-03-20 10:06:24 - [TEST_STEP][PASSED] - sendKeys(findTestObject("ADMIN/Edit Text/Bespoke/Buyer Pages/Checkout Delivery Details/input_State_delivery-state"), "*"): Keys '*' sent to object: 'Object Repository/ADMIN/Edit Text/Bespoke/Buyer Pages/Checkout Delivery Details/input_State_delivery-state'

2020-03-20 10:06:25 - [MESSAGE][PASSED] - Keys '*' sent to object: 'Object Repository/ADMIN/Edit Text/Bespoke/Buyer Pages/Checkout Delivery Details/input_State_delivery-state'

2020-03-20 10:06:25 - [TEST_STEP][PASSED] - sendKeys(findTestObject("ADMIN/Edit Text/Bespoke/Buyer Pages/Checkout Delivery Details/input_CITY_delivery-city"), "*"): Keys '*' sent to object: 'Object Repository/ADMIN/Edit Text/Bespoke/Buyer Pages/Checkout Delivery Details/input_CITY_delivery-city'

2020-03-20 10:06:25 - [MESSAGE][PASSED] - Keys '*' sent to object: 'Object Repository/ADMIN/Edit Text/Bespoke/Buyer Pages/Checkout Delivery Details/input_CITY_delivery-city'

2020-03-20 10:06:25 - [TEST_STEP][PASSED] - sendKeys(findTestObject("ADMIN/Edit Text/Bespoke/Buyer Pages/Checkout Delivery Details/input_ADDRESS_delivery-address"), "*"): Keys '*' sent to object: 'Object Repository/ADMIN/Edit Text/Bespoke/Buyer Pages/Checkout Delivery Details/input_ADDRESS_delivery-address'

2020-03-20 10:06:25 - [MESSAGE][PASSED] - Keys '*' sent to object: 'Object Repository/ADMIN/Edit Text/Bespoke/Buyer Pages/Checkout Delivery Details/input_ADDRESS_delivery-address'

2020-03-20 10:06:25 - [TEST_STEP][PASSED] - sendKeys(findTestObject("ADMIN/Edit Text/Bespoke/Buyer Pages/Checkout Delivery Details/input_POSTAL CODE_delivery-postal-code"), "*"): Keys '*' sent to object: 'Object Repository/ADMIN/Edit Text/Bespoke/Buyer Pages/Checkout Delivery Details/input_POSTAL CODE_delivery-postal-code'

2020-03-20 10:06:25 - [MESSAGE][PASSED] - Keys '*' sent to object: 'Object Repository/ADMIN/Edit Text/Bespoke/Buyer Pages/Checkout Delivery Details/input_POSTAL CODE_delivery-postal-code'

2020-03-20 10:06:25 - [TEST_STEP][PASSED] - sendKeys(findTestObject("ADMIN/Edit Text/Bespoke/Buyer Pages/Checkout Delivery Details/input_SAVE_btn_save"), "*"): Keys '*' sent to object: 'Object Repository/ADMIN/Edit Text/Bespoke/Buyer Pages/Checkout Delivery Details/input_SAVE_btn_save'

2020-03-20 10:06:25 - [MESSAGE][PASSED] - Keys '*' sent to object: 'Object Repository/ADMIN/Edit Text/Bespoke/Buyer Pages/Checkout Delivery Details/input_SAVE_btn_save'

2020-03-20 10:06:25 - [TEST_STEP][PASSED] - sendKeys(findTestObject("ADMIN/Edit Text/Bespoke/Buyer Pages/Checkout Delivery Details/input_NEXT_btn_next"), "*"): Keys '*' sent to object: 'Object Repository/ADMIN/Edit Text/Bespoke/Buyer Pages/Checkout Delivery Details/input_NEXT_btn_next'

2020-03-20 10:06:25 - [MESSAGE][PASSED] - Keys '*' sent to object: 'Object Repository/ADMIN/Edit Text/Bespoke/Buyer Pages/Checkout Delivery Details/input_NEXT_btn_next'

2020-03-20 10:06:25 - [TEST_STEP][PASSED] - sendKeys(findTestObject("ADMIN/Edit Text/Bespoke/Buyer Pages/Checkout Delivery Details/input_REMOVE ITEM_popup-title"), "*"): Keys '*' sent to object: 'Object Repository/ADMIN/Edit Text/Bespoke/Buyer Pages/Checkout Delivery Details/input_REMOVE ITEM_popup-title'

2020-03-20 10:06:26 - [MESSAGE][PASSED] - Keys '*' sent to object: 'Object Repository/ADMIN/Edit Text/Bespoke/Buyer Pages/Checkout Delivery Details/input_REMOVE ITEM_popup-title'

2020-03-20 10:06:26 - [TEST_STEP][PASSED] - sendKeys(findTestObject("ADMIN/Edit Text/Bespoke/Buyer Pages/Checkout Delivery Details/textarea_You sure about removing this item from your list (Itll be gone forever)"), "*"): Keys '*' sent to object: 'Object Repository/ADMIN/Edit Text/Bespoke/Buyer Pages/Checkout Delivery Details/textarea_You sure about removing this item from your list (Itll be gone forever)'

2020-03-20 10:06:26 - [MESSAGE][PASSED] - Keys '*' sent to object: 'Object Repository/ADMIN/Edit Text/Bespoke/Buyer Pages/Checkout Delivery Details/textarea_You sure about removing this item from your list (Itll be gone forever)'

2020-03-20 10:06:26 - [TEST_STEP][PASSED] - sendKeys(findTestObject("ADMIN/Edit Text/Bespoke/Buyer Pages/Checkout Delivery Details/input_CANCEL_btn_cancel"), "*"): Keys '*' sent to object: 'Object Repository/ADMIN/Edit Text/Bespoke/Buyer Pages/Checkout Delivery Details/input_CANCEL_btn_cancel'

2020-03-20 10:06:26 - [MESSAGE][PASSED] - Keys '*' sent to object: 'Object Repository/ADMIN/Edit Text/Bespoke/Buyer Pages/Checkout Delivery Details/input_CANCEL_btn_cancel'

2020-03-20 10:06:26 - [TEST_STEP][PASSED] - sendKeys(findTestObject("ADMIN/Edit Text/Bespoke/Buyer Pages/Checkout Delivery Details/input_Okay_btn_okay"), "*"): Keys '*' sent to object: 'Object Repository/ADMIN/Edit Text/Bespoke/Buyer Pages/Checkout Delivery Details/input_Okay_btn_okay'

2020-03-20 10:06:26 - [MESSAGE][PASSED] - Keys '*' sent to object: 'Object Repository/ADMIN/Edit Text/Bespoke/Buyer Pages/Checkout Delivery Details/input_Okay_btn_okay'

2020-03-20 10:06:26 - [TEST_STEP][PASSED] - click(findTestObject("ADMIN/Edit Text/Bespoke/Buyer Pages/Homepage/button_save"), CONTINUE_ON_FAILURE): Object: 'Object Repository/ADMIN/Edit Text/Bespoke/Buyer Pages/Homepage/button_save' is clicked on

2020-03-20 10:06:26 - [MESSAGE][PASSED] - Object: 'Object Repository/ADMIN/Edit Text/Bespoke/Buyer Pages/Homepage/button_save' is clicked on

2020-03-20 10:06:26 - [TEST_STEP][PASSED] - waitForElementVisible(findTestObject("ADMIN/Edit Text/Bespoke/Buyer Pages/Homepage/toaster_success"), 0): Object 'Object Repository/ADMIN/Edit Text/Bespoke/Buyer Pages/Homepage/toaster_success' is visible

2020-03-20 10:06:26 - [MESSAGE][WARNING] - Timeout '0' is invalid. Using default page load timeout: '30'

2020-03-20 10:06:27 - [MESSAGE][PASSED] - Object 'Object Repository/ADMIN/Edit Text/Bespoke/Buyer Pages/Homepage/toaster_success' is visible]]></system-out>
         <system-err><![CDATA[]]></system-err>
      </testcase>
      <testcase name="Test Cases/ADMIN/Language/Edit Text/Bespoke/Buyer Pages/Checkout Delivery" time="6.728" classname="Test Cases/ADMIN/Language/Edit Text/Bespoke/Buyer Pages/Checkout Delivery" status="PASSED">
         <system-out><![CDATA[2020-03-20 10:06:27 - [TEST_CASE][PASSED] - Test Cases/ADMIN/Language/Edit Text/Bespoke/Buyer Pages/Checkout Delivery: Test Cases/ADMIN/Language/Edit Text/Bespoke/Buyer Pages/Checkout Delivery

2020-03-20 10:06:27 - [TEST_STEP][PASSED] - waitForElementVisible(findTestObject("ADMIN/Edit Text/Bespoke/Buyer Navigation/dd_language"), 0): Object 'Object Repository/ADMIN/Edit Text/Bespoke/Buyer Navigation/dd_language' is visible

2020-03-20 10:06:27 - [MESSAGE][WARNING] - Timeout '0' is invalid. Using default page load timeout: '30'

2020-03-20 10:06:27 - [MESSAGE][PASSED] - Object 'Object Repository/ADMIN/Edit Text/Bespoke/Buyer Navigation/dd_language' is visible

2020-03-20 10:06:27 - [TEST_STEP][PASSED] - selectOptionByLabel(findTestObject("ADMIN/Edit Text/Bespoke/Buyer Navigation/dd_language"), varLanguage, false): All options with label 'Chinese (Traditional)' are selected in object 'Object Repository/ADMIN/Edit Text/Bespoke/Buyer Navigation/dd_language' 

2020-03-20 10:06:28 - [MESSAGE][PASSED] - All options with label 'Chinese (Traditional)' are selected in object 'Object Repository/ADMIN/Edit Text/Bespoke/Buyer Navigation/dd_language' 

2020-03-20 10:06:28 - [TEST_STEP][PASSED] - sendKeys(findTestObject("ADMIN/Edit Text/Bespoke/Buyer Pages/Checkout Delivery Details/input_DELIVERY_tab-title"), "*"): Keys '*' sent to object: 'Object Repository/ADMIN/Edit Text/Bespoke/Buyer Pages/Checkout Delivery Details/input_DELIVERY_tab-title'

2020-03-20 10:06:29 - [MESSAGE][PASSED] - Keys '*' sent to object: 'Object Repository/ADMIN/Edit Text/Bespoke/Buyer Pages/Checkout Delivery Details/input_DELIVERY_tab-title'

2020-03-20 10:06:29 - [TEST_STEP][PASSED] - sendKeys(findTestObject("ADMIN/Edit Text/Bespoke/Buyer Pages/Checkout Delivery Details/input_REVIEW_tab-title"), "*"): Keys '*' sent to object: 'Object Repository/ADMIN/Edit Text/Bespoke/Buyer Pages/Checkout Delivery Details/input_REVIEW_tab-title'

2020-03-20 10:06:30 - [MESSAGE][PASSED] - Keys '*' sent to object: 'Object Repository/ADMIN/Edit Text/Bespoke/Buyer Pages/Checkout Delivery Details/input_REVIEW_tab-title'

2020-03-20 10:06:30 - [TEST_STEP][PASSED] - sendKeys(findTestObject("ADMIN/Edit Text/Bespoke/Buyer Pages/Checkout Delivery Details/input_PAY_tab-title"), "*"): Keys '*' sent to object: 'Object Repository/ADMIN/Edit Text/Bespoke/Buyer Pages/Checkout Delivery Details/input_PAY_tab-title'

2020-03-20 10:06:30 - [MESSAGE][PASSED] - Keys '*' sent to object: 'Object Repository/ADMIN/Edit Text/Bespoke/Buyer Pages/Checkout Delivery Details/input_PAY_tab-title'

2020-03-20 10:06:30 - [TEST_STEP][PASSED] - sendKeys(findTestObject("ADMIN/Edit Text/Bespoke/Buyer Pages/Checkout Delivery Details/input_Already registered with us_guest-info-txt"), "*"): Keys '*' sent to object: 'Object Repository/ADMIN/Edit Text/Bespoke/Buyer Pages/Checkout Delivery Details/input_Already registered with us_guest-info-txt'

2020-03-20 10:06:30 - [MESSAGE][PASSED] - Keys '*' sent to object: 'Object Repository/ADMIN/Edit Text/Bespoke/Buyer Pages/Checkout Delivery Details/input_Already registered with us_guest-info-txt'

2020-03-20 10:06:30 - [TEST_STEP][PASSED] - sendKeys(findTestObject("ADMIN/Edit Text/Bespoke/Buyer Pages/Checkout Delivery Details/input_SIGN IN NOW_btn_next"), "*"): Keys '*' sent to object: 'Object Repository/ADMIN/Edit Text/Bespoke/Buyer Pages/Checkout Delivery Details/input_SIGN IN NOW_btn_next'

2020-03-20 10:06:30 - [MESSAGE][PASSED] - Keys '*' sent to object: 'Object Repository/ADMIN/Edit Text/Bespoke/Buyer Pages/Checkout Delivery Details/input_SIGN IN NOW_btn_next'

2020-03-20 10:06:30 - [TEST_STEP][PASSED] - sendKeys(findTestObject("ADMIN/Edit Text/Bespoke/Buyer Pages/Checkout Delivery Details/input_FIRST NAME_first-name"), "*"): Keys '*' sent to object: 'Object Repository/ADMIN/Edit Text/Bespoke/Buyer Pages/Checkout Delivery Details/input_FIRST NAME_first-name'

2020-03-20 10:06:30 - [MESSAGE][PASSED] - Keys '*' sent to object: 'Object Repository/ADMIN/Edit Text/Bespoke/Buyer Pages/Checkout Delivery Details/input_FIRST NAME_first-name'

2020-03-20 10:06:30 - [TEST_STEP][PASSED] - sendKeys(findTestObject("ADMIN/Edit Text/Bespoke/Buyer Pages/Checkout Delivery Details/input_LAST NAME_last-name"), "*"): Keys '*' sent to object: 'Object Repository/ADMIN/Edit Text/Bespoke/Buyer Pages/Checkout Delivery Details/input_LAST NAME_last-name'

2020-03-20 10:06:30 - [MESSAGE][PASSED] - Keys '*' sent to object: 'Object Repository/ADMIN/Edit Text/Bespoke/Buyer Pages/Checkout Delivery Details/input_LAST NAME_last-name'

2020-03-20 10:06:30 - [TEST_STEP][PASSED] - sendKeys(findTestObject("ADMIN/Edit Text/Bespoke/Buyer Pages/Checkout Delivery Details/input_NOTIFICATION EMAIL_notification-email"), "*"): Keys '*' sent to object: 'Object Repository/ADMIN/Edit Text/Bespoke/Buyer Pages/Checkout Delivery Details/input_NOTIFICATION EMAIL_notification-email'

2020-03-20 10:06:30 - [MESSAGE][PASSED] - Keys '*' sent to object: 'Object Repository/ADMIN/Edit Text/Bespoke/Buyer Pages/Checkout Delivery Details/input_NOTIFICATION EMAIL_notification-email'

2020-03-20 10:06:30 - [TEST_STEP][PASSED] - sendKeys(findTestObject("ADMIN/Edit Text/Bespoke/Buyer Pages/Checkout Delivery Details/input_CONTACT NUMBER_contact-number"), "*"): Keys '*' sent to object: 'Object Repository/ADMIN/Edit Text/Bespoke/Buyer Pages/Checkout Delivery Details/input_CONTACT NUMBER_contact-number'

2020-03-20 10:06:30 - [MESSAGE][PASSED] - Keys '*' sent to object: 'Object Repository/ADMIN/Edit Text/Bespoke/Buyer Pages/Checkout Delivery Details/input_CONTACT NUMBER_contact-number'

2020-03-20 10:06:30 - [TEST_STEP][PASSED] - sendKeys(findTestObject("ADMIN/Edit Text/Bespoke/Buyer Pages/Checkout Delivery Details/input_ADD NEW_btn_add"), "*"): Keys '*' sent to object: 'Object Repository/ADMIN/Edit Text/Bespoke/Buyer Pages/Checkout Delivery Details/input_ADD NEW_btn_add'

2020-03-20 10:06:31 - [MESSAGE][PASSED] - Keys '*' sent to object: 'Object Repository/ADMIN/Edit Text/Bespoke/Buyer Pages/Checkout Delivery Details/input_ADD NEW_btn_add'

2020-03-20 10:06:31 - [TEST_STEP][PASSED] - sendKeys(findTestObject("ADMIN/Edit Text/Bespoke/Buyer Pages/Checkout Delivery Details/input_SELECT ADDRESS_btn_select"), "*"): Keys '*' sent to object: 'Object Repository/ADMIN/Edit Text/Bespoke/Buyer Pages/Checkout Delivery Details/input_SELECT ADDRESS_btn_select'

2020-03-20 10:06:31 - [MESSAGE][PASSED] - Keys '*' sent to object: 'Object Repository/ADMIN/Edit Text/Bespoke/Buyer Pages/Checkout Delivery Details/input_SELECT ADDRESS_btn_select'

2020-03-20 10:06:31 - [TEST_STEP][PASSED] - sendKeys(findTestObject("ADMIN/Edit Text/Bespoke/Buyer Pages/Checkout Delivery Details/input_SELECTED_btn_selected"), "*"): Keys '*' sent to object: 'Object Repository/ADMIN/Edit Text/Bespoke/Buyer Pages/Checkout Delivery Details/input_SELECTED_btn_selected'

2020-03-20 10:06:31 - [MESSAGE][PASSED] - Keys '*' sent to object: 'Object Repository/ADMIN/Edit Text/Bespoke/Buyer Pages/Checkout Delivery Details/input_SELECTED_btn_selected'

2020-03-20 10:06:31 - [TEST_STEP][PASSED] - sendKeys(findTestObject("ADMIN/Edit Text/Bespoke/Buyer Pages/Checkout Delivery Details/input_ADDRESSEE FIRST NAME_addressee-first-name"), "*"): Keys '*' sent to object: 'Object Repository/ADMIN/Edit Text/Bespoke/Buyer Pages/Checkout Delivery Details/input_ADDRESSEE FIRST NAME_addressee-first-name'

2020-03-20 10:06:31 - [MESSAGE][PASSED] - Keys '*' sent to object: 'Object Repository/ADMIN/Edit Text/Bespoke/Buyer Pages/Checkout Delivery Details/input_ADDRESSEE FIRST NAME_addressee-first-name'

2020-03-20 10:06:31 - [TEST_STEP][PASSED] - sendKeys(findTestObject("ADMIN/Edit Text/Bespoke/Buyer Pages/Checkout Delivery Details/input_ADDRESSEE LAST NAME_addressee-last-name"), "*"): Keys '*' sent to object: 'Object Repository/ADMIN/Edit Text/Bespoke/Buyer Pages/Checkout Delivery Details/input_ADDRESSEE LAST NAME_addressee-last-name'

2020-03-20 10:06:31 - [MESSAGE][PASSED] - Keys '*' sent to object: 'Object Repository/ADMIN/Edit Text/Bespoke/Buyer Pages/Checkout Delivery Details/input_ADDRESSEE LAST NAME_addressee-last-name'

2020-03-20 10:06:31 - [TEST_STEP][PASSED] - sendKeys(findTestObject("ADMIN/Edit Text/Bespoke/Buyer Pages/Checkout Delivery Details/input_COUNTRY_delivery-country"), "*"): Keys '*' sent to object: 'Object Repository/ADMIN/Edit Text/Bespoke/Buyer Pages/Checkout Delivery Details/input_COUNTRY_delivery-country'

2020-03-20 10:06:31 - [MESSAGE][PASSED] - Keys '*' sent to object: 'Object Repository/ADMIN/Edit Text/Bespoke/Buyer Pages/Checkout Delivery Details/input_COUNTRY_delivery-country'

2020-03-20 10:06:31 - [TEST_STEP][PASSED] - sendKeys(findTestObject("ADMIN/Edit Text/Bespoke/Buyer Pages/Checkout Delivery Details/input_State_delivery-state"), "*"): Keys '*' sent to object: 'Object Repository/ADMIN/Edit Text/Bespoke/Buyer Pages/Checkout Delivery Details/input_State_delivery-state'

2020-03-20 10:06:31 - [MESSAGE][PASSED] - Keys '*' sent to object: 'Object Repository/ADMIN/Edit Text/Bespoke/Buyer Pages/Checkout Delivery Details/input_State_delivery-state'

2020-03-20 10:06:31 - [TEST_STEP][PASSED] - sendKeys(findTestObject("ADMIN/Edit Text/Bespoke/Buyer Pages/Checkout Delivery Details/input_CITY_delivery-city"), "*"): Keys '*' sent to object: 'Object Repository/ADMIN/Edit Text/Bespoke/Buyer Pages/Checkout Delivery Details/input_CITY_delivery-city'

2020-03-20 10:06:32 - [MESSAGE][PASSED] - Keys '*' sent to object: 'Object Repository/ADMIN/Edit Text/Bespoke/Buyer Pages/Checkout Delivery Details/input_CITY_delivery-city'

2020-03-20 10:06:32 - [TEST_STEP][PASSED] - sendKeys(findTestObject("ADMIN/Edit Text/Bespoke/Buyer Pages/Checkout Delivery Details/input_ADDRESS_delivery-address"), "*"): Keys '*' sent to object: 'Object Repository/ADMIN/Edit Text/Bespoke/Buyer Pages/Checkout Delivery Details/input_ADDRESS_delivery-address'

2020-03-20 10:06:32 - [MESSAGE][PASSED] - Keys '*' sent to object: 'Object Repository/ADMIN/Edit Text/Bespoke/Buyer Pages/Checkout Delivery Details/input_ADDRESS_delivery-address'

2020-03-20 10:06:32 - [TEST_STEP][PASSED] - sendKeys(findTestObject("ADMIN/Edit Text/Bespoke/Buyer Pages/Checkout Delivery Details/input_POSTAL CODE_delivery-postal-code"), "*"): Keys '*' sent to object: 'Object Repository/ADMIN/Edit Text/Bespoke/Buyer Pages/Checkout Delivery Details/input_POSTAL CODE_delivery-postal-code'

2020-03-20 10:06:32 - [MESSAGE][PASSED] - Keys '*' sent to object: 'Object Repository/ADMIN/Edit Text/Bespoke/Buyer Pages/Checkout Delivery Details/input_POSTAL CODE_delivery-postal-code'

2020-03-20 10:06:32 - [TEST_STEP][PASSED] - sendKeys(findTestObject("ADMIN/Edit Text/Bespoke/Buyer Pages/Checkout Delivery Details/input_SAVE_btn_save"), "*"): Keys '*' sent to object: 'Object Repository/ADMIN/Edit Text/Bespoke/Buyer Pages/Checkout Delivery Details/input_SAVE_btn_save'

2020-03-20 10:06:32 - [MESSAGE][PASSED] - Keys '*' sent to object: 'Object Repository/ADMIN/Edit Text/Bespoke/Buyer Pages/Checkout Delivery Details/input_SAVE_btn_save'

2020-03-20 10:06:32 - [TEST_STEP][PASSED] - sendKeys(findTestObject("ADMIN/Edit Text/Bespoke/Buyer Pages/Checkout Delivery Details/input_NEXT_btn_next"), "*"): Keys '*' sent to object: 'Object Repository/ADMIN/Edit Text/Bespoke/Buyer Pages/Checkout Delivery Details/input_NEXT_btn_next'

2020-03-20 10:06:32 - [MESSAGE][PASSED] - Keys '*' sent to object: 'Object Repository/ADMIN/Edit Text/Bespoke/Buyer Pages/Checkout Delivery Details/input_NEXT_btn_next'

2020-03-20 10:06:32 - [TEST_STEP][PASSED] - sendKeys(findTestObject("ADMIN/Edit Text/Bespoke/Buyer Pages/Checkout Delivery Details/input_REMOVE ITEM_popup-title"), "*"): Keys '*' sent to object: 'Object Repository/ADMIN/Edit Text/Bespoke/Buyer Pages/Checkout Delivery Details/input_REMOVE ITEM_popup-title'

2020-03-20 10:06:32 - [MESSAGE][PASSED] - Keys '*' sent to object: 'Object Repository/ADMIN/Edit Text/Bespoke/Buyer Pages/Checkout Delivery Details/input_REMOVE ITEM_popup-title'

2020-03-20 10:06:32 - [TEST_STEP][PASSED] - sendKeys(findTestObject("ADMIN/Edit Text/Bespoke/Buyer Pages/Checkout Delivery Details/textarea_You sure about removing this item from your list (Itll be gone forever)"), "*"): Keys '*' sent to object: 'Object Repository/ADMIN/Edit Text/Bespoke/Buyer Pages/Checkout Delivery Details/textarea_You sure about removing this item from your list (Itll be gone forever)'

2020-03-20 10:06:32 - [MESSAGE][PASSED] - Keys '*' sent to object: 'Object Repository/ADMIN/Edit Text/Bespoke/Buyer Pages/Checkout Delivery Details/textarea_You sure about removing this item from your list (Itll be gone forever)'

2020-03-20 10:06:32 - [TEST_STEP][PASSED] - sendKeys(findTestObject("ADMIN/Edit Text/Bespoke/Buyer Pages/Checkout Delivery Details/input_CANCEL_btn_cancel"), "*"): Keys '*' sent to object: 'Object Repository/ADMIN/Edit Text/Bespoke/Buyer Pages/Checkout Delivery Details/input_CANCEL_btn_cancel'

2020-03-20 10:06:33 - [MESSAGE][PASSED] - Keys '*' sent to object: 'Object Repository/ADMIN/Edit Text/Bespoke/Buyer Pages/Checkout Delivery Details/input_CANCEL_btn_cancel'

2020-03-20 10:06:33 - [TEST_STEP][PASSED] - sendKeys(findTestObject("ADMIN/Edit Text/Bespoke/Buyer Pages/Checkout Delivery Details/input_Okay_btn_okay"), "*"): Keys '*' sent to object: 'Object Repository/ADMIN/Edit Text/Bespoke/Buyer Pages/Checkout Delivery Details/input_Okay_btn_okay'

2020-03-20 10:06:33 - [MESSAGE][PASSED] - Keys '*' sent to object: 'Object Repository/ADMIN/Edit Text/Bespoke/Buyer Pages/Checkout Delivery Details/input_Okay_btn_okay'

2020-03-20 10:06:33 - [TEST_STEP][PASSED] - click(findTestObject("ADMIN/Edit Text/Bespoke/Buyer Pages/Homepage/button_save"), CONTINUE_ON_FAILURE): Object: 'Object Repository/ADMIN/Edit Text/Bespoke/Buyer Pages/Homepage/button_save' is clicked on

2020-03-20 10:06:33 - [MESSAGE][PASSED] - Object: 'Object Repository/ADMIN/Edit Text/Bespoke/Buyer Pages/Homepage/button_save' is clicked on

2020-03-20 10:06:33 - [TEST_STEP][PASSED] - waitForElementVisible(findTestObject("ADMIN/Edit Text/Bespoke/Buyer Pages/Homepage/toaster_success"), 0): Object 'Object Repository/ADMIN/Edit Text/Bespoke/Buyer Pages/Homepage/toaster_success' is visible

2020-03-20 10:06:33 - [MESSAGE][WARNING] - Timeout '0' is invalid. Using default page load timeout: '30'

2020-03-20 10:06:34 - [MESSAGE][PASSED] - Object 'Object Repository/ADMIN/Edit Text/Bespoke/Buyer Pages/Homepage/toaster_success' is visible]]></system-out>
         <system-err><![CDATA[]]></system-err>
      </testcase>
      <testcase name="Test Cases/ADMIN/Language/Edit Text/Bespoke/Buyer Pages/Checkout Delivery" time="5.941" classname="Test Cases/ADMIN/Language/Edit Text/Bespoke/Buyer Pages/Checkout Delivery" status="PASSED">
         <system-out><![CDATA[2020-03-20 10:06:34 - [TEST_CASE][PASSED] - Test Cases/ADMIN/Language/Edit Text/Bespoke/Buyer Pages/Checkout Delivery: Test Cases/ADMIN/Language/Edit Text/Bespoke/Buyer Pages/Checkout Delivery

2020-03-20 10:06:34 - [TEST_STEP][PASSED] - waitForElementVisible(findTestObject("ADMIN/Edit Text/Bespoke/Buyer Navigation/dd_language"), 0): Object 'Object Repository/ADMIN/Edit Text/Bespoke/Buyer Navigation/dd_language' is visible

2020-03-20 10:06:34 - [MESSAGE][WARNING] - Timeout '0' is invalid. Using default page load timeout: '30'

2020-03-20 10:06:34 - [MESSAGE][PASSED] - Object 'Object Repository/ADMIN/Edit Text/Bespoke/Buyer Navigation/dd_language' is visible

2020-03-20 10:06:34 - [TEST_STEP][PASSED] - selectOptionByLabel(findTestObject("ADMIN/Edit Text/Bespoke/Buyer Navigation/dd_language"), varLanguage, false): All options with label 'Portuguese' are selected in object 'Object Repository/ADMIN/Edit Text/Bespoke/Buyer Navigation/dd_language' 

2020-03-20 10:06:35 - [MESSAGE][PASSED] - All options with label 'Portuguese' are selected in object 'Object Repository/ADMIN/Edit Text/Bespoke/Buyer Navigation/dd_language' 

2020-03-20 10:06:35 - [TEST_STEP][PASSED] - sendKeys(findTestObject("ADMIN/Edit Text/Bespoke/Buyer Pages/Checkout Delivery Details/input_DELIVERY_tab-title"), "*"): Keys '*' sent to object: 'Object Repository/ADMIN/Edit Text/Bespoke/Buyer Pages/Checkout Delivery Details/input_DELIVERY_tab-title'

2020-03-20 10:06:36 - [MESSAGE][PASSED] - Keys '*' sent to object: 'Object Repository/ADMIN/Edit Text/Bespoke/Buyer Pages/Checkout Delivery Details/input_DELIVERY_tab-title'

2020-03-20 10:06:36 - [TEST_STEP][PASSED] - sendKeys(findTestObject("ADMIN/Edit Text/Bespoke/Buyer Pages/Checkout Delivery Details/input_REVIEW_tab-title"), "*"): Keys '*' sent to object: 'Object Repository/ADMIN/Edit Text/Bespoke/Buyer Pages/Checkout Delivery Details/input_REVIEW_tab-title'

2020-03-20 10:06:36 - [MESSAGE][PASSED] - Keys '*' sent to object: 'Object Repository/ADMIN/Edit Text/Bespoke/Buyer Pages/Checkout Delivery Details/input_REVIEW_tab-title'

2020-03-20 10:06:36 - [TEST_STEP][PASSED] - sendKeys(findTestObject("ADMIN/Edit Text/Bespoke/Buyer Pages/Checkout Delivery Details/input_PAY_tab-title"), "*"): Keys '*' sent to object: 'Object Repository/ADMIN/Edit Text/Bespoke/Buyer Pages/Checkout Delivery Details/input_PAY_tab-title'

2020-03-20 10:06:36 - [MESSAGE][PASSED] - Keys '*' sent to object: 'Object Repository/ADMIN/Edit Text/Bespoke/Buyer Pages/Checkout Delivery Details/input_PAY_tab-title'

2020-03-20 10:06:36 - [TEST_STEP][PASSED] - sendKeys(findTestObject("ADMIN/Edit Text/Bespoke/Buyer Pages/Checkout Delivery Details/input_Already registered with us_guest-info-txt"), "*"): Keys '*' sent to object: 'Object Repository/ADMIN/Edit Text/Bespoke/Buyer Pages/Checkout Delivery Details/input_Already registered with us_guest-info-txt'

2020-03-20 10:06:36 - [MESSAGE][PASSED] - Keys '*' sent to object: 'Object Repository/ADMIN/Edit Text/Bespoke/Buyer Pages/Checkout Delivery Details/input_Already registered with us_guest-info-txt'

2020-03-20 10:06:36 - [TEST_STEP][PASSED] - sendKeys(findTestObject("ADMIN/Edit Text/Bespoke/Buyer Pages/Checkout Delivery Details/input_SIGN IN NOW_btn_next"), "*"): Keys '*' sent to object: 'Object Repository/ADMIN/Edit Text/Bespoke/Buyer Pages/Checkout Delivery Details/input_SIGN IN NOW_btn_next'

2020-03-20 10:06:36 - [MESSAGE][PASSED] - Keys '*' sent to object: 'Object Repository/ADMIN/Edit Text/Bespoke/Buyer Pages/Checkout Delivery Details/input_SIGN IN NOW_btn_next'

2020-03-20 10:06:36 - [TEST_STEP][PASSED] - sendKeys(findTestObject("ADMIN/Edit Text/Bespoke/Buyer Pages/Checkout Delivery Details/input_FIRST NAME_first-name"), "*"): Keys '*' sent to object: 'Object Repository/ADMIN/Edit Text/Bespoke/Buyer Pages/Checkout Delivery Details/input_FIRST NAME_first-name'

2020-03-20 10:06:36 - [MESSAGE][PASSED] - Keys '*' sent to object: 'Object Repository/ADMIN/Edit Text/Bespoke/Buyer Pages/Checkout Delivery Details/input_FIRST NAME_first-name'

2020-03-20 10:06:36 - [TEST_STEP][PASSED] - sendKeys(findTestObject("ADMIN/Edit Text/Bespoke/Buyer Pages/Checkout Delivery Details/input_LAST NAME_last-name"), "*"): Keys '*' sent to object: 'Object Repository/ADMIN/Edit Text/Bespoke/Buyer Pages/Checkout Delivery Details/input_LAST NAME_last-name'

2020-03-20 10:06:36 - [MESSAGE][PASSED] - Keys '*' sent to object: 'Object Repository/ADMIN/Edit Text/Bespoke/Buyer Pages/Checkout Delivery Details/input_LAST NAME_last-name'

2020-03-20 10:06:36 - [TEST_STEP][PASSED] - sendKeys(findTestObject("ADMIN/Edit Text/Bespoke/Buyer Pages/Checkout Delivery Details/input_NOTIFICATION EMAIL_notification-email"), "*"): Keys '*' sent to object: 'Object Repository/ADMIN/Edit Text/Bespoke/Buyer Pages/Checkout Delivery Details/input_NOTIFICATION EMAIL_notification-email'

2020-03-20 10:06:37 - [MESSAGE][PASSED] - Keys '*' sent to object: 'Object Repository/ADMIN/Edit Text/Bespoke/Buyer Pages/Checkout Delivery Details/input_NOTIFICATION EMAIL_notification-email'

2020-03-20 10:06:37 - [TEST_STEP][PASSED] - sendKeys(findTestObject("ADMIN/Edit Text/Bespoke/Buyer Pages/Checkout Delivery Details/input_CONTACT NUMBER_contact-number"), "*"): Keys '*' sent to object: 'Object Repository/ADMIN/Edit Text/Bespoke/Buyer Pages/Checkout Delivery Details/input_CONTACT NUMBER_contact-number'

2020-03-20 10:06:37 - [MESSAGE][PASSED] - Keys '*' sent to object: 'Object Repository/ADMIN/Edit Text/Bespoke/Buyer Pages/Checkout Delivery Details/input_CONTACT NUMBER_contact-number'

2020-03-20 10:06:37 - [TEST_STEP][PASSED] - sendKeys(findTestObject("ADMIN/Edit Text/Bespoke/Buyer Pages/Checkout Delivery Details/input_ADD NEW_btn_add"), "*"): Keys '*' sent to object: 'Object Repository/ADMIN/Edit Text/Bespoke/Buyer Pages/Checkout Delivery Details/input_ADD NEW_btn_add'

2020-03-20 10:06:37 - [MESSAGE][PASSED] - Keys '*' sent to object: 'Object Repository/ADMIN/Edit Text/Bespoke/Buyer Pages/Checkout Delivery Details/input_ADD NEW_btn_add'

2020-03-20 10:06:37 - [TEST_STEP][PASSED] - sendKeys(findTestObject("ADMIN/Edit Text/Bespoke/Buyer Pages/Checkout Delivery Details/input_SELECT ADDRESS_btn_select"), "*"): Keys '*' sent to object: 'Object Repository/ADMIN/Edit Text/Bespoke/Buyer Pages/Checkout Delivery Details/input_SELECT ADDRESS_btn_select'

2020-03-20 10:06:37 - [MESSAGE][PASSED] - Keys '*' sent to object: 'Object Repository/ADMIN/Edit Text/Bespoke/Buyer Pages/Checkout Delivery Details/input_SELECT ADDRESS_btn_select'

2020-03-20 10:06:37 - [TEST_STEP][PASSED] - sendKeys(findTestObject("ADMIN/Edit Text/Bespoke/Buyer Pages/Checkout Delivery Details/input_SELECTED_btn_selected"), "*"): Keys '*' sent to object: 'Object Repository/ADMIN/Edit Text/Bespoke/Buyer Pages/Checkout Delivery Details/input_SELECTED_btn_selected'

2020-03-20 10:06:37 - [MESSAGE][PASSED] - Keys '*' sent to object: 'Object Repository/ADMIN/Edit Text/Bespoke/Buyer Pages/Checkout Delivery Details/input_SELECTED_btn_selected'

2020-03-20 10:06:37 - [TEST_STEP][PASSED] - sendKeys(findTestObject("ADMIN/Edit Text/Bespoke/Buyer Pages/Checkout Delivery Details/input_ADDRESSEE FIRST NAME_addressee-first-name"), "*"): Keys '*' sent to object: 'Object Repository/ADMIN/Edit Text/Bespoke/Buyer Pages/Checkout Delivery Details/input_ADDRESSEE FIRST NAME_addressee-first-name'

2020-03-20 10:06:37 - [MESSAGE][PASSED] - Keys '*' sent to object: 'Object Repository/ADMIN/Edit Text/Bespoke/Buyer Pages/Checkout Delivery Details/input_ADDRESSEE FIRST NAME_addressee-first-name'

2020-03-20 10:06:37 - [TEST_STEP][PASSED] - sendKeys(findTestObject("ADMIN/Edit Text/Bespoke/Buyer Pages/Checkout Delivery Details/input_ADDRESSEE LAST NAME_addressee-last-name"), "*"): Keys '*' sent to object: 'Object Repository/ADMIN/Edit Text/Bespoke/Buyer Pages/Checkout Delivery Details/input_ADDRESSEE LAST NAME_addressee-last-name'

2020-03-20 10:06:37 - [MESSAGE][PASSED] - Keys '*' sent to object: 'Object Repository/ADMIN/Edit Text/Bespoke/Buyer Pages/Checkout Delivery Details/input_ADDRESSEE LAST NAME_addressee-last-name'

2020-03-20 10:06:37 - [TEST_STEP][PASSED] - sendKeys(findTestObject("ADMIN/Edit Text/Bespoke/Buyer Pages/Checkout Delivery Details/input_COUNTRY_delivery-country"), "*"): Keys '*' sent to object: 'Object Repository/ADMIN/Edit Text/Bespoke/Buyer Pages/Checkout Delivery Details/input_COUNTRY_delivery-country'

2020-03-20 10:06:37 - [MESSAGE][PASSED] - Keys '*' sent to object: 'Object Repository/ADMIN/Edit Text/Bespoke/Buyer Pages/Checkout Delivery Details/input_COUNTRY_delivery-country'

2020-03-20 10:06:37 - [TEST_STEP][PASSED] - sendKeys(findTestObject("ADMIN/Edit Text/Bespoke/Buyer Pages/Checkout Delivery Details/input_State_delivery-state"), "*"): Keys '*' sent to object: 'Object Repository/ADMIN/Edit Text/Bespoke/Buyer Pages/Checkout Delivery Details/input_State_delivery-state'

2020-03-20 10:06:38 - [MESSAGE][PASSED] - Keys '*' sent to object: 'Object Repository/ADMIN/Edit Text/Bespoke/Buyer Pages/Checkout Delivery Details/input_State_delivery-state'

2020-03-20 10:06:38 - [TEST_STEP][PASSED] - sendKeys(findTestObject("ADMIN/Edit Text/Bespoke/Buyer Pages/Checkout Delivery Details/input_CITY_delivery-city"), "*"): Keys '*' sent to object: 'Object Repository/ADMIN/Edit Text/Bespoke/Buyer Pages/Checkout Delivery Details/input_CITY_delivery-city'

2020-03-20 10:06:38 - [MESSAGE][PASSED] - Keys '*' sent to object: 'Object Repository/ADMIN/Edit Text/Bespoke/Buyer Pages/Checkout Delivery Details/input_CITY_delivery-city'

2020-03-20 10:06:38 - [TEST_STEP][PASSED] - sendKeys(findTestObject("ADMIN/Edit Text/Bespoke/Buyer Pages/Checkout Delivery Details/input_ADDRESS_delivery-address"), "*"): Keys '*' sent to object: 'Object Repository/ADMIN/Edit Text/Bespoke/Buyer Pages/Checkout Delivery Details/input_ADDRESS_delivery-address'

2020-03-20 10:06:38 - [MESSAGE][PASSED] - Keys '*' sent to object: 'Object Repository/ADMIN/Edit Text/Bespoke/Buyer Pages/Checkout Delivery Details/input_ADDRESS_delivery-address'

2020-03-20 10:06:38 - [TEST_STEP][PASSED] - sendKeys(findTestObject("ADMIN/Edit Text/Bespoke/Buyer Pages/Checkout Delivery Details/input_POSTAL CODE_delivery-postal-code"), "*"): Keys '*' sent to object: 'Object Repository/ADMIN/Edit Text/Bespoke/Buyer Pages/Checkout Delivery Details/input_POSTAL CODE_delivery-postal-code'

2020-03-20 10:06:38 - [MESSAGE][PASSED] - Keys '*' sent to object: 'Object Repository/ADMIN/Edit Text/Bespoke/Buyer Pages/Checkout Delivery Details/input_POSTAL CODE_delivery-postal-code'

2020-03-20 10:06:38 - [TEST_STEP][PASSED] - sendKeys(findTestObject("ADMIN/Edit Text/Bespoke/Buyer Pages/Checkout Delivery Details/input_SAVE_btn_save"), "*"): Keys '*' sent to object: 'Object Repository/ADMIN/Edit Text/Bespoke/Buyer Pages/Checkout Delivery Details/input_SAVE_btn_save'

2020-03-20 10:06:38 - [MESSAGE][PASSED] - Keys '*' sent to object: 'Object Repository/ADMIN/Edit Text/Bespoke/Buyer Pages/Checkout Delivery Details/input_SAVE_btn_save'

2020-03-20 10:06:38 - [TEST_STEP][PASSED] - sendKeys(findTestObject("ADMIN/Edit Text/Bespoke/Buyer Pages/Checkout Delivery Details/input_NEXT_btn_next"), "*"): Keys '*' sent to object: 'Object Repository/ADMIN/Edit Text/Bespoke/Buyer Pages/Checkout Delivery Details/input_NEXT_btn_next'

2020-03-20 10:06:38 - [MESSAGE][PASSED] - Keys '*' sent to object: 'Object Repository/ADMIN/Edit Text/Bespoke/Buyer Pages/Checkout Delivery Details/input_NEXT_btn_next'

2020-03-20 10:06:38 - [TEST_STEP][PASSED] - sendKeys(findTestObject("ADMIN/Edit Text/Bespoke/Buyer Pages/Checkout Delivery Details/input_REMOVE ITEM_popup-title"), "*"): Keys '*' sent to object: 'Object Repository/ADMIN/Edit Text/Bespoke/Buyer Pages/Checkout Delivery Details/input_REMOVE ITEM_popup-title'

2020-03-20 10:06:38 - [MESSAGE][PASSED] - Keys '*' sent to object: 'Object Repository/ADMIN/Edit Text/Bespoke/Buyer Pages/Checkout Delivery Details/input_REMOVE ITEM_popup-title'

2020-03-20 10:06:38 - [TEST_STEP][PASSED] - sendKeys(findTestObject("ADMIN/Edit Text/Bespoke/Buyer Pages/Checkout Delivery Details/textarea_You sure about removing this item from your list (Itll be gone forever)"), "*"): Keys '*' sent to object: 'Object Repository/ADMIN/Edit Text/Bespoke/Buyer Pages/Checkout Delivery Details/textarea_You sure about removing this item from your list (Itll be gone forever)'

2020-03-20 10:06:38 - [MESSAGE][PASSED] - Keys '*' sent to object: 'Object Repository/ADMIN/Edit Text/Bespoke/Buyer Pages/Checkout Delivery Details/textarea_You sure about removing this item from your list (Itll be gone forever)'

2020-03-20 10:06:38 - [TEST_STEP][PASSED] - sendKeys(findTestObject("ADMIN/Edit Text/Bespoke/Buyer Pages/Checkout Delivery Details/input_CANCEL_btn_cancel"), "*"): Keys '*' sent to object: 'Object Repository/ADMIN/Edit Text/Bespoke/Buyer Pages/Checkout Delivery Details/input_CANCEL_btn_cancel'

2020-03-20 10:06:39 - [MESSAGE][PASSED] - Keys '*' sent to object: 'Object Repository/ADMIN/Edit Text/Bespoke/Buyer Pages/Checkout Delivery Details/input_CANCEL_btn_cancel'

2020-03-20 10:06:39 - [TEST_STEP][PASSED] - sendKeys(findTestObject("ADMIN/Edit Text/Bespoke/Buyer Pages/Checkout Delivery Details/input_Okay_btn_okay"), "*"): Keys '*' sent to object: 'Object Repository/ADMIN/Edit Text/Bespoke/Buyer Pages/Checkout Delivery Details/input_Okay_btn_okay'

2020-03-20 10:06:39 - [MESSAGE][PASSED] - Keys '*' sent to object: 'Object Repository/ADMIN/Edit Text/Bespoke/Buyer Pages/Checkout Delivery Details/input_Okay_btn_okay'

2020-03-20 10:06:39 - [TEST_STEP][PASSED] - click(findTestObject("ADMIN/Edit Text/Bespoke/Buyer Pages/Homepage/button_save"), CONTINUE_ON_FAILURE): Object: 'Object Repository/ADMIN/Edit Text/Bespoke/Buyer Pages/Homepage/button_save' is clicked on

2020-03-20 10:06:39 - [MESSAGE][PASSED] - Object: 'Object Repository/ADMIN/Edit Text/Bespoke/Buyer Pages/Homepage/button_save' is clicked on

2020-03-20 10:06:39 - [TEST_STEP][PASSED] - waitForElementVisible(findTestObject("ADMIN/Edit Text/Bespoke/Buyer Pages/Homepage/toaster_success"), 0): Object 'Object Repository/ADMIN/Edit Text/Bespoke/Buyer Pages/Homepage/toaster_success' is visible

2020-03-20 10:06:39 - [MESSAGE][WARNING] - Timeout '0' is invalid. Using default page load timeout: '30'

2020-03-20 10:06:40 - [MESSAGE][PASSED] - Object 'Object Repository/ADMIN/Edit Text/Bespoke/Buyer Pages/Homepage/toaster_success' is visible]]></system-out>
         <system-err><![CDATA[]]></system-err>
      </testcase>
      <testcase name="Test Cases/ADMIN/Language/Edit Text/Bespoke/Buyer Pages/Checkout Delivery" time="5.863" classname="Test Cases/ADMIN/Language/Edit Text/Bespoke/Buyer Pages/Checkout Delivery" status="PASSED">
         <system-out><![CDATA[2020-03-20 10:06:40 - [TEST_CASE][PASSED] - Test Cases/ADMIN/Language/Edit Text/Bespoke/Buyer Pages/Checkout Delivery: Test Cases/ADMIN/Language/Edit Text/Bespoke/Buyer Pages/Checkout Delivery

2020-03-20 10:06:40 - [TEST_STEP][PASSED] - waitForElementVisible(findTestObject("ADMIN/Edit Text/Bespoke/Buyer Navigation/dd_language"), 0): Object 'Object Repository/ADMIN/Edit Text/Bespoke/Buyer Navigation/dd_language' is visible

2020-03-20 10:06:40 - [MESSAGE][WARNING] - Timeout '0' is invalid. Using default page load timeout: '30'

2020-03-20 10:06:40 - [MESSAGE][PASSED] - Object 'Object Repository/ADMIN/Edit Text/Bespoke/Buyer Navigation/dd_language' is visible

2020-03-20 10:06:40 - [TEST_STEP][PASSED] - selectOptionByLabel(findTestObject("ADMIN/Edit Text/Bespoke/Buyer Navigation/dd_language"), varLanguage, false): All options with label 'Indonesian' are selected in object 'Object Repository/ADMIN/Edit Text/Bespoke/Buyer Navigation/dd_language' 

2020-03-20 10:06:41 - [MESSAGE][PASSED] - All options with label 'Indonesian' are selected in object 'Object Repository/ADMIN/Edit Text/Bespoke/Buyer Navigation/dd_language' 

2020-03-20 10:06:41 - [TEST_STEP][PASSED] - sendKeys(findTestObject("ADMIN/Edit Text/Bespoke/Buyer Pages/Checkout Delivery Details/input_DELIVERY_tab-title"), "*"): Keys '*' sent to object: 'Object Repository/ADMIN/Edit Text/Bespoke/Buyer Pages/Checkout Delivery Details/input_DELIVERY_tab-title'

2020-03-20 10:06:42 - [MESSAGE][PASSED] - Keys '*' sent to object: 'Object Repository/ADMIN/Edit Text/Bespoke/Buyer Pages/Checkout Delivery Details/input_DELIVERY_tab-title'

2020-03-20 10:06:42 - [TEST_STEP][PASSED] - sendKeys(findTestObject("ADMIN/Edit Text/Bespoke/Buyer Pages/Checkout Delivery Details/input_REVIEW_tab-title"), "*"): Keys '*' sent to object: 'Object Repository/ADMIN/Edit Text/Bespoke/Buyer Pages/Checkout Delivery Details/input_REVIEW_tab-title'

2020-03-20 10:06:42 - [MESSAGE][PASSED] - Keys '*' sent to object: 'Object Repository/ADMIN/Edit Text/Bespoke/Buyer Pages/Checkout Delivery Details/input_REVIEW_tab-title'

2020-03-20 10:06:42 - [TEST_STEP][PASSED] - sendKeys(findTestObject("ADMIN/Edit Text/Bespoke/Buyer Pages/Checkout Delivery Details/input_PAY_tab-title"), "*"): Keys '*' sent to object: 'Object Repository/ADMIN/Edit Text/Bespoke/Buyer Pages/Checkout Delivery Details/input_PAY_tab-title'

2020-03-20 10:06:42 - [MESSAGE][PASSED] - Keys '*' sent to object: 'Object Repository/ADMIN/Edit Text/Bespoke/Buyer Pages/Checkout Delivery Details/input_PAY_tab-title'

2020-03-20 10:06:42 - [TEST_STEP][PASSED] - sendKeys(findTestObject("ADMIN/Edit Text/Bespoke/Buyer Pages/Checkout Delivery Details/input_Already registered with us_guest-info-txt"), "*"): Keys '*' sent to object: 'Object Repository/ADMIN/Edit Text/Bespoke/Buyer Pages/Checkout Delivery Details/input_Already registered with us_guest-info-txt'

2020-03-20 10:06:42 - [MESSAGE][PASSED] - Keys '*' sent to object: 'Object Repository/ADMIN/Edit Text/Bespoke/Buyer Pages/Checkout Delivery Details/input_Already registered with us_guest-info-txt'

2020-03-20 10:06:42 - [TEST_STEP][PASSED] - sendKeys(findTestObject("ADMIN/Edit Text/Bespoke/Buyer Pages/Checkout Delivery Details/input_SIGN IN NOW_btn_next"), "*"): Keys '*' sent to object: 'Object Repository/ADMIN/Edit Text/Bespoke/Buyer Pages/Checkout Delivery Details/input_SIGN IN NOW_btn_next'

2020-03-20 10:06:42 - [MESSAGE][PASSED] - Keys '*' sent to object: 'Object Repository/ADMIN/Edit Text/Bespoke/Buyer Pages/Checkout Delivery Details/input_SIGN IN NOW_btn_next'

2020-03-20 10:06:42 - [TEST_STEP][PASSED] - sendKeys(findTestObject("ADMIN/Edit Text/Bespoke/Buyer Pages/Checkout Delivery Details/input_FIRST NAME_first-name"), "*"): Keys '*' sent to object: 'Object Repository/ADMIN/Edit Text/Bespoke/Buyer Pages/Checkout Delivery Details/input_FIRST NAME_first-name'

2020-03-20 10:06:42 - [MESSAGE][PASSED] - Keys '*' sent to object: 'Object Repository/ADMIN/Edit Text/Bespoke/Buyer Pages/Checkout Delivery Details/input_FIRST NAME_first-name'

2020-03-20 10:06:42 - [TEST_STEP][PASSED] - sendKeys(findTestObject("ADMIN/Edit Text/Bespoke/Buyer Pages/Checkout Delivery Details/input_LAST NAME_last-name"), "*"): Keys '*' sent to object: 'Object Repository/ADMIN/Edit Text/Bespoke/Buyer Pages/Checkout Delivery Details/input_LAST NAME_last-name'

2020-03-20 10:06:42 - [MESSAGE][PASSED] - Keys '*' sent to object: 'Object Repository/ADMIN/Edit Text/Bespoke/Buyer Pages/Checkout Delivery Details/input_LAST NAME_last-name'

2020-03-20 10:06:42 - [TEST_STEP][PASSED] - sendKeys(findTestObject("ADMIN/Edit Text/Bespoke/Buyer Pages/Checkout Delivery Details/input_NOTIFICATION EMAIL_notification-email"), "*"): Keys '*' sent to object: 'Object Repository/ADMIN/Edit Text/Bespoke/Buyer Pages/Checkout Delivery Details/input_NOTIFICATION EMAIL_notification-email'

2020-03-20 10:06:43 - [MESSAGE][PASSED] - Keys '*' sent to object: 'Object Repository/ADMIN/Edit Text/Bespoke/Buyer Pages/Checkout Delivery Details/input_NOTIFICATION EMAIL_notification-email'

2020-03-20 10:06:43 - [TEST_STEP][PASSED] - sendKeys(findTestObject("ADMIN/Edit Text/Bespoke/Buyer Pages/Checkout Delivery Details/input_CONTACT NUMBER_contact-number"), "*"): Keys '*' sent to object: 'Object Repository/ADMIN/Edit Text/Bespoke/Buyer Pages/Checkout Delivery Details/input_CONTACT NUMBER_contact-number'

2020-03-20 10:06:43 - [MESSAGE][PASSED] - Keys '*' sent to object: 'Object Repository/ADMIN/Edit Text/Bespoke/Buyer Pages/Checkout Delivery Details/input_CONTACT NUMBER_contact-number'

2020-03-20 10:06:43 - [TEST_STEP][PASSED] - sendKeys(findTestObject("ADMIN/Edit Text/Bespoke/Buyer Pages/Checkout Delivery Details/input_ADD NEW_btn_add"), "*"): Keys '*' sent to object: 'Object Repository/ADMIN/Edit Text/Bespoke/Buyer Pages/Checkout Delivery Details/input_ADD NEW_btn_add'

2020-03-20 10:06:43 - [MESSAGE][PASSED] - Keys '*' sent to object: 'Object Repository/ADMIN/Edit Text/Bespoke/Buyer Pages/Checkout Delivery Details/input_ADD NEW_btn_add'

2020-03-20 10:06:43 - [TEST_STEP][PASSED] - sendKeys(findTestObject("ADMIN/Edit Text/Bespoke/Buyer Pages/Checkout Delivery Details/input_SELECT ADDRESS_btn_select"), "*"): Keys '*' sent to object: 'Object Repository/ADMIN/Edit Text/Bespoke/Buyer Pages/Checkout Delivery Details/input_SELECT ADDRESS_btn_select'

2020-03-20 10:06:43 - [MESSAGE][PASSED] - Keys '*' sent to object: 'Object Repository/ADMIN/Edit Text/Bespoke/Buyer Pages/Checkout Delivery Details/input_SELECT ADDRESS_btn_select'

2020-03-20 10:06:43 - [TEST_STEP][PASSED] - sendKeys(findTestObject("ADMIN/Edit Text/Bespoke/Buyer Pages/Checkout Delivery Details/input_SELECTED_btn_selected"), "*"): Keys '*' sent to object: 'Object Repository/ADMIN/Edit Text/Bespoke/Buyer Pages/Checkout Delivery Details/input_SELECTED_btn_selected'

2020-03-20 10:06:43 - [MESSAGE][PASSED] - Keys '*' sent to object: 'Object Repository/ADMIN/Edit Text/Bespoke/Buyer Pages/Checkout Delivery Details/input_SELECTED_btn_selected'

2020-03-20 10:06:43 - [TEST_STEP][PASSED] - sendKeys(findTestObject("ADMIN/Edit Text/Bespoke/Buyer Pages/Checkout Delivery Details/input_ADDRESSEE FIRST NAME_addressee-first-name"), "*"): Keys '*' sent to object: 'Object Repository/ADMIN/Edit Text/Bespoke/Buyer Pages/Checkout Delivery Details/input_ADDRESSEE FIRST NAME_addressee-first-name'

2020-03-20 10:06:43 - [MESSAGE][PASSED] - Keys '*' sent to object: 'Object Repository/ADMIN/Edit Text/Bespoke/Buyer Pages/Checkout Delivery Details/input_ADDRESSEE FIRST NAME_addressee-first-name'

2020-03-20 10:06:43 - [TEST_STEP][PASSED] - sendKeys(findTestObject("ADMIN/Edit Text/Bespoke/Buyer Pages/Checkout Delivery Details/input_ADDRESSEE LAST NAME_addressee-last-name"), "*"): Keys '*' sent to object: 'Object Repository/ADMIN/Edit Text/Bespoke/Buyer Pages/Checkout Delivery Details/input_ADDRESSEE LAST NAME_addressee-last-name'

2020-03-20 10:06:43 - [MESSAGE][PASSED] - Keys '*' sent to object: 'Object Repository/ADMIN/Edit Text/Bespoke/Buyer Pages/Checkout Delivery Details/input_ADDRESSEE LAST NAME_addressee-last-name'

2020-03-20 10:06:43 - [TEST_STEP][PASSED] - sendKeys(findTestObject("ADMIN/Edit Text/Bespoke/Buyer Pages/Checkout Delivery Details/input_COUNTRY_delivery-country"), "*"): Keys '*' sent to object: 'Object Repository/ADMIN/Edit Text/Bespoke/Buyer Pages/Checkout Delivery Details/input_COUNTRY_delivery-country'

2020-03-20 10:06:43 - [MESSAGE][PASSED] - Keys '*' sent to object: 'Object Repository/ADMIN/Edit Text/Bespoke/Buyer Pages/Checkout Delivery Details/input_COUNTRY_delivery-country'

2020-03-20 10:06:43 - [TEST_STEP][PASSED] - sendKeys(findTestObject("ADMIN/Edit Text/Bespoke/Buyer Pages/Checkout Delivery Details/input_State_delivery-state"), "*"): Keys '*' sent to object: 'Object Repository/ADMIN/Edit Text/Bespoke/Buyer Pages/Checkout Delivery Details/input_State_delivery-state'

2020-03-20 10:06:43 - [MESSAGE][PASSED] - Keys '*' sent to object: 'Object Repository/ADMIN/Edit Text/Bespoke/Buyer Pages/Checkout Delivery Details/input_State_delivery-state'

2020-03-20 10:06:43 - [TEST_STEP][PASSED] - sendKeys(findTestObject("ADMIN/Edit Text/Bespoke/Buyer Pages/Checkout Delivery Details/input_CITY_delivery-city"), "*"): Keys '*' sent to object: 'Object Repository/ADMIN/Edit Text/Bespoke/Buyer Pages/Checkout Delivery Details/input_CITY_delivery-city'

2020-03-20 10:06:44 - [MESSAGE][PASSED] - Keys '*' sent to object: 'Object Repository/ADMIN/Edit Text/Bespoke/Buyer Pages/Checkout Delivery Details/input_CITY_delivery-city'

2020-03-20 10:06:44 - [TEST_STEP][PASSED] - sendKeys(findTestObject("ADMIN/Edit Text/Bespoke/Buyer Pages/Checkout Delivery Details/input_ADDRESS_delivery-address"), "*"): Keys '*' sent to object: 'Object Repository/ADMIN/Edit Text/Bespoke/Buyer Pages/Checkout Delivery Details/input_ADDRESS_delivery-address'

2020-03-20 10:06:44 - [MESSAGE][PASSED] - Keys '*' sent to object: 'Object Repository/ADMIN/Edit Text/Bespoke/Buyer Pages/Checkout Delivery Details/input_ADDRESS_delivery-address'

2020-03-20 10:06:44 - [TEST_STEP][PASSED] - sendKeys(findTestObject("ADMIN/Edit Text/Bespoke/Buyer Pages/Checkout Delivery Details/input_POSTAL CODE_delivery-postal-code"), "*"): Keys '*' sent to object: 'Object Repository/ADMIN/Edit Text/Bespoke/Buyer Pages/Checkout Delivery Details/input_POSTAL CODE_delivery-postal-code'

2020-03-20 10:06:44 - [MESSAGE][PASSED] - Keys '*' sent to object: 'Object Repository/ADMIN/Edit Text/Bespoke/Buyer Pages/Checkout Delivery Details/input_POSTAL CODE_delivery-postal-code'

2020-03-20 10:06:44 - [TEST_STEP][PASSED] - sendKeys(findTestObject("ADMIN/Edit Text/Bespoke/Buyer Pages/Checkout Delivery Details/input_SAVE_btn_save"), "*"): Keys '*' sent to object: 'Object Repository/ADMIN/Edit Text/Bespoke/Buyer Pages/Checkout Delivery Details/input_SAVE_btn_save'

2020-03-20 10:06:44 - [MESSAGE][PASSED] - Keys '*' sent to object: 'Object Repository/ADMIN/Edit Text/Bespoke/Buyer Pages/Checkout Delivery Details/input_SAVE_btn_save'

2020-03-20 10:06:44 - [TEST_STEP][PASSED] - sendKeys(findTestObject("ADMIN/Edit Text/Bespoke/Buyer Pages/Checkout Delivery Details/input_NEXT_btn_next"), "*"): Keys '*' sent to object: 'Object Repository/ADMIN/Edit Text/Bespoke/Buyer Pages/Checkout Delivery Details/input_NEXT_btn_next'

2020-03-20 10:06:44 - [MESSAGE][PASSED] - Keys '*' sent to object: 'Object Repository/ADMIN/Edit Text/Bespoke/Buyer Pages/Checkout Delivery Details/input_NEXT_btn_next'

2020-03-20 10:06:44 - [TEST_STEP][PASSED] - sendKeys(findTestObject("ADMIN/Edit Text/Bespoke/Buyer Pages/Checkout Delivery Details/input_REMOVE ITEM_popup-title"), "*"): Keys '*' sent to object: 'Object Repository/ADMIN/Edit Text/Bespoke/Buyer Pages/Checkout Delivery Details/input_REMOVE ITEM_popup-title'

2020-03-20 10:06:44 - [MESSAGE][PASSED] - Keys '*' sent to object: 'Object Repository/ADMIN/Edit Text/Bespoke/Buyer Pages/Checkout Delivery Details/input_REMOVE ITEM_popup-title'

2020-03-20 10:06:44 - [TEST_STEP][PASSED] - sendKeys(findTestObject("ADMIN/Edit Text/Bespoke/Buyer Pages/Checkout Delivery Details/textarea_You sure about removing this item from your list (Itll be gone forever)"), "*"): Keys '*' sent to object: 'Object Repository/ADMIN/Edit Text/Bespoke/Buyer Pages/Checkout Delivery Details/textarea_You sure about removing this item from your list (Itll be gone forever)'

2020-03-20 10:06:44 - [MESSAGE][PASSED] - Keys '*' sent to object: 'Object Repository/ADMIN/Edit Text/Bespoke/Buyer Pages/Checkout Delivery Details/textarea_You sure about removing this item from your list (Itll be gone forever)'

2020-03-20 10:06:44 - [TEST_STEP][PASSED] - sendKeys(findTestObject("ADMIN/Edit Text/Bespoke/Buyer Pages/Checkout Delivery Details/input_CANCEL_btn_cancel"), "*"): Keys '*' sent to object: 'Object Repository/ADMIN/Edit Text/Bespoke/Buyer Pages/Checkout Delivery Details/input_CANCEL_btn_cancel'

2020-03-20 10:06:45 - [MESSAGE][PASSED] - Keys '*' sent to object: 'Object Repository/ADMIN/Edit Text/Bespoke/Buyer Pages/Checkout Delivery Details/input_CANCEL_btn_cancel'

2020-03-20 10:06:45 - [TEST_STEP][PASSED] - sendKeys(findTestObject("ADMIN/Edit Text/Bespoke/Buyer Pages/Checkout Delivery Details/input_Okay_btn_okay"), "*"): Keys '*' sent to object: 'Object Repository/ADMIN/Edit Text/Bespoke/Buyer Pages/Checkout Delivery Details/input_Okay_btn_okay'

2020-03-20 10:06:45 - [MESSAGE][PASSED] - Keys '*' sent to object: 'Object Repository/ADMIN/Edit Text/Bespoke/Buyer Pages/Checkout Delivery Details/input_Okay_btn_okay'

2020-03-20 10:06:45 - [TEST_STEP][PASSED] - click(findTestObject("ADMIN/Edit Text/Bespoke/Buyer Pages/Homepage/button_save"), CONTINUE_ON_FAILURE): Object: 'Object Repository/ADMIN/Edit Text/Bespoke/Buyer Pages/Homepage/button_save' is clicked on

2020-03-20 10:06:45 - [MESSAGE][PASSED] - Object: 'Object Repository/ADMIN/Edit Text/Bespoke/Buyer Pages/Homepage/button_save' is clicked on

2020-03-20 10:06:45 - [TEST_STEP][PASSED] - waitForElementVisible(findTestObject("ADMIN/Edit Text/Bespoke/Buyer Pages/Homepage/toaster_success"), 0): Object 'Object Repository/ADMIN/Edit Text/Bespoke/Buyer Pages/Homepage/toaster_success' is visible

2020-03-20 10:06:45 - [MESSAGE][WARNING] - Timeout '0' is invalid. Using default page load timeout: '30'

2020-03-20 10:06:45 - [MESSAGE][PASSED] - Object 'Object Repository/ADMIN/Edit Text/Bespoke/Buyer Pages/Homepage/toaster_success' is visible]]></system-out>
         <system-err><![CDATA[]]></system-err>
      </testcase>
      <testcase name="Test Cases/ADMIN/Language/Edit Text/Bespoke/Buyer Pages/Checkout Delivery" time="7.072" classname="Test Cases/ADMIN/Language/Edit Text/Bespoke/Buyer Pages/Checkout Delivery" status="PASSED">
         <system-out><![CDATA[2020-03-20 10:06:45 - [TEST_CASE][PASSED] - Test Cases/ADMIN/Language/Edit Text/Bespoke/Buyer Pages/Checkout Delivery: Test Cases/ADMIN/Language/Edit Text/Bespoke/Buyer Pages/Checkout Delivery

2020-03-20 10:06:45 - [TEST_STEP][PASSED] - waitForElementVisible(findTestObject("ADMIN/Edit Text/Bespoke/Buyer Navigation/dd_language"), 0): Object 'Object Repository/ADMIN/Edit Text/Bespoke/Buyer Navigation/dd_language' is visible

2020-03-20 10:06:45 - [MESSAGE][WARNING] - Timeout '0' is invalid. Using default page load timeout: '30'

2020-03-20 10:06:46 - [MESSAGE][PASSED] - Object 'Object Repository/ADMIN/Edit Text/Bespoke/Buyer Navigation/dd_language' is visible

2020-03-20 10:06:46 - [TEST_STEP][PASSED] - selectOptionByLabel(findTestObject("ADMIN/Edit Text/Bespoke/Buyer Navigation/dd_language"), varLanguage, false): All options with label 'Russian' are selected in object 'Object Repository/ADMIN/Edit Text/Bespoke/Buyer Navigation/dd_language' 

2020-03-20 10:06:48 - [MESSAGE][PASSED] - All options with label 'Russian' are selected in object 'Object Repository/ADMIN/Edit Text/Bespoke/Buyer Navigation/dd_language' 

2020-03-20 10:06:48 - [TEST_STEP][PASSED] - sendKeys(findTestObject("ADMIN/Edit Text/Bespoke/Buyer Pages/Checkout Delivery Details/input_DELIVERY_tab-title"), "*"): Keys '*' sent to object: 'Object Repository/ADMIN/Edit Text/Bespoke/Buyer Pages/Checkout Delivery Details/input_DELIVERY_tab-title'

2020-03-20 10:06:48 - [MESSAGE][PASSED] - Keys '*' sent to object: 'Object Repository/ADMIN/Edit Text/Bespoke/Buyer Pages/Checkout Delivery Details/input_DELIVERY_tab-title'

2020-03-20 10:06:48 - [TEST_STEP][PASSED] - sendKeys(findTestObject("ADMIN/Edit Text/Bespoke/Buyer Pages/Checkout Delivery Details/input_REVIEW_tab-title"), "*"): Keys '*' sent to object: 'Object Repository/ADMIN/Edit Text/Bespoke/Buyer Pages/Checkout Delivery Details/input_REVIEW_tab-title'

2020-03-20 10:06:49 - [MESSAGE][PASSED] - Keys '*' sent to object: 'Object Repository/ADMIN/Edit Text/Bespoke/Buyer Pages/Checkout Delivery Details/input_REVIEW_tab-title'

2020-03-20 10:06:49 - [TEST_STEP][PASSED] - sendKeys(findTestObject("ADMIN/Edit Text/Bespoke/Buyer Pages/Checkout Delivery Details/input_PAY_tab-title"), "*"): Keys '*' sent to object: 'Object Repository/ADMIN/Edit Text/Bespoke/Buyer Pages/Checkout Delivery Details/input_PAY_tab-title'

2020-03-20 10:06:49 - [MESSAGE][PASSED] - Keys '*' sent to object: 'Object Repository/ADMIN/Edit Text/Bespoke/Buyer Pages/Checkout Delivery Details/input_PAY_tab-title'

2020-03-20 10:06:49 - [TEST_STEP][PASSED] - sendKeys(findTestObject("ADMIN/Edit Text/Bespoke/Buyer Pages/Checkout Delivery Details/input_Already registered with us_guest-info-txt"), "*"): Keys '*' sent to object: 'Object Repository/ADMIN/Edit Text/Bespoke/Buyer Pages/Checkout Delivery Details/input_Already registered with us_guest-info-txt'

2020-03-20 10:06:49 - [MESSAGE][PASSED] - Keys '*' sent to object: 'Object Repository/ADMIN/Edit Text/Bespoke/Buyer Pages/Checkout Delivery Details/input_Already registered with us_guest-info-txt'

2020-03-20 10:06:49 - [TEST_STEP][PASSED] - sendKeys(findTestObject("ADMIN/Edit Text/Bespoke/Buyer Pages/Checkout Delivery Details/input_SIGN IN NOW_btn_next"), "*"): Keys '*' sent to object: 'Object Repository/ADMIN/Edit Text/Bespoke/Buyer Pages/Checkout Delivery Details/input_SIGN IN NOW_btn_next'

2020-03-20 10:06:49 - [MESSAGE][PASSED] - Keys '*' sent to object: 'Object Repository/ADMIN/Edit Text/Bespoke/Buyer Pages/Checkout Delivery Details/input_SIGN IN NOW_btn_next'

2020-03-20 10:06:49 - [TEST_STEP][PASSED] - sendKeys(findTestObject("ADMIN/Edit Text/Bespoke/Buyer Pages/Checkout Delivery Details/input_FIRST NAME_first-name"), "*"): Keys '*' sent to object: 'Object Repository/ADMIN/Edit Text/Bespoke/Buyer Pages/Checkout Delivery Details/input_FIRST NAME_first-name'

2020-03-20 10:06:49 - [MESSAGE][PASSED] - Keys '*' sent to object: 'Object Repository/ADMIN/Edit Text/Bespoke/Buyer Pages/Checkout Delivery Details/input_FIRST NAME_first-name'

2020-03-20 10:06:49 - [TEST_STEP][PASSED] - sendKeys(findTestObject("ADMIN/Edit Text/Bespoke/Buyer Pages/Checkout Delivery Details/input_LAST NAME_last-name"), "*"): Keys '*' sent to object: 'Object Repository/ADMIN/Edit Text/Bespoke/Buyer Pages/Checkout Delivery Details/input_LAST NAME_last-name'

2020-03-20 10:06:49 - [MESSAGE][PASSED] - Keys '*' sent to object: 'Object Repository/ADMIN/Edit Text/Bespoke/Buyer Pages/Checkout Delivery Details/input_LAST NAME_last-name'

2020-03-20 10:06:49 - [TEST_STEP][PASSED] - sendKeys(findTestObject("ADMIN/Edit Text/Bespoke/Buyer Pages/Checkout Delivery Details/input_NOTIFICATION EMAIL_notification-email"), "*"): Keys '*' sent to object: 'Object Repository/ADMIN/Edit Text/Bespoke/Buyer Pages/Checkout Delivery Details/input_NOTIFICATION EMAIL_notification-email'

2020-03-20 10:06:49 - [MESSAGE][PASSED] - Keys '*' sent to object: 'Object Repository/ADMIN/Edit Text/Bespoke/Buyer Pages/Checkout Delivery Details/input_NOTIFICATION EMAIL_notification-email'

2020-03-20 10:06:49 - [TEST_STEP][PASSED] - sendKeys(findTestObject("ADMIN/Edit Text/Bespoke/Buyer Pages/Checkout Delivery Details/input_CONTACT NUMBER_contact-number"), "*"): Keys '*' sent to object: 'Object Repository/ADMIN/Edit Text/Bespoke/Buyer Pages/Checkout Delivery Details/input_CONTACT NUMBER_contact-number'

2020-03-20 10:06:49 - [MESSAGE][PASSED] - Keys '*' sent to object: 'Object Repository/ADMIN/Edit Text/Bespoke/Buyer Pages/Checkout Delivery Details/input_CONTACT NUMBER_contact-number'

2020-03-20 10:06:49 - [TEST_STEP][PASSED] - sendKeys(findTestObject("ADMIN/Edit Text/Bespoke/Buyer Pages/Checkout Delivery Details/input_ADD NEW_btn_add"), "*"): Keys '*' sent to object: 'Object Repository/ADMIN/Edit Text/Bespoke/Buyer Pages/Checkout Delivery Details/input_ADD NEW_btn_add'

2020-03-20 10:06:50 - [MESSAGE][PASSED] - Keys '*' sent to object: 'Object Repository/ADMIN/Edit Text/Bespoke/Buyer Pages/Checkout Delivery Details/input_ADD NEW_btn_add'

2020-03-20 10:06:50 - [TEST_STEP][PASSED] - sendKeys(findTestObject("ADMIN/Edit Text/Bespoke/Buyer Pages/Checkout Delivery Details/input_SELECT ADDRESS_btn_select"), "*"): Keys '*' sent to object: 'Object Repository/ADMIN/Edit Text/Bespoke/Buyer Pages/Checkout Delivery Details/input_SELECT ADDRESS_btn_select'

2020-03-20 10:06:50 - [MESSAGE][PASSED] - Keys '*' sent to object: 'Object Repository/ADMIN/Edit Text/Bespoke/Buyer Pages/Checkout Delivery Details/input_SELECT ADDRESS_btn_select'

2020-03-20 10:06:50 - [TEST_STEP][PASSED] - sendKeys(findTestObject("ADMIN/Edit Text/Bespoke/Buyer Pages/Checkout Delivery Details/input_SELECTED_btn_selected"), "*"): Keys '*' sent to object: 'Object Repository/ADMIN/Edit Text/Bespoke/Buyer Pages/Checkout Delivery Details/input_SELECTED_btn_selected'

2020-03-20 10:06:50 - [MESSAGE][PASSED] - Keys '*' sent to object: 'Object Repository/ADMIN/Edit Text/Bespoke/Buyer Pages/Checkout Delivery Details/input_SELECTED_btn_selected'

2020-03-20 10:06:50 - [TEST_STEP][PASSED] - sendKeys(findTestObject("ADMIN/Edit Text/Bespoke/Buyer Pages/Checkout Delivery Details/input_ADDRESSEE FIRST NAME_addressee-first-name"), "*"): Keys '*' sent to object: 'Object Repository/ADMIN/Edit Text/Bespoke/Buyer Pages/Checkout Delivery Details/input_ADDRESSEE FIRST NAME_addressee-first-name'

2020-03-20 10:06:50 - [MESSAGE][PASSED] - Keys '*' sent to object: 'Object Repository/ADMIN/Edit Text/Bespoke/Buyer Pages/Checkout Delivery Details/input_ADDRESSEE FIRST NAME_addressee-first-name'

2020-03-20 10:06:50 - [TEST_STEP][PASSED] - sendKeys(findTestObject("ADMIN/Edit Text/Bespoke/Buyer Pages/Checkout Delivery Details/input_ADDRESSEE LAST NAME_addressee-last-name"), "*"): Keys '*' sent to object: 'Object Repository/ADMIN/Edit Text/Bespoke/Buyer Pages/Checkout Delivery Details/input_ADDRESSEE LAST NAME_addressee-last-name'

2020-03-20 10:06:50 - [MESSAGE][PASSED] - Keys '*' sent to object: 'Object Repository/ADMIN/Edit Text/Bespoke/Buyer Pages/Checkout Delivery Details/input_ADDRESSEE LAST NAME_addressee-last-name'

2020-03-20 10:06:50 - [TEST_STEP][PASSED] - sendKeys(findTestObject("ADMIN/Edit Text/Bespoke/Buyer Pages/Checkout Delivery Details/input_COUNTRY_delivery-country"), "*"): Keys '*' sent to object: 'Object Repository/ADMIN/Edit Text/Bespoke/Buyer Pages/Checkout Delivery Details/input_COUNTRY_delivery-country'

2020-03-20 10:06:50 - [MESSAGE][PASSED] - Keys '*' sent to object: 'Object Repository/ADMIN/Edit Text/Bespoke/Buyer Pages/Checkout Delivery Details/input_COUNTRY_delivery-country'

2020-03-20 10:06:50 - [TEST_STEP][PASSED] - sendKeys(findTestObject("ADMIN/Edit Text/Bespoke/Buyer Pages/Checkout Delivery Details/input_State_delivery-state"), "*"): Keys '*' sent to object: 'Object Repository/ADMIN/Edit Text/Bespoke/Buyer Pages/Checkout Delivery Details/input_State_delivery-state'

2020-03-20 10:06:50 - [MESSAGE][PASSED] - Keys '*' sent to object: 'Object Repository/ADMIN/Edit Text/Bespoke/Buyer Pages/Checkout Delivery Details/input_State_delivery-state'

2020-03-20 10:06:50 - [TEST_STEP][PASSED] - sendKeys(findTestObject("ADMIN/Edit Text/Bespoke/Buyer Pages/Checkout Delivery Details/input_CITY_delivery-city"), "*"): Keys '*' sent to object: 'Object Repository/ADMIN/Edit Text/Bespoke/Buyer Pages/Checkout Delivery Details/input_CITY_delivery-city'

2020-03-20 10:06:51 - [MESSAGE][PASSED] - Keys '*' sent to object: 'Object Repository/ADMIN/Edit Text/Bespoke/Buyer Pages/Checkout Delivery Details/input_CITY_delivery-city'

2020-03-20 10:06:51 - [TEST_STEP][PASSED] - sendKeys(findTestObject("ADMIN/Edit Text/Bespoke/Buyer Pages/Checkout Delivery Details/input_ADDRESS_delivery-address"), "*"): Keys '*' sent to object: 'Object Repository/ADMIN/Edit Text/Bespoke/Buyer Pages/Checkout Delivery Details/input_ADDRESS_delivery-address'

2020-03-20 10:06:51 - [MESSAGE][PASSED] - Keys '*' sent to object: 'Object Repository/ADMIN/Edit Text/Bespoke/Buyer Pages/Checkout Delivery Details/input_ADDRESS_delivery-address'

2020-03-20 10:06:51 - [TEST_STEP][PASSED] - sendKeys(findTestObject("ADMIN/Edit Text/Bespoke/Buyer Pages/Checkout Delivery Details/input_POSTAL CODE_delivery-postal-code"), "*"): Keys '*' sent to object: 'Object Repository/ADMIN/Edit Text/Bespoke/Buyer Pages/Checkout Delivery Details/input_POSTAL CODE_delivery-postal-code'

2020-03-20 10:06:51 - [MESSAGE][PASSED] - Keys '*' sent to object: 'Object Repository/ADMIN/Edit Text/Bespoke/Buyer Pages/Checkout Delivery Details/input_POSTAL CODE_delivery-postal-code'

2020-03-20 10:06:51 - [TEST_STEP][PASSED] - sendKeys(findTestObject("ADMIN/Edit Text/Bespoke/Buyer Pages/Checkout Delivery Details/input_SAVE_btn_save"), "*"): Keys '*' sent to object: 'Object Repository/ADMIN/Edit Text/Bespoke/Buyer Pages/Checkout Delivery Details/input_SAVE_btn_save'

2020-03-20 10:06:51 - [MESSAGE][PASSED] - Keys '*' sent to object: 'Object Repository/ADMIN/Edit Text/Bespoke/Buyer Pages/Checkout Delivery Details/input_SAVE_btn_save'

2020-03-20 10:06:51 - [TEST_STEP][PASSED] - sendKeys(findTestObject("ADMIN/Edit Text/Bespoke/Buyer Pages/Checkout Delivery Details/input_NEXT_btn_next"), "*"): Keys '*' sent to object: 'Object Repository/ADMIN/Edit Text/Bespoke/Buyer Pages/Checkout Delivery Details/input_NEXT_btn_next'

2020-03-20 10:06:51 - [MESSAGE][PASSED] - Keys '*' sent to object: 'Object Repository/ADMIN/Edit Text/Bespoke/Buyer Pages/Checkout Delivery Details/input_NEXT_btn_next'

2020-03-20 10:06:51 - [TEST_STEP][PASSED] - sendKeys(findTestObject("ADMIN/Edit Text/Bespoke/Buyer Pages/Checkout Delivery Details/input_REMOVE ITEM_popup-title"), "*"): Keys '*' sent to object: 'Object Repository/ADMIN/Edit Text/Bespoke/Buyer Pages/Checkout Delivery Details/input_REMOVE ITEM_popup-title'

2020-03-20 10:06:51 - [MESSAGE][PASSED] - Keys '*' sent to object: 'Object Repository/ADMIN/Edit Text/Bespoke/Buyer Pages/Checkout Delivery Details/input_REMOVE ITEM_popup-title'

2020-03-20 10:06:51 - [TEST_STEP][PASSED] - sendKeys(findTestObject("ADMIN/Edit Text/Bespoke/Buyer Pages/Checkout Delivery Details/textarea_You sure about removing this item from your list (Itll be gone forever)"), "*"): Keys '*' sent to object: 'Object Repository/ADMIN/Edit Text/Bespoke/Buyer Pages/Checkout Delivery Details/textarea_You sure about removing this item from your list (Itll be gone forever)'

2020-03-20 10:06:51 - [MESSAGE][PASSED] - Keys '*' sent to object: 'Object Repository/ADMIN/Edit Text/Bespoke/Buyer Pages/Checkout Delivery Details/textarea_You sure about removing this item from your list (Itll be gone forever)'

2020-03-20 10:06:51 - [TEST_STEP][PASSED] - sendKeys(findTestObject("ADMIN/Edit Text/Bespoke/Buyer Pages/Checkout Delivery Details/input_CANCEL_btn_cancel"), "*"): Keys '*' sent to object: 'Object Repository/ADMIN/Edit Text/Bespoke/Buyer Pages/Checkout Delivery Details/input_CANCEL_btn_cancel'

2020-03-20 10:06:52 - [MESSAGE][PASSED] - Keys '*' sent to object: 'Object Repository/ADMIN/Edit Text/Bespoke/Buyer Pages/Checkout Delivery Details/input_CANCEL_btn_cancel'

2020-03-20 10:06:52 - [TEST_STEP][PASSED] - sendKeys(findTestObject("ADMIN/Edit Text/Bespoke/Buyer Pages/Checkout Delivery Details/input_Okay_btn_okay"), "*"): Keys '*' sent to object: 'Object Repository/ADMIN/Edit Text/Bespoke/Buyer Pages/Checkout Delivery Details/input_Okay_btn_okay'

2020-03-20 10:06:52 - [MESSAGE][PASSED] - Keys '*' sent to object: 'Object Repository/ADMIN/Edit Text/Bespoke/Buyer Pages/Checkout Delivery Details/input_Okay_btn_okay'

2020-03-20 10:06:52 - [TEST_STEP][PASSED] - click(findTestObject("ADMIN/Edit Text/Bespoke/Buyer Pages/Homepage/button_save"), CONTINUE_ON_FAILURE): Object: 'Object Repository/ADMIN/Edit Text/Bespoke/Buyer Pages/Homepage/button_save' is clicked on

2020-03-20 10:06:52 - [MESSAGE][PASSED] - Object: 'Object Repository/ADMIN/Edit Text/Bespoke/Buyer Pages/Homepage/button_save' is clicked on

2020-03-20 10:06:52 - [TEST_STEP][PASSED] - waitForElementVisible(findTestObject("ADMIN/Edit Text/Bespoke/Buyer Pages/Homepage/toaster_success"), 0): Object 'Object Repository/ADMIN/Edit Text/Bespoke/Buyer Pages/Homepage/toaster_success' is visible

2020-03-20 10:06:52 - [MESSAGE][WARNING] - Timeout '0' is invalid. Using default page load timeout: '30'

2020-03-20 10:06:52 - [MESSAGE][PASSED] - Object 'Object Repository/ADMIN/Edit Text/Bespoke/Buyer Pages/Homepage/toaster_success' is visible]]></system-out>
         <system-err><![CDATA[]]></system-err>
      </testcase>
      <testcase name="Test Cases/ADMIN/Language/Edit Text/Bespoke/Buyer Pages/Checkout Delivery" time="6.494" classname="Test Cases/ADMIN/Language/Edit Text/Bespoke/Buyer Pages/Checkout Delivery" status="PASSED">
         <system-out><![CDATA[2020-03-20 10:06:52 - [TEST_CASE][PASSED] - Test Cases/ADMIN/Language/Edit Text/Bespoke/Buyer Pages/Checkout Delivery: Test Cases/ADMIN/Language/Edit Text/Bespoke/Buyer Pages/Checkout Delivery

2020-03-20 10:06:53 - [TEST_STEP][PASSED] - waitForElementVisible(findTestObject("ADMIN/Edit Text/Bespoke/Buyer Navigation/dd_language"), 0): Object 'Object Repository/ADMIN/Edit Text/Bespoke/Buyer Navigation/dd_language' is visible

2020-03-20 10:06:53 - [MESSAGE][WARNING] - Timeout '0' is invalid. Using default page load timeout: '30'

2020-03-20 10:06:53 - [MESSAGE][PASSED] - Object 'Object Repository/ADMIN/Edit Text/Bespoke/Buyer Navigation/dd_language' is visible

2020-03-20 10:06:53 - [TEST_STEP][PASSED] - selectOptionByLabel(findTestObject("ADMIN/Edit Text/Bespoke/Buyer Navigation/dd_language"), varLanguage, false): All options with label 'Italian' are selected in object 'Object Repository/ADMIN/Edit Text/Bespoke/Buyer Navigation/dd_language' 

2020-03-20 10:06:54 - [MESSAGE][PASSED] - All options with label 'Italian' are selected in object 'Object Repository/ADMIN/Edit Text/Bespoke/Buyer Navigation/dd_language' 

2020-03-20 10:06:54 - [TEST_STEP][PASSED] - sendKeys(findTestObject("ADMIN/Edit Text/Bespoke/Buyer Pages/Checkout Delivery Details/input_DELIVERY_tab-title"), "*"): Keys '*' sent to object: 'Object Repository/ADMIN/Edit Text/Bespoke/Buyer Pages/Checkout Delivery Details/input_DELIVERY_tab-title'

2020-03-20 10:06:55 - [MESSAGE][PASSED] - Keys '*' sent to object: 'Object Repository/ADMIN/Edit Text/Bespoke/Buyer Pages/Checkout Delivery Details/input_DELIVERY_tab-title'

2020-03-20 10:06:55 - [TEST_STEP][PASSED] - sendKeys(findTestObject("ADMIN/Edit Text/Bespoke/Buyer Pages/Checkout Delivery Details/input_REVIEW_tab-title"), "*"): Keys '*' sent to object: 'Object Repository/ADMIN/Edit Text/Bespoke/Buyer Pages/Checkout Delivery Details/input_REVIEW_tab-title'

2020-03-20 10:06:55 - [MESSAGE][PASSED] - Keys '*' sent to object: 'Object Repository/ADMIN/Edit Text/Bespoke/Buyer Pages/Checkout Delivery Details/input_REVIEW_tab-title'

2020-03-20 10:06:55 - [TEST_STEP][PASSED] - sendKeys(findTestObject("ADMIN/Edit Text/Bespoke/Buyer Pages/Checkout Delivery Details/input_PAY_tab-title"), "*"): Keys '*' sent to object: 'Object Repository/ADMIN/Edit Text/Bespoke/Buyer Pages/Checkout Delivery Details/input_PAY_tab-title'

2020-03-20 10:06:55 - [MESSAGE][PASSED] - Keys '*' sent to object: 'Object Repository/ADMIN/Edit Text/Bespoke/Buyer Pages/Checkout Delivery Details/input_PAY_tab-title'

2020-03-20 10:06:55 - [TEST_STEP][PASSED] - sendKeys(findTestObject("ADMIN/Edit Text/Bespoke/Buyer Pages/Checkout Delivery Details/input_Already registered with us_guest-info-txt"), "*"): Keys '*' sent to object: 'Object Repository/ADMIN/Edit Text/Bespoke/Buyer Pages/Checkout Delivery Details/input_Already registered with us_guest-info-txt'

2020-03-20 10:06:55 - [MESSAGE][PASSED] - Keys '*' sent to object: 'Object Repository/ADMIN/Edit Text/Bespoke/Buyer Pages/Checkout Delivery Details/input_Already registered with us_guest-info-txt'

2020-03-20 10:06:55 - [TEST_STEP][PASSED] - sendKeys(findTestObject("ADMIN/Edit Text/Bespoke/Buyer Pages/Checkout Delivery Details/input_SIGN IN NOW_btn_next"), "*"): Keys '*' sent to object: 'Object Repository/ADMIN/Edit Text/Bespoke/Buyer Pages/Checkout Delivery Details/input_SIGN IN NOW_btn_next'

2020-03-20 10:06:55 - [MESSAGE][PASSED] - Keys '*' sent to object: 'Object Repository/ADMIN/Edit Text/Bespoke/Buyer Pages/Checkout Delivery Details/input_SIGN IN NOW_btn_next'

2020-03-20 10:06:55 - [TEST_STEP][PASSED] - sendKeys(findTestObject("ADMIN/Edit Text/Bespoke/Buyer Pages/Checkout Delivery Details/input_FIRST NAME_first-name"), "*"): Keys '*' sent to object: 'Object Repository/ADMIN/Edit Text/Bespoke/Buyer Pages/Checkout Delivery Details/input_FIRST NAME_first-name'

2020-03-20 10:06:55 - [MESSAGE][PASSED] - Keys '*' sent to object: 'Object Repository/ADMIN/Edit Text/Bespoke/Buyer Pages/Checkout Delivery Details/input_FIRST NAME_first-name'

2020-03-20 10:06:55 - [TEST_STEP][PASSED] - sendKeys(findTestObject("ADMIN/Edit Text/Bespoke/Buyer Pages/Checkout Delivery Details/input_LAST NAME_last-name"), "*"): Keys '*' sent to object: 'Object Repository/ADMIN/Edit Text/Bespoke/Buyer Pages/Checkout Delivery Details/input_LAST NAME_last-name'

2020-03-20 10:06:56 - [MESSAGE][PASSED] - Keys '*' sent to object: 'Object Repository/ADMIN/Edit Text/Bespoke/Buyer Pages/Checkout Delivery Details/input_LAST NAME_last-name'

2020-03-20 10:06:56 - [TEST_STEP][PASSED] - sendKeys(findTestObject("ADMIN/Edit Text/Bespoke/Buyer Pages/Checkout Delivery Details/input_NOTIFICATION EMAIL_notification-email"), "*"): Keys '*' sent to object: 'Object Repository/ADMIN/Edit Text/Bespoke/Buyer Pages/Checkout Delivery Details/input_NOTIFICATION EMAIL_notification-email'

2020-03-20 10:06:56 - [MESSAGE][PASSED] - Keys '*' sent to object: 'Object Repository/ADMIN/Edit Text/Bespoke/Buyer Pages/Checkout Delivery Details/input_NOTIFICATION EMAIL_notification-email'

2020-03-20 10:06:56 - [TEST_STEP][PASSED] - sendKeys(findTestObject("ADMIN/Edit Text/Bespoke/Buyer Pages/Checkout Delivery Details/input_CONTACT NUMBER_contact-number"), "*"): Keys '*' sent to object: 'Object Repository/ADMIN/Edit Text/Bespoke/Buyer Pages/Checkout Delivery Details/input_CONTACT NUMBER_contact-number'

2020-03-20 10:06:56 - [MESSAGE][PASSED] - Keys '*' sent to object: 'Object Repository/ADMIN/Edit Text/Bespoke/Buyer Pages/Checkout Delivery Details/input_CONTACT NUMBER_contact-number'

2020-03-20 10:06:56 - [TEST_STEP][PASSED] - sendKeys(findTestObject("ADMIN/Edit Text/Bespoke/Buyer Pages/Checkout Delivery Details/input_ADD NEW_btn_add"), "*"): Keys '*' sent to object: 'Object Repository/ADMIN/Edit Text/Bespoke/Buyer Pages/Checkout Delivery Details/input_ADD NEW_btn_add'

2020-03-20 10:06:56 - [MESSAGE][PASSED] - Keys '*' sent to object: 'Object Repository/ADMIN/Edit Text/Bespoke/Buyer Pages/Checkout Delivery Details/input_ADD NEW_btn_add'

2020-03-20 10:06:56 - [TEST_STEP][PASSED] - sendKeys(findTestObject("ADMIN/Edit Text/Bespoke/Buyer Pages/Checkout Delivery Details/input_SELECT ADDRESS_btn_select"), "*"): Keys '*' sent to object: 'Object Repository/ADMIN/Edit Text/Bespoke/Buyer Pages/Checkout Delivery Details/input_SELECT ADDRESS_btn_select'

2020-03-20 10:06:56 - [MESSAGE][PASSED] - Keys '*' sent to object: 'Object Repository/ADMIN/Edit Text/Bespoke/Buyer Pages/Checkout Delivery Details/input_SELECT ADDRESS_btn_select'

2020-03-20 10:06:56 - [TEST_STEP][PASSED] - sendKeys(findTestObject("ADMIN/Edit Text/Bespoke/Buyer Pages/Checkout Delivery Details/input_SELECTED_btn_selected"), "*"): Keys '*' sent to object: 'Object Repository/ADMIN/Edit Text/Bespoke/Buyer Pages/Checkout Delivery Details/input_SELECTED_btn_selected'

2020-03-20 10:06:56 - [MESSAGE][PASSED] - Keys '*' sent to object: 'Object Repository/ADMIN/Edit Text/Bespoke/Buyer Pages/Checkout Delivery Details/input_SELECTED_btn_selected'

2020-03-20 10:06:56 - [TEST_STEP][PASSED] - sendKeys(findTestObject("ADMIN/Edit Text/Bespoke/Buyer Pages/Checkout Delivery Details/input_ADDRESSEE FIRST NAME_addressee-first-name"), "*"): Keys '*' sent to object: 'Object Repository/ADMIN/Edit Text/Bespoke/Buyer Pages/Checkout Delivery Details/input_ADDRESSEE FIRST NAME_addressee-first-name'

2020-03-20 10:06:56 - [MESSAGE][PASSED] - Keys '*' sent to object: 'Object Repository/ADMIN/Edit Text/Bespoke/Buyer Pages/Checkout Delivery Details/input_ADDRESSEE FIRST NAME_addressee-first-name'

2020-03-20 10:06:56 - [TEST_STEP][PASSED] - sendKeys(findTestObject("ADMIN/Edit Text/Bespoke/Buyer Pages/Checkout Delivery Details/input_ADDRESSEE LAST NAME_addressee-last-name"), "*"): Keys '*' sent to object: 'Object Repository/ADMIN/Edit Text/Bespoke/Buyer Pages/Checkout Delivery Details/input_ADDRESSEE LAST NAME_addressee-last-name'

2020-03-20 10:06:57 - [MESSAGE][PASSED] - Keys '*' sent to object: 'Object Repository/ADMIN/Edit Text/Bespoke/Buyer Pages/Checkout Delivery Details/input_ADDRESSEE LAST NAME_addressee-last-name'

2020-03-20 10:06:57 - [TEST_STEP][PASSED] - sendKeys(findTestObject("ADMIN/Edit Text/Bespoke/Buyer Pages/Checkout Delivery Details/input_COUNTRY_delivery-country"), "*"): Keys '*' sent to object: 'Object Repository/ADMIN/Edit Text/Bespoke/Buyer Pages/Checkout Delivery Details/input_COUNTRY_delivery-country'

2020-03-20 10:06:57 - [MESSAGE][PASSED] - Keys '*' sent to object: 'Object Repository/ADMIN/Edit Text/Bespoke/Buyer Pages/Checkout Delivery Details/input_COUNTRY_delivery-country'

2020-03-20 10:06:57 - [TEST_STEP][PASSED] - sendKeys(findTestObject("ADMIN/Edit Text/Bespoke/Buyer Pages/Checkout Delivery Details/input_State_delivery-state"), "*"): Keys '*' sent to object: 'Object Repository/ADMIN/Edit Text/Bespoke/Buyer Pages/Checkout Delivery Details/input_State_delivery-state'

2020-03-20 10:06:57 - [MESSAGE][PASSED] - Keys '*' sent to object: 'Object Repository/ADMIN/Edit Text/Bespoke/Buyer Pages/Checkout Delivery Details/input_State_delivery-state'

2020-03-20 10:06:57 - [TEST_STEP][PASSED] - sendKeys(findTestObject("ADMIN/Edit Text/Bespoke/Buyer Pages/Checkout Delivery Details/input_CITY_delivery-city"), "*"): Keys '*' sent to object: 'Object Repository/ADMIN/Edit Text/Bespoke/Buyer Pages/Checkout Delivery Details/input_CITY_delivery-city'

2020-03-20 10:06:57 - [MESSAGE][PASSED] - Keys '*' sent to object: 'Object Repository/ADMIN/Edit Text/Bespoke/Buyer Pages/Checkout Delivery Details/input_CITY_delivery-city'

2020-03-20 10:06:57 - [TEST_STEP][PASSED] - sendKeys(findTestObject("ADMIN/Edit Text/Bespoke/Buyer Pages/Checkout Delivery Details/input_ADDRESS_delivery-address"), "*"): Keys '*' sent to object: 'Object Repository/ADMIN/Edit Text/Bespoke/Buyer Pages/Checkout Delivery Details/input_ADDRESS_delivery-address'

2020-03-20 10:06:57 - [MESSAGE][PASSED] - Keys '*' sent to object: 'Object Repository/ADMIN/Edit Text/Bespoke/Buyer Pages/Checkout Delivery Details/input_ADDRESS_delivery-address'

2020-03-20 10:06:57 - [TEST_STEP][PASSED] - sendKeys(findTestObject("ADMIN/Edit Text/Bespoke/Buyer Pages/Checkout Delivery Details/input_POSTAL CODE_delivery-postal-code"), "*"): Keys '*' sent to object: 'Object Repository/ADMIN/Edit Text/Bespoke/Buyer Pages/Checkout Delivery Details/input_POSTAL CODE_delivery-postal-code'

2020-03-20 10:06:57 - [MESSAGE][PASSED] - Keys '*' sent to object: 'Object Repository/ADMIN/Edit Text/Bespoke/Buyer Pages/Checkout Delivery Details/input_POSTAL CODE_delivery-postal-code'

2020-03-20 10:06:57 - [TEST_STEP][PASSED] - sendKeys(findTestObject("ADMIN/Edit Text/Bespoke/Buyer Pages/Checkout Delivery Details/input_SAVE_btn_save"), "*"): Keys '*' sent to object: 'Object Repository/ADMIN/Edit Text/Bespoke/Buyer Pages/Checkout Delivery Details/input_SAVE_btn_save'

2020-03-20 10:06:57 - [MESSAGE][PASSED] - Keys '*' sent to object: 'Object Repository/ADMIN/Edit Text/Bespoke/Buyer Pages/Checkout Delivery Details/input_SAVE_btn_save'

2020-03-20 10:06:57 - [TEST_STEP][PASSED] - sendKeys(findTestObject("ADMIN/Edit Text/Bespoke/Buyer Pages/Checkout Delivery Details/input_NEXT_btn_next"), "*"): Keys '*' sent to object: 'Object Repository/ADMIN/Edit Text/Bespoke/Buyer Pages/Checkout Delivery Details/input_NEXT_btn_next'

2020-03-20 10:06:58 - [MESSAGE][PASSED] - Keys '*' sent to object: 'Object Repository/ADMIN/Edit Text/Bespoke/Buyer Pages/Checkout Delivery Details/input_NEXT_btn_next'

2020-03-20 10:06:58 - [TEST_STEP][PASSED] - sendKeys(findTestObject("ADMIN/Edit Text/Bespoke/Buyer Pages/Checkout Delivery Details/input_REMOVE ITEM_popup-title"), "*"): Keys '*' sent to object: 'Object Repository/ADMIN/Edit Text/Bespoke/Buyer Pages/Checkout Delivery Details/input_REMOVE ITEM_popup-title'

2020-03-20 10:06:58 - [MESSAGE][PASSED] - Keys '*' sent to object: 'Object Repository/ADMIN/Edit Text/Bespoke/Buyer Pages/Checkout Delivery Details/input_REMOVE ITEM_popup-title'

2020-03-20 10:06:58 - [TEST_STEP][PASSED] - sendKeys(findTestObject("ADMIN/Edit Text/Bespoke/Buyer Pages/Checkout Delivery Details/textarea_You sure about removing this item from your list (Itll be gone forever)"), "*"): Keys '*' sent to object: 'Object Repository/ADMIN/Edit Text/Bespoke/Buyer Pages/Checkout Delivery Details/textarea_You sure about removing this item from your list (Itll be gone forever)'

2020-03-20 10:06:58 - [MESSAGE][PASSED] - Keys '*' sent to object: 'Object Repository/ADMIN/Edit Text/Bespoke/Buyer Pages/Checkout Delivery Details/textarea_You sure about removing this item from your list (Itll be gone forever)'

2020-03-20 10:06:58 - [TEST_STEP][PASSED] - sendKeys(findTestObject("ADMIN/Edit Text/Bespoke/Buyer Pages/Checkout Delivery Details/input_CANCEL_btn_cancel"), "*"): Keys '*' sent to object: 'Object Repository/ADMIN/Edit Text/Bespoke/Buyer Pages/Checkout Delivery Details/input_CANCEL_btn_cancel'

2020-03-20 10:06:58 - [MESSAGE][PASSED] - Keys '*' sent to object: 'Object Repository/ADMIN/Edit Text/Bespoke/Buyer Pages/Checkout Delivery Details/input_CANCEL_btn_cancel'

2020-03-20 10:06:58 - [TEST_STEP][PASSED] - sendKeys(findTestObject("ADMIN/Edit Text/Bespoke/Buyer Pages/Checkout Delivery Details/input_Okay_btn_okay"), "*"): Keys '*' sent to object: 'Object Repository/ADMIN/Edit Text/Bespoke/Buyer Pages/Checkout Delivery Details/input_Okay_btn_okay'

2020-03-20 10:06:58 - [MESSAGE][PASSED] - Keys '*' sent to object: 'Object Repository/ADMIN/Edit Text/Bespoke/Buyer Pages/Checkout Delivery Details/input_Okay_btn_okay'

2020-03-20 10:06:58 - [TEST_STEP][PASSED] - click(findTestObject("ADMIN/Edit Text/Bespoke/Buyer Pages/Homepage/button_save"), CONTINUE_ON_FAILURE): Object: 'Object Repository/ADMIN/Edit Text/Bespoke/Buyer Pages/Homepage/button_save' is clicked on

2020-03-20 10:06:58 - [MESSAGE][PASSED] - Object: 'Object Repository/ADMIN/Edit Text/Bespoke/Buyer Pages/Homepage/button_save' is clicked on

2020-03-20 10:06:58 - [TEST_STEP][PASSED] - waitForElementVisible(findTestObject("ADMIN/Edit Text/Bespoke/Buyer Pages/Homepage/toaster_success"), 0): Object 'Object Repository/ADMIN/Edit Text/Bespoke/Buyer Pages/Homepage/toaster_success' is visible

2020-03-20 10:06:58 - [MESSAGE][WARNING] - Timeout '0' is invalid. Using default page load timeout: '30'

2020-03-20 10:06:59 - [MESSAGE][PASSED] - Object 'Object Repository/ADMIN/Edit Text/Bespoke/Buyer Pages/Homepage/toaster_success' is visible]]></system-out>
         <system-err><![CDATA[]]></system-err>
      </testcase>
      <testcase name="Test Cases/ADMIN/Language/Edit Text/Bespoke/Buyer Pages/Checkout Delivery" time="6.223" classname="Test Cases/ADMIN/Language/Edit Text/Bespoke/Buyer Pages/Checkout Delivery" status="PASSED">
         <system-out><![CDATA[2020-03-20 10:06:59 - [TEST_CASE][PASSED] - Test Cases/ADMIN/Language/Edit Text/Bespoke/Buyer Pages/Checkout Delivery: Test Cases/ADMIN/Language/Edit Text/Bespoke/Buyer Pages/Checkout Delivery

2020-03-20 10:06:59 - [TEST_STEP][PASSED] - waitForElementVisible(findTestObject("ADMIN/Edit Text/Bespoke/Buyer Navigation/dd_language"), 0): Object 'Object Repository/ADMIN/Edit Text/Bespoke/Buyer Navigation/dd_language' is visible

2020-03-20 10:06:59 - [MESSAGE][WARNING] - Timeout '0' is invalid. Using default page load timeout: '30'

2020-03-20 10:06:59 - [MESSAGE][PASSED] - Object 'Object Repository/ADMIN/Edit Text/Bespoke/Buyer Navigation/dd_language' is visible

2020-03-20 10:06:59 - [TEST_STEP][PASSED] - selectOptionByLabel(findTestObject("ADMIN/Edit Text/Bespoke/Buyer Navigation/dd_language"), varLanguage, false): All options with label 'Arabic' are selected in object 'Object Repository/ADMIN/Edit Text/Bespoke/Buyer Navigation/dd_language' 

2020-03-20 10:07:00 - [MESSAGE][PASSED] - All options with label 'Arabic' are selected in object 'Object Repository/ADMIN/Edit Text/Bespoke/Buyer Navigation/dd_language' 

2020-03-20 10:07:00 - [TEST_STEP][PASSED] - sendKeys(findTestObject("ADMIN/Edit Text/Bespoke/Buyer Pages/Checkout Delivery Details/input_DELIVERY_tab-title"), "*"): Keys '*' sent to object: 'Object Repository/ADMIN/Edit Text/Bespoke/Buyer Pages/Checkout Delivery Details/input_DELIVERY_tab-title'

2020-03-20 10:07:01 - [MESSAGE][PASSED] - Keys '*' sent to object: 'Object Repository/ADMIN/Edit Text/Bespoke/Buyer Pages/Checkout Delivery Details/input_DELIVERY_tab-title'

2020-03-20 10:07:01 - [TEST_STEP][PASSED] - sendKeys(findTestObject("ADMIN/Edit Text/Bespoke/Buyer Pages/Checkout Delivery Details/input_REVIEW_tab-title"), "*"): Keys '*' sent to object: 'Object Repository/ADMIN/Edit Text/Bespoke/Buyer Pages/Checkout Delivery Details/input_REVIEW_tab-title'

2020-03-20 10:07:01 - [MESSAGE][PASSED] - Keys '*' sent to object: 'Object Repository/ADMIN/Edit Text/Bespoke/Buyer Pages/Checkout Delivery Details/input_REVIEW_tab-title'

2020-03-20 10:07:01 - [TEST_STEP][PASSED] - sendKeys(findTestObject("ADMIN/Edit Text/Bespoke/Buyer Pages/Checkout Delivery Details/input_PAY_tab-title"), "*"): Keys '*' sent to object: 'Object Repository/ADMIN/Edit Text/Bespoke/Buyer Pages/Checkout Delivery Details/input_PAY_tab-title'

2020-03-20 10:07:02 - [MESSAGE][PASSED] - Keys '*' sent to object: 'Object Repository/ADMIN/Edit Text/Bespoke/Buyer Pages/Checkout Delivery Details/input_PAY_tab-title'

2020-03-20 10:07:02 - [TEST_STEP][PASSED] - sendKeys(findTestObject("ADMIN/Edit Text/Bespoke/Buyer Pages/Checkout Delivery Details/input_Already registered with us_guest-info-txt"), "*"): Keys '*' sent to object: 'Object Repository/ADMIN/Edit Text/Bespoke/Buyer Pages/Checkout Delivery Details/input_Already registered with us_guest-info-txt'

2020-03-20 10:07:02 - [MESSAGE][PASSED] - Keys '*' sent to object: 'Object Repository/ADMIN/Edit Text/Bespoke/Buyer Pages/Checkout Delivery Details/input_Already registered with us_guest-info-txt'

2020-03-20 10:07:02 - [TEST_STEP][PASSED] - sendKeys(findTestObject("ADMIN/Edit Text/Bespoke/Buyer Pages/Checkout Delivery Details/input_SIGN IN NOW_btn_next"), "*"): Keys '*' sent to object: 'Object Repository/ADMIN/Edit Text/Bespoke/Buyer Pages/Checkout Delivery Details/input_SIGN IN NOW_btn_next'

2020-03-20 10:07:02 - [MESSAGE][PASSED] - Keys '*' sent to object: 'Object Repository/ADMIN/Edit Text/Bespoke/Buyer Pages/Checkout Delivery Details/input_SIGN IN NOW_btn_next'

2020-03-20 10:07:02 - [TEST_STEP][PASSED] - sendKeys(findTestObject("ADMIN/Edit Text/Bespoke/Buyer Pages/Checkout Delivery Details/input_FIRST NAME_first-name"), "*"): Keys '*' sent to object: 'Object Repository/ADMIN/Edit Text/Bespoke/Buyer Pages/Checkout Delivery Details/input_FIRST NAME_first-name'

2020-03-20 10:07:02 - [MESSAGE][PASSED] - Keys '*' sent to object: 'Object Repository/ADMIN/Edit Text/Bespoke/Buyer Pages/Checkout Delivery Details/input_FIRST NAME_first-name'

2020-03-20 10:07:02 - [TEST_STEP][PASSED] - sendKeys(findTestObject("ADMIN/Edit Text/Bespoke/Buyer Pages/Checkout Delivery Details/input_LAST NAME_last-name"), "*"): Keys '*' sent to object: 'Object Repository/ADMIN/Edit Text/Bespoke/Buyer Pages/Checkout Delivery Details/input_LAST NAME_last-name'

2020-03-20 10:07:02 - [MESSAGE][PASSED] - Keys '*' sent to object: 'Object Repository/ADMIN/Edit Text/Bespoke/Buyer Pages/Checkout Delivery Details/input_LAST NAME_last-name'

2020-03-20 10:07:02 - [TEST_STEP][PASSED] - sendKeys(findTestObject("ADMIN/Edit Text/Bespoke/Buyer Pages/Checkout Delivery Details/input_NOTIFICATION EMAIL_notification-email"), "*"): Keys '*' sent to object: 'Object Repository/ADMIN/Edit Text/Bespoke/Buyer Pages/Checkout Delivery Details/input_NOTIFICATION EMAIL_notification-email'

2020-03-20 10:07:02 - [MESSAGE][PASSED] - Keys '*' sent to object: 'Object Repository/ADMIN/Edit Text/Bespoke/Buyer Pages/Checkout Delivery Details/input_NOTIFICATION EMAIL_notification-email'

2020-03-20 10:07:02 - [TEST_STEP][PASSED] - sendKeys(findTestObject("ADMIN/Edit Text/Bespoke/Buyer Pages/Checkout Delivery Details/input_CONTACT NUMBER_contact-number"), "*"): Keys '*' sent to object: 'Object Repository/ADMIN/Edit Text/Bespoke/Buyer Pages/Checkout Delivery Details/input_CONTACT NUMBER_contact-number'

2020-03-20 10:07:03 - [MESSAGE][PASSED] - Keys '*' sent to object: 'Object Repository/ADMIN/Edit Text/Bespoke/Buyer Pages/Checkout Delivery Details/input_CONTACT NUMBER_contact-number'

2020-03-20 10:07:03 - [TEST_STEP][PASSED] - sendKeys(findTestObject("ADMIN/Edit Text/Bespoke/Buyer Pages/Checkout Delivery Details/input_ADD NEW_btn_add"), "*"): Keys '*' sent to object: 'Object Repository/ADMIN/Edit Text/Bespoke/Buyer Pages/Checkout Delivery Details/input_ADD NEW_btn_add'

2020-03-20 10:07:03 - [MESSAGE][PASSED] - Keys '*' sent to object: 'Object Repository/ADMIN/Edit Text/Bespoke/Buyer Pages/Checkout Delivery Details/input_ADD NEW_btn_add'

2020-03-20 10:07:03 - [TEST_STEP][PASSED] - sendKeys(findTestObject("ADMIN/Edit Text/Bespoke/Buyer Pages/Checkout Delivery Details/input_SELECT ADDRESS_btn_select"), "*"): Keys '*' sent to object: 'Object Repository/ADMIN/Edit Text/Bespoke/Buyer Pages/Checkout Delivery Details/input_SELECT ADDRESS_btn_select'

2020-03-20 10:07:03 - [MESSAGE][PASSED] - Keys '*' sent to object: 'Object Repository/ADMIN/Edit Text/Bespoke/Buyer Pages/Checkout Delivery Details/input_SELECT ADDRESS_btn_select'

2020-03-20 10:07:03 - [TEST_STEP][PASSED] - sendKeys(findTestObject("ADMIN/Edit Text/Bespoke/Buyer Pages/Checkout Delivery Details/input_SELECTED_btn_selected"), "*"): Keys '*' sent to object: 'Object Repository/ADMIN/Edit Text/Bespoke/Buyer Pages/Checkout Delivery Details/input_SELECTED_btn_selected'

2020-03-20 10:07:03 - [MESSAGE][PASSED] - Keys '*' sent to object: 'Object Repository/ADMIN/Edit Text/Bespoke/Buyer Pages/Checkout Delivery Details/input_SELECTED_btn_selected'

2020-03-20 10:07:03 - [TEST_STEP][PASSED] - sendKeys(findTestObject("ADMIN/Edit Text/Bespoke/Buyer Pages/Checkout Delivery Details/input_ADDRESSEE FIRST NAME_addressee-first-name"), "*"): Keys '*' sent to object: 'Object Repository/ADMIN/Edit Text/Bespoke/Buyer Pages/Checkout Delivery Details/input_ADDRESSEE FIRST NAME_addressee-first-name'

2020-03-20 10:07:03 - [MESSAGE][PASSED] - Keys '*' sent to object: 'Object Repository/ADMIN/Edit Text/Bespoke/Buyer Pages/Checkout Delivery Details/input_ADDRESSEE FIRST NAME_addressee-first-name'

2020-03-20 10:07:03 - [TEST_STEP][PASSED] - sendKeys(findTestObject("ADMIN/Edit Text/Bespoke/Buyer Pages/Checkout Delivery Details/input_ADDRESSEE LAST NAME_addressee-last-name"), "*"): Keys '*' sent to object: 'Object Repository/ADMIN/Edit Text/Bespoke/Buyer Pages/Checkout Delivery Details/input_ADDRESSEE LAST NAME_addressee-last-name'

2020-03-20 10:07:03 - [MESSAGE][PASSED] - Keys '*' sent to object: 'Object Repository/ADMIN/Edit Text/Bespoke/Buyer Pages/Checkout Delivery Details/input_ADDRESSEE LAST NAME_addressee-last-name'

2020-03-20 10:07:03 - [TEST_STEP][PASSED] - sendKeys(findTestObject("ADMIN/Edit Text/Bespoke/Buyer Pages/Checkout Delivery Details/input_COUNTRY_delivery-country"), "*"): Keys '*' sent to object: 'Object Repository/ADMIN/Edit Text/Bespoke/Buyer Pages/Checkout Delivery Details/input_COUNTRY_delivery-country'

2020-03-20 10:07:03 - [MESSAGE][PASSED] - Keys '*' sent to object: 'Object Repository/ADMIN/Edit Text/Bespoke/Buyer Pages/Checkout Delivery Details/input_COUNTRY_delivery-country'

2020-03-20 10:07:03 - [TEST_STEP][PASSED] - sendKeys(findTestObject("ADMIN/Edit Text/Bespoke/Buyer Pages/Checkout Delivery Details/input_State_delivery-state"), "*"): Keys '*' sent to object: 'Object Repository/ADMIN/Edit Text/Bespoke/Buyer Pages/Checkout Delivery Details/input_State_delivery-state'

2020-03-20 10:07:03 - [MESSAGE][PASSED] - Keys '*' sent to object: 'Object Repository/ADMIN/Edit Text/Bespoke/Buyer Pages/Checkout Delivery Details/input_State_delivery-state'

2020-03-20 10:07:03 - [TEST_STEP][PASSED] - sendKeys(findTestObject("ADMIN/Edit Text/Bespoke/Buyer Pages/Checkout Delivery Details/input_CITY_delivery-city"), "*"): Keys '*' sent to object: 'Object Repository/ADMIN/Edit Text/Bespoke/Buyer Pages/Checkout Delivery Details/input_CITY_delivery-city'

2020-03-20 10:07:04 - [MESSAGE][PASSED] - Keys '*' sent to object: 'Object Repository/ADMIN/Edit Text/Bespoke/Buyer Pages/Checkout Delivery Details/input_CITY_delivery-city'

2020-03-20 10:07:04 - [TEST_STEP][PASSED] - sendKeys(findTestObject("ADMIN/Edit Text/Bespoke/Buyer Pages/Checkout Delivery Details/input_ADDRESS_delivery-address"), "*"): Keys '*' sent to object: 'Object Repository/ADMIN/Edit Text/Bespoke/Buyer Pages/Checkout Delivery Details/input_ADDRESS_delivery-address'

2020-03-20 10:07:04 - [MESSAGE][PASSED] - Keys '*' sent to object: 'Object Repository/ADMIN/Edit Text/Bespoke/Buyer Pages/Checkout Delivery Details/input_ADDRESS_delivery-address'

2020-03-20 10:07:04 - [TEST_STEP][PASSED] - sendKeys(findTestObject("ADMIN/Edit Text/Bespoke/Buyer Pages/Checkout Delivery Details/input_POSTAL CODE_delivery-postal-code"), "*"): Keys '*' sent to object: 'Object Repository/ADMIN/Edit Text/Bespoke/Buyer Pages/Checkout Delivery Details/input_POSTAL CODE_delivery-postal-code'

2020-03-20 10:07:04 - [MESSAGE][PASSED] - Keys '*' sent to object: 'Object Repository/ADMIN/Edit Text/Bespoke/Buyer Pages/Checkout Delivery Details/input_POSTAL CODE_delivery-postal-code'

2020-03-20 10:07:04 - [TEST_STEP][PASSED] - sendKeys(findTestObject("ADMIN/Edit Text/Bespoke/Buyer Pages/Checkout Delivery Details/input_SAVE_btn_save"), "*"): Keys '*' sent to object: 'Object Repository/ADMIN/Edit Text/Bespoke/Buyer Pages/Checkout Delivery Details/input_SAVE_btn_save'

2020-03-20 10:07:04 - [MESSAGE][PASSED] - Keys '*' sent to object: 'Object Repository/ADMIN/Edit Text/Bespoke/Buyer Pages/Checkout Delivery Details/input_SAVE_btn_save'

2020-03-20 10:07:04 - [TEST_STEP][PASSED] - sendKeys(findTestObject("ADMIN/Edit Text/Bespoke/Buyer Pages/Checkout Delivery Details/input_NEXT_btn_next"), "*"): Keys '*' sent to object: 'Object Repository/ADMIN/Edit Text/Bespoke/Buyer Pages/Checkout Delivery Details/input_NEXT_btn_next'

2020-03-20 10:07:04 - [MESSAGE][PASSED] - Keys '*' sent to object: 'Object Repository/ADMIN/Edit Text/Bespoke/Buyer Pages/Checkout Delivery Details/input_NEXT_btn_next'

2020-03-20 10:07:04 - [TEST_STEP][PASSED] - sendKeys(findTestObject("ADMIN/Edit Text/Bespoke/Buyer Pages/Checkout Delivery Details/input_REMOVE ITEM_popup-title"), "*"): Keys '*' sent to object: 'Object Repository/ADMIN/Edit Text/Bespoke/Buyer Pages/Checkout Delivery Details/input_REMOVE ITEM_popup-title'

2020-03-20 10:07:04 - [MESSAGE][PASSED] - Keys '*' sent to object: 'Object Repository/ADMIN/Edit Text/Bespoke/Buyer Pages/Checkout Delivery Details/input_REMOVE ITEM_popup-title'

2020-03-20 10:07:04 - [TEST_STEP][PASSED] - sendKeys(findTestObject("ADMIN/Edit Text/Bespoke/Buyer Pages/Checkout Delivery Details/textarea_You sure about removing this item from your list (Itll be gone forever)"), "*"): Keys '*' sent to object: 'Object Repository/ADMIN/Edit Text/Bespoke/Buyer Pages/Checkout Delivery Details/textarea_You sure about removing this item from your list (Itll be gone forever)'

2020-03-20 10:07:04 - [MESSAGE][PASSED] - Keys '*' sent to object: 'Object Repository/ADMIN/Edit Text/Bespoke/Buyer Pages/Checkout Delivery Details/textarea_You sure about removing this item from your list (Itll be gone forever)'

2020-03-20 10:07:04 - [TEST_STEP][PASSED] - sendKeys(findTestObject("ADMIN/Edit Text/Bespoke/Buyer Pages/Checkout Delivery Details/input_CANCEL_btn_cancel"), "*"): Keys '*' sent to object: 'Object Repository/ADMIN/Edit Text/Bespoke/Buyer Pages/Checkout Delivery Details/input_CANCEL_btn_cancel'

2020-03-20 10:07:04 - [MESSAGE][PASSED] - Keys '*' sent to object: 'Object Repository/ADMIN/Edit Text/Bespoke/Buyer Pages/Checkout Delivery Details/input_CANCEL_btn_cancel'

2020-03-20 10:07:04 - [TEST_STEP][PASSED] - sendKeys(findTestObject("ADMIN/Edit Text/Bespoke/Buyer Pages/Checkout Delivery Details/input_Okay_btn_okay"), "*"): Keys '*' sent to object: 'Object Repository/ADMIN/Edit Text/Bespoke/Buyer Pages/Checkout Delivery Details/input_Okay_btn_okay'

2020-03-20 10:07:04 - [MESSAGE][PASSED] - Keys '*' sent to object: 'Object Repository/ADMIN/Edit Text/Bespoke/Buyer Pages/Checkout Delivery Details/input_Okay_btn_okay'

2020-03-20 10:07:04 - [TEST_STEP][PASSED] - click(findTestObject("ADMIN/Edit Text/Bespoke/Buyer Pages/Homepage/button_save"), CONTINUE_ON_FAILURE): Object: 'Object Repository/ADMIN/Edit Text/Bespoke/Buyer Pages/Homepage/button_save' is clicked on

2020-03-20 10:07:05 - [MESSAGE][PASSED] - Object: 'Object Repository/ADMIN/Edit Text/Bespoke/Buyer Pages/Homepage/button_save' is clicked on

2020-03-20 10:07:05 - [TEST_STEP][PASSED] - waitForElementVisible(findTestObject("ADMIN/Edit Text/Bespoke/Buyer Pages/Homepage/toaster_success"), 0): Object 'Object Repository/ADMIN/Edit Text/Bespoke/Buyer Pages/Homepage/toaster_success' is visible

2020-03-20 10:07:05 - [MESSAGE][WARNING] - Timeout '0' is invalid. Using default page load timeout: '30'

2020-03-20 10:07:05 - [MESSAGE][PASSED] - Object 'Object Repository/ADMIN/Edit Text/Bespoke/Buyer Pages/Homepage/toaster_success' is visible]]></system-out>
         <system-err><![CDATA[]]></system-err>
      </testcase>
      <testcase name="Test Cases/ADMIN/Language/Edit Text/Bespoke/Buyer Pages/Checkout Delivery" time="6.272" classname="Test Cases/ADMIN/Language/Edit Text/Bespoke/Buyer Pages/Checkout Delivery" status="PASSED">
         <system-out><![CDATA[2020-03-20 10:07:05 - [TEST_CASE][PASSED] - Test Cases/ADMIN/Language/Edit Text/Bespoke/Buyer Pages/Checkout Delivery: Test Cases/ADMIN/Language/Edit Text/Bespoke/Buyer Pages/Checkout Delivery

2020-03-20 10:07:05 - [TEST_STEP][PASSED] - waitForElementVisible(findTestObject("ADMIN/Edit Text/Bespoke/Buyer Navigation/dd_language"), 0): Object 'Object Repository/ADMIN/Edit Text/Bespoke/Buyer Navigation/dd_language' is visible

2020-03-20 10:07:05 - [MESSAGE][WARNING] - Timeout '0' is invalid. Using default page load timeout: '30'

2020-03-20 10:07:05 - [MESSAGE][PASSED] - Object 'Object Repository/ADMIN/Edit Text/Bespoke/Buyer Navigation/dd_language' is visible

2020-03-20 10:07:05 - [TEST_STEP][PASSED] - selectOptionByLabel(findTestObject("ADMIN/Edit Text/Bespoke/Buyer Navigation/dd_language"), varLanguage, false): All options with label 'Dutch' are selected in object 'Object Repository/ADMIN/Edit Text/Bespoke/Buyer Navigation/dd_language' 

2020-03-20 10:07:07 - [MESSAGE][PASSED] - All options with label 'Dutch' are selected in object 'Object Repository/ADMIN/Edit Text/Bespoke/Buyer Navigation/dd_language' 

2020-03-20 10:07:07 - [TEST_STEP][PASSED] - sendKeys(findTestObject("ADMIN/Edit Text/Bespoke/Buyer Pages/Checkout Delivery Details/input_DELIVERY_tab-title"), "*"): Keys '*' sent to object: 'Object Repository/ADMIN/Edit Text/Bespoke/Buyer Pages/Checkout Delivery Details/input_DELIVERY_tab-title'

2020-03-20 10:07:07 - [MESSAGE][PASSED] - Keys '*' sent to object: 'Object Repository/ADMIN/Edit Text/Bespoke/Buyer Pages/Checkout Delivery Details/input_DELIVERY_tab-title'

2020-03-20 10:07:07 - [TEST_STEP][PASSED] - sendKeys(findTestObject("ADMIN/Edit Text/Bespoke/Buyer Pages/Checkout Delivery Details/input_REVIEW_tab-title"), "*"): Keys '*' sent to object: 'Object Repository/ADMIN/Edit Text/Bespoke/Buyer Pages/Checkout Delivery Details/input_REVIEW_tab-title'

2020-03-20 10:07:08 - [MESSAGE][PASSED] - Keys '*' sent to object: 'Object Repository/ADMIN/Edit Text/Bespoke/Buyer Pages/Checkout Delivery Details/input_REVIEW_tab-title'

2020-03-20 10:07:08 - [TEST_STEP][PASSED] - sendKeys(findTestObject("ADMIN/Edit Text/Bespoke/Buyer Pages/Checkout Delivery Details/input_PAY_tab-title"), "*"): Keys '*' sent to object: 'Object Repository/ADMIN/Edit Text/Bespoke/Buyer Pages/Checkout Delivery Details/input_PAY_tab-title'

2020-03-20 10:07:08 - [MESSAGE][PASSED] - Keys '*' sent to object: 'Object Repository/ADMIN/Edit Text/Bespoke/Buyer Pages/Checkout Delivery Details/input_PAY_tab-title'

2020-03-20 10:07:08 - [TEST_STEP][PASSED] - sendKeys(findTestObject("ADMIN/Edit Text/Bespoke/Buyer Pages/Checkout Delivery Details/input_Already registered with us_guest-info-txt"), "*"): Keys '*' sent to object: 'Object Repository/ADMIN/Edit Text/Bespoke/Buyer Pages/Checkout Delivery Details/input_Already registered with us_guest-info-txt'

2020-03-20 10:07:08 - [MESSAGE][PASSED] - Keys '*' sent to object: 'Object Repository/ADMIN/Edit Text/Bespoke/Buyer Pages/Checkout Delivery Details/input_Already registered with us_guest-info-txt'

2020-03-20 10:07:08 - [TEST_STEP][PASSED] - sendKeys(findTestObject("ADMIN/Edit Text/Bespoke/Buyer Pages/Checkout Delivery Details/input_SIGN IN NOW_btn_next"), "*"): Keys '*' sent to object: 'Object Repository/ADMIN/Edit Text/Bespoke/Buyer Pages/Checkout Delivery Details/input_SIGN IN NOW_btn_next'

2020-03-20 10:07:08 - [MESSAGE][PASSED] - Keys '*' sent to object: 'Object Repository/ADMIN/Edit Text/Bespoke/Buyer Pages/Checkout Delivery Details/input_SIGN IN NOW_btn_next'

2020-03-20 10:07:08 - [TEST_STEP][PASSED] - sendKeys(findTestObject("ADMIN/Edit Text/Bespoke/Buyer Pages/Checkout Delivery Details/input_FIRST NAME_first-name"), "*"): Keys '*' sent to object: 'Object Repository/ADMIN/Edit Text/Bespoke/Buyer Pages/Checkout Delivery Details/input_FIRST NAME_first-name'

2020-03-20 10:07:08 - [MESSAGE][PASSED] - Keys '*' sent to object: 'Object Repository/ADMIN/Edit Text/Bespoke/Buyer Pages/Checkout Delivery Details/input_FIRST NAME_first-name'

2020-03-20 10:07:08 - [TEST_STEP][PASSED] - sendKeys(findTestObject("ADMIN/Edit Text/Bespoke/Buyer Pages/Checkout Delivery Details/input_LAST NAME_last-name"), "*"): Keys '*' sent to object: 'Object Repository/ADMIN/Edit Text/Bespoke/Buyer Pages/Checkout Delivery Details/input_LAST NAME_last-name'

2020-03-20 10:07:08 - [MESSAGE][PASSED] - Keys '*' sent to object: 'Object Repository/ADMIN/Edit Text/Bespoke/Buyer Pages/Checkout Delivery Details/input_LAST NAME_last-name'

2020-03-20 10:07:08 - [TEST_STEP][PASSED] - sendKeys(findTestObject("ADMIN/Edit Text/Bespoke/Buyer Pages/Checkout Delivery Details/input_NOTIFICATION EMAIL_notification-email"), "*"): Keys '*' sent to object: 'Object Repository/ADMIN/Edit Text/Bespoke/Buyer Pages/Checkout Delivery Details/input_NOTIFICATION EMAIL_notification-email'

2020-03-20 10:07:08 - [MESSAGE][PASSED] - Keys '*' sent to object: 'Object Repository/ADMIN/Edit Text/Bespoke/Buyer Pages/Checkout Delivery Details/input_NOTIFICATION EMAIL_notification-email'

2020-03-20 10:07:08 - [TEST_STEP][PASSED] - sendKeys(findTestObject("ADMIN/Edit Text/Bespoke/Buyer Pages/Checkout Delivery Details/input_CONTACT NUMBER_contact-number"), "*"): Keys '*' sent to object: 'Object Repository/ADMIN/Edit Text/Bespoke/Buyer Pages/Checkout Delivery Details/input_CONTACT NUMBER_contact-number'

2020-03-20 10:07:09 - [MESSAGE][PASSED] - Keys '*' sent to object: 'Object Repository/ADMIN/Edit Text/Bespoke/Buyer Pages/Checkout Delivery Details/input_CONTACT NUMBER_contact-number'

2020-03-20 10:07:09 - [TEST_STEP][PASSED] - sendKeys(findTestObject("ADMIN/Edit Text/Bespoke/Buyer Pages/Checkout Delivery Details/input_ADD NEW_btn_add"), "*"): Keys '*' sent to object: 'Object Repository/ADMIN/Edit Text/Bespoke/Buyer Pages/Checkout Delivery Details/input_ADD NEW_btn_add'

2020-03-20 10:07:09 - [MESSAGE][PASSED] - Keys '*' sent to object: 'Object Repository/ADMIN/Edit Text/Bespoke/Buyer Pages/Checkout Delivery Details/input_ADD NEW_btn_add'

2020-03-20 10:07:09 - [TEST_STEP][PASSED] - sendKeys(findTestObject("ADMIN/Edit Text/Bespoke/Buyer Pages/Checkout Delivery Details/input_SELECT ADDRESS_btn_select"), "*"): Keys '*' sent to object: 'Object Repository/ADMIN/Edit Text/Bespoke/Buyer Pages/Checkout Delivery Details/input_SELECT ADDRESS_btn_select'

2020-03-20 10:07:09 - [MESSAGE][PASSED] - Keys '*' sent to object: 'Object Repository/ADMIN/Edit Text/Bespoke/Buyer Pages/Checkout Delivery Details/input_SELECT ADDRESS_btn_select'

2020-03-20 10:07:09 - [TEST_STEP][PASSED] - sendKeys(findTestObject("ADMIN/Edit Text/Bespoke/Buyer Pages/Checkout Delivery Details/input_SELECTED_btn_selected"), "*"): Keys '*' sent to object: 'Object Repository/ADMIN/Edit Text/Bespoke/Buyer Pages/Checkout Delivery Details/input_SELECTED_btn_selected'

2020-03-20 10:07:09 - [MESSAGE][PASSED] - Keys '*' sent to object: 'Object Repository/ADMIN/Edit Text/Bespoke/Buyer Pages/Checkout Delivery Details/input_SELECTED_btn_selected'

2020-03-20 10:07:09 - [TEST_STEP][PASSED] - sendKeys(findTestObject("ADMIN/Edit Text/Bespoke/Buyer Pages/Checkout Delivery Details/input_ADDRESSEE FIRST NAME_addressee-first-name"), "*"): Keys '*' sent to object: 'Object Repository/ADMIN/Edit Text/Bespoke/Buyer Pages/Checkout Delivery Details/input_ADDRESSEE FIRST NAME_addressee-first-name'

2020-03-20 10:07:09 - [MESSAGE][PASSED] - Keys '*' sent to object: 'Object Repository/ADMIN/Edit Text/Bespoke/Buyer Pages/Checkout Delivery Details/input_ADDRESSEE FIRST NAME_addressee-first-name'

2020-03-20 10:07:09 - [TEST_STEP][PASSED] - sendKeys(findTestObject("ADMIN/Edit Text/Bespoke/Buyer Pages/Checkout Delivery Details/input_ADDRESSEE LAST NAME_addressee-last-name"), "*"): Keys '*' sent to object: 'Object Repository/ADMIN/Edit Text/Bespoke/Buyer Pages/Checkout Delivery Details/input_ADDRESSEE LAST NAME_addressee-last-name'

2020-03-20 10:07:09 - [MESSAGE][PASSED] - Keys '*' sent to object: 'Object Repository/ADMIN/Edit Text/Bespoke/Buyer Pages/Checkout Delivery Details/input_ADDRESSEE LAST NAME_addressee-last-name'

2020-03-20 10:07:09 - [TEST_STEP][PASSED] - sendKeys(findTestObject("ADMIN/Edit Text/Bespoke/Buyer Pages/Checkout Delivery Details/input_COUNTRY_delivery-country"), "*"): Keys '*' sent to object: 'Object Repository/ADMIN/Edit Text/Bespoke/Buyer Pages/Checkout Delivery Details/input_COUNTRY_delivery-country'

2020-03-20 10:07:10 - [MESSAGE][PASSED] - Keys '*' sent to object: 'Object Repository/ADMIN/Edit Text/Bespoke/Buyer Pages/Checkout Delivery Details/input_COUNTRY_delivery-country'

2020-03-20 10:07:10 - [TEST_STEP][PASSED] - sendKeys(findTestObject("ADMIN/Edit Text/Bespoke/Buyer Pages/Checkout Delivery Details/input_State_delivery-state"), "*"): Keys '*' sent to object: 'Object Repository/ADMIN/Edit Text/Bespoke/Buyer Pages/Checkout Delivery Details/input_State_delivery-state'

2020-03-20 10:07:10 - [MESSAGE][PASSED] - Keys '*' sent to object: 'Object Repository/ADMIN/Edit Text/Bespoke/Buyer Pages/Checkout Delivery Details/input_State_delivery-state'

2020-03-20 10:07:10 - [TEST_STEP][PASSED] - sendKeys(findTestObject("ADMIN/Edit Text/Bespoke/Buyer Pages/Checkout Delivery Details/input_CITY_delivery-city"), "*"): Keys '*' sent to object: 'Object Repository/ADMIN/Edit Text/Bespoke/Buyer Pages/Checkout Delivery Details/input_CITY_delivery-city'

2020-03-20 10:07:10 - [MESSAGE][PASSED] - Keys '*' sent to object: 'Object Repository/ADMIN/Edit Text/Bespoke/Buyer Pages/Checkout Delivery Details/input_CITY_delivery-city'

2020-03-20 10:07:10 - [TEST_STEP][PASSED] - sendKeys(findTestObject("ADMIN/Edit Text/Bespoke/Buyer Pages/Checkout Delivery Details/input_ADDRESS_delivery-address"), "*"): Keys '*' sent to object: 'Object Repository/ADMIN/Edit Text/Bespoke/Buyer Pages/Checkout Delivery Details/input_ADDRESS_delivery-address'

2020-03-20 10:07:10 - [MESSAGE][PASSED] - Keys '*' sent to object: 'Object Repository/ADMIN/Edit Text/Bespoke/Buyer Pages/Checkout Delivery Details/input_ADDRESS_delivery-address'

2020-03-20 10:07:10 - [TEST_STEP][PASSED] - sendKeys(findTestObject("ADMIN/Edit Text/Bespoke/Buyer Pages/Checkout Delivery Details/input_POSTAL CODE_delivery-postal-code"), "*"): Keys '*' sent to object: 'Object Repository/ADMIN/Edit Text/Bespoke/Buyer Pages/Checkout Delivery Details/input_POSTAL CODE_delivery-postal-code'

2020-03-20 10:07:10 - [MESSAGE][PASSED] - Keys '*' sent to object: 'Object Repository/ADMIN/Edit Text/Bespoke/Buyer Pages/Checkout Delivery Details/input_POSTAL CODE_delivery-postal-code'

2020-03-20 10:07:10 - [TEST_STEP][PASSED] - sendKeys(findTestObject("ADMIN/Edit Text/Bespoke/Buyer Pages/Checkout Delivery Details/input_SAVE_btn_save"), "*"): Keys '*' sent to object: 'Object Repository/ADMIN/Edit Text/Bespoke/Buyer Pages/Checkout Delivery Details/input_SAVE_btn_save'

2020-03-20 10:07:10 - [MESSAGE][PASSED] - Keys '*' sent to object: 'Object Repository/ADMIN/Edit Text/Bespoke/Buyer Pages/Checkout Delivery Details/input_SAVE_btn_save'

2020-03-20 10:07:10 - [TEST_STEP][PASSED] - sendKeys(findTestObject("ADMIN/Edit Text/Bespoke/Buyer Pages/Checkout Delivery Details/input_NEXT_btn_next"), "*"): Keys '*' sent to object: 'Object Repository/ADMIN/Edit Text/Bespoke/Buyer Pages/Checkout Delivery Details/input_NEXT_btn_next'

2020-03-20 10:07:10 - [MESSAGE][PASSED] - Keys '*' sent to object: 'Object Repository/ADMIN/Edit Text/Bespoke/Buyer Pages/Checkout Delivery Details/input_NEXT_btn_next'

2020-03-20 10:07:10 - [TEST_STEP][PASSED] - sendKeys(findTestObject("ADMIN/Edit Text/Bespoke/Buyer Pages/Checkout Delivery Details/input_REMOVE ITEM_popup-title"), "*"): Keys '*' sent to object: 'Object Repository/ADMIN/Edit Text/Bespoke/Buyer Pages/Checkout Delivery Details/input_REMOVE ITEM_popup-title'

2020-03-20 10:07:10 - [MESSAGE][PASSED] - Keys '*' sent to object: 'Object Repository/ADMIN/Edit Text/Bespoke/Buyer Pages/Checkout Delivery Details/input_REMOVE ITEM_popup-title'

2020-03-20 10:07:10 - [TEST_STEP][PASSED] - sendKeys(findTestObject("ADMIN/Edit Text/Bespoke/Buyer Pages/Checkout Delivery Details/textarea_You sure about removing this item from your list (Itll be gone forever)"), "*"): Keys '*' sent to object: 'Object Repository/ADMIN/Edit Text/Bespoke/Buyer Pages/Checkout Delivery Details/textarea_You sure about removing this item from your list (Itll be gone forever)'

2020-03-20 10:07:11 - [MESSAGE][PASSED] - Keys '*' sent to object: 'Object Repository/ADMIN/Edit Text/Bespoke/Buyer Pages/Checkout Delivery Details/textarea_You sure about removing this item from your list (Itll be gone forever)'

2020-03-20 10:07:11 - [TEST_STEP][PASSED] - sendKeys(findTestObject("ADMIN/Edit Text/Bespoke/Buyer Pages/Checkout Delivery Details/input_CANCEL_btn_cancel"), "*"): Keys '*' sent to object: 'Object Repository/ADMIN/Edit Text/Bespoke/Buyer Pages/Checkout Delivery Details/input_CANCEL_btn_cancel'

2020-03-20 10:07:11 - [MESSAGE][PASSED] - Keys '*' sent to object: 'Object Repository/ADMIN/Edit Text/Bespoke/Buyer Pages/Checkout Delivery Details/input_CANCEL_btn_cancel'

2020-03-20 10:07:11 - [TEST_STEP][PASSED] - sendKeys(findTestObject("ADMIN/Edit Text/Bespoke/Buyer Pages/Checkout Delivery Details/input_Okay_btn_okay"), "*"): Keys '*' sent to object: 'Object Repository/ADMIN/Edit Text/Bespoke/Buyer Pages/Checkout Delivery Details/input_Okay_btn_okay'

2020-03-20 10:07:11 - [MESSAGE][PASSED] - Keys '*' sent to object: 'Object Repository/ADMIN/Edit Text/Bespoke/Buyer Pages/Checkout Delivery Details/input_Okay_btn_okay'

2020-03-20 10:07:11 - [TEST_STEP][PASSED] - click(findTestObject("ADMIN/Edit Text/Bespoke/Buyer Pages/Homepage/button_save"), CONTINUE_ON_FAILURE): Object: 'Object Repository/ADMIN/Edit Text/Bespoke/Buyer Pages/Homepage/button_save' is clicked on

2020-03-20 10:07:11 - [MESSAGE][PASSED] - Object: 'Object Repository/ADMIN/Edit Text/Bespoke/Buyer Pages/Homepage/button_save' is clicked on

2020-03-20 10:07:11 - [TEST_STEP][PASSED] - waitForElementVisible(findTestObject("ADMIN/Edit Text/Bespoke/Buyer Pages/Homepage/toaster_success"), 0): Object 'Object Repository/ADMIN/Edit Text/Bespoke/Buyer Pages/Homepage/toaster_success' is visible

2020-03-20 10:07:11 - [MESSAGE][WARNING] - Timeout '0' is invalid. Using default page load timeout: '30'

2020-03-20 10:07:12 - [MESSAGE][PASSED] - Object 'Object Repository/ADMIN/Edit Text/Bespoke/Buyer Pages/Homepage/toaster_success' is visible]]></system-out>
         <system-err><![CDATA[]]></system-err>
      </testcase>
      <testcase name="Test Cases/ADMIN/Language/Edit Text/Bespoke/Buyer Pages/Checkout Delivery" time="6.638" classname="Test Cases/ADMIN/Language/Edit Text/Bespoke/Buyer Pages/Checkout Delivery" status="PASSED">
         <system-out><![CDATA[2020-03-20 10:07:12 - [TEST_CASE][PASSED] - Test Cases/ADMIN/Language/Edit Text/Bespoke/Buyer Pages/Checkout Delivery: Test Cases/ADMIN/Language/Edit Text/Bespoke/Buyer Pages/Checkout Delivery

2020-03-20 10:07:12 - [TEST_STEP][PASSED] - waitForElementVisible(findTestObject("ADMIN/Edit Text/Bespoke/Buyer Navigation/dd_language"), 0): Object 'Object Repository/ADMIN/Edit Text/Bespoke/Buyer Navigation/dd_language' is visible

2020-03-20 10:07:12 - [MESSAGE][WARNING] - Timeout '0' is invalid. Using default page load timeout: '30'

2020-03-20 10:07:12 - [MESSAGE][PASSED] - Object 'Object Repository/ADMIN/Edit Text/Bespoke/Buyer Navigation/dd_language' is visible

2020-03-20 10:07:12 - [TEST_STEP][PASSED] - selectOptionByLabel(findTestObject("ADMIN/Edit Text/Bespoke/Buyer Navigation/dd_language"), varLanguage, false): All options with label 'Swedish' are selected in object 'Object Repository/ADMIN/Edit Text/Bespoke/Buyer Navigation/dd_language' 

2020-03-20 10:07:13 - [MESSAGE][PASSED] - All options with label 'Swedish' are selected in object 'Object Repository/ADMIN/Edit Text/Bespoke/Buyer Navigation/dd_language' 

2020-03-20 10:07:13 - [TEST_STEP][PASSED] - sendKeys(findTestObject("ADMIN/Edit Text/Bespoke/Buyer Pages/Checkout Delivery Details/input_DELIVERY_tab-title"), "*"): Keys '*' sent to object: 'Object Repository/ADMIN/Edit Text/Bespoke/Buyer Pages/Checkout Delivery Details/input_DELIVERY_tab-title'

2020-03-20 10:07:14 - [MESSAGE][PASSED] - Keys '*' sent to object: 'Object Repository/ADMIN/Edit Text/Bespoke/Buyer Pages/Checkout Delivery Details/input_DELIVERY_tab-title'

2020-03-20 10:07:14 - [TEST_STEP][PASSED] - sendKeys(findTestObject("ADMIN/Edit Text/Bespoke/Buyer Pages/Checkout Delivery Details/input_REVIEW_tab-title"), "*"): Keys '*' sent to object: 'Object Repository/ADMIN/Edit Text/Bespoke/Buyer Pages/Checkout Delivery Details/input_REVIEW_tab-title'

2020-03-20 10:07:14 - [MESSAGE][PASSED] - Keys '*' sent to object: 'Object Repository/ADMIN/Edit Text/Bespoke/Buyer Pages/Checkout Delivery Details/input_REVIEW_tab-title'

2020-03-20 10:07:14 - [TEST_STEP][PASSED] - sendKeys(findTestObject("ADMIN/Edit Text/Bespoke/Buyer Pages/Checkout Delivery Details/input_PAY_tab-title"), "*"): Keys '*' sent to object: 'Object Repository/ADMIN/Edit Text/Bespoke/Buyer Pages/Checkout Delivery Details/input_PAY_tab-title'

2020-03-20 10:07:14 - [MESSAGE][PASSED] - Keys '*' sent to object: 'Object Repository/ADMIN/Edit Text/Bespoke/Buyer Pages/Checkout Delivery Details/input_PAY_tab-title'

2020-03-20 10:07:14 - [TEST_STEP][PASSED] - sendKeys(findTestObject("ADMIN/Edit Text/Bespoke/Buyer Pages/Checkout Delivery Details/input_Already registered with us_guest-info-txt"), "*"): Keys '*' sent to object: 'Object Repository/ADMIN/Edit Text/Bespoke/Buyer Pages/Checkout Delivery Details/input_Already registered with us_guest-info-txt'

2020-03-20 10:07:14 - [MESSAGE][PASSED] - Keys '*' sent to object: 'Object Repository/ADMIN/Edit Text/Bespoke/Buyer Pages/Checkout Delivery Details/input_Already registered with us_guest-info-txt'

2020-03-20 10:07:14 - [TEST_STEP][PASSED] - sendKeys(findTestObject("ADMIN/Edit Text/Bespoke/Buyer Pages/Checkout Delivery Details/input_SIGN IN NOW_btn_next"), "*"): Keys '*' sent to object: 'Object Repository/ADMIN/Edit Text/Bespoke/Buyer Pages/Checkout Delivery Details/input_SIGN IN NOW_btn_next'

2020-03-20 10:07:14 - [MESSAGE][PASSED] - Keys '*' sent to object: 'Object Repository/ADMIN/Edit Text/Bespoke/Buyer Pages/Checkout Delivery Details/input_SIGN IN NOW_btn_next'

2020-03-20 10:07:14 - [TEST_STEP][PASSED] - sendKeys(findTestObject("ADMIN/Edit Text/Bespoke/Buyer Pages/Checkout Delivery Details/input_FIRST NAME_first-name"), "*"): Keys '*' sent to object: 'Object Repository/ADMIN/Edit Text/Bespoke/Buyer Pages/Checkout Delivery Details/input_FIRST NAME_first-name'

2020-03-20 10:07:15 - [MESSAGE][PASSED] - Keys '*' sent to object: 'Object Repository/ADMIN/Edit Text/Bespoke/Buyer Pages/Checkout Delivery Details/input_FIRST NAME_first-name'

2020-03-20 10:07:15 - [TEST_STEP][PASSED] - sendKeys(findTestObject("ADMIN/Edit Text/Bespoke/Buyer Pages/Checkout Delivery Details/input_LAST NAME_last-name"), "*"): Keys '*' sent to object: 'Object Repository/ADMIN/Edit Text/Bespoke/Buyer Pages/Checkout Delivery Details/input_LAST NAME_last-name'

2020-03-20 10:07:15 - [MESSAGE][PASSED] - Keys '*' sent to object: 'Object Repository/ADMIN/Edit Text/Bespoke/Buyer Pages/Checkout Delivery Details/input_LAST NAME_last-name'

2020-03-20 10:07:15 - [TEST_STEP][PASSED] - sendKeys(findTestObject("ADMIN/Edit Text/Bespoke/Buyer Pages/Checkout Delivery Details/input_NOTIFICATION EMAIL_notification-email"), "*"): Keys '*' sent to object: 'Object Repository/ADMIN/Edit Text/Bespoke/Buyer Pages/Checkout Delivery Details/input_NOTIFICATION EMAIL_notification-email'

2020-03-20 10:07:15 - [MESSAGE][PASSED] - Keys '*' sent to object: 'Object Repository/ADMIN/Edit Text/Bespoke/Buyer Pages/Checkout Delivery Details/input_NOTIFICATION EMAIL_notification-email'

2020-03-20 10:07:15 - [TEST_STEP][PASSED] - sendKeys(findTestObject("ADMIN/Edit Text/Bespoke/Buyer Pages/Checkout Delivery Details/input_CONTACT NUMBER_contact-number"), "*"): Keys '*' sent to object: 'Object Repository/ADMIN/Edit Text/Bespoke/Buyer Pages/Checkout Delivery Details/input_CONTACT NUMBER_contact-number'

2020-03-20 10:07:15 - [MESSAGE][PASSED] - Keys '*' sent to object: 'Object Repository/ADMIN/Edit Text/Bespoke/Buyer Pages/Checkout Delivery Details/input_CONTACT NUMBER_contact-number'

2020-03-20 10:07:15 - [TEST_STEP][PASSED] - sendKeys(findTestObject("ADMIN/Edit Text/Bespoke/Buyer Pages/Checkout Delivery Details/input_ADD NEW_btn_add"), "*"): Keys '*' sent to object: 'Object Repository/ADMIN/Edit Text/Bespoke/Buyer Pages/Checkout Delivery Details/input_ADD NEW_btn_add'

2020-03-20 10:07:15 - [MESSAGE][PASSED] - Keys '*' sent to object: 'Object Repository/ADMIN/Edit Text/Bespoke/Buyer Pages/Checkout Delivery Details/input_ADD NEW_btn_add'

2020-03-20 10:07:15 - [TEST_STEP][PASSED] - sendKeys(findTestObject("ADMIN/Edit Text/Bespoke/Buyer Pages/Checkout Delivery Details/input_SELECT ADDRESS_btn_select"), "*"): Keys '*' sent to object: 'Object Repository/ADMIN/Edit Text/Bespoke/Buyer Pages/Checkout Delivery Details/input_SELECT ADDRESS_btn_select'

2020-03-20 10:07:15 - [MESSAGE][PASSED] - Keys '*' sent to object: 'Object Repository/ADMIN/Edit Text/Bespoke/Buyer Pages/Checkout Delivery Details/input_SELECT ADDRESS_btn_select'

2020-03-20 10:07:15 - [TEST_STEP][PASSED] - sendKeys(findTestObject("ADMIN/Edit Text/Bespoke/Buyer Pages/Checkout Delivery Details/input_SELECTED_btn_selected"), "*"): Keys '*' sent to object: 'Object Repository/ADMIN/Edit Text/Bespoke/Buyer Pages/Checkout Delivery Details/input_SELECTED_btn_selected'

2020-03-20 10:07:15 - [MESSAGE][PASSED] - Keys '*' sent to object: 'Object Repository/ADMIN/Edit Text/Bespoke/Buyer Pages/Checkout Delivery Details/input_SELECTED_btn_selected'

2020-03-20 10:07:15 - [TEST_STEP][PASSED] - sendKeys(findTestObject("ADMIN/Edit Text/Bespoke/Buyer Pages/Checkout Delivery Details/input_ADDRESSEE FIRST NAME_addressee-first-name"), "*"): Keys '*' sent to object: 'Object Repository/ADMIN/Edit Text/Bespoke/Buyer Pages/Checkout Delivery Details/input_ADDRESSEE FIRST NAME_addressee-first-name'

2020-03-20 10:07:16 - [MESSAGE][PASSED] - Keys '*' sent to object: 'Object Repository/ADMIN/Edit Text/Bespoke/Buyer Pages/Checkout Delivery Details/input_ADDRESSEE FIRST NAME_addressee-first-name'

2020-03-20 10:07:16 - [TEST_STEP][PASSED] - sendKeys(findTestObject("ADMIN/Edit Text/Bespoke/Buyer Pages/Checkout Delivery Details/input_ADDRESSEE LAST NAME_addressee-last-name"), "*"): Keys '*' sent to object: 'Object Repository/ADMIN/Edit Text/Bespoke/Buyer Pages/Checkout Delivery Details/input_ADDRESSEE LAST NAME_addressee-last-name'

2020-03-20 10:07:16 - [MESSAGE][PASSED] - Keys '*' sent to object: 'Object Repository/ADMIN/Edit Text/Bespoke/Buyer Pages/Checkout Delivery Details/input_ADDRESSEE LAST NAME_addressee-last-name'

2020-03-20 10:07:16 - [TEST_STEP][PASSED] - sendKeys(findTestObject("ADMIN/Edit Text/Bespoke/Buyer Pages/Checkout Delivery Details/input_COUNTRY_delivery-country"), "*"): Keys '*' sent to object: 'Object Repository/ADMIN/Edit Text/Bespoke/Buyer Pages/Checkout Delivery Details/input_COUNTRY_delivery-country'

2020-03-20 10:07:16 - [MESSAGE][PASSED] - Keys '*' sent to object: 'Object Repository/ADMIN/Edit Text/Bespoke/Buyer Pages/Checkout Delivery Details/input_COUNTRY_delivery-country'

2020-03-20 10:07:16 - [TEST_STEP][PASSED] - sendKeys(findTestObject("ADMIN/Edit Text/Bespoke/Buyer Pages/Checkout Delivery Details/input_State_delivery-state"), "*"): Keys '*' sent to object: 'Object Repository/ADMIN/Edit Text/Bespoke/Buyer Pages/Checkout Delivery Details/input_State_delivery-state'

2020-03-20 10:07:16 - [MESSAGE][PASSED] - Keys '*' sent to object: 'Object Repository/ADMIN/Edit Text/Bespoke/Buyer Pages/Checkout Delivery Details/input_State_delivery-state'

2020-03-20 10:07:16 - [TEST_STEP][PASSED] - sendKeys(findTestObject("ADMIN/Edit Text/Bespoke/Buyer Pages/Checkout Delivery Details/input_CITY_delivery-city"), "*"): Keys '*' sent to object: 'Object Repository/ADMIN/Edit Text/Bespoke/Buyer Pages/Checkout Delivery Details/input_CITY_delivery-city'

2020-03-20 10:07:16 - [MESSAGE][PASSED] - Keys '*' sent to object: 'Object Repository/ADMIN/Edit Text/Bespoke/Buyer Pages/Checkout Delivery Details/input_CITY_delivery-city'

2020-03-20 10:07:16 - [TEST_STEP][PASSED] - sendKeys(findTestObject("ADMIN/Edit Text/Bespoke/Buyer Pages/Checkout Delivery Details/input_ADDRESS_delivery-address"), "*"): Keys '*' sent to object: 'Object Repository/ADMIN/Edit Text/Bespoke/Buyer Pages/Checkout Delivery Details/input_ADDRESS_delivery-address'

2020-03-20 10:07:16 - [MESSAGE][PASSED] - Keys '*' sent to object: 'Object Repository/ADMIN/Edit Text/Bespoke/Buyer Pages/Checkout Delivery Details/input_ADDRESS_delivery-address'

2020-03-20 10:07:16 - [TEST_STEP][PASSED] - sendKeys(findTestObject("ADMIN/Edit Text/Bespoke/Buyer Pages/Checkout Delivery Details/input_POSTAL CODE_delivery-postal-code"), "*"): Keys '*' sent to object: 'Object Repository/ADMIN/Edit Text/Bespoke/Buyer Pages/Checkout Delivery Details/input_POSTAL CODE_delivery-postal-code'

2020-03-20 10:07:16 - [MESSAGE][PASSED] - Keys '*' sent to object: 'Object Repository/ADMIN/Edit Text/Bespoke/Buyer Pages/Checkout Delivery Details/input_POSTAL CODE_delivery-postal-code'

2020-03-20 10:07:16 - [TEST_STEP][PASSED] - sendKeys(findTestObject("ADMIN/Edit Text/Bespoke/Buyer Pages/Checkout Delivery Details/input_SAVE_btn_save"), "*"): Keys '*' sent to object: 'Object Repository/ADMIN/Edit Text/Bespoke/Buyer Pages/Checkout Delivery Details/input_SAVE_btn_save'

2020-03-20 10:07:16 - [MESSAGE][PASSED] - Keys '*' sent to object: 'Object Repository/ADMIN/Edit Text/Bespoke/Buyer Pages/Checkout Delivery Details/input_SAVE_btn_save'

2020-03-20 10:07:16 - [TEST_STEP][PASSED] - sendKeys(findTestObject("ADMIN/Edit Text/Bespoke/Buyer Pages/Checkout Delivery Details/input_NEXT_btn_next"), "*"): Keys '*' sent to object: 'Object Repository/ADMIN/Edit Text/Bespoke/Buyer Pages/Checkout Delivery Details/input_NEXT_btn_next'

2020-03-20 10:07:17 - [MESSAGE][PASSED] - Keys '*' sent to object: 'Object Repository/ADMIN/Edit Text/Bespoke/Buyer Pages/Checkout Delivery Details/input_NEXT_btn_next'

2020-03-20 10:07:17 - [TEST_STEP][PASSED] - sendKeys(findTestObject("ADMIN/Edit Text/Bespoke/Buyer Pages/Checkout Delivery Details/input_REMOVE ITEM_popup-title"), "*"): Keys '*' sent to object: 'Object Repository/ADMIN/Edit Text/Bespoke/Buyer Pages/Checkout Delivery Details/input_REMOVE ITEM_popup-title'

2020-03-20 10:07:17 - [MESSAGE][PASSED] - Keys '*' sent to object: 'Object Repository/ADMIN/Edit Text/Bespoke/Buyer Pages/Checkout Delivery Details/input_REMOVE ITEM_popup-title'

2020-03-20 10:07:17 - [TEST_STEP][PASSED] - sendKeys(findTestObject("ADMIN/Edit Text/Bespoke/Buyer Pages/Checkout Delivery Details/textarea_You sure about removing this item from your list (Itll be gone forever)"), "*"): Keys '*' sent to object: 'Object Repository/ADMIN/Edit Text/Bespoke/Buyer Pages/Checkout Delivery Details/textarea_You sure about removing this item from your list (Itll be gone forever)'

2020-03-20 10:07:17 - [MESSAGE][PASSED] - Keys '*' sent to object: 'Object Repository/ADMIN/Edit Text/Bespoke/Buyer Pages/Checkout Delivery Details/textarea_You sure about removing this item from your list (Itll be gone forever)'

2020-03-20 10:07:17 - [TEST_STEP][PASSED] - sendKeys(findTestObject("ADMIN/Edit Text/Bespoke/Buyer Pages/Checkout Delivery Details/input_CANCEL_btn_cancel"), "*"): Keys '*' sent to object: 'Object Repository/ADMIN/Edit Text/Bespoke/Buyer Pages/Checkout Delivery Details/input_CANCEL_btn_cancel'

2020-03-20 10:07:17 - [MESSAGE][PASSED] - Keys '*' sent to object: 'Object Repository/ADMIN/Edit Text/Bespoke/Buyer Pages/Checkout Delivery Details/input_CANCEL_btn_cancel'

2020-03-20 10:07:17 - [TEST_STEP][PASSED] - sendKeys(findTestObject("ADMIN/Edit Text/Bespoke/Buyer Pages/Checkout Delivery Details/input_Okay_btn_okay"), "*"): Keys '*' sent to object: 'Object Repository/ADMIN/Edit Text/Bespoke/Buyer Pages/Checkout Delivery Details/input_Okay_btn_okay'

2020-03-20 10:07:17 - [MESSAGE][PASSED] - Keys '*' sent to object: 'Object Repository/ADMIN/Edit Text/Bespoke/Buyer Pages/Checkout Delivery Details/input_Okay_btn_okay'

2020-03-20 10:07:17 - [TEST_STEP][PASSED] - click(findTestObject("ADMIN/Edit Text/Bespoke/Buyer Pages/Homepage/button_save"), CONTINUE_ON_FAILURE): Object: 'Object Repository/ADMIN/Edit Text/Bespoke/Buyer Pages/Homepage/button_save' is clicked on

2020-03-20 10:07:18 - [MESSAGE][PASSED] - Object: 'Object Repository/ADMIN/Edit Text/Bespoke/Buyer Pages/Homepage/button_save' is clicked on

2020-03-20 10:07:18 - [TEST_STEP][PASSED] - waitForElementVisible(findTestObject("ADMIN/Edit Text/Bespoke/Buyer Pages/Homepage/toaster_success"), 0): Object 'Object Repository/ADMIN/Edit Text/Bespoke/Buyer Pages/Homepage/toaster_success' is visible

2020-03-20 10:07:18 - [MESSAGE][WARNING] - Timeout '0' is invalid. Using default page load timeout: '30'

2020-03-20 10:07:18 - [MESSAGE][PASSED] - Object 'Object Repository/ADMIN/Edit Text/Bespoke/Buyer Pages/Homepage/toaster_success' is visible]]></system-out>
         <system-err><![CDATA[]]></system-err>
      </testcase>
      <testcase name="Test Cases/ADMIN/Language/Edit Text/Bespoke/Buyer Pages/Checkout Delivery" time="6.511" classname="Test Cases/ADMIN/Language/Edit Text/Bespoke/Buyer Pages/Checkout Delivery" status="PASSED">
         <system-out><![CDATA[2020-03-20 10:07:18 - [TEST_CASE][PASSED] - Test Cases/ADMIN/Language/Edit Text/Bespoke/Buyer Pages/Checkout Delivery: Test Cases/ADMIN/Language/Edit Text/Bespoke/Buyer Pages/Checkout Delivery

2020-03-20 10:07:18 - [TEST_STEP][PASSED] - waitForElementVisible(findTestObject("ADMIN/Edit Text/Bespoke/Buyer Navigation/dd_language"), 0): Object 'Object Repository/ADMIN/Edit Text/Bespoke/Buyer Navigation/dd_language' is visible

2020-03-20 10:07:18 - [MESSAGE][WARNING] - Timeout '0' is invalid. Using default page load timeout: '30'

2020-03-20 10:07:18 - [MESSAGE][PASSED] - Object 'Object Repository/ADMIN/Edit Text/Bespoke/Buyer Navigation/dd_language' is visible

2020-03-20 10:07:18 - [TEST_STEP][PASSED] - selectOptionByLabel(findTestObject("ADMIN/Edit Text/Bespoke/Buyer Navigation/dd_language"), varLanguage, false): All options with label 'Chinese (Simplified)' are selected in object 'Object Repository/ADMIN/Edit Text/Bespoke/Buyer Navigation/dd_language' 

2020-03-20 10:07:20 - [MESSAGE][PASSED] - All options with label 'Chinese (Simplified)' are selected in object 'Object Repository/ADMIN/Edit Text/Bespoke/Buyer Navigation/dd_language' 

2020-03-20 10:07:20 - [TEST_STEP][PASSED] - sendKeys(findTestObject("ADMIN/Edit Text/Bespoke/Buyer Pages/Checkout Delivery Details/input_DELIVERY_tab-title"), "*"): Keys '*' sent to object: 'Object Repository/ADMIN/Edit Text/Bespoke/Buyer Pages/Checkout Delivery Details/input_DELIVERY_tab-title'

2020-03-20 10:07:20 - [MESSAGE][PASSED] - Keys '*' sent to object: 'Object Repository/ADMIN/Edit Text/Bespoke/Buyer Pages/Checkout Delivery Details/input_DELIVERY_tab-title'

2020-03-20 10:07:20 - [TEST_STEP][PASSED] - sendKeys(findTestObject("ADMIN/Edit Text/Bespoke/Buyer Pages/Checkout Delivery Details/input_REVIEW_tab-title"), "*"): Keys '*' sent to object: 'Object Repository/ADMIN/Edit Text/Bespoke/Buyer Pages/Checkout Delivery Details/input_REVIEW_tab-title'

2020-03-20 10:07:21 - [MESSAGE][PASSED] - Keys '*' sent to object: 'Object Repository/ADMIN/Edit Text/Bespoke/Buyer Pages/Checkout Delivery Details/input_REVIEW_tab-title'

2020-03-20 10:07:21 - [TEST_STEP][PASSED] - sendKeys(findTestObject("ADMIN/Edit Text/Bespoke/Buyer Pages/Checkout Delivery Details/input_PAY_tab-title"), "*"): Keys '*' sent to object: 'Object Repository/ADMIN/Edit Text/Bespoke/Buyer Pages/Checkout Delivery Details/input_PAY_tab-title'

2020-03-20 10:07:21 - [MESSAGE][PASSED] - Keys '*' sent to object: 'Object Repository/ADMIN/Edit Text/Bespoke/Buyer Pages/Checkout Delivery Details/input_PAY_tab-title'

2020-03-20 10:07:21 - [TEST_STEP][PASSED] - sendKeys(findTestObject("ADMIN/Edit Text/Bespoke/Buyer Pages/Checkout Delivery Details/input_Already registered with us_guest-info-txt"), "*"): Keys '*' sent to object: 'Object Repository/ADMIN/Edit Text/Bespoke/Buyer Pages/Checkout Delivery Details/input_Already registered with us_guest-info-txt'

2020-03-20 10:07:21 - [MESSAGE][PASSED] - Keys '*' sent to object: 'Object Repository/ADMIN/Edit Text/Bespoke/Buyer Pages/Checkout Delivery Details/input_Already registered with us_guest-info-txt'

2020-03-20 10:07:21 - [TEST_STEP][PASSED] - sendKeys(findTestObject("ADMIN/Edit Text/Bespoke/Buyer Pages/Checkout Delivery Details/input_SIGN IN NOW_btn_next"), "*"): Keys '*' sent to object: 'Object Repository/ADMIN/Edit Text/Bespoke/Buyer Pages/Checkout Delivery Details/input_SIGN IN NOW_btn_next'

2020-03-20 10:07:21 - [MESSAGE][PASSED] - Keys '*' sent to object: 'Object Repository/ADMIN/Edit Text/Bespoke/Buyer Pages/Checkout Delivery Details/input_SIGN IN NOW_btn_next'

2020-03-20 10:07:21 - [TEST_STEP][PASSED] - sendKeys(findTestObject("ADMIN/Edit Text/Bespoke/Buyer Pages/Checkout Delivery Details/input_FIRST NAME_first-name"), "*"): Keys '*' sent to object: 'Object Repository/ADMIN/Edit Text/Bespoke/Buyer Pages/Checkout Delivery Details/input_FIRST NAME_first-name'

2020-03-20 10:07:21 - [MESSAGE][PASSED] - Keys '*' sent to object: 'Object Repository/ADMIN/Edit Text/Bespoke/Buyer Pages/Checkout Delivery Details/input_FIRST NAME_first-name'

2020-03-20 10:07:21 - [TEST_STEP][PASSED] - sendKeys(findTestObject("ADMIN/Edit Text/Bespoke/Buyer Pages/Checkout Delivery Details/input_LAST NAME_last-name"), "*"): Keys '*' sent to object: 'Object Repository/ADMIN/Edit Text/Bespoke/Buyer Pages/Checkout Delivery Details/input_LAST NAME_last-name'

2020-03-20 10:07:21 - [MESSAGE][PASSED] - Keys '*' sent to object: 'Object Repository/ADMIN/Edit Text/Bespoke/Buyer Pages/Checkout Delivery Details/input_LAST NAME_last-name'

2020-03-20 10:07:21 - [TEST_STEP][PASSED] - sendKeys(findTestObject("ADMIN/Edit Text/Bespoke/Buyer Pages/Checkout Delivery Details/input_NOTIFICATION EMAIL_notification-email"), "*"): Keys '*' sent to object: 'Object Repository/ADMIN/Edit Text/Bespoke/Buyer Pages/Checkout Delivery Details/input_NOTIFICATION EMAIL_notification-email'

2020-03-20 10:07:22 - [MESSAGE][PASSED] - Keys '*' sent to object: 'Object Repository/ADMIN/Edit Text/Bespoke/Buyer Pages/Checkout Delivery Details/input_NOTIFICATION EMAIL_notification-email'

2020-03-20 10:07:22 - [TEST_STEP][PASSED] - sendKeys(findTestObject("ADMIN/Edit Text/Bespoke/Buyer Pages/Checkout Delivery Details/input_CONTACT NUMBER_contact-number"), "*"): Keys '*' sent to object: 'Object Repository/ADMIN/Edit Text/Bespoke/Buyer Pages/Checkout Delivery Details/input_CONTACT NUMBER_contact-number'

2020-03-20 10:07:22 - [MESSAGE][PASSED] - Keys '*' sent to object: 'Object Repository/ADMIN/Edit Text/Bespoke/Buyer Pages/Checkout Delivery Details/input_CONTACT NUMBER_contact-number'

2020-03-20 10:07:22 - [TEST_STEP][PASSED] - sendKeys(findTestObject("ADMIN/Edit Text/Bespoke/Buyer Pages/Checkout Delivery Details/input_ADD NEW_btn_add"), "*"): Keys '*' sent to object: 'Object Repository/ADMIN/Edit Text/Bespoke/Buyer Pages/Checkout Delivery Details/input_ADD NEW_btn_add'

2020-03-20 10:07:22 - [MESSAGE][PASSED] - Keys '*' sent to object: 'Object Repository/ADMIN/Edit Text/Bespoke/Buyer Pages/Checkout Delivery Details/input_ADD NEW_btn_add'

2020-03-20 10:07:22 - [TEST_STEP][PASSED] - sendKeys(findTestObject("ADMIN/Edit Text/Bespoke/Buyer Pages/Checkout Delivery Details/input_SELECT ADDRESS_btn_select"), "*"): Keys '*' sent to object: 'Object Repository/ADMIN/Edit Text/Bespoke/Buyer Pages/Checkout Delivery Details/input_SELECT ADDRESS_btn_select'

2020-03-20 10:07:22 - [MESSAGE][PASSED] - Keys '*' sent to object: 'Object Repository/ADMIN/Edit Text/Bespoke/Buyer Pages/Checkout Delivery Details/input_SELECT ADDRESS_btn_select'

2020-03-20 10:07:22 - [TEST_STEP][PASSED] - sendKeys(findTestObject("ADMIN/Edit Text/Bespoke/Buyer Pages/Checkout Delivery Details/input_SELECTED_btn_selected"), "*"): Keys '*' sent to object: 'Object Repository/ADMIN/Edit Text/Bespoke/Buyer Pages/Checkout Delivery Details/input_SELECTED_btn_selected'

2020-03-20 10:07:22 - [MESSAGE][PASSED] - Keys '*' sent to object: 'Object Repository/ADMIN/Edit Text/Bespoke/Buyer Pages/Checkout Delivery Details/input_SELECTED_btn_selected'

2020-03-20 10:07:22 - [TEST_STEP][PASSED] - sendKeys(findTestObject("ADMIN/Edit Text/Bespoke/Buyer Pages/Checkout Delivery Details/input_ADDRESSEE FIRST NAME_addressee-first-name"), "*"): Keys '*' sent to object: 'Object Repository/ADMIN/Edit Text/Bespoke/Buyer Pages/Checkout Delivery Details/input_ADDRESSEE FIRST NAME_addressee-first-name'

2020-03-20 10:07:22 - [MESSAGE][PASSED] - Keys '*' sent to object: 'Object Repository/ADMIN/Edit Text/Bespoke/Buyer Pages/Checkout Delivery Details/input_ADDRESSEE FIRST NAME_addressee-first-name'

2020-03-20 10:07:22 - [TEST_STEP][PASSED] - sendKeys(findTestObject("ADMIN/Edit Text/Bespoke/Buyer Pages/Checkout Delivery Details/input_ADDRESSEE LAST NAME_addressee-last-name"), "*"): Keys '*' sent to object: 'Object Repository/ADMIN/Edit Text/Bespoke/Buyer Pages/Checkout Delivery Details/input_ADDRESSEE LAST NAME_addressee-last-name'

2020-03-20 10:07:23 - [MESSAGE][PASSED] - Keys '*' sent to object: 'Object Repository/ADMIN/Edit Text/Bespoke/Buyer Pages/Checkout Delivery Details/input_ADDRESSEE LAST NAME_addressee-last-name'

2020-03-20 10:07:23 - [TEST_STEP][PASSED] - sendKeys(findTestObject("ADMIN/Edit Text/Bespoke/Buyer Pages/Checkout Delivery Details/input_COUNTRY_delivery-country"), "*"): Keys '*' sent to object: 'Object Repository/ADMIN/Edit Text/Bespoke/Buyer Pages/Checkout Delivery Details/input_COUNTRY_delivery-country'

2020-03-20 10:07:23 - [MESSAGE][PASSED] - Keys '*' sent to object: 'Object Repository/ADMIN/Edit Text/Bespoke/Buyer Pages/Checkout Delivery Details/input_COUNTRY_delivery-country'

2020-03-20 10:07:23 - [TEST_STEP][PASSED] - sendKeys(findTestObject("ADMIN/Edit Text/Bespoke/Buyer Pages/Checkout Delivery Details/input_State_delivery-state"), "*"): Keys '*' sent to object: 'Object Repository/ADMIN/Edit Text/Bespoke/Buyer Pages/Checkout Delivery Details/input_State_delivery-state'

2020-03-20 10:07:23 - [MESSAGE][PASSED] - Keys '*' sent to object: 'Object Repository/ADMIN/Edit Text/Bespoke/Buyer Pages/Checkout Delivery Details/input_State_delivery-state'

2020-03-20 10:07:23 - [TEST_STEP][PASSED] - sendKeys(findTestObject("ADMIN/Edit Text/Bespoke/Buyer Pages/Checkout Delivery Details/input_CITY_delivery-city"), "*"): Keys '*' sent to object: 'Object Repository/ADMIN/Edit Text/Bespoke/Buyer Pages/Checkout Delivery Details/input_CITY_delivery-city'

2020-03-20 10:07:23 - [MESSAGE][PASSED] - Keys '*' sent to object: 'Object Repository/ADMIN/Edit Text/Bespoke/Buyer Pages/Checkout Delivery Details/input_CITY_delivery-city'

2020-03-20 10:07:23 - [TEST_STEP][PASSED] - sendKeys(findTestObject("ADMIN/Edit Text/Bespoke/Buyer Pages/Checkout Delivery Details/input_ADDRESS_delivery-address"), "*"): Keys '*' sent to object: 'Object Repository/ADMIN/Edit Text/Bespoke/Buyer Pages/Checkout Delivery Details/input_ADDRESS_delivery-address'

2020-03-20 10:07:23 - [MESSAGE][PASSED] - Keys '*' sent to object: 'Object Repository/ADMIN/Edit Text/Bespoke/Buyer Pages/Checkout Delivery Details/input_ADDRESS_delivery-address'

2020-03-20 10:07:23 - [TEST_STEP][PASSED] - sendKeys(findTestObject("ADMIN/Edit Text/Bespoke/Buyer Pages/Checkout Delivery Details/input_POSTAL CODE_delivery-postal-code"), "*"): Keys '*' sent to object: 'Object Repository/ADMIN/Edit Text/Bespoke/Buyer Pages/Checkout Delivery Details/input_POSTAL CODE_delivery-postal-code'

2020-03-20 10:07:23 - [MESSAGE][PASSED] - Keys '*' sent to object: 'Object Repository/ADMIN/Edit Text/Bespoke/Buyer Pages/Checkout Delivery Details/input_POSTAL CODE_delivery-postal-code'

2020-03-20 10:07:23 - [TEST_STEP][PASSED] - sendKeys(findTestObject("ADMIN/Edit Text/Bespoke/Buyer Pages/Checkout Delivery Details/input_SAVE_btn_save"), "*"): Keys '*' sent to object: 'Object Repository/ADMIN/Edit Text/Bespoke/Buyer Pages/Checkout Delivery Details/input_SAVE_btn_save'

2020-03-20 10:07:23 - [MESSAGE][PASSED] - Keys '*' sent to object: 'Object Repository/ADMIN/Edit Text/Bespoke/Buyer Pages/Checkout Delivery Details/input_SAVE_btn_save'

2020-03-20 10:07:23 - [TEST_STEP][PASSED] - sendKeys(findTestObject("ADMIN/Edit Text/Bespoke/Buyer Pages/Checkout Delivery Details/input_NEXT_btn_next"), "*"): Keys '*' sent to object: 'Object Repository/ADMIN/Edit Text/Bespoke/Buyer Pages/Checkout Delivery Details/input_NEXT_btn_next'

2020-03-20 10:07:23 - [MESSAGE][PASSED] - Keys '*' sent to object: 'Object Repository/ADMIN/Edit Text/Bespoke/Buyer Pages/Checkout Delivery Details/input_NEXT_btn_next'

2020-03-20 10:07:23 - [TEST_STEP][PASSED] - sendKeys(findTestObject("ADMIN/Edit Text/Bespoke/Buyer Pages/Checkout Delivery Details/input_REMOVE ITEM_popup-title"), "*"): Keys '*' sent to object: 'Object Repository/ADMIN/Edit Text/Bespoke/Buyer Pages/Checkout Delivery Details/input_REMOVE ITEM_popup-title'

2020-03-20 10:07:24 - [MESSAGE][PASSED] - Keys '*' sent to object: 'Object Repository/ADMIN/Edit Text/Bespoke/Buyer Pages/Checkout Delivery Details/input_REMOVE ITEM_popup-title'

2020-03-20 10:07:24 - [TEST_STEP][PASSED] - sendKeys(findTestObject("ADMIN/Edit Text/Bespoke/Buyer Pages/Checkout Delivery Details/textarea_You sure about removing this item from your list (Itll be gone forever)"), "*"): Keys '*' sent to object: 'Object Repository/ADMIN/Edit Text/Bespoke/Buyer Pages/Checkout Delivery Details/textarea_You sure about removing this item from your list (Itll be gone forever)'

2020-03-20 10:07:24 - [MESSAGE][PASSED] - Keys '*' sent to object: 'Object Repository/ADMIN/Edit Text/Bespoke/Buyer Pages/Checkout Delivery Details/textarea_You sure about removing this item from your list (Itll be gone forever)'

2020-03-20 10:07:24 - [TEST_STEP][PASSED] - sendKeys(findTestObject("ADMIN/Edit Text/Bespoke/Buyer Pages/Checkout Delivery Details/input_CANCEL_btn_cancel"), "*"): Keys '*' sent to object: 'Object Repository/ADMIN/Edit Text/Bespoke/Buyer Pages/Checkout Delivery Details/input_CANCEL_btn_cancel'

2020-03-20 10:07:24 - [MESSAGE][PASSED] - Keys '*' sent to object: 'Object Repository/ADMIN/Edit Text/Bespoke/Buyer Pages/Checkout Delivery Details/input_CANCEL_btn_cancel'

2020-03-20 10:07:24 - [TEST_STEP][PASSED] - sendKeys(findTestObject("ADMIN/Edit Text/Bespoke/Buyer Pages/Checkout Delivery Details/input_Okay_btn_okay"), "*"): Keys '*' sent to object: 'Object Repository/ADMIN/Edit Text/Bespoke/Buyer Pages/Checkout Delivery Details/input_Okay_btn_okay'

2020-03-20 10:07:24 - [MESSAGE][PASSED] - Keys '*' sent to object: 'Object Repository/ADMIN/Edit Text/Bespoke/Buyer Pages/Checkout Delivery Details/input_Okay_btn_okay'

2020-03-20 10:07:24 - [TEST_STEP][PASSED] - click(findTestObject("ADMIN/Edit Text/Bespoke/Buyer Pages/Homepage/button_save"), CONTINUE_ON_FAILURE): Object: 'Object Repository/ADMIN/Edit Text/Bespoke/Buyer Pages/Homepage/button_save' is clicked on

2020-03-20 10:07:24 - [MESSAGE][PASSED] - Object: 'Object Repository/ADMIN/Edit Text/Bespoke/Buyer Pages/Homepage/button_save' is clicked on

2020-03-20 10:07:24 - [TEST_STEP][PASSED] - waitForElementVisible(findTestObject("ADMIN/Edit Text/Bespoke/Buyer Pages/Homepage/toaster_success"), 0): Object 'Object Repository/ADMIN/Edit Text/Bespoke/Buyer Pages/Homepage/toaster_success' is visible

2020-03-20 10:07:24 - [MESSAGE][WARNING] - Timeout '0' is invalid. Using default page load timeout: '30'

2020-03-20 10:07:25 - [MESSAGE][PASSED] - Object 'Object Repository/ADMIN/Edit Text/Bespoke/Buyer Pages/Homepage/toaster_success' is visible]]></system-out>
         <system-err><![CDATA[]]></system-err>
      </testcase>
      <testcase name="Test Cases/ADMIN/Language/Edit Text/Bespoke/Buyer Pages/Checkout Delivery" time="7.044" classname="Test Cases/ADMIN/Language/Edit Text/Bespoke/Buyer Pages/Checkout Delivery" status="PASSED">
         <system-out><![CDATA[2020-03-20 10:07:25 - [TEST_CASE][PASSED] - Test Cases/ADMIN/Language/Edit Text/Bespoke/Buyer Pages/Checkout Delivery: Test Cases/ADMIN/Language/Edit Text/Bespoke/Buyer Pages/Checkout Delivery

2020-03-20 10:07:25 - [TEST_STEP][PASSED] - waitForElementVisible(findTestObject("ADMIN/Edit Text/Bespoke/Buyer Navigation/dd_language"), 0): Object 'Object Repository/ADMIN/Edit Text/Bespoke/Buyer Navigation/dd_language' is visible

2020-03-20 10:07:25 - [MESSAGE][WARNING] - Timeout '0' is invalid. Using default page load timeout: '30'

2020-03-20 10:07:25 - [MESSAGE][PASSED] - Object 'Object Repository/ADMIN/Edit Text/Bespoke/Buyer Navigation/dd_language' is visible

2020-03-20 10:07:25 - [TEST_STEP][PASSED] - selectOptionByLabel(findTestObject("ADMIN/Edit Text/Bespoke/Buyer Navigation/dd_language"), varLanguage, false): All options with label 'Hebrew' are selected in object 'Object Repository/ADMIN/Edit Text/Bespoke/Buyer Navigation/dd_language' 

2020-03-20 10:07:26 - [MESSAGE][PASSED] - All options with label 'Hebrew' are selected in object 'Object Repository/ADMIN/Edit Text/Bespoke/Buyer Navigation/dd_language' 

2020-03-20 10:07:26 - [TEST_STEP][PASSED] - sendKeys(findTestObject("ADMIN/Edit Text/Bespoke/Buyer Pages/Checkout Delivery Details/input_DELIVERY_tab-title"), "*"): Keys '*' sent to object: 'Object Repository/ADMIN/Edit Text/Bespoke/Buyer Pages/Checkout Delivery Details/input_DELIVERY_tab-title'

2020-03-20 10:07:27 - [MESSAGE][PASSED] - Keys '*' sent to object: 'Object Repository/ADMIN/Edit Text/Bespoke/Buyer Pages/Checkout Delivery Details/input_DELIVERY_tab-title'

2020-03-20 10:07:27 - [TEST_STEP][PASSED] - sendKeys(findTestObject("ADMIN/Edit Text/Bespoke/Buyer Pages/Checkout Delivery Details/input_REVIEW_tab-title"), "*"): Keys '*' sent to object: 'Object Repository/ADMIN/Edit Text/Bespoke/Buyer Pages/Checkout Delivery Details/input_REVIEW_tab-title'

2020-03-20 10:07:27 - [MESSAGE][PASSED] - Keys '*' sent to object: 'Object Repository/ADMIN/Edit Text/Bespoke/Buyer Pages/Checkout Delivery Details/input_REVIEW_tab-title'

2020-03-20 10:07:27 - [TEST_STEP][PASSED] - sendKeys(findTestObject("ADMIN/Edit Text/Bespoke/Buyer Pages/Checkout Delivery Details/input_PAY_tab-title"), "*"): Keys '*' sent to object: 'Object Repository/ADMIN/Edit Text/Bespoke/Buyer Pages/Checkout Delivery Details/input_PAY_tab-title'

2020-03-20 10:07:27 - [MESSAGE][PASSED] - Keys '*' sent to object: 'Object Repository/ADMIN/Edit Text/Bespoke/Buyer Pages/Checkout Delivery Details/input_PAY_tab-title'

2020-03-20 10:07:27 - [TEST_STEP][PASSED] - sendKeys(findTestObject("ADMIN/Edit Text/Bespoke/Buyer Pages/Checkout Delivery Details/input_Already registered with us_guest-info-txt"), "*"): Keys '*' sent to object: 'Object Repository/ADMIN/Edit Text/Bespoke/Buyer Pages/Checkout Delivery Details/input_Already registered with us_guest-info-txt'

2020-03-20 10:07:28 - [MESSAGE][PASSED] - Keys '*' sent to object: 'Object Repository/ADMIN/Edit Text/Bespoke/Buyer Pages/Checkout Delivery Details/input_Already registered with us_guest-info-txt'

2020-03-20 10:07:28 - [TEST_STEP][PASSED] - sendKeys(findTestObject("ADMIN/Edit Text/Bespoke/Buyer Pages/Checkout Delivery Details/input_SIGN IN NOW_btn_next"), "*"): Keys '*' sent to object: 'Object Repository/ADMIN/Edit Text/Bespoke/Buyer Pages/Checkout Delivery Details/input_SIGN IN NOW_btn_next'

2020-03-20 10:07:28 - [MESSAGE][PASSED] - Keys '*' sent to object: 'Object Repository/ADMIN/Edit Text/Bespoke/Buyer Pages/Checkout Delivery Details/input_SIGN IN NOW_btn_next'

2020-03-20 10:07:28 - [TEST_STEP][PASSED] - sendKeys(findTestObject("ADMIN/Edit Text/Bespoke/Buyer Pages/Checkout Delivery Details/input_FIRST NAME_first-name"), "*"): Keys '*' sent to object: 'Object Repository/ADMIN/Edit Text/Bespoke/Buyer Pages/Checkout Delivery Details/input_FIRST NAME_first-name'

2020-03-20 10:07:28 - [MESSAGE][PASSED] - Keys '*' sent to object: 'Object Repository/ADMIN/Edit Text/Bespoke/Buyer Pages/Checkout Delivery Details/input_FIRST NAME_first-name'

2020-03-20 10:07:28 - [TEST_STEP][PASSED] - sendKeys(findTestObject("ADMIN/Edit Text/Bespoke/Buyer Pages/Checkout Delivery Details/input_LAST NAME_last-name"), "*"): Keys '*' sent to object: 'Object Repository/ADMIN/Edit Text/Bespoke/Buyer Pages/Checkout Delivery Details/input_LAST NAME_last-name'

2020-03-20 10:07:28 - [MESSAGE][PASSED] - Keys '*' sent to object: 'Object Repository/ADMIN/Edit Text/Bespoke/Buyer Pages/Checkout Delivery Details/input_LAST NAME_last-name'

2020-03-20 10:07:28 - [TEST_STEP][PASSED] - sendKeys(findTestObject("ADMIN/Edit Text/Bespoke/Buyer Pages/Checkout Delivery Details/input_NOTIFICATION EMAIL_notification-email"), "*"): Keys '*' sent to object: 'Object Repository/ADMIN/Edit Text/Bespoke/Buyer Pages/Checkout Delivery Details/input_NOTIFICATION EMAIL_notification-email'

2020-03-20 10:07:28 - [MESSAGE][PASSED] - Keys '*' sent to object: 'Object Repository/ADMIN/Edit Text/Bespoke/Buyer Pages/Checkout Delivery Details/input_NOTIFICATION EMAIL_notification-email'

2020-03-20 10:07:28 - [TEST_STEP][PASSED] - sendKeys(findTestObject("ADMIN/Edit Text/Bespoke/Buyer Pages/Checkout Delivery Details/input_CONTACT NUMBER_contact-number"), "*"): Keys '*' sent to object: 'Object Repository/ADMIN/Edit Text/Bespoke/Buyer Pages/Checkout Delivery Details/input_CONTACT NUMBER_contact-number'

2020-03-20 10:07:28 - [MESSAGE][PASSED] - Keys '*' sent to object: 'Object Repository/ADMIN/Edit Text/Bespoke/Buyer Pages/Checkout Delivery Details/input_CONTACT NUMBER_contact-number'

2020-03-20 10:07:28 - [TEST_STEP][PASSED] - sendKeys(findTestObject("ADMIN/Edit Text/Bespoke/Buyer Pages/Checkout Delivery Details/input_ADD NEW_btn_add"), "*"): Keys '*' sent to object: 'Object Repository/ADMIN/Edit Text/Bespoke/Buyer Pages/Checkout Delivery Details/input_ADD NEW_btn_add'

2020-03-20 10:07:28 - [MESSAGE][PASSED] - Keys '*' sent to object: 'Object Repository/ADMIN/Edit Text/Bespoke/Buyer Pages/Checkout Delivery Details/input_ADD NEW_btn_add'

2020-03-20 10:07:28 - [TEST_STEP][PASSED] - sendKeys(findTestObject("ADMIN/Edit Text/Bespoke/Buyer Pages/Checkout Delivery Details/input_SELECT ADDRESS_btn_select"), "*"): Keys '*' sent to object: 'Object Repository/ADMIN/Edit Text/Bespoke/Buyer Pages/Checkout Delivery Details/input_SELECT ADDRESS_btn_select'

2020-03-20 10:07:28 - [MESSAGE][PASSED] - Keys '*' sent to object: 'Object Repository/ADMIN/Edit Text/Bespoke/Buyer Pages/Checkout Delivery Details/input_SELECT ADDRESS_btn_select'

2020-03-20 10:07:28 - [TEST_STEP][PASSED] - sendKeys(findTestObject("ADMIN/Edit Text/Bespoke/Buyer Pages/Checkout Delivery Details/input_SELECTED_btn_selected"), "*"): Keys '*' sent to object: 'Object Repository/ADMIN/Edit Text/Bespoke/Buyer Pages/Checkout Delivery Details/input_SELECTED_btn_selected'

2020-03-20 10:07:29 - [MESSAGE][PASSED] - Keys '*' sent to object: 'Object Repository/ADMIN/Edit Text/Bespoke/Buyer Pages/Checkout Delivery Details/input_SELECTED_btn_selected'

2020-03-20 10:07:29 - [TEST_STEP][PASSED] - sendKeys(findTestObject("ADMIN/Edit Text/Bespoke/Buyer Pages/Checkout Delivery Details/input_ADDRESSEE FIRST NAME_addressee-first-name"), "*"): Keys '*' sent to object: 'Object Repository/ADMIN/Edit Text/Bespoke/Buyer Pages/Checkout Delivery Details/input_ADDRESSEE FIRST NAME_addressee-first-name'

2020-03-20 10:07:29 - [MESSAGE][PASSED] - Keys '*' sent to object: 'Object Repository/ADMIN/Edit Text/Bespoke/Buyer Pages/Checkout Delivery Details/input_ADDRESSEE FIRST NAME_addressee-first-name'

2020-03-20 10:07:29 - [TEST_STEP][PASSED] - sendKeys(findTestObject("ADMIN/Edit Text/Bespoke/Buyer Pages/Checkout Delivery Details/input_ADDRESSEE LAST NAME_addressee-last-name"), "*"): Keys '*' sent to object: 'Object Repository/ADMIN/Edit Text/Bespoke/Buyer Pages/Checkout Delivery Details/input_ADDRESSEE LAST NAME_addressee-last-name'

2020-03-20 10:07:29 - [MESSAGE][PASSED] - Keys '*' sent to object: 'Object Repository/ADMIN/Edit Text/Bespoke/Buyer Pages/Checkout Delivery Details/input_ADDRESSEE LAST NAME_addressee-last-name'

2020-03-20 10:07:29 - [TEST_STEP][PASSED] - sendKeys(findTestObject("ADMIN/Edit Text/Bespoke/Buyer Pages/Checkout Delivery Details/input_COUNTRY_delivery-country"), "*"): Keys '*' sent to object: 'Object Repository/ADMIN/Edit Text/Bespoke/Buyer Pages/Checkout Delivery Details/input_COUNTRY_delivery-country'

2020-03-20 10:07:29 - [MESSAGE][PASSED] - Keys '*' sent to object: 'Object Repository/ADMIN/Edit Text/Bespoke/Buyer Pages/Checkout Delivery Details/input_COUNTRY_delivery-country'

2020-03-20 10:07:29 - [TEST_STEP][PASSED] - sendKeys(findTestObject("ADMIN/Edit Text/Bespoke/Buyer Pages/Checkout Delivery Details/input_State_delivery-state"), "*"): Keys '*' sent to object: 'Object Repository/ADMIN/Edit Text/Bespoke/Buyer Pages/Checkout Delivery Details/input_State_delivery-state'

2020-03-20 10:07:29 - [MESSAGE][PASSED] - Keys '*' sent to object: 'Object Repository/ADMIN/Edit Text/Bespoke/Buyer Pages/Checkout Delivery Details/input_State_delivery-state'

2020-03-20 10:07:29 - [TEST_STEP][PASSED] - sendKeys(findTestObject("ADMIN/Edit Text/Bespoke/Buyer Pages/Checkout Delivery Details/input_CITY_delivery-city"), "*"): Keys '*' sent to object: 'Object Repository/ADMIN/Edit Text/Bespoke/Buyer Pages/Checkout Delivery Details/input_CITY_delivery-city'

2020-03-20 10:07:29 - [MESSAGE][PASSED] - Keys '*' sent to object: 'Object Repository/ADMIN/Edit Text/Bespoke/Buyer Pages/Checkout Delivery Details/input_CITY_delivery-city'

2020-03-20 10:07:29 - [TEST_STEP][PASSED] - sendKeys(findTestObject("ADMIN/Edit Text/Bespoke/Buyer Pages/Checkout Delivery Details/input_ADDRESS_delivery-address"), "*"): Keys '*' sent to object: 'Object Repository/ADMIN/Edit Text/Bespoke/Buyer Pages/Checkout Delivery Details/input_ADDRESS_delivery-address'

2020-03-20 10:07:29 - [MESSAGE][PASSED] - Keys '*' sent to object: 'Object Repository/ADMIN/Edit Text/Bespoke/Buyer Pages/Checkout Delivery Details/input_ADDRESS_delivery-address'

2020-03-20 10:07:29 - [TEST_STEP][PASSED] - sendKeys(findTestObject("ADMIN/Edit Text/Bespoke/Buyer Pages/Checkout Delivery Details/input_POSTAL CODE_delivery-postal-code"), "*"): Keys '*' sent to object: 'Object Repository/ADMIN/Edit Text/Bespoke/Buyer Pages/Checkout Delivery Details/input_POSTAL CODE_delivery-postal-code'

2020-03-20 10:07:30 - [MESSAGE][PASSED] - Keys '*' sent to object: 'Object Repository/ADMIN/Edit Text/Bespoke/Buyer Pages/Checkout Delivery Details/input_POSTAL CODE_delivery-postal-code'

2020-03-20 10:07:30 - [TEST_STEP][PASSED] - sendKeys(findTestObject("ADMIN/Edit Text/Bespoke/Buyer Pages/Checkout Delivery Details/input_SAVE_btn_save"), "*"): Keys '*' sent to object: 'Object Repository/ADMIN/Edit Text/Bespoke/Buyer Pages/Checkout Delivery Details/input_SAVE_btn_save'

2020-03-20 10:07:30 - [MESSAGE][PASSED] - Keys '*' sent to object: 'Object Repository/ADMIN/Edit Text/Bespoke/Buyer Pages/Checkout Delivery Details/input_SAVE_btn_save'

2020-03-20 10:07:30 - [TEST_STEP][PASSED] - sendKeys(findTestObject("ADMIN/Edit Text/Bespoke/Buyer Pages/Checkout Delivery Details/input_NEXT_btn_next"), "*"): Keys '*' sent to object: 'Object Repository/ADMIN/Edit Text/Bespoke/Buyer Pages/Checkout Delivery Details/input_NEXT_btn_next'

2020-03-20 10:07:30 - [MESSAGE][PASSED] - Keys '*' sent to object: 'Object Repository/ADMIN/Edit Text/Bespoke/Buyer Pages/Checkout Delivery Details/input_NEXT_btn_next'

2020-03-20 10:07:30 - [TEST_STEP][PASSED] - sendKeys(findTestObject("ADMIN/Edit Text/Bespoke/Buyer Pages/Checkout Delivery Details/input_REMOVE ITEM_popup-title"), "*"): Keys '*' sent to object: 'Object Repository/ADMIN/Edit Text/Bespoke/Buyer Pages/Checkout Delivery Details/input_REMOVE ITEM_popup-title'

2020-03-20 10:07:30 - [MESSAGE][PASSED] - Keys '*' sent to object: 'Object Repository/ADMIN/Edit Text/Bespoke/Buyer Pages/Checkout Delivery Details/input_REMOVE ITEM_popup-title'

2020-03-20 10:07:30 - [TEST_STEP][PASSED] - sendKeys(findTestObject("ADMIN/Edit Text/Bespoke/Buyer Pages/Checkout Delivery Details/textarea_You sure about removing this item from your list (Itll be gone forever)"), "*"): Keys '*' sent to object: 'Object Repository/ADMIN/Edit Text/Bespoke/Buyer Pages/Checkout Delivery Details/textarea_You sure about removing this item from your list (Itll be gone forever)'

2020-03-20 10:07:30 - [MESSAGE][PASSED] - Keys '*' sent to object: 'Object Repository/ADMIN/Edit Text/Bespoke/Buyer Pages/Checkout Delivery Details/textarea_You sure about removing this item from your list (Itll be gone forever)'

2020-03-20 10:07:30 - [TEST_STEP][PASSED] - sendKeys(findTestObject("ADMIN/Edit Text/Bespoke/Buyer Pages/Checkout Delivery Details/input_CANCEL_btn_cancel"), "*"): Keys '*' sent to object: 'Object Repository/ADMIN/Edit Text/Bespoke/Buyer Pages/Checkout Delivery Details/input_CANCEL_btn_cancel'

2020-03-20 10:07:30 - [MESSAGE][PASSED] - Keys '*' sent to object: 'Object Repository/ADMIN/Edit Text/Bespoke/Buyer Pages/Checkout Delivery Details/input_CANCEL_btn_cancel'

2020-03-20 10:07:30 - [TEST_STEP][PASSED] - sendKeys(findTestObject("ADMIN/Edit Text/Bespoke/Buyer Pages/Checkout Delivery Details/input_Okay_btn_okay"), "*"): Keys '*' sent to object: 'Object Repository/ADMIN/Edit Text/Bespoke/Buyer Pages/Checkout Delivery Details/input_Okay_btn_okay'

2020-03-20 10:07:31 - [MESSAGE][PASSED] - Keys '*' sent to object: 'Object Repository/ADMIN/Edit Text/Bespoke/Buyer Pages/Checkout Delivery Details/input_Okay_btn_okay'

2020-03-20 10:07:31 - [TEST_STEP][PASSED] - click(findTestObject("ADMIN/Edit Text/Bespoke/Buyer Pages/Homepage/button_save"), CONTINUE_ON_FAILURE): Object: 'Object Repository/ADMIN/Edit Text/Bespoke/Buyer Pages/Homepage/button_save' is clicked on

2020-03-20 10:07:31 - [MESSAGE][PASSED] - Object: 'Object Repository/ADMIN/Edit Text/Bespoke/Buyer Pages/Homepage/button_save' is clicked on

2020-03-20 10:07:31 - [TEST_STEP][PASSED] - waitForElementVisible(findTestObject("ADMIN/Edit Text/Bespoke/Buyer Pages/Homepage/toaster_success"), 0): Object 'Object Repository/ADMIN/Edit Text/Bespoke/Buyer Pages/Homepage/toaster_success' is visible

2020-03-20 10:07:31 - [MESSAGE][WARNING] - Timeout '0' is invalid. Using default page load timeout: '30'

2020-03-20 10:07:32 - [MESSAGE][PASSED] - Object 'Object Repository/ADMIN/Edit Text/Bespoke/Buyer Pages/Homepage/toaster_success' is visible]]></system-out>
         <system-err><![CDATA[]]></system-err>
      </testcase>
      <testcase name="Test Cases/ADMIN/Language/Edit Text/Bespoke/Buyer Pages/Checkout Delivery" time="9.115" classname="Test Cases/ADMIN/Language/Edit Text/Bespoke/Buyer Pages/Checkout Delivery" status="PASSED">
         <system-out><![CDATA[2020-03-20 10:07:32 - [TEST_CASE][PASSED] - Test Cases/ADMIN/Language/Edit Text/Bespoke/Buyer Pages/Checkout Delivery: Test Cases/ADMIN/Language/Edit Text/Bespoke/Buyer Pages/Checkout Delivery

2020-03-20 10:07:32 - [TEST_STEP][PASSED] - waitForElementVisible(findTestObject("ADMIN/Edit Text/Bespoke/Buyer Navigation/dd_language"), 0): Object 'Object Repository/ADMIN/Edit Text/Bespoke/Buyer Navigation/dd_language' is visible

2020-03-20 10:07:32 - [MESSAGE][WARNING] - Timeout '0' is invalid. Using default page load timeout: '30'

2020-03-20 10:07:32 - [MESSAGE][PASSED] - Object 'Object Repository/ADMIN/Edit Text/Bespoke/Buyer Navigation/dd_language' is visible

2020-03-20 10:07:32 - [TEST_STEP][PASSED] - selectOptionByLabel(findTestObject("ADMIN/Edit Text/Bespoke/Buyer Navigation/dd_language"), varLanguage, false): All options with label 'English' are selected in object 'Object Repository/ADMIN/Edit Text/Bespoke/Buyer Navigation/dd_language' 

2020-03-20 10:07:33 - [MESSAGE][PASSED] - All options with label 'English' are selected in object 'Object Repository/ADMIN/Edit Text/Bespoke/Buyer Navigation/dd_language' 

2020-03-20 10:07:33 - [TEST_STEP][PASSED] - sendKeys(findTestObject("ADMIN/Edit Text/Bespoke/Buyer Pages/Checkout Delivery Details/input_DELIVERY_tab-title"), "*"): Keys '*' sent to object: 'Object Repository/ADMIN/Edit Text/Bespoke/Buyer Pages/Checkout Delivery Details/input_DELIVERY_tab-title'

2020-03-20 10:07:35 - [MESSAGE][PASSED] - Keys '*' sent to object: 'Object Repository/ADMIN/Edit Text/Bespoke/Buyer Pages/Checkout Delivery Details/input_DELIVERY_tab-title'

2020-03-20 10:07:35 - [TEST_STEP][PASSED] - sendKeys(findTestObject("ADMIN/Edit Text/Bespoke/Buyer Pages/Checkout Delivery Details/input_REVIEW_tab-title"), "*"): Keys '*' sent to object: 'Object Repository/ADMIN/Edit Text/Bespoke/Buyer Pages/Checkout Delivery Details/input_REVIEW_tab-title'

2020-03-20 10:07:35 - [MESSAGE][PASSED] - Keys '*' sent to object: 'Object Repository/ADMIN/Edit Text/Bespoke/Buyer Pages/Checkout Delivery Details/input_REVIEW_tab-title'

2020-03-20 10:07:35 - [TEST_STEP][PASSED] - sendKeys(findTestObject("ADMIN/Edit Text/Bespoke/Buyer Pages/Checkout Delivery Details/input_PAY_tab-title"), "*"): Keys '*' sent to object: 'Object Repository/ADMIN/Edit Text/Bespoke/Buyer Pages/Checkout Delivery Details/input_PAY_tab-title'

2020-03-20 10:07:35 - [MESSAGE][PASSED] - Keys '*' sent to object: 'Object Repository/ADMIN/Edit Text/Bespoke/Buyer Pages/Checkout Delivery Details/input_PAY_tab-title'

2020-03-20 10:07:35 - [TEST_STEP][PASSED] - sendKeys(findTestObject("ADMIN/Edit Text/Bespoke/Buyer Pages/Checkout Delivery Details/input_Already registered with us_guest-info-txt"), "*"): Keys '*' sent to object: 'Object Repository/ADMIN/Edit Text/Bespoke/Buyer Pages/Checkout Delivery Details/input_Already registered with us_guest-info-txt'

2020-03-20 10:07:35 - [MESSAGE][PASSED] - Keys '*' sent to object: 'Object Repository/ADMIN/Edit Text/Bespoke/Buyer Pages/Checkout Delivery Details/input_Already registered with us_guest-info-txt'

2020-03-20 10:07:35 - [TEST_STEP][PASSED] - sendKeys(findTestObject("ADMIN/Edit Text/Bespoke/Buyer Pages/Checkout Delivery Details/input_SIGN IN NOW_btn_next"), "*"): Keys '*' sent to object: 'Object Repository/ADMIN/Edit Text/Bespoke/Buyer Pages/Checkout Delivery Details/input_SIGN IN NOW_btn_next'

2020-03-20 10:07:35 - [MESSAGE][PASSED] - Keys '*' sent to object: 'Object Repository/ADMIN/Edit Text/Bespoke/Buyer Pages/Checkout Delivery Details/input_SIGN IN NOW_btn_next'

2020-03-20 10:07:35 - [TEST_STEP][PASSED] - sendKeys(findTestObject("ADMIN/Edit Text/Bespoke/Buyer Pages/Checkout Delivery Details/input_FIRST NAME_first-name"), "*"): Keys '*' sent to object: 'Object Repository/ADMIN/Edit Text/Bespoke/Buyer Pages/Checkout Delivery Details/input_FIRST NAME_first-name'

2020-03-20 10:07:36 - [MESSAGE][PASSED] - Keys '*' sent to object: 'Object Repository/ADMIN/Edit Text/Bespoke/Buyer Pages/Checkout Delivery Details/input_FIRST NAME_first-name'

2020-03-20 10:07:36 - [TEST_STEP][PASSED] - sendKeys(findTestObject("ADMIN/Edit Text/Bespoke/Buyer Pages/Checkout Delivery Details/input_LAST NAME_last-name"), "*"): Keys '*' sent to object: 'Object Repository/ADMIN/Edit Text/Bespoke/Buyer Pages/Checkout Delivery Details/input_LAST NAME_last-name'

2020-03-20 10:07:36 - [MESSAGE][PASSED] - Keys '*' sent to object: 'Object Repository/ADMIN/Edit Text/Bespoke/Buyer Pages/Checkout Delivery Details/input_LAST NAME_last-name'

2020-03-20 10:07:36 - [TEST_STEP][PASSED] - sendKeys(findTestObject("ADMIN/Edit Text/Bespoke/Buyer Pages/Checkout Delivery Details/input_NOTIFICATION EMAIL_notification-email"), "*"): Keys '*' sent to object: 'Object Repository/ADMIN/Edit Text/Bespoke/Buyer Pages/Checkout Delivery Details/input_NOTIFICATION EMAIL_notification-email'

2020-03-20 10:07:37 - [MESSAGE][PASSED] - Keys '*' sent to object: 'Object Repository/ADMIN/Edit Text/Bespoke/Buyer Pages/Checkout Delivery Details/input_NOTIFICATION EMAIL_notification-email'

2020-03-20 10:07:37 - [TEST_STEP][PASSED] - sendKeys(findTestObject("ADMIN/Edit Text/Bespoke/Buyer Pages/Checkout Delivery Details/input_CONTACT NUMBER_contact-number"), "*"): Keys '*' sent to object: 'Object Repository/ADMIN/Edit Text/Bespoke/Buyer Pages/Checkout Delivery Details/input_CONTACT NUMBER_contact-number'

2020-03-20 10:07:37 - [MESSAGE][PASSED] - Keys '*' sent to object: 'Object Repository/ADMIN/Edit Text/Bespoke/Buyer Pages/Checkout Delivery Details/input_CONTACT NUMBER_contact-number'

2020-03-20 10:07:37 - [TEST_STEP][PASSED] - sendKeys(findTestObject("ADMIN/Edit Text/Bespoke/Buyer Pages/Checkout Delivery Details/input_ADD NEW_btn_add"), "*"): Keys '*' sent to object: 'Object Repository/ADMIN/Edit Text/Bespoke/Buyer Pages/Checkout Delivery Details/input_ADD NEW_btn_add'

2020-03-20 10:07:37 - [MESSAGE][PASSED] - Keys '*' sent to object: 'Object Repository/ADMIN/Edit Text/Bespoke/Buyer Pages/Checkout Delivery Details/input_ADD NEW_btn_add'

2020-03-20 10:07:37 - [TEST_STEP][PASSED] - sendKeys(findTestObject("ADMIN/Edit Text/Bespoke/Buyer Pages/Checkout Delivery Details/input_SELECT ADDRESS_btn_select"), "*"): Keys '*' sent to object: 'Object Repository/ADMIN/Edit Text/Bespoke/Buyer Pages/Checkout Delivery Details/input_SELECT ADDRESS_btn_select'

2020-03-20 10:07:37 - [MESSAGE][PASSED] - Keys '*' sent to object: 'Object Repository/ADMIN/Edit Text/Bespoke/Buyer Pages/Checkout Delivery Details/input_SELECT ADDRESS_btn_select'

2020-03-20 10:07:37 - [TEST_STEP][PASSED] - sendKeys(findTestObject("ADMIN/Edit Text/Bespoke/Buyer Pages/Checkout Delivery Details/input_SELECTED_btn_selected"), "*"): Keys '*' sent to object: 'Object Repository/ADMIN/Edit Text/Bespoke/Buyer Pages/Checkout Delivery Details/input_SELECTED_btn_selected'

2020-03-20 10:07:38 - [MESSAGE][PASSED] - Keys '*' sent to object: 'Object Repository/ADMIN/Edit Text/Bespoke/Buyer Pages/Checkout Delivery Details/input_SELECTED_btn_selected'

2020-03-20 10:07:38 - [TEST_STEP][PASSED] - sendKeys(findTestObject("ADMIN/Edit Text/Bespoke/Buyer Pages/Checkout Delivery Details/input_ADDRESSEE FIRST NAME_addressee-first-name"), "*"): Keys '*' sent to object: 'Object Repository/ADMIN/Edit Text/Bespoke/Buyer Pages/Checkout Delivery Details/input_ADDRESSEE FIRST NAME_addressee-first-name'

2020-03-20 10:07:38 - [MESSAGE][PASSED] - Keys '*' sent to object: 'Object Repository/ADMIN/Edit Text/Bespoke/Buyer Pages/Checkout Delivery Details/input_ADDRESSEE FIRST NAME_addressee-first-name'

2020-03-20 10:07:38 - [TEST_STEP][PASSED] - sendKeys(findTestObject("ADMIN/Edit Text/Bespoke/Buyer Pages/Checkout Delivery Details/input_ADDRESSEE LAST NAME_addressee-last-name"), "*"): Keys '*' sent to object: 'Object Repository/ADMIN/Edit Text/Bespoke/Buyer Pages/Checkout Delivery Details/input_ADDRESSEE LAST NAME_addressee-last-name'

2020-03-20 10:07:38 - [MESSAGE][PASSED] - Keys '*' sent to object: 'Object Repository/ADMIN/Edit Text/Bespoke/Buyer Pages/Checkout Delivery Details/input_ADDRESSEE LAST NAME_addressee-last-name'

2020-03-20 10:07:38 - [TEST_STEP][PASSED] - sendKeys(findTestObject("ADMIN/Edit Text/Bespoke/Buyer Pages/Checkout Delivery Details/input_COUNTRY_delivery-country"), "*"): Keys '*' sent to object: 'Object Repository/ADMIN/Edit Text/Bespoke/Buyer Pages/Checkout Delivery Details/input_COUNTRY_delivery-country'

2020-03-20 10:07:39 - [MESSAGE][PASSED] - Keys '*' sent to object: 'Object Repository/ADMIN/Edit Text/Bespoke/Buyer Pages/Checkout Delivery Details/input_COUNTRY_delivery-country'

2020-03-20 10:07:39 - [TEST_STEP][PASSED] - sendKeys(findTestObject("ADMIN/Edit Text/Bespoke/Buyer Pages/Checkout Delivery Details/input_State_delivery-state"), "*"): Keys '*' sent to object: 'Object Repository/ADMIN/Edit Text/Bespoke/Buyer Pages/Checkout Delivery Details/input_State_delivery-state'

2020-03-20 10:07:39 - [MESSAGE][PASSED] - Keys '*' sent to object: 'Object Repository/ADMIN/Edit Text/Bespoke/Buyer Pages/Checkout Delivery Details/input_State_delivery-state'

2020-03-20 10:07:39 - [TEST_STEP][PASSED] - sendKeys(findTestObject("ADMIN/Edit Text/Bespoke/Buyer Pages/Checkout Delivery Details/input_CITY_delivery-city"), "*"): Keys '*' sent to object: 'Object Repository/ADMIN/Edit Text/Bespoke/Buyer Pages/Checkout Delivery Details/input_CITY_delivery-city'

2020-03-20 10:07:39 - [MESSAGE][PASSED] - Keys '*' sent to object: 'Object Repository/ADMIN/Edit Text/Bespoke/Buyer Pages/Checkout Delivery Details/input_CITY_delivery-city'

2020-03-20 10:07:39 - [TEST_STEP][PASSED] - sendKeys(findTestObject("ADMIN/Edit Text/Bespoke/Buyer Pages/Checkout Delivery Details/input_ADDRESS_delivery-address"), "*"): Keys '*' sent to object: 'Object Repository/ADMIN/Edit Text/Bespoke/Buyer Pages/Checkout Delivery Details/input_ADDRESS_delivery-address'

2020-03-20 10:07:39 - [MESSAGE][PASSED] - Keys '*' sent to object: 'Object Repository/ADMIN/Edit Text/Bespoke/Buyer Pages/Checkout Delivery Details/input_ADDRESS_delivery-address'

2020-03-20 10:07:39 - [TEST_STEP][PASSED] - sendKeys(findTestObject("ADMIN/Edit Text/Bespoke/Buyer Pages/Checkout Delivery Details/input_POSTAL CODE_delivery-postal-code"), "*"): Keys '*' sent to object: 'Object Repository/ADMIN/Edit Text/Bespoke/Buyer Pages/Checkout Delivery Details/input_POSTAL CODE_delivery-postal-code'

2020-03-20 10:07:39 - [MESSAGE][PASSED] - Keys '*' sent to object: 'Object Repository/ADMIN/Edit Text/Bespoke/Buyer Pages/Checkout Delivery Details/input_POSTAL CODE_delivery-postal-code'

2020-03-20 10:07:39 - [TEST_STEP][PASSED] - sendKeys(findTestObject("ADMIN/Edit Text/Bespoke/Buyer Pages/Checkout Delivery Details/input_SAVE_btn_save"), "*"): Keys '*' sent to object: 'Object Repository/ADMIN/Edit Text/Bespoke/Buyer Pages/Checkout Delivery Details/input_SAVE_btn_save'

2020-03-20 10:07:39 - [MESSAGE][PASSED] - Keys '*' sent to object: 'Object Repository/ADMIN/Edit Text/Bespoke/Buyer Pages/Checkout Delivery Details/input_SAVE_btn_save'

2020-03-20 10:07:39 - [TEST_STEP][PASSED] - sendKeys(findTestObject("ADMIN/Edit Text/Bespoke/Buyer Pages/Checkout Delivery Details/input_NEXT_btn_next"), "*"): Keys '*' sent to object: 'Object Repository/ADMIN/Edit Text/Bespoke/Buyer Pages/Checkout Delivery Details/input_NEXT_btn_next'

2020-03-20 10:07:39 - [MESSAGE][PASSED] - Keys '*' sent to object: 'Object Repository/ADMIN/Edit Text/Bespoke/Buyer Pages/Checkout Delivery Details/input_NEXT_btn_next'

2020-03-20 10:07:39 - [TEST_STEP][PASSED] - sendKeys(findTestObject("ADMIN/Edit Text/Bespoke/Buyer Pages/Checkout Delivery Details/input_REMOVE ITEM_popup-title"), "*"): Keys '*' sent to object: 'Object Repository/ADMIN/Edit Text/Bespoke/Buyer Pages/Checkout Delivery Details/input_REMOVE ITEM_popup-title'

2020-03-20 10:07:40 - [MESSAGE][PASSED] - Keys '*' sent to object: 'Object Repository/ADMIN/Edit Text/Bespoke/Buyer Pages/Checkout Delivery Details/input_REMOVE ITEM_popup-title'

2020-03-20 10:07:40 - [TEST_STEP][PASSED] - sendKeys(findTestObject("ADMIN/Edit Text/Bespoke/Buyer Pages/Checkout Delivery Details/textarea_You sure about removing this item from your list (Itll be gone forever)"), "*"): Keys '*' sent to object: 'Object Repository/ADMIN/Edit Text/Bespoke/Buyer Pages/Checkout Delivery Details/textarea_You sure about removing this item from your list (Itll be gone forever)'

2020-03-20 10:07:40 - [MESSAGE][PASSED] - Keys '*' sent to object: 'Object Repository/ADMIN/Edit Text/Bespoke/Buyer Pages/Checkout Delivery Details/textarea_You sure about removing this item from your list (Itll be gone forever)'

2020-03-20 10:07:40 - [TEST_STEP][PASSED] - sendKeys(findTestObject("ADMIN/Edit Text/Bespoke/Buyer Pages/Checkout Delivery Details/input_CANCEL_btn_cancel"), "*"): Keys '*' sent to object: 'Object Repository/ADMIN/Edit Text/Bespoke/Buyer Pages/Checkout Delivery Details/input_CANCEL_btn_cancel'

2020-03-20 10:07:40 - [MESSAGE][PASSED] - Keys '*' sent to object: 'Object Repository/ADMIN/Edit Text/Bespoke/Buyer Pages/Checkout Delivery Details/input_CANCEL_btn_cancel'

2020-03-20 10:07:40 - [TEST_STEP][PASSED] - sendKeys(findTestObject("ADMIN/Edit Text/Bespoke/Buyer Pages/Checkout Delivery Details/input_Okay_btn_okay"), "*"): Keys '*' sent to object: 'Object Repository/ADMIN/Edit Text/Bespoke/Buyer Pages/Checkout Delivery Details/input_Okay_btn_okay'

2020-03-20 10:07:40 - [MESSAGE][PASSED] - Keys '*' sent to object: 'Object Repository/ADMIN/Edit Text/Bespoke/Buyer Pages/Checkout Delivery Details/input_Okay_btn_okay'

2020-03-20 10:07:40 - [TEST_STEP][PASSED] - click(findTestObject("ADMIN/Edit Text/Bespoke/Buyer Pages/Homepage/button_save"), CONTINUE_ON_FAILURE): Object: 'Object Repository/ADMIN/Edit Text/Bespoke/Buyer Pages/Homepage/button_save' is clicked on

2020-03-20 10:07:40 - [MESSAGE][PASSED] - Object: 'Object Repository/ADMIN/Edit Text/Bespoke/Buyer Pages/Homepage/button_save' is clicked on

2020-03-20 10:07:40 - [TEST_STEP][PASSED] - waitForElementVisible(findTestObject("ADMIN/Edit Text/Bespoke/Buyer Pages/Homepage/toaster_success"), 0): Object 'Object Repository/ADMIN/Edit Text/Bespoke/Buyer Pages/Homepage/toaster_success' is visible

2020-03-20 10:07:40 - [MESSAGE][WARNING] - Timeout '0' is invalid. Using default page load timeout: '30'

2020-03-20 10:07:41 - [MESSAGE][PASSED] - Object 'Object Repository/ADMIN/Edit Text/Bespoke/Buyer Pages/Homepage/toaster_success' is visible]]></system-out>
         <system-err><![CDATA[]]></system-err>
      </testcase>
      <system-out><![CDATA[2020-03-20 10:05:44 - [TEST_SUITE][PASSED] - Bespoke Buyer Pages: Test Cases/ADMIN/Language/Edit Text/Bespoke/Buyer Pages/Checkout Delivery]]></system-out>
      <system-err><![CDATA[]]></system-err>
   </testsuite>
</testsuites>
