<?xml version="1.0" encoding="UTF-8"?>
<testsuites name="Bespoke Seller Pages" time="956.531" tests="102" failures="0" errors="0">
   <testsuite name="Bespoke Seller Pages" tests="102" failures="0" errors="0" time="956.531" timestamp="2020-03-20 14:44:40" hostname="ARCADIER03 - 192.168.254.105" id="Test Suites/Admin/Language/Edit Text/Bespoke/Seller Pages/Bespoke Seller Pages">
      <properties>
         <property name="deviceName" value=""/>
         <property name="devicePlatform" value=""/>
         <property name="logFolder" value="C:\\Katalon\\Arctick\\Reports\\20200320_144438\\Admin\\Language\\Edit Text\\Bespoke\\Seller Pages\\Bespoke Seller Pages\\20200320_144438"/>
         <property name="logFiles" value="C:\\Katalon\\Arctick\\Reports\\20200320_144438\\Admin\\Language\\Edit Text\\Bespoke\\Seller Pages\\Bespoke Seller Pages\\20200320_144438\\execution0.log"/>
         <property name="attachments" value=""/>
         <property name="hostName" value="ARCADIER03 - 192.168.254.105"/>
         <property name="os" value="Windows 7 64bit"/>
         <property name="katalonVersion" value="7.2.6.1"/>
         <property name="browser" value="Chrome 80.0.3987.149"/>
         <property name="hostAddress" value="192.168.254.105"/>
         <property name="sessionId" value="1047ba07f4d7d3f0b09558b7ee935cff"/>
         <property name="seleniumVersion" value="3.141.59"/>
         <property name="proxyInformation" value="ProxyInformation{proxyOption=NO_PROXY, proxyServerType=HTTP, password=, proxyServerAddress=, proxyServerPort=0, executionList=}"/>
         <property name="platform" value="Windows 7"/>
      </properties>
      <testcase name="Test Cases/ADMIN/Language/Edit Text/Bespoke/Seller/Onboarding_Settings Navigation" time="7.798" classname="Test Cases/ADMIN/Language/Edit Text/Bespoke/Seller/Onboarding_Settings Navigation" status="PASSED">
         <system-out><![CDATA[2020-03-20 14:44:41 - [TEST_CASE][PASSED] - Test Cases/ADMIN/Language/Edit Text/Bespoke/Seller/Onboarding_Settings Navigation: Test Cases/ADMIN/Language/Edit Text/Bespoke/Seller/Onboarding_Settings Navigation

2020-03-20 14:44:42 - [TEST_STEP][PASSED] - waitForElementVisible(findTestObject("ADMIN/Language/sidemenu_Language"), 0): Object 'Object Repository/ADMIN/Language/sidemenu_Language' is visible

2020-03-20 14:44:42 - [MESSAGE][WARNING] - Timeout '0' is invalid. Using default page load timeout: '30'

2020-03-20 14:44:44 - [MESSAGE][PASSED] - Object 'Object Repository/ADMIN/Language/sidemenu_Language' is visible

2020-03-20 14:44:44 - [TEST_STEP][PASSED] - click(findTestObject("ADMIN/Language/sidemenu_Language"), CONTINUE_ON_FAILURE): Object: 'Object Repository/ADMIN/Language/sidemenu_Language' is clicked on

2020-03-20 14:44:44 - [MESSAGE][PASSED] - Object: 'Object Repository/ADMIN/Language/sidemenu_Language' is clicked on

2020-03-20 14:44:44 - [TEST_STEP][PASSED] - waitForElementVisible(findTestObject("ADMIN/Language/sidemenu_Edit Text"), 0): Object 'Object Repository/ADMIN/Language/sidemenu_Edit Text' is visible

2020-03-20 14:44:44 - [MESSAGE][WARNING] - Timeout '0' is invalid. Using default page load timeout: '30'

2020-03-20 14:44:45 - [MESSAGE][PASSED] - Object 'Object Repository/ADMIN/Language/sidemenu_Edit Text' is visible

2020-03-20 14:44:45 - [TEST_STEP][PASSED] - click(findTestObject("ADMIN/Language/sidemenu_Edit Text"), CONTINUE_ON_FAILURE): Object: 'Object Repository/ADMIN/Language/sidemenu_Edit Text' is clicked on

2020-03-20 14:44:46 - [MESSAGE][PASSED] - Object: 'Object Repository/ADMIN/Language/sidemenu_Edit Text' is clicked on

2020-03-20 14:44:46 - [TEST_STEP][PASSED] - waitForElementVisible(findTestObject("ADMIN/Edit Text/Bespoke/Seller Navigation/dd_icon seller"), 0): Object 'Object Repository/ADMIN/Edit Text/Bespoke/Seller Navigation/dd_icon seller' is visible

2020-03-20 14:44:47 - [MESSAGE][WARNING] - Timeout '0' is invalid. Using default page load timeout: '30'

2020-03-20 14:44:47 - [MESSAGE][PASSED] - Object 'Object Repository/ADMIN/Edit Text/Bespoke/Seller Navigation/dd_icon seller' is visible

2020-03-20 14:44:47 - [TEST_STEP][PASSED] - click(findTestObject("ADMIN/Edit Text/Bespoke/Seller Navigation/dd_icon seller"), CONTINUE_ON_FAILURE): Object: 'Object Repository/ADMIN/Edit Text/Bespoke/Seller Navigation/dd_icon seller' is clicked on

2020-03-20 14:44:47 - [MESSAGE][PASSED] - Object: 'Object Repository/ADMIN/Edit Text/Bespoke/Seller Navigation/dd_icon seller' is clicked on

2020-03-20 14:44:47 - [TEST_STEP][PASSED] - waitForElementVisible(findTestObject("ADMIN/Edit Text/Bespoke/Seller Navigation/span_Onboarding Settings"), 0): Object 'Object Repository/ADMIN/Edit Text/Bespoke/Seller Navigation/span_Onboarding Settings' is visible

2020-03-20 14:44:47 - [MESSAGE][WARNING] - Timeout '0' is invalid. Using default page load timeout: '30'

2020-03-20 14:44:47 - [MESSAGE][PASSED] - Object 'Object Repository/ADMIN/Edit Text/Bespoke/Seller Navigation/span_Onboarding Settings' is visible

2020-03-20 14:44:47 - [TEST_STEP][PASSED] - click(findTestObject("ADMIN/Edit Text/Bespoke/Seller Navigation/span_Onboarding Settings"), CONTINUE_ON_FAILURE): Object: 'Object Repository/ADMIN/Edit Text/Bespoke/Seller Navigation/span_Onboarding Settings' is clicked on

2020-03-20 14:44:48 - [MESSAGE][PASSED] - Object: 'Object Repository/ADMIN/Edit Text/Bespoke/Seller Navigation/span_Onboarding Settings' is clicked on

2020-03-20 14:44:48 - [TEST_STEP][PASSED] - waitForElementVisible(findTestObject("ADMIN/Edit Text/Bespoke/Buyer Navigation/dd_language"), 0): Object 'Object Repository/ADMIN/Edit Text/Bespoke/Buyer Navigation/dd_language' is visible

2020-03-20 14:44:49 - [MESSAGE][WARNING] - Timeout '0' is invalid. Using default page load timeout: '30'

2020-03-20 14:44:49 - [MESSAGE][PASSED] - Object 'Object Repository/ADMIN/Edit Text/Bespoke/Buyer Navigation/dd_language' is visible]]></system-out>
         <system-err><![CDATA[]]></system-err>
      </testcase>
      <testcase name="Test Cases/ADMIN/Language/Edit Text/Bespoke/Seller/Onboarding_Settings" time="14.034" classname="Test Cases/ADMIN/Language/Edit Text/Bespoke/Seller/Onboarding_Settings" status="PASSED">
         <system-out><![CDATA[2020-03-20 14:44:49 - [TEST_CASE][PASSED] - Test Cases/ADMIN/Language/Edit Text/Bespoke/Seller/Onboarding_Settings: Test Cases/ADMIN/Language/Edit Text/Bespoke/Seller/Onboarding_Settings

2020-03-20 14:44:49 - [TEST_STEP][PASSED] - waitForElementVisible(findTestObject("ADMIN/Edit Text/Bespoke/Buyer Navigation/dd_language"), 0): Object 'Object Repository/ADMIN/Edit Text/Bespoke/Buyer Navigation/dd_language' is visible

2020-03-20 14:44:49 - [MESSAGE][WARNING] - Timeout '0' is invalid. Using default page load timeout: '30'

2020-03-20 14:44:49 - [MESSAGE][PASSED] - Object 'Object Repository/ADMIN/Edit Text/Bespoke/Buyer Navigation/dd_language' is visible

2020-03-20 14:44:49 - [TEST_STEP][PASSED] - selectOptionByLabel(findTestObject("ADMIN/Edit Text/Bespoke/Buyer Navigation/dd_language"), varLanguage, false): All options with label 'French' are selected in object 'Object Repository/ADMIN/Edit Text/Bespoke/Buyer Navigation/dd_language' 

2020-03-20 14:44:50 - [MESSAGE][PASSED] - All options with label 'French' are selected in object 'Object Repository/ADMIN/Edit Text/Bespoke/Buyer Navigation/dd_language' 

2020-03-20 14:44:50 - [TEST_STEP][PASSED] - sendKeys(findTestObject("ADMIN/Edit Text/Bespoke/Seller Pages/Onboarding_Settings/input_USER SETTINGS_marketplace-name"), "*"): Keys '*' sent to object: 'Object Repository/ADMIN/Edit Text/Bespoke/Seller Pages/Onboarding_Settings/input_USER SETTINGS_marketplace-name'

2020-03-20 14:44:51 - [MESSAGE][PASSED] - Keys '*' sent to object: 'Object Repository/ADMIN/Edit Text/Bespoke/Seller Pages/Onboarding_Settings/input_USER SETTINGS_marketplace-name'

2020-03-20 14:44:51 - [TEST_STEP][PASSED] - sendKeys(findTestObject("ADMIN/Edit Text/Bespoke/Seller Pages/Onboarding_Settings/input_Configure your profile your delivery methods and how you receive payments_item_details"), "*"): Keys '*' sent to object: 'Object Repository/ADMIN/Edit Text/Bespoke/Seller Pages/Onboarding_Settings/input_Configure your profile your delivery methods and how you receive payments_item_details'

2020-03-20 14:44:51 - [MESSAGE][PASSED] - Keys '*' sent to object: 'Object Repository/ADMIN/Edit Text/Bespoke/Seller Pages/Onboarding_Settings/input_Configure your profile your delivery methods and how you receive payments_item_details'

2020-03-20 14:44:51 - [TEST_STEP][PASSED] - sendKeys(findTestObject("ADMIN/Edit Text/Bespoke/Seller Pages/Onboarding_Settings/input_PROFILE_tab-title"), "*"): Keys '*' sent to object: 'Object Repository/ADMIN/Edit Text/Bespoke/Seller Pages/Onboarding_Settings/input_PROFILE_tab-title'

2020-03-20 14:44:51 - [MESSAGE][PASSED] - Keys '*' sent to object: 'Object Repository/ADMIN/Edit Text/Bespoke/Seller Pages/Onboarding_Settings/input_PROFILE_tab-title'

2020-03-20 14:44:51 - [TEST_STEP][PASSED] - sendKeys(findTestObject("ADMIN/Edit Text/Bespoke/Seller Pages/Onboarding_Settings/input_CHANGE_btn_upload"), "*"): Keys '*' sent to object: 'Object Repository/ADMIN/Edit Text/Bespoke/Seller Pages/Onboarding_Settings/input_CHANGE_btn_upload'

2020-03-20 14:44:52 - [MESSAGE][PASSED] - Keys '*' sent to object: 'Object Repository/ADMIN/Edit Text/Bespoke/Seller Pages/Onboarding_Settings/input_CHANGE_btn_upload'

2020-03-20 14:44:52 - [TEST_STEP][PASSED] - sendKeys(findTestObject("ADMIN/Edit Text/Bespoke/Seller Pages/Onboarding_Settings/input_DISPLAY NAME_display-name"), "*"): Keys '*' sent to object: 'Object Repository/ADMIN/Edit Text/Bespoke/Seller Pages/Onboarding_Settings/input_DISPLAY NAME_display-name'

2020-03-20 14:44:52 - [MESSAGE][PASSED] - Keys '*' sent to object: 'Object Repository/ADMIN/Edit Text/Bespoke/Seller Pages/Onboarding_Settings/input_DISPLAY NAME_display-name'

2020-03-20 14:44:52 - [TEST_STEP][PASSED] - sendKeys(findTestObject("ADMIN/Edit Text/Bespoke/Seller Pages/Onboarding_Settings/input_DESCRIPTION_description"), "*"): Keys '*' sent to object: 'Object Repository/ADMIN/Edit Text/Bespoke/Seller Pages/Onboarding_Settings/input_DESCRIPTION_description'

2020-03-20 14:44:52 - [MESSAGE][PASSED] - Keys '*' sent to object: 'Object Repository/ADMIN/Edit Text/Bespoke/Seller Pages/Onboarding_Settings/input_DESCRIPTION_description'

2020-03-20 14:44:52 - [TEST_STEP][PASSED] - sendKeys(findTestObject("ADMIN/Edit Text/Bespoke/Seller Pages/Onboarding_Settings/input_FIRST NAME_first-name"), "*"): Keys '*' sent to object: 'Object Repository/ADMIN/Edit Text/Bespoke/Seller Pages/Onboarding_Settings/input_FIRST NAME_first-name'

2020-03-20 14:44:52 - [MESSAGE][PASSED] - Keys '*' sent to object: 'Object Repository/ADMIN/Edit Text/Bespoke/Seller Pages/Onboarding_Settings/input_FIRST NAME_first-name'

2020-03-20 14:44:52 - [TEST_STEP][PASSED] - sendKeys(findTestObject("ADMIN/Edit Text/Bespoke/Seller Pages/Onboarding_Settings/input_LAST NAME_last-name"), "*"): Keys '*' sent to object: 'Object Repository/ADMIN/Edit Text/Bespoke/Seller Pages/Onboarding_Settings/input_LAST NAME_last-name'

2020-03-20 14:44:52 - [MESSAGE][PASSED] - Keys '*' sent to object: 'Object Repository/ADMIN/Edit Text/Bespoke/Seller Pages/Onboarding_Settings/input_LAST NAME_last-name'

2020-03-20 14:44:52 - [TEST_STEP][PASSED] - sendKeys(findTestObject("ADMIN/Edit Text/Bespoke/Seller Pages/Onboarding_Settings/input_NOTIFICATION EMAIL_notification-email"), "*"): Keys '*' sent to object: 'Object Repository/ADMIN/Edit Text/Bespoke/Seller Pages/Onboarding_Settings/input_NOTIFICATION EMAIL_notification-email'

2020-03-20 14:44:53 - [MESSAGE][PASSED] - Keys '*' sent to object: 'Object Repository/ADMIN/Edit Text/Bespoke/Seller Pages/Onboarding_Settings/input_NOTIFICATION EMAIL_notification-email'

2020-03-20 14:44:53 - [TEST_STEP][PASSED] - sendKeys(findTestObject("ADMIN/Edit Text/Bespoke/Seller Pages/Onboarding_Settings/input_CONTACT NUMBER_contact-number"), "*"): Keys '*' sent to object: 'Object Repository/ADMIN/Edit Text/Bespoke/Seller Pages/Onboarding_Settings/input_CONTACT NUMBER_contact-number'

2020-03-20 14:44:53 - [MESSAGE][PASSED] - Keys '*' sent to object: 'Object Repository/ADMIN/Edit Text/Bespoke/Seller Pages/Onboarding_Settings/input_CONTACT NUMBER_contact-number'

2020-03-20 14:44:53 - [TEST_STEP][PASSED] - sendKeys(findTestObject("ADMIN/Edit Text/Bespoke/Seller Pages/Onboarding_Settings/input_OPENID LOGIN_open-id-login"), "*"): Keys '*' sent to object: 'Object Repository/ADMIN/Edit Text/Bespoke/Seller Pages/Onboarding_Settings/input_OPENID LOGIN_open-id-login'

2020-03-20 14:44:53 - [MESSAGE][PASSED] - Keys '*' sent to object: 'Object Repository/ADMIN/Edit Text/Bespoke/Seller Pages/Onboarding_Settings/input_OPENID LOGIN_open-id-login'

2020-03-20 14:44:53 - [TEST_STEP][PASSED] - sendKeys(findTestObject("ADMIN/Edit Text/Bespoke/Seller Pages/Onboarding_Settings/input_SELLER LOCATION_seller_location"), "*"): Keys '*' sent to object: 'Object Repository/ADMIN/Edit Text/Bespoke/Seller Pages/Onboarding_Settings/input_SELLER LOCATION_seller_location'

2020-03-20 14:44:53 - [MESSAGE][PASSED] - Keys '*' sent to object: 'Object Repository/ADMIN/Edit Text/Bespoke/Seller Pages/Onboarding_Settings/input_SELLER LOCATION_seller_location'

2020-03-20 14:44:53 - [TEST_STEP][PASSED] - sendKeys(findTestObject("ADMIN/Edit Text/Bespoke/Seller Pages/Onboarding_Settings/textarea_For each transaction that is made through the marketplace there will be a seller transaction fee of"), "*"): Keys '*' sent to object: 'Object Repository/ADMIN/Edit Text/Bespoke/Seller Pages/Onboarding_Settings/textarea_For each transaction that is made through the marketplace there will be a seller transaction fee of'

2020-03-20 14:44:53 - [MESSAGE][PASSED] - Keys '*' sent to object: 'Object Repository/ADMIN/Edit Text/Bespoke/Seller Pages/Onboarding_Settings/textarea_For each transaction that is made through the marketplace there will be a seller transaction fee of'

2020-03-20 14:44:53 - [TEST_STEP][PASSED] - sendKeys(findTestObject("ADMIN/Edit Text/Bespoke/Seller Pages/Onboarding_Settings/input_NEXT_btn_next"), "*"): Keys '*' sent to object: 'Object Repository/ADMIN/Edit Text/Bespoke/Seller Pages/Onboarding_Settings/input_NEXT_btn_next'

2020-03-20 14:44:53 - [MESSAGE][PASSED] - Keys '*' sent to object: 'Object Repository/ADMIN/Edit Text/Bespoke/Seller Pages/Onboarding_Settings/input_NEXT_btn_next'

2020-03-20 14:44:53 - [TEST_STEP][PASSED] - sendKeys(findTestObject("ADMIN/Edit Text/Bespoke/Seller Pages/Onboarding_Settings/input_ADDRESS_tab-title"), "*"): Keys '*' sent to object: 'Object Repository/ADMIN/Edit Text/Bespoke/Seller Pages/Onboarding_Settings/input_ADDRESS_tab-title'

2020-03-20 14:44:54 - [MESSAGE][PASSED] - Keys '*' sent to object: 'Object Repository/ADMIN/Edit Text/Bespoke/Seller Pages/Onboarding_Settings/input_ADDRESS_tab-title'

2020-03-20 14:44:54 - [TEST_STEP][PASSED] - sendKeys(findTestObject("ADMIN/Edit Text/Bespoke/Seller Pages/Onboarding_Settings/input_NEW DELIVERY ADDRESS_new-delivery-address"), "*"): Keys '*' sent to object: 'Object Repository/ADMIN/Edit Text/Bespoke/Seller Pages/Onboarding_Settings/input_NEW DELIVERY ADDRESS_new-delivery-address'

2020-03-20 14:44:54 - [MESSAGE][PASSED] - Keys '*' sent to object: 'Object Repository/ADMIN/Edit Text/Bespoke/Seller Pages/Onboarding_Settings/input_NEW DELIVERY ADDRESS_new-delivery-address'

2020-03-20 14:44:54 - [TEST_STEP][PASSED] - sendKeys(findTestObject("ADMIN/Edit Text/Bespoke/Seller Pages/Onboarding_Settings/input_ADDRESSEE FIRST NAME_addressee-first-name"), "*"): Keys '*' sent to object: 'Object Repository/ADMIN/Edit Text/Bespoke/Seller Pages/Onboarding_Settings/input_ADDRESSEE FIRST NAME_addressee-first-name'

2020-03-20 14:44:54 - [MESSAGE][PASSED] - Keys '*' sent to object: 'Object Repository/ADMIN/Edit Text/Bespoke/Seller Pages/Onboarding_Settings/input_ADDRESSEE FIRST NAME_addressee-first-name'

2020-03-20 14:44:54 - [TEST_STEP][PASSED] - sendKeys(findTestObject("ADMIN/Edit Text/Bespoke/Seller Pages/Onboarding_Settings/input_ADDRESSEE LAST NAME_addressee-last-name"), "*"): Keys '*' sent to object: 'Object Repository/ADMIN/Edit Text/Bespoke/Seller Pages/Onboarding_Settings/input_ADDRESSEE LAST NAME_addressee-last-name'

2020-03-20 14:44:54 - [MESSAGE][PASSED] - Keys '*' sent to object: 'Object Repository/ADMIN/Edit Text/Bespoke/Seller Pages/Onboarding_Settings/input_ADDRESSEE LAST NAME_addressee-last-name'

2020-03-20 14:44:54 - [TEST_STEP][PASSED] - sendKeys(findTestObject("ADMIN/Edit Text/Bespoke/Seller Pages/Onboarding_Settings/input_ADDRESS_address"), "*"): Keys '*' sent to object: 'Object Repository/ADMIN/Edit Text/Bespoke/Seller Pages/Onboarding_Settings/input_ADDRESS_address'

2020-03-20 14:44:54 - [MESSAGE][PASSED] - Keys '*' sent to object: 'Object Repository/ADMIN/Edit Text/Bespoke/Seller Pages/Onboarding_Settings/input_ADDRESS_address'

2020-03-20 14:44:54 - [TEST_STEP][PASSED] - sendKeys(findTestObject("ADMIN/Edit Text/Bespoke/Seller Pages/Onboarding_Settings/input_SELECT COUNTRY_select-country"), "*"): Keys '*' sent to object: 'Object Repository/ADMIN/Edit Text/Bespoke/Seller Pages/Onboarding_Settings/input_SELECT COUNTRY_select-country'

2020-03-20 14:44:54 - [MESSAGE][PASSED] - Keys '*' sent to object: 'Object Repository/ADMIN/Edit Text/Bespoke/Seller Pages/Onboarding_Settings/input_SELECT COUNTRY_select-country'

2020-03-20 14:44:54 - [TEST_STEP][PASSED] - sendKeys(findTestObject("ADMIN/Edit Text/Bespoke/Seller Pages/Onboarding_Settings/input_COUNTRY_address-country"), "*"): Keys '*' sent to object: 'Object Repository/ADMIN/Edit Text/Bespoke/Seller Pages/Onboarding_Settings/input_COUNTRY_address-country'

2020-03-20 14:44:55 - [MESSAGE][PASSED] - Keys '*' sent to object: 'Object Repository/ADMIN/Edit Text/Bespoke/Seller Pages/Onboarding_Settings/input_COUNTRY_address-country'

2020-03-20 14:44:55 - [TEST_STEP][PASSED] - sendKeys(findTestObject("ADMIN/Edit Text/Bespoke/Seller Pages/Onboarding_Settings/input_STATE_address-state"), "*"): Keys '*' sent to object: 'Object Repository/ADMIN/Edit Text/Bespoke/Seller Pages/Onboarding_Settings/input_STATE_address-state'

2020-03-20 14:44:55 - [MESSAGE][PASSED] - Keys '*' sent to object: 'Object Repository/ADMIN/Edit Text/Bespoke/Seller Pages/Onboarding_Settings/input_STATE_address-state'

2020-03-20 14:44:55 - [TEST_STEP][PASSED] - sendKeys(findTestObject("ADMIN/Edit Text/Bespoke/Seller Pages/Onboarding_Settings/input_CITY_address-city"), "*"): Keys '*' sent to object: 'Object Repository/ADMIN/Edit Text/Bespoke/Seller Pages/Onboarding_Settings/input_CITY_address-city'

2020-03-20 14:44:55 - [MESSAGE][PASSED] - Keys '*' sent to object: 'Object Repository/ADMIN/Edit Text/Bespoke/Seller Pages/Onboarding_Settings/input_CITY_address-city'

2020-03-20 14:44:55 - [TEST_STEP][PASSED] - sendKeys(findTestObject("ADMIN/Edit Text/Bespoke/Seller Pages/Onboarding_Settings/input_POSTAL CODE_address-postalcode"), "*"): Keys '*' sent to object: 'Object Repository/ADMIN/Edit Text/Bespoke/Seller Pages/Onboarding_Settings/input_POSTAL CODE_address-postalcode'

2020-03-20 14:44:55 - [MESSAGE][PASSED] - Keys '*' sent to object: 'Object Repository/ADMIN/Edit Text/Bespoke/Seller Pages/Onboarding_Settings/input_POSTAL CODE_address-postalcode'

2020-03-20 14:44:55 - [TEST_STEP][PASSED] - sendKeys(findTestObject("ADMIN/Edit Text/Bespoke/Seller Pages/Onboarding_Settings/input_ADD ADDRESS_btn_add"), "*"): Keys '*' sent to object: 'Object Repository/ADMIN/Edit Text/Bespoke/Seller Pages/Onboarding_Settings/input_ADD ADDRESS_btn_add'

2020-03-20 14:44:56 - [MESSAGE][PASSED] - Keys '*' sent to object: 'Object Repository/ADMIN/Edit Text/Bespoke/Seller Pages/Onboarding_Settings/input_ADD ADDRESS_btn_add'

2020-03-20 14:44:56 - [TEST_STEP][PASSED] - sendKeys(findTestObject("ADMIN/Edit Text/Bespoke/Seller Pages/Onboarding_Settings/input_SAVED ADDRESSES_address-saved"), "*"): Keys '*' sent to object: 'Object Repository/ADMIN/Edit Text/Bespoke/Seller Pages/Onboarding_Settings/input_SAVED ADDRESSES_address-saved'

2020-03-20 14:44:56 - [MESSAGE][PASSED] - Keys '*' sent to object: 'Object Repository/ADMIN/Edit Text/Bespoke/Seller Pages/Onboarding_Settings/input_SAVED ADDRESSES_address-saved'

2020-03-20 14:44:56 - [TEST_STEP][PASSED] - sendKeys(findTestObject("ADMIN/Edit Text/Bespoke/Seller Pages/Onboarding_Settings/input_Next_btn_next (1)"), "*"): Keys '*' sent to object: 'Object Repository/ADMIN/Edit Text/Bespoke/Seller Pages/Onboarding_Settings/input_Next_btn_next (1)'

2020-03-20 14:44:56 - [MESSAGE][PASSED] - Keys '*' sent to object: 'Object Repository/ADMIN/Edit Text/Bespoke/Seller Pages/Onboarding_Settings/input_Next_btn_next (1)'

2020-03-20 14:44:56 - [TEST_STEP][PASSED] - sendKeys(findTestObject("ADMIN/Edit Text/Bespoke/Seller Pages/Onboarding_Settings/input_PAYMENT ACCEPTANCE_tan-title"), "*"): Keys '*' sent to object: 'Object Repository/ADMIN/Edit Text/Bespoke/Seller Pages/Onboarding_Settings/input_PAYMENT ACCEPTANCE_tan-title'

2020-03-20 14:44:56 - [MESSAGE][PASSED] - Keys '*' sent to object: 'Object Repository/ADMIN/Edit Text/Bespoke/Seller Pages/Onboarding_Settings/input_PAYMENT ACCEPTANCE_tan-title'

2020-03-20 14:44:56 - [TEST_STEP][PASSED] - sendKeys(findTestObject("ADMIN/Edit Text/Bespoke/Seller Pages/Onboarding_Settings/input_PAYMENT METHOD_payment_method"), "*"): Keys '*' sent to object: 'Object Repository/ADMIN/Edit Text/Bespoke/Seller Pages/Onboarding_Settings/input_PAYMENT METHOD_payment_method'

2020-03-20 14:44:57 - [MESSAGE][PASSED] - Keys '*' sent to object: 'Object Repository/ADMIN/Edit Text/Bespoke/Seller Pages/Onboarding_Settings/input_PAYMENT METHOD_payment_method'

2020-03-20 14:44:57 - [TEST_STEP][PASSED] - sendKeys(findTestObject("ADMIN/Edit Text/Bespoke/Seller Pages/Onboarding_Settings/input_Select your preferred payment method_select_payment_method"), "*"): Keys '*' sent to object: 'Object Repository/ADMIN/Edit Text/Bespoke/Seller Pages/Onboarding_Settings/input_Select your preferred payment method_select_payment_method'

2020-03-20 14:44:57 - [MESSAGE][PASSED] - Keys '*' sent to object: 'Object Repository/ADMIN/Edit Text/Bespoke/Seller Pages/Onboarding_Settings/input_Select your preferred payment method_select_payment_method'

2020-03-20 14:44:57 - [TEST_STEP][PASSED] - sendKeys(findTestObject("ADMIN/Edit Text/Bespoke/Seller Pages/Onboarding_Settings/input_LINK ACCOUNT_btn_link_account"), "*"): Keys '*' sent to object: 'Object Repository/ADMIN/Edit Text/Bespoke/Seller Pages/Onboarding_Settings/input_LINK ACCOUNT_btn_link_account'

2020-03-20 14:44:57 - [MESSAGE][PASSED] - Keys '*' sent to object: 'Object Repository/ADMIN/Edit Text/Bespoke/Seller Pages/Onboarding_Settings/input_LINK ACCOUNT_btn_link_account'

2020-03-20 14:44:57 - [TEST_STEP][PASSED] - sendKeys(findTestObject("ADMIN/Edit Text/Bespoke/Seller Pages/Onboarding_Settings/input_VERIFIED_verified"), "*"): Keys '*' sent to object: 'Object Repository/ADMIN/Edit Text/Bespoke/Seller Pages/Onboarding_Settings/input_VERIFIED_verified'

2020-03-20 14:44:57 - [MESSAGE][PASSED] - Keys '*' sent to object: 'Object Repository/ADMIN/Edit Text/Bespoke/Seller Pages/Onboarding_Settings/input_VERIFIED_verified'

2020-03-20 14:44:57 - [TEST_STEP][PASSED] - sendKeys(findTestObject("ADMIN/Edit Text/Bespoke/Seller Pages/Onboarding_Settings/input_This payment method is compulsory_this_method_compulsory"), "*"): Keys '*' sent to object: 'Object Repository/ADMIN/Edit Text/Bespoke/Seller Pages/Onboarding_Settings/input_This payment method is compulsory_this_method_compulsory'

2020-03-20 14:44:57 - [MESSAGE][PASSED] - Keys '*' sent to object: 'Object Repository/ADMIN/Edit Text/Bespoke/Seller Pages/Onboarding_Settings/input_This payment method is compulsory_this_method_compulsory'

2020-03-20 14:44:57 - [TEST_STEP][PASSED] - sendKeys(findTestObject("ADMIN/Edit Text/Bespoke/Seller Pages/Onboarding_Settings/input_No account linked yet_no-account-linked"), "*"): Keys '*' sent to object: 'Object Repository/ADMIN/Edit Text/Bespoke/Seller Pages/Onboarding_Settings/input_No account linked yet_no-account-linked'

2020-03-20 14:44:58 - [MESSAGE][PASSED] - Keys '*' sent to object: 'Object Repository/ADMIN/Edit Text/Bespoke/Seller Pages/Onboarding_Settings/input_No account linked yet_no-account-linked'

2020-03-20 14:44:58 - [TEST_STEP][PASSED] - sendKeys(findTestObject("ADMIN/Edit Text/Bespoke/Seller Pages/Onboarding_Settings/input_next3"), "*"): Keys '*' sent to object: 'Object Repository/ADMIN/Edit Text/Bespoke/Seller Pages/Onboarding_Settings/input_next3'

2020-03-20 14:44:58 - [MESSAGE][PASSED] - Keys '*' sent to object: 'Object Repository/ADMIN/Edit Text/Bespoke/Seller Pages/Onboarding_Settings/input_next3'

2020-03-20 14:44:58 - [TEST_STEP][PASSED] - sendKeys(findTestObject("ADMIN/Edit Text/Bespoke/Seller Pages/Onboarding_Settings/input_DELIVERY METHODS_tab-title1"), "*"): Keys '*' sent to object: 'Object Repository/ADMIN/Edit Text/Bespoke/Seller Pages/Onboarding_Settings/input_DELIVERY METHODS_tab-title1'

2020-03-20 14:44:58 - [MESSAGE][PASSED] - Keys '*' sent to object: 'Object Repository/ADMIN/Edit Text/Bespoke/Seller Pages/Onboarding_Settings/input_DELIVERY METHODS_tab-title1'

2020-03-20 14:44:58 - [TEST_STEP][PASSED] - sendKeys(findTestObject("ADMIN/Edit Text/Bespoke/Seller Pages/Onboarding_Settings/input_DELIVERY OPTIONS_delivery-option"), "*"): Keys '*' sent to object: 'Object Repository/ADMIN/Edit Text/Bespoke/Seller Pages/Onboarding_Settings/input_DELIVERY OPTIONS_delivery-option'

2020-03-20 14:44:58 - [MESSAGE][PASSED] - Keys '*' sent to object: 'Object Repository/ADMIN/Edit Text/Bespoke/Seller Pages/Onboarding_Settings/input_DELIVERY OPTIONS_delivery-option'

2020-03-20 14:44:58 - [TEST_STEP][PASSED] - sendKeys(findTestObject("ADMIN/Edit Text/Bespoke/Seller Pages/Onboarding_Settings/input_DELIVERY OPTIONS_delivery-txt2"), "*"): Keys '*' sent to object: 'Object Repository/ADMIN/Edit Text/Bespoke/Seller Pages/Onboarding_Settings/input_DELIVERY OPTIONS_delivery-txt2'

2020-03-20 14:44:58 - [MESSAGE][PASSED] - Keys '*' sent to object: 'Object Repository/ADMIN/Edit Text/Bespoke/Seller Pages/Onboarding_Settings/input_DELIVERY OPTIONS_delivery-txt2'

2020-03-20 14:44:58 - [TEST_STEP][PASSED] - sendKeys(findTestObject("ADMIN/Edit Text/Bespoke/Seller Pages/Onboarding_Settings/input_DELIVERY SERVICE_delivery-service"), "*"): Keys '*' sent to object: 'Object Repository/ADMIN/Edit Text/Bespoke/Seller Pages/Onboarding_Settings/input_DELIVERY SERVICE_delivery-service'

2020-03-20 14:44:59 - [MESSAGE][PASSED] - Keys '*' sent to object: 'Object Repository/ADMIN/Edit Text/Bespoke/Seller Pages/Onboarding_Settings/input_DELIVERY SERVICE_delivery-service'

2020-03-20 14:44:59 - [TEST_STEP][PASSED] - sendKeys(findTestObject("ADMIN/Edit Text/Bespoke/Seller Pages/Onboarding_Settings/input_SINGLE ITEM DELIVERY (A)_single-item-delivery"), "*"): Keys '*' sent to object: 'Object Repository/ADMIN/Edit Text/Bespoke/Seller Pages/Onboarding_Settings/input_SINGLE ITEM DELIVERY (A)_single-item-delivery'

2020-03-20 14:44:59 - [MESSAGE][PASSED] - Keys '*' sent to object: 'Object Repository/ADMIN/Edit Text/Bespoke/Seller Pages/Onboarding_Settings/input_SINGLE ITEM DELIVERY (A)_single-item-delivery'

2020-03-20 14:44:59 - [TEST_STEP][PASSED] - sendKeys(findTestObject("ADMIN/Edit Text/Bespoke/Seller Pages/Onboarding_Settings/input_WITH OTHER ITEM (B)_with-other-item"), "*"): Keys '*' sent to object: 'Object Repository/ADMIN/Edit Text/Bespoke/Seller Pages/Onboarding_Settings/input_WITH OTHER ITEM (B)_with-other-item'

2020-03-20 14:44:59 - [MESSAGE][PASSED] - Keys '*' sent to object: 'Object Repository/ADMIN/Edit Text/Bespoke/Seller Pages/Onboarding_Settings/input_WITH OTHER ITEM (B)_with-other-item'

2020-03-20 14:44:59 - [TEST_STEP][PASSED] - sendKeys(findTestObject("ADMIN/Edit Text/Bespoke/Seller Pages/Onboarding_Settings/input_ADD_btn_add"), "*"): Keys '*' sent to object: 'Object Repository/ADMIN/Edit Text/Bespoke/Seller Pages/Onboarding_Settings/input_ADD_btn_add'

2020-03-20 14:44:59 - [MESSAGE][PASSED] - Keys '*' sent to object: 'Object Repository/ADMIN/Edit Text/Bespoke/Seller Pages/Onboarding_Settings/input_ADD_btn_add'

2020-03-20 14:44:59 - [TEST_STEP][PASSED] - sendKeys(findTestObject("ADMIN/Edit Text/Bespoke/Seller Pages/Onboarding_Settings/input_PICK-UP LOCATIONS_pick-up-option"), "*"): Keys '*' sent to object: 'Object Repository/ADMIN/Edit Text/Bespoke/Seller Pages/Onboarding_Settings/input_PICK-UP LOCATIONS_pick-up-option'

2020-03-20 14:44:59 - [MESSAGE][PASSED] - Keys '*' sent to object: 'Object Repository/ADMIN/Edit Text/Bespoke/Seller Pages/Onboarding_Settings/input_PICK-UP LOCATIONS_pick-up-option'

2020-03-20 14:44:59 - [TEST_STEP][PASSED] - sendKeys(findTestObject("ADMIN/Edit Text/Bespoke/Seller Pages/Onboarding_Settings/textarea_Define the full address where the buyer can pick up from (You must have at least a delivery option or a pick-up location selected)"), "*"): Keys '*' sent to object: 'Object Repository/ADMIN/Edit Text/Bespoke/Seller Pages/Onboarding_Settings/textarea_Define the full address where the buyer can pick up from (You must have at least a delivery option or a pick-up location selected)'

2020-03-20 14:45:00 - [MESSAGE][PASSED] - Keys '*' sent to object: 'Object Repository/ADMIN/Edit Text/Bespoke/Seller Pages/Onboarding_Settings/textarea_Define the full address where the buyer can pick up from (You must have at least a delivery option or a pick-up location selected)'

2020-03-20 14:45:00 - [TEST_STEP][PASSED] - sendKeys(findTestObject("ADMIN/Edit Text/Bespoke/Seller Pages/Onboarding_Settings/input_Offer reduced shipping costs to buyers when they buy more than one item from you_delivery-txt2"), "*"): Keys '*' sent to object: 'Object Repository/ADMIN/Edit Text/Bespoke/Seller Pages/Onboarding_Settings/input_Offer reduced shipping costs to buyers when they buy more than one item from you_delivery-txt2'

2020-03-20 14:45:00 - [MESSAGE][PASSED] - Keys '*' sent to object: 'Object Repository/ADMIN/Edit Text/Bespoke/Seller Pages/Onboarding_Settings/input_Offer reduced shipping costs to buyers when they buy more than one item from you_delivery-txt2'

2020-03-20 14:45:00 - [TEST_STEP][PASSED] - sendKeys(findTestObject("ADMIN/Edit Text/Bespoke/Seller Pages/Onboarding_Settings/input_total delivery"), "*"): Keys '*' sent to object: 'Object Repository/ADMIN/Edit Text/Bespoke/Seller Pages/Onboarding_Settings/input_total delivery'

2020-03-20 14:45:00 - [MESSAGE][PASSED] - Keys '*' sent to object: 'Object Repository/ADMIN/Edit Text/Bespoke/Seller Pages/Onboarding_Settings/input_total delivery'

2020-03-20 14:45:00 - [TEST_STEP][PASSED] - sendKeys(findTestObject("ADMIN/Edit Text/Bespoke/Seller Pages/Onboarding_Settings/input_add1"), "*"): Keys '*' sent to object: 'Object Repository/ADMIN/Edit Text/Bespoke/Seller Pages/Onboarding_Settings/input_add1'

2020-03-20 14:45:00 - [MESSAGE][PASSED] - Keys '*' sent to object: 'Object Repository/ADMIN/Edit Text/Bespoke/Seller Pages/Onboarding_Settings/input_add1'

2020-03-20 14:45:00 - [TEST_STEP][PASSED] - sendKeys(findTestObject("ADMIN/Edit Text/Bespoke/Seller Pages/Onboarding_Settings/input_PICK-UP LOCATION ADDRESS_pick-up-address"), "*"): Keys '*' sent to object: 'Object Repository/ADMIN/Edit Text/Bespoke/Seller Pages/Onboarding_Settings/input_PICK-UP LOCATION ADDRESS_pick-up-address'

2020-03-20 14:45:00 - [MESSAGE][PASSED] - Keys '*' sent to object: 'Object Repository/ADMIN/Edit Text/Bespoke/Seller Pages/Onboarding_Settings/input_PICK-UP LOCATION ADDRESS_pick-up-address'

2020-03-20 14:45:00 - [TEST_STEP][PASSED] - sendKeys(findTestObject("ADMIN/Edit Text/Bespoke/Seller Pages/Onboarding_Settings/input_SAVE_btn_save"), "*"): Keys '*' sent to object: 'Object Repository/ADMIN/Edit Text/Bespoke/Seller Pages/Onboarding_Settings/input_SAVE_btn_save'

2020-03-20 14:45:01 - [MESSAGE][PASSED] - Keys '*' sent to object: 'Object Repository/ADMIN/Edit Text/Bespoke/Seller Pages/Onboarding_Settings/input_SAVE_btn_save'

2020-03-20 14:45:01 - [TEST_STEP][PASSED] - sendKeys(findTestObject("ADMIN/Edit Text/Bespoke/Seller Pages/Onboarding_Settings/input_Are you sure want to delete_popup-title"), "*"): Keys '*' sent to object: 'Object Repository/ADMIN/Edit Text/Bespoke/Seller Pages/Onboarding_Settings/input_Are you sure want to delete_popup-title'

2020-03-20 14:45:01 - [MESSAGE][PASSED] - Keys '*' sent to object: 'Object Repository/ADMIN/Edit Text/Bespoke/Seller Pages/Onboarding_Settings/input_Are you sure want to delete_popup-title'

2020-03-20 14:45:01 - [TEST_STEP][PASSED] - sendKeys(findTestObject("ADMIN/Edit Text/Bespoke/Seller Pages/Onboarding_Settings/input_CANCEL_btn_cancel"), "*"): Keys '*' sent to object: 'Object Repository/ADMIN/Edit Text/Bespoke/Seller Pages/Onboarding_Settings/input_CANCEL_btn_cancel'

2020-03-20 14:45:01 - [MESSAGE][PASSED] - Keys '*' sent to object: 'Object Repository/ADMIN/Edit Text/Bespoke/Seller Pages/Onboarding_Settings/input_CANCEL_btn_cancel'

2020-03-20 14:45:01 - [TEST_STEP][PASSED] - sendKeys(findTestObject("ADMIN/Edit Text/Bespoke/Seller Pages/Onboarding_Settings/input_Okay_btn_okay"), "*"): Keys '*' sent to object: 'Object Repository/ADMIN/Edit Text/Bespoke/Seller Pages/Onboarding_Settings/input_Okay_btn_okay'

2020-03-20 14:45:01 - [MESSAGE][PASSED] - Keys '*' sent to object: 'Object Repository/ADMIN/Edit Text/Bespoke/Seller Pages/Onboarding_Settings/input_Okay_btn_okay'

2020-03-20 14:45:01 - [TEST_STEP][PASSED] - sendKeys(findTestObject("ADMIN/Edit Text/Bespoke/Seller Pages/Onboarding_Settings/input_REMOVE ITEM_popup-title"), "*"): Keys '*' sent to object: 'Object Repository/ADMIN/Edit Text/Bespoke/Seller Pages/Onboarding_Settings/input_REMOVE ITEM_popup-title'

2020-03-20 14:45:01 - [MESSAGE][PASSED] - Keys '*' sent to object: 'Object Repository/ADMIN/Edit Text/Bespoke/Seller Pages/Onboarding_Settings/input_REMOVE ITEM_popup-title'

2020-03-20 14:45:01 - [TEST_STEP][PASSED] - sendKeys(findTestObject("ADMIN/Edit Text/Bespoke/Seller Pages/Onboarding_Settings/input_concat(Are you sure about removing this item from your list (It  ll be gone forever))_popup-title"), "*"): Keys '*' sent to object: 'Object Repository/ADMIN/Edit Text/Bespoke/Seller Pages/Onboarding_Settings/input_concat(Are you sure about removing this item from your list (It  ll be gone forever))_popup-title'

2020-03-20 14:45:02 - [MESSAGE][PASSED] - Keys '*' sent to object: 'Object Repository/ADMIN/Edit Text/Bespoke/Seller Pages/Onboarding_Settings/input_concat(Are you sure about removing this item from your list (It  ll be gone forever))_popup-title'

2020-03-20 14:45:02 - [TEST_STEP][PASSED] - sendKeys(findTestObject("ADMIN/Edit Text/Bespoke/Seller Pages/Onboarding_Settings/input_CANCEL_btn_cancel2"), "*"): Keys '*' sent to object: 'Object Repository/ADMIN/Edit Text/Bespoke/Seller Pages/Onboarding_Settings/input_CANCEL_btn_cancel2'

2020-03-20 14:45:02 - [MESSAGE][PASSED] - Keys '*' sent to object: 'Object Repository/ADMIN/Edit Text/Bespoke/Seller Pages/Onboarding_Settings/input_CANCEL_btn_cancel2'

2020-03-20 14:45:02 - [TEST_STEP][PASSED] - sendKeys(findTestObject("ADMIN/Edit Text/Bespoke/Seller Pages/Onboarding_Settings/input_Okay_btn_okay2"), "*"): Keys '*' sent to object: 'Object Repository/ADMIN/Edit Text/Bespoke/Seller Pages/Onboarding_Settings/input_Okay_btn_okay2'

2020-03-20 14:45:02 - [MESSAGE][PASSED] - Keys '*' sent to object: 'Object Repository/ADMIN/Edit Text/Bespoke/Seller Pages/Onboarding_Settings/input_Okay_btn_okay2'

2020-03-20 14:45:02 - [TEST_STEP][PASSED] - click(findTestObject("ADMIN/Edit Text/Bespoke/Buyer Pages/Homepage/button_save"), CONTINUE_ON_FAILURE): Object: 'Object Repository/ADMIN/Edit Text/Bespoke/Buyer Pages/Homepage/button_save' is clicked on

2020-03-20 14:45:02 - [MESSAGE][PASSED] - Object: 'Object Repository/ADMIN/Edit Text/Bespoke/Buyer Pages/Homepage/button_save' is clicked on

2020-03-20 14:45:02 - [TEST_STEP][PASSED] - waitForElementVisible(findTestObject("ADMIN/Edit Text/Bespoke/Buyer Pages/Homepage/toaster_success"), 0): Object 'Object Repository/ADMIN/Edit Text/Bespoke/Buyer Pages/Homepage/toaster_success' is visible

2020-03-20 14:45:02 - [MESSAGE][WARNING] - Timeout '0' is invalid. Using default page load timeout: '30'

2020-03-20 14:45:03 - [MESSAGE][PASSED] - Object 'Object Repository/ADMIN/Edit Text/Bespoke/Buyer Pages/Homepage/toaster_success' is visible]]></system-out>
         <system-err><![CDATA[]]></system-err>
      </testcase>
      <testcase name="Test Cases/ADMIN/Language/Edit Text/Bespoke/Seller/Onboarding_Settings" time="12.916" classname="Test Cases/ADMIN/Language/Edit Text/Bespoke/Seller/Onboarding_Settings" status="PASSED">
         <system-out><![CDATA[2020-03-20 14:45:03 - [TEST_CASE][PASSED] - Test Cases/ADMIN/Language/Edit Text/Bespoke/Seller/Onboarding_Settings: Test Cases/ADMIN/Language/Edit Text/Bespoke/Seller/Onboarding_Settings

2020-03-20 14:45:03 - [TEST_STEP][PASSED] - waitForElementVisible(findTestObject("ADMIN/Edit Text/Bespoke/Buyer Navigation/dd_language"), 0): Object 'Object Repository/ADMIN/Edit Text/Bespoke/Buyer Navigation/dd_language' is visible

2020-03-20 14:45:03 - [MESSAGE][WARNING] - Timeout '0' is invalid. Using default page load timeout: '30'

2020-03-20 14:45:03 - [MESSAGE][PASSED] - Object 'Object Repository/ADMIN/Edit Text/Bespoke/Buyer Navigation/dd_language' is visible

2020-03-20 14:45:03 - [TEST_STEP][PASSED] - selectOptionByLabel(findTestObject("ADMIN/Edit Text/Bespoke/Buyer Navigation/dd_language"), varLanguage, false): All options with label 'Spanish' are selected in object 'Object Repository/ADMIN/Edit Text/Bespoke/Buyer Navigation/dd_language' 

2020-03-20 14:45:04 - [MESSAGE][PASSED] - All options with label 'Spanish' are selected in object 'Object Repository/ADMIN/Edit Text/Bespoke/Buyer Navigation/dd_language' 

2020-03-20 14:45:04 - [TEST_STEP][PASSED] - sendKeys(findTestObject("ADMIN/Edit Text/Bespoke/Seller Pages/Onboarding_Settings/input_USER SETTINGS_marketplace-name"), "*"): Keys '*' sent to object: 'Object Repository/ADMIN/Edit Text/Bespoke/Seller Pages/Onboarding_Settings/input_USER SETTINGS_marketplace-name'

2020-03-20 14:45:04 - [MESSAGE][PASSED] - Keys '*' sent to object: 'Object Repository/ADMIN/Edit Text/Bespoke/Seller Pages/Onboarding_Settings/input_USER SETTINGS_marketplace-name'

2020-03-20 14:45:04 - [TEST_STEP][PASSED] - sendKeys(findTestObject("ADMIN/Edit Text/Bespoke/Seller Pages/Onboarding_Settings/input_Configure your profile your delivery methods and how you receive payments_item_details"), "*"): Keys '*' sent to object: 'Object Repository/ADMIN/Edit Text/Bespoke/Seller Pages/Onboarding_Settings/input_Configure your profile your delivery methods and how you receive payments_item_details'

2020-03-20 14:45:05 - [MESSAGE][PASSED] - Keys '*' sent to object: 'Object Repository/ADMIN/Edit Text/Bespoke/Seller Pages/Onboarding_Settings/input_Configure your profile your delivery methods and how you receive payments_item_details'

2020-03-20 14:45:05 - [TEST_STEP][PASSED] - sendKeys(findTestObject("ADMIN/Edit Text/Bespoke/Seller Pages/Onboarding_Settings/input_PROFILE_tab-title"), "*"): Keys '*' sent to object: 'Object Repository/ADMIN/Edit Text/Bespoke/Seller Pages/Onboarding_Settings/input_PROFILE_tab-title'

2020-03-20 14:45:05 - [MESSAGE][PASSED] - Keys '*' sent to object: 'Object Repository/ADMIN/Edit Text/Bespoke/Seller Pages/Onboarding_Settings/input_PROFILE_tab-title'

2020-03-20 14:45:05 - [TEST_STEP][PASSED] - sendKeys(findTestObject("ADMIN/Edit Text/Bespoke/Seller Pages/Onboarding_Settings/input_CHANGE_btn_upload"), "*"): Keys '*' sent to object: 'Object Repository/ADMIN/Edit Text/Bespoke/Seller Pages/Onboarding_Settings/input_CHANGE_btn_upload'

2020-03-20 14:45:05 - [MESSAGE][PASSED] - Keys '*' sent to object: 'Object Repository/ADMIN/Edit Text/Bespoke/Seller Pages/Onboarding_Settings/input_CHANGE_btn_upload'

2020-03-20 14:45:05 - [TEST_STEP][PASSED] - sendKeys(findTestObject("ADMIN/Edit Text/Bespoke/Seller Pages/Onboarding_Settings/input_DISPLAY NAME_display-name"), "*"): Keys '*' sent to object: 'Object Repository/ADMIN/Edit Text/Bespoke/Seller Pages/Onboarding_Settings/input_DISPLAY NAME_display-name'

2020-03-20 14:45:05 - [MESSAGE][PASSED] - Keys '*' sent to object: 'Object Repository/ADMIN/Edit Text/Bespoke/Seller Pages/Onboarding_Settings/input_DISPLAY NAME_display-name'

2020-03-20 14:45:05 - [TEST_STEP][PASSED] - sendKeys(findTestObject("ADMIN/Edit Text/Bespoke/Seller Pages/Onboarding_Settings/input_DESCRIPTION_description"), "*"): Keys '*' sent to object: 'Object Repository/ADMIN/Edit Text/Bespoke/Seller Pages/Onboarding_Settings/input_DESCRIPTION_description'

2020-03-20 14:45:05 - [MESSAGE][PASSED] - Keys '*' sent to object: 'Object Repository/ADMIN/Edit Text/Bespoke/Seller Pages/Onboarding_Settings/input_DESCRIPTION_description'

2020-03-20 14:45:05 - [TEST_STEP][PASSED] - sendKeys(findTestObject("ADMIN/Edit Text/Bespoke/Seller Pages/Onboarding_Settings/input_FIRST NAME_first-name"), "*"): Keys '*' sent to object: 'Object Repository/ADMIN/Edit Text/Bespoke/Seller Pages/Onboarding_Settings/input_FIRST NAME_first-name'

2020-03-20 14:45:06 - [MESSAGE][PASSED] - Keys '*' sent to object: 'Object Repository/ADMIN/Edit Text/Bespoke/Seller Pages/Onboarding_Settings/input_FIRST NAME_first-name'

2020-03-20 14:45:06 - [TEST_STEP][PASSED] - sendKeys(findTestObject("ADMIN/Edit Text/Bespoke/Seller Pages/Onboarding_Settings/input_LAST NAME_last-name"), "*"): Keys '*' sent to object: 'Object Repository/ADMIN/Edit Text/Bespoke/Seller Pages/Onboarding_Settings/input_LAST NAME_last-name'

2020-03-20 14:45:06 - [MESSAGE][PASSED] - Keys '*' sent to object: 'Object Repository/ADMIN/Edit Text/Bespoke/Seller Pages/Onboarding_Settings/input_LAST NAME_last-name'

2020-03-20 14:45:06 - [TEST_STEP][PASSED] - sendKeys(findTestObject("ADMIN/Edit Text/Bespoke/Seller Pages/Onboarding_Settings/input_NOTIFICATION EMAIL_notification-email"), "*"): Keys '*' sent to object: 'Object Repository/ADMIN/Edit Text/Bespoke/Seller Pages/Onboarding_Settings/input_NOTIFICATION EMAIL_notification-email'

2020-03-20 14:45:06 - [MESSAGE][PASSED] - Keys '*' sent to object: 'Object Repository/ADMIN/Edit Text/Bespoke/Seller Pages/Onboarding_Settings/input_NOTIFICATION EMAIL_notification-email'

2020-03-20 14:45:06 - [TEST_STEP][PASSED] - sendKeys(findTestObject("ADMIN/Edit Text/Bespoke/Seller Pages/Onboarding_Settings/input_CONTACT NUMBER_contact-number"), "*"): Keys '*' sent to object: 'Object Repository/ADMIN/Edit Text/Bespoke/Seller Pages/Onboarding_Settings/input_CONTACT NUMBER_contact-number'

2020-03-20 14:45:06 - [MESSAGE][PASSED] - Keys '*' sent to object: 'Object Repository/ADMIN/Edit Text/Bespoke/Seller Pages/Onboarding_Settings/input_CONTACT NUMBER_contact-number'

2020-03-20 14:45:06 - [TEST_STEP][PASSED] - sendKeys(findTestObject("ADMIN/Edit Text/Bespoke/Seller Pages/Onboarding_Settings/input_OPENID LOGIN_open-id-login"), "*"): Keys '*' sent to object: 'Object Repository/ADMIN/Edit Text/Bespoke/Seller Pages/Onboarding_Settings/input_OPENID LOGIN_open-id-login'

2020-03-20 14:45:06 - [MESSAGE][PASSED] - Keys '*' sent to object: 'Object Repository/ADMIN/Edit Text/Bespoke/Seller Pages/Onboarding_Settings/input_OPENID LOGIN_open-id-login'

2020-03-20 14:45:06 - [TEST_STEP][PASSED] - sendKeys(findTestObject("ADMIN/Edit Text/Bespoke/Seller Pages/Onboarding_Settings/input_SELLER LOCATION_seller_location"), "*"): Keys '*' sent to object: 'Object Repository/ADMIN/Edit Text/Bespoke/Seller Pages/Onboarding_Settings/input_SELLER LOCATION_seller_location'

2020-03-20 14:45:06 - [MESSAGE][PASSED] - Keys '*' sent to object: 'Object Repository/ADMIN/Edit Text/Bespoke/Seller Pages/Onboarding_Settings/input_SELLER LOCATION_seller_location'

2020-03-20 14:45:06 - [TEST_STEP][PASSED] - sendKeys(findTestObject("ADMIN/Edit Text/Bespoke/Seller Pages/Onboarding_Settings/textarea_For each transaction that is made through the marketplace there will be a seller transaction fee of"), "*"): Keys '*' sent to object: 'Object Repository/ADMIN/Edit Text/Bespoke/Seller Pages/Onboarding_Settings/textarea_For each transaction that is made through the marketplace there will be a seller transaction fee of'

2020-03-20 14:45:06 - [MESSAGE][PASSED] - Keys '*' sent to object: 'Object Repository/ADMIN/Edit Text/Bespoke/Seller Pages/Onboarding_Settings/textarea_For each transaction that is made through the marketplace there will be a seller transaction fee of'

2020-03-20 14:45:06 - [TEST_STEP][PASSED] - sendKeys(findTestObject("ADMIN/Edit Text/Bespoke/Seller Pages/Onboarding_Settings/input_NEXT_btn_next"), "*"): Keys '*' sent to object: 'Object Repository/ADMIN/Edit Text/Bespoke/Seller Pages/Onboarding_Settings/input_NEXT_btn_next'

2020-03-20 14:45:07 - [MESSAGE][PASSED] - Keys '*' sent to object: 'Object Repository/ADMIN/Edit Text/Bespoke/Seller Pages/Onboarding_Settings/input_NEXT_btn_next'

2020-03-20 14:45:07 - [TEST_STEP][PASSED] - sendKeys(findTestObject("ADMIN/Edit Text/Bespoke/Seller Pages/Onboarding_Settings/input_ADDRESS_tab-title"), "*"): Keys '*' sent to object: 'Object Repository/ADMIN/Edit Text/Bespoke/Seller Pages/Onboarding_Settings/input_ADDRESS_tab-title'

2020-03-20 14:45:07 - [MESSAGE][PASSED] - Keys '*' sent to object: 'Object Repository/ADMIN/Edit Text/Bespoke/Seller Pages/Onboarding_Settings/input_ADDRESS_tab-title'

2020-03-20 14:45:07 - [TEST_STEP][PASSED] - sendKeys(findTestObject("ADMIN/Edit Text/Bespoke/Seller Pages/Onboarding_Settings/input_NEW DELIVERY ADDRESS_new-delivery-address"), "*"): Keys '*' sent to object: 'Object Repository/ADMIN/Edit Text/Bespoke/Seller Pages/Onboarding_Settings/input_NEW DELIVERY ADDRESS_new-delivery-address'

2020-03-20 14:45:07 - [MESSAGE][PASSED] - Keys '*' sent to object: 'Object Repository/ADMIN/Edit Text/Bespoke/Seller Pages/Onboarding_Settings/input_NEW DELIVERY ADDRESS_new-delivery-address'

2020-03-20 14:45:07 - [TEST_STEP][PASSED] - sendKeys(findTestObject("ADMIN/Edit Text/Bespoke/Seller Pages/Onboarding_Settings/input_ADDRESSEE FIRST NAME_addressee-first-name"), "*"): Keys '*' sent to object: 'Object Repository/ADMIN/Edit Text/Bespoke/Seller Pages/Onboarding_Settings/input_ADDRESSEE FIRST NAME_addressee-first-name'

2020-03-20 14:45:07 - [MESSAGE][PASSED] - Keys '*' sent to object: 'Object Repository/ADMIN/Edit Text/Bespoke/Seller Pages/Onboarding_Settings/input_ADDRESSEE FIRST NAME_addressee-first-name'

2020-03-20 14:45:07 - [TEST_STEP][PASSED] - sendKeys(findTestObject("ADMIN/Edit Text/Bespoke/Seller Pages/Onboarding_Settings/input_ADDRESSEE LAST NAME_addressee-last-name"), "*"): Keys '*' sent to object: 'Object Repository/ADMIN/Edit Text/Bespoke/Seller Pages/Onboarding_Settings/input_ADDRESSEE LAST NAME_addressee-last-name'

2020-03-20 14:45:07 - [MESSAGE][PASSED] - Keys '*' sent to object: 'Object Repository/ADMIN/Edit Text/Bespoke/Seller Pages/Onboarding_Settings/input_ADDRESSEE LAST NAME_addressee-last-name'

2020-03-20 14:45:07 - [TEST_STEP][PASSED] - sendKeys(findTestObject("ADMIN/Edit Text/Bespoke/Seller Pages/Onboarding_Settings/input_ADDRESS_address"), "*"): Keys '*' sent to object: 'Object Repository/ADMIN/Edit Text/Bespoke/Seller Pages/Onboarding_Settings/input_ADDRESS_address'

2020-03-20 14:45:08 - [MESSAGE][PASSED] - Keys '*' sent to object: 'Object Repository/ADMIN/Edit Text/Bespoke/Seller Pages/Onboarding_Settings/input_ADDRESS_address'

2020-03-20 14:45:08 - [TEST_STEP][PASSED] - sendKeys(findTestObject("ADMIN/Edit Text/Bespoke/Seller Pages/Onboarding_Settings/input_SELECT COUNTRY_select-country"), "*"): Keys '*' sent to object: 'Object Repository/ADMIN/Edit Text/Bespoke/Seller Pages/Onboarding_Settings/input_SELECT COUNTRY_select-country'

2020-03-20 14:45:08 - [MESSAGE][PASSED] - Keys '*' sent to object: 'Object Repository/ADMIN/Edit Text/Bespoke/Seller Pages/Onboarding_Settings/input_SELECT COUNTRY_select-country'

2020-03-20 14:45:08 - [TEST_STEP][PASSED] - sendKeys(findTestObject("ADMIN/Edit Text/Bespoke/Seller Pages/Onboarding_Settings/input_COUNTRY_address-country"), "*"): Keys '*' sent to object: 'Object Repository/ADMIN/Edit Text/Bespoke/Seller Pages/Onboarding_Settings/input_COUNTRY_address-country'

2020-03-20 14:45:08 - [MESSAGE][PASSED] - Keys '*' sent to object: 'Object Repository/ADMIN/Edit Text/Bespoke/Seller Pages/Onboarding_Settings/input_COUNTRY_address-country'

2020-03-20 14:45:08 - [TEST_STEP][PASSED] - sendKeys(findTestObject("ADMIN/Edit Text/Bespoke/Seller Pages/Onboarding_Settings/input_STATE_address-state"), "*"): Keys '*' sent to object: 'Object Repository/ADMIN/Edit Text/Bespoke/Seller Pages/Onboarding_Settings/input_STATE_address-state'

2020-03-20 14:45:08 - [MESSAGE][PASSED] - Keys '*' sent to object: 'Object Repository/ADMIN/Edit Text/Bespoke/Seller Pages/Onboarding_Settings/input_STATE_address-state'

2020-03-20 14:45:08 - [TEST_STEP][PASSED] - sendKeys(findTestObject("ADMIN/Edit Text/Bespoke/Seller Pages/Onboarding_Settings/input_CITY_address-city"), "*"): Keys '*' sent to object: 'Object Repository/ADMIN/Edit Text/Bespoke/Seller Pages/Onboarding_Settings/input_CITY_address-city'

2020-03-20 14:45:08 - [MESSAGE][PASSED] - Keys '*' sent to object: 'Object Repository/ADMIN/Edit Text/Bespoke/Seller Pages/Onboarding_Settings/input_CITY_address-city'

2020-03-20 14:45:08 - [TEST_STEP][PASSED] - sendKeys(findTestObject("ADMIN/Edit Text/Bespoke/Seller Pages/Onboarding_Settings/input_POSTAL CODE_address-postalcode"), "*"): Keys '*' sent to object: 'Object Repository/ADMIN/Edit Text/Bespoke/Seller Pages/Onboarding_Settings/input_POSTAL CODE_address-postalcode'

2020-03-20 14:45:09 - [MESSAGE][PASSED] - Keys '*' sent to object: 'Object Repository/ADMIN/Edit Text/Bespoke/Seller Pages/Onboarding_Settings/input_POSTAL CODE_address-postalcode'

2020-03-20 14:45:09 - [TEST_STEP][PASSED] - sendKeys(findTestObject("ADMIN/Edit Text/Bespoke/Seller Pages/Onboarding_Settings/input_ADD ADDRESS_btn_add"), "*"): Keys '*' sent to object: 'Object Repository/ADMIN/Edit Text/Bespoke/Seller Pages/Onboarding_Settings/input_ADD ADDRESS_btn_add'

2020-03-20 14:45:09 - [MESSAGE][PASSED] - Keys '*' sent to object: 'Object Repository/ADMIN/Edit Text/Bespoke/Seller Pages/Onboarding_Settings/input_ADD ADDRESS_btn_add'

2020-03-20 14:45:09 - [TEST_STEP][PASSED] - sendKeys(findTestObject("ADMIN/Edit Text/Bespoke/Seller Pages/Onboarding_Settings/input_SAVED ADDRESSES_address-saved"), "*"): Keys '*' sent to object: 'Object Repository/ADMIN/Edit Text/Bespoke/Seller Pages/Onboarding_Settings/input_SAVED ADDRESSES_address-saved'

2020-03-20 14:45:09 - [MESSAGE][PASSED] - Keys '*' sent to object: 'Object Repository/ADMIN/Edit Text/Bespoke/Seller Pages/Onboarding_Settings/input_SAVED ADDRESSES_address-saved'

2020-03-20 14:45:09 - [TEST_STEP][PASSED] - sendKeys(findTestObject("ADMIN/Edit Text/Bespoke/Seller Pages/Onboarding_Settings/input_Next_btn_next (1)"), "*"): Keys '*' sent to object: 'Object Repository/ADMIN/Edit Text/Bespoke/Seller Pages/Onboarding_Settings/input_Next_btn_next (1)'

2020-03-20 14:45:09 - [MESSAGE][PASSED] - Keys '*' sent to object: 'Object Repository/ADMIN/Edit Text/Bespoke/Seller Pages/Onboarding_Settings/input_Next_btn_next (1)'

2020-03-20 14:45:09 - [TEST_STEP][PASSED] - sendKeys(findTestObject("ADMIN/Edit Text/Bespoke/Seller Pages/Onboarding_Settings/input_PAYMENT ACCEPTANCE_tan-title"), "*"): Keys '*' sent to object: 'Object Repository/ADMIN/Edit Text/Bespoke/Seller Pages/Onboarding_Settings/input_PAYMENT ACCEPTANCE_tan-title'

2020-03-20 14:45:10 - [MESSAGE][PASSED] - Keys '*' sent to object: 'Object Repository/ADMIN/Edit Text/Bespoke/Seller Pages/Onboarding_Settings/input_PAYMENT ACCEPTANCE_tan-title'

2020-03-20 14:45:10 - [TEST_STEP][PASSED] - sendKeys(findTestObject("ADMIN/Edit Text/Bespoke/Seller Pages/Onboarding_Settings/input_PAYMENT METHOD_payment_method"), "*"): Keys '*' sent to object: 'Object Repository/ADMIN/Edit Text/Bespoke/Seller Pages/Onboarding_Settings/input_PAYMENT METHOD_payment_method'

2020-03-20 14:45:10 - [MESSAGE][PASSED] - Keys '*' sent to object: 'Object Repository/ADMIN/Edit Text/Bespoke/Seller Pages/Onboarding_Settings/input_PAYMENT METHOD_payment_method'

2020-03-20 14:45:10 - [TEST_STEP][PASSED] - sendKeys(findTestObject("ADMIN/Edit Text/Bespoke/Seller Pages/Onboarding_Settings/input_Select your preferred payment method_select_payment_method"), "*"): Keys '*' sent to object: 'Object Repository/ADMIN/Edit Text/Bespoke/Seller Pages/Onboarding_Settings/input_Select your preferred payment method_select_payment_method'

2020-03-20 14:45:10 - [MESSAGE][PASSED] - Keys '*' sent to object: 'Object Repository/ADMIN/Edit Text/Bespoke/Seller Pages/Onboarding_Settings/input_Select your preferred payment method_select_payment_method'

2020-03-20 14:45:10 - [TEST_STEP][PASSED] - sendKeys(findTestObject("ADMIN/Edit Text/Bespoke/Seller Pages/Onboarding_Settings/input_LINK ACCOUNT_btn_link_account"), "*"): Keys '*' sent to object: 'Object Repository/ADMIN/Edit Text/Bespoke/Seller Pages/Onboarding_Settings/input_LINK ACCOUNT_btn_link_account'

2020-03-20 14:45:10 - [MESSAGE][PASSED] - Keys '*' sent to object: 'Object Repository/ADMIN/Edit Text/Bespoke/Seller Pages/Onboarding_Settings/input_LINK ACCOUNT_btn_link_account'

2020-03-20 14:45:10 - [TEST_STEP][PASSED] - sendKeys(findTestObject("ADMIN/Edit Text/Bespoke/Seller Pages/Onboarding_Settings/input_VERIFIED_verified"), "*"): Keys '*' sent to object: 'Object Repository/ADMIN/Edit Text/Bespoke/Seller Pages/Onboarding_Settings/input_VERIFIED_verified'

2020-03-20 14:45:10 - [MESSAGE][PASSED] - Keys '*' sent to object: 'Object Repository/ADMIN/Edit Text/Bespoke/Seller Pages/Onboarding_Settings/input_VERIFIED_verified'

2020-03-20 14:45:10 - [TEST_STEP][PASSED] - sendKeys(findTestObject("ADMIN/Edit Text/Bespoke/Seller Pages/Onboarding_Settings/input_This payment method is compulsory_this_method_compulsory"), "*"): Keys '*' sent to object: 'Object Repository/ADMIN/Edit Text/Bespoke/Seller Pages/Onboarding_Settings/input_This payment method is compulsory_this_method_compulsory'

2020-03-20 14:45:10 - [MESSAGE][PASSED] - Keys '*' sent to object: 'Object Repository/ADMIN/Edit Text/Bespoke/Seller Pages/Onboarding_Settings/input_This payment method is compulsory_this_method_compulsory'

2020-03-20 14:45:10 - [TEST_STEP][PASSED] - sendKeys(findTestObject("ADMIN/Edit Text/Bespoke/Seller Pages/Onboarding_Settings/input_No account linked yet_no-account-linked"), "*"): Keys '*' sent to object: 'Object Repository/ADMIN/Edit Text/Bespoke/Seller Pages/Onboarding_Settings/input_No account linked yet_no-account-linked'

2020-03-20 14:45:11 - [MESSAGE][PASSED] - Keys '*' sent to object: 'Object Repository/ADMIN/Edit Text/Bespoke/Seller Pages/Onboarding_Settings/input_No account linked yet_no-account-linked'

2020-03-20 14:45:11 - [TEST_STEP][PASSED] - sendKeys(findTestObject("ADMIN/Edit Text/Bespoke/Seller Pages/Onboarding_Settings/input_next3"), "*"): Keys '*' sent to object: 'Object Repository/ADMIN/Edit Text/Bespoke/Seller Pages/Onboarding_Settings/input_next3'

2020-03-20 14:45:11 - [MESSAGE][PASSED] - Keys '*' sent to object: 'Object Repository/ADMIN/Edit Text/Bespoke/Seller Pages/Onboarding_Settings/input_next3'

2020-03-20 14:45:11 - [TEST_STEP][PASSED] - sendKeys(findTestObject("ADMIN/Edit Text/Bespoke/Seller Pages/Onboarding_Settings/input_DELIVERY METHODS_tab-title1"), "*"): Keys '*' sent to object: 'Object Repository/ADMIN/Edit Text/Bespoke/Seller Pages/Onboarding_Settings/input_DELIVERY METHODS_tab-title1'

2020-03-20 14:45:11 - [MESSAGE][PASSED] - Keys '*' sent to object: 'Object Repository/ADMIN/Edit Text/Bespoke/Seller Pages/Onboarding_Settings/input_DELIVERY METHODS_tab-title1'

2020-03-20 14:45:11 - [TEST_STEP][PASSED] - sendKeys(findTestObject("ADMIN/Edit Text/Bespoke/Seller Pages/Onboarding_Settings/input_DELIVERY OPTIONS_delivery-option"), "*"): Keys '*' sent to object: 'Object Repository/ADMIN/Edit Text/Bespoke/Seller Pages/Onboarding_Settings/input_DELIVERY OPTIONS_delivery-option'

2020-03-20 14:45:11 - [MESSAGE][PASSED] - Keys '*' sent to object: 'Object Repository/ADMIN/Edit Text/Bespoke/Seller Pages/Onboarding_Settings/input_DELIVERY OPTIONS_delivery-option'

2020-03-20 14:45:11 - [TEST_STEP][PASSED] - sendKeys(findTestObject("ADMIN/Edit Text/Bespoke/Seller Pages/Onboarding_Settings/input_DELIVERY OPTIONS_delivery-txt2"), "*"): Keys '*' sent to object: 'Object Repository/ADMIN/Edit Text/Bespoke/Seller Pages/Onboarding_Settings/input_DELIVERY OPTIONS_delivery-txt2'

2020-03-20 14:45:11 - [MESSAGE][PASSED] - Keys '*' sent to object: 'Object Repository/ADMIN/Edit Text/Bespoke/Seller Pages/Onboarding_Settings/input_DELIVERY OPTIONS_delivery-txt2'

2020-03-20 14:45:11 - [TEST_STEP][PASSED] - sendKeys(findTestObject("ADMIN/Edit Text/Bespoke/Seller Pages/Onboarding_Settings/input_DELIVERY SERVICE_delivery-service"), "*"): Keys '*' sent to object: 'Object Repository/ADMIN/Edit Text/Bespoke/Seller Pages/Onboarding_Settings/input_DELIVERY SERVICE_delivery-service'

2020-03-20 14:45:11 - [MESSAGE][PASSED] - Keys '*' sent to object: 'Object Repository/ADMIN/Edit Text/Bespoke/Seller Pages/Onboarding_Settings/input_DELIVERY SERVICE_delivery-service'

2020-03-20 14:45:11 - [TEST_STEP][PASSED] - sendKeys(findTestObject("ADMIN/Edit Text/Bespoke/Seller Pages/Onboarding_Settings/input_SINGLE ITEM DELIVERY (A)_single-item-delivery"), "*"): Keys '*' sent to object: 'Object Repository/ADMIN/Edit Text/Bespoke/Seller Pages/Onboarding_Settings/input_SINGLE ITEM DELIVERY (A)_single-item-delivery'

2020-03-20 14:45:12 - [MESSAGE][PASSED] - Keys '*' sent to object: 'Object Repository/ADMIN/Edit Text/Bespoke/Seller Pages/Onboarding_Settings/input_SINGLE ITEM DELIVERY (A)_single-item-delivery'

2020-03-20 14:45:12 - [TEST_STEP][PASSED] - sendKeys(findTestObject("ADMIN/Edit Text/Bespoke/Seller Pages/Onboarding_Settings/input_WITH OTHER ITEM (B)_with-other-item"), "*"): Keys '*' sent to object: 'Object Repository/ADMIN/Edit Text/Bespoke/Seller Pages/Onboarding_Settings/input_WITH OTHER ITEM (B)_with-other-item'

2020-03-20 14:45:12 - [MESSAGE][PASSED] - Keys '*' sent to object: 'Object Repository/ADMIN/Edit Text/Bespoke/Seller Pages/Onboarding_Settings/input_WITH OTHER ITEM (B)_with-other-item'

2020-03-20 14:45:12 - [TEST_STEP][PASSED] - sendKeys(findTestObject("ADMIN/Edit Text/Bespoke/Seller Pages/Onboarding_Settings/input_ADD_btn_add"), "*"): Keys '*' sent to object: 'Object Repository/ADMIN/Edit Text/Bespoke/Seller Pages/Onboarding_Settings/input_ADD_btn_add'

2020-03-20 14:45:12 - [MESSAGE][PASSED] - Keys '*' sent to object: 'Object Repository/ADMIN/Edit Text/Bespoke/Seller Pages/Onboarding_Settings/input_ADD_btn_add'

2020-03-20 14:45:12 - [TEST_STEP][PASSED] - sendKeys(findTestObject("ADMIN/Edit Text/Bespoke/Seller Pages/Onboarding_Settings/input_PICK-UP LOCATIONS_pick-up-option"), "*"): Keys '*' sent to object: 'Object Repository/ADMIN/Edit Text/Bespoke/Seller Pages/Onboarding_Settings/input_PICK-UP LOCATIONS_pick-up-option'

2020-03-20 14:45:12 - [MESSAGE][PASSED] - Keys '*' sent to object: 'Object Repository/ADMIN/Edit Text/Bespoke/Seller Pages/Onboarding_Settings/input_PICK-UP LOCATIONS_pick-up-option'

2020-03-20 14:45:12 - [TEST_STEP][PASSED] - sendKeys(findTestObject("ADMIN/Edit Text/Bespoke/Seller Pages/Onboarding_Settings/textarea_Define the full address where the buyer can pick up from (You must have at least a delivery option or a pick-up location selected)"), "*"): Keys '*' sent to object: 'Object Repository/ADMIN/Edit Text/Bespoke/Seller Pages/Onboarding_Settings/textarea_Define the full address where the buyer can pick up from (You must have at least a delivery option or a pick-up location selected)'

2020-03-20 14:45:13 - [MESSAGE][PASSED] - Keys '*' sent to object: 'Object Repository/ADMIN/Edit Text/Bespoke/Seller Pages/Onboarding_Settings/textarea_Define the full address where the buyer can pick up from (You must have at least a delivery option or a pick-up location selected)'

2020-03-20 14:45:13 - [TEST_STEP][PASSED] - sendKeys(findTestObject("ADMIN/Edit Text/Bespoke/Seller Pages/Onboarding_Settings/input_Offer reduced shipping costs to buyers when they buy more than one item from you_delivery-txt2"), "*"): Keys '*' sent to object: 'Object Repository/ADMIN/Edit Text/Bespoke/Seller Pages/Onboarding_Settings/input_Offer reduced shipping costs to buyers when they buy more than one item from you_delivery-txt2'

2020-03-20 14:45:13 - [MESSAGE][PASSED] - Keys '*' sent to object: 'Object Repository/ADMIN/Edit Text/Bespoke/Seller Pages/Onboarding_Settings/input_Offer reduced shipping costs to buyers when they buy more than one item from you_delivery-txt2'

2020-03-20 14:45:13 - [TEST_STEP][PASSED] - sendKeys(findTestObject("ADMIN/Edit Text/Bespoke/Seller Pages/Onboarding_Settings/input_total delivery"), "*"): Keys '*' sent to object: 'Object Repository/ADMIN/Edit Text/Bespoke/Seller Pages/Onboarding_Settings/input_total delivery'

2020-03-20 14:45:13 - [MESSAGE][PASSED] - Keys '*' sent to object: 'Object Repository/ADMIN/Edit Text/Bespoke/Seller Pages/Onboarding_Settings/input_total delivery'

2020-03-20 14:45:13 - [TEST_STEP][PASSED] - sendKeys(findTestObject("ADMIN/Edit Text/Bespoke/Seller Pages/Onboarding_Settings/input_add1"), "*"): Keys '*' sent to object: 'Object Repository/ADMIN/Edit Text/Bespoke/Seller Pages/Onboarding_Settings/input_add1'

2020-03-20 14:45:13 - [MESSAGE][PASSED] - Keys '*' sent to object: 'Object Repository/ADMIN/Edit Text/Bespoke/Seller Pages/Onboarding_Settings/input_add1'

2020-03-20 14:45:13 - [TEST_STEP][PASSED] - sendKeys(findTestObject("ADMIN/Edit Text/Bespoke/Seller Pages/Onboarding_Settings/input_PICK-UP LOCATION ADDRESS_pick-up-address"), "*"): Keys '*' sent to object: 'Object Repository/ADMIN/Edit Text/Bespoke/Seller Pages/Onboarding_Settings/input_PICK-UP LOCATION ADDRESS_pick-up-address'

2020-03-20 14:45:14 - [MESSAGE][PASSED] - Keys '*' sent to object: 'Object Repository/ADMIN/Edit Text/Bespoke/Seller Pages/Onboarding_Settings/input_PICK-UP LOCATION ADDRESS_pick-up-address'

2020-03-20 14:45:14 - [TEST_STEP][PASSED] - sendKeys(findTestObject("ADMIN/Edit Text/Bespoke/Seller Pages/Onboarding_Settings/input_SAVE_btn_save"), "*"): Keys '*' sent to object: 'Object Repository/ADMIN/Edit Text/Bespoke/Seller Pages/Onboarding_Settings/input_SAVE_btn_save'

2020-03-20 14:45:14 - [MESSAGE][PASSED] - Keys '*' sent to object: 'Object Repository/ADMIN/Edit Text/Bespoke/Seller Pages/Onboarding_Settings/input_SAVE_btn_save'

2020-03-20 14:45:14 - [TEST_STEP][PASSED] - sendKeys(findTestObject("ADMIN/Edit Text/Bespoke/Seller Pages/Onboarding_Settings/input_Are you sure want to delete_popup-title"), "*"): Keys '*' sent to object: 'Object Repository/ADMIN/Edit Text/Bespoke/Seller Pages/Onboarding_Settings/input_Are you sure want to delete_popup-title'

2020-03-20 14:45:14 - [MESSAGE][PASSED] - Keys '*' sent to object: 'Object Repository/ADMIN/Edit Text/Bespoke/Seller Pages/Onboarding_Settings/input_Are you sure want to delete_popup-title'

2020-03-20 14:45:14 - [TEST_STEP][PASSED] - sendKeys(findTestObject("ADMIN/Edit Text/Bespoke/Seller Pages/Onboarding_Settings/input_CANCEL_btn_cancel"), "*"): Keys '*' sent to object: 'Object Repository/ADMIN/Edit Text/Bespoke/Seller Pages/Onboarding_Settings/input_CANCEL_btn_cancel'

2020-03-20 14:45:14 - [MESSAGE][PASSED] - Keys '*' sent to object: 'Object Repository/ADMIN/Edit Text/Bespoke/Seller Pages/Onboarding_Settings/input_CANCEL_btn_cancel'

2020-03-20 14:45:14 - [TEST_STEP][PASSED] - sendKeys(findTestObject("ADMIN/Edit Text/Bespoke/Seller Pages/Onboarding_Settings/input_Okay_btn_okay"), "*"): Keys '*' sent to object: 'Object Repository/ADMIN/Edit Text/Bespoke/Seller Pages/Onboarding_Settings/input_Okay_btn_okay'

2020-03-20 14:45:14 - [MESSAGE][PASSED] - Keys '*' sent to object: 'Object Repository/ADMIN/Edit Text/Bespoke/Seller Pages/Onboarding_Settings/input_Okay_btn_okay'

2020-03-20 14:45:14 - [TEST_STEP][PASSED] - sendKeys(findTestObject("ADMIN/Edit Text/Bespoke/Seller Pages/Onboarding_Settings/input_REMOVE ITEM_popup-title"), "*"): Keys '*' sent to object: 'Object Repository/ADMIN/Edit Text/Bespoke/Seller Pages/Onboarding_Settings/input_REMOVE ITEM_popup-title'

2020-03-20 14:45:14 - [MESSAGE][PASSED] - Keys '*' sent to object: 'Object Repository/ADMIN/Edit Text/Bespoke/Seller Pages/Onboarding_Settings/input_REMOVE ITEM_popup-title'

2020-03-20 14:45:14 - [TEST_STEP][PASSED] - sendKeys(findTestObject("ADMIN/Edit Text/Bespoke/Seller Pages/Onboarding_Settings/input_concat(Are you sure about removing this item from your list (It  ll be gone forever))_popup-title"), "*"): Keys '*' sent to object: 'Object Repository/ADMIN/Edit Text/Bespoke/Seller Pages/Onboarding_Settings/input_concat(Are you sure about removing this item from your list (It  ll be gone forever))_popup-title'

2020-03-20 14:45:15 - [MESSAGE][PASSED] - Keys '*' sent to object: 'Object Repository/ADMIN/Edit Text/Bespoke/Seller Pages/Onboarding_Settings/input_concat(Are you sure about removing this item from your list (It  ll be gone forever))_popup-title'

2020-03-20 14:45:15 - [TEST_STEP][PASSED] - sendKeys(findTestObject("ADMIN/Edit Text/Bespoke/Seller Pages/Onboarding_Settings/input_CANCEL_btn_cancel2"), "*"): Keys '*' sent to object: 'Object Repository/ADMIN/Edit Text/Bespoke/Seller Pages/Onboarding_Settings/input_CANCEL_btn_cancel2'

2020-03-20 14:45:15 - [MESSAGE][PASSED] - Keys '*' sent to object: 'Object Repository/ADMIN/Edit Text/Bespoke/Seller Pages/Onboarding_Settings/input_CANCEL_btn_cancel2'

2020-03-20 14:45:15 - [TEST_STEP][PASSED] - sendKeys(findTestObject("ADMIN/Edit Text/Bespoke/Seller Pages/Onboarding_Settings/input_Okay_btn_okay2"), "*"): Keys '*' sent to object: 'Object Repository/ADMIN/Edit Text/Bespoke/Seller Pages/Onboarding_Settings/input_Okay_btn_okay2'

2020-03-20 14:45:15 - [MESSAGE][PASSED] - Keys '*' sent to object: 'Object Repository/ADMIN/Edit Text/Bespoke/Seller Pages/Onboarding_Settings/input_Okay_btn_okay2'

2020-03-20 14:45:15 - [TEST_STEP][PASSED] - click(findTestObject("ADMIN/Edit Text/Bespoke/Buyer Pages/Homepage/button_save"), CONTINUE_ON_FAILURE): Object: 'Object Repository/ADMIN/Edit Text/Bespoke/Buyer Pages/Homepage/button_save' is clicked on

2020-03-20 14:45:15 - [MESSAGE][PASSED] - Object: 'Object Repository/ADMIN/Edit Text/Bespoke/Buyer Pages/Homepage/button_save' is clicked on

2020-03-20 14:45:15 - [TEST_STEP][PASSED] - waitForElementVisible(findTestObject("ADMIN/Edit Text/Bespoke/Buyer Pages/Homepage/toaster_success"), 0): Object 'Object Repository/ADMIN/Edit Text/Bespoke/Buyer Pages/Homepage/toaster_success' is visible

2020-03-20 14:45:15 - [MESSAGE][WARNING] - Timeout '0' is invalid. Using default page load timeout: '30'

2020-03-20 14:45:16 - [MESSAGE][PASSED] - Object 'Object Repository/ADMIN/Edit Text/Bespoke/Buyer Pages/Homepage/toaster_success' is visible]]></system-out>
         <system-err><![CDATA[]]></system-err>
      </testcase>
      <testcase name="Test Cases/ADMIN/Language/Edit Text/Bespoke/Seller/Onboarding_Settings" time="15.08" classname="Test Cases/ADMIN/Language/Edit Text/Bespoke/Seller/Onboarding_Settings" status="PASSED">
         <system-out><![CDATA[2020-03-20 14:45:16 - [TEST_CASE][PASSED] - Test Cases/ADMIN/Language/Edit Text/Bespoke/Seller/Onboarding_Settings: Test Cases/ADMIN/Language/Edit Text/Bespoke/Seller/Onboarding_Settings

2020-03-20 14:45:16 - [TEST_STEP][PASSED] - waitForElementVisible(findTestObject("ADMIN/Edit Text/Bespoke/Buyer Navigation/dd_language"), 0): Object 'Object Repository/ADMIN/Edit Text/Bespoke/Buyer Navigation/dd_language' is visible

2020-03-20 14:45:16 - [MESSAGE][WARNING] - Timeout '0' is invalid. Using default page load timeout: '30'

2020-03-20 14:45:16 - [MESSAGE][PASSED] - Object 'Object Repository/ADMIN/Edit Text/Bespoke/Buyer Navigation/dd_language' is visible

2020-03-20 14:45:16 - [TEST_STEP][PASSED] - selectOptionByLabel(findTestObject("ADMIN/Edit Text/Bespoke/Buyer Navigation/dd_language"), varLanguage, false): All options with label 'Hindi' are selected in object 'Object Repository/ADMIN/Edit Text/Bespoke/Buyer Navigation/dd_language' 

2020-03-20 14:45:17 - [MESSAGE][PASSED] - All options with label 'Hindi' are selected in object 'Object Repository/ADMIN/Edit Text/Bespoke/Buyer Navigation/dd_language' 

2020-03-20 14:45:17 - [TEST_STEP][PASSED] - sendKeys(findTestObject("ADMIN/Edit Text/Bespoke/Seller Pages/Onboarding_Settings/input_USER SETTINGS_marketplace-name"), "*"): Keys '*' sent to object: 'Object Repository/ADMIN/Edit Text/Bespoke/Seller Pages/Onboarding_Settings/input_USER SETTINGS_marketplace-name'

2020-03-20 14:45:18 - [MESSAGE][PASSED] - Keys '*' sent to object: 'Object Repository/ADMIN/Edit Text/Bespoke/Seller Pages/Onboarding_Settings/input_USER SETTINGS_marketplace-name'

2020-03-20 14:45:18 - [TEST_STEP][PASSED] - sendKeys(findTestObject("ADMIN/Edit Text/Bespoke/Seller Pages/Onboarding_Settings/input_Configure your profile your delivery methods and how you receive payments_item_details"), "*"): Keys '*' sent to object: 'Object Repository/ADMIN/Edit Text/Bespoke/Seller Pages/Onboarding_Settings/input_Configure your profile your delivery methods and how you receive payments_item_details'

2020-03-20 14:45:18 - [MESSAGE][PASSED] - Keys '*' sent to object: 'Object Repository/ADMIN/Edit Text/Bespoke/Seller Pages/Onboarding_Settings/input_Configure your profile your delivery methods and how you receive payments_item_details'

2020-03-20 14:45:18 - [TEST_STEP][PASSED] - sendKeys(findTestObject("ADMIN/Edit Text/Bespoke/Seller Pages/Onboarding_Settings/input_PROFILE_tab-title"), "*"): Keys '*' sent to object: 'Object Repository/ADMIN/Edit Text/Bespoke/Seller Pages/Onboarding_Settings/input_PROFILE_tab-title'

2020-03-20 14:45:18 - [MESSAGE][PASSED] - Keys '*' sent to object: 'Object Repository/ADMIN/Edit Text/Bespoke/Seller Pages/Onboarding_Settings/input_PROFILE_tab-title'

2020-03-20 14:45:18 - [TEST_STEP][PASSED] - sendKeys(findTestObject("ADMIN/Edit Text/Bespoke/Seller Pages/Onboarding_Settings/input_CHANGE_btn_upload"), "*"): Keys '*' sent to object: 'Object Repository/ADMIN/Edit Text/Bespoke/Seller Pages/Onboarding_Settings/input_CHANGE_btn_upload'

2020-03-20 14:45:19 - [MESSAGE][PASSED] - Keys '*' sent to object: 'Object Repository/ADMIN/Edit Text/Bespoke/Seller Pages/Onboarding_Settings/input_CHANGE_btn_upload'

2020-03-20 14:45:19 - [TEST_STEP][PASSED] - sendKeys(findTestObject("ADMIN/Edit Text/Bespoke/Seller Pages/Onboarding_Settings/input_DISPLAY NAME_display-name"), "*"): Keys '*' sent to object: 'Object Repository/ADMIN/Edit Text/Bespoke/Seller Pages/Onboarding_Settings/input_DISPLAY NAME_display-name'

2020-03-20 14:45:19 - [MESSAGE][PASSED] - Keys '*' sent to object: 'Object Repository/ADMIN/Edit Text/Bespoke/Seller Pages/Onboarding_Settings/input_DISPLAY NAME_display-name'

2020-03-20 14:45:19 - [TEST_STEP][PASSED] - sendKeys(findTestObject("ADMIN/Edit Text/Bespoke/Seller Pages/Onboarding_Settings/input_DESCRIPTION_description"), "*"): Keys '*' sent to object: 'Object Repository/ADMIN/Edit Text/Bespoke/Seller Pages/Onboarding_Settings/input_DESCRIPTION_description'

2020-03-20 14:45:19 - [MESSAGE][PASSED] - Keys '*' sent to object: 'Object Repository/ADMIN/Edit Text/Bespoke/Seller Pages/Onboarding_Settings/input_DESCRIPTION_description'

2020-03-20 14:45:19 - [TEST_STEP][PASSED] - sendKeys(findTestObject("ADMIN/Edit Text/Bespoke/Seller Pages/Onboarding_Settings/input_FIRST NAME_first-name"), "*"): Keys '*' sent to object: 'Object Repository/ADMIN/Edit Text/Bespoke/Seller Pages/Onboarding_Settings/input_FIRST NAME_first-name'

2020-03-20 14:45:19 - [MESSAGE][PASSED] - Keys '*' sent to object: 'Object Repository/ADMIN/Edit Text/Bespoke/Seller Pages/Onboarding_Settings/input_FIRST NAME_first-name'

2020-03-20 14:45:19 - [TEST_STEP][PASSED] - sendKeys(findTestObject("ADMIN/Edit Text/Bespoke/Seller Pages/Onboarding_Settings/input_LAST NAME_last-name"), "*"): Keys '*' sent to object: 'Object Repository/ADMIN/Edit Text/Bespoke/Seller Pages/Onboarding_Settings/input_LAST NAME_last-name'

2020-03-20 14:45:20 - [MESSAGE][PASSED] - Keys '*' sent to object: 'Object Repository/ADMIN/Edit Text/Bespoke/Seller Pages/Onboarding_Settings/input_LAST NAME_last-name'

2020-03-20 14:45:20 - [TEST_STEP][PASSED] - sendKeys(findTestObject("ADMIN/Edit Text/Bespoke/Seller Pages/Onboarding_Settings/input_NOTIFICATION EMAIL_notification-email"), "*"): Keys '*' sent to object: 'Object Repository/ADMIN/Edit Text/Bespoke/Seller Pages/Onboarding_Settings/input_NOTIFICATION EMAIL_notification-email'

2020-03-20 14:45:20 - [MESSAGE][PASSED] - Keys '*' sent to object: 'Object Repository/ADMIN/Edit Text/Bespoke/Seller Pages/Onboarding_Settings/input_NOTIFICATION EMAIL_notification-email'

2020-03-20 14:45:20 - [TEST_STEP][PASSED] - sendKeys(findTestObject("ADMIN/Edit Text/Bespoke/Seller Pages/Onboarding_Settings/input_CONTACT NUMBER_contact-number"), "*"): Keys '*' sent to object: 'Object Repository/ADMIN/Edit Text/Bespoke/Seller Pages/Onboarding_Settings/input_CONTACT NUMBER_contact-number'

2020-03-20 14:45:20 - [MESSAGE][PASSED] - Keys '*' sent to object: 'Object Repository/ADMIN/Edit Text/Bespoke/Seller Pages/Onboarding_Settings/input_CONTACT NUMBER_contact-number'

2020-03-20 14:45:20 - [TEST_STEP][PASSED] - sendKeys(findTestObject("ADMIN/Edit Text/Bespoke/Seller Pages/Onboarding_Settings/input_OPENID LOGIN_open-id-login"), "*"): Keys '*' sent to object: 'Object Repository/ADMIN/Edit Text/Bespoke/Seller Pages/Onboarding_Settings/input_OPENID LOGIN_open-id-login'

2020-03-20 14:45:20 - [MESSAGE][PASSED] - Keys '*' sent to object: 'Object Repository/ADMIN/Edit Text/Bespoke/Seller Pages/Onboarding_Settings/input_OPENID LOGIN_open-id-login'

2020-03-20 14:45:20 - [TEST_STEP][PASSED] - sendKeys(findTestObject("ADMIN/Edit Text/Bespoke/Seller Pages/Onboarding_Settings/input_SELLER LOCATION_seller_location"), "*"): Keys '*' sent to object: 'Object Repository/ADMIN/Edit Text/Bespoke/Seller Pages/Onboarding_Settings/input_SELLER LOCATION_seller_location'

2020-03-20 14:45:20 - [MESSAGE][PASSED] - Keys '*' sent to object: 'Object Repository/ADMIN/Edit Text/Bespoke/Seller Pages/Onboarding_Settings/input_SELLER LOCATION_seller_location'

2020-03-20 14:45:20 - [TEST_STEP][PASSED] - sendKeys(findTestObject("ADMIN/Edit Text/Bespoke/Seller Pages/Onboarding_Settings/textarea_For each transaction that is made through the marketplace there will be a seller transaction fee of"), "*"): Keys '*' sent to object: 'Object Repository/ADMIN/Edit Text/Bespoke/Seller Pages/Onboarding_Settings/textarea_For each transaction that is made through the marketplace there will be a seller transaction fee of'

2020-03-20 14:45:21 - [MESSAGE][PASSED] - Keys '*' sent to object: 'Object Repository/ADMIN/Edit Text/Bespoke/Seller Pages/Onboarding_Settings/textarea_For each transaction that is made through the marketplace there will be a seller transaction fee of'

2020-03-20 14:45:21 - [TEST_STEP][PASSED] - sendKeys(findTestObject("ADMIN/Edit Text/Bespoke/Seller Pages/Onboarding_Settings/input_NEXT_btn_next"), "*"): Keys '*' sent to object: 'Object Repository/ADMIN/Edit Text/Bespoke/Seller Pages/Onboarding_Settings/input_NEXT_btn_next'

2020-03-20 14:45:21 - [MESSAGE][PASSED] - Keys '*' sent to object: 'Object Repository/ADMIN/Edit Text/Bespoke/Seller Pages/Onboarding_Settings/input_NEXT_btn_next'

2020-03-20 14:45:21 - [TEST_STEP][PASSED] - sendKeys(findTestObject("ADMIN/Edit Text/Bespoke/Seller Pages/Onboarding_Settings/input_ADDRESS_tab-title"), "*"): Keys '*' sent to object: 'Object Repository/ADMIN/Edit Text/Bespoke/Seller Pages/Onboarding_Settings/input_ADDRESS_tab-title'

2020-03-20 14:45:21 - [MESSAGE][PASSED] - Keys '*' sent to object: 'Object Repository/ADMIN/Edit Text/Bespoke/Seller Pages/Onboarding_Settings/input_ADDRESS_tab-title'

2020-03-20 14:45:21 - [TEST_STEP][PASSED] - sendKeys(findTestObject("ADMIN/Edit Text/Bespoke/Seller Pages/Onboarding_Settings/input_NEW DELIVERY ADDRESS_new-delivery-address"), "*"): Keys '*' sent to object: 'Object Repository/ADMIN/Edit Text/Bespoke/Seller Pages/Onboarding_Settings/input_NEW DELIVERY ADDRESS_new-delivery-address'

2020-03-20 14:45:21 - [MESSAGE][PASSED] - Keys '*' sent to object: 'Object Repository/ADMIN/Edit Text/Bespoke/Seller Pages/Onboarding_Settings/input_NEW DELIVERY ADDRESS_new-delivery-address'

2020-03-20 14:45:21 - [TEST_STEP][PASSED] - sendKeys(findTestObject("ADMIN/Edit Text/Bespoke/Seller Pages/Onboarding_Settings/input_ADDRESSEE FIRST NAME_addressee-first-name"), "*"): Keys '*' sent to object: 'Object Repository/ADMIN/Edit Text/Bespoke/Seller Pages/Onboarding_Settings/input_ADDRESSEE FIRST NAME_addressee-first-name'

2020-03-20 14:45:22 - [MESSAGE][PASSED] - Keys '*' sent to object: 'Object Repository/ADMIN/Edit Text/Bespoke/Seller Pages/Onboarding_Settings/input_ADDRESSEE FIRST NAME_addressee-first-name'

2020-03-20 14:45:22 - [TEST_STEP][PASSED] - sendKeys(findTestObject("ADMIN/Edit Text/Bespoke/Seller Pages/Onboarding_Settings/input_ADDRESSEE LAST NAME_addressee-last-name"), "*"): Keys '*' sent to object: 'Object Repository/ADMIN/Edit Text/Bespoke/Seller Pages/Onboarding_Settings/input_ADDRESSEE LAST NAME_addressee-last-name'

2020-03-20 14:45:22 - [MESSAGE][PASSED] - Keys '*' sent to object: 'Object Repository/ADMIN/Edit Text/Bespoke/Seller Pages/Onboarding_Settings/input_ADDRESSEE LAST NAME_addressee-last-name'

2020-03-20 14:45:22 - [TEST_STEP][PASSED] - sendKeys(findTestObject("ADMIN/Edit Text/Bespoke/Seller Pages/Onboarding_Settings/input_ADDRESS_address"), "*"): Keys '*' sent to object: 'Object Repository/ADMIN/Edit Text/Bespoke/Seller Pages/Onboarding_Settings/input_ADDRESS_address'

2020-03-20 14:45:22 - [MESSAGE][PASSED] - Keys '*' sent to object: 'Object Repository/ADMIN/Edit Text/Bespoke/Seller Pages/Onboarding_Settings/input_ADDRESS_address'

2020-03-20 14:45:22 - [TEST_STEP][PASSED] - sendKeys(findTestObject("ADMIN/Edit Text/Bespoke/Seller Pages/Onboarding_Settings/input_SELECT COUNTRY_select-country"), "*"): Keys '*' sent to object: 'Object Repository/ADMIN/Edit Text/Bespoke/Seller Pages/Onboarding_Settings/input_SELECT COUNTRY_select-country'

2020-03-20 14:45:22 - [MESSAGE][PASSED] - Keys '*' sent to object: 'Object Repository/ADMIN/Edit Text/Bespoke/Seller Pages/Onboarding_Settings/input_SELECT COUNTRY_select-country'

2020-03-20 14:45:22 - [TEST_STEP][PASSED] - sendKeys(findTestObject("ADMIN/Edit Text/Bespoke/Seller Pages/Onboarding_Settings/input_COUNTRY_address-country"), "*"): Keys '*' sent to object: 'Object Repository/ADMIN/Edit Text/Bespoke/Seller Pages/Onboarding_Settings/input_COUNTRY_address-country'

2020-03-20 14:45:23 - [MESSAGE][PASSED] - Keys '*' sent to object: 'Object Repository/ADMIN/Edit Text/Bespoke/Seller Pages/Onboarding_Settings/input_COUNTRY_address-country'

2020-03-20 14:45:23 - [TEST_STEP][PASSED] - sendKeys(findTestObject("ADMIN/Edit Text/Bespoke/Seller Pages/Onboarding_Settings/input_STATE_address-state"), "*"): Keys '*' sent to object: 'Object Repository/ADMIN/Edit Text/Bespoke/Seller Pages/Onboarding_Settings/input_STATE_address-state'

2020-03-20 14:45:23 - [MESSAGE][PASSED] - Keys '*' sent to object: 'Object Repository/ADMIN/Edit Text/Bespoke/Seller Pages/Onboarding_Settings/input_STATE_address-state'

2020-03-20 14:45:23 - [TEST_STEP][PASSED] - sendKeys(findTestObject("ADMIN/Edit Text/Bespoke/Seller Pages/Onboarding_Settings/input_CITY_address-city"), "*"): Keys '*' sent to object: 'Object Repository/ADMIN/Edit Text/Bespoke/Seller Pages/Onboarding_Settings/input_CITY_address-city'

2020-03-20 14:45:23 - [MESSAGE][PASSED] - Keys '*' sent to object: 'Object Repository/ADMIN/Edit Text/Bespoke/Seller Pages/Onboarding_Settings/input_CITY_address-city'

2020-03-20 14:45:23 - [TEST_STEP][PASSED] - sendKeys(findTestObject("ADMIN/Edit Text/Bespoke/Seller Pages/Onboarding_Settings/input_POSTAL CODE_address-postalcode"), "*"): Keys '*' sent to object: 'Object Repository/ADMIN/Edit Text/Bespoke/Seller Pages/Onboarding_Settings/input_POSTAL CODE_address-postalcode'

2020-03-20 14:45:24 - [MESSAGE][PASSED] - Keys '*' sent to object: 'Object Repository/ADMIN/Edit Text/Bespoke/Seller Pages/Onboarding_Settings/input_POSTAL CODE_address-postalcode'

2020-03-20 14:45:24 - [TEST_STEP][PASSED] - sendKeys(findTestObject("ADMIN/Edit Text/Bespoke/Seller Pages/Onboarding_Settings/input_ADD ADDRESS_btn_add"), "*"): Keys '*' sent to object: 'Object Repository/ADMIN/Edit Text/Bespoke/Seller Pages/Onboarding_Settings/input_ADD ADDRESS_btn_add'

2020-03-20 14:45:24 - [MESSAGE][PASSED] - Keys '*' sent to object: 'Object Repository/ADMIN/Edit Text/Bespoke/Seller Pages/Onboarding_Settings/input_ADD ADDRESS_btn_add'

2020-03-20 14:45:24 - [TEST_STEP][PASSED] - sendKeys(findTestObject("ADMIN/Edit Text/Bespoke/Seller Pages/Onboarding_Settings/input_SAVED ADDRESSES_address-saved"), "*"): Keys '*' sent to object: 'Object Repository/ADMIN/Edit Text/Bespoke/Seller Pages/Onboarding_Settings/input_SAVED ADDRESSES_address-saved'

2020-03-20 14:45:24 - [MESSAGE][PASSED] - Keys '*' sent to object: 'Object Repository/ADMIN/Edit Text/Bespoke/Seller Pages/Onboarding_Settings/input_SAVED ADDRESSES_address-saved'

2020-03-20 14:45:24 - [TEST_STEP][PASSED] - sendKeys(findTestObject("ADMIN/Edit Text/Bespoke/Seller Pages/Onboarding_Settings/input_Next_btn_next (1)"), "*"): Keys '*' sent to object: 'Object Repository/ADMIN/Edit Text/Bespoke/Seller Pages/Onboarding_Settings/input_Next_btn_next (1)'

2020-03-20 14:45:24 - [MESSAGE][PASSED] - Keys '*' sent to object: 'Object Repository/ADMIN/Edit Text/Bespoke/Seller Pages/Onboarding_Settings/input_Next_btn_next (1)'

2020-03-20 14:45:24 - [TEST_STEP][PASSED] - sendKeys(findTestObject("ADMIN/Edit Text/Bespoke/Seller Pages/Onboarding_Settings/input_PAYMENT ACCEPTANCE_tan-title"), "*"): Keys '*' sent to object: 'Object Repository/ADMIN/Edit Text/Bespoke/Seller Pages/Onboarding_Settings/input_PAYMENT ACCEPTANCE_tan-title'

2020-03-20 14:45:24 - [MESSAGE][PASSED] - Keys '*' sent to object: 'Object Repository/ADMIN/Edit Text/Bespoke/Seller Pages/Onboarding_Settings/input_PAYMENT ACCEPTANCE_tan-title'

2020-03-20 14:45:24 - [TEST_STEP][PASSED] - sendKeys(findTestObject("ADMIN/Edit Text/Bespoke/Seller Pages/Onboarding_Settings/input_PAYMENT METHOD_payment_method"), "*"): Keys '*' sent to object: 'Object Repository/ADMIN/Edit Text/Bespoke/Seller Pages/Onboarding_Settings/input_PAYMENT METHOD_payment_method'

2020-03-20 14:45:25 - [MESSAGE][PASSED] - Keys '*' sent to object: 'Object Repository/ADMIN/Edit Text/Bespoke/Seller Pages/Onboarding_Settings/input_PAYMENT METHOD_payment_method'

2020-03-20 14:45:25 - [TEST_STEP][PASSED] - sendKeys(findTestObject("ADMIN/Edit Text/Bespoke/Seller Pages/Onboarding_Settings/input_Select your preferred payment method_select_payment_method"), "*"): Keys '*' sent to object: 'Object Repository/ADMIN/Edit Text/Bespoke/Seller Pages/Onboarding_Settings/input_Select your preferred payment method_select_payment_method'

2020-03-20 14:45:25 - [MESSAGE][PASSED] - Keys '*' sent to object: 'Object Repository/ADMIN/Edit Text/Bespoke/Seller Pages/Onboarding_Settings/input_Select your preferred payment method_select_payment_method'

2020-03-20 14:45:25 - [TEST_STEP][PASSED] - sendKeys(findTestObject("ADMIN/Edit Text/Bespoke/Seller Pages/Onboarding_Settings/input_LINK ACCOUNT_btn_link_account"), "*"): Keys '*' sent to object: 'Object Repository/ADMIN/Edit Text/Bespoke/Seller Pages/Onboarding_Settings/input_LINK ACCOUNT_btn_link_account'

2020-03-20 14:45:25 - [MESSAGE][PASSED] - Keys '*' sent to object: 'Object Repository/ADMIN/Edit Text/Bespoke/Seller Pages/Onboarding_Settings/input_LINK ACCOUNT_btn_link_account'

2020-03-20 14:45:25 - [TEST_STEP][PASSED] - sendKeys(findTestObject("ADMIN/Edit Text/Bespoke/Seller Pages/Onboarding_Settings/input_VERIFIED_verified"), "*"): Keys '*' sent to object: 'Object Repository/ADMIN/Edit Text/Bespoke/Seller Pages/Onboarding_Settings/input_VERIFIED_verified'

2020-03-20 14:45:25 - [MESSAGE][PASSED] - Keys '*' sent to object: 'Object Repository/ADMIN/Edit Text/Bespoke/Seller Pages/Onboarding_Settings/input_VERIFIED_verified'

2020-03-20 14:45:25 - [TEST_STEP][PASSED] - sendKeys(findTestObject("ADMIN/Edit Text/Bespoke/Seller Pages/Onboarding_Settings/input_This payment method is compulsory_this_method_compulsory"), "*"): Keys '*' sent to object: 'Object Repository/ADMIN/Edit Text/Bespoke/Seller Pages/Onboarding_Settings/input_This payment method is compulsory_this_method_compulsory'

2020-03-20 14:45:26 - [MESSAGE][PASSED] - Keys '*' sent to object: 'Object Repository/ADMIN/Edit Text/Bespoke/Seller Pages/Onboarding_Settings/input_This payment method is compulsory_this_method_compulsory'

2020-03-20 14:45:26 - [TEST_STEP][PASSED] - sendKeys(findTestObject("ADMIN/Edit Text/Bespoke/Seller Pages/Onboarding_Settings/input_No account linked yet_no-account-linked"), "*"): Keys '*' sent to object: 'Object Repository/ADMIN/Edit Text/Bespoke/Seller Pages/Onboarding_Settings/input_No account linked yet_no-account-linked'

2020-03-20 14:45:26 - [MESSAGE][PASSED] - Keys '*' sent to object: 'Object Repository/ADMIN/Edit Text/Bespoke/Seller Pages/Onboarding_Settings/input_No account linked yet_no-account-linked'

2020-03-20 14:45:26 - [TEST_STEP][PASSED] - sendKeys(findTestObject("ADMIN/Edit Text/Bespoke/Seller Pages/Onboarding_Settings/input_next3"), "*"): Keys '*' sent to object: 'Object Repository/ADMIN/Edit Text/Bespoke/Seller Pages/Onboarding_Settings/input_next3'

2020-03-20 14:45:26 - [MESSAGE][PASSED] - Keys '*' sent to object: 'Object Repository/ADMIN/Edit Text/Bespoke/Seller Pages/Onboarding_Settings/input_next3'

2020-03-20 14:45:26 - [TEST_STEP][PASSED] - sendKeys(findTestObject("ADMIN/Edit Text/Bespoke/Seller Pages/Onboarding_Settings/input_DELIVERY METHODS_tab-title1"), "*"): Keys '*' sent to object: 'Object Repository/ADMIN/Edit Text/Bespoke/Seller Pages/Onboarding_Settings/input_DELIVERY METHODS_tab-title1'

2020-03-20 14:45:26 - [MESSAGE][PASSED] - Keys '*' sent to object: 'Object Repository/ADMIN/Edit Text/Bespoke/Seller Pages/Onboarding_Settings/input_DELIVERY METHODS_tab-title1'

2020-03-20 14:45:26 - [TEST_STEP][PASSED] - sendKeys(findTestObject("ADMIN/Edit Text/Bespoke/Seller Pages/Onboarding_Settings/input_DELIVERY OPTIONS_delivery-option"), "*"): Keys '*' sent to object: 'Object Repository/ADMIN/Edit Text/Bespoke/Seller Pages/Onboarding_Settings/input_DELIVERY OPTIONS_delivery-option'

2020-03-20 14:45:26 - [MESSAGE][PASSED] - Keys '*' sent to object: 'Object Repository/ADMIN/Edit Text/Bespoke/Seller Pages/Onboarding_Settings/input_DELIVERY OPTIONS_delivery-option'

2020-03-20 14:45:26 - [TEST_STEP][PASSED] - sendKeys(findTestObject("ADMIN/Edit Text/Bespoke/Seller Pages/Onboarding_Settings/input_DELIVERY OPTIONS_delivery-txt2"), "*"): Keys '*' sent to object: 'Object Repository/ADMIN/Edit Text/Bespoke/Seller Pages/Onboarding_Settings/input_DELIVERY OPTIONS_delivery-txt2'

2020-03-20 14:45:27 - [MESSAGE][PASSED] - Keys '*' sent to object: 'Object Repository/ADMIN/Edit Text/Bespoke/Seller Pages/Onboarding_Settings/input_DELIVERY OPTIONS_delivery-txt2'

2020-03-20 14:45:27 - [TEST_STEP][PASSED] - sendKeys(findTestObject("ADMIN/Edit Text/Bespoke/Seller Pages/Onboarding_Settings/input_DELIVERY SERVICE_delivery-service"), "*"): Keys '*' sent to object: 'Object Repository/ADMIN/Edit Text/Bespoke/Seller Pages/Onboarding_Settings/input_DELIVERY SERVICE_delivery-service'

2020-03-20 14:45:27 - [MESSAGE][PASSED] - Keys '*' sent to object: 'Object Repository/ADMIN/Edit Text/Bespoke/Seller Pages/Onboarding_Settings/input_DELIVERY SERVICE_delivery-service'

2020-03-20 14:45:27 - [TEST_STEP][PASSED] - sendKeys(findTestObject("ADMIN/Edit Text/Bespoke/Seller Pages/Onboarding_Settings/input_SINGLE ITEM DELIVERY (A)_single-item-delivery"), "*"): Keys '*' sent to object: 'Object Repository/ADMIN/Edit Text/Bespoke/Seller Pages/Onboarding_Settings/input_SINGLE ITEM DELIVERY (A)_single-item-delivery'

2020-03-20 14:45:27 - [MESSAGE][PASSED] - Keys '*' sent to object: 'Object Repository/ADMIN/Edit Text/Bespoke/Seller Pages/Onboarding_Settings/input_SINGLE ITEM DELIVERY (A)_single-item-delivery'

2020-03-20 14:45:27 - [TEST_STEP][PASSED] - sendKeys(findTestObject("ADMIN/Edit Text/Bespoke/Seller Pages/Onboarding_Settings/input_WITH OTHER ITEM (B)_with-other-item"), "*"): Keys '*' sent to object: 'Object Repository/ADMIN/Edit Text/Bespoke/Seller Pages/Onboarding_Settings/input_WITH OTHER ITEM (B)_with-other-item'

2020-03-20 14:45:27 - [MESSAGE][PASSED] - Keys '*' sent to object: 'Object Repository/ADMIN/Edit Text/Bespoke/Seller Pages/Onboarding_Settings/input_WITH OTHER ITEM (B)_with-other-item'

2020-03-20 14:45:27 - [TEST_STEP][PASSED] - sendKeys(findTestObject("ADMIN/Edit Text/Bespoke/Seller Pages/Onboarding_Settings/input_ADD_btn_add"), "*"): Keys '*' sent to object: 'Object Repository/ADMIN/Edit Text/Bespoke/Seller Pages/Onboarding_Settings/input_ADD_btn_add'

2020-03-20 14:45:27 - [MESSAGE][PASSED] - Keys '*' sent to object: 'Object Repository/ADMIN/Edit Text/Bespoke/Seller Pages/Onboarding_Settings/input_ADD_btn_add'

2020-03-20 14:45:27 - [TEST_STEP][PASSED] - sendKeys(findTestObject("ADMIN/Edit Text/Bespoke/Seller Pages/Onboarding_Settings/input_PICK-UP LOCATIONS_pick-up-option"), "*"): Keys '*' sent to object: 'Object Repository/ADMIN/Edit Text/Bespoke/Seller Pages/Onboarding_Settings/input_PICK-UP LOCATIONS_pick-up-option'

2020-03-20 14:45:27 - [MESSAGE][PASSED] - Keys '*' sent to object: 'Object Repository/ADMIN/Edit Text/Bespoke/Seller Pages/Onboarding_Settings/input_PICK-UP LOCATIONS_pick-up-option'

2020-03-20 14:45:27 - [TEST_STEP][PASSED] - sendKeys(findTestObject("ADMIN/Edit Text/Bespoke/Seller Pages/Onboarding_Settings/textarea_Define the full address where the buyer can pick up from (You must have at least a delivery option or a pick-up location selected)"), "*"): Keys '*' sent to object: 'Object Repository/ADMIN/Edit Text/Bespoke/Seller Pages/Onboarding_Settings/textarea_Define the full address where the buyer can pick up from (You must have at least a delivery option or a pick-up location selected)'

2020-03-20 14:45:28 - [MESSAGE][PASSED] - Keys '*' sent to object: 'Object Repository/ADMIN/Edit Text/Bespoke/Seller Pages/Onboarding_Settings/textarea_Define the full address where the buyer can pick up from (You must have at least a delivery option or a pick-up location selected)'

2020-03-20 14:45:28 - [TEST_STEP][PASSED] - sendKeys(findTestObject("ADMIN/Edit Text/Bespoke/Seller Pages/Onboarding_Settings/input_Offer reduced shipping costs to buyers when they buy more than one item from you_delivery-txt2"), "*"): Keys '*' sent to object: 'Object Repository/ADMIN/Edit Text/Bespoke/Seller Pages/Onboarding_Settings/input_Offer reduced shipping costs to buyers when they buy more than one item from you_delivery-txt2'

2020-03-20 14:45:28 - [MESSAGE][PASSED] - Keys '*' sent to object: 'Object Repository/ADMIN/Edit Text/Bespoke/Seller Pages/Onboarding_Settings/input_Offer reduced shipping costs to buyers when they buy more than one item from you_delivery-txt2'

2020-03-20 14:45:28 - [TEST_STEP][PASSED] - sendKeys(findTestObject("ADMIN/Edit Text/Bespoke/Seller Pages/Onboarding_Settings/input_total delivery"), "*"): Keys '*' sent to object: 'Object Repository/ADMIN/Edit Text/Bespoke/Seller Pages/Onboarding_Settings/input_total delivery'

2020-03-20 14:45:28 - [MESSAGE][PASSED] - Keys '*' sent to object: 'Object Repository/ADMIN/Edit Text/Bespoke/Seller Pages/Onboarding_Settings/input_total delivery'

2020-03-20 14:45:28 - [TEST_STEP][PASSED] - sendKeys(findTestObject("ADMIN/Edit Text/Bespoke/Seller Pages/Onboarding_Settings/input_add1"), "*"): Keys '*' sent to object: 'Object Repository/ADMIN/Edit Text/Bespoke/Seller Pages/Onboarding_Settings/input_add1'

2020-03-20 14:45:28 - [MESSAGE][PASSED] - Keys '*' sent to object: 'Object Repository/ADMIN/Edit Text/Bespoke/Seller Pages/Onboarding_Settings/input_add1'

2020-03-20 14:45:28 - [TEST_STEP][PASSED] - sendKeys(findTestObject("ADMIN/Edit Text/Bespoke/Seller Pages/Onboarding_Settings/input_PICK-UP LOCATION ADDRESS_pick-up-address"), "*"): Keys '*' sent to object: 'Object Repository/ADMIN/Edit Text/Bespoke/Seller Pages/Onboarding_Settings/input_PICK-UP LOCATION ADDRESS_pick-up-address'

2020-03-20 14:45:29 - [MESSAGE][PASSED] - Keys '*' sent to object: 'Object Repository/ADMIN/Edit Text/Bespoke/Seller Pages/Onboarding_Settings/input_PICK-UP LOCATION ADDRESS_pick-up-address'

2020-03-20 14:45:29 - [TEST_STEP][PASSED] - sendKeys(findTestObject("ADMIN/Edit Text/Bespoke/Seller Pages/Onboarding_Settings/input_SAVE_btn_save"), "*"): Keys '*' sent to object: 'Object Repository/ADMIN/Edit Text/Bespoke/Seller Pages/Onboarding_Settings/input_SAVE_btn_save'

2020-03-20 14:45:29 - [MESSAGE][PASSED] - Keys '*' sent to object: 'Object Repository/ADMIN/Edit Text/Bespoke/Seller Pages/Onboarding_Settings/input_SAVE_btn_save'

2020-03-20 14:45:29 - [TEST_STEP][PASSED] - sendKeys(findTestObject("ADMIN/Edit Text/Bespoke/Seller Pages/Onboarding_Settings/input_Are you sure want to delete_popup-title"), "*"): Keys '*' sent to object: 'Object Repository/ADMIN/Edit Text/Bespoke/Seller Pages/Onboarding_Settings/input_Are you sure want to delete_popup-title'

2020-03-20 14:45:29 - [MESSAGE][PASSED] - Keys '*' sent to object: 'Object Repository/ADMIN/Edit Text/Bespoke/Seller Pages/Onboarding_Settings/input_Are you sure want to delete_popup-title'

2020-03-20 14:45:29 - [TEST_STEP][PASSED] - sendKeys(findTestObject("ADMIN/Edit Text/Bespoke/Seller Pages/Onboarding_Settings/input_CANCEL_btn_cancel"), "*"): Keys '*' sent to object: 'Object Repository/ADMIN/Edit Text/Bespoke/Seller Pages/Onboarding_Settings/input_CANCEL_btn_cancel'

2020-03-20 14:45:29 - [MESSAGE][PASSED] - Keys '*' sent to object: 'Object Repository/ADMIN/Edit Text/Bespoke/Seller Pages/Onboarding_Settings/input_CANCEL_btn_cancel'

2020-03-20 14:45:29 - [TEST_STEP][PASSED] - sendKeys(findTestObject("ADMIN/Edit Text/Bespoke/Seller Pages/Onboarding_Settings/input_Okay_btn_okay"), "*"): Keys '*' sent to object: 'Object Repository/ADMIN/Edit Text/Bespoke/Seller Pages/Onboarding_Settings/input_Okay_btn_okay'

2020-03-20 14:45:29 - [MESSAGE][PASSED] - Keys '*' sent to object: 'Object Repository/ADMIN/Edit Text/Bespoke/Seller Pages/Onboarding_Settings/input_Okay_btn_okay'

2020-03-20 14:45:29 - [TEST_STEP][PASSED] - sendKeys(findTestObject("ADMIN/Edit Text/Bespoke/Seller Pages/Onboarding_Settings/input_REMOVE ITEM_popup-title"), "*"): Keys '*' sent to object: 'Object Repository/ADMIN/Edit Text/Bespoke/Seller Pages/Onboarding_Settings/input_REMOVE ITEM_popup-title'

2020-03-20 14:45:30 - [MESSAGE][PASSED] - Keys '*' sent to object: 'Object Repository/ADMIN/Edit Text/Bespoke/Seller Pages/Onboarding_Settings/input_REMOVE ITEM_popup-title'

2020-03-20 14:45:30 - [TEST_STEP][PASSED] - sendKeys(findTestObject("ADMIN/Edit Text/Bespoke/Seller Pages/Onboarding_Settings/input_concat(Are you sure about removing this item from your list (It  ll be gone forever))_popup-title"), "*"): Keys '*' sent to object: 'Object Repository/ADMIN/Edit Text/Bespoke/Seller Pages/Onboarding_Settings/input_concat(Are you sure about removing this item from your list (It  ll be gone forever))_popup-title'

2020-03-20 14:45:30 - [MESSAGE][PASSED] - Keys '*' sent to object: 'Object Repository/ADMIN/Edit Text/Bespoke/Seller Pages/Onboarding_Settings/input_concat(Are you sure about removing this item from your list (It  ll be gone forever))_popup-title'

2020-03-20 14:45:30 - [TEST_STEP][PASSED] - sendKeys(findTestObject("ADMIN/Edit Text/Bespoke/Seller Pages/Onboarding_Settings/input_CANCEL_btn_cancel2"), "*"): Keys '*' sent to object: 'Object Repository/ADMIN/Edit Text/Bespoke/Seller Pages/Onboarding_Settings/input_CANCEL_btn_cancel2'

2020-03-20 14:45:30 - [MESSAGE][PASSED] - Keys '*' sent to object: 'Object Repository/ADMIN/Edit Text/Bespoke/Seller Pages/Onboarding_Settings/input_CANCEL_btn_cancel2'

2020-03-20 14:45:30 - [TEST_STEP][PASSED] - sendKeys(findTestObject("ADMIN/Edit Text/Bespoke/Seller Pages/Onboarding_Settings/input_Okay_btn_okay2"), "*"): Keys '*' sent to object: 'Object Repository/ADMIN/Edit Text/Bespoke/Seller Pages/Onboarding_Settings/input_Okay_btn_okay2'

2020-03-20 14:45:30 - [MESSAGE][PASSED] - Keys '*' sent to object: 'Object Repository/ADMIN/Edit Text/Bespoke/Seller Pages/Onboarding_Settings/input_Okay_btn_okay2'

2020-03-20 14:45:30 - [TEST_STEP][PASSED] - click(findTestObject("ADMIN/Edit Text/Bespoke/Buyer Pages/Homepage/button_save"), CONTINUE_ON_FAILURE): Object: 'Object Repository/ADMIN/Edit Text/Bespoke/Buyer Pages/Homepage/button_save' is clicked on

2020-03-20 14:45:30 - [MESSAGE][PASSED] - Object: 'Object Repository/ADMIN/Edit Text/Bespoke/Buyer Pages/Homepage/button_save' is clicked on

2020-03-20 14:45:30 - [TEST_STEP][PASSED] - waitForElementVisible(findTestObject("ADMIN/Edit Text/Bespoke/Buyer Pages/Homepage/toaster_success"), 0): Object 'Object Repository/ADMIN/Edit Text/Bespoke/Buyer Pages/Homepage/toaster_success' is visible

2020-03-20 14:45:30 - [MESSAGE][WARNING] - Timeout '0' is invalid. Using default page load timeout: '30'

2020-03-20 14:45:31 - [MESSAGE][PASSED] - Object 'Object Repository/ADMIN/Edit Text/Bespoke/Buyer Pages/Homepage/toaster_success' is visible]]></system-out>
         <system-err><![CDATA[]]></system-err>
      </testcase>
      <testcase name="Test Cases/ADMIN/Language/Edit Text/Bespoke/Seller/Onboarding_Settings" time="15.5" classname="Test Cases/ADMIN/Language/Edit Text/Bespoke/Seller/Onboarding_Settings" status="PASSED">
         <system-out><![CDATA[2020-03-20 14:45:31 - [TEST_CASE][PASSED] - Test Cases/ADMIN/Language/Edit Text/Bespoke/Seller/Onboarding_Settings: Test Cases/ADMIN/Language/Edit Text/Bespoke/Seller/Onboarding_Settings

2020-03-20 14:45:31 - [TEST_STEP][PASSED] - waitForElementVisible(findTestObject("ADMIN/Edit Text/Bespoke/Buyer Navigation/dd_language"), 0): Object 'Object Repository/ADMIN/Edit Text/Bespoke/Buyer Navigation/dd_language' is visible

2020-03-20 14:45:31 - [MESSAGE][WARNING] - Timeout '0' is invalid. Using default page load timeout: '30'

2020-03-20 14:45:31 - [MESSAGE][PASSED] - Object 'Object Repository/ADMIN/Edit Text/Bespoke/Buyer Navigation/dd_language' is visible

2020-03-20 14:45:31 - [TEST_STEP][PASSED] - selectOptionByLabel(findTestObject("ADMIN/Edit Text/Bespoke/Buyer Navigation/dd_language"), varLanguage, false): All options with label 'German' are selected in object 'Object Repository/ADMIN/Edit Text/Bespoke/Buyer Navigation/dd_language' 

2020-03-20 14:45:32 - [MESSAGE][PASSED] - All options with label 'German' are selected in object 'Object Repository/ADMIN/Edit Text/Bespoke/Buyer Navigation/dd_language' 

2020-03-20 14:45:32 - [TEST_STEP][PASSED] - sendKeys(findTestObject("ADMIN/Edit Text/Bespoke/Seller Pages/Onboarding_Settings/input_USER SETTINGS_marketplace-name"), "*"): Keys '*' sent to object: 'Object Repository/ADMIN/Edit Text/Bespoke/Seller Pages/Onboarding_Settings/input_USER SETTINGS_marketplace-name'

2020-03-20 14:45:33 - [MESSAGE][PASSED] - Keys '*' sent to object: 'Object Repository/ADMIN/Edit Text/Bespoke/Seller Pages/Onboarding_Settings/input_USER SETTINGS_marketplace-name'

2020-03-20 14:45:33 - [TEST_STEP][PASSED] - sendKeys(findTestObject("ADMIN/Edit Text/Bespoke/Seller Pages/Onboarding_Settings/input_Configure your profile your delivery methods and how you receive payments_item_details"), "*"): Keys '*' sent to object: 'Object Repository/ADMIN/Edit Text/Bespoke/Seller Pages/Onboarding_Settings/input_Configure your profile your delivery methods and how you receive payments_item_details'

2020-03-20 14:45:33 - [MESSAGE][PASSED] - Keys '*' sent to object: 'Object Repository/ADMIN/Edit Text/Bespoke/Seller Pages/Onboarding_Settings/input_Configure your profile your delivery methods and how you receive payments_item_details'

2020-03-20 14:45:33 - [TEST_STEP][PASSED] - sendKeys(findTestObject("ADMIN/Edit Text/Bespoke/Seller Pages/Onboarding_Settings/input_PROFILE_tab-title"), "*"): Keys '*' sent to object: 'Object Repository/ADMIN/Edit Text/Bespoke/Seller Pages/Onboarding_Settings/input_PROFILE_tab-title'

2020-03-20 14:45:33 - [MESSAGE][PASSED] - Keys '*' sent to object: 'Object Repository/ADMIN/Edit Text/Bespoke/Seller Pages/Onboarding_Settings/input_PROFILE_tab-title'

2020-03-20 14:45:33 - [TEST_STEP][PASSED] - sendKeys(findTestObject("ADMIN/Edit Text/Bespoke/Seller Pages/Onboarding_Settings/input_CHANGE_btn_upload"), "*"): Keys '*' sent to object: 'Object Repository/ADMIN/Edit Text/Bespoke/Seller Pages/Onboarding_Settings/input_CHANGE_btn_upload'

2020-03-20 14:45:33 - [MESSAGE][PASSED] - Keys '*' sent to object: 'Object Repository/ADMIN/Edit Text/Bespoke/Seller Pages/Onboarding_Settings/input_CHANGE_btn_upload'

2020-03-20 14:45:33 - [TEST_STEP][PASSED] - sendKeys(findTestObject("ADMIN/Edit Text/Bespoke/Seller Pages/Onboarding_Settings/input_DISPLAY NAME_display-name"), "*"): Keys '*' sent to object: 'Object Repository/ADMIN/Edit Text/Bespoke/Seller Pages/Onboarding_Settings/input_DISPLAY NAME_display-name'

2020-03-20 14:45:34 - [MESSAGE][PASSED] - Keys '*' sent to object: 'Object Repository/ADMIN/Edit Text/Bespoke/Seller Pages/Onboarding_Settings/input_DISPLAY NAME_display-name'

2020-03-20 14:45:34 - [TEST_STEP][PASSED] - sendKeys(findTestObject("ADMIN/Edit Text/Bespoke/Seller Pages/Onboarding_Settings/input_DESCRIPTION_description"), "*"): Keys '*' sent to object: 'Object Repository/ADMIN/Edit Text/Bespoke/Seller Pages/Onboarding_Settings/input_DESCRIPTION_description'

2020-03-20 14:45:34 - [MESSAGE][PASSED] - Keys '*' sent to object: 'Object Repository/ADMIN/Edit Text/Bespoke/Seller Pages/Onboarding_Settings/input_DESCRIPTION_description'

2020-03-20 14:45:34 - [TEST_STEP][PASSED] - sendKeys(findTestObject("ADMIN/Edit Text/Bespoke/Seller Pages/Onboarding_Settings/input_FIRST NAME_first-name"), "*"): Keys '*' sent to object: 'Object Repository/ADMIN/Edit Text/Bespoke/Seller Pages/Onboarding_Settings/input_FIRST NAME_first-name'

2020-03-20 14:45:34 - [MESSAGE][PASSED] - Keys '*' sent to object: 'Object Repository/ADMIN/Edit Text/Bespoke/Seller Pages/Onboarding_Settings/input_FIRST NAME_first-name'

2020-03-20 14:45:34 - [TEST_STEP][PASSED] - sendKeys(findTestObject("ADMIN/Edit Text/Bespoke/Seller Pages/Onboarding_Settings/input_LAST NAME_last-name"), "*"): Keys '*' sent to object: 'Object Repository/ADMIN/Edit Text/Bespoke/Seller Pages/Onboarding_Settings/input_LAST NAME_last-name'

2020-03-20 14:45:34 - [MESSAGE][PASSED] - Keys '*' sent to object: 'Object Repository/ADMIN/Edit Text/Bespoke/Seller Pages/Onboarding_Settings/input_LAST NAME_last-name'

2020-03-20 14:45:34 - [TEST_STEP][PASSED] - sendKeys(findTestObject("ADMIN/Edit Text/Bespoke/Seller Pages/Onboarding_Settings/input_NOTIFICATION EMAIL_notification-email"), "*"): Keys '*' sent to object: 'Object Repository/ADMIN/Edit Text/Bespoke/Seller Pages/Onboarding_Settings/input_NOTIFICATION EMAIL_notification-email'

2020-03-20 14:45:34 - [MESSAGE][PASSED] - Keys '*' sent to object: 'Object Repository/ADMIN/Edit Text/Bespoke/Seller Pages/Onboarding_Settings/input_NOTIFICATION EMAIL_notification-email'

2020-03-20 14:45:34 - [TEST_STEP][PASSED] - sendKeys(findTestObject("ADMIN/Edit Text/Bespoke/Seller Pages/Onboarding_Settings/input_CONTACT NUMBER_contact-number"), "*"): Keys '*' sent to object: 'Object Repository/ADMIN/Edit Text/Bespoke/Seller Pages/Onboarding_Settings/input_CONTACT NUMBER_contact-number'

2020-03-20 14:45:35 - [MESSAGE][PASSED] - Keys '*' sent to object: 'Object Repository/ADMIN/Edit Text/Bespoke/Seller Pages/Onboarding_Settings/input_CONTACT NUMBER_contact-number'

2020-03-20 14:45:35 - [TEST_STEP][PASSED] - sendKeys(findTestObject("ADMIN/Edit Text/Bespoke/Seller Pages/Onboarding_Settings/input_OPENID LOGIN_open-id-login"), "*"): Keys '*' sent to object: 'Object Repository/ADMIN/Edit Text/Bespoke/Seller Pages/Onboarding_Settings/input_OPENID LOGIN_open-id-login'

2020-03-20 14:45:35 - [MESSAGE][PASSED] - Keys '*' sent to object: 'Object Repository/ADMIN/Edit Text/Bespoke/Seller Pages/Onboarding_Settings/input_OPENID LOGIN_open-id-login'

2020-03-20 14:45:35 - [TEST_STEP][PASSED] - sendKeys(findTestObject("ADMIN/Edit Text/Bespoke/Seller Pages/Onboarding_Settings/input_SELLER LOCATION_seller_location"), "*"): Keys '*' sent to object: 'Object Repository/ADMIN/Edit Text/Bespoke/Seller Pages/Onboarding_Settings/input_SELLER LOCATION_seller_location'

2020-03-20 14:45:35 - [MESSAGE][PASSED] - Keys '*' sent to object: 'Object Repository/ADMIN/Edit Text/Bespoke/Seller Pages/Onboarding_Settings/input_SELLER LOCATION_seller_location'

2020-03-20 14:45:35 - [TEST_STEP][PASSED] - sendKeys(findTestObject("ADMIN/Edit Text/Bespoke/Seller Pages/Onboarding_Settings/textarea_For each transaction that is made through the marketplace there will be a seller transaction fee of"), "*"): Keys '*' sent to object: 'Object Repository/ADMIN/Edit Text/Bespoke/Seller Pages/Onboarding_Settings/textarea_For each transaction that is made through the marketplace there will be a seller transaction fee of'

2020-03-20 14:45:35 - [MESSAGE][PASSED] - Keys '*' sent to object: 'Object Repository/ADMIN/Edit Text/Bespoke/Seller Pages/Onboarding_Settings/textarea_For each transaction that is made through the marketplace there will be a seller transaction fee of'

2020-03-20 14:45:35 - [TEST_STEP][PASSED] - sendKeys(findTestObject("ADMIN/Edit Text/Bespoke/Seller Pages/Onboarding_Settings/input_NEXT_btn_next"), "*"): Keys '*' sent to object: 'Object Repository/ADMIN/Edit Text/Bespoke/Seller Pages/Onboarding_Settings/input_NEXT_btn_next'

2020-03-20 14:45:35 - [MESSAGE][PASSED] - Keys '*' sent to object: 'Object Repository/ADMIN/Edit Text/Bespoke/Seller Pages/Onboarding_Settings/input_NEXT_btn_next'

2020-03-20 14:45:35 - [TEST_STEP][PASSED] - sendKeys(findTestObject("ADMIN/Edit Text/Bespoke/Seller Pages/Onboarding_Settings/input_ADDRESS_tab-title"), "*"): Keys '*' sent to object: 'Object Repository/ADMIN/Edit Text/Bespoke/Seller Pages/Onboarding_Settings/input_ADDRESS_tab-title'

2020-03-20 14:45:35 - [MESSAGE][PASSED] - Keys '*' sent to object: 'Object Repository/ADMIN/Edit Text/Bespoke/Seller Pages/Onboarding_Settings/input_ADDRESS_tab-title'

2020-03-20 14:45:36 - [TEST_STEP][PASSED] - sendKeys(findTestObject("ADMIN/Edit Text/Bespoke/Seller Pages/Onboarding_Settings/input_NEW DELIVERY ADDRESS_new-delivery-address"), "*"): Keys '*' sent to object: 'Object Repository/ADMIN/Edit Text/Bespoke/Seller Pages/Onboarding_Settings/input_NEW DELIVERY ADDRESS_new-delivery-address'

2020-03-20 14:45:36 - [MESSAGE][PASSED] - Keys '*' sent to object: 'Object Repository/ADMIN/Edit Text/Bespoke/Seller Pages/Onboarding_Settings/input_NEW DELIVERY ADDRESS_new-delivery-address'

2020-03-20 14:45:36 - [TEST_STEP][PASSED] - sendKeys(findTestObject("ADMIN/Edit Text/Bespoke/Seller Pages/Onboarding_Settings/input_ADDRESSEE FIRST NAME_addressee-first-name"), "*"): Keys '*' sent to object: 'Object Repository/ADMIN/Edit Text/Bespoke/Seller Pages/Onboarding_Settings/input_ADDRESSEE FIRST NAME_addressee-first-name'

2020-03-20 14:45:36 - [MESSAGE][PASSED] - Keys '*' sent to object: 'Object Repository/ADMIN/Edit Text/Bespoke/Seller Pages/Onboarding_Settings/input_ADDRESSEE FIRST NAME_addressee-first-name'

2020-03-20 14:45:36 - [TEST_STEP][PASSED] - sendKeys(findTestObject("ADMIN/Edit Text/Bespoke/Seller Pages/Onboarding_Settings/input_ADDRESSEE LAST NAME_addressee-last-name"), "*"): Keys '*' sent to object: 'Object Repository/ADMIN/Edit Text/Bespoke/Seller Pages/Onboarding_Settings/input_ADDRESSEE LAST NAME_addressee-last-name'

2020-03-20 14:45:36 - [MESSAGE][PASSED] - Keys '*' sent to object: 'Object Repository/ADMIN/Edit Text/Bespoke/Seller Pages/Onboarding_Settings/input_ADDRESSEE LAST NAME_addressee-last-name'

2020-03-20 14:45:36 - [TEST_STEP][PASSED] - sendKeys(findTestObject("ADMIN/Edit Text/Bespoke/Seller Pages/Onboarding_Settings/input_ADDRESS_address"), "*"): Keys '*' sent to object: 'Object Repository/ADMIN/Edit Text/Bespoke/Seller Pages/Onboarding_Settings/input_ADDRESS_address'

2020-03-20 14:45:36 - [MESSAGE][PASSED] - Keys '*' sent to object: 'Object Repository/ADMIN/Edit Text/Bespoke/Seller Pages/Onboarding_Settings/input_ADDRESS_address'

2020-03-20 14:45:36 - [TEST_STEP][PASSED] - sendKeys(findTestObject("ADMIN/Edit Text/Bespoke/Seller Pages/Onboarding_Settings/input_SELECT COUNTRY_select-country"), "*"): Keys '*' sent to object: 'Object Repository/ADMIN/Edit Text/Bespoke/Seller Pages/Onboarding_Settings/input_SELECT COUNTRY_select-country'

2020-03-20 14:45:37 - [MESSAGE][PASSED] - Keys '*' sent to object: 'Object Repository/ADMIN/Edit Text/Bespoke/Seller Pages/Onboarding_Settings/input_SELECT COUNTRY_select-country'

2020-03-20 14:45:37 - [TEST_STEP][PASSED] - sendKeys(findTestObject("ADMIN/Edit Text/Bespoke/Seller Pages/Onboarding_Settings/input_COUNTRY_address-country"), "*"): Keys '*' sent to object: 'Object Repository/ADMIN/Edit Text/Bespoke/Seller Pages/Onboarding_Settings/input_COUNTRY_address-country'

2020-03-20 14:45:37 - [MESSAGE][PASSED] - Keys '*' sent to object: 'Object Repository/ADMIN/Edit Text/Bespoke/Seller Pages/Onboarding_Settings/input_COUNTRY_address-country'

2020-03-20 14:45:37 - [TEST_STEP][PASSED] - sendKeys(findTestObject("ADMIN/Edit Text/Bespoke/Seller Pages/Onboarding_Settings/input_STATE_address-state"), "*"): Keys '*' sent to object: 'Object Repository/ADMIN/Edit Text/Bespoke/Seller Pages/Onboarding_Settings/input_STATE_address-state'

2020-03-20 14:45:37 - [MESSAGE][PASSED] - Keys '*' sent to object: 'Object Repository/ADMIN/Edit Text/Bespoke/Seller Pages/Onboarding_Settings/input_STATE_address-state'

2020-03-20 14:45:37 - [TEST_STEP][PASSED] - sendKeys(findTestObject("ADMIN/Edit Text/Bespoke/Seller Pages/Onboarding_Settings/input_CITY_address-city"), "*"): Keys '*' sent to object: 'Object Repository/ADMIN/Edit Text/Bespoke/Seller Pages/Onboarding_Settings/input_CITY_address-city'

2020-03-20 14:45:37 - [MESSAGE][PASSED] - Keys '*' sent to object: 'Object Repository/ADMIN/Edit Text/Bespoke/Seller Pages/Onboarding_Settings/input_CITY_address-city'

2020-03-20 14:45:37 - [TEST_STEP][PASSED] - sendKeys(findTestObject("ADMIN/Edit Text/Bespoke/Seller Pages/Onboarding_Settings/input_POSTAL CODE_address-postalcode"), "*"): Keys '*' sent to object: 'Object Repository/ADMIN/Edit Text/Bespoke/Seller Pages/Onboarding_Settings/input_POSTAL CODE_address-postalcode'

2020-03-20 14:45:37 - [MESSAGE][PASSED] - Keys '*' sent to object: 'Object Repository/ADMIN/Edit Text/Bespoke/Seller Pages/Onboarding_Settings/input_POSTAL CODE_address-postalcode'

2020-03-20 14:45:37 - [TEST_STEP][PASSED] - sendKeys(findTestObject("ADMIN/Edit Text/Bespoke/Seller Pages/Onboarding_Settings/input_ADD ADDRESS_btn_add"), "*"): Keys '*' sent to object: 'Object Repository/ADMIN/Edit Text/Bespoke/Seller Pages/Onboarding_Settings/input_ADD ADDRESS_btn_add'

2020-03-20 14:45:38 - [MESSAGE][PASSED] - Keys '*' sent to object: 'Object Repository/ADMIN/Edit Text/Bespoke/Seller Pages/Onboarding_Settings/input_ADD ADDRESS_btn_add'

2020-03-20 14:45:38 - [TEST_STEP][PASSED] - sendKeys(findTestObject("ADMIN/Edit Text/Bespoke/Seller Pages/Onboarding_Settings/input_SAVED ADDRESSES_address-saved"), "*"): Keys '*' sent to object: 'Object Repository/ADMIN/Edit Text/Bespoke/Seller Pages/Onboarding_Settings/input_SAVED ADDRESSES_address-saved'

2020-03-20 14:45:38 - [MESSAGE][PASSED] - Keys '*' sent to object: 'Object Repository/ADMIN/Edit Text/Bespoke/Seller Pages/Onboarding_Settings/input_SAVED ADDRESSES_address-saved'

2020-03-20 14:45:38 - [TEST_STEP][PASSED] - sendKeys(findTestObject("ADMIN/Edit Text/Bespoke/Seller Pages/Onboarding_Settings/input_Next_btn_next (1)"), "*"): Keys '*' sent to object: 'Object Repository/ADMIN/Edit Text/Bespoke/Seller Pages/Onboarding_Settings/input_Next_btn_next (1)'

2020-03-20 14:45:38 - [MESSAGE][PASSED] - Keys '*' sent to object: 'Object Repository/ADMIN/Edit Text/Bespoke/Seller Pages/Onboarding_Settings/input_Next_btn_next (1)'

2020-03-20 14:45:38 - [TEST_STEP][PASSED] - sendKeys(findTestObject("ADMIN/Edit Text/Bespoke/Seller Pages/Onboarding_Settings/input_PAYMENT ACCEPTANCE_tan-title"), "*"): Keys '*' sent to object: 'Object Repository/ADMIN/Edit Text/Bespoke/Seller Pages/Onboarding_Settings/input_PAYMENT ACCEPTANCE_tan-title'

2020-03-20 14:45:38 - [MESSAGE][PASSED] - Keys '*' sent to object: 'Object Repository/ADMIN/Edit Text/Bespoke/Seller Pages/Onboarding_Settings/input_PAYMENT ACCEPTANCE_tan-title'

2020-03-20 14:45:38 - [TEST_STEP][PASSED] - sendKeys(findTestObject("ADMIN/Edit Text/Bespoke/Seller Pages/Onboarding_Settings/input_PAYMENT METHOD_payment_method"), "*"): Keys '*' sent to object: 'Object Repository/ADMIN/Edit Text/Bespoke/Seller Pages/Onboarding_Settings/input_PAYMENT METHOD_payment_method'

2020-03-20 14:45:39 - [MESSAGE][PASSED] - Keys '*' sent to object: 'Object Repository/ADMIN/Edit Text/Bespoke/Seller Pages/Onboarding_Settings/input_PAYMENT METHOD_payment_method'

2020-03-20 14:45:39 - [TEST_STEP][PASSED] - sendKeys(findTestObject("ADMIN/Edit Text/Bespoke/Seller Pages/Onboarding_Settings/input_Select your preferred payment method_select_payment_method"), "*"): Keys '*' sent to object: 'Object Repository/ADMIN/Edit Text/Bespoke/Seller Pages/Onboarding_Settings/input_Select your preferred payment method_select_payment_method'

2020-03-20 14:45:39 - [MESSAGE][PASSED] - Keys '*' sent to object: 'Object Repository/ADMIN/Edit Text/Bespoke/Seller Pages/Onboarding_Settings/input_Select your preferred payment method_select_payment_method'

2020-03-20 14:45:39 - [TEST_STEP][PASSED] - sendKeys(findTestObject("ADMIN/Edit Text/Bespoke/Seller Pages/Onboarding_Settings/input_LINK ACCOUNT_btn_link_account"), "*"): Keys '*' sent to object: 'Object Repository/ADMIN/Edit Text/Bespoke/Seller Pages/Onboarding_Settings/input_LINK ACCOUNT_btn_link_account'

2020-03-20 14:45:39 - [MESSAGE][PASSED] - Keys '*' sent to object: 'Object Repository/ADMIN/Edit Text/Bespoke/Seller Pages/Onboarding_Settings/input_LINK ACCOUNT_btn_link_account'

2020-03-20 14:45:39 - [TEST_STEP][PASSED] - sendKeys(findTestObject("ADMIN/Edit Text/Bespoke/Seller Pages/Onboarding_Settings/input_VERIFIED_verified"), "*"): Keys '*' sent to object: 'Object Repository/ADMIN/Edit Text/Bespoke/Seller Pages/Onboarding_Settings/input_VERIFIED_verified'

2020-03-20 14:45:40 - [MESSAGE][PASSED] - Keys '*' sent to object: 'Object Repository/ADMIN/Edit Text/Bespoke/Seller Pages/Onboarding_Settings/input_VERIFIED_verified'

2020-03-20 14:45:40 - [TEST_STEP][PASSED] - sendKeys(findTestObject("ADMIN/Edit Text/Bespoke/Seller Pages/Onboarding_Settings/input_This payment method is compulsory_this_method_compulsory"), "*"): Keys '*' sent to object: 'Object Repository/ADMIN/Edit Text/Bespoke/Seller Pages/Onboarding_Settings/input_This payment method is compulsory_this_method_compulsory'

2020-03-20 14:45:40 - [MESSAGE][PASSED] - Keys '*' sent to object: 'Object Repository/ADMIN/Edit Text/Bespoke/Seller Pages/Onboarding_Settings/input_This payment method is compulsory_this_method_compulsory'

2020-03-20 14:45:40 - [TEST_STEP][PASSED] - sendKeys(findTestObject("ADMIN/Edit Text/Bespoke/Seller Pages/Onboarding_Settings/input_No account linked yet_no-account-linked"), "*"): Keys '*' sent to object: 'Object Repository/ADMIN/Edit Text/Bespoke/Seller Pages/Onboarding_Settings/input_No account linked yet_no-account-linked'

2020-03-20 14:45:40 - [MESSAGE][PASSED] - Keys '*' sent to object: 'Object Repository/ADMIN/Edit Text/Bespoke/Seller Pages/Onboarding_Settings/input_No account linked yet_no-account-linked'

2020-03-20 14:45:40 - [TEST_STEP][PASSED] - sendKeys(findTestObject("ADMIN/Edit Text/Bespoke/Seller Pages/Onboarding_Settings/input_next3"), "*"): Keys '*' sent to object: 'Object Repository/ADMIN/Edit Text/Bespoke/Seller Pages/Onboarding_Settings/input_next3'

2020-03-20 14:45:40 - [MESSAGE][PASSED] - Keys '*' sent to object: 'Object Repository/ADMIN/Edit Text/Bespoke/Seller Pages/Onboarding_Settings/input_next3'

2020-03-20 14:45:40 - [TEST_STEP][PASSED] - sendKeys(findTestObject("ADMIN/Edit Text/Bespoke/Seller Pages/Onboarding_Settings/input_DELIVERY METHODS_tab-title1"), "*"): Keys '*' sent to object: 'Object Repository/ADMIN/Edit Text/Bespoke/Seller Pages/Onboarding_Settings/input_DELIVERY METHODS_tab-title1'

2020-03-20 14:45:40 - [MESSAGE][PASSED] - Keys '*' sent to object: 'Object Repository/ADMIN/Edit Text/Bespoke/Seller Pages/Onboarding_Settings/input_DELIVERY METHODS_tab-title1'

2020-03-20 14:45:40 - [TEST_STEP][PASSED] - sendKeys(findTestObject("ADMIN/Edit Text/Bespoke/Seller Pages/Onboarding_Settings/input_DELIVERY OPTIONS_delivery-option"), "*"): Keys '*' sent to object: 'Object Repository/ADMIN/Edit Text/Bespoke/Seller Pages/Onboarding_Settings/input_DELIVERY OPTIONS_delivery-option'

2020-03-20 14:45:41 - [MESSAGE][PASSED] - Keys '*' sent to object: 'Object Repository/ADMIN/Edit Text/Bespoke/Seller Pages/Onboarding_Settings/input_DELIVERY OPTIONS_delivery-option'

2020-03-20 14:45:41 - [TEST_STEP][PASSED] - sendKeys(findTestObject("ADMIN/Edit Text/Bespoke/Seller Pages/Onboarding_Settings/input_DELIVERY OPTIONS_delivery-txt2"), "*"): Keys '*' sent to object: 'Object Repository/ADMIN/Edit Text/Bespoke/Seller Pages/Onboarding_Settings/input_DELIVERY OPTIONS_delivery-txt2'

2020-03-20 14:45:41 - [MESSAGE][PASSED] - Keys '*' sent to object: 'Object Repository/ADMIN/Edit Text/Bespoke/Seller Pages/Onboarding_Settings/input_DELIVERY OPTIONS_delivery-txt2'

2020-03-20 14:45:41 - [TEST_STEP][PASSED] - sendKeys(findTestObject("ADMIN/Edit Text/Bespoke/Seller Pages/Onboarding_Settings/input_DELIVERY SERVICE_delivery-service"), "*"): Keys '*' sent to object: 'Object Repository/ADMIN/Edit Text/Bespoke/Seller Pages/Onboarding_Settings/input_DELIVERY SERVICE_delivery-service'

2020-03-20 14:45:41 - [MESSAGE][PASSED] - Keys '*' sent to object: 'Object Repository/ADMIN/Edit Text/Bespoke/Seller Pages/Onboarding_Settings/input_DELIVERY SERVICE_delivery-service'

2020-03-20 14:45:41 - [TEST_STEP][PASSED] - sendKeys(findTestObject("ADMIN/Edit Text/Bespoke/Seller Pages/Onboarding_Settings/input_SINGLE ITEM DELIVERY (A)_single-item-delivery"), "*"): Keys '*' sent to object: 'Object Repository/ADMIN/Edit Text/Bespoke/Seller Pages/Onboarding_Settings/input_SINGLE ITEM DELIVERY (A)_single-item-delivery'

2020-03-20 14:45:41 - [MESSAGE][PASSED] - Keys '*' sent to object: 'Object Repository/ADMIN/Edit Text/Bespoke/Seller Pages/Onboarding_Settings/input_SINGLE ITEM DELIVERY (A)_single-item-delivery'

2020-03-20 14:45:41 - [TEST_STEP][PASSED] - sendKeys(findTestObject("ADMIN/Edit Text/Bespoke/Seller Pages/Onboarding_Settings/input_WITH OTHER ITEM (B)_with-other-item"), "*"): Keys '*' sent to object: 'Object Repository/ADMIN/Edit Text/Bespoke/Seller Pages/Onboarding_Settings/input_WITH OTHER ITEM (B)_with-other-item'

2020-03-20 14:45:42 - [MESSAGE][PASSED] - Keys '*' sent to object: 'Object Repository/ADMIN/Edit Text/Bespoke/Seller Pages/Onboarding_Settings/input_WITH OTHER ITEM (B)_with-other-item'

2020-03-20 14:45:42 - [TEST_STEP][PASSED] - sendKeys(findTestObject("ADMIN/Edit Text/Bespoke/Seller Pages/Onboarding_Settings/input_ADD_btn_add"), "*"): Keys '*' sent to object: 'Object Repository/ADMIN/Edit Text/Bespoke/Seller Pages/Onboarding_Settings/input_ADD_btn_add'

2020-03-20 14:45:42 - [MESSAGE][PASSED] - Keys '*' sent to object: 'Object Repository/ADMIN/Edit Text/Bespoke/Seller Pages/Onboarding_Settings/input_ADD_btn_add'

2020-03-20 14:45:42 - [TEST_STEP][PASSED] - sendKeys(findTestObject("ADMIN/Edit Text/Bespoke/Seller Pages/Onboarding_Settings/input_PICK-UP LOCATIONS_pick-up-option"), "*"): Keys '*' sent to object: 'Object Repository/ADMIN/Edit Text/Bespoke/Seller Pages/Onboarding_Settings/input_PICK-UP LOCATIONS_pick-up-option'

2020-03-20 14:45:42 - [MESSAGE][PASSED] - Keys '*' sent to object: 'Object Repository/ADMIN/Edit Text/Bespoke/Seller Pages/Onboarding_Settings/input_PICK-UP LOCATIONS_pick-up-option'

2020-03-20 14:45:42 - [TEST_STEP][PASSED] - sendKeys(findTestObject("ADMIN/Edit Text/Bespoke/Seller Pages/Onboarding_Settings/textarea_Define the full address where the buyer can pick up from (You must have at least a delivery option or a pick-up location selected)"), "*"): Keys '*' sent to object: 'Object Repository/ADMIN/Edit Text/Bespoke/Seller Pages/Onboarding_Settings/textarea_Define the full address where the buyer can pick up from (You must have at least a delivery option or a pick-up location selected)'

2020-03-20 14:45:42 - [MESSAGE][PASSED] - Keys '*' sent to object: 'Object Repository/ADMIN/Edit Text/Bespoke/Seller Pages/Onboarding_Settings/textarea_Define the full address where the buyer can pick up from (You must have at least a delivery option or a pick-up location selected)'

2020-03-20 14:45:42 - [TEST_STEP][PASSED] - sendKeys(findTestObject("ADMIN/Edit Text/Bespoke/Seller Pages/Onboarding_Settings/input_Offer reduced shipping costs to buyers when they buy more than one item from you_delivery-txt2"), "*"): Keys '*' sent to object: 'Object Repository/ADMIN/Edit Text/Bespoke/Seller Pages/Onboarding_Settings/input_Offer reduced shipping costs to buyers when they buy more than one item from you_delivery-txt2'

2020-03-20 14:45:43 - [MESSAGE][PASSED] - Keys '*' sent to object: 'Object Repository/ADMIN/Edit Text/Bespoke/Seller Pages/Onboarding_Settings/input_Offer reduced shipping costs to buyers when they buy more than one item from you_delivery-txt2'

2020-03-20 14:45:43 - [TEST_STEP][PASSED] - sendKeys(findTestObject("ADMIN/Edit Text/Bespoke/Seller Pages/Onboarding_Settings/input_total delivery"), "*"): Keys '*' sent to object: 'Object Repository/ADMIN/Edit Text/Bespoke/Seller Pages/Onboarding_Settings/input_total delivery'

2020-03-20 14:45:43 - [MESSAGE][PASSED] - Keys '*' sent to object: 'Object Repository/ADMIN/Edit Text/Bespoke/Seller Pages/Onboarding_Settings/input_total delivery'

2020-03-20 14:45:43 - [TEST_STEP][PASSED] - sendKeys(findTestObject("ADMIN/Edit Text/Bespoke/Seller Pages/Onboarding_Settings/input_add1"), "*"): Keys '*' sent to object: 'Object Repository/ADMIN/Edit Text/Bespoke/Seller Pages/Onboarding_Settings/input_add1'

2020-03-20 14:45:43 - [MESSAGE][PASSED] - Keys '*' sent to object: 'Object Repository/ADMIN/Edit Text/Bespoke/Seller Pages/Onboarding_Settings/input_add1'

2020-03-20 14:45:43 - [TEST_STEP][PASSED] - sendKeys(findTestObject("ADMIN/Edit Text/Bespoke/Seller Pages/Onboarding_Settings/input_PICK-UP LOCATION ADDRESS_pick-up-address"), "*"): Keys '*' sent to object: 'Object Repository/ADMIN/Edit Text/Bespoke/Seller Pages/Onboarding_Settings/input_PICK-UP LOCATION ADDRESS_pick-up-address'

2020-03-20 14:45:43 - [MESSAGE][PASSED] - Keys '*' sent to object: 'Object Repository/ADMIN/Edit Text/Bespoke/Seller Pages/Onboarding_Settings/input_PICK-UP LOCATION ADDRESS_pick-up-address'

2020-03-20 14:45:43 - [TEST_STEP][PASSED] - sendKeys(findTestObject("ADMIN/Edit Text/Bespoke/Seller Pages/Onboarding_Settings/input_SAVE_btn_save"), "*"): Keys '*' sent to object: 'Object Repository/ADMIN/Edit Text/Bespoke/Seller Pages/Onboarding_Settings/input_SAVE_btn_save'

2020-03-20 14:45:44 - [MESSAGE][PASSED] - Keys '*' sent to object: 'Object Repository/ADMIN/Edit Text/Bespoke/Seller Pages/Onboarding_Settings/input_SAVE_btn_save'

2020-03-20 14:45:44 - [TEST_STEP][PASSED] - sendKeys(findTestObject("ADMIN/Edit Text/Bespoke/Seller Pages/Onboarding_Settings/input_Are you sure want to delete_popup-title"), "*"): Keys '*' sent to object: 'Object Repository/ADMIN/Edit Text/Bespoke/Seller Pages/Onboarding_Settings/input_Are you sure want to delete_popup-title'

2020-03-20 14:45:44 - [MESSAGE][PASSED] - Keys '*' sent to object: 'Object Repository/ADMIN/Edit Text/Bespoke/Seller Pages/Onboarding_Settings/input_Are you sure want to delete_popup-title'

2020-03-20 14:45:44 - [TEST_STEP][PASSED] - sendKeys(findTestObject("ADMIN/Edit Text/Bespoke/Seller Pages/Onboarding_Settings/input_CANCEL_btn_cancel"), "*"): Keys '*' sent to object: 'Object Repository/ADMIN/Edit Text/Bespoke/Seller Pages/Onboarding_Settings/input_CANCEL_btn_cancel'

2020-03-20 14:45:44 - [MESSAGE][PASSED] - Keys '*' sent to object: 'Object Repository/ADMIN/Edit Text/Bespoke/Seller Pages/Onboarding_Settings/input_CANCEL_btn_cancel'

2020-03-20 14:45:44 - [TEST_STEP][PASSED] - sendKeys(findTestObject("ADMIN/Edit Text/Bespoke/Seller Pages/Onboarding_Settings/input_Okay_btn_okay"), "*"): Keys '*' sent to object: 'Object Repository/ADMIN/Edit Text/Bespoke/Seller Pages/Onboarding_Settings/input_Okay_btn_okay'

2020-03-20 14:45:44 - [MESSAGE][PASSED] - Keys '*' sent to object: 'Object Repository/ADMIN/Edit Text/Bespoke/Seller Pages/Onboarding_Settings/input_Okay_btn_okay'

2020-03-20 14:45:44 - [TEST_STEP][PASSED] - sendKeys(findTestObject("ADMIN/Edit Text/Bespoke/Seller Pages/Onboarding_Settings/input_REMOVE ITEM_popup-title"), "*"): Keys '*' sent to object: 'Object Repository/ADMIN/Edit Text/Bespoke/Seller Pages/Onboarding_Settings/input_REMOVE ITEM_popup-title'

2020-03-20 14:45:45 - [MESSAGE][PASSED] - Keys '*' sent to object: 'Object Repository/ADMIN/Edit Text/Bespoke/Seller Pages/Onboarding_Settings/input_REMOVE ITEM_popup-title'

2020-03-20 14:45:45 - [TEST_STEP][PASSED] - sendKeys(findTestObject("ADMIN/Edit Text/Bespoke/Seller Pages/Onboarding_Settings/input_concat(Are you sure about removing this item from your list (It  ll be gone forever))_popup-title"), "*"): Keys '*' sent to object: 'Object Repository/ADMIN/Edit Text/Bespoke/Seller Pages/Onboarding_Settings/input_concat(Are you sure about removing this item from your list (It  ll be gone forever))_popup-title'

2020-03-20 14:45:45 - [MESSAGE][PASSED] - Keys '*' sent to object: 'Object Repository/ADMIN/Edit Text/Bespoke/Seller Pages/Onboarding_Settings/input_concat(Are you sure about removing this item from your list (It  ll be gone forever))_popup-title'

2020-03-20 14:45:45 - [TEST_STEP][PASSED] - sendKeys(findTestObject("ADMIN/Edit Text/Bespoke/Seller Pages/Onboarding_Settings/input_CANCEL_btn_cancel2"), "*"): Keys '*' sent to object: 'Object Repository/ADMIN/Edit Text/Bespoke/Seller Pages/Onboarding_Settings/input_CANCEL_btn_cancel2'

2020-03-20 14:45:45 - [MESSAGE][PASSED] - Keys '*' sent to object: 'Object Repository/ADMIN/Edit Text/Bespoke/Seller Pages/Onboarding_Settings/input_CANCEL_btn_cancel2'

2020-03-20 14:45:45 - [TEST_STEP][PASSED] - sendKeys(findTestObject("ADMIN/Edit Text/Bespoke/Seller Pages/Onboarding_Settings/input_Okay_btn_okay2"), "*"): Keys '*' sent to object: 'Object Repository/ADMIN/Edit Text/Bespoke/Seller Pages/Onboarding_Settings/input_Okay_btn_okay2'

2020-03-20 14:45:45 - [MESSAGE][PASSED] - Keys '*' sent to object: 'Object Repository/ADMIN/Edit Text/Bespoke/Seller Pages/Onboarding_Settings/input_Okay_btn_okay2'

2020-03-20 14:45:45 - [TEST_STEP][PASSED] - click(findTestObject("ADMIN/Edit Text/Bespoke/Buyer Pages/Homepage/button_save"), CONTINUE_ON_FAILURE): Object: 'Object Repository/ADMIN/Edit Text/Bespoke/Buyer Pages/Homepage/button_save' is clicked on

2020-03-20 14:45:45 - [MESSAGE][PASSED] - Object: 'Object Repository/ADMIN/Edit Text/Bespoke/Buyer Pages/Homepage/button_save' is clicked on

2020-03-20 14:45:45 - [TEST_STEP][PASSED] - waitForElementVisible(findTestObject("ADMIN/Edit Text/Bespoke/Buyer Pages/Homepage/toaster_success"), 0): Object 'Object Repository/ADMIN/Edit Text/Bespoke/Buyer Pages/Homepage/toaster_success' is visible

2020-03-20 14:45:46 - [MESSAGE][WARNING] - Timeout '0' is invalid. Using default page load timeout: '30'

2020-03-20 14:45:46 - [MESSAGE][PASSED] - Object 'Object Repository/ADMIN/Edit Text/Bespoke/Buyer Pages/Homepage/toaster_success' is visible]]></system-out>
         <system-err><![CDATA[]]></system-err>
      </testcase>
      <testcase name="Test Cases/ADMIN/Language/Edit Text/Bespoke/Seller/Onboarding_Settings" time="15.716" classname="Test Cases/ADMIN/Language/Edit Text/Bespoke/Seller/Onboarding_Settings" status="PASSED">
         <system-out><![CDATA[2020-03-20 14:45:46 - [TEST_CASE][PASSED] - Test Cases/ADMIN/Language/Edit Text/Bespoke/Seller/Onboarding_Settings: Test Cases/ADMIN/Language/Edit Text/Bespoke/Seller/Onboarding_Settings

2020-03-20 14:45:47 - [TEST_STEP][PASSED] - waitForElementVisible(findTestObject("ADMIN/Edit Text/Bespoke/Buyer Navigation/dd_language"), 0): Object 'Object Repository/ADMIN/Edit Text/Bespoke/Buyer Navigation/dd_language' is visible

2020-03-20 14:45:47 - [MESSAGE][WARNING] - Timeout '0' is invalid. Using default page load timeout: '30'

2020-03-20 14:45:47 - [MESSAGE][PASSED] - Object 'Object Repository/ADMIN/Edit Text/Bespoke/Buyer Navigation/dd_language' is visible

2020-03-20 14:45:47 - [TEST_STEP][PASSED] - selectOptionByLabel(findTestObject("ADMIN/Edit Text/Bespoke/Buyer Navigation/dd_language"), varLanguage, false): All options with label 'Japanese' are selected in object 'Object Repository/ADMIN/Edit Text/Bespoke/Buyer Navigation/dd_language' 

2020-03-20 14:45:48 - [MESSAGE][PASSED] - All options with label 'Japanese' are selected in object 'Object Repository/ADMIN/Edit Text/Bespoke/Buyer Navigation/dd_language' 

2020-03-20 14:45:48 - [TEST_STEP][PASSED] - sendKeys(findTestObject("ADMIN/Edit Text/Bespoke/Seller Pages/Onboarding_Settings/input_USER SETTINGS_marketplace-name"), "*"): Keys '*' sent to object: 'Object Repository/ADMIN/Edit Text/Bespoke/Seller Pages/Onboarding_Settings/input_USER SETTINGS_marketplace-name'

2020-03-20 14:45:49 - [MESSAGE][PASSED] - Keys '*' sent to object: 'Object Repository/ADMIN/Edit Text/Bespoke/Seller Pages/Onboarding_Settings/input_USER SETTINGS_marketplace-name'

2020-03-20 14:45:49 - [TEST_STEP][PASSED] - sendKeys(findTestObject("ADMIN/Edit Text/Bespoke/Seller Pages/Onboarding_Settings/input_Configure your profile your delivery methods and how you receive payments_item_details"), "*"): Keys '*' sent to object: 'Object Repository/ADMIN/Edit Text/Bespoke/Seller Pages/Onboarding_Settings/input_Configure your profile your delivery methods and how you receive payments_item_details'

2020-03-20 14:45:49 - [MESSAGE][PASSED] - Keys '*' sent to object: 'Object Repository/ADMIN/Edit Text/Bespoke/Seller Pages/Onboarding_Settings/input_Configure your profile your delivery methods and how you receive payments_item_details'

2020-03-20 14:45:49 - [TEST_STEP][PASSED] - sendKeys(findTestObject("ADMIN/Edit Text/Bespoke/Seller Pages/Onboarding_Settings/input_PROFILE_tab-title"), "*"): Keys '*' sent to object: 'Object Repository/ADMIN/Edit Text/Bespoke/Seller Pages/Onboarding_Settings/input_PROFILE_tab-title'

2020-03-20 14:45:49 - [MESSAGE][PASSED] - Keys '*' sent to object: 'Object Repository/ADMIN/Edit Text/Bespoke/Seller Pages/Onboarding_Settings/input_PROFILE_tab-title'

2020-03-20 14:45:49 - [TEST_STEP][PASSED] - sendKeys(findTestObject("ADMIN/Edit Text/Bespoke/Seller Pages/Onboarding_Settings/input_CHANGE_btn_upload"), "*"): Keys '*' sent to object: 'Object Repository/ADMIN/Edit Text/Bespoke/Seller Pages/Onboarding_Settings/input_CHANGE_btn_upload'

2020-03-20 14:45:49 - [MESSAGE][PASSED] - Keys '*' sent to object: 'Object Repository/ADMIN/Edit Text/Bespoke/Seller Pages/Onboarding_Settings/input_CHANGE_btn_upload'

2020-03-20 14:45:49 - [TEST_STEP][PASSED] - sendKeys(findTestObject("ADMIN/Edit Text/Bespoke/Seller Pages/Onboarding_Settings/input_DISPLAY NAME_display-name"), "*"): Keys '*' sent to object: 'Object Repository/ADMIN/Edit Text/Bespoke/Seller Pages/Onboarding_Settings/input_DISPLAY NAME_display-name'

2020-03-20 14:45:49 - [MESSAGE][PASSED] - Keys '*' sent to object: 'Object Repository/ADMIN/Edit Text/Bespoke/Seller Pages/Onboarding_Settings/input_DISPLAY NAME_display-name'

2020-03-20 14:45:49 - [TEST_STEP][PASSED] - sendKeys(findTestObject("ADMIN/Edit Text/Bespoke/Seller Pages/Onboarding_Settings/input_DESCRIPTION_description"), "*"): Keys '*' sent to object: 'Object Repository/ADMIN/Edit Text/Bespoke/Seller Pages/Onboarding_Settings/input_DESCRIPTION_description'

2020-03-20 14:45:49 - [MESSAGE][PASSED] - Keys '*' sent to object: 'Object Repository/ADMIN/Edit Text/Bespoke/Seller Pages/Onboarding_Settings/input_DESCRIPTION_description'

2020-03-20 14:45:49 - [TEST_STEP][PASSED] - sendKeys(findTestObject("ADMIN/Edit Text/Bespoke/Seller Pages/Onboarding_Settings/input_FIRST NAME_first-name"), "*"): Keys '*' sent to object: 'Object Repository/ADMIN/Edit Text/Bespoke/Seller Pages/Onboarding_Settings/input_FIRST NAME_first-name'

2020-03-20 14:45:50 - [MESSAGE][PASSED] - Keys '*' sent to object: 'Object Repository/ADMIN/Edit Text/Bespoke/Seller Pages/Onboarding_Settings/input_FIRST NAME_first-name'

2020-03-20 14:45:50 - [TEST_STEP][PASSED] - sendKeys(findTestObject("ADMIN/Edit Text/Bespoke/Seller Pages/Onboarding_Settings/input_LAST NAME_last-name"), "*"): Keys '*' sent to object: 'Object Repository/ADMIN/Edit Text/Bespoke/Seller Pages/Onboarding_Settings/input_LAST NAME_last-name'

2020-03-20 14:45:50 - [MESSAGE][PASSED] - Keys '*' sent to object: 'Object Repository/ADMIN/Edit Text/Bespoke/Seller Pages/Onboarding_Settings/input_LAST NAME_last-name'

2020-03-20 14:45:50 - [TEST_STEP][PASSED] - sendKeys(findTestObject("ADMIN/Edit Text/Bespoke/Seller Pages/Onboarding_Settings/input_NOTIFICATION EMAIL_notification-email"), "*"): Keys '*' sent to object: 'Object Repository/ADMIN/Edit Text/Bespoke/Seller Pages/Onboarding_Settings/input_NOTIFICATION EMAIL_notification-email'

2020-03-20 14:45:50 - [MESSAGE][PASSED] - Keys '*' sent to object: 'Object Repository/ADMIN/Edit Text/Bespoke/Seller Pages/Onboarding_Settings/input_NOTIFICATION EMAIL_notification-email'

2020-03-20 14:45:50 - [TEST_STEP][PASSED] - sendKeys(findTestObject("ADMIN/Edit Text/Bespoke/Seller Pages/Onboarding_Settings/input_CONTACT NUMBER_contact-number"), "*"): Keys '*' sent to object: 'Object Repository/ADMIN/Edit Text/Bespoke/Seller Pages/Onboarding_Settings/input_CONTACT NUMBER_contact-number'

2020-03-20 14:45:50 - [MESSAGE][PASSED] - Keys '*' sent to object: 'Object Repository/ADMIN/Edit Text/Bespoke/Seller Pages/Onboarding_Settings/input_CONTACT NUMBER_contact-number'

2020-03-20 14:45:50 - [TEST_STEP][PASSED] - sendKeys(findTestObject("ADMIN/Edit Text/Bespoke/Seller Pages/Onboarding_Settings/input_OPENID LOGIN_open-id-login"), "*"): Keys '*' sent to object: 'Object Repository/ADMIN/Edit Text/Bespoke/Seller Pages/Onboarding_Settings/input_OPENID LOGIN_open-id-login'

2020-03-20 14:45:50 - [MESSAGE][PASSED] - Keys '*' sent to object: 'Object Repository/ADMIN/Edit Text/Bespoke/Seller Pages/Onboarding_Settings/input_OPENID LOGIN_open-id-login'

2020-03-20 14:45:50 - [TEST_STEP][PASSED] - sendKeys(findTestObject("ADMIN/Edit Text/Bespoke/Seller Pages/Onboarding_Settings/input_SELLER LOCATION_seller_location"), "*"): Keys '*' sent to object: 'Object Repository/ADMIN/Edit Text/Bespoke/Seller Pages/Onboarding_Settings/input_SELLER LOCATION_seller_location'

2020-03-20 14:45:51 - [MESSAGE][PASSED] - Keys '*' sent to object: 'Object Repository/ADMIN/Edit Text/Bespoke/Seller Pages/Onboarding_Settings/input_SELLER LOCATION_seller_location'

2020-03-20 14:45:51 - [TEST_STEP][PASSED] - sendKeys(findTestObject("ADMIN/Edit Text/Bespoke/Seller Pages/Onboarding_Settings/textarea_For each transaction that is made through the marketplace there will be a seller transaction fee of"), "*"): Keys '*' sent to object: 'Object Repository/ADMIN/Edit Text/Bespoke/Seller Pages/Onboarding_Settings/textarea_For each transaction that is made through the marketplace there will be a seller transaction fee of'

2020-03-20 14:45:51 - [MESSAGE][PASSED] - Keys '*' sent to object: 'Object Repository/ADMIN/Edit Text/Bespoke/Seller Pages/Onboarding_Settings/textarea_For each transaction that is made through the marketplace there will be a seller transaction fee of'

2020-03-20 14:45:51 - [TEST_STEP][PASSED] - sendKeys(findTestObject("ADMIN/Edit Text/Bespoke/Seller Pages/Onboarding_Settings/input_NEXT_btn_next"), "*"): Keys '*' sent to object: 'Object Repository/ADMIN/Edit Text/Bespoke/Seller Pages/Onboarding_Settings/input_NEXT_btn_next'

2020-03-20 14:45:51 - [MESSAGE][PASSED] - Keys '*' sent to object: 'Object Repository/ADMIN/Edit Text/Bespoke/Seller Pages/Onboarding_Settings/input_NEXT_btn_next'

2020-03-20 14:45:51 - [TEST_STEP][PASSED] - sendKeys(findTestObject("ADMIN/Edit Text/Bespoke/Seller Pages/Onboarding_Settings/input_ADDRESS_tab-title"), "*"): Keys '*' sent to object: 'Object Repository/ADMIN/Edit Text/Bespoke/Seller Pages/Onboarding_Settings/input_ADDRESS_tab-title'

2020-03-20 14:45:51 - [MESSAGE][PASSED] - Keys '*' sent to object: 'Object Repository/ADMIN/Edit Text/Bespoke/Seller Pages/Onboarding_Settings/input_ADDRESS_tab-title'

2020-03-20 14:45:51 - [TEST_STEP][PASSED] - sendKeys(findTestObject("ADMIN/Edit Text/Bespoke/Seller Pages/Onboarding_Settings/input_NEW DELIVERY ADDRESS_new-delivery-address"), "*"): Keys '*' sent to object: 'Object Repository/ADMIN/Edit Text/Bespoke/Seller Pages/Onboarding_Settings/input_NEW DELIVERY ADDRESS_new-delivery-address'

2020-03-20 14:45:51 - [MESSAGE][PASSED] - Keys '*' sent to object: 'Object Repository/ADMIN/Edit Text/Bespoke/Seller Pages/Onboarding_Settings/input_NEW DELIVERY ADDRESS_new-delivery-address'

2020-03-20 14:45:51 - [TEST_STEP][PASSED] - sendKeys(findTestObject("ADMIN/Edit Text/Bespoke/Seller Pages/Onboarding_Settings/input_ADDRESSEE FIRST NAME_addressee-first-name"), "*"): Keys '*' sent to object: 'Object Repository/ADMIN/Edit Text/Bespoke/Seller Pages/Onboarding_Settings/input_ADDRESSEE FIRST NAME_addressee-first-name'

2020-03-20 14:45:52 - [MESSAGE][PASSED] - Keys '*' sent to object: 'Object Repository/ADMIN/Edit Text/Bespoke/Seller Pages/Onboarding_Settings/input_ADDRESSEE FIRST NAME_addressee-first-name'

2020-03-20 14:45:52 - [TEST_STEP][PASSED] - sendKeys(findTestObject("ADMIN/Edit Text/Bespoke/Seller Pages/Onboarding_Settings/input_ADDRESSEE LAST NAME_addressee-last-name"), "*"): Keys '*' sent to object: 'Object Repository/ADMIN/Edit Text/Bespoke/Seller Pages/Onboarding_Settings/input_ADDRESSEE LAST NAME_addressee-last-name'

2020-03-20 14:45:52 - [MESSAGE][PASSED] - Keys '*' sent to object: 'Object Repository/ADMIN/Edit Text/Bespoke/Seller Pages/Onboarding_Settings/input_ADDRESSEE LAST NAME_addressee-last-name'

2020-03-20 14:45:52 - [TEST_STEP][PASSED] - sendKeys(findTestObject("ADMIN/Edit Text/Bespoke/Seller Pages/Onboarding_Settings/input_ADDRESS_address"), "*"): Keys '*' sent to object: 'Object Repository/ADMIN/Edit Text/Bespoke/Seller Pages/Onboarding_Settings/input_ADDRESS_address'

2020-03-20 14:45:52 - [MESSAGE][PASSED] - Keys '*' sent to object: 'Object Repository/ADMIN/Edit Text/Bespoke/Seller Pages/Onboarding_Settings/input_ADDRESS_address'

2020-03-20 14:45:52 - [TEST_STEP][PASSED] - sendKeys(findTestObject("ADMIN/Edit Text/Bespoke/Seller Pages/Onboarding_Settings/input_SELECT COUNTRY_select-country"), "*"): Keys '*' sent to object: 'Object Repository/ADMIN/Edit Text/Bespoke/Seller Pages/Onboarding_Settings/input_SELECT COUNTRY_select-country'

2020-03-20 14:45:52 - [MESSAGE][PASSED] - Keys '*' sent to object: 'Object Repository/ADMIN/Edit Text/Bespoke/Seller Pages/Onboarding_Settings/input_SELECT COUNTRY_select-country'

2020-03-20 14:45:52 - [TEST_STEP][PASSED] - sendKeys(findTestObject("ADMIN/Edit Text/Bespoke/Seller Pages/Onboarding_Settings/input_COUNTRY_address-country"), "*"): Keys '*' sent to object: 'Object Repository/ADMIN/Edit Text/Bespoke/Seller Pages/Onboarding_Settings/input_COUNTRY_address-country'

2020-03-20 14:45:52 - [MESSAGE][PASSED] - Keys '*' sent to object: 'Object Repository/ADMIN/Edit Text/Bespoke/Seller Pages/Onboarding_Settings/input_COUNTRY_address-country'

2020-03-20 14:45:52 - [TEST_STEP][PASSED] - sendKeys(findTestObject("ADMIN/Edit Text/Bespoke/Seller Pages/Onboarding_Settings/input_STATE_address-state"), "*"): Keys '*' sent to object: 'Object Repository/ADMIN/Edit Text/Bespoke/Seller Pages/Onboarding_Settings/input_STATE_address-state'

2020-03-20 14:45:53 - [MESSAGE][PASSED] - Keys '*' sent to object: 'Object Repository/ADMIN/Edit Text/Bespoke/Seller Pages/Onboarding_Settings/input_STATE_address-state'

2020-03-20 14:45:53 - [TEST_STEP][PASSED] - sendKeys(findTestObject("ADMIN/Edit Text/Bespoke/Seller Pages/Onboarding_Settings/input_CITY_address-city"), "*"): Keys '*' sent to object: 'Object Repository/ADMIN/Edit Text/Bespoke/Seller Pages/Onboarding_Settings/input_CITY_address-city'

2020-03-20 14:45:53 - [MESSAGE][PASSED] - Keys '*' sent to object: 'Object Repository/ADMIN/Edit Text/Bespoke/Seller Pages/Onboarding_Settings/input_CITY_address-city'

2020-03-20 14:45:53 - [TEST_STEP][PASSED] - sendKeys(findTestObject("ADMIN/Edit Text/Bespoke/Seller Pages/Onboarding_Settings/input_POSTAL CODE_address-postalcode"), "*"): Keys '*' sent to object: 'Object Repository/ADMIN/Edit Text/Bespoke/Seller Pages/Onboarding_Settings/input_POSTAL CODE_address-postalcode'

2020-03-20 14:45:53 - [MESSAGE][PASSED] - Keys '*' sent to object: 'Object Repository/ADMIN/Edit Text/Bespoke/Seller Pages/Onboarding_Settings/input_POSTAL CODE_address-postalcode'

2020-03-20 14:45:53 - [TEST_STEP][PASSED] - sendKeys(findTestObject("ADMIN/Edit Text/Bespoke/Seller Pages/Onboarding_Settings/input_ADD ADDRESS_btn_add"), "*"): Keys '*' sent to object: 'Object Repository/ADMIN/Edit Text/Bespoke/Seller Pages/Onboarding_Settings/input_ADD ADDRESS_btn_add'

2020-03-20 14:45:53 - [MESSAGE][PASSED] - Keys '*' sent to object: 'Object Repository/ADMIN/Edit Text/Bespoke/Seller Pages/Onboarding_Settings/input_ADD ADDRESS_btn_add'

2020-03-20 14:45:53 - [TEST_STEP][PASSED] - sendKeys(findTestObject("ADMIN/Edit Text/Bespoke/Seller Pages/Onboarding_Settings/input_SAVED ADDRESSES_address-saved"), "*"): Keys '*' sent to object: 'Object Repository/ADMIN/Edit Text/Bespoke/Seller Pages/Onboarding_Settings/input_SAVED ADDRESSES_address-saved'

2020-03-20 14:45:54 - [MESSAGE][PASSED] - Keys '*' sent to object: 'Object Repository/ADMIN/Edit Text/Bespoke/Seller Pages/Onboarding_Settings/input_SAVED ADDRESSES_address-saved'

2020-03-20 14:45:54 - [TEST_STEP][PASSED] - sendKeys(findTestObject("ADMIN/Edit Text/Bespoke/Seller Pages/Onboarding_Settings/input_Next_btn_next (1)"), "*"): Keys '*' sent to object: 'Object Repository/ADMIN/Edit Text/Bespoke/Seller Pages/Onboarding_Settings/input_Next_btn_next (1)'

2020-03-20 14:45:54 - [MESSAGE][PASSED] - Keys '*' sent to object: 'Object Repository/ADMIN/Edit Text/Bespoke/Seller Pages/Onboarding_Settings/input_Next_btn_next (1)'

2020-03-20 14:45:54 - [TEST_STEP][PASSED] - sendKeys(findTestObject("ADMIN/Edit Text/Bespoke/Seller Pages/Onboarding_Settings/input_PAYMENT ACCEPTANCE_tan-title"), "*"): Keys '*' sent to object: 'Object Repository/ADMIN/Edit Text/Bespoke/Seller Pages/Onboarding_Settings/input_PAYMENT ACCEPTANCE_tan-title'

2020-03-20 14:45:54 - [MESSAGE][PASSED] - Keys '*' sent to object: 'Object Repository/ADMIN/Edit Text/Bespoke/Seller Pages/Onboarding_Settings/input_PAYMENT ACCEPTANCE_tan-title'

2020-03-20 14:45:54 - [TEST_STEP][PASSED] - sendKeys(findTestObject("ADMIN/Edit Text/Bespoke/Seller Pages/Onboarding_Settings/input_PAYMENT METHOD_payment_method"), "*"): Keys '*' sent to object: 'Object Repository/ADMIN/Edit Text/Bespoke/Seller Pages/Onboarding_Settings/input_PAYMENT METHOD_payment_method'

2020-03-20 14:45:55 - [MESSAGE][PASSED] - Keys '*' sent to object: 'Object Repository/ADMIN/Edit Text/Bespoke/Seller Pages/Onboarding_Settings/input_PAYMENT METHOD_payment_method'

2020-03-20 14:45:55 - [TEST_STEP][PASSED] - sendKeys(findTestObject("ADMIN/Edit Text/Bespoke/Seller Pages/Onboarding_Settings/input_Select your preferred payment method_select_payment_method"), "*"): Keys '*' sent to object: 'Object Repository/ADMIN/Edit Text/Bespoke/Seller Pages/Onboarding_Settings/input_Select your preferred payment method_select_payment_method'

2020-03-20 14:45:55 - [MESSAGE][PASSED] - Keys '*' sent to object: 'Object Repository/ADMIN/Edit Text/Bespoke/Seller Pages/Onboarding_Settings/input_Select your preferred payment method_select_payment_method'

2020-03-20 14:45:55 - [TEST_STEP][PASSED] - sendKeys(findTestObject("ADMIN/Edit Text/Bespoke/Seller Pages/Onboarding_Settings/input_LINK ACCOUNT_btn_link_account"), "*"): Keys '*' sent to object: 'Object Repository/ADMIN/Edit Text/Bespoke/Seller Pages/Onboarding_Settings/input_LINK ACCOUNT_btn_link_account'

2020-03-20 14:45:55 - [MESSAGE][PASSED] - Keys '*' sent to object: 'Object Repository/ADMIN/Edit Text/Bespoke/Seller Pages/Onboarding_Settings/input_LINK ACCOUNT_btn_link_account'

2020-03-20 14:45:55 - [TEST_STEP][PASSED] - sendKeys(findTestObject("ADMIN/Edit Text/Bespoke/Seller Pages/Onboarding_Settings/input_VERIFIED_verified"), "*"): Keys '*' sent to object: 'Object Repository/ADMIN/Edit Text/Bespoke/Seller Pages/Onboarding_Settings/input_VERIFIED_verified'

2020-03-20 14:45:55 - [MESSAGE][PASSED] - Keys '*' sent to object: 'Object Repository/ADMIN/Edit Text/Bespoke/Seller Pages/Onboarding_Settings/input_VERIFIED_verified'

2020-03-20 14:45:55 - [TEST_STEP][PASSED] - sendKeys(findTestObject("ADMIN/Edit Text/Bespoke/Seller Pages/Onboarding_Settings/input_This payment method is compulsory_this_method_compulsory"), "*"): Keys '*' sent to object: 'Object Repository/ADMIN/Edit Text/Bespoke/Seller Pages/Onboarding_Settings/input_This payment method is compulsory_this_method_compulsory'

2020-03-20 14:45:55 - [MESSAGE][PASSED] - Keys '*' sent to object: 'Object Repository/ADMIN/Edit Text/Bespoke/Seller Pages/Onboarding_Settings/input_This payment method is compulsory_this_method_compulsory'

2020-03-20 14:45:55 - [TEST_STEP][PASSED] - sendKeys(findTestObject("ADMIN/Edit Text/Bespoke/Seller Pages/Onboarding_Settings/input_No account linked yet_no-account-linked"), "*"): Keys '*' sent to object: 'Object Repository/ADMIN/Edit Text/Bespoke/Seller Pages/Onboarding_Settings/input_No account linked yet_no-account-linked'

2020-03-20 14:45:56 - [MESSAGE][PASSED] - Keys '*' sent to object: 'Object Repository/ADMIN/Edit Text/Bespoke/Seller Pages/Onboarding_Settings/input_No account linked yet_no-account-linked'

2020-03-20 14:45:56 - [TEST_STEP][PASSED] - sendKeys(findTestObject("ADMIN/Edit Text/Bespoke/Seller Pages/Onboarding_Settings/input_next3"), "*"): Keys '*' sent to object: 'Object Repository/ADMIN/Edit Text/Bespoke/Seller Pages/Onboarding_Settings/input_next3'

2020-03-20 14:45:56 - [MESSAGE][PASSED] - Keys '*' sent to object: 'Object Repository/ADMIN/Edit Text/Bespoke/Seller Pages/Onboarding_Settings/input_next3'

2020-03-20 14:45:56 - [TEST_STEP][PASSED] - sendKeys(findTestObject("ADMIN/Edit Text/Bespoke/Seller Pages/Onboarding_Settings/input_DELIVERY METHODS_tab-title1"), "*"): Keys '*' sent to object: 'Object Repository/ADMIN/Edit Text/Bespoke/Seller Pages/Onboarding_Settings/input_DELIVERY METHODS_tab-title1'

2020-03-20 14:45:56 - [MESSAGE][PASSED] - Keys '*' sent to object: 'Object Repository/ADMIN/Edit Text/Bespoke/Seller Pages/Onboarding_Settings/input_DELIVERY METHODS_tab-title1'

2020-03-20 14:45:56 - [TEST_STEP][PASSED] - sendKeys(findTestObject("ADMIN/Edit Text/Bespoke/Seller Pages/Onboarding_Settings/input_DELIVERY OPTIONS_delivery-option"), "*"): Keys '*' sent to object: 'Object Repository/ADMIN/Edit Text/Bespoke/Seller Pages/Onboarding_Settings/input_DELIVERY OPTIONS_delivery-option'

2020-03-20 14:45:57 - [MESSAGE][PASSED] - Keys '*' sent to object: 'Object Repository/ADMIN/Edit Text/Bespoke/Seller Pages/Onboarding_Settings/input_DELIVERY OPTIONS_delivery-option'

2020-03-20 14:45:57 - [TEST_STEP][PASSED] - sendKeys(findTestObject("ADMIN/Edit Text/Bespoke/Seller Pages/Onboarding_Settings/input_DELIVERY OPTIONS_delivery-txt2"), "*"): Keys '*' sent to object: 'Object Repository/ADMIN/Edit Text/Bespoke/Seller Pages/Onboarding_Settings/input_DELIVERY OPTIONS_delivery-txt2'

2020-03-20 14:45:57 - [MESSAGE][PASSED] - Keys '*' sent to object: 'Object Repository/ADMIN/Edit Text/Bespoke/Seller Pages/Onboarding_Settings/input_DELIVERY OPTIONS_delivery-txt2'

2020-03-20 14:45:57 - [TEST_STEP][PASSED] - sendKeys(findTestObject("ADMIN/Edit Text/Bespoke/Seller Pages/Onboarding_Settings/input_DELIVERY SERVICE_delivery-service"), "*"): Keys '*' sent to object: 'Object Repository/ADMIN/Edit Text/Bespoke/Seller Pages/Onboarding_Settings/input_DELIVERY SERVICE_delivery-service'

2020-03-20 14:45:57 - [MESSAGE][PASSED] - Keys '*' sent to object: 'Object Repository/ADMIN/Edit Text/Bespoke/Seller Pages/Onboarding_Settings/input_DELIVERY SERVICE_delivery-service'

2020-03-20 14:45:57 - [TEST_STEP][PASSED] - sendKeys(findTestObject("ADMIN/Edit Text/Bespoke/Seller Pages/Onboarding_Settings/input_SINGLE ITEM DELIVERY (A)_single-item-delivery"), "*"): Keys '*' sent to object: 'Object Repository/ADMIN/Edit Text/Bespoke/Seller Pages/Onboarding_Settings/input_SINGLE ITEM DELIVERY (A)_single-item-delivery'

2020-03-20 14:45:57 - [MESSAGE][PASSED] - Keys '*' sent to object: 'Object Repository/ADMIN/Edit Text/Bespoke/Seller Pages/Onboarding_Settings/input_SINGLE ITEM DELIVERY (A)_single-item-delivery'

2020-03-20 14:45:57 - [TEST_STEP][PASSED] - sendKeys(findTestObject("ADMIN/Edit Text/Bespoke/Seller Pages/Onboarding_Settings/input_WITH OTHER ITEM (B)_with-other-item"), "*"): Keys '*' sent to object: 'Object Repository/ADMIN/Edit Text/Bespoke/Seller Pages/Onboarding_Settings/input_WITH OTHER ITEM (B)_with-other-item'

2020-03-20 14:45:58 - [MESSAGE][PASSED] - Keys '*' sent to object: 'Object Repository/ADMIN/Edit Text/Bespoke/Seller Pages/Onboarding_Settings/input_WITH OTHER ITEM (B)_with-other-item'

2020-03-20 14:45:58 - [TEST_STEP][PASSED] - sendKeys(findTestObject("ADMIN/Edit Text/Bespoke/Seller Pages/Onboarding_Settings/input_ADD_btn_add"), "*"): Keys '*' sent to object: 'Object Repository/ADMIN/Edit Text/Bespoke/Seller Pages/Onboarding_Settings/input_ADD_btn_add'

2020-03-20 14:45:58 - [MESSAGE][PASSED] - Keys '*' sent to object: 'Object Repository/ADMIN/Edit Text/Bespoke/Seller Pages/Onboarding_Settings/input_ADD_btn_add'

2020-03-20 14:45:58 - [TEST_STEP][PASSED] - sendKeys(findTestObject("ADMIN/Edit Text/Bespoke/Seller Pages/Onboarding_Settings/input_PICK-UP LOCATIONS_pick-up-option"), "*"): Keys '*' sent to object: 'Object Repository/ADMIN/Edit Text/Bespoke/Seller Pages/Onboarding_Settings/input_PICK-UP LOCATIONS_pick-up-option'

2020-03-20 14:45:58 - [MESSAGE][PASSED] - Keys '*' sent to object: 'Object Repository/ADMIN/Edit Text/Bespoke/Seller Pages/Onboarding_Settings/input_PICK-UP LOCATIONS_pick-up-option'

2020-03-20 14:45:58 - [TEST_STEP][PASSED] - sendKeys(findTestObject("ADMIN/Edit Text/Bespoke/Seller Pages/Onboarding_Settings/textarea_Define the full address where the buyer can pick up from (You must have at least a delivery option or a pick-up location selected)"), "*"): Keys '*' sent to object: 'Object Repository/ADMIN/Edit Text/Bespoke/Seller Pages/Onboarding_Settings/textarea_Define the full address where the buyer can pick up from (You must have at least a delivery option or a pick-up location selected)'

2020-03-20 14:45:58 - [MESSAGE][PASSED] - Keys '*' sent to object: 'Object Repository/ADMIN/Edit Text/Bespoke/Seller Pages/Onboarding_Settings/textarea_Define the full address where the buyer can pick up from (You must have at least a delivery option or a pick-up location selected)'

2020-03-20 14:45:58 - [TEST_STEP][PASSED] - sendKeys(findTestObject("ADMIN/Edit Text/Bespoke/Seller Pages/Onboarding_Settings/input_Offer reduced shipping costs to buyers when they buy more than one item from you_delivery-txt2"), "*"): Keys '*' sent to object: 'Object Repository/ADMIN/Edit Text/Bespoke/Seller Pages/Onboarding_Settings/input_Offer reduced shipping costs to buyers when they buy more than one item from you_delivery-txt2'

2020-03-20 14:45:59 - [MESSAGE][PASSED] - Keys '*' sent to object: 'Object Repository/ADMIN/Edit Text/Bespoke/Seller Pages/Onboarding_Settings/input_Offer reduced shipping costs to buyers when they buy more than one item from you_delivery-txt2'

2020-03-20 14:45:59 - [TEST_STEP][PASSED] - sendKeys(findTestObject("ADMIN/Edit Text/Bespoke/Seller Pages/Onboarding_Settings/input_total delivery"), "*"): Keys '*' sent to object: 'Object Repository/ADMIN/Edit Text/Bespoke/Seller Pages/Onboarding_Settings/input_total delivery'

2020-03-20 14:45:59 - [MESSAGE][PASSED] - Keys '*' sent to object: 'Object Repository/ADMIN/Edit Text/Bespoke/Seller Pages/Onboarding_Settings/input_total delivery'

2020-03-20 14:45:59 - [TEST_STEP][PASSED] - sendKeys(findTestObject("ADMIN/Edit Text/Bespoke/Seller Pages/Onboarding_Settings/input_add1"), "*"): Keys '*' sent to object: 'Object Repository/ADMIN/Edit Text/Bespoke/Seller Pages/Onboarding_Settings/input_add1'

2020-03-20 14:45:59 - [MESSAGE][PASSED] - Keys '*' sent to object: 'Object Repository/ADMIN/Edit Text/Bespoke/Seller Pages/Onboarding_Settings/input_add1'

2020-03-20 14:45:59 - [TEST_STEP][PASSED] - sendKeys(findTestObject("ADMIN/Edit Text/Bespoke/Seller Pages/Onboarding_Settings/input_PICK-UP LOCATION ADDRESS_pick-up-address"), "*"): Keys '*' sent to object: 'Object Repository/ADMIN/Edit Text/Bespoke/Seller Pages/Onboarding_Settings/input_PICK-UP LOCATION ADDRESS_pick-up-address'

2020-03-20 14:45:59 - [MESSAGE][PASSED] - Keys '*' sent to object: 'Object Repository/ADMIN/Edit Text/Bespoke/Seller Pages/Onboarding_Settings/input_PICK-UP LOCATION ADDRESS_pick-up-address'

2020-03-20 14:45:59 - [TEST_STEP][PASSED] - sendKeys(findTestObject("ADMIN/Edit Text/Bespoke/Seller Pages/Onboarding_Settings/input_SAVE_btn_save"), "*"): Keys '*' sent to object: 'Object Repository/ADMIN/Edit Text/Bespoke/Seller Pages/Onboarding_Settings/input_SAVE_btn_save'

2020-03-20 14:46:00 - [MESSAGE][PASSED] - Keys '*' sent to object: 'Object Repository/ADMIN/Edit Text/Bespoke/Seller Pages/Onboarding_Settings/input_SAVE_btn_save'

2020-03-20 14:46:00 - [TEST_STEP][PASSED] - sendKeys(findTestObject("ADMIN/Edit Text/Bespoke/Seller Pages/Onboarding_Settings/input_Are you sure want to delete_popup-title"), "*"): Keys '*' sent to object: 'Object Repository/ADMIN/Edit Text/Bespoke/Seller Pages/Onboarding_Settings/input_Are you sure want to delete_popup-title'

2020-03-20 14:46:00 - [MESSAGE][PASSED] - Keys '*' sent to object: 'Object Repository/ADMIN/Edit Text/Bespoke/Seller Pages/Onboarding_Settings/input_Are you sure want to delete_popup-title'

2020-03-20 14:46:00 - [TEST_STEP][PASSED] - sendKeys(findTestObject("ADMIN/Edit Text/Bespoke/Seller Pages/Onboarding_Settings/input_CANCEL_btn_cancel"), "*"): Keys '*' sent to object: 'Object Repository/ADMIN/Edit Text/Bespoke/Seller Pages/Onboarding_Settings/input_CANCEL_btn_cancel'

2020-03-20 14:46:00 - [MESSAGE][PASSED] - Keys '*' sent to object: 'Object Repository/ADMIN/Edit Text/Bespoke/Seller Pages/Onboarding_Settings/input_CANCEL_btn_cancel'

2020-03-20 14:46:00 - [TEST_STEP][PASSED] - sendKeys(findTestObject("ADMIN/Edit Text/Bespoke/Seller Pages/Onboarding_Settings/input_Okay_btn_okay"), "*"): Keys '*' sent to object: 'Object Repository/ADMIN/Edit Text/Bespoke/Seller Pages/Onboarding_Settings/input_Okay_btn_okay'

2020-03-20 14:46:00 - [MESSAGE][PASSED] - Keys '*' sent to object: 'Object Repository/ADMIN/Edit Text/Bespoke/Seller Pages/Onboarding_Settings/input_Okay_btn_okay'

2020-03-20 14:46:00 - [TEST_STEP][PASSED] - sendKeys(findTestObject("ADMIN/Edit Text/Bespoke/Seller Pages/Onboarding_Settings/input_REMOVE ITEM_popup-title"), "*"): Keys '*' sent to object: 'Object Repository/ADMIN/Edit Text/Bespoke/Seller Pages/Onboarding_Settings/input_REMOVE ITEM_popup-title'

2020-03-20 14:46:01 - [MESSAGE][PASSED] - Keys '*' sent to object: 'Object Repository/ADMIN/Edit Text/Bespoke/Seller Pages/Onboarding_Settings/input_REMOVE ITEM_popup-title'

2020-03-20 14:46:01 - [TEST_STEP][PASSED] - sendKeys(findTestObject("ADMIN/Edit Text/Bespoke/Seller Pages/Onboarding_Settings/input_concat(Are you sure about removing this item from your list (It  ll be gone forever))_popup-title"), "*"): Keys '*' sent to object: 'Object Repository/ADMIN/Edit Text/Bespoke/Seller Pages/Onboarding_Settings/input_concat(Are you sure about removing this item from your list (It  ll be gone forever))_popup-title'

2020-03-20 14:46:01 - [MESSAGE][PASSED] - Keys '*' sent to object: 'Object Repository/ADMIN/Edit Text/Bespoke/Seller Pages/Onboarding_Settings/input_concat(Are you sure about removing this item from your list (It  ll be gone forever))_popup-title'

2020-03-20 14:46:01 - [TEST_STEP][PASSED] - sendKeys(findTestObject("ADMIN/Edit Text/Bespoke/Seller Pages/Onboarding_Settings/input_CANCEL_btn_cancel2"), "*"): Keys '*' sent to object: 'Object Repository/ADMIN/Edit Text/Bespoke/Seller Pages/Onboarding_Settings/input_CANCEL_btn_cancel2'

2020-03-20 14:46:01 - [MESSAGE][PASSED] - Keys '*' sent to object: 'Object Repository/ADMIN/Edit Text/Bespoke/Seller Pages/Onboarding_Settings/input_CANCEL_btn_cancel2'

2020-03-20 14:46:01 - [TEST_STEP][PASSED] - sendKeys(findTestObject("ADMIN/Edit Text/Bespoke/Seller Pages/Onboarding_Settings/input_Okay_btn_okay2"), "*"): Keys '*' sent to object: 'Object Repository/ADMIN/Edit Text/Bespoke/Seller Pages/Onboarding_Settings/input_Okay_btn_okay2'

2020-03-20 14:46:01 - [MESSAGE][PASSED] - Keys '*' sent to object: 'Object Repository/ADMIN/Edit Text/Bespoke/Seller Pages/Onboarding_Settings/input_Okay_btn_okay2'

2020-03-20 14:46:01 - [TEST_STEP][PASSED] - click(findTestObject("ADMIN/Edit Text/Bespoke/Buyer Pages/Homepage/button_save"), CONTINUE_ON_FAILURE): Object: 'Object Repository/ADMIN/Edit Text/Bespoke/Buyer Pages/Homepage/button_save' is clicked on

2020-03-20 14:46:01 - [MESSAGE][PASSED] - Object: 'Object Repository/ADMIN/Edit Text/Bespoke/Buyer Pages/Homepage/button_save' is clicked on

2020-03-20 14:46:01 - [TEST_STEP][PASSED] - waitForElementVisible(findTestObject("ADMIN/Edit Text/Bespoke/Buyer Pages/Homepage/toaster_success"), 0): Object 'Object Repository/ADMIN/Edit Text/Bespoke/Buyer Pages/Homepage/toaster_success' is visible

2020-03-20 14:46:02 - [MESSAGE][WARNING] - Timeout '0' is invalid. Using default page load timeout: '30'

2020-03-20 14:46:02 - [MESSAGE][PASSED] - Object 'Object Repository/ADMIN/Edit Text/Bespoke/Buyer Pages/Homepage/toaster_success' is visible]]></system-out>
         <system-err><![CDATA[]]></system-err>
      </testcase>
      <testcase name="Test Cases/ADMIN/Language/Edit Text/Bespoke/Seller/Onboarding_Settings" time="14.792" classname="Test Cases/ADMIN/Language/Edit Text/Bespoke/Seller/Onboarding_Settings" status="PASSED">
         <system-out><![CDATA[2020-03-20 14:46:02 - [TEST_CASE][PASSED] - Test Cases/ADMIN/Language/Edit Text/Bespoke/Seller/Onboarding_Settings: Test Cases/ADMIN/Language/Edit Text/Bespoke/Seller/Onboarding_Settings

2020-03-20 14:46:02 - [TEST_STEP][PASSED] - waitForElementVisible(findTestObject("ADMIN/Edit Text/Bespoke/Buyer Navigation/dd_language"), 0): Object 'Object Repository/ADMIN/Edit Text/Bespoke/Buyer Navigation/dd_language' is visible

2020-03-20 14:46:02 - [MESSAGE][WARNING] - Timeout '0' is invalid. Using default page load timeout: '30'

2020-03-20 14:46:02 - [MESSAGE][PASSED] - Object 'Object Repository/ADMIN/Edit Text/Bespoke/Buyer Navigation/dd_language' is visible

2020-03-20 14:46:02 - [TEST_STEP][PASSED] - selectOptionByLabel(findTestObject("ADMIN/Edit Text/Bespoke/Buyer Navigation/dd_language"), varLanguage, false): All options with label 'Chinese (Traditional)' are selected in object 'Object Repository/ADMIN/Edit Text/Bespoke/Buyer Navigation/dd_language' 

2020-03-20 14:46:04 - [MESSAGE][PASSED] - All options with label 'Chinese (Traditional)' are selected in object 'Object Repository/ADMIN/Edit Text/Bespoke/Buyer Navigation/dd_language' 

2020-03-20 14:46:04 - [TEST_STEP][PASSED] - sendKeys(findTestObject("ADMIN/Edit Text/Bespoke/Seller Pages/Onboarding_Settings/input_USER SETTINGS_marketplace-name"), "*"): Keys '*' sent to object: 'Object Repository/ADMIN/Edit Text/Bespoke/Seller Pages/Onboarding_Settings/input_USER SETTINGS_marketplace-name'

2020-03-20 14:46:04 - [MESSAGE][PASSED] - Keys '*' sent to object: 'Object Repository/ADMIN/Edit Text/Bespoke/Seller Pages/Onboarding_Settings/input_USER SETTINGS_marketplace-name'

2020-03-20 14:46:04 - [TEST_STEP][PASSED] - sendKeys(findTestObject("ADMIN/Edit Text/Bespoke/Seller Pages/Onboarding_Settings/input_Configure your profile your delivery methods and how you receive payments_item_details"), "*"): Keys '*' sent to object: 'Object Repository/ADMIN/Edit Text/Bespoke/Seller Pages/Onboarding_Settings/input_Configure your profile your delivery methods and how you receive payments_item_details'

2020-03-20 14:46:04 - [MESSAGE][PASSED] - Keys '*' sent to object: 'Object Repository/ADMIN/Edit Text/Bespoke/Seller Pages/Onboarding_Settings/input_Configure your profile your delivery methods and how you receive payments_item_details'

2020-03-20 14:46:04 - [TEST_STEP][PASSED] - sendKeys(findTestObject("ADMIN/Edit Text/Bespoke/Seller Pages/Onboarding_Settings/input_PROFILE_tab-title"), "*"): Keys '*' sent to object: 'Object Repository/ADMIN/Edit Text/Bespoke/Seller Pages/Onboarding_Settings/input_PROFILE_tab-title'

2020-03-20 14:46:05 - [MESSAGE][PASSED] - Keys '*' sent to object: 'Object Repository/ADMIN/Edit Text/Bespoke/Seller Pages/Onboarding_Settings/input_PROFILE_tab-title'

2020-03-20 14:46:05 - [TEST_STEP][PASSED] - sendKeys(findTestObject("ADMIN/Edit Text/Bespoke/Seller Pages/Onboarding_Settings/input_CHANGE_btn_upload"), "*"): Keys '*' sent to object: 'Object Repository/ADMIN/Edit Text/Bespoke/Seller Pages/Onboarding_Settings/input_CHANGE_btn_upload'

2020-03-20 14:46:05 - [MESSAGE][PASSED] - Keys '*' sent to object: 'Object Repository/ADMIN/Edit Text/Bespoke/Seller Pages/Onboarding_Settings/input_CHANGE_btn_upload'

2020-03-20 14:46:05 - [TEST_STEP][PASSED] - sendKeys(findTestObject("ADMIN/Edit Text/Bespoke/Seller Pages/Onboarding_Settings/input_DISPLAY NAME_display-name"), "*"): Keys '*' sent to object: 'Object Repository/ADMIN/Edit Text/Bespoke/Seller Pages/Onboarding_Settings/input_DISPLAY NAME_display-name'

2020-03-20 14:46:05 - [MESSAGE][PASSED] - Keys '*' sent to object: 'Object Repository/ADMIN/Edit Text/Bespoke/Seller Pages/Onboarding_Settings/input_DISPLAY NAME_display-name'

2020-03-20 14:46:05 - [TEST_STEP][PASSED] - sendKeys(findTestObject("ADMIN/Edit Text/Bespoke/Seller Pages/Onboarding_Settings/input_DESCRIPTION_description"), "*"): Keys '*' sent to object: 'Object Repository/ADMIN/Edit Text/Bespoke/Seller Pages/Onboarding_Settings/input_DESCRIPTION_description'

2020-03-20 14:46:05 - [MESSAGE][PASSED] - Keys '*' sent to object: 'Object Repository/ADMIN/Edit Text/Bespoke/Seller Pages/Onboarding_Settings/input_DESCRIPTION_description'

2020-03-20 14:46:05 - [TEST_STEP][PASSED] - sendKeys(findTestObject("ADMIN/Edit Text/Bespoke/Seller Pages/Onboarding_Settings/input_FIRST NAME_first-name"), "*"): Keys '*' sent to object: 'Object Repository/ADMIN/Edit Text/Bespoke/Seller Pages/Onboarding_Settings/input_FIRST NAME_first-name'

2020-03-20 14:46:06 - [MESSAGE][PASSED] - Keys '*' sent to object: 'Object Repository/ADMIN/Edit Text/Bespoke/Seller Pages/Onboarding_Settings/input_FIRST NAME_first-name'

2020-03-20 14:46:06 - [TEST_STEP][PASSED] - sendKeys(findTestObject("ADMIN/Edit Text/Bespoke/Seller Pages/Onboarding_Settings/input_LAST NAME_last-name"), "*"): Keys '*' sent to object: 'Object Repository/ADMIN/Edit Text/Bespoke/Seller Pages/Onboarding_Settings/input_LAST NAME_last-name'

2020-03-20 14:46:06 - [MESSAGE][PASSED] - Keys '*' sent to object: 'Object Repository/ADMIN/Edit Text/Bespoke/Seller Pages/Onboarding_Settings/input_LAST NAME_last-name'

2020-03-20 14:46:06 - [TEST_STEP][PASSED] - sendKeys(findTestObject("ADMIN/Edit Text/Bespoke/Seller Pages/Onboarding_Settings/input_NOTIFICATION EMAIL_notification-email"), "*"): Keys '*' sent to object: 'Object Repository/ADMIN/Edit Text/Bespoke/Seller Pages/Onboarding_Settings/input_NOTIFICATION EMAIL_notification-email'

2020-03-20 14:46:06 - [MESSAGE][PASSED] - Keys '*' sent to object: 'Object Repository/ADMIN/Edit Text/Bespoke/Seller Pages/Onboarding_Settings/input_NOTIFICATION EMAIL_notification-email'

2020-03-20 14:46:06 - [TEST_STEP][PASSED] - sendKeys(findTestObject("ADMIN/Edit Text/Bespoke/Seller Pages/Onboarding_Settings/input_CONTACT NUMBER_contact-number"), "*"): Keys '*' sent to object: 'Object Repository/ADMIN/Edit Text/Bespoke/Seller Pages/Onboarding_Settings/input_CONTACT NUMBER_contact-number'

2020-03-20 14:46:06 - [MESSAGE][PASSED] - Keys '*' sent to object: 'Object Repository/ADMIN/Edit Text/Bespoke/Seller Pages/Onboarding_Settings/input_CONTACT NUMBER_contact-number'

2020-03-20 14:46:06 - [TEST_STEP][PASSED] - sendKeys(findTestObject("ADMIN/Edit Text/Bespoke/Seller Pages/Onboarding_Settings/input_OPENID LOGIN_open-id-login"), "*"): Keys '*' sent to object: 'Object Repository/ADMIN/Edit Text/Bespoke/Seller Pages/Onboarding_Settings/input_OPENID LOGIN_open-id-login'

2020-03-20 14:46:06 - [MESSAGE][PASSED] - Keys '*' sent to object: 'Object Repository/ADMIN/Edit Text/Bespoke/Seller Pages/Onboarding_Settings/input_OPENID LOGIN_open-id-login'

2020-03-20 14:46:06 - [TEST_STEP][PASSED] - sendKeys(findTestObject("ADMIN/Edit Text/Bespoke/Seller Pages/Onboarding_Settings/input_SELLER LOCATION_seller_location"), "*"): Keys '*' sent to object: 'Object Repository/ADMIN/Edit Text/Bespoke/Seller Pages/Onboarding_Settings/input_SELLER LOCATION_seller_location'

2020-03-20 14:46:07 - [MESSAGE][PASSED] - Keys '*' sent to object: 'Object Repository/ADMIN/Edit Text/Bespoke/Seller Pages/Onboarding_Settings/input_SELLER LOCATION_seller_location'

2020-03-20 14:46:07 - [TEST_STEP][PASSED] - sendKeys(findTestObject("ADMIN/Edit Text/Bespoke/Seller Pages/Onboarding_Settings/textarea_For each transaction that is made through the marketplace there will be a seller transaction fee of"), "*"): Keys '*' sent to object: 'Object Repository/ADMIN/Edit Text/Bespoke/Seller Pages/Onboarding_Settings/textarea_For each transaction that is made through the marketplace there will be a seller transaction fee of'

2020-03-20 14:46:07 - [MESSAGE][PASSED] - Keys '*' sent to object: 'Object Repository/ADMIN/Edit Text/Bespoke/Seller Pages/Onboarding_Settings/textarea_For each transaction that is made through the marketplace there will be a seller transaction fee of'

2020-03-20 14:46:07 - [TEST_STEP][PASSED] - sendKeys(findTestObject("ADMIN/Edit Text/Bespoke/Seller Pages/Onboarding_Settings/input_NEXT_btn_next"), "*"): Keys '*' sent to object: 'Object Repository/ADMIN/Edit Text/Bespoke/Seller Pages/Onboarding_Settings/input_NEXT_btn_next'

2020-03-20 14:46:07 - [MESSAGE][PASSED] - Keys '*' sent to object: 'Object Repository/ADMIN/Edit Text/Bespoke/Seller Pages/Onboarding_Settings/input_NEXT_btn_next'

2020-03-20 14:46:07 - [TEST_STEP][PASSED] - sendKeys(findTestObject("ADMIN/Edit Text/Bespoke/Seller Pages/Onboarding_Settings/input_ADDRESS_tab-title"), "*"): Keys '*' sent to object: 'Object Repository/ADMIN/Edit Text/Bespoke/Seller Pages/Onboarding_Settings/input_ADDRESS_tab-title'

2020-03-20 14:46:07 - [MESSAGE][PASSED] - Keys '*' sent to object: 'Object Repository/ADMIN/Edit Text/Bespoke/Seller Pages/Onboarding_Settings/input_ADDRESS_tab-title'

2020-03-20 14:46:07 - [TEST_STEP][PASSED] - sendKeys(findTestObject("ADMIN/Edit Text/Bespoke/Seller Pages/Onboarding_Settings/input_NEW DELIVERY ADDRESS_new-delivery-address"), "*"): Keys '*' sent to object: 'Object Repository/ADMIN/Edit Text/Bespoke/Seller Pages/Onboarding_Settings/input_NEW DELIVERY ADDRESS_new-delivery-address'

2020-03-20 14:46:08 - [MESSAGE][PASSED] - Keys '*' sent to object: 'Object Repository/ADMIN/Edit Text/Bespoke/Seller Pages/Onboarding_Settings/input_NEW DELIVERY ADDRESS_new-delivery-address'

2020-03-20 14:46:08 - [TEST_STEP][PASSED] - sendKeys(findTestObject("ADMIN/Edit Text/Bespoke/Seller Pages/Onboarding_Settings/input_ADDRESSEE FIRST NAME_addressee-first-name"), "*"): Keys '*' sent to object: 'Object Repository/ADMIN/Edit Text/Bespoke/Seller Pages/Onboarding_Settings/input_ADDRESSEE FIRST NAME_addressee-first-name'

2020-03-20 14:46:08 - [MESSAGE][PASSED] - Keys '*' sent to object: 'Object Repository/ADMIN/Edit Text/Bespoke/Seller Pages/Onboarding_Settings/input_ADDRESSEE FIRST NAME_addressee-first-name'

2020-03-20 14:46:08 - [TEST_STEP][PASSED] - sendKeys(findTestObject("ADMIN/Edit Text/Bespoke/Seller Pages/Onboarding_Settings/input_ADDRESSEE LAST NAME_addressee-last-name"), "*"): Keys '*' sent to object: 'Object Repository/ADMIN/Edit Text/Bespoke/Seller Pages/Onboarding_Settings/input_ADDRESSEE LAST NAME_addressee-last-name'

2020-03-20 14:46:08 - [MESSAGE][PASSED] - Keys '*' sent to object: 'Object Repository/ADMIN/Edit Text/Bespoke/Seller Pages/Onboarding_Settings/input_ADDRESSEE LAST NAME_addressee-last-name'

2020-03-20 14:46:08 - [TEST_STEP][PASSED] - sendKeys(findTestObject("ADMIN/Edit Text/Bespoke/Seller Pages/Onboarding_Settings/input_ADDRESS_address"), "*"): Keys '*' sent to object: 'Object Repository/ADMIN/Edit Text/Bespoke/Seller Pages/Onboarding_Settings/input_ADDRESS_address'

2020-03-20 14:46:08 - [MESSAGE][PASSED] - Keys '*' sent to object: 'Object Repository/ADMIN/Edit Text/Bespoke/Seller Pages/Onboarding_Settings/input_ADDRESS_address'

2020-03-20 14:46:08 - [TEST_STEP][PASSED] - sendKeys(findTestObject("ADMIN/Edit Text/Bespoke/Seller Pages/Onboarding_Settings/input_SELECT COUNTRY_select-country"), "*"): Keys '*' sent to object: 'Object Repository/ADMIN/Edit Text/Bespoke/Seller Pages/Onboarding_Settings/input_SELECT COUNTRY_select-country'

2020-03-20 14:46:08 - [MESSAGE][PASSED] - Keys '*' sent to object: 'Object Repository/ADMIN/Edit Text/Bespoke/Seller Pages/Onboarding_Settings/input_SELECT COUNTRY_select-country'

2020-03-20 14:46:08 - [TEST_STEP][PASSED] - sendKeys(findTestObject("ADMIN/Edit Text/Bespoke/Seller Pages/Onboarding_Settings/input_COUNTRY_address-country"), "*"): Keys '*' sent to object: 'Object Repository/ADMIN/Edit Text/Bespoke/Seller Pages/Onboarding_Settings/input_COUNTRY_address-country'

2020-03-20 14:46:08 - [MESSAGE][PASSED] - Keys '*' sent to object: 'Object Repository/ADMIN/Edit Text/Bespoke/Seller Pages/Onboarding_Settings/input_COUNTRY_address-country'

2020-03-20 14:46:08 - [TEST_STEP][PASSED] - sendKeys(findTestObject("ADMIN/Edit Text/Bespoke/Seller Pages/Onboarding_Settings/input_STATE_address-state"), "*"): Keys '*' sent to object: 'Object Repository/ADMIN/Edit Text/Bespoke/Seller Pages/Onboarding_Settings/input_STATE_address-state'

2020-03-20 14:46:09 - [MESSAGE][PASSED] - Keys '*' sent to object: 'Object Repository/ADMIN/Edit Text/Bespoke/Seller Pages/Onboarding_Settings/input_STATE_address-state'

2020-03-20 14:46:09 - [TEST_STEP][PASSED] - sendKeys(findTestObject("ADMIN/Edit Text/Bespoke/Seller Pages/Onboarding_Settings/input_CITY_address-city"), "*"): Keys '*' sent to object: 'Object Repository/ADMIN/Edit Text/Bespoke/Seller Pages/Onboarding_Settings/input_CITY_address-city'

2020-03-20 14:46:09 - [MESSAGE][PASSED] - Keys '*' sent to object: 'Object Repository/ADMIN/Edit Text/Bespoke/Seller Pages/Onboarding_Settings/input_CITY_address-city'

2020-03-20 14:46:09 - [TEST_STEP][PASSED] - sendKeys(findTestObject("ADMIN/Edit Text/Bespoke/Seller Pages/Onboarding_Settings/input_POSTAL CODE_address-postalcode"), "*"): Keys '*' sent to object: 'Object Repository/ADMIN/Edit Text/Bespoke/Seller Pages/Onboarding_Settings/input_POSTAL CODE_address-postalcode'

2020-03-20 14:46:09 - [MESSAGE][PASSED] - Keys '*' sent to object: 'Object Repository/ADMIN/Edit Text/Bespoke/Seller Pages/Onboarding_Settings/input_POSTAL CODE_address-postalcode'

2020-03-20 14:46:09 - [TEST_STEP][PASSED] - sendKeys(findTestObject("ADMIN/Edit Text/Bespoke/Seller Pages/Onboarding_Settings/input_ADD ADDRESS_btn_add"), "*"): Keys '*' sent to object: 'Object Repository/ADMIN/Edit Text/Bespoke/Seller Pages/Onboarding_Settings/input_ADD ADDRESS_btn_add'

2020-03-20 14:46:09 - [MESSAGE][PASSED] - Keys '*' sent to object: 'Object Repository/ADMIN/Edit Text/Bespoke/Seller Pages/Onboarding_Settings/input_ADD ADDRESS_btn_add'

2020-03-20 14:46:09 - [TEST_STEP][PASSED] - sendKeys(findTestObject("ADMIN/Edit Text/Bespoke/Seller Pages/Onboarding_Settings/input_SAVED ADDRESSES_address-saved"), "*"): Keys '*' sent to object: 'Object Repository/ADMIN/Edit Text/Bespoke/Seller Pages/Onboarding_Settings/input_SAVED ADDRESSES_address-saved'

2020-03-20 14:46:10 - [MESSAGE][PASSED] - Keys '*' sent to object: 'Object Repository/ADMIN/Edit Text/Bespoke/Seller Pages/Onboarding_Settings/input_SAVED ADDRESSES_address-saved'

2020-03-20 14:46:10 - [TEST_STEP][PASSED] - sendKeys(findTestObject("ADMIN/Edit Text/Bespoke/Seller Pages/Onboarding_Settings/input_Next_btn_next (1)"), "*"): Keys '*' sent to object: 'Object Repository/ADMIN/Edit Text/Bespoke/Seller Pages/Onboarding_Settings/input_Next_btn_next (1)'

2020-03-20 14:46:10 - [MESSAGE][PASSED] - Keys '*' sent to object: 'Object Repository/ADMIN/Edit Text/Bespoke/Seller Pages/Onboarding_Settings/input_Next_btn_next (1)'

2020-03-20 14:46:10 - [TEST_STEP][PASSED] - sendKeys(findTestObject("ADMIN/Edit Text/Bespoke/Seller Pages/Onboarding_Settings/input_PAYMENT ACCEPTANCE_tan-title"), "*"): Keys '*' sent to object: 'Object Repository/ADMIN/Edit Text/Bespoke/Seller Pages/Onboarding_Settings/input_PAYMENT ACCEPTANCE_tan-title'

2020-03-20 14:46:10 - [MESSAGE][PASSED] - Keys '*' sent to object: 'Object Repository/ADMIN/Edit Text/Bespoke/Seller Pages/Onboarding_Settings/input_PAYMENT ACCEPTANCE_tan-title'

2020-03-20 14:46:10 - [TEST_STEP][PASSED] - sendKeys(findTestObject("ADMIN/Edit Text/Bespoke/Seller Pages/Onboarding_Settings/input_PAYMENT METHOD_payment_method"), "*"): Keys '*' sent to object: 'Object Repository/ADMIN/Edit Text/Bespoke/Seller Pages/Onboarding_Settings/input_PAYMENT METHOD_payment_method'

2020-03-20 14:46:10 - [MESSAGE][PASSED] - Keys '*' sent to object: 'Object Repository/ADMIN/Edit Text/Bespoke/Seller Pages/Onboarding_Settings/input_PAYMENT METHOD_payment_method'

2020-03-20 14:46:10 - [TEST_STEP][PASSED] - sendKeys(findTestObject("ADMIN/Edit Text/Bespoke/Seller Pages/Onboarding_Settings/input_Select your preferred payment method_select_payment_method"), "*"): Keys '*' sent to object: 'Object Repository/ADMIN/Edit Text/Bespoke/Seller Pages/Onboarding_Settings/input_Select your preferred payment method_select_payment_method'

2020-03-20 14:46:10 - [MESSAGE][PASSED] - Keys '*' sent to object: 'Object Repository/ADMIN/Edit Text/Bespoke/Seller Pages/Onboarding_Settings/input_Select your preferred payment method_select_payment_method'

2020-03-20 14:46:10 - [TEST_STEP][PASSED] - sendKeys(findTestObject("ADMIN/Edit Text/Bespoke/Seller Pages/Onboarding_Settings/input_LINK ACCOUNT_btn_link_account"), "*"): Keys '*' sent to object: 'Object Repository/ADMIN/Edit Text/Bespoke/Seller Pages/Onboarding_Settings/input_LINK ACCOUNT_btn_link_account'

2020-03-20 14:46:10 - [MESSAGE][PASSED] - Keys '*' sent to object: 'Object Repository/ADMIN/Edit Text/Bespoke/Seller Pages/Onboarding_Settings/input_LINK ACCOUNT_btn_link_account'

2020-03-20 14:46:10 - [TEST_STEP][PASSED] - sendKeys(findTestObject("ADMIN/Edit Text/Bespoke/Seller Pages/Onboarding_Settings/input_VERIFIED_verified"), "*"): Keys '*' sent to object: 'Object Repository/ADMIN/Edit Text/Bespoke/Seller Pages/Onboarding_Settings/input_VERIFIED_verified'

2020-03-20 14:46:11 - [MESSAGE][PASSED] - Keys '*' sent to object: 'Object Repository/ADMIN/Edit Text/Bespoke/Seller Pages/Onboarding_Settings/input_VERIFIED_verified'

2020-03-20 14:46:11 - [TEST_STEP][PASSED] - sendKeys(findTestObject("ADMIN/Edit Text/Bespoke/Seller Pages/Onboarding_Settings/input_This payment method is compulsory_this_method_compulsory"), "*"): Keys '*' sent to object: 'Object Repository/ADMIN/Edit Text/Bespoke/Seller Pages/Onboarding_Settings/input_This payment method is compulsory_this_method_compulsory'

2020-03-20 14:46:11 - [MESSAGE][PASSED] - Keys '*' sent to object: 'Object Repository/ADMIN/Edit Text/Bespoke/Seller Pages/Onboarding_Settings/input_This payment method is compulsory_this_method_compulsory'

2020-03-20 14:46:11 - [TEST_STEP][PASSED] - sendKeys(findTestObject("ADMIN/Edit Text/Bespoke/Seller Pages/Onboarding_Settings/input_No account linked yet_no-account-linked"), "*"): Keys '*' sent to object: 'Object Repository/ADMIN/Edit Text/Bespoke/Seller Pages/Onboarding_Settings/input_No account linked yet_no-account-linked'

2020-03-20 14:46:11 - [MESSAGE][PASSED] - Keys '*' sent to object: 'Object Repository/ADMIN/Edit Text/Bespoke/Seller Pages/Onboarding_Settings/input_No account linked yet_no-account-linked'

2020-03-20 14:46:11 - [TEST_STEP][PASSED] - sendKeys(findTestObject("ADMIN/Edit Text/Bespoke/Seller Pages/Onboarding_Settings/input_next3"), "*"): Keys '*' sent to object: 'Object Repository/ADMIN/Edit Text/Bespoke/Seller Pages/Onboarding_Settings/input_next3'

2020-03-20 14:46:11 - [MESSAGE][PASSED] - Keys '*' sent to object: 'Object Repository/ADMIN/Edit Text/Bespoke/Seller Pages/Onboarding_Settings/input_next3'

2020-03-20 14:46:11 - [TEST_STEP][PASSED] - sendKeys(findTestObject("ADMIN/Edit Text/Bespoke/Seller Pages/Onboarding_Settings/input_DELIVERY METHODS_tab-title1"), "*"): Keys '*' sent to object: 'Object Repository/ADMIN/Edit Text/Bespoke/Seller Pages/Onboarding_Settings/input_DELIVERY METHODS_tab-title1'

2020-03-20 14:46:12 - [MESSAGE][PASSED] - Keys '*' sent to object: 'Object Repository/ADMIN/Edit Text/Bespoke/Seller Pages/Onboarding_Settings/input_DELIVERY METHODS_tab-title1'

2020-03-20 14:46:12 - [TEST_STEP][PASSED] - sendKeys(findTestObject("ADMIN/Edit Text/Bespoke/Seller Pages/Onboarding_Settings/input_DELIVERY OPTIONS_delivery-option"), "*"): Keys '*' sent to object: 'Object Repository/ADMIN/Edit Text/Bespoke/Seller Pages/Onboarding_Settings/input_DELIVERY OPTIONS_delivery-option'

2020-03-20 14:46:12 - [MESSAGE][PASSED] - Keys '*' sent to object: 'Object Repository/ADMIN/Edit Text/Bespoke/Seller Pages/Onboarding_Settings/input_DELIVERY OPTIONS_delivery-option'

2020-03-20 14:46:12 - [TEST_STEP][PASSED] - sendKeys(findTestObject("ADMIN/Edit Text/Bespoke/Seller Pages/Onboarding_Settings/input_DELIVERY OPTIONS_delivery-txt2"), "*"): Keys '*' sent to object: 'Object Repository/ADMIN/Edit Text/Bespoke/Seller Pages/Onboarding_Settings/input_DELIVERY OPTIONS_delivery-txt2'

2020-03-20 14:46:12 - [MESSAGE][PASSED] - Keys '*' sent to object: 'Object Repository/ADMIN/Edit Text/Bespoke/Seller Pages/Onboarding_Settings/input_DELIVERY OPTIONS_delivery-txt2'

2020-03-20 14:46:12 - [TEST_STEP][PASSED] - sendKeys(findTestObject("ADMIN/Edit Text/Bespoke/Seller Pages/Onboarding_Settings/input_DELIVERY SERVICE_delivery-service"), "*"): Keys '*' sent to object: 'Object Repository/ADMIN/Edit Text/Bespoke/Seller Pages/Onboarding_Settings/input_DELIVERY SERVICE_delivery-service'

2020-03-20 14:46:12 - [MESSAGE][PASSED] - Keys '*' sent to object: 'Object Repository/ADMIN/Edit Text/Bespoke/Seller Pages/Onboarding_Settings/input_DELIVERY SERVICE_delivery-service'

2020-03-20 14:46:12 - [TEST_STEP][PASSED] - sendKeys(findTestObject("ADMIN/Edit Text/Bespoke/Seller Pages/Onboarding_Settings/input_SINGLE ITEM DELIVERY (A)_single-item-delivery"), "*"): Keys '*' sent to object: 'Object Repository/ADMIN/Edit Text/Bespoke/Seller Pages/Onboarding_Settings/input_SINGLE ITEM DELIVERY (A)_single-item-delivery'

2020-03-20 14:46:13 - [MESSAGE][PASSED] - Keys '*' sent to object: 'Object Repository/ADMIN/Edit Text/Bespoke/Seller Pages/Onboarding_Settings/input_SINGLE ITEM DELIVERY (A)_single-item-delivery'

2020-03-20 14:46:13 - [TEST_STEP][PASSED] - sendKeys(findTestObject("ADMIN/Edit Text/Bespoke/Seller Pages/Onboarding_Settings/input_WITH OTHER ITEM (B)_with-other-item"), "*"): Keys '*' sent to object: 'Object Repository/ADMIN/Edit Text/Bespoke/Seller Pages/Onboarding_Settings/input_WITH OTHER ITEM (B)_with-other-item'

2020-03-20 14:46:13 - [MESSAGE][PASSED] - Keys '*' sent to object: 'Object Repository/ADMIN/Edit Text/Bespoke/Seller Pages/Onboarding_Settings/input_WITH OTHER ITEM (B)_with-other-item'

2020-03-20 14:46:13 - [TEST_STEP][PASSED] - sendKeys(findTestObject("ADMIN/Edit Text/Bespoke/Seller Pages/Onboarding_Settings/input_ADD_btn_add"), "*"): Keys '*' sent to object: 'Object Repository/ADMIN/Edit Text/Bespoke/Seller Pages/Onboarding_Settings/input_ADD_btn_add'

2020-03-20 14:46:13 - [MESSAGE][PASSED] - Keys '*' sent to object: 'Object Repository/ADMIN/Edit Text/Bespoke/Seller Pages/Onboarding_Settings/input_ADD_btn_add'

2020-03-20 14:46:13 - [TEST_STEP][PASSED] - sendKeys(findTestObject("ADMIN/Edit Text/Bespoke/Seller Pages/Onboarding_Settings/input_PICK-UP LOCATIONS_pick-up-option"), "*"): Keys '*' sent to object: 'Object Repository/ADMIN/Edit Text/Bespoke/Seller Pages/Onboarding_Settings/input_PICK-UP LOCATIONS_pick-up-option'

2020-03-20 14:46:13 - [MESSAGE][PASSED] - Keys '*' sent to object: 'Object Repository/ADMIN/Edit Text/Bespoke/Seller Pages/Onboarding_Settings/input_PICK-UP LOCATIONS_pick-up-option'

2020-03-20 14:46:13 - [TEST_STEP][PASSED] - sendKeys(findTestObject("ADMIN/Edit Text/Bespoke/Seller Pages/Onboarding_Settings/textarea_Define the full address where the buyer can pick up from (You must have at least a delivery option or a pick-up location selected)"), "*"): Keys '*' sent to object: 'Object Repository/ADMIN/Edit Text/Bespoke/Seller Pages/Onboarding_Settings/textarea_Define the full address where the buyer can pick up from (You must have at least a delivery option or a pick-up location selected)'

2020-03-20 14:46:13 - [MESSAGE][PASSED] - Keys '*' sent to object: 'Object Repository/ADMIN/Edit Text/Bespoke/Seller Pages/Onboarding_Settings/textarea_Define the full address where the buyer can pick up from (You must have at least a delivery option or a pick-up location selected)'

2020-03-20 14:46:13 - [TEST_STEP][PASSED] - sendKeys(findTestObject("ADMIN/Edit Text/Bespoke/Seller Pages/Onboarding_Settings/input_Offer reduced shipping costs to buyers when they buy more than one item from you_delivery-txt2"), "*"): Keys '*' sent to object: 'Object Repository/ADMIN/Edit Text/Bespoke/Seller Pages/Onboarding_Settings/input_Offer reduced shipping costs to buyers when they buy more than one item from you_delivery-txt2'

2020-03-20 14:46:13 - [MESSAGE][PASSED] - Keys '*' sent to object: 'Object Repository/ADMIN/Edit Text/Bespoke/Seller Pages/Onboarding_Settings/input_Offer reduced shipping costs to buyers when they buy more than one item from you_delivery-txt2'

2020-03-20 14:46:13 - [TEST_STEP][PASSED] - sendKeys(findTestObject("ADMIN/Edit Text/Bespoke/Seller Pages/Onboarding_Settings/input_total delivery"), "*"): Keys '*' sent to object: 'Object Repository/ADMIN/Edit Text/Bespoke/Seller Pages/Onboarding_Settings/input_total delivery'

2020-03-20 14:46:14 - [MESSAGE][PASSED] - Keys '*' sent to object: 'Object Repository/ADMIN/Edit Text/Bespoke/Seller Pages/Onboarding_Settings/input_total delivery'

2020-03-20 14:46:14 - [TEST_STEP][PASSED] - sendKeys(findTestObject("ADMIN/Edit Text/Bespoke/Seller Pages/Onboarding_Settings/input_add1"), "*"): Keys '*' sent to object: 'Object Repository/ADMIN/Edit Text/Bespoke/Seller Pages/Onboarding_Settings/input_add1'

2020-03-20 14:46:14 - [MESSAGE][PASSED] - Keys '*' sent to object: 'Object Repository/ADMIN/Edit Text/Bespoke/Seller Pages/Onboarding_Settings/input_add1'

2020-03-20 14:46:14 - [TEST_STEP][PASSED] - sendKeys(findTestObject("ADMIN/Edit Text/Bespoke/Seller Pages/Onboarding_Settings/input_PICK-UP LOCATION ADDRESS_pick-up-address"), "*"): Keys '*' sent to object: 'Object Repository/ADMIN/Edit Text/Bespoke/Seller Pages/Onboarding_Settings/input_PICK-UP LOCATION ADDRESS_pick-up-address'

2020-03-20 14:46:14 - [MESSAGE][PASSED] - Keys '*' sent to object: 'Object Repository/ADMIN/Edit Text/Bespoke/Seller Pages/Onboarding_Settings/input_PICK-UP LOCATION ADDRESS_pick-up-address'

2020-03-20 14:46:14 - [TEST_STEP][PASSED] - sendKeys(findTestObject("ADMIN/Edit Text/Bespoke/Seller Pages/Onboarding_Settings/input_SAVE_btn_save"), "*"): Keys '*' sent to object: 'Object Repository/ADMIN/Edit Text/Bespoke/Seller Pages/Onboarding_Settings/input_SAVE_btn_save'

2020-03-20 14:46:14 - [MESSAGE][PASSED] - Keys '*' sent to object: 'Object Repository/ADMIN/Edit Text/Bespoke/Seller Pages/Onboarding_Settings/input_SAVE_btn_save'

2020-03-20 14:46:14 - [TEST_STEP][PASSED] - sendKeys(findTestObject("ADMIN/Edit Text/Bespoke/Seller Pages/Onboarding_Settings/input_Are you sure want to delete_popup-title"), "*"): Keys '*' sent to object: 'Object Repository/ADMIN/Edit Text/Bespoke/Seller Pages/Onboarding_Settings/input_Are you sure want to delete_popup-title'

2020-03-20 14:46:14 - [MESSAGE][PASSED] - Keys '*' sent to object: 'Object Repository/ADMIN/Edit Text/Bespoke/Seller Pages/Onboarding_Settings/input_Are you sure want to delete_popup-title'

2020-03-20 14:46:14 - [TEST_STEP][PASSED] - sendKeys(findTestObject("ADMIN/Edit Text/Bespoke/Seller Pages/Onboarding_Settings/input_CANCEL_btn_cancel"), "*"): Keys '*' sent to object: 'Object Repository/ADMIN/Edit Text/Bespoke/Seller Pages/Onboarding_Settings/input_CANCEL_btn_cancel'

2020-03-20 14:46:15 - [MESSAGE][PASSED] - Keys '*' sent to object: 'Object Repository/ADMIN/Edit Text/Bespoke/Seller Pages/Onboarding_Settings/input_CANCEL_btn_cancel'

2020-03-20 14:46:15 - [TEST_STEP][PASSED] - sendKeys(findTestObject("ADMIN/Edit Text/Bespoke/Seller Pages/Onboarding_Settings/input_Okay_btn_okay"), "*"): Keys '*' sent to object: 'Object Repository/ADMIN/Edit Text/Bespoke/Seller Pages/Onboarding_Settings/input_Okay_btn_okay'

2020-03-20 14:46:15 - [MESSAGE][PASSED] - Keys '*' sent to object: 'Object Repository/ADMIN/Edit Text/Bespoke/Seller Pages/Onboarding_Settings/input_Okay_btn_okay'

2020-03-20 14:46:15 - [TEST_STEP][PASSED] - sendKeys(findTestObject("ADMIN/Edit Text/Bespoke/Seller Pages/Onboarding_Settings/input_REMOVE ITEM_popup-title"), "*"): Keys '*' sent to object: 'Object Repository/ADMIN/Edit Text/Bespoke/Seller Pages/Onboarding_Settings/input_REMOVE ITEM_popup-title'

2020-03-20 14:46:15 - [MESSAGE][PASSED] - Keys '*' sent to object: 'Object Repository/ADMIN/Edit Text/Bespoke/Seller Pages/Onboarding_Settings/input_REMOVE ITEM_popup-title'

2020-03-20 14:46:15 - [TEST_STEP][PASSED] - sendKeys(findTestObject("ADMIN/Edit Text/Bespoke/Seller Pages/Onboarding_Settings/input_concat(Are you sure about removing this item from your list (It  ll be gone forever))_popup-title"), "*"): Keys '*' sent to object: 'Object Repository/ADMIN/Edit Text/Bespoke/Seller Pages/Onboarding_Settings/input_concat(Are you sure about removing this item from your list (It  ll be gone forever))_popup-title'

2020-03-20 14:46:15 - [MESSAGE][PASSED] - Keys '*' sent to object: 'Object Repository/ADMIN/Edit Text/Bespoke/Seller Pages/Onboarding_Settings/input_concat(Are you sure about removing this item from your list (It  ll be gone forever))_popup-title'

2020-03-20 14:46:15 - [TEST_STEP][PASSED] - sendKeys(findTestObject("ADMIN/Edit Text/Bespoke/Seller Pages/Onboarding_Settings/input_CANCEL_btn_cancel2"), "*"): Keys '*' sent to object: 'Object Repository/ADMIN/Edit Text/Bespoke/Seller Pages/Onboarding_Settings/input_CANCEL_btn_cancel2'

2020-03-20 14:46:16 - [MESSAGE][PASSED] - Keys '*' sent to object: 'Object Repository/ADMIN/Edit Text/Bespoke/Seller Pages/Onboarding_Settings/input_CANCEL_btn_cancel2'

2020-03-20 14:46:16 - [TEST_STEP][PASSED] - sendKeys(findTestObject("ADMIN/Edit Text/Bespoke/Seller Pages/Onboarding_Settings/input_Okay_btn_okay2"), "*"): Keys '*' sent to object: 'Object Repository/ADMIN/Edit Text/Bespoke/Seller Pages/Onboarding_Settings/input_Okay_btn_okay2'

2020-03-20 14:46:16 - [MESSAGE][PASSED] - Keys '*' sent to object: 'Object Repository/ADMIN/Edit Text/Bespoke/Seller Pages/Onboarding_Settings/input_Okay_btn_okay2'

2020-03-20 14:46:16 - [TEST_STEP][PASSED] - click(findTestObject("ADMIN/Edit Text/Bespoke/Buyer Pages/Homepage/button_save"), CONTINUE_ON_FAILURE): Object: 'Object Repository/ADMIN/Edit Text/Bespoke/Buyer Pages/Homepage/button_save' is clicked on

2020-03-20 14:46:16 - [MESSAGE][PASSED] - Object: 'Object Repository/ADMIN/Edit Text/Bespoke/Buyer Pages/Homepage/button_save' is clicked on

2020-03-20 14:46:16 - [TEST_STEP][PASSED] - waitForElementVisible(findTestObject("ADMIN/Edit Text/Bespoke/Buyer Pages/Homepage/toaster_success"), 0): Object 'Object Repository/ADMIN/Edit Text/Bespoke/Buyer Pages/Homepage/toaster_success' is visible

2020-03-20 14:46:16 - [MESSAGE][WARNING] - Timeout '0' is invalid. Using default page load timeout: '30'

2020-03-20 14:46:17 - [MESSAGE][PASSED] - Object 'Object Repository/ADMIN/Edit Text/Bespoke/Buyer Pages/Homepage/toaster_success' is visible]]></system-out>
         <system-err><![CDATA[]]></system-err>
      </testcase>
      <testcase name="Test Cases/ADMIN/Language/Edit Text/Bespoke/Seller/Onboarding_Settings" time="14.977" classname="Test Cases/ADMIN/Language/Edit Text/Bespoke/Seller/Onboarding_Settings" status="PASSED">
         <system-out><![CDATA[2020-03-20 14:46:17 - [TEST_CASE][PASSED] - Test Cases/ADMIN/Language/Edit Text/Bespoke/Seller/Onboarding_Settings: Test Cases/ADMIN/Language/Edit Text/Bespoke/Seller/Onboarding_Settings

2020-03-20 14:46:17 - [TEST_STEP][PASSED] - waitForElementVisible(findTestObject("ADMIN/Edit Text/Bespoke/Buyer Navigation/dd_language"), 0): Object 'Object Repository/ADMIN/Edit Text/Bespoke/Buyer Navigation/dd_language' is visible

2020-03-20 14:46:17 - [MESSAGE][WARNING] - Timeout '0' is invalid. Using default page load timeout: '30'

2020-03-20 14:46:17 - [MESSAGE][PASSED] - Object 'Object Repository/ADMIN/Edit Text/Bespoke/Buyer Navigation/dd_language' is visible

2020-03-20 14:46:17 - [TEST_STEP][PASSED] - selectOptionByLabel(findTestObject("ADMIN/Edit Text/Bespoke/Buyer Navigation/dd_language"), varLanguage, false): All options with label 'Portuguese' are selected in object 'Object Repository/ADMIN/Edit Text/Bespoke/Buyer Navigation/dd_language' 

2020-03-20 14:46:18 - [MESSAGE][PASSED] - All options with label 'Portuguese' are selected in object 'Object Repository/ADMIN/Edit Text/Bespoke/Buyer Navigation/dd_language' 

2020-03-20 14:46:18 - [TEST_STEP][PASSED] - sendKeys(findTestObject("ADMIN/Edit Text/Bespoke/Seller Pages/Onboarding_Settings/input_USER SETTINGS_marketplace-name"), "*"): Keys '*' sent to object: 'Object Repository/ADMIN/Edit Text/Bespoke/Seller Pages/Onboarding_Settings/input_USER SETTINGS_marketplace-name'

2020-03-20 14:46:19 - [MESSAGE][PASSED] - Keys '*' sent to object: 'Object Repository/ADMIN/Edit Text/Bespoke/Seller Pages/Onboarding_Settings/input_USER SETTINGS_marketplace-name'

2020-03-20 14:46:19 - [TEST_STEP][PASSED] - sendKeys(findTestObject("ADMIN/Edit Text/Bespoke/Seller Pages/Onboarding_Settings/input_Configure your profile your delivery methods and how you receive payments_item_details"), "*"): Keys '*' sent to object: 'Object Repository/ADMIN/Edit Text/Bespoke/Seller Pages/Onboarding_Settings/input_Configure your profile your delivery methods and how you receive payments_item_details'

2020-03-20 14:46:19 - [MESSAGE][PASSED] - Keys '*' sent to object: 'Object Repository/ADMIN/Edit Text/Bespoke/Seller Pages/Onboarding_Settings/input_Configure your profile your delivery methods and how you receive payments_item_details'

2020-03-20 14:46:19 - [TEST_STEP][PASSED] - sendKeys(findTestObject("ADMIN/Edit Text/Bespoke/Seller Pages/Onboarding_Settings/input_PROFILE_tab-title"), "*"): Keys '*' sent to object: 'Object Repository/ADMIN/Edit Text/Bespoke/Seller Pages/Onboarding_Settings/input_PROFILE_tab-title'

2020-03-20 14:46:19 - [MESSAGE][PASSED] - Keys '*' sent to object: 'Object Repository/ADMIN/Edit Text/Bespoke/Seller Pages/Onboarding_Settings/input_PROFILE_tab-title'

2020-03-20 14:46:19 - [TEST_STEP][PASSED] - sendKeys(findTestObject("ADMIN/Edit Text/Bespoke/Seller Pages/Onboarding_Settings/input_CHANGE_btn_upload"), "*"): Keys '*' sent to object: 'Object Repository/ADMIN/Edit Text/Bespoke/Seller Pages/Onboarding_Settings/input_CHANGE_btn_upload'

2020-03-20 14:46:19 - [MESSAGE][PASSED] - Keys '*' sent to object: 'Object Repository/ADMIN/Edit Text/Bespoke/Seller Pages/Onboarding_Settings/input_CHANGE_btn_upload'

2020-03-20 14:46:19 - [TEST_STEP][PASSED] - sendKeys(findTestObject("ADMIN/Edit Text/Bespoke/Seller Pages/Onboarding_Settings/input_DISPLAY NAME_display-name"), "*"): Keys '*' sent to object: 'Object Repository/ADMIN/Edit Text/Bespoke/Seller Pages/Onboarding_Settings/input_DISPLAY NAME_display-name'

2020-03-20 14:46:20 - [MESSAGE][PASSED] - Keys '*' sent to object: 'Object Repository/ADMIN/Edit Text/Bespoke/Seller Pages/Onboarding_Settings/input_DISPLAY NAME_display-name'

2020-03-20 14:46:20 - [TEST_STEP][PASSED] - sendKeys(findTestObject("ADMIN/Edit Text/Bespoke/Seller Pages/Onboarding_Settings/input_DESCRIPTION_description"), "*"): Keys '*' sent to object: 'Object Repository/ADMIN/Edit Text/Bespoke/Seller Pages/Onboarding_Settings/input_DESCRIPTION_description'

2020-03-20 14:46:20 - [MESSAGE][PASSED] - Keys '*' sent to object: 'Object Repository/ADMIN/Edit Text/Bespoke/Seller Pages/Onboarding_Settings/input_DESCRIPTION_description'

2020-03-20 14:46:20 - [TEST_STEP][PASSED] - sendKeys(findTestObject("ADMIN/Edit Text/Bespoke/Seller Pages/Onboarding_Settings/input_FIRST NAME_first-name"), "*"): Keys '*' sent to object: 'Object Repository/ADMIN/Edit Text/Bespoke/Seller Pages/Onboarding_Settings/input_FIRST NAME_first-name'

2020-03-20 14:46:20 - [MESSAGE][PASSED] - Keys '*' sent to object: 'Object Repository/ADMIN/Edit Text/Bespoke/Seller Pages/Onboarding_Settings/input_FIRST NAME_first-name'

2020-03-20 14:46:20 - [TEST_STEP][PASSED] - sendKeys(findTestObject("ADMIN/Edit Text/Bespoke/Seller Pages/Onboarding_Settings/input_LAST NAME_last-name"), "*"): Keys '*' sent to object: 'Object Repository/ADMIN/Edit Text/Bespoke/Seller Pages/Onboarding_Settings/input_LAST NAME_last-name'

2020-03-20 14:46:20 - [MESSAGE][PASSED] - Keys '*' sent to object: 'Object Repository/ADMIN/Edit Text/Bespoke/Seller Pages/Onboarding_Settings/input_LAST NAME_last-name'

2020-03-20 14:46:20 - [TEST_STEP][PASSED] - sendKeys(findTestObject("ADMIN/Edit Text/Bespoke/Seller Pages/Onboarding_Settings/input_NOTIFICATION EMAIL_notification-email"), "*"): Keys '*' sent to object: 'Object Repository/ADMIN/Edit Text/Bespoke/Seller Pages/Onboarding_Settings/input_NOTIFICATION EMAIL_notification-email'

2020-03-20 14:46:20 - [MESSAGE][PASSED] - Keys '*' sent to object: 'Object Repository/ADMIN/Edit Text/Bespoke/Seller Pages/Onboarding_Settings/input_NOTIFICATION EMAIL_notification-email'

2020-03-20 14:46:20 - [TEST_STEP][PASSED] - sendKeys(findTestObject("ADMIN/Edit Text/Bespoke/Seller Pages/Onboarding_Settings/input_CONTACT NUMBER_contact-number"), "*"): Keys '*' sent to object: 'Object Repository/ADMIN/Edit Text/Bespoke/Seller Pages/Onboarding_Settings/input_CONTACT NUMBER_contact-number'

2020-03-20 14:46:21 - [MESSAGE][PASSED] - Keys '*' sent to object: 'Object Repository/ADMIN/Edit Text/Bespoke/Seller Pages/Onboarding_Settings/input_CONTACT NUMBER_contact-number'

2020-03-20 14:46:21 - [TEST_STEP][PASSED] - sendKeys(findTestObject("ADMIN/Edit Text/Bespoke/Seller Pages/Onboarding_Settings/input_OPENID LOGIN_open-id-login"), "*"): Keys '*' sent to object: 'Object Repository/ADMIN/Edit Text/Bespoke/Seller Pages/Onboarding_Settings/input_OPENID LOGIN_open-id-login'

2020-03-20 14:46:21 - [MESSAGE][PASSED] - Keys '*' sent to object: 'Object Repository/ADMIN/Edit Text/Bespoke/Seller Pages/Onboarding_Settings/input_OPENID LOGIN_open-id-login'

2020-03-20 14:46:21 - [TEST_STEP][PASSED] - sendKeys(findTestObject("ADMIN/Edit Text/Bespoke/Seller Pages/Onboarding_Settings/input_SELLER LOCATION_seller_location"), "*"): Keys '*' sent to object: 'Object Repository/ADMIN/Edit Text/Bespoke/Seller Pages/Onboarding_Settings/input_SELLER LOCATION_seller_location'

2020-03-20 14:46:21 - [MESSAGE][PASSED] - Keys '*' sent to object: 'Object Repository/ADMIN/Edit Text/Bespoke/Seller Pages/Onboarding_Settings/input_SELLER LOCATION_seller_location'

2020-03-20 14:46:21 - [TEST_STEP][PASSED] - sendKeys(findTestObject("ADMIN/Edit Text/Bespoke/Seller Pages/Onboarding_Settings/textarea_For each transaction that is made through the marketplace there will be a seller transaction fee of"), "*"): Keys '*' sent to object: 'Object Repository/ADMIN/Edit Text/Bespoke/Seller Pages/Onboarding_Settings/textarea_For each transaction that is made through the marketplace there will be a seller transaction fee of'

2020-03-20 14:46:21 - [MESSAGE][PASSED] - Keys '*' sent to object: 'Object Repository/ADMIN/Edit Text/Bespoke/Seller Pages/Onboarding_Settings/textarea_For each transaction that is made through the marketplace there will be a seller transaction fee of'

2020-03-20 14:46:21 - [TEST_STEP][PASSED] - sendKeys(findTestObject("ADMIN/Edit Text/Bespoke/Seller Pages/Onboarding_Settings/input_NEXT_btn_next"), "*"): Keys '*' sent to object: 'Object Repository/ADMIN/Edit Text/Bespoke/Seller Pages/Onboarding_Settings/input_NEXT_btn_next'

2020-03-20 14:46:21 - [MESSAGE][PASSED] - Keys '*' sent to object: 'Object Repository/ADMIN/Edit Text/Bespoke/Seller Pages/Onboarding_Settings/input_NEXT_btn_next'

2020-03-20 14:46:21 - [TEST_STEP][PASSED] - sendKeys(findTestObject("ADMIN/Edit Text/Bespoke/Seller Pages/Onboarding_Settings/input_ADDRESS_tab-title"), "*"): Keys '*' sent to object: 'Object Repository/ADMIN/Edit Text/Bespoke/Seller Pages/Onboarding_Settings/input_ADDRESS_tab-title'

2020-03-20 14:46:22 - [MESSAGE][PASSED] - Keys '*' sent to object: 'Object Repository/ADMIN/Edit Text/Bespoke/Seller Pages/Onboarding_Settings/input_ADDRESS_tab-title'

2020-03-20 14:46:22 - [TEST_STEP][PASSED] - sendKeys(findTestObject("ADMIN/Edit Text/Bespoke/Seller Pages/Onboarding_Settings/input_NEW DELIVERY ADDRESS_new-delivery-address"), "*"): Keys '*' sent to object: 'Object Repository/ADMIN/Edit Text/Bespoke/Seller Pages/Onboarding_Settings/input_NEW DELIVERY ADDRESS_new-delivery-address'

2020-03-20 14:46:22 - [MESSAGE][PASSED] - Keys '*' sent to object: 'Object Repository/ADMIN/Edit Text/Bespoke/Seller Pages/Onboarding_Settings/input_NEW DELIVERY ADDRESS_new-delivery-address'

2020-03-20 14:46:22 - [TEST_STEP][PASSED] - sendKeys(findTestObject("ADMIN/Edit Text/Bespoke/Seller Pages/Onboarding_Settings/input_ADDRESSEE FIRST NAME_addressee-first-name"), "*"): Keys '*' sent to object: 'Object Repository/ADMIN/Edit Text/Bespoke/Seller Pages/Onboarding_Settings/input_ADDRESSEE FIRST NAME_addressee-first-name'

2020-03-20 14:46:22 - [MESSAGE][PASSED] - Keys '*' sent to object: 'Object Repository/ADMIN/Edit Text/Bespoke/Seller Pages/Onboarding_Settings/input_ADDRESSEE FIRST NAME_addressee-first-name'

2020-03-20 14:46:22 - [TEST_STEP][PASSED] - sendKeys(findTestObject("ADMIN/Edit Text/Bespoke/Seller Pages/Onboarding_Settings/input_ADDRESSEE LAST NAME_addressee-last-name"), "*"): Keys '*' sent to object: 'Object Repository/ADMIN/Edit Text/Bespoke/Seller Pages/Onboarding_Settings/input_ADDRESSEE LAST NAME_addressee-last-name'

2020-03-20 14:46:22 - [MESSAGE][PASSED] - Keys '*' sent to object: 'Object Repository/ADMIN/Edit Text/Bespoke/Seller Pages/Onboarding_Settings/input_ADDRESSEE LAST NAME_addressee-last-name'

2020-03-20 14:46:22 - [TEST_STEP][PASSED] - sendKeys(findTestObject("ADMIN/Edit Text/Bespoke/Seller Pages/Onboarding_Settings/input_ADDRESS_address"), "*"): Keys '*' sent to object: 'Object Repository/ADMIN/Edit Text/Bespoke/Seller Pages/Onboarding_Settings/input_ADDRESS_address'

2020-03-20 14:46:22 - [MESSAGE][PASSED] - Keys '*' sent to object: 'Object Repository/ADMIN/Edit Text/Bespoke/Seller Pages/Onboarding_Settings/input_ADDRESS_address'

2020-03-20 14:46:22 - [TEST_STEP][PASSED] - sendKeys(findTestObject("ADMIN/Edit Text/Bespoke/Seller Pages/Onboarding_Settings/input_SELECT COUNTRY_select-country"), "*"): Keys '*' sent to object: 'Object Repository/ADMIN/Edit Text/Bespoke/Seller Pages/Onboarding_Settings/input_SELECT COUNTRY_select-country'

2020-03-20 14:46:23 - [MESSAGE][PASSED] - Keys '*' sent to object: 'Object Repository/ADMIN/Edit Text/Bespoke/Seller Pages/Onboarding_Settings/input_SELECT COUNTRY_select-country'

2020-03-20 14:46:23 - [TEST_STEP][PASSED] - sendKeys(findTestObject("ADMIN/Edit Text/Bespoke/Seller Pages/Onboarding_Settings/input_COUNTRY_address-country"), "*"): Keys '*' sent to object: 'Object Repository/ADMIN/Edit Text/Bespoke/Seller Pages/Onboarding_Settings/input_COUNTRY_address-country'

2020-03-20 14:46:23 - [MESSAGE][PASSED] - Keys '*' sent to object: 'Object Repository/ADMIN/Edit Text/Bespoke/Seller Pages/Onboarding_Settings/input_COUNTRY_address-country'

2020-03-20 14:46:23 - [TEST_STEP][PASSED] - sendKeys(findTestObject("ADMIN/Edit Text/Bespoke/Seller Pages/Onboarding_Settings/input_STATE_address-state"), "*"): Keys '*' sent to object: 'Object Repository/ADMIN/Edit Text/Bespoke/Seller Pages/Onboarding_Settings/input_STATE_address-state'

2020-03-20 14:46:23 - [MESSAGE][PASSED] - Keys '*' sent to object: 'Object Repository/ADMIN/Edit Text/Bespoke/Seller Pages/Onboarding_Settings/input_STATE_address-state'

2020-03-20 14:46:23 - [TEST_STEP][PASSED] - sendKeys(findTestObject("ADMIN/Edit Text/Bespoke/Seller Pages/Onboarding_Settings/input_CITY_address-city"), "*"): Keys '*' sent to object: 'Object Repository/ADMIN/Edit Text/Bespoke/Seller Pages/Onboarding_Settings/input_CITY_address-city'

2020-03-20 14:46:23 - [MESSAGE][PASSED] - Keys '*' sent to object: 'Object Repository/ADMIN/Edit Text/Bespoke/Seller Pages/Onboarding_Settings/input_CITY_address-city'

2020-03-20 14:46:23 - [TEST_STEP][PASSED] - sendKeys(findTestObject("ADMIN/Edit Text/Bespoke/Seller Pages/Onboarding_Settings/input_POSTAL CODE_address-postalcode"), "*"): Keys '*' sent to object: 'Object Repository/ADMIN/Edit Text/Bespoke/Seller Pages/Onboarding_Settings/input_POSTAL CODE_address-postalcode'

2020-03-20 14:46:23 - [MESSAGE][PASSED] - Keys '*' sent to object: 'Object Repository/ADMIN/Edit Text/Bespoke/Seller Pages/Onboarding_Settings/input_POSTAL CODE_address-postalcode'

2020-03-20 14:46:23 - [TEST_STEP][PASSED] - sendKeys(findTestObject("ADMIN/Edit Text/Bespoke/Seller Pages/Onboarding_Settings/input_ADD ADDRESS_btn_add"), "*"): Keys '*' sent to object: 'Object Repository/ADMIN/Edit Text/Bespoke/Seller Pages/Onboarding_Settings/input_ADD ADDRESS_btn_add'

2020-03-20 14:46:24 - [MESSAGE][PASSED] - Keys '*' sent to object: 'Object Repository/ADMIN/Edit Text/Bespoke/Seller Pages/Onboarding_Settings/input_ADD ADDRESS_btn_add'

2020-03-20 14:46:24 - [TEST_STEP][PASSED] - sendKeys(findTestObject("ADMIN/Edit Text/Bespoke/Seller Pages/Onboarding_Settings/input_SAVED ADDRESSES_address-saved"), "*"): Keys '*' sent to object: 'Object Repository/ADMIN/Edit Text/Bespoke/Seller Pages/Onboarding_Settings/input_SAVED ADDRESSES_address-saved'

2020-03-20 14:46:24 - [MESSAGE][PASSED] - Keys '*' sent to object: 'Object Repository/ADMIN/Edit Text/Bespoke/Seller Pages/Onboarding_Settings/input_SAVED ADDRESSES_address-saved'

2020-03-20 14:46:24 - [TEST_STEP][PASSED] - sendKeys(findTestObject("ADMIN/Edit Text/Bespoke/Seller Pages/Onboarding_Settings/input_Next_btn_next (1)"), "*"): Keys '*' sent to object: 'Object Repository/ADMIN/Edit Text/Bespoke/Seller Pages/Onboarding_Settings/input_Next_btn_next (1)'

2020-03-20 14:46:24 - [MESSAGE][PASSED] - Keys '*' sent to object: 'Object Repository/ADMIN/Edit Text/Bespoke/Seller Pages/Onboarding_Settings/input_Next_btn_next (1)'

2020-03-20 14:46:24 - [TEST_STEP][PASSED] - sendKeys(findTestObject("ADMIN/Edit Text/Bespoke/Seller Pages/Onboarding_Settings/input_PAYMENT ACCEPTANCE_tan-title"), "*"): Keys '*' sent to object: 'Object Repository/ADMIN/Edit Text/Bespoke/Seller Pages/Onboarding_Settings/input_PAYMENT ACCEPTANCE_tan-title'

2020-03-20 14:46:25 - [MESSAGE][PASSED] - Keys '*' sent to object: 'Object Repository/ADMIN/Edit Text/Bespoke/Seller Pages/Onboarding_Settings/input_PAYMENT ACCEPTANCE_tan-title'

2020-03-20 14:46:25 - [TEST_STEP][PASSED] - sendKeys(findTestObject("ADMIN/Edit Text/Bespoke/Seller Pages/Onboarding_Settings/input_PAYMENT METHOD_payment_method"), "*"): Keys '*' sent to object: 'Object Repository/ADMIN/Edit Text/Bespoke/Seller Pages/Onboarding_Settings/input_PAYMENT METHOD_payment_method'

2020-03-20 14:46:25 - [MESSAGE][PASSED] - Keys '*' sent to object: 'Object Repository/ADMIN/Edit Text/Bespoke/Seller Pages/Onboarding_Settings/input_PAYMENT METHOD_payment_method'

2020-03-20 14:46:25 - [TEST_STEP][PASSED] - sendKeys(findTestObject("ADMIN/Edit Text/Bespoke/Seller Pages/Onboarding_Settings/input_Select your preferred payment method_select_payment_method"), "*"): Keys '*' sent to object: 'Object Repository/ADMIN/Edit Text/Bespoke/Seller Pages/Onboarding_Settings/input_Select your preferred payment method_select_payment_method'

2020-03-20 14:46:25 - [MESSAGE][PASSED] - Keys '*' sent to object: 'Object Repository/ADMIN/Edit Text/Bespoke/Seller Pages/Onboarding_Settings/input_Select your preferred payment method_select_payment_method'

2020-03-20 14:46:25 - [TEST_STEP][PASSED] - sendKeys(findTestObject("ADMIN/Edit Text/Bespoke/Seller Pages/Onboarding_Settings/input_LINK ACCOUNT_btn_link_account"), "*"): Keys '*' sent to object: 'Object Repository/ADMIN/Edit Text/Bespoke/Seller Pages/Onboarding_Settings/input_LINK ACCOUNT_btn_link_account'

2020-03-20 14:46:25 - [MESSAGE][PASSED] - Keys '*' sent to object: 'Object Repository/ADMIN/Edit Text/Bespoke/Seller Pages/Onboarding_Settings/input_LINK ACCOUNT_btn_link_account'

2020-03-20 14:46:25 - [TEST_STEP][PASSED] - sendKeys(findTestObject("ADMIN/Edit Text/Bespoke/Seller Pages/Onboarding_Settings/input_VERIFIED_verified"), "*"): Keys '*' sent to object: 'Object Repository/ADMIN/Edit Text/Bespoke/Seller Pages/Onboarding_Settings/input_VERIFIED_verified'

2020-03-20 14:46:25 - [MESSAGE][PASSED] - Keys '*' sent to object: 'Object Repository/ADMIN/Edit Text/Bespoke/Seller Pages/Onboarding_Settings/input_VERIFIED_verified'

2020-03-20 14:46:25 - [TEST_STEP][PASSED] - sendKeys(findTestObject("ADMIN/Edit Text/Bespoke/Seller Pages/Onboarding_Settings/input_This payment method is compulsory_this_method_compulsory"), "*"): Keys '*' sent to object: 'Object Repository/ADMIN/Edit Text/Bespoke/Seller Pages/Onboarding_Settings/input_This payment method is compulsory_this_method_compulsory'

2020-03-20 14:46:26 - [MESSAGE][PASSED] - Keys '*' sent to object: 'Object Repository/ADMIN/Edit Text/Bespoke/Seller Pages/Onboarding_Settings/input_This payment method is compulsory_this_method_compulsory'

2020-03-20 14:46:26 - [TEST_STEP][PASSED] - sendKeys(findTestObject("ADMIN/Edit Text/Bespoke/Seller Pages/Onboarding_Settings/input_No account linked yet_no-account-linked"), "*"): Keys '*' sent to object: 'Object Repository/ADMIN/Edit Text/Bespoke/Seller Pages/Onboarding_Settings/input_No account linked yet_no-account-linked'

2020-03-20 14:46:26 - [MESSAGE][PASSED] - Keys '*' sent to object: 'Object Repository/ADMIN/Edit Text/Bespoke/Seller Pages/Onboarding_Settings/input_No account linked yet_no-account-linked'

2020-03-20 14:46:26 - [TEST_STEP][PASSED] - sendKeys(findTestObject("ADMIN/Edit Text/Bespoke/Seller Pages/Onboarding_Settings/input_next3"), "*"): Keys '*' sent to object: 'Object Repository/ADMIN/Edit Text/Bespoke/Seller Pages/Onboarding_Settings/input_next3'

2020-03-20 14:46:26 - [MESSAGE][PASSED] - Keys '*' sent to object: 'Object Repository/ADMIN/Edit Text/Bespoke/Seller Pages/Onboarding_Settings/input_next3'

2020-03-20 14:46:26 - [TEST_STEP][PASSED] - sendKeys(findTestObject("ADMIN/Edit Text/Bespoke/Seller Pages/Onboarding_Settings/input_DELIVERY METHODS_tab-title1"), "*"): Keys '*' sent to object: 'Object Repository/ADMIN/Edit Text/Bespoke/Seller Pages/Onboarding_Settings/input_DELIVERY METHODS_tab-title1'

2020-03-20 14:46:26 - [MESSAGE][PASSED] - Keys '*' sent to object: 'Object Repository/ADMIN/Edit Text/Bespoke/Seller Pages/Onboarding_Settings/input_DELIVERY METHODS_tab-title1'

2020-03-20 14:46:26 - [TEST_STEP][PASSED] - sendKeys(findTestObject("ADMIN/Edit Text/Bespoke/Seller Pages/Onboarding_Settings/input_DELIVERY OPTIONS_delivery-option"), "*"): Keys '*' sent to object: 'Object Repository/ADMIN/Edit Text/Bespoke/Seller Pages/Onboarding_Settings/input_DELIVERY OPTIONS_delivery-option'

2020-03-20 14:46:27 - [MESSAGE][PASSED] - Keys '*' sent to object: 'Object Repository/ADMIN/Edit Text/Bespoke/Seller Pages/Onboarding_Settings/input_DELIVERY OPTIONS_delivery-option'

2020-03-20 14:46:27 - [TEST_STEP][PASSED] - sendKeys(findTestObject("ADMIN/Edit Text/Bespoke/Seller Pages/Onboarding_Settings/input_DELIVERY OPTIONS_delivery-txt2"), "*"): Keys '*' sent to object: 'Object Repository/ADMIN/Edit Text/Bespoke/Seller Pages/Onboarding_Settings/input_DELIVERY OPTIONS_delivery-txt2'

2020-03-20 14:46:27 - [MESSAGE][PASSED] - Keys '*' sent to object: 'Object Repository/ADMIN/Edit Text/Bespoke/Seller Pages/Onboarding_Settings/input_DELIVERY OPTIONS_delivery-txt2'

2020-03-20 14:46:27 - [TEST_STEP][PASSED] - sendKeys(findTestObject("ADMIN/Edit Text/Bespoke/Seller Pages/Onboarding_Settings/input_DELIVERY SERVICE_delivery-service"), "*"): Keys '*' sent to object: 'Object Repository/ADMIN/Edit Text/Bespoke/Seller Pages/Onboarding_Settings/input_DELIVERY SERVICE_delivery-service'

2020-03-20 14:46:27 - [MESSAGE][PASSED] - Keys '*' sent to object: 'Object Repository/ADMIN/Edit Text/Bespoke/Seller Pages/Onboarding_Settings/input_DELIVERY SERVICE_delivery-service'

2020-03-20 14:46:27 - [TEST_STEP][PASSED] - sendKeys(findTestObject("ADMIN/Edit Text/Bespoke/Seller Pages/Onboarding_Settings/input_SINGLE ITEM DELIVERY (A)_single-item-delivery"), "*"): Keys '*' sent to object: 'Object Repository/ADMIN/Edit Text/Bespoke/Seller Pages/Onboarding_Settings/input_SINGLE ITEM DELIVERY (A)_single-item-delivery'

2020-03-20 14:46:27 - [MESSAGE][PASSED] - Keys '*' sent to object: 'Object Repository/ADMIN/Edit Text/Bespoke/Seller Pages/Onboarding_Settings/input_SINGLE ITEM DELIVERY (A)_single-item-delivery'

2020-03-20 14:46:27 - [TEST_STEP][PASSED] - sendKeys(findTestObject("ADMIN/Edit Text/Bespoke/Seller Pages/Onboarding_Settings/input_WITH OTHER ITEM (B)_with-other-item"), "*"): Keys '*' sent to object: 'Object Repository/ADMIN/Edit Text/Bespoke/Seller Pages/Onboarding_Settings/input_WITH OTHER ITEM (B)_with-other-item'

2020-03-20 14:46:27 - [MESSAGE][PASSED] - Keys '*' sent to object: 'Object Repository/ADMIN/Edit Text/Bespoke/Seller Pages/Onboarding_Settings/input_WITH OTHER ITEM (B)_with-other-item'

2020-03-20 14:46:27 - [TEST_STEP][PASSED] - sendKeys(findTestObject("ADMIN/Edit Text/Bespoke/Seller Pages/Onboarding_Settings/input_ADD_btn_add"), "*"): Keys '*' sent to object: 'Object Repository/ADMIN/Edit Text/Bespoke/Seller Pages/Onboarding_Settings/input_ADD_btn_add'

2020-03-20 14:46:28 - [MESSAGE][PASSED] - Keys '*' sent to object: 'Object Repository/ADMIN/Edit Text/Bespoke/Seller Pages/Onboarding_Settings/input_ADD_btn_add'

2020-03-20 14:46:28 - [TEST_STEP][PASSED] - sendKeys(findTestObject("ADMIN/Edit Text/Bespoke/Seller Pages/Onboarding_Settings/input_PICK-UP LOCATIONS_pick-up-option"), "*"): Keys '*' sent to object: 'Object Repository/ADMIN/Edit Text/Bespoke/Seller Pages/Onboarding_Settings/input_PICK-UP LOCATIONS_pick-up-option'

2020-03-20 14:46:28 - [MESSAGE][PASSED] - Keys '*' sent to object: 'Object Repository/ADMIN/Edit Text/Bespoke/Seller Pages/Onboarding_Settings/input_PICK-UP LOCATIONS_pick-up-option'

2020-03-20 14:46:28 - [TEST_STEP][PASSED] - sendKeys(findTestObject("ADMIN/Edit Text/Bespoke/Seller Pages/Onboarding_Settings/textarea_Define the full address where the buyer can pick up from (You must have at least a delivery option or a pick-up location selected)"), "*"): Keys '*' sent to object: 'Object Repository/ADMIN/Edit Text/Bespoke/Seller Pages/Onboarding_Settings/textarea_Define the full address where the buyer can pick up from (You must have at least a delivery option or a pick-up location selected)'

2020-03-20 14:46:28 - [MESSAGE][PASSED] - Keys '*' sent to object: 'Object Repository/ADMIN/Edit Text/Bespoke/Seller Pages/Onboarding_Settings/textarea_Define the full address where the buyer can pick up from (You must have at least a delivery option or a pick-up location selected)'

2020-03-20 14:46:28 - [TEST_STEP][PASSED] - sendKeys(findTestObject("ADMIN/Edit Text/Bespoke/Seller Pages/Onboarding_Settings/input_Offer reduced shipping costs to buyers when they buy more than one item from you_delivery-txt2"), "*"): Keys '*' sent to object: 'Object Repository/ADMIN/Edit Text/Bespoke/Seller Pages/Onboarding_Settings/input_Offer reduced shipping costs to buyers when they buy more than one item from you_delivery-txt2'

2020-03-20 14:46:28 - [MESSAGE][PASSED] - Keys '*' sent to object: 'Object Repository/ADMIN/Edit Text/Bespoke/Seller Pages/Onboarding_Settings/input_Offer reduced shipping costs to buyers when they buy more than one item from you_delivery-txt2'

2020-03-20 14:46:28 - [TEST_STEP][PASSED] - sendKeys(findTestObject("ADMIN/Edit Text/Bespoke/Seller Pages/Onboarding_Settings/input_total delivery"), "*"): Keys '*' sent to object: 'Object Repository/ADMIN/Edit Text/Bespoke/Seller Pages/Onboarding_Settings/input_total delivery'

2020-03-20 14:46:28 - [MESSAGE][PASSED] - Keys '*' sent to object: 'Object Repository/ADMIN/Edit Text/Bespoke/Seller Pages/Onboarding_Settings/input_total delivery'

2020-03-20 14:46:28 - [TEST_STEP][PASSED] - sendKeys(findTestObject("ADMIN/Edit Text/Bespoke/Seller Pages/Onboarding_Settings/input_add1"), "*"): Keys '*' sent to object: 'Object Repository/ADMIN/Edit Text/Bespoke/Seller Pages/Onboarding_Settings/input_add1'

2020-03-20 14:46:29 - [MESSAGE][PASSED] - Keys '*' sent to object: 'Object Repository/ADMIN/Edit Text/Bespoke/Seller Pages/Onboarding_Settings/input_add1'

2020-03-20 14:46:29 - [TEST_STEP][PASSED] - sendKeys(findTestObject("ADMIN/Edit Text/Bespoke/Seller Pages/Onboarding_Settings/input_PICK-UP LOCATION ADDRESS_pick-up-address"), "*"): Keys '*' sent to object: 'Object Repository/ADMIN/Edit Text/Bespoke/Seller Pages/Onboarding_Settings/input_PICK-UP LOCATION ADDRESS_pick-up-address'

2020-03-20 14:46:29 - [MESSAGE][PASSED] - Keys '*' sent to object: 'Object Repository/ADMIN/Edit Text/Bespoke/Seller Pages/Onboarding_Settings/input_PICK-UP LOCATION ADDRESS_pick-up-address'

2020-03-20 14:46:29 - [TEST_STEP][PASSED] - sendKeys(findTestObject("ADMIN/Edit Text/Bespoke/Seller Pages/Onboarding_Settings/input_SAVE_btn_save"), "*"): Keys '*' sent to object: 'Object Repository/ADMIN/Edit Text/Bespoke/Seller Pages/Onboarding_Settings/input_SAVE_btn_save'

2020-03-20 14:46:29 - [MESSAGE][PASSED] - Keys '*' sent to object: 'Object Repository/ADMIN/Edit Text/Bespoke/Seller Pages/Onboarding_Settings/input_SAVE_btn_save'

2020-03-20 14:46:29 - [TEST_STEP][PASSED] - sendKeys(findTestObject("ADMIN/Edit Text/Bespoke/Seller Pages/Onboarding_Settings/input_Are you sure want to delete_popup-title"), "*"): Keys '*' sent to object: 'Object Repository/ADMIN/Edit Text/Bespoke/Seller Pages/Onboarding_Settings/input_Are you sure want to delete_popup-title'

2020-03-20 14:46:29 - [MESSAGE][PASSED] - Keys '*' sent to object: 'Object Repository/ADMIN/Edit Text/Bespoke/Seller Pages/Onboarding_Settings/input_Are you sure want to delete_popup-title'

2020-03-20 14:46:29 - [TEST_STEP][PASSED] - sendKeys(findTestObject("ADMIN/Edit Text/Bespoke/Seller Pages/Onboarding_Settings/input_CANCEL_btn_cancel"), "*"): Keys '*' sent to object: 'Object Repository/ADMIN/Edit Text/Bespoke/Seller Pages/Onboarding_Settings/input_CANCEL_btn_cancel'

2020-03-20 14:46:30 - [MESSAGE][PASSED] - Keys '*' sent to object: 'Object Repository/ADMIN/Edit Text/Bespoke/Seller Pages/Onboarding_Settings/input_CANCEL_btn_cancel'

2020-03-20 14:46:30 - [TEST_STEP][PASSED] - sendKeys(findTestObject("ADMIN/Edit Text/Bespoke/Seller Pages/Onboarding_Settings/input_Okay_btn_okay"), "*"): Keys '*' sent to object: 'Object Repository/ADMIN/Edit Text/Bespoke/Seller Pages/Onboarding_Settings/input_Okay_btn_okay'

2020-03-20 14:46:30 - [MESSAGE][PASSED] - Keys '*' sent to object: 'Object Repository/ADMIN/Edit Text/Bespoke/Seller Pages/Onboarding_Settings/input_Okay_btn_okay'

2020-03-20 14:46:30 - [TEST_STEP][PASSED] - sendKeys(findTestObject("ADMIN/Edit Text/Bespoke/Seller Pages/Onboarding_Settings/input_REMOVE ITEM_popup-title"), "*"): Keys '*' sent to object: 'Object Repository/ADMIN/Edit Text/Bespoke/Seller Pages/Onboarding_Settings/input_REMOVE ITEM_popup-title'

2020-03-20 14:46:30 - [MESSAGE][PASSED] - Keys '*' sent to object: 'Object Repository/ADMIN/Edit Text/Bespoke/Seller Pages/Onboarding_Settings/input_REMOVE ITEM_popup-title'

2020-03-20 14:46:30 - [TEST_STEP][PASSED] - sendKeys(findTestObject("ADMIN/Edit Text/Bespoke/Seller Pages/Onboarding_Settings/input_concat(Are you sure about removing this item from your list (It  ll be gone forever))_popup-title"), "*"): Keys '*' sent to object: 'Object Repository/ADMIN/Edit Text/Bespoke/Seller Pages/Onboarding_Settings/input_concat(Are you sure about removing this item from your list (It  ll be gone forever))_popup-title'

2020-03-20 14:46:31 - [MESSAGE][PASSED] - Keys '*' sent to object: 'Object Repository/ADMIN/Edit Text/Bespoke/Seller Pages/Onboarding_Settings/input_concat(Are you sure about removing this item from your list (It  ll be gone forever))_popup-title'

2020-03-20 14:46:31 - [TEST_STEP][PASSED] - sendKeys(findTestObject("ADMIN/Edit Text/Bespoke/Seller Pages/Onboarding_Settings/input_CANCEL_btn_cancel2"), "*"): Keys '*' sent to object: 'Object Repository/ADMIN/Edit Text/Bespoke/Seller Pages/Onboarding_Settings/input_CANCEL_btn_cancel2'

2020-03-20 14:46:31 - [MESSAGE][PASSED] - Keys '*' sent to object: 'Object Repository/ADMIN/Edit Text/Bespoke/Seller Pages/Onboarding_Settings/input_CANCEL_btn_cancel2'

2020-03-20 14:46:31 - [TEST_STEP][PASSED] - sendKeys(findTestObject("ADMIN/Edit Text/Bespoke/Seller Pages/Onboarding_Settings/input_Okay_btn_okay2"), "*"): Keys '*' sent to object: 'Object Repository/ADMIN/Edit Text/Bespoke/Seller Pages/Onboarding_Settings/input_Okay_btn_okay2'

2020-03-20 14:46:31 - [MESSAGE][PASSED] - Keys '*' sent to object: 'Object Repository/ADMIN/Edit Text/Bespoke/Seller Pages/Onboarding_Settings/input_Okay_btn_okay2'

2020-03-20 14:46:31 - [TEST_STEP][PASSED] - click(findTestObject("ADMIN/Edit Text/Bespoke/Buyer Pages/Homepage/button_save"), CONTINUE_ON_FAILURE): Object: 'Object Repository/ADMIN/Edit Text/Bespoke/Buyer Pages/Homepage/button_save' is clicked on

2020-03-20 14:46:31 - [MESSAGE][PASSED] - Object: 'Object Repository/ADMIN/Edit Text/Bespoke/Buyer Pages/Homepage/button_save' is clicked on

2020-03-20 14:46:31 - [TEST_STEP][PASSED] - waitForElementVisible(findTestObject("ADMIN/Edit Text/Bespoke/Buyer Pages/Homepage/toaster_success"), 0): Object 'Object Repository/ADMIN/Edit Text/Bespoke/Buyer Pages/Homepage/toaster_success' is visible

2020-03-20 14:46:31 - [MESSAGE][WARNING] - Timeout '0' is invalid. Using default page load timeout: '30'

2020-03-20 14:46:32 - [MESSAGE][PASSED] - Object 'Object Repository/ADMIN/Edit Text/Bespoke/Buyer Pages/Homepage/toaster_success' is visible]]></system-out>
         <system-err><![CDATA[]]></system-err>
      </testcase>
      <testcase name="Test Cases/ADMIN/Language/Edit Text/Bespoke/Seller/Onboarding_Settings" time="16.803" classname="Test Cases/ADMIN/Language/Edit Text/Bespoke/Seller/Onboarding_Settings" status="PASSED">
         <system-out><![CDATA[2020-03-20 14:46:32 - [TEST_CASE][PASSED] - Test Cases/ADMIN/Language/Edit Text/Bespoke/Seller/Onboarding_Settings: Test Cases/ADMIN/Language/Edit Text/Bespoke/Seller/Onboarding_Settings

2020-03-20 14:46:32 - [TEST_STEP][PASSED] - waitForElementVisible(findTestObject("ADMIN/Edit Text/Bespoke/Buyer Navigation/dd_language"), 0): Object 'Object Repository/ADMIN/Edit Text/Bespoke/Buyer Navigation/dd_language' is visible

2020-03-20 14:46:32 - [MESSAGE][WARNING] - Timeout '0' is invalid. Using default page load timeout: '30'

2020-03-20 14:46:32 - [MESSAGE][PASSED] - Object 'Object Repository/ADMIN/Edit Text/Bespoke/Buyer Navigation/dd_language' is visible

2020-03-20 14:46:32 - [TEST_STEP][PASSED] - selectOptionByLabel(findTestObject("ADMIN/Edit Text/Bespoke/Buyer Navigation/dd_language"), varLanguage, false): All options with label 'Indonesian' are selected in object 'Object Repository/ADMIN/Edit Text/Bespoke/Buyer Navigation/dd_language' 

2020-03-20 14:46:33 - [MESSAGE][PASSED] - All options with label 'Indonesian' are selected in object 'Object Repository/ADMIN/Edit Text/Bespoke/Buyer Navigation/dd_language' 

2020-03-20 14:46:33 - [TEST_STEP][PASSED] - sendKeys(findTestObject("ADMIN/Edit Text/Bespoke/Seller Pages/Onboarding_Settings/input_USER SETTINGS_marketplace-name"), "*"): Keys '*' sent to object: 'Object Repository/ADMIN/Edit Text/Bespoke/Seller Pages/Onboarding_Settings/input_USER SETTINGS_marketplace-name'

2020-03-20 14:46:34 - [MESSAGE][PASSED] - Keys '*' sent to object: 'Object Repository/ADMIN/Edit Text/Bespoke/Seller Pages/Onboarding_Settings/input_USER SETTINGS_marketplace-name'

2020-03-20 14:46:34 - [TEST_STEP][PASSED] - sendKeys(findTestObject("ADMIN/Edit Text/Bespoke/Seller Pages/Onboarding_Settings/input_Configure your profile your delivery methods and how you receive payments_item_details"), "*"): Keys '*' sent to object: 'Object Repository/ADMIN/Edit Text/Bespoke/Seller Pages/Onboarding_Settings/input_Configure your profile your delivery methods and how you receive payments_item_details'

2020-03-20 14:46:34 - [MESSAGE][PASSED] - Keys '*' sent to object: 'Object Repository/ADMIN/Edit Text/Bespoke/Seller Pages/Onboarding_Settings/input_Configure your profile your delivery methods and how you receive payments_item_details'

2020-03-20 14:46:34 - [TEST_STEP][PASSED] - sendKeys(findTestObject("ADMIN/Edit Text/Bespoke/Seller Pages/Onboarding_Settings/input_PROFILE_tab-title"), "*"): Keys '*' sent to object: 'Object Repository/ADMIN/Edit Text/Bespoke/Seller Pages/Onboarding_Settings/input_PROFILE_tab-title'

2020-03-20 14:46:34 - [MESSAGE][PASSED] - Keys '*' sent to object: 'Object Repository/ADMIN/Edit Text/Bespoke/Seller Pages/Onboarding_Settings/input_PROFILE_tab-title'

2020-03-20 14:46:34 - [TEST_STEP][PASSED] - sendKeys(findTestObject("ADMIN/Edit Text/Bespoke/Seller Pages/Onboarding_Settings/input_CHANGE_btn_upload"), "*"): Keys '*' sent to object: 'Object Repository/ADMIN/Edit Text/Bespoke/Seller Pages/Onboarding_Settings/input_CHANGE_btn_upload'

2020-03-20 14:46:34 - [MESSAGE][PASSED] - Keys '*' sent to object: 'Object Repository/ADMIN/Edit Text/Bespoke/Seller Pages/Onboarding_Settings/input_CHANGE_btn_upload'

2020-03-20 14:46:34 - [TEST_STEP][PASSED] - sendKeys(findTestObject("ADMIN/Edit Text/Bespoke/Seller Pages/Onboarding_Settings/input_DISPLAY NAME_display-name"), "*"): Keys '*' sent to object: 'Object Repository/ADMIN/Edit Text/Bespoke/Seller Pages/Onboarding_Settings/input_DISPLAY NAME_display-name'

2020-03-20 14:46:35 - [MESSAGE][PASSED] - Keys '*' sent to object: 'Object Repository/ADMIN/Edit Text/Bespoke/Seller Pages/Onboarding_Settings/input_DISPLAY NAME_display-name'

2020-03-20 14:46:35 - [TEST_STEP][PASSED] - sendKeys(findTestObject("ADMIN/Edit Text/Bespoke/Seller Pages/Onboarding_Settings/input_DESCRIPTION_description"), "*"): Keys '*' sent to object: 'Object Repository/ADMIN/Edit Text/Bespoke/Seller Pages/Onboarding_Settings/input_DESCRIPTION_description'

2020-03-20 14:46:35 - [MESSAGE][PASSED] - Keys '*' sent to object: 'Object Repository/ADMIN/Edit Text/Bespoke/Seller Pages/Onboarding_Settings/input_DESCRIPTION_description'

2020-03-20 14:46:35 - [TEST_STEP][PASSED] - sendKeys(findTestObject("ADMIN/Edit Text/Bespoke/Seller Pages/Onboarding_Settings/input_FIRST NAME_first-name"), "*"): Keys '*' sent to object: 'Object Repository/ADMIN/Edit Text/Bespoke/Seller Pages/Onboarding_Settings/input_FIRST NAME_first-name'

2020-03-20 14:46:35 - [MESSAGE][PASSED] - Keys '*' sent to object: 'Object Repository/ADMIN/Edit Text/Bespoke/Seller Pages/Onboarding_Settings/input_FIRST NAME_first-name'

2020-03-20 14:46:35 - [TEST_STEP][PASSED] - sendKeys(findTestObject("ADMIN/Edit Text/Bespoke/Seller Pages/Onboarding_Settings/input_LAST NAME_last-name"), "*"): Keys '*' sent to object: 'Object Repository/ADMIN/Edit Text/Bespoke/Seller Pages/Onboarding_Settings/input_LAST NAME_last-name'

2020-03-20 14:46:35 - [MESSAGE][PASSED] - Keys '*' sent to object: 'Object Repository/ADMIN/Edit Text/Bespoke/Seller Pages/Onboarding_Settings/input_LAST NAME_last-name'

2020-03-20 14:46:35 - [TEST_STEP][PASSED] - sendKeys(findTestObject("ADMIN/Edit Text/Bespoke/Seller Pages/Onboarding_Settings/input_NOTIFICATION EMAIL_notification-email"), "*"): Keys '*' sent to object: 'Object Repository/ADMIN/Edit Text/Bespoke/Seller Pages/Onboarding_Settings/input_NOTIFICATION EMAIL_notification-email'

2020-03-20 14:46:36 - [MESSAGE][PASSED] - Keys '*' sent to object: 'Object Repository/ADMIN/Edit Text/Bespoke/Seller Pages/Onboarding_Settings/input_NOTIFICATION EMAIL_notification-email'

2020-03-20 14:46:36 - [TEST_STEP][PASSED] - sendKeys(findTestObject("ADMIN/Edit Text/Bespoke/Seller Pages/Onboarding_Settings/input_CONTACT NUMBER_contact-number"), "*"): Keys '*' sent to object: 'Object Repository/ADMIN/Edit Text/Bespoke/Seller Pages/Onboarding_Settings/input_CONTACT NUMBER_contact-number'

2020-03-20 14:46:36 - [MESSAGE][PASSED] - Keys '*' sent to object: 'Object Repository/ADMIN/Edit Text/Bespoke/Seller Pages/Onboarding_Settings/input_CONTACT NUMBER_contact-number'

2020-03-20 14:46:36 - [TEST_STEP][PASSED] - sendKeys(findTestObject("ADMIN/Edit Text/Bespoke/Seller Pages/Onboarding_Settings/input_OPENID LOGIN_open-id-login"), "*"): Keys '*' sent to object: 'Object Repository/ADMIN/Edit Text/Bespoke/Seller Pages/Onboarding_Settings/input_OPENID LOGIN_open-id-login'

2020-03-20 14:46:36 - [MESSAGE][PASSED] - Keys '*' sent to object: 'Object Repository/ADMIN/Edit Text/Bespoke/Seller Pages/Onboarding_Settings/input_OPENID LOGIN_open-id-login'

2020-03-20 14:46:36 - [TEST_STEP][PASSED] - sendKeys(findTestObject("ADMIN/Edit Text/Bespoke/Seller Pages/Onboarding_Settings/input_SELLER LOCATION_seller_location"), "*"): Keys '*' sent to object: 'Object Repository/ADMIN/Edit Text/Bespoke/Seller Pages/Onboarding_Settings/input_SELLER LOCATION_seller_location'

2020-03-20 14:46:36 - [MESSAGE][PASSED] - Keys '*' sent to object: 'Object Repository/ADMIN/Edit Text/Bespoke/Seller Pages/Onboarding_Settings/input_SELLER LOCATION_seller_location'

2020-03-20 14:46:36 - [TEST_STEP][PASSED] - sendKeys(findTestObject("ADMIN/Edit Text/Bespoke/Seller Pages/Onboarding_Settings/textarea_For each transaction that is made through the marketplace there will be a seller transaction fee of"), "*"): Keys '*' sent to object: 'Object Repository/ADMIN/Edit Text/Bespoke/Seller Pages/Onboarding_Settings/textarea_For each transaction that is made through the marketplace there will be a seller transaction fee of'

2020-03-20 14:46:37 - [MESSAGE][PASSED] - Keys '*' sent to object: 'Object Repository/ADMIN/Edit Text/Bespoke/Seller Pages/Onboarding_Settings/textarea_For each transaction that is made through the marketplace there will be a seller transaction fee of'

2020-03-20 14:46:37 - [TEST_STEP][PASSED] - sendKeys(findTestObject("ADMIN/Edit Text/Bespoke/Seller Pages/Onboarding_Settings/input_NEXT_btn_next"), "*"): Keys '*' sent to object: 'Object Repository/ADMIN/Edit Text/Bespoke/Seller Pages/Onboarding_Settings/input_NEXT_btn_next'

2020-03-20 14:46:37 - [MESSAGE][PASSED] - Keys '*' sent to object: 'Object Repository/ADMIN/Edit Text/Bespoke/Seller Pages/Onboarding_Settings/input_NEXT_btn_next'

2020-03-20 14:46:37 - [TEST_STEP][PASSED] - sendKeys(findTestObject("ADMIN/Edit Text/Bespoke/Seller Pages/Onboarding_Settings/input_ADDRESS_tab-title"), "*"): Keys '*' sent to object: 'Object Repository/ADMIN/Edit Text/Bespoke/Seller Pages/Onboarding_Settings/input_ADDRESS_tab-title'

2020-03-20 14:46:37 - [MESSAGE][PASSED] - Keys '*' sent to object: 'Object Repository/ADMIN/Edit Text/Bespoke/Seller Pages/Onboarding_Settings/input_ADDRESS_tab-title'

2020-03-20 14:46:37 - [TEST_STEP][PASSED] - sendKeys(findTestObject("ADMIN/Edit Text/Bespoke/Seller Pages/Onboarding_Settings/input_NEW DELIVERY ADDRESS_new-delivery-address"), "*"): Keys '*' sent to object: 'Object Repository/ADMIN/Edit Text/Bespoke/Seller Pages/Onboarding_Settings/input_NEW DELIVERY ADDRESS_new-delivery-address'

2020-03-20 14:46:38 - [MESSAGE][PASSED] - Keys '*' sent to object: 'Object Repository/ADMIN/Edit Text/Bespoke/Seller Pages/Onboarding_Settings/input_NEW DELIVERY ADDRESS_new-delivery-address'

2020-03-20 14:46:38 - [TEST_STEP][PASSED] - sendKeys(findTestObject("ADMIN/Edit Text/Bespoke/Seller Pages/Onboarding_Settings/input_ADDRESSEE FIRST NAME_addressee-first-name"), "*"): Keys '*' sent to object: 'Object Repository/ADMIN/Edit Text/Bespoke/Seller Pages/Onboarding_Settings/input_ADDRESSEE FIRST NAME_addressee-first-name'

2020-03-20 14:46:38 - [MESSAGE][PASSED] - Keys '*' sent to object: 'Object Repository/ADMIN/Edit Text/Bespoke/Seller Pages/Onboarding_Settings/input_ADDRESSEE FIRST NAME_addressee-first-name'

2020-03-20 14:46:38 - [TEST_STEP][PASSED] - sendKeys(findTestObject("ADMIN/Edit Text/Bespoke/Seller Pages/Onboarding_Settings/input_ADDRESSEE LAST NAME_addressee-last-name"), "*"): Keys '*' sent to object: 'Object Repository/ADMIN/Edit Text/Bespoke/Seller Pages/Onboarding_Settings/input_ADDRESSEE LAST NAME_addressee-last-name'

2020-03-20 14:46:38 - [MESSAGE][PASSED] - Keys '*' sent to object: 'Object Repository/ADMIN/Edit Text/Bespoke/Seller Pages/Onboarding_Settings/input_ADDRESSEE LAST NAME_addressee-last-name'

2020-03-20 14:46:38 - [TEST_STEP][PASSED] - sendKeys(findTestObject("ADMIN/Edit Text/Bespoke/Seller Pages/Onboarding_Settings/input_ADDRESS_address"), "*"): Keys '*' sent to object: 'Object Repository/ADMIN/Edit Text/Bespoke/Seller Pages/Onboarding_Settings/input_ADDRESS_address'

2020-03-20 14:46:38 - [MESSAGE][PASSED] - Keys '*' sent to object: 'Object Repository/ADMIN/Edit Text/Bespoke/Seller Pages/Onboarding_Settings/input_ADDRESS_address'

2020-03-20 14:46:38 - [TEST_STEP][PASSED] - sendKeys(findTestObject("ADMIN/Edit Text/Bespoke/Seller Pages/Onboarding_Settings/input_SELECT COUNTRY_select-country"), "*"): Keys '*' sent to object: 'Object Repository/ADMIN/Edit Text/Bespoke/Seller Pages/Onboarding_Settings/input_SELECT COUNTRY_select-country'

2020-03-20 14:46:38 - [MESSAGE][PASSED] - Keys '*' sent to object: 'Object Repository/ADMIN/Edit Text/Bespoke/Seller Pages/Onboarding_Settings/input_SELECT COUNTRY_select-country'

2020-03-20 14:46:38 - [TEST_STEP][PASSED] - sendKeys(findTestObject("ADMIN/Edit Text/Bespoke/Seller Pages/Onboarding_Settings/input_COUNTRY_address-country"), "*"): Keys '*' sent to object: 'Object Repository/ADMIN/Edit Text/Bespoke/Seller Pages/Onboarding_Settings/input_COUNTRY_address-country'

2020-03-20 14:46:39 - [MESSAGE][PASSED] - Keys '*' sent to object: 'Object Repository/ADMIN/Edit Text/Bespoke/Seller Pages/Onboarding_Settings/input_COUNTRY_address-country'

2020-03-20 14:46:39 - [TEST_STEP][PASSED] - sendKeys(findTestObject("ADMIN/Edit Text/Bespoke/Seller Pages/Onboarding_Settings/input_STATE_address-state"), "*"): Keys '*' sent to object: 'Object Repository/ADMIN/Edit Text/Bespoke/Seller Pages/Onboarding_Settings/input_STATE_address-state'

2020-03-20 14:46:39 - [MESSAGE][PASSED] - Keys '*' sent to object: 'Object Repository/ADMIN/Edit Text/Bespoke/Seller Pages/Onboarding_Settings/input_STATE_address-state'

2020-03-20 14:46:39 - [TEST_STEP][PASSED] - sendKeys(findTestObject("ADMIN/Edit Text/Bespoke/Seller Pages/Onboarding_Settings/input_CITY_address-city"), "*"): Keys '*' sent to object: 'Object Repository/ADMIN/Edit Text/Bespoke/Seller Pages/Onboarding_Settings/input_CITY_address-city'

2020-03-20 14:46:39 - [MESSAGE][PASSED] - Keys '*' sent to object: 'Object Repository/ADMIN/Edit Text/Bespoke/Seller Pages/Onboarding_Settings/input_CITY_address-city'

2020-03-20 14:46:39 - [TEST_STEP][PASSED] - sendKeys(findTestObject("ADMIN/Edit Text/Bespoke/Seller Pages/Onboarding_Settings/input_POSTAL CODE_address-postalcode"), "*"): Keys '*' sent to object: 'Object Repository/ADMIN/Edit Text/Bespoke/Seller Pages/Onboarding_Settings/input_POSTAL CODE_address-postalcode'

2020-03-20 14:46:39 - [MESSAGE][PASSED] - Keys '*' sent to object: 'Object Repository/ADMIN/Edit Text/Bespoke/Seller Pages/Onboarding_Settings/input_POSTAL CODE_address-postalcode'

2020-03-20 14:46:39 - [TEST_STEP][PASSED] - sendKeys(findTestObject("ADMIN/Edit Text/Bespoke/Seller Pages/Onboarding_Settings/input_ADD ADDRESS_btn_add"), "*"): Keys '*' sent to object: 'Object Repository/ADMIN/Edit Text/Bespoke/Seller Pages/Onboarding_Settings/input_ADD ADDRESS_btn_add'

2020-03-20 14:46:40 - [MESSAGE][PASSED] - Keys '*' sent to object: 'Object Repository/ADMIN/Edit Text/Bespoke/Seller Pages/Onboarding_Settings/input_ADD ADDRESS_btn_add'

2020-03-20 14:46:40 - [TEST_STEP][PASSED] - sendKeys(findTestObject("ADMIN/Edit Text/Bespoke/Seller Pages/Onboarding_Settings/input_SAVED ADDRESSES_address-saved"), "*"): Keys '*' sent to object: 'Object Repository/ADMIN/Edit Text/Bespoke/Seller Pages/Onboarding_Settings/input_SAVED ADDRESSES_address-saved'

2020-03-20 14:46:40 - [MESSAGE][PASSED] - Keys '*' sent to object: 'Object Repository/ADMIN/Edit Text/Bespoke/Seller Pages/Onboarding_Settings/input_SAVED ADDRESSES_address-saved'

2020-03-20 14:46:40 - [TEST_STEP][PASSED] - sendKeys(findTestObject("ADMIN/Edit Text/Bespoke/Seller Pages/Onboarding_Settings/input_Next_btn_next (1)"), "*"): Keys '*' sent to object: 'Object Repository/ADMIN/Edit Text/Bespoke/Seller Pages/Onboarding_Settings/input_Next_btn_next (1)'

2020-03-20 14:46:40 - [MESSAGE][PASSED] - Keys '*' sent to object: 'Object Repository/ADMIN/Edit Text/Bespoke/Seller Pages/Onboarding_Settings/input_Next_btn_next (1)'

2020-03-20 14:46:40 - [TEST_STEP][PASSED] - sendKeys(findTestObject("ADMIN/Edit Text/Bespoke/Seller Pages/Onboarding_Settings/input_PAYMENT ACCEPTANCE_tan-title"), "*"): Keys '*' sent to object: 'Object Repository/ADMIN/Edit Text/Bespoke/Seller Pages/Onboarding_Settings/input_PAYMENT ACCEPTANCE_tan-title'

2020-03-20 14:46:40 - [MESSAGE][PASSED] - Keys '*' sent to object: 'Object Repository/ADMIN/Edit Text/Bespoke/Seller Pages/Onboarding_Settings/input_PAYMENT ACCEPTANCE_tan-title'

2020-03-20 14:46:40 - [TEST_STEP][PASSED] - sendKeys(findTestObject("ADMIN/Edit Text/Bespoke/Seller Pages/Onboarding_Settings/input_PAYMENT METHOD_payment_method"), "*"): Keys '*' sent to object: 'Object Repository/ADMIN/Edit Text/Bespoke/Seller Pages/Onboarding_Settings/input_PAYMENT METHOD_payment_method'

2020-03-20 14:46:40 - [MESSAGE][PASSED] - Keys '*' sent to object: 'Object Repository/ADMIN/Edit Text/Bespoke/Seller Pages/Onboarding_Settings/input_PAYMENT METHOD_payment_method'

2020-03-20 14:46:40 - [TEST_STEP][PASSED] - sendKeys(findTestObject("ADMIN/Edit Text/Bespoke/Seller Pages/Onboarding_Settings/input_Select your preferred payment method_select_payment_method"), "*"): Keys '*' sent to object: 'Object Repository/ADMIN/Edit Text/Bespoke/Seller Pages/Onboarding_Settings/input_Select your preferred payment method_select_payment_method'

2020-03-20 14:46:41 - [MESSAGE][PASSED] - Keys '*' sent to object: 'Object Repository/ADMIN/Edit Text/Bespoke/Seller Pages/Onboarding_Settings/input_Select your preferred payment method_select_payment_method'

2020-03-20 14:46:41 - [TEST_STEP][PASSED] - sendKeys(findTestObject("ADMIN/Edit Text/Bespoke/Seller Pages/Onboarding_Settings/input_LINK ACCOUNT_btn_link_account"), "*"): Keys '*' sent to object: 'Object Repository/ADMIN/Edit Text/Bespoke/Seller Pages/Onboarding_Settings/input_LINK ACCOUNT_btn_link_account'

2020-03-20 14:46:41 - [MESSAGE][PASSED] - Keys '*' sent to object: 'Object Repository/ADMIN/Edit Text/Bespoke/Seller Pages/Onboarding_Settings/input_LINK ACCOUNT_btn_link_account'

2020-03-20 14:46:41 - [TEST_STEP][PASSED] - sendKeys(findTestObject("ADMIN/Edit Text/Bespoke/Seller Pages/Onboarding_Settings/input_VERIFIED_verified"), "*"): Keys '*' sent to object: 'Object Repository/ADMIN/Edit Text/Bespoke/Seller Pages/Onboarding_Settings/input_VERIFIED_verified'

2020-03-20 14:46:41 - [MESSAGE][PASSED] - Keys '*' sent to object: 'Object Repository/ADMIN/Edit Text/Bespoke/Seller Pages/Onboarding_Settings/input_VERIFIED_verified'

2020-03-20 14:46:41 - [TEST_STEP][PASSED] - sendKeys(findTestObject("ADMIN/Edit Text/Bespoke/Seller Pages/Onboarding_Settings/input_This payment method is compulsory_this_method_compulsory"), "*"): Keys '*' sent to object: 'Object Repository/ADMIN/Edit Text/Bespoke/Seller Pages/Onboarding_Settings/input_This payment method is compulsory_this_method_compulsory'

2020-03-20 14:46:42 - [MESSAGE][PASSED] - Keys '*' sent to object: 'Object Repository/ADMIN/Edit Text/Bespoke/Seller Pages/Onboarding_Settings/input_This payment method is compulsory_this_method_compulsory'

2020-03-20 14:46:42 - [TEST_STEP][PASSED] - sendKeys(findTestObject("ADMIN/Edit Text/Bespoke/Seller Pages/Onboarding_Settings/input_No account linked yet_no-account-linked"), "*"): Keys '*' sent to object: 'Object Repository/ADMIN/Edit Text/Bespoke/Seller Pages/Onboarding_Settings/input_No account linked yet_no-account-linked'

2020-03-20 14:46:42 - [MESSAGE][PASSED] - Keys '*' sent to object: 'Object Repository/ADMIN/Edit Text/Bespoke/Seller Pages/Onboarding_Settings/input_No account linked yet_no-account-linked'

2020-03-20 14:46:42 - [TEST_STEP][PASSED] - sendKeys(findTestObject("ADMIN/Edit Text/Bespoke/Seller Pages/Onboarding_Settings/input_next3"), "*"): Keys '*' sent to object: 'Object Repository/ADMIN/Edit Text/Bespoke/Seller Pages/Onboarding_Settings/input_next3'

2020-03-20 14:46:42 - [MESSAGE][PASSED] - Keys '*' sent to object: 'Object Repository/ADMIN/Edit Text/Bespoke/Seller Pages/Onboarding_Settings/input_next3'

2020-03-20 14:46:42 - [TEST_STEP][PASSED] - sendKeys(findTestObject("ADMIN/Edit Text/Bespoke/Seller Pages/Onboarding_Settings/input_DELIVERY METHODS_tab-title1"), "*"): Keys '*' sent to object: 'Object Repository/ADMIN/Edit Text/Bespoke/Seller Pages/Onboarding_Settings/input_DELIVERY METHODS_tab-title1'

2020-03-20 14:46:42 - [MESSAGE][PASSED] - Keys '*' sent to object: 'Object Repository/ADMIN/Edit Text/Bespoke/Seller Pages/Onboarding_Settings/input_DELIVERY METHODS_tab-title1'

2020-03-20 14:46:42 - [TEST_STEP][PASSED] - sendKeys(findTestObject("ADMIN/Edit Text/Bespoke/Seller Pages/Onboarding_Settings/input_DELIVERY OPTIONS_delivery-option"), "*"): Keys '*' sent to object: 'Object Repository/ADMIN/Edit Text/Bespoke/Seller Pages/Onboarding_Settings/input_DELIVERY OPTIONS_delivery-option'

2020-03-20 14:46:43 - [MESSAGE][PASSED] - Keys '*' sent to object: 'Object Repository/ADMIN/Edit Text/Bespoke/Seller Pages/Onboarding_Settings/input_DELIVERY OPTIONS_delivery-option'

2020-03-20 14:46:43 - [TEST_STEP][PASSED] - sendKeys(findTestObject("ADMIN/Edit Text/Bespoke/Seller Pages/Onboarding_Settings/input_DELIVERY OPTIONS_delivery-txt2"), "*"): Keys '*' sent to object: 'Object Repository/ADMIN/Edit Text/Bespoke/Seller Pages/Onboarding_Settings/input_DELIVERY OPTIONS_delivery-txt2'

2020-03-20 14:46:43 - [MESSAGE][PASSED] - Keys '*' sent to object: 'Object Repository/ADMIN/Edit Text/Bespoke/Seller Pages/Onboarding_Settings/input_DELIVERY OPTIONS_delivery-txt2'

2020-03-20 14:46:43 - [TEST_STEP][PASSED] - sendKeys(findTestObject("ADMIN/Edit Text/Bespoke/Seller Pages/Onboarding_Settings/input_DELIVERY SERVICE_delivery-service"), "*"): Keys '*' sent to object: 'Object Repository/ADMIN/Edit Text/Bespoke/Seller Pages/Onboarding_Settings/input_DELIVERY SERVICE_delivery-service'

2020-03-20 14:46:43 - [MESSAGE][PASSED] - Keys '*' sent to object: 'Object Repository/ADMIN/Edit Text/Bespoke/Seller Pages/Onboarding_Settings/input_DELIVERY SERVICE_delivery-service'

2020-03-20 14:46:43 - [TEST_STEP][PASSED] - sendKeys(findTestObject("ADMIN/Edit Text/Bespoke/Seller Pages/Onboarding_Settings/input_SINGLE ITEM DELIVERY (A)_single-item-delivery"), "*"): Keys '*' sent to object: 'Object Repository/ADMIN/Edit Text/Bespoke/Seller Pages/Onboarding_Settings/input_SINGLE ITEM DELIVERY (A)_single-item-delivery'

2020-03-20 14:46:44 - [MESSAGE][PASSED] - Keys '*' sent to object: 'Object Repository/ADMIN/Edit Text/Bespoke/Seller Pages/Onboarding_Settings/input_SINGLE ITEM DELIVERY (A)_single-item-delivery'

2020-03-20 14:46:44 - [TEST_STEP][PASSED] - sendKeys(findTestObject("ADMIN/Edit Text/Bespoke/Seller Pages/Onboarding_Settings/input_WITH OTHER ITEM (B)_with-other-item"), "*"): Keys '*' sent to object: 'Object Repository/ADMIN/Edit Text/Bespoke/Seller Pages/Onboarding_Settings/input_WITH OTHER ITEM (B)_with-other-item'

2020-03-20 14:46:44 - [MESSAGE][PASSED] - Keys '*' sent to object: 'Object Repository/ADMIN/Edit Text/Bespoke/Seller Pages/Onboarding_Settings/input_WITH OTHER ITEM (B)_with-other-item'

2020-03-20 14:46:44 - [TEST_STEP][PASSED] - sendKeys(findTestObject("ADMIN/Edit Text/Bespoke/Seller Pages/Onboarding_Settings/input_ADD_btn_add"), "*"): Keys '*' sent to object: 'Object Repository/ADMIN/Edit Text/Bespoke/Seller Pages/Onboarding_Settings/input_ADD_btn_add'

2020-03-20 14:46:44 - [MESSAGE][PASSED] - Keys '*' sent to object: 'Object Repository/ADMIN/Edit Text/Bespoke/Seller Pages/Onboarding_Settings/input_ADD_btn_add'

2020-03-20 14:46:44 - [TEST_STEP][PASSED] - sendKeys(findTestObject("ADMIN/Edit Text/Bespoke/Seller Pages/Onboarding_Settings/input_PICK-UP LOCATIONS_pick-up-option"), "*"): Keys '*' sent to object: 'Object Repository/ADMIN/Edit Text/Bespoke/Seller Pages/Onboarding_Settings/input_PICK-UP LOCATIONS_pick-up-option'

2020-03-20 14:46:44 - [MESSAGE][PASSED] - Keys '*' sent to object: 'Object Repository/ADMIN/Edit Text/Bespoke/Seller Pages/Onboarding_Settings/input_PICK-UP LOCATIONS_pick-up-option'

2020-03-20 14:46:44 - [TEST_STEP][PASSED] - sendKeys(findTestObject("ADMIN/Edit Text/Bespoke/Seller Pages/Onboarding_Settings/textarea_Define the full address where the buyer can pick up from (You must have at least a delivery option or a pick-up location selected)"), "*"): Keys '*' sent to object: 'Object Repository/ADMIN/Edit Text/Bespoke/Seller Pages/Onboarding_Settings/textarea_Define the full address where the buyer can pick up from (You must have at least a delivery option or a pick-up location selected)'

2020-03-20 14:46:44 - [MESSAGE][PASSED] - Keys '*' sent to object: 'Object Repository/ADMIN/Edit Text/Bespoke/Seller Pages/Onboarding_Settings/textarea_Define the full address where the buyer can pick up from (You must have at least a delivery option or a pick-up location selected)'

2020-03-20 14:46:44 - [TEST_STEP][PASSED] - sendKeys(findTestObject("ADMIN/Edit Text/Bespoke/Seller Pages/Onboarding_Settings/input_Offer reduced shipping costs to buyers when they buy more than one item from you_delivery-txt2"), "*"): Keys '*' sent to object: 'Object Repository/ADMIN/Edit Text/Bespoke/Seller Pages/Onboarding_Settings/input_Offer reduced shipping costs to buyers when they buy more than one item from you_delivery-txt2'

2020-03-20 14:46:45 - [MESSAGE][PASSED] - Keys '*' sent to object: 'Object Repository/ADMIN/Edit Text/Bespoke/Seller Pages/Onboarding_Settings/input_Offer reduced shipping costs to buyers when they buy more than one item from you_delivery-txt2'

2020-03-20 14:46:45 - [TEST_STEP][PASSED] - sendKeys(findTestObject("ADMIN/Edit Text/Bespoke/Seller Pages/Onboarding_Settings/input_total delivery"), "*"): Keys '*' sent to object: 'Object Repository/ADMIN/Edit Text/Bespoke/Seller Pages/Onboarding_Settings/input_total delivery'

2020-03-20 14:46:45 - [MESSAGE][PASSED] - Keys '*' sent to object: 'Object Repository/ADMIN/Edit Text/Bespoke/Seller Pages/Onboarding_Settings/input_total delivery'

2020-03-20 14:46:45 - [TEST_STEP][PASSED] - sendKeys(findTestObject("ADMIN/Edit Text/Bespoke/Seller Pages/Onboarding_Settings/input_add1"), "*"): Keys '*' sent to object: 'Object Repository/ADMIN/Edit Text/Bespoke/Seller Pages/Onboarding_Settings/input_add1'

2020-03-20 14:46:45 - [MESSAGE][PASSED] - Keys '*' sent to object: 'Object Repository/ADMIN/Edit Text/Bespoke/Seller Pages/Onboarding_Settings/input_add1'

2020-03-20 14:46:45 - [TEST_STEP][PASSED] - sendKeys(findTestObject("ADMIN/Edit Text/Bespoke/Seller Pages/Onboarding_Settings/input_PICK-UP LOCATION ADDRESS_pick-up-address"), "*"): Keys '*' sent to object: 'Object Repository/ADMIN/Edit Text/Bespoke/Seller Pages/Onboarding_Settings/input_PICK-UP LOCATION ADDRESS_pick-up-address'

2020-03-20 14:46:46 - [MESSAGE][PASSED] - Keys '*' sent to object: 'Object Repository/ADMIN/Edit Text/Bespoke/Seller Pages/Onboarding_Settings/input_PICK-UP LOCATION ADDRESS_pick-up-address'

2020-03-20 14:46:46 - [TEST_STEP][PASSED] - sendKeys(findTestObject("ADMIN/Edit Text/Bespoke/Seller Pages/Onboarding_Settings/input_SAVE_btn_save"), "*"): Keys '*' sent to object: 'Object Repository/ADMIN/Edit Text/Bespoke/Seller Pages/Onboarding_Settings/input_SAVE_btn_save'

2020-03-20 14:46:46 - [MESSAGE][PASSED] - Keys '*' sent to object: 'Object Repository/ADMIN/Edit Text/Bespoke/Seller Pages/Onboarding_Settings/input_SAVE_btn_save'

2020-03-20 14:46:46 - [TEST_STEP][PASSED] - sendKeys(findTestObject("ADMIN/Edit Text/Bespoke/Seller Pages/Onboarding_Settings/input_Are you sure want to delete_popup-title"), "*"): Keys '*' sent to object: 'Object Repository/ADMIN/Edit Text/Bespoke/Seller Pages/Onboarding_Settings/input_Are you sure want to delete_popup-title'

2020-03-20 14:46:46 - [MESSAGE][PASSED] - Keys '*' sent to object: 'Object Repository/ADMIN/Edit Text/Bespoke/Seller Pages/Onboarding_Settings/input_Are you sure want to delete_popup-title'

2020-03-20 14:46:46 - [TEST_STEP][PASSED] - sendKeys(findTestObject("ADMIN/Edit Text/Bespoke/Seller Pages/Onboarding_Settings/input_CANCEL_btn_cancel"), "*"): Keys '*' sent to object: 'Object Repository/ADMIN/Edit Text/Bespoke/Seller Pages/Onboarding_Settings/input_CANCEL_btn_cancel'

2020-03-20 14:46:46 - [MESSAGE][PASSED] - Keys '*' sent to object: 'Object Repository/ADMIN/Edit Text/Bespoke/Seller Pages/Onboarding_Settings/input_CANCEL_btn_cancel'

2020-03-20 14:46:46 - [TEST_STEP][PASSED] - sendKeys(findTestObject("ADMIN/Edit Text/Bespoke/Seller Pages/Onboarding_Settings/input_Okay_btn_okay"), "*"): Keys '*' sent to object: 'Object Repository/ADMIN/Edit Text/Bespoke/Seller Pages/Onboarding_Settings/input_Okay_btn_okay'

2020-03-20 14:46:47 - [MESSAGE][PASSED] - Keys '*' sent to object: 'Object Repository/ADMIN/Edit Text/Bespoke/Seller Pages/Onboarding_Settings/input_Okay_btn_okay'

2020-03-20 14:46:47 - [TEST_STEP][PASSED] - sendKeys(findTestObject("ADMIN/Edit Text/Bespoke/Seller Pages/Onboarding_Settings/input_REMOVE ITEM_popup-title"), "*"): Keys '*' sent to object: 'Object Repository/ADMIN/Edit Text/Bespoke/Seller Pages/Onboarding_Settings/input_REMOVE ITEM_popup-title'

2020-03-20 14:46:47 - [MESSAGE][PASSED] - Keys '*' sent to object: 'Object Repository/ADMIN/Edit Text/Bespoke/Seller Pages/Onboarding_Settings/input_REMOVE ITEM_popup-title'

2020-03-20 14:46:47 - [TEST_STEP][PASSED] - sendKeys(findTestObject("ADMIN/Edit Text/Bespoke/Seller Pages/Onboarding_Settings/input_concat(Are you sure about removing this item from your list (It  ll be gone forever))_popup-title"), "*"): Keys '*' sent to object: 'Object Repository/ADMIN/Edit Text/Bespoke/Seller Pages/Onboarding_Settings/input_concat(Are you sure about removing this item from your list (It  ll be gone forever))_popup-title'

2020-03-20 14:46:47 - [MESSAGE][PASSED] - Keys '*' sent to object: 'Object Repository/ADMIN/Edit Text/Bespoke/Seller Pages/Onboarding_Settings/input_concat(Are you sure about removing this item from your list (It  ll be gone forever))_popup-title'

2020-03-20 14:46:47 - [TEST_STEP][PASSED] - sendKeys(findTestObject("ADMIN/Edit Text/Bespoke/Seller Pages/Onboarding_Settings/input_CANCEL_btn_cancel2"), "*"): Keys '*' sent to object: 'Object Repository/ADMIN/Edit Text/Bespoke/Seller Pages/Onboarding_Settings/input_CANCEL_btn_cancel2'

2020-03-20 14:46:47 - [MESSAGE][PASSED] - Keys '*' sent to object: 'Object Repository/ADMIN/Edit Text/Bespoke/Seller Pages/Onboarding_Settings/input_CANCEL_btn_cancel2'

2020-03-20 14:46:47 - [TEST_STEP][PASSED] - sendKeys(findTestObject("ADMIN/Edit Text/Bespoke/Seller Pages/Onboarding_Settings/input_Okay_btn_okay2"), "*"): Keys '*' sent to object: 'Object Repository/ADMIN/Edit Text/Bespoke/Seller Pages/Onboarding_Settings/input_Okay_btn_okay2'

2020-03-20 14:46:48 - [MESSAGE][PASSED] - Keys '*' sent to object: 'Object Repository/ADMIN/Edit Text/Bespoke/Seller Pages/Onboarding_Settings/input_Okay_btn_okay2'

2020-03-20 14:46:48 - [TEST_STEP][PASSED] - click(findTestObject("ADMIN/Edit Text/Bespoke/Buyer Pages/Homepage/button_save"), CONTINUE_ON_FAILURE): Object: 'Object Repository/ADMIN/Edit Text/Bespoke/Buyer Pages/Homepage/button_save' is clicked on

2020-03-20 14:46:48 - [MESSAGE][PASSED] - Object: 'Object Repository/ADMIN/Edit Text/Bespoke/Buyer Pages/Homepage/button_save' is clicked on

2020-03-20 14:46:48 - [TEST_STEP][PASSED] - waitForElementVisible(findTestObject("ADMIN/Edit Text/Bespoke/Buyer Pages/Homepage/toaster_success"), 0): Object 'Object Repository/ADMIN/Edit Text/Bespoke/Buyer Pages/Homepage/toaster_success' is visible

2020-03-20 14:46:48 - [MESSAGE][WARNING] - Timeout '0' is invalid. Using default page load timeout: '30'

2020-03-20 14:46:49 - [MESSAGE][PASSED] - Object 'Object Repository/ADMIN/Edit Text/Bespoke/Buyer Pages/Homepage/toaster_success' is visible]]></system-out>
         <system-err><![CDATA[]]></system-err>
      </testcase>
      <testcase name="Test Cases/ADMIN/Language/Edit Text/Bespoke/Seller/Onboarding_Settings" time="15.686" classname="Test Cases/ADMIN/Language/Edit Text/Bespoke/Seller/Onboarding_Settings" status="PASSED">
         <system-out><![CDATA[2020-03-20 14:46:49 - [TEST_CASE][PASSED] - Test Cases/ADMIN/Language/Edit Text/Bespoke/Seller/Onboarding_Settings: Test Cases/ADMIN/Language/Edit Text/Bespoke/Seller/Onboarding_Settings

2020-03-20 14:46:49 - [TEST_STEP][PASSED] - waitForElementVisible(findTestObject("ADMIN/Edit Text/Bespoke/Buyer Navigation/dd_language"), 0): Object 'Object Repository/ADMIN/Edit Text/Bespoke/Buyer Navigation/dd_language' is visible

2020-03-20 14:46:49 - [MESSAGE][WARNING] - Timeout '0' is invalid. Using default page load timeout: '30'

2020-03-20 14:46:49 - [MESSAGE][PASSED] - Object 'Object Repository/ADMIN/Edit Text/Bespoke/Buyer Navigation/dd_language' is visible

2020-03-20 14:46:49 - [TEST_STEP][PASSED] - selectOptionByLabel(findTestObject("ADMIN/Edit Text/Bespoke/Buyer Navigation/dd_language"), varLanguage, false): All options with label 'Russian' are selected in object 'Object Repository/ADMIN/Edit Text/Bespoke/Buyer Navigation/dd_language' 

2020-03-20 14:46:50 - [MESSAGE][PASSED] - All options with label 'Russian' are selected in object 'Object Repository/ADMIN/Edit Text/Bespoke/Buyer Navigation/dd_language' 

2020-03-20 14:46:50 - [TEST_STEP][PASSED] - sendKeys(findTestObject("ADMIN/Edit Text/Bespoke/Seller Pages/Onboarding_Settings/input_USER SETTINGS_marketplace-name"), "*"): Keys '*' sent to object: 'Object Repository/ADMIN/Edit Text/Bespoke/Seller Pages/Onboarding_Settings/input_USER SETTINGS_marketplace-name'

2020-03-20 14:46:51 - [MESSAGE][PASSED] - Keys '*' sent to object: 'Object Repository/ADMIN/Edit Text/Bespoke/Seller Pages/Onboarding_Settings/input_USER SETTINGS_marketplace-name'

2020-03-20 14:46:51 - [TEST_STEP][PASSED] - sendKeys(findTestObject("ADMIN/Edit Text/Bespoke/Seller Pages/Onboarding_Settings/input_Configure your profile your delivery methods and how you receive payments_item_details"), "*"): Keys '*' sent to object: 'Object Repository/ADMIN/Edit Text/Bespoke/Seller Pages/Onboarding_Settings/input_Configure your profile your delivery methods and how you receive payments_item_details'

2020-03-20 14:46:51 - [MESSAGE][PASSED] - Keys '*' sent to object: 'Object Repository/ADMIN/Edit Text/Bespoke/Seller Pages/Onboarding_Settings/input_Configure your profile your delivery methods and how you receive payments_item_details'

2020-03-20 14:46:51 - [TEST_STEP][PASSED] - sendKeys(findTestObject("ADMIN/Edit Text/Bespoke/Seller Pages/Onboarding_Settings/input_PROFILE_tab-title"), "*"): Keys '*' sent to object: 'Object Repository/ADMIN/Edit Text/Bespoke/Seller Pages/Onboarding_Settings/input_PROFILE_tab-title'

2020-03-20 14:46:51 - [MESSAGE][PASSED] - Keys '*' sent to object: 'Object Repository/ADMIN/Edit Text/Bespoke/Seller Pages/Onboarding_Settings/input_PROFILE_tab-title'

2020-03-20 14:46:51 - [TEST_STEP][PASSED] - sendKeys(findTestObject("ADMIN/Edit Text/Bespoke/Seller Pages/Onboarding_Settings/input_CHANGE_btn_upload"), "*"): Keys '*' sent to object: 'Object Repository/ADMIN/Edit Text/Bespoke/Seller Pages/Onboarding_Settings/input_CHANGE_btn_upload'

2020-03-20 14:46:52 - [MESSAGE][PASSED] - Keys '*' sent to object: 'Object Repository/ADMIN/Edit Text/Bespoke/Seller Pages/Onboarding_Settings/input_CHANGE_btn_upload'

2020-03-20 14:46:52 - [TEST_STEP][PASSED] - sendKeys(findTestObject("ADMIN/Edit Text/Bespoke/Seller Pages/Onboarding_Settings/input_DISPLAY NAME_display-name"), "*"): Keys '*' sent to object: 'Object Repository/ADMIN/Edit Text/Bespoke/Seller Pages/Onboarding_Settings/input_DISPLAY NAME_display-name'

2020-03-20 14:46:52 - [MESSAGE][PASSED] - Keys '*' sent to object: 'Object Repository/ADMIN/Edit Text/Bespoke/Seller Pages/Onboarding_Settings/input_DISPLAY NAME_display-name'

2020-03-20 14:46:52 - [TEST_STEP][PASSED] - sendKeys(findTestObject("ADMIN/Edit Text/Bespoke/Seller Pages/Onboarding_Settings/input_DESCRIPTION_description"), "*"): Keys '*' sent to object: 'Object Repository/ADMIN/Edit Text/Bespoke/Seller Pages/Onboarding_Settings/input_DESCRIPTION_description'

2020-03-20 14:46:52 - [MESSAGE][PASSED] - Keys '*' sent to object: 'Object Repository/ADMIN/Edit Text/Bespoke/Seller Pages/Onboarding_Settings/input_DESCRIPTION_description'

2020-03-20 14:46:52 - [TEST_STEP][PASSED] - sendKeys(findTestObject("ADMIN/Edit Text/Bespoke/Seller Pages/Onboarding_Settings/input_FIRST NAME_first-name"), "*"): Keys '*' sent to object: 'Object Repository/ADMIN/Edit Text/Bespoke/Seller Pages/Onboarding_Settings/input_FIRST NAME_first-name'

2020-03-20 14:46:52 - [MESSAGE][PASSED] - Keys '*' sent to object: 'Object Repository/ADMIN/Edit Text/Bespoke/Seller Pages/Onboarding_Settings/input_FIRST NAME_first-name'

2020-03-20 14:46:52 - [TEST_STEP][PASSED] - sendKeys(findTestObject("ADMIN/Edit Text/Bespoke/Seller Pages/Onboarding_Settings/input_LAST NAME_last-name"), "*"): Keys '*' sent to object: 'Object Repository/ADMIN/Edit Text/Bespoke/Seller Pages/Onboarding_Settings/input_LAST NAME_last-name'

2020-03-20 14:46:53 - [MESSAGE][PASSED] - Keys '*' sent to object: 'Object Repository/ADMIN/Edit Text/Bespoke/Seller Pages/Onboarding_Settings/input_LAST NAME_last-name'

2020-03-20 14:46:53 - [TEST_STEP][PASSED] - sendKeys(findTestObject("ADMIN/Edit Text/Bespoke/Seller Pages/Onboarding_Settings/input_NOTIFICATION EMAIL_notification-email"), "*"): Keys '*' sent to object: 'Object Repository/ADMIN/Edit Text/Bespoke/Seller Pages/Onboarding_Settings/input_NOTIFICATION EMAIL_notification-email'

2020-03-20 14:46:53 - [MESSAGE][PASSED] - Keys '*' sent to object: 'Object Repository/ADMIN/Edit Text/Bespoke/Seller Pages/Onboarding_Settings/input_NOTIFICATION EMAIL_notification-email'

2020-03-20 14:46:53 - [TEST_STEP][PASSED] - sendKeys(findTestObject("ADMIN/Edit Text/Bespoke/Seller Pages/Onboarding_Settings/input_CONTACT NUMBER_contact-number"), "*"): Keys '*' sent to object: 'Object Repository/ADMIN/Edit Text/Bespoke/Seller Pages/Onboarding_Settings/input_CONTACT NUMBER_contact-number'

2020-03-20 14:46:53 - [MESSAGE][PASSED] - Keys '*' sent to object: 'Object Repository/ADMIN/Edit Text/Bespoke/Seller Pages/Onboarding_Settings/input_CONTACT NUMBER_contact-number'

2020-03-20 14:46:53 - [TEST_STEP][PASSED] - sendKeys(findTestObject("ADMIN/Edit Text/Bespoke/Seller Pages/Onboarding_Settings/input_OPENID LOGIN_open-id-login"), "*"): Keys '*' sent to object: 'Object Repository/ADMIN/Edit Text/Bespoke/Seller Pages/Onboarding_Settings/input_OPENID LOGIN_open-id-login'

2020-03-20 14:46:53 - [MESSAGE][PASSED] - Keys '*' sent to object: 'Object Repository/ADMIN/Edit Text/Bespoke/Seller Pages/Onboarding_Settings/input_OPENID LOGIN_open-id-login'

2020-03-20 14:46:53 - [TEST_STEP][PASSED] - sendKeys(findTestObject("ADMIN/Edit Text/Bespoke/Seller Pages/Onboarding_Settings/input_SELLER LOCATION_seller_location"), "*"): Keys '*' sent to object: 'Object Repository/ADMIN/Edit Text/Bespoke/Seller Pages/Onboarding_Settings/input_SELLER LOCATION_seller_location'

2020-03-20 14:46:53 - [MESSAGE][PASSED] - Keys '*' sent to object: 'Object Repository/ADMIN/Edit Text/Bespoke/Seller Pages/Onboarding_Settings/input_SELLER LOCATION_seller_location'

2020-03-20 14:46:53 - [TEST_STEP][PASSED] - sendKeys(findTestObject("ADMIN/Edit Text/Bespoke/Seller Pages/Onboarding_Settings/textarea_For each transaction that is made through the marketplace there will be a seller transaction fee of"), "*"): Keys '*' sent to object: 'Object Repository/ADMIN/Edit Text/Bespoke/Seller Pages/Onboarding_Settings/textarea_For each transaction that is made through the marketplace there will be a seller transaction fee of'

2020-03-20 14:46:54 - [MESSAGE][PASSED] - Keys '*' sent to object: 'Object Repository/ADMIN/Edit Text/Bespoke/Seller Pages/Onboarding_Settings/textarea_For each transaction that is made through the marketplace there will be a seller transaction fee of'

2020-03-20 14:46:54 - [TEST_STEP][PASSED] - sendKeys(findTestObject("ADMIN/Edit Text/Bespoke/Seller Pages/Onboarding_Settings/input_NEXT_btn_next"), "*"): Keys '*' sent to object: 'Object Repository/ADMIN/Edit Text/Bespoke/Seller Pages/Onboarding_Settings/input_NEXT_btn_next'

2020-03-20 14:46:54 - [MESSAGE][PASSED] - Keys '*' sent to object: 'Object Repository/ADMIN/Edit Text/Bespoke/Seller Pages/Onboarding_Settings/input_NEXT_btn_next'

2020-03-20 14:46:54 - [TEST_STEP][PASSED] - sendKeys(findTestObject("ADMIN/Edit Text/Bespoke/Seller Pages/Onboarding_Settings/input_ADDRESS_tab-title"), "*"): Keys '*' sent to object: 'Object Repository/ADMIN/Edit Text/Bespoke/Seller Pages/Onboarding_Settings/input_ADDRESS_tab-title'

2020-03-20 14:46:54 - [MESSAGE][PASSED] - Keys '*' sent to object: 'Object Repository/ADMIN/Edit Text/Bespoke/Seller Pages/Onboarding_Settings/input_ADDRESS_tab-title'

2020-03-20 14:46:54 - [TEST_STEP][PASSED] - sendKeys(findTestObject("ADMIN/Edit Text/Bespoke/Seller Pages/Onboarding_Settings/input_NEW DELIVERY ADDRESS_new-delivery-address"), "*"): Keys '*' sent to object: 'Object Repository/ADMIN/Edit Text/Bespoke/Seller Pages/Onboarding_Settings/input_NEW DELIVERY ADDRESS_new-delivery-address'

2020-03-20 14:46:54 - [MESSAGE][PASSED] - Keys '*' sent to object: 'Object Repository/ADMIN/Edit Text/Bespoke/Seller Pages/Onboarding_Settings/input_NEW DELIVERY ADDRESS_new-delivery-address'

2020-03-20 14:46:54 - [TEST_STEP][PASSED] - sendKeys(findTestObject("ADMIN/Edit Text/Bespoke/Seller Pages/Onboarding_Settings/input_ADDRESSEE FIRST NAME_addressee-first-name"), "*"): Keys '*' sent to object: 'Object Repository/ADMIN/Edit Text/Bespoke/Seller Pages/Onboarding_Settings/input_ADDRESSEE FIRST NAME_addressee-first-name'

2020-03-20 14:46:54 - [MESSAGE][PASSED] - Keys '*' sent to object: 'Object Repository/ADMIN/Edit Text/Bespoke/Seller Pages/Onboarding_Settings/input_ADDRESSEE FIRST NAME_addressee-first-name'

2020-03-20 14:46:54 - [TEST_STEP][PASSED] - sendKeys(findTestObject("ADMIN/Edit Text/Bespoke/Seller Pages/Onboarding_Settings/input_ADDRESSEE LAST NAME_addressee-last-name"), "*"): Keys '*' sent to object: 'Object Repository/ADMIN/Edit Text/Bespoke/Seller Pages/Onboarding_Settings/input_ADDRESSEE LAST NAME_addressee-last-name'

2020-03-20 14:46:54 - [MESSAGE][PASSED] - Keys '*' sent to object: 'Object Repository/ADMIN/Edit Text/Bespoke/Seller Pages/Onboarding_Settings/input_ADDRESSEE LAST NAME_addressee-last-name'

2020-03-20 14:46:54 - [TEST_STEP][PASSED] - sendKeys(findTestObject("ADMIN/Edit Text/Bespoke/Seller Pages/Onboarding_Settings/input_ADDRESS_address"), "*"): Keys '*' sent to object: 'Object Repository/ADMIN/Edit Text/Bespoke/Seller Pages/Onboarding_Settings/input_ADDRESS_address'

2020-03-20 14:46:55 - [MESSAGE][PASSED] - Keys '*' sent to object: 'Object Repository/ADMIN/Edit Text/Bespoke/Seller Pages/Onboarding_Settings/input_ADDRESS_address'

2020-03-20 14:46:55 - [TEST_STEP][PASSED] - sendKeys(findTestObject("ADMIN/Edit Text/Bespoke/Seller Pages/Onboarding_Settings/input_SELECT COUNTRY_select-country"), "*"): Keys '*' sent to object: 'Object Repository/ADMIN/Edit Text/Bespoke/Seller Pages/Onboarding_Settings/input_SELECT COUNTRY_select-country'

2020-03-20 14:46:55 - [MESSAGE][PASSED] - Keys '*' sent to object: 'Object Repository/ADMIN/Edit Text/Bespoke/Seller Pages/Onboarding_Settings/input_SELECT COUNTRY_select-country'

2020-03-20 14:46:55 - [TEST_STEP][PASSED] - sendKeys(findTestObject("ADMIN/Edit Text/Bespoke/Seller Pages/Onboarding_Settings/input_COUNTRY_address-country"), "*"): Keys '*' sent to object: 'Object Repository/ADMIN/Edit Text/Bespoke/Seller Pages/Onboarding_Settings/input_COUNTRY_address-country'

2020-03-20 14:46:55 - [MESSAGE][PASSED] - Keys '*' sent to object: 'Object Repository/ADMIN/Edit Text/Bespoke/Seller Pages/Onboarding_Settings/input_COUNTRY_address-country'

2020-03-20 14:46:55 - [TEST_STEP][PASSED] - sendKeys(findTestObject("ADMIN/Edit Text/Bespoke/Seller Pages/Onboarding_Settings/input_STATE_address-state"), "*"): Keys '*' sent to object: 'Object Repository/ADMIN/Edit Text/Bespoke/Seller Pages/Onboarding_Settings/input_STATE_address-state'

2020-03-20 14:46:56 - [MESSAGE][PASSED] - Keys '*' sent to object: 'Object Repository/ADMIN/Edit Text/Bespoke/Seller Pages/Onboarding_Settings/input_STATE_address-state'

2020-03-20 14:46:56 - [TEST_STEP][PASSED] - sendKeys(findTestObject("ADMIN/Edit Text/Bespoke/Seller Pages/Onboarding_Settings/input_CITY_address-city"), "*"): Keys '*' sent to object: 'Object Repository/ADMIN/Edit Text/Bespoke/Seller Pages/Onboarding_Settings/input_CITY_address-city'

2020-03-20 14:46:56 - [MESSAGE][PASSED] - Keys '*' sent to object: 'Object Repository/ADMIN/Edit Text/Bespoke/Seller Pages/Onboarding_Settings/input_CITY_address-city'

2020-03-20 14:46:56 - [TEST_STEP][PASSED] - sendKeys(findTestObject("ADMIN/Edit Text/Bespoke/Seller Pages/Onboarding_Settings/input_POSTAL CODE_address-postalcode"), "*"): Keys '*' sent to object: 'Object Repository/ADMIN/Edit Text/Bespoke/Seller Pages/Onboarding_Settings/input_POSTAL CODE_address-postalcode'

2020-03-20 14:46:56 - [MESSAGE][PASSED] - Keys '*' sent to object: 'Object Repository/ADMIN/Edit Text/Bespoke/Seller Pages/Onboarding_Settings/input_POSTAL CODE_address-postalcode'

2020-03-20 14:46:56 - [TEST_STEP][PASSED] - sendKeys(findTestObject("ADMIN/Edit Text/Bespoke/Seller Pages/Onboarding_Settings/input_ADD ADDRESS_btn_add"), "*"): Keys '*' sent to object: 'Object Repository/ADMIN/Edit Text/Bespoke/Seller Pages/Onboarding_Settings/input_ADD ADDRESS_btn_add'

2020-03-20 14:46:56 - [MESSAGE][PASSED] - Keys '*' sent to object: 'Object Repository/ADMIN/Edit Text/Bespoke/Seller Pages/Onboarding_Settings/input_ADD ADDRESS_btn_add'

2020-03-20 14:46:56 - [TEST_STEP][PASSED] - sendKeys(findTestObject("ADMIN/Edit Text/Bespoke/Seller Pages/Onboarding_Settings/input_SAVED ADDRESSES_address-saved"), "*"): Keys '*' sent to object: 'Object Repository/ADMIN/Edit Text/Bespoke/Seller Pages/Onboarding_Settings/input_SAVED ADDRESSES_address-saved'

2020-03-20 14:46:56 - [MESSAGE][PASSED] - Keys '*' sent to object: 'Object Repository/ADMIN/Edit Text/Bespoke/Seller Pages/Onboarding_Settings/input_SAVED ADDRESSES_address-saved'

2020-03-20 14:46:56 - [TEST_STEP][PASSED] - sendKeys(findTestObject("ADMIN/Edit Text/Bespoke/Seller Pages/Onboarding_Settings/input_Next_btn_next (1)"), "*"): Keys '*' sent to object: 'Object Repository/ADMIN/Edit Text/Bespoke/Seller Pages/Onboarding_Settings/input_Next_btn_next (1)'

2020-03-20 14:46:57 - [MESSAGE][PASSED] - Keys '*' sent to object: 'Object Repository/ADMIN/Edit Text/Bespoke/Seller Pages/Onboarding_Settings/input_Next_btn_next (1)'

2020-03-20 14:46:57 - [TEST_STEP][PASSED] - sendKeys(findTestObject("ADMIN/Edit Text/Bespoke/Seller Pages/Onboarding_Settings/input_PAYMENT ACCEPTANCE_tan-title"), "*"): Keys '*' sent to object: 'Object Repository/ADMIN/Edit Text/Bespoke/Seller Pages/Onboarding_Settings/input_PAYMENT ACCEPTANCE_tan-title'

2020-03-20 14:46:57 - [MESSAGE][PASSED] - Keys '*' sent to object: 'Object Repository/ADMIN/Edit Text/Bespoke/Seller Pages/Onboarding_Settings/input_PAYMENT ACCEPTANCE_tan-title'

2020-03-20 14:46:57 - [TEST_STEP][PASSED] - sendKeys(findTestObject("ADMIN/Edit Text/Bespoke/Seller Pages/Onboarding_Settings/input_PAYMENT METHOD_payment_method"), "*"): Keys '*' sent to object: 'Object Repository/ADMIN/Edit Text/Bespoke/Seller Pages/Onboarding_Settings/input_PAYMENT METHOD_payment_method'

2020-03-20 14:46:57 - [MESSAGE][PASSED] - Keys '*' sent to object: 'Object Repository/ADMIN/Edit Text/Bespoke/Seller Pages/Onboarding_Settings/input_PAYMENT METHOD_payment_method'

2020-03-20 14:46:57 - [TEST_STEP][PASSED] - sendKeys(findTestObject("ADMIN/Edit Text/Bespoke/Seller Pages/Onboarding_Settings/input_Select your preferred payment method_select_payment_method"), "*"): Keys '*' sent to object: 'Object Repository/ADMIN/Edit Text/Bespoke/Seller Pages/Onboarding_Settings/input_Select your preferred payment method_select_payment_method'

2020-03-20 14:46:57 - [MESSAGE][PASSED] - Keys '*' sent to object: 'Object Repository/ADMIN/Edit Text/Bespoke/Seller Pages/Onboarding_Settings/input_Select your preferred payment method_select_payment_method'

2020-03-20 14:46:57 - [TEST_STEP][PASSED] - sendKeys(findTestObject("ADMIN/Edit Text/Bespoke/Seller Pages/Onboarding_Settings/input_LINK ACCOUNT_btn_link_account"), "*"): Keys '*' sent to object: 'Object Repository/ADMIN/Edit Text/Bespoke/Seller Pages/Onboarding_Settings/input_LINK ACCOUNT_btn_link_account'

2020-03-20 14:46:57 - [MESSAGE][PASSED] - Keys '*' sent to object: 'Object Repository/ADMIN/Edit Text/Bespoke/Seller Pages/Onboarding_Settings/input_LINK ACCOUNT_btn_link_account'

2020-03-20 14:46:57 - [TEST_STEP][PASSED] - sendKeys(findTestObject("ADMIN/Edit Text/Bespoke/Seller Pages/Onboarding_Settings/input_VERIFIED_verified"), "*"): Keys '*' sent to object: 'Object Repository/ADMIN/Edit Text/Bespoke/Seller Pages/Onboarding_Settings/input_VERIFIED_verified'

2020-03-20 14:46:58 - [MESSAGE][PASSED] - Keys '*' sent to object: 'Object Repository/ADMIN/Edit Text/Bespoke/Seller Pages/Onboarding_Settings/input_VERIFIED_verified'

2020-03-20 14:46:58 - [TEST_STEP][PASSED] - sendKeys(findTestObject("ADMIN/Edit Text/Bespoke/Seller Pages/Onboarding_Settings/input_This payment method is compulsory_this_method_compulsory"), "*"): Keys '*' sent to object: 'Object Repository/ADMIN/Edit Text/Bespoke/Seller Pages/Onboarding_Settings/input_This payment method is compulsory_this_method_compulsory'

2020-03-20 14:46:58 - [MESSAGE][PASSED] - Keys '*' sent to object: 'Object Repository/ADMIN/Edit Text/Bespoke/Seller Pages/Onboarding_Settings/input_This payment method is compulsory_this_method_compulsory'

2020-03-20 14:46:58 - [TEST_STEP][PASSED] - sendKeys(findTestObject("ADMIN/Edit Text/Bespoke/Seller Pages/Onboarding_Settings/input_No account linked yet_no-account-linked"), "*"): Keys '*' sent to object: 'Object Repository/ADMIN/Edit Text/Bespoke/Seller Pages/Onboarding_Settings/input_No account linked yet_no-account-linked'

2020-03-20 14:46:58 - [MESSAGE][PASSED] - Keys '*' sent to object: 'Object Repository/ADMIN/Edit Text/Bespoke/Seller Pages/Onboarding_Settings/input_No account linked yet_no-account-linked'

2020-03-20 14:46:58 - [TEST_STEP][PASSED] - sendKeys(findTestObject("ADMIN/Edit Text/Bespoke/Seller Pages/Onboarding_Settings/input_next3"), "*"): Keys '*' sent to object: 'Object Repository/ADMIN/Edit Text/Bespoke/Seller Pages/Onboarding_Settings/input_next3'

2020-03-20 14:46:58 - [MESSAGE][PASSED] - Keys '*' sent to object: 'Object Repository/ADMIN/Edit Text/Bespoke/Seller Pages/Onboarding_Settings/input_next3'

2020-03-20 14:46:58 - [TEST_STEP][PASSED] - sendKeys(findTestObject("ADMIN/Edit Text/Bespoke/Seller Pages/Onboarding_Settings/input_DELIVERY METHODS_tab-title1"), "*"): Keys '*' sent to object: 'Object Repository/ADMIN/Edit Text/Bespoke/Seller Pages/Onboarding_Settings/input_DELIVERY METHODS_tab-title1'

2020-03-20 14:46:59 - [MESSAGE][PASSED] - Keys '*' sent to object: 'Object Repository/ADMIN/Edit Text/Bespoke/Seller Pages/Onboarding_Settings/input_DELIVERY METHODS_tab-title1'

2020-03-20 14:46:59 - [TEST_STEP][PASSED] - sendKeys(findTestObject("ADMIN/Edit Text/Bespoke/Seller Pages/Onboarding_Settings/input_DELIVERY OPTIONS_delivery-option"), "*"): Keys '*' sent to object: 'Object Repository/ADMIN/Edit Text/Bespoke/Seller Pages/Onboarding_Settings/input_DELIVERY OPTIONS_delivery-option'

2020-03-20 14:46:59 - [MESSAGE][PASSED] - Keys '*' sent to object: 'Object Repository/ADMIN/Edit Text/Bespoke/Seller Pages/Onboarding_Settings/input_DELIVERY OPTIONS_delivery-option'

2020-03-20 14:46:59 - [TEST_STEP][PASSED] - sendKeys(findTestObject("ADMIN/Edit Text/Bespoke/Seller Pages/Onboarding_Settings/input_DELIVERY OPTIONS_delivery-txt2"), "*"): Keys '*' sent to object: 'Object Repository/ADMIN/Edit Text/Bespoke/Seller Pages/Onboarding_Settings/input_DELIVERY OPTIONS_delivery-txt2'

2020-03-20 14:46:59 - [MESSAGE][PASSED] - Keys '*' sent to object: 'Object Repository/ADMIN/Edit Text/Bespoke/Seller Pages/Onboarding_Settings/input_DELIVERY OPTIONS_delivery-txt2'

2020-03-20 14:46:59 - [TEST_STEP][PASSED] - sendKeys(findTestObject("ADMIN/Edit Text/Bespoke/Seller Pages/Onboarding_Settings/input_DELIVERY SERVICE_delivery-service"), "*"): Keys '*' sent to object: 'Object Repository/ADMIN/Edit Text/Bespoke/Seller Pages/Onboarding_Settings/input_DELIVERY SERVICE_delivery-service'

2020-03-20 14:46:59 - [MESSAGE][PASSED] - Keys '*' sent to object: 'Object Repository/ADMIN/Edit Text/Bespoke/Seller Pages/Onboarding_Settings/input_DELIVERY SERVICE_delivery-service'

2020-03-20 14:46:59 - [TEST_STEP][PASSED] - sendKeys(findTestObject("ADMIN/Edit Text/Bespoke/Seller Pages/Onboarding_Settings/input_SINGLE ITEM DELIVERY (A)_single-item-delivery"), "*"): Keys '*' sent to object: 'Object Repository/ADMIN/Edit Text/Bespoke/Seller Pages/Onboarding_Settings/input_SINGLE ITEM DELIVERY (A)_single-item-delivery'

2020-03-20 14:47:00 - [MESSAGE][PASSED] - Keys '*' sent to object: 'Object Repository/ADMIN/Edit Text/Bespoke/Seller Pages/Onboarding_Settings/input_SINGLE ITEM DELIVERY (A)_single-item-delivery'

2020-03-20 14:47:00 - [TEST_STEP][PASSED] - sendKeys(findTestObject("ADMIN/Edit Text/Bespoke/Seller Pages/Onboarding_Settings/input_WITH OTHER ITEM (B)_with-other-item"), "*"): Keys '*' sent to object: 'Object Repository/ADMIN/Edit Text/Bespoke/Seller Pages/Onboarding_Settings/input_WITH OTHER ITEM (B)_with-other-item'

2020-03-20 14:47:00 - [MESSAGE][PASSED] - Keys '*' sent to object: 'Object Repository/ADMIN/Edit Text/Bespoke/Seller Pages/Onboarding_Settings/input_WITH OTHER ITEM (B)_with-other-item'

2020-03-20 14:47:00 - [TEST_STEP][PASSED] - sendKeys(findTestObject("ADMIN/Edit Text/Bespoke/Seller Pages/Onboarding_Settings/input_ADD_btn_add"), "*"): Keys '*' sent to object: 'Object Repository/ADMIN/Edit Text/Bespoke/Seller Pages/Onboarding_Settings/input_ADD_btn_add'

2020-03-20 14:47:00 - [MESSAGE][PASSED] - Keys '*' sent to object: 'Object Repository/ADMIN/Edit Text/Bespoke/Seller Pages/Onboarding_Settings/input_ADD_btn_add'

2020-03-20 14:47:00 - [TEST_STEP][PASSED] - sendKeys(findTestObject("ADMIN/Edit Text/Bespoke/Seller Pages/Onboarding_Settings/input_PICK-UP LOCATIONS_pick-up-option"), "*"): Keys '*' sent to object: 'Object Repository/ADMIN/Edit Text/Bespoke/Seller Pages/Onboarding_Settings/input_PICK-UP LOCATIONS_pick-up-option'

2020-03-20 14:47:00 - [MESSAGE][PASSED] - Keys '*' sent to object: 'Object Repository/ADMIN/Edit Text/Bespoke/Seller Pages/Onboarding_Settings/input_PICK-UP LOCATIONS_pick-up-option'

2020-03-20 14:47:00 - [TEST_STEP][PASSED] - sendKeys(findTestObject("ADMIN/Edit Text/Bespoke/Seller Pages/Onboarding_Settings/textarea_Define the full address where the buyer can pick up from (You must have at least a delivery option or a pick-up location selected)"), "*"): Keys '*' sent to object: 'Object Repository/ADMIN/Edit Text/Bespoke/Seller Pages/Onboarding_Settings/textarea_Define the full address where the buyer can pick up from (You must have at least a delivery option or a pick-up location selected)'

2020-03-20 14:47:00 - [MESSAGE][PASSED] - Keys '*' sent to object: 'Object Repository/ADMIN/Edit Text/Bespoke/Seller Pages/Onboarding_Settings/textarea_Define the full address where the buyer can pick up from (You must have at least a delivery option or a pick-up location selected)'

2020-03-20 14:47:00 - [TEST_STEP][PASSED] - sendKeys(findTestObject("ADMIN/Edit Text/Bespoke/Seller Pages/Onboarding_Settings/input_Offer reduced shipping costs to buyers when they buy more than one item from you_delivery-txt2"), "*"): Keys '*' sent to object: 'Object Repository/ADMIN/Edit Text/Bespoke/Seller Pages/Onboarding_Settings/input_Offer reduced shipping costs to buyers when they buy more than one item from you_delivery-txt2'

2020-03-20 14:47:01 - [MESSAGE][PASSED] - Keys '*' sent to object: 'Object Repository/ADMIN/Edit Text/Bespoke/Seller Pages/Onboarding_Settings/input_Offer reduced shipping costs to buyers when they buy more than one item from you_delivery-txt2'

2020-03-20 14:47:01 - [TEST_STEP][PASSED] - sendKeys(findTestObject("ADMIN/Edit Text/Bespoke/Seller Pages/Onboarding_Settings/input_total delivery"), "*"): Keys '*' sent to object: 'Object Repository/ADMIN/Edit Text/Bespoke/Seller Pages/Onboarding_Settings/input_total delivery'

2020-03-20 14:47:01 - [MESSAGE][PASSED] - Keys '*' sent to object: 'Object Repository/ADMIN/Edit Text/Bespoke/Seller Pages/Onboarding_Settings/input_total delivery'

2020-03-20 14:47:01 - [TEST_STEP][PASSED] - sendKeys(findTestObject("ADMIN/Edit Text/Bespoke/Seller Pages/Onboarding_Settings/input_add1"), "*"): Keys '*' sent to object: 'Object Repository/ADMIN/Edit Text/Bespoke/Seller Pages/Onboarding_Settings/input_add1'

2020-03-20 14:47:01 - [MESSAGE][PASSED] - Keys '*' sent to object: 'Object Repository/ADMIN/Edit Text/Bespoke/Seller Pages/Onboarding_Settings/input_add1'

2020-03-20 14:47:01 - [TEST_STEP][PASSED] - sendKeys(findTestObject("ADMIN/Edit Text/Bespoke/Seller Pages/Onboarding_Settings/input_PICK-UP LOCATION ADDRESS_pick-up-address"), "*"): Keys '*' sent to object: 'Object Repository/ADMIN/Edit Text/Bespoke/Seller Pages/Onboarding_Settings/input_PICK-UP LOCATION ADDRESS_pick-up-address'

2020-03-20 14:47:01 - [MESSAGE][PASSED] - Keys '*' sent to object: 'Object Repository/ADMIN/Edit Text/Bespoke/Seller Pages/Onboarding_Settings/input_PICK-UP LOCATION ADDRESS_pick-up-address'

2020-03-20 14:47:01 - [TEST_STEP][PASSED] - sendKeys(findTestObject("ADMIN/Edit Text/Bespoke/Seller Pages/Onboarding_Settings/input_SAVE_btn_save"), "*"): Keys '*' sent to object: 'Object Repository/ADMIN/Edit Text/Bespoke/Seller Pages/Onboarding_Settings/input_SAVE_btn_save'

2020-03-20 14:47:01 - [MESSAGE][PASSED] - Keys '*' sent to object: 'Object Repository/ADMIN/Edit Text/Bespoke/Seller Pages/Onboarding_Settings/input_SAVE_btn_save'

2020-03-20 14:47:01 - [TEST_STEP][PASSED] - sendKeys(findTestObject("ADMIN/Edit Text/Bespoke/Seller Pages/Onboarding_Settings/input_Are you sure want to delete_popup-title"), "*"): Keys '*' sent to object: 'Object Repository/ADMIN/Edit Text/Bespoke/Seller Pages/Onboarding_Settings/input_Are you sure want to delete_popup-title'

2020-03-20 14:47:02 - [MESSAGE][PASSED] - Keys '*' sent to object: 'Object Repository/ADMIN/Edit Text/Bespoke/Seller Pages/Onboarding_Settings/input_Are you sure want to delete_popup-title'

2020-03-20 14:47:02 - [TEST_STEP][PASSED] - sendKeys(findTestObject("ADMIN/Edit Text/Bespoke/Seller Pages/Onboarding_Settings/input_CANCEL_btn_cancel"), "*"): Keys '*' sent to object: 'Object Repository/ADMIN/Edit Text/Bespoke/Seller Pages/Onboarding_Settings/input_CANCEL_btn_cancel'

2020-03-20 14:47:02 - [MESSAGE][PASSED] - Keys '*' sent to object: 'Object Repository/ADMIN/Edit Text/Bespoke/Seller Pages/Onboarding_Settings/input_CANCEL_btn_cancel'

2020-03-20 14:47:02 - [TEST_STEP][PASSED] - sendKeys(findTestObject("ADMIN/Edit Text/Bespoke/Seller Pages/Onboarding_Settings/input_Okay_btn_okay"), "*"): Keys '*' sent to object: 'Object Repository/ADMIN/Edit Text/Bespoke/Seller Pages/Onboarding_Settings/input_Okay_btn_okay'

2020-03-20 14:47:02 - [MESSAGE][PASSED] - Keys '*' sent to object: 'Object Repository/ADMIN/Edit Text/Bespoke/Seller Pages/Onboarding_Settings/input_Okay_btn_okay'

2020-03-20 14:47:02 - [TEST_STEP][PASSED] - sendKeys(findTestObject("ADMIN/Edit Text/Bespoke/Seller Pages/Onboarding_Settings/input_REMOVE ITEM_popup-title"), "*"): Keys '*' sent to object: 'Object Repository/ADMIN/Edit Text/Bespoke/Seller Pages/Onboarding_Settings/input_REMOVE ITEM_popup-title'

2020-03-20 14:47:02 - [MESSAGE][PASSED] - Keys '*' sent to object: 'Object Repository/ADMIN/Edit Text/Bespoke/Seller Pages/Onboarding_Settings/input_REMOVE ITEM_popup-title'

2020-03-20 14:47:02 - [TEST_STEP][PASSED] - sendKeys(findTestObject("ADMIN/Edit Text/Bespoke/Seller Pages/Onboarding_Settings/input_concat(Are you sure about removing this item from your list (It  ll be gone forever))_popup-title"), "*"): Keys '*' sent to object: 'Object Repository/ADMIN/Edit Text/Bespoke/Seller Pages/Onboarding_Settings/input_concat(Are you sure about removing this item from your list (It  ll be gone forever))_popup-title'

2020-03-20 14:47:02 - [MESSAGE][PASSED] - Keys '*' sent to object: 'Object Repository/ADMIN/Edit Text/Bespoke/Seller Pages/Onboarding_Settings/input_concat(Are you sure about removing this item from your list (It  ll be gone forever))_popup-title'

2020-03-20 14:47:02 - [TEST_STEP][PASSED] - sendKeys(findTestObject("ADMIN/Edit Text/Bespoke/Seller Pages/Onboarding_Settings/input_CANCEL_btn_cancel2"), "*"): Keys '*' sent to object: 'Object Repository/ADMIN/Edit Text/Bespoke/Seller Pages/Onboarding_Settings/input_CANCEL_btn_cancel2'

2020-03-20 14:47:03 - [MESSAGE][PASSED] - Keys '*' sent to object: 'Object Repository/ADMIN/Edit Text/Bespoke/Seller Pages/Onboarding_Settings/input_CANCEL_btn_cancel2'

2020-03-20 14:47:03 - [TEST_STEP][PASSED] - sendKeys(findTestObject("ADMIN/Edit Text/Bespoke/Seller Pages/Onboarding_Settings/input_Okay_btn_okay2"), "*"): Keys '*' sent to object: 'Object Repository/ADMIN/Edit Text/Bespoke/Seller Pages/Onboarding_Settings/input_Okay_btn_okay2'

2020-03-20 14:47:03 - [MESSAGE][PASSED] - Keys '*' sent to object: 'Object Repository/ADMIN/Edit Text/Bespoke/Seller Pages/Onboarding_Settings/input_Okay_btn_okay2'

2020-03-20 14:47:03 - [TEST_STEP][PASSED] - click(findTestObject("ADMIN/Edit Text/Bespoke/Buyer Pages/Homepage/button_save"), CONTINUE_ON_FAILURE): Object: 'Object Repository/ADMIN/Edit Text/Bespoke/Buyer Pages/Homepage/button_save' is clicked on

2020-03-20 14:47:03 - [MESSAGE][PASSED] - Object: 'Object Repository/ADMIN/Edit Text/Bespoke/Buyer Pages/Homepage/button_save' is clicked on

2020-03-20 14:47:03 - [TEST_STEP][PASSED] - waitForElementVisible(findTestObject("ADMIN/Edit Text/Bespoke/Buyer Pages/Homepage/toaster_success"), 0): Object 'Object Repository/ADMIN/Edit Text/Bespoke/Buyer Pages/Homepage/toaster_success' is visible

2020-03-20 14:47:03 - [MESSAGE][WARNING] - Timeout '0' is invalid. Using default page load timeout: '30'

2020-03-20 14:47:05 - [MESSAGE][PASSED] - Object 'Object Repository/ADMIN/Edit Text/Bespoke/Buyer Pages/Homepage/toaster_success' is visible]]></system-out>
         <system-err><![CDATA[]]></system-err>
      </testcase>
      <testcase name="Test Cases/ADMIN/Language/Edit Text/Bespoke/Seller/Onboarding_Settings" time="14.422" classname="Test Cases/ADMIN/Language/Edit Text/Bespoke/Seller/Onboarding_Settings" status="PASSED">
         <system-out><![CDATA[2020-03-20 14:47:05 - [TEST_CASE][PASSED] - Test Cases/ADMIN/Language/Edit Text/Bespoke/Seller/Onboarding_Settings: Test Cases/ADMIN/Language/Edit Text/Bespoke/Seller/Onboarding_Settings

2020-03-20 14:47:05 - [TEST_STEP][PASSED] - waitForElementVisible(findTestObject("ADMIN/Edit Text/Bespoke/Buyer Navigation/dd_language"), 0): Object 'Object Repository/ADMIN/Edit Text/Bespoke/Buyer Navigation/dd_language' is visible

2020-03-20 14:47:05 - [MESSAGE][WARNING] - Timeout '0' is invalid. Using default page load timeout: '30'

2020-03-20 14:47:05 - [MESSAGE][PASSED] - Object 'Object Repository/ADMIN/Edit Text/Bespoke/Buyer Navigation/dd_language' is visible

2020-03-20 14:47:05 - [TEST_STEP][PASSED] - selectOptionByLabel(findTestObject("ADMIN/Edit Text/Bespoke/Buyer Navigation/dd_language"), varLanguage, false): All options with label 'Italian' are selected in object 'Object Repository/ADMIN/Edit Text/Bespoke/Buyer Navigation/dd_language' 

2020-03-20 14:47:06 - [MESSAGE][PASSED] - All options with label 'Italian' are selected in object 'Object Repository/ADMIN/Edit Text/Bespoke/Buyer Navigation/dd_language' 

2020-03-20 14:47:06 - [TEST_STEP][PASSED] - sendKeys(findTestObject("ADMIN/Edit Text/Bespoke/Seller Pages/Onboarding_Settings/input_USER SETTINGS_marketplace-name"), "*"): Keys '*' sent to object: 'Object Repository/ADMIN/Edit Text/Bespoke/Seller Pages/Onboarding_Settings/input_USER SETTINGS_marketplace-name'

2020-03-20 14:47:06 - [MESSAGE][PASSED] - Keys '*' sent to object: 'Object Repository/ADMIN/Edit Text/Bespoke/Seller Pages/Onboarding_Settings/input_USER SETTINGS_marketplace-name'

2020-03-20 14:47:06 - [TEST_STEP][PASSED] - sendKeys(findTestObject("ADMIN/Edit Text/Bespoke/Seller Pages/Onboarding_Settings/input_Configure your profile your delivery methods and how you receive payments_item_details"), "*"): Keys '*' sent to object: 'Object Repository/ADMIN/Edit Text/Bespoke/Seller Pages/Onboarding_Settings/input_Configure your profile your delivery methods and how you receive payments_item_details'

2020-03-20 14:47:06 - [MESSAGE][PASSED] - Keys '*' sent to object: 'Object Repository/ADMIN/Edit Text/Bespoke/Seller Pages/Onboarding_Settings/input_Configure your profile your delivery methods and how you receive payments_item_details'

2020-03-20 14:47:06 - [TEST_STEP][PASSED] - sendKeys(findTestObject("ADMIN/Edit Text/Bespoke/Seller Pages/Onboarding_Settings/input_PROFILE_tab-title"), "*"): Keys '*' sent to object: 'Object Repository/ADMIN/Edit Text/Bespoke/Seller Pages/Onboarding_Settings/input_PROFILE_tab-title'

2020-03-20 14:47:06 - [MESSAGE][PASSED] - Keys '*' sent to object: 'Object Repository/ADMIN/Edit Text/Bespoke/Seller Pages/Onboarding_Settings/input_PROFILE_tab-title'

2020-03-20 14:47:06 - [TEST_STEP][PASSED] - sendKeys(findTestObject("ADMIN/Edit Text/Bespoke/Seller Pages/Onboarding_Settings/input_CHANGE_btn_upload"), "*"): Keys '*' sent to object: 'Object Repository/ADMIN/Edit Text/Bespoke/Seller Pages/Onboarding_Settings/input_CHANGE_btn_upload'

2020-03-20 14:47:07 - [MESSAGE][PASSED] - Keys '*' sent to object: 'Object Repository/ADMIN/Edit Text/Bespoke/Seller Pages/Onboarding_Settings/input_CHANGE_btn_upload'

2020-03-20 14:47:07 - [TEST_STEP][PASSED] - sendKeys(findTestObject("ADMIN/Edit Text/Bespoke/Seller Pages/Onboarding_Settings/input_DISPLAY NAME_display-name"), "*"): Keys '*' sent to object: 'Object Repository/ADMIN/Edit Text/Bespoke/Seller Pages/Onboarding_Settings/input_DISPLAY NAME_display-name'

2020-03-20 14:47:07 - [MESSAGE][PASSED] - Keys '*' sent to object: 'Object Repository/ADMIN/Edit Text/Bespoke/Seller Pages/Onboarding_Settings/input_DISPLAY NAME_display-name'

2020-03-20 14:47:07 - [TEST_STEP][PASSED] - sendKeys(findTestObject("ADMIN/Edit Text/Bespoke/Seller Pages/Onboarding_Settings/input_DESCRIPTION_description"), "*"): Keys '*' sent to object: 'Object Repository/ADMIN/Edit Text/Bespoke/Seller Pages/Onboarding_Settings/input_DESCRIPTION_description'

2020-03-20 14:47:07 - [MESSAGE][PASSED] - Keys '*' sent to object: 'Object Repository/ADMIN/Edit Text/Bespoke/Seller Pages/Onboarding_Settings/input_DESCRIPTION_description'

2020-03-20 14:47:07 - [TEST_STEP][PASSED] - sendKeys(findTestObject("ADMIN/Edit Text/Bespoke/Seller Pages/Onboarding_Settings/input_FIRST NAME_first-name"), "*"): Keys '*' sent to object: 'Object Repository/ADMIN/Edit Text/Bespoke/Seller Pages/Onboarding_Settings/input_FIRST NAME_first-name'

2020-03-20 14:47:07 - [MESSAGE][PASSED] - Keys '*' sent to object: 'Object Repository/ADMIN/Edit Text/Bespoke/Seller Pages/Onboarding_Settings/input_FIRST NAME_first-name'

2020-03-20 14:47:07 - [TEST_STEP][PASSED] - sendKeys(findTestObject("ADMIN/Edit Text/Bespoke/Seller Pages/Onboarding_Settings/input_LAST NAME_last-name"), "*"): Keys '*' sent to object: 'Object Repository/ADMIN/Edit Text/Bespoke/Seller Pages/Onboarding_Settings/input_LAST NAME_last-name'

2020-03-20 14:47:08 - [MESSAGE][PASSED] - Keys '*' sent to object: 'Object Repository/ADMIN/Edit Text/Bespoke/Seller Pages/Onboarding_Settings/input_LAST NAME_last-name'

2020-03-20 14:47:08 - [TEST_STEP][PASSED] - sendKeys(findTestObject("ADMIN/Edit Text/Bespoke/Seller Pages/Onboarding_Settings/input_NOTIFICATION EMAIL_notification-email"), "*"): Keys '*' sent to object: 'Object Repository/ADMIN/Edit Text/Bespoke/Seller Pages/Onboarding_Settings/input_NOTIFICATION EMAIL_notification-email'

2020-03-20 14:47:08 - [MESSAGE][PASSED] - Keys '*' sent to object: 'Object Repository/ADMIN/Edit Text/Bespoke/Seller Pages/Onboarding_Settings/input_NOTIFICATION EMAIL_notification-email'

2020-03-20 14:47:08 - [TEST_STEP][PASSED] - sendKeys(findTestObject("ADMIN/Edit Text/Bespoke/Seller Pages/Onboarding_Settings/input_CONTACT NUMBER_contact-number"), "*"): Keys '*' sent to object: 'Object Repository/ADMIN/Edit Text/Bespoke/Seller Pages/Onboarding_Settings/input_CONTACT NUMBER_contact-number'

2020-03-20 14:47:08 - [MESSAGE][PASSED] - Keys '*' sent to object: 'Object Repository/ADMIN/Edit Text/Bespoke/Seller Pages/Onboarding_Settings/input_CONTACT NUMBER_contact-number'

2020-03-20 14:47:08 - [TEST_STEP][PASSED] - sendKeys(findTestObject("ADMIN/Edit Text/Bespoke/Seller Pages/Onboarding_Settings/input_OPENID LOGIN_open-id-login"), "*"): Keys '*' sent to object: 'Object Repository/ADMIN/Edit Text/Bespoke/Seller Pages/Onboarding_Settings/input_OPENID LOGIN_open-id-login'

2020-03-20 14:47:08 - [MESSAGE][PASSED] - Keys '*' sent to object: 'Object Repository/ADMIN/Edit Text/Bespoke/Seller Pages/Onboarding_Settings/input_OPENID LOGIN_open-id-login'

2020-03-20 14:47:08 - [TEST_STEP][PASSED] - sendKeys(findTestObject("ADMIN/Edit Text/Bespoke/Seller Pages/Onboarding_Settings/input_SELLER LOCATION_seller_location"), "*"): Keys '*' sent to object: 'Object Repository/ADMIN/Edit Text/Bespoke/Seller Pages/Onboarding_Settings/input_SELLER LOCATION_seller_location'

2020-03-20 14:47:08 - [MESSAGE][PASSED] - Keys '*' sent to object: 'Object Repository/ADMIN/Edit Text/Bespoke/Seller Pages/Onboarding_Settings/input_SELLER LOCATION_seller_location'

2020-03-20 14:47:08 - [TEST_STEP][PASSED] - sendKeys(findTestObject("ADMIN/Edit Text/Bespoke/Seller Pages/Onboarding_Settings/textarea_For each transaction that is made through the marketplace there will be a seller transaction fee of"), "*"): Keys '*' sent to object: 'Object Repository/ADMIN/Edit Text/Bespoke/Seller Pages/Onboarding_Settings/textarea_For each transaction that is made through the marketplace there will be a seller transaction fee of'

2020-03-20 14:47:09 - [MESSAGE][PASSED] - Keys '*' sent to object: 'Object Repository/ADMIN/Edit Text/Bespoke/Seller Pages/Onboarding_Settings/textarea_For each transaction that is made through the marketplace there will be a seller transaction fee of'

2020-03-20 14:47:09 - [TEST_STEP][PASSED] - sendKeys(findTestObject("ADMIN/Edit Text/Bespoke/Seller Pages/Onboarding_Settings/input_NEXT_btn_next"), "*"): Keys '*' sent to object: 'Object Repository/ADMIN/Edit Text/Bespoke/Seller Pages/Onboarding_Settings/input_NEXT_btn_next'

2020-03-20 14:47:09 - [MESSAGE][PASSED] - Keys '*' sent to object: 'Object Repository/ADMIN/Edit Text/Bespoke/Seller Pages/Onboarding_Settings/input_NEXT_btn_next'

2020-03-20 14:47:09 - [TEST_STEP][PASSED] - sendKeys(findTestObject("ADMIN/Edit Text/Bespoke/Seller Pages/Onboarding_Settings/input_ADDRESS_tab-title"), "*"): Keys '*' sent to object: 'Object Repository/ADMIN/Edit Text/Bespoke/Seller Pages/Onboarding_Settings/input_ADDRESS_tab-title'

2020-03-20 14:47:09 - [MESSAGE][PASSED] - Keys '*' sent to object: 'Object Repository/ADMIN/Edit Text/Bespoke/Seller Pages/Onboarding_Settings/input_ADDRESS_tab-title'

2020-03-20 14:47:09 - [TEST_STEP][PASSED] - sendKeys(findTestObject("ADMIN/Edit Text/Bespoke/Seller Pages/Onboarding_Settings/input_NEW DELIVERY ADDRESS_new-delivery-address"), "*"): Keys '*' sent to object: 'Object Repository/ADMIN/Edit Text/Bespoke/Seller Pages/Onboarding_Settings/input_NEW DELIVERY ADDRESS_new-delivery-address'

2020-03-20 14:47:09 - [MESSAGE][PASSED] - Keys '*' sent to object: 'Object Repository/ADMIN/Edit Text/Bespoke/Seller Pages/Onboarding_Settings/input_NEW DELIVERY ADDRESS_new-delivery-address'

2020-03-20 14:47:09 - [TEST_STEP][PASSED] - sendKeys(findTestObject("ADMIN/Edit Text/Bespoke/Seller Pages/Onboarding_Settings/input_ADDRESSEE FIRST NAME_addressee-first-name"), "*"): Keys '*' sent to object: 'Object Repository/ADMIN/Edit Text/Bespoke/Seller Pages/Onboarding_Settings/input_ADDRESSEE FIRST NAME_addressee-first-name'

2020-03-20 14:47:09 - [MESSAGE][PASSED] - Keys '*' sent to object: 'Object Repository/ADMIN/Edit Text/Bespoke/Seller Pages/Onboarding_Settings/input_ADDRESSEE FIRST NAME_addressee-first-name'

2020-03-20 14:47:09 - [TEST_STEP][PASSED] - sendKeys(findTestObject("ADMIN/Edit Text/Bespoke/Seller Pages/Onboarding_Settings/input_ADDRESSEE LAST NAME_addressee-last-name"), "*"): Keys '*' sent to object: 'Object Repository/ADMIN/Edit Text/Bespoke/Seller Pages/Onboarding_Settings/input_ADDRESSEE LAST NAME_addressee-last-name'

2020-03-20 14:47:10 - [MESSAGE][PASSED] - Keys '*' sent to object: 'Object Repository/ADMIN/Edit Text/Bespoke/Seller Pages/Onboarding_Settings/input_ADDRESSEE LAST NAME_addressee-last-name'

2020-03-20 14:47:10 - [TEST_STEP][PASSED] - sendKeys(findTestObject("ADMIN/Edit Text/Bespoke/Seller Pages/Onboarding_Settings/input_ADDRESS_address"), "*"): Keys '*' sent to object: 'Object Repository/ADMIN/Edit Text/Bespoke/Seller Pages/Onboarding_Settings/input_ADDRESS_address'

2020-03-20 14:47:10 - [MESSAGE][PASSED] - Keys '*' sent to object: 'Object Repository/ADMIN/Edit Text/Bespoke/Seller Pages/Onboarding_Settings/input_ADDRESS_address'

2020-03-20 14:47:10 - [TEST_STEP][PASSED] - sendKeys(findTestObject("ADMIN/Edit Text/Bespoke/Seller Pages/Onboarding_Settings/input_SELECT COUNTRY_select-country"), "*"): Keys '*' sent to object: 'Object Repository/ADMIN/Edit Text/Bespoke/Seller Pages/Onboarding_Settings/input_SELECT COUNTRY_select-country'

2020-03-20 14:47:10 - [MESSAGE][PASSED] - Keys '*' sent to object: 'Object Repository/ADMIN/Edit Text/Bespoke/Seller Pages/Onboarding_Settings/input_SELECT COUNTRY_select-country'

2020-03-20 14:47:10 - [TEST_STEP][PASSED] - sendKeys(findTestObject("ADMIN/Edit Text/Bespoke/Seller Pages/Onboarding_Settings/input_COUNTRY_address-country"), "*"): Keys '*' sent to object: 'Object Repository/ADMIN/Edit Text/Bespoke/Seller Pages/Onboarding_Settings/input_COUNTRY_address-country'

2020-03-20 14:47:10 - [MESSAGE][PASSED] - Keys '*' sent to object: 'Object Repository/ADMIN/Edit Text/Bespoke/Seller Pages/Onboarding_Settings/input_COUNTRY_address-country'

2020-03-20 14:47:10 - [TEST_STEP][PASSED] - sendKeys(findTestObject("ADMIN/Edit Text/Bespoke/Seller Pages/Onboarding_Settings/input_STATE_address-state"), "*"): Keys '*' sent to object: 'Object Repository/ADMIN/Edit Text/Bespoke/Seller Pages/Onboarding_Settings/input_STATE_address-state'

2020-03-20 14:47:10 - [MESSAGE][PASSED] - Keys '*' sent to object: 'Object Repository/ADMIN/Edit Text/Bespoke/Seller Pages/Onboarding_Settings/input_STATE_address-state'

2020-03-20 14:47:10 - [TEST_STEP][PASSED] - sendKeys(findTestObject("ADMIN/Edit Text/Bespoke/Seller Pages/Onboarding_Settings/input_CITY_address-city"), "*"): Keys '*' sent to object: 'Object Repository/ADMIN/Edit Text/Bespoke/Seller Pages/Onboarding_Settings/input_CITY_address-city'

2020-03-20 14:47:11 - [MESSAGE][PASSED] - Keys '*' sent to object: 'Object Repository/ADMIN/Edit Text/Bespoke/Seller Pages/Onboarding_Settings/input_CITY_address-city'

2020-03-20 14:47:11 - [TEST_STEP][PASSED] - sendKeys(findTestObject("ADMIN/Edit Text/Bespoke/Seller Pages/Onboarding_Settings/input_POSTAL CODE_address-postalcode"), "*"): Keys '*' sent to object: 'Object Repository/ADMIN/Edit Text/Bespoke/Seller Pages/Onboarding_Settings/input_POSTAL CODE_address-postalcode'

2020-03-20 14:47:11 - [MESSAGE][PASSED] - Keys '*' sent to object: 'Object Repository/ADMIN/Edit Text/Bespoke/Seller Pages/Onboarding_Settings/input_POSTAL CODE_address-postalcode'

2020-03-20 14:47:11 - [TEST_STEP][PASSED] - sendKeys(findTestObject("ADMIN/Edit Text/Bespoke/Seller Pages/Onboarding_Settings/input_ADD ADDRESS_btn_add"), "*"): Keys '*' sent to object: 'Object Repository/ADMIN/Edit Text/Bespoke/Seller Pages/Onboarding_Settings/input_ADD ADDRESS_btn_add'

2020-03-20 14:47:11 - [MESSAGE][PASSED] - Keys '*' sent to object: 'Object Repository/ADMIN/Edit Text/Bespoke/Seller Pages/Onboarding_Settings/input_ADD ADDRESS_btn_add'

2020-03-20 14:47:11 - [TEST_STEP][PASSED] - sendKeys(findTestObject("ADMIN/Edit Text/Bespoke/Seller Pages/Onboarding_Settings/input_SAVED ADDRESSES_address-saved"), "*"): Keys '*' sent to object: 'Object Repository/ADMIN/Edit Text/Bespoke/Seller Pages/Onboarding_Settings/input_SAVED ADDRESSES_address-saved'

2020-03-20 14:47:12 - [MESSAGE][PASSED] - Keys '*' sent to object: 'Object Repository/ADMIN/Edit Text/Bespoke/Seller Pages/Onboarding_Settings/input_SAVED ADDRESSES_address-saved'

2020-03-20 14:47:12 - [TEST_STEP][PASSED] - sendKeys(findTestObject("ADMIN/Edit Text/Bespoke/Seller Pages/Onboarding_Settings/input_Next_btn_next (1)"), "*"): Keys '*' sent to object: 'Object Repository/ADMIN/Edit Text/Bespoke/Seller Pages/Onboarding_Settings/input_Next_btn_next (1)'

2020-03-20 14:47:12 - [MESSAGE][PASSED] - Keys '*' sent to object: 'Object Repository/ADMIN/Edit Text/Bespoke/Seller Pages/Onboarding_Settings/input_Next_btn_next (1)'

2020-03-20 14:47:12 - [TEST_STEP][PASSED] - sendKeys(findTestObject("ADMIN/Edit Text/Bespoke/Seller Pages/Onboarding_Settings/input_PAYMENT ACCEPTANCE_tan-title"), "*"): Keys '*' sent to object: 'Object Repository/ADMIN/Edit Text/Bespoke/Seller Pages/Onboarding_Settings/input_PAYMENT ACCEPTANCE_tan-title'

2020-03-20 14:47:12 - [MESSAGE][PASSED] - Keys '*' sent to object: 'Object Repository/ADMIN/Edit Text/Bespoke/Seller Pages/Onboarding_Settings/input_PAYMENT ACCEPTANCE_tan-title'

2020-03-20 14:47:12 - [TEST_STEP][PASSED] - sendKeys(findTestObject("ADMIN/Edit Text/Bespoke/Seller Pages/Onboarding_Settings/input_PAYMENT METHOD_payment_method"), "*"): Keys '*' sent to object: 'Object Repository/ADMIN/Edit Text/Bespoke/Seller Pages/Onboarding_Settings/input_PAYMENT METHOD_payment_method'

2020-03-20 14:47:12 - [MESSAGE][PASSED] - Keys '*' sent to object: 'Object Repository/ADMIN/Edit Text/Bespoke/Seller Pages/Onboarding_Settings/input_PAYMENT METHOD_payment_method'

2020-03-20 14:47:12 - [TEST_STEP][PASSED] - sendKeys(findTestObject("ADMIN/Edit Text/Bespoke/Seller Pages/Onboarding_Settings/input_Select your preferred payment method_select_payment_method"), "*"): Keys '*' sent to object: 'Object Repository/ADMIN/Edit Text/Bespoke/Seller Pages/Onboarding_Settings/input_Select your preferred payment method_select_payment_method'

2020-03-20 14:47:12 - [MESSAGE][PASSED] - Keys '*' sent to object: 'Object Repository/ADMIN/Edit Text/Bespoke/Seller Pages/Onboarding_Settings/input_Select your preferred payment method_select_payment_method'

2020-03-20 14:47:12 - [TEST_STEP][PASSED] - sendKeys(findTestObject("ADMIN/Edit Text/Bespoke/Seller Pages/Onboarding_Settings/input_LINK ACCOUNT_btn_link_account"), "*"): Keys '*' sent to object: 'Object Repository/ADMIN/Edit Text/Bespoke/Seller Pages/Onboarding_Settings/input_LINK ACCOUNT_btn_link_account'

2020-03-20 14:47:13 - [MESSAGE][PASSED] - Keys '*' sent to object: 'Object Repository/ADMIN/Edit Text/Bespoke/Seller Pages/Onboarding_Settings/input_LINK ACCOUNT_btn_link_account'

2020-03-20 14:47:13 - [TEST_STEP][PASSED] - sendKeys(findTestObject("ADMIN/Edit Text/Bespoke/Seller Pages/Onboarding_Settings/input_VERIFIED_verified"), "*"): Keys '*' sent to object: 'Object Repository/ADMIN/Edit Text/Bespoke/Seller Pages/Onboarding_Settings/input_VERIFIED_verified'

2020-03-20 14:47:13 - [MESSAGE][PASSED] - Keys '*' sent to object: 'Object Repository/ADMIN/Edit Text/Bespoke/Seller Pages/Onboarding_Settings/input_VERIFIED_verified'

2020-03-20 14:47:13 - [TEST_STEP][PASSED] - sendKeys(findTestObject("ADMIN/Edit Text/Bespoke/Seller Pages/Onboarding_Settings/input_This payment method is compulsory_this_method_compulsory"), "*"): Keys '*' sent to object: 'Object Repository/ADMIN/Edit Text/Bespoke/Seller Pages/Onboarding_Settings/input_This payment method is compulsory_this_method_compulsory'

2020-03-20 14:47:13 - [MESSAGE][PASSED] - Keys '*' sent to object: 'Object Repository/ADMIN/Edit Text/Bespoke/Seller Pages/Onboarding_Settings/input_This payment method is compulsory_this_method_compulsory'

2020-03-20 14:47:13 - [TEST_STEP][PASSED] - sendKeys(findTestObject("ADMIN/Edit Text/Bespoke/Seller Pages/Onboarding_Settings/input_No account linked yet_no-account-linked"), "*"): Keys '*' sent to object: 'Object Repository/ADMIN/Edit Text/Bespoke/Seller Pages/Onboarding_Settings/input_No account linked yet_no-account-linked'

2020-03-20 14:47:13 - [MESSAGE][PASSED] - Keys '*' sent to object: 'Object Repository/ADMIN/Edit Text/Bespoke/Seller Pages/Onboarding_Settings/input_No account linked yet_no-account-linked'

2020-03-20 14:47:13 - [TEST_STEP][PASSED] - sendKeys(findTestObject("ADMIN/Edit Text/Bespoke/Seller Pages/Onboarding_Settings/input_next3"), "*"): Keys '*' sent to object: 'Object Repository/ADMIN/Edit Text/Bespoke/Seller Pages/Onboarding_Settings/input_next3'

2020-03-20 14:47:13 - [MESSAGE][PASSED] - Keys '*' sent to object: 'Object Repository/ADMIN/Edit Text/Bespoke/Seller Pages/Onboarding_Settings/input_next3'

2020-03-20 14:47:13 - [TEST_STEP][PASSED] - sendKeys(findTestObject("ADMIN/Edit Text/Bespoke/Seller Pages/Onboarding_Settings/input_DELIVERY METHODS_tab-title1"), "*"): Keys '*' sent to object: 'Object Repository/ADMIN/Edit Text/Bespoke/Seller Pages/Onboarding_Settings/input_DELIVERY METHODS_tab-title1'

2020-03-20 14:47:14 - [MESSAGE][PASSED] - Keys '*' sent to object: 'Object Repository/ADMIN/Edit Text/Bespoke/Seller Pages/Onboarding_Settings/input_DELIVERY METHODS_tab-title1'

2020-03-20 14:47:14 - [TEST_STEP][PASSED] - sendKeys(findTestObject("ADMIN/Edit Text/Bespoke/Seller Pages/Onboarding_Settings/input_DELIVERY OPTIONS_delivery-option"), "*"): Keys '*' sent to object: 'Object Repository/ADMIN/Edit Text/Bespoke/Seller Pages/Onboarding_Settings/input_DELIVERY OPTIONS_delivery-option'

2020-03-20 14:47:14 - [MESSAGE][PASSED] - Keys '*' sent to object: 'Object Repository/ADMIN/Edit Text/Bespoke/Seller Pages/Onboarding_Settings/input_DELIVERY OPTIONS_delivery-option'

2020-03-20 14:47:14 - [TEST_STEP][PASSED] - sendKeys(findTestObject("ADMIN/Edit Text/Bespoke/Seller Pages/Onboarding_Settings/input_DELIVERY OPTIONS_delivery-txt2"), "*"): Keys '*' sent to object: 'Object Repository/ADMIN/Edit Text/Bespoke/Seller Pages/Onboarding_Settings/input_DELIVERY OPTIONS_delivery-txt2'

2020-03-20 14:47:14 - [MESSAGE][PASSED] - Keys '*' sent to object: 'Object Repository/ADMIN/Edit Text/Bespoke/Seller Pages/Onboarding_Settings/input_DELIVERY OPTIONS_delivery-txt2'

2020-03-20 14:47:14 - [TEST_STEP][PASSED] - sendKeys(findTestObject("ADMIN/Edit Text/Bespoke/Seller Pages/Onboarding_Settings/input_DELIVERY SERVICE_delivery-service"), "*"): Keys '*' sent to object: 'Object Repository/ADMIN/Edit Text/Bespoke/Seller Pages/Onboarding_Settings/input_DELIVERY SERVICE_delivery-service'

2020-03-20 14:47:14 - [MESSAGE][PASSED] - Keys '*' sent to object: 'Object Repository/ADMIN/Edit Text/Bespoke/Seller Pages/Onboarding_Settings/input_DELIVERY SERVICE_delivery-service'

2020-03-20 14:47:14 - [TEST_STEP][PASSED] - sendKeys(findTestObject("ADMIN/Edit Text/Bespoke/Seller Pages/Onboarding_Settings/input_SINGLE ITEM DELIVERY (A)_single-item-delivery"), "*"): Keys '*' sent to object: 'Object Repository/ADMIN/Edit Text/Bespoke/Seller Pages/Onboarding_Settings/input_SINGLE ITEM DELIVERY (A)_single-item-delivery'

2020-03-20 14:47:15 - [MESSAGE][PASSED] - Keys '*' sent to object: 'Object Repository/ADMIN/Edit Text/Bespoke/Seller Pages/Onboarding_Settings/input_SINGLE ITEM DELIVERY (A)_single-item-delivery'

2020-03-20 14:47:15 - [TEST_STEP][PASSED] - sendKeys(findTestObject("ADMIN/Edit Text/Bespoke/Seller Pages/Onboarding_Settings/input_WITH OTHER ITEM (B)_with-other-item"), "*"): Keys '*' sent to object: 'Object Repository/ADMIN/Edit Text/Bespoke/Seller Pages/Onboarding_Settings/input_WITH OTHER ITEM (B)_with-other-item'

2020-03-20 14:47:15 - [MESSAGE][PASSED] - Keys '*' sent to object: 'Object Repository/ADMIN/Edit Text/Bespoke/Seller Pages/Onboarding_Settings/input_WITH OTHER ITEM (B)_with-other-item'

2020-03-20 14:47:15 - [TEST_STEP][PASSED] - sendKeys(findTestObject("ADMIN/Edit Text/Bespoke/Seller Pages/Onboarding_Settings/input_ADD_btn_add"), "*"): Keys '*' sent to object: 'Object Repository/ADMIN/Edit Text/Bespoke/Seller Pages/Onboarding_Settings/input_ADD_btn_add'

2020-03-20 14:47:15 - [MESSAGE][PASSED] - Keys '*' sent to object: 'Object Repository/ADMIN/Edit Text/Bespoke/Seller Pages/Onboarding_Settings/input_ADD_btn_add'

2020-03-20 14:47:15 - [TEST_STEP][PASSED] - sendKeys(findTestObject("ADMIN/Edit Text/Bespoke/Seller Pages/Onboarding_Settings/input_PICK-UP LOCATIONS_pick-up-option"), "*"): Keys '*' sent to object: 'Object Repository/ADMIN/Edit Text/Bespoke/Seller Pages/Onboarding_Settings/input_PICK-UP LOCATIONS_pick-up-option'

2020-03-20 14:47:15 - [MESSAGE][PASSED] - Keys '*' sent to object: 'Object Repository/ADMIN/Edit Text/Bespoke/Seller Pages/Onboarding_Settings/input_PICK-UP LOCATIONS_pick-up-option'

2020-03-20 14:47:15 - [TEST_STEP][PASSED] - sendKeys(findTestObject("ADMIN/Edit Text/Bespoke/Seller Pages/Onboarding_Settings/textarea_Define the full address where the buyer can pick up from (You must have at least a delivery option or a pick-up location selected)"), "*"): Keys '*' sent to object: 'Object Repository/ADMIN/Edit Text/Bespoke/Seller Pages/Onboarding_Settings/textarea_Define the full address where the buyer can pick up from (You must have at least a delivery option or a pick-up location selected)'

2020-03-20 14:47:15 - [MESSAGE][PASSED] - Keys '*' sent to object: 'Object Repository/ADMIN/Edit Text/Bespoke/Seller Pages/Onboarding_Settings/textarea_Define the full address where the buyer can pick up from (You must have at least a delivery option or a pick-up location selected)'

2020-03-20 14:47:15 - [TEST_STEP][PASSED] - sendKeys(findTestObject("ADMIN/Edit Text/Bespoke/Seller Pages/Onboarding_Settings/input_Offer reduced shipping costs to buyers when they buy more than one item from you_delivery-txt2"), "*"): Keys '*' sent to object: 'Object Repository/ADMIN/Edit Text/Bespoke/Seller Pages/Onboarding_Settings/input_Offer reduced shipping costs to buyers when they buy more than one item from you_delivery-txt2'

2020-03-20 14:47:16 - [MESSAGE][PASSED] - Keys '*' sent to object: 'Object Repository/ADMIN/Edit Text/Bespoke/Seller Pages/Onboarding_Settings/input_Offer reduced shipping costs to buyers when they buy more than one item from you_delivery-txt2'

2020-03-20 14:47:16 - [TEST_STEP][PASSED] - sendKeys(findTestObject("ADMIN/Edit Text/Bespoke/Seller Pages/Onboarding_Settings/input_total delivery"), "*"): Keys '*' sent to object: 'Object Repository/ADMIN/Edit Text/Bespoke/Seller Pages/Onboarding_Settings/input_total delivery'

2020-03-20 14:47:16 - [MESSAGE][PASSED] - Keys '*' sent to object: 'Object Repository/ADMIN/Edit Text/Bespoke/Seller Pages/Onboarding_Settings/input_total delivery'

2020-03-20 14:47:16 - [TEST_STEP][PASSED] - sendKeys(findTestObject("ADMIN/Edit Text/Bespoke/Seller Pages/Onboarding_Settings/input_add1"), "*"): Keys '*' sent to object: 'Object Repository/ADMIN/Edit Text/Bespoke/Seller Pages/Onboarding_Settings/input_add1'

2020-03-20 14:47:16 - [MESSAGE][PASSED] - Keys '*' sent to object: 'Object Repository/ADMIN/Edit Text/Bespoke/Seller Pages/Onboarding_Settings/input_add1'

2020-03-20 14:47:16 - [TEST_STEP][PASSED] - sendKeys(findTestObject("ADMIN/Edit Text/Bespoke/Seller Pages/Onboarding_Settings/input_PICK-UP LOCATION ADDRESS_pick-up-address"), "*"): Keys '*' sent to object: 'Object Repository/ADMIN/Edit Text/Bespoke/Seller Pages/Onboarding_Settings/input_PICK-UP LOCATION ADDRESS_pick-up-address'

2020-03-20 14:47:16 - [MESSAGE][PASSED] - Keys '*' sent to object: 'Object Repository/ADMIN/Edit Text/Bespoke/Seller Pages/Onboarding_Settings/input_PICK-UP LOCATION ADDRESS_pick-up-address'

2020-03-20 14:47:16 - [TEST_STEP][PASSED] - sendKeys(findTestObject("ADMIN/Edit Text/Bespoke/Seller Pages/Onboarding_Settings/input_SAVE_btn_save"), "*"): Keys '*' sent to object: 'Object Repository/ADMIN/Edit Text/Bespoke/Seller Pages/Onboarding_Settings/input_SAVE_btn_save'

2020-03-20 14:47:16 - [MESSAGE][PASSED] - Keys '*' sent to object: 'Object Repository/ADMIN/Edit Text/Bespoke/Seller Pages/Onboarding_Settings/input_SAVE_btn_save'

2020-03-20 14:47:16 - [TEST_STEP][PASSED] - sendKeys(findTestObject("ADMIN/Edit Text/Bespoke/Seller Pages/Onboarding_Settings/input_Are you sure want to delete_popup-title"), "*"): Keys '*' sent to object: 'Object Repository/ADMIN/Edit Text/Bespoke/Seller Pages/Onboarding_Settings/input_Are you sure want to delete_popup-title'

2020-03-20 14:47:17 - [MESSAGE][PASSED] - Keys '*' sent to object: 'Object Repository/ADMIN/Edit Text/Bespoke/Seller Pages/Onboarding_Settings/input_Are you sure want to delete_popup-title'

2020-03-20 14:47:17 - [TEST_STEP][PASSED] - sendKeys(findTestObject("ADMIN/Edit Text/Bespoke/Seller Pages/Onboarding_Settings/input_CANCEL_btn_cancel"), "*"): Keys '*' sent to object: 'Object Repository/ADMIN/Edit Text/Bespoke/Seller Pages/Onboarding_Settings/input_CANCEL_btn_cancel'

2020-03-20 14:47:17 - [MESSAGE][PASSED] - Keys '*' sent to object: 'Object Repository/ADMIN/Edit Text/Bespoke/Seller Pages/Onboarding_Settings/input_CANCEL_btn_cancel'

2020-03-20 14:47:17 - [TEST_STEP][PASSED] - sendKeys(findTestObject("ADMIN/Edit Text/Bespoke/Seller Pages/Onboarding_Settings/input_Okay_btn_okay"), "*"): Keys '*' sent to object: 'Object Repository/ADMIN/Edit Text/Bespoke/Seller Pages/Onboarding_Settings/input_Okay_btn_okay'

2020-03-20 14:47:17 - [MESSAGE][PASSED] - Keys '*' sent to object: 'Object Repository/ADMIN/Edit Text/Bespoke/Seller Pages/Onboarding_Settings/input_Okay_btn_okay'

2020-03-20 14:47:17 - [TEST_STEP][PASSED] - sendKeys(findTestObject("ADMIN/Edit Text/Bespoke/Seller Pages/Onboarding_Settings/input_REMOVE ITEM_popup-title"), "*"): Keys '*' sent to object: 'Object Repository/ADMIN/Edit Text/Bespoke/Seller Pages/Onboarding_Settings/input_REMOVE ITEM_popup-title'

2020-03-20 14:47:17 - [MESSAGE][PASSED] - Keys '*' sent to object: 'Object Repository/ADMIN/Edit Text/Bespoke/Seller Pages/Onboarding_Settings/input_REMOVE ITEM_popup-title'

2020-03-20 14:47:17 - [TEST_STEP][PASSED] - sendKeys(findTestObject("ADMIN/Edit Text/Bespoke/Seller Pages/Onboarding_Settings/input_concat(Are you sure about removing this item from your list (It  ll be gone forever))_popup-title"), "*"): Keys '*' sent to object: 'Object Repository/ADMIN/Edit Text/Bespoke/Seller Pages/Onboarding_Settings/input_concat(Are you sure about removing this item from your list (It  ll be gone forever))_popup-title'

2020-03-20 14:47:18 - [MESSAGE][PASSED] - Keys '*' sent to object: 'Object Repository/ADMIN/Edit Text/Bespoke/Seller Pages/Onboarding_Settings/input_concat(Are you sure about removing this item from your list (It  ll be gone forever))_popup-title'

2020-03-20 14:47:18 - [TEST_STEP][PASSED] - sendKeys(findTestObject("ADMIN/Edit Text/Bespoke/Seller Pages/Onboarding_Settings/input_CANCEL_btn_cancel2"), "*"): Keys '*' sent to object: 'Object Repository/ADMIN/Edit Text/Bespoke/Seller Pages/Onboarding_Settings/input_CANCEL_btn_cancel2'

2020-03-20 14:47:18 - [MESSAGE][PASSED] - Keys '*' sent to object: 'Object Repository/ADMIN/Edit Text/Bespoke/Seller Pages/Onboarding_Settings/input_CANCEL_btn_cancel2'

2020-03-20 14:47:18 - [TEST_STEP][PASSED] - sendKeys(findTestObject("ADMIN/Edit Text/Bespoke/Seller Pages/Onboarding_Settings/input_Okay_btn_okay2"), "*"): Keys '*' sent to object: 'Object Repository/ADMIN/Edit Text/Bespoke/Seller Pages/Onboarding_Settings/input_Okay_btn_okay2'

2020-03-20 14:47:18 - [MESSAGE][PASSED] - Keys '*' sent to object: 'Object Repository/ADMIN/Edit Text/Bespoke/Seller Pages/Onboarding_Settings/input_Okay_btn_okay2'

2020-03-20 14:47:18 - [TEST_STEP][PASSED] - click(findTestObject("ADMIN/Edit Text/Bespoke/Buyer Pages/Homepage/button_save"), CONTINUE_ON_FAILURE): Object: 'Object Repository/ADMIN/Edit Text/Bespoke/Buyer Pages/Homepage/button_save' is clicked on

2020-03-20 14:47:18 - [MESSAGE][PASSED] - Object: 'Object Repository/ADMIN/Edit Text/Bespoke/Buyer Pages/Homepage/button_save' is clicked on

2020-03-20 14:47:18 - [TEST_STEP][PASSED] - waitForElementVisible(findTestObject("ADMIN/Edit Text/Bespoke/Buyer Pages/Homepage/toaster_success"), 0): Object 'Object Repository/ADMIN/Edit Text/Bespoke/Buyer Pages/Homepage/toaster_success' is visible

2020-03-20 14:47:18 - [MESSAGE][WARNING] - Timeout '0' is invalid. Using default page load timeout: '30'

2020-03-20 14:47:19 - [MESSAGE][PASSED] - Object 'Object Repository/ADMIN/Edit Text/Bespoke/Buyer Pages/Homepage/toaster_success' is visible]]></system-out>
         <system-err><![CDATA[]]></system-err>
      </testcase>
      <testcase name="Test Cases/ADMIN/Language/Edit Text/Bespoke/Seller/Onboarding_Settings" time="16.408" classname="Test Cases/ADMIN/Language/Edit Text/Bespoke/Seller/Onboarding_Settings" status="PASSED">
         <system-out><![CDATA[2020-03-20 14:47:19 - [TEST_CASE][PASSED] - Test Cases/ADMIN/Language/Edit Text/Bespoke/Seller/Onboarding_Settings: Test Cases/ADMIN/Language/Edit Text/Bespoke/Seller/Onboarding_Settings

2020-03-20 14:47:19 - [TEST_STEP][PASSED] - waitForElementVisible(findTestObject("ADMIN/Edit Text/Bespoke/Buyer Navigation/dd_language"), 0): Object 'Object Repository/ADMIN/Edit Text/Bespoke/Buyer Navigation/dd_language' is visible

2020-03-20 14:47:19 - [MESSAGE][WARNING] - Timeout '0' is invalid. Using default page load timeout: '30'

2020-03-20 14:47:19 - [MESSAGE][PASSED] - Object 'Object Repository/ADMIN/Edit Text/Bespoke/Buyer Navigation/dd_language' is visible

2020-03-20 14:47:19 - [TEST_STEP][PASSED] - selectOptionByLabel(findTestObject("ADMIN/Edit Text/Bespoke/Buyer Navigation/dd_language"), varLanguage, false): All options with label 'Arabic' are selected in object 'Object Repository/ADMIN/Edit Text/Bespoke/Buyer Navigation/dd_language' 

2020-03-20 14:47:20 - [MESSAGE][PASSED] - All options with label 'Arabic' are selected in object 'Object Repository/ADMIN/Edit Text/Bespoke/Buyer Navigation/dd_language' 

2020-03-20 14:47:20 - [TEST_STEP][PASSED] - sendKeys(findTestObject("ADMIN/Edit Text/Bespoke/Seller Pages/Onboarding_Settings/input_USER SETTINGS_marketplace-name"), "*"): Keys '*' sent to object: 'Object Repository/ADMIN/Edit Text/Bespoke/Seller Pages/Onboarding_Settings/input_USER SETTINGS_marketplace-name'

2020-03-20 14:47:21 - [MESSAGE][PASSED] - Keys '*' sent to object: 'Object Repository/ADMIN/Edit Text/Bespoke/Seller Pages/Onboarding_Settings/input_USER SETTINGS_marketplace-name'

2020-03-20 14:47:21 - [TEST_STEP][PASSED] - sendKeys(findTestObject("ADMIN/Edit Text/Bespoke/Seller Pages/Onboarding_Settings/input_Configure your profile your delivery methods and how you receive payments_item_details"), "*"): Keys '*' sent to object: 'Object Repository/ADMIN/Edit Text/Bespoke/Seller Pages/Onboarding_Settings/input_Configure your profile your delivery methods and how you receive payments_item_details'

2020-03-20 14:47:21 - [MESSAGE][PASSED] - Keys '*' sent to object: 'Object Repository/ADMIN/Edit Text/Bespoke/Seller Pages/Onboarding_Settings/input_Configure your profile your delivery methods and how you receive payments_item_details'

2020-03-20 14:47:21 - [TEST_STEP][PASSED] - sendKeys(findTestObject("ADMIN/Edit Text/Bespoke/Seller Pages/Onboarding_Settings/input_PROFILE_tab-title"), "*"): Keys '*' sent to object: 'Object Repository/ADMIN/Edit Text/Bespoke/Seller Pages/Onboarding_Settings/input_PROFILE_tab-title'

2020-03-20 14:47:21 - [MESSAGE][PASSED] - Keys '*' sent to object: 'Object Repository/ADMIN/Edit Text/Bespoke/Seller Pages/Onboarding_Settings/input_PROFILE_tab-title'

2020-03-20 14:47:21 - [TEST_STEP][PASSED] - sendKeys(findTestObject("ADMIN/Edit Text/Bespoke/Seller Pages/Onboarding_Settings/input_CHANGE_btn_upload"), "*"): Keys '*' sent to object: 'Object Repository/ADMIN/Edit Text/Bespoke/Seller Pages/Onboarding_Settings/input_CHANGE_btn_upload'

2020-03-20 14:47:21 - [MESSAGE][PASSED] - Keys '*' sent to object: 'Object Repository/ADMIN/Edit Text/Bespoke/Seller Pages/Onboarding_Settings/input_CHANGE_btn_upload'

2020-03-20 14:47:21 - [TEST_STEP][PASSED] - sendKeys(findTestObject("ADMIN/Edit Text/Bespoke/Seller Pages/Onboarding_Settings/input_DISPLAY NAME_display-name"), "*"): Keys '*' sent to object: 'Object Repository/ADMIN/Edit Text/Bespoke/Seller Pages/Onboarding_Settings/input_DISPLAY NAME_display-name'

2020-03-20 14:47:22 - [MESSAGE][PASSED] - Keys '*' sent to object: 'Object Repository/ADMIN/Edit Text/Bespoke/Seller Pages/Onboarding_Settings/input_DISPLAY NAME_display-name'

2020-03-20 14:47:22 - [TEST_STEP][PASSED] - sendKeys(findTestObject("ADMIN/Edit Text/Bespoke/Seller Pages/Onboarding_Settings/input_DESCRIPTION_description"), "*"): Keys '*' sent to object: 'Object Repository/ADMIN/Edit Text/Bespoke/Seller Pages/Onboarding_Settings/input_DESCRIPTION_description'

2020-03-20 14:47:22 - [MESSAGE][PASSED] - Keys '*' sent to object: 'Object Repository/ADMIN/Edit Text/Bespoke/Seller Pages/Onboarding_Settings/input_DESCRIPTION_description'

2020-03-20 14:47:22 - [TEST_STEP][PASSED] - sendKeys(findTestObject("ADMIN/Edit Text/Bespoke/Seller Pages/Onboarding_Settings/input_FIRST NAME_first-name"), "*"): Keys '*' sent to object: 'Object Repository/ADMIN/Edit Text/Bespoke/Seller Pages/Onboarding_Settings/input_FIRST NAME_first-name'

2020-03-20 14:47:22 - [MESSAGE][PASSED] - Keys '*' sent to object: 'Object Repository/ADMIN/Edit Text/Bespoke/Seller Pages/Onboarding_Settings/input_FIRST NAME_first-name'

2020-03-20 14:47:22 - [TEST_STEP][PASSED] - sendKeys(findTestObject("ADMIN/Edit Text/Bespoke/Seller Pages/Onboarding_Settings/input_LAST NAME_last-name"), "*"): Keys '*' sent to object: 'Object Repository/ADMIN/Edit Text/Bespoke/Seller Pages/Onboarding_Settings/input_LAST NAME_last-name'

2020-03-20 14:47:22 - [MESSAGE][PASSED] - Keys '*' sent to object: 'Object Repository/ADMIN/Edit Text/Bespoke/Seller Pages/Onboarding_Settings/input_LAST NAME_last-name'

2020-03-20 14:47:22 - [TEST_STEP][PASSED] - sendKeys(findTestObject("ADMIN/Edit Text/Bespoke/Seller Pages/Onboarding_Settings/input_NOTIFICATION EMAIL_notification-email"), "*"): Keys '*' sent to object: 'Object Repository/ADMIN/Edit Text/Bespoke/Seller Pages/Onboarding_Settings/input_NOTIFICATION EMAIL_notification-email'

2020-03-20 14:47:23 - [MESSAGE][PASSED] - Keys '*' sent to object: 'Object Repository/ADMIN/Edit Text/Bespoke/Seller Pages/Onboarding_Settings/input_NOTIFICATION EMAIL_notification-email'

2020-03-20 14:47:23 - [TEST_STEP][PASSED] - sendKeys(findTestObject("ADMIN/Edit Text/Bespoke/Seller Pages/Onboarding_Settings/input_CONTACT NUMBER_contact-number"), "*"): Keys '*' sent to object: 'Object Repository/ADMIN/Edit Text/Bespoke/Seller Pages/Onboarding_Settings/input_CONTACT NUMBER_contact-number'

2020-03-20 14:47:23 - [MESSAGE][PASSED] - Keys '*' sent to object: 'Object Repository/ADMIN/Edit Text/Bespoke/Seller Pages/Onboarding_Settings/input_CONTACT NUMBER_contact-number'

2020-03-20 14:47:23 - [TEST_STEP][PASSED] - sendKeys(findTestObject("ADMIN/Edit Text/Bespoke/Seller Pages/Onboarding_Settings/input_OPENID LOGIN_open-id-login"), "*"): Keys '*' sent to object: 'Object Repository/ADMIN/Edit Text/Bespoke/Seller Pages/Onboarding_Settings/input_OPENID LOGIN_open-id-login'

2020-03-20 14:47:23 - [MESSAGE][PASSED] - Keys '*' sent to object: 'Object Repository/ADMIN/Edit Text/Bespoke/Seller Pages/Onboarding_Settings/input_OPENID LOGIN_open-id-login'

2020-03-20 14:47:23 - [TEST_STEP][PASSED] - sendKeys(findTestObject("ADMIN/Edit Text/Bespoke/Seller Pages/Onboarding_Settings/input_SELLER LOCATION_seller_location"), "*"): Keys '*' sent to object: 'Object Repository/ADMIN/Edit Text/Bespoke/Seller Pages/Onboarding_Settings/input_SELLER LOCATION_seller_location'

2020-03-20 14:47:23 - [MESSAGE][PASSED] - Keys '*' sent to object: 'Object Repository/ADMIN/Edit Text/Bespoke/Seller Pages/Onboarding_Settings/input_SELLER LOCATION_seller_location'

2020-03-20 14:47:23 - [TEST_STEP][PASSED] - sendKeys(findTestObject("ADMIN/Edit Text/Bespoke/Seller Pages/Onboarding_Settings/textarea_For each transaction that is made through the marketplace there will be a seller transaction fee of"), "*"): Keys '*' sent to object: 'Object Repository/ADMIN/Edit Text/Bespoke/Seller Pages/Onboarding_Settings/textarea_For each transaction that is made through the marketplace there will be a seller transaction fee of'

2020-03-20 14:47:23 - [MESSAGE][PASSED] - Keys '*' sent to object: 'Object Repository/ADMIN/Edit Text/Bespoke/Seller Pages/Onboarding_Settings/textarea_For each transaction that is made through the marketplace there will be a seller transaction fee of'

2020-03-20 14:47:23 - [TEST_STEP][PASSED] - sendKeys(findTestObject("ADMIN/Edit Text/Bespoke/Seller Pages/Onboarding_Settings/input_NEXT_btn_next"), "*"): Keys '*' sent to object: 'Object Repository/ADMIN/Edit Text/Bespoke/Seller Pages/Onboarding_Settings/input_NEXT_btn_next'

2020-03-20 14:47:24 - [MESSAGE][PASSED] - Keys '*' sent to object: 'Object Repository/ADMIN/Edit Text/Bespoke/Seller Pages/Onboarding_Settings/input_NEXT_btn_next'

2020-03-20 14:47:24 - [TEST_STEP][PASSED] - sendKeys(findTestObject("ADMIN/Edit Text/Bespoke/Seller Pages/Onboarding_Settings/input_ADDRESS_tab-title"), "*"): Keys '*' sent to object: 'Object Repository/ADMIN/Edit Text/Bespoke/Seller Pages/Onboarding_Settings/input_ADDRESS_tab-title'

2020-03-20 14:47:24 - [MESSAGE][PASSED] - Keys '*' sent to object: 'Object Repository/ADMIN/Edit Text/Bespoke/Seller Pages/Onboarding_Settings/input_ADDRESS_tab-title'

2020-03-20 14:47:24 - [TEST_STEP][PASSED] - sendKeys(findTestObject("ADMIN/Edit Text/Bespoke/Seller Pages/Onboarding_Settings/input_NEW DELIVERY ADDRESS_new-delivery-address"), "*"): Keys '*' sent to object: 'Object Repository/ADMIN/Edit Text/Bespoke/Seller Pages/Onboarding_Settings/input_NEW DELIVERY ADDRESS_new-delivery-address'

2020-03-20 14:47:24 - [MESSAGE][PASSED] - Keys '*' sent to object: 'Object Repository/ADMIN/Edit Text/Bespoke/Seller Pages/Onboarding_Settings/input_NEW DELIVERY ADDRESS_new-delivery-address'

2020-03-20 14:47:24 - [TEST_STEP][PASSED] - sendKeys(findTestObject("ADMIN/Edit Text/Bespoke/Seller Pages/Onboarding_Settings/input_ADDRESSEE FIRST NAME_addressee-first-name"), "*"): Keys '*' sent to object: 'Object Repository/ADMIN/Edit Text/Bespoke/Seller Pages/Onboarding_Settings/input_ADDRESSEE FIRST NAME_addressee-first-name'

2020-03-20 14:47:25 - [MESSAGE][PASSED] - Keys '*' sent to object: 'Object Repository/ADMIN/Edit Text/Bespoke/Seller Pages/Onboarding_Settings/input_ADDRESSEE FIRST NAME_addressee-first-name'

2020-03-20 14:47:25 - [TEST_STEP][PASSED] - sendKeys(findTestObject("ADMIN/Edit Text/Bespoke/Seller Pages/Onboarding_Settings/input_ADDRESSEE LAST NAME_addressee-last-name"), "*"): Keys '*' sent to object: 'Object Repository/ADMIN/Edit Text/Bespoke/Seller Pages/Onboarding_Settings/input_ADDRESSEE LAST NAME_addressee-last-name'

2020-03-20 14:47:25 - [MESSAGE][PASSED] - Keys '*' sent to object: 'Object Repository/ADMIN/Edit Text/Bespoke/Seller Pages/Onboarding_Settings/input_ADDRESSEE LAST NAME_addressee-last-name'

2020-03-20 14:47:25 - [TEST_STEP][PASSED] - sendKeys(findTestObject("ADMIN/Edit Text/Bespoke/Seller Pages/Onboarding_Settings/input_ADDRESS_address"), "*"): Keys '*' sent to object: 'Object Repository/ADMIN/Edit Text/Bespoke/Seller Pages/Onboarding_Settings/input_ADDRESS_address'

2020-03-20 14:47:25 - [MESSAGE][PASSED] - Keys '*' sent to object: 'Object Repository/ADMIN/Edit Text/Bespoke/Seller Pages/Onboarding_Settings/input_ADDRESS_address'

2020-03-20 14:47:25 - [TEST_STEP][PASSED] - sendKeys(findTestObject("ADMIN/Edit Text/Bespoke/Seller Pages/Onboarding_Settings/input_SELECT COUNTRY_select-country"), "*"): Keys '*' sent to object: 'Object Repository/ADMIN/Edit Text/Bespoke/Seller Pages/Onboarding_Settings/input_SELECT COUNTRY_select-country'

2020-03-20 14:47:25 - [MESSAGE][PASSED] - Keys '*' sent to object: 'Object Repository/ADMIN/Edit Text/Bespoke/Seller Pages/Onboarding_Settings/input_SELECT COUNTRY_select-country'

2020-03-20 14:47:25 - [TEST_STEP][PASSED] - sendKeys(findTestObject("ADMIN/Edit Text/Bespoke/Seller Pages/Onboarding_Settings/input_COUNTRY_address-country"), "*"): Keys '*' sent to object: 'Object Repository/ADMIN/Edit Text/Bespoke/Seller Pages/Onboarding_Settings/input_COUNTRY_address-country'

2020-03-20 14:47:26 - [MESSAGE][PASSED] - Keys '*' sent to object: 'Object Repository/ADMIN/Edit Text/Bespoke/Seller Pages/Onboarding_Settings/input_COUNTRY_address-country'

2020-03-20 14:47:26 - [TEST_STEP][PASSED] - sendKeys(findTestObject("ADMIN/Edit Text/Bespoke/Seller Pages/Onboarding_Settings/input_STATE_address-state"), "*"): Keys '*' sent to object: 'Object Repository/ADMIN/Edit Text/Bespoke/Seller Pages/Onboarding_Settings/input_STATE_address-state'

2020-03-20 14:47:26 - [MESSAGE][PASSED] - Keys '*' sent to object: 'Object Repository/ADMIN/Edit Text/Bespoke/Seller Pages/Onboarding_Settings/input_STATE_address-state'

2020-03-20 14:47:26 - [TEST_STEP][PASSED] - sendKeys(findTestObject("ADMIN/Edit Text/Bespoke/Seller Pages/Onboarding_Settings/input_CITY_address-city"), "*"): Keys '*' sent to object: 'Object Repository/ADMIN/Edit Text/Bespoke/Seller Pages/Onboarding_Settings/input_CITY_address-city'

2020-03-20 14:47:26 - [MESSAGE][PASSED] - Keys '*' sent to object: 'Object Repository/ADMIN/Edit Text/Bespoke/Seller Pages/Onboarding_Settings/input_CITY_address-city'

2020-03-20 14:47:26 - [TEST_STEP][PASSED] - sendKeys(findTestObject("ADMIN/Edit Text/Bespoke/Seller Pages/Onboarding_Settings/input_POSTAL CODE_address-postalcode"), "*"): Keys '*' sent to object: 'Object Repository/ADMIN/Edit Text/Bespoke/Seller Pages/Onboarding_Settings/input_POSTAL CODE_address-postalcode'

2020-03-20 14:47:26 - [MESSAGE][PASSED] - Keys '*' sent to object: 'Object Repository/ADMIN/Edit Text/Bespoke/Seller Pages/Onboarding_Settings/input_POSTAL CODE_address-postalcode'

2020-03-20 14:47:26 - [TEST_STEP][PASSED] - sendKeys(findTestObject("ADMIN/Edit Text/Bespoke/Seller Pages/Onboarding_Settings/input_ADD ADDRESS_btn_add"), "*"): Keys '*' sent to object: 'Object Repository/ADMIN/Edit Text/Bespoke/Seller Pages/Onboarding_Settings/input_ADD ADDRESS_btn_add'

2020-03-20 14:47:26 - [MESSAGE][PASSED] - Keys '*' sent to object: 'Object Repository/ADMIN/Edit Text/Bespoke/Seller Pages/Onboarding_Settings/input_ADD ADDRESS_btn_add'

2020-03-20 14:47:26 - [TEST_STEP][PASSED] - sendKeys(findTestObject("ADMIN/Edit Text/Bespoke/Seller Pages/Onboarding_Settings/input_SAVED ADDRESSES_address-saved"), "*"): Keys '*' sent to object: 'Object Repository/ADMIN/Edit Text/Bespoke/Seller Pages/Onboarding_Settings/input_SAVED ADDRESSES_address-saved'

2020-03-20 14:47:26 - [MESSAGE][PASSED] - Keys '*' sent to object: 'Object Repository/ADMIN/Edit Text/Bespoke/Seller Pages/Onboarding_Settings/input_SAVED ADDRESSES_address-saved'

2020-03-20 14:47:26 - [TEST_STEP][PASSED] - sendKeys(findTestObject("ADMIN/Edit Text/Bespoke/Seller Pages/Onboarding_Settings/input_Next_btn_next (1)"), "*"): Keys '*' sent to object: 'Object Repository/ADMIN/Edit Text/Bespoke/Seller Pages/Onboarding_Settings/input_Next_btn_next (1)'

2020-03-20 14:47:27 - [MESSAGE][PASSED] - Keys '*' sent to object: 'Object Repository/ADMIN/Edit Text/Bespoke/Seller Pages/Onboarding_Settings/input_Next_btn_next (1)'

2020-03-20 14:47:27 - [TEST_STEP][PASSED] - sendKeys(findTestObject("ADMIN/Edit Text/Bespoke/Seller Pages/Onboarding_Settings/input_PAYMENT ACCEPTANCE_tan-title"), "*"): Keys '*' sent to object: 'Object Repository/ADMIN/Edit Text/Bespoke/Seller Pages/Onboarding_Settings/input_PAYMENT ACCEPTANCE_tan-title'

2020-03-20 14:47:27 - [MESSAGE][PASSED] - Keys '*' sent to object: 'Object Repository/ADMIN/Edit Text/Bespoke/Seller Pages/Onboarding_Settings/input_PAYMENT ACCEPTANCE_tan-title'

2020-03-20 14:47:27 - [TEST_STEP][PASSED] - sendKeys(findTestObject("ADMIN/Edit Text/Bespoke/Seller Pages/Onboarding_Settings/input_PAYMENT METHOD_payment_method"), "*"): Keys '*' sent to object: 'Object Repository/ADMIN/Edit Text/Bespoke/Seller Pages/Onboarding_Settings/input_PAYMENT METHOD_payment_method'

2020-03-20 14:47:27 - [MESSAGE][PASSED] - Keys '*' sent to object: 'Object Repository/ADMIN/Edit Text/Bespoke/Seller Pages/Onboarding_Settings/input_PAYMENT METHOD_payment_method'

2020-03-20 14:47:27 - [TEST_STEP][PASSED] - sendKeys(findTestObject("ADMIN/Edit Text/Bespoke/Seller Pages/Onboarding_Settings/input_Select your preferred payment method_select_payment_method"), "*"): Keys '*' sent to object: 'Object Repository/ADMIN/Edit Text/Bespoke/Seller Pages/Onboarding_Settings/input_Select your preferred payment method_select_payment_method'

2020-03-20 14:47:27 - [MESSAGE][PASSED] - Keys '*' sent to object: 'Object Repository/ADMIN/Edit Text/Bespoke/Seller Pages/Onboarding_Settings/input_Select your preferred payment method_select_payment_method'

2020-03-20 14:47:27 - [TEST_STEP][PASSED] - sendKeys(findTestObject("ADMIN/Edit Text/Bespoke/Seller Pages/Onboarding_Settings/input_LINK ACCOUNT_btn_link_account"), "*"): Keys '*' sent to object: 'Object Repository/ADMIN/Edit Text/Bespoke/Seller Pages/Onboarding_Settings/input_LINK ACCOUNT_btn_link_account'

2020-03-20 14:47:28 - [MESSAGE][PASSED] - Keys '*' sent to object: 'Object Repository/ADMIN/Edit Text/Bespoke/Seller Pages/Onboarding_Settings/input_LINK ACCOUNT_btn_link_account'

2020-03-20 14:47:28 - [TEST_STEP][PASSED] - sendKeys(findTestObject("ADMIN/Edit Text/Bespoke/Seller Pages/Onboarding_Settings/input_VERIFIED_verified"), "*"): Keys '*' sent to object: 'Object Repository/ADMIN/Edit Text/Bespoke/Seller Pages/Onboarding_Settings/input_VERIFIED_verified'

2020-03-20 14:47:28 - [MESSAGE][PASSED] - Keys '*' sent to object: 'Object Repository/ADMIN/Edit Text/Bespoke/Seller Pages/Onboarding_Settings/input_VERIFIED_verified'

2020-03-20 14:47:28 - [TEST_STEP][PASSED] - sendKeys(findTestObject("ADMIN/Edit Text/Bespoke/Seller Pages/Onboarding_Settings/input_This payment method is compulsory_this_method_compulsory"), "*"): Keys '*' sent to object: 'Object Repository/ADMIN/Edit Text/Bespoke/Seller Pages/Onboarding_Settings/input_This payment method is compulsory_this_method_compulsory'

2020-03-20 14:47:28 - [MESSAGE][PASSED] - Keys '*' sent to object: 'Object Repository/ADMIN/Edit Text/Bespoke/Seller Pages/Onboarding_Settings/input_This payment method is compulsory_this_method_compulsory'

2020-03-20 14:47:28 - [TEST_STEP][PASSED] - sendKeys(findTestObject("ADMIN/Edit Text/Bespoke/Seller Pages/Onboarding_Settings/input_No account linked yet_no-account-linked"), "*"): Keys '*' sent to object: 'Object Repository/ADMIN/Edit Text/Bespoke/Seller Pages/Onboarding_Settings/input_No account linked yet_no-account-linked'

2020-03-20 14:47:28 - [MESSAGE][PASSED] - Keys '*' sent to object: 'Object Repository/ADMIN/Edit Text/Bespoke/Seller Pages/Onboarding_Settings/input_No account linked yet_no-account-linked'

2020-03-20 14:47:28 - [TEST_STEP][PASSED] - sendKeys(findTestObject("ADMIN/Edit Text/Bespoke/Seller Pages/Onboarding_Settings/input_next3"), "*"): Keys '*' sent to object: 'Object Repository/ADMIN/Edit Text/Bespoke/Seller Pages/Onboarding_Settings/input_next3'

2020-03-20 14:47:28 - [MESSAGE][PASSED] - Keys '*' sent to object: 'Object Repository/ADMIN/Edit Text/Bespoke/Seller Pages/Onboarding_Settings/input_next3'

2020-03-20 14:47:28 - [TEST_STEP][PASSED] - sendKeys(findTestObject("ADMIN/Edit Text/Bespoke/Seller Pages/Onboarding_Settings/input_DELIVERY METHODS_tab-title1"), "*"): Keys '*' sent to object: 'Object Repository/ADMIN/Edit Text/Bespoke/Seller Pages/Onboarding_Settings/input_DELIVERY METHODS_tab-title1'

2020-03-20 14:47:29 - [MESSAGE][PASSED] - Keys '*' sent to object: 'Object Repository/ADMIN/Edit Text/Bespoke/Seller Pages/Onboarding_Settings/input_DELIVERY METHODS_tab-title1'

2020-03-20 14:47:29 - [TEST_STEP][PASSED] - sendKeys(findTestObject("ADMIN/Edit Text/Bespoke/Seller Pages/Onboarding_Settings/input_DELIVERY OPTIONS_delivery-option"), "*"): Keys '*' sent to object: 'Object Repository/ADMIN/Edit Text/Bespoke/Seller Pages/Onboarding_Settings/input_DELIVERY OPTIONS_delivery-option'

2020-03-20 14:47:29 - [MESSAGE][PASSED] - Keys '*' sent to object: 'Object Repository/ADMIN/Edit Text/Bespoke/Seller Pages/Onboarding_Settings/input_DELIVERY OPTIONS_delivery-option'

2020-03-20 14:47:29 - [TEST_STEP][PASSED] - sendKeys(findTestObject("ADMIN/Edit Text/Bespoke/Seller Pages/Onboarding_Settings/input_DELIVERY OPTIONS_delivery-txt2"), "*"): Keys '*' sent to object: 'Object Repository/ADMIN/Edit Text/Bespoke/Seller Pages/Onboarding_Settings/input_DELIVERY OPTIONS_delivery-txt2'

2020-03-20 14:47:29 - [MESSAGE][PASSED] - Keys '*' sent to object: 'Object Repository/ADMIN/Edit Text/Bespoke/Seller Pages/Onboarding_Settings/input_DELIVERY OPTIONS_delivery-txt2'

2020-03-20 14:47:29 - [TEST_STEP][PASSED] - sendKeys(findTestObject("ADMIN/Edit Text/Bespoke/Seller Pages/Onboarding_Settings/input_DELIVERY SERVICE_delivery-service"), "*"): Keys '*' sent to object: 'Object Repository/ADMIN/Edit Text/Bespoke/Seller Pages/Onboarding_Settings/input_DELIVERY SERVICE_delivery-service'

2020-03-20 14:47:30 - [MESSAGE][PASSED] - Keys '*' sent to object: 'Object Repository/ADMIN/Edit Text/Bespoke/Seller Pages/Onboarding_Settings/input_DELIVERY SERVICE_delivery-service'

2020-03-20 14:47:30 - [TEST_STEP][PASSED] - sendKeys(findTestObject("ADMIN/Edit Text/Bespoke/Seller Pages/Onboarding_Settings/input_SINGLE ITEM DELIVERY (A)_single-item-delivery"), "*"): Keys '*' sent to object: 'Object Repository/ADMIN/Edit Text/Bespoke/Seller Pages/Onboarding_Settings/input_SINGLE ITEM DELIVERY (A)_single-item-delivery'

2020-03-20 14:47:30 - [MESSAGE][PASSED] - Keys '*' sent to object: 'Object Repository/ADMIN/Edit Text/Bespoke/Seller Pages/Onboarding_Settings/input_SINGLE ITEM DELIVERY (A)_single-item-delivery'

2020-03-20 14:47:30 - [TEST_STEP][PASSED] - sendKeys(findTestObject("ADMIN/Edit Text/Bespoke/Seller Pages/Onboarding_Settings/input_WITH OTHER ITEM (B)_with-other-item"), "*"): Keys '*' sent to object: 'Object Repository/ADMIN/Edit Text/Bespoke/Seller Pages/Onboarding_Settings/input_WITH OTHER ITEM (B)_with-other-item'

2020-03-20 14:47:30 - [MESSAGE][PASSED] - Keys '*' sent to object: 'Object Repository/ADMIN/Edit Text/Bespoke/Seller Pages/Onboarding_Settings/input_WITH OTHER ITEM (B)_with-other-item'

2020-03-20 14:47:30 - [TEST_STEP][PASSED] - sendKeys(findTestObject("ADMIN/Edit Text/Bespoke/Seller Pages/Onboarding_Settings/input_ADD_btn_add"), "*"): Keys '*' sent to object: 'Object Repository/ADMIN/Edit Text/Bespoke/Seller Pages/Onboarding_Settings/input_ADD_btn_add'

2020-03-20 14:47:30 - [MESSAGE][PASSED] - Keys '*' sent to object: 'Object Repository/ADMIN/Edit Text/Bespoke/Seller Pages/Onboarding_Settings/input_ADD_btn_add'

2020-03-20 14:47:30 - [TEST_STEP][PASSED] - sendKeys(findTestObject("ADMIN/Edit Text/Bespoke/Seller Pages/Onboarding_Settings/input_PICK-UP LOCATIONS_pick-up-option"), "*"): Keys '*' sent to object: 'Object Repository/ADMIN/Edit Text/Bespoke/Seller Pages/Onboarding_Settings/input_PICK-UP LOCATIONS_pick-up-option'

2020-03-20 14:47:31 - [MESSAGE][PASSED] - Keys '*' sent to object: 'Object Repository/ADMIN/Edit Text/Bespoke/Seller Pages/Onboarding_Settings/input_PICK-UP LOCATIONS_pick-up-option'

2020-03-20 14:47:31 - [TEST_STEP][PASSED] - sendKeys(findTestObject("ADMIN/Edit Text/Bespoke/Seller Pages/Onboarding_Settings/textarea_Define the full address where the buyer can pick up from (You must have at least a delivery option or a pick-up location selected)"), "*"): Keys '*' sent to object: 'Object Repository/ADMIN/Edit Text/Bespoke/Seller Pages/Onboarding_Settings/textarea_Define the full address where the buyer can pick up from (You must have at least a delivery option or a pick-up location selected)'

2020-03-20 14:47:31 - [MESSAGE][PASSED] - Keys '*' sent to object: 'Object Repository/ADMIN/Edit Text/Bespoke/Seller Pages/Onboarding_Settings/textarea_Define the full address where the buyer can pick up from (You must have at least a delivery option or a pick-up location selected)'

2020-03-20 14:47:31 - [TEST_STEP][PASSED] - sendKeys(findTestObject("ADMIN/Edit Text/Bespoke/Seller Pages/Onboarding_Settings/input_Offer reduced shipping costs to buyers when they buy more than one item from you_delivery-txt2"), "*"): Keys '*' sent to object: 'Object Repository/ADMIN/Edit Text/Bespoke/Seller Pages/Onboarding_Settings/input_Offer reduced shipping costs to buyers when they buy more than one item from you_delivery-txt2'

2020-03-20 14:47:31 - [MESSAGE][PASSED] - Keys '*' sent to object: 'Object Repository/ADMIN/Edit Text/Bespoke/Seller Pages/Onboarding_Settings/input_Offer reduced shipping costs to buyers when they buy more than one item from you_delivery-txt2'

2020-03-20 14:47:31 - [TEST_STEP][PASSED] - sendKeys(findTestObject("ADMIN/Edit Text/Bespoke/Seller Pages/Onboarding_Settings/input_total delivery"), "*"): Keys '*' sent to object: 'Object Repository/ADMIN/Edit Text/Bespoke/Seller Pages/Onboarding_Settings/input_total delivery'

2020-03-20 14:47:31 - [MESSAGE][PASSED] - Keys '*' sent to object: 'Object Repository/ADMIN/Edit Text/Bespoke/Seller Pages/Onboarding_Settings/input_total delivery'

2020-03-20 14:47:31 - [TEST_STEP][PASSED] - sendKeys(findTestObject("ADMIN/Edit Text/Bespoke/Seller Pages/Onboarding_Settings/input_add1"), "*"): Keys '*' sent to object: 'Object Repository/ADMIN/Edit Text/Bespoke/Seller Pages/Onboarding_Settings/input_add1'

2020-03-20 14:47:32 - [MESSAGE][PASSED] - Keys '*' sent to object: 'Object Repository/ADMIN/Edit Text/Bespoke/Seller Pages/Onboarding_Settings/input_add1'

2020-03-20 14:47:32 - [TEST_STEP][PASSED] - sendKeys(findTestObject("ADMIN/Edit Text/Bespoke/Seller Pages/Onboarding_Settings/input_PICK-UP LOCATION ADDRESS_pick-up-address"), "*"): Keys '*' sent to object: 'Object Repository/ADMIN/Edit Text/Bespoke/Seller Pages/Onboarding_Settings/input_PICK-UP LOCATION ADDRESS_pick-up-address'

2020-03-20 14:47:32 - [MESSAGE][PASSED] - Keys '*' sent to object: 'Object Repository/ADMIN/Edit Text/Bespoke/Seller Pages/Onboarding_Settings/input_PICK-UP LOCATION ADDRESS_pick-up-address'

2020-03-20 14:47:32 - [TEST_STEP][PASSED] - sendKeys(findTestObject("ADMIN/Edit Text/Bespoke/Seller Pages/Onboarding_Settings/input_SAVE_btn_save"), "*"): Keys '*' sent to object: 'Object Repository/ADMIN/Edit Text/Bespoke/Seller Pages/Onboarding_Settings/input_SAVE_btn_save'

2020-03-20 14:47:33 - [MESSAGE][PASSED] - Keys '*' sent to object: 'Object Repository/ADMIN/Edit Text/Bespoke/Seller Pages/Onboarding_Settings/input_SAVE_btn_save'

2020-03-20 14:47:33 - [TEST_STEP][PASSED] - sendKeys(findTestObject("ADMIN/Edit Text/Bespoke/Seller Pages/Onboarding_Settings/input_Are you sure want to delete_popup-title"), "*"): Keys '*' sent to object: 'Object Repository/ADMIN/Edit Text/Bespoke/Seller Pages/Onboarding_Settings/input_Are you sure want to delete_popup-title'

2020-03-20 14:47:33 - [MESSAGE][PASSED] - Keys '*' sent to object: 'Object Repository/ADMIN/Edit Text/Bespoke/Seller Pages/Onboarding_Settings/input_Are you sure want to delete_popup-title'

2020-03-20 14:47:33 - [TEST_STEP][PASSED] - sendKeys(findTestObject("ADMIN/Edit Text/Bespoke/Seller Pages/Onboarding_Settings/input_CANCEL_btn_cancel"), "*"): Keys '*' sent to object: 'Object Repository/ADMIN/Edit Text/Bespoke/Seller Pages/Onboarding_Settings/input_CANCEL_btn_cancel'

2020-03-20 14:47:33 - [MESSAGE][PASSED] - Keys '*' sent to object: 'Object Repository/ADMIN/Edit Text/Bespoke/Seller Pages/Onboarding_Settings/input_CANCEL_btn_cancel'

2020-03-20 14:47:33 - [TEST_STEP][PASSED] - sendKeys(findTestObject("ADMIN/Edit Text/Bespoke/Seller Pages/Onboarding_Settings/input_Okay_btn_okay"), "*"): Keys '*' sent to object: 'Object Repository/ADMIN/Edit Text/Bespoke/Seller Pages/Onboarding_Settings/input_Okay_btn_okay'

2020-03-20 14:47:33 - [MESSAGE][PASSED] - Keys '*' sent to object: 'Object Repository/ADMIN/Edit Text/Bespoke/Seller Pages/Onboarding_Settings/input_Okay_btn_okay'

2020-03-20 14:47:33 - [TEST_STEP][PASSED] - sendKeys(findTestObject("ADMIN/Edit Text/Bespoke/Seller Pages/Onboarding_Settings/input_REMOVE ITEM_popup-title"), "*"): Keys '*' sent to object: 'Object Repository/ADMIN/Edit Text/Bespoke/Seller Pages/Onboarding_Settings/input_REMOVE ITEM_popup-title'

2020-03-20 14:47:33 - [MESSAGE][PASSED] - Keys '*' sent to object: 'Object Repository/ADMIN/Edit Text/Bespoke/Seller Pages/Onboarding_Settings/input_REMOVE ITEM_popup-title'

2020-03-20 14:47:33 - [TEST_STEP][PASSED] - sendKeys(findTestObject("ADMIN/Edit Text/Bespoke/Seller Pages/Onboarding_Settings/input_concat(Are you sure about removing this item from your list (It  ll be gone forever))_popup-title"), "*"): Keys '*' sent to object: 'Object Repository/ADMIN/Edit Text/Bespoke/Seller Pages/Onboarding_Settings/input_concat(Are you sure about removing this item from your list (It  ll be gone forever))_popup-title'

2020-03-20 14:47:34 - [MESSAGE][PASSED] - Keys '*' sent to object: 'Object Repository/ADMIN/Edit Text/Bespoke/Seller Pages/Onboarding_Settings/input_concat(Are you sure about removing this item from your list (It  ll be gone forever))_popup-title'

2020-03-20 14:47:34 - [TEST_STEP][PASSED] - sendKeys(findTestObject("ADMIN/Edit Text/Bespoke/Seller Pages/Onboarding_Settings/input_CANCEL_btn_cancel2"), "*"): Keys '*' sent to object: 'Object Repository/ADMIN/Edit Text/Bespoke/Seller Pages/Onboarding_Settings/input_CANCEL_btn_cancel2'

2020-03-20 14:47:34 - [MESSAGE][PASSED] - Keys '*' sent to object: 'Object Repository/ADMIN/Edit Text/Bespoke/Seller Pages/Onboarding_Settings/input_CANCEL_btn_cancel2'

2020-03-20 14:47:34 - [TEST_STEP][PASSED] - sendKeys(findTestObject("ADMIN/Edit Text/Bespoke/Seller Pages/Onboarding_Settings/input_Okay_btn_okay2"), "*"): Keys '*' sent to object: 'Object Repository/ADMIN/Edit Text/Bespoke/Seller Pages/Onboarding_Settings/input_Okay_btn_okay2'

2020-03-20 14:47:34 - [MESSAGE][PASSED] - Keys '*' sent to object: 'Object Repository/ADMIN/Edit Text/Bespoke/Seller Pages/Onboarding_Settings/input_Okay_btn_okay2'

2020-03-20 14:47:34 - [TEST_STEP][PASSED] - click(findTestObject("ADMIN/Edit Text/Bespoke/Buyer Pages/Homepage/button_save"), CONTINUE_ON_FAILURE): Object: 'Object Repository/ADMIN/Edit Text/Bespoke/Buyer Pages/Homepage/button_save' is clicked on

2020-03-20 14:47:35 - [MESSAGE][PASSED] - Object: 'Object Repository/ADMIN/Edit Text/Bespoke/Buyer Pages/Homepage/button_save' is clicked on

2020-03-20 14:47:35 - [TEST_STEP][PASSED] - waitForElementVisible(findTestObject("ADMIN/Edit Text/Bespoke/Buyer Pages/Homepage/toaster_success"), 0): Object 'Object Repository/ADMIN/Edit Text/Bespoke/Buyer Pages/Homepage/toaster_success' is visible

2020-03-20 14:47:35 - [MESSAGE][WARNING] - Timeout '0' is invalid. Using default page load timeout: '30'

2020-03-20 14:47:35 - [MESSAGE][PASSED] - Object 'Object Repository/ADMIN/Edit Text/Bespoke/Buyer Pages/Homepage/toaster_success' is visible]]></system-out>
         <system-err><![CDATA[]]></system-err>
      </testcase>
      <testcase name="Test Cases/ADMIN/Language/Edit Text/Bespoke/Seller/Onboarding_Settings" time="15.666" classname="Test Cases/ADMIN/Language/Edit Text/Bespoke/Seller/Onboarding_Settings" status="PASSED">
         <system-out><![CDATA[2020-03-20 14:47:35 - [TEST_CASE][PASSED] - Test Cases/ADMIN/Language/Edit Text/Bespoke/Seller/Onboarding_Settings: Test Cases/ADMIN/Language/Edit Text/Bespoke/Seller/Onboarding_Settings

2020-03-20 14:47:35 - [TEST_STEP][PASSED] - waitForElementVisible(findTestObject("ADMIN/Edit Text/Bespoke/Buyer Navigation/dd_language"), 0): Object 'Object Repository/ADMIN/Edit Text/Bespoke/Buyer Navigation/dd_language' is visible

2020-03-20 14:47:35 - [MESSAGE][WARNING] - Timeout '0' is invalid. Using default page load timeout: '30'

2020-03-20 14:47:35 - [MESSAGE][PASSED] - Object 'Object Repository/ADMIN/Edit Text/Bespoke/Buyer Navigation/dd_language' is visible

2020-03-20 14:47:35 - [TEST_STEP][PASSED] - selectOptionByLabel(findTestObject("ADMIN/Edit Text/Bespoke/Buyer Navigation/dd_language"), varLanguage, false): All options with label 'Dutch' are selected in object 'Object Repository/ADMIN/Edit Text/Bespoke/Buyer Navigation/dd_language' 

2020-03-20 14:47:36 - [MESSAGE][PASSED] - All options with label 'Dutch' are selected in object 'Object Repository/ADMIN/Edit Text/Bespoke/Buyer Navigation/dd_language' 

2020-03-20 14:47:36 - [TEST_STEP][PASSED] - sendKeys(findTestObject("ADMIN/Edit Text/Bespoke/Seller Pages/Onboarding_Settings/input_USER SETTINGS_marketplace-name"), "*"): Keys '*' sent to object: 'Object Repository/ADMIN/Edit Text/Bespoke/Seller Pages/Onboarding_Settings/input_USER SETTINGS_marketplace-name'

2020-03-20 14:47:37 - [MESSAGE][PASSED] - Keys '*' sent to object: 'Object Repository/ADMIN/Edit Text/Bespoke/Seller Pages/Onboarding_Settings/input_USER SETTINGS_marketplace-name'

2020-03-20 14:47:37 - [TEST_STEP][PASSED] - sendKeys(findTestObject("ADMIN/Edit Text/Bespoke/Seller Pages/Onboarding_Settings/input_Configure your profile your delivery methods and how you receive payments_item_details"), "*"): Keys '*' sent to object: 'Object Repository/ADMIN/Edit Text/Bespoke/Seller Pages/Onboarding_Settings/input_Configure your profile your delivery methods and how you receive payments_item_details'

2020-03-20 14:47:37 - [MESSAGE][PASSED] - Keys '*' sent to object: 'Object Repository/ADMIN/Edit Text/Bespoke/Seller Pages/Onboarding_Settings/input_Configure your profile your delivery methods and how you receive payments_item_details'

2020-03-20 14:47:37 - [TEST_STEP][PASSED] - sendKeys(findTestObject("ADMIN/Edit Text/Bespoke/Seller Pages/Onboarding_Settings/input_PROFILE_tab-title"), "*"): Keys '*' sent to object: 'Object Repository/ADMIN/Edit Text/Bespoke/Seller Pages/Onboarding_Settings/input_PROFILE_tab-title'

2020-03-20 14:47:37 - [MESSAGE][PASSED] - Keys '*' sent to object: 'Object Repository/ADMIN/Edit Text/Bespoke/Seller Pages/Onboarding_Settings/input_PROFILE_tab-title'

2020-03-20 14:47:37 - [TEST_STEP][PASSED] - sendKeys(findTestObject("ADMIN/Edit Text/Bespoke/Seller Pages/Onboarding_Settings/input_CHANGE_btn_upload"), "*"): Keys '*' sent to object: 'Object Repository/ADMIN/Edit Text/Bespoke/Seller Pages/Onboarding_Settings/input_CHANGE_btn_upload'

2020-03-20 14:47:37 - [MESSAGE][PASSED] - Keys '*' sent to object: 'Object Repository/ADMIN/Edit Text/Bespoke/Seller Pages/Onboarding_Settings/input_CHANGE_btn_upload'

2020-03-20 14:47:37 - [TEST_STEP][PASSED] - sendKeys(findTestObject("ADMIN/Edit Text/Bespoke/Seller Pages/Onboarding_Settings/input_DISPLAY NAME_display-name"), "*"): Keys '*' sent to object: 'Object Repository/ADMIN/Edit Text/Bespoke/Seller Pages/Onboarding_Settings/input_DISPLAY NAME_display-name'

2020-03-20 14:47:38 - [MESSAGE][PASSED] - Keys '*' sent to object: 'Object Repository/ADMIN/Edit Text/Bespoke/Seller Pages/Onboarding_Settings/input_DISPLAY NAME_display-name'

2020-03-20 14:47:38 - [TEST_STEP][PASSED] - sendKeys(findTestObject("ADMIN/Edit Text/Bespoke/Seller Pages/Onboarding_Settings/input_DESCRIPTION_description"), "*"): Keys '*' sent to object: 'Object Repository/ADMIN/Edit Text/Bespoke/Seller Pages/Onboarding_Settings/input_DESCRIPTION_description'

2020-03-20 14:47:38 - [MESSAGE][PASSED] - Keys '*' sent to object: 'Object Repository/ADMIN/Edit Text/Bespoke/Seller Pages/Onboarding_Settings/input_DESCRIPTION_description'

2020-03-20 14:47:38 - [TEST_STEP][PASSED] - sendKeys(findTestObject("ADMIN/Edit Text/Bespoke/Seller Pages/Onboarding_Settings/input_FIRST NAME_first-name"), "*"): Keys '*' sent to object: 'Object Repository/ADMIN/Edit Text/Bespoke/Seller Pages/Onboarding_Settings/input_FIRST NAME_first-name'

2020-03-20 14:47:38 - [MESSAGE][PASSED] - Keys '*' sent to object: 'Object Repository/ADMIN/Edit Text/Bespoke/Seller Pages/Onboarding_Settings/input_FIRST NAME_first-name'

2020-03-20 14:47:38 - [TEST_STEP][PASSED] - sendKeys(findTestObject("ADMIN/Edit Text/Bespoke/Seller Pages/Onboarding_Settings/input_LAST NAME_last-name"), "*"): Keys '*' sent to object: 'Object Repository/ADMIN/Edit Text/Bespoke/Seller Pages/Onboarding_Settings/input_LAST NAME_last-name'

2020-03-20 14:47:38 - [MESSAGE][PASSED] - Keys '*' sent to object: 'Object Repository/ADMIN/Edit Text/Bespoke/Seller Pages/Onboarding_Settings/input_LAST NAME_last-name'

2020-03-20 14:47:38 - [TEST_STEP][PASSED] - sendKeys(findTestObject("ADMIN/Edit Text/Bespoke/Seller Pages/Onboarding_Settings/input_NOTIFICATION EMAIL_notification-email"), "*"): Keys '*' sent to object: 'Object Repository/ADMIN/Edit Text/Bespoke/Seller Pages/Onboarding_Settings/input_NOTIFICATION EMAIL_notification-email'

2020-03-20 14:47:39 - [MESSAGE][PASSED] - Keys '*' sent to object: 'Object Repository/ADMIN/Edit Text/Bespoke/Seller Pages/Onboarding_Settings/input_NOTIFICATION EMAIL_notification-email'

2020-03-20 14:47:39 - [TEST_STEP][PASSED] - sendKeys(findTestObject("ADMIN/Edit Text/Bespoke/Seller Pages/Onboarding_Settings/input_CONTACT NUMBER_contact-number"), "*"): Keys '*' sent to object: 'Object Repository/ADMIN/Edit Text/Bespoke/Seller Pages/Onboarding_Settings/input_CONTACT NUMBER_contact-number'

2020-03-20 14:47:39 - [MESSAGE][PASSED] - Keys '*' sent to object: 'Object Repository/ADMIN/Edit Text/Bespoke/Seller Pages/Onboarding_Settings/input_CONTACT NUMBER_contact-number'

2020-03-20 14:47:39 - [TEST_STEP][PASSED] - sendKeys(findTestObject("ADMIN/Edit Text/Bespoke/Seller Pages/Onboarding_Settings/input_OPENID LOGIN_open-id-login"), "*"): Keys '*' sent to object: 'Object Repository/ADMIN/Edit Text/Bespoke/Seller Pages/Onboarding_Settings/input_OPENID LOGIN_open-id-login'

2020-03-20 14:47:39 - [MESSAGE][PASSED] - Keys '*' sent to object: 'Object Repository/ADMIN/Edit Text/Bespoke/Seller Pages/Onboarding_Settings/input_OPENID LOGIN_open-id-login'

2020-03-20 14:47:39 - [TEST_STEP][PASSED] - sendKeys(findTestObject("ADMIN/Edit Text/Bespoke/Seller Pages/Onboarding_Settings/input_SELLER LOCATION_seller_location"), "*"): Keys '*' sent to object: 'Object Repository/ADMIN/Edit Text/Bespoke/Seller Pages/Onboarding_Settings/input_SELLER LOCATION_seller_location'

2020-03-20 14:47:39 - [MESSAGE][PASSED] - Keys '*' sent to object: 'Object Repository/ADMIN/Edit Text/Bespoke/Seller Pages/Onboarding_Settings/input_SELLER LOCATION_seller_location'

2020-03-20 14:47:39 - [TEST_STEP][PASSED] - sendKeys(findTestObject("ADMIN/Edit Text/Bespoke/Seller Pages/Onboarding_Settings/textarea_For each transaction that is made through the marketplace there will be a seller transaction fee of"), "*"): Keys '*' sent to object: 'Object Repository/ADMIN/Edit Text/Bespoke/Seller Pages/Onboarding_Settings/textarea_For each transaction that is made through the marketplace there will be a seller transaction fee of'

2020-03-20 14:47:40 - [MESSAGE][PASSED] - Keys '*' sent to object: 'Object Repository/ADMIN/Edit Text/Bespoke/Seller Pages/Onboarding_Settings/textarea_For each transaction that is made through the marketplace there will be a seller transaction fee of'

2020-03-20 14:47:40 - [TEST_STEP][PASSED] - sendKeys(findTestObject("ADMIN/Edit Text/Bespoke/Seller Pages/Onboarding_Settings/input_NEXT_btn_next"), "*"): Keys '*' sent to object: 'Object Repository/ADMIN/Edit Text/Bespoke/Seller Pages/Onboarding_Settings/input_NEXT_btn_next'

2020-03-20 14:47:40 - [MESSAGE][PASSED] - Keys '*' sent to object: 'Object Repository/ADMIN/Edit Text/Bespoke/Seller Pages/Onboarding_Settings/input_NEXT_btn_next'

2020-03-20 14:47:40 - [TEST_STEP][PASSED] - sendKeys(findTestObject("ADMIN/Edit Text/Bespoke/Seller Pages/Onboarding_Settings/input_ADDRESS_tab-title"), "*"): Keys '*' sent to object: 'Object Repository/ADMIN/Edit Text/Bespoke/Seller Pages/Onboarding_Settings/input_ADDRESS_tab-title'

2020-03-20 14:47:40 - [MESSAGE][PASSED] - Keys '*' sent to object: 'Object Repository/ADMIN/Edit Text/Bespoke/Seller Pages/Onboarding_Settings/input_ADDRESS_tab-title'

2020-03-20 14:47:40 - [TEST_STEP][PASSED] - sendKeys(findTestObject("ADMIN/Edit Text/Bespoke/Seller Pages/Onboarding_Settings/input_NEW DELIVERY ADDRESS_new-delivery-address"), "*"): Keys '*' sent to object: 'Object Repository/ADMIN/Edit Text/Bespoke/Seller Pages/Onboarding_Settings/input_NEW DELIVERY ADDRESS_new-delivery-address'

2020-03-20 14:47:40 - [MESSAGE][PASSED] - Keys '*' sent to object: 'Object Repository/ADMIN/Edit Text/Bespoke/Seller Pages/Onboarding_Settings/input_NEW DELIVERY ADDRESS_new-delivery-address'

2020-03-20 14:47:40 - [TEST_STEP][PASSED] - sendKeys(findTestObject("ADMIN/Edit Text/Bespoke/Seller Pages/Onboarding_Settings/input_ADDRESSEE FIRST NAME_addressee-first-name"), "*"): Keys '*' sent to object: 'Object Repository/ADMIN/Edit Text/Bespoke/Seller Pages/Onboarding_Settings/input_ADDRESSEE FIRST NAME_addressee-first-name'

2020-03-20 14:47:40 - [MESSAGE][PASSED] - Keys '*' sent to object: 'Object Repository/ADMIN/Edit Text/Bespoke/Seller Pages/Onboarding_Settings/input_ADDRESSEE FIRST NAME_addressee-first-name'

2020-03-20 14:47:40 - [TEST_STEP][PASSED] - sendKeys(findTestObject("ADMIN/Edit Text/Bespoke/Seller Pages/Onboarding_Settings/input_ADDRESSEE LAST NAME_addressee-last-name"), "*"): Keys '*' sent to object: 'Object Repository/ADMIN/Edit Text/Bespoke/Seller Pages/Onboarding_Settings/input_ADDRESSEE LAST NAME_addressee-last-name'

2020-03-20 14:47:41 - [MESSAGE][PASSED] - Keys '*' sent to object: 'Object Repository/ADMIN/Edit Text/Bespoke/Seller Pages/Onboarding_Settings/input_ADDRESSEE LAST NAME_addressee-last-name'

2020-03-20 14:47:41 - [TEST_STEP][PASSED] - sendKeys(findTestObject("ADMIN/Edit Text/Bespoke/Seller Pages/Onboarding_Settings/input_ADDRESS_address"), "*"): Keys '*' sent to object: 'Object Repository/ADMIN/Edit Text/Bespoke/Seller Pages/Onboarding_Settings/input_ADDRESS_address'

2020-03-20 14:47:41 - [MESSAGE][PASSED] - Keys '*' sent to object: 'Object Repository/ADMIN/Edit Text/Bespoke/Seller Pages/Onboarding_Settings/input_ADDRESS_address'

2020-03-20 14:47:41 - [TEST_STEP][PASSED] - sendKeys(findTestObject("ADMIN/Edit Text/Bespoke/Seller Pages/Onboarding_Settings/input_SELECT COUNTRY_select-country"), "*"): Keys '*' sent to object: 'Object Repository/ADMIN/Edit Text/Bespoke/Seller Pages/Onboarding_Settings/input_SELECT COUNTRY_select-country'

2020-03-20 14:47:41 - [MESSAGE][PASSED] - Keys '*' sent to object: 'Object Repository/ADMIN/Edit Text/Bespoke/Seller Pages/Onboarding_Settings/input_SELECT COUNTRY_select-country'

2020-03-20 14:47:41 - [TEST_STEP][PASSED] - sendKeys(findTestObject("ADMIN/Edit Text/Bespoke/Seller Pages/Onboarding_Settings/input_COUNTRY_address-country"), "*"): Keys '*' sent to object: 'Object Repository/ADMIN/Edit Text/Bespoke/Seller Pages/Onboarding_Settings/input_COUNTRY_address-country'

2020-03-20 14:47:41 - [MESSAGE][PASSED] - Keys '*' sent to object: 'Object Repository/ADMIN/Edit Text/Bespoke/Seller Pages/Onboarding_Settings/input_COUNTRY_address-country'

2020-03-20 14:47:41 - [TEST_STEP][PASSED] - sendKeys(findTestObject("ADMIN/Edit Text/Bespoke/Seller Pages/Onboarding_Settings/input_STATE_address-state"), "*"): Keys '*' sent to object: 'Object Repository/ADMIN/Edit Text/Bespoke/Seller Pages/Onboarding_Settings/input_STATE_address-state'

2020-03-20 14:47:42 - [MESSAGE][PASSED] - Keys '*' sent to object: 'Object Repository/ADMIN/Edit Text/Bespoke/Seller Pages/Onboarding_Settings/input_STATE_address-state'

2020-03-20 14:47:42 - [TEST_STEP][PASSED] - sendKeys(findTestObject("ADMIN/Edit Text/Bespoke/Seller Pages/Onboarding_Settings/input_CITY_address-city"), "*"): Keys '*' sent to object: 'Object Repository/ADMIN/Edit Text/Bespoke/Seller Pages/Onboarding_Settings/input_CITY_address-city'

2020-03-20 14:47:42 - [MESSAGE][PASSED] - Keys '*' sent to object: 'Object Repository/ADMIN/Edit Text/Bespoke/Seller Pages/Onboarding_Settings/input_CITY_address-city'

2020-03-20 14:47:42 - [TEST_STEP][PASSED] - sendKeys(findTestObject("ADMIN/Edit Text/Bespoke/Seller Pages/Onboarding_Settings/input_POSTAL CODE_address-postalcode"), "*"): Keys '*' sent to object: 'Object Repository/ADMIN/Edit Text/Bespoke/Seller Pages/Onboarding_Settings/input_POSTAL CODE_address-postalcode'

2020-03-20 14:47:42 - [MESSAGE][PASSED] - Keys '*' sent to object: 'Object Repository/ADMIN/Edit Text/Bespoke/Seller Pages/Onboarding_Settings/input_POSTAL CODE_address-postalcode'

2020-03-20 14:47:42 - [TEST_STEP][PASSED] - sendKeys(findTestObject("ADMIN/Edit Text/Bespoke/Seller Pages/Onboarding_Settings/input_ADD ADDRESS_btn_add"), "*"): Keys '*' sent to object: 'Object Repository/ADMIN/Edit Text/Bespoke/Seller Pages/Onboarding_Settings/input_ADD ADDRESS_btn_add'

2020-03-20 14:47:43 - [MESSAGE][PASSED] - Keys '*' sent to object: 'Object Repository/ADMIN/Edit Text/Bespoke/Seller Pages/Onboarding_Settings/input_ADD ADDRESS_btn_add'

2020-03-20 14:47:43 - [TEST_STEP][PASSED] - sendKeys(findTestObject("ADMIN/Edit Text/Bespoke/Seller Pages/Onboarding_Settings/input_SAVED ADDRESSES_address-saved"), "*"): Keys '*' sent to object: 'Object Repository/ADMIN/Edit Text/Bespoke/Seller Pages/Onboarding_Settings/input_SAVED ADDRESSES_address-saved'

2020-03-20 14:47:43 - [MESSAGE][PASSED] - Keys '*' sent to object: 'Object Repository/ADMIN/Edit Text/Bespoke/Seller Pages/Onboarding_Settings/input_SAVED ADDRESSES_address-saved'

2020-03-20 14:47:43 - [TEST_STEP][PASSED] - sendKeys(findTestObject("ADMIN/Edit Text/Bespoke/Seller Pages/Onboarding_Settings/input_Next_btn_next (1)"), "*"): Keys '*' sent to object: 'Object Repository/ADMIN/Edit Text/Bespoke/Seller Pages/Onboarding_Settings/input_Next_btn_next (1)'

2020-03-20 14:47:43 - [MESSAGE][PASSED] - Keys '*' sent to object: 'Object Repository/ADMIN/Edit Text/Bespoke/Seller Pages/Onboarding_Settings/input_Next_btn_next (1)'

2020-03-20 14:47:43 - [TEST_STEP][PASSED] - sendKeys(findTestObject("ADMIN/Edit Text/Bespoke/Seller Pages/Onboarding_Settings/input_PAYMENT ACCEPTANCE_tan-title"), "*"): Keys '*' sent to object: 'Object Repository/ADMIN/Edit Text/Bespoke/Seller Pages/Onboarding_Settings/input_PAYMENT ACCEPTANCE_tan-title'

2020-03-20 14:47:44 - [MESSAGE][PASSED] - Keys '*' sent to object: 'Object Repository/ADMIN/Edit Text/Bespoke/Seller Pages/Onboarding_Settings/input_PAYMENT ACCEPTANCE_tan-title'

2020-03-20 14:47:44 - [TEST_STEP][PASSED] - sendKeys(findTestObject("ADMIN/Edit Text/Bespoke/Seller Pages/Onboarding_Settings/input_PAYMENT METHOD_payment_method"), "*"): Keys '*' sent to object: 'Object Repository/ADMIN/Edit Text/Bespoke/Seller Pages/Onboarding_Settings/input_PAYMENT METHOD_payment_method'

2020-03-20 14:47:44 - [MESSAGE][PASSED] - Keys '*' sent to object: 'Object Repository/ADMIN/Edit Text/Bespoke/Seller Pages/Onboarding_Settings/input_PAYMENT METHOD_payment_method'

2020-03-20 14:47:44 - [TEST_STEP][PASSED] - sendKeys(findTestObject("ADMIN/Edit Text/Bespoke/Seller Pages/Onboarding_Settings/input_Select your preferred payment method_select_payment_method"), "*"): Keys '*' sent to object: 'Object Repository/ADMIN/Edit Text/Bespoke/Seller Pages/Onboarding_Settings/input_Select your preferred payment method_select_payment_method'

2020-03-20 14:47:44 - [MESSAGE][PASSED] - Keys '*' sent to object: 'Object Repository/ADMIN/Edit Text/Bespoke/Seller Pages/Onboarding_Settings/input_Select your preferred payment method_select_payment_method'

2020-03-20 14:47:44 - [TEST_STEP][PASSED] - sendKeys(findTestObject("ADMIN/Edit Text/Bespoke/Seller Pages/Onboarding_Settings/input_LINK ACCOUNT_btn_link_account"), "*"): Keys '*' sent to object: 'Object Repository/ADMIN/Edit Text/Bespoke/Seller Pages/Onboarding_Settings/input_LINK ACCOUNT_btn_link_account'

2020-03-20 14:47:44 - [MESSAGE][PASSED] - Keys '*' sent to object: 'Object Repository/ADMIN/Edit Text/Bespoke/Seller Pages/Onboarding_Settings/input_LINK ACCOUNT_btn_link_account'

2020-03-20 14:47:44 - [TEST_STEP][PASSED] - sendKeys(findTestObject("ADMIN/Edit Text/Bespoke/Seller Pages/Onboarding_Settings/input_VERIFIED_verified"), "*"): Keys '*' sent to object: 'Object Repository/ADMIN/Edit Text/Bespoke/Seller Pages/Onboarding_Settings/input_VERIFIED_verified'

2020-03-20 14:47:44 - [MESSAGE][PASSED] - Keys '*' sent to object: 'Object Repository/ADMIN/Edit Text/Bespoke/Seller Pages/Onboarding_Settings/input_VERIFIED_verified'

2020-03-20 14:47:44 - [TEST_STEP][PASSED] - sendKeys(findTestObject("ADMIN/Edit Text/Bespoke/Seller Pages/Onboarding_Settings/input_This payment method is compulsory_this_method_compulsory"), "*"): Keys '*' sent to object: 'Object Repository/ADMIN/Edit Text/Bespoke/Seller Pages/Onboarding_Settings/input_This payment method is compulsory_this_method_compulsory'

2020-03-20 14:47:45 - [MESSAGE][PASSED] - Keys '*' sent to object: 'Object Repository/ADMIN/Edit Text/Bespoke/Seller Pages/Onboarding_Settings/input_This payment method is compulsory_this_method_compulsory'

2020-03-20 14:47:45 - [TEST_STEP][PASSED] - sendKeys(findTestObject("ADMIN/Edit Text/Bespoke/Seller Pages/Onboarding_Settings/input_No account linked yet_no-account-linked"), "*"): Keys '*' sent to object: 'Object Repository/ADMIN/Edit Text/Bespoke/Seller Pages/Onboarding_Settings/input_No account linked yet_no-account-linked'

2020-03-20 14:47:45 - [MESSAGE][PASSED] - Keys '*' sent to object: 'Object Repository/ADMIN/Edit Text/Bespoke/Seller Pages/Onboarding_Settings/input_No account linked yet_no-account-linked'

2020-03-20 14:47:45 - [TEST_STEP][PASSED] - sendKeys(findTestObject("ADMIN/Edit Text/Bespoke/Seller Pages/Onboarding_Settings/input_next3"), "*"): Keys '*' sent to object: 'Object Repository/ADMIN/Edit Text/Bespoke/Seller Pages/Onboarding_Settings/input_next3'

2020-03-20 14:47:45 - [MESSAGE][PASSED] - Keys '*' sent to object: 'Object Repository/ADMIN/Edit Text/Bespoke/Seller Pages/Onboarding_Settings/input_next3'

2020-03-20 14:47:45 - [TEST_STEP][PASSED] - sendKeys(findTestObject("ADMIN/Edit Text/Bespoke/Seller Pages/Onboarding_Settings/input_DELIVERY METHODS_tab-title1"), "*"): Keys '*' sent to object: 'Object Repository/ADMIN/Edit Text/Bespoke/Seller Pages/Onboarding_Settings/input_DELIVERY METHODS_tab-title1'

2020-03-20 14:47:45 - [MESSAGE][PASSED] - Keys '*' sent to object: 'Object Repository/ADMIN/Edit Text/Bespoke/Seller Pages/Onboarding_Settings/input_DELIVERY METHODS_tab-title1'

2020-03-20 14:47:45 - [TEST_STEP][PASSED] - sendKeys(findTestObject("ADMIN/Edit Text/Bespoke/Seller Pages/Onboarding_Settings/input_DELIVERY OPTIONS_delivery-option"), "*"): Keys '*' sent to object: 'Object Repository/ADMIN/Edit Text/Bespoke/Seller Pages/Onboarding_Settings/input_DELIVERY OPTIONS_delivery-option'

2020-03-20 14:47:45 - [MESSAGE][PASSED] - Keys '*' sent to object: 'Object Repository/ADMIN/Edit Text/Bespoke/Seller Pages/Onboarding_Settings/input_DELIVERY OPTIONS_delivery-option'

2020-03-20 14:47:45 - [TEST_STEP][PASSED] - sendKeys(findTestObject("ADMIN/Edit Text/Bespoke/Seller Pages/Onboarding_Settings/input_DELIVERY OPTIONS_delivery-txt2"), "*"): Keys '*' sent to object: 'Object Repository/ADMIN/Edit Text/Bespoke/Seller Pages/Onboarding_Settings/input_DELIVERY OPTIONS_delivery-txt2'

2020-03-20 14:47:46 - [MESSAGE][PASSED] - Keys '*' sent to object: 'Object Repository/ADMIN/Edit Text/Bespoke/Seller Pages/Onboarding_Settings/input_DELIVERY OPTIONS_delivery-txt2'

2020-03-20 14:47:46 - [TEST_STEP][PASSED] - sendKeys(findTestObject("ADMIN/Edit Text/Bespoke/Seller Pages/Onboarding_Settings/input_DELIVERY SERVICE_delivery-service"), "*"): Keys '*' sent to object: 'Object Repository/ADMIN/Edit Text/Bespoke/Seller Pages/Onboarding_Settings/input_DELIVERY SERVICE_delivery-service'

2020-03-20 14:47:46 - [MESSAGE][PASSED] - Keys '*' sent to object: 'Object Repository/ADMIN/Edit Text/Bespoke/Seller Pages/Onboarding_Settings/input_DELIVERY SERVICE_delivery-service'

2020-03-20 14:47:46 - [TEST_STEP][PASSED] - sendKeys(findTestObject("ADMIN/Edit Text/Bespoke/Seller Pages/Onboarding_Settings/input_SINGLE ITEM DELIVERY (A)_single-item-delivery"), "*"): Keys '*' sent to object: 'Object Repository/ADMIN/Edit Text/Bespoke/Seller Pages/Onboarding_Settings/input_SINGLE ITEM DELIVERY (A)_single-item-delivery'

2020-03-20 14:47:46 - [MESSAGE][PASSED] - Keys '*' sent to object: 'Object Repository/ADMIN/Edit Text/Bespoke/Seller Pages/Onboarding_Settings/input_SINGLE ITEM DELIVERY (A)_single-item-delivery'

2020-03-20 14:47:46 - [TEST_STEP][PASSED] - sendKeys(findTestObject("ADMIN/Edit Text/Bespoke/Seller Pages/Onboarding_Settings/input_WITH OTHER ITEM (B)_with-other-item"), "*"): Keys '*' sent to object: 'Object Repository/ADMIN/Edit Text/Bespoke/Seller Pages/Onboarding_Settings/input_WITH OTHER ITEM (B)_with-other-item'

2020-03-20 14:47:47 - [MESSAGE][PASSED] - Keys '*' sent to object: 'Object Repository/ADMIN/Edit Text/Bespoke/Seller Pages/Onboarding_Settings/input_WITH OTHER ITEM (B)_with-other-item'

2020-03-20 14:47:47 - [TEST_STEP][PASSED] - sendKeys(findTestObject("ADMIN/Edit Text/Bespoke/Seller Pages/Onboarding_Settings/input_ADD_btn_add"), "*"): Keys '*' sent to object: 'Object Repository/ADMIN/Edit Text/Bespoke/Seller Pages/Onboarding_Settings/input_ADD_btn_add'

2020-03-20 14:47:47 - [MESSAGE][PASSED] - Keys '*' sent to object: 'Object Repository/ADMIN/Edit Text/Bespoke/Seller Pages/Onboarding_Settings/input_ADD_btn_add'

2020-03-20 14:47:47 - [TEST_STEP][PASSED] - sendKeys(findTestObject("ADMIN/Edit Text/Bespoke/Seller Pages/Onboarding_Settings/input_PICK-UP LOCATIONS_pick-up-option"), "*"): Keys '*' sent to object: 'Object Repository/ADMIN/Edit Text/Bespoke/Seller Pages/Onboarding_Settings/input_PICK-UP LOCATIONS_pick-up-option'

2020-03-20 14:47:47 - [MESSAGE][PASSED] - Keys '*' sent to object: 'Object Repository/ADMIN/Edit Text/Bespoke/Seller Pages/Onboarding_Settings/input_PICK-UP LOCATIONS_pick-up-option'

2020-03-20 14:47:47 - [TEST_STEP][PASSED] - sendKeys(findTestObject("ADMIN/Edit Text/Bespoke/Seller Pages/Onboarding_Settings/textarea_Define the full address where the buyer can pick up from (You must have at least a delivery option or a pick-up location selected)"), "*"): Keys '*' sent to object: 'Object Repository/ADMIN/Edit Text/Bespoke/Seller Pages/Onboarding_Settings/textarea_Define the full address where the buyer can pick up from (You must have at least a delivery option or a pick-up location selected)'

2020-03-20 14:47:47 - [MESSAGE][PASSED] - Keys '*' sent to object: 'Object Repository/ADMIN/Edit Text/Bespoke/Seller Pages/Onboarding_Settings/textarea_Define the full address where the buyer can pick up from (You must have at least a delivery option or a pick-up location selected)'

2020-03-20 14:47:47 - [TEST_STEP][PASSED] - sendKeys(findTestObject("ADMIN/Edit Text/Bespoke/Seller Pages/Onboarding_Settings/input_Offer reduced shipping costs to buyers when they buy more than one item from you_delivery-txt2"), "*"): Keys '*' sent to object: 'Object Repository/ADMIN/Edit Text/Bespoke/Seller Pages/Onboarding_Settings/input_Offer reduced shipping costs to buyers when they buy more than one item from you_delivery-txt2'

2020-03-20 14:47:47 - [MESSAGE][PASSED] - Keys '*' sent to object: 'Object Repository/ADMIN/Edit Text/Bespoke/Seller Pages/Onboarding_Settings/input_Offer reduced shipping costs to buyers when they buy more than one item from you_delivery-txt2'

2020-03-20 14:47:47 - [TEST_STEP][PASSED] - sendKeys(findTestObject("ADMIN/Edit Text/Bespoke/Seller Pages/Onboarding_Settings/input_total delivery"), "*"): Keys '*' sent to object: 'Object Repository/ADMIN/Edit Text/Bespoke/Seller Pages/Onboarding_Settings/input_total delivery'

2020-03-20 14:47:48 - [MESSAGE][PASSED] - Keys '*' sent to object: 'Object Repository/ADMIN/Edit Text/Bespoke/Seller Pages/Onboarding_Settings/input_total delivery'

2020-03-20 14:47:48 - [TEST_STEP][PASSED] - sendKeys(findTestObject("ADMIN/Edit Text/Bespoke/Seller Pages/Onboarding_Settings/input_add1"), "*"): Keys '*' sent to object: 'Object Repository/ADMIN/Edit Text/Bespoke/Seller Pages/Onboarding_Settings/input_add1'

2020-03-20 14:47:48 - [MESSAGE][PASSED] - Keys '*' sent to object: 'Object Repository/ADMIN/Edit Text/Bespoke/Seller Pages/Onboarding_Settings/input_add1'

2020-03-20 14:47:48 - [TEST_STEP][PASSED] - sendKeys(findTestObject("ADMIN/Edit Text/Bespoke/Seller Pages/Onboarding_Settings/input_PICK-UP LOCATION ADDRESS_pick-up-address"), "*"): Keys '*' sent to object: 'Object Repository/ADMIN/Edit Text/Bespoke/Seller Pages/Onboarding_Settings/input_PICK-UP LOCATION ADDRESS_pick-up-address'

2020-03-20 14:47:48 - [MESSAGE][PASSED] - Keys '*' sent to object: 'Object Repository/ADMIN/Edit Text/Bespoke/Seller Pages/Onboarding_Settings/input_PICK-UP LOCATION ADDRESS_pick-up-address'

2020-03-20 14:47:48 - [TEST_STEP][PASSED] - sendKeys(findTestObject("ADMIN/Edit Text/Bespoke/Seller Pages/Onboarding_Settings/input_SAVE_btn_save"), "*"): Keys '*' sent to object: 'Object Repository/ADMIN/Edit Text/Bespoke/Seller Pages/Onboarding_Settings/input_SAVE_btn_save'

2020-03-20 14:47:48 - [MESSAGE][PASSED] - Keys '*' sent to object: 'Object Repository/ADMIN/Edit Text/Bespoke/Seller Pages/Onboarding_Settings/input_SAVE_btn_save'

2020-03-20 14:47:48 - [TEST_STEP][PASSED] - sendKeys(findTestObject("ADMIN/Edit Text/Bespoke/Seller Pages/Onboarding_Settings/input_Are you sure want to delete_popup-title"), "*"): Keys '*' sent to object: 'Object Repository/ADMIN/Edit Text/Bespoke/Seller Pages/Onboarding_Settings/input_Are you sure want to delete_popup-title'

2020-03-20 14:47:49 - [MESSAGE][PASSED] - Keys '*' sent to object: 'Object Repository/ADMIN/Edit Text/Bespoke/Seller Pages/Onboarding_Settings/input_Are you sure want to delete_popup-title'

2020-03-20 14:47:49 - [TEST_STEP][PASSED] - sendKeys(findTestObject("ADMIN/Edit Text/Bespoke/Seller Pages/Onboarding_Settings/input_CANCEL_btn_cancel"), "*"): Keys '*' sent to object: 'Object Repository/ADMIN/Edit Text/Bespoke/Seller Pages/Onboarding_Settings/input_CANCEL_btn_cancel'

2020-03-20 14:47:49 - [MESSAGE][PASSED] - Keys '*' sent to object: 'Object Repository/ADMIN/Edit Text/Bespoke/Seller Pages/Onboarding_Settings/input_CANCEL_btn_cancel'

2020-03-20 14:47:49 - [TEST_STEP][PASSED] - sendKeys(findTestObject("ADMIN/Edit Text/Bespoke/Seller Pages/Onboarding_Settings/input_Okay_btn_okay"), "*"): Keys '*' sent to object: 'Object Repository/ADMIN/Edit Text/Bespoke/Seller Pages/Onboarding_Settings/input_Okay_btn_okay'

2020-03-20 14:47:49 - [MESSAGE][PASSED] - Keys '*' sent to object: 'Object Repository/ADMIN/Edit Text/Bespoke/Seller Pages/Onboarding_Settings/input_Okay_btn_okay'

2020-03-20 14:47:49 - [TEST_STEP][PASSED] - sendKeys(findTestObject("ADMIN/Edit Text/Bespoke/Seller Pages/Onboarding_Settings/input_REMOVE ITEM_popup-title"), "*"): Keys '*' sent to object: 'Object Repository/ADMIN/Edit Text/Bespoke/Seller Pages/Onboarding_Settings/input_REMOVE ITEM_popup-title'

2020-03-20 14:47:49 - [MESSAGE][PASSED] - Keys '*' sent to object: 'Object Repository/ADMIN/Edit Text/Bespoke/Seller Pages/Onboarding_Settings/input_REMOVE ITEM_popup-title'

2020-03-20 14:47:49 - [TEST_STEP][PASSED] - sendKeys(findTestObject("ADMIN/Edit Text/Bespoke/Seller Pages/Onboarding_Settings/input_concat(Are you sure about removing this item from your list (It  ll be gone forever))_popup-title"), "*"): Keys '*' sent to object: 'Object Repository/ADMIN/Edit Text/Bespoke/Seller Pages/Onboarding_Settings/input_concat(Are you sure about removing this item from your list (It  ll be gone forever))_popup-title'

2020-03-20 14:47:50 - [MESSAGE][PASSED] - Keys '*' sent to object: 'Object Repository/ADMIN/Edit Text/Bespoke/Seller Pages/Onboarding_Settings/input_concat(Are you sure about removing this item from your list (It  ll be gone forever))_popup-title'

2020-03-20 14:47:50 - [TEST_STEP][PASSED] - sendKeys(findTestObject("ADMIN/Edit Text/Bespoke/Seller Pages/Onboarding_Settings/input_CANCEL_btn_cancel2"), "*"): Keys '*' sent to object: 'Object Repository/ADMIN/Edit Text/Bespoke/Seller Pages/Onboarding_Settings/input_CANCEL_btn_cancel2'

2020-03-20 14:47:50 - [MESSAGE][PASSED] - Keys '*' sent to object: 'Object Repository/ADMIN/Edit Text/Bespoke/Seller Pages/Onboarding_Settings/input_CANCEL_btn_cancel2'

2020-03-20 14:47:50 - [TEST_STEP][PASSED] - sendKeys(findTestObject("ADMIN/Edit Text/Bespoke/Seller Pages/Onboarding_Settings/input_Okay_btn_okay2"), "*"): Keys '*' sent to object: 'Object Repository/ADMIN/Edit Text/Bespoke/Seller Pages/Onboarding_Settings/input_Okay_btn_okay2'

2020-03-20 14:47:50 - [MESSAGE][PASSED] - Keys '*' sent to object: 'Object Repository/ADMIN/Edit Text/Bespoke/Seller Pages/Onboarding_Settings/input_Okay_btn_okay2'

2020-03-20 14:47:50 - [TEST_STEP][PASSED] - click(findTestObject("ADMIN/Edit Text/Bespoke/Buyer Pages/Homepage/button_save"), CONTINUE_ON_FAILURE): Object: 'Object Repository/ADMIN/Edit Text/Bespoke/Buyer Pages/Homepage/button_save' is clicked on

2020-03-20 14:47:50 - [MESSAGE][PASSED] - Object: 'Object Repository/ADMIN/Edit Text/Bespoke/Buyer Pages/Homepage/button_save' is clicked on

2020-03-20 14:47:50 - [TEST_STEP][PASSED] - waitForElementVisible(findTestObject("ADMIN/Edit Text/Bespoke/Buyer Pages/Homepage/toaster_success"), 0): Object 'Object Repository/ADMIN/Edit Text/Bespoke/Buyer Pages/Homepage/toaster_success' is visible

2020-03-20 14:47:50 - [MESSAGE][WARNING] - Timeout '0' is invalid. Using default page load timeout: '30'

2020-03-20 14:47:51 - [MESSAGE][PASSED] - Object 'Object Repository/ADMIN/Edit Text/Bespoke/Buyer Pages/Homepage/toaster_success' is visible]]></system-out>
         <system-err><![CDATA[]]></system-err>
      </testcase>
      <testcase name="Test Cases/ADMIN/Language/Edit Text/Bespoke/Seller/Onboarding_Settings" time="15.311" classname="Test Cases/ADMIN/Language/Edit Text/Bespoke/Seller/Onboarding_Settings" status="PASSED">
         <system-out><![CDATA[2020-03-20 14:47:51 - [TEST_CASE][PASSED] - Test Cases/ADMIN/Language/Edit Text/Bespoke/Seller/Onboarding_Settings: Test Cases/ADMIN/Language/Edit Text/Bespoke/Seller/Onboarding_Settings

2020-03-20 14:47:51 - [TEST_STEP][PASSED] - waitForElementVisible(findTestObject("ADMIN/Edit Text/Bespoke/Buyer Navigation/dd_language"), 0): Object 'Object Repository/ADMIN/Edit Text/Bespoke/Buyer Navigation/dd_language' is visible

2020-03-20 14:47:51 - [MESSAGE][WARNING] - Timeout '0' is invalid. Using default page load timeout: '30'

2020-03-20 14:47:51 - [MESSAGE][PASSED] - Object 'Object Repository/ADMIN/Edit Text/Bespoke/Buyer Navigation/dd_language' is visible

2020-03-20 14:47:51 - [TEST_STEP][PASSED] - selectOptionByLabel(findTestObject("ADMIN/Edit Text/Bespoke/Buyer Navigation/dd_language"), varLanguage, false): All options with label 'Swedish' are selected in object 'Object Repository/ADMIN/Edit Text/Bespoke/Buyer Navigation/dd_language' 

2020-03-20 14:47:53 - [MESSAGE][PASSED] - All options with label 'Swedish' are selected in object 'Object Repository/ADMIN/Edit Text/Bespoke/Buyer Navigation/dd_language' 

2020-03-20 14:47:53 - [TEST_STEP][PASSED] - sendKeys(findTestObject("ADMIN/Edit Text/Bespoke/Seller Pages/Onboarding_Settings/input_USER SETTINGS_marketplace-name"), "*"): Keys '*' sent to object: 'Object Repository/ADMIN/Edit Text/Bespoke/Seller Pages/Onboarding_Settings/input_USER SETTINGS_marketplace-name'

2020-03-20 14:47:53 - [MESSAGE][PASSED] - Keys '*' sent to object: 'Object Repository/ADMIN/Edit Text/Bespoke/Seller Pages/Onboarding_Settings/input_USER SETTINGS_marketplace-name'

2020-03-20 14:47:53 - [TEST_STEP][PASSED] - sendKeys(findTestObject("ADMIN/Edit Text/Bespoke/Seller Pages/Onboarding_Settings/input_Configure your profile your delivery methods and how you receive payments_item_details"), "*"): Keys '*' sent to object: 'Object Repository/ADMIN/Edit Text/Bespoke/Seller Pages/Onboarding_Settings/input_Configure your profile your delivery methods and how you receive payments_item_details'

2020-03-20 14:47:54 - [MESSAGE][PASSED] - Keys '*' sent to object: 'Object Repository/ADMIN/Edit Text/Bespoke/Seller Pages/Onboarding_Settings/input_Configure your profile your delivery methods and how you receive payments_item_details'

2020-03-20 14:47:54 - [TEST_STEP][PASSED] - sendKeys(findTestObject("ADMIN/Edit Text/Bespoke/Seller Pages/Onboarding_Settings/input_PROFILE_tab-title"), "*"): Keys '*' sent to object: 'Object Repository/ADMIN/Edit Text/Bespoke/Seller Pages/Onboarding_Settings/input_PROFILE_tab-title'

2020-03-20 14:47:54 - [MESSAGE][PASSED] - Keys '*' sent to object: 'Object Repository/ADMIN/Edit Text/Bespoke/Seller Pages/Onboarding_Settings/input_PROFILE_tab-title'

2020-03-20 14:47:54 - [TEST_STEP][PASSED] - sendKeys(findTestObject("ADMIN/Edit Text/Bespoke/Seller Pages/Onboarding_Settings/input_CHANGE_btn_upload"), "*"): Keys '*' sent to object: 'Object Repository/ADMIN/Edit Text/Bespoke/Seller Pages/Onboarding_Settings/input_CHANGE_btn_upload'

2020-03-20 14:47:54 - [MESSAGE][PASSED] - Keys '*' sent to object: 'Object Repository/ADMIN/Edit Text/Bespoke/Seller Pages/Onboarding_Settings/input_CHANGE_btn_upload'

2020-03-20 14:47:54 - [TEST_STEP][PASSED] - sendKeys(findTestObject("ADMIN/Edit Text/Bespoke/Seller Pages/Onboarding_Settings/input_DISPLAY NAME_display-name"), "*"): Keys '*' sent to object: 'Object Repository/ADMIN/Edit Text/Bespoke/Seller Pages/Onboarding_Settings/input_DISPLAY NAME_display-name'

2020-03-20 14:47:54 - [MESSAGE][PASSED] - Keys '*' sent to object: 'Object Repository/ADMIN/Edit Text/Bespoke/Seller Pages/Onboarding_Settings/input_DISPLAY NAME_display-name'

2020-03-20 14:47:54 - [TEST_STEP][PASSED] - sendKeys(findTestObject("ADMIN/Edit Text/Bespoke/Seller Pages/Onboarding_Settings/input_DESCRIPTION_description"), "*"): Keys '*' sent to object: 'Object Repository/ADMIN/Edit Text/Bespoke/Seller Pages/Onboarding_Settings/input_DESCRIPTION_description'

2020-03-20 14:47:55 - [MESSAGE][PASSED] - Keys '*' sent to object: 'Object Repository/ADMIN/Edit Text/Bespoke/Seller Pages/Onboarding_Settings/input_DESCRIPTION_description'

2020-03-20 14:47:55 - [TEST_STEP][PASSED] - sendKeys(findTestObject("ADMIN/Edit Text/Bespoke/Seller Pages/Onboarding_Settings/input_FIRST NAME_first-name"), "*"): Keys '*' sent to object: 'Object Repository/ADMIN/Edit Text/Bespoke/Seller Pages/Onboarding_Settings/input_FIRST NAME_first-name'

2020-03-20 14:47:55 - [MESSAGE][PASSED] - Keys '*' sent to object: 'Object Repository/ADMIN/Edit Text/Bespoke/Seller Pages/Onboarding_Settings/input_FIRST NAME_first-name'

2020-03-20 14:47:55 - [TEST_STEP][PASSED] - sendKeys(findTestObject("ADMIN/Edit Text/Bespoke/Seller Pages/Onboarding_Settings/input_LAST NAME_last-name"), "*"): Keys '*' sent to object: 'Object Repository/ADMIN/Edit Text/Bespoke/Seller Pages/Onboarding_Settings/input_LAST NAME_last-name'

2020-03-20 14:47:55 - [MESSAGE][PASSED] - Keys '*' sent to object: 'Object Repository/ADMIN/Edit Text/Bespoke/Seller Pages/Onboarding_Settings/input_LAST NAME_last-name'

2020-03-20 14:47:55 - [TEST_STEP][PASSED] - sendKeys(findTestObject("ADMIN/Edit Text/Bespoke/Seller Pages/Onboarding_Settings/input_NOTIFICATION EMAIL_notification-email"), "*"): Keys '*' sent to object: 'Object Repository/ADMIN/Edit Text/Bespoke/Seller Pages/Onboarding_Settings/input_NOTIFICATION EMAIL_notification-email'

2020-03-20 14:47:55 - [MESSAGE][PASSED] - Keys '*' sent to object: 'Object Repository/ADMIN/Edit Text/Bespoke/Seller Pages/Onboarding_Settings/input_NOTIFICATION EMAIL_notification-email'

2020-03-20 14:47:55 - [TEST_STEP][PASSED] - sendKeys(findTestObject("ADMIN/Edit Text/Bespoke/Seller Pages/Onboarding_Settings/input_CONTACT NUMBER_contact-number"), "*"): Keys '*' sent to object: 'Object Repository/ADMIN/Edit Text/Bespoke/Seller Pages/Onboarding_Settings/input_CONTACT NUMBER_contact-number'

2020-03-20 14:47:55 - [MESSAGE][PASSED] - Keys '*' sent to object: 'Object Repository/ADMIN/Edit Text/Bespoke/Seller Pages/Onboarding_Settings/input_CONTACT NUMBER_contact-number'

2020-03-20 14:47:55 - [TEST_STEP][PASSED] - sendKeys(findTestObject("ADMIN/Edit Text/Bespoke/Seller Pages/Onboarding_Settings/input_OPENID LOGIN_open-id-login"), "*"): Keys '*' sent to object: 'Object Repository/ADMIN/Edit Text/Bespoke/Seller Pages/Onboarding_Settings/input_OPENID LOGIN_open-id-login'

2020-03-20 14:47:56 - [MESSAGE][PASSED] - Keys '*' sent to object: 'Object Repository/ADMIN/Edit Text/Bespoke/Seller Pages/Onboarding_Settings/input_OPENID LOGIN_open-id-login'

2020-03-20 14:47:56 - [TEST_STEP][PASSED] - sendKeys(findTestObject("ADMIN/Edit Text/Bespoke/Seller Pages/Onboarding_Settings/input_SELLER LOCATION_seller_location"), "*"): Keys '*' sent to object: 'Object Repository/ADMIN/Edit Text/Bespoke/Seller Pages/Onboarding_Settings/input_SELLER LOCATION_seller_location'

2020-03-20 14:47:56 - [MESSAGE][PASSED] - Keys '*' sent to object: 'Object Repository/ADMIN/Edit Text/Bespoke/Seller Pages/Onboarding_Settings/input_SELLER LOCATION_seller_location'

2020-03-20 14:47:56 - [TEST_STEP][PASSED] - sendKeys(findTestObject("ADMIN/Edit Text/Bespoke/Seller Pages/Onboarding_Settings/textarea_For each transaction that is made through the marketplace there will be a seller transaction fee of"), "*"): Keys '*' sent to object: 'Object Repository/ADMIN/Edit Text/Bespoke/Seller Pages/Onboarding_Settings/textarea_For each transaction that is made through the marketplace there will be a seller transaction fee of'

2020-03-20 14:47:56 - [MESSAGE][PASSED] - Keys '*' sent to object: 'Object Repository/ADMIN/Edit Text/Bespoke/Seller Pages/Onboarding_Settings/textarea_For each transaction that is made through the marketplace there will be a seller transaction fee of'

2020-03-20 14:47:56 - [TEST_STEP][PASSED] - sendKeys(findTestObject("ADMIN/Edit Text/Bespoke/Seller Pages/Onboarding_Settings/input_NEXT_btn_next"), "*"): Keys '*' sent to object: 'Object Repository/ADMIN/Edit Text/Bespoke/Seller Pages/Onboarding_Settings/input_NEXT_btn_next'

2020-03-20 14:47:56 - [MESSAGE][PASSED] - Keys '*' sent to object: 'Object Repository/ADMIN/Edit Text/Bespoke/Seller Pages/Onboarding_Settings/input_NEXT_btn_next'

2020-03-20 14:47:56 - [TEST_STEP][PASSED] - sendKeys(findTestObject("ADMIN/Edit Text/Bespoke/Seller Pages/Onboarding_Settings/input_ADDRESS_tab-title"), "*"): Keys '*' sent to object: 'Object Repository/ADMIN/Edit Text/Bespoke/Seller Pages/Onboarding_Settings/input_ADDRESS_tab-title'

2020-03-20 14:47:56 - [MESSAGE][PASSED] - Keys '*' sent to object: 'Object Repository/ADMIN/Edit Text/Bespoke/Seller Pages/Onboarding_Settings/input_ADDRESS_tab-title'

2020-03-20 14:47:56 - [TEST_STEP][PASSED] - sendKeys(findTestObject("ADMIN/Edit Text/Bespoke/Seller Pages/Onboarding_Settings/input_NEW DELIVERY ADDRESS_new-delivery-address"), "*"): Keys '*' sent to object: 'Object Repository/ADMIN/Edit Text/Bespoke/Seller Pages/Onboarding_Settings/input_NEW DELIVERY ADDRESS_new-delivery-address'

2020-03-20 14:47:56 - [MESSAGE][PASSED] - Keys '*' sent to object: 'Object Repository/ADMIN/Edit Text/Bespoke/Seller Pages/Onboarding_Settings/input_NEW DELIVERY ADDRESS_new-delivery-address'

2020-03-20 14:47:56 - [TEST_STEP][PASSED] - sendKeys(findTestObject("ADMIN/Edit Text/Bespoke/Seller Pages/Onboarding_Settings/input_ADDRESSEE FIRST NAME_addressee-first-name"), "*"): Keys '*' sent to object: 'Object Repository/ADMIN/Edit Text/Bespoke/Seller Pages/Onboarding_Settings/input_ADDRESSEE FIRST NAME_addressee-first-name'

2020-03-20 14:47:57 - [MESSAGE][PASSED] - Keys '*' sent to object: 'Object Repository/ADMIN/Edit Text/Bespoke/Seller Pages/Onboarding_Settings/input_ADDRESSEE FIRST NAME_addressee-first-name'

2020-03-20 14:47:57 - [TEST_STEP][PASSED] - sendKeys(findTestObject("ADMIN/Edit Text/Bespoke/Seller Pages/Onboarding_Settings/input_ADDRESSEE LAST NAME_addressee-last-name"), "*"): Keys '*' sent to object: 'Object Repository/ADMIN/Edit Text/Bespoke/Seller Pages/Onboarding_Settings/input_ADDRESSEE LAST NAME_addressee-last-name'

2020-03-20 14:47:57 - [MESSAGE][PASSED] - Keys '*' sent to object: 'Object Repository/ADMIN/Edit Text/Bespoke/Seller Pages/Onboarding_Settings/input_ADDRESSEE LAST NAME_addressee-last-name'

2020-03-20 14:47:57 - [TEST_STEP][PASSED] - sendKeys(findTestObject("ADMIN/Edit Text/Bespoke/Seller Pages/Onboarding_Settings/input_ADDRESS_address"), "*"): Keys '*' sent to object: 'Object Repository/ADMIN/Edit Text/Bespoke/Seller Pages/Onboarding_Settings/input_ADDRESS_address'

2020-03-20 14:47:57 - [MESSAGE][PASSED] - Keys '*' sent to object: 'Object Repository/ADMIN/Edit Text/Bespoke/Seller Pages/Onboarding_Settings/input_ADDRESS_address'

2020-03-20 14:47:57 - [TEST_STEP][PASSED] - sendKeys(findTestObject("ADMIN/Edit Text/Bespoke/Seller Pages/Onboarding_Settings/input_SELECT COUNTRY_select-country"), "*"): Keys '*' sent to object: 'Object Repository/ADMIN/Edit Text/Bespoke/Seller Pages/Onboarding_Settings/input_SELECT COUNTRY_select-country'

2020-03-20 14:47:57 - [MESSAGE][PASSED] - Keys '*' sent to object: 'Object Repository/ADMIN/Edit Text/Bespoke/Seller Pages/Onboarding_Settings/input_SELECT COUNTRY_select-country'

2020-03-20 14:47:57 - [TEST_STEP][PASSED] - sendKeys(findTestObject("ADMIN/Edit Text/Bespoke/Seller Pages/Onboarding_Settings/input_COUNTRY_address-country"), "*"): Keys '*' sent to object: 'Object Repository/ADMIN/Edit Text/Bespoke/Seller Pages/Onboarding_Settings/input_COUNTRY_address-country'

2020-03-20 14:47:58 - [MESSAGE][PASSED] - Keys '*' sent to object: 'Object Repository/ADMIN/Edit Text/Bespoke/Seller Pages/Onboarding_Settings/input_COUNTRY_address-country'

2020-03-20 14:47:58 - [TEST_STEP][PASSED] - sendKeys(findTestObject("ADMIN/Edit Text/Bespoke/Seller Pages/Onboarding_Settings/input_STATE_address-state"), "*"): Keys '*' sent to object: 'Object Repository/ADMIN/Edit Text/Bespoke/Seller Pages/Onboarding_Settings/input_STATE_address-state'

2020-03-20 14:47:58 - [MESSAGE][PASSED] - Keys '*' sent to object: 'Object Repository/ADMIN/Edit Text/Bespoke/Seller Pages/Onboarding_Settings/input_STATE_address-state'

2020-03-20 14:47:58 - [TEST_STEP][PASSED] - sendKeys(findTestObject("ADMIN/Edit Text/Bespoke/Seller Pages/Onboarding_Settings/input_CITY_address-city"), "*"): Keys '*' sent to object: 'Object Repository/ADMIN/Edit Text/Bespoke/Seller Pages/Onboarding_Settings/input_CITY_address-city'

2020-03-20 14:47:58 - [MESSAGE][PASSED] - Keys '*' sent to object: 'Object Repository/ADMIN/Edit Text/Bespoke/Seller Pages/Onboarding_Settings/input_CITY_address-city'

2020-03-20 14:47:58 - [TEST_STEP][PASSED] - sendKeys(findTestObject("ADMIN/Edit Text/Bespoke/Seller Pages/Onboarding_Settings/input_POSTAL CODE_address-postalcode"), "*"): Keys '*' sent to object: 'Object Repository/ADMIN/Edit Text/Bespoke/Seller Pages/Onboarding_Settings/input_POSTAL CODE_address-postalcode'

2020-03-20 14:47:58 - [MESSAGE][PASSED] - Keys '*' sent to object: 'Object Repository/ADMIN/Edit Text/Bespoke/Seller Pages/Onboarding_Settings/input_POSTAL CODE_address-postalcode'

2020-03-20 14:47:58 - [TEST_STEP][PASSED] - sendKeys(findTestObject("ADMIN/Edit Text/Bespoke/Seller Pages/Onboarding_Settings/input_ADD ADDRESS_btn_add"), "*"): Keys '*' sent to object: 'Object Repository/ADMIN/Edit Text/Bespoke/Seller Pages/Onboarding_Settings/input_ADD ADDRESS_btn_add'

2020-03-20 14:47:58 - [MESSAGE][PASSED] - Keys '*' sent to object: 'Object Repository/ADMIN/Edit Text/Bespoke/Seller Pages/Onboarding_Settings/input_ADD ADDRESS_btn_add'

2020-03-20 14:47:58 - [TEST_STEP][PASSED] - sendKeys(findTestObject("ADMIN/Edit Text/Bespoke/Seller Pages/Onboarding_Settings/input_SAVED ADDRESSES_address-saved"), "*"): Keys '*' sent to object: 'Object Repository/ADMIN/Edit Text/Bespoke/Seller Pages/Onboarding_Settings/input_SAVED ADDRESSES_address-saved'

2020-03-20 14:47:59 - [MESSAGE][PASSED] - Keys '*' sent to object: 'Object Repository/ADMIN/Edit Text/Bespoke/Seller Pages/Onboarding_Settings/input_SAVED ADDRESSES_address-saved'

2020-03-20 14:47:59 - [TEST_STEP][PASSED] - sendKeys(findTestObject("ADMIN/Edit Text/Bespoke/Seller Pages/Onboarding_Settings/input_Next_btn_next (1)"), "*"): Keys '*' sent to object: 'Object Repository/ADMIN/Edit Text/Bespoke/Seller Pages/Onboarding_Settings/input_Next_btn_next (1)'

2020-03-20 14:47:59 - [MESSAGE][PASSED] - Keys '*' sent to object: 'Object Repository/ADMIN/Edit Text/Bespoke/Seller Pages/Onboarding_Settings/input_Next_btn_next (1)'

2020-03-20 14:47:59 - [TEST_STEP][PASSED] - sendKeys(findTestObject("ADMIN/Edit Text/Bespoke/Seller Pages/Onboarding_Settings/input_PAYMENT ACCEPTANCE_tan-title"), "*"): Keys '*' sent to object: 'Object Repository/ADMIN/Edit Text/Bespoke/Seller Pages/Onboarding_Settings/input_PAYMENT ACCEPTANCE_tan-title'

2020-03-20 14:47:59 - [MESSAGE][PASSED] - Keys '*' sent to object: 'Object Repository/ADMIN/Edit Text/Bespoke/Seller Pages/Onboarding_Settings/input_PAYMENT ACCEPTANCE_tan-title'

2020-03-20 14:47:59 - [TEST_STEP][PASSED] - sendKeys(findTestObject("ADMIN/Edit Text/Bespoke/Seller Pages/Onboarding_Settings/input_PAYMENT METHOD_payment_method"), "*"): Keys '*' sent to object: 'Object Repository/ADMIN/Edit Text/Bespoke/Seller Pages/Onboarding_Settings/input_PAYMENT METHOD_payment_method'

2020-03-20 14:47:59 - [MESSAGE][PASSED] - Keys '*' sent to object: 'Object Repository/ADMIN/Edit Text/Bespoke/Seller Pages/Onboarding_Settings/input_PAYMENT METHOD_payment_method'

2020-03-20 14:47:59 - [TEST_STEP][PASSED] - sendKeys(findTestObject("ADMIN/Edit Text/Bespoke/Seller Pages/Onboarding_Settings/input_Select your preferred payment method_select_payment_method"), "*"): Keys '*' sent to object: 'Object Repository/ADMIN/Edit Text/Bespoke/Seller Pages/Onboarding_Settings/input_Select your preferred payment method_select_payment_method'

2020-03-20 14:48:00 - [MESSAGE][PASSED] - Keys '*' sent to object: 'Object Repository/ADMIN/Edit Text/Bespoke/Seller Pages/Onboarding_Settings/input_Select your preferred payment method_select_payment_method'

2020-03-20 14:48:00 - [TEST_STEP][PASSED] - sendKeys(findTestObject("ADMIN/Edit Text/Bespoke/Seller Pages/Onboarding_Settings/input_LINK ACCOUNT_btn_link_account"), "*"): Keys '*' sent to object: 'Object Repository/ADMIN/Edit Text/Bespoke/Seller Pages/Onboarding_Settings/input_LINK ACCOUNT_btn_link_account'

2020-03-20 14:48:00 - [MESSAGE][PASSED] - Keys '*' sent to object: 'Object Repository/ADMIN/Edit Text/Bespoke/Seller Pages/Onboarding_Settings/input_LINK ACCOUNT_btn_link_account'

2020-03-20 14:48:00 - [TEST_STEP][PASSED] - sendKeys(findTestObject("ADMIN/Edit Text/Bespoke/Seller Pages/Onboarding_Settings/input_VERIFIED_verified"), "*"): Keys '*' sent to object: 'Object Repository/ADMIN/Edit Text/Bespoke/Seller Pages/Onboarding_Settings/input_VERIFIED_verified'

2020-03-20 14:48:00 - [MESSAGE][PASSED] - Keys '*' sent to object: 'Object Repository/ADMIN/Edit Text/Bespoke/Seller Pages/Onboarding_Settings/input_VERIFIED_verified'

2020-03-20 14:48:00 - [TEST_STEP][PASSED] - sendKeys(findTestObject("ADMIN/Edit Text/Bespoke/Seller Pages/Onboarding_Settings/input_This payment method is compulsory_this_method_compulsory"), "*"): Keys '*' sent to object: 'Object Repository/ADMIN/Edit Text/Bespoke/Seller Pages/Onboarding_Settings/input_This payment method is compulsory_this_method_compulsory'

2020-03-20 14:48:00 - [MESSAGE][PASSED] - Keys '*' sent to object: 'Object Repository/ADMIN/Edit Text/Bespoke/Seller Pages/Onboarding_Settings/input_This payment method is compulsory_this_method_compulsory'

2020-03-20 14:48:00 - [TEST_STEP][PASSED] - sendKeys(findTestObject("ADMIN/Edit Text/Bespoke/Seller Pages/Onboarding_Settings/input_No account linked yet_no-account-linked"), "*"): Keys '*' sent to object: 'Object Repository/ADMIN/Edit Text/Bespoke/Seller Pages/Onboarding_Settings/input_No account linked yet_no-account-linked'

2020-03-20 14:48:01 - [MESSAGE][PASSED] - Keys '*' sent to object: 'Object Repository/ADMIN/Edit Text/Bespoke/Seller Pages/Onboarding_Settings/input_No account linked yet_no-account-linked'

2020-03-20 14:48:01 - [TEST_STEP][PASSED] - sendKeys(findTestObject("ADMIN/Edit Text/Bespoke/Seller Pages/Onboarding_Settings/input_next3"), "*"): Keys '*' sent to object: 'Object Repository/ADMIN/Edit Text/Bespoke/Seller Pages/Onboarding_Settings/input_next3'

2020-03-20 14:48:01 - [MESSAGE][PASSED] - Keys '*' sent to object: 'Object Repository/ADMIN/Edit Text/Bespoke/Seller Pages/Onboarding_Settings/input_next3'

2020-03-20 14:48:01 - [TEST_STEP][PASSED] - sendKeys(findTestObject("ADMIN/Edit Text/Bespoke/Seller Pages/Onboarding_Settings/input_DELIVERY METHODS_tab-title1"), "*"): Keys '*' sent to object: 'Object Repository/ADMIN/Edit Text/Bespoke/Seller Pages/Onboarding_Settings/input_DELIVERY METHODS_tab-title1'

2020-03-20 14:48:01 - [MESSAGE][PASSED] - Keys '*' sent to object: 'Object Repository/ADMIN/Edit Text/Bespoke/Seller Pages/Onboarding_Settings/input_DELIVERY METHODS_tab-title1'

2020-03-20 14:48:01 - [TEST_STEP][PASSED] - sendKeys(findTestObject("ADMIN/Edit Text/Bespoke/Seller Pages/Onboarding_Settings/input_DELIVERY OPTIONS_delivery-option"), "*"): Keys '*' sent to object: 'Object Repository/ADMIN/Edit Text/Bespoke/Seller Pages/Onboarding_Settings/input_DELIVERY OPTIONS_delivery-option'

2020-03-20 14:48:01 - [MESSAGE][PASSED] - Keys '*' sent to object: 'Object Repository/ADMIN/Edit Text/Bespoke/Seller Pages/Onboarding_Settings/input_DELIVERY OPTIONS_delivery-option'

2020-03-20 14:48:01 - [TEST_STEP][PASSED] - sendKeys(findTestObject("ADMIN/Edit Text/Bespoke/Seller Pages/Onboarding_Settings/input_DELIVERY OPTIONS_delivery-txt2"), "*"): Keys '*' sent to object: 'Object Repository/ADMIN/Edit Text/Bespoke/Seller Pages/Onboarding_Settings/input_DELIVERY OPTIONS_delivery-txt2'

2020-03-20 14:48:01 - [MESSAGE][PASSED] - Keys '*' sent to object: 'Object Repository/ADMIN/Edit Text/Bespoke/Seller Pages/Onboarding_Settings/input_DELIVERY OPTIONS_delivery-txt2'

2020-03-20 14:48:01 - [TEST_STEP][PASSED] - sendKeys(findTestObject("ADMIN/Edit Text/Bespoke/Seller Pages/Onboarding_Settings/input_DELIVERY SERVICE_delivery-service"), "*"): Keys '*' sent to object: 'Object Repository/ADMIN/Edit Text/Bespoke/Seller Pages/Onboarding_Settings/input_DELIVERY SERVICE_delivery-service'

2020-03-20 14:48:02 - [MESSAGE][PASSED] - Keys '*' sent to object: 'Object Repository/ADMIN/Edit Text/Bespoke/Seller Pages/Onboarding_Settings/input_DELIVERY SERVICE_delivery-service'

2020-03-20 14:48:02 - [TEST_STEP][PASSED] - sendKeys(findTestObject("ADMIN/Edit Text/Bespoke/Seller Pages/Onboarding_Settings/input_SINGLE ITEM DELIVERY (A)_single-item-delivery"), "*"): Keys '*' sent to object: 'Object Repository/ADMIN/Edit Text/Bespoke/Seller Pages/Onboarding_Settings/input_SINGLE ITEM DELIVERY (A)_single-item-delivery'

2020-03-20 14:48:02 - [MESSAGE][PASSED] - Keys '*' sent to object: 'Object Repository/ADMIN/Edit Text/Bespoke/Seller Pages/Onboarding_Settings/input_SINGLE ITEM DELIVERY (A)_single-item-delivery'

2020-03-20 14:48:02 - [TEST_STEP][PASSED] - sendKeys(findTestObject("ADMIN/Edit Text/Bespoke/Seller Pages/Onboarding_Settings/input_WITH OTHER ITEM (B)_with-other-item"), "*"): Keys '*' sent to object: 'Object Repository/ADMIN/Edit Text/Bespoke/Seller Pages/Onboarding_Settings/input_WITH OTHER ITEM (B)_with-other-item'

2020-03-20 14:48:02 - [MESSAGE][PASSED] - Keys '*' sent to object: 'Object Repository/ADMIN/Edit Text/Bespoke/Seller Pages/Onboarding_Settings/input_WITH OTHER ITEM (B)_with-other-item'

2020-03-20 14:48:02 - [TEST_STEP][PASSED] - sendKeys(findTestObject("ADMIN/Edit Text/Bespoke/Seller Pages/Onboarding_Settings/input_ADD_btn_add"), "*"): Keys '*' sent to object: 'Object Repository/ADMIN/Edit Text/Bespoke/Seller Pages/Onboarding_Settings/input_ADD_btn_add'

2020-03-20 14:48:02 - [MESSAGE][PASSED] - Keys '*' sent to object: 'Object Repository/ADMIN/Edit Text/Bespoke/Seller Pages/Onboarding_Settings/input_ADD_btn_add'

2020-03-20 14:48:02 - [TEST_STEP][PASSED] - sendKeys(findTestObject("ADMIN/Edit Text/Bespoke/Seller Pages/Onboarding_Settings/input_PICK-UP LOCATIONS_pick-up-option"), "*"): Keys '*' sent to object: 'Object Repository/ADMIN/Edit Text/Bespoke/Seller Pages/Onboarding_Settings/input_PICK-UP LOCATIONS_pick-up-option'

2020-03-20 14:48:03 - [MESSAGE][PASSED] - Keys '*' sent to object: 'Object Repository/ADMIN/Edit Text/Bespoke/Seller Pages/Onboarding_Settings/input_PICK-UP LOCATIONS_pick-up-option'

2020-03-20 14:48:03 - [TEST_STEP][PASSED] - sendKeys(findTestObject("ADMIN/Edit Text/Bespoke/Seller Pages/Onboarding_Settings/textarea_Define the full address where the buyer can pick up from (You must have at least a delivery option or a pick-up location selected)"), "*"): Keys '*' sent to object: 'Object Repository/ADMIN/Edit Text/Bespoke/Seller Pages/Onboarding_Settings/textarea_Define the full address where the buyer can pick up from (You must have at least a delivery option or a pick-up location selected)'

2020-03-20 14:48:03 - [MESSAGE][PASSED] - Keys '*' sent to object: 'Object Repository/ADMIN/Edit Text/Bespoke/Seller Pages/Onboarding_Settings/textarea_Define the full address where the buyer can pick up from (You must have at least a delivery option or a pick-up location selected)'

2020-03-20 14:48:03 - [TEST_STEP][PASSED] - sendKeys(findTestObject("ADMIN/Edit Text/Bespoke/Seller Pages/Onboarding_Settings/input_Offer reduced shipping costs to buyers when they buy more than one item from you_delivery-txt2"), "*"): Keys '*' sent to object: 'Object Repository/ADMIN/Edit Text/Bespoke/Seller Pages/Onboarding_Settings/input_Offer reduced shipping costs to buyers when they buy more than one item from you_delivery-txt2'

2020-03-20 14:48:03 - [MESSAGE][PASSED] - Keys '*' sent to object: 'Object Repository/ADMIN/Edit Text/Bespoke/Seller Pages/Onboarding_Settings/input_Offer reduced shipping costs to buyers when they buy more than one item from you_delivery-txt2'

2020-03-20 14:48:03 - [TEST_STEP][PASSED] - sendKeys(findTestObject("ADMIN/Edit Text/Bespoke/Seller Pages/Onboarding_Settings/input_total delivery"), "*"): Keys '*' sent to object: 'Object Repository/ADMIN/Edit Text/Bespoke/Seller Pages/Onboarding_Settings/input_total delivery'

2020-03-20 14:48:03 - [MESSAGE][PASSED] - Keys '*' sent to object: 'Object Repository/ADMIN/Edit Text/Bespoke/Seller Pages/Onboarding_Settings/input_total delivery'

2020-03-20 14:48:03 - [TEST_STEP][PASSED] - sendKeys(findTestObject("ADMIN/Edit Text/Bespoke/Seller Pages/Onboarding_Settings/input_add1"), "*"): Keys '*' sent to object: 'Object Repository/ADMIN/Edit Text/Bespoke/Seller Pages/Onboarding_Settings/input_add1'

2020-03-20 14:48:03 - [MESSAGE][PASSED] - Keys '*' sent to object: 'Object Repository/ADMIN/Edit Text/Bespoke/Seller Pages/Onboarding_Settings/input_add1'

2020-03-20 14:48:03 - [TEST_STEP][PASSED] - sendKeys(findTestObject("ADMIN/Edit Text/Bespoke/Seller Pages/Onboarding_Settings/input_PICK-UP LOCATION ADDRESS_pick-up-address"), "*"): Keys '*' sent to object: 'Object Repository/ADMIN/Edit Text/Bespoke/Seller Pages/Onboarding_Settings/input_PICK-UP LOCATION ADDRESS_pick-up-address'

2020-03-20 14:48:04 - [MESSAGE][PASSED] - Keys '*' sent to object: 'Object Repository/ADMIN/Edit Text/Bespoke/Seller Pages/Onboarding_Settings/input_PICK-UP LOCATION ADDRESS_pick-up-address'

2020-03-20 14:48:04 - [TEST_STEP][PASSED] - sendKeys(findTestObject("ADMIN/Edit Text/Bespoke/Seller Pages/Onboarding_Settings/input_SAVE_btn_save"), "*"): Keys '*' sent to object: 'Object Repository/ADMIN/Edit Text/Bespoke/Seller Pages/Onboarding_Settings/input_SAVE_btn_save'

2020-03-20 14:48:04 - [MESSAGE][PASSED] - Keys '*' sent to object: 'Object Repository/ADMIN/Edit Text/Bespoke/Seller Pages/Onboarding_Settings/input_SAVE_btn_save'

2020-03-20 14:48:04 - [TEST_STEP][PASSED] - sendKeys(findTestObject("ADMIN/Edit Text/Bespoke/Seller Pages/Onboarding_Settings/input_Are you sure want to delete_popup-title"), "*"): Keys '*' sent to object: 'Object Repository/ADMIN/Edit Text/Bespoke/Seller Pages/Onboarding_Settings/input_Are you sure want to delete_popup-title'

2020-03-20 14:48:04 - [MESSAGE][PASSED] - Keys '*' sent to object: 'Object Repository/ADMIN/Edit Text/Bespoke/Seller Pages/Onboarding_Settings/input_Are you sure want to delete_popup-title'

2020-03-20 14:48:04 - [TEST_STEP][PASSED] - sendKeys(findTestObject("ADMIN/Edit Text/Bespoke/Seller Pages/Onboarding_Settings/input_CANCEL_btn_cancel"), "*"): Keys '*' sent to object: 'Object Repository/ADMIN/Edit Text/Bespoke/Seller Pages/Onboarding_Settings/input_CANCEL_btn_cancel'

2020-03-20 14:48:04 - [MESSAGE][PASSED] - Keys '*' sent to object: 'Object Repository/ADMIN/Edit Text/Bespoke/Seller Pages/Onboarding_Settings/input_CANCEL_btn_cancel'

2020-03-20 14:48:04 - [TEST_STEP][PASSED] - sendKeys(findTestObject("ADMIN/Edit Text/Bespoke/Seller Pages/Onboarding_Settings/input_Okay_btn_okay"), "*"): Keys '*' sent to object: 'Object Repository/ADMIN/Edit Text/Bespoke/Seller Pages/Onboarding_Settings/input_Okay_btn_okay'

2020-03-20 14:48:05 - [MESSAGE][PASSED] - Keys '*' sent to object: 'Object Repository/ADMIN/Edit Text/Bespoke/Seller Pages/Onboarding_Settings/input_Okay_btn_okay'

2020-03-20 14:48:05 - [TEST_STEP][PASSED] - sendKeys(findTestObject("ADMIN/Edit Text/Bespoke/Seller Pages/Onboarding_Settings/input_REMOVE ITEM_popup-title"), "*"): Keys '*' sent to object: 'Object Repository/ADMIN/Edit Text/Bespoke/Seller Pages/Onboarding_Settings/input_REMOVE ITEM_popup-title'

2020-03-20 14:48:05 - [MESSAGE][PASSED] - Keys '*' sent to object: 'Object Repository/ADMIN/Edit Text/Bespoke/Seller Pages/Onboarding_Settings/input_REMOVE ITEM_popup-title'

2020-03-20 14:48:05 - [TEST_STEP][PASSED] - sendKeys(findTestObject("ADMIN/Edit Text/Bespoke/Seller Pages/Onboarding_Settings/input_concat(Are you sure about removing this item from your list (It  ll be gone forever))_popup-title"), "*"): Keys '*' sent to object: 'Object Repository/ADMIN/Edit Text/Bespoke/Seller Pages/Onboarding_Settings/input_concat(Are you sure about removing this item from your list (It  ll be gone forever))_popup-title'

2020-03-20 14:48:05 - [MESSAGE][PASSED] - Keys '*' sent to object: 'Object Repository/ADMIN/Edit Text/Bespoke/Seller Pages/Onboarding_Settings/input_concat(Are you sure about removing this item from your list (It  ll be gone forever))_popup-title'

2020-03-20 14:48:05 - [TEST_STEP][PASSED] - sendKeys(findTestObject("ADMIN/Edit Text/Bespoke/Seller Pages/Onboarding_Settings/input_CANCEL_btn_cancel2"), "*"): Keys '*' sent to object: 'Object Repository/ADMIN/Edit Text/Bespoke/Seller Pages/Onboarding_Settings/input_CANCEL_btn_cancel2'

2020-03-20 14:48:05 - [MESSAGE][PASSED] - Keys '*' sent to object: 'Object Repository/ADMIN/Edit Text/Bespoke/Seller Pages/Onboarding_Settings/input_CANCEL_btn_cancel2'

2020-03-20 14:48:05 - [TEST_STEP][PASSED] - sendKeys(findTestObject("ADMIN/Edit Text/Bespoke/Seller Pages/Onboarding_Settings/input_Okay_btn_okay2"), "*"): Keys '*' sent to object: 'Object Repository/ADMIN/Edit Text/Bespoke/Seller Pages/Onboarding_Settings/input_Okay_btn_okay2'

2020-03-20 14:48:05 - [MESSAGE][PASSED] - Keys '*' sent to object: 'Object Repository/ADMIN/Edit Text/Bespoke/Seller Pages/Onboarding_Settings/input_Okay_btn_okay2'

2020-03-20 14:48:05 - [TEST_STEP][PASSED] - click(findTestObject("ADMIN/Edit Text/Bespoke/Buyer Pages/Homepage/button_save"), CONTINUE_ON_FAILURE): Object: 'Object Repository/ADMIN/Edit Text/Bespoke/Buyer Pages/Homepage/button_save' is clicked on

2020-03-20 14:48:06 - [MESSAGE][PASSED] - Object: 'Object Repository/ADMIN/Edit Text/Bespoke/Buyer Pages/Homepage/button_save' is clicked on

2020-03-20 14:48:06 - [TEST_STEP][PASSED] - waitForElementVisible(findTestObject("ADMIN/Edit Text/Bespoke/Buyer Pages/Homepage/toaster_success"), 0): Object 'Object Repository/ADMIN/Edit Text/Bespoke/Buyer Pages/Homepage/toaster_success' is visible

2020-03-20 14:48:06 - [MESSAGE][WARNING] - Timeout '0' is invalid. Using default page load timeout: '30'

2020-03-20 14:48:06 - [MESSAGE][PASSED] - Object 'Object Repository/ADMIN/Edit Text/Bespoke/Buyer Pages/Homepage/toaster_success' is visible]]></system-out>
         <system-err><![CDATA[]]></system-err>
      </testcase>
      <testcase name="Test Cases/ADMIN/Language/Edit Text/Bespoke/Seller/Onboarding_Settings" time="16.212" classname="Test Cases/ADMIN/Language/Edit Text/Bespoke/Seller/Onboarding_Settings" status="PASSED">
         <system-out><![CDATA[2020-03-20 14:48:06 - [TEST_CASE][PASSED] - Test Cases/ADMIN/Language/Edit Text/Bespoke/Seller/Onboarding_Settings: Test Cases/ADMIN/Language/Edit Text/Bespoke/Seller/Onboarding_Settings

2020-03-20 14:48:06 - [TEST_STEP][PASSED] - waitForElementVisible(findTestObject("ADMIN/Edit Text/Bespoke/Buyer Navigation/dd_language"), 0): Object 'Object Repository/ADMIN/Edit Text/Bespoke/Buyer Navigation/dd_language' is visible

2020-03-20 14:48:06 - [MESSAGE][WARNING] - Timeout '0' is invalid. Using default page load timeout: '30'

2020-03-20 14:48:07 - [MESSAGE][PASSED] - Object 'Object Repository/ADMIN/Edit Text/Bespoke/Buyer Navigation/dd_language' is visible

2020-03-20 14:48:07 - [TEST_STEP][PASSED] - selectOptionByLabel(findTestObject("ADMIN/Edit Text/Bespoke/Buyer Navigation/dd_language"), varLanguage, false): All options with label 'Chinese (Simplified)' are selected in object 'Object Repository/ADMIN/Edit Text/Bespoke/Buyer Navigation/dd_language' 

2020-03-20 14:48:08 - [MESSAGE][PASSED] - All options with label 'Chinese (Simplified)' are selected in object 'Object Repository/ADMIN/Edit Text/Bespoke/Buyer Navigation/dd_language' 

2020-03-20 14:48:08 - [TEST_STEP][PASSED] - sendKeys(findTestObject("ADMIN/Edit Text/Bespoke/Seller Pages/Onboarding_Settings/input_USER SETTINGS_marketplace-name"), "*"): Keys '*' sent to object: 'Object Repository/ADMIN/Edit Text/Bespoke/Seller Pages/Onboarding_Settings/input_USER SETTINGS_marketplace-name'

2020-03-20 14:48:09 - [MESSAGE][PASSED] - Keys '*' sent to object: 'Object Repository/ADMIN/Edit Text/Bespoke/Seller Pages/Onboarding_Settings/input_USER SETTINGS_marketplace-name'

2020-03-20 14:48:09 - [TEST_STEP][PASSED] - sendKeys(findTestObject("ADMIN/Edit Text/Bespoke/Seller Pages/Onboarding_Settings/input_Configure your profile your delivery methods and how you receive payments_item_details"), "*"): Keys '*' sent to object: 'Object Repository/ADMIN/Edit Text/Bespoke/Seller Pages/Onboarding_Settings/input_Configure your profile your delivery methods and how you receive payments_item_details'

2020-03-20 14:48:09 - [MESSAGE][PASSED] - Keys '*' sent to object: 'Object Repository/ADMIN/Edit Text/Bespoke/Seller Pages/Onboarding_Settings/input_Configure your profile your delivery methods and how you receive payments_item_details'

2020-03-20 14:48:09 - [TEST_STEP][PASSED] - sendKeys(findTestObject("ADMIN/Edit Text/Bespoke/Seller Pages/Onboarding_Settings/input_PROFILE_tab-title"), "*"): Keys '*' sent to object: 'Object Repository/ADMIN/Edit Text/Bespoke/Seller Pages/Onboarding_Settings/input_PROFILE_tab-title'

2020-03-20 14:48:09 - [MESSAGE][PASSED] - Keys '*' sent to object: 'Object Repository/ADMIN/Edit Text/Bespoke/Seller Pages/Onboarding_Settings/input_PROFILE_tab-title'

2020-03-20 14:48:09 - [TEST_STEP][PASSED] - sendKeys(findTestObject("ADMIN/Edit Text/Bespoke/Seller Pages/Onboarding_Settings/input_CHANGE_btn_upload"), "*"): Keys '*' sent to object: 'Object Repository/ADMIN/Edit Text/Bespoke/Seller Pages/Onboarding_Settings/input_CHANGE_btn_upload'

2020-03-20 14:48:10 - [MESSAGE][PASSED] - Keys '*' sent to object: 'Object Repository/ADMIN/Edit Text/Bespoke/Seller Pages/Onboarding_Settings/input_CHANGE_btn_upload'

2020-03-20 14:48:10 - [TEST_STEP][PASSED] - sendKeys(findTestObject("ADMIN/Edit Text/Bespoke/Seller Pages/Onboarding_Settings/input_DISPLAY NAME_display-name"), "*"): Keys '*' sent to object: 'Object Repository/ADMIN/Edit Text/Bespoke/Seller Pages/Onboarding_Settings/input_DISPLAY NAME_display-name'

2020-03-20 14:48:10 - [MESSAGE][PASSED] - Keys '*' sent to object: 'Object Repository/ADMIN/Edit Text/Bespoke/Seller Pages/Onboarding_Settings/input_DISPLAY NAME_display-name'

2020-03-20 14:48:10 - [TEST_STEP][PASSED] - sendKeys(findTestObject("ADMIN/Edit Text/Bespoke/Seller Pages/Onboarding_Settings/input_DESCRIPTION_description"), "*"): Keys '*' sent to object: 'Object Repository/ADMIN/Edit Text/Bespoke/Seller Pages/Onboarding_Settings/input_DESCRIPTION_description'

2020-03-20 14:48:10 - [MESSAGE][PASSED] - Keys '*' sent to object: 'Object Repository/ADMIN/Edit Text/Bespoke/Seller Pages/Onboarding_Settings/input_DESCRIPTION_description'

2020-03-20 14:48:10 - [TEST_STEP][PASSED] - sendKeys(findTestObject("ADMIN/Edit Text/Bespoke/Seller Pages/Onboarding_Settings/input_FIRST NAME_first-name"), "*"): Keys '*' sent to object: 'Object Repository/ADMIN/Edit Text/Bespoke/Seller Pages/Onboarding_Settings/input_FIRST NAME_first-name'

2020-03-20 14:48:10 - [MESSAGE][PASSED] - Keys '*' sent to object: 'Object Repository/ADMIN/Edit Text/Bespoke/Seller Pages/Onboarding_Settings/input_FIRST NAME_first-name'

2020-03-20 14:48:10 - [TEST_STEP][PASSED] - sendKeys(findTestObject("ADMIN/Edit Text/Bespoke/Seller Pages/Onboarding_Settings/input_LAST NAME_last-name"), "*"): Keys '*' sent to object: 'Object Repository/ADMIN/Edit Text/Bespoke/Seller Pages/Onboarding_Settings/input_LAST NAME_last-name'

2020-03-20 14:48:10 - [MESSAGE][PASSED] - Keys '*' sent to object: 'Object Repository/ADMIN/Edit Text/Bespoke/Seller Pages/Onboarding_Settings/input_LAST NAME_last-name'

2020-03-20 14:48:10 - [TEST_STEP][PASSED] - sendKeys(findTestObject("ADMIN/Edit Text/Bespoke/Seller Pages/Onboarding_Settings/input_NOTIFICATION EMAIL_notification-email"), "*"): Keys '*' sent to object: 'Object Repository/ADMIN/Edit Text/Bespoke/Seller Pages/Onboarding_Settings/input_NOTIFICATION EMAIL_notification-email'

2020-03-20 14:48:11 - [MESSAGE][PASSED] - Keys '*' sent to object: 'Object Repository/ADMIN/Edit Text/Bespoke/Seller Pages/Onboarding_Settings/input_NOTIFICATION EMAIL_notification-email'

2020-03-20 14:48:11 - [TEST_STEP][PASSED] - sendKeys(findTestObject("ADMIN/Edit Text/Bespoke/Seller Pages/Onboarding_Settings/input_CONTACT NUMBER_contact-number"), "*"): Keys '*' sent to object: 'Object Repository/ADMIN/Edit Text/Bespoke/Seller Pages/Onboarding_Settings/input_CONTACT NUMBER_contact-number'

2020-03-20 14:48:11 - [MESSAGE][PASSED] - Keys '*' sent to object: 'Object Repository/ADMIN/Edit Text/Bespoke/Seller Pages/Onboarding_Settings/input_CONTACT NUMBER_contact-number'

2020-03-20 14:48:11 - [TEST_STEP][PASSED] - sendKeys(findTestObject("ADMIN/Edit Text/Bespoke/Seller Pages/Onboarding_Settings/input_OPENID LOGIN_open-id-login"), "*"): Keys '*' sent to object: 'Object Repository/ADMIN/Edit Text/Bespoke/Seller Pages/Onboarding_Settings/input_OPENID LOGIN_open-id-login'

2020-03-20 14:48:11 - [MESSAGE][PASSED] - Keys '*' sent to object: 'Object Repository/ADMIN/Edit Text/Bespoke/Seller Pages/Onboarding_Settings/input_OPENID LOGIN_open-id-login'

2020-03-20 14:48:11 - [TEST_STEP][PASSED] - sendKeys(findTestObject("ADMIN/Edit Text/Bespoke/Seller Pages/Onboarding_Settings/input_SELLER LOCATION_seller_location"), "*"): Keys '*' sent to object: 'Object Repository/ADMIN/Edit Text/Bespoke/Seller Pages/Onboarding_Settings/input_SELLER LOCATION_seller_location'

2020-03-20 14:48:11 - [MESSAGE][PASSED] - Keys '*' sent to object: 'Object Repository/ADMIN/Edit Text/Bespoke/Seller Pages/Onboarding_Settings/input_SELLER LOCATION_seller_location'

2020-03-20 14:48:11 - [TEST_STEP][PASSED] - sendKeys(findTestObject("ADMIN/Edit Text/Bespoke/Seller Pages/Onboarding_Settings/textarea_For each transaction that is made through the marketplace there will be a seller transaction fee of"), "*"): Keys '*' sent to object: 'Object Repository/ADMIN/Edit Text/Bespoke/Seller Pages/Onboarding_Settings/textarea_For each transaction that is made through the marketplace there will be a seller transaction fee of'

2020-03-20 14:48:11 - [MESSAGE][PASSED] - Keys '*' sent to object: 'Object Repository/ADMIN/Edit Text/Bespoke/Seller Pages/Onboarding_Settings/textarea_For each transaction that is made through the marketplace there will be a seller transaction fee of'

2020-03-20 14:48:11 - [TEST_STEP][PASSED] - sendKeys(findTestObject("ADMIN/Edit Text/Bespoke/Seller Pages/Onboarding_Settings/input_NEXT_btn_next"), "*"): Keys '*' sent to object: 'Object Repository/ADMIN/Edit Text/Bespoke/Seller Pages/Onboarding_Settings/input_NEXT_btn_next'

2020-03-20 14:48:12 - [MESSAGE][PASSED] - Keys '*' sent to object: 'Object Repository/ADMIN/Edit Text/Bespoke/Seller Pages/Onboarding_Settings/input_NEXT_btn_next'

2020-03-20 14:48:12 - [TEST_STEP][PASSED] - sendKeys(findTestObject("ADMIN/Edit Text/Bespoke/Seller Pages/Onboarding_Settings/input_ADDRESS_tab-title"), "*"): Keys '*' sent to object: 'Object Repository/ADMIN/Edit Text/Bespoke/Seller Pages/Onboarding_Settings/input_ADDRESS_tab-title'

2020-03-20 14:48:12 - [MESSAGE][PASSED] - Keys '*' sent to object: 'Object Repository/ADMIN/Edit Text/Bespoke/Seller Pages/Onboarding_Settings/input_ADDRESS_tab-title'

2020-03-20 14:48:12 - [TEST_STEP][PASSED] - sendKeys(findTestObject("ADMIN/Edit Text/Bespoke/Seller Pages/Onboarding_Settings/input_NEW DELIVERY ADDRESS_new-delivery-address"), "*"): Keys '*' sent to object: 'Object Repository/ADMIN/Edit Text/Bespoke/Seller Pages/Onboarding_Settings/input_NEW DELIVERY ADDRESS_new-delivery-address'

2020-03-20 14:48:13 - [MESSAGE][PASSED] - Keys '*' sent to object: 'Object Repository/ADMIN/Edit Text/Bespoke/Seller Pages/Onboarding_Settings/input_NEW DELIVERY ADDRESS_new-delivery-address'

2020-03-20 14:48:13 - [TEST_STEP][PASSED] - sendKeys(findTestObject("ADMIN/Edit Text/Bespoke/Seller Pages/Onboarding_Settings/input_ADDRESSEE FIRST NAME_addressee-first-name"), "*"): Keys '*' sent to object: 'Object Repository/ADMIN/Edit Text/Bespoke/Seller Pages/Onboarding_Settings/input_ADDRESSEE FIRST NAME_addressee-first-name'

2020-03-20 14:48:13 - [MESSAGE][PASSED] - Keys '*' sent to object: 'Object Repository/ADMIN/Edit Text/Bespoke/Seller Pages/Onboarding_Settings/input_ADDRESSEE FIRST NAME_addressee-first-name'

2020-03-20 14:48:13 - [TEST_STEP][PASSED] - sendKeys(findTestObject("ADMIN/Edit Text/Bespoke/Seller Pages/Onboarding_Settings/input_ADDRESSEE LAST NAME_addressee-last-name"), "*"): Keys '*' sent to object: 'Object Repository/ADMIN/Edit Text/Bespoke/Seller Pages/Onboarding_Settings/input_ADDRESSEE LAST NAME_addressee-last-name'

2020-03-20 14:48:13 - [MESSAGE][PASSED] - Keys '*' sent to object: 'Object Repository/ADMIN/Edit Text/Bespoke/Seller Pages/Onboarding_Settings/input_ADDRESSEE LAST NAME_addressee-last-name'

2020-03-20 14:48:13 - [TEST_STEP][PASSED] - sendKeys(findTestObject("ADMIN/Edit Text/Bespoke/Seller Pages/Onboarding_Settings/input_ADDRESS_address"), "*"): Keys '*' sent to object: 'Object Repository/ADMIN/Edit Text/Bespoke/Seller Pages/Onboarding_Settings/input_ADDRESS_address'

2020-03-20 14:48:13 - [MESSAGE][PASSED] - Keys '*' sent to object: 'Object Repository/ADMIN/Edit Text/Bespoke/Seller Pages/Onboarding_Settings/input_ADDRESS_address'

2020-03-20 14:48:13 - [TEST_STEP][PASSED] - sendKeys(findTestObject("ADMIN/Edit Text/Bespoke/Seller Pages/Onboarding_Settings/input_SELECT COUNTRY_select-country"), "*"): Keys '*' sent to object: 'Object Repository/ADMIN/Edit Text/Bespoke/Seller Pages/Onboarding_Settings/input_SELECT COUNTRY_select-country'

2020-03-20 14:48:13 - [MESSAGE][PASSED] - Keys '*' sent to object: 'Object Repository/ADMIN/Edit Text/Bespoke/Seller Pages/Onboarding_Settings/input_SELECT COUNTRY_select-country'

2020-03-20 14:48:13 - [TEST_STEP][PASSED] - sendKeys(findTestObject("ADMIN/Edit Text/Bespoke/Seller Pages/Onboarding_Settings/input_COUNTRY_address-country"), "*"): Keys '*' sent to object: 'Object Repository/ADMIN/Edit Text/Bespoke/Seller Pages/Onboarding_Settings/input_COUNTRY_address-country'

2020-03-20 14:48:14 - [MESSAGE][PASSED] - Keys '*' sent to object: 'Object Repository/ADMIN/Edit Text/Bespoke/Seller Pages/Onboarding_Settings/input_COUNTRY_address-country'

2020-03-20 14:48:14 - [TEST_STEP][PASSED] - sendKeys(findTestObject("ADMIN/Edit Text/Bespoke/Seller Pages/Onboarding_Settings/input_STATE_address-state"), "*"): Keys '*' sent to object: 'Object Repository/ADMIN/Edit Text/Bespoke/Seller Pages/Onboarding_Settings/input_STATE_address-state'

2020-03-20 14:48:14 - [MESSAGE][PASSED] - Keys '*' sent to object: 'Object Repository/ADMIN/Edit Text/Bespoke/Seller Pages/Onboarding_Settings/input_STATE_address-state'

2020-03-20 14:48:14 - [TEST_STEP][PASSED] - sendKeys(findTestObject("ADMIN/Edit Text/Bespoke/Seller Pages/Onboarding_Settings/input_CITY_address-city"), "*"): Keys '*' sent to object: 'Object Repository/ADMIN/Edit Text/Bespoke/Seller Pages/Onboarding_Settings/input_CITY_address-city'

2020-03-20 14:48:14 - [MESSAGE][PASSED] - Keys '*' sent to object: 'Object Repository/ADMIN/Edit Text/Bespoke/Seller Pages/Onboarding_Settings/input_CITY_address-city'

2020-03-20 14:48:14 - [TEST_STEP][PASSED] - sendKeys(findTestObject("ADMIN/Edit Text/Bespoke/Seller Pages/Onboarding_Settings/input_POSTAL CODE_address-postalcode"), "*"): Keys '*' sent to object: 'Object Repository/ADMIN/Edit Text/Bespoke/Seller Pages/Onboarding_Settings/input_POSTAL CODE_address-postalcode'

2020-03-20 14:48:14 - [MESSAGE][PASSED] - Keys '*' sent to object: 'Object Repository/ADMIN/Edit Text/Bespoke/Seller Pages/Onboarding_Settings/input_POSTAL CODE_address-postalcode'

2020-03-20 14:48:14 - [TEST_STEP][PASSED] - sendKeys(findTestObject("ADMIN/Edit Text/Bespoke/Seller Pages/Onboarding_Settings/input_ADD ADDRESS_btn_add"), "*"): Keys '*' sent to object: 'Object Repository/ADMIN/Edit Text/Bespoke/Seller Pages/Onboarding_Settings/input_ADD ADDRESS_btn_add'

2020-03-20 14:48:15 - [MESSAGE][PASSED] - Keys '*' sent to object: 'Object Repository/ADMIN/Edit Text/Bespoke/Seller Pages/Onboarding_Settings/input_ADD ADDRESS_btn_add'

2020-03-20 14:48:15 - [TEST_STEP][PASSED] - sendKeys(findTestObject("ADMIN/Edit Text/Bespoke/Seller Pages/Onboarding_Settings/input_SAVED ADDRESSES_address-saved"), "*"): Keys '*' sent to object: 'Object Repository/ADMIN/Edit Text/Bespoke/Seller Pages/Onboarding_Settings/input_SAVED ADDRESSES_address-saved'

2020-03-20 14:48:15 - [MESSAGE][PASSED] - Keys '*' sent to object: 'Object Repository/ADMIN/Edit Text/Bespoke/Seller Pages/Onboarding_Settings/input_SAVED ADDRESSES_address-saved'

2020-03-20 14:48:15 - [TEST_STEP][PASSED] - sendKeys(findTestObject("ADMIN/Edit Text/Bespoke/Seller Pages/Onboarding_Settings/input_Next_btn_next (1)"), "*"): Keys '*' sent to object: 'Object Repository/ADMIN/Edit Text/Bespoke/Seller Pages/Onboarding_Settings/input_Next_btn_next (1)'

2020-03-20 14:48:15 - [MESSAGE][PASSED] - Keys '*' sent to object: 'Object Repository/ADMIN/Edit Text/Bespoke/Seller Pages/Onboarding_Settings/input_Next_btn_next (1)'

2020-03-20 14:48:15 - [TEST_STEP][PASSED] - sendKeys(findTestObject("ADMIN/Edit Text/Bespoke/Seller Pages/Onboarding_Settings/input_PAYMENT ACCEPTANCE_tan-title"), "*"): Keys '*' sent to object: 'Object Repository/ADMIN/Edit Text/Bespoke/Seller Pages/Onboarding_Settings/input_PAYMENT ACCEPTANCE_tan-title'

2020-03-20 14:48:15 - [MESSAGE][PASSED] - Keys '*' sent to object: 'Object Repository/ADMIN/Edit Text/Bespoke/Seller Pages/Onboarding_Settings/input_PAYMENT ACCEPTANCE_tan-title'

2020-03-20 14:48:15 - [TEST_STEP][PASSED] - sendKeys(findTestObject("ADMIN/Edit Text/Bespoke/Seller Pages/Onboarding_Settings/input_PAYMENT METHOD_payment_method"), "*"): Keys '*' sent to object: 'Object Repository/ADMIN/Edit Text/Bespoke/Seller Pages/Onboarding_Settings/input_PAYMENT METHOD_payment_method'

2020-03-20 14:48:15 - [MESSAGE][PASSED] - Keys '*' sent to object: 'Object Repository/ADMIN/Edit Text/Bespoke/Seller Pages/Onboarding_Settings/input_PAYMENT METHOD_payment_method'

2020-03-20 14:48:15 - [TEST_STEP][PASSED] - sendKeys(findTestObject("ADMIN/Edit Text/Bespoke/Seller Pages/Onboarding_Settings/input_Select your preferred payment method_select_payment_method"), "*"): Keys '*' sent to object: 'Object Repository/ADMIN/Edit Text/Bespoke/Seller Pages/Onboarding_Settings/input_Select your preferred payment method_select_payment_method'

2020-03-20 14:48:16 - [MESSAGE][PASSED] - Keys '*' sent to object: 'Object Repository/ADMIN/Edit Text/Bespoke/Seller Pages/Onboarding_Settings/input_Select your preferred payment method_select_payment_method'

2020-03-20 14:48:16 - [TEST_STEP][PASSED] - sendKeys(findTestObject("ADMIN/Edit Text/Bespoke/Seller Pages/Onboarding_Settings/input_LINK ACCOUNT_btn_link_account"), "*"): Keys '*' sent to object: 'Object Repository/ADMIN/Edit Text/Bespoke/Seller Pages/Onboarding_Settings/input_LINK ACCOUNT_btn_link_account'

2020-03-20 14:48:16 - [MESSAGE][PASSED] - Keys '*' sent to object: 'Object Repository/ADMIN/Edit Text/Bespoke/Seller Pages/Onboarding_Settings/input_LINK ACCOUNT_btn_link_account'

2020-03-20 14:48:16 - [TEST_STEP][PASSED] - sendKeys(findTestObject("ADMIN/Edit Text/Bespoke/Seller Pages/Onboarding_Settings/input_VERIFIED_verified"), "*"): Keys '*' sent to object: 'Object Repository/ADMIN/Edit Text/Bespoke/Seller Pages/Onboarding_Settings/input_VERIFIED_verified'

2020-03-20 14:48:16 - [MESSAGE][PASSED] - Keys '*' sent to object: 'Object Repository/ADMIN/Edit Text/Bespoke/Seller Pages/Onboarding_Settings/input_VERIFIED_verified'

2020-03-20 14:48:16 - [TEST_STEP][PASSED] - sendKeys(findTestObject("ADMIN/Edit Text/Bespoke/Seller Pages/Onboarding_Settings/input_This payment method is compulsory_this_method_compulsory"), "*"): Keys '*' sent to object: 'Object Repository/ADMIN/Edit Text/Bespoke/Seller Pages/Onboarding_Settings/input_This payment method is compulsory_this_method_compulsory'

2020-03-20 14:48:16 - [MESSAGE][PASSED] - Keys '*' sent to object: 'Object Repository/ADMIN/Edit Text/Bespoke/Seller Pages/Onboarding_Settings/input_This payment method is compulsory_this_method_compulsory'

2020-03-20 14:48:16 - [TEST_STEP][PASSED] - sendKeys(findTestObject("ADMIN/Edit Text/Bespoke/Seller Pages/Onboarding_Settings/input_No account linked yet_no-account-linked"), "*"): Keys '*' sent to object: 'Object Repository/ADMIN/Edit Text/Bespoke/Seller Pages/Onboarding_Settings/input_No account linked yet_no-account-linked'

2020-03-20 14:48:17 - [MESSAGE][PASSED] - Keys '*' sent to object: 'Object Repository/ADMIN/Edit Text/Bespoke/Seller Pages/Onboarding_Settings/input_No account linked yet_no-account-linked'

2020-03-20 14:48:17 - [TEST_STEP][PASSED] - sendKeys(findTestObject("ADMIN/Edit Text/Bespoke/Seller Pages/Onboarding_Settings/input_next3"), "*"): Keys '*' sent to object: 'Object Repository/ADMIN/Edit Text/Bespoke/Seller Pages/Onboarding_Settings/input_next3'

2020-03-20 14:48:17 - [MESSAGE][PASSED] - Keys '*' sent to object: 'Object Repository/ADMIN/Edit Text/Bespoke/Seller Pages/Onboarding_Settings/input_next3'

2020-03-20 14:48:17 - [TEST_STEP][PASSED] - sendKeys(findTestObject("ADMIN/Edit Text/Bespoke/Seller Pages/Onboarding_Settings/input_DELIVERY METHODS_tab-title1"), "*"): Keys '*' sent to object: 'Object Repository/ADMIN/Edit Text/Bespoke/Seller Pages/Onboarding_Settings/input_DELIVERY METHODS_tab-title1'

2020-03-20 14:48:17 - [MESSAGE][PASSED] - Keys '*' sent to object: 'Object Repository/ADMIN/Edit Text/Bespoke/Seller Pages/Onboarding_Settings/input_DELIVERY METHODS_tab-title1'

2020-03-20 14:48:17 - [TEST_STEP][PASSED] - sendKeys(findTestObject("ADMIN/Edit Text/Bespoke/Seller Pages/Onboarding_Settings/input_DELIVERY OPTIONS_delivery-option"), "*"): Keys '*' sent to object: 'Object Repository/ADMIN/Edit Text/Bespoke/Seller Pages/Onboarding_Settings/input_DELIVERY OPTIONS_delivery-option'

2020-03-20 14:48:17 - [MESSAGE][PASSED] - Keys '*' sent to object: 'Object Repository/ADMIN/Edit Text/Bespoke/Seller Pages/Onboarding_Settings/input_DELIVERY OPTIONS_delivery-option'

2020-03-20 14:48:17 - [TEST_STEP][PASSED] - sendKeys(findTestObject("ADMIN/Edit Text/Bespoke/Seller Pages/Onboarding_Settings/input_DELIVERY OPTIONS_delivery-txt2"), "*"): Keys '*' sent to object: 'Object Repository/ADMIN/Edit Text/Bespoke/Seller Pages/Onboarding_Settings/input_DELIVERY OPTIONS_delivery-txt2'

2020-03-20 14:48:17 - [MESSAGE][PASSED] - Keys '*' sent to object: 'Object Repository/ADMIN/Edit Text/Bespoke/Seller Pages/Onboarding_Settings/input_DELIVERY OPTIONS_delivery-txt2'

2020-03-20 14:48:17 - [TEST_STEP][PASSED] - sendKeys(findTestObject("ADMIN/Edit Text/Bespoke/Seller Pages/Onboarding_Settings/input_DELIVERY SERVICE_delivery-service"), "*"): Keys '*' sent to object: 'Object Repository/ADMIN/Edit Text/Bespoke/Seller Pages/Onboarding_Settings/input_DELIVERY SERVICE_delivery-service'

2020-03-20 14:48:18 - [MESSAGE][PASSED] - Keys '*' sent to object: 'Object Repository/ADMIN/Edit Text/Bespoke/Seller Pages/Onboarding_Settings/input_DELIVERY SERVICE_delivery-service'

2020-03-20 14:48:18 - [TEST_STEP][PASSED] - sendKeys(findTestObject("ADMIN/Edit Text/Bespoke/Seller Pages/Onboarding_Settings/input_SINGLE ITEM DELIVERY (A)_single-item-delivery"), "*"): Keys '*' sent to object: 'Object Repository/ADMIN/Edit Text/Bespoke/Seller Pages/Onboarding_Settings/input_SINGLE ITEM DELIVERY (A)_single-item-delivery'

2020-03-20 14:48:18 - [MESSAGE][PASSED] - Keys '*' sent to object: 'Object Repository/ADMIN/Edit Text/Bespoke/Seller Pages/Onboarding_Settings/input_SINGLE ITEM DELIVERY (A)_single-item-delivery'

2020-03-20 14:48:18 - [TEST_STEP][PASSED] - sendKeys(findTestObject("ADMIN/Edit Text/Bespoke/Seller Pages/Onboarding_Settings/input_WITH OTHER ITEM (B)_with-other-item"), "*"): Keys '*' sent to object: 'Object Repository/ADMIN/Edit Text/Bespoke/Seller Pages/Onboarding_Settings/input_WITH OTHER ITEM (B)_with-other-item'

2020-03-20 14:48:18 - [MESSAGE][PASSED] - Keys '*' sent to object: 'Object Repository/ADMIN/Edit Text/Bespoke/Seller Pages/Onboarding_Settings/input_WITH OTHER ITEM (B)_with-other-item'

2020-03-20 14:48:18 - [TEST_STEP][PASSED] - sendKeys(findTestObject("ADMIN/Edit Text/Bespoke/Seller Pages/Onboarding_Settings/input_ADD_btn_add"), "*"): Keys '*' sent to object: 'Object Repository/ADMIN/Edit Text/Bespoke/Seller Pages/Onboarding_Settings/input_ADD_btn_add'

2020-03-20 14:48:18 - [MESSAGE][PASSED] - Keys '*' sent to object: 'Object Repository/ADMIN/Edit Text/Bespoke/Seller Pages/Onboarding_Settings/input_ADD_btn_add'

2020-03-20 14:48:18 - [TEST_STEP][PASSED] - sendKeys(findTestObject("ADMIN/Edit Text/Bespoke/Seller Pages/Onboarding_Settings/input_PICK-UP LOCATIONS_pick-up-option"), "*"): Keys '*' sent to object: 'Object Repository/ADMIN/Edit Text/Bespoke/Seller Pages/Onboarding_Settings/input_PICK-UP LOCATIONS_pick-up-option'

2020-03-20 14:48:19 - [MESSAGE][PASSED] - Keys '*' sent to object: 'Object Repository/ADMIN/Edit Text/Bespoke/Seller Pages/Onboarding_Settings/input_PICK-UP LOCATIONS_pick-up-option'

2020-03-20 14:48:19 - [TEST_STEP][PASSED] - sendKeys(findTestObject("ADMIN/Edit Text/Bespoke/Seller Pages/Onboarding_Settings/textarea_Define the full address where the buyer can pick up from (You must have at least a delivery option or a pick-up location selected)"), "*"): Keys '*' sent to object: 'Object Repository/ADMIN/Edit Text/Bespoke/Seller Pages/Onboarding_Settings/textarea_Define the full address where the buyer can pick up from (You must have at least a delivery option or a pick-up location selected)'

2020-03-20 14:48:19 - [MESSAGE][PASSED] - Keys '*' sent to object: 'Object Repository/ADMIN/Edit Text/Bespoke/Seller Pages/Onboarding_Settings/textarea_Define the full address where the buyer can pick up from (You must have at least a delivery option or a pick-up location selected)'

2020-03-20 14:48:19 - [TEST_STEP][PASSED] - sendKeys(findTestObject("ADMIN/Edit Text/Bespoke/Seller Pages/Onboarding_Settings/input_Offer reduced shipping costs to buyers when they buy more than one item from you_delivery-txt2"), "*"): Keys '*' sent to object: 'Object Repository/ADMIN/Edit Text/Bespoke/Seller Pages/Onboarding_Settings/input_Offer reduced shipping costs to buyers when they buy more than one item from you_delivery-txt2'

2020-03-20 14:48:19 - [MESSAGE][PASSED] - Keys '*' sent to object: 'Object Repository/ADMIN/Edit Text/Bespoke/Seller Pages/Onboarding_Settings/input_Offer reduced shipping costs to buyers when they buy more than one item from you_delivery-txt2'

2020-03-20 14:48:19 - [TEST_STEP][PASSED] - sendKeys(findTestObject("ADMIN/Edit Text/Bespoke/Seller Pages/Onboarding_Settings/input_total delivery"), "*"): Keys '*' sent to object: 'Object Repository/ADMIN/Edit Text/Bespoke/Seller Pages/Onboarding_Settings/input_total delivery'

2020-03-20 14:48:19 - [MESSAGE][PASSED] - Keys '*' sent to object: 'Object Repository/ADMIN/Edit Text/Bespoke/Seller Pages/Onboarding_Settings/input_total delivery'

2020-03-20 14:48:19 - [TEST_STEP][PASSED] - sendKeys(findTestObject("ADMIN/Edit Text/Bespoke/Seller Pages/Onboarding_Settings/input_add1"), "*"): Keys '*' sent to object: 'Object Repository/ADMIN/Edit Text/Bespoke/Seller Pages/Onboarding_Settings/input_add1'

2020-03-20 14:48:20 - [MESSAGE][PASSED] - Keys '*' sent to object: 'Object Repository/ADMIN/Edit Text/Bespoke/Seller Pages/Onboarding_Settings/input_add1'

2020-03-20 14:48:20 - [TEST_STEP][PASSED] - sendKeys(findTestObject("ADMIN/Edit Text/Bespoke/Seller Pages/Onboarding_Settings/input_PICK-UP LOCATION ADDRESS_pick-up-address"), "*"): Keys '*' sent to object: 'Object Repository/ADMIN/Edit Text/Bespoke/Seller Pages/Onboarding_Settings/input_PICK-UP LOCATION ADDRESS_pick-up-address'

2020-03-20 14:48:20 - [MESSAGE][PASSED] - Keys '*' sent to object: 'Object Repository/ADMIN/Edit Text/Bespoke/Seller Pages/Onboarding_Settings/input_PICK-UP LOCATION ADDRESS_pick-up-address'

2020-03-20 14:48:20 - [TEST_STEP][PASSED] - sendKeys(findTestObject("ADMIN/Edit Text/Bespoke/Seller Pages/Onboarding_Settings/input_SAVE_btn_save"), "*"): Keys '*' sent to object: 'Object Repository/ADMIN/Edit Text/Bespoke/Seller Pages/Onboarding_Settings/input_SAVE_btn_save'

2020-03-20 14:48:20 - [MESSAGE][PASSED] - Keys '*' sent to object: 'Object Repository/ADMIN/Edit Text/Bespoke/Seller Pages/Onboarding_Settings/input_SAVE_btn_save'

2020-03-20 14:48:20 - [TEST_STEP][PASSED] - sendKeys(findTestObject("ADMIN/Edit Text/Bespoke/Seller Pages/Onboarding_Settings/input_Are you sure want to delete_popup-title"), "*"): Keys '*' sent to object: 'Object Repository/ADMIN/Edit Text/Bespoke/Seller Pages/Onboarding_Settings/input_Are you sure want to delete_popup-title'

2020-03-20 14:48:20 - [MESSAGE][PASSED] - Keys '*' sent to object: 'Object Repository/ADMIN/Edit Text/Bespoke/Seller Pages/Onboarding_Settings/input_Are you sure want to delete_popup-title'

2020-03-20 14:48:20 - [TEST_STEP][PASSED] - sendKeys(findTestObject("ADMIN/Edit Text/Bespoke/Seller Pages/Onboarding_Settings/input_CANCEL_btn_cancel"), "*"): Keys '*' sent to object: 'Object Repository/ADMIN/Edit Text/Bespoke/Seller Pages/Onboarding_Settings/input_CANCEL_btn_cancel'

2020-03-20 14:48:20 - [MESSAGE][PASSED] - Keys '*' sent to object: 'Object Repository/ADMIN/Edit Text/Bespoke/Seller Pages/Onboarding_Settings/input_CANCEL_btn_cancel'

2020-03-20 14:48:20 - [TEST_STEP][PASSED] - sendKeys(findTestObject("ADMIN/Edit Text/Bespoke/Seller Pages/Onboarding_Settings/input_Okay_btn_okay"), "*"): Keys '*' sent to object: 'Object Repository/ADMIN/Edit Text/Bespoke/Seller Pages/Onboarding_Settings/input_Okay_btn_okay'

2020-03-20 14:48:20 - [MESSAGE][PASSED] - Keys '*' sent to object: 'Object Repository/ADMIN/Edit Text/Bespoke/Seller Pages/Onboarding_Settings/input_Okay_btn_okay'

2020-03-20 14:48:20 - [TEST_STEP][PASSED] - sendKeys(findTestObject("ADMIN/Edit Text/Bespoke/Seller Pages/Onboarding_Settings/input_REMOVE ITEM_popup-title"), "*"): Keys '*' sent to object: 'Object Repository/ADMIN/Edit Text/Bespoke/Seller Pages/Onboarding_Settings/input_REMOVE ITEM_popup-title'

2020-03-20 14:48:21 - [MESSAGE][PASSED] - Keys '*' sent to object: 'Object Repository/ADMIN/Edit Text/Bespoke/Seller Pages/Onboarding_Settings/input_REMOVE ITEM_popup-title'

2020-03-20 14:48:21 - [TEST_STEP][PASSED] - sendKeys(findTestObject("ADMIN/Edit Text/Bespoke/Seller Pages/Onboarding_Settings/input_concat(Are you sure about removing this item from your list (It  ll be gone forever))_popup-title"), "*"): Keys '*' sent to object: 'Object Repository/ADMIN/Edit Text/Bespoke/Seller Pages/Onboarding_Settings/input_concat(Are you sure about removing this item from your list (It  ll be gone forever))_popup-title'

2020-03-20 14:48:21 - [MESSAGE][PASSED] - Keys '*' sent to object: 'Object Repository/ADMIN/Edit Text/Bespoke/Seller Pages/Onboarding_Settings/input_concat(Are you sure about removing this item from your list (It  ll be gone forever))_popup-title'

2020-03-20 14:48:21 - [TEST_STEP][PASSED] - sendKeys(findTestObject("ADMIN/Edit Text/Bespoke/Seller Pages/Onboarding_Settings/input_CANCEL_btn_cancel2"), "*"): Keys '*' sent to object: 'Object Repository/ADMIN/Edit Text/Bespoke/Seller Pages/Onboarding_Settings/input_CANCEL_btn_cancel2'

2020-03-20 14:48:21 - [MESSAGE][PASSED] - Keys '*' sent to object: 'Object Repository/ADMIN/Edit Text/Bespoke/Seller Pages/Onboarding_Settings/input_CANCEL_btn_cancel2'

2020-03-20 14:48:21 - [TEST_STEP][PASSED] - sendKeys(findTestObject("ADMIN/Edit Text/Bespoke/Seller Pages/Onboarding_Settings/input_Okay_btn_okay2"), "*"): Keys '*' sent to object: 'Object Repository/ADMIN/Edit Text/Bespoke/Seller Pages/Onboarding_Settings/input_Okay_btn_okay2'

2020-03-20 14:48:21 - [MESSAGE][PASSED] - Keys '*' sent to object: 'Object Repository/ADMIN/Edit Text/Bespoke/Seller Pages/Onboarding_Settings/input_Okay_btn_okay2'

2020-03-20 14:48:21 - [TEST_STEP][PASSED] - click(findTestObject("ADMIN/Edit Text/Bespoke/Buyer Pages/Homepage/button_save"), CONTINUE_ON_FAILURE): Object: 'Object Repository/ADMIN/Edit Text/Bespoke/Buyer Pages/Homepage/button_save' is clicked on

2020-03-20 14:48:22 - [MESSAGE][PASSED] - Object: 'Object Repository/ADMIN/Edit Text/Bespoke/Buyer Pages/Homepage/button_save' is clicked on

2020-03-20 14:48:22 - [TEST_STEP][PASSED] - waitForElementVisible(findTestObject("ADMIN/Edit Text/Bespoke/Buyer Pages/Homepage/toaster_success"), 0): Object 'Object Repository/ADMIN/Edit Text/Bespoke/Buyer Pages/Homepage/toaster_success' is visible

2020-03-20 14:48:22 - [MESSAGE][WARNING] - Timeout '0' is invalid. Using default page load timeout: '30'

2020-03-20 14:48:23 - [MESSAGE][PASSED] - Object 'Object Repository/ADMIN/Edit Text/Bespoke/Buyer Pages/Homepage/toaster_success' is visible]]></system-out>
         <system-err><![CDATA[]]></system-err>
      </testcase>
      <testcase name="Test Cases/ADMIN/Language/Edit Text/Bespoke/Seller/Onboarding_Settings" time="15.171" classname="Test Cases/ADMIN/Language/Edit Text/Bespoke/Seller/Onboarding_Settings" status="PASSED">
         <system-out><![CDATA[2020-03-20 14:48:23 - [TEST_CASE][PASSED] - Test Cases/ADMIN/Language/Edit Text/Bespoke/Seller/Onboarding_Settings: Test Cases/ADMIN/Language/Edit Text/Bespoke/Seller/Onboarding_Settings

2020-03-20 14:48:23 - [TEST_STEP][PASSED] - waitForElementVisible(findTestObject("ADMIN/Edit Text/Bespoke/Buyer Navigation/dd_language"), 0): Object 'Object Repository/ADMIN/Edit Text/Bespoke/Buyer Navigation/dd_language' is visible

2020-03-20 14:48:23 - [MESSAGE][WARNING] - Timeout '0' is invalid. Using default page load timeout: '30'

2020-03-20 14:48:23 - [MESSAGE][PASSED] - Object 'Object Repository/ADMIN/Edit Text/Bespoke/Buyer Navigation/dd_language' is visible

2020-03-20 14:48:23 - [TEST_STEP][PASSED] - selectOptionByLabel(findTestObject("ADMIN/Edit Text/Bespoke/Buyer Navigation/dd_language"), varLanguage, false): All options with label 'Hebrew' are selected in object 'Object Repository/ADMIN/Edit Text/Bespoke/Buyer Navigation/dd_language' 

2020-03-20 14:48:24 - [MESSAGE][PASSED] - All options with label 'Hebrew' are selected in object 'Object Repository/ADMIN/Edit Text/Bespoke/Buyer Navigation/dd_language' 

2020-03-20 14:48:24 - [TEST_STEP][PASSED] - sendKeys(findTestObject("ADMIN/Edit Text/Bespoke/Seller Pages/Onboarding_Settings/input_USER SETTINGS_marketplace-name"), "*"): Keys '*' sent to object: 'Object Repository/ADMIN/Edit Text/Bespoke/Seller Pages/Onboarding_Settings/input_USER SETTINGS_marketplace-name'

2020-03-20 14:48:24 - [MESSAGE][PASSED] - Keys '*' sent to object: 'Object Repository/ADMIN/Edit Text/Bespoke/Seller Pages/Onboarding_Settings/input_USER SETTINGS_marketplace-name'

2020-03-20 14:48:24 - [TEST_STEP][PASSED] - sendKeys(findTestObject("ADMIN/Edit Text/Bespoke/Seller Pages/Onboarding_Settings/input_Configure your profile your delivery methods and how you receive payments_item_details"), "*"): Keys '*' sent to object: 'Object Repository/ADMIN/Edit Text/Bespoke/Seller Pages/Onboarding_Settings/input_Configure your profile your delivery methods and how you receive payments_item_details'

2020-03-20 14:48:25 - [MESSAGE][PASSED] - Keys '*' sent to object: 'Object Repository/ADMIN/Edit Text/Bespoke/Seller Pages/Onboarding_Settings/input_Configure your profile your delivery methods and how you receive payments_item_details'

2020-03-20 14:48:25 - [TEST_STEP][PASSED] - sendKeys(findTestObject("ADMIN/Edit Text/Bespoke/Seller Pages/Onboarding_Settings/input_PROFILE_tab-title"), "*"): Keys '*' sent to object: 'Object Repository/ADMIN/Edit Text/Bespoke/Seller Pages/Onboarding_Settings/input_PROFILE_tab-title'

2020-03-20 14:48:25 - [MESSAGE][PASSED] - Keys '*' sent to object: 'Object Repository/ADMIN/Edit Text/Bespoke/Seller Pages/Onboarding_Settings/input_PROFILE_tab-title'

2020-03-20 14:48:25 - [TEST_STEP][PASSED] - sendKeys(findTestObject("ADMIN/Edit Text/Bespoke/Seller Pages/Onboarding_Settings/input_CHANGE_btn_upload"), "*"): Keys '*' sent to object: 'Object Repository/ADMIN/Edit Text/Bespoke/Seller Pages/Onboarding_Settings/input_CHANGE_btn_upload'

2020-03-20 14:48:25 - [MESSAGE][PASSED] - Keys '*' sent to object: 'Object Repository/ADMIN/Edit Text/Bespoke/Seller Pages/Onboarding_Settings/input_CHANGE_btn_upload'

2020-03-20 14:48:25 - [TEST_STEP][PASSED] - sendKeys(findTestObject("ADMIN/Edit Text/Bespoke/Seller Pages/Onboarding_Settings/input_DISPLAY NAME_display-name"), "*"): Keys '*' sent to object: 'Object Repository/ADMIN/Edit Text/Bespoke/Seller Pages/Onboarding_Settings/input_DISPLAY NAME_display-name'

2020-03-20 14:48:25 - [MESSAGE][PASSED] - Keys '*' sent to object: 'Object Repository/ADMIN/Edit Text/Bespoke/Seller Pages/Onboarding_Settings/input_DISPLAY NAME_display-name'

2020-03-20 14:48:25 - [TEST_STEP][PASSED] - sendKeys(findTestObject("ADMIN/Edit Text/Bespoke/Seller Pages/Onboarding_Settings/input_DESCRIPTION_description"), "*"): Keys '*' sent to object: 'Object Repository/ADMIN/Edit Text/Bespoke/Seller Pages/Onboarding_Settings/input_DESCRIPTION_description'

2020-03-20 14:48:26 - [MESSAGE][PASSED] - Keys '*' sent to object: 'Object Repository/ADMIN/Edit Text/Bespoke/Seller Pages/Onboarding_Settings/input_DESCRIPTION_description'

2020-03-20 14:48:26 - [TEST_STEP][PASSED] - sendKeys(findTestObject("ADMIN/Edit Text/Bespoke/Seller Pages/Onboarding_Settings/input_FIRST NAME_first-name"), "*"): Keys '*' sent to object: 'Object Repository/ADMIN/Edit Text/Bespoke/Seller Pages/Onboarding_Settings/input_FIRST NAME_first-name'

2020-03-20 14:48:26 - [MESSAGE][PASSED] - Keys '*' sent to object: 'Object Repository/ADMIN/Edit Text/Bespoke/Seller Pages/Onboarding_Settings/input_FIRST NAME_first-name'

2020-03-20 14:48:26 - [TEST_STEP][PASSED] - sendKeys(findTestObject("ADMIN/Edit Text/Bespoke/Seller Pages/Onboarding_Settings/input_LAST NAME_last-name"), "*"): Keys '*' sent to object: 'Object Repository/ADMIN/Edit Text/Bespoke/Seller Pages/Onboarding_Settings/input_LAST NAME_last-name'

2020-03-20 14:48:26 - [MESSAGE][PASSED] - Keys '*' sent to object: 'Object Repository/ADMIN/Edit Text/Bespoke/Seller Pages/Onboarding_Settings/input_LAST NAME_last-name'

2020-03-20 14:48:26 - [TEST_STEP][PASSED] - sendKeys(findTestObject("ADMIN/Edit Text/Bespoke/Seller Pages/Onboarding_Settings/input_NOTIFICATION EMAIL_notification-email"), "*"): Keys '*' sent to object: 'Object Repository/ADMIN/Edit Text/Bespoke/Seller Pages/Onboarding_Settings/input_NOTIFICATION EMAIL_notification-email'

2020-03-20 14:48:26 - [MESSAGE][PASSED] - Keys '*' sent to object: 'Object Repository/ADMIN/Edit Text/Bespoke/Seller Pages/Onboarding_Settings/input_NOTIFICATION EMAIL_notification-email'

2020-03-20 14:48:26 - [TEST_STEP][PASSED] - sendKeys(findTestObject("ADMIN/Edit Text/Bespoke/Seller Pages/Onboarding_Settings/input_CONTACT NUMBER_contact-number"), "*"): Keys '*' sent to object: 'Object Repository/ADMIN/Edit Text/Bespoke/Seller Pages/Onboarding_Settings/input_CONTACT NUMBER_contact-number'

2020-03-20 14:48:26 - [MESSAGE][PASSED] - Keys '*' sent to object: 'Object Repository/ADMIN/Edit Text/Bespoke/Seller Pages/Onboarding_Settings/input_CONTACT NUMBER_contact-number'

2020-03-20 14:48:26 - [TEST_STEP][PASSED] - sendKeys(findTestObject("ADMIN/Edit Text/Bespoke/Seller Pages/Onboarding_Settings/input_OPENID LOGIN_open-id-login"), "*"): Keys '*' sent to object: 'Object Repository/ADMIN/Edit Text/Bespoke/Seller Pages/Onboarding_Settings/input_OPENID LOGIN_open-id-login'

2020-03-20 14:48:27 - [MESSAGE][PASSED] - Keys '*' sent to object: 'Object Repository/ADMIN/Edit Text/Bespoke/Seller Pages/Onboarding_Settings/input_OPENID LOGIN_open-id-login'

2020-03-20 14:48:27 - [TEST_STEP][PASSED] - sendKeys(findTestObject("ADMIN/Edit Text/Bespoke/Seller Pages/Onboarding_Settings/input_SELLER LOCATION_seller_location"), "*"): Keys '*' sent to object: 'Object Repository/ADMIN/Edit Text/Bespoke/Seller Pages/Onboarding_Settings/input_SELLER LOCATION_seller_location'

2020-03-20 14:48:27 - [MESSAGE][PASSED] - Keys '*' sent to object: 'Object Repository/ADMIN/Edit Text/Bespoke/Seller Pages/Onboarding_Settings/input_SELLER LOCATION_seller_location'

2020-03-20 14:48:27 - [TEST_STEP][PASSED] - sendKeys(findTestObject("ADMIN/Edit Text/Bespoke/Seller Pages/Onboarding_Settings/textarea_For each transaction that is made through the marketplace there will be a seller transaction fee of"), "*"): Keys '*' sent to object: 'Object Repository/ADMIN/Edit Text/Bespoke/Seller Pages/Onboarding_Settings/textarea_For each transaction that is made through the marketplace there will be a seller transaction fee of'

2020-03-20 14:48:27 - [MESSAGE][PASSED] - Keys '*' sent to object: 'Object Repository/ADMIN/Edit Text/Bespoke/Seller Pages/Onboarding_Settings/textarea_For each transaction that is made through the marketplace there will be a seller transaction fee of'

2020-03-20 14:48:27 - [TEST_STEP][PASSED] - sendKeys(findTestObject("ADMIN/Edit Text/Bespoke/Seller Pages/Onboarding_Settings/input_NEXT_btn_next"), "*"): Keys '*' sent to object: 'Object Repository/ADMIN/Edit Text/Bespoke/Seller Pages/Onboarding_Settings/input_NEXT_btn_next'

2020-03-20 14:48:27 - [MESSAGE][PASSED] - Keys '*' sent to object: 'Object Repository/ADMIN/Edit Text/Bespoke/Seller Pages/Onboarding_Settings/input_NEXT_btn_next'

2020-03-20 14:48:27 - [TEST_STEP][PASSED] - sendKeys(findTestObject("ADMIN/Edit Text/Bespoke/Seller Pages/Onboarding_Settings/input_ADDRESS_tab-title"), "*"): Keys '*' sent to object: 'Object Repository/ADMIN/Edit Text/Bespoke/Seller Pages/Onboarding_Settings/input_ADDRESS_tab-title'

2020-03-20 14:48:27 - [MESSAGE][PASSED] - Keys '*' sent to object: 'Object Repository/ADMIN/Edit Text/Bespoke/Seller Pages/Onboarding_Settings/input_ADDRESS_tab-title'

2020-03-20 14:48:27 - [TEST_STEP][PASSED] - sendKeys(findTestObject("ADMIN/Edit Text/Bespoke/Seller Pages/Onboarding_Settings/input_NEW DELIVERY ADDRESS_new-delivery-address"), "*"): Keys '*' sent to object: 'Object Repository/ADMIN/Edit Text/Bespoke/Seller Pages/Onboarding_Settings/input_NEW DELIVERY ADDRESS_new-delivery-address'

2020-03-20 14:48:28 - [MESSAGE][PASSED] - Keys '*' sent to object: 'Object Repository/ADMIN/Edit Text/Bespoke/Seller Pages/Onboarding_Settings/input_NEW DELIVERY ADDRESS_new-delivery-address'

2020-03-20 14:48:28 - [TEST_STEP][PASSED] - sendKeys(findTestObject("ADMIN/Edit Text/Bespoke/Seller Pages/Onboarding_Settings/input_ADDRESSEE FIRST NAME_addressee-first-name"), "*"): Keys '*' sent to object: 'Object Repository/ADMIN/Edit Text/Bespoke/Seller Pages/Onboarding_Settings/input_ADDRESSEE FIRST NAME_addressee-first-name'

2020-03-20 14:48:28 - [MESSAGE][PASSED] - Keys '*' sent to object: 'Object Repository/ADMIN/Edit Text/Bespoke/Seller Pages/Onboarding_Settings/input_ADDRESSEE FIRST NAME_addressee-first-name'

2020-03-20 14:48:28 - [TEST_STEP][PASSED] - sendKeys(findTestObject("ADMIN/Edit Text/Bespoke/Seller Pages/Onboarding_Settings/input_ADDRESSEE LAST NAME_addressee-last-name"), "*"): Keys '*' sent to object: 'Object Repository/ADMIN/Edit Text/Bespoke/Seller Pages/Onboarding_Settings/input_ADDRESSEE LAST NAME_addressee-last-name'

2020-03-20 14:48:28 - [MESSAGE][PASSED] - Keys '*' sent to object: 'Object Repository/ADMIN/Edit Text/Bespoke/Seller Pages/Onboarding_Settings/input_ADDRESSEE LAST NAME_addressee-last-name'

2020-03-20 14:48:28 - [TEST_STEP][PASSED] - sendKeys(findTestObject("ADMIN/Edit Text/Bespoke/Seller Pages/Onboarding_Settings/input_ADDRESS_address"), "*"): Keys '*' sent to object: 'Object Repository/ADMIN/Edit Text/Bespoke/Seller Pages/Onboarding_Settings/input_ADDRESS_address'

2020-03-20 14:48:29 - [MESSAGE][PASSED] - Keys '*' sent to object: 'Object Repository/ADMIN/Edit Text/Bespoke/Seller Pages/Onboarding_Settings/input_ADDRESS_address'

2020-03-20 14:48:29 - [TEST_STEP][PASSED] - sendKeys(findTestObject("ADMIN/Edit Text/Bespoke/Seller Pages/Onboarding_Settings/input_SELECT COUNTRY_select-country"), "*"): Keys '*' sent to object: 'Object Repository/ADMIN/Edit Text/Bespoke/Seller Pages/Onboarding_Settings/input_SELECT COUNTRY_select-country'

2020-03-20 14:48:29 - [MESSAGE][PASSED] - Keys '*' sent to object: 'Object Repository/ADMIN/Edit Text/Bespoke/Seller Pages/Onboarding_Settings/input_SELECT COUNTRY_select-country'

2020-03-20 14:48:29 - [TEST_STEP][PASSED] - sendKeys(findTestObject("ADMIN/Edit Text/Bespoke/Seller Pages/Onboarding_Settings/input_COUNTRY_address-country"), "*"): Keys '*' sent to object: 'Object Repository/ADMIN/Edit Text/Bespoke/Seller Pages/Onboarding_Settings/input_COUNTRY_address-country'

2020-03-20 14:48:29 - [MESSAGE][PASSED] - Keys '*' sent to object: 'Object Repository/ADMIN/Edit Text/Bespoke/Seller Pages/Onboarding_Settings/input_COUNTRY_address-country'

2020-03-20 14:48:29 - [TEST_STEP][PASSED] - sendKeys(findTestObject("ADMIN/Edit Text/Bespoke/Seller Pages/Onboarding_Settings/input_STATE_address-state"), "*"): Keys '*' sent to object: 'Object Repository/ADMIN/Edit Text/Bespoke/Seller Pages/Onboarding_Settings/input_STATE_address-state'

2020-03-20 14:48:29 - [MESSAGE][PASSED] - Keys '*' sent to object: 'Object Repository/ADMIN/Edit Text/Bespoke/Seller Pages/Onboarding_Settings/input_STATE_address-state'

2020-03-20 14:48:29 - [TEST_STEP][PASSED] - sendKeys(findTestObject("ADMIN/Edit Text/Bespoke/Seller Pages/Onboarding_Settings/input_CITY_address-city"), "*"): Keys '*' sent to object: 'Object Repository/ADMIN/Edit Text/Bespoke/Seller Pages/Onboarding_Settings/input_CITY_address-city'

2020-03-20 14:48:29 - [MESSAGE][PASSED] - Keys '*' sent to object: 'Object Repository/ADMIN/Edit Text/Bespoke/Seller Pages/Onboarding_Settings/input_CITY_address-city'

2020-03-20 14:48:29 - [TEST_STEP][PASSED] - sendKeys(findTestObject("ADMIN/Edit Text/Bespoke/Seller Pages/Onboarding_Settings/input_POSTAL CODE_address-postalcode"), "*"): Keys '*' sent to object: 'Object Repository/ADMIN/Edit Text/Bespoke/Seller Pages/Onboarding_Settings/input_POSTAL CODE_address-postalcode'

2020-03-20 14:48:30 - [MESSAGE][PASSED] - Keys '*' sent to object: 'Object Repository/ADMIN/Edit Text/Bespoke/Seller Pages/Onboarding_Settings/input_POSTAL CODE_address-postalcode'

2020-03-20 14:48:30 - [TEST_STEP][PASSED] - sendKeys(findTestObject("ADMIN/Edit Text/Bespoke/Seller Pages/Onboarding_Settings/input_ADD ADDRESS_btn_add"), "*"): Keys '*' sent to object: 'Object Repository/ADMIN/Edit Text/Bespoke/Seller Pages/Onboarding_Settings/input_ADD ADDRESS_btn_add'

2020-03-20 14:48:30 - [MESSAGE][PASSED] - Keys '*' sent to object: 'Object Repository/ADMIN/Edit Text/Bespoke/Seller Pages/Onboarding_Settings/input_ADD ADDRESS_btn_add'

2020-03-20 14:48:30 - [TEST_STEP][PASSED] - sendKeys(findTestObject("ADMIN/Edit Text/Bespoke/Seller Pages/Onboarding_Settings/input_SAVED ADDRESSES_address-saved"), "*"): Keys '*' sent to object: 'Object Repository/ADMIN/Edit Text/Bespoke/Seller Pages/Onboarding_Settings/input_SAVED ADDRESSES_address-saved'

2020-03-20 14:48:30 - [MESSAGE][PASSED] - Keys '*' sent to object: 'Object Repository/ADMIN/Edit Text/Bespoke/Seller Pages/Onboarding_Settings/input_SAVED ADDRESSES_address-saved'

2020-03-20 14:48:30 - [TEST_STEP][PASSED] - sendKeys(findTestObject("ADMIN/Edit Text/Bespoke/Seller Pages/Onboarding_Settings/input_Next_btn_next (1)"), "*"): Keys '*' sent to object: 'Object Repository/ADMIN/Edit Text/Bespoke/Seller Pages/Onboarding_Settings/input_Next_btn_next (1)'

2020-03-20 14:48:30 - [MESSAGE][PASSED] - Keys '*' sent to object: 'Object Repository/ADMIN/Edit Text/Bespoke/Seller Pages/Onboarding_Settings/input_Next_btn_next (1)'

2020-03-20 14:48:30 - [TEST_STEP][PASSED] - sendKeys(findTestObject("ADMIN/Edit Text/Bespoke/Seller Pages/Onboarding_Settings/input_PAYMENT ACCEPTANCE_tan-title"), "*"): Keys '*' sent to object: 'Object Repository/ADMIN/Edit Text/Bespoke/Seller Pages/Onboarding_Settings/input_PAYMENT ACCEPTANCE_tan-title'

2020-03-20 14:48:30 - [MESSAGE][PASSED] - Keys '*' sent to object: 'Object Repository/ADMIN/Edit Text/Bespoke/Seller Pages/Onboarding_Settings/input_PAYMENT ACCEPTANCE_tan-title'

2020-03-20 14:48:30 - [TEST_STEP][PASSED] - sendKeys(findTestObject("ADMIN/Edit Text/Bespoke/Seller Pages/Onboarding_Settings/input_PAYMENT METHOD_payment_method"), "*"): Keys '*' sent to object: 'Object Repository/ADMIN/Edit Text/Bespoke/Seller Pages/Onboarding_Settings/input_PAYMENT METHOD_payment_method'

2020-03-20 14:48:31 - [MESSAGE][PASSED] - Keys '*' sent to object: 'Object Repository/ADMIN/Edit Text/Bespoke/Seller Pages/Onboarding_Settings/input_PAYMENT METHOD_payment_method'

2020-03-20 14:48:31 - [TEST_STEP][PASSED] - sendKeys(findTestObject("ADMIN/Edit Text/Bespoke/Seller Pages/Onboarding_Settings/input_Select your preferred payment method_select_payment_method"), "*"): Keys '*' sent to object: 'Object Repository/ADMIN/Edit Text/Bespoke/Seller Pages/Onboarding_Settings/input_Select your preferred payment method_select_payment_method'

2020-03-20 14:48:31 - [MESSAGE][PASSED] - Keys '*' sent to object: 'Object Repository/ADMIN/Edit Text/Bespoke/Seller Pages/Onboarding_Settings/input_Select your preferred payment method_select_payment_method'

2020-03-20 14:48:31 - [TEST_STEP][PASSED] - sendKeys(findTestObject("ADMIN/Edit Text/Bespoke/Seller Pages/Onboarding_Settings/input_LINK ACCOUNT_btn_link_account"), "*"): Keys '*' sent to object: 'Object Repository/ADMIN/Edit Text/Bespoke/Seller Pages/Onboarding_Settings/input_LINK ACCOUNT_btn_link_account'

2020-03-20 14:48:31 - [MESSAGE][PASSED] - Keys '*' sent to object: 'Object Repository/ADMIN/Edit Text/Bespoke/Seller Pages/Onboarding_Settings/input_LINK ACCOUNT_btn_link_account'

2020-03-20 14:48:31 - [TEST_STEP][PASSED] - sendKeys(findTestObject("ADMIN/Edit Text/Bespoke/Seller Pages/Onboarding_Settings/input_VERIFIED_verified"), "*"): Keys '*' sent to object: 'Object Repository/ADMIN/Edit Text/Bespoke/Seller Pages/Onboarding_Settings/input_VERIFIED_verified'

2020-03-20 14:48:32 - [MESSAGE][PASSED] - Keys '*' sent to object: 'Object Repository/ADMIN/Edit Text/Bespoke/Seller Pages/Onboarding_Settings/input_VERIFIED_verified'

2020-03-20 14:48:32 - [TEST_STEP][PASSED] - sendKeys(findTestObject("ADMIN/Edit Text/Bespoke/Seller Pages/Onboarding_Settings/input_This payment method is compulsory_this_method_compulsory"), "*"): Keys '*' sent to object: 'Object Repository/ADMIN/Edit Text/Bespoke/Seller Pages/Onboarding_Settings/input_This payment method is compulsory_this_method_compulsory'

2020-03-20 14:48:32 - [MESSAGE][PASSED] - Keys '*' sent to object: 'Object Repository/ADMIN/Edit Text/Bespoke/Seller Pages/Onboarding_Settings/input_This payment method is compulsory_this_method_compulsory'

2020-03-20 14:48:32 - [TEST_STEP][PASSED] - sendKeys(findTestObject("ADMIN/Edit Text/Bespoke/Seller Pages/Onboarding_Settings/input_No account linked yet_no-account-linked"), "*"): Keys '*' sent to object: 'Object Repository/ADMIN/Edit Text/Bespoke/Seller Pages/Onboarding_Settings/input_No account linked yet_no-account-linked'

2020-03-20 14:48:32 - [MESSAGE][PASSED] - Keys '*' sent to object: 'Object Repository/ADMIN/Edit Text/Bespoke/Seller Pages/Onboarding_Settings/input_No account linked yet_no-account-linked'

2020-03-20 14:48:32 - [TEST_STEP][PASSED] - sendKeys(findTestObject("ADMIN/Edit Text/Bespoke/Seller Pages/Onboarding_Settings/input_next3"), "*"): Keys '*' sent to object: 'Object Repository/ADMIN/Edit Text/Bespoke/Seller Pages/Onboarding_Settings/input_next3'

2020-03-20 14:48:32 - [MESSAGE][PASSED] - Keys '*' sent to object: 'Object Repository/ADMIN/Edit Text/Bespoke/Seller Pages/Onboarding_Settings/input_next3'

2020-03-20 14:48:32 - [TEST_STEP][PASSED] - sendKeys(findTestObject("ADMIN/Edit Text/Bespoke/Seller Pages/Onboarding_Settings/input_DELIVERY METHODS_tab-title1"), "*"): Keys '*' sent to object: 'Object Repository/ADMIN/Edit Text/Bespoke/Seller Pages/Onboarding_Settings/input_DELIVERY METHODS_tab-title1'

2020-03-20 14:48:32 - [MESSAGE][PASSED] - Keys '*' sent to object: 'Object Repository/ADMIN/Edit Text/Bespoke/Seller Pages/Onboarding_Settings/input_DELIVERY METHODS_tab-title1'

2020-03-20 14:48:32 - [TEST_STEP][PASSED] - sendKeys(findTestObject("ADMIN/Edit Text/Bespoke/Seller Pages/Onboarding_Settings/input_DELIVERY OPTIONS_delivery-option"), "*"): Keys '*' sent to object: 'Object Repository/ADMIN/Edit Text/Bespoke/Seller Pages/Onboarding_Settings/input_DELIVERY OPTIONS_delivery-option'

2020-03-20 14:48:33 - [MESSAGE][PASSED] - Keys '*' sent to object: 'Object Repository/ADMIN/Edit Text/Bespoke/Seller Pages/Onboarding_Settings/input_DELIVERY OPTIONS_delivery-option'

2020-03-20 14:48:33 - [TEST_STEP][PASSED] - sendKeys(findTestObject("ADMIN/Edit Text/Bespoke/Seller Pages/Onboarding_Settings/input_DELIVERY OPTIONS_delivery-txt2"), "*"): Keys '*' sent to object: 'Object Repository/ADMIN/Edit Text/Bespoke/Seller Pages/Onboarding_Settings/input_DELIVERY OPTIONS_delivery-txt2'

2020-03-20 14:48:33 - [MESSAGE][PASSED] - Keys '*' sent to object: 'Object Repository/ADMIN/Edit Text/Bespoke/Seller Pages/Onboarding_Settings/input_DELIVERY OPTIONS_delivery-txt2'

2020-03-20 14:48:33 - [TEST_STEP][PASSED] - sendKeys(findTestObject("ADMIN/Edit Text/Bespoke/Seller Pages/Onboarding_Settings/input_DELIVERY SERVICE_delivery-service"), "*"): Keys '*' sent to object: 'Object Repository/ADMIN/Edit Text/Bespoke/Seller Pages/Onboarding_Settings/input_DELIVERY SERVICE_delivery-service'

2020-03-20 14:48:33 - [MESSAGE][PASSED] - Keys '*' sent to object: 'Object Repository/ADMIN/Edit Text/Bespoke/Seller Pages/Onboarding_Settings/input_DELIVERY SERVICE_delivery-service'

2020-03-20 14:48:33 - [TEST_STEP][PASSED] - sendKeys(findTestObject("ADMIN/Edit Text/Bespoke/Seller Pages/Onboarding_Settings/input_SINGLE ITEM DELIVERY (A)_single-item-delivery"), "*"): Keys '*' sent to object: 'Object Repository/ADMIN/Edit Text/Bespoke/Seller Pages/Onboarding_Settings/input_SINGLE ITEM DELIVERY (A)_single-item-delivery'

2020-03-20 14:48:33 - [MESSAGE][PASSED] - Keys '*' sent to object: 'Object Repository/ADMIN/Edit Text/Bespoke/Seller Pages/Onboarding_Settings/input_SINGLE ITEM DELIVERY (A)_single-item-delivery'

2020-03-20 14:48:33 - [TEST_STEP][PASSED] - sendKeys(findTestObject("ADMIN/Edit Text/Bespoke/Seller Pages/Onboarding_Settings/input_WITH OTHER ITEM (B)_with-other-item"), "*"): Keys '*' sent to object: 'Object Repository/ADMIN/Edit Text/Bespoke/Seller Pages/Onboarding_Settings/input_WITH OTHER ITEM (B)_with-other-item'

2020-03-20 14:48:33 - [MESSAGE][PASSED] - Keys '*' sent to object: 'Object Repository/ADMIN/Edit Text/Bespoke/Seller Pages/Onboarding_Settings/input_WITH OTHER ITEM (B)_with-other-item'

2020-03-20 14:48:33 - [TEST_STEP][PASSED] - sendKeys(findTestObject("ADMIN/Edit Text/Bespoke/Seller Pages/Onboarding_Settings/input_ADD_btn_add"), "*"): Keys '*' sent to object: 'Object Repository/ADMIN/Edit Text/Bespoke/Seller Pages/Onboarding_Settings/input_ADD_btn_add'

2020-03-20 14:48:34 - [MESSAGE][PASSED] - Keys '*' sent to object: 'Object Repository/ADMIN/Edit Text/Bespoke/Seller Pages/Onboarding_Settings/input_ADD_btn_add'

2020-03-20 14:48:34 - [TEST_STEP][PASSED] - sendKeys(findTestObject("ADMIN/Edit Text/Bespoke/Seller Pages/Onboarding_Settings/input_PICK-UP LOCATIONS_pick-up-option"), "*"): Keys '*' sent to object: 'Object Repository/ADMIN/Edit Text/Bespoke/Seller Pages/Onboarding_Settings/input_PICK-UP LOCATIONS_pick-up-option'

2020-03-20 14:48:34 - [MESSAGE][PASSED] - Keys '*' sent to object: 'Object Repository/ADMIN/Edit Text/Bespoke/Seller Pages/Onboarding_Settings/input_PICK-UP LOCATIONS_pick-up-option'

2020-03-20 14:48:34 - [TEST_STEP][PASSED] - sendKeys(findTestObject("ADMIN/Edit Text/Bespoke/Seller Pages/Onboarding_Settings/textarea_Define the full address where the buyer can pick up from (You must have at least a delivery option or a pick-up location selected)"), "*"): Keys '*' sent to object: 'Object Repository/ADMIN/Edit Text/Bespoke/Seller Pages/Onboarding_Settings/textarea_Define the full address where the buyer can pick up from (You must have at least a delivery option or a pick-up location selected)'

2020-03-20 14:48:34 - [MESSAGE][PASSED] - Keys '*' sent to object: 'Object Repository/ADMIN/Edit Text/Bespoke/Seller Pages/Onboarding_Settings/textarea_Define the full address where the buyer can pick up from (You must have at least a delivery option or a pick-up location selected)'

2020-03-20 14:48:34 - [TEST_STEP][PASSED] - sendKeys(findTestObject("ADMIN/Edit Text/Bespoke/Seller Pages/Onboarding_Settings/input_Offer reduced shipping costs to buyers when they buy more than one item from you_delivery-txt2"), "*"): Keys '*' sent to object: 'Object Repository/ADMIN/Edit Text/Bespoke/Seller Pages/Onboarding_Settings/input_Offer reduced shipping costs to buyers when they buy more than one item from you_delivery-txt2'

2020-03-20 14:48:34 - [MESSAGE][PASSED] - Keys '*' sent to object: 'Object Repository/ADMIN/Edit Text/Bespoke/Seller Pages/Onboarding_Settings/input_Offer reduced shipping costs to buyers when they buy more than one item from you_delivery-txt2'

2020-03-20 14:48:34 - [TEST_STEP][PASSED] - sendKeys(findTestObject("ADMIN/Edit Text/Bespoke/Seller Pages/Onboarding_Settings/input_total delivery"), "*"): Keys '*' sent to object: 'Object Repository/ADMIN/Edit Text/Bespoke/Seller Pages/Onboarding_Settings/input_total delivery'

2020-03-20 14:48:35 - [MESSAGE][PASSED] - Keys '*' sent to object: 'Object Repository/ADMIN/Edit Text/Bespoke/Seller Pages/Onboarding_Settings/input_total delivery'

2020-03-20 14:48:35 - [TEST_STEP][PASSED] - sendKeys(findTestObject("ADMIN/Edit Text/Bespoke/Seller Pages/Onboarding_Settings/input_add1"), "*"): Keys '*' sent to object: 'Object Repository/ADMIN/Edit Text/Bespoke/Seller Pages/Onboarding_Settings/input_add1'

2020-03-20 14:48:35 - [MESSAGE][PASSED] - Keys '*' sent to object: 'Object Repository/ADMIN/Edit Text/Bespoke/Seller Pages/Onboarding_Settings/input_add1'

2020-03-20 14:48:35 - [TEST_STEP][PASSED] - sendKeys(findTestObject("ADMIN/Edit Text/Bespoke/Seller Pages/Onboarding_Settings/input_PICK-UP LOCATION ADDRESS_pick-up-address"), "*"): Keys '*' sent to object: 'Object Repository/ADMIN/Edit Text/Bespoke/Seller Pages/Onboarding_Settings/input_PICK-UP LOCATION ADDRESS_pick-up-address'

2020-03-20 14:48:35 - [MESSAGE][PASSED] - Keys '*' sent to object: 'Object Repository/ADMIN/Edit Text/Bespoke/Seller Pages/Onboarding_Settings/input_PICK-UP LOCATION ADDRESS_pick-up-address'

2020-03-20 14:48:35 - [TEST_STEP][PASSED] - sendKeys(findTestObject("ADMIN/Edit Text/Bespoke/Seller Pages/Onboarding_Settings/input_SAVE_btn_save"), "*"): Keys '*' sent to object: 'Object Repository/ADMIN/Edit Text/Bespoke/Seller Pages/Onboarding_Settings/input_SAVE_btn_save'

2020-03-20 14:48:35 - [MESSAGE][PASSED] - Keys '*' sent to object: 'Object Repository/ADMIN/Edit Text/Bespoke/Seller Pages/Onboarding_Settings/input_SAVE_btn_save'

2020-03-20 14:48:35 - [TEST_STEP][PASSED] - sendKeys(findTestObject("ADMIN/Edit Text/Bespoke/Seller Pages/Onboarding_Settings/input_Are you sure want to delete_popup-title"), "*"): Keys '*' sent to object: 'Object Repository/ADMIN/Edit Text/Bespoke/Seller Pages/Onboarding_Settings/input_Are you sure want to delete_popup-title'

2020-03-20 14:48:35 - [MESSAGE][PASSED] - Keys '*' sent to object: 'Object Repository/ADMIN/Edit Text/Bespoke/Seller Pages/Onboarding_Settings/input_Are you sure want to delete_popup-title'

2020-03-20 14:48:35 - [TEST_STEP][PASSED] - sendKeys(findTestObject("ADMIN/Edit Text/Bespoke/Seller Pages/Onboarding_Settings/input_CANCEL_btn_cancel"), "*"): Keys '*' sent to object: 'Object Repository/ADMIN/Edit Text/Bespoke/Seller Pages/Onboarding_Settings/input_CANCEL_btn_cancel'

2020-03-20 14:48:36 - [MESSAGE][PASSED] - Keys '*' sent to object: 'Object Repository/ADMIN/Edit Text/Bespoke/Seller Pages/Onboarding_Settings/input_CANCEL_btn_cancel'

2020-03-20 14:48:36 - [TEST_STEP][PASSED] - sendKeys(findTestObject("ADMIN/Edit Text/Bespoke/Seller Pages/Onboarding_Settings/input_Okay_btn_okay"), "*"): Keys '*' sent to object: 'Object Repository/ADMIN/Edit Text/Bespoke/Seller Pages/Onboarding_Settings/input_Okay_btn_okay'

2020-03-20 14:48:36 - [MESSAGE][PASSED] - Keys '*' sent to object: 'Object Repository/ADMIN/Edit Text/Bespoke/Seller Pages/Onboarding_Settings/input_Okay_btn_okay'

2020-03-20 14:48:36 - [TEST_STEP][PASSED] - sendKeys(findTestObject("ADMIN/Edit Text/Bespoke/Seller Pages/Onboarding_Settings/input_REMOVE ITEM_popup-title"), "*"): Keys '*' sent to object: 'Object Repository/ADMIN/Edit Text/Bespoke/Seller Pages/Onboarding_Settings/input_REMOVE ITEM_popup-title'

2020-03-20 14:48:36 - [MESSAGE][PASSED] - Keys '*' sent to object: 'Object Repository/ADMIN/Edit Text/Bespoke/Seller Pages/Onboarding_Settings/input_REMOVE ITEM_popup-title'

2020-03-20 14:48:36 - [TEST_STEP][PASSED] - sendKeys(findTestObject("ADMIN/Edit Text/Bespoke/Seller Pages/Onboarding_Settings/input_concat(Are you sure about removing this item from your list (It  ll be gone forever))_popup-title"), "*"): Keys '*' sent to object: 'Object Repository/ADMIN/Edit Text/Bespoke/Seller Pages/Onboarding_Settings/input_concat(Are you sure about removing this item from your list (It  ll be gone forever))_popup-title'

2020-03-20 14:48:36 - [MESSAGE][PASSED] - Keys '*' sent to object: 'Object Repository/ADMIN/Edit Text/Bespoke/Seller Pages/Onboarding_Settings/input_concat(Are you sure about removing this item from your list (It  ll be gone forever))_popup-title'

2020-03-20 14:48:36 - [TEST_STEP][PASSED] - sendKeys(findTestObject("ADMIN/Edit Text/Bespoke/Seller Pages/Onboarding_Settings/input_CANCEL_btn_cancel2"), "*"): Keys '*' sent to object: 'Object Repository/ADMIN/Edit Text/Bespoke/Seller Pages/Onboarding_Settings/input_CANCEL_btn_cancel2'

2020-03-20 14:48:36 - [MESSAGE][PASSED] - Keys '*' sent to object: 'Object Repository/ADMIN/Edit Text/Bespoke/Seller Pages/Onboarding_Settings/input_CANCEL_btn_cancel2'

2020-03-20 14:48:36 - [TEST_STEP][PASSED] - sendKeys(findTestObject("ADMIN/Edit Text/Bespoke/Seller Pages/Onboarding_Settings/input_Okay_btn_okay2"), "*"): Keys '*' sent to object: 'Object Repository/ADMIN/Edit Text/Bespoke/Seller Pages/Onboarding_Settings/input_Okay_btn_okay2'

2020-03-20 14:48:37 - [MESSAGE][PASSED] - Keys '*' sent to object: 'Object Repository/ADMIN/Edit Text/Bespoke/Seller Pages/Onboarding_Settings/input_Okay_btn_okay2'

2020-03-20 14:48:37 - [TEST_STEP][PASSED] - click(findTestObject("ADMIN/Edit Text/Bespoke/Buyer Pages/Homepage/button_save"), CONTINUE_ON_FAILURE): Object: 'Object Repository/ADMIN/Edit Text/Bespoke/Buyer Pages/Homepage/button_save' is clicked on

2020-03-20 14:48:37 - [MESSAGE][PASSED] - Object: 'Object Repository/ADMIN/Edit Text/Bespoke/Buyer Pages/Homepage/button_save' is clicked on

2020-03-20 14:48:37 - [TEST_STEP][PASSED] - waitForElementVisible(findTestObject("ADMIN/Edit Text/Bespoke/Buyer Pages/Homepage/toaster_success"), 0): Object 'Object Repository/ADMIN/Edit Text/Bespoke/Buyer Pages/Homepage/toaster_success' is visible

2020-03-20 14:48:37 - [MESSAGE][WARNING] - Timeout '0' is invalid. Using default page load timeout: '30'

2020-03-20 14:48:38 - [MESSAGE][PASSED] - Object 'Object Repository/ADMIN/Edit Text/Bespoke/Buyer Pages/Homepage/toaster_success' is visible]]></system-out>
         <system-err><![CDATA[]]></system-err>
      </testcase>
      <testcase name="Test Cases/ADMIN/Language/Edit Text/Bespoke/Seller/Onboarding_Settings" time="15.35" classname="Test Cases/ADMIN/Language/Edit Text/Bespoke/Seller/Onboarding_Settings" status="PASSED">
         <system-out><![CDATA[2020-03-20 14:48:38 - [TEST_CASE][PASSED] - Test Cases/ADMIN/Language/Edit Text/Bespoke/Seller/Onboarding_Settings: Test Cases/ADMIN/Language/Edit Text/Bespoke/Seller/Onboarding_Settings

2020-03-20 14:48:38 - [TEST_STEP][PASSED] - waitForElementVisible(findTestObject("ADMIN/Edit Text/Bespoke/Buyer Navigation/dd_language"), 0): Object 'Object Repository/ADMIN/Edit Text/Bespoke/Buyer Navigation/dd_language' is visible

2020-03-20 14:48:38 - [MESSAGE][WARNING] - Timeout '0' is invalid. Using default page load timeout: '30'

2020-03-20 14:48:38 - [MESSAGE][PASSED] - Object 'Object Repository/ADMIN/Edit Text/Bespoke/Buyer Navigation/dd_language' is visible

2020-03-20 14:48:38 - [TEST_STEP][PASSED] - selectOptionByLabel(findTestObject("ADMIN/Edit Text/Bespoke/Buyer Navigation/dd_language"), varLanguage, false): All options with label 'English' are selected in object 'Object Repository/ADMIN/Edit Text/Bespoke/Buyer Navigation/dd_language' 

2020-03-20 14:48:39 - [MESSAGE][PASSED] - All options with label 'English' are selected in object 'Object Repository/ADMIN/Edit Text/Bespoke/Buyer Navigation/dd_language' 

2020-03-20 14:48:39 - [TEST_STEP][PASSED] - sendKeys(findTestObject("ADMIN/Edit Text/Bespoke/Seller Pages/Onboarding_Settings/input_USER SETTINGS_marketplace-name"), "*"): Keys '*' sent to object: 'Object Repository/ADMIN/Edit Text/Bespoke/Seller Pages/Onboarding_Settings/input_USER SETTINGS_marketplace-name'

2020-03-20 14:48:40 - [MESSAGE][PASSED] - Keys '*' sent to object: 'Object Repository/ADMIN/Edit Text/Bespoke/Seller Pages/Onboarding_Settings/input_USER SETTINGS_marketplace-name'

2020-03-20 14:48:40 - [TEST_STEP][PASSED] - sendKeys(findTestObject("ADMIN/Edit Text/Bespoke/Seller Pages/Onboarding_Settings/input_Configure your profile your delivery methods and how you receive payments_item_details"), "*"): Keys '*' sent to object: 'Object Repository/ADMIN/Edit Text/Bespoke/Seller Pages/Onboarding_Settings/input_Configure your profile your delivery methods and how you receive payments_item_details'

2020-03-20 14:48:40 - [MESSAGE][PASSED] - Keys '*' sent to object: 'Object Repository/ADMIN/Edit Text/Bespoke/Seller Pages/Onboarding_Settings/input_Configure your profile your delivery methods and how you receive payments_item_details'

2020-03-20 14:48:40 - [TEST_STEP][PASSED] - sendKeys(findTestObject("ADMIN/Edit Text/Bespoke/Seller Pages/Onboarding_Settings/input_PROFILE_tab-title"), "*"): Keys '*' sent to object: 'Object Repository/ADMIN/Edit Text/Bespoke/Seller Pages/Onboarding_Settings/input_PROFILE_tab-title'

2020-03-20 14:48:40 - [MESSAGE][PASSED] - Keys '*' sent to object: 'Object Repository/ADMIN/Edit Text/Bespoke/Seller Pages/Onboarding_Settings/input_PROFILE_tab-title'

2020-03-20 14:48:40 - [TEST_STEP][PASSED] - sendKeys(findTestObject("ADMIN/Edit Text/Bespoke/Seller Pages/Onboarding_Settings/input_CHANGE_btn_upload"), "*"): Keys '*' sent to object: 'Object Repository/ADMIN/Edit Text/Bespoke/Seller Pages/Onboarding_Settings/input_CHANGE_btn_upload'

2020-03-20 14:48:40 - [MESSAGE][PASSED] - Keys '*' sent to object: 'Object Repository/ADMIN/Edit Text/Bespoke/Seller Pages/Onboarding_Settings/input_CHANGE_btn_upload'

2020-03-20 14:48:40 - [TEST_STEP][PASSED] - sendKeys(findTestObject("ADMIN/Edit Text/Bespoke/Seller Pages/Onboarding_Settings/input_DISPLAY NAME_display-name"), "*"): Keys '*' sent to object: 'Object Repository/ADMIN/Edit Text/Bespoke/Seller Pages/Onboarding_Settings/input_DISPLAY NAME_display-name'

2020-03-20 14:48:41 - [MESSAGE][PASSED] - Keys '*' sent to object: 'Object Repository/ADMIN/Edit Text/Bespoke/Seller Pages/Onboarding_Settings/input_DISPLAY NAME_display-name'

2020-03-20 14:48:41 - [TEST_STEP][PASSED] - sendKeys(findTestObject("ADMIN/Edit Text/Bespoke/Seller Pages/Onboarding_Settings/input_DESCRIPTION_description"), "*"): Keys '*' sent to object: 'Object Repository/ADMIN/Edit Text/Bespoke/Seller Pages/Onboarding_Settings/input_DESCRIPTION_description'

2020-03-20 14:48:41 - [MESSAGE][PASSED] - Keys '*' sent to object: 'Object Repository/ADMIN/Edit Text/Bespoke/Seller Pages/Onboarding_Settings/input_DESCRIPTION_description'

2020-03-20 14:48:41 - [TEST_STEP][PASSED] - sendKeys(findTestObject("ADMIN/Edit Text/Bespoke/Seller Pages/Onboarding_Settings/input_FIRST NAME_first-name"), "*"): Keys '*' sent to object: 'Object Repository/ADMIN/Edit Text/Bespoke/Seller Pages/Onboarding_Settings/input_FIRST NAME_first-name'

2020-03-20 14:48:41 - [MESSAGE][PASSED] - Keys '*' sent to object: 'Object Repository/ADMIN/Edit Text/Bespoke/Seller Pages/Onboarding_Settings/input_FIRST NAME_first-name'

2020-03-20 14:48:41 - [TEST_STEP][PASSED] - sendKeys(findTestObject("ADMIN/Edit Text/Bespoke/Seller Pages/Onboarding_Settings/input_LAST NAME_last-name"), "*"): Keys '*' sent to object: 'Object Repository/ADMIN/Edit Text/Bespoke/Seller Pages/Onboarding_Settings/input_LAST NAME_last-name'

2020-03-20 14:48:41 - [MESSAGE][PASSED] - Keys '*' sent to object: 'Object Repository/ADMIN/Edit Text/Bespoke/Seller Pages/Onboarding_Settings/input_LAST NAME_last-name'

2020-03-20 14:48:41 - [TEST_STEP][PASSED] - sendKeys(findTestObject("ADMIN/Edit Text/Bespoke/Seller Pages/Onboarding_Settings/input_NOTIFICATION EMAIL_notification-email"), "*"): Keys '*' sent to object: 'Object Repository/ADMIN/Edit Text/Bespoke/Seller Pages/Onboarding_Settings/input_NOTIFICATION EMAIL_notification-email'

2020-03-20 14:48:41 - [MESSAGE][PASSED] - Keys '*' sent to object: 'Object Repository/ADMIN/Edit Text/Bespoke/Seller Pages/Onboarding_Settings/input_NOTIFICATION EMAIL_notification-email'

2020-03-20 14:48:41 - [TEST_STEP][PASSED] - sendKeys(findTestObject("ADMIN/Edit Text/Bespoke/Seller Pages/Onboarding_Settings/input_CONTACT NUMBER_contact-number"), "*"): Keys '*' sent to object: 'Object Repository/ADMIN/Edit Text/Bespoke/Seller Pages/Onboarding_Settings/input_CONTACT NUMBER_contact-number'

2020-03-20 14:48:42 - [MESSAGE][PASSED] - Keys '*' sent to object: 'Object Repository/ADMIN/Edit Text/Bespoke/Seller Pages/Onboarding_Settings/input_CONTACT NUMBER_contact-number'

2020-03-20 14:48:42 - [TEST_STEP][PASSED] - sendKeys(findTestObject("ADMIN/Edit Text/Bespoke/Seller Pages/Onboarding_Settings/input_OPENID LOGIN_open-id-login"), "*"): Keys '*' sent to object: 'Object Repository/ADMIN/Edit Text/Bespoke/Seller Pages/Onboarding_Settings/input_OPENID LOGIN_open-id-login'

2020-03-20 14:48:42 - [MESSAGE][PASSED] - Keys '*' sent to object: 'Object Repository/ADMIN/Edit Text/Bespoke/Seller Pages/Onboarding_Settings/input_OPENID LOGIN_open-id-login'

2020-03-20 14:48:42 - [TEST_STEP][PASSED] - sendKeys(findTestObject("ADMIN/Edit Text/Bespoke/Seller Pages/Onboarding_Settings/input_SELLER LOCATION_seller_location"), "*"): Keys '*' sent to object: 'Object Repository/ADMIN/Edit Text/Bespoke/Seller Pages/Onboarding_Settings/input_SELLER LOCATION_seller_location'

2020-03-20 14:48:42 - [MESSAGE][PASSED] - Keys '*' sent to object: 'Object Repository/ADMIN/Edit Text/Bespoke/Seller Pages/Onboarding_Settings/input_SELLER LOCATION_seller_location'

2020-03-20 14:48:42 - [TEST_STEP][PASSED] - sendKeys(findTestObject("ADMIN/Edit Text/Bespoke/Seller Pages/Onboarding_Settings/textarea_For each transaction that is made through the marketplace there will be a seller transaction fee of"), "*"): Keys '*' sent to object: 'Object Repository/ADMIN/Edit Text/Bespoke/Seller Pages/Onboarding_Settings/textarea_For each transaction that is made through the marketplace there will be a seller transaction fee of'

2020-03-20 14:48:42 - [MESSAGE][PASSED] - Keys '*' sent to object: 'Object Repository/ADMIN/Edit Text/Bespoke/Seller Pages/Onboarding_Settings/textarea_For each transaction that is made through the marketplace there will be a seller transaction fee of'

2020-03-20 14:48:42 - [TEST_STEP][PASSED] - sendKeys(findTestObject("ADMIN/Edit Text/Bespoke/Seller Pages/Onboarding_Settings/input_NEXT_btn_next"), "*"): Keys '*' sent to object: 'Object Repository/ADMIN/Edit Text/Bespoke/Seller Pages/Onboarding_Settings/input_NEXT_btn_next'

2020-03-20 14:48:42 - [MESSAGE][PASSED] - Keys '*' sent to object: 'Object Repository/ADMIN/Edit Text/Bespoke/Seller Pages/Onboarding_Settings/input_NEXT_btn_next'

2020-03-20 14:48:42 - [TEST_STEP][PASSED] - sendKeys(findTestObject("ADMIN/Edit Text/Bespoke/Seller Pages/Onboarding_Settings/input_ADDRESS_tab-title"), "*"): Keys '*' sent to object: 'Object Repository/ADMIN/Edit Text/Bespoke/Seller Pages/Onboarding_Settings/input_ADDRESS_tab-title'

2020-03-20 14:48:43 - [MESSAGE][PASSED] - Keys '*' sent to object: 'Object Repository/ADMIN/Edit Text/Bespoke/Seller Pages/Onboarding_Settings/input_ADDRESS_tab-title'

2020-03-20 14:48:43 - [TEST_STEP][PASSED] - sendKeys(findTestObject("ADMIN/Edit Text/Bespoke/Seller Pages/Onboarding_Settings/input_NEW DELIVERY ADDRESS_new-delivery-address"), "*"): Keys '*' sent to object: 'Object Repository/ADMIN/Edit Text/Bespoke/Seller Pages/Onboarding_Settings/input_NEW DELIVERY ADDRESS_new-delivery-address'

2020-03-20 14:48:43 - [MESSAGE][PASSED] - Keys '*' sent to object: 'Object Repository/ADMIN/Edit Text/Bespoke/Seller Pages/Onboarding_Settings/input_NEW DELIVERY ADDRESS_new-delivery-address'

2020-03-20 14:48:43 - [TEST_STEP][PASSED] - sendKeys(findTestObject("ADMIN/Edit Text/Bespoke/Seller Pages/Onboarding_Settings/input_ADDRESSEE FIRST NAME_addressee-first-name"), "*"): Keys '*' sent to object: 'Object Repository/ADMIN/Edit Text/Bespoke/Seller Pages/Onboarding_Settings/input_ADDRESSEE FIRST NAME_addressee-first-name'

2020-03-20 14:48:43 - [MESSAGE][PASSED] - Keys '*' sent to object: 'Object Repository/ADMIN/Edit Text/Bespoke/Seller Pages/Onboarding_Settings/input_ADDRESSEE FIRST NAME_addressee-first-name'

2020-03-20 14:48:43 - [TEST_STEP][PASSED] - sendKeys(findTestObject("ADMIN/Edit Text/Bespoke/Seller Pages/Onboarding_Settings/input_ADDRESSEE LAST NAME_addressee-last-name"), "*"): Keys '*' sent to object: 'Object Repository/ADMIN/Edit Text/Bespoke/Seller Pages/Onboarding_Settings/input_ADDRESSEE LAST NAME_addressee-last-name'

2020-03-20 14:48:43 - [MESSAGE][PASSED] - Keys '*' sent to object: 'Object Repository/ADMIN/Edit Text/Bespoke/Seller Pages/Onboarding_Settings/input_ADDRESSEE LAST NAME_addressee-last-name'

2020-03-20 14:48:43 - [TEST_STEP][PASSED] - sendKeys(findTestObject("ADMIN/Edit Text/Bespoke/Seller Pages/Onboarding_Settings/input_ADDRESS_address"), "*"): Keys '*' sent to object: 'Object Repository/ADMIN/Edit Text/Bespoke/Seller Pages/Onboarding_Settings/input_ADDRESS_address'

2020-03-20 14:48:44 - [MESSAGE][PASSED] - Keys '*' sent to object: 'Object Repository/ADMIN/Edit Text/Bespoke/Seller Pages/Onboarding_Settings/input_ADDRESS_address'

2020-03-20 14:48:44 - [TEST_STEP][PASSED] - sendKeys(findTestObject("ADMIN/Edit Text/Bespoke/Seller Pages/Onboarding_Settings/input_SELECT COUNTRY_select-country"), "*"): Keys '*' sent to object: 'Object Repository/ADMIN/Edit Text/Bespoke/Seller Pages/Onboarding_Settings/input_SELECT COUNTRY_select-country'

2020-03-20 14:48:44 - [MESSAGE][PASSED] - Keys '*' sent to object: 'Object Repository/ADMIN/Edit Text/Bespoke/Seller Pages/Onboarding_Settings/input_SELECT COUNTRY_select-country'

2020-03-20 14:48:44 - [TEST_STEP][PASSED] - sendKeys(findTestObject("ADMIN/Edit Text/Bespoke/Seller Pages/Onboarding_Settings/input_COUNTRY_address-country"), "*"): Keys '*' sent to object: 'Object Repository/ADMIN/Edit Text/Bespoke/Seller Pages/Onboarding_Settings/input_COUNTRY_address-country'

2020-03-20 14:48:44 - [MESSAGE][PASSED] - Keys '*' sent to object: 'Object Repository/ADMIN/Edit Text/Bespoke/Seller Pages/Onboarding_Settings/input_COUNTRY_address-country'

2020-03-20 14:48:44 - [TEST_STEP][PASSED] - sendKeys(findTestObject("ADMIN/Edit Text/Bespoke/Seller Pages/Onboarding_Settings/input_STATE_address-state"), "*"): Keys '*' sent to object: 'Object Repository/ADMIN/Edit Text/Bespoke/Seller Pages/Onboarding_Settings/input_STATE_address-state'

2020-03-20 14:48:44 - [MESSAGE][PASSED] - Keys '*' sent to object: 'Object Repository/ADMIN/Edit Text/Bespoke/Seller Pages/Onboarding_Settings/input_STATE_address-state'

2020-03-20 14:48:44 - [TEST_STEP][PASSED] - sendKeys(findTestObject("ADMIN/Edit Text/Bespoke/Seller Pages/Onboarding_Settings/input_CITY_address-city"), "*"): Keys '*' sent to object: 'Object Repository/ADMIN/Edit Text/Bespoke/Seller Pages/Onboarding_Settings/input_CITY_address-city'

2020-03-20 14:48:44 - [MESSAGE][PASSED] - Keys '*' sent to object: 'Object Repository/ADMIN/Edit Text/Bespoke/Seller Pages/Onboarding_Settings/input_CITY_address-city'

2020-03-20 14:48:44 - [TEST_STEP][PASSED] - sendKeys(findTestObject("ADMIN/Edit Text/Bespoke/Seller Pages/Onboarding_Settings/input_POSTAL CODE_address-postalcode"), "*"): Keys '*' sent to object: 'Object Repository/ADMIN/Edit Text/Bespoke/Seller Pages/Onboarding_Settings/input_POSTAL CODE_address-postalcode'

2020-03-20 14:48:45 - [MESSAGE][PASSED] - Keys '*' sent to object: 'Object Repository/ADMIN/Edit Text/Bespoke/Seller Pages/Onboarding_Settings/input_POSTAL CODE_address-postalcode'

2020-03-20 14:48:45 - [TEST_STEP][PASSED] - sendKeys(findTestObject("ADMIN/Edit Text/Bespoke/Seller Pages/Onboarding_Settings/input_ADD ADDRESS_btn_add"), "*"): Keys '*' sent to object: 'Object Repository/ADMIN/Edit Text/Bespoke/Seller Pages/Onboarding_Settings/input_ADD ADDRESS_btn_add'

2020-03-20 14:48:45 - [MESSAGE][PASSED] - Keys '*' sent to object: 'Object Repository/ADMIN/Edit Text/Bespoke/Seller Pages/Onboarding_Settings/input_ADD ADDRESS_btn_add'

2020-03-20 14:48:45 - [TEST_STEP][PASSED] - sendKeys(findTestObject("ADMIN/Edit Text/Bespoke/Seller Pages/Onboarding_Settings/input_SAVED ADDRESSES_address-saved"), "*"): Keys '*' sent to object: 'Object Repository/ADMIN/Edit Text/Bespoke/Seller Pages/Onboarding_Settings/input_SAVED ADDRESSES_address-saved'

2020-03-20 14:48:45 - [MESSAGE][PASSED] - Keys '*' sent to object: 'Object Repository/ADMIN/Edit Text/Bespoke/Seller Pages/Onboarding_Settings/input_SAVED ADDRESSES_address-saved'

2020-03-20 14:48:45 - [TEST_STEP][PASSED] - sendKeys(findTestObject("ADMIN/Edit Text/Bespoke/Seller Pages/Onboarding_Settings/input_Next_btn_next (1)"), "*"): Keys '*' sent to object: 'Object Repository/ADMIN/Edit Text/Bespoke/Seller Pages/Onboarding_Settings/input_Next_btn_next (1)'

2020-03-20 14:48:45 - [MESSAGE][PASSED] - Keys '*' sent to object: 'Object Repository/ADMIN/Edit Text/Bespoke/Seller Pages/Onboarding_Settings/input_Next_btn_next (1)'

2020-03-20 14:48:45 - [TEST_STEP][PASSED] - sendKeys(findTestObject("ADMIN/Edit Text/Bespoke/Seller Pages/Onboarding_Settings/input_PAYMENT ACCEPTANCE_tan-title"), "*"): Keys '*' sent to object: 'Object Repository/ADMIN/Edit Text/Bespoke/Seller Pages/Onboarding_Settings/input_PAYMENT ACCEPTANCE_tan-title'

2020-03-20 14:48:45 - [MESSAGE][PASSED] - Keys '*' sent to object: 'Object Repository/ADMIN/Edit Text/Bespoke/Seller Pages/Onboarding_Settings/input_PAYMENT ACCEPTANCE_tan-title'

2020-03-20 14:48:45 - [TEST_STEP][PASSED] - sendKeys(findTestObject("ADMIN/Edit Text/Bespoke/Seller Pages/Onboarding_Settings/input_PAYMENT METHOD_payment_method"), "*"): Keys '*' sent to object: 'Object Repository/ADMIN/Edit Text/Bespoke/Seller Pages/Onboarding_Settings/input_PAYMENT METHOD_payment_method'

2020-03-20 14:48:46 - [MESSAGE][PASSED] - Keys '*' sent to object: 'Object Repository/ADMIN/Edit Text/Bespoke/Seller Pages/Onboarding_Settings/input_PAYMENT METHOD_payment_method'

2020-03-20 14:48:46 - [TEST_STEP][PASSED] - sendKeys(findTestObject("ADMIN/Edit Text/Bespoke/Seller Pages/Onboarding_Settings/input_Select your preferred payment method_select_payment_method"), "*"): Keys '*' sent to object: 'Object Repository/ADMIN/Edit Text/Bespoke/Seller Pages/Onboarding_Settings/input_Select your preferred payment method_select_payment_method'

2020-03-20 14:48:46 - [MESSAGE][PASSED] - Keys '*' sent to object: 'Object Repository/ADMIN/Edit Text/Bespoke/Seller Pages/Onboarding_Settings/input_Select your preferred payment method_select_payment_method'

2020-03-20 14:48:46 - [TEST_STEP][PASSED] - sendKeys(findTestObject("ADMIN/Edit Text/Bespoke/Seller Pages/Onboarding_Settings/input_LINK ACCOUNT_btn_link_account"), "*"): Keys '*' sent to object: 'Object Repository/ADMIN/Edit Text/Bespoke/Seller Pages/Onboarding_Settings/input_LINK ACCOUNT_btn_link_account'

2020-03-20 14:48:46 - [MESSAGE][PASSED] - Keys '*' sent to object: 'Object Repository/ADMIN/Edit Text/Bespoke/Seller Pages/Onboarding_Settings/input_LINK ACCOUNT_btn_link_account'

2020-03-20 14:48:46 - [TEST_STEP][PASSED] - sendKeys(findTestObject("ADMIN/Edit Text/Bespoke/Seller Pages/Onboarding_Settings/input_VERIFIED_verified"), "*"): Keys '*' sent to object: 'Object Repository/ADMIN/Edit Text/Bespoke/Seller Pages/Onboarding_Settings/input_VERIFIED_verified'

2020-03-20 14:48:46 - [MESSAGE][PASSED] - Keys '*' sent to object: 'Object Repository/ADMIN/Edit Text/Bespoke/Seller Pages/Onboarding_Settings/input_VERIFIED_verified'

2020-03-20 14:48:46 - [TEST_STEP][PASSED] - sendKeys(findTestObject("ADMIN/Edit Text/Bespoke/Seller Pages/Onboarding_Settings/input_This payment method is compulsory_this_method_compulsory"), "*"): Keys '*' sent to object: 'Object Repository/ADMIN/Edit Text/Bespoke/Seller Pages/Onboarding_Settings/input_This payment method is compulsory_this_method_compulsory'

2020-03-20 14:48:47 - [MESSAGE][PASSED] - Keys '*' sent to object: 'Object Repository/ADMIN/Edit Text/Bespoke/Seller Pages/Onboarding_Settings/input_This payment method is compulsory_this_method_compulsory'

2020-03-20 14:48:47 - [TEST_STEP][PASSED] - sendKeys(findTestObject("ADMIN/Edit Text/Bespoke/Seller Pages/Onboarding_Settings/input_No account linked yet_no-account-linked"), "*"): Keys '*' sent to object: 'Object Repository/ADMIN/Edit Text/Bespoke/Seller Pages/Onboarding_Settings/input_No account linked yet_no-account-linked'

2020-03-20 14:48:47 - [MESSAGE][PASSED] - Keys '*' sent to object: 'Object Repository/ADMIN/Edit Text/Bespoke/Seller Pages/Onboarding_Settings/input_No account linked yet_no-account-linked'

2020-03-20 14:48:47 - [TEST_STEP][PASSED] - sendKeys(findTestObject("ADMIN/Edit Text/Bespoke/Seller Pages/Onboarding_Settings/input_next3"), "*"): Keys '*' sent to object: 'Object Repository/ADMIN/Edit Text/Bespoke/Seller Pages/Onboarding_Settings/input_next3'

2020-03-20 14:48:47 - [MESSAGE][PASSED] - Keys '*' sent to object: 'Object Repository/ADMIN/Edit Text/Bespoke/Seller Pages/Onboarding_Settings/input_next3'

2020-03-20 14:48:47 - [TEST_STEP][PASSED] - sendKeys(findTestObject("ADMIN/Edit Text/Bespoke/Seller Pages/Onboarding_Settings/input_DELIVERY METHODS_tab-title1"), "*"): Keys '*' sent to object: 'Object Repository/ADMIN/Edit Text/Bespoke/Seller Pages/Onboarding_Settings/input_DELIVERY METHODS_tab-title1'

2020-03-20 14:48:47 - [MESSAGE][PASSED] - Keys '*' sent to object: 'Object Repository/ADMIN/Edit Text/Bespoke/Seller Pages/Onboarding_Settings/input_DELIVERY METHODS_tab-title1'

2020-03-20 14:48:47 - [TEST_STEP][PASSED] - sendKeys(findTestObject("ADMIN/Edit Text/Bespoke/Seller Pages/Onboarding_Settings/input_DELIVERY OPTIONS_delivery-option"), "*"): Keys '*' sent to object: 'Object Repository/ADMIN/Edit Text/Bespoke/Seller Pages/Onboarding_Settings/input_DELIVERY OPTIONS_delivery-option'

2020-03-20 14:48:48 - [MESSAGE][PASSED] - Keys '*' sent to object: 'Object Repository/ADMIN/Edit Text/Bespoke/Seller Pages/Onboarding_Settings/input_DELIVERY OPTIONS_delivery-option'

2020-03-20 14:48:48 - [TEST_STEP][PASSED] - sendKeys(findTestObject("ADMIN/Edit Text/Bespoke/Seller Pages/Onboarding_Settings/input_DELIVERY OPTIONS_delivery-txt2"), "*"): Keys '*' sent to object: 'Object Repository/ADMIN/Edit Text/Bespoke/Seller Pages/Onboarding_Settings/input_DELIVERY OPTIONS_delivery-txt2'

2020-03-20 14:48:48 - [MESSAGE][PASSED] - Keys '*' sent to object: 'Object Repository/ADMIN/Edit Text/Bespoke/Seller Pages/Onboarding_Settings/input_DELIVERY OPTIONS_delivery-txt2'

2020-03-20 14:48:48 - [TEST_STEP][PASSED] - sendKeys(findTestObject("ADMIN/Edit Text/Bespoke/Seller Pages/Onboarding_Settings/input_DELIVERY SERVICE_delivery-service"), "*"): Keys '*' sent to object: 'Object Repository/ADMIN/Edit Text/Bespoke/Seller Pages/Onboarding_Settings/input_DELIVERY SERVICE_delivery-service'

2020-03-20 14:48:48 - [MESSAGE][PASSED] - Keys '*' sent to object: 'Object Repository/ADMIN/Edit Text/Bespoke/Seller Pages/Onboarding_Settings/input_DELIVERY SERVICE_delivery-service'

2020-03-20 14:48:48 - [TEST_STEP][PASSED] - sendKeys(findTestObject("ADMIN/Edit Text/Bespoke/Seller Pages/Onboarding_Settings/input_SINGLE ITEM DELIVERY (A)_single-item-delivery"), "*"): Keys '*' sent to object: 'Object Repository/ADMIN/Edit Text/Bespoke/Seller Pages/Onboarding_Settings/input_SINGLE ITEM DELIVERY (A)_single-item-delivery'

2020-03-20 14:48:49 - [MESSAGE][PASSED] - Keys '*' sent to object: 'Object Repository/ADMIN/Edit Text/Bespoke/Seller Pages/Onboarding_Settings/input_SINGLE ITEM DELIVERY (A)_single-item-delivery'

2020-03-20 14:48:49 - [TEST_STEP][PASSED] - sendKeys(findTestObject("ADMIN/Edit Text/Bespoke/Seller Pages/Onboarding_Settings/input_WITH OTHER ITEM (B)_with-other-item"), "*"): Keys '*' sent to object: 'Object Repository/ADMIN/Edit Text/Bespoke/Seller Pages/Onboarding_Settings/input_WITH OTHER ITEM (B)_with-other-item'

2020-03-20 14:48:49 - [MESSAGE][PASSED] - Keys '*' sent to object: 'Object Repository/ADMIN/Edit Text/Bespoke/Seller Pages/Onboarding_Settings/input_WITH OTHER ITEM (B)_with-other-item'

2020-03-20 14:48:49 - [TEST_STEP][PASSED] - sendKeys(findTestObject("ADMIN/Edit Text/Bespoke/Seller Pages/Onboarding_Settings/input_ADD_btn_add"), "*"): Keys '*' sent to object: 'Object Repository/ADMIN/Edit Text/Bespoke/Seller Pages/Onboarding_Settings/input_ADD_btn_add'

2020-03-20 14:48:49 - [MESSAGE][PASSED] - Keys '*' sent to object: 'Object Repository/ADMIN/Edit Text/Bespoke/Seller Pages/Onboarding_Settings/input_ADD_btn_add'

2020-03-20 14:48:49 - [TEST_STEP][PASSED] - sendKeys(findTestObject("ADMIN/Edit Text/Bespoke/Seller Pages/Onboarding_Settings/input_PICK-UP LOCATIONS_pick-up-option"), "*"): Keys '*' sent to object: 'Object Repository/ADMIN/Edit Text/Bespoke/Seller Pages/Onboarding_Settings/input_PICK-UP LOCATIONS_pick-up-option'

2020-03-20 14:48:49 - [MESSAGE][PASSED] - Keys '*' sent to object: 'Object Repository/ADMIN/Edit Text/Bespoke/Seller Pages/Onboarding_Settings/input_PICK-UP LOCATIONS_pick-up-option'

2020-03-20 14:48:49 - [TEST_STEP][PASSED] - sendKeys(findTestObject("ADMIN/Edit Text/Bespoke/Seller Pages/Onboarding_Settings/textarea_Define the full address where the buyer can pick up from (You must have at least a delivery option or a pick-up location selected)"), "*"): Keys '*' sent to object: 'Object Repository/ADMIN/Edit Text/Bespoke/Seller Pages/Onboarding_Settings/textarea_Define the full address where the buyer can pick up from (You must have at least a delivery option or a pick-up location selected)'

2020-03-20 14:48:50 - [MESSAGE][PASSED] - Keys '*' sent to object: 'Object Repository/ADMIN/Edit Text/Bespoke/Seller Pages/Onboarding_Settings/textarea_Define the full address where the buyer can pick up from (You must have at least a delivery option or a pick-up location selected)'

2020-03-20 14:48:50 - [TEST_STEP][PASSED] - sendKeys(findTestObject("ADMIN/Edit Text/Bespoke/Seller Pages/Onboarding_Settings/input_Offer reduced shipping costs to buyers when they buy more than one item from you_delivery-txt2"), "*"): Keys '*' sent to object: 'Object Repository/ADMIN/Edit Text/Bespoke/Seller Pages/Onboarding_Settings/input_Offer reduced shipping costs to buyers when they buy more than one item from you_delivery-txt2'

2020-03-20 14:48:50 - [MESSAGE][PASSED] - Keys '*' sent to object: 'Object Repository/ADMIN/Edit Text/Bespoke/Seller Pages/Onboarding_Settings/input_Offer reduced shipping costs to buyers when they buy more than one item from you_delivery-txt2'

2020-03-20 14:48:50 - [TEST_STEP][PASSED] - sendKeys(findTestObject("ADMIN/Edit Text/Bespoke/Seller Pages/Onboarding_Settings/input_total delivery"), "*"): Keys '*' sent to object: 'Object Repository/ADMIN/Edit Text/Bespoke/Seller Pages/Onboarding_Settings/input_total delivery'

2020-03-20 14:48:50 - [MESSAGE][PASSED] - Keys '*' sent to object: 'Object Repository/ADMIN/Edit Text/Bespoke/Seller Pages/Onboarding_Settings/input_total delivery'

2020-03-20 14:48:50 - [TEST_STEP][PASSED] - sendKeys(findTestObject("ADMIN/Edit Text/Bespoke/Seller Pages/Onboarding_Settings/input_add1"), "*"): Keys '*' sent to object: 'Object Repository/ADMIN/Edit Text/Bespoke/Seller Pages/Onboarding_Settings/input_add1'

2020-03-20 14:48:50 - [MESSAGE][PASSED] - Keys '*' sent to object: 'Object Repository/ADMIN/Edit Text/Bespoke/Seller Pages/Onboarding_Settings/input_add1'

2020-03-20 14:48:50 - [TEST_STEP][PASSED] - sendKeys(findTestObject("ADMIN/Edit Text/Bespoke/Seller Pages/Onboarding_Settings/input_PICK-UP LOCATION ADDRESS_pick-up-address"), "*"): Keys '*' sent to object: 'Object Repository/ADMIN/Edit Text/Bespoke/Seller Pages/Onboarding_Settings/input_PICK-UP LOCATION ADDRESS_pick-up-address'

2020-03-20 14:48:50 - [MESSAGE][PASSED] - Keys '*' sent to object: 'Object Repository/ADMIN/Edit Text/Bespoke/Seller Pages/Onboarding_Settings/input_PICK-UP LOCATION ADDRESS_pick-up-address'

2020-03-20 14:48:50 - [TEST_STEP][PASSED] - sendKeys(findTestObject("ADMIN/Edit Text/Bespoke/Seller Pages/Onboarding_Settings/input_SAVE_btn_save"), "*"): Keys '*' sent to object: 'Object Repository/ADMIN/Edit Text/Bespoke/Seller Pages/Onboarding_Settings/input_SAVE_btn_save'

2020-03-20 14:48:51 - [MESSAGE][PASSED] - Keys '*' sent to object: 'Object Repository/ADMIN/Edit Text/Bespoke/Seller Pages/Onboarding_Settings/input_SAVE_btn_save'

2020-03-20 14:48:51 - [TEST_STEP][PASSED] - sendKeys(findTestObject("ADMIN/Edit Text/Bespoke/Seller Pages/Onboarding_Settings/input_Are you sure want to delete_popup-title"), "*"): Keys '*' sent to object: 'Object Repository/ADMIN/Edit Text/Bespoke/Seller Pages/Onboarding_Settings/input_Are you sure want to delete_popup-title'

2020-03-20 14:48:51 - [MESSAGE][PASSED] - Keys '*' sent to object: 'Object Repository/ADMIN/Edit Text/Bespoke/Seller Pages/Onboarding_Settings/input_Are you sure want to delete_popup-title'

2020-03-20 14:48:51 - [TEST_STEP][PASSED] - sendKeys(findTestObject("ADMIN/Edit Text/Bespoke/Seller Pages/Onboarding_Settings/input_CANCEL_btn_cancel"), "*"): Keys '*' sent to object: 'Object Repository/ADMIN/Edit Text/Bespoke/Seller Pages/Onboarding_Settings/input_CANCEL_btn_cancel'

2020-03-20 14:48:51 - [MESSAGE][PASSED] - Keys '*' sent to object: 'Object Repository/ADMIN/Edit Text/Bespoke/Seller Pages/Onboarding_Settings/input_CANCEL_btn_cancel'

2020-03-20 14:48:51 - [TEST_STEP][PASSED] - sendKeys(findTestObject("ADMIN/Edit Text/Bespoke/Seller Pages/Onboarding_Settings/input_Okay_btn_okay"), "*"): Keys '*' sent to object: 'Object Repository/ADMIN/Edit Text/Bespoke/Seller Pages/Onboarding_Settings/input_Okay_btn_okay'

2020-03-20 14:48:51 - [MESSAGE][PASSED] - Keys '*' sent to object: 'Object Repository/ADMIN/Edit Text/Bespoke/Seller Pages/Onboarding_Settings/input_Okay_btn_okay'

2020-03-20 14:48:51 - [TEST_STEP][PASSED] - sendKeys(findTestObject("ADMIN/Edit Text/Bespoke/Seller Pages/Onboarding_Settings/input_REMOVE ITEM_popup-title"), "*"): Keys '*' sent to object: 'Object Repository/ADMIN/Edit Text/Bespoke/Seller Pages/Onboarding_Settings/input_REMOVE ITEM_popup-title'

2020-03-20 14:48:51 - [MESSAGE][PASSED] - Keys '*' sent to object: 'Object Repository/ADMIN/Edit Text/Bespoke/Seller Pages/Onboarding_Settings/input_REMOVE ITEM_popup-title'

2020-03-20 14:48:51 - [TEST_STEP][PASSED] - sendKeys(findTestObject("ADMIN/Edit Text/Bespoke/Seller Pages/Onboarding_Settings/input_concat(Are you sure about removing this item from your list (It  ll be gone forever))_popup-title"), "*"): Keys '*' sent to object: 'Object Repository/ADMIN/Edit Text/Bespoke/Seller Pages/Onboarding_Settings/input_concat(Are you sure about removing this item from your list (It  ll be gone forever))_popup-title'

2020-03-20 14:48:52 - [MESSAGE][PASSED] - Keys '*' sent to object: 'Object Repository/ADMIN/Edit Text/Bespoke/Seller Pages/Onboarding_Settings/input_concat(Are you sure about removing this item from your list (It  ll be gone forever))_popup-title'

2020-03-20 14:48:52 - [TEST_STEP][PASSED] - sendKeys(findTestObject("ADMIN/Edit Text/Bespoke/Seller Pages/Onboarding_Settings/input_CANCEL_btn_cancel2"), "*"): Keys '*' sent to object: 'Object Repository/ADMIN/Edit Text/Bespoke/Seller Pages/Onboarding_Settings/input_CANCEL_btn_cancel2'

2020-03-20 14:48:52 - [MESSAGE][PASSED] - Keys '*' sent to object: 'Object Repository/ADMIN/Edit Text/Bespoke/Seller Pages/Onboarding_Settings/input_CANCEL_btn_cancel2'

2020-03-20 14:48:52 - [TEST_STEP][PASSED] - sendKeys(findTestObject("ADMIN/Edit Text/Bespoke/Seller Pages/Onboarding_Settings/input_Okay_btn_okay2"), "*"): Keys '*' sent to object: 'Object Repository/ADMIN/Edit Text/Bespoke/Seller Pages/Onboarding_Settings/input_Okay_btn_okay2'

2020-03-20 14:48:52 - [MESSAGE][PASSED] - Keys '*' sent to object: 'Object Repository/ADMIN/Edit Text/Bespoke/Seller Pages/Onboarding_Settings/input_Okay_btn_okay2'

2020-03-20 14:48:52 - [TEST_STEP][PASSED] - click(findTestObject("ADMIN/Edit Text/Bespoke/Buyer Pages/Homepage/button_save"), CONTINUE_ON_FAILURE): Object: 'Object Repository/ADMIN/Edit Text/Bespoke/Buyer Pages/Homepage/button_save' is clicked on

2020-03-20 14:48:52 - [MESSAGE][PASSED] - Object: 'Object Repository/ADMIN/Edit Text/Bespoke/Buyer Pages/Homepage/button_save' is clicked on

2020-03-20 14:48:52 - [TEST_STEP][PASSED] - waitForElementVisible(findTestObject("ADMIN/Edit Text/Bespoke/Buyer Pages/Homepage/toaster_success"), 0): Object 'Object Repository/ADMIN/Edit Text/Bespoke/Buyer Pages/Homepage/toaster_success' is visible

2020-03-20 14:48:52 - [MESSAGE][WARNING] - Timeout '0' is invalid. Using default page load timeout: '30'

2020-03-20 14:48:53 - [MESSAGE][PASSED] - Object 'Object Repository/ADMIN/Edit Text/Bespoke/Buyer Pages/Homepage/toaster_success' is visible]]></system-out>
         <system-err><![CDATA[]]></system-err>
      </testcase>
      <testcase name="Test Cases/ADMIN/Language/Edit Text/Bespoke/Seller/Dashboard Navigation" time="4.467" classname="Test Cases/ADMIN/Language/Edit Text/Bespoke/Seller/Dashboard Navigation" status="PASSED">
         <system-out><![CDATA[2020-03-20 14:48:53 - [TEST_CASE][PASSED] - Test Cases/ADMIN/Language/Edit Text/Bespoke/Seller/Dashboard Navigation: Test Cases/ADMIN/Language/Edit Text/Bespoke/Seller/Dashboard Navigation

2020-03-20 14:48:53 - [TEST_STEP][PASSED] - waitForElementVisible(findTestObject("ADMIN/Language/sidemenu_Language"), 0): Object 'Object Repository/ADMIN/Language/sidemenu_Language' is visible

2020-03-20 14:48:53 - [MESSAGE][WARNING] - Timeout '0' is invalid. Using default page load timeout: '30'

2020-03-20 14:48:54 - [MESSAGE][PASSED] - Object 'Object Repository/ADMIN/Language/sidemenu_Language' is visible

2020-03-20 14:48:54 - [TEST_STEP][PASSED] - click(findTestObject("ADMIN/Language/sidemenu_Language"), CONTINUE_ON_FAILURE): Object: 'Object Repository/ADMIN/Language/sidemenu_Language' is clicked on

2020-03-20 14:48:54 - [MESSAGE][PASSED] - Object: 'Object Repository/ADMIN/Language/sidemenu_Language' is clicked on

2020-03-20 14:48:54 - [TEST_STEP][PASSED] - waitForElementVisible(findTestObject("ADMIN/Language/sidemenu_Edit Text"), 0): Object 'Object Repository/ADMIN/Language/sidemenu_Edit Text' is visible

2020-03-20 14:48:54 - [MESSAGE][WARNING] - Timeout '0' is invalid. Using default page load timeout: '30'

2020-03-20 14:48:54 - [MESSAGE][PASSED] - Object 'Object Repository/ADMIN/Language/sidemenu_Edit Text' is visible

2020-03-20 14:48:54 - [TEST_STEP][PASSED] - click(findTestObject("ADMIN/Language/sidemenu_Edit Text"), CONTINUE_ON_FAILURE): Object: 'Object Repository/ADMIN/Language/sidemenu_Edit Text' is clicked on

2020-03-20 14:48:55 - [MESSAGE][PASSED] - Object: 'Object Repository/ADMIN/Language/sidemenu_Edit Text' is clicked on

2020-03-20 14:48:55 - [TEST_STEP][PASSED] - waitForElementVisible(findTestObject("ADMIN/Edit Text/Bespoke/Seller Navigation/dd_icon seller"), 0): Object 'Object Repository/ADMIN/Edit Text/Bespoke/Seller Navigation/dd_icon seller' is visible

2020-03-20 14:48:55 - [MESSAGE][WARNING] - Timeout '0' is invalid. Using default page load timeout: '30'

2020-03-20 14:48:56 - [MESSAGE][PASSED] - Object 'Object Repository/ADMIN/Edit Text/Bespoke/Seller Navigation/dd_icon seller' is visible

2020-03-20 14:48:56 - [TEST_STEP][PASSED] - click(findTestObject("ADMIN/Edit Text/Bespoke/Seller Navigation/dd_icon seller"), CONTINUE_ON_FAILURE): Object: 'Object Repository/ADMIN/Edit Text/Bespoke/Seller Navigation/dd_icon seller' is clicked on

2020-03-20 14:48:56 - [MESSAGE][PASSED] - Object: 'Object Repository/ADMIN/Edit Text/Bespoke/Seller Navigation/dd_icon seller' is clicked on

2020-03-20 14:48:56 - [TEST_STEP][PASSED] - waitForElementVisible(findTestObject("ADMIN/Edit Text/Bespoke/Seller Navigation/span_Dashboard"), 0): Object 'Object Repository/ADMIN/Edit Text/Bespoke/Seller Navigation/span_Dashboard' is visible

2020-03-20 14:48:56 - [MESSAGE][WARNING] - Timeout '0' is invalid. Using default page load timeout: '30'

2020-03-20 14:48:56 - [MESSAGE][PASSED] - Object 'Object Repository/ADMIN/Edit Text/Bespoke/Seller Navigation/span_Dashboard' is visible

2020-03-20 14:48:56 - [TEST_STEP][PASSED] - click(findTestObject("ADMIN/Edit Text/Bespoke/Seller Navigation/span_Dashboard"), CONTINUE_ON_FAILURE): Object: 'Object Repository/ADMIN/Edit Text/Bespoke/Seller Navigation/span_Dashboard' is clicked on

2020-03-20 14:48:57 - [MESSAGE][PASSED] - Object: 'Object Repository/ADMIN/Edit Text/Bespoke/Seller Navigation/span_Dashboard' is clicked on

2020-03-20 14:48:57 - [TEST_STEP][PASSED] - waitForElementVisible(findTestObject("ADMIN/Edit Text/Bespoke/Buyer Navigation/dd_language"), 0): Object 'Object Repository/ADMIN/Edit Text/Bespoke/Buyer Navigation/dd_language' is visible

2020-03-20 14:48:57 - [MESSAGE][WARNING] - Timeout '0' is invalid. Using default page load timeout: '30'

2020-03-20 14:48:58 - [MESSAGE][PASSED] - Object 'Object Repository/ADMIN/Edit Text/Bespoke/Buyer Navigation/dd_language' is visible]]></system-out>
         <system-err><![CDATA[]]></system-err>
      </testcase>
      <testcase name="Test Cases/ADMIN/Language/Edit Text/Bespoke/Seller/Dashboard" time="9.099" classname="Test Cases/ADMIN/Language/Edit Text/Bespoke/Seller/Dashboard" status="PASSED">
         <system-out><![CDATA[2020-03-20 14:48:58 - [TEST_CASE][PASSED] - Test Cases/ADMIN/Language/Edit Text/Bespoke/Seller/Dashboard: Test Cases/ADMIN/Language/Edit Text/Bespoke/Seller/Dashboard

2020-03-20 14:48:58 - [TEST_STEP][PASSED] - waitForElementVisible(findTestObject("ADMIN/Edit Text/Bespoke/Buyer Navigation/dd_language"), 0): Object 'Object Repository/ADMIN/Edit Text/Bespoke/Buyer Navigation/dd_language' is visible

2020-03-20 14:48:58 - [MESSAGE][WARNING] - Timeout '0' is invalid. Using default page load timeout: '30'

2020-03-20 14:48:58 - [MESSAGE][PASSED] - Object 'Object Repository/ADMIN/Edit Text/Bespoke/Buyer Navigation/dd_language' is visible

2020-03-20 14:48:58 - [TEST_STEP][PASSED] - selectOptionByLabel(findTestObject("ADMIN/Edit Text/Bespoke/Buyer Navigation/dd_language"), varLanguage, false): All options with label 'French' are selected in object 'Object Repository/ADMIN/Edit Text/Bespoke/Buyer Navigation/dd_language' 

2020-03-20 14:48:59 - [MESSAGE][PASSED] - All options with label 'French' are selected in object 'Object Repository/ADMIN/Edit Text/Bespoke/Buyer Navigation/dd_language' 

2020-03-20 14:48:59 - [TEST_STEP][PASSED] - sendKeys(findTestObject("ADMIN/Edit Text/Bespoke/Seller Pages/Dashboard/input_DASHBOARD_marketplace-name"), "*"): Keys '*' sent to object: 'Object Repository/ADMIN/Edit Text/Bespoke/Seller Pages/Dashboard/input_DASHBOARD_marketplace-name'

2020-03-20 14:48:59 - [MESSAGE][PASSED] - Keys '*' sent to object: 'Object Repository/ADMIN/Edit Text/Bespoke/Seller Pages/Dashboard/input_DASHBOARD_marketplace-name'

2020-03-20 14:48:59 - [TEST_STEP][PASSED] - sendKeys(findTestObject("ADMIN/Edit Text/Bespoke/Seller Pages/Dashboard/input_A quick overview of your sales and seller activity_item_details"), "*"): Keys '*' sent to object: 'Object Repository/ADMIN/Edit Text/Bespoke/Seller Pages/Dashboard/input_A quick overview of your sales and seller activity_item_details'

2020-03-20 14:49:00 - [MESSAGE][PASSED] - Keys '*' sent to object: 'Object Repository/ADMIN/Edit Text/Bespoke/Seller Pages/Dashboard/input_A quick overview of your sales and seller activity_item_details'

2020-03-20 14:49:00 - [TEST_STEP][PASSED] - sendKeys(findTestObject("ADMIN/Edit Text/Bespoke/Seller Pages/Dashboard/input_Orders Today_order-today"), "*"): Keys '*' sent to object: 'Object Repository/ADMIN/Edit Text/Bespoke/Seller Pages/Dashboard/input_Orders Today_order-today'

2020-03-20 14:49:00 - [MESSAGE][PASSED] - Keys '*' sent to object: 'Object Repository/ADMIN/Edit Text/Bespoke/Seller Pages/Dashboard/input_Orders Today_order-today'

2020-03-20 14:49:00 - [TEST_STEP][PASSED] - sendKeys(findTestObject("ADMIN/Edit Text/Bespoke/Seller Pages/Dashboard/input_Revenue Today_revenue-today"), "*"): Keys '*' sent to object: 'Object Repository/ADMIN/Edit Text/Bespoke/Seller Pages/Dashboard/input_Revenue Today_revenue-today'

2020-03-20 14:49:00 - [MESSAGE][PASSED] - Keys '*' sent to object: 'Object Repository/ADMIN/Edit Text/Bespoke/Seller Pages/Dashboard/input_Revenue Today_revenue-today'

2020-03-20 14:49:00 - [TEST_STEP][PASSED] - sendKeys(findTestObject("ADMIN/Edit Text/Bespoke/Seller Pages/Dashboard/input_BEST SELLER_best-seller"), "*"): Keys '*' sent to object: 'Object Repository/ADMIN/Edit Text/Bespoke/Seller Pages/Dashboard/input_BEST SELLER_best-seller'

2020-03-20 14:49:00 - [MESSAGE][PASSED] - Keys '*' sent to object: 'Object Repository/ADMIN/Edit Text/Bespoke/Seller Pages/Dashboard/input_BEST SELLER_best-seller'

2020-03-20 14:49:00 - [TEST_STEP][PASSED] - sendKeys(findTestObject("ADMIN/Edit Text/Bespoke/Seller Pages/Dashboard/input_Quantity left_quantity-left"), "*"): Keys '*' sent to object: 'Object Repository/ADMIN/Edit Text/Bespoke/Seller Pages/Dashboard/input_Quantity left_quantity-left'

2020-03-20 14:49:01 - [MESSAGE][PASSED] - Keys '*' sent to object: 'Object Repository/ADMIN/Edit Text/Bespoke/Seller Pages/Dashboard/input_Quantity left_quantity-left'

2020-03-20 14:49:01 - [TEST_STEP][PASSED] - sendKeys(findTestObject("ADMIN/Edit Text/Bespoke/Seller Pages/Dashboard/input_TODAY_today"), "*"): Keys '*' sent to object: 'Object Repository/ADMIN/Edit Text/Bespoke/Seller Pages/Dashboard/input_TODAY_today'

2020-03-20 14:49:01 - [MESSAGE][PASSED] - Keys '*' sent to object: 'Object Repository/ADMIN/Edit Text/Bespoke/Seller Pages/Dashboard/input_TODAY_today'

2020-03-20 14:49:01 - [TEST_STEP][PASSED] - sendKeys(findTestObject("ADMIN/Edit Text/Bespoke/Seller Pages/Dashboard/input_LAST 7 DAYS_last-7days"), "*"): Keys '*' sent to object: 'Object Repository/ADMIN/Edit Text/Bespoke/Seller Pages/Dashboard/input_LAST 7 DAYS_last-7days'

2020-03-20 14:49:01 - [MESSAGE][PASSED] - Keys '*' sent to object: 'Object Repository/ADMIN/Edit Text/Bespoke/Seller Pages/Dashboard/input_LAST 7 DAYS_last-7days'

2020-03-20 14:49:01 - [TEST_STEP][PASSED] - sendKeys(findTestObject("ADMIN/Edit Text/Bespoke/Seller Pages/Dashboard/input_LAST 30 DAYS_last-30days"), "*"): Keys '*' sent to object: 'Object Repository/ADMIN/Edit Text/Bespoke/Seller Pages/Dashboard/input_LAST 30 DAYS_last-30days'

2020-03-20 14:49:01 - [MESSAGE][PASSED] - Keys '*' sent to object: 'Object Repository/ADMIN/Edit Text/Bespoke/Seller Pages/Dashboard/input_LAST 30 DAYS_last-30days'

2020-03-20 14:49:01 - [TEST_STEP][PASSED] - sendKeys(findTestObject("ADMIN/Edit Text/Bespoke/Seller Pages/Dashboard/input_Total Sales_total-sales"), "*"): Keys '*' sent to object: 'Object Repository/ADMIN/Edit Text/Bespoke/Seller Pages/Dashboard/input_Total Sales_total-sales'

2020-03-20 14:49:01 - [MESSAGE][PASSED] - Keys '*' sent to object: 'Object Repository/ADMIN/Edit Text/Bespoke/Seller Pages/Dashboard/input_Total Sales_total-sales'

2020-03-20 14:49:01 - [TEST_STEP][PASSED] - sendKeys(findTestObject("ADMIN/Edit Text/Bespoke/Seller Pages/Dashboard/input_Total Orders_total-orders"), "*"): Keys '*' sent to object: 'Object Repository/ADMIN/Edit Text/Bespoke/Seller Pages/Dashboard/input_Total Orders_total-orders'

2020-03-20 14:49:02 - [MESSAGE][PASSED] - Keys '*' sent to object: 'Object Repository/ADMIN/Edit Text/Bespoke/Seller Pages/Dashboard/input_Total Orders_total-orders'

2020-03-20 14:49:02 - [TEST_STEP][PASSED] - sendKeys(findTestObject("ADMIN/Edit Text/Bespoke/Seller Pages/Dashboard/input_Total Visits_total-visits"), "*"): Keys '*' sent to object: 'Object Repository/ADMIN/Edit Text/Bespoke/Seller Pages/Dashboard/input_Total Visits_total-visits'

2020-03-20 14:49:02 - [MESSAGE][PASSED] - Keys '*' sent to object: 'Object Repository/ADMIN/Edit Text/Bespoke/Seller Pages/Dashboard/input_Total Visits_total-visits'

2020-03-20 14:49:02 - [TEST_STEP][PASSED] - sendKeys(findTestObject("ADMIN/Edit Text/Bespoke/Seller Pages/Dashboard/input_Avr Order By Rev_avr-order-by-rev"), "*"): Keys '*' sent to object: 'Object Repository/ADMIN/Edit Text/Bespoke/Seller Pages/Dashboard/input_Avr Order By Rev_avr-order-by-rev'

2020-03-20 14:49:02 - [MESSAGE][PASSED] - Keys '*' sent to object: 'Object Repository/ADMIN/Edit Text/Bespoke/Seller Pages/Dashboard/input_Avr Order By Rev_avr-order-by-rev'

2020-03-20 14:49:02 - [TEST_STEP][PASSED] - sendKeys(findTestObject("ADMIN/Edit Text/Bespoke/Seller Pages/Dashboard/input_Avr Items Sold Per Order_avr-item-sold-per-order"), "*"): Keys '*' sent to object: 'Object Repository/ADMIN/Edit Text/Bespoke/Seller Pages/Dashboard/input_Avr Items Sold Per Order_avr-item-sold-per-order'

2020-03-20 14:49:02 - [MESSAGE][PASSED] - Keys '*' sent to object: 'Object Repository/ADMIN/Edit Text/Bespoke/Seller Pages/Dashboard/input_Avr Items Sold Per Order_avr-item-sold-per-order'

2020-03-20 14:49:02 - [TEST_STEP][PASSED] - sendKeys(findTestObject("ADMIN/Edit Text/Bespoke/Seller Pages/Dashboard/input_Sales_order-sales"), "*"): Keys '*' sent to object: 'Object Repository/ADMIN/Edit Text/Bespoke/Seller Pages/Dashboard/input_Sales_order-sales'

2020-03-20 14:49:02 - [MESSAGE][PASSED] - Keys '*' sent to object: 'Object Repository/ADMIN/Edit Text/Bespoke/Seller Pages/Dashboard/input_Sales_order-sales'

2020-03-20 14:49:02 - [TEST_STEP][PASSED] - sendKeys(findTestObject("ADMIN/Edit Text/Bespoke/Seller Pages/Dashboard/input_Total Revenue_total-revenue"), "*"): Keys '*' sent to object: 'Object Repository/ADMIN/Edit Text/Bespoke/Seller Pages/Dashboard/input_Total Revenue_total-revenue'

2020-03-20 14:49:03 - [MESSAGE][PASSED] - Keys '*' sent to object: 'Object Repository/ADMIN/Edit Text/Bespoke/Seller Pages/Dashboard/input_Total Revenue_total-revenue'

2020-03-20 14:49:03 - [TEST_STEP][PASSED] - sendKeys(findTestObject("ADMIN/Edit Text/Bespoke/Seller Pages/Dashboard/input_Total Orders_total-orders1"), "*"): Keys '*' sent to object: 'Object Repository/ADMIN/Edit Text/Bespoke/Seller Pages/Dashboard/input_Total Orders_total-orders1'

2020-03-20 14:49:03 - [MESSAGE][PASSED] - Keys '*' sent to object: 'Object Repository/ADMIN/Edit Text/Bespoke/Seller Pages/Dashboard/input_Total Orders_total-orders1'

2020-03-20 14:49:03 - [TEST_STEP][PASSED] - sendKeys(findTestObject("ADMIN/Edit Text/Bespoke/Seller Pages/Dashboard/input_Best Product Sellers_best-product-sellers"), "*"): Keys '*' sent to object: 'Object Repository/ADMIN/Edit Text/Bespoke/Seller Pages/Dashboard/input_Best Product Sellers_best-product-sellers'

2020-03-20 14:49:03 - [MESSAGE][PASSED] - Keys '*' sent to object: 'Object Repository/ADMIN/Edit Text/Bespoke/Seller Pages/Dashboard/input_Best Product Sellers_best-product-sellers'

2020-03-20 14:49:03 - [TEST_STEP][PASSED] - sendKeys(findTestObject("ADMIN/Edit Text/Bespoke/Seller Pages/Dashboard/input_Total Sales in_total-sales-in"), "*"): Keys '*' sent to object: 'Object Repository/ADMIN/Edit Text/Bespoke/Seller Pages/Dashboard/input_Total Sales in_total-sales-in'

2020-03-20 14:49:03 - [MESSAGE][PASSED] - Keys '*' sent to object: 'Object Repository/ADMIN/Edit Text/Bespoke/Seller Pages/Dashboard/input_Total Sales in_total-sales-in'

2020-03-20 14:49:03 - [TEST_STEP][PASSED] - sendKeys(findTestObject("ADMIN/Edit Text/Bespoke/Seller Pages/Dashboard/input_Best Sellers_best-sellers"), "*"): Keys '*' sent to object: 'Object Repository/ADMIN/Edit Text/Bespoke/Seller Pages/Dashboard/input_Best Sellers_best-sellers'

2020-03-20 14:49:04 - [MESSAGE][PASSED] - Keys '*' sent to object: 'Object Repository/ADMIN/Edit Text/Bespoke/Seller Pages/Dashboard/input_Best Sellers_best-sellers'

2020-03-20 14:49:04 - [TEST_STEP][PASSED] - sendKeys(findTestObject("ADMIN/Edit Text/Bespoke/Seller Pages/Dashboard/input_Item ID_item-id"), "*"): Keys '*' sent to object: 'Object Repository/ADMIN/Edit Text/Bespoke/Seller Pages/Dashboard/input_Item ID_item-id'

2020-03-20 14:49:04 - [MESSAGE][PASSED] - Keys '*' sent to object: 'Object Repository/ADMIN/Edit Text/Bespoke/Seller Pages/Dashboard/input_Item ID_item-id'

2020-03-20 14:49:04 - [TEST_STEP][PASSED] - sendKeys(findTestObject("ADMIN/Edit Text/Bespoke/Seller Pages/Dashboard/input_Total Sales_total-sales1"), "*"): Keys '*' sent to object: 'Object Repository/ADMIN/Edit Text/Bespoke/Seller Pages/Dashboard/input_Total Sales_total-sales1'

2020-03-20 14:49:04 - [MESSAGE][PASSED] - Keys '*' sent to object: 'Object Repository/ADMIN/Edit Text/Bespoke/Seller Pages/Dashboard/input_Total Sales_total-sales1'

2020-03-20 14:49:04 - [TEST_STEP][PASSED] - sendKeys(findTestObject("ADMIN/Edit Text/Bespoke/Seller Pages/Dashboard/input_Item Sold_item-sold"), "*"): Keys '*' sent to object: 'Object Repository/ADMIN/Edit Text/Bespoke/Seller Pages/Dashboard/input_Item Sold_item-sold'

2020-03-20 14:49:04 - [MESSAGE][PASSED] - Keys '*' sent to object: 'Object Repository/ADMIN/Edit Text/Bespoke/Seller Pages/Dashboard/input_Item Sold_item-sold'

2020-03-20 14:49:04 - [TEST_STEP][PASSED] - sendKeys(findTestObject("ADMIN/Edit Text/Bespoke/Seller Pages/Dashboard/input_Top Viewed Items_top-viewed-item"), "*"): Keys '*' sent to object: 'Object Repository/ADMIN/Edit Text/Bespoke/Seller Pages/Dashboard/input_Top Viewed Items_top-viewed-item'

2020-03-20 14:49:05 - [MESSAGE][PASSED] - Keys '*' sent to object: 'Object Repository/ADMIN/Edit Text/Bespoke/Seller Pages/Dashboard/input_Top Viewed Items_top-viewed-item'

2020-03-20 14:49:05 - [TEST_STEP][PASSED] - sendKeys(findTestObject("ADMIN/Edit Text/Bespoke/Seller Pages/Dashboard/input_Total Views per Item_total-views-per-item"), "*"): Keys '*' sent to object: 'Object Repository/ADMIN/Edit Text/Bespoke/Seller Pages/Dashboard/input_Total Views per Item_total-views-per-item'

2020-03-20 14:49:05 - [MESSAGE][PASSED] - Keys '*' sent to object: 'Object Repository/ADMIN/Edit Text/Bespoke/Seller Pages/Dashboard/input_Total Views per Item_total-views-per-item'

2020-03-20 14:49:05 - [TEST_STEP][PASSED] - sendKeys(findTestObject("ADMIN/Edit Text/Bespoke/Seller Pages/Dashboard/input_Most Viewed_most-viewed"), "*"): Keys '*' sent to object: 'Object Repository/ADMIN/Edit Text/Bespoke/Seller Pages/Dashboard/input_Most Viewed_most-viewed'

2020-03-20 14:49:05 - [MESSAGE][PASSED] - Keys '*' sent to object: 'Object Repository/ADMIN/Edit Text/Bespoke/Seller Pages/Dashboard/input_Most Viewed_most-viewed'

2020-03-20 14:49:05 - [TEST_STEP][PASSED] - sendKeys(findTestObject("ADMIN/Edit Text/Bespoke/Seller Pages/Dashboard/input_Total Views_total-views"), "*"): Keys '*' sent to object: 'Object Repository/ADMIN/Edit Text/Bespoke/Seller Pages/Dashboard/input_Total Views_total-views'

2020-03-20 14:49:05 - [MESSAGE][PASSED] - Keys '*' sent to object: 'Object Repository/ADMIN/Edit Text/Bespoke/Seller Pages/Dashboard/input_Total Views_total-views'

2020-03-20 14:49:05 - [TEST_STEP][PASSED] - sendKeys(findTestObject("ADMIN/Edit Text/Bespoke/Seller Pages/Dashboard/input_Day_order-day"), "*"): Keys '*' sent to object: 'Object Repository/ADMIN/Edit Text/Bespoke/Seller Pages/Dashboard/input_Day_order-day'

2020-03-20 14:49:05 - [MESSAGE][PASSED] - Keys '*' sent to object: 'Object Repository/ADMIN/Edit Text/Bespoke/Seller Pages/Dashboard/input_Day_order-day'

2020-03-20 14:49:05 - [TEST_STEP][PASSED] - sendKeys(findTestObject("ADMIN/Edit Text/Bespoke/Seller Pages/Dashboard/input_Week_order-week"), "*"): Keys '*' sent to object: 'Object Repository/ADMIN/Edit Text/Bespoke/Seller Pages/Dashboard/input_Week_order-week'

2020-03-20 14:49:05 - [MESSAGE][PASSED] - Keys '*' sent to object: 'Object Repository/ADMIN/Edit Text/Bespoke/Seller Pages/Dashboard/input_Week_order-week'

2020-03-20 14:49:06 - [TEST_STEP][PASSED] - sendKeys(findTestObject("ADMIN/Edit Text/Bespoke/Seller Pages/Dashboard/input_Month_order-time"), "*"): Keys '*' sent to object: 'Object Repository/ADMIN/Edit Text/Bespoke/Seller Pages/Dashboard/input_Month_order-time'

2020-03-20 14:49:06 - [MESSAGE][PASSED] - Keys '*' sent to object: 'Object Repository/ADMIN/Edit Text/Bespoke/Seller Pages/Dashboard/input_Month_order-time'

2020-03-20 14:49:06 - [TEST_STEP][PASSED] - click(findTestObject("ADMIN/Edit Text/Bespoke/Buyer Pages/Homepage/button_save"), CONTINUE_ON_FAILURE): Object: 'Object Repository/ADMIN/Edit Text/Bespoke/Buyer Pages/Homepage/button_save' is clicked on

2020-03-20 14:49:06 - [MESSAGE][PASSED] - Object: 'Object Repository/ADMIN/Edit Text/Bespoke/Buyer Pages/Homepage/button_save' is clicked on

2020-03-20 14:49:06 - [TEST_STEP][PASSED] - waitForElementVisible(findTestObject("ADMIN/Edit Text/Bespoke/Buyer Pages/Homepage/toaster_success"), 0): Object 'Object Repository/ADMIN/Edit Text/Bespoke/Buyer Pages/Homepage/toaster_success' is visible

2020-03-20 14:49:06 - [MESSAGE][WARNING] - Timeout '0' is invalid. Using default page load timeout: '30'

2020-03-20 14:49:07 - [MESSAGE][PASSED] - Object 'Object Repository/ADMIN/Edit Text/Bespoke/Buyer Pages/Homepage/toaster_success' is visible]]></system-out>
         <system-err><![CDATA[]]></system-err>
      </testcase>
      <testcase name="Test Cases/ADMIN/Language/Edit Text/Bespoke/Seller/Dashboard" time="8.741" classname="Test Cases/ADMIN/Language/Edit Text/Bespoke/Seller/Dashboard" status="PASSED">
         <system-out><![CDATA[2020-03-20 14:49:07 - [TEST_CASE][PASSED] - Test Cases/ADMIN/Language/Edit Text/Bespoke/Seller/Dashboard: Test Cases/ADMIN/Language/Edit Text/Bespoke/Seller/Dashboard

2020-03-20 14:49:07 - [TEST_STEP][PASSED] - waitForElementVisible(findTestObject("ADMIN/Edit Text/Bespoke/Buyer Navigation/dd_language"), 0): Object 'Object Repository/ADMIN/Edit Text/Bespoke/Buyer Navigation/dd_language' is visible

2020-03-20 14:49:07 - [MESSAGE][WARNING] - Timeout '0' is invalid. Using default page load timeout: '30'

2020-03-20 14:49:07 - [MESSAGE][PASSED] - Object 'Object Repository/ADMIN/Edit Text/Bespoke/Buyer Navigation/dd_language' is visible

2020-03-20 14:49:07 - [TEST_STEP][PASSED] - selectOptionByLabel(findTestObject("ADMIN/Edit Text/Bespoke/Buyer Navigation/dd_language"), varLanguage, false): All options with label 'Spanish' are selected in object 'Object Repository/ADMIN/Edit Text/Bespoke/Buyer Navigation/dd_language' 

2020-03-20 14:49:08 - [MESSAGE][PASSED] - All options with label 'Spanish' are selected in object 'Object Repository/ADMIN/Edit Text/Bespoke/Buyer Navigation/dd_language' 

2020-03-20 14:49:08 - [TEST_STEP][PASSED] - sendKeys(findTestObject("ADMIN/Edit Text/Bespoke/Seller Pages/Dashboard/input_DASHBOARD_marketplace-name"), "*"): Keys '*' sent to object: 'Object Repository/ADMIN/Edit Text/Bespoke/Seller Pages/Dashboard/input_DASHBOARD_marketplace-name'

2020-03-20 14:49:08 - [MESSAGE][PASSED] - Keys '*' sent to object: 'Object Repository/ADMIN/Edit Text/Bespoke/Seller Pages/Dashboard/input_DASHBOARD_marketplace-name'

2020-03-20 14:49:08 - [TEST_STEP][PASSED] - sendKeys(findTestObject("ADMIN/Edit Text/Bespoke/Seller Pages/Dashboard/input_A quick overview of your sales and seller activity_item_details"), "*"): Keys '*' sent to object: 'Object Repository/ADMIN/Edit Text/Bespoke/Seller Pages/Dashboard/input_A quick overview of your sales and seller activity_item_details'

2020-03-20 14:49:09 - [MESSAGE][PASSED] - Keys '*' sent to object: 'Object Repository/ADMIN/Edit Text/Bespoke/Seller Pages/Dashboard/input_A quick overview of your sales and seller activity_item_details'

2020-03-20 14:49:09 - [TEST_STEP][PASSED] - sendKeys(findTestObject("ADMIN/Edit Text/Bespoke/Seller Pages/Dashboard/input_Orders Today_order-today"), "*"): Keys '*' sent to object: 'Object Repository/ADMIN/Edit Text/Bespoke/Seller Pages/Dashboard/input_Orders Today_order-today'

2020-03-20 14:49:09 - [MESSAGE][PASSED] - Keys '*' sent to object: 'Object Repository/ADMIN/Edit Text/Bespoke/Seller Pages/Dashboard/input_Orders Today_order-today'

2020-03-20 14:49:09 - [TEST_STEP][PASSED] - sendKeys(findTestObject("ADMIN/Edit Text/Bespoke/Seller Pages/Dashboard/input_Revenue Today_revenue-today"), "*"): Keys '*' sent to object: 'Object Repository/ADMIN/Edit Text/Bespoke/Seller Pages/Dashboard/input_Revenue Today_revenue-today'

2020-03-20 14:49:09 - [MESSAGE][PASSED] - Keys '*' sent to object: 'Object Repository/ADMIN/Edit Text/Bespoke/Seller Pages/Dashboard/input_Revenue Today_revenue-today'

2020-03-20 14:49:09 - [TEST_STEP][PASSED] - sendKeys(findTestObject("ADMIN/Edit Text/Bespoke/Seller Pages/Dashboard/input_BEST SELLER_best-seller"), "*"): Keys '*' sent to object: 'Object Repository/ADMIN/Edit Text/Bespoke/Seller Pages/Dashboard/input_BEST SELLER_best-seller'

2020-03-20 14:49:09 - [MESSAGE][PASSED] - Keys '*' sent to object: 'Object Repository/ADMIN/Edit Text/Bespoke/Seller Pages/Dashboard/input_BEST SELLER_best-seller'

2020-03-20 14:49:09 - [TEST_STEP][PASSED] - sendKeys(findTestObject("ADMIN/Edit Text/Bespoke/Seller Pages/Dashboard/input_Quantity left_quantity-left"), "*"): Keys '*' sent to object: 'Object Repository/ADMIN/Edit Text/Bespoke/Seller Pages/Dashboard/input_Quantity left_quantity-left'

2020-03-20 14:49:09 - [MESSAGE][PASSED] - Keys '*' sent to object: 'Object Repository/ADMIN/Edit Text/Bespoke/Seller Pages/Dashboard/input_Quantity left_quantity-left'

2020-03-20 14:49:09 - [TEST_STEP][PASSED] - sendKeys(findTestObject("ADMIN/Edit Text/Bespoke/Seller Pages/Dashboard/input_TODAY_today"), "*"): Keys '*' sent to object: 'Object Repository/ADMIN/Edit Text/Bespoke/Seller Pages/Dashboard/input_TODAY_today'

2020-03-20 14:49:10 - [MESSAGE][PASSED] - Keys '*' sent to object: 'Object Repository/ADMIN/Edit Text/Bespoke/Seller Pages/Dashboard/input_TODAY_today'

2020-03-20 14:49:10 - [TEST_STEP][PASSED] - sendKeys(findTestObject("ADMIN/Edit Text/Bespoke/Seller Pages/Dashboard/input_LAST 7 DAYS_last-7days"), "*"): Keys '*' sent to object: 'Object Repository/ADMIN/Edit Text/Bespoke/Seller Pages/Dashboard/input_LAST 7 DAYS_last-7days'

2020-03-20 14:49:10 - [MESSAGE][PASSED] - Keys '*' sent to object: 'Object Repository/ADMIN/Edit Text/Bespoke/Seller Pages/Dashboard/input_LAST 7 DAYS_last-7days'

2020-03-20 14:49:10 - [TEST_STEP][PASSED] - sendKeys(findTestObject("ADMIN/Edit Text/Bespoke/Seller Pages/Dashboard/input_LAST 30 DAYS_last-30days"), "*"): Keys '*' sent to object: 'Object Repository/ADMIN/Edit Text/Bespoke/Seller Pages/Dashboard/input_LAST 30 DAYS_last-30days'

2020-03-20 14:49:10 - [MESSAGE][PASSED] - Keys '*' sent to object: 'Object Repository/ADMIN/Edit Text/Bespoke/Seller Pages/Dashboard/input_LAST 30 DAYS_last-30days'

2020-03-20 14:49:10 - [TEST_STEP][PASSED] - sendKeys(findTestObject("ADMIN/Edit Text/Bespoke/Seller Pages/Dashboard/input_Total Sales_total-sales"), "*"): Keys '*' sent to object: 'Object Repository/ADMIN/Edit Text/Bespoke/Seller Pages/Dashboard/input_Total Sales_total-sales'

2020-03-20 14:49:10 - [MESSAGE][PASSED] - Keys '*' sent to object: 'Object Repository/ADMIN/Edit Text/Bespoke/Seller Pages/Dashboard/input_Total Sales_total-sales'

2020-03-20 14:49:10 - [TEST_STEP][PASSED] - sendKeys(findTestObject("ADMIN/Edit Text/Bespoke/Seller Pages/Dashboard/input_Total Orders_total-orders"), "*"): Keys '*' sent to object: 'Object Repository/ADMIN/Edit Text/Bespoke/Seller Pages/Dashboard/input_Total Orders_total-orders'

2020-03-20 14:49:11 - [MESSAGE][PASSED] - Keys '*' sent to object: 'Object Repository/ADMIN/Edit Text/Bespoke/Seller Pages/Dashboard/input_Total Orders_total-orders'

2020-03-20 14:49:11 - [TEST_STEP][PASSED] - sendKeys(findTestObject("ADMIN/Edit Text/Bespoke/Seller Pages/Dashboard/input_Total Visits_total-visits"), "*"): Keys '*' sent to object: 'Object Repository/ADMIN/Edit Text/Bespoke/Seller Pages/Dashboard/input_Total Visits_total-visits'

2020-03-20 14:49:11 - [MESSAGE][PASSED] - Keys '*' sent to object: 'Object Repository/ADMIN/Edit Text/Bespoke/Seller Pages/Dashboard/input_Total Visits_total-visits'

2020-03-20 14:49:11 - [TEST_STEP][PASSED] - sendKeys(findTestObject("ADMIN/Edit Text/Bespoke/Seller Pages/Dashboard/input_Avr Order By Rev_avr-order-by-rev"), "*"): Keys '*' sent to object: 'Object Repository/ADMIN/Edit Text/Bespoke/Seller Pages/Dashboard/input_Avr Order By Rev_avr-order-by-rev'

2020-03-20 14:49:11 - [MESSAGE][PASSED] - Keys '*' sent to object: 'Object Repository/ADMIN/Edit Text/Bespoke/Seller Pages/Dashboard/input_Avr Order By Rev_avr-order-by-rev'

2020-03-20 14:49:11 - [TEST_STEP][PASSED] - sendKeys(findTestObject("ADMIN/Edit Text/Bespoke/Seller Pages/Dashboard/input_Avr Items Sold Per Order_avr-item-sold-per-order"), "*"): Keys '*' sent to object: 'Object Repository/ADMIN/Edit Text/Bespoke/Seller Pages/Dashboard/input_Avr Items Sold Per Order_avr-item-sold-per-order'

2020-03-20 14:49:11 - [MESSAGE][PASSED] - Keys '*' sent to object: 'Object Repository/ADMIN/Edit Text/Bespoke/Seller Pages/Dashboard/input_Avr Items Sold Per Order_avr-item-sold-per-order'

2020-03-20 14:49:11 - [TEST_STEP][PASSED] - sendKeys(findTestObject("ADMIN/Edit Text/Bespoke/Seller Pages/Dashboard/input_Sales_order-sales"), "*"): Keys '*' sent to object: 'Object Repository/ADMIN/Edit Text/Bespoke/Seller Pages/Dashboard/input_Sales_order-sales'

2020-03-20 14:49:11 - [MESSAGE][PASSED] - Keys '*' sent to object: 'Object Repository/ADMIN/Edit Text/Bespoke/Seller Pages/Dashboard/input_Sales_order-sales'

2020-03-20 14:49:11 - [TEST_STEP][PASSED] - sendKeys(findTestObject("ADMIN/Edit Text/Bespoke/Seller Pages/Dashboard/input_Total Revenue_total-revenue"), "*"): Keys '*' sent to object: 'Object Repository/ADMIN/Edit Text/Bespoke/Seller Pages/Dashboard/input_Total Revenue_total-revenue'

2020-03-20 14:49:11 - [MESSAGE][PASSED] - Keys '*' sent to object: 'Object Repository/ADMIN/Edit Text/Bespoke/Seller Pages/Dashboard/input_Total Revenue_total-revenue'

2020-03-20 14:49:11 - [TEST_STEP][PASSED] - sendKeys(findTestObject("ADMIN/Edit Text/Bespoke/Seller Pages/Dashboard/input_Total Orders_total-orders1"), "*"): Keys '*' sent to object: 'Object Repository/ADMIN/Edit Text/Bespoke/Seller Pages/Dashboard/input_Total Orders_total-orders1'

2020-03-20 14:49:12 - [MESSAGE][PASSED] - Keys '*' sent to object: 'Object Repository/ADMIN/Edit Text/Bespoke/Seller Pages/Dashboard/input_Total Orders_total-orders1'

2020-03-20 14:49:12 - [TEST_STEP][PASSED] - sendKeys(findTestObject("ADMIN/Edit Text/Bespoke/Seller Pages/Dashboard/input_Best Product Sellers_best-product-sellers"), "*"): Keys '*' sent to object: 'Object Repository/ADMIN/Edit Text/Bespoke/Seller Pages/Dashboard/input_Best Product Sellers_best-product-sellers'

2020-03-20 14:49:12 - [MESSAGE][PASSED] - Keys '*' sent to object: 'Object Repository/ADMIN/Edit Text/Bespoke/Seller Pages/Dashboard/input_Best Product Sellers_best-product-sellers'

2020-03-20 14:49:12 - [TEST_STEP][PASSED] - sendKeys(findTestObject("ADMIN/Edit Text/Bespoke/Seller Pages/Dashboard/input_Total Sales in_total-sales-in"), "*"): Keys '*' sent to object: 'Object Repository/ADMIN/Edit Text/Bespoke/Seller Pages/Dashboard/input_Total Sales in_total-sales-in'

2020-03-20 14:49:12 - [MESSAGE][PASSED] - Keys '*' sent to object: 'Object Repository/ADMIN/Edit Text/Bespoke/Seller Pages/Dashboard/input_Total Sales in_total-sales-in'

2020-03-20 14:49:12 - [TEST_STEP][PASSED] - sendKeys(findTestObject("ADMIN/Edit Text/Bespoke/Seller Pages/Dashboard/input_Best Sellers_best-sellers"), "*"): Keys '*' sent to object: 'Object Repository/ADMIN/Edit Text/Bespoke/Seller Pages/Dashboard/input_Best Sellers_best-sellers'

2020-03-20 14:49:12 - [MESSAGE][PASSED] - Keys '*' sent to object: 'Object Repository/ADMIN/Edit Text/Bespoke/Seller Pages/Dashboard/input_Best Sellers_best-sellers'

2020-03-20 14:49:12 - [TEST_STEP][PASSED] - sendKeys(findTestObject("ADMIN/Edit Text/Bespoke/Seller Pages/Dashboard/input_Item ID_item-id"), "*"): Keys '*' sent to object: 'Object Repository/ADMIN/Edit Text/Bespoke/Seller Pages/Dashboard/input_Item ID_item-id'

2020-03-20 14:49:13 - [MESSAGE][PASSED] - Keys '*' sent to object: 'Object Repository/ADMIN/Edit Text/Bespoke/Seller Pages/Dashboard/input_Item ID_item-id'

2020-03-20 14:49:13 - [TEST_STEP][PASSED] - sendKeys(findTestObject("ADMIN/Edit Text/Bespoke/Seller Pages/Dashboard/input_Total Sales_total-sales1"), "*"): Keys '*' sent to object: 'Object Repository/ADMIN/Edit Text/Bespoke/Seller Pages/Dashboard/input_Total Sales_total-sales1'

2020-03-20 14:49:13 - [MESSAGE][PASSED] - Keys '*' sent to object: 'Object Repository/ADMIN/Edit Text/Bespoke/Seller Pages/Dashboard/input_Total Sales_total-sales1'

2020-03-20 14:49:13 - [TEST_STEP][PASSED] - sendKeys(findTestObject("ADMIN/Edit Text/Bespoke/Seller Pages/Dashboard/input_Item Sold_item-sold"), "*"): Keys '*' sent to object: 'Object Repository/ADMIN/Edit Text/Bespoke/Seller Pages/Dashboard/input_Item Sold_item-sold'

2020-03-20 14:49:13 - [MESSAGE][PASSED] - Keys '*' sent to object: 'Object Repository/ADMIN/Edit Text/Bespoke/Seller Pages/Dashboard/input_Item Sold_item-sold'

2020-03-20 14:49:13 - [TEST_STEP][PASSED] - sendKeys(findTestObject("ADMIN/Edit Text/Bespoke/Seller Pages/Dashboard/input_Top Viewed Items_top-viewed-item"), "*"): Keys '*' sent to object: 'Object Repository/ADMIN/Edit Text/Bespoke/Seller Pages/Dashboard/input_Top Viewed Items_top-viewed-item'

2020-03-20 14:49:13 - [MESSAGE][PASSED] - Keys '*' sent to object: 'Object Repository/ADMIN/Edit Text/Bespoke/Seller Pages/Dashboard/input_Top Viewed Items_top-viewed-item'

2020-03-20 14:49:13 - [TEST_STEP][PASSED] - sendKeys(findTestObject("ADMIN/Edit Text/Bespoke/Seller Pages/Dashboard/input_Total Views per Item_total-views-per-item"), "*"): Keys '*' sent to object: 'Object Repository/ADMIN/Edit Text/Bespoke/Seller Pages/Dashboard/input_Total Views per Item_total-views-per-item'

2020-03-20 14:49:13 - [MESSAGE][PASSED] - Keys '*' sent to object: 'Object Repository/ADMIN/Edit Text/Bespoke/Seller Pages/Dashboard/input_Total Views per Item_total-views-per-item'

2020-03-20 14:49:13 - [TEST_STEP][PASSED] - sendKeys(findTestObject("ADMIN/Edit Text/Bespoke/Seller Pages/Dashboard/input_Most Viewed_most-viewed"), "*"): Keys '*' sent to object: 'Object Repository/ADMIN/Edit Text/Bespoke/Seller Pages/Dashboard/input_Most Viewed_most-viewed'

2020-03-20 14:49:14 - [MESSAGE][PASSED] - Keys '*' sent to object: 'Object Repository/ADMIN/Edit Text/Bespoke/Seller Pages/Dashboard/input_Most Viewed_most-viewed'

2020-03-20 14:49:14 - [TEST_STEP][PASSED] - sendKeys(findTestObject("ADMIN/Edit Text/Bespoke/Seller Pages/Dashboard/input_Total Views_total-views"), "*"): Keys '*' sent to object: 'Object Repository/ADMIN/Edit Text/Bespoke/Seller Pages/Dashboard/input_Total Views_total-views'

2020-03-20 14:49:14 - [MESSAGE][PASSED] - Keys '*' sent to object: 'Object Repository/ADMIN/Edit Text/Bespoke/Seller Pages/Dashboard/input_Total Views_total-views'

2020-03-20 14:49:14 - [TEST_STEP][PASSED] - sendKeys(findTestObject("ADMIN/Edit Text/Bespoke/Seller Pages/Dashboard/input_Day_order-day"), "*"): Keys '*' sent to object: 'Object Repository/ADMIN/Edit Text/Bespoke/Seller Pages/Dashboard/input_Day_order-day'

2020-03-20 14:49:14 - [MESSAGE][PASSED] - Keys '*' sent to object: 'Object Repository/ADMIN/Edit Text/Bespoke/Seller Pages/Dashboard/input_Day_order-day'

2020-03-20 14:49:14 - [TEST_STEP][PASSED] - sendKeys(findTestObject("ADMIN/Edit Text/Bespoke/Seller Pages/Dashboard/input_Week_order-week"), "*"): Keys '*' sent to object: 'Object Repository/ADMIN/Edit Text/Bespoke/Seller Pages/Dashboard/input_Week_order-week'

2020-03-20 14:49:14 - [MESSAGE][PASSED] - Keys '*' sent to object: 'Object Repository/ADMIN/Edit Text/Bespoke/Seller Pages/Dashboard/input_Week_order-week'

2020-03-20 14:49:14 - [TEST_STEP][PASSED] - sendKeys(findTestObject("ADMIN/Edit Text/Bespoke/Seller Pages/Dashboard/input_Month_order-time"), "*"): Keys '*' sent to object: 'Object Repository/ADMIN/Edit Text/Bespoke/Seller Pages/Dashboard/input_Month_order-time'

2020-03-20 14:49:14 - [MESSAGE][PASSED] - Keys '*' sent to object: 'Object Repository/ADMIN/Edit Text/Bespoke/Seller Pages/Dashboard/input_Month_order-time'

2020-03-20 14:49:14 - [TEST_STEP][PASSED] - click(findTestObject("ADMIN/Edit Text/Bespoke/Buyer Pages/Homepage/button_save"), CONTINUE_ON_FAILURE): Object: 'Object Repository/ADMIN/Edit Text/Bespoke/Buyer Pages/Homepage/button_save' is clicked on

2020-03-20 14:49:15 - [MESSAGE][PASSED] - Object: 'Object Repository/ADMIN/Edit Text/Bespoke/Buyer Pages/Homepage/button_save' is clicked on

2020-03-20 14:49:15 - [TEST_STEP][PASSED] - waitForElementVisible(findTestObject("ADMIN/Edit Text/Bespoke/Buyer Pages/Homepage/toaster_success"), 0): Object 'Object Repository/ADMIN/Edit Text/Bespoke/Buyer Pages/Homepage/toaster_success' is visible

2020-03-20 14:49:15 - [MESSAGE][WARNING] - Timeout '0' is invalid. Using default page load timeout: '30'

2020-03-20 14:49:15 - [MESSAGE][PASSED] - Object 'Object Repository/ADMIN/Edit Text/Bespoke/Buyer Pages/Homepage/toaster_success' is visible]]></system-out>
         <system-err><![CDATA[]]></system-err>
      </testcase>
      <testcase name="Test Cases/ADMIN/Language/Edit Text/Bespoke/Seller/Dashboard" time="9.451" classname="Test Cases/ADMIN/Language/Edit Text/Bespoke/Seller/Dashboard" status="PASSED">
         <system-out><![CDATA[2020-03-20 14:49:15 - [TEST_CASE][PASSED] - Test Cases/ADMIN/Language/Edit Text/Bespoke/Seller/Dashboard: Test Cases/ADMIN/Language/Edit Text/Bespoke/Seller/Dashboard

2020-03-20 14:49:15 - [TEST_STEP][PASSED] - waitForElementVisible(findTestObject("ADMIN/Edit Text/Bespoke/Buyer Navigation/dd_language"), 0): Object 'Object Repository/ADMIN/Edit Text/Bespoke/Buyer Navigation/dd_language' is visible

2020-03-20 14:49:16 - [MESSAGE][WARNING] - Timeout '0' is invalid. Using default page load timeout: '30'

2020-03-20 14:49:16 - [MESSAGE][PASSED] - Object 'Object Repository/ADMIN/Edit Text/Bespoke/Buyer Navigation/dd_language' is visible

2020-03-20 14:49:16 - [TEST_STEP][PASSED] - selectOptionByLabel(findTestObject("ADMIN/Edit Text/Bespoke/Buyer Navigation/dd_language"), varLanguage, false): All options with label 'Hindi' are selected in object 'Object Repository/ADMIN/Edit Text/Bespoke/Buyer Navigation/dd_language' 

2020-03-20 14:49:17 - [MESSAGE][PASSED] - All options with label 'Hindi' are selected in object 'Object Repository/ADMIN/Edit Text/Bespoke/Buyer Navigation/dd_language' 

2020-03-20 14:49:17 - [TEST_STEP][PASSED] - sendKeys(findTestObject("ADMIN/Edit Text/Bespoke/Seller Pages/Dashboard/input_DASHBOARD_marketplace-name"), "*"): Keys '*' sent to object: 'Object Repository/ADMIN/Edit Text/Bespoke/Seller Pages/Dashboard/input_DASHBOARD_marketplace-name'

2020-03-20 14:49:17 - [MESSAGE][PASSED] - Keys '*' sent to object: 'Object Repository/ADMIN/Edit Text/Bespoke/Seller Pages/Dashboard/input_DASHBOARD_marketplace-name'

2020-03-20 14:49:17 - [TEST_STEP][PASSED] - sendKeys(findTestObject("ADMIN/Edit Text/Bespoke/Seller Pages/Dashboard/input_A quick overview of your sales and seller activity_item_details"), "*"): Keys '*' sent to object: 'Object Repository/ADMIN/Edit Text/Bespoke/Seller Pages/Dashboard/input_A quick overview of your sales and seller activity_item_details'

2020-03-20 14:49:17 - [MESSAGE][PASSED] - Keys '*' sent to object: 'Object Repository/ADMIN/Edit Text/Bespoke/Seller Pages/Dashboard/input_A quick overview of your sales and seller activity_item_details'

2020-03-20 14:49:17 - [TEST_STEP][PASSED] - sendKeys(findTestObject("ADMIN/Edit Text/Bespoke/Seller Pages/Dashboard/input_Orders Today_order-today"), "*"): Keys '*' sent to object: 'Object Repository/ADMIN/Edit Text/Bespoke/Seller Pages/Dashboard/input_Orders Today_order-today'

2020-03-20 14:49:17 - [MESSAGE][PASSED] - Keys '*' sent to object: 'Object Repository/ADMIN/Edit Text/Bespoke/Seller Pages/Dashboard/input_Orders Today_order-today'

2020-03-20 14:49:17 - [TEST_STEP][PASSED] - sendKeys(findTestObject("ADMIN/Edit Text/Bespoke/Seller Pages/Dashboard/input_Revenue Today_revenue-today"), "*"): Keys '*' sent to object: 'Object Repository/ADMIN/Edit Text/Bespoke/Seller Pages/Dashboard/input_Revenue Today_revenue-today'

2020-03-20 14:49:17 - [MESSAGE][PASSED] - Keys '*' sent to object: 'Object Repository/ADMIN/Edit Text/Bespoke/Seller Pages/Dashboard/input_Revenue Today_revenue-today'

2020-03-20 14:49:17 - [TEST_STEP][PASSED] - sendKeys(findTestObject("ADMIN/Edit Text/Bespoke/Seller Pages/Dashboard/input_BEST SELLER_best-seller"), "*"): Keys '*' sent to object: 'Object Repository/ADMIN/Edit Text/Bespoke/Seller Pages/Dashboard/input_BEST SELLER_best-seller'

2020-03-20 14:49:18 - [MESSAGE][PASSED] - Keys '*' sent to object: 'Object Repository/ADMIN/Edit Text/Bespoke/Seller Pages/Dashboard/input_BEST SELLER_best-seller'

2020-03-20 14:49:18 - [TEST_STEP][PASSED] - sendKeys(findTestObject("ADMIN/Edit Text/Bespoke/Seller Pages/Dashboard/input_Quantity left_quantity-left"), "*"): Keys '*' sent to object: 'Object Repository/ADMIN/Edit Text/Bespoke/Seller Pages/Dashboard/input_Quantity left_quantity-left'

2020-03-20 14:49:18 - [MESSAGE][PASSED] - Keys '*' sent to object: 'Object Repository/ADMIN/Edit Text/Bespoke/Seller Pages/Dashboard/input_Quantity left_quantity-left'

2020-03-20 14:49:18 - [TEST_STEP][PASSED] - sendKeys(findTestObject("ADMIN/Edit Text/Bespoke/Seller Pages/Dashboard/input_TODAY_today"), "*"): Keys '*' sent to object: 'Object Repository/ADMIN/Edit Text/Bespoke/Seller Pages/Dashboard/input_TODAY_today'

2020-03-20 14:49:18 - [MESSAGE][PASSED] - Keys '*' sent to object: 'Object Repository/ADMIN/Edit Text/Bespoke/Seller Pages/Dashboard/input_TODAY_today'

2020-03-20 14:49:18 - [TEST_STEP][PASSED] - sendKeys(findTestObject("ADMIN/Edit Text/Bespoke/Seller Pages/Dashboard/input_LAST 7 DAYS_last-7days"), "*"): Keys '*' sent to object: 'Object Repository/ADMIN/Edit Text/Bespoke/Seller Pages/Dashboard/input_LAST 7 DAYS_last-7days'

2020-03-20 14:49:18 - [MESSAGE][PASSED] - Keys '*' sent to object: 'Object Repository/ADMIN/Edit Text/Bespoke/Seller Pages/Dashboard/input_LAST 7 DAYS_last-7days'

2020-03-20 14:49:18 - [TEST_STEP][PASSED] - sendKeys(findTestObject("ADMIN/Edit Text/Bespoke/Seller Pages/Dashboard/input_LAST 30 DAYS_last-30days"), "*"): Keys '*' sent to object: 'Object Repository/ADMIN/Edit Text/Bespoke/Seller Pages/Dashboard/input_LAST 30 DAYS_last-30days'

2020-03-20 14:49:19 - [MESSAGE][PASSED] - Keys '*' sent to object: 'Object Repository/ADMIN/Edit Text/Bespoke/Seller Pages/Dashboard/input_LAST 30 DAYS_last-30days'

2020-03-20 14:49:19 - [TEST_STEP][PASSED] - sendKeys(findTestObject("ADMIN/Edit Text/Bespoke/Seller Pages/Dashboard/input_Total Sales_total-sales"), "*"): Keys '*' sent to object: 'Object Repository/ADMIN/Edit Text/Bespoke/Seller Pages/Dashboard/input_Total Sales_total-sales'

2020-03-20 14:49:19 - [MESSAGE][PASSED] - Keys '*' sent to object: 'Object Repository/ADMIN/Edit Text/Bespoke/Seller Pages/Dashboard/input_Total Sales_total-sales'

2020-03-20 14:49:19 - [TEST_STEP][PASSED] - sendKeys(findTestObject("ADMIN/Edit Text/Bespoke/Seller Pages/Dashboard/input_Total Orders_total-orders"), "*"): Keys '*' sent to object: 'Object Repository/ADMIN/Edit Text/Bespoke/Seller Pages/Dashboard/input_Total Orders_total-orders'

2020-03-20 14:49:19 - [MESSAGE][PASSED] - Keys '*' sent to object: 'Object Repository/ADMIN/Edit Text/Bespoke/Seller Pages/Dashboard/input_Total Orders_total-orders'

2020-03-20 14:49:19 - [TEST_STEP][PASSED] - sendKeys(findTestObject("ADMIN/Edit Text/Bespoke/Seller Pages/Dashboard/input_Total Visits_total-visits"), "*"): Keys '*' sent to object: 'Object Repository/ADMIN/Edit Text/Bespoke/Seller Pages/Dashboard/input_Total Visits_total-visits'

2020-03-20 14:49:19 - [MESSAGE][PASSED] - Keys '*' sent to object: 'Object Repository/ADMIN/Edit Text/Bespoke/Seller Pages/Dashboard/input_Total Visits_total-visits'

2020-03-20 14:49:19 - [TEST_STEP][PASSED] - sendKeys(findTestObject("ADMIN/Edit Text/Bespoke/Seller Pages/Dashboard/input_Avr Order By Rev_avr-order-by-rev"), "*"): Keys '*' sent to object: 'Object Repository/ADMIN/Edit Text/Bespoke/Seller Pages/Dashboard/input_Avr Order By Rev_avr-order-by-rev'

2020-03-20 14:49:19 - [MESSAGE][PASSED] - Keys '*' sent to object: 'Object Repository/ADMIN/Edit Text/Bespoke/Seller Pages/Dashboard/input_Avr Order By Rev_avr-order-by-rev'

2020-03-20 14:49:19 - [TEST_STEP][PASSED] - sendKeys(findTestObject("ADMIN/Edit Text/Bespoke/Seller Pages/Dashboard/input_Avr Items Sold Per Order_avr-item-sold-per-order"), "*"): Keys '*' sent to object: 'Object Repository/ADMIN/Edit Text/Bespoke/Seller Pages/Dashboard/input_Avr Items Sold Per Order_avr-item-sold-per-order'

2020-03-20 14:49:20 - [MESSAGE][PASSED] - Keys '*' sent to object: 'Object Repository/ADMIN/Edit Text/Bespoke/Seller Pages/Dashboard/input_Avr Items Sold Per Order_avr-item-sold-per-order'

2020-03-20 14:49:20 - [TEST_STEP][PASSED] - sendKeys(findTestObject("ADMIN/Edit Text/Bespoke/Seller Pages/Dashboard/input_Sales_order-sales"), "*"): Keys '*' sent to object: 'Object Repository/ADMIN/Edit Text/Bespoke/Seller Pages/Dashboard/input_Sales_order-sales'

2020-03-20 14:49:21 - [MESSAGE][PASSED] - Keys '*' sent to object: 'Object Repository/ADMIN/Edit Text/Bespoke/Seller Pages/Dashboard/input_Sales_order-sales'

2020-03-20 14:49:21 - [TEST_STEP][PASSED] - sendKeys(findTestObject("ADMIN/Edit Text/Bespoke/Seller Pages/Dashboard/input_Total Revenue_total-revenue"), "*"): Keys '*' sent to object: 'Object Repository/ADMIN/Edit Text/Bespoke/Seller Pages/Dashboard/input_Total Revenue_total-revenue'

2020-03-20 14:49:21 - [MESSAGE][PASSED] - Keys '*' sent to object: 'Object Repository/ADMIN/Edit Text/Bespoke/Seller Pages/Dashboard/input_Total Revenue_total-revenue'

2020-03-20 14:49:21 - [TEST_STEP][PASSED] - sendKeys(findTestObject("ADMIN/Edit Text/Bespoke/Seller Pages/Dashboard/input_Total Orders_total-orders1"), "*"): Keys '*' sent to object: 'Object Repository/ADMIN/Edit Text/Bespoke/Seller Pages/Dashboard/input_Total Orders_total-orders1'

2020-03-20 14:49:21 - [MESSAGE][PASSED] - Keys '*' sent to object: 'Object Repository/ADMIN/Edit Text/Bespoke/Seller Pages/Dashboard/input_Total Orders_total-orders1'

2020-03-20 14:49:21 - [TEST_STEP][PASSED] - sendKeys(findTestObject("ADMIN/Edit Text/Bespoke/Seller Pages/Dashboard/input_Best Product Sellers_best-product-sellers"), "*"): Keys '*' sent to object: 'Object Repository/ADMIN/Edit Text/Bespoke/Seller Pages/Dashboard/input_Best Product Sellers_best-product-sellers'

2020-03-20 14:49:21 - [MESSAGE][PASSED] - Keys '*' sent to object: 'Object Repository/ADMIN/Edit Text/Bespoke/Seller Pages/Dashboard/input_Best Product Sellers_best-product-sellers'

2020-03-20 14:49:21 - [TEST_STEP][PASSED] - sendKeys(findTestObject("ADMIN/Edit Text/Bespoke/Seller Pages/Dashboard/input_Total Sales in_total-sales-in"), "*"): Keys '*' sent to object: 'Object Repository/ADMIN/Edit Text/Bespoke/Seller Pages/Dashboard/input_Total Sales in_total-sales-in'

2020-03-20 14:49:21 - [MESSAGE][PASSED] - Keys '*' sent to object: 'Object Repository/ADMIN/Edit Text/Bespoke/Seller Pages/Dashboard/input_Total Sales in_total-sales-in'

2020-03-20 14:49:21 - [TEST_STEP][PASSED] - sendKeys(findTestObject("ADMIN/Edit Text/Bespoke/Seller Pages/Dashboard/input_Best Sellers_best-sellers"), "*"): Keys '*' sent to object: 'Object Repository/ADMIN/Edit Text/Bespoke/Seller Pages/Dashboard/input_Best Sellers_best-sellers'

2020-03-20 14:49:22 - [MESSAGE][PASSED] - Keys '*' sent to object: 'Object Repository/ADMIN/Edit Text/Bespoke/Seller Pages/Dashboard/input_Best Sellers_best-sellers'

2020-03-20 14:49:22 - [TEST_STEP][PASSED] - sendKeys(findTestObject("ADMIN/Edit Text/Bespoke/Seller Pages/Dashboard/input_Item ID_item-id"), "*"): Keys '*' sent to object: 'Object Repository/ADMIN/Edit Text/Bespoke/Seller Pages/Dashboard/input_Item ID_item-id'

2020-03-20 14:49:22 - [MESSAGE][PASSED] - Keys '*' sent to object: 'Object Repository/ADMIN/Edit Text/Bespoke/Seller Pages/Dashboard/input_Item ID_item-id'

2020-03-20 14:49:22 - [TEST_STEP][PASSED] - sendKeys(findTestObject("ADMIN/Edit Text/Bespoke/Seller Pages/Dashboard/input_Total Sales_total-sales1"), "*"): Keys '*' sent to object: 'Object Repository/ADMIN/Edit Text/Bespoke/Seller Pages/Dashboard/input_Total Sales_total-sales1'

2020-03-20 14:49:22 - [MESSAGE][PASSED] - Keys '*' sent to object: 'Object Repository/ADMIN/Edit Text/Bespoke/Seller Pages/Dashboard/input_Total Sales_total-sales1'

2020-03-20 14:49:22 - [TEST_STEP][PASSED] - sendKeys(findTestObject("ADMIN/Edit Text/Bespoke/Seller Pages/Dashboard/input_Item Sold_item-sold"), "*"): Keys '*' sent to object: 'Object Repository/ADMIN/Edit Text/Bespoke/Seller Pages/Dashboard/input_Item Sold_item-sold'

2020-03-20 14:49:22 - [MESSAGE][PASSED] - Keys '*' sent to object: 'Object Repository/ADMIN/Edit Text/Bespoke/Seller Pages/Dashboard/input_Item Sold_item-sold'

2020-03-20 14:49:22 - [TEST_STEP][PASSED] - sendKeys(findTestObject("ADMIN/Edit Text/Bespoke/Seller Pages/Dashboard/input_Top Viewed Items_top-viewed-item"), "*"): Keys '*' sent to object: 'Object Repository/ADMIN/Edit Text/Bespoke/Seller Pages/Dashboard/input_Top Viewed Items_top-viewed-item'

2020-03-20 14:49:23 - [MESSAGE][PASSED] - Keys '*' sent to object: 'Object Repository/ADMIN/Edit Text/Bespoke/Seller Pages/Dashboard/input_Top Viewed Items_top-viewed-item'

2020-03-20 14:49:23 - [TEST_STEP][PASSED] - sendKeys(findTestObject("ADMIN/Edit Text/Bespoke/Seller Pages/Dashboard/input_Total Views per Item_total-views-per-item"), "*"): Keys '*' sent to object: 'Object Repository/ADMIN/Edit Text/Bespoke/Seller Pages/Dashboard/input_Total Views per Item_total-views-per-item'

2020-03-20 14:49:23 - [MESSAGE][PASSED] - Keys '*' sent to object: 'Object Repository/ADMIN/Edit Text/Bespoke/Seller Pages/Dashboard/input_Total Views per Item_total-views-per-item'

2020-03-20 14:49:23 - [TEST_STEP][PASSED] - sendKeys(findTestObject("ADMIN/Edit Text/Bespoke/Seller Pages/Dashboard/input_Most Viewed_most-viewed"), "*"): Keys '*' sent to object: 'Object Repository/ADMIN/Edit Text/Bespoke/Seller Pages/Dashboard/input_Most Viewed_most-viewed'

2020-03-20 14:49:23 - [MESSAGE][PASSED] - Keys '*' sent to object: 'Object Repository/ADMIN/Edit Text/Bespoke/Seller Pages/Dashboard/input_Most Viewed_most-viewed'

2020-03-20 14:49:23 - [TEST_STEP][PASSED] - sendKeys(findTestObject("ADMIN/Edit Text/Bespoke/Seller Pages/Dashboard/input_Total Views_total-views"), "*"): Keys '*' sent to object: 'Object Repository/ADMIN/Edit Text/Bespoke/Seller Pages/Dashboard/input_Total Views_total-views'

2020-03-20 14:49:23 - [MESSAGE][PASSED] - Keys '*' sent to object: 'Object Repository/ADMIN/Edit Text/Bespoke/Seller Pages/Dashboard/input_Total Views_total-views'

2020-03-20 14:49:23 - [TEST_STEP][PASSED] - sendKeys(findTestObject("ADMIN/Edit Text/Bespoke/Seller Pages/Dashboard/input_Day_order-day"), "*"): Keys '*' sent to object: 'Object Repository/ADMIN/Edit Text/Bespoke/Seller Pages/Dashboard/input_Day_order-day'

2020-03-20 14:49:23 - [MESSAGE][PASSED] - Keys '*' sent to object: 'Object Repository/ADMIN/Edit Text/Bespoke/Seller Pages/Dashboard/input_Day_order-day'

2020-03-20 14:49:23 - [TEST_STEP][PASSED] - sendKeys(findTestObject("ADMIN/Edit Text/Bespoke/Seller Pages/Dashboard/input_Week_order-week"), "*"): Keys '*' sent to object: 'Object Repository/ADMIN/Edit Text/Bespoke/Seller Pages/Dashboard/input_Week_order-week'

2020-03-20 14:49:24 - [MESSAGE][PASSED] - Keys '*' sent to object: 'Object Repository/ADMIN/Edit Text/Bespoke/Seller Pages/Dashboard/input_Week_order-week'

2020-03-20 14:49:24 - [TEST_STEP][PASSED] - sendKeys(findTestObject("ADMIN/Edit Text/Bespoke/Seller Pages/Dashboard/input_Month_order-time"), "*"): Keys '*' sent to object: 'Object Repository/ADMIN/Edit Text/Bespoke/Seller Pages/Dashboard/input_Month_order-time'

2020-03-20 14:49:24 - [MESSAGE][PASSED] - Keys '*' sent to object: 'Object Repository/ADMIN/Edit Text/Bespoke/Seller Pages/Dashboard/input_Month_order-time'

2020-03-20 14:49:24 - [TEST_STEP][PASSED] - click(findTestObject("ADMIN/Edit Text/Bespoke/Buyer Pages/Homepage/button_save"), CONTINUE_ON_FAILURE): Object: 'Object Repository/ADMIN/Edit Text/Bespoke/Buyer Pages/Homepage/button_save' is clicked on

2020-03-20 14:49:24 - [MESSAGE][PASSED] - Object: 'Object Repository/ADMIN/Edit Text/Bespoke/Buyer Pages/Homepage/button_save' is clicked on

2020-03-20 14:49:24 - [TEST_STEP][PASSED] - waitForElementVisible(findTestObject("ADMIN/Edit Text/Bespoke/Buyer Pages/Homepage/toaster_success"), 0): Object 'Object Repository/ADMIN/Edit Text/Bespoke/Buyer Pages/Homepage/toaster_success' is visible

2020-03-20 14:49:24 - [MESSAGE][WARNING] - Timeout '0' is invalid. Using default page load timeout: '30'

2020-03-20 14:49:25 - [MESSAGE][PASSED] - Object 'Object Repository/ADMIN/Edit Text/Bespoke/Buyer Pages/Homepage/toaster_success' is visible]]></system-out>
         <system-err><![CDATA[]]></system-err>
      </testcase>
      <testcase name="Test Cases/ADMIN/Language/Edit Text/Bespoke/Seller/Dashboard" time="8.497" classname="Test Cases/ADMIN/Language/Edit Text/Bespoke/Seller/Dashboard" status="PASSED">
         <system-out><![CDATA[2020-03-20 14:49:25 - [TEST_CASE][PASSED] - Test Cases/ADMIN/Language/Edit Text/Bespoke/Seller/Dashboard: Test Cases/ADMIN/Language/Edit Text/Bespoke/Seller/Dashboard

2020-03-20 14:49:25 - [TEST_STEP][PASSED] - waitForElementVisible(findTestObject("ADMIN/Edit Text/Bespoke/Buyer Navigation/dd_language"), 0): Object 'Object Repository/ADMIN/Edit Text/Bespoke/Buyer Navigation/dd_language' is visible

2020-03-20 14:49:25 - [MESSAGE][WARNING] - Timeout '0' is invalid. Using default page load timeout: '30'

2020-03-20 14:49:25 - [MESSAGE][PASSED] - Object 'Object Repository/ADMIN/Edit Text/Bespoke/Buyer Navigation/dd_language' is visible

2020-03-20 14:49:25 - [TEST_STEP][PASSED] - selectOptionByLabel(findTestObject("ADMIN/Edit Text/Bespoke/Buyer Navigation/dd_language"), varLanguage, false): All options with label 'German' are selected in object 'Object Repository/ADMIN/Edit Text/Bespoke/Buyer Navigation/dd_language' 

2020-03-20 14:49:26 - [MESSAGE][PASSED] - All options with label 'German' are selected in object 'Object Repository/ADMIN/Edit Text/Bespoke/Buyer Navigation/dd_language' 

2020-03-20 14:49:26 - [TEST_STEP][PASSED] - sendKeys(findTestObject("ADMIN/Edit Text/Bespoke/Seller Pages/Dashboard/input_DASHBOARD_marketplace-name"), "*"): Keys '*' sent to object: 'Object Repository/ADMIN/Edit Text/Bespoke/Seller Pages/Dashboard/input_DASHBOARD_marketplace-name'

2020-03-20 14:49:27 - [MESSAGE][PASSED] - Keys '*' sent to object: 'Object Repository/ADMIN/Edit Text/Bespoke/Seller Pages/Dashboard/input_DASHBOARD_marketplace-name'

2020-03-20 14:49:27 - [TEST_STEP][PASSED] - sendKeys(findTestObject("ADMIN/Edit Text/Bespoke/Seller Pages/Dashboard/input_A quick overview of your sales and seller activity_item_details"), "*"): Keys '*' sent to object: 'Object Repository/ADMIN/Edit Text/Bespoke/Seller Pages/Dashboard/input_A quick overview of your sales and seller activity_item_details'

2020-03-20 14:49:27 - [MESSAGE][PASSED] - Keys '*' sent to object: 'Object Repository/ADMIN/Edit Text/Bespoke/Seller Pages/Dashboard/input_A quick overview of your sales and seller activity_item_details'

2020-03-20 14:49:27 - [TEST_STEP][PASSED] - sendKeys(findTestObject("ADMIN/Edit Text/Bespoke/Seller Pages/Dashboard/input_Orders Today_order-today"), "*"): Keys '*' sent to object: 'Object Repository/ADMIN/Edit Text/Bespoke/Seller Pages/Dashboard/input_Orders Today_order-today'

2020-03-20 14:49:27 - [MESSAGE][PASSED] - Keys '*' sent to object: 'Object Repository/ADMIN/Edit Text/Bespoke/Seller Pages/Dashboard/input_Orders Today_order-today'

2020-03-20 14:49:27 - [TEST_STEP][PASSED] - sendKeys(findTestObject("ADMIN/Edit Text/Bespoke/Seller Pages/Dashboard/input_Revenue Today_revenue-today"), "*"): Keys '*' sent to object: 'Object Repository/ADMIN/Edit Text/Bespoke/Seller Pages/Dashboard/input_Revenue Today_revenue-today'

2020-03-20 14:49:27 - [MESSAGE][PASSED] - Keys '*' sent to object: 'Object Repository/ADMIN/Edit Text/Bespoke/Seller Pages/Dashboard/input_Revenue Today_revenue-today'

2020-03-20 14:49:27 - [TEST_STEP][PASSED] - sendKeys(findTestObject("ADMIN/Edit Text/Bespoke/Seller Pages/Dashboard/input_BEST SELLER_best-seller"), "*"): Keys '*' sent to object: 'Object Repository/ADMIN/Edit Text/Bespoke/Seller Pages/Dashboard/input_BEST SELLER_best-seller'

2020-03-20 14:49:28 - [MESSAGE][PASSED] - Keys '*' sent to object: 'Object Repository/ADMIN/Edit Text/Bespoke/Seller Pages/Dashboard/input_BEST SELLER_best-seller'

2020-03-20 14:49:28 - [TEST_STEP][PASSED] - sendKeys(findTestObject("ADMIN/Edit Text/Bespoke/Seller Pages/Dashboard/input_Quantity left_quantity-left"), "*"): Keys '*' sent to object: 'Object Repository/ADMIN/Edit Text/Bespoke/Seller Pages/Dashboard/input_Quantity left_quantity-left'

2020-03-20 14:49:28 - [MESSAGE][PASSED] - Keys '*' sent to object: 'Object Repository/ADMIN/Edit Text/Bespoke/Seller Pages/Dashboard/input_Quantity left_quantity-left'

2020-03-20 14:49:28 - [TEST_STEP][PASSED] - sendKeys(findTestObject("ADMIN/Edit Text/Bespoke/Seller Pages/Dashboard/input_TODAY_today"), "*"): Keys '*' sent to object: 'Object Repository/ADMIN/Edit Text/Bespoke/Seller Pages/Dashboard/input_TODAY_today'

2020-03-20 14:49:28 - [MESSAGE][PASSED] - Keys '*' sent to object: 'Object Repository/ADMIN/Edit Text/Bespoke/Seller Pages/Dashboard/input_TODAY_today'

2020-03-20 14:49:28 - [TEST_STEP][PASSED] - sendKeys(findTestObject("ADMIN/Edit Text/Bespoke/Seller Pages/Dashboard/input_LAST 7 DAYS_last-7days"), "*"): Keys '*' sent to object: 'Object Repository/ADMIN/Edit Text/Bespoke/Seller Pages/Dashboard/input_LAST 7 DAYS_last-7days'

2020-03-20 14:49:28 - [MESSAGE][PASSED] - Keys '*' sent to object: 'Object Repository/ADMIN/Edit Text/Bespoke/Seller Pages/Dashboard/input_LAST 7 DAYS_last-7days'

2020-03-20 14:49:28 - [TEST_STEP][PASSED] - sendKeys(findTestObject("ADMIN/Edit Text/Bespoke/Seller Pages/Dashboard/input_LAST 30 DAYS_last-30days"), "*"): Keys '*' sent to object: 'Object Repository/ADMIN/Edit Text/Bespoke/Seller Pages/Dashboard/input_LAST 30 DAYS_last-30days'

2020-03-20 14:49:28 - [MESSAGE][PASSED] - Keys '*' sent to object: 'Object Repository/ADMIN/Edit Text/Bespoke/Seller Pages/Dashboard/input_LAST 30 DAYS_last-30days'

2020-03-20 14:49:28 - [TEST_STEP][PASSED] - sendKeys(findTestObject("ADMIN/Edit Text/Bespoke/Seller Pages/Dashboard/input_Total Sales_total-sales"), "*"): Keys '*' sent to object: 'Object Repository/ADMIN/Edit Text/Bespoke/Seller Pages/Dashboard/input_Total Sales_total-sales'

2020-03-20 14:49:29 - [MESSAGE][PASSED] - Keys '*' sent to object: 'Object Repository/ADMIN/Edit Text/Bespoke/Seller Pages/Dashboard/input_Total Sales_total-sales'

2020-03-20 14:49:29 - [TEST_STEP][PASSED] - sendKeys(findTestObject("ADMIN/Edit Text/Bespoke/Seller Pages/Dashboard/input_Total Orders_total-orders"), "*"): Keys '*' sent to object: 'Object Repository/ADMIN/Edit Text/Bespoke/Seller Pages/Dashboard/input_Total Orders_total-orders'

2020-03-20 14:49:29 - [MESSAGE][PASSED] - Keys '*' sent to object: 'Object Repository/ADMIN/Edit Text/Bespoke/Seller Pages/Dashboard/input_Total Orders_total-orders'

2020-03-20 14:49:29 - [TEST_STEP][PASSED] - sendKeys(findTestObject("ADMIN/Edit Text/Bespoke/Seller Pages/Dashboard/input_Total Visits_total-visits"), "*"): Keys '*' sent to object: 'Object Repository/ADMIN/Edit Text/Bespoke/Seller Pages/Dashboard/input_Total Visits_total-visits'

2020-03-20 14:49:29 - [MESSAGE][PASSED] - Keys '*' sent to object: 'Object Repository/ADMIN/Edit Text/Bespoke/Seller Pages/Dashboard/input_Total Visits_total-visits'

2020-03-20 14:49:29 - [TEST_STEP][PASSED] - sendKeys(findTestObject("ADMIN/Edit Text/Bespoke/Seller Pages/Dashboard/input_Avr Order By Rev_avr-order-by-rev"), "*"): Keys '*' sent to object: 'Object Repository/ADMIN/Edit Text/Bespoke/Seller Pages/Dashboard/input_Avr Order By Rev_avr-order-by-rev'

2020-03-20 14:49:29 - [MESSAGE][PASSED] - Keys '*' sent to object: 'Object Repository/ADMIN/Edit Text/Bespoke/Seller Pages/Dashboard/input_Avr Order By Rev_avr-order-by-rev'

2020-03-20 14:49:29 - [TEST_STEP][PASSED] - sendKeys(findTestObject("ADMIN/Edit Text/Bespoke/Seller Pages/Dashboard/input_Avr Items Sold Per Order_avr-item-sold-per-order"), "*"): Keys '*' sent to object: 'Object Repository/ADMIN/Edit Text/Bespoke/Seller Pages/Dashboard/input_Avr Items Sold Per Order_avr-item-sold-per-order'

2020-03-20 14:49:29 - [MESSAGE][PASSED] - Keys '*' sent to object: 'Object Repository/ADMIN/Edit Text/Bespoke/Seller Pages/Dashboard/input_Avr Items Sold Per Order_avr-item-sold-per-order'

2020-03-20 14:49:29 - [TEST_STEP][PASSED] - sendKeys(findTestObject("ADMIN/Edit Text/Bespoke/Seller Pages/Dashboard/input_Sales_order-sales"), "*"): Keys '*' sent to object: 'Object Repository/ADMIN/Edit Text/Bespoke/Seller Pages/Dashboard/input_Sales_order-sales'

2020-03-20 14:49:30 - [MESSAGE][PASSED] - Keys '*' sent to object: 'Object Repository/ADMIN/Edit Text/Bespoke/Seller Pages/Dashboard/input_Sales_order-sales'

2020-03-20 14:49:30 - [TEST_STEP][PASSED] - sendKeys(findTestObject("ADMIN/Edit Text/Bespoke/Seller Pages/Dashboard/input_Total Revenue_total-revenue"), "*"): Keys '*' sent to object: 'Object Repository/ADMIN/Edit Text/Bespoke/Seller Pages/Dashboard/input_Total Revenue_total-revenue'

2020-03-20 14:49:30 - [MESSAGE][PASSED] - Keys '*' sent to object: 'Object Repository/ADMIN/Edit Text/Bespoke/Seller Pages/Dashboard/input_Total Revenue_total-revenue'

2020-03-20 14:49:30 - [TEST_STEP][PASSED] - sendKeys(findTestObject("ADMIN/Edit Text/Bespoke/Seller Pages/Dashboard/input_Total Orders_total-orders1"), "*"): Keys '*' sent to object: 'Object Repository/ADMIN/Edit Text/Bespoke/Seller Pages/Dashboard/input_Total Orders_total-orders1'

2020-03-20 14:49:30 - [MESSAGE][PASSED] - Keys '*' sent to object: 'Object Repository/ADMIN/Edit Text/Bespoke/Seller Pages/Dashboard/input_Total Orders_total-orders1'

2020-03-20 14:49:30 - [TEST_STEP][PASSED] - sendKeys(findTestObject("ADMIN/Edit Text/Bespoke/Seller Pages/Dashboard/input_Best Product Sellers_best-product-sellers"), "*"): Keys '*' sent to object: 'Object Repository/ADMIN/Edit Text/Bespoke/Seller Pages/Dashboard/input_Best Product Sellers_best-product-sellers'

2020-03-20 14:49:30 - [MESSAGE][PASSED] - Keys '*' sent to object: 'Object Repository/ADMIN/Edit Text/Bespoke/Seller Pages/Dashboard/input_Best Product Sellers_best-product-sellers'

2020-03-20 14:49:30 - [TEST_STEP][PASSED] - sendKeys(findTestObject("ADMIN/Edit Text/Bespoke/Seller Pages/Dashboard/input_Total Sales in_total-sales-in"), "*"): Keys '*' sent to object: 'Object Repository/ADMIN/Edit Text/Bespoke/Seller Pages/Dashboard/input_Total Sales in_total-sales-in'

2020-03-20 14:49:30 - [MESSAGE][PASSED] - Keys '*' sent to object: 'Object Repository/ADMIN/Edit Text/Bespoke/Seller Pages/Dashboard/input_Total Sales in_total-sales-in'

2020-03-20 14:49:30 - [TEST_STEP][PASSED] - sendKeys(findTestObject("ADMIN/Edit Text/Bespoke/Seller Pages/Dashboard/input_Best Sellers_best-sellers"), "*"): Keys '*' sent to object: 'Object Repository/ADMIN/Edit Text/Bespoke/Seller Pages/Dashboard/input_Best Sellers_best-sellers'

2020-03-20 14:49:30 - [MESSAGE][PASSED] - Keys '*' sent to object: 'Object Repository/ADMIN/Edit Text/Bespoke/Seller Pages/Dashboard/input_Best Sellers_best-sellers'

2020-03-20 14:49:30 - [TEST_STEP][PASSED] - sendKeys(findTestObject("ADMIN/Edit Text/Bespoke/Seller Pages/Dashboard/input_Item ID_item-id"), "*"): Keys '*' sent to object: 'Object Repository/ADMIN/Edit Text/Bespoke/Seller Pages/Dashboard/input_Item ID_item-id'

2020-03-20 14:49:31 - [MESSAGE][PASSED] - Keys '*' sent to object: 'Object Repository/ADMIN/Edit Text/Bespoke/Seller Pages/Dashboard/input_Item ID_item-id'

2020-03-20 14:49:31 - [TEST_STEP][PASSED] - sendKeys(findTestObject("ADMIN/Edit Text/Bespoke/Seller Pages/Dashboard/input_Total Sales_total-sales1"), "*"): Keys '*' sent to object: 'Object Repository/ADMIN/Edit Text/Bespoke/Seller Pages/Dashboard/input_Total Sales_total-sales1'

2020-03-20 14:49:31 - [MESSAGE][PASSED] - Keys '*' sent to object: 'Object Repository/ADMIN/Edit Text/Bespoke/Seller Pages/Dashboard/input_Total Sales_total-sales1'

2020-03-20 14:49:31 - [TEST_STEP][PASSED] - sendKeys(findTestObject("ADMIN/Edit Text/Bespoke/Seller Pages/Dashboard/input_Item Sold_item-sold"), "*"): Keys '*' sent to object: 'Object Repository/ADMIN/Edit Text/Bespoke/Seller Pages/Dashboard/input_Item Sold_item-sold'

2020-03-20 14:49:31 - [MESSAGE][PASSED] - Keys '*' sent to object: 'Object Repository/ADMIN/Edit Text/Bespoke/Seller Pages/Dashboard/input_Item Sold_item-sold'

2020-03-20 14:49:31 - [TEST_STEP][PASSED] - sendKeys(findTestObject("ADMIN/Edit Text/Bespoke/Seller Pages/Dashboard/input_Top Viewed Items_top-viewed-item"), "*"): Keys '*' sent to object: 'Object Repository/ADMIN/Edit Text/Bespoke/Seller Pages/Dashboard/input_Top Viewed Items_top-viewed-item'

2020-03-20 14:49:31 - [MESSAGE][PASSED] - Keys '*' sent to object: 'Object Repository/ADMIN/Edit Text/Bespoke/Seller Pages/Dashboard/input_Top Viewed Items_top-viewed-item'

2020-03-20 14:49:31 - [TEST_STEP][PASSED] - sendKeys(findTestObject("ADMIN/Edit Text/Bespoke/Seller Pages/Dashboard/input_Total Views per Item_total-views-per-item"), "*"): Keys '*' sent to object: 'Object Repository/ADMIN/Edit Text/Bespoke/Seller Pages/Dashboard/input_Total Views per Item_total-views-per-item'

2020-03-20 14:49:31 - [MESSAGE][PASSED] - Keys '*' sent to object: 'Object Repository/ADMIN/Edit Text/Bespoke/Seller Pages/Dashboard/input_Total Views per Item_total-views-per-item'

2020-03-20 14:49:31 - [TEST_STEP][PASSED] - sendKeys(findTestObject("ADMIN/Edit Text/Bespoke/Seller Pages/Dashboard/input_Most Viewed_most-viewed"), "*"): Keys '*' sent to object: 'Object Repository/ADMIN/Edit Text/Bespoke/Seller Pages/Dashboard/input_Most Viewed_most-viewed'

2020-03-20 14:49:32 - [MESSAGE][PASSED] - Keys '*' sent to object: 'Object Repository/ADMIN/Edit Text/Bespoke/Seller Pages/Dashboard/input_Most Viewed_most-viewed'

2020-03-20 14:49:32 - [TEST_STEP][PASSED] - sendKeys(findTestObject("ADMIN/Edit Text/Bespoke/Seller Pages/Dashboard/input_Total Views_total-views"), "*"): Keys '*' sent to object: 'Object Repository/ADMIN/Edit Text/Bespoke/Seller Pages/Dashboard/input_Total Views_total-views'

2020-03-20 14:49:32 - [MESSAGE][PASSED] - Keys '*' sent to object: 'Object Repository/ADMIN/Edit Text/Bespoke/Seller Pages/Dashboard/input_Total Views_total-views'

2020-03-20 14:49:32 - [TEST_STEP][PASSED] - sendKeys(findTestObject("ADMIN/Edit Text/Bespoke/Seller Pages/Dashboard/input_Day_order-day"), "*"): Keys '*' sent to object: 'Object Repository/ADMIN/Edit Text/Bespoke/Seller Pages/Dashboard/input_Day_order-day'

2020-03-20 14:49:32 - [MESSAGE][PASSED] - Keys '*' sent to object: 'Object Repository/ADMIN/Edit Text/Bespoke/Seller Pages/Dashboard/input_Day_order-day'

2020-03-20 14:49:32 - [TEST_STEP][PASSED] - sendKeys(findTestObject("ADMIN/Edit Text/Bespoke/Seller Pages/Dashboard/input_Week_order-week"), "*"): Keys '*' sent to object: 'Object Repository/ADMIN/Edit Text/Bespoke/Seller Pages/Dashboard/input_Week_order-week'

2020-03-20 14:49:32 - [MESSAGE][PASSED] - Keys '*' sent to object: 'Object Repository/ADMIN/Edit Text/Bespoke/Seller Pages/Dashboard/input_Week_order-week'

2020-03-20 14:49:32 - [TEST_STEP][PASSED] - sendKeys(findTestObject("ADMIN/Edit Text/Bespoke/Seller Pages/Dashboard/input_Month_order-time"), "*"): Keys '*' sent to object: 'Object Repository/ADMIN/Edit Text/Bespoke/Seller Pages/Dashboard/input_Month_order-time'

2020-03-20 14:49:33 - [MESSAGE][PASSED] - Keys '*' sent to object: 'Object Repository/ADMIN/Edit Text/Bespoke/Seller Pages/Dashboard/input_Month_order-time'

2020-03-20 14:49:33 - [TEST_STEP][PASSED] - click(findTestObject("ADMIN/Edit Text/Bespoke/Buyer Pages/Homepage/button_save"), CONTINUE_ON_FAILURE): Object: 'Object Repository/ADMIN/Edit Text/Bespoke/Buyer Pages/Homepage/button_save' is clicked on

2020-03-20 14:49:33 - [MESSAGE][PASSED] - Object: 'Object Repository/ADMIN/Edit Text/Bespoke/Buyer Pages/Homepage/button_save' is clicked on

2020-03-20 14:49:33 - [TEST_STEP][PASSED] - waitForElementVisible(findTestObject("ADMIN/Edit Text/Bespoke/Buyer Pages/Homepage/toaster_success"), 0): Object 'Object Repository/ADMIN/Edit Text/Bespoke/Buyer Pages/Homepage/toaster_success' is visible

2020-03-20 14:49:33 - [MESSAGE][WARNING] - Timeout '0' is invalid. Using default page load timeout: '30'

2020-03-20 14:49:33 - [MESSAGE][PASSED] - Object 'Object Repository/ADMIN/Edit Text/Bespoke/Buyer Pages/Homepage/toaster_success' is visible]]></system-out>
         <system-err><![CDATA[]]></system-err>
      </testcase>
      <testcase name="Test Cases/ADMIN/Language/Edit Text/Bespoke/Seller/Dashboard" time="9.255" classname="Test Cases/ADMIN/Language/Edit Text/Bespoke/Seller/Dashboard" status="PASSED">
         <system-out><![CDATA[2020-03-20 14:49:33 - [TEST_CASE][PASSED] - Test Cases/ADMIN/Language/Edit Text/Bespoke/Seller/Dashboard: Test Cases/ADMIN/Language/Edit Text/Bespoke/Seller/Dashboard

2020-03-20 14:49:33 - [TEST_STEP][PASSED] - waitForElementVisible(findTestObject("ADMIN/Edit Text/Bespoke/Buyer Navigation/dd_language"), 0): Object 'Object Repository/ADMIN/Edit Text/Bespoke/Buyer Navigation/dd_language' is visible

2020-03-20 14:49:33 - [MESSAGE][WARNING] - Timeout '0' is invalid. Using default page load timeout: '30'

2020-03-20 14:49:34 - [MESSAGE][PASSED] - Object 'Object Repository/ADMIN/Edit Text/Bespoke/Buyer Navigation/dd_language' is visible

2020-03-20 14:49:34 - [TEST_STEP][PASSED] - selectOptionByLabel(findTestObject("ADMIN/Edit Text/Bespoke/Buyer Navigation/dd_language"), varLanguage, false): All options with label 'Japanese' are selected in object 'Object Repository/ADMIN/Edit Text/Bespoke/Buyer Navigation/dd_language' 

2020-03-20 14:49:35 - [MESSAGE][PASSED] - All options with label 'Japanese' are selected in object 'Object Repository/ADMIN/Edit Text/Bespoke/Buyer Navigation/dd_language' 

2020-03-20 14:49:35 - [TEST_STEP][PASSED] - sendKeys(findTestObject("ADMIN/Edit Text/Bespoke/Seller Pages/Dashboard/input_DASHBOARD_marketplace-name"), "*"): Keys '*' sent to object: 'Object Repository/ADMIN/Edit Text/Bespoke/Seller Pages/Dashboard/input_DASHBOARD_marketplace-name'

2020-03-20 14:49:35 - [MESSAGE][PASSED] - Keys '*' sent to object: 'Object Repository/ADMIN/Edit Text/Bespoke/Seller Pages/Dashboard/input_DASHBOARD_marketplace-name'

2020-03-20 14:49:35 - [TEST_STEP][PASSED] - sendKeys(findTestObject("ADMIN/Edit Text/Bespoke/Seller Pages/Dashboard/input_A quick overview of your sales and seller activity_item_details"), "*"): Keys '*' sent to object: 'Object Repository/ADMIN/Edit Text/Bespoke/Seller Pages/Dashboard/input_A quick overview of your sales and seller activity_item_details'

2020-03-20 14:49:36 - [MESSAGE][PASSED] - Keys '*' sent to object: 'Object Repository/ADMIN/Edit Text/Bespoke/Seller Pages/Dashboard/input_A quick overview of your sales and seller activity_item_details'

2020-03-20 14:49:36 - [TEST_STEP][PASSED] - sendKeys(findTestObject("ADMIN/Edit Text/Bespoke/Seller Pages/Dashboard/input_Orders Today_order-today"), "*"): Keys '*' sent to object: 'Object Repository/ADMIN/Edit Text/Bespoke/Seller Pages/Dashboard/input_Orders Today_order-today'

2020-03-20 14:49:36 - [MESSAGE][PASSED] - Keys '*' sent to object: 'Object Repository/ADMIN/Edit Text/Bespoke/Seller Pages/Dashboard/input_Orders Today_order-today'

2020-03-20 14:49:36 - [TEST_STEP][PASSED] - sendKeys(findTestObject("ADMIN/Edit Text/Bespoke/Seller Pages/Dashboard/input_Revenue Today_revenue-today"), "*"): Keys '*' sent to object: 'Object Repository/ADMIN/Edit Text/Bespoke/Seller Pages/Dashboard/input_Revenue Today_revenue-today'

2020-03-20 14:49:36 - [MESSAGE][PASSED] - Keys '*' sent to object: 'Object Repository/ADMIN/Edit Text/Bespoke/Seller Pages/Dashboard/input_Revenue Today_revenue-today'

2020-03-20 14:49:36 - [TEST_STEP][PASSED] - sendKeys(findTestObject("ADMIN/Edit Text/Bespoke/Seller Pages/Dashboard/input_BEST SELLER_best-seller"), "*"): Keys '*' sent to object: 'Object Repository/ADMIN/Edit Text/Bespoke/Seller Pages/Dashboard/input_BEST SELLER_best-seller'

2020-03-20 14:49:37 - [MESSAGE][PASSED] - Keys '*' sent to object: 'Object Repository/ADMIN/Edit Text/Bespoke/Seller Pages/Dashboard/input_BEST SELLER_best-seller'

2020-03-20 14:49:37 - [TEST_STEP][PASSED] - sendKeys(findTestObject("ADMIN/Edit Text/Bespoke/Seller Pages/Dashboard/input_Quantity left_quantity-left"), "*"): Keys '*' sent to object: 'Object Repository/ADMIN/Edit Text/Bespoke/Seller Pages/Dashboard/input_Quantity left_quantity-left'

2020-03-20 14:49:37 - [MESSAGE][PASSED] - Keys '*' sent to object: 'Object Repository/ADMIN/Edit Text/Bespoke/Seller Pages/Dashboard/input_Quantity left_quantity-left'

2020-03-20 14:49:37 - [TEST_STEP][PASSED] - sendKeys(findTestObject("ADMIN/Edit Text/Bespoke/Seller Pages/Dashboard/input_TODAY_today"), "*"): Keys '*' sent to object: 'Object Repository/ADMIN/Edit Text/Bespoke/Seller Pages/Dashboard/input_TODAY_today'

2020-03-20 14:49:37 - [MESSAGE][PASSED] - Keys '*' sent to object: 'Object Repository/ADMIN/Edit Text/Bespoke/Seller Pages/Dashboard/input_TODAY_today'

2020-03-20 14:49:37 - [TEST_STEP][PASSED] - sendKeys(findTestObject("ADMIN/Edit Text/Bespoke/Seller Pages/Dashboard/input_LAST 7 DAYS_last-7days"), "*"): Keys '*' sent to object: 'Object Repository/ADMIN/Edit Text/Bespoke/Seller Pages/Dashboard/input_LAST 7 DAYS_last-7days'

2020-03-20 14:49:37 - [MESSAGE][PASSED] - Keys '*' sent to object: 'Object Repository/ADMIN/Edit Text/Bespoke/Seller Pages/Dashboard/input_LAST 7 DAYS_last-7days'

2020-03-20 14:49:37 - [TEST_STEP][PASSED] - sendKeys(findTestObject("ADMIN/Edit Text/Bespoke/Seller Pages/Dashboard/input_LAST 30 DAYS_last-30days"), "*"): Keys '*' sent to object: 'Object Repository/ADMIN/Edit Text/Bespoke/Seller Pages/Dashboard/input_LAST 30 DAYS_last-30days'

2020-03-20 14:49:37 - [MESSAGE][PASSED] - Keys '*' sent to object: 'Object Repository/ADMIN/Edit Text/Bespoke/Seller Pages/Dashboard/input_LAST 30 DAYS_last-30days'

2020-03-20 14:49:37 - [TEST_STEP][PASSED] - sendKeys(findTestObject("ADMIN/Edit Text/Bespoke/Seller Pages/Dashboard/input_Total Sales_total-sales"), "*"): Keys '*' sent to object: 'Object Repository/ADMIN/Edit Text/Bespoke/Seller Pages/Dashboard/input_Total Sales_total-sales'

2020-03-20 14:49:38 - [MESSAGE][PASSED] - Keys '*' sent to object: 'Object Repository/ADMIN/Edit Text/Bespoke/Seller Pages/Dashboard/input_Total Sales_total-sales'

2020-03-20 14:49:38 - [TEST_STEP][PASSED] - sendKeys(findTestObject("ADMIN/Edit Text/Bespoke/Seller Pages/Dashboard/input_Total Orders_total-orders"), "*"): Keys '*' sent to object: 'Object Repository/ADMIN/Edit Text/Bespoke/Seller Pages/Dashboard/input_Total Orders_total-orders'

2020-03-20 14:49:38 - [MESSAGE][PASSED] - Keys '*' sent to object: 'Object Repository/ADMIN/Edit Text/Bespoke/Seller Pages/Dashboard/input_Total Orders_total-orders'

2020-03-20 14:49:38 - [TEST_STEP][PASSED] - sendKeys(findTestObject("ADMIN/Edit Text/Bespoke/Seller Pages/Dashboard/input_Total Visits_total-visits"), "*"): Keys '*' sent to object: 'Object Repository/ADMIN/Edit Text/Bespoke/Seller Pages/Dashboard/input_Total Visits_total-visits'

2020-03-20 14:49:38 - [MESSAGE][PASSED] - Keys '*' sent to object: 'Object Repository/ADMIN/Edit Text/Bespoke/Seller Pages/Dashboard/input_Total Visits_total-visits'

2020-03-20 14:49:38 - [TEST_STEP][PASSED] - sendKeys(findTestObject("ADMIN/Edit Text/Bespoke/Seller Pages/Dashboard/input_Avr Order By Rev_avr-order-by-rev"), "*"): Keys '*' sent to object: 'Object Repository/ADMIN/Edit Text/Bespoke/Seller Pages/Dashboard/input_Avr Order By Rev_avr-order-by-rev'

2020-03-20 14:49:38 - [MESSAGE][PASSED] - Keys '*' sent to object: 'Object Repository/ADMIN/Edit Text/Bespoke/Seller Pages/Dashboard/input_Avr Order By Rev_avr-order-by-rev'

2020-03-20 14:49:38 - [TEST_STEP][PASSED] - sendKeys(findTestObject("ADMIN/Edit Text/Bespoke/Seller Pages/Dashboard/input_Avr Items Sold Per Order_avr-item-sold-per-order"), "*"): Keys '*' sent to object: 'Object Repository/ADMIN/Edit Text/Bespoke/Seller Pages/Dashboard/input_Avr Items Sold Per Order_avr-item-sold-per-order'

2020-03-20 14:49:39 - [MESSAGE][PASSED] - Keys '*' sent to object: 'Object Repository/ADMIN/Edit Text/Bespoke/Seller Pages/Dashboard/input_Avr Items Sold Per Order_avr-item-sold-per-order'

2020-03-20 14:49:39 - [TEST_STEP][PASSED] - sendKeys(findTestObject("ADMIN/Edit Text/Bespoke/Seller Pages/Dashboard/input_Sales_order-sales"), "*"): Keys '*' sent to object: 'Object Repository/ADMIN/Edit Text/Bespoke/Seller Pages/Dashboard/input_Sales_order-sales'

2020-03-20 14:49:39 - [MESSAGE][PASSED] - Keys '*' sent to object: 'Object Repository/ADMIN/Edit Text/Bespoke/Seller Pages/Dashboard/input_Sales_order-sales'

2020-03-20 14:49:39 - [TEST_STEP][PASSED] - sendKeys(findTestObject("ADMIN/Edit Text/Bespoke/Seller Pages/Dashboard/input_Total Revenue_total-revenue"), "*"): Keys '*' sent to object: 'Object Repository/ADMIN/Edit Text/Bespoke/Seller Pages/Dashboard/input_Total Revenue_total-revenue'

2020-03-20 14:49:39 - [MESSAGE][PASSED] - Keys '*' sent to object: 'Object Repository/ADMIN/Edit Text/Bespoke/Seller Pages/Dashboard/input_Total Revenue_total-revenue'

2020-03-20 14:49:39 - [TEST_STEP][PASSED] - sendKeys(findTestObject("ADMIN/Edit Text/Bespoke/Seller Pages/Dashboard/input_Total Orders_total-orders1"), "*"): Keys '*' sent to object: 'Object Repository/ADMIN/Edit Text/Bespoke/Seller Pages/Dashboard/input_Total Orders_total-orders1'

2020-03-20 14:49:39 - [MESSAGE][PASSED] - Keys '*' sent to object: 'Object Repository/ADMIN/Edit Text/Bespoke/Seller Pages/Dashboard/input_Total Orders_total-orders1'

2020-03-20 14:49:39 - [TEST_STEP][PASSED] - sendKeys(findTestObject("ADMIN/Edit Text/Bespoke/Seller Pages/Dashboard/input_Best Product Sellers_best-product-sellers"), "*"): Keys '*' sent to object: 'Object Repository/ADMIN/Edit Text/Bespoke/Seller Pages/Dashboard/input_Best Product Sellers_best-product-sellers'

2020-03-20 14:49:39 - [MESSAGE][PASSED] - Keys '*' sent to object: 'Object Repository/ADMIN/Edit Text/Bespoke/Seller Pages/Dashboard/input_Best Product Sellers_best-product-sellers'

2020-03-20 14:49:39 - [TEST_STEP][PASSED] - sendKeys(findTestObject("ADMIN/Edit Text/Bespoke/Seller Pages/Dashboard/input_Total Sales in_total-sales-in"), "*"): Keys '*' sent to object: 'Object Repository/ADMIN/Edit Text/Bespoke/Seller Pages/Dashboard/input_Total Sales in_total-sales-in'

2020-03-20 14:49:39 - [MESSAGE][PASSED] - Keys '*' sent to object: 'Object Repository/ADMIN/Edit Text/Bespoke/Seller Pages/Dashboard/input_Total Sales in_total-sales-in'

2020-03-20 14:49:39 - [TEST_STEP][PASSED] - sendKeys(findTestObject("ADMIN/Edit Text/Bespoke/Seller Pages/Dashboard/input_Best Sellers_best-sellers"), "*"): Keys '*' sent to object: 'Object Repository/ADMIN/Edit Text/Bespoke/Seller Pages/Dashboard/input_Best Sellers_best-sellers'

2020-03-20 14:49:40 - [MESSAGE][PASSED] - Keys '*' sent to object: 'Object Repository/ADMIN/Edit Text/Bespoke/Seller Pages/Dashboard/input_Best Sellers_best-sellers'

2020-03-20 14:49:40 - [TEST_STEP][PASSED] - sendKeys(findTestObject("ADMIN/Edit Text/Bespoke/Seller Pages/Dashboard/input_Item ID_item-id"), "*"): Keys '*' sent to object: 'Object Repository/ADMIN/Edit Text/Bespoke/Seller Pages/Dashboard/input_Item ID_item-id'

2020-03-20 14:49:40 - [MESSAGE][PASSED] - Keys '*' sent to object: 'Object Repository/ADMIN/Edit Text/Bespoke/Seller Pages/Dashboard/input_Item ID_item-id'

2020-03-20 14:49:40 - [TEST_STEP][PASSED] - sendKeys(findTestObject("ADMIN/Edit Text/Bespoke/Seller Pages/Dashboard/input_Total Sales_total-sales1"), "*"): Keys '*' sent to object: 'Object Repository/ADMIN/Edit Text/Bespoke/Seller Pages/Dashboard/input_Total Sales_total-sales1'

2020-03-20 14:49:40 - [MESSAGE][PASSED] - Keys '*' sent to object: 'Object Repository/ADMIN/Edit Text/Bespoke/Seller Pages/Dashboard/input_Total Sales_total-sales1'

2020-03-20 14:49:40 - [TEST_STEP][PASSED] - sendKeys(findTestObject("ADMIN/Edit Text/Bespoke/Seller Pages/Dashboard/input_Item Sold_item-sold"), "*"): Keys '*' sent to object: 'Object Repository/ADMIN/Edit Text/Bespoke/Seller Pages/Dashboard/input_Item Sold_item-sold'

2020-03-20 14:49:40 - [MESSAGE][PASSED] - Keys '*' sent to object: 'Object Repository/ADMIN/Edit Text/Bespoke/Seller Pages/Dashboard/input_Item Sold_item-sold'

2020-03-20 14:49:40 - [TEST_STEP][PASSED] - sendKeys(findTestObject("ADMIN/Edit Text/Bespoke/Seller Pages/Dashboard/input_Top Viewed Items_top-viewed-item"), "*"): Keys '*' sent to object: 'Object Repository/ADMIN/Edit Text/Bespoke/Seller Pages/Dashboard/input_Top Viewed Items_top-viewed-item'

2020-03-20 14:49:41 - [MESSAGE][PASSED] - Keys '*' sent to object: 'Object Repository/ADMIN/Edit Text/Bespoke/Seller Pages/Dashboard/input_Top Viewed Items_top-viewed-item'

2020-03-20 14:49:41 - [TEST_STEP][PASSED] - sendKeys(findTestObject("ADMIN/Edit Text/Bespoke/Seller Pages/Dashboard/input_Total Views per Item_total-views-per-item"), "*"): Keys '*' sent to object: 'Object Repository/ADMIN/Edit Text/Bespoke/Seller Pages/Dashboard/input_Total Views per Item_total-views-per-item'

2020-03-20 14:49:41 - [MESSAGE][PASSED] - Keys '*' sent to object: 'Object Repository/ADMIN/Edit Text/Bespoke/Seller Pages/Dashboard/input_Total Views per Item_total-views-per-item'

2020-03-20 14:49:41 - [TEST_STEP][PASSED] - sendKeys(findTestObject("ADMIN/Edit Text/Bespoke/Seller Pages/Dashboard/input_Most Viewed_most-viewed"), "*"): Keys '*' sent to object: 'Object Repository/ADMIN/Edit Text/Bespoke/Seller Pages/Dashboard/input_Most Viewed_most-viewed'

2020-03-20 14:49:41 - [MESSAGE][PASSED] - Keys '*' sent to object: 'Object Repository/ADMIN/Edit Text/Bespoke/Seller Pages/Dashboard/input_Most Viewed_most-viewed'

2020-03-20 14:49:41 - [TEST_STEP][PASSED] - sendKeys(findTestObject("ADMIN/Edit Text/Bespoke/Seller Pages/Dashboard/input_Total Views_total-views"), "*"): Keys '*' sent to object: 'Object Repository/ADMIN/Edit Text/Bespoke/Seller Pages/Dashboard/input_Total Views_total-views'

2020-03-20 14:49:41 - [MESSAGE][PASSED] - Keys '*' sent to object: 'Object Repository/ADMIN/Edit Text/Bespoke/Seller Pages/Dashboard/input_Total Views_total-views'

2020-03-20 14:49:41 - [TEST_STEP][PASSED] - sendKeys(findTestObject("ADMIN/Edit Text/Bespoke/Seller Pages/Dashboard/input_Day_order-day"), "*"): Keys '*' sent to object: 'Object Repository/ADMIN/Edit Text/Bespoke/Seller Pages/Dashboard/input_Day_order-day'

2020-03-20 14:49:41 - [MESSAGE][PASSED] - Keys '*' sent to object: 'Object Repository/ADMIN/Edit Text/Bespoke/Seller Pages/Dashboard/input_Day_order-day'

2020-03-20 14:49:41 - [TEST_STEP][PASSED] - sendKeys(findTestObject("ADMIN/Edit Text/Bespoke/Seller Pages/Dashboard/input_Week_order-week"), "*"): Keys '*' sent to object: 'Object Repository/ADMIN/Edit Text/Bespoke/Seller Pages/Dashboard/input_Week_order-week'

2020-03-20 14:49:42 - [MESSAGE][PASSED] - Keys '*' sent to object: 'Object Repository/ADMIN/Edit Text/Bespoke/Seller Pages/Dashboard/input_Week_order-week'

2020-03-20 14:49:42 - [TEST_STEP][PASSED] - sendKeys(findTestObject("ADMIN/Edit Text/Bespoke/Seller Pages/Dashboard/input_Month_order-time"), "*"): Keys '*' sent to object: 'Object Repository/ADMIN/Edit Text/Bespoke/Seller Pages/Dashboard/input_Month_order-time'

2020-03-20 14:49:42 - [MESSAGE][PASSED] - Keys '*' sent to object: 'Object Repository/ADMIN/Edit Text/Bespoke/Seller Pages/Dashboard/input_Month_order-time'

2020-03-20 14:49:42 - [TEST_STEP][PASSED] - click(findTestObject("ADMIN/Edit Text/Bespoke/Buyer Pages/Homepage/button_save"), CONTINUE_ON_FAILURE): Object: 'Object Repository/ADMIN/Edit Text/Bespoke/Buyer Pages/Homepage/button_save' is clicked on

2020-03-20 14:49:42 - [MESSAGE][PASSED] - Object: 'Object Repository/ADMIN/Edit Text/Bespoke/Buyer Pages/Homepage/button_save' is clicked on

2020-03-20 14:49:42 - [TEST_STEP][PASSED] - waitForElementVisible(findTestObject("ADMIN/Edit Text/Bespoke/Buyer Pages/Homepage/toaster_success"), 0): Object 'Object Repository/ADMIN/Edit Text/Bespoke/Buyer Pages/Homepage/toaster_success' is visible

2020-03-20 14:49:42 - [MESSAGE][WARNING] - Timeout '0' is invalid. Using default page load timeout: '30'

2020-03-20 14:49:43 - [MESSAGE][PASSED] - Object 'Object Repository/ADMIN/Edit Text/Bespoke/Buyer Pages/Homepage/toaster_success' is visible]]></system-out>
         <system-err><![CDATA[]]></system-err>
      </testcase>
      <testcase name="Test Cases/ADMIN/Language/Edit Text/Bespoke/Seller/Dashboard" time="8.876" classname="Test Cases/ADMIN/Language/Edit Text/Bespoke/Seller/Dashboard" status="PASSED">
         <system-out><![CDATA[2020-03-20 14:49:43 - [TEST_CASE][PASSED] - Test Cases/ADMIN/Language/Edit Text/Bespoke/Seller/Dashboard: Test Cases/ADMIN/Language/Edit Text/Bespoke/Seller/Dashboard

2020-03-20 14:49:43 - [TEST_STEP][PASSED] - waitForElementVisible(findTestObject("ADMIN/Edit Text/Bespoke/Buyer Navigation/dd_language"), 0): Object 'Object Repository/ADMIN/Edit Text/Bespoke/Buyer Navigation/dd_language' is visible

2020-03-20 14:49:43 - [MESSAGE][WARNING] - Timeout '0' is invalid. Using default page load timeout: '30'

2020-03-20 14:49:43 - [MESSAGE][PASSED] - Object 'Object Repository/ADMIN/Edit Text/Bespoke/Buyer Navigation/dd_language' is visible

2020-03-20 14:49:43 - [TEST_STEP][PASSED] - selectOptionByLabel(findTestObject("ADMIN/Edit Text/Bespoke/Buyer Navigation/dd_language"), varLanguage, false): All options with label 'Chinese (Traditional)' are selected in object 'Object Repository/ADMIN/Edit Text/Bespoke/Buyer Navigation/dd_language' 

2020-03-20 14:49:44 - [MESSAGE][PASSED] - All options with label 'Chinese (Traditional)' are selected in object 'Object Repository/ADMIN/Edit Text/Bespoke/Buyer Navigation/dd_language' 

2020-03-20 14:49:44 - [TEST_STEP][PASSED] - sendKeys(findTestObject("ADMIN/Edit Text/Bespoke/Seller Pages/Dashboard/input_DASHBOARD_marketplace-name"), "*"): Keys '*' sent to object: 'Object Repository/ADMIN/Edit Text/Bespoke/Seller Pages/Dashboard/input_DASHBOARD_marketplace-name'

2020-03-20 14:49:44 - [MESSAGE][PASSED] - Keys '*' sent to object: 'Object Repository/ADMIN/Edit Text/Bespoke/Seller Pages/Dashboard/input_DASHBOARD_marketplace-name'

2020-03-20 14:49:44 - [TEST_STEP][PASSED] - sendKeys(findTestObject("ADMIN/Edit Text/Bespoke/Seller Pages/Dashboard/input_A quick overview of your sales and seller activity_item_details"), "*"): Keys '*' sent to object: 'Object Repository/ADMIN/Edit Text/Bespoke/Seller Pages/Dashboard/input_A quick overview of your sales and seller activity_item_details'

2020-03-20 14:49:45 - [MESSAGE][PASSED] - Keys '*' sent to object: 'Object Repository/ADMIN/Edit Text/Bespoke/Seller Pages/Dashboard/input_A quick overview of your sales and seller activity_item_details'

2020-03-20 14:49:45 - [TEST_STEP][PASSED] - sendKeys(findTestObject("ADMIN/Edit Text/Bespoke/Seller Pages/Dashboard/input_Orders Today_order-today"), "*"): Keys '*' sent to object: 'Object Repository/ADMIN/Edit Text/Bespoke/Seller Pages/Dashboard/input_Orders Today_order-today'

2020-03-20 14:49:45 - [MESSAGE][PASSED] - Keys '*' sent to object: 'Object Repository/ADMIN/Edit Text/Bespoke/Seller Pages/Dashboard/input_Orders Today_order-today'

2020-03-20 14:49:45 - [TEST_STEP][PASSED] - sendKeys(findTestObject("ADMIN/Edit Text/Bespoke/Seller Pages/Dashboard/input_Revenue Today_revenue-today"), "*"): Keys '*' sent to object: 'Object Repository/ADMIN/Edit Text/Bespoke/Seller Pages/Dashboard/input_Revenue Today_revenue-today'

2020-03-20 14:49:45 - [MESSAGE][PASSED] - Keys '*' sent to object: 'Object Repository/ADMIN/Edit Text/Bespoke/Seller Pages/Dashboard/input_Revenue Today_revenue-today'

2020-03-20 14:49:45 - [TEST_STEP][PASSED] - sendKeys(findTestObject("ADMIN/Edit Text/Bespoke/Seller Pages/Dashboard/input_BEST SELLER_best-seller"), "*"): Keys '*' sent to object: 'Object Repository/ADMIN/Edit Text/Bespoke/Seller Pages/Dashboard/input_BEST SELLER_best-seller'

2020-03-20 14:49:45 - [MESSAGE][PASSED] - Keys '*' sent to object: 'Object Repository/ADMIN/Edit Text/Bespoke/Seller Pages/Dashboard/input_BEST SELLER_best-seller'

2020-03-20 14:49:45 - [TEST_STEP][PASSED] - sendKeys(findTestObject("ADMIN/Edit Text/Bespoke/Seller Pages/Dashboard/input_Quantity left_quantity-left"), "*"): Keys '*' sent to object: 'Object Repository/ADMIN/Edit Text/Bespoke/Seller Pages/Dashboard/input_Quantity left_quantity-left'

2020-03-20 14:49:46 - [MESSAGE][PASSED] - Keys '*' sent to object: 'Object Repository/ADMIN/Edit Text/Bespoke/Seller Pages/Dashboard/input_Quantity left_quantity-left'

2020-03-20 14:49:46 - [TEST_STEP][PASSED] - sendKeys(findTestObject("ADMIN/Edit Text/Bespoke/Seller Pages/Dashboard/input_TODAY_today"), "*"): Keys '*' sent to object: 'Object Repository/ADMIN/Edit Text/Bespoke/Seller Pages/Dashboard/input_TODAY_today'

2020-03-20 14:49:46 - [MESSAGE][PASSED] - Keys '*' sent to object: 'Object Repository/ADMIN/Edit Text/Bespoke/Seller Pages/Dashboard/input_TODAY_today'

2020-03-20 14:49:46 - [TEST_STEP][PASSED] - sendKeys(findTestObject("ADMIN/Edit Text/Bespoke/Seller Pages/Dashboard/input_LAST 7 DAYS_last-7days"), "*"): Keys '*' sent to object: 'Object Repository/ADMIN/Edit Text/Bespoke/Seller Pages/Dashboard/input_LAST 7 DAYS_last-7days'

2020-03-20 14:49:46 - [MESSAGE][PASSED] - Keys '*' sent to object: 'Object Repository/ADMIN/Edit Text/Bespoke/Seller Pages/Dashboard/input_LAST 7 DAYS_last-7days'

2020-03-20 14:49:46 - [TEST_STEP][PASSED] - sendKeys(findTestObject("ADMIN/Edit Text/Bespoke/Seller Pages/Dashboard/input_LAST 30 DAYS_last-30days"), "*"): Keys '*' sent to object: 'Object Repository/ADMIN/Edit Text/Bespoke/Seller Pages/Dashboard/input_LAST 30 DAYS_last-30days'

2020-03-20 14:49:46 - [MESSAGE][PASSED] - Keys '*' sent to object: 'Object Repository/ADMIN/Edit Text/Bespoke/Seller Pages/Dashboard/input_LAST 30 DAYS_last-30days'

2020-03-20 14:49:46 - [TEST_STEP][PASSED] - sendKeys(findTestObject("ADMIN/Edit Text/Bespoke/Seller Pages/Dashboard/input_Total Sales_total-sales"), "*"): Keys '*' sent to object: 'Object Repository/ADMIN/Edit Text/Bespoke/Seller Pages/Dashboard/input_Total Sales_total-sales'

2020-03-20 14:49:47 - [MESSAGE][PASSED] - Keys '*' sent to object: 'Object Repository/ADMIN/Edit Text/Bespoke/Seller Pages/Dashboard/input_Total Sales_total-sales'

2020-03-20 14:49:47 - [TEST_STEP][PASSED] - sendKeys(findTestObject("ADMIN/Edit Text/Bespoke/Seller Pages/Dashboard/input_Total Orders_total-orders"), "*"): Keys '*' sent to object: 'Object Repository/ADMIN/Edit Text/Bespoke/Seller Pages/Dashboard/input_Total Orders_total-orders'

2020-03-20 14:49:47 - [MESSAGE][PASSED] - Keys '*' sent to object: 'Object Repository/ADMIN/Edit Text/Bespoke/Seller Pages/Dashboard/input_Total Orders_total-orders'

2020-03-20 14:49:47 - [TEST_STEP][PASSED] - sendKeys(findTestObject("ADMIN/Edit Text/Bespoke/Seller Pages/Dashboard/input_Total Visits_total-visits"), "*"): Keys '*' sent to object: 'Object Repository/ADMIN/Edit Text/Bespoke/Seller Pages/Dashboard/input_Total Visits_total-visits'

2020-03-20 14:49:47 - [MESSAGE][PASSED] - Keys '*' sent to object: 'Object Repository/ADMIN/Edit Text/Bespoke/Seller Pages/Dashboard/input_Total Visits_total-visits'

2020-03-20 14:49:47 - [TEST_STEP][PASSED] - sendKeys(findTestObject("ADMIN/Edit Text/Bespoke/Seller Pages/Dashboard/input_Avr Order By Rev_avr-order-by-rev"), "*"): Keys '*' sent to object: 'Object Repository/ADMIN/Edit Text/Bespoke/Seller Pages/Dashboard/input_Avr Order By Rev_avr-order-by-rev'

2020-03-20 14:49:47 - [MESSAGE][PASSED] - Keys '*' sent to object: 'Object Repository/ADMIN/Edit Text/Bespoke/Seller Pages/Dashboard/input_Avr Order By Rev_avr-order-by-rev'

2020-03-20 14:49:47 - [TEST_STEP][PASSED] - sendKeys(findTestObject("ADMIN/Edit Text/Bespoke/Seller Pages/Dashboard/input_Avr Items Sold Per Order_avr-item-sold-per-order"), "*"): Keys '*' sent to object: 'Object Repository/ADMIN/Edit Text/Bespoke/Seller Pages/Dashboard/input_Avr Items Sold Per Order_avr-item-sold-per-order'

2020-03-20 14:49:47 - [MESSAGE][PASSED] - Keys '*' sent to object: 'Object Repository/ADMIN/Edit Text/Bespoke/Seller Pages/Dashboard/input_Avr Items Sold Per Order_avr-item-sold-per-order'

2020-03-20 14:49:47 - [TEST_STEP][PASSED] - sendKeys(findTestObject("ADMIN/Edit Text/Bespoke/Seller Pages/Dashboard/input_Sales_order-sales"), "*"): Keys '*' sent to object: 'Object Repository/ADMIN/Edit Text/Bespoke/Seller Pages/Dashboard/input_Sales_order-sales'

2020-03-20 14:49:48 - [MESSAGE][PASSED] - Keys '*' sent to object: 'Object Repository/ADMIN/Edit Text/Bespoke/Seller Pages/Dashboard/input_Sales_order-sales'

2020-03-20 14:49:48 - [TEST_STEP][PASSED] - sendKeys(findTestObject("ADMIN/Edit Text/Bespoke/Seller Pages/Dashboard/input_Total Revenue_total-revenue"), "*"): Keys '*' sent to object: 'Object Repository/ADMIN/Edit Text/Bespoke/Seller Pages/Dashboard/input_Total Revenue_total-revenue'

2020-03-20 14:49:48 - [MESSAGE][PASSED] - Keys '*' sent to object: 'Object Repository/ADMIN/Edit Text/Bespoke/Seller Pages/Dashboard/input_Total Revenue_total-revenue'

2020-03-20 14:49:48 - [TEST_STEP][PASSED] - sendKeys(findTestObject("ADMIN/Edit Text/Bespoke/Seller Pages/Dashboard/input_Total Orders_total-orders1"), "*"): Keys '*' sent to object: 'Object Repository/ADMIN/Edit Text/Bespoke/Seller Pages/Dashboard/input_Total Orders_total-orders1'

2020-03-20 14:49:48 - [MESSAGE][PASSED] - Keys '*' sent to object: 'Object Repository/ADMIN/Edit Text/Bespoke/Seller Pages/Dashboard/input_Total Orders_total-orders1'

2020-03-20 14:49:48 - [TEST_STEP][PASSED] - sendKeys(findTestObject("ADMIN/Edit Text/Bespoke/Seller Pages/Dashboard/input_Best Product Sellers_best-product-sellers"), "*"): Keys '*' sent to object: 'Object Repository/ADMIN/Edit Text/Bespoke/Seller Pages/Dashboard/input_Best Product Sellers_best-product-sellers'

2020-03-20 14:49:49 - [MESSAGE][PASSED] - Keys '*' sent to object: 'Object Repository/ADMIN/Edit Text/Bespoke/Seller Pages/Dashboard/input_Best Product Sellers_best-product-sellers'

2020-03-20 14:49:49 - [TEST_STEP][PASSED] - sendKeys(findTestObject("ADMIN/Edit Text/Bespoke/Seller Pages/Dashboard/input_Total Sales in_total-sales-in"), "*"): Keys '*' sent to object: 'Object Repository/ADMIN/Edit Text/Bespoke/Seller Pages/Dashboard/input_Total Sales in_total-sales-in'

2020-03-20 14:49:49 - [MESSAGE][PASSED] - Keys '*' sent to object: 'Object Repository/ADMIN/Edit Text/Bespoke/Seller Pages/Dashboard/input_Total Sales in_total-sales-in'

2020-03-20 14:49:49 - [TEST_STEP][PASSED] - sendKeys(findTestObject("ADMIN/Edit Text/Bespoke/Seller Pages/Dashboard/input_Best Sellers_best-sellers"), "*"): Keys '*' sent to object: 'Object Repository/ADMIN/Edit Text/Bespoke/Seller Pages/Dashboard/input_Best Sellers_best-sellers'

2020-03-20 14:49:49 - [MESSAGE][PASSED] - Keys '*' sent to object: 'Object Repository/ADMIN/Edit Text/Bespoke/Seller Pages/Dashboard/input_Best Sellers_best-sellers'

2020-03-20 14:49:49 - [TEST_STEP][PASSED] - sendKeys(findTestObject("ADMIN/Edit Text/Bespoke/Seller Pages/Dashboard/input_Item ID_item-id"), "*"): Keys '*' sent to object: 'Object Repository/ADMIN/Edit Text/Bespoke/Seller Pages/Dashboard/input_Item ID_item-id'

2020-03-20 14:49:49 - [MESSAGE][PASSED] - Keys '*' sent to object: 'Object Repository/ADMIN/Edit Text/Bespoke/Seller Pages/Dashboard/input_Item ID_item-id'

2020-03-20 14:49:49 - [TEST_STEP][PASSED] - sendKeys(findTestObject("ADMIN/Edit Text/Bespoke/Seller Pages/Dashboard/input_Total Sales_total-sales1"), "*"): Keys '*' sent to object: 'Object Repository/ADMIN/Edit Text/Bespoke/Seller Pages/Dashboard/input_Total Sales_total-sales1'

2020-03-20 14:49:50 - [MESSAGE][PASSED] - Keys '*' sent to object: 'Object Repository/ADMIN/Edit Text/Bespoke/Seller Pages/Dashboard/input_Total Sales_total-sales1'

2020-03-20 14:49:50 - [TEST_STEP][PASSED] - sendKeys(findTestObject("ADMIN/Edit Text/Bespoke/Seller Pages/Dashboard/input_Item Sold_item-sold"), "*"): Keys '*' sent to object: 'Object Repository/ADMIN/Edit Text/Bespoke/Seller Pages/Dashboard/input_Item Sold_item-sold'

2020-03-20 14:49:50 - [MESSAGE][PASSED] - Keys '*' sent to object: 'Object Repository/ADMIN/Edit Text/Bespoke/Seller Pages/Dashboard/input_Item Sold_item-sold'

2020-03-20 14:49:50 - [TEST_STEP][PASSED] - sendKeys(findTestObject("ADMIN/Edit Text/Bespoke/Seller Pages/Dashboard/input_Top Viewed Items_top-viewed-item"), "*"): Keys '*' sent to object: 'Object Repository/ADMIN/Edit Text/Bespoke/Seller Pages/Dashboard/input_Top Viewed Items_top-viewed-item'

2020-03-20 14:49:50 - [MESSAGE][PASSED] - Keys '*' sent to object: 'Object Repository/ADMIN/Edit Text/Bespoke/Seller Pages/Dashboard/input_Top Viewed Items_top-viewed-item'

2020-03-20 14:49:50 - [TEST_STEP][PASSED] - sendKeys(findTestObject("ADMIN/Edit Text/Bespoke/Seller Pages/Dashboard/input_Total Views per Item_total-views-per-item"), "*"): Keys '*' sent to object: 'Object Repository/ADMIN/Edit Text/Bespoke/Seller Pages/Dashboard/input_Total Views per Item_total-views-per-item'

2020-03-20 14:49:50 - [MESSAGE][PASSED] - Keys '*' sent to object: 'Object Repository/ADMIN/Edit Text/Bespoke/Seller Pages/Dashboard/input_Total Views per Item_total-views-per-item'

2020-03-20 14:49:50 - [TEST_STEP][PASSED] - sendKeys(findTestObject("ADMIN/Edit Text/Bespoke/Seller Pages/Dashboard/input_Most Viewed_most-viewed"), "*"): Keys '*' sent to object: 'Object Repository/ADMIN/Edit Text/Bespoke/Seller Pages/Dashboard/input_Most Viewed_most-viewed'

2020-03-20 14:49:50 - [MESSAGE][PASSED] - Keys '*' sent to object: 'Object Repository/ADMIN/Edit Text/Bespoke/Seller Pages/Dashboard/input_Most Viewed_most-viewed'

2020-03-20 14:49:50 - [TEST_STEP][PASSED] - sendKeys(findTestObject("ADMIN/Edit Text/Bespoke/Seller Pages/Dashboard/input_Total Views_total-views"), "*"): Keys '*' sent to object: 'Object Repository/ADMIN/Edit Text/Bespoke/Seller Pages/Dashboard/input_Total Views_total-views'

2020-03-20 14:49:50 - [MESSAGE][PASSED] - Keys '*' sent to object: 'Object Repository/ADMIN/Edit Text/Bespoke/Seller Pages/Dashboard/input_Total Views_total-views'

2020-03-20 14:49:50 - [TEST_STEP][PASSED] - sendKeys(findTestObject("ADMIN/Edit Text/Bespoke/Seller Pages/Dashboard/input_Day_order-day"), "*"): Keys '*' sent to object: 'Object Repository/ADMIN/Edit Text/Bespoke/Seller Pages/Dashboard/input_Day_order-day'

2020-03-20 14:49:51 - [MESSAGE][PASSED] - Keys '*' sent to object: 'Object Repository/ADMIN/Edit Text/Bespoke/Seller Pages/Dashboard/input_Day_order-day'

2020-03-20 14:49:51 - [TEST_STEP][PASSED] - sendKeys(findTestObject("ADMIN/Edit Text/Bespoke/Seller Pages/Dashboard/input_Week_order-week"), "*"): Keys '*' sent to object: 'Object Repository/ADMIN/Edit Text/Bespoke/Seller Pages/Dashboard/input_Week_order-week'

2020-03-20 14:49:51 - [MESSAGE][PASSED] - Keys '*' sent to object: 'Object Repository/ADMIN/Edit Text/Bespoke/Seller Pages/Dashboard/input_Week_order-week'

2020-03-20 14:49:51 - [TEST_STEP][PASSED] - sendKeys(findTestObject("ADMIN/Edit Text/Bespoke/Seller Pages/Dashboard/input_Month_order-time"), "*"): Keys '*' sent to object: 'Object Repository/ADMIN/Edit Text/Bespoke/Seller Pages/Dashboard/input_Month_order-time'

2020-03-20 14:49:51 - [MESSAGE][PASSED] - Keys '*' sent to object: 'Object Repository/ADMIN/Edit Text/Bespoke/Seller Pages/Dashboard/input_Month_order-time'

2020-03-20 14:49:51 - [TEST_STEP][PASSED] - click(findTestObject("ADMIN/Edit Text/Bespoke/Buyer Pages/Homepage/button_save"), CONTINUE_ON_FAILURE): Object: 'Object Repository/ADMIN/Edit Text/Bespoke/Buyer Pages/Homepage/button_save' is clicked on

2020-03-20 14:49:51 - [MESSAGE][PASSED] - Object: 'Object Repository/ADMIN/Edit Text/Bespoke/Buyer Pages/Homepage/button_save' is clicked on

2020-03-20 14:49:51 - [TEST_STEP][PASSED] - waitForElementVisible(findTestObject("ADMIN/Edit Text/Bespoke/Buyer Pages/Homepage/toaster_success"), 0): Object 'Object Repository/ADMIN/Edit Text/Bespoke/Buyer Pages/Homepage/toaster_success' is visible

2020-03-20 14:49:51 - [MESSAGE][WARNING] - Timeout '0' is invalid. Using default page load timeout: '30'

2020-03-20 14:49:52 - [MESSAGE][PASSED] - Object 'Object Repository/ADMIN/Edit Text/Bespoke/Buyer Pages/Homepage/toaster_success' is visible]]></system-out>
         <system-err><![CDATA[]]></system-err>
      </testcase>
      <testcase name="Test Cases/ADMIN/Language/Edit Text/Bespoke/Seller/Dashboard" time="8.487" classname="Test Cases/ADMIN/Language/Edit Text/Bespoke/Seller/Dashboard" status="PASSED">
         <system-out><![CDATA[2020-03-20 14:49:52 - [TEST_CASE][PASSED] - Test Cases/ADMIN/Language/Edit Text/Bespoke/Seller/Dashboard: Test Cases/ADMIN/Language/Edit Text/Bespoke/Seller/Dashboard

2020-03-20 14:49:52 - [TEST_STEP][PASSED] - waitForElementVisible(findTestObject("ADMIN/Edit Text/Bespoke/Buyer Navigation/dd_language"), 0): Object 'Object Repository/ADMIN/Edit Text/Bespoke/Buyer Navigation/dd_language' is visible

2020-03-20 14:49:52 - [MESSAGE][WARNING] - Timeout '0' is invalid. Using default page load timeout: '30'

2020-03-20 14:49:52 - [MESSAGE][PASSED] - Object 'Object Repository/ADMIN/Edit Text/Bespoke/Buyer Navigation/dd_language' is visible

2020-03-20 14:49:52 - [TEST_STEP][PASSED] - selectOptionByLabel(findTestObject("ADMIN/Edit Text/Bespoke/Buyer Navigation/dd_language"), varLanguage, false): All options with label 'Portuguese' are selected in object 'Object Repository/ADMIN/Edit Text/Bespoke/Buyer Navigation/dd_language' 

2020-03-20 14:49:53 - [MESSAGE][PASSED] - All options with label 'Portuguese' are selected in object 'Object Repository/ADMIN/Edit Text/Bespoke/Buyer Navigation/dd_language' 

2020-03-20 14:49:53 - [TEST_STEP][PASSED] - sendKeys(findTestObject("ADMIN/Edit Text/Bespoke/Seller Pages/Dashboard/input_DASHBOARD_marketplace-name"), "*"): Keys '*' sent to object: 'Object Repository/ADMIN/Edit Text/Bespoke/Seller Pages/Dashboard/input_DASHBOARD_marketplace-name'

2020-03-20 14:49:53 - [MESSAGE][PASSED] - Keys '*' sent to object: 'Object Repository/ADMIN/Edit Text/Bespoke/Seller Pages/Dashboard/input_DASHBOARD_marketplace-name'

2020-03-20 14:49:53 - [TEST_STEP][PASSED] - sendKeys(findTestObject("ADMIN/Edit Text/Bespoke/Seller Pages/Dashboard/input_A quick overview of your sales and seller activity_item_details"), "*"): Keys '*' sent to object: 'Object Repository/ADMIN/Edit Text/Bespoke/Seller Pages/Dashboard/input_A quick overview of your sales and seller activity_item_details'

2020-03-20 14:49:53 - [MESSAGE][PASSED] - Keys '*' sent to object: 'Object Repository/ADMIN/Edit Text/Bespoke/Seller Pages/Dashboard/input_A quick overview of your sales and seller activity_item_details'

2020-03-20 14:49:53 - [TEST_STEP][PASSED] - sendKeys(findTestObject("ADMIN/Edit Text/Bespoke/Seller Pages/Dashboard/input_Orders Today_order-today"), "*"): Keys '*' sent to object: 'Object Repository/ADMIN/Edit Text/Bespoke/Seller Pages/Dashboard/input_Orders Today_order-today'

2020-03-20 14:49:53 - [MESSAGE][PASSED] - Keys '*' sent to object: 'Object Repository/ADMIN/Edit Text/Bespoke/Seller Pages/Dashboard/input_Orders Today_order-today'

2020-03-20 14:49:53 - [TEST_STEP][PASSED] - sendKeys(findTestObject("ADMIN/Edit Text/Bespoke/Seller Pages/Dashboard/input_Revenue Today_revenue-today"), "*"): Keys '*' sent to object: 'Object Repository/ADMIN/Edit Text/Bespoke/Seller Pages/Dashboard/input_Revenue Today_revenue-today'

2020-03-20 14:49:54 - [MESSAGE][PASSED] - Keys '*' sent to object: 'Object Repository/ADMIN/Edit Text/Bespoke/Seller Pages/Dashboard/input_Revenue Today_revenue-today'

2020-03-20 14:49:54 - [TEST_STEP][PASSED] - sendKeys(findTestObject("ADMIN/Edit Text/Bespoke/Seller Pages/Dashboard/input_BEST SELLER_best-seller"), "*"): Keys '*' sent to object: 'Object Repository/ADMIN/Edit Text/Bespoke/Seller Pages/Dashboard/input_BEST SELLER_best-seller'

2020-03-20 14:49:54 - [MESSAGE][PASSED] - Keys '*' sent to object: 'Object Repository/ADMIN/Edit Text/Bespoke/Seller Pages/Dashboard/input_BEST SELLER_best-seller'

2020-03-20 14:49:54 - [TEST_STEP][PASSED] - sendKeys(findTestObject("ADMIN/Edit Text/Bespoke/Seller Pages/Dashboard/input_Quantity left_quantity-left"), "*"): Keys '*' sent to object: 'Object Repository/ADMIN/Edit Text/Bespoke/Seller Pages/Dashboard/input_Quantity left_quantity-left'

2020-03-20 14:49:54 - [MESSAGE][PASSED] - Keys '*' sent to object: 'Object Repository/ADMIN/Edit Text/Bespoke/Seller Pages/Dashboard/input_Quantity left_quantity-left'

2020-03-20 14:49:54 - [TEST_STEP][PASSED] - sendKeys(findTestObject("ADMIN/Edit Text/Bespoke/Seller Pages/Dashboard/input_TODAY_today"), "*"): Keys '*' sent to object: 'Object Repository/ADMIN/Edit Text/Bespoke/Seller Pages/Dashboard/input_TODAY_today'

2020-03-20 14:49:54 - [MESSAGE][PASSED] - Keys '*' sent to object: 'Object Repository/ADMIN/Edit Text/Bespoke/Seller Pages/Dashboard/input_TODAY_today'

2020-03-20 14:49:54 - [TEST_STEP][PASSED] - sendKeys(findTestObject("ADMIN/Edit Text/Bespoke/Seller Pages/Dashboard/input_LAST 7 DAYS_last-7days"), "*"): Keys '*' sent to object: 'Object Repository/ADMIN/Edit Text/Bespoke/Seller Pages/Dashboard/input_LAST 7 DAYS_last-7days'

2020-03-20 14:49:54 - [MESSAGE][PASSED] - Keys '*' sent to object: 'Object Repository/ADMIN/Edit Text/Bespoke/Seller Pages/Dashboard/input_LAST 7 DAYS_last-7days'

2020-03-20 14:49:54 - [TEST_STEP][PASSED] - sendKeys(findTestObject("ADMIN/Edit Text/Bespoke/Seller Pages/Dashboard/input_LAST 30 DAYS_last-30days"), "*"): Keys '*' sent to object: 'Object Repository/ADMIN/Edit Text/Bespoke/Seller Pages/Dashboard/input_LAST 30 DAYS_last-30days'

2020-03-20 14:49:55 - [MESSAGE][PASSED] - Keys '*' sent to object: 'Object Repository/ADMIN/Edit Text/Bespoke/Seller Pages/Dashboard/input_LAST 30 DAYS_last-30days'

2020-03-20 14:49:55 - [TEST_STEP][PASSED] - sendKeys(findTestObject("ADMIN/Edit Text/Bespoke/Seller Pages/Dashboard/input_Total Sales_total-sales"), "*"): Keys '*' sent to object: 'Object Repository/ADMIN/Edit Text/Bespoke/Seller Pages/Dashboard/input_Total Sales_total-sales'

2020-03-20 14:49:55 - [MESSAGE][PASSED] - Keys '*' sent to object: 'Object Repository/ADMIN/Edit Text/Bespoke/Seller Pages/Dashboard/input_Total Sales_total-sales'

2020-03-20 14:49:55 - [TEST_STEP][PASSED] - sendKeys(findTestObject("ADMIN/Edit Text/Bespoke/Seller Pages/Dashboard/input_Total Orders_total-orders"), "*"): Keys '*' sent to object: 'Object Repository/ADMIN/Edit Text/Bespoke/Seller Pages/Dashboard/input_Total Orders_total-orders'

2020-03-20 14:49:55 - [MESSAGE][PASSED] - Keys '*' sent to object: 'Object Repository/ADMIN/Edit Text/Bespoke/Seller Pages/Dashboard/input_Total Orders_total-orders'

2020-03-20 14:49:55 - [TEST_STEP][PASSED] - sendKeys(findTestObject("ADMIN/Edit Text/Bespoke/Seller Pages/Dashboard/input_Total Visits_total-visits"), "*"): Keys '*' sent to object: 'Object Repository/ADMIN/Edit Text/Bespoke/Seller Pages/Dashboard/input_Total Visits_total-visits'

2020-03-20 14:49:55 - [MESSAGE][PASSED] - Keys '*' sent to object: 'Object Repository/ADMIN/Edit Text/Bespoke/Seller Pages/Dashboard/input_Total Visits_total-visits'

2020-03-20 14:49:55 - [TEST_STEP][PASSED] - sendKeys(findTestObject("ADMIN/Edit Text/Bespoke/Seller Pages/Dashboard/input_Avr Order By Rev_avr-order-by-rev"), "*"): Keys '*' sent to object: 'Object Repository/ADMIN/Edit Text/Bespoke/Seller Pages/Dashboard/input_Avr Order By Rev_avr-order-by-rev'

2020-03-20 14:49:56 - [MESSAGE][PASSED] - Keys '*' sent to object: 'Object Repository/ADMIN/Edit Text/Bespoke/Seller Pages/Dashboard/input_Avr Order By Rev_avr-order-by-rev'

2020-03-20 14:49:56 - [TEST_STEP][PASSED] - sendKeys(findTestObject("ADMIN/Edit Text/Bespoke/Seller Pages/Dashboard/input_Avr Items Sold Per Order_avr-item-sold-per-order"), "*"): Keys '*' sent to object: 'Object Repository/ADMIN/Edit Text/Bespoke/Seller Pages/Dashboard/input_Avr Items Sold Per Order_avr-item-sold-per-order'

2020-03-20 14:49:56 - [MESSAGE][PASSED] - Keys '*' sent to object: 'Object Repository/ADMIN/Edit Text/Bespoke/Seller Pages/Dashboard/input_Avr Items Sold Per Order_avr-item-sold-per-order'

2020-03-20 14:49:56 - [TEST_STEP][PASSED] - sendKeys(findTestObject("ADMIN/Edit Text/Bespoke/Seller Pages/Dashboard/input_Sales_order-sales"), "*"): Keys '*' sent to object: 'Object Repository/ADMIN/Edit Text/Bespoke/Seller Pages/Dashboard/input_Sales_order-sales'

2020-03-20 14:49:56 - [MESSAGE][PASSED] - Keys '*' sent to object: 'Object Repository/ADMIN/Edit Text/Bespoke/Seller Pages/Dashboard/input_Sales_order-sales'

2020-03-20 14:49:56 - [TEST_STEP][PASSED] - sendKeys(findTestObject("ADMIN/Edit Text/Bespoke/Seller Pages/Dashboard/input_Total Revenue_total-revenue"), "*"): Keys '*' sent to object: 'Object Repository/ADMIN/Edit Text/Bespoke/Seller Pages/Dashboard/input_Total Revenue_total-revenue'

2020-03-20 14:49:56 - [MESSAGE][PASSED] - Keys '*' sent to object: 'Object Repository/ADMIN/Edit Text/Bespoke/Seller Pages/Dashboard/input_Total Revenue_total-revenue'

2020-03-20 14:49:56 - [TEST_STEP][PASSED] - sendKeys(findTestObject("ADMIN/Edit Text/Bespoke/Seller Pages/Dashboard/input_Total Orders_total-orders1"), "*"): Keys '*' sent to object: 'Object Repository/ADMIN/Edit Text/Bespoke/Seller Pages/Dashboard/input_Total Orders_total-orders1'

2020-03-20 14:49:57 - [MESSAGE][PASSED] - Keys '*' sent to object: 'Object Repository/ADMIN/Edit Text/Bespoke/Seller Pages/Dashboard/input_Total Orders_total-orders1'

2020-03-20 14:49:57 - [TEST_STEP][PASSED] - sendKeys(findTestObject("ADMIN/Edit Text/Bespoke/Seller Pages/Dashboard/input_Best Product Sellers_best-product-sellers"), "*"): Keys '*' sent to object: 'Object Repository/ADMIN/Edit Text/Bespoke/Seller Pages/Dashboard/input_Best Product Sellers_best-product-sellers'

2020-03-20 14:49:57 - [MESSAGE][PASSED] - Keys '*' sent to object: 'Object Repository/ADMIN/Edit Text/Bespoke/Seller Pages/Dashboard/input_Best Product Sellers_best-product-sellers'

2020-03-20 14:49:57 - [TEST_STEP][PASSED] - sendKeys(findTestObject("ADMIN/Edit Text/Bespoke/Seller Pages/Dashboard/input_Total Sales in_total-sales-in"), "*"): Keys '*' sent to object: 'Object Repository/ADMIN/Edit Text/Bespoke/Seller Pages/Dashboard/input_Total Sales in_total-sales-in'

2020-03-20 14:49:57 - [MESSAGE][PASSED] - Keys '*' sent to object: 'Object Repository/ADMIN/Edit Text/Bespoke/Seller Pages/Dashboard/input_Total Sales in_total-sales-in'

2020-03-20 14:49:57 - [TEST_STEP][PASSED] - sendKeys(findTestObject("ADMIN/Edit Text/Bespoke/Seller Pages/Dashboard/input_Best Sellers_best-sellers"), "*"): Keys '*' sent to object: 'Object Repository/ADMIN/Edit Text/Bespoke/Seller Pages/Dashboard/input_Best Sellers_best-sellers'

2020-03-20 14:49:57 - [MESSAGE][PASSED] - Keys '*' sent to object: 'Object Repository/ADMIN/Edit Text/Bespoke/Seller Pages/Dashboard/input_Best Sellers_best-sellers'

2020-03-20 14:49:57 - [TEST_STEP][PASSED] - sendKeys(findTestObject("ADMIN/Edit Text/Bespoke/Seller Pages/Dashboard/input_Item ID_item-id"), "*"): Keys '*' sent to object: 'Object Repository/ADMIN/Edit Text/Bespoke/Seller Pages/Dashboard/input_Item ID_item-id'

2020-03-20 14:49:57 - [MESSAGE][PASSED] - Keys '*' sent to object: 'Object Repository/ADMIN/Edit Text/Bespoke/Seller Pages/Dashboard/input_Item ID_item-id'

2020-03-20 14:49:57 - [TEST_STEP][PASSED] - sendKeys(findTestObject("ADMIN/Edit Text/Bespoke/Seller Pages/Dashboard/input_Total Sales_total-sales1"), "*"): Keys '*' sent to object: 'Object Repository/ADMIN/Edit Text/Bespoke/Seller Pages/Dashboard/input_Total Sales_total-sales1'

2020-03-20 14:49:58 - [MESSAGE][PASSED] - Keys '*' sent to object: 'Object Repository/ADMIN/Edit Text/Bespoke/Seller Pages/Dashboard/input_Total Sales_total-sales1'

2020-03-20 14:49:58 - [TEST_STEP][PASSED] - sendKeys(findTestObject("ADMIN/Edit Text/Bespoke/Seller Pages/Dashboard/input_Item Sold_item-sold"), "*"): Keys '*' sent to object: 'Object Repository/ADMIN/Edit Text/Bespoke/Seller Pages/Dashboard/input_Item Sold_item-sold'

2020-03-20 14:49:58 - [MESSAGE][PASSED] - Keys '*' sent to object: 'Object Repository/ADMIN/Edit Text/Bespoke/Seller Pages/Dashboard/input_Item Sold_item-sold'

2020-03-20 14:49:58 - [TEST_STEP][PASSED] - sendKeys(findTestObject("ADMIN/Edit Text/Bespoke/Seller Pages/Dashboard/input_Top Viewed Items_top-viewed-item"), "*"): Keys '*' sent to object: 'Object Repository/ADMIN/Edit Text/Bespoke/Seller Pages/Dashboard/input_Top Viewed Items_top-viewed-item'

2020-03-20 14:49:58 - [MESSAGE][PASSED] - Keys '*' sent to object: 'Object Repository/ADMIN/Edit Text/Bespoke/Seller Pages/Dashboard/input_Top Viewed Items_top-viewed-item'

2020-03-20 14:49:58 - [TEST_STEP][PASSED] - sendKeys(findTestObject("ADMIN/Edit Text/Bespoke/Seller Pages/Dashboard/input_Total Views per Item_total-views-per-item"), "*"): Keys '*' sent to object: 'Object Repository/ADMIN/Edit Text/Bespoke/Seller Pages/Dashboard/input_Total Views per Item_total-views-per-item'

2020-03-20 14:49:58 - [MESSAGE][PASSED] - Keys '*' sent to object: 'Object Repository/ADMIN/Edit Text/Bespoke/Seller Pages/Dashboard/input_Total Views per Item_total-views-per-item'

2020-03-20 14:49:58 - [TEST_STEP][PASSED] - sendKeys(findTestObject("ADMIN/Edit Text/Bespoke/Seller Pages/Dashboard/input_Most Viewed_most-viewed"), "*"): Keys '*' sent to object: 'Object Repository/ADMIN/Edit Text/Bespoke/Seller Pages/Dashboard/input_Most Viewed_most-viewed'

2020-03-20 14:49:59 - [MESSAGE][PASSED] - Keys '*' sent to object: 'Object Repository/ADMIN/Edit Text/Bespoke/Seller Pages/Dashboard/input_Most Viewed_most-viewed'

2020-03-20 14:49:59 - [TEST_STEP][PASSED] - sendKeys(findTestObject("ADMIN/Edit Text/Bespoke/Seller Pages/Dashboard/input_Total Views_total-views"), "*"): Keys '*' sent to object: 'Object Repository/ADMIN/Edit Text/Bespoke/Seller Pages/Dashboard/input_Total Views_total-views'

2020-03-20 14:49:59 - [MESSAGE][PASSED] - Keys '*' sent to object: 'Object Repository/ADMIN/Edit Text/Bespoke/Seller Pages/Dashboard/input_Total Views_total-views'

2020-03-20 14:49:59 - [TEST_STEP][PASSED] - sendKeys(findTestObject("ADMIN/Edit Text/Bespoke/Seller Pages/Dashboard/input_Day_order-day"), "*"): Keys '*' sent to object: 'Object Repository/ADMIN/Edit Text/Bespoke/Seller Pages/Dashboard/input_Day_order-day'

2020-03-20 14:49:59 - [MESSAGE][PASSED] - Keys '*' sent to object: 'Object Repository/ADMIN/Edit Text/Bespoke/Seller Pages/Dashboard/input_Day_order-day'

2020-03-20 14:49:59 - [TEST_STEP][PASSED] - sendKeys(findTestObject("ADMIN/Edit Text/Bespoke/Seller Pages/Dashboard/input_Week_order-week"), "*"): Keys '*' sent to object: 'Object Repository/ADMIN/Edit Text/Bespoke/Seller Pages/Dashboard/input_Week_order-week'

2020-03-20 14:49:59 - [MESSAGE][PASSED] - Keys '*' sent to object: 'Object Repository/ADMIN/Edit Text/Bespoke/Seller Pages/Dashboard/input_Week_order-week'

2020-03-20 14:49:59 - [TEST_STEP][PASSED] - sendKeys(findTestObject("ADMIN/Edit Text/Bespoke/Seller Pages/Dashboard/input_Month_order-time"), "*"): Keys '*' sent to object: 'Object Repository/ADMIN/Edit Text/Bespoke/Seller Pages/Dashboard/input_Month_order-time'

2020-03-20 14:49:59 - [MESSAGE][PASSED] - Keys '*' sent to object: 'Object Repository/ADMIN/Edit Text/Bespoke/Seller Pages/Dashboard/input_Month_order-time'

2020-03-20 14:49:59 - [TEST_STEP][PASSED] - click(findTestObject("ADMIN/Edit Text/Bespoke/Buyer Pages/Homepage/button_save"), CONTINUE_ON_FAILURE): Object: 'Object Repository/ADMIN/Edit Text/Bespoke/Buyer Pages/Homepage/button_save' is clicked on

2020-03-20 14:49:59 - [MESSAGE][PASSED] - Object: 'Object Repository/ADMIN/Edit Text/Bespoke/Buyer Pages/Homepage/button_save' is clicked on

2020-03-20 14:49:59 - [TEST_STEP][PASSED] - waitForElementVisible(findTestObject("ADMIN/Edit Text/Bespoke/Buyer Pages/Homepage/toaster_success"), 0): Object 'Object Repository/ADMIN/Edit Text/Bespoke/Buyer Pages/Homepage/toaster_success' is visible

2020-03-20 14:49:59 - [MESSAGE][WARNING] - Timeout '0' is invalid. Using default page load timeout: '30'

2020-03-20 14:50:00 - [MESSAGE][PASSED] - Object 'Object Repository/ADMIN/Edit Text/Bespoke/Buyer Pages/Homepage/toaster_success' is visible]]></system-out>
         <system-err><![CDATA[]]></system-err>
      </testcase>
      <testcase name="Test Cases/ADMIN/Language/Edit Text/Bespoke/Seller/Dashboard" time="8.349" classname="Test Cases/ADMIN/Language/Edit Text/Bespoke/Seller/Dashboard" status="PASSED">
         <system-out><![CDATA[2020-03-20 14:50:00 - [TEST_CASE][PASSED] - Test Cases/ADMIN/Language/Edit Text/Bespoke/Seller/Dashboard: Test Cases/ADMIN/Language/Edit Text/Bespoke/Seller/Dashboard

2020-03-20 14:50:00 - [TEST_STEP][PASSED] - waitForElementVisible(findTestObject("ADMIN/Edit Text/Bespoke/Buyer Navigation/dd_language"), 0): Object 'Object Repository/ADMIN/Edit Text/Bespoke/Buyer Navigation/dd_language' is visible

2020-03-20 14:50:00 - [MESSAGE][WARNING] - Timeout '0' is invalid. Using default page load timeout: '30'

2020-03-20 14:50:00 - [MESSAGE][PASSED] - Object 'Object Repository/ADMIN/Edit Text/Bespoke/Buyer Navigation/dd_language' is visible

2020-03-20 14:50:00 - [TEST_STEP][PASSED] - selectOptionByLabel(findTestObject("ADMIN/Edit Text/Bespoke/Buyer Navigation/dd_language"), varLanguage, false): All options with label 'Indonesian' are selected in object 'Object Repository/ADMIN/Edit Text/Bespoke/Buyer Navigation/dd_language' 

2020-03-20 14:50:01 - [MESSAGE][PASSED] - All options with label 'Indonesian' are selected in object 'Object Repository/ADMIN/Edit Text/Bespoke/Buyer Navigation/dd_language' 

2020-03-20 14:50:01 - [TEST_STEP][PASSED] - sendKeys(findTestObject("ADMIN/Edit Text/Bespoke/Seller Pages/Dashboard/input_DASHBOARD_marketplace-name"), "*"): Keys '*' sent to object: 'Object Repository/ADMIN/Edit Text/Bespoke/Seller Pages/Dashboard/input_DASHBOARD_marketplace-name'

2020-03-20 14:50:02 - [MESSAGE][PASSED] - Keys '*' sent to object: 'Object Repository/ADMIN/Edit Text/Bespoke/Seller Pages/Dashboard/input_DASHBOARD_marketplace-name'

2020-03-20 14:50:02 - [TEST_STEP][PASSED] - sendKeys(findTestObject("ADMIN/Edit Text/Bespoke/Seller Pages/Dashboard/input_A quick overview of your sales and seller activity_item_details"), "*"): Keys '*' sent to object: 'Object Repository/ADMIN/Edit Text/Bespoke/Seller Pages/Dashboard/input_A quick overview of your sales and seller activity_item_details'

2020-03-20 14:50:02 - [MESSAGE][PASSED] - Keys '*' sent to object: 'Object Repository/ADMIN/Edit Text/Bespoke/Seller Pages/Dashboard/input_A quick overview of your sales and seller activity_item_details'

2020-03-20 14:50:02 - [TEST_STEP][PASSED] - sendKeys(findTestObject("ADMIN/Edit Text/Bespoke/Seller Pages/Dashboard/input_Orders Today_order-today"), "*"): Keys '*' sent to object: 'Object Repository/ADMIN/Edit Text/Bespoke/Seller Pages/Dashboard/input_Orders Today_order-today'

2020-03-20 14:50:02 - [MESSAGE][PASSED] - Keys '*' sent to object: 'Object Repository/ADMIN/Edit Text/Bespoke/Seller Pages/Dashboard/input_Orders Today_order-today'

2020-03-20 14:50:02 - [TEST_STEP][PASSED] - sendKeys(findTestObject("ADMIN/Edit Text/Bespoke/Seller Pages/Dashboard/input_Revenue Today_revenue-today"), "*"): Keys '*' sent to object: 'Object Repository/ADMIN/Edit Text/Bespoke/Seller Pages/Dashboard/input_Revenue Today_revenue-today'

2020-03-20 14:50:02 - [MESSAGE][PASSED] - Keys '*' sent to object: 'Object Repository/ADMIN/Edit Text/Bespoke/Seller Pages/Dashboard/input_Revenue Today_revenue-today'

2020-03-20 14:50:02 - [TEST_STEP][PASSED] - sendKeys(findTestObject("ADMIN/Edit Text/Bespoke/Seller Pages/Dashboard/input_BEST SELLER_best-seller"), "*"): Keys '*' sent to object: 'Object Repository/ADMIN/Edit Text/Bespoke/Seller Pages/Dashboard/input_BEST SELLER_best-seller'

2020-03-20 14:50:03 - [MESSAGE][PASSED] - Keys '*' sent to object: 'Object Repository/ADMIN/Edit Text/Bespoke/Seller Pages/Dashboard/input_BEST SELLER_best-seller'

2020-03-20 14:50:03 - [TEST_STEP][PASSED] - sendKeys(findTestObject("ADMIN/Edit Text/Bespoke/Seller Pages/Dashboard/input_Quantity left_quantity-left"), "*"): Keys '*' sent to object: 'Object Repository/ADMIN/Edit Text/Bespoke/Seller Pages/Dashboard/input_Quantity left_quantity-left'

2020-03-20 14:50:03 - [MESSAGE][PASSED] - Keys '*' sent to object: 'Object Repository/ADMIN/Edit Text/Bespoke/Seller Pages/Dashboard/input_Quantity left_quantity-left'

2020-03-20 14:50:03 - [TEST_STEP][PASSED] - sendKeys(findTestObject("ADMIN/Edit Text/Bespoke/Seller Pages/Dashboard/input_TODAY_today"), "*"): Keys '*' sent to object: 'Object Repository/ADMIN/Edit Text/Bespoke/Seller Pages/Dashboard/input_TODAY_today'

2020-03-20 14:50:03 - [MESSAGE][PASSED] - Keys '*' sent to object: 'Object Repository/ADMIN/Edit Text/Bespoke/Seller Pages/Dashboard/input_TODAY_today'

2020-03-20 14:50:03 - [TEST_STEP][PASSED] - sendKeys(findTestObject("ADMIN/Edit Text/Bespoke/Seller Pages/Dashboard/input_LAST 7 DAYS_last-7days"), "*"): Keys '*' sent to object: 'Object Repository/ADMIN/Edit Text/Bespoke/Seller Pages/Dashboard/input_LAST 7 DAYS_last-7days'

2020-03-20 14:50:03 - [MESSAGE][PASSED] - Keys '*' sent to object: 'Object Repository/ADMIN/Edit Text/Bespoke/Seller Pages/Dashboard/input_LAST 7 DAYS_last-7days'

2020-03-20 14:50:03 - [TEST_STEP][PASSED] - sendKeys(findTestObject("ADMIN/Edit Text/Bespoke/Seller Pages/Dashboard/input_LAST 30 DAYS_last-30days"), "*"): Keys '*' sent to object: 'Object Repository/ADMIN/Edit Text/Bespoke/Seller Pages/Dashboard/input_LAST 30 DAYS_last-30days'

2020-03-20 14:50:03 - [MESSAGE][PASSED] - Keys '*' sent to object: 'Object Repository/ADMIN/Edit Text/Bespoke/Seller Pages/Dashboard/input_LAST 30 DAYS_last-30days'

2020-03-20 14:50:03 - [TEST_STEP][PASSED] - sendKeys(findTestObject("ADMIN/Edit Text/Bespoke/Seller Pages/Dashboard/input_Total Sales_total-sales"), "*"): Keys '*' sent to object: 'Object Repository/ADMIN/Edit Text/Bespoke/Seller Pages/Dashboard/input_Total Sales_total-sales'

2020-03-20 14:50:03 - [MESSAGE][PASSED] - Keys '*' sent to object: 'Object Repository/ADMIN/Edit Text/Bespoke/Seller Pages/Dashboard/input_Total Sales_total-sales'

2020-03-20 14:50:03 - [TEST_STEP][PASSED] - sendKeys(findTestObject("ADMIN/Edit Text/Bespoke/Seller Pages/Dashboard/input_Total Orders_total-orders"), "*"): Keys '*' sent to object: 'Object Repository/ADMIN/Edit Text/Bespoke/Seller Pages/Dashboard/input_Total Orders_total-orders'

2020-03-20 14:50:04 - [MESSAGE][PASSED] - Keys '*' sent to object: 'Object Repository/ADMIN/Edit Text/Bespoke/Seller Pages/Dashboard/input_Total Orders_total-orders'

2020-03-20 14:50:04 - [TEST_STEP][PASSED] - sendKeys(findTestObject("ADMIN/Edit Text/Bespoke/Seller Pages/Dashboard/input_Total Visits_total-visits"), "*"): Keys '*' sent to object: 'Object Repository/ADMIN/Edit Text/Bespoke/Seller Pages/Dashboard/input_Total Visits_total-visits'

2020-03-20 14:50:04 - [MESSAGE][PASSED] - Keys '*' sent to object: 'Object Repository/ADMIN/Edit Text/Bespoke/Seller Pages/Dashboard/input_Total Visits_total-visits'

2020-03-20 14:50:04 - [TEST_STEP][PASSED] - sendKeys(findTestObject("ADMIN/Edit Text/Bespoke/Seller Pages/Dashboard/input_Avr Order By Rev_avr-order-by-rev"), "*"): Keys '*' sent to object: 'Object Repository/ADMIN/Edit Text/Bespoke/Seller Pages/Dashboard/input_Avr Order By Rev_avr-order-by-rev'

2020-03-20 14:50:04 - [MESSAGE][PASSED] - Keys '*' sent to object: 'Object Repository/ADMIN/Edit Text/Bespoke/Seller Pages/Dashboard/input_Avr Order By Rev_avr-order-by-rev'

2020-03-20 14:50:04 - [TEST_STEP][PASSED] - sendKeys(findTestObject("ADMIN/Edit Text/Bespoke/Seller Pages/Dashboard/input_Avr Items Sold Per Order_avr-item-sold-per-order"), "*"): Keys '*' sent to object: 'Object Repository/ADMIN/Edit Text/Bespoke/Seller Pages/Dashboard/input_Avr Items Sold Per Order_avr-item-sold-per-order'

2020-03-20 14:50:04 - [MESSAGE][PASSED] - Keys '*' sent to object: 'Object Repository/ADMIN/Edit Text/Bespoke/Seller Pages/Dashboard/input_Avr Items Sold Per Order_avr-item-sold-per-order'

2020-03-20 14:50:04 - [TEST_STEP][PASSED] - sendKeys(findTestObject("ADMIN/Edit Text/Bespoke/Seller Pages/Dashboard/input_Sales_order-sales"), "*"): Keys '*' sent to object: 'Object Repository/ADMIN/Edit Text/Bespoke/Seller Pages/Dashboard/input_Sales_order-sales'

2020-03-20 14:50:05 - [MESSAGE][PASSED] - Keys '*' sent to object: 'Object Repository/ADMIN/Edit Text/Bespoke/Seller Pages/Dashboard/input_Sales_order-sales'

2020-03-20 14:50:05 - [TEST_STEP][PASSED] - sendKeys(findTestObject("ADMIN/Edit Text/Bespoke/Seller Pages/Dashboard/input_Total Revenue_total-revenue"), "*"): Keys '*' sent to object: 'Object Repository/ADMIN/Edit Text/Bespoke/Seller Pages/Dashboard/input_Total Revenue_total-revenue'

2020-03-20 14:50:05 - [MESSAGE][PASSED] - Keys '*' sent to object: 'Object Repository/ADMIN/Edit Text/Bespoke/Seller Pages/Dashboard/input_Total Revenue_total-revenue'

2020-03-20 14:50:05 - [TEST_STEP][PASSED] - sendKeys(findTestObject("ADMIN/Edit Text/Bespoke/Seller Pages/Dashboard/input_Total Orders_total-orders1"), "*"): Keys '*' sent to object: 'Object Repository/ADMIN/Edit Text/Bespoke/Seller Pages/Dashboard/input_Total Orders_total-orders1'

2020-03-20 14:50:05 - [MESSAGE][PASSED] - Keys '*' sent to object: 'Object Repository/ADMIN/Edit Text/Bespoke/Seller Pages/Dashboard/input_Total Orders_total-orders1'

2020-03-20 14:50:05 - [TEST_STEP][PASSED] - sendKeys(findTestObject("ADMIN/Edit Text/Bespoke/Seller Pages/Dashboard/input_Best Product Sellers_best-product-sellers"), "*"): Keys '*' sent to object: 'Object Repository/ADMIN/Edit Text/Bespoke/Seller Pages/Dashboard/input_Best Product Sellers_best-product-sellers'

2020-03-20 14:50:05 - [MESSAGE][PASSED] - Keys '*' sent to object: 'Object Repository/ADMIN/Edit Text/Bespoke/Seller Pages/Dashboard/input_Best Product Sellers_best-product-sellers'

2020-03-20 14:50:05 - [TEST_STEP][PASSED] - sendKeys(findTestObject("ADMIN/Edit Text/Bespoke/Seller Pages/Dashboard/input_Total Sales in_total-sales-in"), "*"): Keys '*' sent to object: 'Object Repository/ADMIN/Edit Text/Bespoke/Seller Pages/Dashboard/input_Total Sales in_total-sales-in'

2020-03-20 14:50:05 - [MESSAGE][PASSED] - Keys '*' sent to object: 'Object Repository/ADMIN/Edit Text/Bespoke/Seller Pages/Dashboard/input_Total Sales in_total-sales-in'

2020-03-20 14:50:05 - [TEST_STEP][PASSED] - sendKeys(findTestObject("ADMIN/Edit Text/Bespoke/Seller Pages/Dashboard/input_Best Sellers_best-sellers"), "*"): Keys '*' sent to object: 'Object Repository/ADMIN/Edit Text/Bespoke/Seller Pages/Dashboard/input_Best Sellers_best-sellers'

2020-03-20 14:50:05 - [MESSAGE][PASSED] - Keys '*' sent to object: 'Object Repository/ADMIN/Edit Text/Bespoke/Seller Pages/Dashboard/input_Best Sellers_best-sellers'

2020-03-20 14:50:05 - [TEST_STEP][PASSED] - sendKeys(findTestObject("ADMIN/Edit Text/Bespoke/Seller Pages/Dashboard/input_Item ID_item-id"), "*"): Keys '*' sent to object: 'Object Repository/ADMIN/Edit Text/Bespoke/Seller Pages/Dashboard/input_Item ID_item-id'

2020-03-20 14:50:06 - [MESSAGE][PASSED] - Keys '*' sent to object: 'Object Repository/ADMIN/Edit Text/Bespoke/Seller Pages/Dashboard/input_Item ID_item-id'

2020-03-20 14:50:06 - [TEST_STEP][PASSED] - sendKeys(findTestObject("ADMIN/Edit Text/Bespoke/Seller Pages/Dashboard/input_Total Sales_total-sales1"), "*"): Keys '*' sent to object: 'Object Repository/ADMIN/Edit Text/Bespoke/Seller Pages/Dashboard/input_Total Sales_total-sales1'

2020-03-20 14:50:06 - [MESSAGE][PASSED] - Keys '*' sent to object: 'Object Repository/ADMIN/Edit Text/Bespoke/Seller Pages/Dashboard/input_Total Sales_total-sales1'

2020-03-20 14:50:06 - [TEST_STEP][PASSED] - sendKeys(findTestObject("ADMIN/Edit Text/Bespoke/Seller Pages/Dashboard/input_Item Sold_item-sold"), "*"): Keys '*' sent to object: 'Object Repository/ADMIN/Edit Text/Bespoke/Seller Pages/Dashboard/input_Item Sold_item-sold'

2020-03-20 14:50:06 - [MESSAGE][PASSED] - Keys '*' sent to object: 'Object Repository/ADMIN/Edit Text/Bespoke/Seller Pages/Dashboard/input_Item Sold_item-sold'

2020-03-20 14:50:06 - [TEST_STEP][PASSED] - sendKeys(findTestObject("ADMIN/Edit Text/Bespoke/Seller Pages/Dashboard/input_Top Viewed Items_top-viewed-item"), "*"): Keys '*' sent to object: 'Object Repository/ADMIN/Edit Text/Bespoke/Seller Pages/Dashboard/input_Top Viewed Items_top-viewed-item'

2020-03-20 14:50:06 - [MESSAGE][PASSED] - Keys '*' sent to object: 'Object Repository/ADMIN/Edit Text/Bespoke/Seller Pages/Dashboard/input_Top Viewed Items_top-viewed-item'

2020-03-20 14:50:06 - [TEST_STEP][PASSED] - sendKeys(findTestObject("ADMIN/Edit Text/Bespoke/Seller Pages/Dashboard/input_Total Views per Item_total-views-per-item"), "*"): Keys '*' sent to object: 'Object Repository/ADMIN/Edit Text/Bespoke/Seller Pages/Dashboard/input_Total Views per Item_total-views-per-item'

2020-03-20 14:50:07 - [MESSAGE][PASSED] - Keys '*' sent to object: 'Object Repository/ADMIN/Edit Text/Bespoke/Seller Pages/Dashboard/input_Total Views per Item_total-views-per-item'

2020-03-20 14:50:07 - [TEST_STEP][PASSED] - sendKeys(findTestObject("ADMIN/Edit Text/Bespoke/Seller Pages/Dashboard/input_Most Viewed_most-viewed"), "*"): Keys '*' sent to object: 'Object Repository/ADMIN/Edit Text/Bespoke/Seller Pages/Dashboard/input_Most Viewed_most-viewed'

2020-03-20 14:50:07 - [MESSAGE][PASSED] - Keys '*' sent to object: 'Object Repository/ADMIN/Edit Text/Bespoke/Seller Pages/Dashboard/input_Most Viewed_most-viewed'

2020-03-20 14:50:07 - [TEST_STEP][PASSED] - sendKeys(findTestObject("ADMIN/Edit Text/Bespoke/Seller Pages/Dashboard/input_Total Views_total-views"), "*"): Keys '*' sent to object: 'Object Repository/ADMIN/Edit Text/Bespoke/Seller Pages/Dashboard/input_Total Views_total-views'

2020-03-20 14:50:07 - [MESSAGE][PASSED] - Keys '*' sent to object: 'Object Repository/ADMIN/Edit Text/Bespoke/Seller Pages/Dashboard/input_Total Views_total-views'

2020-03-20 14:50:07 - [TEST_STEP][PASSED] - sendKeys(findTestObject("ADMIN/Edit Text/Bespoke/Seller Pages/Dashboard/input_Day_order-day"), "*"): Keys '*' sent to object: 'Object Repository/ADMIN/Edit Text/Bespoke/Seller Pages/Dashboard/input_Day_order-day'

2020-03-20 14:50:07 - [MESSAGE][PASSED] - Keys '*' sent to object: 'Object Repository/ADMIN/Edit Text/Bespoke/Seller Pages/Dashboard/input_Day_order-day'

2020-03-20 14:50:07 - [TEST_STEP][PASSED] - sendKeys(findTestObject("ADMIN/Edit Text/Bespoke/Seller Pages/Dashboard/input_Week_order-week"), "*"): Keys '*' sent to object: 'Object Repository/ADMIN/Edit Text/Bespoke/Seller Pages/Dashboard/input_Week_order-week'

2020-03-20 14:50:07 - [MESSAGE][PASSED] - Keys '*' sent to object: 'Object Repository/ADMIN/Edit Text/Bespoke/Seller Pages/Dashboard/input_Week_order-week'

2020-03-20 14:50:07 - [TEST_STEP][PASSED] - sendKeys(findTestObject("ADMIN/Edit Text/Bespoke/Seller Pages/Dashboard/input_Month_order-time"), "*"): Keys '*' sent to object: 'Object Repository/ADMIN/Edit Text/Bespoke/Seller Pages/Dashboard/input_Month_order-time'

2020-03-20 14:50:08 - [MESSAGE][PASSED] - Keys '*' sent to object: 'Object Repository/ADMIN/Edit Text/Bespoke/Seller Pages/Dashboard/input_Month_order-time'

2020-03-20 14:50:08 - [TEST_STEP][PASSED] - click(findTestObject("ADMIN/Edit Text/Bespoke/Buyer Pages/Homepage/button_save"), CONTINUE_ON_FAILURE): Object: 'Object Repository/ADMIN/Edit Text/Bespoke/Buyer Pages/Homepage/button_save' is clicked on

2020-03-20 14:50:08 - [MESSAGE][PASSED] - Object: 'Object Repository/ADMIN/Edit Text/Bespoke/Buyer Pages/Homepage/button_save' is clicked on

2020-03-20 14:50:08 - [TEST_STEP][PASSED] - waitForElementVisible(findTestObject("ADMIN/Edit Text/Bespoke/Buyer Pages/Homepage/toaster_success"), 0): Object 'Object Repository/ADMIN/Edit Text/Bespoke/Buyer Pages/Homepage/toaster_success' is visible

2020-03-20 14:50:08 - [MESSAGE][WARNING] - Timeout '0' is invalid. Using default page load timeout: '30'

2020-03-20 14:50:08 - [MESSAGE][PASSED] - Object 'Object Repository/ADMIN/Edit Text/Bespoke/Buyer Pages/Homepage/toaster_success' is visible]]></system-out>
         <system-err><![CDATA[]]></system-err>
      </testcase>
      <testcase name="Test Cases/ADMIN/Language/Edit Text/Bespoke/Seller/Dashboard" time="8.576" classname="Test Cases/ADMIN/Language/Edit Text/Bespoke/Seller/Dashboard" status="PASSED">
         <system-out><![CDATA[2020-03-20 14:50:08 - [TEST_CASE][PASSED] - Test Cases/ADMIN/Language/Edit Text/Bespoke/Seller/Dashboard: Test Cases/ADMIN/Language/Edit Text/Bespoke/Seller/Dashboard

2020-03-20 14:50:08 - [TEST_STEP][PASSED] - waitForElementVisible(findTestObject("ADMIN/Edit Text/Bespoke/Buyer Navigation/dd_language"), 0): Object 'Object Repository/ADMIN/Edit Text/Bespoke/Buyer Navigation/dd_language' is visible

2020-03-20 14:50:08 - [MESSAGE][WARNING] - Timeout '0' is invalid. Using default page load timeout: '30'

2020-03-20 14:50:09 - [MESSAGE][PASSED] - Object 'Object Repository/ADMIN/Edit Text/Bespoke/Buyer Navigation/dd_language' is visible

2020-03-20 14:50:09 - [TEST_STEP][PASSED] - selectOptionByLabel(findTestObject("ADMIN/Edit Text/Bespoke/Buyer Navigation/dd_language"), varLanguage, false): All options with label 'Russian' are selected in object 'Object Repository/ADMIN/Edit Text/Bespoke/Buyer Navigation/dd_language' 

2020-03-20 14:50:10 - [MESSAGE][PASSED] - All options with label 'Russian' are selected in object 'Object Repository/ADMIN/Edit Text/Bespoke/Buyer Navigation/dd_language' 

2020-03-20 14:50:10 - [TEST_STEP][PASSED] - sendKeys(findTestObject("ADMIN/Edit Text/Bespoke/Seller Pages/Dashboard/input_DASHBOARD_marketplace-name"), "*"): Keys '*' sent to object: 'Object Repository/ADMIN/Edit Text/Bespoke/Seller Pages/Dashboard/input_DASHBOARD_marketplace-name'

2020-03-20 14:50:10 - [MESSAGE][PASSED] - Keys '*' sent to object: 'Object Repository/ADMIN/Edit Text/Bespoke/Seller Pages/Dashboard/input_DASHBOARD_marketplace-name'

2020-03-20 14:50:10 - [TEST_STEP][PASSED] - sendKeys(findTestObject("ADMIN/Edit Text/Bespoke/Seller Pages/Dashboard/input_A quick overview of your sales and seller activity_item_details"), "*"): Keys '*' sent to object: 'Object Repository/ADMIN/Edit Text/Bespoke/Seller Pages/Dashboard/input_A quick overview of your sales and seller activity_item_details'

2020-03-20 14:50:10 - [MESSAGE][PASSED] - Keys '*' sent to object: 'Object Repository/ADMIN/Edit Text/Bespoke/Seller Pages/Dashboard/input_A quick overview of your sales and seller activity_item_details'

2020-03-20 14:50:10 - [TEST_STEP][PASSED] - sendKeys(findTestObject("ADMIN/Edit Text/Bespoke/Seller Pages/Dashboard/input_Orders Today_order-today"), "*"): Keys '*' sent to object: 'Object Repository/ADMIN/Edit Text/Bespoke/Seller Pages/Dashboard/input_Orders Today_order-today'

2020-03-20 14:50:10 - [MESSAGE][PASSED] - Keys '*' sent to object: 'Object Repository/ADMIN/Edit Text/Bespoke/Seller Pages/Dashboard/input_Orders Today_order-today'

2020-03-20 14:50:10 - [TEST_STEP][PASSED] - sendKeys(findTestObject("ADMIN/Edit Text/Bespoke/Seller Pages/Dashboard/input_Revenue Today_revenue-today"), "*"): Keys '*' sent to object: 'Object Repository/ADMIN/Edit Text/Bespoke/Seller Pages/Dashboard/input_Revenue Today_revenue-today'

2020-03-20 14:50:11 - [MESSAGE][PASSED] - Keys '*' sent to object: 'Object Repository/ADMIN/Edit Text/Bespoke/Seller Pages/Dashboard/input_Revenue Today_revenue-today'

2020-03-20 14:50:11 - [TEST_STEP][PASSED] - sendKeys(findTestObject("ADMIN/Edit Text/Bespoke/Seller Pages/Dashboard/input_BEST SELLER_best-seller"), "*"): Keys '*' sent to object: 'Object Repository/ADMIN/Edit Text/Bespoke/Seller Pages/Dashboard/input_BEST SELLER_best-seller'

2020-03-20 14:50:11 - [MESSAGE][PASSED] - Keys '*' sent to object: 'Object Repository/ADMIN/Edit Text/Bespoke/Seller Pages/Dashboard/input_BEST SELLER_best-seller'

2020-03-20 14:50:11 - [TEST_STEP][PASSED] - sendKeys(findTestObject("ADMIN/Edit Text/Bespoke/Seller Pages/Dashboard/input_Quantity left_quantity-left"), "*"): Keys '*' sent to object: 'Object Repository/ADMIN/Edit Text/Bespoke/Seller Pages/Dashboard/input_Quantity left_quantity-left'

2020-03-20 14:50:11 - [MESSAGE][PASSED] - Keys '*' sent to object: 'Object Repository/ADMIN/Edit Text/Bespoke/Seller Pages/Dashboard/input_Quantity left_quantity-left'

2020-03-20 14:50:11 - [TEST_STEP][PASSED] - sendKeys(findTestObject("ADMIN/Edit Text/Bespoke/Seller Pages/Dashboard/input_TODAY_today"), "*"): Keys '*' sent to object: 'Object Repository/ADMIN/Edit Text/Bespoke/Seller Pages/Dashboard/input_TODAY_today'

2020-03-20 14:50:11 - [MESSAGE][PASSED] - Keys '*' sent to object: 'Object Repository/ADMIN/Edit Text/Bespoke/Seller Pages/Dashboard/input_TODAY_today'

2020-03-20 14:50:11 - [TEST_STEP][PASSED] - sendKeys(findTestObject("ADMIN/Edit Text/Bespoke/Seller Pages/Dashboard/input_LAST 7 DAYS_last-7days"), "*"): Keys '*' sent to object: 'Object Repository/ADMIN/Edit Text/Bespoke/Seller Pages/Dashboard/input_LAST 7 DAYS_last-7days'

2020-03-20 14:50:12 - [MESSAGE][PASSED] - Keys '*' sent to object: 'Object Repository/ADMIN/Edit Text/Bespoke/Seller Pages/Dashboard/input_LAST 7 DAYS_last-7days'

2020-03-20 14:50:12 - [TEST_STEP][PASSED] - sendKeys(findTestObject("ADMIN/Edit Text/Bespoke/Seller Pages/Dashboard/input_LAST 30 DAYS_last-30days"), "*"): Keys '*' sent to object: 'Object Repository/ADMIN/Edit Text/Bespoke/Seller Pages/Dashboard/input_LAST 30 DAYS_last-30days'

2020-03-20 14:50:12 - [MESSAGE][PASSED] - Keys '*' sent to object: 'Object Repository/ADMIN/Edit Text/Bespoke/Seller Pages/Dashboard/input_LAST 30 DAYS_last-30days'

2020-03-20 14:50:12 - [TEST_STEP][PASSED] - sendKeys(findTestObject("ADMIN/Edit Text/Bespoke/Seller Pages/Dashboard/input_Total Sales_total-sales"), "*"): Keys '*' sent to object: 'Object Repository/ADMIN/Edit Text/Bespoke/Seller Pages/Dashboard/input_Total Sales_total-sales'

2020-03-20 14:50:12 - [MESSAGE][PASSED] - Keys '*' sent to object: 'Object Repository/ADMIN/Edit Text/Bespoke/Seller Pages/Dashboard/input_Total Sales_total-sales'

2020-03-20 14:50:12 - [TEST_STEP][PASSED] - sendKeys(findTestObject("ADMIN/Edit Text/Bespoke/Seller Pages/Dashboard/input_Total Orders_total-orders"), "*"): Keys '*' sent to object: 'Object Repository/ADMIN/Edit Text/Bespoke/Seller Pages/Dashboard/input_Total Orders_total-orders'

2020-03-20 14:50:12 - [MESSAGE][PASSED] - Keys '*' sent to object: 'Object Repository/ADMIN/Edit Text/Bespoke/Seller Pages/Dashboard/input_Total Orders_total-orders'

2020-03-20 14:50:12 - [TEST_STEP][PASSED] - sendKeys(findTestObject("ADMIN/Edit Text/Bespoke/Seller Pages/Dashboard/input_Total Visits_total-visits"), "*"): Keys '*' sent to object: 'Object Repository/ADMIN/Edit Text/Bespoke/Seller Pages/Dashboard/input_Total Visits_total-visits'

2020-03-20 14:50:12 - [MESSAGE][PASSED] - Keys '*' sent to object: 'Object Repository/ADMIN/Edit Text/Bespoke/Seller Pages/Dashboard/input_Total Visits_total-visits'

2020-03-20 14:50:12 - [TEST_STEP][PASSED] - sendKeys(findTestObject("ADMIN/Edit Text/Bespoke/Seller Pages/Dashboard/input_Avr Order By Rev_avr-order-by-rev"), "*"): Keys '*' sent to object: 'Object Repository/ADMIN/Edit Text/Bespoke/Seller Pages/Dashboard/input_Avr Order By Rev_avr-order-by-rev'

2020-03-20 14:50:12 - [MESSAGE][PASSED] - Keys '*' sent to object: 'Object Repository/ADMIN/Edit Text/Bespoke/Seller Pages/Dashboard/input_Avr Order By Rev_avr-order-by-rev'

2020-03-20 14:50:12 - [TEST_STEP][PASSED] - sendKeys(findTestObject("ADMIN/Edit Text/Bespoke/Seller Pages/Dashboard/input_Avr Items Sold Per Order_avr-item-sold-per-order"), "*"): Keys '*' sent to object: 'Object Repository/ADMIN/Edit Text/Bespoke/Seller Pages/Dashboard/input_Avr Items Sold Per Order_avr-item-sold-per-order'

2020-03-20 14:50:13 - [MESSAGE][PASSED] - Keys '*' sent to object: 'Object Repository/ADMIN/Edit Text/Bespoke/Seller Pages/Dashboard/input_Avr Items Sold Per Order_avr-item-sold-per-order'

2020-03-20 14:50:13 - [TEST_STEP][PASSED] - sendKeys(findTestObject("ADMIN/Edit Text/Bespoke/Seller Pages/Dashboard/input_Sales_order-sales"), "*"): Keys '*' sent to object: 'Object Repository/ADMIN/Edit Text/Bespoke/Seller Pages/Dashboard/input_Sales_order-sales'

2020-03-20 14:50:13 - [MESSAGE][PASSED] - Keys '*' sent to object: 'Object Repository/ADMIN/Edit Text/Bespoke/Seller Pages/Dashboard/input_Sales_order-sales'

2020-03-20 14:50:13 - [TEST_STEP][PASSED] - sendKeys(findTestObject("ADMIN/Edit Text/Bespoke/Seller Pages/Dashboard/input_Total Revenue_total-revenue"), "*"): Keys '*' sent to object: 'Object Repository/ADMIN/Edit Text/Bespoke/Seller Pages/Dashboard/input_Total Revenue_total-revenue'

2020-03-20 14:50:13 - [MESSAGE][PASSED] - Keys '*' sent to object: 'Object Repository/ADMIN/Edit Text/Bespoke/Seller Pages/Dashboard/input_Total Revenue_total-revenue'

2020-03-20 14:50:13 - [TEST_STEP][PASSED] - sendKeys(findTestObject("ADMIN/Edit Text/Bespoke/Seller Pages/Dashboard/input_Total Orders_total-orders1"), "*"): Keys '*' sent to object: 'Object Repository/ADMIN/Edit Text/Bespoke/Seller Pages/Dashboard/input_Total Orders_total-orders1'

2020-03-20 14:50:13 - [MESSAGE][PASSED] - Keys '*' sent to object: 'Object Repository/ADMIN/Edit Text/Bespoke/Seller Pages/Dashboard/input_Total Orders_total-orders1'

2020-03-20 14:50:13 - [TEST_STEP][PASSED] - sendKeys(findTestObject("ADMIN/Edit Text/Bespoke/Seller Pages/Dashboard/input_Best Product Sellers_best-product-sellers"), "*"): Keys '*' sent to object: 'Object Repository/ADMIN/Edit Text/Bespoke/Seller Pages/Dashboard/input_Best Product Sellers_best-product-sellers'

2020-03-20 14:50:14 - [MESSAGE][PASSED] - Keys '*' sent to object: 'Object Repository/ADMIN/Edit Text/Bespoke/Seller Pages/Dashboard/input_Best Product Sellers_best-product-sellers'

2020-03-20 14:50:14 - [TEST_STEP][PASSED] - sendKeys(findTestObject("ADMIN/Edit Text/Bespoke/Seller Pages/Dashboard/input_Total Sales in_total-sales-in"), "*"): Keys '*' sent to object: 'Object Repository/ADMIN/Edit Text/Bespoke/Seller Pages/Dashboard/input_Total Sales in_total-sales-in'

2020-03-20 14:50:14 - [MESSAGE][PASSED] - Keys '*' sent to object: 'Object Repository/ADMIN/Edit Text/Bespoke/Seller Pages/Dashboard/input_Total Sales in_total-sales-in'

2020-03-20 14:50:14 - [TEST_STEP][PASSED] - sendKeys(findTestObject("ADMIN/Edit Text/Bespoke/Seller Pages/Dashboard/input_Best Sellers_best-sellers"), "*"): Keys '*' sent to object: 'Object Repository/ADMIN/Edit Text/Bespoke/Seller Pages/Dashboard/input_Best Sellers_best-sellers'

2020-03-20 14:50:14 - [MESSAGE][PASSED] - Keys '*' sent to object: 'Object Repository/ADMIN/Edit Text/Bespoke/Seller Pages/Dashboard/input_Best Sellers_best-sellers'

2020-03-20 14:50:14 - [TEST_STEP][PASSED] - sendKeys(findTestObject("ADMIN/Edit Text/Bespoke/Seller Pages/Dashboard/input_Item ID_item-id"), "*"): Keys '*' sent to object: 'Object Repository/ADMIN/Edit Text/Bespoke/Seller Pages/Dashboard/input_Item ID_item-id'

2020-03-20 14:50:14 - [MESSAGE][PASSED] - Keys '*' sent to object: 'Object Repository/ADMIN/Edit Text/Bespoke/Seller Pages/Dashboard/input_Item ID_item-id'

2020-03-20 14:50:14 - [TEST_STEP][PASSED] - sendKeys(findTestObject("ADMIN/Edit Text/Bespoke/Seller Pages/Dashboard/input_Total Sales_total-sales1"), "*"): Keys '*' sent to object: 'Object Repository/ADMIN/Edit Text/Bespoke/Seller Pages/Dashboard/input_Total Sales_total-sales1'

2020-03-20 14:50:14 - [MESSAGE][PASSED] - Keys '*' sent to object: 'Object Repository/ADMIN/Edit Text/Bespoke/Seller Pages/Dashboard/input_Total Sales_total-sales1'

2020-03-20 14:50:14 - [TEST_STEP][PASSED] - sendKeys(findTestObject("ADMIN/Edit Text/Bespoke/Seller Pages/Dashboard/input_Item Sold_item-sold"), "*"): Keys '*' sent to object: 'Object Repository/ADMIN/Edit Text/Bespoke/Seller Pages/Dashboard/input_Item Sold_item-sold'

2020-03-20 14:50:15 - [MESSAGE][PASSED] - Keys '*' sent to object: 'Object Repository/ADMIN/Edit Text/Bespoke/Seller Pages/Dashboard/input_Item Sold_item-sold'

2020-03-20 14:50:15 - [TEST_STEP][PASSED] - sendKeys(findTestObject("ADMIN/Edit Text/Bespoke/Seller Pages/Dashboard/input_Top Viewed Items_top-viewed-item"), "*"): Keys '*' sent to object: 'Object Repository/ADMIN/Edit Text/Bespoke/Seller Pages/Dashboard/input_Top Viewed Items_top-viewed-item'

2020-03-20 14:50:15 - [MESSAGE][PASSED] - Keys '*' sent to object: 'Object Repository/ADMIN/Edit Text/Bespoke/Seller Pages/Dashboard/input_Top Viewed Items_top-viewed-item'

2020-03-20 14:50:15 - [TEST_STEP][PASSED] - sendKeys(findTestObject("ADMIN/Edit Text/Bespoke/Seller Pages/Dashboard/input_Total Views per Item_total-views-per-item"), "*"): Keys '*' sent to object: 'Object Repository/ADMIN/Edit Text/Bespoke/Seller Pages/Dashboard/input_Total Views per Item_total-views-per-item'

2020-03-20 14:50:15 - [MESSAGE][PASSED] - Keys '*' sent to object: 'Object Repository/ADMIN/Edit Text/Bespoke/Seller Pages/Dashboard/input_Total Views per Item_total-views-per-item'

2020-03-20 14:50:15 - [TEST_STEP][PASSED] - sendKeys(findTestObject("ADMIN/Edit Text/Bespoke/Seller Pages/Dashboard/input_Most Viewed_most-viewed"), "*"): Keys '*' sent to object: 'Object Repository/ADMIN/Edit Text/Bespoke/Seller Pages/Dashboard/input_Most Viewed_most-viewed'

2020-03-20 14:50:15 - [MESSAGE][PASSED] - Keys '*' sent to object: 'Object Repository/ADMIN/Edit Text/Bespoke/Seller Pages/Dashboard/input_Most Viewed_most-viewed'

2020-03-20 14:50:15 - [TEST_STEP][PASSED] - sendKeys(findTestObject("ADMIN/Edit Text/Bespoke/Seller Pages/Dashboard/input_Total Views_total-views"), "*"): Keys '*' sent to object: 'Object Repository/ADMIN/Edit Text/Bespoke/Seller Pages/Dashboard/input_Total Views_total-views'

2020-03-20 14:50:15 - [MESSAGE][PASSED] - Keys '*' sent to object: 'Object Repository/ADMIN/Edit Text/Bespoke/Seller Pages/Dashboard/input_Total Views_total-views'

2020-03-20 14:50:15 - [TEST_STEP][PASSED] - sendKeys(findTestObject("ADMIN/Edit Text/Bespoke/Seller Pages/Dashboard/input_Day_order-day"), "*"): Keys '*' sent to object: 'Object Repository/ADMIN/Edit Text/Bespoke/Seller Pages/Dashboard/input_Day_order-day'

2020-03-20 14:50:16 - [MESSAGE][PASSED] - Keys '*' sent to object: 'Object Repository/ADMIN/Edit Text/Bespoke/Seller Pages/Dashboard/input_Day_order-day'

2020-03-20 14:50:16 - [TEST_STEP][PASSED] - sendKeys(findTestObject("ADMIN/Edit Text/Bespoke/Seller Pages/Dashboard/input_Week_order-week"), "*"): Keys '*' sent to object: 'Object Repository/ADMIN/Edit Text/Bespoke/Seller Pages/Dashboard/input_Week_order-week'

2020-03-20 14:50:16 - [MESSAGE][PASSED] - Keys '*' sent to object: 'Object Repository/ADMIN/Edit Text/Bespoke/Seller Pages/Dashboard/input_Week_order-week'

2020-03-20 14:50:16 - [TEST_STEP][PASSED] - sendKeys(findTestObject("ADMIN/Edit Text/Bespoke/Seller Pages/Dashboard/input_Month_order-time"), "*"): Keys '*' sent to object: 'Object Repository/ADMIN/Edit Text/Bespoke/Seller Pages/Dashboard/input_Month_order-time'

2020-03-20 14:50:16 - [MESSAGE][PASSED] - Keys '*' sent to object: 'Object Repository/ADMIN/Edit Text/Bespoke/Seller Pages/Dashboard/input_Month_order-time'

2020-03-20 14:50:16 - [TEST_STEP][PASSED] - click(findTestObject("ADMIN/Edit Text/Bespoke/Buyer Pages/Homepage/button_save"), CONTINUE_ON_FAILURE): Object: 'Object Repository/ADMIN/Edit Text/Bespoke/Buyer Pages/Homepage/button_save' is clicked on

2020-03-20 14:50:16 - [MESSAGE][PASSED] - Object: 'Object Repository/ADMIN/Edit Text/Bespoke/Buyer Pages/Homepage/button_save' is clicked on

2020-03-20 14:50:16 - [TEST_STEP][PASSED] - waitForElementVisible(findTestObject("ADMIN/Edit Text/Bespoke/Buyer Pages/Homepage/toaster_success"), 0): Object 'Object Repository/ADMIN/Edit Text/Bespoke/Buyer Pages/Homepage/toaster_success' is visible

2020-03-20 14:50:17 - [MESSAGE][WARNING] - Timeout '0' is invalid. Using default page load timeout: '30'

2020-03-20 14:50:17 - [MESSAGE][PASSED] - Object 'Object Repository/ADMIN/Edit Text/Bespoke/Buyer Pages/Homepage/toaster_success' is visible]]></system-out>
         <system-err><![CDATA[]]></system-err>
      </testcase>
      <testcase name="Test Cases/ADMIN/Language/Edit Text/Bespoke/Seller/Dashboard" time="8.865" classname="Test Cases/ADMIN/Language/Edit Text/Bespoke/Seller/Dashboard" status="PASSED">
         <system-out><![CDATA[2020-03-20 14:50:17 - [TEST_CASE][PASSED] - Test Cases/ADMIN/Language/Edit Text/Bespoke/Seller/Dashboard: Test Cases/ADMIN/Language/Edit Text/Bespoke/Seller/Dashboard

2020-03-20 14:50:17 - [TEST_STEP][PASSED] - waitForElementVisible(findTestObject("ADMIN/Edit Text/Bespoke/Buyer Navigation/dd_language"), 0): Object 'Object Repository/ADMIN/Edit Text/Bespoke/Buyer Navigation/dd_language' is visible

2020-03-20 14:50:17 - [MESSAGE][WARNING] - Timeout '0' is invalid. Using default page load timeout: '30'

2020-03-20 14:50:17 - [MESSAGE][PASSED] - Object 'Object Repository/ADMIN/Edit Text/Bespoke/Buyer Navigation/dd_language' is visible

2020-03-20 14:50:17 - [TEST_STEP][PASSED] - selectOptionByLabel(findTestObject("ADMIN/Edit Text/Bespoke/Buyer Navigation/dd_language"), varLanguage, false): All options with label 'Italian' are selected in object 'Object Repository/ADMIN/Edit Text/Bespoke/Buyer Navigation/dd_language' 

2020-03-20 14:50:18 - [MESSAGE][PASSED] - All options with label 'Italian' are selected in object 'Object Repository/ADMIN/Edit Text/Bespoke/Buyer Navigation/dd_language' 

2020-03-20 14:50:18 - [TEST_STEP][PASSED] - sendKeys(findTestObject("ADMIN/Edit Text/Bespoke/Seller Pages/Dashboard/input_DASHBOARD_marketplace-name"), "*"): Keys '*' sent to object: 'Object Repository/ADMIN/Edit Text/Bespoke/Seller Pages/Dashboard/input_DASHBOARD_marketplace-name'

2020-03-20 14:50:19 - [MESSAGE][PASSED] - Keys '*' sent to object: 'Object Repository/ADMIN/Edit Text/Bespoke/Seller Pages/Dashboard/input_DASHBOARD_marketplace-name'

2020-03-20 14:50:19 - [TEST_STEP][PASSED] - sendKeys(findTestObject("ADMIN/Edit Text/Bespoke/Seller Pages/Dashboard/input_A quick overview of your sales and seller activity_item_details"), "*"): Keys '*' sent to object: 'Object Repository/ADMIN/Edit Text/Bespoke/Seller Pages/Dashboard/input_A quick overview of your sales and seller activity_item_details'

2020-03-20 14:50:19 - [MESSAGE][PASSED] - Keys '*' sent to object: 'Object Repository/ADMIN/Edit Text/Bespoke/Seller Pages/Dashboard/input_A quick overview of your sales and seller activity_item_details'

2020-03-20 14:50:19 - [TEST_STEP][PASSED] - sendKeys(findTestObject("ADMIN/Edit Text/Bespoke/Seller Pages/Dashboard/input_Orders Today_order-today"), "*"): Keys '*' sent to object: 'Object Repository/ADMIN/Edit Text/Bespoke/Seller Pages/Dashboard/input_Orders Today_order-today'

2020-03-20 14:50:19 - [MESSAGE][PASSED] - Keys '*' sent to object: 'Object Repository/ADMIN/Edit Text/Bespoke/Seller Pages/Dashboard/input_Orders Today_order-today'

2020-03-20 14:50:19 - [TEST_STEP][PASSED] - sendKeys(findTestObject("ADMIN/Edit Text/Bespoke/Seller Pages/Dashboard/input_Revenue Today_revenue-today"), "*"): Keys '*' sent to object: 'Object Repository/ADMIN/Edit Text/Bespoke/Seller Pages/Dashboard/input_Revenue Today_revenue-today'

2020-03-20 14:50:19 - [MESSAGE][PASSED] - Keys '*' sent to object: 'Object Repository/ADMIN/Edit Text/Bespoke/Seller Pages/Dashboard/input_Revenue Today_revenue-today'

2020-03-20 14:50:19 - [TEST_STEP][PASSED] - sendKeys(findTestObject("ADMIN/Edit Text/Bespoke/Seller Pages/Dashboard/input_BEST SELLER_best-seller"), "*"): Keys '*' sent to object: 'Object Repository/ADMIN/Edit Text/Bespoke/Seller Pages/Dashboard/input_BEST SELLER_best-seller'

2020-03-20 14:50:20 - [MESSAGE][PASSED] - Keys '*' sent to object: 'Object Repository/ADMIN/Edit Text/Bespoke/Seller Pages/Dashboard/input_BEST SELLER_best-seller'

2020-03-20 14:50:20 - [TEST_STEP][PASSED] - sendKeys(findTestObject("ADMIN/Edit Text/Bespoke/Seller Pages/Dashboard/input_Quantity left_quantity-left"), "*"): Keys '*' sent to object: 'Object Repository/ADMIN/Edit Text/Bespoke/Seller Pages/Dashboard/input_Quantity left_quantity-left'

2020-03-20 14:50:20 - [MESSAGE][PASSED] - Keys '*' sent to object: 'Object Repository/ADMIN/Edit Text/Bespoke/Seller Pages/Dashboard/input_Quantity left_quantity-left'

2020-03-20 14:50:20 - [TEST_STEP][PASSED] - sendKeys(findTestObject("ADMIN/Edit Text/Bespoke/Seller Pages/Dashboard/input_TODAY_today"), "*"): Keys '*' sent to object: 'Object Repository/ADMIN/Edit Text/Bespoke/Seller Pages/Dashboard/input_TODAY_today'

2020-03-20 14:50:20 - [MESSAGE][PASSED] - Keys '*' sent to object: 'Object Repository/ADMIN/Edit Text/Bespoke/Seller Pages/Dashboard/input_TODAY_today'

2020-03-20 14:50:20 - [TEST_STEP][PASSED] - sendKeys(findTestObject("ADMIN/Edit Text/Bespoke/Seller Pages/Dashboard/input_LAST 7 DAYS_last-7days"), "*"): Keys '*' sent to object: 'Object Repository/ADMIN/Edit Text/Bespoke/Seller Pages/Dashboard/input_LAST 7 DAYS_last-7days'

2020-03-20 14:50:20 - [MESSAGE][PASSED] - Keys '*' sent to object: 'Object Repository/ADMIN/Edit Text/Bespoke/Seller Pages/Dashboard/input_LAST 7 DAYS_last-7days'

2020-03-20 14:50:20 - [TEST_STEP][PASSED] - sendKeys(findTestObject("ADMIN/Edit Text/Bespoke/Seller Pages/Dashboard/input_LAST 30 DAYS_last-30days"), "*"): Keys '*' sent to object: 'Object Repository/ADMIN/Edit Text/Bespoke/Seller Pages/Dashboard/input_LAST 30 DAYS_last-30days'

2020-03-20 14:50:20 - [MESSAGE][PASSED] - Keys '*' sent to object: 'Object Repository/ADMIN/Edit Text/Bespoke/Seller Pages/Dashboard/input_LAST 30 DAYS_last-30days'

2020-03-20 14:50:20 - [TEST_STEP][PASSED] - sendKeys(findTestObject("ADMIN/Edit Text/Bespoke/Seller Pages/Dashboard/input_Total Sales_total-sales"), "*"): Keys '*' sent to object: 'Object Repository/ADMIN/Edit Text/Bespoke/Seller Pages/Dashboard/input_Total Sales_total-sales'

2020-03-20 14:50:20 - [MESSAGE][PASSED] - Keys '*' sent to object: 'Object Repository/ADMIN/Edit Text/Bespoke/Seller Pages/Dashboard/input_Total Sales_total-sales'

2020-03-20 14:50:20 - [TEST_STEP][PASSED] - sendKeys(findTestObject("ADMIN/Edit Text/Bespoke/Seller Pages/Dashboard/input_Total Orders_total-orders"), "*"): Keys '*' sent to object: 'Object Repository/ADMIN/Edit Text/Bespoke/Seller Pages/Dashboard/input_Total Orders_total-orders'

2020-03-20 14:50:21 - [MESSAGE][PASSED] - Keys '*' sent to object: 'Object Repository/ADMIN/Edit Text/Bespoke/Seller Pages/Dashboard/input_Total Orders_total-orders'

2020-03-20 14:50:21 - [TEST_STEP][PASSED] - sendKeys(findTestObject("ADMIN/Edit Text/Bespoke/Seller Pages/Dashboard/input_Total Visits_total-visits"), "*"): Keys '*' sent to object: 'Object Repository/ADMIN/Edit Text/Bespoke/Seller Pages/Dashboard/input_Total Visits_total-visits'

2020-03-20 14:50:21 - [MESSAGE][PASSED] - Keys '*' sent to object: 'Object Repository/ADMIN/Edit Text/Bespoke/Seller Pages/Dashboard/input_Total Visits_total-visits'

2020-03-20 14:50:21 - [TEST_STEP][PASSED] - sendKeys(findTestObject("ADMIN/Edit Text/Bespoke/Seller Pages/Dashboard/input_Avr Order By Rev_avr-order-by-rev"), "*"): Keys '*' sent to object: 'Object Repository/ADMIN/Edit Text/Bespoke/Seller Pages/Dashboard/input_Avr Order By Rev_avr-order-by-rev'

2020-03-20 14:50:21 - [MESSAGE][PASSED] - Keys '*' sent to object: 'Object Repository/ADMIN/Edit Text/Bespoke/Seller Pages/Dashboard/input_Avr Order By Rev_avr-order-by-rev'

2020-03-20 14:50:21 - [TEST_STEP][PASSED] - sendKeys(findTestObject("ADMIN/Edit Text/Bespoke/Seller Pages/Dashboard/input_Avr Items Sold Per Order_avr-item-sold-per-order"), "*"): Keys '*' sent to object: 'Object Repository/ADMIN/Edit Text/Bespoke/Seller Pages/Dashboard/input_Avr Items Sold Per Order_avr-item-sold-per-order'

2020-03-20 14:50:21 - [MESSAGE][PASSED] - Keys '*' sent to object: 'Object Repository/ADMIN/Edit Text/Bespoke/Seller Pages/Dashboard/input_Avr Items Sold Per Order_avr-item-sold-per-order'

2020-03-20 14:50:21 - [TEST_STEP][PASSED] - sendKeys(findTestObject("ADMIN/Edit Text/Bespoke/Seller Pages/Dashboard/input_Sales_order-sales"), "*"): Keys '*' sent to object: 'Object Repository/ADMIN/Edit Text/Bespoke/Seller Pages/Dashboard/input_Sales_order-sales'

2020-03-20 14:50:21 - [MESSAGE][PASSED] - Keys '*' sent to object: 'Object Repository/ADMIN/Edit Text/Bespoke/Seller Pages/Dashboard/input_Sales_order-sales'

2020-03-20 14:50:21 - [TEST_STEP][PASSED] - sendKeys(findTestObject("ADMIN/Edit Text/Bespoke/Seller Pages/Dashboard/input_Total Revenue_total-revenue"), "*"): Keys '*' sent to object: 'Object Repository/ADMIN/Edit Text/Bespoke/Seller Pages/Dashboard/input_Total Revenue_total-revenue'

2020-03-20 14:50:22 - [MESSAGE][PASSED] - Keys '*' sent to object: 'Object Repository/ADMIN/Edit Text/Bespoke/Seller Pages/Dashboard/input_Total Revenue_total-revenue'

2020-03-20 14:50:22 - [TEST_STEP][PASSED] - sendKeys(findTestObject("ADMIN/Edit Text/Bespoke/Seller Pages/Dashboard/input_Total Orders_total-orders1"), "*"): Keys '*' sent to object: 'Object Repository/ADMIN/Edit Text/Bespoke/Seller Pages/Dashboard/input_Total Orders_total-orders1'

2020-03-20 14:50:22 - [MESSAGE][PASSED] - Keys '*' sent to object: 'Object Repository/ADMIN/Edit Text/Bespoke/Seller Pages/Dashboard/input_Total Orders_total-orders1'

2020-03-20 14:50:22 - [TEST_STEP][PASSED] - sendKeys(findTestObject("ADMIN/Edit Text/Bespoke/Seller Pages/Dashboard/input_Best Product Sellers_best-product-sellers"), "*"): Keys '*' sent to object: 'Object Repository/ADMIN/Edit Text/Bespoke/Seller Pages/Dashboard/input_Best Product Sellers_best-product-sellers'

2020-03-20 14:50:22 - [MESSAGE][PASSED] - Keys '*' sent to object: 'Object Repository/ADMIN/Edit Text/Bespoke/Seller Pages/Dashboard/input_Best Product Sellers_best-product-sellers'

2020-03-20 14:50:22 - [TEST_STEP][PASSED] - sendKeys(findTestObject("ADMIN/Edit Text/Bespoke/Seller Pages/Dashboard/input_Total Sales in_total-sales-in"), "*"): Keys '*' sent to object: 'Object Repository/ADMIN/Edit Text/Bespoke/Seller Pages/Dashboard/input_Total Sales in_total-sales-in'

2020-03-20 14:50:22 - [MESSAGE][PASSED] - Keys '*' sent to object: 'Object Repository/ADMIN/Edit Text/Bespoke/Seller Pages/Dashboard/input_Total Sales in_total-sales-in'

2020-03-20 14:50:22 - [TEST_STEP][PASSED] - sendKeys(findTestObject("ADMIN/Edit Text/Bespoke/Seller Pages/Dashboard/input_Best Sellers_best-sellers"), "*"): Keys '*' sent to object: 'Object Repository/ADMIN/Edit Text/Bespoke/Seller Pages/Dashboard/input_Best Sellers_best-sellers'

2020-03-20 14:50:23 - [MESSAGE][PASSED] - Keys '*' sent to object: 'Object Repository/ADMIN/Edit Text/Bespoke/Seller Pages/Dashboard/input_Best Sellers_best-sellers'

2020-03-20 14:50:23 - [TEST_STEP][PASSED] - sendKeys(findTestObject("ADMIN/Edit Text/Bespoke/Seller Pages/Dashboard/input_Item ID_item-id"), "*"): Keys '*' sent to object: 'Object Repository/ADMIN/Edit Text/Bespoke/Seller Pages/Dashboard/input_Item ID_item-id'

2020-03-20 14:50:23 - [MESSAGE][PASSED] - Keys '*' sent to object: 'Object Repository/ADMIN/Edit Text/Bespoke/Seller Pages/Dashboard/input_Item ID_item-id'

2020-03-20 14:50:23 - [TEST_STEP][PASSED] - sendKeys(findTestObject("ADMIN/Edit Text/Bespoke/Seller Pages/Dashboard/input_Total Sales_total-sales1"), "*"): Keys '*' sent to object: 'Object Repository/ADMIN/Edit Text/Bespoke/Seller Pages/Dashboard/input_Total Sales_total-sales1'

2020-03-20 14:50:23 - [MESSAGE][PASSED] - Keys '*' sent to object: 'Object Repository/ADMIN/Edit Text/Bespoke/Seller Pages/Dashboard/input_Total Sales_total-sales1'

2020-03-20 14:50:23 - [TEST_STEP][PASSED] - sendKeys(findTestObject("ADMIN/Edit Text/Bespoke/Seller Pages/Dashboard/input_Item Sold_item-sold"), "*"): Keys '*' sent to object: 'Object Repository/ADMIN/Edit Text/Bespoke/Seller Pages/Dashboard/input_Item Sold_item-sold'

2020-03-20 14:50:23 - [MESSAGE][PASSED] - Keys '*' sent to object: 'Object Repository/ADMIN/Edit Text/Bespoke/Seller Pages/Dashboard/input_Item Sold_item-sold'

2020-03-20 14:50:23 - [TEST_STEP][PASSED] - sendKeys(findTestObject("ADMIN/Edit Text/Bespoke/Seller Pages/Dashboard/input_Top Viewed Items_top-viewed-item"), "*"): Keys '*' sent to object: 'Object Repository/ADMIN/Edit Text/Bespoke/Seller Pages/Dashboard/input_Top Viewed Items_top-viewed-item'

2020-03-20 14:50:23 - [MESSAGE][PASSED] - Keys '*' sent to object: 'Object Repository/ADMIN/Edit Text/Bespoke/Seller Pages/Dashboard/input_Top Viewed Items_top-viewed-item'

2020-03-20 14:50:23 - [TEST_STEP][PASSED] - sendKeys(findTestObject("ADMIN/Edit Text/Bespoke/Seller Pages/Dashboard/input_Total Views per Item_total-views-per-item"), "*"): Keys '*' sent to object: 'Object Repository/ADMIN/Edit Text/Bespoke/Seller Pages/Dashboard/input_Total Views per Item_total-views-per-item'

2020-03-20 14:50:24 - [MESSAGE][PASSED] - Keys '*' sent to object: 'Object Repository/ADMIN/Edit Text/Bespoke/Seller Pages/Dashboard/input_Total Views per Item_total-views-per-item'

2020-03-20 14:50:24 - [TEST_STEP][PASSED] - sendKeys(findTestObject("ADMIN/Edit Text/Bespoke/Seller Pages/Dashboard/input_Most Viewed_most-viewed"), "*"): Keys '*' sent to object: 'Object Repository/ADMIN/Edit Text/Bespoke/Seller Pages/Dashboard/input_Most Viewed_most-viewed'

2020-03-20 14:50:24 - [MESSAGE][PASSED] - Keys '*' sent to object: 'Object Repository/ADMIN/Edit Text/Bespoke/Seller Pages/Dashboard/input_Most Viewed_most-viewed'

2020-03-20 14:50:24 - [TEST_STEP][PASSED] - sendKeys(findTestObject("ADMIN/Edit Text/Bespoke/Seller Pages/Dashboard/input_Total Views_total-views"), "*"): Keys '*' sent to object: 'Object Repository/ADMIN/Edit Text/Bespoke/Seller Pages/Dashboard/input_Total Views_total-views'

2020-03-20 14:50:24 - [MESSAGE][PASSED] - Keys '*' sent to object: 'Object Repository/ADMIN/Edit Text/Bespoke/Seller Pages/Dashboard/input_Total Views_total-views'

2020-03-20 14:50:24 - [TEST_STEP][PASSED] - sendKeys(findTestObject("ADMIN/Edit Text/Bespoke/Seller Pages/Dashboard/input_Day_order-day"), "*"): Keys '*' sent to object: 'Object Repository/ADMIN/Edit Text/Bespoke/Seller Pages/Dashboard/input_Day_order-day'

2020-03-20 14:50:24 - [MESSAGE][PASSED] - Keys '*' sent to object: 'Object Repository/ADMIN/Edit Text/Bespoke/Seller Pages/Dashboard/input_Day_order-day'

2020-03-20 14:50:24 - [TEST_STEP][PASSED] - sendKeys(findTestObject("ADMIN/Edit Text/Bespoke/Seller Pages/Dashboard/input_Week_order-week"), "*"): Keys '*' sent to object: 'Object Repository/ADMIN/Edit Text/Bespoke/Seller Pages/Dashboard/input_Week_order-week'

2020-03-20 14:50:25 - [MESSAGE][PASSED] - Keys '*' sent to object: 'Object Repository/ADMIN/Edit Text/Bespoke/Seller Pages/Dashboard/input_Week_order-week'

2020-03-20 14:50:25 - [TEST_STEP][PASSED] - sendKeys(findTestObject("ADMIN/Edit Text/Bespoke/Seller Pages/Dashboard/input_Month_order-time"), "*"): Keys '*' sent to object: 'Object Repository/ADMIN/Edit Text/Bespoke/Seller Pages/Dashboard/input_Month_order-time'

2020-03-20 14:50:25 - [MESSAGE][PASSED] - Keys '*' sent to object: 'Object Repository/ADMIN/Edit Text/Bespoke/Seller Pages/Dashboard/input_Month_order-time'

2020-03-20 14:50:25 - [TEST_STEP][PASSED] - click(findTestObject("ADMIN/Edit Text/Bespoke/Buyer Pages/Homepage/button_save"), CONTINUE_ON_FAILURE): Object: 'Object Repository/ADMIN/Edit Text/Bespoke/Buyer Pages/Homepage/button_save' is clicked on

2020-03-20 14:50:25 - [MESSAGE][PASSED] - Object: 'Object Repository/ADMIN/Edit Text/Bespoke/Buyer Pages/Homepage/button_save' is clicked on

2020-03-20 14:50:25 - [TEST_STEP][PASSED] - waitForElementVisible(findTestObject("ADMIN/Edit Text/Bespoke/Buyer Pages/Homepage/toaster_success"), 0): Object 'Object Repository/ADMIN/Edit Text/Bespoke/Buyer Pages/Homepage/toaster_success' is visible

2020-03-20 14:50:25 - [MESSAGE][WARNING] - Timeout '0' is invalid. Using default page load timeout: '30'

2020-03-20 14:50:26 - [MESSAGE][PASSED] - Object 'Object Repository/ADMIN/Edit Text/Bespoke/Buyer Pages/Homepage/toaster_success' is visible]]></system-out>
         <system-err><![CDATA[]]></system-err>
      </testcase>
      <testcase name="Test Cases/ADMIN/Language/Edit Text/Bespoke/Seller/Dashboard" time="9.149" classname="Test Cases/ADMIN/Language/Edit Text/Bespoke/Seller/Dashboard" status="PASSED">
         <system-out><![CDATA[2020-03-20 14:50:26 - [TEST_CASE][PASSED] - Test Cases/ADMIN/Language/Edit Text/Bespoke/Seller/Dashboard: Test Cases/ADMIN/Language/Edit Text/Bespoke/Seller/Dashboard

2020-03-20 14:50:26 - [TEST_STEP][PASSED] - waitForElementVisible(findTestObject("ADMIN/Edit Text/Bespoke/Buyer Navigation/dd_language"), 0): Object 'Object Repository/ADMIN/Edit Text/Bespoke/Buyer Navigation/dd_language' is visible

2020-03-20 14:50:26 - [MESSAGE][WARNING] - Timeout '0' is invalid. Using default page load timeout: '30'

2020-03-20 14:50:26 - [MESSAGE][PASSED] - Object 'Object Repository/ADMIN/Edit Text/Bespoke/Buyer Navigation/dd_language' is visible

2020-03-20 14:50:26 - [TEST_STEP][PASSED] - selectOptionByLabel(findTestObject("ADMIN/Edit Text/Bespoke/Buyer Navigation/dd_language"), varLanguage, false): All options with label 'Arabic' are selected in object 'Object Repository/ADMIN/Edit Text/Bespoke/Buyer Navigation/dd_language' 

2020-03-20 14:50:27 - [MESSAGE][PASSED] - All options with label 'Arabic' are selected in object 'Object Repository/ADMIN/Edit Text/Bespoke/Buyer Navigation/dd_language' 

2020-03-20 14:50:27 - [TEST_STEP][PASSED] - sendKeys(findTestObject("ADMIN/Edit Text/Bespoke/Seller Pages/Dashboard/input_DASHBOARD_marketplace-name"), "*"): Keys '*' sent to object: 'Object Repository/ADMIN/Edit Text/Bespoke/Seller Pages/Dashboard/input_DASHBOARD_marketplace-name'

2020-03-20 14:50:28 - [MESSAGE][PASSED] - Keys '*' sent to object: 'Object Repository/ADMIN/Edit Text/Bespoke/Seller Pages/Dashboard/input_DASHBOARD_marketplace-name'

2020-03-20 14:50:28 - [TEST_STEP][PASSED] - sendKeys(findTestObject("ADMIN/Edit Text/Bespoke/Seller Pages/Dashboard/input_A quick overview of your sales and seller activity_item_details"), "*"): Keys '*' sent to object: 'Object Repository/ADMIN/Edit Text/Bespoke/Seller Pages/Dashboard/input_A quick overview of your sales and seller activity_item_details'

2020-03-20 14:50:28 - [MESSAGE][PASSED] - Keys '*' sent to object: 'Object Repository/ADMIN/Edit Text/Bespoke/Seller Pages/Dashboard/input_A quick overview of your sales and seller activity_item_details'

2020-03-20 14:50:28 - [TEST_STEP][PASSED] - sendKeys(findTestObject("ADMIN/Edit Text/Bespoke/Seller Pages/Dashboard/input_Orders Today_order-today"), "*"): Keys '*' sent to object: 'Object Repository/ADMIN/Edit Text/Bespoke/Seller Pages/Dashboard/input_Orders Today_order-today'

2020-03-20 14:50:28 - [MESSAGE][PASSED] - Keys '*' sent to object: 'Object Repository/ADMIN/Edit Text/Bespoke/Seller Pages/Dashboard/input_Orders Today_order-today'

2020-03-20 14:50:28 - [TEST_STEP][PASSED] - sendKeys(findTestObject("ADMIN/Edit Text/Bespoke/Seller Pages/Dashboard/input_Revenue Today_revenue-today"), "*"): Keys '*' sent to object: 'Object Repository/ADMIN/Edit Text/Bespoke/Seller Pages/Dashboard/input_Revenue Today_revenue-today'

2020-03-20 14:50:28 - [MESSAGE][PASSED] - Keys '*' sent to object: 'Object Repository/ADMIN/Edit Text/Bespoke/Seller Pages/Dashboard/input_Revenue Today_revenue-today'

2020-03-20 14:50:28 - [TEST_STEP][PASSED] - sendKeys(findTestObject("ADMIN/Edit Text/Bespoke/Seller Pages/Dashboard/input_BEST SELLER_best-seller"), "*"): Keys '*' sent to object: 'Object Repository/ADMIN/Edit Text/Bespoke/Seller Pages/Dashboard/input_BEST SELLER_best-seller'

2020-03-20 14:50:29 - [MESSAGE][PASSED] - Keys '*' sent to object: 'Object Repository/ADMIN/Edit Text/Bespoke/Seller Pages/Dashboard/input_BEST SELLER_best-seller'

2020-03-20 14:50:29 - [TEST_STEP][PASSED] - sendKeys(findTestObject("ADMIN/Edit Text/Bespoke/Seller Pages/Dashboard/input_Quantity left_quantity-left"), "*"): Keys '*' sent to object: 'Object Repository/ADMIN/Edit Text/Bespoke/Seller Pages/Dashboard/input_Quantity left_quantity-left'

2020-03-20 14:50:29 - [MESSAGE][PASSED] - Keys '*' sent to object: 'Object Repository/ADMIN/Edit Text/Bespoke/Seller Pages/Dashboard/input_Quantity left_quantity-left'

2020-03-20 14:50:29 - [TEST_STEP][PASSED] - sendKeys(findTestObject("ADMIN/Edit Text/Bespoke/Seller Pages/Dashboard/input_TODAY_today"), "*"): Keys '*' sent to object: 'Object Repository/ADMIN/Edit Text/Bespoke/Seller Pages/Dashboard/input_TODAY_today'

2020-03-20 14:50:29 - [MESSAGE][PASSED] - Keys '*' sent to object: 'Object Repository/ADMIN/Edit Text/Bespoke/Seller Pages/Dashboard/input_TODAY_today'

2020-03-20 14:50:29 - [TEST_STEP][PASSED] - sendKeys(findTestObject("ADMIN/Edit Text/Bespoke/Seller Pages/Dashboard/input_LAST 7 DAYS_last-7days"), "*"): Keys '*' sent to object: 'Object Repository/ADMIN/Edit Text/Bespoke/Seller Pages/Dashboard/input_LAST 7 DAYS_last-7days'

2020-03-20 14:50:29 - [MESSAGE][PASSED] - Keys '*' sent to object: 'Object Repository/ADMIN/Edit Text/Bespoke/Seller Pages/Dashboard/input_LAST 7 DAYS_last-7days'

2020-03-20 14:50:29 - [TEST_STEP][PASSED] - sendKeys(findTestObject("ADMIN/Edit Text/Bespoke/Seller Pages/Dashboard/input_LAST 30 DAYS_last-30days"), "*"): Keys '*' sent to object: 'Object Repository/ADMIN/Edit Text/Bespoke/Seller Pages/Dashboard/input_LAST 30 DAYS_last-30days'

2020-03-20 14:50:29 - [MESSAGE][PASSED] - Keys '*' sent to object: 'Object Repository/ADMIN/Edit Text/Bespoke/Seller Pages/Dashboard/input_LAST 30 DAYS_last-30days'

2020-03-20 14:50:29 - [TEST_STEP][PASSED] - sendKeys(findTestObject("ADMIN/Edit Text/Bespoke/Seller Pages/Dashboard/input_Total Sales_total-sales"), "*"): Keys '*' sent to object: 'Object Repository/ADMIN/Edit Text/Bespoke/Seller Pages/Dashboard/input_Total Sales_total-sales'

2020-03-20 14:50:30 - [MESSAGE][PASSED] - Keys '*' sent to object: 'Object Repository/ADMIN/Edit Text/Bespoke/Seller Pages/Dashboard/input_Total Sales_total-sales'

2020-03-20 14:50:30 - [TEST_STEP][PASSED] - sendKeys(findTestObject("ADMIN/Edit Text/Bespoke/Seller Pages/Dashboard/input_Total Orders_total-orders"), "*"): Keys '*' sent to object: 'Object Repository/ADMIN/Edit Text/Bespoke/Seller Pages/Dashboard/input_Total Orders_total-orders'

2020-03-20 14:50:30 - [MESSAGE][PASSED] - Keys '*' sent to object: 'Object Repository/ADMIN/Edit Text/Bespoke/Seller Pages/Dashboard/input_Total Orders_total-orders'

2020-03-20 14:50:30 - [TEST_STEP][PASSED] - sendKeys(findTestObject("ADMIN/Edit Text/Bespoke/Seller Pages/Dashboard/input_Total Visits_total-visits"), "*"): Keys '*' sent to object: 'Object Repository/ADMIN/Edit Text/Bespoke/Seller Pages/Dashboard/input_Total Visits_total-visits'

2020-03-20 14:50:30 - [MESSAGE][PASSED] - Keys '*' sent to object: 'Object Repository/ADMIN/Edit Text/Bespoke/Seller Pages/Dashboard/input_Total Visits_total-visits'

2020-03-20 14:50:30 - [TEST_STEP][PASSED] - sendKeys(findTestObject("ADMIN/Edit Text/Bespoke/Seller Pages/Dashboard/input_Avr Order By Rev_avr-order-by-rev"), "*"): Keys '*' sent to object: 'Object Repository/ADMIN/Edit Text/Bespoke/Seller Pages/Dashboard/input_Avr Order By Rev_avr-order-by-rev'

2020-03-20 14:50:30 - [MESSAGE][PASSED] - Keys '*' sent to object: 'Object Repository/ADMIN/Edit Text/Bespoke/Seller Pages/Dashboard/input_Avr Order By Rev_avr-order-by-rev'

2020-03-20 14:50:30 - [TEST_STEP][PASSED] - sendKeys(findTestObject("ADMIN/Edit Text/Bespoke/Seller Pages/Dashboard/input_Avr Items Sold Per Order_avr-item-sold-per-order"), "*"): Keys '*' sent to object: 'Object Repository/ADMIN/Edit Text/Bespoke/Seller Pages/Dashboard/input_Avr Items Sold Per Order_avr-item-sold-per-order'

2020-03-20 14:50:31 - [MESSAGE][PASSED] - Keys '*' sent to object: 'Object Repository/ADMIN/Edit Text/Bespoke/Seller Pages/Dashboard/input_Avr Items Sold Per Order_avr-item-sold-per-order'

2020-03-20 14:50:31 - [TEST_STEP][PASSED] - sendKeys(findTestObject("ADMIN/Edit Text/Bespoke/Seller Pages/Dashboard/input_Sales_order-sales"), "*"): Keys '*' sent to object: 'Object Repository/ADMIN/Edit Text/Bespoke/Seller Pages/Dashboard/input_Sales_order-sales'

2020-03-20 14:50:31 - [MESSAGE][PASSED] - Keys '*' sent to object: 'Object Repository/ADMIN/Edit Text/Bespoke/Seller Pages/Dashboard/input_Sales_order-sales'

2020-03-20 14:50:31 - [TEST_STEP][PASSED] - sendKeys(findTestObject("ADMIN/Edit Text/Bespoke/Seller Pages/Dashboard/input_Total Revenue_total-revenue"), "*"): Keys '*' sent to object: 'Object Repository/ADMIN/Edit Text/Bespoke/Seller Pages/Dashboard/input_Total Revenue_total-revenue'

2020-03-20 14:50:31 - [MESSAGE][PASSED] - Keys '*' sent to object: 'Object Repository/ADMIN/Edit Text/Bespoke/Seller Pages/Dashboard/input_Total Revenue_total-revenue'

2020-03-20 14:50:31 - [TEST_STEP][PASSED] - sendKeys(findTestObject("ADMIN/Edit Text/Bespoke/Seller Pages/Dashboard/input_Total Orders_total-orders1"), "*"): Keys '*' sent to object: 'Object Repository/ADMIN/Edit Text/Bespoke/Seller Pages/Dashboard/input_Total Orders_total-orders1'

2020-03-20 14:50:31 - [MESSAGE][PASSED] - Keys '*' sent to object: 'Object Repository/ADMIN/Edit Text/Bespoke/Seller Pages/Dashboard/input_Total Orders_total-orders1'

2020-03-20 14:50:31 - [TEST_STEP][PASSED] - sendKeys(findTestObject("ADMIN/Edit Text/Bespoke/Seller Pages/Dashboard/input_Best Product Sellers_best-product-sellers"), "*"): Keys '*' sent to object: 'Object Repository/ADMIN/Edit Text/Bespoke/Seller Pages/Dashboard/input_Best Product Sellers_best-product-sellers'

2020-03-20 14:50:31 - [MESSAGE][PASSED] - Keys '*' sent to object: 'Object Repository/ADMIN/Edit Text/Bespoke/Seller Pages/Dashboard/input_Best Product Sellers_best-product-sellers'

2020-03-20 14:50:31 - [TEST_STEP][PASSED] - sendKeys(findTestObject("ADMIN/Edit Text/Bespoke/Seller Pages/Dashboard/input_Total Sales in_total-sales-in"), "*"): Keys '*' sent to object: 'Object Repository/ADMIN/Edit Text/Bespoke/Seller Pages/Dashboard/input_Total Sales in_total-sales-in'

2020-03-20 14:50:32 - [MESSAGE][PASSED] - Keys '*' sent to object: 'Object Repository/ADMIN/Edit Text/Bespoke/Seller Pages/Dashboard/input_Total Sales in_total-sales-in'

2020-03-20 14:50:32 - [TEST_STEP][PASSED] - sendKeys(findTestObject("ADMIN/Edit Text/Bespoke/Seller Pages/Dashboard/input_Best Sellers_best-sellers"), "*"): Keys '*' sent to object: 'Object Repository/ADMIN/Edit Text/Bespoke/Seller Pages/Dashboard/input_Best Sellers_best-sellers'

2020-03-20 14:50:32 - [MESSAGE][PASSED] - Keys '*' sent to object: 'Object Repository/ADMIN/Edit Text/Bespoke/Seller Pages/Dashboard/input_Best Sellers_best-sellers'

2020-03-20 14:50:32 - [TEST_STEP][PASSED] - sendKeys(findTestObject("ADMIN/Edit Text/Bespoke/Seller Pages/Dashboard/input_Item ID_item-id"), "*"): Keys '*' sent to object: 'Object Repository/ADMIN/Edit Text/Bespoke/Seller Pages/Dashboard/input_Item ID_item-id'

2020-03-20 14:50:32 - [MESSAGE][PASSED] - Keys '*' sent to object: 'Object Repository/ADMIN/Edit Text/Bespoke/Seller Pages/Dashboard/input_Item ID_item-id'

2020-03-20 14:50:32 - [TEST_STEP][PASSED] - sendKeys(findTestObject("ADMIN/Edit Text/Bespoke/Seller Pages/Dashboard/input_Total Sales_total-sales1"), "*"): Keys '*' sent to object: 'Object Repository/ADMIN/Edit Text/Bespoke/Seller Pages/Dashboard/input_Total Sales_total-sales1'

2020-03-20 14:50:32 - [MESSAGE][PASSED] - Keys '*' sent to object: 'Object Repository/ADMIN/Edit Text/Bespoke/Seller Pages/Dashboard/input_Total Sales_total-sales1'

2020-03-20 14:50:32 - [TEST_STEP][PASSED] - sendKeys(findTestObject("ADMIN/Edit Text/Bespoke/Seller Pages/Dashboard/input_Item Sold_item-sold"), "*"): Keys '*' sent to object: 'Object Repository/ADMIN/Edit Text/Bespoke/Seller Pages/Dashboard/input_Item Sold_item-sold'

2020-03-20 14:50:32 - [MESSAGE][PASSED] - Keys '*' sent to object: 'Object Repository/ADMIN/Edit Text/Bespoke/Seller Pages/Dashboard/input_Item Sold_item-sold'

2020-03-20 14:50:32 - [TEST_STEP][PASSED] - sendKeys(findTestObject("ADMIN/Edit Text/Bespoke/Seller Pages/Dashboard/input_Top Viewed Items_top-viewed-item"), "*"): Keys '*' sent to object: 'Object Repository/ADMIN/Edit Text/Bespoke/Seller Pages/Dashboard/input_Top Viewed Items_top-viewed-item'

2020-03-20 14:50:33 - [MESSAGE][PASSED] - Keys '*' sent to object: 'Object Repository/ADMIN/Edit Text/Bespoke/Seller Pages/Dashboard/input_Top Viewed Items_top-viewed-item'

2020-03-20 14:50:33 - [TEST_STEP][PASSED] - sendKeys(findTestObject("ADMIN/Edit Text/Bespoke/Seller Pages/Dashboard/input_Total Views per Item_total-views-per-item"), "*"): Keys '*' sent to object: 'Object Repository/ADMIN/Edit Text/Bespoke/Seller Pages/Dashboard/input_Total Views per Item_total-views-per-item'

2020-03-20 14:50:33 - [MESSAGE][PASSED] - Keys '*' sent to object: 'Object Repository/ADMIN/Edit Text/Bespoke/Seller Pages/Dashboard/input_Total Views per Item_total-views-per-item'

2020-03-20 14:50:33 - [TEST_STEP][PASSED] - sendKeys(findTestObject("ADMIN/Edit Text/Bespoke/Seller Pages/Dashboard/input_Most Viewed_most-viewed"), "*"): Keys '*' sent to object: 'Object Repository/ADMIN/Edit Text/Bespoke/Seller Pages/Dashboard/input_Most Viewed_most-viewed'

2020-03-20 14:50:33 - [MESSAGE][PASSED] - Keys '*' sent to object: 'Object Repository/ADMIN/Edit Text/Bespoke/Seller Pages/Dashboard/input_Most Viewed_most-viewed'

2020-03-20 14:50:33 - [TEST_STEP][PASSED] - sendKeys(findTestObject("ADMIN/Edit Text/Bespoke/Seller Pages/Dashboard/input_Total Views_total-views"), "*"): Keys '*' sent to object: 'Object Repository/ADMIN/Edit Text/Bespoke/Seller Pages/Dashboard/input_Total Views_total-views'

2020-03-20 14:50:33 - [MESSAGE][PASSED] - Keys '*' sent to object: 'Object Repository/ADMIN/Edit Text/Bespoke/Seller Pages/Dashboard/input_Total Views_total-views'

2020-03-20 14:50:33 - [TEST_STEP][PASSED] - sendKeys(findTestObject("ADMIN/Edit Text/Bespoke/Seller Pages/Dashboard/input_Day_order-day"), "*"): Keys '*' sent to object: 'Object Repository/ADMIN/Edit Text/Bespoke/Seller Pages/Dashboard/input_Day_order-day'

2020-03-20 14:50:34 - [MESSAGE][PASSED] - Keys '*' sent to object: 'Object Repository/ADMIN/Edit Text/Bespoke/Seller Pages/Dashboard/input_Day_order-day'

2020-03-20 14:50:34 - [TEST_STEP][PASSED] - sendKeys(findTestObject("ADMIN/Edit Text/Bespoke/Seller Pages/Dashboard/input_Week_order-week"), "*"): Keys '*' sent to object: 'Object Repository/ADMIN/Edit Text/Bespoke/Seller Pages/Dashboard/input_Week_order-week'

2020-03-20 14:50:34 - [MESSAGE][PASSED] - Keys '*' sent to object: 'Object Repository/ADMIN/Edit Text/Bespoke/Seller Pages/Dashboard/input_Week_order-week'

2020-03-20 14:50:34 - [TEST_STEP][PASSED] - sendKeys(findTestObject("ADMIN/Edit Text/Bespoke/Seller Pages/Dashboard/input_Month_order-time"), "*"): Keys '*' sent to object: 'Object Repository/ADMIN/Edit Text/Bespoke/Seller Pages/Dashboard/input_Month_order-time'

2020-03-20 14:50:34 - [MESSAGE][PASSED] - Keys '*' sent to object: 'Object Repository/ADMIN/Edit Text/Bespoke/Seller Pages/Dashboard/input_Month_order-time'

2020-03-20 14:50:34 - [TEST_STEP][PASSED] - click(findTestObject("ADMIN/Edit Text/Bespoke/Buyer Pages/Homepage/button_save"), CONTINUE_ON_FAILURE): Object: 'Object Repository/ADMIN/Edit Text/Bespoke/Buyer Pages/Homepage/button_save' is clicked on

2020-03-20 14:50:34 - [MESSAGE][PASSED] - Object: 'Object Repository/ADMIN/Edit Text/Bespoke/Buyer Pages/Homepage/button_save' is clicked on

2020-03-20 14:50:34 - [TEST_STEP][PASSED] - waitForElementVisible(findTestObject("ADMIN/Edit Text/Bespoke/Buyer Pages/Homepage/toaster_success"), 0): Object 'Object Repository/ADMIN/Edit Text/Bespoke/Buyer Pages/Homepage/toaster_success' is visible

2020-03-20 14:50:34 - [MESSAGE][WARNING] - Timeout '0' is invalid. Using default page load timeout: '30'

2020-03-20 14:50:35 - [MESSAGE][PASSED] - Object 'Object Repository/ADMIN/Edit Text/Bespoke/Buyer Pages/Homepage/toaster_success' is visible]]></system-out>
         <system-err><![CDATA[]]></system-err>
      </testcase>
      <testcase name="Test Cases/ADMIN/Language/Edit Text/Bespoke/Seller/Dashboard" time="8.61" classname="Test Cases/ADMIN/Language/Edit Text/Bespoke/Seller/Dashboard" status="PASSED">
         <system-out><![CDATA[2020-03-20 14:50:35 - [TEST_CASE][PASSED] - Test Cases/ADMIN/Language/Edit Text/Bespoke/Seller/Dashboard: Test Cases/ADMIN/Language/Edit Text/Bespoke/Seller/Dashboard

2020-03-20 14:50:35 - [TEST_STEP][PASSED] - waitForElementVisible(findTestObject("ADMIN/Edit Text/Bespoke/Buyer Navigation/dd_language"), 0): Object 'Object Repository/ADMIN/Edit Text/Bespoke/Buyer Navigation/dd_language' is visible

2020-03-20 14:50:35 - [MESSAGE][WARNING] - Timeout '0' is invalid. Using default page load timeout: '30'

2020-03-20 14:50:35 - [MESSAGE][PASSED] - Object 'Object Repository/ADMIN/Edit Text/Bespoke/Buyer Navigation/dd_language' is visible

2020-03-20 14:50:35 - [TEST_STEP][PASSED] - selectOptionByLabel(findTestObject("ADMIN/Edit Text/Bespoke/Buyer Navigation/dd_language"), varLanguage, false): All options with label 'Dutch' are selected in object 'Object Repository/ADMIN/Edit Text/Bespoke/Buyer Navigation/dd_language' 

2020-03-20 14:50:36 - [MESSAGE][PASSED] - All options with label 'Dutch' are selected in object 'Object Repository/ADMIN/Edit Text/Bespoke/Buyer Navigation/dd_language' 

2020-03-20 14:50:36 - [TEST_STEP][PASSED] - sendKeys(findTestObject("ADMIN/Edit Text/Bespoke/Seller Pages/Dashboard/input_DASHBOARD_marketplace-name"), "*"): Keys '*' sent to object: 'Object Repository/ADMIN/Edit Text/Bespoke/Seller Pages/Dashboard/input_DASHBOARD_marketplace-name'

2020-03-20 14:50:37 - [MESSAGE][PASSED] - Keys '*' sent to object: 'Object Repository/ADMIN/Edit Text/Bespoke/Seller Pages/Dashboard/input_DASHBOARD_marketplace-name'

2020-03-20 14:50:37 - [TEST_STEP][PASSED] - sendKeys(findTestObject("ADMIN/Edit Text/Bespoke/Seller Pages/Dashboard/input_A quick overview of your sales and seller activity_item_details"), "*"): Keys '*' sent to object: 'Object Repository/ADMIN/Edit Text/Bespoke/Seller Pages/Dashboard/input_A quick overview of your sales and seller activity_item_details'

2020-03-20 14:50:37 - [MESSAGE][PASSED] - Keys '*' sent to object: 'Object Repository/ADMIN/Edit Text/Bespoke/Seller Pages/Dashboard/input_A quick overview of your sales and seller activity_item_details'

2020-03-20 14:50:37 - [TEST_STEP][PASSED] - sendKeys(findTestObject("ADMIN/Edit Text/Bespoke/Seller Pages/Dashboard/input_Orders Today_order-today"), "*"): Keys '*' sent to object: 'Object Repository/ADMIN/Edit Text/Bespoke/Seller Pages/Dashboard/input_Orders Today_order-today'

2020-03-20 14:50:37 - [MESSAGE][PASSED] - Keys '*' sent to object: 'Object Repository/ADMIN/Edit Text/Bespoke/Seller Pages/Dashboard/input_Orders Today_order-today'

2020-03-20 14:50:37 - [TEST_STEP][PASSED] - sendKeys(findTestObject("ADMIN/Edit Text/Bespoke/Seller Pages/Dashboard/input_Revenue Today_revenue-today"), "*"): Keys '*' sent to object: 'Object Repository/ADMIN/Edit Text/Bespoke/Seller Pages/Dashboard/input_Revenue Today_revenue-today'

2020-03-20 14:50:37 - [MESSAGE][PASSED] - Keys '*' sent to object: 'Object Repository/ADMIN/Edit Text/Bespoke/Seller Pages/Dashboard/input_Revenue Today_revenue-today'

2020-03-20 14:50:37 - [TEST_STEP][PASSED] - sendKeys(findTestObject("ADMIN/Edit Text/Bespoke/Seller Pages/Dashboard/input_BEST SELLER_best-seller"), "*"): Keys '*' sent to object: 'Object Repository/ADMIN/Edit Text/Bespoke/Seller Pages/Dashboard/input_BEST SELLER_best-seller'

2020-03-20 14:50:38 - [MESSAGE][PASSED] - Keys '*' sent to object: 'Object Repository/ADMIN/Edit Text/Bespoke/Seller Pages/Dashboard/input_BEST SELLER_best-seller'

2020-03-20 14:50:38 - [TEST_STEP][PASSED] - sendKeys(findTestObject("ADMIN/Edit Text/Bespoke/Seller Pages/Dashboard/input_Quantity left_quantity-left"), "*"): Keys '*' sent to object: 'Object Repository/ADMIN/Edit Text/Bespoke/Seller Pages/Dashboard/input_Quantity left_quantity-left'

2020-03-20 14:50:38 - [MESSAGE][PASSED] - Keys '*' sent to object: 'Object Repository/ADMIN/Edit Text/Bespoke/Seller Pages/Dashboard/input_Quantity left_quantity-left'

2020-03-20 14:50:38 - [TEST_STEP][PASSED] - sendKeys(findTestObject("ADMIN/Edit Text/Bespoke/Seller Pages/Dashboard/input_TODAY_today"), "*"): Keys '*' sent to object: 'Object Repository/ADMIN/Edit Text/Bespoke/Seller Pages/Dashboard/input_TODAY_today'

2020-03-20 14:50:38 - [MESSAGE][PASSED] - Keys '*' sent to object: 'Object Repository/ADMIN/Edit Text/Bespoke/Seller Pages/Dashboard/input_TODAY_today'

2020-03-20 14:50:38 - [TEST_STEP][PASSED] - sendKeys(findTestObject("ADMIN/Edit Text/Bespoke/Seller Pages/Dashboard/input_LAST 7 DAYS_last-7days"), "*"): Keys '*' sent to object: 'Object Repository/ADMIN/Edit Text/Bespoke/Seller Pages/Dashboard/input_LAST 7 DAYS_last-7days'

2020-03-20 14:50:38 - [MESSAGE][PASSED] - Keys '*' sent to object: 'Object Repository/ADMIN/Edit Text/Bespoke/Seller Pages/Dashboard/input_LAST 7 DAYS_last-7days'

2020-03-20 14:50:38 - [TEST_STEP][PASSED] - sendKeys(findTestObject("ADMIN/Edit Text/Bespoke/Seller Pages/Dashboard/input_LAST 30 DAYS_last-30days"), "*"): Keys '*' sent to object: 'Object Repository/ADMIN/Edit Text/Bespoke/Seller Pages/Dashboard/input_LAST 30 DAYS_last-30days'

2020-03-20 14:50:38 - [MESSAGE][PASSED] - Keys '*' sent to object: 'Object Repository/ADMIN/Edit Text/Bespoke/Seller Pages/Dashboard/input_LAST 30 DAYS_last-30days'

2020-03-20 14:50:38 - [TEST_STEP][PASSED] - sendKeys(findTestObject("ADMIN/Edit Text/Bespoke/Seller Pages/Dashboard/input_Total Sales_total-sales"), "*"): Keys '*' sent to object: 'Object Repository/ADMIN/Edit Text/Bespoke/Seller Pages/Dashboard/input_Total Sales_total-sales'

2020-03-20 14:50:39 - [MESSAGE][PASSED] - Keys '*' sent to object: 'Object Repository/ADMIN/Edit Text/Bespoke/Seller Pages/Dashboard/input_Total Sales_total-sales'

2020-03-20 14:50:39 - [TEST_STEP][PASSED] - sendKeys(findTestObject("ADMIN/Edit Text/Bespoke/Seller Pages/Dashboard/input_Total Orders_total-orders"), "*"): Keys '*' sent to object: 'Object Repository/ADMIN/Edit Text/Bespoke/Seller Pages/Dashboard/input_Total Orders_total-orders'

2020-03-20 14:50:39 - [MESSAGE][PASSED] - Keys '*' sent to object: 'Object Repository/ADMIN/Edit Text/Bespoke/Seller Pages/Dashboard/input_Total Orders_total-orders'

2020-03-20 14:50:39 - [TEST_STEP][PASSED] - sendKeys(findTestObject("ADMIN/Edit Text/Bespoke/Seller Pages/Dashboard/input_Total Visits_total-visits"), "*"): Keys '*' sent to object: 'Object Repository/ADMIN/Edit Text/Bespoke/Seller Pages/Dashboard/input_Total Visits_total-visits'

2020-03-20 14:50:39 - [MESSAGE][PASSED] - Keys '*' sent to object: 'Object Repository/ADMIN/Edit Text/Bespoke/Seller Pages/Dashboard/input_Total Visits_total-visits'

2020-03-20 14:50:39 - [TEST_STEP][PASSED] - sendKeys(findTestObject("ADMIN/Edit Text/Bespoke/Seller Pages/Dashboard/input_Avr Order By Rev_avr-order-by-rev"), "*"): Keys '*' sent to object: 'Object Repository/ADMIN/Edit Text/Bespoke/Seller Pages/Dashboard/input_Avr Order By Rev_avr-order-by-rev'

2020-03-20 14:50:39 - [MESSAGE][PASSED] - Keys '*' sent to object: 'Object Repository/ADMIN/Edit Text/Bespoke/Seller Pages/Dashboard/input_Avr Order By Rev_avr-order-by-rev'

2020-03-20 14:50:39 - [TEST_STEP][PASSED] - sendKeys(findTestObject("ADMIN/Edit Text/Bespoke/Seller Pages/Dashboard/input_Avr Items Sold Per Order_avr-item-sold-per-order"), "*"): Keys '*' sent to object: 'Object Repository/ADMIN/Edit Text/Bespoke/Seller Pages/Dashboard/input_Avr Items Sold Per Order_avr-item-sold-per-order'

2020-03-20 14:50:39 - [MESSAGE][PASSED] - Keys '*' sent to object: 'Object Repository/ADMIN/Edit Text/Bespoke/Seller Pages/Dashboard/input_Avr Items Sold Per Order_avr-item-sold-per-order'

2020-03-20 14:50:39 - [TEST_STEP][PASSED] - sendKeys(findTestObject("ADMIN/Edit Text/Bespoke/Seller Pages/Dashboard/input_Sales_order-sales"), "*"): Keys '*' sent to object: 'Object Repository/ADMIN/Edit Text/Bespoke/Seller Pages/Dashboard/input_Sales_order-sales'

2020-03-20 14:50:39 - [MESSAGE][PASSED] - Keys '*' sent to object: 'Object Repository/ADMIN/Edit Text/Bespoke/Seller Pages/Dashboard/input_Sales_order-sales'

2020-03-20 14:50:39 - [TEST_STEP][PASSED] - sendKeys(findTestObject("ADMIN/Edit Text/Bespoke/Seller Pages/Dashboard/input_Total Revenue_total-revenue"), "*"): Keys '*' sent to object: 'Object Repository/ADMIN/Edit Text/Bespoke/Seller Pages/Dashboard/input_Total Revenue_total-revenue'

2020-03-20 14:50:40 - [MESSAGE][PASSED] - Keys '*' sent to object: 'Object Repository/ADMIN/Edit Text/Bespoke/Seller Pages/Dashboard/input_Total Revenue_total-revenue'

2020-03-20 14:50:40 - [TEST_STEP][PASSED] - sendKeys(findTestObject("ADMIN/Edit Text/Bespoke/Seller Pages/Dashboard/input_Total Orders_total-orders1"), "*"): Keys '*' sent to object: 'Object Repository/ADMIN/Edit Text/Bespoke/Seller Pages/Dashboard/input_Total Orders_total-orders1'

2020-03-20 14:50:40 - [MESSAGE][PASSED] - Keys '*' sent to object: 'Object Repository/ADMIN/Edit Text/Bespoke/Seller Pages/Dashboard/input_Total Orders_total-orders1'

2020-03-20 14:50:40 - [TEST_STEP][PASSED] - sendKeys(findTestObject("ADMIN/Edit Text/Bespoke/Seller Pages/Dashboard/input_Best Product Sellers_best-product-sellers"), "*"): Keys '*' sent to object: 'Object Repository/ADMIN/Edit Text/Bespoke/Seller Pages/Dashboard/input_Best Product Sellers_best-product-sellers'

2020-03-20 14:50:40 - [MESSAGE][PASSED] - Keys '*' sent to object: 'Object Repository/ADMIN/Edit Text/Bespoke/Seller Pages/Dashboard/input_Best Product Sellers_best-product-sellers'

2020-03-20 14:50:40 - [TEST_STEP][PASSED] - sendKeys(findTestObject("ADMIN/Edit Text/Bespoke/Seller Pages/Dashboard/input_Total Sales in_total-sales-in"), "*"): Keys '*' sent to object: 'Object Repository/ADMIN/Edit Text/Bespoke/Seller Pages/Dashboard/input_Total Sales in_total-sales-in'

2020-03-20 14:50:40 - [MESSAGE][PASSED] - Keys '*' sent to object: 'Object Repository/ADMIN/Edit Text/Bespoke/Seller Pages/Dashboard/input_Total Sales in_total-sales-in'

2020-03-20 14:50:40 - [TEST_STEP][PASSED] - sendKeys(findTestObject("ADMIN/Edit Text/Bespoke/Seller Pages/Dashboard/input_Best Sellers_best-sellers"), "*"): Keys '*' sent to object: 'Object Repository/ADMIN/Edit Text/Bespoke/Seller Pages/Dashboard/input_Best Sellers_best-sellers'

2020-03-20 14:50:41 - [MESSAGE][PASSED] - Keys '*' sent to object: 'Object Repository/ADMIN/Edit Text/Bespoke/Seller Pages/Dashboard/input_Best Sellers_best-sellers'

2020-03-20 14:50:41 - [TEST_STEP][PASSED] - sendKeys(findTestObject("ADMIN/Edit Text/Bespoke/Seller Pages/Dashboard/input_Item ID_item-id"), "*"): Keys '*' sent to object: 'Object Repository/ADMIN/Edit Text/Bespoke/Seller Pages/Dashboard/input_Item ID_item-id'

2020-03-20 14:50:41 - [MESSAGE][PASSED] - Keys '*' sent to object: 'Object Repository/ADMIN/Edit Text/Bespoke/Seller Pages/Dashboard/input_Item ID_item-id'

2020-03-20 14:50:41 - [TEST_STEP][PASSED] - sendKeys(findTestObject("ADMIN/Edit Text/Bespoke/Seller Pages/Dashboard/input_Total Sales_total-sales1"), "*"): Keys '*' sent to object: 'Object Repository/ADMIN/Edit Text/Bespoke/Seller Pages/Dashboard/input_Total Sales_total-sales1'

2020-03-20 14:50:41 - [MESSAGE][PASSED] - Keys '*' sent to object: 'Object Repository/ADMIN/Edit Text/Bespoke/Seller Pages/Dashboard/input_Total Sales_total-sales1'

2020-03-20 14:50:41 - [TEST_STEP][PASSED] - sendKeys(findTestObject("ADMIN/Edit Text/Bespoke/Seller Pages/Dashboard/input_Item Sold_item-sold"), "*"): Keys '*' sent to object: 'Object Repository/ADMIN/Edit Text/Bespoke/Seller Pages/Dashboard/input_Item Sold_item-sold'

2020-03-20 14:50:41 - [MESSAGE][PASSED] - Keys '*' sent to object: 'Object Repository/ADMIN/Edit Text/Bespoke/Seller Pages/Dashboard/input_Item Sold_item-sold'

2020-03-20 14:50:41 - [TEST_STEP][PASSED] - sendKeys(findTestObject("ADMIN/Edit Text/Bespoke/Seller Pages/Dashboard/input_Top Viewed Items_top-viewed-item"), "*"): Keys '*' sent to object: 'Object Repository/ADMIN/Edit Text/Bespoke/Seller Pages/Dashboard/input_Top Viewed Items_top-viewed-item'

2020-03-20 14:50:42 - [MESSAGE][PASSED] - Keys '*' sent to object: 'Object Repository/ADMIN/Edit Text/Bespoke/Seller Pages/Dashboard/input_Top Viewed Items_top-viewed-item'

2020-03-20 14:50:42 - [TEST_STEP][PASSED] - sendKeys(findTestObject("ADMIN/Edit Text/Bespoke/Seller Pages/Dashboard/input_Total Views per Item_total-views-per-item"), "*"): Keys '*' sent to object: 'Object Repository/ADMIN/Edit Text/Bespoke/Seller Pages/Dashboard/input_Total Views per Item_total-views-per-item'

2020-03-20 14:50:42 - [MESSAGE][PASSED] - Keys '*' sent to object: 'Object Repository/ADMIN/Edit Text/Bespoke/Seller Pages/Dashboard/input_Total Views per Item_total-views-per-item'

2020-03-20 14:50:42 - [TEST_STEP][PASSED] - sendKeys(findTestObject("ADMIN/Edit Text/Bespoke/Seller Pages/Dashboard/input_Most Viewed_most-viewed"), "*"): Keys '*' sent to object: 'Object Repository/ADMIN/Edit Text/Bespoke/Seller Pages/Dashboard/input_Most Viewed_most-viewed'

2020-03-20 14:50:42 - [MESSAGE][PASSED] - Keys '*' sent to object: 'Object Repository/ADMIN/Edit Text/Bespoke/Seller Pages/Dashboard/input_Most Viewed_most-viewed'

2020-03-20 14:50:42 - [TEST_STEP][PASSED] - sendKeys(findTestObject("ADMIN/Edit Text/Bespoke/Seller Pages/Dashboard/input_Total Views_total-views"), "*"): Keys '*' sent to object: 'Object Repository/ADMIN/Edit Text/Bespoke/Seller Pages/Dashboard/input_Total Views_total-views'

2020-03-20 14:50:42 - [MESSAGE][PASSED] - Keys '*' sent to object: 'Object Repository/ADMIN/Edit Text/Bespoke/Seller Pages/Dashboard/input_Total Views_total-views'

2020-03-20 14:50:42 - [TEST_STEP][PASSED] - sendKeys(findTestObject("ADMIN/Edit Text/Bespoke/Seller Pages/Dashboard/input_Day_order-day"), "*"): Keys '*' sent to object: 'Object Repository/ADMIN/Edit Text/Bespoke/Seller Pages/Dashboard/input_Day_order-day'

2020-03-20 14:50:42 - [MESSAGE][PASSED] - Keys '*' sent to object: 'Object Repository/ADMIN/Edit Text/Bespoke/Seller Pages/Dashboard/input_Day_order-day'

2020-03-20 14:50:42 - [TEST_STEP][PASSED] - sendKeys(findTestObject("ADMIN/Edit Text/Bespoke/Seller Pages/Dashboard/input_Week_order-week"), "*"): Keys '*' sent to object: 'Object Repository/ADMIN/Edit Text/Bespoke/Seller Pages/Dashboard/input_Week_order-week'

2020-03-20 14:50:42 - [MESSAGE][PASSED] - Keys '*' sent to object: 'Object Repository/ADMIN/Edit Text/Bespoke/Seller Pages/Dashboard/input_Week_order-week'

2020-03-20 14:50:42 - [TEST_STEP][PASSED] - sendKeys(findTestObject("ADMIN/Edit Text/Bespoke/Seller Pages/Dashboard/input_Month_order-time"), "*"): Keys '*' sent to object: 'Object Repository/ADMIN/Edit Text/Bespoke/Seller Pages/Dashboard/input_Month_order-time'

2020-03-20 14:50:43 - [MESSAGE][PASSED] - Keys '*' sent to object: 'Object Repository/ADMIN/Edit Text/Bespoke/Seller Pages/Dashboard/input_Month_order-time'

2020-03-20 14:50:43 - [TEST_STEP][PASSED] - click(findTestObject("ADMIN/Edit Text/Bespoke/Buyer Pages/Homepage/button_save"), CONTINUE_ON_FAILURE): Object: 'Object Repository/ADMIN/Edit Text/Bespoke/Buyer Pages/Homepage/button_save' is clicked on

2020-03-20 14:50:43 - [MESSAGE][PASSED] - Object: 'Object Repository/ADMIN/Edit Text/Bespoke/Buyer Pages/Homepage/button_save' is clicked on

2020-03-20 14:50:43 - [TEST_STEP][PASSED] - waitForElementVisible(findTestObject("ADMIN/Edit Text/Bespoke/Buyer Pages/Homepage/toaster_success"), 0): Object 'Object Repository/ADMIN/Edit Text/Bespoke/Buyer Pages/Homepage/toaster_success' is visible

2020-03-20 14:50:43 - [MESSAGE][WARNING] - Timeout '0' is invalid. Using default page load timeout: '30'

2020-03-20 14:50:44 - [MESSAGE][PASSED] - Object 'Object Repository/ADMIN/Edit Text/Bespoke/Buyer Pages/Homepage/toaster_success' is visible]]></system-out>
         <system-err><![CDATA[]]></system-err>
      </testcase>
      <testcase name="Test Cases/ADMIN/Language/Edit Text/Bespoke/Seller/Dashboard" time="9.311" classname="Test Cases/ADMIN/Language/Edit Text/Bespoke/Seller/Dashboard" status="PASSED">
         <system-out><![CDATA[2020-03-20 14:50:44 - [TEST_CASE][PASSED] - Test Cases/ADMIN/Language/Edit Text/Bespoke/Seller/Dashboard: Test Cases/ADMIN/Language/Edit Text/Bespoke/Seller/Dashboard

2020-03-20 14:50:44 - [TEST_STEP][PASSED] - waitForElementVisible(findTestObject("ADMIN/Edit Text/Bespoke/Buyer Navigation/dd_language"), 0): Object 'Object Repository/ADMIN/Edit Text/Bespoke/Buyer Navigation/dd_language' is visible

2020-03-20 14:50:44 - [MESSAGE][WARNING] - Timeout '0' is invalid. Using default page load timeout: '30'

2020-03-20 14:50:44 - [MESSAGE][PASSED] - Object 'Object Repository/ADMIN/Edit Text/Bespoke/Buyer Navigation/dd_language' is visible

2020-03-20 14:50:44 - [TEST_STEP][PASSED] - selectOptionByLabel(findTestObject("ADMIN/Edit Text/Bespoke/Buyer Navigation/dd_language"), varLanguage, false): All options with label 'Swedish' are selected in object 'Object Repository/ADMIN/Edit Text/Bespoke/Buyer Navigation/dd_language' 

2020-03-20 14:50:45 - [MESSAGE][PASSED] - All options with label 'Swedish' are selected in object 'Object Repository/ADMIN/Edit Text/Bespoke/Buyer Navigation/dd_language' 

2020-03-20 14:50:45 - [TEST_STEP][PASSED] - sendKeys(findTestObject("ADMIN/Edit Text/Bespoke/Seller Pages/Dashboard/input_DASHBOARD_marketplace-name"), "*"): Keys '*' sent to object: 'Object Repository/ADMIN/Edit Text/Bespoke/Seller Pages/Dashboard/input_DASHBOARD_marketplace-name'

2020-03-20 14:50:45 - [MESSAGE][PASSED] - Keys '*' sent to object: 'Object Repository/ADMIN/Edit Text/Bespoke/Seller Pages/Dashboard/input_DASHBOARD_marketplace-name'

2020-03-20 14:50:45 - [TEST_STEP][PASSED] - sendKeys(findTestObject("ADMIN/Edit Text/Bespoke/Seller Pages/Dashboard/input_A quick overview of your sales and seller activity_item_details"), "*"): Keys '*' sent to object: 'Object Repository/ADMIN/Edit Text/Bespoke/Seller Pages/Dashboard/input_A quick overview of your sales and seller activity_item_details'

2020-03-20 14:50:46 - [MESSAGE][PASSED] - Keys '*' sent to object: 'Object Repository/ADMIN/Edit Text/Bespoke/Seller Pages/Dashboard/input_A quick overview of your sales and seller activity_item_details'

2020-03-20 14:50:46 - [TEST_STEP][PASSED] - sendKeys(findTestObject("ADMIN/Edit Text/Bespoke/Seller Pages/Dashboard/input_Orders Today_order-today"), "*"): Keys '*' sent to object: 'Object Repository/ADMIN/Edit Text/Bespoke/Seller Pages/Dashboard/input_Orders Today_order-today'

2020-03-20 14:50:46 - [MESSAGE][PASSED] - Keys '*' sent to object: 'Object Repository/ADMIN/Edit Text/Bespoke/Seller Pages/Dashboard/input_Orders Today_order-today'

2020-03-20 14:50:46 - [TEST_STEP][PASSED] - sendKeys(findTestObject("ADMIN/Edit Text/Bespoke/Seller Pages/Dashboard/input_Revenue Today_revenue-today"), "*"): Keys '*' sent to object: 'Object Repository/ADMIN/Edit Text/Bespoke/Seller Pages/Dashboard/input_Revenue Today_revenue-today'

2020-03-20 14:50:46 - [MESSAGE][PASSED] - Keys '*' sent to object: 'Object Repository/ADMIN/Edit Text/Bespoke/Seller Pages/Dashboard/input_Revenue Today_revenue-today'

2020-03-20 14:50:46 - [TEST_STEP][PASSED] - sendKeys(findTestObject("ADMIN/Edit Text/Bespoke/Seller Pages/Dashboard/input_BEST SELLER_best-seller"), "*"): Keys '*' sent to object: 'Object Repository/ADMIN/Edit Text/Bespoke/Seller Pages/Dashboard/input_BEST SELLER_best-seller'

2020-03-20 14:50:46 - [MESSAGE][PASSED] - Keys '*' sent to object: 'Object Repository/ADMIN/Edit Text/Bespoke/Seller Pages/Dashboard/input_BEST SELLER_best-seller'

2020-03-20 14:50:46 - [TEST_STEP][PASSED] - sendKeys(findTestObject("ADMIN/Edit Text/Bespoke/Seller Pages/Dashboard/input_Quantity left_quantity-left"), "*"): Keys '*' sent to object: 'Object Repository/ADMIN/Edit Text/Bespoke/Seller Pages/Dashboard/input_Quantity left_quantity-left'

2020-03-20 14:50:46 - [MESSAGE][PASSED] - Keys '*' sent to object: 'Object Repository/ADMIN/Edit Text/Bespoke/Seller Pages/Dashboard/input_Quantity left_quantity-left'

2020-03-20 14:50:46 - [TEST_STEP][PASSED] - sendKeys(findTestObject("ADMIN/Edit Text/Bespoke/Seller Pages/Dashboard/input_TODAY_today"), "*"): Keys '*' sent to object: 'Object Repository/ADMIN/Edit Text/Bespoke/Seller Pages/Dashboard/input_TODAY_today'

2020-03-20 14:50:47 - [MESSAGE][PASSED] - Keys '*' sent to object: 'Object Repository/ADMIN/Edit Text/Bespoke/Seller Pages/Dashboard/input_TODAY_today'

2020-03-20 14:50:47 - [TEST_STEP][PASSED] - sendKeys(findTestObject("ADMIN/Edit Text/Bespoke/Seller Pages/Dashboard/input_LAST 7 DAYS_last-7days"), "*"): Keys '*' sent to object: 'Object Repository/ADMIN/Edit Text/Bespoke/Seller Pages/Dashboard/input_LAST 7 DAYS_last-7days'

2020-03-20 14:50:47 - [MESSAGE][PASSED] - Keys '*' sent to object: 'Object Repository/ADMIN/Edit Text/Bespoke/Seller Pages/Dashboard/input_LAST 7 DAYS_last-7days'

2020-03-20 14:50:47 - [TEST_STEP][PASSED] - sendKeys(findTestObject("ADMIN/Edit Text/Bespoke/Seller Pages/Dashboard/input_LAST 30 DAYS_last-30days"), "*"): Keys '*' sent to object: 'Object Repository/ADMIN/Edit Text/Bespoke/Seller Pages/Dashboard/input_LAST 30 DAYS_last-30days'

2020-03-20 14:50:47 - [MESSAGE][PASSED] - Keys '*' sent to object: 'Object Repository/ADMIN/Edit Text/Bespoke/Seller Pages/Dashboard/input_LAST 30 DAYS_last-30days'

2020-03-20 14:50:47 - [TEST_STEP][PASSED] - sendKeys(findTestObject("ADMIN/Edit Text/Bespoke/Seller Pages/Dashboard/input_Total Sales_total-sales"), "*"): Keys '*' sent to object: 'Object Repository/ADMIN/Edit Text/Bespoke/Seller Pages/Dashboard/input_Total Sales_total-sales'

2020-03-20 14:50:47 - [MESSAGE][PASSED] - Keys '*' sent to object: 'Object Repository/ADMIN/Edit Text/Bespoke/Seller Pages/Dashboard/input_Total Sales_total-sales'

2020-03-20 14:50:47 - [TEST_STEP][PASSED] - sendKeys(findTestObject("ADMIN/Edit Text/Bespoke/Seller Pages/Dashboard/input_Total Orders_total-orders"), "*"): Keys '*' sent to object: 'Object Repository/ADMIN/Edit Text/Bespoke/Seller Pages/Dashboard/input_Total Orders_total-orders'

2020-03-20 14:50:48 - [MESSAGE][PASSED] - Keys '*' sent to object: 'Object Repository/ADMIN/Edit Text/Bespoke/Seller Pages/Dashboard/input_Total Orders_total-orders'

2020-03-20 14:50:48 - [TEST_STEP][PASSED] - sendKeys(findTestObject("ADMIN/Edit Text/Bespoke/Seller Pages/Dashboard/input_Total Visits_total-visits"), "*"): Keys '*' sent to object: 'Object Repository/ADMIN/Edit Text/Bespoke/Seller Pages/Dashboard/input_Total Visits_total-visits'

2020-03-20 14:50:48 - [MESSAGE][PASSED] - Keys '*' sent to object: 'Object Repository/ADMIN/Edit Text/Bespoke/Seller Pages/Dashboard/input_Total Visits_total-visits'

2020-03-20 14:50:48 - [TEST_STEP][PASSED] - sendKeys(findTestObject("ADMIN/Edit Text/Bespoke/Seller Pages/Dashboard/input_Avr Order By Rev_avr-order-by-rev"), "*"): Keys '*' sent to object: 'Object Repository/ADMIN/Edit Text/Bespoke/Seller Pages/Dashboard/input_Avr Order By Rev_avr-order-by-rev'

2020-03-20 14:50:48 - [MESSAGE][PASSED] - Keys '*' sent to object: 'Object Repository/ADMIN/Edit Text/Bespoke/Seller Pages/Dashboard/input_Avr Order By Rev_avr-order-by-rev'

2020-03-20 14:50:48 - [TEST_STEP][PASSED] - sendKeys(findTestObject("ADMIN/Edit Text/Bespoke/Seller Pages/Dashboard/input_Avr Items Sold Per Order_avr-item-sold-per-order"), "*"): Keys '*' sent to object: 'Object Repository/ADMIN/Edit Text/Bespoke/Seller Pages/Dashboard/input_Avr Items Sold Per Order_avr-item-sold-per-order'

2020-03-20 14:50:48 - [MESSAGE][PASSED] - Keys '*' sent to object: 'Object Repository/ADMIN/Edit Text/Bespoke/Seller Pages/Dashboard/input_Avr Items Sold Per Order_avr-item-sold-per-order'

2020-03-20 14:50:48 - [TEST_STEP][PASSED] - sendKeys(findTestObject("ADMIN/Edit Text/Bespoke/Seller Pages/Dashboard/input_Sales_order-sales"), "*"): Keys '*' sent to object: 'Object Repository/ADMIN/Edit Text/Bespoke/Seller Pages/Dashboard/input_Sales_order-sales'

2020-03-20 14:50:49 - [MESSAGE][PASSED] - Keys '*' sent to object: 'Object Repository/ADMIN/Edit Text/Bespoke/Seller Pages/Dashboard/input_Sales_order-sales'

2020-03-20 14:50:49 - [TEST_STEP][PASSED] - sendKeys(findTestObject("ADMIN/Edit Text/Bespoke/Seller Pages/Dashboard/input_Total Revenue_total-revenue"), "*"): Keys '*' sent to object: 'Object Repository/ADMIN/Edit Text/Bespoke/Seller Pages/Dashboard/input_Total Revenue_total-revenue'

2020-03-20 14:50:49 - [MESSAGE][PASSED] - Keys '*' sent to object: 'Object Repository/ADMIN/Edit Text/Bespoke/Seller Pages/Dashboard/input_Total Revenue_total-revenue'

2020-03-20 14:50:49 - [TEST_STEP][PASSED] - sendKeys(findTestObject("ADMIN/Edit Text/Bespoke/Seller Pages/Dashboard/input_Total Orders_total-orders1"), "*"): Keys '*' sent to object: 'Object Repository/ADMIN/Edit Text/Bespoke/Seller Pages/Dashboard/input_Total Orders_total-orders1'

2020-03-20 14:50:49 - [MESSAGE][PASSED] - Keys '*' sent to object: 'Object Repository/ADMIN/Edit Text/Bespoke/Seller Pages/Dashboard/input_Total Orders_total-orders1'

2020-03-20 14:50:49 - [TEST_STEP][PASSED] - sendKeys(findTestObject("ADMIN/Edit Text/Bespoke/Seller Pages/Dashboard/input_Best Product Sellers_best-product-sellers"), "*"): Keys '*' sent to object: 'Object Repository/ADMIN/Edit Text/Bespoke/Seller Pages/Dashboard/input_Best Product Sellers_best-product-sellers'

2020-03-20 14:50:49 - [MESSAGE][PASSED] - Keys '*' sent to object: 'Object Repository/ADMIN/Edit Text/Bespoke/Seller Pages/Dashboard/input_Best Product Sellers_best-product-sellers'

2020-03-20 14:50:49 - [TEST_STEP][PASSED] - sendKeys(findTestObject("ADMIN/Edit Text/Bespoke/Seller Pages/Dashboard/input_Total Sales in_total-sales-in"), "*"): Keys '*' sent to object: 'Object Repository/ADMIN/Edit Text/Bespoke/Seller Pages/Dashboard/input_Total Sales in_total-sales-in'

2020-03-20 14:50:50 - [MESSAGE][PASSED] - Keys '*' sent to object: 'Object Repository/ADMIN/Edit Text/Bespoke/Seller Pages/Dashboard/input_Total Sales in_total-sales-in'

2020-03-20 14:50:50 - [TEST_STEP][PASSED] - sendKeys(findTestObject("ADMIN/Edit Text/Bespoke/Seller Pages/Dashboard/input_Best Sellers_best-sellers"), "*"): Keys '*' sent to object: 'Object Repository/ADMIN/Edit Text/Bespoke/Seller Pages/Dashboard/input_Best Sellers_best-sellers'

2020-03-20 14:50:50 - [MESSAGE][PASSED] - Keys '*' sent to object: 'Object Repository/ADMIN/Edit Text/Bespoke/Seller Pages/Dashboard/input_Best Sellers_best-sellers'

2020-03-20 14:50:50 - [TEST_STEP][PASSED] - sendKeys(findTestObject("ADMIN/Edit Text/Bespoke/Seller Pages/Dashboard/input_Item ID_item-id"), "*"): Keys '*' sent to object: 'Object Repository/ADMIN/Edit Text/Bespoke/Seller Pages/Dashboard/input_Item ID_item-id'

2020-03-20 14:50:50 - [MESSAGE][PASSED] - Keys '*' sent to object: 'Object Repository/ADMIN/Edit Text/Bespoke/Seller Pages/Dashboard/input_Item ID_item-id'

2020-03-20 14:50:50 - [TEST_STEP][PASSED] - sendKeys(findTestObject("ADMIN/Edit Text/Bespoke/Seller Pages/Dashboard/input_Total Sales_total-sales1"), "*"): Keys '*' sent to object: 'Object Repository/ADMIN/Edit Text/Bespoke/Seller Pages/Dashboard/input_Total Sales_total-sales1'

2020-03-20 14:50:50 - [MESSAGE][PASSED] - Keys '*' sent to object: 'Object Repository/ADMIN/Edit Text/Bespoke/Seller Pages/Dashboard/input_Total Sales_total-sales1'

2020-03-20 14:50:50 - [TEST_STEP][PASSED] - sendKeys(findTestObject("ADMIN/Edit Text/Bespoke/Seller Pages/Dashboard/input_Item Sold_item-sold"), "*"): Keys '*' sent to object: 'Object Repository/ADMIN/Edit Text/Bespoke/Seller Pages/Dashboard/input_Item Sold_item-sold'

2020-03-20 14:50:50 - [MESSAGE][PASSED] - Keys '*' sent to object: 'Object Repository/ADMIN/Edit Text/Bespoke/Seller Pages/Dashboard/input_Item Sold_item-sold'

2020-03-20 14:50:50 - [TEST_STEP][PASSED] - sendKeys(findTestObject("ADMIN/Edit Text/Bespoke/Seller Pages/Dashboard/input_Top Viewed Items_top-viewed-item"), "*"): Keys '*' sent to object: 'Object Repository/ADMIN/Edit Text/Bespoke/Seller Pages/Dashboard/input_Top Viewed Items_top-viewed-item'

2020-03-20 14:50:51 - [MESSAGE][PASSED] - Keys '*' sent to object: 'Object Repository/ADMIN/Edit Text/Bespoke/Seller Pages/Dashboard/input_Top Viewed Items_top-viewed-item'

2020-03-20 14:50:51 - [TEST_STEP][PASSED] - sendKeys(findTestObject("ADMIN/Edit Text/Bespoke/Seller Pages/Dashboard/input_Total Views per Item_total-views-per-item"), "*"): Keys '*' sent to object: 'Object Repository/ADMIN/Edit Text/Bespoke/Seller Pages/Dashboard/input_Total Views per Item_total-views-per-item'

2020-03-20 14:50:51 - [MESSAGE][PASSED] - Keys '*' sent to object: 'Object Repository/ADMIN/Edit Text/Bespoke/Seller Pages/Dashboard/input_Total Views per Item_total-views-per-item'

2020-03-20 14:50:51 - [TEST_STEP][PASSED] - sendKeys(findTestObject("ADMIN/Edit Text/Bespoke/Seller Pages/Dashboard/input_Most Viewed_most-viewed"), "*"): Keys '*' sent to object: 'Object Repository/ADMIN/Edit Text/Bespoke/Seller Pages/Dashboard/input_Most Viewed_most-viewed'

2020-03-20 14:50:51 - [MESSAGE][PASSED] - Keys '*' sent to object: 'Object Repository/ADMIN/Edit Text/Bespoke/Seller Pages/Dashboard/input_Most Viewed_most-viewed'

2020-03-20 14:50:51 - [TEST_STEP][PASSED] - sendKeys(findTestObject("ADMIN/Edit Text/Bespoke/Seller Pages/Dashboard/input_Total Views_total-views"), "*"): Keys '*' sent to object: 'Object Repository/ADMIN/Edit Text/Bespoke/Seller Pages/Dashboard/input_Total Views_total-views'

2020-03-20 14:50:51 - [MESSAGE][PASSED] - Keys '*' sent to object: 'Object Repository/ADMIN/Edit Text/Bespoke/Seller Pages/Dashboard/input_Total Views_total-views'

2020-03-20 14:50:51 - [TEST_STEP][PASSED] - sendKeys(findTestObject("ADMIN/Edit Text/Bespoke/Seller Pages/Dashboard/input_Day_order-day"), "*"): Keys '*' sent to object: 'Object Repository/ADMIN/Edit Text/Bespoke/Seller Pages/Dashboard/input_Day_order-day'

2020-03-20 14:50:51 - [MESSAGE][PASSED] - Keys '*' sent to object: 'Object Repository/ADMIN/Edit Text/Bespoke/Seller Pages/Dashboard/input_Day_order-day'

2020-03-20 14:50:51 - [TEST_STEP][PASSED] - sendKeys(findTestObject("ADMIN/Edit Text/Bespoke/Seller Pages/Dashboard/input_Week_order-week"), "*"): Keys '*' sent to object: 'Object Repository/ADMIN/Edit Text/Bespoke/Seller Pages/Dashboard/input_Week_order-week'

2020-03-20 14:50:52 - [MESSAGE][PASSED] - Keys '*' sent to object: 'Object Repository/ADMIN/Edit Text/Bespoke/Seller Pages/Dashboard/input_Week_order-week'

2020-03-20 14:50:52 - [TEST_STEP][PASSED] - sendKeys(findTestObject("ADMIN/Edit Text/Bespoke/Seller Pages/Dashboard/input_Month_order-time"), "*"): Keys '*' sent to object: 'Object Repository/ADMIN/Edit Text/Bespoke/Seller Pages/Dashboard/input_Month_order-time'

2020-03-20 14:50:52 - [MESSAGE][PASSED] - Keys '*' sent to object: 'Object Repository/ADMIN/Edit Text/Bespoke/Seller Pages/Dashboard/input_Month_order-time'

2020-03-20 14:50:52 - [TEST_STEP][PASSED] - click(findTestObject("ADMIN/Edit Text/Bespoke/Buyer Pages/Homepage/button_save"), CONTINUE_ON_FAILURE): Object: 'Object Repository/ADMIN/Edit Text/Bespoke/Buyer Pages/Homepage/button_save' is clicked on

2020-03-20 14:50:52 - [MESSAGE][PASSED] - Object: 'Object Repository/ADMIN/Edit Text/Bespoke/Buyer Pages/Homepage/button_save' is clicked on

2020-03-20 14:50:52 - [TEST_STEP][PASSED] - waitForElementVisible(findTestObject("ADMIN/Edit Text/Bespoke/Buyer Pages/Homepage/toaster_success"), 0): Object 'Object Repository/ADMIN/Edit Text/Bespoke/Buyer Pages/Homepage/toaster_success' is visible

2020-03-20 14:50:52 - [MESSAGE][WARNING] - Timeout '0' is invalid. Using default page load timeout: '30'

2020-03-20 14:50:53 - [MESSAGE][PASSED] - Object 'Object Repository/ADMIN/Edit Text/Bespoke/Buyer Pages/Homepage/toaster_success' is visible]]></system-out>
         <system-err><![CDATA[]]></system-err>
      </testcase>
      <testcase name="Test Cases/ADMIN/Language/Edit Text/Bespoke/Seller/Dashboard" time="9.009" classname="Test Cases/ADMIN/Language/Edit Text/Bespoke/Seller/Dashboard" status="PASSED">
         <system-out><![CDATA[2020-03-20 14:50:53 - [TEST_CASE][PASSED] - Test Cases/ADMIN/Language/Edit Text/Bespoke/Seller/Dashboard: Test Cases/ADMIN/Language/Edit Text/Bespoke/Seller/Dashboard

2020-03-20 14:50:53 - [TEST_STEP][PASSED] - waitForElementVisible(findTestObject("ADMIN/Edit Text/Bespoke/Buyer Navigation/dd_language"), 0): Object 'Object Repository/ADMIN/Edit Text/Bespoke/Buyer Navigation/dd_language' is visible

2020-03-20 14:50:53 - [MESSAGE][WARNING] - Timeout '0' is invalid. Using default page load timeout: '30'

2020-03-20 14:50:53 - [MESSAGE][PASSED] - Object 'Object Repository/ADMIN/Edit Text/Bespoke/Buyer Navigation/dd_language' is visible

2020-03-20 14:50:53 - [TEST_STEP][PASSED] - selectOptionByLabel(findTestObject("ADMIN/Edit Text/Bespoke/Buyer Navigation/dd_language"), varLanguage, false): All options with label 'Chinese (Simplified)' are selected in object 'Object Repository/ADMIN/Edit Text/Bespoke/Buyer Navigation/dd_language' 

2020-03-20 14:50:54 - [MESSAGE][PASSED] - All options with label 'Chinese (Simplified)' are selected in object 'Object Repository/ADMIN/Edit Text/Bespoke/Buyer Navigation/dd_language' 

2020-03-20 14:50:54 - [TEST_STEP][PASSED] - sendKeys(findTestObject("ADMIN/Edit Text/Bespoke/Seller Pages/Dashboard/input_DASHBOARD_marketplace-name"), "*"): Keys '*' sent to object: 'Object Repository/ADMIN/Edit Text/Bespoke/Seller Pages/Dashboard/input_DASHBOARD_marketplace-name'

2020-03-20 14:50:54 - [MESSAGE][PASSED] - Keys '*' sent to object: 'Object Repository/ADMIN/Edit Text/Bespoke/Seller Pages/Dashboard/input_DASHBOARD_marketplace-name'

2020-03-20 14:50:54 - [TEST_STEP][PASSED] - sendKeys(findTestObject("ADMIN/Edit Text/Bespoke/Seller Pages/Dashboard/input_A quick overview of your sales and seller activity_item_details"), "*"): Keys '*' sent to object: 'Object Repository/ADMIN/Edit Text/Bespoke/Seller Pages/Dashboard/input_A quick overview of your sales and seller activity_item_details'

2020-03-20 14:50:55 - [MESSAGE][PASSED] - Keys '*' sent to object: 'Object Repository/ADMIN/Edit Text/Bespoke/Seller Pages/Dashboard/input_A quick overview of your sales and seller activity_item_details'

2020-03-20 14:50:55 - [TEST_STEP][PASSED] - sendKeys(findTestObject("ADMIN/Edit Text/Bespoke/Seller Pages/Dashboard/input_Orders Today_order-today"), "*"): Keys '*' sent to object: 'Object Repository/ADMIN/Edit Text/Bespoke/Seller Pages/Dashboard/input_Orders Today_order-today'

2020-03-20 14:50:55 - [MESSAGE][PASSED] - Keys '*' sent to object: 'Object Repository/ADMIN/Edit Text/Bespoke/Seller Pages/Dashboard/input_Orders Today_order-today'

2020-03-20 14:50:55 - [TEST_STEP][PASSED] - sendKeys(findTestObject("ADMIN/Edit Text/Bespoke/Seller Pages/Dashboard/input_Revenue Today_revenue-today"), "*"): Keys '*' sent to object: 'Object Repository/ADMIN/Edit Text/Bespoke/Seller Pages/Dashboard/input_Revenue Today_revenue-today'

2020-03-20 14:50:55 - [MESSAGE][PASSED] - Keys '*' sent to object: 'Object Repository/ADMIN/Edit Text/Bespoke/Seller Pages/Dashboard/input_Revenue Today_revenue-today'

2020-03-20 14:50:55 - [TEST_STEP][PASSED] - sendKeys(findTestObject("ADMIN/Edit Text/Bespoke/Seller Pages/Dashboard/input_BEST SELLER_best-seller"), "*"): Keys '*' sent to object: 'Object Repository/ADMIN/Edit Text/Bespoke/Seller Pages/Dashboard/input_BEST SELLER_best-seller'

2020-03-20 14:50:55 - [MESSAGE][PASSED] - Keys '*' sent to object: 'Object Repository/ADMIN/Edit Text/Bespoke/Seller Pages/Dashboard/input_BEST SELLER_best-seller'

2020-03-20 14:50:55 - [TEST_STEP][PASSED] - sendKeys(findTestObject("ADMIN/Edit Text/Bespoke/Seller Pages/Dashboard/input_Quantity left_quantity-left"), "*"): Keys '*' sent to object: 'Object Repository/ADMIN/Edit Text/Bespoke/Seller Pages/Dashboard/input_Quantity left_quantity-left'

2020-03-20 14:50:56 - [MESSAGE][PASSED] - Keys '*' sent to object: 'Object Repository/ADMIN/Edit Text/Bespoke/Seller Pages/Dashboard/input_Quantity left_quantity-left'

2020-03-20 14:50:56 - [TEST_STEP][PASSED] - sendKeys(findTestObject("ADMIN/Edit Text/Bespoke/Seller Pages/Dashboard/input_TODAY_today"), "*"): Keys '*' sent to object: 'Object Repository/ADMIN/Edit Text/Bespoke/Seller Pages/Dashboard/input_TODAY_today'

2020-03-20 14:50:56 - [MESSAGE][PASSED] - Keys '*' sent to object: 'Object Repository/ADMIN/Edit Text/Bespoke/Seller Pages/Dashboard/input_TODAY_today'

2020-03-20 14:50:56 - [TEST_STEP][PASSED] - sendKeys(findTestObject("ADMIN/Edit Text/Bespoke/Seller Pages/Dashboard/input_LAST 7 DAYS_last-7days"), "*"): Keys '*' sent to object: 'Object Repository/ADMIN/Edit Text/Bespoke/Seller Pages/Dashboard/input_LAST 7 DAYS_last-7days'

2020-03-20 14:50:56 - [MESSAGE][PASSED] - Keys '*' sent to object: 'Object Repository/ADMIN/Edit Text/Bespoke/Seller Pages/Dashboard/input_LAST 7 DAYS_last-7days'

2020-03-20 14:50:56 - [TEST_STEP][PASSED] - sendKeys(findTestObject("ADMIN/Edit Text/Bespoke/Seller Pages/Dashboard/input_LAST 30 DAYS_last-30days"), "*"): Keys '*' sent to object: 'Object Repository/ADMIN/Edit Text/Bespoke/Seller Pages/Dashboard/input_LAST 30 DAYS_last-30days'

2020-03-20 14:50:56 - [MESSAGE][PASSED] - Keys '*' sent to object: 'Object Repository/ADMIN/Edit Text/Bespoke/Seller Pages/Dashboard/input_LAST 30 DAYS_last-30days'

2020-03-20 14:50:56 - [TEST_STEP][PASSED] - sendKeys(findTestObject("ADMIN/Edit Text/Bespoke/Seller Pages/Dashboard/input_Total Sales_total-sales"), "*"): Keys '*' sent to object: 'Object Repository/ADMIN/Edit Text/Bespoke/Seller Pages/Dashboard/input_Total Sales_total-sales'

2020-03-20 14:50:56 - [MESSAGE][PASSED] - Keys '*' sent to object: 'Object Repository/ADMIN/Edit Text/Bespoke/Seller Pages/Dashboard/input_Total Sales_total-sales'

2020-03-20 14:50:56 - [TEST_STEP][PASSED] - sendKeys(findTestObject("ADMIN/Edit Text/Bespoke/Seller Pages/Dashboard/input_Total Orders_total-orders"), "*"): Keys '*' sent to object: 'Object Repository/ADMIN/Edit Text/Bespoke/Seller Pages/Dashboard/input_Total Orders_total-orders'

2020-03-20 14:50:57 - [MESSAGE][PASSED] - Keys '*' sent to object: 'Object Repository/ADMIN/Edit Text/Bespoke/Seller Pages/Dashboard/input_Total Orders_total-orders'

2020-03-20 14:50:57 - [TEST_STEP][PASSED] - sendKeys(findTestObject("ADMIN/Edit Text/Bespoke/Seller Pages/Dashboard/input_Total Visits_total-visits"), "*"): Keys '*' sent to object: 'Object Repository/ADMIN/Edit Text/Bespoke/Seller Pages/Dashboard/input_Total Visits_total-visits'

2020-03-20 14:50:57 - [MESSAGE][PASSED] - Keys '*' sent to object: 'Object Repository/ADMIN/Edit Text/Bespoke/Seller Pages/Dashboard/input_Total Visits_total-visits'

2020-03-20 14:50:57 - [TEST_STEP][PASSED] - sendKeys(findTestObject("ADMIN/Edit Text/Bespoke/Seller Pages/Dashboard/input_Avr Order By Rev_avr-order-by-rev"), "*"): Keys '*' sent to object: 'Object Repository/ADMIN/Edit Text/Bespoke/Seller Pages/Dashboard/input_Avr Order By Rev_avr-order-by-rev'

2020-03-20 14:50:57 - [MESSAGE][PASSED] - Keys '*' sent to object: 'Object Repository/ADMIN/Edit Text/Bespoke/Seller Pages/Dashboard/input_Avr Order By Rev_avr-order-by-rev'

2020-03-20 14:50:57 - [TEST_STEP][PASSED] - sendKeys(findTestObject("ADMIN/Edit Text/Bespoke/Seller Pages/Dashboard/input_Avr Items Sold Per Order_avr-item-sold-per-order"), "*"): Keys '*' sent to object: 'Object Repository/ADMIN/Edit Text/Bespoke/Seller Pages/Dashboard/input_Avr Items Sold Per Order_avr-item-sold-per-order'

2020-03-20 14:50:57 - [MESSAGE][PASSED] - Keys '*' sent to object: 'Object Repository/ADMIN/Edit Text/Bespoke/Seller Pages/Dashboard/input_Avr Items Sold Per Order_avr-item-sold-per-order'

2020-03-20 14:50:57 - [TEST_STEP][PASSED] - sendKeys(findTestObject("ADMIN/Edit Text/Bespoke/Seller Pages/Dashboard/input_Sales_order-sales"), "*"): Keys '*' sent to object: 'Object Repository/ADMIN/Edit Text/Bespoke/Seller Pages/Dashboard/input_Sales_order-sales'

2020-03-20 14:50:58 - [MESSAGE][PASSED] - Keys '*' sent to object: 'Object Repository/ADMIN/Edit Text/Bespoke/Seller Pages/Dashboard/input_Sales_order-sales'

2020-03-20 14:50:58 - [TEST_STEP][PASSED] - sendKeys(findTestObject("ADMIN/Edit Text/Bespoke/Seller Pages/Dashboard/input_Total Revenue_total-revenue"), "*"): Keys '*' sent to object: 'Object Repository/ADMIN/Edit Text/Bespoke/Seller Pages/Dashboard/input_Total Revenue_total-revenue'

2020-03-20 14:50:58 - [MESSAGE][PASSED] - Keys '*' sent to object: 'Object Repository/ADMIN/Edit Text/Bespoke/Seller Pages/Dashboard/input_Total Revenue_total-revenue'

2020-03-20 14:50:58 - [TEST_STEP][PASSED] - sendKeys(findTestObject("ADMIN/Edit Text/Bespoke/Seller Pages/Dashboard/input_Total Orders_total-orders1"), "*"): Keys '*' sent to object: 'Object Repository/ADMIN/Edit Text/Bespoke/Seller Pages/Dashboard/input_Total Orders_total-orders1'

2020-03-20 14:50:58 - [MESSAGE][PASSED] - Keys '*' sent to object: 'Object Repository/ADMIN/Edit Text/Bespoke/Seller Pages/Dashboard/input_Total Orders_total-orders1'

2020-03-20 14:50:58 - [TEST_STEP][PASSED] - sendKeys(findTestObject("ADMIN/Edit Text/Bespoke/Seller Pages/Dashboard/input_Best Product Sellers_best-product-sellers"), "*"): Keys '*' sent to object: 'Object Repository/ADMIN/Edit Text/Bespoke/Seller Pages/Dashboard/input_Best Product Sellers_best-product-sellers'

2020-03-20 14:50:58 - [MESSAGE][PASSED] - Keys '*' sent to object: 'Object Repository/ADMIN/Edit Text/Bespoke/Seller Pages/Dashboard/input_Best Product Sellers_best-product-sellers'

2020-03-20 14:50:58 - [TEST_STEP][PASSED] - sendKeys(findTestObject("ADMIN/Edit Text/Bespoke/Seller Pages/Dashboard/input_Total Sales in_total-sales-in"), "*"): Keys '*' sent to object: 'Object Repository/ADMIN/Edit Text/Bespoke/Seller Pages/Dashboard/input_Total Sales in_total-sales-in'

2020-03-20 14:50:58 - [MESSAGE][PASSED] - Keys '*' sent to object: 'Object Repository/ADMIN/Edit Text/Bespoke/Seller Pages/Dashboard/input_Total Sales in_total-sales-in'

2020-03-20 14:50:58 - [TEST_STEP][PASSED] - sendKeys(findTestObject("ADMIN/Edit Text/Bespoke/Seller Pages/Dashboard/input_Best Sellers_best-sellers"), "*"): Keys '*' sent to object: 'Object Repository/ADMIN/Edit Text/Bespoke/Seller Pages/Dashboard/input_Best Sellers_best-sellers'

2020-03-20 14:50:58 - [MESSAGE][PASSED] - Keys '*' sent to object: 'Object Repository/ADMIN/Edit Text/Bespoke/Seller Pages/Dashboard/input_Best Sellers_best-sellers'

2020-03-20 14:50:58 - [TEST_STEP][PASSED] - sendKeys(findTestObject("ADMIN/Edit Text/Bespoke/Seller Pages/Dashboard/input_Item ID_item-id"), "*"): Keys '*' sent to object: 'Object Repository/ADMIN/Edit Text/Bespoke/Seller Pages/Dashboard/input_Item ID_item-id'

2020-03-20 14:50:59 - [MESSAGE][PASSED] - Keys '*' sent to object: 'Object Repository/ADMIN/Edit Text/Bespoke/Seller Pages/Dashboard/input_Item ID_item-id'

2020-03-20 14:50:59 - [TEST_STEP][PASSED] - sendKeys(findTestObject("ADMIN/Edit Text/Bespoke/Seller Pages/Dashboard/input_Total Sales_total-sales1"), "*"): Keys '*' sent to object: 'Object Repository/ADMIN/Edit Text/Bespoke/Seller Pages/Dashboard/input_Total Sales_total-sales1'

2020-03-20 14:50:59 - [MESSAGE][PASSED] - Keys '*' sent to object: 'Object Repository/ADMIN/Edit Text/Bespoke/Seller Pages/Dashboard/input_Total Sales_total-sales1'

2020-03-20 14:50:59 - [TEST_STEP][PASSED] - sendKeys(findTestObject("ADMIN/Edit Text/Bespoke/Seller Pages/Dashboard/input_Item Sold_item-sold"), "*"): Keys '*' sent to object: 'Object Repository/ADMIN/Edit Text/Bespoke/Seller Pages/Dashboard/input_Item Sold_item-sold'

2020-03-20 14:50:59 - [MESSAGE][PASSED] - Keys '*' sent to object: 'Object Repository/ADMIN/Edit Text/Bespoke/Seller Pages/Dashboard/input_Item Sold_item-sold'

2020-03-20 14:50:59 - [TEST_STEP][PASSED] - sendKeys(findTestObject("ADMIN/Edit Text/Bespoke/Seller Pages/Dashboard/input_Top Viewed Items_top-viewed-item"), "*"): Keys '*' sent to object: 'Object Repository/ADMIN/Edit Text/Bespoke/Seller Pages/Dashboard/input_Top Viewed Items_top-viewed-item'

2020-03-20 14:50:59 - [MESSAGE][PASSED] - Keys '*' sent to object: 'Object Repository/ADMIN/Edit Text/Bespoke/Seller Pages/Dashboard/input_Top Viewed Items_top-viewed-item'

2020-03-20 14:50:59 - [TEST_STEP][PASSED] - sendKeys(findTestObject("ADMIN/Edit Text/Bespoke/Seller Pages/Dashboard/input_Total Views per Item_total-views-per-item"), "*"): Keys '*' sent to object: 'Object Repository/ADMIN/Edit Text/Bespoke/Seller Pages/Dashboard/input_Total Views per Item_total-views-per-item'

2020-03-20 14:51:00 - [MESSAGE][PASSED] - Keys '*' sent to object: 'Object Repository/ADMIN/Edit Text/Bespoke/Seller Pages/Dashboard/input_Total Views per Item_total-views-per-item'

2020-03-20 14:51:00 - [TEST_STEP][PASSED] - sendKeys(findTestObject("ADMIN/Edit Text/Bespoke/Seller Pages/Dashboard/input_Most Viewed_most-viewed"), "*"): Keys '*' sent to object: 'Object Repository/ADMIN/Edit Text/Bespoke/Seller Pages/Dashboard/input_Most Viewed_most-viewed'

2020-03-20 14:51:00 - [MESSAGE][PASSED] - Keys '*' sent to object: 'Object Repository/ADMIN/Edit Text/Bespoke/Seller Pages/Dashboard/input_Most Viewed_most-viewed'

2020-03-20 14:51:00 - [TEST_STEP][PASSED] - sendKeys(findTestObject("ADMIN/Edit Text/Bespoke/Seller Pages/Dashboard/input_Total Views_total-views"), "*"): Keys '*' sent to object: 'Object Repository/ADMIN/Edit Text/Bespoke/Seller Pages/Dashboard/input_Total Views_total-views'

2020-03-20 14:51:01 - [MESSAGE][PASSED] - Keys '*' sent to object: 'Object Repository/ADMIN/Edit Text/Bespoke/Seller Pages/Dashboard/input_Total Views_total-views'

2020-03-20 14:51:01 - [TEST_STEP][PASSED] - sendKeys(findTestObject("ADMIN/Edit Text/Bespoke/Seller Pages/Dashboard/input_Day_order-day"), "*"): Keys '*' sent to object: 'Object Repository/ADMIN/Edit Text/Bespoke/Seller Pages/Dashboard/input_Day_order-day'

2020-03-20 14:51:01 - [MESSAGE][PASSED] - Keys '*' sent to object: 'Object Repository/ADMIN/Edit Text/Bespoke/Seller Pages/Dashboard/input_Day_order-day'

2020-03-20 14:51:01 - [TEST_STEP][PASSED] - sendKeys(findTestObject("ADMIN/Edit Text/Bespoke/Seller Pages/Dashboard/input_Week_order-week"), "*"): Keys '*' sent to object: 'Object Repository/ADMIN/Edit Text/Bespoke/Seller Pages/Dashboard/input_Week_order-week'

2020-03-20 14:51:01 - [MESSAGE][PASSED] - Keys '*' sent to object: 'Object Repository/ADMIN/Edit Text/Bespoke/Seller Pages/Dashboard/input_Week_order-week'

2020-03-20 14:51:01 - [TEST_STEP][PASSED] - sendKeys(findTestObject("ADMIN/Edit Text/Bespoke/Seller Pages/Dashboard/input_Month_order-time"), "*"): Keys '*' sent to object: 'Object Repository/ADMIN/Edit Text/Bespoke/Seller Pages/Dashboard/input_Month_order-time'

2020-03-20 14:51:01 - [MESSAGE][PASSED] - Keys '*' sent to object: 'Object Repository/ADMIN/Edit Text/Bespoke/Seller Pages/Dashboard/input_Month_order-time'

2020-03-20 14:51:01 - [TEST_STEP][PASSED] - click(findTestObject("ADMIN/Edit Text/Bespoke/Buyer Pages/Homepage/button_save"), CONTINUE_ON_FAILURE): Object: 'Object Repository/ADMIN/Edit Text/Bespoke/Buyer Pages/Homepage/button_save' is clicked on

2020-03-20 14:51:01 - [MESSAGE][PASSED] - Object: 'Object Repository/ADMIN/Edit Text/Bespoke/Buyer Pages/Homepage/button_save' is clicked on

2020-03-20 14:51:01 - [TEST_STEP][PASSED] - waitForElementVisible(findTestObject("ADMIN/Edit Text/Bespoke/Buyer Pages/Homepage/toaster_success"), 0): Object 'Object Repository/ADMIN/Edit Text/Bespoke/Buyer Pages/Homepage/toaster_success' is visible

2020-03-20 14:51:01 - [MESSAGE][WARNING] - Timeout '0' is invalid. Using default page load timeout: '30'

2020-03-20 14:51:02 - [MESSAGE][PASSED] - Object 'Object Repository/ADMIN/Edit Text/Bespoke/Buyer Pages/Homepage/toaster_success' is visible]]></system-out>
         <system-err><![CDATA[]]></system-err>
      </testcase>
      <testcase name="Test Cases/ADMIN/Language/Edit Text/Bespoke/Seller/Dashboard" time="8.597" classname="Test Cases/ADMIN/Language/Edit Text/Bespoke/Seller/Dashboard" status="PASSED">
         <system-out><![CDATA[2020-03-20 14:51:02 - [TEST_CASE][PASSED] - Test Cases/ADMIN/Language/Edit Text/Bespoke/Seller/Dashboard: Test Cases/ADMIN/Language/Edit Text/Bespoke/Seller/Dashboard

2020-03-20 14:51:02 - [TEST_STEP][PASSED] - waitForElementVisible(findTestObject("ADMIN/Edit Text/Bespoke/Buyer Navigation/dd_language"), 0): Object 'Object Repository/ADMIN/Edit Text/Bespoke/Buyer Navigation/dd_language' is visible

2020-03-20 14:51:02 - [MESSAGE][WARNING] - Timeout '0' is invalid. Using default page load timeout: '30'

2020-03-20 14:51:02 - [MESSAGE][PASSED] - Object 'Object Repository/ADMIN/Edit Text/Bespoke/Buyer Navigation/dd_language' is visible

2020-03-20 14:51:02 - [TEST_STEP][PASSED] - selectOptionByLabel(findTestObject("ADMIN/Edit Text/Bespoke/Buyer Navigation/dd_language"), varLanguage, false): All options with label 'Hebrew' are selected in object 'Object Repository/ADMIN/Edit Text/Bespoke/Buyer Navigation/dd_language' 

2020-03-20 14:51:03 - [MESSAGE][PASSED] - All options with label 'Hebrew' are selected in object 'Object Repository/ADMIN/Edit Text/Bespoke/Buyer Navigation/dd_language' 

2020-03-20 14:51:03 - [TEST_STEP][PASSED] - sendKeys(findTestObject("ADMIN/Edit Text/Bespoke/Seller Pages/Dashboard/input_DASHBOARD_marketplace-name"), "*"): Keys '*' sent to object: 'Object Repository/ADMIN/Edit Text/Bespoke/Seller Pages/Dashboard/input_DASHBOARD_marketplace-name'

2020-03-20 14:51:03 - [MESSAGE][PASSED] - Keys '*' sent to object: 'Object Repository/ADMIN/Edit Text/Bespoke/Seller Pages/Dashboard/input_DASHBOARD_marketplace-name'

2020-03-20 14:51:03 - [TEST_STEP][PASSED] - sendKeys(findTestObject("ADMIN/Edit Text/Bespoke/Seller Pages/Dashboard/input_A quick overview of your sales and seller activity_item_details"), "*"): Keys '*' sent to object: 'Object Repository/ADMIN/Edit Text/Bespoke/Seller Pages/Dashboard/input_A quick overview of your sales and seller activity_item_details'

2020-03-20 14:51:04 - [MESSAGE][PASSED] - Keys '*' sent to object: 'Object Repository/ADMIN/Edit Text/Bespoke/Seller Pages/Dashboard/input_A quick overview of your sales and seller activity_item_details'

2020-03-20 14:51:04 - [TEST_STEP][PASSED] - sendKeys(findTestObject("ADMIN/Edit Text/Bespoke/Seller Pages/Dashboard/input_Orders Today_order-today"), "*"): Keys '*' sent to object: 'Object Repository/ADMIN/Edit Text/Bespoke/Seller Pages/Dashboard/input_Orders Today_order-today'

2020-03-20 14:51:04 - [MESSAGE][PASSED] - Keys '*' sent to object: 'Object Repository/ADMIN/Edit Text/Bespoke/Seller Pages/Dashboard/input_Orders Today_order-today'

2020-03-20 14:51:04 - [TEST_STEP][PASSED] - sendKeys(findTestObject("ADMIN/Edit Text/Bespoke/Seller Pages/Dashboard/input_Revenue Today_revenue-today"), "*"): Keys '*' sent to object: 'Object Repository/ADMIN/Edit Text/Bespoke/Seller Pages/Dashboard/input_Revenue Today_revenue-today'

2020-03-20 14:51:04 - [MESSAGE][PASSED] - Keys '*' sent to object: 'Object Repository/ADMIN/Edit Text/Bespoke/Seller Pages/Dashboard/input_Revenue Today_revenue-today'

2020-03-20 14:51:04 - [TEST_STEP][PASSED] - sendKeys(findTestObject("ADMIN/Edit Text/Bespoke/Seller Pages/Dashboard/input_BEST SELLER_best-seller"), "*"): Keys '*' sent to object: 'Object Repository/ADMIN/Edit Text/Bespoke/Seller Pages/Dashboard/input_BEST SELLER_best-seller'

2020-03-20 14:51:04 - [MESSAGE][PASSED] - Keys '*' sent to object: 'Object Repository/ADMIN/Edit Text/Bespoke/Seller Pages/Dashboard/input_BEST SELLER_best-seller'

2020-03-20 14:51:04 - [TEST_STEP][PASSED] - sendKeys(findTestObject("ADMIN/Edit Text/Bespoke/Seller Pages/Dashboard/input_Quantity left_quantity-left"), "*"): Keys '*' sent to object: 'Object Repository/ADMIN/Edit Text/Bespoke/Seller Pages/Dashboard/input_Quantity left_quantity-left'

2020-03-20 14:51:05 - [MESSAGE][PASSED] - Keys '*' sent to object: 'Object Repository/ADMIN/Edit Text/Bespoke/Seller Pages/Dashboard/input_Quantity left_quantity-left'

2020-03-20 14:51:05 - [TEST_STEP][PASSED] - sendKeys(findTestObject("ADMIN/Edit Text/Bespoke/Seller Pages/Dashboard/input_TODAY_today"), "*"): Keys '*' sent to object: 'Object Repository/ADMIN/Edit Text/Bespoke/Seller Pages/Dashboard/input_TODAY_today'

2020-03-20 14:51:05 - [MESSAGE][PASSED] - Keys '*' sent to object: 'Object Repository/ADMIN/Edit Text/Bespoke/Seller Pages/Dashboard/input_TODAY_today'

2020-03-20 14:51:05 - [TEST_STEP][PASSED] - sendKeys(findTestObject("ADMIN/Edit Text/Bespoke/Seller Pages/Dashboard/input_LAST 7 DAYS_last-7days"), "*"): Keys '*' sent to object: 'Object Repository/ADMIN/Edit Text/Bespoke/Seller Pages/Dashboard/input_LAST 7 DAYS_last-7days'

2020-03-20 14:51:05 - [MESSAGE][PASSED] - Keys '*' sent to object: 'Object Repository/ADMIN/Edit Text/Bespoke/Seller Pages/Dashboard/input_LAST 7 DAYS_last-7days'

2020-03-20 14:51:05 - [TEST_STEP][PASSED] - sendKeys(findTestObject("ADMIN/Edit Text/Bespoke/Seller Pages/Dashboard/input_LAST 30 DAYS_last-30days"), "*"): Keys '*' sent to object: 'Object Repository/ADMIN/Edit Text/Bespoke/Seller Pages/Dashboard/input_LAST 30 DAYS_last-30days'

2020-03-20 14:51:05 - [MESSAGE][PASSED] - Keys '*' sent to object: 'Object Repository/ADMIN/Edit Text/Bespoke/Seller Pages/Dashboard/input_LAST 30 DAYS_last-30days'

2020-03-20 14:51:05 - [TEST_STEP][PASSED] - sendKeys(findTestObject("ADMIN/Edit Text/Bespoke/Seller Pages/Dashboard/input_Total Sales_total-sales"), "*"): Keys '*' sent to object: 'Object Repository/ADMIN/Edit Text/Bespoke/Seller Pages/Dashboard/input_Total Sales_total-sales'

2020-03-20 14:51:05 - [MESSAGE][PASSED] - Keys '*' sent to object: 'Object Repository/ADMIN/Edit Text/Bespoke/Seller Pages/Dashboard/input_Total Sales_total-sales'

2020-03-20 14:51:05 - [TEST_STEP][PASSED] - sendKeys(findTestObject("ADMIN/Edit Text/Bespoke/Seller Pages/Dashboard/input_Total Orders_total-orders"), "*"): Keys '*' sent to object: 'Object Repository/ADMIN/Edit Text/Bespoke/Seller Pages/Dashboard/input_Total Orders_total-orders'

2020-03-20 14:51:06 - [MESSAGE][PASSED] - Keys '*' sent to object: 'Object Repository/ADMIN/Edit Text/Bespoke/Seller Pages/Dashboard/input_Total Orders_total-orders'

2020-03-20 14:51:06 - [TEST_STEP][PASSED] - sendKeys(findTestObject("ADMIN/Edit Text/Bespoke/Seller Pages/Dashboard/input_Total Visits_total-visits"), "*"): Keys '*' sent to object: 'Object Repository/ADMIN/Edit Text/Bespoke/Seller Pages/Dashboard/input_Total Visits_total-visits'

2020-03-20 14:51:06 - [MESSAGE][PASSED] - Keys '*' sent to object: 'Object Repository/ADMIN/Edit Text/Bespoke/Seller Pages/Dashboard/input_Total Visits_total-visits'

2020-03-20 14:51:06 - [TEST_STEP][PASSED] - sendKeys(findTestObject("ADMIN/Edit Text/Bespoke/Seller Pages/Dashboard/input_Avr Order By Rev_avr-order-by-rev"), "*"): Keys '*' sent to object: 'Object Repository/ADMIN/Edit Text/Bespoke/Seller Pages/Dashboard/input_Avr Order By Rev_avr-order-by-rev'

2020-03-20 14:51:06 - [MESSAGE][PASSED] - Keys '*' sent to object: 'Object Repository/ADMIN/Edit Text/Bespoke/Seller Pages/Dashboard/input_Avr Order By Rev_avr-order-by-rev'

2020-03-20 14:51:06 - [TEST_STEP][PASSED] - sendKeys(findTestObject("ADMIN/Edit Text/Bespoke/Seller Pages/Dashboard/input_Avr Items Sold Per Order_avr-item-sold-per-order"), "*"): Keys '*' sent to object: 'Object Repository/ADMIN/Edit Text/Bespoke/Seller Pages/Dashboard/input_Avr Items Sold Per Order_avr-item-sold-per-order'

2020-03-20 14:51:06 - [MESSAGE][PASSED] - Keys '*' sent to object: 'Object Repository/ADMIN/Edit Text/Bespoke/Seller Pages/Dashboard/input_Avr Items Sold Per Order_avr-item-sold-per-order'

2020-03-20 14:51:06 - [TEST_STEP][PASSED] - sendKeys(findTestObject("ADMIN/Edit Text/Bespoke/Seller Pages/Dashboard/input_Sales_order-sales"), "*"): Keys '*' sent to object: 'Object Repository/ADMIN/Edit Text/Bespoke/Seller Pages/Dashboard/input_Sales_order-sales'

2020-03-20 14:51:06 - [MESSAGE][PASSED] - Keys '*' sent to object: 'Object Repository/ADMIN/Edit Text/Bespoke/Seller Pages/Dashboard/input_Sales_order-sales'

2020-03-20 14:51:06 - [TEST_STEP][PASSED] - sendKeys(findTestObject("ADMIN/Edit Text/Bespoke/Seller Pages/Dashboard/input_Total Revenue_total-revenue"), "*"): Keys '*' sent to object: 'Object Repository/ADMIN/Edit Text/Bespoke/Seller Pages/Dashboard/input_Total Revenue_total-revenue'

2020-03-20 14:51:07 - [MESSAGE][PASSED] - Keys '*' sent to object: 'Object Repository/ADMIN/Edit Text/Bespoke/Seller Pages/Dashboard/input_Total Revenue_total-revenue'

2020-03-20 14:51:07 - [TEST_STEP][PASSED] - sendKeys(findTestObject("ADMIN/Edit Text/Bespoke/Seller Pages/Dashboard/input_Total Orders_total-orders1"), "*"): Keys '*' sent to object: 'Object Repository/ADMIN/Edit Text/Bespoke/Seller Pages/Dashboard/input_Total Orders_total-orders1'

2020-03-20 14:51:07 - [MESSAGE][PASSED] - Keys '*' sent to object: 'Object Repository/ADMIN/Edit Text/Bespoke/Seller Pages/Dashboard/input_Total Orders_total-orders1'

2020-03-20 14:51:07 - [TEST_STEP][PASSED] - sendKeys(findTestObject("ADMIN/Edit Text/Bespoke/Seller Pages/Dashboard/input_Best Product Sellers_best-product-sellers"), "*"): Keys '*' sent to object: 'Object Repository/ADMIN/Edit Text/Bespoke/Seller Pages/Dashboard/input_Best Product Sellers_best-product-sellers'

2020-03-20 14:51:07 - [MESSAGE][PASSED] - Keys '*' sent to object: 'Object Repository/ADMIN/Edit Text/Bespoke/Seller Pages/Dashboard/input_Best Product Sellers_best-product-sellers'

2020-03-20 14:51:07 - [TEST_STEP][PASSED] - sendKeys(findTestObject("ADMIN/Edit Text/Bespoke/Seller Pages/Dashboard/input_Total Sales in_total-sales-in"), "*"): Keys '*' sent to object: 'Object Repository/ADMIN/Edit Text/Bespoke/Seller Pages/Dashboard/input_Total Sales in_total-sales-in'

2020-03-20 14:51:07 - [MESSAGE][PASSED] - Keys '*' sent to object: 'Object Repository/ADMIN/Edit Text/Bespoke/Seller Pages/Dashboard/input_Total Sales in_total-sales-in'

2020-03-20 14:51:07 - [TEST_STEP][PASSED] - sendKeys(findTestObject("ADMIN/Edit Text/Bespoke/Seller Pages/Dashboard/input_Best Sellers_best-sellers"), "*"): Keys '*' sent to object: 'Object Repository/ADMIN/Edit Text/Bespoke/Seller Pages/Dashboard/input_Best Sellers_best-sellers'

2020-03-20 14:51:08 - [MESSAGE][PASSED] - Keys '*' sent to object: 'Object Repository/ADMIN/Edit Text/Bespoke/Seller Pages/Dashboard/input_Best Sellers_best-sellers'

2020-03-20 14:51:08 - [TEST_STEP][PASSED] - sendKeys(findTestObject("ADMIN/Edit Text/Bespoke/Seller Pages/Dashboard/input_Item ID_item-id"), "*"): Keys '*' sent to object: 'Object Repository/ADMIN/Edit Text/Bespoke/Seller Pages/Dashboard/input_Item ID_item-id'

2020-03-20 14:51:08 - [MESSAGE][PASSED] - Keys '*' sent to object: 'Object Repository/ADMIN/Edit Text/Bespoke/Seller Pages/Dashboard/input_Item ID_item-id'

2020-03-20 14:51:08 - [TEST_STEP][PASSED] - sendKeys(findTestObject("ADMIN/Edit Text/Bespoke/Seller Pages/Dashboard/input_Total Sales_total-sales1"), "*"): Keys '*' sent to object: 'Object Repository/ADMIN/Edit Text/Bespoke/Seller Pages/Dashboard/input_Total Sales_total-sales1'

2020-03-20 14:51:08 - [MESSAGE][PASSED] - Keys '*' sent to object: 'Object Repository/ADMIN/Edit Text/Bespoke/Seller Pages/Dashboard/input_Total Sales_total-sales1'

2020-03-20 14:51:08 - [TEST_STEP][PASSED] - sendKeys(findTestObject("ADMIN/Edit Text/Bespoke/Seller Pages/Dashboard/input_Item Sold_item-sold"), "*"): Keys '*' sent to object: 'Object Repository/ADMIN/Edit Text/Bespoke/Seller Pages/Dashboard/input_Item Sold_item-sold'

2020-03-20 14:51:08 - [MESSAGE][PASSED] - Keys '*' sent to object: 'Object Repository/ADMIN/Edit Text/Bespoke/Seller Pages/Dashboard/input_Item Sold_item-sold'

2020-03-20 14:51:08 - [TEST_STEP][PASSED] - sendKeys(findTestObject("ADMIN/Edit Text/Bespoke/Seller Pages/Dashboard/input_Top Viewed Items_top-viewed-item"), "*"): Keys '*' sent to object: 'Object Repository/ADMIN/Edit Text/Bespoke/Seller Pages/Dashboard/input_Top Viewed Items_top-viewed-item'

2020-03-20 14:51:08 - [MESSAGE][PASSED] - Keys '*' sent to object: 'Object Repository/ADMIN/Edit Text/Bespoke/Seller Pages/Dashboard/input_Top Viewed Items_top-viewed-item'

2020-03-20 14:51:08 - [TEST_STEP][PASSED] - sendKeys(findTestObject("ADMIN/Edit Text/Bespoke/Seller Pages/Dashboard/input_Total Views per Item_total-views-per-item"), "*"): Keys '*' sent to object: 'Object Repository/ADMIN/Edit Text/Bespoke/Seller Pages/Dashboard/input_Total Views per Item_total-views-per-item'

2020-03-20 14:51:09 - [MESSAGE][PASSED] - Keys '*' sent to object: 'Object Repository/ADMIN/Edit Text/Bespoke/Seller Pages/Dashboard/input_Total Views per Item_total-views-per-item'

2020-03-20 14:51:09 - [TEST_STEP][PASSED] - sendKeys(findTestObject("ADMIN/Edit Text/Bespoke/Seller Pages/Dashboard/input_Most Viewed_most-viewed"), "*"): Keys '*' sent to object: 'Object Repository/ADMIN/Edit Text/Bespoke/Seller Pages/Dashboard/input_Most Viewed_most-viewed'

2020-03-20 14:51:09 - [MESSAGE][PASSED] - Keys '*' sent to object: 'Object Repository/ADMIN/Edit Text/Bespoke/Seller Pages/Dashboard/input_Most Viewed_most-viewed'

2020-03-20 14:51:09 - [TEST_STEP][PASSED] - sendKeys(findTestObject("ADMIN/Edit Text/Bespoke/Seller Pages/Dashboard/input_Total Views_total-views"), "*"): Keys '*' sent to object: 'Object Repository/ADMIN/Edit Text/Bespoke/Seller Pages/Dashboard/input_Total Views_total-views'

2020-03-20 14:51:09 - [MESSAGE][PASSED] - Keys '*' sent to object: 'Object Repository/ADMIN/Edit Text/Bespoke/Seller Pages/Dashboard/input_Total Views_total-views'

2020-03-20 14:51:09 - [TEST_STEP][PASSED] - sendKeys(findTestObject("ADMIN/Edit Text/Bespoke/Seller Pages/Dashboard/input_Day_order-day"), "*"): Keys '*' sent to object: 'Object Repository/ADMIN/Edit Text/Bespoke/Seller Pages/Dashboard/input_Day_order-day'

2020-03-20 14:51:09 - [MESSAGE][PASSED] - Keys '*' sent to object: 'Object Repository/ADMIN/Edit Text/Bespoke/Seller Pages/Dashboard/input_Day_order-day'

2020-03-20 14:51:09 - [TEST_STEP][PASSED] - sendKeys(findTestObject("ADMIN/Edit Text/Bespoke/Seller Pages/Dashboard/input_Week_order-week"), "*"): Keys '*' sent to object: 'Object Repository/ADMIN/Edit Text/Bespoke/Seller Pages/Dashboard/input_Week_order-week'

2020-03-20 14:51:09 - [MESSAGE][PASSED] - Keys '*' sent to object: 'Object Repository/ADMIN/Edit Text/Bespoke/Seller Pages/Dashboard/input_Week_order-week'

2020-03-20 14:51:09 - [TEST_STEP][PASSED] - sendKeys(findTestObject("ADMIN/Edit Text/Bespoke/Seller Pages/Dashboard/input_Month_order-time"), "*"): Keys '*' sent to object: 'Object Repository/ADMIN/Edit Text/Bespoke/Seller Pages/Dashboard/input_Month_order-time'

2020-03-20 14:51:10 - [MESSAGE][PASSED] - Keys '*' sent to object: 'Object Repository/ADMIN/Edit Text/Bespoke/Seller Pages/Dashboard/input_Month_order-time'

2020-03-20 14:51:10 - [TEST_STEP][PASSED] - click(findTestObject("ADMIN/Edit Text/Bespoke/Buyer Pages/Homepage/button_save"), CONTINUE_ON_FAILURE): Object: 'Object Repository/ADMIN/Edit Text/Bespoke/Buyer Pages/Homepage/button_save' is clicked on

2020-03-20 14:51:10 - [MESSAGE][PASSED] - Object: 'Object Repository/ADMIN/Edit Text/Bespoke/Buyer Pages/Homepage/button_save' is clicked on

2020-03-20 14:51:10 - [TEST_STEP][PASSED] - waitForElementVisible(findTestObject("ADMIN/Edit Text/Bespoke/Buyer Pages/Homepage/toaster_success"), 0): Object 'Object Repository/ADMIN/Edit Text/Bespoke/Buyer Pages/Homepage/toaster_success' is visible

2020-03-20 14:51:10 - [MESSAGE][WARNING] - Timeout '0' is invalid. Using default page load timeout: '30'

2020-03-20 14:51:11 - [MESSAGE][PASSED] - Object 'Object Repository/ADMIN/Edit Text/Bespoke/Buyer Pages/Homepage/toaster_success' is visible]]></system-out>
         <system-err><![CDATA[]]></system-err>
      </testcase>
      <testcase name="Test Cases/ADMIN/Language/Edit Text/Bespoke/Seller/Dashboard" time="8.81" classname="Test Cases/ADMIN/Language/Edit Text/Bespoke/Seller/Dashboard" status="PASSED">
         <system-out><![CDATA[2020-03-20 14:51:11 - [TEST_CASE][PASSED] - Test Cases/ADMIN/Language/Edit Text/Bespoke/Seller/Dashboard: Test Cases/ADMIN/Language/Edit Text/Bespoke/Seller/Dashboard

2020-03-20 14:51:11 - [TEST_STEP][PASSED] - waitForElementVisible(findTestObject("ADMIN/Edit Text/Bespoke/Buyer Navigation/dd_language"), 0): Object 'Object Repository/ADMIN/Edit Text/Bespoke/Buyer Navigation/dd_language' is visible

2020-03-20 14:51:11 - [MESSAGE][WARNING] - Timeout '0' is invalid. Using default page load timeout: '30'

2020-03-20 14:51:11 - [MESSAGE][PASSED] - Object 'Object Repository/ADMIN/Edit Text/Bespoke/Buyer Navigation/dd_language' is visible

2020-03-20 14:51:11 - [TEST_STEP][PASSED] - selectOptionByLabel(findTestObject("ADMIN/Edit Text/Bespoke/Buyer Navigation/dd_language"), varLanguage, false): All options with label 'English' are selected in object 'Object Repository/ADMIN/Edit Text/Bespoke/Buyer Navigation/dd_language' 

2020-03-20 14:51:12 - [MESSAGE][PASSED] - All options with label 'English' are selected in object 'Object Repository/ADMIN/Edit Text/Bespoke/Buyer Navigation/dd_language' 

2020-03-20 14:51:12 - [TEST_STEP][PASSED] - sendKeys(findTestObject("ADMIN/Edit Text/Bespoke/Seller Pages/Dashboard/input_DASHBOARD_marketplace-name"), "*"): Keys '*' sent to object: 'Object Repository/ADMIN/Edit Text/Bespoke/Seller Pages/Dashboard/input_DASHBOARD_marketplace-name'

2020-03-20 14:51:12 - [MESSAGE][PASSED] - Keys '*' sent to object: 'Object Repository/ADMIN/Edit Text/Bespoke/Seller Pages/Dashboard/input_DASHBOARD_marketplace-name'

2020-03-20 14:51:12 - [TEST_STEP][PASSED] - sendKeys(findTestObject("ADMIN/Edit Text/Bespoke/Seller Pages/Dashboard/input_A quick overview of your sales and seller activity_item_details"), "*"): Keys '*' sent to object: 'Object Repository/ADMIN/Edit Text/Bespoke/Seller Pages/Dashboard/input_A quick overview of your sales and seller activity_item_details'

2020-03-20 14:51:13 - [MESSAGE][PASSED] - Keys '*' sent to object: 'Object Repository/ADMIN/Edit Text/Bespoke/Seller Pages/Dashboard/input_A quick overview of your sales and seller activity_item_details'

2020-03-20 14:51:13 - [TEST_STEP][PASSED] - sendKeys(findTestObject("ADMIN/Edit Text/Bespoke/Seller Pages/Dashboard/input_Orders Today_order-today"), "*"): Keys '*' sent to object: 'Object Repository/ADMIN/Edit Text/Bespoke/Seller Pages/Dashboard/input_Orders Today_order-today'

2020-03-20 14:51:13 - [MESSAGE][PASSED] - Keys '*' sent to object: 'Object Repository/ADMIN/Edit Text/Bespoke/Seller Pages/Dashboard/input_Orders Today_order-today'

2020-03-20 14:51:13 - [TEST_STEP][PASSED] - sendKeys(findTestObject("ADMIN/Edit Text/Bespoke/Seller Pages/Dashboard/input_Revenue Today_revenue-today"), "*"): Keys '*' sent to object: 'Object Repository/ADMIN/Edit Text/Bespoke/Seller Pages/Dashboard/input_Revenue Today_revenue-today'

2020-03-20 14:51:13 - [MESSAGE][PASSED] - Keys '*' sent to object: 'Object Repository/ADMIN/Edit Text/Bespoke/Seller Pages/Dashboard/input_Revenue Today_revenue-today'

2020-03-20 14:51:13 - [TEST_STEP][PASSED] - sendKeys(findTestObject("ADMIN/Edit Text/Bespoke/Seller Pages/Dashboard/input_BEST SELLER_best-seller"), "*"): Keys '*' sent to object: 'Object Repository/ADMIN/Edit Text/Bespoke/Seller Pages/Dashboard/input_BEST SELLER_best-seller'

2020-03-20 14:51:13 - [MESSAGE][PASSED] - Keys '*' sent to object: 'Object Repository/ADMIN/Edit Text/Bespoke/Seller Pages/Dashboard/input_BEST SELLER_best-seller'

2020-03-20 14:51:13 - [TEST_STEP][PASSED] - sendKeys(findTestObject("ADMIN/Edit Text/Bespoke/Seller Pages/Dashboard/input_Quantity left_quantity-left"), "*"): Keys '*' sent to object: 'Object Repository/ADMIN/Edit Text/Bespoke/Seller Pages/Dashboard/input_Quantity left_quantity-left'

2020-03-20 14:51:13 - [MESSAGE][PASSED] - Keys '*' sent to object: 'Object Repository/ADMIN/Edit Text/Bespoke/Seller Pages/Dashboard/input_Quantity left_quantity-left'

2020-03-20 14:51:13 - [TEST_STEP][PASSED] - sendKeys(findTestObject("ADMIN/Edit Text/Bespoke/Seller Pages/Dashboard/input_TODAY_today"), "*"): Keys '*' sent to object: 'Object Repository/ADMIN/Edit Text/Bespoke/Seller Pages/Dashboard/input_TODAY_today'

2020-03-20 14:51:13 - [MESSAGE][PASSED] - Keys '*' sent to object: 'Object Repository/ADMIN/Edit Text/Bespoke/Seller Pages/Dashboard/input_TODAY_today'

2020-03-20 14:51:13 - [TEST_STEP][PASSED] - sendKeys(findTestObject("ADMIN/Edit Text/Bespoke/Seller Pages/Dashboard/input_LAST 7 DAYS_last-7days"), "*"): Keys '*' sent to object: 'Object Repository/ADMIN/Edit Text/Bespoke/Seller Pages/Dashboard/input_LAST 7 DAYS_last-7days'

2020-03-20 14:51:14 - [MESSAGE][PASSED] - Keys '*' sent to object: 'Object Repository/ADMIN/Edit Text/Bespoke/Seller Pages/Dashboard/input_LAST 7 DAYS_last-7days'

2020-03-20 14:51:14 - [TEST_STEP][PASSED] - sendKeys(findTestObject("ADMIN/Edit Text/Bespoke/Seller Pages/Dashboard/input_LAST 30 DAYS_last-30days"), "*"): Keys '*' sent to object: 'Object Repository/ADMIN/Edit Text/Bespoke/Seller Pages/Dashboard/input_LAST 30 DAYS_last-30days'

2020-03-20 14:51:14 - [MESSAGE][PASSED] - Keys '*' sent to object: 'Object Repository/ADMIN/Edit Text/Bespoke/Seller Pages/Dashboard/input_LAST 30 DAYS_last-30days'

2020-03-20 14:51:14 - [TEST_STEP][PASSED] - sendKeys(findTestObject("ADMIN/Edit Text/Bespoke/Seller Pages/Dashboard/input_Total Sales_total-sales"), "*"): Keys '*' sent to object: 'Object Repository/ADMIN/Edit Text/Bespoke/Seller Pages/Dashboard/input_Total Sales_total-sales'

2020-03-20 14:51:14 - [MESSAGE][PASSED] - Keys '*' sent to object: 'Object Repository/ADMIN/Edit Text/Bespoke/Seller Pages/Dashboard/input_Total Sales_total-sales'

2020-03-20 14:51:14 - [TEST_STEP][PASSED] - sendKeys(findTestObject("ADMIN/Edit Text/Bespoke/Seller Pages/Dashboard/input_Total Orders_total-orders"), "*"): Keys '*' sent to object: 'Object Repository/ADMIN/Edit Text/Bespoke/Seller Pages/Dashboard/input_Total Orders_total-orders'

2020-03-20 14:51:14 - [MESSAGE][PASSED] - Keys '*' sent to object: 'Object Repository/ADMIN/Edit Text/Bespoke/Seller Pages/Dashboard/input_Total Orders_total-orders'

2020-03-20 14:51:14 - [TEST_STEP][PASSED] - sendKeys(findTestObject("ADMIN/Edit Text/Bespoke/Seller Pages/Dashboard/input_Total Visits_total-visits"), "*"): Keys '*' sent to object: 'Object Repository/ADMIN/Edit Text/Bespoke/Seller Pages/Dashboard/input_Total Visits_total-visits'

2020-03-20 14:51:15 - [MESSAGE][PASSED] - Keys '*' sent to object: 'Object Repository/ADMIN/Edit Text/Bespoke/Seller Pages/Dashboard/input_Total Visits_total-visits'

2020-03-20 14:51:15 - [TEST_STEP][PASSED] - sendKeys(findTestObject("ADMIN/Edit Text/Bespoke/Seller Pages/Dashboard/input_Avr Order By Rev_avr-order-by-rev"), "*"): Keys '*' sent to object: 'Object Repository/ADMIN/Edit Text/Bespoke/Seller Pages/Dashboard/input_Avr Order By Rev_avr-order-by-rev'

2020-03-20 14:51:15 - [MESSAGE][PASSED] - Keys '*' sent to object: 'Object Repository/ADMIN/Edit Text/Bespoke/Seller Pages/Dashboard/input_Avr Order By Rev_avr-order-by-rev'

2020-03-20 14:51:15 - [TEST_STEP][PASSED] - sendKeys(findTestObject("ADMIN/Edit Text/Bespoke/Seller Pages/Dashboard/input_Avr Items Sold Per Order_avr-item-sold-per-order"), "*"): Keys '*' sent to object: 'Object Repository/ADMIN/Edit Text/Bespoke/Seller Pages/Dashboard/input_Avr Items Sold Per Order_avr-item-sold-per-order'

2020-03-20 14:51:15 - [MESSAGE][PASSED] - Keys '*' sent to object: 'Object Repository/ADMIN/Edit Text/Bespoke/Seller Pages/Dashboard/input_Avr Items Sold Per Order_avr-item-sold-per-order'

2020-03-20 14:51:15 - [TEST_STEP][PASSED] - sendKeys(findTestObject("ADMIN/Edit Text/Bespoke/Seller Pages/Dashboard/input_Sales_order-sales"), "*"): Keys '*' sent to object: 'Object Repository/ADMIN/Edit Text/Bespoke/Seller Pages/Dashboard/input_Sales_order-sales'

2020-03-20 14:51:15 - [MESSAGE][PASSED] - Keys '*' sent to object: 'Object Repository/ADMIN/Edit Text/Bespoke/Seller Pages/Dashboard/input_Sales_order-sales'

2020-03-20 14:51:15 - [TEST_STEP][PASSED] - sendKeys(findTestObject("ADMIN/Edit Text/Bespoke/Seller Pages/Dashboard/input_Total Revenue_total-revenue"), "*"): Keys '*' sent to object: 'Object Repository/ADMIN/Edit Text/Bespoke/Seller Pages/Dashboard/input_Total Revenue_total-revenue'

2020-03-20 14:51:16 - [MESSAGE][PASSED] - Keys '*' sent to object: 'Object Repository/ADMIN/Edit Text/Bespoke/Seller Pages/Dashboard/input_Total Revenue_total-revenue'

2020-03-20 14:51:16 - [TEST_STEP][PASSED] - sendKeys(findTestObject("ADMIN/Edit Text/Bespoke/Seller Pages/Dashboard/input_Total Orders_total-orders1"), "*"): Keys '*' sent to object: 'Object Repository/ADMIN/Edit Text/Bespoke/Seller Pages/Dashboard/input_Total Orders_total-orders1'

2020-03-20 14:51:16 - [MESSAGE][PASSED] - Keys '*' sent to object: 'Object Repository/ADMIN/Edit Text/Bespoke/Seller Pages/Dashboard/input_Total Orders_total-orders1'

2020-03-20 14:51:16 - [TEST_STEP][PASSED] - sendKeys(findTestObject("ADMIN/Edit Text/Bespoke/Seller Pages/Dashboard/input_Best Product Sellers_best-product-sellers"), "*"): Keys '*' sent to object: 'Object Repository/ADMIN/Edit Text/Bespoke/Seller Pages/Dashboard/input_Best Product Sellers_best-product-sellers'

2020-03-20 14:51:16 - [MESSAGE][PASSED] - Keys '*' sent to object: 'Object Repository/ADMIN/Edit Text/Bespoke/Seller Pages/Dashboard/input_Best Product Sellers_best-product-sellers'

2020-03-20 14:51:16 - [TEST_STEP][PASSED] - sendKeys(findTestObject("ADMIN/Edit Text/Bespoke/Seller Pages/Dashboard/input_Total Sales in_total-sales-in"), "*"): Keys '*' sent to object: 'Object Repository/ADMIN/Edit Text/Bespoke/Seller Pages/Dashboard/input_Total Sales in_total-sales-in'

2020-03-20 14:51:16 - [MESSAGE][PASSED] - Keys '*' sent to object: 'Object Repository/ADMIN/Edit Text/Bespoke/Seller Pages/Dashboard/input_Total Sales in_total-sales-in'

2020-03-20 14:51:16 - [TEST_STEP][PASSED] - sendKeys(findTestObject("ADMIN/Edit Text/Bespoke/Seller Pages/Dashboard/input_Best Sellers_best-sellers"), "*"): Keys '*' sent to object: 'Object Repository/ADMIN/Edit Text/Bespoke/Seller Pages/Dashboard/input_Best Sellers_best-sellers'

2020-03-20 14:51:16 - [MESSAGE][PASSED] - Keys '*' sent to object: 'Object Repository/ADMIN/Edit Text/Bespoke/Seller Pages/Dashboard/input_Best Sellers_best-sellers'

2020-03-20 14:51:16 - [TEST_STEP][PASSED] - sendKeys(findTestObject("ADMIN/Edit Text/Bespoke/Seller Pages/Dashboard/input_Item ID_item-id"), "*"): Keys '*' sent to object: 'Object Repository/ADMIN/Edit Text/Bespoke/Seller Pages/Dashboard/input_Item ID_item-id'

2020-03-20 14:51:16 - [MESSAGE][PASSED] - Keys '*' sent to object: 'Object Repository/ADMIN/Edit Text/Bespoke/Seller Pages/Dashboard/input_Item ID_item-id'

2020-03-20 14:51:16 - [TEST_STEP][PASSED] - sendKeys(findTestObject("ADMIN/Edit Text/Bespoke/Seller Pages/Dashboard/input_Total Sales_total-sales1"), "*"): Keys '*' sent to object: 'Object Repository/ADMIN/Edit Text/Bespoke/Seller Pages/Dashboard/input_Total Sales_total-sales1'

2020-03-20 14:51:17 - [MESSAGE][PASSED] - Keys '*' sent to object: 'Object Repository/ADMIN/Edit Text/Bespoke/Seller Pages/Dashboard/input_Total Sales_total-sales1'

2020-03-20 14:51:17 - [TEST_STEP][PASSED] - sendKeys(findTestObject("ADMIN/Edit Text/Bespoke/Seller Pages/Dashboard/input_Item Sold_item-sold"), "*"): Keys '*' sent to object: 'Object Repository/ADMIN/Edit Text/Bespoke/Seller Pages/Dashboard/input_Item Sold_item-sold'

2020-03-20 14:51:17 - [MESSAGE][PASSED] - Keys '*' sent to object: 'Object Repository/ADMIN/Edit Text/Bespoke/Seller Pages/Dashboard/input_Item Sold_item-sold'

2020-03-20 14:51:17 - [TEST_STEP][PASSED] - sendKeys(findTestObject("ADMIN/Edit Text/Bespoke/Seller Pages/Dashboard/input_Top Viewed Items_top-viewed-item"), "*"): Keys '*' sent to object: 'Object Repository/ADMIN/Edit Text/Bespoke/Seller Pages/Dashboard/input_Top Viewed Items_top-viewed-item'

2020-03-20 14:51:17 - [MESSAGE][PASSED] - Keys '*' sent to object: 'Object Repository/ADMIN/Edit Text/Bespoke/Seller Pages/Dashboard/input_Top Viewed Items_top-viewed-item'

2020-03-20 14:51:17 - [TEST_STEP][PASSED] - sendKeys(findTestObject("ADMIN/Edit Text/Bespoke/Seller Pages/Dashboard/input_Total Views per Item_total-views-per-item"), "*"): Keys '*' sent to object: 'Object Repository/ADMIN/Edit Text/Bespoke/Seller Pages/Dashboard/input_Total Views per Item_total-views-per-item'

2020-03-20 14:51:17 - [MESSAGE][PASSED] - Keys '*' sent to object: 'Object Repository/ADMIN/Edit Text/Bespoke/Seller Pages/Dashboard/input_Total Views per Item_total-views-per-item'

2020-03-20 14:51:17 - [TEST_STEP][PASSED] - sendKeys(findTestObject("ADMIN/Edit Text/Bespoke/Seller Pages/Dashboard/input_Most Viewed_most-viewed"), "*"): Keys '*' sent to object: 'Object Repository/ADMIN/Edit Text/Bespoke/Seller Pages/Dashboard/input_Most Viewed_most-viewed'

2020-03-20 14:51:18 - [MESSAGE][PASSED] - Keys '*' sent to object: 'Object Repository/ADMIN/Edit Text/Bespoke/Seller Pages/Dashboard/input_Most Viewed_most-viewed'

2020-03-20 14:51:18 - [TEST_STEP][PASSED] - sendKeys(findTestObject("ADMIN/Edit Text/Bespoke/Seller Pages/Dashboard/input_Total Views_total-views"), "*"): Keys '*' sent to object: 'Object Repository/ADMIN/Edit Text/Bespoke/Seller Pages/Dashboard/input_Total Views_total-views'

2020-03-20 14:51:18 - [MESSAGE][PASSED] - Keys '*' sent to object: 'Object Repository/ADMIN/Edit Text/Bespoke/Seller Pages/Dashboard/input_Total Views_total-views'

2020-03-20 14:51:18 - [TEST_STEP][PASSED] - sendKeys(findTestObject("ADMIN/Edit Text/Bespoke/Seller Pages/Dashboard/input_Day_order-day"), "*"): Keys '*' sent to object: 'Object Repository/ADMIN/Edit Text/Bespoke/Seller Pages/Dashboard/input_Day_order-day'

2020-03-20 14:51:18 - [MESSAGE][PASSED] - Keys '*' sent to object: 'Object Repository/ADMIN/Edit Text/Bespoke/Seller Pages/Dashboard/input_Day_order-day'

2020-03-20 14:51:18 - [TEST_STEP][PASSED] - sendKeys(findTestObject("ADMIN/Edit Text/Bespoke/Seller Pages/Dashboard/input_Week_order-week"), "*"): Keys '*' sent to object: 'Object Repository/ADMIN/Edit Text/Bespoke/Seller Pages/Dashboard/input_Week_order-week'

2020-03-20 14:51:18 - [MESSAGE][PASSED] - Keys '*' sent to object: 'Object Repository/ADMIN/Edit Text/Bespoke/Seller Pages/Dashboard/input_Week_order-week'

2020-03-20 14:51:18 - [TEST_STEP][PASSED] - sendKeys(findTestObject("ADMIN/Edit Text/Bespoke/Seller Pages/Dashboard/input_Month_order-time"), "*"): Keys '*' sent to object: 'Object Repository/ADMIN/Edit Text/Bespoke/Seller Pages/Dashboard/input_Month_order-time'

2020-03-20 14:51:19 - [MESSAGE][PASSED] - Keys '*' sent to object: 'Object Repository/ADMIN/Edit Text/Bespoke/Seller Pages/Dashboard/input_Month_order-time'

2020-03-20 14:51:19 - [TEST_STEP][PASSED] - click(findTestObject("ADMIN/Edit Text/Bespoke/Buyer Pages/Homepage/button_save"), CONTINUE_ON_FAILURE): Object: 'Object Repository/ADMIN/Edit Text/Bespoke/Buyer Pages/Homepage/button_save' is clicked on

2020-03-20 14:51:19 - [MESSAGE][PASSED] - Object: 'Object Repository/ADMIN/Edit Text/Bespoke/Buyer Pages/Homepage/button_save' is clicked on

2020-03-20 14:51:19 - [TEST_STEP][PASSED] - waitForElementVisible(findTestObject("ADMIN/Edit Text/Bespoke/Buyer Pages/Homepage/toaster_success"), 0): Object 'Object Repository/ADMIN/Edit Text/Bespoke/Buyer Pages/Homepage/toaster_success' is visible

2020-03-20 14:51:19 - [MESSAGE][WARNING] - Timeout '0' is invalid. Using default page load timeout: '30'

2020-03-20 14:51:19 - [MESSAGE][PASSED] - Object 'Object Repository/ADMIN/Edit Text/Bespoke/Buyer Pages/Homepage/toaster_success' is visible]]></system-out>
         <system-err><![CDATA[]]></system-err>
      </testcase>
      <testcase name="Test Cases/ADMIN/Language/Edit Text/Bespoke/Seller/Order History Navigation" time="4.701" classname="Test Cases/ADMIN/Language/Edit Text/Bespoke/Seller/Order History Navigation" status="PASSED">
         <system-out><![CDATA[2020-03-20 14:51:19 - [TEST_CASE][PASSED] - Test Cases/ADMIN/Language/Edit Text/Bespoke/Seller/Order History Navigation: Test Cases/ADMIN/Language/Edit Text/Bespoke/Seller/Order History Navigation

2020-03-20 14:51:20 - [TEST_STEP][PASSED] - waitForElementVisible(findTestObject("ADMIN/Language/sidemenu_Language"), 0): Object 'Object Repository/ADMIN/Language/sidemenu_Language' is visible

2020-03-20 14:51:20 - [MESSAGE][WARNING] - Timeout '0' is invalid. Using default page load timeout: '30'

2020-03-20 14:51:20 - [MESSAGE][PASSED] - Object 'Object Repository/ADMIN/Language/sidemenu_Language' is visible

2020-03-20 14:51:20 - [TEST_STEP][PASSED] - click(findTestObject("ADMIN/Language/sidemenu_Language"), CONTINUE_ON_FAILURE): Object: 'Object Repository/ADMIN/Language/sidemenu_Language' is clicked on

2020-03-20 14:51:20 - [MESSAGE][PASSED] - Object: 'Object Repository/ADMIN/Language/sidemenu_Language' is clicked on

2020-03-20 14:51:20 - [TEST_STEP][PASSED] - waitForElementVisible(findTestObject("ADMIN/Language/sidemenu_Edit Text"), 0): Object 'Object Repository/ADMIN/Language/sidemenu_Edit Text' is visible

2020-03-20 14:51:20 - [MESSAGE][WARNING] - Timeout '0' is invalid. Using default page load timeout: '30'

2020-03-20 14:51:21 - [MESSAGE][PASSED] - Object 'Object Repository/ADMIN/Language/sidemenu_Edit Text' is visible

2020-03-20 14:51:21 - [TEST_STEP][PASSED] - click(findTestObject("ADMIN/Language/sidemenu_Edit Text"), CONTINUE_ON_FAILURE): Object: 'Object Repository/ADMIN/Language/sidemenu_Edit Text' is clicked on

2020-03-20 14:51:22 - [MESSAGE][PASSED] - Object: 'Object Repository/ADMIN/Language/sidemenu_Edit Text' is clicked on

2020-03-20 14:51:22 - [TEST_STEP][PASSED] - waitForElementVisible(findTestObject("ADMIN/Edit Text/Bespoke/Seller Navigation/dd_icon seller"), 0): Object 'Object Repository/ADMIN/Edit Text/Bespoke/Seller Navigation/dd_icon seller' is visible

2020-03-20 14:51:22 - [MESSAGE][WARNING] - Timeout '0' is invalid. Using default page load timeout: '30'

2020-03-20 14:51:22 - [MESSAGE][PASSED] - Object 'Object Repository/ADMIN/Edit Text/Bespoke/Seller Navigation/dd_icon seller' is visible

2020-03-20 14:51:22 - [TEST_STEP][PASSED] - click(findTestObject("ADMIN/Edit Text/Bespoke/Seller Navigation/dd_icon seller"), CONTINUE_ON_FAILURE): Object: 'Object Repository/ADMIN/Edit Text/Bespoke/Seller Navigation/dd_icon seller' is clicked on

2020-03-20 14:51:22 - [MESSAGE][PASSED] - Object: 'Object Repository/ADMIN/Edit Text/Bespoke/Seller Navigation/dd_icon seller' is clicked on

2020-03-20 14:51:22 - [TEST_STEP][PASSED] - waitForElementVisible(findTestObject("ADMIN/Edit Text/Bespoke/Seller Navigation/span_Order History"), 0): Object 'Object Repository/ADMIN/Edit Text/Bespoke/Seller Navigation/span_Order History' is visible

2020-03-20 14:51:22 - [MESSAGE][WARNING] - Timeout '0' is invalid. Using default page load timeout: '30'

2020-03-20 14:51:23 - [MESSAGE][PASSED] - Object 'Object Repository/ADMIN/Edit Text/Bespoke/Seller Navigation/span_Order History' is visible

2020-03-20 14:51:23 - [TEST_STEP][PASSED] - click(findTestObject("ADMIN/Edit Text/Bespoke/Seller Navigation/span_Order History"), CONTINUE_ON_FAILURE): Object: 'Object Repository/ADMIN/Edit Text/Bespoke/Seller Navigation/span_Order History' is clicked on

2020-03-20 14:51:24 - [MESSAGE][PASSED] - Object: 'Object Repository/ADMIN/Edit Text/Bespoke/Seller Navigation/span_Order History' is clicked on

2020-03-20 14:51:24 - [TEST_STEP][PASSED] - waitForElementVisible(findTestObject("ADMIN/Edit Text/Bespoke/Buyer Navigation/dd_language"), 0): Object 'Object Repository/ADMIN/Edit Text/Bespoke/Buyer Navigation/dd_language' is visible

2020-03-20 14:51:24 - [MESSAGE][WARNING] - Timeout '0' is invalid. Using default page load timeout: '30'

2020-03-20 14:51:24 - [MESSAGE][PASSED] - Object 'Object Repository/ADMIN/Edit Text/Bespoke/Buyer Navigation/dd_language' is visible]]></system-out>
         <system-err><![CDATA[]]></system-err>
      </testcase>
      <testcase name="Test Cases/ADMIN/Language/Edit Text/Bespoke/Seller/Order History" time="7.745" classname="Test Cases/ADMIN/Language/Edit Text/Bespoke/Seller/Order History" status="PASSED">
         <system-out><![CDATA[2020-03-20 14:51:24 - [TEST_CASE][PASSED] - Test Cases/ADMIN/Language/Edit Text/Bespoke/Seller/Order History: Test Cases/ADMIN/Language/Edit Text/Bespoke/Seller/Order History

2020-03-20 14:51:24 - [TEST_STEP][PASSED] - waitForElementVisible(findTestObject("ADMIN/Edit Text/Bespoke/Buyer Navigation/dd_language"), 0): Object 'Object Repository/ADMIN/Edit Text/Bespoke/Buyer Navigation/dd_language' is visible

2020-03-20 14:51:24 - [MESSAGE][WARNING] - Timeout '0' is invalid. Using default page load timeout: '30'

2020-03-20 14:51:24 - [MESSAGE][PASSED] - Object 'Object Repository/ADMIN/Edit Text/Bespoke/Buyer Navigation/dd_language' is visible

2020-03-20 14:51:24 - [TEST_STEP][PASSED] - selectOptionByLabel(findTestObject("ADMIN/Edit Text/Bespoke/Buyer Navigation/dd_language"), varLanguage, false): All options with label 'French' are selected in object 'Object Repository/ADMIN/Edit Text/Bespoke/Buyer Navigation/dd_language' 

2020-03-20 14:51:25 - [MESSAGE][PASSED] - All options with label 'French' are selected in object 'Object Repository/ADMIN/Edit Text/Bespoke/Buyer Navigation/dd_language' 

2020-03-20 14:51:25 - [TEST_STEP][PASSED] - sendKeys(findTestObject("ADMIN/Edit Text/Bespoke/Seller Pages/Order History/input_ORDERS_item_name"), "*"): Keys '*' sent to object: 'Object Repository/ADMIN/Edit Text/Bespoke/Seller Pages/Order History/input_ORDERS_item_name'

2020-03-20 14:51:26 - [MESSAGE][PASSED] - Keys '*' sent to object: 'Object Repository/ADMIN/Edit Text/Bespoke/Seller Pages/Order History/input_ORDERS_item_name'

2020-03-20 14:51:26 - [TEST_STEP][PASSED] - sendKeys(findTestObject("ADMIN/Edit Text/Bespoke/Seller Pages/Order History/input_manage all"), "*"): Keys '*' sent to object: 'Object Repository/ADMIN/Edit Text/Bespoke/Seller Pages/Order History/input_manage all'

2020-03-20 14:51:26 - [MESSAGE][PASSED] - Keys '*' sent to object: 'Object Repository/ADMIN/Edit Text/Bespoke/Seller Pages/Order History/input_manage all'

2020-03-20 14:51:26 - [TEST_STEP][PASSED] - sendKeys(findTestObject("ADMIN/Edit Text/Bespoke/Seller Pages/Order History/input_Search by Order ID_search-by"), "*"): Keys '*' sent to object: 'Object Repository/ADMIN/Edit Text/Bespoke/Seller Pages/Order History/input_Search by Order ID_search-by'

2020-03-20 14:51:26 - [MESSAGE][PASSED] - Keys '*' sent to object: 'Object Repository/ADMIN/Edit Text/Bespoke/Seller Pages/Order History/input_Search by Order ID_search-by'

2020-03-20 14:51:26 - [TEST_STEP][PASSED] - sendKeys(findTestObject("ADMIN/Edit Text/Bespoke/Seller Pages/Order History/input_CHANGE STATUS_btn_upload"), "*"): Keys '*' sent to object: 'Object Repository/ADMIN/Edit Text/Bespoke/Seller Pages/Order History/input_CHANGE STATUS_btn_upload'

2020-03-20 14:51:26 - [MESSAGE][PASSED] - Keys '*' sent to object: 'Object Repository/ADMIN/Edit Text/Bespoke/Seller Pages/Order History/input_CHANGE STATUS_btn_upload'

2020-03-20 14:51:26 - [TEST_STEP][PASSED] - sendKeys(findTestObject("ADMIN/Edit Text/Bespoke/Seller Pages/Order History/input_ORDER NO_order-id-txt"), "*"): Keys '*' sent to object: 'Object Repository/ADMIN/Edit Text/Bespoke/Seller Pages/Order History/input_ORDER NO_order-id-txt'

2020-03-20 14:51:27 - [MESSAGE][PASSED] - Keys '*' sent to object: 'Object Repository/ADMIN/Edit Text/Bespoke/Seller Pages/Order History/input_ORDER NO_order-id-txt'

2020-03-20 14:51:27 - [TEST_STEP][PASSED] - sendKeys(findTestObject("ADMIN/Edit Text/Bespoke/Seller Pages/Order History/input_INVOICE NO_invoice-id-txt"), "*"): Keys '*' sent to object: 'Object Repository/ADMIN/Edit Text/Bespoke/Seller Pages/Order History/input_INVOICE NO_invoice-id-txt'

2020-03-20 14:51:27 - [MESSAGE][PASSED] - Keys '*' sent to object: 'Object Repository/ADMIN/Edit Text/Bespoke/Seller Pages/Order History/input_INVOICE NO_invoice-id-txt'

2020-03-20 14:51:27 - [TEST_STEP][PASSED] - sendKeys(findTestObject("ADMIN/Edit Text/Bespoke/Seller Pages/Order History/input_TIMESTAMP_timestamp-txt"), "*"): Keys '*' sent to object: 'Object Repository/ADMIN/Edit Text/Bespoke/Seller Pages/Order History/input_TIMESTAMP_timestamp-txt'

2020-03-20 14:51:27 - [MESSAGE][PASSED] - Keys '*' sent to object: 'Object Repository/ADMIN/Edit Text/Bespoke/Seller Pages/Order History/input_TIMESTAMP_timestamp-txt'

2020-03-20 14:51:27 - [TEST_STEP][PASSED] - sendKeys(findTestObject("ADMIN/Edit Text/Bespoke/Seller Pages/Order History/input_ORDER TOTAL_item-txt"), "*"): Keys '*' sent to object: 'Object Repository/ADMIN/Edit Text/Bespoke/Seller Pages/Order History/input_ORDER TOTAL_item-txt'

2020-03-20 14:51:27 - [MESSAGE][PASSED] - Keys '*' sent to object: 'Object Repository/ADMIN/Edit Text/Bespoke/Seller Pages/Order History/input_ORDER TOTAL_item-txt'

2020-03-20 14:51:27 - [TEST_STEP][PASSED] - sendKeys(findTestObject("ADMIN/Edit Text/Bespoke/Seller Pages/Order History/input_NO OF ITEM(S)_qty-txt"), "*"): Keys '*' sent to object: 'Object Repository/ADMIN/Edit Text/Bespoke/Seller Pages/Order History/input_NO OF ITEM(S)_qty-txt'

2020-03-20 14:51:28 - [MESSAGE][PASSED] - Keys '*' sent to object: 'Object Repository/ADMIN/Edit Text/Bespoke/Seller Pages/Order History/input_NO OF ITEM(S)_qty-txt'

2020-03-20 14:51:28 - [TEST_STEP][PASSED] - sendKeys(findTestObject("ADMIN/Edit Text/Bespoke/Seller Pages/Order History/input_PAYMENT TYPE_delivery-txt"), "*"): Keys '*' sent to object: 'Object Repository/ADMIN/Edit Text/Bespoke/Seller Pages/Order History/input_PAYMENT TYPE_delivery-txt'

2020-03-20 14:51:28 - [MESSAGE][PASSED] - Keys '*' sent to object: 'Object Repository/ADMIN/Edit Text/Bespoke/Seller Pages/Order History/input_PAYMENT TYPE_delivery-txt'

2020-03-20 14:51:28 - [TEST_STEP][PASSED] - sendKeys(findTestObject("ADMIN/Edit Text/Bespoke/Seller Pages/Order History/input_ORDER STATUS_order-status-txt"), "*"): Keys '*' sent to object: 'Object Repository/ADMIN/Edit Text/Bespoke/Seller Pages/Order History/input_ORDER STATUS_order-status-txt'

2020-03-20 14:51:28 - [MESSAGE][PASSED] - Keys '*' sent to object: 'Object Repository/ADMIN/Edit Text/Bespoke/Seller Pages/Order History/input_ORDER STATUS_order-status-txt'

2020-03-20 14:51:28 - [TEST_STEP][PASSED] - sendKeys(findTestObject("ADMIN/Edit Text/Bespoke/Seller Pages/Order History/input_REVIEW_review-txt"), "*"): Keys '*' sent to object: 'Object Repository/ADMIN/Edit Text/Bespoke/Seller Pages/Order History/input_REVIEW_review-txt'

2020-03-20 14:51:28 - [MESSAGE][PASSED] - Keys '*' sent to object: 'Object Repository/ADMIN/Edit Text/Bespoke/Seller Pages/Order History/input_REVIEW_review-txt'

2020-03-20 14:51:28 - [TEST_STEP][PASSED] - sendKeys(findTestObject("ADMIN/Edit Text/Bespoke/Seller Pages/Order History/input_PAYMENT STATUS_payment-type-txt"), "*"): Keys '*' sent to object: 'Object Repository/ADMIN/Edit Text/Bespoke/Seller Pages/Order History/input_PAYMENT STATUS_payment-type-txt'

2020-03-20 14:51:29 - [MESSAGE][PASSED] - Keys '*' sent to object: 'Object Repository/ADMIN/Edit Text/Bespoke/Seller Pages/Order History/input_PAYMENT STATUS_payment-type-txt'

2020-03-20 14:51:29 - [TEST_STEP][PASSED] - sendKeys(findTestObject("ADMIN/Edit Text/Bespoke/Seller Pages/Order History/input_REFUNDED_payment-status-txt"), "*"): Keys '*' sent to object: 'Object Repository/ADMIN/Edit Text/Bespoke/Seller Pages/Order History/input_REFUNDED_payment-status-txt'

2020-03-20 14:51:29 - [MESSAGE][PASSED] - Keys '*' sent to object: 'Object Repository/ADMIN/Edit Text/Bespoke/Seller Pages/Order History/input_REFUNDED_payment-status-txt'

2020-03-20 14:51:29 - [TEST_STEP][PASSED] - sendKeys(findTestObject("ADMIN/Edit Text/Bespoke/Seller Pages/Order History/input_Delivery_Delivery"), "*"): Keys '*' sent to object: 'Object Repository/ADMIN/Edit Text/Bespoke/Seller Pages/Order History/input_Delivery_Delivery'

2020-03-20 14:51:29 - [MESSAGE][PASSED] - Keys '*' sent to object: 'Object Repository/ADMIN/Edit Text/Bespoke/Seller Pages/Order History/input_Delivery_Delivery'

2020-03-20 14:51:29 - [TEST_STEP][PASSED] - sendKeys(findTestObject("ADMIN/Edit Text/Bespoke/Seller Pages/Order History/input_Pick-up_Delivery"), "*"): Keys '*' sent to object: 'Object Repository/ADMIN/Edit Text/Bespoke/Seller Pages/Order History/input_Pick-up_Delivery'

2020-03-20 14:51:29 - [MESSAGE][PASSED] - Keys '*' sent to object: 'Object Repository/ADMIN/Edit Text/Bespoke/Seller Pages/Order History/input_Pick-up_Delivery'

2020-03-20 14:51:29 - [TEST_STEP][PASSED] - sendKeys(findTestObject("ADMIN/Edit Text/Bespoke/Seller Pages/Order History/input_New Review_new-review"), "*"): Keys '*' sent to object: 'Object Repository/ADMIN/Edit Text/Bespoke/Seller Pages/Order History/input_New Review_new-review'

2020-03-20 14:51:29 - [MESSAGE][PASSED] - Keys '*' sent to object: 'Object Repository/ADMIN/Edit Text/Bespoke/Seller Pages/Order History/input_New Review_new-review'

2020-03-20 14:51:29 - [TEST_STEP][PASSED] - sendKeys(findTestObject("ADMIN/Edit Text/Bespoke/Seller Pages/Order History/input_ORDER STATUS CHANGE_order-status-txt"), "*"): Keys '*' sent to object: 'Object Repository/ADMIN/Edit Text/Bespoke/Seller Pages/Order History/input_ORDER STATUS CHANGE_order-status-txt'

2020-03-20 14:51:30 - [MESSAGE][PASSED] - Keys '*' sent to object: 'Object Repository/ADMIN/Edit Text/Bespoke/Seller Pages/Order History/input_ORDER STATUS CHANGE_order-status-txt'

2020-03-20 14:51:30 - [TEST_STEP][PASSED] - sendKeys(findTestObject("ADMIN/Edit Text/Bespoke/Seller Pages/Order History/input_you will only"), "*"): Keys '*' sent to object: 'Object Repository/ADMIN/Edit Text/Bespoke/Seller Pages/Order History/input_you will only'

2020-03-20 14:51:30 - [MESSAGE][PASSED] - Keys '*' sent to object: 'Object Repository/ADMIN/Edit Text/Bespoke/Seller Pages/Order History/input_you will only'

2020-03-20 14:51:30 - [TEST_STEP][PASSED] - sendKeys(findTestObject("ADMIN/Edit Text/Bespoke/Seller Pages/Order History/input_Your order(s) selected delivery type is_popup-title2"), "*"): Keys '*' sent to object: 'Object Repository/ADMIN/Edit Text/Bespoke/Seller Pages/Order History/input_Your order(s) selected delivery type is_popup-title2'

2020-03-20 14:51:30 - [MESSAGE][PASSED] - Keys '*' sent to object: 'Object Repository/ADMIN/Edit Text/Bespoke/Seller Pages/Order History/input_Your order(s) selected delivery type is_popup-title2'

2020-03-20 14:51:30 - [TEST_STEP][PASSED] - sendKeys(findTestObject("ADMIN/Edit Text/Bespoke/Seller Pages/Order History/input_Your order(s) selected delivery type is_popup-title3"), "*"): Keys '*' sent to object: 'Object Repository/ADMIN/Edit Text/Bespoke/Seller Pages/Order History/input_Your order(s) selected delivery type is_popup-title3'

2020-03-20 14:51:30 - [MESSAGE][PASSED] - Keys '*' sent to object: 'Object Repository/ADMIN/Edit Text/Bespoke/Seller Pages/Order History/input_Your order(s) selected delivery type is_popup-title3'

2020-03-20 14:51:30 - [TEST_STEP][PASSED] - sendKeys(findTestObject("ADMIN/Edit Text/Bespoke/Seller Pages/Order History/input_Change Status_btn_okay"), "*"): Keys '*' sent to object: 'Object Repository/ADMIN/Edit Text/Bespoke/Seller Pages/Order History/input_Change Status_btn_okay'

2020-03-20 14:51:30 - [MESSAGE][PASSED] - Keys '*' sent to object: 'Object Repository/ADMIN/Edit Text/Bespoke/Seller Pages/Order History/input_Change Status_btn_okay'

2020-03-20 14:51:30 - [TEST_STEP][PASSED] - sendKeys(findTestObject("ADMIN/Edit Text/Bespoke/Seller Pages/Order History/input_STATUS CHANGED_popup-title"), "*"): Keys '*' sent to object: 'Object Repository/ADMIN/Edit Text/Bespoke/Seller Pages/Order History/input_STATUS CHANGED_popup-title'

2020-03-20 14:51:31 - [MESSAGE][PASSED] - Keys '*' sent to object: 'Object Repository/ADMIN/Edit Text/Bespoke/Seller Pages/Order History/input_STATUS CHANGED_popup-title'

2020-03-20 14:51:31 - [TEST_STEP][PASSED] - sendKeys(findTestObject("ADMIN/Edit Text/Bespoke/Seller Pages/Order History/textarea_The order status for this item has been updated"), "*"): Keys '*' sent to object: 'Object Repository/ADMIN/Edit Text/Bespoke/Seller Pages/Order History/textarea_The order status for this item has been updated'

2020-03-20 14:51:31 - [MESSAGE][PASSED] - Keys '*' sent to object: 'Object Repository/ADMIN/Edit Text/Bespoke/Seller Pages/Order History/textarea_The order status for this item has been updated'

2020-03-20 14:51:31 - [TEST_STEP][PASSED] - sendKeys(findTestObject("ADMIN/Edit Text/Bespoke/Seller Pages/Order History/input_Okay_btn_okay"), "*"): Keys '*' sent to object: 'Object Repository/ADMIN/Edit Text/Bespoke/Seller Pages/Order History/input_Okay_btn_okay'

2020-03-20 14:51:31 - [MESSAGE][PASSED] - Keys '*' sent to object: 'Object Repository/ADMIN/Edit Text/Bespoke/Seller Pages/Order History/input_Okay_btn_okay'

2020-03-20 14:51:31 - [TEST_STEP][PASSED] - click(findTestObject("ADMIN/Edit Text/Bespoke/Buyer Pages/Homepage/button_save"), CONTINUE_ON_FAILURE): Object: 'Object Repository/ADMIN/Edit Text/Bespoke/Buyer Pages/Homepage/button_save' is clicked on

2020-03-20 14:51:31 - [MESSAGE][PASSED] - Object: 'Object Repository/ADMIN/Edit Text/Bespoke/Buyer Pages/Homepage/button_save' is clicked on

2020-03-20 14:51:31 - [TEST_STEP][PASSED] - waitForElementVisible(findTestObject("ADMIN/Edit Text/Bespoke/Buyer Pages/Homepage/toaster_success"), 0): Object 'Object Repository/ADMIN/Edit Text/Bespoke/Buyer Pages/Homepage/toaster_success' is visible

2020-03-20 14:51:31 - [MESSAGE][WARNING] - Timeout '0' is invalid. Using default page load timeout: '30'

2020-03-20 14:51:32 - [MESSAGE][PASSED] - Object 'Object Repository/ADMIN/Edit Text/Bespoke/Buyer Pages/Homepage/toaster_success' is visible]]></system-out>
         <system-err><![CDATA[]]></system-err>
      </testcase>
      <testcase name="Test Cases/ADMIN/Language/Edit Text/Bespoke/Seller/Order History" time="8.4" classname="Test Cases/ADMIN/Language/Edit Text/Bespoke/Seller/Order History" status="PASSED">
         <system-out><![CDATA[2020-03-20 14:51:32 - [TEST_CASE][PASSED] - Test Cases/ADMIN/Language/Edit Text/Bespoke/Seller/Order History: Test Cases/ADMIN/Language/Edit Text/Bespoke/Seller/Order History

2020-03-20 14:51:32 - [TEST_STEP][PASSED] - waitForElementVisible(findTestObject("ADMIN/Edit Text/Bespoke/Buyer Navigation/dd_language"), 0): Object 'Object Repository/ADMIN/Edit Text/Bespoke/Buyer Navigation/dd_language' is visible

2020-03-20 14:51:32 - [MESSAGE][WARNING] - Timeout '0' is invalid. Using default page load timeout: '30'

2020-03-20 14:51:32 - [MESSAGE][PASSED] - Object 'Object Repository/ADMIN/Edit Text/Bespoke/Buyer Navigation/dd_language' is visible

2020-03-20 14:51:32 - [TEST_STEP][PASSED] - selectOptionByLabel(findTestObject("ADMIN/Edit Text/Bespoke/Buyer Navigation/dd_language"), varLanguage, false): All options with label 'Spanish' are selected in object 'Object Repository/ADMIN/Edit Text/Bespoke/Buyer Navigation/dd_language' 

2020-03-20 14:51:33 - [MESSAGE][PASSED] - All options with label 'Spanish' are selected in object 'Object Repository/ADMIN/Edit Text/Bespoke/Buyer Navigation/dd_language' 

2020-03-20 14:51:33 - [TEST_STEP][PASSED] - sendKeys(findTestObject("ADMIN/Edit Text/Bespoke/Seller Pages/Order History/input_ORDERS_item_name"), "*"): Keys '*' sent to object: 'Object Repository/ADMIN/Edit Text/Bespoke/Seller Pages/Order History/input_ORDERS_item_name'

2020-03-20 14:51:34 - [MESSAGE][PASSED] - Keys '*' sent to object: 'Object Repository/ADMIN/Edit Text/Bespoke/Seller Pages/Order History/input_ORDERS_item_name'

2020-03-20 14:51:34 - [TEST_STEP][PASSED] - sendKeys(findTestObject("ADMIN/Edit Text/Bespoke/Seller Pages/Order History/input_manage all"), "*"): Keys '*' sent to object: 'Object Repository/ADMIN/Edit Text/Bespoke/Seller Pages/Order History/input_manage all'

2020-03-20 14:51:34 - [MESSAGE][PASSED] - Keys '*' sent to object: 'Object Repository/ADMIN/Edit Text/Bespoke/Seller Pages/Order History/input_manage all'

2020-03-20 14:51:34 - [TEST_STEP][PASSED] - sendKeys(findTestObject("ADMIN/Edit Text/Bespoke/Seller Pages/Order History/input_Search by Order ID_search-by"), "*"): Keys '*' sent to object: 'Object Repository/ADMIN/Edit Text/Bespoke/Seller Pages/Order History/input_Search by Order ID_search-by'

2020-03-20 14:51:34 - [MESSAGE][PASSED] - Keys '*' sent to object: 'Object Repository/ADMIN/Edit Text/Bespoke/Seller Pages/Order History/input_Search by Order ID_search-by'

2020-03-20 14:51:34 - [TEST_STEP][PASSED] - sendKeys(findTestObject("ADMIN/Edit Text/Bespoke/Seller Pages/Order History/input_CHANGE STATUS_btn_upload"), "*"): Keys '*' sent to object: 'Object Repository/ADMIN/Edit Text/Bespoke/Seller Pages/Order History/input_CHANGE STATUS_btn_upload'

2020-03-20 14:51:34 - [MESSAGE][PASSED] - Keys '*' sent to object: 'Object Repository/ADMIN/Edit Text/Bespoke/Seller Pages/Order History/input_CHANGE STATUS_btn_upload'

2020-03-20 14:51:34 - [TEST_STEP][PASSED] - sendKeys(findTestObject("ADMIN/Edit Text/Bespoke/Seller Pages/Order History/input_ORDER NO_order-id-txt"), "*"): Keys '*' sent to object: 'Object Repository/ADMIN/Edit Text/Bespoke/Seller Pages/Order History/input_ORDER NO_order-id-txt'

2020-03-20 14:51:35 - [MESSAGE][PASSED] - Keys '*' sent to object: 'Object Repository/ADMIN/Edit Text/Bespoke/Seller Pages/Order History/input_ORDER NO_order-id-txt'

2020-03-20 14:51:35 - [TEST_STEP][PASSED] - sendKeys(findTestObject("ADMIN/Edit Text/Bespoke/Seller Pages/Order History/input_INVOICE NO_invoice-id-txt"), "*"): Keys '*' sent to object: 'Object Repository/ADMIN/Edit Text/Bespoke/Seller Pages/Order History/input_INVOICE NO_invoice-id-txt'

2020-03-20 14:51:35 - [MESSAGE][PASSED] - Keys '*' sent to object: 'Object Repository/ADMIN/Edit Text/Bespoke/Seller Pages/Order History/input_INVOICE NO_invoice-id-txt'

2020-03-20 14:51:35 - [TEST_STEP][PASSED] - sendKeys(findTestObject("ADMIN/Edit Text/Bespoke/Seller Pages/Order History/input_TIMESTAMP_timestamp-txt"), "*"): Keys '*' sent to object: 'Object Repository/ADMIN/Edit Text/Bespoke/Seller Pages/Order History/input_TIMESTAMP_timestamp-txt'

2020-03-20 14:51:35 - [MESSAGE][PASSED] - Keys '*' sent to object: 'Object Repository/ADMIN/Edit Text/Bespoke/Seller Pages/Order History/input_TIMESTAMP_timestamp-txt'

2020-03-20 14:51:35 - [TEST_STEP][PASSED] - sendKeys(findTestObject("ADMIN/Edit Text/Bespoke/Seller Pages/Order History/input_ORDER TOTAL_item-txt"), "*"): Keys '*' sent to object: 'Object Repository/ADMIN/Edit Text/Bespoke/Seller Pages/Order History/input_ORDER TOTAL_item-txt'

2020-03-20 14:51:35 - [MESSAGE][PASSED] - Keys '*' sent to object: 'Object Repository/ADMIN/Edit Text/Bespoke/Seller Pages/Order History/input_ORDER TOTAL_item-txt'

2020-03-20 14:51:35 - [TEST_STEP][PASSED] - sendKeys(findTestObject("ADMIN/Edit Text/Bespoke/Seller Pages/Order History/input_NO OF ITEM(S)_qty-txt"), "*"): Keys '*' sent to object: 'Object Repository/ADMIN/Edit Text/Bespoke/Seller Pages/Order History/input_NO OF ITEM(S)_qty-txt'

2020-03-20 14:51:35 - [MESSAGE][PASSED] - Keys '*' sent to object: 'Object Repository/ADMIN/Edit Text/Bespoke/Seller Pages/Order History/input_NO OF ITEM(S)_qty-txt'

2020-03-20 14:51:35 - [TEST_STEP][PASSED] - sendKeys(findTestObject("ADMIN/Edit Text/Bespoke/Seller Pages/Order History/input_PAYMENT TYPE_delivery-txt"), "*"): Keys '*' sent to object: 'Object Repository/ADMIN/Edit Text/Bespoke/Seller Pages/Order History/input_PAYMENT TYPE_delivery-txt'

2020-03-20 14:51:36 - [MESSAGE][PASSED] - Keys '*' sent to object: 'Object Repository/ADMIN/Edit Text/Bespoke/Seller Pages/Order History/input_PAYMENT TYPE_delivery-txt'

2020-03-20 14:51:36 - [TEST_STEP][PASSED] - sendKeys(findTestObject("ADMIN/Edit Text/Bespoke/Seller Pages/Order History/input_ORDER STATUS_order-status-txt"), "*"): Keys '*' sent to object: 'Object Repository/ADMIN/Edit Text/Bespoke/Seller Pages/Order History/input_ORDER STATUS_order-status-txt'

2020-03-20 14:51:36 - [MESSAGE][PASSED] - Keys '*' sent to object: 'Object Repository/ADMIN/Edit Text/Bespoke/Seller Pages/Order History/input_ORDER STATUS_order-status-txt'

2020-03-20 14:51:36 - [TEST_STEP][PASSED] - sendKeys(findTestObject("ADMIN/Edit Text/Bespoke/Seller Pages/Order History/input_REVIEW_review-txt"), "*"): Keys '*' sent to object: 'Object Repository/ADMIN/Edit Text/Bespoke/Seller Pages/Order History/input_REVIEW_review-txt'

2020-03-20 14:51:36 - [MESSAGE][PASSED] - Keys '*' sent to object: 'Object Repository/ADMIN/Edit Text/Bespoke/Seller Pages/Order History/input_REVIEW_review-txt'

2020-03-20 14:51:36 - [TEST_STEP][PASSED] - sendKeys(findTestObject("ADMIN/Edit Text/Bespoke/Seller Pages/Order History/input_PAYMENT STATUS_payment-type-txt"), "*"): Keys '*' sent to object: 'Object Repository/ADMIN/Edit Text/Bespoke/Seller Pages/Order History/input_PAYMENT STATUS_payment-type-txt'

2020-03-20 14:51:36 - [MESSAGE][PASSED] - Keys '*' sent to object: 'Object Repository/ADMIN/Edit Text/Bespoke/Seller Pages/Order History/input_PAYMENT STATUS_payment-type-txt'

2020-03-20 14:51:36 - [TEST_STEP][PASSED] - sendKeys(findTestObject("ADMIN/Edit Text/Bespoke/Seller Pages/Order History/input_REFUNDED_payment-status-txt"), "*"): Keys '*' sent to object: 'Object Repository/ADMIN/Edit Text/Bespoke/Seller Pages/Order History/input_REFUNDED_payment-status-txt'

2020-03-20 14:51:36 - [MESSAGE][PASSED] - Keys '*' sent to object: 'Object Repository/ADMIN/Edit Text/Bespoke/Seller Pages/Order History/input_REFUNDED_payment-status-txt'

2020-03-20 14:51:36 - [TEST_STEP][PASSED] - sendKeys(findTestObject("ADMIN/Edit Text/Bespoke/Seller Pages/Order History/input_Delivery_Delivery"), "*"): Keys '*' sent to object: 'Object Repository/ADMIN/Edit Text/Bespoke/Seller Pages/Order History/input_Delivery_Delivery'

2020-03-20 14:51:37 - [MESSAGE][PASSED] - Keys '*' sent to object: 'Object Repository/ADMIN/Edit Text/Bespoke/Seller Pages/Order History/input_Delivery_Delivery'

2020-03-20 14:51:37 - [TEST_STEP][PASSED] - sendKeys(findTestObject("ADMIN/Edit Text/Bespoke/Seller Pages/Order History/input_Pick-up_Delivery"), "*"): Keys '*' sent to object: 'Object Repository/ADMIN/Edit Text/Bespoke/Seller Pages/Order History/input_Pick-up_Delivery'

2020-03-20 14:51:37 - [MESSAGE][PASSED] - Keys '*' sent to object: 'Object Repository/ADMIN/Edit Text/Bespoke/Seller Pages/Order History/input_Pick-up_Delivery'

2020-03-20 14:51:37 - [TEST_STEP][PASSED] - sendKeys(findTestObject("ADMIN/Edit Text/Bespoke/Seller Pages/Order History/input_New Review_new-review"), "*"): Keys '*' sent to object: 'Object Repository/ADMIN/Edit Text/Bespoke/Seller Pages/Order History/input_New Review_new-review'

2020-03-20 14:51:37 - [MESSAGE][PASSED] - Keys '*' sent to object: 'Object Repository/ADMIN/Edit Text/Bespoke/Seller Pages/Order History/input_New Review_new-review'

2020-03-20 14:51:37 - [TEST_STEP][PASSED] - sendKeys(findTestObject("ADMIN/Edit Text/Bespoke/Seller Pages/Order History/input_ORDER STATUS CHANGE_order-status-txt"), "*"): Keys '*' sent to object: 'Object Repository/ADMIN/Edit Text/Bespoke/Seller Pages/Order History/input_ORDER STATUS CHANGE_order-status-txt'

2020-03-20 14:51:38 - [MESSAGE][PASSED] - Keys '*' sent to object: 'Object Repository/ADMIN/Edit Text/Bespoke/Seller Pages/Order History/input_ORDER STATUS CHANGE_order-status-txt'

2020-03-20 14:51:38 - [TEST_STEP][PASSED] - sendKeys(findTestObject("ADMIN/Edit Text/Bespoke/Seller Pages/Order History/input_you will only"), "*"): Keys '*' sent to object: 'Object Repository/ADMIN/Edit Text/Bespoke/Seller Pages/Order History/input_you will only'

2020-03-20 14:51:38 - [MESSAGE][PASSED] - Keys '*' sent to object: 'Object Repository/ADMIN/Edit Text/Bespoke/Seller Pages/Order History/input_you will only'

2020-03-20 14:51:38 - [TEST_STEP][PASSED] - sendKeys(findTestObject("ADMIN/Edit Text/Bespoke/Seller Pages/Order History/input_Your order(s) selected delivery type is_popup-title2"), "*"): Keys '*' sent to object: 'Object Repository/ADMIN/Edit Text/Bespoke/Seller Pages/Order History/input_Your order(s) selected delivery type is_popup-title2'

2020-03-20 14:51:38 - [MESSAGE][PASSED] - Keys '*' sent to object: 'Object Repository/ADMIN/Edit Text/Bespoke/Seller Pages/Order History/input_Your order(s) selected delivery type is_popup-title2'

2020-03-20 14:51:38 - [TEST_STEP][PASSED] - sendKeys(findTestObject("ADMIN/Edit Text/Bespoke/Seller Pages/Order History/input_Your order(s) selected delivery type is_popup-title3"), "*"): Keys '*' sent to object: 'Object Repository/ADMIN/Edit Text/Bespoke/Seller Pages/Order History/input_Your order(s) selected delivery type is_popup-title3'

2020-03-20 14:51:39 - [MESSAGE][PASSED] - Keys '*' sent to object: 'Object Repository/ADMIN/Edit Text/Bespoke/Seller Pages/Order History/input_Your order(s) selected delivery type is_popup-title3'

2020-03-20 14:51:39 - [TEST_STEP][PASSED] - sendKeys(findTestObject("ADMIN/Edit Text/Bespoke/Seller Pages/Order History/input_Change Status_btn_okay"), "*"): Keys '*' sent to object: 'Object Repository/ADMIN/Edit Text/Bespoke/Seller Pages/Order History/input_Change Status_btn_okay'

2020-03-20 14:51:39 - [MESSAGE][PASSED] - Keys '*' sent to object: 'Object Repository/ADMIN/Edit Text/Bespoke/Seller Pages/Order History/input_Change Status_btn_okay'

2020-03-20 14:51:39 - [TEST_STEP][PASSED] - sendKeys(findTestObject("ADMIN/Edit Text/Bespoke/Seller Pages/Order History/input_STATUS CHANGED_popup-title"), "*"): Keys '*' sent to object: 'Object Repository/ADMIN/Edit Text/Bespoke/Seller Pages/Order History/input_STATUS CHANGED_popup-title'

2020-03-20 14:51:39 - [MESSAGE][PASSED] - Keys '*' sent to object: 'Object Repository/ADMIN/Edit Text/Bespoke/Seller Pages/Order History/input_STATUS CHANGED_popup-title'

2020-03-20 14:51:39 - [TEST_STEP][PASSED] - sendKeys(findTestObject("ADMIN/Edit Text/Bespoke/Seller Pages/Order History/textarea_The order status for this item has been updated"), "*"): Keys '*' sent to object: 'Object Repository/ADMIN/Edit Text/Bespoke/Seller Pages/Order History/textarea_The order status for this item has been updated'

2020-03-20 14:51:39 - [MESSAGE][PASSED] - Keys '*' sent to object: 'Object Repository/ADMIN/Edit Text/Bespoke/Seller Pages/Order History/textarea_The order status for this item has been updated'

2020-03-20 14:51:39 - [TEST_STEP][PASSED] - sendKeys(findTestObject("ADMIN/Edit Text/Bespoke/Seller Pages/Order History/input_Okay_btn_okay"), "*"): Keys '*' sent to object: 'Object Repository/ADMIN/Edit Text/Bespoke/Seller Pages/Order History/input_Okay_btn_okay'

2020-03-20 14:51:39 - [MESSAGE][PASSED] - Keys '*' sent to object: 'Object Repository/ADMIN/Edit Text/Bespoke/Seller Pages/Order History/input_Okay_btn_okay'

2020-03-20 14:51:39 - [TEST_STEP][PASSED] - click(findTestObject("ADMIN/Edit Text/Bespoke/Buyer Pages/Homepage/button_save"), CONTINUE_ON_FAILURE): Object: 'Object Repository/ADMIN/Edit Text/Bespoke/Buyer Pages/Homepage/button_save' is clicked on

2020-03-20 14:51:40 - [MESSAGE][PASSED] - Object: 'Object Repository/ADMIN/Edit Text/Bespoke/Buyer Pages/Homepage/button_save' is clicked on

2020-03-20 14:51:40 - [TEST_STEP][PASSED] - waitForElementVisible(findTestObject("ADMIN/Edit Text/Bespoke/Buyer Pages/Homepage/toaster_success"), 0): Object 'Object Repository/ADMIN/Edit Text/Bespoke/Buyer Pages/Homepage/toaster_success' is visible

2020-03-20 14:51:40 - [MESSAGE][WARNING] - Timeout '0' is invalid. Using default page load timeout: '30'

2020-03-20 14:51:40 - [MESSAGE][PASSED] - Object 'Object Repository/ADMIN/Edit Text/Bespoke/Buyer Pages/Homepage/toaster_success' is visible]]></system-out>
         <system-err><![CDATA[]]></system-err>
      </testcase>
      <testcase name="Test Cases/ADMIN/Language/Edit Text/Bespoke/Seller/Order History" time="7.881" classname="Test Cases/ADMIN/Language/Edit Text/Bespoke/Seller/Order History" status="PASSED">
         <system-out><![CDATA[2020-03-20 14:51:40 - [TEST_CASE][PASSED] - Test Cases/ADMIN/Language/Edit Text/Bespoke/Seller/Order History: Test Cases/ADMIN/Language/Edit Text/Bespoke/Seller/Order History

2020-03-20 14:51:40 - [TEST_STEP][PASSED] - waitForElementVisible(findTestObject("ADMIN/Edit Text/Bespoke/Buyer Navigation/dd_language"), 0): Object 'Object Repository/ADMIN/Edit Text/Bespoke/Buyer Navigation/dd_language' is visible

2020-03-20 14:51:40 - [MESSAGE][WARNING] - Timeout '0' is invalid. Using default page load timeout: '30'

2020-03-20 14:51:41 - [MESSAGE][PASSED] - Object 'Object Repository/ADMIN/Edit Text/Bespoke/Buyer Navigation/dd_language' is visible

2020-03-20 14:51:41 - [TEST_STEP][PASSED] - selectOptionByLabel(findTestObject("ADMIN/Edit Text/Bespoke/Buyer Navigation/dd_language"), varLanguage, false): All options with label 'Hindi' are selected in object 'Object Repository/ADMIN/Edit Text/Bespoke/Buyer Navigation/dd_language' 

2020-03-20 14:51:42 - [MESSAGE][PASSED] - All options with label 'Hindi' are selected in object 'Object Repository/ADMIN/Edit Text/Bespoke/Buyer Navigation/dd_language' 

2020-03-20 14:51:42 - [TEST_STEP][PASSED] - sendKeys(findTestObject("ADMIN/Edit Text/Bespoke/Seller Pages/Order History/input_ORDERS_item_name"), "*"): Keys '*' sent to object: 'Object Repository/ADMIN/Edit Text/Bespoke/Seller Pages/Order History/input_ORDERS_item_name'

2020-03-20 14:51:42 - [MESSAGE][PASSED] - Keys '*' sent to object: 'Object Repository/ADMIN/Edit Text/Bespoke/Seller Pages/Order History/input_ORDERS_item_name'

2020-03-20 14:51:42 - [TEST_STEP][PASSED] - sendKeys(findTestObject("ADMIN/Edit Text/Bespoke/Seller Pages/Order History/input_manage all"), "*"): Keys '*' sent to object: 'Object Repository/ADMIN/Edit Text/Bespoke/Seller Pages/Order History/input_manage all'

2020-03-20 14:51:42 - [MESSAGE][PASSED] - Keys '*' sent to object: 'Object Repository/ADMIN/Edit Text/Bespoke/Seller Pages/Order History/input_manage all'

2020-03-20 14:51:42 - [TEST_STEP][PASSED] - sendKeys(findTestObject("ADMIN/Edit Text/Bespoke/Seller Pages/Order History/input_Search by Order ID_search-by"), "*"): Keys '*' sent to object: 'Object Repository/ADMIN/Edit Text/Bespoke/Seller Pages/Order History/input_Search by Order ID_search-by'

2020-03-20 14:51:42 - [MESSAGE][PASSED] - Keys '*' sent to object: 'Object Repository/ADMIN/Edit Text/Bespoke/Seller Pages/Order History/input_Search by Order ID_search-by'

2020-03-20 14:51:42 - [TEST_STEP][PASSED] - sendKeys(findTestObject("ADMIN/Edit Text/Bespoke/Seller Pages/Order History/input_CHANGE STATUS_btn_upload"), "*"): Keys '*' sent to object: 'Object Repository/ADMIN/Edit Text/Bespoke/Seller Pages/Order History/input_CHANGE STATUS_btn_upload'

2020-03-20 14:51:42 - [MESSAGE][PASSED] - Keys '*' sent to object: 'Object Repository/ADMIN/Edit Text/Bespoke/Seller Pages/Order History/input_CHANGE STATUS_btn_upload'

2020-03-20 14:51:42 - [TEST_STEP][PASSED] - sendKeys(findTestObject("ADMIN/Edit Text/Bespoke/Seller Pages/Order History/input_ORDER NO_order-id-txt"), "*"): Keys '*' sent to object: 'Object Repository/ADMIN/Edit Text/Bespoke/Seller Pages/Order History/input_ORDER NO_order-id-txt'

2020-03-20 14:51:43 - [MESSAGE][PASSED] - Keys '*' sent to object: 'Object Repository/ADMIN/Edit Text/Bespoke/Seller Pages/Order History/input_ORDER NO_order-id-txt'

2020-03-20 14:51:43 - [TEST_STEP][PASSED] - sendKeys(findTestObject("ADMIN/Edit Text/Bespoke/Seller Pages/Order History/input_INVOICE NO_invoice-id-txt"), "*"): Keys '*' sent to object: 'Object Repository/ADMIN/Edit Text/Bespoke/Seller Pages/Order History/input_INVOICE NO_invoice-id-txt'

2020-03-20 14:51:43 - [MESSAGE][PASSED] - Keys '*' sent to object: 'Object Repository/ADMIN/Edit Text/Bespoke/Seller Pages/Order History/input_INVOICE NO_invoice-id-txt'

2020-03-20 14:51:43 - [TEST_STEP][PASSED] - sendKeys(findTestObject("ADMIN/Edit Text/Bespoke/Seller Pages/Order History/input_TIMESTAMP_timestamp-txt"), "*"): Keys '*' sent to object: 'Object Repository/ADMIN/Edit Text/Bespoke/Seller Pages/Order History/input_TIMESTAMP_timestamp-txt'

2020-03-20 14:51:43 - [MESSAGE][PASSED] - Keys '*' sent to object: 'Object Repository/ADMIN/Edit Text/Bespoke/Seller Pages/Order History/input_TIMESTAMP_timestamp-txt'

2020-03-20 14:51:43 - [TEST_STEP][PASSED] - sendKeys(findTestObject("ADMIN/Edit Text/Bespoke/Seller Pages/Order History/input_ORDER TOTAL_item-txt"), "*"): Keys '*' sent to object: 'Object Repository/ADMIN/Edit Text/Bespoke/Seller Pages/Order History/input_ORDER TOTAL_item-txt'

2020-03-20 14:51:44 - [MESSAGE][PASSED] - Keys '*' sent to object: 'Object Repository/ADMIN/Edit Text/Bespoke/Seller Pages/Order History/input_ORDER TOTAL_item-txt'

2020-03-20 14:51:44 - [TEST_STEP][PASSED] - sendKeys(findTestObject("ADMIN/Edit Text/Bespoke/Seller Pages/Order History/input_NO OF ITEM(S)_qty-txt"), "*"): Keys '*' sent to object: 'Object Repository/ADMIN/Edit Text/Bespoke/Seller Pages/Order History/input_NO OF ITEM(S)_qty-txt'

2020-03-20 14:51:44 - [MESSAGE][PASSED] - Keys '*' sent to object: 'Object Repository/ADMIN/Edit Text/Bespoke/Seller Pages/Order History/input_NO OF ITEM(S)_qty-txt'

2020-03-20 14:51:44 - [TEST_STEP][PASSED] - sendKeys(findTestObject("ADMIN/Edit Text/Bespoke/Seller Pages/Order History/input_PAYMENT TYPE_delivery-txt"), "*"): Keys '*' sent to object: 'Object Repository/ADMIN/Edit Text/Bespoke/Seller Pages/Order History/input_PAYMENT TYPE_delivery-txt'

2020-03-20 14:51:44 - [MESSAGE][PASSED] - Keys '*' sent to object: 'Object Repository/ADMIN/Edit Text/Bespoke/Seller Pages/Order History/input_PAYMENT TYPE_delivery-txt'

2020-03-20 14:51:44 - [TEST_STEP][PASSED] - sendKeys(findTestObject("ADMIN/Edit Text/Bespoke/Seller Pages/Order History/input_ORDER STATUS_order-status-txt"), "*"): Keys '*' sent to object: 'Object Repository/ADMIN/Edit Text/Bespoke/Seller Pages/Order History/input_ORDER STATUS_order-status-txt'

2020-03-20 14:51:44 - [MESSAGE][PASSED] - Keys '*' sent to object: 'Object Repository/ADMIN/Edit Text/Bespoke/Seller Pages/Order History/input_ORDER STATUS_order-status-txt'

2020-03-20 14:51:44 - [TEST_STEP][PASSED] - sendKeys(findTestObject("ADMIN/Edit Text/Bespoke/Seller Pages/Order History/input_REVIEW_review-txt"), "*"): Keys '*' sent to object: 'Object Repository/ADMIN/Edit Text/Bespoke/Seller Pages/Order History/input_REVIEW_review-txt'

2020-03-20 14:51:44 - [MESSAGE][PASSED] - Keys '*' sent to object: 'Object Repository/ADMIN/Edit Text/Bespoke/Seller Pages/Order History/input_REVIEW_review-txt'

2020-03-20 14:51:44 - [TEST_STEP][PASSED] - sendKeys(findTestObject("ADMIN/Edit Text/Bespoke/Seller Pages/Order History/input_PAYMENT STATUS_payment-type-txt"), "*"): Keys '*' sent to object: 'Object Repository/ADMIN/Edit Text/Bespoke/Seller Pages/Order History/input_PAYMENT STATUS_payment-type-txt'

2020-03-20 14:51:45 - [MESSAGE][PASSED] - Keys '*' sent to object: 'Object Repository/ADMIN/Edit Text/Bespoke/Seller Pages/Order History/input_PAYMENT STATUS_payment-type-txt'

2020-03-20 14:51:45 - [TEST_STEP][PASSED] - sendKeys(findTestObject("ADMIN/Edit Text/Bespoke/Seller Pages/Order History/input_REFUNDED_payment-status-txt"), "*"): Keys '*' sent to object: 'Object Repository/ADMIN/Edit Text/Bespoke/Seller Pages/Order History/input_REFUNDED_payment-status-txt'

2020-03-20 14:51:45 - [MESSAGE][PASSED] - Keys '*' sent to object: 'Object Repository/ADMIN/Edit Text/Bespoke/Seller Pages/Order History/input_REFUNDED_payment-status-txt'

2020-03-20 14:51:45 - [TEST_STEP][PASSED] - sendKeys(findTestObject("ADMIN/Edit Text/Bespoke/Seller Pages/Order History/input_Delivery_Delivery"), "*"): Keys '*' sent to object: 'Object Repository/ADMIN/Edit Text/Bespoke/Seller Pages/Order History/input_Delivery_Delivery'

2020-03-20 14:51:45 - [MESSAGE][PASSED] - Keys '*' sent to object: 'Object Repository/ADMIN/Edit Text/Bespoke/Seller Pages/Order History/input_Delivery_Delivery'

2020-03-20 14:51:45 - [TEST_STEP][PASSED] - sendKeys(findTestObject("ADMIN/Edit Text/Bespoke/Seller Pages/Order History/input_Pick-up_Delivery"), "*"): Keys '*' sent to object: 'Object Repository/ADMIN/Edit Text/Bespoke/Seller Pages/Order History/input_Pick-up_Delivery'

2020-03-20 14:51:45 - [MESSAGE][PASSED] - Keys '*' sent to object: 'Object Repository/ADMIN/Edit Text/Bespoke/Seller Pages/Order History/input_Pick-up_Delivery'

2020-03-20 14:51:45 - [TEST_STEP][PASSED] - sendKeys(findTestObject("ADMIN/Edit Text/Bespoke/Seller Pages/Order History/input_New Review_new-review"), "*"): Keys '*' sent to object: 'Object Repository/ADMIN/Edit Text/Bespoke/Seller Pages/Order History/input_New Review_new-review'

2020-03-20 14:51:45 - [MESSAGE][PASSED] - Keys '*' sent to object: 'Object Repository/ADMIN/Edit Text/Bespoke/Seller Pages/Order History/input_New Review_new-review'

2020-03-20 14:51:45 - [TEST_STEP][PASSED] - sendKeys(findTestObject("ADMIN/Edit Text/Bespoke/Seller Pages/Order History/input_ORDER STATUS CHANGE_order-status-txt"), "*"): Keys '*' sent to object: 'Object Repository/ADMIN/Edit Text/Bespoke/Seller Pages/Order History/input_ORDER STATUS CHANGE_order-status-txt'

2020-03-20 14:51:46 - [MESSAGE][PASSED] - Keys '*' sent to object: 'Object Repository/ADMIN/Edit Text/Bespoke/Seller Pages/Order History/input_ORDER STATUS CHANGE_order-status-txt'

2020-03-20 14:51:46 - [TEST_STEP][PASSED] - sendKeys(findTestObject("ADMIN/Edit Text/Bespoke/Seller Pages/Order History/input_you will only"), "*"): Keys '*' sent to object: 'Object Repository/ADMIN/Edit Text/Bespoke/Seller Pages/Order History/input_you will only'

2020-03-20 14:51:46 - [MESSAGE][PASSED] - Keys '*' sent to object: 'Object Repository/ADMIN/Edit Text/Bespoke/Seller Pages/Order History/input_you will only'

2020-03-20 14:51:46 - [TEST_STEP][PASSED] - sendKeys(findTestObject("ADMIN/Edit Text/Bespoke/Seller Pages/Order History/input_Your order(s) selected delivery type is_popup-title2"), "*"): Keys '*' sent to object: 'Object Repository/ADMIN/Edit Text/Bespoke/Seller Pages/Order History/input_Your order(s) selected delivery type is_popup-title2'

2020-03-20 14:51:46 - [MESSAGE][PASSED] - Keys '*' sent to object: 'Object Repository/ADMIN/Edit Text/Bespoke/Seller Pages/Order History/input_Your order(s) selected delivery type is_popup-title2'

2020-03-20 14:51:46 - [TEST_STEP][PASSED] - sendKeys(findTestObject("ADMIN/Edit Text/Bespoke/Seller Pages/Order History/input_Your order(s) selected delivery type is_popup-title3"), "*"): Keys '*' sent to object: 'Object Repository/ADMIN/Edit Text/Bespoke/Seller Pages/Order History/input_Your order(s) selected delivery type is_popup-title3'

2020-03-20 14:51:46 - [MESSAGE][PASSED] - Keys '*' sent to object: 'Object Repository/ADMIN/Edit Text/Bespoke/Seller Pages/Order History/input_Your order(s) selected delivery type is_popup-title3'

2020-03-20 14:51:46 - [TEST_STEP][PASSED] - sendKeys(findTestObject("ADMIN/Edit Text/Bespoke/Seller Pages/Order History/input_Change Status_btn_okay"), "*"): Keys '*' sent to object: 'Object Repository/ADMIN/Edit Text/Bespoke/Seller Pages/Order History/input_Change Status_btn_okay'

2020-03-20 14:51:46 - [MESSAGE][PASSED] - Keys '*' sent to object: 'Object Repository/ADMIN/Edit Text/Bespoke/Seller Pages/Order History/input_Change Status_btn_okay'

2020-03-20 14:51:46 - [TEST_STEP][PASSED] - sendKeys(findTestObject("ADMIN/Edit Text/Bespoke/Seller Pages/Order History/input_STATUS CHANGED_popup-title"), "*"): Keys '*' sent to object: 'Object Repository/ADMIN/Edit Text/Bespoke/Seller Pages/Order History/input_STATUS CHANGED_popup-title'

2020-03-20 14:51:47 - [MESSAGE][PASSED] - Keys '*' sent to object: 'Object Repository/ADMIN/Edit Text/Bespoke/Seller Pages/Order History/input_STATUS CHANGED_popup-title'

2020-03-20 14:51:47 - [TEST_STEP][PASSED] - sendKeys(findTestObject("ADMIN/Edit Text/Bespoke/Seller Pages/Order History/textarea_The order status for this item has been updated"), "*"): Keys '*' sent to object: 'Object Repository/ADMIN/Edit Text/Bespoke/Seller Pages/Order History/textarea_The order status for this item has been updated'

2020-03-20 14:51:47 - [MESSAGE][PASSED] - Keys '*' sent to object: 'Object Repository/ADMIN/Edit Text/Bespoke/Seller Pages/Order History/textarea_The order status for this item has been updated'

2020-03-20 14:51:47 - [TEST_STEP][PASSED] - sendKeys(findTestObject("ADMIN/Edit Text/Bespoke/Seller Pages/Order History/input_Okay_btn_okay"), "*"): Keys '*' sent to object: 'Object Repository/ADMIN/Edit Text/Bespoke/Seller Pages/Order History/input_Okay_btn_okay'

2020-03-20 14:51:47 - [MESSAGE][PASSED] - Keys '*' sent to object: 'Object Repository/ADMIN/Edit Text/Bespoke/Seller Pages/Order History/input_Okay_btn_okay'

2020-03-20 14:51:47 - [TEST_STEP][PASSED] - click(findTestObject("ADMIN/Edit Text/Bespoke/Buyer Pages/Homepage/button_save"), CONTINUE_ON_FAILURE): Object: 'Object Repository/ADMIN/Edit Text/Bespoke/Buyer Pages/Homepage/button_save' is clicked on

2020-03-20 14:51:48 - [MESSAGE][PASSED] - Object: 'Object Repository/ADMIN/Edit Text/Bespoke/Buyer Pages/Homepage/button_save' is clicked on

2020-03-20 14:51:48 - [TEST_STEP][PASSED] - waitForElementVisible(findTestObject("ADMIN/Edit Text/Bespoke/Buyer Pages/Homepage/toaster_success"), 0): Object 'Object Repository/ADMIN/Edit Text/Bespoke/Buyer Pages/Homepage/toaster_success' is visible

2020-03-20 14:51:48 - [MESSAGE][WARNING] - Timeout '0' is invalid. Using default page load timeout: '30'

2020-03-20 14:51:48 - [MESSAGE][PASSED] - Object 'Object Repository/ADMIN/Edit Text/Bespoke/Buyer Pages/Homepage/toaster_success' is visible]]></system-out>
         <system-err><![CDATA[]]></system-err>
      </testcase>
      <testcase name="Test Cases/ADMIN/Language/Edit Text/Bespoke/Seller/Order History" time="7.649" classname="Test Cases/ADMIN/Language/Edit Text/Bespoke/Seller/Order History" status="PASSED">
         <system-out><![CDATA[2020-03-20 14:51:48 - [TEST_CASE][PASSED] - Test Cases/ADMIN/Language/Edit Text/Bespoke/Seller/Order History: Test Cases/ADMIN/Language/Edit Text/Bespoke/Seller/Order History

2020-03-20 14:51:48 - [TEST_STEP][PASSED] - waitForElementVisible(findTestObject("ADMIN/Edit Text/Bespoke/Buyer Navigation/dd_language"), 0): Object 'Object Repository/ADMIN/Edit Text/Bespoke/Buyer Navigation/dd_language' is visible

2020-03-20 14:51:48 - [MESSAGE][WARNING] - Timeout '0' is invalid. Using default page load timeout: '30'

2020-03-20 14:51:49 - [MESSAGE][PASSED] - Object 'Object Repository/ADMIN/Edit Text/Bespoke/Buyer Navigation/dd_language' is visible

2020-03-20 14:51:49 - [TEST_STEP][PASSED] - selectOptionByLabel(findTestObject("ADMIN/Edit Text/Bespoke/Buyer Navigation/dd_language"), varLanguage, false): All options with label 'German' are selected in object 'Object Repository/ADMIN/Edit Text/Bespoke/Buyer Navigation/dd_language' 

2020-03-20 14:51:50 - [MESSAGE][PASSED] - All options with label 'German' are selected in object 'Object Repository/ADMIN/Edit Text/Bespoke/Buyer Navigation/dd_language' 

2020-03-20 14:51:50 - [TEST_STEP][PASSED] - sendKeys(findTestObject("ADMIN/Edit Text/Bespoke/Seller Pages/Order History/input_ORDERS_item_name"), "*"): Keys '*' sent to object: 'Object Repository/ADMIN/Edit Text/Bespoke/Seller Pages/Order History/input_ORDERS_item_name'

2020-03-20 14:51:51 - [MESSAGE][PASSED] - Keys '*' sent to object: 'Object Repository/ADMIN/Edit Text/Bespoke/Seller Pages/Order History/input_ORDERS_item_name'

2020-03-20 14:51:51 - [TEST_STEP][PASSED] - sendKeys(findTestObject("ADMIN/Edit Text/Bespoke/Seller Pages/Order History/input_manage all"), "*"): Keys '*' sent to object: 'Object Repository/ADMIN/Edit Text/Bespoke/Seller Pages/Order History/input_manage all'

2020-03-20 14:51:51 - [MESSAGE][PASSED] - Keys '*' sent to object: 'Object Repository/ADMIN/Edit Text/Bespoke/Seller Pages/Order History/input_manage all'

2020-03-20 14:51:51 - [TEST_STEP][PASSED] - sendKeys(findTestObject("ADMIN/Edit Text/Bespoke/Seller Pages/Order History/input_Search by Order ID_search-by"), "*"): Keys '*' sent to object: 'Object Repository/ADMIN/Edit Text/Bespoke/Seller Pages/Order History/input_Search by Order ID_search-by'

2020-03-20 14:51:51 - [MESSAGE][PASSED] - Keys '*' sent to object: 'Object Repository/ADMIN/Edit Text/Bespoke/Seller Pages/Order History/input_Search by Order ID_search-by'

2020-03-20 14:51:51 - [TEST_STEP][PASSED] - sendKeys(findTestObject("ADMIN/Edit Text/Bespoke/Seller Pages/Order History/input_CHANGE STATUS_btn_upload"), "*"): Keys '*' sent to object: 'Object Repository/ADMIN/Edit Text/Bespoke/Seller Pages/Order History/input_CHANGE STATUS_btn_upload'

2020-03-20 14:51:51 - [MESSAGE][PASSED] - Keys '*' sent to object: 'Object Repository/ADMIN/Edit Text/Bespoke/Seller Pages/Order History/input_CHANGE STATUS_btn_upload'

2020-03-20 14:51:51 - [TEST_STEP][PASSED] - sendKeys(findTestObject("ADMIN/Edit Text/Bespoke/Seller Pages/Order History/input_ORDER NO_order-id-txt"), "*"): Keys '*' sent to object: 'Object Repository/ADMIN/Edit Text/Bespoke/Seller Pages/Order History/input_ORDER NO_order-id-txt'

2020-03-20 14:51:51 - [MESSAGE][PASSED] - Keys '*' sent to object: 'Object Repository/ADMIN/Edit Text/Bespoke/Seller Pages/Order History/input_ORDER NO_order-id-txt'

2020-03-20 14:51:51 - [TEST_STEP][PASSED] - sendKeys(findTestObject("ADMIN/Edit Text/Bespoke/Seller Pages/Order History/input_INVOICE NO_invoice-id-txt"), "*"): Keys '*' sent to object: 'Object Repository/ADMIN/Edit Text/Bespoke/Seller Pages/Order History/input_INVOICE NO_invoice-id-txt'

2020-03-20 14:51:52 - [MESSAGE][PASSED] - Keys '*' sent to object: 'Object Repository/ADMIN/Edit Text/Bespoke/Seller Pages/Order History/input_INVOICE NO_invoice-id-txt'

2020-03-20 14:51:52 - [TEST_STEP][PASSED] - sendKeys(findTestObject("ADMIN/Edit Text/Bespoke/Seller Pages/Order History/input_TIMESTAMP_timestamp-txt"), "*"): Keys '*' sent to object: 'Object Repository/ADMIN/Edit Text/Bespoke/Seller Pages/Order History/input_TIMESTAMP_timestamp-txt'

2020-03-20 14:51:52 - [MESSAGE][PASSED] - Keys '*' sent to object: 'Object Repository/ADMIN/Edit Text/Bespoke/Seller Pages/Order History/input_TIMESTAMP_timestamp-txt'

2020-03-20 14:51:52 - [TEST_STEP][PASSED] - sendKeys(findTestObject("ADMIN/Edit Text/Bespoke/Seller Pages/Order History/input_ORDER TOTAL_item-txt"), "*"): Keys '*' sent to object: 'Object Repository/ADMIN/Edit Text/Bespoke/Seller Pages/Order History/input_ORDER TOTAL_item-txt'

2020-03-20 14:51:52 - [MESSAGE][PASSED] - Keys '*' sent to object: 'Object Repository/ADMIN/Edit Text/Bespoke/Seller Pages/Order History/input_ORDER TOTAL_item-txt'

2020-03-20 14:51:52 - [TEST_STEP][PASSED] - sendKeys(findTestObject("ADMIN/Edit Text/Bespoke/Seller Pages/Order History/input_NO OF ITEM(S)_qty-txt"), "*"): Keys '*' sent to object: 'Object Repository/ADMIN/Edit Text/Bespoke/Seller Pages/Order History/input_NO OF ITEM(S)_qty-txt'

2020-03-20 14:51:52 - [MESSAGE][PASSED] - Keys '*' sent to object: 'Object Repository/ADMIN/Edit Text/Bespoke/Seller Pages/Order History/input_NO OF ITEM(S)_qty-txt'

2020-03-20 14:51:52 - [TEST_STEP][PASSED] - sendKeys(findTestObject("ADMIN/Edit Text/Bespoke/Seller Pages/Order History/input_PAYMENT TYPE_delivery-txt"), "*"): Keys '*' sent to object: 'Object Repository/ADMIN/Edit Text/Bespoke/Seller Pages/Order History/input_PAYMENT TYPE_delivery-txt'

2020-03-20 14:51:52 - [MESSAGE][PASSED] - Keys '*' sent to object: 'Object Repository/ADMIN/Edit Text/Bespoke/Seller Pages/Order History/input_PAYMENT TYPE_delivery-txt'

2020-03-20 14:51:52 - [TEST_STEP][PASSED] - sendKeys(findTestObject("ADMIN/Edit Text/Bespoke/Seller Pages/Order History/input_ORDER STATUS_order-status-txt"), "*"): Keys '*' sent to object: 'Object Repository/ADMIN/Edit Text/Bespoke/Seller Pages/Order History/input_ORDER STATUS_order-status-txt'

2020-03-20 14:51:53 - [MESSAGE][PASSED] - Keys '*' sent to object: 'Object Repository/ADMIN/Edit Text/Bespoke/Seller Pages/Order History/input_ORDER STATUS_order-status-txt'

2020-03-20 14:51:53 - [TEST_STEP][PASSED] - sendKeys(findTestObject("ADMIN/Edit Text/Bespoke/Seller Pages/Order History/input_REVIEW_review-txt"), "*"): Keys '*' sent to object: 'Object Repository/ADMIN/Edit Text/Bespoke/Seller Pages/Order History/input_REVIEW_review-txt'

2020-03-20 14:51:53 - [MESSAGE][PASSED] - Keys '*' sent to object: 'Object Repository/ADMIN/Edit Text/Bespoke/Seller Pages/Order History/input_REVIEW_review-txt'

2020-03-20 14:51:53 - [TEST_STEP][PASSED] - sendKeys(findTestObject("ADMIN/Edit Text/Bespoke/Seller Pages/Order History/input_PAYMENT STATUS_payment-type-txt"), "*"): Keys '*' sent to object: 'Object Repository/ADMIN/Edit Text/Bespoke/Seller Pages/Order History/input_PAYMENT STATUS_payment-type-txt'

2020-03-20 14:51:53 - [MESSAGE][PASSED] - Keys '*' sent to object: 'Object Repository/ADMIN/Edit Text/Bespoke/Seller Pages/Order History/input_PAYMENT STATUS_payment-type-txt'

2020-03-20 14:51:53 - [TEST_STEP][PASSED] - sendKeys(findTestObject("ADMIN/Edit Text/Bespoke/Seller Pages/Order History/input_REFUNDED_payment-status-txt"), "*"): Keys '*' sent to object: 'Object Repository/ADMIN/Edit Text/Bespoke/Seller Pages/Order History/input_REFUNDED_payment-status-txt'

2020-03-20 14:51:53 - [MESSAGE][PASSED] - Keys '*' sent to object: 'Object Repository/ADMIN/Edit Text/Bespoke/Seller Pages/Order History/input_REFUNDED_payment-status-txt'

2020-03-20 14:51:53 - [TEST_STEP][PASSED] - sendKeys(findTestObject("ADMIN/Edit Text/Bespoke/Seller Pages/Order History/input_Delivery_Delivery"), "*"): Keys '*' sent to object: 'Object Repository/ADMIN/Edit Text/Bespoke/Seller Pages/Order History/input_Delivery_Delivery'

2020-03-20 14:51:54 - [MESSAGE][PASSED] - Keys '*' sent to object: 'Object Repository/ADMIN/Edit Text/Bespoke/Seller Pages/Order History/input_Delivery_Delivery'

2020-03-20 14:51:54 - [TEST_STEP][PASSED] - sendKeys(findTestObject("ADMIN/Edit Text/Bespoke/Seller Pages/Order History/input_Pick-up_Delivery"), "*"): Keys '*' sent to object: 'Object Repository/ADMIN/Edit Text/Bespoke/Seller Pages/Order History/input_Pick-up_Delivery'

2020-03-20 14:51:54 - [MESSAGE][PASSED] - Keys '*' sent to object: 'Object Repository/ADMIN/Edit Text/Bespoke/Seller Pages/Order History/input_Pick-up_Delivery'

2020-03-20 14:51:54 - [TEST_STEP][PASSED] - sendKeys(findTestObject("ADMIN/Edit Text/Bespoke/Seller Pages/Order History/input_New Review_new-review"), "*"): Keys '*' sent to object: 'Object Repository/ADMIN/Edit Text/Bespoke/Seller Pages/Order History/input_New Review_new-review'

2020-03-20 14:51:54 - [MESSAGE][PASSED] - Keys '*' sent to object: 'Object Repository/ADMIN/Edit Text/Bespoke/Seller Pages/Order History/input_New Review_new-review'

2020-03-20 14:51:54 - [TEST_STEP][PASSED] - sendKeys(findTestObject("ADMIN/Edit Text/Bespoke/Seller Pages/Order History/input_ORDER STATUS CHANGE_order-status-txt"), "*"): Keys '*' sent to object: 'Object Repository/ADMIN/Edit Text/Bespoke/Seller Pages/Order History/input_ORDER STATUS CHANGE_order-status-txt'

2020-03-20 14:51:54 - [MESSAGE][PASSED] - Keys '*' sent to object: 'Object Repository/ADMIN/Edit Text/Bespoke/Seller Pages/Order History/input_ORDER STATUS CHANGE_order-status-txt'

2020-03-20 14:51:54 - [TEST_STEP][PASSED] - sendKeys(findTestObject("ADMIN/Edit Text/Bespoke/Seller Pages/Order History/input_you will only"), "*"): Keys '*' sent to object: 'Object Repository/ADMIN/Edit Text/Bespoke/Seller Pages/Order History/input_you will only'

2020-03-20 14:51:54 - [MESSAGE][PASSED] - Keys '*' sent to object: 'Object Repository/ADMIN/Edit Text/Bespoke/Seller Pages/Order History/input_you will only'

2020-03-20 14:51:54 - [TEST_STEP][PASSED] - sendKeys(findTestObject("ADMIN/Edit Text/Bespoke/Seller Pages/Order History/input_Your order(s) selected delivery type is_popup-title2"), "*"): Keys '*' sent to object: 'Object Repository/ADMIN/Edit Text/Bespoke/Seller Pages/Order History/input_Your order(s) selected delivery type is_popup-title2'

2020-03-20 14:51:54 - [MESSAGE][PASSED] - Keys '*' sent to object: 'Object Repository/ADMIN/Edit Text/Bespoke/Seller Pages/Order History/input_Your order(s) selected delivery type is_popup-title2'

2020-03-20 14:51:54 - [TEST_STEP][PASSED] - sendKeys(findTestObject("ADMIN/Edit Text/Bespoke/Seller Pages/Order History/input_Your order(s) selected delivery type is_popup-title3"), "*"): Keys '*' sent to object: 'Object Repository/ADMIN/Edit Text/Bespoke/Seller Pages/Order History/input_Your order(s) selected delivery type is_popup-title3'

2020-03-20 14:51:54 - [MESSAGE][PASSED] - Keys '*' sent to object: 'Object Repository/ADMIN/Edit Text/Bespoke/Seller Pages/Order History/input_Your order(s) selected delivery type is_popup-title3'

2020-03-20 14:51:54 - [TEST_STEP][PASSED] - sendKeys(findTestObject("ADMIN/Edit Text/Bespoke/Seller Pages/Order History/input_Change Status_btn_okay"), "*"): Keys '*' sent to object: 'Object Repository/ADMIN/Edit Text/Bespoke/Seller Pages/Order History/input_Change Status_btn_okay'

2020-03-20 14:51:55 - [MESSAGE][PASSED] - Keys '*' sent to object: 'Object Repository/ADMIN/Edit Text/Bespoke/Seller Pages/Order History/input_Change Status_btn_okay'

2020-03-20 14:51:55 - [TEST_STEP][PASSED] - sendKeys(findTestObject("ADMIN/Edit Text/Bespoke/Seller Pages/Order History/input_STATUS CHANGED_popup-title"), "*"): Keys '*' sent to object: 'Object Repository/ADMIN/Edit Text/Bespoke/Seller Pages/Order History/input_STATUS CHANGED_popup-title'

2020-03-20 14:51:55 - [MESSAGE][PASSED] - Keys '*' sent to object: 'Object Repository/ADMIN/Edit Text/Bespoke/Seller Pages/Order History/input_STATUS CHANGED_popup-title'

2020-03-20 14:51:55 - [TEST_STEP][PASSED] - sendKeys(findTestObject("ADMIN/Edit Text/Bespoke/Seller Pages/Order History/textarea_The order status for this item has been updated"), "*"): Keys '*' sent to object: 'Object Repository/ADMIN/Edit Text/Bespoke/Seller Pages/Order History/textarea_The order status for this item has been updated'

2020-03-20 14:51:55 - [MESSAGE][PASSED] - Keys '*' sent to object: 'Object Repository/ADMIN/Edit Text/Bespoke/Seller Pages/Order History/textarea_The order status for this item has been updated'

2020-03-20 14:51:55 - [TEST_STEP][PASSED] - sendKeys(findTestObject("ADMIN/Edit Text/Bespoke/Seller Pages/Order History/input_Okay_btn_okay"), "*"): Keys '*' sent to object: 'Object Repository/ADMIN/Edit Text/Bespoke/Seller Pages/Order History/input_Okay_btn_okay'

2020-03-20 14:51:55 - [MESSAGE][PASSED] - Keys '*' sent to object: 'Object Repository/ADMIN/Edit Text/Bespoke/Seller Pages/Order History/input_Okay_btn_okay'

2020-03-20 14:51:55 - [TEST_STEP][PASSED] - click(findTestObject("ADMIN/Edit Text/Bespoke/Buyer Pages/Homepage/button_save"), CONTINUE_ON_FAILURE): Object: 'Object Repository/ADMIN/Edit Text/Bespoke/Buyer Pages/Homepage/button_save' is clicked on

2020-03-20 14:51:55 - [MESSAGE][PASSED] - Object: 'Object Repository/ADMIN/Edit Text/Bespoke/Buyer Pages/Homepage/button_save' is clicked on

2020-03-20 14:51:55 - [TEST_STEP][PASSED] - waitForElementVisible(findTestObject("ADMIN/Edit Text/Bespoke/Buyer Pages/Homepage/toaster_success"), 0): Object 'Object Repository/ADMIN/Edit Text/Bespoke/Buyer Pages/Homepage/toaster_success' is visible

2020-03-20 14:51:55 - [MESSAGE][WARNING] - Timeout '0' is invalid. Using default page load timeout: '30'

2020-03-20 14:51:56 - [MESSAGE][PASSED] - Object 'Object Repository/ADMIN/Edit Text/Bespoke/Buyer Pages/Homepage/toaster_success' is visible]]></system-out>
         <system-err><![CDATA[]]></system-err>
      </testcase>
      <testcase name="Test Cases/ADMIN/Language/Edit Text/Bespoke/Seller/Order History" time="7.961" classname="Test Cases/ADMIN/Language/Edit Text/Bespoke/Seller/Order History" status="PASSED">
         <system-out><![CDATA[2020-03-20 14:51:56 - [TEST_CASE][PASSED] - Test Cases/ADMIN/Language/Edit Text/Bespoke/Seller/Order History: Test Cases/ADMIN/Language/Edit Text/Bespoke/Seller/Order History

2020-03-20 14:51:56 - [TEST_STEP][PASSED] - waitForElementVisible(findTestObject("ADMIN/Edit Text/Bespoke/Buyer Navigation/dd_language"), 0): Object 'Object Repository/ADMIN/Edit Text/Bespoke/Buyer Navigation/dd_language' is visible

2020-03-20 14:51:56 - [MESSAGE][WARNING] - Timeout '0' is invalid. Using default page load timeout: '30'

2020-03-20 14:51:56 - [MESSAGE][PASSED] - Object 'Object Repository/ADMIN/Edit Text/Bespoke/Buyer Navigation/dd_language' is visible

2020-03-20 14:51:56 - [TEST_STEP][PASSED] - selectOptionByLabel(findTestObject("ADMIN/Edit Text/Bespoke/Buyer Navigation/dd_language"), varLanguage, false): All options with label 'Japanese' are selected in object 'Object Repository/ADMIN/Edit Text/Bespoke/Buyer Navigation/dd_language' 

2020-03-20 14:51:57 - [MESSAGE][PASSED] - All options with label 'Japanese' are selected in object 'Object Repository/ADMIN/Edit Text/Bespoke/Buyer Navigation/dd_language' 

2020-03-20 14:51:57 - [TEST_STEP][PASSED] - sendKeys(findTestObject("ADMIN/Edit Text/Bespoke/Seller Pages/Order History/input_ORDERS_item_name"), "*"): Keys '*' sent to object: 'Object Repository/ADMIN/Edit Text/Bespoke/Seller Pages/Order History/input_ORDERS_item_name'

2020-03-20 14:51:57 - [MESSAGE][PASSED] - Keys '*' sent to object: 'Object Repository/ADMIN/Edit Text/Bespoke/Seller Pages/Order History/input_ORDERS_item_name'

2020-03-20 14:51:57 - [TEST_STEP][PASSED] - sendKeys(findTestObject("ADMIN/Edit Text/Bespoke/Seller Pages/Order History/input_manage all"), "*"): Keys '*' sent to object: 'Object Repository/ADMIN/Edit Text/Bespoke/Seller Pages/Order History/input_manage all'

2020-03-20 14:51:57 - [MESSAGE][PASSED] - Keys '*' sent to object: 'Object Repository/ADMIN/Edit Text/Bespoke/Seller Pages/Order History/input_manage all'

2020-03-20 14:51:57 - [TEST_STEP][PASSED] - sendKeys(findTestObject("ADMIN/Edit Text/Bespoke/Seller Pages/Order History/input_Search by Order ID_search-by"), "*"): Keys '*' sent to object: 'Object Repository/ADMIN/Edit Text/Bespoke/Seller Pages/Order History/input_Search by Order ID_search-by'

2020-03-20 14:51:58 - [MESSAGE][PASSED] - Keys '*' sent to object: 'Object Repository/ADMIN/Edit Text/Bespoke/Seller Pages/Order History/input_Search by Order ID_search-by'

2020-03-20 14:51:58 - [TEST_STEP][PASSED] - sendKeys(findTestObject("ADMIN/Edit Text/Bespoke/Seller Pages/Order History/input_CHANGE STATUS_btn_upload"), "*"): Keys '*' sent to object: 'Object Repository/ADMIN/Edit Text/Bespoke/Seller Pages/Order History/input_CHANGE STATUS_btn_upload'

2020-03-20 14:51:58 - [MESSAGE][PASSED] - Keys '*' sent to object: 'Object Repository/ADMIN/Edit Text/Bespoke/Seller Pages/Order History/input_CHANGE STATUS_btn_upload'

2020-03-20 14:51:58 - [TEST_STEP][PASSED] - sendKeys(findTestObject("ADMIN/Edit Text/Bespoke/Seller Pages/Order History/input_ORDER NO_order-id-txt"), "*"): Keys '*' sent to object: 'Object Repository/ADMIN/Edit Text/Bespoke/Seller Pages/Order History/input_ORDER NO_order-id-txt'

2020-03-20 14:51:58 - [MESSAGE][PASSED] - Keys '*' sent to object: 'Object Repository/ADMIN/Edit Text/Bespoke/Seller Pages/Order History/input_ORDER NO_order-id-txt'

2020-03-20 14:51:58 - [TEST_STEP][PASSED] - sendKeys(findTestObject("ADMIN/Edit Text/Bespoke/Seller Pages/Order History/input_INVOICE NO_invoice-id-txt"), "*"): Keys '*' sent to object: 'Object Repository/ADMIN/Edit Text/Bespoke/Seller Pages/Order History/input_INVOICE NO_invoice-id-txt'

2020-03-20 14:51:58 - [MESSAGE][PASSED] - Keys '*' sent to object: 'Object Repository/ADMIN/Edit Text/Bespoke/Seller Pages/Order History/input_INVOICE NO_invoice-id-txt'

2020-03-20 14:51:58 - [TEST_STEP][PASSED] - sendKeys(findTestObject("ADMIN/Edit Text/Bespoke/Seller Pages/Order History/input_TIMESTAMP_timestamp-txt"), "*"): Keys '*' sent to object: 'Object Repository/ADMIN/Edit Text/Bespoke/Seller Pages/Order History/input_TIMESTAMP_timestamp-txt'

2020-03-20 14:51:58 - [MESSAGE][PASSED] - Keys '*' sent to object: 'Object Repository/ADMIN/Edit Text/Bespoke/Seller Pages/Order History/input_TIMESTAMP_timestamp-txt'

2020-03-20 14:51:58 - [TEST_STEP][PASSED] - sendKeys(findTestObject("ADMIN/Edit Text/Bespoke/Seller Pages/Order History/input_ORDER TOTAL_item-txt"), "*"): Keys '*' sent to object: 'Object Repository/ADMIN/Edit Text/Bespoke/Seller Pages/Order History/input_ORDER TOTAL_item-txt'

2020-03-20 14:51:59 - [MESSAGE][PASSED] - Keys '*' sent to object: 'Object Repository/ADMIN/Edit Text/Bespoke/Seller Pages/Order History/input_ORDER TOTAL_item-txt'

2020-03-20 14:51:59 - [TEST_STEP][PASSED] - sendKeys(findTestObject("ADMIN/Edit Text/Bespoke/Seller Pages/Order History/input_NO OF ITEM(S)_qty-txt"), "*"): Keys '*' sent to object: 'Object Repository/ADMIN/Edit Text/Bespoke/Seller Pages/Order History/input_NO OF ITEM(S)_qty-txt'

2020-03-20 14:51:59 - [MESSAGE][PASSED] - Keys '*' sent to object: 'Object Repository/ADMIN/Edit Text/Bespoke/Seller Pages/Order History/input_NO OF ITEM(S)_qty-txt'

2020-03-20 14:51:59 - [TEST_STEP][PASSED] - sendKeys(findTestObject("ADMIN/Edit Text/Bespoke/Seller Pages/Order History/input_PAYMENT TYPE_delivery-txt"), "*"): Keys '*' sent to object: 'Object Repository/ADMIN/Edit Text/Bespoke/Seller Pages/Order History/input_PAYMENT TYPE_delivery-txt'

2020-03-20 14:51:59 - [MESSAGE][PASSED] - Keys '*' sent to object: 'Object Repository/ADMIN/Edit Text/Bespoke/Seller Pages/Order History/input_PAYMENT TYPE_delivery-txt'

2020-03-20 14:51:59 - [TEST_STEP][PASSED] - sendKeys(findTestObject("ADMIN/Edit Text/Bespoke/Seller Pages/Order History/input_ORDER STATUS_order-status-txt"), "*"): Keys '*' sent to object: 'Object Repository/ADMIN/Edit Text/Bespoke/Seller Pages/Order History/input_ORDER STATUS_order-status-txt'

2020-03-20 14:51:59 - [MESSAGE][PASSED] - Keys '*' sent to object: 'Object Repository/ADMIN/Edit Text/Bespoke/Seller Pages/Order History/input_ORDER STATUS_order-status-txt'

2020-03-20 14:51:59 - [TEST_STEP][PASSED] - sendKeys(findTestObject("ADMIN/Edit Text/Bespoke/Seller Pages/Order History/input_REVIEW_review-txt"), "*"): Keys '*' sent to object: 'Object Repository/ADMIN/Edit Text/Bespoke/Seller Pages/Order History/input_REVIEW_review-txt'

2020-03-20 14:51:59 - [MESSAGE][PASSED] - Keys '*' sent to object: 'Object Repository/ADMIN/Edit Text/Bespoke/Seller Pages/Order History/input_REVIEW_review-txt'

2020-03-20 14:51:59 - [TEST_STEP][PASSED] - sendKeys(findTestObject("ADMIN/Edit Text/Bespoke/Seller Pages/Order History/input_PAYMENT STATUS_payment-type-txt"), "*"): Keys '*' sent to object: 'Object Repository/ADMIN/Edit Text/Bespoke/Seller Pages/Order History/input_PAYMENT STATUS_payment-type-txt'

2020-03-20 14:52:00 - [MESSAGE][PASSED] - Keys '*' sent to object: 'Object Repository/ADMIN/Edit Text/Bespoke/Seller Pages/Order History/input_PAYMENT STATUS_payment-type-txt'

2020-03-20 14:52:00 - [TEST_STEP][PASSED] - sendKeys(findTestObject("ADMIN/Edit Text/Bespoke/Seller Pages/Order History/input_REFUNDED_payment-status-txt"), "*"): Keys '*' sent to object: 'Object Repository/ADMIN/Edit Text/Bespoke/Seller Pages/Order History/input_REFUNDED_payment-status-txt'

2020-03-20 14:52:00 - [MESSAGE][PASSED] - Keys '*' sent to object: 'Object Repository/ADMIN/Edit Text/Bespoke/Seller Pages/Order History/input_REFUNDED_payment-status-txt'

2020-03-20 14:52:00 - [TEST_STEP][PASSED] - sendKeys(findTestObject("ADMIN/Edit Text/Bespoke/Seller Pages/Order History/input_Delivery_Delivery"), "*"): Keys '*' sent to object: 'Object Repository/ADMIN/Edit Text/Bespoke/Seller Pages/Order History/input_Delivery_Delivery'

2020-03-20 14:52:00 - [MESSAGE][PASSED] - Keys '*' sent to object: 'Object Repository/ADMIN/Edit Text/Bespoke/Seller Pages/Order History/input_Delivery_Delivery'

2020-03-20 14:52:00 - [TEST_STEP][PASSED] - sendKeys(findTestObject("ADMIN/Edit Text/Bespoke/Seller Pages/Order History/input_Pick-up_Delivery"), "*"): Keys '*' sent to object: 'Object Repository/ADMIN/Edit Text/Bespoke/Seller Pages/Order History/input_Pick-up_Delivery'

2020-03-20 14:52:00 - [MESSAGE][PASSED] - Keys '*' sent to object: 'Object Repository/ADMIN/Edit Text/Bespoke/Seller Pages/Order History/input_Pick-up_Delivery'

2020-03-20 14:52:00 - [TEST_STEP][PASSED] - sendKeys(findTestObject("ADMIN/Edit Text/Bespoke/Seller Pages/Order History/input_New Review_new-review"), "*"): Keys '*' sent to object: 'Object Repository/ADMIN/Edit Text/Bespoke/Seller Pages/Order History/input_New Review_new-review'

2020-03-20 14:52:01 - [MESSAGE][PASSED] - Keys '*' sent to object: 'Object Repository/ADMIN/Edit Text/Bespoke/Seller Pages/Order History/input_New Review_new-review'

2020-03-20 14:52:01 - [TEST_STEP][PASSED] - sendKeys(findTestObject("ADMIN/Edit Text/Bespoke/Seller Pages/Order History/input_ORDER STATUS CHANGE_order-status-txt"), "*"): Keys '*' sent to object: 'Object Repository/ADMIN/Edit Text/Bespoke/Seller Pages/Order History/input_ORDER STATUS CHANGE_order-status-txt'

2020-03-20 14:52:01 - [MESSAGE][PASSED] - Keys '*' sent to object: 'Object Repository/ADMIN/Edit Text/Bespoke/Seller Pages/Order History/input_ORDER STATUS CHANGE_order-status-txt'

2020-03-20 14:52:01 - [TEST_STEP][PASSED] - sendKeys(findTestObject("ADMIN/Edit Text/Bespoke/Seller Pages/Order History/input_you will only"), "*"): Keys '*' sent to object: 'Object Repository/ADMIN/Edit Text/Bespoke/Seller Pages/Order History/input_you will only'

2020-03-20 14:52:01 - [MESSAGE][PASSED] - Keys '*' sent to object: 'Object Repository/ADMIN/Edit Text/Bespoke/Seller Pages/Order History/input_you will only'

2020-03-20 14:52:01 - [TEST_STEP][PASSED] - sendKeys(findTestObject("ADMIN/Edit Text/Bespoke/Seller Pages/Order History/input_Your order(s) selected delivery type is_popup-title2"), "*"): Keys '*' sent to object: 'Object Repository/ADMIN/Edit Text/Bespoke/Seller Pages/Order History/input_Your order(s) selected delivery type is_popup-title2'

2020-03-20 14:52:01 - [MESSAGE][PASSED] - Keys '*' sent to object: 'Object Repository/ADMIN/Edit Text/Bespoke/Seller Pages/Order History/input_Your order(s) selected delivery type is_popup-title2'

2020-03-20 14:52:01 - [TEST_STEP][PASSED] - sendKeys(findTestObject("ADMIN/Edit Text/Bespoke/Seller Pages/Order History/input_Your order(s) selected delivery type is_popup-title3"), "*"): Keys '*' sent to object: 'Object Repository/ADMIN/Edit Text/Bespoke/Seller Pages/Order History/input_Your order(s) selected delivery type is_popup-title3'

2020-03-20 14:52:01 - [MESSAGE][PASSED] - Keys '*' sent to object: 'Object Repository/ADMIN/Edit Text/Bespoke/Seller Pages/Order History/input_Your order(s) selected delivery type is_popup-title3'

2020-03-20 14:52:01 - [TEST_STEP][PASSED] - sendKeys(findTestObject("ADMIN/Edit Text/Bespoke/Seller Pages/Order History/input_Change Status_btn_okay"), "*"): Keys '*' sent to object: 'Object Repository/ADMIN/Edit Text/Bespoke/Seller Pages/Order History/input_Change Status_btn_okay'

2020-03-20 14:52:02 - [MESSAGE][PASSED] - Keys '*' sent to object: 'Object Repository/ADMIN/Edit Text/Bespoke/Seller Pages/Order History/input_Change Status_btn_okay'

2020-03-20 14:52:02 - [TEST_STEP][PASSED] - sendKeys(findTestObject("ADMIN/Edit Text/Bespoke/Seller Pages/Order History/input_STATUS CHANGED_popup-title"), "*"): Keys '*' sent to object: 'Object Repository/ADMIN/Edit Text/Bespoke/Seller Pages/Order History/input_STATUS CHANGED_popup-title'

2020-03-20 14:52:02 - [MESSAGE][PASSED] - Keys '*' sent to object: 'Object Repository/ADMIN/Edit Text/Bespoke/Seller Pages/Order History/input_STATUS CHANGED_popup-title'

2020-03-20 14:52:02 - [TEST_STEP][PASSED] - sendKeys(findTestObject("ADMIN/Edit Text/Bespoke/Seller Pages/Order History/textarea_The order status for this item has been updated"), "*"): Keys '*' sent to object: 'Object Repository/ADMIN/Edit Text/Bespoke/Seller Pages/Order History/textarea_The order status for this item has been updated'

2020-03-20 14:52:02 - [MESSAGE][PASSED] - Keys '*' sent to object: 'Object Repository/ADMIN/Edit Text/Bespoke/Seller Pages/Order History/textarea_The order status for this item has been updated'

2020-03-20 14:52:02 - [TEST_STEP][PASSED] - sendKeys(findTestObject("ADMIN/Edit Text/Bespoke/Seller Pages/Order History/input_Okay_btn_okay"), "*"): Keys '*' sent to object: 'Object Repository/ADMIN/Edit Text/Bespoke/Seller Pages/Order History/input_Okay_btn_okay'

2020-03-20 14:52:03 - [MESSAGE][PASSED] - Keys '*' sent to object: 'Object Repository/ADMIN/Edit Text/Bespoke/Seller Pages/Order History/input_Okay_btn_okay'

2020-03-20 14:52:03 - [TEST_STEP][PASSED] - click(findTestObject("ADMIN/Edit Text/Bespoke/Buyer Pages/Homepage/button_save"), CONTINUE_ON_FAILURE): Object: 'Object Repository/ADMIN/Edit Text/Bespoke/Buyer Pages/Homepage/button_save' is clicked on

2020-03-20 14:52:03 - [MESSAGE][PASSED] - Object: 'Object Repository/ADMIN/Edit Text/Bespoke/Buyer Pages/Homepage/button_save' is clicked on

2020-03-20 14:52:03 - [TEST_STEP][PASSED] - waitForElementVisible(findTestObject("ADMIN/Edit Text/Bespoke/Buyer Pages/Homepage/toaster_success"), 0): Object 'Object Repository/ADMIN/Edit Text/Bespoke/Buyer Pages/Homepage/toaster_success' is visible

2020-03-20 14:52:03 - [MESSAGE][WARNING] - Timeout '0' is invalid. Using default page load timeout: '30'

2020-03-20 14:52:04 - [MESSAGE][PASSED] - Object 'Object Repository/ADMIN/Edit Text/Bespoke/Buyer Pages/Homepage/toaster_success' is visible]]></system-out>
         <system-err><![CDATA[]]></system-err>
      </testcase>
      <testcase name="Test Cases/ADMIN/Language/Edit Text/Bespoke/Seller/Order History" time="8.418" classname="Test Cases/ADMIN/Language/Edit Text/Bespoke/Seller/Order History" status="PASSED">
         <system-out><![CDATA[2020-03-20 14:52:04 - [TEST_CASE][PASSED] - Test Cases/ADMIN/Language/Edit Text/Bespoke/Seller/Order History: Test Cases/ADMIN/Language/Edit Text/Bespoke/Seller/Order History

2020-03-20 14:52:04 - [TEST_STEP][PASSED] - waitForElementVisible(findTestObject("ADMIN/Edit Text/Bespoke/Buyer Navigation/dd_language"), 0): Object 'Object Repository/ADMIN/Edit Text/Bespoke/Buyer Navigation/dd_language' is visible

2020-03-20 14:52:04 - [MESSAGE][WARNING] - Timeout '0' is invalid. Using default page load timeout: '30'

2020-03-20 14:52:04 - [MESSAGE][PASSED] - Object 'Object Repository/ADMIN/Edit Text/Bespoke/Buyer Navigation/dd_language' is visible

2020-03-20 14:52:04 - [TEST_STEP][PASSED] - selectOptionByLabel(findTestObject("ADMIN/Edit Text/Bespoke/Buyer Navigation/dd_language"), varLanguage, false): All options with label 'Chinese (Traditional)' are selected in object 'Object Repository/ADMIN/Edit Text/Bespoke/Buyer Navigation/dd_language' 

2020-03-20 14:52:05 - [MESSAGE][PASSED] - All options with label 'Chinese (Traditional)' are selected in object 'Object Repository/ADMIN/Edit Text/Bespoke/Buyer Navigation/dd_language' 

2020-03-20 14:52:05 - [TEST_STEP][PASSED] - sendKeys(findTestObject("ADMIN/Edit Text/Bespoke/Seller Pages/Order History/input_ORDERS_item_name"), "*"): Keys '*' sent to object: 'Object Repository/ADMIN/Edit Text/Bespoke/Seller Pages/Order History/input_ORDERS_item_name'

2020-03-20 14:52:05 - [MESSAGE][PASSED] - Keys '*' sent to object: 'Object Repository/ADMIN/Edit Text/Bespoke/Seller Pages/Order History/input_ORDERS_item_name'

2020-03-20 14:52:05 - [TEST_STEP][PASSED] - sendKeys(findTestObject("ADMIN/Edit Text/Bespoke/Seller Pages/Order History/input_manage all"), "*"): Keys '*' sent to object: 'Object Repository/ADMIN/Edit Text/Bespoke/Seller Pages/Order History/input_manage all'

2020-03-20 14:52:06 - [MESSAGE][PASSED] - Keys '*' sent to object: 'Object Repository/ADMIN/Edit Text/Bespoke/Seller Pages/Order History/input_manage all'

2020-03-20 14:52:06 - [TEST_STEP][PASSED] - sendKeys(findTestObject("ADMIN/Edit Text/Bespoke/Seller Pages/Order History/input_Search by Order ID_search-by"), "*"): Keys '*' sent to object: 'Object Repository/ADMIN/Edit Text/Bespoke/Seller Pages/Order History/input_Search by Order ID_search-by'

2020-03-20 14:52:06 - [MESSAGE][PASSED] - Keys '*' sent to object: 'Object Repository/ADMIN/Edit Text/Bespoke/Seller Pages/Order History/input_Search by Order ID_search-by'

2020-03-20 14:52:06 - [TEST_STEP][PASSED] - sendKeys(findTestObject("ADMIN/Edit Text/Bespoke/Seller Pages/Order History/input_CHANGE STATUS_btn_upload"), "*"): Keys '*' sent to object: 'Object Repository/ADMIN/Edit Text/Bespoke/Seller Pages/Order History/input_CHANGE STATUS_btn_upload'

2020-03-20 14:52:06 - [MESSAGE][PASSED] - Keys '*' sent to object: 'Object Repository/ADMIN/Edit Text/Bespoke/Seller Pages/Order History/input_CHANGE STATUS_btn_upload'

2020-03-20 14:52:06 - [TEST_STEP][PASSED] - sendKeys(findTestObject("ADMIN/Edit Text/Bespoke/Seller Pages/Order History/input_ORDER NO_order-id-txt"), "*"): Keys '*' sent to object: 'Object Repository/ADMIN/Edit Text/Bespoke/Seller Pages/Order History/input_ORDER NO_order-id-txt'

2020-03-20 14:52:06 - [MESSAGE][PASSED] - Keys '*' sent to object: 'Object Repository/ADMIN/Edit Text/Bespoke/Seller Pages/Order History/input_ORDER NO_order-id-txt'

2020-03-20 14:52:06 - [TEST_STEP][PASSED] - sendKeys(findTestObject("ADMIN/Edit Text/Bespoke/Seller Pages/Order History/input_INVOICE NO_invoice-id-txt"), "*"): Keys '*' sent to object: 'Object Repository/ADMIN/Edit Text/Bespoke/Seller Pages/Order History/input_INVOICE NO_invoice-id-txt'

2020-03-20 14:52:07 - [MESSAGE][PASSED] - Keys '*' sent to object: 'Object Repository/ADMIN/Edit Text/Bespoke/Seller Pages/Order History/input_INVOICE NO_invoice-id-txt'

2020-03-20 14:52:07 - [TEST_STEP][PASSED] - sendKeys(findTestObject("ADMIN/Edit Text/Bespoke/Seller Pages/Order History/input_TIMESTAMP_timestamp-txt"), "*"): Keys '*' sent to object: 'Object Repository/ADMIN/Edit Text/Bespoke/Seller Pages/Order History/input_TIMESTAMP_timestamp-txt'

2020-03-20 14:52:07 - [MESSAGE][PASSED] - Keys '*' sent to object: 'Object Repository/ADMIN/Edit Text/Bespoke/Seller Pages/Order History/input_TIMESTAMP_timestamp-txt'

2020-03-20 14:52:07 - [TEST_STEP][PASSED] - sendKeys(findTestObject("ADMIN/Edit Text/Bespoke/Seller Pages/Order History/input_ORDER TOTAL_item-txt"), "*"): Keys '*' sent to object: 'Object Repository/ADMIN/Edit Text/Bespoke/Seller Pages/Order History/input_ORDER TOTAL_item-txt'

2020-03-20 14:52:07 - [MESSAGE][PASSED] - Keys '*' sent to object: 'Object Repository/ADMIN/Edit Text/Bespoke/Seller Pages/Order History/input_ORDER TOTAL_item-txt'

2020-03-20 14:52:07 - [TEST_STEP][PASSED] - sendKeys(findTestObject("ADMIN/Edit Text/Bespoke/Seller Pages/Order History/input_NO OF ITEM(S)_qty-txt"), "*"): Keys '*' sent to object: 'Object Repository/ADMIN/Edit Text/Bespoke/Seller Pages/Order History/input_NO OF ITEM(S)_qty-txt'

2020-03-20 14:52:07 - [MESSAGE][PASSED] - Keys '*' sent to object: 'Object Repository/ADMIN/Edit Text/Bespoke/Seller Pages/Order History/input_NO OF ITEM(S)_qty-txt'

2020-03-20 14:52:07 - [TEST_STEP][PASSED] - sendKeys(findTestObject("ADMIN/Edit Text/Bespoke/Seller Pages/Order History/input_PAYMENT TYPE_delivery-txt"), "*"): Keys '*' sent to object: 'Object Repository/ADMIN/Edit Text/Bespoke/Seller Pages/Order History/input_PAYMENT TYPE_delivery-txt'

2020-03-20 14:52:07 - [MESSAGE][PASSED] - Keys '*' sent to object: 'Object Repository/ADMIN/Edit Text/Bespoke/Seller Pages/Order History/input_PAYMENT TYPE_delivery-txt'

2020-03-20 14:52:07 - [TEST_STEP][PASSED] - sendKeys(findTestObject("ADMIN/Edit Text/Bespoke/Seller Pages/Order History/input_ORDER STATUS_order-status-txt"), "*"): Keys '*' sent to object: 'Object Repository/ADMIN/Edit Text/Bespoke/Seller Pages/Order History/input_ORDER STATUS_order-status-txt'

2020-03-20 14:52:08 - [MESSAGE][PASSED] - Keys '*' sent to object: 'Object Repository/ADMIN/Edit Text/Bespoke/Seller Pages/Order History/input_ORDER STATUS_order-status-txt'

2020-03-20 14:52:08 - [TEST_STEP][PASSED] - sendKeys(findTestObject("ADMIN/Edit Text/Bespoke/Seller Pages/Order History/input_REVIEW_review-txt"), "*"): Keys '*' sent to object: 'Object Repository/ADMIN/Edit Text/Bespoke/Seller Pages/Order History/input_REVIEW_review-txt'

2020-03-20 14:52:08 - [MESSAGE][PASSED] - Keys '*' sent to object: 'Object Repository/ADMIN/Edit Text/Bespoke/Seller Pages/Order History/input_REVIEW_review-txt'

2020-03-20 14:52:08 - [TEST_STEP][PASSED] - sendKeys(findTestObject("ADMIN/Edit Text/Bespoke/Seller Pages/Order History/input_PAYMENT STATUS_payment-type-txt"), "*"): Keys '*' sent to object: 'Object Repository/ADMIN/Edit Text/Bespoke/Seller Pages/Order History/input_PAYMENT STATUS_payment-type-txt'

2020-03-20 14:52:08 - [MESSAGE][PASSED] - Keys '*' sent to object: 'Object Repository/ADMIN/Edit Text/Bespoke/Seller Pages/Order History/input_PAYMENT STATUS_payment-type-txt'

2020-03-20 14:52:08 - [TEST_STEP][PASSED] - sendKeys(findTestObject("ADMIN/Edit Text/Bespoke/Seller Pages/Order History/input_REFUNDED_payment-status-txt"), "*"): Keys '*' sent to object: 'Object Repository/ADMIN/Edit Text/Bespoke/Seller Pages/Order History/input_REFUNDED_payment-status-txt'

2020-03-20 14:52:08 - [MESSAGE][PASSED] - Keys '*' sent to object: 'Object Repository/ADMIN/Edit Text/Bespoke/Seller Pages/Order History/input_REFUNDED_payment-status-txt'

2020-03-20 14:52:08 - [TEST_STEP][PASSED] - sendKeys(findTestObject("ADMIN/Edit Text/Bespoke/Seller Pages/Order History/input_Delivery_Delivery"), "*"): Keys '*' sent to object: 'Object Repository/ADMIN/Edit Text/Bespoke/Seller Pages/Order History/input_Delivery_Delivery'

2020-03-20 14:52:08 - [MESSAGE][PASSED] - Keys '*' sent to object: 'Object Repository/ADMIN/Edit Text/Bespoke/Seller Pages/Order History/input_Delivery_Delivery'

2020-03-20 14:52:08 - [TEST_STEP][PASSED] - sendKeys(findTestObject("ADMIN/Edit Text/Bespoke/Seller Pages/Order History/input_Pick-up_Delivery"), "*"): Keys '*' sent to object: 'Object Repository/ADMIN/Edit Text/Bespoke/Seller Pages/Order History/input_Pick-up_Delivery'

2020-03-20 14:52:08 - [MESSAGE][PASSED] - Keys '*' sent to object: 'Object Repository/ADMIN/Edit Text/Bespoke/Seller Pages/Order History/input_Pick-up_Delivery'

2020-03-20 14:52:08 - [TEST_STEP][PASSED] - sendKeys(findTestObject("ADMIN/Edit Text/Bespoke/Seller Pages/Order History/input_New Review_new-review"), "*"): Keys '*' sent to object: 'Object Repository/ADMIN/Edit Text/Bespoke/Seller Pages/Order History/input_New Review_new-review'

2020-03-20 14:52:09 - [MESSAGE][PASSED] - Keys '*' sent to object: 'Object Repository/ADMIN/Edit Text/Bespoke/Seller Pages/Order History/input_New Review_new-review'

2020-03-20 14:52:09 - [TEST_STEP][PASSED] - sendKeys(findTestObject("ADMIN/Edit Text/Bespoke/Seller Pages/Order History/input_ORDER STATUS CHANGE_order-status-txt"), "*"): Keys '*' sent to object: 'Object Repository/ADMIN/Edit Text/Bespoke/Seller Pages/Order History/input_ORDER STATUS CHANGE_order-status-txt'

2020-03-20 14:52:09 - [MESSAGE][PASSED] - Keys '*' sent to object: 'Object Repository/ADMIN/Edit Text/Bespoke/Seller Pages/Order History/input_ORDER STATUS CHANGE_order-status-txt'

2020-03-20 14:52:09 - [TEST_STEP][PASSED] - sendKeys(findTestObject("ADMIN/Edit Text/Bespoke/Seller Pages/Order History/input_you will only"), "*"): Keys '*' sent to object: 'Object Repository/ADMIN/Edit Text/Bespoke/Seller Pages/Order History/input_you will only'

2020-03-20 14:52:09 - [MESSAGE][PASSED] - Keys '*' sent to object: 'Object Repository/ADMIN/Edit Text/Bespoke/Seller Pages/Order History/input_you will only'

2020-03-20 14:52:09 - [TEST_STEP][PASSED] - sendKeys(findTestObject("ADMIN/Edit Text/Bespoke/Seller Pages/Order History/input_Your order(s) selected delivery type is_popup-title2"), "*"): Keys '*' sent to object: 'Object Repository/ADMIN/Edit Text/Bespoke/Seller Pages/Order History/input_Your order(s) selected delivery type is_popup-title2'

2020-03-20 14:52:09 - [MESSAGE][PASSED] - Keys '*' sent to object: 'Object Repository/ADMIN/Edit Text/Bespoke/Seller Pages/Order History/input_Your order(s) selected delivery type is_popup-title2'

2020-03-20 14:52:09 - [TEST_STEP][PASSED] - sendKeys(findTestObject("ADMIN/Edit Text/Bespoke/Seller Pages/Order History/input_Your order(s) selected delivery type is_popup-title3"), "*"): Keys '*' sent to object: 'Object Repository/ADMIN/Edit Text/Bespoke/Seller Pages/Order History/input_Your order(s) selected delivery type is_popup-title3'

2020-03-20 14:52:10 - [MESSAGE][PASSED] - Keys '*' sent to object: 'Object Repository/ADMIN/Edit Text/Bespoke/Seller Pages/Order History/input_Your order(s) selected delivery type is_popup-title3'

2020-03-20 14:52:10 - [TEST_STEP][PASSED] - sendKeys(findTestObject("ADMIN/Edit Text/Bespoke/Seller Pages/Order History/input_Change Status_btn_okay"), "*"): Keys '*' sent to object: 'Object Repository/ADMIN/Edit Text/Bespoke/Seller Pages/Order History/input_Change Status_btn_okay'

2020-03-20 14:52:10 - [MESSAGE][PASSED] - Keys '*' sent to object: 'Object Repository/ADMIN/Edit Text/Bespoke/Seller Pages/Order History/input_Change Status_btn_okay'

2020-03-20 14:52:10 - [TEST_STEP][PASSED] - sendKeys(findTestObject("ADMIN/Edit Text/Bespoke/Seller Pages/Order History/input_STATUS CHANGED_popup-title"), "*"): Keys '*' sent to object: 'Object Repository/ADMIN/Edit Text/Bespoke/Seller Pages/Order History/input_STATUS CHANGED_popup-title'

2020-03-20 14:52:11 - [MESSAGE][PASSED] - Keys '*' sent to object: 'Object Repository/ADMIN/Edit Text/Bespoke/Seller Pages/Order History/input_STATUS CHANGED_popup-title'

2020-03-20 14:52:11 - [TEST_STEP][PASSED] - sendKeys(findTestObject("ADMIN/Edit Text/Bespoke/Seller Pages/Order History/textarea_The order status for this item has been updated"), "*"): Keys '*' sent to object: 'Object Repository/ADMIN/Edit Text/Bespoke/Seller Pages/Order History/textarea_The order status for this item has been updated'

2020-03-20 14:52:11 - [MESSAGE][PASSED] - Keys '*' sent to object: 'Object Repository/ADMIN/Edit Text/Bespoke/Seller Pages/Order History/textarea_The order status for this item has been updated'

2020-03-20 14:52:11 - [TEST_STEP][PASSED] - sendKeys(findTestObject("ADMIN/Edit Text/Bespoke/Seller Pages/Order History/input_Okay_btn_okay"), "*"): Keys '*' sent to object: 'Object Repository/ADMIN/Edit Text/Bespoke/Seller Pages/Order History/input_Okay_btn_okay'

2020-03-20 14:52:11 - [MESSAGE][PASSED] - Keys '*' sent to object: 'Object Repository/ADMIN/Edit Text/Bespoke/Seller Pages/Order History/input_Okay_btn_okay'

2020-03-20 14:52:11 - [TEST_STEP][PASSED] - click(findTestObject("ADMIN/Edit Text/Bespoke/Buyer Pages/Homepage/button_save"), CONTINUE_ON_FAILURE): Object: 'Object Repository/ADMIN/Edit Text/Bespoke/Buyer Pages/Homepage/button_save' is clicked on

2020-03-20 14:52:11 - [MESSAGE][PASSED] - Object: 'Object Repository/ADMIN/Edit Text/Bespoke/Buyer Pages/Homepage/button_save' is clicked on

2020-03-20 14:52:11 - [TEST_STEP][PASSED] - waitForElementVisible(findTestObject("ADMIN/Edit Text/Bespoke/Buyer Pages/Homepage/toaster_success"), 0): Object 'Object Repository/ADMIN/Edit Text/Bespoke/Buyer Pages/Homepage/toaster_success' is visible

2020-03-20 14:52:11 - [MESSAGE][WARNING] - Timeout '0' is invalid. Using default page load timeout: '30'

2020-03-20 14:52:12 - [MESSAGE][PASSED] - Object 'Object Repository/ADMIN/Edit Text/Bespoke/Buyer Pages/Homepage/toaster_success' is visible]]></system-out>
         <system-err><![CDATA[]]></system-err>
      </testcase>
      <testcase name="Test Cases/ADMIN/Language/Edit Text/Bespoke/Seller/Order History" time="9.53" classname="Test Cases/ADMIN/Language/Edit Text/Bespoke/Seller/Order History" status="PASSED">
         <system-out><![CDATA[2020-03-20 14:52:12 - [TEST_CASE][PASSED] - Test Cases/ADMIN/Language/Edit Text/Bespoke/Seller/Order History: Test Cases/ADMIN/Language/Edit Text/Bespoke/Seller/Order History

2020-03-20 14:52:12 - [TEST_STEP][PASSED] - waitForElementVisible(findTestObject("ADMIN/Edit Text/Bespoke/Buyer Navigation/dd_language"), 0): Object 'Object Repository/ADMIN/Edit Text/Bespoke/Buyer Navigation/dd_language' is visible

2020-03-20 14:52:12 - [MESSAGE][WARNING] - Timeout '0' is invalid. Using default page load timeout: '30'

2020-03-20 14:52:12 - [MESSAGE][PASSED] - Object 'Object Repository/ADMIN/Edit Text/Bespoke/Buyer Navigation/dd_language' is visible

2020-03-20 14:52:12 - [TEST_STEP][PASSED] - selectOptionByLabel(findTestObject("ADMIN/Edit Text/Bespoke/Buyer Navigation/dd_language"), varLanguage, false): All options with label 'Portuguese' are selected in object 'Object Repository/ADMIN/Edit Text/Bespoke/Buyer Navigation/dd_language' 

2020-03-20 14:52:14 - [MESSAGE][PASSED] - All options with label 'Portuguese' are selected in object 'Object Repository/ADMIN/Edit Text/Bespoke/Buyer Navigation/dd_language' 

2020-03-20 14:52:14 - [TEST_STEP][PASSED] - sendKeys(findTestObject("ADMIN/Edit Text/Bespoke/Seller Pages/Order History/input_ORDERS_item_name"), "*"): Keys '*' sent to object: 'Object Repository/ADMIN/Edit Text/Bespoke/Seller Pages/Order History/input_ORDERS_item_name'

2020-03-20 14:52:14 - [MESSAGE][PASSED] - Keys '*' sent to object: 'Object Repository/ADMIN/Edit Text/Bespoke/Seller Pages/Order History/input_ORDERS_item_name'

2020-03-20 14:52:14 - [TEST_STEP][PASSED] - sendKeys(findTestObject("ADMIN/Edit Text/Bespoke/Seller Pages/Order History/input_manage all"), "*"): Keys '*' sent to object: 'Object Repository/ADMIN/Edit Text/Bespoke/Seller Pages/Order History/input_manage all'

2020-03-20 14:52:14 - [MESSAGE][PASSED] - Keys '*' sent to object: 'Object Repository/ADMIN/Edit Text/Bespoke/Seller Pages/Order History/input_manage all'

2020-03-20 14:52:14 - [TEST_STEP][PASSED] - sendKeys(findTestObject("ADMIN/Edit Text/Bespoke/Seller Pages/Order History/input_Search by Order ID_search-by"), "*"): Keys '*' sent to object: 'Object Repository/ADMIN/Edit Text/Bespoke/Seller Pages/Order History/input_Search by Order ID_search-by'

2020-03-20 14:52:14 - [MESSAGE][PASSED] - Keys '*' sent to object: 'Object Repository/ADMIN/Edit Text/Bespoke/Seller Pages/Order History/input_Search by Order ID_search-by'

2020-03-20 14:52:14 - [TEST_STEP][PASSED] - sendKeys(findTestObject("ADMIN/Edit Text/Bespoke/Seller Pages/Order History/input_CHANGE STATUS_btn_upload"), "*"): Keys '*' sent to object: 'Object Repository/ADMIN/Edit Text/Bespoke/Seller Pages/Order History/input_CHANGE STATUS_btn_upload'

2020-03-20 14:52:14 - [MESSAGE][PASSED] - Keys '*' sent to object: 'Object Repository/ADMIN/Edit Text/Bespoke/Seller Pages/Order History/input_CHANGE STATUS_btn_upload'

2020-03-20 14:52:14 - [TEST_STEP][PASSED] - sendKeys(findTestObject("ADMIN/Edit Text/Bespoke/Seller Pages/Order History/input_ORDER NO_order-id-txt"), "*"): Keys '*' sent to object: 'Object Repository/ADMIN/Edit Text/Bespoke/Seller Pages/Order History/input_ORDER NO_order-id-txt'

2020-03-20 14:52:15 - [MESSAGE][PASSED] - Keys '*' sent to object: 'Object Repository/ADMIN/Edit Text/Bespoke/Seller Pages/Order History/input_ORDER NO_order-id-txt'

2020-03-20 14:52:15 - [TEST_STEP][PASSED] - sendKeys(findTestObject("ADMIN/Edit Text/Bespoke/Seller Pages/Order History/input_INVOICE NO_invoice-id-txt"), "*"): Keys '*' sent to object: 'Object Repository/ADMIN/Edit Text/Bespoke/Seller Pages/Order History/input_INVOICE NO_invoice-id-txt'

2020-03-20 14:52:15 - [MESSAGE][PASSED] - Keys '*' sent to object: 'Object Repository/ADMIN/Edit Text/Bespoke/Seller Pages/Order History/input_INVOICE NO_invoice-id-txt'

2020-03-20 14:52:15 - [TEST_STEP][PASSED] - sendKeys(findTestObject("ADMIN/Edit Text/Bespoke/Seller Pages/Order History/input_TIMESTAMP_timestamp-txt"), "*"): Keys '*' sent to object: 'Object Repository/ADMIN/Edit Text/Bespoke/Seller Pages/Order History/input_TIMESTAMP_timestamp-txt'

2020-03-20 14:52:15 - [MESSAGE][PASSED] - Keys '*' sent to object: 'Object Repository/ADMIN/Edit Text/Bespoke/Seller Pages/Order History/input_TIMESTAMP_timestamp-txt'

2020-03-20 14:52:15 - [TEST_STEP][PASSED] - sendKeys(findTestObject("ADMIN/Edit Text/Bespoke/Seller Pages/Order History/input_ORDER TOTAL_item-txt"), "*"): Keys '*' sent to object: 'Object Repository/ADMIN/Edit Text/Bespoke/Seller Pages/Order History/input_ORDER TOTAL_item-txt'

2020-03-20 14:52:15 - [MESSAGE][PASSED] - Keys '*' sent to object: 'Object Repository/ADMIN/Edit Text/Bespoke/Seller Pages/Order History/input_ORDER TOTAL_item-txt'

2020-03-20 14:52:15 - [TEST_STEP][PASSED] - sendKeys(findTestObject("ADMIN/Edit Text/Bespoke/Seller Pages/Order History/input_NO OF ITEM(S)_qty-txt"), "*"): Keys '*' sent to object: 'Object Repository/ADMIN/Edit Text/Bespoke/Seller Pages/Order History/input_NO OF ITEM(S)_qty-txt'

2020-03-20 14:52:16 - [MESSAGE][PASSED] - Keys '*' sent to object: 'Object Repository/ADMIN/Edit Text/Bespoke/Seller Pages/Order History/input_NO OF ITEM(S)_qty-txt'

2020-03-20 14:52:16 - [TEST_STEP][PASSED] - sendKeys(findTestObject("ADMIN/Edit Text/Bespoke/Seller Pages/Order History/input_PAYMENT TYPE_delivery-txt"), "*"): Keys '*' sent to object: 'Object Repository/ADMIN/Edit Text/Bespoke/Seller Pages/Order History/input_PAYMENT TYPE_delivery-txt'

2020-03-20 14:52:16 - [MESSAGE][PASSED] - Keys '*' sent to object: 'Object Repository/ADMIN/Edit Text/Bespoke/Seller Pages/Order History/input_PAYMENT TYPE_delivery-txt'

2020-03-20 14:52:16 - [TEST_STEP][PASSED] - sendKeys(findTestObject("ADMIN/Edit Text/Bespoke/Seller Pages/Order History/input_ORDER STATUS_order-status-txt"), "*"): Keys '*' sent to object: 'Object Repository/ADMIN/Edit Text/Bespoke/Seller Pages/Order History/input_ORDER STATUS_order-status-txt'

2020-03-20 14:52:16 - [MESSAGE][PASSED] - Keys '*' sent to object: 'Object Repository/ADMIN/Edit Text/Bespoke/Seller Pages/Order History/input_ORDER STATUS_order-status-txt'

2020-03-20 14:52:16 - [TEST_STEP][PASSED] - sendKeys(findTestObject("ADMIN/Edit Text/Bespoke/Seller Pages/Order History/input_REVIEW_review-txt"), "*"): Keys '*' sent to object: 'Object Repository/ADMIN/Edit Text/Bespoke/Seller Pages/Order History/input_REVIEW_review-txt'

2020-03-20 14:52:16 - [MESSAGE][PASSED] - Keys '*' sent to object: 'Object Repository/ADMIN/Edit Text/Bespoke/Seller Pages/Order History/input_REVIEW_review-txt'

2020-03-20 14:52:16 - [TEST_STEP][PASSED] - sendKeys(findTestObject("ADMIN/Edit Text/Bespoke/Seller Pages/Order History/input_PAYMENT STATUS_payment-type-txt"), "*"): Keys '*' sent to object: 'Object Repository/ADMIN/Edit Text/Bespoke/Seller Pages/Order History/input_PAYMENT STATUS_payment-type-txt'

2020-03-20 14:52:16 - [MESSAGE][PASSED] - Keys '*' sent to object: 'Object Repository/ADMIN/Edit Text/Bespoke/Seller Pages/Order History/input_PAYMENT STATUS_payment-type-txt'

2020-03-20 14:52:16 - [TEST_STEP][PASSED] - sendKeys(findTestObject("ADMIN/Edit Text/Bespoke/Seller Pages/Order History/input_REFUNDED_payment-status-txt"), "*"): Keys '*' sent to object: 'Object Repository/ADMIN/Edit Text/Bespoke/Seller Pages/Order History/input_REFUNDED_payment-status-txt'

2020-03-20 14:52:17 - [MESSAGE][PASSED] - Keys '*' sent to object: 'Object Repository/ADMIN/Edit Text/Bespoke/Seller Pages/Order History/input_REFUNDED_payment-status-txt'

2020-03-20 14:52:17 - [TEST_STEP][PASSED] - sendKeys(findTestObject("ADMIN/Edit Text/Bespoke/Seller Pages/Order History/input_Delivery_Delivery"), "*"): Keys '*' sent to object: 'Object Repository/ADMIN/Edit Text/Bespoke/Seller Pages/Order History/input_Delivery_Delivery'

2020-03-20 14:52:17 - [MESSAGE][PASSED] - Keys '*' sent to object: 'Object Repository/ADMIN/Edit Text/Bespoke/Seller Pages/Order History/input_Delivery_Delivery'

2020-03-20 14:52:17 - [TEST_STEP][PASSED] - sendKeys(findTestObject("ADMIN/Edit Text/Bespoke/Seller Pages/Order History/input_Pick-up_Delivery"), "*"): Keys '*' sent to object: 'Object Repository/ADMIN/Edit Text/Bespoke/Seller Pages/Order History/input_Pick-up_Delivery'

2020-03-20 14:52:17 - [MESSAGE][PASSED] - Keys '*' sent to object: 'Object Repository/ADMIN/Edit Text/Bespoke/Seller Pages/Order History/input_Pick-up_Delivery'

2020-03-20 14:52:17 - [TEST_STEP][PASSED] - sendKeys(findTestObject("ADMIN/Edit Text/Bespoke/Seller Pages/Order History/input_New Review_new-review"), "*"): Keys '*' sent to object: 'Object Repository/ADMIN/Edit Text/Bespoke/Seller Pages/Order History/input_New Review_new-review'

2020-03-20 14:52:17 - [MESSAGE][PASSED] - Keys '*' sent to object: 'Object Repository/ADMIN/Edit Text/Bespoke/Seller Pages/Order History/input_New Review_new-review'

2020-03-20 14:52:17 - [TEST_STEP][PASSED] - sendKeys(findTestObject("ADMIN/Edit Text/Bespoke/Seller Pages/Order History/input_ORDER STATUS CHANGE_order-status-txt"), "*"): Keys '*' sent to object: 'Object Repository/ADMIN/Edit Text/Bespoke/Seller Pages/Order History/input_ORDER STATUS CHANGE_order-status-txt'

2020-03-20 14:52:18 - [MESSAGE][PASSED] - Keys '*' sent to object: 'Object Repository/ADMIN/Edit Text/Bespoke/Seller Pages/Order History/input_ORDER STATUS CHANGE_order-status-txt'

2020-03-20 14:52:18 - [TEST_STEP][PASSED] - sendKeys(findTestObject("ADMIN/Edit Text/Bespoke/Seller Pages/Order History/input_you will only"), "*"): Keys '*' sent to object: 'Object Repository/ADMIN/Edit Text/Bespoke/Seller Pages/Order History/input_you will only'

2020-03-20 14:52:18 - [MESSAGE][PASSED] - Keys '*' sent to object: 'Object Repository/ADMIN/Edit Text/Bespoke/Seller Pages/Order History/input_you will only'

2020-03-20 14:52:18 - [TEST_STEP][PASSED] - sendKeys(findTestObject("ADMIN/Edit Text/Bespoke/Seller Pages/Order History/input_Your order(s) selected delivery type is_popup-title2"), "*"): Keys '*' sent to object: 'Object Repository/ADMIN/Edit Text/Bespoke/Seller Pages/Order History/input_Your order(s) selected delivery type is_popup-title2'

2020-03-20 14:52:19 - [MESSAGE][PASSED] - Keys '*' sent to object: 'Object Repository/ADMIN/Edit Text/Bespoke/Seller Pages/Order History/input_Your order(s) selected delivery type is_popup-title2'

2020-03-20 14:52:19 - [TEST_STEP][PASSED] - sendKeys(findTestObject("ADMIN/Edit Text/Bespoke/Seller Pages/Order History/input_Your order(s) selected delivery type is_popup-title3"), "*"): Keys '*' sent to object: 'Object Repository/ADMIN/Edit Text/Bespoke/Seller Pages/Order History/input_Your order(s) selected delivery type is_popup-title3'

2020-03-20 14:52:20 - [MESSAGE][PASSED] - Keys '*' sent to object: 'Object Repository/ADMIN/Edit Text/Bespoke/Seller Pages/Order History/input_Your order(s) selected delivery type is_popup-title3'

2020-03-20 14:52:20 - [TEST_STEP][PASSED] - sendKeys(findTestObject("ADMIN/Edit Text/Bespoke/Seller Pages/Order History/input_Change Status_btn_okay"), "*"): Keys '*' sent to object: 'Object Repository/ADMIN/Edit Text/Bespoke/Seller Pages/Order History/input_Change Status_btn_okay'

2020-03-20 14:52:20 - [MESSAGE][PASSED] - Keys '*' sent to object: 'Object Repository/ADMIN/Edit Text/Bespoke/Seller Pages/Order History/input_Change Status_btn_okay'

2020-03-20 14:52:20 - [TEST_STEP][PASSED] - sendKeys(findTestObject("ADMIN/Edit Text/Bespoke/Seller Pages/Order History/input_STATUS CHANGED_popup-title"), "*"): Keys '*' sent to object: 'Object Repository/ADMIN/Edit Text/Bespoke/Seller Pages/Order History/input_STATUS CHANGED_popup-title'

2020-03-20 14:52:21 - [MESSAGE][PASSED] - Keys '*' sent to object: 'Object Repository/ADMIN/Edit Text/Bespoke/Seller Pages/Order History/input_STATUS CHANGED_popup-title'

2020-03-20 14:52:21 - [TEST_STEP][PASSED] - sendKeys(findTestObject("ADMIN/Edit Text/Bespoke/Seller Pages/Order History/textarea_The order status for this item has been updated"), "*"): Keys '*' sent to object: 'Object Repository/ADMIN/Edit Text/Bespoke/Seller Pages/Order History/textarea_The order status for this item has been updated'

2020-03-20 14:52:21 - [MESSAGE][PASSED] - Keys '*' sent to object: 'Object Repository/ADMIN/Edit Text/Bespoke/Seller Pages/Order History/textarea_The order status for this item has been updated'

2020-03-20 14:52:21 - [TEST_STEP][PASSED] - sendKeys(findTestObject("ADMIN/Edit Text/Bespoke/Seller Pages/Order History/input_Okay_btn_okay"), "*"): Keys '*' sent to object: 'Object Repository/ADMIN/Edit Text/Bespoke/Seller Pages/Order History/input_Okay_btn_okay'

2020-03-20 14:52:21 - [MESSAGE][PASSED] - Keys '*' sent to object: 'Object Repository/ADMIN/Edit Text/Bespoke/Seller Pages/Order History/input_Okay_btn_okay'

2020-03-20 14:52:21 - [TEST_STEP][PASSED] - click(findTestObject("ADMIN/Edit Text/Bespoke/Buyer Pages/Homepage/button_save"), CONTINUE_ON_FAILURE): Object: 'Object Repository/ADMIN/Edit Text/Bespoke/Buyer Pages/Homepage/button_save' is clicked on

2020-03-20 14:52:21 - [MESSAGE][PASSED] - Object: 'Object Repository/ADMIN/Edit Text/Bespoke/Buyer Pages/Homepage/button_save' is clicked on

2020-03-20 14:52:21 - [TEST_STEP][PASSED] - waitForElementVisible(findTestObject("ADMIN/Edit Text/Bespoke/Buyer Pages/Homepage/toaster_success"), 0): Object 'Object Repository/ADMIN/Edit Text/Bespoke/Buyer Pages/Homepage/toaster_success' is visible

2020-03-20 14:52:21 - [MESSAGE][WARNING] - Timeout '0' is invalid. Using default page load timeout: '30'

2020-03-20 14:52:22 - [MESSAGE][PASSED] - Object 'Object Repository/ADMIN/Edit Text/Bespoke/Buyer Pages/Homepage/toaster_success' is visible]]></system-out>
         <system-err><![CDATA[]]></system-err>
      </testcase>
      <testcase name="Test Cases/ADMIN/Language/Edit Text/Bespoke/Seller/Order History" time="7.973" classname="Test Cases/ADMIN/Language/Edit Text/Bespoke/Seller/Order History" status="PASSED">
         <system-out><![CDATA[2020-03-20 14:52:22 - [TEST_CASE][PASSED] - Test Cases/ADMIN/Language/Edit Text/Bespoke/Seller/Order History: Test Cases/ADMIN/Language/Edit Text/Bespoke/Seller/Order History

2020-03-20 14:52:22 - [TEST_STEP][PASSED] - waitForElementVisible(findTestObject("ADMIN/Edit Text/Bespoke/Buyer Navigation/dd_language"), 0): Object 'Object Repository/ADMIN/Edit Text/Bespoke/Buyer Navigation/dd_language' is visible

2020-03-20 14:52:22 - [MESSAGE][WARNING] - Timeout '0' is invalid. Using default page load timeout: '30'

2020-03-20 14:52:22 - [MESSAGE][PASSED] - Object 'Object Repository/ADMIN/Edit Text/Bespoke/Buyer Navigation/dd_language' is visible

2020-03-20 14:52:22 - [TEST_STEP][PASSED] - selectOptionByLabel(findTestObject("ADMIN/Edit Text/Bespoke/Buyer Navigation/dd_language"), varLanguage, false): All options with label 'Indonesian' are selected in object 'Object Repository/ADMIN/Edit Text/Bespoke/Buyer Navigation/dd_language' 

2020-03-20 14:52:23 - [MESSAGE][PASSED] - All options with label 'Indonesian' are selected in object 'Object Repository/ADMIN/Edit Text/Bespoke/Buyer Navigation/dd_language' 

2020-03-20 14:52:23 - [TEST_STEP][PASSED] - sendKeys(findTestObject("ADMIN/Edit Text/Bespoke/Seller Pages/Order History/input_ORDERS_item_name"), "*"): Keys '*' sent to object: 'Object Repository/ADMIN/Edit Text/Bespoke/Seller Pages/Order History/input_ORDERS_item_name'

2020-03-20 14:52:23 - [MESSAGE][PASSED] - Keys '*' sent to object: 'Object Repository/ADMIN/Edit Text/Bespoke/Seller Pages/Order History/input_ORDERS_item_name'

2020-03-20 14:52:23 - [TEST_STEP][PASSED] - sendKeys(findTestObject("ADMIN/Edit Text/Bespoke/Seller Pages/Order History/input_manage all"), "*"): Keys '*' sent to object: 'Object Repository/ADMIN/Edit Text/Bespoke/Seller Pages/Order History/input_manage all'

2020-03-20 14:52:24 - [MESSAGE][PASSED] - Keys '*' sent to object: 'Object Repository/ADMIN/Edit Text/Bespoke/Seller Pages/Order History/input_manage all'

2020-03-20 14:52:24 - [TEST_STEP][PASSED] - sendKeys(findTestObject("ADMIN/Edit Text/Bespoke/Seller Pages/Order History/input_Search by Order ID_search-by"), "*"): Keys '*' sent to object: 'Object Repository/ADMIN/Edit Text/Bespoke/Seller Pages/Order History/input_Search by Order ID_search-by'

2020-03-20 14:52:24 - [MESSAGE][PASSED] - Keys '*' sent to object: 'Object Repository/ADMIN/Edit Text/Bespoke/Seller Pages/Order History/input_Search by Order ID_search-by'

2020-03-20 14:52:24 - [TEST_STEP][PASSED] - sendKeys(findTestObject("ADMIN/Edit Text/Bespoke/Seller Pages/Order History/input_CHANGE STATUS_btn_upload"), "*"): Keys '*' sent to object: 'Object Repository/ADMIN/Edit Text/Bespoke/Seller Pages/Order History/input_CHANGE STATUS_btn_upload'

2020-03-20 14:52:24 - [MESSAGE][PASSED] - Keys '*' sent to object: 'Object Repository/ADMIN/Edit Text/Bespoke/Seller Pages/Order History/input_CHANGE STATUS_btn_upload'

2020-03-20 14:52:24 - [TEST_STEP][PASSED] - sendKeys(findTestObject("ADMIN/Edit Text/Bespoke/Seller Pages/Order History/input_ORDER NO_order-id-txt"), "*"): Keys '*' sent to object: 'Object Repository/ADMIN/Edit Text/Bespoke/Seller Pages/Order History/input_ORDER NO_order-id-txt'

2020-03-20 14:52:24 - [MESSAGE][PASSED] - Keys '*' sent to object: 'Object Repository/ADMIN/Edit Text/Bespoke/Seller Pages/Order History/input_ORDER NO_order-id-txt'

2020-03-20 14:52:24 - [TEST_STEP][PASSED] - sendKeys(findTestObject("ADMIN/Edit Text/Bespoke/Seller Pages/Order History/input_INVOICE NO_invoice-id-txt"), "*"): Keys '*' sent to object: 'Object Repository/ADMIN/Edit Text/Bespoke/Seller Pages/Order History/input_INVOICE NO_invoice-id-txt'

2020-03-20 14:52:25 - [MESSAGE][PASSED] - Keys '*' sent to object: 'Object Repository/ADMIN/Edit Text/Bespoke/Seller Pages/Order History/input_INVOICE NO_invoice-id-txt'

2020-03-20 14:52:25 - [TEST_STEP][PASSED] - sendKeys(findTestObject("ADMIN/Edit Text/Bespoke/Seller Pages/Order History/input_TIMESTAMP_timestamp-txt"), "*"): Keys '*' sent to object: 'Object Repository/ADMIN/Edit Text/Bespoke/Seller Pages/Order History/input_TIMESTAMP_timestamp-txt'

2020-03-20 14:52:25 - [MESSAGE][PASSED] - Keys '*' sent to object: 'Object Repository/ADMIN/Edit Text/Bespoke/Seller Pages/Order History/input_TIMESTAMP_timestamp-txt'

2020-03-20 14:52:25 - [TEST_STEP][PASSED] - sendKeys(findTestObject("ADMIN/Edit Text/Bespoke/Seller Pages/Order History/input_ORDER TOTAL_item-txt"), "*"): Keys '*' sent to object: 'Object Repository/ADMIN/Edit Text/Bespoke/Seller Pages/Order History/input_ORDER TOTAL_item-txt'

2020-03-20 14:52:25 - [MESSAGE][PASSED] - Keys '*' sent to object: 'Object Repository/ADMIN/Edit Text/Bespoke/Seller Pages/Order History/input_ORDER TOTAL_item-txt'

2020-03-20 14:52:25 - [TEST_STEP][PASSED] - sendKeys(findTestObject("ADMIN/Edit Text/Bespoke/Seller Pages/Order History/input_NO OF ITEM(S)_qty-txt"), "*"): Keys '*' sent to object: 'Object Repository/ADMIN/Edit Text/Bespoke/Seller Pages/Order History/input_NO OF ITEM(S)_qty-txt'

2020-03-20 14:52:26 - [MESSAGE][PASSED] - Keys '*' sent to object: 'Object Repository/ADMIN/Edit Text/Bespoke/Seller Pages/Order History/input_NO OF ITEM(S)_qty-txt'

2020-03-20 14:52:26 - [TEST_STEP][PASSED] - sendKeys(findTestObject("ADMIN/Edit Text/Bespoke/Seller Pages/Order History/input_PAYMENT TYPE_delivery-txt"), "*"): Keys '*' sent to object: 'Object Repository/ADMIN/Edit Text/Bespoke/Seller Pages/Order History/input_PAYMENT TYPE_delivery-txt'

2020-03-20 14:52:26 - [MESSAGE][PASSED] - Keys '*' sent to object: 'Object Repository/ADMIN/Edit Text/Bespoke/Seller Pages/Order History/input_PAYMENT TYPE_delivery-txt'

2020-03-20 14:52:26 - [TEST_STEP][PASSED] - sendKeys(findTestObject("ADMIN/Edit Text/Bespoke/Seller Pages/Order History/input_ORDER STATUS_order-status-txt"), "*"): Keys '*' sent to object: 'Object Repository/ADMIN/Edit Text/Bespoke/Seller Pages/Order History/input_ORDER STATUS_order-status-txt'

2020-03-20 14:52:26 - [MESSAGE][PASSED] - Keys '*' sent to object: 'Object Repository/ADMIN/Edit Text/Bespoke/Seller Pages/Order History/input_ORDER STATUS_order-status-txt'

2020-03-20 14:52:26 - [TEST_STEP][PASSED] - sendKeys(findTestObject("ADMIN/Edit Text/Bespoke/Seller Pages/Order History/input_REVIEW_review-txt"), "*"): Keys '*' sent to object: 'Object Repository/ADMIN/Edit Text/Bespoke/Seller Pages/Order History/input_REVIEW_review-txt'

2020-03-20 14:52:27 - [MESSAGE][PASSED] - Keys '*' sent to object: 'Object Repository/ADMIN/Edit Text/Bespoke/Seller Pages/Order History/input_REVIEW_review-txt'

2020-03-20 14:52:27 - [TEST_STEP][PASSED] - sendKeys(findTestObject("ADMIN/Edit Text/Bespoke/Seller Pages/Order History/input_PAYMENT STATUS_payment-type-txt"), "*"): Keys '*' sent to object: 'Object Repository/ADMIN/Edit Text/Bespoke/Seller Pages/Order History/input_PAYMENT STATUS_payment-type-txt'

2020-03-20 14:52:27 - [MESSAGE][PASSED] - Keys '*' sent to object: 'Object Repository/ADMIN/Edit Text/Bespoke/Seller Pages/Order History/input_PAYMENT STATUS_payment-type-txt'

2020-03-20 14:52:27 - [TEST_STEP][PASSED] - sendKeys(findTestObject("ADMIN/Edit Text/Bespoke/Seller Pages/Order History/input_REFUNDED_payment-status-txt"), "*"): Keys '*' sent to object: 'Object Repository/ADMIN/Edit Text/Bespoke/Seller Pages/Order History/input_REFUNDED_payment-status-txt'

2020-03-20 14:52:27 - [MESSAGE][PASSED] - Keys '*' sent to object: 'Object Repository/ADMIN/Edit Text/Bespoke/Seller Pages/Order History/input_REFUNDED_payment-status-txt'

2020-03-20 14:52:27 - [TEST_STEP][PASSED] - sendKeys(findTestObject("ADMIN/Edit Text/Bespoke/Seller Pages/Order History/input_Delivery_Delivery"), "*"): Keys '*' sent to object: 'Object Repository/ADMIN/Edit Text/Bespoke/Seller Pages/Order History/input_Delivery_Delivery'

2020-03-20 14:52:27 - [MESSAGE][PASSED] - Keys '*' sent to object: 'Object Repository/ADMIN/Edit Text/Bespoke/Seller Pages/Order History/input_Delivery_Delivery'

2020-03-20 14:52:27 - [TEST_STEP][PASSED] - sendKeys(findTestObject("ADMIN/Edit Text/Bespoke/Seller Pages/Order History/input_Pick-up_Delivery"), "*"): Keys '*' sent to object: 'Object Repository/ADMIN/Edit Text/Bespoke/Seller Pages/Order History/input_Pick-up_Delivery'

2020-03-20 14:52:28 - [MESSAGE][PASSED] - Keys '*' sent to object: 'Object Repository/ADMIN/Edit Text/Bespoke/Seller Pages/Order History/input_Pick-up_Delivery'

2020-03-20 14:52:28 - [TEST_STEP][PASSED] - sendKeys(findTestObject("ADMIN/Edit Text/Bespoke/Seller Pages/Order History/input_New Review_new-review"), "*"): Keys '*' sent to object: 'Object Repository/ADMIN/Edit Text/Bespoke/Seller Pages/Order History/input_New Review_new-review'

2020-03-20 14:52:28 - [MESSAGE][PASSED] - Keys '*' sent to object: 'Object Repository/ADMIN/Edit Text/Bespoke/Seller Pages/Order History/input_New Review_new-review'

2020-03-20 14:52:28 - [TEST_STEP][PASSED] - sendKeys(findTestObject("ADMIN/Edit Text/Bespoke/Seller Pages/Order History/input_ORDER STATUS CHANGE_order-status-txt"), "*"): Keys '*' sent to object: 'Object Repository/ADMIN/Edit Text/Bespoke/Seller Pages/Order History/input_ORDER STATUS CHANGE_order-status-txt'

2020-03-20 14:52:28 - [MESSAGE][PASSED] - Keys '*' sent to object: 'Object Repository/ADMIN/Edit Text/Bespoke/Seller Pages/Order History/input_ORDER STATUS CHANGE_order-status-txt'

2020-03-20 14:52:28 - [TEST_STEP][PASSED] - sendKeys(findTestObject("ADMIN/Edit Text/Bespoke/Seller Pages/Order History/input_you will only"), "*"): Keys '*' sent to object: 'Object Repository/ADMIN/Edit Text/Bespoke/Seller Pages/Order History/input_you will only'

2020-03-20 14:52:28 - [MESSAGE][PASSED] - Keys '*' sent to object: 'Object Repository/ADMIN/Edit Text/Bespoke/Seller Pages/Order History/input_you will only'

2020-03-20 14:52:28 - [TEST_STEP][PASSED] - sendKeys(findTestObject("ADMIN/Edit Text/Bespoke/Seller Pages/Order History/input_Your order(s) selected delivery type is_popup-title2"), "*"): Keys '*' sent to object: 'Object Repository/ADMIN/Edit Text/Bespoke/Seller Pages/Order History/input_Your order(s) selected delivery type is_popup-title2'

2020-03-20 14:52:28 - [MESSAGE][PASSED] - Keys '*' sent to object: 'Object Repository/ADMIN/Edit Text/Bespoke/Seller Pages/Order History/input_Your order(s) selected delivery type is_popup-title2'

2020-03-20 14:52:28 - [TEST_STEP][PASSED] - sendKeys(findTestObject("ADMIN/Edit Text/Bespoke/Seller Pages/Order History/input_Your order(s) selected delivery type is_popup-title3"), "*"): Keys '*' sent to object: 'Object Repository/ADMIN/Edit Text/Bespoke/Seller Pages/Order History/input_Your order(s) selected delivery type is_popup-title3'

2020-03-20 14:52:29 - [MESSAGE][PASSED] - Keys '*' sent to object: 'Object Repository/ADMIN/Edit Text/Bespoke/Seller Pages/Order History/input_Your order(s) selected delivery type is_popup-title3'

2020-03-20 14:52:29 - [TEST_STEP][PASSED] - sendKeys(findTestObject("ADMIN/Edit Text/Bespoke/Seller Pages/Order History/input_Change Status_btn_okay"), "*"): Keys '*' sent to object: 'Object Repository/ADMIN/Edit Text/Bespoke/Seller Pages/Order History/input_Change Status_btn_okay'

2020-03-20 14:52:29 - [MESSAGE][PASSED] - Keys '*' sent to object: 'Object Repository/ADMIN/Edit Text/Bespoke/Seller Pages/Order History/input_Change Status_btn_okay'

2020-03-20 14:52:29 - [TEST_STEP][PASSED] - sendKeys(findTestObject("ADMIN/Edit Text/Bespoke/Seller Pages/Order History/input_STATUS CHANGED_popup-title"), "*"): Keys '*' sent to object: 'Object Repository/ADMIN/Edit Text/Bespoke/Seller Pages/Order History/input_STATUS CHANGED_popup-title'

2020-03-20 14:52:29 - [MESSAGE][PASSED] - Keys '*' sent to object: 'Object Repository/ADMIN/Edit Text/Bespoke/Seller Pages/Order History/input_STATUS CHANGED_popup-title'

2020-03-20 14:52:29 - [TEST_STEP][PASSED] - sendKeys(findTestObject("ADMIN/Edit Text/Bespoke/Seller Pages/Order History/textarea_The order status for this item has been updated"), "*"): Keys '*' sent to object: 'Object Repository/ADMIN/Edit Text/Bespoke/Seller Pages/Order History/textarea_The order status for this item has been updated'

2020-03-20 14:52:29 - [MESSAGE][PASSED] - Keys '*' sent to object: 'Object Repository/ADMIN/Edit Text/Bespoke/Seller Pages/Order History/textarea_The order status for this item has been updated'

2020-03-20 14:52:29 - [TEST_STEP][PASSED] - sendKeys(findTestObject("ADMIN/Edit Text/Bespoke/Seller Pages/Order History/input_Okay_btn_okay"), "*"): Keys '*' sent to object: 'Object Repository/ADMIN/Edit Text/Bespoke/Seller Pages/Order History/input_Okay_btn_okay'

2020-03-20 14:52:29 - [MESSAGE][PASSED] - Keys '*' sent to object: 'Object Repository/ADMIN/Edit Text/Bespoke/Seller Pages/Order History/input_Okay_btn_okay'

2020-03-20 14:52:29 - [TEST_STEP][PASSED] - click(findTestObject("ADMIN/Edit Text/Bespoke/Buyer Pages/Homepage/button_save"), CONTINUE_ON_FAILURE): Object: 'Object Repository/ADMIN/Edit Text/Bespoke/Buyer Pages/Homepage/button_save' is clicked on

2020-03-20 14:52:29 - [MESSAGE][PASSED] - Object: 'Object Repository/ADMIN/Edit Text/Bespoke/Buyer Pages/Homepage/button_save' is clicked on

2020-03-20 14:52:29 - [TEST_STEP][PASSED] - waitForElementVisible(findTestObject("ADMIN/Edit Text/Bespoke/Buyer Pages/Homepage/toaster_success"), 0): Object 'Object Repository/ADMIN/Edit Text/Bespoke/Buyer Pages/Homepage/toaster_success' is visible

2020-03-20 14:52:30 - [MESSAGE][WARNING] - Timeout '0' is invalid. Using default page load timeout: '30'

2020-03-20 14:52:30 - [MESSAGE][PASSED] - Object 'Object Repository/ADMIN/Edit Text/Bespoke/Buyer Pages/Homepage/toaster_success' is visible]]></system-out>
         <system-err><![CDATA[]]></system-err>
      </testcase>
      <testcase name="Test Cases/ADMIN/Language/Edit Text/Bespoke/Seller/Order History" time="7.943" classname="Test Cases/ADMIN/Language/Edit Text/Bespoke/Seller/Order History" status="PASSED">
         <system-out><![CDATA[2020-03-20 14:52:30 - [TEST_CASE][PASSED] - Test Cases/ADMIN/Language/Edit Text/Bespoke/Seller/Order History: Test Cases/ADMIN/Language/Edit Text/Bespoke/Seller/Order History

2020-03-20 14:52:30 - [TEST_STEP][PASSED] - waitForElementVisible(findTestObject("ADMIN/Edit Text/Bespoke/Buyer Navigation/dd_language"), 0): Object 'Object Repository/ADMIN/Edit Text/Bespoke/Buyer Navigation/dd_language' is visible

2020-03-20 14:52:30 - [MESSAGE][WARNING] - Timeout '0' is invalid. Using default page load timeout: '30'

2020-03-20 14:52:30 - [MESSAGE][PASSED] - Object 'Object Repository/ADMIN/Edit Text/Bespoke/Buyer Navigation/dd_language' is visible

2020-03-20 14:52:30 - [TEST_STEP][PASSED] - selectOptionByLabel(findTestObject("ADMIN/Edit Text/Bespoke/Buyer Navigation/dd_language"), varLanguage, false): All options with label 'Russian' are selected in object 'Object Repository/ADMIN/Edit Text/Bespoke/Buyer Navigation/dd_language' 

2020-03-20 14:52:31 - [MESSAGE][PASSED] - All options with label 'Russian' are selected in object 'Object Repository/ADMIN/Edit Text/Bespoke/Buyer Navigation/dd_language' 

2020-03-20 14:52:31 - [TEST_STEP][PASSED] - sendKeys(findTestObject("ADMIN/Edit Text/Bespoke/Seller Pages/Order History/input_ORDERS_item_name"), "*"): Keys '*' sent to object: 'Object Repository/ADMIN/Edit Text/Bespoke/Seller Pages/Order History/input_ORDERS_item_name'

2020-03-20 14:52:31 - [MESSAGE][PASSED] - Keys '*' sent to object: 'Object Repository/ADMIN/Edit Text/Bespoke/Seller Pages/Order History/input_ORDERS_item_name'

2020-03-20 14:52:31 - [TEST_STEP][PASSED] - sendKeys(findTestObject("ADMIN/Edit Text/Bespoke/Seller Pages/Order History/input_manage all"), "*"): Keys '*' sent to object: 'Object Repository/ADMIN/Edit Text/Bespoke/Seller Pages/Order History/input_manage all'

2020-03-20 14:52:32 - [MESSAGE][PASSED] - Keys '*' sent to object: 'Object Repository/ADMIN/Edit Text/Bespoke/Seller Pages/Order History/input_manage all'

2020-03-20 14:52:32 - [TEST_STEP][PASSED] - sendKeys(findTestObject("ADMIN/Edit Text/Bespoke/Seller Pages/Order History/input_Search by Order ID_search-by"), "*"): Keys '*' sent to object: 'Object Repository/ADMIN/Edit Text/Bespoke/Seller Pages/Order History/input_Search by Order ID_search-by'

2020-03-20 14:52:32 - [MESSAGE][PASSED] - Keys '*' sent to object: 'Object Repository/ADMIN/Edit Text/Bespoke/Seller Pages/Order History/input_Search by Order ID_search-by'

2020-03-20 14:52:32 - [TEST_STEP][PASSED] - sendKeys(findTestObject("ADMIN/Edit Text/Bespoke/Seller Pages/Order History/input_CHANGE STATUS_btn_upload"), "*"): Keys '*' sent to object: 'Object Repository/ADMIN/Edit Text/Bespoke/Seller Pages/Order History/input_CHANGE STATUS_btn_upload'

2020-03-20 14:52:32 - [MESSAGE][PASSED] - Keys '*' sent to object: 'Object Repository/ADMIN/Edit Text/Bespoke/Seller Pages/Order History/input_CHANGE STATUS_btn_upload'

2020-03-20 14:52:32 - [TEST_STEP][PASSED] - sendKeys(findTestObject("ADMIN/Edit Text/Bespoke/Seller Pages/Order History/input_ORDER NO_order-id-txt"), "*"): Keys '*' sent to object: 'Object Repository/ADMIN/Edit Text/Bespoke/Seller Pages/Order History/input_ORDER NO_order-id-txt'

2020-03-20 14:52:33 - [MESSAGE][PASSED] - Keys '*' sent to object: 'Object Repository/ADMIN/Edit Text/Bespoke/Seller Pages/Order History/input_ORDER NO_order-id-txt'

2020-03-20 14:52:33 - [TEST_STEP][PASSED] - sendKeys(findTestObject("ADMIN/Edit Text/Bespoke/Seller Pages/Order History/input_INVOICE NO_invoice-id-txt"), "*"): Keys '*' sent to object: 'Object Repository/ADMIN/Edit Text/Bespoke/Seller Pages/Order History/input_INVOICE NO_invoice-id-txt'

2020-03-20 14:52:33 - [MESSAGE][PASSED] - Keys '*' sent to object: 'Object Repository/ADMIN/Edit Text/Bespoke/Seller Pages/Order History/input_INVOICE NO_invoice-id-txt'

2020-03-20 14:52:33 - [TEST_STEP][PASSED] - sendKeys(findTestObject("ADMIN/Edit Text/Bespoke/Seller Pages/Order History/input_TIMESTAMP_timestamp-txt"), "*"): Keys '*' sent to object: 'Object Repository/ADMIN/Edit Text/Bespoke/Seller Pages/Order History/input_TIMESTAMP_timestamp-txt'

2020-03-20 14:52:33 - [MESSAGE][PASSED] - Keys '*' sent to object: 'Object Repository/ADMIN/Edit Text/Bespoke/Seller Pages/Order History/input_TIMESTAMP_timestamp-txt'

2020-03-20 14:52:33 - [TEST_STEP][PASSED] - sendKeys(findTestObject("ADMIN/Edit Text/Bespoke/Seller Pages/Order History/input_ORDER TOTAL_item-txt"), "*"): Keys '*' sent to object: 'Object Repository/ADMIN/Edit Text/Bespoke/Seller Pages/Order History/input_ORDER TOTAL_item-txt'

2020-03-20 14:52:33 - [MESSAGE][PASSED] - Keys '*' sent to object: 'Object Repository/ADMIN/Edit Text/Bespoke/Seller Pages/Order History/input_ORDER TOTAL_item-txt'

2020-03-20 14:52:33 - [TEST_STEP][PASSED] - sendKeys(findTestObject("ADMIN/Edit Text/Bespoke/Seller Pages/Order History/input_NO OF ITEM(S)_qty-txt"), "*"): Keys '*' sent to object: 'Object Repository/ADMIN/Edit Text/Bespoke/Seller Pages/Order History/input_NO OF ITEM(S)_qty-txt'

2020-03-20 14:52:33 - [MESSAGE][PASSED] - Keys '*' sent to object: 'Object Repository/ADMIN/Edit Text/Bespoke/Seller Pages/Order History/input_NO OF ITEM(S)_qty-txt'

2020-03-20 14:52:33 - [TEST_STEP][PASSED] - sendKeys(findTestObject("ADMIN/Edit Text/Bespoke/Seller Pages/Order History/input_PAYMENT TYPE_delivery-txt"), "*"): Keys '*' sent to object: 'Object Repository/ADMIN/Edit Text/Bespoke/Seller Pages/Order History/input_PAYMENT TYPE_delivery-txt'

2020-03-20 14:52:34 - [MESSAGE][PASSED] - Keys '*' sent to object: 'Object Repository/ADMIN/Edit Text/Bespoke/Seller Pages/Order History/input_PAYMENT TYPE_delivery-txt'

2020-03-20 14:52:34 - [TEST_STEP][PASSED] - sendKeys(findTestObject("ADMIN/Edit Text/Bespoke/Seller Pages/Order History/input_ORDER STATUS_order-status-txt"), "*"): Keys '*' sent to object: 'Object Repository/ADMIN/Edit Text/Bespoke/Seller Pages/Order History/input_ORDER STATUS_order-status-txt'

2020-03-20 14:52:34 - [MESSAGE][PASSED] - Keys '*' sent to object: 'Object Repository/ADMIN/Edit Text/Bespoke/Seller Pages/Order History/input_ORDER STATUS_order-status-txt'

2020-03-20 14:52:34 - [TEST_STEP][PASSED] - sendKeys(findTestObject("ADMIN/Edit Text/Bespoke/Seller Pages/Order History/input_REVIEW_review-txt"), "*"): Keys '*' sent to object: 'Object Repository/ADMIN/Edit Text/Bespoke/Seller Pages/Order History/input_REVIEW_review-txt'

2020-03-20 14:52:34 - [MESSAGE][PASSED] - Keys '*' sent to object: 'Object Repository/ADMIN/Edit Text/Bespoke/Seller Pages/Order History/input_REVIEW_review-txt'

2020-03-20 14:52:34 - [TEST_STEP][PASSED] - sendKeys(findTestObject("ADMIN/Edit Text/Bespoke/Seller Pages/Order History/input_PAYMENT STATUS_payment-type-txt"), "*"): Keys '*' sent to object: 'Object Repository/ADMIN/Edit Text/Bespoke/Seller Pages/Order History/input_PAYMENT STATUS_payment-type-txt'

2020-03-20 14:52:34 - [MESSAGE][PASSED] - Keys '*' sent to object: 'Object Repository/ADMIN/Edit Text/Bespoke/Seller Pages/Order History/input_PAYMENT STATUS_payment-type-txt'

2020-03-20 14:52:34 - [TEST_STEP][PASSED] - sendKeys(findTestObject("ADMIN/Edit Text/Bespoke/Seller Pages/Order History/input_REFUNDED_payment-status-txt"), "*"): Keys '*' sent to object: 'Object Repository/ADMIN/Edit Text/Bespoke/Seller Pages/Order History/input_REFUNDED_payment-status-txt'

2020-03-20 14:52:34 - [MESSAGE][PASSED] - Keys '*' sent to object: 'Object Repository/ADMIN/Edit Text/Bespoke/Seller Pages/Order History/input_REFUNDED_payment-status-txt'

2020-03-20 14:52:34 - [TEST_STEP][PASSED] - sendKeys(findTestObject("ADMIN/Edit Text/Bespoke/Seller Pages/Order History/input_Delivery_Delivery"), "*"): Keys '*' sent to object: 'Object Repository/ADMIN/Edit Text/Bespoke/Seller Pages/Order History/input_Delivery_Delivery'

2020-03-20 14:52:34 - [MESSAGE][PASSED] - Keys '*' sent to object: 'Object Repository/ADMIN/Edit Text/Bespoke/Seller Pages/Order History/input_Delivery_Delivery'

2020-03-20 14:52:34 - [TEST_STEP][PASSED] - sendKeys(findTestObject("ADMIN/Edit Text/Bespoke/Seller Pages/Order History/input_Pick-up_Delivery"), "*"): Keys '*' sent to object: 'Object Repository/ADMIN/Edit Text/Bespoke/Seller Pages/Order History/input_Pick-up_Delivery'

2020-03-20 14:52:35 - [MESSAGE][PASSED] - Keys '*' sent to object: 'Object Repository/ADMIN/Edit Text/Bespoke/Seller Pages/Order History/input_Pick-up_Delivery'

2020-03-20 14:52:35 - [TEST_STEP][PASSED] - sendKeys(findTestObject("ADMIN/Edit Text/Bespoke/Seller Pages/Order History/input_New Review_new-review"), "*"): Keys '*' sent to object: 'Object Repository/ADMIN/Edit Text/Bespoke/Seller Pages/Order History/input_New Review_new-review'

2020-03-20 14:52:35 - [MESSAGE][PASSED] - Keys '*' sent to object: 'Object Repository/ADMIN/Edit Text/Bespoke/Seller Pages/Order History/input_New Review_new-review'

2020-03-20 14:52:35 - [TEST_STEP][PASSED] - sendKeys(findTestObject("ADMIN/Edit Text/Bespoke/Seller Pages/Order History/input_ORDER STATUS CHANGE_order-status-txt"), "*"): Keys '*' sent to object: 'Object Repository/ADMIN/Edit Text/Bespoke/Seller Pages/Order History/input_ORDER STATUS CHANGE_order-status-txt'

2020-03-20 14:52:35 - [MESSAGE][PASSED] - Keys '*' sent to object: 'Object Repository/ADMIN/Edit Text/Bespoke/Seller Pages/Order History/input_ORDER STATUS CHANGE_order-status-txt'

2020-03-20 14:52:35 - [TEST_STEP][PASSED] - sendKeys(findTestObject("ADMIN/Edit Text/Bespoke/Seller Pages/Order History/input_you will only"), "*"): Keys '*' sent to object: 'Object Repository/ADMIN/Edit Text/Bespoke/Seller Pages/Order History/input_you will only'

2020-03-20 14:52:35 - [MESSAGE][PASSED] - Keys '*' sent to object: 'Object Repository/ADMIN/Edit Text/Bespoke/Seller Pages/Order History/input_you will only'

2020-03-20 14:52:35 - [TEST_STEP][PASSED] - sendKeys(findTestObject("ADMIN/Edit Text/Bespoke/Seller Pages/Order History/input_Your order(s) selected delivery type is_popup-title2"), "*"): Keys '*' sent to object: 'Object Repository/ADMIN/Edit Text/Bespoke/Seller Pages/Order History/input_Your order(s) selected delivery type is_popup-title2'

2020-03-20 14:52:36 - [MESSAGE][PASSED] - Keys '*' sent to object: 'Object Repository/ADMIN/Edit Text/Bespoke/Seller Pages/Order History/input_Your order(s) selected delivery type is_popup-title2'

2020-03-20 14:52:36 - [TEST_STEP][PASSED] - sendKeys(findTestObject("ADMIN/Edit Text/Bespoke/Seller Pages/Order History/input_Your order(s) selected delivery type is_popup-title3"), "*"): Keys '*' sent to object: 'Object Repository/ADMIN/Edit Text/Bespoke/Seller Pages/Order History/input_Your order(s) selected delivery type is_popup-title3'

2020-03-20 14:52:36 - [MESSAGE][PASSED] - Keys '*' sent to object: 'Object Repository/ADMIN/Edit Text/Bespoke/Seller Pages/Order History/input_Your order(s) selected delivery type is_popup-title3'

2020-03-20 14:52:36 - [TEST_STEP][PASSED] - sendKeys(findTestObject("ADMIN/Edit Text/Bespoke/Seller Pages/Order History/input_Change Status_btn_okay"), "*"): Keys '*' sent to object: 'Object Repository/ADMIN/Edit Text/Bespoke/Seller Pages/Order History/input_Change Status_btn_okay'

2020-03-20 14:52:36 - [MESSAGE][PASSED] - Keys '*' sent to object: 'Object Repository/ADMIN/Edit Text/Bespoke/Seller Pages/Order History/input_Change Status_btn_okay'

2020-03-20 14:52:36 - [TEST_STEP][PASSED] - sendKeys(findTestObject("ADMIN/Edit Text/Bespoke/Seller Pages/Order History/input_STATUS CHANGED_popup-title"), "*"): Keys '*' sent to object: 'Object Repository/ADMIN/Edit Text/Bespoke/Seller Pages/Order History/input_STATUS CHANGED_popup-title'

2020-03-20 14:52:36 - [MESSAGE][PASSED] - Keys '*' sent to object: 'Object Repository/ADMIN/Edit Text/Bespoke/Seller Pages/Order History/input_STATUS CHANGED_popup-title'

2020-03-20 14:52:36 - [TEST_STEP][PASSED] - sendKeys(findTestObject("ADMIN/Edit Text/Bespoke/Seller Pages/Order History/textarea_The order status for this item has been updated"), "*"): Keys '*' sent to object: 'Object Repository/ADMIN/Edit Text/Bespoke/Seller Pages/Order History/textarea_The order status for this item has been updated'

2020-03-20 14:52:37 - [MESSAGE][PASSED] - Keys '*' sent to object: 'Object Repository/ADMIN/Edit Text/Bespoke/Seller Pages/Order History/textarea_The order status for this item has been updated'

2020-03-20 14:52:37 - [TEST_STEP][PASSED] - sendKeys(findTestObject("ADMIN/Edit Text/Bespoke/Seller Pages/Order History/input_Okay_btn_okay"), "*"): Keys '*' sent to object: 'Object Repository/ADMIN/Edit Text/Bespoke/Seller Pages/Order History/input_Okay_btn_okay'

2020-03-20 14:52:37 - [MESSAGE][PASSED] - Keys '*' sent to object: 'Object Repository/ADMIN/Edit Text/Bespoke/Seller Pages/Order History/input_Okay_btn_okay'

2020-03-20 14:52:37 - [TEST_STEP][PASSED] - click(findTestObject("ADMIN/Edit Text/Bespoke/Buyer Pages/Homepage/button_save"), CONTINUE_ON_FAILURE): Object: 'Object Repository/ADMIN/Edit Text/Bespoke/Buyer Pages/Homepage/button_save' is clicked on

2020-03-20 14:52:37 - [MESSAGE][PASSED] - Object: 'Object Repository/ADMIN/Edit Text/Bespoke/Buyer Pages/Homepage/button_save' is clicked on

2020-03-20 14:52:37 - [TEST_STEP][PASSED] - waitForElementVisible(findTestObject("ADMIN/Edit Text/Bespoke/Buyer Pages/Homepage/toaster_success"), 0): Object 'Object Repository/ADMIN/Edit Text/Bespoke/Buyer Pages/Homepage/toaster_success' is visible

2020-03-20 14:52:37 - [MESSAGE][WARNING] - Timeout '0' is invalid. Using default page load timeout: '30'

2020-03-20 14:52:38 - [MESSAGE][PASSED] - Object 'Object Repository/ADMIN/Edit Text/Bespoke/Buyer Pages/Homepage/toaster_success' is visible]]></system-out>
         <system-err><![CDATA[]]></system-err>
      </testcase>
      <testcase name="Test Cases/ADMIN/Language/Edit Text/Bespoke/Seller/Order History" time="7.419" classname="Test Cases/ADMIN/Language/Edit Text/Bespoke/Seller/Order History" status="PASSED">
         <system-out><![CDATA[2020-03-20 14:52:38 - [TEST_CASE][PASSED] - Test Cases/ADMIN/Language/Edit Text/Bespoke/Seller/Order History: Test Cases/ADMIN/Language/Edit Text/Bespoke/Seller/Order History

2020-03-20 14:52:38 - [TEST_STEP][PASSED] - waitForElementVisible(findTestObject("ADMIN/Edit Text/Bespoke/Buyer Navigation/dd_language"), 0): Object 'Object Repository/ADMIN/Edit Text/Bespoke/Buyer Navigation/dd_language' is visible

2020-03-20 14:52:38 - [MESSAGE][WARNING] - Timeout '0' is invalid. Using default page load timeout: '30'

2020-03-20 14:52:38 - [MESSAGE][PASSED] - Object 'Object Repository/ADMIN/Edit Text/Bespoke/Buyer Navigation/dd_language' is visible

2020-03-20 14:52:38 - [TEST_STEP][PASSED] - selectOptionByLabel(findTestObject("ADMIN/Edit Text/Bespoke/Buyer Navigation/dd_language"), varLanguage, false): All options with label 'Italian' are selected in object 'Object Repository/ADMIN/Edit Text/Bespoke/Buyer Navigation/dd_language' 

2020-03-20 14:52:39 - [MESSAGE][PASSED] - All options with label 'Italian' are selected in object 'Object Repository/ADMIN/Edit Text/Bespoke/Buyer Navigation/dd_language' 

2020-03-20 14:52:39 - [TEST_STEP][PASSED] - sendKeys(findTestObject("ADMIN/Edit Text/Bespoke/Seller Pages/Order History/input_ORDERS_item_name"), "*"): Keys '*' sent to object: 'Object Repository/ADMIN/Edit Text/Bespoke/Seller Pages/Order History/input_ORDERS_item_name'

2020-03-20 14:52:39 - [MESSAGE][PASSED] - Keys '*' sent to object: 'Object Repository/ADMIN/Edit Text/Bespoke/Seller Pages/Order History/input_ORDERS_item_name'

2020-03-20 14:52:39 - [TEST_STEP][PASSED] - sendKeys(findTestObject("ADMIN/Edit Text/Bespoke/Seller Pages/Order History/input_manage all"), "*"): Keys '*' sent to object: 'Object Repository/ADMIN/Edit Text/Bespoke/Seller Pages/Order History/input_manage all'

2020-03-20 14:52:39 - [MESSAGE][PASSED] - Keys '*' sent to object: 'Object Repository/ADMIN/Edit Text/Bespoke/Seller Pages/Order History/input_manage all'

2020-03-20 14:52:39 - [TEST_STEP][PASSED] - sendKeys(findTestObject("ADMIN/Edit Text/Bespoke/Seller Pages/Order History/input_Search by Order ID_search-by"), "*"): Keys '*' sent to object: 'Object Repository/ADMIN/Edit Text/Bespoke/Seller Pages/Order History/input_Search by Order ID_search-by'

2020-03-20 14:52:40 - [MESSAGE][PASSED] - Keys '*' sent to object: 'Object Repository/ADMIN/Edit Text/Bespoke/Seller Pages/Order History/input_Search by Order ID_search-by'

2020-03-20 14:52:40 - [TEST_STEP][PASSED] - sendKeys(findTestObject("ADMIN/Edit Text/Bespoke/Seller Pages/Order History/input_CHANGE STATUS_btn_upload"), "*"): Keys '*' sent to object: 'Object Repository/ADMIN/Edit Text/Bespoke/Seller Pages/Order History/input_CHANGE STATUS_btn_upload'

2020-03-20 14:52:40 - [MESSAGE][PASSED] - Keys '*' sent to object: 'Object Repository/ADMIN/Edit Text/Bespoke/Seller Pages/Order History/input_CHANGE STATUS_btn_upload'

2020-03-20 14:52:40 - [TEST_STEP][PASSED] - sendKeys(findTestObject("ADMIN/Edit Text/Bespoke/Seller Pages/Order History/input_ORDER NO_order-id-txt"), "*"): Keys '*' sent to object: 'Object Repository/ADMIN/Edit Text/Bespoke/Seller Pages/Order History/input_ORDER NO_order-id-txt'

2020-03-20 14:52:40 - [MESSAGE][PASSED] - Keys '*' sent to object: 'Object Repository/ADMIN/Edit Text/Bespoke/Seller Pages/Order History/input_ORDER NO_order-id-txt'

2020-03-20 14:52:40 - [TEST_STEP][PASSED] - sendKeys(findTestObject("ADMIN/Edit Text/Bespoke/Seller Pages/Order History/input_INVOICE NO_invoice-id-txt"), "*"): Keys '*' sent to object: 'Object Repository/ADMIN/Edit Text/Bespoke/Seller Pages/Order History/input_INVOICE NO_invoice-id-txt'

2020-03-20 14:52:40 - [MESSAGE][PASSED] - Keys '*' sent to object: 'Object Repository/ADMIN/Edit Text/Bespoke/Seller Pages/Order History/input_INVOICE NO_invoice-id-txt'

2020-03-20 14:52:40 - [TEST_STEP][PASSED] - sendKeys(findTestObject("ADMIN/Edit Text/Bespoke/Seller Pages/Order History/input_TIMESTAMP_timestamp-txt"), "*"): Keys '*' sent to object: 'Object Repository/ADMIN/Edit Text/Bespoke/Seller Pages/Order History/input_TIMESTAMP_timestamp-txt'

2020-03-20 14:52:41 - [MESSAGE][PASSED] - Keys '*' sent to object: 'Object Repository/ADMIN/Edit Text/Bespoke/Seller Pages/Order History/input_TIMESTAMP_timestamp-txt'

2020-03-20 14:52:41 - [TEST_STEP][PASSED] - sendKeys(findTestObject("ADMIN/Edit Text/Bespoke/Seller Pages/Order History/input_ORDER TOTAL_item-txt"), "*"): Keys '*' sent to object: 'Object Repository/ADMIN/Edit Text/Bespoke/Seller Pages/Order History/input_ORDER TOTAL_item-txt'

2020-03-20 14:52:41 - [MESSAGE][PASSED] - Keys '*' sent to object: 'Object Repository/ADMIN/Edit Text/Bespoke/Seller Pages/Order History/input_ORDER TOTAL_item-txt'

2020-03-20 14:52:41 - [TEST_STEP][PASSED] - sendKeys(findTestObject("ADMIN/Edit Text/Bespoke/Seller Pages/Order History/input_NO OF ITEM(S)_qty-txt"), "*"): Keys '*' sent to object: 'Object Repository/ADMIN/Edit Text/Bespoke/Seller Pages/Order History/input_NO OF ITEM(S)_qty-txt'

2020-03-20 14:52:41 - [MESSAGE][PASSED] - Keys '*' sent to object: 'Object Repository/ADMIN/Edit Text/Bespoke/Seller Pages/Order History/input_NO OF ITEM(S)_qty-txt'

2020-03-20 14:52:41 - [TEST_STEP][PASSED] - sendKeys(findTestObject("ADMIN/Edit Text/Bespoke/Seller Pages/Order History/input_PAYMENT TYPE_delivery-txt"), "*"): Keys '*' sent to object: 'Object Repository/ADMIN/Edit Text/Bespoke/Seller Pages/Order History/input_PAYMENT TYPE_delivery-txt'

2020-03-20 14:52:41 - [MESSAGE][PASSED] - Keys '*' sent to object: 'Object Repository/ADMIN/Edit Text/Bespoke/Seller Pages/Order History/input_PAYMENT TYPE_delivery-txt'

2020-03-20 14:52:41 - [TEST_STEP][PASSED] - sendKeys(findTestObject("ADMIN/Edit Text/Bespoke/Seller Pages/Order History/input_ORDER STATUS_order-status-txt"), "*"): Keys '*' sent to object: 'Object Repository/ADMIN/Edit Text/Bespoke/Seller Pages/Order History/input_ORDER STATUS_order-status-txt'

2020-03-20 14:52:41 - [MESSAGE][PASSED] - Keys '*' sent to object: 'Object Repository/ADMIN/Edit Text/Bespoke/Seller Pages/Order History/input_ORDER STATUS_order-status-txt'

2020-03-20 14:52:41 - [TEST_STEP][PASSED] - sendKeys(findTestObject("ADMIN/Edit Text/Bespoke/Seller Pages/Order History/input_REVIEW_review-txt"), "*"): Keys '*' sent to object: 'Object Repository/ADMIN/Edit Text/Bespoke/Seller Pages/Order History/input_REVIEW_review-txt'

2020-03-20 14:52:42 - [MESSAGE][PASSED] - Keys '*' sent to object: 'Object Repository/ADMIN/Edit Text/Bespoke/Seller Pages/Order History/input_REVIEW_review-txt'

2020-03-20 14:52:42 - [TEST_STEP][PASSED] - sendKeys(findTestObject("ADMIN/Edit Text/Bespoke/Seller Pages/Order History/input_PAYMENT STATUS_payment-type-txt"), "*"): Keys '*' sent to object: 'Object Repository/ADMIN/Edit Text/Bespoke/Seller Pages/Order History/input_PAYMENT STATUS_payment-type-txt'

2020-03-20 14:52:42 - [MESSAGE][PASSED] - Keys '*' sent to object: 'Object Repository/ADMIN/Edit Text/Bespoke/Seller Pages/Order History/input_PAYMENT STATUS_payment-type-txt'

2020-03-20 14:52:42 - [TEST_STEP][PASSED] - sendKeys(findTestObject("ADMIN/Edit Text/Bespoke/Seller Pages/Order History/input_REFUNDED_payment-status-txt"), "*"): Keys '*' sent to object: 'Object Repository/ADMIN/Edit Text/Bespoke/Seller Pages/Order History/input_REFUNDED_payment-status-txt'

2020-03-20 14:52:42 - [MESSAGE][PASSED] - Keys '*' sent to object: 'Object Repository/ADMIN/Edit Text/Bespoke/Seller Pages/Order History/input_REFUNDED_payment-status-txt'

2020-03-20 14:52:42 - [TEST_STEP][PASSED] - sendKeys(findTestObject("ADMIN/Edit Text/Bespoke/Seller Pages/Order History/input_Delivery_Delivery"), "*"): Keys '*' sent to object: 'Object Repository/ADMIN/Edit Text/Bespoke/Seller Pages/Order History/input_Delivery_Delivery'

2020-03-20 14:52:42 - [MESSAGE][PASSED] - Keys '*' sent to object: 'Object Repository/ADMIN/Edit Text/Bespoke/Seller Pages/Order History/input_Delivery_Delivery'

2020-03-20 14:52:42 - [TEST_STEP][PASSED] - sendKeys(findTestObject("ADMIN/Edit Text/Bespoke/Seller Pages/Order History/input_Pick-up_Delivery"), "*"): Keys '*' sent to object: 'Object Repository/ADMIN/Edit Text/Bespoke/Seller Pages/Order History/input_Pick-up_Delivery'

2020-03-20 14:52:42 - [MESSAGE][PASSED] - Keys '*' sent to object: 'Object Repository/ADMIN/Edit Text/Bespoke/Seller Pages/Order History/input_Pick-up_Delivery'

2020-03-20 14:52:42 - [TEST_STEP][PASSED] - sendKeys(findTestObject("ADMIN/Edit Text/Bespoke/Seller Pages/Order History/input_New Review_new-review"), "*"): Keys '*' sent to object: 'Object Repository/ADMIN/Edit Text/Bespoke/Seller Pages/Order History/input_New Review_new-review'

2020-03-20 14:52:43 - [MESSAGE][PASSED] - Keys '*' sent to object: 'Object Repository/ADMIN/Edit Text/Bespoke/Seller Pages/Order History/input_New Review_new-review'

2020-03-20 14:52:43 - [TEST_STEP][PASSED] - sendKeys(findTestObject("ADMIN/Edit Text/Bespoke/Seller Pages/Order History/input_ORDER STATUS CHANGE_order-status-txt"), "*"): Keys '*' sent to object: 'Object Repository/ADMIN/Edit Text/Bespoke/Seller Pages/Order History/input_ORDER STATUS CHANGE_order-status-txt'

2020-03-20 14:52:43 - [MESSAGE][PASSED] - Keys '*' sent to object: 'Object Repository/ADMIN/Edit Text/Bespoke/Seller Pages/Order History/input_ORDER STATUS CHANGE_order-status-txt'

2020-03-20 14:52:43 - [TEST_STEP][PASSED] - sendKeys(findTestObject("ADMIN/Edit Text/Bespoke/Seller Pages/Order History/input_you will only"), "*"): Keys '*' sent to object: 'Object Repository/ADMIN/Edit Text/Bespoke/Seller Pages/Order History/input_you will only'

2020-03-20 14:52:43 - [MESSAGE][PASSED] - Keys '*' sent to object: 'Object Repository/ADMIN/Edit Text/Bespoke/Seller Pages/Order History/input_you will only'

2020-03-20 14:52:43 - [TEST_STEP][PASSED] - sendKeys(findTestObject("ADMIN/Edit Text/Bespoke/Seller Pages/Order History/input_Your order(s) selected delivery type is_popup-title2"), "*"): Keys '*' sent to object: 'Object Repository/ADMIN/Edit Text/Bespoke/Seller Pages/Order History/input_Your order(s) selected delivery type is_popup-title2'

2020-03-20 14:52:43 - [MESSAGE][PASSED] - Keys '*' sent to object: 'Object Repository/ADMIN/Edit Text/Bespoke/Seller Pages/Order History/input_Your order(s) selected delivery type is_popup-title2'

2020-03-20 14:52:43 - [TEST_STEP][PASSED] - sendKeys(findTestObject("ADMIN/Edit Text/Bespoke/Seller Pages/Order History/input_Your order(s) selected delivery type is_popup-title3"), "*"): Keys '*' sent to object: 'Object Repository/ADMIN/Edit Text/Bespoke/Seller Pages/Order History/input_Your order(s) selected delivery type is_popup-title3'

2020-03-20 14:52:44 - [MESSAGE][PASSED] - Keys '*' sent to object: 'Object Repository/ADMIN/Edit Text/Bespoke/Seller Pages/Order History/input_Your order(s) selected delivery type is_popup-title3'

2020-03-20 14:52:44 - [TEST_STEP][PASSED] - sendKeys(findTestObject("ADMIN/Edit Text/Bespoke/Seller Pages/Order History/input_Change Status_btn_okay"), "*"): Keys '*' sent to object: 'Object Repository/ADMIN/Edit Text/Bespoke/Seller Pages/Order History/input_Change Status_btn_okay'

2020-03-20 14:52:44 - [MESSAGE][PASSED] - Keys '*' sent to object: 'Object Repository/ADMIN/Edit Text/Bespoke/Seller Pages/Order History/input_Change Status_btn_okay'

2020-03-20 14:52:44 - [TEST_STEP][PASSED] - sendKeys(findTestObject("ADMIN/Edit Text/Bespoke/Seller Pages/Order History/input_STATUS CHANGED_popup-title"), "*"): Keys '*' sent to object: 'Object Repository/ADMIN/Edit Text/Bespoke/Seller Pages/Order History/input_STATUS CHANGED_popup-title'

2020-03-20 14:52:44 - [MESSAGE][PASSED] - Keys '*' sent to object: 'Object Repository/ADMIN/Edit Text/Bespoke/Seller Pages/Order History/input_STATUS CHANGED_popup-title'

2020-03-20 14:52:44 - [TEST_STEP][PASSED] - sendKeys(findTestObject("ADMIN/Edit Text/Bespoke/Seller Pages/Order History/textarea_The order status for this item has been updated"), "*"): Keys '*' sent to object: 'Object Repository/ADMIN/Edit Text/Bespoke/Seller Pages/Order History/textarea_The order status for this item has been updated'

2020-03-20 14:52:44 - [MESSAGE][PASSED] - Keys '*' sent to object: 'Object Repository/ADMIN/Edit Text/Bespoke/Seller Pages/Order History/textarea_The order status for this item has been updated'

2020-03-20 14:52:44 - [TEST_STEP][PASSED] - sendKeys(findTestObject("ADMIN/Edit Text/Bespoke/Seller Pages/Order History/input_Okay_btn_okay"), "*"): Keys '*' sent to object: 'Object Repository/ADMIN/Edit Text/Bespoke/Seller Pages/Order History/input_Okay_btn_okay'

2020-03-20 14:52:44 - [MESSAGE][PASSED] - Keys '*' sent to object: 'Object Repository/ADMIN/Edit Text/Bespoke/Seller Pages/Order History/input_Okay_btn_okay'

2020-03-20 14:52:44 - [TEST_STEP][PASSED] - click(findTestObject("ADMIN/Edit Text/Bespoke/Buyer Pages/Homepage/button_save"), CONTINUE_ON_FAILURE): Object: 'Object Repository/ADMIN/Edit Text/Bespoke/Buyer Pages/Homepage/button_save' is clicked on

2020-03-20 14:52:44 - [MESSAGE][PASSED] - Object: 'Object Repository/ADMIN/Edit Text/Bespoke/Buyer Pages/Homepage/button_save' is clicked on

2020-03-20 14:52:44 - [TEST_STEP][PASSED] - waitForElementVisible(findTestObject("ADMIN/Edit Text/Bespoke/Buyer Pages/Homepage/toaster_success"), 0): Object 'Object Repository/ADMIN/Edit Text/Bespoke/Buyer Pages/Homepage/toaster_success' is visible

2020-03-20 14:52:44 - [MESSAGE][WARNING] - Timeout '0' is invalid. Using default page load timeout: '30'

2020-03-20 14:52:45 - [MESSAGE][PASSED] - Object 'Object Repository/ADMIN/Edit Text/Bespoke/Buyer Pages/Homepage/toaster_success' is visible]]></system-out>
         <system-err><![CDATA[]]></system-err>
      </testcase>
      <testcase name="Test Cases/ADMIN/Language/Edit Text/Bespoke/Seller/Order History" time="7.749" classname="Test Cases/ADMIN/Language/Edit Text/Bespoke/Seller/Order History" status="PASSED">
         <system-out><![CDATA[2020-03-20 14:52:45 - [TEST_CASE][PASSED] - Test Cases/ADMIN/Language/Edit Text/Bespoke/Seller/Order History: Test Cases/ADMIN/Language/Edit Text/Bespoke/Seller/Order History

2020-03-20 14:52:45 - [TEST_STEP][PASSED] - waitForElementVisible(findTestObject("ADMIN/Edit Text/Bespoke/Buyer Navigation/dd_language"), 0): Object 'Object Repository/ADMIN/Edit Text/Bespoke/Buyer Navigation/dd_language' is visible

2020-03-20 14:52:45 - [MESSAGE][WARNING] - Timeout '0' is invalid. Using default page load timeout: '30'

2020-03-20 14:52:45 - [MESSAGE][PASSED] - Object 'Object Repository/ADMIN/Edit Text/Bespoke/Buyer Navigation/dd_language' is visible

2020-03-20 14:52:45 - [TEST_STEP][PASSED] - selectOptionByLabel(findTestObject("ADMIN/Edit Text/Bespoke/Buyer Navigation/dd_language"), varLanguage, false): All options with label 'Arabic' are selected in object 'Object Repository/ADMIN/Edit Text/Bespoke/Buyer Navigation/dd_language' 

2020-03-20 14:52:46 - [MESSAGE][PASSED] - All options with label 'Arabic' are selected in object 'Object Repository/ADMIN/Edit Text/Bespoke/Buyer Navigation/dd_language' 

2020-03-20 14:52:46 - [TEST_STEP][PASSED] - sendKeys(findTestObject("ADMIN/Edit Text/Bespoke/Seller Pages/Order History/input_ORDERS_item_name"), "*"): Keys '*' sent to object: 'Object Repository/ADMIN/Edit Text/Bespoke/Seller Pages/Order History/input_ORDERS_item_name'

2020-03-20 14:52:47 - [MESSAGE][PASSED] - Keys '*' sent to object: 'Object Repository/ADMIN/Edit Text/Bespoke/Seller Pages/Order History/input_ORDERS_item_name'

2020-03-20 14:52:47 - [TEST_STEP][PASSED] - sendKeys(findTestObject("ADMIN/Edit Text/Bespoke/Seller Pages/Order History/input_manage all"), "*"): Keys '*' sent to object: 'Object Repository/ADMIN/Edit Text/Bespoke/Seller Pages/Order History/input_manage all'

2020-03-20 14:52:47 - [MESSAGE][PASSED] - Keys '*' sent to object: 'Object Repository/ADMIN/Edit Text/Bespoke/Seller Pages/Order History/input_manage all'

2020-03-20 14:52:47 - [TEST_STEP][PASSED] - sendKeys(findTestObject("ADMIN/Edit Text/Bespoke/Seller Pages/Order History/input_Search by Order ID_search-by"), "*"): Keys '*' sent to object: 'Object Repository/ADMIN/Edit Text/Bespoke/Seller Pages/Order History/input_Search by Order ID_search-by'

2020-03-20 14:52:47 - [MESSAGE][PASSED] - Keys '*' sent to object: 'Object Repository/ADMIN/Edit Text/Bespoke/Seller Pages/Order History/input_Search by Order ID_search-by'

2020-03-20 14:52:47 - [TEST_STEP][PASSED] - sendKeys(findTestObject("ADMIN/Edit Text/Bespoke/Seller Pages/Order History/input_CHANGE STATUS_btn_upload"), "*"): Keys '*' sent to object: 'Object Repository/ADMIN/Edit Text/Bespoke/Seller Pages/Order History/input_CHANGE STATUS_btn_upload'

2020-03-20 14:52:47 - [MESSAGE][PASSED] - Keys '*' sent to object: 'Object Repository/ADMIN/Edit Text/Bespoke/Seller Pages/Order History/input_CHANGE STATUS_btn_upload'

2020-03-20 14:52:47 - [TEST_STEP][PASSED] - sendKeys(findTestObject("ADMIN/Edit Text/Bespoke/Seller Pages/Order History/input_ORDER NO_order-id-txt"), "*"): Keys '*' sent to object: 'Object Repository/ADMIN/Edit Text/Bespoke/Seller Pages/Order History/input_ORDER NO_order-id-txt'

2020-03-20 14:52:48 - [MESSAGE][PASSED] - Keys '*' sent to object: 'Object Repository/ADMIN/Edit Text/Bespoke/Seller Pages/Order History/input_ORDER NO_order-id-txt'

2020-03-20 14:52:48 - [TEST_STEP][PASSED] - sendKeys(findTestObject("ADMIN/Edit Text/Bespoke/Seller Pages/Order History/input_INVOICE NO_invoice-id-txt"), "*"): Keys '*' sent to object: 'Object Repository/ADMIN/Edit Text/Bespoke/Seller Pages/Order History/input_INVOICE NO_invoice-id-txt'

2020-03-20 14:52:48 - [MESSAGE][PASSED] - Keys '*' sent to object: 'Object Repository/ADMIN/Edit Text/Bespoke/Seller Pages/Order History/input_INVOICE NO_invoice-id-txt'

2020-03-20 14:52:48 - [TEST_STEP][PASSED] - sendKeys(findTestObject("ADMIN/Edit Text/Bespoke/Seller Pages/Order History/input_TIMESTAMP_timestamp-txt"), "*"): Keys '*' sent to object: 'Object Repository/ADMIN/Edit Text/Bespoke/Seller Pages/Order History/input_TIMESTAMP_timestamp-txt'

2020-03-20 14:52:48 - [MESSAGE][PASSED] - Keys '*' sent to object: 'Object Repository/ADMIN/Edit Text/Bespoke/Seller Pages/Order History/input_TIMESTAMP_timestamp-txt'

2020-03-20 14:52:48 - [TEST_STEP][PASSED] - sendKeys(findTestObject("ADMIN/Edit Text/Bespoke/Seller Pages/Order History/input_ORDER TOTAL_item-txt"), "*"): Keys '*' sent to object: 'Object Repository/ADMIN/Edit Text/Bespoke/Seller Pages/Order History/input_ORDER TOTAL_item-txt'

2020-03-20 14:52:48 - [MESSAGE][PASSED] - Keys '*' sent to object: 'Object Repository/ADMIN/Edit Text/Bespoke/Seller Pages/Order History/input_ORDER TOTAL_item-txt'

2020-03-20 14:52:48 - [TEST_STEP][PASSED] - sendKeys(findTestObject("ADMIN/Edit Text/Bespoke/Seller Pages/Order History/input_NO OF ITEM(S)_qty-txt"), "*"): Keys '*' sent to object: 'Object Repository/ADMIN/Edit Text/Bespoke/Seller Pages/Order History/input_NO OF ITEM(S)_qty-txt'

2020-03-20 14:52:49 - [MESSAGE][PASSED] - Keys '*' sent to object: 'Object Repository/ADMIN/Edit Text/Bespoke/Seller Pages/Order History/input_NO OF ITEM(S)_qty-txt'

2020-03-20 14:52:49 - [TEST_STEP][PASSED] - sendKeys(findTestObject("ADMIN/Edit Text/Bespoke/Seller Pages/Order History/input_PAYMENT TYPE_delivery-txt"), "*"): Keys '*' sent to object: 'Object Repository/ADMIN/Edit Text/Bespoke/Seller Pages/Order History/input_PAYMENT TYPE_delivery-txt'

2020-03-20 14:52:49 - [MESSAGE][PASSED] - Keys '*' sent to object: 'Object Repository/ADMIN/Edit Text/Bespoke/Seller Pages/Order History/input_PAYMENT TYPE_delivery-txt'

2020-03-20 14:52:49 - [TEST_STEP][PASSED] - sendKeys(findTestObject("ADMIN/Edit Text/Bespoke/Seller Pages/Order History/input_ORDER STATUS_order-status-txt"), "*"): Keys '*' sent to object: 'Object Repository/ADMIN/Edit Text/Bespoke/Seller Pages/Order History/input_ORDER STATUS_order-status-txt'

2020-03-20 14:52:49 - [MESSAGE][PASSED] - Keys '*' sent to object: 'Object Repository/ADMIN/Edit Text/Bespoke/Seller Pages/Order History/input_ORDER STATUS_order-status-txt'

2020-03-20 14:52:49 - [TEST_STEP][PASSED] - sendKeys(findTestObject("ADMIN/Edit Text/Bespoke/Seller Pages/Order History/input_REVIEW_review-txt"), "*"): Keys '*' sent to object: 'Object Repository/ADMIN/Edit Text/Bespoke/Seller Pages/Order History/input_REVIEW_review-txt'

2020-03-20 14:52:49 - [MESSAGE][PASSED] - Keys '*' sent to object: 'Object Repository/ADMIN/Edit Text/Bespoke/Seller Pages/Order History/input_REVIEW_review-txt'

2020-03-20 14:52:49 - [TEST_STEP][PASSED] - sendKeys(findTestObject("ADMIN/Edit Text/Bespoke/Seller Pages/Order History/input_PAYMENT STATUS_payment-type-txt"), "*"): Keys '*' sent to object: 'Object Repository/ADMIN/Edit Text/Bespoke/Seller Pages/Order History/input_PAYMENT STATUS_payment-type-txt'

2020-03-20 14:52:50 - [MESSAGE][PASSED] - Keys '*' sent to object: 'Object Repository/ADMIN/Edit Text/Bespoke/Seller Pages/Order History/input_PAYMENT STATUS_payment-type-txt'

2020-03-20 14:52:50 - [TEST_STEP][PASSED] - sendKeys(findTestObject("ADMIN/Edit Text/Bespoke/Seller Pages/Order History/input_REFUNDED_payment-status-txt"), "*"): Keys '*' sent to object: 'Object Repository/ADMIN/Edit Text/Bespoke/Seller Pages/Order History/input_REFUNDED_payment-status-txt'

2020-03-20 14:52:50 - [MESSAGE][PASSED] - Keys '*' sent to object: 'Object Repository/ADMIN/Edit Text/Bespoke/Seller Pages/Order History/input_REFUNDED_payment-status-txt'

2020-03-20 14:52:50 - [TEST_STEP][PASSED] - sendKeys(findTestObject("ADMIN/Edit Text/Bespoke/Seller Pages/Order History/input_Delivery_Delivery"), "*"): Keys '*' sent to object: 'Object Repository/ADMIN/Edit Text/Bespoke/Seller Pages/Order History/input_Delivery_Delivery'

2020-03-20 14:52:50 - [MESSAGE][PASSED] - Keys '*' sent to object: 'Object Repository/ADMIN/Edit Text/Bespoke/Seller Pages/Order History/input_Delivery_Delivery'

2020-03-20 14:52:50 - [TEST_STEP][PASSED] - sendKeys(findTestObject("ADMIN/Edit Text/Bespoke/Seller Pages/Order History/input_Pick-up_Delivery"), "*"): Keys '*' sent to object: 'Object Repository/ADMIN/Edit Text/Bespoke/Seller Pages/Order History/input_Pick-up_Delivery'

2020-03-20 14:52:50 - [MESSAGE][PASSED] - Keys '*' sent to object: 'Object Repository/ADMIN/Edit Text/Bespoke/Seller Pages/Order History/input_Pick-up_Delivery'

2020-03-20 14:52:50 - [TEST_STEP][PASSED] - sendKeys(findTestObject("ADMIN/Edit Text/Bespoke/Seller Pages/Order History/input_New Review_new-review"), "*"): Keys '*' sent to object: 'Object Repository/ADMIN/Edit Text/Bespoke/Seller Pages/Order History/input_New Review_new-review'

2020-03-20 14:52:50 - [MESSAGE][PASSED] - Keys '*' sent to object: 'Object Repository/ADMIN/Edit Text/Bespoke/Seller Pages/Order History/input_New Review_new-review'

2020-03-20 14:52:50 - [TEST_STEP][PASSED] - sendKeys(findTestObject("ADMIN/Edit Text/Bespoke/Seller Pages/Order History/input_ORDER STATUS CHANGE_order-status-txt"), "*"): Keys '*' sent to object: 'Object Repository/ADMIN/Edit Text/Bespoke/Seller Pages/Order History/input_ORDER STATUS CHANGE_order-status-txt'

2020-03-20 14:52:51 - [MESSAGE][PASSED] - Keys '*' sent to object: 'Object Repository/ADMIN/Edit Text/Bespoke/Seller Pages/Order History/input_ORDER STATUS CHANGE_order-status-txt'

2020-03-20 14:52:51 - [TEST_STEP][PASSED] - sendKeys(findTestObject("ADMIN/Edit Text/Bespoke/Seller Pages/Order History/input_you will only"), "*"): Keys '*' sent to object: 'Object Repository/ADMIN/Edit Text/Bespoke/Seller Pages/Order History/input_you will only'

2020-03-20 14:52:51 - [MESSAGE][PASSED] - Keys '*' sent to object: 'Object Repository/ADMIN/Edit Text/Bespoke/Seller Pages/Order History/input_you will only'

2020-03-20 14:52:51 - [TEST_STEP][PASSED] - sendKeys(findTestObject("ADMIN/Edit Text/Bespoke/Seller Pages/Order History/input_Your order(s) selected delivery type is_popup-title2"), "*"): Keys '*' sent to object: 'Object Repository/ADMIN/Edit Text/Bespoke/Seller Pages/Order History/input_Your order(s) selected delivery type is_popup-title2'

2020-03-20 14:52:51 - [MESSAGE][PASSED] - Keys '*' sent to object: 'Object Repository/ADMIN/Edit Text/Bespoke/Seller Pages/Order History/input_Your order(s) selected delivery type is_popup-title2'

2020-03-20 14:52:51 - [TEST_STEP][PASSED] - sendKeys(findTestObject("ADMIN/Edit Text/Bespoke/Seller Pages/Order History/input_Your order(s) selected delivery type is_popup-title3"), "*"): Keys '*' sent to object: 'Object Repository/ADMIN/Edit Text/Bespoke/Seller Pages/Order History/input_Your order(s) selected delivery type is_popup-title3'

2020-03-20 14:52:51 - [MESSAGE][PASSED] - Keys '*' sent to object: 'Object Repository/ADMIN/Edit Text/Bespoke/Seller Pages/Order History/input_Your order(s) selected delivery type is_popup-title3'

2020-03-20 14:52:51 - [TEST_STEP][PASSED] - sendKeys(findTestObject("ADMIN/Edit Text/Bespoke/Seller Pages/Order History/input_Change Status_btn_okay"), "*"): Keys '*' sent to object: 'Object Repository/ADMIN/Edit Text/Bespoke/Seller Pages/Order History/input_Change Status_btn_okay'

2020-03-20 14:52:51 - [MESSAGE][PASSED] - Keys '*' sent to object: 'Object Repository/ADMIN/Edit Text/Bespoke/Seller Pages/Order History/input_Change Status_btn_okay'

2020-03-20 14:52:51 - [TEST_STEP][PASSED] - sendKeys(findTestObject("ADMIN/Edit Text/Bespoke/Seller Pages/Order History/input_STATUS CHANGED_popup-title"), "*"): Keys '*' sent to object: 'Object Repository/ADMIN/Edit Text/Bespoke/Seller Pages/Order History/input_STATUS CHANGED_popup-title'

2020-03-20 14:52:52 - [MESSAGE][PASSED] - Keys '*' sent to object: 'Object Repository/ADMIN/Edit Text/Bespoke/Seller Pages/Order History/input_STATUS CHANGED_popup-title'

2020-03-20 14:52:52 - [TEST_STEP][PASSED] - sendKeys(findTestObject("ADMIN/Edit Text/Bespoke/Seller Pages/Order History/textarea_The order status for this item has been updated"), "*"): Keys '*' sent to object: 'Object Repository/ADMIN/Edit Text/Bespoke/Seller Pages/Order History/textarea_The order status for this item has been updated'

2020-03-20 14:52:52 - [MESSAGE][PASSED] - Keys '*' sent to object: 'Object Repository/ADMIN/Edit Text/Bespoke/Seller Pages/Order History/textarea_The order status for this item has been updated'

2020-03-20 14:52:52 - [TEST_STEP][PASSED] - sendKeys(findTestObject("ADMIN/Edit Text/Bespoke/Seller Pages/Order History/input_Okay_btn_okay"), "*"): Keys '*' sent to object: 'Object Repository/ADMIN/Edit Text/Bespoke/Seller Pages/Order History/input_Okay_btn_okay'

2020-03-20 14:52:52 - [MESSAGE][PASSED] - Keys '*' sent to object: 'Object Repository/ADMIN/Edit Text/Bespoke/Seller Pages/Order History/input_Okay_btn_okay'

2020-03-20 14:52:52 - [TEST_STEP][PASSED] - click(findTestObject("ADMIN/Edit Text/Bespoke/Buyer Pages/Homepage/button_save"), CONTINUE_ON_FAILURE): Object: 'Object Repository/ADMIN/Edit Text/Bespoke/Buyer Pages/Homepage/button_save' is clicked on

2020-03-20 14:52:52 - [MESSAGE][PASSED] - Object: 'Object Repository/ADMIN/Edit Text/Bespoke/Buyer Pages/Homepage/button_save' is clicked on

2020-03-20 14:52:52 - [TEST_STEP][PASSED] - waitForElementVisible(findTestObject("ADMIN/Edit Text/Bespoke/Buyer Pages/Homepage/toaster_success"), 0): Object 'Object Repository/ADMIN/Edit Text/Bespoke/Buyer Pages/Homepage/toaster_success' is visible

2020-03-20 14:52:52 - [MESSAGE][WARNING] - Timeout '0' is invalid. Using default page load timeout: '30'

2020-03-20 14:52:53 - [MESSAGE][PASSED] - Object 'Object Repository/ADMIN/Edit Text/Bespoke/Buyer Pages/Homepage/toaster_success' is visible]]></system-out>
         <system-err><![CDATA[]]></system-err>
      </testcase>
      <testcase name="Test Cases/ADMIN/Language/Edit Text/Bespoke/Seller/Order History" time="7.577" classname="Test Cases/ADMIN/Language/Edit Text/Bespoke/Seller/Order History" status="PASSED">
         <system-out><![CDATA[2020-03-20 14:52:53 - [TEST_CASE][PASSED] - Test Cases/ADMIN/Language/Edit Text/Bespoke/Seller/Order History: Test Cases/ADMIN/Language/Edit Text/Bespoke/Seller/Order History

2020-03-20 14:52:53 - [TEST_STEP][PASSED] - waitForElementVisible(findTestObject("ADMIN/Edit Text/Bespoke/Buyer Navigation/dd_language"), 0): Object 'Object Repository/ADMIN/Edit Text/Bespoke/Buyer Navigation/dd_language' is visible

2020-03-20 14:52:53 - [MESSAGE][WARNING] - Timeout '0' is invalid. Using default page load timeout: '30'

2020-03-20 14:52:53 - [MESSAGE][PASSED] - Object 'Object Repository/ADMIN/Edit Text/Bespoke/Buyer Navigation/dd_language' is visible

2020-03-20 14:52:53 - [TEST_STEP][PASSED] - selectOptionByLabel(findTestObject("ADMIN/Edit Text/Bespoke/Buyer Navigation/dd_language"), varLanguage, false): All options with label 'Dutch' are selected in object 'Object Repository/ADMIN/Edit Text/Bespoke/Buyer Navigation/dd_language' 

2020-03-20 14:52:54 - [MESSAGE][PASSED] - All options with label 'Dutch' are selected in object 'Object Repository/ADMIN/Edit Text/Bespoke/Buyer Navigation/dd_language' 

2020-03-20 14:52:54 - [TEST_STEP][PASSED] - sendKeys(findTestObject("ADMIN/Edit Text/Bespoke/Seller Pages/Order History/input_ORDERS_item_name"), "*"): Keys '*' sent to object: 'Object Repository/ADMIN/Edit Text/Bespoke/Seller Pages/Order History/input_ORDERS_item_name'

2020-03-20 14:52:55 - [MESSAGE][PASSED] - Keys '*' sent to object: 'Object Repository/ADMIN/Edit Text/Bespoke/Seller Pages/Order History/input_ORDERS_item_name'

2020-03-20 14:52:55 - [TEST_STEP][PASSED] - sendKeys(findTestObject("ADMIN/Edit Text/Bespoke/Seller Pages/Order History/input_manage all"), "*"): Keys '*' sent to object: 'Object Repository/ADMIN/Edit Text/Bespoke/Seller Pages/Order History/input_manage all'

2020-03-20 14:52:55 - [MESSAGE][PASSED] - Keys '*' sent to object: 'Object Repository/ADMIN/Edit Text/Bespoke/Seller Pages/Order History/input_manage all'

2020-03-20 14:52:55 - [TEST_STEP][PASSED] - sendKeys(findTestObject("ADMIN/Edit Text/Bespoke/Seller Pages/Order History/input_Search by Order ID_search-by"), "*"): Keys '*' sent to object: 'Object Repository/ADMIN/Edit Text/Bespoke/Seller Pages/Order History/input_Search by Order ID_search-by'

2020-03-20 14:52:55 - [MESSAGE][PASSED] - Keys '*' sent to object: 'Object Repository/ADMIN/Edit Text/Bespoke/Seller Pages/Order History/input_Search by Order ID_search-by'

2020-03-20 14:52:55 - [TEST_STEP][PASSED] - sendKeys(findTestObject("ADMIN/Edit Text/Bespoke/Seller Pages/Order History/input_CHANGE STATUS_btn_upload"), "*"): Keys '*' sent to object: 'Object Repository/ADMIN/Edit Text/Bespoke/Seller Pages/Order History/input_CHANGE STATUS_btn_upload'

2020-03-20 14:52:55 - [MESSAGE][PASSED] - Keys '*' sent to object: 'Object Repository/ADMIN/Edit Text/Bespoke/Seller Pages/Order History/input_CHANGE STATUS_btn_upload'

2020-03-20 14:52:55 - [TEST_STEP][PASSED] - sendKeys(findTestObject("ADMIN/Edit Text/Bespoke/Seller Pages/Order History/input_ORDER NO_order-id-txt"), "*"): Keys '*' sent to object: 'Object Repository/ADMIN/Edit Text/Bespoke/Seller Pages/Order History/input_ORDER NO_order-id-txt'

2020-03-20 14:52:56 - [MESSAGE][PASSED] - Keys '*' sent to object: 'Object Repository/ADMIN/Edit Text/Bespoke/Seller Pages/Order History/input_ORDER NO_order-id-txt'

2020-03-20 14:52:56 - [TEST_STEP][PASSED] - sendKeys(findTestObject("ADMIN/Edit Text/Bespoke/Seller Pages/Order History/input_INVOICE NO_invoice-id-txt"), "*"): Keys '*' sent to object: 'Object Repository/ADMIN/Edit Text/Bespoke/Seller Pages/Order History/input_INVOICE NO_invoice-id-txt'

2020-03-20 14:52:56 - [MESSAGE][PASSED] - Keys '*' sent to object: 'Object Repository/ADMIN/Edit Text/Bespoke/Seller Pages/Order History/input_INVOICE NO_invoice-id-txt'

2020-03-20 14:52:56 - [TEST_STEP][PASSED] - sendKeys(findTestObject("ADMIN/Edit Text/Bespoke/Seller Pages/Order History/input_TIMESTAMP_timestamp-txt"), "*"): Keys '*' sent to object: 'Object Repository/ADMIN/Edit Text/Bespoke/Seller Pages/Order History/input_TIMESTAMP_timestamp-txt'

2020-03-20 14:52:56 - [MESSAGE][PASSED] - Keys '*' sent to object: 'Object Repository/ADMIN/Edit Text/Bespoke/Seller Pages/Order History/input_TIMESTAMP_timestamp-txt'

2020-03-20 14:52:56 - [TEST_STEP][PASSED] - sendKeys(findTestObject("ADMIN/Edit Text/Bespoke/Seller Pages/Order History/input_ORDER TOTAL_item-txt"), "*"): Keys '*' sent to object: 'Object Repository/ADMIN/Edit Text/Bespoke/Seller Pages/Order History/input_ORDER TOTAL_item-txt'

2020-03-20 14:52:56 - [MESSAGE][PASSED] - Keys '*' sent to object: 'Object Repository/ADMIN/Edit Text/Bespoke/Seller Pages/Order History/input_ORDER TOTAL_item-txt'

2020-03-20 14:52:56 - [TEST_STEP][PASSED] - sendKeys(findTestObject("ADMIN/Edit Text/Bespoke/Seller Pages/Order History/input_NO OF ITEM(S)_qty-txt"), "*"): Keys '*' sent to object: 'Object Repository/ADMIN/Edit Text/Bespoke/Seller Pages/Order History/input_NO OF ITEM(S)_qty-txt'

2020-03-20 14:52:57 - [MESSAGE][PASSED] - Keys '*' sent to object: 'Object Repository/ADMIN/Edit Text/Bespoke/Seller Pages/Order History/input_NO OF ITEM(S)_qty-txt'

2020-03-20 14:52:57 - [TEST_STEP][PASSED] - sendKeys(findTestObject("ADMIN/Edit Text/Bespoke/Seller Pages/Order History/input_PAYMENT TYPE_delivery-txt"), "*"): Keys '*' sent to object: 'Object Repository/ADMIN/Edit Text/Bespoke/Seller Pages/Order History/input_PAYMENT TYPE_delivery-txt'

2020-03-20 14:52:57 - [MESSAGE][PASSED] - Keys '*' sent to object: 'Object Repository/ADMIN/Edit Text/Bespoke/Seller Pages/Order History/input_PAYMENT TYPE_delivery-txt'

2020-03-20 14:52:57 - [TEST_STEP][PASSED] - sendKeys(findTestObject("ADMIN/Edit Text/Bespoke/Seller Pages/Order History/input_ORDER STATUS_order-status-txt"), "*"): Keys '*' sent to object: 'Object Repository/ADMIN/Edit Text/Bespoke/Seller Pages/Order History/input_ORDER STATUS_order-status-txt'

2020-03-20 14:52:57 - [MESSAGE][PASSED] - Keys '*' sent to object: 'Object Repository/ADMIN/Edit Text/Bespoke/Seller Pages/Order History/input_ORDER STATUS_order-status-txt'

2020-03-20 14:52:57 - [TEST_STEP][PASSED] - sendKeys(findTestObject("ADMIN/Edit Text/Bespoke/Seller Pages/Order History/input_REVIEW_review-txt"), "*"): Keys '*' sent to object: 'Object Repository/ADMIN/Edit Text/Bespoke/Seller Pages/Order History/input_REVIEW_review-txt'

2020-03-20 14:52:57 - [MESSAGE][PASSED] - Keys '*' sent to object: 'Object Repository/ADMIN/Edit Text/Bespoke/Seller Pages/Order History/input_REVIEW_review-txt'

2020-03-20 14:52:57 - [TEST_STEP][PASSED] - sendKeys(findTestObject("ADMIN/Edit Text/Bespoke/Seller Pages/Order History/input_PAYMENT STATUS_payment-type-txt"), "*"): Keys '*' sent to object: 'Object Repository/ADMIN/Edit Text/Bespoke/Seller Pages/Order History/input_PAYMENT STATUS_payment-type-txt'

2020-03-20 14:52:57 - [MESSAGE][PASSED] - Keys '*' sent to object: 'Object Repository/ADMIN/Edit Text/Bespoke/Seller Pages/Order History/input_PAYMENT STATUS_payment-type-txt'

2020-03-20 14:52:57 - [TEST_STEP][PASSED] - sendKeys(findTestObject("ADMIN/Edit Text/Bespoke/Seller Pages/Order History/input_REFUNDED_payment-status-txt"), "*"): Keys '*' sent to object: 'Object Repository/ADMIN/Edit Text/Bespoke/Seller Pages/Order History/input_REFUNDED_payment-status-txt'

2020-03-20 14:52:58 - [MESSAGE][PASSED] - Keys '*' sent to object: 'Object Repository/ADMIN/Edit Text/Bespoke/Seller Pages/Order History/input_REFUNDED_payment-status-txt'

2020-03-20 14:52:58 - [TEST_STEP][PASSED] - sendKeys(findTestObject("ADMIN/Edit Text/Bespoke/Seller Pages/Order History/input_Delivery_Delivery"), "*"): Keys '*' sent to object: 'Object Repository/ADMIN/Edit Text/Bespoke/Seller Pages/Order History/input_Delivery_Delivery'

2020-03-20 14:52:58 - [MESSAGE][PASSED] - Keys '*' sent to object: 'Object Repository/ADMIN/Edit Text/Bespoke/Seller Pages/Order History/input_Delivery_Delivery'

2020-03-20 14:52:58 - [TEST_STEP][PASSED] - sendKeys(findTestObject("ADMIN/Edit Text/Bespoke/Seller Pages/Order History/input_Pick-up_Delivery"), "*"): Keys '*' sent to object: 'Object Repository/ADMIN/Edit Text/Bespoke/Seller Pages/Order History/input_Pick-up_Delivery'

2020-03-20 14:52:58 - [MESSAGE][PASSED] - Keys '*' sent to object: 'Object Repository/ADMIN/Edit Text/Bespoke/Seller Pages/Order History/input_Pick-up_Delivery'

2020-03-20 14:52:58 - [TEST_STEP][PASSED] - sendKeys(findTestObject("ADMIN/Edit Text/Bespoke/Seller Pages/Order History/input_New Review_new-review"), "*"): Keys '*' sent to object: 'Object Repository/ADMIN/Edit Text/Bespoke/Seller Pages/Order History/input_New Review_new-review'

2020-03-20 14:52:58 - [MESSAGE][PASSED] - Keys '*' sent to object: 'Object Repository/ADMIN/Edit Text/Bespoke/Seller Pages/Order History/input_New Review_new-review'

2020-03-20 14:52:58 - [TEST_STEP][PASSED] - sendKeys(findTestObject("ADMIN/Edit Text/Bespoke/Seller Pages/Order History/input_ORDER STATUS CHANGE_order-status-txt"), "*"): Keys '*' sent to object: 'Object Repository/ADMIN/Edit Text/Bespoke/Seller Pages/Order History/input_ORDER STATUS CHANGE_order-status-txt'

2020-03-20 14:52:58 - [MESSAGE][PASSED] - Keys '*' sent to object: 'Object Repository/ADMIN/Edit Text/Bespoke/Seller Pages/Order History/input_ORDER STATUS CHANGE_order-status-txt'

2020-03-20 14:52:58 - [TEST_STEP][PASSED] - sendKeys(findTestObject("ADMIN/Edit Text/Bespoke/Seller Pages/Order History/input_you will only"), "*"): Keys '*' sent to object: 'Object Repository/ADMIN/Edit Text/Bespoke/Seller Pages/Order History/input_you will only'

2020-03-20 14:52:59 - [MESSAGE][PASSED] - Keys '*' sent to object: 'Object Repository/ADMIN/Edit Text/Bespoke/Seller Pages/Order History/input_you will only'

2020-03-20 14:52:59 - [TEST_STEP][PASSED] - sendKeys(findTestObject("ADMIN/Edit Text/Bespoke/Seller Pages/Order History/input_Your order(s) selected delivery type is_popup-title2"), "*"): Keys '*' sent to object: 'Object Repository/ADMIN/Edit Text/Bespoke/Seller Pages/Order History/input_Your order(s) selected delivery type is_popup-title2'

2020-03-20 14:52:59 - [MESSAGE][PASSED] - Keys '*' sent to object: 'Object Repository/ADMIN/Edit Text/Bespoke/Seller Pages/Order History/input_Your order(s) selected delivery type is_popup-title2'

2020-03-20 14:52:59 - [TEST_STEP][PASSED] - sendKeys(findTestObject("ADMIN/Edit Text/Bespoke/Seller Pages/Order History/input_Your order(s) selected delivery type is_popup-title3"), "*"): Keys '*' sent to object: 'Object Repository/ADMIN/Edit Text/Bespoke/Seller Pages/Order History/input_Your order(s) selected delivery type is_popup-title3'

2020-03-20 14:52:59 - [MESSAGE][PASSED] - Keys '*' sent to object: 'Object Repository/ADMIN/Edit Text/Bespoke/Seller Pages/Order History/input_Your order(s) selected delivery type is_popup-title3'

2020-03-20 14:52:59 - [TEST_STEP][PASSED] - sendKeys(findTestObject("ADMIN/Edit Text/Bespoke/Seller Pages/Order History/input_Change Status_btn_okay"), "*"): Keys '*' sent to object: 'Object Repository/ADMIN/Edit Text/Bespoke/Seller Pages/Order History/input_Change Status_btn_okay'

2020-03-20 14:52:59 - [MESSAGE][PASSED] - Keys '*' sent to object: 'Object Repository/ADMIN/Edit Text/Bespoke/Seller Pages/Order History/input_Change Status_btn_okay'

2020-03-20 14:52:59 - [TEST_STEP][PASSED] - sendKeys(findTestObject("ADMIN/Edit Text/Bespoke/Seller Pages/Order History/input_STATUS CHANGED_popup-title"), "*"): Keys '*' sent to object: 'Object Repository/ADMIN/Edit Text/Bespoke/Seller Pages/Order History/input_STATUS CHANGED_popup-title'

2020-03-20 14:53:00 - [MESSAGE][PASSED] - Keys '*' sent to object: 'Object Repository/ADMIN/Edit Text/Bespoke/Seller Pages/Order History/input_STATUS CHANGED_popup-title'

2020-03-20 14:53:00 - [TEST_STEP][PASSED] - sendKeys(findTestObject("ADMIN/Edit Text/Bespoke/Seller Pages/Order History/textarea_The order status for this item has been updated"), "*"): Keys '*' sent to object: 'Object Repository/ADMIN/Edit Text/Bespoke/Seller Pages/Order History/textarea_The order status for this item has been updated'

2020-03-20 14:53:00 - [MESSAGE][PASSED] - Keys '*' sent to object: 'Object Repository/ADMIN/Edit Text/Bespoke/Seller Pages/Order History/textarea_The order status for this item has been updated'

2020-03-20 14:53:00 - [TEST_STEP][PASSED] - sendKeys(findTestObject("ADMIN/Edit Text/Bespoke/Seller Pages/Order History/input_Okay_btn_okay"), "*"): Keys '*' sent to object: 'Object Repository/ADMIN/Edit Text/Bespoke/Seller Pages/Order History/input_Okay_btn_okay'

2020-03-20 14:53:00 - [MESSAGE][PASSED] - Keys '*' sent to object: 'Object Repository/ADMIN/Edit Text/Bespoke/Seller Pages/Order History/input_Okay_btn_okay'

2020-03-20 14:53:00 - [TEST_STEP][PASSED] - click(findTestObject("ADMIN/Edit Text/Bespoke/Buyer Pages/Homepage/button_save"), CONTINUE_ON_FAILURE): Object: 'Object Repository/ADMIN/Edit Text/Bespoke/Buyer Pages/Homepage/button_save' is clicked on

2020-03-20 14:53:00 - [MESSAGE][PASSED] - Object: 'Object Repository/ADMIN/Edit Text/Bespoke/Buyer Pages/Homepage/button_save' is clicked on

2020-03-20 14:53:00 - [TEST_STEP][PASSED] - waitForElementVisible(findTestObject("ADMIN/Edit Text/Bespoke/Buyer Pages/Homepage/toaster_success"), 0): Object 'Object Repository/ADMIN/Edit Text/Bespoke/Buyer Pages/Homepage/toaster_success' is visible

2020-03-20 14:53:00 - [MESSAGE][WARNING] - Timeout '0' is invalid. Using default page load timeout: '30'

2020-03-20 14:53:00 - [MESSAGE][PASSED] - Object 'Object Repository/ADMIN/Edit Text/Bespoke/Buyer Pages/Homepage/toaster_success' is visible]]></system-out>
         <system-err><![CDATA[]]></system-err>
      </testcase>
      <testcase name="Test Cases/ADMIN/Language/Edit Text/Bespoke/Seller/Order History" time="8.026" classname="Test Cases/ADMIN/Language/Edit Text/Bespoke/Seller/Order History" status="PASSED">
         <system-out><![CDATA[2020-03-20 14:53:01 - [TEST_CASE][PASSED] - Test Cases/ADMIN/Language/Edit Text/Bespoke/Seller/Order History: Test Cases/ADMIN/Language/Edit Text/Bespoke/Seller/Order History

2020-03-20 14:53:01 - [TEST_STEP][PASSED] - waitForElementVisible(findTestObject("ADMIN/Edit Text/Bespoke/Buyer Navigation/dd_language"), 0): Object 'Object Repository/ADMIN/Edit Text/Bespoke/Buyer Navigation/dd_language' is visible

2020-03-20 14:53:01 - [MESSAGE][WARNING] - Timeout '0' is invalid. Using default page load timeout: '30'

2020-03-20 14:53:01 - [MESSAGE][PASSED] - Object 'Object Repository/ADMIN/Edit Text/Bespoke/Buyer Navigation/dd_language' is visible

2020-03-20 14:53:01 - [TEST_STEP][PASSED] - selectOptionByLabel(findTestObject("ADMIN/Edit Text/Bespoke/Buyer Navigation/dd_language"), varLanguage, false): All options with label 'Swedish' are selected in object 'Object Repository/ADMIN/Edit Text/Bespoke/Buyer Navigation/dd_language' 

2020-03-20 14:53:02 - [MESSAGE][PASSED] - All options with label 'Swedish' are selected in object 'Object Repository/ADMIN/Edit Text/Bespoke/Buyer Navigation/dd_language' 

2020-03-20 14:53:02 - [TEST_STEP][PASSED] - sendKeys(findTestObject("ADMIN/Edit Text/Bespoke/Seller Pages/Order History/input_ORDERS_item_name"), "*"): Keys '*' sent to object: 'Object Repository/ADMIN/Edit Text/Bespoke/Seller Pages/Order History/input_ORDERS_item_name'

2020-03-20 14:53:02 - [MESSAGE][PASSED] - Keys '*' sent to object: 'Object Repository/ADMIN/Edit Text/Bespoke/Seller Pages/Order History/input_ORDERS_item_name'

2020-03-20 14:53:02 - [TEST_STEP][PASSED] - sendKeys(findTestObject("ADMIN/Edit Text/Bespoke/Seller Pages/Order History/input_manage all"), "*"): Keys '*' sent to object: 'Object Repository/ADMIN/Edit Text/Bespoke/Seller Pages/Order History/input_manage all'

2020-03-20 14:53:03 - [MESSAGE][PASSED] - Keys '*' sent to object: 'Object Repository/ADMIN/Edit Text/Bespoke/Seller Pages/Order History/input_manage all'

2020-03-20 14:53:03 - [TEST_STEP][PASSED] - sendKeys(findTestObject("ADMIN/Edit Text/Bespoke/Seller Pages/Order History/input_Search by Order ID_search-by"), "*"): Keys '*' sent to object: 'Object Repository/ADMIN/Edit Text/Bespoke/Seller Pages/Order History/input_Search by Order ID_search-by'

2020-03-20 14:53:03 - [MESSAGE][PASSED] - Keys '*' sent to object: 'Object Repository/ADMIN/Edit Text/Bespoke/Seller Pages/Order History/input_Search by Order ID_search-by'

2020-03-20 14:53:03 - [TEST_STEP][PASSED] - sendKeys(findTestObject("ADMIN/Edit Text/Bespoke/Seller Pages/Order History/input_CHANGE STATUS_btn_upload"), "*"): Keys '*' sent to object: 'Object Repository/ADMIN/Edit Text/Bespoke/Seller Pages/Order History/input_CHANGE STATUS_btn_upload'

2020-03-20 14:53:03 - [MESSAGE][PASSED] - Keys '*' sent to object: 'Object Repository/ADMIN/Edit Text/Bespoke/Seller Pages/Order History/input_CHANGE STATUS_btn_upload'

2020-03-20 14:53:03 - [TEST_STEP][PASSED] - sendKeys(findTestObject("ADMIN/Edit Text/Bespoke/Seller Pages/Order History/input_ORDER NO_order-id-txt"), "*"): Keys '*' sent to object: 'Object Repository/ADMIN/Edit Text/Bespoke/Seller Pages/Order History/input_ORDER NO_order-id-txt'

2020-03-20 14:53:03 - [MESSAGE][PASSED] - Keys '*' sent to object: 'Object Repository/ADMIN/Edit Text/Bespoke/Seller Pages/Order History/input_ORDER NO_order-id-txt'

2020-03-20 14:53:03 - [TEST_STEP][PASSED] - sendKeys(findTestObject("ADMIN/Edit Text/Bespoke/Seller Pages/Order History/input_INVOICE NO_invoice-id-txt"), "*"): Keys '*' sent to object: 'Object Repository/ADMIN/Edit Text/Bespoke/Seller Pages/Order History/input_INVOICE NO_invoice-id-txt'

2020-03-20 14:53:04 - [MESSAGE][PASSED] - Keys '*' sent to object: 'Object Repository/ADMIN/Edit Text/Bespoke/Seller Pages/Order History/input_INVOICE NO_invoice-id-txt'

2020-03-20 14:53:04 - [TEST_STEP][PASSED] - sendKeys(findTestObject("ADMIN/Edit Text/Bespoke/Seller Pages/Order History/input_TIMESTAMP_timestamp-txt"), "*"): Keys '*' sent to object: 'Object Repository/ADMIN/Edit Text/Bespoke/Seller Pages/Order History/input_TIMESTAMP_timestamp-txt'

2020-03-20 14:53:04 - [MESSAGE][PASSED] - Keys '*' sent to object: 'Object Repository/ADMIN/Edit Text/Bespoke/Seller Pages/Order History/input_TIMESTAMP_timestamp-txt'

2020-03-20 14:53:04 - [TEST_STEP][PASSED] - sendKeys(findTestObject("ADMIN/Edit Text/Bespoke/Seller Pages/Order History/input_ORDER TOTAL_item-txt"), "*"): Keys '*' sent to object: 'Object Repository/ADMIN/Edit Text/Bespoke/Seller Pages/Order History/input_ORDER TOTAL_item-txt'

2020-03-20 14:53:04 - [MESSAGE][PASSED] - Keys '*' sent to object: 'Object Repository/ADMIN/Edit Text/Bespoke/Seller Pages/Order History/input_ORDER TOTAL_item-txt'

2020-03-20 14:53:04 - [TEST_STEP][PASSED] - sendKeys(findTestObject("ADMIN/Edit Text/Bespoke/Seller Pages/Order History/input_NO OF ITEM(S)_qty-txt"), "*"): Keys '*' sent to object: 'Object Repository/ADMIN/Edit Text/Bespoke/Seller Pages/Order History/input_NO OF ITEM(S)_qty-txt'

2020-03-20 14:53:04 - [MESSAGE][PASSED] - Keys '*' sent to object: 'Object Repository/ADMIN/Edit Text/Bespoke/Seller Pages/Order History/input_NO OF ITEM(S)_qty-txt'

2020-03-20 14:53:04 - [TEST_STEP][PASSED] - sendKeys(findTestObject("ADMIN/Edit Text/Bespoke/Seller Pages/Order History/input_PAYMENT TYPE_delivery-txt"), "*"): Keys '*' sent to object: 'Object Repository/ADMIN/Edit Text/Bespoke/Seller Pages/Order History/input_PAYMENT TYPE_delivery-txt'

2020-03-20 14:53:04 - [MESSAGE][PASSED] - Keys '*' sent to object: 'Object Repository/ADMIN/Edit Text/Bespoke/Seller Pages/Order History/input_PAYMENT TYPE_delivery-txt'

2020-03-20 14:53:04 - [TEST_STEP][PASSED] - sendKeys(findTestObject("ADMIN/Edit Text/Bespoke/Seller Pages/Order History/input_ORDER STATUS_order-status-txt"), "*"): Keys '*' sent to object: 'Object Repository/ADMIN/Edit Text/Bespoke/Seller Pages/Order History/input_ORDER STATUS_order-status-txt'

2020-03-20 14:53:04 - [MESSAGE][PASSED] - Keys '*' sent to object: 'Object Repository/ADMIN/Edit Text/Bespoke/Seller Pages/Order History/input_ORDER STATUS_order-status-txt'

2020-03-20 14:53:04 - [TEST_STEP][PASSED] - sendKeys(findTestObject("ADMIN/Edit Text/Bespoke/Seller Pages/Order History/input_REVIEW_review-txt"), "*"): Keys '*' sent to object: 'Object Repository/ADMIN/Edit Text/Bespoke/Seller Pages/Order History/input_REVIEW_review-txt'

2020-03-20 14:53:05 - [MESSAGE][PASSED] - Keys '*' sent to object: 'Object Repository/ADMIN/Edit Text/Bespoke/Seller Pages/Order History/input_REVIEW_review-txt'

2020-03-20 14:53:05 - [TEST_STEP][PASSED] - sendKeys(findTestObject("ADMIN/Edit Text/Bespoke/Seller Pages/Order History/input_PAYMENT STATUS_payment-type-txt"), "*"): Keys '*' sent to object: 'Object Repository/ADMIN/Edit Text/Bespoke/Seller Pages/Order History/input_PAYMENT STATUS_payment-type-txt'

2020-03-20 14:53:05 - [MESSAGE][PASSED] - Keys '*' sent to object: 'Object Repository/ADMIN/Edit Text/Bespoke/Seller Pages/Order History/input_PAYMENT STATUS_payment-type-txt'

2020-03-20 14:53:05 - [TEST_STEP][PASSED] - sendKeys(findTestObject("ADMIN/Edit Text/Bespoke/Seller Pages/Order History/input_REFUNDED_payment-status-txt"), "*"): Keys '*' sent to object: 'Object Repository/ADMIN/Edit Text/Bespoke/Seller Pages/Order History/input_REFUNDED_payment-status-txt'

2020-03-20 14:53:05 - [MESSAGE][PASSED] - Keys '*' sent to object: 'Object Repository/ADMIN/Edit Text/Bespoke/Seller Pages/Order History/input_REFUNDED_payment-status-txt'

2020-03-20 14:53:05 - [TEST_STEP][PASSED] - sendKeys(findTestObject("ADMIN/Edit Text/Bespoke/Seller Pages/Order History/input_Delivery_Delivery"), "*"): Keys '*' sent to object: 'Object Repository/ADMIN/Edit Text/Bespoke/Seller Pages/Order History/input_Delivery_Delivery'

2020-03-20 14:53:05 - [MESSAGE][PASSED] - Keys '*' sent to object: 'Object Repository/ADMIN/Edit Text/Bespoke/Seller Pages/Order History/input_Delivery_Delivery'

2020-03-20 14:53:05 - [TEST_STEP][PASSED] - sendKeys(findTestObject("ADMIN/Edit Text/Bespoke/Seller Pages/Order History/input_Pick-up_Delivery"), "*"): Keys '*' sent to object: 'Object Repository/ADMIN/Edit Text/Bespoke/Seller Pages/Order History/input_Pick-up_Delivery'

2020-03-20 14:53:06 - [MESSAGE][PASSED] - Keys '*' sent to object: 'Object Repository/ADMIN/Edit Text/Bespoke/Seller Pages/Order History/input_Pick-up_Delivery'

2020-03-20 14:53:06 - [TEST_STEP][PASSED] - sendKeys(findTestObject("ADMIN/Edit Text/Bespoke/Seller Pages/Order History/input_New Review_new-review"), "*"): Keys '*' sent to object: 'Object Repository/ADMIN/Edit Text/Bespoke/Seller Pages/Order History/input_New Review_new-review'

2020-03-20 14:53:06 - [MESSAGE][PASSED] - Keys '*' sent to object: 'Object Repository/ADMIN/Edit Text/Bespoke/Seller Pages/Order History/input_New Review_new-review'

2020-03-20 14:53:06 - [TEST_STEP][PASSED] - sendKeys(findTestObject("ADMIN/Edit Text/Bespoke/Seller Pages/Order History/input_ORDER STATUS CHANGE_order-status-txt"), "*"): Keys '*' sent to object: 'Object Repository/ADMIN/Edit Text/Bespoke/Seller Pages/Order History/input_ORDER STATUS CHANGE_order-status-txt'

2020-03-20 14:53:06 - [MESSAGE][PASSED] - Keys '*' sent to object: 'Object Repository/ADMIN/Edit Text/Bespoke/Seller Pages/Order History/input_ORDER STATUS CHANGE_order-status-txt'

2020-03-20 14:53:06 - [TEST_STEP][PASSED] - sendKeys(findTestObject("ADMIN/Edit Text/Bespoke/Seller Pages/Order History/input_you will only"), "*"): Keys '*' sent to object: 'Object Repository/ADMIN/Edit Text/Bespoke/Seller Pages/Order History/input_you will only'

2020-03-20 14:53:06 - [MESSAGE][PASSED] - Keys '*' sent to object: 'Object Repository/ADMIN/Edit Text/Bespoke/Seller Pages/Order History/input_you will only'

2020-03-20 14:53:06 - [TEST_STEP][PASSED] - sendKeys(findTestObject("ADMIN/Edit Text/Bespoke/Seller Pages/Order History/input_Your order(s) selected delivery type is_popup-title2"), "*"): Keys '*' sent to object: 'Object Repository/ADMIN/Edit Text/Bespoke/Seller Pages/Order History/input_Your order(s) selected delivery type is_popup-title2'

2020-03-20 14:53:06 - [MESSAGE][PASSED] - Keys '*' sent to object: 'Object Repository/ADMIN/Edit Text/Bespoke/Seller Pages/Order History/input_Your order(s) selected delivery type is_popup-title2'

2020-03-20 14:53:06 - [TEST_STEP][PASSED] - sendKeys(findTestObject("ADMIN/Edit Text/Bespoke/Seller Pages/Order History/input_Your order(s) selected delivery type is_popup-title3"), "*"): Keys '*' sent to object: 'Object Repository/ADMIN/Edit Text/Bespoke/Seller Pages/Order History/input_Your order(s) selected delivery type is_popup-title3'

2020-03-20 14:53:07 - [MESSAGE][PASSED] - Keys '*' sent to object: 'Object Repository/ADMIN/Edit Text/Bespoke/Seller Pages/Order History/input_Your order(s) selected delivery type is_popup-title3'

2020-03-20 14:53:07 - [TEST_STEP][PASSED] - sendKeys(findTestObject("ADMIN/Edit Text/Bespoke/Seller Pages/Order History/input_Change Status_btn_okay"), "*"): Keys '*' sent to object: 'Object Repository/ADMIN/Edit Text/Bespoke/Seller Pages/Order History/input_Change Status_btn_okay'

2020-03-20 14:53:07 - [MESSAGE][PASSED] - Keys '*' sent to object: 'Object Repository/ADMIN/Edit Text/Bespoke/Seller Pages/Order History/input_Change Status_btn_okay'

2020-03-20 14:53:07 - [TEST_STEP][PASSED] - sendKeys(findTestObject("ADMIN/Edit Text/Bespoke/Seller Pages/Order History/input_STATUS CHANGED_popup-title"), "*"): Keys '*' sent to object: 'Object Repository/ADMIN/Edit Text/Bespoke/Seller Pages/Order History/input_STATUS CHANGED_popup-title'

2020-03-20 14:53:07 - [MESSAGE][PASSED] - Keys '*' sent to object: 'Object Repository/ADMIN/Edit Text/Bespoke/Seller Pages/Order History/input_STATUS CHANGED_popup-title'

2020-03-20 14:53:07 - [TEST_STEP][PASSED] - sendKeys(findTestObject("ADMIN/Edit Text/Bespoke/Seller Pages/Order History/textarea_The order status for this item has been updated"), "*"): Keys '*' sent to object: 'Object Repository/ADMIN/Edit Text/Bespoke/Seller Pages/Order History/textarea_The order status for this item has been updated'

2020-03-20 14:53:07 - [MESSAGE][PASSED] - Keys '*' sent to object: 'Object Repository/ADMIN/Edit Text/Bespoke/Seller Pages/Order History/textarea_The order status for this item has been updated'

2020-03-20 14:53:07 - [TEST_STEP][PASSED] - sendKeys(findTestObject("ADMIN/Edit Text/Bespoke/Seller Pages/Order History/input_Okay_btn_okay"), "*"): Keys '*' sent to object: 'Object Repository/ADMIN/Edit Text/Bespoke/Seller Pages/Order History/input_Okay_btn_okay'

2020-03-20 14:53:08 - [MESSAGE][PASSED] - Keys '*' sent to object: 'Object Repository/ADMIN/Edit Text/Bespoke/Seller Pages/Order History/input_Okay_btn_okay'

2020-03-20 14:53:08 - [TEST_STEP][PASSED] - click(findTestObject("ADMIN/Edit Text/Bespoke/Buyer Pages/Homepage/button_save"), CONTINUE_ON_FAILURE): Object: 'Object Repository/ADMIN/Edit Text/Bespoke/Buyer Pages/Homepage/button_save' is clicked on

2020-03-20 14:53:08 - [MESSAGE][PASSED] - Object: 'Object Repository/ADMIN/Edit Text/Bespoke/Buyer Pages/Homepage/button_save' is clicked on

2020-03-20 14:53:08 - [TEST_STEP][PASSED] - waitForElementVisible(findTestObject("ADMIN/Edit Text/Bespoke/Buyer Pages/Homepage/toaster_success"), 0): Object 'Object Repository/ADMIN/Edit Text/Bespoke/Buyer Pages/Homepage/toaster_success' is visible

2020-03-20 14:53:08 - [MESSAGE][WARNING] - Timeout '0' is invalid. Using default page load timeout: '30'

2020-03-20 14:53:09 - [MESSAGE][PASSED] - Object 'Object Repository/ADMIN/Edit Text/Bespoke/Buyer Pages/Homepage/toaster_success' is visible]]></system-out>
         <system-err><![CDATA[]]></system-err>
      </testcase>
      <testcase name="Test Cases/ADMIN/Language/Edit Text/Bespoke/Seller/Order History" time="7.658" classname="Test Cases/ADMIN/Language/Edit Text/Bespoke/Seller/Order History" status="PASSED">
         <system-out><![CDATA[2020-03-20 14:53:09 - [TEST_CASE][PASSED] - Test Cases/ADMIN/Language/Edit Text/Bespoke/Seller/Order History: Test Cases/ADMIN/Language/Edit Text/Bespoke/Seller/Order History

2020-03-20 14:53:09 - [TEST_STEP][PASSED] - waitForElementVisible(findTestObject("ADMIN/Edit Text/Bespoke/Buyer Navigation/dd_language"), 0): Object 'Object Repository/ADMIN/Edit Text/Bespoke/Buyer Navigation/dd_language' is visible

2020-03-20 14:53:09 - [MESSAGE][WARNING] - Timeout '0' is invalid. Using default page load timeout: '30'

2020-03-20 14:53:09 - [MESSAGE][PASSED] - Object 'Object Repository/ADMIN/Edit Text/Bespoke/Buyer Navigation/dd_language' is visible

2020-03-20 14:53:09 - [TEST_STEP][PASSED] - selectOptionByLabel(findTestObject("ADMIN/Edit Text/Bespoke/Buyer Navigation/dd_language"), varLanguage, false): All options with label 'Chinese (Simplified)' are selected in object 'Object Repository/ADMIN/Edit Text/Bespoke/Buyer Navigation/dd_language' 

2020-03-20 14:53:10 - [MESSAGE][PASSED] - All options with label 'Chinese (Simplified)' are selected in object 'Object Repository/ADMIN/Edit Text/Bespoke/Buyer Navigation/dd_language' 

2020-03-20 14:53:10 - [TEST_STEP][PASSED] - sendKeys(findTestObject("ADMIN/Edit Text/Bespoke/Seller Pages/Order History/input_ORDERS_item_name"), "*"): Keys '*' sent to object: 'Object Repository/ADMIN/Edit Text/Bespoke/Seller Pages/Order History/input_ORDERS_item_name'

2020-03-20 14:53:10 - [MESSAGE][PASSED] - Keys '*' sent to object: 'Object Repository/ADMIN/Edit Text/Bespoke/Seller Pages/Order History/input_ORDERS_item_name'

2020-03-20 14:53:10 - [TEST_STEP][PASSED] - sendKeys(findTestObject("ADMIN/Edit Text/Bespoke/Seller Pages/Order History/input_manage all"), "*"): Keys '*' sent to object: 'Object Repository/ADMIN/Edit Text/Bespoke/Seller Pages/Order History/input_manage all'

2020-03-20 14:53:10 - [MESSAGE][PASSED] - Keys '*' sent to object: 'Object Repository/ADMIN/Edit Text/Bespoke/Seller Pages/Order History/input_manage all'

2020-03-20 14:53:10 - [TEST_STEP][PASSED] - sendKeys(findTestObject("ADMIN/Edit Text/Bespoke/Seller Pages/Order History/input_Search by Order ID_search-by"), "*"): Keys '*' sent to object: 'Object Repository/ADMIN/Edit Text/Bespoke/Seller Pages/Order History/input_Search by Order ID_search-by'

2020-03-20 14:53:11 - [MESSAGE][PASSED] - Keys '*' sent to object: 'Object Repository/ADMIN/Edit Text/Bespoke/Seller Pages/Order History/input_Search by Order ID_search-by'

2020-03-20 14:53:11 - [TEST_STEP][PASSED] - sendKeys(findTestObject("ADMIN/Edit Text/Bespoke/Seller Pages/Order History/input_CHANGE STATUS_btn_upload"), "*"): Keys '*' sent to object: 'Object Repository/ADMIN/Edit Text/Bespoke/Seller Pages/Order History/input_CHANGE STATUS_btn_upload'

2020-03-20 14:53:11 - [MESSAGE][PASSED] - Keys '*' sent to object: 'Object Repository/ADMIN/Edit Text/Bespoke/Seller Pages/Order History/input_CHANGE STATUS_btn_upload'

2020-03-20 14:53:11 - [TEST_STEP][PASSED] - sendKeys(findTestObject("ADMIN/Edit Text/Bespoke/Seller Pages/Order History/input_ORDER NO_order-id-txt"), "*"): Keys '*' sent to object: 'Object Repository/ADMIN/Edit Text/Bespoke/Seller Pages/Order History/input_ORDER NO_order-id-txt'

2020-03-20 14:53:11 - [MESSAGE][PASSED] - Keys '*' sent to object: 'Object Repository/ADMIN/Edit Text/Bespoke/Seller Pages/Order History/input_ORDER NO_order-id-txt'

2020-03-20 14:53:11 - [TEST_STEP][PASSED] - sendKeys(findTestObject("ADMIN/Edit Text/Bespoke/Seller Pages/Order History/input_INVOICE NO_invoice-id-txt"), "*"): Keys '*' sent to object: 'Object Repository/ADMIN/Edit Text/Bespoke/Seller Pages/Order History/input_INVOICE NO_invoice-id-txt'

2020-03-20 14:53:11 - [MESSAGE][PASSED] - Keys '*' sent to object: 'Object Repository/ADMIN/Edit Text/Bespoke/Seller Pages/Order History/input_INVOICE NO_invoice-id-txt'

2020-03-20 14:53:11 - [TEST_STEP][PASSED] - sendKeys(findTestObject("ADMIN/Edit Text/Bespoke/Seller Pages/Order History/input_TIMESTAMP_timestamp-txt"), "*"): Keys '*' sent to object: 'Object Repository/ADMIN/Edit Text/Bespoke/Seller Pages/Order History/input_TIMESTAMP_timestamp-txt'

2020-03-20 14:53:12 - [MESSAGE][PASSED] - Keys '*' sent to object: 'Object Repository/ADMIN/Edit Text/Bespoke/Seller Pages/Order History/input_TIMESTAMP_timestamp-txt'

2020-03-20 14:53:12 - [TEST_STEP][PASSED] - sendKeys(findTestObject("ADMIN/Edit Text/Bespoke/Seller Pages/Order History/input_ORDER TOTAL_item-txt"), "*"): Keys '*' sent to object: 'Object Repository/ADMIN/Edit Text/Bespoke/Seller Pages/Order History/input_ORDER TOTAL_item-txt'

2020-03-20 14:53:12 - [MESSAGE][PASSED] - Keys '*' sent to object: 'Object Repository/ADMIN/Edit Text/Bespoke/Seller Pages/Order History/input_ORDER TOTAL_item-txt'

2020-03-20 14:53:12 - [TEST_STEP][PASSED] - sendKeys(findTestObject("ADMIN/Edit Text/Bespoke/Seller Pages/Order History/input_NO OF ITEM(S)_qty-txt"), "*"): Keys '*' sent to object: 'Object Repository/ADMIN/Edit Text/Bespoke/Seller Pages/Order History/input_NO OF ITEM(S)_qty-txt'

2020-03-20 14:53:12 - [MESSAGE][PASSED] - Keys '*' sent to object: 'Object Repository/ADMIN/Edit Text/Bespoke/Seller Pages/Order History/input_NO OF ITEM(S)_qty-txt'

2020-03-20 14:53:12 - [TEST_STEP][PASSED] - sendKeys(findTestObject("ADMIN/Edit Text/Bespoke/Seller Pages/Order History/input_PAYMENT TYPE_delivery-txt"), "*"): Keys '*' sent to object: 'Object Repository/ADMIN/Edit Text/Bespoke/Seller Pages/Order History/input_PAYMENT TYPE_delivery-txt'

2020-03-20 14:53:12 - [MESSAGE][PASSED] - Keys '*' sent to object: 'Object Repository/ADMIN/Edit Text/Bespoke/Seller Pages/Order History/input_PAYMENT TYPE_delivery-txt'

2020-03-20 14:53:12 - [TEST_STEP][PASSED] - sendKeys(findTestObject("ADMIN/Edit Text/Bespoke/Seller Pages/Order History/input_ORDER STATUS_order-status-txt"), "*"): Keys '*' sent to object: 'Object Repository/ADMIN/Edit Text/Bespoke/Seller Pages/Order History/input_ORDER STATUS_order-status-txt'

2020-03-20 14:53:12 - [MESSAGE][PASSED] - Keys '*' sent to object: 'Object Repository/ADMIN/Edit Text/Bespoke/Seller Pages/Order History/input_ORDER STATUS_order-status-txt'

2020-03-20 14:53:12 - [TEST_STEP][PASSED] - sendKeys(findTestObject("ADMIN/Edit Text/Bespoke/Seller Pages/Order History/input_REVIEW_review-txt"), "*"): Keys '*' sent to object: 'Object Repository/ADMIN/Edit Text/Bespoke/Seller Pages/Order History/input_REVIEW_review-txt'

2020-03-20 14:53:12 - [MESSAGE][PASSED] - Keys '*' sent to object: 'Object Repository/ADMIN/Edit Text/Bespoke/Seller Pages/Order History/input_REVIEW_review-txt'

2020-03-20 14:53:12 - [TEST_STEP][PASSED] - sendKeys(findTestObject("ADMIN/Edit Text/Bespoke/Seller Pages/Order History/input_PAYMENT STATUS_payment-type-txt"), "*"): Keys '*' sent to object: 'Object Repository/ADMIN/Edit Text/Bespoke/Seller Pages/Order History/input_PAYMENT STATUS_payment-type-txt'

2020-03-20 14:53:13 - [MESSAGE][PASSED] - Keys '*' sent to object: 'Object Repository/ADMIN/Edit Text/Bespoke/Seller Pages/Order History/input_PAYMENT STATUS_payment-type-txt'

2020-03-20 14:53:13 - [TEST_STEP][PASSED] - sendKeys(findTestObject("ADMIN/Edit Text/Bespoke/Seller Pages/Order History/input_REFUNDED_payment-status-txt"), "*"): Keys '*' sent to object: 'Object Repository/ADMIN/Edit Text/Bespoke/Seller Pages/Order History/input_REFUNDED_payment-status-txt'

2020-03-20 14:53:13 - [MESSAGE][PASSED] - Keys '*' sent to object: 'Object Repository/ADMIN/Edit Text/Bespoke/Seller Pages/Order History/input_REFUNDED_payment-status-txt'

2020-03-20 14:53:13 - [TEST_STEP][PASSED] - sendKeys(findTestObject("ADMIN/Edit Text/Bespoke/Seller Pages/Order History/input_Delivery_Delivery"), "*"): Keys '*' sent to object: 'Object Repository/ADMIN/Edit Text/Bespoke/Seller Pages/Order History/input_Delivery_Delivery'

2020-03-20 14:53:13 - [MESSAGE][PASSED] - Keys '*' sent to object: 'Object Repository/ADMIN/Edit Text/Bespoke/Seller Pages/Order History/input_Delivery_Delivery'

2020-03-20 14:53:13 - [TEST_STEP][PASSED] - sendKeys(findTestObject("ADMIN/Edit Text/Bespoke/Seller Pages/Order History/input_Pick-up_Delivery"), "*"): Keys '*' sent to object: 'Object Repository/ADMIN/Edit Text/Bespoke/Seller Pages/Order History/input_Pick-up_Delivery'

2020-03-20 14:53:13 - [MESSAGE][PASSED] - Keys '*' sent to object: 'Object Repository/ADMIN/Edit Text/Bespoke/Seller Pages/Order History/input_Pick-up_Delivery'

2020-03-20 14:53:13 - [TEST_STEP][PASSED] - sendKeys(findTestObject("ADMIN/Edit Text/Bespoke/Seller Pages/Order History/input_New Review_new-review"), "*"): Keys '*' sent to object: 'Object Repository/ADMIN/Edit Text/Bespoke/Seller Pages/Order History/input_New Review_new-review'

2020-03-20 14:53:13 - [MESSAGE][PASSED] - Keys '*' sent to object: 'Object Repository/ADMIN/Edit Text/Bespoke/Seller Pages/Order History/input_New Review_new-review'

2020-03-20 14:53:13 - [TEST_STEP][PASSED] - sendKeys(findTestObject("ADMIN/Edit Text/Bespoke/Seller Pages/Order History/input_ORDER STATUS CHANGE_order-status-txt"), "*"): Keys '*' sent to object: 'Object Repository/ADMIN/Edit Text/Bespoke/Seller Pages/Order History/input_ORDER STATUS CHANGE_order-status-txt'

2020-03-20 14:53:14 - [MESSAGE][PASSED] - Keys '*' sent to object: 'Object Repository/ADMIN/Edit Text/Bespoke/Seller Pages/Order History/input_ORDER STATUS CHANGE_order-status-txt'

2020-03-20 14:53:14 - [TEST_STEP][PASSED] - sendKeys(findTestObject("ADMIN/Edit Text/Bespoke/Seller Pages/Order History/input_you will only"), "*"): Keys '*' sent to object: 'Object Repository/ADMIN/Edit Text/Bespoke/Seller Pages/Order History/input_you will only'

2020-03-20 14:53:14 - [MESSAGE][PASSED] - Keys '*' sent to object: 'Object Repository/ADMIN/Edit Text/Bespoke/Seller Pages/Order History/input_you will only'

2020-03-20 14:53:14 - [TEST_STEP][PASSED] - sendKeys(findTestObject("ADMIN/Edit Text/Bespoke/Seller Pages/Order History/input_Your order(s) selected delivery type is_popup-title2"), "*"): Keys '*' sent to object: 'Object Repository/ADMIN/Edit Text/Bespoke/Seller Pages/Order History/input_Your order(s) selected delivery type is_popup-title2'

2020-03-20 14:53:14 - [MESSAGE][PASSED] - Keys '*' sent to object: 'Object Repository/ADMIN/Edit Text/Bespoke/Seller Pages/Order History/input_Your order(s) selected delivery type is_popup-title2'

2020-03-20 14:53:14 - [TEST_STEP][PASSED] - sendKeys(findTestObject("ADMIN/Edit Text/Bespoke/Seller Pages/Order History/input_Your order(s) selected delivery type is_popup-title3"), "*"): Keys '*' sent to object: 'Object Repository/ADMIN/Edit Text/Bespoke/Seller Pages/Order History/input_Your order(s) selected delivery type is_popup-title3'

2020-03-20 14:53:14 - [MESSAGE][PASSED] - Keys '*' sent to object: 'Object Repository/ADMIN/Edit Text/Bespoke/Seller Pages/Order History/input_Your order(s) selected delivery type is_popup-title3'

2020-03-20 14:53:14 - [TEST_STEP][PASSED] - sendKeys(findTestObject("ADMIN/Edit Text/Bespoke/Seller Pages/Order History/input_Change Status_btn_okay"), "*"): Keys '*' sent to object: 'Object Repository/ADMIN/Edit Text/Bespoke/Seller Pages/Order History/input_Change Status_btn_okay'

2020-03-20 14:53:15 - [MESSAGE][PASSED] - Keys '*' sent to object: 'Object Repository/ADMIN/Edit Text/Bespoke/Seller Pages/Order History/input_Change Status_btn_okay'

2020-03-20 14:53:15 - [TEST_STEP][PASSED] - sendKeys(findTestObject("ADMIN/Edit Text/Bespoke/Seller Pages/Order History/input_STATUS CHANGED_popup-title"), "*"): Keys '*' sent to object: 'Object Repository/ADMIN/Edit Text/Bespoke/Seller Pages/Order History/input_STATUS CHANGED_popup-title'

2020-03-20 14:53:15 - [MESSAGE][PASSED] - Keys '*' sent to object: 'Object Repository/ADMIN/Edit Text/Bespoke/Seller Pages/Order History/input_STATUS CHANGED_popup-title'

2020-03-20 14:53:15 - [TEST_STEP][PASSED] - sendKeys(findTestObject("ADMIN/Edit Text/Bespoke/Seller Pages/Order History/textarea_The order status for this item has been updated"), "*"): Keys '*' sent to object: 'Object Repository/ADMIN/Edit Text/Bespoke/Seller Pages/Order History/textarea_The order status for this item has been updated'

2020-03-20 14:53:15 - [MESSAGE][PASSED] - Keys '*' sent to object: 'Object Repository/ADMIN/Edit Text/Bespoke/Seller Pages/Order History/textarea_The order status for this item has been updated'

2020-03-20 14:53:15 - [TEST_STEP][PASSED] - sendKeys(findTestObject("ADMIN/Edit Text/Bespoke/Seller Pages/Order History/input_Okay_btn_okay"), "*"): Keys '*' sent to object: 'Object Repository/ADMIN/Edit Text/Bespoke/Seller Pages/Order History/input_Okay_btn_okay'

2020-03-20 14:53:15 - [MESSAGE][PASSED] - Keys '*' sent to object: 'Object Repository/ADMIN/Edit Text/Bespoke/Seller Pages/Order History/input_Okay_btn_okay'

2020-03-20 14:53:15 - [TEST_STEP][PASSED] - click(findTestObject("ADMIN/Edit Text/Bespoke/Buyer Pages/Homepage/button_save"), CONTINUE_ON_FAILURE): Object: 'Object Repository/ADMIN/Edit Text/Bespoke/Buyer Pages/Homepage/button_save' is clicked on

2020-03-20 14:53:15 - [MESSAGE][PASSED] - Object: 'Object Repository/ADMIN/Edit Text/Bespoke/Buyer Pages/Homepage/button_save' is clicked on

2020-03-20 14:53:15 - [TEST_STEP][PASSED] - waitForElementVisible(findTestObject("ADMIN/Edit Text/Bespoke/Buyer Pages/Homepage/toaster_success"), 0): Object 'Object Repository/ADMIN/Edit Text/Bespoke/Buyer Pages/Homepage/toaster_success' is visible

2020-03-20 14:53:15 - [MESSAGE][WARNING] - Timeout '0' is invalid. Using default page load timeout: '30'

2020-03-20 14:53:16 - [MESSAGE][PASSED] - Object 'Object Repository/ADMIN/Edit Text/Bespoke/Buyer Pages/Homepage/toaster_success' is visible]]></system-out>
         <system-err><![CDATA[]]></system-err>
      </testcase>
      <testcase name="Test Cases/ADMIN/Language/Edit Text/Bespoke/Seller/Order History" time="7.945" classname="Test Cases/ADMIN/Language/Edit Text/Bespoke/Seller/Order History" status="PASSED">
         <system-out><![CDATA[2020-03-20 14:53:16 - [TEST_CASE][PASSED] - Test Cases/ADMIN/Language/Edit Text/Bespoke/Seller/Order History: Test Cases/ADMIN/Language/Edit Text/Bespoke/Seller/Order History

2020-03-20 14:53:16 - [TEST_STEP][PASSED] - waitForElementVisible(findTestObject("ADMIN/Edit Text/Bespoke/Buyer Navigation/dd_language"), 0): Object 'Object Repository/ADMIN/Edit Text/Bespoke/Buyer Navigation/dd_language' is visible

2020-03-20 14:53:16 - [MESSAGE][WARNING] - Timeout '0' is invalid. Using default page load timeout: '30'

2020-03-20 14:53:16 - [MESSAGE][PASSED] - Object 'Object Repository/ADMIN/Edit Text/Bespoke/Buyer Navigation/dd_language' is visible

2020-03-20 14:53:16 - [TEST_STEP][PASSED] - selectOptionByLabel(findTestObject("ADMIN/Edit Text/Bespoke/Buyer Navigation/dd_language"), varLanguage, false): All options with label 'Hebrew' are selected in object 'Object Repository/ADMIN/Edit Text/Bespoke/Buyer Navigation/dd_language' 

2020-03-20 14:53:17 - [MESSAGE][PASSED] - All options with label 'Hebrew' are selected in object 'Object Repository/ADMIN/Edit Text/Bespoke/Buyer Navigation/dd_language' 

2020-03-20 14:53:17 - [TEST_STEP][PASSED] - sendKeys(findTestObject("ADMIN/Edit Text/Bespoke/Seller Pages/Order History/input_ORDERS_item_name"), "*"): Keys '*' sent to object: 'Object Repository/ADMIN/Edit Text/Bespoke/Seller Pages/Order History/input_ORDERS_item_name'

2020-03-20 14:53:18 - [MESSAGE][PASSED] - Keys '*' sent to object: 'Object Repository/ADMIN/Edit Text/Bespoke/Seller Pages/Order History/input_ORDERS_item_name'

2020-03-20 14:53:18 - [TEST_STEP][PASSED] - sendKeys(findTestObject("ADMIN/Edit Text/Bespoke/Seller Pages/Order History/input_manage all"), "*"): Keys '*' sent to object: 'Object Repository/ADMIN/Edit Text/Bespoke/Seller Pages/Order History/input_manage all'

2020-03-20 14:53:18 - [MESSAGE][PASSED] - Keys '*' sent to object: 'Object Repository/ADMIN/Edit Text/Bespoke/Seller Pages/Order History/input_manage all'

2020-03-20 14:53:18 - [TEST_STEP][PASSED] - sendKeys(findTestObject("ADMIN/Edit Text/Bespoke/Seller Pages/Order History/input_Search by Order ID_search-by"), "*"): Keys '*' sent to object: 'Object Repository/ADMIN/Edit Text/Bespoke/Seller Pages/Order History/input_Search by Order ID_search-by'

2020-03-20 14:53:18 - [MESSAGE][PASSED] - Keys '*' sent to object: 'Object Repository/ADMIN/Edit Text/Bespoke/Seller Pages/Order History/input_Search by Order ID_search-by'

2020-03-20 14:53:18 - [TEST_STEP][PASSED] - sendKeys(findTestObject("ADMIN/Edit Text/Bespoke/Seller Pages/Order History/input_CHANGE STATUS_btn_upload"), "*"): Keys '*' sent to object: 'Object Repository/ADMIN/Edit Text/Bespoke/Seller Pages/Order History/input_CHANGE STATUS_btn_upload'

2020-03-20 14:53:18 - [MESSAGE][PASSED] - Keys '*' sent to object: 'Object Repository/ADMIN/Edit Text/Bespoke/Seller Pages/Order History/input_CHANGE STATUS_btn_upload'

2020-03-20 14:53:18 - [TEST_STEP][PASSED] - sendKeys(findTestObject("ADMIN/Edit Text/Bespoke/Seller Pages/Order History/input_ORDER NO_order-id-txt"), "*"): Keys '*' sent to object: 'Object Repository/ADMIN/Edit Text/Bespoke/Seller Pages/Order History/input_ORDER NO_order-id-txt'

2020-03-20 14:53:19 - [MESSAGE][PASSED] - Keys '*' sent to object: 'Object Repository/ADMIN/Edit Text/Bespoke/Seller Pages/Order History/input_ORDER NO_order-id-txt'

2020-03-20 14:53:19 - [TEST_STEP][PASSED] - sendKeys(findTestObject("ADMIN/Edit Text/Bespoke/Seller Pages/Order History/input_INVOICE NO_invoice-id-txt"), "*"): Keys '*' sent to object: 'Object Repository/ADMIN/Edit Text/Bespoke/Seller Pages/Order History/input_INVOICE NO_invoice-id-txt'

2020-03-20 14:53:19 - [MESSAGE][PASSED] - Keys '*' sent to object: 'Object Repository/ADMIN/Edit Text/Bespoke/Seller Pages/Order History/input_INVOICE NO_invoice-id-txt'

2020-03-20 14:53:19 - [TEST_STEP][PASSED] - sendKeys(findTestObject("ADMIN/Edit Text/Bespoke/Seller Pages/Order History/input_TIMESTAMP_timestamp-txt"), "*"): Keys '*' sent to object: 'Object Repository/ADMIN/Edit Text/Bespoke/Seller Pages/Order History/input_TIMESTAMP_timestamp-txt'

2020-03-20 14:53:19 - [MESSAGE][PASSED] - Keys '*' sent to object: 'Object Repository/ADMIN/Edit Text/Bespoke/Seller Pages/Order History/input_TIMESTAMP_timestamp-txt'

2020-03-20 14:53:19 - [TEST_STEP][PASSED] - sendKeys(findTestObject("ADMIN/Edit Text/Bespoke/Seller Pages/Order History/input_ORDER TOTAL_item-txt"), "*"): Keys '*' sent to object: 'Object Repository/ADMIN/Edit Text/Bespoke/Seller Pages/Order History/input_ORDER TOTAL_item-txt'

2020-03-20 14:53:20 - [MESSAGE][PASSED] - Keys '*' sent to object: 'Object Repository/ADMIN/Edit Text/Bespoke/Seller Pages/Order History/input_ORDER TOTAL_item-txt'

2020-03-20 14:53:20 - [TEST_STEP][PASSED] - sendKeys(findTestObject("ADMIN/Edit Text/Bespoke/Seller Pages/Order History/input_NO OF ITEM(S)_qty-txt"), "*"): Keys '*' sent to object: 'Object Repository/ADMIN/Edit Text/Bespoke/Seller Pages/Order History/input_NO OF ITEM(S)_qty-txt'

2020-03-20 14:53:20 - [MESSAGE][PASSED] - Keys '*' sent to object: 'Object Repository/ADMIN/Edit Text/Bespoke/Seller Pages/Order History/input_NO OF ITEM(S)_qty-txt'

2020-03-20 14:53:20 - [TEST_STEP][PASSED] - sendKeys(findTestObject("ADMIN/Edit Text/Bespoke/Seller Pages/Order History/input_PAYMENT TYPE_delivery-txt"), "*"): Keys '*' sent to object: 'Object Repository/ADMIN/Edit Text/Bespoke/Seller Pages/Order History/input_PAYMENT TYPE_delivery-txt'

2020-03-20 14:53:20 - [MESSAGE][PASSED] - Keys '*' sent to object: 'Object Repository/ADMIN/Edit Text/Bespoke/Seller Pages/Order History/input_PAYMENT TYPE_delivery-txt'

2020-03-20 14:53:20 - [TEST_STEP][PASSED] - sendKeys(findTestObject("ADMIN/Edit Text/Bespoke/Seller Pages/Order History/input_ORDER STATUS_order-status-txt"), "*"): Keys '*' sent to object: 'Object Repository/ADMIN/Edit Text/Bespoke/Seller Pages/Order History/input_ORDER STATUS_order-status-txt'

2020-03-20 14:53:20 - [MESSAGE][PASSED] - Keys '*' sent to object: 'Object Repository/ADMIN/Edit Text/Bespoke/Seller Pages/Order History/input_ORDER STATUS_order-status-txt'

2020-03-20 14:53:20 - [TEST_STEP][PASSED] - sendKeys(findTestObject("ADMIN/Edit Text/Bespoke/Seller Pages/Order History/input_REVIEW_review-txt"), "*"): Keys '*' sent to object: 'Object Repository/ADMIN/Edit Text/Bespoke/Seller Pages/Order History/input_REVIEW_review-txt'

2020-03-20 14:53:20 - [MESSAGE][PASSED] - Keys '*' sent to object: 'Object Repository/ADMIN/Edit Text/Bespoke/Seller Pages/Order History/input_REVIEW_review-txt'

2020-03-20 14:53:20 - [TEST_STEP][PASSED] - sendKeys(findTestObject("ADMIN/Edit Text/Bespoke/Seller Pages/Order History/input_PAYMENT STATUS_payment-type-txt"), "*"): Keys '*' sent to object: 'Object Repository/ADMIN/Edit Text/Bespoke/Seller Pages/Order History/input_PAYMENT STATUS_payment-type-txt'

2020-03-20 14:53:21 - [MESSAGE][PASSED] - Keys '*' sent to object: 'Object Repository/ADMIN/Edit Text/Bespoke/Seller Pages/Order History/input_PAYMENT STATUS_payment-type-txt'

2020-03-20 14:53:21 - [TEST_STEP][PASSED] - sendKeys(findTestObject("ADMIN/Edit Text/Bespoke/Seller Pages/Order History/input_REFUNDED_payment-status-txt"), "*"): Keys '*' sent to object: 'Object Repository/ADMIN/Edit Text/Bespoke/Seller Pages/Order History/input_REFUNDED_payment-status-txt'

2020-03-20 14:53:21 - [MESSAGE][PASSED] - Keys '*' sent to object: 'Object Repository/ADMIN/Edit Text/Bespoke/Seller Pages/Order History/input_REFUNDED_payment-status-txt'

2020-03-20 14:53:21 - [TEST_STEP][PASSED] - sendKeys(findTestObject("ADMIN/Edit Text/Bespoke/Seller Pages/Order History/input_Delivery_Delivery"), "*"): Keys '*' sent to object: 'Object Repository/ADMIN/Edit Text/Bespoke/Seller Pages/Order History/input_Delivery_Delivery'

2020-03-20 14:53:21 - [MESSAGE][PASSED] - Keys '*' sent to object: 'Object Repository/ADMIN/Edit Text/Bespoke/Seller Pages/Order History/input_Delivery_Delivery'

2020-03-20 14:53:21 - [TEST_STEP][PASSED] - sendKeys(findTestObject("ADMIN/Edit Text/Bespoke/Seller Pages/Order History/input_Pick-up_Delivery"), "*"): Keys '*' sent to object: 'Object Repository/ADMIN/Edit Text/Bespoke/Seller Pages/Order History/input_Pick-up_Delivery'

2020-03-20 14:53:21 - [MESSAGE][PASSED] - Keys '*' sent to object: 'Object Repository/ADMIN/Edit Text/Bespoke/Seller Pages/Order History/input_Pick-up_Delivery'

2020-03-20 14:53:21 - [TEST_STEP][PASSED] - sendKeys(findTestObject("ADMIN/Edit Text/Bespoke/Seller Pages/Order History/input_New Review_new-review"), "*"): Keys '*' sent to object: 'Object Repository/ADMIN/Edit Text/Bespoke/Seller Pages/Order History/input_New Review_new-review'

2020-03-20 14:53:21 - [MESSAGE][PASSED] - Keys '*' sent to object: 'Object Repository/ADMIN/Edit Text/Bespoke/Seller Pages/Order History/input_New Review_new-review'

2020-03-20 14:53:21 - [TEST_STEP][PASSED] - sendKeys(findTestObject("ADMIN/Edit Text/Bespoke/Seller Pages/Order History/input_ORDER STATUS CHANGE_order-status-txt"), "*"): Keys '*' sent to object: 'Object Repository/ADMIN/Edit Text/Bespoke/Seller Pages/Order History/input_ORDER STATUS CHANGE_order-status-txt'

2020-03-20 14:53:22 - [MESSAGE][PASSED] - Keys '*' sent to object: 'Object Repository/ADMIN/Edit Text/Bespoke/Seller Pages/Order History/input_ORDER STATUS CHANGE_order-status-txt'

2020-03-20 14:53:22 - [TEST_STEP][PASSED] - sendKeys(findTestObject("ADMIN/Edit Text/Bespoke/Seller Pages/Order History/input_you will only"), "*"): Keys '*' sent to object: 'Object Repository/ADMIN/Edit Text/Bespoke/Seller Pages/Order History/input_you will only'

2020-03-20 14:53:22 - [MESSAGE][PASSED] - Keys '*' sent to object: 'Object Repository/ADMIN/Edit Text/Bespoke/Seller Pages/Order History/input_you will only'

2020-03-20 14:53:22 - [TEST_STEP][PASSED] - sendKeys(findTestObject("ADMIN/Edit Text/Bespoke/Seller Pages/Order History/input_Your order(s) selected delivery type is_popup-title2"), "*"): Keys '*' sent to object: 'Object Repository/ADMIN/Edit Text/Bespoke/Seller Pages/Order History/input_Your order(s) selected delivery type is_popup-title2'

2020-03-20 14:53:22 - [MESSAGE][PASSED] - Keys '*' sent to object: 'Object Repository/ADMIN/Edit Text/Bespoke/Seller Pages/Order History/input_Your order(s) selected delivery type is_popup-title2'

2020-03-20 14:53:22 - [TEST_STEP][PASSED] - sendKeys(findTestObject("ADMIN/Edit Text/Bespoke/Seller Pages/Order History/input_Your order(s) selected delivery type is_popup-title3"), "*"): Keys '*' sent to object: 'Object Repository/ADMIN/Edit Text/Bespoke/Seller Pages/Order History/input_Your order(s) selected delivery type is_popup-title3'

2020-03-20 14:53:22 - [MESSAGE][PASSED] - Keys '*' sent to object: 'Object Repository/ADMIN/Edit Text/Bespoke/Seller Pages/Order History/input_Your order(s) selected delivery type is_popup-title3'

2020-03-20 14:53:22 - [TEST_STEP][PASSED] - sendKeys(findTestObject("ADMIN/Edit Text/Bespoke/Seller Pages/Order History/input_Change Status_btn_okay"), "*"): Keys '*' sent to object: 'Object Repository/ADMIN/Edit Text/Bespoke/Seller Pages/Order History/input_Change Status_btn_okay'

2020-03-20 14:53:22 - [MESSAGE][PASSED] - Keys '*' sent to object: 'Object Repository/ADMIN/Edit Text/Bespoke/Seller Pages/Order History/input_Change Status_btn_okay'

2020-03-20 14:53:22 - [TEST_STEP][PASSED] - sendKeys(findTestObject("ADMIN/Edit Text/Bespoke/Seller Pages/Order History/input_STATUS CHANGED_popup-title"), "*"): Keys '*' sent to object: 'Object Repository/ADMIN/Edit Text/Bespoke/Seller Pages/Order History/input_STATUS CHANGED_popup-title'

2020-03-20 14:53:23 - [MESSAGE][PASSED] - Keys '*' sent to object: 'Object Repository/ADMIN/Edit Text/Bespoke/Seller Pages/Order History/input_STATUS CHANGED_popup-title'

2020-03-20 14:53:23 - [TEST_STEP][PASSED] - sendKeys(findTestObject("ADMIN/Edit Text/Bespoke/Seller Pages/Order History/textarea_The order status for this item has been updated"), "*"): Keys '*' sent to object: 'Object Repository/ADMIN/Edit Text/Bespoke/Seller Pages/Order History/textarea_The order status for this item has been updated'

2020-03-20 14:53:23 - [MESSAGE][PASSED] - Keys '*' sent to object: 'Object Repository/ADMIN/Edit Text/Bespoke/Seller Pages/Order History/textarea_The order status for this item has been updated'

2020-03-20 14:53:23 - [TEST_STEP][PASSED] - sendKeys(findTestObject("ADMIN/Edit Text/Bespoke/Seller Pages/Order History/input_Okay_btn_okay"), "*"): Keys '*' sent to object: 'Object Repository/ADMIN/Edit Text/Bespoke/Seller Pages/Order History/input_Okay_btn_okay'

2020-03-20 14:53:23 - [MESSAGE][PASSED] - Keys '*' sent to object: 'Object Repository/ADMIN/Edit Text/Bespoke/Seller Pages/Order History/input_Okay_btn_okay'

2020-03-20 14:53:23 - [TEST_STEP][PASSED] - click(findTestObject("ADMIN/Edit Text/Bespoke/Buyer Pages/Homepage/button_save"), CONTINUE_ON_FAILURE): Object: 'Object Repository/ADMIN/Edit Text/Bespoke/Buyer Pages/Homepage/button_save' is clicked on

2020-03-20 14:53:23 - [MESSAGE][PASSED] - Object: 'Object Repository/ADMIN/Edit Text/Bespoke/Buyer Pages/Homepage/button_save' is clicked on

2020-03-20 14:53:23 - [TEST_STEP][PASSED] - waitForElementVisible(findTestObject("ADMIN/Edit Text/Bespoke/Buyer Pages/Homepage/toaster_success"), 0): Object 'Object Repository/ADMIN/Edit Text/Bespoke/Buyer Pages/Homepage/toaster_success' is visible

2020-03-20 14:53:23 - [MESSAGE][WARNING] - Timeout '0' is invalid. Using default page load timeout: '30'

2020-03-20 14:53:24 - [MESSAGE][PASSED] - Object 'Object Repository/ADMIN/Edit Text/Bespoke/Buyer Pages/Homepage/toaster_success' is visible]]></system-out>
         <system-err><![CDATA[]]></system-err>
      </testcase>
      <testcase name="Test Cases/ADMIN/Language/Edit Text/Bespoke/Seller/Order History" time="7.384" classname="Test Cases/ADMIN/Language/Edit Text/Bespoke/Seller/Order History" status="PASSED">
         <system-out><![CDATA[2020-03-20 14:53:24 - [TEST_CASE][PASSED] - Test Cases/ADMIN/Language/Edit Text/Bespoke/Seller/Order History: Test Cases/ADMIN/Language/Edit Text/Bespoke/Seller/Order History

2020-03-20 14:53:24 - [TEST_STEP][PASSED] - waitForElementVisible(findTestObject("ADMIN/Edit Text/Bespoke/Buyer Navigation/dd_language"), 0): Object 'Object Repository/ADMIN/Edit Text/Bespoke/Buyer Navigation/dd_language' is visible

2020-03-20 14:53:24 - [MESSAGE][WARNING] - Timeout '0' is invalid. Using default page load timeout: '30'

2020-03-20 14:53:24 - [MESSAGE][PASSED] - Object 'Object Repository/ADMIN/Edit Text/Bespoke/Buyer Navigation/dd_language' is visible

2020-03-20 14:53:24 - [TEST_STEP][PASSED] - selectOptionByLabel(findTestObject("ADMIN/Edit Text/Bespoke/Buyer Navigation/dd_language"), varLanguage, false): All options with label 'English' are selected in object 'Object Repository/ADMIN/Edit Text/Bespoke/Buyer Navigation/dd_language' 

2020-03-20 14:53:25 - [MESSAGE][PASSED] - All options with label 'English' are selected in object 'Object Repository/ADMIN/Edit Text/Bespoke/Buyer Navigation/dd_language' 

2020-03-20 14:53:25 - [TEST_STEP][PASSED] - sendKeys(findTestObject("ADMIN/Edit Text/Bespoke/Seller Pages/Order History/input_ORDERS_item_name"), "*"): Keys '*' sent to object: 'Object Repository/ADMIN/Edit Text/Bespoke/Seller Pages/Order History/input_ORDERS_item_name'

2020-03-20 14:53:26 - [MESSAGE][PASSED] - Keys '*' sent to object: 'Object Repository/ADMIN/Edit Text/Bespoke/Seller Pages/Order History/input_ORDERS_item_name'

2020-03-20 14:53:26 - [TEST_STEP][PASSED] - sendKeys(findTestObject("ADMIN/Edit Text/Bespoke/Seller Pages/Order History/input_manage all"), "*"): Keys '*' sent to object: 'Object Repository/ADMIN/Edit Text/Bespoke/Seller Pages/Order History/input_manage all'

2020-03-20 14:53:26 - [MESSAGE][PASSED] - Keys '*' sent to object: 'Object Repository/ADMIN/Edit Text/Bespoke/Seller Pages/Order History/input_manage all'

2020-03-20 14:53:26 - [TEST_STEP][PASSED] - sendKeys(findTestObject("ADMIN/Edit Text/Bespoke/Seller Pages/Order History/input_Search by Order ID_search-by"), "*"): Keys '*' sent to object: 'Object Repository/ADMIN/Edit Text/Bespoke/Seller Pages/Order History/input_Search by Order ID_search-by'

2020-03-20 14:53:26 - [MESSAGE][PASSED] - Keys '*' sent to object: 'Object Repository/ADMIN/Edit Text/Bespoke/Seller Pages/Order History/input_Search by Order ID_search-by'

2020-03-20 14:53:26 - [TEST_STEP][PASSED] - sendKeys(findTestObject("ADMIN/Edit Text/Bespoke/Seller Pages/Order History/input_CHANGE STATUS_btn_upload"), "*"): Keys '*' sent to object: 'Object Repository/ADMIN/Edit Text/Bespoke/Seller Pages/Order History/input_CHANGE STATUS_btn_upload'

2020-03-20 14:53:26 - [MESSAGE][PASSED] - Keys '*' sent to object: 'Object Repository/ADMIN/Edit Text/Bespoke/Seller Pages/Order History/input_CHANGE STATUS_btn_upload'

2020-03-20 14:53:26 - [TEST_STEP][PASSED] - sendKeys(findTestObject("ADMIN/Edit Text/Bespoke/Seller Pages/Order History/input_ORDER NO_order-id-txt"), "*"): Keys '*' sent to object: 'Object Repository/ADMIN/Edit Text/Bespoke/Seller Pages/Order History/input_ORDER NO_order-id-txt'

2020-03-20 14:53:27 - [MESSAGE][PASSED] - Keys '*' sent to object: 'Object Repository/ADMIN/Edit Text/Bespoke/Seller Pages/Order History/input_ORDER NO_order-id-txt'

2020-03-20 14:53:27 - [TEST_STEP][PASSED] - sendKeys(findTestObject("ADMIN/Edit Text/Bespoke/Seller Pages/Order History/input_INVOICE NO_invoice-id-txt"), "*"): Keys '*' sent to object: 'Object Repository/ADMIN/Edit Text/Bespoke/Seller Pages/Order History/input_INVOICE NO_invoice-id-txt'

2020-03-20 14:53:27 - [MESSAGE][PASSED] - Keys '*' sent to object: 'Object Repository/ADMIN/Edit Text/Bespoke/Seller Pages/Order History/input_INVOICE NO_invoice-id-txt'

2020-03-20 14:53:27 - [TEST_STEP][PASSED] - sendKeys(findTestObject("ADMIN/Edit Text/Bespoke/Seller Pages/Order History/input_TIMESTAMP_timestamp-txt"), "*"): Keys '*' sent to object: 'Object Repository/ADMIN/Edit Text/Bespoke/Seller Pages/Order History/input_TIMESTAMP_timestamp-txt'

2020-03-20 14:53:27 - [MESSAGE][PASSED] - Keys '*' sent to object: 'Object Repository/ADMIN/Edit Text/Bespoke/Seller Pages/Order History/input_TIMESTAMP_timestamp-txt'

2020-03-20 14:53:27 - [TEST_STEP][PASSED] - sendKeys(findTestObject("ADMIN/Edit Text/Bespoke/Seller Pages/Order History/input_ORDER TOTAL_item-txt"), "*"): Keys '*' sent to object: 'Object Repository/ADMIN/Edit Text/Bespoke/Seller Pages/Order History/input_ORDER TOTAL_item-txt'

2020-03-20 14:53:27 - [MESSAGE][PASSED] - Keys '*' sent to object: 'Object Repository/ADMIN/Edit Text/Bespoke/Seller Pages/Order History/input_ORDER TOTAL_item-txt'

2020-03-20 14:53:27 - [TEST_STEP][PASSED] - sendKeys(findTestObject("ADMIN/Edit Text/Bespoke/Seller Pages/Order History/input_NO OF ITEM(S)_qty-txt"), "*"): Keys '*' sent to object: 'Object Repository/ADMIN/Edit Text/Bespoke/Seller Pages/Order History/input_NO OF ITEM(S)_qty-txt'

2020-03-20 14:53:27 - [MESSAGE][PASSED] - Keys '*' sent to object: 'Object Repository/ADMIN/Edit Text/Bespoke/Seller Pages/Order History/input_NO OF ITEM(S)_qty-txt'

2020-03-20 14:53:27 - [TEST_STEP][PASSED] - sendKeys(findTestObject("ADMIN/Edit Text/Bespoke/Seller Pages/Order History/input_PAYMENT TYPE_delivery-txt"), "*"): Keys '*' sent to object: 'Object Repository/ADMIN/Edit Text/Bespoke/Seller Pages/Order History/input_PAYMENT TYPE_delivery-txt'

2020-03-20 14:53:28 - [MESSAGE][PASSED] - Keys '*' sent to object: 'Object Repository/ADMIN/Edit Text/Bespoke/Seller Pages/Order History/input_PAYMENT TYPE_delivery-txt'

2020-03-20 14:53:28 - [TEST_STEP][PASSED] - sendKeys(findTestObject("ADMIN/Edit Text/Bespoke/Seller Pages/Order History/input_ORDER STATUS_order-status-txt"), "*"): Keys '*' sent to object: 'Object Repository/ADMIN/Edit Text/Bespoke/Seller Pages/Order History/input_ORDER STATUS_order-status-txt'

2020-03-20 14:53:28 - [MESSAGE][PASSED] - Keys '*' sent to object: 'Object Repository/ADMIN/Edit Text/Bespoke/Seller Pages/Order History/input_ORDER STATUS_order-status-txt'

2020-03-20 14:53:28 - [TEST_STEP][PASSED] - sendKeys(findTestObject("ADMIN/Edit Text/Bespoke/Seller Pages/Order History/input_REVIEW_review-txt"), "*"): Keys '*' sent to object: 'Object Repository/ADMIN/Edit Text/Bespoke/Seller Pages/Order History/input_REVIEW_review-txt'

2020-03-20 14:53:28 - [MESSAGE][PASSED] - Keys '*' sent to object: 'Object Repository/ADMIN/Edit Text/Bespoke/Seller Pages/Order History/input_REVIEW_review-txt'

2020-03-20 14:53:28 - [TEST_STEP][PASSED] - sendKeys(findTestObject("ADMIN/Edit Text/Bespoke/Seller Pages/Order History/input_PAYMENT STATUS_payment-type-txt"), "*"): Keys '*' sent to object: 'Object Repository/ADMIN/Edit Text/Bespoke/Seller Pages/Order History/input_PAYMENT STATUS_payment-type-txt'

2020-03-20 14:53:28 - [MESSAGE][PASSED] - Keys '*' sent to object: 'Object Repository/ADMIN/Edit Text/Bespoke/Seller Pages/Order History/input_PAYMENT STATUS_payment-type-txt'

2020-03-20 14:53:28 - [TEST_STEP][PASSED] - sendKeys(findTestObject("ADMIN/Edit Text/Bespoke/Seller Pages/Order History/input_REFUNDED_payment-status-txt"), "*"): Keys '*' sent to object: 'Object Repository/ADMIN/Edit Text/Bespoke/Seller Pages/Order History/input_REFUNDED_payment-status-txt'

2020-03-20 14:53:28 - [MESSAGE][PASSED] - Keys '*' sent to object: 'Object Repository/ADMIN/Edit Text/Bespoke/Seller Pages/Order History/input_REFUNDED_payment-status-txt'

2020-03-20 14:53:28 - [TEST_STEP][PASSED] - sendKeys(findTestObject("ADMIN/Edit Text/Bespoke/Seller Pages/Order History/input_Delivery_Delivery"), "*"): Keys '*' sent to object: 'Object Repository/ADMIN/Edit Text/Bespoke/Seller Pages/Order History/input_Delivery_Delivery'

2020-03-20 14:53:29 - [MESSAGE][PASSED] - Keys '*' sent to object: 'Object Repository/ADMIN/Edit Text/Bespoke/Seller Pages/Order History/input_Delivery_Delivery'

2020-03-20 14:53:29 - [TEST_STEP][PASSED] - sendKeys(findTestObject("ADMIN/Edit Text/Bespoke/Seller Pages/Order History/input_Pick-up_Delivery"), "*"): Keys '*' sent to object: 'Object Repository/ADMIN/Edit Text/Bespoke/Seller Pages/Order History/input_Pick-up_Delivery'

2020-03-20 14:53:29 - [MESSAGE][PASSED] - Keys '*' sent to object: 'Object Repository/ADMIN/Edit Text/Bespoke/Seller Pages/Order History/input_Pick-up_Delivery'

2020-03-20 14:53:29 - [TEST_STEP][PASSED] - sendKeys(findTestObject("ADMIN/Edit Text/Bespoke/Seller Pages/Order History/input_New Review_new-review"), "*"): Keys '*' sent to object: 'Object Repository/ADMIN/Edit Text/Bespoke/Seller Pages/Order History/input_New Review_new-review'

2020-03-20 14:53:29 - [MESSAGE][PASSED] - Keys '*' sent to object: 'Object Repository/ADMIN/Edit Text/Bespoke/Seller Pages/Order History/input_New Review_new-review'

2020-03-20 14:53:29 - [TEST_STEP][PASSED] - sendKeys(findTestObject("ADMIN/Edit Text/Bespoke/Seller Pages/Order History/input_ORDER STATUS CHANGE_order-status-txt"), "*"): Keys '*' sent to object: 'Object Repository/ADMIN/Edit Text/Bespoke/Seller Pages/Order History/input_ORDER STATUS CHANGE_order-status-txt'

2020-03-20 14:53:29 - [MESSAGE][PASSED] - Keys '*' sent to object: 'Object Repository/ADMIN/Edit Text/Bespoke/Seller Pages/Order History/input_ORDER STATUS CHANGE_order-status-txt'

2020-03-20 14:53:29 - [TEST_STEP][PASSED] - sendKeys(findTestObject("ADMIN/Edit Text/Bespoke/Seller Pages/Order History/input_you will only"), "*"): Keys '*' sent to object: 'Object Repository/ADMIN/Edit Text/Bespoke/Seller Pages/Order History/input_you will only'

2020-03-20 14:53:29 - [MESSAGE][PASSED] - Keys '*' sent to object: 'Object Repository/ADMIN/Edit Text/Bespoke/Seller Pages/Order History/input_you will only'

2020-03-20 14:53:29 - [TEST_STEP][PASSED] - sendKeys(findTestObject("ADMIN/Edit Text/Bespoke/Seller Pages/Order History/input_Your order(s) selected delivery type is_popup-title2"), "*"): Keys '*' sent to object: 'Object Repository/ADMIN/Edit Text/Bespoke/Seller Pages/Order History/input_Your order(s) selected delivery type is_popup-title2'

2020-03-20 14:53:30 - [MESSAGE][PASSED] - Keys '*' sent to object: 'Object Repository/ADMIN/Edit Text/Bespoke/Seller Pages/Order History/input_Your order(s) selected delivery type is_popup-title2'

2020-03-20 14:53:30 - [TEST_STEP][PASSED] - sendKeys(findTestObject("ADMIN/Edit Text/Bespoke/Seller Pages/Order History/input_Your order(s) selected delivery type is_popup-title3"), "*"): Keys '*' sent to object: 'Object Repository/ADMIN/Edit Text/Bespoke/Seller Pages/Order History/input_Your order(s) selected delivery type is_popup-title3'

2020-03-20 14:53:30 - [MESSAGE][PASSED] - Keys '*' sent to object: 'Object Repository/ADMIN/Edit Text/Bespoke/Seller Pages/Order History/input_Your order(s) selected delivery type is_popup-title3'

2020-03-20 14:53:30 - [TEST_STEP][PASSED] - sendKeys(findTestObject("ADMIN/Edit Text/Bespoke/Seller Pages/Order History/input_Change Status_btn_okay"), "*"): Keys '*' sent to object: 'Object Repository/ADMIN/Edit Text/Bespoke/Seller Pages/Order History/input_Change Status_btn_okay'

2020-03-20 14:53:30 - [MESSAGE][PASSED] - Keys '*' sent to object: 'Object Repository/ADMIN/Edit Text/Bespoke/Seller Pages/Order History/input_Change Status_btn_okay'

2020-03-20 14:53:30 - [TEST_STEP][PASSED] - sendKeys(findTestObject("ADMIN/Edit Text/Bespoke/Seller Pages/Order History/input_STATUS CHANGED_popup-title"), "*"): Keys '*' sent to object: 'Object Repository/ADMIN/Edit Text/Bespoke/Seller Pages/Order History/input_STATUS CHANGED_popup-title'

2020-03-20 14:53:30 - [MESSAGE][PASSED] - Keys '*' sent to object: 'Object Repository/ADMIN/Edit Text/Bespoke/Seller Pages/Order History/input_STATUS CHANGED_popup-title'

2020-03-20 14:53:30 - [TEST_STEP][PASSED] - sendKeys(findTestObject("ADMIN/Edit Text/Bespoke/Seller Pages/Order History/textarea_The order status for this item has been updated"), "*"): Keys '*' sent to object: 'Object Repository/ADMIN/Edit Text/Bespoke/Seller Pages/Order History/textarea_The order status for this item has been updated'

2020-03-20 14:53:30 - [MESSAGE][PASSED] - Keys '*' sent to object: 'Object Repository/ADMIN/Edit Text/Bespoke/Seller Pages/Order History/textarea_The order status for this item has been updated'

2020-03-20 14:53:30 - [TEST_STEP][PASSED] - sendKeys(findTestObject("ADMIN/Edit Text/Bespoke/Seller Pages/Order History/input_Okay_btn_okay"), "*"): Keys '*' sent to object: 'Object Repository/ADMIN/Edit Text/Bespoke/Seller Pages/Order History/input_Okay_btn_okay'

2020-03-20 14:53:31 - [MESSAGE][PASSED] - Keys '*' sent to object: 'Object Repository/ADMIN/Edit Text/Bespoke/Seller Pages/Order History/input_Okay_btn_okay'

2020-03-20 14:53:31 - [TEST_STEP][PASSED] - click(findTestObject("ADMIN/Edit Text/Bespoke/Buyer Pages/Homepage/button_save"), CONTINUE_ON_FAILURE): Object: 'Object Repository/ADMIN/Edit Text/Bespoke/Buyer Pages/Homepage/button_save' is clicked on

2020-03-20 14:53:31 - [MESSAGE][PASSED] - Object: 'Object Repository/ADMIN/Edit Text/Bespoke/Buyer Pages/Homepage/button_save' is clicked on

2020-03-20 14:53:31 - [TEST_STEP][PASSED] - waitForElementVisible(findTestObject("ADMIN/Edit Text/Bespoke/Buyer Pages/Homepage/toaster_success"), 0): Object 'Object Repository/ADMIN/Edit Text/Bespoke/Buyer Pages/Homepage/toaster_success' is visible

2020-03-20 14:53:31 - [MESSAGE][WARNING] - Timeout '0' is invalid. Using default page load timeout: '30'

2020-03-20 14:53:32 - [MESSAGE][PASSED] - Object 'Object Repository/ADMIN/Edit Text/Bespoke/Buyer Pages/Homepage/toaster_success' is visible]]></system-out>
         <system-err><![CDATA[]]></system-err>
      </testcase>
      <testcase name="Test Cases/ADMIN/Language/Edit Text/Bespoke/Seller/Order Details Navigation" time="4.549" classname="Test Cases/ADMIN/Language/Edit Text/Bespoke/Seller/Order Details Navigation" status="PASSED">
         <system-out><![CDATA[2020-03-20 14:53:32 - [TEST_CASE][PASSED] - Test Cases/ADMIN/Language/Edit Text/Bespoke/Seller/Order Details Navigation: Test Cases/ADMIN/Language/Edit Text/Bespoke/Seller/Order Details Navigation

2020-03-20 14:53:32 - [TEST_STEP][PASSED] - waitForElementVisible(findTestObject("ADMIN/Language/sidemenu_Language"), 0): Object 'Object Repository/ADMIN/Language/sidemenu_Language' is visible

2020-03-20 14:53:32 - [MESSAGE][WARNING] - Timeout '0' is invalid. Using default page load timeout: '30'

2020-03-20 14:53:32 - [MESSAGE][PASSED] - Object 'Object Repository/ADMIN/Language/sidemenu_Language' is visible

2020-03-20 14:53:32 - [TEST_STEP][PASSED] - click(findTestObject("ADMIN/Language/sidemenu_Language"), CONTINUE_ON_FAILURE): Object: 'Object Repository/ADMIN/Language/sidemenu_Language' is clicked on

2020-03-20 14:53:32 - [MESSAGE][PASSED] - Object: 'Object Repository/ADMIN/Language/sidemenu_Language' is clicked on

2020-03-20 14:53:32 - [TEST_STEP][PASSED] - waitForElementVisible(findTestObject("ADMIN/Language/sidemenu_Edit Text"), 0): Object 'Object Repository/ADMIN/Language/sidemenu_Edit Text' is visible

2020-03-20 14:53:32 - [MESSAGE][WARNING] - Timeout '0' is invalid. Using default page load timeout: '30'

2020-03-20 14:53:33 - [MESSAGE][PASSED] - Object 'Object Repository/ADMIN/Language/sidemenu_Edit Text' is visible

2020-03-20 14:53:33 - [TEST_STEP][PASSED] - click(findTestObject("ADMIN/Language/sidemenu_Edit Text"), CONTINUE_ON_FAILURE): Object: 'Object Repository/ADMIN/Language/sidemenu_Edit Text' is clicked on

2020-03-20 14:53:33 - [MESSAGE][PASSED] - Object: 'Object Repository/ADMIN/Language/sidemenu_Edit Text' is clicked on

2020-03-20 14:53:33 - [TEST_STEP][PASSED] - waitForElementVisible(findTestObject("ADMIN/Edit Text/Bespoke/Seller Navigation/dd_icon seller"), 0): Object 'Object Repository/ADMIN/Edit Text/Bespoke/Seller Navigation/dd_icon seller' is visible

2020-03-20 14:53:33 - [MESSAGE][WARNING] - Timeout '0' is invalid. Using default page load timeout: '30'

2020-03-20 14:53:34 - [MESSAGE][PASSED] - Object 'Object Repository/ADMIN/Edit Text/Bespoke/Seller Navigation/dd_icon seller' is visible

2020-03-20 14:53:34 - [TEST_STEP][PASSED] - click(findTestObject("ADMIN/Edit Text/Bespoke/Seller Navigation/dd_icon seller"), CONTINUE_ON_FAILURE): Object: 'Object Repository/ADMIN/Edit Text/Bespoke/Seller Navigation/dd_icon seller' is clicked on

2020-03-20 14:53:34 - [MESSAGE][PASSED] - Object: 'Object Repository/ADMIN/Edit Text/Bespoke/Seller Navigation/dd_icon seller' is clicked on

2020-03-20 14:53:34 - [TEST_STEP][PASSED] - waitForElementVisible(findTestObject("ADMIN/Edit Text/Bespoke/Seller Navigation/span_Order Details"), 0): Object 'Object Repository/ADMIN/Edit Text/Bespoke/Seller Navigation/span_Order Details' is visible

2020-03-20 14:53:34 - [MESSAGE][WARNING] - Timeout '0' is invalid. Using default page load timeout: '30'

2020-03-20 14:53:35 - [MESSAGE][PASSED] - Object 'Object Repository/ADMIN/Edit Text/Bespoke/Seller Navigation/span_Order Details' is visible

2020-03-20 14:53:35 - [TEST_STEP][PASSED] - click(findTestObject("ADMIN/Edit Text/Bespoke/Seller Navigation/span_Order Details"), CONTINUE_ON_FAILURE): Object: 'Object Repository/ADMIN/Edit Text/Bespoke/Seller Navigation/span_Order Details' is clicked on

2020-03-20 14:53:36 - [MESSAGE][PASSED] - Object: 'Object Repository/ADMIN/Edit Text/Bespoke/Seller Navigation/span_Order Details' is clicked on

2020-03-20 14:53:36 - [TEST_STEP][PASSED] - waitForElementVisible(findTestObject("ADMIN/Edit Text/Bespoke/Buyer Navigation/dd_language"), 0): Object 'Object Repository/ADMIN/Edit Text/Bespoke/Buyer Navigation/dd_language' is visible

2020-03-20 14:53:36 - [MESSAGE][WARNING] - Timeout '0' is invalid. Using default page load timeout: '30'

2020-03-20 14:53:36 - [MESSAGE][PASSED] - Object 'Object Repository/ADMIN/Edit Text/Bespoke/Buyer Navigation/dd_language' is visible]]></system-out>
         <system-err><![CDATA[]]></system-err>
      </testcase>
      <testcase name="Test Cases/ADMIN/Language/Edit Text/Bespoke/Seller/Order Details" time="10.633" classname="Test Cases/ADMIN/Language/Edit Text/Bespoke/Seller/Order Details" status="PASSED">
         <system-out><![CDATA[2020-03-20 14:53:36 - [TEST_CASE][PASSED] - Test Cases/ADMIN/Language/Edit Text/Bespoke/Seller/Order Details: Test Cases/ADMIN/Language/Edit Text/Bespoke/Seller/Order Details

2020-03-20 14:53:36 - [TEST_STEP][PASSED] - waitForElementVisible(findTestObject("ADMIN/Edit Text/Bespoke/Buyer Navigation/dd_language"), 0): Object 'Object Repository/ADMIN/Edit Text/Bespoke/Buyer Navigation/dd_language' is visible

2020-03-20 14:53:36 - [MESSAGE][WARNING] - Timeout '0' is invalid. Using default page load timeout: '30'

2020-03-20 14:53:37 - [MESSAGE][PASSED] - Object 'Object Repository/ADMIN/Edit Text/Bespoke/Buyer Navigation/dd_language' is visible

2020-03-20 14:53:37 - [TEST_STEP][PASSED] - selectOptionByLabel(findTestObject("ADMIN/Edit Text/Bespoke/Buyer Navigation/dd_language"), varLanguage, false): All options with label 'French' are selected in object 'Object Repository/ADMIN/Edit Text/Bespoke/Buyer Navigation/dd_language' 

2020-03-20 14:53:37 - [MESSAGE][PASSED] - All options with label 'French' are selected in object 'Object Repository/ADMIN/Edit Text/Bespoke/Buyer Navigation/dd_language' 

2020-03-20 14:53:37 - [TEST_STEP][PASSED] - sendKeys(findTestObject("ADMIN/Edit Text/Bespoke/Seller Pages/Order Details/input_ORDER ID_order-id-txt"), "*"): Keys '*' sent to object: 'Object Repository/ADMIN/Edit Text/Bespoke/Seller Pages/Order Details/input_ORDER ID_order-id-txt'

2020-03-20 14:53:38 - [MESSAGE][PASSED] - Keys '*' sent to object: 'Object Repository/ADMIN/Edit Text/Bespoke/Seller Pages/Order Details/input_ORDER ID_order-id-txt'

2020-03-20 14:53:38 - [TEST_STEP][PASSED] - sendKeys(findTestObject("ADMIN/Edit Text/Bespoke/Seller Pages/Order Details/input_INVOICE ID_invoice-id-txt"), "*"): Keys '*' sent to object: 'Object Repository/ADMIN/Edit Text/Bespoke/Seller Pages/Order Details/input_INVOICE ID_invoice-id-txt'

2020-03-20 14:53:38 - [MESSAGE][PASSED] - Keys '*' sent to object: 'Object Repository/ADMIN/Edit Text/Bespoke/Seller Pages/Order Details/input_INVOICE ID_invoice-id-txt'

2020-03-20 14:53:38 - [TEST_STEP][PASSED] - sendKeys(findTestObject("ADMIN/Edit Text/Bespoke/Seller Pages/Order Details/input_TIMESTAMP_timestamp-txt"), "*"): Keys '*' sent to object: 'Object Repository/ADMIN/Edit Text/Bespoke/Seller Pages/Order Details/input_TIMESTAMP_timestamp-txt'

2020-03-20 14:53:38 - [MESSAGE][PASSED] - Keys '*' sent to object: 'Object Repository/ADMIN/Edit Text/Bespoke/Seller Pages/Order Details/input_TIMESTAMP_timestamp-txt'

2020-03-20 14:53:38 - [TEST_STEP][PASSED] - sendKeys(findTestObject("ADMIN/Edit Text/Bespoke/Seller Pages/Order Details/input_TRANSACTION ID_transaction-id"), "*"): Keys '*' sent to object: 'Object Repository/ADMIN/Edit Text/Bespoke/Seller Pages/Order Details/input_TRANSACTION ID_transaction-id'

2020-03-20 14:53:38 - [MESSAGE][PASSED] - Keys '*' sent to object: 'Object Repository/ADMIN/Edit Text/Bespoke/Seller Pages/Order Details/input_TRANSACTION ID_transaction-id'

2020-03-20 14:53:38 - [TEST_STEP][PASSED] - sendKeys(findTestObject("ADMIN/Edit Text/Bespoke/Seller Pages/Order Details/input_BUYER INFO_buyer-info-txt"), "*"): Keys '*' sent to object: 'Object Repository/ADMIN/Edit Text/Bespoke/Seller Pages/Order Details/input_BUYER INFO_buyer-info-txt'

2020-03-20 14:53:39 - [MESSAGE][PASSED] - Keys '*' sent to object: 'Object Repository/ADMIN/Edit Text/Bespoke/Seller Pages/Order Details/input_BUYER INFO_buyer-info-txt'

2020-03-20 14:53:39 - [TEST_STEP][PASSED] - sendKeys(findTestObject("ADMIN/Edit Text/Bespoke/Seller Pages/Order Details/input_DELIVERY ADDRESS_delivery-address-txt"), "*"): Keys '*' sent to object: 'Object Repository/ADMIN/Edit Text/Bespoke/Seller Pages/Order Details/input_DELIVERY ADDRESS_delivery-address-txt'

2020-03-20 14:53:39 - [MESSAGE][PASSED] - Keys '*' sent to object: 'Object Repository/ADMIN/Edit Text/Bespoke/Seller Pages/Order Details/input_DELIVERY ADDRESS_delivery-address-txt'

2020-03-20 14:53:39 - [TEST_STEP][PASSED] - sendKeys(findTestObject("ADMIN/Edit Text/Bespoke/Seller Pages/Order Details/input_EMAIL_email-txt"), "*"): Keys '*' sent to object: 'Object Repository/ADMIN/Edit Text/Bespoke/Seller Pages/Order Details/input_EMAIL_email-txt'

2020-03-20 14:53:39 - [MESSAGE][PASSED] - Keys '*' sent to object: 'Object Repository/ADMIN/Edit Text/Bespoke/Seller Pages/Order Details/input_EMAIL_email-txt'

2020-03-20 14:53:39 - [TEST_STEP][PASSED] - sendKeys(findTestObject("ADMIN/Edit Text/Bespoke/Seller Pages/Order Details/input_CONTACT_contact-txt"), "*"): Keys '*' sent to object: 'Object Repository/ADMIN/Edit Text/Bespoke/Seller Pages/Order Details/input_CONTACT_contact-txt'

2020-03-20 14:53:39 - [MESSAGE][PASSED] - Keys '*' sent to object: 'Object Repository/ADMIN/Edit Text/Bespoke/Seller Pages/Order Details/input_CONTACT_contact-txt'

2020-03-20 14:53:39 - [TEST_STEP][PASSED] - sendKeys(findTestObject("ADMIN/Edit Text/Bespoke/Seller Pages/Order Details/input_TRANSACTION TOTAL_transaction-total"), "*"): Keys '*' sent to object: 'Object Repository/ADMIN/Edit Text/Bespoke/Seller Pages/Order Details/input_TRANSACTION TOTAL_transaction-total'

2020-03-20 14:53:40 - [MESSAGE][PASSED] - Keys '*' sent to object: 'Object Repository/ADMIN/Edit Text/Bespoke/Seller Pages/Order Details/input_TRANSACTION TOTAL_transaction-total'

2020-03-20 14:53:40 - [TEST_STEP][PASSED] - sendKeys(findTestObject("ADMIN/Edit Text/Bespoke/Seller Pages/Order Details/input_Subtotal_subtotal-txt"), "*"): Keys '*' sent to object: 'Object Repository/ADMIN/Edit Text/Bespoke/Seller Pages/Order Details/input_Subtotal_subtotal-txt'

2020-03-20 14:53:40 - [MESSAGE][PASSED] - Keys '*' sent to object: 'Object Repository/ADMIN/Edit Text/Bespoke/Seller Pages/Order Details/input_Subtotal_subtotal-txt'

2020-03-20 14:53:40 - [TEST_STEP][PASSED] - sendKeys(findTestObject("ADMIN/Edit Text/Bespoke/Seller Pages/Order Details/input_Delivery_delivery-txt"), "*"): Keys '*' sent to object: 'Object Repository/ADMIN/Edit Text/Bespoke/Seller Pages/Order Details/input_Delivery_delivery-txt'

2020-03-20 14:53:40 - [MESSAGE][PASSED] - Keys '*' sent to object: 'Object Repository/ADMIN/Edit Text/Bespoke/Seller Pages/Order Details/input_Delivery_delivery-txt'

2020-03-20 14:53:40 - [TEST_STEP][PASSED] - sendKeys(findTestObject("ADMIN/Edit Text/Bespoke/Seller Pages/Order Details/input_Admin fee_admin-fee"), "*"): Keys '*' sent to object: 'Object Repository/ADMIN/Edit Text/Bespoke/Seller Pages/Order Details/input_Admin fee_admin-fee'

2020-03-20 14:53:40 - [MESSAGE][PASSED] - Keys '*' sent to object: 'Object Repository/ADMIN/Edit Text/Bespoke/Seller Pages/Order Details/input_Admin fee_admin-fee'

2020-03-20 14:53:40 - [TEST_STEP][PASSED] - sendKeys(findTestObject("ADMIN/Edit Text/Bespoke/Seller Pages/Order Details/input_ITEM_item-txt"), "*"): Keys '*' sent to object: 'Object Repository/ADMIN/Edit Text/Bespoke/Seller Pages/Order Details/input_ITEM_item-txt'

2020-03-20 14:53:42 - [MESSAGE][PASSED] - Keys '*' sent to object: 'Object Repository/ADMIN/Edit Text/Bespoke/Seller Pages/Order Details/input_ITEM_item-txt'

2020-03-20 14:53:42 - [TEST_STEP][PASSED] - sendKeys(findTestObject("ADMIN/Edit Text/Bespoke/Seller Pages/Order Details/input_PRICE_price-txt"), "*"): Keys '*' sent to object: 'Object Repository/ADMIN/Edit Text/Bespoke/Seller Pages/Order Details/input_PRICE_price-txt'

2020-03-20 14:53:43 - [MESSAGE][PASSED] - Keys '*' sent to object: 'Object Repository/ADMIN/Edit Text/Bespoke/Seller Pages/Order Details/input_PRICE_price-txt'

2020-03-20 14:53:43 - [TEST_STEP][PASSED] - sendKeys(findTestObject("ADMIN/Edit Text/Bespoke/Seller Pages/Order Details/input_QTY_qty-txt"), "*"): Keys '*' sent to object: 'Object Repository/ADMIN/Edit Text/Bespoke/Seller Pages/Order Details/input_QTY_qty-txt'

2020-03-20 14:53:43 - [MESSAGE][PASSED] - Keys '*' sent to object: 'Object Repository/ADMIN/Edit Text/Bespoke/Seller Pages/Order Details/input_QTY_qty-txt'

2020-03-20 14:53:43 - [TEST_STEP][PASSED] - sendKeys(findTestObject("ADMIN/Edit Text/Bespoke/Seller Pages/Order Details/input_DELIVERY_buyer-info-txt"), "*"): Keys '*' sent to object: 'Object Repository/ADMIN/Edit Text/Bespoke/Seller Pages/Order Details/input_DELIVERY_buyer-info-txt'

2020-03-20 14:53:43 - [MESSAGE][PASSED] - Keys '*' sent to object: 'Object Repository/ADMIN/Edit Text/Bespoke/Seller Pages/Order Details/input_DELIVERY_buyer-info-txt'

2020-03-20 14:53:43 - [TEST_STEP][PASSED] - sendKeys(findTestObject("ADMIN/Edit Text/Bespoke/Seller Pages/Order Details/input_ORDER STATUS_order-status-txt"), "*"): Keys '*' sent to object: 'Object Repository/ADMIN/Edit Text/Bespoke/Seller Pages/Order Details/input_ORDER STATUS_order-status-txt'

2020-03-20 14:53:43 - [MESSAGE][PASSED] - Keys '*' sent to object: 'Object Repository/ADMIN/Edit Text/Bespoke/Seller Pages/Order Details/input_ORDER STATUS_order-status-txt'

2020-03-20 14:53:43 - [TEST_STEP][PASSED] - sendKeys(findTestObject("ADMIN/Edit Text/Bespoke/Seller Pages/Order Details/input_Payment Status_pay-txt"), "*"): Keys '*' sent to object: 'Object Repository/ADMIN/Edit Text/Bespoke/Seller Pages/Order Details/input_Payment Status_pay-txt'

2020-03-20 14:53:43 - [MESSAGE][PASSED] - Keys '*' sent to object: 'Object Repository/ADMIN/Edit Text/Bespoke/Seller Pages/Order Details/input_Payment Status_pay-txt'

2020-03-20 14:53:43 - [TEST_STEP][PASSED] - sendKeys(findTestObject("ADMIN/Edit Text/Bespoke/Seller Pages/Order Details/input_Payment Method_pay-info-txt"), "*"): Keys '*' sent to object: 'Object Repository/ADMIN/Edit Text/Bespoke/Seller Pages/Order Details/input_Payment Method_pay-info-txt'

2020-03-20 14:53:44 - [MESSAGE][PASSED] - Keys '*' sent to object: 'Object Repository/ADMIN/Edit Text/Bespoke/Seller Pages/Order Details/input_Payment Method_pay-info-txt'

2020-03-20 14:53:44 - [TEST_STEP][PASSED] - sendKeys(findTestObject("ADMIN/Edit Text/Bespoke/Seller Pages/Order Details/input_REVIEW_review-txt"), "*"): Keys '*' sent to object: 'Object Repository/ADMIN/Edit Text/Bespoke/Seller Pages/Order Details/input_REVIEW_review-txt'

2020-03-20 14:53:44 - [MESSAGE][PASSED] - Keys '*' sent to object: 'Object Repository/ADMIN/Edit Text/Bespoke/Seller Pages/Order Details/input_REVIEW_review-txt'

2020-03-20 14:53:44 - [TEST_STEP][PASSED] - sendKeys(findTestObject("ADMIN/Edit Text/Bespoke/Seller Pages/Order Details/input_New Review_review-txt"), "*"): Keys '*' sent to object: 'Object Repository/ADMIN/Edit Text/Bespoke/Seller Pages/Order Details/input_New Review_review-txt'

2020-03-20 14:53:44 - [MESSAGE][PASSED] - Keys '*' sent to object: 'Object Repository/ADMIN/Edit Text/Bespoke/Seller Pages/Order Details/input_New Review_review-txt'

2020-03-20 14:53:44 - [TEST_STEP][PASSED] - sendKeys(findTestObject("ADMIN/Edit Text/Bespoke/Seller Pages/Order Details/input_DeliveryPick-up_Delivery"), "*"): Keys '*' sent to object: 'Object Repository/ADMIN/Edit Text/Bespoke/Seller Pages/Order Details/input_DeliveryPick-up_Delivery'

2020-03-20 14:53:44 - [MESSAGE][PASSED] - Keys '*' sent to object: 'Object Repository/ADMIN/Edit Text/Bespoke/Seller Pages/Order Details/input_DeliveryPick-up_Delivery'

2020-03-20 14:53:44 - [TEST_STEP][PASSED] - sendKeys(findTestObject("ADMIN/Edit Text/Bespoke/Seller Pages/Order Details/input_Pick-up_Pick-up"), "*"): Keys '*' sent to object: 'Object Repository/ADMIN/Edit Text/Bespoke/Seller Pages/Order Details/input_Pick-up_Pick-up'

2020-03-20 14:53:44 - [MESSAGE][PASSED] - Keys '*' sent to object: 'Object Repository/ADMIN/Edit Text/Bespoke/Seller Pages/Order Details/input_Pick-up_Pick-up'

2020-03-20 14:53:44 - [TEST_STEP][PASSED] - sendKeys(findTestObject("ADMIN/Edit Text/Bespoke/Seller Pages/Order Details/input_Delivery From_bulk-delivery-discount"), "*"): Keys '*' sent to object: 'Object Repository/ADMIN/Edit Text/Bespoke/Seller Pages/Order Details/input_Delivery From_bulk-delivery-discount'

2020-03-20 14:53:45 - [MESSAGE][PASSED] - Keys '*' sent to object: 'Object Repository/ADMIN/Edit Text/Bespoke/Seller Pages/Order Details/input_Delivery From_bulk-delivery-discount'

2020-03-20 14:53:45 - [TEST_STEP][PASSED] - sendKeys(findTestObject("ADMIN/Edit Text/Bespoke/Seller Pages/Order Details/input_Minimum lead time_bulk-delivery-discount"), "*"): Keys '*' sent to object: 'Object Repository/ADMIN/Edit Text/Bespoke/Seller Pages/Order Details/input_Minimum lead time_bulk-delivery-discount'

2020-03-20 14:53:45 - [MESSAGE][PASSED] - Keys '*' sent to object: 'Object Repository/ADMIN/Edit Text/Bespoke/Seller Pages/Order Details/input_Minimum lead time_bulk-delivery-discount'

2020-03-20 14:53:45 - [TEST_STEP][PASSED] - sendKeys(findTestObject("ADMIN/Edit Text/Bespoke/Seller Pages/Order Details/input_BACK TO LIST_btn_back"), "*"): Keys '*' sent to object: 'Object Repository/ADMIN/Edit Text/Bespoke/Seller Pages/Order Details/input_BACK TO LIST_btn_back'

2020-03-20 14:53:45 - [MESSAGE][PASSED] - Keys '*' sent to object: 'Object Repository/ADMIN/Edit Text/Bespoke/Seller Pages/Order Details/input_BACK TO LIST_btn_back'

2020-03-20 14:53:45 - [TEST_STEP][PASSED] - sendKeys(findTestObject("ADMIN/Edit Text/Bespoke/Seller Pages/Order Details/input_STATUS CHANGED_popup-title"), "*"): Keys '*' sent to object: 'Object Repository/ADMIN/Edit Text/Bespoke/Seller Pages/Order Details/input_STATUS CHANGED_popup-title'

2020-03-20 14:53:45 - [MESSAGE][PASSED] - Keys '*' sent to object: 'Object Repository/ADMIN/Edit Text/Bespoke/Seller Pages/Order Details/input_STATUS CHANGED_popup-title'

2020-03-20 14:53:45 - [TEST_STEP][PASSED] - sendKeys(findTestObject("ADMIN/Edit Text/Bespoke/Seller Pages/Order Details/textarea_The order status for this item has been updated"), "*"): Keys '*' sent to object: 'Object Repository/ADMIN/Edit Text/Bespoke/Seller Pages/Order Details/textarea_The order status for this item has been updated'

2020-03-20 14:53:46 - [MESSAGE][PASSED] - Keys '*' sent to object: 'Object Repository/ADMIN/Edit Text/Bespoke/Seller Pages/Order Details/textarea_The order status for this item has been updated'

2020-03-20 14:53:46 - [TEST_STEP][PASSED] - sendKeys(findTestObject("ADMIN/Edit Text/Bespoke/Seller Pages/Order Details/input_Okay_btn_okay"), "*"): Keys '*' sent to object: 'Object Repository/ADMIN/Edit Text/Bespoke/Seller Pages/Order Details/input_Okay_btn_okay'

2020-03-20 14:53:46 - [MESSAGE][PASSED] - Keys '*' sent to object: 'Object Repository/ADMIN/Edit Text/Bespoke/Seller Pages/Order Details/input_Okay_btn_okay'

2020-03-20 14:53:46 - [TEST_STEP][PASSED] - click(findTestObject("ADMIN/Edit Text/Bespoke/Buyer Pages/Homepage/button_save"), CONTINUE_ON_FAILURE): Object: 'Object Repository/ADMIN/Edit Text/Bespoke/Buyer Pages/Homepage/button_save' is clicked on

2020-03-20 14:53:46 - [MESSAGE][PASSED] - Object: 'Object Repository/ADMIN/Edit Text/Bespoke/Buyer Pages/Homepage/button_save' is clicked on

2020-03-20 14:53:46 - [TEST_STEP][PASSED] - waitForElementVisible(findTestObject("ADMIN/Edit Text/Bespoke/Buyer Pages/Homepage/toaster_success"), 0): Object 'Object Repository/ADMIN/Edit Text/Bespoke/Buyer Pages/Homepage/toaster_success' is visible

2020-03-20 14:53:46 - [MESSAGE][WARNING] - Timeout '0' is invalid. Using default page load timeout: '30'

2020-03-20 14:53:47 - [MESSAGE][PASSED] - Object 'Object Repository/ADMIN/Edit Text/Bespoke/Buyer Pages/Homepage/toaster_success' is visible]]></system-out>
         <system-err><![CDATA[]]></system-err>
      </testcase>
      <testcase name="Test Cases/ADMIN/Language/Edit Text/Bespoke/Seller/Order Details" time="7.971" classname="Test Cases/ADMIN/Language/Edit Text/Bespoke/Seller/Order Details" status="PASSED">
         <system-out><![CDATA[2020-03-20 14:53:47 - [TEST_CASE][PASSED] - Test Cases/ADMIN/Language/Edit Text/Bespoke/Seller/Order Details: Test Cases/ADMIN/Language/Edit Text/Bespoke/Seller/Order Details

2020-03-20 14:53:47 - [TEST_STEP][PASSED] - waitForElementVisible(findTestObject("ADMIN/Edit Text/Bespoke/Buyer Navigation/dd_language"), 0): Object 'Object Repository/ADMIN/Edit Text/Bespoke/Buyer Navigation/dd_language' is visible

2020-03-20 14:53:47 - [MESSAGE][WARNING] - Timeout '0' is invalid. Using default page load timeout: '30'

2020-03-20 14:53:47 - [MESSAGE][PASSED] - Object 'Object Repository/ADMIN/Edit Text/Bespoke/Buyer Navigation/dd_language' is visible

2020-03-20 14:53:47 - [TEST_STEP][PASSED] - selectOptionByLabel(findTestObject("ADMIN/Edit Text/Bespoke/Buyer Navigation/dd_language"), varLanguage, false): All options with label 'Spanish' are selected in object 'Object Repository/ADMIN/Edit Text/Bespoke/Buyer Navigation/dd_language' 

2020-03-20 14:53:48 - [MESSAGE][PASSED] - All options with label 'Spanish' are selected in object 'Object Repository/ADMIN/Edit Text/Bespoke/Buyer Navigation/dd_language' 

2020-03-20 14:53:48 - [TEST_STEP][PASSED] - sendKeys(findTestObject("ADMIN/Edit Text/Bespoke/Seller Pages/Order Details/input_ORDER ID_order-id-txt"), "*"): Keys '*' sent to object: 'Object Repository/ADMIN/Edit Text/Bespoke/Seller Pages/Order Details/input_ORDER ID_order-id-txt'

2020-03-20 14:53:48 - [MESSAGE][PASSED] - Keys '*' sent to object: 'Object Repository/ADMIN/Edit Text/Bespoke/Seller Pages/Order Details/input_ORDER ID_order-id-txt'

2020-03-20 14:53:48 - [TEST_STEP][PASSED] - sendKeys(findTestObject("ADMIN/Edit Text/Bespoke/Seller Pages/Order Details/input_INVOICE ID_invoice-id-txt"), "*"): Keys '*' sent to object: 'Object Repository/ADMIN/Edit Text/Bespoke/Seller Pages/Order Details/input_INVOICE ID_invoice-id-txt'

2020-03-20 14:53:48 - [MESSAGE][PASSED] - Keys '*' sent to object: 'Object Repository/ADMIN/Edit Text/Bespoke/Seller Pages/Order Details/input_INVOICE ID_invoice-id-txt'

2020-03-20 14:53:48 - [TEST_STEP][PASSED] - sendKeys(findTestObject("ADMIN/Edit Text/Bespoke/Seller Pages/Order Details/input_TIMESTAMP_timestamp-txt"), "*"): Keys '*' sent to object: 'Object Repository/ADMIN/Edit Text/Bespoke/Seller Pages/Order Details/input_TIMESTAMP_timestamp-txt'

2020-03-20 14:53:49 - [MESSAGE][PASSED] - Keys '*' sent to object: 'Object Repository/ADMIN/Edit Text/Bespoke/Seller Pages/Order Details/input_TIMESTAMP_timestamp-txt'

2020-03-20 14:53:49 - [TEST_STEP][PASSED] - sendKeys(findTestObject("ADMIN/Edit Text/Bespoke/Seller Pages/Order Details/input_TRANSACTION ID_transaction-id"), "*"): Keys '*' sent to object: 'Object Repository/ADMIN/Edit Text/Bespoke/Seller Pages/Order Details/input_TRANSACTION ID_transaction-id'

2020-03-20 14:53:49 - [MESSAGE][PASSED] - Keys '*' sent to object: 'Object Repository/ADMIN/Edit Text/Bespoke/Seller Pages/Order Details/input_TRANSACTION ID_transaction-id'

2020-03-20 14:53:49 - [TEST_STEP][PASSED] - sendKeys(findTestObject("ADMIN/Edit Text/Bespoke/Seller Pages/Order Details/input_BUYER INFO_buyer-info-txt"), "*"): Keys '*' sent to object: 'Object Repository/ADMIN/Edit Text/Bespoke/Seller Pages/Order Details/input_BUYER INFO_buyer-info-txt'

2020-03-20 14:53:49 - [MESSAGE][PASSED] - Keys '*' sent to object: 'Object Repository/ADMIN/Edit Text/Bespoke/Seller Pages/Order Details/input_BUYER INFO_buyer-info-txt'

2020-03-20 14:53:49 - [TEST_STEP][PASSED] - sendKeys(findTestObject("ADMIN/Edit Text/Bespoke/Seller Pages/Order Details/input_DELIVERY ADDRESS_delivery-address-txt"), "*"): Keys '*' sent to object: 'Object Repository/ADMIN/Edit Text/Bespoke/Seller Pages/Order Details/input_DELIVERY ADDRESS_delivery-address-txt'

2020-03-20 14:53:49 - [MESSAGE][PASSED] - Keys '*' sent to object: 'Object Repository/ADMIN/Edit Text/Bespoke/Seller Pages/Order Details/input_DELIVERY ADDRESS_delivery-address-txt'

2020-03-20 14:53:49 - [TEST_STEP][PASSED] - sendKeys(findTestObject("ADMIN/Edit Text/Bespoke/Seller Pages/Order Details/input_EMAIL_email-txt"), "*"): Keys '*' sent to object: 'Object Repository/ADMIN/Edit Text/Bespoke/Seller Pages/Order Details/input_EMAIL_email-txt'

2020-03-20 14:53:49 - [MESSAGE][PASSED] - Keys '*' sent to object: 'Object Repository/ADMIN/Edit Text/Bespoke/Seller Pages/Order Details/input_EMAIL_email-txt'

2020-03-20 14:53:49 - [TEST_STEP][PASSED] - sendKeys(findTestObject("ADMIN/Edit Text/Bespoke/Seller Pages/Order Details/input_CONTACT_contact-txt"), "*"): Keys '*' sent to object: 'Object Repository/ADMIN/Edit Text/Bespoke/Seller Pages/Order Details/input_CONTACT_contact-txt'

2020-03-20 14:53:49 - [MESSAGE][PASSED] - Keys '*' sent to object: 'Object Repository/ADMIN/Edit Text/Bespoke/Seller Pages/Order Details/input_CONTACT_contact-txt'

2020-03-20 14:53:49 - [TEST_STEP][PASSED] - sendKeys(findTestObject("ADMIN/Edit Text/Bespoke/Seller Pages/Order Details/input_TRANSACTION TOTAL_transaction-total"), "*"): Keys '*' sent to object: 'Object Repository/ADMIN/Edit Text/Bespoke/Seller Pages/Order Details/input_TRANSACTION TOTAL_transaction-total'

2020-03-20 14:53:50 - [MESSAGE][PASSED] - Keys '*' sent to object: 'Object Repository/ADMIN/Edit Text/Bespoke/Seller Pages/Order Details/input_TRANSACTION TOTAL_transaction-total'

2020-03-20 14:53:50 - [TEST_STEP][PASSED] - sendKeys(findTestObject("ADMIN/Edit Text/Bespoke/Seller Pages/Order Details/input_Subtotal_subtotal-txt"), "*"): Keys '*' sent to object: 'Object Repository/ADMIN/Edit Text/Bespoke/Seller Pages/Order Details/input_Subtotal_subtotal-txt'

2020-03-20 14:53:50 - [MESSAGE][PASSED] - Keys '*' sent to object: 'Object Repository/ADMIN/Edit Text/Bespoke/Seller Pages/Order Details/input_Subtotal_subtotal-txt'

2020-03-20 14:53:50 - [TEST_STEP][PASSED] - sendKeys(findTestObject("ADMIN/Edit Text/Bespoke/Seller Pages/Order Details/input_Delivery_delivery-txt"), "*"): Keys '*' sent to object: 'Object Repository/ADMIN/Edit Text/Bespoke/Seller Pages/Order Details/input_Delivery_delivery-txt'

2020-03-20 14:53:50 - [MESSAGE][PASSED] - Keys '*' sent to object: 'Object Repository/ADMIN/Edit Text/Bespoke/Seller Pages/Order Details/input_Delivery_delivery-txt'

2020-03-20 14:53:50 - [TEST_STEP][PASSED] - sendKeys(findTestObject("ADMIN/Edit Text/Bespoke/Seller Pages/Order Details/input_Admin fee_admin-fee"), "*"): Keys '*' sent to object: 'Object Repository/ADMIN/Edit Text/Bespoke/Seller Pages/Order Details/input_Admin fee_admin-fee'

2020-03-20 14:53:50 - [MESSAGE][PASSED] - Keys '*' sent to object: 'Object Repository/ADMIN/Edit Text/Bespoke/Seller Pages/Order Details/input_Admin fee_admin-fee'

2020-03-20 14:53:50 - [TEST_STEP][PASSED] - sendKeys(findTestObject("ADMIN/Edit Text/Bespoke/Seller Pages/Order Details/input_ITEM_item-txt"), "*"): Keys '*' sent to object: 'Object Repository/ADMIN/Edit Text/Bespoke/Seller Pages/Order Details/input_ITEM_item-txt'

2020-03-20 14:53:50 - [MESSAGE][PASSED] - Keys '*' sent to object: 'Object Repository/ADMIN/Edit Text/Bespoke/Seller Pages/Order Details/input_ITEM_item-txt'

2020-03-20 14:53:50 - [TEST_STEP][PASSED] - sendKeys(findTestObject("ADMIN/Edit Text/Bespoke/Seller Pages/Order Details/input_PRICE_price-txt"), "*"): Keys '*' sent to object: 'Object Repository/ADMIN/Edit Text/Bespoke/Seller Pages/Order Details/input_PRICE_price-txt'

2020-03-20 14:53:50 - [MESSAGE][PASSED] - Keys '*' sent to object: 'Object Repository/ADMIN/Edit Text/Bespoke/Seller Pages/Order Details/input_PRICE_price-txt'

2020-03-20 14:53:50 - [TEST_STEP][PASSED] - sendKeys(findTestObject("ADMIN/Edit Text/Bespoke/Seller Pages/Order Details/input_QTY_qty-txt"), "*"): Keys '*' sent to object: 'Object Repository/ADMIN/Edit Text/Bespoke/Seller Pages/Order Details/input_QTY_qty-txt'

2020-03-20 14:53:50 - [MESSAGE][PASSED] - Keys '*' sent to object: 'Object Repository/ADMIN/Edit Text/Bespoke/Seller Pages/Order Details/input_QTY_qty-txt'

2020-03-20 14:53:50 - [TEST_STEP][PASSED] - sendKeys(findTestObject("ADMIN/Edit Text/Bespoke/Seller Pages/Order Details/input_DELIVERY_buyer-info-txt"), "*"): Keys '*' sent to object: 'Object Repository/ADMIN/Edit Text/Bespoke/Seller Pages/Order Details/input_DELIVERY_buyer-info-txt'

2020-03-20 14:53:51 - [MESSAGE][PASSED] - Keys '*' sent to object: 'Object Repository/ADMIN/Edit Text/Bespoke/Seller Pages/Order Details/input_DELIVERY_buyer-info-txt'

2020-03-20 14:53:51 - [TEST_STEP][PASSED] - sendKeys(findTestObject("ADMIN/Edit Text/Bespoke/Seller Pages/Order Details/input_ORDER STATUS_order-status-txt"), "*"): Keys '*' sent to object: 'Object Repository/ADMIN/Edit Text/Bespoke/Seller Pages/Order Details/input_ORDER STATUS_order-status-txt'

2020-03-20 14:53:51 - [MESSAGE][PASSED] - Keys '*' sent to object: 'Object Repository/ADMIN/Edit Text/Bespoke/Seller Pages/Order Details/input_ORDER STATUS_order-status-txt'

2020-03-20 14:53:51 - [TEST_STEP][PASSED] - sendKeys(findTestObject("ADMIN/Edit Text/Bespoke/Seller Pages/Order Details/input_Payment Status_pay-txt"), "*"): Keys '*' sent to object: 'Object Repository/ADMIN/Edit Text/Bespoke/Seller Pages/Order Details/input_Payment Status_pay-txt'

2020-03-20 14:53:51 - [MESSAGE][PASSED] - Keys '*' sent to object: 'Object Repository/ADMIN/Edit Text/Bespoke/Seller Pages/Order Details/input_Payment Status_pay-txt'

2020-03-20 14:53:51 - [TEST_STEP][PASSED] - sendKeys(findTestObject("ADMIN/Edit Text/Bespoke/Seller Pages/Order Details/input_Payment Method_pay-info-txt"), "*"): Keys '*' sent to object: 'Object Repository/ADMIN/Edit Text/Bespoke/Seller Pages/Order Details/input_Payment Method_pay-info-txt'

2020-03-20 14:53:51 - [MESSAGE][PASSED] - Keys '*' sent to object: 'Object Repository/ADMIN/Edit Text/Bespoke/Seller Pages/Order Details/input_Payment Method_pay-info-txt'

2020-03-20 14:53:51 - [TEST_STEP][PASSED] - sendKeys(findTestObject("ADMIN/Edit Text/Bespoke/Seller Pages/Order Details/input_REVIEW_review-txt"), "*"): Keys '*' sent to object: 'Object Repository/ADMIN/Edit Text/Bespoke/Seller Pages/Order Details/input_REVIEW_review-txt'

2020-03-20 14:53:51 - [MESSAGE][PASSED] - Keys '*' sent to object: 'Object Repository/ADMIN/Edit Text/Bespoke/Seller Pages/Order Details/input_REVIEW_review-txt'

2020-03-20 14:53:51 - [TEST_STEP][PASSED] - sendKeys(findTestObject("ADMIN/Edit Text/Bespoke/Seller Pages/Order Details/input_New Review_review-txt"), "*"): Keys '*' sent to object: 'Object Repository/ADMIN/Edit Text/Bespoke/Seller Pages/Order Details/input_New Review_review-txt'

2020-03-20 14:53:51 - [MESSAGE][PASSED] - Keys '*' sent to object: 'Object Repository/ADMIN/Edit Text/Bespoke/Seller Pages/Order Details/input_New Review_review-txt'

2020-03-20 14:53:51 - [TEST_STEP][PASSED] - sendKeys(findTestObject("ADMIN/Edit Text/Bespoke/Seller Pages/Order Details/input_DeliveryPick-up_Delivery"), "*"): Keys '*' sent to object: 'Object Repository/ADMIN/Edit Text/Bespoke/Seller Pages/Order Details/input_DeliveryPick-up_Delivery'

2020-03-20 14:53:52 - [MESSAGE][PASSED] - Keys '*' sent to object: 'Object Repository/ADMIN/Edit Text/Bespoke/Seller Pages/Order Details/input_DeliveryPick-up_Delivery'

2020-03-20 14:53:52 - [TEST_STEP][PASSED] - sendKeys(findTestObject("ADMIN/Edit Text/Bespoke/Seller Pages/Order Details/input_Pick-up_Pick-up"), "*"): Keys '*' sent to object: 'Object Repository/ADMIN/Edit Text/Bespoke/Seller Pages/Order Details/input_Pick-up_Pick-up'

2020-03-20 14:53:52 - [MESSAGE][PASSED] - Keys '*' sent to object: 'Object Repository/ADMIN/Edit Text/Bespoke/Seller Pages/Order Details/input_Pick-up_Pick-up'

2020-03-20 14:53:52 - [TEST_STEP][PASSED] - sendKeys(findTestObject("ADMIN/Edit Text/Bespoke/Seller Pages/Order Details/input_Delivery From_bulk-delivery-discount"), "*"): Keys '*' sent to object: 'Object Repository/ADMIN/Edit Text/Bespoke/Seller Pages/Order Details/input_Delivery From_bulk-delivery-discount'

2020-03-20 14:53:52 - [MESSAGE][PASSED] - Keys '*' sent to object: 'Object Repository/ADMIN/Edit Text/Bespoke/Seller Pages/Order Details/input_Delivery From_bulk-delivery-discount'

2020-03-20 14:53:52 - [TEST_STEP][PASSED] - sendKeys(findTestObject("ADMIN/Edit Text/Bespoke/Seller Pages/Order Details/input_Minimum lead time_bulk-delivery-discount"), "*"): Keys '*' sent to object: 'Object Repository/ADMIN/Edit Text/Bespoke/Seller Pages/Order Details/input_Minimum lead time_bulk-delivery-discount'

2020-03-20 14:53:53 - [MESSAGE][PASSED] - Keys '*' sent to object: 'Object Repository/ADMIN/Edit Text/Bespoke/Seller Pages/Order Details/input_Minimum lead time_bulk-delivery-discount'

2020-03-20 14:53:53 - [TEST_STEP][PASSED] - sendKeys(findTestObject("ADMIN/Edit Text/Bespoke/Seller Pages/Order Details/input_BACK TO LIST_btn_back"), "*"): Keys '*' sent to object: 'Object Repository/ADMIN/Edit Text/Bespoke/Seller Pages/Order Details/input_BACK TO LIST_btn_back'

2020-03-20 14:53:53 - [MESSAGE][PASSED] - Keys '*' sent to object: 'Object Repository/ADMIN/Edit Text/Bespoke/Seller Pages/Order Details/input_BACK TO LIST_btn_back'

2020-03-20 14:53:53 - [TEST_STEP][PASSED] - sendKeys(findTestObject("ADMIN/Edit Text/Bespoke/Seller Pages/Order Details/input_STATUS CHANGED_popup-title"), "*"): Keys '*' sent to object: 'Object Repository/ADMIN/Edit Text/Bespoke/Seller Pages/Order Details/input_STATUS CHANGED_popup-title'

2020-03-20 14:53:53 - [MESSAGE][PASSED] - Keys '*' sent to object: 'Object Repository/ADMIN/Edit Text/Bespoke/Seller Pages/Order Details/input_STATUS CHANGED_popup-title'

2020-03-20 14:53:53 - [TEST_STEP][PASSED] - sendKeys(findTestObject("ADMIN/Edit Text/Bespoke/Seller Pages/Order Details/textarea_The order status for this item has been updated"), "*"): Keys '*' sent to object: 'Object Repository/ADMIN/Edit Text/Bespoke/Seller Pages/Order Details/textarea_The order status for this item has been updated'

2020-03-20 14:53:54 - [MESSAGE][PASSED] - Keys '*' sent to object: 'Object Repository/ADMIN/Edit Text/Bespoke/Seller Pages/Order Details/textarea_The order status for this item has been updated'

2020-03-20 14:53:54 - [TEST_STEP][PASSED] - sendKeys(findTestObject("ADMIN/Edit Text/Bespoke/Seller Pages/Order Details/input_Okay_btn_okay"), "*"): Keys '*' sent to object: 'Object Repository/ADMIN/Edit Text/Bespoke/Seller Pages/Order Details/input_Okay_btn_okay'

2020-03-20 14:53:54 - [MESSAGE][PASSED] - Keys '*' sent to object: 'Object Repository/ADMIN/Edit Text/Bespoke/Seller Pages/Order Details/input_Okay_btn_okay'

2020-03-20 14:53:54 - [TEST_STEP][PASSED] - click(findTestObject("ADMIN/Edit Text/Bespoke/Buyer Pages/Homepage/button_save"), CONTINUE_ON_FAILURE): Object: 'Object Repository/ADMIN/Edit Text/Bespoke/Buyer Pages/Homepage/button_save' is clicked on

2020-03-20 14:53:54 - [MESSAGE][PASSED] - Object: 'Object Repository/ADMIN/Edit Text/Bespoke/Buyer Pages/Homepage/button_save' is clicked on

2020-03-20 14:53:54 - [TEST_STEP][PASSED] - waitForElementVisible(findTestObject("ADMIN/Edit Text/Bespoke/Buyer Pages/Homepage/toaster_success"), 0): Object 'Object Repository/ADMIN/Edit Text/Bespoke/Buyer Pages/Homepage/toaster_success' is visible

2020-03-20 14:53:54 - [MESSAGE][WARNING] - Timeout '0' is invalid. Using default page load timeout: '30'

2020-03-20 14:53:55 - [MESSAGE][PASSED] - Object 'Object Repository/ADMIN/Edit Text/Bespoke/Buyer Pages/Homepage/toaster_success' is visible]]></system-out>
         <system-err><![CDATA[]]></system-err>
      </testcase>
      <testcase name="Test Cases/ADMIN/Language/Edit Text/Bespoke/Seller/Order Details" time="9.44" classname="Test Cases/ADMIN/Language/Edit Text/Bespoke/Seller/Order Details" status="PASSED">
         <system-out><![CDATA[2020-03-20 14:53:55 - [TEST_CASE][PASSED] - Test Cases/ADMIN/Language/Edit Text/Bespoke/Seller/Order Details: Test Cases/ADMIN/Language/Edit Text/Bespoke/Seller/Order Details

2020-03-20 14:53:55 - [TEST_STEP][PASSED] - waitForElementVisible(findTestObject("ADMIN/Edit Text/Bespoke/Buyer Navigation/dd_language"), 0): Object 'Object Repository/ADMIN/Edit Text/Bespoke/Buyer Navigation/dd_language' is visible

2020-03-20 14:53:55 - [MESSAGE][WARNING] - Timeout '0' is invalid. Using default page load timeout: '30'

2020-03-20 14:53:55 - [MESSAGE][PASSED] - Object 'Object Repository/ADMIN/Edit Text/Bespoke/Buyer Navigation/dd_language' is visible

2020-03-20 14:53:55 - [TEST_STEP][PASSED] - selectOptionByLabel(findTestObject("ADMIN/Edit Text/Bespoke/Buyer Navigation/dd_language"), varLanguage, false): All options with label 'Hindi' are selected in object 'Object Repository/ADMIN/Edit Text/Bespoke/Buyer Navigation/dd_language' 

2020-03-20 14:53:57 - [MESSAGE][PASSED] - All options with label 'Hindi' are selected in object 'Object Repository/ADMIN/Edit Text/Bespoke/Buyer Navigation/dd_language' 

2020-03-20 14:53:57 - [TEST_STEP][PASSED] - sendKeys(findTestObject("ADMIN/Edit Text/Bespoke/Seller Pages/Order Details/input_ORDER ID_order-id-txt"), "*"): Keys '*' sent to object: 'Object Repository/ADMIN/Edit Text/Bespoke/Seller Pages/Order Details/input_ORDER ID_order-id-txt'

2020-03-20 14:53:57 - [MESSAGE][PASSED] - Keys '*' sent to object: 'Object Repository/ADMIN/Edit Text/Bespoke/Seller Pages/Order Details/input_ORDER ID_order-id-txt'

2020-03-20 14:53:57 - [TEST_STEP][PASSED] - sendKeys(findTestObject("ADMIN/Edit Text/Bespoke/Seller Pages/Order Details/input_INVOICE ID_invoice-id-txt"), "*"): Keys '*' sent to object: 'Object Repository/ADMIN/Edit Text/Bespoke/Seller Pages/Order Details/input_INVOICE ID_invoice-id-txt'

2020-03-20 14:53:57 - [MESSAGE][PASSED] - Keys '*' sent to object: 'Object Repository/ADMIN/Edit Text/Bespoke/Seller Pages/Order Details/input_INVOICE ID_invoice-id-txt'

2020-03-20 14:53:57 - [TEST_STEP][PASSED] - sendKeys(findTestObject("ADMIN/Edit Text/Bespoke/Seller Pages/Order Details/input_TIMESTAMP_timestamp-txt"), "*"): Keys '*' sent to object: 'Object Repository/ADMIN/Edit Text/Bespoke/Seller Pages/Order Details/input_TIMESTAMP_timestamp-txt'

2020-03-20 14:53:57 - [MESSAGE][PASSED] - Keys '*' sent to object: 'Object Repository/ADMIN/Edit Text/Bespoke/Seller Pages/Order Details/input_TIMESTAMP_timestamp-txt'

2020-03-20 14:53:57 - [TEST_STEP][PASSED] - sendKeys(findTestObject("ADMIN/Edit Text/Bespoke/Seller Pages/Order Details/input_TRANSACTION ID_transaction-id"), "*"): Keys '*' sent to object: 'Object Repository/ADMIN/Edit Text/Bespoke/Seller Pages/Order Details/input_TRANSACTION ID_transaction-id'

2020-03-20 14:53:57 - [MESSAGE][PASSED] - Keys '*' sent to object: 'Object Repository/ADMIN/Edit Text/Bespoke/Seller Pages/Order Details/input_TRANSACTION ID_transaction-id'

2020-03-20 14:53:57 - [TEST_STEP][PASSED] - sendKeys(findTestObject("ADMIN/Edit Text/Bespoke/Seller Pages/Order Details/input_BUYER INFO_buyer-info-txt"), "*"): Keys '*' sent to object: 'Object Repository/ADMIN/Edit Text/Bespoke/Seller Pages/Order Details/input_BUYER INFO_buyer-info-txt'

2020-03-20 14:53:58 - [MESSAGE][PASSED] - Keys '*' sent to object: 'Object Repository/ADMIN/Edit Text/Bespoke/Seller Pages/Order Details/input_BUYER INFO_buyer-info-txt'

2020-03-20 14:53:58 - [TEST_STEP][PASSED] - sendKeys(findTestObject("ADMIN/Edit Text/Bespoke/Seller Pages/Order Details/input_DELIVERY ADDRESS_delivery-address-txt"), "*"): Keys '*' sent to object: 'Object Repository/ADMIN/Edit Text/Bespoke/Seller Pages/Order Details/input_DELIVERY ADDRESS_delivery-address-txt'

2020-03-20 14:53:58 - [MESSAGE][PASSED] - Keys '*' sent to object: 'Object Repository/ADMIN/Edit Text/Bespoke/Seller Pages/Order Details/input_DELIVERY ADDRESS_delivery-address-txt'

2020-03-20 14:53:58 - [TEST_STEP][PASSED] - sendKeys(findTestObject("ADMIN/Edit Text/Bespoke/Seller Pages/Order Details/input_EMAIL_email-txt"), "*"): Keys '*' sent to object: 'Object Repository/ADMIN/Edit Text/Bespoke/Seller Pages/Order Details/input_EMAIL_email-txt'

2020-03-20 14:53:58 - [MESSAGE][PASSED] - Keys '*' sent to object: 'Object Repository/ADMIN/Edit Text/Bespoke/Seller Pages/Order Details/input_EMAIL_email-txt'

2020-03-20 14:53:58 - [TEST_STEP][PASSED] - sendKeys(findTestObject("ADMIN/Edit Text/Bespoke/Seller Pages/Order Details/input_CONTACT_contact-txt"), "*"): Keys '*' sent to object: 'Object Repository/ADMIN/Edit Text/Bespoke/Seller Pages/Order Details/input_CONTACT_contact-txt'

2020-03-20 14:53:58 - [MESSAGE][PASSED] - Keys '*' sent to object: 'Object Repository/ADMIN/Edit Text/Bespoke/Seller Pages/Order Details/input_CONTACT_contact-txt'

2020-03-20 14:53:58 - [TEST_STEP][PASSED] - sendKeys(findTestObject("ADMIN/Edit Text/Bespoke/Seller Pages/Order Details/input_TRANSACTION TOTAL_transaction-total"), "*"): Keys '*' sent to object: 'Object Repository/ADMIN/Edit Text/Bespoke/Seller Pages/Order Details/input_TRANSACTION TOTAL_transaction-total'

2020-03-20 14:53:58 - [MESSAGE][PASSED] - Keys '*' sent to object: 'Object Repository/ADMIN/Edit Text/Bespoke/Seller Pages/Order Details/input_TRANSACTION TOTAL_transaction-total'

2020-03-20 14:53:58 - [TEST_STEP][PASSED] - sendKeys(findTestObject("ADMIN/Edit Text/Bespoke/Seller Pages/Order Details/input_Subtotal_subtotal-txt"), "*"): Keys '*' sent to object: 'Object Repository/ADMIN/Edit Text/Bespoke/Seller Pages/Order Details/input_Subtotal_subtotal-txt'

2020-03-20 14:53:58 - [MESSAGE][PASSED] - Keys '*' sent to object: 'Object Repository/ADMIN/Edit Text/Bespoke/Seller Pages/Order Details/input_Subtotal_subtotal-txt'

2020-03-20 14:53:58 - [TEST_STEP][PASSED] - sendKeys(findTestObject("ADMIN/Edit Text/Bespoke/Seller Pages/Order Details/input_Delivery_delivery-txt"), "*"): Keys '*' sent to object: 'Object Repository/ADMIN/Edit Text/Bespoke/Seller Pages/Order Details/input_Delivery_delivery-txt'

2020-03-20 14:53:59 - [MESSAGE][PASSED] - Keys '*' sent to object: 'Object Repository/ADMIN/Edit Text/Bespoke/Seller Pages/Order Details/input_Delivery_delivery-txt'

2020-03-20 14:53:59 - [TEST_STEP][PASSED] - sendKeys(findTestObject("ADMIN/Edit Text/Bespoke/Seller Pages/Order Details/input_Admin fee_admin-fee"), "*"): Keys '*' sent to object: 'Object Repository/ADMIN/Edit Text/Bespoke/Seller Pages/Order Details/input_Admin fee_admin-fee'

2020-03-20 14:53:59 - [MESSAGE][PASSED] - Keys '*' sent to object: 'Object Repository/ADMIN/Edit Text/Bespoke/Seller Pages/Order Details/input_Admin fee_admin-fee'

2020-03-20 14:53:59 - [TEST_STEP][PASSED] - sendKeys(findTestObject("ADMIN/Edit Text/Bespoke/Seller Pages/Order Details/input_ITEM_item-txt"), "*"): Keys '*' sent to object: 'Object Repository/ADMIN/Edit Text/Bespoke/Seller Pages/Order Details/input_ITEM_item-txt'

2020-03-20 14:53:59 - [MESSAGE][PASSED] - Keys '*' sent to object: 'Object Repository/ADMIN/Edit Text/Bespoke/Seller Pages/Order Details/input_ITEM_item-txt'

2020-03-20 14:53:59 - [TEST_STEP][PASSED] - sendKeys(findTestObject("ADMIN/Edit Text/Bespoke/Seller Pages/Order Details/input_PRICE_price-txt"), "*"): Keys '*' sent to object: 'Object Repository/ADMIN/Edit Text/Bespoke/Seller Pages/Order Details/input_PRICE_price-txt'

2020-03-20 14:53:59 - [MESSAGE][PASSED] - Keys '*' sent to object: 'Object Repository/ADMIN/Edit Text/Bespoke/Seller Pages/Order Details/input_PRICE_price-txt'

2020-03-20 14:53:59 - [TEST_STEP][PASSED] - sendKeys(findTestObject("ADMIN/Edit Text/Bespoke/Seller Pages/Order Details/input_QTY_qty-txt"), "*"): Keys '*' sent to object: 'Object Repository/ADMIN/Edit Text/Bespoke/Seller Pages/Order Details/input_QTY_qty-txt'

2020-03-20 14:54:00 - [MESSAGE][PASSED] - Keys '*' sent to object: 'Object Repository/ADMIN/Edit Text/Bespoke/Seller Pages/Order Details/input_QTY_qty-txt'

2020-03-20 14:54:00 - [TEST_STEP][PASSED] - sendKeys(findTestObject("ADMIN/Edit Text/Bespoke/Seller Pages/Order Details/input_DELIVERY_buyer-info-txt"), "*"): Keys '*' sent to object: 'Object Repository/ADMIN/Edit Text/Bespoke/Seller Pages/Order Details/input_DELIVERY_buyer-info-txt'

2020-03-20 14:54:00 - [MESSAGE][PASSED] - Keys '*' sent to object: 'Object Repository/ADMIN/Edit Text/Bespoke/Seller Pages/Order Details/input_DELIVERY_buyer-info-txt'

2020-03-20 14:54:00 - [TEST_STEP][PASSED] - sendKeys(findTestObject("ADMIN/Edit Text/Bespoke/Seller Pages/Order Details/input_ORDER STATUS_order-status-txt"), "*"): Keys '*' sent to object: 'Object Repository/ADMIN/Edit Text/Bespoke/Seller Pages/Order Details/input_ORDER STATUS_order-status-txt'

2020-03-20 14:54:00 - [MESSAGE][PASSED] - Keys '*' sent to object: 'Object Repository/ADMIN/Edit Text/Bespoke/Seller Pages/Order Details/input_ORDER STATUS_order-status-txt'

2020-03-20 14:54:00 - [TEST_STEP][PASSED] - sendKeys(findTestObject("ADMIN/Edit Text/Bespoke/Seller Pages/Order Details/input_Payment Status_pay-txt"), "*"): Keys '*' sent to object: 'Object Repository/ADMIN/Edit Text/Bespoke/Seller Pages/Order Details/input_Payment Status_pay-txt'

2020-03-20 14:54:00 - [MESSAGE][PASSED] - Keys '*' sent to object: 'Object Repository/ADMIN/Edit Text/Bespoke/Seller Pages/Order Details/input_Payment Status_pay-txt'

2020-03-20 14:54:00 - [TEST_STEP][PASSED] - sendKeys(findTestObject("ADMIN/Edit Text/Bespoke/Seller Pages/Order Details/input_Payment Method_pay-info-txt"), "*"): Keys '*' sent to object: 'Object Repository/ADMIN/Edit Text/Bespoke/Seller Pages/Order Details/input_Payment Method_pay-info-txt'

2020-03-20 14:54:01 - [MESSAGE][PASSED] - Keys '*' sent to object: 'Object Repository/ADMIN/Edit Text/Bespoke/Seller Pages/Order Details/input_Payment Method_pay-info-txt'

2020-03-20 14:54:01 - [TEST_STEP][PASSED] - sendKeys(findTestObject("ADMIN/Edit Text/Bespoke/Seller Pages/Order Details/input_REVIEW_review-txt"), "*"): Keys '*' sent to object: 'Object Repository/ADMIN/Edit Text/Bespoke/Seller Pages/Order Details/input_REVIEW_review-txt'

2020-03-20 14:54:01 - [MESSAGE][PASSED] - Keys '*' sent to object: 'Object Repository/ADMIN/Edit Text/Bespoke/Seller Pages/Order Details/input_REVIEW_review-txt'

2020-03-20 14:54:01 - [TEST_STEP][PASSED] - sendKeys(findTestObject("ADMIN/Edit Text/Bespoke/Seller Pages/Order Details/input_New Review_review-txt"), "*"): Keys '*' sent to object: 'Object Repository/ADMIN/Edit Text/Bespoke/Seller Pages/Order Details/input_New Review_review-txt'

2020-03-20 14:54:01 - [MESSAGE][PASSED] - Keys '*' sent to object: 'Object Repository/ADMIN/Edit Text/Bespoke/Seller Pages/Order Details/input_New Review_review-txt'

2020-03-20 14:54:01 - [TEST_STEP][PASSED] - sendKeys(findTestObject("ADMIN/Edit Text/Bespoke/Seller Pages/Order Details/input_DeliveryPick-up_Delivery"), "*"): Keys '*' sent to object: 'Object Repository/ADMIN/Edit Text/Bespoke/Seller Pages/Order Details/input_DeliveryPick-up_Delivery'

2020-03-20 14:54:01 - [MESSAGE][PASSED] - Keys '*' sent to object: 'Object Repository/ADMIN/Edit Text/Bespoke/Seller Pages/Order Details/input_DeliveryPick-up_Delivery'

2020-03-20 14:54:01 - [TEST_STEP][PASSED] - sendKeys(findTestObject("ADMIN/Edit Text/Bespoke/Seller Pages/Order Details/input_Pick-up_Pick-up"), "*"): Keys '*' sent to object: 'Object Repository/ADMIN/Edit Text/Bespoke/Seller Pages/Order Details/input_Pick-up_Pick-up'

2020-03-20 14:54:01 - [MESSAGE][PASSED] - Keys '*' sent to object: 'Object Repository/ADMIN/Edit Text/Bespoke/Seller Pages/Order Details/input_Pick-up_Pick-up'

2020-03-20 14:54:01 - [TEST_STEP][PASSED] - sendKeys(findTestObject("ADMIN/Edit Text/Bespoke/Seller Pages/Order Details/input_Delivery From_bulk-delivery-discount"), "*"): Keys '*' sent to object: 'Object Repository/ADMIN/Edit Text/Bespoke/Seller Pages/Order Details/input_Delivery From_bulk-delivery-discount'

2020-03-20 14:54:01 - [MESSAGE][PASSED] - Keys '*' sent to object: 'Object Repository/ADMIN/Edit Text/Bespoke/Seller Pages/Order Details/input_Delivery From_bulk-delivery-discount'

2020-03-20 14:54:01 - [TEST_STEP][PASSED] - sendKeys(findTestObject("ADMIN/Edit Text/Bespoke/Seller Pages/Order Details/input_Minimum lead time_bulk-delivery-discount"), "*"): Keys '*' sent to object: 'Object Repository/ADMIN/Edit Text/Bespoke/Seller Pages/Order Details/input_Minimum lead time_bulk-delivery-discount'

2020-03-20 14:54:02 - [MESSAGE][PASSED] - Keys '*' sent to object: 'Object Repository/ADMIN/Edit Text/Bespoke/Seller Pages/Order Details/input_Minimum lead time_bulk-delivery-discount'

2020-03-20 14:54:02 - [TEST_STEP][PASSED] - sendKeys(findTestObject("ADMIN/Edit Text/Bespoke/Seller Pages/Order Details/input_BACK TO LIST_btn_back"), "*"): Keys '*' sent to object: 'Object Repository/ADMIN/Edit Text/Bespoke/Seller Pages/Order Details/input_BACK TO LIST_btn_back'

2020-03-20 14:54:02 - [MESSAGE][PASSED] - Keys '*' sent to object: 'Object Repository/ADMIN/Edit Text/Bespoke/Seller Pages/Order Details/input_BACK TO LIST_btn_back'

2020-03-20 14:54:02 - [TEST_STEP][PASSED] - sendKeys(findTestObject("ADMIN/Edit Text/Bespoke/Seller Pages/Order Details/input_STATUS CHANGED_popup-title"), "*"): Keys '*' sent to object: 'Object Repository/ADMIN/Edit Text/Bespoke/Seller Pages/Order Details/input_STATUS CHANGED_popup-title'

2020-03-20 14:54:03 - [MESSAGE][PASSED] - Keys '*' sent to object: 'Object Repository/ADMIN/Edit Text/Bespoke/Seller Pages/Order Details/input_STATUS CHANGED_popup-title'

2020-03-20 14:54:03 - [TEST_STEP][PASSED] - sendKeys(findTestObject("ADMIN/Edit Text/Bespoke/Seller Pages/Order Details/textarea_The order status for this item has been updated"), "*"): Keys '*' sent to object: 'Object Repository/ADMIN/Edit Text/Bespoke/Seller Pages/Order Details/textarea_The order status for this item has been updated'

2020-03-20 14:54:03 - [MESSAGE][PASSED] - Keys '*' sent to object: 'Object Repository/ADMIN/Edit Text/Bespoke/Seller Pages/Order Details/textarea_The order status for this item has been updated'

2020-03-20 14:54:03 - [TEST_STEP][PASSED] - sendKeys(findTestObject("ADMIN/Edit Text/Bespoke/Seller Pages/Order Details/input_Okay_btn_okay"), "*"): Keys '*' sent to object: 'Object Repository/ADMIN/Edit Text/Bespoke/Seller Pages/Order Details/input_Okay_btn_okay'

2020-03-20 14:54:03 - [MESSAGE][PASSED] - Keys '*' sent to object: 'Object Repository/ADMIN/Edit Text/Bespoke/Seller Pages/Order Details/input_Okay_btn_okay'

2020-03-20 14:54:03 - [TEST_STEP][PASSED] - click(findTestObject("ADMIN/Edit Text/Bespoke/Buyer Pages/Homepage/button_save"), CONTINUE_ON_FAILURE): Object: 'Object Repository/ADMIN/Edit Text/Bespoke/Buyer Pages/Homepage/button_save' is clicked on

2020-03-20 14:54:03 - [MESSAGE][PASSED] - Object: 'Object Repository/ADMIN/Edit Text/Bespoke/Buyer Pages/Homepage/button_save' is clicked on

2020-03-20 14:54:03 - [TEST_STEP][PASSED] - waitForElementVisible(findTestObject("ADMIN/Edit Text/Bespoke/Buyer Pages/Homepage/toaster_success"), 0): Object 'Object Repository/ADMIN/Edit Text/Bespoke/Buyer Pages/Homepage/toaster_success' is visible

2020-03-20 14:54:03 - [MESSAGE][WARNING] - Timeout '0' is invalid. Using default page load timeout: '30'

2020-03-20 14:54:04 - [MESSAGE][PASSED] - Object 'Object Repository/ADMIN/Edit Text/Bespoke/Buyer Pages/Homepage/toaster_success' is visible]]></system-out>
         <system-err><![CDATA[]]></system-err>
      </testcase>
      <testcase name="Test Cases/ADMIN/Language/Edit Text/Bespoke/Seller/Order Details" time="8.752" classname="Test Cases/ADMIN/Language/Edit Text/Bespoke/Seller/Order Details" status="PASSED">
         <system-out><![CDATA[2020-03-20 14:54:04 - [TEST_CASE][PASSED] - Test Cases/ADMIN/Language/Edit Text/Bespoke/Seller/Order Details: Test Cases/ADMIN/Language/Edit Text/Bespoke/Seller/Order Details

2020-03-20 14:54:04 - [TEST_STEP][PASSED] - waitForElementVisible(findTestObject("ADMIN/Edit Text/Bespoke/Buyer Navigation/dd_language"), 0): Object 'Object Repository/ADMIN/Edit Text/Bespoke/Buyer Navigation/dd_language' is visible

2020-03-20 14:54:04 - [MESSAGE][WARNING] - Timeout '0' is invalid. Using default page load timeout: '30'

2020-03-20 14:54:05 - [MESSAGE][PASSED] - Object 'Object Repository/ADMIN/Edit Text/Bespoke/Buyer Navigation/dd_language' is visible

2020-03-20 14:54:05 - [TEST_STEP][PASSED] - selectOptionByLabel(findTestObject("ADMIN/Edit Text/Bespoke/Buyer Navigation/dd_language"), varLanguage, false): All options with label 'German' are selected in object 'Object Repository/ADMIN/Edit Text/Bespoke/Buyer Navigation/dd_language' 

2020-03-20 14:54:06 - [MESSAGE][PASSED] - All options with label 'German' are selected in object 'Object Repository/ADMIN/Edit Text/Bespoke/Buyer Navigation/dd_language' 

2020-03-20 14:54:06 - [TEST_STEP][PASSED] - sendKeys(findTestObject("ADMIN/Edit Text/Bespoke/Seller Pages/Order Details/input_ORDER ID_order-id-txt"), "*"): Keys '*' sent to object: 'Object Repository/ADMIN/Edit Text/Bespoke/Seller Pages/Order Details/input_ORDER ID_order-id-txt'

2020-03-20 14:54:06 - [MESSAGE][PASSED] - Keys '*' sent to object: 'Object Repository/ADMIN/Edit Text/Bespoke/Seller Pages/Order Details/input_ORDER ID_order-id-txt'

2020-03-20 14:54:06 - [TEST_STEP][PASSED] - sendKeys(findTestObject("ADMIN/Edit Text/Bespoke/Seller Pages/Order Details/input_INVOICE ID_invoice-id-txt"), "*"): Keys '*' sent to object: 'Object Repository/ADMIN/Edit Text/Bespoke/Seller Pages/Order Details/input_INVOICE ID_invoice-id-txt'

2020-03-20 14:54:06 - [MESSAGE][PASSED] - Keys '*' sent to object: 'Object Repository/ADMIN/Edit Text/Bespoke/Seller Pages/Order Details/input_INVOICE ID_invoice-id-txt'

2020-03-20 14:54:06 - [TEST_STEP][PASSED] - sendKeys(findTestObject("ADMIN/Edit Text/Bespoke/Seller Pages/Order Details/input_TIMESTAMP_timestamp-txt"), "*"): Keys '*' sent to object: 'Object Repository/ADMIN/Edit Text/Bespoke/Seller Pages/Order Details/input_TIMESTAMP_timestamp-txt'

2020-03-20 14:54:06 - [MESSAGE][PASSED] - Keys '*' sent to object: 'Object Repository/ADMIN/Edit Text/Bespoke/Seller Pages/Order Details/input_TIMESTAMP_timestamp-txt'

2020-03-20 14:54:06 - [TEST_STEP][PASSED] - sendKeys(findTestObject("ADMIN/Edit Text/Bespoke/Seller Pages/Order Details/input_TRANSACTION ID_transaction-id"), "*"): Keys '*' sent to object: 'Object Repository/ADMIN/Edit Text/Bespoke/Seller Pages/Order Details/input_TRANSACTION ID_transaction-id'

2020-03-20 14:54:06 - [MESSAGE][PASSED] - Keys '*' sent to object: 'Object Repository/ADMIN/Edit Text/Bespoke/Seller Pages/Order Details/input_TRANSACTION ID_transaction-id'

2020-03-20 14:54:06 - [TEST_STEP][PASSED] - sendKeys(findTestObject("ADMIN/Edit Text/Bespoke/Seller Pages/Order Details/input_BUYER INFO_buyer-info-txt"), "*"): Keys '*' sent to object: 'Object Repository/ADMIN/Edit Text/Bespoke/Seller Pages/Order Details/input_BUYER INFO_buyer-info-txt'

2020-03-20 14:54:07 - [MESSAGE][PASSED] - Keys '*' sent to object: 'Object Repository/ADMIN/Edit Text/Bespoke/Seller Pages/Order Details/input_BUYER INFO_buyer-info-txt'

2020-03-20 14:54:07 - [TEST_STEP][PASSED] - sendKeys(findTestObject("ADMIN/Edit Text/Bespoke/Seller Pages/Order Details/input_DELIVERY ADDRESS_delivery-address-txt"), "*"): Keys '*' sent to object: 'Object Repository/ADMIN/Edit Text/Bespoke/Seller Pages/Order Details/input_DELIVERY ADDRESS_delivery-address-txt'

2020-03-20 14:54:07 - [MESSAGE][PASSED] - Keys '*' sent to object: 'Object Repository/ADMIN/Edit Text/Bespoke/Seller Pages/Order Details/input_DELIVERY ADDRESS_delivery-address-txt'

2020-03-20 14:54:07 - [TEST_STEP][PASSED] - sendKeys(findTestObject("ADMIN/Edit Text/Bespoke/Seller Pages/Order Details/input_EMAIL_email-txt"), "*"): Keys '*' sent to object: 'Object Repository/ADMIN/Edit Text/Bespoke/Seller Pages/Order Details/input_EMAIL_email-txt'

2020-03-20 14:54:07 - [MESSAGE][PASSED] - Keys '*' sent to object: 'Object Repository/ADMIN/Edit Text/Bespoke/Seller Pages/Order Details/input_EMAIL_email-txt'

2020-03-20 14:54:07 - [TEST_STEP][PASSED] - sendKeys(findTestObject("ADMIN/Edit Text/Bespoke/Seller Pages/Order Details/input_CONTACT_contact-txt"), "*"): Keys '*' sent to object: 'Object Repository/ADMIN/Edit Text/Bespoke/Seller Pages/Order Details/input_CONTACT_contact-txt'

2020-03-20 14:54:07 - [MESSAGE][PASSED] - Keys '*' sent to object: 'Object Repository/ADMIN/Edit Text/Bespoke/Seller Pages/Order Details/input_CONTACT_contact-txt'

2020-03-20 14:54:07 - [TEST_STEP][PASSED] - sendKeys(findTestObject("ADMIN/Edit Text/Bespoke/Seller Pages/Order Details/input_TRANSACTION TOTAL_transaction-total"), "*"): Keys '*' sent to object: 'Object Repository/ADMIN/Edit Text/Bespoke/Seller Pages/Order Details/input_TRANSACTION TOTAL_transaction-total'

2020-03-20 14:54:08 - [MESSAGE][PASSED] - Keys '*' sent to object: 'Object Repository/ADMIN/Edit Text/Bespoke/Seller Pages/Order Details/input_TRANSACTION TOTAL_transaction-total'

2020-03-20 14:54:08 - [TEST_STEP][PASSED] - sendKeys(findTestObject("ADMIN/Edit Text/Bespoke/Seller Pages/Order Details/input_Subtotal_subtotal-txt"), "*"): Keys '*' sent to object: 'Object Repository/ADMIN/Edit Text/Bespoke/Seller Pages/Order Details/input_Subtotal_subtotal-txt'

2020-03-20 14:54:08 - [MESSAGE][PASSED] - Keys '*' sent to object: 'Object Repository/ADMIN/Edit Text/Bespoke/Seller Pages/Order Details/input_Subtotal_subtotal-txt'

2020-03-20 14:54:08 - [TEST_STEP][PASSED] - sendKeys(findTestObject("ADMIN/Edit Text/Bespoke/Seller Pages/Order Details/input_Delivery_delivery-txt"), "*"): Keys '*' sent to object: 'Object Repository/ADMIN/Edit Text/Bespoke/Seller Pages/Order Details/input_Delivery_delivery-txt'

2020-03-20 14:54:08 - [MESSAGE][PASSED] - Keys '*' sent to object: 'Object Repository/ADMIN/Edit Text/Bespoke/Seller Pages/Order Details/input_Delivery_delivery-txt'

2020-03-20 14:54:08 - [TEST_STEP][PASSED] - sendKeys(findTestObject("ADMIN/Edit Text/Bespoke/Seller Pages/Order Details/input_Admin fee_admin-fee"), "*"): Keys '*' sent to object: 'Object Repository/ADMIN/Edit Text/Bespoke/Seller Pages/Order Details/input_Admin fee_admin-fee'

2020-03-20 14:54:08 - [MESSAGE][PASSED] - Keys '*' sent to object: 'Object Repository/ADMIN/Edit Text/Bespoke/Seller Pages/Order Details/input_Admin fee_admin-fee'

2020-03-20 14:54:08 - [TEST_STEP][PASSED] - sendKeys(findTestObject("ADMIN/Edit Text/Bespoke/Seller Pages/Order Details/input_ITEM_item-txt"), "*"): Keys '*' sent to object: 'Object Repository/ADMIN/Edit Text/Bespoke/Seller Pages/Order Details/input_ITEM_item-txt'

2020-03-20 14:54:09 - [MESSAGE][PASSED] - Keys '*' sent to object: 'Object Repository/ADMIN/Edit Text/Bespoke/Seller Pages/Order Details/input_ITEM_item-txt'

2020-03-20 14:54:09 - [TEST_STEP][PASSED] - sendKeys(findTestObject("ADMIN/Edit Text/Bespoke/Seller Pages/Order Details/input_PRICE_price-txt"), "*"): Keys '*' sent to object: 'Object Repository/ADMIN/Edit Text/Bespoke/Seller Pages/Order Details/input_PRICE_price-txt'

2020-03-20 14:54:09 - [MESSAGE][PASSED] - Keys '*' sent to object: 'Object Repository/ADMIN/Edit Text/Bespoke/Seller Pages/Order Details/input_PRICE_price-txt'

2020-03-20 14:54:09 - [TEST_STEP][PASSED] - sendKeys(findTestObject("ADMIN/Edit Text/Bespoke/Seller Pages/Order Details/input_QTY_qty-txt"), "*"): Keys '*' sent to object: 'Object Repository/ADMIN/Edit Text/Bespoke/Seller Pages/Order Details/input_QTY_qty-txt'

2020-03-20 14:54:09 - [MESSAGE][PASSED] - Keys '*' sent to object: 'Object Repository/ADMIN/Edit Text/Bespoke/Seller Pages/Order Details/input_QTY_qty-txt'

2020-03-20 14:54:09 - [TEST_STEP][PASSED] - sendKeys(findTestObject("ADMIN/Edit Text/Bespoke/Seller Pages/Order Details/input_DELIVERY_buyer-info-txt"), "*"): Keys '*' sent to object: 'Object Repository/ADMIN/Edit Text/Bespoke/Seller Pages/Order Details/input_DELIVERY_buyer-info-txt'

2020-03-20 14:54:09 - [MESSAGE][PASSED] - Keys '*' sent to object: 'Object Repository/ADMIN/Edit Text/Bespoke/Seller Pages/Order Details/input_DELIVERY_buyer-info-txt'

2020-03-20 14:54:09 - [TEST_STEP][PASSED] - sendKeys(findTestObject("ADMIN/Edit Text/Bespoke/Seller Pages/Order Details/input_ORDER STATUS_order-status-txt"), "*"): Keys '*' sent to object: 'Object Repository/ADMIN/Edit Text/Bespoke/Seller Pages/Order Details/input_ORDER STATUS_order-status-txt'

2020-03-20 14:54:09 - [MESSAGE][PASSED] - Keys '*' sent to object: 'Object Repository/ADMIN/Edit Text/Bespoke/Seller Pages/Order Details/input_ORDER STATUS_order-status-txt'

2020-03-20 14:54:09 - [TEST_STEP][PASSED] - sendKeys(findTestObject("ADMIN/Edit Text/Bespoke/Seller Pages/Order Details/input_Payment Status_pay-txt"), "*"): Keys '*' sent to object: 'Object Repository/ADMIN/Edit Text/Bespoke/Seller Pages/Order Details/input_Payment Status_pay-txt'

2020-03-20 14:54:09 - [MESSAGE][PASSED] - Keys '*' sent to object: 'Object Repository/ADMIN/Edit Text/Bespoke/Seller Pages/Order Details/input_Payment Status_pay-txt'

2020-03-20 14:54:09 - [TEST_STEP][PASSED] - sendKeys(findTestObject("ADMIN/Edit Text/Bespoke/Seller Pages/Order Details/input_Payment Method_pay-info-txt"), "*"): Keys '*' sent to object: 'Object Repository/ADMIN/Edit Text/Bespoke/Seller Pages/Order Details/input_Payment Method_pay-info-txt'

2020-03-20 14:54:10 - [MESSAGE][PASSED] - Keys '*' sent to object: 'Object Repository/ADMIN/Edit Text/Bespoke/Seller Pages/Order Details/input_Payment Method_pay-info-txt'

2020-03-20 14:54:10 - [TEST_STEP][PASSED] - sendKeys(findTestObject("ADMIN/Edit Text/Bespoke/Seller Pages/Order Details/input_REVIEW_review-txt"), "*"): Keys '*' sent to object: 'Object Repository/ADMIN/Edit Text/Bespoke/Seller Pages/Order Details/input_REVIEW_review-txt'

2020-03-20 14:54:10 - [MESSAGE][PASSED] - Keys '*' sent to object: 'Object Repository/ADMIN/Edit Text/Bespoke/Seller Pages/Order Details/input_REVIEW_review-txt'

2020-03-20 14:54:10 - [TEST_STEP][PASSED] - sendKeys(findTestObject("ADMIN/Edit Text/Bespoke/Seller Pages/Order Details/input_New Review_review-txt"), "*"): Keys '*' sent to object: 'Object Repository/ADMIN/Edit Text/Bespoke/Seller Pages/Order Details/input_New Review_review-txt'

2020-03-20 14:54:10 - [MESSAGE][PASSED] - Keys '*' sent to object: 'Object Repository/ADMIN/Edit Text/Bespoke/Seller Pages/Order Details/input_New Review_review-txt'

2020-03-20 14:54:10 - [TEST_STEP][PASSED] - sendKeys(findTestObject("ADMIN/Edit Text/Bespoke/Seller Pages/Order Details/input_DeliveryPick-up_Delivery"), "*"): Keys '*' sent to object: 'Object Repository/ADMIN/Edit Text/Bespoke/Seller Pages/Order Details/input_DeliveryPick-up_Delivery'

2020-03-20 14:54:10 - [MESSAGE][PASSED] - Keys '*' sent to object: 'Object Repository/ADMIN/Edit Text/Bespoke/Seller Pages/Order Details/input_DeliveryPick-up_Delivery'

2020-03-20 14:54:10 - [TEST_STEP][PASSED] - sendKeys(findTestObject("ADMIN/Edit Text/Bespoke/Seller Pages/Order Details/input_Pick-up_Pick-up"), "*"): Keys '*' sent to object: 'Object Repository/ADMIN/Edit Text/Bespoke/Seller Pages/Order Details/input_Pick-up_Pick-up'

2020-03-20 14:54:11 - [MESSAGE][PASSED] - Keys '*' sent to object: 'Object Repository/ADMIN/Edit Text/Bespoke/Seller Pages/Order Details/input_Pick-up_Pick-up'

2020-03-20 14:54:11 - [TEST_STEP][PASSED] - sendKeys(findTestObject("ADMIN/Edit Text/Bespoke/Seller Pages/Order Details/input_Delivery From_bulk-delivery-discount"), "*"): Keys '*' sent to object: 'Object Repository/ADMIN/Edit Text/Bespoke/Seller Pages/Order Details/input_Delivery From_bulk-delivery-discount'

2020-03-20 14:54:11 - [MESSAGE][PASSED] - Keys '*' sent to object: 'Object Repository/ADMIN/Edit Text/Bespoke/Seller Pages/Order Details/input_Delivery From_bulk-delivery-discount'

2020-03-20 14:54:11 - [TEST_STEP][PASSED] - sendKeys(findTestObject("ADMIN/Edit Text/Bespoke/Seller Pages/Order Details/input_Minimum lead time_bulk-delivery-discount"), "*"): Keys '*' sent to object: 'Object Repository/ADMIN/Edit Text/Bespoke/Seller Pages/Order Details/input_Minimum lead time_bulk-delivery-discount'

2020-03-20 14:54:11 - [MESSAGE][PASSED] - Keys '*' sent to object: 'Object Repository/ADMIN/Edit Text/Bespoke/Seller Pages/Order Details/input_Minimum lead time_bulk-delivery-discount'

2020-03-20 14:54:11 - [TEST_STEP][PASSED] - sendKeys(findTestObject("ADMIN/Edit Text/Bespoke/Seller Pages/Order Details/input_BACK TO LIST_btn_back"), "*"): Keys '*' sent to object: 'Object Repository/ADMIN/Edit Text/Bespoke/Seller Pages/Order Details/input_BACK TO LIST_btn_back'

2020-03-20 14:54:11 - [MESSAGE][PASSED] - Keys '*' sent to object: 'Object Repository/ADMIN/Edit Text/Bespoke/Seller Pages/Order Details/input_BACK TO LIST_btn_back'

2020-03-20 14:54:11 - [TEST_STEP][PASSED] - sendKeys(findTestObject("ADMIN/Edit Text/Bespoke/Seller Pages/Order Details/input_STATUS CHANGED_popup-title"), "*"): Keys '*' sent to object: 'Object Repository/ADMIN/Edit Text/Bespoke/Seller Pages/Order Details/input_STATUS CHANGED_popup-title'

2020-03-20 14:54:11 - [MESSAGE][PASSED] - Keys '*' sent to object: 'Object Repository/ADMIN/Edit Text/Bespoke/Seller Pages/Order Details/input_STATUS CHANGED_popup-title'

2020-03-20 14:54:11 - [TEST_STEP][PASSED] - sendKeys(findTestObject("ADMIN/Edit Text/Bespoke/Seller Pages/Order Details/textarea_The order status for this item has been updated"), "*"): Keys '*' sent to object: 'Object Repository/ADMIN/Edit Text/Bespoke/Seller Pages/Order Details/textarea_The order status for this item has been updated'

2020-03-20 14:54:12 - [MESSAGE][PASSED] - Keys '*' sent to object: 'Object Repository/ADMIN/Edit Text/Bespoke/Seller Pages/Order Details/textarea_The order status for this item has been updated'

2020-03-20 14:54:12 - [TEST_STEP][PASSED] - sendKeys(findTestObject("ADMIN/Edit Text/Bespoke/Seller Pages/Order Details/input_Okay_btn_okay"), "*"): Keys '*' sent to object: 'Object Repository/ADMIN/Edit Text/Bespoke/Seller Pages/Order Details/input_Okay_btn_okay'

2020-03-20 14:54:12 - [MESSAGE][PASSED] - Keys '*' sent to object: 'Object Repository/ADMIN/Edit Text/Bespoke/Seller Pages/Order Details/input_Okay_btn_okay'

2020-03-20 14:54:12 - [TEST_STEP][PASSED] - click(findTestObject("ADMIN/Edit Text/Bespoke/Buyer Pages/Homepage/button_save"), CONTINUE_ON_FAILURE): Object: 'Object Repository/ADMIN/Edit Text/Bespoke/Buyer Pages/Homepage/button_save' is clicked on

2020-03-20 14:54:12 - [MESSAGE][PASSED] - Object: 'Object Repository/ADMIN/Edit Text/Bespoke/Buyer Pages/Homepage/button_save' is clicked on

2020-03-20 14:54:12 - [TEST_STEP][PASSED] - waitForElementVisible(findTestObject("ADMIN/Edit Text/Bespoke/Buyer Pages/Homepage/toaster_success"), 0): Object 'Object Repository/ADMIN/Edit Text/Bespoke/Buyer Pages/Homepage/toaster_success' is visible

2020-03-20 14:54:12 - [MESSAGE][WARNING] - Timeout '0' is invalid. Using default page load timeout: '30'

2020-03-20 14:54:13 - [MESSAGE][PASSED] - Object 'Object Repository/ADMIN/Edit Text/Bespoke/Buyer Pages/Homepage/toaster_success' is visible]]></system-out>
         <system-err><![CDATA[]]></system-err>
      </testcase>
      <testcase name="Test Cases/ADMIN/Language/Edit Text/Bespoke/Seller/Order Details" time="8.281" classname="Test Cases/ADMIN/Language/Edit Text/Bespoke/Seller/Order Details" status="PASSED">
         <system-out><![CDATA[2020-03-20 14:54:13 - [TEST_CASE][PASSED] - Test Cases/ADMIN/Language/Edit Text/Bespoke/Seller/Order Details: Test Cases/ADMIN/Language/Edit Text/Bespoke/Seller/Order Details

2020-03-20 14:54:13 - [TEST_STEP][PASSED] - waitForElementVisible(findTestObject("ADMIN/Edit Text/Bespoke/Buyer Navigation/dd_language"), 0): Object 'Object Repository/ADMIN/Edit Text/Bespoke/Buyer Navigation/dd_language' is visible

2020-03-20 14:54:13 - [MESSAGE][WARNING] - Timeout '0' is invalid. Using default page load timeout: '30'

2020-03-20 14:54:13 - [MESSAGE][PASSED] - Object 'Object Repository/ADMIN/Edit Text/Bespoke/Buyer Navigation/dd_language' is visible

2020-03-20 14:54:13 - [TEST_STEP][PASSED] - selectOptionByLabel(findTestObject("ADMIN/Edit Text/Bespoke/Buyer Navigation/dd_language"), varLanguage, false): All options with label 'Japanese' are selected in object 'Object Repository/ADMIN/Edit Text/Bespoke/Buyer Navigation/dd_language' 

2020-03-20 14:54:14 - [MESSAGE][PASSED] - All options with label 'Japanese' are selected in object 'Object Repository/ADMIN/Edit Text/Bespoke/Buyer Navigation/dd_language' 

2020-03-20 14:54:14 - [TEST_STEP][PASSED] - sendKeys(findTestObject("ADMIN/Edit Text/Bespoke/Seller Pages/Order Details/input_ORDER ID_order-id-txt"), "*"): Keys '*' sent to object: 'Object Repository/ADMIN/Edit Text/Bespoke/Seller Pages/Order Details/input_ORDER ID_order-id-txt'

2020-03-20 14:54:15 - [MESSAGE][PASSED] - Keys '*' sent to object: 'Object Repository/ADMIN/Edit Text/Bespoke/Seller Pages/Order Details/input_ORDER ID_order-id-txt'

2020-03-20 14:54:15 - [TEST_STEP][PASSED] - sendKeys(findTestObject("ADMIN/Edit Text/Bespoke/Seller Pages/Order Details/input_INVOICE ID_invoice-id-txt"), "*"): Keys '*' sent to object: 'Object Repository/ADMIN/Edit Text/Bespoke/Seller Pages/Order Details/input_INVOICE ID_invoice-id-txt'

2020-03-20 14:54:15 - [MESSAGE][PASSED] - Keys '*' sent to object: 'Object Repository/ADMIN/Edit Text/Bespoke/Seller Pages/Order Details/input_INVOICE ID_invoice-id-txt'

2020-03-20 14:54:15 - [TEST_STEP][PASSED] - sendKeys(findTestObject("ADMIN/Edit Text/Bespoke/Seller Pages/Order Details/input_TIMESTAMP_timestamp-txt"), "*"): Keys '*' sent to object: 'Object Repository/ADMIN/Edit Text/Bespoke/Seller Pages/Order Details/input_TIMESTAMP_timestamp-txt'

2020-03-20 14:54:15 - [MESSAGE][PASSED] - Keys '*' sent to object: 'Object Repository/ADMIN/Edit Text/Bespoke/Seller Pages/Order Details/input_TIMESTAMP_timestamp-txt'

2020-03-20 14:54:15 - [TEST_STEP][PASSED] - sendKeys(findTestObject("ADMIN/Edit Text/Bespoke/Seller Pages/Order Details/input_TRANSACTION ID_transaction-id"), "*"): Keys '*' sent to object: 'Object Repository/ADMIN/Edit Text/Bespoke/Seller Pages/Order Details/input_TRANSACTION ID_transaction-id'

2020-03-20 14:54:15 - [MESSAGE][PASSED] - Keys '*' sent to object: 'Object Repository/ADMIN/Edit Text/Bespoke/Seller Pages/Order Details/input_TRANSACTION ID_transaction-id'

2020-03-20 14:54:15 - [TEST_STEP][PASSED] - sendKeys(findTestObject("ADMIN/Edit Text/Bespoke/Seller Pages/Order Details/input_BUYER INFO_buyer-info-txt"), "*"): Keys '*' sent to object: 'Object Repository/ADMIN/Edit Text/Bespoke/Seller Pages/Order Details/input_BUYER INFO_buyer-info-txt'

2020-03-20 14:54:16 - [MESSAGE][PASSED] - Keys '*' sent to object: 'Object Repository/ADMIN/Edit Text/Bespoke/Seller Pages/Order Details/input_BUYER INFO_buyer-info-txt'

2020-03-20 14:54:16 - [TEST_STEP][PASSED] - sendKeys(findTestObject("ADMIN/Edit Text/Bespoke/Seller Pages/Order Details/input_DELIVERY ADDRESS_delivery-address-txt"), "*"): Keys '*' sent to object: 'Object Repository/ADMIN/Edit Text/Bespoke/Seller Pages/Order Details/input_DELIVERY ADDRESS_delivery-address-txt'

2020-03-20 14:54:16 - [MESSAGE][PASSED] - Keys '*' sent to object: 'Object Repository/ADMIN/Edit Text/Bespoke/Seller Pages/Order Details/input_DELIVERY ADDRESS_delivery-address-txt'

2020-03-20 14:54:16 - [TEST_STEP][PASSED] - sendKeys(findTestObject("ADMIN/Edit Text/Bespoke/Seller Pages/Order Details/input_EMAIL_email-txt"), "*"): Keys '*' sent to object: 'Object Repository/ADMIN/Edit Text/Bespoke/Seller Pages/Order Details/input_EMAIL_email-txt'

2020-03-20 14:54:16 - [MESSAGE][PASSED] - Keys '*' sent to object: 'Object Repository/ADMIN/Edit Text/Bespoke/Seller Pages/Order Details/input_EMAIL_email-txt'

2020-03-20 14:54:16 - [TEST_STEP][PASSED] - sendKeys(findTestObject("ADMIN/Edit Text/Bespoke/Seller Pages/Order Details/input_CONTACT_contact-txt"), "*"): Keys '*' sent to object: 'Object Repository/ADMIN/Edit Text/Bespoke/Seller Pages/Order Details/input_CONTACT_contact-txt'

2020-03-20 14:54:16 - [MESSAGE][PASSED] - Keys '*' sent to object: 'Object Repository/ADMIN/Edit Text/Bespoke/Seller Pages/Order Details/input_CONTACT_contact-txt'

2020-03-20 14:54:16 - [TEST_STEP][PASSED] - sendKeys(findTestObject("ADMIN/Edit Text/Bespoke/Seller Pages/Order Details/input_TRANSACTION TOTAL_transaction-total"), "*"): Keys '*' sent to object: 'Object Repository/ADMIN/Edit Text/Bespoke/Seller Pages/Order Details/input_TRANSACTION TOTAL_transaction-total'

2020-03-20 14:54:17 - [MESSAGE][PASSED] - Keys '*' sent to object: 'Object Repository/ADMIN/Edit Text/Bespoke/Seller Pages/Order Details/input_TRANSACTION TOTAL_transaction-total'

2020-03-20 14:54:17 - [TEST_STEP][PASSED] - sendKeys(findTestObject("ADMIN/Edit Text/Bespoke/Seller Pages/Order Details/input_Subtotal_subtotal-txt"), "*"): Keys '*' sent to object: 'Object Repository/ADMIN/Edit Text/Bespoke/Seller Pages/Order Details/input_Subtotal_subtotal-txt'

2020-03-20 14:54:17 - [MESSAGE][PASSED] - Keys '*' sent to object: 'Object Repository/ADMIN/Edit Text/Bespoke/Seller Pages/Order Details/input_Subtotal_subtotal-txt'

2020-03-20 14:54:17 - [TEST_STEP][PASSED] - sendKeys(findTestObject("ADMIN/Edit Text/Bespoke/Seller Pages/Order Details/input_Delivery_delivery-txt"), "*"): Keys '*' sent to object: 'Object Repository/ADMIN/Edit Text/Bespoke/Seller Pages/Order Details/input_Delivery_delivery-txt'

2020-03-20 14:54:17 - [MESSAGE][PASSED] - Keys '*' sent to object: 'Object Repository/ADMIN/Edit Text/Bespoke/Seller Pages/Order Details/input_Delivery_delivery-txt'

2020-03-20 14:54:17 - [TEST_STEP][PASSED] - sendKeys(findTestObject("ADMIN/Edit Text/Bespoke/Seller Pages/Order Details/input_Admin fee_admin-fee"), "*"): Keys '*' sent to object: 'Object Repository/ADMIN/Edit Text/Bespoke/Seller Pages/Order Details/input_Admin fee_admin-fee'

2020-03-20 14:54:17 - [MESSAGE][PASSED] - Keys '*' sent to object: 'Object Repository/ADMIN/Edit Text/Bespoke/Seller Pages/Order Details/input_Admin fee_admin-fee'

2020-03-20 14:54:17 - [TEST_STEP][PASSED] - sendKeys(findTestObject("ADMIN/Edit Text/Bespoke/Seller Pages/Order Details/input_ITEM_item-txt"), "*"): Keys '*' sent to object: 'Object Repository/ADMIN/Edit Text/Bespoke/Seller Pages/Order Details/input_ITEM_item-txt'

2020-03-20 14:54:17 - [MESSAGE][PASSED] - Keys '*' sent to object: 'Object Repository/ADMIN/Edit Text/Bespoke/Seller Pages/Order Details/input_ITEM_item-txt'

2020-03-20 14:54:17 - [TEST_STEP][PASSED] - sendKeys(findTestObject("ADMIN/Edit Text/Bespoke/Seller Pages/Order Details/input_PRICE_price-txt"), "*"): Keys '*' sent to object: 'Object Repository/ADMIN/Edit Text/Bespoke/Seller Pages/Order Details/input_PRICE_price-txt'

2020-03-20 14:54:18 - [MESSAGE][PASSED] - Keys '*' sent to object: 'Object Repository/ADMIN/Edit Text/Bespoke/Seller Pages/Order Details/input_PRICE_price-txt'

2020-03-20 14:54:18 - [TEST_STEP][PASSED] - sendKeys(findTestObject("ADMIN/Edit Text/Bespoke/Seller Pages/Order Details/input_QTY_qty-txt"), "*"): Keys '*' sent to object: 'Object Repository/ADMIN/Edit Text/Bespoke/Seller Pages/Order Details/input_QTY_qty-txt'

2020-03-20 14:54:18 - [MESSAGE][PASSED] - Keys '*' sent to object: 'Object Repository/ADMIN/Edit Text/Bespoke/Seller Pages/Order Details/input_QTY_qty-txt'

2020-03-20 14:54:18 - [TEST_STEP][PASSED] - sendKeys(findTestObject("ADMIN/Edit Text/Bespoke/Seller Pages/Order Details/input_DELIVERY_buyer-info-txt"), "*"): Keys '*' sent to object: 'Object Repository/ADMIN/Edit Text/Bespoke/Seller Pages/Order Details/input_DELIVERY_buyer-info-txt'

2020-03-20 14:54:18 - [MESSAGE][PASSED] - Keys '*' sent to object: 'Object Repository/ADMIN/Edit Text/Bespoke/Seller Pages/Order Details/input_DELIVERY_buyer-info-txt'

2020-03-20 14:54:18 - [TEST_STEP][PASSED] - sendKeys(findTestObject("ADMIN/Edit Text/Bespoke/Seller Pages/Order Details/input_ORDER STATUS_order-status-txt"), "*"): Keys '*' sent to object: 'Object Repository/ADMIN/Edit Text/Bespoke/Seller Pages/Order Details/input_ORDER STATUS_order-status-txt'

2020-03-20 14:54:18 - [MESSAGE][PASSED] - Keys '*' sent to object: 'Object Repository/ADMIN/Edit Text/Bespoke/Seller Pages/Order Details/input_ORDER STATUS_order-status-txt'

2020-03-20 14:54:18 - [TEST_STEP][PASSED] - sendKeys(findTestObject("ADMIN/Edit Text/Bespoke/Seller Pages/Order Details/input_Payment Status_pay-txt"), "*"): Keys '*' sent to object: 'Object Repository/ADMIN/Edit Text/Bespoke/Seller Pages/Order Details/input_Payment Status_pay-txt'

2020-03-20 14:54:19 - [MESSAGE][PASSED] - Keys '*' sent to object: 'Object Repository/ADMIN/Edit Text/Bespoke/Seller Pages/Order Details/input_Payment Status_pay-txt'

2020-03-20 14:54:19 - [TEST_STEP][PASSED] - sendKeys(findTestObject("ADMIN/Edit Text/Bespoke/Seller Pages/Order Details/input_Payment Method_pay-info-txt"), "*"): Keys '*' sent to object: 'Object Repository/ADMIN/Edit Text/Bespoke/Seller Pages/Order Details/input_Payment Method_pay-info-txt'

2020-03-20 14:54:19 - [MESSAGE][PASSED] - Keys '*' sent to object: 'Object Repository/ADMIN/Edit Text/Bespoke/Seller Pages/Order Details/input_Payment Method_pay-info-txt'

2020-03-20 14:54:19 - [TEST_STEP][PASSED] - sendKeys(findTestObject("ADMIN/Edit Text/Bespoke/Seller Pages/Order Details/input_REVIEW_review-txt"), "*"): Keys '*' sent to object: 'Object Repository/ADMIN/Edit Text/Bespoke/Seller Pages/Order Details/input_REVIEW_review-txt'

2020-03-20 14:54:19 - [MESSAGE][PASSED] - Keys '*' sent to object: 'Object Repository/ADMIN/Edit Text/Bespoke/Seller Pages/Order Details/input_REVIEW_review-txt'

2020-03-20 14:54:19 - [TEST_STEP][PASSED] - sendKeys(findTestObject("ADMIN/Edit Text/Bespoke/Seller Pages/Order Details/input_New Review_review-txt"), "*"): Keys '*' sent to object: 'Object Repository/ADMIN/Edit Text/Bespoke/Seller Pages/Order Details/input_New Review_review-txt'

2020-03-20 14:54:19 - [MESSAGE][PASSED] - Keys '*' sent to object: 'Object Repository/ADMIN/Edit Text/Bespoke/Seller Pages/Order Details/input_New Review_review-txt'

2020-03-20 14:54:19 - [TEST_STEP][PASSED] - sendKeys(findTestObject("ADMIN/Edit Text/Bespoke/Seller Pages/Order Details/input_DeliveryPick-up_Delivery"), "*"): Keys '*' sent to object: 'Object Repository/ADMIN/Edit Text/Bespoke/Seller Pages/Order Details/input_DeliveryPick-up_Delivery'

2020-03-20 14:54:19 - [MESSAGE][PASSED] - Keys '*' sent to object: 'Object Repository/ADMIN/Edit Text/Bespoke/Seller Pages/Order Details/input_DeliveryPick-up_Delivery'

2020-03-20 14:54:19 - [TEST_STEP][PASSED] - sendKeys(findTestObject("ADMIN/Edit Text/Bespoke/Seller Pages/Order Details/input_Pick-up_Pick-up"), "*"): Keys '*' sent to object: 'Object Repository/ADMIN/Edit Text/Bespoke/Seller Pages/Order Details/input_Pick-up_Pick-up'

2020-03-20 14:54:20 - [MESSAGE][PASSED] - Keys '*' sent to object: 'Object Repository/ADMIN/Edit Text/Bespoke/Seller Pages/Order Details/input_Pick-up_Pick-up'

2020-03-20 14:54:20 - [TEST_STEP][PASSED] - sendKeys(findTestObject("ADMIN/Edit Text/Bespoke/Seller Pages/Order Details/input_Delivery From_bulk-delivery-discount"), "*"): Keys '*' sent to object: 'Object Repository/ADMIN/Edit Text/Bespoke/Seller Pages/Order Details/input_Delivery From_bulk-delivery-discount'

2020-03-20 14:54:20 - [MESSAGE][PASSED] - Keys '*' sent to object: 'Object Repository/ADMIN/Edit Text/Bespoke/Seller Pages/Order Details/input_Delivery From_bulk-delivery-discount'

2020-03-20 14:54:20 - [TEST_STEP][PASSED] - sendKeys(findTestObject("ADMIN/Edit Text/Bespoke/Seller Pages/Order Details/input_Minimum lead time_bulk-delivery-discount"), "*"): Keys '*' sent to object: 'Object Repository/ADMIN/Edit Text/Bespoke/Seller Pages/Order Details/input_Minimum lead time_bulk-delivery-discount'

2020-03-20 14:54:20 - [MESSAGE][PASSED] - Keys '*' sent to object: 'Object Repository/ADMIN/Edit Text/Bespoke/Seller Pages/Order Details/input_Minimum lead time_bulk-delivery-discount'

2020-03-20 14:54:20 - [TEST_STEP][PASSED] - sendKeys(findTestObject("ADMIN/Edit Text/Bespoke/Seller Pages/Order Details/input_BACK TO LIST_btn_back"), "*"): Keys '*' sent to object: 'Object Repository/ADMIN/Edit Text/Bespoke/Seller Pages/Order Details/input_BACK TO LIST_btn_back'

2020-03-20 14:54:20 - [MESSAGE][PASSED] - Keys '*' sent to object: 'Object Repository/ADMIN/Edit Text/Bespoke/Seller Pages/Order Details/input_BACK TO LIST_btn_back'

2020-03-20 14:54:20 - [TEST_STEP][PASSED] - sendKeys(findTestObject("ADMIN/Edit Text/Bespoke/Seller Pages/Order Details/input_STATUS CHANGED_popup-title"), "*"): Keys '*' sent to object: 'Object Repository/ADMIN/Edit Text/Bespoke/Seller Pages/Order Details/input_STATUS CHANGED_popup-title'

2020-03-20 14:54:20 - [MESSAGE][PASSED] - Keys '*' sent to object: 'Object Repository/ADMIN/Edit Text/Bespoke/Seller Pages/Order Details/input_STATUS CHANGED_popup-title'

2020-03-20 14:54:20 - [TEST_STEP][PASSED] - sendKeys(findTestObject("ADMIN/Edit Text/Bespoke/Seller Pages/Order Details/textarea_The order status for this item has been updated"), "*"): Keys '*' sent to object: 'Object Repository/ADMIN/Edit Text/Bespoke/Seller Pages/Order Details/textarea_The order status for this item has been updated'

2020-03-20 14:54:20 - [MESSAGE][PASSED] - Keys '*' sent to object: 'Object Repository/ADMIN/Edit Text/Bespoke/Seller Pages/Order Details/textarea_The order status for this item has been updated'

2020-03-20 14:54:20 - [TEST_STEP][PASSED] - sendKeys(findTestObject("ADMIN/Edit Text/Bespoke/Seller Pages/Order Details/input_Okay_btn_okay"), "*"): Keys '*' sent to object: 'Object Repository/ADMIN/Edit Text/Bespoke/Seller Pages/Order Details/input_Okay_btn_okay'

2020-03-20 14:54:21 - [MESSAGE][PASSED] - Keys '*' sent to object: 'Object Repository/ADMIN/Edit Text/Bespoke/Seller Pages/Order Details/input_Okay_btn_okay'

2020-03-20 14:54:21 - [TEST_STEP][PASSED] - click(findTestObject("ADMIN/Edit Text/Bespoke/Buyer Pages/Homepage/button_save"), CONTINUE_ON_FAILURE): Object: 'Object Repository/ADMIN/Edit Text/Bespoke/Buyer Pages/Homepage/button_save' is clicked on

2020-03-20 14:54:21 - [MESSAGE][PASSED] - Object: 'Object Repository/ADMIN/Edit Text/Bespoke/Buyer Pages/Homepage/button_save' is clicked on

2020-03-20 14:54:21 - [TEST_STEP][PASSED] - waitForElementVisible(findTestObject("ADMIN/Edit Text/Bespoke/Buyer Pages/Homepage/toaster_success"), 0): Object 'Object Repository/ADMIN/Edit Text/Bespoke/Buyer Pages/Homepage/toaster_success' is visible

2020-03-20 14:54:21 - [MESSAGE][WARNING] - Timeout '0' is invalid. Using default page load timeout: '30'

2020-03-20 14:54:21 - [MESSAGE][PASSED] - Object 'Object Repository/ADMIN/Edit Text/Bespoke/Buyer Pages/Homepage/toaster_success' is visible]]></system-out>
         <system-err><![CDATA[]]></system-err>
      </testcase>
      <testcase name="Test Cases/ADMIN/Language/Edit Text/Bespoke/Seller/Order Details" time="8.228" classname="Test Cases/ADMIN/Language/Edit Text/Bespoke/Seller/Order Details" status="PASSED">
         <system-out><![CDATA[2020-03-20 14:54:21 - [TEST_CASE][PASSED] - Test Cases/ADMIN/Language/Edit Text/Bespoke/Seller/Order Details: Test Cases/ADMIN/Language/Edit Text/Bespoke/Seller/Order Details

2020-03-20 14:54:21 - [TEST_STEP][PASSED] - waitForElementVisible(findTestObject("ADMIN/Edit Text/Bespoke/Buyer Navigation/dd_language"), 0): Object 'Object Repository/ADMIN/Edit Text/Bespoke/Buyer Navigation/dd_language' is visible

2020-03-20 14:54:21 - [MESSAGE][WARNING] - Timeout '0' is invalid. Using default page load timeout: '30'

2020-03-20 14:54:21 - [MESSAGE][PASSED] - Object 'Object Repository/ADMIN/Edit Text/Bespoke/Buyer Navigation/dd_language' is visible

2020-03-20 14:54:21 - [TEST_STEP][PASSED] - selectOptionByLabel(findTestObject("ADMIN/Edit Text/Bespoke/Buyer Navigation/dd_language"), varLanguage, false): All options with label 'Chinese (Traditional)' are selected in object 'Object Repository/ADMIN/Edit Text/Bespoke/Buyer Navigation/dd_language' 

2020-03-20 14:54:22 - [MESSAGE][PASSED] - All options with label 'Chinese (Traditional)' are selected in object 'Object Repository/ADMIN/Edit Text/Bespoke/Buyer Navigation/dd_language' 

2020-03-20 14:54:22 - [TEST_STEP][PASSED] - sendKeys(findTestObject("ADMIN/Edit Text/Bespoke/Seller Pages/Order Details/input_ORDER ID_order-id-txt"), "*"): Keys '*' sent to object: 'Object Repository/ADMIN/Edit Text/Bespoke/Seller Pages/Order Details/input_ORDER ID_order-id-txt'

2020-03-20 14:54:23 - [MESSAGE][PASSED] - Keys '*' sent to object: 'Object Repository/ADMIN/Edit Text/Bespoke/Seller Pages/Order Details/input_ORDER ID_order-id-txt'

2020-03-20 14:54:23 - [TEST_STEP][PASSED] - sendKeys(findTestObject("ADMIN/Edit Text/Bespoke/Seller Pages/Order Details/input_INVOICE ID_invoice-id-txt"), "*"): Keys '*' sent to object: 'Object Repository/ADMIN/Edit Text/Bespoke/Seller Pages/Order Details/input_INVOICE ID_invoice-id-txt'

2020-03-20 14:54:23 - [MESSAGE][PASSED] - Keys '*' sent to object: 'Object Repository/ADMIN/Edit Text/Bespoke/Seller Pages/Order Details/input_INVOICE ID_invoice-id-txt'

2020-03-20 14:54:23 - [TEST_STEP][PASSED] - sendKeys(findTestObject("ADMIN/Edit Text/Bespoke/Seller Pages/Order Details/input_TIMESTAMP_timestamp-txt"), "*"): Keys '*' sent to object: 'Object Repository/ADMIN/Edit Text/Bespoke/Seller Pages/Order Details/input_TIMESTAMP_timestamp-txt'

2020-03-20 14:54:23 - [MESSAGE][PASSED] - Keys '*' sent to object: 'Object Repository/ADMIN/Edit Text/Bespoke/Seller Pages/Order Details/input_TIMESTAMP_timestamp-txt'

2020-03-20 14:54:23 - [TEST_STEP][PASSED] - sendKeys(findTestObject("ADMIN/Edit Text/Bespoke/Seller Pages/Order Details/input_TRANSACTION ID_transaction-id"), "*"): Keys '*' sent to object: 'Object Repository/ADMIN/Edit Text/Bespoke/Seller Pages/Order Details/input_TRANSACTION ID_transaction-id'

2020-03-20 14:54:23 - [MESSAGE][PASSED] - Keys '*' sent to object: 'Object Repository/ADMIN/Edit Text/Bespoke/Seller Pages/Order Details/input_TRANSACTION ID_transaction-id'

2020-03-20 14:54:23 - [TEST_STEP][PASSED] - sendKeys(findTestObject("ADMIN/Edit Text/Bespoke/Seller Pages/Order Details/input_BUYER INFO_buyer-info-txt"), "*"): Keys '*' sent to object: 'Object Repository/ADMIN/Edit Text/Bespoke/Seller Pages/Order Details/input_BUYER INFO_buyer-info-txt'

2020-03-20 14:54:24 - [MESSAGE][PASSED] - Keys '*' sent to object: 'Object Repository/ADMIN/Edit Text/Bespoke/Seller Pages/Order Details/input_BUYER INFO_buyer-info-txt'

2020-03-20 14:54:24 - [TEST_STEP][PASSED] - sendKeys(findTestObject("ADMIN/Edit Text/Bespoke/Seller Pages/Order Details/input_DELIVERY ADDRESS_delivery-address-txt"), "*"): Keys '*' sent to object: 'Object Repository/ADMIN/Edit Text/Bespoke/Seller Pages/Order Details/input_DELIVERY ADDRESS_delivery-address-txt'

2020-03-20 14:54:24 - [MESSAGE][PASSED] - Keys '*' sent to object: 'Object Repository/ADMIN/Edit Text/Bespoke/Seller Pages/Order Details/input_DELIVERY ADDRESS_delivery-address-txt'

2020-03-20 14:54:24 - [TEST_STEP][PASSED] - sendKeys(findTestObject("ADMIN/Edit Text/Bespoke/Seller Pages/Order Details/input_EMAIL_email-txt"), "*"): Keys '*' sent to object: 'Object Repository/ADMIN/Edit Text/Bespoke/Seller Pages/Order Details/input_EMAIL_email-txt'

2020-03-20 14:54:24 - [MESSAGE][PASSED] - Keys '*' sent to object: 'Object Repository/ADMIN/Edit Text/Bespoke/Seller Pages/Order Details/input_EMAIL_email-txt'

2020-03-20 14:54:24 - [TEST_STEP][PASSED] - sendKeys(findTestObject("ADMIN/Edit Text/Bespoke/Seller Pages/Order Details/input_CONTACT_contact-txt"), "*"): Keys '*' sent to object: 'Object Repository/ADMIN/Edit Text/Bespoke/Seller Pages/Order Details/input_CONTACT_contact-txt'

2020-03-20 14:54:24 - [MESSAGE][PASSED] - Keys '*' sent to object: 'Object Repository/ADMIN/Edit Text/Bespoke/Seller Pages/Order Details/input_CONTACT_contact-txt'

2020-03-20 14:54:24 - [TEST_STEP][PASSED] - sendKeys(findTestObject("ADMIN/Edit Text/Bespoke/Seller Pages/Order Details/input_TRANSACTION TOTAL_transaction-total"), "*"): Keys '*' sent to object: 'Object Repository/ADMIN/Edit Text/Bespoke/Seller Pages/Order Details/input_TRANSACTION TOTAL_transaction-total'

2020-03-20 14:54:24 - [MESSAGE][PASSED] - Keys '*' sent to object: 'Object Repository/ADMIN/Edit Text/Bespoke/Seller Pages/Order Details/input_TRANSACTION TOTAL_transaction-total'

2020-03-20 14:54:24 - [TEST_STEP][PASSED] - sendKeys(findTestObject("ADMIN/Edit Text/Bespoke/Seller Pages/Order Details/input_Subtotal_subtotal-txt"), "*"): Keys '*' sent to object: 'Object Repository/ADMIN/Edit Text/Bespoke/Seller Pages/Order Details/input_Subtotal_subtotal-txt'

2020-03-20 14:54:25 - [MESSAGE][PASSED] - Keys '*' sent to object: 'Object Repository/ADMIN/Edit Text/Bespoke/Seller Pages/Order Details/input_Subtotal_subtotal-txt'

2020-03-20 14:54:25 - [TEST_STEP][PASSED] - sendKeys(findTestObject("ADMIN/Edit Text/Bespoke/Seller Pages/Order Details/input_Delivery_delivery-txt"), "*"): Keys '*' sent to object: 'Object Repository/ADMIN/Edit Text/Bespoke/Seller Pages/Order Details/input_Delivery_delivery-txt'

2020-03-20 14:54:25 - [MESSAGE][PASSED] - Keys '*' sent to object: 'Object Repository/ADMIN/Edit Text/Bespoke/Seller Pages/Order Details/input_Delivery_delivery-txt'

2020-03-20 14:54:25 - [TEST_STEP][PASSED] - sendKeys(findTestObject("ADMIN/Edit Text/Bespoke/Seller Pages/Order Details/input_Admin fee_admin-fee"), "*"): Keys '*' sent to object: 'Object Repository/ADMIN/Edit Text/Bespoke/Seller Pages/Order Details/input_Admin fee_admin-fee'

2020-03-20 14:54:25 - [MESSAGE][PASSED] - Keys '*' sent to object: 'Object Repository/ADMIN/Edit Text/Bespoke/Seller Pages/Order Details/input_Admin fee_admin-fee'

2020-03-20 14:54:25 - [TEST_STEP][PASSED] - sendKeys(findTestObject("ADMIN/Edit Text/Bespoke/Seller Pages/Order Details/input_ITEM_item-txt"), "*"): Keys '*' sent to object: 'Object Repository/ADMIN/Edit Text/Bespoke/Seller Pages/Order Details/input_ITEM_item-txt'

2020-03-20 14:54:25 - [MESSAGE][PASSED] - Keys '*' sent to object: 'Object Repository/ADMIN/Edit Text/Bespoke/Seller Pages/Order Details/input_ITEM_item-txt'

2020-03-20 14:54:25 - [TEST_STEP][PASSED] - sendKeys(findTestObject("ADMIN/Edit Text/Bespoke/Seller Pages/Order Details/input_PRICE_price-txt"), "*"): Keys '*' sent to object: 'Object Repository/ADMIN/Edit Text/Bespoke/Seller Pages/Order Details/input_PRICE_price-txt'

2020-03-20 14:54:25 - [MESSAGE][PASSED] - Keys '*' sent to object: 'Object Repository/ADMIN/Edit Text/Bespoke/Seller Pages/Order Details/input_PRICE_price-txt'

2020-03-20 14:54:25 - [TEST_STEP][PASSED] - sendKeys(findTestObject("ADMIN/Edit Text/Bespoke/Seller Pages/Order Details/input_QTY_qty-txt"), "*"): Keys '*' sent to object: 'Object Repository/ADMIN/Edit Text/Bespoke/Seller Pages/Order Details/input_QTY_qty-txt'

2020-03-20 14:54:25 - [MESSAGE][PASSED] - Keys '*' sent to object: 'Object Repository/ADMIN/Edit Text/Bespoke/Seller Pages/Order Details/input_QTY_qty-txt'

2020-03-20 14:54:25 - [TEST_STEP][PASSED] - sendKeys(findTestObject("ADMIN/Edit Text/Bespoke/Seller Pages/Order Details/input_DELIVERY_buyer-info-txt"), "*"): Keys '*' sent to object: 'Object Repository/ADMIN/Edit Text/Bespoke/Seller Pages/Order Details/input_DELIVERY_buyer-info-txt'

2020-03-20 14:54:25 - [MESSAGE][PASSED] - Keys '*' sent to object: 'Object Repository/ADMIN/Edit Text/Bespoke/Seller Pages/Order Details/input_DELIVERY_buyer-info-txt'

2020-03-20 14:54:25 - [TEST_STEP][PASSED] - sendKeys(findTestObject("ADMIN/Edit Text/Bespoke/Seller Pages/Order Details/input_ORDER STATUS_order-status-txt"), "*"): Keys '*' sent to object: 'Object Repository/ADMIN/Edit Text/Bespoke/Seller Pages/Order Details/input_ORDER STATUS_order-status-txt'

2020-03-20 14:54:26 - [MESSAGE][PASSED] - Keys '*' sent to object: 'Object Repository/ADMIN/Edit Text/Bespoke/Seller Pages/Order Details/input_ORDER STATUS_order-status-txt'

2020-03-20 14:54:26 - [TEST_STEP][PASSED] - sendKeys(findTestObject("ADMIN/Edit Text/Bespoke/Seller Pages/Order Details/input_Payment Status_pay-txt"), "*"): Keys '*' sent to object: 'Object Repository/ADMIN/Edit Text/Bespoke/Seller Pages/Order Details/input_Payment Status_pay-txt'

2020-03-20 14:54:26 - [MESSAGE][PASSED] - Keys '*' sent to object: 'Object Repository/ADMIN/Edit Text/Bespoke/Seller Pages/Order Details/input_Payment Status_pay-txt'

2020-03-20 14:54:26 - [TEST_STEP][PASSED] - sendKeys(findTestObject("ADMIN/Edit Text/Bespoke/Seller Pages/Order Details/input_Payment Method_pay-info-txt"), "*"): Keys '*' sent to object: 'Object Repository/ADMIN/Edit Text/Bespoke/Seller Pages/Order Details/input_Payment Method_pay-info-txt'

2020-03-20 14:54:26 - [MESSAGE][PASSED] - Keys '*' sent to object: 'Object Repository/ADMIN/Edit Text/Bespoke/Seller Pages/Order Details/input_Payment Method_pay-info-txt'

2020-03-20 14:54:26 - [TEST_STEP][PASSED] - sendKeys(findTestObject("ADMIN/Edit Text/Bespoke/Seller Pages/Order Details/input_REVIEW_review-txt"), "*"): Keys '*' sent to object: 'Object Repository/ADMIN/Edit Text/Bespoke/Seller Pages/Order Details/input_REVIEW_review-txt'

2020-03-20 14:54:26 - [MESSAGE][PASSED] - Keys '*' sent to object: 'Object Repository/ADMIN/Edit Text/Bespoke/Seller Pages/Order Details/input_REVIEW_review-txt'

2020-03-20 14:54:26 - [TEST_STEP][PASSED] - sendKeys(findTestObject("ADMIN/Edit Text/Bespoke/Seller Pages/Order Details/input_New Review_review-txt"), "*"): Keys '*' sent to object: 'Object Repository/ADMIN/Edit Text/Bespoke/Seller Pages/Order Details/input_New Review_review-txt'

2020-03-20 14:54:27 - [MESSAGE][PASSED] - Keys '*' sent to object: 'Object Repository/ADMIN/Edit Text/Bespoke/Seller Pages/Order Details/input_New Review_review-txt'

2020-03-20 14:54:27 - [TEST_STEP][PASSED] - sendKeys(findTestObject("ADMIN/Edit Text/Bespoke/Seller Pages/Order Details/input_DeliveryPick-up_Delivery"), "*"): Keys '*' sent to object: 'Object Repository/ADMIN/Edit Text/Bespoke/Seller Pages/Order Details/input_DeliveryPick-up_Delivery'

2020-03-20 14:54:27 - [MESSAGE][PASSED] - Keys '*' sent to object: 'Object Repository/ADMIN/Edit Text/Bespoke/Seller Pages/Order Details/input_DeliveryPick-up_Delivery'

2020-03-20 14:54:27 - [TEST_STEP][PASSED] - sendKeys(findTestObject("ADMIN/Edit Text/Bespoke/Seller Pages/Order Details/input_Pick-up_Pick-up"), "*"): Keys '*' sent to object: 'Object Repository/ADMIN/Edit Text/Bespoke/Seller Pages/Order Details/input_Pick-up_Pick-up'

2020-03-20 14:54:27 - [MESSAGE][PASSED] - Keys '*' sent to object: 'Object Repository/ADMIN/Edit Text/Bespoke/Seller Pages/Order Details/input_Pick-up_Pick-up'

2020-03-20 14:54:27 - [TEST_STEP][PASSED] - sendKeys(findTestObject("ADMIN/Edit Text/Bespoke/Seller Pages/Order Details/input_Delivery From_bulk-delivery-discount"), "*"): Keys '*' sent to object: 'Object Repository/ADMIN/Edit Text/Bespoke/Seller Pages/Order Details/input_Delivery From_bulk-delivery-discount'

2020-03-20 14:54:27 - [MESSAGE][PASSED] - Keys '*' sent to object: 'Object Repository/ADMIN/Edit Text/Bespoke/Seller Pages/Order Details/input_Delivery From_bulk-delivery-discount'

2020-03-20 14:54:27 - [TEST_STEP][PASSED] - sendKeys(findTestObject("ADMIN/Edit Text/Bespoke/Seller Pages/Order Details/input_Minimum lead time_bulk-delivery-discount"), "*"): Keys '*' sent to object: 'Object Repository/ADMIN/Edit Text/Bespoke/Seller Pages/Order Details/input_Minimum lead time_bulk-delivery-discount'

2020-03-20 14:54:27 - [MESSAGE][PASSED] - Keys '*' sent to object: 'Object Repository/ADMIN/Edit Text/Bespoke/Seller Pages/Order Details/input_Minimum lead time_bulk-delivery-discount'

2020-03-20 14:54:27 - [TEST_STEP][PASSED] - sendKeys(findTestObject("ADMIN/Edit Text/Bespoke/Seller Pages/Order Details/input_BACK TO LIST_btn_back"), "*"): Keys '*' sent to object: 'Object Repository/ADMIN/Edit Text/Bespoke/Seller Pages/Order Details/input_BACK TO LIST_btn_back'

2020-03-20 14:54:28 - [MESSAGE][PASSED] - Keys '*' sent to object: 'Object Repository/ADMIN/Edit Text/Bespoke/Seller Pages/Order Details/input_BACK TO LIST_btn_back'

2020-03-20 14:54:28 - [TEST_STEP][PASSED] - sendKeys(findTestObject("ADMIN/Edit Text/Bespoke/Seller Pages/Order Details/input_STATUS CHANGED_popup-title"), "*"): Keys '*' sent to object: 'Object Repository/ADMIN/Edit Text/Bespoke/Seller Pages/Order Details/input_STATUS CHANGED_popup-title'

2020-03-20 14:54:28 - [MESSAGE][PASSED] - Keys '*' sent to object: 'Object Repository/ADMIN/Edit Text/Bespoke/Seller Pages/Order Details/input_STATUS CHANGED_popup-title'

2020-03-20 14:54:28 - [TEST_STEP][PASSED] - sendKeys(findTestObject("ADMIN/Edit Text/Bespoke/Seller Pages/Order Details/textarea_The order status for this item has been updated"), "*"): Keys '*' sent to object: 'Object Repository/ADMIN/Edit Text/Bespoke/Seller Pages/Order Details/textarea_The order status for this item has been updated'

2020-03-20 14:54:28 - [MESSAGE][PASSED] - Keys '*' sent to object: 'Object Repository/ADMIN/Edit Text/Bespoke/Seller Pages/Order Details/textarea_The order status for this item has been updated'

2020-03-20 14:54:28 - [TEST_STEP][PASSED] - sendKeys(findTestObject("ADMIN/Edit Text/Bespoke/Seller Pages/Order Details/input_Okay_btn_okay"), "*"): Keys '*' sent to object: 'Object Repository/ADMIN/Edit Text/Bespoke/Seller Pages/Order Details/input_Okay_btn_okay'

2020-03-20 14:54:28 - [MESSAGE][PASSED] - Keys '*' sent to object: 'Object Repository/ADMIN/Edit Text/Bespoke/Seller Pages/Order Details/input_Okay_btn_okay'

2020-03-20 14:54:28 - [TEST_STEP][PASSED] - click(findTestObject("ADMIN/Edit Text/Bespoke/Buyer Pages/Homepage/button_save"), CONTINUE_ON_FAILURE): Object: 'Object Repository/ADMIN/Edit Text/Bespoke/Buyer Pages/Homepage/button_save' is clicked on

2020-03-20 14:54:29 - [MESSAGE][PASSED] - Object: 'Object Repository/ADMIN/Edit Text/Bespoke/Buyer Pages/Homepage/button_save' is clicked on

2020-03-20 14:54:29 - [TEST_STEP][PASSED] - waitForElementVisible(findTestObject("ADMIN/Edit Text/Bespoke/Buyer Pages/Homepage/toaster_success"), 0): Object 'Object Repository/ADMIN/Edit Text/Bespoke/Buyer Pages/Homepage/toaster_success' is visible

2020-03-20 14:54:29 - [MESSAGE][WARNING] - Timeout '0' is invalid. Using default page load timeout: '30'

2020-03-20 14:54:29 - [MESSAGE][PASSED] - Object 'Object Repository/ADMIN/Edit Text/Bespoke/Buyer Pages/Homepage/toaster_success' is visible]]></system-out>
         <system-err><![CDATA[]]></system-err>
      </testcase>
      <testcase name="Test Cases/ADMIN/Language/Edit Text/Bespoke/Seller/Order Details" time="7.93" classname="Test Cases/ADMIN/Language/Edit Text/Bespoke/Seller/Order Details" status="PASSED">
         <system-out><![CDATA[2020-03-20 14:54:29 - [TEST_CASE][PASSED] - Test Cases/ADMIN/Language/Edit Text/Bespoke/Seller/Order Details: Test Cases/ADMIN/Language/Edit Text/Bespoke/Seller/Order Details

2020-03-20 14:54:29 - [TEST_STEP][PASSED] - waitForElementVisible(findTestObject("ADMIN/Edit Text/Bespoke/Buyer Navigation/dd_language"), 0): Object 'Object Repository/ADMIN/Edit Text/Bespoke/Buyer Navigation/dd_language' is visible

2020-03-20 14:54:30 - [MESSAGE][WARNING] - Timeout '0' is invalid. Using default page load timeout: '30'

2020-03-20 14:54:30 - [MESSAGE][PASSED] - Object 'Object Repository/ADMIN/Edit Text/Bespoke/Buyer Navigation/dd_language' is visible

2020-03-20 14:54:30 - [TEST_STEP][PASSED] - selectOptionByLabel(findTestObject("ADMIN/Edit Text/Bespoke/Buyer Navigation/dd_language"), varLanguage, false): All options with label 'Portuguese' are selected in object 'Object Repository/ADMIN/Edit Text/Bespoke/Buyer Navigation/dd_language' 

2020-03-20 14:54:31 - [MESSAGE][PASSED] - All options with label 'Portuguese' are selected in object 'Object Repository/ADMIN/Edit Text/Bespoke/Buyer Navigation/dd_language' 

2020-03-20 14:54:31 - [TEST_STEP][PASSED] - sendKeys(findTestObject("ADMIN/Edit Text/Bespoke/Seller Pages/Order Details/input_ORDER ID_order-id-txt"), "*"): Keys '*' sent to object: 'Object Repository/ADMIN/Edit Text/Bespoke/Seller Pages/Order Details/input_ORDER ID_order-id-txt'

2020-03-20 14:54:31 - [MESSAGE][PASSED] - Keys '*' sent to object: 'Object Repository/ADMIN/Edit Text/Bespoke/Seller Pages/Order Details/input_ORDER ID_order-id-txt'

2020-03-20 14:54:31 - [TEST_STEP][PASSED] - sendKeys(findTestObject("ADMIN/Edit Text/Bespoke/Seller Pages/Order Details/input_INVOICE ID_invoice-id-txt"), "*"): Keys '*' sent to object: 'Object Repository/ADMIN/Edit Text/Bespoke/Seller Pages/Order Details/input_INVOICE ID_invoice-id-txt'

2020-03-20 14:54:31 - [MESSAGE][PASSED] - Keys '*' sent to object: 'Object Repository/ADMIN/Edit Text/Bespoke/Seller Pages/Order Details/input_INVOICE ID_invoice-id-txt'

2020-03-20 14:54:31 - [TEST_STEP][PASSED] - sendKeys(findTestObject("ADMIN/Edit Text/Bespoke/Seller Pages/Order Details/input_TIMESTAMP_timestamp-txt"), "*"): Keys '*' sent to object: 'Object Repository/ADMIN/Edit Text/Bespoke/Seller Pages/Order Details/input_TIMESTAMP_timestamp-txt'

2020-03-20 14:54:31 - [MESSAGE][PASSED] - Keys '*' sent to object: 'Object Repository/ADMIN/Edit Text/Bespoke/Seller Pages/Order Details/input_TIMESTAMP_timestamp-txt'

2020-03-20 14:54:31 - [TEST_STEP][PASSED] - sendKeys(findTestObject("ADMIN/Edit Text/Bespoke/Seller Pages/Order Details/input_TRANSACTION ID_transaction-id"), "*"): Keys '*' sent to object: 'Object Repository/ADMIN/Edit Text/Bespoke/Seller Pages/Order Details/input_TRANSACTION ID_transaction-id'

2020-03-20 14:54:32 - [MESSAGE][PASSED] - Keys '*' sent to object: 'Object Repository/ADMIN/Edit Text/Bespoke/Seller Pages/Order Details/input_TRANSACTION ID_transaction-id'

2020-03-20 14:54:32 - [TEST_STEP][PASSED] - sendKeys(findTestObject("ADMIN/Edit Text/Bespoke/Seller Pages/Order Details/input_BUYER INFO_buyer-info-txt"), "*"): Keys '*' sent to object: 'Object Repository/ADMIN/Edit Text/Bespoke/Seller Pages/Order Details/input_BUYER INFO_buyer-info-txt'

2020-03-20 14:54:32 - [MESSAGE][PASSED] - Keys '*' sent to object: 'Object Repository/ADMIN/Edit Text/Bespoke/Seller Pages/Order Details/input_BUYER INFO_buyer-info-txt'

2020-03-20 14:54:32 - [TEST_STEP][PASSED] - sendKeys(findTestObject("ADMIN/Edit Text/Bespoke/Seller Pages/Order Details/input_DELIVERY ADDRESS_delivery-address-txt"), "*"): Keys '*' sent to object: 'Object Repository/ADMIN/Edit Text/Bespoke/Seller Pages/Order Details/input_DELIVERY ADDRESS_delivery-address-txt'

2020-03-20 14:54:32 - [MESSAGE][PASSED] - Keys '*' sent to object: 'Object Repository/ADMIN/Edit Text/Bespoke/Seller Pages/Order Details/input_DELIVERY ADDRESS_delivery-address-txt'

2020-03-20 14:54:32 - [TEST_STEP][PASSED] - sendKeys(findTestObject("ADMIN/Edit Text/Bespoke/Seller Pages/Order Details/input_EMAIL_email-txt"), "*"): Keys '*' sent to object: 'Object Repository/ADMIN/Edit Text/Bespoke/Seller Pages/Order Details/input_EMAIL_email-txt'

2020-03-20 14:54:32 - [MESSAGE][PASSED] - Keys '*' sent to object: 'Object Repository/ADMIN/Edit Text/Bespoke/Seller Pages/Order Details/input_EMAIL_email-txt'

2020-03-20 14:54:32 - [TEST_STEP][PASSED] - sendKeys(findTestObject("ADMIN/Edit Text/Bespoke/Seller Pages/Order Details/input_CONTACT_contact-txt"), "*"): Keys '*' sent to object: 'Object Repository/ADMIN/Edit Text/Bespoke/Seller Pages/Order Details/input_CONTACT_contact-txt'

2020-03-20 14:54:32 - [MESSAGE][PASSED] - Keys '*' sent to object: 'Object Repository/ADMIN/Edit Text/Bespoke/Seller Pages/Order Details/input_CONTACT_contact-txt'

2020-03-20 14:54:32 - [TEST_STEP][PASSED] - sendKeys(findTestObject("ADMIN/Edit Text/Bespoke/Seller Pages/Order Details/input_TRANSACTION TOTAL_transaction-total"), "*"): Keys '*' sent to object: 'Object Repository/ADMIN/Edit Text/Bespoke/Seller Pages/Order Details/input_TRANSACTION TOTAL_transaction-total'

2020-03-20 14:54:33 - [MESSAGE][PASSED] - Keys '*' sent to object: 'Object Repository/ADMIN/Edit Text/Bespoke/Seller Pages/Order Details/input_TRANSACTION TOTAL_transaction-total'

2020-03-20 14:54:33 - [TEST_STEP][PASSED] - sendKeys(findTestObject("ADMIN/Edit Text/Bespoke/Seller Pages/Order Details/input_Subtotal_subtotal-txt"), "*"): Keys '*' sent to object: 'Object Repository/ADMIN/Edit Text/Bespoke/Seller Pages/Order Details/input_Subtotal_subtotal-txt'

2020-03-20 14:54:33 - [MESSAGE][PASSED] - Keys '*' sent to object: 'Object Repository/ADMIN/Edit Text/Bespoke/Seller Pages/Order Details/input_Subtotal_subtotal-txt'

2020-03-20 14:54:33 - [TEST_STEP][PASSED] - sendKeys(findTestObject("ADMIN/Edit Text/Bespoke/Seller Pages/Order Details/input_Delivery_delivery-txt"), "*"): Keys '*' sent to object: 'Object Repository/ADMIN/Edit Text/Bespoke/Seller Pages/Order Details/input_Delivery_delivery-txt'

2020-03-20 14:54:33 - [MESSAGE][PASSED] - Keys '*' sent to object: 'Object Repository/ADMIN/Edit Text/Bespoke/Seller Pages/Order Details/input_Delivery_delivery-txt'

2020-03-20 14:54:33 - [TEST_STEP][PASSED] - sendKeys(findTestObject("ADMIN/Edit Text/Bespoke/Seller Pages/Order Details/input_Admin fee_admin-fee"), "*"): Keys '*' sent to object: 'Object Repository/ADMIN/Edit Text/Bespoke/Seller Pages/Order Details/input_Admin fee_admin-fee'

2020-03-20 14:54:33 - [MESSAGE][PASSED] - Keys '*' sent to object: 'Object Repository/ADMIN/Edit Text/Bespoke/Seller Pages/Order Details/input_Admin fee_admin-fee'

2020-03-20 14:54:33 - [TEST_STEP][PASSED] - sendKeys(findTestObject("ADMIN/Edit Text/Bespoke/Seller Pages/Order Details/input_ITEM_item-txt"), "*"): Keys '*' sent to object: 'Object Repository/ADMIN/Edit Text/Bespoke/Seller Pages/Order Details/input_ITEM_item-txt'

2020-03-20 14:54:33 - [MESSAGE][PASSED] - Keys '*' sent to object: 'Object Repository/ADMIN/Edit Text/Bespoke/Seller Pages/Order Details/input_ITEM_item-txt'

2020-03-20 14:54:33 - [TEST_STEP][PASSED] - sendKeys(findTestObject("ADMIN/Edit Text/Bespoke/Seller Pages/Order Details/input_PRICE_price-txt"), "*"): Keys '*' sent to object: 'Object Repository/ADMIN/Edit Text/Bespoke/Seller Pages/Order Details/input_PRICE_price-txt'

2020-03-20 14:54:33 - [MESSAGE][PASSED] - Keys '*' sent to object: 'Object Repository/ADMIN/Edit Text/Bespoke/Seller Pages/Order Details/input_PRICE_price-txt'

2020-03-20 14:54:33 - [TEST_STEP][PASSED] - sendKeys(findTestObject("ADMIN/Edit Text/Bespoke/Seller Pages/Order Details/input_QTY_qty-txt"), "*"): Keys '*' sent to object: 'Object Repository/ADMIN/Edit Text/Bespoke/Seller Pages/Order Details/input_QTY_qty-txt'

2020-03-20 14:54:33 - [MESSAGE][PASSED] - Keys '*' sent to object: 'Object Repository/ADMIN/Edit Text/Bespoke/Seller Pages/Order Details/input_QTY_qty-txt'

2020-03-20 14:54:33 - [TEST_STEP][PASSED] - sendKeys(findTestObject("ADMIN/Edit Text/Bespoke/Seller Pages/Order Details/input_DELIVERY_buyer-info-txt"), "*"): Keys '*' sent to object: 'Object Repository/ADMIN/Edit Text/Bespoke/Seller Pages/Order Details/input_DELIVERY_buyer-info-txt'

2020-03-20 14:54:34 - [MESSAGE][PASSED] - Keys '*' sent to object: 'Object Repository/ADMIN/Edit Text/Bespoke/Seller Pages/Order Details/input_DELIVERY_buyer-info-txt'

2020-03-20 14:54:34 - [TEST_STEP][PASSED] - sendKeys(findTestObject("ADMIN/Edit Text/Bespoke/Seller Pages/Order Details/input_ORDER STATUS_order-status-txt"), "*"): Keys '*' sent to object: 'Object Repository/ADMIN/Edit Text/Bespoke/Seller Pages/Order Details/input_ORDER STATUS_order-status-txt'

2020-03-20 14:54:34 - [MESSAGE][PASSED] - Keys '*' sent to object: 'Object Repository/ADMIN/Edit Text/Bespoke/Seller Pages/Order Details/input_ORDER STATUS_order-status-txt'

2020-03-20 14:54:34 - [TEST_STEP][PASSED] - sendKeys(findTestObject("ADMIN/Edit Text/Bespoke/Seller Pages/Order Details/input_Payment Status_pay-txt"), "*"): Keys '*' sent to object: 'Object Repository/ADMIN/Edit Text/Bespoke/Seller Pages/Order Details/input_Payment Status_pay-txt'

2020-03-20 14:54:34 - [MESSAGE][PASSED] - Keys '*' sent to object: 'Object Repository/ADMIN/Edit Text/Bespoke/Seller Pages/Order Details/input_Payment Status_pay-txt'

2020-03-20 14:54:34 - [TEST_STEP][PASSED] - sendKeys(findTestObject("ADMIN/Edit Text/Bespoke/Seller Pages/Order Details/input_Payment Method_pay-info-txt"), "*"): Keys '*' sent to object: 'Object Repository/ADMIN/Edit Text/Bespoke/Seller Pages/Order Details/input_Payment Method_pay-info-txt'

2020-03-20 14:54:34 - [MESSAGE][PASSED] - Keys '*' sent to object: 'Object Repository/ADMIN/Edit Text/Bespoke/Seller Pages/Order Details/input_Payment Method_pay-info-txt'

2020-03-20 14:54:34 - [TEST_STEP][PASSED] - sendKeys(findTestObject("ADMIN/Edit Text/Bespoke/Seller Pages/Order Details/input_REVIEW_review-txt"), "*"): Keys '*' sent to object: 'Object Repository/ADMIN/Edit Text/Bespoke/Seller Pages/Order Details/input_REVIEW_review-txt'

2020-03-20 14:54:34 - [MESSAGE][PASSED] - Keys '*' sent to object: 'Object Repository/ADMIN/Edit Text/Bespoke/Seller Pages/Order Details/input_REVIEW_review-txt'

2020-03-20 14:54:34 - [TEST_STEP][PASSED] - sendKeys(findTestObject("ADMIN/Edit Text/Bespoke/Seller Pages/Order Details/input_New Review_review-txt"), "*"): Keys '*' sent to object: 'Object Repository/ADMIN/Edit Text/Bespoke/Seller Pages/Order Details/input_New Review_review-txt'

2020-03-20 14:54:35 - [MESSAGE][PASSED] - Keys '*' sent to object: 'Object Repository/ADMIN/Edit Text/Bespoke/Seller Pages/Order Details/input_New Review_review-txt'

2020-03-20 14:54:35 - [TEST_STEP][PASSED] - sendKeys(findTestObject("ADMIN/Edit Text/Bespoke/Seller Pages/Order Details/input_DeliveryPick-up_Delivery"), "*"): Keys '*' sent to object: 'Object Repository/ADMIN/Edit Text/Bespoke/Seller Pages/Order Details/input_DeliveryPick-up_Delivery'

2020-03-20 14:54:35 - [MESSAGE][PASSED] - Keys '*' sent to object: 'Object Repository/ADMIN/Edit Text/Bespoke/Seller Pages/Order Details/input_DeliveryPick-up_Delivery'

2020-03-20 14:54:35 - [TEST_STEP][PASSED] - sendKeys(findTestObject("ADMIN/Edit Text/Bespoke/Seller Pages/Order Details/input_Pick-up_Pick-up"), "*"): Keys '*' sent to object: 'Object Repository/ADMIN/Edit Text/Bespoke/Seller Pages/Order Details/input_Pick-up_Pick-up'

2020-03-20 14:54:35 - [MESSAGE][PASSED] - Keys '*' sent to object: 'Object Repository/ADMIN/Edit Text/Bespoke/Seller Pages/Order Details/input_Pick-up_Pick-up'

2020-03-20 14:54:35 - [TEST_STEP][PASSED] - sendKeys(findTestObject("ADMIN/Edit Text/Bespoke/Seller Pages/Order Details/input_Delivery From_bulk-delivery-discount"), "*"): Keys '*' sent to object: 'Object Repository/ADMIN/Edit Text/Bespoke/Seller Pages/Order Details/input_Delivery From_bulk-delivery-discount'

2020-03-20 14:54:36 - [MESSAGE][PASSED] - Keys '*' sent to object: 'Object Repository/ADMIN/Edit Text/Bespoke/Seller Pages/Order Details/input_Delivery From_bulk-delivery-discount'

2020-03-20 14:54:36 - [TEST_STEP][PASSED] - sendKeys(findTestObject("ADMIN/Edit Text/Bespoke/Seller Pages/Order Details/input_Minimum lead time_bulk-delivery-discount"), "*"): Keys '*' sent to object: 'Object Repository/ADMIN/Edit Text/Bespoke/Seller Pages/Order Details/input_Minimum lead time_bulk-delivery-discount'

2020-03-20 14:54:36 - [MESSAGE][PASSED] - Keys '*' sent to object: 'Object Repository/ADMIN/Edit Text/Bespoke/Seller Pages/Order Details/input_Minimum lead time_bulk-delivery-discount'

2020-03-20 14:54:36 - [TEST_STEP][PASSED] - sendKeys(findTestObject("ADMIN/Edit Text/Bespoke/Seller Pages/Order Details/input_BACK TO LIST_btn_back"), "*"): Keys '*' sent to object: 'Object Repository/ADMIN/Edit Text/Bespoke/Seller Pages/Order Details/input_BACK TO LIST_btn_back'

2020-03-20 14:54:36 - [MESSAGE][PASSED] - Keys '*' sent to object: 'Object Repository/ADMIN/Edit Text/Bespoke/Seller Pages/Order Details/input_BACK TO LIST_btn_back'

2020-03-20 14:54:36 - [TEST_STEP][PASSED] - sendKeys(findTestObject("ADMIN/Edit Text/Bespoke/Seller Pages/Order Details/input_STATUS CHANGED_popup-title"), "*"): Keys '*' sent to object: 'Object Repository/ADMIN/Edit Text/Bespoke/Seller Pages/Order Details/input_STATUS CHANGED_popup-title'

2020-03-20 14:54:36 - [MESSAGE][PASSED] - Keys '*' sent to object: 'Object Repository/ADMIN/Edit Text/Bespoke/Seller Pages/Order Details/input_STATUS CHANGED_popup-title'

2020-03-20 14:54:36 - [TEST_STEP][PASSED] - sendKeys(findTestObject("ADMIN/Edit Text/Bespoke/Seller Pages/Order Details/textarea_The order status for this item has been updated"), "*"): Keys '*' sent to object: 'Object Repository/ADMIN/Edit Text/Bespoke/Seller Pages/Order Details/textarea_The order status for this item has been updated'

2020-03-20 14:54:36 - [MESSAGE][PASSED] - Keys '*' sent to object: 'Object Repository/ADMIN/Edit Text/Bespoke/Seller Pages/Order Details/textarea_The order status for this item has been updated'

2020-03-20 14:54:36 - [TEST_STEP][PASSED] - sendKeys(findTestObject("ADMIN/Edit Text/Bespoke/Seller Pages/Order Details/input_Okay_btn_okay"), "*"): Keys '*' sent to object: 'Object Repository/ADMIN/Edit Text/Bespoke/Seller Pages/Order Details/input_Okay_btn_okay'

2020-03-20 14:54:36 - [MESSAGE][PASSED] - Keys '*' sent to object: 'Object Repository/ADMIN/Edit Text/Bespoke/Seller Pages/Order Details/input_Okay_btn_okay'

2020-03-20 14:54:36 - [TEST_STEP][PASSED] - click(findTestObject("ADMIN/Edit Text/Bespoke/Buyer Pages/Homepage/button_save"), CONTINUE_ON_FAILURE): Object: 'Object Repository/ADMIN/Edit Text/Bespoke/Buyer Pages/Homepage/button_save' is clicked on

2020-03-20 14:54:37 - [MESSAGE][PASSED] - Object: 'Object Repository/ADMIN/Edit Text/Bespoke/Buyer Pages/Homepage/button_save' is clicked on

2020-03-20 14:54:37 - [TEST_STEP][PASSED] - waitForElementVisible(findTestObject("ADMIN/Edit Text/Bespoke/Buyer Pages/Homepage/toaster_success"), 0): Object 'Object Repository/ADMIN/Edit Text/Bespoke/Buyer Pages/Homepage/toaster_success' is visible

2020-03-20 14:54:37 - [MESSAGE][WARNING] - Timeout '0' is invalid. Using default page load timeout: '30'

2020-03-20 14:54:37 - [MESSAGE][PASSED] - Object 'Object Repository/ADMIN/Edit Text/Bespoke/Buyer Pages/Homepage/toaster_success' is visible]]></system-out>
         <system-err><![CDATA[]]></system-err>
      </testcase>
      <testcase name="Test Cases/ADMIN/Language/Edit Text/Bespoke/Seller/Order Details" time="10.309" classname="Test Cases/ADMIN/Language/Edit Text/Bespoke/Seller/Order Details" status="PASSED">
         <system-out><![CDATA[2020-03-20 14:54:37 - [TEST_CASE][PASSED] - Test Cases/ADMIN/Language/Edit Text/Bespoke/Seller/Order Details: Test Cases/ADMIN/Language/Edit Text/Bespoke/Seller/Order Details

2020-03-20 14:54:37 - [TEST_STEP][PASSED] - waitForElementVisible(findTestObject("ADMIN/Edit Text/Bespoke/Buyer Navigation/dd_language"), 0): Object 'Object Repository/ADMIN/Edit Text/Bespoke/Buyer Navigation/dd_language' is visible

2020-03-20 14:54:37 - [MESSAGE][WARNING] - Timeout '0' is invalid. Using default page load timeout: '30'

2020-03-20 14:54:38 - [MESSAGE][PASSED] - Object 'Object Repository/ADMIN/Edit Text/Bespoke/Buyer Navigation/dd_language' is visible

2020-03-20 14:54:38 - [TEST_STEP][PASSED] - selectOptionByLabel(findTestObject("ADMIN/Edit Text/Bespoke/Buyer Navigation/dd_language"), varLanguage, false): All options with label 'Indonesian' are selected in object 'Object Repository/ADMIN/Edit Text/Bespoke/Buyer Navigation/dd_language' 

2020-03-20 14:54:38 - [MESSAGE][PASSED] - All options with label 'Indonesian' are selected in object 'Object Repository/ADMIN/Edit Text/Bespoke/Buyer Navigation/dd_language' 

2020-03-20 14:54:38 - [TEST_STEP][PASSED] - sendKeys(findTestObject("ADMIN/Edit Text/Bespoke/Seller Pages/Order Details/input_ORDER ID_order-id-txt"), "*"): Keys '*' sent to object: 'Object Repository/ADMIN/Edit Text/Bespoke/Seller Pages/Order Details/input_ORDER ID_order-id-txt'

2020-03-20 14:54:39 - [MESSAGE][PASSED] - Keys '*' sent to object: 'Object Repository/ADMIN/Edit Text/Bespoke/Seller Pages/Order Details/input_ORDER ID_order-id-txt'

2020-03-20 14:54:39 - [TEST_STEP][PASSED] - sendKeys(findTestObject("ADMIN/Edit Text/Bespoke/Seller Pages/Order Details/input_INVOICE ID_invoice-id-txt"), "*"): Keys '*' sent to object: 'Object Repository/ADMIN/Edit Text/Bespoke/Seller Pages/Order Details/input_INVOICE ID_invoice-id-txt'

2020-03-20 14:54:39 - [MESSAGE][PASSED] - Keys '*' sent to object: 'Object Repository/ADMIN/Edit Text/Bespoke/Seller Pages/Order Details/input_INVOICE ID_invoice-id-txt'

2020-03-20 14:54:39 - [TEST_STEP][PASSED] - sendKeys(findTestObject("ADMIN/Edit Text/Bespoke/Seller Pages/Order Details/input_TIMESTAMP_timestamp-txt"), "*"): Keys '*' sent to object: 'Object Repository/ADMIN/Edit Text/Bespoke/Seller Pages/Order Details/input_TIMESTAMP_timestamp-txt'

2020-03-20 14:54:39 - [MESSAGE][PASSED] - Keys '*' sent to object: 'Object Repository/ADMIN/Edit Text/Bespoke/Seller Pages/Order Details/input_TIMESTAMP_timestamp-txt'

2020-03-20 14:54:39 - [TEST_STEP][PASSED] - sendKeys(findTestObject("ADMIN/Edit Text/Bespoke/Seller Pages/Order Details/input_TRANSACTION ID_transaction-id"), "*"): Keys '*' sent to object: 'Object Repository/ADMIN/Edit Text/Bespoke/Seller Pages/Order Details/input_TRANSACTION ID_transaction-id'

2020-03-20 14:54:40 - [MESSAGE][PASSED] - Keys '*' sent to object: 'Object Repository/ADMIN/Edit Text/Bespoke/Seller Pages/Order Details/input_TRANSACTION ID_transaction-id'

2020-03-20 14:54:40 - [TEST_STEP][PASSED] - sendKeys(findTestObject("ADMIN/Edit Text/Bespoke/Seller Pages/Order Details/input_BUYER INFO_buyer-info-txt"), "*"): Keys '*' sent to object: 'Object Repository/ADMIN/Edit Text/Bespoke/Seller Pages/Order Details/input_BUYER INFO_buyer-info-txt'

2020-03-20 14:54:40 - [MESSAGE][PASSED] - Keys '*' sent to object: 'Object Repository/ADMIN/Edit Text/Bespoke/Seller Pages/Order Details/input_BUYER INFO_buyer-info-txt'

2020-03-20 14:54:40 - [TEST_STEP][PASSED] - sendKeys(findTestObject("ADMIN/Edit Text/Bespoke/Seller Pages/Order Details/input_DELIVERY ADDRESS_delivery-address-txt"), "*"): Keys '*' sent to object: 'Object Repository/ADMIN/Edit Text/Bespoke/Seller Pages/Order Details/input_DELIVERY ADDRESS_delivery-address-txt'

2020-03-20 14:54:41 - [MESSAGE][PASSED] - Keys '*' sent to object: 'Object Repository/ADMIN/Edit Text/Bespoke/Seller Pages/Order Details/input_DELIVERY ADDRESS_delivery-address-txt'

2020-03-20 14:54:41 - [TEST_STEP][PASSED] - sendKeys(findTestObject("ADMIN/Edit Text/Bespoke/Seller Pages/Order Details/input_EMAIL_email-txt"), "*"): Keys '*' sent to object: 'Object Repository/ADMIN/Edit Text/Bespoke/Seller Pages/Order Details/input_EMAIL_email-txt'

2020-03-20 14:54:41 - [MESSAGE][PASSED] - Keys '*' sent to object: 'Object Repository/ADMIN/Edit Text/Bespoke/Seller Pages/Order Details/input_EMAIL_email-txt'

2020-03-20 14:54:41 - [TEST_STEP][PASSED] - sendKeys(findTestObject("ADMIN/Edit Text/Bespoke/Seller Pages/Order Details/input_CONTACT_contact-txt"), "*"): Keys '*' sent to object: 'Object Repository/ADMIN/Edit Text/Bespoke/Seller Pages/Order Details/input_CONTACT_contact-txt'

2020-03-20 14:54:41 - [MESSAGE][PASSED] - Keys '*' sent to object: 'Object Repository/ADMIN/Edit Text/Bespoke/Seller Pages/Order Details/input_CONTACT_contact-txt'

2020-03-20 14:54:41 - [TEST_STEP][PASSED] - sendKeys(findTestObject("ADMIN/Edit Text/Bespoke/Seller Pages/Order Details/input_TRANSACTION TOTAL_transaction-total"), "*"): Keys '*' sent to object: 'Object Repository/ADMIN/Edit Text/Bespoke/Seller Pages/Order Details/input_TRANSACTION TOTAL_transaction-total'

2020-03-20 14:54:42 - [MESSAGE][PASSED] - Keys '*' sent to object: 'Object Repository/ADMIN/Edit Text/Bespoke/Seller Pages/Order Details/input_TRANSACTION TOTAL_transaction-total'

2020-03-20 14:54:42 - [TEST_STEP][PASSED] - sendKeys(findTestObject("ADMIN/Edit Text/Bespoke/Seller Pages/Order Details/input_Subtotal_subtotal-txt"), "*"): Keys '*' sent to object: 'Object Repository/ADMIN/Edit Text/Bespoke/Seller Pages/Order Details/input_Subtotal_subtotal-txt'

2020-03-20 14:54:42 - [MESSAGE][PASSED] - Keys '*' sent to object: 'Object Repository/ADMIN/Edit Text/Bespoke/Seller Pages/Order Details/input_Subtotal_subtotal-txt'

2020-03-20 14:54:42 - [TEST_STEP][PASSED] - sendKeys(findTestObject("ADMIN/Edit Text/Bespoke/Seller Pages/Order Details/input_Delivery_delivery-txt"), "*"): Keys '*' sent to object: 'Object Repository/ADMIN/Edit Text/Bespoke/Seller Pages/Order Details/input_Delivery_delivery-txt'

2020-03-20 14:54:42 - [MESSAGE][PASSED] - Keys '*' sent to object: 'Object Repository/ADMIN/Edit Text/Bespoke/Seller Pages/Order Details/input_Delivery_delivery-txt'

2020-03-20 14:54:42 - [TEST_STEP][PASSED] - sendKeys(findTestObject("ADMIN/Edit Text/Bespoke/Seller Pages/Order Details/input_Admin fee_admin-fee"), "*"): Keys '*' sent to object: 'Object Repository/ADMIN/Edit Text/Bespoke/Seller Pages/Order Details/input_Admin fee_admin-fee'

2020-03-20 14:54:43 - [MESSAGE][PASSED] - Keys '*' sent to object: 'Object Repository/ADMIN/Edit Text/Bespoke/Seller Pages/Order Details/input_Admin fee_admin-fee'

2020-03-20 14:54:43 - [TEST_STEP][PASSED] - sendKeys(findTestObject("ADMIN/Edit Text/Bespoke/Seller Pages/Order Details/input_ITEM_item-txt"), "*"): Keys '*' sent to object: 'Object Repository/ADMIN/Edit Text/Bespoke/Seller Pages/Order Details/input_ITEM_item-txt'

2020-03-20 14:54:43 - [MESSAGE][PASSED] - Keys '*' sent to object: 'Object Repository/ADMIN/Edit Text/Bespoke/Seller Pages/Order Details/input_ITEM_item-txt'

2020-03-20 14:54:43 - [TEST_STEP][PASSED] - sendKeys(findTestObject("ADMIN/Edit Text/Bespoke/Seller Pages/Order Details/input_PRICE_price-txt"), "*"): Keys '*' sent to object: 'Object Repository/ADMIN/Edit Text/Bespoke/Seller Pages/Order Details/input_PRICE_price-txt'

2020-03-20 14:54:43 - [MESSAGE][PASSED] - Keys '*' sent to object: 'Object Repository/ADMIN/Edit Text/Bespoke/Seller Pages/Order Details/input_PRICE_price-txt'

2020-03-20 14:54:43 - [TEST_STEP][PASSED] - sendKeys(findTestObject("ADMIN/Edit Text/Bespoke/Seller Pages/Order Details/input_QTY_qty-txt"), "*"): Keys '*' sent to object: 'Object Repository/ADMIN/Edit Text/Bespoke/Seller Pages/Order Details/input_QTY_qty-txt'

2020-03-20 14:54:44 - [MESSAGE][PASSED] - Keys '*' sent to object: 'Object Repository/ADMIN/Edit Text/Bespoke/Seller Pages/Order Details/input_QTY_qty-txt'

2020-03-20 14:54:44 - [TEST_STEP][PASSED] - sendKeys(findTestObject("ADMIN/Edit Text/Bespoke/Seller Pages/Order Details/input_DELIVERY_buyer-info-txt"), "*"): Keys '*' sent to object: 'Object Repository/ADMIN/Edit Text/Bespoke/Seller Pages/Order Details/input_DELIVERY_buyer-info-txt'

2020-03-20 14:54:44 - [MESSAGE][PASSED] - Keys '*' sent to object: 'Object Repository/ADMIN/Edit Text/Bespoke/Seller Pages/Order Details/input_DELIVERY_buyer-info-txt'

2020-03-20 14:54:44 - [TEST_STEP][PASSED] - sendKeys(findTestObject("ADMIN/Edit Text/Bespoke/Seller Pages/Order Details/input_ORDER STATUS_order-status-txt"), "*"): Keys '*' sent to object: 'Object Repository/ADMIN/Edit Text/Bespoke/Seller Pages/Order Details/input_ORDER STATUS_order-status-txt'

2020-03-20 14:54:44 - [MESSAGE][PASSED] - Keys '*' sent to object: 'Object Repository/ADMIN/Edit Text/Bespoke/Seller Pages/Order Details/input_ORDER STATUS_order-status-txt'

2020-03-20 14:54:44 - [TEST_STEP][PASSED] - sendKeys(findTestObject("ADMIN/Edit Text/Bespoke/Seller Pages/Order Details/input_Payment Status_pay-txt"), "*"): Keys '*' sent to object: 'Object Repository/ADMIN/Edit Text/Bespoke/Seller Pages/Order Details/input_Payment Status_pay-txt'

2020-03-20 14:54:44 - [MESSAGE][PASSED] - Keys '*' sent to object: 'Object Repository/ADMIN/Edit Text/Bespoke/Seller Pages/Order Details/input_Payment Status_pay-txt'

2020-03-20 14:54:44 - [TEST_STEP][PASSED] - sendKeys(findTestObject("ADMIN/Edit Text/Bespoke/Seller Pages/Order Details/input_Payment Method_pay-info-txt"), "*"): Keys '*' sent to object: 'Object Repository/ADMIN/Edit Text/Bespoke/Seller Pages/Order Details/input_Payment Method_pay-info-txt'

2020-03-20 14:54:45 - [MESSAGE][PASSED] - Keys '*' sent to object: 'Object Repository/ADMIN/Edit Text/Bespoke/Seller Pages/Order Details/input_Payment Method_pay-info-txt'

2020-03-20 14:54:45 - [TEST_STEP][PASSED] - sendKeys(findTestObject("ADMIN/Edit Text/Bespoke/Seller Pages/Order Details/input_REVIEW_review-txt"), "*"): Keys '*' sent to object: 'Object Repository/ADMIN/Edit Text/Bespoke/Seller Pages/Order Details/input_REVIEW_review-txt'

2020-03-20 14:54:45 - [MESSAGE][PASSED] - Keys '*' sent to object: 'Object Repository/ADMIN/Edit Text/Bespoke/Seller Pages/Order Details/input_REVIEW_review-txt'

2020-03-20 14:54:45 - [TEST_STEP][PASSED] - sendKeys(findTestObject("ADMIN/Edit Text/Bespoke/Seller Pages/Order Details/input_New Review_review-txt"), "*"): Keys '*' sent to object: 'Object Repository/ADMIN/Edit Text/Bespoke/Seller Pages/Order Details/input_New Review_review-txt'

2020-03-20 14:54:45 - [MESSAGE][PASSED] - Keys '*' sent to object: 'Object Repository/ADMIN/Edit Text/Bespoke/Seller Pages/Order Details/input_New Review_review-txt'

2020-03-20 14:54:45 - [TEST_STEP][PASSED] - sendKeys(findTestObject("ADMIN/Edit Text/Bespoke/Seller Pages/Order Details/input_DeliveryPick-up_Delivery"), "*"): Keys '*' sent to object: 'Object Repository/ADMIN/Edit Text/Bespoke/Seller Pages/Order Details/input_DeliveryPick-up_Delivery'

2020-03-20 14:54:45 - [MESSAGE][PASSED] - Keys '*' sent to object: 'Object Repository/ADMIN/Edit Text/Bespoke/Seller Pages/Order Details/input_DeliveryPick-up_Delivery'

2020-03-20 14:54:45 - [TEST_STEP][PASSED] - sendKeys(findTestObject("ADMIN/Edit Text/Bespoke/Seller Pages/Order Details/input_Pick-up_Pick-up"), "*"): Keys '*' sent to object: 'Object Repository/ADMIN/Edit Text/Bespoke/Seller Pages/Order Details/input_Pick-up_Pick-up'

2020-03-20 14:54:45 - [MESSAGE][PASSED] - Keys '*' sent to object: 'Object Repository/ADMIN/Edit Text/Bespoke/Seller Pages/Order Details/input_Pick-up_Pick-up'

2020-03-20 14:54:45 - [TEST_STEP][PASSED] - sendKeys(findTestObject("ADMIN/Edit Text/Bespoke/Seller Pages/Order Details/input_Delivery From_bulk-delivery-discount"), "*"): Keys '*' sent to object: 'Object Repository/ADMIN/Edit Text/Bespoke/Seller Pages/Order Details/input_Delivery From_bulk-delivery-discount'

2020-03-20 14:54:46 - [MESSAGE][PASSED] - Keys '*' sent to object: 'Object Repository/ADMIN/Edit Text/Bespoke/Seller Pages/Order Details/input_Delivery From_bulk-delivery-discount'

2020-03-20 14:54:46 - [TEST_STEP][PASSED] - sendKeys(findTestObject("ADMIN/Edit Text/Bespoke/Seller Pages/Order Details/input_Minimum lead time_bulk-delivery-discount"), "*"): Keys '*' sent to object: 'Object Repository/ADMIN/Edit Text/Bespoke/Seller Pages/Order Details/input_Minimum lead time_bulk-delivery-discount'

2020-03-20 14:54:46 - [MESSAGE][PASSED] - Keys '*' sent to object: 'Object Repository/ADMIN/Edit Text/Bespoke/Seller Pages/Order Details/input_Minimum lead time_bulk-delivery-discount'

2020-03-20 14:54:46 - [TEST_STEP][PASSED] - sendKeys(findTestObject("ADMIN/Edit Text/Bespoke/Seller Pages/Order Details/input_BACK TO LIST_btn_back"), "*"): Keys '*' sent to object: 'Object Repository/ADMIN/Edit Text/Bespoke/Seller Pages/Order Details/input_BACK TO LIST_btn_back'

2020-03-20 14:54:46 - [MESSAGE][PASSED] - Keys '*' sent to object: 'Object Repository/ADMIN/Edit Text/Bespoke/Seller Pages/Order Details/input_BACK TO LIST_btn_back'

2020-03-20 14:54:46 - [TEST_STEP][PASSED] - sendKeys(findTestObject("ADMIN/Edit Text/Bespoke/Seller Pages/Order Details/input_STATUS CHANGED_popup-title"), "*"): Keys '*' sent to object: 'Object Repository/ADMIN/Edit Text/Bespoke/Seller Pages/Order Details/input_STATUS CHANGED_popup-title'

2020-03-20 14:54:46 - [MESSAGE][PASSED] - Keys '*' sent to object: 'Object Repository/ADMIN/Edit Text/Bespoke/Seller Pages/Order Details/input_STATUS CHANGED_popup-title'

2020-03-20 14:54:46 - [TEST_STEP][PASSED] - sendKeys(findTestObject("ADMIN/Edit Text/Bespoke/Seller Pages/Order Details/textarea_The order status for this item has been updated"), "*"): Keys '*' sent to object: 'Object Repository/ADMIN/Edit Text/Bespoke/Seller Pages/Order Details/textarea_The order status for this item has been updated'

2020-03-20 14:54:47 - [MESSAGE][PASSED] - Keys '*' sent to object: 'Object Repository/ADMIN/Edit Text/Bespoke/Seller Pages/Order Details/textarea_The order status for this item has been updated'

2020-03-20 14:54:47 - [TEST_STEP][PASSED] - sendKeys(findTestObject("ADMIN/Edit Text/Bespoke/Seller Pages/Order Details/input_Okay_btn_okay"), "*"): Keys '*' sent to object: 'Object Repository/ADMIN/Edit Text/Bespoke/Seller Pages/Order Details/input_Okay_btn_okay'

2020-03-20 14:54:47 - [MESSAGE][PASSED] - Keys '*' sent to object: 'Object Repository/ADMIN/Edit Text/Bespoke/Seller Pages/Order Details/input_Okay_btn_okay'

2020-03-20 14:54:47 - [TEST_STEP][PASSED] - click(findTestObject("ADMIN/Edit Text/Bespoke/Buyer Pages/Homepage/button_save"), CONTINUE_ON_FAILURE): Object: 'Object Repository/ADMIN/Edit Text/Bespoke/Buyer Pages/Homepage/button_save' is clicked on

2020-03-20 14:54:47 - [MESSAGE][PASSED] - Object: 'Object Repository/ADMIN/Edit Text/Bespoke/Buyer Pages/Homepage/button_save' is clicked on

2020-03-20 14:54:47 - [TEST_STEP][PASSED] - waitForElementVisible(findTestObject("ADMIN/Edit Text/Bespoke/Buyer Pages/Homepage/toaster_success"), 0): Object 'Object Repository/ADMIN/Edit Text/Bespoke/Buyer Pages/Homepage/toaster_success' is visible

2020-03-20 14:54:47 - [MESSAGE][WARNING] - Timeout '0' is invalid. Using default page load timeout: '30'

2020-03-20 14:54:48 - [MESSAGE][PASSED] - Object 'Object Repository/ADMIN/Edit Text/Bespoke/Buyer Pages/Homepage/toaster_success' is visible]]></system-out>
         <system-err><![CDATA[]]></system-err>
      </testcase>
      <testcase name="Test Cases/ADMIN/Language/Edit Text/Bespoke/Seller/Order Details" time="8.948" classname="Test Cases/ADMIN/Language/Edit Text/Bespoke/Seller/Order Details" status="PASSED">
         <system-out><![CDATA[2020-03-20 14:54:48 - [TEST_CASE][PASSED] - Test Cases/ADMIN/Language/Edit Text/Bespoke/Seller/Order Details: Test Cases/ADMIN/Language/Edit Text/Bespoke/Seller/Order Details

2020-03-20 14:54:48 - [TEST_STEP][PASSED] - waitForElementVisible(findTestObject("ADMIN/Edit Text/Bespoke/Buyer Navigation/dd_language"), 0): Object 'Object Repository/ADMIN/Edit Text/Bespoke/Buyer Navigation/dd_language' is visible

2020-03-20 14:54:48 - [MESSAGE][WARNING] - Timeout '0' is invalid. Using default page load timeout: '30'

2020-03-20 14:54:48 - [MESSAGE][PASSED] - Object 'Object Repository/ADMIN/Edit Text/Bespoke/Buyer Navigation/dd_language' is visible

2020-03-20 14:54:48 - [TEST_STEP][PASSED] - selectOptionByLabel(findTestObject("ADMIN/Edit Text/Bespoke/Buyer Navigation/dd_language"), varLanguage, false): All options with label 'Russian' are selected in object 'Object Repository/ADMIN/Edit Text/Bespoke/Buyer Navigation/dd_language' 

2020-03-20 14:54:49 - [MESSAGE][PASSED] - All options with label 'Russian' are selected in object 'Object Repository/ADMIN/Edit Text/Bespoke/Buyer Navigation/dd_language' 

2020-03-20 14:54:49 - [TEST_STEP][PASSED] - sendKeys(findTestObject("ADMIN/Edit Text/Bespoke/Seller Pages/Order Details/input_ORDER ID_order-id-txt"), "*"): Keys '*' sent to object: 'Object Repository/ADMIN/Edit Text/Bespoke/Seller Pages/Order Details/input_ORDER ID_order-id-txt'

2020-03-20 14:54:50 - [MESSAGE][PASSED] - Keys '*' sent to object: 'Object Repository/ADMIN/Edit Text/Bespoke/Seller Pages/Order Details/input_ORDER ID_order-id-txt'

2020-03-20 14:54:50 - [TEST_STEP][PASSED] - sendKeys(findTestObject("ADMIN/Edit Text/Bespoke/Seller Pages/Order Details/input_INVOICE ID_invoice-id-txt"), "*"): Keys '*' sent to object: 'Object Repository/ADMIN/Edit Text/Bespoke/Seller Pages/Order Details/input_INVOICE ID_invoice-id-txt'

2020-03-20 14:54:50 - [MESSAGE][PASSED] - Keys '*' sent to object: 'Object Repository/ADMIN/Edit Text/Bespoke/Seller Pages/Order Details/input_INVOICE ID_invoice-id-txt'

2020-03-20 14:54:50 - [TEST_STEP][PASSED] - sendKeys(findTestObject("ADMIN/Edit Text/Bespoke/Seller Pages/Order Details/input_TIMESTAMP_timestamp-txt"), "*"): Keys '*' sent to object: 'Object Repository/ADMIN/Edit Text/Bespoke/Seller Pages/Order Details/input_TIMESTAMP_timestamp-txt'

2020-03-20 14:54:50 - [MESSAGE][PASSED] - Keys '*' sent to object: 'Object Repository/ADMIN/Edit Text/Bespoke/Seller Pages/Order Details/input_TIMESTAMP_timestamp-txt'

2020-03-20 14:54:50 - [TEST_STEP][PASSED] - sendKeys(findTestObject("ADMIN/Edit Text/Bespoke/Seller Pages/Order Details/input_TRANSACTION ID_transaction-id"), "*"): Keys '*' sent to object: 'Object Repository/ADMIN/Edit Text/Bespoke/Seller Pages/Order Details/input_TRANSACTION ID_transaction-id'

2020-03-20 14:54:50 - [MESSAGE][PASSED] - Keys '*' sent to object: 'Object Repository/ADMIN/Edit Text/Bespoke/Seller Pages/Order Details/input_TRANSACTION ID_transaction-id'

2020-03-20 14:54:50 - [TEST_STEP][PASSED] - sendKeys(findTestObject("ADMIN/Edit Text/Bespoke/Seller Pages/Order Details/input_BUYER INFO_buyer-info-txt"), "*"): Keys '*' sent to object: 'Object Repository/ADMIN/Edit Text/Bespoke/Seller Pages/Order Details/input_BUYER INFO_buyer-info-txt'

2020-03-20 14:54:51 - [MESSAGE][PASSED] - Keys '*' sent to object: 'Object Repository/ADMIN/Edit Text/Bespoke/Seller Pages/Order Details/input_BUYER INFO_buyer-info-txt'

2020-03-20 14:54:51 - [TEST_STEP][PASSED] - sendKeys(findTestObject("ADMIN/Edit Text/Bespoke/Seller Pages/Order Details/input_DELIVERY ADDRESS_delivery-address-txt"), "*"): Keys '*' sent to object: 'Object Repository/ADMIN/Edit Text/Bespoke/Seller Pages/Order Details/input_DELIVERY ADDRESS_delivery-address-txt'

2020-03-20 14:54:51 - [MESSAGE][PASSED] - Keys '*' sent to object: 'Object Repository/ADMIN/Edit Text/Bespoke/Seller Pages/Order Details/input_DELIVERY ADDRESS_delivery-address-txt'

2020-03-20 14:54:51 - [TEST_STEP][PASSED] - sendKeys(findTestObject("ADMIN/Edit Text/Bespoke/Seller Pages/Order Details/input_EMAIL_email-txt"), "*"): Keys '*' sent to object: 'Object Repository/ADMIN/Edit Text/Bespoke/Seller Pages/Order Details/input_EMAIL_email-txt'

2020-03-20 14:54:51 - [MESSAGE][PASSED] - Keys '*' sent to object: 'Object Repository/ADMIN/Edit Text/Bespoke/Seller Pages/Order Details/input_EMAIL_email-txt'

2020-03-20 14:54:51 - [TEST_STEP][PASSED] - sendKeys(findTestObject("ADMIN/Edit Text/Bespoke/Seller Pages/Order Details/input_CONTACT_contact-txt"), "*"): Keys '*' sent to object: 'Object Repository/ADMIN/Edit Text/Bespoke/Seller Pages/Order Details/input_CONTACT_contact-txt'

2020-03-20 14:54:51 - [MESSAGE][PASSED] - Keys '*' sent to object: 'Object Repository/ADMIN/Edit Text/Bespoke/Seller Pages/Order Details/input_CONTACT_contact-txt'

2020-03-20 14:54:51 - [TEST_STEP][PASSED] - sendKeys(findTestObject("ADMIN/Edit Text/Bespoke/Seller Pages/Order Details/input_TRANSACTION TOTAL_transaction-total"), "*"): Keys '*' sent to object: 'Object Repository/ADMIN/Edit Text/Bespoke/Seller Pages/Order Details/input_TRANSACTION TOTAL_transaction-total'

2020-03-20 14:54:51 - [MESSAGE][PASSED] - Keys '*' sent to object: 'Object Repository/ADMIN/Edit Text/Bespoke/Seller Pages/Order Details/input_TRANSACTION TOTAL_transaction-total'

2020-03-20 14:54:51 - [TEST_STEP][PASSED] - sendKeys(findTestObject("ADMIN/Edit Text/Bespoke/Seller Pages/Order Details/input_Subtotal_subtotal-txt"), "*"): Keys '*' sent to object: 'Object Repository/ADMIN/Edit Text/Bespoke/Seller Pages/Order Details/input_Subtotal_subtotal-txt'

2020-03-20 14:54:52 - [MESSAGE][PASSED] - Keys '*' sent to object: 'Object Repository/ADMIN/Edit Text/Bespoke/Seller Pages/Order Details/input_Subtotal_subtotal-txt'

2020-03-20 14:54:52 - [TEST_STEP][PASSED] - sendKeys(findTestObject("ADMIN/Edit Text/Bespoke/Seller Pages/Order Details/input_Delivery_delivery-txt"), "*"): Keys '*' sent to object: 'Object Repository/ADMIN/Edit Text/Bespoke/Seller Pages/Order Details/input_Delivery_delivery-txt'

2020-03-20 14:54:52 - [MESSAGE][PASSED] - Keys '*' sent to object: 'Object Repository/ADMIN/Edit Text/Bespoke/Seller Pages/Order Details/input_Delivery_delivery-txt'

2020-03-20 14:54:52 - [TEST_STEP][PASSED] - sendKeys(findTestObject("ADMIN/Edit Text/Bespoke/Seller Pages/Order Details/input_Admin fee_admin-fee"), "*"): Keys '*' sent to object: 'Object Repository/ADMIN/Edit Text/Bespoke/Seller Pages/Order Details/input_Admin fee_admin-fee'

2020-03-20 14:54:52 - [MESSAGE][PASSED] - Keys '*' sent to object: 'Object Repository/ADMIN/Edit Text/Bespoke/Seller Pages/Order Details/input_Admin fee_admin-fee'

2020-03-20 14:54:52 - [TEST_STEP][PASSED] - sendKeys(findTestObject("ADMIN/Edit Text/Bespoke/Seller Pages/Order Details/input_ITEM_item-txt"), "*"): Keys '*' sent to object: 'Object Repository/ADMIN/Edit Text/Bespoke/Seller Pages/Order Details/input_ITEM_item-txt'

2020-03-20 14:54:52 - [MESSAGE][PASSED] - Keys '*' sent to object: 'Object Repository/ADMIN/Edit Text/Bespoke/Seller Pages/Order Details/input_ITEM_item-txt'

2020-03-20 14:54:52 - [TEST_STEP][PASSED] - sendKeys(findTestObject("ADMIN/Edit Text/Bespoke/Seller Pages/Order Details/input_PRICE_price-txt"), "*"): Keys '*' sent to object: 'Object Repository/ADMIN/Edit Text/Bespoke/Seller Pages/Order Details/input_PRICE_price-txt'

2020-03-20 14:54:52 - [MESSAGE][PASSED] - Keys '*' sent to object: 'Object Repository/ADMIN/Edit Text/Bespoke/Seller Pages/Order Details/input_PRICE_price-txt'

2020-03-20 14:54:52 - [TEST_STEP][PASSED] - sendKeys(findTestObject("ADMIN/Edit Text/Bespoke/Seller Pages/Order Details/input_QTY_qty-txt"), "*"): Keys '*' sent to object: 'Object Repository/ADMIN/Edit Text/Bespoke/Seller Pages/Order Details/input_QTY_qty-txt'

2020-03-20 14:54:53 - [MESSAGE][PASSED] - Keys '*' sent to object: 'Object Repository/ADMIN/Edit Text/Bespoke/Seller Pages/Order Details/input_QTY_qty-txt'

2020-03-20 14:54:53 - [TEST_STEP][PASSED] - sendKeys(findTestObject("ADMIN/Edit Text/Bespoke/Seller Pages/Order Details/input_DELIVERY_buyer-info-txt"), "*"): Keys '*' sent to object: 'Object Repository/ADMIN/Edit Text/Bespoke/Seller Pages/Order Details/input_DELIVERY_buyer-info-txt'

2020-03-20 14:54:53 - [MESSAGE][PASSED] - Keys '*' sent to object: 'Object Repository/ADMIN/Edit Text/Bespoke/Seller Pages/Order Details/input_DELIVERY_buyer-info-txt'

2020-03-20 14:54:53 - [TEST_STEP][PASSED] - sendKeys(findTestObject("ADMIN/Edit Text/Bespoke/Seller Pages/Order Details/input_ORDER STATUS_order-status-txt"), "*"): Keys '*' sent to object: 'Object Repository/ADMIN/Edit Text/Bespoke/Seller Pages/Order Details/input_ORDER STATUS_order-status-txt'

2020-03-20 14:54:53 - [MESSAGE][PASSED] - Keys '*' sent to object: 'Object Repository/ADMIN/Edit Text/Bespoke/Seller Pages/Order Details/input_ORDER STATUS_order-status-txt'

2020-03-20 14:54:53 - [TEST_STEP][PASSED] - sendKeys(findTestObject("ADMIN/Edit Text/Bespoke/Seller Pages/Order Details/input_Payment Status_pay-txt"), "*"): Keys '*' sent to object: 'Object Repository/ADMIN/Edit Text/Bespoke/Seller Pages/Order Details/input_Payment Status_pay-txt'

2020-03-20 14:54:53 - [MESSAGE][PASSED] - Keys '*' sent to object: 'Object Repository/ADMIN/Edit Text/Bespoke/Seller Pages/Order Details/input_Payment Status_pay-txt'

2020-03-20 14:54:53 - [TEST_STEP][PASSED] - sendKeys(findTestObject("ADMIN/Edit Text/Bespoke/Seller Pages/Order Details/input_Payment Method_pay-info-txt"), "*"): Keys '*' sent to object: 'Object Repository/ADMIN/Edit Text/Bespoke/Seller Pages/Order Details/input_Payment Method_pay-info-txt'

2020-03-20 14:54:54 - [MESSAGE][PASSED] - Keys '*' sent to object: 'Object Repository/ADMIN/Edit Text/Bespoke/Seller Pages/Order Details/input_Payment Method_pay-info-txt'

2020-03-20 14:54:54 - [TEST_STEP][PASSED] - sendKeys(findTestObject("ADMIN/Edit Text/Bespoke/Seller Pages/Order Details/input_REVIEW_review-txt"), "*"): Keys '*' sent to object: 'Object Repository/ADMIN/Edit Text/Bespoke/Seller Pages/Order Details/input_REVIEW_review-txt'

2020-03-20 14:54:54 - [MESSAGE][PASSED] - Keys '*' sent to object: 'Object Repository/ADMIN/Edit Text/Bespoke/Seller Pages/Order Details/input_REVIEW_review-txt'

2020-03-20 14:54:54 - [TEST_STEP][PASSED] - sendKeys(findTestObject("ADMIN/Edit Text/Bespoke/Seller Pages/Order Details/input_New Review_review-txt"), "*"): Keys '*' sent to object: 'Object Repository/ADMIN/Edit Text/Bespoke/Seller Pages/Order Details/input_New Review_review-txt'

2020-03-20 14:54:54 - [MESSAGE][PASSED] - Keys '*' sent to object: 'Object Repository/ADMIN/Edit Text/Bespoke/Seller Pages/Order Details/input_New Review_review-txt'

2020-03-20 14:54:54 - [TEST_STEP][PASSED] - sendKeys(findTestObject("ADMIN/Edit Text/Bespoke/Seller Pages/Order Details/input_DeliveryPick-up_Delivery"), "*"): Keys '*' sent to object: 'Object Repository/ADMIN/Edit Text/Bespoke/Seller Pages/Order Details/input_DeliveryPick-up_Delivery'

2020-03-20 14:54:54 - [MESSAGE][PASSED] - Keys '*' sent to object: 'Object Repository/ADMIN/Edit Text/Bespoke/Seller Pages/Order Details/input_DeliveryPick-up_Delivery'

2020-03-20 14:54:54 - [TEST_STEP][PASSED] - sendKeys(findTestObject("ADMIN/Edit Text/Bespoke/Seller Pages/Order Details/input_Pick-up_Pick-up"), "*"): Keys '*' sent to object: 'Object Repository/ADMIN/Edit Text/Bespoke/Seller Pages/Order Details/input_Pick-up_Pick-up'

2020-03-20 14:54:54 - [MESSAGE][PASSED] - Keys '*' sent to object: 'Object Repository/ADMIN/Edit Text/Bespoke/Seller Pages/Order Details/input_Pick-up_Pick-up'

2020-03-20 14:54:54 - [TEST_STEP][PASSED] - sendKeys(findTestObject("ADMIN/Edit Text/Bespoke/Seller Pages/Order Details/input_Delivery From_bulk-delivery-discount"), "*"): Keys '*' sent to object: 'Object Repository/ADMIN/Edit Text/Bespoke/Seller Pages/Order Details/input_Delivery From_bulk-delivery-discount'

2020-03-20 14:54:55 - [MESSAGE][PASSED] - Keys '*' sent to object: 'Object Repository/ADMIN/Edit Text/Bespoke/Seller Pages/Order Details/input_Delivery From_bulk-delivery-discount'

2020-03-20 14:54:55 - [TEST_STEP][PASSED] - sendKeys(findTestObject("ADMIN/Edit Text/Bespoke/Seller Pages/Order Details/input_Minimum lead time_bulk-delivery-discount"), "*"): Keys '*' sent to object: 'Object Repository/ADMIN/Edit Text/Bespoke/Seller Pages/Order Details/input_Minimum lead time_bulk-delivery-discount'

2020-03-20 14:54:55 - [MESSAGE][PASSED] - Keys '*' sent to object: 'Object Repository/ADMIN/Edit Text/Bespoke/Seller Pages/Order Details/input_Minimum lead time_bulk-delivery-discount'

2020-03-20 14:54:55 - [TEST_STEP][PASSED] - sendKeys(findTestObject("ADMIN/Edit Text/Bespoke/Seller Pages/Order Details/input_BACK TO LIST_btn_back"), "*"): Keys '*' sent to object: 'Object Repository/ADMIN/Edit Text/Bespoke/Seller Pages/Order Details/input_BACK TO LIST_btn_back'

2020-03-20 14:54:55 - [MESSAGE][PASSED] - Keys '*' sent to object: 'Object Repository/ADMIN/Edit Text/Bespoke/Seller Pages/Order Details/input_BACK TO LIST_btn_back'

2020-03-20 14:54:55 - [TEST_STEP][PASSED] - sendKeys(findTestObject("ADMIN/Edit Text/Bespoke/Seller Pages/Order Details/input_STATUS CHANGED_popup-title"), "*"): Keys '*' sent to object: 'Object Repository/ADMIN/Edit Text/Bespoke/Seller Pages/Order Details/input_STATUS CHANGED_popup-title'

2020-03-20 14:54:55 - [MESSAGE][PASSED] - Keys '*' sent to object: 'Object Repository/ADMIN/Edit Text/Bespoke/Seller Pages/Order Details/input_STATUS CHANGED_popup-title'

2020-03-20 14:54:55 - [TEST_STEP][PASSED] - sendKeys(findTestObject("ADMIN/Edit Text/Bespoke/Seller Pages/Order Details/textarea_The order status for this item has been updated"), "*"): Keys '*' sent to object: 'Object Repository/ADMIN/Edit Text/Bespoke/Seller Pages/Order Details/textarea_The order status for this item has been updated'

2020-03-20 14:54:55 - [MESSAGE][PASSED] - Keys '*' sent to object: 'Object Repository/ADMIN/Edit Text/Bespoke/Seller Pages/Order Details/textarea_The order status for this item has been updated'

2020-03-20 14:54:55 - [TEST_STEP][PASSED] - sendKeys(findTestObject("ADMIN/Edit Text/Bespoke/Seller Pages/Order Details/input_Okay_btn_okay"), "*"): Keys '*' sent to object: 'Object Repository/ADMIN/Edit Text/Bespoke/Seller Pages/Order Details/input_Okay_btn_okay'

2020-03-20 14:54:56 - [MESSAGE][PASSED] - Keys '*' sent to object: 'Object Repository/ADMIN/Edit Text/Bespoke/Seller Pages/Order Details/input_Okay_btn_okay'

2020-03-20 14:54:56 - [TEST_STEP][PASSED] - click(findTestObject("ADMIN/Edit Text/Bespoke/Buyer Pages/Homepage/button_save"), CONTINUE_ON_FAILURE): Object: 'Object Repository/ADMIN/Edit Text/Bespoke/Buyer Pages/Homepage/button_save' is clicked on

2020-03-20 14:54:56 - [MESSAGE][PASSED] - Object: 'Object Repository/ADMIN/Edit Text/Bespoke/Buyer Pages/Homepage/button_save' is clicked on

2020-03-20 14:54:56 - [TEST_STEP][PASSED] - waitForElementVisible(findTestObject("ADMIN/Edit Text/Bespoke/Buyer Pages/Homepage/toaster_success"), 0): Object 'Object Repository/ADMIN/Edit Text/Bespoke/Buyer Pages/Homepage/toaster_success' is visible

2020-03-20 14:54:56 - [MESSAGE][WARNING] - Timeout '0' is invalid. Using default page load timeout: '30'

2020-03-20 14:54:57 - [MESSAGE][PASSED] - Object 'Object Repository/ADMIN/Edit Text/Bespoke/Buyer Pages/Homepage/toaster_success' is visible]]></system-out>
         <system-err><![CDATA[]]></system-err>
      </testcase>
      <testcase name="Test Cases/ADMIN/Language/Edit Text/Bespoke/Seller/Order Details" time="8.291" classname="Test Cases/ADMIN/Language/Edit Text/Bespoke/Seller/Order Details" status="PASSED">
         <system-out><![CDATA[2020-03-20 14:54:57 - [TEST_CASE][PASSED] - Test Cases/ADMIN/Language/Edit Text/Bespoke/Seller/Order Details: Test Cases/ADMIN/Language/Edit Text/Bespoke/Seller/Order Details

2020-03-20 14:54:57 - [TEST_STEP][PASSED] - waitForElementVisible(findTestObject("ADMIN/Edit Text/Bespoke/Buyer Navigation/dd_language"), 0): Object 'Object Repository/ADMIN/Edit Text/Bespoke/Buyer Navigation/dd_language' is visible

2020-03-20 14:54:57 - [MESSAGE][WARNING] - Timeout '0' is invalid. Using default page load timeout: '30'

2020-03-20 14:54:57 - [MESSAGE][PASSED] - Object 'Object Repository/ADMIN/Edit Text/Bespoke/Buyer Navigation/dd_language' is visible

2020-03-20 14:54:57 - [TEST_STEP][PASSED] - selectOptionByLabel(findTestObject("ADMIN/Edit Text/Bespoke/Buyer Navigation/dd_language"), varLanguage, false): All options with label 'Italian' are selected in object 'Object Repository/ADMIN/Edit Text/Bespoke/Buyer Navigation/dd_language' 

2020-03-20 14:54:58 - [MESSAGE][PASSED] - All options with label 'Italian' are selected in object 'Object Repository/ADMIN/Edit Text/Bespoke/Buyer Navigation/dd_language' 

2020-03-20 14:54:58 - [TEST_STEP][PASSED] - sendKeys(findTestObject("ADMIN/Edit Text/Bespoke/Seller Pages/Order Details/input_ORDER ID_order-id-txt"), "*"): Keys '*' sent to object: 'Object Repository/ADMIN/Edit Text/Bespoke/Seller Pages/Order Details/input_ORDER ID_order-id-txt'

2020-03-20 14:54:58 - [MESSAGE][PASSED] - Keys '*' sent to object: 'Object Repository/ADMIN/Edit Text/Bespoke/Seller Pages/Order Details/input_ORDER ID_order-id-txt'

2020-03-20 14:54:58 - [TEST_STEP][PASSED] - sendKeys(findTestObject("ADMIN/Edit Text/Bespoke/Seller Pages/Order Details/input_INVOICE ID_invoice-id-txt"), "*"): Keys '*' sent to object: 'Object Repository/ADMIN/Edit Text/Bespoke/Seller Pages/Order Details/input_INVOICE ID_invoice-id-txt'

2020-03-20 14:54:58 - [MESSAGE][PASSED] - Keys '*' sent to object: 'Object Repository/ADMIN/Edit Text/Bespoke/Seller Pages/Order Details/input_INVOICE ID_invoice-id-txt'

2020-03-20 14:54:58 - [TEST_STEP][PASSED] - sendKeys(findTestObject("ADMIN/Edit Text/Bespoke/Seller Pages/Order Details/input_TIMESTAMP_timestamp-txt"), "*"): Keys '*' sent to object: 'Object Repository/ADMIN/Edit Text/Bespoke/Seller Pages/Order Details/input_TIMESTAMP_timestamp-txt'

2020-03-20 14:54:59 - [MESSAGE][PASSED] - Keys '*' sent to object: 'Object Repository/ADMIN/Edit Text/Bespoke/Seller Pages/Order Details/input_TIMESTAMP_timestamp-txt'

2020-03-20 14:54:59 - [TEST_STEP][PASSED] - sendKeys(findTestObject("ADMIN/Edit Text/Bespoke/Seller Pages/Order Details/input_TRANSACTION ID_transaction-id"), "*"): Keys '*' sent to object: 'Object Repository/ADMIN/Edit Text/Bespoke/Seller Pages/Order Details/input_TRANSACTION ID_transaction-id'

2020-03-20 14:54:59 - [MESSAGE][PASSED] - Keys '*' sent to object: 'Object Repository/ADMIN/Edit Text/Bespoke/Seller Pages/Order Details/input_TRANSACTION ID_transaction-id'

2020-03-20 14:54:59 - [TEST_STEP][PASSED] - sendKeys(findTestObject("ADMIN/Edit Text/Bespoke/Seller Pages/Order Details/input_BUYER INFO_buyer-info-txt"), "*"): Keys '*' sent to object: 'Object Repository/ADMIN/Edit Text/Bespoke/Seller Pages/Order Details/input_BUYER INFO_buyer-info-txt'

2020-03-20 14:54:59 - [MESSAGE][PASSED] - Keys '*' sent to object: 'Object Repository/ADMIN/Edit Text/Bespoke/Seller Pages/Order Details/input_BUYER INFO_buyer-info-txt'

2020-03-20 14:54:59 - [TEST_STEP][PASSED] - sendKeys(findTestObject("ADMIN/Edit Text/Bespoke/Seller Pages/Order Details/input_DELIVERY ADDRESS_delivery-address-txt"), "*"): Keys '*' sent to object: 'Object Repository/ADMIN/Edit Text/Bespoke/Seller Pages/Order Details/input_DELIVERY ADDRESS_delivery-address-txt'

2020-03-20 14:54:59 - [MESSAGE][PASSED] - Keys '*' sent to object: 'Object Repository/ADMIN/Edit Text/Bespoke/Seller Pages/Order Details/input_DELIVERY ADDRESS_delivery-address-txt'

2020-03-20 14:54:59 - [TEST_STEP][PASSED] - sendKeys(findTestObject("ADMIN/Edit Text/Bespoke/Seller Pages/Order Details/input_EMAIL_email-txt"), "*"): Keys '*' sent to object: 'Object Repository/ADMIN/Edit Text/Bespoke/Seller Pages/Order Details/input_EMAIL_email-txt'

2020-03-20 14:55:00 - [MESSAGE][PASSED] - Keys '*' sent to object: 'Object Repository/ADMIN/Edit Text/Bespoke/Seller Pages/Order Details/input_EMAIL_email-txt'

2020-03-20 14:55:00 - [TEST_STEP][PASSED] - sendKeys(findTestObject("ADMIN/Edit Text/Bespoke/Seller Pages/Order Details/input_CONTACT_contact-txt"), "*"): Keys '*' sent to object: 'Object Repository/ADMIN/Edit Text/Bespoke/Seller Pages/Order Details/input_CONTACT_contact-txt'

2020-03-20 14:55:00 - [MESSAGE][PASSED] - Keys '*' sent to object: 'Object Repository/ADMIN/Edit Text/Bespoke/Seller Pages/Order Details/input_CONTACT_contact-txt'

2020-03-20 14:55:00 - [TEST_STEP][PASSED] - sendKeys(findTestObject("ADMIN/Edit Text/Bespoke/Seller Pages/Order Details/input_TRANSACTION TOTAL_transaction-total"), "*"): Keys '*' sent to object: 'Object Repository/ADMIN/Edit Text/Bespoke/Seller Pages/Order Details/input_TRANSACTION TOTAL_transaction-total'

2020-03-20 14:55:00 - [MESSAGE][PASSED] - Keys '*' sent to object: 'Object Repository/ADMIN/Edit Text/Bespoke/Seller Pages/Order Details/input_TRANSACTION TOTAL_transaction-total'

2020-03-20 14:55:00 - [TEST_STEP][PASSED] - sendKeys(findTestObject("ADMIN/Edit Text/Bespoke/Seller Pages/Order Details/input_Subtotal_subtotal-txt"), "*"): Keys '*' sent to object: 'Object Repository/ADMIN/Edit Text/Bespoke/Seller Pages/Order Details/input_Subtotal_subtotal-txt'

2020-03-20 14:55:00 - [MESSAGE][PASSED] - Keys '*' sent to object: 'Object Repository/ADMIN/Edit Text/Bespoke/Seller Pages/Order Details/input_Subtotal_subtotal-txt'

2020-03-20 14:55:00 - [TEST_STEP][PASSED] - sendKeys(findTestObject("ADMIN/Edit Text/Bespoke/Seller Pages/Order Details/input_Delivery_delivery-txt"), "*"): Keys '*' sent to object: 'Object Repository/ADMIN/Edit Text/Bespoke/Seller Pages/Order Details/input_Delivery_delivery-txt'

2020-03-20 14:55:00 - [MESSAGE][PASSED] - Keys '*' sent to object: 'Object Repository/ADMIN/Edit Text/Bespoke/Seller Pages/Order Details/input_Delivery_delivery-txt'

2020-03-20 14:55:00 - [TEST_STEP][PASSED] - sendKeys(findTestObject("ADMIN/Edit Text/Bespoke/Seller Pages/Order Details/input_Admin fee_admin-fee"), "*"): Keys '*' sent to object: 'Object Repository/ADMIN/Edit Text/Bespoke/Seller Pages/Order Details/input_Admin fee_admin-fee'

2020-03-20 14:55:01 - [MESSAGE][PASSED] - Keys '*' sent to object: 'Object Repository/ADMIN/Edit Text/Bespoke/Seller Pages/Order Details/input_Admin fee_admin-fee'

2020-03-20 14:55:01 - [TEST_STEP][PASSED] - sendKeys(findTestObject("ADMIN/Edit Text/Bespoke/Seller Pages/Order Details/input_ITEM_item-txt"), "*"): Keys '*' sent to object: 'Object Repository/ADMIN/Edit Text/Bespoke/Seller Pages/Order Details/input_ITEM_item-txt'

2020-03-20 14:55:01 - [MESSAGE][PASSED] - Keys '*' sent to object: 'Object Repository/ADMIN/Edit Text/Bespoke/Seller Pages/Order Details/input_ITEM_item-txt'

2020-03-20 14:55:01 - [TEST_STEP][PASSED] - sendKeys(findTestObject("ADMIN/Edit Text/Bespoke/Seller Pages/Order Details/input_PRICE_price-txt"), "*"): Keys '*' sent to object: 'Object Repository/ADMIN/Edit Text/Bespoke/Seller Pages/Order Details/input_PRICE_price-txt'

2020-03-20 14:55:01 - [MESSAGE][PASSED] - Keys '*' sent to object: 'Object Repository/ADMIN/Edit Text/Bespoke/Seller Pages/Order Details/input_PRICE_price-txt'

2020-03-20 14:55:01 - [TEST_STEP][PASSED] - sendKeys(findTestObject("ADMIN/Edit Text/Bespoke/Seller Pages/Order Details/input_QTY_qty-txt"), "*"): Keys '*' sent to object: 'Object Repository/ADMIN/Edit Text/Bespoke/Seller Pages/Order Details/input_QTY_qty-txt'

2020-03-20 14:55:01 - [MESSAGE][PASSED] - Keys '*' sent to object: 'Object Repository/ADMIN/Edit Text/Bespoke/Seller Pages/Order Details/input_QTY_qty-txt'

2020-03-20 14:55:01 - [TEST_STEP][PASSED] - sendKeys(findTestObject("ADMIN/Edit Text/Bespoke/Seller Pages/Order Details/input_DELIVERY_buyer-info-txt"), "*"): Keys '*' sent to object: 'Object Repository/ADMIN/Edit Text/Bespoke/Seller Pages/Order Details/input_DELIVERY_buyer-info-txt'

2020-03-20 14:55:01 - [MESSAGE][PASSED] - Keys '*' sent to object: 'Object Repository/ADMIN/Edit Text/Bespoke/Seller Pages/Order Details/input_DELIVERY_buyer-info-txt'

2020-03-20 14:55:01 - [TEST_STEP][PASSED] - sendKeys(findTestObject("ADMIN/Edit Text/Bespoke/Seller Pages/Order Details/input_ORDER STATUS_order-status-txt"), "*"): Keys '*' sent to object: 'Object Repository/ADMIN/Edit Text/Bespoke/Seller Pages/Order Details/input_ORDER STATUS_order-status-txt'

2020-03-20 14:55:02 - [MESSAGE][PASSED] - Keys '*' sent to object: 'Object Repository/ADMIN/Edit Text/Bespoke/Seller Pages/Order Details/input_ORDER STATUS_order-status-txt'

2020-03-20 14:55:02 - [TEST_STEP][PASSED] - sendKeys(findTestObject("ADMIN/Edit Text/Bespoke/Seller Pages/Order Details/input_Payment Status_pay-txt"), "*"): Keys '*' sent to object: 'Object Repository/ADMIN/Edit Text/Bespoke/Seller Pages/Order Details/input_Payment Status_pay-txt'

2020-03-20 14:55:02 - [MESSAGE][PASSED] - Keys '*' sent to object: 'Object Repository/ADMIN/Edit Text/Bespoke/Seller Pages/Order Details/input_Payment Status_pay-txt'

2020-03-20 14:55:02 - [TEST_STEP][PASSED] - sendKeys(findTestObject("ADMIN/Edit Text/Bespoke/Seller Pages/Order Details/input_Payment Method_pay-info-txt"), "*"): Keys '*' sent to object: 'Object Repository/ADMIN/Edit Text/Bespoke/Seller Pages/Order Details/input_Payment Method_pay-info-txt'

2020-03-20 14:55:02 - [MESSAGE][PASSED] - Keys '*' sent to object: 'Object Repository/ADMIN/Edit Text/Bespoke/Seller Pages/Order Details/input_Payment Method_pay-info-txt'

2020-03-20 14:55:02 - [TEST_STEP][PASSED] - sendKeys(findTestObject("ADMIN/Edit Text/Bespoke/Seller Pages/Order Details/input_REVIEW_review-txt"), "*"): Keys '*' sent to object: 'Object Repository/ADMIN/Edit Text/Bespoke/Seller Pages/Order Details/input_REVIEW_review-txt'

2020-03-20 14:55:02 - [MESSAGE][PASSED] - Keys '*' sent to object: 'Object Repository/ADMIN/Edit Text/Bespoke/Seller Pages/Order Details/input_REVIEW_review-txt'

2020-03-20 14:55:02 - [TEST_STEP][PASSED] - sendKeys(findTestObject("ADMIN/Edit Text/Bespoke/Seller Pages/Order Details/input_New Review_review-txt"), "*"): Keys '*' sent to object: 'Object Repository/ADMIN/Edit Text/Bespoke/Seller Pages/Order Details/input_New Review_review-txt'

2020-03-20 14:55:02 - [MESSAGE][PASSED] - Keys '*' sent to object: 'Object Repository/ADMIN/Edit Text/Bespoke/Seller Pages/Order Details/input_New Review_review-txt'

2020-03-20 14:55:02 - [TEST_STEP][PASSED] - sendKeys(findTestObject("ADMIN/Edit Text/Bespoke/Seller Pages/Order Details/input_DeliveryPick-up_Delivery"), "*"): Keys '*' sent to object: 'Object Repository/ADMIN/Edit Text/Bespoke/Seller Pages/Order Details/input_DeliveryPick-up_Delivery'

2020-03-20 14:55:03 - [MESSAGE][PASSED] - Keys '*' sent to object: 'Object Repository/ADMIN/Edit Text/Bespoke/Seller Pages/Order Details/input_DeliveryPick-up_Delivery'

2020-03-20 14:55:03 - [TEST_STEP][PASSED] - sendKeys(findTestObject("ADMIN/Edit Text/Bespoke/Seller Pages/Order Details/input_Pick-up_Pick-up"), "*"): Keys '*' sent to object: 'Object Repository/ADMIN/Edit Text/Bespoke/Seller Pages/Order Details/input_Pick-up_Pick-up'

2020-03-20 14:55:03 - [MESSAGE][PASSED] - Keys '*' sent to object: 'Object Repository/ADMIN/Edit Text/Bespoke/Seller Pages/Order Details/input_Pick-up_Pick-up'

2020-03-20 14:55:03 - [TEST_STEP][PASSED] - sendKeys(findTestObject("ADMIN/Edit Text/Bespoke/Seller Pages/Order Details/input_Delivery From_bulk-delivery-discount"), "*"): Keys '*' sent to object: 'Object Repository/ADMIN/Edit Text/Bespoke/Seller Pages/Order Details/input_Delivery From_bulk-delivery-discount'

2020-03-20 14:55:03 - [MESSAGE][PASSED] - Keys '*' sent to object: 'Object Repository/ADMIN/Edit Text/Bespoke/Seller Pages/Order Details/input_Delivery From_bulk-delivery-discount'

2020-03-20 14:55:03 - [TEST_STEP][PASSED] - sendKeys(findTestObject("ADMIN/Edit Text/Bespoke/Seller Pages/Order Details/input_Minimum lead time_bulk-delivery-discount"), "*"): Keys '*' sent to object: 'Object Repository/ADMIN/Edit Text/Bespoke/Seller Pages/Order Details/input_Minimum lead time_bulk-delivery-discount'

2020-03-20 14:55:04 - [MESSAGE][PASSED] - Keys '*' sent to object: 'Object Repository/ADMIN/Edit Text/Bespoke/Seller Pages/Order Details/input_Minimum lead time_bulk-delivery-discount'

2020-03-20 14:55:04 - [TEST_STEP][PASSED] - sendKeys(findTestObject("ADMIN/Edit Text/Bespoke/Seller Pages/Order Details/input_BACK TO LIST_btn_back"), "*"): Keys '*' sent to object: 'Object Repository/ADMIN/Edit Text/Bespoke/Seller Pages/Order Details/input_BACK TO LIST_btn_back'

2020-03-20 14:55:04 - [MESSAGE][PASSED] - Keys '*' sent to object: 'Object Repository/ADMIN/Edit Text/Bespoke/Seller Pages/Order Details/input_BACK TO LIST_btn_back'

2020-03-20 14:55:04 - [TEST_STEP][PASSED] - sendKeys(findTestObject("ADMIN/Edit Text/Bespoke/Seller Pages/Order Details/input_STATUS CHANGED_popup-title"), "*"): Keys '*' sent to object: 'Object Repository/ADMIN/Edit Text/Bespoke/Seller Pages/Order Details/input_STATUS CHANGED_popup-title'

2020-03-20 14:55:04 - [MESSAGE][PASSED] - Keys '*' sent to object: 'Object Repository/ADMIN/Edit Text/Bespoke/Seller Pages/Order Details/input_STATUS CHANGED_popup-title'

2020-03-20 14:55:04 - [TEST_STEP][PASSED] - sendKeys(findTestObject("ADMIN/Edit Text/Bespoke/Seller Pages/Order Details/textarea_The order status for this item has been updated"), "*"): Keys '*' sent to object: 'Object Repository/ADMIN/Edit Text/Bespoke/Seller Pages/Order Details/textarea_The order status for this item has been updated'

2020-03-20 14:55:04 - [MESSAGE][PASSED] - Keys '*' sent to object: 'Object Repository/ADMIN/Edit Text/Bespoke/Seller Pages/Order Details/textarea_The order status for this item has been updated'

2020-03-20 14:55:04 - [TEST_STEP][PASSED] - sendKeys(findTestObject("ADMIN/Edit Text/Bespoke/Seller Pages/Order Details/input_Okay_btn_okay"), "*"): Keys '*' sent to object: 'Object Repository/ADMIN/Edit Text/Bespoke/Seller Pages/Order Details/input_Okay_btn_okay'

2020-03-20 14:55:05 - [MESSAGE][PASSED] - Keys '*' sent to object: 'Object Repository/ADMIN/Edit Text/Bespoke/Seller Pages/Order Details/input_Okay_btn_okay'

2020-03-20 14:55:05 - [TEST_STEP][PASSED] - click(findTestObject("ADMIN/Edit Text/Bespoke/Buyer Pages/Homepage/button_save"), CONTINUE_ON_FAILURE): Object: 'Object Repository/ADMIN/Edit Text/Bespoke/Buyer Pages/Homepage/button_save' is clicked on

2020-03-20 14:55:05 - [MESSAGE][PASSED] - Object: 'Object Repository/ADMIN/Edit Text/Bespoke/Buyer Pages/Homepage/button_save' is clicked on

2020-03-20 14:55:05 - [TEST_STEP][PASSED] - waitForElementVisible(findTestObject("ADMIN/Edit Text/Bespoke/Buyer Pages/Homepage/toaster_success"), 0): Object 'Object Repository/ADMIN/Edit Text/Bespoke/Buyer Pages/Homepage/toaster_success' is visible

2020-03-20 14:55:05 - [MESSAGE][WARNING] - Timeout '0' is invalid. Using default page load timeout: '30'

2020-03-20 14:55:05 - [MESSAGE][PASSED] - Object 'Object Repository/ADMIN/Edit Text/Bespoke/Buyer Pages/Homepage/toaster_success' is visible]]></system-out>
         <system-err><![CDATA[]]></system-err>
      </testcase>
      <testcase name="Test Cases/ADMIN/Language/Edit Text/Bespoke/Seller/Order Details" time="9.276" classname="Test Cases/ADMIN/Language/Edit Text/Bespoke/Seller/Order Details" status="PASSED">
         <system-out><![CDATA[2020-03-20 14:55:05 - [TEST_CASE][PASSED] - Test Cases/ADMIN/Language/Edit Text/Bespoke/Seller/Order Details: Test Cases/ADMIN/Language/Edit Text/Bespoke/Seller/Order Details

2020-03-20 14:55:05 - [TEST_STEP][PASSED] - waitForElementVisible(findTestObject("ADMIN/Edit Text/Bespoke/Buyer Navigation/dd_language"), 0): Object 'Object Repository/ADMIN/Edit Text/Bespoke/Buyer Navigation/dd_language' is visible

2020-03-20 14:55:05 - [MESSAGE][WARNING] - Timeout '0' is invalid. Using default page load timeout: '30'

2020-03-20 14:55:05 - [MESSAGE][PASSED] - Object 'Object Repository/ADMIN/Edit Text/Bespoke/Buyer Navigation/dd_language' is visible

2020-03-20 14:55:05 - [TEST_STEP][PASSED] - selectOptionByLabel(findTestObject("ADMIN/Edit Text/Bespoke/Buyer Navigation/dd_language"), varLanguage, false): All options with label 'Arabic' are selected in object 'Object Repository/ADMIN/Edit Text/Bespoke/Buyer Navigation/dd_language' 

2020-03-20 14:55:07 - [MESSAGE][PASSED] - All options with label 'Arabic' are selected in object 'Object Repository/ADMIN/Edit Text/Bespoke/Buyer Navigation/dd_language' 

2020-03-20 14:55:07 - [TEST_STEP][PASSED] - sendKeys(findTestObject("ADMIN/Edit Text/Bespoke/Seller Pages/Order Details/input_ORDER ID_order-id-txt"), "*"): Keys '*' sent to object: 'Object Repository/ADMIN/Edit Text/Bespoke/Seller Pages/Order Details/input_ORDER ID_order-id-txt'

2020-03-20 14:55:07 - [MESSAGE][PASSED] - Keys '*' sent to object: 'Object Repository/ADMIN/Edit Text/Bespoke/Seller Pages/Order Details/input_ORDER ID_order-id-txt'

2020-03-20 14:55:07 - [TEST_STEP][PASSED] - sendKeys(findTestObject("ADMIN/Edit Text/Bespoke/Seller Pages/Order Details/input_INVOICE ID_invoice-id-txt"), "*"): Keys '*' sent to object: 'Object Repository/ADMIN/Edit Text/Bespoke/Seller Pages/Order Details/input_INVOICE ID_invoice-id-txt'

2020-03-20 14:55:07 - [MESSAGE][PASSED] - Keys '*' sent to object: 'Object Repository/ADMIN/Edit Text/Bespoke/Seller Pages/Order Details/input_INVOICE ID_invoice-id-txt'

2020-03-20 14:55:07 - [TEST_STEP][PASSED] - sendKeys(findTestObject("ADMIN/Edit Text/Bespoke/Seller Pages/Order Details/input_TIMESTAMP_timestamp-txt"), "*"): Keys '*' sent to object: 'Object Repository/ADMIN/Edit Text/Bespoke/Seller Pages/Order Details/input_TIMESTAMP_timestamp-txt'

2020-03-20 14:55:08 - [MESSAGE][PASSED] - Keys '*' sent to object: 'Object Repository/ADMIN/Edit Text/Bespoke/Seller Pages/Order Details/input_TIMESTAMP_timestamp-txt'

2020-03-20 14:55:08 - [TEST_STEP][PASSED] - sendKeys(findTestObject("ADMIN/Edit Text/Bespoke/Seller Pages/Order Details/input_TRANSACTION ID_transaction-id"), "*"): Keys '*' sent to object: 'Object Repository/ADMIN/Edit Text/Bespoke/Seller Pages/Order Details/input_TRANSACTION ID_transaction-id'

2020-03-20 14:55:08 - [MESSAGE][PASSED] - Keys '*' sent to object: 'Object Repository/ADMIN/Edit Text/Bespoke/Seller Pages/Order Details/input_TRANSACTION ID_transaction-id'

2020-03-20 14:55:08 - [TEST_STEP][PASSED] - sendKeys(findTestObject("ADMIN/Edit Text/Bespoke/Seller Pages/Order Details/input_BUYER INFO_buyer-info-txt"), "*"): Keys '*' sent to object: 'Object Repository/ADMIN/Edit Text/Bespoke/Seller Pages/Order Details/input_BUYER INFO_buyer-info-txt'

2020-03-20 14:55:08 - [MESSAGE][PASSED] - Keys '*' sent to object: 'Object Repository/ADMIN/Edit Text/Bespoke/Seller Pages/Order Details/input_BUYER INFO_buyer-info-txt'

2020-03-20 14:55:08 - [TEST_STEP][PASSED] - sendKeys(findTestObject("ADMIN/Edit Text/Bespoke/Seller Pages/Order Details/input_DELIVERY ADDRESS_delivery-address-txt"), "*"): Keys '*' sent to object: 'Object Repository/ADMIN/Edit Text/Bespoke/Seller Pages/Order Details/input_DELIVERY ADDRESS_delivery-address-txt'

2020-03-20 14:55:08 - [MESSAGE][PASSED] - Keys '*' sent to object: 'Object Repository/ADMIN/Edit Text/Bespoke/Seller Pages/Order Details/input_DELIVERY ADDRESS_delivery-address-txt'

2020-03-20 14:55:08 - [TEST_STEP][PASSED] - sendKeys(findTestObject("ADMIN/Edit Text/Bespoke/Seller Pages/Order Details/input_EMAIL_email-txt"), "*"): Keys '*' sent to object: 'Object Repository/ADMIN/Edit Text/Bespoke/Seller Pages/Order Details/input_EMAIL_email-txt'

2020-03-20 14:55:09 - [MESSAGE][PASSED] - Keys '*' sent to object: 'Object Repository/ADMIN/Edit Text/Bespoke/Seller Pages/Order Details/input_EMAIL_email-txt'

2020-03-20 14:55:09 - [TEST_STEP][PASSED] - sendKeys(findTestObject("ADMIN/Edit Text/Bespoke/Seller Pages/Order Details/input_CONTACT_contact-txt"), "*"): Keys '*' sent to object: 'Object Repository/ADMIN/Edit Text/Bespoke/Seller Pages/Order Details/input_CONTACT_contact-txt'

2020-03-20 14:55:09 - [MESSAGE][PASSED] - Keys '*' sent to object: 'Object Repository/ADMIN/Edit Text/Bespoke/Seller Pages/Order Details/input_CONTACT_contact-txt'

2020-03-20 14:55:09 - [TEST_STEP][PASSED] - sendKeys(findTestObject("ADMIN/Edit Text/Bespoke/Seller Pages/Order Details/input_TRANSACTION TOTAL_transaction-total"), "*"): Keys '*' sent to object: 'Object Repository/ADMIN/Edit Text/Bespoke/Seller Pages/Order Details/input_TRANSACTION TOTAL_transaction-total'

2020-03-20 14:55:09 - [MESSAGE][PASSED] - Keys '*' sent to object: 'Object Repository/ADMIN/Edit Text/Bespoke/Seller Pages/Order Details/input_TRANSACTION TOTAL_transaction-total'

2020-03-20 14:55:09 - [TEST_STEP][PASSED] - sendKeys(findTestObject("ADMIN/Edit Text/Bespoke/Seller Pages/Order Details/input_Subtotal_subtotal-txt"), "*"): Keys '*' sent to object: 'Object Repository/ADMIN/Edit Text/Bespoke/Seller Pages/Order Details/input_Subtotal_subtotal-txt'

2020-03-20 14:55:09 - [MESSAGE][PASSED] - Keys '*' sent to object: 'Object Repository/ADMIN/Edit Text/Bespoke/Seller Pages/Order Details/input_Subtotal_subtotal-txt'

2020-03-20 14:55:09 - [TEST_STEP][PASSED] - sendKeys(findTestObject("ADMIN/Edit Text/Bespoke/Seller Pages/Order Details/input_Delivery_delivery-txt"), "*"): Keys '*' sent to object: 'Object Repository/ADMIN/Edit Text/Bespoke/Seller Pages/Order Details/input_Delivery_delivery-txt'

2020-03-20 14:55:09 - [MESSAGE][PASSED] - Keys '*' sent to object: 'Object Repository/ADMIN/Edit Text/Bespoke/Seller Pages/Order Details/input_Delivery_delivery-txt'

2020-03-20 14:55:09 - [TEST_STEP][PASSED] - sendKeys(findTestObject("ADMIN/Edit Text/Bespoke/Seller Pages/Order Details/input_Admin fee_admin-fee"), "*"): Keys '*' sent to object: 'Object Repository/ADMIN/Edit Text/Bespoke/Seller Pages/Order Details/input_Admin fee_admin-fee'

2020-03-20 14:55:09 - [MESSAGE][PASSED] - Keys '*' sent to object: 'Object Repository/ADMIN/Edit Text/Bespoke/Seller Pages/Order Details/input_Admin fee_admin-fee'

2020-03-20 14:55:09 - [TEST_STEP][PASSED] - sendKeys(findTestObject("ADMIN/Edit Text/Bespoke/Seller Pages/Order Details/input_ITEM_item-txt"), "*"): Keys '*' sent to object: 'Object Repository/ADMIN/Edit Text/Bespoke/Seller Pages/Order Details/input_ITEM_item-txt'

2020-03-20 14:55:10 - [MESSAGE][PASSED] - Keys '*' sent to object: 'Object Repository/ADMIN/Edit Text/Bespoke/Seller Pages/Order Details/input_ITEM_item-txt'

2020-03-20 14:55:10 - [TEST_STEP][PASSED] - sendKeys(findTestObject("ADMIN/Edit Text/Bespoke/Seller Pages/Order Details/input_PRICE_price-txt"), "*"): Keys '*' sent to object: 'Object Repository/ADMIN/Edit Text/Bespoke/Seller Pages/Order Details/input_PRICE_price-txt'

2020-03-20 14:55:10 - [MESSAGE][PASSED] - Keys '*' sent to object: 'Object Repository/ADMIN/Edit Text/Bespoke/Seller Pages/Order Details/input_PRICE_price-txt'

2020-03-20 14:55:10 - [TEST_STEP][PASSED] - sendKeys(findTestObject("ADMIN/Edit Text/Bespoke/Seller Pages/Order Details/input_QTY_qty-txt"), "*"): Keys '*' sent to object: 'Object Repository/ADMIN/Edit Text/Bespoke/Seller Pages/Order Details/input_QTY_qty-txt'

2020-03-20 14:55:10 - [MESSAGE][PASSED] - Keys '*' sent to object: 'Object Repository/ADMIN/Edit Text/Bespoke/Seller Pages/Order Details/input_QTY_qty-txt'

2020-03-20 14:55:10 - [TEST_STEP][PASSED] - sendKeys(findTestObject("ADMIN/Edit Text/Bespoke/Seller Pages/Order Details/input_DELIVERY_buyer-info-txt"), "*"): Keys '*' sent to object: 'Object Repository/ADMIN/Edit Text/Bespoke/Seller Pages/Order Details/input_DELIVERY_buyer-info-txt'

2020-03-20 14:55:10 - [MESSAGE][PASSED] - Keys '*' sent to object: 'Object Repository/ADMIN/Edit Text/Bespoke/Seller Pages/Order Details/input_DELIVERY_buyer-info-txt'

2020-03-20 14:55:10 - [TEST_STEP][PASSED] - sendKeys(findTestObject("ADMIN/Edit Text/Bespoke/Seller Pages/Order Details/input_ORDER STATUS_order-status-txt"), "*"): Keys '*' sent to object: 'Object Repository/ADMIN/Edit Text/Bespoke/Seller Pages/Order Details/input_ORDER STATUS_order-status-txt'

2020-03-20 14:55:11 - [MESSAGE][PASSED] - Keys '*' sent to object: 'Object Repository/ADMIN/Edit Text/Bespoke/Seller Pages/Order Details/input_ORDER STATUS_order-status-txt'

2020-03-20 14:55:11 - [TEST_STEP][PASSED] - sendKeys(findTestObject("ADMIN/Edit Text/Bespoke/Seller Pages/Order Details/input_Payment Status_pay-txt"), "*"): Keys '*' sent to object: 'Object Repository/ADMIN/Edit Text/Bespoke/Seller Pages/Order Details/input_Payment Status_pay-txt'

2020-03-20 14:55:11 - [MESSAGE][PASSED] - Keys '*' sent to object: 'Object Repository/ADMIN/Edit Text/Bespoke/Seller Pages/Order Details/input_Payment Status_pay-txt'

2020-03-20 14:55:11 - [TEST_STEP][PASSED] - sendKeys(findTestObject("ADMIN/Edit Text/Bespoke/Seller Pages/Order Details/input_Payment Method_pay-info-txt"), "*"): Keys '*' sent to object: 'Object Repository/ADMIN/Edit Text/Bespoke/Seller Pages/Order Details/input_Payment Method_pay-info-txt'

2020-03-20 14:55:11 - [MESSAGE][PASSED] - Keys '*' sent to object: 'Object Repository/ADMIN/Edit Text/Bespoke/Seller Pages/Order Details/input_Payment Method_pay-info-txt'

2020-03-20 14:55:11 - [TEST_STEP][PASSED] - sendKeys(findTestObject("ADMIN/Edit Text/Bespoke/Seller Pages/Order Details/input_REVIEW_review-txt"), "*"): Keys '*' sent to object: 'Object Repository/ADMIN/Edit Text/Bespoke/Seller Pages/Order Details/input_REVIEW_review-txt'

2020-03-20 14:55:12 - [MESSAGE][PASSED] - Keys '*' sent to object: 'Object Repository/ADMIN/Edit Text/Bespoke/Seller Pages/Order Details/input_REVIEW_review-txt'

2020-03-20 14:55:12 - [TEST_STEP][PASSED] - sendKeys(findTestObject("ADMIN/Edit Text/Bespoke/Seller Pages/Order Details/input_New Review_review-txt"), "*"): Keys '*' sent to object: 'Object Repository/ADMIN/Edit Text/Bespoke/Seller Pages/Order Details/input_New Review_review-txt'

2020-03-20 14:55:12 - [MESSAGE][PASSED] - Keys '*' sent to object: 'Object Repository/ADMIN/Edit Text/Bespoke/Seller Pages/Order Details/input_New Review_review-txt'

2020-03-20 14:55:12 - [TEST_STEP][PASSED] - sendKeys(findTestObject("ADMIN/Edit Text/Bespoke/Seller Pages/Order Details/input_DeliveryPick-up_Delivery"), "*"): Keys '*' sent to object: 'Object Repository/ADMIN/Edit Text/Bespoke/Seller Pages/Order Details/input_DeliveryPick-up_Delivery'

2020-03-20 14:55:12 - [MESSAGE][PASSED] - Keys '*' sent to object: 'Object Repository/ADMIN/Edit Text/Bespoke/Seller Pages/Order Details/input_DeliveryPick-up_Delivery'

2020-03-20 14:55:12 - [TEST_STEP][PASSED] - sendKeys(findTestObject("ADMIN/Edit Text/Bespoke/Seller Pages/Order Details/input_Pick-up_Pick-up"), "*"): Keys '*' sent to object: 'Object Repository/ADMIN/Edit Text/Bespoke/Seller Pages/Order Details/input_Pick-up_Pick-up'

2020-03-20 14:55:12 - [MESSAGE][PASSED] - Keys '*' sent to object: 'Object Repository/ADMIN/Edit Text/Bespoke/Seller Pages/Order Details/input_Pick-up_Pick-up'

2020-03-20 14:55:12 - [TEST_STEP][PASSED] - sendKeys(findTestObject("ADMIN/Edit Text/Bespoke/Seller Pages/Order Details/input_Delivery From_bulk-delivery-discount"), "*"): Keys '*' sent to object: 'Object Repository/ADMIN/Edit Text/Bespoke/Seller Pages/Order Details/input_Delivery From_bulk-delivery-discount'

2020-03-20 14:55:12 - [MESSAGE][PASSED] - Keys '*' sent to object: 'Object Repository/ADMIN/Edit Text/Bespoke/Seller Pages/Order Details/input_Delivery From_bulk-delivery-discount'

2020-03-20 14:55:12 - [TEST_STEP][PASSED] - sendKeys(findTestObject("ADMIN/Edit Text/Bespoke/Seller Pages/Order Details/input_Minimum lead time_bulk-delivery-discount"), "*"): Keys '*' sent to object: 'Object Repository/ADMIN/Edit Text/Bespoke/Seller Pages/Order Details/input_Minimum lead time_bulk-delivery-discount'

2020-03-20 14:55:13 - [MESSAGE][PASSED] - Keys '*' sent to object: 'Object Repository/ADMIN/Edit Text/Bespoke/Seller Pages/Order Details/input_Minimum lead time_bulk-delivery-discount'

2020-03-20 14:55:13 - [TEST_STEP][PASSED] - sendKeys(findTestObject("ADMIN/Edit Text/Bespoke/Seller Pages/Order Details/input_BACK TO LIST_btn_back"), "*"): Keys '*' sent to object: 'Object Repository/ADMIN/Edit Text/Bespoke/Seller Pages/Order Details/input_BACK TO LIST_btn_back'

2020-03-20 14:55:13 - [MESSAGE][PASSED] - Keys '*' sent to object: 'Object Repository/ADMIN/Edit Text/Bespoke/Seller Pages/Order Details/input_BACK TO LIST_btn_back'

2020-03-20 14:55:13 - [TEST_STEP][PASSED] - sendKeys(findTestObject("ADMIN/Edit Text/Bespoke/Seller Pages/Order Details/input_STATUS CHANGED_popup-title"), "*"): Keys '*' sent to object: 'Object Repository/ADMIN/Edit Text/Bespoke/Seller Pages/Order Details/input_STATUS CHANGED_popup-title'

2020-03-20 14:55:13 - [MESSAGE][PASSED] - Keys '*' sent to object: 'Object Repository/ADMIN/Edit Text/Bespoke/Seller Pages/Order Details/input_STATUS CHANGED_popup-title'

2020-03-20 14:55:13 - [TEST_STEP][PASSED] - sendKeys(findTestObject("ADMIN/Edit Text/Bespoke/Seller Pages/Order Details/textarea_The order status for this item has been updated"), "*"): Keys '*' sent to object: 'Object Repository/ADMIN/Edit Text/Bespoke/Seller Pages/Order Details/textarea_The order status for this item has been updated'

2020-03-20 14:55:13 - [MESSAGE][PASSED] - Keys '*' sent to object: 'Object Repository/ADMIN/Edit Text/Bespoke/Seller Pages/Order Details/textarea_The order status for this item has been updated'

2020-03-20 14:55:13 - [TEST_STEP][PASSED] - sendKeys(findTestObject("ADMIN/Edit Text/Bespoke/Seller Pages/Order Details/input_Okay_btn_okay"), "*"): Keys '*' sent to object: 'Object Repository/ADMIN/Edit Text/Bespoke/Seller Pages/Order Details/input_Okay_btn_okay'

2020-03-20 14:55:13 - [MESSAGE][PASSED] - Keys '*' sent to object: 'Object Repository/ADMIN/Edit Text/Bespoke/Seller Pages/Order Details/input_Okay_btn_okay'

2020-03-20 14:55:13 - [TEST_STEP][PASSED] - click(findTestObject("ADMIN/Edit Text/Bespoke/Buyer Pages/Homepage/button_save"), CONTINUE_ON_FAILURE): Object: 'Object Repository/ADMIN/Edit Text/Bespoke/Buyer Pages/Homepage/button_save' is clicked on

2020-03-20 14:55:14 - [MESSAGE][PASSED] - Object: 'Object Repository/ADMIN/Edit Text/Bespoke/Buyer Pages/Homepage/button_save' is clicked on

2020-03-20 14:55:14 - [TEST_STEP][PASSED] - waitForElementVisible(findTestObject("ADMIN/Edit Text/Bespoke/Buyer Pages/Homepage/toaster_success"), 0): Object 'Object Repository/ADMIN/Edit Text/Bespoke/Buyer Pages/Homepage/toaster_success' is visible

2020-03-20 14:55:14 - [MESSAGE][WARNING] - Timeout '0' is invalid. Using default page load timeout: '30'

2020-03-20 14:55:14 - [MESSAGE][PASSED] - Object 'Object Repository/ADMIN/Edit Text/Bespoke/Buyer Pages/Homepage/toaster_success' is visible]]></system-out>
         <system-err><![CDATA[]]></system-err>
      </testcase>
      <testcase name="Test Cases/ADMIN/Language/Edit Text/Bespoke/Seller/Order Details" time="11.031" classname="Test Cases/ADMIN/Language/Edit Text/Bespoke/Seller/Order Details" status="PASSED">
         <system-out><![CDATA[2020-03-20 14:55:14 - [TEST_CASE][PASSED] - Test Cases/ADMIN/Language/Edit Text/Bespoke/Seller/Order Details: Test Cases/ADMIN/Language/Edit Text/Bespoke/Seller/Order Details

2020-03-20 14:55:14 - [TEST_STEP][PASSED] - waitForElementVisible(findTestObject("ADMIN/Edit Text/Bespoke/Buyer Navigation/dd_language"), 0): Object 'Object Repository/ADMIN/Edit Text/Bespoke/Buyer Navigation/dd_language' is visible

2020-03-20 14:55:14 - [MESSAGE][WARNING] - Timeout '0' is invalid. Using default page load timeout: '30'

2020-03-20 14:55:15 - [MESSAGE][PASSED] - Object 'Object Repository/ADMIN/Edit Text/Bespoke/Buyer Navigation/dd_language' is visible

2020-03-20 14:55:15 - [TEST_STEP][PASSED] - selectOptionByLabel(findTestObject("ADMIN/Edit Text/Bespoke/Buyer Navigation/dd_language"), varLanguage, false): All options with label 'Dutch' are selected in object 'Object Repository/ADMIN/Edit Text/Bespoke/Buyer Navigation/dd_language' 

2020-03-20 14:55:16 - [MESSAGE][PASSED] - All options with label 'Dutch' are selected in object 'Object Repository/ADMIN/Edit Text/Bespoke/Buyer Navigation/dd_language' 

2020-03-20 14:55:16 - [TEST_STEP][PASSED] - sendKeys(findTestObject("ADMIN/Edit Text/Bespoke/Seller Pages/Order Details/input_ORDER ID_order-id-txt"), "*"): Keys '*' sent to object: 'Object Repository/ADMIN/Edit Text/Bespoke/Seller Pages/Order Details/input_ORDER ID_order-id-txt'

2020-03-20 14:55:17 - [MESSAGE][PASSED] - Keys '*' sent to object: 'Object Repository/ADMIN/Edit Text/Bespoke/Seller Pages/Order Details/input_ORDER ID_order-id-txt'

2020-03-20 14:55:17 - [TEST_STEP][PASSED] - sendKeys(findTestObject("ADMIN/Edit Text/Bespoke/Seller Pages/Order Details/input_INVOICE ID_invoice-id-txt"), "*"): Keys '*' sent to object: 'Object Repository/ADMIN/Edit Text/Bespoke/Seller Pages/Order Details/input_INVOICE ID_invoice-id-txt'

2020-03-20 14:55:18 - [MESSAGE][PASSED] - Keys '*' sent to object: 'Object Repository/ADMIN/Edit Text/Bespoke/Seller Pages/Order Details/input_INVOICE ID_invoice-id-txt'

2020-03-20 14:55:18 - [TEST_STEP][PASSED] - sendKeys(findTestObject("ADMIN/Edit Text/Bespoke/Seller Pages/Order Details/input_TIMESTAMP_timestamp-txt"), "*"): Keys '*' sent to object: 'Object Repository/ADMIN/Edit Text/Bespoke/Seller Pages/Order Details/input_TIMESTAMP_timestamp-txt'

2020-03-20 14:55:18 - [MESSAGE][PASSED] - Keys '*' sent to object: 'Object Repository/ADMIN/Edit Text/Bespoke/Seller Pages/Order Details/input_TIMESTAMP_timestamp-txt'

2020-03-20 14:55:18 - [TEST_STEP][PASSED] - sendKeys(findTestObject("ADMIN/Edit Text/Bespoke/Seller Pages/Order Details/input_TRANSACTION ID_transaction-id"), "*"): Keys '*' sent to object: 'Object Repository/ADMIN/Edit Text/Bespoke/Seller Pages/Order Details/input_TRANSACTION ID_transaction-id'

2020-03-20 14:55:18 - [MESSAGE][PASSED] - Keys '*' sent to object: 'Object Repository/ADMIN/Edit Text/Bespoke/Seller Pages/Order Details/input_TRANSACTION ID_transaction-id'

2020-03-20 14:55:18 - [TEST_STEP][PASSED] - sendKeys(findTestObject("ADMIN/Edit Text/Bespoke/Seller Pages/Order Details/input_BUYER INFO_buyer-info-txt"), "*"): Keys '*' sent to object: 'Object Repository/ADMIN/Edit Text/Bespoke/Seller Pages/Order Details/input_BUYER INFO_buyer-info-txt'

2020-03-20 14:55:19 - [MESSAGE][PASSED] - Keys '*' sent to object: 'Object Repository/ADMIN/Edit Text/Bespoke/Seller Pages/Order Details/input_BUYER INFO_buyer-info-txt'

2020-03-20 14:55:19 - [TEST_STEP][PASSED] - sendKeys(findTestObject("ADMIN/Edit Text/Bespoke/Seller Pages/Order Details/input_DELIVERY ADDRESS_delivery-address-txt"), "*"): Keys '*' sent to object: 'Object Repository/ADMIN/Edit Text/Bespoke/Seller Pages/Order Details/input_DELIVERY ADDRESS_delivery-address-txt'

2020-03-20 14:55:19 - [MESSAGE][PASSED] - Keys '*' sent to object: 'Object Repository/ADMIN/Edit Text/Bespoke/Seller Pages/Order Details/input_DELIVERY ADDRESS_delivery-address-txt'

2020-03-20 14:55:19 - [TEST_STEP][PASSED] - sendKeys(findTestObject("ADMIN/Edit Text/Bespoke/Seller Pages/Order Details/input_EMAIL_email-txt"), "*"): Keys '*' sent to object: 'Object Repository/ADMIN/Edit Text/Bespoke/Seller Pages/Order Details/input_EMAIL_email-txt'

2020-03-20 14:55:19 - [MESSAGE][PASSED] - Keys '*' sent to object: 'Object Repository/ADMIN/Edit Text/Bespoke/Seller Pages/Order Details/input_EMAIL_email-txt'

2020-03-20 14:55:19 - [TEST_STEP][PASSED] - sendKeys(findTestObject("ADMIN/Edit Text/Bespoke/Seller Pages/Order Details/input_CONTACT_contact-txt"), "*"): Keys '*' sent to object: 'Object Repository/ADMIN/Edit Text/Bespoke/Seller Pages/Order Details/input_CONTACT_contact-txt'

2020-03-20 14:55:19 - [MESSAGE][PASSED] - Keys '*' sent to object: 'Object Repository/ADMIN/Edit Text/Bespoke/Seller Pages/Order Details/input_CONTACT_contact-txt'

2020-03-20 14:55:19 - [TEST_STEP][PASSED] - sendKeys(findTestObject("ADMIN/Edit Text/Bespoke/Seller Pages/Order Details/input_TRANSACTION TOTAL_transaction-total"), "*"): Keys '*' sent to object: 'Object Repository/ADMIN/Edit Text/Bespoke/Seller Pages/Order Details/input_TRANSACTION TOTAL_transaction-total'

2020-03-20 14:55:20 - [MESSAGE][PASSED] - Keys '*' sent to object: 'Object Repository/ADMIN/Edit Text/Bespoke/Seller Pages/Order Details/input_TRANSACTION TOTAL_transaction-total'

2020-03-20 14:55:20 - [TEST_STEP][PASSED] - sendKeys(findTestObject("ADMIN/Edit Text/Bespoke/Seller Pages/Order Details/input_Subtotal_subtotal-txt"), "*"): Keys '*' sent to object: 'Object Repository/ADMIN/Edit Text/Bespoke/Seller Pages/Order Details/input_Subtotal_subtotal-txt'

2020-03-20 14:55:20 - [MESSAGE][PASSED] - Keys '*' sent to object: 'Object Repository/ADMIN/Edit Text/Bespoke/Seller Pages/Order Details/input_Subtotal_subtotal-txt'

2020-03-20 14:55:20 - [TEST_STEP][PASSED] - sendKeys(findTestObject("ADMIN/Edit Text/Bespoke/Seller Pages/Order Details/input_Delivery_delivery-txt"), "*"): Keys '*' sent to object: 'Object Repository/ADMIN/Edit Text/Bespoke/Seller Pages/Order Details/input_Delivery_delivery-txt'

2020-03-20 14:55:20 - [MESSAGE][PASSED] - Keys '*' sent to object: 'Object Repository/ADMIN/Edit Text/Bespoke/Seller Pages/Order Details/input_Delivery_delivery-txt'

2020-03-20 14:55:20 - [TEST_STEP][PASSED] - sendKeys(findTestObject("ADMIN/Edit Text/Bespoke/Seller Pages/Order Details/input_Admin fee_admin-fee"), "*"): Keys '*' sent to object: 'Object Repository/ADMIN/Edit Text/Bespoke/Seller Pages/Order Details/input_Admin fee_admin-fee'

2020-03-20 14:55:20 - [MESSAGE][PASSED] - Keys '*' sent to object: 'Object Repository/ADMIN/Edit Text/Bespoke/Seller Pages/Order Details/input_Admin fee_admin-fee'

2020-03-20 14:55:20 - [TEST_STEP][PASSED] - sendKeys(findTestObject("ADMIN/Edit Text/Bespoke/Seller Pages/Order Details/input_ITEM_item-txt"), "*"): Keys '*' sent to object: 'Object Repository/ADMIN/Edit Text/Bespoke/Seller Pages/Order Details/input_ITEM_item-txt'

2020-03-20 14:55:21 - [MESSAGE][PASSED] - Keys '*' sent to object: 'Object Repository/ADMIN/Edit Text/Bespoke/Seller Pages/Order Details/input_ITEM_item-txt'

2020-03-20 14:55:21 - [TEST_STEP][PASSED] - sendKeys(findTestObject("ADMIN/Edit Text/Bespoke/Seller Pages/Order Details/input_PRICE_price-txt"), "*"): Keys '*' sent to object: 'Object Repository/ADMIN/Edit Text/Bespoke/Seller Pages/Order Details/input_PRICE_price-txt'

2020-03-20 14:55:21 - [MESSAGE][PASSED] - Keys '*' sent to object: 'Object Repository/ADMIN/Edit Text/Bespoke/Seller Pages/Order Details/input_PRICE_price-txt'

2020-03-20 14:55:21 - [TEST_STEP][PASSED] - sendKeys(findTestObject("ADMIN/Edit Text/Bespoke/Seller Pages/Order Details/input_QTY_qty-txt"), "*"): Keys '*' sent to object: 'Object Repository/ADMIN/Edit Text/Bespoke/Seller Pages/Order Details/input_QTY_qty-txt'

2020-03-20 14:55:21 - [MESSAGE][PASSED] - Keys '*' sent to object: 'Object Repository/ADMIN/Edit Text/Bespoke/Seller Pages/Order Details/input_QTY_qty-txt'

2020-03-20 14:55:21 - [TEST_STEP][PASSED] - sendKeys(findTestObject("ADMIN/Edit Text/Bespoke/Seller Pages/Order Details/input_DELIVERY_buyer-info-txt"), "*"): Keys '*' sent to object: 'Object Repository/ADMIN/Edit Text/Bespoke/Seller Pages/Order Details/input_DELIVERY_buyer-info-txt'

2020-03-20 14:55:21 - [MESSAGE][PASSED] - Keys '*' sent to object: 'Object Repository/ADMIN/Edit Text/Bespoke/Seller Pages/Order Details/input_DELIVERY_buyer-info-txt'

2020-03-20 14:55:21 - [TEST_STEP][PASSED] - sendKeys(findTestObject("ADMIN/Edit Text/Bespoke/Seller Pages/Order Details/input_ORDER STATUS_order-status-txt"), "*"): Keys '*' sent to object: 'Object Repository/ADMIN/Edit Text/Bespoke/Seller Pages/Order Details/input_ORDER STATUS_order-status-txt'

2020-03-20 14:55:21 - [MESSAGE][PASSED] - Keys '*' sent to object: 'Object Repository/ADMIN/Edit Text/Bespoke/Seller Pages/Order Details/input_ORDER STATUS_order-status-txt'

2020-03-20 14:55:21 - [TEST_STEP][PASSED] - sendKeys(findTestObject("ADMIN/Edit Text/Bespoke/Seller Pages/Order Details/input_Payment Status_pay-txt"), "*"): Keys '*' sent to object: 'Object Repository/ADMIN/Edit Text/Bespoke/Seller Pages/Order Details/input_Payment Status_pay-txt'

2020-03-20 14:55:22 - [MESSAGE][PASSED] - Keys '*' sent to object: 'Object Repository/ADMIN/Edit Text/Bespoke/Seller Pages/Order Details/input_Payment Status_pay-txt'

2020-03-20 14:55:22 - [TEST_STEP][PASSED] - sendKeys(findTestObject("ADMIN/Edit Text/Bespoke/Seller Pages/Order Details/input_Payment Method_pay-info-txt"), "*"): Keys '*' sent to object: 'Object Repository/ADMIN/Edit Text/Bespoke/Seller Pages/Order Details/input_Payment Method_pay-info-txt'

2020-03-20 14:55:22 - [MESSAGE][PASSED] - Keys '*' sent to object: 'Object Repository/ADMIN/Edit Text/Bespoke/Seller Pages/Order Details/input_Payment Method_pay-info-txt'

2020-03-20 14:55:22 - [TEST_STEP][PASSED] - sendKeys(findTestObject("ADMIN/Edit Text/Bespoke/Seller Pages/Order Details/input_REVIEW_review-txt"), "*"): Keys '*' sent to object: 'Object Repository/ADMIN/Edit Text/Bespoke/Seller Pages/Order Details/input_REVIEW_review-txt'

2020-03-20 14:55:23 - [MESSAGE][PASSED] - Keys '*' sent to object: 'Object Repository/ADMIN/Edit Text/Bespoke/Seller Pages/Order Details/input_REVIEW_review-txt'

2020-03-20 14:55:23 - [TEST_STEP][PASSED] - sendKeys(findTestObject("ADMIN/Edit Text/Bespoke/Seller Pages/Order Details/input_New Review_review-txt"), "*"): Keys '*' sent to object: 'Object Repository/ADMIN/Edit Text/Bespoke/Seller Pages/Order Details/input_New Review_review-txt'

2020-03-20 14:55:23 - [MESSAGE][PASSED] - Keys '*' sent to object: 'Object Repository/ADMIN/Edit Text/Bespoke/Seller Pages/Order Details/input_New Review_review-txt'

2020-03-20 14:55:23 - [TEST_STEP][PASSED] - sendKeys(findTestObject("ADMIN/Edit Text/Bespoke/Seller Pages/Order Details/input_DeliveryPick-up_Delivery"), "*"): Keys '*' sent to object: 'Object Repository/ADMIN/Edit Text/Bespoke/Seller Pages/Order Details/input_DeliveryPick-up_Delivery'

2020-03-20 14:55:23 - [MESSAGE][PASSED] - Keys '*' sent to object: 'Object Repository/ADMIN/Edit Text/Bespoke/Seller Pages/Order Details/input_DeliveryPick-up_Delivery'

2020-03-20 14:55:23 - [TEST_STEP][PASSED] - sendKeys(findTestObject("ADMIN/Edit Text/Bespoke/Seller Pages/Order Details/input_Pick-up_Pick-up"), "*"): Keys '*' sent to object: 'Object Repository/ADMIN/Edit Text/Bespoke/Seller Pages/Order Details/input_Pick-up_Pick-up'

2020-03-20 14:55:23 - [MESSAGE][PASSED] - Keys '*' sent to object: 'Object Repository/ADMIN/Edit Text/Bespoke/Seller Pages/Order Details/input_Pick-up_Pick-up'

2020-03-20 14:55:23 - [TEST_STEP][PASSED] - sendKeys(findTestObject("ADMIN/Edit Text/Bespoke/Seller Pages/Order Details/input_Delivery From_bulk-delivery-discount"), "*"): Keys '*' sent to object: 'Object Repository/ADMIN/Edit Text/Bespoke/Seller Pages/Order Details/input_Delivery From_bulk-delivery-discount'

2020-03-20 14:55:23 - [MESSAGE][PASSED] - Keys '*' sent to object: 'Object Repository/ADMIN/Edit Text/Bespoke/Seller Pages/Order Details/input_Delivery From_bulk-delivery-discount'

2020-03-20 14:55:23 - [TEST_STEP][PASSED] - sendKeys(findTestObject("ADMIN/Edit Text/Bespoke/Seller Pages/Order Details/input_Minimum lead time_bulk-delivery-discount"), "*"): Keys '*' sent to object: 'Object Repository/ADMIN/Edit Text/Bespoke/Seller Pages/Order Details/input_Minimum lead time_bulk-delivery-discount'

2020-03-20 14:55:24 - [MESSAGE][PASSED] - Keys '*' sent to object: 'Object Repository/ADMIN/Edit Text/Bespoke/Seller Pages/Order Details/input_Minimum lead time_bulk-delivery-discount'

2020-03-20 14:55:24 - [TEST_STEP][PASSED] - sendKeys(findTestObject("ADMIN/Edit Text/Bespoke/Seller Pages/Order Details/input_BACK TO LIST_btn_back"), "*"): Keys '*' sent to object: 'Object Repository/ADMIN/Edit Text/Bespoke/Seller Pages/Order Details/input_BACK TO LIST_btn_back'

2020-03-20 14:55:24 - [MESSAGE][PASSED] - Keys '*' sent to object: 'Object Repository/ADMIN/Edit Text/Bespoke/Seller Pages/Order Details/input_BACK TO LIST_btn_back'

2020-03-20 14:55:24 - [TEST_STEP][PASSED] - sendKeys(findTestObject("ADMIN/Edit Text/Bespoke/Seller Pages/Order Details/input_STATUS CHANGED_popup-title"), "*"): Keys '*' sent to object: 'Object Repository/ADMIN/Edit Text/Bespoke/Seller Pages/Order Details/input_STATUS CHANGED_popup-title'

2020-03-20 14:55:24 - [MESSAGE][PASSED] - Keys '*' sent to object: 'Object Repository/ADMIN/Edit Text/Bespoke/Seller Pages/Order Details/input_STATUS CHANGED_popup-title'

2020-03-20 14:55:24 - [TEST_STEP][PASSED] - sendKeys(findTestObject("ADMIN/Edit Text/Bespoke/Seller Pages/Order Details/textarea_The order status for this item has been updated"), "*"): Keys '*' sent to object: 'Object Repository/ADMIN/Edit Text/Bespoke/Seller Pages/Order Details/textarea_The order status for this item has been updated'

2020-03-20 14:55:24 - [MESSAGE][PASSED] - Keys '*' sent to object: 'Object Repository/ADMIN/Edit Text/Bespoke/Seller Pages/Order Details/textarea_The order status for this item has been updated'

2020-03-20 14:55:24 - [TEST_STEP][PASSED] - sendKeys(findTestObject("ADMIN/Edit Text/Bespoke/Seller Pages/Order Details/input_Okay_btn_okay"), "*"): Keys '*' sent to object: 'Object Repository/ADMIN/Edit Text/Bespoke/Seller Pages/Order Details/input_Okay_btn_okay'

2020-03-20 14:55:25 - [MESSAGE][PASSED] - Keys '*' sent to object: 'Object Repository/ADMIN/Edit Text/Bespoke/Seller Pages/Order Details/input_Okay_btn_okay'

2020-03-20 14:55:25 - [TEST_STEP][PASSED] - click(findTestObject("ADMIN/Edit Text/Bespoke/Buyer Pages/Homepage/button_save"), CONTINUE_ON_FAILURE): Object: 'Object Repository/ADMIN/Edit Text/Bespoke/Buyer Pages/Homepage/button_save' is clicked on

2020-03-20 14:55:25 - [MESSAGE][PASSED] - Object: 'Object Repository/ADMIN/Edit Text/Bespoke/Buyer Pages/Homepage/button_save' is clicked on

2020-03-20 14:55:25 - [TEST_STEP][PASSED] - waitForElementVisible(findTestObject("ADMIN/Edit Text/Bespoke/Buyer Pages/Homepage/toaster_success"), 0): Object 'Object Repository/ADMIN/Edit Text/Bespoke/Buyer Pages/Homepage/toaster_success' is visible

2020-03-20 14:55:25 - [MESSAGE][WARNING] - Timeout '0' is invalid. Using default page load timeout: '30'

2020-03-20 14:55:25 - [MESSAGE][PASSED] - Object 'Object Repository/ADMIN/Edit Text/Bespoke/Buyer Pages/Homepage/toaster_success' is visible]]></system-out>
         <system-err><![CDATA[]]></system-err>
      </testcase>
      <testcase name="Test Cases/ADMIN/Language/Edit Text/Bespoke/Seller/Order Details" time="9.506" classname="Test Cases/ADMIN/Language/Edit Text/Bespoke/Seller/Order Details" status="PASSED">
         <system-out><![CDATA[2020-03-20 14:55:25 - [TEST_CASE][PASSED] - Test Cases/ADMIN/Language/Edit Text/Bespoke/Seller/Order Details: Test Cases/ADMIN/Language/Edit Text/Bespoke/Seller/Order Details

2020-03-20 14:55:25 - [TEST_STEP][PASSED] - waitForElementVisible(findTestObject("ADMIN/Edit Text/Bespoke/Buyer Navigation/dd_language"), 0): Object 'Object Repository/ADMIN/Edit Text/Bespoke/Buyer Navigation/dd_language' is visible

2020-03-20 14:55:25 - [MESSAGE][WARNING] - Timeout '0' is invalid. Using default page load timeout: '30'

2020-03-20 14:55:25 - [MESSAGE][PASSED] - Object 'Object Repository/ADMIN/Edit Text/Bespoke/Buyer Navigation/dd_language' is visible

2020-03-20 14:55:25 - [TEST_STEP][PASSED] - selectOptionByLabel(findTestObject("ADMIN/Edit Text/Bespoke/Buyer Navigation/dd_language"), varLanguage, false): All options with label 'Swedish' are selected in object 'Object Repository/ADMIN/Edit Text/Bespoke/Buyer Navigation/dd_language' 

2020-03-20 14:55:27 - [MESSAGE][PASSED] - All options with label 'Swedish' are selected in object 'Object Repository/ADMIN/Edit Text/Bespoke/Buyer Navigation/dd_language' 

2020-03-20 14:55:27 - [TEST_STEP][PASSED] - sendKeys(findTestObject("ADMIN/Edit Text/Bespoke/Seller Pages/Order Details/input_ORDER ID_order-id-txt"), "*"): Keys '*' sent to object: 'Object Repository/ADMIN/Edit Text/Bespoke/Seller Pages/Order Details/input_ORDER ID_order-id-txt'

2020-03-20 14:55:27 - [MESSAGE][PASSED] - Keys '*' sent to object: 'Object Repository/ADMIN/Edit Text/Bespoke/Seller Pages/Order Details/input_ORDER ID_order-id-txt'

2020-03-20 14:55:27 - [TEST_STEP][PASSED] - sendKeys(findTestObject("ADMIN/Edit Text/Bespoke/Seller Pages/Order Details/input_INVOICE ID_invoice-id-txt"), "*"): Keys '*' sent to object: 'Object Repository/ADMIN/Edit Text/Bespoke/Seller Pages/Order Details/input_INVOICE ID_invoice-id-txt'

2020-03-20 14:55:28 - [MESSAGE][PASSED] - Keys '*' sent to object: 'Object Repository/ADMIN/Edit Text/Bespoke/Seller Pages/Order Details/input_INVOICE ID_invoice-id-txt'

2020-03-20 14:55:28 - [TEST_STEP][PASSED] - sendKeys(findTestObject("ADMIN/Edit Text/Bespoke/Seller Pages/Order Details/input_TIMESTAMP_timestamp-txt"), "*"): Keys '*' sent to object: 'Object Repository/ADMIN/Edit Text/Bespoke/Seller Pages/Order Details/input_TIMESTAMP_timestamp-txt'

2020-03-20 14:55:28 - [MESSAGE][PASSED] - Keys '*' sent to object: 'Object Repository/ADMIN/Edit Text/Bespoke/Seller Pages/Order Details/input_TIMESTAMP_timestamp-txt'

2020-03-20 14:55:28 - [TEST_STEP][PASSED] - sendKeys(findTestObject("ADMIN/Edit Text/Bespoke/Seller Pages/Order Details/input_TRANSACTION ID_transaction-id"), "*"): Keys '*' sent to object: 'Object Repository/ADMIN/Edit Text/Bespoke/Seller Pages/Order Details/input_TRANSACTION ID_transaction-id'

2020-03-20 14:55:28 - [MESSAGE][PASSED] - Keys '*' sent to object: 'Object Repository/ADMIN/Edit Text/Bespoke/Seller Pages/Order Details/input_TRANSACTION ID_transaction-id'

2020-03-20 14:55:28 - [TEST_STEP][PASSED] - sendKeys(findTestObject("ADMIN/Edit Text/Bespoke/Seller Pages/Order Details/input_BUYER INFO_buyer-info-txt"), "*"): Keys '*' sent to object: 'Object Repository/ADMIN/Edit Text/Bespoke/Seller Pages/Order Details/input_BUYER INFO_buyer-info-txt'

2020-03-20 14:55:28 - [MESSAGE][PASSED] - Keys '*' sent to object: 'Object Repository/ADMIN/Edit Text/Bespoke/Seller Pages/Order Details/input_BUYER INFO_buyer-info-txt'

2020-03-20 14:55:28 - [TEST_STEP][PASSED] - sendKeys(findTestObject("ADMIN/Edit Text/Bespoke/Seller Pages/Order Details/input_DELIVERY ADDRESS_delivery-address-txt"), "*"): Keys '*' sent to object: 'Object Repository/ADMIN/Edit Text/Bespoke/Seller Pages/Order Details/input_DELIVERY ADDRESS_delivery-address-txt'

2020-03-20 14:55:29 - [MESSAGE][PASSED] - Keys '*' sent to object: 'Object Repository/ADMIN/Edit Text/Bespoke/Seller Pages/Order Details/input_DELIVERY ADDRESS_delivery-address-txt'

2020-03-20 14:55:29 - [TEST_STEP][PASSED] - sendKeys(findTestObject("ADMIN/Edit Text/Bespoke/Seller Pages/Order Details/input_EMAIL_email-txt"), "*"): Keys '*' sent to object: 'Object Repository/ADMIN/Edit Text/Bespoke/Seller Pages/Order Details/input_EMAIL_email-txt'

2020-03-20 14:55:29 - [MESSAGE][PASSED] - Keys '*' sent to object: 'Object Repository/ADMIN/Edit Text/Bespoke/Seller Pages/Order Details/input_EMAIL_email-txt'

2020-03-20 14:55:29 - [TEST_STEP][PASSED] - sendKeys(findTestObject("ADMIN/Edit Text/Bespoke/Seller Pages/Order Details/input_CONTACT_contact-txt"), "*"): Keys '*' sent to object: 'Object Repository/ADMIN/Edit Text/Bespoke/Seller Pages/Order Details/input_CONTACT_contact-txt'

2020-03-20 14:55:29 - [MESSAGE][PASSED] - Keys '*' sent to object: 'Object Repository/ADMIN/Edit Text/Bespoke/Seller Pages/Order Details/input_CONTACT_contact-txt'

2020-03-20 14:55:29 - [TEST_STEP][PASSED] - sendKeys(findTestObject("ADMIN/Edit Text/Bespoke/Seller Pages/Order Details/input_TRANSACTION TOTAL_transaction-total"), "*"): Keys '*' sent to object: 'Object Repository/ADMIN/Edit Text/Bespoke/Seller Pages/Order Details/input_TRANSACTION TOTAL_transaction-total'

2020-03-20 14:55:29 - [MESSAGE][PASSED] - Keys '*' sent to object: 'Object Repository/ADMIN/Edit Text/Bespoke/Seller Pages/Order Details/input_TRANSACTION TOTAL_transaction-total'

2020-03-20 14:55:29 - [TEST_STEP][PASSED] - sendKeys(findTestObject("ADMIN/Edit Text/Bespoke/Seller Pages/Order Details/input_Subtotal_subtotal-txt"), "*"): Keys '*' sent to object: 'Object Repository/ADMIN/Edit Text/Bespoke/Seller Pages/Order Details/input_Subtotal_subtotal-txt'

2020-03-20 14:55:30 - [MESSAGE][PASSED] - Keys '*' sent to object: 'Object Repository/ADMIN/Edit Text/Bespoke/Seller Pages/Order Details/input_Subtotal_subtotal-txt'

2020-03-20 14:55:30 - [TEST_STEP][PASSED] - sendKeys(findTestObject("ADMIN/Edit Text/Bespoke/Seller Pages/Order Details/input_Delivery_delivery-txt"), "*"): Keys '*' sent to object: 'Object Repository/ADMIN/Edit Text/Bespoke/Seller Pages/Order Details/input_Delivery_delivery-txt'

2020-03-20 14:55:30 - [MESSAGE][PASSED] - Keys '*' sent to object: 'Object Repository/ADMIN/Edit Text/Bespoke/Seller Pages/Order Details/input_Delivery_delivery-txt'

2020-03-20 14:55:30 - [TEST_STEP][PASSED] - sendKeys(findTestObject("ADMIN/Edit Text/Bespoke/Seller Pages/Order Details/input_Admin fee_admin-fee"), "*"): Keys '*' sent to object: 'Object Repository/ADMIN/Edit Text/Bespoke/Seller Pages/Order Details/input_Admin fee_admin-fee'

2020-03-20 14:55:30 - [MESSAGE][PASSED] - Keys '*' sent to object: 'Object Repository/ADMIN/Edit Text/Bespoke/Seller Pages/Order Details/input_Admin fee_admin-fee'

2020-03-20 14:55:30 - [TEST_STEP][PASSED] - sendKeys(findTestObject("ADMIN/Edit Text/Bespoke/Seller Pages/Order Details/input_ITEM_item-txt"), "*"): Keys '*' sent to object: 'Object Repository/ADMIN/Edit Text/Bespoke/Seller Pages/Order Details/input_ITEM_item-txt'

2020-03-20 14:55:30 - [MESSAGE][PASSED] - Keys '*' sent to object: 'Object Repository/ADMIN/Edit Text/Bespoke/Seller Pages/Order Details/input_ITEM_item-txt'

2020-03-20 14:55:30 - [TEST_STEP][PASSED] - sendKeys(findTestObject("ADMIN/Edit Text/Bespoke/Seller Pages/Order Details/input_PRICE_price-txt"), "*"): Keys '*' sent to object: 'Object Repository/ADMIN/Edit Text/Bespoke/Seller Pages/Order Details/input_PRICE_price-txt'

2020-03-20 14:55:31 - [MESSAGE][PASSED] - Keys '*' sent to object: 'Object Repository/ADMIN/Edit Text/Bespoke/Seller Pages/Order Details/input_PRICE_price-txt'

2020-03-20 14:55:31 - [TEST_STEP][PASSED] - sendKeys(findTestObject("ADMIN/Edit Text/Bespoke/Seller Pages/Order Details/input_QTY_qty-txt"), "*"): Keys '*' sent to object: 'Object Repository/ADMIN/Edit Text/Bespoke/Seller Pages/Order Details/input_QTY_qty-txt'

2020-03-20 14:55:31 - [MESSAGE][PASSED] - Keys '*' sent to object: 'Object Repository/ADMIN/Edit Text/Bespoke/Seller Pages/Order Details/input_QTY_qty-txt'

2020-03-20 14:55:31 - [TEST_STEP][PASSED] - sendKeys(findTestObject("ADMIN/Edit Text/Bespoke/Seller Pages/Order Details/input_DELIVERY_buyer-info-txt"), "*"): Keys '*' sent to object: 'Object Repository/ADMIN/Edit Text/Bespoke/Seller Pages/Order Details/input_DELIVERY_buyer-info-txt'

2020-03-20 14:55:31 - [MESSAGE][PASSED] - Keys '*' sent to object: 'Object Repository/ADMIN/Edit Text/Bespoke/Seller Pages/Order Details/input_DELIVERY_buyer-info-txt'

2020-03-20 14:55:31 - [TEST_STEP][PASSED] - sendKeys(findTestObject("ADMIN/Edit Text/Bespoke/Seller Pages/Order Details/input_ORDER STATUS_order-status-txt"), "*"): Keys '*' sent to object: 'Object Repository/ADMIN/Edit Text/Bespoke/Seller Pages/Order Details/input_ORDER STATUS_order-status-txt'

2020-03-20 14:55:31 - [MESSAGE][PASSED] - Keys '*' sent to object: 'Object Repository/ADMIN/Edit Text/Bespoke/Seller Pages/Order Details/input_ORDER STATUS_order-status-txt'

2020-03-20 14:55:31 - [TEST_STEP][PASSED] - sendKeys(findTestObject("ADMIN/Edit Text/Bespoke/Seller Pages/Order Details/input_Payment Status_pay-txt"), "*"): Keys '*' sent to object: 'Object Repository/ADMIN/Edit Text/Bespoke/Seller Pages/Order Details/input_Payment Status_pay-txt'

2020-03-20 14:55:31 - [MESSAGE][PASSED] - Keys '*' sent to object: 'Object Repository/ADMIN/Edit Text/Bespoke/Seller Pages/Order Details/input_Payment Status_pay-txt'

2020-03-20 14:55:31 - [TEST_STEP][PASSED] - sendKeys(findTestObject("ADMIN/Edit Text/Bespoke/Seller Pages/Order Details/input_Payment Method_pay-info-txt"), "*"): Keys '*' sent to object: 'Object Repository/ADMIN/Edit Text/Bespoke/Seller Pages/Order Details/input_Payment Method_pay-info-txt'

2020-03-20 14:55:32 - [MESSAGE][PASSED] - Keys '*' sent to object: 'Object Repository/ADMIN/Edit Text/Bespoke/Seller Pages/Order Details/input_Payment Method_pay-info-txt'

2020-03-20 14:55:32 - [TEST_STEP][PASSED] - sendKeys(findTestObject("ADMIN/Edit Text/Bespoke/Seller Pages/Order Details/input_REVIEW_review-txt"), "*"): Keys '*' sent to object: 'Object Repository/ADMIN/Edit Text/Bespoke/Seller Pages/Order Details/input_REVIEW_review-txt'

2020-03-20 14:55:32 - [MESSAGE][PASSED] - Keys '*' sent to object: 'Object Repository/ADMIN/Edit Text/Bespoke/Seller Pages/Order Details/input_REVIEW_review-txt'

2020-03-20 14:55:32 - [TEST_STEP][PASSED] - sendKeys(findTestObject("ADMIN/Edit Text/Bespoke/Seller Pages/Order Details/input_New Review_review-txt"), "*"): Keys '*' sent to object: 'Object Repository/ADMIN/Edit Text/Bespoke/Seller Pages/Order Details/input_New Review_review-txt'

2020-03-20 14:55:32 - [MESSAGE][PASSED] - Keys '*' sent to object: 'Object Repository/ADMIN/Edit Text/Bespoke/Seller Pages/Order Details/input_New Review_review-txt'

2020-03-20 14:55:32 - [TEST_STEP][PASSED] - sendKeys(findTestObject("ADMIN/Edit Text/Bespoke/Seller Pages/Order Details/input_DeliveryPick-up_Delivery"), "*"): Keys '*' sent to object: 'Object Repository/ADMIN/Edit Text/Bespoke/Seller Pages/Order Details/input_DeliveryPick-up_Delivery'

2020-03-20 14:55:32 - [MESSAGE][PASSED] - Keys '*' sent to object: 'Object Repository/ADMIN/Edit Text/Bespoke/Seller Pages/Order Details/input_DeliveryPick-up_Delivery'

2020-03-20 14:55:32 - [TEST_STEP][PASSED] - sendKeys(findTestObject("ADMIN/Edit Text/Bespoke/Seller Pages/Order Details/input_Pick-up_Pick-up"), "*"): Keys '*' sent to object: 'Object Repository/ADMIN/Edit Text/Bespoke/Seller Pages/Order Details/input_Pick-up_Pick-up'

2020-03-20 14:55:33 - [MESSAGE][PASSED] - Keys '*' sent to object: 'Object Repository/ADMIN/Edit Text/Bespoke/Seller Pages/Order Details/input_Pick-up_Pick-up'

2020-03-20 14:55:33 - [TEST_STEP][PASSED] - sendKeys(findTestObject("ADMIN/Edit Text/Bespoke/Seller Pages/Order Details/input_Delivery From_bulk-delivery-discount"), "*"): Keys '*' sent to object: 'Object Repository/ADMIN/Edit Text/Bespoke/Seller Pages/Order Details/input_Delivery From_bulk-delivery-discount'

2020-03-20 14:55:33 - [MESSAGE][PASSED] - Keys '*' sent to object: 'Object Repository/ADMIN/Edit Text/Bespoke/Seller Pages/Order Details/input_Delivery From_bulk-delivery-discount'

2020-03-20 14:55:33 - [TEST_STEP][PASSED] - sendKeys(findTestObject("ADMIN/Edit Text/Bespoke/Seller Pages/Order Details/input_Minimum lead time_bulk-delivery-discount"), "*"): Keys '*' sent to object: 'Object Repository/ADMIN/Edit Text/Bespoke/Seller Pages/Order Details/input_Minimum lead time_bulk-delivery-discount'

2020-03-20 14:55:33 - [MESSAGE][PASSED] - Keys '*' sent to object: 'Object Repository/ADMIN/Edit Text/Bespoke/Seller Pages/Order Details/input_Minimum lead time_bulk-delivery-discount'

2020-03-20 14:55:33 - [TEST_STEP][PASSED] - sendKeys(findTestObject("ADMIN/Edit Text/Bespoke/Seller Pages/Order Details/input_BACK TO LIST_btn_back"), "*"): Keys '*' sent to object: 'Object Repository/ADMIN/Edit Text/Bespoke/Seller Pages/Order Details/input_BACK TO LIST_btn_back'

2020-03-20 14:55:33 - [MESSAGE][PASSED] - Keys '*' sent to object: 'Object Repository/ADMIN/Edit Text/Bespoke/Seller Pages/Order Details/input_BACK TO LIST_btn_back'

2020-03-20 14:55:33 - [TEST_STEP][PASSED] - sendKeys(findTestObject("ADMIN/Edit Text/Bespoke/Seller Pages/Order Details/input_STATUS CHANGED_popup-title"), "*"): Keys '*' sent to object: 'Object Repository/ADMIN/Edit Text/Bespoke/Seller Pages/Order Details/input_STATUS CHANGED_popup-title'

2020-03-20 14:55:33 - [MESSAGE][PASSED] - Keys '*' sent to object: 'Object Repository/ADMIN/Edit Text/Bespoke/Seller Pages/Order Details/input_STATUS CHANGED_popup-title'

2020-03-20 14:55:33 - [TEST_STEP][PASSED] - sendKeys(findTestObject("ADMIN/Edit Text/Bespoke/Seller Pages/Order Details/textarea_The order status for this item has been updated"), "*"): Keys '*' sent to object: 'Object Repository/ADMIN/Edit Text/Bespoke/Seller Pages/Order Details/textarea_The order status for this item has been updated'

2020-03-20 14:55:34 - [MESSAGE][PASSED] - Keys '*' sent to object: 'Object Repository/ADMIN/Edit Text/Bespoke/Seller Pages/Order Details/textarea_The order status for this item has been updated'

2020-03-20 14:55:34 - [TEST_STEP][PASSED] - sendKeys(findTestObject("ADMIN/Edit Text/Bespoke/Seller Pages/Order Details/input_Okay_btn_okay"), "*"): Keys '*' sent to object: 'Object Repository/ADMIN/Edit Text/Bespoke/Seller Pages/Order Details/input_Okay_btn_okay'

2020-03-20 14:55:34 - [MESSAGE][PASSED] - Keys '*' sent to object: 'Object Repository/ADMIN/Edit Text/Bespoke/Seller Pages/Order Details/input_Okay_btn_okay'

2020-03-20 14:55:34 - [TEST_STEP][PASSED] - click(findTestObject("ADMIN/Edit Text/Bespoke/Buyer Pages/Homepage/button_save"), CONTINUE_ON_FAILURE): Object: 'Object Repository/ADMIN/Edit Text/Bespoke/Buyer Pages/Homepage/button_save' is clicked on

2020-03-20 14:55:34 - [MESSAGE][PASSED] - Object: 'Object Repository/ADMIN/Edit Text/Bespoke/Buyer Pages/Homepage/button_save' is clicked on

2020-03-20 14:55:34 - [TEST_STEP][PASSED] - waitForElementVisible(findTestObject("ADMIN/Edit Text/Bespoke/Buyer Pages/Homepage/toaster_success"), 0): Object 'Object Repository/ADMIN/Edit Text/Bespoke/Buyer Pages/Homepage/toaster_success' is visible

2020-03-20 14:55:34 - [MESSAGE][WARNING] - Timeout '0' is invalid. Using default page load timeout: '30'

2020-03-20 14:55:35 - [MESSAGE][PASSED] - Object 'Object Repository/ADMIN/Edit Text/Bespoke/Buyer Pages/Homepage/toaster_success' is visible]]></system-out>
         <system-err><![CDATA[]]></system-err>
      </testcase>
      <testcase name="Test Cases/ADMIN/Language/Edit Text/Bespoke/Seller/Order Details" time="8.747" classname="Test Cases/ADMIN/Language/Edit Text/Bespoke/Seller/Order Details" status="PASSED">
         <system-out><![CDATA[2020-03-20 14:55:35 - [TEST_CASE][PASSED] - Test Cases/ADMIN/Language/Edit Text/Bespoke/Seller/Order Details: Test Cases/ADMIN/Language/Edit Text/Bespoke/Seller/Order Details

2020-03-20 14:55:35 - [TEST_STEP][PASSED] - waitForElementVisible(findTestObject("ADMIN/Edit Text/Bespoke/Buyer Navigation/dd_language"), 0): Object 'Object Repository/ADMIN/Edit Text/Bespoke/Buyer Navigation/dd_language' is visible

2020-03-20 14:55:35 - [MESSAGE][WARNING] - Timeout '0' is invalid. Using default page load timeout: '30'

2020-03-20 14:55:35 - [MESSAGE][PASSED] - Object 'Object Repository/ADMIN/Edit Text/Bespoke/Buyer Navigation/dd_language' is visible

2020-03-20 14:55:35 - [TEST_STEP][PASSED] - selectOptionByLabel(findTestObject("ADMIN/Edit Text/Bespoke/Buyer Navigation/dd_language"), varLanguage, false): All options with label 'Chinese (Simplified)' are selected in object 'Object Repository/ADMIN/Edit Text/Bespoke/Buyer Navigation/dd_language' 

2020-03-20 14:55:36 - [MESSAGE][PASSED] - All options with label 'Chinese (Simplified)' are selected in object 'Object Repository/ADMIN/Edit Text/Bespoke/Buyer Navigation/dd_language' 

2020-03-20 14:55:36 - [TEST_STEP][PASSED] - sendKeys(findTestObject("ADMIN/Edit Text/Bespoke/Seller Pages/Order Details/input_ORDER ID_order-id-txt"), "*"): Keys '*' sent to object: 'Object Repository/ADMIN/Edit Text/Bespoke/Seller Pages/Order Details/input_ORDER ID_order-id-txt'

2020-03-20 14:55:37 - [MESSAGE][PASSED] - Keys '*' sent to object: 'Object Repository/ADMIN/Edit Text/Bespoke/Seller Pages/Order Details/input_ORDER ID_order-id-txt'

2020-03-20 14:55:37 - [TEST_STEP][PASSED] - sendKeys(findTestObject("ADMIN/Edit Text/Bespoke/Seller Pages/Order Details/input_INVOICE ID_invoice-id-txt"), "*"): Keys '*' sent to object: 'Object Repository/ADMIN/Edit Text/Bespoke/Seller Pages/Order Details/input_INVOICE ID_invoice-id-txt'

2020-03-20 14:55:37 - [MESSAGE][PASSED] - Keys '*' sent to object: 'Object Repository/ADMIN/Edit Text/Bespoke/Seller Pages/Order Details/input_INVOICE ID_invoice-id-txt'

2020-03-20 14:55:37 - [TEST_STEP][PASSED] - sendKeys(findTestObject("ADMIN/Edit Text/Bespoke/Seller Pages/Order Details/input_TIMESTAMP_timestamp-txt"), "*"): Keys '*' sent to object: 'Object Repository/ADMIN/Edit Text/Bespoke/Seller Pages/Order Details/input_TIMESTAMP_timestamp-txt'

2020-03-20 14:55:37 - [MESSAGE][PASSED] - Keys '*' sent to object: 'Object Repository/ADMIN/Edit Text/Bespoke/Seller Pages/Order Details/input_TIMESTAMP_timestamp-txt'

2020-03-20 14:55:37 - [TEST_STEP][PASSED] - sendKeys(findTestObject("ADMIN/Edit Text/Bespoke/Seller Pages/Order Details/input_TRANSACTION ID_transaction-id"), "*"): Keys '*' sent to object: 'Object Repository/ADMIN/Edit Text/Bespoke/Seller Pages/Order Details/input_TRANSACTION ID_transaction-id'

2020-03-20 14:55:37 - [MESSAGE][PASSED] - Keys '*' sent to object: 'Object Repository/ADMIN/Edit Text/Bespoke/Seller Pages/Order Details/input_TRANSACTION ID_transaction-id'

2020-03-20 14:55:37 - [TEST_STEP][PASSED] - sendKeys(findTestObject("ADMIN/Edit Text/Bespoke/Seller Pages/Order Details/input_BUYER INFO_buyer-info-txt"), "*"): Keys '*' sent to object: 'Object Repository/ADMIN/Edit Text/Bespoke/Seller Pages/Order Details/input_BUYER INFO_buyer-info-txt'

2020-03-20 14:55:38 - [MESSAGE][PASSED] - Keys '*' sent to object: 'Object Repository/ADMIN/Edit Text/Bespoke/Seller Pages/Order Details/input_BUYER INFO_buyer-info-txt'

2020-03-20 14:55:38 - [TEST_STEP][PASSED] - sendKeys(findTestObject("ADMIN/Edit Text/Bespoke/Seller Pages/Order Details/input_DELIVERY ADDRESS_delivery-address-txt"), "*"): Keys '*' sent to object: 'Object Repository/ADMIN/Edit Text/Bespoke/Seller Pages/Order Details/input_DELIVERY ADDRESS_delivery-address-txt'

2020-03-20 14:55:38 - [MESSAGE][PASSED] - Keys '*' sent to object: 'Object Repository/ADMIN/Edit Text/Bespoke/Seller Pages/Order Details/input_DELIVERY ADDRESS_delivery-address-txt'

2020-03-20 14:55:38 - [TEST_STEP][PASSED] - sendKeys(findTestObject("ADMIN/Edit Text/Bespoke/Seller Pages/Order Details/input_EMAIL_email-txt"), "*"): Keys '*' sent to object: 'Object Repository/ADMIN/Edit Text/Bespoke/Seller Pages/Order Details/input_EMAIL_email-txt'

2020-03-20 14:55:38 - [MESSAGE][PASSED] - Keys '*' sent to object: 'Object Repository/ADMIN/Edit Text/Bespoke/Seller Pages/Order Details/input_EMAIL_email-txt'

2020-03-20 14:55:38 - [TEST_STEP][PASSED] - sendKeys(findTestObject("ADMIN/Edit Text/Bespoke/Seller Pages/Order Details/input_CONTACT_contact-txt"), "*"): Keys '*' sent to object: 'Object Repository/ADMIN/Edit Text/Bespoke/Seller Pages/Order Details/input_CONTACT_contact-txt'

2020-03-20 14:55:38 - [MESSAGE][PASSED] - Keys '*' sent to object: 'Object Repository/ADMIN/Edit Text/Bespoke/Seller Pages/Order Details/input_CONTACT_contact-txt'

2020-03-20 14:55:38 - [TEST_STEP][PASSED] - sendKeys(findTestObject("ADMIN/Edit Text/Bespoke/Seller Pages/Order Details/input_TRANSACTION TOTAL_transaction-total"), "*"): Keys '*' sent to object: 'Object Repository/ADMIN/Edit Text/Bespoke/Seller Pages/Order Details/input_TRANSACTION TOTAL_transaction-total'

2020-03-20 14:55:38 - [MESSAGE][PASSED] - Keys '*' sent to object: 'Object Repository/ADMIN/Edit Text/Bespoke/Seller Pages/Order Details/input_TRANSACTION TOTAL_transaction-total'

2020-03-20 14:55:38 - [TEST_STEP][PASSED] - sendKeys(findTestObject("ADMIN/Edit Text/Bespoke/Seller Pages/Order Details/input_Subtotal_subtotal-txt"), "*"): Keys '*' sent to object: 'Object Repository/ADMIN/Edit Text/Bespoke/Seller Pages/Order Details/input_Subtotal_subtotal-txt'

2020-03-20 14:55:38 - [MESSAGE][PASSED] - Keys '*' sent to object: 'Object Repository/ADMIN/Edit Text/Bespoke/Seller Pages/Order Details/input_Subtotal_subtotal-txt'

2020-03-20 14:55:38 - [TEST_STEP][PASSED] - sendKeys(findTestObject("ADMIN/Edit Text/Bespoke/Seller Pages/Order Details/input_Delivery_delivery-txt"), "*"): Keys '*' sent to object: 'Object Repository/ADMIN/Edit Text/Bespoke/Seller Pages/Order Details/input_Delivery_delivery-txt'

2020-03-20 14:55:39 - [MESSAGE][PASSED] - Keys '*' sent to object: 'Object Repository/ADMIN/Edit Text/Bespoke/Seller Pages/Order Details/input_Delivery_delivery-txt'

2020-03-20 14:55:39 - [TEST_STEP][PASSED] - sendKeys(findTestObject("ADMIN/Edit Text/Bespoke/Seller Pages/Order Details/input_Admin fee_admin-fee"), "*"): Keys '*' sent to object: 'Object Repository/ADMIN/Edit Text/Bespoke/Seller Pages/Order Details/input_Admin fee_admin-fee'

2020-03-20 14:55:39 - [MESSAGE][PASSED] - Keys '*' sent to object: 'Object Repository/ADMIN/Edit Text/Bespoke/Seller Pages/Order Details/input_Admin fee_admin-fee'

2020-03-20 14:55:39 - [TEST_STEP][PASSED] - sendKeys(findTestObject("ADMIN/Edit Text/Bespoke/Seller Pages/Order Details/input_ITEM_item-txt"), "*"): Keys '*' sent to object: 'Object Repository/ADMIN/Edit Text/Bespoke/Seller Pages/Order Details/input_ITEM_item-txt'

2020-03-20 14:55:39 - [MESSAGE][PASSED] - Keys '*' sent to object: 'Object Repository/ADMIN/Edit Text/Bespoke/Seller Pages/Order Details/input_ITEM_item-txt'

2020-03-20 14:55:39 - [TEST_STEP][PASSED] - sendKeys(findTestObject("ADMIN/Edit Text/Bespoke/Seller Pages/Order Details/input_PRICE_price-txt"), "*"): Keys '*' sent to object: 'Object Repository/ADMIN/Edit Text/Bespoke/Seller Pages/Order Details/input_PRICE_price-txt'

2020-03-20 14:55:40 - [MESSAGE][PASSED] - Keys '*' sent to object: 'Object Repository/ADMIN/Edit Text/Bespoke/Seller Pages/Order Details/input_PRICE_price-txt'

2020-03-20 14:55:40 - [TEST_STEP][PASSED] - sendKeys(findTestObject("ADMIN/Edit Text/Bespoke/Seller Pages/Order Details/input_QTY_qty-txt"), "*"): Keys '*' sent to object: 'Object Repository/ADMIN/Edit Text/Bespoke/Seller Pages/Order Details/input_QTY_qty-txt'

2020-03-20 14:55:40 - [MESSAGE][PASSED] - Keys '*' sent to object: 'Object Repository/ADMIN/Edit Text/Bespoke/Seller Pages/Order Details/input_QTY_qty-txt'

2020-03-20 14:55:40 - [TEST_STEP][PASSED] - sendKeys(findTestObject("ADMIN/Edit Text/Bespoke/Seller Pages/Order Details/input_DELIVERY_buyer-info-txt"), "*"): Keys '*' sent to object: 'Object Repository/ADMIN/Edit Text/Bespoke/Seller Pages/Order Details/input_DELIVERY_buyer-info-txt'

2020-03-20 14:55:40 - [MESSAGE][PASSED] - Keys '*' sent to object: 'Object Repository/ADMIN/Edit Text/Bespoke/Seller Pages/Order Details/input_DELIVERY_buyer-info-txt'

2020-03-20 14:55:40 - [TEST_STEP][PASSED] - sendKeys(findTestObject("ADMIN/Edit Text/Bespoke/Seller Pages/Order Details/input_ORDER STATUS_order-status-txt"), "*"): Keys '*' sent to object: 'Object Repository/ADMIN/Edit Text/Bespoke/Seller Pages/Order Details/input_ORDER STATUS_order-status-txt'

2020-03-20 14:55:40 - [MESSAGE][PASSED] - Keys '*' sent to object: 'Object Repository/ADMIN/Edit Text/Bespoke/Seller Pages/Order Details/input_ORDER STATUS_order-status-txt'

2020-03-20 14:55:40 - [TEST_STEP][PASSED] - sendKeys(findTestObject("ADMIN/Edit Text/Bespoke/Seller Pages/Order Details/input_Payment Status_pay-txt"), "*"): Keys '*' sent to object: 'Object Repository/ADMIN/Edit Text/Bespoke/Seller Pages/Order Details/input_Payment Status_pay-txt'

2020-03-20 14:55:40 - [MESSAGE][PASSED] - Keys '*' sent to object: 'Object Repository/ADMIN/Edit Text/Bespoke/Seller Pages/Order Details/input_Payment Status_pay-txt'

2020-03-20 14:55:40 - [TEST_STEP][PASSED] - sendKeys(findTestObject("ADMIN/Edit Text/Bespoke/Seller Pages/Order Details/input_Payment Method_pay-info-txt"), "*"): Keys '*' sent to object: 'Object Repository/ADMIN/Edit Text/Bespoke/Seller Pages/Order Details/input_Payment Method_pay-info-txt'

2020-03-20 14:55:41 - [MESSAGE][PASSED] - Keys '*' sent to object: 'Object Repository/ADMIN/Edit Text/Bespoke/Seller Pages/Order Details/input_Payment Method_pay-info-txt'

2020-03-20 14:55:41 - [TEST_STEP][PASSED] - sendKeys(findTestObject("ADMIN/Edit Text/Bespoke/Seller Pages/Order Details/input_REVIEW_review-txt"), "*"): Keys '*' sent to object: 'Object Repository/ADMIN/Edit Text/Bespoke/Seller Pages/Order Details/input_REVIEW_review-txt'

2020-03-20 14:55:41 - [MESSAGE][PASSED] - Keys '*' sent to object: 'Object Repository/ADMIN/Edit Text/Bespoke/Seller Pages/Order Details/input_REVIEW_review-txt'

2020-03-20 14:55:41 - [TEST_STEP][PASSED] - sendKeys(findTestObject("ADMIN/Edit Text/Bespoke/Seller Pages/Order Details/input_New Review_review-txt"), "*"): Keys '*' sent to object: 'Object Repository/ADMIN/Edit Text/Bespoke/Seller Pages/Order Details/input_New Review_review-txt'

2020-03-20 14:55:41 - [MESSAGE][PASSED] - Keys '*' sent to object: 'Object Repository/ADMIN/Edit Text/Bespoke/Seller Pages/Order Details/input_New Review_review-txt'

2020-03-20 14:55:41 - [TEST_STEP][PASSED] - sendKeys(findTestObject("ADMIN/Edit Text/Bespoke/Seller Pages/Order Details/input_DeliveryPick-up_Delivery"), "*"): Keys '*' sent to object: 'Object Repository/ADMIN/Edit Text/Bespoke/Seller Pages/Order Details/input_DeliveryPick-up_Delivery'

2020-03-20 14:55:41 - [MESSAGE][PASSED] - Keys '*' sent to object: 'Object Repository/ADMIN/Edit Text/Bespoke/Seller Pages/Order Details/input_DeliveryPick-up_Delivery'

2020-03-20 14:55:41 - [TEST_STEP][PASSED] - sendKeys(findTestObject("ADMIN/Edit Text/Bespoke/Seller Pages/Order Details/input_Pick-up_Pick-up"), "*"): Keys '*' sent to object: 'Object Repository/ADMIN/Edit Text/Bespoke/Seller Pages/Order Details/input_Pick-up_Pick-up'

2020-03-20 14:55:41 - [MESSAGE][PASSED] - Keys '*' sent to object: 'Object Repository/ADMIN/Edit Text/Bespoke/Seller Pages/Order Details/input_Pick-up_Pick-up'

2020-03-20 14:55:41 - [TEST_STEP][PASSED] - sendKeys(findTestObject("ADMIN/Edit Text/Bespoke/Seller Pages/Order Details/input_Delivery From_bulk-delivery-discount"), "*"): Keys '*' sent to object: 'Object Repository/ADMIN/Edit Text/Bespoke/Seller Pages/Order Details/input_Delivery From_bulk-delivery-discount'

2020-03-20 14:55:42 - [MESSAGE][PASSED] - Keys '*' sent to object: 'Object Repository/ADMIN/Edit Text/Bespoke/Seller Pages/Order Details/input_Delivery From_bulk-delivery-discount'

2020-03-20 14:55:42 - [TEST_STEP][PASSED] - sendKeys(findTestObject("ADMIN/Edit Text/Bespoke/Seller Pages/Order Details/input_Minimum lead time_bulk-delivery-discount"), "*"): Keys '*' sent to object: 'Object Repository/ADMIN/Edit Text/Bespoke/Seller Pages/Order Details/input_Minimum lead time_bulk-delivery-discount'

2020-03-20 14:55:42 - [MESSAGE][PASSED] - Keys '*' sent to object: 'Object Repository/ADMIN/Edit Text/Bespoke/Seller Pages/Order Details/input_Minimum lead time_bulk-delivery-discount'

2020-03-20 14:55:42 - [TEST_STEP][PASSED] - sendKeys(findTestObject("ADMIN/Edit Text/Bespoke/Seller Pages/Order Details/input_BACK TO LIST_btn_back"), "*"): Keys '*' sent to object: 'Object Repository/ADMIN/Edit Text/Bespoke/Seller Pages/Order Details/input_BACK TO LIST_btn_back'

2020-03-20 14:55:42 - [MESSAGE][PASSED] - Keys '*' sent to object: 'Object Repository/ADMIN/Edit Text/Bespoke/Seller Pages/Order Details/input_BACK TO LIST_btn_back'

2020-03-20 14:55:42 - [TEST_STEP][PASSED] - sendKeys(findTestObject("ADMIN/Edit Text/Bespoke/Seller Pages/Order Details/input_STATUS CHANGED_popup-title"), "*"): Keys '*' sent to object: 'Object Repository/ADMIN/Edit Text/Bespoke/Seller Pages/Order Details/input_STATUS CHANGED_popup-title'

2020-03-20 14:55:42 - [MESSAGE][PASSED] - Keys '*' sent to object: 'Object Repository/ADMIN/Edit Text/Bespoke/Seller Pages/Order Details/input_STATUS CHANGED_popup-title'

2020-03-20 14:55:42 - [TEST_STEP][PASSED] - sendKeys(findTestObject("ADMIN/Edit Text/Bespoke/Seller Pages/Order Details/textarea_The order status for this item has been updated"), "*"): Keys '*' sent to object: 'Object Repository/ADMIN/Edit Text/Bespoke/Seller Pages/Order Details/textarea_The order status for this item has been updated'

2020-03-20 14:55:43 - [MESSAGE][PASSED] - Keys '*' sent to object: 'Object Repository/ADMIN/Edit Text/Bespoke/Seller Pages/Order Details/textarea_The order status for this item has been updated'

2020-03-20 14:55:43 - [TEST_STEP][PASSED] - sendKeys(findTestObject("ADMIN/Edit Text/Bespoke/Seller Pages/Order Details/input_Okay_btn_okay"), "*"): Keys '*' sent to object: 'Object Repository/ADMIN/Edit Text/Bespoke/Seller Pages/Order Details/input_Okay_btn_okay'

2020-03-20 14:55:43 - [MESSAGE][PASSED] - Keys '*' sent to object: 'Object Repository/ADMIN/Edit Text/Bespoke/Seller Pages/Order Details/input_Okay_btn_okay'

2020-03-20 14:55:43 - [TEST_STEP][PASSED] - click(findTestObject("ADMIN/Edit Text/Bespoke/Buyer Pages/Homepage/button_save"), CONTINUE_ON_FAILURE): Object: 'Object Repository/ADMIN/Edit Text/Bespoke/Buyer Pages/Homepage/button_save' is clicked on

2020-03-20 14:55:43 - [MESSAGE][PASSED] - Object: 'Object Repository/ADMIN/Edit Text/Bespoke/Buyer Pages/Homepage/button_save' is clicked on

2020-03-20 14:55:43 - [TEST_STEP][PASSED] - waitForElementVisible(findTestObject("ADMIN/Edit Text/Bespoke/Buyer Pages/Homepage/toaster_success"), 0): Object 'Object Repository/ADMIN/Edit Text/Bespoke/Buyer Pages/Homepage/toaster_success' is visible

2020-03-20 14:55:43 - [MESSAGE][WARNING] - Timeout '0' is invalid. Using default page load timeout: '30'

2020-03-20 14:55:44 - [MESSAGE][PASSED] - Object 'Object Repository/ADMIN/Edit Text/Bespoke/Buyer Pages/Homepage/toaster_success' is visible]]></system-out>
         <system-err><![CDATA[]]></system-err>
      </testcase>
      <testcase name="Test Cases/ADMIN/Language/Edit Text/Bespoke/Seller/Order Details" time="8.986" classname="Test Cases/ADMIN/Language/Edit Text/Bespoke/Seller/Order Details" status="PASSED">
         <system-out><![CDATA[2020-03-20 14:55:44 - [TEST_CASE][PASSED] - Test Cases/ADMIN/Language/Edit Text/Bespoke/Seller/Order Details: Test Cases/ADMIN/Language/Edit Text/Bespoke/Seller/Order Details

2020-03-20 14:55:44 - [TEST_STEP][PASSED] - waitForElementVisible(findTestObject("ADMIN/Edit Text/Bespoke/Buyer Navigation/dd_language"), 0): Object 'Object Repository/ADMIN/Edit Text/Bespoke/Buyer Navigation/dd_language' is visible

2020-03-20 14:55:44 - [MESSAGE][WARNING] - Timeout '0' is invalid. Using default page load timeout: '30'

2020-03-20 14:55:44 - [MESSAGE][PASSED] - Object 'Object Repository/ADMIN/Edit Text/Bespoke/Buyer Navigation/dd_language' is visible

2020-03-20 14:55:44 - [TEST_STEP][PASSED] - selectOptionByLabel(findTestObject("ADMIN/Edit Text/Bespoke/Buyer Navigation/dd_language"), varLanguage, false): All options with label 'Hebrew' are selected in object 'Object Repository/ADMIN/Edit Text/Bespoke/Buyer Navigation/dd_language' 

2020-03-20 14:55:45 - [MESSAGE][PASSED] - All options with label 'Hebrew' are selected in object 'Object Repository/ADMIN/Edit Text/Bespoke/Buyer Navigation/dd_language' 

2020-03-20 14:55:45 - [TEST_STEP][PASSED] - sendKeys(findTestObject("ADMIN/Edit Text/Bespoke/Seller Pages/Order Details/input_ORDER ID_order-id-txt"), "*"): Keys '*' sent to object: 'Object Repository/ADMIN/Edit Text/Bespoke/Seller Pages/Order Details/input_ORDER ID_order-id-txt'

2020-03-20 14:55:45 - [MESSAGE][PASSED] - Keys '*' sent to object: 'Object Repository/ADMIN/Edit Text/Bespoke/Seller Pages/Order Details/input_ORDER ID_order-id-txt'

2020-03-20 14:55:45 - [TEST_STEP][PASSED] - sendKeys(findTestObject("ADMIN/Edit Text/Bespoke/Seller Pages/Order Details/input_INVOICE ID_invoice-id-txt"), "*"): Keys '*' sent to object: 'Object Repository/ADMIN/Edit Text/Bespoke/Seller Pages/Order Details/input_INVOICE ID_invoice-id-txt'

2020-03-20 14:55:46 - [MESSAGE][PASSED] - Keys '*' sent to object: 'Object Repository/ADMIN/Edit Text/Bespoke/Seller Pages/Order Details/input_INVOICE ID_invoice-id-txt'

2020-03-20 14:55:46 - [TEST_STEP][PASSED] - sendKeys(findTestObject("ADMIN/Edit Text/Bespoke/Seller Pages/Order Details/input_TIMESTAMP_timestamp-txt"), "*"): Keys '*' sent to object: 'Object Repository/ADMIN/Edit Text/Bespoke/Seller Pages/Order Details/input_TIMESTAMP_timestamp-txt'

2020-03-20 14:55:46 - [MESSAGE][PASSED] - Keys '*' sent to object: 'Object Repository/ADMIN/Edit Text/Bespoke/Seller Pages/Order Details/input_TIMESTAMP_timestamp-txt'

2020-03-20 14:55:46 - [TEST_STEP][PASSED] - sendKeys(findTestObject("ADMIN/Edit Text/Bespoke/Seller Pages/Order Details/input_TRANSACTION ID_transaction-id"), "*"): Keys '*' sent to object: 'Object Repository/ADMIN/Edit Text/Bespoke/Seller Pages/Order Details/input_TRANSACTION ID_transaction-id'

2020-03-20 14:55:46 - [MESSAGE][PASSED] - Keys '*' sent to object: 'Object Repository/ADMIN/Edit Text/Bespoke/Seller Pages/Order Details/input_TRANSACTION ID_transaction-id'

2020-03-20 14:55:46 - [TEST_STEP][PASSED] - sendKeys(findTestObject("ADMIN/Edit Text/Bespoke/Seller Pages/Order Details/input_BUYER INFO_buyer-info-txt"), "*"): Keys '*' sent to object: 'Object Repository/ADMIN/Edit Text/Bespoke/Seller Pages/Order Details/input_BUYER INFO_buyer-info-txt'

2020-03-20 14:55:46 - [MESSAGE][PASSED] - Keys '*' sent to object: 'Object Repository/ADMIN/Edit Text/Bespoke/Seller Pages/Order Details/input_BUYER INFO_buyer-info-txt'

2020-03-20 14:55:46 - [TEST_STEP][PASSED] - sendKeys(findTestObject("ADMIN/Edit Text/Bespoke/Seller Pages/Order Details/input_DELIVERY ADDRESS_delivery-address-txt"), "*"): Keys '*' sent to object: 'Object Repository/ADMIN/Edit Text/Bespoke/Seller Pages/Order Details/input_DELIVERY ADDRESS_delivery-address-txt'

2020-03-20 14:55:46 - [MESSAGE][PASSED] - Keys '*' sent to object: 'Object Repository/ADMIN/Edit Text/Bespoke/Seller Pages/Order Details/input_DELIVERY ADDRESS_delivery-address-txt'

2020-03-20 14:55:46 - [TEST_STEP][PASSED] - sendKeys(findTestObject("ADMIN/Edit Text/Bespoke/Seller Pages/Order Details/input_EMAIL_email-txt"), "*"): Keys '*' sent to object: 'Object Repository/ADMIN/Edit Text/Bespoke/Seller Pages/Order Details/input_EMAIL_email-txt'

2020-03-20 14:55:46 - [MESSAGE][PASSED] - Keys '*' sent to object: 'Object Repository/ADMIN/Edit Text/Bespoke/Seller Pages/Order Details/input_EMAIL_email-txt'

2020-03-20 14:55:46 - [TEST_STEP][PASSED] - sendKeys(findTestObject("ADMIN/Edit Text/Bespoke/Seller Pages/Order Details/input_CONTACT_contact-txt"), "*"): Keys '*' sent to object: 'Object Repository/ADMIN/Edit Text/Bespoke/Seller Pages/Order Details/input_CONTACT_contact-txt'

2020-03-20 14:55:47 - [MESSAGE][PASSED] - Keys '*' sent to object: 'Object Repository/ADMIN/Edit Text/Bespoke/Seller Pages/Order Details/input_CONTACT_contact-txt'

2020-03-20 14:55:47 - [TEST_STEP][PASSED] - sendKeys(findTestObject("ADMIN/Edit Text/Bespoke/Seller Pages/Order Details/input_TRANSACTION TOTAL_transaction-total"), "*"): Keys '*' sent to object: 'Object Repository/ADMIN/Edit Text/Bespoke/Seller Pages/Order Details/input_TRANSACTION TOTAL_transaction-total'

2020-03-20 14:55:47 - [MESSAGE][PASSED] - Keys '*' sent to object: 'Object Repository/ADMIN/Edit Text/Bespoke/Seller Pages/Order Details/input_TRANSACTION TOTAL_transaction-total'

2020-03-20 14:55:47 - [TEST_STEP][PASSED] - sendKeys(findTestObject("ADMIN/Edit Text/Bespoke/Seller Pages/Order Details/input_Subtotal_subtotal-txt"), "*"): Keys '*' sent to object: 'Object Repository/ADMIN/Edit Text/Bespoke/Seller Pages/Order Details/input_Subtotal_subtotal-txt'

2020-03-20 14:55:47 - [MESSAGE][PASSED] - Keys '*' sent to object: 'Object Repository/ADMIN/Edit Text/Bespoke/Seller Pages/Order Details/input_Subtotal_subtotal-txt'

2020-03-20 14:55:47 - [TEST_STEP][PASSED] - sendKeys(findTestObject("ADMIN/Edit Text/Bespoke/Seller Pages/Order Details/input_Delivery_delivery-txt"), "*"): Keys '*' sent to object: 'Object Repository/ADMIN/Edit Text/Bespoke/Seller Pages/Order Details/input_Delivery_delivery-txt'

2020-03-20 14:55:47 - [MESSAGE][PASSED] - Keys '*' sent to object: 'Object Repository/ADMIN/Edit Text/Bespoke/Seller Pages/Order Details/input_Delivery_delivery-txt'

2020-03-20 14:55:47 - [TEST_STEP][PASSED] - sendKeys(findTestObject("ADMIN/Edit Text/Bespoke/Seller Pages/Order Details/input_Admin fee_admin-fee"), "*"): Keys '*' sent to object: 'Object Repository/ADMIN/Edit Text/Bespoke/Seller Pages/Order Details/input_Admin fee_admin-fee'

2020-03-20 14:55:48 - [MESSAGE][PASSED] - Keys '*' sent to object: 'Object Repository/ADMIN/Edit Text/Bespoke/Seller Pages/Order Details/input_Admin fee_admin-fee'

2020-03-20 14:55:48 - [TEST_STEP][PASSED] - sendKeys(findTestObject("ADMIN/Edit Text/Bespoke/Seller Pages/Order Details/input_ITEM_item-txt"), "*"): Keys '*' sent to object: 'Object Repository/ADMIN/Edit Text/Bespoke/Seller Pages/Order Details/input_ITEM_item-txt'

2020-03-20 14:55:48 - [MESSAGE][PASSED] - Keys '*' sent to object: 'Object Repository/ADMIN/Edit Text/Bespoke/Seller Pages/Order Details/input_ITEM_item-txt'

2020-03-20 14:55:48 - [TEST_STEP][PASSED] - sendKeys(findTestObject("ADMIN/Edit Text/Bespoke/Seller Pages/Order Details/input_PRICE_price-txt"), "*"): Keys '*' sent to object: 'Object Repository/ADMIN/Edit Text/Bespoke/Seller Pages/Order Details/input_PRICE_price-txt'

2020-03-20 14:55:48 - [MESSAGE][PASSED] - Keys '*' sent to object: 'Object Repository/ADMIN/Edit Text/Bespoke/Seller Pages/Order Details/input_PRICE_price-txt'

2020-03-20 14:55:48 - [TEST_STEP][PASSED] - sendKeys(findTestObject("ADMIN/Edit Text/Bespoke/Seller Pages/Order Details/input_QTY_qty-txt"), "*"): Keys '*' sent to object: 'Object Repository/ADMIN/Edit Text/Bespoke/Seller Pages/Order Details/input_QTY_qty-txt'

2020-03-20 14:55:48 - [MESSAGE][PASSED] - Keys '*' sent to object: 'Object Repository/ADMIN/Edit Text/Bespoke/Seller Pages/Order Details/input_QTY_qty-txt'

2020-03-20 14:55:48 - [TEST_STEP][PASSED] - sendKeys(findTestObject("ADMIN/Edit Text/Bespoke/Seller Pages/Order Details/input_DELIVERY_buyer-info-txt"), "*"): Keys '*' sent to object: 'Object Repository/ADMIN/Edit Text/Bespoke/Seller Pages/Order Details/input_DELIVERY_buyer-info-txt'

2020-03-20 14:55:49 - [MESSAGE][PASSED] - Keys '*' sent to object: 'Object Repository/ADMIN/Edit Text/Bespoke/Seller Pages/Order Details/input_DELIVERY_buyer-info-txt'

2020-03-20 14:55:49 - [TEST_STEP][PASSED] - sendKeys(findTestObject("ADMIN/Edit Text/Bespoke/Seller Pages/Order Details/input_ORDER STATUS_order-status-txt"), "*"): Keys '*' sent to object: 'Object Repository/ADMIN/Edit Text/Bespoke/Seller Pages/Order Details/input_ORDER STATUS_order-status-txt'

2020-03-20 14:55:49 - [MESSAGE][PASSED] - Keys '*' sent to object: 'Object Repository/ADMIN/Edit Text/Bespoke/Seller Pages/Order Details/input_ORDER STATUS_order-status-txt'

2020-03-20 14:55:49 - [TEST_STEP][PASSED] - sendKeys(findTestObject("ADMIN/Edit Text/Bespoke/Seller Pages/Order Details/input_Payment Status_pay-txt"), "*"): Keys '*' sent to object: 'Object Repository/ADMIN/Edit Text/Bespoke/Seller Pages/Order Details/input_Payment Status_pay-txt'

2020-03-20 14:55:49 - [MESSAGE][PASSED] - Keys '*' sent to object: 'Object Repository/ADMIN/Edit Text/Bespoke/Seller Pages/Order Details/input_Payment Status_pay-txt'

2020-03-20 14:55:49 - [TEST_STEP][PASSED] - sendKeys(findTestObject("ADMIN/Edit Text/Bespoke/Seller Pages/Order Details/input_Payment Method_pay-info-txt"), "*"): Keys '*' sent to object: 'Object Repository/ADMIN/Edit Text/Bespoke/Seller Pages/Order Details/input_Payment Method_pay-info-txt'

2020-03-20 14:55:49 - [MESSAGE][PASSED] - Keys '*' sent to object: 'Object Repository/ADMIN/Edit Text/Bespoke/Seller Pages/Order Details/input_Payment Method_pay-info-txt'

2020-03-20 14:55:49 - [TEST_STEP][PASSED] - sendKeys(findTestObject("ADMIN/Edit Text/Bespoke/Seller Pages/Order Details/input_REVIEW_review-txt"), "*"): Keys '*' sent to object: 'Object Repository/ADMIN/Edit Text/Bespoke/Seller Pages/Order Details/input_REVIEW_review-txt'

2020-03-20 14:55:49 - [MESSAGE][PASSED] - Keys '*' sent to object: 'Object Repository/ADMIN/Edit Text/Bespoke/Seller Pages/Order Details/input_REVIEW_review-txt'

2020-03-20 14:55:49 - [TEST_STEP][PASSED] - sendKeys(findTestObject("ADMIN/Edit Text/Bespoke/Seller Pages/Order Details/input_New Review_review-txt"), "*"): Keys '*' sent to object: 'Object Repository/ADMIN/Edit Text/Bespoke/Seller Pages/Order Details/input_New Review_review-txt'

2020-03-20 14:55:50 - [MESSAGE][PASSED] - Keys '*' sent to object: 'Object Repository/ADMIN/Edit Text/Bespoke/Seller Pages/Order Details/input_New Review_review-txt'

2020-03-20 14:55:50 - [TEST_STEP][PASSED] - sendKeys(findTestObject("ADMIN/Edit Text/Bespoke/Seller Pages/Order Details/input_DeliveryPick-up_Delivery"), "*"): Keys '*' sent to object: 'Object Repository/ADMIN/Edit Text/Bespoke/Seller Pages/Order Details/input_DeliveryPick-up_Delivery'

2020-03-20 14:55:50 - [MESSAGE][PASSED] - Keys '*' sent to object: 'Object Repository/ADMIN/Edit Text/Bespoke/Seller Pages/Order Details/input_DeliveryPick-up_Delivery'

2020-03-20 14:55:50 - [TEST_STEP][PASSED] - sendKeys(findTestObject("ADMIN/Edit Text/Bespoke/Seller Pages/Order Details/input_Pick-up_Pick-up"), "*"): Keys '*' sent to object: 'Object Repository/ADMIN/Edit Text/Bespoke/Seller Pages/Order Details/input_Pick-up_Pick-up'

2020-03-20 14:55:50 - [MESSAGE][PASSED] - Keys '*' sent to object: 'Object Repository/ADMIN/Edit Text/Bespoke/Seller Pages/Order Details/input_Pick-up_Pick-up'

2020-03-20 14:55:50 - [TEST_STEP][PASSED] - sendKeys(findTestObject("ADMIN/Edit Text/Bespoke/Seller Pages/Order Details/input_Delivery From_bulk-delivery-discount"), "*"): Keys '*' sent to object: 'Object Repository/ADMIN/Edit Text/Bespoke/Seller Pages/Order Details/input_Delivery From_bulk-delivery-discount'

2020-03-20 14:55:50 - [MESSAGE][PASSED] - Keys '*' sent to object: 'Object Repository/ADMIN/Edit Text/Bespoke/Seller Pages/Order Details/input_Delivery From_bulk-delivery-discount'

2020-03-20 14:55:50 - [TEST_STEP][PASSED] - sendKeys(findTestObject("ADMIN/Edit Text/Bespoke/Seller Pages/Order Details/input_Minimum lead time_bulk-delivery-discount"), "*"): Keys '*' sent to object: 'Object Repository/ADMIN/Edit Text/Bespoke/Seller Pages/Order Details/input_Minimum lead time_bulk-delivery-discount'

2020-03-20 14:55:51 - [MESSAGE][PASSED] - Keys '*' sent to object: 'Object Repository/ADMIN/Edit Text/Bespoke/Seller Pages/Order Details/input_Minimum lead time_bulk-delivery-discount'

2020-03-20 14:55:51 - [TEST_STEP][PASSED] - sendKeys(findTestObject("ADMIN/Edit Text/Bespoke/Seller Pages/Order Details/input_BACK TO LIST_btn_back"), "*"): Keys '*' sent to object: 'Object Repository/ADMIN/Edit Text/Bespoke/Seller Pages/Order Details/input_BACK TO LIST_btn_back'

2020-03-20 14:55:51 - [MESSAGE][PASSED] - Keys '*' sent to object: 'Object Repository/ADMIN/Edit Text/Bespoke/Seller Pages/Order Details/input_BACK TO LIST_btn_back'

2020-03-20 14:55:51 - [TEST_STEP][PASSED] - sendKeys(findTestObject("ADMIN/Edit Text/Bespoke/Seller Pages/Order Details/input_STATUS CHANGED_popup-title"), "*"): Keys '*' sent to object: 'Object Repository/ADMIN/Edit Text/Bespoke/Seller Pages/Order Details/input_STATUS CHANGED_popup-title'

2020-03-20 14:55:51 - [MESSAGE][PASSED] - Keys '*' sent to object: 'Object Repository/ADMIN/Edit Text/Bespoke/Seller Pages/Order Details/input_STATUS CHANGED_popup-title'

2020-03-20 14:55:51 - [TEST_STEP][PASSED] - sendKeys(findTestObject("ADMIN/Edit Text/Bespoke/Seller Pages/Order Details/textarea_The order status for this item has been updated"), "*"): Keys '*' sent to object: 'Object Repository/ADMIN/Edit Text/Bespoke/Seller Pages/Order Details/textarea_The order status for this item has been updated'

2020-03-20 14:55:51 - [MESSAGE][PASSED] - Keys '*' sent to object: 'Object Repository/ADMIN/Edit Text/Bespoke/Seller Pages/Order Details/textarea_The order status for this item has been updated'

2020-03-20 14:55:51 - [TEST_STEP][PASSED] - sendKeys(findTestObject("ADMIN/Edit Text/Bespoke/Seller Pages/Order Details/input_Okay_btn_okay"), "*"): Keys '*' sent to object: 'Object Repository/ADMIN/Edit Text/Bespoke/Seller Pages/Order Details/input_Okay_btn_okay'

2020-03-20 14:55:51 - [MESSAGE][PASSED] - Keys '*' sent to object: 'Object Repository/ADMIN/Edit Text/Bespoke/Seller Pages/Order Details/input_Okay_btn_okay'

2020-03-20 14:55:51 - [TEST_STEP][PASSED] - click(findTestObject("ADMIN/Edit Text/Bespoke/Buyer Pages/Homepage/button_save"), CONTINUE_ON_FAILURE): Object: 'Object Repository/ADMIN/Edit Text/Bespoke/Buyer Pages/Homepage/button_save' is clicked on

2020-03-20 14:55:51 - [MESSAGE][PASSED] - Object: 'Object Repository/ADMIN/Edit Text/Bespoke/Buyer Pages/Homepage/button_save' is clicked on

2020-03-20 14:55:51 - [TEST_STEP][PASSED] - waitForElementVisible(findTestObject("ADMIN/Edit Text/Bespoke/Buyer Pages/Homepage/toaster_success"), 0): Object 'Object Repository/ADMIN/Edit Text/Bespoke/Buyer Pages/Homepage/toaster_success' is visible

2020-03-20 14:55:52 - [MESSAGE][WARNING] - Timeout '0' is invalid. Using default page load timeout: '30'

2020-03-20 14:55:53 - [MESSAGE][PASSED] - Object 'Object Repository/ADMIN/Edit Text/Bespoke/Buyer Pages/Homepage/toaster_success' is visible]]></system-out>
         <system-err><![CDATA[]]></system-err>
      </testcase>
      <testcase name="Test Cases/ADMIN/Language/Edit Text/Bespoke/Seller/Order Details" time="7.785" classname="Test Cases/ADMIN/Language/Edit Text/Bespoke/Seller/Order Details" status="PASSED">
         <system-out><![CDATA[2020-03-20 14:55:53 - [TEST_CASE][PASSED] - Test Cases/ADMIN/Language/Edit Text/Bespoke/Seller/Order Details: Test Cases/ADMIN/Language/Edit Text/Bespoke/Seller/Order Details

2020-03-20 14:55:53 - [TEST_STEP][PASSED] - waitForElementVisible(findTestObject("ADMIN/Edit Text/Bespoke/Buyer Navigation/dd_language"), 0): Object 'Object Repository/ADMIN/Edit Text/Bespoke/Buyer Navigation/dd_language' is visible

2020-03-20 14:55:53 - [MESSAGE][WARNING] - Timeout '0' is invalid. Using default page load timeout: '30'

2020-03-20 14:55:53 - [MESSAGE][PASSED] - Object 'Object Repository/ADMIN/Edit Text/Bespoke/Buyer Navigation/dd_language' is visible

2020-03-20 14:55:53 - [TEST_STEP][PASSED] - selectOptionByLabel(findTestObject("ADMIN/Edit Text/Bespoke/Buyer Navigation/dd_language"), varLanguage, false): All options with label 'English' are selected in object 'Object Repository/ADMIN/Edit Text/Bespoke/Buyer Navigation/dd_language' 

2020-03-20 14:55:54 - [MESSAGE][PASSED] - All options with label 'English' are selected in object 'Object Repository/ADMIN/Edit Text/Bespoke/Buyer Navigation/dd_language' 

2020-03-20 14:55:54 - [TEST_STEP][PASSED] - sendKeys(findTestObject("ADMIN/Edit Text/Bespoke/Seller Pages/Order Details/input_ORDER ID_order-id-txt"), "*"): Keys '*' sent to object: 'Object Repository/ADMIN/Edit Text/Bespoke/Seller Pages/Order Details/input_ORDER ID_order-id-txt'

2020-03-20 14:55:54 - [MESSAGE][PASSED] - Keys '*' sent to object: 'Object Repository/ADMIN/Edit Text/Bespoke/Seller Pages/Order Details/input_ORDER ID_order-id-txt'

2020-03-20 14:55:54 - [TEST_STEP][PASSED] - sendKeys(findTestObject("ADMIN/Edit Text/Bespoke/Seller Pages/Order Details/input_INVOICE ID_invoice-id-txt"), "*"): Keys '*' sent to object: 'Object Repository/ADMIN/Edit Text/Bespoke/Seller Pages/Order Details/input_INVOICE ID_invoice-id-txt'

2020-03-20 14:55:54 - [MESSAGE][PASSED] - Keys '*' sent to object: 'Object Repository/ADMIN/Edit Text/Bespoke/Seller Pages/Order Details/input_INVOICE ID_invoice-id-txt'

2020-03-20 14:55:54 - [TEST_STEP][PASSED] - sendKeys(findTestObject("ADMIN/Edit Text/Bespoke/Seller Pages/Order Details/input_TIMESTAMP_timestamp-txt"), "*"): Keys '*' sent to object: 'Object Repository/ADMIN/Edit Text/Bespoke/Seller Pages/Order Details/input_TIMESTAMP_timestamp-txt'

2020-03-20 14:55:55 - [MESSAGE][PASSED] - Keys '*' sent to object: 'Object Repository/ADMIN/Edit Text/Bespoke/Seller Pages/Order Details/input_TIMESTAMP_timestamp-txt'

2020-03-20 14:55:55 - [TEST_STEP][PASSED] - sendKeys(findTestObject("ADMIN/Edit Text/Bespoke/Seller Pages/Order Details/input_TRANSACTION ID_transaction-id"), "*"): Keys '*' sent to object: 'Object Repository/ADMIN/Edit Text/Bespoke/Seller Pages/Order Details/input_TRANSACTION ID_transaction-id'

2020-03-20 14:55:55 - [MESSAGE][PASSED] - Keys '*' sent to object: 'Object Repository/ADMIN/Edit Text/Bespoke/Seller Pages/Order Details/input_TRANSACTION ID_transaction-id'

2020-03-20 14:55:55 - [TEST_STEP][PASSED] - sendKeys(findTestObject("ADMIN/Edit Text/Bespoke/Seller Pages/Order Details/input_BUYER INFO_buyer-info-txt"), "*"): Keys '*' sent to object: 'Object Repository/ADMIN/Edit Text/Bespoke/Seller Pages/Order Details/input_BUYER INFO_buyer-info-txt'

2020-03-20 14:55:55 - [MESSAGE][PASSED] - Keys '*' sent to object: 'Object Repository/ADMIN/Edit Text/Bespoke/Seller Pages/Order Details/input_BUYER INFO_buyer-info-txt'

2020-03-20 14:55:55 - [TEST_STEP][PASSED] - sendKeys(findTestObject("ADMIN/Edit Text/Bespoke/Seller Pages/Order Details/input_DELIVERY ADDRESS_delivery-address-txt"), "*"): Keys '*' sent to object: 'Object Repository/ADMIN/Edit Text/Bespoke/Seller Pages/Order Details/input_DELIVERY ADDRESS_delivery-address-txt'

2020-03-20 14:55:55 - [MESSAGE][PASSED] - Keys '*' sent to object: 'Object Repository/ADMIN/Edit Text/Bespoke/Seller Pages/Order Details/input_DELIVERY ADDRESS_delivery-address-txt'

2020-03-20 14:55:55 - [TEST_STEP][PASSED] - sendKeys(findTestObject("ADMIN/Edit Text/Bespoke/Seller Pages/Order Details/input_EMAIL_email-txt"), "*"): Keys '*' sent to object: 'Object Repository/ADMIN/Edit Text/Bespoke/Seller Pages/Order Details/input_EMAIL_email-txt'

2020-03-20 14:55:56 - [MESSAGE][PASSED] - Keys '*' sent to object: 'Object Repository/ADMIN/Edit Text/Bespoke/Seller Pages/Order Details/input_EMAIL_email-txt'

2020-03-20 14:55:56 - [TEST_STEP][PASSED] - sendKeys(findTestObject("ADMIN/Edit Text/Bespoke/Seller Pages/Order Details/input_CONTACT_contact-txt"), "*"): Keys '*' sent to object: 'Object Repository/ADMIN/Edit Text/Bespoke/Seller Pages/Order Details/input_CONTACT_contact-txt'

2020-03-20 14:55:56 - [MESSAGE][PASSED] - Keys '*' sent to object: 'Object Repository/ADMIN/Edit Text/Bespoke/Seller Pages/Order Details/input_CONTACT_contact-txt'

2020-03-20 14:55:56 - [TEST_STEP][PASSED] - sendKeys(findTestObject("ADMIN/Edit Text/Bespoke/Seller Pages/Order Details/input_TRANSACTION TOTAL_transaction-total"), "*"): Keys '*' sent to object: 'Object Repository/ADMIN/Edit Text/Bespoke/Seller Pages/Order Details/input_TRANSACTION TOTAL_transaction-total'

2020-03-20 14:55:56 - [MESSAGE][PASSED] - Keys '*' sent to object: 'Object Repository/ADMIN/Edit Text/Bespoke/Seller Pages/Order Details/input_TRANSACTION TOTAL_transaction-total'

2020-03-20 14:55:56 - [TEST_STEP][PASSED] - sendKeys(findTestObject("ADMIN/Edit Text/Bespoke/Seller Pages/Order Details/input_Subtotal_subtotal-txt"), "*"): Keys '*' sent to object: 'Object Repository/ADMIN/Edit Text/Bespoke/Seller Pages/Order Details/input_Subtotal_subtotal-txt'

2020-03-20 14:55:56 - [MESSAGE][PASSED] - Keys '*' sent to object: 'Object Repository/ADMIN/Edit Text/Bespoke/Seller Pages/Order Details/input_Subtotal_subtotal-txt'

2020-03-20 14:55:56 - [TEST_STEP][PASSED] - sendKeys(findTestObject("ADMIN/Edit Text/Bespoke/Seller Pages/Order Details/input_Delivery_delivery-txt"), "*"): Keys '*' sent to object: 'Object Repository/ADMIN/Edit Text/Bespoke/Seller Pages/Order Details/input_Delivery_delivery-txt'

2020-03-20 14:55:57 - [MESSAGE][PASSED] - Keys '*' sent to object: 'Object Repository/ADMIN/Edit Text/Bespoke/Seller Pages/Order Details/input_Delivery_delivery-txt'

2020-03-20 14:55:57 - [TEST_STEP][PASSED] - sendKeys(findTestObject("ADMIN/Edit Text/Bespoke/Seller Pages/Order Details/input_Admin fee_admin-fee"), "*"): Keys '*' sent to object: 'Object Repository/ADMIN/Edit Text/Bespoke/Seller Pages/Order Details/input_Admin fee_admin-fee'

2020-03-20 14:55:57 - [MESSAGE][PASSED] - Keys '*' sent to object: 'Object Repository/ADMIN/Edit Text/Bespoke/Seller Pages/Order Details/input_Admin fee_admin-fee'

2020-03-20 14:55:57 - [TEST_STEP][PASSED] - sendKeys(findTestObject("ADMIN/Edit Text/Bespoke/Seller Pages/Order Details/input_ITEM_item-txt"), "*"): Keys '*' sent to object: 'Object Repository/ADMIN/Edit Text/Bespoke/Seller Pages/Order Details/input_ITEM_item-txt'

2020-03-20 14:55:57 - [MESSAGE][PASSED] - Keys '*' sent to object: 'Object Repository/ADMIN/Edit Text/Bespoke/Seller Pages/Order Details/input_ITEM_item-txt'

2020-03-20 14:55:57 - [TEST_STEP][PASSED] - sendKeys(findTestObject("ADMIN/Edit Text/Bespoke/Seller Pages/Order Details/input_PRICE_price-txt"), "*"): Keys '*' sent to object: 'Object Repository/ADMIN/Edit Text/Bespoke/Seller Pages/Order Details/input_PRICE_price-txt'

2020-03-20 14:55:57 - [MESSAGE][PASSED] - Keys '*' sent to object: 'Object Repository/ADMIN/Edit Text/Bespoke/Seller Pages/Order Details/input_PRICE_price-txt'

2020-03-20 14:55:57 - [TEST_STEP][PASSED] - sendKeys(findTestObject("ADMIN/Edit Text/Bespoke/Seller Pages/Order Details/input_QTY_qty-txt"), "*"): Keys '*' sent to object: 'Object Repository/ADMIN/Edit Text/Bespoke/Seller Pages/Order Details/input_QTY_qty-txt'

2020-03-20 14:55:57 - [MESSAGE][PASSED] - Keys '*' sent to object: 'Object Repository/ADMIN/Edit Text/Bespoke/Seller Pages/Order Details/input_QTY_qty-txt'

2020-03-20 14:55:57 - [TEST_STEP][PASSED] - sendKeys(findTestObject("ADMIN/Edit Text/Bespoke/Seller Pages/Order Details/input_DELIVERY_buyer-info-txt"), "*"): Keys '*' sent to object: 'Object Repository/ADMIN/Edit Text/Bespoke/Seller Pages/Order Details/input_DELIVERY_buyer-info-txt'

2020-03-20 14:55:57 - [MESSAGE][PASSED] - Keys '*' sent to object: 'Object Repository/ADMIN/Edit Text/Bespoke/Seller Pages/Order Details/input_DELIVERY_buyer-info-txt'

2020-03-20 14:55:57 - [TEST_STEP][PASSED] - sendKeys(findTestObject("ADMIN/Edit Text/Bespoke/Seller Pages/Order Details/input_ORDER STATUS_order-status-txt"), "*"): Keys '*' sent to object: 'Object Repository/ADMIN/Edit Text/Bespoke/Seller Pages/Order Details/input_ORDER STATUS_order-status-txt'

2020-03-20 14:55:58 - [MESSAGE][PASSED] - Keys '*' sent to object: 'Object Repository/ADMIN/Edit Text/Bespoke/Seller Pages/Order Details/input_ORDER STATUS_order-status-txt'

2020-03-20 14:55:58 - [TEST_STEP][PASSED] - sendKeys(findTestObject("ADMIN/Edit Text/Bespoke/Seller Pages/Order Details/input_Payment Status_pay-txt"), "*"): Keys '*' sent to object: 'Object Repository/ADMIN/Edit Text/Bespoke/Seller Pages/Order Details/input_Payment Status_pay-txt'

2020-03-20 14:55:58 - [MESSAGE][PASSED] - Keys '*' sent to object: 'Object Repository/ADMIN/Edit Text/Bespoke/Seller Pages/Order Details/input_Payment Status_pay-txt'

2020-03-20 14:55:58 - [TEST_STEP][PASSED] - sendKeys(findTestObject("ADMIN/Edit Text/Bespoke/Seller Pages/Order Details/input_Payment Method_pay-info-txt"), "*"): Keys '*' sent to object: 'Object Repository/ADMIN/Edit Text/Bespoke/Seller Pages/Order Details/input_Payment Method_pay-info-txt'

2020-03-20 14:55:58 - [MESSAGE][PASSED] - Keys '*' sent to object: 'Object Repository/ADMIN/Edit Text/Bespoke/Seller Pages/Order Details/input_Payment Method_pay-info-txt'

2020-03-20 14:55:58 - [TEST_STEP][PASSED] - sendKeys(findTestObject("ADMIN/Edit Text/Bespoke/Seller Pages/Order Details/input_REVIEW_review-txt"), "*"): Keys '*' sent to object: 'Object Repository/ADMIN/Edit Text/Bespoke/Seller Pages/Order Details/input_REVIEW_review-txt'

2020-03-20 14:55:58 - [MESSAGE][PASSED] - Keys '*' sent to object: 'Object Repository/ADMIN/Edit Text/Bespoke/Seller Pages/Order Details/input_REVIEW_review-txt'

2020-03-20 14:55:58 - [TEST_STEP][PASSED] - sendKeys(findTestObject("ADMIN/Edit Text/Bespoke/Seller Pages/Order Details/input_New Review_review-txt"), "*"): Keys '*' sent to object: 'Object Repository/ADMIN/Edit Text/Bespoke/Seller Pages/Order Details/input_New Review_review-txt'

2020-03-20 14:55:58 - [MESSAGE][PASSED] - Keys '*' sent to object: 'Object Repository/ADMIN/Edit Text/Bespoke/Seller Pages/Order Details/input_New Review_review-txt'

2020-03-20 14:55:58 - [TEST_STEP][PASSED] - sendKeys(findTestObject("ADMIN/Edit Text/Bespoke/Seller Pages/Order Details/input_DeliveryPick-up_Delivery"), "*"): Keys '*' sent to object: 'Object Repository/ADMIN/Edit Text/Bespoke/Seller Pages/Order Details/input_DeliveryPick-up_Delivery'

2020-03-20 14:55:58 - [MESSAGE][PASSED] - Keys '*' sent to object: 'Object Repository/ADMIN/Edit Text/Bespoke/Seller Pages/Order Details/input_DeliveryPick-up_Delivery'

2020-03-20 14:55:58 - [TEST_STEP][PASSED] - sendKeys(findTestObject("ADMIN/Edit Text/Bespoke/Seller Pages/Order Details/input_Pick-up_Pick-up"), "*"): Keys '*' sent to object: 'Object Repository/ADMIN/Edit Text/Bespoke/Seller Pages/Order Details/input_Pick-up_Pick-up'

2020-03-20 14:55:59 - [MESSAGE][PASSED] - Keys '*' sent to object: 'Object Repository/ADMIN/Edit Text/Bespoke/Seller Pages/Order Details/input_Pick-up_Pick-up'

2020-03-20 14:55:59 - [TEST_STEP][PASSED] - sendKeys(findTestObject("ADMIN/Edit Text/Bespoke/Seller Pages/Order Details/input_Delivery From_bulk-delivery-discount"), "*"): Keys '*' sent to object: 'Object Repository/ADMIN/Edit Text/Bespoke/Seller Pages/Order Details/input_Delivery From_bulk-delivery-discount'

2020-03-20 14:55:59 - [MESSAGE][PASSED] - Keys '*' sent to object: 'Object Repository/ADMIN/Edit Text/Bespoke/Seller Pages/Order Details/input_Delivery From_bulk-delivery-discount'

2020-03-20 14:55:59 - [TEST_STEP][PASSED] - sendKeys(findTestObject("ADMIN/Edit Text/Bespoke/Seller Pages/Order Details/input_Minimum lead time_bulk-delivery-discount"), "*"): Keys '*' sent to object: 'Object Repository/ADMIN/Edit Text/Bespoke/Seller Pages/Order Details/input_Minimum lead time_bulk-delivery-discount'

2020-03-20 14:55:59 - [MESSAGE][PASSED] - Keys '*' sent to object: 'Object Repository/ADMIN/Edit Text/Bespoke/Seller Pages/Order Details/input_Minimum lead time_bulk-delivery-discount'

2020-03-20 14:55:59 - [TEST_STEP][PASSED] - sendKeys(findTestObject("ADMIN/Edit Text/Bespoke/Seller Pages/Order Details/input_BACK TO LIST_btn_back"), "*"): Keys '*' sent to object: 'Object Repository/ADMIN/Edit Text/Bespoke/Seller Pages/Order Details/input_BACK TO LIST_btn_back'

2020-03-20 14:55:59 - [MESSAGE][PASSED] - Keys '*' sent to object: 'Object Repository/ADMIN/Edit Text/Bespoke/Seller Pages/Order Details/input_BACK TO LIST_btn_back'

2020-03-20 14:55:59 - [TEST_STEP][PASSED] - sendKeys(findTestObject("ADMIN/Edit Text/Bespoke/Seller Pages/Order Details/input_STATUS CHANGED_popup-title"), "*"): Keys '*' sent to object: 'Object Repository/ADMIN/Edit Text/Bespoke/Seller Pages/Order Details/input_STATUS CHANGED_popup-title'

2020-03-20 14:55:59 - [MESSAGE][PASSED] - Keys '*' sent to object: 'Object Repository/ADMIN/Edit Text/Bespoke/Seller Pages/Order Details/input_STATUS CHANGED_popup-title'

2020-03-20 14:55:59 - [TEST_STEP][PASSED] - sendKeys(findTestObject("ADMIN/Edit Text/Bespoke/Seller Pages/Order Details/textarea_The order status for this item has been updated"), "*"): Keys '*' sent to object: 'Object Repository/ADMIN/Edit Text/Bespoke/Seller Pages/Order Details/textarea_The order status for this item has been updated'

2020-03-20 14:55:59 - [MESSAGE][PASSED] - Keys '*' sent to object: 'Object Repository/ADMIN/Edit Text/Bespoke/Seller Pages/Order Details/textarea_The order status for this item has been updated'

2020-03-20 14:55:59 - [TEST_STEP][PASSED] - sendKeys(findTestObject("ADMIN/Edit Text/Bespoke/Seller Pages/Order Details/input_Okay_btn_okay"), "*"): Keys '*' sent to object: 'Object Repository/ADMIN/Edit Text/Bespoke/Seller Pages/Order Details/input_Okay_btn_okay'

2020-03-20 14:56:00 - [MESSAGE][PASSED] - Keys '*' sent to object: 'Object Repository/ADMIN/Edit Text/Bespoke/Seller Pages/Order Details/input_Okay_btn_okay'

2020-03-20 14:56:00 - [TEST_STEP][PASSED] - click(findTestObject("ADMIN/Edit Text/Bespoke/Buyer Pages/Homepage/button_save"), CONTINUE_ON_FAILURE): Object: 'Object Repository/ADMIN/Edit Text/Bespoke/Buyer Pages/Homepage/button_save' is clicked on

2020-03-20 14:56:00 - [MESSAGE][PASSED] - Object: 'Object Repository/ADMIN/Edit Text/Bespoke/Buyer Pages/Homepage/button_save' is clicked on

2020-03-20 14:56:00 - [TEST_STEP][PASSED] - waitForElementVisible(findTestObject("ADMIN/Edit Text/Bespoke/Buyer Pages/Homepage/toaster_success"), 0): Object 'Object Repository/ADMIN/Edit Text/Bespoke/Buyer Pages/Homepage/toaster_success' is visible

2020-03-20 14:56:00 - [MESSAGE][WARNING] - Timeout '0' is invalid. Using default page load timeout: '30'

2020-03-20 14:56:00 - [MESSAGE][PASSED] - Object 'Object Repository/ADMIN/Edit Text/Bespoke/Buyer Pages/Homepage/toaster_success' is visible]]></system-out>
         <system-err><![CDATA[]]></system-err>
      </testcase>
      <testcase name="Test Cases/ADMIN/Language/Edit Text/Bespoke/Seller/Item Translation Navigation" time="4.839" classname="Test Cases/ADMIN/Language/Edit Text/Bespoke/Seller/Item Translation Navigation" status="PASSED">
         <system-out><![CDATA[2020-03-20 14:56:00 - [TEST_CASE][PASSED] - Test Cases/ADMIN/Language/Edit Text/Bespoke/Seller/Item Translation Navigation: Test Cases/ADMIN/Language/Edit Text/Bespoke/Seller/Item Translation Navigation

2020-03-20 14:56:01 - [TEST_STEP][PASSED] - waitForElementVisible(findTestObject("ADMIN/Language/sidemenu_Language"), 0): Object 'Object Repository/ADMIN/Language/sidemenu_Language' is visible

2020-03-20 14:56:01 - [MESSAGE][WARNING] - Timeout '0' is invalid. Using default page load timeout: '30'

2020-03-20 14:56:01 - [MESSAGE][PASSED] - Object 'Object Repository/ADMIN/Language/sidemenu_Language' is visible

2020-03-20 14:56:01 - [TEST_STEP][PASSED] - click(findTestObject("ADMIN/Language/sidemenu_Language"), CONTINUE_ON_FAILURE): Object: 'Object Repository/ADMIN/Language/sidemenu_Language' is clicked on

2020-03-20 14:56:01 - [MESSAGE][PASSED] - Object: 'Object Repository/ADMIN/Language/sidemenu_Language' is clicked on

2020-03-20 14:56:01 - [TEST_STEP][PASSED] - waitForElementVisible(findTestObject("ADMIN/Language/sidemenu_Edit Text"), 0): Object 'Object Repository/ADMIN/Language/sidemenu_Edit Text' is visible

2020-03-20 14:56:01 - [MESSAGE][WARNING] - Timeout '0' is invalid. Using default page load timeout: '30'

2020-03-20 14:56:01 - [MESSAGE][PASSED] - Object 'Object Repository/ADMIN/Language/sidemenu_Edit Text' is visible

2020-03-20 14:56:01 - [TEST_STEP][PASSED] - click(findTestObject("ADMIN/Language/sidemenu_Edit Text"), CONTINUE_ON_FAILURE): Object: 'Object Repository/ADMIN/Language/sidemenu_Edit Text' is clicked on

2020-03-20 14:56:02 - [MESSAGE][PASSED] - Object: 'Object Repository/ADMIN/Language/sidemenu_Edit Text' is clicked on

2020-03-20 14:56:02 - [TEST_STEP][PASSED] - waitForElementVisible(findTestObject("ADMIN/Edit Text/Bespoke/Seller Navigation/dd_icon seller"), 0): Object 'Object Repository/ADMIN/Edit Text/Bespoke/Seller Navigation/dd_icon seller' is visible

2020-03-20 14:56:02 - [MESSAGE][WARNING] - Timeout '0' is invalid. Using default page load timeout: '30'

2020-03-20 14:56:02 - [MESSAGE][PASSED] - Object 'Object Repository/ADMIN/Edit Text/Bespoke/Seller Navigation/dd_icon seller' is visible

2020-03-20 14:56:02 - [TEST_STEP][PASSED] - click(findTestObject("ADMIN/Edit Text/Bespoke/Seller Navigation/dd_icon seller"), CONTINUE_ON_FAILURE): Object: 'Object Repository/ADMIN/Edit Text/Bespoke/Seller Navigation/dd_icon seller' is clicked on

2020-03-20 14:56:03 - [MESSAGE][PASSED] - Object: 'Object Repository/ADMIN/Edit Text/Bespoke/Seller Navigation/dd_icon seller' is clicked on

2020-03-20 14:56:03 - [TEST_STEP][PASSED] - waitForElementVisible(findTestObject("ADMIN/Edit Text/Bespoke/Seller Navigation/span_Item Translation"), 0): Object 'Object Repository/ADMIN/Edit Text/Bespoke/Seller Navigation/span_Item Translation' is visible

2020-03-20 14:56:03 - [MESSAGE][WARNING] - Timeout '0' is invalid. Using default page load timeout: '30'

2020-03-20 14:56:03 - [MESSAGE][PASSED] - Object 'Object Repository/ADMIN/Edit Text/Bespoke/Seller Navigation/span_Item Translation' is visible

2020-03-20 14:56:03 - [TEST_STEP][PASSED] - click(findTestObject("ADMIN/Edit Text/Bespoke/Seller Navigation/span_Item Translation"), CONTINUE_ON_FAILURE): Object: 'Object Repository/ADMIN/Edit Text/Bespoke/Seller Navigation/span_Item Translation' is clicked on

2020-03-20 14:56:05 - [MESSAGE][PASSED] - Object: 'Object Repository/ADMIN/Edit Text/Bespoke/Seller Navigation/span_Item Translation' is clicked on

2020-03-20 14:56:05 - [TEST_STEP][PASSED] - waitForElementVisible(findTestObject("ADMIN/Edit Text/Bespoke/Buyer Navigation/dd_language"), 0): Object 'Object Repository/ADMIN/Edit Text/Bespoke/Buyer Navigation/dd_language' is visible

2020-03-20 14:56:05 - [MESSAGE][WARNING] - Timeout '0' is invalid. Using default page load timeout: '30'

2020-03-20 14:56:05 - [MESSAGE][PASSED] - Object 'Object Repository/ADMIN/Edit Text/Bespoke/Buyer Navigation/dd_language' is visible]]></system-out>
         <system-err><![CDATA[]]></system-err>
      </testcase>
      <testcase name="Test Cases/ADMIN/Language/Edit Text/Bespoke/Seller/Item Translation" time="6.728" classname="Test Cases/ADMIN/Language/Edit Text/Bespoke/Seller/Item Translation" status="PASSED">
         <system-out><![CDATA[2020-03-20 14:56:05 - [TEST_CASE][PASSED] - Test Cases/ADMIN/Language/Edit Text/Bespoke/Seller/Item Translation: Test Cases/ADMIN/Language/Edit Text/Bespoke/Seller/Item Translation

2020-03-20 14:56:05 - [TEST_STEP][PASSED] - waitForElementVisible(findTestObject("ADMIN/Edit Text/Bespoke/Buyer Navigation/dd_language"), 0): Object 'Object Repository/ADMIN/Edit Text/Bespoke/Buyer Navigation/dd_language' is visible

2020-03-20 14:56:06 - [MESSAGE][WARNING] - Timeout '0' is invalid. Using default page load timeout: '30'

2020-03-20 14:56:06 - [MESSAGE][PASSED] - Object 'Object Repository/ADMIN/Edit Text/Bespoke/Buyer Navigation/dd_language' is visible

2020-03-20 14:56:06 - [TEST_STEP][PASSED] - selectOptionByLabel(findTestObject("ADMIN/Edit Text/Bespoke/Buyer Navigation/dd_language"), varLanguage, false): All options with label 'French' are selected in object 'Object Repository/ADMIN/Edit Text/Bespoke/Buyer Navigation/dd_language' 

2020-03-20 14:56:08 - [MESSAGE][PASSED] - All options with label 'French' are selected in object 'Object Repository/ADMIN/Edit Text/Bespoke/Buyer Navigation/dd_language' 

2020-03-20 14:56:08 - [TEST_STEP][PASSED] - sendKeys(findTestObject("ADMIN/Edit Text/Bespoke/Seller Pages/Item Translation/input_TRANSLATE ITEM_transalate-item"), "*"): Keys '*' sent to object: 'Object Repository/ADMIN/Edit Text/Bespoke/Seller Pages/Item Translation/input_TRANSLATE ITEM_transalate-item'

2020-03-20 14:56:08 - [MESSAGE][PASSED] - Keys '*' sent to object: 'Object Repository/ADMIN/Edit Text/Bespoke/Seller Pages/Item Translation/input_TRANSLATE ITEM_transalate-item'

2020-03-20 14:56:08 - [TEST_STEP][PASSED] - sendKeys(findTestObject("ADMIN/Edit Text/Bespoke/Seller Pages/Item Translation/input_Add or edit translations for your item details_transalate-detail"), "*"): Keys '*' sent to object: 'Object Repository/ADMIN/Edit Text/Bespoke/Seller Pages/Item Translation/input_Add or edit translations for your item details_transalate-detail'

2020-03-20 14:56:08 - [MESSAGE][PASSED] - Keys '*' sent to object: 'Object Repository/ADMIN/Edit Text/Bespoke/Seller Pages/Item Translation/input_Add or edit translations for your item details_transalate-detail'

2020-03-20 14:56:08 - [TEST_STEP][PASSED] - sendKeys(findTestObject("ADMIN/Edit Text/Bespoke/Seller Pages/Item Translation/input_Language_Language"), "*"): Keys '*' sent to object: 'Object Repository/ADMIN/Edit Text/Bespoke/Seller Pages/Item Translation/input_Language_Language'

2020-03-20 14:56:09 - [MESSAGE][PASSED] - Keys '*' sent to object: 'Object Repository/ADMIN/Edit Text/Bespoke/Seller Pages/Item Translation/input_Language_Language'

2020-03-20 14:56:09 - [TEST_STEP][PASSED] - sendKeys(findTestObject("ADMIN/Edit Text/Bespoke/Seller Pages/Item Translation/input_CANCEL_btn_cancel"), "*"): Keys '*' sent to object: 'Object Repository/ADMIN/Edit Text/Bespoke/Seller Pages/Item Translation/input_CANCEL_btn_cancel'

2020-03-20 14:56:09 - [MESSAGE][PASSED] - Keys '*' sent to object: 'Object Repository/ADMIN/Edit Text/Bespoke/Seller Pages/Item Translation/input_CANCEL_btn_cancel'

2020-03-20 14:56:09 - [TEST_STEP][PASSED] - sendKeys(findTestObject("ADMIN/Edit Text/Bespoke/Seller Pages/Item Translation/input_SAVE_btn_save"), "*"): Keys '*' sent to object: 'Object Repository/ADMIN/Edit Text/Bespoke/Seller Pages/Item Translation/input_SAVE_btn_save'

2020-03-20 14:56:09 - [MESSAGE][PASSED] - Keys '*' sent to object: 'Object Repository/ADMIN/Edit Text/Bespoke/Seller Pages/Item Translation/input_SAVE_btn_save'

2020-03-20 14:56:09 - [TEST_STEP][PASSED] - sendKeys(findTestObject("ADMIN/Edit Text/Bespoke/Seller Pages/Item Translation/input_ITEM NAME_Language"), "*"): Keys '*' sent to object: 'Object Repository/ADMIN/Edit Text/Bespoke/Seller Pages/Item Translation/input_ITEM NAME_Language'

2020-03-20 14:56:10 - [MESSAGE][PASSED] - Keys '*' sent to object: 'Object Repository/ADMIN/Edit Text/Bespoke/Seller Pages/Item Translation/input_ITEM NAME_Language'

2020-03-20 14:56:10 - [TEST_STEP][PASSED] - sendKeys(findTestObject("ADMIN/Edit Text/Bespoke/Seller Pages/Item Translation/input_ITEM DESCRIPTION_Language"), "*"): Keys '*' sent to object: 'Object Repository/ADMIN/Edit Text/Bespoke/Seller Pages/Item Translation/input_ITEM DESCRIPTION_Language'

2020-03-20 14:56:10 - [MESSAGE][PASSED] - Keys '*' sent to object: 'Object Repository/ADMIN/Edit Text/Bespoke/Seller Pages/Item Translation/input_ITEM DESCRIPTION_Language'

2020-03-20 14:56:10 - [TEST_STEP][PASSED] - sendKeys(findTestObject("ADMIN/Edit Text/Bespoke/Seller Pages/Item Translation/input_OPTION NAME_Language"), "*"): Keys '*' sent to object: 'Object Repository/ADMIN/Edit Text/Bespoke/Seller Pages/Item Translation/input_OPTION NAME_Language'

2020-03-20 14:56:10 - [MESSAGE][PASSED] - Keys '*' sent to object: 'Object Repository/ADMIN/Edit Text/Bespoke/Seller Pages/Item Translation/input_OPTION NAME_Language'

2020-03-20 14:56:10 - [TEST_STEP][PASSED] - sendKeys(findTestObject("ADMIN/Edit Text/Bespoke/Seller Pages/Item Translation/input_OPTION CHOICE_Language"), "*"): Keys '*' sent to object: 'Object Repository/ADMIN/Edit Text/Bespoke/Seller Pages/Item Translation/input_OPTION CHOICE_Language'

2020-03-20 14:56:10 - [MESSAGE][PASSED] - Keys '*' sent to object: 'Object Repository/ADMIN/Edit Text/Bespoke/Seller Pages/Item Translation/input_OPTION CHOICE_Language'

2020-03-20 14:56:10 - [TEST_STEP][PASSED] - sendKeys(findTestObject("ADMIN/Edit Text/Bespoke/Seller Pages/Item Translation/input_You have not finished_not-finished"), "*"): Keys '*' sent to object: 'Object Repository/ADMIN/Edit Text/Bespoke/Seller Pages/Item Translation/input_You have not finished_not-finished'

2020-03-20 14:56:10 - [MESSAGE][PASSED] - Keys '*' sent to object: 'Object Repository/ADMIN/Edit Text/Bespoke/Seller Pages/Item Translation/input_You have not finished_not-finished'

2020-03-20 14:56:10 - [TEST_STEP][PASSED] - sendKeys(findTestObject("ADMIN/Edit Text/Bespoke/Seller Pages/Item Translation/input_You are about to leave the page with out saving your progress Would you like to leave this page_about-leave"), "*"): Keys '*' sent to object: 'Object Repository/ADMIN/Edit Text/Bespoke/Seller Pages/Item Translation/input_You are about to leave the page with out saving your progress Would you like to leave this page_about-leave'

2020-03-20 14:56:11 - [MESSAGE][PASSED] - Keys '*' sent to object: 'Object Repository/ADMIN/Edit Text/Bespoke/Seller Pages/Item Translation/input_You are about to leave the page with out saving your progress Would you like to leave this page_about-leave'

2020-03-20 14:56:11 - [TEST_STEP][PASSED] - sendKeys(findTestObject("ADMIN/Edit Text/Bespoke/Seller Pages/Item Translation/input_CANCEL_later_btn"), "*"): Keys '*' sent to object: 'Object Repository/ADMIN/Edit Text/Bespoke/Seller Pages/Item Translation/input_CANCEL_later_btn'

2020-03-20 14:56:11 - [MESSAGE][PASSED] - Keys '*' sent to object: 'Object Repository/ADMIN/Edit Text/Bespoke/Seller Pages/Item Translation/input_CANCEL_later_btn'

2020-03-20 14:56:11 - [TEST_STEP][PASSED] - sendKeys(findTestObject("ADMIN/Edit Text/Bespoke/Seller Pages/Item Translation/input_CONTINUE_later_btn"), "*"): Keys '*' sent to object: 'Object Repository/ADMIN/Edit Text/Bespoke/Seller Pages/Item Translation/input_CONTINUE_later_btn'

2020-03-20 14:56:11 - [MESSAGE][PASSED] - Keys '*' sent to object: 'Object Repository/ADMIN/Edit Text/Bespoke/Seller Pages/Item Translation/input_CONTINUE_later_btn'

2020-03-20 14:56:11 - [TEST_STEP][PASSED] - click(findTestObject("ADMIN/Edit Text/Bespoke/Buyer Pages/Homepage/button_save"), CONTINUE_ON_FAILURE): Object: 'Object Repository/ADMIN/Edit Text/Bespoke/Buyer Pages/Homepage/button_save' is clicked on

2020-03-20 14:56:11 - [MESSAGE][PASSED] - Object: 'Object Repository/ADMIN/Edit Text/Bespoke/Buyer Pages/Homepage/button_save' is clicked on

2020-03-20 14:56:11 - [TEST_STEP][PASSED] - waitForElementVisible(findTestObject("ADMIN/Edit Text/Bespoke/Buyer Pages/Homepage/toaster_success"), 0): Object 'Object Repository/ADMIN/Edit Text/Bespoke/Buyer Pages/Homepage/toaster_success' is visible

2020-03-20 14:56:11 - [MESSAGE][WARNING] - Timeout '0' is invalid. Using default page load timeout: '30'

2020-03-20 14:56:12 - [MESSAGE][PASSED] - Object 'Object Repository/ADMIN/Edit Text/Bespoke/Buyer Pages/Homepage/toaster_success' is visible]]></system-out>
         <system-err><![CDATA[]]></system-err>
      </testcase>
      <testcase name="Test Cases/ADMIN/Language/Edit Text/Bespoke/Seller/Item Translation" time="5.139" classname="Test Cases/ADMIN/Language/Edit Text/Bespoke/Seller/Item Translation" status="PASSED">
         <system-out><![CDATA[2020-03-20 14:56:12 - [TEST_CASE][PASSED] - Test Cases/ADMIN/Language/Edit Text/Bespoke/Seller/Item Translation: Test Cases/ADMIN/Language/Edit Text/Bespoke/Seller/Item Translation

2020-03-20 14:56:12 - [TEST_STEP][PASSED] - waitForElementVisible(findTestObject("ADMIN/Edit Text/Bespoke/Buyer Navigation/dd_language"), 0): Object 'Object Repository/ADMIN/Edit Text/Bespoke/Buyer Navigation/dd_language' is visible

2020-03-20 14:56:12 - [MESSAGE][WARNING] - Timeout '0' is invalid. Using default page load timeout: '30'

2020-03-20 14:56:12 - [MESSAGE][PASSED] - Object 'Object Repository/ADMIN/Edit Text/Bespoke/Buyer Navigation/dd_language' is visible

2020-03-20 14:56:12 - [TEST_STEP][PASSED] - selectOptionByLabel(findTestObject("ADMIN/Edit Text/Bespoke/Buyer Navigation/dd_language"), varLanguage, false): All options with label 'Spanish' are selected in object 'Object Repository/ADMIN/Edit Text/Bespoke/Buyer Navigation/dd_language' 

2020-03-20 14:56:13 - [MESSAGE][PASSED] - All options with label 'Spanish' are selected in object 'Object Repository/ADMIN/Edit Text/Bespoke/Buyer Navigation/dd_language' 

2020-03-20 14:56:13 - [TEST_STEP][PASSED] - sendKeys(findTestObject("ADMIN/Edit Text/Bespoke/Seller Pages/Item Translation/input_TRANSLATE ITEM_transalate-item"), "*"): Keys '*' sent to object: 'Object Repository/ADMIN/Edit Text/Bespoke/Seller Pages/Item Translation/input_TRANSLATE ITEM_transalate-item'

2020-03-20 14:56:14 - [MESSAGE][PASSED] - Keys '*' sent to object: 'Object Repository/ADMIN/Edit Text/Bespoke/Seller Pages/Item Translation/input_TRANSLATE ITEM_transalate-item'

2020-03-20 14:56:14 - [TEST_STEP][PASSED] - sendKeys(findTestObject("ADMIN/Edit Text/Bespoke/Seller Pages/Item Translation/input_Add or edit translations for your item details_transalate-detail"), "*"): Keys '*' sent to object: 'Object Repository/ADMIN/Edit Text/Bespoke/Seller Pages/Item Translation/input_Add or edit translations for your item details_transalate-detail'

2020-03-20 14:56:14 - [MESSAGE][PASSED] - Keys '*' sent to object: 'Object Repository/ADMIN/Edit Text/Bespoke/Seller Pages/Item Translation/input_Add or edit translations for your item details_transalate-detail'

2020-03-20 14:56:14 - [TEST_STEP][PASSED] - sendKeys(findTestObject("ADMIN/Edit Text/Bespoke/Seller Pages/Item Translation/input_Language_Language"), "*"): Keys '*' sent to object: 'Object Repository/ADMIN/Edit Text/Bespoke/Seller Pages/Item Translation/input_Language_Language'

2020-03-20 14:56:14 - [MESSAGE][PASSED] - Keys '*' sent to object: 'Object Repository/ADMIN/Edit Text/Bespoke/Seller Pages/Item Translation/input_Language_Language'

2020-03-20 14:56:14 - [TEST_STEP][PASSED] - sendKeys(findTestObject("ADMIN/Edit Text/Bespoke/Seller Pages/Item Translation/input_CANCEL_btn_cancel"), "*"): Keys '*' sent to object: 'Object Repository/ADMIN/Edit Text/Bespoke/Seller Pages/Item Translation/input_CANCEL_btn_cancel'

2020-03-20 14:56:14 - [MESSAGE][PASSED] - Keys '*' sent to object: 'Object Repository/ADMIN/Edit Text/Bespoke/Seller Pages/Item Translation/input_CANCEL_btn_cancel'

2020-03-20 14:56:14 - [TEST_STEP][PASSED] - sendKeys(findTestObject("ADMIN/Edit Text/Bespoke/Seller Pages/Item Translation/input_SAVE_btn_save"), "*"): Keys '*' sent to object: 'Object Repository/ADMIN/Edit Text/Bespoke/Seller Pages/Item Translation/input_SAVE_btn_save'

2020-03-20 14:56:15 - [MESSAGE][PASSED] - Keys '*' sent to object: 'Object Repository/ADMIN/Edit Text/Bespoke/Seller Pages/Item Translation/input_SAVE_btn_save'

2020-03-20 14:56:15 - [TEST_STEP][PASSED] - sendKeys(findTestObject("ADMIN/Edit Text/Bespoke/Seller Pages/Item Translation/input_ITEM NAME_Language"), "*"): Keys '*' sent to object: 'Object Repository/ADMIN/Edit Text/Bespoke/Seller Pages/Item Translation/input_ITEM NAME_Language'

2020-03-20 14:56:15 - [MESSAGE][PASSED] - Keys '*' sent to object: 'Object Repository/ADMIN/Edit Text/Bespoke/Seller Pages/Item Translation/input_ITEM NAME_Language'

2020-03-20 14:56:15 - [TEST_STEP][PASSED] - sendKeys(findTestObject("ADMIN/Edit Text/Bespoke/Seller Pages/Item Translation/input_ITEM DESCRIPTION_Language"), "*"): Keys '*' sent to object: 'Object Repository/ADMIN/Edit Text/Bespoke/Seller Pages/Item Translation/input_ITEM DESCRIPTION_Language'

2020-03-20 14:56:15 - [MESSAGE][PASSED] - Keys '*' sent to object: 'Object Repository/ADMIN/Edit Text/Bespoke/Seller Pages/Item Translation/input_ITEM DESCRIPTION_Language'

2020-03-20 14:56:15 - [TEST_STEP][PASSED] - sendKeys(findTestObject("ADMIN/Edit Text/Bespoke/Seller Pages/Item Translation/input_OPTION NAME_Language"), "*"): Keys '*' sent to object: 'Object Repository/ADMIN/Edit Text/Bespoke/Seller Pages/Item Translation/input_OPTION NAME_Language'

2020-03-20 14:56:15 - [MESSAGE][PASSED] - Keys '*' sent to object: 'Object Repository/ADMIN/Edit Text/Bespoke/Seller Pages/Item Translation/input_OPTION NAME_Language'

2020-03-20 14:56:15 - [TEST_STEP][PASSED] - sendKeys(findTestObject("ADMIN/Edit Text/Bespoke/Seller Pages/Item Translation/input_OPTION CHOICE_Language"), "*"): Keys '*' sent to object: 'Object Repository/ADMIN/Edit Text/Bespoke/Seller Pages/Item Translation/input_OPTION CHOICE_Language'

2020-03-20 14:56:15 - [MESSAGE][PASSED] - Keys '*' sent to object: 'Object Repository/ADMIN/Edit Text/Bespoke/Seller Pages/Item Translation/input_OPTION CHOICE_Language'

2020-03-20 14:56:15 - [TEST_STEP][PASSED] - sendKeys(findTestObject("ADMIN/Edit Text/Bespoke/Seller Pages/Item Translation/input_You have not finished_not-finished"), "*"): Keys '*' sent to object: 'Object Repository/ADMIN/Edit Text/Bespoke/Seller Pages/Item Translation/input_You have not finished_not-finished'

2020-03-20 14:56:15 - [MESSAGE][PASSED] - Keys '*' sent to object: 'Object Repository/ADMIN/Edit Text/Bespoke/Seller Pages/Item Translation/input_You have not finished_not-finished'

2020-03-20 14:56:15 - [TEST_STEP][PASSED] - sendKeys(findTestObject("ADMIN/Edit Text/Bespoke/Seller Pages/Item Translation/input_You are about to leave the page with out saving your progress Would you like to leave this page_about-leave"), "*"): Keys '*' sent to object: 'Object Repository/ADMIN/Edit Text/Bespoke/Seller Pages/Item Translation/input_You are about to leave the page with out saving your progress Would you like to leave this page_about-leave'

2020-03-20 14:56:16 - [MESSAGE][PASSED] - Keys '*' sent to object: 'Object Repository/ADMIN/Edit Text/Bespoke/Seller Pages/Item Translation/input_You are about to leave the page with out saving your progress Would you like to leave this page_about-leave'

2020-03-20 14:56:16 - [TEST_STEP][PASSED] - sendKeys(findTestObject("ADMIN/Edit Text/Bespoke/Seller Pages/Item Translation/input_CANCEL_later_btn"), "*"): Keys '*' sent to object: 'Object Repository/ADMIN/Edit Text/Bespoke/Seller Pages/Item Translation/input_CANCEL_later_btn'

2020-03-20 14:56:16 - [MESSAGE][PASSED] - Keys '*' sent to object: 'Object Repository/ADMIN/Edit Text/Bespoke/Seller Pages/Item Translation/input_CANCEL_later_btn'

2020-03-20 14:56:16 - [TEST_STEP][PASSED] - sendKeys(findTestObject("ADMIN/Edit Text/Bespoke/Seller Pages/Item Translation/input_CONTINUE_later_btn"), "*"): Keys '*' sent to object: 'Object Repository/ADMIN/Edit Text/Bespoke/Seller Pages/Item Translation/input_CONTINUE_later_btn'

2020-03-20 14:56:16 - [MESSAGE][PASSED] - Keys '*' sent to object: 'Object Repository/ADMIN/Edit Text/Bespoke/Seller Pages/Item Translation/input_CONTINUE_later_btn'

2020-03-20 14:56:16 - [TEST_STEP][PASSED] - click(findTestObject("ADMIN/Edit Text/Bespoke/Buyer Pages/Homepage/button_save"), CONTINUE_ON_FAILURE): Object: 'Object Repository/ADMIN/Edit Text/Bespoke/Buyer Pages/Homepage/button_save' is clicked on

2020-03-20 14:56:16 - [MESSAGE][PASSED] - Object: 'Object Repository/ADMIN/Edit Text/Bespoke/Buyer Pages/Homepage/button_save' is clicked on

2020-03-20 14:56:16 - [TEST_STEP][PASSED] - waitForElementVisible(findTestObject("ADMIN/Edit Text/Bespoke/Buyer Pages/Homepage/toaster_success"), 0): Object 'Object Repository/ADMIN/Edit Text/Bespoke/Buyer Pages/Homepage/toaster_success' is visible

2020-03-20 14:56:16 - [MESSAGE][WARNING] - Timeout '0' is invalid. Using default page load timeout: '30'

2020-03-20 14:56:17 - [MESSAGE][PASSED] - Object 'Object Repository/ADMIN/Edit Text/Bespoke/Buyer Pages/Homepage/toaster_success' is visible]]></system-out>
         <system-err><![CDATA[]]></system-err>
      </testcase>
      <testcase name="Test Cases/ADMIN/Language/Edit Text/Bespoke/Seller/Item Translation" time="5.102" classname="Test Cases/ADMIN/Language/Edit Text/Bespoke/Seller/Item Translation" status="PASSED">
         <system-out><![CDATA[2020-03-20 14:56:17 - [TEST_CASE][PASSED] - Test Cases/ADMIN/Language/Edit Text/Bespoke/Seller/Item Translation: Test Cases/ADMIN/Language/Edit Text/Bespoke/Seller/Item Translation

2020-03-20 14:56:17 - [TEST_STEP][PASSED] - waitForElementVisible(findTestObject("ADMIN/Edit Text/Bespoke/Buyer Navigation/dd_language"), 0): Object 'Object Repository/ADMIN/Edit Text/Bespoke/Buyer Navigation/dd_language' is visible

2020-03-20 14:56:17 - [MESSAGE][WARNING] - Timeout '0' is invalid. Using default page load timeout: '30'

2020-03-20 14:56:17 - [MESSAGE][PASSED] - Object 'Object Repository/ADMIN/Edit Text/Bespoke/Buyer Navigation/dd_language' is visible

2020-03-20 14:56:17 - [TEST_STEP][PASSED] - selectOptionByLabel(findTestObject("ADMIN/Edit Text/Bespoke/Buyer Navigation/dd_language"), varLanguage, false): All options with label 'Hindi' are selected in object 'Object Repository/ADMIN/Edit Text/Bespoke/Buyer Navigation/dd_language' 

2020-03-20 14:56:18 - [MESSAGE][PASSED] - All options with label 'Hindi' are selected in object 'Object Repository/ADMIN/Edit Text/Bespoke/Buyer Navigation/dd_language' 

2020-03-20 14:56:18 - [TEST_STEP][PASSED] - sendKeys(findTestObject("ADMIN/Edit Text/Bespoke/Seller Pages/Item Translation/input_TRANSLATE ITEM_transalate-item"), "*"): Keys '*' sent to object: 'Object Repository/ADMIN/Edit Text/Bespoke/Seller Pages/Item Translation/input_TRANSLATE ITEM_transalate-item'

2020-03-20 14:56:19 - [MESSAGE][PASSED] - Keys '*' sent to object: 'Object Repository/ADMIN/Edit Text/Bespoke/Seller Pages/Item Translation/input_TRANSLATE ITEM_transalate-item'

2020-03-20 14:56:19 - [TEST_STEP][PASSED] - sendKeys(findTestObject("ADMIN/Edit Text/Bespoke/Seller Pages/Item Translation/input_Add or edit translations for your item details_transalate-detail"), "*"): Keys '*' sent to object: 'Object Repository/ADMIN/Edit Text/Bespoke/Seller Pages/Item Translation/input_Add or edit translations for your item details_transalate-detail'

2020-03-20 14:56:19 - [MESSAGE][PASSED] - Keys '*' sent to object: 'Object Repository/ADMIN/Edit Text/Bespoke/Seller Pages/Item Translation/input_Add or edit translations for your item details_transalate-detail'

2020-03-20 14:56:19 - [TEST_STEP][PASSED] - sendKeys(findTestObject("ADMIN/Edit Text/Bespoke/Seller Pages/Item Translation/input_Language_Language"), "*"): Keys '*' sent to object: 'Object Repository/ADMIN/Edit Text/Bespoke/Seller Pages/Item Translation/input_Language_Language'

2020-03-20 14:56:19 - [MESSAGE][PASSED] - Keys '*' sent to object: 'Object Repository/ADMIN/Edit Text/Bespoke/Seller Pages/Item Translation/input_Language_Language'

2020-03-20 14:56:19 - [TEST_STEP][PASSED] - sendKeys(findTestObject("ADMIN/Edit Text/Bespoke/Seller Pages/Item Translation/input_CANCEL_btn_cancel"), "*"): Keys '*' sent to object: 'Object Repository/ADMIN/Edit Text/Bespoke/Seller Pages/Item Translation/input_CANCEL_btn_cancel'

2020-03-20 14:56:19 - [MESSAGE][PASSED] - Keys '*' sent to object: 'Object Repository/ADMIN/Edit Text/Bespoke/Seller Pages/Item Translation/input_CANCEL_btn_cancel'

2020-03-20 14:56:19 - [TEST_STEP][PASSED] - sendKeys(findTestObject("ADMIN/Edit Text/Bespoke/Seller Pages/Item Translation/input_SAVE_btn_save"), "*"): Keys '*' sent to object: 'Object Repository/ADMIN/Edit Text/Bespoke/Seller Pages/Item Translation/input_SAVE_btn_save'

2020-03-20 14:56:19 - [MESSAGE][PASSED] - Keys '*' sent to object: 'Object Repository/ADMIN/Edit Text/Bespoke/Seller Pages/Item Translation/input_SAVE_btn_save'

2020-03-20 14:56:19 - [TEST_STEP][PASSED] - sendKeys(findTestObject("ADMIN/Edit Text/Bespoke/Seller Pages/Item Translation/input_ITEM NAME_Language"), "*"): Keys '*' sent to object: 'Object Repository/ADMIN/Edit Text/Bespoke/Seller Pages/Item Translation/input_ITEM NAME_Language'

2020-03-20 14:56:20 - [MESSAGE][PASSED] - Keys '*' sent to object: 'Object Repository/ADMIN/Edit Text/Bespoke/Seller Pages/Item Translation/input_ITEM NAME_Language'

2020-03-20 14:56:20 - [TEST_STEP][PASSED] - sendKeys(findTestObject("ADMIN/Edit Text/Bespoke/Seller Pages/Item Translation/input_ITEM DESCRIPTION_Language"), "*"): Keys '*' sent to object: 'Object Repository/ADMIN/Edit Text/Bespoke/Seller Pages/Item Translation/input_ITEM DESCRIPTION_Language'

2020-03-20 14:56:20 - [MESSAGE][PASSED] - Keys '*' sent to object: 'Object Repository/ADMIN/Edit Text/Bespoke/Seller Pages/Item Translation/input_ITEM DESCRIPTION_Language'

2020-03-20 14:56:20 - [TEST_STEP][PASSED] - sendKeys(findTestObject("ADMIN/Edit Text/Bespoke/Seller Pages/Item Translation/input_OPTION NAME_Language"), "*"): Keys '*' sent to object: 'Object Repository/ADMIN/Edit Text/Bespoke/Seller Pages/Item Translation/input_OPTION NAME_Language'

2020-03-20 14:56:20 - [MESSAGE][PASSED] - Keys '*' sent to object: 'Object Repository/ADMIN/Edit Text/Bespoke/Seller Pages/Item Translation/input_OPTION NAME_Language'

2020-03-20 14:56:20 - [TEST_STEP][PASSED] - sendKeys(findTestObject("ADMIN/Edit Text/Bespoke/Seller Pages/Item Translation/input_OPTION CHOICE_Language"), "*"): Keys '*' sent to object: 'Object Repository/ADMIN/Edit Text/Bespoke/Seller Pages/Item Translation/input_OPTION CHOICE_Language'

2020-03-20 14:56:20 - [MESSAGE][PASSED] - Keys '*' sent to object: 'Object Repository/ADMIN/Edit Text/Bespoke/Seller Pages/Item Translation/input_OPTION CHOICE_Language'

2020-03-20 14:56:20 - [TEST_STEP][PASSED] - sendKeys(findTestObject("ADMIN/Edit Text/Bespoke/Seller Pages/Item Translation/input_You have not finished_not-finished"), "*"): Keys '*' sent to object: 'Object Repository/ADMIN/Edit Text/Bespoke/Seller Pages/Item Translation/input_You have not finished_not-finished'

2020-03-20 14:56:21 - [MESSAGE][PASSED] - Keys '*' sent to object: 'Object Repository/ADMIN/Edit Text/Bespoke/Seller Pages/Item Translation/input_You have not finished_not-finished'

2020-03-20 14:56:21 - [TEST_STEP][PASSED] - sendKeys(findTestObject("ADMIN/Edit Text/Bespoke/Seller Pages/Item Translation/input_You are about to leave the page with out saving your progress Would you like to leave this page_about-leave"), "*"): Keys '*' sent to object: 'Object Repository/ADMIN/Edit Text/Bespoke/Seller Pages/Item Translation/input_You are about to leave the page with out saving your progress Would you like to leave this page_about-leave'

2020-03-20 14:56:21 - [MESSAGE][PASSED] - Keys '*' sent to object: 'Object Repository/ADMIN/Edit Text/Bespoke/Seller Pages/Item Translation/input_You are about to leave the page with out saving your progress Would you like to leave this page_about-leave'

2020-03-20 14:56:21 - [TEST_STEP][PASSED] - sendKeys(findTestObject("ADMIN/Edit Text/Bespoke/Seller Pages/Item Translation/input_CANCEL_later_btn"), "*"): Keys '*' sent to object: 'Object Repository/ADMIN/Edit Text/Bespoke/Seller Pages/Item Translation/input_CANCEL_later_btn'

2020-03-20 14:56:21 - [MESSAGE][PASSED] - Keys '*' sent to object: 'Object Repository/ADMIN/Edit Text/Bespoke/Seller Pages/Item Translation/input_CANCEL_later_btn'

2020-03-20 14:56:21 - [TEST_STEP][PASSED] - sendKeys(findTestObject("ADMIN/Edit Text/Bespoke/Seller Pages/Item Translation/input_CONTINUE_later_btn"), "*"): Keys '*' sent to object: 'Object Repository/ADMIN/Edit Text/Bespoke/Seller Pages/Item Translation/input_CONTINUE_later_btn'

2020-03-20 14:56:21 - [MESSAGE][PASSED] - Keys '*' sent to object: 'Object Repository/ADMIN/Edit Text/Bespoke/Seller Pages/Item Translation/input_CONTINUE_later_btn'

2020-03-20 14:56:21 - [TEST_STEP][PASSED] - click(findTestObject("ADMIN/Edit Text/Bespoke/Buyer Pages/Homepage/button_save"), CONTINUE_ON_FAILURE): Object: 'Object Repository/ADMIN/Edit Text/Bespoke/Buyer Pages/Homepage/button_save' is clicked on

2020-03-20 14:56:21 - [MESSAGE][PASSED] - Object: 'Object Repository/ADMIN/Edit Text/Bespoke/Buyer Pages/Homepage/button_save' is clicked on

2020-03-20 14:56:21 - [TEST_STEP][PASSED] - waitForElementVisible(findTestObject("ADMIN/Edit Text/Bespoke/Buyer Pages/Homepage/toaster_success"), 0): Object 'Object Repository/ADMIN/Edit Text/Bespoke/Buyer Pages/Homepage/toaster_success' is visible

2020-03-20 14:56:22 - [MESSAGE][WARNING] - Timeout '0' is invalid. Using default page load timeout: '30'

2020-03-20 14:56:22 - [MESSAGE][PASSED] - Object 'Object Repository/ADMIN/Edit Text/Bespoke/Buyer Pages/Homepage/toaster_success' is visible]]></system-out>
         <system-err><![CDATA[]]></system-err>
      </testcase>
      <testcase name="Test Cases/ADMIN/Language/Edit Text/Bespoke/Seller/Item Translation" time="5.818" classname="Test Cases/ADMIN/Language/Edit Text/Bespoke/Seller/Item Translation" status="PASSED">
         <system-out><![CDATA[2020-03-20 14:56:22 - [TEST_CASE][PASSED] - Test Cases/ADMIN/Language/Edit Text/Bespoke/Seller/Item Translation: Test Cases/ADMIN/Language/Edit Text/Bespoke/Seller/Item Translation

2020-03-20 14:56:22 - [TEST_STEP][PASSED] - waitForElementVisible(findTestObject("ADMIN/Edit Text/Bespoke/Buyer Navigation/dd_language"), 0): Object 'Object Repository/ADMIN/Edit Text/Bespoke/Buyer Navigation/dd_language' is visible

2020-03-20 14:56:22 - [MESSAGE][WARNING] - Timeout '0' is invalid. Using default page load timeout: '30'

2020-03-20 14:56:22 - [MESSAGE][PASSED] - Object 'Object Repository/ADMIN/Edit Text/Bespoke/Buyer Navigation/dd_language' is visible

2020-03-20 14:56:22 - [TEST_STEP][PASSED] - selectOptionByLabel(findTestObject("ADMIN/Edit Text/Bespoke/Buyer Navigation/dd_language"), varLanguage, false): All options with label 'German' are selected in object 'Object Repository/ADMIN/Edit Text/Bespoke/Buyer Navigation/dd_language' 

2020-03-20 14:56:23 - [MESSAGE][PASSED] - All options with label 'German' are selected in object 'Object Repository/ADMIN/Edit Text/Bespoke/Buyer Navigation/dd_language' 

2020-03-20 14:56:23 - [TEST_STEP][PASSED] - sendKeys(findTestObject("ADMIN/Edit Text/Bespoke/Seller Pages/Item Translation/input_TRANSLATE ITEM_transalate-item"), "*"): Keys '*' sent to object: 'Object Repository/ADMIN/Edit Text/Bespoke/Seller Pages/Item Translation/input_TRANSLATE ITEM_transalate-item'

2020-03-20 14:56:24 - [MESSAGE][PASSED] - Keys '*' sent to object: 'Object Repository/ADMIN/Edit Text/Bespoke/Seller Pages/Item Translation/input_TRANSLATE ITEM_transalate-item'

2020-03-20 14:56:24 - [TEST_STEP][PASSED] - sendKeys(findTestObject("ADMIN/Edit Text/Bespoke/Seller Pages/Item Translation/input_Add or edit translations for your item details_transalate-detail"), "*"): Keys '*' sent to object: 'Object Repository/ADMIN/Edit Text/Bespoke/Seller Pages/Item Translation/input_Add or edit translations for your item details_transalate-detail'

2020-03-20 14:56:25 - [MESSAGE][PASSED] - Keys '*' sent to object: 'Object Repository/ADMIN/Edit Text/Bespoke/Seller Pages/Item Translation/input_Add or edit translations for your item details_transalate-detail'

2020-03-20 14:56:25 - [TEST_STEP][PASSED] - sendKeys(findTestObject("ADMIN/Edit Text/Bespoke/Seller Pages/Item Translation/input_Language_Language"), "*"): Keys '*' sent to object: 'Object Repository/ADMIN/Edit Text/Bespoke/Seller Pages/Item Translation/input_Language_Language'

2020-03-20 14:56:25 - [MESSAGE][PASSED] - Keys '*' sent to object: 'Object Repository/ADMIN/Edit Text/Bespoke/Seller Pages/Item Translation/input_Language_Language'

2020-03-20 14:56:25 - [TEST_STEP][PASSED] - sendKeys(findTestObject("ADMIN/Edit Text/Bespoke/Seller Pages/Item Translation/input_CANCEL_btn_cancel"), "*"): Keys '*' sent to object: 'Object Repository/ADMIN/Edit Text/Bespoke/Seller Pages/Item Translation/input_CANCEL_btn_cancel'

2020-03-20 14:56:25 - [MESSAGE][PASSED] - Keys '*' sent to object: 'Object Repository/ADMIN/Edit Text/Bespoke/Seller Pages/Item Translation/input_CANCEL_btn_cancel'

2020-03-20 14:56:25 - [TEST_STEP][PASSED] - sendKeys(findTestObject("ADMIN/Edit Text/Bespoke/Seller Pages/Item Translation/input_SAVE_btn_save"), "*"): Keys '*' sent to object: 'Object Repository/ADMIN/Edit Text/Bespoke/Seller Pages/Item Translation/input_SAVE_btn_save'

2020-03-20 14:56:25 - [MESSAGE][PASSED] - Keys '*' sent to object: 'Object Repository/ADMIN/Edit Text/Bespoke/Seller Pages/Item Translation/input_SAVE_btn_save'

2020-03-20 14:56:25 - [TEST_STEP][PASSED] - sendKeys(findTestObject("ADMIN/Edit Text/Bespoke/Seller Pages/Item Translation/input_ITEM NAME_Language"), "*"): Keys '*' sent to object: 'Object Repository/ADMIN/Edit Text/Bespoke/Seller Pages/Item Translation/input_ITEM NAME_Language'

2020-03-20 14:56:26 - [MESSAGE][PASSED] - Keys '*' sent to object: 'Object Repository/ADMIN/Edit Text/Bespoke/Seller Pages/Item Translation/input_ITEM NAME_Language'

2020-03-20 14:56:26 - [TEST_STEP][PASSED] - sendKeys(findTestObject("ADMIN/Edit Text/Bespoke/Seller Pages/Item Translation/input_ITEM DESCRIPTION_Language"), "*"): Keys '*' sent to object: 'Object Repository/ADMIN/Edit Text/Bespoke/Seller Pages/Item Translation/input_ITEM DESCRIPTION_Language'

2020-03-20 14:56:26 - [MESSAGE][PASSED] - Keys '*' sent to object: 'Object Repository/ADMIN/Edit Text/Bespoke/Seller Pages/Item Translation/input_ITEM DESCRIPTION_Language'

2020-03-20 14:56:26 - [TEST_STEP][PASSED] - sendKeys(findTestObject("ADMIN/Edit Text/Bespoke/Seller Pages/Item Translation/input_OPTION NAME_Language"), "*"): Keys '*' sent to object: 'Object Repository/ADMIN/Edit Text/Bespoke/Seller Pages/Item Translation/input_OPTION NAME_Language'

2020-03-20 14:56:26 - [MESSAGE][PASSED] - Keys '*' sent to object: 'Object Repository/ADMIN/Edit Text/Bespoke/Seller Pages/Item Translation/input_OPTION NAME_Language'

2020-03-20 14:56:26 - [TEST_STEP][PASSED] - sendKeys(findTestObject("ADMIN/Edit Text/Bespoke/Seller Pages/Item Translation/input_OPTION CHOICE_Language"), "*"): Keys '*' sent to object: 'Object Repository/ADMIN/Edit Text/Bespoke/Seller Pages/Item Translation/input_OPTION CHOICE_Language'

2020-03-20 14:56:26 - [MESSAGE][PASSED] - Keys '*' sent to object: 'Object Repository/ADMIN/Edit Text/Bespoke/Seller Pages/Item Translation/input_OPTION CHOICE_Language'

2020-03-20 14:56:26 - [TEST_STEP][PASSED] - sendKeys(findTestObject("ADMIN/Edit Text/Bespoke/Seller Pages/Item Translation/input_You have not finished_not-finished"), "*"): Keys '*' sent to object: 'Object Repository/ADMIN/Edit Text/Bespoke/Seller Pages/Item Translation/input_You have not finished_not-finished'

2020-03-20 14:56:26 - [MESSAGE][PASSED] - Keys '*' sent to object: 'Object Repository/ADMIN/Edit Text/Bespoke/Seller Pages/Item Translation/input_You have not finished_not-finished'

2020-03-20 14:56:26 - [TEST_STEP][PASSED] - sendKeys(findTestObject("ADMIN/Edit Text/Bespoke/Seller Pages/Item Translation/input_You are about to leave the page with out saving your progress Would you like to leave this page_about-leave"), "*"): Keys '*' sent to object: 'Object Repository/ADMIN/Edit Text/Bespoke/Seller Pages/Item Translation/input_You are about to leave the page with out saving your progress Would you like to leave this page_about-leave'

2020-03-20 14:56:27 - [MESSAGE][PASSED] - Keys '*' sent to object: 'Object Repository/ADMIN/Edit Text/Bespoke/Seller Pages/Item Translation/input_You are about to leave the page with out saving your progress Would you like to leave this page_about-leave'

2020-03-20 14:56:27 - [TEST_STEP][PASSED] - sendKeys(findTestObject("ADMIN/Edit Text/Bespoke/Seller Pages/Item Translation/input_CANCEL_later_btn"), "*"): Keys '*' sent to object: 'Object Repository/ADMIN/Edit Text/Bespoke/Seller Pages/Item Translation/input_CANCEL_later_btn'

2020-03-20 14:56:27 - [MESSAGE][PASSED] - Keys '*' sent to object: 'Object Repository/ADMIN/Edit Text/Bespoke/Seller Pages/Item Translation/input_CANCEL_later_btn'

2020-03-20 14:56:27 - [TEST_STEP][PASSED] - sendKeys(findTestObject("ADMIN/Edit Text/Bespoke/Seller Pages/Item Translation/input_CONTINUE_later_btn"), "*"): Keys '*' sent to object: 'Object Repository/ADMIN/Edit Text/Bespoke/Seller Pages/Item Translation/input_CONTINUE_later_btn'

2020-03-20 14:56:27 - [MESSAGE][PASSED] - Keys '*' sent to object: 'Object Repository/ADMIN/Edit Text/Bespoke/Seller Pages/Item Translation/input_CONTINUE_later_btn'

2020-03-20 14:56:27 - [TEST_STEP][PASSED] - click(findTestObject("ADMIN/Edit Text/Bespoke/Buyer Pages/Homepage/button_save"), CONTINUE_ON_FAILURE): Object: 'Object Repository/ADMIN/Edit Text/Bespoke/Buyer Pages/Homepage/button_save' is clicked on

2020-03-20 14:56:27 - [MESSAGE][PASSED] - Object: 'Object Repository/ADMIN/Edit Text/Bespoke/Buyer Pages/Homepage/button_save' is clicked on

2020-03-20 14:56:27 - [TEST_STEP][PASSED] - waitForElementVisible(findTestObject("ADMIN/Edit Text/Bespoke/Buyer Pages/Homepage/toaster_success"), 0): Object 'Object Repository/ADMIN/Edit Text/Bespoke/Buyer Pages/Homepage/toaster_success' is visible

2020-03-20 14:56:27 - [MESSAGE][WARNING] - Timeout '0' is invalid. Using default page load timeout: '30'

2020-03-20 14:56:28 - [MESSAGE][PASSED] - Object 'Object Repository/ADMIN/Edit Text/Bespoke/Buyer Pages/Homepage/toaster_success' is visible]]></system-out>
         <system-err><![CDATA[]]></system-err>
      </testcase>
      <testcase name="Test Cases/ADMIN/Language/Edit Text/Bespoke/Seller/Item Translation" time="4.346" classname="Test Cases/ADMIN/Language/Edit Text/Bespoke/Seller/Item Translation" status="PASSED">
         <system-out><![CDATA[2020-03-20 14:56:28 - [TEST_CASE][PASSED] - Test Cases/ADMIN/Language/Edit Text/Bespoke/Seller/Item Translation: Test Cases/ADMIN/Language/Edit Text/Bespoke/Seller/Item Translation

2020-03-20 14:56:28 - [TEST_STEP][PASSED] - waitForElementVisible(findTestObject("ADMIN/Edit Text/Bespoke/Buyer Navigation/dd_language"), 0): Object 'Object Repository/ADMIN/Edit Text/Bespoke/Buyer Navigation/dd_language' is visible

2020-03-20 14:56:28 - [MESSAGE][WARNING] - Timeout '0' is invalid. Using default page load timeout: '30'

2020-03-20 14:56:28 - [MESSAGE][PASSED] - Object 'Object Repository/ADMIN/Edit Text/Bespoke/Buyer Navigation/dd_language' is visible

2020-03-20 14:56:28 - [TEST_STEP][PASSED] - selectOptionByLabel(findTestObject("ADMIN/Edit Text/Bespoke/Buyer Navigation/dd_language"), varLanguage, false): All options with label 'Japanese' are selected in object 'Object Repository/ADMIN/Edit Text/Bespoke/Buyer Navigation/dd_language' 

2020-03-20 14:56:29 - [MESSAGE][PASSED] - All options with label 'Japanese' are selected in object 'Object Repository/ADMIN/Edit Text/Bespoke/Buyer Navigation/dd_language' 

2020-03-20 14:56:29 - [TEST_STEP][PASSED] - sendKeys(findTestObject("ADMIN/Edit Text/Bespoke/Seller Pages/Item Translation/input_TRANSLATE ITEM_transalate-item"), "*"): Keys '*' sent to object: 'Object Repository/ADMIN/Edit Text/Bespoke/Seller Pages/Item Translation/input_TRANSLATE ITEM_transalate-item'

2020-03-20 14:56:30 - [MESSAGE][PASSED] - Keys '*' sent to object: 'Object Repository/ADMIN/Edit Text/Bespoke/Seller Pages/Item Translation/input_TRANSLATE ITEM_transalate-item'

2020-03-20 14:56:30 - [TEST_STEP][PASSED] - sendKeys(findTestObject("ADMIN/Edit Text/Bespoke/Seller Pages/Item Translation/input_Add or edit translations for your item details_transalate-detail"), "*"): Keys '*' sent to object: 'Object Repository/ADMIN/Edit Text/Bespoke/Seller Pages/Item Translation/input_Add or edit translations for your item details_transalate-detail'

2020-03-20 14:56:30 - [MESSAGE][PASSED] - Keys '*' sent to object: 'Object Repository/ADMIN/Edit Text/Bespoke/Seller Pages/Item Translation/input_Add or edit translations for your item details_transalate-detail'

2020-03-20 14:56:30 - [TEST_STEP][PASSED] - sendKeys(findTestObject("ADMIN/Edit Text/Bespoke/Seller Pages/Item Translation/input_Language_Language"), "*"): Keys '*' sent to object: 'Object Repository/ADMIN/Edit Text/Bespoke/Seller Pages/Item Translation/input_Language_Language'

2020-03-20 14:56:30 - [MESSAGE][PASSED] - Keys '*' sent to object: 'Object Repository/ADMIN/Edit Text/Bespoke/Seller Pages/Item Translation/input_Language_Language'

2020-03-20 14:56:30 - [TEST_STEP][PASSED] - sendKeys(findTestObject("ADMIN/Edit Text/Bespoke/Seller Pages/Item Translation/input_CANCEL_btn_cancel"), "*"): Keys '*' sent to object: 'Object Repository/ADMIN/Edit Text/Bespoke/Seller Pages/Item Translation/input_CANCEL_btn_cancel'

2020-03-20 14:56:30 - [MESSAGE][PASSED] - Keys '*' sent to object: 'Object Repository/ADMIN/Edit Text/Bespoke/Seller Pages/Item Translation/input_CANCEL_btn_cancel'

2020-03-20 14:56:30 - [TEST_STEP][PASSED] - sendKeys(findTestObject("ADMIN/Edit Text/Bespoke/Seller Pages/Item Translation/input_SAVE_btn_save"), "*"): Keys '*' sent to object: 'Object Repository/ADMIN/Edit Text/Bespoke/Seller Pages/Item Translation/input_SAVE_btn_save'

2020-03-20 14:56:30 - [MESSAGE][PASSED] - Keys '*' sent to object: 'Object Repository/ADMIN/Edit Text/Bespoke/Seller Pages/Item Translation/input_SAVE_btn_save'

2020-03-20 14:56:30 - [TEST_STEP][PASSED] - sendKeys(findTestObject("ADMIN/Edit Text/Bespoke/Seller Pages/Item Translation/input_ITEM NAME_Language"), "*"): Keys '*' sent to object: 'Object Repository/ADMIN/Edit Text/Bespoke/Seller Pages/Item Translation/input_ITEM NAME_Language'

2020-03-20 14:56:31 - [MESSAGE][PASSED] - Keys '*' sent to object: 'Object Repository/ADMIN/Edit Text/Bespoke/Seller Pages/Item Translation/input_ITEM NAME_Language'

2020-03-20 14:56:31 - [TEST_STEP][PASSED] - sendKeys(findTestObject("ADMIN/Edit Text/Bespoke/Seller Pages/Item Translation/input_ITEM DESCRIPTION_Language"), "*"): Keys '*' sent to object: 'Object Repository/ADMIN/Edit Text/Bespoke/Seller Pages/Item Translation/input_ITEM DESCRIPTION_Language'

2020-03-20 14:56:31 - [MESSAGE][PASSED] - Keys '*' sent to object: 'Object Repository/ADMIN/Edit Text/Bespoke/Seller Pages/Item Translation/input_ITEM DESCRIPTION_Language'

2020-03-20 14:56:31 - [TEST_STEP][PASSED] - sendKeys(findTestObject("ADMIN/Edit Text/Bespoke/Seller Pages/Item Translation/input_OPTION NAME_Language"), "*"): Keys '*' sent to object: 'Object Repository/ADMIN/Edit Text/Bespoke/Seller Pages/Item Translation/input_OPTION NAME_Language'

2020-03-20 14:56:31 - [MESSAGE][PASSED] - Keys '*' sent to object: 'Object Repository/ADMIN/Edit Text/Bespoke/Seller Pages/Item Translation/input_OPTION NAME_Language'

2020-03-20 14:56:31 - [TEST_STEP][PASSED] - sendKeys(findTestObject("ADMIN/Edit Text/Bespoke/Seller Pages/Item Translation/input_OPTION CHOICE_Language"), "*"): Keys '*' sent to object: 'Object Repository/ADMIN/Edit Text/Bespoke/Seller Pages/Item Translation/input_OPTION CHOICE_Language'

2020-03-20 14:56:31 - [MESSAGE][PASSED] - Keys '*' sent to object: 'Object Repository/ADMIN/Edit Text/Bespoke/Seller Pages/Item Translation/input_OPTION CHOICE_Language'

2020-03-20 14:56:31 - [TEST_STEP][PASSED] - sendKeys(findTestObject("ADMIN/Edit Text/Bespoke/Seller Pages/Item Translation/input_You have not finished_not-finished"), "*"): Keys '*' sent to object: 'Object Repository/ADMIN/Edit Text/Bespoke/Seller Pages/Item Translation/input_You have not finished_not-finished'

2020-03-20 14:56:31 - [MESSAGE][PASSED] - Keys '*' sent to object: 'Object Repository/ADMIN/Edit Text/Bespoke/Seller Pages/Item Translation/input_You have not finished_not-finished'

2020-03-20 14:56:31 - [TEST_STEP][PASSED] - sendKeys(findTestObject("ADMIN/Edit Text/Bespoke/Seller Pages/Item Translation/input_You are about to leave the page with out saving your progress Would you like to leave this page_about-leave"), "*"): Keys '*' sent to object: 'Object Repository/ADMIN/Edit Text/Bespoke/Seller Pages/Item Translation/input_You are about to leave the page with out saving your progress Would you like to leave this page_about-leave'

2020-03-20 14:56:32 - [MESSAGE][PASSED] - Keys '*' sent to object: 'Object Repository/ADMIN/Edit Text/Bespoke/Seller Pages/Item Translation/input_You are about to leave the page with out saving your progress Would you like to leave this page_about-leave'

2020-03-20 14:56:32 - [TEST_STEP][PASSED] - sendKeys(findTestObject("ADMIN/Edit Text/Bespoke/Seller Pages/Item Translation/input_CANCEL_later_btn"), "*"): Keys '*' sent to object: 'Object Repository/ADMIN/Edit Text/Bespoke/Seller Pages/Item Translation/input_CANCEL_later_btn'

2020-03-20 14:56:32 - [MESSAGE][PASSED] - Keys '*' sent to object: 'Object Repository/ADMIN/Edit Text/Bespoke/Seller Pages/Item Translation/input_CANCEL_later_btn'

2020-03-20 14:56:32 - [TEST_STEP][PASSED] - sendKeys(findTestObject("ADMIN/Edit Text/Bespoke/Seller Pages/Item Translation/input_CONTINUE_later_btn"), "*"): Keys '*' sent to object: 'Object Repository/ADMIN/Edit Text/Bespoke/Seller Pages/Item Translation/input_CONTINUE_later_btn'

2020-03-20 14:56:32 - [MESSAGE][PASSED] - Keys '*' sent to object: 'Object Repository/ADMIN/Edit Text/Bespoke/Seller Pages/Item Translation/input_CONTINUE_later_btn'

2020-03-20 14:56:32 - [TEST_STEP][PASSED] - click(findTestObject("ADMIN/Edit Text/Bespoke/Buyer Pages/Homepage/button_save"), CONTINUE_ON_FAILURE): Object: 'Object Repository/ADMIN/Edit Text/Bespoke/Buyer Pages/Homepage/button_save' is clicked on

2020-03-20 14:56:32 - [MESSAGE][PASSED] - Object: 'Object Repository/ADMIN/Edit Text/Bespoke/Buyer Pages/Homepage/button_save' is clicked on

2020-03-20 14:56:32 - [TEST_STEP][PASSED] - waitForElementVisible(findTestObject("ADMIN/Edit Text/Bespoke/Buyer Pages/Homepage/toaster_success"), 0): Object 'Object Repository/ADMIN/Edit Text/Bespoke/Buyer Pages/Homepage/toaster_success' is visible

2020-03-20 14:56:32 - [MESSAGE][WARNING] - Timeout '0' is invalid. Using default page load timeout: '30'

2020-03-20 14:56:32 - [MESSAGE][PASSED] - Object 'Object Repository/ADMIN/Edit Text/Bespoke/Buyer Pages/Homepage/toaster_success' is visible]]></system-out>
         <system-err><![CDATA[]]></system-err>
      </testcase>
      <testcase name="Test Cases/ADMIN/Language/Edit Text/Bespoke/Seller/Item Translation" time="5.317" classname="Test Cases/ADMIN/Language/Edit Text/Bespoke/Seller/Item Translation" status="PASSED">
         <system-out><![CDATA[2020-03-20 14:56:32 - [TEST_CASE][PASSED] - Test Cases/ADMIN/Language/Edit Text/Bespoke/Seller/Item Translation: Test Cases/ADMIN/Language/Edit Text/Bespoke/Seller/Item Translation

2020-03-20 14:56:32 - [TEST_STEP][PASSED] - waitForElementVisible(findTestObject("ADMIN/Edit Text/Bespoke/Buyer Navigation/dd_language"), 0): Object 'Object Repository/ADMIN/Edit Text/Bespoke/Buyer Navigation/dd_language' is visible

2020-03-20 14:56:32 - [MESSAGE][WARNING] - Timeout '0' is invalid. Using default page load timeout: '30'

2020-03-20 14:56:32 - [MESSAGE][PASSED] - Object 'Object Repository/ADMIN/Edit Text/Bespoke/Buyer Navigation/dd_language' is visible

2020-03-20 14:56:32 - [TEST_STEP][PASSED] - selectOptionByLabel(findTestObject("ADMIN/Edit Text/Bespoke/Buyer Navigation/dd_language"), varLanguage, false): All options with label 'Chinese (Traditional)' are selected in object 'Object Repository/ADMIN/Edit Text/Bespoke/Buyer Navigation/dd_language' 

2020-03-20 14:56:34 - [MESSAGE][PASSED] - All options with label 'Chinese (Traditional)' are selected in object 'Object Repository/ADMIN/Edit Text/Bespoke/Buyer Navigation/dd_language' 

2020-03-20 14:56:34 - [TEST_STEP][PASSED] - sendKeys(findTestObject("ADMIN/Edit Text/Bespoke/Seller Pages/Item Translation/input_TRANSLATE ITEM_transalate-item"), "*"): Keys '*' sent to object: 'Object Repository/ADMIN/Edit Text/Bespoke/Seller Pages/Item Translation/input_TRANSLATE ITEM_transalate-item'

2020-03-20 14:56:34 - [MESSAGE][PASSED] - Keys '*' sent to object: 'Object Repository/ADMIN/Edit Text/Bespoke/Seller Pages/Item Translation/input_TRANSLATE ITEM_transalate-item'

2020-03-20 14:56:34 - [TEST_STEP][PASSED] - sendKeys(findTestObject("ADMIN/Edit Text/Bespoke/Seller Pages/Item Translation/input_Add or edit translations for your item details_transalate-detail"), "*"): Keys '*' sent to object: 'Object Repository/ADMIN/Edit Text/Bespoke/Seller Pages/Item Translation/input_Add or edit translations for your item details_transalate-detail'

2020-03-20 14:56:34 - [MESSAGE][PASSED] - Keys '*' sent to object: 'Object Repository/ADMIN/Edit Text/Bespoke/Seller Pages/Item Translation/input_Add or edit translations for your item details_transalate-detail'

2020-03-20 14:56:34 - [TEST_STEP][PASSED] - sendKeys(findTestObject("ADMIN/Edit Text/Bespoke/Seller Pages/Item Translation/input_Language_Language"), "*"): Keys '*' sent to object: 'Object Repository/ADMIN/Edit Text/Bespoke/Seller Pages/Item Translation/input_Language_Language'

2020-03-20 14:56:35 - [MESSAGE][PASSED] - Keys '*' sent to object: 'Object Repository/ADMIN/Edit Text/Bespoke/Seller Pages/Item Translation/input_Language_Language'

2020-03-20 14:56:35 - [TEST_STEP][PASSED] - sendKeys(findTestObject("ADMIN/Edit Text/Bespoke/Seller Pages/Item Translation/input_CANCEL_btn_cancel"), "*"): Keys '*' sent to object: 'Object Repository/ADMIN/Edit Text/Bespoke/Seller Pages/Item Translation/input_CANCEL_btn_cancel'

2020-03-20 14:56:35 - [MESSAGE][PASSED] - Keys '*' sent to object: 'Object Repository/ADMIN/Edit Text/Bespoke/Seller Pages/Item Translation/input_CANCEL_btn_cancel'

2020-03-20 14:56:35 - [TEST_STEP][PASSED] - sendKeys(findTestObject("ADMIN/Edit Text/Bespoke/Seller Pages/Item Translation/input_SAVE_btn_save"), "*"): Keys '*' sent to object: 'Object Repository/ADMIN/Edit Text/Bespoke/Seller Pages/Item Translation/input_SAVE_btn_save'

2020-03-20 14:56:35 - [MESSAGE][PASSED] - Keys '*' sent to object: 'Object Repository/ADMIN/Edit Text/Bespoke/Seller Pages/Item Translation/input_SAVE_btn_save'

2020-03-20 14:56:35 - [TEST_STEP][PASSED] - sendKeys(findTestObject("ADMIN/Edit Text/Bespoke/Seller Pages/Item Translation/input_ITEM NAME_Language"), "*"): Keys '*' sent to object: 'Object Repository/ADMIN/Edit Text/Bespoke/Seller Pages/Item Translation/input_ITEM NAME_Language'

2020-03-20 14:56:35 - [MESSAGE][PASSED] - Keys '*' sent to object: 'Object Repository/ADMIN/Edit Text/Bespoke/Seller Pages/Item Translation/input_ITEM NAME_Language'

2020-03-20 14:56:35 - [TEST_STEP][PASSED] - sendKeys(findTestObject("ADMIN/Edit Text/Bespoke/Seller Pages/Item Translation/input_ITEM DESCRIPTION_Language"), "*"): Keys '*' sent to object: 'Object Repository/ADMIN/Edit Text/Bespoke/Seller Pages/Item Translation/input_ITEM DESCRIPTION_Language'

2020-03-20 14:56:35 - [MESSAGE][PASSED] - Keys '*' sent to object: 'Object Repository/ADMIN/Edit Text/Bespoke/Seller Pages/Item Translation/input_ITEM DESCRIPTION_Language'

2020-03-20 14:56:35 - [TEST_STEP][PASSED] - sendKeys(findTestObject("ADMIN/Edit Text/Bespoke/Seller Pages/Item Translation/input_OPTION NAME_Language"), "*"): Keys '*' sent to object: 'Object Repository/ADMIN/Edit Text/Bespoke/Seller Pages/Item Translation/input_OPTION NAME_Language'

2020-03-20 14:56:36 - [MESSAGE][PASSED] - Keys '*' sent to object: 'Object Repository/ADMIN/Edit Text/Bespoke/Seller Pages/Item Translation/input_OPTION NAME_Language'

2020-03-20 14:56:36 - [TEST_STEP][PASSED] - sendKeys(findTestObject("ADMIN/Edit Text/Bespoke/Seller Pages/Item Translation/input_OPTION CHOICE_Language"), "*"): Keys '*' sent to object: 'Object Repository/ADMIN/Edit Text/Bespoke/Seller Pages/Item Translation/input_OPTION CHOICE_Language'

2020-03-20 14:56:36 - [MESSAGE][PASSED] - Keys '*' sent to object: 'Object Repository/ADMIN/Edit Text/Bespoke/Seller Pages/Item Translation/input_OPTION CHOICE_Language'

2020-03-20 14:56:36 - [TEST_STEP][PASSED] - sendKeys(findTestObject("ADMIN/Edit Text/Bespoke/Seller Pages/Item Translation/input_You have not finished_not-finished"), "*"): Keys '*' sent to object: 'Object Repository/ADMIN/Edit Text/Bespoke/Seller Pages/Item Translation/input_You have not finished_not-finished'

2020-03-20 14:56:36 - [MESSAGE][PASSED] - Keys '*' sent to object: 'Object Repository/ADMIN/Edit Text/Bespoke/Seller Pages/Item Translation/input_You have not finished_not-finished'

2020-03-20 14:56:36 - [TEST_STEP][PASSED] - sendKeys(findTestObject("ADMIN/Edit Text/Bespoke/Seller Pages/Item Translation/input_You are about to leave the page with out saving your progress Would you like to leave this page_about-leave"), "*"): Keys '*' sent to object: 'Object Repository/ADMIN/Edit Text/Bespoke/Seller Pages/Item Translation/input_You are about to leave the page with out saving your progress Would you like to leave this page_about-leave'

2020-03-20 14:56:36 - [MESSAGE][PASSED] - Keys '*' sent to object: 'Object Repository/ADMIN/Edit Text/Bespoke/Seller Pages/Item Translation/input_You are about to leave the page with out saving your progress Would you like to leave this page_about-leave'

2020-03-20 14:56:36 - [TEST_STEP][PASSED] - sendKeys(findTestObject("ADMIN/Edit Text/Bespoke/Seller Pages/Item Translation/input_CANCEL_later_btn"), "*"): Keys '*' sent to object: 'Object Repository/ADMIN/Edit Text/Bespoke/Seller Pages/Item Translation/input_CANCEL_later_btn'

2020-03-20 14:56:37 - [MESSAGE][PASSED] - Keys '*' sent to object: 'Object Repository/ADMIN/Edit Text/Bespoke/Seller Pages/Item Translation/input_CANCEL_later_btn'

2020-03-20 14:56:37 - [TEST_STEP][PASSED] - sendKeys(findTestObject("ADMIN/Edit Text/Bespoke/Seller Pages/Item Translation/input_CONTINUE_later_btn"), "*"): Keys '*' sent to object: 'Object Repository/ADMIN/Edit Text/Bespoke/Seller Pages/Item Translation/input_CONTINUE_later_btn'

2020-03-20 14:56:37 - [MESSAGE][PASSED] - Keys '*' sent to object: 'Object Repository/ADMIN/Edit Text/Bespoke/Seller Pages/Item Translation/input_CONTINUE_later_btn'

2020-03-20 14:56:37 - [TEST_STEP][PASSED] - click(findTestObject("ADMIN/Edit Text/Bespoke/Buyer Pages/Homepage/button_save"), CONTINUE_ON_FAILURE): Object: 'Object Repository/ADMIN/Edit Text/Bespoke/Buyer Pages/Homepage/button_save' is clicked on

2020-03-20 14:56:37 - [MESSAGE][PASSED] - Object: 'Object Repository/ADMIN/Edit Text/Bespoke/Buyer Pages/Homepage/button_save' is clicked on

2020-03-20 14:56:37 - [TEST_STEP][PASSED] - waitForElementVisible(findTestObject("ADMIN/Edit Text/Bespoke/Buyer Pages/Homepage/toaster_success"), 0): Object 'Object Repository/ADMIN/Edit Text/Bespoke/Buyer Pages/Homepage/toaster_success' is visible

2020-03-20 14:56:37 - [MESSAGE][WARNING] - Timeout '0' is invalid. Using default page load timeout: '30'

2020-03-20 14:56:38 - [MESSAGE][PASSED] - Object 'Object Repository/ADMIN/Edit Text/Bespoke/Buyer Pages/Homepage/toaster_success' is visible]]></system-out>
         <system-err><![CDATA[]]></system-err>
      </testcase>
      <testcase name="Test Cases/ADMIN/Language/Edit Text/Bespoke/Seller/Item Translation" time="5.086" classname="Test Cases/ADMIN/Language/Edit Text/Bespoke/Seller/Item Translation" status="PASSED">
         <system-out><![CDATA[2020-03-20 14:56:38 - [TEST_CASE][PASSED] - Test Cases/ADMIN/Language/Edit Text/Bespoke/Seller/Item Translation: Test Cases/ADMIN/Language/Edit Text/Bespoke/Seller/Item Translation

2020-03-20 14:56:38 - [TEST_STEP][PASSED] - waitForElementVisible(findTestObject("ADMIN/Edit Text/Bespoke/Buyer Navigation/dd_language"), 0): Object 'Object Repository/ADMIN/Edit Text/Bespoke/Buyer Navigation/dd_language' is visible

2020-03-20 14:56:38 - [MESSAGE][WARNING] - Timeout '0' is invalid. Using default page load timeout: '30'

2020-03-20 14:56:38 - [MESSAGE][PASSED] - Object 'Object Repository/ADMIN/Edit Text/Bespoke/Buyer Navigation/dd_language' is visible

2020-03-20 14:56:38 - [TEST_STEP][PASSED] - selectOptionByLabel(findTestObject("ADMIN/Edit Text/Bespoke/Buyer Navigation/dd_language"), varLanguage, false): All options with label 'Portuguese' are selected in object 'Object Repository/ADMIN/Edit Text/Bespoke/Buyer Navigation/dd_language' 

2020-03-20 14:56:39 - [MESSAGE][PASSED] - All options with label 'Portuguese' are selected in object 'Object Repository/ADMIN/Edit Text/Bespoke/Buyer Navigation/dd_language' 

2020-03-20 14:56:39 - [TEST_STEP][PASSED] - sendKeys(findTestObject("ADMIN/Edit Text/Bespoke/Seller Pages/Item Translation/input_TRANSLATE ITEM_transalate-item"), "*"): Keys '*' sent to object: 'Object Repository/ADMIN/Edit Text/Bespoke/Seller Pages/Item Translation/input_TRANSLATE ITEM_transalate-item'

2020-03-20 14:56:40 - [MESSAGE][PASSED] - Keys '*' sent to object: 'Object Repository/ADMIN/Edit Text/Bespoke/Seller Pages/Item Translation/input_TRANSLATE ITEM_transalate-item'

2020-03-20 14:56:40 - [TEST_STEP][PASSED] - sendKeys(findTestObject("ADMIN/Edit Text/Bespoke/Seller Pages/Item Translation/input_Add or edit translations for your item details_transalate-detail"), "*"): Keys '*' sent to object: 'Object Repository/ADMIN/Edit Text/Bespoke/Seller Pages/Item Translation/input_Add or edit translations for your item details_transalate-detail'

2020-03-20 14:56:40 - [MESSAGE][PASSED] - Keys '*' sent to object: 'Object Repository/ADMIN/Edit Text/Bespoke/Seller Pages/Item Translation/input_Add or edit translations for your item details_transalate-detail'

2020-03-20 14:56:40 - [TEST_STEP][PASSED] - sendKeys(findTestObject("ADMIN/Edit Text/Bespoke/Seller Pages/Item Translation/input_Language_Language"), "*"): Keys '*' sent to object: 'Object Repository/ADMIN/Edit Text/Bespoke/Seller Pages/Item Translation/input_Language_Language'

2020-03-20 14:56:40 - [MESSAGE][PASSED] - Keys '*' sent to object: 'Object Repository/ADMIN/Edit Text/Bespoke/Seller Pages/Item Translation/input_Language_Language'

2020-03-20 14:56:40 - [TEST_STEP][PASSED] - sendKeys(findTestObject("ADMIN/Edit Text/Bespoke/Seller Pages/Item Translation/input_CANCEL_btn_cancel"), "*"): Keys '*' sent to object: 'Object Repository/ADMIN/Edit Text/Bespoke/Seller Pages/Item Translation/input_CANCEL_btn_cancel'

2020-03-20 14:56:40 - [MESSAGE][PASSED] - Keys '*' sent to object: 'Object Repository/ADMIN/Edit Text/Bespoke/Seller Pages/Item Translation/input_CANCEL_btn_cancel'

2020-03-20 14:56:40 - [TEST_STEP][PASSED] - sendKeys(findTestObject("ADMIN/Edit Text/Bespoke/Seller Pages/Item Translation/input_SAVE_btn_save"), "*"): Keys '*' sent to object: 'Object Repository/ADMIN/Edit Text/Bespoke/Seller Pages/Item Translation/input_SAVE_btn_save'

2020-03-20 14:56:41 - [MESSAGE][PASSED] - Keys '*' sent to object: 'Object Repository/ADMIN/Edit Text/Bespoke/Seller Pages/Item Translation/input_SAVE_btn_save'

2020-03-20 14:56:41 - [TEST_STEP][PASSED] - sendKeys(findTestObject("ADMIN/Edit Text/Bespoke/Seller Pages/Item Translation/input_ITEM NAME_Language"), "*"): Keys '*' sent to object: 'Object Repository/ADMIN/Edit Text/Bespoke/Seller Pages/Item Translation/input_ITEM NAME_Language'

2020-03-20 14:56:41 - [MESSAGE][PASSED] - Keys '*' sent to object: 'Object Repository/ADMIN/Edit Text/Bespoke/Seller Pages/Item Translation/input_ITEM NAME_Language'

2020-03-20 14:56:41 - [TEST_STEP][PASSED] - sendKeys(findTestObject("ADMIN/Edit Text/Bespoke/Seller Pages/Item Translation/input_ITEM DESCRIPTION_Language"), "*"): Keys '*' sent to object: 'Object Repository/ADMIN/Edit Text/Bespoke/Seller Pages/Item Translation/input_ITEM DESCRIPTION_Language'

2020-03-20 14:56:41 - [MESSAGE][PASSED] - Keys '*' sent to object: 'Object Repository/ADMIN/Edit Text/Bespoke/Seller Pages/Item Translation/input_ITEM DESCRIPTION_Language'

2020-03-20 14:56:41 - [TEST_STEP][PASSED] - sendKeys(findTestObject("ADMIN/Edit Text/Bespoke/Seller Pages/Item Translation/input_OPTION NAME_Language"), "*"): Keys '*' sent to object: 'Object Repository/ADMIN/Edit Text/Bespoke/Seller Pages/Item Translation/input_OPTION NAME_Language'

2020-03-20 14:56:41 - [MESSAGE][PASSED] - Keys '*' sent to object: 'Object Repository/ADMIN/Edit Text/Bespoke/Seller Pages/Item Translation/input_OPTION NAME_Language'

2020-03-20 14:56:41 - [TEST_STEP][PASSED] - sendKeys(findTestObject("ADMIN/Edit Text/Bespoke/Seller Pages/Item Translation/input_OPTION CHOICE_Language"), "*"): Keys '*' sent to object: 'Object Repository/ADMIN/Edit Text/Bespoke/Seller Pages/Item Translation/input_OPTION CHOICE_Language'

2020-03-20 14:56:42 - [MESSAGE][PASSED] - Keys '*' sent to object: 'Object Repository/ADMIN/Edit Text/Bespoke/Seller Pages/Item Translation/input_OPTION CHOICE_Language'

2020-03-20 14:56:42 - [TEST_STEP][PASSED] - sendKeys(findTestObject("ADMIN/Edit Text/Bespoke/Seller Pages/Item Translation/input_You have not finished_not-finished"), "*"): Keys '*' sent to object: 'Object Repository/ADMIN/Edit Text/Bespoke/Seller Pages/Item Translation/input_You have not finished_not-finished'

2020-03-20 14:56:42 - [MESSAGE][PASSED] - Keys '*' sent to object: 'Object Repository/ADMIN/Edit Text/Bespoke/Seller Pages/Item Translation/input_You have not finished_not-finished'

2020-03-20 14:56:42 - [TEST_STEP][PASSED] - sendKeys(findTestObject("ADMIN/Edit Text/Bespoke/Seller Pages/Item Translation/input_You are about to leave the page with out saving your progress Would you like to leave this page_about-leave"), "*"): Keys '*' sent to object: 'Object Repository/ADMIN/Edit Text/Bespoke/Seller Pages/Item Translation/input_You are about to leave the page with out saving your progress Would you like to leave this page_about-leave'

2020-03-20 14:56:42 - [MESSAGE][PASSED] - Keys '*' sent to object: 'Object Repository/ADMIN/Edit Text/Bespoke/Seller Pages/Item Translation/input_You are about to leave the page with out saving your progress Would you like to leave this page_about-leave'

2020-03-20 14:56:42 - [TEST_STEP][PASSED] - sendKeys(findTestObject("ADMIN/Edit Text/Bespoke/Seller Pages/Item Translation/input_CANCEL_later_btn"), "*"): Keys '*' sent to object: 'Object Repository/ADMIN/Edit Text/Bespoke/Seller Pages/Item Translation/input_CANCEL_later_btn'

2020-03-20 14:56:42 - [MESSAGE][PASSED] - Keys '*' sent to object: 'Object Repository/ADMIN/Edit Text/Bespoke/Seller Pages/Item Translation/input_CANCEL_later_btn'

2020-03-20 14:56:42 - [TEST_STEP][PASSED] - sendKeys(findTestObject("ADMIN/Edit Text/Bespoke/Seller Pages/Item Translation/input_CONTINUE_later_btn"), "*"): Keys '*' sent to object: 'Object Repository/ADMIN/Edit Text/Bespoke/Seller Pages/Item Translation/input_CONTINUE_later_btn'

2020-03-20 14:56:42 - [MESSAGE][PASSED] - Keys '*' sent to object: 'Object Repository/ADMIN/Edit Text/Bespoke/Seller Pages/Item Translation/input_CONTINUE_later_btn'

2020-03-20 14:56:42 - [TEST_STEP][PASSED] - click(findTestObject("ADMIN/Edit Text/Bespoke/Buyer Pages/Homepage/button_save"), CONTINUE_ON_FAILURE): Object: 'Object Repository/ADMIN/Edit Text/Bespoke/Buyer Pages/Homepage/button_save' is clicked on

2020-03-20 14:56:43 - [MESSAGE][PASSED] - Object: 'Object Repository/ADMIN/Edit Text/Bespoke/Buyer Pages/Homepage/button_save' is clicked on

2020-03-20 14:56:43 - [TEST_STEP][PASSED] - waitForElementVisible(findTestObject("ADMIN/Edit Text/Bespoke/Buyer Pages/Homepage/toaster_success"), 0): Object 'Object Repository/ADMIN/Edit Text/Bespoke/Buyer Pages/Homepage/toaster_success' is visible

2020-03-20 14:56:43 - [MESSAGE][WARNING] - Timeout '0' is invalid. Using default page load timeout: '30'

2020-03-20 14:56:43 - [MESSAGE][PASSED] - Object 'Object Repository/ADMIN/Edit Text/Bespoke/Buyer Pages/Homepage/toaster_success' is visible]]></system-out>
         <system-err><![CDATA[]]></system-err>
      </testcase>
      <testcase name="Test Cases/ADMIN/Language/Edit Text/Bespoke/Seller/Item Translation" time="5.621" classname="Test Cases/ADMIN/Language/Edit Text/Bespoke/Seller/Item Translation" status="PASSED">
         <system-out><![CDATA[2020-03-20 14:56:43 - [TEST_CASE][PASSED] - Test Cases/ADMIN/Language/Edit Text/Bespoke/Seller/Item Translation: Test Cases/ADMIN/Language/Edit Text/Bespoke/Seller/Item Translation

2020-03-20 14:56:43 - [TEST_STEP][PASSED] - waitForElementVisible(findTestObject("ADMIN/Edit Text/Bespoke/Buyer Navigation/dd_language"), 0): Object 'Object Repository/ADMIN/Edit Text/Bespoke/Buyer Navigation/dd_language' is visible

2020-03-20 14:56:43 - [MESSAGE][WARNING] - Timeout '0' is invalid. Using default page load timeout: '30'

2020-03-20 14:56:43 - [MESSAGE][PASSED] - Object 'Object Repository/ADMIN/Edit Text/Bespoke/Buyer Navigation/dd_language' is visible

2020-03-20 14:56:43 - [TEST_STEP][PASSED] - selectOptionByLabel(findTestObject("ADMIN/Edit Text/Bespoke/Buyer Navigation/dd_language"), varLanguage, false): All options with label 'Indonesian' are selected in object 'Object Repository/ADMIN/Edit Text/Bespoke/Buyer Navigation/dd_language' 

2020-03-20 14:56:44 - [MESSAGE][PASSED] - All options with label 'Indonesian' are selected in object 'Object Repository/ADMIN/Edit Text/Bespoke/Buyer Navigation/dd_language' 

2020-03-20 14:56:44 - [TEST_STEP][PASSED] - sendKeys(findTestObject("ADMIN/Edit Text/Bespoke/Seller Pages/Item Translation/input_TRANSLATE ITEM_transalate-item"), "*"): Keys '*' sent to object: 'Object Repository/ADMIN/Edit Text/Bespoke/Seller Pages/Item Translation/input_TRANSLATE ITEM_transalate-item'

2020-03-20 14:56:45 - [MESSAGE][PASSED] - Keys '*' sent to object: 'Object Repository/ADMIN/Edit Text/Bespoke/Seller Pages/Item Translation/input_TRANSLATE ITEM_transalate-item'

2020-03-20 14:56:45 - [TEST_STEP][PASSED] - sendKeys(findTestObject("ADMIN/Edit Text/Bespoke/Seller Pages/Item Translation/input_Add or edit translations for your item details_transalate-detail"), "*"): Keys '*' sent to object: 'Object Repository/ADMIN/Edit Text/Bespoke/Seller Pages/Item Translation/input_Add or edit translations for your item details_transalate-detail'

2020-03-20 14:56:45 - [MESSAGE][PASSED] - Keys '*' sent to object: 'Object Repository/ADMIN/Edit Text/Bespoke/Seller Pages/Item Translation/input_Add or edit translations for your item details_transalate-detail'

2020-03-20 14:56:45 - [TEST_STEP][PASSED] - sendKeys(findTestObject("ADMIN/Edit Text/Bespoke/Seller Pages/Item Translation/input_Language_Language"), "*"): Keys '*' sent to object: 'Object Repository/ADMIN/Edit Text/Bespoke/Seller Pages/Item Translation/input_Language_Language'

2020-03-20 14:56:45 - [MESSAGE][PASSED] - Keys '*' sent to object: 'Object Repository/ADMIN/Edit Text/Bespoke/Seller Pages/Item Translation/input_Language_Language'

2020-03-20 14:56:45 - [TEST_STEP][PASSED] - sendKeys(findTestObject("ADMIN/Edit Text/Bespoke/Seller Pages/Item Translation/input_CANCEL_btn_cancel"), "*"): Keys '*' sent to object: 'Object Repository/ADMIN/Edit Text/Bespoke/Seller Pages/Item Translation/input_CANCEL_btn_cancel'

2020-03-20 14:56:45 - [MESSAGE][PASSED] - Keys '*' sent to object: 'Object Repository/ADMIN/Edit Text/Bespoke/Seller Pages/Item Translation/input_CANCEL_btn_cancel'

2020-03-20 14:56:45 - [TEST_STEP][PASSED] - sendKeys(findTestObject("ADMIN/Edit Text/Bespoke/Seller Pages/Item Translation/input_SAVE_btn_save"), "*"): Keys '*' sent to object: 'Object Repository/ADMIN/Edit Text/Bespoke/Seller Pages/Item Translation/input_SAVE_btn_save'

2020-03-20 14:56:46 - [MESSAGE][PASSED] - Keys '*' sent to object: 'Object Repository/ADMIN/Edit Text/Bespoke/Seller Pages/Item Translation/input_SAVE_btn_save'

2020-03-20 14:56:46 - [TEST_STEP][PASSED] - sendKeys(findTestObject("ADMIN/Edit Text/Bespoke/Seller Pages/Item Translation/input_ITEM NAME_Language"), "*"): Keys '*' sent to object: 'Object Repository/ADMIN/Edit Text/Bespoke/Seller Pages/Item Translation/input_ITEM NAME_Language'

2020-03-20 14:56:46 - [MESSAGE][PASSED] - Keys '*' sent to object: 'Object Repository/ADMIN/Edit Text/Bespoke/Seller Pages/Item Translation/input_ITEM NAME_Language'

2020-03-20 14:56:46 - [TEST_STEP][PASSED] - sendKeys(findTestObject("ADMIN/Edit Text/Bespoke/Seller Pages/Item Translation/input_ITEM DESCRIPTION_Language"), "*"): Keys '*' sent to object: 'Object Repository/ADMIN/Edit Text/Bespoke/Seller Pages/Item Translation/input_ITEM DESCRIPTION_Language'

2020-03-20 14:56:46 - [MESSAGE][PASSED] - Keys '*' sent to object: 'Object Repository/ADMIN/Edit Text/Bespoke/Seller Pages/Item Translation/input_ITEM DESCRIPTION_Language'

2020-03-20 14:56:46 - [TEST_STEP][PASSED] - sendKeys(findTestObject("ADMIN/Edit Text/Bespoke/Seller Pages/Item Translation/input_OPTION NAME_Language"), "*"): Keys '*' sent to object: 'Object Repository/ADMIN/Edit Text/Bespoke/Seller Pages/Item Translation/input_OPTION NAME_Language'

2020-03-20 14:56:46 - [MESSAGE][PASSED] - Keys '*' sent to object: 'Object Repository/ADMIN/Edit Text/Bespoke/Seller Pages/Item Translation/input_OPTION NAME_Language'

2020-03-20 14:56:46 - [TEST_STEP][PASSED] - sendKeys(findTestObject("ADMIN/Edit Text/Bespoke/Seller Pages/Item Translation/input_OPTION CHOICE_Language"), "*"): Keys '*' sent to object: 'Object Repository/ADMIN/Edit Text/Bespoke/Seller Pages/Item Translation/input_OPTION CHOICE_Language'

2020-03-20 14:56:47 - [MESSAGE][PASSED] - Keys '*' sent to object: 'Object Repository/ADMIN/Edit Text/Bespoke/Seller Pages/Item Translation/input_OPTION CHOICE_Language'

2020-03-20 14:56:47 - [TEST_STEP][PASSED] - sendKeys(findTestObject("ADMIN/Edit Text/Bespoke/Seller Pages/Item Translation/input_You have not finished_not-finished"), "*"): Keys '*' sent to object: 'Object Repository/ADMIN/Edit Text/Bespoke/Seller Pages/Item Translation/input_You have not finished_not-finished'

2020-03-20 14:56:47 - [MESSAGE][PASSED] - Keys '*' sent to object: 'Object Repository/ADMIN/Edit Text/Bespoke/Seller Pages/Item Translation/input_You have not finished_not-finished'

2020-03-20 14:56:47 - [TEST_STEP][PASSED] - sendKeys(findTestObject("ADMIN/Edit Text/Bespoke/Seller Pages/Item Translation/input_You are about to leave the page with out saving your progress Would you like to leave this page_about-leave"), "*"): Keys '*' sent to object: 'Object Repository/ADMIN/Edit Text/Bespoke/Seller Pages/Item Translation/input_You are about to leave the page with out saving your progress Would you like to leave this page_about-leave'

2020-03-20 14:56:47 - [MESSAGE][PASSED] - Keys '*' sent to object: 'Object Repository/ADMIN/Edit Text/Bespoke/Seller Pages/Item Translation/input_You are about to leave the page with out saving your progress Would you like to leave this page_about-leave'

2020-03-20 14:56:47 - [TEST_STEP][PASSED] - sendKeys(findTestObject("ADMIN/Edit Text/Bespoke/Seller Pages/Item Translation/input_CANCEL_later_btn"), "*"): Keys '*' sent to object: 'Object Repository/ADMIN/Edit Text/Bespoke/Seller Pages/Item Translation/input_CANCEL_later_btn'

2020-03-20 14:56:47 - [MESSAGE][PASSED] - Keys '*' sent to object: 'Object Repository/ADMIN/Edit Text/Bespoke/Seller Pages/Item Translation/input_CANCEL_later_btn'

2020-03-20 14:56:47 - [TEST_STEP][PASSED] - sendKeys(findTestObject("ADMIN/Edit Text/Bespoke/Seller Pages/Item Translation/input_CONTINUE_later_btn"), "*"): Keys '*' sent to object: 'Object Repository/ADMIN/Edit Text/Bespoke/Seller Pages/Item Translation/input_CONTINUE_later_btn'

2020-03-20 14:56:47 - [MESSAGE][PASSED] - Keys '*' sent to object: 'Object Repository/ADMIN/Edit Text/Bespoke/Seller Pages/Item Translation/input_CONTINUE_later_btn'

2020-03-20 14:56:47 - [TEST_STEP][PASSED] - click(findTestObject("ADMIN/Edit Text/Bespoke/Buyer Pages/Homepage/button_save"), CONTINUE_ON_FAILURE): Object: 'Object Repository/ADMIN/Edit Text/Bespoke/Buyer Pages/Homepage/button_save' is clicked on

2020-03-20 14:56:48 - [MESSAGE][PASSED] - Object: 'Object Repository/ADMIN/Edit Text/Bespoke/Buyer Pages/Homepage/button_save' is clicked on

2020-03-20 14:56:48 - [TEST_STEP][PASSED] - waitForElementVisible(findTestObject("ADMIN/Edit Text/Bespoke/Buyer Pages/Homepage/toaster_success"), 0): Object 'Object Repository/ADMIN/Edit Text/Bespoke/Buyer Pages/Homepage/toaster_success' is visible

2020-03-20 14:56:48 - [MESSAGE][WARNING] - Timeout '0' is invalid. Using default page load timeout: '30'

2020-03-20 14:56:48 - [MESSAGE][PASSED] - Object 'Object Repository/ADMIN/Edit Text/Bespoke/Buyer Pages/Homepage/toaster_success' is visible]]></system-out>
         <system-err><![CDATA[]]></system-err>
      </testcase>
      <testcase name="Test Cases/ADMIN/Language/Edit Text/Bespoke/Seller/Item Translation" time="5.246" classname="Test Cases/ADMIN/Language/Edit Text/Bespoke/Seller/Item Translation" status="PASSED">
         <system-out><![CDATA[2020-03-20 14:56:48 - [TEST_CASE][PASSED] - Test Cases/ADMIN/Language/Edit Text/Bespoke/Seller/Item Translation: Test Cases/ADMIN/Language/Edit Text/Bespoke/Seller/Item Translation

2020-03-20 14:56:48 - [TEST_STEP][PASSED] - waitForElementVisible(findTestObject("ADMIN/Edit Text/Bespoke/Buyer Navigation/dd_language"), 0): Object 'Object Repository/ADMIN/Edit Text/Bespoke/Buyer Navigation/dd_language' is visible

2020-03-20 14:56:49 - [MESSAGE][WARNING] - Timeout '0' is invalid. Using default page load timeout: '30'

2020-03-20 14:56:49 - [MESSAGE][PASSED] - Object 'Object Repository/ADMIN/Edit Text/Bespoke/Buyer Navigation/dd_language' is visible

2020-03-20 14:56:49 - [TEST_STEP][PASSED] - selectOptionByLabel(findTestObject("ADMIN/Edit Text/Bespoke/Buyer Navigation/dd_language"), varLanguage, false): All options with label 'Russian' are selected in object 'Object Repository/ADMIN/Edit Text/Bespoke/Buyer Navigation/dd_language' 

2020-03-20 14:56:50 - [MESSAGE][PASSED] - All options with label 'Russian' are selected in object 'Object Repository/ADMIN/Edit Text/Bespoke/Buyer Navigation/dd_language' 

2020-03-20 14:56:50 - [TEST_STEP][PASSED] - sendKeys(findTestObject("ADMIN/Edit Text/Bespoke/Seller Pages/Item Translation/input_TRANSLATE ITEM_transalate-item"), "*"): Keys '*' sent to object: 'Object Repository/ADMIN/Edit Text/Bespoke/Seller Pages/Item Translation/input_TRANSLATE ITEM_transalate-item'

2020-03-20 14:56:50 - [MESSAGE][PASSED] - Keys '*' sent to object: 'Object Repository/ADMIN/Edit Text/Bespoke/Seller Pages/Item Translation/input_TRANSLATE ITEM_transalate-item'

2020-03-20 14:56:50 - [TEST_STEP][PASSED] - sendKeys(findTestObject("ADMIN/Edit Text/Bespoke/Seller Pages/Item Translation/input_Add or edit translations for your item details_transalate-detail"), "*"): Keys '*' sent to object: 'Object Repository/ADMIN/Edit Text/Bespoke/Seller Pages/Item Translation/input_Add or edit translations for your item details_transalate-detail'

2020-03-20 14:56:50 - [MESSAGE][PASSED] - Keys '*' sent to object: 'Object Repository/ADMIN/Edit Text/Bespoke/Seller Pages/Item Translation/input_Add or edit translations for your item details_transalate-detail'

2020-03-20 14:56:50 - [TEST_STEP][PASSED] - sendKeys(findTestObject("ADMIN/Edit Text/Bespoke/Seller Pages/Item Translation/input_Language_Language"), "*"): Keys '*' sent to object: 'Object Repository/ADMIN/Edit Text/Bespoke/Seller Pages/Item Translation/input_Language_Language'

2020-03-20 14:56:51 - [MESSAGE][PASSED] - Keys '*' sent to object: 'Object Repository/ADMIN/Edit Text/Bespoke/Seller Pages/Item Translation/input_Language_Language'

2020-03-20 14:56:51 - [TEST_STEP][PASSED] - sendKeys(findTestObject("ADMIN/Edit Text/Bespoke/Seller Pages/Item Translation/input_CANCEL_btn_cancel"), "*"): Keys '*' sent to object: 'Object Repository/ADMIN/Edit Text/Bespoke/Seller Pages/Item Translation/input_CANCEL_btn_cancel'

2020-03-20 14:56:51 - [MESSAGE][PASSED] - Keys '*' sent to object: 'Object Repository/ADMIN/Edit Text/Bespoke/Seller Pages/Item Translation/input_CANCEL_btn_cancel'

2020-03-20 14:56:51 - [TEST_STEP][PASSED] - sendKeys(findTestObject("ADMIN/Edit Text/Bespoke/Seller Pages/Item Translation/input_SAVE_btn_save"), "*"): Keys '*' sent to object: 'Object Repository/ADMIN/Edit Text/Bespoke/Seller Pages/Item Translation/input_SAVE_btn_save'

2020-03-20 14:56:51 - [MESSAGE][PASSED] - Keys '*' sent to object: 'Object Repository/ADMIN/Edit Text/Bespoke/Seller Pages/Item Translation/input_SAVE_btn_save'

2020-03-20 14:56:51 - [TEST_STEP][PASSED] - sendKeys(findTestObject("ADMIN/Edit Text/Bespoke/Seller Pages/Item Translation/input_ITEM NAME_Language"), "*"): Keys '*' sent to object: 'Object Repository/ADMIN/Edit Text/Bespoke/Seller Pages/Item Translation/input_ITEM NAME_Language'

2020-03-20 14:56:51 - [MESSAGE][PASSED] - Keys '*' sent to object: 'Object Repository/ADMIN/Edit Text/Bespoke/Seller Pages/Item Translation/input_ITEM NAME_Language'

2020-03-20 14:56:51 - [TEST_STEP][PASSED] - sendKeys(findTestObject("ADMIN/Edit Text/Bespoke/Seller Pages/Item Translation/input_ITEM DESCRIPTION_Language"), "*"): Keys '*' sent to object: 'Object Repository/ADMIN/Edit Text/Bespoke/Seller Pages/Item Translation/input_ITEM DESCRIPTION_Language'

2020-03-20 14:56:51 - [MESSAGE][PASSED] - Keys '*' sent to object: 'Object Repository/ADMIN/Edit Text/Bespoke/Seller Pages/Item Translation/input_ITEM DESCRIPTION_Language'

2020-03-20 14:56:51 - [TEST_STEP][PASSED] - sendKeys(findTestObject("ADMIN/Edit Text/Bespoke/Seller Pages/Item Translation/input_OPTION NAME_Language"), "*"): Keys '*' sent to object: 'Object Repository/ADMIN/Edit Text/Bespoke/Seller Pages/Item Translation/input_OPTION NAME_Language'

2020-03-20 14:56:52 - [MESSAGE][PASSED] - Keys '*' sent to object: 'Object Repository/ADMIN/Edit Text/Bespoke/Seller Pages/Item Translation/input_OPTION NAME_Language'

2020-03-20 14:56:52 - [TEST_STEP][PASSED] - sendKeys(findTestObject("ADMIN/Edit Text/Bespoke/Seller Pages/Item Translation/input_OPTION CHOICE_Language"), "*"): Keys '*' sent to object: 'Object Repository/ADMIN/Edit Text/Bespoke/Seller Pages/Item Translation/input_OPTION CHOICE_Language'

2020-03-20 14:56:52 - [MESSAGE][PASSED] - Keys '*' sent to object: 'Object Repository/ADMIN/Edit Text/Bespoke/Seller Pages/Item Translation/input_OPTION CHOICE_Language'

2020-03-20 14:56:52 - [TEST_STEP][PASSED] - sendKeys(findTestObject("ADMIN/Edit Text/Bespoke/Seller Pages/Item Translation/input_You have not finished_not-finished"), "*"): Keys '*' sent to object: 'Object Repository/ADMIN/Edit Text/Bespoke/Seller Pages/Item Translation/input_You have not finished_not-finished'

2020-03-20 14:56:52 - [MESSAGE][PASSED] - Keys '*' sent to object: 'Object Repository/ADMIN/Edit Text/Bespoke/Seller Pages/Item Translation/input_You have not finished_not-finished'

2020-03-20 14:56:52 - [TEST_STEP][PASSED] - sendKeys(findTestObject("ADMIN/Edit Text/Bespoke/Seller Pages/Item Translation/input_You are about to leave the page with out saving your progress Would you like to leave this page_about-leave"), "*"): Keys '*' sent to object: 'Object Repository/ADMIN/Edit Text/Bespoke/Seller Pages/Item Translation/input_You are about to leave the page with out saving your progress Would you like to leave this page_about-leave'

2020-03-20 14:56:52 - [MESSAGE][PASSED] - Keys '*' sent to object: 'Object Repository/ADMIN/Edit Text/Bespoke/Seller Pages/Item Translation/input_You are about to leave the page with out saving your progress Would you like to leave this page_about-leave'

2020-03-20 14:56:52 - [TEST_STEP][PASSED] - sendKeys(findTestObject("ADMIN/Edit Text/Bespoke/Seller Pages/Item Translation/input_CANCEL_later_btn"), "*"): Keys '*' sent to object: 'Object Repository/ADMIN/Edit Text/Bespoke/Seller Pages/Item Translation/input_CANCEL_later_btn'

2020-03-20 14:56:52 - [MESSAGE][PASSED] - Keys '*' sent to object: 'Object Repository/ADMIN/Edit Text/Bespoke/Seller Pages/Item Translation/input_CANCEL_later_btn'

2020-03-20 14:56:52 - [TEST_STEP][PASSED] - sendKeys(findTestObject("ADMIN/Edit Text/Bespoke/Seller Pages/Item Translation/input_CONTINUE_later_btn"), "*"): Keys '*' sent to object: 'Object Repository/ADMIN/Edit Text/Bespoke/Seller Pages/Item Translation/input_CONTINUE_later_btn'

2020-03-20 14:56:53 - [MESSAGE][PASSED] - Keys '*' sent to object: 'Object Repository/ADMIN/Edit Text/Bespoke/Seller Pages/Item Translation/input_CONTINUE_later_btn'

2020-03-20 14:56:53 - [TEST_STEP][PASSED] - click(findTestObject("ADMIN/Edit Text/Bespoke/Buyer Pages/Homepage/button_save"), CONTINUE_ON_FAILURE): Object: 'Object Repository/ADMIN/Edit Text/Bespoke/Buyer Pages/Homepage/button_save' is clicked on

2020-03-20 14:56:53 - [MESSAGE][PASSED] - Object: 'Object Repository/ADMIN/Edit Text/Bespoke/Buyer Pages/Homepage/button_save' is clicked on

2020-03-20 14:56:53 - [TEST_STEP][PASSED] - waitForElementVisible(findTestObject("ADMIN/Edit Text/Bespoke/Buyer Pages/Homepage/toaster_success"), 0): Object 'Object Repository/ADMIN/Edit Text/Bespoke/Buyer Pages/Homepage/toaster_success' is visible

2020-03-20 14:56:53 - [MESSAGE][WARNING] - Timeout '0' is invalid. Using default page load timeout: '30'

2020-03-20 14:56:54 - [MESSAGE][PASSED] - Object 'Object Repository/ADMIN/Edit Text/Bespoke/Buyer Pages/Homepage/toaster_success' is visible]]></system-out>
         <system-err><![CDATA[]]></system-err>
      </testcase>
      <testcase name="Test Cases/ADMIN/Language/Edit Text/Bespoke/Seller/Item Translation" time="5.231" classname="Test Cases/ADMIN/Language/Edit Text/Bespoke/Seller/Item Translation" status="PASSED">
         <system-out><![CDATA[2020-03-20 14:56:54 - [TEST_CASE][PASSED] - Test Cases/ADMIN/Language/Edit Text/Bespoke/Seller/Item Translation: Test Cases/ADMIN/Language/Edit Text/Bespoke/Seller/Item Translation

2020-03-20 14:56:54 - [TEST_STEP][PASSED] - waitForElementVisible(findTestObject("ADMIN/Edit Text/Bespoke/Buyer Navigation/dd_language"), 0): Object 'Object Repository/ADMIN/Edit Text/Bespoke/Buyer Navigation/dd_language' is visible

2020-03-20 14:56:54 - [MESSAGE][WARNING] - Timeout '0' is invalid. Using default page load timeout: '30'

2020-03-20 14:56:54 - [MESSAGE][PASSED] - Object 'Object Repository/ADMIN/Edit Text/Bespoke/Buyer Navigation/dd_language' is visible

2020-03-20 14:56:54 - [TEST_STEP][PASSED] - selectOptionByLabel(findTestObject("ADMIN/Edit Text/Bespoke/Buyer Navigation/dd_language"), varLanguage, false): All options with label 'Italian' are selected in object 'Object Repository/ADMIN/Edit Text/Bespoke/Buyer Navigation/dd_language' 

2020-03-20 14:56:55 - [MESSAGE][PASSED] - All options with label 'Italian' are selected in object 'Object Repository/ADMIN/Edit Text/Bespoke/Buyer Navigation/dd_language' 

2020-03-20 14:56:55 - [TEST_STEP][PASSED] - sendKeys(findTestObject("ADMIN/Edit Text/Bespoke/Seller Pages/Item Translation/input_TRANSLATE ITEM_transalate-item"), "*"): Keys '*' sent to object: 'Object Repository/ADMIN/Edit Text/Bespoke/Seller Pages/Item Translation/input_TRANSLATE ITEM_transalate-item'

2020-03-20 14:56:56 - [MESSAGE][PASSED] - Keys '*' sent to object: 'Object Repository/ADMIN/Edit Text/Bespoke/Seller Pages/Item Translation/input_TRANSLATE ITEM_transalate-item'

2020-03-20 14:56:56 - [TEST_STEP][PASSED] - sendKeys(findTestObject("ADMIN/Edit Text/Bespoke/Seller Pages/Item Translation/input_Add or edit translations for your item details_transalate-detail"), "*"): Keys '*' sent to object: 'Object Repository/ADMIN/Edit Text/Bespoke/Seller Pages/Item Translation/input_Add or edit translations for your item details_transalate-detail'

2020-03-20 14:56:56 - [MESSAGE][PASSED] - Keys '*' sent to object: 'Object Repository/ADMIN/Edit Text/Bespoke/Seller Pages/Item Translation/input_Add or edit translations for your item details_transalate-detail'

2020-03-20 14:56:56 - [TEST_STEP][PASSED] - sendKeys(findTestObject("ADMIN/Edit Text/Bespoke/Seller Pages/Item Translation/input_Language_Language"), "*"): Keys '*' sent to object: 'Object Repository/ADMIN/Edit Text/Bespoke/Seller Pages/Item Translation/input_Language_Language'

2020-03-20 14:56:56 - [MESSAGE][PASSED] - Keys '*' sent to object: 'Object Repository/ADMIN/Edit Text/Bespoke/Seller Pages/Item Translation/input_Language_Language'

2020-03-20 14:56:56 - [TEST_STEP][PASSED] - sendKeys(findTestObject("ADMIN/Edit Text/Bespoke/Seller Pages/Item Translation/input_CANCEL_btn_cancel"), "*"): Keys '*' sent to object: 'Object Repository/ADMIN/Edit Text/Bespoke/Seller Pages/Item Translation/input_CANCEL_btn_cancel'

2020-03-20 14:56:56 - [MESSAGE][PASSED] - Keys '*' sent to object: 'Object Repository/ADMIN/Edit Text/Bespoke/Seller Pages/Item Translation/input_CANCEL_btn_cancel'

2020-03-20 14:56:56 - [TEST_STEP][PASSED] - sendKeys(findTestObject("ADMIN/Edit Text/Bespoke/Seller Pages/Item Translation/input_SAVE_btn_save"), "*"): Keys '*' sent to object: 'Object Repository/ADMIN/Edit Text/Bespoke/Seller Pages/Item Translation/input_SAVE_btn_save'

2020-03-20 14:56:56 - [MESSAGE][PASSED] - Keys '*' sent to object: 'Object Repository/ADMIN/Edit Text/Bespoke/Seller Pages/Item Translation/input_SAVE_btn_save'

2020-03-20 14:56:56 - [TEST_STEP][PASSED] - sendKeys(findTestObject("ADMIN/Edit Text/Bespoke/Seller Pages/Item Translation/input_ITEM NAME_Language"), "*"): Keys '*' sent to object: 'Object Repository/ADMIN/Edit Text/Bespoke/Seller Pages/Item Translation/input_ITEM NAME_Language'

2020-03-20 14:56:57 - [MESSAGE][PASSED] - Keys '*' sent to object: 'Object Repository/ADMIN/Edit Text/Bespoke/Seller Pages/Item Translation/input_ITEM NAME_Language'

2020-03-20 14:56:57 - [TEST_STEP][PASSED] - sendKeys(findTestObject("ADMIN/Edit Text/Bespoke/Seller Pages/Item Translation/input_ITEM DESCRIPTION_Language"), "*"): Keys '*' sent to object: 'Object Repository/ADMIN/Edit Text/Bespoke/Seller Pages/Item Translation/input_ITEM DESCRIPTION_Language'

2020-03-20 14:56:57 - [MESSAGE][PASSED] - Keys '*' sent to object: 'Object Repository/ADMIN/Edit Text/Bespoke/Seller Pages/Item Translation/input_ITEM DESCRIPTION_Language'

2020-03-20 14:56:57 - [TEST_STEP][PASSED] - sendKeys(findTestObject("ADMIN/Edit Text/Bespoke/Seller Pages/Item Translation/input_OPTION NAME_Language"), "*"): Keys '*' sent to object: 'Object Repository/ADMIN/Edit Text/Bespoke/Seller Pages/Item Translation/input_OPTION NAME_Language'

2020-03-20 14:56:57 - [MESSAGE][PASSED] - Keys '*' sent to object: 'Object Repository/ADMIN/Edit Text/Bespoke/Seller Pages/Item Translation/input_OPTION NAME_Language'

2020-03-20 14:56:57 - [TEST_STEP][PASSED] - sendKeys(findTestObject("ADMIN/Edit Text/Bespoke/Seller Pages/Item Translation/input_OPTION CHOICE_Language"), "*"): Keys '*' sent to object: 'Object Repository/ADMIN/Edit Text/Bespoke/Seller Pages/Item Translation/input_OPTION CHOICE_Language'

2020-03-20 14:56:57 - [MESSAGE][PASSED] - Keys '*' sent to object: 'Object Repository/ADMIN/Edit Text/Bespoke/Seller Pages/Item Translation/input_OPTION CHOICE_Language'

2020-03-20 14:56:57 - [TEST_STEP][PASSED] - sendKeys(findTestObject("ADMIN/Edit Text/Bespoke/Seller Pages/Item Translation/input_You have not finished_not-finished"), "*"): Keys '*' sent to object: 'Object Repository/ADMIN/Edit Text/Bespoke/Seller Pages/Item Translation/input_You have not finished_not-finished'

2020-03-20 14:56:57 - [MESSAGE][PASSED] - Keys '*' sent to object: 'Object Repository/ADMIN/Edit Text/Bespoke/Seller Pages/Item Translation/input_You have not finished_not-finished'

2020-03-20 14:56:57 - [TEST_STEP][PASSED] - sendKeys(findTestObject("ADMIN/Edit Text/Bespoke/Seller Pages/Item Translation/input_You are about to leave the page with out saving your progress Would you like to leave this page_about-leave"), "*"): Keys '*' sent to object: 'Object Repository/ADMIN/Edit Text/Bespoke/Seller Pages/Item Translation/input_You are about to leave the page with out saving your progress Would you like to leave this page_about-leave'

2020-03-20 14:56:58 - [MESSAGE][PASSED] - Keys '*' sent to object: 'Object Repository/ADMIN/Edit Text/Bespoke/Seller Pages/Item Translation/input_You are about to leave the page with out saving your progress Would you like to leave this page_about-leave'

2020-03-20 14:56:58 - [TEST_STEP][PASSED] - sendKeys(findTestObject("ADMIN/Edit Text/Bespoke/Seller Pages/Item Translation/input_CANCEL_later_btn"), "*"): Keys '*' sent to object: 'Object Repository/ADMIN/Edit Text/Bespoke/Seller Pages/Item Translation/input_CANCEL_later_btn'

2020-03-20 14:56:58 - [MESSAGE][PASSED] - Keys '*' sent to object: 'Object Repository/ADMIN/Edit Text/Bespoke/Seller Pages/Item Translation/input_CANCEL_later_btn'

2020-03-20 14:56:58 - [TEST_STEP][PASSED] - sendKeys(findTestObject("ADMIN/Edit Text/Bespoke/Seller Pages/Item Translation/input_CONTINUE_later_btn"), "*"): Keys '*' sent to object: 'Object Repository/ADMIN/Edit Text/Bespoke/Seller Pages/Item Translation/input_CONTINUE_later_btn'

2020-03-20 14:56:58 - [MESSAGE][PASSED] - Keys '*' sent to object: 'Object Repository/ADMIN/Edit Text/Bespoke/Seller Pages/Item Translation/input_CONTINUE_later_btn'

2020-03-20 14:56:58 - [TEST_STEP][PASSED] - click(findTestObject("ADMIN/Edit Text/Bespoke/Buyer Pages/Homepage/button_save"), CONTINUE_ON_FAILURE): Object: 'Object Repository/ADMIN/Edit Text/Bespoke/Buyer Pages/Homepage/button_save' is clicked on

2020-03-20 14:56:58 - [MESSAGE][PASSED] - Object: 'Object Repository/ADMIN/Edit Text/Bespoke/Buyer Pages/Homepage/button_save' is clicked on

2020-03-20 14:56:58 - [TEST_STEP][PASSED] - waitForElementVisible(findTestObject("ADMIN/Edit Text/Bespoke/Buyer Pages/Homepage/toaster_success"), 0): Object 'Object Repository/ADMIN/Edit Text/Bespoke/Buyer Pages/Homepage/toaster_success' is visible

2020-03-20 14:56:58 - [MESSAGE][WARNING] - Timeout '0' is invalid. Using default page load timeout: '30'

2020-03-20 14:56:59 - [MESSAGE][PASSED] - Object 'Object Repository/ADMIN/Edit Text/Bespoke/Buyer Pages/Homepage/toaster_success' is visible]]></system-out>
         <system-err><![CDATA[]]></system-err>
      </testcase>
      <testcase name="Test Cases/ADMIN/Language/Edit Text/Bespoke/Seller/Item Translation" time="4.808" classname="Test Cases/ADMIN/Language/Edit Text/Bespoke/Seller/Item Translation" status="PASSED">
         <system-out><![CDATA[2020-03-20 14:56:59 - [TEST_CASE][PASSED] - Test Cases/ADMIN/Language/Edit Text/Bespoke/Seller/Item Translation: Test Cases/ADMIN/Language/Edit Text/Bespoke/Seller/Item Translation

2020-03-20 14:56:59 - [TEST_STEP][PASSED] - waitForElementVisible(findTestObject("ADMIN/Edit Text/Bespoke/Buyer Navigation/dd_language"), 0): Object 'Object Repository/ADMIN/Edit Text/Bespoke/Buyer Navigation/dd_language' is visible

2020-03-20 14:56:59 - [MESSAGE][WARNING] - Timeout '0' is invalid. Using default page load timeout: '30'

2020-03-20 14:56:59 - [MESSAGE][PASSED] - Object 'Object Repository/ADMIN/Edit Text/Bespoke/Buyer Navigation/dd_language' is visible

2020-03-20 14:56:59 - [TEST_STEP][PASSED] - selectOptionByLabel(findTestObject("ADMIN/Edit Text/Bespoke/Buyer Navigation/dd_language"), varLanguage, false): All options with label 'Arabic' are selected in object 'Object Repository/ADMIN/Edit Text/Bespoke/Buyer Navigation/dd_language' 

2020-03-20 14:57:00 - [MESSAGE][PASSED] - All options with label 'Arabic' are selected in object 'Object Repository/ADMIN/Edit Text/Bespoke/Buyer Navigation/dd_language' 

2020-03-20 14:57:00 - [TEST_STEP][PASSED] - sendKeys(findTestObject("ADMIN/Edit Text/Bespoke/Seller Pages/Item Translation/input_TRANSLATE ITEM_transalate-item"), "*"): Keys '*' sent to object: 'Object Repository/ADMIN/Edit Text/Bespoke/Seller Pages/Item Translation/input_TRANSLATE ITEM_transalate-item'

2020-03-20 14:57:01 - [MESSAGE][PASSED] - Keys '*' sent to object: 'Object Repository/ADMIN/Edit Text/Bespoke/Seller Pages/Item Translation/input_TRANSLATE ITEM_transalate-item'

2020-03-20 14:57:01 - [TEST_STEP][PASSED] - sendKeys(findTestObject("ADMIN/Edit Text/Bespoke/Seller Pages/Item Translation/input_Add or edit translations for your item details_transalate-detail"), "*"): Keys '*' sent to object: 'Object Repository/ADMIN/Edit Text/Bespoke/Seller Pages/Item Translation/input_Add or edit translations for your item details_transalate-detail'

2020-03-20 14:57:01 - [MESSAGE][PASSED] - Keys '*' sent to object: 'Object Repository/ADMIN/Edit Text/Bespoke/Seller Pages/Item Translation/input_Add or edit translations for your item details_transalate-detail'

2020-03-20 14:57:01 - [TEST_STEP][PASSED] - sendKeys(findTestObject("ADMIN/Edit Text/Bespoke/Seller Pages/Item Translation/input_Language_Language"), "*"): Keys '*' sent to object: 'Object Repository/ADMIN/Edit Text/Bespoke/Seller Pages/Item Translation/input_Language_Language'

2020-03-20 14:57:01 - [MESSAGE][PASSED] - Keys '*' sent to object: 'Object Repository/ADMIN/Edit Text/Bespoke/Seller Pages/Item Translation/input_Language_Language'

2020-03-20 14:57:01 - [TEST_STEP][PASSED] - sendKeys(findTestObject("ADMIN/Edit Text/Bespoke/Seller Pages/Item Translation/input_CANCEL_btn_cancel"), "*"): Keys '*' sent to object: 'Object Repository/ADMIN/Edit Text/Bespoke/Seller Pages/Item Translation/input_CANCEL_btn_cancel'

2020-03-20 14:57:01 - [MESSAGE][PASSED] - Keys '*' sent to object: 'Object Repository/ADMIN/Edit Text/Bespoke/Seller Pages/Item Translation/input_CANCEL_btn_cancel'

2020-03-20 14:57:01 - [TEST_STEP][PASSED] - sendKeys(findTestObject("ADMIN/Edit Text/Bespoke/Seller Pages/Item Translation/input_SAVE_btn_save"), "*"): Keys '*' sent to object: 'Object Repository/ADMIN/Edit Text/Bespoke/Seller Pages/Item Translation/input_SAVE_btn_save'

2020-03-20 14:57:02 - [MESSAGE][PASSED] - Keys '*' sent to object: 'Object Repository/ADMIN/Edit Text/Bespoke/Seller Pages/Item Translation/input_SAVE_btn_save'

2020-03-20 14:57:02 - [TEST_STEP][PASSED] - sendKeys(findTestObject("ADMIN/Edit Text/Bespoke/Seller Pages/Item Translation/input_ITEM NAME_Language"), "*"): Keys '*' sent to object: 'Object Repository/ADMIN/Edit Text/Bespoke/Seller Pages/Item Translation/input_ITEM NAME_Language'

2020-03-20 14:57:02 - [MESSAGE][PASSED] - Keys '*' sent to object: 'Object Repository/ADMIN/Edit Text/Bespoke/Seller Pages/Item Translation/input_ITEM NAME_Language'

2020-03-20 14:57:02 - [TEST_STEP][PASSED] - sendKeys(findTestObject("ADMIN/Edit Text/Bespoke/Seller Pages/Item Translation/input_ITEM DESCRIPTION_Language"), "*"): Keys '*' sent to object: 'Object Repository/ADMIN/Edit Text/Bespoke/Seller Pages/Item Translation/input_ITEM DESCRIPTION_Language'

2020-03-20 14:57:02 - [MESSAGE][PASSED] - Keys '*' sent to object: 'Object Repository/ADMIN/Edit Text/Bespoke/Seller Pages/Item Translation/input_ITEM DESCRIPTION_Language'

2020-03-20 14:57:02 - [TEST_STEP][PASSED] - sendKeys(findTestObject("ADMIN/Edit Text/Bespoke/Seller Pages/Item Translation/input_OPTION NAME_Language"), "*"): Keys '*' sent to object: 'Object Repository/ADMIN/Edit Text/Bespoke/Seller Pages/Item Translation/input_OPTION NAME_Language'

2020-03-20 14:57:02 - [MESSAGE][PASSED] - Keys '*' sent to object: 'Object Repository/ADMIN/Edit Text/Bespoke/Seller Pages/Item Translation/input_OPTION NAME_Language'

2020-03-20 14:57:02 - [TEST_STEP][PASSED] - sendKeys(findTestObject("ADMIN/Edit Text/Bespoke/Seller Pages/Item Translation/input_OPTION CHOICE_Language"), "*"): Keys '*' sent to object: 'Object Repository/ADMIN/Edit Text/Bespoke/Seller Pages/Item Translation/input_OPTION CHOICE_Language'

2020-03-20 14:57:02 - [MESSAGE][PASSED] - Keys '*' sent to object: 'Object Repository/ADMIN/Edit Text/Bespoke/Seller Pages/Item Translation/input_OPTION CHOICE_Language'

2020-03-20 14:57:02 - [TEST_STEP][PASSED] - sendKeys(findTestObject("ADMIN/Edit Text/Bespoke/Seller Pages/Item Translation/input_You have not finished_not-finished"), "*"): Keys '*' sent to object: 'Object Repository/ADMIN/Edit Text/Bespoke/Seller Pages/Item Translation/input_You have not finished_not-finished'

2020-03-20 14:57:03 - [MESSAGE][PASSED] - Keys '*' sent to object: 'Object Repository/ADMIN/Edit Text/Bespoke/Seller Pages/Item Translation/input_You have not finished_not-finished'

2020-03-20 14:57:03 - [TEST_STEP][PASSED] - sendKeys(findTestObject("ADMIN/Edit Text/Bespoke/Seller Pages/Item Translation/input_You are about to leave the page with out saving your progress Would you like to leave this page_about-leave"), "*"): Keys '*' sent to object: 'Object Repository/ADMIN/Edit Text/Bespoke/Seller Pages/Item Translation/input_You are about to leave the page with out saving your progress Would you like to leave this page_about-leave'

2020-03-20 14:57:03 - [MESSAGE][PASSED] - Keys '*' sent to object: 'Object Repository/ADMIN/Edit Text/Bespoke/Seller Pages/Item Translation/input_You are about to leave the page with out saving your progress Would you like to leave this page_about-leave'

2020-03-20 14:57:03 - [TEST_STEP][PASSED] - sendKeys(findTestObject("ADMIN/Edit Text/Bespoke/Seller Pages/Item Translation/input_CANCEL_later_btn"), "*"): Keys '*' sent to object: 'Object Repository/ADMIN/Edit Text/Bespoke/Seller Pages/Item Translation/input_CANCEL_later_btn'

2020-03-20 14:57:03 - [MESSAGE][PASSED] - Keys '*' sent to object: 'Object Repository/ADMIN/Edit Text/Bespoke/Seller Pages/Item Translation/input_CANCEL_later_btn'

2020-03-20 14:57:03 - [TEST_STEP][PASSED] - sendKeys(findTestObject("ADMIN/Edit Text/Bespoke/Seller Pages/Item Translation/input_CONTINUE_later_btn"), "*"): Keys '*' sent to object: 'Object Repository/ADMIN/Edit Text/Bespoke/Seller Pages/Item Translation/input_CONTINUE_later_btn'

2020-03-20 14:57:03 - [MESSAGE][PASSED] - Keys '*' sent to object: 'Object Repository/ADMIN/Edit Text/Bespoke/Seller Pages/Item Translation/input_CONTINUE_later_btn'

2020-03-20 14:57:03 - [TEST_STEP][PASSED] - click(findTestObject("ADMIN/Edit Text/Bespoke/Buyer Pages/Homepage/button_save"), CONTINUE_ON_FAILURE): Object: 'Object Repository/ADMIN/Edit Text/Bespoke/Buyer Pages/Homepage/button_save' is clicked on

2020-03-20 14:57:04 - [MESSAGE][PASSED] - Object: 'Object Repository/ADMIN/Edit Text/Bespoke/Buyer Pages/Homepage/button_save' is clicked on

2020-03-20 14:57:04 - [TEST_STEP][PASSED] - waitForElementVisible(findTestObject("ADMIN/Edit Text/Bespoke/Buyer Pages/Homepage/toaster_success"), 0): Object 'Object Repository/ADMIN/Edit Text/Bespoke/Buyer Pages/Homepage/toaster_success' is visible

2020-03-20 14:57:04 - [MESSAGE][WARNING] - Timeout '0' is invalid. Using default page load timeout: '30'

2020-03-20 14:57:04 - [MESSAGE][PASSED] - Object 'Object Repository/ADMIN/Edit Text/Bespoke/Buyer Pages/Homepage/toaster_success' is visible]]></system-out>
         <system-err><![CDATA[]]></system-err>
      </testcase>
      <testcase name="Test Cases/ADMIN/Language/Edit Text/Bespoke/Seller/Item Translation" time="6.828" classname="Test Cases/ADMIN/Language/Edit Text/Bespoke/Seller/Item Translation" status="PASSED">
         <system-out><![CDATA[2020-03-20 14:57:04 - [TEST_CASE][PASSED] - Test Cases/ADMIN/Language/Edit Text/Bespoke/Seller/Item Translation: Test Cases/ADMIN/Language/Edit Text/Bespoke/Seller/Item Translation

2020-03-20 14:57:04 - [TEST_STEP][PASSED] - waitForElementVisible(findTestObject("ADMIN/Edit Text/Bespoke/Buyer Navigation/dd_language"), 0): Object 'Object Repository/ADMIN/Edit Text/Bespoke/Buyer Navigation/dd_language' is visible

2020-03-20 14:57:04 - [MESSAGE][WARNING] - Timeout '0' is invalid. Using default page load timeout: '30'

2020-03-20 14:57:04 - [MESSAGE][PASSED] - Object 'Object Repository/ADMIN/Edit Text/Bespoke/Buyer Navigation/dd_language' is visible

2020-03-20 14:57:04 - [TEST_STEP][PASSED] - selectOptionByLabel(findTestObject("ADMIN/Edit Text/Bespoke/Buyer Navigation/dd_language"), varLanguage, false): All options with label 'Dutch' are selected in object 'Object Repository/ADMIN/Edit Text/Bespoke/Buyer Navigation/dd_language' 

2020-03-20 14:57:06 - [MESSAGE][PASSED] - All options with label 'Dutch' are selected in object 'Object Repository/ADMIN/Edit Text/Bespoke/Buyer Navigation/dd_language' 

2020-03-20 14:57:06 - [TEST_STEP][PASSED] - sendKeys(findTestObject("ADMIN/Edit Text/Bespoke/Seller Pages/Item Translation/input_TRANSLATE ITEM_transalate-item"), "*"): Keys '*' sent to object: 'Object Repository/ADMIN/Edit Text/Bespoke/Seller Pages/Item Translation/input_TRANSLATE ITEM_transalate-item'

2020-03-20 14:57:07 - [MESSAGE][PASSED] - Keys '*' sent to object: 'Object Repository/ADMIN/Edit Text/Bespoke/Seller Pages/Item Translation/input_TRANSLATE ITEM_transalate-item'

2020-03-20 14:57:07 - [TEST_STEP][PASSED] - sendKeys(findTestObject("ADMIN/Edit Text/Bespoke/Seller Pages/Item Translation/input_Add or edit translations for your item details_transalate-detail"), "*"): Keys '*' sent to object: 'Object Repository/ADMIN/Edit Text/Bespoke/Seller Pages/Item Translation/input_Add or edit translations for your item details_transalate-detail'

2020-03-20 14:57:07 - [MESSAGE][PASSED] - Keys '*' sent to object: 'Object Repository/ADMIN/Edit Text/Bespoke/Seller Pages/Item Translation/input_Add or edit translations for your item details_transalate-detail'

2020-03-20 14:57:07 - [TEST_STEP][PASSED] - sendKeys(findTestObject("ADMIN/Edit Text/Bespoke/Seller Pages/Item Translation/input_Language_Language"), "*"): Keys '*' sent to object: 'Object Repository/ADMIN/Edit Text/Bespoke/Seller Pages/Item Translation/input_Language_Language'

2020-03-20 14:57:08 - [MESSAGE][PASSED] - Keys '*' sent to object: 'Object Repository/ADMIN/Edit Text/Bespoke/Seller Pages/Item Translation/input_Language_Language'

2020-03-20 14:57:08 - [TEST_STEP][PASSED] - sendKeys(findTestObject("ADMIN/Edit Text/Bespoke/Seller Pages/Item Translation/input_CANCEL_btn_cancel"), "*"): Keys '*' sent to object: 'Object Repository/ADMIN/Edit Text/Bespoke/Seller Pages/Item Translation/input_CANCEL_btn_cancel'

2020-03-20 14:57:08 - [MESSAGE][PASSED] - Keys '*' sent to object: 'Object Repository/ADMIN/Edit Text/Bespoke/Seller Pages/Item Translation/input_CANCEL_btn_cancel'

2020-03-20 14:57:08 - [TEST_STEP][PASSED] - sendKeys(findTestObject("ADMIN/Edit Text/Bespoke/Seller Pages/Item Translation/input_SAVE_btn_save"), "*"): Keys '*' sent to object: 'Object Repository/ADMIN/Edit Text/Bespoke/Seller Pages/Item Translation/input_SAVE_btn_save'

2020-03-20 14:57:08 - [MESSAGE][PASSED] - Keys '*' sent to object: 'Object Repository/ADMIN/Edit Text/Bespoke/Seller Pages/Item Translation/input_SAVE_btn_save'

2020-03-20 14:57:08 - [TEST_STEP][PASSED] - sendKeys(findTestObject("ADMIN/Edit Text/Bespoke/Seller Pages/Item Translation/input_ITEM NAME_Language"), "*"): Keys '*' sent to object: 'Object Repository/ADMIN/Edit Text/Bespoke/Seller Pages/Item Translation/input_ITEM NAME_Language'

2020-03-20 14:57:08 - [MESSAGE][PASSED] - Keys '*' sent to object: 'Object Repository/ADMIN/Edit Text/Bespoke/Seller Pages/Item Translation/input_ITEM NAME_Language'

2020-03-20 14:57:08 - [TEST_STEP][PASSED] - sendKeys(findTestObject("ADMIN/Edit Text/Bespoke/Seller Pages/Item Translation/input_ITEM DESCRIPTION_Language"), "*"): Keys '*' sent to object: 'Object Repository/ADMIN/Edit Text/Bespoke/Seller Pages/Item Translation/input_ITEM DESCRIPTION_Language'

2020-03-20 14:57:08 - [MESSAGE][PASSED] - Keys '*' sent to object: 'Object Repository/ADMIN/Edit Text/Bespoke/Seller Pages/Item Translation/input_ITEM DESCRIPTION_Language'

2020-03-20 14:57:08 - [TEST_STEP][PASSED] - sendKeys(findTestObject("ADMIN/Edit Text/Bespoke/Seller Pages/Item Translation/input_OPTION NAME_Language"), "*"): Keys '*' sent to object: 'Object Repository/ADMIN/Edit Text/Bespoke/Seller Pages/Item Translation/input_OPTION NAME_Language'

2020-03-20 14:57:09 - [MESSAGE][PASSED] - Keys '*' sent to object: 'Object Repository/ADMIN/Edit Text/Bespoke/Seller Pages/Item Translation/input_OPTION NAME_Language'

2020-03-20 14:57:09 - [TEST_STEP][PASSED] - sendKeys(findTestObject("ADMIN/Edit Text/Bespoke/Seller Pages/Item Translation/input_OPTION CHOICE_Language"), "*"): Keys '*' sent to object: 'Object Repository/ADMIN/Edit Text/Bespoke/Seller Pages/Item Translation/input_OPTION CHOICE_Language'

2020-03-20 14:57:09 - [MESSAGE][PASSED] - Keys '*' sent to object: 'Object Repository/ADMIN/Edit Text/Bespoke/Seller Pages/Item Translation/input_OPTION CHOICE_Language'

2020-03-20 14:57:09 - [TEST_STEP][PASSED] - sendKeys(findTestObject("ADMIN/Edit Text/Bespoke/Seller Pages/Item Translation/input_You have not finished_not-finished"), "*"): Keys '*' sent to object: 'Object Repository/ADMIN/Edit Text/Bespoke/Seller Pages/Item Translation/input_You have not finished_not-finished'

2020-03-20 14:57:09 - [MESSAGE][PASSED] - Keys '*' sent to object: 'Object Repository/ADMIN/Edit Text/Bespoke/Seller Pages/Item Translation/input_You have not finished_not-finished'

2020-03-20 14:57:09 - [TEST_STEP][PASSED] - sendKeys(findTestObject("ADMIN/Edit Text/Bespoke/Seller Pages/Item Translation/input_You are about to leave the page with out saving your progress Would you like to leave this page_about-leave"), "*"): Keys '*' sent to object: 'Object Repository/ADMIN/Edit Text/Bespoke/Seller Pages/Item Translation/input_You are about to leave the page with out saving your progress Would you like to leave this page_about-leave'

2020-03-20 14:57:09 - [MESSAGE][PASSED] - Keys '*' sent to object: 'Object Repository/ADMIN/Edit Text/Bespoke/Seller Pages/Item Translation/input_You are about to leave the page with out saving your progress Would you like to leave this page_about-leave'

2020-03-20 14:57:09 - [TEST_STEP][PASSED] - sendKeys(findTestObject("ADMIN/Edit Text/Bespoke/Seller Pages/Item Translation/input_CANCEL_later_btn"), "*"): Keys '*' sent to object: 'Object Repository/ADMIN/Edit Text/Bespoke/Seller Pages/Item Translation/input_CANCEL_later_btn'

2020-03-20 14:57:10 - [MESSAGE][PASSED] - Keys '*' sent to object: 'Object Repository/ADMIN/Edit Text/Bespoke/Seller Pages/Item Translation/input_CANCEL_later_btn'

2020-03-20 14:57:10 - [TEST_STEP][PASSED] - sendKeys(findTestObject("ADMIN/Edit Text/Bespoke/Seller Pages/Item Translation/input_CONTINUE_later_btn"), "*"): Keys '*' sent to object: 'Object Repository/ADMIN/Edit Text/Bespoke/Seller Pages/Item Translation/input_CONTINUE_later_btn'

2020-03-20 14:57:10 - [MESSAGE][PASSED] - Keys '*' sent to object: 'Object Repository/ADMIN/Edit Text/Bespoke/Seller Pages/Item Translation/input_CONTINUE_later_btn'

2020-03-20 14:57:10 - [TEST_STEP][PASSED] - click(findTestObject("ADMIN/Edit Text/Bespoke/Buyer Pages/Homepage/button_save"), CONTINUE_ON_FAILURE): Object: 'Object Repository/ADMIN/Edit Text/Bespoke/Buyer Pages/Homepage/button_save' is clicked on

2020-03-20 14:57:10 - [MESSAGE][PASSED] - Object: 'Object Repository/ADMIN/Edit Text/Bespoke/Buyer Pages/Homepage/button_save' is clicked on

2020-03-20 14:57:10 - [TEST_STEP][PASSED] - waitForElementVisible(findTestObject("ADMIN/Edit Text/Bespoke/Buyer Pages/Homepage/toaster_success"), 0): Object 'Object Repository/ADMIN/Edit Text/Bespoke/Buyer Pages/Homepage/toaster_success' is visible

2020-03-20 14:57:10 - [MESSAGE][WARNING] - Timeout '0' is invalid. Using default page load timeout: '30'

2020-03-20 14:57:11 - [MESSAGE][PASSED] - Object 'Object Repository/ADMIN/Edit Text/Bespoke/Buyer Pages/Homepage/toaster_success' is visible]]></system-out>
         <system-err><![CDATA[]]></system-err>
      </testcase>
      <testcase name="Test Cases/ADMIN/Language/Edit Text/Bespoke/Seller/Item Translation" time="5.015" classname="Test Cases/ADMIN/Language/Edit Text/Bespoke/Seller/Item Translation" status="PASSED">
         <system-out><![CDATA[2020-03-20 14:57:11 - [TEST_CASE][PASSED] - Test Cases/ADMIN/Language/Edit Text/Bespoke/Seller/Item Translation: Test Cases/ADMIN/Language/Edit Text/Bespoke/Seller/Item Translation

2020-03-20 14:57:11 - [TEST_STEP][PASSED] - waitForElementVisible(findTestObject("ADMIN/Edit Text/Bespoke/Buyer Navigation/dd_language"), 0): Object 'Object Repository/ADMIN/Edit Text/Bespoke/Buyer Navigation/dd_language' is visible

2020-03-20 14:57:11 - [MESSAGE][WARNING] - Timeout '0' is invalid. Using default page load timeout: '30'

2020-03-20 14:57:11 - [MESSAGE][PASSED] - Object 'Object Repository/ADMIN/Edit Text/Bespoke/Buyer Navigation/dd_language' is visible

2020-03-20 14:57:11 - [TEST_STEP][PASSED] - selectOptionByLabel(findTestObject("ADMIN/Edit Text/Bespoke/Buyer Navigation/dd_language"), varLanguage, false): All options with label 'Swedish' are selected in object 'Object Repository/ADMIN/Edit Text/Bespoke/Buyer Navigation/dd_language' 

2020-03-20 14:57:12 - [MESSAGE][PASSED] - All options with label 'Swedish' are selected in object 'Object Repository/ADMIN/Edit Text/Bespoke/Buyer Navigation/dd_language' 

2020-03-20 14:57:12 - [TEST_STEP][PASSED] - sendKeys(findTestObject("ADMIN/Edit Text/Bespoke/Seller Pages/Item Translation/input_TRANSLATE ITEM_transalate-item"), "*"): Keys '*' sent to object: 'Object Repository/ADMIN/Edit Text/Bespoke/Seller Pages/Item Translation/input_TRANSLATE ITEM_transalate-item'

2020-03-20 14:57:12 - [MESSAGE][PASSED] - Keys '*' sent to object: 'Object Repository/ADMIN/Edit Text/Bespoke/Seller Pages/Item Translation/input_TRANSLATE ITEM_transalate-item'

2020-03-20 14:57:12 - [TEST_STEP][PASSED] - sendKeys(findTestObject("ADMIN/Edit Text/Bespoke/Seller Pages/Item Translation/input_Add or edit translations for your item details_transalate-detail"), "*"): Keys '*' sent to object: 'Object Repository/ADMIN/Edit Text/Bespoke/Seller Pages/Item Translation/input_Add or edit translations for your item details_transalate-detail'

2020-03-20 14:57:13 - [MESSAGE][PASSED] - Keys '*' sent to object: 'Object Repository/ADMIN/Edit Text/Bespoke/Seller Pages/Item Translation/input_Add or edit translations for your item details_transalate-detail'

2020-03-20 14:57:13 - [TEST_STEP][PASSED] - sendKeys(findTestObject("ADMIN/Edit Text/Bespoke/Seller Pages/Item Translation/input_Language_Language"), "*"): Keys '*' sent to object: 'Object Repository/ADMIN/Edit Text/Bespoke/Seller Pages/Item Translation/input_Language_Language'

2020-03-20 14:57:13 - [MESSAGE][PASSED] - Keys '*' sent to object: 'Object Repository/ADMIN/Edit Text/Bespoke/Seller Pages/Item Translation/input_Language_Language'

2020-03-20 14:57:13 - [TEST_STEP][PASSED] - sendKeys(findTestObject("ADMIN/Edit Text/Bespoke/Seller Pages/Item Translation/input_CANCEL_btn_cancel"), "*"): Keys '*' sent to object: 'Object Repository/ADMIN/Edit Text/Bespoke/Seller Pages/Item Translation/input_CANCEL_btn_cancel'

2020-03-20 14:57:13 - [MESSAGE][PASSED] - Keys '*' sent to object: 'Object Repository/ADMIN/Edit Text/Bespoke/Seller Pages/Item Translation/input_CANCEL_btn_cancel'

2020-03-20 14:57:13 - [TEST_STEP][PASSED] - sendKeys(findTestObject("ADMIN/Edit Text/Bespoke/Seller Pages/Item Translation/input_SAVE_btn_save"), "*"): Keys '*' sent to object: 'Object Repository/ADMIN/Edit Text/Bespoke/Seller Pages/Item Translation/input_SAVE_btn_save'

2020-03-20 14:57:13 - [MESSAGE][PASSED] - Keys '*' sent to object: 'Object Repository/ADMIN/Edit Text/Bespoke/Seller Pages/Item Translation/input_SAVE_btn_save'

2020-03-20 14:57:13 - [TEST_STEP][PASSED] - sendKeys(findTestObject("ADMIN/Edit Text/Bespoke/Seller Pages/Item Translation/input_ITEM NAME_Language"), "*"): Keys '*' sent to object: 'Object Repository/ADMIN/Edit Text/Bespoke/Seller Pages/Item Translation/input_ITEM NAME_Language'

2020-03-20 14:57:13 - [MESSAGE][PASSED] - Keys '*' sent to object: 'Object Repository/ADMIN/Edit Text/Bespoke/Seller Pages/Item Translation/input_ITEM NAME_Language'

2020-03-20 14:57:13 - [TEST_STEP][PASSED] - sendKeys(findTestObject("ADMIN/Edit Text/Bespoke/Seller Pages/Item Translation/input_ITEM DESCRIPTION_Language"), "*"): Keys '*' sent to object: 'Object Repository/ADMIN/Edit Text/Bespoke/Seller Pages/Item Translation/input_ITEM DESCRIPTION_Language'

2020-03-20 14:57:13 - [MESSAGE][PASSED] - Keys '*' sent to object: 'Object Repository/ADMIN/Edit Text/Bespoke/Seller Pages/Item Translation/input_ITEM DESCRIPTION_Language'

2020-03-20 14:57:13 - [TEST_STEP][PASSED] - sendKeys(findTestObject("ADMIN/Edit Text/Bespoke/Seller Pages/Item Translation/input_OPTION NAME_Language"), "*"): Keys '*' sent to object: 'Object Repository/ADMIN/Edit Text/Bespoke/Seller Pages/Item Translation/input_OPTION NAME_Language'

2020-03-20 14:57:14 - [MESSAGE][PASSED] - Keys '*' sent to object: 'Object Repository/ADMIN/Edit Text/Bespoke/Seller Pages/Item Translation/input_OPTION NAME_Language'

2020-03-20 14:57:14 - [TEST_STEP][PASSED] - sendKeys(findTestObject("ADMIN/Edit Text/Bespoke/Seller Pages/Item Translation/input_OPTION CHOICE_Language"), "*"): Keys '*' sent to object: 'Object Repository/ADMIN/Edit Text/Bespoke/Seller Pages/Item Translation/input_OPTION CHOICE_Language'

2020-03-20 14:57:14 - [MESSAGE][PASSED] - Keys '*' sent to object: 'Object Repository/ADMIN/Edit Text/Bespoke/Seller Pages/Item Translation/input_OPTION CHOICE_Language'

2020-03-20 14:57:14 - [TEST_STEP][PASSED] - sendKeys(findTestObject("ADMIN/Edit Text/Bespoke/Seller Pages/Item Translation/input_You have not finished_not-finished"), "*"): Keys '*' sent to object: 'Object Repository/ADMIN/Edit Text/Bespoke/Seller Pages/Item Translation/input_You have not finished_not-finished'

2020-03-20 14:57:14 - [MESSAGE][PASSED] - Keys '*' sent to object: 'Object Repository/ADMIN/Edit Text/Bespoke/Seller Pages/Item Translation/input_You have not finished_not-finished'

2020-03-20 14:57:14 - [TEST_STEP][PASSED] - sendKeys(findTestObject("ADMIN/Edit Text/Bespoke/Seller Pages/Item Translation/input_You are about to leave the page with out saving your progress Would you like to leave this page_about-leave"), "*"): Keys '*' sent to object: 'Object Repository/ADMIN/Edit Text/Bespoke/Seller Pages/Item Translation/input_You are about to leave the page with out saving your progress Would you like to leave this page_about-leave'

2020-03-20 14:57:14 - [MESSAGE][PASSED] - Keys '*' sent to object: 'Object Repository/ADMIN/Edit Text/Bespoke/Seller Pages/Item Translation/input_You are about to leave the page with out saving your progress Would you like to leave this page_about-leave'

2020-03-20 14:57:14 - [TEST_STEP][PASSED] - sendKeys(findTestObject("ADMIN/Edit Text/Bespoke/Seller Pages/Item Translation/input_CANCEL_later_btn"), "*"): Keys '*' sent to object: 'Object Repository/ADMIN/Edit Text/Bespoke/Seller Pages/Item Translation/input_CANCEL_later_btn'

2020-03-20 14:57:15 - [MESSAGE][PASSED] - Keys '*' sent to object: 'Object Repository/ADMIN/Edit Text/Bespoke/Seller Pages/Item Translation/input_CANCEL_later_btn'

2020-03-20 14:57:15 - [TEST_STEP][PASSED] - sendKeys(findTestObject("ADMIN/Edit Text/Bespoke/Seller Pages/Item Translation/input_CONTINUE_later_btn"), "*"): Keys '*' sent to object: 'Object Repository/ADMIN/Edit Text/Bespoke/Seller Pages/Item Translation/input_CONTINUE_later_btn'

2020-03-20 14:57:15 - [MESSAGE][PASSED] - Keys '*' sent to object: 'Object Repository/ADMIN/Edit Text/Bespoke/Seller Pages/Item Translation/input_CONTINUE_later_btn'

2020-03-20 14:57:15 - [TEST_STEP][PASSED] - click(findTestObject("ADMIN/Edit Text/Bespoke/Buyer Pages/Homepage/button_save"), CONTINUE_ON_FAILURE): Object: 'Object Repository/ADMIN/Edit Text/Bespoke/Buyer Pages/Homepage/button_save' is clicked on

2020-03-20 14:57:15 - [MESSAGE][PASSED] - Object: 'Object Repository/ADMIN/Edit Text/Bespoke/Buyer Pages/Homepage/button_save' is clicked on

2020-03-20 14:57:15 - [TEST_STEP][PASSED] - waitForElementVisible(findTestObject("ADMIN/Edit Text/Bespoke/Buyer Pages/Homepage/toaster_success"), 0): Object 'Object Repository/ADMIN/Edit Text/Bespoke/Buyer Pages/Homepage/toaster_success' is visible

2020-03-20 14:57:15 - [MESSAGE][WARNING] - Timeout '0' is invalid. Using default page load timeout: '30'

2020-03-20 14:57:16 - [MESSAGE][PASSED] - Object 'Object Repository/ADMIN/Edit Text/Bespoke/Buyer Pages/Homepage/toaster_success' is visible]]></system-out>
         <system-err><![CDATA[]]></system-err>
      </testcase>
      <testcase name="Test Cases/ADMIN/Language/Edit Text/Bespoke/Seller/Item Translation" time="4.96" classname="Test Cases/ADMIN/Language/Edit Text/Bespoke/Seller/Item Translation" status="PASSED">
         <system-out><![CDATA[2020-03-20 14:57:16 - [TEST_CASE][PASSED] - Test Cases/ADMIN/Language/Edit Text/Bespoke/Seller/Item Translation: Test Cases/ADMIN/Language/Edit Text/Bespoke/Seller/Item Translation

2020-03-20 14:57:16 - [TEST_STEP][PASSED] - waitForElementVisible(findTestObject("ADMIN/Edit Text/Bespoke/Buyer Navigation/dd_language"), 0): Object 'Object Repository/ADMIN/Edit Text/Bespoke/Buyer Navigation/dd_language' is visible

2020-03-20 14:57:16 - [MESSAGE][WARNING] - Timeout '0' is invalid. Using default page load timeout: '30'

2020-03-20 14:57:16 - [MESSAGE][PASSED] - Object 'Object Repository/ADMIN/Edit Text/Bespoke/Buyer Navigation/dd_language' is visible

2020-03-20 14:57:16 - [TEST_STEP][PASSED] - selectOptionByLabel(findTestObject("ADMIN/Edit Text/Bespoke/Buyer Navigation/dd_language"), varLanguage, false): All options with label 'Chinese (Simplified)' are selected in object 'Object Repository/ADMIN/Edit Text/Bespoke/Buyer Navigation/dd_language' 

2020-03-20 14:57:17 - [MESSAGE][PASSED] - All options with label 'Chinese (Simplified)' are selected in object 'Object Repository/ADMIN/Edit Text/Bespoke/Buyer Navigation/dd_language' 

2020-03-20 14:57:17 - [TEST_STEP][PASSED] - sendKeys(findTestObject("ADMIN/Edit Text/Bespoke/Seller Pages/Item Translation/input_TRANSLATE ITEM_transalate-item"), "*"): Keys '*' sent to object: 'Object Repository/ADMIN/Edit Text/Bespoke/Seller Pages/Item Translation/input_TRANSLATE ITEM_transalate-item'

2020-03-20 14:57:18 - [MESSAGE][PASSED] - Keys '*' sent to object: 'Object Repository/ADMIN/Edit Text/Bespoke/Seller Pages/Item Translation/input_TRANSLATE ITEM_transalate-item'

2020-03-20 14:57:18 - [TEST_STEP][PASSED] - sendKeys(findTestObject("ADMIN/Edit Text/Bespoke/Seller Pages/Item Translation/input_Add or edit translations for your item details_transalate-detail"), "*"): Keys '*' sent to object: 'Object Repository/ADMIN/Edit Text/Bespoke/Seller Pages/Item Translation/input_Add or edit translations for your item details_transalate-detail'

2020-03-20 14:57:18 - [MESSAGE][PASSED] - Keys '*' sent to object: 'Object Repository/ADMIN/Edit Text/Bespoke/Seller Pages/Item Translation/input_Add or edit translations for your item details_transalate-detail'

2020-03-20 14:57:18 - [TEST_STEP][PASSED] - sendKeys(findTestObject("ADMIN/Edit Text/Bespoke/Seller Pages/Item Translation/input_Language_Language"), "*"): Keys '*' sent to object: 'Object Repository/ADMIN/Edit Text/Bespoke/Seller Pages/Item Translation/input_Language_Language'

2020-03-20 14:57:18 - [MESSAGE][PASSED] - Keys '*' sent to object: 'Object Repository/ADMIN/Edit Text/Bespoke/Seller Pages/Item Translation/input_Language_Language'

2020-03-20 14:57:18 - [TEST_STEP][PASSED] - sendKeys(findTestObject("ADMIN/Edit Text/Bespoke/Seller Pages/Item Translation/input_CANCEL_btn_cancel"), "*"): Keys '*' sent to object: 'Object Repository/ADMIN/Edit Text/Bespoke/Seller Pages/Item Translation/input_CANCEL_btn_cancel'

2020-03-20 14:57:18 - [MESSAGE][PASSED] - Keys '*' sent to object: 'Object Repository/ADMIN/Edit Text/Bespoke/Seller Pages/Item Translation/input_CANCEL_btn_cancel'

2020-03-20 14:57:18 - [TEST_STEP][PASSED] - sendKeys(findTestObject("ADMIN/Edit Text/Bespoke/Seller Pages/Item Translation/input_SAVE_btn_save"), "*"): Keys '*' sent to object: 'Object Repository/ADMIN/Edit Text/Bespoke/Seller Pages/Item Translation/input_SAVE_btn_save'

2020-03-20 14:57:19 - [MESSAGE][PASSED] - Keys '*' sent to object: 'Object Repository/ADMIN/Edit Text/Bespoke/Seller Pages/Item Translation/input_SAVE_btn_save'

2020-03-20 14:57:19 - [TEST_STEP][PASSED] - sendKeys(findTestObject("ADMIN/Edit Text/Bespoke/Seller Pages/Item Translation/input_ITEM NAME_Language"), "*"): Keys '*' sent to object: 'Object Repository/ADMIN/Edit Text/Bespoke/Seller Pages/Item Translation/input_ITEM NAME_Language'

2020-03-20 14:57:19 - [MESSAGE][PASSED] - Keys '*' sent to object: 'Object Repository/ADMIN/Edit Text/Bespoke/Seller Pages/Item Translation/input_ITEM NAME_Language'

2020-03-20 14:57:19 - [TEST_STEP][PASSED] - sendKeys(findTestObject("ADMIN/Edit Text/Bespoke/Seller Pages/Item Translation/input_ITEM DESCRIPTION_Language"), "*"): Keys '*' sent to object: 'Object Repository/ADMIN/Edit Text/Bespoke/Seller Pages/Item Translation/input_ITEM DESCRIPTION_Language'

2020-03-20 14:57:19 - [MESSAGE][PASSED] - Keys '*' sent to object: 'Object Repository/ADMIN/Edit Text/Bespoke/Seller Pages/Item Translation/input_ITEM DESCRIPTION_Language'

2020-03-20 14:57:19 - [TEST_STEP][PASSED] - sendKeys(findTestObject("ADMIN/Edit Text/Bespoke/Seller Pages/Item Translation/input_OPTION NAME_Language"), "*"): Keys '*' sent to object: 'Object Repository/ADMIN/Edit Text/Bespoke/Seller Pages/Item Translation/input_OPTION NAME_Language'

2020-03-20 14:57:19 - [MESSAGE][PASSED] - Keys '*' sent to object: 'Object Repository/ADMIN/Edit Text/Bespoke/Seller Pages/Item Translation/input_OPTION NAME_Language'

2020-03-20 14:57:19 - [TEST_STEP][PASSED] - sendKeys(findTestObject("ADMIN/Edit Text/Bespoke/Seller Pages/Item Translation/input_OPTION CHOICE_Language"), "*"): Keys '*' sent to object: 'Object Repository/ADMIN/Edit Text/Bespoke/Seller Pages/Item Translation/input_OPTION CHOICE_Language'

2020-03-20 14:57:19 - [MESSAGE][PASSED] - Keys '*' sent to object: 'Object Repository/ADMIN/Edit Text/Bespoke/Seller Pages/Item Translation/input_OPTION CHOICE_Language'

2020-03-20 14:57:19 - [TEST_STEP][PASSED] - sendKeys(findTestObject("ADMIN/Edit Text/Bespoke/Seller Pages/Item Translation/input_You have not finished_not-finished"), "*"): Keys '*' sent to object: 'Object Repository/ADMIN/Edit Text/Bespoke/Seller Pages/Item Translation/input_You have not finished_not-finished'

2020-03-20 14:57:20 - [MESSAGE][PASSED] - Keys '*' sent to object: 'Object Repository/ADMIN/Edit Text/Bespoke/Seller Pages/Item Translation/input_You have not finished_not-finished'

2020-03-20 14:57:20 - [TEST_STEP][PASSED] - sendKeys(findTestObject("ADMIN/Edit Text/Bespoke/Seller Pages/Item Translation/input_You are about to leave the page with out saving your progress Would you like to leave this page_about-leave"), "*"): Keys '*' sent to object: 'Object Repository/ADMIN/Edit Text/Bespoke/Seller Pages/Item Translation/input_You are about to leave the page with out saving your progress Would you like to leave this page_about-leave'

2020-03-20 14:57:20 - [MESSAGE][PASSED] - Keys '*' sent to object: 'Object Repository/ADMIN/Edit Text/Bespoke/Seller Pages/Item Translation/input_You are about to leave the page with out saving your progress Would you like to leave this page_about-leave'

2020-03-20 14:57:20 - [TEST_STEP][PASSED] - sendKeys(findTestObject("ADMIN/Edit Text/Bespoke/Seller Pages/Item Translation/input_CANCEL_later_btn"), "*"): Keys '*' sent to object: 'Object Repository/ADMIN/Edit Text/Bespoke/Seller Pages/Item Translation/input_CANCEL_later_btn'

2020-03-20 14:57:20 - [MESSAGE][PASSED] - Keys '*' sent to object: 'Object Repository/ADMIN/Edit Text/Bespoke/Seller Pages/Item Translation/input_CANCEL_later_btn'

2020-03-20 14:57:20 - [TEST_STEP][PASSED] - sendKeys(findTestObject("ADMIN/Edit Text/Bespoke/Seller Pages/Item Translation/input_CONTINUE_later_btn"), "*"): Keys '*' sent to object: 'Object Repository/ADMIN/Edit Text/Bespoke/Seller Pages/Item Translation/input_CONTINUE_later_btn'

2020-03-20 14:57:20 - [MESSAGE][PASSED] - Keys '*' sent to object: 'Object Repository/ADMIN/Edit Text/Bespoke/Seller Pages/Item Translation/input_CONTINUE_later_btn'

2020-03-20 14:57:20 - [TEST_STEP][PASSED] - click(findTestObject("ADMIN/Edit Text/Bespoke/Buyer Pages/Homepage/button_save"), CONTINUE_ON_FAILURE): Object: 'Object Repository/ADMIN/Edit Text/Bespoke/Buyer Pages/Homepage/button_save' is clicked on

2020-03-20 14:57:20 - [MESSAGE][PASSED] - Object: 'Object Repository/ADMIN/Edit Text/Bespoke/Buyer Pages/Homepage/button_save' is clicked on

2020-03-20 14:57:20 - [TEST_STEP][PASSED] - waitForElementVisible(findTestObject("ADMIN/Edit Text/Bespoke/Buyer Pages/Homepage/toaster_success"), 0): Object 'Object Repository/ADMIN/Edit Text/Bespoke/Buyer Pages/Homepage/toaster_success' is visible

2020-03-20 14:57:20 - [MESSAGE][WARNING] - Timeout '0' is invalid. Using default page load timeout: '30'

2020-03-20 14:57:21 - [MESSAGE][PASSED] - Object 'Object Repository/ADMIN/Edit Text/Bespoke/Buyer Pages/Homepage/toaster_success' is visible]]></system-out>
         <system-err><![CDATA[]]></system-err>
      </testcase>
      <testcase name="Test Cases/ADMIN/Language/Edit Text/Bespoke/Seller/Item Translation" time="5.188" classname="Test Cases/ADMIN/Language/Edit Text/Bespoke/Seller/Item Translation" status="PASSED">
         <system-out><![CDATA[2020-03-20 14:57:21 - [TEST_CASE][PASSED] - Test Cases/ADMIN/Language/Edit Text/Bespoke/Seller/Item Translation: Test Cases/ADMIN/Language/Edit Text/Bespoke/Seller/Item Translation

2020-03-20 14:57:21 - [TEST_STEP][PASSED] - waitForElementVisible(findTestObject("ADMIN/Edit Text/Bespoke/Buyer Navigation/dd_language"), 0): Object 'Object Repository/ADMIN/Edit Text/Bespoke/Buyer Navigation/dd_language' is visible

2020-03-20 14:57:21 - [MESSAGE][WARNING] - Timeout '0' is invalid. Using default page load timeout: '30'

2020-03-20 14:57:21 - [MESSAGE][PASSED] - Object 'Object Repository/ADMIN/Edit Text/Bespoke/Buyer Navigation/dd_language' is visible

2020-03-20 14:57:21 - [TEST_STEP][PASSED] - selectOptionByLabel(findTestObject("ADMIN/Edit Text/Bespoke/Buyer Navigation/dd_language"), varLanguage, false): All options with label 'Hebrew' are selected in object 'Object Repository/ADMIN/Edit Text/Bespoke/Buyer Navigation/dd_language' 

2020-03-20 14:57:22 - [MESSAGE][PASSED] - All options with label 'Hebrew' are selected in object 'Object Repository/ADMIN/Edit Text/Bespoke/Buyer Navigation/dd_language' 

2020-03-20 14:57:22 - [TEST_STEP][PASSED] - sendKeys(findTestObject("ADMIN/Edit Text/Bespoke/Seller Pages/Item Translation/input_TRANSLATE ITEM_transalate-item"), "*"): Keys '*' sent to object: 'Object Repository/ADMIN/Edit Text/Bespoke/Seller Pages/Item Translation/input_TRANSLATE ITEM_transalate-item'

2020-03-20 14:57:22 - [MESSAGE][PASSED] - Keys '*' sent to object: 'Object Repository/ADMIN/Edit Text/Bespoke/Seller Pages/Item Translation/input_TRANSLATE ITEM_transalate-item'

2020-03-20 14:57:22 - [TEST_STEP][PASSED] - sendKeys(findTestObject("ADMIN/Edit Text/Bespoke/Seller Pages/Item Translation/input_Add or edit translations for your item details_transalate-detail"), "*"): Keys '*' sent to object: 'Object Repository/ADMIN/Edit Text/Bespoke/Seller Pages/Item Translation/input_Add or edit translations for your item details_transalate-detail'

2020-03-20 14:57:22 - [MESSAGE][PASSED] - Keys '*' sent to object: 'Object Repository/ADMIN/Edit Text/Bespoke/Seller Pages/Item Translation/input_Add or edit translations for your item details_transalate-detail'

2020-03-20 14:57:22 - [TEST_STEP][PASSED] - sendKeys(findTestObject("ADMIN/Edit Text/Bespoke/Seller Pages/Item Translation/input_Language_Language"), "*"): Keys '*' sent to object: 'Object Repository/ADMIN/Edit Text/Bespoke/Seller Pages/Item Translation/input_Language_Language'

2020-03-20 14:57:22 - [MESSAGE][PASSED] - Keys '*' sent to object: 'Object Repository/ADMIN/Edit Text/Bespoke/Seller Pages/Item Translation/input_Language_Language'

2020-03-20 14:57:22 - [TEST_STEP][PASSED] - sendKeys(findTestObject("ADMIN/Edit Text/Bespoke/Seller Pages/Item Translation/input_CANCEL_btn_cancel"), "*"): Keys '*' sent to object: 'Object Repository/ADMIN/Edit Text/Bespoke/Seller Pages/Item Translation/input_CANCEL_btn_cancel'

2020-03-20 14:57:23 - [MESSAGE][PASSED] - Keys '*' sent to object: 'Object Repository/ADMIN/Edit Text/Bespoke/Seller Pages/Item Translation/input_CANCEL_btn_cancel'

2020-03-20 14:57:23 - [TEST_STEP][PASSED] - sendKeys(findTestObject("ADMIN/Edit Text/Bespoke/Seller Pages/Item Translation/input_SAVE_btn_save"), "*"): Keys '*' sent to object: 'Object Repository/ADMIN/Edit Text/Bespoke/Seller Pages/Item Translation/input_SAVE_btn_save'

2020-03-20 14:57:23 - [MESSAGE][PASSED] - Keys '*' sent to object: 'Object Repository/ADMIN/Edit Text/Bespoke/Seller Pages/Item Translation/input_SAVE_btn_save'

2020-03-20 14:57:23 - [TEST_STEP][PASSED] - sendKeys(findTestObject("ADMIN/Edit Text/Bespoke/Seller Pages/Item Translation/input_ITEM NAME_Language"), "*"): Keys '*' sent to object: 'Object Repository/ADMIN/Edit Text/Bespoke/Seller Pages/Item Translation/input_ITEM NAME_Language'

2020-03-20 14:57:23 - [MESSAGE][PASSED] - Keys '*' sent to object: 'Object Repository/ADMIN/Edit Text/Bespoke/Seller Pages/Item Translation/input_ITEM NAME_Language'

2020-03-20 14:57:23 - [TEST_STEP][PASSED] - sendKeys(findTestObject("ADMIN/Edit Text/Bespoke/Seller Pages/Item Translation/input_ITEM DESCRIPTION_Language"), "*"): Keys '*' sent to object: 'Object Repository/ADMIN/Edit Text/Bespoke/Seller Pages/Item Translation/input_ITEM DESCRIPTION_Language'

2020-03-20 14:57:23 - [MESSAGE][PASSED] - Keys '*' sent to object: 'Object Repository/ADMIN/Edit Text/Bespoke/Seller Pages/Item Translation/input_ITEM DESCRIPTION_Language'

2020-03-20 14:57:23 - [TEST_STEP][PASSED] - sendKeys(findTestObject("ADMIN/Edit Text/Bespoke/Seller Pages/Item Translation/input_OPTION NAME_Language"), "*"): Keys '*' sent to object: 'Object Repository/ADMIN/Edit Text/Bespoke/Seller Pages/Item Translation/input_OPTION NAME_Language'

2020-03-20 14:57:24 - [MESSAGE][PASSED] - Keys '*' sent to object: 'Object Repository/ADMIN/Edit Text/Bespoke/Seller Pages/Item Translation/input_OPTION NAME_Language'

2020-03-20 14:57:24 - [TEST_STEP][PASSED] - sendKeys(findTestObject("ADMIN/Edit Text/Bespoke/Seller Pages/Item Translation/input_OPTION CHOICE_Language"), "*"): Keys '*' sent to object: 'Object Repository/ADMIN/Edit Text/Bespoke/Seller Pages/Item Translation/input_OPTION CHOICE_Language'

2020-03-20 14:57:24 - [MESSAGE][PASSED] - Keys '*' sent to object: 'Object Repository/ADMIN/Edit Text/Bespoke/Seller Pages/Item Translation/input_OPTION CHOICE_Language'

2020-03-20 14:57:24 - [TEST_STEP][PASSED] - sendKeys(findTestObject("ADMIN/Edit Text/Bespoke/Seller Pages/Item Translation/input_You have not finished_not-finished"), "*"): Keys '*' sent to object: 'Object Repository/ADMIN/Edit Text/Bespoke/Seller Pages/Item Translation/input_You have not finished_not-finished'

2020-03-20 14:57:24 - [MESSAGE][PASSED] - Keys '*' sent to object: 'Object Repository/ADMIN/Edit Text/Bespoke/Seller Pages/Item Translation/input_You have not finished_not-finished'

2020-03-20 14:57:24 - [TEST_STEP][PASSED] - sendKeys(findTestObject("ADMIN/Edit Text/Bespoke/Seller Pages/Item Translation/input_You are about to leave the page with out saving your progress Would you like to leave this page_about-leave"), "*"): Keys '*' sent to object: 'Object Repository/ADMIN/Edit Text/Bespoke/Seller Pages/Item Translation/input_You are about to leave the page with out saving your progress Would you like to leave this page_about-leave'

2020-03-20 14:57:24 - [MESSAGE][PASSED] - Keys '*' sent to object: 'Object Repository/ADMIN/Edit Text/Bespoke/Seller Pages/Item Translation/input_You are about to leave the page with out saving your progress Would you like to leave this page_about-leave'

2020-03-20 14:57:24 - [TEST_STEP][PASSED] - sendKeys(findTestObject("ADMIN/Edit Text/Bespoke/Seller Pages/Item Translation/input_CANCEL_later_btn"), "*"): Keys '*' sent to object: 'Object Repository/ADMIN/Edit Text/Bespoke/Seller Pages/Item Translation/input_CANCEL_later_btn'

2020-03-20 14:57:25 - [MESSAGE][PASSED] - Keys '*' sent to object: 'Object Repository/ADMIN/Edit Text/Bespoke/Seller Pages/Item Translation/input_CANCEL_later_btn'

2020-03-20 14:57:25 - [TEST_STEP][PASSED] - sendKeys(findTestObject("ADMIN/Edit Text/Bespoke/Seller Pages/Item Translation/input_CONTINUE_later_btn"), "*"): Keys '*' sent to object: 'Object Repository/ADMIN/Edit Text/Bespoke/Seller Pages/Item Translation/input_CONTINUE_later_btn'

2020-03-20 14:57:25 - [MESSAGE][PASSED] - Keys '*' sent to object: 'Object Repository/ADMIN/Edit Text/Bespoke/Seller Pages/Item Translation/input_CONTINUE_later_btn'

2020-03-20 14:57:25 - [TEST_STEP][PASSED] - click(findTestObject("ADMIN/Edit Text/Bespoke/Buyer Pages/Homepage/button_save"), CONTINUE_ON_FAILURE): Object: 'Object Repository/ADMIN/Edit Text/Bespoke/Buyer Pages/Homepage/button_save' is clicked on

2020-03-20 14:57:25 - [MESSAGE][PASSED] - Object: 'Object Repository/ADMIN/Edit Text/Bespoke/Buyer Pages/Homepage/button_save' is clicked on

2020-03-20 14:57:25 - [TEST_STEP][PASSED] - waitForElementVisible(findTestObject("ADMIN/Edit Text/Bespoke/Buyer Pages/Homepage/toaster_success"), 0): Object 'Object Repository/ADMIN/Edit Text/Bespoke/Buyer Pages/Homepage/toaster_success' is visible

2020-03-20 14:57:25 - [MESSAGE][WARNING] - Timeout '0' is invalid. Using default page load timeout: '30'

2020-03-20 14:57:26 - [MESSAGE][PASSED] - Object 'Object Repository/ADMIN/Edit Text/Bespoke/Buyer Pages/Homepage/toaster_success' is visible]]></system-out>
         <system-err><![CDATA[]]></system-err>
      </testcase>
      <testcase name="Test Cases/ADMIN/Language/Edit Text/Bespoke/Seller/Item Translation" time="4.746" classname="Test Cases/ADMIN/Language/Edit Text/Bespoke/Seller/Item Translation" status="PASSED">
         <system-out><![CDATA[2020-03-20 14:57:26 - [TEST_CASE][PASSED] - Test Cases/ADMIN/Language/Edit Text/Bespoke/Seller/Item Translation: Test Cases/ADMIN/Language/Edit Text/Bespoke/Seller/Item Translation

2020-03-20 14:57:26 - [TEST_STEP][PASSED] - waitForElementVisible(findTestObject("ADMIN/Edit Text/Bespoke/Buyer Navigation/dd_language"), 0): Object 'Object Repository/ADMIN/Edit Text/Bespoke/Buyer Navigation/dd_language' is visible

2020-03-20 14:57:26 - [MESSAGE][WARNING] - Timeout '0' is invalid. Using default page load timeout: '30'

2020-03-20 14:57:26 - [MESSAGE][PASSED] - Object 'Object Repository/ADMIN/Edit Text/Bespoke/Buyer Navigation/dd_language' is visible

2020-03-20 14:57:26 - [TEST_STEP][PASSED] - selectOptionByLabel(findTestObject("ADMIN/Edit Text/Bespoke/Buyer Navigation/dd_language"), varLanguage, false): All options with label 'English' are selected in object 'Object Repository/ADMIN/Edit Text/Bespoke/Buyer Navigation/dd_language' 

2020-03-20 14:57:27 - [MESSAGE][PASSED] - All options with label 'English' are selected in object 'Object Repository/ADMIN/Edit Text/Bespoke/Buyer Navigation/dd_language' 

2020-03-20 14:57:27 - [TEST_STEP][PASSED] - sendKeys(findTestObject("ADMIN/Edit Text/Bespoke/Seller Pages/Item Translation/input_TRANSLATE ITEM_transalate-item"), "*"): Keys '*' sent to object: 'Object Repository/ADMIN/Edit Text/Bespoke/Seller Pages/Item Translation/input_TRANSLATE ITEM_transalate-item'

2020-03-20 14:57:27 - [MESSAGE][PASSED] - Keys '*' sent to object: 'Object Repository/ADMIN/Edit Text/Bespoke/Seller Pages/Item Translation/input_TRANSLATE ITEM_transalate-item'

2020-03-20 14:57:27 - [TEST_STEP][PASSED] - sendKeys(findTestObject("ADMIN/Edit Text/Bespoke/Seller Pages/Item Translation/input_Add or edit translations for your item details_transalate-detail"), "*"): Keys '*' sent to object: 'Object Repository/ADMIN/Edit Text/Bespoke/Seller Pages/Item Translation/input_Add or edit translations for your item details_transalate-detail'

2020-03-20 14:57:27 - [MESSAGE][PASSED] - Keys '*' sent to object: 'Object Repository/ADMIN/Edit Text/Bespoke/Seller Pages/Item Translation/input_Add or edit translations for your item details_transalate-detail'

2020-03-20 14:57:27 - [TEST_STEP][PASSED] - sendKeys(findTestObject("ADMIN/Edit Text/Bespoke/Seller Pages/Item Translation/input_Language_Language"), "*"): Keys '*' sent to object: 'Object Repository/ADMIN/Edit Text/Bespoke/Seller Pages/Item Translation/input_Language_Language'

2020-03-20 14:57:28 - [MESSAGE][PASSED] - Keys '*' sent to object: 'Object Repository/ADMIN/Edit Text/Bespoke/Seller Pages/Item Translation/input_Language_Language'

2020-03-20 14:57:28 - [TEST_STEP][PASSED] - sendKeys(findTestObject("ADMIN/Edit Text/Bespoke/Seller Pages/Item Translation/input_CANCEL_btn_cancel"), "*"): Keys '*' sent to object: 'Object Repository/ADMIN/Edit Text/Bespoke/Seller Pages/Item Translation/input_CANCEL_btn_cancel'

2020-03-20 14:57:28 - [MESSAGE][PASSED] - Keys '*' sent to object: 'Object Repository/ADMIN/Edit Text/Bespoke/Seller Pages/Item Translation/input_CANCEL_btn_cancel'

2020-03-20 14:57:28 - [TEST_STEP][PASSED] - sendKeys(findTestObject("ADMIN/Edit Text/Bespoke/Seller Pages/Item Translation/input_SAVE_btn_save"), "*"): Keys '*' sent to object: 'Object Repository/ADMIN/Edit Text/Bespoke/Seller Pages/Item Translation/input_SAVE_btn_save'

2020-03-20 14:57:28 - [MESSAGE][PASSED] - Keys '*' sent to object: 'Object Repository/ADMIN/Edit Text/Bespoke/Seller Pages/Item Translation/input_SAVE_btn_save'

2020-03-20 14:57:28 - [TEST_STEP][PASSED] - sendKeys(findTestObject("ADMIN/Edit Text/Bespoke/Seller Pages/Item Translation/input_ITEM NAME_Language"), "*"): Keys '*' sent to object: 'Object Repository/ADMIN/Edit Text/Bespoke/Seller Pages/Item Translation/input_ITEM NAME_Language'

2020-03-20 14:57:29 - [MESSAGE][PASSED] - Keys '*' sent to object: 'Object Repository/ADMIN/Edit Text/Bespoke/Seller Pages/Item Translation/input_ITEM NAME_Language'

2020-03-20 14:57:29 - [TEST_STEP][PASSED] - sendKeys(findTestObject("ADMIN/Edit Text/Bespoke/Seller Pages/Item Translation/input_ITEM DESCRIPTION_Language"), "*"): Keys '*' sent to object: 'Object Repository/ADMIN/Edit Text/Bespoke/Seller Pages/Item Translation/input_ITEM DESCRIPTION_Language'

2020-03-20 14:57:29 - [MESSAGE][PASSED] - Keys '*' sent to object: 'Object Repository/ADMIN/Edit Text/Bespoke/Seller Pages/Item Translation/input_ITEM DESCRIPTION_Language'

2020-03-20 14:57:29 - [TEST_STEP][PASSED] - sendKeys(findTestObject("ADMIN/Edit Text/Bespoke/Seller Pages/Item Translation/input_OPTION NAME_Language"), "*"): Keys '*' sent to object: 'Object Repository/ADMIN/Edit Text/Bespoke/Seller Pages/Item Translation/input_OPTION NAME_Language'

2020-03-20 14:57:29 - [MESSAGE][PASSED] - Keys '*' sent to object: 'Object Repository/ADMIN/Edit Text/Bespoke/Seller Pages/Item Translation/input_OPTION NAME_Language'

2020-03-20 14:57:29 - [TEST_STEP][PASSED] - sendKeys(findTestObject("ADMIN/Edit Text/Bespoke/Seller Pages/Item Translation/input_OPTION CHOICE_Language"), "*"): Keys '*' sent to object: 'Object Repository/ADMIN/Edit Text/Bespoke/Seller Pages/Item Translation/input_OPTION CHOICE_Language'

2020-03-20 14:57:29 - [MESSAGE][PASSED] - Keys '*' sent to object: 'Object Repository/ADMIN/Edit Text/Bespoke/Seller Pages/Item Translation/input_OPTION CHOICE_Language'

2020-03-20 14:57:29 - [TEST_STEP][PASSED] - sendKeys(findTestObject("ADMIN/Edit Text/Bespoke/Seller Pages/Item Translation/input_You have not finished_not-finished"), "*"): Keys '*' sent to object: 'Object Repository/ADMIN/Edit Text/Bespoke/Seller Pages/Item Translation/input_You have not finished_not-finished'

2020-03-20 14:57:29 - [MESSAGE][PASSED] - Keys '*' sent to object: 'Object Repository/ADMIN/Edit Text/Bespoke/Seller Pages/Item Translation/input_You have not finished_not-finished'

2020-03-20 14:57:29 - [TEST_STEP][PASSED] - sendKeys(findTestObject("ADMIN/Edit Text/Bespoke/Seller Pages/Item Translation/input_You are about to leave the page with out saving your progress Would you like to leave this page_about-leave"), "*"): Keys '*' sent to object: 'Object Repository/ADMIN/Edit Text/Bespoke/Seller Pages/Item Translation/input_You are about to leave the page with out saving your progress Would you like to leave this page_about-leave'

2020-03-20 14:57:29 - [MESSAGE][PASSED] - Keys '*' sent to object: 'Object Repository/ADMIN/Edit Text/Bespoke/Seller Pages/Item Translation/input_You are about to leave the page with out saving your progress Would you like to leave this page_about-leave'

2020-03-20 14:57:29 - [TEST_STEP][PASSED] - sendKeys(findTestObject("ADMIN/Edit Text/Bespoke/Seller Pages/Item Translation/input_CANCEL_later_btn"), "*"): Keys '*' sent to object: 'Object Repository/ADMIN/Edit Text/Bespoke/Seller Pages/Item Translation/input_CANCEL_later_btn'

2020-03-20 14:57:29 - [MESSAGE][PASSED] - Keys '*' sent to object: 'Object Repository/ADMIN/Edit Text/Bespoke/Seller Pages/Item Translation/input_CANCEL_later_btn'

2020-03-20 14:57:29 - [TEST_STEP][PASSED] - sendKeys(findTestObject("ADMIN/Edit Text/Bespoke/Seller Pages/Item Translation/input_CONTINUE_later_btn"), "*"): Keys '*' sent to object: 'Object Repository/ADMIN/Edit Text/Bespoke/Seller Pages/Item Translation/input_CONTINUE_later_btn'

2020-03-20 14:57:29 - [MESSAGE][PASSED] - Keys '*' sent to object: 'Object Repository/ADMIN/Edit Text/Bespoke/Seller Pages/Item Translation/input_CONTINUE_later_btn'

2020-03-20 14:57:29 - [TEST_STEP][PASSED] - click(findTestObject("ADMIN/Edit Text/Bespoke/Buyer Pages/Homepage/button_save"), CONTINUE_ON_FAILURE): Object: 'Object Repository/ADMIN/Edit Text/Bespoke/Buyer Pages/Homepage/button_save' is clicked on

2020-03-20 14:57:30 - [MESSAGE][PASSED] - Object: 'Object Repository/ADMIN/Edit Text/Bespoke/Buyer Pages/Homepage/button_save' is clicked on

2020-03-20 14:57:30 - [TEST_STEP][PASSED] - waitForElementVisible(findTestObject("ADMIN/Edit Text/Bespoke/Buyer Pages/Homepage/toaster_success"), 0): Object 'Object Repository/ADMIN/Edit Text/Bespoke/Buyer Pages/Homepage/toaster_success' is visible

2020-03-20 14:57:30 - [MESSAGE][WARNING] - Timeout '0' is invalid. Using default page load timeout: '30'

2020-03-20 14:57:31 - [MESSAGE][PASSED] - Object 'Object Repository/ADMIN/Edit Text/Bespoke/Buyer Pages/Homepage/toaster_success' is visible]]></system-out>
         <system-err><![CDATA[]]></system-err>
      </testcase>
      <testcase name="Test Cases/ADMIN/Language/Edit Text/Bespoke/Seller/Delivery Settings Navigation" time="4.943" classname="Test Cases/ADMIN/Language/Edit Text/Bespoke/Seller/Delivery Settings Navigation" status="PASSED">
         <system-out><![CDATA[2020-03-20 14:57:31 - [TEST_CASE][PASSED] - Test Cases/ADMIN/Language/Edit Text/Bespoke/Seller/Delivery Settings Navigation: Test Cases/ADMIN/Language/Edit Text/Bespoke/Seller/Delivery Settings Navigation

2020-03-20 14:57:31 - [TEST_STEP][PASSED] - waitForElementVisible(findTestObject("ADMIN/Language/sidemenu_Language"), 0): Object 'Object Repository/ADMIN/Language/sidemenu_Language' is visible

2020-03-20 14:57:31 - [MESSAGE][WARNING] - Timeout '0' is invalid. Using default page load timeout: '30'

2020-03-20 14:57:31 - [MESSAGE][PASSED] - Object 'Object Repository/ADMIN/Language/sidemenu_Language' is visible

2020-03-20 14:57:31 - [TEST_STEP][PASSED] - click(findTestObject("ADMIN/Language/sidemenu_Language"), CONTINUE_ON_FAILURE): Object: 'Object Repository/ADMIN/Language/sidemenu_Language' is clicked on

2020-03-20 14:57:31 - [MESSAGE][PASSED] - Object: 'Object Repository/ADMIN/Language/sidemenu_Language' is clicked on

2020-03-20 14:57:31 - [TEST_STEP][PASSED] - waitForElementVisible(findTestObject("ADMIN/Language/sidemenu_Edit Text"), 0): Object 'Object Repository/ADMIN/Language/sidemenu_Edit Text' is visible

2020-03-20 14:57:31 - [MESSAGE][WARNING] - Timeout '0' is invalid. Using default page load timeout: '30'

2020-03-20 14:57:32 - [MESSAGE][PASSED] - Object 'Object Repository/ADMIN/Language/sidemenu_Edit Text' is visible

2020-03-20 14:57:32 - [TEST_STEP][PASSED] - click(findTestObject("ADMIN/Language/sidemenu_Edit Text"), CONTINUE_ON_FAILURE): Object: 'Object Repository/ADMIN/Language/sidemenu_Edit Text' is clicked on

2020-03-20 14:57:33 - [MESSAGE][PASSED] - Object: 'Object Repository/ADMIN/Language/sidemenu_Edit Text' is clicked on

2020-03-20 14:57:33 - [TEST_STEP][PASSED] - waitForElementVisible(findTestObject("ADMIN/Edit Text/Bespoke/Seller Navigation/dd_icon seller"), 0): Object 'Object Repository/ADMIN/Edit Text/Bespoke/Seller Navigation/dd_icon seller' is visible

2020-03-20 14:57:33 - [MESSAGE][WARNING] - Timeout '0' is invalid. Using default page load timeout: '30'

2020-03-20 14:57:33 - [MESSAGE][PASSED] - Object 'Object Repository/ADMIN/Edit Text/Bespoke/Seller Navigation/dd_icon seller' is visible

2020-03-20 14:57:33 - [TEST_STEP][PASSED] - click(findTestObject("ADMIN/Edit Text/Bespoke/Seller Navigation/dd_icon seller"), CONTINUE_ON_FAILURE): Object: 'Object Repository/ADMIN/Edit Text/Bespoke/Seller Navigation/dd_icon seller' is clicked on

2020-03-20 14:57:33 - [MESSAGE][PASSED] - Object: 'Object Repository/ADMIN/Edit Text/Bespoke/Seller Navigation/dd_icon seller' is clicked on

2020-03-20 14:57:33 - [TEST_STEP][PASSED] - waitForElementVisible(findTestObject("ADMIN/Edit Text/Bespoke/Seller Navigation/span_Delivery Settings"), 0): Object 'Object Repository/ADMIN/Edit Text/Bespoke/Seller Navigation/span_Delivery Settings' is visible

2020-03-20 14:57:33 - [MESSAGE][WARNING] - Timeout '0' is invalid. Using default page load timeout: '30'

2020-03-20 14:57:34 - [MESSAGE][PASSED] - Object 'Object Repository/ADMIN/Edit Text/Bespoke/Seller Navigation/span_Delivery Settings' is visible

2020-03-20 14:57:34 - [TEST_STEP][PASSED] - click(findTestObject("ADMIN/Edit Text/Bespoke/Seller Navigation/span_Delivery Settings"), CONTINUE_ON_FAILURE): Object: 'Object Repository/ADMIN/Edit Text/Bespoke/Seller Navigation/span_Delivery Settings' is clicked on

2020-03-20 14:57:35 - [MESSAGE][PASSED] - Object: 'Object Repository/ADMIN/Edit Text/Bespoke/Seller Navigation/span_Delivery Settings' is clicked on

2020-03-20 14:57:35 - [TEST_STEP][PASSED] - waitForElementVisible(findTestObject("ADMIN/Edit Text/Bespoke/Buyer Navigation/dd_language"), 0): Object 'Object Repository/ADMIN/Edit Text/Bespoke/Buyer Navigation/dd_language' is visible

2020-03-20 14:57:35 - [MESSAGE][WARNING] - Timeout '0' is invalid. Using default page load timeout: '30'

2020-03-20 14:57:35 - [MESSAGE][PASSED] - Object 'Object Repository/ADMIN/Edit Text/Bespoke/Buyer Navigation/dd_language' is visible]]></system-out>
         <system-err><![CDATA[]]></system-err>
      </testcase>
      <testcase name="Test Cases/ADMIN/Language/Edit Text/Bespoke/Seller/Delivery Settings" time="12.499" classname="Test Cases/ADMIN/Language/Edit Text/Bespoke/Seller/Delivery Settings" status="PASSED">
         <system-out><![CDATA[2020-03-20 14:57:35 - [TEST_CASE][PASSED] - Test Cases/ADMIN/Language/Edit Text/Bespoke/Seller/Delivery Settings: Test Cases/ADMIN/Language/Edit Text/Bespoke/Seller/Delivery Settings

2020-03-20 14:57:36 - [TEST_STEP][PASSED] - waitForElementVisible(findTestObject("ADMIN/Edit Text/Bespoke/Buyer Navigation/dd_language"), 0): Object 'Object Repository/ADMIN/Edit Text/Bespoke/Buyer Navigation/dd_language' is visible

2020-03-20 14:57:36 - [MESSAGE][WARNING] - Timeout '0' is invalid. Using default page load timeout: '30'

2020-03-20 14:57:36 - [MESSAGE][PASSED] - Object 'Object Repository/ADMIN/Edit Text/Bespoke/Buyer Navigation/dd_language' is visible

2020-03-20 14:57:36 - [TEST_STEP][PASSED] - selectOptionByLabel(findTestObject("ADMIN/Edit Text/Bespoke/Buyer Navigation/dd_language"), varLanguage, false): All options with label 'French' are selected in object 'Object Repository/ADMIN/Edit Text/Bespoke/Buyer Navigation/dd_language' 

2020-03-20 14:57:37 - [MESSAGE][PASSED] - All options with label 'French' are selected in object 'Object Repository/ADMIN/Edit Text/Bespoke/Buyer Navigation/dd_language' 

2020-03-20 14:57:37 - [TEST_STEP][PASSED] - sendKeys(findTestObject("ADMIN/Edit Text/Bespoke/Seller Pages/Delivery Settings/input_DELIVERY SETTINGS_DELIVERY_SETTINGS"), "*"): Keys '*' sent to object: 'Object Repository/ADMIN/Edit Text/Bespoke/Seller Pages/Delivery Settings/input_DELIVERY SETTINGS_DELIVERY_SETTINGS'

2020-03-20 14:57:37 - [MESSAGE][PASSED] - Keys '*' sent to object: 'Object Repository/ADMIN/Edit Text/Bespoke/Seller Pages/Delivery Settings/input_DELIVERY SETTINGS_DELIVERY_SETTINGS'

2020-03-20 14:57:37 - [TEST_STEP][PASSED] - sendKeys(findTestObject("ADMIN/Edit Text/Bespoke/Seller Pages/Delivery Settings/input_add del or pickup"), "*"): Keys '*' sent to object: 'Object Repository/ADMIN/Edit Text/Bespoke/Seller Pages/Delivery Settings/input_add del or pickup'

2020-03-20 14:57:37 - [MESSAGE][PASSED] - Keys '*' sent to object: 'Object Repository/ADMIN/Edit Text/Bespoke/Seller Pages/Delivery Settings/input_add del or pickup'

2020-03-20 14:57:37 - [TEST_STEP][PASSED] - sendKeys(findTestObject("ADMIN/Edit Text/Bespoke/Seller Pages/Delivery Settings/input_DELIVERY OPTIONS_DELIVERY_OPTIONS"), "*"): Keys '*' sent to object: 'Object Repository/ADMIN/Edit Text/Bespoke/Seller Pages/Delivery Settings/input_DELIVERY OPTIONS_DELIVERY_OPTIONS'

2020-03-20 14:57:37 - [MESSAGE][PASSED] - Keys '*' sent to object: 'Object Repository/ADMIN/Edit Text/Bespoke/Seller Pages/Delivery Settings/input_DELIVERY OPTIONS_DELIVERY_OPTIONS'

2020-03-20 14:57:37 - [TEST_STEP][PASSED] - sendKeys(findTestObject("ADMIN/Edit Text/Bespoke/Seller Pages/Delivery Settings/input_Add Delivery Options_select_delivery_method"), "*"): Keys '*' sent to object: 'Object Repository/ADMIN/Edit Text/Bespoke/Seller Pages/Delivery Settings/input_Add Delivery Options_select_delivery_method'

2020-03-20 14:57:38 - [MESSAGE][PASSED] - Keys '*' sent to object: 'Object Repository/ADMIN/Edit Text/Bespoke/Seller Pages/Delivery Settings/input_Add Delivery Options_select_delivery_method'

2020-03-20 14:57:38 - [TEST_STEP][PASSED] - sendKeys(findTestObject("ADMIN/Edit Text/Bespoke/Seller Pages/Delivery Settings/input_Name_Name"), "*"): Keys '*' sent to object: 'Object Repository/ADMIN/Edit Text/Bespoke/Seller Pages/Delivery Settings/input_Name_Name'

2020-03-20 14:57:38 - [MESSAGE][PASSED] - Keys '*' sent to object: 'Object Repository/ADMIN/Edit Text/Bespoke/Seller Pages/Delivery Settings/input_Name_Name'

2020-03-20 14:57:38 - [TEST_STEP][PASSED] - sendKeys(findTestObject("ADMIN/Edit Text/Bespoke/Seller Pages/Delivery Settings/input_DELIVERS TO_DELIVERS_TO"), "*"): Keys '*' sent to object: 'Object Repository/ADMIN/Edit Text/Bespoke/Seller Pages/Delivery Settings/input_DELIVERS TO_DELIVERS_TO'

2020-03-20 14:57:38 - [MESSAGE][PASSED] - Keys '*' sent to object: 'Object Repository/ADMIN/Edit Text/Bespoke/Seller Pages/Delivery Settings/input_DELIVERS TO_DELIVERS_TO'

2020-03-20 14:57:38 - [TEST_STEP][PASSED] - sendKeys(findTestObject("ADMIN/Edit Text/Bespoke/Seller Pages/Delivery Settings/input_PICK-UP OPTIONS_PICK-UP_OPTIONS"), "*"): Keys '*' sent to object: 'Object Repository/ADMIN/Edit Text/Bespoke/Seller Pages/Delivery Settings/input_PICK-UP OPTIONS_PICK-UP_OPTIONS'

2020-03-20 14:57:39 - [MESSAGE][PASSED] - Keys '*' sent to object: 'Object Repository/ADMIN/Edit Text/Bespoke/Seller Pages/Delivery Settings/input_PICK-UP OPTIONS_PICK-UP_OPTIONS'

2020-03-20 14:57:39 - [TEST_STEP][PASSED] - sendKeys(findTestObject("ADMIN/Edit Text/Bespoke/Seller Pages/Delivery Settings/input_Add Pick-up Options_Add_Pick-up_Options"), "*"): Keys '*' sent to object: 'Object Repository/ADMIN/Edit Text/Bespoke/Seller Pages/Delivery Settings/input_Add Pick-up Options_Add_Pick-up_Options'

2020-03-20 14:57:40 - [MESSAGE][PASSED] - Keys '*' sent to object: 'Object Repository/ADMIN/Edit Text/Bespoke/Seller Pages/Delivery Settings/input_Add Pick-up Options_Add_Pick-up_Options'

2020-03-20 14:57:40 - [TEST_STEP][PASSED] - sendKeys(findTestObject("ADMIN/Edit Text/Bespoke/Seller Pages/Delivery Settings/input_Define the full address where the buyer can pick up from_delivery_desc_used"), "*"): Keys '*' sent to object: 'Object Repository/ADMIN/Edit Text/Bespoke/Seller Pages/Delivery Settings/input_Define the full address where the buyer can pick up from_delivery_desc_used'

2020-03-20 14:57:40 - [MESSAGE][PASSED] - Keys '*' sent to object: 'Object Repository/ADMIN/Edit Text/Bespoke/Seller Pages/Delivery Settings/input_Define the full address where the buyer can pick up from_delivery_desc_used'

2020-03-20 14:57:40 - [TEST_STEP][PASSED] - sendKeys(findTestObject("ADMIN/Edit Text/Bespoke/Seller Pages/Delivery Settings/input_Delivers to_Delivers_to (1)"), "*"): Keys '*' sent to object: 'Object Repository/ADMIN/Edit Text/Bespoke/Seller Pages/Delivery Settings/input_Delivers to_Delivers_to (1)'

2020-03-20 14:57:40 - [MESSAGE][PASSED] - Keys '*' sent to object: 'Object Repository/ADMIN/Edit Text/Bespoke/Seller Pages/Delivery Settings/input_Delivers to_Delivers_to (1)'

2020-03-20 14:57:40 - [TEST_STEP][PASSED] - sendKeys(findTestObject("ADMIN/Edit Text/Bespoke/Seller Pages/Delivery Settings/input_Shipping rate by_Shipping_rate_by"), "*"): Keys '*' sent to object: 'Object Repository/ADMIN/Edit Text/Bespoke/Seller Pages/Delivery Settings/input_Shipping rate by_Shipping_rate_by'

2020-03-20 14:57:41 - [MESSAGE][PASSED] - Keys '*' sent to object: 'Object Repository/ADMIN/Edit Text/Bespoke/Seller Pages/Delivery Settings/input_Shipping rate by_Shipping_rate_by'

2020-03-20 14:57:41 - [TEST_STEP][PASSED] - sendKeys(findTestObject("ADMIN/Edit Text/Bespoke/Seller Pages/Delivery Settings/input_Delivering from_Delivering_from"), "*"): Keys '*' sent to object: 'Object Repository/ADMIN/Edit Text/Bespoke/Seller Pages/Delivery Settings/input_Delivering from_Delivering_from'

2020-03-20 14:57:41 - [MESSAGE][PASSED] - Keys '*' sent to object: 'Object Repository/ADMIN/Edit Text/Bespoke/Seller Pages/Delivery Settings/input_Delivering from_Delivering_from'

2020-03-20 14:57:41 - [TEST_STEP][PASSED] - sendKeys(findTestObject("ADMIN/Edit Text/Bespoke/Seller Pages/Delivery Settings/input_Delivery rates(s)_Shipping_rate_by"), "*"): Keys '*' sent to object: 'Object Repository/ADMIN/Edit Text/Bespoke/Seller Pages/Delivery Settings/input_Delivery rates(s)_Shipping_rate_by'

2020-03-20 14:57:41 - [MESSAGE][PASSED] - Keys '*' sent to object: 'Object Repository/ADMIN/Edit Text/Bespoke/Seller Pages/Delivery Settings/input_Delivery rates(s)_Shipping_rate_by'

2020-03-20 14:57:41 - [TEST_STEP][PASSED] - sendKeys(findTestObject("ADMIN/Edit Text/Bespoke/Seller Pages/Delivery Settings/input_Name_Name1"), "*"): Keys '*' sent to object: 'Object Repository/ADMIN/Edit Text/Bespoke/Seller Pages/Delivery Settings/input_Name_Name1'

2020-03-20 14:57:41 - [MESSAGE][PASSED] - Keys '*' sent to object: 'Object Repository/ADMIN/Edit Text/Bespoke/Seller Pages/Delivery Settings/input_Name_Name1'

2020-03-20 14:57:41 - [TEST_STEP][PASSED] - sendKeys(findTestObject("ADMIN/Edit Text/Bespoke/Seller Pages/Delivery Settings/input_Range_Range"), "*"): Keys '*' sent to object: 'Object Repository/ADMIN/Edit Text/Bespoke/Seller Pages/Delivery Settings/input_Range_Range'

2020-03-20 14:57:42 - [MESSAGE][PASSED] - Keys '*' sent to object: 'Object Repository/ADMIN/Edit Text/Bespoke/Seller Pages/Delivery Settings/input_Range_Range'

2020-03-20 14:57:42 - [TEST_STEP][PASSED] - sendKeys(findTestObject("ADMIN/Edit Text/Bespoke/Seller Pages/Delivery Settings/input_Delivery Cost_Delivery_Cost"), "*"): Keys '*' sent to object: 'Object Repository/ADMIN/Edit Text/Bespoke/Seller Pages/Delivery Settings/input_Delivery Cost_Delivery_Cost'

2020-03-20 14:57:42 - [MESSAGE][PASSED] - Keys '*' sent to object: 'Object Repository/ADMIN/Edit Text/Bespoke/Seller Pages/Delivery Settings/input_Delivery Cost_Delivery_Cost'

2020-03-20 14:57:42 - [TEST_STEP][PASSED] - sendKeys(findTestObject("ADMIN/Edit Text/Bespoke/Seller Pages/Delivery Settings/input_Okay_Range"), "*"): Keys '*' sent to object: 'Object Repository/ADMIN/Edit Text/Bespoke/Seller Pages/Delivery Settings/input_Okay_Range'

2020-03-20 14:57:42 - [MESSAGE][PASSED] - Keys '*' sent to object: 'Object Repository/ADMIN/Edit Text/Bespoke/Seller Pages/Delivery Settings/input_Okay_Range'

2020-03-20 14:57:42 - [TEST_STEP][PASSED] - sendKeys(findTestObject("ADMIN/Edit Text/Bespoke/Seller Pages/Delivery Settings/input_ADDEDIT DELIVERY OPTION_Add_edit_delivery_option"), "*"): Keys '*' sent to object: 'Object Repository/ADMIN/Edit Text/Bespoke/Seller Pages/Delivery Settings/input_ADDEDIT DELIVERY OPTION_Add_edit_delivery_option'

2020-03-20 14:57:42 - [MESSAGE][PASSED] - Keys '*' sent to object: 'Object Repository/ADMIN/Edit Text/Bespoke/Seller Pages/Delivery Settings/input_ADDEDIT DELIVERY OPTION_Add_edit_delivery_option'

2020-03-20 14:57:42 - [TEST_STEP][PASSED] - sendKeys(findTestObject("ADMIN/Edit Text/Bespoke/Seller Pages/Delivery Settings/input_Define the locations available and the rates for the delivery option_Define_the_locations_available_and_the_rates_for_the_delivery_option"), "*"): Keys '*' sent to object: 'Object Repository/ADMIN/Edit Text/Bespoke/Seller Pages/Delivery Settings/input_Define the locations available and the rates for the delivery option_Define_the_locations_available_and_the_rates_for_the_delivery_option'

2020-03-20 14:57:43 - [MESSAGE][PASSED] - Keys '*' sent to object: 'Object Repository/ADMIN/Edit Text/Bespoke/Seller Pages/Delivery Settings/input_Define the locations available and the rates for the delivery option_Define_the_locations_available_and_the_rates_for_the_delivery_option'

2020-03-20 14:57:43 - [TEST_STEP][PASSED] - sendKeys(findTestObject("ADMIN/Edit Text/Bespoke/Seller Pages/Delivery Settings/input_DELIVERY OPTION SETTINGS_DELIVERY_OPTIONS_SETTINGS"), "*"): Keys '*' sent to object: 'Object Repository/ADMIN/Edit Text/Bespoke/Seller Pages/Delivery Settings/input_DELIVERY OPTION SETTINGS_DELIVERY_OPTIONS_SETTINGS'

2020-03-20 14:57:43 - [MESSAGE][PASSED] - Keys '*' sent to object: 'Object Repository/ADMIN/Edit Text/Bespoke/Seller Pages/Delivery Settings/input_DELIVERY OPTION SETTINGS_DELIVERY_OPTIONS_SETTINGS'

2020-03-20 14:57:43 - [TEST_STEP][PASSED] - sendKeys(findTestObject("ADMIN/Edit Text/Bespoke/Seller Pages/Delivery Settings/input_DELIVERY OPTION NAME_DELIVERY_OPTION_NAME"), "*"): Keys '*' sent to object: 'Object Repository/ADMIN/Edit Text/Bespoke/Seller Pages/Delivery Settings/input_DELIVERY OPTION NAME_DELIVERY_OPTION_NAME'

2020-03-20 14:57:43 - [MESSAGE][PASSED] - Keys '*' sent to object: 'Object Repository/ADMIN/Edit Text/Bespoke/Seller Pages/Delivery Settings/input_DELIVERY OPTION NAME_DELIVERY_OPTION_NAME'

2020-03-20 14:57:43 - [TEST_STEP][PASSED] - sendKeys(findTestObject("ADMIN/Edit Text/Bespoke/Seller Pages/Delivery Settings/input_delivers to3"), "*"): Keys '*' sent to object: 'Object Repository/ADMIN/Edit Text/Bespoke/Seller Pages/Delivery Settings/input_delivers to3'

2020-03-20 14:57:43 - [MESSAGE][PASSED] - Keys '*' sent to object: 'Object Repository/ADMIN/Edit Text/Bespoke/Seller Pages/Delivery Settings/input_delivers to3'

2020-03-20 14:57:43 - [TEST_STEP][PASSED] - sendKeys(findTestObject("ADMIN/Edit Text/Bespoke/Seller Pages/Delivery Settings/input_MINIMUM LEAD TIME_Minimum_lead_time"), "*"): Keys '*' sent to object: 'Object Repository/ADMIN/Edit Text/Bespoke/Seller Pages/Delivery Settings/input_MINIMUM LEAD TIME_Minimum_lead_time'

2020-03-20 14:57:44 - [MESSAGE][PASSED] - Keys '*' sent to object: 'Object Repository/ADMIN/Edit Text/Bespoke/Seller Pages/Delivery Settings/input_MINIMUM LEAD TIME_Minimum_lead_time'

2020-03-20 14:57:44 - [TEST_STEP][PASSED] - sendKeys(findTestObject("ADMIN/Edit Text/Bespoke/Seller Pages/Delivery Settings/input_WHERE ARE YOU DELIVERING FROM_Where_are_you_delivering_from"), "*"): Keys '*' sent to object: 'Object Repository/ADMIN/Edit Text/Bespoke/Seller Pages/Delivery Settings/input_WHERE ARE YOU DELIVERING FROM_Where_are_you_delivering_from'

2020-03-20 14:57:44 - [MESSAGE][PASSED] - Keys '*' sent to object: 'Object Repository/ADMIN/Edit Text/Bespoke/Seller Pages/Delivery Settings/input_WHERE ARE YOU DELIVERING FROM_Where_are_you_delivering_from'

2020-03-20 14:57:44 - [TEST_STEP][PASSED] - sendKeys(findTestObject("ADMIN/Edit Text/Bespoke/Seller Pages/Delivery Settings/input_Select if you would like to calculate shipping by total order weight or total order price_total_order_weight_or_total_order_price"), "*"): Keys '*' sent to object: 'Object Repository/ADMIN/Edit Text/Bespoke/Seller Pages/Delivery Settings/input_Select if you would like to calculate shipping by total order weight or total order price_total_order_weight_or_total_order_price'

2020-03-20 14:57:44 - [MESSAGE][PASSED] - Keys '*' sent to object: 'Object Repository/ADMIN/Edit Text/Bespoke/Seller Pages/Delivery Settings/input_Select if you would like to calculate shipping by total order weight or total order price_total_order_weight_or_total_order_price'

2020-03-20 14:57:44 - [TEST_STEP][PASSED] - sendKeys(findTestObject("ADMIN/Edit Text/Bespoke/Seller Pages/Delivery Settings/input_Weight_Weight"), "*"): Keys '*' sent to object: 'Object Repository/ADMIN/Edit Text/Bespoke/Seller Pages/Delivery Settings/input_Weight_Weight'

2020-03-20 14:57:45 - [MESSAGE][PASSED] - Keys '*' sent to object: 'Object Repository/ADMIN/Edit Text/Bespoke/Seller Pages/Delivery Settings/input_Weight_Weight'

2020-03-20 14:57:45 - [TEST_STEP][PASSED] - sendKeys(findTestObject("ADMIN/Edit Text/Bespoke/Seller Pages/Delivery Settings/input_Price_Price"), "*"): Keys '*' sent to object: 'Object Repository/ADMIN/Edit Text/Bespoke/Seller Pages/Delivery Settings/input_Price_Price'

2020-03-20 14:57:45 - [MESSAGE][PASSED] - Keys '*' sent to object: 'Object Repository/ADMIN/Edit Text/Bespoke/Seller Pages/Delivery Settings/input_Price_Price'

2020-03-20 14:57:45 - [TEST_STEP][PASSED] - sendKeys(findTestObject("ADMIN/Edit Text/Bespoke/Seller Pages/Delivery Settings/input_Delivery Rate(s)_DelDelivery_Rates"), "*"): Keys '*' sent to object: 'Object Repository/ADMIN/Edit Text/Bespoke/Seller Pages/Delivery Settings/input_Delivery Rate(s)_DelDelivery_Rates'

2020-03-20 14:57:45 - [MESSAGE][PASSED] - Keys '*' sent to object: 'Object Repository/ADMIN/Edit Text/Bespoke/Seller Pages/Delivery Settings/input_Delivery Rate(s)_DelDelivery_Rates'

2020-03-20 14:57:45 - [TEST_STEP][PASSED] - sendKeys(findTestObject("ADMIN/Edit Text/Bespoke/Seller Pages/Delivery Settings/input_NAME_Name (1)"), "*"): Keys '*' sent to object: 'Object Repository/ADMIN/Edit Text/Bespoke/Seller Pages/Delivery Settings/input_NAME_Name (1)'

2020-03-20 14:57:45 - [MESSAGE][PASSED] - Keys '*' sent to object: 'Object Repository/ADMIN/Edit Text/Bespoke/Seller Pages/Delivery Settings/input_NAME_Name (1)'

2020-03-20 14:57:45 - [TEST_STEP][PASSED] - sendKeys(findTestObject("ADMIN/Edit Text/Bespoke/Seller Pages/Delivery Settings/input_RANGE_Range (1)"), "*"): Keys '*' sent to object: 'Object Repository/ADMIN/Edit Text/Bespoke/Seller Pages/Delivery Settings/input_RANGE_Range (1)'

2020-03-20 14:57:45 - [MESSAGE][PASSED] - Keys '*' sent to object: 'Object Repository/ADMIN/Edit Text/Bespoke/Seller Pages/Delivery Settings/input_RANGE_Range (1)'

2020-03-20 14:57:45 - [TEST_STEP][PASSED] - sendKeys(findTestObject("ADMIN/Edit Text/Bespoke/Seller Pages/Delivery Settings/input_DELIVERY COST_Delivery_Cost (1)"), "*"): Keys '*' sent to object: 'Object Repository/ADMIN/Edit Text/Bespoke/Seller Pages/Delivery Settings/input_DELIVERY COST_Delivery_Cost (1)'

2020-03-20 14:57:45 - [MESSAGE][PASSED] - Keys '*' sent to object: 'Object Repository/ADMIN/Edit Text/Bespoke/Seller Pages/Delivery Settings/input_DELIVERY COST_Delivery_Cost (1)'

2020-03-20 14:57:45 - [TEST_STEP][PASSED] - sendKeys(findTestObject("ADMIN/Edit Text/Bespoke/Seller Pages/Delivery Settings/input_Onwards_Onwards"), "*"): Keys '*' sent to object: 'Object Repository/ADMIN/Edit Text/Bespoke/Seller Pages/Delivery Settings/input_Onwards_Onwards'

2020-03-20 14:57:46 - [MESSAGE][PASSED] - Keys '*' sent to object: 'Object Repository/ADMIN/Edit Text/Bespoke/Seller Pages/Delivery Settings/input_Onwards_Onwards'

2020-03-20 14:57:46 - [TEST_STEP][PASSED] - sendKeys(findTestObject("ADMIN/Edit Text/Bespoke/Seller Pages/Delivery Settings/input_Add Delivery Rate_Add_Delivery_Rate"), "*"): Keys '*' sent to object: 'Object Repository/ADMIN/Edit Text/Bespoke/Seller Pages/Delivery Settings/input_Add Delivery Rate_Add_Delivery_Rate'

2020-03-20 14:57:46 - [MESSAGE][PASSED] - Keys '*' sent to object: 'Object Repository/ADMIN/Edit Text/Bespoke/Seller Pages/Delivery Settings/input_Add Delivery Rate_Add_Delivery_Rate'

2020-03-20 14:57:46 - [TEST_STEP][PASSED] - sendKeys(findTestObject("ADMIN/Edit Text/Bespoke/Seller Pages/Delivery Settings/input_Delivery Rate Name (Buyers will not see this)_Delivery_Rate_Name"), "*"): Keys '*' sent to object: 'Object Repository/ADMIN/Edit Text/Bespoke/Seller Pages/Delivery Settings/input_Delivery Rate Name (Buyers will not see this)_Delivery_Rate_Name'

2020-03-20 14:57:46 - [MESSAGE][PASSED] - Keys '*' sent to object: 'Object Repository/ADMIN/Edit Text/Bespoke/Seller Pages/Delivery Settings/input_Delivery Rate Name (Buyers will not see this)_Delivery_Rate_Name'

2020-03-20 14:57:46 - [TEST_STEP][PASSED] - sendKeys(findTestObject("ADMIN/Edit Text/Bespoke/Seller Pages/Delivery Settings/input_To_To"), "*"): Keys '*' sent to object: 'Object Repository/ADMIN/Edit Text/Bespoke/Seller Pages/Delivery Settings/input_To_To'

2020-03-20 14:57:46 - [MESSAGE][PASSED] - Keys '*' sent to object: 'Object Repository/ADMIN/Edit Text/Bespoke/Seller Pages/Delivery Settings/input_To_To'

2020-03-20 14:57:46 - [TEST_STEP][PASSED] - sendKeys(findTestObject("ADMIN/Edit Text/Bespoke/Seller Pages/Delivery Settings/input_delivery cost4"), "*"): Keys '*' sent to object: 'Object Repository/ADMIN/Edit Text/Bespoke/Seller Pages/Delivery Settings/input_delivery cost4'

2020-03-20 14:57:47 - [MESSAGE][PASSED] - Keys '*' sent to object: 'Object Repository/ADMIN/Edit Text/Bespoke/Seller Pages/Delivery Settings/input_delivery cost4'

2020-03-20 14:57:47 - [TEST_STEP][PASSED] - sendKeys(findTestObject("ADMIN/Edit Text/Bespoke/Seller Pages/Delivery Settings/input_Save_Save"), "*"): Keys '*' sent to object: 'Object Repository/ADMIN/Edit Text/Bespoke/Seller Pages/Delivery Settings/input_Save_Save'

2020-03-20 14:57:47 - [MESSAGE][PASSED] - Keys '*' sent to object: 'Object Repository/ADMIN/Edit Text/Bespoke/Seller Pages/Delivery Settings/input_Save_Save'

2020-03-20 14:57:47 - [TEST_STEP][PASSED] - sendKeys(findTestObject("ADMIN/Edit Text/Bespoke/Seller Pages/Delivery Settings/input_Cancel_Cancel"), "*"): Keys '*' sent to object: 'Object Repository/ADMIN/Edit Text/Bespoke/Seller Pages/Delivery Settings/input_Cancel_Cancel'

2020-03-20 14:57:47 - [MESSAGE][PASSED] - Keys '*' sent to object: 'Object Repository/ADMIN/Edit Text/Bespoke/Seller Pages/Delivery Settings/input_Cancel_Cancel'

2020-03-20 14:57:47 - [TEST_STEP][PASSED] - click(findTestObject("ADMIN/Edit Text/Bespoke/Buyer Pages/Homepage/button_save"), CONTINUE_ON_FAILURE): Object: 'Object Repository/ADMIN/Edit Text/Bespoke/Buyer Pages/Homepage/button_save' is clicked on

2020-03-20 14:57:47 - [MESSAGE][PASSED] - Object: 'Object Repository/ADMIN/Edit Text/Bespoke/Buyer Pages/Homepage/button_save' is clicked on

2020-03-20 14:57:47 - [TEST_STEP][PASSED] - waitForElementVisible(findTestObject("ADMIN/Edit Text/Bespoke/Buyer Pages/Homepage/toaster_success"), 0): Object 'Object Repository/ADMIN/Edit Text/Bespoke/Buyer Pages/Homepage/toaster_success' is visible

2020-03-20 14:57:47 - [MESSAGE][WARNING] - Timeout '0' is invalid. Using default page load timeout: '30'

2020-03-20 14:57:48 - [MESSAGE][PASSED] - Object 'Object Repository/ADMIN/Edit Text/Bespoke/Buyer Pages/Homepage/toaster_success' is visible]]></system-out>
         <system-err><![CDATA[]]></system-err>
      </testcase>
      <testcase name="Test Cases/ADMIN/Language/Edit Text/Bespoke/Seller/Delivery Settings" time="11.372" classname="Test Cases/ADMIN/Language/Edit Text/Bespoke/Seller/Delivery Settings" status="PASSED">
         <system-out><![CDATA[2020-03-20 14:57:48 - [TEST_CASE][PASSED] - Test Cases/ADMIN/Language/Edit Text/Bespoke/Seller/Delivery Settings: Test Cases/ADMIN/Language/Edit Text/Bespoke/Seller/Delivery Settings

2020-03-20 14:57:48 - [TEST_STEP][PASSED] - waitForElementVisible(findTestObject("ADMIN/Edit Text/Bespoke/Buyer Navigation/dd_language"), 0): Object 'Object Repository/ADMIN/Edit Text/Bespoke/Buyer Navigation/dd_language' is visible

2020-03-20 14:57:48 - [MESSAGE][WARNING] - Timeout '0' is invalid. Using default page load timeout: '30'

2020-03-20 14:57:48 - [MESSAGE][PASSED] - Object 'Object Repository/ADMIN/Edit Text/Bespoke/Buyer Navigation/dd_language' is visible

2020-03-20 14:57:48 - [TEST_STEP][PASSED] - selectOptionByLabel(findTestObject("ADMIN/Edit Text/Bespoke/Buyer Navigation/dd_language"), varLanguage, false): All options with label 'Spanish' are selected in object 'Object Repository/ADMIN/Edit Text/Bespoke/Buyer Navigation/dd_language' 

2020-03-20 14:57:49 - [MESSAGE][PASSED] - All options with label 'Spanish' are selected in object 'Object Repository/ADMIN/Edit Text/Bespoke/Buyer Navigation/dd_language' 

2020-03-20 14:57:49 - [TEST_STEP][PASSED] - sendKeys(findTestObject("ADMIN/Edit Text/Bespoke/Seller Pages/Delivery Settings/input_DELIVERY SETTINGS_DELIVERY_SETTINGS"), "*"): Keys '*' sent to object: 'Object Repository/ADMIN/Edit Text/Bespoke/Seller Pages/Delivery Settings/input_DELIVERY SETTINGS_DELIVERY_SETTINGS'

2020-03-20 14:57:50 - [MESSAGE][PASSED] - Keys '*' sent to object: 'Object Repository/ADMIN/Edit Text/Bespoke/Seller Pages/Delivery Settings/input_DELIVERY SETTINGS_DELIVERY_SETTINGS'

2020-03-20 14:57:50 - [TEST_STEP][PASSED] - sendKeys(findTestObject("ADMIN/Edit Text/Bespoke/Seller Pages/Delivery Settings/input_add del or pickup"), "*"): Keys '*' sent to object: 'Object Repository/ADMIN/Edit Text/Bespoke/Seller Pages/Delivery Settings/input_add del or pickup'

2020-03-20 14:57:50 - [MESSAGE][PASSED] - Keys '*' sent to object: 'Object Repository/ADMIN/Edit Text/Bespoke/Seller Pages/Delivery Settings/input_add del or pickup'

2020-03-20 14:57:50 - [TEST_STEP][PASSED] - sendKeys(findTestObject("ADMIN/Edit Text/Bespoke/Seller Pages/Delivery Settings/input_DELIVERY OPTIONS_DELIVERY_OPTIONS"), "*"): Keys '*' sent to object: 'Object Repository/ADMIN/Edit Text/Bespoke/Seller Pages/Delivery Settings/input_DELIVERY OPTIONS_DELIVERY_OPTIONS'

2020-03-20 14:57:50 - [MESSAGE][PASSED] - Keys '*' sent to object: 'Object Repository/ADMIN/Edit Text/Bespoke/Seller Pages/Delivery Settings/input_DELIVERY OPTIONS_DELIVERY_OPTIONS'

2020-03-20 14:57:50 - [TEST_STEP][PASSED] - sendKeys(findTestObject("ADMIN/Edit Text/Bespoke/Seller Pages/Delivery Settings/input_Add Delivery Options_select_delivery_method"), "*"): Keys '*' sent to object: 'Object Repository/ADMIN/Edit Text/Bespoke/Seller Pages/Delivery Settings/input_Add Delivery Options_select_delivery_method'

2020-03-20 14:57:50 - [MESSAGE][PASSED] - Keys '*' sent to object: 'Object Repository/ADMIN/Edit Text/Bespoke/Seller Pages/Delivery Settings/input_Add Delivery Options_select_delivery_method'

2020-03-20 14:57:50 - [TEST_STEP][PASSED] - sendKeys(findTestObject("ADMIN/Edit Text/Bespoke/Seller Pages/Delivery Settings/input_Name_Name"), "*"): Keys '*' sent to object: 'Object Repository/ADMIN/Edit Text/Bespoke/Seller Pages/Delivery Settings/input_Name_Name'

2020-03-20 14:57:51 - [MESSAGE][PASSED] - Keys '*' sent to object: 'Object Repository/ADMIN/Edit Text/Bespoke/Seller Pages/Delivery Settings/input_Name_Name'

2020-03-20 14:57:51 - [TEST_STEP][PASSED] - sendKeys(findTestObject("ADMIN/Edit Text/Bespoke/Seller Pages/Delivery Settings/input_DELIVERS TO_DELIVERS_TO"), "*"): Keys '*' sent to object: 'Object Repository/ADMIN/Edit Text/Bespoke/Seller Pages/Delivery Settings/input_DELIVERS TO_DELIVERS_TO'

2020-03-20 14:57:51 - [MESSAGE][PASSED] - Keys '*' sent to object: 'Object Repository/ADMIN/Edit Text/Bespoke/Seller Pages/Delivery Settings/input_DELIVERS TO_DELIVERS_TO'

2020-03-20 14:57:51 - [TEST_STEP][PASSED] - sendKeys(findTestObject("ADMIN/Edit Text/Bespoke/Seller Pages/Delivery Settings/input_PICK-UP OPTIONS_PICK-UP_OPTIONS"), "*"): Keys '*' sent to object: 'Object Repository/ADMIN/Edit Text/Bespoke/Seller Pages/Delivery Settings/input_PICK-UP OPTIONS_PICK-UP_OPTIONS'

2020-03-20 14:57:51 - [MESSAGE][PASSED] - Keys '*' sent to object: 'Object Repository/ADMIN/Edit Text/Bespoke/Seller Pages/Delivery Settings/input_PICK-UP OPTIONS_PICK-UP_OPTIONS'

2020-03-20 14:57:51 - [TEST_STEP][PASSED] - sendKeys(findTestObject("ADMIN/Edit Text/Bespoke/Seller Pages/Delivery Settings/input_Add Pick-up Options_Add_Pick-up_Options"), "*"): Keys '*' sent to object: 'Object Repository/ADMIN/Edit Text/Bespoke/Seller Pages/Delivery Settings/input_Add Pick-up Options_Add_Pick-up_Options'

2020-03-20 14:57:52 - [MESSAGE][PASSED] - Keys '*' sent to object: 'Object Repository/ADMIN/Edit Text/Bespoke/Seller Pages/Delivery Settings/input_Add Pick-up Options_Add_Pick-up_Options'

2020-03-20 14:57:52 - [TEST_STEP][PASSED] - sendKeys(findTestObject("ADMIN/Edit Text/Bespoke/Seller Pages/Delivery Settings/input_Define the full address where the buyer can pick up from_delivery_desc_used"), "*"): Keys '*' sent to object: 'Object Repository/ADMIN/Edit Text/Bespoke/Seller Pages/Delivery Settings/input_Define the full address where the buyer can pick up from_delivery_desc_used'

2020-03-20 14:57:52 - [MESSAGE][PASSED] - Keys '*' sent to object: 'Object Repository/ADMIN/Edit Text/Bespoke/Seller Pages/Delivery Settings/input_Define the full address where the buyer can pick up from_delivery_desc_used'

2020-03-20 14:57:52 - [TEST_STEP][PASSED] - sendKeys(findTestObject("ADMIN/Edit Text/Bespoke/Seller Pages/Delivery Settings/input_Delivers to_Delivers_to (1)"), "*"): Keys '*' sent to object: 'Object Repository/ADMIN/Edit Text/Bespoke/Seller Pages/Delivery Settings/input_Delivers to_Delivers_to (1)'

2020-03-20 14:57:52 - [MESSAGE][PASSED] - Keys '*' sent to object: 'Object Repository/ADMIN/Edit Text/Bespoke/Seller Pages/Delivery Settings/input_Delivers to_Delivers_to (1)'

2020-03-20 14:57:52 - [TEST_STEP][PASSED] - sendKeys(findTestObject("ADMIN/Edit Text/Bespoke/Seller Pages/Delivery Settings/input_Shipping rate by_Shipping_rate_by"), "*"): Keys '*' sent to object: 'Object Repository/ADMIN/Edit Text/Bespoke/Seller Pages/Delivery Settings/input_Shipping rate by_Shipping_rate_by'

2020-03-20 14:57:52 - [MESSAGE][PASSED] - Keys '*' sent to object: 'Object Repository/ADMIN/Edit Text/Bespoke/Seller Pages/Delivery Settings/input_Shipping rate by_Shipping_rate_by'

2020-03-20 14:57:52 - [TEST_STEP][PASSED] - sendKeys(findTestObject("ADMIN/Edit Text/Bespoke/Seller Pages/Delivery Settings/input_Delivering from_Delivering_from"), "*"): Keys '*' sent to object: 'Object Repository/ADMIN/Edit Text/Bespoke/Seller Pages/Delivery Settings/input_Delivering from_Delivering_from'

2020-03-20 14:57:52 - [MESSAGE][PASSED] - Keys '*' sent to object: 'Object Repository/ADMIN/Edit Text/Bespoke/Seller Pages/Delivery Settings/input_Delivering from_Delivering_from'

2020-03-20 14:57:52 - [TEST_STEP][PASSED] - sendKeys(findTestObject("ADMIN/Edit Text/Bespoke/Seller Pages/Delivery Settings/input_Delivery rates(s)_Shipping_rate_by"), "*"): Keys '*' sent to object: 'Object Repository/ADMIN/Edit Text/Bespoke/Seller Pages/Delivery Settings/input_Delivery rates(s)_Shipping_rate_by'

2020-03-20 14:57:53 - [MESSAGE][PASSED] - Keys '*' sent to object: 'Object Repository/ADMIN/Edit Text/Bespoke/Seller Pages/Delivery Settings/input_Delivery rates(s)_Shipping_rate_by'

2020-03-20 14:57:53 - [TEST_STEP][PASSED] - sendKeys(findTestObject("ADMIN/Edit Text/Bespoke/Seller Pages/Delivery Settings/input_Name_Name1"), "*"): Keys '*' sent to object: 'Object Repository/ADMIN/Edit Text/Bespoke/Seller Pages/Delivery Settings/input_Name_Name1'

2020-03-20 14:57:53 - [MESSAGE][PASSED] - Keys '*' sent to object: 'Object Repository/ADMIN/Edit Text/Bespoke/Seller Pages/Delivery Settings/input_Name_Name1'

2020-03-20 14:57:53 - [TEST_STEP][PASSED] - sendKeys(findTestObject("ADMIN/Edit Text/Bespoke/Seller Pages/Delivery Settings/input_Range_Range"), "*"): Keys '*' sent to object: 'Object Repository/ADMIN/Edit Text/Bespoke/Seller Pages/Delivery Settings/input_Range_Range'

2020-03-20 14:57:53 - [MESSAGE][PASSED] - Keys '*' sent to object: 'Object Repository/ADMIN/Edit Text/Bespoke/Seller Pages/Delivery Settings/input_Range_Range'

2020-03-20 14:57:53 - [TEST_STEP][PASSED] - sendKeys(findTestObject("ADMIN/Edit Text/Bespoke/Seller Pages/Delivery Settings/input_Delivery Cost_Delivery_Cost"), "*"): Keys '*' sent to object: 'Object Repository/ADMIN/Edit Text/Bespoke/Seller Pages/Delivery Settings/input_Delivery Cost_Delivery_Cost'

2020-03-20 14:57:53 - [MESSAGE][PASSED] - Keys '*' sent to object: 'Object Repository/ADMIN/Edit Text/Bespoke/Seller Pages/Delivery Settings/input_Delivery Cost_Delivery_Cost'

2020-03-20 14:57:53 - [TEST_STEP][PASSED] - sendKeys(findTestObject("ADMIN/Edit Text/Bespoke/Seller Pages/Delivery Settings/input_Okay_Range"), "*"): Keys '*' sent to object: 'Object Repository/ADMIN/Edit Text/Bespoke/Seller Pages/Delivery Settings/input_Okay_Range'

2020-03-20 14:57:54 - [MESSAGE][PASSED] - Keys '*' sent to object: 'Object Repository/ADMIN/Edit Text/Bespoke/Seller Pages/Delivery Settings/input_Okay_Range'

2020-03-20 14:57:54 - [TEST_STEP][PASSED] - sendKeys(findTestObject("ADMIN/Edit Text/Bespoke/Seller Pages/Delivery Settings/input_ADDEDIT DELIVERY OPTION_Add_edit_delivery_option"), "*"): Keys '*' sent to object: 'Object Repository/ADMIN/Edit Text/Bespoke/Seller Pages/Delivery Settings/input_ADDEDIT DELIVERY OPTION_Add_edit_delivery_option'

2020-03-20 14:57:54 - [MESSAGE][PASSED] - Keys '*' sent to object: 'Object Repository/ADMIN/Edit Text/Bespoke/Seller Pages/Delivery Settings/input_ADDEDIT DELIVERY OPTION_Add_edit_delivery_option'

2020-03-20 14:57:54 - [TEST_STEP][PASSED] - sendKeys(findTestObject("ADMIN/Edit Text/Bespoke/Seller Pages/Delivery Settings/input_Define the locations available and the rates for the delivery option_Define_the_locations_available_and_the_rates_for_the_delivery_option"), "*"): Keys '*' sent to object: 'Object Repository/ADMIN/Edit Text/Bespoke/Seller Pages/Delivery Settings/input_Define the locations available and the rates for the delivery option_Define_the_locations_available_and_the_rates_for_the_delivery_option'

2020-03-20 14:57:54 - [MESSAGE][PASSED] - Keys '*' sent to object: 'Object Repository/ADMIN/Edit Text/Bespoke/Seller Pages/Delivery Settings/input_Define the locations available and the rates for the delivery option_Define_the_locations_available_and_the_rates_for_the_delivery_option'

2020-03-20 14:57:54 - [TEST_STEP][PASSED] - sendKeys(findTestObject("ADMIN/Edit Text/Bespoke/Seller Pages/Delivery Settings/input_DELIVERY OPTION SETTINGS_DELIVERY_OPTIONS_SETTINGS"), "*"): Keys '*' sent to object: 'Object Repository/ADMIN/Edit Text/Bespoke/Seller Pages/Delivery Settings/input_DELIVERY OPTION SETTINGS_DELIVERY_OPTIONS_SETTINGS'

2020-03-20 14:57:54 - [MESSAGE][PASSED] - Keys '*' sent to object: 'Object Repository/ADMIN/Edit Text/Bespoke/Seller Pages/Delivery Settings/input_DELIVERY OPTION SETTINGS_DELIVERY_OPTIONS_SETTINGS'

2020-03-20 14:57:54 - [TEST_STEP][PASSED] - sendKeys(findTestObject("ADMIN/Edit Text/Bespoke/Seller Pages/Delivery Settings/input_DELIVERY OPTION NAME_DELIVERY_OPTION_NAME"), "*"): Keys '*' sent to object: 'Object Repository/ADMIN/Edit Text/Bespoke/Seller Pages/Delivery Settings/input_DELIVERY OPTION NAME_DELIVERY_OPTION_NAME'

2020-03-20 14:57:55 - [MESSAGE][PASSED] - Keys '*' sent to object: 'Object Repository/ADMIN/Edit Text/Bespoke/Seller Pages/Delivery Settings/input_DELIVERY OPTION NAME_DELIVERY_OPTION_NAME'

2020-03-20 14:57:55 - [TEST_STEP][PASSED] - sendKeys(findTestObject("ADMIN/Edit Text/Bespoke/Seller Pages/Delivery Settings/input_delivers to3"), "*"): Keys '*' sent to object: 'Object Repository/ADMIN/Edit Text/Bespoke/Seller Pages/Delivery Settings/input_delivers to3'

2020-03-20 14:57:55 - [MESSAGE][PASSED] - Keys '*' sent to object: 'Object Repository/ADMIN/Edit Text/Bespoke/Seller Pages/Delivery Settings/input_delivers to3'

2020-03-20 14:57:55 - [TEST_STEP][PASSED] - sendKeys(findTestObject("ADMIN/Edit Text/Bespoke/Seller Pages/Delivery Settings/input_MINIMUM LEAD TIME_Minimum_lead_time"), "*"): Keys '*' sent to object: 'Object Repository/ADMIN/Edit Text/Bespoke/Seller Pages/Delivery Settings/input_MINIMUM LEAD TIME_Minimum_lead_time'

2020-03-20 14:57:55 - [MESSAGE][PASSED] - Keys '*' sent to object: 'Object Repository/ADMIN/Edit Text/Bespoke/Seller Pages/Delivery Settings/input_MINIMUM LEAD TIME_Minimum_lead_time'

2020-03-20 14:57:55 - [TEST_STEP][PASSED] - sendKeys(findTestObject("ADMIN/Edit Text/Bespoke/Seller Pages/Delivery Settings/input_WHERE ARE YOU DELIVERING FROM_Where_are_you_delivering_from"), "*"): Keys '*' sent to object: 'Object Repository/ADMIN/Edit Text/Bespoke/Seller Pages/Delivery Settings/input_WHERE ARE YOU DELIVERING FROM_Where_are_you_delivering_from'

2020-03-20 14:57:55 - [MESSAGE][PASSED] - Keys '*' sent to object: 'Object Repository/ADMIN/Edit Text/Bespoke/Seller Pages/Delivery Settings/input_WHERE ARE YOU DELIVERING FROM_Where_are_you_delivering_from'

2020-03-20 14:57:55 - [TEST_STEP][PASSED] - sendKeys(findTestObject("ADMIN/Edit Text/Bespoke/Seller Pages/Delivery Settings/input_Select if you would like to calculate shipping by total order weight or total order price_total_order_weight_or_total_order_price"), "*"): Keys '*' sent to object: 'Object Repository/ADMIN/Edit Text/Bespoke/Seller Pages/Delivery Settings/input_Select if you would like to calculate shipping by total order weight or total order price_total_order_weight_or_total_order_price'

2020-03-20 14:57:56 - [MESSAGE][PASSED] - Keys '*' sent to object: 'Object Repository/ADMIN/Edit Text/Bespoke/Seller Pages/Delivery Settings/input_Select if you would like to calculate shipping by total order weight or total order price_total_order_weight_or_total_order_price'

2020-03-20 14:57:56 - [TEST_STEP][PASSED] - sendKeys(findTestObject("ADMIN/Edit Text/Bespoke/Seller Pages/Delivery Settings/input_Weight_Weight"), "*"): Keys '*' sent to object: 'Object Repository/ADMIN/Edit Text/Bespoke/Seller Pages/Delivery Settings/input_Weight_Weight'

2020-03-20 14:57:56 - [MESSAGE][PASSED] - Keys '*' sent to object: 'Object Repository/ADMIN/Edit Text/Bespoke/Seller Pages/Delivery Settings/input_Weight_Weight'

2020-03-20 14:57:56 - [TEST_STEP][PASSED] - sendKeys(findTestObject("ADMIN/Edit Text/Bespoke/Seller Pages/Delivery Settings/input_Price_Price"), "*"): Keys '*' sent to object: 'Object Repository/ADMIN/Edit Text/Bespoke/Seller Pages/Delivery Settings/input_Price_Price'

2020-03-20 14:57:56 - [MESSAGE][PASSED] - Keys '*' sent to object: 'Object Repository/ADMIN/Edit Text/Bespoke/Seller Pages/Delivery Settings/input_Price_Price'

2020-03-20 14:57:56 - [TEST_STEP][PASSED] - sendKeys(findTestObject("ADMIN/Edit Text/Bespoke/Seller Pages/Delivery Settings/input_Delivery Rate(s)_DelDelivery_Rates"), "*"): Keys '*' sent to object: 'Object Repository/ADMIN/Edit Text/Bespoke/Seller Pages/Delivery Settings/input_Delivery Rate(s)_DelDelivery_Rates'

2020-03-20 14:57:56 - [MESSAGE][PASSED] - Keys '*' sent to object: 'Object Repository/ADMIN/Edit Text/Bespoke/Seller Pages/Delivery Settings/input_Delivery Rate(s)_DelDelivery_Rates'

2020-03-20 14:57:56 - [TEST_STEP][PASSED] - sendKeys(findTestObject("ADMIN/Edit Text/Bespoke/Seller Pages/Delivery Settings/input_NAME_Name (1)"), "*"): Keys '*' sent to object: 'Object Repository/ADMIN/Edit Text/Bespoke/Seller Pages/Delivery Settings/input_NAME_Name (1)'

2020-03-20 14:57:56 - [MESSAGE][PASSED] - Keys '*' sent to object: 'Object Repository/ADMIN/Edit Text/Bespoke/Seller Pages/Delivery Settings/input_NAME_Name (1)'

2020-03-20 14:57:56 - [TEST_STEP][PASSED] - sendKeys(findTestObject("ADMIN/Edit Text/Bespoke/Seller Pages/Delivery Settings/input_RANGE_Range (1)"), "*"): Keys '*' sent to object: 'Object Repository/ADMIN/Edit Text/Bespoke/Seller Pages/Delivery Settings/input_RANGE_Range (1)'

2020-03-20 14:57:57 - [MESSAGE][PASSED] - Keys '*' sent to object: 'Object Repository/ADMIN/Edit Text/Bespoke/Seller Pages/Delivery Settings/input_RANGE_Range (1)'

2020-03-20 14:57:57 - [TEST_STEP][PASSED] - sendKeys(findTestObject("ADMIN/Edit Text/Bespoke/Seller Pages/Delivery Settings/input_DELIVERY COST_Delivery_Cost (1)"), "*"): Keys '*' sent to object: 'Object Repository/ADMIN/Edit Text/Bespoke/Seller Pages/Delivery Settings/input_DELIVERY COST_Delivery_Cost (1)'

2020-03-20 14:57:57 - [MESSAGE][PASSED] - Keys '*' sent to object: 'Object Repository/ADMIN/Edit Text/Bespoke/Seller Pages/Delivery Settings/input_DELIVERY COST_Delivery_Cost (1)'

2020-03-20 14:57:57 - [TEST_STEP][PASSED] - sendKeys(findTestObject("ADMIN/Edit Text/Bespoke/Seller Pages/Delivery Settings/input_Onwards_Onwards"), "*"): Keys '*' sent to object: 'Object Repository/ADMIN/Edit Text/Bespoke/Seller Pages/Delivery Settings/input_Onwards_Onwards'

2020-03-20 14:57:57 - [MESSAGE][PASSED] - Keys '*' sent to object: 'Object Repository/ADMIN/Edit Text/Bespoke/Seller Pages/Delivery Settings/input_Onwards_Onwards'

2020-03-20 14:57:57 - [TEST_STEP][PASSED] - sendKeys(findTestObject("ADMIN/Edit Text/Bespoke/Seller Pages/Delivery Settings/input_Add Delivery Rate_Add_Delivery_Rate"), "*"): Keys '*' sent to object: 'Object Repository/ADMIN/Edit Text/Bespoke/Seller Pages/Delivery Settings/input_Add Delivery Rate_Add_Delivery_Rate'

2020-03-20 14:57:57 - [MESSAGE][PASSED] - Keys '*' sent to object: 'Object Repository/ADMIN/Edit Text/Bespoke/Seller Pages/Delivery Settings/input_Add Delivery Rate_Add_Delivery_Rate'

2020-03-20 14:57:57 - [TEST_STEP][PASSED] - sendKeys(findTestObject("ADMIN/Edit Text/Bespoke/Seller Pages/Delivery Settings/input_Delivery Rate Name (Buyers will not see this)_Delivery_Rate_Name"), "*"): Keys '*' sent to object: 'Object Repository/ADMIN/Edit Text/Bespoke/Seller Pages/Delivery Settings/input_Delivery Rate Name (Buyers will not see this)_Delivery_Rate_Name'

2020-03-20 14:57:57 - [MESSAGE][PASSED] - Keys '*' sent to object: 'Object Repository/ADMIN/Edit Text/Bespoke/Seller Pages/Delivery Settings/input_Delivery Rate Name (Buyers will not see this)_Delivery_Rate_Name'

2020-03-20 14:57:57 - [TEST_STEP][PASSED] - sendKeys(findTestObject("ADMIN/Edit Text/Bespoke/Seller Pages/Delivery Settings/input_To_To"), "*"): Keys '*' sent to object: 'Object Repository/ADMIN/Edit Text/Bespoke/Seller Pages/Delivery Settings/input_To_To'

2020-03-20 14:57:58 - [MESSAGE][PASSED] - Keys '*' sent to object: 'Object Repository/ADMIN/Edit Text/Bespoke/Seller Pages/Delivery Settings/input_To_To'

2020-03-20 14:57:58 - [TEST_STEP][PASSED] - sendKeys(findTestObject("ADMIN/Edit Text/Bespoke/Seller Pages/Delivery Settings/input_delivery cost4"), "*"): Keys '*' sent to object: 'Object Repository/ADMIN/Edit Text/Bespoke/Seller Pages/Delivery Settings/input_delivery cost4'

2020-03-20 14:57:58 - [MESSAGE][PASSED] - Keys '*' sent to object: 'Object Repository/ADMIN/Edit Text/Bespoke/Seller Pages/Delivery Settings/input_delivery cost4'

2020-03-20 14:57:58 - [TEST_STEP][PASSED] - sendKeys(findTestObject("ADMIN/Edit Text/Bespoke/Seller Pages/Delivery Settings/input_Save_Save"), "*"): Keys '*' sent to object: 'Object Repository/ADMIN/Edit Text/Bespoke/Seller Pages/Delivery Settings/input_Save_Save'

2020-03-20 14:57:58 - [MESSAGE][PASSED] - Keys '*' sent to object: 'Object Repository/ADMIN/Edit Text/Bespoke/Seller Pages/Delivery Settings/input_Save_Save'

2020-03-20 14:57:58 - [TEST_STEP][PASSED] - sendKeys(findTestObject("ADMIN/Edit Text/Bespoke/Seller Pages/Delivery Settings/input_Cancel_Cancel"), "*"): Keys '*' sent to object: 'Object Repository/ADMIN/Edit Text/Bespoke/Seller Pages/Delivery Settings/input_Cancel_Cancel'

2020-03-20 14:57:58 - [MESSAGE][PASSED] - Keys '*' sent to object: 'Object Repository/ADMIN/Edit Text/Bespoke/Seller Pages/Delivery Settings/input_Cancel_Cancel'

2020-03-20 14:57:58 - [TEST_STEP][PASSED] - click(findTestObject("ADMIN/Edit Text/Bespoke/Buyer Pages/Homepage/button_save"), CONTINUE_ON_FAILURE): Object: 'Object Repository/ADMIN/Edit Text/Bespoke/Buyer Pages/Homepage/button_save' is clicked on

2020-03-20 14:57:59 - [MESSAGE][PASSED] - Object: 'Object Repository/ADMIN/Edit Text/Bespoke/Buyer Pages/Homepage/button_save' is clicked on

2020-03-20 14:57:59 - [TEST_STEP][PASSED] - waitForElementVisible(findTestObject("ADMIN/Edit Text/Bespoke/Buyer Pages/Homepage/toaster_success"), 0): Object 'Object Repository/ADMIN/Edit Text/Bespoke/Buyer Pages/Homepage/toaster_success' is visible

2020-03-20 14:57:59 - [MESSAGE][WARNING] - Timeout '0' is invalid. Using default page load timeout: '30'

2020-03-20 14:57:59 - [MESSAGE][PASSED] - Object 'Object Repository/ADMIN/Edit Text/Bespoke/Buyer Pages/Homepage/toaster_success' is visible]]></system-out>
         <system-err><![CDATA[]]></system-err>
      </testcase>
      <testcase name="Test Cases/ADMIN/Language/Edit Text/Bespoke/Seller/Delivery Settings" time="12.997" classname="Test Cases/ADMIN/Language/Edit Text/Bespoke/Seller/Delivery Settings" status="PASSED">
         <system-out><![CDATA[2020-03-20 14:57:59 - [TEST_CASE][PASSED] - Test Cases/ADMIN/Language/Edit Text/Bespoke/Seller/Delivery Settings: Test Cases/ADMIN/Language/Edit Text/Bespoke/Seller/Delivery Settings

2020-03-20 14:57:59 - [TEST_STEP][PASSED] - waitForElementVisible(findTestObject("ADMIN/Edit Text/Bespoke/Buyer Navigation/dd_language"), 0): Object 'Object Repository/ADMIN/Edit Text/Bespoke/Buyer Navigation/dd_language' is visible

2020-03-20 14:57:59 - [MESSAGE][WARNING] - Timeout '0' is invalid. Using default page load timeout: '30'

2020-03-20 14:57:59 - [MESSAGE][PASSED] - Object 'Object Repository/ADMIN/Edit Text/Bespoke/Buyer Navigation/dd_language' is visible

2020-03-20 14:57:59 - [TEST_STEP][PASSED] - selectOptionByLabel(findTestObject("ADMIN/Edit Text/Bespoke/Buyer Navigation/dd_language"), varLanguage, false): All options with label 'Hindi' are selected in object 'Object Repository/ADMIN/Edit Text/Bespoke/Buyer Navigation/dd_language' 

2020-03-20 14:58:01 - [MESSAGE][PASSED] - All options with label 'Hindi' are selected in object 'Object Repository/ADMIN/Edit Text/Bespoke/Buyer Navigation/dd_language' 

2020-03-20 14:58:01 - [TEST_STEP][PASSED] - sendKeys(findTestObject("ADMIN/Edit Text/Bespoke/Seller Pages/Delivery Settings/input_DELIVERY SETTINGS_DELIVERY_SETTINGS"), "*"): Keys '*' sent to object: 'Object Repository/ADMIN/Edit Text/Bespoke/Seller Pages/Delivery Settings/input_DELIVERY SETTINGS_DELIVERY_SETTINGS'

2020-03-20 14:58:01 - [MESSAGE][PASSED] - Keys '*' sent to object: 'Object Repository/ADMIN/Edit Text/Bespoke/Seller Pages/Delivery Settings/input_DELIVERY SETTINGS_DELIVERY_SETTINGS'

2020-03-20 14:58:01 - [TEST_STEP][PASSED] - sendKeys(findTestObject("ADMIN/Edit Text/Bespoke/Seller Pages/Delivery Settings/input_add del or pickup"), "*"): Keys '*' sent to object: 'Object Repository/ADMIN/Edit Text/Bespoke/Seller Pages/Delivery Settings/input_add del or pickup'

2020-03-20 14:58:01 - [MESSAGE][PASSED] - Keys '*' sent to object: 'Object Repository/ADMIN/Edit Text/Bespoke/Seller Pages/Delivery Settings/input_add del or pickup'

2020-03-20 14:58:01 - [TEST_STEP][PASSED] - sendKeys(findTestObject("ADMIN/Edit Text/Bespoke/Seller Pages/Delivery Settings/input_DELIVERY OPTIONS_DELIVERY_OPTIONS"), "*"): Keys '*' sent to object: 'Object Repository/ADMIN/Edit Text/Bespoke/Seller Pages/Delivery Settings/input_DELIVERY OPTIONS_DELIVERY_OPTIONS'

2020-03-20 14:58:02 - [MESSAGE][PASSED] - Keys '*' sent to object: 'Object Repository/ADMIN/Edit Text/Bespoke/Seller Pages/Delivery Settings/input_DELIVERY OPTIONS_DELIVERY_OPTIONS'

2020-03-20 14:58:02 - [TEST_STEP][PASSED] - sendKeys(findTestObject("ADMIN/Edit Text/Bespoke/Seller Pages/Delivery Settings/input_Add Delivery Options_select_delivery_method"), "*"): Keys '*' sent to object: 'Object Repository/ADMIN/Edit Text/Bespoke/Seller Pages/Delivery Settings/input_Add Delivery Options_select_delivery_method'

2020-03-20 14:58:02 - [MESSAGE][PASSED] - Keys '*' sent to object: 'Object Repository/ADMIN/Edit Text/Bespoke/Seller Pages/Delivery Settings/input_Add Delivery Options_select_delivery_method'

2020-03-20 14:58:02 - [TEST_STEP][PASSED] - sendKeys(findTestObject("ADMIN/Edit Text/Bespoke/Seller Pages/Delivery Settings/input_Name_Name"), "*"): Keys '*' sent to object: 'Object Repository/ADMIN/Edit Text/Bespoke/Seller Pages/Delivery Settings/input_Name_Name'

2020-03-20 14:58:02 - [MESSAGE][PASSED] - Keys '*' sent to object: 'Object Repository/ADMIN/Edit Text/Bespoke/Seller Pages/Delivery Settings/input_Name_Name'

2020-03-20 14:58:02 - [TEST_STEP][PASSED] - sendKeys(findTestObject("ADMIN/Edit Text/Bespoke/Seller Pages/Delivery Settings/input_DELIVERS TO_DELIVERS_TO"), "*"): Keys '*' sent to object: 'Object Repository/ADMIN/Edit Text/Bespoke/Seller Pages/Delivery Settings/input_DELIVERS TO_DELIVERS_TO'

2020-03-20 14:58:03 - [MESSAGE][PASSED] - Keys '*' sent to object: 'Object Repository/ADMIN/Edit Text/Bespoke/Seller Pages/Delivery Settings/input_DELIVERS TO_DELIVERS_TO'

2020-03-20 14:58:03 - [TEST_STEP][PASSED] - sendKeys(findTestObject("ADMIN/Edit Text/Bespoke/Seller Pages/Delivery Settings/input_PICK-UP OPTIONS_PICK-UP_OPTIONS"), "*"): Keys '*' sent to object: 'Object Repository/ADMIN/Edit Text/Bespoke/Seller Pages/Delivery Settings/input_PICK-UP OPTIONS_PICK-UP_OPTIONS'

2020-03-20 14:58:03 - [MESSAGE][PASSED] - Keys '*' sent to object: 'Object Repository/ADMIN/Edit Text/Bespoke/Seller Pages/Delivery Settings/input_PICK-UP OPTIONS_PICK-UP_OPTIONS'

2020-03-20 14:58:03 - [TEST_STEP][PASSED] - sendKeys(findTestObject("ADMIN/Edit Text/Bespoke/Seller Pages/Delivery Settings/input_Add Pick-up Options_Add_Pick-up_Options"), "*"): Keys '*' sent to object: 'Object Repository/ADMIN/Edit Text/Bespoke/Seller Pages/Delivery Settings/input_Add Pick-up Options_Add_Pick-up_Options'

2020-03-20 14:58:03 - [MESSAGE][PASSED] - Keys '*' sent to object: 'Object Repository/ADMIN/Edit Text/Bespoke/Seller Pages/Delivery Settings/input_Add Pick-up Options_Add_Pick-up_Options'

2020-03-20 14:58:03 - [TEST_STEP][PASSED] - sendKeys(findTestObject("ADMIN/Edit Text/Bespoke/Seller Pages/Delivery Settings/input_Define the full address where the buyer can pick up from_delivery_desc_used"), "*"): Keys '*' sent to object: 'Object Repository/ADMIN/Edit Text/Bespoke/Seller Pages/Delivery Settings/input_Define the full address where the buyer can pick up from_delivery_desc_used'

2020-03-20 14:58:03 - [MESSAGE][PASSED] - Keys '*' sent to object: 'Object Repository/ADMIN/Edit Text/Bespoke/Seller Pages/Delivery Settings/input_Define the full address where the buyer can pick up from_delivery_desc_used'

2020-03-20 14:58:03 - [TEST_STEP][PASSED] - sendKeys(findTestObject("ADMIN/Edit Text/Bespoke/Seller Pages/Delivery Settings/input_Delivers to_Delivers_to (1)"), "*"): Keys '*' sent to object: 'Object Repository/ADMIN/Edit Text/Bespoke/Seller Pages/Delivery Settings/input_Delivers to_Delivers_to (1)'

2020-03-20 14:58:04 - [MESSAGE][PASSED] - Keys '*' sent to object: 'Object Repository/ADMIN/Edit Text/Bespoke/Seller Pages/Delivery Settings/input_Delivers to_Delivers_to (1)'

2020-03-20 14:58:04 - [TEST_STEP][PASSED] - sendKeys(findTestObject("ADMIN/Edit Text/Bespoke/Seller Pages/Delivery Settings/input_Shipping rate by_Shipping_rate_by"), "*"): Keys '*' sent to object: 'Object Repository/ADMIN/Edit Text/Bespoke/Seller Pages/Delivery Settings/input_Shipping rate by_Shipping_rate_by'

2020-03-20 14:58:04 - [MESSAGE][PASSED] - Keys '*' sent to object: 'Object Repository/ADMIN/Edit Text/Bespoke/Seller Pages/Delivery Settings/input_Shipping rate by_Shipping_rate_by'

2020-03-20 14:58:04 - [TEST_STEP][PASSED] - sendKeys(findTestObject("ADMIN/Edit Text/Bespoke/Seller Pages/Delivery Settings/input_Delivering from_Delivering_from"), "*"): Keys '*' sent to object: 'Object Repository/ADMIN/Edit Text/Bespoke/Seller Pages/Delivery Settings/input_Delivering from_Delivering_from'

2020-03-20 14:58:04 - [MESSAGE][PASSED] - Keys '*' sent to object: 'Object Repository/ADMIN/Edit Text/Bespoke/Seller Pages/Delivery Settings/input_Delivering from_Delivering_from'

2020-03-20 14:58:04 - [TEST_STEP][PASSED] - sendKeys(findTestObject("ADMIN/Edit Text/Bespoke/Seller Pages/Delivery Settings/input_Delivery rates(s)_Shipping_rate_by"), "*"): Keys '*' sent to object: 'Object Repository/ADMIN/Edit Text/Bespoke/Seller Pages/Delivery Settings/input_Delivery rates(s)_Shipping_rate_by'

2020-03-20 14:58:05 - [MESSAGE][PASSED] - Keys '*' sent to object: 'Object Repository/ADMIN/Edit Text/Bespoke/Seller Pages/Delivery Settings/input_Delivery rates(s)_Shipping_rate_by'

2020-03-20 14:58:05 - [TEST_STEP][PASSED] - sendKeys(findTestObject("ADMIN/Edit Text/Bespoke/Seller Pages/Delivery Settings/input_Name_Name1"), "*"): Keys '*' sent to object: 'Object Repository/ADMIN/Edit Text/Bespoke/Seller Pages/Delivery Settings/input_Name_Name1'

2020-03-20 14:58:05 - [MESSAGE][PASSED] - Keys '*' sent to object: 'Object Repository/ADMIN/Edit Text/Bespoke/Seller Pages/Delivery Settings/input_Name_Name1'

2020-03-20 14:58:05 - [TEST_STEP][PASSED] - sendKeys(findTestObject("ADMIN/Edit Text/Bespoke/Seller Pages/Delivery Settings/input_Range_Range"), "*"): Keys '*' sent to object: 'Object Repository/ADMIN/Edit Text/Bespoke/Seller Pages/Delivery Settings/input_Range_Range'

2020-03-20 14:58:05 - [MESSAGE][PASSED] - Keys '*' sent to object: 'Object Repository/ADMIN/Edit Text/Bespoke/Seller Pages/Delivery Settings/input_Range_Range'

2020-03-20 14:58:05 - [TEST_STEP][PASSED] - sendKeys(findTestObject("ADMIN/Edit Text/Bespoke/Seller Pages/Delivery Settings/input_Delivery Cost_Delivery_Cost"), "*"): Keys '*' sent to object: 'Object Repository/ADMIN/Edit Text/Bespoke/Seller Pages/Delivery Settings/input_Delivery Cost_Delivery_Cost'

2020-03-20 14:58:05 - [MESSAGE][PASSED] - Keys '*' sent to object: 'Object Repository/ADMIN/Edit Text/Bespoke/Seller Pages/Delivery Settings/input_Delivery Cost_Delivery_Cost'

2020-03-20 14:58:05 - [TEST_STEP][PASSED] - sendKeys(findTestObject("ADMIN/Edit Text/Bespoke/Seller Pages/Delivery Settings/input_Okay_Range"), "*"): Keys '*' sent to object: 'Object Repository/ADMIN/Edit Text/Bespoke/Seller Pages/Delivery Settings/input_Okay_Range'

2020-03-20 14:58:06 - [MESSAGE][PASSED] - Keys '*' sent to object: 'Object Repository/ADMIN/Edit Text/Bespoke/Seller Pages/Delivery Settings/input_Okay_Range'

2020-03-20 14:58:06 - [TEST_STEP][PASSED] - sendKeys(findTestObject("ADMIN/Edit Text/Bespoke/Seller Pages/Delivery Settings/input_ADDEDIT DELIVERY OPTION_Add_edit_delivery_option"), "*"): Keys '*' sent to object: 'Object Repository/ADMIN/Edit Text/Bespoke/Seller Pages/Delivery Settings/input_ADDEDIT DELIVERY OPTION_Add_edit_delivery_option'

2020-03-20 14:58:06 - [MESSAGE][PASSED] - Keys '*' sent to object: 'Object Repository/ADMIN/Edit Text/Bespoke/Seller Pages/Delivery Settings/input_ADDEDIT DELIVERY OPTION_Add_edit_delivery_option'

2020-03-20 14:58:06 - [TEST_STEP][PASSED] - sendKeys(findTestObject("ADMIN/Edit Text/Bespoke/Seller Pages/Delivery Settings/input_Define the locations available and the rates for the delivery option_Define_the_locations_available_and_the_rates_for_the_delivery_option"), "*"): Keys '*' sent to object: 'Object Repository/ADMIN/Edit Text/Bespoke/Seller Pages/Delivery Settings/input_Define the locations available and the rates for the delivery option_Define_the_locations_available_and_the_rates_for_the_delivery_option'

2020-03-20 14:58:06 - [MESSAGE][PASSED] - Keys '*' sent to object: 'Object Repository/ADMIN/Edit Text/Bespoke/Seller Pages/Delivery Settings/input_Define the locations available and the rates for the delivery option_Define_the_locations_available_and_the_rates_for_the_delivery_option'

2020-03-20 14:58:06 - [TEST_STEP][PASSED] - sendKeys(findTestObject("ADMIN/Edit Text/Bespoke/Seller Pages/Delivery Settings/input_DELIVERY OPTION SETTINGS_DELIVERY_OPTIONS_SETTINGS"), "*"): Keys '*' sent to object: 'Object Repository/ADMIN/Edit Text/Bespoke/Seller Pages/Delivery Settings/input_DELIVERY OPTION SETTINGS_DELIVERY_OPTIONS_SETTINGS'

2020-03-20 14:58:06 - [MESSAGE][PASSED] - Keys '*' sent to object: 'Object Repository/ADMIN/Edit Text/Bespoke/Seller Pages/Delivery Settings/input_DELIVERY OPTION SETTINGS_DELIVERY_OPTIONS_SETTINGS'

2020-03-20 14:58:06 - [TEST_STEP][PASSED] - sendKeys(findTestObject("ADMIN/Edit Text/Bespoke/Seller Pages/Delivery Settings/input_DELIVERY OPTION NAME_DELIVERY_OPTION_NAME"), "*"): Keys '*' sent to object: 'Object Repository/ADMIN/Edit Text/Bespoke/Seller Pages/Delivery Settings/input_DELIVERY OPTION NAME_DELIVERY_OPTION_NAME'

2020-03-20 14:58:06 - [MESSAGE][PASSED] - Keys '*' sent to object: 'Object Repository/ADMIN/Edit Text/Bespoke/Seller Pages/Delivery Settings/input_DELIVERY OPTION NAME_DELIVERY_OPTION_NAME'

2020-03-20 14:58:06 - [TEST_STEP][PASSED] - sendKeys(findTestObject("ADMIN/Edit Text/Bespoke/Seller Pages/Delivery Settings/input_delivers to3"), "*"): Keys '*' sent to object: 'Object Repository/ADMIN/Edit Text/Bespoke/Seller Pages/Delivery Settings/input_delivers to3'

2020-03-20 14:58:07 - [MESSAGE][PASSED] - Keys '*' sent to object: 'Object Repository/ADMIN/Edit Text/Bespoke/Seller Pages/Delivery Settings/input_delivers to3'

2020-03-20 14:58:07 - [TEST_STEP][PASSED] - sendKeys(findTestObject("ADMIN/Edit Text/Bespoke/Seller Pages/Delivery Settings/input_MINIMUM LEAD TIME_Minimum_lead_time"), "*"): Keys '*' sent to object: 'Object Repository/ADMIN/Edit Text/Bespoke/Seller Pages/Delivery Settings/input_MINIMUM LEAD TIME_Minimum_lead_time'

2020-03-20 14:58:07 - [MESSAGE][PASSED] - Keys '*' sent to object: 'Object Repository/ADMIN/Edit Text/Bespoke/Seller Pages/Delivery Settings/input_MINIMUM LEAD TIME_Minimum_lead_time'

2020-03-20 14:58:07 - [TEST_STEP][PASSED] - sendKeys(findTestObject("ADMIN/Edit Text/Bespoke/Seller Pages/Delivery Settings/input_WHERE ARE YOU DELIVERING FROM_Where_are_you_delivering_from"), "*"): Keys '*' sent to object: 'Object Repository/ADMIN/Edit Text/Bespoke/Seller Pages/Delivery Settings/input_WHERE ARE YOU DELIVERING FROM_Where_are_you_delivering_from'

2020-03-20 14:58:07 - [MESSAGE][PASSED] - Keys '*' sent to object: 'Object Repository/ADMIN/Edit Text/Bespoke/Seller Pages/Delivery Settings/input_WHERE ARE YOU DELIVERING FROM_Where_are_you_delivering_from'

2020-03-20 14:58:07 - [TEST_STEP][PASSED] - sendKeys(findTestObject("ADMIN/Edit Text/Bespoke/Seller Pages/Delivery Settings/input_Select if you would like to calculate shipping by total order weight or total order price_total_order_weight_or_total_order_price"), "*"): Keys '*' sent to object: 'Object Repository/ADMIN/Edit Text/Bespoke/Seller Pages/Delivery Settings/input_Select if you would like to calculate shipping by total order weight or total order price_total_order_weight_or_total_order_price'

2020-03-20 14:58:08 - [MESSAGE][PASSED] - Keys '*' sent to object: 'Object Repository/ADMIN/Edit Text/Bespoke/Seller Pages/Delivery Settings/input_Select if you would like to calculate shipping by total order weight or total order price_total_order_weight_or_total_order_price'

2020-03-20 14:58:08 - [TEST_STEP][PASSED] - sendKeys(findTestObject("ADMIN/Edit Text/Bespoke/Seller Pages/Delivery Settings/input_Weight_Weight"), "*"): Keys '*' sent to object: 'Object Repository/ADMIN/Edit Text/Bespoke/Seller Pages/Delivery Settings/input_Weight_Weight'

2020-03-20 14:58:08 - [MESSAGE][PASSED] - Keys '*' sent to object: 'Object Repository/ADMIN/Edit Text/Bespoke/Seller Pages/Delivery Settings/input_Weight_Weight'

2020-03-20 14:58:08 - [TEST_STEP][PASSED] - sendKeys(findTestObject("ADMIN/Edit Text/Bespoke/Seller Pages/Delivery Settings/input_Price_Price"), "*"): Keys '*' sent to object: 'Object Repository/ADMIN/Edit Text/Bespoke/Seller Pages/Delivery Settings/input_Price_Price'

2020-03-20 14:58:08 - [MESSAGE][PASSED] - Keys '*' sent to object: 'Object Repository/ADMIN/Edit Text/Bespoke/Seller Pages/Delivery Settings/input_Price_Price'

2020-03-20 14:58:08 - [TEST_STEP][PASSED] - sendKeys(findTestObject("ADMIN/Edit Text/Bespoke/Seller Pages/Delivery Settings/input_Delivery Rate(s)_DelDelivery_Rates"), "*"): Keys '*' sent to object: 'Object Repository/ADMIN/Edit Text/Bespoke/Seller Pages/Delivery Settings/input_Delivery Rate(s)_DelDelivery_Rates'

2020-03-20 14:58:09 - [MESSAGE][PASSED] - Keys '*' sent to object: 'Object Repository/ADMIN/Edit Text/Bespoke/Seller Pages/Delivery Settings/input_Delivery Rate(s)_DelDelivery_Rates'

2020-03-20 14:58:09 - [TEST_STEP][PASSED] - sendKeys(findTestObject("ADMIN/Edit Text/Bespoke/Seller Pages/Delivery Settings/input_NAME_Name (1)"), "*"): Keys '*' sent to object: 'Object Repository/ADMIN/Edit Text/Bespoke/Seller Pages/Delivery Settings/input_NAME_Name (1)'

2020-03-20 14:58:09 - [MESSAGE][PASSED] - Keys '*' sent to object: 'Object Repository/ADMIN/Edit Text/Bespoke/Seller Pages/Delivery Settings/input_NAME_Name (1)'

2020-03-20 14:58:09 - [TEST_STEP][PASSED] - sendKeys(findTestObject("ADMIN/Edit Text/Bespoke/Seller Pages/Delivery Settings/input_RANGE_Range (1)"), "*"): Keys '*' sent to object: 'Object Repository/ADMIN/Edit Text/Bespoke/Seller Pages/Delivery Settings/input_RANGE_Range (1)'

2020-03-20 14:58:09 - [MESSAGE][PASSED] - Keys '*' sent to object: 'Object Repository/ADMIN/Edit Text/Bespoke/Seller Pages/Delivery Settings/input_RANGE_Range (1)'

2020-03-20 14:58:09 - [TEST_STEP][PASSED] - sendKeys(findTestObject("ADMIN/Edit Text/Bespoke/Seller Pages/Delivery Settings/input_DELIVERY COST_Delivery_Cost (1)"), "*"): Keys '*' sent to object: 'Object Repository/ADMIN/Edit Text/Bespoke/Seller Pages/Delivery Settings/input_DELIVERY COST_Delivery_Cost (1)'

2020-03-20 14:58:09 - [MESSAGE][PASSED] - Keys '*' sent to object: 'Object Repository/ADMIN/Edit Text/Bespoke/Seller Pages/Delivery Settings/input_DELIVERY COST_Delivery_Cost (1)'

2020-03-20 14:58:09 - [TEST_STEP][PASSED] - sendKeys(findTestObject("ADMIN/Edit Text/Bespoke/Seller Pages/Delivery Settings/input_Onwards_Onwards"), "*"): Keys '*' sent to object: 'Object Repository/ADMIN/Edit Text/Bespoke/Seller Pages/Delivery Settings/input_Onwards_Onwards'

2020-03-20 14:58:10 - [MESSAGE][PASSED] - Keys '*' sent to object: 'Object Repository/ADMIN/Edit Text/Bespoke/Seller Pages/Delivery Settings/input_Onwards_Onwards'

2020-03-20 14:58:10 - [TEST_STEP][PASSED] - sendKeys(findTestObject("ADMIN/Edit Text/Bespoke/Seller Pages/Delivery Settings/input_Add Delivery Rate_Add_Delivery_Rate"), "*"): Keys '*' sent to object: 'Object Repository/ADMIN/Edit Text/Bespoke/Seller Pages/Delivery Settings/input_Add Delivery Rate_Add_Delivery_Rate'

2020-03-20 14:58:10 - [MESSAGE][PASSED] - Keys '*' sent to object: 'Object Repository/ADMIN/Edit Text/Bespoke/Seller Pages/Delivery Settings/input_Add Delivery Rate_Add_Delivery_Rate'

2020-03-20 14:58:10 - [TEST_STEP][PASSED] - sendKeys(findTestObject("ADMIN/Edit Text/Bespoke/Seller Pages/Delivery Settings/input_Delivery Rate Name (Buyers will not see this)_Delivery_Rate_Name"), "*"): Keys '*' sent to object: 'Object Repository/ADMIN/Edit Text/Bespoke/Seller Pages/Delivery Settings/input_Delivery Rate Name (Buyers will not see this)_Delivery_Rate_Name'

2020-03-20 14:58:10 - [MESSAGE][PASSED] - Keys '*' sent to object: 'Object Repository/ADMIN/Edit Text/Bespoke/Seller Pages/Delivery Settings/input_Delivery Rate Name (Buyers will not see this)_Delivery_Rate_Name'

2020-03-20 14:58:10 - [TEST_STEP][PASSED] - sendKeys(findTestObject("ADMIN/Edit Text/Bespoke/Seller Pages/Delivery Settings/input_To_To"), "*"): Keys '*' sent to object: 'Object Repository/ADMIN/Edit Text/Bespoke/Seller Pages/Delivery Settings/input_To_To'

2020-03-20 14:58:10 - [MESSAGE][PASSED] - Keys '*' sent to object: 'Object Repository/ADMIN/Edit Text/Bespoke/Seller Pages/Delivery Settings/input_To_To'

2020-03-20 14:58:10 - [TEST_STEP][PASSED] - sendKeys(findTestObject("ADMIN/Edit Text/Bespoke/Seller Pages/Delivery Settings/input_delivery cost4"), "*"): Keys '*' sent to object: 'Object Repository/ADMIN/Edit Text/Bespoke/Seller Pages/Delivery Settings/input_delivery cost4'

2020-03-20 14:58:11 - [MESSAGE][PASSED] - Keys '*' sent to object: 'Object Repository/ADMIN/Edit Text/Bespoke/Seller Pages/Delivery Settings/input_delivery cost4'

2020-03-20 14:58:11 - [TEST_STEP][PASSED] - sendKeys(findTestObject("ADMIN/Edit Text/Bespoke/Seller Pages/Delivery Settings/input_Save_Save"), "*"): Keys '*' sent to object: 'Object Repository/ADMIN/Edit Text/Bespoke/Seller Pages/Delivery Settings/input_Save_Save'

2020-03-20 14:58:11 - [MESSAGE][PASSED] - Keys '*' sent to object: 'Object Repository/ADMIN/Edit Text/Bespoke/Seller Pages/Delivery Settings/input_Save_Save'

2020-03-20 14:58:11 - [TEST_STEP][PASSED] - sendKeys(findTestObject("ADMIN/Edit Text/Bespoke/Seller Pages/Delivery Settings/input_Cancel_Cancel"), "*"): Keys '*' sent to object: 'Object Repository/ADMIN/Edit Text/Bespoke/Seller Pages/Delivery Settings/input_Cancel_Cancel'

2020-03-20 14:58:11 - [MESSAGE][PASSED] - Keys '*' sent to object: 'Object Repository/ADMIN/Edit Text/Bespoke/Seller Pages/Delivery Settings/input_Cancel_Cancel'

2020-03-20 14:58:11 - [TEST_STEP][PASSED] - click(findTestObject("ADMIN/Edit Text/Bespoke/Buyer Pages/Homepage/button_save"), CONTINUE_ON_FAILURE): Object: 'Object Repository/ADMIN/Edit Text/Bespoke/Buyer Pages/Homepage/button_save' is clicked on

2020-03-20 14:58:11 - [MESSAGE][PASSED] - Object: 'Object Repository/ADMIN/Edit Text/Bespoke/Buyer Pages/Homepage/button_save' is clicked on

2020-03-20 14:58:11 - [TEST_STEP][PASSED] - waitForElementVisible(findTestObject("ADMIN/Edit Text/Bespoke/Buyer Pages/Homepage/toaster_success"), 0): Object 'Object Repository/ADMIN/Edit Text/Bespoke/Buyer Pages/Homepage/toaster_success' is visible

2020-03-20 14:58:11 - [MESSAGE][WARNING] - Timeout '0' is invalid. Using default page load timeout: '30'

2020-03-20 14:58:12 - [MESSAGE][PASSED] - Object 'Object Repository/ADMIN/Edit Text/Bespoke/Buyer Pages/Homepage/toaster_success' is visible]]></system-out>
         <system-err><![CDATA[]]></system-err>
      </testcase>
      <testcase name="Test Cases/ADMIN/Language/Edit Text/Bespoke/Seller/Delivery Settings" time="13.357" classname="Test Cases/ADMIN/Language/Edit Text/Bespoke/Seller/Delivery Settings" status="PASSED">
         <system-out><![CDATA[2020-03-20 14:58:12 - [TEST_CASE][PASSED] - Test Cases/ADMIN/Language/Edit Text/Bespoke/Seller/Delivery Settings: Test Cases/ADMIN/Language/Edit Text/Bespoke/Seller/Delivery Settings

2020-03-20 14:58:12 - [TEST_STEP][PASSED] - waitForElementVisible(findTestObject("ADMIN/Edit Text/Bespoke/Buyer Navigation/dd_language"), 0): Object 'Object Repository/ADMIN/Edit Text/Bespoke/Buyer Navigation/dd_language' is visible

2020-03-20 14:58:12 - [MESSAGE][WARNING] - Timeout '0' is invalid. Using default page load timeout: '30'

2020-03-20 14:58:13 - [MESSAGE][PASSED] - Object 'Object Repository/ADMIN/Edit Text/Bespoke/Buyer Navigation/dd_language' is visible

2020-03-20 14:58:13 - [TEST_STEP][PASSED] - selectOptionByLabel(findTestObject("ADMIN/Edit Text/Bespoke/Buyer Navigation/dd_language"), varLanguage, false): All options with label 'German' are selected in object 'Object Repository/ADMIN/Edit Text/Bespoke/Buyer Navigation/dd_language' 

2020-03-20 14:58:14 - [MESSAGE][PASSED] - All options with label 'German' are selected in object 'Object Repository/ADMIN/Edit Text/Bespoke/Buyer Navigation/dd_language' 

2020-03-20 14:58:14 - [TEST_STEP][PASSED] - sendKeys(findTestObject("ADMIN/Edit Text/Bespoke/Seller Pages/Delivery Settings/input_DELIVERY SETTINGS_DELIVERY_SETTINGS"), "*"): Keys '*' sent to object: 'Object Repository/ADMIN/Edit Text/Bespoke/Seller Pages/Delivery Settings/input_DELIVERY SETTINGS_DELIVERY_SETTINGS'

2020-03-20 14:58:14 - [MESSAGE][PASSED] - Keys '*' sent to object: 'Object Repository/ADMIN/Edit Text/Bespoke/Seller Pages/Delivery Settings/input_DELIVERY SETTINGS_DELIVERY_SETTINGS'

2020-03-20 14:58:14 - [TEST_STEP][PASSED] - sendKeys(findTestObject("ADMIN/Edit Text/Bespoke/Seller Pages/Delivery Settings/input_add del or pickup"), "*"): Keys '*' sent to object: 'Object Repository/ADMIN/Edit Text/Bespoke/Seller Pages/Delivery Settings/input_add del or pickup'

2020-03-20 14:58:14 - [MESSAGE][PASSED] - Keys '*' sent to object: 'Object Repository/ADMIN/Edit Text/Bespoke/Seller Pages/Delivery Settings/input_add del or pickup'

2020-03-20 14:58:14 - [TEST_STEP][PASSED] - sendKeys(findTestObject("ADMIN/Edit Text/Bespoke/Seller Pages/Delivery Settings/input_DELIVERY OPTIONS_DELIVERY_OPTIONS"), "*"): Keys '*' sent to object: 'Object Repository/ADMIN/Edit Text/Bespoke/Seller Pages/Delivery Settings/input_DELIVERY OPTIONS_DELIVERY_OPTIONS'

2020-03-20 14:58:15 - [MESSAGE][PASSED] - Keys '*' sent to object: 'Object Repository/ADMIN/Edit Text/Bespoke/Seller Pages/Delivery Settings/input_DELIVERY OPTIONS_DELIVERY_OPTIONS'

2020-03-20 14:58:15 - [TEST_STEP][PASSED] - sendKeys(findTestObject("ADMIN/Edit Text/Bespoke/Seller Pages/Delivery Settings/input_Add Delivery Options_select_delivery_method"), "*"): Keys '*' sent to object: 'Object Repository/ADMIN/Edit Text/Bespoke/Seller Pages/Delivery Settings/input_Add Delivery Options_select_delivery_method'

2020-03-20 14:58:15 - [MESSAGE][PASSED] - Keys '*' sent to object: 'Object Repository/ADMIN/Edit Text/Bespoke/Seller Pages/Delivery Settings/input_Add Delivery Options_select_delivery_method'

2020-03-20 14:58:15 - [TEST_STEP][PASSED] - sendKeys(findTestObject("ADMIN/Edit Text/Bespoke/Seller Pages/Delivery Settings/input_Name_Name"), "*"): Keys '*' sent to object: 'Object Repository/ADMIN/Edit Text/Bespoke/Seller Pages/Delivery Settings/input_Name_Name'

2020-03-20 14:58:16 - [MESSAGE][PASSED] - Keys '*' sent to object: 'Object Repository/ADMIN/Edit Text/Bespoke/Seller Pages/Delivery Settings/input_Name_Name'

2020-03-20 14:58:16 - [TEST_STEP][PASSED] - sendKeys(findTestObject("ADMIN/Edit Text/Bespoke/Seller Pages/Delivery Settings/input_DELIVERS TO_DELIVERS_TO"), "*"): Keys '*' sent to object: 'Object Repository/ADMIN/Edit Text/Bespoke/Seller Pages/Delivery Settings/input_DELIVERS TO_DELIVERS_TO'

2020-03-20 14:58:16 - [MESSAGE][PASSED] - Keys '*' sent to object: 'Object Repository/ADMIN/Edit Text/Bespoke/Seller Pages/Delivery Settings/input_DELIVERS TO_DELIVERS_TO'

2020-03-20 14:58:16 - [TEST_STEP][PASSED] - sendKeys(findTestObject("ADMIN/Edit Text/Bespoke/Seller Pages/Delivery Settings/input_PICK-UP OPTIONS_PICK-UP_OPTIONS"), "*"): Keys '*' sent to object: 'Object Repository/ADMIN/Edit Text/Bespoke/Seller Pages/Delivery Settings/input_PICK-UP OPTIONS_PICK-UP_OPTIONS'

2020-03-20 14:58:16 - [MESSAGE][PASSED] - Keys '*' sent to object: 'Object Repository/ADMIN/Edit Text/Bespoke/Seller Pages/Delivery Settings/input_PICK-UP OPTIONS_PICK-UP_OPTIONS'

2020-03-20 14:58:16 - [TEST_STEP][PASSED] - sendKeys(findTestObject("ADMIN/Edit Text/Bespoke/Seller Pages/Delivery Settings/input_Add Pick-up Options_Add_Pick-up_Options"), "*"): Keys '*' sent to object: 'Object Repository/ADMIN/Edit Text/Bespoke/Seller Pages/Delivery Settings/input_Add Pick-up Options_Add_Pick-up_Options'

2020-03-20 14:58:17 - [MESSAGE][PASSED] - Keys '*' sent to object: 'Object Repository/ADMIN/Edit Text/Bespoke/Seller Pages/Delivery Settings/input_Add Pick-up Options_Add_Pick-up_Options'

2020-03-20 14:58:17 - [TEST_STEP][PASSED] - sendKeys(findTestObject("ADMIN/Edit Text/Bespoke/Seller Pages/Delivery Settings/input_Define the full address where the buyer can pick up from_delivery_desc_used"), "*"): Keys '*' sent to object: 'Object Repository/ADMIN/Edit Text/Bespoke/Seller Pages/Delivery Settings/input_Define the full address where the buyer can pick up from_delivery_desc_used'

2020-03-20 14:58:17 - [MESSAGE][PASSED] - Keys '*' sent to object: 'Object Repository/ADMIN/Edit Text/Bespoke/Seller Pages/Delivery Settings/input_Define the full address where the buyer can pick up from_delivery_desc_used'

2020-03-20 14:58:17 - [TEST_STEP][PASSED] - sendKeys(findTestObject("ADMIN/Edit Text/Bespoke/Seller Pages/Delivery Settings/input_Delivers to_Delivers_to (1)"), "*"): Keys '*' sent to object: 'Object Repository/ADMIN/Edit Text/Bespoke/Seller Pages/Delivery Settings/input_Delivers to_Delivers_to (1)'

2020-03-20 14:58:17 - [MESSAGE][PASSED] - Keys '*' sent to object: 'Object Repository/ADMIN/Edit Text/Bespoke/Seller Pages/Delivery Settings/input_Delivers to_Delivers_to (1)'

2020-03-20 14:58:17 - [TEST_STEP][PASSED] - sendKeys(findTestObject("ADMIN/Edit Text/Bespoke/Seller Pages/Delivery Settings/input_Shipping rate by_Shipping_rate_by"), "*"): Keys '*' sent to object: 'Object Repository/ADMIN/Edit Text/Bespoke/Seller Pages/Delivery Settings/input_Shipping rate by_Shipping_rate_by'

2020-03-20 14:58:18 - [MESSAGE][PASSED] - Keys '*' sent to object: 'Object Repository/ADMIN/Edit Text/Bespoke/Seller Pages/Delivery Settings/input_Shipping rate by_Shipping_rate_by'

2020-03-20 14:58:18 - [TEST_STEP][PASSED] - sendKeys(findTestObject("ADMIN/Edit Text/Bespoke/Seller Pages/Delivery Settings/input_Delivering from_Delivering_from"), "*"): Keys '*' sent to object: 'Object Repository/ADMIN/Edit Text/Bespoke/Seller Pages/Delivery Settings/input_Delivering from_Delivering_from'

2020-03-20 14:58:18 - [MESSAGE][PASSED] - Keys '*' sent to object: 'Object Repository/ADMIN/Edit Text/Bespoke/Seller Pages/Delivery Settings/input_Delivering from_Delivering_from'

2020-03-20 14:58:18 - [TEST_STEP][PASSED] - sendKeys(findTestObject("ADMIN/Edit Text/Bespoke/Seller Pages/Delivery Settings/input_Delivery rates(s)_Shipping_rate_by"), "*"): Keys '*' sent to object: 'Object Repository/ADMIN/Edit Text/Bespoke/Seller Pages/Delivery Settings/input_Delivery rates(s)_Shipping_rate_by'

2020-03-20 14:58:18 - [MESSAGE][PASSED] - Keys '*' sent to object: 'Object Repository/ADMIN/Edit Text/Bespoke/Seller Pages/Delivery Settings/input_Delivery rates(s)_Shipping_rate_by'

2020-03-20 14:58:18 - [TEST_STEP][PASSED] - sendKeys(findTestObject("ADMIN/Edit Text/Bespoke/Seller Pages/Delivery Settings/input_Name_Name1"), "*"): Keys '*' sent to object: 'Object Repository/ADMIN/Edit Text/Bespoke/Seller Pages/Delivery Settings/input_Name_Name1'

2020-03-20 14:58:19 - [MESSAGE][PASSED] - Keys '*' sent to object: 'Object Repository/ADMIN/Edit Text/Bespoke/Seller Pages/Delivery Settings/input_Name_Name1'

2020-03-20 14:58:19 - [TEST_STEP][PASSED] - sendKeys(findTestObject("ADMIN/Edit Text/Bespoke/Seller Pages/Delivery Settings/input_Range_Range"), "*"): Keys '*' sent to object: 'Object Repository/ADMIN/Edit Text/Bespoke/Seller Pages/Delivery Settings/input_Range_Range'

2020-03-20 14:58:19 - [MESSAGE][PASSED] - Keys '*' sent to object: 'Object Repository/ADMIN/Edit Text/Bespoke/Seller Pages/Delivery Settings/input_Range_Range'

2020-03-20 14:58:19 - [TEST_STEP][PASSED] - sendKeys(findTestObject("ADMIN/Edit Text/Bespoke/Seller Pages/Delivery Settings/input_Delivery Cost_Delivery_Cost"), "*"): Keys '*' sent to object: 'Object Repository/ADMIN/Edit Text/Bespoke/Seller Pages/Delivery Settings/input_Delivery Cost_Delivery_Cost'

2020-03-20 14:58:20 - [MESSAGE][PASSED] - Keys '*' sent to object: 'Object Repository/ADMIN/Edit Text/Bespoke/Seller Pages/Delivery Settings/input_Delivery Cost_Delivery_Cost'

2020-03-20 14:58:20 - [TEST_STEP][PASSED] - sendKeys(findTestObject("ADMIN/Edit Text/Bespoke/Seller Pages/Delivery Settings/input_Okay_Range"), "*"): Keys '*' sent to object: 'Object Repository/ADMIN/Edit Text/Bespoke/Seller Pages/Delivery Settings/input_Okay_Range'

2020-03-20 14:58:20 - [MESSAGE][PASSED] - Keys '*' sent to object: 'Object Repository/ADMIN/Edit Text/Bespoke/Seller Pages/Delivery Settings/input_Okay_Range'

2020-03-20 14:58:20 - [TEST_STEP][PASSED] - sendKeys(findTestObject("ADMIN/Edit Text/Bespoke/Seller Pages/Delivery Settings/input_ADDEDIT DELIVERY OPTION_Add_edit_delivery_option"), "*"): Keys '*' sent to object: 'Object Repository/ADMIN/Edit Text/Bespoke/Seller Pages/Delivery Settings/input_ADDEDIT DELIVERY OPTION_Add_edit_delivery_option'

2020-03-20 14:58:20 - [MESSAGE][PASSED] - Keys '*' sent to object: 'Object Repository/ADMIN/Edit Text/Bespoke/Seller Pages/Delivery Settings/input_ADDEDIT DELIVERY OPTION_Add_edit_delivery_option'

2020-03-20 14:58:20 - [TEST_STEP][PASSED] - sendKeys(findTestObject("ADMIN/Edit Text/Bespoke/Seller Pages/Delivery Settings/input_Define the locations available and the rates for the delivery option_Define_the_locations_available_and_the_rates_for_the_delivery_option"), "*"): Keys '*' sent to object: 'Object Repository/ADMIN/Edit Text/Bespoke/Seller Pages/Delivery Settings/input_Define the locations available and the rates for the delivery option_Define_the_locations_available_and_the_rates_for_the_delivery_option'

2020-03-20 14:58:20 - [MESSAGE][PASSED] - Keys '*' sent to object: 'Object Repository/ADMIN/Edit Text/Bespoke/Seller Pages/Delivery Settings/input_Define the locations available and the rates for the delivery option_Define_the_locations_available_and_the_rates_for_the_delivery_option'

2020-03-20 14:58:20 - [TEST_STEP][PASSED] - sendKeys(findTestObject("ADMIN/Edit Text/Bespoke/Seller Pages/Delivery Settings/input_DELIVERY OPTION SETTINGS_DELIVERY_OPTIONS_SETTINGS"), "*"): Keys '*' sent to object: 'Object Repository/ADMIN/Edit Text/Bespoke/Seller Pages/Delivery Settings/input_DELIVERY OPTION SETTINGS_DELIVERY_OPTIONS_SETTINGS'

2020-03-20 14:58:21 - [MESSAGE][PASSED] - Keys '*' sent to object: 'Object Repository/ADMIN/Edit Text/Bespoke/Seller Pages/Delivery Settings/input_DELIVERY OPTION SETTINGS_DELIVERY_OPTIONS_SETTINGS'

2020-03-20 14:58:21 - [TEST_STEP][PASSED] - sendKeys(findTestObject("ADMIN/Edit Text/Bespoke/Seller Pages/Delivery Settings/input_DELIVERY OPTION NAME_DELIVERY_OPTION_NAME"), "*"): Keys '*' sent to object: 'Object Repository/ADMIN/Edit Text/Bespoke/Seller Pages/Delivery Settings/input_DELIVERY OPTION NAME_DELIVERY_OPTION_NAME'

2020-03-20 14:58:21 - [MESSAGE][PASSED] - Keys '*' sent to object: 'Object Repository/ADMIN/Edit Text/Bespoke/Seller Pages/Delivery Settings/input_DELIVERY OPTION NAME_DELIVERY_OPTION_NAME'

2020-03-20 14:58:21 - [TEST_STEP][PASSED] - sendKeys(findTestObject("ADMIN/Edit Text/Bespoke/Seller Pages/Delivery Settings/input_delivers to3"), "*"): Keys '*' sent to object: 'Object Repository/ADMIN/Edit Text/Bespoke/Seller Pages/Delivery Settings/input_delivers to3'

2020-03-20 14:58:21 - [MESSAGE][PASSED] - Keys '*' sent to object: 'Object Repository/ADMIN/Edit Text/Bespoke/Seller Pages/Delivery Settings/input_delivers to3'

2020-03-20 14:58:21 - [TEST_STEP][PASSED] - sendKeys(findTestObject("ADMIN/Edit Text/Bespoke/Seller Pages/Delivery Settings/input_MINIMUM LEAD TIME_Minimum_lead_time"), "*"): Keys '*' sent to object: 'Object Repository/ADMIN/Edit Text/Bespoke/Seller Pages/Delivery Settings/input_MINIMUM LEAD TIME_Minimum_lead_time'

2020-03-20 14:58:21 - [MESSAGE][PASSED] - Keys '*' sent to object: 'Object Repository/ADMIN/Edit Text/Bespoke/Seller Pages/Delivery Settings/input_MINIMUM LEAD TIME_Minimum_lead_time'

2020-03-20 14:58:21 - [TEST_STEP][PASSED] - sendKeys(findTestObject("ADMIN/Edit Text/Bespoke/Seller Pages/Delivery Settings/input_WHERE ARE YOU DELIVERING FROM_Where_are_you_delivering_from"), "*"): Keys '*' sent to object: 'Object Repository/ADMIN/Edit Text/Bespoke/Seller Pages/Delivery Settings/input_WHERE ARE YOU DELIVERING FROM_Where_are_you_delivering_from'

2020-03-20 14:58:21 - [MESSAGE][PASSED] - Keys '*' sent to object: 'Object Repository/ADMIN/Edit Text/Bespoke/Seller Pages/Delivery Settings/input_WHERE ARE YOU DELIVERING FROM_Where_are_you_delivering_from'

2020-03-20 14:58:21 - [TEST_STEP][PASSED] - sendKeys(findTestObject("ADMIN/Edit Text/Bespoke/Seller Pages/Delivery Settings/input_Select if you would like to calculate shipping by total order weight or total order price_total_order_weight_or_total_order_price"), "*"): Keys '*' sent to object: 'Object Repository/ADMIN/Edit Text/Bespoke/Seller Pages/Delivery Settings/input_Select if you would like to calculate shipping by total order weight or total order price_total_order_weight_or_total_order_price'

2020-03-20 14:58:22 - [MESSAGE][PASSED] - Keys '*' sent to object: 'Object Repository/ADMIN/Edit Text/Bespoke/Seller Pages/Delivery Settings/input_Select if you would like to calculate shipping by total order weight or total order price_total_order_weight_or_total_order_price'

2020-03-20 14:58:22 - [TEST_STEP][PASSED] - sendKeys(findTestObject("ADMIN/Edit Text/Bespoke/Seller Pages/Delivery Settings/input_Weight_Weight"), "*"): Keys '*' sent to object: 'Object Repository/ADMIN/Edit Text/Bespoke/Seller Pages/Delivery Settings/input_Weight_Weight'

2020-03-20 14:58:22 - [MESSAGE][PASSED] - Keys '*' sent to object: 'Object Repository/ADMIN/Edit Text/Bespoke/Seller Pages/Delivery Settings/input_Weight_Weight'

2020-03-20 14:58:22 - [TEST_STEP][PASSED] - sendKeys(findTestObject("ADMIN/Edit Text/Bespoke/Seller Pages/Delivery Settings/input_Price_Price"), "*"): Keys '*' sent to object: 'Object Repository/ADMIN/Edit Text/Bespoke/Seller Pages/Delivery Settings/input_Price_Price'

2020-03-20 14:58:22 - [MESSAGE][PASSED] - Keys '*' sent to object: 'Object Repository/ADMIN/Edit Text/Bespoke/Seller Pages/Delivery Settings/input_Price_Price'

2020-03-20 14:58:22 - [TEST_STEP][PASSED] - sendKeys(findTestObject("ADMIN/Edit Text/Bespoke/Seller Pages/Delivery Settings/input_Delivery Rate(s)_DelDelivery_Rates"), "*"): Keys '*' sent to object: 'Object Repository/ADMIN/Edit Text/Bespoke/Seller Pages/Delivery Settings/input_Delivery Rate(s)_DelDelivery_Rates'

2020-03-20 14:58:23 - [MESSAGE][PASSED] - Keys '*' sent to object: 'Object Repository/ADMIN/Edit Text/Bespoke/Seller Pages/Delivery Settings/input_Delivery Rate(s)_DelDelivery_Rates'

2020-03-20 14:58:23 - [TEST_STEP][PASSED] - sendKeys(findTestObject("ADMIN/Edit Text/Bespoke/Seller Pages/Delivery Settings/input_NAME_Name (1)"), "*"): Keys '*' sent to object: 'Object Repository/ADMIN/Edit Text/Bespoke/Seller Pages/Delivery Settings/input_NAME_Name (1)'

2020-03-20 14:58:23 - [MESSAGE][PASSED] - Keys '*' sent to object: 'Object Repository/ADMIN/Edit Text/Bespoke/Seller Pages/Delivery Settings/input_NAME_Name (1)'

2020-03-20 14:58:23 - [TEST_STEP][PASSED] - sendKeys(findTestObject("ADMIN/Edit Text/Bespoke/Seller Pages/Delivery Settings/input_RANGE_Range (1)"), "*"): Keys '*' sent to object: 'Object Repository/ADMIN/Edit Text/Bespoke/Seller Pages/Delivery Settings/input_RANGE_Range (1)'

2020-03-20 14:58:23 - [MESSAGE][PASSED] - Keys '*' sent to object: 'Object Repository/ADMIN/Edit Text/Bespoke/Seller Pages/Delivery Settings/input_RANGE_Range (1)'

2020-03-20 14:58:23 - [TEST_STEP][PASSED] - sendKeys(findTestObject("ADMIN/Edit Text/Bespoke/Seller Pages/Delivery Settings/input_DELIVERY COST_Delivery_Cost (1)"), "*"): Keys '*' sent to object: 'Object Repository/ADMIN/Edit Text/Bespoke/Seller Pages/Delivery Settings/input_DELIVERY COST_Delivery_Cost (1)'

2020-03-20 14:58:23 - [MESSAGE][PASSED] - Keys '*' sent to object: 'Object Repository/ADMIN/Edit Text/Bespoke/Seller Pages/Delivery Settings/input_DELIVERY COST_Delivery_Cost (1)'

2020-03-20 14:58:23 - [TEST_STEP][PASSED] - sendKeys(findTestObject("ADMIN/Edit Text/Bespoke/Seller Pages/Delivery Settings/input_Onwards_Onwards"), "*"): Keys '*' sent to object: 'Object Repository/ADMIN/Edit Text/Bespoke/Seller Pages/Delivery Settings/input_Onwards_Onwards'

2020-03-20 14:58:23 - [MESSAGE][PASSED] - Keys '*' sent to object: 'Object Repository/ADMIN/Edit Text/Bespoke/Seller Pages/Delivery Settings/input_Onwards_Onwards'

2020-03-20 14:58:23 - [TEST_STEP][PASSED] - sendKeys(findTestObject("ADMIN/Edit Text/Bespoke/Seller Pages/Delivery Settings/input_Add Delivery Rate_Add_Delivery_Rate"), "*"): Keys '*' sent to object: 'Object Repository/ADMIN/Edit Text/Bespoke/Seller Pages/Delivery Settings/input_Add Delivery Rate_Add_Delivery_Rate'

2020-03-20 14:58:24 - [MESSAGE][PASSED] - Keys '*' sent to object: 'Object Repository/ADMIN/Edit Text/Bespoke/Seller Pages/Delivery Settings/input_Add Delivery Rate_Add_Delivery_Rate'

2020-03-20 14:58:24 - [TEST_STEP][PASSED] - sendKeys(findTestObject("ADMIN/Edit Text/Bespoke/Seller Pages/Delivery Settings/input_Delivery Rate Name (Buyers will not see this)_Delivery_Rate_Name"), "*"): Keys '*' sent to object: 'Object Repository/ADMIN/Edit Text/Bespoke/Seller Pages/Delivery Settings/input_Delivery Rate Name (Buyers will not see this)_Delivery_Rate_Name'

2020-03-20 14:58:24 - [MESSAGE][PASSED] - Keys '*' sent to object: 'Object Repository/ADMIN/Edit Text/Bespoke/Seller Pages/Delivery Settings/input_Delivery Rate Name (Buyers will not see this)_Delivery_Rate_Name'

2020-03-20 14:58:24 - [TEST_STEP][PASSED] - sendKeys(findTestObject("ADMIN/Edit Text/Bespoke/Seller Pages/Delivery Settings/input_To_To"), "*"): Keys '*' sent to object: 'Object Repository/ADMIN/Edit Text/Bespoke/Seller Pages/Delivery Settings/input_To_To'

2020-03-20 14:58:24 - [MESSAGE][PASSED] - Keys '*' sent to object: 'Object Repository/ADMIN/Edit Text/Bespoke/Seller Pages/Delivery Settings/input_To_To'

2020-03-20 14:58:24 - [TEST_STEP][PASSED] - sendKeys(findTestObject("ADMIN/Edit Text/Bespoke/Seller Pages/Delivery Settings/input_delivery cost4"), "*"): Keys '*' sent to object: 'Object Repository/ADMIN/Edit Text/Bespoke/Seller Pages/Delivery Settings/input_delivery cost4'

2020-03-20 14:58:24 - [MESSAGE][PASSED] - Keys '*' sent to object: 'Object Repository/ADMIN/Edit Text/Bespoke/Seller Pages/Delivery Settings/input_delivery cost4'

2020-03-20 14:58:24 - [TEST_STEP][PASSED] - sendKeys(findTestObject("ADMIN/Edit Text/Bespoke/Seller Pages/Delivery Settings/input_Save_Save"), "*"): Keys '*' sent to object: 'Object Repository/ADMIN/Edit Text/Bespoke/Seller Pages/Delivery Settings/input_Save_Save'

2020-03-20 14:58:25 - [MESSAGE][PASSED] - Keys '*' sent to object: 'Object Repository/ADMIN/Edit Text/Bespoke/Seller Pages/Delivery Settings/input_Save_Save'

2020-03-20 14:58:25 - [TEST_STEP][PASSED] - sendKeys(findTestObject("ADMIN/Edit Text/Bespoke/Seller Pages/Delivery Settings/input_Cancel_Cancel"), "*"): Keys '*' sent to object: 'Object Repository/ADMIN/Edit Text/Bespoke/Seller Pages/Delivery Settings/input_Cancel_Cancel'

2020-03-20 14:58:25 - [MESSAGE][PASSED] - Keys '*' sent to object: 'Object Repository/ADMIN/Edit Text/Bespoke/Seller Pages/Delivery Settings/input_Cancel_Cancel'

2020-03-20 14:58:25 - [TEST_STEP][PASSED] - click(findTestObject("ADMIN/Edit Text/Bespoke/Buyer Pages/Homepage/button_save"), CONTINUE_ON_FAILURE): Object: 'Object Repository/ADMIN/Edit Text/Bespoke/Buyer Pages/Homepage/button_save' is clicked on

2020-03-20 14:58:25 - [MESSAGE][PASSED] - Object: 'Object Repository/ADMIN/Edit Text/Bespoke/Buyer Pages/Homepage/button_save' is clicked on

2020-03-20 14:58:25 - [TEST_STEP][PASSED] - waitForElementVisible(findTestObject("ADMIN/Edit Text/Bespoke/Buyer Pages/Homepage/toaster_success"), 0): Object 'Object Repository/ADMIN/Edit Text/Bespoke/Buyer Pages/Homepage/toaster_success' is visible

2020-03-20 14:58:25 - [MESSAGE][WARNING] - Timeout '0' is invalid. Using default page load timeout: '30'

2020-03-20 14:58:26 - [MESSAGE][PASSED] - Object 'Object Repository/ADMIN/Edit Text/Bespoke/Buyer Pages/Homepage/toaster_success' is visible]]></system-out>
         <system-err><![CDATA[]]></system-err>
      </testcase>
      <testcase name="Test Cases/ADMIN/Language/Edit Text/Bespoke/Seller/Delivery Settings" time="11.553" classname="Test Cases/ADMIN/Language/Edit Text/Bespoke/Seller/Delivery Settings" status="PASSED">
         <system-out><![CDATA[2020-03-20 14:58:26 - [TEST_CASE][PASSED] - Test Cases/ADMIN/Language/Edit Text/Bespoke/Seller/Delivery Settings: Test Cases/ADMIN/Language/Edit Text/Bespoke/Seller/Delivery Settings

2020-03-20 14:58:26 - [TEST_STEP][PASSED] - waitForElementVisible(findTestObject("ADMIN/Edit Text/Bespoke/Buyer Navigation/dd_language"), 0): Object 'Object Repository/ADMIN/Edit Text/Bespoke/Buyer Navigation/dd_language' is visible

2020-03-20 14:58:26 - [MESSAGE][WARNING] - Timeout '0' is invalid. Using default page load timeout: '30'

2020-03-20 14:58:26 - [MESSAGE][PASSED] - Object 'Object Repository/ADMIN/Edit Text/Bespoke/Buyer Navigation/dd_language' is visible

2020-03-20 14:58:26 - [TEST_STEP][PASSED] - selectOptionByLabel(findTestObject("ADMIN/Edit Text/Bespoke/Buyer Navigation/dd_language"), varLanguage, false): All options with label 'Japanese' are selected in object 'Object Repository/ADMIN/Edit Text/Bespoke/Buyer Navigation/dd_language' 

2020-03-20 14:58:27 - [MESSAGE][PASSED] - All options with label 'Japanese' are selected in object 'Object Repository/ADMIN/Edit Text/Bespoke/Buyer Navigation/dd_language' 

2020-03-20 14:58:27 - [TEST_STEP][PASSED] - sendKeys(findTestObject("ADMIN/Edit Text/Bespoke/Seller Pages/Delivery Settings/input_DELIVERY SETTINGS_DELIVERY_SETTINGS"), "*"): Keys '*' sent to object: 'Object Repository/ADMIN/Edit Text/Bespoke/Seller Pages/Delivery Settings/input_DELIVERY SETTINGS_DELIVERY_SETTINGS'

2020-03-20 14:58:28 - [MESSAGE][PASSED] - Keys '*' sent to object: 'Object Repository/ADMIN/Edit Text/Bespoke/Seller Pages/Delivery Settings/input_DELIVERY SETTINGS_DELIVERY_SETTINGS'

2020-03-20 14:58:28 - [TEST_STEP][PASSED] - sendKeys(findTestObject("ADMIN/Edit Text/Bespoke/Seller Pages/Delivery Settings/input_add del or pickup"), "*"): Keys '*' sent to object: 'Object Repository/ADMIN/Edit Text/Bespoke/Seller Pages/Delivery Settings/input_add del or pickup'

2020-03-20 14:58:28 - [MESSAGE][PASSED] - Keys '*' sent to object: 'Object Repository/ADMIN/Edit Text/Bespoke/Seller Pages/Delivery Settings/input_add del or pickup'

2020-03-20 14:58:28 - [TEST_STEP][PASSED] - sendKeys(findTestObject("ADMIN/Edit Text/Bespoke/Seller Pages/Delivery Settings/input_DELIVERY OPTIONS_DELIVERY_OPTIONS"), "*"): Keys '*' sent to object: 'Object Repository/ADMIN/Edit Text/Bespoke/Seller Pages/Delivery Settings/input_DELIVERY OPTIONS_DELIVERY_OPTIONS'

2020-03-20 14:58:28 - [MESSAGE][PASSED] - Keys '*' sent to object: 'Object Repository/ADMIN/Edit Text/Bespoke/Seller Pages/Delivery Settings/input_DELIVERY OPTIONS_DELIVERY_OPTIONS'

2020-03-20 14:58:28 - [TEST_STEP][PASSED] - sendKeys(findTestObject("ADMIN/Edit Text/Bespoke/Seller Pages/Delivery Settings/input_Add Delivery Options_select_delivery_method"), "*"): Keys '*' sent to object: 'Object Repository/ADMIN/Edit Text/Bespoke/Seller Pages/Delivery Settings/input_Add Delivery Options_select_delivery_method'

2020-03-20 14:58:28 - [MESSAGE][PASSED] - Keys '*' sent to object: 'Object Repository/ADMIN/Edit Text/Bespoke/Seller Pages/Delivery Settings/input_Add Delivery Options_select_delivery_method'

2020-03-20 14:58:28 - [TEST_STEP][PASSED] - sendKeys(findTestObject("ADMIN/Edit Text/Bespoke/Seller Pages/Delivery Settings/input_Name_Name"), "*"): Keys '*' sent to object: 'Object Repository/ADMIN/Edit Text/Bespoke/Seller Pages/Delivery Settings/input_Name_Name'

2020-03-20 14:58:29 - [MESSAGE][PASSED] - Keys '*' sent to object: 'Object Repository/ADMIN/Edit Text/Bespoke/Seller Pages/Delivery Settings/input_Name_Name'

2020-03-20 14:58:29 - [TEST_STEP][PASSED] - sendKeys(findTestObject("ADMIN/Edit Text/Bespoke/Seller Pages/Delivery Settings/input_DELIVERS TO_DELIVERS_TO"), "*"): Keys '*' sent to object: 'Object Repository/ADMIN/Edit Text/Bespoke/Seller Pages/Delivery Settings/input_DELIVERS TO_DELIVERS_TO'

2020-03-20 14:58:29 - [MESSAGE][PASSED] - Keys '*' sent to object: 'Object Repository/ADMIN/Edit Text/Bespoke/Seller Pages/Delivery Settings/input_DELIVERS TO_DELIVERS_TO'

2020-03-20 14:58:29 - [TEST_STEP][PASSED] - sendKeys(findTestObject("ADMIN/Edit Text/Bespoke/Seller Pages/Delivery Settings/input_PICK-UP OPTIONS_PICK-UP_OPTIONS"), "*"): Keys '*' sent to object: 'Object Repository/ADMIN/Edit Text/Bespoke/Seller Pages/Delivery Settings/input_PICK-UP OPTIONS_PICK-UP_OPTIONS'

2020-03-20 14:58:29 - [MESSAGE][PASSED] - Keys '*' sent to object: 'Object Repository/ADMIN/Edit Text/Bespoke/Seller Pages/Delivery Settings/input_PICK-UP OPTIONS_PICK-UP_OPTIONS'

2020-03-20 14:58:29 - [TEST_STEP][PASSED] - sendKeys(findTestObject("ADMIN/Edit Text/Bespoke/Seller Pages/Delivery Settings/input_Add Pick-up Options_Add_Pick-up_Options"), "*"): Keys '*' sent to object: 'Object Repository/ADMIN/Edit Text/Bespoke/Seller Pages/Delivery Settings/input_Add Pick-up Options_Add_Pick-up_Options'

2020-03-20 14:58:29 - [MESSAGE][PASSED] - Keys '*' sent to object: 'Object Repository/ADMIN/Edit Text/Bespoke/Seller Pages/Delivery Settings/input_Add Pick-up Options_Add_Pick-up_Options'

2020-03-20 14:58:29 - [TEST_STEP][PASSED] - sendKeys(findTestObject("ADMIN/Edit Text/Bespoke/Seller Pages/Delivery Settings/input_Define the full address where the buyer can pick up from_delivery_desc_used"), "*"): Keys '*' sent to object: 'Object Repository/ADMIN/Edit Text/Bespoke/Seller Pages/Delivery Settings/input_Define the full address where the buyer can pick up from_delivery_desc_used'

2020-03-20 14:58:30 - [MESSAGE][PASSED] - Keys '*' sent to object: 'Object Repository/ADMIN/Edit Text/Bespoke/Seller Pages/Delivery Settings/input_Define the full address where the buyer can pick up from_delivery_desc_used'

2020-03-20 14:58:30 - [TEST_STEP][PASSED] - sendKeys(findTestObject("ADMIN/Edit Text/Bespoke/Seller Pages/Delivery Settings/input_Delivers to_Delivers_to (1)"), "*"): Keys '*' sent to object: 'Object Repository/ADMIN/Edit Text/Bespoke/Seller Pages/Delivery Settings/input_Delivers to_Delivers_to (1)'

2020-03-20 14:58:30 - [MESSAGE][PASSED] - Keys '*' sent to object: 'Object Repository/ADMIN/Edit Text/Bespoke/Seller Pages/Delivery Settings/input_Delivers to_Delivers_to (1)'

2020-03-20 14:58:30 - [TEST_STEP][PASSED] - sendKeys(findTestObject("ADMIN/Edit Text/Bespoke/Seller Pages/Delivery Settings/input_Shipping rate by_Shipping_rate_by"), "*"): Keys '*' sent to object: 'Object Repository/ADMIN/Edit Text/Bespoke/Seller Pages/Delivery Settings/input_Shipping rate by_Shipping_rate_by'

2020-03-20 14:58:30 - [MESSAGE][PASSED] - Keys '*' sent to object: 'Object Repository/ADMIN/Edit Text/Bespoke/Seller Pages/Delivery Settings/input_Shipping rate by_Shipping_rate_by'

2020-03-20 14:58:30 - [TEST_STEP][PASSED] - sendKeys(findTestObject("ADMIN/Edit Text/Bespoke/Seller Pages/Delivery Settings/input_Delivering from_Delivering_from"), "*"): Keys '*' sent to object: 'Object Repository/ADMIN/Edit Text/Bespoke/Seller Pages/Delivery Settings/input_Delivering from_Delivering_from'

2020-03-20 14:58:30 - [MESSAGE][PASSED] - Keys '*' sent to object: 'Object Repository/ADMIN/Edit Text/Bespoke/Seller Pages/Delivery Settings/input_Delivering from_Delivering_from'

2020-03-20 14:58:30 - [TEST_STEP][PASSED] - sendKeys(findTestObject("ADMIN/Edit Text/Bespoke/Seller Pages/Delivery Settings/input_Delivery rates(s)_Shipping_rate_by"), "*"): Keys '*' sent to object: 'Object Repository/ADMIN/Edit Text/Bespoke/Seller Pages/Delivery Settings/input_Delivery rates(s)_Shipping_rate_by'

2020-03-20 14:58:30 - [MESSAGE][PASSED] - Keys '*' sent to object: 'Object Repository/ADMIN/Edit Text/Bespoke/Seller Pages/Delivery Settings/input_Delivery rates(s)_Shipping_rate_by'

2020-03-20 14:58:30 - [TEST_STEP][PASSED] - sendKeys(findTestObject("ADMIN/Edit Text/Bespoke/Seller Pages/Delivery Settings/input_Name_Name1"), "*"): Keys '*' sent to object: 'Object Repository/ADMIN/Edit Text/Bespoke/Seller Pages/Delivery Settings/input_Name_Name1'

2020-03-20 14:58:31 - [MESSAGE][PASSED] - Keys '*' sent to object: 'Object Repository/ADMIN/Edit Text/Bespoke/Seller Pages/Delivery Settings/input_Name_Name1'

2020-03-20 14:58:31 - [TEST_STEP][PASSED] - sendKeys(findTestObject("ADMIN/Edit Text/Bespoke/Seller Pages/Delivery Settings/input_Range_Range"), "*"): Keys '*' sent to object: 'Object Repository/ADMIN/Edit Text/Bespoke/Seller Pages/Delivery Settings/input_Range_Range'

2020-03-20 14:58:31 - [MESSAGE][PASSED] - Keys '*' sent to object: 'Object Repository/ADMIN/Edit Text/Bespoke/Seller Pages/Delivery Settings/input_Range_Range'

2020-03-20 14:58:31 - [TEST_STEP][PASSED] - sendKeys(findTestObject("ADMIN/Edit Text/Bespoke/Seller Pages/Delivery Settings/input_Delivery Cost_Delivery_Cost"), "*"): Keys '*' sent to object: 'Object Repository/ADMIN/Edit Text/Bespoke/Seller Pages/Delivery Settings/input_Delivery Cost_Delivery_Cost'

2020-03-20 14:58:31 - [MESSAGE][PASSED] - Keys '*' sent to object: 'Object Repository/ADMIN/Edit Text/Bespoke/Seller Pages/Delivery Settings/input_Delivery Cost_Delivery_Cost'

2020-03-20 14:58:31 - [TEST_STEP][PASSED] - sendKeys(findTestObject("ADMIN/Edit Text/Bespoke/Seller Pages/Delivery Settings/input_Okay_Range"), "*"): Keys '*' sent to object: 'Object Repository/ADMIN/Edit Text/Bespoke/Seller Pages/Delivery Settings/input_Okay_Range'

2020-03-20 14:58:31 - [MESSAGE][PASSED] - Keys '*' sent to object: 'Object Repository/ADMIN/Edit Text/Bespoke/Seller Pages/Delivery Settings/input_Okay_Range'

2020-03-20 14:58:31 - [TEST_STEP][PASSED] - sendKeys(findTestObject("ADMIN/Edit Text/Bespoke/Seller Pages/Delivery Settings/input_ADDEDIT DELIVERY OPTION_Add_edit_delivery_option"), "*"): Keys '*' sent to object: 'Object Repository/ADMIN/Edit Text/Bespoke/Seller Pages/Delivery Settings/input_ADDEDIT DELIVERY OPTION_Add_edit_delivery_option'

2020-03-20 14:58:32 - [MESSAGE][PASSED] - Keys '*' sent to object: 'Object Repository/ADMIN/Edit Text/Bespoke/Seller Pages/Delivery Settings/input_ADDEDIT DELIVERY OPTION_Add_edit_delivery_option'

2020-03-20 14:58:32 - [TEST_STEP][PASSED] - sendKeys(findTestObject("ADMIN/Edit Text/Bespoke/Seller Pages/Delivery Settings/input_Define the locations available and the rates for the delivery option_Define_the_locations_available_and_the_rates_for_the_delivery_option"), "*"): Keys '*' sent to object: 'Object Repository/ADMIN/Edit Text/Bespoke/Seller Pages/Delivery Settings/input_Define the locations available and the rates for the delivery option_Define_the_locations_available_and_the_rates_for_the_delivery_option'

2020-03-20 14:58:32 - [MESSAGE][PASSED] - Keys '*' sent to object: 'Object Repository/ADMIN/Edit Text/Bespoke/Seller Pages/Delivery Settings/input_Define the locations available and the rates for the delivery option_Define_the_locations_available_and_the_rates_for_the_delivery_option'

2020-03-20 14:58:32 - [TEST_STEP][PASSED] - sendKeys(findTestObject("ADMIN/Edit Text/Bespoke/Seller Pages/Delivery Settings/input_DELIVERY OPTION SETTINGS_DELIVERY_OPTIONS_SETTINGS"), "*"): Keys '*' sent to object: 'Object Repository/ADMIN/Edit Text/Bespoke/Seller Pages/Delivery Settings/input_DELIVERY OPTION SETTINGS_DELIVERY_OPTIONS_SETTINGS'

2020-03-20 14:58:32 - [MESSAGE][PASSED] - Keys '*' sent to object: 'Object Repository/ADMIN/Edit Text/Bespoke/Seller Pages/Delivery Settings/input_DELIVERY OPTION SETTINGS_DELIVERY_OPTIONS_SETTINGS'

2020-03-20 14:58:32 - [TEST_STEP][PASSED] - sendKeys(findTestObject("ADMIN/Edit Text/Bespoke/Seller Pages/Delivery Settings/input_DELIVERY OPTION NAME_DELIVERY_OPTION_NAME"), "*"): Keys '*' sent to object: 'Object Repository/ADMIN/Edit Text/Bespoke/Seller Pages/Delivery Settings/input_DELIVERY OPTION NAME_DELIVERY_OPTION_NAME'

2020-03-20 14:58:32 - [MESSAGE][PASSED] - Keys '*' sent to object: 'Object Repository/ADMIN/Edit Text/Bespoke/Seller Pages/Delivery Settings/input_DELIVERY OPTION NAME_DELIVERY_OPTION_NAME'

2020-03-20 14:58:32 - [TEST_STEP][PASSED] - sendKeys(findTestObject("ADMIN/Edit Text/Bespoke/Seller Pages/Delivery Settings/input_delivers to3"), "*"): Keys '*' sent to object: 'Object Repository/ADMIN/Edit Text/Bespoke/Seller Pages/Delivery Settings/input_delivers to3'

2020-03-20 14:58:33 - [MESSAGE][PASSED] - Keys '*' sent to object: 'Object Repository/ADMIN/Edit Text/Bespoke/Seller Pages/Delivery Settings/input_delivers to3'

2020-03-20 14:58:33 - [TEST_STEP][PASSED] - sendKeys(findTestObject("ADMIN/Edit Text/Bespoke/Seller Pages/Delivery Settings/input_MINIMUM LEAD TIME_Minimum_lead_time"), "*"): Keys '*' sent to object: 'Object Repository/ADMIN/Edit Text/Bespoke/Seller Pages/Delivery Settings/input_MINIMUM LEAD TIME_Minimum_lead_time'

2020-03-20 14:58:33 - [MESSAGE][PASSED] - Keys '*' sent to object: 'Object Repository/ADMIN/Edit Text/Bespoke/Seller Pages/Delivery Settings/input_MINIMUM LEAD TIME_Minimum_lead_time'

2020-03-20 14:58:33 - [TEST_STEP][PASSED] - sendKeys(findTestObject("ADMIN/Edit Text/Bespoke/Seller Pages/Delivery Settings/input_WHERE ARE YOU DELIVERING FROM_Where_are_you_delivering_from"), "*"): Keys '*' sent to object: 'Object Repository/ADMIN/Edit Text/Bespoke/Seller Pages/Delivery Settings/input_WHERE ARE YOU DELIVERING FROM_Where_are_you_delivering_from'

2020-03-20 14:58:33 - [MESSAGE][PASSED] - Keys '*' sent to object: 'Object Repository/ADMIN/Edit Text/Bespoke/Seller Pages/Delivery Settings/input_WHERE ARE YOU DELIVERING FROM_Where_are_you_delivering_from'

2020-03-20 14:58:33 - [TEST_STEP][PASSED] - sendKeys(findTestObject("ADMIN/Edit Text/Bespoke/Seller Pages/Delivery Settings/input_Select if you would like to calculate shipping by total order weight or total order price_total_order_weight_or_total_order_price"), "*"): Keys '*' sent to object: 'Object Repository/ADMIN/Edit Text/Bespoke/Seller Pages/Delivery Settings/input_Select if you would like to calculate shipping by total order weight or total order price_total_order_weight_or_total_order_price'

2020-03-20 14:58:33 - [MESSAGE][PASSED] - Keys '*' sent to object: 'Object Repository/ADMIN/Edit Text/Bespoke/Seller Pages/Delivery Settings/input_Select if you would like to calculate shipping by total order weight or total order price_total_order_weight_or_total_order_price'

2020-03-20 14:58:33 - [TEST_STEP][PASSED] - sendKeys(findTestObject("ADMIN/Edit Text/Bespoke/Seller Pages/Delivery Settings/input_Weight_Weight"), "*"): Keys '*' sent to object: 'Object Repository/ADMIN/Edit Text/Bespoke/Seller Pages/Delivery Settings/input_Weight_Weight'

2020-03-20 14:58:33 - [MESSAGE][PASSED] - Keys '*' sent to object: 'Object Repository/ADMIN/Edit Text/Bespoke/Seller Pages/Delivery Settings/input_Weight_Weight'

2020-03-20 14:58:33 - [TEST_STEP][PASSED] - sendKeys(findTestObject("ADMIN/Edit Text/Bespoke/Seller Pages/Delivery Settings/input_Price_Price"), "*"): Keys '*' sent to object: 'Object Repository/ADMIN/Edit Text/Bespoke/Seller Pages/Delivery Settings/input_Price_Price'

2020-03-20 14:58:34 - [MESSAGE][PASSED] - Keys '*' sent to object: 'Object Repository/ADMIN/Edit Text/Bespoke/Seller Pages/Delivery Settings/input_Price_Price'

2020-03-20 14:58:34 - [TEST_STEP][PASSED] - sendKeys(findTestObject("ADMIN/Edit Text/Bespoke/Seller Pages/Delivery Settings/input_Delivery Rate(s)_DelDelivery_Rates"), "*"): Keys '*' sent to object: 'Object Repository/ADMIN/Edit Text/Bespoke/Seller Pages/Delivery Settings/input_Delivery Rate(s)_DelDelivery_Rates'

2020-03-20 14:58:34 - [MESSAGE][PASSED] - Keys '*' sent to object: 'Object Repository/ADMIN/Edit Text/Bespoke/Seller Pages/Delivery Settings/input_Delivery Rate(s)_DelDelivery_Rates'

2020-03-20 14:58:34 - [TEST_STEP][PASSED] - sendKeys(findTestObject("ADMIN/Edit Text/Bespoke/Seller Pages/Delivery Settings/input_NAME_Name (1)"), "*"): Keys '*' sent to object: 'Object Repository/ADMIN/Edit Text/Bespoke/Seller Pages/Delivery Settings/input_NAME_Name (1)'

2020-03-20 14:58:34 - [MESSAGE][PASSED] - Keys '*' sent to object: 'Object Repository/ADMIN/Edit Text/Bespoke/Seller Pages/Delivery Settings/input_NAME_Name (1)'

2020-03-20 14:58:34 - [TEST_STEP][PASSED] - sendKeys(findTestObject("ADMIN/Edit Text/Bespoke/Seller Pages/Delivery Settings/input_RANGE_Range (1)"), "*"): Keys '*' sent to object: 'Object Repository/ADMIN/Edit Text/Bespoke/Seller Pages/Delivery Settings/input_RANGE_Range (1)'

2020-03-20 14:58:34 - [MESSAGE][PASSED] - Keys '*' sent to object: 'Object Repository/ADMIN/Edit Text/Bespoke/Seller Pages/Delivery Settings/input_RANGE_Range (1)'

2020-03-20 14:58:34 - [TEST_STEP][PASSED] - sendKeys(findTestObject("ADMIN/Edit Text/Bespoke/Seller Pages/Delivery Settings/input_DELIVERY COST_Delivery_Cost (1)"), "*"): Keys '*' sent to object: 'Object Repository/ADMIN/Edit Text/Bespoke/Seller Pages/Delivery Settings/input_DELIVERY COST_Delivery_Cost (1)'

2020-03-20 14:58:35 - [MESSAGE][PASSED] - Keys '*' sent to object: 'Object Repository/ADMIN/Edit Text/Bespoke/Seller Pages/Delivery Settings/input_DELIVERY COST_Delivery_Cost (1)'

2020-03-20 14:58:35 - [TEST_STEP][PASSED] - sendKeys(findTestObject("ADMIN/Edit Text/Bespoke/Seller Pages/Delivery Settings/input_Onwards_Onwards"), "*"): Keys '*' sent to object: 'Object Repository/ADMIN/Edit Text/Bespoke/Seller Pages/Delivery Settings/input_Onwards_Onwards'

2020-03-20 14:58:35 - [MESSAGE][PASSED] - Keys '*' sent to object: 'Object Repository/ADMIN/Edit Text/Bespoke/Seller Pages/Delivery Settings/input_Onwards_Onwards'

2020-03-20 14:58:35 - [TEST_STEP][PASSED] - sendKeys(findTestObject("ADMIN/Edit Text/Bespoke/Seller Pages/Delivery Settings/input_Add Delivery Rate_Add_Delivery_Rate"), "*"): Keys '*' sent to object: 'Object Repository/ADMIN/Edit Text/Bespoke/Seller Pages/Delivery Settings/input_Add Delivery Rate_Add_Delivery_Rate'

2020-03-20 14:58:35 - [MESSAGE][PASSED] - Keys '*' sent to object: 'Object Repository/ADMIN/Edit Text/Bespoke/Seller Pages/Delivery Settings/input_Add Delivery Rate_Add_Delivery_Rate'

2020-03-20 14:58:35 - [TEST_STEP][PASSED] - sendKeys(findTestObject("ADMIN/Edit Text/Bespoke/Seller Pages/Delivery Settings/input_Delivery Rate Name (Buyers will not see this)_Delivery_Rate_Name"), "*"): Keys '*' sent to object: 'Object Repository/ADMIN/Edit Text/Bespoke/Seller Pages/Delivery Settings/input_Delivery Rate Name (Buyers will not see this)_Delivery_Rate_Name'

2020-03-20 14:58:35 - [MESSAGE][PASSED] - Keys '*' sent to object: 'Object Repository/ADMIN/Edit Text/Bespoke/Seller Pages/Delivery Settings/input_Delivery Rate Name (Buyers will not see this)_Delivery_Rate_Name'

2020-03-20 14:58:35 - [TEST_STEP][PASSED] - sendKeys(findTestObject("ADMIN/Edit Text/Bespoke/Seller Pages/Delivery Settings/input_To_To"), "*"): Keys '*' sent to object: 'Object Repository/ADMIN/Edit Text/Bespoke/Seller Pages/Delivery Settings/input_To_To'

2020-03-20 14:58:36 - [MESSAGE][PASSED] - Keys '*' sent to object: 'Object Repository/ADMIN/Edit Text/Bespoke/Seller Pages/Delivery Settings/input_To_To'

2020-03-20 14:58:36 - [TEST_STEP][PASSED] - sendKeys(findTestObject("ADMIN/Edit Text/Bespoke/Seller Pages/Delivery Settings/input_delivery cost4"), "*"): Keys '*' sent to object: 'Object Repository/ADMIN/Edit Text/Bespoke/Seller Pages/Delivery Settings/input_delivery cost4'

2020-03-20 14:58:36 - [MESSAGE][PASSED] - Keys '*' sent to object: 'Object Repository/ADMIN/Edit Text/Bespoke/Seller Pages/Delivery Settings/input_delivery cost4'

2020-03-20 14:58:36 - [TEST_STEP][PASSED] - sendKeys(findTestObject("ADMIN/Edit Text/Bespoke/Seller Pages/Delivery Settings/input_Save_Save"), "*"): Keys '*' sent to object: 'Object Repository/ADMIN/Edit Text/Bespoke/Seller Pages/Delivery Settings/input_Save_Save'

2020-03-20 14:58:36 - [MESSAGE][PASSED] - Keys '*' sent to object: 'Object Repository/ADMIN/Edit Text/Bespoke/Seller Pages/Delivery Settings/input_Save_Save'

2020-03-20 14:58:36 - [TEST_STEP][PASSED] - sendKeys(findTestObject("ADMIN/Edit Text/Bespoke/Seller Pages/Delivery Settings/input_Cancel_Cancel"), "*"): Keys '*' sent to object: 'Object Repository/ADMIN/Edit Text/Bespoke/Seller Pages/Delivery Settings/input_Cancel_Cancel'

2020-03-20 14:58:36 - [MESSAGE][PASSED] - Keys '*' sent to object: 'Object Repository/ADMIN/Edit Text/Bespoke/Seller Pages/Delivery Settings/input_Cancel_Cancel'

2020-03-20 14:58:36 - [TEST_STEP][PASSED] - click(findTestObject("ADMIN/Edit Text/Bespoke/Buyer Pages/Homepage/button_save"), CONTINUE_ON_FAILURE): Object: 'Object Repository/ADMIN/Edit Text/Bespoke/Buyer Pages/Homepage/button_save' is clicked on

2020-03-20 14:58:37 - [MESSAGE][PASSED] - Object: 'Object Repository/ADMIN/Edit Text/Bespoke/Buyer Pages/Homepage/button_save' is clicked on

2020-03-20 14:58:37 - [TEST_STEP][PASSED] - waitForElementVisible(findTestObject("ADMIN/Edit Text/Bespoke/Buyer Pages/Homepage/toaster_success"), 0): Object 'Object Repository/ADMIN/Edit Text/Bespoke/Buyer Pages/Homepage/toaster_success' is visible

2020-03-20 14:58:37 - [MESSAGE][WARNING] - Timeout '0' is invalid. Using default page load timeout: '30'

2020-03-20 14:58:37 - [MESSAGE][PASSED] - Object 'Object Repository/ADMIN/Edit Text/Bespoke/Buyer Pages/Homepage/toaster_success' is visible]]></system-out>
         <system-err><![CDATA[]]></system-err>
      </testcase>
      <testcase name="Test Cases/ADMIN/Language/Edit Text/Bespoke/Seller/Delivery Settings" time="10.67" classname="Test Cases/ADMIN/Language/Edit Text/Bespoke/Seller/Delivery Settings" status="PASSED">
         <system-out><![CDATA[2020-03-20 14:58:37 - [TEST_CASE][PASSED] - Test Cases/ADMIN/Language/Edit Text/Bespoke/Seller/Delivery Settings: Test Cases/ADMIN/Language/Edit Text/Bespoke/Seller/Delivery Settings

2020-03-20 14:58:37 - [TEST_STEP][PASSED] - waitForElementVisible(findTestObject("ADMIN/Edit Text/Bespoke/Buyer Navigation/dd_language"), 0): Object 'Object Repository/ADMIN/Edit Text/Bespoke/Buyer Navigation/dd_language' is visible

2020-03-20 14:58:37 - [MESSAGE][WARNING] - Timeout '0' is invalid. Using default page load timeout: '30'

2020-03-20 14:58:38 - [MESSAGE][PASSED] - Object 'Object Repository/ADMIN/Edit Text/Bespoke/Buyer Navigation/dd_language' is visible

2020-03-20 14:58:38 - [TEST_STEP][PASSED] - selectOptionByLabel(findTestObject("ADMIN/Edit Text/Bespoke/Buyer Navigation/dd_language"), varLanguage, false): All options with label 'Chinese (Traditional)' are selected in object 'Object Repository/ADMIN/Edit Text/Bespoke/Buyer Navigation/dd_language' 

2020-03-20 14:58:39 - [MESSAGE][PASSED] - All options with label 'Chinese (Traditional)' are selected in object 'Object Repository/ADMIN/Edit Text/Bespoke/Buyer Navigation/dd_language' 

2020-03-20 14:58:39 - [TEST_STEP][PASSED] - sendKeys(findTestObject("ADMIN/Edit Text/Bespoke/Seller Pages/Delivery Settings/input_DELIVERY SETTINGS_DELIVERY_SETTINGS"), "*"): Keys '*' sent to object: 'Object Repository/ADMIN/Edit Text/Bespoke/Seller Pages/Delivery Settings/input_DELIVERY SETTINGS_DELIVERY_SETTINGS'

2020-03-20 14:58:39 - [MESSAGE][PASSED] - Keys '*' sent to object: 'Object Repository/ADMIN/Edit Text/Bespoke/Seller Pages/Delivery Settings/input_DELIVERY SETTINGS_DELIVERY_SETTINGS'

2020-03-20 14:58:39 - [TEST_STEP][PASSED] - sendKeys(findTestObject("ADMIN/Edit Text/Bespoke/Seller Pages/Delivery Settings/input_add del or pickup"), "*"): Keys '*' sent to object: 'Object Repository/ADMIN/Edit Text/Bespoke/Seller Pages/Delivery Settings/input_add del or pickup'

2020-03-20 14:58:39 - [MESSAGE][PASSED] - Keys '*' sent to object: 'Object Repository/ADMIN/Edit Text/Bespoke/Seller Pages/Delivery Settings/input_add del or pickup'

2020-03-20 14:58:39 - [TEST_STEP][PASSED] - sendKeys(findTestObject("ADMIN/Edit Text/Bespoke/Seller Pages/Delivery Settings/input_DELIVERY OPTIONS_DELIVERY_OPTIONS"), "*"): Keys '*' sent to object: 'Object Repository/ADMIN/Edit Text/Bespoke/Seller Pages/Delivery Settings/input_DELIVERY OPTIONS_DELIVERY_OPTIONS'

2020-03-20 14:58:39 - [MESSAGE][PASSED] - Keys '*' sent to object: 'Object Repository/ADMIN/Edit Text/Bespoke/Seller Pages/Delivery Settings/input_DELIVERY OPTIONS_DELIVERY_OPTIONS'

2020-03-20 14:58:39 - [TEST_STEP][PASSED] - sendKeys(findTestObject("ADMIN/Edit Text/Bespoke/Seller Pages/Delivery Settings/input_Add Delivery Options_select_delivery_method"), "*"): Keys '*' sent to object: 'Object Repository/ADMIN/Edit Text/Bespoke/Seller Pages/Delivery Settings/input_Add Delivery Options_select_delivery_method'

2020-03-20 14:58:40 - [MESSAGE][PASSED] - Keys '*' sent to object: 'Object Repository/ADMIN/Edit Text/Bespoke/Seller Pages/Delivery Settings/input_Add Delivery Options_select_delivery_method'

2020-03-20 14:58:40 - [TEST_STEP][PASSED] - sendKeys(findTestObject("ADMIN/Edit Text/Bespoke/Seller Pages/Delivery Settings/input_Name_Name"), "*"): Keys '*' sent to object: 'Object Repository/ADMIN/Edit Text/Bespoke/Seller Pages/Delivery Settings/input_Name_Name'

2020-03-20 14:58:40 - [MESSAGE][PASSED] - Keys '*' sent to object: 'Object Repository/ADMIN/Edit Text/Bespoke/Seller Pages/Delivery Settings/input_Name_Name'

2020-03-20 14:58:40 - [TEST_STEP][PASSED] - sendKeys(findTestObject("ADMIN/Edit Text/Bespoke/Seller Pages/Delivery Settings/input_DELIVERS TO_DELIVERS_TO"), "*"): Keys '*' sent to object: 'Object Repository/ADMIN/Edit Text/Bespoke/Seller Pages/Delivery Settings/input_DELIVERS TO_DELIVERS_TO'

2020-03-20 14:58:40 - [MESSAGE][PASSED] - Keys '*' sent to object: 'Object Repository/ADMIN/Edit Text/Bespoke/Seller Pages/Delivery Settings/input_DELIVERS TO_DELIVERS_TO'

2020-03-20 14:58:40 - [TEST_STEP][PASSED] - sendKeys(findTestObject("ADMIN/Edit Text/Bespoke/Seller Pages/Delivery Settings/input_PICK-UP OPTIONS_PICK-UP_OPTIONS"), "*"): Keys '*' sent to object: 'Object Repository/ADMIN/Edit Text/Bespoke/Seller Pages/Delivery Settings/input_PICK-UP OPTIONS_PICK-UP_OPTIONS'

2020-03-20 14:58:40 - [MESSAGE][PASSED] - Keys '*' sent to object: 'Object Repository/ADMIN/Edit Text/Bespoke/Seller Pages/Delivery Settings/input_PICK-UP OPTIONS_PICK-UP_OPTIONS'

2020-03-20 14:58:40 - [TEST_STEP][PASSED] - sendKeys(findTestObject("ADMIN/Edit Text/Bespoke/Seller Pages/Delivery Settings/input_Add Pick-up Options_Add_Pick-up_Options"), "*"): Keys '*' sent to object: 'Object Repository/ADMIN/Edit Text/Bespoke/Seller Pages/Delivery Settings/input_Add Pick-up Options_Add_Pick-up_Options'

2020-03-20 14:58:40 - [MESSAGE][PASSED] - Keys '*' sent to object: 'Object Repository/ADMIN/Edit Text/Bespoke/Seller Pages/Delivery Settings/input_Add Pick-up Options_Add_Pick-up_Options'

2020-03-20 14:58:40 - [TEST_STEP][PASSED] - sendKeys(findTestObject("ADMIN/Edit Text/Bespoke/Seller Pages/Delivery Settings/input_Define the full address where the buyer can pick up from_delivery_desc_used"), "*"): Keys '*' sent to object: 'Object Repository/ADMIN/Edit Text/Bespoke/Seller Pages/Delivery Settings/input_Define the full address where the buyer can pick up from_delivery_desc_used'

2020-03-20 14:58:41 - [MESSAGE][PASSED] - Keys '*' sent to object: 'Object Repository/ADMIN/Edit Text/Bespoke/Seller Pages/Delivery Settings/input_Define the full address where the buyer can pick up from_delivery_desc_used'

2020-03-20 14:58:41 - [TEST_STEP][PASSED] - sendKeys(findTestObject("ADMIN/Edit Text/Bespoke/Seller Pages/Delivery Settings/input_Delivers to_Delivers_to (1)"), "*"): Keys '*' sent to object: 'Object Repository/ADMIN/Edit Text/Bespoke/Seller Pages/Delivery Settings/input_Delivers to_Delivers_to (1)'

2020-03-20 14:58:41 - [MESSAGE][PASSED] - Keys '*' sent to object: 'Object Repository/ADMIN/Edit Text/Bespoke/Seller Pages/Delivery Settings/input_Delivers to_Delivers_to (1)'

2020-03-20 14:58:41 - [TEST_STEP][PASSED] - sendKeys(findTestObject("ADMIN/Edit Text/Bespoke/Seller Pages/Delivery Settings/input_Shipping rate by_Shipping_rate_by"), "*"): Keys '*' sent to object: 'Object Repository/ADMIN/Edit Text/Bespoke/Seller Pages/Delivery Settings/input_Shipping rate by_Shipping_rate_by'

2020-03-20 14:58:41 - [MESSAGE][PASSED] - Keys '*' sent to object: 'Object Repository/ADMIN/Edit Text/Bespoke/Seller Pages/Delivery Settings/input_Shipping rate by_Shipping_rate_by'

2020-03-20 14:58:41 - [TEST_STEP][PASSED] - sendKeys(findTestObject("ADMIN/Edit Text/Bespoke/Seller Pages/Delivery Settings/input_Delivering from_Delivering_from"), "*"): Keys '*' sent to object: 'Object Repository/ADMIN/Edit Text/Bespoke/Seller Pages/Delivery Settings/input_Delivering from_Delivering_from'

2020-03-20 14:58:41 - [MESSAGE][PASSED] - Keys '*' sent to object: 'Object Repository/ADMIN/Edit Text/Bespoke/Seller Pages/Delivery Settings/input_Delivering from_Delivering_from'

2020-03-20 14:58:41 - [TEST_STEP][PASSED] - sendKeys(findTestObject("ADMIN/Edit Text/Bespoke/Seller Pages/Delivery Settings/input_Delivery rates(s)_Shipping_rate_by"), "*"): Keys '*' sent to object: 'Object Repository/ADMIN/Edit Text/Bespoke/Seller Pages/Delivery Settings/input_Delivery rates(s)_Shipping_rate_by'

2020-03-20 14:58:42 - [MESSAGE][PASSED] - Keys '*' sent to object: 'Object Repository/ADMIN/Edit Text/Bespoke/Seller Pages/Delivery Settings/input_Delivery rates(s)_Shipping_rate_by'

2020-03-20 14:58:42 - [TEST_STEP][PASSED] - sendKeys(findTestObject("ADMIN/Edit Text/Bespoke/Seller Pages/Delivery Settings/input_Name_Name1"), "*"): Keys '*' sent to object: 'Object Repository/ADMIN/Edit Text/Bespoke/Seller Pages/Delivery Settings/input_Name_Name1'

2020-03-20 14:58:42 - [MESSAGE][PASSED] - Keys '*' sent to object: 'Object Repository/ADMIN/Edit Text/Bespoke/Seller Pages/Delivery Settings/input_Name_Name1'

2020-03-20 14:58:42 - [TEST_STEP][PASSED] - sendKeys(findTestObject("ADMIN/Edit Text/Bespoke/Seller Pages/Delivery Settings/input_Range_Range"), "*"): Keys '*' sent to object: 'Object Repository/ADMIN/Edit Text/Bespoke/Seller Pages/Delivery Settings/input_Range_Range'

2020-03-20 14:58:42 - [MESSAGE][PASSED] - Keys '*' sent to object: 'Object Repository/ADMIN/Edit Text/Bespoke/Seller Pages/Delivery Settings/input_Range_Range'

2020-03-20 14:58:42 - [TEST_STEP][PASSED] - sendKeys(findTestObject("ADMIN/Edit Text/Bespoke/Seller Pages/Delivery Settings/input_Delivery Cost_Delivery_Cost"), "*"): Keys '*' sent to object: 'Object Repository/ADMIN/Edit Text/Bespoke/Seller Pages/Delivery Settings/input_Delivery Cost_Delivery_Cost'

2020-03-20 14:58:42 - [MESSAGE][PASSED] - Keys '*' sent to object: 'Object Repository/ADMIN/Edit Text/Bespoke/Seller Pages/Delivery Settings/input_Delivery Cost_Delivery_Cost'

2020-03-20 14:58:42 - [TEST_STEP][PASSED] - sendKeys(findTestObject("ADMIN/Edit Text/Bespoke/Seller Pages/Delivery Settings/input_Okay_Range"), "*"): Keys '*' sent to object: 'Object Repository/ADMIN/Edit Text/Bespoke/Seller Pages/Delivery Settings/input_Okay_Range'

2020-03-20 14:58:42 - [MESSAGE][PASSED] - Keys '*' sent to object: 'Object Repository/ADMIN/Edit Text/Bespoke/Seller Pages/Delivery Settings/input_Okay_Range'

2020-03-20 14:58:42 - [TEST_STEP][PASSED] - sendKeys(findTestObject("ADMIN/Edit Text/Bespoke/Seller Pages/Delivery Settings/input_ADDEDIT DELIVERY OPTION_Add_edit_delivery_option"), "*"): Keys '*' sent to object: 'Object Repository/ADMIN/Edit Text/Bespoke/Seller Pages/Delivery Settings/input_ADDEDIT DELIVERY OPTION_Add_edit_delivery_option'

2020-03-20 14:58:43 - [MESSAGE][PASSED] - Keys '*' sent to object: 'Object Repository/ADMIN/Edit Text/Bespoke/Seller Pages/Delivery Settings/input_ADDEDIT DELIVERY OPTION_Add_edit_delivery_option'

2020-03-20 14:58:43 - [TEST_STEP][PASSED] - sendKeys(findTestObject("ADMIN/Edit Text/Bespoke/Seller Pages/Delivery Settings/input_Define the locations available and the rates for the delivery option_Define_the_locations_available_and_the_rates_for_the_delivery_option"), "*"): Keys '*' sent to object: 'Object Repository/ADMIN/Edit Text/Bespoke/Seller Pages/Delivery Settings/input_Define the locations available and the rates for the delivery option_Define_the_locations_available_and_the_rates_for_the_delivery_option'

2020-03-20 14:58:43 - [MESSAGE][PASSED] - Keys '*' sent to object: 'Object Repository/ADMIN/Edit Text/Bespoke/Seller Pages/Delivery Settings/input_Define the locations available and the rates for the delivery option_Define_the_locations_available_and_the_rates_for_the_delivery_option'

2020-03-20 14:58:43 - [TEST_STEP][PASSED] - sendKeys(findTestObject("ADMIN/Edit Text/Bespoke/Seller Pages/Delivery Settings/input_DELIVERY OPTION SETTINGS_DELIVERY_OPTIONS_SETTINGS"), "*"): Keys '*' sent to object: 'Object Repository/ADMIN/Edit Text/Bespoke/Seller Pages/Delivery Settings/input_DELIVERY OPTION SETTINGS_DELIVERY_OPTIONS_SETTINGS'

2020-03-20 14:58:43 - [MESSAGE][PASSED] - Keys '*' sent to object: 'Object Repository/ADMIN/Edit Text/Bespoke/Seller Pages/Delivery Settings/input_DELIVERY OPTION SETTINGS_DELIVERY_OPTIONS_SETTINGS'

2020-03-20 14:58:43 - [TEST_STEP][PASSED] - sendKeys(findTestObject("ADMIN/Edit Text/Bespoke/Seller Pages/Delivery Settings/input_DELIVERY OPTION NAME_DELIVERY_OPTION_NAME"), "*"): Keys '*' sent to object: 'Object Repository/ADMIN/Edit Text/Bespoke/Seller Pages/Delivery Settings/input_DELIVERY OPTION NAME_DELIVERY_OPTION_NAME'

2020-03-20 14:58:43 - [MESSAGE][PASSED] - Keys '*' sent to object: 'Object Repository/ADMIN/Edit Text/Bespoke/Seller Pages/Delivery Settings/input_DELIVERY OPTION NAME_DELIVERY_OPTION_NAME'

2020-03-20 14:58:43 - [TEST_STEP][PASSED] - sendKeys(findTestObject("ADMIN/Edit Text/Bespoke/Seller Pages/Delivery Settings/input_delivers to3"), "*"): Keys '*' sent to object: 'Object Repository/ADMIN/Edit Text/Bespoke/Seller Pages/Delivery Settings/input_delivers to3'

2020-03-20 14:58:43 - [MESSAGE][PASSED] - Keys '*' sent to object: 'Object Repository/ADMIN/Edit Text/Bespoke/Seller Pages/Delivery Settings/input_delivers to3'

2020-03-20 14:58:43 - [TEST_STEP][PASSED] - sendKeys(findTestObject("ADMIN/Edit Text/Bespoke/Seller Pages/Delivery Settings/input_MINIMUM LEAD TIME_Minimum_lead_time"), "*"): Keys '*' sent to object: 'Object Repository/ADMIN/Edit Text/Bespoke/Seller Pages/Delivery Settings/input_MINIMUM LEAD TIME_Minimum_lead_time'

2020-03-20 14:58:44 - [MESSAGE][PASSED] - Keys '*' sent to object: 'Object Repository/ADMIN/Edit Text/Bespoke/Seller Pages/Delivery Settings/input_MINIMUM LEAD TIME_Minimum_lead_time'

2020-03-20 14:58:44 - [TEST_STEP][PASSED] - sendKeys(findTestObject("ADMIN/Edit Text/Bespoke/Seller Pages/Delivery Settings/input_WHERE ARE YOU DELIVERING FROM_Where_are_you_delivering_from"), "*"): Keys '*' sent to object: 'Object Repository/ADMIN/Edit Text/Bespoke/Seller Pages/Delivery Settings/input_WHERE ARE YOU DELIVERING FROM_Where_are_you_delivering_from'

2020-03-20 14:58:44 - [MESSAGE][PASSED] - Keys '*' sent to object: 'Object Repository/ADMIN/Edit Text/Bespoke/Seller Pages/Delivery Settings/input_WHERE ARE YOU DELIVERING FROM_Where_are_you_delivering_from'

2020-03-20 14:58:44 - [TEST_STEP][PASSED] - sendKeys(findTestObject("ADMIN/Edit Text/Bespoke/Seller Pages/Delivery Settings/input_Select if you would like to calculate shipping by total order weight or total order price_total_order_weight_or_total_order_price"), "*"): Keys '*' sent to object: 'Object Repository/ADMIN/Edit Text/Bespoke/Seller Pages/Delivery Settings/input_Select if you would like to calculate shipping by total order weight or total order price_total_order_weight_or_total_order_price'

2020-03-20 14:58:44 - [MESSAGE][PASSED] - Keys '*' sent to object: 'Object Repository/ADMIN/Edit Text/Bespoke/Seller Pages/Delivery Settings/input_Select if you would like to calculate shipping by total order weight or total order price_total_order_weight_or_total_order_price'

2020-03-20 14:58:44 - [TEST_STEP][PASSED] - sendKeys(findTestObject("ADMIN/Edit Text/Bespoke/Seller Pages/Delivery Settings/input_Weight_Weight"), "*"): Keys '*' sent to object: 'Object Repository/ADMIN/Edit Text/Bespoke/Seller Pages/Delivery Settings/input_Weight_Weight'

2020-03-20 14:58:44 - [MESSAGE][PASSED] - Keys '*' sent to object: 'Object Repository/ADMIN/Edit Text/Bespoke/Seller Pages/Delivery Settings/input_Weight_Weight'

2020-03-20 14:58:44 - [TEST_STEP][PASSED] - sendKeys(findTestObject("ADMIN/Edit Text/Bespoke/Seller Pages/Delivery Settings/input_Price_Price"), "*"): Keys '*' sent to object: 'Object Repository/ADMIN/Edit Text/Bespoke/Seller Pages/Delivery Settings/input_Price_Price'

2020-03-20 14:58:45 - [MESSAGE][PASSED] - Keys '*' sent to object: 'Object Repository/ADMIN/Edit Text/Bespoke/Seller Pages/Delivery Settings/input_Price_Price'

2020-03-20 14:58:45 - [TEST_STEP][PASSED] - sendKeys(findTestObject("ADMIN/Edit Text/Bespoke/Seller Pages/Delivery Settings/input_Delivery Rate(s)_DelDelivery_Rates"), "*"): Keys '*' sent to object: 'Object Repository/ADMIN/Edit Text/Bespoke/Seller Pages/Delivery Settings/input_Delivery Rate(s)_DelDelivery_Rates'

2020-03-20 14:58:45 - [MESSAGE][PASSED] - Keys '*' sent to object: 'Object Repository/ADMIN/Edit Text/Bespoke/Seller Pages/Delivery Settings/input_Delivery Rate(s)_DelDelivery_Rates'

2020-03-20 14:58:45 - [TEST_STEP][PASSED] - sendKeys(findTestObject("ADMIN/Edit Text/Bespoke/Seller Pages/Delivery Settings/input_NAME_Name (1)"), "*"): Keys '*' sent to object: 'Object Repository/ADMIN/Edit Text/Bespoke/Seller Pages/Delivery Settings/input_NAME_Name (1)'

2020-03-20 14:58:45 - [MESSAGE][PASSED] - Keys '*' sent to object: 'Object Repository/ADMIN/Edit Text/Bespoke/Seller Pages/Delivery Settings/input_NAME_Name (1)'

2020-03-20 14:58:45 - [TEST_STEP][PASSED] - sendKeys(findTestObject("ADMIN/Edit Text/Bespoke/Seller Pages/Delivery Settings/input_RANGE_Range (1)"), "*"): Keys '*' sent to object: 'Object Repository/ADMIN/Edit Text/Bespoke/Seller Pages/Delivery Settings/input_RANGE_Range (1)'

2020-03-20 14:58:45 - [MESSAGE][PASSED] - Keys '*' sent to object: 'Object Repository/ADMIN/Edit Text/Bespoke/Seller Pages/Delivery Settings/input_RANGE_Range (1)'

2020-03-20 14:58:45 - [TEST_STEP][PASSED] - sendKeys(findTestObject("ADMIN/Edit Text/Bespoke/Seller Pages/Delivery Settings/input_DELIVERY COST_Delivery_Cost (1)"), "*"): Keys '*' sent to object: 'Object Repository/ADMIN/Edit Text/Bespoke/Seller Pages/Delivery Settings/input_DELIVERY COST_Delivery_Cost (1)'

2020-03-20 14:58:45 - [MESSAGE][PASSED] - Keys '*' sent to object: 'Object Repository/ADMIN/Edit Text/Bespoke/Seller Pages/Delivery Settings/input_DELIVERY COST_Delivery_Cost (1)'

2020-03-20 14:58:45 - [TEST_STEP][PASSED] - sendKeys(findTestObject("ADMIN/Edit Text/Bespoke/Seller Pages/Delivery Settings/input_Onwards_Onwards"), "*"): Keys '*' sent to object: 'Object Repository/ADMIN/Edit Text/Bespoke/Seller Pages/Delivery Settings/input_Onwards_Onwards'

2020-03-20 14:58:46 - [MESSAGE][PASSED] - Keys '*' sent to object: 'Object Repository/ADMIN/Edit Text/Bespoke/Seller Pages/Delivery Settings/input_Onwards_Onwards'

2020-03-20 14:58:46 - [TEST_STEP][PASSED] - sendKeys(findTestObject("ADMIN/Edit Text/Bespoke/Seller Pages/Delivery Settings/input_Add Delivery Rate_Add_Delivery_Rate"), "*"): Keys '*' sent to object: 'Object Repository/ADMIN/Edit Text/Bespoke/Seller Pages/Delivery Settings/input_Add Delivery Rate_Add_Delivery_Rate'

2020-03-20 14:58:46 - [MESSAGE][PASSED] - Keys '*' sent to object: 'Object Repository/ADMIN/Edit Text/Bespoke/Seller Pages/Delivery Settings/input_Add Delivery Rate_Add_Delivery_Rate'

2020-03-20 14:58:46 - [TEST_STEP][PASSED] - sendKeys(findTestObject("ADMIN/Edit Text/Bespoke/Seller Pages/Delivery Settings/input_Delivery Rate Name (Buyers will not see this)_Delivery_Rate_Name"), "*"): Keys '*' sent to object: 'Object Repository/ADMIN/Edit Text/Bespoke/Seller Pages/Delivery Settings/input_Delivery Rate Name (Buyers will not see this)_Delivery_Rate_Name'

2020-03-20 14:58:46 - [MESSAGE][PASSED] - Keys '*' sent to object: 'Object Repository/ADMIN/Edit Text/Bespoke/Seller Pages/Delivery Settings/input_Delivery Rate Name (Buyers will not see this)_Delivery_Rate_Name'

2020-03-20 14:58:46 - [TEST_STEP][PASSED] - sendKeys(findTestObject("ADMIN/Edit Text/Bespoke/Seller Pages/Delivery Settings/input_To_To"), "*"): Keys '*' sent to object: 'Object Repository/ADMIN/Edit Text/Bespoke/Seller Pages/Delivery Settings/input_To_To'

2020-03-20 14:58:46 - [MESSAGE][PASSED] - Keys '*' sent to object: 'Object Repository/ADMIN/Edit Text/Bespoke/Seller Pages/Delivery Settings/input_To_To'

2020-03-20 14:58:46 - [TEST_STEP][PASSED] - sendKeys(findTestObject("ADMIN/Edit Text/Bespoke/Seller Pages/Delivery Settings/input_delivery cost4"), "*"): Keys '*' sent to object: 'Object Repository/ADMIN/Edit Text/Bespoke/Seller Pages/Delivery Settings/input_delivery cost4'

2020-03-20 14:58:47 - [MESSAGE][PASSED] - Keys '*' sent to object: 'Object Repository/ADMIN/Edit Text/Bespoke/Seller Pages/Delivery Settings/input_delivery cost4'

2020-03-20 14:58:47 - [TEST_STEP][PASSED] - sendKeys(findTestObject("ADMIN/Edit Text/Bespoke/Seller Pages/Delivery Settings/input_Save_Save"), "*"): Keys '*' sent to object: 'Object Repository/ADMIN/Edit Text/Bespoke/Seller Pages/Delivery Settings/input_Save_Save'

2020-03-20 14:58:47 - [MESSAGE][PASSED] - Keys '*' sent to object: 'Object Repository/ADMIN/Edit Text/Bespoke/Seller Pages/Delivery Settings/input_Save_Save'

2020-03-20 14:58:47 - [TEST_STEP][PASSED] - sendKeys(findTestObject("ADMIN/Edit Text/Bespoke/Seller Pages/Delivery Settings/input_Cancel_Cancel"), "*"): Keys '*' sent to object: 'Object Repository/ADMIN/Edit Text/Bespoke/Seller Pages/Delivery Settings/input_Cancel_Cancel'

2020-03-20 14:58:47 - [MESSAGE][PASSED] - Keys '*' sent to object: 'Object Repository/ADMIN/Edit Text/Bespoke/Seller Pages/Delivery Settings/input_Cancel_Cancel'

2020-03-20 14:58:47 - [TEST_STEP][PASSED] - click(findTestObject("ADMIN/Edit Text/Bespoke/Buyer Pages/Homepage/button_save"), CONTINUE_ON_FAILURE): Object: 'Object Repository/ADMIN/Edit Text/Bespoke/Buyer Pages/Homepage/button_save' is clicked on

2020-03-20 14:58:47 - [MESSAGE][PASSED] - Object: 'Object Repository/ADMIN/Edit Text/Bespoke/Buyer Pages/Homepage/button_save' is clicked on

2020-03-20 14:58:47 - [TEST_STEP][PASSED] - waitForElementVisible(findTestObject("ADMIN/Edit Text/Bespoke/Buyer Pages/Homepage/toaster_success"), 0): Object 'Object Repository/ADMIN/Edit Text/Bespoke/Buyer Pages/Homepage/toaster_success' is visible

2020-03-20 14:58:47 - [MESSAGE][WARNING] - Timeout '0' is invalid. Using default page load timeout: '30'

2020-03-20 14:58:48 - [MESSAGE][PASSED] - Object 'Object Repository/ADMIN/Edit Text/Bespoke/Buyer Pages/Homepage/toaster_success' is visible]]></system-out>
         <system-err><![CDATA[]]></system-err>
      </testcase>
      <testcase name="Test Cases/ADMIN/Language/Edit Text/Bespoke/Seller/Delivery Settings" time="11.474" classname="Test Cases/ADMIN/Language/Edit Text/Bespoke/Seller/Delivery Settings" status="PASSED">
         <system-out><![CDATA[2020-03-20 14:58:48 - [TEST_CASE][PASSED] - Test Cases/ADMIN/Language/Edit Text/Bespoke/Seller/Delivery Settings: Test Cases/ADMIN/Language/Edit Text/Bespoke/Seller/Delivery Settings

2020-03-20 14:58:48 - [TEST_STEP][PASSED] - waitForElementVisible(findTestObject("ADMIN/Edit Text/Bespoke/Buyer Navigation/dd_language"), 0): Object 'Object Repository/ADMIN/Edit Text/Bespoke/Buyer Navigation/dd_language' is visible

2020-03-20 14:58:48 - [MESSAGE][WARNING] - Timeout '0' is invalid. Using default page load timeout: '30'

2020-03-20 14:58:48 - [MESSAGE][PASSED] - Object 'Object Repository/ADMIN/Edit Text/Bespoke/Buyer Navigation/dd_language' is visible

2020-03-20 14:58:48 - [TEST_STEP][PASSED] - selectOptionByLabel(findTestObject("ADMIN/Edit Text/Bespoke/Buyer Navigation/dd_language"), varLanguage, false): All options with label 'Portuguese' are selected in object 'Object Repository/ADMIN/Edit Text/Bespoke/Buyer Navigation/dd_language' 

2020-03-20 14:58:49 - [MESSAGE][PASSED] - All options with label 'Portuguese' are selected in object 'Object Repository/ADMIN/Edit Text/Bespoke/Buyer Navigation/dd_language' 

2020-03-20 14:58:49 - [TEST_STEP][PASSED] - sendKeys(findTestObject("ADMIN/Edit Text/Bespoke/Seller Pages/Delivery Settings/input_DELIVERY SETTINGS_DELIVERY_SETTINGS"), "*"): Keys '*' sent to object: 'Object Repository/ADMIN/Edit Text/Bespoke/Seller Pages/Delivery Settings/input_DELIVERY SETTINGS_DELIVERY_SETTINGS'

2020-03-20 14:58:50 - [MESSAGE][PASSED] - Keys '*' sent to object: 'Object Repository/ADMIN/Edit Text/Bespoke/Seller Pages/Delivery Settings/input_DELIVERY SETTINGS_DELIVERY_SETTINGS'

2020-03-20 14:58:50 - [TEST_STEP][PASSED] - sendKeys(findTestObject("ADMIN/Edit Text/Bespoke/Seller Pages/Delivery Settings/input_add del or pickup"), "*"): Keys '*' sent to object: 'Object Repository/ADMIN/Edit Text/Bespoke/Seller Pages/Delivery Settings/input_add del or pickup'

2020-03-20 14:58:50 - [MESSAGE][PASSED] - Keys '*' sent to object: 'Object Repository/ADMIN/Edit Text/Bespoke/Seller Pages/Delivery Settings/input_add del or pickup'

2020-03-20 14:58:50 - [TEST_STEP][PASSED] - sendKeys(findTestObject("ADMIN/Edit Text/Bespoke/Seller Pages/Delivery Settings/input_DELIVERY OPTIONS_DELIVERY_OPTIONS"), "*"): Keys '*' sent to object: 'Object Repository/ADMIN/Edit Text/Bespoke/Seller Pages/Delivery Settings/input_DELIVERY OPTIONS_DELIVERY_OPTIONS'

2020-03-20 14:58:50 - [MESSAGE][PASSED] - Keys '*' sent to object: 'Object Repository/ADMIN/Edit Text/Bespoke/Seller Pages/Delivery Settings/input_DELIVERY OPTIONS_DELIVERY_OPTIONS'

2020-03-20 14:58:50 - [TEST_STEP][PASSED] - sendKeys(findTestObject("ADMIN/Edit Text/Bespoke/Seller Pages/Delivery Settings/input_Add Delivery Options_select_delivery_method"), "*"): Keys '*' sent to object: 'Object Repository/ADMIN/Edit Text/Bespoke/Seller Pages/Delivery Settings/input_Add Delivery Options_select_delivery_method'

2020-03-20 14:58:50 - [MESSAGE][PASSED] - Keys '*' sent to object: 'Object Repository/ADMIN/Edit Text/Bespoke/Seller Pages/Delivery Settings/input_Add Delivery Options_select_delivery_method'

2020-03-20 14:58:50 - [TEST_STEP][PASSED] - sendKeys(findTestObject("ADMIN/Edit Text/Bespoke/Seller Pages/Delivery Settings/input_Name_Name"), "*"): Keys '*' sent to object: 'Object Repository/ADMIN/Edit Text/Bespoke/Seller Pages/Delivery Settings/input_Name_Name'

2020-03-20 14:58:51 - [MESSAGE][PASSED] - Keys '*' sent to object: 'Object Repository/ADMIN/Edit Text/Bespoke/Seller Pages/Delivery Settings/input_Name_Name'

2020-03-20 14:58:51 - [TEST_STEP][PASSED] - sendKeys(findTestObject("ADMIN/Edit Text/Bespoke/Seller Pages/Delivery Settings/input_DELIVERS TO_DELIVERS_TO"), "*"): Keys '*' sent to object: 'Object Repository/ADMIN/Edit Text/Bespoke/Seller Pages/Delivery Settings/input_DELIVERS TO_DELIVERS_TO'

2020-03-20 14:58:51 - [MESSAGE][PASSED] - Keys '*' sent to object: 'Object Repository/ADMIN/Edit Text/Bespoke/Seller Pages/Delivery Settings/input_DELIVERS TO_DELIVERS_TO'

2020-03-20 14:58:51 - [TEST_STEP][PASSED] - sendKeys(findTestObject("ADMIN/Edit Text/Bespoke/Seller Pages/Delivery Settings/input_PICK-UP OPTIONS_PICK-UP_OPTIONS"), "*"): Keys '*' sent to object: 'Object Repository/ADMIN/Edit Text/Bespoke/Seller Pages/Delivery Settings/input_PICK-UP OPTIONS_PICK-UP_OPTIONS'

2020-03-20 14:58:51 - [MESSAGE][PASSED] - Keys '*' sent to object: 'Object Repository/ADMIN/Edit Text/Bespoke/Seller Pages/Delivery Settings/input_PICK-UP OPTIONS_PICK-UP_OPTIONS'

2020-03-20 14:58:51 - [TEST_STEP][PASSED] - sendKeys(findTestObject("ADMIN/Edit Text/Bespoke/Seller Pages/Delivery Settings/input_Add Pick-up Options_Add_Pick-up_Options"), "*"): Keys '*' sent to object: 'Object Repository/ADMIN/Edit Text/Bespoke/Seller Pages/Delivery Settings/input_Add Pick-up Options_Add_Pick-up_Options'

2020-03-20 14:58:51 - [MESSAGE][PASSED] - Keys '*' sent to object: 'Object Repository/ADMIN/Edit Text/Bespoke/Seller Pages/Delivery Settings/input_Add Pick-up Options_Add_Pick-up_Options'

2020-03-20 14:58:51 - [TEST_STEP][PASSED] - sendKeys(findTestObject("ADMIN/Edit Text/Bespoke/Seller Pages/Delivery Settings/input_Define the full address where the buyer can pick up from_delivery_desc_used"), "*"): Keys '*' sent to object: 'Object Repository/ADMIN/Edit Text/Bespoke/Seller Pages/Delivery Settings/input_Define the full address where the buyer can pick up from_delivery_desc_used'

2020-03-20 14:58:52 - [MESSAGE][PASSED] - Keys '*' sent to object: 'Object Repository/ADMIN/Edit Text/Bespoke/Seller Pages/Delivery Settings/input_Define the full address where the buyer can pick up from_delivery_desc_used'

2020-03-20 14:58:52 - [TEST_STEP][PASSED] - sendKeys(findTestObject("ADMIN/Edit Text/Bespoke/Seller Pages/Delivery Settings/input_Delivers to_Delivers_to (1)"), "*"): Keys '*' sent to object: 'Object Repository/ADMIN/Edit Text/Bespoke/Seller Pages/Delivery Settings/input_Delivers to_Delivers_to (1)'

2020-03-20 14:58:52 - [MESSAGE][PASSED] - Keys '*' sent to object: 'Object Repository/ADMIN/Edit Text/Bespoke/Seller Pages/Delivery Settings/input_Delivers to_Delivers_to (1)'

2020-03-20 14:58:52 - [TEST_STEP][PASSED] - sendKeys(findTestObject("ADMIN/Edit Text/Bespoke/Seller Pages/Delivery Settings/input_Shipping rate by_Shipping_rate_by"), "*"): Keys '*' sent to object: 'Object Repository/ADMIN/Edit Text/Bespoke/Seller Pages/Delivery Settings/input_Shipping rate by_Shipping_rate_by'

2020-03-20 14:58:52 - [MESSAGE][PASSED] - Keys '*' sent to object: 'Object Repository/ADMIN/Edit Text/Bespoke/Seller Pages/Delivery Settings/input_Shipping rate by_Shipping_rate_by'

2020-03-20 14:58:52 - [TEST_STEP][PASSED] - sendKeys(findTestObject("ADMIN/Edit Text/Bespoke/Seller Pages/Delivery Settings/input_Delivering from_Delivering_from"), "*"): Keys '*' sent to object: 'Object Repository/ADMIN/Edit Text/Bespoke/Seller Pages/Delivery Settings/input_Delivering from_Delivering_from'

2020-03-20 14:58:52 - [MESSAGE][PASSED] - Keys '*' sent to object: 'Object Repository/ADMIN/Edit Text/Bespoke/Seller Pages/Delivery Settings/input_Delivering from_Delivering_from'

2020-03-20 14:58:52 - [TEST_STEP][PASSED] - sendKeys(findTestObject("ADMIN/Edit Text/Bespoke/Seller Pages/Delivery Settings/input_Delivery rates(s)_Shipping_rate_by"), "*"): Keys '*' sent to object: 'Object Repository/ADMIN/Edit Text/Bespoke/Seller Pages/Delivery Settings/input_Delivery rates(s)_Shipping_rate_by'

2020-03-20 14:58:53 - [MESSAGE][PASSED] - Keys '*' sent to object: 'Object Repository/ADMIN/Edit Text/Bespoke/Seller Pages/Delivery Settings/input_Delivery rates(s)_Shipping_rate_by'

2020-03-20 14:58:53 - [TEST_STEP][PASSED] - sendKeys(findTestObject("ADMIN/Edit Text/Bespoke/Seller Pages/Delivery Settings/input_Name_Name1"), "*"): Keys '*' sent to object: 'Object Repository/ADMIN/Edit Text/Bespoke/Seller Pages/Delivery Settings/input_Name_Name1'

2020-03-20 14:58:53 - [MESSAGE][PASSED] - Keys '*' sent to object: 'Object Repository/ADMIN/Edit Text/Bespoke/Seller Pages/Delivery Settings/input_Name_Name1'

2020-03-20 14:58:53 - [TEST_STEP][PASSED] - sendKeys(findTestObject("ADMIN/Edit Text/Bespoke/Seller Pages/Delivery Settings/input_Range_Range"), "*"): Keys '*' sent to object: 'Object Repository/ADMIN/Edit Text/Bespoke/Seller Pages/Delivery Settings/input_Range_Range'

2020-03-20 14:58:53 - [MESSAGE][PASSED] - Keys '*' sent to object: 'Object Repository/ADMIN/Edit Text/Bespoke/Seller Pages/Delivery Settings/input_Range_Range'

2020-03-20 14:58:53 - [TEST_STEP][PASSED] - sendKeys(findTestObject("ADMIN/Edit Text/Bespoke/Seller Pages/Delivery Settings/input_Delivery Cost_Delivery_Cost"), "*"): Keys '*' sent to object: 'Object Repository/ADMIN/Edit Text/Bespoke/Seller Pages/Delivery Settings/input_Delivery Cost_Delivery_Cost'

2020-03-20 14:58:53 - [MESSAGE][PASSED] - Keys '*' sent to object: 'Object Repository/ADMIN/Edit Text/Bespoke/Seller Pages/Delivery Settings/input_Delivery Cost_Delivery_Cost'

2020-03-20 14:58:53 - [TEST_STEP][PASSED] - sendKeys(findTestObject("ADMIN/Edit Text/Bespoke/Seller Pages/Delivery Settings/input_Okay_Range"), "*"): Keys '*' sent to object: 'Object Repository/ADMIN/Edit Text/Bespoke/Seller Pages/Delivery Settings/input_Okay_Range'

2020-03-20 14:58:53 - [MESSAGE][PASSED] - Keys '*' sent to object: 'Object Repository/ADMIN/Edit Text/Bespoke/Seller Pages/Delivery Settings/input_Okay_Range'

2020-03-20 14:58:53 - [TEST_STEP][PASSED] - sendKeys(findTestObject("ADMIN/Edit Text/Bespoke/Seller Pages/Delivery Settings/input_ADDEDIT DELIVERY OPTION_Add_edit_delivery_option"), "*"): Keys '*' sent to object: 'Object Repository/ADMIN/Edit Text/Bespoke/Seller Pages/Delivery Settings/input_ADDEDIT DELIVERY OPTION_Add_edit_delivery_option'

2020-03-20 14:58:54 - [MESSAGE][PASSED] - Keys '*' sent to object: 'Object Repository/ADMIN/Edit Text/Bespoke/Seller Pages/Delivery Settings/input_ADDEDIT DELIVERY OPTION_Add_edit_delivery_option'

2020-03-20 14:58:54 - [TEST_STEP][PASSED] - sendKeys(findTestObject("ADMIN/Edit Text/Bespoke/Seller Pages/Delivery Settings/input_Define the locations available and the rates for the delivery option_Define_the_locations_available_and_the_rates_for_the_delivery_option"), "*"): Keys '*' sent to object: 'Object Repository/ADMIN/Edit Text/Bespoke/Seller Pages/Delivery Settings/input_Define the locations available and the rates for the delivery option_Define_the_locations_available_and_the_rates_for_the_delivery_option'

2020-03-20 14:58:54 - [MESSAGE][PASSED] - Keys '*' sent to object: 'Object Repository/ADMIN/Edit Text/Bespoke/Seller Pages/Delivery Settings/input_Define the locations available and the rates for the delivery option_Define_the_locations_available_and_the_rates_for_the_delivery_option'

2020-03-20 14:58:54 - [TEST_STEP][PASSED] - sendKeys(findTestObject("ADMIN/Edit Text/Bespoke/Seller Pages/Delivery Settings/input_DELIVERY OPTION SETTINGS_DELIVERY_OPTIONS_SETTINGS"), "*"): Keys '*' sent to object: 'Object Repository/ADMIN/Edit Text/Bespoke/Seller Pages/Delivery Settings/input_DELIVERY OPTION SETTINGS_DELIVERY_OPTIONS_SETTINGS'

2020-03-20 14:58:54 - [MESSAGE][PASSED] - Keys '*' sent to object: 'Object Repository/ADMIN/Edit Text/Bespoke/Seller Pages/Delivery Settings/input_DELIVERY OPTION SETTINGS_DELIVERY_OPTIONS_SETTINGS'

2020-03-20 14:58:54 - [TEST_STEP][PASSED] - sendKeys(findTestObject("ADMIN/Edit Text/Bespoke/Seller Pages/Delivery Settings/input_DELIVERY OPTION NAME_DELIVERY_OPTION_NAME"), "*"): Keys '*' sent to object: 'Object Repository/ADMIN/Edit Text/Bespoke/Seller Pages/Delivery Settings/input_DELIVERY OPTION NAME_DELIVERY_OPTION_NAME'

2020-03-20 14:58:55 - [MESSAGE][PASSED] - Keys '*' sent to object: 'Object Repository/ADMIN/Edit Text/Bespoke/Seller Pages/Delivery Settings/input_DELIVERY OPTION NAME_DELIVERY_OPTION_NAME'

2020-03-20 14:58:55 - [TEST_STEP][PASSED] - sendKeys(findTestObject("ADMIN/Edit Text/Bespoke/Seller Pages/Delivery Settings/input_delivers to3"), "*"): Keys '*' sent to object: 'Object Repository/ADMIN/Edit Text/Bespoke/Seller Pages/Delivery Settings/input_delivers to3'

2020-03-20 14:58:55 - [MESSAGE][PASSED] - Keys '*' sent to object: 'Object Repository/ADMIN/Edit Text/Bespoke/Seller Pages/Delivery Settings/input_delivers to3'

2020-03-20 14:58:55 - [TEST_STEP][PASSED] - sendKeys(findTestObject("ADMIN/Edit Text/Bespoke/Seller Pages/Delivery Settings/input_MINIMUM LEAD TIME_Minimum_lead_time"), "*"): Keys '*' sent to object: 'Object Repository/ADMIN/Edit Text/Bespoke/Seller Pages/Delivery Settings/input_MINIMUM LEAD TIME_Minimum_lead_time'

2020-03-20 14:58:55 - [MESSAGE][PASSED] - Keys '*' sent to object: 'Object Repository/ADMIN/Edit Text/Bespoke/Seller Pages/Delivery Settings/input_MINIMUM LEAD TIME_Minimum_lead_time'

2020-03-20 14:58:55 - [TEST_STEP][PASSED] - sendKeys(findTestObject("ADMIN/Edit Text/Bespoke/Seller Pages/Delivery Settings/input_WHERE ARE YOU DELIVERING FROM_Where_are_you_delivering_from"), "*"): Keys '*' sent to object: 'Object Repository/ADMIN/Edit Text/Bespoke/Seller Pages/Delivery Settings/input_WHERE ARE YOU DELIVERING FROM_Where_are_you_delivering_from'

2020-03-20 14:58:55 - [MESSAGE][PASSED] - Keys '*' sent to object: 'Object Repository/ADMIN/Edit Text/Bespoke/Seller Pages/Delivery Settings/input_WHERE ARE YOU DELIVERING FROM_Where_are_you_delivering_from'

2020-03-20 14:58:55 - [TEST_STEP][PASSED] - sendKeys(findTestObject("ADMIN/Edit Text/Bespoke/Seller Pages/Delivery Settings/input_Select if you would like to calculate shipping by total order weight or total order price_total_order_weight_or_total_order_price"), "*"): Keys '*' sent to object: 'Object Repository/ADMIN/Edit Text/Bespoke/Seller Pages/Delivery Settings/input_Select if you would like to calculate shipping by total order weight or total order price_total_order_weight_or_total_order_price'

2020-03-20 14:58:56 - [MESSAGE][PASSED] - Keys '*' sent to object: 'Object Repository/ADMIN/Edit Text/Bespoke/Seller Pages/Delivery Settings/input_Select if you would like to calculate shipping by total order weight or total order price_total_order_weight_or_total_order_price'

2020-03-20 14:58:56 - [TEST_STEP][PASSED] - sendKeys(findTestObject("ADMIN/Edit Text/Bespoke/Seller Pages/Delivery Settings/input_Weight_Weight"), "*"): Keys '*' sent to object: 'Object Repository/ADMIN/Edit Text/Bespoke/Seller Pages/Delivery Settings/input_Weight_Weight'

2020-03-20 14:58:56 - [MESSAGE][PASSED] - Keys '*' sent to object: 'Object Repository/ADMIN/Edit Text/Bespoke/Seller Pages/Delivery Settings/input_Weight_Weight'

2020-03-20 14:58:56 - [TEST_STEP][PASSED] - sendKeys(findTestObject("ADMIN/Edit Text/Bespoke/Seller Pages/Delivery Settings/input_Price_Price"), "*"): Keys '*' sent to object: 'Object Repository/ADMIN/Edit Text/Bespoke/Seller Pages/Delivery Settings/input_Price_Price'

2020-03-20 14:58:56 - [MESSAGE][PASSED] - Keys '*' sent to object: 'Object Repository/ADMIN/Edit Text/Bespoke/Seller Pages/Delivery Settings/input_Price_Price'

2020-03-20 14:58:56 - [TEST_STEP][PASSED] - sendKeys(findTestObject("ADMIN/Edit Text/Bespoke/Seller Pages/Delivery Settings/input_Delivery Rate(s)_DelDelivery_Rates"), "*"): Keys '*' sent to object: 'Object Repository/ADMIN/Edit Text/Bespoke/Seller Pages/Delivery Settings/input_Delivery Rate(s)_DelDelivery_Rates'

2020-03-20 14:58:56 - [MESSAGE][PASSED] - Keys '*' sent to object: 'Object Repository/ADMIN/Edit Text/Bespoke/Seller Pages/Delivery Settings/input_Delivery Rate(s)_DelDelivery_Rates'

2020-03-20 14:58:56 - [TEST_STEP][PASSED] - sendKeys(findTestObject("ADMIN/Edit Text/Bespoke/Seller Pages/Delivery Settings/input_NAME_Name (1)"), "*"): Keys '*' sent to object: 'Object Repository/ADMIN/Edit Text/Bespoke/Seller Pages/Delivery Settings/input_NAME_Name (1)'

2020-03-20 14:58:56 - [MESSAGE][PASSED] - Keys '*' sent to object: 'Object Repository/ADMIN/Edit Text/Bespoke/Seller Pages/Delivery Settings/input_NAME_Name (1)'

2020-03-20 14:58:56 - [TEST_STEP][PASSED] - sendKeys(findTestObject("ADMIN/Edit Text/Bespoke/Seller Pages/Delivery Settings/input_RANGE_Range (1)"), "*"): Keys '*' sent to object: 'Object Repository/ADMIN/Edit Text/Bespoke/Seller Pages/Delivery Settings/input_RANGE_Range (1)'

2020-03-20 14:58:57 - [MESSAGE][PASSED] - Keys '*' sent to object: 'Object Repository/ADMIN/Edit Text/Bespoke/Seller Pages/Delivery Settings/input_RANGE_Range (1)'

2020-03-20 14:58:57 - [TEST_STEP][PASSED] - sendKeys(findTestObject("ADMIN/Edit Text/Bespoke/Seller Pages/Delivery Settings/input_DELIVERY COST_Delivery_Cost (1)"), "*"): Keys '*' sent to object: 'Object Repository/ADMIN/Edit Text/Bespoke/Seller Pages/Delivery Settings/input_DELIVERY COST_Delivery_Cost (1)'

2020-03-20 14:58:57 - [MESSAGE][PASSED] - Keys '*' sent to object: 'Object Repository/ADMIN/Edit Text/Bespoke/Seller Pages/Delivery Settings/input_DELIVERY COST_Delivery_Cost (1)'

2020-03-20 14:58:57 - [TEST_STEP][PASSED] - sendKeys(findTestObject("ADMIN/Edit Text/Bespoke/Seller Pages/Delivery Settings/input_Onwards_Onwards"), "*"): Keys '*' sent to object: 'Object Repository/ADMIN/Edit Text/Bespoke/Seller Pages/Delivery Settings/input_Onwards_Onwards'

2020-03-20 14:58:57 - [MESSAGE][PASSED] - Keys '*' sent to object: 'Object Repository/ADMIN/Edit Text/Bespoke/Seller Pages/Delivery Settings/input_Onwards_Onwards'

2020-03-20 14:58:57 - [TEST_STEP][PASSED] - sendKeys(findTestObject("ADMIN/Edit Text/Bespoke/Seller Pages/Delivery Settings/input_Add Delivery Rate_Add_Delivery_Rate"), "*"): Keys '*' sent to object: 'Object Repository/ADMIN/Edit Text/Bespoke/Seller Pages/Delivery Settings/input_Add Delivery Rate_Add_Delivery_Rate'

2020-03-20 14:58:57 - [MESSAGE][PASSED] - Keys '*' sent to object: 'Object Repository/ADMIN/Edit Text/Bespoke/Seller Pages/Delivery Settings/input_Add Delivery Rate_Add_Delivery_Rate'

2020-03-20 14:58:57 - [TEST_STEP][PASSED] - sendKeys(findTestObject("ADMIN/Edit Text/Bespoke/Seller Pages/Delivery Settings/input_Delivery Rate Name (Buyers will not see this)_Delivery_Rate_Name"), "*"): Keys '*' sent to object: 'Object Repository/ADMIN/Edit Text/Bespoke/Seller Pages/Delivery Settings/input_Delivery Rate Name (Buyers will not see this)_Delivery_Rate_Name'

2020-03-20 14:58:57 - [MESSAGE][PASSED] - Keys '*' sent to object: 'Object Repository/ADMIN/Edit Text/Bespoke/Seller Pages/Delivery Settings/input_Delivery Rate Name (Buyers will not see this)_Delivery_Rate_Name'

2020-03-20 14:58:57 - [TEST_STEP][PASSED] - sendKeys(findTestObject("ADMIN/Edit Text/Bespoke/Seller Pages/Delivery Settings/input_To_To"), "*"): Keys '*' sent to object: 'Object Repository/ADMIN/Edit Text/Bespoke/Seller Pages/Delivery Settings/input_To_To'

2020-03-20 14:58:58 - [MESSAGE][PASSED] - Keys '*' sent to object: 'Object Repository/ADMIN/Edit Text/Bespoke/Seller Pages/Delivery Settings/input_To_To'

2020-03-20 14:58:58 - [TEST_STEP][PASSED] - sendKeys(findTestObject("ADMIN/Edit Text/Bespoke/Seller Pages/Delivery Settings/input_delivery cost4"), "*"): Keys '*' sent to object: 'Object Repository/ADMIN/Edit Text/Bespoke/Seller Pages/Delivery Settings/input_delivery cost4'

2020-03-20 14:58:58 - [MESSAGE][PASSED] - Keys '*' sent to object: 'Object Repository/ADMIN/Edit Text/Bespoke/Seller Pages/Delivery Settings/input_delivery cost4'

2020-03-20 14:58:58 - [TEST_STEP][PASSED] - sendKeys(findTestObject("ADMIN/Edit Text/Bespoke/Seller Pages/Delivery Settings/input_Save_Save"), "*"): Keys '*' sent to object: 'Object Repository/ADMIN/Edit Text/Bespoke/Seller Pages/Delivery Settings/input_Save_Save'

2020-03-20 14:58:58 - [MESSAGE][PASSED] - Keys '*' sent to object: 'Object Repository/ADMIN/Edit Text/Bespoke/Seller Pages/Delivery Settings/input_Save_Save'

2020-03-20 14:58:58 - [TEST_STEP][PASSED] - sendKeys(findTestObject("ADMIN/Edit Text/Bespoke/Seller Pages/Delivery Settings/input_Cancel_Cancel"), "*"): Keys '*' sent to object: 'Object Repository/ADMIN/Edit Text/Bespoke/Seller Pages/Delivery Settings/input_Cancel_Cancel'

2020-03-20 14:58:58 - [MESSAGE][PASSED] - Keys '*' sent to object: 'Object Repository/ADMIN/Edit Text/Bespoke/Seller Pages/Delivery Settings/input_Cancel_Cancel'

2020-03-20 14:58:58 - [TEST_STEP][PASSED] - click(findTestObject("ADMIN/Edit Text/Bespoke/Buyer Pages/Homepage/button_save"), CONTINUE_ON_FAILURE): Object: 'Object Repository/ADMIN/Edit Text/Bespoke/Buyer Pages/Homepage/button_save' is clicked on

2020-03-20 14:58:59 - [MESSAGE][PASSED] - Object: 'Object Repository/ADMIN/Edit Text/Bespoke/Buyer Pages/Homepage/button_save' is clicked on

2020-03-20 14:58:59 - [TEST_STEP][PASSED] - waitForElementVisible(findTestObject("ADMIN/Edit Text/Bespoke/Buyer Pages/Homepage/toaster_success"), 0): Object 'Object Repository/ADMIN/Edit Text/Bespoke/Buyer Pages/Homepage/toaster_success' is visible

2020-03-20 14:58:59 - [MESSAGE][WARNING] - Timeout '0' is invalid. Using default page load timeout: '30'

2020-03-20 14:58:59 - [MESSAGE][PASSED] - Object 'Object Repository/ADMIN/Edit Text/Bespoke/Buyer Pages/Homepage/toaster_success' is visible]]></system-out>
         <system-err><![CDATA[]]></system-err>
      </testcase>
      <testcase name="Test Cases/ADMIN/Language/Edit Text/Bespoke/Seller/Delivery Settings" time="10.856" classname="Test Cases/ADMIN/Language/Edit Text/Bespoke/Seller/Delivery Settings" status="PASSED">
         <system-out><![CDATA[2020-03-20 14:58:59 - [TEST_CASE][PASSED] - Test Cases/ADMIN/Language/Edit Text/Bespoke/Seller/Delivery Settings: Test Cases/ADMIN/Language/Edit Text/Bespoke/Seller/Delivery Settings

2020-03-20 14:58:59 - [TEST_STEP][PASSED] - waitForElementVisible(findTestObject("ADMIN/Edit Text/Bespoke/Buyer Navigation/dd_language"), 0): Object 'Object Repository/ADMIN/Edit Text/Bespoke/Buyer Navigation/dd_language' is visible

2020-03-20 14:59:00 - [MESSAGE][WARNING] - Timeout '0' is invalid. Using default page load timeout: '30'

2020-03-20 14:59:00 - [MESSAGE][PASSED] - Object 'Object Repository/ADMIN/Edit Text/Bespoke/Buyer Navigation/dd_language' is visible

2020-03-20 14:59:00 - [TEST_STEP][PASSED] - selectOptionByLabel(findTestObject("ADMIN/Edit Text/Bespoke/Buyer Navigation/dd_language"), varLanguage, false): All options with label 'Indonesian' are selected in object 'Object Repository/ADMIN/Edit Text/Bespoke/Buyer Navigation/dd_language' 

2020-03-20 14:59:00 - [MESSAGE][PASSED] - All options with label 'Indonesian' are selected in object 'Object Repository/ADMIN/Edit Text/Bespoke/Buyer Navigation/dd_language' 

2020-03-20 14:59:00 - [TEST_STEP][PASSED] - sendKeys(findTestObject("ADMIN/Edit Text/Bespoke/Seller Pages/Delivery Settings/input_DELIVERY SETTINGS_DELIVERY_SETTINGS"), "*"): Keys '*' sent to object: 'Object Repository/ADMIN/Edit Text/Bespoke/Seller Pages/Delivery Settings/input_DELIVERY SETTINGS_DELIVERY_SETTINGS'

2020-03-20 14:59:01 - [MESSAGE][PASSED] - Keys '*' sent to object: 'Object Repository/ADMIN/Edit Text/Bespoke/Seller Pages/Delivery Settings/input_DELIVERY SETTINGS_DELIVERY_SETTINGS'

2020-03-20 14:59:01 - [TEST_STEP][PASSED] - sendKeys(findTestObject("ADMIN/Edit Text/Bespoke/Seller Pages/Delivery Settings/input_add del or pickup"), "*"): Keys '*' sent to object: 'Object Repository/ADMIN/Edit Text/Bespoke/Seller Pages/Delivery Settings/input_add del or pickup'

2020-03-20 14:59:01 - [MESSAGE][PASSED] - Keys '*' sent to object: 'Object Repository/ADMIN/Edit Text/Bespoke/Seller Pages/Delivery Settings/input_add del or pickup'

2020-03-20 14:59:01 - [TEST_STEP][PASSED] - sendKeys(findTestObject("ADMIN/Edit Text/Bespoke/Seller Pages/Delivery Settings/input_DELIVERY OPTIONS_DELIVERY_OPTIONS"), "*"): Keys '*' sent to object: 'Object Repository/ADMIN/Edit Text/Bespoke/Seller Pages/Delivery Settings/input_DELIVERY OPTIONS_DELIVERY_OPTIONS'

2020-03-20 14:59:01 - [MESSAGE][PASSED] - Keys '*' sent to object: 'Object Repository/ADMIN/Edit Text/Bespoke/Seller Pages/Delivery Settings/input_DELIVERY OPTIONS_DELIVERY_OPTIONS'

2020-03-20 14:59:01 - [TEST_STEP][PASSED] - sendKeys(findTestObject("ADMIN/Edit Text/Bespoke/Seller Pages/Delivery Settings/input_Add Delivery Options_select_delivery_method"), "*"): Keys '*' sent to object: 'Object Repository/ADMIN/Edit Text/Bespoke/Seller Pages/Delivery Settings/input_Add Delivery Options_select_delivery_method'

2020-03-20 14:59:01 - [MESSAGE][PASSED] - Keys '*' sent to object: 'Object Repository/ADMIN/Edit Text/Bespoke/Seller Pages/Delivery Settings/input_Add Delivery Options_select_delivery_method'

2020-03-20 14:59:01 - [TEST_STEP][PASSED] - sendKeys(findTestObject("ADMIN/Edit Text/Bespoke/Seller Pages/Delivery Settings/input_Name_Name"), "*"): Keys '*' sent to object: 'Object Repository/ADMIN/Edit Text/Bespoke/Seller Pages/Delivery Settings/input_Name_Name'

2020-03-20 14:59:02 - [MESSAGE][PASSED] - Keys '*' sent to object: 'Object Repository/ADMIN/Edit Text/Bespoke/Seller Pages/Delivery Settings/input_Name_Name'

2020-03-20 14:59:02 - [TEST_STEP][PASSED] - sendKeys(findTestObject("ADMIN/Edit Text/Bespoke/Seller Pages/Delivery Settings/input_DELIVERS TO_DELIVERS_TO"), "*"): Keys '*' sent to object: 'Object Repository/ADMIN/Edit Text/Bespoke/Seller Pages/Delivery Settings/input_DELIVERS TO_DELIVERS_TO'

2020-03-20 14:59:02 - [MESSAGE][PASSED] - Keys '*' sent to object: 'Object Repository/ADMIN/Edit Text/Bespoke/Seller Pages/Delivery Settings/input_DELIVERS TO_DELIVERS_TO'

2020-03-20 14:59:02 - [TEST_STEP][PASSED] - sendKeys(findTestObject("ADMIN/Edit Text/Bespoke/Seller Pages/Delivery Settings/input_PICK-UP OPTIONS_PICK-UP_OPTIONS"), "*"): Keys '*' sent to object: 'Object Repository/ADMIN/Edit Text/Bespoke/Seller Pages/Delivery Settings/input_PICK-UP OPTIONS_PICK-UP_OPTIONS'

2020-03-20 14:59:02 - [MESSAGE][PASSED] - Keys '*' sent to object: 'Object Repository/ADMIN/Edit Text/Bespoke/Seller Pages/Delivery Settings/input_PICK-UP OPTIONS_PICK-UP_OPTIONS'

2020-03-20 14:59:02 - [TEST_STEP][PASSED] - sendKeys(findTestObject("ADMIN/Edit Text/Bespoke/Seller Pages/Delivery Settings/input_Add Pick-up Options_Add_Pick-up_Options"), "*"): Keys '*' sent to object: 'Object Repository/ADMIN/Edit Text/Bespoke/Seller Pages/Delivery Settings/input_Add Pick-up Options_Add_Pick-up_Options'

2020-03-20 14:59:03 - [MESSAGE][PASSED] - Keys '*' sent to object: 'Object Repository/ADMIN/Edit Text/Bespoke/Seller Pages/Delivery Settings/input_Add Pick-up Options_Add_Pick-up_Options'

2020-03-20 14:59:03 - [TEST_STEP][PASSED] - sendKeys(findTestObject("ADMIN/Edit Text/Bespoke/Seller Pages/Delivery Settings/input_Define the full address where the buyer can pick up from_delivery_desc_used"), "*"): Keys '*' sent to object: 'Object Repository/ADMIN/Edit Text/Bespoke/Seller Pages/Delivery Settings/input_Define the full address where the buyer can pick up from_delivery_desc_used'

2020-03-20 14:59:03 - [MESSAGE][PASSED] - Keys '*' sent to object: 'Object Repository/ADMIN/Edit Text/Bespoke/Seller Pages/Delivery Settings/input_Define the full address where the buyer can pick up from_delivery_desc_used'

2020-03-20 14:59:03 - [TEST_STEP][PASSED] - sendKeys(findTestObject("ADMIN/Edit Text/Bespoke/Seller Pages/Delivery Settings/input_Delivers to_Delivers_to (1)"), "*"): Keys '*' sent to object: 'Object Repository/ADMIN/Edit Text/Bespoke/Seller Pages/Delivery Settings/input_Delivers to_Delivers_to (1)'

2020-03-20 14:59:03 - [MESSAGE][PASSED] - Keys '*' sent to object: 'Object Repository/ADMIN/Edit Text/Bespoke/Seller Pages/Delivery Settings/input_Delivers to_Delivers_to (1)'

2020-03-20 14:59:03 - [TEST_STEP][PASSED] - sendKeys(findTestObject("ADMIN/Edit Text/Bespoke/Seller Pages/Delivery Settings/input_Shipping rate by_Shipping_rate_by"), "*"): Keys '*' sent to object: 'Object Repository/ADMIN/Edit Text/Bespoke/Seller Pages/Delivery Settings/input_Shipping rate by_Shipping_rate_by'

2020-03-20 14:59:03 - [MESSAGE][PASSED] - Keys '*' sent to object: 'Object Repository/ADMIN/Edit Text/Bespoke/Seller Pages/Delivery Settings/input_Shipping rate by_Shipping_rate_by'

2020-03-20 14:59:03 - [TEST_STEP][PASSED] - sendKeys(findTestObject("ADMIN/Edit Text/Bespoke/Seller Pages/Delivery Settings/input_Delivering from_Delivering_from"), "*"): Keys '*' sent to object: 'Object Repository/ADMIN/Edit Text/Bespoke/Seller Pages/Delivery Settings/input_Delivering from_Delivering_from'

2020-03-20 14:59:04 - [MESSAGE][PASSED] - Keys '*' sent to object: 'Object Repository/ADMIN/Edit Text/Bespoke/Seller Pages/Delivery Settings/input_Delivering from_Delivering_from'

2020-03-20 14:59:04 - [TEST_STEP][PASSED] - sendKeys(findTestObject("ADMIN/Edit Text/Bespoke/Seller Pages/Delivery Settings/input_Delivery rates(s)_Shipping_rate_by"), "*"): Keys '*' sent to object: 'Object Repository/ADMIN/Edit Text/Bespoke/Seller Pages/Delivery Settings/input_Delivery rates(s)_Shipping_rate_by'

2020-03-20 14:59:04 - [MESSAGE][PASSED] - Keys '*' sent to object: 'Object Repository/ADMIN/Edit Text/Bespoke/Seller Pages/Delivery Settings/input_Delivery rates(s)_Shipping_rate_by'

2020-03-20 14:59:04 - [TEST_STEP][PASSED] - sendKeys(findTestObject("ADMIN/Edit Text/Bespoke/Seller Pages/Delivery Settings/input_Name_Name1"), "*"): Keys '*' sent to object: 'Object Repository/ADMIN/Edit Text/Bespoke/Seller Pages/Delivery Settings/input_Name_Name1'

2020-03-20 14:59:04 - [MESSAGE][PASSED] - Keys '*' sent to object: 'Object Repository/ADMIN/Edit Text/Bespoke/Seller Pages/Delivery Settings/input_Name_Name1'

2020-03-20 14:59:04 - [TEST_STEP][PASSED] - sendKeys(findTestObject("ADMIN/Edit Text/Bespoke/Seller Pages/Delivery Settings/input_Range_Range"), "*"): Keys '*' sent to object: 'Object Repository/ADMIN/Edit Text/Bespoke/Seller Pages/Delivery Settings/input_Range_Range'

2020-03-20 14:59:04 - [MESSAGE][PASSED] - Keys '*' sent to object: 'Object Repository/ADMIN/Edit Text/Bespoke/Seller Pages/Delivery Settings/input_Range_Range'

2020-03-20 14:59:04 - [TEST_STEP][PASSED] - sendKeys(findTestObject("ADMIN/Edit Text/Bespoke/Seller Pages/Delivery Settings/input_Delivery Cost_Delivery_Cost"), "*"): Keys '*' sent to object: 'Object Repository/ADMIN/Edit Text/Bespoke/Seller Pages/Delivery Settings/input_Delivery Cost_Delivery_Cost'

2020-03-20 14:59:04 - [MESSAGE][PASSED] - Keys '*' sent to object: 'Object Repository/ADMIN/Edit Text/Bespoke/Seller Pages/Delivery Settings/input_Delivery Cost_Delivery_Cost'

2020-03-20 14:59:04 - [TEST_STEP][PASSED] - sendKeys(findTestObject("ADMIN/Edit Text/Bespoke/Seller Pages/Delivery Settings/input_Okay_Range"), "*"): Keys '*' sent to object: 'Object Repository/ADMIN/Edit Text/Bespoke/Seller Pages/Delivery Settings/input_Okay_Range'

2020-03-20 14:59:05 - [MESSAGE][PASSED] - Keys '*' sent to object: 'Object Repository/ADMIN/Edit Text/Bespoke/Seller Pages/Delivery Settings/input_Okay_Range'

2020-03-20 14:59:05 - [TEST_STEP][PASSED] - sendKeys(findTestObject("ADMIN/Edit Text/Bespoke/Seller Pages/Delivery Settings/input_ADDEDIT DELIVERY OPTION_Add_edit_delivery_option"), "*"): Keys '*' sent to object: 'Object Repository/ADMIN/Edit Text/Bespoke/Seller Pages/Delivery Settings/input_ADDEDIT DELIVERY OPTION_Add_edit_delivery_option'

2020-03-20 14:59:05 - [MESSAGE][PASSED] - Keys '*' sent to object: 'Object Repository/ADMIN/Edit Text/Bespoke/Seller Pages/Delivery Settings/input_ADDEDIT DELIVERY OPTION_Add_edit_delivery_option'

2020-03-20 14:59:05 - [TEST_STEP][PASSED] - sendKeys(findTestObject("ADMIN/Edit Text/Bespoke/Seller Pages/Delivery Settings/input_Define the locations available and the rates for the delivery option_Define_the_locations_available_and_the_rates_for_the_delivery_option"), "*"): Keys '*' sent to object: 'Object Repository/ADMIN/Edit Text/Bespoke/Seller Pages/Delivery Settings/input_Define the locations available and the rates for the delivery option_Define_the_locations_available_and_the_rates_for_the_delivery_option'

2020-03-20 14:59:05 - [MESSAGE][PASSED] - Keys '*' sent to object: 'Object Repository/ADMIN/Edit Text/Bespoke/Seller Pages/Delivery Settings/input_Define the locations available and the rates for the delivery option_Define_the_locations_available_and_the_rates_for_the_delivery_option'

2020-03-20 14:59:05 - [TEST_STEP][PASSED] - sendKeys(findTestObject("ADMIN/Edit Text/Bespoke/Seller Pages/Delivery Settings/input_DELIVERY OPTION SETTINGS_DELIVERY_OPTIONS_SETTINGS"), "*"): Keys '*' sent to object: 'Object Repository/ADMIN/Edit Text/Bespoke/Seller Pages/Delivery Settings/input_DELIVERY OPTION SETTINGS_DELIVERY_OPTIONS_SETTINGS'

2020-03-20 14:59:05 - [MESSAGE][PASSED] - Keys '*' sent to object: 'Object Repository/ADMIN/Edit Text/Bespoke/Seller Pages/Delivery Settings/input_DELIVERY OPTION SETTINGS_DELIVERY_OPTIONS_SETTINGS'

2020-03-20 14:59:05 - [TEST_STEP][PASSED] - sendKeys(findTestObject("ADMIN/Edit Text/Bespoke/Seller Pages/Delivery Settings/input_DELIVERY OPTION NAME_DELIVERY_OPTION_NAME"), "*"): Keys '*' sent to object: 'Object Repository/ADMIN/Edit Text/Bespoke/Seller Pages/Delivery Settings/input_DELIVERY OPTION NAME_DELIVERY_OPTION_NAME'

2020-03-20 14:59:06 - [MESSAGE][PASSED] - Keys '*' sent to object: 'Object Repository/ADMIN/Edit Text/Bespoke/Seller Pages/Delivery Settings/input_DELIVERY OPTION NAME_DELIVERY_OPTION_NAME'

2020-03-20 14:59:06 - [TEST_STEP][PASSED] - sendKeys(findTestObject("ADMIN/Edit Text/Bespoke/Seller Pages/Delivery Settings/input_delivers to3"), "*"): Keys '*' sent to object: 'Object Repository/ADMIN/Edit Text/Bespoke/Seller Pages/Delivery Settings/input_delivers to3'

2020-03-20 14:59:06 - [MESSAGE][PASSED] - Keys '*' sent to object: 'Object Repository/ADMIN/Edit Text/Bespoke/Seller Pages/Delivery Settings/input_delivers to3'

2020-03-20 14:59:06 - [TEST_STEP][PASSED] - sendKeys(findTestObject("ADMIN/Edit Text/Bespoke/Seller Pages/Delivery Settings/input_MINIMUM LEAD TIME_Minimum_lead_time"), "*"): Keys '*' sent to object: 'Object Repository/ADMIN/Edit Text/Bespoke/Seller Pages/Delivery Settings/input_MINIMUM LEAD TIME_Minimum_lead_time'

2020-03-20 14:59:06 - [MESSAGE][PASSED] - Keys '*' sent to object: 'Object Repository/ADMIN/Edit Text/Bespoke/Seller Pages/Delivery Settings/input_MINIMUM LEAD TIME_Minimum_lead_time'

2020-03-20 14:59:06 - [TEST_STEP][PASSED] - sendKeys(findTestObject("ADMIN/Edit Text/Bespoke/Seller Pages/Delivery Settings/input_WHERE ARE YOU DELIVERING FROM_Where_are_you_delivering_from"), "*"): Keys '*' sent to object: 'Object Repository/ADMIN/Edit Text/Bespoke/Seller Pages/Delivery Settings/input_WHERE ARE YOU DELIVERING FROM_Where_are_you_delivering_from'

2020-03-20 14:59:06 - [MESSAGE][PASSED] - Keys '*' sent to object: 'Object Repository/ADMIN/Edit Text/Bespoke/Seller Pages/Delivery Settings/input_WHERE ARE YOU DELIVERING FROM_Where_are_you_delivering_from'

2020-03-20 14:59:06 - [TEST_STEP][PASSED] - sendKeys(findTestObject("ADMIN/Edit Text/Bespoke/Seller Pages/Delivery Settings/input_Select if you would like to calculate shipping by total order weight or total order price_total_order_weight_or_total_order_price"), "*"): Keys '*' sent to object: 'Object Repository/ADMIN/Edit Text/Bespoke/Seller Pages/Delivery Settings/input_Select if you would like to calculate shipping by total order weight or total order price_total_order_weight_or_total_order_price'

2020-03-20 14:59:06 - [MESSAGE][PASSED] - Keys '*' sent to object: 'Object Repository/ADMIN/Edit Text/Bespoke/Seller Pages/Delivery Settings/input_Select if you would like to calculate shipping by total order weight or total order price_total_order_weight_or_total_order_price'

2020-03-20 14:59:06 - [TEST_STEP][PASSED] - sendKeys(findTestObject("ADMIN/Edit Text/Bespoke/Seller Pages/Delivery Settings/input_Weight_Weight"), "*"): Keys '*' sent to object: 'Object Repository/ADMIN/Edit Text/Bespoke/Seller Pages/Delivery Settings/input_Weight_Weight'

2020-03-20 14:59:07 - [MESSAGE][PASSED] - Keys '*' sent to object: 'Object Repository/ADMIN/Edit Text/Bespoke/Seller Pages/Delivery Settings/input_Weight_Weight'

2020-03-20 14:59:07 - [TEST_STEP][PASSED] - sendKeys(findTestObject("ADMIN/Edit Text/Bespoke/Seller Pages/Delivery Settings/input_Price_Price"), "*"): Keys '*' sent to object: 'Object Repository/ADMIN/Edit Text/Bespoke/Seller Pages/Delivery Settings/input_Price_Price'

2020-03-20 14:59:07 - [MESSAGE][PASSED] - Keys '*' sent to object: 'Object Repository/ADMIN/Edit Text/Bespoke/Seller Pages/Delivery Settings/input_Price_Price'

2020-03-20 14:59:07 - [TEST_STEP][PASSED] - sendKeys(findTestObject("ADMIN/Edit Text/Bespoke/Seller Pages/Delivery Settings/input_Delivery Rate(s)_DelDelivery_Rates"), "*"): Keys '*' sent to object: 'Object Repository/ADMIN/Edit Text/Bespoke/Seller Pages/Delivery Settings/input_Delivery Rate(s)_DelDelivery_Rates'

2020-03-20 14:59:07 - [MESSAGE][PASSED] - Keys '*' sent to object: 'Object Repository/ADMIN/Edit Text/Bespoke/Seller Pages/Delivery Settings/input_Delivery Rate(s)_DelDelivery_Rates'

2020-03-20 14:59:07 - [TEST_STEP][PASSED] - sendKeys(findTestObject("ADMIN/Edit Text/Bespoke/Seller Pages/Delivery Settings/input_NAME_Name (1)"), "*"): Keys '*' sent to object: 'Object Repository/ADMIN/Edit Text/Bespoke/Seller Pages/Delivery Settings/input_NAME_Name (1)'

2020-03-20 14:59:07 - [MESSAGE][PASSED] - Keys '*' sent to object: 'Object Repository/ADMIN/Edit Text/Bespoke/Seller Pages/Delivery Settings/input_NAME_Name (1)'

2020-03-20 14:59:07 - [TEST_STEP][PASSED] - sendKeys(findTestObject("ADMIN/Edit Text/Bespoke/Seller Pages/Delivery Settings/input_RANGE_Range (1)"), "*"): Keys '*' sent to object: 'Object Repository/ADMIN/Edit Text/Bespoke/Seller Pages/Delivery Settings/input_RANGE_Range (1)'

2020-03-20 14:59:08 - [MESSAGE][PASSED] - Keys '*' sent to object: 'Object Repository/ADMIN/Edit Text/Bespoke/Seller Pages/Delivery Settings/input_RANGE_Range (1)'

2020-03-20 14:59:08 - [TEST_STEP][PASSED] - sendKeys(findTestObject("ADMIN/Edit Text/Bespoke/Seller Pages/Delivery Settings/input_DELIVERY COST_Delivery_Cost (1)"), "*"): Keys '*' sent to object: 'Object Repository/ADMIN/Edit Text/Bespoke/Seller Pages/Delivery Settings/input_DELIVERY COST_Delivery_Cost (1)'

2020-03-20 14:59:08 - [MESSAGE][PASSED] - Keys '*' sent to object: 'Object Repository/ADMIN/Edit Text/Bespoke/Seller Pages/Delivery Settings/input_DELIVERY COST_Delivery_Cost (1)'

2020-03-20 14:59:08 - [TEST_STEP][PASSED] - sendKeys(findTestObject("ADMIN/Edit Text/Bespoke/Seller Pages/Delivery Settings/input_Onwards_Onwards"), "*"): Keys '*' sent to object: 'Object Repository/ADMIN/Edit Text/Bespoke/Seller Pages/Delivery Settings/input_Onwards_Onwards'

2020-03-20 14:59:08 - [MESSAGE][PASSED] - Keys '*' sent to object: 'Object Repository/ADMIN/Edit Text/Bespoke/Seller Pages/Delivery Settings/input_Onwards_Onwards'

2020-03-20 14:59:08 - [TEST_STEP][PASSED] - sendKeys(findTestObject("ADMIN/Edit Text/Bespoke/Seller Pages/Delivery Settings/input_Add Delivery Rate_Add_Delivery_Rate"), "*"): Keys '*' sent to object: 'Object Repository/ADMIN/Edit Text/Bespoke/Seller Pages/Delivery Settings/input_Add Delivery Rate_Add_Delivery_Rate'

2020-03-20 14:59:08 - [MESSAGE][PASSED] - Keys '*' sent to object: 'Object Repository/ADMIN/Edit Text/Bespoke/Seller Pages/Delivery Settings/input_Add Delivery Rate_Add_Delivery_Rate'

2020-03-20 14:59:08 - [TEST_STEP][PASSED] - sendKeys(findTestObject("ADMIN/Edit Text/Bespoke/Seller Pages/Delivery Settings/input_Delivery Rate Name (Buyers will not see this)_Delivery_Rate_Name"), "*"): Keys '*' sent to object: 'Object Repository/ADMIN/Edit Text/Bespoke/Seller Pages/Delivery Settings/input_Delivery Rate Name (Buyers will not see this)_Delivery_Rate_Name'

2020-03-20 14:59:08 - [MESSAGE][PASSED] - Keys '*' sent to object: 'Object Repository/ADMIN/Edit Text/Bespoke/Seller Pages/Delivery Settings/input_Delivery Rate Name (Buyers will not see this)_Delivery_Rate_Name'

2020-03-20 14:59:08 - [TEST_STEP][PASSED] - sendKeys(findTestObject("ADMIN/Edit Text/Bespoke/Seller Pages/Delivery Settings/input_To_To"), "*"): Keys '*' sent to object: 'Object Repository/ADMIN/Edit Text/Bespoke/Seller Pages/Delivery Settings/input_To_To'

2020-03-20 14:59:09 - [MESSAGE][PASSED] - Keys '*' sent to object: 'Object Repository/ADMIN/Edit Text/Bespoke/Seller Pages/Delivery Settings/input_To_To'

2020-03-20 14:59:09 - [TEST_STEP][PASSED] - sendKeys(findTestObject("ADMIN/Edit Text/Bespoke/Seller Pages/Delivery Settings/input_delivery cost4"), "*"): Keys '*' sent to object: 'Object Repository/ADMIN/Edit Text/Bespoke/Seller Pages/Delivery Settings/input_delivery cost4'

2020-03-20 14:59:09 - [MESSAGE][PASSED] - Keys '*' sent to object: 'Object Repository/ADMIN/Edit Text/Bespoke/Seller Pages/Delivery Settings/input_delivery cost4'

2020-03-20 14:59:09 - [TEST_STEP][PASSED] - sendKeys(findTestObject("ADMIN/Edit Text/Bespoke/Seller Pages/Delivery Settings/input_Save_Save"), "*"): Keys '*' sent to object: 'Object Repository/ADMIN/Edit Text/Bespoke/Seller Pages/Delivery Settings/input_Save_Save'

2020-03-20 14:59:09 - [MESSAGE][PASSED] - Keys '*' sent to object: 'Object Repository/ADMIN/Edit Text/Bespoke/Seller Pages/Delivery Settings/input_Save_Save'

2020-03-20 14:59:09 - [TEST_STEP][PASSED] - sendKeys(findTestObject("ADMIN/Edit Text/Bespoke/Seller Pages/Delivery Settings/input_Cancel_Cancel"), "*"): Keys '*' sent to object: 'Object Repository/ADMIN/Edit Text/Bespoke/Seller Pages/Delivery Settings/input_Cancel_Cancel'

2020-03-20 14:59:09 - [MESSAGE][PASSED] - Keys '*' sent to object: 'Object Repository/ADMIN/Edit Text/Bespoke/Seller Pages/Delivery Settings/input_Cancel_Cancel'

2020-03-20 14:59:09 - [TEST_STEP][PASSED] - click(findTestObject("ADMIN/Edit Text/Bespoke/Buyer Pages/Homepage/button_save"), CONTINUE_ON_FAILURE): Object: 'Object Repository/ADMIN/Edit Text/Bespoke/Buyer Pages/Homepage/button_save' is clicked on

2020-03-20 14:59:10 - [MESSAGE][PASSED] - Object: 'Object Repository/ADMIN/Edit Text/Bespoke/Buyer Pages/Homepage/button_save' is clicked on

2020-03-20 14:59:10 - [TEST_STEP][PASSED] - waitForElementVisible(findTestObject("ADMIN/Edit Text/Bespoke/Buyer Pages/Homepage/toaster_success"), 0): Object 'Object Repository/ADMIN/Edit Text/Bespoke/Buyer Pages/Homepage/toaster_success' is visible

2020-03-20 14:59:10 - [MESSAGE][WARNING] - Timeout '0' is invalid. Using default page load timeout: '30'

2020-03-20 14:59:10 - [MESSAGE][PASSED] - Object 'Object Repository/ADMIN/Edit Text/Bespoke/Buyer Pages/Homepage/toaster_success' is visible]]></system-out>
         <system-err><![CDATA[]]></system-err>
      </testcase>
      <testcase name="Test Cases/ADMIN/Language/Edit Text/Bespoke/Seller/Delivery Settings" time="11.03" classname="Test Cases/ADMIN/Language/Edit Text/Bespoke/Seller/Delivery Settings" status="PASSED">
         <system-out><![CDATA[2020-03-20 14:59:10 - [TEST_CASE][PASSED] - Test Cases/ADMIN/Language/Edit Text/Bespoke/Seller/Delivery Settings: Test Cases/ADMIN/Language/Edit Text/Bespoke/Seller/Delivery Settings

2020-03-20 14:59:10 - [TEST_STEP][PASSED] - waitForElementVisible(findTestObject("ADMIN/Edit Text/Bespoke/Buyer Navigation/dd_language"), 0): Object 'Object Repository/ADMIN/Edit Text/Bespoke/Buyer Navigation/dd_language' is visible

2020-03-20 14:59:10 - [MESSAGE][WARNING] - Timeout '0' is invalid. Using default page load timeout: '30'

2020-03-20 14:59:11 - [MESSAGE][PASSED] - Object 'Object Repository/ADMIN/Edit Text/Bespoke/Buyer Navigation/dd_language' is visible

2020-03-20 14:59:11 - [TEST_STEP][PASSED] - selectOptionByLabel(findTestObject("ADMIN/Edit Text/Bespoke/Buyer Navigation/dd_language"), varLanguage, false): All options with label 'Russian' are selected in object 'Object Repository/ADMIN/Edit Text/Bespoke/Buyer Navigation/dd_language' 

2020-03-20 14:59:12 - [MESSAGE][PASSED] - All options with label 'Russian' are selected in object 'Object Repository/ADMIN/Edit Text/Bespoke/Buyer Navigation/dd_language' 

2020-03-20 14:59:12 - [TEST_STEP][PASSED] - sendKeys(findTestObject("ADMIN/Edit Text/Bespoke/Seller Pages/Delivery Settings/input_DELIVERY SETTINGS_DELIVERY_SETTINGS"), "*"): Keys '*' sent to object: 'Object Repository/ADMIN/Edit Text/Bespoke/Seller Pages/Delivery Settings/input_DELIVERY SETTINGS_DELIVERY_SETTINGS'

2020-03-20 14:59:12 - [MESSAGE][PASSED] - Keys '*' sent to object: 'Object Repository/ADMIN/Edit Text/Bespoke/Seller Pages/Delivery Settings/input_DELIVERY SETTINGS_DELIVERY_SETTINGS'

2020-03-20 14:59:12 - [TEST_STEP][PASSED] - sendKeys(findTestObject("ADMIN/Edit Text/Bespoke/Seller Pages/Delivery Settings/input_add del or pickup"), "*"): Keys '*' sent to object: 'Object Repository/ADMIN/Edit Text/Bespoke/Seller Pages/Delivery Settings/input_add del or pickup'

2020-03-20 14:59:12 - [MESSAGE][PASSED] - Keys '*' sent to object: 'Object Repository/ADMIN/Edit Text/Bespoke/Seller Pages/Delivery Settings/input_add del or pickup'

2020-03-20 14:59:12 - [TEST_STEP][PASSED] - sendKeys(findTestObject("ADMIN/Edit Text/Bespoke/Seller Pages/Delivery Settings/input_DELIVERY OPTIONS_DELIVERY_OPTIONS"), "*"): Keys '*' sent to object: 'Object Repository/ADMIN/Edit Text/Bespoke/Seller Pages/Delivery Settings/input_DELIVERY OPTIONS_DELIVERY_OPTIONS'

2020-03-20 14:59:12 - [MESSAGE][PASSED] - Keys '*' sent to object: 'Object Repository/ADMIN/Edit Text/Bespoke/Seller Pages/Delivery Settings/input_DELIVERY OPTIONS_DELIVERY_OPTIONS'

2020-03-20 14:59:12 - [TEST_STEP][PASSED] - sendKeys(findTestObject("ADMIN/Edit Text/Bespoke/Seller Pages/Delivery Settings/input_Add Delivery Options_select_delivery_method"), "*"): Keys '*' sent to object: 'Object Repository/ADMIN/Edit Text/Bespoke/Seller Pages/Delivery Settings/input_Add Delivery Options_select_delivery_method'

2020-03-20 14:59:13 - [MESSAGE][PASSED] - Keys '*' sent to object: 'Object Repository/ADMIN/Edit Text/Bespoke/Seller Pages/Delivery Settings/input_Add Delivery Options_select_delivery_method'

2020-03-20 14:59:13 - [TEST_STEP][PASSED] - sendKeys(findTestObject("ADMIN/Edit Text/Bespoke/Seller Pages/Delivery Settings/input_Name_Name"), "*"): Keys '*' sent to object: 'Object Repository/ADMIN/Edit Text/Bespoke/Seller Pages/Delivery Settings/input_Name_Name'

2020-03-20 14:59:13 - [MESSAGE][PASSED] - Keys '*' sent to object: 'Object Repository/ADMIN/Edit Text/Bespoke/Seller Pages/Delivery Settings/input_Name_Name'

2020-03-20 14:59:13 - [TEST_STEP][PASSED] - sendKeys(findTestObject("ADMIN/Edit Text/Bespoke/Seller Pages/Delivery Settings/input_DELIVERS TO_DELIVERS_TO"), "*"): Keys '*' sent to object: 'Object Repository/ADMIN/Edit Text/Bespoke/Seller Pages/Delivery Settings/input_DELIVERS TO_DELIVERS_TO'

2020-03-20 14:59:13 - [MESSAGE][PASSED] - Keys '*' sent to object: 'Object Repository/ADMIN/Edit Text/Bespoke/Seller Pages/Delivery Settings/input_DELIVERS TO_DELIVERS_TO'

2020-03-20 14:59:13 - [TEST_STEP][PASSED] - sendKeys(findTestObject("ADMIN/Edit Text/Bespoke/Seller Pages/Delivery Settings/input_PICK-UP OPTIONS_PICK-UP_OPTIONS"), "*"): Keys '*' sent to object: 'Object Repository/ADMIN/Edit Text/Bespoke/Seller Pages/Delivery Settings/input_PICK-UP OPTIONS_PICK-UP_OPTIONS'

2020-03-20 14:59:13 - [MESSAGE][PASSED] - Keys '*' sent to object: 'Object Repository/ADMIN/Edit Text/Bespoke/Seller Pages/Delivery Settings/input_PICK-UP OPTIONS_PICK-UP_OPTIONS'

2020-03-20 14:59:13 - [TEST_STEP][PASSED] - sendKeys(findTestObject("ADMIN/Edit Text/Bespoke/Seller Pages/Delivery Settings/input_Add Pick-up Options_Add_Pick-up_Options"), "*"): Keys '*' sent to object: 'Object Repository/ADMIN/Edit Text/Bespoke/Seller Pages/Delivery Settings/input_Add Pick-up Options_Add_Pick-up_Options'

2020-03-20 14:59:14 - [MESSAGE][PASSED] - Keys '*' sent to object: 'Object Repository/ADMIN/Edit Text/Bespoke/Seller Pages/Delivery Settings/input_Add Pick-up Options_Add_Pick-up_Options'

2020-03-20 14:59:14 - [TEST_STEP][PASSED] - sendKeys(findTestObject("ADMIN/Edit Text/Bespoke/Seller Pages/Delivery Settings/input_Define the full address where the buyer can pick up from_delivery_desc_used"), "*"): Keys '*' sent to object: 'Object Repository/ADMIN/Edit Text/Bespoke/Seller Pages/Delivery Settings/input_Define the full address where the buyer can pick up from_delivery_desc_used'

2020-03-20 14:59:14 - [MESSAGE][PASSED] - Keys '*' sent to object: 'Object Repository/ADMIN/Edit Text/Bespoke/Seller Pages/Delivery Settings/input_Define the full address where the buyer can pick up from_delivery_desc_used'

2020-03-20 14:59:14 - [TEST_STEP][PASSED] - sendKeys(findTestObject("ADMIN/Edit Text/Bespoke/Seller Pages/Delivery Settings/input_Delivers to_Delivers_to (1)"), "*"): Keys '*' sent to object: 'Object Repository/ADMIN/Edit Text/Bespoke/Seller Pages/Delivery Settings/input_Delivers to_Delivers_to (1)'

2020-03-20 14:59:14 - [MESSAGE][PASSED] - Keys '*' sent to object: 'Object Repository/ADMIN/Edit Text/Bespoke/Seller Pages/Delivery Settings/input_Delivers to_Delivers_to (1)'

2020-03-20 14:59:14 - [TEST_STEP][PASSED] - sendKeys(findTestObject("ADMIN/Edit Text/Bespoke/Seller Pages/Delivery Settings/input_Shipping rate by_Shipping_rate_by"), "*"): Keys '*' sent to object: 'Object Repository/ADMIN/Edit Text/Bespoke/Seller Pages/Delivery Settings/input_Shipping rate by_Shipping_rate_by'

2020-03-20 14:59:14 - [MESSAGE][PASSED] - Keys '*' sent to object: 'Object Repository/ADMIN/Edit Text/Bespoke/Seller Pages/Delivery Settings/input_Shipping rate by_Shipping_rate_by'

2020-03-20 14:59:14 - [TEST_STEP][PASSED] - sendKeys(findTestObject("ADMIN/Edit Text/Bespoke/Seller Pages/Delivery Settings/input_Delivering from_Delivering_from"), "*"): Keys '*' sent to object: 'Object Repository/ADMIN/Edit Text/Bespoke/Seller Pages/Delivery Settings/input_Delivering from_Delivering_from'

2020-03-20 14:59:14 - [MESSAGE][PASSED] - Keys '*' sent to object: 'Object Repository/ADMIN/Edit Text/Bespoke/Seller Pages/Delivery Settings/input_Delivering from_Delivering_from'

2020-03-20 14:59:14 - [TEST_STEP][PASSED] - sendKeys(findTestObject("ADMIN/Edit Text/Bespoke/Seller Pages/Delivery Settings/input_Delivery rates(s)_Shipping_rate_by"), "*"): Keys '*' sent to object: 'Object Repository/ADMIN/Edit Text/Bespoke/Seller Pages/Delivery Settings/input_Delivery rates(s)_Shipping_rate_by'

2020-03-20 14:59:15 - [MESSAGE][PASSED] - Keys '*' sent to object: 'Object Repository/ADMIN/Edit Text/Bespoke/Seller Pages/Delivery Settings/input_Delivery rates(s)_Shipping_rate_by'

2020-03-20 14:59:15 - [TEST_STEP][PASSED] - sendKeys(findTestObject("ADMIN/Edit Text/Bespoke/Seller Pages/Delivery Settings/input_Name_Name1"), "*"): Keys '*' sent to object: 'Object Repository/ADMIN/Edit Text/Bespoke/Seller Pages/Delivery Settings/input_Name_Name1'

2020-03-20 14:59:15 - [MESSAGE][PASSED] - Keys '*' sent to object: 'Object Repository/ADMIN/Edit Text/Bespoke/Seller Pages/Delivery Settings/input_Name_Name1'

2020-03-20 14:59:15 - [TEST_STEP][PASSED] - sendKeys(findTestObject("ADMIN/Edit Text/Bespoke/Seller Pages/Delivery Settings/input_Range_Range"), "*"): Keys '*' sent to object: 'Object Repository/ADMIN/Edit Text/Bespoke/Seller Pages/Delivery Settings/input_Range_Range'

2020-03-20 14:59:15 - [MESSAGE][PASSED] - Keys '*' sent to object: 'Object Repository/ADMIN/Edit Text/Bespoke/Seller Pages/Delivery Settings/input_Range_Range'

2020-03-20 14:59:15 - [TEST_STEP][PASSED] - sendKeys(findTestObject("ADMIN/Edit Text/Bespoke/Seller Pages/Delivery Settings/input_Delivery Cost_Delivery_Cost"), "*"): Keys '*' sent to object: 'Object Repository/ADMIN/Edit Text/Bespoke/Seller Pages/Delivery Settings/input_Delivery Cost_Delivery_Cost'

2020-03-20 14:59:16 - [MESSAGE][PASSED] - Keys '*' sent to object: 'Object Repository/ADMIN/Edit Text/Bespoke/Seller Pages/Delivery Settings/input_Delivery Cost_Delivery_Cost'

2020-03-20 14:59:16 - [TEST_STEP][PASSED] - sendKeys(findTestObject("ADMIN/Edit Text/Bespoke/Seller Pages/Delivery Settings/input_Okay_Range"), "*"): Keys '*' sent to object: 'Object Repository/ADMIN/Edit Text/Bespoke/Seller Pages/Delivery Settings/input_Okay_Range'

2020-03-20 14:59:16 - [MESSAGE][PASSED] - Keys '*' sent to object: 'Object Repository/ADMIN/Edit Text/Bespoke/Seller Pages/Delivery Settings/input_Okay_Range'

2020-03-20 14:59:16 - [TEST_STEP][PASSED] - sendKeys(findTestObject("ADMIN/Edit Text/Bespoke/Seller Pages/Delivery Settings/input_ADDEDIT DELIVERY OPTION_Add_edit_delivery_option"), "*"): Keys '*' sent to object: 'Object Repository/ADMIN/Edit Text/Bespoke/Seller Pages/Delivery Settings/input_ADDEDIT DELIVERY OPTION_Add_edit_delivery_option'

2020-03-20 14:59:16 - [MESSAGE][PASSED] - Keys '*' sent to object: 'Object Repository/ADMIN/Edit Text/Bespoke/Seller Pages/Delivery Settings/input_ADDEDIT DELIVERY OPTION_Add_edit_delivery_option'

2020-03-20 14:59:16 - [TEST_STEP][PASSED] - sendKeys(findTestObject("ADMIN/Edit Text/Bespoke/Seller Pages/Delivery Settings/input_Define the locations available and the rates for the delivery option_Define_the_locations_available_and_the_rates_for_the_delivery_option"), "*"): Keys '*' sent to object: 'Object Repository/ADMIN/Edit Text/Bespoke/Seller Pages/Delivery Settings/input_Define the locations available and the rates for the delivery option_Define_the_locations_available_and_the_rates_for_the_delivery_option'

2020-03-20 14:59:16 - [MESSAGE][PASSED] - Keys '*' sent to object: 'Object Repository/ADMIN/Edit Text/Bespoke/Seller Pages/Delivery Settings/input_Define the locations available and the rates for the delivery option_Define_the_locations_available_and_the_rates_for_the_delivery_option'

2020-03-20 14:59:16 - [TEST_STEP][PASSED] - sendKeys(findTestObject("ADMIN/Edit Text/Bespoke/Seller Pages/Delivery Settings/input_DELIVERY OPTION SETTINGS_DELIVERY_OPTIONS_SETTINGS"), "*"): Keys '*' sent to object: 'Object Repository/ADMIN/Edit Text/Bespoke/Seller Pages/Delivery Settings/input_DELIVERY OPTION SETTINGS_DELIVERY_OPTIONS_SETTINGS'

2020-03-20 14:59:16 - [MESSAGE][PASSED] - Keys '*' sent to object: 'Object Repository/ADMIN/Edit Text/Bespoke/Seller Pages/Delivery Settings/input_DELIVERY OPTION SETTINGS_DELIVERY_OPTIONS_SETTINGS'

2020-03-20 14:59:16 - [TEST_STEP][PASSED] - sendKeys(findTestObject("ADMIN/Edit Text/Bespoke/Seller Pages/Delivery Settings/input_DELIVERY OPTION NAME_DELIVERY_OPTION_NAME"), "*"): Keys '*' sent to object: 'Object Repository/ADMIN/Edit Text/Bespoke/Seller Pages/Delivery Settings/input_DELIVERY OPTION NAME_DELIVERY_OPTION_NAME'

2020-03-20 14:59:17 - [MESSAGE][PASSED] - Keys '*' sent to object: 'Object Repository/ADMIN/Edit Text/Bespoke/Seller Pages/Delivery Settings/input_DELIVERY OPTION NAME_DELIVERY_OPTION_NAME'

2020-03-20 14:59:17 - [TEST_STEP][PASSED] - sendKeys(findTestObject("ADMIN/Edit Text/Bespoke/Seller Pages/Delivery Settings/input_delivers to3"), "*"): Keys '*' sent to object: 'Object Repository/ADMIN/Edit Text/Bespoke/Seller Pages/Delivery Settings/input_delivers to3'

2020-03-20 14:59:17 - [MESSAGE][PASSED] - Keys '*' sent to object: 'Object Repository/ADMIN/Edit Text/Bespoke/Seller Pages/Delivery Settings/input_delivers to3'

2020-03-20 14:59:17 - [TEST_STEP][PASSED] - sendKeys(findTestObject("ADMIN/Edit Text/Bespoke/Seller Pages/Delivery Settings/input_MINIMUM LEAD TIME_Minimum_lead_time"), "*"): Keys '*' sent to object: 'Object Repository/ADMIN/Edit Text/Bespoke/Seller Pages/Delivery Settings/input_MINIMUM LEAD TIME_Minimum_lead_time'

2020-03-20 14:59:17 - [MESSAGE][PASSED] - Keys '*' sent to object: 'Object Repository/ADMIN/Edit Text/Bespoke/Seller Pages/Delivery Settings/input_MINIMUM LEAD TIME_Minimum_lead_time'

2020-03-20 14:59:17 - [TEST_STEP][PASSED] - sendKeys(findTestObject("ADMIN/Edit Text/Bespoke/Seller Pages/Delivery Settings/input_WHERE ARE YOU DELIVERING FROM_Where_are_you_delivering_from"), "*"): Keys '*' sent to object: 'Object Repository/ADMIN/Edit Text/Bespoke/Seller Pages/Delivery Settings/input_WHERE ARE YOU DELIVERING FROM_Where_are_you_delivering_from'

2020-03-20 14:59:17 - [MESSAGE][PASSED] - Keys '*' sent to object: 'Object Repository/ADMIN/Edit Text/Bespoke/Seller Pages/Delivery Settings/input_WHERE ARE YOU DELIVERING FROM_Where_are_you_delivering_from'

2020-03-20 14:59:17 - [TEST_STEP][PASSED] - sendKeys(findTestObject("ADMIN/Edit Text/Bespoke/Seller Pages/Delivery Settings/input_Select if you would like to calculate shipping by total order weight or total order price_total_order_weight_or_total_order_price"), "*"): Keys '*' sent to object: 'Object Repository/ADMIN/Edit Text/Bespoke/Seller Pages/Delivery Settings/input_Select if you would like to calculate shipping by total order weight or total order price_total_order_weight_or_total_order_price'

2020-03-20 14:59:18 - [MESSAGE][PASSED] - Keys '*' sent to object: 'Object Repository/ADMIN/Edit Text/Bespoke/Seller Pages/Delivery Settings/input_Select if you would like to calculate shipping by total order weight or total order price_total_order_weight_or_total_order_price'

2020-03-20 14:59:18 - [TEST_STEP][PASSED] - sendKeys(findTestObject("ADMIN/Edit Text/Bespoke/Seller Pages/Delivery Settings/input_Weight_Weight"), "*"): Keys '*' sent to object: 'Object Repository/ADMIN/Edit Text/Bespoke/Seller Pages/Delivery Settings/input_Weight_Weight'

2020-03-20 14:59:18 - [MESSAGE][PASSED] - Keys '*' sent to object: 'Object Repository/ADMIN/Edit Text/Bespoke/Seller Pages/Delivery Settings/input_Weight_Weight'

2020-03-20 14:59:18 - [TEST_STEP][PASSED] - sendKeys(findTestObject("ADMIN/Edit Text/Bespoke/Seller Pages/Delivery Settings/input_Price_Price"), "*"): Keys '*' sent to object: 'Object Repository/ADMIN/Edit Text/Bespoke/Seller Pages/Delivery Settings/input_Price_Price'

2020-03-20 14:59:18 - [MESSAGE][PASSED] - Keys '*' sent to object: 'Object Repository/ADMIN/Edit Text/Bespoke/Seller Pages/Delivery Settings/input_Price_Price'

2020-03-20 14:59:18 - [TEST_STEP][PASSED] - sendKeys(findTestObject("ADMIN/Edit Text/Bespoke/Seller Pages/Delivery Settings/input_Delivery Rate(s)_DelDelivery_Rates"), "*"): Keys '*' sent to object: 'Object Repository/ADMIN/Edit Text/Bespoke/Seller Pages/Delivery Settings/input_Delivery Rate(s)_DelDelivery_Rates'

2020-03-20 14:59:18 - [MESSAGE][PASSED] - Keys '*' sent to object: 'Object Repository/ADMIN/Edit Text/Bespoke/Seller Pages/Delivery Settings/input_Delivery Rate(s)_DelDelivery_Rates'

2020-03-20 14:59:18 - [TEST_STEP][PASSED] - sendKeys(findTestObject("ADMIN/Edit Text/Bespoke/Seller Pages/Delivery Settings/input_NAME_Name (1)"), "*"): Keys '*' sent to object: 'Object Repository/ADMIN/Edit Text/Bespoke/Seller Pages/Delivery Settings/input_NAME_Name (1)'

2020-03-20 14:59:19 - [MESSAGE][PASSED] - Keys '*' sent to object: 'Object Repository/ADMIN/Edit Text/Bespoke/Seller Pages/Delivery Settings/input_NAME_Name (1)'

2020-03-20 14:59:19 - [TEST_STEP][PASSED] - sendKeys(findTestObject("ADMIN/Edit Text/Bespoke/Seller Pages/Delivery Settings/input_RANGE_Range (1)"), "*"): Keys '*' sent to object: 'Object Repository/ADMIN/Edit Text/Bespoke/Seller Pages/Delivery Settings/input_RANGE_Range (1)'

2020-03-20 14:59:19 - [MESSAGE][PASSED] - Keys '*' sent to object: 'Object Repository/ADMIN/Edit Text/Bespoke/Seller Pages/Delivery Settings/input_RANGE_Range (1)'

2020-03-20 14:59:19 - [TEST_STEP][PASSED] - sendKeys(findTestObject("ADMIN/Edit Text/Bespoke/Seller Pages/Delivery Settings/input_DELIVERY COST_Delivery_Cost (1)"), "*"): Keys '*' sent to object: 'Object Repository/ADMIN/Edit Text/Bespoke/Seller Pages/Delivery Settings/input_DELIVERY COST_Delivery_Cost (1)'

2020-03-20 14:59:19 - [MESSAGE][PASSED] - Keys '*' sent to object: 'Object Repository/ADMIN/Edit Text/Bespoke/Seller Pages/Delivery Settings/input_DELIVERY COST_Delivery_Cost (1)'

2020-03-20 14:59:19 - [TEST_STEP][PASSED] - sendKeys(findTestObject("ADMIN/Edit Text/Bespoke/Seller Pages/Delivery Settings/input_Onwards_Onwards"), "*"): Keys '*' sent to object: 'Object Repository/ADMIN/Edit Text/Bespoke/Seller Pages/Delivery Settings/input_Onwards_Onwards'

2020-03-20 14:59:19 - [MESSAGE][PASSED] - Keys '*' sent to object: 'Object Repository/ADMIN/Edit Text/Bespoke/Seller Pages/Delivery Settings/input_Onwards_Onwards'

2020-03-20 14:59:19 - [TEST_STEP][PASSED] - sendKeys(findTestObject("ADMIN/Edit Text/Bespoke/Seller Pages/Delivery Settings/input_Add Delivery Rate_Add_Delivery_Rate"), "*"): Keys '*' sent to object: 'Object Repository/ADMIN/Edit Text/Bespoke/Seller Pages/Delivery Settings/input_Add Delivery Rate_Add_Delivery_Rate'

2020-03-20 14:59:19 - [MESSAGE][PASSED] - Keys '*' sent to object: 'Object Repository/ADMIN/Edit Text/Bespoke/Seller Pages/Delivery Settings/input_Add Delivery Rate_Add_Delivery_Rate'

2020-03-20 14:59:19 - [TEST_STEP][PASSED] - sendKeys(findTestObject("ADMIN/Edit Text/Bespoke/Seller Pages/Delivery Settings/input_Delivery Rate Name (Buyers will not see this)_Delivery_Rate_Name"), "*"): Keys '*' sent to object: 'Object Repository/ADMIN/Edit Text/Bespoke/Seller Pages/Delivery Settings/input_Delivery Rate Name (Buyers will not see this)_Delivery_Rate_Name'

2020-03-20 14:59:20 - [MESSAGE][PASSED] - Keys '*' sent to object: 'Object Repository/ADMIN/Edit Text/Bespoke/Seller Pages/Delivery Settings/input_Delivery Rate Name (Buyers will not see this)_Delivery_Rate_Name'

2020-03-20 14:59:20 - [TEST_STEP][PASSED] - sendKeys(findTestObject("ADMIN/Edit Text/Bespoke/Seller Pages/Delivery Settings/input_To_To"), "*"): Keys '*' sent to object: 'Object Repository/ADMIN/Edit Text/Bespoke/Seller Pages/Delivery Settings/input_To_To'

2020-03-20 14:59:20 - [MESSAGE][PASSED] - Keys '*' sent to object: 'Object Repository/ADMIN/Edit Text/Bespoke/Seller Pages/Delivery Settings/input_To_To'

2020-03-20 14:59:20 - [TEST_STEP][PASSED] - sendKeys(findTestObject("ADMIN/Edit Text/Bespoke/Seller Pages/Delivery Settings/input_delivery cost4"), "*"): Keys '*' sent to object: 'Object Repository/ADMIN/Edit Text/Bespoke/Seller Pages/Delivery Settings/input_delivery cost4'

2020-03-20 14:59:20 - [MESSAGE][PASSED] - Keys '*' sent to object: 'Object Repository/ADMIN/Edit Text/Bespoke/Seller Pages/Delivery Settings/input_delivery cost4'

2020-03-20 14:59:20 - [TEST_STEP][PASSED] - sendKeys(findTestObject("ADMIN/Edit Text/Bespoke/Seller Pages/Delivery Settings/input_Save_Save"), "*"): Keys '*' sent to object: 'Object Repository/ADMIN/Edit Text/Bespoke/Seller Pages/Delivery Settings/input_Save_Save'

2020-03-20 14:59:20 - [MESSAGE][PASSED] - Keys '*' sent to object: 'Object Repository/ADMIN/Edit Text/Bespoke/Seller Pages/Delivery Settings/input_Save_Save'

2020-03-20 14:59:20 - [TEST_STEP][PASSED] - sendKeys(findTestObject("ADMIN/Edit Text/Bespoke/Seller Pages/Delivery Settings/input_Cancel_Cancel"), "*"): Keys '*' sent to object: 'Object Repository/ADMIN/Edit Text/Bespoke/Seller Pages/Delivery Settings/input_Cancel_Cancel'

2020-03-20 14:59:21 - [MESSAGE][PASSED] - Keys '*' sent to object: 'Object Repository/ADMIN/Edit Text/Bespoke/Seller Pages/Delivery Settings/input_Cancel_Cancel'

2020-03-20 14:59:21 - [TEST_STEP][PASSED] - click(findTestObject("ADMIN/Edit Text/Bespoke/Buyer Pages/Homepage/button_save"), CONTINUE_ON_FAILURE): Object: 'Object Repository/ADMIN/Edit Text/Bespoke/Buyer Pages/Homepage/button_save' is clicked on

2020-03-20 14:59:21 - [MESSAGE][PASSED] - Object: 'Object Repository/ADMIN/Edit Text/Bespoke/Buyer Pages/Homepage/button_save' is clicked on

2020-03-20 14:59:21 - [TEST_STEP][PASSED] - waitForElementVisible(findTestObject("ADMIN/Edit Text/Bespoke/Buyer Pages/Homepage/toaster_success"), 0): Object 'Object Repository/ADMIN/Edit Text/Bespoke/Buyer Pages/Homepage/toaster_success' is visible

2020-03-20 14:59:21 - [MESSAGE][WARNING] - Timeout '0' is invalid. Using default page load timeout: '30'

2020-03-20 14:59:21 - [MESSAGE][PASSED] - Object 'Object Repository/ADMIN/Edit Text/Bespoke/Buyer Pages/Homepage/toaster_success' is visible]]></system-out>
         <system-err><![CDATA[]]></system-err>
      </testcase>
      <testcase name="Test Cases/ADMIN/Language/Edit Text/Bespoke/Seller/Delivery Settings" time="11.249" classname="Test Cases/ADMIN/Language/Edit Text/Bespoke/Seller/Delivery Settings" status="PASSED">
         <system-out><![CDATA[2020-03-20 14:59:21 - [TEST_CASE][PASSED] - Test Cases/ADMIN/Language/Edit Text/Bespoke/Seller/Delivery Settings: Test Cases/ADMIN/Language/Edit Text/Bespoke/Seller/Delivery Settings

2020-03-20 14:59:21 - [TEST_STEP][PASSED] - waitForElementVisible(findTestObject("ADMIN/Edit Text/Bespoke/Buyer Navigation/dd_language"), 0): Object 'Object Repository/ADMIN/Edit Text/Bespoke/Buyer Navigation/dd_language' is visible

2020-03-20 14:59:21 - [MESSAGE][WARNING] - Timeout '0' is invalid. Using default page load timeout: '30'

2020-03-20 14:59:22 - [MESSAGE][PASSED] - Object 'Object Repository/ADMIN/Edit Text/Bespoke/Buyer Navigation/dd_language' is visible

2020-03-20 14:59:22 - [TEST_STEP][PASSED] - selectOptionByLabel(findTestObject("ADMIN/Edit Text/Bespoke/Buyer Navigation/dd_language"), varLanguage, false): All options with label 'Italian' are selected in object 'Object Repository/ADMIN/Edit Text/Bespoke/Buyer Navigation/dd_language' 

2020-03-20 14:59:23 - [MESSAGE][PASSED] - All options with label 'Italian' are selected in object 'Object Repository/ADMIN/Edit Text/Bespoke/Buyer Navigation/dd_language' 

2020-03-20 14:59:23 - [TEST_STEP][PASSED] - sendKeys(findTestObject("ADMIN/Edit Text/Bespoke/Seller Pages/Delivery Settings/input_DELIVERY SETTINGS_DELIVERY_SETTINGS"), "*"): Keys '*' sent to object: 'Object Repository/ADMIN/Edit Text/Bespoke/Seller Pages/Delivery Settings/input_DELIVERY SETTINGS_DELIVERY_SETTINGS'

2020-03-20 14:59:23 - [MESSAGE][PASSED] - Keys '*' sent to object: 'Object Repository/ADMIN/Edit Text/Bespoke/Seller Pages/Delivery Settings/input_DELIVERY SETTINGS_DELIVERY_SETTINGS'

2020-03-20 14:59:23 - [TEST_STEP][PASSED] - sendKeys(findTestObject("ADMIN/Edit Text/Bespoke/Seller Pages/Delivery Settings/input_add del or pickup"), "*"): Keys '*' sent to object: 'Object Repository/ADMIN/Edit Text/Bespoke/Seller Pages/Delivery Settings/input_add del or pickup'

2020-03-20 14:59:23 - [MESSAGE][PASSED] - Keys '*' sent to object: 'Object Repository/ADMIN/Edit Text/Bespoke/Seller Pages/Delivery Settings/input_add del or pickup'

2020-03-20 14:59:23 - [TEST_STEP][PASSED] - sendKeys(findTestObject("ADMIN/Edit Text/Bespoke/Seller Pages/Delivery Settings/input_DELIVERY OPTIONS_DELIVERY_OPTIONS"), "*"): Keys '*' sent to object: 'Object Repository/ADMIN/Edit Text/Bespoke/Seller Pages/Delivery Settings/input_DELIVERY OPTIONS_DELIVERY_OPTIONS'

2020-03-20 14:59:24 - [MESSAGE][PASSED] - Keys '*' sent to object: 'Object Repository/ADMIN/Edit Text/Bespoke/Seller Pages/Delivery Settings/input_DELIVERY OPTIONS_DELIVERY_OPTIONS'

2020-03-20 14:59:24 - [TEST_STEP][PASSED] - sendKeys(findTestObject("ADMIN/Edit Text/Bespoke/Seller Pages/Delivery Settings/input_Add Delivery Options_select_delivery_method"), "*"): Keys '*' sent to object: 'Object Repository/ADMIN/Edit Text/Bespoke/Seller Pages/Delivery Settings/input_Add Delivery Options_select_delivery_method'

2020-03-20 14:59:24 - [MESSAGE][PASSED] - Keys '*' sent to object: 'Object Repository/ADMIN/Edit Text/Bespoke/Seller Pages/Delivery Settings/input_Add Delivery Options_select_delivery_method'

2020-03-20 14:59:24 - [TEST_STEP][PASSED] - sendKeys(findTestObject("ADMIN/Edit Text/Bespoke/Seller Pages/Delivery Settings/input_Name_Name"), "*"): Keys '*' sent to object: 'Object Repository/ADMIN/Edit Text/Bespoke/Seller Pages/Delivery Settings/input_Name_Name'

2020-03-20 14:59:24 - [MESSAGE][PASSED] - Keys '*' sent to object: 'Object Repository/ADMIN/Edit Text/Bespoke/Seller Pages/Delivery Settings/input_Name_Name'

2020-03-20 14:59:24 - [TEST_STEP][PASSED] - sendKeys(findTestObject("ADMIN/Edit Text/Bespoke/Seller Pages/Delivery Settings/input_DELIVERS TO_DELIVERS_TO"), "*"): Keys '*' sent to object: 'Object Repository/ADMIN/Edit Text/Bespoke/Seller Pages/Delivery Settings/input_DELIVERS TO_DELIVERS_TO'

2020-03-20 14:59:24 - [MESSAGE][PASSED] - Keys '*' sent to object: 'Object Repository/ADMIN/Edit Text/Bespoke/Seller Pages/Delivery Settings/input_DELIVERS TO_DELIVERS_TO'

2020-03-20 14:59:24 - [TEST_STEP][PASSED] - sendKeys(findTestObject("ADMIN/Edit Text/Bespoke/Seller Pages/Delivery Settings/input_PICK-UP OPTIONS_PICK-UP_OPTIONS"), "*"): Keys '*' sent to object: 'Object Repository/ADMIN/Edit Text/Bespoke/Seller Pages/Delivery Settings/input_PICK-UP OPTIONS_PICK-UP_OPTIONS'

2020-03-20 14:59:24 - [MESSAGE][PASSED] - Keys '*' sent to object: 'Object Repository/ADMIN/Edit Text/Bespoke/Seller Pages/Delivery Settings/input_PICK-UP OPTIONS_PICK-UP_OPTIONS'

2020-03-20 14:59:24 - [TEST_STEP][PASSED] - sendKeys(findTestObject("ADMIN/Edit Text/Bespoke/Seller Pages/Delivery Settings/input_Add Pick-up Options_Add_Pick-up_Options"), "*"): Keys '*' sent to object: 'Object Repository/ADMIN/Edit Text/Bespoke/Seller Pages/Delivery Settings/input_Add Pick-up Options_Add_Pick-up_Options'

2020-03-20 14:59:25 - [MESSAGE][PASSED] - Keys '*' sent to object: 'Object Repository/ADMIN/Edit Text/Bespoke/Seller Pages/Delivery Settings/input_Add Pick-up Options_Add_Pick-up_Options'

2020-03-20 14:59:25 - [TEST_STEP][PASSED] - sendKeys(findTestObject("ADMIN/Edit Text/Bespoke/Seller Pages/Delivery Settings/input_Define the full address where the buyer can pick up from_delivery_desc_used"), "*"): Keys '*' sent to object: 'Object Repository/ADMIN/Edit Text/Bespoke/Seller Pages/Delivery Settings/input_Define the full address where the buyer can pick up from_delivery_desc_used'

2020-03-20 14:59:25 - [MESSAGE][PASSED] - Keys '*' sent to object: 'Object Repository/ADMIN/Edit Text/Bespoke/Seller Pages/Delivery Settings/input_Define the full address where the buyer can pick up from_delivery_desc_used'

2020-03-20 14:59:25 - [TEST_STEP][PASSED] - sendKeys(findTestObject("ADMIN/Edit Text/Bespoke/Seller Pages/Delivery Settings/input_Delivers to_Delivers_to (1)"), "*"): Keys '*' sent to object: 'Object Repository/ADMIN/Edit Text/Bespoke/Seller Pages/Delivery Settings/input_Delivers to_Delivers_to (1)'

2020-03-20 14:59:25 - [MESSAGE][PASSED] - Keys '*' sent to object: 'Object Repository/ADMIN/Edit Text/Bespoke/Seller Pages/Delivery Settings/input_Delivers to_Delivers_to (1)'

2020-03-20 14:59:25 - [TEST_STEP][PASSED] - sendKeys(findTestObject("ADMIN/Edit Text/Bespoke/Seller Pages/Delivery Settings/input_Shipping rate by_Shipping_rate_by"), "*"): Keys '*' sent to object: 'Object Repository/ADMIN/Edit Text/Bespoke/Seller Pages/Delivery Settings/input_Shipping rate by_Shipping_rate_by'

2020-03-20 14:59:25 - [MESSAGE][PASSED] - Keys '*' sent to object: 'Object Repository/ADMIN/Edit Text/Bespoke/Seller Pages/Delivery Settings/input_Shipping rate by_Shipping_rate_by'

2020-03-20 14:59:25 - [TEST_STEP][PASSED] - sendKeys(findTestObject("ADMIN/Edit Text/Bespoke/Seller Pages/Delivery Settings/input_Delivering from_Delivering_from"), "*"): Keys '*' sent to object: 'Object Repository/ADMIN/Edit Text/Bespoke/Seller Pages/Delivery Settings/input_Delivering from_Delivering_from'

2020-03-20 14:59:25 - [MESSAGE][PASSED] - Keys '*' sent to object: 'Object Repository/ADMIN/Edit Text/Bespoke/Seller Pages/Delivery Settings/input_Delivering from_Delivering_from'

2020-03-20 14:59:25 - [TEST_STEP][PASSED] - sendKeys(findTestObject("ADMIN/Edit Text/Bespoke/Seller Pages/Delivery Settings/input_Delivery rates(s)_Shipping_rate_by"), "*"): Keys '*' sent to object: 'Object Repository/ADMIN/Edit Text/Bespoke/Seller Pages/Delivery Settings/input_Delivery rates(s)_Shipping_rate_by'

2020-03-20 14:59:26 - [MESSAGE][PASSED] - Keys '*' sent to object: 'Object Repository/ADMIN/Edit Text/Bespoke/Seller Pages/Delivery Settings/input_Delivery rates(s)_Shipping_rate_by'

2020-03-20 14:59:26 - [TEST_STEP][PASSED] - sendKeys(findTestObject("ADMIN/Edit Text/Bespoke/Seller Pages/Delivery Settings/input_Name_Name1"), "*"): Keys '*' sent to object: 'Object Repository/ADMIN/Edit Text/Bespoke/Seller Pages/Delivery Settings/input_Name_Name1'

2020-03-20 14:59:26 - [MESSAGE][PASSED] - Keys '*' sent to object: 'Object Repository/ADMIN/Edit Text/Bespoke/Seller Pages/Delivery Settings/input_Name_Name1'

2020-03-20 14:59:26 - [TEST_STEP][PASSED] - sendKeys(findTestObject("ADMIN/Edit Text/Bespoke/Seller Pages/Delivery Settings/input_Range_Range"), "*"): Keys '*' sent to object: 'Object Repository/ADMIN/Edit Text/Bespoke/Seller Pages/Delivery Settings/input_Range_Range'

2020-03-20 14:59:26 - [MESSAGE][PASSED] - Keys '*' sent to object: 'Object Repository/ADMIN/Edit Text/Bespoke/Seller Pages/Delivery Settings/input_Range_Range'

2020-03-20 14:59:26 - [TEST_STEP][PASSED] - sendKeys(findTestObject("ADMIN/Edit Text/Bespoke/Seller Pages/Delivery Settings/input_Delivery Cost_Delivery_Cost"), "*"): Keys '*' sent to object: 'Object Repository/ADMIN/Edit Text/Bespoke/Seller Pages/Delivery Settings/input_Delivery Cost_Delivery_Cost'

2020-03-20 14:59:26 - [MESSAGE][PASSED] - Keys '*' sent to object: 'Object Repository/ADMIN/Edit Text/Bespoke/Seller Pages/Delivery Settings/input_Delivery Cost_Delivery_Cost'

2020-03-20 14:59:26 - [TEST_STEP][PASSED] - sendKeys(findTestObject("ADMIN/Edit Text/Bespoke/Seller Pages/Delivery Settings/input_Okay_Range"), "*"): Keys '*' sent to object: 'Object Repository/ADMIN/Edit Text/Bespoke/Seller Pages/Delivery Settings/input_Okay_Range'

2020-03-20 14:59:27 - [MESSAGE][PASSED] - Keys '*' sent to object: 'Object Repository/ADMIN/Edit Text/Bespoke/Seller Pages/Delivery Settings/input_Okay_Range'

2020-03-20 14:59:27 - [TEST_STEP][PASSED] - sendKeys(findTestObject("ADMIN/Edit Text/Bespoke/Seller Pages/Delivery Settings/input_ADDEDIT DELIVERY OPTION_Add_edit_delivery_option"), "*"): Keys '*' sent to object: 'Object Repository/ADMIN/Edit Text/Bespoke/Seller Pages/Delivery Settings/input_ADDEDIT DELIVERY OPTION_Add_edit_delivery_option'

2020-03-20 14:59:27 - [MESSAGE][PASSED] - Keys '*' sent to object: 'Object Repository/ADMIN/Edit Text/Bespoke/Seller Pages/Delivery Settings/input_ADDEDIT DELIVERY OPTION_Add_edit_delivery_option'

2020-03-20 14:59:27 - [TEST_STEP][PASSED] - sendKeys(findTestObject("ADMIN/Edit Text/Bespoke/Seller Pages/Delivery Settings/input_Define the locations available and the rates for the delivery option_Define_the_locations_available_and_the_rates_for_the_delivery_option"), "*"): Keys '*' sent to object: 'Object Repository/ADMIN/Edit Text/Bespoke/Seller Pages/Delivery Settings/input_Define the locations available and the rates for the delivery option_Define_the_locations_available_and_the_rates_for_the_delivery_option'

2020-03-20 14:59:27 - [MESSAGE][PASSED] - Keys '*' sent to object: 'Object Repository/ADMIN/Edit Text/Bespoke/Seller Pages/Delivery Settings/input_Define the locations available and the rates for the delivery option_Define_the_locations_available_and_the_rates_for_the_delivery_option'

2020-03-20 14:59:27 - [TEST_STEP][PASSED] - sendKeys(findTestObject("ADMIN/Edit Text/Bespoke/Seller Pages/Delivery Settings/input_DELIVERY OPTION SETTINGS_DELIVERY_OPTIONS_SETTINGS"), "*"): Keys '*' sent to object: 'Object Repository/ADMIN/Edit Text/Bespoke/Seller Pages/Delivery Settings/input_DELIVERY OPTION SETTINGS_DELIVERY_OPTIONS_SETTINGS'

2020-03-20 14:59:27 - [MESSAGE][PASSED] - Keys '*' sent to object: 'Object Repository/ADMIN/Edit Text/Bespoke/Seller Pages/Delivery Settings/input_DELIVERY OPTION SETTINGS_DELIVERY_OPTIONS_SETTINGS'

2020-03-20 14:59:27 - [TEST_STEP][PASSED] - sendKeys(findTestObject("ADMIN/Edit Text/Bespoke/Seller Pages/Delivery Settings/input_DELIVERY OPTION NAME_DELIVERY_OPTION_NAME"), "*"): Keys '*' sent to object: 'Object Repository/ADMIN/Edit Text/Bespoke/Seller Pages/Delivery Settings/input_DELIVERY OPTION NAME_DELIVERY_OPTION_NAME'

2020-03-20 14:59:28 - [MESSAGE][PASSED] - Keys '*' sent to object: 'Object Repository/ADMIN/Edit Text/Bespoke/Seller Pages/Delivery Settings/input_DELIVERY OPTION NAME_DELIVERY_OPTION_NAME'

2020-03-20 14:59:28 - [TEST_STEP][PASSED] - sendKeys(findTestObject("ADMIN/Edit Text/Bespoke/Seller Pages/Delivery Settings/input_delivers to3"), "*"): Keys '*' sent to object: 'Object Repository/ADMIN/Edit Text/Bespoke/Seller Pages/Delivery Settings/input_delivers to3'

2020-03-20 14:59:28 - [MESSAGE][PASSED] - Keys '*' sent to object: 'Object Repository/ADMIN/Edit Text/Bespoke/Seller Pages/Delivery Settings/input_delivers to3'

2020-03-20 14:59:28 - [TEST_STEP][PASSED] - sendKeys(findTestObject("ADMIN/Edit Text/Bespoke/Seller Pages/Delivery Settings/input_MINIMUM LEAD TIME_Minimum_lead_time"), "*"): Keys '*' sent to object: 'Object Repository/ADMIN/Edit Text/Bespoke/Seller Pages/Delivery Settings/input_MINIMUM LEAD TIME_Minimum_lead_time'

2020-03-20 14:59:28 - [MESSAGE][PASSED] - Keys '*' sent to object: 'Object Repository/ADMIN/Edit Text/Bespoke/Seller Pages/Delivery Settings/input_MINIMUM LEAD TIME_Minimum_lead_time'

2020-03-20 14:59:28 - [TEST_STEP][PASSED] - sendKeys(findTestObject("ADMIN/Edit Text/Bespoke/Seller Pages/Delivery Settings/input_WHERE ARE YOU DELIVERING FROM_Where_are_you_delivering_from"), "*"): Keys '*' sent to object: 'Object Repository/ADMIN/Edit Text/Bespoke/Seller Pages/Delivery Settings/input_WHERE ARE YOU DELIVERING FROM_Where_are_you_delivering_from'

2020-03-20 14:59:29 - [MESSAGE][PASSED] - Keys '*' sent to object: 'Object Repository/ADMIN/Edit Text/Bespoke/Seller Pages/Delivery Settings/input_WHERE ARE YOU DELIVERING FROM_Where_are_you_delivering_from'

2020-03-20 14:59:29 - [TEST_STEP][PASSED] - sendKeys(findTestObject("ADMIN/Edit Text/Bespoke/Seller Pages/Delivery Settings/input_Select if you would like to calculate shipping by total order weight or total order price_total_order_weight_or_total_order_price"), "*"): Keys '*' sent to object: 'Object Repository/ADMIN/Edit Text/Bespoke/Seller Pages/Delivery Settings/input_Select if you would like to calculate shipping by total order weight or total order price_total_order_weight_or_total_order_price'

2020-03-20 14:59:29 - [MESSAGE][PASSED] - Keys '*' sent to object: 'Object Repository/ADMIN/Edit Text/Bespoke/Seller Pages/Delivery Settings/input_Select if you would like to calculate shipping by total order weight or total order price_total_order_weight_or_total_order_price'

2020-03-20 14:59:29 - [TEST_STEP][PASSED] - sendKeys(findTestObject("ADMIN/Edit Text/Bespoke/Seller Pages/Delivery Settings/input_Weight_Weight"), "*"): Keys '*' sent to object: 'Object Repository/ADMIN/Edit Text/Bespoke/Seller Pages/Delivery Settings/input_Weight_Weight'

2020-03-20 14:59:29 - [MESSAGE][PASSED] - Keys '*' sent to object: 'Object Repository/ADMIN/Edit Text/Bespoke/Seller Pages/Delivery Settings/input_Weight_Weight'

2020-03-20 14:59:29 - [TEST_STEP][PASSED] - sendKeys(findTestObject("ADMIN/Edit Text/Bespoke/Seller Pages/Delivery Settings/input_Price_Price"), "*"): Keys '*' sent to object: 'Object Repository/ADMIN/Edit Text/Bespoke/Seller Pages/Delivery Settings/input_Price_Price'

2020-03-20 14:59:29 - [MESSAGE][PASSED] - Keys '*' sent to object: 'Object Repository/ADMIN/Edit Text/Bespoke/Seller Pages/Delivery Settings/input_Price_Price'

2020-03-20 14:59:29 - [TEST_STEP][PASSED] - sendKeys(findTestObject("ADMIN/Edit Text/Bespoke/Seller Pages/Delivery Settings/input_Delivery Rate(s)_DelDelivery_Rates"), "*"): Keys '*' sent to object: 'Object Repository/ADMIN/Edit Text/Bespoke/Seller Pages/Delivery Settings/input_Delivery Rate(s)_DelDelivery_Rates'

2020-03-20 14:59:30 - [MESSAGE][PASSED] - Keys '*' sent to object: 'Object Repository/ADMIN/Edit Text/Bespoke/Seller Pages/Delivery Settings/input_Delivery Rate(s)_DelDelivery_Rates'

2020-03-20 14:59:30 - [TEST_STEP][PASSED] - sendKeys(findTestObject("ADMIN/Edit Text/Bespoke/Seller Pages/Delivery Settings/input_NAME_Name (1)"), "*"): Keys '*' sent to object: 'Object Repository/ADMIN/Edit Text/Bespoke/Seller Pages/Delivery Settings/input_NAME_Name (1)'

2020-03-20 14:59:30 - [MESSAGE][PASSED] - Keys '*' sent to object: 'Object Repository/ADMIN/Edit Text/Bespoke/Seller Pages/Delivery Settings/input_NAME_Name (1)'

2020-03-20 14:59:30 - [TEST_STEP][PASSED] - sendKeys(findTestObject("ADMIN/Edit Text/Bespoke/Seller Pages/Delivery Settings/input_RANGE_Range (1)"), "*"): Keys '*' sent to object: 'Object Repository/ADMIN/Edit Text/Bespoke/Seller Pages/Delivery Settings/input_RANGE_Range (1)'

2020-03-20 14:59:30 - [MESSAGE][PASSED] - Keys '*' sent to object: 'Object Repository/ADMIN/Edit Text/Bespoke/Seller Pages/Delivery Settings/input_RANGE_Range (1)'

2020-03-20 14:59:30 - [TEST_STEP][PASSED] - sendKeys(findTestObject("ADMIN/Edit Text/Bespoke/Seller Pages/Delivery Settings/input_DELIVERY COST_Delivery_Cost (1)"), "*"): Keys '*' sent to object: 'Object Repository/ADMIN/Edit Text/Bespoke/Seller Pages/Delivery Settings/input_DELIVERY COST_Delivery_Cost (1)'

2020-03-20 14:59:30 - [MESSAGE][PASSED] - Keys '*' sent to object: 'Object Repository/ADMIN/Edit Text/Bespoke/Seller Pages/Delivery Settings/input_DELIVERY COST_Delivery_Cost (1)'

2020-03-20 14:59:30 - [TEST_STEP][PASSED] - sendKeys(findTestObject("ADMIN/Edit Text/Bespoke/Seller Pages/Delivery Settings/input_Onwards_Onwards"), "*"): Keys '*' sent to object: 'Object Repository/ADMIN/Edit Text/Bespoke/Seller Pages/Delivery Settings/input_Onwards_Onwards'

2020-03-20 14:59:30 - [MESSAGE][PASSED] - Keys '*' sent to object: 'Object Repository/ADMIN/Edit Text/Bespoke/Seller Pages/Delivery Settings/input_Onwards_Onwards'

2020-03-20 14:59:30 - [TEST_STEP][PASSED] - sendKeys(findTestObject("ADMIN/Edit Text/Bespoke/Seller Pages/Delivery Settings/input_Add Delivery Rate_Add_Delivery_Rate"), "*"): Keys '*' sent to object: 'Object Repository/ADMIN/Edit Text/Bespoke/Seller Pages/Delivery Settings/input_Add Delivery Rate_Add_Delivery_Rate'

2020-03-20 14:59:31 - [MESSAGE][PASSED] - Keys '*' sent to object: 'Object Repository/ADMIN/Edit Text/Bespoke/Seller Pages/Delivery Settings/input_Add Delivery Rate_Add_Delivery_Rate'

2020-03-20 14:59:31 - [TEST_STEP][PASSED] - sendKeys(findTestObject("ADMIN/Edit Text/Bespoke/Seller Pages/Delivery Settings/input_Delivery Rate Name (Buyers will not see this)_Delivery_Rate_Name"), "*"): Keys '*' sent to object: 'Object Repository/ADMIN/Edit Text/Bespoke/Seller Pages/Delivery Settings/input_Delivery Rate Name (Buyers will not see this)_Delivery_Rate_Name'

2020-03-20 14:59:31 - [MESSAGE][PASSED] - Keys '*' sent to object: 'Object Repository/ADMIN/Edit Text/Bespoke/Seller Pages/Delivery Settings/input_Delivery Rate Name (Buyers will not see this)_Delivery_Rate_Name'

2020-03-20 14:59:31 - [TEST_STEP][PASSED] - sendKeys(findTestObject("ADMIN/Edit Text/Bespoke/Seller Pages/Delivery Settings/input_To_To"), "*"): Keys '*' sent to object: 'Object Repository/ADMIN/Edit Text/Bespoke/Seller Pages/Delivery Settings/input_To_To'

2020-03-20 14:59:31 - [MESSAGE][PASSED] - Keys '*' sent to object: 'Object Repository/ADMIN/Edit Text/Bespoke/Seller Pages/Delivery Settings/input_To_To'

2020-03-20 14:59:31 - [TEST_STEP][PASSED] - sendKeys(findTestObject("ADMIN/Edit Text/Bespoke/Seller Pages/Delivery Settings/input_delivery cost4"), "*"): Keys '*' sent to object: 'Object Repository/ADMIN/Edit Text/Bespoke/Seller Pages/Delivery Settings/input_delivery cost4'

2020-03-20 14:59:31 - [MESSAGE][PASSED] - Keys '*' sent to object: 'Object Repository/ADMIN/Edit Text/Bespoke/Seller Pages/Delivery Settings/input_delivery cost4'

2020-03-20 14:59:31 - [TEST_STEP][PASSED] - sendKeys(findTestObject("ADMIN/Edit Text/Bespoke/Seller Pages/Delivery Settings/input_Save_Save"), "*"): Keys '*' sent to object: 'Object Repository/ADMIN/Edit Text/Bespoke/Seller Pages/Delivery Settings/input_Save_Save'

2020-03-20 14:59:31 - [MESSAGE][PASSED] - Keys '*' sent to object: 'Object Repository/ADMIN/Edit Text/Bespoke/Seller Pages/Delivery Settings/input_Save_Save'

2020-03-20 14:59:31 - [TEST_STEP][PASSED] - sendKeys(findTestObject("ADMIN/Edit Text/Bespoke/Seller Pages/Delivery Settings/input_Cancel_Cancel"), "*"): Keys '*' sent to object: 'Object Repository/ADMIN/Edit Text/Bespoke/Seller Pages/Delivery Settings/input_Cancel_Cancel'

2020-03-20 14:59:32 - [MESSAGE][PASSED] - Keys '*' sent to object: 'Object Repository/ADMIN/Edit Text/Bespoke/Seller Pages/Delivery Settings/input_Cancel_Cancel'

2020-03-20 14:59:32 - [TEST_STEP][PASSED] - click(findTestObject("ADMIN/Edit Text/Bespoke/Buyer Pages/Homepage/button_save"), CONTINUE_ON_FAILURE): Object: 'Object Repository/ADMIN/Edit Text/Bespoke/Buyer Pages/Homepage/button_save' is clicked on

2020-03-20 14:59:32 - [MESSAGE][PASSED] - Object: 'Object Repository/ADMIN/Edit Text/Bespoke/Buyer Pages/Homepage/button_save' is clicked on

2020-03-20 14:59:32 - [TEST_STEP][PASSED] - waitForElementVisible(findTestObject("ADMIN/Edit Text/Bespoke/Buyer Pages/Homepage/toaster_success"), 0): Object 'Object Repository/ADMIN/Edit Text/Bespoke/Buyer Pages/Homepage/toaster_success' is visible

2020-03-20 14:59:32 - [MESSAGE][WARNING] - Timeout '0' is invalid. Using default page load timeout: '30'

2020-03-20 14:59:33 - [MESSAGE][PASSED] - Object 'Object Repository/ADMIN/Edit Text/Bespoke/Buyer Pages/Homepage/toaster_success' is visible]]></system-out>
         <system-err><![CDATA[]]></system-err>
      </testcase>
      <testcase name="Test Cases/ADMIN/Language/Edit Text/Bespoke/Seller/Delivery Settings" time="10.493" classname="Test Cases/ADMIN/Language/Edit Text/Bespoke/Seller/Delivery Settings" status="PASSED">
         <system-out><![CDATA[2020-03-20 14:59:33 - [TEST_CASE][PASSED] - Test Cases/ADMIN/Language/Edit Text/Bespoke/Seller/Delivery Settings: Test Cases/ADMIN/Language/Edit Text/Bespoke/Seller/Delivery Settings

2020-03-20 14:59:33 - [TEST_STEP][PASSED] - waitForElementVisible(findTestObject("ADMIN/Edit Text/Bespoke/Buyer Navigation/dd_language"), 0): Object 'Object Repository/ADMIN/Edit Text/Bespoke/Buyer Navigation/dd_language' is visible

2020-03-20 14:59:33 - [MESSAGE][WARNING] - Timeout '0' is invalid. Using default page load timeout: '30'

2020-03-20 14:59:33 - [MESSAGE][PASSED] - Object 'Object Repository/ADMIN/Edit Text/Bespoke/Buyer Navigation/dd_language' is visible

2020-03-20 14:59:33 - [TEST_STEP][PASSED] - selectOptionByLabel(findTestObject("ADMIN/Edit Text/Bespoke/Buyer Navigation/dd_language"), varLanguage, false): All options with label 'Arabic' are selected in object 'Object Repository/ADMIN/Edit Text/Bespoke/Buyer Navigation/dd_language' 

2020-03-20 14:59:34 - [MESSAGE][PASSED] - All options with label 'Arabic' are selected in object 'Object Repository/ADMIN/Edit Text/Bespoke/Buyer Navigation/dd_language' 

2020-03-20 14:59:34 - [TEST_STEP][PASSED] - sendKeys(findTestObject("ADMIN/Edit Text/Bespoke/Seller Pages/Delivery Settings/input_DELIVERY SETTINGS_DELIVERY_SETTINGS"), "*"): Keys '*' sent to object: 'Object Repository/ADMIN/Edit Text/Bespoke/Seller Pages/Delivery Settings/input_DELIVERY SETTINGS_DELIVERY_SETTINGS'

2020-03-20 14:59:34 - [MESSAGE][PASSED] - Keys '*' sent to object: 'Object Repository/ADMIN/Edit Text/Bespoke/Seller Pages/Delivery Settings/input_DELIVERY SETTINGS_DELIVERY_SETTINGS'

2020-03-20 14:59:34 - [TEST_STEP][PASSED] - sendKeys(findTestObject("ADMIN/Edit Text/Bespoke/Seller Pages/Delivery Settings/input_add del or pickup"), "*"): Keys '*' sent to object: 'Object Repository/ADMIN/Edit Text/Bespoke/Seller Pages/Delivery Settings/input_add del or pickup'

2020-03-20 14:59:34 - [MESSAGE][PASSED] - Keys '*' sent to object: 'Object Repository/ADMIN/Edit Text/Bespoke/Seller Pages/Delivery Settings/input_add del or pickup'

2020-03-20 14:59:34 - [TEST_STEP][PASSED] - sendKeys(findTestObject("ADMIN/Edit Text/Bespoke/Seller Pages/Delivery Settings/input_DELIVERY OPTIONS_DELIVERY_OPTIONS"), "*"): Keys '*' sent to object: 'Object Repository/ADMIN/Edit Text/Bespoke/Seller Pages/Delivery Settings/input_DELIVERY OPTIONS_DELIVERY_OPTIONS'

2020-03-20 14:59:35 - [MESSAGE][PASSED] - Keys '*' sent to object: 'Object Repository/ADMIN/Edit Text/Bespoke/Seller Pages/Delivery Settings/input_DELIVERY OPTIONS_DELIVERY_OPTIONS'

2020-03-20 14:59:35 - [TEST_STEP][PASSED] - sendKeys(findTestObject("ADMIN/Edit Text/Bespoke/Seller Pages/Delivery Settings/input_Add Delivery Options_select_delivery_method"), "*"): Keys '*' sent to object: 'Object Repository/ADMIN/Edit Text/Bespoke/Seller Pages/Delivery Settings/input_Add Delivery Options_select_delivery_method'

2020-03-20 14:59:35 - [MESSAGE][PASSED] - Keys '*' sent to object: 'Object Repository/ADMIN/Edit Text/Bespoke/Seller Pages/Delivery Settings/input_Add Delivery Options_select_delivery_method'

2020-03-20 14:59:35 - [TEST_STEP][PASSED] - sendKeys(findTestObject("ADMIN/Edit Text/Bespoke/Seller Pages/Delivery Settings/input_Name_Name"), "*"): Keys '*' sent to object: 'Object Repository/ADMIN/Edit Text/Bespoke/Seller Pages/Delivery Settings/input_Name_Name'

2020-03-20 14:59:35 - [MESSAGE][PASSED] - Keys '*' sent to object: 'Object Repository/ADMIN/Edit Text/Bespoke/Seller Pages/Delivery Settings/input_Name_Name'

2020-03-20 14:59:35 - [TEST_STEP][PASSED] - sendKeys(findTestObject("ADMIN/Edit Text/Bespoke/Seller Pages/Delivery Settings/input_DELIVERS TO_DELIVERS_TO"), "*"): Keys '*' sent to object: 'Object Repository/ADMIN/Edit Text/Bespoke/Seller Pages/Delivery Settings/input_DELIVERS TO_DELIVERS_TO'

2020-03-20 14:59:35 - [MESSAGE][PASSED] - Keys '*' sent to object: 'Object Repository/ADMIN/Edit Text/Bespoke/Seller Pages/Delivery Settings/input_DELIVERS TO_DELIVERS_TO'

2020-03-20 14:59:35 - [TEST_STEP][PASSED] - sendKeys(findTestObject("ADMIN/Edit Text/Bespoke/Seller Pages/Delivery Settings/input_PICK-UP OPTIONS_PICK-UP_OPTIONS"), "*"): Keys '*' sent to object: 'Object Repository/ADMIN/Edit Text/Bespoke/Seller Pages/Delivery Settings/input_PICK-UP OPTIONS_PICK-UP_OPTIONS'

2020-03-20 14:59:36 - [MESSAGE][PASSED] - Keys '*' sent to object: 'Object Repository/ADMIN/Edit Text/Bespoke/Seller Pages/Delivery Settings/input_PICK-UP OPTIONS_PICK-UP_OPTIONS'

2020-03-20 14:59:36 - [TEST_STEP][PASSED] - sendKeys(findTestObject("ADMIN/Edit Text/Bespoke/Seller Pages/Delivery Settings/input_Add Pick-up Options_Add_Pick-up_Options"), "*"): Keys '*' sent to object: 'Object Repository/ADMIN/Edit Text/Bespoke/Seller Pages/Delivery Settings/input_Add Pick-up Options_Add_Pick-up_Options'

2020-03-20 14:59:36 - [MESSAGE][PASSED] - Keys '*' sent to object: 'Object Repository/ADMIN/Edit Text/Bespoke/Seller Pages/Delivery Settings/input_Add Pick-up Options_Add_Pick-up_Options'

2020-03-20 14:59:36 - [TEST_STEP][PASSED] - sendKeys(findTestObject("ADMIN/Edit Text/Bespoke/Seller Pages/Delivery Settings/input_Define the full address where the buyer can pick up from_delivery_desc_used"), "*"): Keys '*' sent to object: 'Object Repository/ADMIN/Edit Text/Bespoke/Seller Pages/Delivery Settings/input_Define the full address where the buyer can pick up from_delivery_desc_used'

2020-03-20 14:59:36 - [MESSAGE][PASSED] - Keys '*' sent to object: 'Object Repository/ADMIN/Edit Text/Bespoke/Seller Pages/Delivery Settings/input_Define the full address where the buyer can pick up from_delivery_desc_used'

2020-03-20 14:59:36 - [TEST_STEP][PASSED] - sendKeys(findTestObject("ADMIN/Edit Text/Bespoke/Seller Pages/Delivery Settings/input_Delivers to_Delivers_to (1)"), "*"): Keys '*' sent to object: 'Object Repository/ADMIN/Edit Text/Bespoke/Seller Pages/Delivery Settings/input_Delivers to_Delivers_to (1)'

2020-03-20 14:59:36 - [MESSAGE][PASSED] - Keys '*' sent to object: 'Object Repository/ADMIN/Edit Text/Bespoke/Seller Pages/Delivery Settings/input_Delivers to_Delivers_to (1)'

2020-03-20 14:59:36 - [TEST_STEP][PASSED] - sendKeys(findTestObject("ADMIN/Edit Text/Bespoke/Seller Pages/Delivery Settings/input_Shipping rate by_Shipping_rate_by"), "*"): Keys '*' sent to object: 'Object Repository/ADMIN/Edit Text/Bespoke/Seller Pages/Delivery Settings/input_Shipping rate by_Shipping_rate_by'

2020-03-20 14:59:36 - [MESSAGE][PASSED] - Keys '*' sent to object: 'Object Repository/ADMIN/Edit Text/Bespoke/Seller Pages/Delivery Settings/input_Shipping rate by_Shipping_rate_by'

2020-03-20 14:59:36 - [TEST_STEP][PASSED] - sendKeys(findTestObject("ADMIN/Edit Text/Bespoke/Seller Pages/Delivery Settings/input_Delivering from_Delivering_from"), "*"): Keys '*' sent to object: 'Object Repository/ADMIN/Edit Text/Bespoke/Seller Pages/Delivery Settings/input_Delivering from_Delivering_from'

2020-03-20 14:59:36 - [MESSAGE][PASSED] - Keys '*' sent to object: 'Object Repository/ADMIN/Edit Text/Bespoke/Seller Pages/Delivery Settings/input_Delivering from_Delivering_from'

2020-03-20 14:59:36 - [TEST_STEP][PASSED] - sendKeys(findTestObject("ADMIN/Edit Text/Bespoke/Seller Pages/Delivery Settings/input_Delivery rates(s)_Shipping_rate_by"), "*"): Keys '*' sent to object: 'Object Repository/ADMIN/Edit Text/Bespoke/Seller Pages/Delivery Settings/input_Delivery rates(s)_Shipping_rate_by'

2020-03-20 14:59:37 - [MESSAGE][PASSED] - Keys '*' sent to object: 'Object Repository/ADMIN/Edit Text/Bespoke/Seller Pages/Delivery Settings/input_Delivery rates(s)_Shipping_rate_by'

2020-03-20 14:59:37 - [TEST_STEP][PASSED] - sendKeys(findTestObject("ADMIN/Edit Text/Bespoke/Seller Pages/Delivery Settings/input_Name_Name1"), "*"): Keys '*' sent to object: 'Object Repository/ADMIN/Edit Text/Bespoke/Seller Pages/Delivery Settings/input_Name_Name1'

2020-03-20 14:59:37 - [MESSAGE][PASSED] - Keys '*' sent to object: 'Object Repository/ADMIN/Edit Text/Bespoke/Seller Pages/Delivery Settings/input_Name_Name1'

2020-03-20 14:59:37 - [TEST_STEP][PASSED] - sendKeys(findTestObject("ADMIN/Edit Text/Bespoke/Seller Pages/Delivery Settings/input_Range_Range"), "*"): Keys '*' sent to object: 'Object Repository/ADMIN/Edit Text/Bespoke/Seller Pages/Delivery Settings/input_Range_Range'

2020-03-20 14:59:37 - [MESSAGE][PASSED] - Keys '*' sent to object: 'Object Repository/ADMIN/Edit Text/Bespoke/Seller Pages/Delivery Settings/input_Range_Range'

2020-03-20 14:59:37 - [TEST_STEP][PASSED] - sendKeys(findTestObject("ADMIN/Edit Text/Bespoke/Seller Pages/Delivery Settings/input_Delivery Cost_Delivery_Cost"), "*"): Keys '*' sent to object: 'Object Repository/ADMIN/Edit Text/Bespoke/Seller Pages/Delivery Settings/input_Delivery Cost_Delivery_Cost'

2020-03-20 14:59:37 - [MESSAGE][PASSED] - Keys '*' sent to object: 'Object Repository/ADMIN/Edit Text/Bespoke/Seller Pages/Delivery Settings/input_Delivery Cost_Delivery_Cost'

2020-03-20 14:59:37 - [TEST_STEP][PASSED] - sendKeys(findTestObject("ADMIN/Edit Text/Bespoke/Seller Pages/Delivery Settings/input_Okay_Range"), "*"): Keys '*' sent to object: 'Object Repository/ADMIN/Edit Text/Bespoke/Seller Pages/Delivery Settings/input_Okay_Range'

2020-03-20 14:59:38 - [MESSAGE][PASSED] - Keys '*' sent to object: 'Object Repository/ADMIN/Edit Text/Bespoke/Seller Pages/Delivery Settings/input_Okay_Range'

2020-03-20 14:59:38 - [TEST_STEP][PASSED] - sendKeys(findTestObject("ADMIN/Edit Text/Bespoke/Seller Pages/Delivery Settings/input_ADDEDIT DELIVERY OPTION_Add_edit_delivery_option"), "*"): Keys '*' sent to object: 'Object Repository/ADMIN/Edit Text/Bespoke/Seller Pages/Delivery Settings/input_ADDEDIT DELIVERY OPTION_Add_edit_delivery_option'

2020-03-20 14:59:38 - [MESSAGE][PASSED] - Keys '*' sent to object: 'Object Repository/ADMIN/Edit Text/Bespoke/Seller Pages/Delivery Settings/input_ADDEDIT DELIVERY OPTION_Add_edit_delivery_option'

2020-03-20 14:59:38 - [TEST_STEP][PASSED] - sendKeys(findTestObject("ADMIN/Edit Text/Bespoke/Seller Pages/Delivery Settings/input_Define the locations available and the rates for the delivery option_Define_the_locations_available_and_the_rates_for_the_delivery_option"), "*"): Keys '*' sent to object: 'Object Repository/ADMIN/Edit Text/Bespoke/Seller Pages/Delivery Settings/input_Define the locations available and the rates for the delivery option_Define_the_locations_available_and_the_rates_for_the_delivery_option'

2020-03-20 14:59:38 - [MESSAGE][PASSED] - Keys '*' sent to object: 'Object Repository/ADMIN/Edit Text/Bespoke/Seller Pages/Delivery Settings/input_Define the locations available and the rates for the delivery option_Define_the_locations_available_and_the_rates_for_the_delivery_option'

2020-03-20 14:59:38 - [TEST_STEP][PASSED] - sendKeys(findTestObject("ADMIN/Edit Text/Bespoke/Seller Pages/Delivery Settings/input_DELIVERY OPTION SETTINGS_DELIVERY_OPTIONS_SETTINGS"), "*"): Keys '*' sent to object: 'Object Repository/ADMIN/Edit Text/Bespoke/Seller Pages/Delivery Settings/input_DELIVERY OPTION SETTINGS_DELIVERY_OPTIONS_SETTINGS'

2020-03-20 14:59:38 - [MESSAGE][PASSED] - Keys '*' sent to object: 'Object Repository/ADMIN/Edit Text/Bespoke/Seller Pages/Delivery Settings/input_DELIVERY OPTION SETTINGS_DELIVERY_OPTIONS_SETTINGS'

2020-03-20 14:59:38 - [TEST_STEP][PASSED] - sendKeys(findTestObject("ADMIN/Edit Text/Bespoke/Seller Pages/Delivery Settings/input_DELIVERY OPTION NAME_DELIVERY_OPTION_NAME"), "*"): Keys '*' sent to object: 'Object Repository/ADMIN/Edit Text/Bespoke/Seller Pages/Delivery Settings/input_DELIVERY OPTION NAME_DELIVERY_OPTION_NAME'

2020-03-20 14:59:38 - [MESSAGE][PASSED] - Keys '*' sent to object: 'Object Repository/ADMIN/Edit Text/Bespoke/Seller Pages/Delivery Settings/input_DELIVERY OPTION NAME_DELIVERY_OPTION_NAME'

2020-03-20 14:59:38 - [TEST_STEP][PASSED] - sendKeys(findTestObject("ADMIN/Edit Text/Bespoke/Seller Pages/Delivery Settings/input_delivers to3"), "*"): Keys '*' sent to object: 'Object Repository/ADMIN/Edit Text/Bespoke/Seller Pages/Delivery Settings/input_delivers to3'

2020-03-20 14:59:39 - [MESSAGE][PASSED] - Keys '*' sent to object: 'Object Repository/ADMIN/Edit Text/Bespoke/Seller Pages/Delivery Settings/input_delivers to3'

2020-03-20 14:59:39 - [TEST_STEP][PASSED] - sendKeys(findTestObject("ADMIN/Edit Text/Bespoke/Seller Pages/Delivery Settings/input_MINIMUM LEAD TIME_Minimum_lead_time"), "*"): Keys '*' sent to object: 'Object Repository/ADMIN/Edit Text/Bespoke/Seller Pages/Delivery Settings/input_MINIMUM LEAD TIME_Minimum_lead_time'

2020-03-20 14:59:39 - [MESSAGE][PASSED] - Keys '*' sent to object: 'Object Repository/ADMIN/Edit Text/Bespoke/Seller Pages/Delivery Settings/input_MINIMUM LEAD TIME_Minimum_lead_time'

2020-03-20 14:59:39 - [TEST_STEP][PASSED] - sendKeys(findTestObject("ADMIN/Edit Text/Bespoke/Seller Pages/Delivery Settings/input_WHERE ARE YOU DELIVERING FROM_Where_are_you_delivering_from"), "*"): Keys '*' sent to object: 'Object Repository/ADMIN/Edit Text/Bespoke/Seller Pages/Delivery Settings/input_WHERE ARE YOU DELIVERING FROM_Where_are_you_delivering_from'

2020-03-20 14:59:39 - [MESSAGE][PASSED] - Keys '*' sent to object: 'Object Repository/ADMIN/Edit Text/Bespoke/Seller Pages/Delivery Settings/input_WHERE ARE YOU DELIVERING FROM_Where_are_you_delivering_from'

2020-03-20 14:59:39 - [TEST_STEP][PASSED] - sendKeys(findTestObject("ADMIN/Edit Text/Bespoke/Seller Pages/Delivery Settings/input_Select if you would like to calculate shipping by total order weight or total order price_total_order_weight_or_total_order_price"), "*"): Keys '*' sent to object: 'Object Repository/ADMIN/Edit Text/Bespoke/Seller Pages/Delivery Settings/input_Select if you would like to calculate shipping by total order weight or total order price_total_order_weight_or_total_order_price'

2020-03-20 14:59:39 - [MESSAGE][PASSED] - Keys '*' sent to object: 'Object Repository/ADMIN/Edit Text/Bespoke/Seller Pages/Delivery Settings/input_Select if you would like to calculate shipping by total order weight or total order price_total_order_weight_or_total_order_price'

2020-03-20 14:59:39 - [TEST_STEP][PASSED] - sendKeys(findTestObject("ADMIN/Edit Text/Bespoke/Seller Pages/Delivery Settings/input_Weight_Weight"), "*"): Keys '*' sent to object: 'Object Repository/ADMIN/Edit Text/Bespoke/Seller Pages/Delivery Settings/input_Weight_Weight'

2020-03-20 14:59:40 - [MESSAGE][PASSED] - Keys '*' sent to object: 'Object Repository/ADMIN/Edit Text/Bespoke/Seller Pages/Delivery Settings/input_Weight_Weight'

2020-03-20 14:59:40 - [TEST_STEP][PASSED] - sendKeys(findTestObject("ADMIN/Edit Text/Bespoke/Seller Pages/Delivery Settings/input_Price_Price"), "*"): Keys '*' sent to object: 'Object Repository/ADMIN/Edit Text/Bespoke/Seller Pages/Delivery Settings/input_Price_Price'

2020-03-20 14:59:40 - [MESSAGE][PASSED] - Keys '*' sent to object: 'Object Repository/ADMIN/Edit Text/Bespoke/Seller Pages/Delivery Settings/input_Price_Price'

2020-03-20 14:59:40 - [TEST_STEP][PASSED] - sendKeys(findTestObject("ADMIN/Edit Text/Bespoke/Seller Pages/Delivery Settings/input_Delivery Rate(s)_DelDelivery_Rates"), "*"): Keys '*' sent to object: 'Object Repository/ADMIN/Edit Text/Bespoke/Seller Pages/Delivery Settings/input_Delivery Rate(s)_DelDelivery_Rates'

2020-03-20 14:59:40 - [MESSAGE][PASSED] - Keys '*' sent to object: 'Object Repository/ADMIN/Edit Text/Bespoke/Seller Pages/Delivery Settings/input_Delivery Rate(s)_DelDelivery_Rates'

2020-03-20 14:59:40 - [TEST_STEP][PASSED] - sendKeys(findTestObject("ADMIN/Edit Text/Bespoke/Seller Pages/Delivery Settings/input_NAME_Name (1)"), "*"): Keys '*' sent to object: 'Object Repository/ADMIN/Edit Text/Bespoke/Seller Pages/Delivery Settings/input_NAME_Name (1)'

2020-03-20 14:59:40 - [MESSAGE][PASSED] - Keys '*' sent to object: 'Object Repository/ADMIN/Edit Text/Bespoke/Seller Pages/Delivery Settings/input_NAME_Name (1)'

2020-03-20 14:59:40 - [TEST_STEP][PASSED] - sendKeys(findTestObject("ADMIN/Edit Text/Bespoke/Seller Pages/Delivery Settings/input_RANGE_Range (1)"), "*"): Keys '*' sent to object: 'Object Repository/ADMIN/Edit Text/Bespoke/Seller Pages/Delivery Settings/input_RANGE_Range (1)'

2020-03-20 14:59:40 - [MESSAGE][PASSED] - Keys '*' sent to object: 'Object Repository/ADMIN/Edit Text/Bespoke/Seller Pages/Delivery Settings/input_RANGE_Range (1)'

2020-03-20 14:59:40 - [TEST_STEP][PASSED] - sendKeys(findTestObject("ADMIN/Edit Text/Bespoke/Seller Pages/Delivery Settings/input_DELIVERY COST_Delivery_Cost (1)"), "*"): Keys '*' sent to object: 'Object Repository/ADMIN/Edit Text/Bespoke/Seller Pages/Delivery Settings/input_DELIVERY COST_Delivery_Cost (1)'

2020-03-20 14:59:41 - [MESSAGE][PASSED] - Keys '*' sent to object: 'Object Repository/ADMIN/Edit Text/Bespoke/Seller Pages/Delivery Settings/input_DELIVERY COST_Delivery_Cost (1)'

2020-03-20 14:59:41 - [TEST_STEP][PASSED] - sendKeys(findTestObject("ADMIN/Edit Text/Bespoke/Seller Pages/Delivery Settings/input_Onwards_Onwards"), "*"): Keys '*' sent to object: 'Object Repository/ADMIN/Edit Text/Bespoke/Seller Pages/Delivery Settings/input_Onwards_Onwards'

2020-03-20 14:59:41 - [MESSAGE][PASSED] - Keys '*' sent to object: 'Object Repository/ADMIN/Edit Text/Bespoke/Seller Pages/Delivery Settings/input_Onwards_Onwards'

2020-03-20 14:59:41 - [TEST_STEP][PASSED] - sendKeys(findTestObject("ADMIN/Edit Text/Bespoke/Seller Pages/Delivery Settings/input_Add Delivery Rate_Add_Delivery_Rate"), "*"): Keys '*' sent to object: 'Object Repository/ADMIN/Edit Text/Bespoke/Seller Pages/Delivery Settings/input_Add Delivery Rate_Add_Delivery_Rate'

2020-03-20 14:59:41 - [MESSAGE][PASSED] - Keys '*' sent to object: 'Object Repository/ADMIN/Edit Text/Bespoke/Seller Pages/Delivery Settings/input_Add Delivery Rate_Add_Delivery_Rate'

2020-03-20 14:59:41 - [TEST_STEP][PASSED] - sendKeys(findTestObject("ADMIN/Edit Text/Bespoke/Seller Pages/Delivery Settings/input_Delivery Rate Name (Buyers will not see this)_Delivery_Rate_Name"), "*"): Keys '*' sent to object: 'Object Repository/ADMIN/Edit Text/Bespoke/Seller Pages/Delivery Settings/input_Delivery Rate Name (Buyers will not see this)_Delivery_Rate_Name'

2020-03-20 14:59:41 - [MESSAGE][PASSED] - Keys '*' sent to object: 'Object Repository/ADMIN/Edit Text/Bespoke/Seller Pages/Delivery Settings/input_Delivery Rate Name (Buyers will not see this)_Delivery_Rate_Name'

2020-03-20 14:59:41 - [TEST_STEP][PASSED] - sendKeys(findTestObject("ADMIN/Edit Text/Bespoke/Seller Pages/Delivery Settings/input_To_To"), "*"): Keys '*' sent to object: 'Object Repository/ADMIN/Edit Text/Bespoke/Seller Pages/Delivery Settings/input_To_To'

2020-03-20 14:59:42 - [MESSAGE][PASSED] - Keys '*' sent to object: 'Object Repository/ADMIN/Edit Text/Bespoke/Seller Pages/Delivery Settings/input_To_To'

2020-03-20 14:59:42 - [TEST_STEP][PASSED] - sendKeys(findTestObject("ADMIN/Edit Text/Bespoke/Seller Pages/Delivery Settings/input_delivery cost4"), "*"): Keys '*' sent to object: 'Object Repository/ADMIN/Edit Text/Bespoke/Seller Pages/Delivery Settings/input_delivery cost4'

2020-03-20 14:59:42 - [MESSAGE][PASSED] - Keys '*' sent to object: 'Object Repository/ADMIN/Edit Text/Bespoke/Seller Pages/Delivery Settings/input_delivery cost4'

2020-03-20 14:59:42 - [TEST_STEP][PASSED] - sendKeys(findTestObject("ADMIN/Edit Text/Bespoke/Seller Pages/Delivery Settings/input_Save_Save"), "*"): Keys '*' sent to object: 'Object Repository/ADMIN/Edit Text/Bespoke/Seller Pages/Delivery Settings/input_Save_Save'

2020-03-20 14:59:42 - [MESSAGE][PASSED] - Keys '*' sent to object: 'Object Repository/ADMIN/Edit Text/Bespoke/Seller Pages/Delivery Settings/input_Save_Save'

2020-03-20 14:59:42 - [TEST_STEP][PASSED] - sendKeys(findTestObject("ADMIN/Edit Text/Bespoke/Seller Pages/Delivery Settings/input_Cancel_Cancel"), "*"): Keys '*' sent to object: 'Object Repository/ADMIN/Edit Text/Bespoke/Seller Pages/Delivery Settings/input_Cancel_Cancel'

2020-03-20 14:59:42 - [MESSAGE][PASSED] - Keys '*' sent to object: 'Object Repository/ADMIN/Edit Text/Bespoke/Seller Pages/Delivery Settings/input_Cancel_Cancel'

2020-03-20 14:59:42 - [TEST_STEP][PASSED] - click(findTestObject("ADMIN/Edit Text/Bespoke/Buyer Pages/Homepage/button_save"), CONTINUE_ON_FAILURE): Object: 'Object Repository/ADMIN/Edit Text/Bespoke/Buyer Pages/Homepage/button_save' is clicked on

2020-03-20 14:59:42 - [MESSAGE][PASSED] - Object: 'Object Repository/ADMIN/Edit Text/Bespoke/Buyer Pages/Homepage/button_save' is clicked on

2020-03-20 14:59:42 - [TEST_STEP][PASSED] - waitForElementVisible(findTestObject("ADMIN/Edit Text/Bespoke/Buyer Pages/Homepage/toaster_success"), 0): Object 'Object Repository/ADMIN/Edit Text/Bespoke/Buyer Pages/Homepage/toaster_success' is visible

2020-03-20 14:59:42 - [MESSAGE][WARNING] - Timeout '0' is invalid. Using default page load timeout: '30'

2020-03-20 14:59:43 - [MESSAGE][PASSED] - Object 'Object Repository/ADMIN/Edit Text/Bespoke/Buyer Pages/Homepage/toaster_success' is visible]]></system-out>
         <system-err><![CDATA[]]></system-err>
      </testcase>
      <testcase name="Test Cases/ADMIN/Language/Edit Text/Bespoke/Seller/Delivery Settings" time="9.186" classname="Test Cases/ADMIN/Language/Edit Text/Bespoke/Seller/Delivery Settings" status="PASSED">
         <system-out><![CDATA[2020-03-20 14:59:43 - [TEST_CASE][PASSED] - Test Cases/ADMIN/Language/Edit Text/Bespoke/Seller/Delivery Settings: Test Cases/ADMIN/Language/Edit Text/Bespoke/Seller/Delivery Settings

2020-03-20 14:59:43 - [TEST_STEP][PASSED] - waitForElementVisible(findTestObject("ADMIN/Edit Text/Bespoke/Buyer Navigation/dd_language"), 0): Object 'Object Repository/ADMIN/Edit Text/Bespoke/Buyer Navigation/dd_language' is visible

2020-03-20 14:59:43 - [MESSAGE][WARNING] - Timeout '0' is invalid. Using default page load timeout: '30'

2020-03-20 14:59:43 - [MESSAGE][PASSED] - Object 'Object Repository/ADMIN/Edit Text/Bespoke/Buyer Navigation/dd_language' is visible

2020-03-20 14:59:43 - [TEST_STEP][PASSED] - selectOptionByLabel(findTestObject("ADMIN/Edit Text/Bespoke/Buyer Navigation/dd_language"), varLanguage, false): All options with label 'Dutch' are selected in object 'Object Repository/ADMIN/Edit Text/Bespoke/Buyer Navigation/dd_language' 

2020-03-20 14:59:44 - [MESSAGE][PASSED] - All options with label 'Dutch' are selected in object 'Object Repository/ADMIN/Edit Text/Bespoke/Buyer Navigation/dd_language' 

2020-03-20 14:59:44 - [TEST_STEP][PASSED] - sendKeys(findTestObject("ADMIN/Edit Text/Bespoke/Seller Pages/Delivery Settings/input_DELIVERY SETTINGS_DELIVERY_SETTINGS"), "*"): Keys '*' sent to object: 'Object Repository/ADMIN/Edit Text/Bespoke/Seller Pages/Delivery Settings/input_DELIVERY SETTINGS_DELIVERY_SETTINGS'

2020-03-20 14:59:45 - [MESSAGE][PASSED] - Keys '*' sent to object: 'Object Repository/ADMIN/Edit Text/Bespoke/Seller Pages/Delivery Settings/input_DELIVERY SETTINGS_DELIVERY_SETTINGS'

2020-03-20 14:59:45 - [TEST_STEP][PASSED] - sendKeys(findTestObject("ADMIN/Edit Text/Bespoke/Seller Pages/Delivery Settings/input_add del or pickup"), "*"): Keys '*' sent to object: 'Object Repository/ADMIN/Edit Text/Bespoke/Seller Pages/Delivery Settings/input_add del or pickup'

2020-03-20 14:59:45 - [MESSAGE][PASSED] - Keys '*' sent to object: 'Object Repository/ADMIN/Edit Text/Bespoke/Seller Pages/Delivery Settings/input_add del or pickup'

2020-03-20 14:59:45 - [TEST_STEP][PASSED] - sendKeys(findTestObject("ADMIN/Edit Text/Bespoke/Seller Pages/Delivery Settings/input_DELIVERY OPTIONS_DELIVERY_OPTIONS"), "*"): Keys '*' sent to object: 'Object Repository/ADMIN/Edit Text/Bespoke/Seller Pages/Delivery Settings/input_DELIVERY OPTIONS_DELIVERY_OPTIONS'

2020-03-20 14:59:45 - [MESSAGE][PASSED] - Keys '*' sent to object: 'Object Repository/ADMIN/Edit Text/Bespoke/Seller Pages/Delivery Settings/input_DELIVERY OPTIONS_DELIVERY_OPTIONS'

2020-03-20 14:59:45 - [TEST_STEP][PASSED] - sendKeys(findTestObject("ADMIN/Edit Text/Bespoke/Seller Pages/Delivery Settings/input_Add Delivery Options_select_delivery_method"), "*"): Keys '*' sent to object: 'Object Repository/ADMIN/Edit Text/Bespoke/Seller Pages/Delivery Settings/input_Add Delivery Options_select_delivery_method'

2020-03-20 14:59:45 - [MESSAGE][PASSED] - Keys '*' sent to object: 'Object Repository/ADMIN/Edit Text/Bespoke/Seller Pages/Delivery Settings/input_Add Delivery Options_select_delivery_method'

2020-03-20 14:59:45 - [TEST_STEP][PASSED] - sendKeys(findTestObject("ADMIN/Edit Text/Bespoke/Seller Pages/Delivery Settings/input_Name_Name"), "*"): Keys '*' sent to object: 'Object Repository/ADMIN/Edit Text/Bespoke/Seller Pages/Delivery Settings/input_Name_Name'

2020-03-20 14:59:46 - [MESSAGE][PASSED] - Keys '*' sent to object: 'Object Repository/ADMIN/Edit Text/Bespoke/Seller Pages/Delivery Settings/input_Name_Name'

2020-03-20 14:59:46 - [TEST_STEP][PASSED] - sendKeys(findTestObject("ADMIN/Edit Text/Bespoke/Seller Pages/Delivery Settings/input_DELIVERS TO_DELIVERS_TO"), "*"): Keys '*' sent to object: 'Object Repository/ADMIN/Edit Text/Bespoke/Seller Pages/Delivery Settings/input_DELIVERS TO_DELIVERS_TO'

2020-03-20 14:59:46 - [MESSAGE][PASSED] - Keys '*' sent to object: 'Object Repository/ADMIN/Edit Text/Bespoke/Seller Pages/Delivery Settings/input_DELIVERS TO_DELIVERS_TO'

2020-03-20 14:59:46 - [TEST_STEP][PASSED] - sendKeys(findTestObject("ADMIN/Edit Text/Bespoke/Seller Pages/Delivery Settings/input_PICK-UP OPTIONS_PICK-UP_OPTIONS"), "*"): Keys '*' sent to object: 'Object Repository/ADMIN/Edit Text/Bespoke/Seller Pages/Delivery Settings/input_PICK-UP OPTIONS_PICK-UP_OPTIONS'

2020-03-20 14:59:46 - [MESSAGE][PASSED] - Keys '*' sent to object: 'Object Repository/ADMIN/Edit Text/Bespoke/Seller Pages/Delivery Settings/input_PICK-UP OPTIONS_PICK-UP_OPTIONS'

2020-03-20 14:59:46 - [TEST_STEP][PASSED] - sendKeys(findTestObject("ADMIN/Edit Text/Bespoke/Seller Pages/Delivery Settings/input_Add Pick-up Options_Add_Pick-up_Options"), "*"): Keys '*' sent to object: 'Object Repository/ADMIN/Edit Text/Bespoke/Seller Pages/Delivery Settings/input_Add Pick-up Options_Add_Pick-up_Options'

2020-03-20 14:59:46 - [MESSAGE][PASSED] - Keys '*' sent to object: 'Object Repository/ADMIN/Edit Text/Bespoke/Seller Pages/Delivery Settings/input_Add Pick-up Options_Add_Pick-up_Options'

2020-03-20 14:59:46 - [TEST_STEP][PASSED] - sendKeys(findTestObject("ADMIN/Edit Text/Bespoke/Seller Pages/Delivery Settings/input_Define the full address where the buyer can pick up from_delivery_desc_used"), "*"): Keys '*' sent to object: 'Object Repository/ADMIN/Edit Text/Bespoke/Seller Pages/Delivery Settings/input_Define the full address where the buyer can pick up from_delivery_desc_used'

2020-03-20 14:59:46 - [MESSAGE][PASSED] - Keys '*' sent to object: 'Object Repository/ADMIN/Edit Text/Bespoke/Seller Pages/Delivery Settings/input_Define the full address where the buyer can pick up from_delivery_desc_used'

2020-03-20 14:59:46 - [TEST_STEP][PASSED] - sendKeys(findTestObject("ADMIN/Edit Text/Bespoke/Seller Pages/Delivery Settings/input_Delivers to_Delivers_to (1)"), "*"): Keys '*' sent to object: 'Object Repository/ADMIN/Edit Text/Bespoke/Seller Pages/Delivery Settings/input_Delivers to_Delivers_to (1)'

2020-03-20 14:59:47 - [MESSAGE][PASSED] - Keys '*' sent to object: 'Object Repository/ADMIN/Edit Text/Bespoke/Seller Pages/Delivery Settings/input_Delivers to_Delivers_to (1)'

2020-03-20 14:59:47 - [TEST_STEP][PASSED] - sendKeys(findTestObject("ADMIN/Edit Text/Bespoke/Seller Pages/Delivery Settings/input_Shipping rate by_Shipping_rate_by"), "*"): Keys '*' sent to object: 'Object Repository/ADMIN/Edit Text/Bespoke/Seller Pages/Delivery Settings/input_Shipping rate by_Shipping_rate_by'

2020-03-20 14:59:47 - [MESSAGE][PASSED] - Keys '*' sent to object: 'Object Repository/ADMIN/Edit Text/Bespoke/Seller Pages/Delivery Settings/input_Shipping rate by_Shipping_rate_by'

2020-03-20 14:59:47 - [TEST_STEP][PASSED] - sendKeys(findTestObject("ADMIN/Edit Text/Bespoke/Seller Pages/Delivery Settings/input_Delivering from_Delivering_from"), "*"): Keys '*' sent to object: 'Object Repository/ADMIN/Edit Text/Bespoke/Seller Pages/Delivery Settings/input_Delivering from_Delivering_from'

2020-03-20 14:59:47 - [MESSAGE][PASSED] - Keys '*' sent to object: 'Object Repository/ADMIN/Edit Text/Bespoke/Seller Pages/Delivery Settings/input_Delivering from_Delivering_from'

2020-03-20 14:59:47 - [TEST_STEP][PASSED] - sendKeys(findTestObject("ADMIN/Edit Text/Bespoke/Seller Pages/Delivery Settings/input_Delivery rates(s)_Shipping_rate_by"), "*"): Keys '*' sent to object: 'Object Repository/ADMIN/Edit Text/Bespoke/Seller Pages/Delivery Settings/input_Delivery rates(s)_Shipping_rate_by'

2020-03-20 14:59:47 - [MESSAGE][PASSED] - Keys '*' sent to object: 'Object Repository/ADMIN/Edit Text/Bespoke/Seller Pages/Delivery Settings/input_Delivery rates(s)_Shipping_rate_by'

2020-03-20 14:59:47 - [TEST_STEP][PASSED] - sendKeys(findTestObject("ADMIN/Edit Text/Bespoke/Seller Pages/Delivery Settings/input_Name_Name1"), "*"): Keys '*' sent to object: 'Object Repository/ADMIN/Edit Text/Bespoke/Seller Pages/Delivery Settings/input_Name_Name1'

2020-03-20 14:59:47 - [MESSAGE][PASSED] - Keys '*' sent to object: 'Object Repository/ADMIN/Edit Text/Bespoke/Seller Pages/Delivery Settings/input_Name_Name1'

2020-03-20 14:59:47 - [TEST_STEP][PASSED] - sendKeys(findTestObject("ADMIN/Edit Text/Bespoke/Seller Pages/Delivery Settings/input_Range_Range"), "*"): Keys '*' sent to object: 'Object Repository/ADMIN/Edit Text/Bespoke/Seller Pages/Delivery Settings/input_Range_Range'

2020-03-20 14:59:47 - [MESSAGE][PASSED] - Keys '*' sent to object: 'Object Repository/ADMIN/Edit Text/Bespoke/Seller Pages/Delivery Settings/input_Range_Range'

2020-03-20 14:59:47 - [TEST_STEP][PASSED] - sendKeys(findTestObject("ADMIN/Edit Text/Bespoke/Seller Pages/Delivery Settings/input_Delivery Cost_Delivery_Cost"), "*"): Keys '*' sent to object: 'Object Repository/ADMIN/Edit Text/Bespoke/Seller Pages/Delivery Settings/input_Delivery Cost_Delivery_Cost'

2020-03-20 14:59:48 - [MESSAGE][PASSED] - Keys '*' sent to object: 'Object Repository/ADMIN/Edit Text/Bespoke/Seller Pages/Delivery Settings/input_Delivery Cost_Delivery_Cost'

2020-03-20 14:59:48 - [TEST_STEP][PASSED] - sendKeys(findTestObject("ADMIN/Edit Text/Bespoke/Seller Pages/Delivery Settings/input_Okay_Range"), "*"): Keys '*' sent to object: 'Object Repository/ADMIN/Edit Text/Bespoke/Seller Pages/Delivery Settings/input_Okay_Range'

2020-03-20 14:59:48 - [MESSAGE][PASSED] - Keys '*' sent to object: 'Object Repository/ADMIN/Edit Text/Bespoke/Seller Pages/Delivery Settings/input_Okay_Range'

2020-03-20 14:59:48 - [TEST_STEP][PASSED] - sendKeys(findTestObject("ADMIN/Edit Text/Bespoke/Seller Pages/Delivery Settings/input_ADDEDIT DELIVERY OPTION_Add_edit_delivery_option"), "*"): Keys '*' sent to object: 'Object Repository/ADMIN/Edit Text/Bespoke/Seller Pages/Delivery Settings/input_ADDEDIT DELIVERY OPTION_Add_edit_delivery_option'

2020-03-20 14:59:48 - [MESSAGE][PASSED] - Keys '*' sent to object: 'Object Repository/ADMIN/Edit Text/Bespoke/Seller Pages/Delivery Settings/input_ADDEDIT DELIVERY OPTION_Add_edit_delivery_option'

2020-03-20 14:59:48 - [TEST_STEP][PASSED] - sendKeys(findTestObject("ADMIN/Edit Text/Bespoke/Seller Pages/Delivery Settings/input_Define the locations available and the rates for the delivery option_Define_the_locations_available_and_the_rates_for_the_delivery_option"), "*"): Keys '*' sent to object: 'Object Repository/ADMIN/Edit Text/Bespoke/Seller Pages/Delivery Settings/input_Define the locations available and the rates for the delivery option_Define_the_locations_available_and_the_rates_for_the_delivery_option'

2020-03-20 14:59:48 - [MESSAGE][PASSED] - Keys '*' sent to object: 'Object Repository/ADMIN/Edit Text/Bespoke/Seller Pages/Delivery Settings/input_Define the locations available and the rates for the delivery option_Define_the_locations_available_and_the_rates_for_the_delivery_option'

2020-03-20 14:59:48 - [TEST_STEP][PASSED] - sendKeys(findTestObject("ADMIN/Edit Text/Bespoke/Seller Pages/Delivery Settings/input_DELIVERY OPTION SETTINGS_DELIVERY_OPTIONS_SETTINGS"), "*"): Keys '*' sent to object: 'Object Repository/ADMIN/Edit Text/Bespoke/Seller Pages/Delivery Settings/input_DELIVERY OPTION SETTINGS_DELIVERY_OPTIONS_SETTINGS'

2020-03-20 14:59:48 - [MESSAGE][PASSED] - Keys '*' sent to object: 'Object Repository/ADMIN/Edit Text/Bespoke/Seller Pages/Delivery Settings/input_DELIVERY OPTION SETTINGS_DELIVERY_OPTIONS_SETTINGS'

2020-03-20 14:59:48 - [TEST_STEP][PASSED] - sendKeys(findTestObject("ADMIN/Edit Text/Bespoke/Seller Pages/Delivery Settings/input_DELIVERY OPTION NAME_DELIVERY_OPTION_NAME"), "*"): Keys '*' sent to object: 'Object Repository/ADMIN/Edit Text/Bespoke/Seller Pages/Delivery Settings/input_DELIVERY OPTION NAME_DELIVERY_OPTION_NAME'

2020-03-20 14:59:49 - [MESSAGE][PASSED] - Keys '*' sent to object: 'Object Repository/ADMIN/Edit Text/Bespoke/Seller Pages/Delivery Settings/input_DELIVERY OPTION NAME_DELIVERY_OPTION_NAME'

2020-03-20 14:59:49 - [TEST_STEP][PASSED] - sendKeys(findTestObject("ADMIN/Edit Text/Bespoke/Seller Pages/Delivery Settings/input_delivers to3"), "*"): Keys '*' sent to object: 'Object Repository/ADMIN/Edit Text/Bespoke/Seller Pages/Delivery Settings/input_delivers to3'

2020-03-20 14:59:49 - [MESSAGE][PASSED] - Keys '*' sent to object: 'Object Repository/ADMIN/Edit Text/Bespoke/Seller Pages/Delivery Settings/input_delivers to3'

2020-03-20 14:59:49 - [TEST_STEP][PASSED] - sendKeys(findTestObject("ADMIN/Edit Text/Bespoke/Seller Pages/Delivery Settings/input_MINIMUM LEAD TIME_Minimum_lead_time"), "*"): Keys '*' sent to object: 'Object Repository/ADMIN/Edit Text/Bespoke/Seller Pages/Delivery Settings/input_MINIMUM LEAD TIME_Minimum_lead_time'

2020-03-20 14:59:49 - [MESSAGE][PASSED] - Keys '*' sent to object: 'Object Repository/ADMIN/Edit Text/Bespoke/Seller Pages/Delivery Settings/input_MINIMUM LEAD TIME_Minimum_lead_time'

2020-03-20 14:59:49 - [TEST_STEP][PASSED] - sendKeys(findTestObject("ADMIN/Edit Text/Bespoke/Seller Pages/Delivery Settings/input_WHERE ARE YOU DELIVERING FROM_Where_are_you_delivering_from"), "*"): Keys '*' sent to object: 'Object Repository/ADMIN/Edit Text/Bespoke/Seller Pages/Delivery Settings/input_WHERE ARE YOU DELIVERING FROM_Where_are_you_delivering_from'

2020-03-20 14:59:49 - [MESSAGE][PASSED] - Keys '*' sent to object: 'Object Repository/ADMIN/Edit Text/Bespoke/Seller Pages/Delivery Settings/input_WHERE ARE YOU DELIVERING FROM_Where_are_you_delivering_from'

2020-03-20 14:59:49 - [TEST_STEP][PASSED] - sendKeys(findTestObject("ADMIN/Edit Text/Bespoke/Seller Pages/Delivery Settings/input_Select if you would like to calculate shipping by total order weight or total order price_total_order_weight_or_total_order_price"), "*"): Keys '*' sent to object: 'Object Repository/ADMIN/Edit Text/Bespoke/Seller Pages/Delivery Settings/input_Select if you would like to calculate shipping by total order weight or total order price_total_order_weight_or_total_order_price'

2020-03-20 14:59:49 - [MESSAGE][PASSED] - Keys '*' sent to object: 'Object Repository/ADMIN/Edit Text/Bespoke/Seller Pages/Delivery Settings/input_Select if you would like to calculate shipping by total order weight or total order price_total_order_weight_or_total_order_price'

2020-03-20 14:59:49 - [TEST_STEP][PASSED] - sendKeys(findTestObject("ADMIN/Edit Text/Bespoke/Seller Pages/Delivery Settings/input_Weight_Weight"), "*"): Keys '*' sent to object: 'Object Repository/ADMIN/Edit Text/Bespoke/Seller Pages/Delivery Settings/input_Weight_Weight'

2020-03-20 14:59:49 - [MESSAGE][PASSED] - Keys '*' sent to object: 'Object Repository/ADMIN/Edit Text/Bespoke/Seller Pages/Delivery Settings/input_Weight_Weight'

2020-03-20 14:59:49 - [TEST_STEP][PASSED] - sendKeys(findTestObject("ADMIN/Edit Text/Bespoke/Seller Pages/Delivery Settings/input_Price_Price"), "*"): Keys '*' sent to object: 'Object Repository/ADMIN/Edit Text/Bespoke/Seller Pages/Delivery Settings/input_Price_Price'

2020-03-20 14:59:50 - [MESSAGE][PASSED] - Keys '*' sent to object: 'Object Repository/ADMIN/Edit Text/Bespoke/Seller Pages/Delivery Settings/input_Price_Price'

2020-03-20 14:59:50 - [TEST_STEP][PASSED] - sendKeys(findTestObject("ADMIN/Edit Text/Bespoke/Seller Pages/Delivery Settings/input_Delivery Rate(s)_DelDelivery_Rates"), "*"): Keys '*' sent to object: 'Object Repository/ADMIN/Edit Text/Bespoke/Seller Pages/Delivery Settings/input_Delivery Rate(s)_DelDelivery_Rates'

2020-03-20 14:59:50 - [MESSAGE][PASSED] - Keys '*' sent to object: 'Object Repository/ADMIN/Edit Text/Bespoke/Seller Pages/Delivery Settings/input_Delivery Rate(s)_DelDelivery_Rates'

2020-03-20 14:59:50 - [TEST_STEP][PASSED] - sendKeys(findTestObject("ADMIN/Edit Text/Bespoke/Seller Pages/Delivery Settings/input_NAME_Name (1)"), "*"): Keys '*' sent to object: 'Object Repository/ADMIN/Edit Text/Bespoke/Seller Pages/Delivery Settings/input_NAME_Name (1)'

2020-03-20 14:59:50 - [MESSAGE][PASSED] - Keys '*' sent to object: 'Object Repository/ADMIN/Edit Text/Bespoke/Seller Pages/Delivery Settings/input_NAME_Name (1)'

2020-03-20 14:59:50 - [TEST_STEP][PASSED] - sendKeys(findTestObject("ADMIN/Edit Text/Bespoke/Seller Pages/Delivery Settings/input_RANGE_Range (1)"), "*"): Keys '*' sent to object: 'Object Repository/ADMIN/Edit Text/Bespoke/Seller Pages/Delivery Settings/input_RANGE_Range (1)'

2020-03-20 14:59:50 - [MESSAGE][PASSED] - Keys '*' sent to object: 'Object Repository/ADMIN/Edit Text/Bespoke/Seller Pages/Delivery Settings/input_RANGE_Range (1)'

2020-03-20 14:59:50 - [TEST_STEP][PASSED] - sendKeys(findTestObject("ADMIN/Edit Text/Bespoke/Seller Pages/Delivery Settings/input_DELIVERY COST_Delivery_Cost (1)"), "*"): Keys '*' sent to object: 'Object Repository/ADMIN/Edit Text/Bespoke/Seller Pages/Delivery Settings/input_DELIVERY COST_Delivery_Cost (1)'

2020-03-20 14:59:51 - [MESSAGE][PASSED] - Keys '*' sent to object: 'Object Repository/ADMIN/Edit Text/Bespoke/Seller Pages/Delivery Settings/input_DELIVERY COST_Delivery_Cost (1)'

2020-03-20 14:59:51 - [TEST_STEP][PASSED] - sendKeys(findTestObject("ADMIN/Edit Text/Bespoke/Seller Pages/Delivery Settings/input_Onwards_Onwards"), "*"): Keys '*' sent to object: 'Object Repository/ADMIN/Edit Text/Bespoke/Seller Pages/Delivery Settings/input_Onwards_Onwards'

2020-03-20 14:59:51 - [MESSAGE][PASSED] - Keys '*' sent to object: 'Object Repository/ADMIN/Edit Text/Bespoke/Seller Pages/Delivery Settings/input_Onwards_Onwards'

2020-03-20 14:59:51 - [TEST_STEP][PASSED] - sendKeys(findTestObject("ADMIN/Edit Text/Bespoke/Seller Pages/Delivery Settings/input_Add Delivery Rate_Add_Delivery_Rate"), "*"): Keys '*' sent to object: 'Object Repository/ADMIN/Edit Text/Bespoke/Seller Pages/Delivery Settings/input_Add Delivery Rate_Add_Delivery_Rate'

2020-03-20 14:59:51 - [MESSAGE][PASSED] - Keys '*' sent to object: 'Object Repository/ADMIN/Edit Text/Bespoke/Seller Pages/Delivery Settings/input_Add Delivery Rate_Add_Delivery_Rate'

2020-03-20 14:59:51 - [TEST_STEP][PASSED] - sendKeys(findTestObject("ADMIN/Edit Text/Bespoke/Seller Pages/Delivery Settings/input_Delivery Rate Name (Buyers will not see this)_Delivery_Rate_Name"), "*"): Keys '*' sent to object: 'Object Repository/ADMIN/Edit Text/Bespoke/Seller Pages/Delivery Settings/input_Delivery Rate Name (Buyers will not see this)_Delivery_Rate_Name'

2020-03-20 14:59:51 - [MESSAGE][PASSED] - Keys '*' sent to object: 'Object Repository/ADMIN/Edit Text/Bespoke/Seller Pages/Delivery Settings/input_Delivery Rate Name (Buyers will not see this)_Delivery_Rate_Name'

2020-03-20 14:59:51 - [TEST_STEP][PASSED] - sendKeys(findTestObject("ADMIN/Edit Text/Bespoke/Seller Pages/Delivery Settings/input_To_To"), "*"): Keys '*' sent to object: 'Object Repository/ADMIN/Edit Text/Bespoke/Seller Pages/Delivery Settings/input_To_To'

2020-03-20 14:59:51 - [MESSAGE][PASSED] - Keys '*' sent to object: 'Object Repository/ADMIN/Edit Text/Bespoke/Seller Pages/Delivery Settings/input_To_To'

2020-03-20 14:59:51 - [TEST_STEP][PASSED] - sendKeys(findTestObject("ADMIN/Edit Text/Bespoke/Seller Pages/Delivery Settings/input_delivery cost4"), "*"): Keys '*' sent to object: 'Object Repository/ADMIN/Edit Text/Bespoke/Seller Pages/Delivery Settings/input_delivery cost4'

2020-03-20 14:59:51 - [MESSAGE][PASSED] - Keys '*' sent to object: 'Object Repository/ADMIN/Edit Text/Bespoke/Seller Pages/Delivery Settings/input_delivery cost4'

2020-03-20 14:59:51 - [TEST_STEP][PASSED] - sendKeys(findTestObject("ADMIN/Edit Text/Bespoke/Seller Pages/Delivery Settings/input_Save_Save"), "*"): Keys '*' sent to object: 'Object Repository/ADMIN/Edit Text/Bespoke/Seller Pages/Delivery Settings/input_Save_Save'

2020-03-20 14:59:52 - [MESSAGE][PASSED] - Keys '*' sent to object: 'Object Repository/ADMIN/Edit Text/Bespoke/Seller Pages/Delivery Settings/input_Save_Save'

2020-03-20 14:59:52 - [TEST_STEP][PASSED] - sendKeys(findTestObject("ADMIN/Edit Text/Bespoke/Seller Pages/Delivery Settings/input_Cancel_Cancel"), "*"): Keys '*' sent to object: 'Object Repository/ADMIN/Edit Text/Bespoke/Seller Pages/Delivery Settings/input_Cancel_Cancel'

2020-03-20 14:59:52 - [MESSAGE][PASSED] - Keys '*' sent to object: 'Object Repository/ADMIN/Edit Text/Bespoke/Seller Pages/Delivery Settings/input_Cancel_Cancel'

2020-03-20 14:59:52 - [TEST_STEP][PASSED] - click(findTestObject("ADMIN/Edit Text/Bespoke/Buyer Pages/Homepage/button_save"), CONTINUE_ON_FAILURE): Object: 'Object Repository/ADMIN/Edit Text/Bespoke/Buyer Pages/Homepage/button_save' is clicked on

2020-03-20 14:59:52 - [MESSAGE][PASSED] - Object: 'Object Repository/ADMIN/Edit Text/Bespoke/Buyer Pages/Homepage/button_save' is clicked on

2020-03-20 14:59:52 - [TEST_STEP][PASSED] - waitForElementVisible(findTestObject("ADMIN/Edit Text/Bespoke/Buyer Pages/Homepage/toaster_success"), 0): Object 'Object Repository/ADMIN/Edit Text/Bespoke/Buyer Pages/Homepage/toaster_success' is visible

2020-03-20 14:59:52 - [MESSAGE][WARNING] - Timeout '0' is invalid. Using default page load timeout: '30'

2020-03-20 14:59:52 - [MESSAGE][PASSED] - Object 'Object Repository/ADMIN/Edit Text/Bespoke/Buyer Pages/Homepage/toaster_success' is visible]]></system-out>
         <system-err><![CDATA[]]></system-err>
      </testcase>
      <testcase name="Test Cases/ADMIN/Language/Edit Text/Bespoke/Seller/Delivery Settings" time="12.198" classname="Test Cases/ADMIN/Language/Edit Text/Bespoke/Seller/Delivery Settings" status="PASSED">
         <system-out><![CDATA[2020-03-20 14:59:52 - [TEST_CASE][PASSED] - Test Cases/ADMIN/Language/Edit Text/Bespoke/Seller/Delivery Settings: Test Cases/ADMIN/Language/Edit Text/Bespoke/Seller/Delivery Settings

2020-03-20 14:59:52 - [TEST_STEP][PASSED] - waitForElementVisible(findTestObject("ADMIN/Edit Text/Bespoke/Buyer Navigation/dd_language"), 0): Object 'Object Repository/ADMIN/Edit Text/Bespoke/Buyer Navigation/dd_language' is visible

2020-03-20 14:59:52 - [MESSAGE][WARNING] - Timeout '0' is invalid. Using default page load timeout: '30'

2020-03-20 14:59:52 - [MESSAGE][PASSED] - Object 'Object Repository/ADMIN/Edit Text/Bespoke/Buyer Navigation/dd_language' is visible

2020-03-20 14:59:52 - [TEST_STEP][PASSED] - selectOptionByLabel(findTestObject("ADMIN/Edit Text/Bespoke/Buyer Navigation/dd_language"), varLanguage, false): All options with label 'Swedish' are selected in object 'Object Repository/ADMIN/Edit Text/Bespoke/Buyer Navigation/dd_language' 

2020-03-20 14:59:54 - [MESSAGE][PASSED] - All options with label 'Swedish' are selected in object 'Object Repository/ADMIN/Edit Text/Bespoke/Buyer Navigation/dd_language' 

2020-03-20 14:59:54 - [TEST_STEP][PASSED] - sendKeys(findTestObject("ADMIN/Edit Text/Bespoke/Seller Pages/Delivery Settings/input_DELIVERY SETTINGS_DELIVERY_SETTINGS"), "*"): Keys '*' sent to object: 'Object Repository/ADMIN/Edit Text/Bespoke/Seller Pages/Delivery Settings/input_DELIVERY SETTINGS_DELIVERY_SETTINGS'

2020-03-20 14:59:54 - [MESSAGE][PASSED] - Keys '*' sent to object: 'Object Repository/ADMIN/Edit Text/Bespoke/Seller Pages/Delivery Settings/input_DELIVERY SETTINGS_DELIVERY_SETTINGS'

2020-03-20 14:59:54 - [TEST_STEP][PASSED] - sendKeys(findTestObject("ADMIN/Edit Text/Bespoke/Seller Pages/Delivery Settings/input_add del or pickup"), "*"): Keys '*' sent to object: 'Object Repository/ADMIN/Edit Text/Bespoke/Seller Pages/Delivery Settings/input_add del or pickup'

2020-03-20 14:59:54 - [MESSAGE][PASSED] - Keys '*' sent to object: 'Object Repository/ADMIN/Edit Text/Bespoke/Seller Pages/Delivery Settings/input_add del or pickup'

2020-03-20 14:59:54 - [TEST_STEP][PASSED] - sendKeys(findTestObject("ADMIN/Edit Text/Bespoke/Seller Pages/Delivery Settings/input_DELIVERY OPTIONS_DELIVERY_OPTIONS"), "*"): Keys '*' sent to object: 'Object Repository/ADMIN/Edit Text/Bespoke/Seller Pages/Delivery Settings/input_DELIVERY OPTIONS_DELIVERY_OPTIONS'

2020-03-20 14:59:55 - [MESSAGE][PASSED] - Keys '*' sent to object: 'Object Repository/ADMIN/Edit Text/Bespoke/Seller Pages/Delivery Settings/input_DELIVERY OPTIONS_DELIVERY_OPTIONS'

2020-03-20 14:59:55 - [TEST_STEP][PASSED] - sendKeys(findTestObject("ADMIN/Edit Text/Bespoke/Seller Pages/Delivery Settings/input_Add Delivery Options_select_delivery_method"), "*"): Keys '*' sent to object: 'Object Repository/ADMIN/Edit Text/Bespoke/Seller Pages/Delivery Settings/input_Add Delivery Options_select_delivery_method'

2020-03-20 14:59:55 - [MESSAGE][PASSED] - Keys '*' sent to object: 'Object Repository/ADMIN/Edit Text/Bespoke/Seller Pages/Delivery Settings/input_Add Delivery Options_select_delivery_method'

2020-03-20 14:59:55 - [TEST_STEP][PASSED] - sendKeys(findTestObject("ADMIN/Edit Text/Bespoke/Seller Pages/Delivery Settings/input_Name_Name"), "*"): Keys '*' sent to object: 'Object Repository/ADMIN/Edit Text/Bespoke/Seller Pages/Delivery Settings/input_Name_Name'

2020-03-20 14:59:55 - [MESSAGE][PASSED] - Keys '*' sent to object: 'Object Repository/ADMIN/Edit Text/Bespoke/Seller Pages/Delivery Settings/input_Name_Name'

2020-03-20 14:59:55 - [TEST_STEP][PASSED] - sendKeys(findTestObject("ADMIN/Edit Text/Bespoke/Seller Pages/Delivery Settings/input_DELIVERS TO_DELIVERS_TO"), "*"): Keys '*' sent to object: 'Object Repository/ADMIN/Edit Text/Bespoke/Seller Pages/Delivery Settings/input_DELIVERS TO_DELIVERS_TO'

2020-03-20 14:59:56 - [MESSAGE][PASSED] - Keys '*' sent to object: 'Object Repository/ADMIN/Edit Text/Bespoke/Seller Pages/Delivery Settings/input_DELIVERS TO_DELIVERS_TO'

2020-03-20 14:59:56 - [TEST_STEP][PASSED] - sendKeys(findTestObject("ADMIN/Edit Text/Bespoke/Seller Pages/Delivery Settings/input_PICK-UP OPTIONS_PICK-UP_OPTIONS"), "*"): Keys '*' sent to object: 'Object Repository/ADMIN/Edit Text/Bespoke/Seller Pages/Delivery Settings/input_PICK-UP OPTIONS_PICK-UP_OPTIONS'

2020-03-20 14:59:56 - [MESSAGE][PASSED] - Keys '*' sent to object: 'Object Repository/ADMIN/Edit Text/Bespoke/Seller Pages/Delivery Settings/input_PICK-UP OPTIONS_PICK-UP_OPTIONS'

2020-03-20 14:59:56 - [TEST_STEP][PASSED] - sendKeys(findTestObject("ADMIN/Edit Text/Bespoke/Seller Pages/Delivery Settings/input_Add Pick-up Options_Add_Pick-up_Options"), "*"): Keys '*' sent to object: 'Object Repository/ADMIN/Edit Text/Bespoke/Seller Pages/Delivery Settings/input_Add Pick-up Options_Add_Pick-up_Options'

2020-03-20 14:59:56 - [MESSAGE][PASSED] - Keys '*' sent to object: 'Object Repository/ADMIN/Edit Text/Bespoke/Seller Pages/Delivery Settings/input_Add Pick-up Options_Add_Pick-up_Options'

2020-03-20 14:59:56 - [TEST_STEP][PASSED] - sendKeys(findTestObject("ADMIN/Edit Text/Bespoke/Seller Pages/Delivery Settings/input_Define the full address where the buyer can pick up from_delivery_desc_used"), "*"): Keys '*' sent to object: 'Object Repository/ADMIN/Edit Text/Bespoke/Seller Pages/Delivery Settings/input_Define the full address where the buyer can pick up from_delivery_desc_used'

2020-03-20 14:59:56 - [MESSAGE][PASSED] - Keys '*' sent to object: 'Object Repository/ADMIN/Edit Text/Bespoke/Seller Pages/Delivery Settings/input_Define the full address where the buyer can pick up from_delivery_desc_used'

2020-03-20 14:59:56 - [TEST_STEP][PASSED] - sendKeys(findTestObject("ADMIN/Edit Text/Bespoke/Seller Pages/Delivery Settings/input_Delivers to_Delivers_to (1)"), "*"): Keys '*' sent to object: 'Object Repository/ADMIN/Edit Text/Bespoke/Seller Pages/Delivery Settings/input_Delivers to_Delivers_to (1)'

2020-03-20 14:59:57 - [MESSAGE][PASSED] - Keys '*' sent to object: 'Object Repository/ADMIN/Edit Text/Bespoke/Seller Pages/Delivery Settings/input_Delivers to_Delivers_to (1)'

2020-03-20 14:59:57 - [TEST_STEP][PASSED] - sendKeys(findTestObject("ADMIN/Edit Text/Bespoke/Seller Pages/Delivery Settings/input_Shipping rate by_Shipping_rate_by"), "*"): Keys '*' sent to object: 'Object Repository/ADMIN/Edit Text/Bespoke/Seller Pages/Delivery Settings/input_Shipping rate by_Shipping_rate_by'

2020-03-20 14:59:57 - [MESSAGE][PASSED] - Keys '*' sent to object: 'Object Repository/ADMIN/Edit Text/Bespoke/Seller Pages/Delivery Settings/input_Shipping rate by_Shipping_rate_by'

2020-03-20 14:59:57 - [TEST_STEP][PASSED] - sendKeys(findTestObject("ADMIN/Edit Text/Bespoke/Seller Pages/Delivery Settings/input_Delivering from_Delivering_from"), "*"): Keys '*' sent to object: 'Object Repository/ADMIN/Edit Text/Bespoke/Seller Pages/Delivery Settings/input_Delivering from_Delivering_from'

2020-03-20 14:59:57 - [MESSAGE][PASSED] - Keys '*' sent to object: 'Object Repository/ADMIN/Edit Text/Bespoke/Seller Pages/Delivery Settings/input_Delivering from_Delivering_from'

2020-03-20 14:59:57 - [TEST_STEP][PASSED] - sendKeys(findTestObject("ADMIN/Edit Text/Bespoke/Seller Pages/Delivery Settings/input_Delivery rates(s)_Shipping_rate_by"), "*"): Keys '*' sent to object: 'Object Repository/ADMIN/Edit Text/Bespoke/Seller Pages/Delivery Settings/input_Delivery rates(s)_Shipping_rate_by'

2020-03-20 14:59:57 - [MESSAGE][PASSED] - Keys '*' sent to object: 'Object Repository/ADMIN/Edit Text/Bespoke/Seller Pages/Delivery Settings/input_Delivery rates(s)_Shipping_rate_by'

2020-03-20 14:59:57 - [TEST_STEP][PASSED] - sendKeys(findTestObject("ADMIN/Edit Text/Bespoke/Seller Pages/Delivery Settings/input_Name_Name1"), "*"): Keys '*' sent to object: 'Object Repository/ADMIN/Edit Text/Bespoke/Seller Pages/Delivery Settings/input_Name_Name1'

2020-03-20 14:59:58 - [MESSAGE][PASSED] - Keys '*' sent to object: 'Object Repository/ADMIN/Edit Text/Bespoke/Seller Pages/Delivery Settings/input_Name_Name1'

2020-03-20 14:59:58 - [TEST_STEP][PASSED] - sendKeys(findTestObject("ADMIN/Edit Text/Bespoke/Seller Pages/Delivery Settings/input_Range_Range"), "*"): Keys '*' sent to object: 'Object Repository/ADMIN/Edit Text/Bespoke/Seller Pages/Delivery Settings/input_Range_Range'

2020-03-20 14:59:58 - [MESSAGE][PASSED] - Keys '*' sent to object: 'Object Repository/ADMIN/Edit Text/Bespoke/Seller Pages/Delivery Settings/input_Range_Range'

2020-03-20 14:59:58 - [TEST_STEP][PASSED] - sendKeys(findTestObject("ADMIN/Edit Text/Bespoke/Seller Pages/Delivery Settings/input_Delivery Cost_Delivery_Cost"), "*"): Keys '*' sent to object: 'Object Repository/ADMIN/Edit Text/Bespoke/Seller Pages/Delivery Settings/input_Delivery Cost_Delivery_Cost'

2020-03-20 14:59:58 - [MESSAGE][PASSED] - Keys '*' sent to object: 'Object Repository/ADMIN/Edit Text/Bespoke/Seller Pages/Delivery Settings/input_Delivery Cost_Delivery_Cost'

2020-03-20 14:59:58 - [TEST_STEP][PASSED] - sendKeys(findTestObject("ADMIN/Edit Text/Bespoke/Seller Pages/Delivery Settings/input_Okay_Range"), "*"): Keys '*' sent to object: 'Object Repository/ADMIN/Edit Text/Bespoke/Seller Pages/Delivery Settings/input_Okay_Range'

2020-03-20 14:59:58 - [MESSAGE][PASSED] - Keys '*' sent to object: 'Object Repository/ADMIN/Edit Text/Bespoke/Seller Pages/Delivery Settings/input_Okay_Range'

2020-03-20 14:59:58 - [TEST_STEP][PASSED] - sendKeys(findTestObject("ADMIN/Edit Text/Bespoke/Seller Pages/Delivery Settings/input_ADDEDIT DELIVERY OPTION_Add_edit_delivery_option"), "*"): Keys '*' sent to object: 'Object Repository/ADMIN/Edit Text/Bespoke/Seller Pages/Delivery Settings/input_ADDEDIT DELIVERY OPTION_Add_edit_delivery_option'

2020-03-20 14:59:58 - [MESSAGE][PASSED] - Keys '*' sent to object: 'Object Repository/ADMIN/Edit Text/Bespoke/Seller Pages/Delivery Settings/input_ADDEDIT DELIVERY OPTION_Add_edit_delivery_option'

2020-03-20 14:59:58 - [TEST_STEP][PASSED] - sendKeys(findTestObject("ADMIN/Edit Text/Bespoke/Seller Pages/Delivery Settings/input_Define the locations available and the rates for the delivery option_Define_the_locations_available_and_the_rates_for_the_delivery_option"), "*"): Keys '*' sent to object: 'Object Repository/ADMIN/Edit Text/Bespoke/Seller Pages/Delivery Settings/input_Define the locations available and the rates for the delivery option_Define_the_locations_available_and_the_rates_for_the_delivery_option'

2020-03-20 14:59:59 - [MESSAGE][PASSED] - Keys '*' sent to object: 'Object Repository/ADMIN/Edit Text/Bespoke/Seller Pages/Delivery Settings/input_Define the locations available and the rates for the delivery option_Define_the_locations_available_and_the_rates_for_the_delivery_option'

2020-03-20 14:59:59 - [TEST_STEP][PASSED] - sendKeys(findTestObject("ADMIN/Edit Text/Bespoke/Seller Pages/Delivery Settings/input_DELIVERY OPTION SETTINGS_DELIVERY_OPTIONS_SETTINGS"), "*"): Keys '*' sent to object: 'Object Repository/ADMIN/Edit Text/Bespoke/Seller Pages/Delivery Settings/input_DELIVERY OPTION SETTINGS_DELIVERY_OPTIONS_SETTINGS'

2020-03-20 14:59:59 - [MESSAGE][PASSED] - Keys '*' sent to object: 'Object Repository/ADMIN/Edit Text/Bespoke/Seller Pages/Delivery Settings/input_DELIVERY OPTION SETTINGS_DELIVERY_OPTIONS_SETTINGS'

2020-03-20 14:59:59 - [TEST_STEP][PASSED] - sendKeys(findTestObject("ADMIN/Edit Text/Bespoke/Seller Pages/Delivery Settings/input_DELIVERY OPTION NAME_DELIVERY_OPTION_NAME"), "*"): Keys '*' sent to object: 'Object Repository/ADMIN/Edit Text/Bespoke/Seller Pages/Delivery Settings/input_DELIVERY OPTION NAME_DELIVERY_OPTION_NAME'

2020-03-20 14:59:59 - [MESSAGE][PASSED] - Keys '*' sent to object: 'Object Repository/ADMIN/Edit Text/Bespoke/Seller Pages/Delivery Settings/input_DELIVERY OPTION NAME_DELIVERY_OPTION_NAME'

2020-03-20 14:59:59 - [TEST_STEP][PASSED] - sendKeys(findTestObject("ADMIN/Edit Text/Bespoke/Seller Pages/Delivery Settings/input_delivers to3"), "*"): Keys '*' sent to object: 'Object Repository/ADMIN/Edit Text/Bespoke/Seller Pages/Delivery Settings/input_delivers to3'

2020-03-20 15:00:00 - [MESSAGE][PASSED] - Keys '*' sent to object: 'Object Repository/ADMIN/Edit Text/Bespoke/Seller Pages/Delivery Settings/input_delivers to3'

2020-03-20 15:00:00 - [TEST_STEP][PASSED] - sendKeys(findTestObject("ADMIN/Edit Text/Bespoke/Seller Pages/Delivery Settings/input_MINIMUM LEAD TIME_Minimum_lead_time"), "*"): Keys '*' sent to object: 'Object Repository/ADMIN/Edit Text/Bespoke/Seller Pages/Delivery Settings/input_MINIMUM LEAD TIME_Minimum_lead_time'

2020-03-20 15:00:00 - [MESSAGE][PASSED] - Keys '*' sent to object: 'Object Repository/ADMIN/Edit Text/Bespoke/Seller Pages/Delivery Settings/input_MINIMUM LEAD TIME_Minimum_lead_time'

2020-03-20 15:00:00 - [TEST_STEP][PASSED] - sendKeys(findTestObject("ADMIN/Edit Text/Bespoke/Seller Pages/Delivery Settings/input_WHERE ARE YOU DELIVERING FROM_Where_are_you_delivering_from"), "*"): Keys '*' sent to object: 'Object Repository/ADMIN/Edit Text/Bespoke/Seller Pages/Delivery Settings/input_WHERE ARE YOU DELIVERING FROM_Where_are_you_delivering_from'

2020-03-20 15:00:00 - [MESSAGE][PASSED] - Keys '*' sent to object: 'Object Repository/ADMIN/Edit Text/Bespoke/Seller Pages/Delivery Settings/input_WHERE ARE YOU DELIVERING FROM_Where_are_you_delivering_from'

2020-03-20 15:00:00 - [TEST_STEP][PASSED] - sendKeys(findTestObject("ADMIN/Edit Text/Bespoke/Seller Pages/Delivery Settings/input_Select if you would like to calculate shipping by total order weight or total order price_total_order_weight_or_total_order_price"), "*"): Keys '*' sent to object: 'Object Repository/ADMIN/Edit Text/Bespoke/Seller Pages/Delivery Settings/input_Select if you would like to calculate shipping by total order weight or total order price_total_order_weight_or_total_order_price'

2020-03-20 15:00:00 - [MESSAGE][PASSED] - Keys '*' sent to object: 'Object Repository/ADMIN/Edit Text/Bespoke/Seller Pages/Delivery Settings/input_Select if you would like to calculate shipping by total order weight or total order price_total_order_weight_or_total_order_price'

2020-03-20 15:00:00 - [TEST_STEP][PASSED] - sendKeys(findTestObject("ADMIN/Edit Text/Bespoke/Seller Pages/Delivery Settings/input_Weight_Weight"), "*"): Keys '*' sent to object: 'Object Repository/ADMIN/Edit Text/Bespoke/Seller Pages/Delivery Settings/input_Weight_Weight'

2020-03-20 15:00:01 - [MESSAGE][PASSED] - Keys '*' sent to object: 'Object Repository/ADMIN/Edit Text/Bespoke/Seller Pages/Delivery Settings/input_Weight_Weight'

2020-03-20 15:00:01 - [TEST_STEP][PASSED] - sendKeys(findTestObject("ADMIN/Edit Text/Bespoke/Seller Pages/Delivery Settings/input_Price_Price"), "*"): Keys '*' sent to object: 'Object Repository/ADMIN/Edit Text/Bespoke/Seller Pages/Delivery Settings/input_Price_Price'

2020-03-20 15:00:01 - [MESSAGE][PASSED] - Keys '*' sent to object: 'Object Repository/ADMIN/Edit Text/Bespoke/Seller Pages/Delivery Settings/input_Price_Price'

2020-03-20 15:00:01 - [TEST_STEP][PASSED] - sendKeys(findTestObject("ADMIN/Edit Text/Bespoke/Seller Pages/Delivery Settings/input_Delivery Rate(s)_DelDelivery_Rates"), "*"): Keys '*' sent to object: 'Object Repository/ADMIN/Edit Text/Bespoke/Seller Pages/Delivery Settings/input_Delivery Rate(s)_DelDelivery_Rates'

2020-03-20 15:00:01 - [MESSAGE][PASSED] - Keys '*' sent to object: 'Object Repository/ADMIN/Edit Text/Bespoke/Seller Pages/Delivery Settings/input_Delivery Rate(s)_DelDelivery_Rates'

2020-03-20 15:00:01 - [TEST_STEP][PASSED] - sendKeys(findTestObject("ADMIN/Edit Text/Bespoke/Seller Pages/Delivery Settings/input_NAME_Name (1)"), "*"): Keys '*' sent to object: 'Object Repository/ADMIN/Edit Text/Bespoke/Seller Pages/Delivery Settings/input_NAME_Name (1)'

2020-03-20 15:00:01 - [MESSAGE][PASSED] - Keys '*' sent to object: 'Object Repository/ADMIN/Edit Text/Bespoke/Seller Pages/Delivery Settings/input_NAME_Name (1)'

2020-03-20 15:00:01 - [TEST_STEP][PASSED] - sendKeys(findTestObject("ADMIN/Edit Text/Bespoke/Seller Pages/Delivery Settings/input_RANGE_Range (1)"), "*"): Keys '*' sent to object: 'Object Repository/ADMIN/Edit Text/Bespoke/Seller Pages/Delivery Settings/input_RANGE_Range (1)'

2020-03-20 15:00:02 - [MESSAGE][PASSED] - Keys '*' sent to object: 'Object Repository/ADMIN/Edit Text/Bespoke/Seller Pages/Delivery Settings/input_RANGE_Range (1)'

2020-03-20 15:00:02 - [TEST_STEP][PASSED] - sendKeys(findTestObject("ADMIN/Edit Text/Bespoke/Seller Pages/Delivery Settings/input_DELIVERY COST_Delivery_Cost (1)"), "*"): Keys '*' sent to object: 'Object Repository/ADMIN/Edit Text/Bespoke/Seller Pages/Delivery Settings/input_DELIVERY COST_Delivery_Cost (1)'

2020-03-20 15:00:02 - [MESSAGE][PASSED] - Keys '*' sent to object: 'Object Repository/ADMIN/Edit Text/Bespoke/Seller Pages/Delivery Settings/input_DELIVERY COST_Delivery_Cost (1)'

2020-03-20 15:00:02 - [TEST_STEP][PASSED] - sendKeys(findTestObject("ADMIN/Edit Text/Bespoke/Seller Pages/Delivery Settings/input_Onwards_Onwards"), "*"): Keys '*' sent to object: 'Object Repository/ADMIN/Edit Text/Bespoke/Seller Pages/Delivery Settings/input_Onwards_Onwards'

2020-03-20 15:00:02 - [MESSAGE][PASSED] - Keys '*' sent to object: 'Object Repository/ADMIN/Edit Text/Bespoke/Seller Pages/Delivery Settings/input_Onwards_Onwards'

2020-03-20 15:00:02 - [TEST_STEP][PASSED] - sendKeys(findTestObject("ADMIN/Edit Text/Bespoke/Seller Pages/Delivery Settings/input_Add Delivery Rate_Add_Delivery_Rate"), "*"): Keys '*' sent to object: 'Object Repository/ADMIN/Edit Text/Bespoke/Seller Pages/Delivery Settings/input_Add Delivery Rate_Add_Delivery_Rate'

2020-03-20 15:00:02 - [MESSAGE][PASSED] - Keys '*' sent to object: 'Object Repository/ADMIN/Edit Text/Bespoke/Seller Pages/Delivery Settings/input_Add Delivery Rate_Add_Delivery_Rate'

2020-03-20 15:00:02 - [TEST_STEP][PASSED] - sendKeys(findTestObject("ADMIN/Edit Text/Bespoke/Seller Pages/Delivery Settings/input_Delivery Rate Name (Buyers will not see this)_Delivery_Rate_Name"), "*"): Keys '*' sent to object: 'Object Repository/ADMIN/Edit Text/Bespoke/Seller Pages/Delivery Settings/input_Delivery Rate Name (Buyers will not see this)_Delivery_Rate_Name'

2020-03-20 15:00:03 - [MESSAGE][PASSED] - Keys '*' sent to object: 'Object Repository/ADMIN/Edit Text/Bespoke/Seller Pages/Delivery Settings/input_Delivery Rate Name (Buyers will not see this)_Delivery_Rate_Name'

2020-03-20 15:00:03 - [TEST_STEP][PASSED] - sendKeys(findTestObject("ADMIN/Edit Text/Bespoke/Seller Pages/Delivery Settings/input_To_To"), "*"): Keys '*' sent to object: 'Object Repository/ADMIN/Edit Text/Bespoke/Seller Pages/Delivery Settings/input_To_To'

2020-03-20 15:00:03 - [MESSAGE][PASSED] - Keys '*' sent to object: 'Object Repository/ADMIN/Edit Text/Bespoke/Seller Pages/Delivery Settings/input_To_To'

2020-03-20 15:00:03 - [TEST_STEP][PASSED] - sendKeys(findTestObject("ADMIN/Edit Text/Bespoke/Seller Pages/Delivery Settings/input_delivery cost4"), "*"): Keys '*' sent to object: 'Object Repository/ADMIN/Edit Text/Bespoke/Seller Pages/Delivery Settings/input_delivery cost4'

2020-03-20 15:00:03 - [MESSAGE][PASSED] - Keys '*' sent to object: 'Object Repository/ADMIN/Edit Text/Bespoke/Seller Pages/Delivery Settings/input_delivery cost4'

2020-03-20 15:00:03 - [TEST_STEP][PASSED] - sendKeys(findTestObject("ADMIN/Edit Text/Bespoke/Seller Pages/Delivery Settings/input_Save_Save"), "*"): Keys '*' sent to object: 'Object Repository/ADMIN/Edit Text/Bespoke/Seller Pages/Delivery Settings/input_Save_Save'

2020-03-20 15:00:03 - [MESSAGE][PASSED] - Keys '*' sent to object: 'Object Repository/ADMIN/Edit Text/Bespoke/Seller Pages/Delivery Settings/input_Save_Save'

2020-03-20 15:00:03 - [TEST_STEP][PASSED] - sendKeys(findTestObject("ADMIN/Edit Text/Bespoke/Seller Pages/Delivery Settings/input_Cancel_Cancel"), "*"): Keys '*' sent to object: 'Object Repository/ADMIN/Edit Text/Bespoke/Seller Pages/Delivery Settings/input_Cancel_Cancel'

2020-03-20 15:00:04 - [MESSAGE][PASSED] - Keys '*' sent to object: 'Object Repository/ADMIN/Edit Text/Bespoke/Seller Pages/Delivery Settings/input_Cancel_Cancel'

2020-03-20 15:00:04 - [TEST_STEP][PASSED] - click(findTestObject("ADMIN/Edit Text/Bespoke/Buyer Pages/Homepage/button_save"), CONTINUE_ON_FAILURE): Object: 'Object Repository/ADMIN/Edit Text/Bespoke/Buyer Pages/Homepage/button_save' is clicked on

2020-03-20 15:00:04 - [MESSAGE][PASSED] - Object: 'Object Repository/ADMIN/Edit Text/Bespoke/Buyer Pages/Homepage/button_save' is clicked on

2020-03-20 15:00:04 - [TEST_STEP][PASSED] - waitForElementVisible(findTestObject("ADMIN/Edit Text/Bespoke/Buyer Pages/Homepage/toaster_success"), 0): Object 'Object Repository/ADMIN/Edit Text/Bespoke/Buyer Pages/Homepage/toaster_success' is visible

2020-03-20 15:00:04 - [MESSAGE][WARNING] - Timeout '0' is invalid. Using default page load timeout: '30'

2020-03-20 15:00:05 - [MESSAGE][PASSED] - Object 'Object Repository/ADMIN/Edit Text/Bespoke/Buyer Pages/Homepage/toaster_success' is visible]]></system-out>
         <system-err><![CDATA[]]></system-err>
      </testcase>
      <testcase name="Test Cases/ADMIN/Language/Edit Text/Bespoke/Seller/Delivery Settings" time="11.557" classname="Test Cases/ADMIN/Language/Edit Text/Bespoke/Seller/Delivery Settings" status="PASSED">
         <system-out><![CDATA[2020-03-20 15:00:05 - [TEST_CASE][PASSED] - Test Cases/ADMIN/Language/Edit Text/Bespoke/Seller/Delivery Settings: Test Cases/ADMIN/Language/Edit Text/Bespoke/Seller/Delivery Settings

2020-03-20 15:00:05 - [TEST_STEP][PASSED] - waitForElementVisible(findTestObject("ADMIN/Edit Text/Bespoke/Buyer Navigation/dd_language"), 0): Object 'Object Repository/ADMIN/Edit Text/Bespoke/Buyer Navigation/dd_language' is visible

2020-03-20 15:00:05 - [MESSAGE][WARNING] - Timeout '0' is invalid. Using default page load timeout: '30'

2020-03-20 15:00:05 - [MESSAGE][PASSED] - Object 'Object Repository/ADMIN/Edit Text/Bespoke/Buyer Navigation/dd_language' is visible

2020-03-20 15:00:05 - [TEST_STEP][PASSED] - selectOptionByLabel(findTestObject("ADMIN/Edit Text/Bespoke/Buyer Navigation/dd_language"), varLanguage, false): All options with label 'Chinese (Simplified)' are selected in object 'Object Repository/ADMIN/Edit Text/Bespoke/Buyer Navigation/dd_language' 

2020-03-20 15:00:06 - [MESSAGE][PASSED] - All options with label 'Chinese (Simplified)' are selected in object 'Object Repository/ADMIN/Edit Text/Bespoke/Buyer Navigation/dd_language' 

2020-03-20 15:00:06 - [TEST_STEP][PASSED] - sendKeys(findTestObject("ADMIN/Edit Text/Bespoke/Seller Pages/Delivery Settings/input_DELIVERY SETTINGS_DELIVERY_SETTINGS"), "*"): Keys '*' sent to object: 'Object Repository/ADMIN/Edit Text/Bespoke/Seller Pages/Delivery Settings/input_DELIVERY SETTINGS_DELIVERY_SETTINGS'

2020-03-20 15:00:06 - [MESSAGE][PASSED] - Keys '*' sent to object: 'Object Repository/ADMIN/Edit Text/Bespoke/Seller Pages/Delivery Settings/input_DELIVERY SETTINGS_DELIVERY_SETTINGS'

2020-03-20 15:00:06 - [TEST_STEP][PASSED] - sendKeys(findTestObject("ADMIN/Edit Text/Bespoke/Seller Pages/Delivery Settings/input_add del or pickup"), "*"): Keys '*' sent to object: 'Object Repository/ADMIN/Edit Text/Bespoke/Seller Pages/Delivery Settings/input_add del or pickup'

2020-03-20 15:00:06 - [MESSAGE][PASSED] - Keys '*' sent to object: 'Object Repository/ADMIN/Edit Text/Bespoke/Seller Pages/Delivery Settings/input_add del or pickup'

2020-03-20 15:00:06 - [TEST_STEP][PASSED] - sendKeys(findTestObject("ADMIN/Edit Text/Bespoke/Seller Pages/Delivery Settings/input_DELIVERY OPTIONS_DELIVERY_OPTIONS"), "*"): Keys '*' sent to object: 'Object Repository/ADMIN/Edit Text/Bespoke/Seller Pages/Delivery Settings/input_DELIVERY OPTIONS_DELIVERY_OPTIONS'

2020-03-20 15:00:07 - [MESSAGE][PASSED] - Keys '*' sent to object: 'Object Repository/ADMIN/Edit Text/Bespoke/Seller Pages/Delivery Settings/input_DELIVERY OPTIONS_DELIVERY_OPTIONS'

2020-03-20 15:00:07 - [TEST_STEP][PASSED] - sendKeys(findTestObject("ADMIN/Edit Text/Bespoke/Seller Pages/Delivery Settings/input_Add Delivery Options_select_delivery_method"), "*"): Keys '*' sent to object: 'Object Repository/ADMIN/Edit Text/Bespoke/Seller Pages/Delivery Settings/input_Add Delivery Options_select_delivery_method'

2020-03-20 15:00:07 - [MESSAGE][PASSED] - Keys '*' sent to object: 'Object Repository/ADMIN/Edit Text/Bespoke/Seller Pages/Delivery Settings/input_Add Delivery Options_select_delivery_method'

2020-03-20 15:00:07 - [TEST_STEP][PASSED] - sendKeys(findTestObject("ADMIN/Edit Text/Bespoke/Seller Pages/Delivery Settings/input_Name_Name"), "*"): Keys '*' sent to object: 'Object Repository/ADMIN/Edit Text/Bespoke/Seller Pages/Delivery Settings/input_Name_Name'

2020-03-20 15:00:07 - [MESSAGE][PASSED] - Keys '*' sent to object: 'Object Repository/ADMIN/Edit Text/Bespoke/Seller Pages/Delivery Settings/input_Name_Name'

2020-03-20 15:00:07 - [TEST_STEP][PASSED] - sendKeys(findTestObject("ADMIN/Edit Text/Bespoke/Seller Pages/Delivery Settings/input_DELIVERS TO_DELIVERS_TO"), "*"): Keys '*' sent to object: 'Object Repository/ADMIN/Edit Text/Bespoke/Seller Pages/Delivery Settings/input_DELIVERS TO_DELIVERS_TO'

2020-03-20 15:00:08 - [MESSAGE][PASSED] - Keys '*' sent to object: 'Object Repository/ADMIN/Edit Text/Bespoke/Seller Pages/Delivery Settings/input_DELIVERS TO_DELIVERS_TO'

2020-03-20 15:00:08 - [TEST_STEP][PASSED] - sendKeys(findTestObject("ADMIN/Edit Text/Bespoke/Seller Pages/Delivery Settings/input_PICK-UP OPTIONS_PICK-UP_OPTIONS"), "*"): Keys '*' sent to object: 'Object Repository/ADMIN/Edit Text/Bespoke/Seller Pages/Delivery Settings/input_PICK-UP OPTIONS_PICK-UP_OPTIONS'

2020-03-20 15:00:08 - [MESSAGE][PASSED] - Keys '*' sent to object: 'Object Repository/ADMIN/Edit Text/Bespoke/Seller Pages/Delivery Settings/input_PICK-UP OPTIONS_PICK-UP_OPTIONS'

2020-03-20 15:00:08 - [TEST_STEP][PASSED] - sendKeys(findTestObject("ADMIN/Edit Text/Bespoke/Seller Pages/Delivery Settings/input_Add Pick-up Options_Add_Pick-up_Options"), "*"): Keys '*' sent to object: 'Object Repository/ADMIN/Edit Text/Bespoke/Seller Pages/Delivery Settings/input_Add Pick-up Options_Add_Pick-up_Options'

2020-03-20 15:00:08 - [MESSAGE][PASSED] - Keys '*' sent to object: 'Object Repository/ADMIN/Edit Text/Bespoke/Seller Pages/Delivery Settings/input_Add Pick-up Options_Add_Pick-up_Options'

2020-03-20 15:00:08 - [TEST_STEP][PASSED] - sendKeys(findTestObject("ADMIN/Edit Text/Bespoke/Seller Pages/Delivery Settings/input_Define the full address where the buyer can pick up from_delivery_desc_used"), "*"): Keys '*' sent to object: 'Object Repository/ADMIN/Edit Text/Bespoke/Seller Pages/Delivery Settings/input_Define the full address where the buyer can pick up from_delivery_desc_used'

2020-03-20 15:00:08 - [MESSAGE][PASSED] - Keys '*' sent to object: 'Object Repository/ADMIN/Edit Text/Bespoke/Seller Pages/Delivery Settings/input_Define the full address where the buyer can pick up from_delivery_desc_used'

2020-03-20 15:00:08 - [TEST_STEP][PASSED] - sendKeys(findTestObject("ADMIN/Edit Text/Bespoke/Seller Pages/Delivery Settings/input_Delivers to_Delivers_to (1)"), "*"): Keys '*' sent to object: 'Object Repository/ADMIN/Edit Text/Bespoke/Seller Pages/Delivery Settings/input_Delivers to_Delivers_to (1)'

2020-03-20 15:00:08 - [MESSAGE][PASSED] - Keys '*' sent to object: 'Object Repository/ADMIN/Edit Text/Bespoke/Seller Pages/Delivery Settings/input_Delivers to_Delivers_to (1)'

2020-03-20 15:00:08 - [TEST_STEP][PASSED] - sendKeys(findTestObject("ADMIN/Edit Text/Bespoke/Seller Pages/Delivery Settings/input_Shipping rate by_Shipping_rate_by"), "*"): Keys '*' sent to object: 'Object Repository/ADMIN/Edit Text/Bespoke/Seller Pages/Delivery Settings/input_Shipping rate by_Shipping_rate_by'

2020-03-20 15:00:09 - [MESSAGE][PASSED] - Keys '*' sent to object: 'Object Repository/ADMIN/Edit Text/Bespoke/Seller Pages/Delivery Settings/input_Shipping rate by_Shipping_rate_by'

2020-03-20 15:00:09 - [TEST_STEP][PASSED] - sendKeys(findTestObject("ADMIN/Edit Text/Bespoke/Seller Pages/Delivery Settings/input_Delivering from_Delivering_from"), "*"): Keys '*' sent to object: 'Object Repository/ADMIN/Edit Text/Bespoke/Seller Pages/Delivery Settings/input_Delivering from_Delivering_from'

2020-03-20 15:00:09 - [MESSAGE][PASSED] - Keys '*' sent to object: 'Object Repository/ADMIN/Edit Text/Bespoke/Seller Pages/Delivery Settings/input_Delivering from_Delivering_from'

2020-03-20 15:00:09 - [TEST_STEP][PASSED] - sendKeys(findTestObject("ADMIN/Edit Text/Bespoke/Seller Pages/Delivery Settings/input_Delivery rates(s)_Shipping_rate_by"), "*"): Keys '*' sent to object: 'Object Repository/ADMIN/Edit Text/Bespoke/Seller Pages/Delivery Settings/input_Delivery rates(s)_Shipping_rate_by'

2020-03-20 15:00:09 - [MESSAGE][PASSED] - Keys '*' sent to object: 'Object Repository/ADMIN/Edit Text/Bespoke/Seller Pages/Delivery Settings/input_Delivery rates(s)_Shipping_rate_by'

2020-03-20 15:00:09 - [TEST_STEP][PASSED] - sendKeys(findTestObject("ADMIN/Edit Text/Bespoke/Seller Pages/Delivery Settings/input_Name_Name1"), "*"): Keys '*' sent to object: 'Object Repository/ADMIN/Edit Text/Bespoke/Seller Pages/Delivery Settings/input_Name_Name1'

2020-03-20 15:00:09 - [MESSAGE][PASSED] - Keys '*' sent to object: 'Object Repository/ADMIN/Edit Text/Bespoke/Seller Pages/Delivery Settings/input_Name_Name1'

2020-03-20 15:00:09 - [TEST_STEP][PASSED] - sendKeys(findTestObject("ADMIN/Edit Text/Bespoke/Seller Pages/Delivery Settings/input_Range_Range"), "*"): Keys '*' sent to object: 'Object Repository/ADMIN/Edit Text/Bespoke/Seller Pages/Delivery Settings/input_Range_Range'

2020-03-20 15:00:09 - [MESSAGE][PASSED] - Keys '*' sent to object: 'Object Repository/ADMIN/Edit Text/Bespoke/Seller Pages/Delivery Settings/input_Range_Range'

2020-03-20 15:00:09 - [TEST_STEP][PASSED] - sendKeys(findTestObject("ADMIN/Edit Text/Bespoke/Seller Pages/Delivery Settings/input_Delivery Cost_Delivery_Cost"), "*"): Keys '*' sent to object: 'Object Repository/ADMIN/Edit Text/Bespoke/Seller Pages/Delivery Settings/input_Delivery Cost_Delivery_Cost'

2020-03-20 15:00:10 - [MESSAGE][PASSED] - Keys '*' sent to object: 'Object Repository/ADMIN/Edit Text/Bespoke/Seller Pages/Delivery Settings/input_Delivery Cost_Delivery_Cost'

2020-03-20 15:00:10 - [TEST_STEP][PASSED] - sendKeys(findTestObject("ADMIN/Edit Text/Bespoke/Seller Pages/Delivery Settings/input_Okay_Range"), "*"): Keys '*' sent to object: 'Object Repository/ADMIN/Edit Text/Bespoke/Seller Pages/Delivery Settings/input_Okay_Range'

2020-03-20 15:00:10 - [MESSAGE][PASSED] - Keys '*' sent to object: 'Object Repository/ADMIN/Edit Text/Bespoke/Seller Pages/Delivery Settings/input_Okay_Range'

2020-03-20 15:00:10 - [TEST_STEP][PASSED] - sendKeys(findTestObject("ADMIN/Edit Text/Bespoke/Seller Pages/Delivery Settings/input_ADDEDIT DELIVERY OPTION_Add_edit_delivery_option"), "*"): Keys '*' sent to object: 'Object Repository/ADMIN/Edit Text/Bespoke/Seller Pages/Delivery Settings/input_ADDEDIT DELIVERY OPTION_Add_edit_delivery_option'

2020-03-20 15:00:10 - [MESSAGE][PASSED] - Keys '*' sent to object: 'Object Repository/ADMIN/Edit Text/Bespoke/Seller Pages/Delivery Settings/input_ADDEDIT DELIVERY OPTION_Add_edit_delivery_option'

2020-03-20 15:00:10 - [TEST_STEP][PASSED] - sendKeys(findTestObject("ADMIN/Edit Text/Bespoke/Seller Pages/Delivery Settings/input_Define the locations available and the rates for the delivery option_Define_the_locations_available_and_the_rates_for_the_delivery_option"), "*"): Keys '*' sent to object: 'Object Repository/ADMIN/Edit Text/Bespoke/Seller Pages/Delivery Settings/input_Define the locations available and the rates for the delivery option_Define_the_locations_available_and_the_rates_for_the_delivery_option'

2020-03-20 15:00:10 - [MESSAGE][PASSED] - Keys '*' sent to object: 'Object Repository/ADMIN/Edit Text/Bespoke/Seller Pages/Delivery Settings/input_Define the locations available and the rates for the delivery option_Define_the_locations_available_and_the_rates_for_the_delivery_option'

2020-03-20 15:00:10 - [TEST_STEP][PASSED] - sendKeys(findTestObject("ADMIN/Edit Text/Bespoke/Seller Pages/Delivery Settings/input_DELIVERY OPTION SETTINGS_DELIVERY_OPTIONS_SETTINGS"), "*"): Keys '*' sent to object: 'Object Repository/ADMIN/Edit Text/Bespoke/Seller Pages/Delivery Settings/input_DELIVERY OPTION SETTINGS_DELIVERY_OPTIONS_SETTINGS'

2020-03-20 15:00:11 - [MESSAGE][PASSED] - Keys '*' sent to object: 'Object Repository/ADMIN/Edit Text/Bespoke/Seller Pages/Delivery Settings/input_DELIVERY OPTION SETTINGS_DELIVERY_OPTIONS_SETTINGS'

2020-03-20 15:00:11 - [TEST_STEP][PASSED] - sendKeys(findTestObject("ADMIN/Edit Text/Bespoke/Seller Pages/Delivery Settings/input_DELIVERY OPTION NAME_DELIVERY_OPTION_NAME"), "*"): Keys '*' sent to object: 'Object Repository/ADMIN/Edit Text/Bespoke/Seller Pages/Delivery Settings/input_DELIVERY OPTION NAME_DELIVERY_OPTION_NAME'

2020-03-20 15:00:11 - [MESSAGE][PASSED] - Keys '*' sent to object: 'Object Repository/ADMIN/Edit Text/Bespoke/Seller Pages/Delivery Settings/input_DELIVERY OPTION NAME_DELIVERY_OPTION_NAME'

2020-03-20 15:00:11 - [TEST_STEP][PASSED] - sendKeys(findTestObject("ADMIN/Edit Text/Bespoke/Seller Pages/Delivery Settings/input_delivers to3"), "*"): Keys '*' sent to object: 'Object Repository/ADMIN/Edit Text/Bespoke/Seller Pages/Delivery Settings/input_delivers to3'

2020-03-20 15:00:11 - [MESSAGE][PASSED] - Keys '*' sent to object: 'Object Repository/ADMIN/Edit Text/Bespoke/Seller Pages/Delivery Settings/input_delivers to3'

2020-03-20 15:00:11 - [TEST_STEP][PASSED] - sendKeys(findTestObject("ADMIN/Edit Text/Bespoke/Seller Pages/Delivery Settings/input_MINIMUM LEAD TIME_Minimum_lead_time"), "*"): Keys '*' sent to object: 'Object Repository/ADMIN/Edit Text/Bespoke/Seller Pages/Delivery Settings/input_MINIMUM LEAD TIME_Minimum_lead_time'

2020-03-20 15:00:11 - [MESSAGE][PASSED] - Keys '*' sent to object: 'Object Repository/ADMIN/Edit Text/Bespoke/Seller Pages/Delivery Settings/input_MINIMUM LEAD TIME_Minimum_lead_time'

2020-03-20 15:00:11 - [TEST_STEP][PASSED] - sendKeys(findTestObject("ADMIN/Edit Text/Bespoke/Seller Pages/Delivery Settings/input_WHERE ARE YOU DELIVERING FROM_Where_are_you_delivering_from"), "*"): Keys '*' sent to object: 'Object Repository/ADMIN/Edit Text/Bespoke/Seller Pages/Delivery Settings/input_WHERE ARE YOU DELIVERING FROM_Where_are_you_delivering_from'

2020-03-20 15:00:12 - [MESSAGE][PASSED] - Keys '*' sent to object: 'Object Repository/ADMIN/Edit Text/Bespoke/Seller Pages/Delivery Settings/input_WHERE ARE YOU DELIVERING FROM_Where_are_you_delivering_from'

2020-03-20 15:00:12 - [TEST_STEP][PASSED] - sendKeys(findTestObject("ADMIN/Edit Text/Bespoke/Seller Pages/Delivery Settings/input_Select if you would like to calculate shipping by total order weight or total order price_total_order_weight_or_total_order_price"), "*"): Keys '*' sent to object: 'Object Repository/ADMIN/Edit Text/Bespoke/Seller Pages/Delivery Settings/input_Select if you would like to calculate shipping by total order weight or total order price_total_order_weight_or_total_order_price'

2020-03-20 15:00:12 - [MESSAGE][PASSED] - Keys '*' sent to object: 'Object Repository/ADMIN/Edit Text/Bespoke/Seller Pages/Delivery Settings/input_Select if you would like to calculate shipping by total order weight or total order price_total_order_weight_or_total_order_price'

2020-03-20 15:00:12 - [TEST_STEP][PASSED] - sendKeys(findTestObject("ADMIN/Edit Text/Bespoke/Seller Pages/Delivery Settings/input_Weight_Weight"), "*"): Keys '*' sent to object: 'Object Repository/ADMIN/Edit Text/Bespoke/Seller Pages/Delivery Settings/input_Weight_Weight'

2020-03-20 15:00:12 - [MESSAGE][PASSED] - Keys '*' sent to object: 'Object Repository/ADMIN/Edit Text/Bespoke/Seller Pages/Delivery Settings/input_Weight_Weight'

2020-03-20 15:00:12 - [TEST_STEP][PASSED] - sendKeys(findTestObject("ADMIN/Edit Text/Bespoke/Seller Pages/Delivery Settings/input_Price_Price"), "*"): Keys '*' sent to object: 'Object Repository/ADMIN/Edit Text/Bespoke/Seller Pages/Delivery Settings/input_Price_Price'

2020-03-20 15:00:12 - [MESSAGE][PASSED] - Keys '*' sent to object: 'Object Repository/ADMIN/Edit Text/Bespoke/Seller Pages/Delivery Settings/input_Price_Price'

2020-03-20 15:00:12 - [TEST_STEP][PASSED] - sendKeys(findTestObject("ADMIN/Edit Text/Bespoke/Seller Pages/Delivery Settings/input_Delivery Rate(s)_DelDelivery_Rates"), "*"): Keys '*' sent to object: 'Object Repository/ADMIN/Edit Text/Bespoke/Seller Pages/Delivery Settings/input_Delivery Rate(s)_DelDelivery_Rates'

2020-03-20 15:00:12 - [MESSAGE][PASSED] - Keys '*' sent to object: 'Object Repository/ADMIN/Edit Text/Bespoke/Seller Pages/Delivery Settings/input_Delivery Rate(s)_DelDelivery_Rates'

2020-03-20 15:00:12 - [TEST_STEP][PASSED] - sendKeys(findTestObject("ADMIN/Edit Text/Bespoke/Seller Pages/Delivery Settings/input_NAME_Name (1)"), "*"): Keys '*' sent to object: 'Object Repository/ADMIN/Edit Text/Bespoke/Seller Pages/Delivery Settings/input_NAME_Name (1)'

2020-03-20 15:00:13 - [MESSAGE][PASSED] - Keys '*' sent to object: 'Object Repository/ADMIN/Edit Text/Bespoke/Seller Pages/Delivery Settings/input_NAME_Name (1)'

2020-03-20 15:00:13 - [TEST_STEP][PASSED] - sendKeys(findTestObject("ADMIN/Edit Text/Bespoke/Seller Pages/Delivery Settings/input_RANGE_Range (1)"), "*"): Keys '*' sent to object: 'Object Repository/ADMIN/Edit Text/Bespoke/Seller Pages/Delivery Settings/input_RANGE_Range (1)'

2020-03-20 15:00:13 - [MESSAGE][PASSED] - Keys '*' sent to object: 'Object Repository/ADMIN/Edit Text/Bespoke/Seller Pages/Delivery Settings/input_RANGE_Range (1)'

2020-03-20 15:00:13 - [TEST_STEP][PASSED] - sendKeys(findTestObject("ADMIN/Edit Text/Bespoke/Seller Pages/Delivery Settings/input_DELIVERY COST_Delivery_Cost (1)"), "*"): Keys '*' sent to object: 'Object Repository/ADMIN/Edit Text/Bespoke/Seller Pages/Delivery Settings/input_DELIVERY COST_Delivery_Cost (1)'

2020-03-20 15:00:13 - [MESSAGE][PASSED] - Keys '*' sent to object: 'Object Repository/ADMIN/Edit Text/Bespoke/Seller Pages/Delivery Settings/input_DELIVERY COST_Delivery_Cost (1)'

2020-03-20 15:00:13 - [TEST_STEP][PASSED] - sendKeys(findTestObject("ADMIN/Edit Text/Bespoke/Seller Pages/Delivery Settings/input_Onwards_Onwards"), "*"): Keys '*' sent to object: 'Object Repository/ADMIN/Edit Text/Bespoke/Seller Pages/Delivery Settings/input_Onwards_Onwards'

2020-03-20 15:00:14 - [MESSAGE][PASSED] - Keys '*' sent to object: 'Object Repository/ADMIN/Edit Text/Bespoke/Seller Pages/Delivery Settings/input_Onwards_Onwards'

2020-03-20 15:00:14 - [TEST_STEP][PASSED] - sendKeys(findTestObject("ADMIN/Edit Text/Bespoke/Seller Pages/Delivery Settings/input_Add Delivery Rate_Add_Delivery_Rate"), "*"): Keys '*' sent to object: 'Object Repository/ADMIN/Edit Text/Bespoke/Seller Pages/Delivery Settings/input_Add Delivery Rate_Add_Delivery_Rate'

2020-03-20 15:00:14 - [MESSAGE][PASSED] - Keys '*' sent to object: 'Object Repository/ADMIN/Edit Text/Bespoke/Seller Pages/Delivery Settings/input_Add Delivery Rate_Add_Delivery_Rate'

2020-03-20 15:00:14 - [TEST_STEP][PASSED] - sendKeys(findTestObject("ADMIN/Edit Text/Bespoke/Seller Pages/Delivery Settings/input_Delivery Rate Name (Buyers will not see this)_Delivery_Rate_Name"), "*"): Keys '*' sent to object: 'Object Repository/ADMIN/Edit Text/Bespoke/Seller Pages/Delivery Settings/input_Delivery Rate Name (Buyers will not see this)_Delivery_Rate_Name'

2020-03-20 15:00:14 - [MESSAGE][PASSED] - Keys '*' sent to object: 'Object Repository/ADMIN/Edit Text/Bespoke/Seller Pages/Delivery Settings/input_Delivery Rate Name (Buyers will not see this)_Delivery_Rate_Name'

2020-03-20 15:00:14 - [TEST_STEP][PASSED] - sendKeys(findTestObject("ADMIN/Edit Text/Bespoke/Seller Pages/Delivery Settings/input_To_To"), "*"): Keys '*' sent to object: 'Object Repository/ADMIN/Edit Text/Bespoke/Seller Pages/Delivery Settings/input_To_To'

2020-03-20 15:00:14 - [MESSAGE][PASSED] - Keys '*' sent to object: 'Object Repository/ADMIN/Edit Text/Bespoke/Seller Pages/Delivery Settings/input_To_To'

2020-03-20 15:00:14 - [TEST_STEP][PASSED] - sendKeys(findTestObject("ADMIN/Edit Text/Bespoke/Seller Pages/Delivery Settings/input_delivery cost4"), "*"): Keys '*' sent to object: 'Object Repository/ADMIN/Edit Text/Bespoke/Seller Pages/Delivery Settings/input_delivery cost4'

2020-03-20 15:00:15 - [MESSAGE][PASSED] - Keys '*' sent to object: 'Object Repository/ADMIN/Edit Text/Bespoke/Seller Pages/Delivery Settings/input_delivery cost4'

2020-03-20 15:00:15 - [TEST_STEP][PASSED] - sendKeys(findTestObject("ADMIN/Edit Text/Bespoke/Seller Pages/Delivery Settings/input_Save_Save"), "*"): Keys '*' sent to object: 'Object Repository/ADMIN/Edit Text/Bespoke/Seller Pages/Delivery Settings/input_Save_Save'

2020-03-20 15:00:15 - [MESSAGE][PASSED] - Keys '*' sent to object: 'Object Repository/ADMIN/Edit Text/Bespoke/Seller Pages/Delivery Settings/input_Save_Save'

2020-03-20 15:00:15 - [TEST_STEP][PASSED] - sendKeys(findTestObject("ADMIN/Edit Text/Bespoke/Seller Pages/Delivery Settings/input_Cancel_Cancel"), "*"): Keys '*' sent to object: 'Object Repository/ADMIN/Edit Text/Bespoke/Seller Pages/Delivery Settings/input_Cancel_Cancel'

2020-03-20 15:00:15 - [MESSAGE][PASSED] - Keys '*' sent to object: 'Object Repository/ADMIN/Edit Text/Bespoke/Seller Pages/Delivery Settings/input_Cancel_Cancel'

2020-03-20 15:00:15 - [TEST_STEP][PASSED] - click(findTestObject("ADMIN/Edit Text/Bespoke/Buyer Pages/Homepage/button_save"), CONTINUE_ON_FAILURE): Object: 'Object Repository/ADMIN/Edit Text/Bespoke/Buyer Pages/Homepage/button_save' is clicked on

2020-03-20 15:00:15 - [MESSAGE][PASSED] - Object: 'Object Repository/ADMIN/Edit Text/Bespoke/Buyer Pages/Homepage/button_save' is clicked on

2020-03-20 15:00:15 - [TEST_STEP][PASSED] - waitForElementVisible(findTestObject("ADMIN/Edit Text/Bespoke/Buyer Pages/Homepage/toaster_success"), 0): Object 'Object Repository/ADMIN/Edit Text/Bespoke/Buyer Pages/Homepage/toaster_success' is visible

2020-03-20 15:00:15 - [MESSAGE][WARNING] - Timeout '0' is invalid. Using default page load timeout: '30'

2020-03-20 15:00:16 - [MESSAGE][PASSED] - Object 'Object Repository/ADMIN/Edit Text/Bespoke/Buyer Pages/Homepage/toaster_success' is visible]]></system-out>
         <system-err><![CDATA[]]></system-err>
      </testcase>
      <testcase name="Test Cases/ADMIN/Language/Edit Text/Bespoke/Seller/Delivery Settings" time="10.183" classname="Test Cases/ADMIN/Language/Edit Text/Bespoke/Seller/Delivery Settings" status="PASSED">
         <system-out><![CDATA[2020-03-20 15:00:16 - [TEST_CASE][PASSED] - Test Cases/ADMIN/Language/Edit Text/Bespoke/Seller/Delivery Settings: Test Cases/ADMIN/Language/Edit Text/Bespoke/Seller/Delivery Settings

2020-03-20 15:00:16 - [TEST_STEP][PASSED] - waitForElementVisible(findTestObject("ADMIN/Edit Text/Bespoke/Buyer Navigation/dd_language"), 0): Object 'Object Repository/ADMIN/Edit Text/Bespoke/Buyer Navigation/dd_language' is visible

2020-03-20 15:00:16 - [MESSAGE][WARNING] - Timeout '0' is invalid. Using default page load timeout: '30'

2020-03-20 15:00:16 - [MESSAGE][PASSED] - Object 'Object Repository/ADMIN/Edit Text/Bespoke/Buyer Navigation/dd_language' is visible

2020-03-20 15:00:16 - [TEST_STEP][PASSED] - selectOptionByLabel(findTestObject("ADMIN/Edit Text/Bespoke/Buyer Navigation/dd_language"), varLanguage, false): All options with label 'Hebrew' are selected in object 'Object Repository/ADMIN/Edit Text/Bespoke/Buyer Navigation/dd_language' 

2020-03-20 15:00:17 - [MESSAGE][PASSED] - All options with label 'Hebrew' are selected in object 'Object Repository/ADMIN/Edit Text/Bespoke/Buyer Navigation/dd_language' 

2020-03-20 15:00:17 - [TEST_STEP][PASSED] - sendKeys(findTestObject("ADMIN/Edit Text/Bespoke/Seller Pages/Delivery Settings/input_DELIVERY SETTINGS_DELIVERY_SETTINGS"), "*"): Keys '*' sent to object: 'Object Repository/ADMIN/Edit Text/Bespoke/Seller Pages/Delivery Settings/input_DELIVERY SETTINGS_DELIVERY_SETTINGS'

2020-03-20 15:00:18 - [MESSAGE][PASSED] - Keys '*' sent to object: 'Object Repository/ADMIN/Edit Text/Bespoke/Seller Pages/Delivery Settings/input_DELIVERY SETTINGS_DELIVERY_SETTINGS'

2020-03-20 15:00:18 - [TEST_STEP][PASSED] - sendKeys(findTestObject("ADMIN/Edit Text/Bespoke/Seller Pages/Delivery Settings/input_add del or pickup"), "*"): Keys '*' sent to object: 'Object Repository/ADMIN/Edit Text/Bespoke/Seller Pages/Delivery Settings/input_add del or pickup'

2020-03-20 15:00:18 - [MESSAGE][PASSED] - Keys '*' sent to object: 'Object Repository/ADMIN/Edit Text/Bespoke/Seller Pages/Delivery Settings/input_add del or pickup'

2020-03-20 15:00:18 - [TEST_STEP][PASSED] - sendKeys(findTestObject("ADMIN/Edit Text/Bespoke/Seller Pages/Delivery Settings/input_DELIVERY OPTIONS_DELIVERY_OPTIONS"), "*"): Keys '*' sent to object: 'Object Repository/ADMIN/Edit Text/Bespoke/Seller Pages/Delivery Settings/input_DELIVERY OPTIONS_DELIVERY_OPTIONS'

2020-03-20 15:00:18 - [MESSAGE][PASSED] - Keys '*' sent to object: 'Object Repository/ADMIN/Edit Text/Bespoke/Seller Pages/Delivery Settings/input_DELIVERY OPTIONS_DELIVERY_OPTIONS'

2020-03-20 15:00:18 - [TEST_STEP][PASSED] - sendKeys(findTestObject("ADMIN/Edit Text/Bespoke/Seller Pages/Delivery Settings/input_Add Delivery Options_select_delivery_method"), "*"): Keys '*' sent to object: 'Object Repository/ADMIN/Edit Text/Bespoke/Seller Pages/Delivery Settings/input_Add Delivery Options_select_delivery_method'

2020-03-20 15:00:19 - [MESSAGE][PASSED] - Keys '*' sent to object: 'Object Repository/ADMIN/Edit Text/Bespoke/Seller Pages/Delivery Settings/input_Add Delivery Options_select_delivery_method'

2020-03-20 15:00:19 - [TEST_STEP][PASSED] - sendKeys(findTestObject("ADMIN/Edit Text/Bespoke/Seller Pages/Delivery Settings/input_Name_Name"), "*"): Keys '*' sent to object: 'Object Repository/ADMIN/Edit Text/Bespoke/Seller Pages/Delivery Settings/input_Name_Name'

2020-03-20 15:00:19 - [MESSAGE][PASSED] - Keys '*' sent to object: 'Object Repository/ADMIN/Edit Text/Bespoke/Seller Pages/Delivery Settings/input_Name_Name'

2020-03-20 15:00:19 - [TEST_STEP][PASSED] - sendKeys(findTestObject("ADMIN/Edit Text/Bespoke/Seller Pages/Delivery Settings/input_DELIVERS TO_DELIVERS_TO"), "*"): Keys '*' sent to object: 'Object Repository/ADMIN/Edit Text/Bespoke/Seller Pages/Delivery Settings/input_DELIVERS TO_DELIVERS_TO'

2020-03-20 15:00:19 - [MESSAGE][PASSED] - Keys '*' sent to object: 'Object Repository/ADMIN/Edit Text/Bespoke/Seller Pages/Delivery Settings/input_DELIVERS TO_DELIVERS_TO'

2020-03-20 15:00:19 - [TEST_STEP][PASSED] - sendKeys(findTestObject("ADMIN/Edit Text/Bespoke/Seller Pages/Delivery Settings/input_PICK-UP OPTIONS_PICK-UP_OPTIONS"), "*"): Keys '*' sent to object: 'Object Repository/ADMIN/Edit Text/Bespoke/Seller Pages/Delivery Settings/input_PICK-UP OPTIONS_PICK-UP_OPTIONS'

2020-03-20 15:00:19 - [MESSAGE][PASSED] - Keys '*' sent to object: 'Object Repository/ADMIN/Edit Text/Bespoke/Seller Pages/Delivery Settings/input_PICK-UP OPTIONS_PICK-UP_OPTIONS'

2020-03-20 15:00:19 - [TEST_STEP][PASSED] - sendKeys(findTestObject("ADMIN/Edit Text/Bespoke/Seller Pages/Delivery Settings/input_Add Pick-up Options_Add_Pick-up_Options"), "*"): Keys '*' sent to object: 'Object Repository/ADMIN/Edit Text/Bespoke/Seller Pages/Delivery Settings/input_Add Pick-up Options_Add_Pick-up_Options'

2020-03-20 15:00:19 - [MESSAGE][PASSED] - Keys '*' sent to object: 'Object Repository/ADMIN/Edit Text/Bespoke/Seller Pages/Delivery Settings/input_Add Pick-up Options_Add_Pick-up_Options'

2020-03-20 15:00:19 - [TEST_STEP][PASSED] - sendKeys(findTestObject("ADMIN/Edit Text/Bespoke/Seller Pages/Delivery Settings/input_Define the full address where the buyer can pick up from_delivery_desc_used"), "*"): Keys '*' sent to object: 'Object Repository/ADMIN/Edit Text/Bespoke/Seller Pages/Delivery Settings/input_Define the full address where the buyer can pick up from_delivery_desc_used'

2020-03-20 15:00:20 - [MESSAGE][PASSED] - Keys '*' sent to object: 'Object Repository/ADMIN/Edit Text/Bespoke/Seller Pages/Delivery Settings/input_Define the full address where the buyer can pick up from_delivery_desc_used'

2020-03-20 15:00:20 - [TEST_STEP][PASSED] - sendKeys(findTestObject("ADMIN/Edit Text/Bespoke/Seller Pages/Delivery Settings/input_Delivers to_Delivers_to (1)"), "*"): Keys '*' sent to object: 'Object Repository/ADMIN/Edit Text/Bespoke/Seller Pages/Delivery Settings/input_Delivers to_Delivers_to (1)'

2020-03-20 15:00:20 - [MESSAGE][PASSED] - Keys '*' sent to object: 'Object Repository/ADMIN/Edit Text/Bespoke/Seller Pages/Delivery Settings/input_Delivers to_Delivers_to (1)'

2020-03-20 15:00:20 - [TEST_STEP][PASSED] - sendKeys(findTestObject("ADMIN/Edit Text/Bespoke/Seller Pages/Delivery Settings/input_Shipping rate by_Shipping_rate_by"), "*"): Keys '*' sent to object: 'Object Repository/ADMIN/Edit Text/Bespoke/Seller Pages/Delivery Settings/input_Shipping rate by_Shipping_rate_by'

2020-03-20 15:00:20 - [MESSAGE][PASSED] - Keys '*' sent to object: 'Object Repository/ADMIN/Edit Text/Bespoke/Seller Pages/Delivery Settings/input_Shipping rate by_Shipping_rate_by'

2020-03-20 15:00:20 - [TEST_STEP][PASSED] - sendKeys(findTestObject("ADMIN/Edit Text/Bespoke/Seller Pages/Delivery Settings/input_Delivering from_Delivering_from"), "*"): Keys '*' sent to object: 'Object Repository/ADMIN/Edit Text/Bespoke/Seller Pages/Delivery Settings/input_Delivering from_Delivering_from'

2020-03-20 15:00:20 - [MESSAGE][PASSED] - Keys '*' sent to object: 'Object Repository/ADMIN/Edit Text/Bespoke/Seller Pages/Delivery Settings/input_Delivering from_Delivering_from'

2020-03-20 15:00:20 - [TEST_STEP][PASSED] - sendKeys(findTestObject("ADMIN/Edit Text/Bespoke/Seller Pages/Delivery Settings/input_Delivery rates(s)_Shipping_rate_by"), "*"): Keys '*' sent to object: 'Object Repository/ADMIN/Edit Text/Bespoke/Seller Pages/Delivery Settings/input_Delivery rates(s)_Shipping_rate_by'

2020-03-20 15:00:20 - [MESSAGE][PASSED] - Keys '*' sent to object: 'Object Repository/ADMIN/Edit Text/Bespoke/Seller Pages/Delivery Settings/input_Delivery rates(s)_Shipping_rate_by'

2020-03-20 15:00:20 - [TEST_STEP][PASSED] - sendKeys(findTestObject("ADMIN/Edit Text/Bespoke/Seller Pages/Delivery Settings/input_Name_Name1"), "*"): Keys '*' sent to object: 'Object Repository/ADMIN/Edit Text/Bespoke/Seller Pages/Delivery Settings/input_Name_Name1'

2020-03-20 15:00:20 - [MESSAGE][PASSED] - Keys '*' sent to object: 'Object Repository/ADMIN/Edit Text/Bespoke/Seller Pages/Delivery Settings/input_Name_Name1'

2020-03-20 15:00:20 - [TEST_STEP][PASSED] - sendKeys(findTestObject("ADMIN/Edit Text/Bespoke/Seller Pages/Delivery Settings/input_Range_Range"), "*"): Keys '*' sent to object: 'Object Repository/ADMIN/Edit Text/Bespoke/Seller Pages/Delivery Settings/input_Range_Range'

2020-03-20 15:00:21 - [MESSAGE][PASSED] - Keys '*' sent to object: 'Object Repository/ADMIN/Edit Text/Bespoke/Seller Pages/Delivery Settings/input_Range_Range'

2020-03-20 15:00:21 - [TEST_STEP][PASSED] - sendKeys(findTestObject("ADMIN/Edit Text/Bespoke/Seller Pages/Delivery Settings/input_Delivery Cost_Delivery_Cost"), "*"): Keys '*' sent to object: 'Object Repository/ADMIN/Edit Text/Bespoke/Seller Pages/Delivery Settings/input_Delivery Cost_Delivery_Cost'

2020-03-20 15:00:21 - [MESSAGE][PASSED] - Keys '*' sent to object: 'Object Repository/ADMIN/Edit Text/Bespoke/Seller Pages/Delivery Settings/input_Delivery Cost_Delivery_Cost'

2020-03-20 15:00:21 - [TEST_STEP][PASSED] - sendKeys(findTestObject("ADMIN/Edit Text/Bespoke/Seller Pages/Delivery Settings/input_Okay_Range"), "*"): Keys '*' sent to object: 'Object Repository/ADMIN/Edit Text/Bespoke/Seller Pages/Delivery Settings/input_Okay_Range'

2020-03-20 15:00:21 - [MESSAGE][PASSED] - Keys '*' sent to object: 'Object Repository/ADMIN/Edit Text/Bespoke/Seller Pages/Delivery Settings/input_Okay_Range'

2020-03-20 15:00:21 - [TEST_STEP][PASSED] - sendKeys(findTestObject("ADMIN/Edit Text/Bespoke/Seller Pages/Delivery Settings/input_ADDEDIT DELIVERY OPTION_Add_edit_delivery_option"), "*"): Keys '*' sent to object: 'Object Repository/ADMIN/Edit Text/Bespoke/Seller Pages/Delivery Settings/input_ADDEDIT DELIVERY OPTION_Add_edit_delivery_option'

2020-03-20 15:00:21 - [MESSAGE][PASSED] - Keys '*' sent to object: 'Object Repository/ADMIN/Edit Text/Bespoke/Seller Pages/Delivery Settings/input_ADDEDIT DELIVERY OPTION_Add_edit_delivery_option'

2020-03-20 15:00:21 - [TEST_STEP][PASSED] - sendKeys(findTestObject("ADMIN/Edit Text/Bespoke/Seller Pages/Delivery Settings/input_Define the locations available and the rates for the delivery option_Define_the_locations_available_and_the_rates_for_the_delivery_option"), "*"): Keys '*' sent to object: 'Object Repository/ADMIN/Edit Text/Bespoke/Seller Pages/Delivery Settings/input_Define the locations available and the rates for the delivery option_Define_the_locations_available_and_the_rates_for_the_delivery_option'

2020-03-20 15:00:21 - [MESSAGE][PASSED] - Keys '*' sent to object: 'Object Repository/ADMIN/Edit Text/Bespoke/Seller Pages/Delivery Settings/input_Define the locations available and the rates for the delivery option_Define_the_locations_available_and_the_rates_for_the_delivery_option'

2020-03-20 15:00:21 - [TEST_STEP][PASSED] - sendKeys(findTestObject("ADMIN/Edit Text/Bespoke/Seller Pages/Delivery Settings/input_DELIVERY OPTION SETTINGS_DELIVERY_OPTIONS_SETTINGS"), "*"): Keys '*' sent to object: 'Object Repository/ADMIN/Edit Text/Bespoke/Seller Pages/Delivery Settings/input_DELIVERY OPTION SETTINGS_DELIVERY_OPTIONS_SETTINGS'

2020-03-20 15:00:22 - [MESSAGE][PASSED] - Keys '*' sent to object: 'Object Repository/ADMIN/Edit Text/Bespoke/Seller Pages/Delivery Settings/input_DELIVERY OPTION SETTINGS_DELIVERY_OPTIONS_SETTINGS'

2020-03-20 15:00:22 - [TEST_STEP][PASSED] - sendKeys(findTestObject("ADMIN/Edit Text/Bespoke/Seller Pages/Delivery Settings/input_DELIVERY OPTION NAME_DELIVERY_OPTION_NAME"), "*"): Keys '*' sent to object: 'Object Repository/ADMIN/Edit Text/Bespoke/Seller Pages/Delivery Settings/input_DELIVERY OPTION NAME_DELIVERY_OPTION_NAME'

2020-03-20 15:00:22 - [MESSAGE][PASSED] - Keys '*' sent to object: 'Object Repository/ADMIN/Edit Text/Bespoke/Seller Pages/Delivery Settings/input_DELIVERY OPTION NAME_DELIVERY_OPTION_NAME'

2020-03-20 15:00:22 - [TEST_STEP][PASSED] - sendKeys(findTestObject("ADMIN/Edit Text/Bespoke/Seller Pages/Delivery Settings/input_delivers to3"), "*"): Keys '*' sent to object: 'Object Repository/ADMIN/Edit Text/Bespoke/Seller Pages/Delivery Settings/input_delivers to3'

2020-03-20 15:00:22 - [MESSAGE][PASSED] - Keys '*' sent to object: 'Object Repository/ADMIN/Edit Text/Bespoke/Seller Pages/Delivery Settings/input_delivers to3'

2020-03-20 15:00:22 - [TEST_STEP][PASSED] - sendKeys(findTestObject("ADMIN/Edit Text/Bespoke/Seller Pages/Delivery Settings/input_MINIMUM LEAD TIME_Minimum_lead_time"), "*"): Keys '*' sent to object: 'Object Repository/ADMIN/Edit Text/Bespoke/Seller Pages/Delivery Settings/input_MINIMUM LEAD TIME_Minimum_lead_time'

2020-03-20 15:00:22 - [MESSAGE][PASSED] - Keys '*' sent to object: 'Object Repository/ADMIN/Edit Text/Bespoke/Seller Pages/Delivery Settings/input_MINIMUM LEAD TIME_Minimum_lead_time'

2020-03-20 15:00:22 - [TEST_STEP][PASSED] - sendKeys(findTestObject("ADMIN/Edit Text/Bespoke/Seller Pages/Delivery Settings/input_WHERE ARE YOU DELIVERING FROM_Where_are_you_delivering_from"), "*"): Keys '*' sent to object: 'Object Repository/ADMIN/Edit Text/Bespoke/Seller Pages/Delivery Settings/input_WHERE ARE YOU DELIVERING FROM_Where_are_you_delivering_from'

2020-03-20 15:00:22 - [MESSAGE][PASSED] - Keys '*' sent to object: 'Object Repository/ADMIN/Edit Text/Bespoke/Seller Pages/Delivery Settings/input_WHERE ARE YOU DELIVERING FROM_Where_are_you_delivering_from'

2020-03-20 15:00:22 - [TEST_STEP][PASSED] - sendKeys(findTestObject("ADMIN/Edit Text/Bespoke/Seller Pages/Delivery Settings/input_Select if you would like to calculate shipping by total order weight or total order price_total_order_weight_or_total_order_price"), "*"): Keys '*' sent to object: 'Object Repository/ADMIN/Edit Text/Bespoke/Seller Pages/Delivery Settings/input_Select if you would like to calculate shipping by total order weight or total order price_total_order_weight_or_total_order_price'

2020-03-20 15:00:23 - [MESSAGE][PASSED] - Keys '*' sent to object: 'Object Repository/ADMIN/Edit Text/Bespoke/Seller Pages/Delivery Settings/input_Select if you would like to calculate shipping by total order weight or total order price_total_order_weight_or_total_order_price'

2020-03-20 15:00:23 - [TEST_STEP][PASSED] - sendKeys(findTestObject("ADMIN/Edit Text/Bespoke/Seller Pages/Delivery Settings/input_Weight_Weight"), "*"): Keys '*' sent to object: 'Object Repository/ADMIN/Edit Text/Bespoke/Seller Pages/Delivery Settings/input_Weight_Weight'

2020-03-20 15:00:23 - [MESSAGE][PASSED] - Keys '*' sent to object: 'Object Repository/ADMIN/Edit Text/Bespoke/Seller Pages/Delivery Settings/input_Weight_Weight'

2020-03-20 15:00:23 - [TEST_STEP][PASSED] - sendKeys(findTestObject("ADMIN/Edit Text/Bespoke/Seller Pages/Delivery Settings/input_Price_Price"), "*"): Keys '*' sent to object: 'Object Repository/ADMIN/Edit Text/Bespoke/Seller Pages/Delivery Settings/input_Price_Price'

2020-03-20 15:00:23 - [MESSAGE][PASSED] - Keys '*' sent to object: 'Object Repository/ADMIN/Edit Text/Bespoke/Seller Pages/Delivery Settings/input_Price_Price'

2020-03-20 15:00:23 - [TEST_STEP][PASSED] - sendKeys(findTestObject("ADMIN/Edit Text/Bespoke/Seller Pages/Delivery Settings/input_Delivery Rate(s)_DelDelivery_Rates"), "*"): Keys '*' sent to object: 'Object Repository/ADMIN/Edit Text/Bespoke/Seller Pages/Delivery Settings/input_Delivery Rate(s)_DelDelivery_Rates'

2020-03-20 15:00:23 - [MESSAGE][PASSED] - Keys '*' sent to object: 'Object Repository/ADMIN/Edit Text/Bespoke/Seller Pages/Delivery Settings/input_Delivery Rate(s)_DelDelivery_Rates'

2020-03-20 15:00:23 - [TEST_STEP][PASSED] - sendKeys(findTestObject("ADMIN/Edit Text/Bespoke/Seller Pages/Delivery Settings/input_NAME_Name (1)"), "*"): Keys '*' sent to object: 'Object Repository/ADMIN/Edit Text/Bespoke/Seller Pages/Delivery Settings/input_NAME_Name (1)'

2020-03-20 15:00:23 - [MESSAGE][PASSED] - Keys '*' sent to object: 'Object Repository/ADMIN/Edit Text/Bespoke/Seller Pages/Delivery Settings/input_NAME_Name (1)'

2020-03-20 15:00:23 - [TEST_STEP][PASSED] - sendKeys(findTestObject("ADMIN/Edit Text/Bespoke/Seller Pages/Delivery Settings/input_RANGE_Range (1)"), "*"): Keys '*' sent to object: 'Object Repository/ADMIN/Edit Text/Bespoke/Seller Pages/Delivery Settings/input_RANGE_Range (1)'

2020-03-20 15:00:23 - [MESSAGE][PASSED] - Keys '*' sent to object: 'Object Repository/ADMIN/Edit Text/Bespoke/Seller Pages/Delivery Settings/input_RANGE_Range (1)'

2020-03-20 15:00:23 - [TEST_STEP][PASSED] - sendKeys(findTestObject("ADMIN/Edit Text/Bespoke/Seller Pages/Delivery Settings/input_DELIVERY COST_Delivery_Cost (1)"), "*"): Keys '*' sent to object: 'Object Repository/ADMIN/Edit Text/Bespoke/Seller Pages/Delivery Settings/input_DELIVERY COST_Delivery_Cost (1)'

2020-03-20 15:00:24 - [MESSAGE][PASSED] - Keys '*' sent to object: 'Object Repository/ADMIN/Edit Text/Bespoke/Seller Pages/Delivery Settings/input_DELIVERY COST_Delivery_Cost (1)'

2020-03-20 15:00:24 - [TEST_STEP][PASSED] - sendKeys(findTestObject("ADMIN/Edit Text/Bespoke/Seller Pages/Delivery Settings/input_Onwards_Onwards"), "*"): Keys '*' sent to object: 'Object Repository/ADMIN/Edit Text/Bespoke/Seller Pages/Delivery Settings/input_Onwards_Onwards'

2020-03-20 15:00:24 - [MESSAGE][PASSED] - Keys '*' sent to object: 'Object Repository/ADMIN/Edit Text/Bespoke/Seller Pages/Delivery Settings/input_Onwards_Onwards'

2020-03-20 15:00:24 - [TEST_STEP][PASSED] - sendKeys(findTestObject("ADMIN/Edit Text/Bespoke/Seller Pages/Delivery Settings/input_Add Delivery Rate_Add_Delivery_Rate"), "*"): Keys '*' sent to object: 'Object Repository/ADMIN/Edit Text/Bespoke/Seller Pages/Delivery Settings/input_Add Delivery Rate_Add_Delivery_Rate'

2020-03-20 15:00:24 - [MESSAGE][PASSED] - Keys '*' sent to object: 'Object Repository/ADMIN/Edit Text/Bespoke/Seller Pages/Delivery Settings/input_Add Delivery Rate_Add_Delivery_Rate'

2020-03-20 15:00:24 - [TEST_STEP][PASSED] - sendKeys(findTestObject("ADMIN/Edit Text/Bespoke/Seller Pages/Delivery Settings/input_Delivery Rate Name (Buyers will not see this)_Delivery_Rate_Name"), "*"): Keys '*' sent to object: 'Object Repository/ADMIN/Edit Text/Bespoke/Seller Pages/Delivery Settings/input_Delivery Rate Name (Buyers will not see this)_Delivery_Rate_Name'

2020-03-20 15:00:24 - [MESSAGE][PASSED] - Keys '*' sent to object: 'Object Repository/ADMIN/Edit Text/Bespoke/Seller Pages/Delivery Settings/input_Delivery Rate Name (Buyers will not see this)_Delivery_Rate_Name'

2020-03-20 15:00:24 - [TEST_STEP][PASSED] - sendKeys(findTestObject("ADMIN/Edit Text/Bespoke/Seller Pages/Delivery Settings/input_To_To"), "*"): Keys '*' sent to object: 'Object Repository/ADMIN/Edit Text/Bespoke/Seller Pages/Delivery Settings/input_To_To'

2020-03-20 15:00:25 - [MESSAGE][PASSED] - Keys '*' sent to object: 'Object Repository/ADMIN/Edit Text/Bespoke/Seller Pages/Delivery Settings/input_To_To'

2020-03-20 15:00:25 - [TEST_STEP][PASSED] - sendKeys(findTestObject("ADMIN/Edit Text/Bespoke/Seller Pages/Delivery Settings/input_delivery cost4"), "*"): Keys '*' sent to object: 'Object Repository/ADMIN/Edit Text/Bespoke/Seller Pages/Delivery Settings/input_delivery cost4'

2020-03-20 15:00:25 - [MESSAGE][PASSED] - Keys '*' sent to object: 'Object Repository/ADMIN/Edit Text/Bespoke/Seller Pages/Delivery Settings/input_delivery cost4'

2020-03-20 15:00:25 - [TEST_STEP][PASSED] - sendKeys(findTestObject("ADMIN/Edit Text/Bespoke/Seller Pages/Delivery Settings/input_Save_Save"), "*"): Keys '*' sent to object: 'Object Repository/ADMIN/Edit Text/Bespoke/Seller Pages/Delivery Settings/input_Save_Save'

2020-03-20 15:00:25 - [MESSAGE][PASSED] - Keys '*' sent to object: 'Object Repository/ADMIN/Edit Text/Bespoke/Seller Pages/Delivery Settings/input_Save_Save'

2020-03-20 15:00:25 - [TEST_STEP][PASSED] - sendKeys(findTestObject("ADMIN/Edit Text/Bespoke/Seller Pages/Delivery Settings/input_Cancel_Cancel"), "*"): Keys '*' sent to object: 'Object Repository/ADMIN/Edit Text/Bespoke/Seller Pages/Delivery Settings/input_Cancel_Cancel'

2020-03-20 15:00:25 - [MESSAGE][PASSED] - Keys '*' sent to object: 'Object Repository/ADMIN/Edit Text/Bespoke/Seller Pages/Delivery Settings/input_Cancel_Cancel'

2020-03-20 15:00:25 - [TEST_STEP][PASSED] - click(findTestObject("ADMIN/Edit Text/Bespoke/Buyer Pages/Homepage/button_save"), CONTINUE_ON_FAILURE): Object: 'Object Repository/ADMIN/Edit Text/Bespoke/Buyer Pages/Homepage/button_save' is clicked on

2020-03-20 15:00:26 - [MESSAGE][PASSED] - Object: 'Object Repository/ADMIN/Edit Text/Bespoke/Buyer Pages/Homepage/button_save' is clicked on

2020-03-20 15:00:26 - [TEST_STEP][PASSED] - waitForElementVisible(findTestObject("ADMIN/Edit Text/Bespoke/Buyer Pages/Homepage/toaster_success"), 0): Object 'Object Repository/ADMIN/Edit Text/Bespoke/Buyer Pages/Homepage/toaster_success' is visible

2020-03-20 15:00:26 - [MESSAGE][WARNING] - Timeout '0' is invalid. Using default page load timeout: '30'

2020-03-20 15:00:26 - [MESSAGE][PASSED] - Object 'Object Repository/ADMIN/Edit Text/Bespoke/Buyer Pages/Homepage/toaster_success' is visible]]></system-out>
         <system-err><![CDATA[]]></system-err>
      </testcase>
      <testcase name="Test Cases/ADMIN/Language/Edit Text/Bespoke/Seller/Delivery Settings" time="10.723" classname="Test Cases/ADMIN/Language/Edit Text/Bespoke/Seller/Delivery Settings" status="PASSED">
         <system-out><![CDATA[2020-03-20 15:00:26 - [TEST_CASE][PASSED] - Test Cases/ADMIN/Language/Edit Text/Bespoke/Seller/Delivery Settings: Test Cases/ADMIN/Language/Edit Text/Bespoke/Seller/Delivery Settings

2020-03-20 15:00:26 - [TEST_STEP][PASSED] - waitForElementVisible(findTestObject("ADMIN/Edit Text/Bespoke/Buyer Navigation/dd_language"), 0): Object 'Object Repository/ADMIN/Edit Text/Bespoke/Buyer Navigation/dd_language' is visible

2020-03-20 15:00:26 - [MESSAGE][WARNING] - Timeout '0' is invalid. Using default page load timeout: '30'

2020-03-20 15:00:26 - [MESSAGE][PASSED] - Object 'Object Repository/ADMIN/Edit Text/Bespoke/Buyer Navigation/dd_language' is visible

2020-03-20 15:00:26 - [TEST_STEP][PASSED] - selectOptionByLabel(findTestObject("ADMIN/Edit Text/Bespoke/Buyer Navigation/dd_language"), varLanguage, false): All options with label 'English' are selected in object 'Object Repository/ADMIN/Edit Text/Bespoke/Buyer Navigation/dd_language' 

2020-03-20 15:00:28 - [MESSAGE][PASSED] - All options with label 'English' are selected in object 'Object Repository/ADMIN/Edit Text/Bespoke/Buyer Navigation/dd_language' 

2020-03-20 15:00:28 - [TEST_STEP][PASSED] - sendKeys(findTestObject("ADMIN/Edit Text/Bespoke/Seller Pages/Delivery Settings/input_DELIVERY SETTINGS_DELIVERY_SETTINGS"), "*"): Keys '*' sent to object: 'Object Repository/ADMIN/Edit Text/Bespoke/Seller Pages/Delivery Settings/input_DELIVERY SETTINGS_DELIVERY_SETTINGS'

2020-03-20 15:00:28 - [MESSAGE][PASSED] - Keys '*' sent to object: 'Object Repository/ADMIN/Edit Text/Bespoke/Seller Pages/Delivery Settings/input_DELIVERY SETTINGS_DELIVERY_SETTINGS'

2020-03-20 15:00:28 - [TEST_STEP][PASSED] - sendKeys(findTestObject("ADMIN/Edit Text/Bespoke/Seller Pages/Delivery Settings/input_add del or pickup"), "*"): Keys '*' sent to object: 'Object Repository/ADMIN/Edit Text/Bespoke/Seller Pages/Delivery Settings/input_add del or pickup'

2020-03-20 15:00:28 - [MESSAGE][PASSED] - Keys '*' sent to object: 'Object Repository/ADMIN/Edit Text/Bespoke/Seller Pages/Delivery Settings/input_add del or pickup'

2020-03-20 15:00:28 - [TEST_STEP][PASSED] - sendKeys(findTestObject("ADMIN/Edit Text/Bespoke/Seller Pages/Delivery Settings/input_DELIVERY OPTIONS_DELIVERY_OPTIONS"), "*"): Keys '*' sent to object: 'Object Repository/ADMIN/Edit Text/Bespoke/Seller Pages/Delivery Settings/input_DELIVERY OPTIONS_DELIVERY_OPTIONS'

2020-03-20 15:00:28 - [MESSAGE][PASSED] - Keys '*' sent to object: 'Object Repository/ADMIN/Edit Text/Bespoke/Seller Pages/Delivery Settings/input_DELIVERY OPTIONS_DELIVERY_OPTIONS'

2020-03-20 15:00:28 - [TEST_STEP][PASSED] - sendKeys(findTestObject("ADMIN/Edit Text/Bespoke/Seller Pages/Delivery Settings/input_Add Delivery Options_select_delivery_method"), "*"): Keys '*' sent to object: 'Object Repository/ADMIN/Edit Text/Bespoke/Seller Pages/Delivery Settings/input_Add Delivery Options_select_delivery_method'

2020-03-20 15:00:29 - [MESSAGE][PASSED] - Keys '*' sent to object: 'Object Repository/ADMIN/Edit Text/Bespoke/Seller Pages/Delivery Settings/input_Add Delivery Options_select_delivery_method'

2020-03-20 15:00:29 - [TEST_STEP][PASSED] - sendKeys(findTestObject("ADMIN/Edit Text/Bespoke/Seller Pages/Delivery Settings/input_Name_Name"), "*"): Keys '*' sent to object: 'Object Repository/ADMIN/Edit Text/Bespoke/Seller Pages/Delivery Settings/input_Name_Name'

2020-03-20 15:00:29 - [MESSAGE][PASSED] - Keys '*' sent to object: 'Object Repository/ADMIN/Edit Text/Bespoke/Seller Pages/Delivery Settings/input_Name_Name'

2020-03-20 15:00:29 - [TEST_STEP][PASSED] - sendKeys(findTestObject("ADMIN/Edit Text/Bespoke/Seller Pages/Delivery Settings/input_DELIVERS TO_DELIVERS_TO"), "*"): Keys '*' sent to object: 'Object Repository/ADMIN/Edit Text/Bespoke/Seller Pages/Delivery Settings/input_DELIVERS TO_DELIVERS_TO'

2020-03-20 15:00:29 - [MESSAGE][PASSED] - Keys '*' sent to object: 'Object Repository/ADMIN/Edit Text/Bespoke/Seller Pages/Delivery Settings/input_DELIVERS TO_DELIVERS_TO'

2020-03-20 15:00:29 - [TEST_STEP][PASSED] - sendKeys(findTestObject("ADMIN/Edit Text/Bespoke/Seller Pages/Delivery Settings/input_PICK-UP OPTIONS_PICK-UP_OPTIONS"), "*"): Keys '*' sent to object: 'Object Repository/ADMIN/Edit Text/Bespoke/Seller Pages/Delivery Settings/input_PICK-UP OPTIONS_PICK-UP_OPTIONS'

2020-03-20 15:00:30 - [MESSAGE][PASSED] - Keys '*' sent to object: 'Object Repository/ADMIN/Edit Text/Bespoke/Seller Pages/Delivery Settings/input_PICK-UP OPTIONS_PICK-UP_OPTIONS'

2020-03-20 15:00:30 - [TEST_STEP][PASSED] - sendKeys(findTestObject("ADMIN/Edit Text/Bespoke/Seller Pages/Delivery Settings/input_Add Pick-up Options_Add_Pick-up_Options"), "*"): Keys '*' sent to object: 'Object Repository/ADMIN/Edit Text/Bespoke/Seller Pages/Delivery Settings/input_Add Pick-up Options_Add_Pick-up_Options'

2020-03-20 15:00:30 - [MESSAGE][PASSED] - Keys '*' sent to object: 'Object Repository/ADMIN/Edit Text/Bespoke/Seller Pages/Delivery Settings/input_Add Pick-up Options_Add_Pick-up_Options'

2020-03-20 15:00:30 - [TEST_STEP][PASSED] - sendKeys(findTestObject("ADMIN/Edit Text/Bespoke/Seller Pages/Delivery Settings/input_Define the full address where the buyer can pick up from_delivery_desc_used"), "*"): Keys '*' sent to object: 'Object Repository/ADMIN/Edit Text/Bespoke/Seller Pages/Delivery Settings/input_Define the full address where the buyer can pick up from_delivery_desc_used'

2020-03-20 15:00:30 - [MESSAGE][PASSED] - Keys '*' sent to object: 'Object Repository/ADMIN/Edit Text/Bespoke/Seller Pages/Delivery Settings/input_Define the full address where the buyer can pick up from_delivery_desc_used'

2020-03-20 15:00:30 - [TEST_STEP][PASSED] - sendKeys(findTestObject("ADMIN/Edit Text/Bespoke/Seller Pages/Delivery Settings/input_Delivers to_Delivers_to (1)"), "*"): Keys '*' sent to object: 'Object Repository/ADMIN/Edit Text/Bespoke/Seller Pages/Delivery Settings/input_Delivers to_Delivers_to (1)'

2020-03-20 15:00:30 - [MESSAGE][PASSED] - Keys '*' sent to object: 'Object Repository/ADMIN/Edit Text/Bespoke/Seller Pages/Delivery Settings/input_Delivers to_Delivers_to (1)'

2020-03-20 15:00:30 - [TEST_STEP][PASSED] - sendKeys(findTestObject("ADMIN/Edit Text/Bespoke/Seller Pages/Delivery Settings/input_Shipping rate by_Shipping_rate_by"), "*"): Keys '*' sent to object: 'Object Repository/ADMIN/Edit Text/Bespoke/Seller Pages/Delivery Settings/input_Shipping rate by_Shipping_rate_by'

2020-03-20 15:00:30 - [MESSAGE][PASSED] - Keys '*' sent to object: 'Object Repository/ADMIN/Edit Text/Bespoke/Seller Pages/Delivery Settings/input_Shipping rate by_Shipping_rate_by'

2020-03-20 15:00:30 - [TEST_STEP][PASSED] - sendKeys(findTestObject("ADMIN/Edit Text/Bespoke/Seller Pages/Delivery Settings/input_Delivering from_Delivering_from"), "*"): Keys '*' sent to object: 'Object Repository/ADMIN/Edit Text/Bespoke/Seller Pages/Delivery Settings/input_Delivering from_Delivering_from'

2020-03-20 15:00:31 - [MESSAGE][PASSED] - Keys '*' sent to object: 'Object Repository/ADMIN/Edit Text/Bespoke/Seller Pages/Delivery Settings/input_Delivering from_Delivering_from'

2020-03-20 15:00:31 - [TEST_STEP][PASSED] - sendKeys(findTestObject("ADMIN/Edit Text/Bespoke/Seller Pages/Delivery Settings/input_Delivery rates(s)_Shipping_rate_by"), "*"): Keys '*' sent to object: 'Object Repository/ADMIN/Edit Text/Bespoke/Seller Pages/Delivery Settings/input_Delivery rates(s)_Shipping_rate_by'

2020-03-20 15:00:31 - [MESSAGE][PASSED] - Keys '*' sent to object: 'Object Repository/ADMIN/Edit Text/Bespoke/Seller Pages/Delivery Settings/input_Delivery rates(s)_Shipping_rate_by'

2020-03-20 15:00:31 - [TEST_STEP][PASSED] - sendKeys(findTestObject("ADMIN/Edit Text/Bespoke/Seller Pages/Delivery Settings/input_Name_Name1"), "*"): Keys '*' sent to object: 'Object Repository/ADMIN/Edit Text/Bespoke/Seller Pages/Delivery Settings/input_Name_Name1'

2020-03-20 15:00:31 - [MESSAGE][PASSED] - Keys '*' sent to object: 'Object Repository/ADMIN/Edit Text/Bespoke/Seller Pages/Delivery Settings/input_Name_Name1'

2020-03-20 15:00:31 - [TEST_STEP][PASSED] - sendKeys(findTestObject("ADMIN/Edit Text/Bespoke/Seller Pages/Delivery Settings/input_Range_Range"), "*"): Keys '*' sent to object: 'Object Repository/ADMIN/Edit Text/Bespoke/Seller Pages/Delivery Settings/input_Range_Range'

2020-03-20 15:00:31 - [MESSAGE][PASSED] - Keys '*' sent to object: 'Object Repository/ADMIN/Edit Text/Bespoke/Seller Pages/Delivery Settings/input_Range_Range'

2020-03-20 15:00:31 - [TEST_STEP][PASSED] - sendKeys(findTestObject("ADMIN/Edit Text/Bespoke/Seller Pages/Delivery Settings/input_Delivery Cost_Delivery_Cost"), "*"): Keys '*' sent to object: 'Object Repository/ADMIN/Edit Text/Bespoke/Seller Pages/Delivery Settings/input_Delivery Cost_Delivery_Cost'

2020-03-20 15:00:32 - [MESSAGE][PASSED] - Keys '*' sent to object: 'Object Repository/ADMIN/Edit Text/Bespoke/Seller Pages/Delivery Settings/input_Delivery Cost_Delivery_Cost'

2020-03-20 15:00:32 - [TEST_STEP][PASSED] - sendKeys(findTestObject("ADMIN/Edit Text/Bespoke/Seller Pages/Delivery Settings/input_Okay_Range"), "*"): Keys '*' sent to object: 'Object Repository/ADMIN/Edit Text/Bespoke/Seller Pages/Delivery Settings/input_Okay_Range'

2020-03-20 15:00:32 - [MESSAGE][PASSED] - Keys '*' sent to object: 'Object Repository/ADMIN/Edit Text/Bespoke/Seller Pages/Delivery Settings/input_Okay_Range'

2020-03-20 15:00:32 - [TEST_STEP][PASSED] - sendKeys(findTestObject("ADMIN/Edit Text/Bespoke/Seller Pages/Delivery Settings/input_ADDEDIT DELIVERY OPTION_Add_edit_delivery_option"), "*"): Keys '*' sent to object: 'Object Repository/ADMIN/Edit Text/Bespoke/Seller Pages/Delivery Settings/input_ADDEDIT DELIVERY OPTION_Add_edit_delivery_option'

2020-03-20 15:00:32 - [MESSAGE][PASSED] - Keys '*' sent to object: 'Object Repository/ADMIN/Edit Text/Bespoke/Seller Pages/Delivery Settings/input_ADDEDIT DELIVERY OPTION_Add_edit_delivery_option'

2020-03-20 15:00:32 - [TEST_STEP][PASSED] - sendKeys(findTestObject("ADMIN/Edit Text/Bespoke/Seller Pages/Delivery Settings/input_Define the locations available and the rates for the delivery option_Define_the_locations_available_and_the_rates_for_the_delivery_option"), "*"): Keys '*' sent to object: 'Object Repository/ADMIN/Edit Text/Bespoke/Seller Pages/Delivery Settings/input_Define the locations available and the rates for the delivery option_Define_the_locations_available_and_the_rates_for_the_delivery_option'

2020-03-20 15:00:32 - [MESSAGE][PASSED] - Keys '*' sent to object: 'Object Repository/ADMIN/Edit Text/Bespoke/Seller Pages/Delivery Settings/input_Define the locations available and the rates for the delivery option_Define_the_locations_available_and_the_rates_for_the_delivery_option'

2020-03-20 15:00:32 - [TEST_STEP][PASSED] - sendKeys(findTestObject("ADMIN/Edit Text/Bespoke/Seller Pages/Delivery Settings/input_DELIVERY OPTION SETTINGS_DELIVERY_OPTIONS_SETTINGS"), "*"): Keys '*' sent to object: 'Object Repository/ADMIN/Edit Text/Bespoke/Seller Pages/Delivery Settings/input_DELIVERY OPTION SETTINGS_DELIVERY_OPTIONS_SETTINGS'

2020-03-20 15:00:32 - [MESSAGE][PASSED] - Keys '*' sent to object: 'Object Repository/ADMIN/Edit Text/Bespoke/Seller Pages/Delivery Settings/input_DELIVERY OPTION SETTINGS_DELIVERY_OPTIONS_SETTINGS'

2020-03-20 15:00:32 - [TEST_STEP][PASSED] - sendKeys(findTestObject("ADMIN/Edit Text/Bespoke/Seller Pages/Delivery Settings/input_DELIVERY OPTION NAME_DELIVERY_OPTION_NAME"), "*"): Keys '*' sent to object: 'Object Repository/ADMIN/Edit Text/Bespoke/Seller Pages/Delivery Settings/input_DELIVERY OPTION NAME_DELIVERY_OPTION_NAME'

2020-03-20 15:00:33 - [MESSAGE][PASSED] - Keys '*' sent to object: 'Object Repository/ADMIN/Edit Text/Bespoke/Seller Pages/Delivery Settings/input_DELIVERY OPTION NAME_DELIVERY_OPTION_NAME'

2020-03-20 15:00:33 - [TEST_STEP][PASSED] - sendKeys(findTestObject("ADMIN/Edit Text/Bespoke/Seller Pages/Delivery Settings/input_delivers to3"), "*"): Keys '*' sent to object: 'Object Repository/ADMIN/Edit Text/Bespoke/Seller Pages/Delivery Settings/input_delivers to3'

2020-03-20 15:00:33 - [MESSAGE][PASSED] - Keys '*' sent to object: 'Object Repository/ADMIN/Edit Text/Bespoke/Seller Pages/Delivery Settings/input_delivers to3'

2020-03-20 15:00:33 - [TEST_STEP][PASSED] - sendKeys(findTestObject("ADMIN/Edit Text/Bespoke/Seller Pages/Delivery Settings/input_MINIMUM LEAD TIME_Minimum_lead_time"), "*"): Keys '*' sent to object: 'Object Repository/ADMIN/Edit Text/Bespoke/Seller Pages/Delivery Settings/input_MINIMUM LEAD TIME_Minimum_lead_time'

2020-03-20 15:00:33 - [MESSAGE][PASSED] - Keys '*' sent to object: 'Object Repository/ADMIN/Edit Text/Bespoke/Seller Pages/Delivery Settings/input_MINIMUM LEAD TIME_Minimum_lead_time'

2020-03-20 15:00:33 - [TEST_STEP][PASSED] - sendKeys(findTestObject("ADMIN/Edit Text/Bespoke/Seller Pages/Delivery Settings/input_WHERE ARE YOU DELIVERING FROM_Where_are_you_delivering_from"), "*"): Keys '*' sent to object: 'Object Repository/ADMIN/Edit Text/Bespoke/Seller Pages/Delivery Settings/input_WHERE ARE YOU DELIVERING FROM_Where_are_you_delivering_from'

2020-03-20 15:00:33 - [MESSAGE][PASSED] - Keys '*' sent to object: 'Object Repository/ADMIN/Edit Text/Bespoke/Seller Pages/Delivery Settings/input_WHERE ARE YOU DELIVERING FROM_Where_are_you_delivering_from'

2020-03-20 15:00:33 - [TEST_STEP][PASSED] - sendKeys(findTestObject("ADMIN/Edit Text/Bespoke/Seller Pages/Delivery Settings/input_Select if you would like to calculate shipping by total order weight or total order price_total_order_weight_or_total_order_price"), "*"): Keys '*' sent to object: 'Object Repository/ADMIN/Edit Text/Bespoke/Seller Pages/Delivery Settings/input_Select if you would like to calculate shipping by total order weight or total order price_total_order_weight_or_total_order_price'

2020-03-20 15:00:34 - [MESSAGE][PASSED] - Keys '*' sent to object: 'Object Repository/ADMIN/Edit Text/Bespoke/Seller Pages/Delivery Settings/input_Select if you would like to calculate shipping by total order weight or total order price_total_order_weight_or_total_order_price'

2020-03-20 15:00:34 - [TEST_STEP][PASSED] - sendKeys(findTestObject("ADMIN/Edit Text/Bespoke/Seller Pages/Delivery Settings/input_Weight_Weight"), "*"): Keys '*' sent to object: 'Object Repository/ADMIN/Edit Text/Bespoke/Seller Pages/Delivery Settings/input_Weight_Weight'

2020-03-20 15:00:34 - [MESSAGE][PASSED] - Keys '*' sent to object: 'Object Repository/ADMIN/Edit Text/Bespoke/Seller Pages/Delivery Settings/input_Weight_Weight'

2020-03-20 15:00:34 - [TEST_STEP][PASSED] - sendKeys(findTestObject("ADMIN/Edit Text/Bespoke/Seller Pages/Delivery Settings/input_Price_Price"), "*"): Keys '*' sent to object: 'Object Repository/ADMIN/Edit Text/Bespoke/Seller Pages/Delivery Settings/input_Price_Price'

2020-03-20 15:00:34 - [MESSAGE][PASSED] - Keys '*' sent to object: 'Object Repository/ADMIN/Edit Text/Bespoke/Seller Pages/Delivery Settings/input_Price_Price'

2020-03-20 15:00:34 - [TEST_STEP][PASSED] - sendKeys(findTestObject("ADMIN/Edit Text/Bespoke/Seller Pages/Delivery Settings/input_Delivery Rate(s)_DelDelivery_Rates"), "*"): Keys '*' sent to object: 'Object Repository/ADMIN/Edit Text/Bespoke/Seller Pages/Delivery Settings/input_Delivery Rate(s)_DelDelivery_Rates'

2020-03-20 15:00:34 - [MESSAGE][PASSED] - Keys '*' sent to object: 'Object Repository/ADMIN/Edit Text/Bespoke/Seller Pages/Delivery Settings/input_Delivery Rate(s)_DelDelivery_Rates'

2020-03-20 15:00:34 - [TEST_STEP][PASSED] - sendKeys(findTestObject("ADMIN/Edit Text/Bespoke/Seller Pages/Delivery Settings/input_NAME_Name (1)"), "*"): Keys '*' sent to object: 'Object Repository/ADMIN/Edit Text/Bespoke/Seller Pages/Delivery Settings/input_NAME_Name (1)'

2020-03-20 15:00:34 - [MESSAGE][PASSED] - Keys '*' sent to object: 'Object Repository/ADMIN/Edit Text/Bespoke/Seller Pages/Delivery Settings/input_NAME_Name (1)'

2020-03-20 15:00:34 - [TEST_STEP][PASSED] - sendKeys(findTestObject("ADMIN/Edit Text/Bespoke/Seller Pages/Delivery Settings/input_RANGE_Range (1)"), "*"): Keys '*' sent to object: 'Object Repository/ADMIN/Edit Text/Bespoke/Seller Pages/Delivery Settings/input_RANGE_Range (1)'

2020-03-20 15:00:35 - [MESSAGE][PASSED] - Keys '*' sent to object: 'Object Repository/ADMIN/Edit Text/Bespoke/Seller Pages/Delivery Settings/input_RANGE_Range (1)'

2020-03-20 15:00:35 - [TEST_STEP][PASSED] - sendKeys(findTestObject("ADMIN/Edit Text/Bespoke/Seller Pages/Delivery Settings/input_DELIVERY COST_Delivery_Cost (1)"), "*"): Keys '*' sent to object: 'Object Repository/ADMIN/Edit Text/Bespoke/Seller Pages/Delivery Settings/input_DELIVERY COST_Delivery_Cost (1)'

2020-03-20 15:00:35 - [MESSAGE][PASSED] - Keys '*' sent to object: 'Object Repository/ADMIN/Edit Text/Bespoke/Seller Pages/Delivery Settings/input_DELIVERY COST_Delivery_Cost (1)'

2020-03-20 15:00:35 - [TEST_STEP][PASSED] - sendKeys(findTestObject("ADMIN/Edit Text/Bespoke/Seller Pages/Delivery Settings/input_Onwards_Onwards"), "*"): Keys '*' sent to object: 'Object Repository/ADMIN/Edit Text/Bespoke/Seller Pages/Delivery Settings/input_Onwards_Onwards'

2020-03-20 15:00:35 - [MESSAGE][PASSED] - Keys '*' sent to object: 'Object Repository/ADMIN/Edit Text/Bespoke/Seller Pages/Delivery Settings/input_Onwards_Onwards'

2020-03-20 15:00:35 - [TEST_STEP][PASSED] - sendKeys(findTestObject("ADMIN/Edit Text/Bespoke/Seller Pages/Delivery Settings/input_Add Delivery Rate_Add_Delivery_Rate"), "*"): Keys '*' sent to object: 'Object Repository/ADMIN/Edit Text/Bespoke/Seller Pages/Delivery Settings/input_Add Delivery Rate_Add_Delivery_Rate'

2020-03-20 15:00:35 - [MESSAGE][PASSED] - Keys '*' sent to object: 'Object Repository/ADMIN/Edit Text/Bespoke/Seller Pages/Delivery Settings/input_Add Delivery Rate_Add_Delivery_Rate'

2020-03-20 15:00:35 - [TEST_STEP][PASSED] - sendKeys(findTestObject("ADMIN/Edit Text/Bespoke/Seller Pages/Delivery Settings/input_Delivery Rate Name (Buyers will not see this)_Delivery_Rate_Name"), "*"): Keys '*' sent to object: 'Object Repository/ADMIN/Edit Text/Bespoke/Seller Pages/Delivery Settings/input_Delivery Rate Name (Buyers will not see this)_Delivery_Rate_Name'

2020-03-20 15:00:36 - [MESSAGE][PASSED] - Keys '*' sent to object: 'Object Repository/ADMIN/Edit Text/Bespoke/Seller Pages/Delivery Settings/input_Delivery Rate Name (Buyers will not see this)_Delivery_Rate_Name'

2020-03-20 15:00:36 - [TEST_STEP][PASSED] - sendKeys(findTestObject("ADMIN/Edit Text/Bespoke/Seller Pages/Delivery Settings/input_To_To"), "*"): Keys '*' sent to object: 'Object Repository/ADMIN/Edit Text/Bespoke/Seller Pages/Delivery Settings/input_To_To'

2020-03-20 15:00:36 - [MESSAGE][PASSED] - Keys '*' sent to object: 'Object Repository/ADMIN/Edit Text/Bespoke/Seller Pages/Delivery Settings/input_To_To'

2020-03-20 15:00:36 - [TEST_STEP][PASSED] - sendKeys(findTestObject("ADMIN/Edit Text/Bespoke/Seller Pages/Delivery Settings/input_delivery cost4"), "*"): Keys '*' sent to object: 'Object Repository/ADMIN/Edit Text/Bespoke/Seller Pages/Delivery Settings/input_delivery cost4'

2020-03-20 15:00:36 - [MESSAGE][PASSED] - Keys '*' sent to object: 'Object Repository/ADMIN/Edit Text/Bespoke/Seller Pages/Delivery Settings/input_delivery cost4'

2020-03-20 15:00:36 - [TEST_STEP][PASSED] - sendKeys(findTestObject("ADMIN/Edit Text/Bespoke/Seller Pages/Delivery Settings/input_Save_Save"), "*"): Keys '*' sent to object: 'Object Repository/ADMIN/Edit Text/Bespoke/Seller Pages/Delivery Settings/input_Save_Save'

2020-03-20 15:00:36 - [MESSAGE][PASSED] - Keys '*' sent to object: 'Object Repository/ADMIN/Edit Text/Bespoke/Seller Pages/Delivery Settings/input_Save_Save'

2020-03-20 15:00:36 - [TEST_STEP][PASSED] - sendKeys(findTestObject("ADMIN/Edit Text/Bespoke/Seller Pages/Delivery Settings/input_Cancel_Cancel"), "*"): Keys '*' sent to object: 'Object Repository/ADMIN/Edit Text/Bespoke/Seller Pages/Delivery Settings/input_Cancel_Cancel'

2020-03-20 15:00:36 - [MESSAGE][PASSED] - Keys '*' sent to object: 'Object Repository/ADMIN/Edit Text/Bespoke/Seller Pages/Delivery Settings/input_Cancel_Cancel'

2020-03-20 15:00:36 - [TEST_STEP][PASSED] - click(findTestObject("ADMIN/Edit Text/Bespoke/Buyer Pages/Homepage/button_save"), CONTINUE_ON_FAILURE): Object: 'Object Repository/ADMIN/Edit Text/Bespoke/Buyer Pages/Homepage/button_save' is clicked on

2020-03-20 15:00:36 - [MESSAGE][PASSED] - Object: 'Object Repository/ADMIN/Edit Text/Bespoke/Buyer Pages/Homepage/button_save' is clicked on

2020-03-20 15:00:36 - [TEST_STEP][PASSED] - waitForElementVisible(findTestObject("ADMIN/Edit Text/Bespoke/Buyer Pages/Homepage/toaster_success"), 0): Object 'Object Repository/ADMIN/Edit Text/Bespoke/Buyer Pages/Homepage/toaster_success' is visible

2020-03-20 15:00:36 - [MESSAGE][WARNING] - Timeout '0' is invalid. Using default page load timeout: '30'

2020-03-20 15:00:37 - [MESSAGE][PASSED] - Object 'Object Repository/ADMIN/Edit Text/Bespoke/Buyer Pages/Homepage/toaster_success' is visible]]></system-out>
         <system-err><![CDATA[]]></system-err>
      </testcase>
      <system-out><![CDATA[2020-03-20 14:44:40 - [TEST_SUITE][PASSED] - Bespoke Seller Pages: Test Cases/ADMIN/Language/Edit Text/Bespoke/Seller/Delivery Settings]]></system-out>
      <system-err><![CDATA[]]></system-err>
   </testsuite>
</testsuites>
