<?xml version="1.0" encoding="UTF-8"?>
<testsuites name="Admin Add Custom Fields" time="105" tests="15" failures="3" errors="0">
   <testsuite name="Admin Add Custom Fields" tests="15" failures="3" errors="0" time="105" timestamp="2019-06-18 12:30:37" hostname="Arcadier - Arcadier-PC" id="Test Suites/Admin/Admin Add Custom Fields">
      <properties>
         <property name="deviceName" value=""/>
         <property name="devicePlatform" value=""/>
         <property name="logFolder" value="C:\\Users\\Arcadier\\git\\Arctick\\Reports\\Admin\\Admin Add Custom Fields\\20190618_123036"/>
         <property name="logFiles" value="C:\\Users\\Arcadier\\git\\Arctick\\Reports\\Admin\\Admin Add Custom Fields\\20190618_123036\\execution0.log"/>
         <property name="attachments" value="C:\\Users\\Arcadier\\git\\Arctick\\Reports\\Admin\\Admin Add Custom Fields\\20190618_123036\\1560832239348.png, C:\\Users\\Arcadier\\git\\Arctick\\Reports\\Admin\\Admin Add Custom Fields\\20190618_123036\\1560832278521.png, C:\\Users\\Arcadier\\git\\Arctick\\Reports\\Admin\\Admin Add Custom Fields\\20190618_123036\\1560832314404.png"/>
         <property name="hostName" value="Arcadier - Arcadier-PC"/>
         <property name="os" value="Windows 7 64bit"/>
         <property name="katalonVersion" value="5.4.2.1"/>
         <property name="browser" value="Chrome 74.0.3729.169"/>
         <property name="hostAddress" value="10.10.31.95"/>
         <property name="sessionId" value="28642ad90c2aea5e6a8cd37926d1100c"/>
         <property name="seleniumVersion" value="3.7.1"/>
         <property name="proxyInformation" value="ProxyInformation{proxyOption=NO_PROXY, proxyServerType=HTTP, password=, proxyServerAddress=, proxyServerPort=0}"/>
         <property name="platform" value="Windows 7"/>
      </properties>
      <testcase name="Test Cases/Utilities/ADMIN/Admin Login" classname="Test Cases/Utilities/ADMIN/Admin Login" status="FAILED">
         <failure type="FAILED" message="Unable to maximize current window (Root cause: org.openqa.selenium.WebDriverException: unknown error: failed to change window state to normal, current state is maximized
  (Session info: chrome=74.0.3729.169)
  (Driver info: chromedriver=2.35.528161 (5b82f2d2aae0ca24b877009200ced9065a772e73),platform=Windows NT 6.1.7601 SP1 x86_64) (WARNING: The server did not provide any stacktrace information)
Command duration or timeout: 0 milliseconds
Build info: version: '3.7.1', revision: '8a0099a', time: '2017-11-06T21:07:36.161Z'
System info: host: 'ARCADIER-PC', ip: '10.10.31.95', os.name: 'Windows 7', os.arch: 'amd64', os.version: '6.1', java.version: '1.8.0_102'
Driver info: com.kms.katalon.core.webui.driver.ExistingRemoteWebDriver
Capabilities {javascriptEnabled: true, platform: ANY, platformName: ANY}
Session ID: 28642ad90c2aea5e6a8cd37926d1100c)"/>
         <system-out><![CDATA[2019-06-18 12:30:37 - [TEST_CASE][FAILED] - Test Cases/Utilities/ADMIN/Admin Login: Test Cases/Utilities/ADMIN/Admin Login FAILED because (of) Unable to maximize current window (Root cause: org.openqa.selenium.WebDriverException: unknown error: failed to change window state to normal, current state is maximized
  (Session info: chrome=74.0.3729.169)
  (Driver info: chromedriver=2.35.528161 (5b82f2d2aae0ca24b877009200ced9065a772e73),platform=Windows NT 6.1.7601 SP1 x86_64) (WARNING: The server did not provide any stacktrace information)
Command duration or timeout: 0 milliseconds
Build info: version: '3.7.1', revision: '8a0099a', time: '2017-11-06T21:07:36.161Z'
System info: host: 'ARCADIER-PC', ip: '10.10.31.95', os.name: 'Windows 7', os.arch: 'amd64', os.version: '6.1', java.version: '1.8.0_102'
Driver info: com.kms.katalon.core.webui.driver.ExistingRemoteWebDriver
Capabilities {javascriptEnabled: true, platform: ANY, platformName: ANY}
Session ID: 28642ad90c2aea5e6a8cd37926d1100c)

2019-06-18 12:30:38 - [TEST_STEP][PASSED] - openBrowser: Browser is opened with url: ''

2019-06-18 12:30:39 - [MESSAGE][PASSED] - Browser is opened with url: ''

2019-06-18 12:30:39 - [TEST_STEP][FAILED] - maximizeWindow: Unable to maximize current window (Root cause: org.openqa.selenium.WebDriverException: unknown error: failed to change window state to normal, current state is maximized
  (Session info: chrome=74.0.3729.169)
  (Driver info: chromedriver=2.35.528161 (5b82f2d2aae0ca24b877009200ced9065a772e73),platform=Windows NT 6.1.7601 SP1 x86_64) (WARNING: The server did not provide any stacktrace information)
Command duration or timeout: 0 milliseconds
Build info: version: '3.7.1', revision: '8a0099a', time: '2017-11-06T21:07:36.161Z'
System info: host: 'ARCADIER-PC', ip: '10.10.31.95', os.name: 'Windows 7', os.arch: 'amd64', os.version: '6.1', java.version: '1.8.0_102'
Driver info: com.kms.katalon.core.webui.driver.ExistingRemoteWebDriver
Capabilities {javascriptEnabled: true, platform: ANY, platformName: ANY}
Session ID: 28642ad90c2aea5e6a8cd37926d1100c)

2019-06-18 12:30:40 - [MESSAGE][FAILED] - Unable to maximize current window (Root cause: org.openqa.selenium.WebDriverException: unknown error: failed to change window state to normal, current state is maximized
  (Session info: chrome=74.0.3729.169)
  (Driver info: chromedriver=2.35.528161 (5b82f2d2aae0ca24b877009200ced9065a772e73),platform=Windows NT 6.1.7601 SP1 x86_64) (WARNING: The server did not provide any stacktrace information)
Command duration or timeout: 0 milliseconds
Build info: version: '3.7.1', revision: '8a0099a', time: '2017-11-06T21:07:36.161Z'
System info: host: 'ARCADIER-PC', ip: '10.10.31.95', os.name: 'Windows 7', os.arch: 'amd64', os.version: '6.1', java.version: '1.8.0_102'
Driver info: com.kms.katalon.core.webui.driver.ExistingRemoteWebDriver
Capabilities {javascriptEnabled: true, platform: ANY, platformName: ANY}
Session ID: 28642ad90c2aea5e6a8cd37926d1100c)
[[ATTACHMENT|C:\\Users\\Arcadier\\git\\Arctick\\Reports\\Admin\\Admin Add Custom Fields\\20190618_123036\\1560832239348.png]]

2019-06-18 12:30:40 - [TEST_STEP][PASSED] - navigateToUrl: Navigate to 'http://0613SR.test.arcadier.io/admin' successfully

2019-06-18 12:30:40 - [MESSAGE][PASSED] - Navigate to 'http://0613SR.test.arcadier.io/admin' successfully

2019-06-18 12:30:40 - [TEST_STEP][PASSED] - Statement - If (AdminAccountType == "custom"): Object: 'Object Repository/ADMIN/Admin Login/Admin Login/btn_signin' is clicked on

2019-06-18 12:30:40 - [TEST_STEP][PASSED] - waitForElementVisible: Object 'Object Repository/ADMIN/Admin Login/Admin Login/txtbox_username' is visible

2019-06-18 12:30:41 - [MESSAGE][WARNING] - Timeout '0' is invalid. Using default page load timeout: '30'

2019-06-18 12:30:41 - [MESSAGE][PASSED] - Object 'Object Repository/ADMIN/Admin Login/Admin Login/txtbox_username' is visible

2019-06-18 12:30:41 - [TEST_STEP][PASSED] - setText: Text '0613SR' is set on object 'Object Repository/ADMIN/Admin Login/Admin Login/txtbox_username'

2019-06-18 12:30:41 - [MESSAGE][PASSED] - Text '0613SR' is set on object 'Object Repository/ADMIN/Admin Login/Admin Login/txtbox_username'

2019-06-18 12:30:41 - [TEST_STEP][PASSED] - setText: Text 'welcome8' is set on object 'Object Repository/ADMIN/Admin Login/Admin Login/txtbox_password'

2019-06-18 12:30:41 - [MESSAGE][PASSED] - Text 'welcome8' is set on object 'Object Repository/ADMIN/Admin Login/Admin Login/txtbox_password'

2019-06-18 12:30:41 - [TEST_STEP][PASSED] - click: Object: 'Object Repository/ADMIN/Admin Login/Admin Login/btn_signin' is clicked on

2019-06-18 12:30:43 - [MESSAGE][PASSED] - Object: 'Object Repository/ADMIN/Admin Login/Admin Login/btn_signin' is clicked on]]></system-out>
         <system-err><![CDATA[2019-06-18 12:30:37 - [TEST_CASE][FAILED] - Test Cases/Utilities/ADMIN/Admin Login: Test Cases/Utilities/ADMIN/Admin Login FAILED because (of) Unable to maximize current window (Root cause: org.openqa.selenium.WebDriverException: unknown error: failed to change window state to normal, current state is maximized
  (Session info: chrome=74.0.3729.169)
  (Driver info: chromedriver=2.35.528161 (5b82f2d2aae0ca24b877009200ced9065a772e73),platform=Windows NT 6.1.7601 SP1 x86_64) (WARNING: The server did not provide any stacktrace information)
Command duration or timeout: 0 milliseconds
Build info: version: '3.7.1', revision: '8a0099a', time: '2017-11-06T21:07:36.161Z'
System info: host: 'ARCADIER-PC', ip: '10.10.31.95', os.name: 'Windows 7', os.arch: 'amd64', os.version: '6.1', java.version: '1.8.0_102'
Driver info: com.kms.katalon.core.webui.driver.ExistingRemoteWebDriver
Capabilities {javascriptEnabled: true, platform: ANY, platformName: ANY}
Session ID: 28642ad90c2aea5e6a8cd37926d1100c)]]></system-err>
      </testcase>
      <testcase name="Test Cases/ADMIN/Custom Fields Page/Add Custom Item Fields/Add_Checkbox NM" classname="Test Cases/ADMIN/Custom Fields Page/Add Custom Item Fields/Add_Checkbox NM" status="PASSED">
         <system-out><![CDATA[2019-06-18 12:30:43 - [TEST_CASE][PASSED] - Test Cases/ADMIN/Custom Fields Page/Add Custom Item Fields/Add_Checkbox NM: Test Cases/ADMIN/Custom Fields Page/Add Custom Item Fields/Add_Checkbox NM

2019-06-18 12:30:43 - [TEST_STEP][PASSED] - waitForElementVisible: Object 'Object Repository/ADMIN/Custom Item Fields List Page/menulink_Content Mgmt.' is visible

2019-06-18 12:30:43 - [MESSAGE][WARNING] - Timeout '0' is invalid. Using default page load timeout: '30'

2019-06-18 12:30:44 - [MESSAGE][PASSED] - Object 'Object Repository/ADMIN/Custom Item Fields List Page/menulink_Content Mgmt.' is visible

2019-06-18 12:30:44 - [TEST_STEP][PASSED] - click: Object: 'Object Repository/ADMIN/Custom Item Fields List Page/menulink_Content Mgmt.' is clicked on

2019-06-18 12:30:44 - [MESSAGE][PASSED] - Object: 'Object Repository/ADMIN/Custom Item Fields List Page/menulink_Content Mgmt.' is clicked on

2019-06-18 12:30:44 - [TEST_STEP][PASSED] - waitForElementVisible: Object 'Object Repository/ADMIN/Custom Item Fields List Page/submenulink_Custom Fields' is visible

2019-06-18 12:30:44 - [MESSAGE][WARNING] - Timeout '0' is invalid. Using default page load timeout: '30'

2019-06-18 12:30:44 - [MESSAGE][PASSED] - Object 'Object Repository/ADMIN/Custom Item Fields List Page/submenulink_Custom Fields' is visible

2019-06-18 12:30:44 - [TEST_STEP][PASSED] - click: Object: 'Object Repository/ADMIN/Custom Item Fields List Page/submenulink_Custom Fields' is clicked on

2019-06-18 12:30:46 - [MESSAGE][PASSED] - Object: 'Object Repository/ADMIN/Custom Item Fields List Page/submenulink_Custom Fields' is clicked on

2019-06-18 12:30:46 - [TEST_STEP][PASSED] - waitForElementVisible: Object 'Object Repository/ADMIN/Custom Item Fields List Page/button_Add Field' is visible

2019-06-18 12:30:46 - [MESSAGE][WARNING] - Timeout '0' is invalid. Using default page load timeout: '30'

2019-06-18 12:30:46 - [MESSAGE][PASSED] - Object 'Object Repository/ADMIN/Custom Item Fields List Page/button_Add Field' is visible

2019-06-18 12:30:46 - [TEST_STEP][PASSED] - click: Object: 'Object Repository/ADMIN/Custom Item Fields List Page/button_Add Field' is clicked on

2019-06-18 12:30:46 - [MESSAGE][PASSED] - Object: 'Object Repository/ADMIN/Custom Item Fields List Page/button_Add Field' is clicked on

2019-06-18 12:30:46 - [TEST_STEP][PASSED] - waitForElementVisible: Object 'Object Repository/ADMIN/Custom Item Fields Page/a_Default/dropdown_fieldtype' is visible

2019-06-18 12:30:46 - [MESSAGE][WARNING] - Timeout '0' is invalid. Using default page load timeout: '30'

2019-06-18 12:30:46 - [MESSAGE][PASSED] - Object 'Object Repository/ADMIN/Custom Item Fields Page/a_Default/dropdown_fieldtype' is visible

2019-06-18 12:30:46 - [TEST_STEP][PASSED] - selectOptionByLabel: All options with label 'Checkbox' are selected in object 'Object Repository/ADMIN/Custom Item Fields Page/a_Default/dropdown_fieldtype' 

2019-06-18 12:30:47 - [MESSAGE][PASSED] - All options with label 'Checkbox' are selected in object 'Object Repository/ADMIN/Custom Item Fields Page/a_Default/dropdown_fieldtype' 

2019-06-18 12:30:47 - [TEST_STEP][PASSED] - setText: Text 'Checkbox Non-Mandatory' is set on object 'Object Repository/ADMIN/Custom Item Fields Page/a_Default/textfield_fieldname'

2019-06-18 12:30:47 - [MESSAGE][PASSED] - Text 'Checkbox Non-Mandatory' is set on object 'Object Repository/ADMIN/Custom Item Fields Page/a_Default/textfield_fieldname'

2019-06-18 12:30:47 - [TEST_STEP][PASSED] - click: Object: 'Object Repository/ADMIN/Custom Item Fields Page/a_Default/togglebutton_mandatory' is clicked on

2019-06-18 12:30:47 - [MESSAGE][PASSED] - Object: 'Object Repository/ADMIN/Custom Item Fields Page/a_Default/togglebutton_mandatory' is clicked on

2019-06-18 12:30:47 - [TEST_STEP][PASSED] - waitForElementVisible: Object 'Object Repository/ADMIN/Custom Item Fields Page/a_Checkbox/textfield_option1' is visible

2019-06-18 12:30:47 - [MESSAGE][WARNING] - Timeout '0' is invalid. Using default page load timeout: '30'

2019-06-18 12:30:47 - [MESSAGE][PASSED] - Object 'Object Repository/ADMIN/Custom Item Fields Page/a_Checkbox/textfield_option1' is visible

2019-06-18 12:30:47 - [TEST_STEP][PASSED] - click: Object: 'Object Repository/ADMIN/Custom Item Fields Page/a_Checkbox/button_addoption' is clicked on

2019-06-18 12:30:47 - [MESSAGE][PASSED] - Object: 'Object Repository/ADMIN/Custom Item Fields Page/a_Checkbox/button_addoption' is clicked on

2019-06-18 12:30:47 - [TEST_STEP][PASSED] - waitForElementVisible: Object 'Object Repository/ADMIN/Custom Item Fields Page/a_Checkbox/textfield_option3' is visible

2019-06-18 12:30:47 - [MESSAGE][WARNING] - Timeout '0' is invalid. Using default page load timeout: '30'

2019-06-18 12:30:47 - [MESSAGE][PASSED] - Object 'Object Repository/ADMIN/Custom Item Fields Page/a_Checkbox/textfield_option3' is visible

2019-06-18 12:30:47 - [TEST_STEP][PASSED] - click: Object: 'Object Repository/ADMIN/Custom Item Fields Page/a_Checkbox/button_addoption' is clicked on

2019-06-18 12:30:47 - [MESSAGE][PASSED] - Object: 'Object Repository/ADMIN/Custom Item Fields Page/a_Checkbox/button_addoption' is clicked on

2019-06-18 12:30:47 - [TEST_STEP][PASSED] - waitForElementVisible: Object 'Object Repository/ADMIN/Custom Item Fields Page/a_Checkbox/textfield_option4' is visible

2019-06-18 12:30:47 - [MESSAGE][WARNING] - Timeout '0' is invalid. Using default page load timeout: '30'

2019-06-18 12:30:47 - [MESSAGE][PASSED] - Object 'Object Repository/ADMIN/Custom Item Fields Page/a_Checkbox/textfield_option4' is visible

2019-06-18 12:30:47 - [TEST_STEP][PASSED] - click: Object: 'Object Repository/ADMIN/Custom Item Fields Page/a_Checkbox/button_addoption' is clicked on

2019-06-18 12:30:47 - [MESSAGE][PASSED] - Object: 'Object Repository/ADMIN/Custom Item Fields Page/a_Checkbox/button_addoption' is clicked on

2019-06-18 12:30:47 - [TEST_STEP][PASSED] - waitForElementVisible: Object 'Object Repository/ADMIN/Custom Item Fields Page/a_Checkbox/textfield_option5' is visible

2019-06-18 12:30:47 - [MESSAGE][WARNING] - Timeout '0' is invalid. Using default page load timeout: '30'

2019-06-18 12:30:47 - [MESSAGE][PASSED] - Object 'Object Repository/ADMIN/Custom Item Fields Page/a_Checkbox/textfield_option5' is visible

2019-06-18 12:30:47 - [TEST_STEP][PASSED] - setText: Text 'Checkbox 1' is set on object 'Object Repository/ADMIN/Custom Item Fields Page/a_Checkbox/textfield_option1'

2019-06-18 12:30:47 - [MESSAGE][PASSED] - Text 'Checkbox 1' is set on object 'Object Repository/ADMIN/Custom Item Fields Page/a_Checkbox/textfield_option1'

2019-06-18 12:30:47 - [TEST_STEP][PASSED] - setText: Text 'Checkbox 2' is set on object 'Object Repository/ADMIN/Custom Item Fields Page/a_Checkbox/textfield_option2'

2019-06-18 12:30:48 - [MESSAGE][PASSED] - Text 'Checkbox 2' is set on object 'Object Repository/ADMIN/Custom Item Fields Page/a_Checkbox/textfield_option2'

2019-06-18 12:30:48 - [TEST_STEP][PASSED] - setText: Text 'Checkbox 3' is set on object 'Object Repository/ADMIN/Custom Item Fields Page/a_Checkbox/textfield_option3'

2019-06-18 12:30:48 - [MESSAGE][PASSED] - Text 'Checkbox 3' is set on object 'Object Repository/ADMIN/Custom Item Fields Page/a_Checkbox/textfield_option3'

2019-06-18 12:30:48 - [TEST_STEP][PASSED] - setText: Text 'Checkbox 4' is set on object 'Object Repository/ADMIN/Custom Item Fields Page/a_Checkbox/textfield_option4'

2019-06-18 12:30:48 - [MESSAGE][PASSED] - Text 'Checkbox 4' is set on object 'Object Repository/ADMIN/Custom Item Fields Page/a_Checkbox/textfield_option4'

2019-06-18 12:30:48 - [TEST_STEP][PASSED] - setText: Text 'Checkbox 5' is set on object 'Object Repository/ADMIN/Custom Item Fields Page/a_Checkbox/textfield_option5'

2019-06-18 12:30:48 - [MESSAGE][PASSED] - Text 'Checkbox 5' is set on object 'Object Repository/ADMIN/Custom Item Fields Page/a_Checkbox/textfield_option5'

2019-06-18 12:30:48 - [TEST_STEP][PASSED] - click: Object: 'Object Repository/ADMIN/Custom Item Fields Page/a_Default/button_SelectCategories' is clicked on

2019-06-18 12:30:48 - [MESSAGE][PASSED] - Object: 'Object Repository/ADMIN/Custom Item Fields Page/a_Default/button_SelectCategories' is clicked on

2019-06-18 12:30:48 - [TEST_STEP][PASSED] - waitForElementVisible: Object 'Object Repository/ADMIN/Custom Item Fields List Page/a_SelectCategories/searchbox_Category' is visible

2019-06-18 12:30:48 - [MESSAGE][WARNING] - Timeout '0' is invalid. Using default page load timeout: '30'

2019-06-18 12:30:48 - [MESSAGE][PASSED] - Object 'Object Repository/ADMIN/Custom Item Fields List Page/a_SelectCategories/searchbox_Category' is visible

2019-06-18 12:30:48 - [TEST_STEP][PASSED] - setText: Text 'Category 1' is set on object 'Object Repository/ADMIN/Custom Item Fields List Page/a_SelectCategories/searchbox_Category'

2019-06-18 12:30:49 - [MESSAGE][PASSED] - Text 'Category 1' is set on object 'Object Repository/ADMIN/Custom Item Fields List Page/a_SelectCategories/searchbox_Category'

2019-06-18 12:30:49 - [TEST_STEP][PASSED] - click: Object: 'Object Repository/ADMIN/Custom Item Fields List Page/a_SelectCategories/a_Categories/checkbox_1' is clicked on

2019-06-18 12:30:49 - [MESSAGE][PASSED] - Object: 'Object Repository/ADMIN/Custom Item Fields List Page/a_SelectCategories/a_Categories/checkbox_1' is clicked on

2019-06-18 12:30:49 - [TEST_STEP][PASSED] - click: Object: 'Object Repository/ADMIN/Custom Item Fields List Page/a_SelectCategories/button_Save' is clicked on

2019-06-18 12:30:49 - [MESSAGE][PASSED] - Object: 'Object Repository/ADMIN/Custom Item Fields List Page/a_SelectCategories/button_Save' is clicked on

2019-06-18 12:30:49 - [TEST_STEP][PASSED] - waitForElementVisible: Object 'Object Repository/ADMIN/Custom Item Fields Page/a_Default/button_Save2' is visible

2019-06-18 12:30:49 - [MESSAGE][WARNING] - Timeout '0' is invalid. Using default page load timeout: '30'

2019-06-18 12:30:49 - [MESSAGE][PASSED] - Object 'Object Repository/ADMIN/Custom Item Fields Page/a_Default/button_Save2' is visible

2019-06-18 12:30:49 - [TEST_STEP][PASSED] - click: Object: 'Object Repository/ADMIN/Custom Item Fields Page/a_Default/button_Save2' is clicked on

2019-06-18 12:30:50 - [MESSAGE][PASSED] - Object: 'Object Repository/ADMIN/Custom Item Fields Page/a_Default/button_Save2' is clicked on

2019-06-18 12:30:50 - [TEST_STEP][PASSED] - waitForElementVisible: Object 'Object Repository/ADMIN/Custom Item Fields List Page/button_Add Field' is visible

2019-06-18 12:30:50 - [MESSAGE][WARNING] - Timeout '0' is invalid. Using default page load timeout: '30'

2019-06-18 12:30:51 - [MESSAGE][PASSED] - Object 'Object Repository/ADMIN/Custom Item Fields List Page/button_Add Field' is visible]]></system-out>
         <system-err><![CDATA[]]></system-err>
      </testcase>
      <testcase name="Test Cases/ADMIN/Custom Fields Page/Add Custom Item Fields/Add_Checkbox" classname="Test Cases/ADMIN/Custom Fields Page/Add Custom Item Fields/Add_Checkbox" status="PASSED">
         <system-out><![CDATA[2019-06-18 12:30:51 - [TEST_CASE][PASSED] - Test Cases/ADMIN/Custom Fields Page/Add Custom Item Fields/Add_Checkbox: Test Cases/ADMIN/Custom Fields Page/Add Custom Item Fields/Add_Checkbox

2019-06-18 12:30:51 - [TEST_STEP][PASSED] - waitForElementVisible: Object 'Object Repository/ADMIN/Custom Item Fields List Page/button_Add Field' is visible

2019-06-18 12:30:51 - [MESSAGE][WARNING] - Timeout '0' is invalid. Using default page load timeout: '30'

2019-06-18 12:30:51 - [MESSAGE][PASSED] - Object 'Object Repository/ADMIN/Custom Item Fields List Page/button_Add Field' is visible

2019-06-18 12:30:51 - [TEST_STEP][PASSED] - click: Object: 'Object Repository/ADMIN/Custom Item Fields List Page/button_Add Field' is clicked on

2019-06-18 12:30:51 - [MESSAGE][PASSED] - Object: 'Object Repository/ADMIN/Custom Item Fields List Page/button_Add Field' is clicked on

2019-06-18 12:30:51 - [TEST_STEP][PASSED] - waitForElementVisible: Object 'Object Repository/ADMIN/Custom Item Fields Page/a_Default/dropdown_fieldtype' is visible

2019-06-18 12:30:51 - [MESSAGE][WARNING] - Timeout '0' is invalid. Using default page load timeout: '30'

2019-06-18 12:30:51 - [MESSAGE][PASSED] - Object 'Object Repository/ADMIN/Custom Item Fields Page/a_Default/dropdown_fieldtype' is visible

2019-06-18 12:30:51 - [TEST_STEP][PASSED] - selectOptionByLabel: All options with label 'Checkbox' are selected in object 'Object Repository/ADMIN/Custom Item Fields Page/a_Default/dropdown_fieldtype' 

2019-06-18 12:30:52 - [MESSAGE][PASSED] - All options with label 'Checkbox' are selected in object 'Object Repository/ADMIN/Custom Item Fields Page/a_Default/dropdown_fieldtype' 

2019-06-18 12:30:52 - [TEST_STEP][PASSED] - setText: Text 'Checkbox Mandatory' is set on object 'Object Repository/ADMIN/Custom Item Fields Page/a_Default/textfield_fieldname'

2019-06-18 12:30:52 - [MESSAGE][PASSED] - Text 'Checkbox Mandatory' is set on object 'Object Repository/ADMIN/Custom Item Fields Page/a_Default/textfield_fieldname'

2019-06-18 12:30:52 - [TEST_STEP][PASSED] - waitForElementVisible: Object 'Object Repository/ADMIN/Custom Item Fields Page/a_Checkbox/textfield_option1' is visible

2019-06-18 12:30:52 - [MESSAGE][WARNING] - Timeout '0' is invalid. Using default page load timeout: '30'

2019-06-18 12:30:52 - [MESSAGE][PASSED] - Object 'Object Repository/ADMIN/Custom Item Fields Page/a_Checkbox/textfield_option1' is visible

2019-06-18 12:30:52 - [TEST_STEP][PASSED] - click: Object: 'Object Repository/ADMIN/Custom Item Fields Page/a_Checkbox/button_addoption' is clicked on

2019-06-18 12:30:52 - [MESSAGE][PASSED] - Object: 'Object Repository/ADMIN/Custom Item Fields Page/a_Checkbox/button_addoption' is clicked on

2019-06-18 12:30:52 - [TEST_STEP][PASSED] - waitForElementVisible: Object 'Object Repository/ADMIN/Custom Item Fields Page/a_Checkbox/textfield_option3' is visible

2019-06-18 12:30:52 - [MESSAGE][WARNING] - Timeout '0' is invalid. Using default page load timeout: '30'

2019-06-18 12:30:52 - [MESSAGE][PASSED] - Object 'Object Repository/ADMIN/Custom Item Fields Page/a_Checkbox/textfield_option3' is visible

2019-06-18 12:30:52 - [TEST_STEP][PASSED] - click: Object: 'Object Repository/ADMIN/Custom Item Fields Page/a_Checkbox/button_addoption' is clicked on

2019-06-18 12:30:52 - [MESSAGE][PASSED] - Object: 'Object Repository/ADMIN/Custom Item Fields Page/a_Checkbox/button_addoption' is clicked on

2019-06-18 12:30:52 - [TEST_STEP][PASSED] - waitForElementVisible: Object 'Object Repository/ADMIN/Custom Item Fields Page/a_Checkbox/textfield_option4' is visible

2019-06-18 12:30:52 - [MESSAGE][WARNING] - Timeout '0' is invalid. Using default page load timeout: '30'

2019-06-18 12:30:52 - [MESSAGE][PASSED] - Object 'Object Repository/ADMIN/Custom Item Fields Page/a_Checkbox/textfield_option4' is visible

2019-06-18 12:30:52 - [TEST_STEP][PASSED] - click: Object: 'Object Repository/ADMIN/Custom Item Fields Page/a_Checkbox/button_addoption' is clicked on

2019-06-18 12:30:52 - [MESSAGE][PASSED] - Object: 'Object Repository/ADMIN/Custom Item Fields Page/a_Checkbox/button_addoption' is clicked on

2019-06-18 12:30:52 - [TEST_STEP][PASSED] - waitForElementVisible: Object 'Object Repository/ADMIN/Custom Item Fields Page/a_Checkbox/textfield_option5' is visible

2019-06-18 12:30:52 - [MESSAGE][WARNING] - Timeout '0' is invalid. Using default page load timeout: '30'

2019-06-18 12:30:52 - [MESSAGE][PASSED] - Object 'Object Repository/ADMIN/Custom Item Fields Page/a_Checkbox/textfield_option5' is visible

2019-06-18 12:30:52 - [TEST_STEP][PASSED] - setText: Text 'Checkbox 1' is set on object 'Object Repository/ADMIN/Custom Item Fields Page/a_Checkbox/textfield_option1'

2019-06-18 12:30:52 - [MESSAGE][PASSED] - Text 'Checkbox 1' is set on object 'Object Repository/ADMIN/Custom Item Fields Page/a_Checkbox/textfield_option1'

2019-06-18 12:30:52 - [TEST_STEP][PASSED] - setText: Text 'Checkbox 2' is set on object 'Object Repository/ADMIN/Custom Item Fields Page/a_Checkbox/textfield_option2'

2019-06-18 12:30:53 - [MESSAGE][PASSED] - Text 'Checkbox 2' is set on object 'Object Repository/ADMIN/Custom Item Fields Page/a_Checkbox/textfield_option2'

2019-06-18 12:30:53 - [TEST_STEP][PASSED] - setText: Text 'Checkbox 3' is set on object 'Object Repository/ADMIN/Custom Item Fields Page/a_Checkbox/textfield_option3'

2019-06-18 12:30:53 - [MESSAGE][PASSED] - Text 'Checkbox 3' is set on object 'Object Repository/ADMIN/Custom Item Fields Page/a_Checkbox/textfield_option3'

2019-06-18 12:30:53 - [TEST_STEP][PASSED] - setText: Text 'Checkbox 4' is set on object 'Object Repository/ADMIN/Custom Item Fields Page/a_Checkbox/textfield_option4'

2019-06-18 12:30:53 - [MESSAGE][PASSED] - Text 'Checkbox 4' is set on object 'Object Repository/ADMIN/Custom Item Fields Page/a_Checkbox/textfield_option4'

2019-06-18 12:30:53 - [TEST_STEP][PASSED] - setText: Text 'Checkbox 5' is set on object 'Object Repository/ADMIN/Custom Item Fields Page/a_Checkbox/textfield_option5'

2019-06-18 12:30:53 - [MESSAGE][PASSED] - Text 'Checkbox 5' is set on object 'Object Repository/ADMIN/Custom Item Fields Page/a_Checkbox/textfield_option5'

2019-06-18 12:30:53 - [TEST_STEP][PASSED] - click: Object: 'Object Repository/ADMIN/Custom Item Fields Page/a_Default/button_SelectCategories' is clicked on

2019-06-18 12:30:53 - [MESSAGE][PASSED] - Object: 'Object Repository/ADMIN/Custom Item Fields Page/a_Default/button_SelectCategories' is clicked on

2019-06-18 12:30:53 - [TEST_STEP][PASSED] - waitForElementVisible: Object 'Object Repository/ADMIN/Custom Item Fields List Page/a_SelectCategories/searchbox_Category' is visible

2019-06-18 12:30:53 - [MESSAGE][WARNING] - Timeout '0' is invalid. Using default page load timeout: '30'

2019-06-18 12:30:54 - [MESSAGE][PASSED] - Object 'Object Repository/ADMIN/Custom Item Fields List Page/a_SelectCategories/searchbox_Category' is visible

2019-06-18 12:30:54 - [TEST_STEP][PASSED] - setText: Text 'Category 2' is set on object 'Object Repository/ADMIN/Custom Item Fields List Page/a_SelectCategories/searchbox_Category'

2019-06-18 12:30:54 - [MESSAGE][PASSED] - Text 'Category 2' is set on object 'Object Repository/ADMIN/Custom Item Fields List Page/a_SelectCategories/searchbox_Category'

2019-06-18 12:30:54 - [TEST_STEP][PASSED] - click: Object: 'Object Repository/ADMIN/Custom Item Fields List Page/a_SelectCategories/a_Categories/checkbox_2' is clicked on

2019-06-18 12:30:54 - [MESSAGE][PASSED] - Object: 'Object Repository/ADMIN/Custom Item Fields List Page/a_SelectCategories/a_Categories/checkbox_2' is clicked on

2019-06-18 12:30:54 - [TEST_STEP][PASSED] - click: Object: 'Object Repository/ADMIN/Custom Item Fields List Page/a_SelectCategories/button_Save' is clicked on

2019-06-18 12:30:54 - [MESSAGE][PASSED] - Object: 'Object Repository/ADMIN/Custom Item Fields List Page/a_SelectCategories/button_Save' is clicked on

2019-06-18 12:30:54 - [TEST_STEP][PASSED] - waitForElementVisible: Object 'Object Repository/ADMIN/Custom Item Fields Page/a_Default/button_Save2' is visible

2019-06-18 12:30:54 - [MESSAGE][WARNING] - Timeout '0' is invalid. Using default page load timeout: '30'

2019-06-18 12:30:55 - [MESSAGE][PASSED] - Object 'Object Repository/ADMIN/Custom Item Fields Page/a_Default/button_Save2' is visible

2019-06-18 12:30:55 - [TEST_STEP][PASSED] - click: Object: 'Object Repository/ADMIN/Custom Item Fields Page/a_Default/button_Save2' is clicked on

2019-06-18 12:30:55 - [MESSAGE][PASSED] - Object: 'Object Repository/ADMIN/Custom Item Fields Page/a_Default/button_Save2' is clicked on

2019-06-18 12:30:55 - [TEST_STEP][PASSED] - waitForElementVisible: Object 'Object Repository/ADMIN/Custom Item Fields List Page/button_Add Field' is visible

2019-06-18 12:30:55 - [MESSAGE][WARNING] - Timeout '0' is invalid. Using default page load timeout: '30'

2019-06-18 12:30:56 - [MESSAGE][PASSED] - Object 'Object Repository/ADMIN/Custom Item Fields List Page/button_Add Field' is visible]]></system-out>
         <system-err><![CDATA[]]></system-err>
      </testcase>
      <testcase name="Test Cases/ADMIN/Custom Fields Page/Add Custom Item Fields/Add_DateTime" classname="Test Cases/ADMIN/Custom Fields Page/Add Custom Item Fields/Add_DateTime" status="PASSED">
         <system-out><![CDATA[2019-06-18 12:30:56 - [TEST_CASE][PASSED] - Test Cases/ADMIN/Custom Fields Page/Add Custom Item Fields/Add_DateTime: Test Cases/ADMIN/Custom Fields Page/Add Custom Item Fields/Add_DateTime

2019-06-18 12:30:56 - [TEST_STEP][PASSED] - waitForElementVisible: Object 'Object Repository/ADMIN/Custom Item Fields List Page/button_Add Field' is visible

2019-06-18 12:30:56 - [MESSAGE][WARNING] - Timeout '0' is invalid. Using default page load timeout: '30'

2019-06-18 12:30:56 - [MESSAGE][PASSED] - Object 'Object Repository/ADMIN/Custom Item Fields List Page/button_Add Field' is visible

2019-06-18 12:30:56 - [TEST_STEP][PASSED] - click: Object: 'Object Repository/ADMIN/Custom Item Fields List Page/button_Add Field' is clicked on

2019-06-18 12:30:57 - [MESSAGE][PASSED] - Object: 'Object Repository/ADMIN/Custom Item Fields List Page/button_Add Field' is clicked on

2019-06-18 12:30:57 - [TEST_STEP][PASSED] - waitForElementVisible: Object 'Object Repository/ADMIN/Custom Item Fields Page/a_Default/dropdown_fieldtype' is visible

2019-06-18 12:30:57 - [MESSAGE][WARNING] - Timeout '0' is invalid. Using default page load timeout: '30'

2019-06-18 12:30:57 - [MESSAGE][PASSED] - Object 'Object Repository/ADMIN/Custom Item Fields Page/a_Default/dropdown_fieldtype' is visible

2019-06-18 12:30:57 - [TEST_STEP][PASSED] - selectOptionByLabel: All options with label 'Date / Time picker' are selected in object 'Object Repository/ADMIN/Custom Item Fields Page/a_Default/dropdown_fieldtype' 

2019-06-18 12:30:57 - [MESSAGE][PASSED] - All options with label 'Date / Time picker' are selected in object 'Object Repository/ADMIN/Custom Item Fields Page/a_Default/dropdown_fieldtype' 

2019-06-18 12:30:57 - [TEST_STEP][PASSED] - waitForElementVisible: Object 'Object Repository/ADMIN/Custom Item Fields Page/a_DateTimePicker/togglebutton_timeneeded' is visible

2019-06-18 12:30:57 - [MESSAGE][WARNING] - Timeout '0' is invalid. Using default page load timeout: '30'

2019-06-18 12:30:57 - [MESSAGE][PASSED] - Object 'Object Repository/ADMIN/Custom Item Fields Page/a_DateTimePicker/togglebutton_timeneeded' is visible

2019-06-18 12:30:57 - [TEST_STEP][PASSED] - setText: Text 'Date / Time Mandatory' is set on object 'Object Repository/ADMIN/Custom Item Fields Page/a_Default/textfield_fieldname'

2019-06-18 12:30:57 - [MESSAGE][PASSED] - Text 'Date / Time Mandatory' is set on object 'Object Repository/ADMIN/Custom Item Fields Page/a_Default/textfield_fieldname'

2019-06-18 12:30:57 - [TEST_STEP][PASSED] - click: Object: 'Object Repository/ADMIN/Custom Item Fields Page/a_Default/button_SelectCategories' is clicked on

2019-06-18 12:30:57 - [MESSAGE][PASSED] - Object: 'Object Repository/ADMIN/Custom Item Fields Page/a_Default/button_SelectCategories' is clicked on

2019-06-18 12:30:57 - [TEST_STEP][PASSED] - waitForElementVisible: Object 'Object Repository/ADMIN/Custom Item Fields List Page/a_SelectCategories/searchbox_Category' is visible

2019-06-18 12:30:57 - [MESSAGE][WARNING] - Timeout '0' is invalid. Using default page load timeout: '30'

2019-06-18 12:30:58 - [MESSAGE][PASSED] - Object 'Object Repository/ADMIN/Custom Item Fields List Page/a_SelectCategories/searchbox_Category' is visible

2019-06-18 12:30:58 - [TEST_STEP][PASSED] - setText: Text 'Category 1' is set on object 'Object Repository/ADMIN/Custom Item Fields List Page/a_SelectCategories/searchbox_Category'

2019-06-18 12:30:58 - [MESSAGE][PASSED] - Text 'Category 1' is set on object 'Object Repository/ADMIN/Custom Item Fields List Page/a_SelectCategories/searchbox_Category'

2019-06-18 12:30:58 - [TEST_STEP][PASSED] - click: Object: 'Object Repository/ADMIN/Custom Item Fields List Page/a_SelectCategories/a_Categories/checkbox_1' is clicked on

2019-06-18 12:30:58 - [MESSAGE][PASSED] - Object: 'Object Repository/ADMIN/Custom Item Fields List Page/a_SelectCategories/a_Categories/checkbox_1' is clicked on

2019-06-18 12:30:58 - [TEST_STEP][PASSED] - setText: Text 'Category 2' is set on object 'Object Repository/ADMIN/Custom Item Fields List Page/a_SelectCategories/searchbox_Category'

2019-06-18 12:30:58 - [MESSAGE][PASSED] - Text 'Category 2' is set on object 'Object Repository/ADMIN/Custom Item Fields List Page/a_SelectCategories/searchbox_Category'

2019-06-18 12:30:58 - [TEST_STEP][PASSED] - click: Object: 'Object Repository/ADMIN/Custom Item Fields List Page/a_SelectCategories/a_Categories/checkbox_2' is clicked on

2019-06-18 12:30:58 - [MESSAGE][PASSED] - Object: 'Object Repository/ADMIN/Custom Item Fields List Page/a_SelectCategories/a_Categories/checkbox_2' is clicked on

2019-06-18 12:30:58 - [TEST_STEP][PASSED] - setText: Text 'Category 3' is set on object 'Object Repository/ADMIN/Custom Item Fields List Page/a_SelectCategories/searchbox_Category'

2019-06-18 12:30:59 - [MESSAGE][PASSED] - Text 'Category 3' is set on object 'Object Repository/ADMIN/Custom Item Fields List Page/a_SelectCategories/searchbox_Category'

2019-06-18 12:30:59 - [TEST_STEP][PASSED] - click: Object: 'Object Repository/ADMIN/Custom Item Fields List Page/a_SelectCategories/a_Categories/checkbox_3' is clicked on

2019-06-18 12:30:59 - [MESSAGE][PASSED] - Object: 'Object Repository/ADMIN/Custom Item Fields List Page/a_SelectCategories/a_Categories/checkbox_3' is clicked on

2019-06-18 12:30:59 - [TEST_STEP][PASSED] - click: Object: 'Object Repository/ADMIN/Custom Item Fields List Page/a_SelectCategories/button_Save' is clicked on

2019-06-18 12:30:59 - [MESSAGE][PASSED] - Object: 'Object Repository/ADMIN/Custom Item Fields List Page/a_SelectCategories/button_Save' is clicked on

2019-06-18 12:30:59 - [TEST_STEP][PASSED] - waitForElementVisible: Object 'Object Repository/ADMIN/Custom Item Fields Page/a_Default/button_Save2' is visible

2019-06-18 12:30:59 - [MESSAGE][WARNING] - Timeout '0' is invalid. Using default page load timeout: '30'

2019-06-18 12:30:59 - [MESSAGE][PASSED] - Object 'Object Repository/ADMIN/Custom Item Fields Page/a_Default/button_Save2' is visible

2019-06-18 12:30:59 - [TEST_STEP][PASSED] - click: Object: 'Object Repository/ADMIN/Custom Item Fields Page/a_Default/button_Save2' is clicked on

2019-06-18 12:30:59 - [MESSAGE][PASSED] - Object: 'Object Repository/ADMIN/Custom Item Fields Page/a_Default/button_Save2' is clicked on

2019-06-18 12:30:59 - [TEST_STEP][PASSED] - waitForElementVisible: Object 'Object Repository/ADMIN/Custom Item Fields List Page/button_Add Field' is visible

2019-06-18 12:30:59 - [MESSAGE][WARNING] - Timeout '0' is invalid. Using default page load timeout: '30'

2019-06-18 12:31:01 - [MESSAGE][PASSED] - Object 'Object Repository/ADMIN/Custom Item Fields List Page/button_Add Field' is visible]]></system-out>
         <system-err><![CDATA[]]></system-err>
      </testcase>
      <testcase name="Test Cases/ADMIN/Custom Fields Page/Add Custom Item Fields/Add_Dropdown NM" classname="Test Cases/ADMIN/Custom Fields Page/Add Custom Item Fields/Add_Dropdown NM" status="PASSED">
         <system-out><![CDATA[2019-06-18 12:31:01 - [TEST_CASE][PASSED] - Test Cases/ADMIN/Custom Fields Page/Add Custom Item Fields/Add_Dropdown NM: Test Cases/ADMIN/Custom Fields Page/Add Custom Item Fields/Add_Dropdown NM

2019-06-18 12:31:01 - [TEST_STEP][PASSED] - waitForElementVisible: Object 'Object Repository/ADMIN/Custom Item Fields List Page/button_Add Field' is visible

2019-06-18 12:31:01 - [MESSAGE][WARNING] - Timeout '0' is invalid. Using default page load timeout: '30'

2019-06-18 12:31:01 - [MESSAGE][PASSED] - Object 'Object Repository/ADMIN/Custom Item Fields List Page/button_Add Field' is visible

2019-06-18 12:31:01 - [TEST_STEP][PASSED] - click: Object: 'Object Repository/ADMIN/Custom Item Fields List Page/button_Add Field' is clicked on

2019-06-18 12:31:01 - [MESSAGE][PASSED] - Object: 'Object Repository/ADMIN/Custom Item Fields List Page/button_Add Field' is clicked on

2019-06-18 12:31:01 - [TEST_STEP][PASSED] - waitForElementVisible: Object 'Object Repository/ADMIN/Custom Item Fields Page/a_Default/dropdown_fieldtype' is visible

2019-06-18 12:31:01 - [MESSAGE][WARNING] - Timeout '0' is invalid. Using default page load timeout: '30'

2019-06-18 12:31:01 - [MESSAGE][PASSED] - Object 'Object Repository/ADMIN/Custom Item Fields Page/a_Default/dropdown_fieldtype' is visible

2019-06-18 12:31:01 - [TEST_STEP][PASSED] - selectOptionByLabel: All options with label 'Drop Down' are selected in object 'Object Repository/ADMIN/Custom Item Fields Page/a_Default/dropdown_fieldtype' 

2019-06-18 12:31:02 - [MESSAGE][PASSED] - All options with label 'Drop Down' are selected in object 'Object Repository/ADMIN/Custom Item Fields Page/a_Default/dropdown_fieldtype' 

2019-06-18 12:31:02 - [TEST_STEP][PASSED] - setText: Text 'Dropdown Non-Mandatory' is set on object 'Object Repository/ADMIN/Custom Item Fields Page/a_Default/textfield_fieldname'

2019-06-18 12:31:02 - [MESSAGE][PASSED] - Text 'Dropdown Non-Mandatory' is set on object 'Object Repository/ADMIN/Custom Item Fields Page/a_Default/textfield_fieldname'

2019-06-18 12:31:02 - [TEST_STEP][PASSED] - click: Object: 'Object Repository/ADMIN/Custom Item Fields Page/a_Default/togglebutton_mandatory' is clicked on

2019-06-18 12:31:02 - [MESSAGE][PASSED] - Object: 'Object Repository/ADMIN/Custom Item Fields Page/a_Default/togglebutton_mandatory' is clicked on

2019-06-18 12:31:02 - [TEST_STEP][PASSED] - waitForElementVisible: Object 'Object Repository/ADMIN/Custom Item Fields Page/a_Dropdown/textfield_dropdownOpt1' is visible

2019-06-18 12:31:02 - [MESSAGE][WARNING] - Timeout '0' is invalid. Using default page load timeout: '30'

2019-06-18 12:31:02 - [MESSAGE][PASSED] - Object 'Object Repository/ADMIN/Custom Item Fields Page/a_Dropdown/textfield_dropdownOpt1' is visible

2019-06-18 12:31:02 - [TEST_STEP][PASSED] - delay: Delayed 0 second(s)

2019-06-18 12:31:02 - [MESSAGE][PASSED] - Delayed 0 second(s)

2019-06-18 12:31:02 - [TEST_STEP][PASSED] - scrollToElement: Scroll to object 'Object Repository/ADMIN/Custom Item Fields Page/a_Dropdown/button_addOpt' successfully

2019-06-18 12:31:02 - [MESSAGE][WARNING] - Timeout '0' is invalid. Using default page load timeout: '30'

2019-06-18 12:31:02 - [MESSAGE][PASSED] - Scroll to object 'Object Repository/ADMIN/Custom Item Fields Page/a_Dropdown/button_addOpt' successfully

2019-06-18 12:31:02 - [TEST_STEP][PASSED] - click: Object: 'Object Repository/ADMIN/Custom Item Fields Page/a_Dropdown/button_addOpt' is clicked on

2019-06-18 12:31:02 - [MESSAGE][PASSED] - Object: 'Object Repository/ADMIN/Custom Item Fields Page/a_Dropdown/button_addOpt' is clicked on

2019-06-18 12:31:02 - [TEST_STEP][PASSED] - waitForElementVisible: Object 'Object Repository/ADMIN/Custom Item Fields Page/a_Dropdown/textfield_dropdownOpt3' is visible

2019-06-18 12:31:02 - [MESSAGE][WARNING] - Timeout '0' is invalid. Using default page load timeout: '30'

2019-06-18 12:31:02 - [MESSAGE][PASSED] - Object 'Object Repository/ADMIN/Custom Item Fields Page/a_Dropdown/textfield_dropdownOpt3' is visible

2019-06-18 12:31:02 - [TEST_STEP][PASSED] - click: Object: 'Object Repository/ADMIN/Custom Item Fields Page/a_Dropdown/button_addOpt' is clicked on

2019-06-18 12:31:02 - [MESSAGE][PASSED] - Object: 'Object Repository/ADMIN/Custom Item Fields Page/a_Dropdown/button_addOpt' is clicked on

2019-06-18 12:31:02 - [TEST_STEP][PASSED] - waitForElementVisible: Object 'Object Repository/ADMIN/Custom Item Fields Page/a_Dropdown/textfield_dropdownOpt4' is visible

2019-06-18 12:31:02 - [MESSAGE][WARNING] - Timeout '0' is invalid. Using default page load timeout: '30'

2019-06-18 12:31:02 - [MESSAGE][PASSED] - Object 'Object Repository/ADMIN/Custom Item Fields Page/a_Dropdown/textfield_dropdownOpt4' is visible

2019-06-18 12:31:02 - [TEST_STEP][PASSED] - click: Object: 'Object Repository/ADMIN/Custom Item Fields Page/a_Dropdown/button_addOpt' is clicked on

2019-06-18 12:31:02 - [MESSAGE][PASSED] - Object: 'Object Repository/ADMIN/Custom Item Fields Page/a_Dropdown/button_addOpt' is clicked on

2019-06-18 12:31:02 - [TEST_STEP][PASSED] - waitForElementVisible: Object 'Object Repository/ADMIN/Custom Item Fields Page/a_Dropdown/textfield_dropdownOpt5' is visible

2019-06-18 12:31:02 - [MESSAGE][WARNING] - Timeout '0' is invalid. Using default page load timeout: '30'

2019-06-18 12:31:02 - [MESSAGE][PASSED] - Object 'Object Repository/ADMIN/Custom Item Fields Page/a_Dropdown/textfield_dropdownOpt5' is visible

2019-06-18 12:31:02 - [TEST_STEP][PASSED] - setText: Text 'Select 1' is set on object 'Object Repository/ADMIN/Custom Item Fields Page/a_Dropdown/textfield_dropdownOpt1'

2019-06-18 12:31:03 - [MESSAGE][PASSED] - Text 'Select 1' is set on object 'Object Repository/ADMIN/Custom Item Fields Page/a_Dropdown/textfield_dropdownOpt1'

2019-06-18 12:31:03 - [TEST_STEP][PASSED] - setText: Text 'Select 2' is set on object 'Object Repository/ADMIN/Custom Item Fields Page/a_Dropdown/textfield_dropdownOpt2'

2019-06-18 12:31:03 - [MESSAGE][PASSED] - Text 'Select 2' is set on object 'Object Repository/ADMIN/Custom Item Fields Page/a_Dropdown/textfield_dropdownOpt2'

2019-06-18 12:31:03 - [TEST_STEP][PASSED] - setText: Text 'Select 3' is set on object 'Object Repository/ADMIN/Custom Item Fields Page/a_Dropdown/textfield_dropdownOpt3'

2019-06-18 12:31:03 - [MESSAGE][PASSED] - Text 'Select 3' is set on object 'Object Repository/ADMIN/Custom Item Fields Page/a_Dropdown/textfield_dropdownOpt3'

2019-06-18 12:31:03 - [TEST_STEP][PASSED] - setText: Text 'Select 4' is set on object 'Object Repository/ADMIN/Custom Item Fields Page/a_Dropdown/textfield_dropdownOpt4'

2019-06-18 12:31:03 - [MESSAGE][PASSED] - Text 'Select 4' is set on object 'Object Repository/ADMIN/Custom Item Fields Page/a_Dropdown/textfield_dropdownOpt4'

2019-06-18 12:31:03 - [TEST_STEP][PASSED] - setText: Text 'Select 5' is set on object 'Object Repository/ADMIN/Custom Item Fields Page/a_Dropdown/textfield_dropdownOpt5'

2019-06-18 12:31:03 - [MESSAGE][PASSED] - Text 'Select 5' is set on object 'Object Repository/ADMIN/Custom Item Fields Page/a_Dropdown/textfield_dropdownOpt5'

2019-06-18 12:31:03 - [TEST_STEP][PASSED] - click: Object: 'Object Repository/ADMIN/Custom Item Fields Page/a_Default/button_SelectCategories' is clicked on

2019-06-18 12:31:03 - [MESSAGE][PASSED] - Object: 'Object Repository/ADMIN/Custom Item Fields Page/a_Default/button_SelectCategories' is clicked on

2019-06-18 12:31:03 - [TEST_STEP][PASSED] - waitForElementVisible: Object 'Object Repository/ADMIN/Custom Item Fields List Page/a_SelectCategories/searchbox_Category' is visible

2019-06-18 12:31:03 - [MESSAGE][WARNING] - Timeout '0' is invalid. Using default page load timeout: '30'

2019-06-18 12:31:04 - [MESSAGE][PASSED] - Object 'Object Repository/ADMIN/Custom Item Fields List Page/a_SelectCategories/searchbox_Category' is visible

2019-06-18 12:31:04 - [TEST_STEP][PASSED] - setText: Text 'Category 1' is set on object 'Object Repository/ADMIN/Custom Item Fields List Page/a_SelectCategories/searchbox_Category'

2019-06-18 12:31:04 - [MESSAGE][PASSED] - Text 'Category 1' is set on object 'Object Repository/ADMIN/Custom Item Fields List Page/a_SelectCategories/searchbox_Category'

2019-06-18 12:31:04 - [TEST_STEP][PASSED] - click: Object: 'Object Repository/ADMIN/Custom Item Fields List Page/a_SelectCategories/a_Categories/checkbox_1' is clicked on

2019-06-18 12:31:04 - [MESSAGE][PASSED] - Object: 'Object Repository/ADMIN/Custom Item Fields List Page/a_SelectCategories/a_Categories/checkbox_1' is clicked on

2019-06-18 12:31:04 - [TEST_STEP][PASSED] - click: Object: 'Object Repository/ADMIN/Custom Item Fields List Page/a_SelectCategories/button_Save' is clicked on

2019-06-18 12:31:04 - [MESSAGE][PASSED] - Object: 'Object Repository/ADMIN/Custom Item Fields List Page/a_SelectCategories/button_Save' is clicked on

2019-06-18 12:31:04 - [TEST_STEP][PASSED] - waitForElementVisible: Object 'Object Repository/ADMIN/Custom Item Fields Page/a_Default/button_Save2' is visible

2019-06-18 12:31:04 - [MESSAGE][WARNING] - Timeout '0' is invalid. Using default page load timeout: '30'

2019-06-18 12:31:05 - [MESSAGE][PASSED] - Object 'Object Repository/ADMIN/Custom Item Fields Page/a_Default/button_Save2' is visible

2019-06-18 12:31:05 - [TEST_STEP][PASSED] - click: Object: 'Object Repository/ADMIN/Custom Item Fields Page/a_Default/button_Save2' is clicked on

2019-06-18 12:31:05 - [MESSAGE][PASSED] - Object: 'Object Repository/ADMIN/Custom Item Fields Page/a_Default/button_Save2' is clicked on

2019-06-18 12:31:05 - [TEST_STEP][PASSED] - waitForElementVisible: Object 'Object Repository/ADMIN/Custom Item Fields List Page/button_Add Field' is visible

2019-06-18 12:31:05 - [MESSAGE][WARNING] - Timeout '0' is invalid. Using default page load timeout: '30'

2019-06-18 12:31:06 - [MESSAGE][PASSED] - Object 'Object Repository/ADMIN/Custom Item Fields List Page/button_Add Field' is visible]]></system-out>
         <system-err><![CDATA[]]></system-err>
      </testcase>
      <testcase name="Test Cases/ADMIN/Custom Fields Page/Add Custom Item Fields/Add_Dropdown" classname="Test Cases/ADMIN/Custom Fields Page/Add Custom Item Fields/Add_Dropdown" status="PASSED">
         <system-out><![CDATA[2019-06-18 12:31:06 - [TEST_CASE][PASSED] - Test Cases/ADMIN/Custom Fields Page/Add Custom Item Fields/Add_Dropdown: Test Cases/ADMIN/Custom Fields Page/Add Custom Item Fields/Add_Dropdown

2019-06-18 12:31:06 - [TEST_STEP][PASSED] - waitForElementVisible: Object 'Object Repository/ADMIN/Custom Item Fields List Page/button_Add Field' is visible

2019-06-18 12:31:06 - [MESSAGE][WARNING] - Timeout '0' is invalid. Using default page load timeout: '30'

2019-06-18 12:31:06 - [MESSAGE][PASSED] - Object 'Object Repository/ADMIN/Custom Item Fields List Page/button_Add Field' is visible

2019-06-18 12:31:06 - [TEST_STEP][PASSED] - click: Object: 'Object Repository/ADMIN/Custom Item Fields List Page/button_Add Field' is clicked on

2019-06-18 12:31:07 - [MESSAGE][PASSED] - Object: 'Object Repository/ADMIN/Custom Item Fields List Page/button_Add Field' is clicked on

2019-06-18 12:31:07 - [TEST_STEP][PASSED] - waitForElementVisible: Object 'Object Repository/ADMIN/Custom Item Fields Page/a_Default/dropdown_fieldtype' is visible

2019-06-18 12:31:07 - [MESSAGE][WARNING] - Timeout '0' is invalid. Using default page load timeout: '30'

2019-06-18 12:31:07 - [MESSAGE][PASSED] - Object 'Object Repository/ADMIN/Custom Item Fields Page/a_Default/dropdown_fieldtype' is visible

2019-06-18 12:31:07 - [TEST_STEP][PASSED] - selectOptionByLabel: All options with label 'Drop Down' are selected in object 'Object Repository/ADMIN/Custom Item Fields Page/a_Default/dropdown_fieldtype' 

2019-06-18 12:31:07 - [MESSAGE][PASSED] - All options with label 'Drop Down' are selected in object 'Object Repository/ADMIN/Custom Item Fields Page/a_Default/dropdown_fieldtype' 

2019-06-18 12:31:07 - [TEST_STEP][PASSED] - setText: Text 'Dropdown Mandatory' is set on object 'Object Repository/ADMIN/Custom Item Fields Page/a_Default/textfield_fieldname'

2019-06-18 12:31:07 - [MESSAGE][PASSED] - Text 'Dropdown Mandatory' is set on object 'Object Repository/ADMIN/Custom Item Fields Page/a_Default/textfield_fieldname'

2019-06-18 12:31:07 - [TEST_STEP][PASSED] - waitForElementVisible: Object 'Object Repository/ADMIN/Custom Item Fields Page/a_Dropdown/textfield_dropdownOpt1' is visible

2019-06-18 12:31:07 - [MESSAGE][WARNING] - Timeout '0' is invalid. Using default page load timeout: '30'

2019-06-18 12:31:07 - [MESSAGE][PASSED] - Object 'Object Repository/ADMIN/Custom Item Fields Page/a_Dropdown/textfield_dropdownOpt1' is visible

2019-06-18 12:31:07 - [TEST_STEP][PASSED] - delay: Delayed 0 second(s)

2019-06-18 12:31:07 - [MESSAGE][PASSED] - Delayed 0 second(s)

2019-06-18 12:31:07 - [TEST_STEP][PASSED] - scrollToElement: Scroll to object 'Object Repository/ADMIN/Custom Item Fields Page/a_Dropdown/button_addOpt' successfully

2019-06-18 12:31:07 - [MESSAGE][WARNING] - Timeout '0' is invalid. Using default page load timeout: '30'

2019-06-18 12:31:07 - [MESSAGE][PASSED] - Scroll to object 'Object Repository/ADMIN/Custom Item Fields Page/a_Dropdown/button_addOpt' successfully

2019-06-18 12:31:07 - [TEST_STEP][PASSED] - click: Object: 'Object Repository/ADMIN/Custom Item Fields Page/a_Dropdown/button_addOpt' is clicked on

2019-06-18 12:31:08 - [MESSAGE][PASSED] - Object: 'Object Repository/ADMIN/Custom Item Fields Page/a_Dropdown/button_addOpt' is clicked on

2019-06-18 12:31:08 - [TEST_STEP][PASSED] - waitForElementVisible: Object 'Object Repository/ADMIN/Custom Item Fields Page/a_Dropdown/textfield_dropdownOpt3' is visible

2019-06-18 12:31:08 - [MESSAGE][WARNING] - Timeout '0' is invalid. Using default page load timeout: '30'

2019-06-18 12:31:08 - [MESSAGE][PASSED] - Object 'Object Repository/ADMIN/Custom Item Fields Page/a_Dropdown/textfield_dropdownOpt3' is visible

2019-06-18 12:31:08 - [TEST_STEP][PASSED] - click: Object: 'Object Repository/ADMIN/Custom Item Fields Page/a_Dropdown/button_addOpt' is clicked on

2019-06-18 12:31:08 - [MESSAGE][PASSED] - Object: 'Object Repository/ADMIN/Custom Item Fields Page/a_Dropdown/button_addOpt' is clicked on

2019-06-18 12:31:08 - [TEST_STEP][PASSED] - waitForElementVisible: Object 'Object Repository/ADMIN/Custom Item Fields Page/a_Dropdown/textfield_dropdownOpt4' is visible

2019-06-18 12:31:08 - [MESSAGE][WARNING] - Timeout '0' is invalid. Using default page load timeout: '30'

2019-06-18 12:31:08 - [MESSAGE][PASSED] - Object 'Object Repository/ADMIN/Custom Item Fields Page/a_Dropdown/textfield_dropdownOpt4' is visible

2019-06-18 12:31:08 - [TEST_STEP][PASSED] - click: Object: 'Object Repository/ADMIN/Custom Item Fields Page/a_Dropdown/button_addOpt' is clicked on

2019-06-18 12:31:08 - [MESSAGE][PASSED] - Object: 'Object Repository/ADMIN/Custom Item Fields Page/a_Dropdown/button_addOpt' is clicked on

2019-06-18 12:31:08 - [TEST_STEP][PASSED] - waitForElementVisible: Object 'Object Repository/ADMIN/Custom Item Fields Page/a_Dropdown/textfield_dropdownOpt5' is visible

2019-06-18 12:31:08 - [MESSAGE][WARNING] - Timeout '0' is invalid. Using default page load timeout: '30'

2019-06-18 12:31:08 - [MESSAGE][PASSED] - Object 'Object Repository/ADMIN/Custom Item Fields Page/a_Dropdown/textfield_dropdownOpt5' is visible

2019-06-18 12:31:08 - [TEST_STEP][PASSED] - setText: Text 'Select 1' is set on object 'Object Repository/ADMIN/Custom Item Fields Page/a_Dropdown/textfield_dropdownOpt1'

2019-06-18 12:31:08 - [MESSAGE][PASSED] - Text 'Select 1' is set on object 'Object Repository/ADMIN/Custom Item Fields Page/a_Dropdown/textfield_dropdownOpt1'

2019-06-18 12:31:08 - [TEST_STEP][PASSED] - setText: Text 'Select 2' is set on object 'Object Repository/ADMIN/Custom Item Fields Page/a_Dropdown/textfield_dropdownOpt2'

2019-06-18 12:31:08 - [MESSAGE][PASSED] - Text 'Select 2' is set on object 'Object Repository/ADMIN/Custom Item Fields Page/a_Dropdown/textfield_dropdownOpt2'

2019-06-18 12:31:08 - [TEST_STEP][PASSED] - setText: Text 'Select 3' is set on object 'Object Repository/ADMIN/Custom Item Fields Page/a_Dropdown/textfield_dropdownOpt3'

2019-06-18 12:31:08 - [MESSAGE][PASSED] - Text 'Select 3' is set on object 'Object Repository/ADMIN/Custom Item Fields Page/a_Dropdown/textfield_dropdownOpt3'

2019-06-18 12:31:08 - [TEST_STEP][PASSED] - setText: Text 'Select 4' is set on object 'Object Repository/ADMIN/Custom Item Fields Page/a_Dropdown/textfield_dropdownOpt4'

2019-06-18 12:31:09 - [MESSAGE][PASSED] - Text 'Select 4' is set on object 'Object Repository/ADMIN/Custom Item Fields Page/a_Dropdown/textfield_dropdownOpt4'

2019-06-18 12:31:09 - [TEST_STEP][PASSED] - setText: Text 'Select 5' is set on object 'Object Repository/ADMIN/Custom Item Fields Page/a_Dropdown/textfield_dropdownOpt5'

2019-06-18 12:31:09 - [MESSAGE][PASSED] - Text 'Select 5' is set on object 'Object Repository/ADMIN/Custom Item Fields Page/a_Dropdown/textfield_dropdownOpt5'

2019-06-18 12:31:09 - [TEST_STEP][PASSED] - click: Object: 'Object Repository/ADMIN/Custom Item Fields Page/a_Default/button_SelectCategories' is clicked on

2019-06-18 12:31:09 - [MESSAGE][PASSED] - Object: 'Object Repository/ADMIN/Custom Item Fields Page/a_Default/button_SelectCategories' is clicked on

2019-06-18 12:31:09 - [TEST_STEP][PASSED] - waitForElementVisible: Object 'Object Repository/ADMIN/Custom Item Fields List Page/a_SelectCategories/searchbox_Category' is visible

2019-06-18 12:31:09 - [MESSAGE][WARNING] - Timeout '0' is invalid. Using default page load timeout: '30'

2019-06-18 12:31:10 - [MESSAGE][PASSED] - Object 'Object Repository/ADMIN/Custom Item Fields List Page/a_SelectCategories/searchbox_Category' is visible

2019-06-18 12:31:10 - [TEST_STEP][PASSED] - setText: Text 'Category 6' is set on object 'Object Repository/ADMIN/Custom Item Fields List Page/a_SelectCategories/searchbox_Category'

2019-06-18 12:31:10 - [MESSAGE][PASSED] - Text 'Category 6' is set on object 'Object Repository/ADMIN/Custom Item Fields List Page/a_SelectCategories/searchbox_Category'

2019-06-18 12:31:10 - [TEST_STEP][PASSED] - click: Object: 'Object Repository/ADMIN/Custom Item Fields List Page/a_SelectCategories/a_Categories/checkbox_6' is clicked on

2019-06-18 12:31:10 - [MESSAGE][PASSED] - Object: 'Object Repository/ADMIN/Custom Item Fields List Page/a_SelectCategories/a_Categories/checkbox_6' is clicked on

2019-06-18 12:31:10 - [TEST_STEP][PASSED] - click: Object: 'Object Repository/ADMIN/Custom Item Fields List Page/a_SelectCategories/button_Save' is clicked on

2019-06-18 12:31:10 - [MESSAGE][PASSED] - Object: 'Object Repository/ADMIN/Custom Item Fields List Page/a_SelectCategories/button_Save' is clicked on

2019-06-18 12:31:10 - [TEST_STEP][PASSED] - waitForElementVisible: Object 'Object Repository/ADMIN/Custom Item Fields Page/a_Default/button_Save2' is visible

2019-06-18 12:31:10 - [MESSAGE][WARNING] - Timeout '0' is invalid. Using default page load timeout: '30'

2019-06-18 12:31:11 - [MESSAGE][PASSED] - Object 'Object Repository/ADMIN/Custom Item Fields Page/a_Default/button_Save2' is visible

2019-06-18 12:31:11 - [TEST_STEP][PASSED] - click: Object: 'Object Repository/ADMIN/Custom Item Fields Page/a_Default/button_Save2' is clicked on

2019-06-18 12:31:11 - [MESSAGE][PASSED] - Object: 'Object Repository/ADMIN/Custom Item Fields Page/a_Default/button_Save2' is clicked on

2019-06-18 12:31:11 - [TEST_STEP][PASSED] - waitForElementVisible: Object 'Object Repository/ADMIN/Custom Item Fields List Page/button_Add Field' is visible

2019-06-18 12:31:11 - [MESSAGE][WARNING] - Timeout '0' is invalid. Using default page load timeout: '30'

2019-06-18 12:31:12 - [MESSAGE][PASSED] - Object 'Object Repository/ADMIN/Custom Item Fields List Page/button_Add Field' is visible]]></system-out>
         <system-err><![CDATA[]]></system-err>
      </testcase>
      <testcase name="Test Cases/ADMIN/Custom Fields Page/Add Custom Item Fields/Add_Email" classname="Test Cases/ADMIN/Custom Fields Page/Add Custom Item Fields/Add_Email" status="PASSED">
         <system-out><![CDATA[2019-06-18 12:31:12 - [TEST_CASE][PASSED] - Test Cases/ADMIN/Custom Fields Page/Add Custom Item Fields/Add_Email: Test Cases/ADMIN/Custom Fields Page/Add Custom Item Fields/Add_Email

2019-06-18 12:31:12 - [TEST_STEP][PASSED] - waitForElementVisible: Object 'Object Repository/ADMIN/Custom Item Fields List Page/button_Add Field' is visible

2019-06-18 12:31:12 - [MESSAGE][WARNING] - Timeout '0' is invalid. Using default page load timeout: '30'

2019-06-18 12:31:12 - [MESSAGE][PASSED] - Object 'Object Repository/ADMIN/Custom Item Fields List Page/button_Add Field' is visible

2019-06-18 12:31:12 - [TEST_STEP][PASSED] - click: Object: 'Object Repository/ADMIN/Custom Item Fields List Page/button_Add Field' is clicked on

2019-06-18 12:31:12 - [MESSAGE][PASSED] - Object: 'Object Repository/ADMIN/Custom Item Fields List Page/button_Add Field' is clicked on

2019-06-18 12:31:12 - [TEST_STEP][PASSED] - waitForElementVisible: Object 'Object Repository/ADMIN/Custom Item Fields Page/a_Default/dropdown_fieldtype' is visible

2019-06-18 12:31:12 - [MESSAGE][WARNING] - Timeout '0' is invalid. Using default page load timeout: '30'

2019-06-18 12:31:12 - [MESSAGE][PASSED] - Object 'Object Repository/ADMIN/Custom Item Fields Page/a_Default/dropdown_fieldtype' is visible

2019-06-18 12:31:12 - [TEST_STEP][PASSED] - waitForPageLoad: Wait for page load successfully

2019-06-18 12:31:12 - [MESSAGE][WARNING] - Timeout '0' is invalid. Using default page load timeout: '30'

2019-06-18 12:31:13 - [MESSAGE][PASSED] - Wait for page load successfully

2019-06-18 12:31:13 - [TEST_STEP][PASSED] - selectOptionByLabel: All options with label 'Email' are selected in object 'Object Repository/ADMIN/Custom Item Fields Page/a_Default/dropdown_fieldtype' 

2019-06-18 12:31:13 - [MESSAGE][PASSED] - All options with label 'Email' are selected in object 'Object Repository/ADMIN/Custom Item Fields Page/a_Default/dropdown_fieldtype' 

2019-06-18 12:31:13 - [TEST_STEP][PASSED] - setText: Text 'Email Address Mandatory' is set on object 'Object Repository/ADMIN/Custom Item Fields Page/a_Default/textfield_fieldname'

2019-06-18 12:31:13 - [MESSAGE][PASSED] - Text 'Email Address Mandatory' is set on object 'Object Repository/ADMIN/Custom Item Fields Page/a_Default/textfield_fieldname'

2019-06-18 12:31:13 - [TEST_STEP][PASSED] - scrollToElement: Scroll to object 'Object Repository/ADMIN/Custom Item Fields Page/a_Default/button_SelectCategories' successfully

2019-06-18 12:31:13 - [MESSAGE][WARNING] - Timeout '0' is invalid. Using default page load timeout: '30'

2019-06-18 12:31:13 - [MESSAGE][PASSED] - Scroll to object 'Object Repository/ADMIN/Custom Item Fields Page/a_Default/button_SelectCategories' successfully

2019-06-18 12:31:13 - [TEST_STEP][PASSED] - click: Object: 'Object Repository/ADMIN/Custom Item Fields Page/a_Default/button_SelectCategories' is clicked on

2019-06-18 12:31:13 - [MESSAGE][PASSED] - Object: 'Object Repository/ADMIN/Custom Item Fields Page/a_Default/button_SelectCategories' is clicked on

2019-06-18 12:31:13 - [TEST_STEP][PASSED] - waitForElementVisible: Object 'Object Repository/ADMIN/Custom Item Fields List Page/a_SelectCategories/linktext_SelectAll' is visible

2019-06-18 12:31:13 - [MESSAGE][WARNING] - Timeout '0' is invalid. Using default page load timeout: '30'

2019-06-18 12:31:14 - [MESSAGE][PASSED] - Object 'Object Repository/ADMIN/Custom Item Fields List Page/a_SelectCategories/linktext_SelectAll' is visible

2019-06-18 12:31:14 - [TEST_STEP][PASSED] - click: Object: 'Object Repository/ADMIN/Custom Item Fields List Page/a_SelectCategories/linktext_SelectAll' is clicked on

2019-06-18 12:31:14 - [MESSAGE][PASSED] - Object: 'Object Repository/ADMIN/Custom Item Fields List Page/a_SelectCategories/linktext_SelectAll' is clicked on

2019-06-18 12:31:14 - [TEST_STEP][PASSED] - click: Object: 'Object Repository/ADMIN/Custom Item Fields List Page/a_SelectCategories/button_Save' is clicked on

2019-06-18 12:31:14 - [MESSAGE][PASSED] - Object: 'Object Repository/ADMIN/Custom Item Fields List Page/a_SelectCategories/button_Save' is clicked on

2019-06-18 12:31:14 - [TEST_STEP][PASSED] - waitForElementVisible: Object 'Object Repository/ADMIN/Custom Item Fields Page/a_Default/button_Save2' is visible

2019-06-18 12:31:14 - [MESSAGE][WARNING] - Timeout '0' is invalid. Using default page load timeout: '30'

2019-06-18 12:31:15 - [MESSAGE][PASSED] - Object 'Object Repository/ADMIN/Custom Item Fields Page/a_Default/button_Save2' is visible

2019-06-18 12:31:15 - [TEST_STEP][PASSED] - click: Object: 'Object Repository/ADMIN/Custom Item Fields Page/a_Default/button_Save2' is clicked on

2019-06-18 12:31:15 - [MESSAGE][PASSED] - Object: 'Object Repository/ADMIN/Custom Item Fields Page/a_Default/button_Save2' is clicked on

2019-06-18 12:31:15 - [TEST_STEP][PASSED] - waitForElementVisible: Object 'Object Repository/ADMIN/Custom Item Fields List Page/button_Add Field' is visible

2019-06-18 12:31:15 - [MESSAGE][WARNING] - Timeout '0' is invalid. Using default page load timeout: '30'

2019-06-18 12:31:16 - [MESSAGE][PASSED] - Object 'Object Repository/ADMIN/Custom Item Fields List Page/button_Add Field' is visible]]></system-out>
         <system-err><![CDATA[]]></system-err>
      </testcase>
      <testcase name="Test Cases/ADMIN/Custom Fields Page/Add Custom Item Fields/Add_EmbedVideo" classname="Test Cases/ADMIN/Custom Fields Page/Add Custom Item Fields/Add_EmbedVideo" status="FAILED">
         <failure type="FAILED" message="Unable to click on object 'Object Repository/ADMIN/Custom Item Fields Page/a_Default/button_Save2' (Root cause: org.openqa.selenium.WebDriverException: unknown error: Element &lt;input type=&quot;button&quot; value=&quot;Save&quot; class=&quot;mybtn btn-blue savecustomfieldbutton&quot;> is not clickable at point (410, 905). Other element would receive the click: &lt;div id=&quot;selectCategories&quot; class=&quot;modal modal-custom-field fade&quot; role=&quot;dialog&quot; style=&quot;display: block; padding-right: 17px;&quot;>...&lt;/div>
  (Session info: chrome=74.0.3729.169)
  (Driver info: chromedriver=2.35.528161 (5b82f2d2aae0ca24b877009200ced9065a772e73),platform=Windows NT 6.1.7601 SP1 x86_64) (WARNING: The server did not provide any stacktrace information)
Command duration or timeout: 0 milliseconds
Build info: version: '3.7.1', revision: '8a0099a', time: '2017-11-06T21:07:36.161Z'
System info: host: 'ARCADIER-PC', ip: '10.10.31.95', os.name: 'Windows 7', os.arch: 'amd64', os.version: '6.1', java.version: '1.8.0_102'
Driver info: com.kms.katalon.core.webui.driver.ExistingRemoteWebDriver
Capabilities {javascriptEnabled: true, platform: ANY, platformName: ANY}
Session ID: 28642ad90c2aea5e6a8cd37926d1100c)"/>
         <system-out><![CDATA[2019-06-18 12:31:16 - [TEST_CASE][FAILED] - Test Cases/ADMIN/Custom Fields Page/Add Custom Item Fields/Add_EmbedVideo: Test Cases/ADMIN/Custom Fields Page/Add Custom Item Fields/Add_EmbedVideo FAILED because (of) Unable to click on object 'Object Repository/ADMIN/Custom Item Fields Page/a_Default/button_Save2' (Root cause: org.openqa.selenium.WebDriverException: unknown error: Element <input type="button" value="Save" class="mybtn btn-blue savecustomfieldbutton"> is not clickable at point (410, 905). Other element would receive the click: <div id="selectCategories" class="modal modal-custom-field fade" role="dialog" style="display: block; padding-right: 17px;">...</div>
  (Session info: chrome=74.0.3729.169)
  (Driver info: chromedriver=2.35.528161 (5b82f2d2aae0ca24b877009200ced9065a772e73),platform=Windows NT 6.1.7601 SP1 x86_64) (WARNING: The server did not provide any stacktrace information)
Command duration or timeout: 0 milliseconds
Build info: version: '3.7.1', revision: '8a0099a', time: '2017-11-06T21:07:36.161Z'
System info: host: 'ARCADIER-PC', ip: '10.10.31.95', os.name: 'Windows 7', os.arch: 'amd64', os.version: '6.1', java.version: '1.8.0_102'
Driver info: com.kms.katalon.core.webui.driver.ExistingRemoteWebDriver
Capabilities {javascriptEnabled: true, platform: ANY, platformName: ANY}
Session ID: 28642ad90c2aea5e6a8cd37926d1100c)

2019-06-18 12:31:16 - [TEST_STEP][PASSED] - waitForElementVisible: Object 'Object Repository/ADMIN/Custom Item Fields List Page/button_Add Field' is visible

2019-06-18 12:31:16 - [MESSAGE][WARNING] - Timeout '0' is invalid. Using default page load timeout: '30'

2019-06-18 12:31:16 - [MESSAGE][PASSED] - Object 'Object Repository/ADMIN/Custom Item Fields List Page/button_Add Field' is visible

2019-06-18 12:31:16 - [TEST_STEP][PASSED] - click: Object: 'Object Repository/ADMIN/Custom Item Fields List Page/button_Add Field' is clicked on

2019-06-18 12:31:16 - [MESSAGE][PASSED] - Object: 'Object Repository/ADMIN/Custom Item Fields List Page/button_Add Field' is clicked on

2019-06-18 12:31:16 - [TEST_STEP][PASSED] - waitForElementVisible: Object 'Object Repository/ADMIN/Custom Item Fields Page/a_Default/dropdown_fieldtype' is visible

2019-06-18 12:31:16 - [MESSAGE][WARNING] - Timeout '0' is invalid. Using default page load timeout: '30'

2019-06-18 12:31:16 - [MESSAGE][PASSED] - Object 'Object Repository/ADMIN/Custom Item Fields Page/a_Default/dropdown_fieldtype' is visible

2019-06-18 12:31:16 - [TEST_STEP][PASSED] - selectOptionByLabel: All options with label 'Embed Video' are selected in object 'Object Repository/ADMIN/Custom Item Fields Page/a_Default/dropdown_fieldtype' 

2019-06-18 12:31:17 - [MESSAGE][PASSED] - All options with label 'Embed Video' are selected in object 'Object Repository/ADMIN/Custom Item Fields Page/a_Default/dropdown_fieldtype' 

2019-06-18 12:31:17 - [TEST_STEP][PASSED] - setText: Text 'Video Mandatory' is set on object 'Object Repository/ADMIN/Custom Item Fields Page/a_Default/textfield_fieldname'

2019-06-18 12:31:17 - [MESSAGE][PASSED] - Text 'Video Mandatory' is set on object 'Object Repository/ADMIN/Custom Item Fields Page/a_Default/textfield_fieldname'

2019-06-18 12:31:17 - [TEST_STEP][PASSED] - click: Object: 'Object Repository/ADMIN/Custom Item Fields Page/a_Default/button_SelectCategories' is clicked on

2019-06-18 12:31:17 - [MESSAGE][PASSED] - Object: 'Object Repository/ADMIN/Custom Item Fields Page/a_Default/button_SelectCategories' is clicked on

2019-06-18 12:31:17 - [TEST_STEP][PASSED] - waitForElementVisible: Object 'Object Repository/ADMIN/Custom Item Fields List Page/a_SelectCategories/searchbox_Category' is visible

2019-06-18 12:31:17 - [MESSAGE][WARNING] - Timeout '0' is invalid. Using default page load timeout: '30'

2019-06-18 12:31:17 - [MESSAGE][PASSED] - Object 'Object Repository/ADMIN/Custom Item Fields List Page/a_SelectCategories/searchbox_Category' is visible

2019-06-18 12:31:17 - [TEST_STEP][PASSED] - setText: Text 'Category 6' is set on object 'Object Repository/ADMIN/Custom Item Fields List Page/a_SelectCategories/searchbox_Category'

2019-06-18 12:31:18 - [MESSAGE][PASSED] - Text 'Category 6' is set on object 'Object Repository/ADMIN/Custom Item Fields List Page/a_SelectCategories/searchbox_Category'

2019-06-18 12:31:18 - [TEST_STEP][PASSED] - click: Object: 'Object Repository/ADMIN/Custom Item Fields List Page/a_SelectCategories/a_Categories/checkbox_6' is clicked on

2019-06-18 12:31:18 - [MESSAGE][PASSED] - Object: 'Object Repository/ADMIN/Custom Item Fields List Page/a_SelectCategories/a_Categories/checkbox_6' is clicked on

2019-06-18 12:31:18 - [TEST_STEP][PASSED] - click: Object: 'Object Repository/ADMIN/Custom Item Fields List Page/a_SelectCategories/button_Save' is clicked on

2019-06-18 12:31:18 - [MESSAGE][PASSED] - Object: 'Object Repository/ADMIN/Custom Item Fields List Page/a_SelectCategories/button_Save' is clicked on

2019-06-18 12:31:18 - [TEST_STEP][PASSED] - waitForElementVisible: Object 'Object Repository/ADMIN/Custom Item Fields Page/a_Default/button_Save2' is visible

2019-06-18 12:31:18 - [MESSAGE][WARNING] - Timeout '0' is invalid. Using default page load timeout: '30'

2019-06-18 12:31:18 - [MESSAGE][PASSED] - Object 'Object Repository/ADMIN/Custom Item Fields Page/a_Default/button_Save2' is visible

2019-06-18 12:31:18 - [TEST_STEP][FAILED] - click: Unable to click on object 'Object Repository/ADMIN/Custom Item Fields Page/a_Default/button_Save2' (Root cause: org.openqa.selenium.WebDriverException: unknown error: Element <input type="button" value="Save" class="mybtn btn-blue savecustomfieldbutton"> is not clickable at point (410, 905). Other element would receive the click: <div id="selectCategories" class="modal modal-custom-field fade" role="dialog" style="display: block; padding-right: 17px;">...</div>
  (Session info: chrome=74.0.3729.169)
  (Driver info: chromedriver=2.35.528161 (5b82f2d2aae0ca24b877009200ced9065a772e73),platform=Windows NT 6.1.7601 SP1 x86_64) (WARNING: The server did not provide any stacktrace information)
Command duration or timeout: 0 milliseconds
Build info: version: '3.7.1', revision: '8a0099a', time: '2017-11-06T21:07:36.161Z'
System info: host: 'ARCADIER-PC', ip: '10.10.31.95', os.name: 'Windows 7', os.arch: 'amd64', os.version: '6.1', java.version: '1.8.0_102'
Driver info: com.kms.katalon.core.webui.driver.ExistingRemoteWebDriver
Capabilities {javascriptEnabled: true, platform: ANY, platformName: ANY}
Session ID: 28642ad90c2aea5e6a8cd37926d1100c)

2019-06-18 12:31:18 - [MESSAGE][FAILED] - Unable to click on object 'Object Repository/ADMIN/Custom Item Fields Page/a_Default/button_Save2' (Root cause: org.openqa.selenium.WebDriverException: unknown error: Element <input type="button" value="Save" class="mybtn btn-blue savecustomfieldbutton"> is not clickable at point (410, 905). Other element would receive the click: <div id="selectCategories" class="modal modal-custom-field fade" role="dialog" style="display: block; padding-right: 17px;">...</div>
  (Session info: chrome=74.0.3729.169)
  (Driver info: chromedriver=2.35.528161 (5b82f2d2aae0ca24b877009200ced9065a772e73),platform=Windows NT 6.1.7601 SP1 x86_64) (WARNING: The server did not provide any stacktrace information)
Command duration or timeout: 0 milliseconds
Build info: version: '3.7.1', revision: '8a0099a', time: '2017-11-06T21:07:36.161Z'
System info: host: 'ARCADIER-PC', ip: '10.10.31.95', os.name: 'Windows 7', os.arch: 'amd64', os.version: '6.1', java.version: '1.8.0_102'
Driver info: com.kms.katalon.core.webui.driver.ExistingRemoteWebDriver
Capabilities {javascriptEnabled: true, platform: ANY, platformName: ANY}
Session ID: 28642ad90c2aea5e6a8cd37926d1100c)
[[ATTACHMENT|C:\\Users\\Arcadier\\git\\Arctick\\Reports\\Admin\\Admin Add Custom Fields\\20190618_123036\\1560832278521.png]]]]></system-out>
         <system-err><![CDATA[2019-06-18 12:31:16 - [TEST_CASE][FAILED] - Test Cases/ADMIN/Custom Fields Page/Add Custom Item Fields/Add_EmbedVideo: Test Cases/ADMIN/Custom Fields Page/Add Custom Item Fields/Add_EmbedVideo FAILED because (of) Unable to click on object 'Object Repository/ADMIN/Custom Item Fields Page/a_Default/button_Save2' (Root cause: org.openqa.selenium.WebDriverException: unknown error: Element <input type="button" value="Save" class="mybtn btn-blue savecustomfieldbutton"> is not clickable at point (410, 905). Other element would receive the click: <div id="selectCategories" class="modal modal-custom-field fade" role="dialog" style="display: block; padding-right: 17px;">...</div>
  (Session info: chrome=74.0.3729.169)
  (Driver info: chromedriver=2.35.528161 (5b82f2d2aae0ca24b877009200ced9065a772e73),platform=Windows NT 6.1.7601 SP1 x86_64) (WARNING: The server did not provide any stacktrace information)
Command duration or timeout: 0 milliseconds
Build info: version: '3.7.1', revision: '8a0099a', time: '2017-11-06T21:07:36.161Z'
System info: host: 'ARCADIER-PC', ip: '10.10.31.95', os.name: 'Windows 7', os.arch: 'amd64', os.version: '6.1', java.version: '1.8.0_102'
Driver info: com.kms.katalon.core.webui.driver.ExistingRemoteWebDriver
Capabilities {javascriptEnabled: true, platform: ANY, platformName: ANY}
Session ID: 28642ad90c2aea5e6a8cd37926d1100c)]]></system-err>
      </testcase>
      <testcase name="Test Cases/ADMIN/Custom Fields Page/Add Custom Item Fields/Add_HyperlinkURL" classname="Test Cases/ADMIN/Custom Fields Page/Add Custom Item Fields/Add_HyperlinkURL" status="PASSED">
         <system-out><![CDATA[2019-06-18 12:31:18 - [TEST_CASE][PASSED] - Test Cases/ADMIN/Custom Fields Page/Add Custom Item Fields/Add_HyperlinkURL: Test Cases/ADMIN/Custom Fields Page/Add Custom Item Fields/Add_HyperlinkURL

2019-06-18 12:31:18 - [TEST_STEP][PASSED] - waitForElementVisible: Object 'Object Repository/ADMIN/Custom Item Fields List Page/button_Add Field' is visible

2019-06-18 12:31:18 - [MESSAGE][WARNING] - Timeout '0' is invalid. Using default page load timeout: '30'

2019-06-18 12:31:32 - [MESSAGE][PASSED] - Object 'Object Repository/ADMIN/Custom Item Fields List Page/button_Add Field' is visible

2019-06-18 12:31:32 - [TEST_STEP][PASSED] - click: Object: 'Object Repository/ADMIN/Custom Item Fields List Page/button_Add Field' is clicked on

2019-06-18 12:31:33 - [MESSAGE][PASSED] - Object: 'Object Repository/ADMIN/Custom Item Fields List Page/button_Add Field' is clicked on

2019-06-18 12:31:33 - [TEST_STEP][PASSED] - waitForElementVisible: Object 'Object Repository/ADMIN/Custom Item Fields Page/a_Default/dropdown_fieldtype' is visible

2019-06-18 12:31:33 - [MESSAGE][WARNING] - Timeout '0' is invalid. Using default page load timeout: '30'

2019-06-18 12:31:33 - [MESSAGE][PASSED] - Object 'Object Repository/ADMIN/Custom Item Fields Page/a_Default/dropdown_fieldtype' is visible

2019-06-18 12:31:33 - [TEST_STEP][PASSED] - selectOptionByLabel: All options with label 'Hyperlink / URL' are selected in object 'Object Repository/ADMIN/Custom Item Fields Page/a_Default/dropdown_fieldtype' 

2019-06-18 12:31:33 - [MESSAGE][PASSED] - All options with label 'Hyperlink / URL' are selected in object 'Object Repository/ADMIN/Custom Item Fields Page/a_Default/dropdown_fieldtype' 

2019-06-18 12:31:33 - [TEST_STEP][PASSED] - setText: Text 'URL Mandatory' is set on object 'Object Repository/ADMIN/Custom Item Fields Page/a_Default/textfield_fieldname'

2019-06-18 12:31:33 - [MESSAGE][PASSED] - Text 'URL Mandatory' is set on object 'Object Repository/ADMIN/Custom Item Fields Page/a_Default/textfield_fieldname'

2019-06-18 12:31:33 - [TEST_STEP][PASSED] - click: Object: 'Object Repository/ADMIN/Custom Item Fields Page/a_Default/button_SelectCategories' is clicked on

2019-06-18 12:31:33 - [MESSAGE][PASSED] - Object: 'Object Repository/ADMIN/Custom Item Fields Page/a_Default/button_SelectCategories' is clicked on

2019-06-18 12:31:33 - [TEST_STEP][PASSED] - waitForElementVisible: Object 'Object Repository/ADMIN/Custom Item Fields List Page/a_SelectCategories/searchbox_Category' is visible

2019-06-18 12:31:33 - [MESSAGE][WARNING] - Timeout '0' is invalid. Using default page load timeout: '30'

2019-06-18 12:31:34 - [MESSAGE][PASSED] - Object 'Object Repository/ADMIN/Custom Item Fields List Page/a_SelectCategories/searchbox_Category' is visible

2019-06-18 12:31:34 - [TEST_STEP][PASSED] - setText: Text 'Category 2' is set on object 'Object Repository/ADMIN/Custom Item Fields List Page/a_SelectCategories/searchbox_Category'

2019-06-18 12:31:34 - [MESSAGE][PASSED] - Text 'Category 2' is set on object 'Object Repository/ADMIN/Custom Item Fields List Page/a_SelectCategories/searchbox_Category'

2019-06-18 12:31:34 - [TEST_STEP][PASSED] - click: Object: 'Object Repository/ADMIN/Custom Item Fields List Page/a_SelectCategories/a_Categories/checkbox_2' is clicked on

2019-06-18 12:31:34 - [MESSAGE][PASSED] - Object: 'Object Repository/ADMIN/Custom Item Fields List Page/a_SelectCategories/a_Categories/checkbox_2' is clicked on

2019-06-18 12:31:34 - [TEST_STEP][PASSED] - click: Object: 'Object Repository/ADMIN/Custom Item Fields List Page/a_SelectCategories/button_Save' is clicked on

2019-06-18 12:31:34 - [MESSAGE][PASSED] - Object: 'Object Repository/ADMIN/Custom Item Fields List Page/a_SelectCategories/button_Save' is clicked on

2019-06-18 12:31:34 - [TEST_STEP][PASSED] - waitForElementVisible: Object 'Object Repository/ADMIN/Custom Item Fields Page/a_Default/button_Save2' is visible

2019-06-18 12:31:34 - [MESSAGE][WARNING] - Timeout '0' is invalid. Using default page load timeout: '30'

2019-06-18 12:31:35 - [MESSAGE][PASSED] - Object 'Object Repository/ADMIN/Custom Item Fields Page/a_Default/button_Save2' is visible

2019-06-18 12:31:35 - [TEST_STEP][PASSED] - click: Object: 'Object Repository/ADMIN/Custom Item Fields Page/a_Default/button_Save2' is clicked on

2019-06-18 12:31:35 - [MESSAGE][PASSED] - Object: 'Object Repository/ADMIN/Custom Item Fields Page/a_Default/button_Save2' is clicked on

2019-06-18 12:31:35 - [TEST_STEP][PASSED] - waitForElementVisible: Object 'Object Repository/ADMIN/Custom Item Fields List Page/button_Add Field' is visible

2019-06-18 12:31:35 - [MESSAGE][WARNING] - Timeout '0' is invalid. Using default page load timeout: '30'

2019-06-18 12:31:36 - [MESSAGE][PASSED] - Object 'Object Repository/ADMIN/Custom Item Fields List Page/button_Add Field' is visible]]></system-out>
         <system-err><![CDATA[]]></system-err>
      </testcase>
      <testcase name="Test Cases/ADMIN/Custom Fields Page/Add Custom Item Fields/Add_Location" classname="Test Cases/ADMIN/Custom Fields Page/Add Custom Item Fields/Add_Location" status="PASSED">
         <system-out><![CDATA[2019-06-18 12:31:36 - [TEST_CASE][PASSED] - Test Cases/ADMIN/Custom Fields Page/Add Custom Item Fields/Add_Location: Test Cases/ADMIN/Custom Fields Page/Add Custom Item Fields/Add_Location

2019-06-18 12:31:36 - [TEST_STEP][PASSED] - waitForElementVisible: Object 'Object Repository/ADMIN/Custom Item Fields List Page/button_Add Field' is visible

2019-06-18 12:31:36 - [MESSAGE][WARNING] - Timeout '0' is invalid. Using default page load timeout: '30'

2019-06-18 12:31:36 - [MESSAGE][PASSED] - Object 'Object Repository/ADMIN/Custom Item Fields List Page/button_Add Field' is visible

2019-06-18 12:31:36 - [TEST_STEP][PASSED] - click: Object: 'Object Repository/ADMIN/Custom Item Fields List Page/button_Add Field' is clicked on

2019-06-18 12:31:37 - [MESSAGE][PASSED] - Object: 'Object Repository/ADMIN/Custom Item Fields List Page/button_Add Field' is clicked on

2019-06-18 12:31:37 - [TEST_STEP][PASSED] - waitForElementVisible: Object 'Object Repository/ADMIN/Custom Item Fields Page/a_Default/dropdown_fieldtype' is visible

2019-06-18 12:31:37 - [MESSAGE][WARNING] - Timeout '0' is invalid. Using default page load timeout: '30'

2019-06-18 12:31:37 - [MESSAGE][PASSED] - Object 'Object Repository/ADMIN/Custom Item Fields Page/a_Default/dropdown_fieldtype' is visible

2019-06-18 12:31:37 - [TEST_STEP][PASSED] - click: Object: 'Object Repository/ADMIN/Custom Item Fields Page/a_Default/dropdown_fieldtype' is clicked on

2019-06-18 12:31:37 - [MESSAGE][PASSED] - Object: 'Object Repository/ADMIN/Custom Item Fields Page/a_Default/dropdown_fieldtype' is clicked on

2019-06-18 12:31:37 - [TEST_STEP][PASSED] - selectOptionByLabel: All options with label 'Location' are selected in object 'Object Repository/ADMIN/Custom Item Fields Page/a_Default/dropdown_fieldtype' 

2019-06-18 12:31:37 - [MESSAGE][PASSED] - All options with label 'Location' are selected in object 'Object Repository/ADMIN/Custom Item Fields Page/a_Default/dropdown_fieldtype' 

2019-06-18 12:31:37 - [TEST_STEP][PASSED] - setText: Text 'Location Mandatory' is set on object 'Object Repository/ADMIN/Custom Item Fields Page/a_Default/textfield_fieldname'

2019-06-18 12:31:37 - [MESSAGE][PASSED] - Text 'Location Mandatory' is set on object 'Object Repository/ADMIN/Custom Item Fields Page/a_Default/textfield_fieldname'

2019-06-18 12:31:37 - [TEST_STEP][PASSED] - click: Object: 'Object Repository/ADMIN/Custom Item Fields Page/a_Default/button_SelectCategories' is clicked on

2019-06-18 12:31:38 - [MESSAGE][PASSED] - Object: 'Object Repository/ADMIN/Custom Item Fields Page/a_Default/button_SelectCategories' is clicked on

2019-06-18 12:31:38 - [TEST_STEP][PASSED] - waitForElementVisible: Object 'Object Repository/ADMIN/Custom Item Fields List Page/a_SelectCategories/searchbox_Category' is visible

2019-06-18 12:31:38 - [MESSAGE][WARNING] - Timeout '0' is invalid. Using default page load timeout: '30'

2019-06-18 12:31:38 - [MESSAGE][PASSED] - Object 'Object Repository/ADMIN/Custom Item Fields List Page/a_SelectCategories/searchbox_Category' is visible

2019-06-18 12:31:38 - [TEST_STEP][PASSED] - setText: Text 'Category 4' is set on object 'Object Repository/ADMIN/Custom Item Fields List Page/a_SelectCategories/searchbox_Category'

2019-06-18 12:31:38 - [MESSAGE][PASSED] - Text 'Category 4' is set on object 'Object Repository/ADMIN/Custom Item Fields List Page/a_SelectCategories/searchbox_Category'

2019-06-18 12:31:38 - [TEST_STEP][PASSED] - click: Object: 'Object Repository/ADMIN/Custom Item Fields List Page/a_SelectCategories/a_Categories/checkbox_4' is clicked on

2019-06-18 12:31:38 - [MESSAGE][PASSED] - Object: 'Object Repository/ADMIN/Custom Item Fields List Page/a_SelectCategories/a_Categories/checkbox_4' is clicked on

2019-06-18 12:31:38 - [TEST_STEP][PASSED] - setText: Text 'Category 5' is set on object 'Object Repository/ADMIN/Custom Item Fields List Page/a_SelectCategories/searchbox_Category'

2019-06-18 12:31:39 - [MESSAGE][PASSED] - Text 'Category 5' is set on object 'Object Repository/ADMIN/Custom Item Fields List Page/a_SelectCategories/searchbox_Category'

2019-06-18 12:31:39 - [TEST_STEP][PASSED] - click: Object: 'Object Repository/ADMIN/Custom Item Fields List Page/a_SelectCategories/a_Categories/checkbox_5' is clicked on

2019-06-18 12:31:39 - [MESSAGE][PASSED] - Object: 'Object Repository/ADMIN/Custom Item Fields List Page/a_SelectCategories/a_Categories/checkbox_5' is clicked on

2019-06-18 12:31:39 - [TEST_STEP][PASSED] - click: Object: 'Object Repository/ADMIN/Custom Item Fields List Page/a_SelectCategories/button_Save' is clicked on

2019-06-18 12:31:39 - [MESSAGE][PASSED] - Object: 'Object Repository/ADMIN/Custom Item Fields List Page/a_SelectCategories/button_Save' is clicked on

2019-06-18 12:31:39 - [TEST_STEP][PASSED] - waitForElementVisible: Object 'Object Repository/ADMIN/Custom Item Fields Page/a_Default/button_Save2' is visible

2019-06-18 12:31:39 - [MESSAGE][WARNING] - Timeout '0' is invalid. Using default page load timeout: '30'

2019-06-18 12:31:39 - [MESSAGE][PASSED] - Object 'Object Repository/ADMIN/Custom Item Fields Page/a_Default/button_Save2' is visible

2019-06-18 12:31:39 - [TEST_STEP][PASSED] - click: Object: 'Object Repository/ADMIN/Custom Item Fields Page/a_Default/button_Save2' is clicked on

2019-06-18 12:31:39 - [MESSAGE][PASSED] - Object: 'Object Repository/ADMIN/Custom Item Fields Page/a_Default/button_Save2' is clicked on

2019-06-18 12:31:39 - [TEST_STEP][PASSED] - waitForElementVisible: Object 'Object Repository/ADMIN/Custom Item Fields List Page/button_Add Field' is visible

2019-06-18 12:31:39 - [MESSAGE][WARNING] - Timeout '0' is invalid. Using default page load timeout: '30'

2019-06-18 12:31:41 - [MESSAGE][PASSED] - Object 'Object Repository/ADMIN/Custom Item Fields List Page/button_Add Field' is visible]]></system-out>
         <system-err><![CDATA[]]></system-err>
      </testcase>
      <testcase name="Test Cases/ADMIN/Custom Fields Page/Add Custom Item Fields/Add_Number" classname="Test Cases/ADMIN/Custom Fields Page/Add Custom Item Fields/Add_Number" status="PASSED">
         <system-out><![CDATA[2019-06-18 12:31:41 - [TEST_CASE][PASSED] - Test Cases/ADMIN/Custom Fields Page/Add Custom Item Fields/Add_Number: Test Cases/ADMIN/Custom Fields Page/Add Custom Item Fields/Add_Number

2019-06-18 12:31:41 - [TEST_STEP][PASSED] - waitForElementVisible: Object 'Object Repository/ADMIN/Custom Item Fields List Page/button_Add Field' is visible

2019-06-18 12:31:41 - [MESSAGE][WARNING] - Timeout '0' is invalid. Using default page load timeout: '30'

2019-06-18 12:31:41 - [MESSAGE][PASSED] - Object 'Object Repository/ADMIN/Custom Item Fields List Page/button_Add Field' is visible

2019-06-18 12:31:41 - [TEST_STEP][PASSED] - click: Object: 'Object Repository/ADMIN/Custom Item Fields List Page/button_Add Field' is clicked on

2019-06-18 12:31:41 - [MESSAGE][PASSED] - Object: 'Object Repository/ADMIN/Custom Item Fields List Page/button_Add Field' is clicked on

2019-06-18 12:31:41 - [TEST_STEP][PASSED] - waitForElementVisible: Object 'Object Repository/ADMIN/Custom Item Fields Page/a_Default/dropdown_fieldtype' is visible

2019-06-18 12:31:41 - [MESSAGE][WARNING] - Timeout '0' is invalid. Using default page load timeout: '30'

2019-06-18 12:31:41 - [MESSAGE][PASSED] - Object 'Object Repository/ADMIN/Custom Item Fields Page/a_Default/dropdown_fieldtype' is visible

2019-06-18 12:31:41 - [TEST_STEP][PASSED] - click: Object: 'Object Repository/ADMIN/Custom Item Fields Page/a_Default/dropdown_fieldtype' is clicked on

2019-06-18 12:31:41 - [MESSAGE][PASSED] - Object: 'Object Repository/ADMIN/Custom Item Fields Page/a_Default/dropdown_fieldtype' is clicked on

2019-06-18 12:31:41 - [TEST_STEP][PASSED] - selectOptionByLabel: All options with label 'Number' are selected in object 'Object Repository/ADMIN/Custom Item Fields Page/a_Default/dropdown_fieldtype' 

2019-06-18 12:31:42 - [MESSAGE][PASSED] - All options with label 'Number' are selected in object 'Object Repository/ADMIN/Custom Item Fields Page/a_Default/dropdown_fieldtype' 

2019-06-18 12:31:42 - [TEST_STEP][PASSED] - setText: Text 'Number Mandatory' is set on object 'Object Repository/ADMIN/Custom Item Fields Page/a_Default/textfield_fieldname'

2019-06-18 12:31:42 - [MESSAGE][PASSED] - Text 'Number Mandatory' is set on object 'Object Repository/ADMIN/Custom Item Fields Page/a_Default/textfield_fieldname'

2019-06-18 12:31:42 - [TEST_STEP][PASSED] - setText: Text '0' is set on object 'Object Repository/ADMIN/Custom Item Fields Page/a_Number/textfield_minimum'

2019-06-18 12:31:42 - [MESSAGE][PASSED] - Text '0' is set on object 'Object Repository/ADMIN/Custom Item Fields Page/a_Number/textfield_minimum'

2019-06-18 12:31:42 - [TEST_STEP][PASSED] - setText: Text '9999' is set on object 'Object Repository/ADMIN/Custom Item Fields Page/a_Number/textfield_maximum'

2019-06-18 12:31:42 - [MESSAGE][PASSED] - Text '9999' is set on object 'Object Repository/ADMIN/Custom Item Fields Page/a_Number/textfield_maximum'

2019-06-18 12:31:42 - [TEST_STEP][PASSED] - click: Object: 'Object Repository/ADMIN/Custom Item Fields Page/a_Default/button_SelectCategories' is clicked on

2019-06-18 12:31:42 - [MESSAGE][PASSED] - Object: 'Object Repository/ADMIN/Custom Item Fields Page/a_Default/button_SelectCategories' is clicked on

2019-06-18 12:31:42 - [TEST_STEP][PASSED] - waitForElementVisible: Object 'Object Repository/ADMIN/Custom Item Fields List Page/a_SelectCategories/linktext_SelectAll' is visible

2019-06-18 12:31:42 - [MESSAGE][WARNING] - Timeout '0' is invalid. Using default page load timeout: '30'

2019-06-18 12:31:42 - [MESSAGE][PASSED] - Object 'Object Repository/ADMIN/Custom Item Fields List Page/a_SelectCategories/linktext_SelectAll' is visible

2019-06-18 12:31:42 - [TEST_STEP][PASSED] - click: Object: 'Object Repository/ADMIN/Custom Item Fields List Page/a_SelectCategories/linktext_SelectAll' is clicked on

2019-06-18 12:31:43 - [MESSAGE][PASSED] - Object: 'Object Repository/ADMIN/Custom Item Fields List Page/a_SelectCategories/linktext_SelectAll' is clicked on

2019-06-18 12:31:43 - [TEST_STEP][PASSED] - click: Object: 'Object Repository/ADMIN/Custom Item Fields List Page/a_SelectCategories/button_Save' is clicked on

2019-06-18 12:31:43 - [MESSAGE][PASSED] - Object: 'Object Repository/ADMIN/Custom Item Fields List Page/a_SelectCategories/button_Save' is clicked on

2019-06-18 12:31:43 - [TEST_STEP][PASSED] - waitForElementVisible: Object 'Object Repository/ADMIN/Custom Item Fields Page/a_Default/button_Save2' is visible

2019-06-18 12:31:43 - [MESSAGE][WARNING] - Timeout '0' is invalid. Using default page load timeout: '30'

2019-06-18 12:31:43 - [MESSAGE][PASSED] - Object 'Object Repository/ADMIN/Custom Item Fields Page/a_Default/button_Save2' is visible

2019-06-18 12:31:43 - [TEST_STEP][PASSED] - click: Object: 'Object Repository/ADMIN/Custom Item Fields Page/a_Default/button_Save2' is clicked on

2019-06-18 12:31:43 - [MESSAGE][PASSED] - Object: 'Object Repository/ADMIN/Custom Item Fields Page/a_Default/button_Save2' is clicked on

2019-06-18 12:31:43 - [TEST_STEP][PASSED] - waitForElementVisible: Object 'Object Repository/ADMIN/Custom Item Fields List Page/button_Add Field' is visible

2019-06-18 12:31:43 - [MESSAGE][WARNING] - Timeout '0' is invalid. Using default page load timeout: '30'

2019-06-18 12:31:45 - [MESSAGE][PASSED] - Object 'Object Repository/ADMIN/Custom Item Fields List Page/button_Add Field' is visible]]></system-out>
         <system-err><![CDATA[]]></system-err>
      </testcase>
      <testcase name="Test Cases/ADMIN/Custom Fields Page/Add Custom Item Fields/Add_PDF" classname="Test Cases/ADMIN/Custom Fields Page/Add Custom Item Fields/Add_PDF" status="PASSED">
         <system-out><![CDATA[2019-06-18 12:31:45 - [TEST_CASE][PASSED] - Test Cases/ADMIN/Custom Fields Page/Add Custom Item Fields/Add_PDF: Test Cases/ADMIN/Custom Fields Page/Add Custom Item Fields/Add_PDF

2019-06-18 12:31:45 - [TEST_STEP][PASSED] - waitForElementVisible: Object 'Object Repository/ADMIN/Custom Item Fields List Page/button_Add Field' is visible

2019-06-18 12:31:45 - [MESSAGE][WARNING] - Timeout '0' is invalid. Using default page load timeout: '30'

2019-06-18 12:31:45 - [MESSAGE][PASSED] - Object 'Object Repository/ADMIN/Custom Item Fields List Page/button_Add Field' is visible

2019-06-18 12:31:45 - [TEST_STEP][PASSED] - click: Object: 'Object Repository/ADMIN/Custom Item Fields List Page/button_Add Field' is clicked on

2019-06-18 12:31:45 - [MESSAGE][PASSED] - Object: 'Object Repository/ADMIN/Custom Item Fields List Page/button_Add Field' is clicked on

2019-06-18 12:31:45 - [TEST_STEP][PASSED] - waitForElementVisible: Object 'Object Repository/ADMIN/Custom Item Fields Page/a_Default/dropdown_fieldtype' is visible

2019-06-18 12:31:45 - [MESSAGE][WARNING] - Timeout '0' is invalid. Using default page load timeout: '30'

2019-06-18 12:31:45 - [MESSAGE][PASSED] - Object 'Object Repository/ADMIN/Custom Item Fields Page/a_Default/dropdown_fieldtype' is visible

2019-06-18 12:31:45 - [TEST_STEP][PASSED] - click: Object: 'Object Repository/ADMIN/Custom Item Fields Page/a_Default/dropdown_fieldtype' is clicked on

2019-06-18 12:31:46 - [MESSAGE][PASSED] - Object: 'Object Repository/ADMIN/Custom Item Fields Page/a_Default/dropdown_fieldtype' is clicked on

2019-06-18 12:31:46 - [TEST_STEP][PASSED] - selectOptionByLabel: All options with label 'PDF File' are selected in object 'Object Repository/ADMIN/Custom Item Fields Page/a_Default/dropdown_fieldtype' 

2019-06-18 12:31:46 - [MESSAGE][PASSED] - All options with label 'PDF File' are selected in object 'Object Repository/ADMIN/Custom Item Fields Page/a_Default/dropdown_fieldtype' 

2019-06-18 12:31:46 - [TEST_STEP][PASSED] - waitForElementVisible: Object 'Object Repository/ADMIN/Custom Item Fields Page/a_PDF File/textlabel_PDFFile' is visible

2019-06-18 12:31:46 - [MESSAGE][WARNING] - Timeout '0' is invalid. Using default page load timeout: '30'

2019-06-18 12:31:46 - [MESSAGE][PASSED] - Object 'Object Repository/ADMIN/Custom Item Fields Page/a_PDF File/textlabel_PDFFile' is visible

2019-06-18 12:31:46 - [TEST_STEP][PASSED] - setText: Text 'Document Mandatory' is set on object 'Object Repository/ADMIN/Custom Item Fields Page/a_Default/textfield_fieldname'

2019-06-18 12:31:46 - [MESSAGE][PASSED] - Text 'Document Mandatory' is set on object 'Object Repository/ADMIN/Custom Item Fields Page/a_Default/textfield_fieldname'

2019-06-18 12:31:46 - [TEST_STEP][PASSED] - click: Object: 'Object Repository/ADMIN/Custom Item Fields Page/a_Default/button_SelectCategories' is clicked on

2019-06-18 12:31:46 - [MESSAGE][PASSED] - Object: 'Object Repository/ADMIN/Custom Item Fields Page/a_Default/button_SelectCategories' is clicked on

2019-06-18 12:31:46 - [TEST_STEP][PASSED] - waitForElementVisible: Object 'Object Repository/ADMIN/Custom Item Fields List Page/a_SelectCategories/linktext_SelectAll' is visible

2019-06-18 12:31:46 - [MESSAGE][WARNING] - Timeout '0' is invalid. Using default page load timeout: '30'

2019-06-18 12:31:46 - [MESSAGE][PASSED] - Object 'Object Repository/ADMIN/Custom Item Fields List Page/a_SelectCategories/linktext_SelectAll' is visible

2019-06-18 12:31:46 - [TEST_STEP][PASSED] - click: Object: 'Object Repository/ADMIN/Custom Item Fields List Page/a_SelectCategories/linktext_SelectAll' is clicked on

2019-06-18 12:31:47 - [MESSAGE][PASSED] - Object: 'Object Repository/ADMIN/Custom Item Fields List Page/a_SelectCategories/linktext_SelectAll' is clicked on

2019-06-18 12:31:47 - [TEST_STEP][PASSED] - click: Object: 'Object Repository/ADMIN/Custom Item Fields List Page/a_SelectCategories/button_Save' is clicked on

2019-06-18 12:31:47 - [MESSAGE][PASSED] - Object: 'Object Repository/ADMIN/Custom Item Fields List Page/a_SelectCategories/button_Save' is clicked on

2019-06-18 12:31:47 - [TEST_STEP][PASSED] - waitForElementVisible: Object 'Object Repository/ADMIN/Custom Item Fields Page/a_Default/button_Save2' is visible

2019-06-18 12:31:47 - [MESSAGE][WARNING] - Timeout '0' is invalid. Using default page load timeout: '30'

2019-06-18 12:31:47 - [MESSAGE][PASSED] - Object 'Object Repository/ADMIN/Custom Item Fields Page/a_Default/button_Save2' is visible

2019-06-18 12:31:47 - [TEST_STEP][PASSED] - click: Object: 'Object Repository/ADMIN/Custom Item Fields Page/a_Default/button_Save2' is clicked on

2019-06-18 12:31:47 - [MESSAGE][PASSED] - Object: 'Object Repository/ADMIN/Custom Item Fields Page/a_Default/button_Save2' is clicked on

2019-06-18 12:31:47 - [TEST_STEP][PASSED] - waitForElementVisible: Object 'Object Repository/ADMIN/Custom Item Fields List Page/button_Add Field' is visible

2019-06-18 12:31:47 - [MESSAGE][WARNING] - Timeout '0' is invalid. Using default page load timeout: '30'

2019-06-18 12:31:49 - [MESSAGE][PASSED] - Object 'Object Repository/ADMIN/Custom Item Fields List Page/button_Add Field' is visible]]></system-out>
         <system-err><![CDATA[]]></system-err>
      </testcase>
      <testcase name="Test Cases/ADMIN/Custom Fields Page/Add Custom Item Fields/Add_Percentage" classname="Test Cases/ADMIN/Custom Fields Page/Add Custom Item Fields/Add_Percentage" status="PASSED">
         <system-out><![CDATA[2019-06-18 12:31:49 - [TEST_CASE][PASSED] - Test Cases/ADMIN/Custom Fields Page/Add Custom Item Fields/Add_Percentage: Test Cases/ADMIN/Custom Fields Page/Add Custom Item Fields/Add_Percentage

2019-06-18 12:31:49 - [TEST_STEP][PASSED] - waitForElementVisible: Object 'Object Repository/ADMIN/Custom Item Fields List Page/button_Add Field' is visible

2019-06-18 12:31:49 - [MESSAGE][WARNING] - Timeout '0' is invalid. Using default page load timeout: '30'

2019-06-18 12:31:49 - [MESSAGE][PASSED] - Object 'Object Repository/ADMIN/Custom Item Fields List Page/button_Add Field' is visible

2019-06-18 12:31:49 - [TEST_STEP][PASSED] - click: Object: 'Object Repository/ADMIN/Custom Item Fields List Page/button_Add Field' is clicked on

2019-06-18 12:31:49 - [MESSAGE][PASSED] - Object: 'Object Repository/ADMIN/Custom Item Fields List Page/button_Add Field' is clicked on

2019-06-18 12:31:49 - [TEST_STEP][PASSED] - waitForElementVisible: Object 'Object Repository/ADMIN/Custom Item Fields Page/a_Default/dropdown_fieldtype' is visible

2019-06-18 12:31:49 - [MESSAGE][WARNING] - Timeout '0' is invalid. Using default page load timeout: '30'

2019-06-18 12:31:49 - [MESSAGE][PASSED] - Object 'Object Repository/ADMIN/Custom Item Fields Page/a_Default/dropdown_fieldtype' is visible

2019-06-18 12:31:49 - [TEST_STEP][PASSED] - click: Object: 'Object Repository/ADMIN/Custom Item Fields Page/a_Default/dropdown_fieldtype' is clicked on

2019-06-18 12:31:50 - [MESSAGE][PASSED] - Object: 'Object Repository/ADMIN/Custom Item Fields Page/a_Default/dropdown_fieldtype' is clicked on

2019-06-18 12:31:50 - [TEST_STEP][PASSED] - selectOptionByLabel: All options with label 'Percentage' are selected in object 'Object Repository/ADMIN/Custom Item Fields Page/a_Default/dropdown_fieldtype' 

2019-06-18 12:31:50 - [MESSAGE][PASSED] - All options with label 'Percentage' are selected in object 'Object Repository/ADMIN/Custom Item Fields Page/a_Default/dropdown_fieldtype' 

2019-06-18 12:31:50 - [TEST_STEP][PASSED] - setText: Text 'Percentage Mandatory' is set on object 'Object Repository/ADMIN/Custom Item Fields Page/a_Default/textfield_fieldname'

2019-06-18 12:31:50 - [MESSAGE][PASSED] - Text 'Percentage Mandatory' is set on object 'Object Repository/ADMIN/Custom Item Fields Page/a_Default/textfield_fieldname'

2019-06-18 12:31:50 - [TEST_STEP][PASSED] - click: Object: 'Object Repository/ADMIN/Custom Item Fields Page/a_Default/button_SelectCategories' is clicked on

2019-06-18 12:31:50 - [MESSAGE][PASSED] - Object: 'Object Repository/ADMIN/Custom Item Fields Page/a_Default/button_SelectCategories' is clicked on

2019-06-18 12:31:50 - [TEST_STEP][PASSED] - waitForElementVisible: Object 'Object Repository/ADMIN/Custom Item Fields List Page/a_SelectCategories/searchbox_Category' is visible

2019-06-18 12:31:50 - [MESSAGE][WARNING] - Timeout '0' is invalid. Using default page load timeout: '30'

2019-06-18 12:31:51 - [MESSAGE][PASSED] - Object 'Object Repository/ADMIN/Custom Item Fields List Page/a_SelectCategories/searchbox_Category' is visible

2019-06-18 12:31:51 - [TEST_STEP][PASSED] - setText: Text 'Category 1.3' is set on object 'Object Repository/ADMIN/Custom Item Fields List Page/a_SelectCategories/searchbox_Category'

2019-06-18 12:31:51 - [MESSAGE][PASSED] - Text 'Category 1.3' is set on object 'Object Repository/ADMIN/Custom Item Fields List Page/a_SelectCategories/searchbox_Category'

2019-06-18 12:31:51 - [TEST_STEP][PASSED] - click: Object: 'Object Repository/ADMIN/Custom Item Fields List Page/a_SelectCategories/a_Categories/checkbox_1.3' is clicked on

2019-06-18 12:31:51 - [MESSAGE][PASSED] - Object: 'Object Repository/ADMIN/Custom Item Fields List Page/a_SelectCategories/a_Categories/checkbox_1.3' is clicked on

2019-06-18 12:31:51 - [TEST_STEP][PASSED] - click: Object: 'Object Repository/ADMIN/Custom Item Fields List Page/a_SelectCategories/button_Save' is clicked on

2019-06-18 12:31:51 - [MESSAGE][PASSED] - Object: 'Object Repository/ADMIN/Custom Item Fields List Page/a_SelectCategories/button_Save' is clicked on

2019-06-18 12:31:51 - [TEST_STEP][PASSED] - waitForElementVisible: Object 'Object Repository/ADMIN/Custom Item Fields Page/a_Default/button_Save2' is visible

2019-06-18 12:31:51 - [MESSAGE][WARNING] - Timeout '0' is invalid. Using default page load timeout: '30'

2019-06-18 12:31:52 - [MESSAGE][PASSED] - Object 'Object Repository/ADMIN/Custom Item Fields Page/a_Default/button_Save2' is visible

2019-06-18 12:31:52 - [TEST_STEP][PASSED] - click: Object: 'Object Repository/ADMIN/Custom Item Fields Page/a_Default/button_Save2' is clicked on

2019-06-18 12:31:52 - [MESSAGE][PASSED] - Object: 'Object Repository/ADMIN/Custom Item Fields Page/a_Default/button_Save2' is clicked on

2019-06-18 12:31:52 - [TEST_STEP][PASSED] - waitForElementVisible: Object 'Object Repository/ADMIN/Custom Item Fields List Page/button_Add Field' is visible

2019-06-18 12:31:52 - [MESSAGE][WARNING] - Timeout '0' is invalid. Using default page load timeout: '30'

2019-06-18 12:31:53 - [MESSAGE][PASSED] - Object 'Object Repository/ADMIN/Custom Item Fields List Page/button_Add Field' is visible]]></system-out>
         <system-err><![CDATA[]]></system-err>
      </testcase>
      <testcase name="Test Cases/ADMIN/Custom Fields Page/Add Custom Item Fields/Add_TextEditor" classname="Test Cases/ADMIN/Custom Fields Page/Add Custom Item Fields/Add_TextEditor" status="FAILED">
         <failure type="FAILED" message="Unable to select option by label 'Formatted Text Editor' of object 'Object Repository/ADMIN/Custom Item Fields Page/a_Default/dropdown_fieldtype'  (Root cause: org.openqa.selenium.NoSuchElementException: Cannot locate element with text: Formatted Text Editor
For documentation on this error, please visit: http://seleniumhq.org/exceptions/no_such_element.html
Build info: version: '3.7.1', revision: '8a0099a', time: '2017-11-06T21:07:36.161Z'
System info: host: 'ARCADIER-PC', ip: '10.10.31.95', os.name: 'Windows 7', os.arch: 'amd64', os.version: '6.1', java.version: '1.8.0_102'
Driver info: driver.version: unknown)"/>
         <system-out><![CDATA[2019-06-18 12:31:53 - [TEST_CASE][FAILED] - Test Cases/ADMIN/Custom Fields Page/Add Custom Item Fields/Add_TextEditor: Test Cases/ADMIN/Custom Fields Page/Add Custom Item Fields/Add_TextEditor FAILED because (of) Unable to select option by label 'Formatted Text Editor' of object 'Object Repository/ADMIN/Custom Item Fields Page/a_Default/dropdown_fieldtype'  (Root cause: org.openqa.selenium.NoSuchElementException: Cannot locate element with text: Formatted Text Editor
For documentation on this error, please visit: http://seleniumhq.org/exceptions/no_such_element.html
Build info: version: '3.7.1', revision: '8a0099a', time: '2017-11-06T21:07:36.161Z'
System info: host: 'ARCADIER-PC', ip: '10.10.31.95', os.name: 'Windows 7', os.arch: 'amd64', os.version: '6.1', java.version: '1.8.0_102'
Driver info: driver.version: unknown)

2019-06-18 12:31:53 - [TEST_STEP][PASSED] - waitForElementVisible: Object 'Object Repository/ADMIN/Custom Item Fields List Page/button_Add Field' is visible

2019-06-18 12:31:53 - [MESSAGE][WARNING] - Timeout '0' is invalid. Using default page load timeout: '30'

2019-06-18 12:31:53 - [MESSAGE][PASSED] - Object 'Object Repository/ADMIN/Custom Item Fields List Page/button_Add Field' is visible

2019-06-18 12:31:53 - [TEST_STEP][PASSED] - click: Object: 'Object Repository/ADMIN/Custom Item Fields List Page/button_Add Field' is clicked on

2019-06-18 12:31:53 - [MESSAGE][PASSED] - Object: 'Object Repository/ADMIN/Custom Item Fields List Page/button_Add Field' is clicked on

2019-06-18 12:31:53 - [TEST_STEP][PASSED] - waitForElementVisible: Object 'Object Repository/ADMIN/Custom Item Fields Page/a_Default/textfield_fieldname' is visible

2019-06-18 12:31:53 - [MESSAGE][WARNING] - Timeout '0' is invalid. Using default page load timeout: '30'

2019-06-18 12:31:54 - [MESSAGE][PASSED] - Object 'Object Repository/ADMIN/Custom Item Fields Page/a_Default/textfield_fieldname' is visible

2019-06-18 12:31:54 - [TEST_STEP][PASSED] - setText: Text 'Text Editor Mandatory' is set on object 'Object Repository/ADMIN/Custom Item Fields Page/a_Default/textfield_fieldname'

2019-06-18 12:31:54 - [MESSAGE][PASSED] - Text 'Text Editor Mandatory' is set on object 'Object Repository/ADMIN/Custom Item Fields Page/a_Default/textfield_fieldname'

2019-06-18 12:31:54 - [TEST_STEP][FAILED] - selectOptionByLabel: Unable to select option by label 'Formatted Text Editor' of object 'Object Repository/ADMIN/Custom Item Fields Page/a_Default/dropdown_fieldtype'  (Root cause: org.openqa.selenium.NoSuchElementException: Cannot locate element with text: Formatted Text Editor
For documentation on this error, please visit: http://seleniumhq.org/exceptions/no_such_element.html
Build info: version: '3.7.1', revision: '8a0099a', time: '2017-11-06T21:07:36.161Z'
System info: host: 'ARCADIER-PC', ip: '10.10.31.95', os.name: 'Windows 7', os.arch: 'amd64', os.version: '6.1', java.version: '1.8.0_102'
Driver info: driver.version: unknown)

2019-06-18 12:31:54 - [MESSAGE][FAILED] - Unable to select option by label 'Formatted Text Editor' of object 'Object Repository/ADMIN/Custom Item Fields Page/a_Default/dropdown_fieldtype'  (Root cause: org.openqa.selenium.NoSuchElementException: Cannot locate element with text: Formatted Text Editor
For documentation on this error, please visit: http://seleniumhq.org/exceptions/no_such_element.html
Build info: version: '3.7.1', revision: '8a0099a', time: '2017-11-06T21:07:36.161Z'
System info: host: 'ARCADIER-PC', ip: '10.10.31.95', os.name: 'Windows 7', os.arch: 'amd64', os.version: '6.1', java.version: '1.8.0_102'
Driver info: driver.version: unknown)
[[ATTACHMENT|C:\\Users\\Arcadier\\git\\Arctick\\Reports\\Admin\\Admin Add Custom Fields\\20190618_123036\\1560832314404.png]]

2019-06-18 12:31:54 - [TEST_STEP][PASSED] - click: Object: 'Object Repository/ADMIN/Custom Item Fields Page/a_Default/button_SelectCategories' is clicked on

2019-06-18 12:31:54 - [MESSAGE][PASSED] - Object: 'Object Repository/ADMIN/Custom Item Fields Page/a_Default/button_SelectCategories' is clicked on

2019-06-18 12:31:54 - [TEST_STEP][PASSED] - waitForElementVisible: Object 'Object Repository/ADMIN/Custom Item Fields List Page/a_SelectCategories/linktext_SelectAll' is visible

2019-06-18 12:31:54 - [MESSAGE][WARNING] - Timeout '0' is invalid. Using default page load timeout: '30'

2019-06-18 12:31:55 - [MESSAGE][PASSED] - Object 'Object Repository/ADMIN/Custom Item Fields List Page/a_SelectCategories/linktext_SelectAll' is visible

2019-06-18 12:31:55 - [TEST_STEP][PASSED] - click: Object: 'Object Repository/ADMIN/Custom Item Fields List Page/a_SelectCategories/linktext_SelectAll' is clicked on

2019-06-18 12:31:55 - [MESSAGE][PASSED] - Object: 'Object Repository/ADMIN/Custom Item Fields List Page/a_SelectCategories/linktext_SelectAll' is clicked on

2019-06-18 12:31:55 - [TEST_STEP][PASSED] - click: Object: 'Object Repository/ADMIN/Custom Item Fields List Page/a_SelectCategories/button_Save' is clicked on

2019-06-18 12:31:55 - [MESSAGE][PASSED] - Object: 'Object Repository/ADMIN/Custom Item Fields List Page/a_SelectCategories/button_Save' is clicked on

2019-06-18 12:31:55 - [TEST_STEP][PASSED] - waitForElementVisible: Object 'Object Repository/ADMIN/Custom Item Fields Page/a_Default/button_Save2' is visible

2019-06-18 12:31:55 - [MESSAGE][WARNING] - Timeout '0' is invalid. Using default page load timeout: '30'

2019-06-18 12:31:56 - [MESSAGE][PASSED] - Object 'Object Repository/ADMIN/Custom Item Fields Page/a_Default/button_Save2' is visible

2019-06-18 12:31:56 - [TEST_STEP][PASSED] - click: Object: 'Object Repository/ADMIN/Custom Item Fields Page/a_Default/button_Save2' is clicked on

2019-06-18 12:31:56 - [MESSAGE][PASSED] - Object: 'Object Repository/ADMIN/Custom Item Fields Page/a_Default/button_Save2' is clicked on]]></system-out>
         <system-err><![CDATA[2019-06-18 12:31:53 - [TEST_CASE][FAILED] - Test Cases/ADMIN/Custom Fields Page/Add Custom Item Fields/Add_TextEditor: Test Cases/ADMIN/Custom Fields Page/Add Custom Item Fields/Add_TextEditor FAILED because (of) Unable to select option by label 'Formatted Text Editor' of object 'Object Repository/ADMIN/Custom Item Fields Page/a_Default/dropdown_fieldtype'  (Root cause: org.openqa.selenium.NoSuchElementException: Cannot locate element with text: Formatted Text Editor
For documentation on this error, please visit: http://seleniumhq.org/exceptions/no_such_element.html
Build info: version: '3.7.1', revision: '8a0099a', time: '2017-11-06T21:07:36.161Z'
System info: host: 'ARCADIER-PC', ip: '10.10.31.95', os.name: 'Windows 7', os.arch: 'amd64', os.version: '6.1', java.version: '1.8.0_102'
Driver info: driver.version: unknown)]]></system-err>
      </testcase>
      <testcase name="Test Cases/ADMIN/Custom Fields Page/Add Custom Item Fields/Add_Textfield for Delete" classname="Test Cases/ADMIN/Custom Fields Page/Add Custom Item Fields/Add_Textfield for Delete" status="PASSED">
         <system-out><![CDATA[2019-06-18 12:31:56 - [TEST_CASE][PASSED] - Test Cases/ADMIN/Custom Fields Page/Add Custom Item Fields/Add_Textfield for Delete: Test Cases/ADMIN/Custom Fields Page/Add Custom Item Fields/Add_Textfield for Delete

2019-06-18 12:31:56 - [TEST_STEP][PASSED] - waitForElementVisible: Object 'Object Repository/ADMIN/Custom Item Fields List Page/button_Add Field' is visible

2019-06-18 12:31:56 - [MESSAGE][WARNING] - Timeout '0' is invalid. Using default page load timeout: '30'

2019-06-18 12:32:11 - [MESSAGE][PASSED] - Object 'Object Repository/ADMIN/Custom Item Fields List Page/button_Add Field' is visible

2019-06-18 12:32:11 - [TEST_STEP][PASSED] - click: Object: 'Object Repository/ADMIN/Custom Item Fields List Page/button_Add Field' is clicked on

2019-06-18 12:32:13 - [MESSAGE][PASSED] - Object: 'Object Repository/ADMIN/Custom Item Fields List Page/button_Add Field' is clicked on

2019-06-18 12:32:13 - [TEST_STEP][PASSED] - waitForElementVisible: Object 'Object Repository/ADMIN/Custom Item Fields Page/a_Default/dropdown_fieldtype' is visible

2019-06-18 12:32:13 - [MESSAGE][WARNING] - Timeout '0' is invalid. Using default page load timeout: '30'

2019-06-18 12:32:13 - [MESSAGE][PASSED] - Object 'Object Repository/ADMIN/Custom Item Fields Page/a_Default/dropdown_fieldtype' is visible

2019-06-18 12:32:13 - [TEST_STEP][PASSED] - selectOptionByLabel: All options with label 'Text Field' are selected in object 'Object Repository/ADMIN/Custom Item Fields Page/a_Default/dropdown_fieldtype' 

2019-06-18 12:32:13 - [MESSAGE][PASSED] - All options with label 'Text Field' are selected in object 'Object Repository/ADMIN/Custom Item Fields Page/a_Default/dropdown_fieldtype' 

2019-06-18 12:32:13 - [TEST_STEP][PASSED] - setText: Text 'Textfield For Delete' is set on object 'Object Repository/ADMIN/Custom Item Fields Page/a_Default/textfield_fieldname'

2019-06-18 12:32:13 - [MESSAGE][PASSED] - Text 'Textfield For Delete' is set on object 'Object Repository/ADMIN/Custom Item Fields Page/a_Default/textfield_fieldname'

2019-06-18 12:32:13 - [TEST_STEP][PASSED] - click: Object: 'Object Repository/ADMIN/Custom Item Fields Page/a_Default/button_Save1' is clicked on

2019-06-18 12:32:13 - [MESSAGE][PASSED] - Object: 'Object Repository/ADMIN/Custom Item Fields Page/a_Default/button_Save1' is clicked on

2019-06-18 12:32:13 - [TEST_STEP][PASSED] - waitForElementVisible: Object 'Object Repository/ADMIN/Custom Item Fields List Page/button_Add Field' is visible

2019-06-18 12:32:13 - [MESSAGE][WARNING] - Timeout '0' is invalid. Using default page load timeout: '30'

2019-06-18 12:32:14 - [MESSAGE][PASSED] - Object 'Object Repository/ADMIN/Custom Item Fields List Page/button_Add Field' is visible]]></system-out>
         <system-err><![CDATA[]]></system-err>
      </testcase>
      <testcase name="Test Cases/ADMIN/Custom Fields Page/Add Custom Item Fields/Add_Textfield For Edit" classname="Test Cases/ADMIN/Custom Fields Page/Add Custom Item Fields/Add_Textfield For Edit" status="PASSED">
         <system-out><![CDATA[2019-06-18 12:32:14 - [TEST_CASE][PASSED] - Test Cases/ADMIN/Custom Fields Page/Add Custom Item Fields/Add_Textfield For Edit: Test Cases/ADMIN/Custom Fields Page/Add Custom Item Fields/Add_Textfield For Edit

2019-06-18 12:32:14 - [TEST_STEP][PASSED] - waitForElementVisible: Object 'Object Repository/ADMIN/Custom Item Fields List Page/button_Add Field' is visible

2019-06-18 12:32:14 - [MESSAGE][WARNING] - Timeout '0' is invalid. Using default page load timeout: '30'

2019-06-18 12:32:15 - [MESSAGE][PASSED] - Object 'Object Repository/ADMIN/Custom Item Fields List Page/button_Add Field' is visible

2019-06-18 12:32:15 - [TEST_STEP][PASSED] - click: Object: 'Object Repository/ADMIN/Custom Item Fields List Page/button_Add Field' is clicked on

2019-06-18 12:32:15 - [MESSAGE][PASSED] - Object: 'Object Repository/ADMIN/Custom Item Fields List Page/button_Add Field' is clicked on

2019-06-18 12:32:15 - [TEST_STEP][PASSED] - waitForElementVisible: Object 'Object Repository/ADMIN/Custom Item Fields Page/a_Default/dropdown_fieldtype' is visible

2019-06-18 12:32:15 - [MESSAGE][WARNING] - Timeout '0' is invalid. Using default page load timeout: '30'

2019-06-18 12:32:15 - [MESSAGE][PASSED] - Object 'Object Repository/ADMIN/Custom Item Fields Page/a_Default/dropdown_fieldtype' is visible

2019-06-18 12:32:15 - [TEST_STEP][PASSED] - selectOptionByLabel: All options with label 'Text Field' are selected in object 'Object Repository/ADMIN/Custom Item Fields Page/a_Default/dropdown_fieldtype' 

2019-06-18 12:32:16 - [MESSAGE][PASSED] - All options with label 'Text Field' are selected in object 'Object Repository/ADMIN/Custom Item Fields Page/a_Default/dropdown_fieldtype' 

2019-06-18 12:32:16 - [TEST_STEP][PASSED] - setText: Text 'Textfield For Edit' is set on object 'Object Repository/ADMIN/Custom Item Fields Page/a_Default/textfield_fieldname'

2019-06-18 12:32:16 - [MESSAGE][PASSED] - Text 'Textfield For Edit' is set on object 'Object Repository/ADMIN/Custom Item Fields Page/a_Default/textfield_fieldname'

2019-06-18 12:32:16 - [TEST_STEP][PASSED] - click: Object: 'Object Repository/ADMIN/Custom Item Fields Page/a_Default/button_Save1' is clicked on

2019-06-18 12:32:16 - [MESSAGE][PASSED] - Object: 'Object Repository/ADMIN/Custom Item Fields Page/a_Default/button_Save1' is clicked on

2019-06-18 12:32:16 - [TEST_STEP][PASSED] - waitForElementVisible: Object 'Object Repository/ADMIN/Custom Item Fields List Page/button_Add Field' is visible

2019-06-18 12:32:16 - [MESSAGE][WARNING] - Timeout '0' is invalid. Using default page load timeout: '30'

2019-06-18 12:32:17 - [MESSAGE][PASSED] - Object 'Object Repository/ADMIN/Custom Item Fields List Page/button_Add Field' is visible]]></system-out>
         <system-err><![CDATA[]]></system-err>
      </testcase>
      <testcase name="Test Cases/ADMIN/Custom Fields Page/Add Custom Item Fields/Add_Textfield" classname="Test Cases/ADMIN/Custom Fields Page/Add Custom Item Fields/Add_Textfield" status="PASSED">
         <system-out><![CDATA[2019-06-18 12:32:17 - [TEST_CASE][PASSED] - Test Cases/ADMIN/Custom Fields Page/Add Custom Item Fields/Add_Textfield: Test Cases/ADMIN/Custom Fields Page/Add Custom Item Fields/Add_Textfield

2019-06-18 12:32:17 - [TEST_STEP][PASSED] - waitForElementVisible: Object 'Object Repository/ADMIN/Custom Item Fields List Page/button_Add Field' is visible

2019-06-18 12:32:17 - [MESSAGE][WARNING] - Timeout '0' is invalid. Using default page load timeout: '30'

2019-06-18 12:32:17 - [MESSAGE][PASSED] - Object 'Object Repository/ADMIN/Custom Item Fields List Page/button_Add Field' is visible

2019-06-18 12:32:17 - [TEST_STEP][PASSED] - click: Object: 'Object Repository/ADMIN/Custom Item Fields List Page/button_Add Field' is clicked on

2019-06-18 12:32:18 - [MESSAGE][PASSED] - Object: 'Object Repository/ADMIN/Custom Item Fields List Page/button_Add Field' is clicked on

2019-06-18 12:32:18 - [TEST_STEP][PASSED] - waitForElementVisible: Object 'Object Repository/ADMIN/Custom Item Fields Page/a_Default/dropdown_fieldtype' is visible

2019-06-18 12:32:18 - [MESSAGE][WARNING] - Timeout '0' is invalid. Using default page load timeout: '30'

2019-06-18 12:32:18 - [MESSAGE][PASSED] - Object 'Object Repository/ADMIN/Custom Item Fields Page/a_Default/dropdown_fieldtype' is visible

2019-06-18 12:32:18 - [TEST_STEP][PASSED] - selectOptionByLabel: All options with label 'Text Field' are selected in object 'Object Repository/ADMIN/Custom Item Fields Page/a_Default/dropdown_fieldtype' 

2019-06-18 12:32:18 - [MESSAGE][PASSED] - All options with label 'Text Field' are selected in object 'Object Repository/ADMIN/Custom Item Fields Page/a_Default/dropdown_fieldtype' 

2019-06-18 12:32:18 - [TEST_STEP][PASSED] - setText: Text 'Textfield Mandatory' is set on object 'Object Repository/ADMIN/Custom Item Fields Page/a_Default/textfield_fieldname'

2019-06-18 12:32:18 - [MESSAGE][PASSED] - Text 'Textfield Mandatory' is set on object 'Object Repository/ADMIN/Custom Item Fields Page/a_Default/textfield_fieldname'

2019-06-18 12:32:18 - [TEST_STEP][PASSED] - click: Object: 'Object Repository/ADMIN/Custom Item Fields Page/a_Default/button_SelectCategories' is clicked on

2019-06-18 12:32:19 - [MESSAGE][PASSED] - Object: 'Object Repository/ADMIN/Custom Item Fields Page/a_Default/button_SelectCategories' is clicked on

2019-06-18 12:32:19 - [TEST_STEP][PASSED] - waitForElementVisible: Object 'Object Repository/ADMIN/Custom Item Fields List Page/a_SelectCategories/linktext_SelectAll' is visible

2019-06-18 12:32:19 - [MESSAGE][WARNING] - Timeout '0' is invalid. Using default page load timeout: '30'

2019-06-18 12:32:19 - [MESSAGE][PASSED] - Object 'Object Repository/ADMIN/Custom Item Fields List Page/a_SelectCategories/linktext_SelectAll' is visible

2019-06-18 12:32:19 - [TEST_STEP][PASSED] - click: Object: 'Object Repository/ADMIN/Custom Item Fields List Page/a_SelectCategories/linktext_SelectAll' is clicked on

2019-06-18 12:32:19 - [MESSAGE][PASSED] - Object: 'Object Repository/ADMIN/Custom Item Fields List Page/a_SelectCategories/linktext_SelectAll' is clicked on

2019-06-18 12:32:19 - [TEST_STEP][PASSED] - click: Object: 'Object Repository/ADMIN/Custom Item Fields List Page/a_SelectCategories/button_Save' is clicked on

2019-06-18 12:32:20 - [MESSAGE][PASSED] - Object: 'Object Repository/ADMIN/Custom Item Fields List Page/a_SelectCategories/button_Save' is clicked on

2019-06-18 12:32:20 - [TEST_STEP][PASSED] - waitForElementVisible: Object 'Object Repository/ADMIN/Custom Item Fields Page/a_Default/button_Save2' is visible

2019-06-18 12:32:20 - [MESSAGE][WARNING] - Timeout '0' is invalid. Using default page load timeout: '30'

2019-06-18 12:32:20 - [MESSAGE][PASSED] - Object 'Object Repository/ADMIN/Custom Item Fields Page/a_Default/button_Save2' is visible

2019-06-18 12:32:20 - [TEST_STEP][PASSED] - click: Object: 'Object Repository/ADMIN/Custom Item Fields Page/a_Default/button_Save2' is clicked on

2019-06-18 12:32:20 - [MESSAGE][PASSED] - Object: 'Object Repository/ADMIN/Custom Item Fields Page/a_Default/button_Save2' is clicked on

2019-06-18 12:32:20 - [TEST_STEP][PASSED] - waitForElementVisible: Object 'Object Repository/ADMIN/Custom Item Fields List Page/button_Add Field' is visible

2019-06-18 12:32:20 - [MESSAGE][WARNING] - Timeout '0' is invalid. Using default page load timeout: '30'

2019-06-18 12:32:22 - [MESSAGE][PASSED] - Object 'Object Repository/ADMIN/Custom Item Fields List Page/button_Add Field' is visible]]></system-out>
         <system-err><![CDATA[]]></system-err>
      </testcase>
      <testcase name="Test Cases/Utilities/ADMIN/Admin Logout" classname="Test Cases/Utilities/ADMIN/Admin Logout" status="PASSED">
         <system-out><![CDATA[2019-06-18 12:32:22 - [TEST_CASE][PASSED] - Test Cases/Utilities/ADMIN/Admin Logout: Test Cases/Utilities/ADMIN/Admin Logout

2019-06-18 12:32:22 - [TEST_STEP][PASSED] - waitForElementVisible: Object 'Object Repository/Utilities/Admin Logout/button_Logout' is visible

2019-06-18 12:32:22 - [MESSAGE][WARNING] - Timeout '0' is invalid. Using default page load timeout: '30'

2019-06-18 12:32:22 - [MESSAGE][PASSED] - Object 'Object Repository/Utilities/Admin Logout/button_Logout' is visible

2019-06-18 12:32:22 - [TEST_STEP][PASSED] - click: Object: 'Object Repository/Utilities/Admin Logout/button_Logout' is clicked on

2019-06-18 12:32:22 - [MESSAGE][PASSED] - Object: 'Object Repository/Utilities/Admin Logout/button_Logout' is clicked on]]></system-out>
         <system-err><![CDATA[]]></system-err>
      </testcase>
      <system-out><![CDATA[2019-06-18 12:30:37 - [TEST_SUITE][FAILED] - Admin Add Custom Fields: Test Cases/Utilities/ADMIN/Admin Login FAILED because (of) Unable to maximize current window (Root cause: org.openqa.selenium.WebDriverException: unknown error: failed to change window state to normal, current state is maximized
  (Session info: chrome=74.0.3729.169)
  (Driver info: chromedriver=2.35.528161 (5b82f2d2aae0ca24b877009200ced9065a772e73),platform=Windows NT 6.1.7601 SP1 x86_64) (WARNING: The server did not provide any stacktrace information)
Command duration or timeout: 0 milliseconds
Build info: version: '3.7.1', revision: '8a0099a', time: '2017-11-06T21:07:36.161Z'
System info: host: 'ARCADIER-PC', ip: '10.10.31.95', os.name: 'Windows 7', os.arch: 'amd64', os.version: '6.1', java.version: '1.8.0_102'
Driver info: com.kms.katalon.core.webui.driver.ExistingRemoteWebDriver
Capabilities {javascriptEnabled: true, platform: ANY, platformName: ANY}
Session ID: 28642ad90c2aea5e6a8cd37926d1100c)]]></system-out>
      <system-err><![CDATA[2019-06-18 12:30:37 - [TEST_SUITE][FAILED] - Admin Add Custom Fields: Test Cases/Utilities/ADMIN/Admin Login FAILED because (of) Unable to maximize current window (Root cause: org.openqa.selenium.WebDriverException: unknown error: failed to change window state to normal, current state is maximized
  (Session info: chrome=74.0.3729.169)
  (Driver info: chromedriver=2.35.528161 (5b82f2d2aae0ca24b877009200ced9065a772e73),platform=Windows NT 6.1.7601 SP1 x86_64) (WARNING: The server did not provide any stacktrace information)
Command duration or timeout: 0 milliseconds
Build info: version: '3.7.1', revision: '8a0099a', time: '2017-11-06T21:07:36.161Z'
System info: host: 'ARCADIER-PC', ip: '10.10.31.95', os.name: 'Windows 7', os.arch: 'amd64', os.version: '6.1', java.version: '1.8.0_102'
Driver info: com.kms.katalon.core.webui.driver.ExistingRemoteWebDriver
Capabilities {javascriptEnabled: true, platform: ANY, platformName: ANY}
Session ID: 28642ad90c2aea5e6a8cd37926d1100c)]]></system-err>
   </testsuite>
</testsuites>
