<?xml version="1.0" encoding="UTF-8"?>
<testsuites name="Admin Add Category" time="2230" tests="22" failures="61" errors="0">
   <testsuite name="Admin Add Category" tests="22" failures="61" errors="0" time="2230" timestamp="2019-05-15 08:32:34" hostname="Arcadier - Arcadier-PC" id="Test Suites/Suites/Admin Add Category">
      <properties>
         <property name="deviceName" value=""/>
         <property name="devicePlatform" value=""/>
         <property name="logFolder" value="C:\\Katalon\\Arctick\\Reports\\Suites\\Admin Add Category\\20190515_083232"/>
         <property name="logFiles" value="C:\\Katalon\\Arctick\\Reports\\Suites\\Admin Add Category\\20190515_083232\\execution0.log"/>
         <property name="attachments" value="C:\\Katalon\\Arctick\\Reports\\Suites\\Admin Add Category\\20190515_083232\\1557880425338.png, C:\\Katalon\\Arctick\\Reports\\Suites\\Admin Add Category\\20190515_083232\\1557880497288.png, C:\\Katalon\\Arctick\\Reports\\Suites\\Admin Add Category\\20190515_083232\\1557880548642.png, C:\\Katalon\\Arctick\\Reports\\Suites\\Admin Add Category\\20190515_083232\\1557880559249.png, C:\\Katalon\\Arctick\\Reports\\Suites\\Admin Add Category\\20190515_083232\\1557880595995.png, C:\\Katalon\\Arctick\\Reports\\Suites\\Admin Add Category\\20190515_083232\\1557880613377.png, C:\\Katalon\\Arctick\\Reports\\Suites\\Admin Add Category\\20190515_083232\\1557880650266.png, C:\\Katalon\\Arctick\\Reports\\Suites\\Admin Add Category\\20190515_083232\\1557880662022.png, C:\\Katalon\\Arctick\\Reports\\Suites\\Admin Add Category\\20190515_083232\\1557880697059.png, C:\\Katalon\\Arctick\\Reports\\Suites\\Admin Add Category\\20190515_083232\\1557880718925.png, C:\\Katalon\\Arctick\\Reports\\Suites\\Admin Add Category\\20190515_083232\\1557880777768.png, C:\\Katalon\\Arctick\\Reports\\Suites\\Admin Add Category\\20190515_083232\\1557880788047.png, C:\\Katalon\\Arctick\\Reports\\Suites\\Admin Add Category\\20190515_083232\\1557880807116.png, C:\\Katalon\\Arctick\\Reports\\Suites\\Admin Add Category\\20190515_083232\\1557880859392.png, C:\\Katalon\\Arctick\\Reports\\Suites\\Admin Add Category\\20190515_083232\\1557880991920.png, C:\\Katalon\\Arctick\\Reports\\Suites\\Admin Add Category\\20190515_083232\\1557881004361.png, C:\\Katalon\\Arctick\\Reports\\Suites\\Admin Add Category\\20190515_083232\\1557881021291.png, C:\\Katalon\\Arctick\\Reports\\Suites\\Admin Add Category\\20190515_083232\\1557881035856.png, C:\\Katalon\\Arctick\\Reports\\Suites\\Admin Add Category\\20190515_083232\\1557881070986.png, C:\\Katalon\\Arctick\\Reports\\Suites\\Admin Add Category\\20190515_083232\\1557881083524.png, C:\\Katalon\\Arctick\\Reports\\Suites\\Admin Add Category\\20190515_083232\\1557881115926.png, C:\\Katalon\\Arctick\\Reports\\Suites\\Admin Add Category\\20190515_083232\\1557881119757.png, C:\\Katalon\\Arctick\\Reports\\Suites\\Admin Add Category\\20190515_083232\\1557881147534.png, C:\\Katalon\\Arctick\\Reports\\Suites\\Admin Add Category\\20190515_083232\\1557881151613.png, C:\\Katalon\\Arctick\\Reports\\Suites\\Admin Add Category\\20190515_083232\\1557881175644.png, C:\\Katalon\\Arctick\\Reports\\Suites\\Admin Add Category\\20190515_083232\\1557881179589.png, C:\\Katalon\\Arctick\\Reports\\Suites\\Admin Add Category\\20190515_083232\\1557881201577.png, C:\\Katalon\\Arctick\\Reports\\Suites\\Admin Add Category\\20190515_083232\\1557881205335.png, C:\\Katalon\\Arctick\\Reports\\Suites\\Admin Add Category\\20190515_083232\\1557881265542.png, C:\\Katalon\\Arctick\\Reports\\Suites\\Admin Add Category\\20190515_083232\\1557881290140.png, C:\\Katalon\\Arctick\\Reports\\Suites\\Admin Add Category\\20190515_083232\\1557881295955.png, C:\\Katalon\\Arctick\\Reports\\Suites\\Admin Add Category\\20190515_083232\\1557881322211.png, C:\\Katalon\\Arctick\\Reports\\Suites\\Admin Add Category\\20190515_083232\\1557881344123.png, C:\\Katalon\\Arctick\\Reports\\Suites\\Admin Add Category\\20190515_083232\\1557881373346.png, C:\\Katalon\\Arctick\\Reports\\Suites\\Admin Add Category\\20190515_083232\\1557881379051.png, C:\\Katalon\\Arctick\\Reports\\Suites\\Admin Add Category\\20190515_083232\\1557881396432.png, C:\\Katalon\\Arctick\\Reports\\Suites\\Admin Add Category\\20190515_083232\\1557881402762.png, C:\\Katalon\\Arctick\\Reports\\Suites\\Admin Add Category\\20190515_083232\\1557881425931.png, C:\\Katalon\\Arctick\\Reports\\Suites\\Admin Add Category\\20190515_083232\\1557881440548.png, C:\\Katalon\\Arctick\\Reports\\Suites\\Admin Add Category\\20190515_083232\\1557881515382.png, C:\\Katalon\\Arctick\\Reports\\Suites\\Admin Add Category\\20190515_083232\\1557881543696.png, C:\\Katalon\\Arctick\\Reports\\Suites\\Admin Add Category\\20190515_083232\\1557881572745.png, C:\\Katalon\\Arctick\\Reports\\Suites\\Admin Add Category\\20190515_083232\\1557881575038.png, C:\\Katalon\\Arctick\\Reports\\Suites\\Admin Add Category\\20190515_083232\\1557881601660.png, C:\\Katalon\\Arctick\\Reports\\Suites\\Admin Add Category\\20190515_083232\\1557881611905.png, C:\\Katalon\\Arctick\\Reports\\Suites\\Admin Add Category\\20190515_083232\\1557881618068.png, C:\\Katalon\\Arctick\\Reports\\Suites\\Admin Add Category\\20190515_083232\\1557881645223.png, C:\\Katalon\\Arctick\\Reports\\Suites\\Admin Add Category\\20190515_083232\\1557881651377.png, C:\\Katalon\\Arctick\\Reports\\Suites\\Admin Add Category\\20190515_083232\\1557881668297.png, C:\\Katalon\\Arctick\\Reports\\Suites\\Admin Add Category\\20190515_083232\\1557881711637.png, C:\\Katalon\\Arctick\\Reports\\Suites\\Admin Add Category\\20190515_083232\\1557881717637.png, C:\\Katalon\\Arctick\\Reports\\Suites\\Admin Add Category\\20190515_083232\\1557881726943.png, C:\\Katalon\\Arctick\\Reports\\Suites\\Admin Add Category\\20190515_083232\\1557881744625.png, C:\\Katalon\\Arctick\\Reports\\Suites\\Admin Add Category\\20190515_083232\\1557881748774.png, C:\\Katalon\\Arctick\\Reports\\Suites\\Admin Add Category\\20190515_083232\\1557881812773.png, C:\\Katalon\\Arctick\\Reports\\Suites\\Admin Add Category\\20190515_083232\\1557881815045.png, C:\\Katalon\\Arctick\\Reports\\Suites\\Admin Add Category\\20190515_083232\\1557881835311.png, C:\\Katalon\\Arctick\\Reports\\Suites\\Admin Add Category\\20190515_083232\\1557881839928.png, C:\\Katalon\\Arctick\\Reports\\Suites\\Admin Add Category\\20190515_083232\\1557881862292.png, C:\\Katalon\\Arctick\\Reports\\Suites\\Admin Add Category\\20190515_083232\\1557881862742.png, C:\\Katalon\\Arctick\\Reports\\Suites\\Admin Add Category\\20190515_083232\\1557881864457.png, C:\\Katalon\\Arctick\\Reports\\Suites\\Admin Add Category\\20190515_083232\\1557881864845.png, C:\\Katalon\\Arctick\\Reports\\Suites\\Admin Add Category\\20190515_083232\\1557881867208.png, C:\\Katalon\\Arctick\\Reports\\Suites\\Admin Add Category\\20190515_083232\\1557881867591.png, C:\\Katalon\\Arctick\\Reports\\Suites\\Admin Add Category\\20190515_083232\\1557881867953.png, C:\\Katalon\\Arctick\\Reports\\Suites\\Admin Add Category\\20190515_083232\\1557881899976.png, C:\\Katalon\\Arctick\\Reports\\Suites\\Admin Add Category\\20190515_083232\\1557881931322.png, C:\\Katalon\\Arctick\\Reports\\Suites\\Admin Add Category\\20190515_083232\\1557881962693.png, C:\\Katalon\\Arctick\\Reports\\Suites\\Admin Add Category\\20190515_083232\\1557881963063.png, C:\\Katalon\\Arctick\\Reports\\Suites\\Admin Add Category\\20190515_083232\\1557881995227.png, C:\\Katalon\\Arctick\\Reports\\Suites\\Admin Add Category\\20190515_083232\\1557881999579.png, C:\\Katalon\\Arctick\\Reports\\Suites\\Admin Add Category\\20190515_083232\\1557882042026.png, C:\\Katalon\\Arctick\\Reports\\Suites\\Admin Add Category\\20190515_083232\\1557882046107.png, C:\\Katalon\\Arctick\\Reports\\Suites\\Admin Add Category\\20190515_083232\\1557882059017.png, C:\\Katalon\\Arctick\\Reports\\Suites\\Admin Add Category\\20190515_083232\\1557882063668.png, C:\\Katalon\\Arctick\\Reports\\Suites\\Admin Add Category\\20190515_083232\\1557882076950.png, C:\\Katalon\\Arctick\\Reports\\Suites\\Admin Add Category\\20190515_083232\\1557882115785.png, C:\\Katalon\\Arctick\\Reports\\Suites\\Admin Add Category\\20190515_083232\\1557882123254.png, C:\\Katalon\\Arctick\\Reports\\Suites\\Admin Add Category\\20190515_083232\\1557882131904.png, C:\\Katalon\\Arctick\\Reports\\Suites\\Admin Add Category\\20190515_083232\\1557882149807.png, C:\\Katalon\\Arctick\\Reports\\Suites\\Admin Add Category\\20190515_083232\\1557882154468.png, C:\\Katalon\\Arctick\\Reports\\Suites\\Admin Add Category\\20190515_083232\\1557882207292.png, C:\\Katalon\\Arctick\\Reports\\Suites\\Admin Add Category\\20190515_083232\\1557882242063.png, C:\\Katalon\\Arctick\\Reports\\Suites\\Admin Add Category\\20190515_083232\\1557882372151.png, C:\\Katalon\\Arctick\\Reports\\Suites\\Admin Add Category\\20190515_083232\\1557882415610.png, C:\\Katalon\\Arctick\\Reports\\Suites\\Admin Add Category\\20190515_083232\\1557882418016.png, C:\\Katalon\\Arctick\\Reports\\Suites\\Admin Add Category\\20190515_083232\\1557882428212.png, C:\\Katalon\\Arctick\\Reports\\Suites\\Admin Add Category\\20190515_083232\\1557882432056.png, C:\\Katalon\\Arctick\\Reports\\Suites\\Admin Add Category\\20190515_083232\\1557882447039.png, C:\\Katalon\\Arctick\\Reports\\Suites\\Admin Add Category\\20190515_083232\\1557882492295.png, C:\\Katalon\\Arctick\\Reports\\Suites\\Admin Add Category\\20190515_083232\\1557882500508.png, C:\\Katalon\\Arctick\\Reports\\Suites\\Admin Add Category\\20190515_083232\\1557882505849.png, C:\\Katalon\\Arctick\\Reports\\Suites\\Admin Add Category\\20190515_083232\\1557882555810.png"/>
         <property name="hostName" value="Arcadier - Arcadier-PC"/>
         <property name="os" value="Windows 7 64bit"/>
         <property name="katalonVersion" value="5.4.2.1"/>
         <property name="browser" value="Chrome 74.0.3729.131"/>
         <property name="hostAddress" value="10.10.31.95"/>
         <property name="sessionId" value="4cba786bf88613ee8a0544a4d9db771f"/>
         <property name="seleniumVersion" value="3.7.1"/>
         <property name="proxyInformation" value="ProxyInformation{proxyOption=NO_PROXY, proxyServerType=HTTP, password=, proxyServerAddress=, proxyServerPort=0}"/>
         <property name="platform" value="Windows 7"/>
      </properties>
      <testcase name="Test Cases/Utilities/ADMIN/Admin Login" classname="Test Cases/Utilities/ADMIN/Admin Login" status="PASSED">
         <system-out><![CDATA[2019-05-15 08:32:34 - [TEST_CASE][PASSED] - Test Cases/Utilities/ADMIN/Admin Login: Test Cases/Utilities/ADMIN/Admin Login

2019-05-15 08:32:35 - [TEST_STEP][PASSED] - openBrowser: Browser is opened with url: ''

2019-05-15 08:32:35 - [MESSAGE][PASSED] - Browser is opened with url: ''

2019-05-15 08:32:35 - [TEST_STEP][PASSED] - maximizeWindow: Current window maximized

2019-05-15 08:32:35 - [MESSAGE][PASSED] - Current window maximized

2019-05-15 08:32:35 - [TEST_STEP][PASSED] - navigateToUrl: Navigate to 'http://0514SR.test.arcadier.io/admin' successfully

2019-05-15 08:32:36 - [MESSAGE][PASSED] - Navigate to 'http://0514SR.test.arcadier.io/admin' successfully

2019-05-15 08:32:36 - [TEST_STEP][PASSED] - Statement - If (AdminAccountType == "custom"): Object: 'Object Repository/ADMIN/Admin Login/Admin Login/btn_signin' is clicked on

2019-05-15 08:32:36 - [TEST_STEP][PASSED] - waitForElementVisible: Object 'Object Repository/ADMIN/Admin Login/Admin Login/txtbox_username' is visible

2019-05-15 08:32:36 - [MESSAGE][WARNING] - Timeout '0' is invalid. Using default page load timeout: '30'

2019-05-15 08:32:36 - [MESSAGE][PASSED] - Object 'Object Repository/ADMIN/Admin Login/Admin Login/txtbox_username' is visible

2019-05-15 08:32:36 - [TEST_STEP][PASSED] - setText: Text '0514SR' is set on object 'Object Repository/ADMIN/Admin Login/Admin Login/txtbox_username'

2019-05-15 08:32:36 - [MESSAGE][PASSED] - Text '0514SR' is set on object 'Object Repository/ADMIN/Admin Login/Admin Login/txtbox_username'

2019-05-15 08:32:36 - [TEST_STEP][PASSED] - setText: Text 'welcome8' is set on object 'Object Repository/ADMIN/Admin Login/Admin Login/txtbox_password'

2019-05-15 08:32:36 - [MESSAGE][PASSED] - Text 'welcome8' is set on object 'Object Repository/ADMIN/Admin Login/Admin Login/txtbox_password'

2019-05-15 08:32:36 - [TEST_STEP][PASSED] - click: Object: 'Object Repository/ADMIN/Admin Login/Admin Login/btn_signin' is clicked on

2019-05-15 08:32:38 - [MESSAGE][PASSED] - Object: 'Object Repository/ADMIN/Admin Login/Admin Login/btn_signin' is clicked on]]></system-out>
         <system-err><![CDATA[]]></system-err>
      </testcase>
      <testcase name="Test Cases/ADMIN/Content Mgmt/Categories/Category Add-Edit/Add Category" classname="Test Cases/ADMIN/Content Mgmt/Categories/Category Add-Edit/Add Category" status="PASSED">
         <system-out><![CDATA[2019-05-15 08:32:38 - [TEST_CASE][PASSED] - Test Cases/ADMIN/Content Mgmt/Categories/Category Add-Edit/Add Category: Test Cases/ADMIN/Content Mgmt/Categories/Category Add-Edit/Add Category

2019-05-15 08:32:38 - [TEST_STEP][PASSED] - waitForElementVisible: Object 'Object Repository/ADMIN/Categories/Category List/button_Content Mgmt' is visible

2019-05-15 08:32:38 - [MESSAGE][WARNING] - Timeout '0' is invalid. Using default page load timeout: '30'

2019-05-15 08:32:39 - [MESSAGE][PASSED] - Object 'Object Repository/ADMIN/Categories/Category List/button_Content Mgmt' is visible

2019-05-15 08:32:39 - [TEST_STEP][PASSED] - click: Object: 'Object Repository/ADMIN/Categories/Category List/button_Content Mgmt' is clicked on

2019-05-15 08:32:39 - [MESSAGE][PASSED] - Object: 'Object Repository/ADMIN/Categories/Category List/button_Content Mgmt' is clicked on

2019-05-15 08:32:39 - [TEST_STEP][PASSED] - waitForElementVisible: Object 'Object Repository/ADMIN/Categories/Category List/button_Categories' is visible

2019-05-15 08:32:39 - [MESSAGE][WARNING] - Timeout '0' is invalid. Using default page load timeout: '30'

2019-05-15 08:32:39 - [MESSAGE][PASSED] - Object 'Object Repository/ADMIN/Categories/Category List/button_Categories' is visible

2019-05-15 08:32:39 - [TEST_STEP][PASSED] - click: Object: 'Object Repository/ADMIN/Categories/Category List/button_Categories' is clicked on

2019-05-15 08:32:51 - [MESSAGE][PASSED] - Object: 'Object Repository/ADMIN/Categories/Category List/button_Categories' is clicked on

2019-05-15 08:32:51 - [TEST_STEP][PASSED] - waitForPageLoad: Wait for page load successfully

2019-05-15 08:32:51 - [MESSAGE][WARNING] - Timeout '0' is invalid. Using default page load timeout: '30'

2019-05-15 08:32:51 - [MESSAGE][PASSED] - Wait for page load successfully

2019-05-15 08:32:51 - [TEST_STEP][PASSED] - click: Object: 'Object Repository/ADMIN/Categories/Category List/button_Add a Category' is clicked on

2019-05-15 08:32:52 - [MESSAGE][PASSED] - Object: 'Object Repository/ADMIN/Categories/Category List/button_Add a Category' is clicked on

2019-05-15 08:32:52 - [TEST_STEP][PASSED] - waitForElementPresent: Object 'Object Repository/ADMIN/Categories/Category/dropdown_Parent' is present

2019-05-15 08:32:52 - [MESSAGE][PASSED] - Object 'Object Repository/ADMIN/Categories/Category/dropdown_Parent' is present

2019-05-15 08:32:52 - [TEST_STEP][PASSED] - delay: Delayed 1 second(s)

2019-05-15 08:32:53 - [MESSAGE][PASSED] - Delayed 1 second(s)

2019-05-15 08:32:53 - [TEST_STEP][PASSED] - setText: Text 'Category 1.1' is set on object 'Object Repository/ADMIN/Categories/Category/textfield_Category Name'

2019-05-15 08:32:53 - [MESSAGE][PASSED] - Text 'Category 1.1' is set on object 'Object Repository/ADMIN/Categories/Category/textfield_Category Name'

2019-05-15 08:32:53 - [TEST_STEP][PASSED] - click: Object: 'Object Repository/ADMIN/Categories/Category/dropdown_Parent' is clicked on

2019-05-15 08:32:53 - [MESSAGE][PASSED] - Object: 'Object Repository/ADMIN/Categories/Category/dropdown_Parent' is clicked on

2019-05-15 08:32:53 - [TEST_STEP][PASSED] - delay: Delayed 2 second(s)

2019-05-15 08:32:55 - [MESSAGE][PASSED] - Delayed 2 second(s)

2019-05-15 08:32:55 - [TEST_STEP][PASSED] - click: Object: 'Object Repository/ADMIN/Categories/Category/dropdown_Parent' is clicked on

2019-05-15 08:32:55 - [MESSAGE][PASSED] - Object: 'Object Repository/ADMIN/Categories/Category/dropdown_Parent' is clicked on

2019-05-15 08:32:55 - [TEST_STEP][PASSED] - selectOptionByLabel: All options with label 'Category 1' are selected in object 'Object Repository/ADMIN/Categories/Category/dropdown_Parent' 

2019-05-15 08:32:55 - [MESSAGE][PASSED] - All options with label 'Category 1' are selected in object 'Object Repository/ADMIN/Categories/Category/dropdown_Parent' 

2019-05-15 08:32:55 - [TEST_STEP][PASSED] - click: Object: 'Object Repository/ADMIN/Categories/Category/button_Browse' is clicked on

2019-05-15 08:32:55 - [MESSAGE][PASSED] - Object: 'Object Repository/ADMIN/Categories/Category/button_Browse' is clicked on

2019-05-15 08:32:55 - [TEST_STEP][PASSED] - delay: Delayed 1 second(s)

2019-05-15 08:32:56 - [MESSAGE][PASSED] - Delayed 1 second(s)

2019-05-15 08:32:56 - [TEST_STEP][PASSED] - uploadFile: File 'C:\\Katalon\\Image\\pic1.jpg' sent to object: 'Object Repository/ADMIN/Categories/Category/image_input image'

2019-05-15 08:32:56 - [MESSAGE][PASSED] - File 'C:\\Katalon\\Image\\pic1.jpg' sent to object: 'Object Repository/ADMIN/Categories/Category/image_input image'

2019-05-15 08:32:56 - [TEST_STEP][PASSED] - waitForElementVisible: Object 'Object Repository/ADMIN/Categories/Category/button_upload check' is visible

2019-05-15 08:32:56 - [MESSAGE][WARNING] - Timeout '0' is invalid. Using default page load timeout: '30'

2019-05-15 08:32:56 - [MESSAGE][PASSED] - Object 'Object Repository/ADMIN/Categories/Category/button_upload check' is visible

2019-05-15 08:32:56 - [TEST_STEP][PASSED] - click: Object: 'Object Repository/ADMIN/Categories/Category/button_upload check' is clicked on

2019-05-15 08:32:56 - [MESSAGE][PASSED] - Object: 'Object Repository/ADMIN/Categories/Category/button_upload check' is clicked on

2019-05-15 08:32:56 - [TEST_STEP][PASSED] - click: Object: 'Object Repository/ADMIN/Categories/Category/button_upload save' is clicked on

2019-05-15 08:32:56 - [MESSAGE][PASSED] - Object: 'Object Repository/ADMIN/Categories/Category/button_upload save' is clicked on

2019-05-15 08:32:56 - [TEST_STEP][PASSED] - waitForElementVisible: Object 'Object Repository/ADMIN/Categories/Category/button_upload save' is visible

2019-05-15 08:32:56 - [MESSAGE][WARNING] - Timeout '0' is invalid. Using default page load timeout: '30'

2019-05-15 08:32:56 - [MESSAGE][PASSED] - Object 'Object Repository/ADMIN/Categories/Category/button_upload save' is visible

2019-05-15 08:32:56 - [TEST_STEP][PASSED] - setText: Text 'Description2' is set on object 'Object Repository/ADMIN/Categories/Category/textfield_category_description'

2019-05-15 08:32:57 - [MESSAGE][PASSED] - Text 'Description2' is set on object 'Object Repository/ADMIN/Categories/Category/textfield_category_description'

2019-05-15 08:32:57 - [TEST_STEP][PASSED] - click: Object: 'Object Repository/ADMIN/Categories/Category/button_Save' is clicked on

2019-05-15 08:32:57 - [MESSAGE][PASSED] - Object: 'Object Repository/ADMIN/Categories/Category/button_Save' is clicked on

2019-05-15 08:32:57 - [TEST_STEP][PASSED] - waitForElementVisible: Object 'Object Repository/ADMIN/Categories/Category/label_edit popup' is visible

2019-05-15 08:32:57 - [MESSAGE][WARNING] - Timeout '0' is invalid. Using default page load timeout: '30'

2019-05-15 08:33:00 - [MESSAGE][PASSED] - Object 'Object Repository/ADMIN/Categories/Category/label_edit popup' is visible

2019-05-15 08:33:00 - [TEST_STEP][PASSED] - waitForElementNotPresent: Web element with id: 'Object Repository/ADMIN/Categories/Category/label_edit popup' located by 'By.xpath: //div[(text() = 'Category was successfully saved.' or . = 'Category was successfully saved.')]' is not present after '30' second(s)

2019-05-15 08:33:00 - [MESSAGE][WARNING] - Timeout '0' is invalid. Using default page load timeout: '30'

2019-05-15 08:33:06 - [MESSAGE][PASSED] - Web element with id: 'Object Repository/ADMIN/Categories/Category/label_edit popup' located by 'By.xpath: //div[(text() = 'Category was successfully saved.' or . = 'Category was successfully saved.')]' is not present after '30' second(s)]]></system-out>
         <system-err><![CDATA[]]></system-err>
      </testcase>
      <testcase name="Test Cases/ADMIN/Content Mgmt/Categories/Category Add-Edit/Add Category" classname="Test Cases/ADMIN/Content Mgmt/Categories/Category Add-Edit/Add Category" status="PASSED">
         <system-out><![CDATA[2019-05-15 08:33:06 - [TEST_CASE][PASSED] - Test Cases/ADMIN/Content Mgmt/Categories/Category Add-Edit/Add Category: Test Cases/ADMIN/Content Mgmt/Categories/Category Add-Edit/Add Category

2019-05-15 08:33:06 - [TEST_STEP][PASSED] - waitForElementVisible: Object 'Object Repository/ADMIN/Categories/Category List/button_Content Mgmt' is visible

2019-05-15 08:33:06 - [MESSAGE][WARNING] - Timeout '0' is invalid. Using default page load timeout: '30'

2019-05-15 08:33:06 - [MESSAGE][PASSED] - Object 'Object Repository/ADMIN/Categories/Category List/button_Content Mgmt' is visible

2019-05-15 08:33:06 - [TEST_STEP][PASSED] - click: Object: 'Object Repository/ADMIN/Categories/Category List/button_Content Mgmt' is clicked on

2019-05-15 08:33:06 - [MESSAGE][PASSED] - Object: 'Object Repository/ADMIN/Categories/Category List/button_Content Mgmt' is clicked on

2019-05-15 08:33:06 - [TEST_STEP][PASSED] - waitForElementVisible: Object 'Object Repository/ADMIN/Categories/Category List/button_Categories' is visible

2019-05-15 08:33:06 - [MESSAGE][WARNING] - Timeout '0' is invalid. Using default page load timeout: '30'

2019-05-15 08:33:06 - [MESSAGE][PASSED] - Object 'Object Repository/ADMIN/Categories/Category List/button_Categories' is visible

2019-05-15 08:33:06 - [TEST_STEP][PASSED] - click: Object: 'Object Repository/ADMIN/Categories/Category List/button_Categories' is clicked on

2019-05-15 08:33:17 - [MESSAGE][PASSED] - Object: 'Object Repository/ADMIN/Categories/Category List/button_Categories' is clicked on

2019-05-15 08:33:17 - [TEST_STEP][PASSED] - waitForPageLoad: Wait for page load successfully

2019-05-15 08:33:17 - [MESSAGE][WARNING] - Timeout '0' is invalid. Using default page load timeout: '30'

2019-05-15 08:33:17 - [MESSAGE][PASSED] - Wait for page load successfully

2019-05-15 08:33:17 - [TEST_STEP][PASSED] - click: Object: 'Object Repository/ADMIN/Categories/Category List/button_Add a Category' is clicked on

2019-05-15 08:33:17 - [MESSAGE][PASSED] - Object: 'Object Repository/ADMIN/Categories/Category List/button_Add a Category' is clicked on

2019-05-15 08:33:17 - [TEST_STEP][PASSED] - waitForElementPresent: Object 'Object Repository/ADMIN/Categories/Category/dropdown_Parent' is present

2019-05-15 08:33:17 - [MESSAGE][PASSED] - Object 'Object Repository/ADMIN/Categories/Category/dropdown_Parent' is present

2019-05-15 08:33:17 - [TEST_STEP][PASSED] - delay: Delayed 1 second(s)

2019-05-15 08:33:18 - [MESSAGE][PASSED] - Delayed 1 second(s)

2019-05-15 08:33:18 - [TEST_STEP][PASSED] - setText: Text 'Category 1.2' is set on object 'Object Repository/ADMIN/Categories/Category/textfield_Category Name'

2019-05-15 08:33:18 - [MESSAGE][PASSED] - Text 'Category 1.2' is set on object 'Object Repository/ADMIN/Categories/Category/textfield_Category Name'

2019-05-15 08:33:18 - [TEST_STEP][PASSED] - click: Object: 'Object Repository/ADMIN/Categories/Category/dropdown_Parent' is clicked on

2019-05-15 08:33:19 - [MESSAGE][PASSED] - Object: 'Object Repository/ADMIN/Categories/Category/dropdown_Parent' is clicked on

2019-05-15 08:33:19 - [TEST_STEP][PASSED] - delay: Delayed 2 second(s)

2019-05-15 08:33:21 - [MESSAGE][PASSED] - Delayed 2 second(s)

2019-05-15 08:33:21 - [TEST_STEP][PASSED] - click: Object: 'Object Repository/ADMIN/Categories/Category/dropdown_Parent' is clicked on

2019-05-15 08:33:21 - [MESSAGE][PASSED] - Object: 'Object Repository/ADMIN/Categories/Category/dropdown_Parent' is clicked on

2019-05-15 08:33:21 - [TEST_STEP][PASSED] - selectOptionByLabel: All options with label 'Category 1' are selected in object 'Object Repository/ADMIN/Categories/Category/dropdown_Parent' 

2019-05-15 08:33:21 - [MESSAGE][PASSED] - All options with label 'Category 1' are selected in object 'Object Repository/ADMIN/Categories/Category/dropdown_Parent' 

2019-05-15 08:33:21 - [TEST_STEP][PASSED] - click: Object: 'Object Repository/ADMIN/Categories/Category/button_Browse' is clicked on

2019-05-15 08:33:21 - [MESSAGE][PASSED] - Object: 'Object Repository/ADMIN/Categories/Category/button_Browse' is clicked on

2019-05-15 08:33:21 - [TEST_STEP][PASSED] - delay: Delayed 1 second(s)

2019-05-15 08:33:22 - [MESSAGE][PASSED] - Delayed 1 second(s)

2019-05-15 08:33:22 - [TEST_STEP][PASSED] - uploadFile: File 'C:\\Katalon\\Image\\pic2.jpg' sent to object: 'Object Repository/ADMIN/Categories/Category/image_input image'

2019-05-15 08:33:22 - [MESSAGE][PASSED] - File 'C:\\Katalon\\Image\\pic2.jpg' sent to object: 'Object Repository/ADMIN/Categories/Category/image_input image'

2019-05-15 08:33:22 - [TEST_STEP][PASSED] - waitForElementVisible: Object 'Object Repository/ADMIN/Categories/Category/button_upload check' is visible

2019-05-15 08:33:22 - [MESSAGE][WARNING] - Timeout '0' is invalid. Using default page load timeout: '30'

2019-05-15 08:33:22 - [MESSAGE][PASSED] - Object 'Object Repository/ADMIN/Categories/Category/button_upload check' is visible

2019-05-15 08:33:22 - [TEST_STEP][PASSED] - click: Object: 'Object Repository/ADMIN/Categories/Category/button_upload check' is clicked on

2019-05-15 08:33:22 - [MESSAGE][PASSED] - Object: 'Object Repository/ADMIN/Categories/Category/button_upload check' is clicked on

2019-05-15 08:33:22 - [TEST_STEP][PASSED] - click: Object: 'Object Repository/ADMIN/Categories/Category/button_upload save' is clicked on

2019-05-15 08:33:22 - [MESSAGE][PASSED] - Object: 'Object Repository/ADMIN/Categories/Category/button_upload save' is clicked on

2019-05-15 08:33:22 - [TEST_STEP][PASSED] - waitForElementVisible: Object 'Object Repository/ADMIN/Categories/Category/button_upload save' is visible

2019-05-15 08:33:22 - [MESSAGE][WARNING] - Timeout '0' is invalid. Using default page load timeout: '30'

2019-05-15 08:33:22 - [MESSAGE][PASSED] - Object 'Object Repository/ADMIN/Categories/Category/button_upload save' is visible

2019-05-15 08:33:22 - [TEST_STEP][PASSED] - setText: Text 'Description3' is set on object 'Object Repository/ADMIN/Categories/Category/textfield_category_description'

2019-05-15 08:33:22 - [MESSAGE][PASSED] - Text 'Description3' is set on object 'Object Repository/ADMIN/Categories/Category/textfield_category_description'

2019-05-15 08:33:22 - [TEST_STEP][PASSED] - click: Object: 'Object Repository/ADMIN/Categories/Category/button_Save' is clicked on

2019-05-15 08:33:22 - [MESSAGE][PASSED] - Object: 'Object Repository/ADMIN/Categories/Category/button_Save' is clicked on

2019-05-15 08:33:22 - [TEST_STEP][PASSED] - waitForElementVisible: Object 'Object Repository/ADMIN/Categories/Category/label_edit popup' is visible

2019-05-15 08:33:22 - [MESSAGE][WARNING] - Timeout '0' is invalid. Using default page load timeout: '30'

2019-05-15 08:33:23 - [MESSAGE][PASSED] - Object 'Object Repository/ADMIN/Categories/Category/label_edit popup' is visible

2019-05-15 08:33:23 - [TEST_STEP][PASSED] - waitForElementNotPresent: Web element with id: 'Object Repository/ADMIN/Categories/Category/label_edit popup' located by 'By.xpath: //div[(text() = 'Category was successfully saved.' or . = 'Category was successfully saved.')]' is not present after '30' second(s)

2019-05-15 08:33:23 - [MESSAGE][WARNING] - Timeout '0' is invalid. Using default page load timeout: '30'

2019-05-15 08:33:29 - [MESSAGE][PASSED] - Web element with id: 'Object Repository/ADMIN/Categories/Category/label_edit popup' located by 'By.xpath: //div[(text() = 'Category was successfully saved.' or . = 'Category was successfully saved.')]' is not present after '30' second(s)]]></system-out>
         <system-err><![CDATA[]]></system-err>
      </testcase>
      <testcase name="Test Cases/ADMIN/Content Mgmt/Categories/Category Add-Edit/Add Category" classname="Test Cases/ADMIN/Content Mgmt/Categories/Category Add-Edit/Add Category" status="FAILED">
         <failure type="FAILED" message="Unable to select option by label 'Category 1.2' of object 'Object Repository/ADMIN/Categories/Category/dropdown_Parent'  (Root cause: org.openqa.selenium.NoSuchElementException: Cannot locate element with text: Category 1.2
For documentation on this error, please visit: http://seleniumhq.org/exceptions/no_such_element.html
Build info: version: '3.7.1', revision: '8a0099a', time: '2017-11-06T21:07:36.161Z'
System info: host: 'ARCADIER-PC', ip: '10.10.31.95', os.name: 'Windows 7', os.arch: 'amd64', os.version: '6.1', java.version: '1.8.0_102'
Driver info: driver.version: unknown)"/>
         <system-out><![CDATA[2019-05-15 08:33:29 - [TEST_CASE][FAILED] - Test Cases/ADMIN/Content Mgmt/Categories/Category Add-Edit/Add Category: Test Cases/ADMIN/Content Mgmt/Categories/Category Add-Edit/Add Category FAILED because (of) Unable to select option by label 'Category 1.2' of object 'Object Repository/ADMIN/Categories/Category/dropdown_Parent'  (Root cause: org.openqa.selenium.NoSuchElementException: Cannot locate element with text: Category 1.2
For documentation on this error, please visit: http://seleniumhq.org/exceptions/no_such_element.html
Build info: version: '3.7.1', revision: '8a0099a', time: '2017-11-06T21:07:36.161Z'
System info: host: 'ARCADIER-PC', ip: '10.10.31.95', os.name: 'Windows 7', os.arch: 'amd64', os.version: '6.1', java.version: '1.8.0_102'
Driver info: driver.version: unknown)

2019-05-15 08:33:29 - [TEST_STEP][PASSED] - waitForElementVisible: Object 'Object Repository/ADMIN/Categories/Category List/button_Content Mgmt' is visible

2019-05-15 08:33:29 - [MESSAGE][WARNING] - Timeout '0' is invalid. Using default page load timeout: '30'

2019-05-15 08:33:29 - [MESSAGE][PASSED] - Object 'Object Repository/ADMIN/Categories/Category List/button_Content Mgmt' is visible

2019-05-15 08:33:29 - [TEST_STEP][PASSED] - click: Object: 'Object Repository/ADMIN/Categories/Category List/button_Content Mgmt' is clicked on

2019-05-15 08:33:29 - [MESSAGE][PASSED] - Object: 'Object Repository/ADMIN/Categories/Category List/button_Content Mgmt' is clicked on

2019-05-15 08:33:29 - [TEST_STEP][PASSED] - waitForElementVisible: Object 'Object Repository/ADMIN/Categories/Category List/button_Categories' is visible

2019-05-15 08:33:29 - [MESSAGE][WARNING] - Timeout '0' is invalid. Using default page load timeout: '30'

2019-05-15 08:33:29 - [MESSAGE][PASSED] - Object 'Object Repository/ADMIN/Categories/Category List/button_Categories' is visible

2019-05-15 08:33:29 - [TEST_STEP][PASSED] - click: Object: 'Object Repository/ADMIN/Categories/Category List/button_Categories' is clicked on

2019-05-15 08:33:41 - [MESSAGE][PASSED] - Object: 'Object Repository/ADMIN/Categories/Category List/button_Categories' is clicked on

2019-05-15 08:33:41 - [TEST_STEP][PASSED] - waitForPageLoad: Wait for page load successfully

2019-05-15 08:33:41 - [MESSAGE][WARNING] - Timeout '0' is invalid. Using default page load timeout: '30'

2019-05-15 08:33:41 - [MESSAGE][PASSED] - Wait for page load successfully

2019-05-15 08:33:41 - [TEST_STEP][PASSED] - click: Object: 'Object Repository/ADMIN/Categories/Category List/button_Add a Category' is clicked on

2019-05-15 08:33:41 - [MESSAGE][PASSED] - Object: 'Object Repository/ADMIN/Categories/Category List/button_Add a Category' is clicked on

2019-05-15 08:33:41 - [TEST_STEP][PASSED] - waitForElementPresent: Object 'Object Repository/ADMIN/Categories/Category/dropdown_Parent' is present

2019-05-15 08:33:41 - [MESSAGE][PASSED] - Object 'Object Repository/ADMIN/Categories/Category/dropdown_Parent' is present

2019-05-15 08:33:41 - [TEST_STEP][PASSED] - delay: Delayed 1 second(s)

2019-05-15 08:33:42 - [MESSAGE][PASSED] - Delayed 1 second(s)

2019-05-15 08:33:42 - [TEST_STEP][PASSED] - setText: Text 'Category 1.2.1' is set on object 'Object Repository/ADMIN/Categories/Category/textfield_Category Name'

2019-05-15 08:33:43 - [MESSAGE][PASSED] - Text 'Category 1.2.1' is set on object 'Object Repository/ADMIN/Categories/Category/textfield_Category Name'

2019-05-15 08:33:43 - [TEST_STEP][PASSED] - click: Object: 'Object Repository/ADMIN/Categories/Category/dropdown_Parent' is clicked on

2019-05-15 08:33:43 - [MESSAGE][PASSED] - Object: 'Object Repository/ADMIN/Categories/Category/dropdown_Parent' is clicked on

2019-05-15 08:33:43 - [TEST_STEP][PASSED] - delay: Delayed 2 second(s)

2019-05-15 08:33:45 - [MESSAGE][PASSED] - Delayed 2 second(s)

2019-05-15 08:33:45 - [TEST_STEP][PASSED] - click: Object: 'Object Repository/ADMIN/Categories/Category/dropdown_Parent' is clicked on

2019-05-15 08:33:45 - [MESSAGE][PASSED] - Object: 'Object Repository/ADMIN/Categories/Category/dropdown_Parent' is clicked on

2019-05-15 08:33:45 - [TEST_STEP][FAILED] - selectOptionByLabel: Unable to select option by label 'Category 1.2' of object 'Object Repository/ADMIN/Categories/Category/dropdown_Parent'  (Root cause: org.openqa.selenium.NoSuchElementException: Cannot locate element with text: Category 1.2
For documentation on this error, please visit: http://seleniumhq.org/exceptions/no_such_element.html
Build info: version: '3.7.1', revision: '8a0099a', time: '2017-11-06T21:07:36.161Z'
System info: host: 'ARCADIER-PC', ip: '10.10.31.95', os.name: 'Windows 7', os.arch: 'amd64', os.version: '6.1', java.version: '1.8.0_102'
Driver info: driver.version: unknown)

2019-05-15 08:33:45 - [MESSAGE][FAILED] - Unable to select option by label 'Category 1.2' of object 'Object Repository/ADMIN/Categories/Category/dropdown_Parent'  (Root cause: org.openqa.selenium.NoSuchElementException: Cannot locate element with text: Category 1.2
For documentation on this error, please visit: http://seleniumhq.org/exceptions/no_such_element.html
Build info: version: '3.7.1', revision: '8a0099a', time: '2017-11-06T21:07:36.161Z'
System info: host: 'ARCADIER-PC', ip: '10.10.31.95', os.name: 'Windows 7', os.arch: 'amd64', os.version: '6.1', java.version: '1.8.0_102'
Driver info: driver.version: unknown)
[[ATTACHMENT|C:\\Katalon\\Arctick\\Reports\\Suites\\Admin Add Category\\20190515_083232\\1557880425338.png]]

2019-05-15 08:33:45 - [TEST_STEP][PASSED] - click: Object: 'Object Repository/ADMIN/Categories/Category/button_Browse' is clicked on

2019-05-15 08:33:45 - [MESSAGE][PASSED] - Object: 'Object Repository/ADMIN/Categories/Category/button_Browse' is clicked on

2019-05-15 08:33:45 - [TEST_STEP][PASSED] - delay: Delayed 1 second(s)

2019-05-15 08:33:46 - [MESSAGE][PASSED] - Delayed 1 second(s)

2019-05-15 08:33:46 - [TEST_STEP][PASSED] - uploadFile: File 'C:\\Katalon\\Image\\pic3.jpg' sent to object: 'Object Repository/ADMIN/Categories/Category/image_input image'

2019-05-15 08:33:46 - [MESSAGE][PASSED] - File 'C:\\Katalon\\Image\\pic3.jpg' sent to object: 'Object Repository/ADMIN/Categories/Category/image_input image'

2019-05-15 08:33:46 - [TEST_STEP][PASSED] - waitForElementVisible: Object 'Object Repository/ADMIN/Categories/Category/button_upload check' is visible

2019-05-15 08:33:46 - [MESSAGE][WARNING] - Timeout '0' is invalid. Using default page load timeout: '30'

2019-05-15 08:33:46 - [MESSAGE][PASSED] - Object 'Object Repository/ADMIN/Categories/Category/button_upload check' is visible

2019-05-15 08:33:46 - [TEST_STEP][PASSED] - click: Object: 'Object Repository/ADMIN/Categories/Category/button_upload check' is clicked on

2019-05-15 08:33:46 - [MESSAGE][PASSED] - Object: 'Object Repository/ADMIN/Categories/Category/button_upload check' is clicked on

2019-05-15 08:33:46 - [TEST_STEP][PASSED] - click: Object: 'Object Repository/ADMIN/Categories/Category/button_upload save' is clicked on

2019-05-15 08:33:47 - [MESSAGE][PASSED] - Object: 'Object Repository/ADMIN/Categories/Category/button_upload save' is clicked on

2019-05-15 08:33:47 - [TEST_STEP][PASSED] - waitForElementVisible: Object 'Object Repository/ADMIN/Categories/Category/button_upload save' is visible

2019-05-15 08:33:47 - [MESSAGE][WARNING] - Timeout '0' is invalid. Using default page load timeout: '30'

2019-05-15 08:33:47 - [MESSAGE][PASSED] - Object 'Object Repository/ADMIN/Categories/Category/button_upload save' is visible

2019-05-15 08:33:47 - [TEST_STEP][PASSED] - setText: Text 'Description4' is set on object 'Object Repository/ADMIN/Categories/Category/textfield_category_description'

2019-05-15 08:33:47 - [MESSAGE][PASSED] - Text 'Description4' is set on object 'Object Repository/ADMIN/Categories/Category/textfield_category_description'

2019-05-15 08:33:47 - [TEST_STEP][PASSED] - click: Object: 'Object Repository/ADMIN/Categories/Category/button_Save' is clicked on

2019-05-15 08:33:47 - [MESSAGE][PASSED] - Object: 'Object Repository/ADMIN/Categories/Category/button_Save' is clicked on

2019-05-15 08:33:47 - [TEST_STEP][PASSED] - waitForElementVisible: Object 'Object Repository/ADMIN/Categories/Category/label_edit popup' is visible

2019-05-15 08:33:47 - [MESSAGE][WARNING] - Timeout '0' is invalid. Using default page load timeout: '30'

2019-05-15 08:33:49 - [MESSAGE][PASSED] - Object 'Object Repository/ADMIN/Categories/Category/label_edit popup' is visible

2019-05-15 08:33:49 - [TEST_STEP][PASSED] - waitForElementNotPresent: Web element with id: 'Object Repository/ADMIN/Categories/Category/label_edit popup' located by 'By.xpath: //div[(text() = 'Category was successfully saved.' or . = 'Category was successfully saved.')]' is not present after '30' second(s)

2019-05-15 08:33:49 - [MESSAGE][WARNING] - Timeout '0' is invalid. Using default page load timeout: '30'

2019-05-15 08:33:55 - [MESSAGE][PASSED] - Web element with id: 'Object Repository/ADMIN/Categories/Category/label_edit popup' located by 'By.xpath: //div[(text() = 'Category was successfully saved.' or . = 'Category was successfully saved.')]' is not present after '30' second(s)]]></system-out>
         <system-err><![CDATA[2019-05-15 08:33:29 - [TEST_CASE][FAILED] - Test Cases/ADMIN/Content Mgmt/Categories/Category Add-Edit/Add Category: Test Cases/ADMIN/Content Mgmt/Categories/Category Add-Edit/Add Category FAILED because (of) Unable to select option by label 'Category 1.2' of object 'Object Repository/ADMIN/Categories/Category/dropdown_Parent'  (Root cause: org.openqa.selenium.NoSuchElementException: Cannot locate element with text: Category 1.2
For documentation on this error, please visit: http://seleniumhq.org/exceptions/no_such_element.html
Build info: version: '3.7.1', revision: '8a0099a', time: '2017-11-06T21:07:36.161Z'
System info: host: 'ARCADIER-PC', ip: '10.10.31.95', os.name: 'Windows 7', os.arch: 'amd64', os.version: '6.1', java.version: '1.8.0_102'
Driver info: driver.version: unknown)]]></system-err>
      </testcase>
      <testcase name="Test Cases/ADMIN/Content Mgmt/Categories/Category Add-Edit/Add Category" classname="Test Cases/ADMIN/Content Mgmt/Categories/Category Add-Edit/Add Category" status="PASSED">
         <system-out><![CDATA[2019-05-15 08:33:55 - [TEST_CASE][PASSED] - Test Cases/ADMIN/Content Mgmt/Categories/Category Add-Edit/Add Category: Test Cases/ADMIN/Content Mgmt/Categories/Category Add-Edit/Add Category

2019-05-15 08:33:55 - [TEST_STEP][PASSED] - waitForElementVisible: Object 'Object Repository/ADMIN/Categories/Category List/button_Content Mgmt' is visible

2019-05-15 08:33:55 - [MESSAGE][WARNING] - Timeout '0' is invalid. Using default page load timeout: '30'

2019-05-15 08:33:55 - [MESSAGE][PASSED] - Object 'Object Repository/ADMIN/Categories/Category List/button_Content Mgmt' is visible

2019-05-15 08:33:55 - [TEST_STEP][PASSED] - click: Object: 'Object Repository/ADMIN/Categories/Category List/button_Content Mgmt' is clicked on

2019-05-15 08:33:55 - [MESSAGE][PASSED] - Object: 'Object Repository/ADMIN/Categories/Category List/button_Content Mgmt' is clicked on

2019-05-15 08:33:55 - [TEST_STEP][PASSED] - waitForElementVisible: Object 'Object Repository/ADMIN/Categories/Category List/button_Categories' is visible

2019-05-15 08:33:55 - [MESSAGE][WARNING] - Timeout '0' is invalid. Using default page load timeout: '30'

2019-05-15 08:33:55 - [MESSAGE][PASSED] - Object 'Object Repository/ADMIN/Categories/Category List/button_Categories' is visible

2019-05-15 08:33:55 - [TEST_STEP][PASSED] - click: Object: 'Object Repository/ADMIN/Categories/Category List/button_Categories' is clicked on

2019-05-15 08:33:57 - [MESSAGE][PASSED] - Object: 'Object Repository/ADMIN/Categories/Category List/button_Categories' is clicked on

2019-05-15 08:33:57 - [TEST_STEP][PASSED] - waitForPageLoad: Wait for page load successfully

2019-05-15 08:33:57 - [MESSAGE][WARNING] - Timeout '0' is invalid. Using default page load timeout: '30'

2019-05-15 08:33:57 - [MESSAGE][PASSED] - Wait for page load successfully

2019-05-15 08:33:57 - [TEST_STEP][PASSED] - click: Object: 'Object Repository/ADMIN/Categories/Category List/button_Add a Category' is clicked on

2019-05-15 08:33:57 - [MESSAGE][PASSED] - Object: 'Object Repository/ADMIN/Categories/Category List/button_Add a Category' is clicked on

2019-05-15 08:33:57 - [TEST_STEP][PASSED] - waitForElementPresent: Object 'Object Repository/ADMIN/Categories/Category/dropdown_Parent' is present

2019-05-15 08:33:57 - [MESSAGE][PASSED] - Object 'Object Repository/ADMIN/Categories/Category/dropdown_Parent' is present

2019-05-15 08:33:57 - [TEST_STEP][PASSED] - delay: Delayed 1 second(s)

2019-05-15 08:33:58 - [MESSAGE][PASSED] - Delayed 1 second(s)

2019-05-15 08:33:58 - [TEST_STEP][PASSED] - setText: Text 'Category 1.2.1.1' is set on object 'Object Repository/ADMIN/Categories/Category/textfield_Category Name'

2019-05-15 08:33:58 - [MESSAGE][PASSED] - Text 'Category 1.2.1.1' is set on object 'Object Repository/ADMIN/Categories/Category/textfield_Category Name'

2019-05-15 08:33:58 - [TEST_STEP][PASSED] - click: Object: 'Object Repository/ADMIN/Categories/Category/dropdown_Parent' is clicked on

2019-05-15 08:33:59 - [MESSAGE][PASSED] - Object: 'Object Repository/ADMIN/Categories/Category/dropdown_Parent' is clicked on

2019-05-15 08:33:59 - [TEST_STEP][PASSED] - delay: Delayed 2 second(s)

2019-05-15 08:34:01 - [MESSAGE][PASSED] - Delayed 2 second(s)

2019-05-15 08:34:01 - [TEST_STEP][PASSED] - click: Object: 'Object Repository/ADMIN/Categories/Category/dropdown_Parent' is clicked on

2019-05-15 08:34:01 - [MESSAGE][PASSED] - Object: 'Object Repository/ADMIN/Categories/Category/dropdown_Parent' is clicked on

2019-05-15 08:34:01 - [TEST_STEP][PASSED] - selectOptionByLabel: All options with label 'Category 1.2.1' are selected in object 'Object Repository/ADMIN/Categories/Category/dropdown_Parent' 

2019-05-15 08:34:01 - [MESSAGE][PASSED] - All options with label 'Category 1.2.1' are selected in object 'Object Repository/ADMIN/Categories/Category/dropdown_Parent' 

2019-05-15 08:34:01 - [TEST_STEP][PASSED] - click: Object: 'Object Repository/ADMIN/Categories/Category/button_Browse' is clicked on

2019-05-15 08:34:01 - [MESSAGE][PASSED] - Object: 'Object Repository/ADMIN/Categories/Category/button_Browse' is clicked on

2019-05-15 08:34:01 - [TEST_STEP][PASSED] - delay: Delayed 1 second(s)

2019-05-15 08:34:02 - [MESSAGE][PASSED] - Delayed 1 second(s)

2019-05-15 08:34:02 - [TEST_STEP][PASSED] - uploadFile: File 'C:\\Katalon\\Image\\pic4.jpg' sent to object: 'Object Repository/ADMIN/Categories/Category/image_input image'

2019-05-15 08:34:02 - [MESSAGE][PASSED] - File 'C:\\Katalon\\Image\\pic4.jpg' sent to object: 'Object Repository/ADMIN/Categories/Category/image_input image'

2019-05-15 08:34:02 - [TEST_STEP][PASSED] - waitForElementVisible: Object 'Object Repository/ADMIN/Categories/Category/button_upload check' is visible

2019-05-15 08:34:02 - [MESSAGE][WARNING] - Timeout '0' is invalid. Using default page load timeout: '30'

2019-05-15 08:34:02 - [MESSAGE][PASSED] - Object 'Object Repository/ADMIN/Categories/Category/button_upload check' is visible

2019-05-15 08:34:02 - [TEST_STEP][PASSED] - click: Object: 'Object Repository/ADMIN/Categories/Category/button_upload check' is clicked on

2019-05-15 08:34:02 - [MESSAGE][PASSED] - Object: 'Object Repository/ADMIN/Categories/Category/button_upload check' is clicked on

2019-05-15 08:34:02 - [TEST_STEP][PASSED] - click: Object: 'Object Repository/ADMIN/Categories/Category/button_upload save' is clicked on

2019-05-15 08:34:02 - [MESSAGE][PASSED] - Object: 'Object Repository/ADMIN/Categories/Category/button_upload save' is clicked on

2019-05-15 08:34:02 - [TEST_STEP][PASSED] - waitForElementVisible: Object 'Object Repository/ADMIN/Categories/Category/button_upload save' is visible

2019-05-15 08:34:02 - [MESSAGE][WARNING] - Timeout '0' is invalid. Using default page load timeout: '30'

2019-05-15 08:34:02 - [MESSAGE][PASSED] - Object 'Object Repository/ADMIN/Categories/Category/button_upload save' is visible

2019-05-15 08:34:02 - [TEST_STEP][PASSED] - setText: Text 'Description5' is set on object 'Object Repository/ADMIN/Categories/Category/textfield_category_description'

2019-05-15 08:34:02 - [MESSAGE][PASSED] - Text 'Description5' is set on object 'Object Repository/ADMIN/Categories/Category/textfield_category_description'

2019-05-15 08:34:02 - [TEST_STEP][PASSED] - click: Object: 'Object Repository/ADMIN/Categories/Category/button_Save' is clicked on

2019-05-15 08:34:02 - [MESSAGE][PASSED] - Object: 'Object Repository/ADMIN/Categories/Category/button_Save' is clicked on

2019-05-15 08:34:02 - [TEST_STEP][PASSED] - waitForElementVisible: Object 'Object Repository/ADMIN/Categories/Category/label_edit popup' is visible

2019-05-15 08:34:02 - [MESSAGE][WARNING] - Timeout '0' is invalid. Using default page load timeout: '30'

2019-05-15 08:34:04 - [MESSAGE][PASSED] - Object 'Object Repository/ADMIN/Categories/Category/label_edit popup' is visible

2019-05-15 08:34:04 - [TEST_STEP][PASSED] - waitForElementNotPresent: Web element with id: 'Object Repository/ADMIN/Categories/Category/label_edit popup' located by 'By.xpath: //div[(text() = 'Category was successfully saved.' or . = 'Category was successfully saved.')]' is not present after '30' second(s)

2019-05-15 08:34:04 - [MESSAGE][WARNING] - Timeout '0' is invalid. Using default page load timeout: '30'

2019-05-15 08:34:11 - [MESSAGE][PASSED] - Web element with id: 'Object Repository/ADMIN/Categories/Category/label_edit popup' located by 'By.xpath: //div[(text() = 'Category was successfully saved.' or . = 'Category was successfully saved.')]' is not present after '30' second(s)]]></system-out>
         <system-err><![CDATA[]]></system-err>
      </testcase>
      <testcase name="Test Cases/ADMIN/Content Mgmt/Categories/Category Add-Edit/Add Category" classname="Test Cases/ADMIN/Content Mgmt/Categories/Category Add-Edit/Add Category" status="PASSED">
         <system-out><![CDATA[2019-05-15 08:34:11 - [TEST_CASE][PASSED] - Test Cases/ADMIN/Content Mgmt/Categories/Category Add-Edit/Add Category: Test Cases/ADMIN/Content Mgmt/Categories/Category Add-Edit/Add Category

2019-05-15 08:34:11 - [TEST_STEP][PASSED] - waitForElementVisible: Object 'Object Repository/ADMIN/Categories/Category List/button_Content Mgmt' is visible

2019-05-15 08:34:11 - [MESSAGE][WARNING] - Timeout '0' is invalid. Using default page load timeout: '30'

2019-05-15 08:34:11 - [MESSAGE][PASSED] - Object 'Object Repository/ADMIN/Categories/Category List/button_Content Mgmt' is visible

2019-05-15 08:34:11 - [TEST_STEP][PASSED] - click: Object: 'Object Repository/ADMIN/Categories/Category List/button_Content Mgmt' is clicked on

2019-05-15 08:34:11 - [MESSAGE][PASSED] - Object: 'Object Repository/ADMIN/Categories/Category List/button_Content Mgmt' is clicked on

2019-05-15 08:34:11 - [TEST_STEP][PASSED] - waitForElementVisible: Object 'Object Repository/ADMIN/Categories/Category List/button_Categories' is visible

2019-05-15 08:34:11 - [MESSAGE][WARNING] - Timeout '0' is invalid. Using default page load timeout: '30'

2019-05-15 08:34:11 - [MESSAGE][PASSED] - Object 'Object Repository/ADMIN/Categories/Category List/button_Categories' is visible

2019-05-15 08:34:11 - [TEST_STEP][PASSED] - click: Object: 'Object Repository/ADMIN/Categories/Category List/button_Categories' is clicked on

2019-05-15 08:34:22 - [MESSAGE][PASSED] - Object: 'Object Repository/ADMIN/Categories/Category List/button_Categories' is clicked on

2019-05-15 08:34:22 - [TEST_STEP][PASSED] - waitForPageLoad: Wait for page load successfully

2019-05-15 08:34:22 - [MESSAGE][WARNING] - Timeout '0' is invalid. Using default page load timeout: '30'

2019-05-15 08:34:22 - [MESSAGE][PASSED] - Wait for page load successfully

2019-05-15 08:34:22 - [TEST_STEP][PASSED] - click: Object: 'Object Repository/ADMIN/Categories/Category List/button_Add a Category' is clicked on

2019-05-15 08:34:23 - [MESSAGE][PASSED] - Object: 'Object Repository/ADMIN/Categories/Category List/button_Add a Category' is clicked on

2019-05-15 08:34:23 - [TEST_STEP][PASSED] - waitForElementPresent: Object 'Object Repository/ADMIN/Categories/Category/dropdown_Parent' is present

2019-05-15 08:34:23 - [MESSAGE][PASSED] - Object 'Object Repository/ADMIN/Categories/Category/dropdown_Parent' is present

2019-05-15 08:34:23 - [TEST_STEP][PASSED] - delay: Delayed 1 second(s)

2019-05-15 08:34:24 - [MESSAGE][PASSED] - Delayed 1 second(s)

2019-05-15 08:34:24 - [TEST_STEP][PASSED] - setText: Text 'Category 1.2.2' is set on object 'Object Repository/ADMIN/Categories/Category/textfield_Category Name'

2019-05-15 08:34:24 - [MESSAGE][PASSED] - Text 'Category 1.2.2' is set on object 'Object Repository/ADMIN/Categories/Category/textfield_Category Name'

2019-05-15 08:34:24 - [TEST_STEP][PASSED] - click: Object: 'Object Repository/ADMIN/Categories/Category/dropdown_Parent' is clicked on

2019-05-15 08:34:24 - [MESSAGE][PASSED] - Object: 'Object Repository/ADMIN/Categories/Category/dropdown_Parent' is clicked on

2019-05-15 08:34:24 - [TEST_STEP][PASSED] - delay: Delayed 2 second(s)

2019-05-15 08:34:26 - [MESSAGE][PASSED] - Delayed 2 second(s)

2019-05-15 08:34:26 - [TEST_STEP][PASSED] - click: Object: 'Object Repository/ADMIN/Categories/Category/dropdown_Parent' is clicked on

2019-05-15 08:34:26 - [MESSAGE][PASSED] - Object: 'Object Repository/ADMIN/Categories/Category/dropdown_Parent' is clicked on

2019-05-15 08:34:26 - [TEST_STEP][PASSED] - selectOptionByLabel: All options with label 'Category 1.2' are selected in object 'Object Repository/ADMIN/Categories/Category/dropdown_Parent' 

2019-05-15 08:34:26 - [MESSAGE][PASSED] - All options with label 'Category 1.2' are selected in object 'Object Repository/ADMIN/Categories/Category/dropdown_Parent' 

2019-05-15 08:34:26 - [TEST_STEP][PASSED] - click: Object: 'Object Repository/ADMIN/Categories/Category/button_Browse' is clicked on

2019-05-15 08:34:26 - [MESSAGE][PASSED] - Object: 'Object Repository/ADMIN/Categories/Category/button_Browse' is clicked on

2019-05-15 08:34:26 - [TEST_STEP][PASSED] - delay: Delayed 1 second(s)

2019-05-15 08:34:27 - [MESSAGE][PASSED] - Delayed 1 second(s)

2019-05-15 08:34:27 - [TEST_STEP][PASSED] - uploadFile: File 'C:\\Katalon\\Image\\pic5.jpg' sent to object: 'Object Repository/ADMIN/Categories/Category/image_input image'

2019-05-15 08:34:27 - [MESSAGE][PASSED] - File 'C:\\Katalon\\Image\\pic5.jpg' sent to object: 'Object Repository/ADMIN/Categories/Category/image_input image'

2019-05-15 08:34:27 - [TEST_STEP][PASSED] - waitForElementVisible: Object 'Object Repository/ADMIN/Categories/Category/button_upload check' is visible

2019-05-15 08:34:27 - [MESSAGE][WARNING] - Timeout '0' is invalid. Using default page load timeout: '30'

2019-05-15 08:34:27 - [MESSAGE][PASSED] - Object 'Object Repository/ADMIN/Categories/Category/button_upload check' is visible

2019-05-15 08:34:27 - [TEST_STEP][PASSED] - click: Object: 'Object Repository/ADMIN/Categories/Category/button_upload check' is clicked on

2019-05-15 08:34:27 - [MESSAGE][PASSED] - Object: 'Object Repository/ADMIN/Categories/Category/button_upload check' is clicked on

2019-05-15 08:34:27 - [TEST_STEP][PASSED] - click: Object: 'Object Repository/ADMIN/Categories/Category/button_upload save' is clicked on

2019-05-15 08:34:27 - [MESSAGE][PASSED] - Object: 'Object Repository/ADMIN/Categories/Category/button_upload save' is clicked on

2019-05-15 08:34:27 - [TEST_STEP][PASSED] - waitForElementVisible: Object 'Object Repository/ADMIN/Categories/Category/button_upload save' is visible

2019-05-15 08:34:27 - [MESSAGE][WARNING] - Timeout '0' is invalid. Using default page load timeout: '30'

2019-05-15 08:34:27 - [MESSAGE][PASSED] - Object 'Object Repository/ADMIN/Categories/Category/button_upload save' is visible

2019-05-15 08:34:27 - [TEST_STEP][PASSED] - setText: Text 'Description6' is set on object 'Object Repository/ADMIN/Categories/Category/textfield_category_description'

2019-05-15 08:34:27 - [MESSAGE][PASSED] - Text 'Description6' is set on object 'Object Repository/ADMIN/Categories/Category/textfield_category_description'

2019-05-15 08:34:27 - [TEST_STEP][PASSED] - click: Object: 'Object Repository/ADMIN/Categories/Category/button_Save' is clicked on

2019-05-15 08:34:28 - [MESSAGE][PASSED] - Object: 'Object Repository/ADMIN/Categories/Category/button_Save' is clicked on

2019-05-15 08:34:28 - [TEST_STEP][PASSED] - waitForElementVisible: Object 'Object Repository/ADMIN/Categories/Category/label_edit popup' is visible

2019-05-15 08:34:28 - [MESSAGE][WARNING] - Timeout '0' is invalid. Using default page load timeout: '30'

2019-05-15 08:34:30 - [MESSAGE][PASSED] - Object 'Object Repository/ADMIN/Categories/Category/label_edit popup' is visible

2019-05-15 08:34:30 - [TEST_STEP][PASSED] - waitForElementNotPresent: Web element with id: 'Object Repository/ADMIN/Categories/Category/label_edit popup' located by 'By.xpath: //div[(text() = 'Category was successfully saved.' or . = 'Category was successfully saved.')]' is not present after '30' second(s)

2019-05-15 08:34:30 - [MESSAGE][WARNING] - Timeout '0' is invalid. Using default page load timeout: '30'

2019-05-15 08:34:36 - [MESSAGE][PASSED] - Web element with id: 'Object Repository/ADMIN/Categories/Category/label_edit popup' located by 'By.xpath: //div[(text() = 'Category was successfully saved.' or . = 'Category was successfully saved.')]' is not present after '30' second(s)]]></system-out>
         <system-err><![CDATA[]]></system-err>
      </testcase>
      <testcase name="Test Cases/ADMIN/Content Mgmt/Categories/Category Add-Edit/Add Category" classname="Test Cases/ADMIN/Content Mgmt/Categories/Category Add-Edit/Add Category" status="PASSED">
         <system-out><![CDATA[2019-05-15 08:34:36 - [TEST_CASE][PASSED] - Test Cases/ADMIN/Content Mgmt/Categories/Category Add-Edit/Add Category: Test Cases/ADMIN/Content Mgmt/Categories/Category Add-Edit/Add Category

2019-05-15 08:34:36 - [TEST_STEP][PASSED] - waitForElementVisible: Object 'Object Repository/ADMIN/Categories/Category List/button_Content Mgmt' is visible

2019-05-15 08:34:36 - [MESSAGE][WARNING] - Timeout '0' is invalid. Using default page load timeout: '30'

2019-05-15 08:34:36 - [MESSAGE][PASSED] - Object 'Object Repository/ADMIN/Categories/Category List/button_Content Mgmt' is visible

2019-05-15 08:34:36 - [TEST_STEP][PASSED] - click: Object: 'Object Repository/ADMIN/Categories/Category List/button_Content Mgmt' is clicked on

2019-05-15 08:34:36 - [MESSAGE][PASSED] - Object: 'Object Repository/ADMIN/Categories/Category List/button_Content Mgmt' is clicked on

2019-05-15 08:34:36 - [TEST_STEP][PASSED] - waitForElementVisible: Object 'Object Repository/ADMIN/Categories/Category List/button_Categories' is visible

2019-05-15 08:34:36 - [MESSAGE][WARNING] - Timeout '0' is invalid. Using default page load timeout: '30'

2019-05-15 08:34:36 - [MESSAGE][PASSED] - Object 'Object Repository/ADMIN/Categories/Category List/button_Categories' is visible

2019-05-15 08:34:36 - [TEST_STEP][PASSED] - click: Object: 'Object Repository/ADMIN/Categories/Category List/button_Categories' is clicked on

2019-05-15 08:34:38 - [MESSAGE][PASSED] - Object: 'Object Repository/ADMIN/Categories/Category List/button_Categories' is clicked on

2019-05-15 08:34:38 - [TEST_STEP][PASSED] - waitForPageLoad: Wait for page load successfully

2019-05-15 08:34:38 - [MESSAGE][WARNING] - Timeout '0' is invalid. Using default page load timeout: '30'

2019-05-15 08:34:38 - [MESSAGE][PASSED] - Wait for page load successfully

2019-05-15 08:34:38 - [TEST_STEP][PASSED] - click: Object: 'Object Repository/ADMIN/Categories/Category List/button_Add a Category' is clicked on

2019-05-15 08:34:39 - [MESSAGE][PASSED] - Object: 'Object Repository/ADMIN/Categories/Category List/button_Add a Category' is clicked on

2019-05-15 08:34:39 - [TEST_STEP][PASSED] - waitForElementPresent: Object 'Object Repository/ADMIN/Categories/Category/dropdown_Parent' is present

2019-05-15 08:34:39 - [MESSAGE][PASSED] - Object 'Object Repository/ADMIN/Categories/Category/dropdown_Parent' is present

2019-05-15 08:34:39 - [TEST_STEP][PASSED] - delay: Delayed 1 second(s)

2019-05-15 08:34:40 - [MESSAGE][PASSED] - Delayed 1 second(s)

2019-05-15 08:34:40 - [TEST_STEP][PASSED] - setText: Text 'Category 1.3' is set on object 'Object Repository/ADMIN/Categories/Category/textfield_Category Name'

2019-05-15 08:34:40 - [MESSAGE][PASSED] - Text 'Category 1.3' is set on object 'Object Repository/ADMIN/Categories/Category/textfield_Category Name'

2019-05-15 08:34:40 - [TEST_STEP][PASSED] - click: Object: 'Object Repository/ADMIN/Categories/Category/dropdown_Parent' is clicked on

2019-05-15 08:34:40 - [MESSAGE][PASSED] - Object: 'Object Repository/ADMIN/Categories/Category/dropdown_Parent' is clicked on

2019-05-15 08:34:40 - [TEST_STEP][PASSED] - delay: Delayed 2 second(s)

2019-05-15 08:34:42 - [MESSAGE][PASSED] - Delayed 2 second(s)

2019-05-15 08:34:42 - [TEST_STEP][PASSED] - click: Object: 'Object Repository/ADMIN/Categories/Category/dropdown_Parent' is clicked on

2019-05-15 08:34:42 - [MESSAGE][PASSED] - Object: 'Object Repository/ADMIN/Categories/Category/dropdown_Parent' is clicked on

2019-05-15 08:34:42 - [TEST_STEP][PASSED] - selectOptionByLabel: All options with label 'Category 1' are selected in object 'Object Repository/ADMIN/Categories/Category/dropdown_Parent' 

2019-05-15 08:34:42 - [MESSAGE][PASSED] - All options with label 'Category 1' are selected in object 'Object Repository/ADMIN/Categories/Category/dropdown_Parent' 

2019-05-15 08:34:42 - [TEST_STEP][PASSED] - click: Object: 'Object Repository/ADMIN/Categories/Category/button_Browse' is clicked on

2019-05-15 08:34:42 - [MESSAGE][PASSED] - Object: 'Object Repository/ADMIN/Categories/Category/button_Browse' is clicked on

2019-05-15 08:34:42 - [TEST_STEP][PASSED] - delay: Delayed 1 second(s)

2019-05-15 08:34:43 - [MESSAGE][PASSED] - Delayed 1 second(s)

2019-05-15 08:34:43 - [TEST_STEP][PASSED] - uploadFile: File 'C:\\Katalon\\Image\\pic6.jpg' sent to object: 'Object Repository/ADMIN/Categories/Category/image_input image'

2019-05-15 08:34:43 - [MESSAGE][PASSED] - File 'C:\\Katalon\\Image\\pic6.jpg' sent to object: 'Object Repository/ADMIN/Categories/Category/image_input image'

2019-05-15 08:34:43 - [TEST_STEP][PASSED] - waitForElementVisible: Object 'Object Repository/ADMIN/Categories/Category/button_upload check' is visible

2019-05-15 08:34:43 - [MESSAGE][WARNING] - Timeout '0' is invalid. Using default page load timeout: '30'

2019-05-15 08:34:43 - [MESSAGE][PASSED] - Object 'Object Repository/ADMIN/Categories/Category/button_upload check' is visible

2019-05-15 08:34:43 - [TEST_STEP][PASSED] - click: Object: 'Object Repository/ADMIN/Categories/Category/button_upload check' is clicked on

2019-05-15 08:34:43 - [MESSAGE][PASSED] - Object: 'Object Repository/ADMIN/Categories/Category/button_upload check' is clicked on

2019-05-15 08:34:43 - [TEST_STEP][PASSED] - click: Object: 'Object Repository/ADMIN/Categories/Category/button_upload save' is clicked on

2019-05-15 08:34:43 - [MESSAGE][PASSED] - Object: 'Object Repository/ADMIN/Categories/Category/button_upload save' is clicked on

2019-05-15 08:34:43 - [TEST_STEP][PASSED] - waitForElementVisible: Object 'Object Repository/ADMIN/Categories/Category/button_upload save' is visible

2019-05-15 08:34:43 - [MESSAGE][WARNING] - Timeout '0' is invalid. Using default page load timeout: '30'

2019-05-15 08:34:43 - [MESSAGE][PASSED] - Object 'Object Repository/ADMIN/Categories/Category/button_upload save' is visible

2019-05-15 08:34:43 - [TEST_STEP][PASSED] - setText: Text 'Description7' is set on object 'Object Repository/ADMIN/Categories/Category/textfield_category_description'

2019-05-15 08:34:44 - [MESSAGE][PASSED] - Text 'Description7' is set on object 'Object Repository/ADMIN/Categories/Category/textfield_category_description'

2019-05-15 08:34:44 - [TEST_STEP][PASSED] - click: Object: 'Object Repository/ADMIN/Categories/Category/button_Save' is clicked on

2019-05-15 08:34:44 - [MESSAGE][PASSED] - Object: 'Object Repository/ADMIN/Categories/Category/button_Save' is clicked on

2019-05-15 08:34:44 - [TEST_STEP][PASSED] - waitForElementVisible: Object 'Object Repository/ADMIN/Categories/Category/label_edit popup' is visible

2019-05-15 08:34:44 - [MESSAGE][WARNING] - Timeout '0' is invalid. Using default page load timeout: '30'

2019-05-15 08:34:45 - [MESSAGE][PASSED] - Object 'Object Repository/ADMIN/Categories/Category/label_edit popup' is visible

2019-05-15 08:34:45 - [TEST_STEP][PASSED] - waitForElementNotPresent: Web element with id: 'Object Repository/ADMIN/Categories/Category/label_edit popup' located by 'By.xpath: //div[(text() = 'Category was successfully saved.' or . = 'Category was successfully saved.')]' is not present after '30' second(s)

2019-05-15 08:34:45 - [MESSAGE][WARNING] - Timeout '0' is invalid. Using default page load timeout: '30'

2019-05-15 08:34:51 - [MESSAGE][PASSED] - Web element with id: 'Object Repository/ADMIN/Categories/Category/label_edit popup' located by 'By.xpath: //div[(text() = 'Category was successfully saved.' or . = 'Category was successfully saved.')]' is not present after '30' second(s)]]></system-out>
         <system-err><![CDATA[]]></system-err>
      </testcase>
      <testcase name="Test Cases/ADMIN/Content Mgmt/Categories/Category Add-Edit/Add Category" classname="Test Cases/ADMIN/Content Mgmt/Categories/Category Add-Edit/Add Category" status="FAILED">
         <failure type="FAILED" message="Unable to select option by label 'Category 1.3' of object 'Object Repository/ADMIN/Categories/Category/dropdown_Parent'  (Root cause: org.openqa.selenium.NoSuchElementException: Cannot locate element with text: Category 1.3
For documentation on this error, please visit: http://seleniumhq.org/exceptions/no_such_element.html
Build info: version: '3.7.1', revision: '8a0099a', time: '2017-11-06T21:07:36.161Z'
System info: host: 'ARCADIER-PC', ip: '10.10.31.95', os.name: 'Windows 7', os.arch: 'amd64', os.version: '6.1', java.version: '1.8.0_102'
Driver info: driver.version: unknown)"/>
         <system-out><![CDATA[2019-05-15 08:34:51 - [TEST_CASE][FAILED] - Test Cases/ADMIN/Content Mgmt/Categories/Category Add-Edit/Add Category: Test Cases/ADMIN/Content Mgmt/Categories/Category Add-Edit/Add Category FAILED because (of) Unable to select option by label 'Category 1.3' of object 'Object Repository/ADMIN/Categories/Category/dropdown_Parent'  (Root cause: org.openqa.selenium.NoSuchElementException: Cannot locate element with text: Category 1.3
For documentation on this error, please visit: http://seleniumhq.org/exceptions/no_such_element.html
Build info: version: '3.7.1', revision: '8a0099a', time: '2017-11-06T21:07:36.161Z'
System info: host: 'ARCADIER-PC', ip: '10.10.31.95', os.name: 'Windows 7', os.arch: 'amd64', os.version: '6.1', java.version: '1.8.0_102'
Driver info: driver.version: unknown)

2019-05-15 08:34:51 - [TEST_STEP][PASSED] - waitForElementVisible: Object 'Object Repository/ADMIN/Categories/Category List/button_Content Mgmt' is visible

2019-05-15 08:34:51 - [MESSAGE][WARNING] - Timeout '0' is invalid. Using default page load timeout: '30'

2019-05-15 08:34:51 - [MESSAGE][PASSED] - Object 'Object Repository/ADMIN/Categories/Category List/button_Content Mgmt' is visible

2019-05-15 08:34:51 - [TEST_STEP][PASSED] - click: Object: 'Object Repository/ADMIN/Categories/Category List/button_Content Mgmt' is clicked on

2019-05-15 08:34:51 - [MESSAGE][PASSED] - Object: 'Object Repository/ADMIN/Categories/Category List/button_Content Mgmt' is clicked on

2019-05-15 08:34:51 - [TEST_STEP][PASSED] - waitForElementVisible: Object 'Object Repository/ADMIN/Categories/Category List/button_Categories' is visible

2019-05-15 08:34:51 - [MESSAGE][WARNING] - Timeout '0' is invalid. Using default page load timeout: '30'

2019-05-15 08:34:51 - [MESSAGE][PASSED] - Object 'Object Repository/ADMIN/Categories/Category List/button_Categories' is visible

2019-05-15 08:34:51 - [TEST_STEP][PASSED] - click: Object: 'Object Repository/ADMIN/Categories/Category List/button_Categories' is clicked on

2019-05-15 08:34:53 - [MESSAGE][PASSED] - Object: 'Object Repository/ADMIN/Categories/Category List/button_Categories' is clicked on

2019-05-15 08:34:53 - [TEST_STEP][PASSED] - waitForPageLoad: Wait for page load successfully

2019-05-15 08:34:53 - [MESSAGE][WARNING] - Timeout '0' is invalid. Using default page load timeout: '30'

2019-05-15 08:34:53 - [MESSAGE][PASSED] - Wait for page load successfully

2019-05-15 08:34:53 - [TEST_STEP][PASSED] - click: Object: 'Object Repository/ADMIN/Categories/Category List/button_Add a Category' is clicked on

2019-05-15 08:34:53 - [MESSAGE][PASSED] - Object: 'Object Repository/ADMIN/Categories/Category List/button_Add a Category' is clicked on

2019-05-15 08:34:53 - [TEST_STEP][PASSED] - waitForElementPresent: Object 'Object Repository/ADMIN/Categories/Category/dropdown_Parent' is present

2019-05-15 08:34:53 - [MESSAGE][PASSED] - Object 'Object Repository/ADMIN/Categories/Category/dropdown_Parent' is present

2019-05-15 08:34:53 - [TEST_STEP][PASSED] - delay: Delayed 1 second(s)

2019-05-15 08:34:54 - [MESSAGE][PASSED] - Delayed 1 second(s)

2019-05-15 08:34:54 - [TEST_STEP][PASSED] - setText: Text 'Category 1.3.1' is set on object 'Object Repository/ADMIN/Categories/Category/textfield_Category Name'

2019-05-15 08:34:55 - [MESSAGE][PASSED] - Text 'Category 1.3.1' is set on object 'Object Repository/ADMIN/Categories/Category/textfield_Category Name'

2019-05-15 08:34:55 - [TEST_STEP][PASSED] - click: Object: 'Object Repository/ADMIN/Categories/Category/dropdown_Parent' is clicked on

2019-05-15 08:34:55 - [MESSAGE][PASSED] - Object: 'Object Repository/ADMIN/Categories/Category/dropdown_Parent' is clicked on

2019-05-15 08:34:55 - [TEST_STEP][PASSED] - delay: Delayed 2 second(s)

2019-05-15 08:34:57 - [MESSAGE][PASSED] - Delayed 2 second(s)

2019-05-15 08:34:57 - [TEST_STEP][PASSED] - click: Object: 'Object Repository/ADMIN/Categories/Category/dropdown_Parent' is clicked on

2019-05-15 08:34:57 - [MESSAGE][PASSED] - Object: 'Object Repository/ADMIN/Categories/Category/dropdown_Parent' is clicked on

2019-05-15 08:34:57 - [TEST_STEP][FAILED] - selectOptionByLabel: Unable to select option by label 'Category 1.3' of object 'Object Repository/ADMIN/Categories/Category/dropdown_Parent'  (Root cause: org.openqa.selenium.NoSuchElementException: Cannot locate element with text: Category 1.3
For documentation on this error, please visit: http://seleniumhq.org/exceptions/no_such_element.html
Build info: version: '3.7.1', revision: '8a0099a', time: '2017-11-06T21:07:36.161Z'
System info: host: 'ARCADIER-PC', ip: '10.10.31.95', os.name: 'Windows 7', os.arch: 'amd64', os.version: '6.1', java.version: '1.8.0_102'
Driver info: driver.version: unknown)

2019-05-15 08:34:57 - [MESSAGE][FAILED] - Unable to select option by label 'Category 1.3' of object 'Object Repository/ADMIN/Categories/Category/dropdown_Parent'  (Root cause: org.openqa.selenium.NoSuchElementException: Cannot locate element with text: Category 1.3
For documentation on this error, please visit: http://seleniumhq.org/exceptions/no_such_element.html
Build info: version: '3.7.1', revision: '8a0099a', time: '2017-11-06T21:07:36.161Z'
System info: host: 'ARCADIER-PC', ip: '10.10.31.95', os.name: 'Windows 7', os.arch: 'amd64', os.version: '6.1', java.version: '1.8.0_102'
Driver info: driver.version: unknown)
[[ATTACHMENT|C:\\Katalon\\Arctick\\Reports\\Suites\\Admin Add Category\\20190515_083232\\1557880497288.png]]

2019-05-15 08:34:57 - [TEST_STEP][PASSED] - click: Object: 'Object Repository/ADMIN/Categories/Category/button_Browse' is clicked on

2019-05-15 08:34:57 - [MESSAGE][PASSED] - Object: 'Object Repository/ADMIN/Categories/Category/button_Browse' is clicked on

2019-05-15 08:34:57 - [TEST_STEP][PASSED] - delay: Delayed 1 second(s)

2019-05-15 08:34:58 - [MESSAGE][PASSED] - Delayed 1 second(s)

2019-05-15 08:34:58 - [TEST_STEP][PASSED] - uploadFile: File 'C:\\Katalon\\Image\\pic7.jpg' sent to object: 'Object Repository/ADMIN/Categories/Category/image_input image'

2019-05-15 08:34:58 - [MESSAGE][PASSED] - File 'C:\\Katalon\\Image\\pic7.jpg' sent to object: 'Object Repository/ADMIN/Categories/Category/image_input image'

2019-05-15 08:34:58 - [TEST_STEP][PASSED] - waitForElementVisible: Object 'Object Repository/ADMIN/Categories/Category/button_upload check' is visible

2019-05-15 08:34:58 - [MESSAGE][WARNING] - Timeout '0' is invalid. Using default page load timeout: '30'

2019-05-15 08:34:58 - [MESSAGE][PASSED] - Object 'Object Repository/ADMIN/Categories/Category/button_upload check' is visible

2019-05-15 08:34:58 - [TEST_STEP][PASSED] - click: Object: 'Object Repository/ADMIN/Categories/Category/button_upload check' is clicked on

2019-05-15 08:34:58 - [MESSAGE][PASSED] - Object: 'Object Repository/ADMIN/Categories/Category/button_upload check' is clicked on

2019-05-15 08:34:58 - [TEST_STEP][PASSED] - click: Object: 'Object Repository/ADMIN/Categories/Category/button_upload save' is clicked on

2019-05-15 08:34:58 - [MESSAGE][PASSED] - Object: 'Object Repository/ADMIN/Categories/Category/button_upload save' is clicked on

2019-05-15 08:34:58 - [TEST_STEP][PASSED] - waitForElementVisible: Object 'Object Repository/ADMIN/Categories/Category/button_upload save' is visible

2019-05-15 08:34:58 - [MESSAGE][WARNING] - Timeout '0' is invalid. Using default page load timeout: '30'

2019-05-15 08:34:58 - [MESSAGE][PASSED] - Object 'Object Repository/ADMIN/Categories/Category/button_upload save' is visible

2019-05-15 08:34:58 - [TEST_STEP][PASSED] - setText: Text 'Description8' is set on object 'Object Repository/ADMIN/Categories/Category/textfield_category_description'

2019-05-15 08:34:59 - [MESSAGE][PASSED] - Text 'Description8' is set on object 'Object Repository/ADMIN/Categories/Category/textfield_category_description'

2019-05-15 08:34:59 - [TEST_STEP][PASSED] - click: Object: 'Object Repository/ADMIN/Categories/Category/button_Save' is clicked on

2019-05-15 08:34:59 - [MESSAGE][PASSED] - Object: 'Object Repository/ADMIN/Categories/Category/button_Save' is clicked on

2019-05-15 08:34:59 - [TEST_STEP][PASSED] - waitForElementVisible: Object 'Object Repository/ADMIN/Categories/Category/label_edit popup' is visible

2019-05-15 08:34:59 - [MESSAGE][WARNING] - Timeout '0' is invalid. Using default page load timeout: '30'

2019-05-15 08:35:12 - [MESSAGE][PASSED] - Object 'Object Repository/ADMIN/Categories/Category/label_edit popup' is visible

2019-05-15 08:35:12 - [TEST_STEP][PASSED] - waitForElementNotPresent: Web element with id: 'Object Repository/ADMIN/Categories/Category/label_edit popup' located by 'By.xpath: //div[(text() = 'Category was successfully saved.' or . = 'Category was successfully saved.')]' is not present after '30' second(s)

2019-05-15 08:35:12 - [MESSAGE][WARNING] - Timeout '0' is invalid. Using default page load timeout: '30'

2019-05-15 08:35:18 - [MESSAGE][PASSED] - Web element with id: 'Object Repository/ADMIN/Categories/Category/label_edit popup' located by 'By.xpath: //div[(text() = 'Category was successfully saved.' or . = 'Category was successfully saved.')]' is not present after '30' second(s)]]></system-out>
         <system-err><![CDATA[2019-05-15 08:34:51 - [TEST_CASE][FAILED] - Test Cases/ADMIN/Content Mgmt/Categories/Category Add-Edit/Add Category: Test Cases/ADMIN/Content Mgmt/Categories/Category Add-Edit/Add Category FAILED because (of) Unable to select option by label 'Category 1.3' of object 'Object Repository/ADMIN/Categories/Category/dropdown_Parent'  (Root cause: org.openqa.selenium.NoSuchElementException: Cannot locate element with text: Category 1.3
For documentation on this error, please visit: http://seleniumhq.org/exceptions/no_such_element.html
Build info: version: '3.7.1', revision: '8a0099a', time: '2017-11-06T21:07:36.161Z'
System info: host: 'ARCADIER-PC', ip: '10.10.31.95', os.name: 'Windows 7', os.arch: 'amd64', os.version: '6.1', java.version: '1.8.0_102'
Driver info: driver.version: unknown)]]></system-err>
      </testcase>
      <testcase name="Test Cases/ADMIN/Content Mgmt/Categories/Category Add-Edit/Add Category" classname="Test Cases/ADMIN/Content Mgmt/Categories/Category Add-Edit/Add Category" status="PASSED">
         <system-out><![CDATA[2019-05-15 08:35:18 - [TEST_CASE][PASSED] - Test Cases/ADMIN/Content Mgmt/Categories/Category Add-Edit/Add Category: Test Cases/ADMIN/Content Mgmt/Categories/Category Add-Edit/Add Category

2019-05-15 08:35:18 - [TEST_STEP][PASSED] - waitForElementVisible: Object 'Object Repository/ADMIN/Categories/Category List/button_Content Mgmt' is visible

2019-05-15 08:35:18 - [MESSAGE][WARNING] - Timeout '0' is invalid. Using default page load timeout: '30'

2019-05-15 08:35:18 - [MESSAGE][PASSED] - Object 'Object Repository/ADMIN/Categories/Category List/button_Content Mgmt' is visible

2019-05-15 08:35:18 - [TEST_STEP][PASSED] - click: Object: 'Object Repository/ADMIN/Categories/Category List/button_Content Mgmt' is clicked on

2019-05-15 08:35:18 - [MESSAGE][PASSED] - Object: 'Object Repository/ADMIN/Categories/Category List/button_Content Mgmt' is clicked on

2019-05-15 08:35:18 - [TEST_STEP][PASSED] - waitForElementVisible: Object 'Object Repository/ADMIN/Categories/Category List/button_Categories' is visible

2019-05-15 08:35:18 - [MESSAGE][WARNING] - Timeout '0' is invalid. Using default page load timeout: '30'

2019-05-15 08:35:18 - [MESSAGE][PASSED] - Object 'Object Repository/ADMIN/Categories/Category List/button_Categories' is visible

2019-05-15 08:35:18 - [TEST_STEP][PASSED] - click: Object: 'Object Repository/ADMIN/Categories/Category List/button_Categories' is clicked on

2019-05-15 08:35:29 - [MESSAGE][PASSED] - Object: 'Object Repository/ADMIN/Categories/Category List/button_Categories' is clicked on

2019-05-15 08:35:29 - [TEST_STEP][PASSED] - waitForPageLoad: Wait for page load successfully

2019-05-15 08:35:29 - [MESSAGE][WARNING] - Timeout '0' is invalid. Using default page load timeout: '30'

2019-05-15 08:35:29 - [MESSAGE][PASSED] - Wait for page load successfully

2019-05-15 08:35:29 - [TEST_STEP][PASSED] - click: Object: 'Object Repository/ADMIN/Categories/Category List/button_Add a Category' is clicked on

2019-05-15 08:35:29 - [MESSAGE][PASSED] - Object: 'Object Repository/ADMIN/Categories/Category List/button_Add a Category' is clicked on

2019-05-15 08:35:29 - [TEST_STEP][PASSED] - waitForElementPresent: Object 'Object Repository/ADMIN/Categories/Category/dropdown_Parent' is present

2019-05-15 08:35:29 - [MESSAGE][PASSED] - Object 'Object Repository/ADMIN/Categories/Category/dropdown_Parent' is present

2019-05-15 08:35:29 - [TEST_STEP][PASSED] - delay: Delayed 1 second(s)

2019-05-15 08:35:30 - [MESSAGE][PASSED] - Delayed 1 second(s)

2019-05-15 08:35:30 - [TEST_STEP][PASSED] - setText: Text 'Category 1.3.2' is set on object 'Object Repository/ADMIN/Categories/Category/textfield_Category Name'

2019-05-15 08:35:31 - [MESSAGE][PASSED] - Text 'Category 1.3.2' is set on object 'Object Repository/ADMIN/Categories/Category/textfield_Category Name'

2019-05-15 08:35:31 - [TEST_STEP][PASSED] - click: Object: 'Object Repository/ADMIN/Categories/Category/dropdown_Parent' is clicked on

2019-05-15 08:35:31 - [MESSAGE][PASSED] - Object: 'Object Repository/ADMIN/Categories/Category/dropdown_Parent' is clicked on

2019-05-15 08:35:31 - [TEST_STEP][PASSED] - delay: Delayed 2 second(s)

2019-05-15 08:35:33 - [MESSAGE][PASSED] - Delayed 2 second(s)

2019-05-15 08:35:33 - [TEST_STEP][PASSED] - click: Object: 'Object Repository/ADMIN/Categories/Category/dropdown_Parent' is clicked on

2019-05-15 08:35:33 - [MESSAGE][PASSED] - Object: 'Object Repository/ADMIN/Categories/Category/dropdown_Parent' is clicked on

2019-05-15 08:35:33 - [TEST_STEP][PASSED] - selectOptionByLabel: All options with label 'Category 1.3' are selected in object 'Object Repository/ADMIN/Categories/Category/dropdown_Parent' 

2019-05-15 08:35:33 - [MESSAGE][PASSED] - All options with label 'Category 1.3' are selected in object 'Object Repository/ADMIN/Categories/Category/dropdown_Parent' 

2019-05-15 08:35:33 - [TEST_STEP][PASSED] - click: Object: 'Object Repository/ADMIN/Categories/Category/button_Browse' is clicked on

2019-05-15 08:35:33 - [MESSAGE][PASSED] - Object: 'Object Repository/ADMIN/Categories/Category/button_Browse' is clicked on

2019-05-15 08:35:33 - [TEST_STEP][PASSED] - delay: Delayed 1 second(s)

2019-05-15 08:35:34 - [MESSAGE][PASSED] - Delayed 1 second(s)

2019-05-15 08:35:34 - [TEST_STEP][PASSED] - uploadFile: File 'C:\\Katalon\\Image\\pic8.jpg' sent to object: 'Object Repository/ADMIN/Categories/Category/image_input image'

2019-05-15 08:35:34 - [MESSAGE][PASSED] - File 'C:\\Katalon\\Image\\pic8.jpg' sent to object: 'Object Repository/ADMIN/Categories/Category/image_input image'

2019-05-15 08:35:34 - [TEST_STEP][PASSED] - waitForElementVisible: Object 'Object Repository/ADMIN/Categories/Category/button_upload check' is visible

2019-05-15 08:35:34 - [MESSAGE][WARNING] - Timeout '0' is invalid. Using default page load timeout: '30'

2019-05-15 08:35:34 - [MESSAGE][PASSED] - Object 'Object Repository/ADMIN/Categories/Category/button_upload check' is visible

2019-05-15 08:35:34 - [TEST_STEP][PASSED] - click: Object: 'Object Repository/ADMIN/Categories/Category/button_upload check' is clicked on

2019-05-15 08:35:34 - [MESSAGE][PASSED] - Object: 'Object Repository/ADMIN/Categories/Category/button_upload check' is clicked on

2019-05-15 08:35:34 - [TEST_STEP][PASSED] - click: Object: 'Object Repository/ADMIN/Categories/Category/button_upload save' is clicked on

2019-05-15 08:35:34 - [MESSAGE][PASSED] - Object: 'Object Repository/ADMIN/Categories/Category/button_upload save' is clicked on

2019-05-15 08:35:34 - [TEST_STEP][PASSED] - waitForElementVisible: Object 'Object Repository/ADMIN/Categories/Category/button_upload save' is visible

2019-05-15 08:35:34 - [MESSAGE][WARNING] - Timeout '0' is invalid. Using default page load timeout: '30'

2019-05-15 08:35:34 - [MESSAGE][PASSED] - Object 'Object Repository/ADMIN/Categories/Category/button_upload save' is visible

2019-05-15 08:35:34 - [TEST_STEP][PASSED] - setText: Text 'Description9' is set on object 'Object Repository/ADMIN/Categories/Category/textfield_category_description'

2019-05-15 08:35:34 - [MESSAGE][PASSED] - Text 'Description9' is set on object 'Object Repository/ADMIN/Categories/Category/textfield_category_description'

2019-05-15 08:35:34 - [TEST_STEP][PASSED] - click: Object: 'Object Repository/ADMIN/Categories/Category/button_Save' is clicked on

2019-05-15 08:35:34 - [MESSAGE][PASSED] - Object: 'Object Repository/ADMIN/Categories/Category/button_Save' is clicked on

2019-05-15 08:35:34 - [TEST_STEP][PASSED] - waitForElementVisible: Object 'Object Repository/ADMIN/Categories/Category/label_edit popup' is visible

2019-05-15 08:35:34 - [MESSAGE][WARNING] - Timeout '0' is invalid. Using default page load timeout: '30'

2019-05-15 08:35:38 - [MESSAGE][PASSED] - Object 'Object Repository/ADMIN/Categories/Category/label_edit popup' is visible

2019-05-15 08:35:38 - [TEST_STEP][PASSED] - waitForElementNotPresent: Web element with id: 'Object Repository/ADMIN/Categories/Category/label_edit popup' located by 'By.xpath: //div[(text() = 'Category was successfully saved.' or . = 'Category was successfully saved.')]' is not present after '30' second(s)

2019-05-15 08:35:38 - [MESSAGE][WARNING] - Timeout '0' is invalid. Using default page load timeout: '30'

2019-05-15 08:35:44 - [MESSAGE][PASSED] - Web element with id: 'Object Repository/ADMIN/Categories/Category/label_edit popup' located by 'By.xpath: //div[(text() = 'Category was successfully saved.' or . = 'Category was successfully saved.')]' is not present after '30' second(s)]]></system-out>
         <system-err><![CDATA[]]></system-err>
      </testcase>
      <testcase name="Test Cases/ADMIN/Content Mgmt/Categories/Category Add-Edit/Add Category" classname="Test Cases/ADMIN/Content Mgmt/Categories/Category Add-Edit/Add Category" status="FAILED">
         <failure type="FAILED" message="Unable to select option by label 'Category 1.3.2' of object 'Object Repository/ADMIN/Categories/Category/dropdown_Parent'  (Root cause: org.openqa.selenium.NoSuchElementException: Cannot locate element with text: Category 1.3.2
For documentation on this error, please visit: http://seleniumhq.org/exceptions/no_such_element.html
Build info: version: '3.7.1', revision: '8a0099a', time: '2017-11-06T21:07:36.161Z'
System info: host: 'ARCADIER-PC', ip: '10.10.31.95', os.name: 'Windows 7', os.arch: 'amd64', os.version: '6.1', java.version: '1.8.0_102'
Driver info: driver.version: unknown)"/>
         <system-out><![CDATA[2019-05-15 08:35:44 - [TEST_CASE][FAILED] - Test Cases/ADMIN/Content Mgmt/Categories/Category Add-Edit/Add Category: Test Cases/ADMIN/Content Mgmt/Categories/Category Add-Edit/Add Category FAILED because (of) Unable to select option by label 'Category 1.3.2' of object 'Object Repository/ADMIN/Categories/Category/dropdown_Parent'  (Root cause: org.openqa.selenium.NoSuchElementException: Cannot locate element with text: Category 1.3.2
For documentation on this error, please visit: http://seleniumhq.org/exceptions/no_such_element.html
Build info: version: '3.7.1', revision: '8a0099a', time: '2017-11-06T21:07:36.161Z'
System info: host: 'ARCADIER-PC', ip: '10.10.31.95', os.name: 'Windows 7', os.arch: 'amd64', os.version: '6.1', java.version: '1.8.0_102'
Driver info: driver.version: unknown)

2019-05-15 08:35:44 - [TEST_STEP][PASSED] - waitForElementVisible: Object 'Object Repository/ADMIN/Categories/Category List/button_Content Mgmt' is visible

2019-05-15 08:35:44 - [MESSAGE][WARNING] - Timeout '0' is invalid. Using default page load timeout: '30'

2019-05-15 08:35:44 - [MESSAGE][PASSED] - Object 'Object Repository/ADMIN/Categories/Category List/button_Content Mgmt' is visible

2019-05-15 08:35:44 - [TEST_STEP][PASSED] - click: Object: 'Object Repository/ADMIN/Categories/Category List/button_Content Mgmt' is clicked on

2019-05-15 08:35:44 - [MESSAGE][PASSED] - Object: 'Object Repository/ADMIN/Categories/Category List/button_Content Mgmt' is clicked on

2019-05-15 08:35:44 - [TEST_STEP][PASSED] - waitForElementVisible: Object 'Object Repository/ADMIN/Categories/Category List/button_Categories' is visible

2019-05-15 08:35:44 - [MESSAGE][WARNING] - Timeout '0' is invalid. Using default page load timeout: '30'

2019-05-15 08:35:44 - [MESSAGE][PASSED] - Object 'Object Repository/ADMIN/Categories/Category List/button_Categories' is visible

2019-05-15 08:35:44 - [TEST_STEP][PASSED] - click: Object: 'Object Repository/ADMIN/Categories/Category List/button_Categories' is clicked on

2019-05-15 08:35:45 - [MESSAGE][PASSED] - Object: 'Object Repository/ADMIN/Categories/Category List/button_Categories' is clicked on

2019-05-15 08:35:45 - [TEST_STEP][PASSED] - waitForPageLoad: Wait for page load successfully

2019-05-15 08:35:45 - [MESSAGE][WARNING] - Timeout '0' is invalid. Using default page load timeout: '30'

2019-05-15 08:35:45 - [MESSAGE][PASSED] - Wait for page load successfully

2019-05-15 08:35:45 - [TEST_STEP][PASSED] - click: Object: 'Object Repository/ADMIN/Categories/Category List/button_Add a Category' is clicked on

2019-05-15 08:35:45 - [MESSAGE][PASSED] - Object: 'Object Repository/ADMIN/Categories/Category List/button_Add a Category' is clicked on

2019-05-15 08:35:45 - [TEST_STEP][PASSED] - waitForElementPresent: Object 'Object Repository/ADMIN/Categories/Category/dropdown_Parent' is present

2019-05-15 08:35:45 - [MESSAGE][PASSED] - Object 'Object Repository/ADMIN/Categories/Category/dropdown_Parent' is present

2019-05-15 08:35:45 - [TEST_STEP][PASSED] - delay: Delayed 1 second(s)

2019-05-15 08:35:46 - [MESSAGE][PASSED] - Delayed 1 second(s)

2019-05-15 08:35:46 - [TEST_STEP][PASSED] - setText: Text 'Category 1.3.2.1' is set on object 'Object Repository/ADMIN/Categories/Category/textfield_Category Name'

2019-05-15 08:35:46 - [MESSAGE][PASSED] - Text 'Category 1.3.2.1' is set on object 'Object Repository/ADMIN/Categories/Category/textfield_Category Name'

2019-05-15 08:35:46 - [TEST_STEP][PASSED] - click: Object: 'Object Repository/ADMIN/Categories/Category/dropdown_Parent' is clicked on

2019-05-15 08:35:46 - [MESSAGE][PASSED] - Object: 'Object Repository/ADMIN/Categories/Category/dropdown_Parent' is clicked on

2019-05-15 08:35:46 - [TEST_STEP][PASSED] - delay: Delayed 2 second(s)

2019-05-15 08:35:48 - [MESSAGE][PASSED] - Delayed 2 second(s)

2019-05-15 08:35:48 - [TEST_STEP][PASSED] - click: Object: 'Object Repository/ADMIN/Categories/Category/dropdown_Parent' is clicked on

2019-05-15 08:35:48 - [MESSAGE][PASSED] - Object: 'Object Repository/ADMIN/Categories/Category/dropdown_Parent' is clicked on

2019-05-15 08:35:48 - [TEST_STEP][FAILED] - selectOptionByLabel: Unable to select option by label 'Category 1.3.2' of object 'Object Repository/ADMIN/Categories/Category/dropdown_Parent'  (Root cause: org.openqa.selenium.NoSuchElementException: Cannot locate element with text: Category 1.3.2
For documentation on this error, please visit: http://seleniumhq.org/exceptions/no_such_element.html
Build info: version: '3.7.1', revision: '8a0099a', time: '2017-11-06T21:07:36.161Z'
System info: host: 'ARCADIER-PC', ip: '10.10.31.95', os.name: 'Windows 7', os.arch: 'amd64', os.version: '6.1', java.version: '1.8.0_102'
Driver info: driver.version: unknown)

2019-05-15 08:35:48 - [MESSAGE][FAILED] - Unable to select option by label 'Category 1.3.2' of object 'Object Repository/ADMIN/Categories/Category/dropdown_Parent'  (Root cause: org.openqa.selenium.NoSuchElementException: Cannot locate element with text: Category 1.3.2
For documentation on this error, please visit: http://seleniumhq.org/exceptions/no_such_element.html
Build info: version: '3.7.1', revision: '8a0099a', time: '2017-11-06T21:07:36.161Z'
System info: host: 'ARCADIER-PC', ip: '10.10.31.95', os.name: 'Windows 7', os.arch: 'amd64', os.version: '6.1', java.version: '1.8.0_102'
Driver info: driver.version: unknown)
[[ATTACHMENT|C:\\Katalon\\Arctick\\Reports\\Suites\\Admin Add Category\\20190515_083232\\1557880548642.png]]

2019-05-15 08:35:48 - [TEST_STEP][PASSED] - click: Object: 'Object Repository/ADMIN/Categories/Category/button_Browse' is clicked on

2019-05-15 08:35:49 - [MESSAGE][PASSED] - Object: 'Object Repository/ADMIN/Categories/Category/button_Browse' is clicked on

2019-05-15 08:35:49 - [TEST_STEP][PASSED] - delay: Delayed 1 second(s)

2019-05-15 08:35:50 - [MESSAGE][PASSED] - Delayed 1 second(s)

2019-05-15 08:35:50 - [TEST_STEP][PASSED] - uploadFile: File 'C:\\Katalon\\Image\\pic9.jpg' sent to object: 'Object Repository/ADMIN/Categories/Category/image_input image'

2019-05-15 08:35:50 - [MESSAGE][PASSED] - File 'C:\\Katalon\\Image\\pic9.jpg' sent to object: 'Object Repository/ADMIN/Categories/Category/image_input image'

2019-05-15 08:35:50 - [TEST_STEP][PASSED] - waitForElementVisible: Object 'Object Repository/ADMIN/Categories/Category/button_upload check' is visible

2019-05-15 08:35:50 - [MESSAGE][WARNING] - Timeout '0' is invalid. Using default page load timeout: '30'

2019-05-15 08:35:50 - [MESSAGE][PASSED] - Object 'Object Repository/ADMIN/Categories/Category/button_upload check' is visible

2019-05-15 08:35:50 - [TEST_STEP][PASSED] - click: Object: 'Object Repository/ADMIN/Categories/Category/button_upload check' is clicked on

2019-05-15 08:35:50 - [MESSAGE][PASSED] - Object: 'Object Repository/ADMIN/Categories/Category/button_upload check' is clicked on

2019-05-15 08:35:50 - [TEST_STEP][PASSED] - click: Object: 'Object Repository/ADMIN/Categories/Category/button_upload save' is clicked on

2019-05-15 08:35:50 - [MESSAGE][PASSED] - Object: 'Object Repository/ADMIN/Categories/Category/button_upload save' is clicked on

2019-05-15 08:35:50 - [TEST_STEP][PASSED] - waitForElementVisible: Object 'Object Repository/ADMIN/Categories/Category/button_upload save' is visible

2019-05-15 08:35:50 - [MESSAGE][WARNING] - Timeout '0' is invalid. Using default page load timeout: '30'

2019-05-15 08:35:50 - [MESSAGE][PASSED] - Object 'Object Repository/ADMIN/Categories/Category/button_upload save' is visible

2019-05-15 08:35:50 - [TEST_STEP][PASSED] - setText: Text 'Description10' is set on object 'Object Repository/ADMIN/Categories/Category/textfield_category_description'

2019-05-15 08:35:50 - [MESSAGE][PASSED] - Text 'Description10' is set on object 'Object Repository/ADMIN/Categories/Category/textfield_category_description'

2019-05-15 08:35:50 - [TEST_STEP][PASSED] - click: Object: 'Object Repository/ADMIN/Categories/Category/button_Save' is clicked on

2019-05-15 08:35:50 - [MESSAGE][PASSED] - Object: 'Object Repository/ADMIN/Categories/Category/button_Save' is clicked on

2019-05-15 08:35:50 - [TEST_STEP][PASSED] - waitForElementVisible: Object 'Object Repository/ADMIN/Categories/Category/label_edit popup' is visible

2019-05-15 08:35:50 - [MESSAGE][WARNING] - Timeout '0' is invalid. Using default page load timeout: '30'

2019-05-15 08:35:52 - [MESSAGE][PASSED] - Object 'Object Repository/ADMIN/Categories/Category/label_edit popup' is visible

2019-05-15 08:35:52 - [TEST_STEP][PASSED] - waitForElementNotPresent: Web element with id: 'Object Repository/ADMIN/Categories/Category/label_edit popup' located by 'By.xpath: //div[(text() = 'Category was successfully saved.' or . = 'Category was successfully saved.')]' is not present after '30' second(s)

2019-05-15 08:35:52 - [MESSAGE][WARNING] - Timeout '0' is invalid. Using default page load timeout: '30'

2019-05-15 08:35:58 - [MESSAGE][PASSED] - Web element with id: 'Object Repository/ADMIN/Categories/Category/label_edit popup' located by 'By.xpath: //div[(text() = 'Category was successfully saved.' or . = 'Category was successfully saved.')]' is not present after '30' second(s)]]></system-out>
         <system-err><![CDATA[2019-05-15 08:35:44 - [TEST_CASE][FAILED] - Test Cases/ADMIN/Content Mgmt/Categories/Category Add-Edit/Add Category: Test Cases/ADMIN/Content Mgmt/Categories/Category Add-Edit/Add Category FAILED because (of) Unable to select option by label 'Category 1.3.2' of object 'Object Repository/ADMIN/Categories/Category/dropdown_Parent'  (Root cause: org.openqa.selenium.NoSuchElementException: Cannot locate element with text: Category 1.3.2
For documentation on this error, please visit: http://seleniumhq.org/exceptions/no_such_element.html
Build info: version: '3.7.1', revision: '8a0099a', time: '2017-11-06T21:07:36.161Z'
System info: host: 'ARCADIER-PC', ip: '10.10.31.95', os.name: 'Windows 7', os.arch: 'amd64', os.version: '6.1', java.version: '1.8.0_102'
Driver info: driver.version: unknown)]]></system-err>
      </testcase>
      <testcase name="Test Cases/ADMIN/Content Mgmt/Categories/Category Add-Edit/Add Category" classname="Test Cases/ADMIN/Content Mgmt/Categories/Category Add-Edit/Add Category" status="FAILED">
         <failure type="FAILED" message="Unable to click on object 'Object Repository/ADMIN/Categories/Category List/button_Categories' (Root cause: org.openqa.selenium.WebDriverException: unknown error: Element &lt;a href=&quot;/admin/categorymanager/index&quot;>...&lt;/a> is not clickable at point (129, 395). Other element would receive the click: &lt;a href=&quot;#&quot;>...&lt;/a>
  (Session info: chrome=74.0.3729.131)
  (Driver info: chromedriver=2.35.528161 (5b82f2d2aae0ca24b877009200ced9065a772e73),platform=Windows NT 6.1.7601 SP1 x86_64) (WARNING: The server did not provide any stacktrace information)
Command duration or timeout: 0 milliseconds
Build info: version: '3.7.1', revision: '8a0099a', time: '2017-11-06T21:07:36.161Z'
System info: host: 'ARCADIER-PC', ip: '10.10.31.95', os.name: 'Windows 7', os.arch: 'amd64', os.version: '6.1', java.version: '1.8.0_102'
Driver info: com.kms.katalon.core.webui.driver.ExistingRemoteWebDriver
Capabilities {javascriptEnabled: true, platform: ANY, platformName: ANY}
Session ID: 4cba786bf88613ee8a0544a4d9db771f)"/>
         <system-out><![CDATA[2019-05-15 08:35:58 - [TEST_CASE][FAILED] - Test Cases/ADMIN/Content Mgmt/Categories/Category Add-Edit/Add Category: Test Cases/ADMIN/Content Mgmt/Categories/Category Add-Edit/Add Category FAILED because (of) Unable to click on object 'Object Repository/ADMIN/Categories/Category List/button_Categories' (Root cause: org.openqa.selenium.WebDriverException: unknown error: Element <a href="/admin/categorymanager/index">...</a> is not clickable at point (129, 395). Other element would receive the click: <a href="#">...</a>
  (Session info: chrome=74.0.3729.131)
  (Driver info: chromedriver=2.35.528161 (5b82f2d2aae0ca24b877009200ced9065a772e73),platform=Windows NT 6.1.7601 SP1 x86_64) (WARNING: The server did not provide any stacktrace information)
Command duration or timeout: 0 milliseconds
Build info: version: '3.7.1', revision: '8a0099a', time: '2017-11-06T21:07:36.161Z'
System info: host: 'ARCADIER-PC', ip: '10.10.31.95', os.name: 'Windows 7', os.arch: 'amd64', os.version: '6.1', java.version: '1.8.0_102'
Driver info: com.kms.katalon.core.webui.driver.ExistingRemoteWebDriver
Capabilities {javascriptEnabled: true, platform: ANY, platformName: ANY}
Session ID: 4cba786bf88613ee8a0544a4d9db771f)

2019-05-15 08:35:58 - [TEST_STEP][PASSED] - waitForElementVisible: Object 'Object Repository/ADMIN/Categories/Category List/button_Content Mgmt' is visible

2019-05-15 08:35:58 - [MESSAGE][WARNING] - Timeout '0' is invalid. Using default page load timeout: '30'

2019-05-15 08:35:59 - [MESSAGE][PASSED] - Object 'Object Repository/ADMIN/Categories/Category List/button_Content Mgmt' is visible

2019-05-15 08:35:59 - [TEST_STEP][PASSED] - click: Object: 'Object Repository/ADMIN/Categories/Category List/button_Content Mgmt' is clicked on

2019-05-15 08:35:59 - [MESSAGE][PASSED] - Object: 'Object Repository/ADMIN/Categories/Category List/button_Content Mgmt' is clicked on

2019-05-15 08:35:59 - [TEST_STEP][PASSED] - waitForElementVisible: Object 'Object Repository/ADMIN/Categories/Category List/button_Categories' is visible

2019-05-15 08:35:59 - [MESSAGE][WARNING] - Timeout '0' is invalid. Using default page load timeout: '30'

2019-05-15 08:35:59 - [MESSAGE][PASSED] - Object 'Object Repository/ADMIN/Categories/Category List/button_Categories' is visible

2019-05-15 08:35:59 - [TEST_STEP][FAILED] - click: Unable to click on object 'Object Repository/ADMIN/Categories/Category List/button_Categories' (Root cause: org.openqa.selenium.WebDriverException: unknown error: Element <a href="/admin/categorymanager/index">...</a> is not clickable at point (129, 395). Other element would receive the click: <a href="#">...</a>
  (Session info: chrome=74.0.3729.131)
  (Driver info: chromedriver=2.35.528161 (5b82f2d2aae0ca24b877009200ced9065a772e73),platform=Windows NT 6.1.7601 SP1 x86_64) (WARNING: The server did not provide any stacktrace information)
Command duration or timeout: 0 milliseconds
Build info: version: '3.7.1', revision: '8a0099a', time: '2017-11-06T21:07:36.161Z'
System info: host: 'ARCADIER-PC', ip: '10.10.31.95', os.name: 'Windows 7', os.arch: 'amd64', os.version: '6.1', java.version: '1.8.0_102'
Driver info: com.kms.katalon.core.webui.driver.ExistingRemoteWebDriver
Capabilities {javascriptEnabled: true, platform: ANY, platformName: ANY}
Session ID: 4cba786bf88613ee8a0544a4d9db771f)

2019-05-15 08:35:59 - [MESSAGE][FAILED] - Unable to click on object 'Object Repository/ADMIN/Categories/Category List/button_Categories' (Root cause: org.openqa.selenium.WebDriverException: unknown error: Element <a href="/admin/categorymanager/index">...</a> is not clickable at point (129, 395). Other element would receive the click: <a href="#">...</a>
  (Session info: chrome=74.0.3729.131)
  (Driver info: chromedriver=2.35.528161 (5b82f2d2aae0ca24b877009200ced9065a772e73),platform=Windows NT 6.1.7601 SP1 x86_64) (WARNING: The server did not provide any stacktrace information)
Command duration or timeout: 0 milliseconds
Build info: version: '3.7.1', revision: '8a0099a', time: '2017-11-06T21:07:36.161Z'
System info: host: 'ARCADIER-PC', ip: '10.10.31.95', os.name: 'Windows 7', os.arch: 'amd64', os.version: '6.1', java.version: '1.8.0_102'
Driver info: com.kms.katalon.core.webui.driver.ExistingRemoteWebDriver
Capabilities {javascriptEnabled: true, platform: ANY, platformName: ANY}
Session ID: 4cba786bf88613ee8a0544a4d9db771f)
[[ATTACHMENT|C:\\Katalon\\Arctick\\Reports\\Suites\\Admin Add Category\\20190515_083232\\1557880559249.png]]

2019-05-15 08:35:59 - [TEST_STEP][PASSED] - waitForPageLoad: Wait for page load successfully

2019-05-15 08:35:59 - [MESSAGE][WARNING] - Timeout '0' is invalid. Using default page load timeout: '30'

2019-05-15 08:35:59 - [MESSAGE][PASSED] - Wait for page load successfully

2019-05-15 08:35:59 - [TEST_STEP][PASSED] - click: Object: 'Object Repository/ADMIN/Categories/Category List/button_Add a Category' is clicked on

2019-05-15 08:35:59 - [MESSAGE][PASSED] - Object: 'Object Repository/ADMIN/Categories/Category List/button_Add a Category' is clicked on

2019-05-15 08:35:59 - [TEST_STEP][PASSED] - waitForElementPresent: Object 'Object Repository/ADMIN/Categories/Category/dropdown_Parent' is present

2019-05-15 08:35:59 - [MESSAGE][PASSED] - Object 'Object Repository/ADMIN/Categories/Category/dropdown_Parent' is present

2019-05-15 08:35:59 - [TEST_STEP][PASSED] - delay: Delayed 1 second(s)

2019-05-15 08:36:00 - [MESSAGE][PASSED] - Delayed 1 second(s)

2019-05-15 08:36:00 - [TEST_STEP][PASSED] - setText: Text 'Category 1.3.2.2' is set on object 'Object Repository/ADMIN/Categories/Category/textfield_Category Name'

2019-05-15 08:36:00 - [MESSAGE][PASSED] - Text 'Category 1.3.2.2' is set on object 'Object Repository/ADMIN/Categories/Category/textfield_Category Name'

2019-05-15 08:36:00 - [TEST_STEP][PASSED] - click: Object: 'Object Repository/ADMIN/Categories/Category/dropdown_Parent' is clicked on

2019-05-15 08:36:00 - [MESSAGE][PASSED] - Object: 'Object Repository/ADMIN/Categories/Category/dropdown_Parent' is clicked on

2019-05-15 08:36:00 - [TEST_STEP][PASSED] - delay: Delayed 2 second(s)

2019-05-15 08:36:02 - [MESSAGE][PASSED] - Delayed 2 second(s)

2019-05-15 08:36:02 - [TEST_STEP][PASSED] - click: Object: 'Object Repository/ADMIN/Categories/Category/dropdown_Parent' is clicked on

2019-05-15 08:36:03 - [MESSAGE][PASSED] - Object: 'Object Repository/ADMIN/Categories/Category/dropdown_Parent' is clicked on

2019-05-15 08:36:03 - [TEST_STEP][PASSED] - selectOptionByLabel: All options with label 'Category 1.3.2' are selected in object 'Object Repository/ADMIN/Categories/Category/dropdown_Parent' 

2019-05-15 08:36:03 - [MESSAGE][PASSED] - All options with label 'Category 1.3.2' are selected in object 'Object Repository/ADMIN/Categories/Category/dropdown_Parent' 

2019-05-15 08:36:03 - [TEST_STEP][PASSED] - click: Object: 'Object Repository/ADMIN/Categories/Category/button_Browse' is clicked on

2019-05-15 08:36:03 - [MESSAGE][PASSED] - Object: 'Object Repository/ADMIN/Categories/Category/button_Browse' is clicked on

2019-05-15 08:36:03 - [TEST_STEP][PASSED] - delay: Delayed 1 second(s)

2019-05-15 08:36:04 - [MESSAGE][PASSED] - Delayed 1 second(s)

2019-05-15 08:36:04 - [TEST_STEP][PASSED] - uploadFile: File 'C:\\Katalon\\Image\\pic10.jpg' sent to object: 'Object Repository/ADMIN/Categories/Category/image_input image'

2019-05-15 08:36:04 - [MESSAGE][PASSED] - File 'C:\\Katalon\\Image\\pic10.jpg' sent to object: 'Object Repository/ADMIN/Categories/Category/image_input image'

2019-05-15 08:36:04 - [TEST_STEP][PASSED] - waitForElementVisible: Object 'Object Repository/ADMIN/Categories/Category/button_upload check' is visible

2019-05-15 08:36:04 - [MESSAGE][WARNING] - Timeout '0' is invalid. Using default page load timeout: '30'

2019-05-15 08:36:04 - [MESSAGE][PASSED] - Object 'Object Repository/ADMIN/Categories/Category/button_upload check' is visible

2019-05-15 08:36:04 - [TEST_STEP][PASSED] - click: Object: 'Object Repository/ADMIN/Categories/Category/button_upload check' is clicked on

2019-05-15 08:36:04 - [MESSAGE][PASSED] - Object: 'Object Repository/ADMIN/Categories/Category/button_upload check' is clicked on

2019-05-15 08:36:04 - [TEST_STEP][PASSED] - click: Object: 'Object Repository/ADMIN/Categories/Category/button_upload save' is clicked on

2019-05-15 08:36:04 - [MESSAGE][PASSED] - Object: 'Object Repository/ADMIN/Categories/Category/button_upload save' is clicked on

2019-05-15 08:36:04 - [TEST_STEP][PASSED] - waitForElementVisible: Object 'Object Repository/ADMIN/Categories/Category/button_upload save' is visible

2019-05-15 08:36:04 - [MESSAGE][WARNING] - Timeout '0' is invalid. Using default page load timeout: '30'

2019-05-15 08:36:04 - [MESSAGE][PASSED] - Object 'Object Repository/ADMIN/Categories/Category/button_upload save' is visible

2019-05-15 08:36:04 - [TEST_STEP][PASSED] - setText: Text 'Description11' is set on object 'Object Repository/ADMIN/Categories/Category/textfield_category_description'

2019-05-15 08:36:04 - [MESSAGE][PASSED] - Text 'Description11' is set on object 'Object Repository/ADMIN/Categories/Category/textfield_category_description'

2019-05-15 08:36:04 - [TEST_STEP][PASSED] - click: Object: 'Object Repository/ADMIN/Categories/Category/button_Save' is clicked on

2019-05-15 08:36:04 - [MESSAGE][PASSED] - Object: 'Object Repository/ADMIN/Categories/Category/button_Save' is clicked on

2019-05-15 08:36:04 - [TEST_STEP][PASSED] - waitForElementVisible: Object 'Object Repository/ADMIN/Categories/Category/label_edit popup' is visible

2019-05-15 08:36:04 - [MESSAGE][WARNING] - Timeout '0' is invalid. Using default page load timeout: '30'

2019-05-15 08:36:05 - [MESSAGE][PASSED] - Object 'Object Repository/ADMIN/Categories/Category/label_edit popup' is visible

2019-05-15 08:36:05 - [TEST_STEP][PASSED] - waitForElementNotPresent: Web element with id: 'Object Repository/ADMIN/Categories/Category/label_edit popup' located by 'By.xpath: //div[(text() = 'Category was successfully saved.' or . = 'Category was successfully saved.')]' is not present after '30' second(s)

2019-05-15 08:36:05 - [MESSAGE][WARNING] - Timeout '0' is invalid. Using default page load timeout: '30'

2019-05-15 08:36:11 - [MESSAGE][PASSED] - Web element with id: 'Object Repository/ADMIN/Categories/Category/label_edit popup' located by 'By.xpath: //div[(text() = 'Category was successfully saved.' or . = 'Category was successfully saved.')]' is not present after '30' second(s)]]></system-out>
         <system-err><![CDATA[2019-05-15 08:35:58 - [TEST_CASE][FAILED] - Test Cases/ADMIN/Content Mgmt/Categories/Category Add-Edit/Add Category: Test Cases/ADMIN/Content Mgmt/Categories/Category Add-Edit/Add Category FAILED because (of) Unable to click on object 'Object Repository/ADMIN/Categories/Category List/button_Categories' (Root cause: org.openqa.selenium.WebDriverException: unknown error: Element <a href="/admin/categorymanager/index">...</a> is not clickable at point (129, 395). Other element would receive the click: <a href="#">...</a>
  (Session info: chrome=74.0.3729.131)
  (Driver info: chromedriver=2.35.528161 (5b82f2d2aae0ca24b877009200ced9065a772e73),platform=Windows NT 6.1.7601 SP1 x86_64) (WARNING: The server did not provide any stacktrace information)
Command duration or timeout: 0 milliseconds
Build info: version: '3.7.1', revision: '8a0099a', time: '2017-11-06T21:07:36.161Z'
System info: host: 'ARCADIER-PC', ip: '10.10.31.95', os.name: 'Windows 7', os.arch: 'amd64', os.version: '6.1', java.version: '1.8.0_102'
Driver info: com.kms.katalon.core.webui.driver.ExistingRemoteWebDriver
Capabilities {javascriptEnabled: true, platform: ANY, platformName: ANY}
Session ID: 4cba786bf88613ee8a0544a4d9db771f)]]></system-err>
      </testcase>
      <testcase name="Test Cases/ADMIN/Content Mgmt/Categories/Category Add-Edit/Add Category" classname="Test Cases/ADMIN/Content Mgmt/Categories/Category Add-Edit/Add Category" status="FAILED">
         <failure type="FAILED" message="Unable to select option by label 'Category 1.3.2.2' of object 'Object Repository/ADMIN/Categories/Category/dropdown_Parent'  (Root cause: org.openqa.selenium.NoSuchElementException: Cannot locate element with text: Category 1.3.2.2
For documentation on this error, please visit: http://seleniumhq.org/exceptions/no_such_element.html
Build info: version: '3.7.1', revision: '8a0099a', time: '2017-11-06T21:07:36.161Z'
System info: host: 'ARCADIER-PC', ip: '10.10.31.95', os.name: 'Windows 7', os.arch: 'amd64', os.version: '6.1', java.version: '1.8.0_102'
Driver info: driver.version: unknown)"/>
         <system-out><![CDATA[2019-05-15 08:36:11 - [TEST_CASE][FAILED] - Test Cases/ADMIN/Content Mgmt/Categories/Category Add-Edit/Add Category: Test Cases/ADMIN/Content Mgmt/Categories/Category Add-Edit/Add Category FAILED because (of) Unable to select option by label 'Category 1.3.2.2' of object 'Object Repository/ADMIN/Categories/Category/dropdown_Parent'  (Root cause: org.openqa.selenium.NoSuchElementException: Cannot locate element with text: Category 1.3.2.2
For documentation on this error, please visit: http://seleniumhq.org/exceptions/no_such_element.html
Build info: version: '3.7.1', revision: '8a0099a', time: '2017-11-06T21:07:36.161Z'
System info: host: 'ARCADIER-PC', ip: '10.10.31.95', os.name: 'Windows 7', os.arch: 'amd64', os.version: '6.1', java.version: '1.8.0_102'
Driver info: driver.version: unknown)

2019-05-15 08:36:11 - [TEST_STEP][PASSED] - waitForElementVisible: Object 'Object Repository/ADMIN/Categories/Category List/button_Content Mgmt' is visible

2019-05-15 08:36:11 - [MESSAGE][WARNING] - Timeout '0' is invalid. Using default page load timeout: '30'

2019-05-15 08:36:11 - [MESSAGE][PASSED] - Object 'Object Repository/ADMIN/Categories/Category List/button_Content Mgmt' is visible

2019-05-15 08:36:11 - [TEST_STEP][PASSED] - click: Object: 'Object Repository/ADMIN/Categories/Category List/button_Content Mgmt' is clicked on

2019-05-15 08:36:11 - [MESSAGE][PASSED] - Object: 'Object Repository/ADMIN/Categories/Category List/button_Content Mgmt' is clicked on

2019-05-15 08:36:11 - [TEST_STEP][PASSED] - waitForElementVisible: Object 'Object Repository/ADMIN/Categories/Category List/button_Categories' is visible

2019-05-15 08:36:11 - [MESSAGE][WARNING] - Timeout '0' is invalid. Using default page load timeout: '30'

2019-05-15 08:36:11 - [MESSAGE][PASSED] - Object 'Object Repository/ADMIN/Categories/Category List/button_Categories' is visible

2019-05-15 08:36:11 - [TEST_STEP][PASSED] - click: Object: 'Object Repository/ADMIN/Categories/Category List/button_Categories' is clicked on

2019-05-15 08:36:32 - [MESSAGE][PASSED] - Object: 'Object Repository/ADMIN/Categories/Category List/button_Categories' is clicked on

2019-05-15 08:36:32 - [TEST_STEP][PASSED] - waitForPageLoad: Wait for page load successfully

2019-05-15 08:36:32 - [MESSAGE][WARNING] - Timeout '0' is invalid. Using default page load timeout: '30'

2019-05-15 08:36:32 - [MESSAGE][PASSED] - Wait for page load successfully

2019-05-15 08:36:32 - [TEST_STEP][PASSED] - click: Object: 'Object Repository/ADMIN/Categories/Category List/button_Add a Category' is clicked on

2019-05-15 08:36:32 - [MESSAGE][PASSED] - Object: 'Object Repository/ADMIN/Categories/Category List/button_Add a Category' is clicked on

2019-05-15 08:36:32 - [TEST_STEP][PASSED] - waitForElementPresent: Object 'Object Repository/ADMIN/Categories/Category/dropdown_Parent' is present

2019-05-15 08:36:32 - [MESSAGE][PASSED] - Object 'Object Repository/ADMIN/Categories/Category/dropdown_Parent' is present

2019-05-15 08:36:32 - [TEST_STEP][PASSED] - delay: Delayed 1 second(s)

2019-05-15 08:36:33 - [MESSAGE][PASSED] - Delayed 1 second(s)

2019-05-15 08:36:33 - [TEST_STEP][PASSED] - setText: Text 'Category 1.3.2.2.1' is set on object 'Object Repository/ADMIN/Categories/Category/textfield_Category Name'

2019-05-15 08:36:33 - [MESSAGE][PASSED] - Text 'Category 1.3.2.2.1' is set on object 'Object Repository/ADMIN/Categories/Category/textfield_Category Name'

2019-05-15 08:36:33 - [TEST_STEP][PASSED] - click: Object: 'Object Repository/ADMIN/Categories/Category/dropdown_Parent' is clicked on

2019-05-15 08:36:33 - [MESSAGE][PASSED] - Object: 'Object Repository/ADMIN/Categories/Category/dropdown_Parent' is clicked on

2019-05-15 08:36:33 - [TEST_STEP][PASSED] - delay: Delayed 2 second(s)

2019-05-15 08:36:35 - [MESSAGE][PASSED] - Delayed 2 second(s)

2019-05-15 08:36:35 - [TEST_STEP][PASSED] - click: Object: 'Object Repository/ADMIN/Categories/Category/dropdown_Parent' is clicked on

2019-05-15 08:36:35 - [MESSAGE][PASSED] - Object: 'Object Repository/ADMIN/Categories/Category/dropdown_Parent' is clicked on

2019-05-15 08:36:35 - [TEST_STEP][FAILED] - selectOptionByLabel: Unable to select option by label 'Category 1.3.2.2' of object 'Object Repository/ADMIN/Categories/Category/dropdown_Parent'  (Root cause: org.openqa.selenium.NoSuchElementException: Cannot locate element with text: Category 1.3.2.2
For documentation on this error, please visit: http://seleniumhq.org/exceptions/no_such_element.html
Build info: version: '3.7.1', revision: '8a0099a', time: '2017-11-06T21:07:36.161Z'
System info: host: 'ARCADIER-PC', ip: '10.10.31.95', os.name: 'Windows 7', os.arch: 'amd64', os.version: '6.1', java.version: '1.8.0_102'
Driver info: driver.version: unknown)

2019-05-15 08:36:36 - [MESSAGE][FAILED] - Unable to select option by label 'Category 1.3.2.2' of object 'Object Repository/ADMIN/Categories/Category/dropdown_Parent'  (Root cause: org.openqa.selenium.NoSuchElementException: Cannot locate element with text: Category 1.3.2.2
For documentation on this error, please visit: http://seleniumhq.org/exceptions/no_such_element.html
Build info: version: '3.7.1', revision: '8a0099a', time: '2017-11-06T21:07:36.161Z'
System info: host: 'ARCADIER-PC', ip: '10.10.31.95', os.name: 'Windows 7', os.arch: 'amd64', os.version: '6.1', java.version: '1.8.0_102'
Driver info: driver.version: unknown)
[[ATTACHMENT|C:\\Katalon\\Arctick\\Reports\\Suites\\Admin Add Category\\20190515_083232\\1557880595995.png]]

2019-05-15 08:36:36 - [TEST_STEP][PASSED] - click: Object: 'Object Repository/ADMIN/Categories/Category/button_Browse' is clicked on

2019-05-15 08:36:36 - [MESSAGE][PASSED] - Object: 'Object Repository/ADMIN/Categories/Category/button_Browse' is clicked on

2019-05-15 08:36:36 - [TEST_STEP][PASSED] - delay: Delayed 1 second(s)

2019-05-15 08:36:37 - [MESSAGE][PASSED] - Delayed 1 second(s)

2019-05-15 08:36:37 - [TEST_STEP][PASSED] - uploadFile: File 'C:\\Katalon\\Image\\pic11.jpg' sent to object: 'Object Repository/ADMIN/Categories/Category/image_input image'

2019-05-15 08:36:37 - [MESSAGE][PASSED] - File 'C:\\Katalon\\Image\\pic11.jpg' sent to object: 'Object Repository/ADMIN/Categories/Category/image_input image'

2019-05-15 08:36:37 - [TEST_STEP][PASSED] - waitForElementVisible: Object 'Object Repository/ADMIN/Categories/Category/button_upload check' is visible

2019-05-15 08:36:37 - [MESSAGE][WARNING] - Timeout '0' is invalid. Using default page load timeout: '30'

2019-05-15 08:36:37 - [MESSAGE][PASSED] - Object 'Object Repository/ADMIN/Categories/Category/button_upload check' is visible

2019-05-15 08:36:37 - [TEST_STEP][PASSED] - click: Object: 'Object Repository/ADMIN/Categories/Category/button_upload check' is clicked on

2019-05-15 08:36:37 - [MESSAGE][PASSED] - Object: 'Object Repository/ADMIN/Categories/Category/button_upload check' is clicked on

2019-05-15 08:36:37 - [TEST_STEP][PASSED] - click: Object: 'Object Repository/ADMIN/Categories/Category/button_upload save' is clicked on

2019-05-15 08:36:37 - [MESSAGE][PASSED] - Object: 'Object Repository/ADMIN/Categories/Category/button_upload save' is clicked on

2019-05-15 08:36:37 - [TEST_STEP][PASSED] - waitForElementVisible: Object 'Object Repository/ADMIN/Categories/Category/button_upload save' is visible

2019-05-15 08:36:37 - [MESSAGE][WARNING] - Timeout '0' is invalid. Using default page load timeout: '30'

2019-05-15 08:36:37 - [MESSAGE][PASSED] - Object 'Object Repository/ADMIN/Categories/Category/button_upload save' is visible

2019-05-15 08:36:37 - [TEST_STEP][PASSED] - setText: Text 'Description12' is set on object 'Object Repository/ADMIN/Categories/Category/textfield_category_description'

2019-05-15 08:36:37 - [MESSAGE][PASSED] - Text 'Description12' is set on object 'Object Repository/ADMIN/Categories/Category/textfield_category_description'

2019-05-15 08:36:37 - [TEST_STEP][PASSED] - click: Object: 'Object Repository/ADMIN/Categories/Category/button_Save' is clicked on

2019-05-15 08:36:37 - [MESSAGE][PASSED] - Object: 'Object Repository/ADMIN/Categories/Category/button_Save' is clicked on

2019-05-15 08:36:37 - [TEST_STEP][PASSED] - waitForElementVisible: Object 'Object Repository/ADMIN/Categories/Category/label_edit popup' is visible

2019-05-15 08:36:37 - [MESSAGE][WARNING] - Timeout '0' is invalid. Using default page load timeout: '30'

2019-05-15 08:36:43 - [MESSAGE][PASSED] - Object 'Object Repository/ADMIN/Categories/Category/label_edit popup' is visible

2019-05-15 08:36:43 - [TEST_STEP][PASSED] - waitForElementNotPresent: Web element with id: 'Object Repository/ADMIN/Categories/Category/label_edit popup' located by 'By.xpath: //div[(text() = 'Category was successfully saved.' or . = 'Category was successfully saved.')]' is not present after '30' second(s)

2019-05-15 08:36:43 - [MESSAGE][WARNING] - Timeout '0' is invalid. Using default page load timeout: '30'

2019-05-15 08:36:49 - [MESSAGE][PASSED] - Web element with id: 'Object Repository/ADMIN/Categories/Category/label_edit popup' located by 'By.xpath: //div[(text() = 'Category was successfully saved.' or . = 'Category was successfully saved.')]' is not present after '30' second(s)]]></system-out>
         <system-err><![CDATA[2019-05-15 08:36:11 - [TEST_CASE][FAILED] - Test Cases/ADMIN/Content Mgmt/Categories/Category Add-Edit/Add Category: Test Cases/ADMIN/Content Mgmt/Categories/Category Add-Edit/Add Category FAILED because (of) Unable to select option by label 'Category 1.3.2.2' of object 'Object Repository/ADMIN/Categories/Category/dropdown_Parent'  (Root cause: org.openqa.selenium.NoSuchElementException: Cannot locate element with text: Category 1.3.2.2
For documentation on this error, please visit: http://seleniumhq.org/exceptions/no_such_element.html
Build info: version: '3.7.1', revision: '8a0099a', time: '2017-11-06T21:07:36.161Z'
System info: host: 'ARCADIER-PC', ip: '10.10.31.95', os.name: 'Windows 7', os.arch: 'amd64', os.version: '6.1', java.version: '1.8.0_102'
Driver info: driver.version: unknown)]]></system-err>
      </testcase>
      <testcase name="Test Cases/ADMIN/Content Mgmt/Categories/Category Add-Edit/Add Category" classname="Test Cases/ADMIN/Content Mgmt/Categories/Category Add-Edit/Add Category" status="FAILED">
         <failure type="FAILED" message="Unable to select option by label 'Category 1.3.2.2' of object 'Object Repository/ADMIN/Categories/Category/dropdown_Parent'  (Root cause: org.openqa.selenium.NoSuchElementException: Cannot locate element with text: Category 1.3.2.2
For documentation on this error, please visit: http://seleniumhq.org/exceptions/no_such_element.html
Build info: version: '3.7.1', revision: '8a0099a', time: '2017-11-06T21:07:36.161Z'
System info: host: 'ARCADIER-PC', ip: '10.10.31.95', os.name: 'Windows 7', os.arch: 'amd64', os.version: '6.1', java.version: '1.8.0_102'
Driver info: driver.version: unknown)"/>
         <system-out><![CDATA[2019-05-15 08:36:49 - [TEST_CASE][FAILED] - Test Cases/ADMIN/Content Mgmt/Categories/Category Add-Edit/Add Category: Test Cases/ADMIN/Content Mgmt/Categories/Category Add-Edit/Add Category FAILED because (of) Unable to select option by label 'Category 1.3.2.2' of object 'Object Repository/ADMIN/Categories/Category/dropdown_Parent'  (Root cause: org.openqa.selenium.NoSuchElementException: Cannot locate element with text: Category 1.3.2.2
For documentation on this error, please visit: http://seleniumhq.org/exceptions/no_such_element.html
Build info: version: '3.7.1', revision: '8a0099a', time: '2017-11-06T21:07:36.161Z'
System info: host: 'ARCADIER-PC', ip: '10.10.31.95', os.name: 'Windows 7', os.arch: 'amd64', os.version: '6.1', java.version: '1.8.0_102'
Driver info: driver.version: unknown)

2019-05-15 08:36:49 - [TEST_STEP][PASSED] - waitForElementVisible: Object 'Object Repository/ADMIN/Categories/Category List/button_Content Mgmt' is visible

2019-05-15 08:36:49 - [MESSAGE][WARNING] - Timeout '0' is invalid. Using default page load timeout: '30'

2019-05-15 08:36:49 - [MESSAGE][PASSED] - Object 'Object Repository/ADMIN/Categories/Category List/button_Content Mgmt' is visible

2019-05-15 08:36:49 - [TEST_STEP][PASSED] - click: Object: 'Object Repository/ADMIN/Categories/Category List/button_Content Mgmt' is clicked on

2019-05-15 08:36:49 - [MESSAGE][PASSED] - Object: 'Object Repository/ADMIN/Categories/Category List/button_Content Mgmt' is clicked on

2019-05-15 08:36:49 - [TEST_STEP][PASSED] - waitForElementVisible: Object 'Object Repository/ADMIN/Categories/Category List/button_Categories' is visible

2019-05-15 08:36:49 - [MESSAGE][WARNING] - Timeout '0' is invalid. Using default page load timeout: '30'

2019-05-15 08:36:49 - [MESSAGE][PASSED] - Object 'Object Repository/ADMIN/Categories/Category List/button_Categories' is visible

2019-05-15 08:36:49 - [TEST_STEP][PASSED] - click: Object: 'Object Repository/ADMIN/Categories/Category List/button_Categories' is clicked on

2019-05-15 08:36:49 - [MESSAGE][PASSED] - Object: 'Object Repository/ADMIN/Categories/Category List/button_Categories' is clicked on

2019-05-15 08:36:49 - [TEST_STEP][PASSED] - waitForPageLoad: Wait for page load successfully

2019-05-15 08:36:49 - [MESSAGE][WARNING] - Timeout '0' is invalid. Using default page load timeout: '30'

2019-05-15 08:36:49 - [MESSAGE][PASSED] - Wait for page load successfully

2019-05-15 08:36:49 - [TEST_STEP][PASSED] - click: Object: 'Object Repository/ADMIN/Categories/Category List/button_Add a Category' is clicked on

2019-05-15 08:36:49 - [MESSAGE][PASSED] - Object: 'Object Repository/ADMIN/Categories/Category List/button_Add a Category' is clicked on

2019-05-15 08:36:49 - [TEST_STEP][PASSED] - waitForElementPresent: Object 'Object Repository/ADMIN/Categories/Category/dropdown_Parent' is present

2019-05-15 08:36:50 - [MESSAGE][PASSED] - Object 'Object Repository/ADMIN/Categories/Category/dropdown_Parent' is present

2019-05-15 08:36:50 - [TEST_STEP][PASSED] - delay: Delayed 1 second(s)

2019-05-15 08:36:51 - [MESSAGE][PASSED] - Delayed 1 second(s)

2019-05-15 08:36:51 - [TEST_STEP][PASSED] - setText: Text 'Category 1.3.2.2.2' is set on object 'Object Repository/ADMIN/Categories/Category/textfield_Category Name'

2019-05-15 08:36:51 - [MESSAGE][PASSED] - Text 'Category 1.3.2.2.2' is set on object 'Object Repository/ADMIN/Categories/Category/textfield_Category Name'

2019-05-15 08:36:51 - [TEST_STEP][PASSED] - click: Object: 'Object Repository/ADMIN/Categories/Category/dropdown_Parent' is clicked on

2019-05-15 08:36:51 - [MESSAGE][PASSED] - Object: 'Object Repository/ADMIN/Categories/Category/dropdown_Parent' is clicked on

2019-05-15 08:36:51 - [TEST_STEP][PASSED] - delay: Delayed 2 second(s)

2019-05-15 08:36:53 - [MESSAGE][PASSED] - Delayed 2 second(s)

2019-05-15 08:36:53 - [TEST_STEP][PASSED] - click: Object: 'Object Repository/ADMIN/Categories/Category/dropdown_Parent' is clicked on

2019-05-15 08:36:53 - [MESSAGE][PASSED] - Object: 'Object Repository/ADMIN/Categories/Category/dropdown_Parent' is clicked on

2019-05-15 08:36:53 - [TEST_STEP][FAILED] - selectOptionByLabel: Unable to select option by label 'Category 1.3.2.2' of object 'Object Repository/ADMIN/Categories/Category/dropdown_Parent'  (Root cause: org.openqa.selenium.NoSuchElementException: Cannot locate element with text: Category 1.3.2.2
For documentation on this error, please visit: http://seleniumhq.org/exceptions/no_such_element.html
Build info: version: '3.7.1', revision: '8a0099a', time: '2017-11-06T21:07:36.161Z'
System info: host: 'ARCADIER-PC', ip: '10.10.31.95', os.name: 'Windows 7', os.arch: 'amd64', os.version: '6.1', java.version: '1.8.0_102'
Driver info: driver.version: unknown)

2019-05-15 08:36:53 - [MESSAGE][FAILED] - Unable to select option by label 'Category 1.3.2.2' of object 'Object Repository/ADMIN/Categories/Category/dropdown_Parent'  (Root cause: org.openqa.selenium.NoSuchElementException: Cannot locate element with text: Category 1.3.2.2
For documentation on this error, please visit: http://seleniumhq.org/exceptions/no_such_element.html
Build info: version: '3.7.1', revision: '8a0099a', time: '2017-11-06T21:07:36.161Z'
System info: host: 'ARCADIER-PC', ip: '10.10.31.95', os.name: 'Windows 7', os.arch: 'amd64', os.version: '6.1', java.version: '1.8.0_102'
Driver info: driver.version: unknown)
[[ATTACHMENT|C:\\Katalon\\Arctick\\Reports\\Suites\\Admin Add Category\\20190515_083232\\1557880613377.png]]

2019-05-15 08:36:53 - [TEST_STEP][PASSED] - click: Object: 'Object Repository/ADMIN/Categories/Category/button_Browse' is clicked on

2019-05-15 08:36:53 - [MESSAGE][PASSED] - Object: 'Object Repository/ADMIN/Categories/Category/button_Browse' is clicked on

2019-05-15 08:36:53 - [TEST_STEP][PASSED] - delay: Delayed 1 second(s)

2019-05-15 08:36:54 - [MESSAGE][PASSED] - Delayed 1 second(s)

2019-05-15 08:36:54 - [TEST_STEP][PASSED] - uploadFile: File 'C:\\Katalon\\Image\\pic12.jpg' sent to object: 'Object Repository/ADMIN/Categories/Category/image_input image'

2019-05-15 08:36:54 - [MESSAGE][PASSED] - File 'C:\\Katalon\\Image\\pic12.jpg' sent to object: 'Object Repository/ADMIN/Categories/Category/image_input image'

2019-05-15 08:36:54 - [TEST_STEP][PASSED] - waitForElementVisible: Object 'Object Repository/ADMIN/Categories/Category/button_upload check' is visible

2019-05-15 08:36:54 - [MESSAGE][WARNING] - Timeout '0' is invalid. Using default page load timeout: '30'

2019-05-15 08:36:54 - [MESSAGE][PASSED] - Object 'Object Repository/ADMIN/Categories/Category/button_upload check' is visible

2019-05-15 08:36:54 - [TEST_STEP][PASSED] - click: Object: 'Object Repository/ADMIN/Categories/Category/button_upload check' is clicked on

2019-05-15 08:36:54 - [MESSAGE][PASSED] - Object: 'Object Repository/ADMIN/Categories/Category/button_upload check' is clicked on

2019-05-15 08:36:54 - [TEST_STEP][PASSED] - click: Object: 'Object Repository/ADMIN/Categories/Category/button_upload save' is clicked on

2019-05-15 08:36:54 - [MESSAGE][PASSED] - Object: 'Object Repository/ADMIN/Categories/Category/button_upload save' is clicked on

2019-05-15 08:36:54 - [TEST_STEP][PASSED] - waitForElementVisible: Object 'Object Repository/ADMIN/Categories/Category/button_upload save' is visible

2019-05-15 08:36:54 - [MESSAGE][WARNING] - Timeout '0' is invalid. Using default page load timeout: '30'

2019-05-15 08:36:55 - [MESSAGE][PASSED] - Object 'Object Repository/ADMIN/Categories/Category/button_upload save' is visible

2019-05-15 08:36:55 - [TEST_STEP][PASSED] - setText: Text 'Description13' is set on object 'Object Repository/ADMIN/Categories/Category/textfield_category_description'

2019-05-15 08:36:55 - [MESSAGE][PASSED] - Text 'Description13' is set on object 'Object Repository/ADMIN/Categories/Category/textfield_category_description'

2019-05-15 08:36:55 - [TEST_STEP][PASSED] - click: Object: 'Object Repository/ADMIN/Categories/Category/button_Save' is clicked on

2019-05-15 08:36:55 - [MESSAGE][PASSED] - Object: 'Object Repository/ADMIN/Categories/Category/button_Save' is clicked on

2019-05-15 08:36:55 - [TEST_STEP][PASSED] - waitForElementVisible: Object 'Object Repository/ADMIN/Categories/Category/label_edit popup' is visible

2019-05-15 08:36:55 - [MESSAGE][WARNING] - Timeout '0' is invalid. Using default page load timeout: '30'

2019-05-15 08:37:08 - [MESSAGE][PASSED] - Object 'Object Repository/ADMIN/Categories/Category/label_edit popup' is visible

2019-05-15 08:37:08 - [TEST_STEP][PASSED] - waitForElementNotPresent: Web element with id: 'Object Repository/ADMIN/Categories/Category/label_edit popup' located by 'By.xpath: //div[(text() = 'Category was successfully saved.' or . = 'Category was successfully saved.')]' is not present after '30' second(s)

2019-05-15 08:37:08 - [MESSAGE][WARNING] - Timeout '0' is invalid. Using default page load timeout: '30'

2019-05-15 08:37:14 - [MESSAGE][PASSED] - Web element with id: 'Object Repository/ADMIN/Categories/Category/label_edit popup' located by 'By.xpath: //div[(text() = 'Category was successfully saved.' or . = 'Category was successfully saved.')]' is not present after '30' second(s)]]></system-out>
         <system-err><![CDATA[2019-05-15 08:36:49 - [TEST_CASE][FAILED] - Test Cases/ADMIN/Content Mgmt/Categories/Category Add-Edit/Add Category: Test Cases/ADMIN/Content Mgmt/Categories/Category Add-Edit/Add Category FAILED because (of) Unable to select option by label 'Category 1.3.2.2' of object 'Object Repository/ADMIN/Categories/Category/dropdown_Parent'  (Root cause: org.openqa.selenium.NoSuchElementException: Cannot locate element with text: Category 1.3.2.2
For documentation on this error, please visit: http://seleniumhq.org/exceptions/no_such_element.html
Build info: version: '3.7.1', revision: '8a0099a', time: '2017-11-06T21:07:36.161Z'
System info: host: 'ARCADIER-PC', ip: '10.10.31.95', os.name: 'Windows 7', os.arch: 'amd64', os.version: '6.1', java.version: '1.8.0_102'
Driver info: driver.version: unknown)]]></system-err>
      </testcase>
      <testcase name="Test Cases/ADMIN/Content Mgmt/Categories/Category Add-Edit/Add Category" classname="Test Cases/ADMIN/Content Mgmt/Categories/Category Add-Edit/Add Category" status="FAILED">
         <failure type="FAILED" message="Unable to select option by label 'Category 1.3' of object 'Object Repository/ADMIN/Categories/Category/dropdown_Parent'  (Root cause: org.openqa.selenium.NoSuchElementException: Cannot locate element with text: Category 1.3
For documentation on this error, please visit: http://seleniumhq.org/exceptions/no_such_element.html
Build info: version: '3.7.1', revision: '8a0099a', time: '2017-11-06T21:07:36.161Z'
System info: host: 'ARCADIER-PC', ip: '10.10.31.95', os.name: 'Windows 7', os.arch: 'amd64', os.version: '6.1', java.version: '1.8.0_102'
Driver info: driver.version: unknown)"/>
         <system-out><![CDATA[2019-05-15 08:37:14 - [TEST_CASE][FAILED] - Test Cases/ADMIN/Content Mgmt/Categories/Category Add-Edit/Add Category: Test Cases/ADMIN/Content Mgmt/Categories/Category Add-Edit/Add Category FAILED because (of) Unable to select option by label 'Category 1.3' of object 'Object Repository/ADMIN/Categories/Category/dropdown_Parent'  (Root cause: org.openqa.selenium.NoSuchElementException: Cannot locate element with text: Category 1.3
For documentation on this error, please visit: http://seleniumhq.org/exceptions/no_such_element.html
Build info: version: '3.7.1', revision: '8a0099a', time: '2017-11-06T21:07:36.161Z'
System info: host: 'ARCADIER-PC', ip: '10.10.31.95', os.name: 'Windows 7', os.arch: 'amd64', os.version: '6.1', java.version: '1.8.0_102'
Driver info: driver.version: unknown)

2019-05-15 08:37:14 - [TEST_STEP][PASSED] - waitForElementVisible: Object 'Object Repository/ADMIN/Categories/Category List/button_Content Mgmt' is visible

2019-05-15 08:37:14 - [MESSAGE][WARNING] - Timeout '0' is invalid. Using default page load timeout: '30'

2019-05-15 08:37:14 - [MESSAGE][PASSED] - Object 'Object Repository/ADMIN/Categories/Category List/button_Content Mgmt' is visible

2019-05-15 08:37:14 - [TEST_STEP][PASSED] - click: Object: 'Object Repository/ADMIN/Categories/Category List/button_Content Mgmt' is clicked on

2019-05-15 08:37:14 - [MESSAGE][PASSED] - Object: 'Object Repository/ADMIN/Categories/Category List/button_Content Mgmt' is clicked on

2019-05-15 08:37:14 - [TEST_STEP][PASSED] - waitForElementVisible: Object 'Object Repository/ADMIN/Categories/Category List/button_Categories' is visible

2019-05-15 08:37:14 - [MESSAGE][WARNING] - Timeout '0' is invalid. Using default page load timeout: '30'

2019-05-15 08:37:14 - [MESSAGE][PASSED] - Object 'Object Repository/ADMIN/Categories/Category List/button_Categories' is visible

2019-05-15 08:37:14 - [TEST_STEP][PASSED] - click: Object: 'Object Repository/ADMIN/Categories/Category List/button_Categories' is clicked on

2019-05-15 08:37:26 - [MESSAGE][PASSED] - Object: 'Object Repository/ADMIN/Categories/Category List/button_Categories' is clicked on

2019-05-15 08:37:26 - [TEST_STEP][PASSED] - waitForPageLoad: Wait for page load successfully

2019-05-15 08:37:26 - [MESSAGE][WARNING] - Timeout '0' is invalid. Using default page load timeout: '30'

2019-05-15 08:37:26 - [MESSAGE][PASSED] - Wait for page load successfully

2019-05-15 08:37:26 - [TEST_STEP][PASSED] - click: Object: 'Object Repository/ADMIN/Categories/Category List/button_Add a Category' is clicked on

2019-05-15 08:37:26 - [MESSAGE][PASSED] - Object: 'Object Repository/ADMIN/Categories/Category List/button_Add a Category' is clicked on

2019-05-15 08:37:26 - [TEST_STEP][PASSED] - waitForElementPresent: Object 'Object Repository/ADMIN/Categories/Category/dropdown_Parent' is present

2019-05-15 08:37:26 - [MESSAGE][PASSED] - Object 'Object Repository/ADMIN/Categories/Category/dropdown_Parent' is present

2019-05-15 08:37:26 - [TEST_STEP][PASSED] - delay: Delayed 1 second(s)

2019-05-15 08:37:27 - [MESSAGE][PASSED] - Delayed 1 second(s)

2019-05-15 08:37:27 - [TEST_STEP][PASSED] - setText: Text 'Category 1.3.3' is set on object 'Object Repository/ADMIN/Categories/Category/textfield_Category Name'

2019-05-15 08:37:27 - [MESSAGE][PASSED] - Text 'Category 1.3.3' is set on object 'Object Repository/ADMIN/Categories/Category/textfield_Category Name'

2019-05-15 08:37:27 - [TEST_STEP][PASSED] - click: Object: 'Object Repository/ADMIN/Categories/Category/dropdown_Parent' is clicked on

2019-05-15 08:37:27 - [MESSAGE][PASSED] - Object: 'Object Repository/ADMIN/Categories/Category/dropdown_Parent' is clicked on

2019-05-15 08:37:27 - [TEST_STEP][PASSED] - delay: Delayed 2 second(s)

2019-05-15 08:37:29 - [MESSAGE][PASSED] - Delayed 2 second(s)

2019-05-15 08:37:29 - [TEST_STEP][PASSED] - click: Object: 'Object Repository/ADMIN/Categories/Category/dropdown_Parent' is clicked on

2019-05-15 08:37:30 - [MESSAGE][PASSED] - Object: 'Object Repository/ADMIN/Categories/Category/dropdown_Parent' is clicked on

2019-05-15 08:37:30 - [TEST_STEP][FAILED] - selectOptionByLabel: Unable to select option by label 'Category 1.3' of object 'Object Repository/ADMIN/Categories/Category/dropdown_Parent'  (Root cause: org.openqa.selenium.NoSuchElementException: Cannot locate element with text: Category 1.3
For documentation on this error, please visit: http://seleniumhq.org/exceptions/no_such_element.html
Build info: version: '3.7.1', revision: '8a0099a', time: '2017-11-06T21:07:36.161Z'
System info: host: 'ARCADIER-PC', ip: '10.10.31.95', os.name: 'Windows 7', os.arch: 'amd64', os.version: '6.1', java.version: '1.8.0_102'
Driver info: driver.version: unknown)

2019-05-15 08:37:30 - [MESSAGE][FAILED] - Unable to select option by label 'Category 1.3' of object 'Object Repository/ADMIN/Categories/Category/dropdown_Parent'  (Root cause: org.openqa.selenium.NoSuchElementException: Cannot locate element with text: Category 1.3
For documentation on this error, please visit: http://seleniumhq.org/exceptions/no_such_element.html
Build info: version: '3.7.1', revision: '8a0099a', time: '2017-11-06T21:07:36.161Z'
System info: host: 'ARCADIER-PC', ip: '10.10.31.95', os.name: 'Windows 7', os.arch: 'amd64', os.version: '6.1', java.version: '1.8.0_102'
Driver info: driver.version: unknown)
[[ATTACHMENT|C:\\Katalon\\Arctick\\Reports\\Suites\\Admin Add Category\\20190515_083232\\1557880650266.png]]

2019-05-15 08:37:30 - [TEST_STEP][PASSED] - click: Object: 'Object Repository/ADMIN/Categories/Category/button_Browse' is clicked on

2019-05-15 08:37:30 - [MESSAGE][PASSED] - Object: 'Object Repository/ADMIN/Categories/Category/button_Browse' is clicked on

2019-05-15 08:37:30 - [TEST_STEP][PASSED] - delay: Delayed 1 second(s)

2019-05-15 08:37:31 - [MESSAGE][PASSED] - Delayed 1 second(s)

2019-05-15 08:37:31 - [TEST_STEP][PASSED] - uploadFile: File 'C:\\Katalon\\Image\\pic1.jpg' sent to object: 'Object Repository/ADMIN/Categories/Category/image_input image'

2019-05-15 08:37:31 - [MESSAGE][PASSED] - File 'C:\\Katalon\\Image\\pic1.jpg' sent to object: 'Object Repository/ADMIN/Categories/Category/image_input image'

2019-05-15 08:37:31 - [TEST_STEP][PASSED] - waitForElementVisible: Object 'Object Repository/ADMIN/Categories/Category/button_upload check' is visible

2019-05-15 08:37:31 - [MESSAGE][WARNING] - Timeout '0' is invalid. Using default page load timeout: '30'

2019-05-15 08:37:31 - [MESSAGE][PASSED] - Object 'Object Repository/ADMIN/Categories/Category/button_upload check' is visible

2019-05-15 08:37:31 - [TEST_STEP][PASSED] - click: Object: 'Object Repository/ADMIN/Categories/Category/button_upload check' is clicked on

2019-05-15 08:37:31 - [MESSAGE][PASSED] - Object: 'Object Repository/ADMIN/Categories/Category/button_upload check' is clicked on

2019-05-15 08:37:31 - [TEST_STEP][PASSED] - click: Object: 'Object Repository/ADMIN/Categories/Category/button_upload save' is clicked on

2019-05-15 08:37:31 - [MESSAGE][PASSED] - Object: 'Object Repository/ADMIN/Categories/Category/button_upload save' is clicked on

2019-05-15 08:37:31 - [TEST_STEP][PASSED] - waitForElementVisible: Object 'Object Repository/ADMIN/Categories/Category/button_upload save' is visible

2019-05-15 08:37:31 - [MESSAGE][WARNING] - Timeout '0' is invalid. Using default page load timeout: '30'

2019-05-15 08:37:31 - [MESSAGE][PASSED] - Object 'Object Repository/ADMIN/Categories/Category/button_upload save' is visible

2019-05-15 08:37:31 - [TEST_STEP][PASSED] - setText: Text 'Description14' is set on object 'Object Repository/ADMIN/Categories/Category/textfield_category_description'

2019-05-15 08:37:32 - [MESSAGE][PASSED] - Text 'Description14' is set on object 'Object Repository/ADMIN/Categories/Category/textfield_category_description'

2019-05-15 08:37:32 - [TEST_STEP][PASSED] - click: Object: 'Object Repository/ADMIN/Categories/Category/button_Save' is clicked on

2019-05-15 08:37:32 - [MESSAGE][PASSED] - Object: 'Object Repository/ADMIN/Categories/Category/button_Save' is clicked on

2019-05-15 08:37:32 - [TEST_STEP][PASSED] - waitForElementVisible: Object 'Object Repository/ADMIN/Categories/Category/label_edit popup' is visible

2019-05-15 08:37:32 - [MESSAGE][WARNING] - Timeout '0' is invalid. Using default page load timeout: '30'

2019-05-15 08:37:35 - [MESSAGE][PASSED] - Object 'Object Repository/ADMIN/Categories/Category/label_edit popup' is visible

2019-05-15 08:37:35 - [TEST_STEP][PASSED] - waitForElementNotPresent: Web element with id: 'Object Repository/ADMIN/Categories/Category/label_edit popup' located by 'By.xpath: //div[(text() = 'Category was successfully saved.' or . = 'Category was successfully saved.')]' is not present after '30' second(s)

2019-05-15 08:37:35 - [MESSAGE][WARNING] - Timeout '0' is invalid. Using default page load timeout: '30'

2019-05-15 08:37:41 - [MESSAGE][PASSED] - Web element with id: 'Object Repository/ADMIN/Categories/Category/label_edit popup' located by 'By.xpath: //div[(text() = 'Category was successfully saved.' or . = 'Category was successfully saved.')]' is not present after '30' second(s)]]></system-out>
         <system-err><![CDATA[2019-05-15 08:37:14 - [TEST_CASE][FAILED] - Test Cases/ADMIN/Content Mgmt/Categories/Category Add-Edit/Add Category: Test Cases/ADMIN/Content Mgmt/Categories/Category Add-Edit/Add Category FAILED because (of) Unable to select option by label 'Category 1.3' of object 'Object Repository/ADMIN/Categories/Category/dropdown_Parent'  (Root cause: org.openqa.selenium.NoSuchElementException: Cannot locate element with text: Category 1.3
For documentation on this error, please visit: http://seleniumhq.org/exceptions/no_such_element.html
Build info: version: '3.7.1', revision: '8a0099a', time: '2017-11-06T21:07:36.161Z'
System info: host: 'ARCADIER-PC', ip: '10.10.31.95', os.name: 'Windows 7', os.arch: 'amd64', os.version: '6.1', java.version: '1.8.0_102'
Driver info: driver.version: unknown)]]></system-err>
      </testcase>
      <testcase name="Test Cases/ADMIN/Content Mgmt/Categories/Category Add-Edit/Add Category" classname="Test Cases/ADMIN/Content Mgmt/Categories/Category Add-Edit/Add Category" status="FAILED">
         <failure type="FAILED" message="Unable to click on object 'Object Repository/ADMIN/Categories/Category List/button_Categories' (Root cause: org.openqa.selenium.ElementNotVisibleException: element not visible
  (Session info: chrome=74.0.3729.131)
  (Driver info: chromedriver=2.35.528161 (5b82f2d2aae0ca24b877009200ced9065a772e73),platform=Windows NT 6.1.7601 SP1 x86_64) (WARNING: The server did not provide any stacktrace information)
Command duration or timeout: 0 milliseconds
Build info: version: '3.7.1', revision: '8a0099a', time: '2017-11-06T21:07:36.161Z'
System info: host: 'ARCADIER-PC', ip: '10.10.31.95', os.name: 'Windows 7', os.arch: 'amd64', os.version: '6.1', java.version: '1.8.0_102'
Driver info: com.kms.katalon.core.webui.driver.ExistingRemoteWebDriver
Capabilities {javascriptEnabled: true, platform: ANY, platformName: ANY}
Session ID: 4cba786bf88613ee8a0544a4d9db771f)"/>
         <system-out><![CDATA[2019-05-15 08:37:41 - [TEST_CASE][FAILED] - Test Cases/ADMIN/Content Mgmt/Categories/Category Add-Edit/Add Category: Test Cases/ADMIN/Content Mgmt/Categories/Category Add-Edit/Add Category FAILED because (of) Unable to click on object 'Object Repository/ADMIN/Categories/Category List/button_Categories' (Root cause: org.openqa.selenium.ElementNotVisibleException: element not visible
  (Session info: chrome=74.0.3729.131)
  (Driver info: chromedriver=2.35.528161 (5b82f2d2aae0ca24b877009200ced9065a772e73),platform=Windows NT 6.1.7601 SP1 x86_64) (WARNING: The server did not provide any stacktrace information)
Command duration or timeout: 0 milliseconds
Build info: version: '3.7.1', revision: '8a0099a', time: '2017-11-06T21:07:36.161Z'
System info: host: 'ARCADIER-PC', ip: '10.10.31.95', os.name: 'Windows 7', os.arch: 'amd64', os.version: '6.1', java.version: '1.8.0_102'
Driver info: com.kms.katalon.core.webui.driver.ExistingRemoteWebDriver
Capabilities {javascriptEnabled: true, platform: ANY, platformName: ANY}
Session ID: 4cba786bf88613ee8a0544a4d9db771f)

2019-05-15 08:37:41 - [TEST_STEP][PASSED] - waitForElementVisible: Object 'Object Repository/ADMIN/Categories/Category List/button_Content Mgmt' is visible

2019-05-15 08:37:41 - [MESSAGE][WARNING] - Timeout '0' is invalid. Using default page load timeout: '30'

2019-05-15 08:37:41 - [MESSAGE][PASSED] - Object 'Object Repository/ADMIN/Categories/Category List/button_Content Mgmt' is visible

2019-05-15 08:37:41 - [TEST_STEP][PASSED] - click: Object: 'Object Repository/ADMIN/Categories/Category List/button_Content Mgmt' is clicked on

2019-05-15 08:37:41 - [MESSAGE][PASSED] - Object: 'Object Repository/ADMIN/Categories/Category List/button_Content Mgmt' is clicked on

2019-05-15 08:37:41 - [TEST_STEP][PASSED] - waitForElementVisible: Object 'Object Repository/ADMIN/Categories/Category List/button_Categories' is visible

2019-05-15 08:37:41 - [MESSAGE][WARNING] - Timeout '0' is invalid. Using default page load timeout: '30'

2019-05-15 08:37:41 - [MESSAGE][PASSED] - Object 'Object Repository/ADMIN/Categories/Category List/button_Categories' is visible

2019-05-15 08:37:41 - [TEST_STEP][FAILED] - click: Unable to click on object 'Object Repository/ADMIN/Categories/Category List/button_Categories' (Root cause: org.openqa.selenium.ElementNotVisibleException: element not visible
  (Session info: chrome=74.0.3729.131)
  (Driver info: chromedriver=2.35.528161 (5b82f2d2aae0ca24b877009200ced9065a772e73),platform=Windows NT 6.1.7601 SP1 x86_64) (WARNING: The server did not provide any stacktrace information)
Command duration or timeout: 0 milliseconds
Build info: version: '3.7.1', revision: '8a0099a', time: '2017-11-06T21:07:36.161Z'
System info: host: 'ARCADIER-PC', ip: '10.10.31.95', os.name: 'Windows 7', os.arch: 'amd64', os.version: '6.1', java.version: '1.8.0_102'
Driver info: com.kms.katalon.core.webui.driver.ExistingRemoteWebDriver
Capabilities {javascriptEnabled: true, platform: ANY, platformName: ANY}
Session ID: 4cba786bf88613ee8a0544a4d9db771f)

2019-05-15 08:37:42 - [MESSAGE][FAILED] - Unable to click on object 'Object Repository/ADMIN/Categories/Category List/button_Categories' (Root cause: org.openqa.selenium.ElementNotVisibleException: element not visible
  (Session info: chrome=74.0.3729.131)
  (Driver info: chromedriver=2.35.528161 (5b82f2d2aae0ca24b877009200ced9065a772e73),platform=Windows NT 6.1.7601 SP1 x86_64) (WARNING: The server did not provide any stacktrace information)
Command duration or timeout: 0 milliseconds
Build info: version: '3.7.1', revision: '8a0099a', time: '2017-11-06T21:07:36.161Z'
System info: host: 'ARCADIER-PC', ip: '10.10.31.95', os.name: 'Windows 7', os.arch: 'amd64', os.version: '6.1', java.version: '1.8.0_102'
Driver info: com.kms.katalon.core.webui.driver.ExistingRemoteWebDriver
Capabilities {javascriptEnabled: true, platform: ANY, platformName: ANY}
Session ID: 4cba786bf88613ee8a0544a4d9db771f)
[[ATTACHMENT|C:\\Katalon\\Arctick\\Reports\\Suites\\Admin Add Category\\20190515_083232\\1557880662022.png]]

2019-05-15 08:37:42 - [TEST_STEP][PASSED] - waitForPageLoad: Wait for page load successfully

2019-05-15 08:37:42 - [MESSAGE][WARNING] - Timeout '0' is invalid. Using default page load timeout: '30'

2019-05-15 08:37:42 - [MESSAGE][PASSED] - Wait for page load successfully

2019-05-15 08:37:42 - [TEST_STEP][PASSED] - click: Object: 'Object Repository/ADMIN/Categories/Category List/button_Add a Category' is clicked on

2019-05-15 08:37:42 - [MESSAGE][PASSED] - Object: 'Object Repository/ADMIN/Categories/Category List/button_Add a Category' is clicked on

2019-05-15 08:37:42 - [TEST_STEP][PASSED] - waitForElementPresent: Object 'Object Repository/ADMIN/Categories/Category/dropdown_Parent' is present

2019-05-15 08:37:42 - [MESSAGE][PASSED] - Object 'Object Repository/ADMIN/Categories/Category/dropdown_Parent' is present

2019-05-15 08:37:42 - [TEST_STEP][PASSED] - delay: Delayed 1 second(s)

2019-05-15 08:37:43 - [MESSAGE][PASSED] - Delayed 1 second(s)

2019-05-15 08:37:43 - [TEST_STEP][PASSED] - setText: Text 'Category 1.3.4' is set on object 'Object Repository/ADMIN/Categories/Category/textfield_Category Name'

2019-05-15 08:37:43 - [MESSAGE][PASSED] - Text 'Category 1.3.4' is set on object 'Object Repository/ADMIN/Categories/Category/textfield_Category Name'

2019-05-15 08:37:43 - [TEST_STEP][PASSED] - click: Object: 'Object Repository/ADMIN/Categories/Category/dropdown_Parent' is clicked on

2019-05-15 08:37:43 - [MESSAGE][PASSED] - Object: 'Object Repository/ADMIN/Categories/Category/dropdown_Parent' is clicked on

2019-05-15 08:37:43 - [TEST_STEP][PASSED] - delay: Delayed 2 second(s)

2019-05-15 08:37:45 - [MESSAGE][PASSED] - Delayed 2 second(s)

2019-05-15 08:37:45 - [TEST_STEP][PASSED] - click: Object: 'Object Repository/ADMIN/Categories/Category/dropdown_Parent' is clicked on

2019-05-15 08:37:45 - [MESSAGE][PASSED] - Object: 'Object Repository/ADMIN/Categories/Category/dropdown_Parent' is clicked on

2019-05-15 08:37:45 - [TEST_STEP][PASSED] - selectOptionByLabel: All options with label 'Category 1.3' are selected in object 'Object Repository/ADMIN/Categories/Category/dropdown_Parent' 

2019-05-15 08:37:45 - [MESSAGE][PASSED] - All options with label 'Category 1.3' are selected in object 'Object Repository/ADMIN/Categories/Category/dropdown_Parent' 

2019-05-15 08:37:45 - [TEST_STEP][PASSED] - click: Object: 'Object Repository/ADMIN/Categories/Category/button_Browse' is clicked on

2019-05-15 08:37:46 - [MESSAGE][PASSED] - Object: 'Object Repository/ADMIN/Categories/Category/button_Browse' is clicked on

2019-05-15 08:37:46 - [TEST_STEP][PASSED] - delay: Delayed 1 second(s)

2019-05-15 08:37:47 - [MESSAGE][PASSED] - Delayed 1 second(s)

2019-05-15 08:37:47 - [TEST_STEP][PASSED] - uploadFile: File 'C:\\Katalon\\Image\\pic2.jpg' sent to object: 'Object Repository/ADMIN/Categories/Category/image_input image'

2019-05-15 08:37:47 - [MESSAGE][PASSED] - File 'C:\\Katalon\\Image\\pic2.jpg' sent to object: 'Object Repository/ADMIN/Categories/Category/image_input image'

2019-05-15 08:37:47 - [TEST_STEP][PASSED] - waitForElementVisible: Object 'Object Repository/ADMIN/Categories/Category/button_upload check' is visible

2019-05-15 08:37:47 - [MESSAGE][WARNING] - Timeout '0' is invalid. Using default page load timeout: '30'

2019-05-15 08:37:47 - [MESSAGE][PASSED] - Object 'Object Repository/ADMIN/Categories/Category/button_upload check' is visible

2019-05-15 08:37:47 - [TEST_STEP][PASSED] - click: Object: 'Object Repository/ADMIN/Categories/Category/button_upload check' is clicked on

2019-05-15 08:37:47 - [MESSAGE][PASSED] - Object: 'Object Repository/ADMIN/Categories/Category/button_upload check' is clicked on

2019-05-15 08:37:47 - [TEST_STEP][PASSED] - click: Object: 'Object Repository/ADMIN/Categories/Category/button_upload save' is clicked on

2019-05-15 08:37:47 - [MESSAGE][PASSED] - Object: 'Object Repository/ADMIN/Categories/Category/button_upload save' is clicked on

2019-05-15 08:37:47 - [TEST_STEP][PASSED] - waitForElementVisible: Object 'Object Repository/ADMIN/Categories/Category/button_upload save' is visible

2019-05-15 08:37:47 - [MESSAGE][WARNING] - Timeout '0' is invalid. Using default page load timeout: '30'

2019-05-15 08:37:47 - [MESSAGE][PASSED] - Object 'Object Repository/ADMIN/Categories/Category/button_upload save' is visible

2019-05-15 08:37:47 - [TEST_STEP][PASSED] - setText: Text 'Description15' is set on object 'Object Repository/ADMIN/Categories/Category/textfield_category_description'

2019-05-15 08:37:47 - [MESSAGE][PASSED] - Text 'Description15' is set on object 'Object Repository/ADMIN/Categories/Category/textfield_category_description'

2019-05-15 08:37:47 - [TEST_STEP][PASSED] - click: Object: 'Object Repository/ADMIN/Categories/Category/button_Save' is clicked on

2019-05-15 08:37:47 - [MESSAGE][PASSED] - Object: 'Object Repository/ADMIN/Categories/Category/button_Save' is clicked on

2019-05-15 08:37:47 - [TEST_STEP][PASSED] - waitForElementVisible: Object 'Object Repository/ADMIN/Categories/Category/label_edit popup' is visible

2019-05-15 08:37:47 - [MESSAGE][WARNING] - Timeout '0' is invalid. Using default page load timeout: '30'

2019-05-15 08:37:57 - [MESSAGE][PASSED] - Object 'Object Repository/ADMIN/Categories/Category/label_edit popup' is visible

2019-05-15 08:37:57 - [TEST_STEP][PASSED] - waitForElementNotPresent: Web element with id: 'Object Repository/ADMIN/Categories/Category/label_edit popup' located by 'By.xpath: //div[(text() = 'Category was successfully saved.' or . = 'Category was successfully saved.')]' is not present after '30' second(s)

2019-05-15 08:37:57 - [MESSAGE][WARNING] - Timeout '0' is invalid. Using default page load timeout: '30'

2019-05-15 08:38:02 - [MESSAGE][PASSED] - Web element with id: 'Object Repository/ADMIN/Categories/Category/label_edit popup' located by 'By.xpath: //div[(text() = 'Category was successfully saved.' or . = 'Category was successfully saved.')]' is not present after '30' second(s)]]></system-out>
         <system-err><![CDATA[2019-05-15 08:37:41 - [TEST_CASE][FAILED] - Test Cases/ADMIN/Content Mgmt/Categories/Category Add-Edit/Add Category: Test Cases/ADMIN/Content Mgmt/Categories/Category Add-Edit/Add Category FAILED because (of) Unable to click on object 'Object Repository/ADMIN/Categories/Category List/button_Categories' (Root cause: org.openqa.selenium.ElementNotVisibleException: element not visible
  (Session info: chrome=74.0.3729.131)
  (Driver info: chromedriver=2.35.528161 (5b82f2d2aae0ca24b877009200ced9065a772e73),platform=Windows NT 6.1.7601 SP1 x86_64) (WARNING: The server did not provide any stacktrace information)
Command duration or timeout: 0 milliseconds
Build info: version: '3.7.1', revision: '8a0099a', time: '2017-11-06T21:07:36.161Z'
System info: host: 'ARCADIER-PC', ip: '10.10.31.95', os.name: 'Windows 7', os.arch: 'amd64', os.version: '6.1', java.version: '1.8.0_102'
Driver info: com.kms.katalon.core.webui.driver.ExistingRemoteWebDriver
Capabilities {javascriptEnabled: true, platform: ANY, platformName: ANY}
Session ID: 4cba786bf88613ee8a0544a4d9db771f)]]></system-err>
      </testcase>
      <testcase name="Test Cases/ADMIN/Content Mgmt/Categories/Category Add-Edit/Add Category" classname="Test Cases/ADMIN/Content Mgmt/Categories/Category Add-Edit/Add Category" status="FAILED">
         <failure type="FAILED" message="Unable to select option by label '-' of object 'Object Repository/ADMIN/Categories/Category/dropdown_Parent'  (Root cause: org.openqa.selenium.NoSuchElementException: Cannot locate element with text: -
For documentation on this error, please visit: http://seleniumhq.org/exceptions/no_such_element.html
Build info: version: '3.7.1', revision: '8a0099a', time: '2017-11-06T21:07:36.161Z'
System info: host: 'ARCADIER-PC', ip: '10.10.31.95', os.name: 'Windows 7', os.arch: 'amd64', os.version: '6.1', java.version: '1.8.0_102'
Driver info: driver.version: unknown)"/>
         <system-out><![CDATA[2019-05-15 08:38:02 - [TEST_CASE][FAILED] - Test Cases/ADMIN/Content Mgmt/Categories/Category Add-Edit/Add Category: Test Cases/ADMIN/Content Mgmt/Categories/Category Add-Edit/Add Category FAILED because (of) Unable to select option by label '-' of object 'Object Repository/ADMIN/Categories/Category/dropdown_Parent'  (Root cause: org.openqa.selenium.NoSuchElementException: Cannot locate element with text: -
For documentation on this error, please visit: http://seleniumhq.org/exceptions/no_such_element.html
Build info: version: '3.7.1', revision: '8a0099a', time: '2017-11-06T21:07:36.161Z'
System info: host: 'ARCADIER-PC', ip: '10.10.31.95', os.name: 'Windows 7', os.arch: 'amd64', os.version: '6.1', java.version: '1.8.0_102'
Driver info: driver.version: unknown)

2019-05-15 08:38:02 - [TEST_STEP][PASSED] - waitForElementVisible: Object 'Object Repository/ADMIN/Categories/Category List/button_Content Mgmt' is visible

2019-05-15 08:38:02 - [MESSAGE][WARNING] - Timeout '0' is invalid. Using default page load timeout: '30'

2019-05-15 08:38:02 - [MESSAGE][PASSED] - Object 'Object Repository/ADMIN/Categories/Category List/button_Content Mgmt' is visible

2019-05-15 08:38:02 - [TEST_STEP][PASSED] - click: Object: 'Object Repository/ADMIN/Categories/Category List/button_Content Mgmt' is clicked on

2019-05-15 08:38:03 - [MESSAGE][PASSED] - Object: 'Object Repository/ADMIN/Categories/Category List/button_Content Mgmt' is clicked on

2019-05-15 08:38:03 - [TEST_STEP][PASSED] - waitForElementVisible: Object 'Object Repository/ADMIN/Categories/Category List/button_Categories' is visible

2019-05-15 08:38:03 - [MESSAGE][WARNING] - Timeout '0' is invalid. Using default page load timeout: '30'

2019-05-15 08:38:03 - [MESSAGE][PASSED] - Object 'Object Repository/ADMIN/Categories/Category List/button_Categories' is visible

2019-05-15 08:38:03 - [TEST_STEP][PASSED] - click: Object: 'Object Repository/ADMIN/Categories/Category List/button_Categories' is clicked on

2019-05-15 08:38:13 - [MESSAGE][PASSED] - Object: 'Object Repository/ADMIN/Categories/Category List/button_Categories' is clicked on

2019-05-15 08:38:13 - [TEST_STEP][PASSED] - waitForPageLoad: Wait for page load successfully

2019-05-15 08:38:13 - [MESSAGE][WARNING] - Timeout '0' is invalid. Using default page load timeout: '30'

2019-05-15 08:38:13 - [MESSAGE][PASSED] - Wait for page load successfully

2019-05-15 08:38:13 - [TEST_STEP][PASSED] - click: Object: 'Object Repository/ADMIN/Categories/Category List/button_Add a Category' is clicked on

2019-05-15 08:38:13 - [MESSAGE][PASSED] - Object: 'Object Repository/ADMIN/Categories/Category List/button_Add a Category' is clicked on

2019-05-15 08:38:13 - [TEST_STEP][PASSED] - waitForElementPresent: Object 'Object Repository/ADMIN/Categories/Category/dropdown_Parent' is present

2019-05-15 08:38:13 - [MESSAGE][PASSED] - Object 'Object Repository/ADMIN/Categories/Category/dropdown_Parent' is present

2019-05-15 08:38:13 - [TEST_STEP][PASSED] - delay: Delayed 1 second(s)

2019-05-15 08:38:14 - [MESSAGE][PASSED] - Delayed 1 second(s)

2019-05-15 08:38:14 - [TEST_STEP][PASSED] - setText: Text 'Category 2' is set on object 'Object Repository/ADMIN/Categories/Category/textfield_Category Name'

2019-05-15 08:38:14 - [MESSAGE][PASSED] - Text 'Category 2' is set on object 'Object Repository/ADMIN/Categories/Category/textfield_Category Name'

2019-05-15 08:38:14 - [TEST_STEP][PASSED] - click: Object: 'Object Repository/ADMIN/Categories/Category/dropdown_Parent' is clicked on

2019-05-15 08:38:14 - [MESSAGE][PASSED] - Object: 'Object Repository/ADMIN/Categories/Category/dropdown_Parent' is clicked on

2019-05-15 08:38:14 - [TEST_STEP][PASSED] - delay: Delayed 2 second(s)

2019-05-15 08:38:16 - [MESSAGE][PASSED] - Delayed 2 second(s)

2019-05-15 08:38:16 - [TEST_STEP][PASSED] - click: Object: 'Object Repository/ADMIN/Categories/Category/dropdown_Parent' is clicked on

2019-05-15 08:38:17 - [MESSAGE][PASSED] - Object: 'Object Repository/ADMIN/Categories/Category/dropdown_Parent' is clicked on

2019-05-15 08:38:17 - [TEST_STEP][FAILED] - selectOptionByLabel: Unable to select option by label '-' of object 'Object Repository/ADMIN/Categories/Category/dropdown_Parent'  (Root cause: org.openqa.selenium.NoSuchElementException: Cannot locate element with text: -
For documentation on this error, please visit: http://seleniumhq.org/exceptions/no_such_element.html
Build info: version: '3.7.1', revision: '8a0099a', time: '2017-11-06T21:07:36.161Z'
System info: host: 'ARCADIER-PC', ip: '10.10.31.95', os.name: 'Windows 7', os.arch: 'amd64', os.version: '6.1', java.version: '1.8.0_102'
Driver info: driver.version: unknown)

2019-05-15 08:38:17 - [MESSAGE][FAILED] - Unable to select option by label '-' of object 'Object Repository/ADMIN/Categories/Category/dropdown_Parent'  (Root cause: org.openqa.selenium.NoSuchElementException: Cannot locate element with text: -
For documentation on this error, please visit: http://seleniumhq.org/exceptions/no_such_element.html
Build info: version: '3.7.1', revision: '8a0099a', time: '2017-11-06T21:07:36.161Z'
System info: host: 'ARCADIER-PC', ip: '10.10.31.95', os.name: 'Windows 7', os.arch: 'amd64', os.version: '6.1', java.version: '1.8.0_102'
Driver info: driver.version: unknown)
[[ATTACHMENT|C:\\Katalon\\Arctick\\Reports\\Suites\\Admin Add Category\\20190515_083232\\1557880697059.png]]

2019-05-15 08:38:17 - [TEST_STEP][PASSED] - click: Object: 'Object Repository/ADMIN/Categories/Category/button_Browse' is clicked on

2019-05-15 08:38:17 - [MESSAGE][PASSED] - Object: 'Object Repository/ADMIN/Categories/Category/button_Browse' is clicked on

2019-05-15 08:38:17 - [TEST_STEP][PASSED] - delay: Delayed 1 second(s)

2019-05-15 08:38:18 - [MESSAGE][PASSED] - Delayed 1 second(s)

2019-05-15 08:38:18 - [TEST_STEP][PASSED] - uploadFile: File 'C:\\Katalon\\Image\\pic3.jpg' sent to object: 'Object Repository/ADMIN/Categories/Category/image_input image'

2019-05-15 08:38:18 - [MESSAGE][PASSED] - File 'C:\\Katalon\\Image\\pic3.jpg' sent to object: 'Object Repository/ADMIN/Categories/Category/image_input image'

2019-05-15 08:38:18 - [TEST_STEP][PASSED] - waitForElementVisible: Object 'Object Repository/ADMIN/Categories/Category/button_upload check' is visible

2019-05-15 08:38:18 - [MESSAGE][WARNING] - Timeout '0' is invalid. Using default page load timeout: '30'

2019-05-15 08:38:18 - [MESSAGE][PASSED] - Object 'Object Repository/ADMIN/Categories/Category/button_upload check' is visible

2019-05-15 08:38:18 - [TEST_STEP][PASSED] - click: Object: 'Object Repository/ADMIN/Categories/Category/button_upload check' is clicked on

2019-05-15 08:38:18 - [MESSAGE][PASSED] - Object: 'Object Repository/ADMIN/Categories/Category/button_upload check' is clicked on

2019-05-15 08:38:18 - [TEST_STEP][PASSED] - click: Object: 'Object Repository/ADMIN/Categories/Category/button_upload save' is clicked on

2019-05-15 08:38:18 - [MESSAGE][PASSED] - Object: 'Object Repository/ADMIN/Categories/Category/button_upload save' is clicked on

2019-05-15 08:38:18 - [TEST_STEP][PASSED] - waitForElementVisible: Object 'Object Repository/ADMIN/Categories/Category/button_upload save' is visible

2019-05-15 08:38:18 - [MESSAGE][WARNING] - Timeout '0' is invalid. Using default page load timeout: '30'

2019-05-15 08:38:18 - [MESSAGE][PASSED] - Object 'Object Repository/ADMIN/Categories/Category/button_upload save' is visible

2019-05-15 08:38:18 - [TEST_STEP][PASSED] - setText: Text 'Description16' is set on object 'Object Repository/ADMIN/Categories/Category/textfield_category_description'

2019-05-15 08:38:19 - [MESSAGE][PASSED] - Text 'Description16' is set on object 'Object Repository/ADMIN/Categories/Category/textfield_category_description'

2019-05-15 08:38:19 - [TEST_STEP][PASSED] - click: Object: 'Object Repository/ADMIN/Categories/Category/button_Save' is clicked on

2019-05-15 08:38:19 - [MESSAGE][PASSED] - Object: 'Object Repository/ADMIN/Categories/Category/button_Save' is clicked on

2019-05-15 08:38:19 - [TEST_STEP][PASSED] - waitForElementVisible: Object 'Object Repository/ADMIN/Categories/Category/label_edit popup' is visible

2019-05-15 08:38:19 - [MESSAGE][WARNING] - Timeout '0' is invalid. Using default page load timeout: '30'

2019-05-15 08:38:26 - [MESSAGE][PASSED] - Object 'Object Repository/ADMIN/Categories/Category/label_edit popup' is visible

2019-05-15 08:38:26 - [TEST_STEP][PASSED] - waitForElementNotPresent: Web element with id: 'Object Repository/ADMIN/Categories/Category/label_edit popup' located by 'By.xpath: //div[(text() = 'Category was successfully saved.' or . = 'Category was successfully saved.')]' is not present after '30' second(s)

2019-05-15 08:38:26 - [MESSAGE][WARNING] - Timeout '0' is invalid. Using default page load timeout: '30'

2019-05-15 08:38:31 - [MESSAGE][PASSED] - Web element with id: 'Object Repository/ADMIN/Categories/Category/label_edit popup' located by 'By.xpath: //div[(text() = 'Category was successfully saved.' or . = 'Category was successfully saved.')]' is not present after '30' second(s)]]></system-out>
         <system-err><![CDATA[2019-05-15 08:38:02 - [TEST_CASE][FAILED] - Test Cases/ADMIN/Content Mgmt/Categories/Category Add-Edit/Add Category: Test Cases/ADMIN/Content Mgmt/Categories/Category Add-Edit/Add Category FAILED because (of) Unable to select option by label '-' of object 'Object Repository/ADMIN/Categories/Category/dropdown_Parent'  (Root cause: org.openqa.selenium.NoSuchElementException: Cannot locate element with text: -
For documentation on this error, please visit: http://seleniumhq.org/exceptions/no_such_element.html
Build info: version: '3.7.1', revision: '8a0099a', time: '2017-11-06T21:07:36.161Z'
System info: host: 'ARCADIER-PC', ip: '10.10.31.95', os.name: 'Windows 7', os.arch: 'amd64', os.version: '6.1', java.version: '1.8.0_102'
Driver info: driver.version: unknown)]]></system-err>
      </testcase>
      <testcase name="Test Cases/ADMIN/Content Mgmt/Categories/Category Add-Edit/Add Category" classname="Test Cases/ADMIN/Content Mgmt/Categories/Category Add-Edit/Add Category" status="FAILED">
         <failure type="FAILED" message="Unable to select option by label 'Category 2' of object 'Object Repository/ADMIN/Categories/Category/dropdown_Parent'  (Root cause: org.openqa.selenium.NoSuchElementException: Cannot locate element with text: Category 2
For documentation on this error, please visit: http://seleniumhq.org/exceptions/no_such_element.html
Build info: version: '3.7.1', revision: '8a0099a', time: '2017-11-06T21:07:36.161Z'
System info: host: 'ARCADIER-PC', ip: '10.10.31.95', os.name: 'Windows 7', os.arch: 'amd64', os.version: '6.1', java.version: '1.8.0_102'
Driver info: driver.version: unknown)"/>
         <system-out><![CDATA[2019-05-15 08:38:31 - [TEST_CASE][FAILED] - Test Cases/ADMIN/Content Mgmt/Categories/Category Add-Edit/Add Category: Test Cases/ADMIN/Content Mgmt/Categories/Category Add-Edit/Add Category FAILED because (of) Unable to select option by label 'Category 2' of object 'Object Repository/ADMIN/Categories/Category/dropdown_Parent'  (Root cause: org.openqa.selenium.NoSuchElementException: Cannot locate element with text: Category 2
For documentation on this error, please visit: http://seleniumhq.org/exceptions/no_such_element.html
Build info: version: '3.7.1', revision: '8a0099a', time: '2017-11-06T21:07:36.161Z'
System info: host: 'ARCADIER-PC', ip: '10.10.31.95', os.name: 'Windows 7', os.arch: 'amd64', os.version: '6.1', java.version: '1.8.0_102'
Driver info: driver.version: unknown)

2019-05-15 08:38:31 - [TEST_STEP][PASSED] - waitForElementVisible: Object 'Object Repository/ADMIN/Categories/Category List/button_Content Mgmt' is visible

2019-05-15 08:38:31 - [MESSAGE][WARNING] - Timeout '0' is invalid. Using default page load timeout: '30'

2019-05-15 08:38:31 - [MESSAGE][PASSED] - Object 'Object Repository/ADMIN/Categories/Category List/button_Content Mgmt' is visible

2019-05-15 08:38:31 - [TEST_STEP][PASSED] - click: Object: 'Object Repository/ADMIN/Categories/Category List/button_Content Mgmt' is clicked on

2019-05-15 08:38:32 - [MESSAGE][PASSED] - Object: 'Object Repository/ADMIN/Categories/Category List/button_Content Mgmt' is clicked on

2019-05-15 08:38:32 - [TEST_STEP][PASSED] - waitForElementVisible: Object 'Object Repository/ADMIN/Categories/Category List/button_Categories' is visible

2019-05-15 08:38:32 - [MESSAGE][WARNING] - Timeout '0' is invalid. Using default page load timeout: '30'

2019-05-15 08:38:32 - [MESSAGE][PASSED] - Object 'Object Repository/ADMIN/Categories/Category List/button_Categories' is visible

2019-05-15 08:38:32 - [TEST_STEP][PASSED] - click: Object: 'Object Repository/ADMIN/Categories/Category List/button_Categories' is clicked on

2019-05-15 08:38:35 - [MESSAGE][PASSED] - Object: 'Object Repository/ADMIN/Categories/Category List/button_Categories' is clicked on

2019-05-15 08:38:35 - [TEST_STEP][PASSED] - waitForPageLoad: Wait for page load successfully

2019-05-15 08:38:35 - [MESSAGE][WARNING] - Timeout '0' is invalid. Using default page load timeout: '30'

2019-05-15 08:38:35 - [MESSAGE][PASSED] - Wait for page load successfully

2019-05-15 08:38:35 - [TEST_STEP][PASSED] - click: Object: 'Object Repository/ADMIN/Categories/Category List/button_Add a Category' is clicked on

2019-05-15 08:38:35 - [MESSAGE][PASSED] - Object: 'Object Repository/ADMIN/Categories/Category List/button_Add a Category' is clicked on

2019-05-15 08:38:35 - [TEST_STEP][PASSED] - waitForElementPresent: Object 'Object Repository/ADMIN/Categories/Category/dropdown_Parent' is present

2019-05-15 08:38:35 - [MESSAGE][PASSED] - Object 'Object Repository/ADMIN/Categories/Category/dropdown_Parent' is present

2019-05-15 08:38:35 - [TEST_STEP][PASSED] - delay: Delayed 1 second(s)

2019-05-15 08:38:36 - [MESSAGE][PASSED] - Delayed 1 second(s)

2019-05-15 08:38:36 - [TEST_STEP][PASSED] - setText: Text 'Category 2.1' is set on object 'Object Repository/ADMIN/Categories/Category/textfield_Category Name'

2019-05-15 08:38:36 - [MESSAGE][PASSED] - Text 'Category 2.1' is set on object 'Object Repository/ADMIN/Categories/Category/textfield_Category Name'

2019-05-15 08:38:36 - [TEST_STEP][PASSED] - click: Object: 'Object Repository/ADMIN/Categories/Category/dropdown_Parent' is clicked on

2019-05-15 08:38:36 - [MESSAGE][PASSED] - Object: 'Object Repository/ADMIN/Categories/Category/dropdown_Parent' is clicked on

2019-05-15 08:38:36 - [TEST_STEP][PASSED] - delay: Delayed 2 second(s)

2019-05-15 08:38:38 - [MESSAGE][PASSED] - Delayed 2 second(s)

2019-05-15 08:38:38 - [TEST_STEP][PASSED] - click: Object: 'Object Repository/ADMIN/Categories/Category/dropdown_Parent' is clicked on

2019-05-15 08:38:38 - [MESSAGE][PASSED] - Object: 'Object Repository/ADMIN/Categories/Category/dropdown_Parent' is clicked on

2019-05-15 08:38:38 - [TEST_STEP][FAILED] - selectOptionByLabel: Unable to select option by label 'Category 2' of object 'Object Repository/ADMIN/Categories/Category/dropdown_Parent'  (Root cause: org.openqa.selenium.NoSuchElementException: Cannot locate element with text: Category 2
For documentation on this error, please visit: http://seleniumhq.org/exceptions/no_such_element.html
Build info: version: '3.7.1', revision: '8a0099a', time: '2017-11-06T21:07:36.161Z'
System info: host: 'ARCADIER-PC', ip: '10.10.31.95', os.name: 'Windows 7', os.arch: 'amd64', os.version: '6.1', java.version: '1.8.0_102'
Driver info: driver.version: unknown)

2019-05-15 08:38:39 - [MESSAGE][FAILED] - Unable to select option by label 'Category 2' of object 'Object Repository/ADMIN/Categories/Category/dropdown_Parent'  (Root cause: org.openqa.selenium.NoSuchElementException: Cannot locate element with text: Category 2
For documentation on this error, please visit: http://seleniumhq.org/exceptions/no_such_element.html
Build info: version: '3.7.1', revision: '8a0099a', time: '2017-11-06T21:07:36.161Z'
System info: host: 'ARCADIER-PC', ip: '10.10.31.95', os.name: 'Windows 7', os.arch: 'amd64', os.version: '6.1', java.version: '1.8.0_102'
Driver info: driver.version: unknown)
[[ATTACHMENT|C:\\Katalon\\Arctick\\Reports\\Suites\\Admin Add Category\\20190515_083232\\1557880718925.png]]

2019-05-15 08:38:39 - [TEST_STEP][PASSED] - click: Object: 'Object Repository/ADMIN/Categories/Category/button_Browse' is clicked on

2019-05-15 08:38:39 - [MESSAGE][PASSED] - Object: 'Object Repository/ADMIN/Categories/Category/button_Browse' is clicked on

2019-05-15 08:38:39 - [TEST_STEP][PASSED] - delay: Delayed 1 second(s)

2019-05-15 08:38:40 - [MESSAGE][PASSED] - Delayed 1 second(s)

2019-05-15 08:38:40 - [TEST_STEP][PASSED] - uploadFile: File 'C:\\Katalon\\Image\\pic4.jpg' sent to object: 'Object Repository/ADMIN/Categories/Category/image_input image'

2019-05-15 08:38:40 - [MESSAGE][PASSED] - File 'C:\\Katalon\\Image\\pic4.jpg' sent to object: 'Object Repository/ADMIN/Categories/Category/image_input image'

2019-05-15 08:38:40 - [TEST_STEP][PASSED] - waitForElementVisible: Object 'Object Repository/ADMIN/Categories/Category/button_upload check' is visible

2019-05-15 08:38:40 - [MESSAGE][WARNING] - Timeout '0' is invalid. Using default page load timeout: '30'

2019-05-15 08:38:40 - [MESSAGE][PASSED] - Object 'Object Repository/ADMIN/Categories/Category/button_upload check' is visible

2019-05-15 08:38:40 - [TEST_STEP][PASSED] - click: Object: 'Object Repository/ADMIN/Categories/Category/button_upload check' is clicked on

2019-05-15 08:38:40 - [MESSAGE][PASSED] - Object: 'Object Repository/ADMIN/Categories/Category/button_upload check' is clicked on

2019-05-15 08:38:40 - [TEST_STEP][PASSED] - click: Object: 'Object Repository/ADMIN/Categories/Category/button_upload save' is clicked on

2019-05-15 08:38:40 - [MESSAGE][PASSED] - Object: 'Object Repository/ADMIN/Categories/Category/button_upload save' is clicked on

2019-05-15 08:38:40 - [TEST_STEP][PASSED] - waitForElementVisible: Object 'Object Repository/ADMIN/Categories/Category/button_upload save' is visible

2019-05-15 08:38:40 - [MESSAGE][WARNING] - Timeout '0' is invalid. Using default page load timeout: '30'

2019-05-15 08:38:40 - [MESSAGE][PASSED] - Object 'Object Repository/ADMIN/Categories/Category/button_upload save' is visible

2019-05-15 08:38:40 - [TEST_STEP][PASSED] - setText: Text 'Description17' is set on object 'Object Repository/ADMIN/Categories/Category/textfield_category_description'

2019-05-15 08:38:40 - [MESSAGE][PASSED] - Text 'Description17' is set on object 'Object Repository/ADMIN/Categories/Category/textfield_category_description'

2019-05-15 08:38:40 - [TEST_STEP][PASSED] - click: Object: 'Object Repository/ADMIN/Categories/Category/button_Save' is clicked on

2019-05-15 08:38:40 - [MESSAGE][PASSED] - Object: 'Object Repository/ADMIN/Categories/Category/button_Save' is clicked on

2019-05-15 08:38:40 - [TEST_STEP][PASSED] - waitForElementVisible: Object 'Object Repository/ADMIN/Categories/Category/label_edit popup' is visible

2019-05-15 08:38:41 - [MESSAGE][WARNING] - Timeout '0' is invalid. Using default page load timeout: '30'

2019-05-15 08:38:43 - [MESSAGE][PASSED] - Object 'Object Repository/ADMIN/Categories/Category/label_edit popup' is visible

2019-05-15 08:38:43 - [TEST_STEP][PASSED] - waitForElementNotPresent: Web element with id: 'Object Repository/ADMIN/Categories/Category/label_edit popup' located by 'By.xpath: //div[(text() = 'Category was successfully saved.' or . = 'Category was successfully saved.')]' is not present after '30' second(s)

2019-05-15 08:38:43 - [MESSAGE][WARNING] - Timeout '0' is invalid. Using default page load timeout: '30'

2019-05-15 08:38:48 - [MESSAGE][PASSED] - Web element with id: 'Object Repository/ADMIN/Categories/Category/label_edit popup' located by 'By.xpath: //div[(text() = 'Category was successfully saved.' or . = 'Category was successfully saved.')]' is not present after '30' second(s)]]></system-out>
         <system-err><![CDATA[2019-05-15 08:38:31 - [TEST_CASE][FAILED] - Test Cases/ADMIN/Content Mgmt/Categories/Category Add-Edit/Add Category: Test Cases/ADMIN/Content Mgmt/Categories/Category Add-Edit/Add Category FAILED because (of) Unable to select option by label 'Category 2' of object 'Object Repository/ADMIN/Categories/Category/dropdown_Parent'  (Root cause: org.openqa.selenium.NoSuchElementException: Cannot locate element with text: Category 2
For documentation on this error, please visit: http://seleniumhq.org/exceptions/no_such_element.html
Build info: version: '3.7.1', revision: '8a0099a', time: '2017-11-06T21:07:36.161Z'
System info: host: 'ARCADIER-PC', ip: '10.10.31.95', os.name: 'Windows 7', os.arch: 'amd64', os.version: '6.1', java.version: '1.8.0_102'
Driver info: driver.version: unknown)]]></system-err>
      </testcase>
      <testcase name="Test Cases/ADMIN/Content Mgmt/Categories/Category Add-Edit/Add Category" classname="Test Cases/ADMIN/Content Mgmt/Categories/Category Add-Edit/Add Category" status="PASSED">
         <system-out><![CDATA[2019-05-15 08:38:48 - [TEST_CASE][PASSED] - Test Cases/ADMIN/Content Mgmt/Categories/Category Add-Edit/Add Category: Test Cases/ADMIN/Content Mgmt/Categories/Category Add-Edit/Add Category

2019-05-15 08:38:48 - [TEST_STEP][PASSED] - waitForElementVisible: Object 'Object Repository/ADMIN/Categories/Category List/button_Content Mgmt' is visible

2019-05-15 08:38:48 - [MESSAGE][WARNING] - Timeout '0' is invalid. Using default page load timeout: '30'

2019-05-15 08:38:48 - [MESSAGE][PASSED] - Object 'Object Repository/ADMIN/Categories/Category List/button_Content Mgmt' is visible

2019-05-15 08:38:48 - [TEST_STEP][PASSED] - click: Object: 'Object Repository/ADMIN/Categories/Category List/button_Content Mgmt' is clicked on

2019-05-15 08:38:49 - [MESSAGE][PASSED] - Object: 'Object Repository/ADMIN/Categories/Category List/button_Content Mgmt' is clicked on

2019-05-15 08:38:49 - [TEST_STEP][PASSED] - waitForElementVisible: Object 'Object Repository/ADMIN/Categories/Category List/button_Categories' is visible

2019-05-15 08:38:49 - [MESSAGE][WARNING] - Timeout '0' is invalid. Using default page load timeout: '30'

2019-05-15 08:38:49 - [MESSAGE][PASSED] - Object 'Object Repository/ADMIN/Categories/Category List/button_Categories' is visible

2019-05-15 08:38:49 - [TEST_STEP][PASSED] - click: Object: 'Object Repository/ADMIN/Categories/Category List/button_Categories' is clicked on

2019-05-15 08:38:51 - [MESSAGE][PASSED] - Object: 'Object Repository/ADMIN/Categories/Category List/button_Categories' is clicked on

2019-05-15 08:38:51 - [TEST_STEP][PASSED] - waitForPageLoad: Wait for page load successfully

2019-05-15 08:38:51 - [MESSAGE][WARNING] - Timeout '0' is invalid. Using default page load timeout: '30'

2019-05-15 08:38:51 - [MESSAGE][PASSED] - Wait for page load successfully

2019-05-15 08:38:51 - [TEST_STEP][PASSED] - click: Object: 'Object Repository/ADMIN/Categories/Category List/button_Add a Category' is clicked on

2019-05-15 08:38:52 - [MESSAGE][PASSED] - Object: 'Object Repository/ADMIN/Categories/Category List/button_Add a Category' is clicked on

2019-05-15 08:38:52 - [TEST_STEP][PASSED] - waitForElementPresent: Object 'Object Repository/ADMIN/Categories/Category/dropdown_Parent' is present

2019-05-15 08:38:52 - [MESSAGE][PASSED] - Object 'Object Repository/ADMIN/Categories/Category/dropdown_Parent' is present

2019-05-15 08:38:52 - [TEST_STEP][PASSED] - delay: Delayed 1 second(s)

2019-05-15 08:38:53 - [MESSAGE][PASSED] - Delayed 1 second(s)

2019-05-15 08:38:53 - [TEST_STEP][PASSED] - setText: Text 'Category 2.2' is set on object 'Object Repository/ADMIN/Categories/Category/textfield_Category Name'

2019-05-15 08:38:53 - [MESSAGE][PASSED] - Text 'Category 2.2' is set on object 'Object Repository/ADMIN/Categories/Category/textfield_Category Name'

2019-05-15 08:38:53 - [TEST_STEP][PASSED] - click: Object: 'Object Repository/ADMIN/Categories/Category/dropdown_Parent' is clicked on

2019-05-15 08:38:53 - [MESSAGE][PASSED] - Object: 'Object Repository/ADMIN/Categories/Category/dropdown_Parent' is clicked on

2019-05-15 08:38:53 - [TEST_STEP][PASSED] - delay: Delayed 2 second(s)

2019-05-15 08:38:55 - [MESSAGE][PASSED] - Delayed 2 second(s)

2019-05-15 08:38:55 - [TEST_STEP][PASSED] - click: Object: 'Object Repository/ADMIN/Categories/Category/dropdown_Parent' is clicked on

2019-05-15 08:38:55 - [MESSAGE][PASSED] - Object: 'Object Repository/ADMIN/Categories/Category/dropdown_Parent' is clicked on

2019-05-15 08:38:55 - [TEST_STEP][PASSED] - selectOptionByLabel: All options with label 'Category 2' are selected in object 'Object Repository/ADMIN/Categories/Category/dropdown_Parent' 

2019-05-15 08:38:55 - [MESSAGE][PASSED] - All options with label 'Category 2' are selected in object 'Object Repository/ADMIN/Categories/Category/dropdown_Parent' 

2019-05-15 08:38:55 - [TEST_STEP][PASSED] - click: Object: 'Object Repository/ADMIN/Categories/Category/button_Browse' is clicked on

2019-05-15 08:38:55 - [MESSAGE][PASSED] - Object: 'Object Repository/ADMIN/Categories/Category/button_Browse' is clicked on

2019-05-15 08:38:55 - [TEST_STEP][PASSED] - delay: Delayed 1 second(s)

2019-05-15 08:38:56 - [MESSAGE][PASSED] - Delayed 1 second(s)

2019-05-15 08:38:56 - [TEST_STEP][PASSED] - uploadFile: File 'C:\\Katalon\\Image\\pic5.jpg' sent to object: 'Object Repository/ADMIN/Categories/Category/image_input image'

2019-05-15 08:38:56 - [MESSAGE][PASSED] - File 'C:\\Katalon\\Image\\pic5.jpg' sent to object: 'Object Repository/ADMIN/Categories/Category/image_input image'

2019-05-15 08:38:56 - [TEST_STEP][PASSED] - waitForElementVisible: Object 'Object Repository/ADMIN/Categories/Category/button_upload check' is visible

2019-05-15 08:38:56 - [MESSAGE][WARNING] - Timeout '0' is invalid. Using default page load timeout: '30'

2019-05-15 08:38:56 - [MESSAGE][PASSED] - Object 'Object Repository/ADMIN/Categories/Category/button_upload check' is visible

2019-05-15 08:38:56 - [TEST_STEP][PASSED] - click: Object: 'Object Repository/ADMIN/Categories/Category/button_upload check' is clicked on

2019-05-15 08:38:56 - [MESSAGE][PASSED] - Object: 'Object Repository/ADMIN/Categories/Category/button_upload check' is clicked on

2019-05-15 08:38:56 - [TEST_STEP][PASSED] - click: Object: 'Object Repository/ADMIN/Categories/Category/button_upload save' is clicked on

2019-05-15 08:38:56 - [MESSAGE][PASSED] - Object: 'Object Repository/ADMIN/Categories/Category/button_upload save' is clicked on

2019-05-15 08:38:56 - [TEST_STEP][PASSED] - waitForElementVisible: Object 'Object Repository/ADMIN/Categories/Category/button_upload save' is visible

2019-05-15 08:38:56 - [MESSAGE][WARNING] - Timeout '0' is invalid. Using default page load timeout: '30'

2019-05-15 08:38:56 - [MESSAGE][PASSED] - Object 'Object Repository/ADMIN/Categories/Category/button_upload save' is visible

2019-05-15 08:38:56 - [TEST_STEP][PASSED] - setText: Text 'Description18' is set on object 'Object Repository/ADMIN/Categories/Category/textfield_category_description'

2019-05-15 08:38:56 - [MESSAGE][PASSED] - Text 'Description18' is set on object 'Object Repository/ADMIN/Categories/Category/textfield_category_description'

2019-05-15 08:38:57 - [TEST_STEP][PASSED] - click: Object: 'Object Repository/ADMIN/Categories/Category/button_Save' is clicked on

2019-05-15 08:38:57 - [MESSAGE][PASSED] - Object: 'Object Repository/ADMIN/Categories/Category/button_Save' is clicked on

2019-05-15 08:38:57 - [TEST_STEP][PASSED] - waitForElementVisible: Object 'Object Repository/ADMIN/Categories/Category/label_edit popup' is visible

2019-05-15 08:38:57 - [MESSAGE][WARNING] - Timeout '0' is invalid. Using default page load timeout: '30'

2019-05-15 08:38:58 - [MESSAGE][PASSED] - Object 'Object Repository/ADMIN/Categories/Category/label_edit popup' is visible

2019-05-15 08:38:58 - [TEST_STEP][PASSED] - waitForElementNotPresent: Web element with id: 'Object Repository/ADMIN/Categories/Category/label_edit popup' located by 'By.xpath: //div[(text() = 'Category was successfully saved.' or . = 'Category was successfully saved.')]' is not present after '30' second(s)

2019-05-15 08:38:58 - [MESSAGE][WARNING] - Timeout '0' is invalid. Using default page load timeout: '30'

2019-05-15 08:39:05 - [MESSAGE][PASSED] - Web element with id: 'Object Repository/ADMIN/Categories/Category/label_edit popup' located by 'By.xpath: //div[(text() = 'Category was successfully saved.' or . = 'Category was successfully saved.')]' is not present after '30' second(s)]]></system-out>
         <system-err><![CDATA[]]></system-err>
      </testcase>
      <testcase name="Test Cases/ADMIN/Content Mgmt/Categories/Category Add-Edit/Add Category" classname="Test Cases/ADMIN/Content Mgmt/Categories/Category Add-Edit/Add Category" status="PASSED">
         <system-out><![CDATA[2019-05-15 08:39:05 - [TEST_CASE][PASSED] - Test Cases/ADMIN/Content Mgmt/Categories/Category Add-Edit/Add Category: Test Cases/ADMIN/Content Mgmt/Categories/Category Add-Edit/Add Category

2019-05-15 08:39:05 - [TEST_STEP][PASSED] - waitForElementVisible: Object 'Object Repository/ADMIN/Categories/Category List/button_Content Mgmt' is visible

2019-05-15 08:39:05 - [MESSAGE][WARNING] - Timeout '0' is invalid. Using default page load timeout: '30'

2019-05-15 08:39:05 - [MESSAGE][PASSED] - Object 'Object Repository/ADMIN/Categories/Category List/button_Content Mgmt' is visible

2019-05-15 08:39:05 - [TEST_STEP][PASSED] - click: Object: 'Object Repository/ADMIN/Categories/Category List/button_Content Mgmt' is clicked on

2019-05-15 08:39:05 - [MESSAGE][PASSED] - Object: 'Object Repository/ADMIN/Categories/Category List/button_Content Mgmt' is clicked on

2019-05-15 08:39:05 - [TEST_STEP][PASSED] - waitForElementVisible: Object 'Object Repository/ADMIN/Categories/Category List/button_Categories' is visible

2019-05-15 08:39:05 - [MESSAGE][WARNING] - Timeout '0' is invalid. Using default page load timeout: '30'

2019-05-15 08:39:05 - [MESSAGE][PASSED] - Object 'Object Repository/ADMIN/Categories/Category List/button_Categories' is visible

2019-05-15 08:39:05 - [TEST_STEP][PASSED] - click: Object: 'Object Repository/ADMIN/Categories/Category List/button_Categories' is clicked on

2019-05-15 08:39:19 - [MESSAGE][PASSED] - Object: 'Object Repository/ADMIN/Categories/Category List/button_Categories' is clicked on

2019-05-15 08:39:19 - [TEST_STEP][PASSED] - waitForPageLoad: Wait for page load successfully

2019-05-15 08:39:19 - [MESSAGE][WARNING] - Timeout '0' is invalid. Using default page load timeout: '30'

2019-05-15 08:39:19 - [MESSAGE][PASSED] - Wait for page load successfully

2019-05-15 08:39:19 - [TEST_STEP][PASSED] - click: Object: 'Object Repository/ADMIN/Categories/Category List/button_Add a Category' is clicked on

2019-05-15 08:39:19 - [MESSAGE][PASSED] - Object: 'Object Repository/ADMIN/Categories/Category List/button_Add a Category' is clicked on

2019-05-15 08:39:19 - [TEST_STEP][PASSED] - waitForElementPresent: Object 'Object Repository/ADMIN/Categories/Category/dropdown_Parent' is present

2019-05-15 08:39:19 - [MESSAGE][PASSED] - Object 'Object Repository/ADMIN/Categories/Category/dropdown_Parent' is present

2019-05-15 08:39:19 - [TEST_STEP][PASSED] - delay: Delayed 1 second(s)

2019-05-15 08:39:20 - [MESSAGE][PASSED] - Delayed 1 second(s)

2019-05-15 08:39:20 - [TEST_STEP][PASSED] - setText: Text 'Category 2.2.1' is set on object 'Object Repository/ADMIN/Categories/Category/textfield_Category Name'

2019-05-15 08:39:20 - [MESSAGE][PASSED] - Text 'Category 2.2.1' is set on object 'Object Repository/ADMIN/Categories/Category/textfield_Category Name'

2019-05-15 08:39:20 - [TEST_STEP][PASSED] - click: Object: 'Object Repository/ADMIN/Categories/Category/dropdown_Parent' is clicked on

2019-05-15 08:39:20 - [MESSAGE][PASSED] - Object: 'Object Repository/ADMIN/Categories/Category/dropdown_Parent' is clicked on

2019-05-15 08:39:20 - [TEST_STEP][PASSED] - delay: Delayed 2 second(s)

2019-05-15 08:39:22 - [MESSAGE][PASSED] - Delayed 2 second(s)

2019-05-15 08:39:22 - [TEST_STEP][PASSED] - click: Object: 'Object Repository/ADMIN/Categories/Category/dropdown_Parent' is clicked on

2019-05-15 08:39:22 - [MESSAGE][PASSED] - Object: 'Object Repository/ADMIN/Categories/Category/dropdown_Parent' is clicked on

2019-05-15 08:39:22 - [TEST_STEP][PASSED] - selectOptionByLabel: All options with label 'Category 2.2' are selected in object 'Object Repository/ADMIN/Categories/Category/dropdown_Parent' 

2019-05-15 08:39:22 - [MESSAGE][PASSED] - All options with label 'Category 2.2' are selected in object 'Object Repository/ADMIN/Categories/Category/dropdown_Parent' 

2019-05-15 08:39:22 - [TEST_STEP][PASSED] - click: Object: 'Object Repository/ADMIN/Categories/Category/button_Browse' is clicked on

2019-05-15 08:39:22 - [MESSAGE][PASSED] - Object: 'Object Repository/ADMIN/Categories/Category/button_Browse' is clicked on

2019-05-15 08:39:22 - [TEST_STEP][PASSED] - delay: Delayed 1 second(s)

2019-05-15 08:39:23 - [MESSAGE][PASSED] - Delayed 1 second(s)

2019-05-15 08:39:23 - [TEST_STEP][PASSED] - uploadFile: File 'C:\\Katalon\\Image\\pic6.jpg' sent to object: 'Object Repository/ADMIN/Categories/Category/image_input image'

2019-05-15 08:39:23 - [MESSAGE][PASSED] - File 'C:\\Katalon\\Image\\pic6.jpg' sent to object: 'Object Repository/ADMIN/Categories/Category/image_input image'

2019-05-15 08:39:23 - [TEST_STEP][PASSED] - waitForElementVisible: Object 'Object Repository/ADMIN/Categories/Category/button_upload check' is visible

2019-05-15 08:39:23 - [MESSAGE][WARNING] - Timeout '0' is invalid. Using default page load timeout: '30'

2019-05-15 08:39:23 - [MESSAGE][PASSED] - Object 'Object Repository/ADMIN/Categories/Category/button_upload check' is visible

2019-05-15 08:39:23 - [TEST_STEP][PASSED] - click: Object: 'Object Repository/ADMIN/Categories/Category/button_upload check' is clicked on

2019-05-15 08:39:24 - [MESSAGE][PASSED] - Object: 'Object Repository/ADMIN/Categories/Category/button_upload check' is clicked on

2019-05-15 08:39:24 - [TEST_STEP][PASSED] - click: Object: 'Object Repository/ADMIN/Categories/Category/button_upload save' is clicked on

2019-05-15 08:39:24 - [MESSAGE][PASSED] - Object: 'Object Repository/ADMIN/Categories/Category/button_upload save' is clicked on

2019-05-15 08:39:24 - [TEST_STEP][PASSED] - waitForElementVisible: Object 'Object Repository/ADMIN/Categories/Category/button_upload save' is visible

2019-05-15 08:39:24 - [MESSAGE][WARNING] - Timeout '0' is invalid. Using default page load timeout: '30'

2019-05-15 08:39:24 - [MESSAGE][PASSED] - Object 'Object Repository/ADMIN/Categories/Category/button_upload save' is visible

2019-05-15 08:39:24 - [TEST_STEP][PASSED] - setText: Text 'Description19' is set on object 'Object Repository/ADMIN/Categories/Category/textfield_category_description'

2019-05-15 08:39:24 - [MESSAGE][PASSED] - Text 'Description19' is set on object 'Object Repository/ADMIN/Categories/Category/textfield_category_description'

2019-05-15 08:39:24 - [TEST_STEP][PASSED] - click: Object: 'Object Repository/ADMIN/Categories/Category/button_Save' is clicked on

2019-05-15 08:39:24 - [MESSAGE][PASSED] - Object: 'Object Repository/ADMIN/Categories/Category/button_Save' is clicked on

2019-05-15 08:39:24 - [TEST_STEP][PASSED] - waitForElementVisible: Object 'Object Repository/ADMIN/Categories/Category/label_edit popup' is visible

2019-05-15 08:39:24 - [MESSAGE][WARNING] - Timeout '0' is invalid. Using default page load timeout: '30'

2019-05-15 08:39:25 - [MESSAGE][PASSED] - Object 'Object Repository/ADMIN/Categories/Category/label_edit popup' is visible

2019-05-15 08:39:25 - [TEST_STEP][PASSED] - waitForElementNotPresent: Web element with id: 'Object Repository/ADMIN/Categories/Category/label_edit popup' located by 'By.xpath: //div[(text() = 'Category was successfully saved.' or . = 'Category was successfully saved.')]' is not present after '30' second(s)

2019-05-15 08:39:25 - [MESSAGE][WARNING] - Timeout '0' is invalid. Using default page load timeout: '30'

2019-05-15 08:39:30 - [MESSAGE][PASSED] - Web element with id: 'Object Repository/ADMIN/Categories/Category/label_edit popup' located by 'By.xpath: //div[(text() = 'Category was successfully saved.' or . = 'Category was successfully saved.')]' is not present after '30' second(s)]]></system-out>
         <system-err><![CDATA[]]></system-err>
      </testcase>
      <testcase name="Test Cases/ADMIN/Content Mgmt/Categories/Category Add-Edit/Add Category" classname="Test Cases/ADMIN/Content Mgmt/Categories/Category Add-Edit/Add Category" status="FAILED">
         <failure type="FAILED" message="Unable to select option by label 'Category 2.2' of object 'Object Repository/ADMIN/Categories/Category/dropdown_Parent'  (Root cause: org.openqa.selenium.NoSuchElementException: Cannot locate element with text: Category 2.2
For documentation on this error, please visit: http://seleniumhq.org/exceptions/no_such_element.html
Build info: version: '3.7.1', revision: '8a0099a', time: '2017-11-06T21:07:36.161Z'
System info: host: 'ARCADIER-PC', ip: '10.10.31.95', os.name: 'Windows 7', os.arch: 'amd64', os.version: '6.1', java.version: '1.8.0_102'
Driver info: driver.version: unknown)"/>
         <system-out><![CDATA[2019-05-15 08:39:30 - [TEST_CASE][FAILED] - Test Cases/ADMIN/Content Mgmt/Categories/Category Add-Edit/Add Category: Test Cases/ADMIN/Content Mgmt/Categories/Category Add-Edit/Add Category FAILED because (of) Unable to select option by label 'Category 2.2' of object 'Object Repository/ADMIN/Categories/Category/dropdown_Parent'  (Root cause: org.openqa.selenium.NoSuchElementException: Cannot locate element with text: Category 2.2
For documentation on this error, please visit: http://seleniumhq.org/exceptions/no_such_element.html
Build info: version: '3.7.1', revision: '8a0099a', time: '2017-11-06T21:07:36.161Z'
System info: host: 'ARCADIER-PC', ip: '10.10.31.95', os.name: 'Windows 7', os.arch: 'amd64', os.version: '6.1', java.version: '1.8.0_102'
Driver info: driver.version: unknown)

2019-05-15 08:39:30 - [TEST_STEP][PASSED] - waitForElementVisible: Object 'Object Repository/ADMIN/Categories/Category List/button_Content Mgmt' is visible

2019-05-15 08:39:30 - [MESSAGE][WARNING] - Timeout '0' is invalid. Using default page load timeout: '30'

2019-05-15 08:39:30 - [MESSAGE][PASSED] - Object 'Object Repository/ADMIN/Categories/Category List/button_Content Mgmt' is visible

2019-05-15 08:39:30 - [TEST_STEP][PASSED] - click: Object: 'Object Repository/ADMIN/Categories/Category List/button_Content Mgmt' is clicked on

2019-05-15 08:39:30 - [MESSAGE][PASSED] - Object: 'Object Repository/ADMIN/Categories/Category List/button_Content Mgmt' is clicked on

2019-05-15 08:39:30 - [TEST_STEP][PASSED] - waitForElementVisible: Object 'Object Repository/ADMIN/Categories/Category List/button_Categories' is visible

2019-05-15 08:39:30 - [MESSAGE][WARNING] - Timeout '0' is invalid. Using default page load timeout: '30'

2019-05-15 08:39:31 - [MESSAGE][PASSED] - Object 'Object Repository/ADMIN/Categories/Category List/button_Categories' is visible

2019-05-15 08:39:31 - [TEST_STEP][PASSED] - click: Object: 'Object Repository/ADMIN/Categories/Category List/button_Categories' is clicked on

2019-05-15 08:39:34 - [MESSAGE][PASSED] - Object: 'Object Repository/ADMIN/Categories/Category List/button_Categories' is clicked on

2019-05-15 08:39:34 - [TEST_STEP][PASSED] - waitForPageLoad: Wait for page load successfully

2019-05-15 08:39:34 - [MESSAGE][WARNING] - Timeout '0' is invalid. Using default page load timeout: '30'

2019-05-15 08:39:34 - [MESSAGE][PASSED] - Wait for page load successfully

2019-05-15 08:39:34 - [TEST_STEP][PASSED] - click: Object: 'Object Repository/ADMIN/Categories/Category List/button_Add a Category' is clicked on

2019-05-15 08:39:34 - [MESSAGE][PASSED] - Object: 'Object Repository/ADMIN/Categories/Category List/button_Add a Category' is clicked on

2019-05-15 08:39:34 - [TEST_STEP][PASSED] - waitForElementPresent: Object 'Object Repository/ADMIN/Categories/Category/dropdown_Parent' is present

2019-05-15 08:39:34 - [MESSAGE][PASSED] - Object 'Object Repository/ADMIN/Categories/Category/dropdown_Parent' is present

2019-05-15 08:39:34 - [TEST_STEP][PASSED] - delay: Delayed 1 second(s)

2019-05-15 08:39:35 - [MESSAGE][PASSED] - Delayed 1 second(s)

2019-05-15 08:39:35 - [TEST_STEP][PASSED] - setText: Text 'Category 2.2.2' is set on object 'Object Repository/ADMIN/Categories/Category/textfield_Category Name'

2019-05-15 08:39:35 - [MESSAGE][PASSED] - Text 'Category 2.2.2' is set on object 'Object Repository/ADMIN/Categories/Category/textfield_Category Name'

2019-05-15 08:39:35 - [TEST_STEP][PASSED] - click: Object: 'Object Repository/ADMIN/Categories/Category/dropdown_Parent' is clicked on

2019-05-15 08:39:35 - [MESSAGE][PASSED] - Object: 'Object Repository/ADMIN/Categories/Category/dropdown_Parent' is clicked on

2019-05-15 08:39:35 - [TEST_STEP][PASSED] - delay: Delayed 2 second(s)

2019-05-15 08:39:37 - [MESSAGE][PASSED] - Delayed 2 second(s)

2019-05-15 08:39:37 - [TEST_STEP][PASSED] - click: Object: 'Object Repository/ADMIN/Categories/Category/dropdown_Parent' is clicked on

2019-05-15 08:39:37 - [MESSAGE][PASSED] - Object: 'Object Repository/ADMIN/Categories/Category/dropdown_Parent' is clicked on

2019-05-15 08:39:37 - [TEST_STEP][FAILED] - selectOptionByLabel: Unable to select option by label 'Category 2.2' of object 'Object Repository/ADMIN/Categories/Category/dropdown_Parent'  (Root cause: org.openqa.selenium.NoSuchElementException: Cannot locate element with text: Category 2.2
For documentation on this error, please visit: http://seleniumhq.org/exceptions/no_such_element.html
Build info: version: '3.7.1', revision: '8a0099a', time: '2017-11-06T21:07:36.161Z'
System info: host: 'ARCADIER-PC', ip: '10.10.31.95', os.name: 'Windows 7', os.arch: 'amd64', os.version: '6.1', java.version: '1.8.0_102'
Driver info: driver.version: unknown)

2019-05-15 08:39:38 - [MESSAGE][FAILED] - Unable to select option by label 'Category 2.2' of object 'Object Repository/ADMIN/Categories/Category/dropdown_Parent'  (Root cause: org.openqa.selenium.NoSuchElementException: Cannot locate element with text: Category 2.2
For documentation on this error, please visit: http://seleniumhq.org/exceptions/no_such_element.html
Build info: version: '3.7.1', revision: '8a0099a', time: '2017-11-06T21:07:36.161Z'
System info: host: 'ARCADIER-PC', ip: '10.10.31.95', os.name: 'Windows 7', os.arch: 'amd64', os.version: '6.1', java.version: '1.8.0_102'
Driver info: driver.version: unknown)
[[ATTACHMENT|C:\\Katalon\\Arctick\\Reports\\Suites\\Admin Add Category\\20190515_083232\\1557880777768.png]]

2019-05-15 08:39:38 - [TEST_STEP][PASSED] - click: Object: 'Object Repository/ADMIN/Categories/Category/button_Browse' is clicked on

2019-05-15 08:39:38 - [MESSAGE][PASSED] - Object: 'Object Repository/ADMIN/Categories/Category/button_Browse' is clicked on

2019-05-15 08:39:38 - [TEST_STEP][PASSED] - delay: Delayed 1 second(s)

2019-05-15 08:39:39 - [MESSAGE][PASSED] - Delayed 1 second(s)

2019-05-15 08:39:39 - [TEST_STEP][PASSED] - uploadFile: File 'C:\\Katalon\\Image\\pic7.jpg' sent to object: 'Object Repository/ADMIN/Categories/Category/image_input image'

2019-05-15 08:39:39 - [MESSAGE][PASSED] - File 'C:\\Katalon\\Image\\pic7.jpg' sent to object: 'Object Repository/ADMIN/Categories/Category/image_input image'

2019-05-15 08:39:39 - [TEST_STEP][PASSED] - waitForElementVisible: Object 'Object Repository/ADMIN/Categories/Category/button_upload check' is visible

2019-05-15 08:39:39 - [MESSAGE][WARNING] - Timeout '0' is invalid. Using default page load timeout: '30'

2019-05-15 08:39:39 - [MESSAGE][PASSED] - Object 'Object Repository/ADMIN/Categories/Category/button_upload check' is visible

2019-05-15 08:39:39 - [TEST_STEP][PASSED] - click: Object: 'Object Repository/ADMIN/Categories/Category/button_upload check' is clicked on

2019-05-15 08:39:39 - [MESSAGE][PASSED] - Object: 'Object Repository/ADMIN/Categories/Category/button_upload check' is clicked on

2019-05-15 08:39:39 - [TEST_STEP][PASSED] - click: Object: 'Object Repository/ADMIN/Categories/Category/button_upload save' is clicked on

2019-05-15 08:39:39 - [MESSAGE][PASSED] - Object: 'Object Repository/ADMIN/Categories/Category/button_upload save' is clicked on

2019-05-15 08:39:39 - [TEST_STEP][PASSED] - waitForElementVisible: Object 'Object Repository/ADMIN/Categories/Category/button_upload save' is visible

2019-05-15 08:39:39 - [MESSAGE][WARNING] - Timeout '0' is invalid. Using default page load timeout: '30'

2019-05-15 08:39:39 - [MESSAGE][PASSED] - Object 'Object Repository/ADMIN/Categories/Category/button_upload save' is visible

2019-05-15 08:39:39 - [TEST_STEP][PASSED] - setText: Text 'Description20' is set on object 'Object Repository/ADMIN/Categories/Category/textfield_category_description'

2019-05-15 08:39:39 - [MESSAGE][PASSED] - Text 'Description20' is set on object 'Object Repository/ADMIN/Categories/Category/textfield_category_description'

2019-05-15 08:39:39 - [TEST_STEP][PASSED] - click: Object: 'Object Repository/ADMIN/Categories/Category/button_Save' is clicked on

2019-05-15 08:39:39 - [MESSAGE][PASSED] - Object: 'Object Repository/ADMIN/Categories/Category/button_Save' is clicked on

2019-05-15 08:39:39 - [TEST_STEP][PASSED] - waitForElementVisible: Object 'Object Repository/ADMIN/Categories/Category/label_edit popup' is visible

2019-05-15 08:39:39 - [MESSAGE][WARNING] - Timeout '0' is invalid. Using default page load timeout: '30'

2019-05-15 08:39:42 - [MESSAGE][PASSED] - Object 'Object Repository/ADMIN/Categories/Category/label_edit popup' is visible

2019-05-15 08:39:42 - [TEST_STEP][PASSED] - waitForElementNotPresent: Web element with id: 'Object Repository/ADMIN/Categories/Category/label_edit popup' located by 'By.xpath: //div[(text() = 'Category was successfully saved.' or . = 'Category was successfully saved.')]' is not present after '30' second(s)

2019-05-15 08:39:42 - [MESSAGE][WARNING] - Timeout '0' is invalid. Using default page load timeout: '30'

2019-05-15 08:39:47 - [MESSAGE][PASSED] - Web element with id: 'Object Repository/ADMIN/Categories/Category/label_edit popup' located by 'By.xpath: //div[(text() = 'Category was successfully saved.' or . = 'Category was successfully saved.')]' is not present after '30' second(s)]]></system-out>
         <system-err><![CDATA[2019-05-15 08:39:30 - [TEST_CASE][FAILED] - Test Cases/ADMIN/Content Mgmt/Categories/Category Add-Edit/Add Category: Test Cases/ADMIN/Content Mgmt/Categories/Category Add-Edit/Add Category FAILED because (of) Unable to select option by label 'Category 2.2' of object 'Object Repository/ADMIN/Categories/Category/dropdown_Parent'  (Root cause: org.openqa.selenium.NoSuchElementException: Cannot locate element with text: Category 2.2
For documentation on this error, please visit: http://seleniumhq.org/exceptions/no_such_element.html
Build info: version: '3.7.1', revision: '8a0099a', time: '2017-11-06T21:07:36.161Z'
System info: host: 'ARCADIER-PC', ip: '10.10.31.95', os.name: 'Windows 7', os.arch: 'amd64', os.version: '6.1', java.version: '1.8.0_102'
Driver info: driver.version: unknown)]]></system-err>
      </testcase>
      <testcase name="Test Cases/ADMIN/Content Mgmt/Categories/Category Add-Edit/Add Category" classname="Test Cases/ADMIN/Content Mgmt/Categories/Category Add-Edit/Add Category" status="FAILED">
         <failure type="FAILED" message="Unable to click on object 'Object Repository/ADMIN/Categories/Category List/button_Categories' (Root cause: org.openqa.selenium.ElementNotVisibleException: element not visible
  (Session info: chrome=74.0.3729.131)
  (Driver info: chromedriver=2.35.528161 (5b82f2d2aae0ca24b877009200ced9065a772e73),platform=Windows NT 6.1.7601 SP1 x86_64) (WARNING: The server did not provide any stacktrace information)
Command duration or timeout: 0 milliseconds
Build info: version: '3.7.1', revision: '8a0099a', time: '2017-11-06T21:07:36.161Z'
System info: host: 'ARCADIER-PC', ip: '10.10.31.95', os.name: 'Windows 7', os.arch: 'amd64', os.version: '6.1', java.version: '1.8.0_102'
Driver info: com.kms.katalon.core.webui.driver.ExistingRemoteWebDriver
Capabilities {javascriptEnabled: true, platform: ANY, platformName: ANY}
Session ID: 4cba786bf88613ee8a0544a4d9db771f)"/>
         <system-out><![CDATA[2019-05-15 08:39:47 - [TEST_CASE][FAILED] - Test Cases/ADMIN/Content Mgmt/Categories/Category Add-Edit/Add Category: Test Cases/ADMIN/Content Mgmt/Categories/Category Add-Edit/Add Category FAILED because (of) Unable to click on object 'Object Repository/ADMIN/Categories/Category List/button_Categories' (Root cause: org.openqa.selenium.ElementNotVisibleException: element not visible
  (Session info: chrome=74.0.3729.131)
  (Driver info: chromedriver=2.35.528161 (5b82f2d2aae0ca24b877009200ced9065a772e73),platform=Windows NT 6.1.7601 SP1 x86_64) (WARNING: The server did not provide any stacktrace information)
Command duration or timeout: 0 milliseconds
Build info: version: '3.7.1', revision: '8a0099a', time: '2017-11-06T21:07:36.161Z'
System info: host: 'ARCADIER-PC', ip: '10.10.31.95', os.name: 'Windows 7', os.arch: 'amd64', os.version: '6.1', java.version: '1.8.0_102'
Driver info: com.kms.katalon.core.webui.driver.ExistingRemoteWebDriver
Capabilities {javascriptEnabled: true, platform: ANY, platformName: ANY}
Session ID: 4cba786bf88613ee8a0544a4d9db771f)

2019-05-15 08:39:47 - [TEST_STEP][PASSED] - waitForElementVisible: Object 'Object Repository/ADMIN/Categories/Category List/button_Content Mgmt' is visible

2019-05-15 08:39:47 - [MESSAGE][WARNING] - Timeout '0' is invalid. Using default page load timeout: '30'

2019-05-15 08:39:47 - [MESSAGE][PASSED] - Object 'Object Repository/ADMIN/Categories/Category List/button_Content Mgmt' is visible

2019-05-15 08:39:47 - [TEST_STEP][PASSED] - click: Object: 'Object Repository/ADMIN/Categories/Category List/button_Content Mgmt' is clicked on

2019-05-15 08:39:47 - [MESSAGE][PASSED] - Object: 'Object Repository/ADMIN/Categories/Category List/button_Content Mgmt' is clicked on

2019-05-15 08:39:47 - [TEST_STEP][PASSED] - waitForElementVisible: Object 'Object Repository/ADMIN/Categories/Category List/button_Categories' is visible

2019-05-15 08:39:47 - [MESSAGE][WARNING] - Timeout '0' is invalid. Using default page load timeout: '30'

2019-05-15 08:39:47 - [MESSAGE][PASSED] - Object 'Object Repository/ADMIN/Categories/Category List/button_Categories' is visible

2019-05-15 08:39:47 - [TEST_STEP][FAILED] - click: Unable to click on object 'Object Repository/ADMIN/Categories/Category List/button_Categories' (Root cause: org.openqa.selenium.ElementNotVisibleException: element not visible
  (Session info: chrome=74.0.3729.131)
  (Driver info: chromedriver=2.35.528161 (5b82f2d2aae0ca24b877009200ced9065a772e73),platform=Windows NT 6.1.7601 SP1 x86_64) (WARNING: The server did not provide any stacktrace information)
Command duration or timeout: 0 milliseconds
Build info: version: '3.7.1', revision: '8a0099a', time: '2017-11-06T21:07:36.161Z'
System info: host: 'ARCADIER-PC', ip: '10.10.31.95', os.name: 'Windows 7', os.arch: 'amd64', os.version: '6.1', java.version: '1.8.0_102'
Driver info: com.kms.katalon.core.webui.driver.ExistingRemoteWebDriver
Capabilities {javascriptEnabled: true, platform: ANY, platformName: ANY}
Session ID: 4cba786bf88613ee8a0544a4d9db771f)

2019-05-15 08:39:48 - [MESSAGE][FAILED] - Unable to click on object 'Object Repository/ADMIN/Categories/Category List/button_Categories' (Root cause: org.openqa.selenium.ElementNotVisibleException: element not visible
  (Session info: chrome=74.0.3729.131)
  (Driver info: chromedriver=2.35.528161 (5b82f2d2aae0ca24b877009200ced9065a772e73),platform=Windows NT 6.1.7601 SP1 x86_64) (WARNING: The server did not provide any stacktrace information)
Command duration or timeout: 0 milliseconds
Build info: version: '3.7.1', revision: '8a0099a', time: '2017-11-06T21:07:36.161Z'
System info: host: 'ARCADIER-PC', ip: '10.10.31.95', os.name: 'Windows 7', os.arch: 'amd64', os.version: '6.1', java.version: '1.8.0_102'
Driver info: com.kms.katalon.core.webui.driver.ExistingRemoteWebDriver
Capabilities {javascriptEnabled: true, platform: ANY, platformName: ANY}
Session ID: 4cba786bf88613ee8a0544a4d9db771f)
[[ATTACHMENT|C:\\Katalon\\Arctick\\Reports\\Suites\\Admin Add Category\\20190515_083232\\1557880788047.png]]

2019-05-15 08:39:48 - [TEST_STEP][PASSED] - waitForPageLoad: Wait for page load successfully

2019-05-15 08:39:48 - [MESSAGE][WARNING] - Timeout '0' is invalid. Using default page load timeout: '30'

2019-05-15 08:39:48 - [MESSAGE][PASSED] - Wait for page load successfully

2019-05-15 08:39:48 - [TEST_STEP][PASSED] - click: Object: 'Object Repository/ADMIN/Categories/Category List/button_Add a Category' is clicked on

2019-05-15 08:39:48 - [MESSAGE][PASSED] - Object: 'Object Repository/ADMIN/Categories/Category List/button_Add a Category' is clicked on

2019-05-15 08:39:48 - [TEST_STEP][PASSED] - waitForElementPresent: Object 'Object Repository/ADMIN/Categories/Category/dropdown_Parent' is present

2019-05-15 08:39:48 - [MESSAGE][PASSED] - Object 'Object Repository/ADMIN/Categories/Category/dropdown_Parent' is present

2019-05-15 08:39:48 - [TEST_STEP][PASSED] - delay: Delayed 1 second(s)

2019-05-15 08:39:49 - [MESSAGE][PASSED] - Delayed 1 second(s)

2019-05-15 08:39:49 - [TEST_STEP][PASSED] - setText: Text 'Category 2.2.2.1' is set on object 'Object Repository/ADMIN/Categories/Category/textfield_Category Name'

2019-05-15 08:39:49 - [MESSAGE][PASSED] - Text 'Category 2.2.2.1' is set on object 'Object Repository/ADMIN/Categories/Category/textfield_Category Name'

2019-05-15 08:39:49 - [TEST_STEP][PASSED] - click: Object: 'Object Repository/ADMIN/Categories/Category/dropdown_Parent' is clicked on

2019-05-15 08:39:49 - [MESSAGE][PASSED] - Object: 'Object Repository/ADMIN/Categories/Category/dropdown_Parent' is clicked on

2019-05-15 08:39:49 - [TEST_STEP][PASSED] - delay: Delayed 2 second(s)

2019-05-15 08:39:51 - [MESSAGE][PASSED] - Delayed 2 second(s)

2019-05-15 08:39:51 - [TEST_STEP][PASSED] - click: Object: 'Object Repository/ADMIN/Categories/Category/dropdown_Parent' is clicked on

2019-05-15 08:39:51 - [MESSAGE][PASSED] - Object: 'Object Repository/ADMIN/Categories/Category/dropdown_Parent' is clicked on

2019-05-15 08:39:51 - [TEST_STEP][PASSED] - selectOptionByLabel: All options with label 'Category 2.2.2' are selected in object 'Object Repository/ADMIN/Categories/Category/dropdown_Parent' 

2019-05-15 08:39:51 - [MESSAGE][PASSED] - All options with label 'Category 2.2.2' are selected in object 'Object Repository/ADMIN/Categories/Category/dropdown_Parent' 

2019-05-15 08:39:51 - [TEST_STEP][PASSED] - click: Object: 'Object Repository/ADMIN/Categories/Category/button_Browse' is clicked on

2019-05-15 08:39:51 - [MESSAGE][PASSED] - Object: 'Object Repository/ADMIN/Categories/Category/button_Browse' is clicked on

2019-05-15 08:39:51 - [TEST_STEP][PASSED] - delay: Delayed 1 second(s)

2019-05-15 08:39:52 - [MESSAGE][PASSED] - Delayed 1 second(s)

2019-05-15 08:39:52 - [TEST_STEP][PASSED] - uploadFile: File 'C:\\Katalon\\Image\\pic8.jpg' sent to object: 'Object Repository/ADMIN/Categories/Category/image_input image'

2019-05-15 08:39:52 - [MESSAGE][PASSED] - File 'C:\\Katalon\\Image\\pic8.jpg' sent to object: 'Object Repository/ADMIN/Categories/Category/image_input image'

2019-05-15 08:39:52 - [TEST_STEP][PASSED] - waitForElementVisible: Object 'Object Repository/ADMIN/Categories/Category/button_upload check' is visible

2019-05-15 08:39:52 - [MESSAGE][WARNING] - Timeout '0' is invalid. Using default page load timeout: '30'

2019-05-15 08:39:52 - [MESSAGE][PASSED] - Object 'Object Repository/ADMIN/Categories/Category/button_upload check' is visible

2019-05-15 08:39:52 - [TEST_STEP][PASSED] - click: Object: 'Object Repository/ADMIN/Categories/Category/button_upload check' is clicked on

2019-05-15 08:39:53 - [MESSAGE][PASSED] - Object: 'Object Repository/ADMIN/Categories/Category/button_upload check' is clicked on

2019-05-15 08:39:53 - [TEST_STEP][PASSED] - click: Object: 'Object Repository/ADMIN/Categories/Category/button_upload save' is clicked on

2019-05-15 08:39:53 - [MESSAGE][PASSED] - Object: 'Object Repository/ADMIN/Categories/Category/button_upload save' is clicked on

2019-05-15 08:39:53 - [TEST_STEP][PASSED] - waitForElementVisible: Object 'Object Repository/ADMIN/Categories/Category/button_upload save' is visible

2019-05-15 08:39:53 - [MESSAGE][WARNING] - Timeout '0' is invalid. Using default page load timeout: '30'

2019-05-15 08:39:53 - [MESSAGE][PASSED] - Object 'Object Repository/ADMIN/Categories/Category/button_upload save' is visible

2019-05-15 08:39:53 - [TEST_STEP][PASSED] - setText: Text 'Description21' is set on object 'Object Repository/ADMIN/Categories/Category/textfield_category_description'

2019-05-15 08:39:53 - [MESSAGE][PASSED] - Text 'Description21' is set on object 'Object Repository/ADMIN/Categories/Category/textfield_category_description'

2019-05-15 08:39:53 - [TEST_STEP][PASSED] - click: Object: 'Object Repository/ADMIN/Categories/Category/button_Save' is clicked on

2019-05-15 08:39:53 - [MESSAGE][PASSED] - Object: 'Object Repository/ADMIN/Categories/Category/button_Save' is clicked on

2019-05-15 08:39:53 - [TEST_STEP][PASSED] - waitForElementVisible: Object 'Object Repository/ADMIN/Categories/Category/label_edit popup' is visible

2019-05-15 08:39:53 - [MESSAGE][WARNING] - Timeout '0' is invalid. Using default page load timeout: '30'

2019-05-15 08:39:53 - [MESSAGE][PASSED] - Object 'Object Repository/ADMIN/Categories/Category/label_edit popup' is visible

2019-05-15 08:39:53 - [TEST_STEP][PASSED] - waitForElementNotPresent: Web element with id: 'Object Repository/ADMIN/Categories/Category/label_edit popup' located by 'By.xpath: //div[(text() = 'Category was successfully saved.' or . = 'Category was successfully saved.')]' is not present after '30' second(s)

2019-05-15 08:39:53 - [MESSAGE][WARNING] - Timeout '0' is invalid. Using default page load timeout: '30'

2019-05-15 08:39:59 - [MESSAGE][PASSED] - Web element with id: 'Object Repository/ADMIN/Categories/Category/label_edit popup' located by 'By.xpath: //div[(text() = 'Category was successfully saved.' or . = 'Category was successfully saved.')]' is not present after '30' second(s)]]></system-out>
         <system-err><![CDATA[2019-05-15 08:39:47 - [TEST_CASE][FAILED] - Test Cases/ADMIN/Content Mgmt/Categories/Category Add-Edit/Add Category: Test Cases/ADMIN/Content Mgmt/Categories/Category Add-Edit/Add Category FAILED because (of) Unable to click on object 'Object Repository/ADMIN/Categories/Category List/button_Categories' (Root cause: org.openqa.selenium.ElementNotVisibleException: element not visible
  (Session info: chrome=74.0.3729.131)
  (Driver info: chromedriver=2.35.528161 (5b82f2d2aae0ca24b877009200ced9065a772e73),platform=Windows NT 6.1.7601 SP1 x86_64) (WARNING: The server did not provide any stacktrace information)
Command duration or timeout: 0 milliseconds
Build info: version: '3.7.1', revision: '8a0099a', time: '2017-11-06T21:07:36.161Z'
System info: host: 'ARCADIER-PC', ip: '10.10.31.95', os.name: 'Windows 7', os.arch: 'amd64', os.version: '6.1', java.version: '1.8.0_102'
Driver info: com.kms.katalon.core.webui.driver.ExistingRemoteWebDriver
Capabilities {javascriptEnabled: true, platform: ANY, platformName: ANY}
Session ID: 4cba786bf88613ee8a0544a4d9db771f)]]></system-err>
      </testcase>
      <testcase name="Test Cases/ADMIN/Content Mgmt/Categories/Category Add-Edit/Add Category" classname="Test Cases/ADMIN/Content Mgmt/Categories/Category Add-Edit/Add Category" status="FAILED">
         <failure type="FAILED" message="Unable to select option by label 'Category 2' of object 'Object Repository/ADMIN/Categories/Category/dropdown_Parent'  (Root cause: org.openqa.selenium.NoSuchElementException: Cannot locate element with text: Category 2
For documentation on this error, please visit: http://seleniumhq.org/exceptions/no_such_element.html
Build info: version: '3.7.1', revision: '8a0099a', time: '2017-11-06T21:07:36.161Z'
System info: host: 'ARCADIER-PC', ip: '10.10.31.95', os.name: 'Windows 7', os.arch: 'amd64', os.version: '6.1', java.version: '1.8.0_102'
Driver info: driver.version: unknown)"/>
         <system-out><![CDATA[2019-05-15 08:39:59 - [TEST_CASE][FAILED] - Test Cases/ADMIN/Content Mgmt/Categories/Category Add-Edit/Add Category: Test Cases/ADMIN/Content Mgmt/Categories/Category Add-Edit/Add Category FAILED because (of) Unable to select option by label 'Category 2' of object 'Object Repository/ADMIN/Categories/Category/dropdown_Parent'  (Root cause: org.openqa.selenium.NoSuchElementException: Cannot locate element with text: Category 2
For documentation on this error, please visit: http://seleniumhq.org/exceptions/no_such_element.html
Build info: version: '3.7.1', revision: '8a0099a', time: '2017-11-06T21:07:36.161Z'
System info: host: 'ARCADIER-PC', ip: '10.10.31.95', os.name: 'Windows 7', os.arch: 'amd64', os.version: '6.1', java.version: '1.8.0_102'
Driver info: driver.version: unknown)

2019-05-15 08:39:59 - [TEST_STEP][PASSED] - waitForElementVisible: Object 'Object Repository/ADMIN/Categories/Category List/button_Content Mgmt' is visible

2019-05-15 08:39:59 - [MESSAGE][WARNING] - Timeout '0' is invalid. Using default page load timeout: '30'

2019-05-15 08:39:59 - [MESSAGE][PASSED] - Object 'Object Repository/ADMIN/Categories/Category List/button_Content Mgmt' is visible

2019-05-15 08:39:59 - [TEST_STEP][PASSED] - click: Object: 'Object Repository/ADMIN/Categories/Category List/button_Content Mgmt' is clicked on

2019-05-15 08:39:59 - [MESSAGE][PASSED] - Object: 'Object Repository/ADMIN/Categories/Category List/button_Content Mgmt' is clicked on

2019-05-15 08:39:59 - [TEST_STEP][PASSED] - waitForElementVisible: Object 'Object Repository/ADMIN/Categories/Category List/button_Categories' is visible

2019-05-15 08:39:59 - [MESSAGE][WARNING] - Timeout '0' is invalid. Using default page load timeout: '30'

2019-05-15 08:39:59 - [MESSAGE][PASSED] - Object 'Object Repository/ADMIN/Categories/Category List/button_Categories' is visible

2019-05-15 08:39:59 - [TEST_STEP][PASSED] - click: Object: 'Object Repository/ADMIN/Categories/Category List/button_Categories' is clicked on

2019-05-15 08:40:03 - [MESSAGE][PASSED] - Object: 'Object Repository/ADMIN/Categories/Category List/button_Categories' is clicked on

2019-05-15 08:40:03 - [TEST_STEP][PASSED] - waitForPageLoad: Wait for page load successfully

2019-05-15 08:40:03 - [MESSAGE][WARNING] - Timeout '0' is invalid. Using default page load timeout: '30'

2019-05-15 08:40:03 - [MESSAGE][PASSED] - Wait for page load successfully

2019-05-15 08:40:03 - [TEST_STEP][PASSED] - click: Object: 'Object Repository/ADMIN/Categories/Category List/button_Add a Category' is clicked on

2019-05-15 08:40:03 - [MESSAGE][PASSED] - Object: 'Object Repository/ADMIN/Categories/Category List/button_Add a Category' is clicked on

2019-05-15 08:40:03 - [TEST_STEP][PASSED] - waitForElementPresent: Object 'Object Repository/ADMIN/Categories/Category/dropdown_Parent' is present

2019-05-15 08:40:03 - [MESSAGE][PASSED] - Object 'Object Repository/ADMIN/Categories/Category/dropdown_Parent' is present

2019-05-15 08:40:03 - [TEST_STEP][PASSED] - delay: Delayed 1 second(s)

2019-05-15 08:40:04 - [MESSAGE][PASSED] - Delayed 1 second(s)

2019-05-15 08:40:04 - [TEST_STEP][PASSED] - setText: Text 'Category 2.3' is set on object 'Object Repository/ADMIN/Categories/Category/textfield_Category Name'

2019-05-15 08:40:04 - [MESSAGE][PASSED] - Text 'Category 2.3' is set on object 'Object Repository/ADMIN/Categories/Category/textfield_Category Name'

2019-05-15 08:40:04 - [TEST_STEP][PASSED] - click: Object: 'Object Repository/ADMIN/Categories/Category/dropdown_Parent' is clicked on

2019-05-15 08:40:04 - [MESSAGE][PASSED] - Object: 'Object Repository/ADMIN/Categories/Category/dropdown_Parent' is clicked on

2019-05-15 08:40:04 - [TEST_STEP][PASSED] - delay: Delayed 2 second(s)

2019-05-15 08:40:06 - [MESSAGE][PASSED] - Delayed 2 second(s)

2019-05-15 08:40:06 - [TEST_STEP][PASSED] - click: Object: 'Object Repository/ADMIN/Categories/Category/dropdown_Parent' is clicked on

2019-05-15 08:40:07 - [MESSAGE][PASSED] - Object: 'Object Repository/ADMIN/Categories/Category/dropdown_Parent' is clicked on

2019-05-15 08:40:07 - [TEST_STEP][FAILED] - selectOptionByLabel: Unable to select option by label 'Category 2' of object 'Object Repository/ADMIN/Categories/Category/dropdown_Parent'  (Root cause: org.openqa.selenium.NoSuchElementException: Cannot locate element with text: Category 2
For documentation on this error, please visit: http://seleniumhq.org/exceptions/no_such_element.html
Build info: version: '3.7.1', revision: '8a0099a', time: '2017-11-06T21:07:36.161Z'
System info: host: 'ARCADIER-PC', ip: '10.10.31.95', os.name: 'Windows 7', os.arch: 'amd64', os.version: '6.1', java.version: '1.8.0_102'
Driver info: driver.version: unknown)

2019-05-15 08:40:07 - [MESSAGE][FAILED] - Unable to select option by label 'Category 2' of object 'Object Repository/ADMIN/Categories/Category/dropdown_Parent'  (Root cause: org.openqa.selenium.NoSuchElementException: Cannot locate element with text: Category 2
For documentation on this error, please visit: http://seleniumhq.org/exceptions/no_such_element.html
Build info: version: '3.7.1', revision: '8a0099a', time: '2017-11-06T21:07:36.161Z'
System info: host: 'ARCADIER-PC', ip: '10.10.31.95', os.name: 'Windows 7', os.arch: 'amd64', os.version: '6.1', java.version: '1.8.0_102'
Driver info: driver.version: unknown)
[[ATTACHMENT|C:\\Katalon\\Arctick\\Reports\\Suites\\Admin Add Category\\20190515_083232\\1557880807116.png]]

2019-05-15 08:40:07 - [TEST_STEP][PASSED] - click: Object: 'Object Repository/ADMIN/Categories/Category/button_Browse' is clicked on

2019-05-15 08:40:07 - [MESSAGE][PASSED] - Object: 'Object Repository/ADMIN/Categories/Category/button_Browse' is clicked on

2019-05-15 08:40:07 - [TEST_STEP][PASSED] - delay: Delayed 1 second(s)

2019-05-15 08:40:08 - [MESSAGE][PASSED] - Delayed 1 second(s)

2019-05-15 08:40:08 - [TEST_STEP][PASSED] - uploadFile: File 'C:\\Katalon\\Image\\pic9.jpg' sent to object: 'Object Repository/ADMIN/Categories/Category/image_input image'

2019-05-15 08:40:08 - [MESSAGE][PASSED] - File 'C:\\Katalon\\Image\\pic9.jpg' sent to object: 'Object Repository/ADMIN/Categories/Category/image_input image'

2019-05-15 08:40:08 - [TEST_STEP][PASSED] - waitForElementVisible: Object 'Object Repository/ADMIN/Categories/Category/button_upload check' is visible

2019-05-15 08:40:08 - [MESSAGE][WARNING] - Timeout '0' is invalid. Using default page load timeout: '30'

2019-05-15 08:40:08 - [MESSAGE][PASSED] - Object 'Object Repository/ADMIN/Categories/Category/button_upload check' is visible

2019-05-15 08:40:08 - [TEST_STEP][PASSED] - click: Object: 'Object Repository/ADMIN/Categories/Category/button_upload check' is clicked on

2019-05-15 08:40:08 - [MESSAGE][PASSED] - Object: 'Object Repository/ADMIN/Categories/Category/button_upload check' is clicked on

2019-05-15 08:40:08 - [TEST_STEP][PASSED] - click: Object: 'Object Repository/ADMIN/Categories/Category/button_upload save' is clicked on

2019-05-15 08:40:08 - [MESSAGE][PASSED] - Object: 'Object Repository/ADMIN/Categories/Category/button_upload save' is clicked on

2019-05-15 08:40:08 - [TEST_STEP][PASSED] - waitForElementVisible: Object 'Object Repository/ADMIN/Categories/Category/button_upload save' is visible

2019-05-15 08:40:08 - [MESSAGE][WARNING] - Timeout '0' is invalid. Using default page load timeout: '30'

2019-05-15 08:40:08 - [MESSAGE][PASSED] - Object 'Object Repository/ADMIN/Categories/Category/button_upload save' is visible

2019-05-15 08:40:08 - [TEST_STEP][PASSED] - setText: Text 'Description22' is set on object 'Object Repository/ADMIN/Categories/Category/textfield_category_description'

2019-05-15 08:40:08 - [MESSAGE][PASSED] - Text 'Description22' is set on object 'Object Repository/ADMIN/Categories/Category/textfield_category_description'

2019-05-15 08:40:08 - [TEST_STEP][PASSED] - click: Object: 'Object Repository/ADMIN/Categories/Category/button_Save' is clicked on

2019-05-15 08:40:08 - [MESSAGE][PASSED] - Object: 'Object Repository/ADMIN/Categories/Category/button_Save' is clicked on

2019-05-15 08:40:09 - [TEST_STEP][PASSED] - waitForElementVisible: Object 'Object Repository/ADMIN/Categories/Category/label_edit popup' is visible

2019-05-15 08:40:09 - [MESSAGE][WARNING] - Timeout '0' is invalid. Using default page load timeout: '30'

2019-05-15 08:40:13 - [MESSAGE][PASSED] - Object 'Object Repository/ADMIN/Categories/Category/label_edit popup' is visible

2019-05-15 08:40:13 - [TEST_STEP][PASSED] - waitForElementNotPresent: Web element with id: 'Object Repository/ADMIN/Categories/Category/label_edit popup' located by 'By.xpath: //div[(text() = 'Category was successfully saved.' or . = 'Category was successfully saved.')]' is not present after '30' second(s)

2019-05-15 08:40:13 - [MESSAGE][WARNING] - Timeout '0' is invalid. Using default page load timeout: '30'

2019-05-15 08:40:19 - [MESSAGE][PASSED] - Web element with id: 'Object Repository/ADMIN/Categories/Category/label_edit popup' located by 'By.xpath: //div[(text() = 'Category was successfully saved.' or . = 'Category was successfully saved.')]' is not present after '30' second(s)]]></system-out>
         <system-err><![CDATA[2019-05-15 08:39:59 - [TEST_CASE][FAILED] - Test Cases/ADMIN/Content Mgmt/Categories/Category Add-Edit/Add Category: Test Cases/ADMIN/Content Mgmt/Categories/Category Add-Edit/Add Category FAILED because (of) Unable to select option by label 'Category 2' of object 'Object Repository/ADMIN/Categories/Category/dropdown_Parent'  (Root cause: org.openqa.selenium.NoSuchElementException: Cannot locate element with text: Category 2
For documentation on this error, please visit: http://seleniumhq.org/exceptions/no_such_element.html
Build info: version: '3.7.1', revision: '8a0099a', time: '2017-11-06T21:07:36.161Z'
System info: host: 'ARCADIER-PC', ip: '10.10.31.95', os.name: 'Windows 7', os.arch: 'amd64', os.version: '6.1', java.version: '1.8.0_102'
Driver info: driver.version: unknown)]]></system-err>
      </testcase>
      <testcase name="Test Cases/ADMIN/Content Mgmt/Categories/Category Add-Edit/Add Category" classname="Test Cases/ADMIN/Content Mgmt/Categories/Category Add-Edit/Add Category" status="PASSED">
         <system-out><![CDATA[2019-05-15 08:40:19 - [TEST_CASE][PASSED] - Test Cases/ADMIN/Content Mgmt/Categories/Category Add-Edit/Add Category: Test Cases/ADMIN/Content Mgmt/Categories/Category Add-Edit/Add Category

2019-05-15 08:40:19 - [TEST_STEP][PASSED] - waitForElementVisible: Object 'Object Repository/ADMIN/Categories/Category List/button_Content Mgmt' is visible

2019-05-15 08:40:19 - [MESSAGE][WARNING] - Timeout '0' is invalid. Using default page load timeout: '30'

2019-05-15 08:40:19 - [MESSAGE][PASSED] - Object 'Object Repository/ADMIN/Categories/Category List/button_Content Mgmt' is visible

2019-05-15 08:40:19 - [TEST_STEP][PASSED] - click: Object: 'Object Repository/ADMIN/Categories/Category List/button_Content Mgmt' is clicked on

2019-05-15 08:40:19 - [MESSAGE][PASSED] - Object: 'Object Repository/ADMIN/Categories/Category List/button_Content Mgmt' is clicked on

2019-05-15 08:40:19 - [TEST_STEP][PASSED] - waitForElementVisible: Object 'Object Repository/ADMIN/Categories/Category List/button_Categories' is visible

2019-05-15 08:40:19 - [MESSAGE][WARNING] - Timeout '0' is invalid. Using default page load timeout: '30'

2019-05-15 08:40:19 - [MESSAGE][PASSED] - Object 'Object Repository/ADMIN/Categories/Category List/button_Categories' is visible

2019-05-15 08:40:19 - [TEST_STEP][PASSED] - click: Object: 'Object Repository/ADMIN/Categories/Category List/button_Categories' is clicked on

2019-05-15 08:40:19 - [MESSAGE][PASSED] - Object: 'Object Repository/ADMIN/Categories/Category List/button_Categories' is clicked on

2019-05-15 08:40:19 - [TEST_STEP][PASSED] - waitForPageLoad: Wait for page load successfully

2019-05-15 08:40:19 - [MESSAGE][WARNING] - Timeout '0' is invalid. Using default page load timeout: '30'

2019-05-15 08:40:19 - [MESSAGE][PASSED] - Wait for page load successfully

2019-05-15 08:40:19 - [TEST_STEP][PASSED] - click: Object: 'Object Repository/ADMIN/Categories/Category List/button_Add a Category' is clicked on

2019-05-15 08:40:19 - [MESSAGE][PASSED] - Object: 'Object Repository/ADMIN/Categories/Category List/button_Add a Category' is clicked on

2019-05-15 08:40:19 - [TEST_STEP][PASSED] - waitForElementPresent: Object 'Object Repository/ADMIN/Categories/Category/dropdown_Parent' is present

2019-05-15 08:40:19 - [MESSAGE][PASSED] - Object 'Object Repository/ADMIN/Categories/Category/dropdown_Parent' is present

2019-05-15 08:40:19 - [TEST_STEP][PASSED] - delay: Delayed 1 second(s)

2019-05-15 08:40:20 - [MESSAGE][PASSED] - Delayed 1 second(s)

2019-05-15 08:40:20 - [TEST_STEP][PASSED] - setText: Text 'Category 2.4' is set on object 'Object Repository/ADMIN/Categories/Category/textfield_Category Name'

2019-05-15 08:40:20 - [MESSAGE][PASSED] - Text 'Category 2.4' is set on object 'Object Repository/ADMIN/Categories/Category/textfield_Category Name'

2019-05-15 08:40:20 - [TEST_STEP][PASSED] - click: Object: 'Object Repository/ADMIN/Categories/Category/dropdown_Parent' is clicked on

2019-05-15 08:40:21 - [MESSAGE][PASSED] - Object: 'Object Repository/ADMIN/Categories/Category/dropdown_Parent' is clicked on

2019-05-15 08:40:21 - [TEST_STEP][PASSED] - delay: Delayed 2 second(s)

2019-05-15 08:40:23 - [MESSAGE][PASSED] - Delayed 2 second(s)

2019-05-15 08:40:23 - [TEST_STEP][PASSED] - click: Object: 'Object Repository/ADMIN/Categories/Category/dropdown_Parent' is clicked on

2019-05-15 08:40:23 - [MESSAGE][PASSED] - Object: 'Object Repository/ADMIN/Categories/Category/dropdown_Parent' is clicked on

2019-05-15 08:40:23 - [TEST_STEP][PASSED] - selectOptionByLabel: All options with label 'Category 2' are selected in object 'Object Repository/ADMIN/Categories/Category/dropdown_Parent' 

2019-05-15 08:40:23 - [MESSAGE][PASSED] - All options with label 'Category 2' are selected in object 'Object Repository/ADMIN/Categories/Category/dropdown_Parent' 

2019-05-15 08:40:23 - [TEST_STEP][PASSED] - click: Object: 'Object Repository/ADMIN/Categories/Category/button_Browse' is clicked on

2019-05-15 08:40:23 - [MESSAGE][PASSED] - Object: 'Object Repository/ADMIN/Categories/Category/button_Browse' is clicked on

2019-05-15 08:40:23 - [TEST_STEP][PASSED] - delay: Delayed 1 second(s)

2019-05-15 08:40:24 - [MESSAGE][PASSED] - Delayed 1 second(s)

2019-05-15 08:40:24 - [TEST_STEP][PASSED] - uploadFile: File 'C:\\Katalon\\Image\\pic10.jpg' sent to object: 'Object Repository/ADMIN/Categories/Category/image_input image'

2019-05-15 08:40:24 - [MESSAGE][PASSED] - File 'C:\\Katalon\\Image\\pic10.jpg' sent to object: 'Object Repository/ADMIN/Categories/Category/image_input image'

2019-05-15 08:40:24 - [TEST_STEP][PASSED] - waitForElementVisible: Object 'Object Repository/ADMIN/Categories/Category/button_upload check' is visible

2019-05-15 08:40:24 - [MESSAGE][WARNING] - Timeout '0' is invalid. Using default page load timeout: '30'

2019-05-15 08:40:24 - [MESSAGE][PASSED] - Object 'Object Repository/ADMIN/Categories/Category/button_upload check' is visible

2019-05-15 08:40:24 - [TEST_STEP][PASSED] - click: Object: 'Object Repository/ADMIN/Categories/Category/button_upload check' is clicked on

2019-05-15 08:40:24 - [MESSAGE][PASSED] - Object: 'Object Repository/ADMIN/Categories/Category/button_upload check' is clicked on

2019-05-15 08:40:24 - [TEST_STEP][PASSED] - click: Object: 'Object Repository/ADMIN/Categories/Category/button_upload save' is clicked on

2019-05-15 08:40:24 - [MESSAGE][PASSED] - Object: 'Object Repository/ADMIN/Categories/Category/button_upload save' is clicked on

2019-05-15 08:40:24 - [TEST_STEP][PASSED] - waitForElementVisible: Object 'Object Repository/ADMIN/Categories/Category/button_upload save' is visible

2019-05-15 08:40:24 - [MESSAGE][WARNING] - Timeout '0' is invalid. Using default page load timeout: '30'

2019-05-15 08:40:24 - [MESSAGE][PASSED] - Object 'Object Repository/ADMIN/Categories/Category/button_upload save' is visible

2019-05-15 08:40:24 - [TEST_STEP][PASSED] - setText: Text 'Description23' is set on object 'Object Repository/ADMIN/Categories/Category/textfield_category_description'

2019-05-15 08:40:24 - [MESSAGE][PASSED] - Text 'Description23' is set on object 'Object Repository/ADMIN/Categories/Category/textfield_category_description'

2019-05-15 08:40:24 - [TEST_STEP][PASSED] - click: Object: 'Object Repository/ADMIN/Categories/Category/button_Save' is clicked on

2019-05-15 08:40:24 - [MESSAGE][PASSED] - Object: 'Object Repository/ADMIN/Categories/Category/button_Save' is clicked on

2019-05-15 08:40:24 - [TEST_STEP][PASSED] - waitForElementVisible: Object 'Object Repository/ADMIN/Categories/Category/label_edit popup' is visible

2019-05-15 08:40:24 - [MESSAGE][WARNING] - Timeout '0' is invalid. Using default page load timeout: '30'

2019-05-15 08:40:37 - [MESSAGE][PASSED] - Object 'Object Repository/ADMIN/Categories/Category/label_edit popup' is visible

2019-05-15 08:40:37 - [TEST_STEP][PASSED] - waitForElementNotPresent: Web element with id: 'Object Repository/ADMIN/Categories/Category/label_edit popup' located by 'By.xpath: //div[(text() = 'Category was successfully saved.' or . = 'Category was successfully saved.')]' is not present after '30' second(s)

2019-05-15 08:40:37 - [MESSAGE][WARNING] - Timeout '0' is invalid. Using default page load timeout: '30'

2019-05-15 08:40:43 - [MESSAGE][PASSED] - Web element with id: 'Object Repository/ADMIN/Categories/Category/label_edit popup' located by 'By.xpath: //div[(text() = 'Category was successfully saved.' or . = 'Category was successfully saved.')]' is not present after '30' second(s)]]></system-out>
         <system-err><![CDATA[]]></system-err>
      </testcase>
      <testcase name="Test Cases/ADMIN/Content Mgmt/Categories/Category Add-Edit/Add Category" classname="Test Cases/ADMIN/Content Mgmt/Categories/Category Add-Edit/Add Category" status="FAILED">
         <failure type="FAILED" message="Unable to select option by label 'Category 2.4' of object 'Object Repository/ADMIN/Categories/Category/dropdown_Parent'  (Root cause: org.openqa.selenium.NoSuchElementException: Cannot locate element with text: Category 2.4
For documentation on this error, please visit: http://seleniumhq.org/exceptions/no_such_element.html
Build info: version: '3.7.1', revision: '8a0099a', time: '2017-11-06T21:07:36.161Z'
System info: host: 'ARCADIER-PC', ip: '10.10.31.95', os.name: 'Windows 7', os.arch: 'amd64', os.version: '6.1', java.version: '1.8.0_102'
Driver info: driver.version: unknown)"/>
         <system-out><![CDATA[2019-05-15 08:40:43 - [TEST_CASE][FAILED] - Test Cases/ADMIN/Content Mgmt/Categories/Category Add-Edit/Add Category: Test Cases/ADMIN/Content Mgmt/Categories/Category Add-Edit/Add Category FAILED because (of) Unable to select option by label 'Category 2.4' of object 'Object Repository/ADMIN/Categories/Category/dropdown_Parent'  (Root cause: org.openqa.selenium.NoSuchElementException: Cannot locate element with text: Category 2.4
For documentation on this error, please visit: http://seleniumhq.org/exceptions/no_such_element.html
Build info: version: '3.7.1', revision: '8a0099a', time: '2017-11-06T21:07:36.161Z'
System info: host: 'ARCADIER-PC', ip: '10.10.31.95', os.name: 'Windows 7', os.arch: 'amd64', os.version: '6.1', java.version: '1.8.0_102'
Driver info: driver.version: unknown)

2019-05-15 08:40:43 - [TEST_STEP][PASSED] - waitForElementVisible: Object 'Object Repository/ADMIN/Categories/Category List/button_Content Mgmt' is visible

2019-05-15 08:40:43 - [MESSAGE][WARNING] - Timeout '0' is invalid. Using default page load timeout: '30'

2019-05-15 08:40:43 - [MESSAGE][PASSED] - Object 'Object Repository/ADMIN/Categories/Category List/button_Content Mgmt' is visible

2019-05-15 08:40:43 - [TEST_STEP][PASSED] - click: Object: 'Object Repository/ADMIN/Categories/Category List/button_Content Mgmt' is clicked on

2019-05-15 08:40:43 - [MESSAGE][PASSED] - Object: 'Object Repository/ADMIN/Categories/Category List/button_Content Mgmt' is clicked on

2019-05-15 08:40:43 - [TEST_STEP][PASSED] - waitForElementVisible: Object 'Object Repository/ADMIN/Categories/Category List/button_Categories' is visible

2019-05-15 08:40:43 - [MESSAGE][WARNING] - Timeout '0' is invalid. Using default page load timeout: '30'

2019-05-15 08:40:43 - [MESSAGE][PASSED] - Object 'Object Repository/ADMIN/Categories/Category List/button_Categories' is visible

2019-05-15 08:40:43 - [TEST_STEP][PASSED] - click: Object: 'Object Repository/ADMIN/Categories/Category List/button_Categories' is clicked on

2019-05-15 08:40:55 - [MESSAGE][PASSED] - Object: 'Object Repository/ADMIN/Categories/Category List/button_Categories' is clicked on

2019-05-15 08:40:55 - [TEST_STEP][PASSED] - waitForPageLoad: Wait for page load successfully

2019-05-15 08:40:55 - [MESSAGE][WARNING] - Timeout '0' is invalid. Using default page load timeout: '30'

2019-05-15 08:40:55 - [MESSAGE][PASSED] - Wait for page load successfully

2019-05-15 08:40:55 - [TEST_STEP][PASSED] - click: Object: 'Object Repository/ADMIN/Categories/Category List/button_Add a Category' is clicked on

2019-05-15 08:40:56 - [MESSAGE][PASSED] - Object: 'Object Repository/ADMIN/Categories/Category List/button_Add a Category' is clicked on

2019-05-15 08:40:56 - [TEST_STEP][PASSED] - waitForElementPresent: Object 'Object Repository/ADMIN/Categories/Category/dropdown_Parent' is present

2019-05-15 08:40:56 - [MESSAGE][PASSED] - Object 'Object Repository/ADMIN/Categories/Category/dropdown_Parent' is present

2019-05-15 08:40:56 - [TEST_STEP][PASSED] - delay: Delayed 1 second(s)

2019-05-15 08:40:57 - [MESSAGE][PASSED] - Delayed 1 second(s)

2019-05-15 08:40:57 - [TEST_STEP][PASSED] - setText: Text 'Category 2.4.1' is set on object 'Object Repository/ADMIN/Categories/Category/textfield_Category Name'

2019-05-15 08:40:57 - [MESSAGE][PASSED] - Text 'Category 2.4.1' is set on object 'Object Repository/ADMIN/Categories/Category/textfield_Category Name'

2019-05-15 08:40:57 - [TEST_STEP][PASSED] - click: Object: 'Object Repository/ADMIN/Categories/Category/dropdown_Parent' is clicked on

2019-05-15 08:40:57 - [MESSAGE][PASSED] - Object: 'Object Repository/ADMIN/Categories/Category/dropdown_Parent' is clicked on

2019-05-15 08:40:57 - [TEST_STEP][PASSED] - delay: Delayed 2 second(s)

2019-05-15 08:40:59 - [MESSAGE][PASSED] - Delayed 2 second(s)

2019-05-15 08:40:59 - [TEST_STEP][PASSED] - click: Object: 'Object Repository/ADMIN/Categories/Category/dropdown_Parent' is clicked on

2019-05-15 08:40:59 - [MESSAGE][PASSED] - Object: 'Object Repository/ADMIN/Categories/Category/dropdown_Parent' is clicked on

2019-05-15 08:40:59 - [TEST_STEP][FAILED] - selectOptionByLabel: Unable to select option by label 'Category 2.4' of object 'Object Repository/ADMIN/Categories/Category/dropdown_Parent'  (Root cause: org.openqa.selenium.NoSuchElementException: Cannot locate element with text: Category 2.4
For documentation on this error, please visit: http://seleniumhq.org/exceptions/no_such_element.html
Build info: version: '3.7.1', revision: '8a0099a', time: '2017-11-06T21:07:36.161Z'
System info: host: 'ARCADIER-PC', ip: '10.10.31.95', os.name: 'Windows 7', os.arch: 'amd64', os.version: '6.1', java.version: '1.8.0_102'
Driver info: driver.version: unknown)

2019-05-15 08:40:59 - [MESSAGE][FAILED] - Unable to select option by label 'Category 2.4' of object 'Object Repository/ADMIN/Categories/Category/dropdown_Parent'  (Root cause: org.openqa.selenium.NoSuchElementException: Cannot locate element with text: Category 2.4
For documentation on this error, please visit: http://seleniumhq.org/exceptions/no_such_element.html
Build info: version: '3.7.1', revision: '8a0099a', time: '2017-11-06T21:07:36.161Z'
System info: host: 'ARCADIER-PC', ip: '10.10.31.95', os.name: 'Windows 7', os.arch: 'amd64', os.version: '6.1', java.version: '1.8.0_102'
Driver info: driver.version: unknown)
[[ATTACHMENT|C:\\Katalon\\Arctick\\Reports\\Suites\\Admin Add Category\\20190515_083232\\1557880859392.png]]

2019-05-15 08:40:59 - [TEST_STEP][PASSED] - click: Object: 'Object Repository/ADMIN/Categories/Category/button_Browse' is clicked on

2019-05-15 08:40:59 - [MESSAGE][PASSED] - Object: 'Object Repository/ADMIN/Categories/Category/button_Browse' is clicked on

2019-05-15 08:40:59 - [TEST_STEP][PASSED] - delay: Delayed 1 second(s)

2019-05-15 08:41:00 - [MESSAGE][PASSED] - Delayed 1 second(s)

2019-05-15 08:41:00 - [TEST_STEP][PASSED] - uploadFile: File 'C:\\Katalon\\Image\\pic11.jpg' sent to object: 'Object Repository/ADMIN/Categories/Category/image_input image'

2019-05-15 08:41:00 - [MESSAGE][PASSED] - File 'C:\\Katalon\\Image\\pic11.jpg' sent to object: 'Object Repository/ADMIN/Categories/Category/image_input image'

2019-05-15 08:41:00 - [TEST_STEP][PASSED] - waitForElementVisible: Object 'Object Repository/ADMIN/Categories/Category/button_upload check' is visible

2019-05-15 08:41:00 - [MESSAGE][WARNING] - Timeout '0' is invalid. Using default page load timeout: '30'

2019-05-15 08:41:00 - [MESSAGE][PASSED] - Object 'Object Repository/ADMIN/Categories/Category/button_upload check' is visible

2019-05-15 08:41:00 - [TEST_STEP][PASSED] - click: Object: 'Object Repository/ADMIN/Categories/Category/button_upload check' is clicked on

2019-05-15 08:41:00 - [MESSAGE][PASSED] - Object: 'Object Repository/ADMIN/Categories/Category/button_upload check' is clicked on

2019-05-15 08:41:00 - [TEST_STEP][PASSED] - click: Object: 'Object Repository/ADMIN/Categories/Category/button_upload save' is clicked on

2019-05-15 08:41:01 - [MESSAGE][PASSED] - Object: 'Object Repository/ADMIN/Categories/Category/button_upload save' is clicked on

2019-05-15 08:41:01 - [TEST_STEP][PASSED] - waitForElementVisible: Object 'Object Repository/ADMIN/Categories/Category/button_upload save' is visible

2019-05-15 08:41:01 - [MESSAGE][WARNING] - Timeout '0' is invalid. Using default page load timeout: '30'

2019-05-15 08:41:01 - [MESSAGE][PASSED] - Object 'Object Repository/ADMIN/Categories/Category/button_upload save' is visible

2019-05-15 08:41:01 - [TEST_STEP][PASSED] - setText: Text 'Description24' is set on object 'Object Repository/ADMIN/Categories/Category/textfield_category_description'

2019-05-15 08:41:01 - [MESSAGE][PASSED] - Text 'Description24' is set on object 'Object Repository/ADMIN/Categories/Category/textfield_category_description'

2019-05-15 08:41:01 - [TEST_STEP][PASSED] - click: Object: 'Object Repository/ADMIN/Categories/Category/button_Save' is clicked on

2019-05-15 08:41:01 - [MESSAGE][PASSED] - Object: 'Object Repository/ADMIN/Categories/Category/button_Save' is clicked on

2019-05-15 08:41:01 - [TEST_STEP][PASSED] - waitForElementVisible: Object 'Object Repository/ADMIN/Categories/Category/label_edit popup' is visible

2019-05-15 08:41:01 - [MESSAGE][WARNING] - Timeout '0' is invalid. Using default page load timeout: '30'

2019-05-15 08:41:02 - [MESSAGE][PASSED] - Object 'Object Repository/ADMIN/Categories/Category/label_edit popup' is visible

2019-05-15 08:41:02 - [TEST_STEP][PASSED] - waitForElementNotPresent: Web element with id: 'Object Repository/ADMIN/Categories/Category/label_edit popup' located by 'By.xpath: //div[(text() = 'Category was successfully saved.' or . = 'Category was successfully saved.')]' is not present after '30' second(s)

2019-05-15 08:41:02 - [MESSAGE][WARNING] - Timeout '0' is invalid. Using default page load timeout: '30'

2019-05-15 08:41:08 - [MESSAGE][PASSED] - Web element with id: 'Object Repository/ADMIN/Categories/Category/label_edit popup' located by 'By.xpath: //div[(text() = 'Category was successfully saved.' or . = 'Category was successfully saved.')]' is not present after '30' second(s)]]></system-out>
         <system-err><![CDATA[2019-05-15 08:40:43 - [TEST_CASE][FAILED] - Test Cases/ADMIN/Content Mgmt/Categories/Category Add-Edit/Add Category: Test Cases/ADMIN/Content Mgmt/Categories/Category Add-Edit/Add Category FAILED because (of) Unable to select option by label 'Category 2.4' of object 'Object Repository/ADMIN/Categories/Category/dropdown_Parent'  (Root cause: org.openqa.selenium.NoSuchElementException: Cannot locate element with text: Category 2.4
For documentation on this error, please visit: http://seleniumhq.org/exceptions/no_such_element.html
Build info: version: '3.7.1', revision: '8a0099a', time: '2017-11-06T21:07:36.161Z'
System info: host: 'ARCADIER-PC', ip: '10.10.31.95', os.name: 'Windows 7', os.arch: 'amd64', os.version: '6.1', java.version: '1.8.0_102'
Driver info: driver.version: unknown)]]></system-err>
      </testcase>
      <testcase name="Test Cases/ADMIN/Content Mgmt/Categories/Category Add-Edit/Add Category" classname="Test Cases/ADMIN/Content Mgmt/Categories/Category Add-Edit/Add Category" status="PASSED">
         <system-out><![CDATA[2019-05-15 08:41:08 - [TEST_CASE][PASSED] - Test Cases/ADMIN/Content Mgmt/Categories/Category Add-Edit/Add Category: Test Cases/ADMIN/Content Mgmt/Categories/Category Add-Edit/Add Category

2019-05-15 08:41:08 - [TEST_STEP][PASSED] - waitForElementVisible: Object 'Object Repository/ADMIN/Categories/Category List/button_Content Mgmt' is visible

2019-05-15 08:41:08 - [MESSAGE][WARNING] - Timeout '0' is invalid. Using default page load timeout: '30'

2019-05-15 08:41:08 - [MESSAGE][PASSED] - Object 'Object Repository/ADMIN/Categories/Category List/button_Content Mgmt' is visible

2019-05-15 08:41:08 - [TEST_STEP][PASSED] - click: Object: 'Object Repository/ADMIN/Categories/Category List/button_Content Mgmt' is clicked on

2019-05-15 08:41:08 - [MESSAGE][PASSED] - Object: 'Object Repository/ADMIN/Categories/Category List/button_Content Mgmt' is clicked on

2019-05-15 08:41:08 - [TEST_STEP][PASSED] - waitForElementVisible: Object 'Object Repository/ADMIN/Categories/Category List/button_Categories' is visible

2019-05-15 08:41:08 - [MESSAGE][WARNING] - Timeout '0' is invalid. Using default page load timeout: '30'

2019-05-15 08:41:08 - [MESSAGE][PASSED] - Object 'Object Repository/ADMIN/Categories/Category List/button_Categories' is visible

2019-05-15 08:41:08 - [TEST_STEP][PASSED] - click: Object: 'Object Repository/ADMIN/Categories/Category List/button_Categories' is clicked on

2019-05-15 08:41:09 - [MESSAGE][PASSED] - Object: 'Object Repository/ADMIN/Categories/Category List/button_Categories' is clicked on

2019-05-15 08:41:09 - [TEST_STEP][PASSED] - waitForPageLoad: Wait for page load successfully

2019-05-15 08:41:09 - [MESSAGE][WARNING] - Timeout '0' is invalid. Using default page load timeout: '30'

2019-05-15 08:41:09 - [MESSAGE][PASSED] - Wait for page load successfully

2019-05-15 08:41:09 - [TEST_STEP][PASSED] - click: Object: 'Object Repository/ADMIN/Categories/Category List/button_Add a Category' is clicked on

2019-05-15 08:41:09 - [MESSAGE][PASSED] - Object: 'Object Repository/ADMIN/Categories/Category List/button_Add a Category' is clicked on

2019-05-15 08:41:09 - [TEST_STEP][PASSED] - waitForElementPresent: Object 'Object Repository/ADMIN/Categories/Category/dropdown_Parent' is present

2019-05-15 08:41:09 - [MESSAGE][PASSED] - Object 'Object Repository/ADMIN/Categories/Category/dropdown_Parent' is present

2019-05-15 08:41:09 - [TEST_STEP][PASSED] - delay: Delayed 1 second(s)

2019-05-15 08:41:10 - [MESSAGE][PASSED] - Delayed 1 second(s)

2019-05-15 08:41:10 - [TEST_STEP][PASSED] - setText: Text 'Category 2.4.2' is set on object 'Object Repository/ADMIN/Categories/Category/textfield_Category Name'

2019-05-15 08:41:10 - [MESSAGE][PASSED] - Text 'Category 2.4.2' is set on object 'Object Repository/ADMIN/Categories/Category/textfield_Category Name'

2019-05-15 08:41:10 - [TEST_STEP][PASSED] - click: Object: 'Object Repository/ADMIN/Categories/Category/dropdown_Parent' is clicked on

2019-05-15 08:41:10 - [MESSAGE][PASSED] - Object: 'Object Repository/ADMIN/Categories/Category/dropdown_Parent' is clicked on

2019-05-15 08:41:10 - [TEST_STEP][PASSED] - delay: Delayed 2 second(s)

2019-05-15 08:41:12 - [MESSAGE][PASSED] - Delayed 2 second(s)

2019-05-15 08:41:12 - [TEST_STEP][PASSED] - click: Object: 'Object Repository/ADMIN/Categories/Category/dropdown_Parent' is clicked on

2019-05-15 08:41:12 - [MESSAGE][PASSED] - Object: 'Object Repository/ADMIN/Categories/Category/dropdown_Parent' is clicked on

2019-05-15 08:41:12 - [TEST_STEP][PASSED] - selectOptionByLabel: All options with label 'Category 2.4' are selected in object 'Object Repository/ADMIN/Categories/Category/dropdown_Parent' 

2019-05-15 08:41:12 - [MESSAGE][PASSED] - All options with label 'Category 2.4' are selected in object 'Object Repository/ADMIN/Categories/Category/dropdown_Parent' 

2019-05-15 08:41:12 - [TEST_STEP][PASSED] - click: Object: 'Object Repository/ADMIN/Categories/Category/button_Browse' is clicked on

2019-05-15 08:41:12 - [MESSAGE][PASSED] - Object: 'Object Repository/ADMIN/Categories/Category/button_Browse' is clicked on

2019-05-15 08:41:12 - [TEST_STEP][PASSED] - delay: Delayed 1 second(s)

2019-05-15 08:41:13 - [MESSAGE][PASSED] - Delayed 1 second(s)

2019-05-15 08:41:13 - [TEST_STEP][PASSED] - uploadFile: File 'C:\\Katalon\\Image\\pic12.jpg' sent to object: 'Object Repository/ADMIN/Categories/Category/image_input image'

2019-05-15 08:41:13 - [MESSAGE][PASSED] - File 'C:\\Katalon\\Image\\pic12.jpg' sent to object: 'Object Repository/ADMIN/Categories/Category/image_input image'

2019-05-15 08:41:13 - [TEST_STEP][PASSED] - waitForElementVisible: Object 'Object Repository/ADMIN/Categories/Category/button_upload check' is visible

2019-05-15 08:41:13 - [MESSAGE][WARNING] - Timeout '0' is invalid. Using default page load timeout: '30'

2019-05-15 08:41:13 - [MESSAGE][PASSED] - Object 'Object Repository/ADMIN/Categories/Category/button_upload check' is visible

2019-05-15 08:41:13 - [TEST_STEP][PASSED] - click: Object: 'Object Repository/ADMIN/Categories/Category/button_upload check' is clicked on

2019-05-15 08:41:14 - [MESSAGE][PASSED] - Object: 'Object Repository/ADMIN/Categories/Category/button_upload check' is clicked on

2019-05-15 08:41:14 - [TEST_STEP][PASSED] - click: Object: 'Object Repository/ADMIN/Categories/Category/button_upload save' is clicked on

2019-05-15 08:41:14 - [MESSAGE][PASSED] - Object: 'Object Repository/ADMIN/Categories/Category/button_upload save' is clicked on

2019-05-15 08:41:14 - [TEST_STEP][PASSED] - waitForElementVisible: Object 'Object Repository/ADMIN/Categories/Category/button_upload save' is visible

2019-05-15 08:41:14 - [MESSAGE][WARNING] - Timeout '0' is invalid. Using default page load timeout: '30'

2019-05-15 08:41:14 - [MESSAGE][PASSED] - Object 'Object Repository/ADMIN/Categories/Category/button_upload save' is visible

2019-05-15 08:41:14 - [TEST_STEP][PASSED] - setText: Text 'Description25' is set on object 'Object Repository/ADMIN/Categories/Category/textfield_category_description'

2019-05-15 08:41:14 - [MESSAGE][PASSED] - Text 'Description25' is set on object 'Object Repository/ADMIN/Categories/Category/textfield_category_description'

2019-05-15 08:41:14 - [TEST_STEP][PASSED] - click: Object: 'Object Repository/ADMIN/Categories/Category/button_Save' is clicked on

2019-05-15 08:41:14 - [MESSAGE][PASSED] - Object: 'Object Repository/ADMIN/Categories/Category/button_Save' is clicked on

2019-05-15 08:41:14 - [TEST_STEP][PASSED] - waitForElementVisible: Object 'Object Repository/ADMIN/Categories/Category/label_edit popup' is visible

2019-05-15 08:41:14 - [MESSAGE][WARNING] - Timeout '0' is invalid. Using default page load timeout: '30'

2019-05-15 08:41:25 - [MESSAGE][PASSED] - Object 'Object Repository/ADMIN/Categories/Category/label_edit popup' is visible

2019-05-15 08:41:25 - [TEST_STEP][PASSED] - waitForElementNotPresent: Web element with id: 'Object Repository/ADMIN/Categories/Category/label_edit popup' located by 'By.xpath: //div[(text() = 'Category was successfully saved.' or . = 'Category was successfully saved.')]' is not present after '30' second(s)

2019-05-15 08:41:25 - [MESSAGE][WARNING] - Timeout '0' is invalid. Using default page load timeout: '30'

2019-05-15 08:41:30 - [MESSAGE][PASSED] - Web element with id: 'Object Repository/ADMIN/Categories/Category/label_edit popup' located by 'By.xpath: //div[(text() = 'Category was successfully saved.' or . = 'Category was successfully saved.')]' is not present after '30' second(s)]]></system-out>
         <system-err><![CDATA[]]></system-err>
      </testcase>
      <testcase name="Test Cases/ADMIN/Content Mgmt/Categories/Category Add-Edit/Add Category" classname="Test Cases/ADMIN/Content Mgmt/Categories/Category Add-Edit/Add Category" status="PASSED">
         <system-out><![CDATA[2019-05-15 08:41:30 - [TEST_CASE][PASSED] - Test Cases/ADMIN/Content Mgmt/Categories/Category Add-Edit/Add Category: Test Cases/ADMIN/Content Mgmt/Categories/Category Add-Edit/Add Category

2019-05-15 08:41:30 - [TEST_STEP][PASSED] - waitForElementVisible: Object 'Object Repository/ADMIN/Categories/Category List/button_Content Mgmt' is visible

2019-05-15 08:41:30 - [MESSAGE][WARNING] - Timeout '0' is invalid. Using default page load timeout: '30'

2019-05-15 08:41:30 - [MESSAGE][PASSED] - Object 'Object Repository/ADMIN/Categories/Category List/button_Content Mgmt' is visible

2019-05-15 08:41:30 - [TEST_STEP][PASSED] - click: Object: 'Object Repository/ADMIN/Categories/Category List/button_Content Mgmt' is clicked on

2019-05-15 08:41:30 - [MESSAGE][PASSED] - Object: 'Object Repository/ADMIN/Categories/Category List/button_Content Mgmt' is clicked on

2019-05-15 08:41:30 - [TEST_STEP][PASSED] - waitForElementVisible: Object 'Object Repository/ADMIN/Categories/Category List/button_Categories' is visible

2019-05-15 08:41:30 - [MESSAGE][WARNING] - Timeout '0' is invalid. Using default page load timeout: '30'

2019-05-15 08:41:31 - [MESSAGE][PASSED] - Object 'Object Repository/ADMIN/Categories/Category List/button_Categories' is visible

2019-05-15 08:41:31 - [TEST_STEP][PASSED] - click: Object: 'Object Repository/ADMIN/Categories/Category List/button_Categories' is clicked on

2019-05-15 08:41:41 - [MESSAGE][PASSED] - Object: 'Object Repository/ADMIN/Categories/Category List/button_Categories' is clicked on

2019-05-15 08:41:41 - [TEST_STEP][PASSED] - waitForPageLoad: Wait for page load successfully

2019-05-15 08:41:41 - [MESSAGE][WARNING] - Timeout '0' is invalid. Using default page load timeout: '30'

2019-05-15 08:41:41 - [MESSAGE][PASSED] - Wait for page load successfully

2019-05-15 08:41:41 - [TEST_STEP][PASSED] - click: Object: 'Object Repository/ADMIN/Categories/Category List/button_Add a Category' is clicked on

2019-05-15 08:41:42 - [MESSAGE][PASSED] - Object: 'Object Repository/ADMIN/Categories/Category List/button_Add a Category' is clicked on

2019-05-15 08:41:42 - [TEST_STEP][PASSED] - waitForElementPresent: Object 'Object Repository/ADMIN/Categories/Category/dropdown_Parent' is present

2019-05-15 08:41:42 - [MESSAGE][PASSED] - Object 'Object Repository/ADMIN/Categories/Category/dropdown_Parent' is present

2019-05-15 08:41:42 - [TEST_STEP][PASSED] - delay: Delayed 1 second(s)

2019-05-15 08:41:43 - [MESSAGE][PASSED] - Delayed 1 second(s)

2019-05-15 08:41:43 - [TEST_STEP][PASSED] - setText: Text 'Category 2.4.3' is set on object 'Object Repository/ADMIN/Categories/Category/textfield_Category Name'

2019-05-15 08:41:43 - [MESSAGE][PASSED] - Text 'Category 2.4.3' is set on object 'Object Repository/ADMIN/Categories/Category/textfield_Category Name'

2019-05-15 08:41:43 - [TEST_STEP][PASSED] - click: Object: 'Object Repository/ADMIN/Categories/Category/dropdown_Parent' is clicked on

2019-05-15 08:41:43 - [MESSAGE][PASSED] - Object: 'Object Repository/ADMIN/Categories/Category/dropdown_Parent' is clicked on

2019-05-15 08:41:43 - [TEST_STEP][PASSED] - delay: Delayed 2 second(s)

2019-05-15 08:41:45 - [MESSAGE][PASSED] - Delayed 2 second(s)

2019-05-15 08:41:45 - [TEST_STEP][PASSED] - click: Object: 'Object Repository/ADMIN/Categories/Category/dropdown_Parent' is clicked on

2019-05-15 08:41:45 - [MESSAGE][PASSED] - Object: 'Object Repository/ADMIN/Categories/Category/dropdown_Parent' is clicked on

2019-05-15 08:41:45 - [TEST_STEP][PASSED] - selectOptionByLabel: All options with label 'Category 2.4' are selected in object 'Object Repository/ADMIN/Categories/Category/dropdown_Parent' 

2019-05-15 08:41:45 - [MESSAGE][PASSED] - All options with label 'Category 2.4' are selected in object 'Object Repository/ADMIN/Categories/Category/dropdown_Parent' 

2019-05-15 08:41:45 - [TEST_STEP][PASSED] - click: Object: 'Object Repository/ADMIN/Categories/Category/button_Browse' is clicked on

2019-05-15 08:41:45 - [MESSAGE][PASSED] - Object: 'Object Repository/ADMIN/Categories/Category/button_Browse' is clicked on

2019-05-15 08:41:45 - [TEST_STEP][PASSED] - delay: Delayed 1 second(s)

2019-05-15 08:41:46 - [MESSAGE][PASSED] - Delayed 1 second(s)

2019-05-15 08:41:46 - [TEST_STEP][PASSED] - uploadFile: File 'C:\\Katalon\\Image\\pic1.jpg' sent to object: 'Object Repository/ADMIN/Categories/Category/image_input image'

2019-05-15 08:41:46 - [MESSAGE][PASSED] - File 'C:\\Katalon\\Image\\pic1.jpg' sent to object: 'Object Repository/ADMIN/Categories/Category/image_input image'

2019-05-15 08:41:46 - [TEST_STEP][PASSED] - waitForElementVisible: Object 'Object Repository/ADMIN/Categories/Category/button_upload check' is visible

2019-05-15 08:41:46 - [MESSAGE][WARNING] - Timeout '0' is invalid. Using default page load timeout: '30'

2019-05-15 08:41:46 - [MESSAGE][PASSED] - Object 'Object Repository/ADMIN/Categories/Category/button_upload check' is visible

2019-05-15 08:41:46 - [TEST_STEP][PASSED] - click: Object: 'Object Repository/ADMIN/Categories/Category/button_upload check' is clicked on

2019-05-15 08:41:47 - [MESSAGE][PASSED] - Object: 'Object Repository/ADMIN/Categories/Category/button_upload check' is clicked on

2019-05-15 08:41:47 - [TEST_STEP][PASSED] - click: Object: 'Object Repository/ADMIN/Categories/Category/button_upload save' is clicked on

2019-05-15 08:41:47 - [MESSAGE][PASSED] - Object: 'Object Repository/ADMIN/Categories/Category/button_upload save' is clicked on

2019-05-15 08:41:47 - [TEST_STEP][PASSED] - waitForElementVisible: Object 'Object Repository/ADMIN/Categories/Category/button_upload save' is visible

2019-05-15 08:41:47 - [MESSAGE][WARNING] - Timeout '0' is invalid. Using default page load timeout: '30'

2019-05-15 08:41:47 - [MESSAGE][PASSED] - Object 'Object Repository/ADMIN/Categories/Category/button_upload save' is visible

2019-05-15 08:41:47 - [TEST_STEP][PASSED] - setText: Text 'Description26' is set on object 'Object Repository/ADMIN/Categories/Category/textfield_category_description'

2019-05-15 08:41:47 - [MESSAGE][PASSED] - Text 'Description26' is set on object 'Object Repository/ADMIN/Categories/Category/textfield_category_description'

2019-05-15 08:41:47 - [TEST_STEP][PASSED] - click: Object: 'Object Repository/ADMIN/Categories/Category/button_Save' is clicked on

2019-05-15 08:41:47 - [MESSAGE][PASSED] - Object: 'Object Repository/ADMIN/Categories/Category/button_Save' is clicked on

2019-05-15 08:41:47 - [TEST_STEP][PASSED] - waitForElementVisible: Object 'Object Repository/ADMIN/Categories/Category/label_edit popup' is visible

2019-05-15 08:41:47 - [MESSAGE][WARNING] - Timeout '0' is invalid. Using default page load timeout: '30'

2019-05-15 08:41:51 - [MESSAGE][PASSED] - Object 'Object Repository/ADMIN/Categories/Category/label_edit popup' is visible

2019-05-15 08:41:51 - [TEST_STEP][PASSED] - waitForElementNotPresent: Web element with id: 'Object Repository/ADMIN/Categories/Category/label_edit popup' located by 'By.xpath: //div[(text() = 'Category was successfully saved.' or . = 'Category was successfully saved.')]' is not present after '30' second(s)

2019-05-15 08:41:51 - [MESSAGE][WARNING] - Timeout '0' is invalid. Using default page load timeout: '30'

2019-05-15 08:41:58 - [MESSAGE][PASSED] - Web element with id: 'Object Repository/ADMIN/Categories/Category/label_edit popup' located by 'By.xpath: //div[(text() = 'Category was successfully saved.' or . = 'Category was successfully saved.')]' is not present after '30' second(s)]]></system-out>
         <system-err><![CDATA[]]></system-err>
      </testcase>
      <testcase name="Test Cases/ADMIN/Content Mgmt/Categories/Category Add-Edit/Add Category" classname="Test Cases/ADMIN/Content Mgmt/Categories/Category Add-Edit/Add Category" status="PASSED">
         <system-out><![CDATA[2019-05-15 08:41:58 - [TEST_CASE][PASSED] - Test Cases/ADMIN/Content Mgmt/Categories/Category Add-Edit/Add Category: Test Cases/ADMIN/Content Mgmt/Categories/Category Add-Edit/Add Category

2019-05-15 08:41:58 - [TEST_STEP][PASSED] - waitForElementVisible: Object 'Object Repository/ADMIN/Categories/Category List/button_Content Mgmt' is visible

2019-05-15 08:41:58 - [MESSAGE][WARNING] - Timeout '0' is invalid. Using default page load timeout: '30'

2019-05-15 08:41:58 - [MESSAGE][PASSED] - Object 'Object Repository/ADMIN/Categories/Category List/button_Content Mgmt' is visible

2019-05-15 08:41:58 - [TEST_STEP][PASSED] - click: Object: 'Object Repository/ADMIN/Categories/Category List/button_Content Mgmt' is clicked on

2019-05-15 08:41:58 - [MESSAGE][PASSED] - Object: 'Object Repository/ADMIN/Categories/Category List/button_Content Mgmt' is clicked on

2019-05-15 08:41:58 - [TEST_STEP][PASSED] - waitForElementVisible: Object 'Object Repository/ADMIN/Categories/Category List/button_Categories' is visible

2019-05-15 08:41:58 - [MESSAGE][WARNING] - Timeout '0' is invalid. Using default page load timeout: '30'

2019-05-15 08:41:58 - [MESSAGE][PASSED] - Object 'Object Repository/ADMIN/Categories/Category List/button_Categories' is visible

2019-05-15 08:41:58 - [TEST_STEP][PASSED] - click: Object: 'Object Repository/ADMIN/Categories/Category List/button_Categories' is clicked on

2019-05-15 08:42:06 - [MESSAGE][PASSED] - Object: 'Object Repository/ADMIN/Categories/Category List/button_Categories' is clicked on

2019-05-15 08:42:06 - [TEST_STEP][PASSED] - waitForPageLoad: Wait for page load successfully

2019-05-15 08:42:06 - [MESSAGE][WARNING] - Timeout '0' is invalid. Using default page load timeout: '30'

2019-05-15 08:42:06 - [MESSAGE][PASSED] - Wait for page load successfully

2019-05-15 08:42:06 - [TEST_STEP][PASSED] - click: Object: 'Object Repository/ADMIN/Categories/Category List/button_Add a Category' is clicked on

2019-05-15 08:42:06 - [MESSAGE][PASSED] - Object: 'Object Repository/ADMIN/Categories/Category List/button_Add a Category' is clicked on

2019-05-15 08:42:06 - [TEST_STEP][PASSED] - waitForElementPresent: Object 'Object Repository/ADMIN/Categories/Category/dropdown_Parent' is present

2019-05-15 08:42:06 - [MESSAGE][PASSED] - Object 'Object Repository/ADMIN/Categories/Category/dropdown_Parent' is present

2019-05-15 08:42:06 - [TEST_STEP][PASSED] - delay: Delayed 1 second(s)

2019-05-15 08:42:07 - [MESSAGE][PASSED] - Delayed 1 second(s)

2019-05-15 08:42:07 - [TEST_STEP][PASSED] - setText: Text 'Category 2.5' is set on object 'Object Repository/ADMIN/Categories/Category/textfield_Category Name'

2019-05-15 08:42:07 - [MESSAGE][PASSED] - Text 'Category 2.5' is set on object 'Object Repository/ADMIN/Categories/Category/textfield_Category Name'

2019-05-15 08:42:07 - [TEST_STEP][PASSED] - click: Object: 'Object Repository/ADMIN/Categories/Category/dropdown_Parent' is clicked on

2019-05-15 08:42:08 - [MESSAGE][PASSED] - Object: 'Object Repository/ADMIN/Categories/Category/dropdown_Parent' is clicked on

2019-05-15 08:42:08 - [TEST_STEP][PASSED] - delay: Delayed 2 second(s)

2019-05-15 08:42:10 - [MESSAGE][PASSED] - Delayed 2 second(s)

2019-05-15 08:42:10 - [TEST_STEP][PASSED] - click: Object: 'Object Repository/ADMIN/Categories/Category/dropdown_Parent' is clicked on

2019-05-15 08:42:10 - [MESSAGE][PASSED] - Object: 'Object Repository/ADMIN/Categories/Category/dropdown_Parent' is clicked on

2019-05-15 08:42:10 - [TEST_STEP][PASSED] - selectOptionByLabel: All options with label 'Category 2' are selected in object 'Object Repository/ADMIN/Categories/Category/dropdown_Parent' 

2019-05-15 08:42:10 - [MESSAGE][PASSED] - All options with label 'Category 2' are selected in object 'Object Repository/ADMIN/Categories/Category/dropdown_Parent' 

2019-05-15 08:42:10 - [TEST_STEP][PASSED] - click: Object: 'Object Repository/ADMIN/Categories/Category/button_Browse' is clicked on

2019-05-15 08:42:10 - [MESSAGE][PASSED] - Object: 'Object Repository/ADMIN/Categories/Category/button_Browse' is clicked on

2019-05-15 08:42:10 - [TEST_STEP][PASSED] - delay: Delayed 1 second(s)

2019-05-15 08:42:11 - [MESSAGE][PASSED] - Delayed 1 second(s)

2019-05-15 08:42:11 - [TEST_STEP][PASSED] - uploadFile: File 'C:\\Katalon\\Image\\pic2.jpg' sent to object: 'Object Repository/ADMIN/Categories/Category/image_input image'

2019-05-15 08:42:11 - [MESSAGE][PASSED] - File 'C:\\Katalon\\Image\\pic2.jpg' sent to object: 'Object Repository/ADMIN/Categories/Category/image_input image'

2019-05-15 08:42:11 - [TEST_STEP][PASSED] - waitForElementVisible: Object 'Object Repository/ADMIN/Categories/Category/button_upload check' is visible

2019-05-15 08:42:11 - [MESSAGE][WARNING] - Timeout '0' is invalid. Using default page load timeout: '30'

2019-05-15 08:42:11 - [MESSAGE][PASSED] - Object 'Object Repository/ADMIN/Categories/Category/button_upload check' is visible

2019-05-15 08:42:11 - [TEST_STEP][PASSED] - click: Object: 'Object Repository/ADMIN/Categories/Category/button_upload check' is clicked on

2019-05-15 08:42:11 - [MESSAGE][PASSED] - Object: 'Object Repository/ADMIN/Categories/Category/button_upload check' is clicked on

2019-05-15 08:42:11 - [TEST_STEP][PASSED] - click: Object: 'Object Repository/ADMIN/Categories/Category/button_upload save' is clicked on

2019-05-15 08:42:11 - [MESSAGE][PASSED] - Object: 'Object Repository/ADMIN/Categories/Category/button_upload save' is clicked on

2019-05-15 08:42:11 - [TEST_STEP][PASSED] - waitForElementVisible: Object 'Object Repository/ADMIN/Categories/Category/button_upload save' is visible

2019-05-15 08:42:11 - [MESSAGE][WARNING] - Timeout '0' is invalid. Using default page load timeout: '30'

2019-05-15 08:42:11 - [MESSAGE][PASSED] - Object 'Object Repository/ADMIN/Categories/Category/button_upload save' is visible

2019-05-15 08:42:11 - [TEST_STEP][PASSED] - setText: Text 'Description27' is set on object 'Object Repository/ADMIN/Categories/Category/textfield_category_description'

2019-05-15 08:42:11 - [MESSAGE][PASSED] - Text 'Description27' is set on object 'Object Repository/ADMIN/Categories/Category/textfield_category_description'

2019-05-15 08:42:11 - [TEST_STEP][PASSED] - click: Object: 'Object Repository/ADMIN/Categories/Category/button_Save' is clicked on

2019-05-15 08:42:11 - [MESSAGE][PASSED] - Object: 'Object Repository/ADMIN/Categories/Category/button_Save' is clicked on

2019-05-15 08:42:11 - [TEST_STEP][PASSED] - waitForElementVisible: Object 'Object Repository/ADMIN/Categories/Category/label_edit popup' is visible

2019-05-15 08:42:11 - [MESSAGE][WARNING] - Timeout '0' is invalid. Using default page load timeout: '30'

2019-05-15 08:42:12 - [MESSAGE][PASSED] - Object 'Object Repository/ADMIN/Categories/Category/label_edit popup' is visible

2019-05-15 08:42:12 - [TEST_STEP][PASSED] - waitForElementNotPresent: Web element with id: 'Object Repository/ADMIN/Categories/Category/label_edit popup' located by 'By.xpath: //div[(text() = 'Category was successfully saved.' or . = 'Category was successfully saved.')]' is not present after '30' second(s)

2019-05-15 08:42:12 - [MESSAGE][WARNING] - Timeout '0' is invalid. Using default page load timeout: '30'

2019-05-15 08:42:18 - [MESSAGE][PASSED] - Web element with id: 'Object Repository/ADMIN/Categories/Category/label_edit popup' located by 'By.xpath: //div[(text() = 'Category was successfully saved.' or . = 'Category was successfully saved.')]' is not present after '30' second(s)]]></system-out>
         <system-err><![CDATA[]]></system-err>
      </testcase>
      <testcase name="Test Cases/ADMIN/Content Mgmt/Categories/Category Add-Edit/Add Category" classname="Test Cases/ADMIN/Content Mgmt/Categories/Category Add-Edit/Add Category" status="PASSED">
         <system-out><![CDATA[2019-05-15 08:42:18 - [TEST_CASE][PASSED] - Test Cases/ADMIN/Content Mgmt/Categories/Category Add-Edit/Add Category: Test Cases/ADMIN/Content Mgmt/Categories/Category Add-Edit/Add Category

2019-05-15 08:42:18 - [TEST_STEP][PASSED] - waitForElementVisible: Object 'Object Repository/ADMIN/Categories/Category List/button_Content Mgmt' is visible

2019-05-15 08:42:18 - [MESSAGE][WARNING] - Timeout '0' is invalid. Using default page load timeout: '30'

2019-05-15 08:42:18 - [MESSAGE][PASSED] - Object 'Object Repository/ADMIN/Categories/Category List/button_Content Mgmt' is visible

2019-05-15 08:42:18 - [TEST_STEP][PASSED] - click: Object: 'Object Repository/ADMIN/Categories/Category List/button_Content Mgmt' is clicked on

2019-05-15 08:42:18 - [MESSAGE][PASSED] - Object: 'Object Repository/ADMIN/Categories/Category List/button_Content Mgmt' is clicked on

2019-05-15 08:42:18 - [TEST_STEP][PASSED] - waitForElementVisible: Object 'Object Repository/ADMIN/Categories/Category List/button_Categories' is visible

2019-05-15 08:42:18 - [MESSAGE][WARNING] - Timeout '0' is invalid. Using default page load timeout: '30'

2019-05-15 08:42:18 - [MESSAGE][PASSED] - Object 'Object Repository/ADMIN/Categories/Category List/button_Categories' is visible

2019-05-15 08:42:18 - [TEST_STEP][PASSED] - click: Object: 'Object Repository/ADMIN/Categories/Category List/button_Categories' is clicked on

2019-05-15 08:42:39 - [MESSAGE][PASSED] - Object: 'Object Repository/ADMIN/Categories/Category List/button_Categories' is clicked on

2019-05-15 08:42:39 - [TEST_STEP][PASSED] - waitForPageLoad: Wait for page load successfully

2019-05-15 08:42:39 - [MESSAGE][WARNING] - Timeout '0' is invalid. Using default page load timeout: '30'

2019-05-15 08:42:39 - [MESSAGE][PASSED] - Wait for page load successfully

2019-05-15 08:42:39 - [TEST_STEP][PASSED] - click: Object: 'Object Repository/ADMIN/Categories/Category List/button_Add a Category' is clicked on

2019-05-15 08:42:40 - [MESSAGE][PASSED] - Object: 'Object Repository/ADMIN/Categories/Category List/button_Add a Category' is clicked on

2019-05-15 08:42:40 - [TEST_STEP][PASSED] - waitForElementPresent: Object 'Object Repository/ADMIN/Categories/Category/dropdown_Parent' is present

2019-05-15 08:42:40 - [MESSAGE][PASSED] - Object 'Object Repository/ADMIN/Categories/Category/dropdown_Parent' is present

2019-05-15 08:42:40 - [TEST_STEP][PASSED] - delay: Delayed 1 second(s)

2019-05-15 08:42:41 - [MESSAGE][PASSED] - Delayed 1 second(s)

2019-05-15 08:42:41 - [TEST_STEP][PASSED] - setText: Text 'Category 2.6' is set on object 'Object Repository/ADMIN/Categories/Category/textfield_Category Name'

2019-05-15 08:42:41 - [MESSAGE][PASSED] - Text 'Category 2.6' is set on object 'Object Repository/ADMIN/Categories/Category/textfield_Category Name'

2019-05-15 08:42:41 - [TEST_STEP][PASSED] - click: Object: 'Object Repository/ADMIN/Categories/Category/dropdown_Parent' is clicked on

2019-05-15 08:42:41 - [MESSAGE][PASSED] - Object: 'Object Repository/ADMIN/Categories/Category/dropdown_Parent' is clicked on

2019-05-15 08:42:41 - [TEST_STEP][PASSED] - delay: Delayed 2 second(s)

2019-05-15 08:42:43 - [MESSAGE][PASSED] - Delayed 2 second(s)

2019-05-15 08:42:43 - [TEST_STEP][PASSED] - click: Object: 'Object Repository/ADMIN/Categories/Category/dropdown_Parent' is clicked on

2019-05-15 08:42:43 - [MESSAGE][PASSED] - Object: 'Object Repository/ADMIN/Categories/Category/dropdown_Parent' is clicked on

2019-05-15 08:42:43 - [TEST_STEP][PASSED] - selectOptionByLabel: All options with label 'Category 2' are selected in object 'Object Repository/ADMIN/Categories/Category/dropdown_Parent' 

2019-05-15 08:42:43 - [MESSAGE][PASSED] - All options with label 'Category 2' are selected in object 'Object Repository/ADMIN/Categories/Category/dropdown_Parent' 

2019-05-15 08:42:43 - [TEST_STEP][PASSED] - click: Object: 'Object Repository/ADMIN/Categories/Category/button_Browse' is clicked on

2019-05-15 08:42:43 - [MESSAGE][PASSED] - Object: 'Object Repository/ADMIN/Categories/Category/button_Browse' is clicked on

2019-05-15 08:42:43 - [TEST_STEP][PASSED] - delay: Delayed 1 second(s)

2019-05-15 08:42:44 - [MESSAGE][PASSED] - Delayed 1 second(s)

2019-05-15 08:42:44 - [TEST_STEP][PASSED] - uploadFile: File 'C:\\Katalon\\Image\\pic3.jpg' sent to object: 'Object Repository/ADMIN/Categories/Category/image_input image'

2019-05-15 08:42:44 - [MESSAGE][PASSED] - File 'C:\\Katalon\\Image\\pic3.jpg' sent to object: 'Object Repository/ADMIN/Categories/Category/image_input image'

2019-05-15 08:42:44 - [TEST_STEP][PASSED] - waitForElementVisible: Object 'Object Repository/ADMIN/Categories/Category/button_upload check' is visible

2019-05-15 08:42:44 - [MESSAGE][WARNING] - Timeout '0' is invalid. Using default page load timeout: '30'

2019-05-15 08:42:44 - [MESSAGE][PASSED] - Object 'Object Repository/ADMIN/Categories/Category/button_upload check' is visible

2019-05-15 08:42:44 - [TEST_STEP][PASSED] - click: Object: 'Object Repository/ADMIN/Categories/Category/button_upload check' is clicked on

2019-05-15 08:42:44 - [MESSAGE][PASSED] - Object: 'Object Repository/ADMIN/Categories/Category/button_upload check' is clicked on

2019-05-15 08:42:44 - [TEST_STEP][PASSED] - click: Object: 'Object Repository/ADMIN/Categories/Category/button_upload save' is clicked on

2019-05-15 08:42:44 - [MESSAGE][PASSED] - Object: 'Object Repository/ADMIN/Categories/Category/button_upload save' is clicked on

2019-05-15 08:42:44 - [TEST_STEP][PASSED] - waitForElementVisible: Object 'Object Repository/ADMIN/Categories/Category/button_upload save' is visible

2019-05-15 08:42:44 - [MESSAGE][WARNING] - Timeout '0' is invalid. Using default page load timeout: '30'

2019-05-15 08:42:44 - [MESSAGE][PASSED] - Object 'Object Repository/ADMIN/Categories/Category/button_upload save' is visible

2019-05-15 08:42:44 - [TEST_STEP][PASSED] - setText: Text 'Description28' is set on object 'Object Repository/ADMIN/Categories/Category/textfield_category_description'

2019-05-15 08:42:45 - [MESSAGE][PASSED] - Text 'Description28' is set on object 'Object Repository/ADMIN/Categories/Category/textfield_category_description'

2019-05-15 08:42:45 - [TEST_STEP][PASSED] - click: Object: 'Object Repository/ADMIN/Categories/Category/button_Save' is clicked on

2019-05-15 08:42:45 - [MESSAGE][PASSED] - Object: 'Object Repository/ADMIN/Categories/Category/button_Save' is clicked on

2019-05-15 08:42:45 - [TEST_STEP][PASSED] - waitForElementVisible: Object 'Object Repository/ADMIN/Categories/Category/label_edit popup' is visible

2019-05-15 08:42:45 - [MESSAGE][WARNING] - Timeout '0' is invalid. Using default page load timeout: '30'

2019-05-15 08:42:47 - [MESSAGE][PASSED] - Object 'Object Repository/ADMIN/Categories/Category/label_edit popup' is visible

2019-05-15 08:42:47 - [TEST_STEP][PASSED] - waitForElementNotPresent: Web element with id: 'Object Repository/ADMIN/Categories/Category/label_edit popup' located by 'By.xpath: //div[(text() = 'Category was successfully saved.' or . = 'Category was successfully saved.')]' is not present after '30' second(s)

2019-05-15 08:42:47 - [MESSAGE][WARNING] - Timeout '0' is invalid. Using default page load timeout: '30'

2019-05-15 08:42:53 - [MESSAGE][PASSED] - Web element with id: 'Object Repository/ADMIN/Categories/Category/label_edit popup' located by 'By.xpath: //div[(text() = 'Category was successfully saved.' or . = 'Category was successfully saved.')]' is not present after '30' second(s)]]></system-out>
         <system-err><![CDATA[]]></system-err>
      </testcase>
      <testcase name="Test Cases/ADMIN/Content Mgmt/Categories/Category Add-Edit/Add Category" classname="Test Cases/ADMIN/Content Mgmt/Categories/Category Add-Edit/Add Category" status="FAILED">
         <failure type="FAILED" message="Unable to select option by label 'Category 2.6' of object 'Object Repository/ADMIN/Categories/Category/dropdown_Parent'  (Root cause: org.openqa.selenium.NoSuchElementException: Cannot locate element with text: Category 2.6
For documentation on this error, please visit: http://seleniumhq.org/exceptions/no_such_element.html
Build info: version: '3.7.1', revision: '8a0099a', time: '2017-11-06T21:07:36.161Z'
System info: host: 'ARCADIER-PC', ip: '10.10.31.95', os.name: 'Windows 7', os.arch: 'amd64', os.version: '6.1', java.version: '1.8.0_102'
Driver info: driver.version: unknown)"/>
         <system-out><![CDATA[2019-05-15 08:42:53 - [TEST_CASE][FAILED] - Test Cases/ADMIN/Content Mgmt/Categories/Category Add-Edit/Add Category: Test Cases/ADMIN/Content Mgmt/Categories/Category Add-Edit/Add Category FAILED because (of) Unable to select option by label 'Category 2.6' of object 'Object Repository/ADMIN/Categories/Category/dropdown_Parent'  (Root cause: org.openqa.selenium.NoSuchElementException: Cannot locate element with text: Category 2.6
For documentation on this error, please visit: http://seleniumhq.org/exceptions/no_such_element.html
Build info: version: '3.7.1', revision: '8a0099a', time: '2017-11-06T21:07:36.161Z'
System info: host: 'ARCADIER-PC', ip: '10.10.31.95', os.name: 'Windows 7', os.arch: 'amd64', os.version: '6.1', java.version: '1.8.0_102'
Driver info: driver.version: unknown)

2019-05-15 08:42:53 - [TEST_STEP][PASSED] - waitForElementVisible: Object 'Object Repository/ADMIN/Categories/Category List/button_Content Mgmt' is visible

2019-05-15 08:42:53 - [MESSAGE][WARNING] - Timeout '0' is invalid. Using default page load timeout: '30'

2019-05-15 08:42:53 - [MESSAGE][PASSED] - Object 'Object Repository/ADMIN/Categories/Category List/button_Content Mgmt' is visible

2019-05-15 08:42:53 - [TEST_STEP][PASSED] - click: Object: 'Object Repository/ADMIN/Categories/Category List/button_Content Mgmt' is clicked on

2019-05-15 08:42:53 - [MESSAGE][PASSED] - Object: 'Object Repository/ADMIN/Categories/Category List/button_Content Mgmt' is clicked on

2019-05-15 08:42:53 - [TEST_STEP][PASSED] - waitForElementVisible: Object 'Object Repository/ADMIN/Categories/Category List/button_Categories' is visible

2019-05-15 08:42:53 - [MESSAGE][WARNING] - Timeout '0' is invalid. Using default page load timeout: '30'

2019-05-15 08:42:53 - [MESSAGE][PASSED] - Object 'Object Repository/ADMIN/Categories/Category List/button_Categories' is visible

2019-05-15 08:42:53 - [TEST_STEP][PASSED] - click: Object: 'Object Repository/ADMIN/Categories/Category List/button_Categories' is clicked on

2019-05-15 08:43:08 - [MESSAGE][PASSED] - Object: 'Object Repository/ADMIN/Categories/Category List/button_Categories' is clicked on

2019-05-15 08:43:08 - [TEST_STEP][PASSED] - waitForPageLoad: Wait for page load successfully

2019-05-15 08:43:08 - [MESSAGE][WARNING] - Timeout '0' is invalid. Using default page load timeout: '30'

2019-05-15 08:43:08 - [MESSAGE][PASSED] - Wait for page load successfully

2019-05-15 08:43:08 - [TEST_STEP][PASSED] - click: Object: 'Object Repository/ADMIN/Categories/Category List/button_Add a Category' is clicked on

2019-05-15 08:43:08 - [MESSAGE][PASSED] - Object: 'Object Repository/ADMIN/Categories/Category List/button_Add a Category' is clicked on

2019-05-15 08:43:08 - [TEST_STEP][PASSED] - waitForElementPresent: Object 'Object Repository/ADMIN/Categories/Category/dropdown_Parent' is present

2019-05-15 08:43:08 - [MESSAGE][PASSED] - Object 'Object Repository/ADMIN/Categories/Category/dropdown_Parent' is present

2019-05-15 08:43:08 - [TEST_STEP][PASSED] - delay: Delayed 1 second(s)

2019-05-15 08:43:09 - [MESSAGE][PASSED] - Delayed 1 second(s)

2019-05-15 08:43:09 - [TEST_STEP][PASSED] - setText: Text 'Category 2.6.1' is set on object 'Object Repository/ADMIN/Categories/Category/textfield_Category Name'

2019-05-15 08:43:09 - [MESSAGE][PASSED] - Text 'Category 2.6.1' is set on object 'Object Repository/ADMIN/Categories/Category/textfield_Category Name'

2019-05-15 08:43:09 - [TEST_STEP][PASSED] - click: Object: 'Object Repository/ADMIN/Categories/Category/dropdown_Parent' is clicked on

2019-05-15 08:43:09 - [MESSAGE][PASSED] - Object: 'Object Repository/ADMIN/Categories/Category/dropdown_Parent' is clicked on

2019-05-15 08:43:09 - [TEST_STEP][PASSED] - delay: Delayed 2 second(s)

2019-05-15 08:43:11 - [MESSAGE][PASSED] - Delayed 2 second(s)

2019-05-15 08:43:11 - [TEST_STEP][PASSED] - click: Object: 'Object Repository/ADMIN/Categories/Category/dropdown_Parent' is clicked on

2019-05-15 08:43:11 - [MESSAGE][PASSED] - Object: 'Object Repository/ADMIN/Categories/Category/dropdown_Parent' is clicked on

2019-05-15 08:43:11 - [TEST_STEP][FAILED] - selectOptionByLabel: Unable to select option by label 'Category 2.6' of object 'Object Repository/ADMIN/Categories/Category/dropdown_Parent'  (Root cause: org.openqa.selenium.NoSuchElementException: Cannot locate element with text: Category 2.6
For documentation on this error, please visit: http://seleniumhq.org/exceptions/no_such_element.html
Build info: version: '3.7.1', revision: '8a0099a', time: '2017-11-06T21:07:36.161Z'
System info: host: 'ARCADIER-PC', ip: '10.10.31.95', os.name: 'Windows 7', os.arch: 'amd64', os.version: '6.1', java.version: '1.8.0_102'
Driver info: driver.version: unknown)

2019-05-15 08:43:12 - [MESSAGE][FAILED] - Unable to select option by label 'Category 2.6' of object 'Object Repository/ADMIN/Categories/Category/dropdown_Parent'  (Root cause: org.openqa.selenium.NoSuchElementException: Cannot locate element with text: Category 2.6
For documentation on this error, please visit: http://seleniumhq.org/exceptions/no_such_element.html
Build info: version: '3.7.1', revision: '8a0099a', time: '2017-11-06T21:07:36.161Z'
System info: host: 'ARCADIER-PC', ip: '10.10.31.95', os.name: 'Windows 7', os.arch: 'amd64', os.version: '6.1', java.version: '1.8.0_102'
Driver info: driver.version: unknown)
[[ATTACHMENT|C:\\Katalon\\Arctick\\Reports\\Suites\\Admin Add Category\\20190515_083232\\1557880991920.png]]

2019-05-15 08:43:12 - [TEST_STEP][PASSED] - click: Object: 'Object Repository/ADMIN/Categories/Category/button_Browse' is clicked on

2019-05-15 08:43:12 - [MESSAGE][PASSED] - Object: 'Object Repository/ADMIN/Categories/Category/button_Browse' is clicked on

2019-05-15 08:43:12 - [TEST_STEP][PASSED] - delay: Delayed 1 second(s)

2019-05-15 08:43:13 - [MESSAGE][PASSED] - Delayed 1 second(s)

2019-05-15 08:43:13 - [TEST_STEP][PASSED] - uploadFile: File 'C:\\Katalon\\Image\\pic4.jpg' sent to object: 'Object Repository/ADMIN/Categories/Category/image_input image'

2019-05-15 08:43:13 - [MESSAGE][PASSED] - File 'C:\\Katalon\\Image\\pic4.jpg' sent to object: 'Object Repository/ADMIN/Categories/Category/image_input image'

2019-05-15 08:43:13 - [TEST_STEP][PASSED] - waitForElementVisible: Object 'Object Repository/ADMIN/Categories/Category/button_upload check' is visible

2019-05-15 08:43:13 - [MESSAGE][WARNING] - Timeout '0' is invalid. Using default page load timeout: '30'

2019-05-15 08:43:13 - [MESSAGE][PASSED] - Object 'Object Repository/ADMIN/Categories/Category/button_upload check' is visible

2019-05-15 08:43:13 - [TEST_STEP][PASSED] - click: Object: 'Object Repository/ADMIN/Categories/Category/button_upload check' is clicked on

2019-05-15 08:43:13 - [MESSAGE][PASSED] - Object: 'Object Repository/ADMIN/Categories/Category/button_upload check' is clicked on

2019-05-15 08:43:13 - [TEST_STEP][PASSED] - click: Object: 'Object Repository/ADMIN/Categories/Category/button_upload save' is clicked on

2019-05-15 08:43:13 - [MESSAGE][PASSED] - Object: 'Object Repository/ADMIN/Categories/Category/button_upload save' is clicked on

2019-05-15 08:43:13 - [TEST_STEP][PASSED] - waitForElementVisible: Object 'Object Repository/ADMIN/Categories/Category/button_upload save' is visible

2019-05-15 08:43:13 - [MESSAGE][WARNING] - Timeout '0' is invalid. Using default page load timeout: '30'

2019-05-15 08:43:13 - [MESSAGE][PASSED] - Object 'Object Repository/ADMIN/Categories/Category/button_upload save' is visible

2019-05-15 08:43:13 - [TEST_STEP][PASSED] - setText: Text 'Description29' is set on object 'Object Repository/ADMIN/Categories/Category/textfield_category_description'

2019-05-15 08:43:13 - [MESSAGE][PASSED] - Text 'Description29' is set on object 'Object Repository/ADMIN/Categories/Category/textfield_category_description'

2019-05-15 08:43:13 - [TEST_STEP][PASSED] - click: Object: 'Object Repository/ADMIN/Categories/Category/button_Save' is clicked on

2019-05-15 08:43:13 - [MESSAGE][PASSED] - Object: 'Object Repository/ADMIN/Categories/Category/button_Save' is clicked on

2019-05-15 08:43:14 - [TEST_STEP][PASSED] - waitForElementVisible: Object 'Object Repository/ADMIN/Categories/Category/label_edit popup' is visible

2019-05-15 08:43:14 - [MESSAGE][WARNING] - Timeout '0' is invalid. Using default page load timeout: '30'

2019-05-15 08:43:17 - [MESSAGE][PASSED] - Object 'Object Repository/ADMIN/Categories/Category/label_edit popup' is visible

2019-05-15 08:43:17 - [TEST_STEP][PASSED] - waitForElementNotPresent: Web element with id: 'Object Repository/ADMIN/Categories/Category/label_edit popup' located by 'By.xpath: //div[(text() = 'Category was successfully saved.' or . = 'Category was successfully saved.')]' is not present after '30' second(s)

2019-05-15 08:43:17 - [MESSAGE][WARNING] - Timeout '0' is invalid. Using default page load timeout: '30'

2019-05-15 08:43:24 - [MESSAGE][PASSED] - Web element with id: 'Object Repository/ADMIN/Categories/Category/label_edit popup' located by 'By.xpath: //div[(text() = 'Category was successfully saved.' or . = 'Category was successfully saved.')]' is not present after '30' second(s)]]></system-out>
         <system-err><![CDATA[2019-05-15 08:42:53 - [TEST_CASE][FAILED] - Test Cases/ADMIN/Content Mgmt/Categories/Category Add-Edit/Add Category: Test Cases/ADMIN/Content Mgmt/Categories/Category Add-Edit/Add Category FAILED because (of) Unable to select option by label 'Category 2.6' of object 'Object Repository/ADMIN/Categories/Category/dropdown_Parent'  (Root cause: org.openqa.selenium.NoSuchElementException: Cannot locate element with text: Category 2.6
For documentation on this error, please visit: http://seleniumhq.org/exceptions/no_such_element.html
Build info: version: '3.7.1', revision: '8a0099a', time: '2017-11-06T21:07:36.161Z'
System info: host: 'ARCADIER-PC', ip: '10.10.31.95', os.name: 'Windows 7', os.arch: 'amd64', os.version: '6.1', java.version: '1.8.0_102'
Driver info: driver.version: unknown)]]></system-err>
      </testcase>
      <testcase name="Test Cases/ADMIN/Content Mgmt/Categories/Category Add-Edit/Add Category" classname="Test Cases/ADMIN/Content Mgmt/Categories/Category Add-Edit/Add Category" status="FAILED">
         <failure type="FAILED" message="Unable to click on object 'Object Repository/ADMIN/Categories/Category List/button_Categories' (Root cause: org.openqa.selenium.ElementNotVisibleException: element not visible
  (Session info: chrome=74.0.3729.131)
  (Driver info: chromedriver=2.35.528161 (5b82f2d2aae0ca24b877009200ced9065a772e73),platform=Windows NT 6.1.7601 SP1 x86_64) (WARNING: The server did not provide any stacktrace information)
Command duration or timeout: 0 milliseconds
Build info: version: '3.7.1', revision: '8a0099a', time: '2017-11-06T21:07:36.161Z'
System info: host: 'ARCADIER-PC', ip: '10.10.31.95', os.name: 'Windows 7', os.arch: 'amd64', os.version: '6.1', java.version: '1.8.0_102'
Driver info: com.kms.katalon.core.webui.driver.ExistingRemoteWebDriver
Capabilities {javascriptEnabled: true, platform: ANY, platformName: ANY}
Session ID: 4cba786bf88613ee8a0544a4d9db771f)"/>
         <system-out><![CDATA[2019-05-15 08:43:24 - [TEST_CASE][FAILED] - Test Cases/ADMIN/Content Mgmt/Categories/Category Add-Edit/Add Category: Test Cases/ADMIN/Content Mgmt/Categories/Category Add-Edit/Add Category FAILED because (of) Unable to click on object 'Object Repository/ADMIN/Categories/Category List/button_Categories' (Root cause: org.openqa.selenium.ElementNotVisibleException: element not visible
  (Session info: chrome=74.0.3729.131)
  (Driver info: chromedriver=2.35.528161 (5b82f2d2aae0ca24b877009200ced9065a772e73),platform=Windows NT 6.1.7601 SP1 x86_64) (WARNING: The server did not provide any stacktrace information)
Command duration or timeout: 0 milliseconds
Build info: version: '3.7.1', revision: '8a0099a', time: '2017-11-06T21:07:36.161Z'
System info: host: 'ARCADIER-PC', ip: '10.10.31.95', os.name: 'Windows 7', os.arch: 'amd64', os.version: '6.1', java.version: '1.8.0_102'
Driver info: com.kms.katalon.core.webui.driver.ExistingRemoteWebDriver
Capabilities {javascriptEnabled: true, platform: ANY, platformName: ANY}
Session ID: 4cba786bf88613ee8a0544a4d9db771f)

2019-05-15 08:43:24 - [TEST_STEP][PASSED] - waitForElementVisible: Object 'Object Repository/ADMIN/Categories/Category List/button_Content Mgmt' is visible

2019-05-15 08:43:24 - [MESSAGE][WARNING] - Timeout '0' is invalid. Using default page load timeout: '30'

2019-05-15 08:43:24 - [MESSAGE][PASSED] - Object 'Object Repository/ADMIN/Categories/Category List/button_Content Mgmt' is visible

2019-05-15 08:43:24 - [TEST_STEP][PASSED] - click: Object: 'Object Repository/ADMIN/Categories/Category List/button_Content Mgmt' is clicked on

2019-05-15 08:43:24 - [MESSAGE][PASSED] - Object: 'Object Repository/ADMIN/Categories/Category List/button_Content Mgmt' is clicked on

2019-05-15 08:43:24 - [TEST_STEP][PASSED] - waitForElementVisible: Object 'Object Repository/ADMIN/Categories/Category List/button_Categories' is visible

2019-05-15 08:43:24 - [MESSAGE][WARNING] - Timeout '0' is invalid. Using default page load timeout: '30'

2019-05-15 08:43:24 - [MESSAGE][PASSED] - Object 'Object Repository/ADMIN/Categories/Category List/button_Categories' is visible

2019-05-15 08:43:24 - [TEST_STEP][FAILED] - click: Unable to click on object 'Object Repository/ADMIN/Categories/Category List/button_Categories' (Root cause: org.openqa.selenium.ElementNotVisibleException: element not visible
  (Session info: chrome=74.0.3729.131)
  (Driver info: chromedriver=2.35.528161 (5b82f2d2aae0ca24b877009200ced9065a772e73),platform=Windows NT 6.1.7601 SP1 x86_64) (WARNING: The server did not provide any stacktrace information)
Command duration or timeout: 0 milliseconds
Build info: version: '3.7.1', revision: '8a0099a', time: '2017-11-06T21:07:36.161Z'
System info: host: 'ARCADIER-PC', ip: '10.10.31.95', os.name: 'Windows 7', os.arch: 'amd64', os.version: '6.1', java.version: '1.8.0_102'
Driver info: com.kms.katalon.core.webui.driver.ExistingRemoteWebDriver
Capabilities {javascriptEnabled: true, platform: ANY, platformName: ANY}
Session ID: 4cba786bf88613ee8a0544a4d9db771f)

2019-05-15 08:43:24 - [MESSAGE][FAILED] - Unable to click on object 'Object Repository/ADMIN/Categories/Category List/button_Categories' (Root cause: org.openqa.selenium.ElementNotVisibleException: element not visible
  (Session info: chrome=74.0.3729.131)
  (Driver info: chromedriver=2.35.528161 (5b82f2d2aae0ca24b877009200ced9065a772e73),platform=Windows NT 6.1.7601 SP1 x86_64) (WARNING: The server did not provide any stacktrace information)
Command duration or timeout: 0 milliseconds
Build info: version: '3.7.1', revision: '8a0099a', time: '2017-11-06T21:07:36.161Z'
System info: host: 'ARCADIER-PC', ip: '10.10.31.95', os.name: 'Windows 7', os.arch: 'amd64', os.version: '6.1', java.version: '1.8.0_102'
Driver info: com.kms.katalon.core.webui.driver.ExistingRemoteWebDriver
Capabilities {javascriptEnabled: true, platform: ANY, platformName: ANY}
Session ID: 4cba786bf88613ee8a0544a4d9db771f)
[[ATTACHMENT|C:\\Katalon\\Arctick\\Reports\\Suites\\Admin Add Category\\20190515_083232\\1557881004361.png]]

2019-05-15 08:43:24 - [TEST_STEP][PASSED] - waitForPageLoad: Wait for page load successfully

2019-05-15 08:43:24 - [MESSAGE][WARNING] - Timeout '0' is invalid. Using default page load timeout: '30'

2019-05-15 08:43:24 - [MESSAGE][PASSED] - Wait for page load successfully

2019-05-15 08:43:24 - [TEST_STEP][PASSED] - click: Object: 'Object Repository/ADMIN/Categories/Category List/button_Add a Category' is clicked on

2019-05-15 08:43:24 - [MESSAGE][PASSED] - Object: 'Object Repository/ADMIN/Categories/Category List/button_Add a Category' is clicked on

2019-05-15 08:43:24 - [TEST_STEP][PASSED] - waitForElementPresent: Object 'Object Repository/ADMIN/Categories/Category/dropdown_Parent' is present

2019-05-15 08:43:24 - [MESSAGE][PASSED] - Object 'Object Repository/ADMIN/Categories/Category/dropdown_Parent' is present

2019-05-15 08:43:24 - [TEST_STEP][PASSED] - delay: Delayed 1 second(s)

2019-05-15 08:43:25 - [MESSAGE][PASSED] - Delayed 1 second(s)

2019-05-15 08:43:25 - [TEST_STEP][PASSED] - setText: Text 'Category 2.6.2' is set on object 'Object Repository/ADMIN/Categories/Category/textfield_Category Name'

2019-05-15 08:43:25 - [MESSAGE][PASSED] - Text 'Category 2.6.2' is set on object 'Object Repository/ADMIN/Categories/Category/textfield_Category Name'

2019-05-15 08:43:25 - [TEST_STEP][PASSED] - click: Object: 'Object Repository/ADMIN/Categories/Category/dropdown_Parent' is clicked on

2019-05-15 08:43:25 - [MESSAGE][PASSED] - Object: 'Object Repository/ADMIN/Categories/Category/dropdown_Parent' is clicked on

2019-05-15 08:43:25 - [TEST_STEP][PASSED] - delay: Delayed 2 second(s)

2019-05-15 08:43:27 - [MESSAGE][PASSED] - Delayed 2 second(s)

2019-05-15 08:43:27 - [TEST_STEP][PASSED] - click: Object: 'Object Repository/ADMIN/Categories/Category/dropdown_Parent' is clicked on

2019-05-15 08:43:28 - [MESSAGE][PASSED] - Object: 'Object Repository/ADMIN/Categories/Category/dropdown_Parent' is clicked on

2019-05-15 08:43:28 - [TEST_STEP][PASSED] - selectOptionByLabel: All options with label 'Category 2.6' are selected in object 'Object Repository/ADMIN/Categories/Category/dropdown_Parent' 

2019-05-15 08:43:28 - [MESSAGE][PASSED] - All options with label 'Category 2.6' are selected in object 'Object Repository/ADMIN/Categories/Category/dropdown_Parent' 

2019-05-15 08:43:28 - [TEST_STEP][PASSED] - click: Object: 'Object Repository/ADMIN/Categories/Category/button_Browse' is clicked on

2019-05-15 08:43:28 - [MESSAGE][PASSED] - Object: 'Object Repository/ADMIN/Categories/Category/button_Browse' is clicked on

2019-05-15 08:43:28 - [TEST_STEP][PASSED] - delay: Delayed 1 second(s)

2019-05-15 08:43:29 - [MESSAGE][PASSED] - Delayed 1 second(s)

2019-05-15 08:43:29 - [TEST_STEP][PASSED] - uploadFile: File 'C:\\Katalon\\Image\\pic5.jpg' sent to object: 'Object Repository/ADMIN/Categories/Category/image_input image'

2019-05-15 08:43:29 - [MESSAGE][PASSED] - File 'C:\\Katalon\\Image\\pic5.jpg' sent to object: 'Object Repository/ADMIN/Categories/Category/image_input image'

2019-05-15 08:43:29 - [TEST_STEP][PASSED] - waitForElementVisible: Object 'Object Repository/ADMIN/Categories/Category/button_upload check' is visible

2019-05-15 08:43:29 - [MESSAGE][WARNING] - Timeout '0' is invalid. Using default page load timeout: '30'

2019-05-15 08:43:29 - [MESSAGE][PASSED] - Object 'Object Repository/ADMIN/Categories/Category/button_upload check' is visible

2019-05-15 08:43:29 - [TEST_STEP][PASSED] - click: Object: 'Object Repository/ADMIN/Categories/Category/button_upload check' is clicked on

2019-05-15 08:43:29 - [MESSAGE][PASSED] - Object: 'Object Repository/ADMIN/Categories/Category/button_upload check' is clicked on

2019-05-15 08:43:29 - [TEST_STEP][PASSED] - click: Object: 'Object Repository/ADMIN/Categories/Category/button_upload save' is clicked on

2019-05-15 08:43:29 - [MESSAGE][PASSED] - Object: 'Object Repository/ADMIN/Categories/Category/button_upload save' is clicked on

2019-05-15 08:43:29 - [TEST_STEP][PASSED] - waitForElementVisible: Object 'Object Repository/ADMIN/Categories/Category/button_upload save' is visible

2019-05-15 08:43:29 - [MESSAGE][WARNING] - Timeout '0' is invalid. Using default page load timeout: '30'

2019-05-15 08:43:29 - [MESSAGE][PASSED] - Object 'Object Repository/ADMIN/Categories/Category/button_upload save' is visible

2019-05-15 08:43:29 - [TEST_STEP][PASSED] - setText: Text 'Description30' is set on object 'Object Repository/ADMIN/Categories/Category/textfield_category_description'

2019-05-15 08:43:29 - [MESSAGE][PASSED] - Text 'Description30' is set on object 'Object Repository/ADMIN/Categories/Category/textfield_category_description'

2019-05-15 08:43:29 - [TEST_STEP][PASSED] - click: Object: 'Object Repository/ADMIN/Categories/Category/button_Save' is clicked on

2019-05-15 08:43:29 - [MESSAGE][PASSED] - Object: 'Object Repository/ADMIN/Categories/Category/button_Save' is clicked on

2019-05-15 08:43:29 - [TEST_STEP][PASSED] - waitForElementVisible: Object 'Object Repository/ADMIN/Categories/Category/label_edit popup' is visible

2019-05-15 08:43:29 - [MESSAGE][WARNING] - Timeout '0' is invalid. Using default page load timeout: '30'

2019-05-15 08:43:34 - [MESSAGE][PASSED] - Object 'Object Repository/ADMIN/Categories/Category/label_edit popup' is visible

2019-05-15 08:43:34 - [TEST_STEP][PASSED] - waitForElementNotPresent: Web element with id: 'Object Repository/ADMIN/Categories/Category/label_edit popup' located by 'By.xpath: //div[(text() = 'Category was successfully saved.' or . = 'Category was successfully saved.')]' is not present after '30' second(s)

2019-05-15 08:43:34 - [MESSAGE][WARNING] - Timeout '0' is invalid. Using default page load timeout: '30'

2019-05-15 08:43:40 - [MESSAGE][PASSED] - Web element with id: 'Object Repository/ADMIN/Categories/Category/label_edit popup' located by 'By.xpath: //div[(text() = 'Category was successfully saved.' or . = 'Category was successfully saved.')]' is not present after '30' second(s)]]></system-out>
         <system-err><![CDATA[2019-05-15 08:43:24 - [TEST_CASE][FAILED] - Test Cases/ADMIN/Content Mgmt/Categories/Category Add-Edit/Add Category: Test Cases/ADMIN/Content Mgmt/Categories/Category Add-Edit/Add Category FAILED because (of) Unable to click on object 'Object Repository/ADMIN/Categories/Category List/button_Categories' (Root cause: org.openqa.selenium.ElementNotVisibleException: element not visible
  (Session info: chrome=74.0.3729.131)
  (Driver info: chromedriver=2.35.528161 (5b82f2d2aae0ca24b877009200ced9065a772e73),platform=Windows NT 6.1.7601 SP1 x86_64) (WARNING: The server did not provide any stacktrace information)
Command duration or timeout: 0 milliseconds
Build info: version: '3.7.1', revision: '8a0099a', time: '2017-11-06T21:07:36.161Z'
System info: host: 'ARCADIER-PC', ip: '10.10.31.95', os.name: 'Windows 7', os.arch: 'amd64', os.version: '6.1', java.version: '1.8.0_102'
Driver info: com.kms.katalon.core.webui.driver.ExistingRemoteWebDriver
Capabilities {javascriptEnabled: true, platform: ANY, platformName: ANY}
Session ID: 4cba786bf88613ee8a0544a4d9db771f)]]></system-err>
      </testcase>
      <testcase name="Test Cases/ADMIN/Content Mgmt/Categories/Category Add-Edit/Add Category" classname="Test Cases/ADMIN/Content Mgmt/Categories/Category Add-Edit/Add Category" status="FAILED">
         <failure type="FAILED" message="Unable to click on object 'Object Repository/ADMIN/Categories/Category List/button_Categories' (Root cause: org.openqa.selenium.ElementNotVisibleException: element not visible
  (Session info: chrome=74.0.3729.131)
  (Driver info: chromedriver=2.35.528161 (5b82f2d2aae0ca24b877009200ced9065a772e73),platform=Windows NT 6.1.7601 SP1 x86_64) (WARNING: The server did not provide any stacktrace information)
Command duration or timeout: 0 milliseconds
Build info: version: '3.7.1', revision: '8a0099a', time: '2017-11-06T21:07:36.161Z'
System info: host: 'ARCADIER-PC', ip: '10.10.31.95', os.name: 'Windows 7', os.arch: 'amd64', os.version: '6.1', java.version: '1.8.0_102'
Driver info: com.kms.katalon.core.webui.driver.ExistingRemoteWebDriver
Capabilities {javascriptEnabled: true, platform: ANY, platformName: ANY}
Session ID: 4cba786bf88613ee8a0544a4d9db771f)"/>
         <system-out><![CDATA[2019-05-15 08:43:40 - [TEST_CASE][FAILED] - Test Cases/ADMIN/Content Mgmt/Categories/Category Add-Edit/Add Category: Test Cases/ADMIN/Content Mgmt/Categories/Category Add-Edit/Add Category FAILED because (of) Unable to click on object 'Object Repository/ADMIN/Categories/Category List/button_Categories' (Root cause: org.openqa.selenium.ElementNotVisibleException: element not visible
  (Session info: chrome=74.0.3729.131)
  (Driver info: chromedriver=2.35.528161 (5b82f2d2aae0ca24b877009200ced9065a772e73),platform=Windows NT 6.1.7601 SP1 x86_64) (WARNING: The server did not provide any stacktrace information)
Command duration or timeout: 0 milliseconds
Build info: version: '3.7.1', revision: '8a0099a', time: '2017-11-06T21:07:36.161Z'
System info: host: 'ARCADIER-PC', ip: '10.10.31.95', os.name: 'Windows 7', os.arch: 'amd64', os.version: '6.1', java.version: '1.8.0_102'
Driver info: com.kms.katalon.core.webui.driver.ExistingRemoteWebDriver
Capabilities {javascriptEnabled: true, platform: ANY, platformName: ANY}
Session ID: 4cba786bf88613ee8a0544a4d9db771f)

2019-05-15 08:43:41 - [TEST_STEP][PASSED] - waitForElementVisible: Object 'Object Repository/ADMIN/Categories/Category List/button_Content Mgmt' is visible

2019-05-15 08:43:41 - [MESSAGE][WARNING] - Timeout '0' is invalid. Using default page load timeout: '30'

2019-05-15 08:43:41 - [MESSAGE][PASSED] - Object 'Object Repository/ADMIN/Categories/Category List/button_Content Mgmt' is visible

2019-05-15 08:43:41 - [TEST_STEP][PASSED] - click: Object: 'Object Repository/ADMIN/Categories/Category List/button_Content Mgmt' is clicked on

2019-05-15 08:43:41 - [MESSAGE][PASSED] - Object: 'Object Repository/ADMIN/Categories/Category List/button_Content Mgmt' is clicked on

2019-05-15 08:43:41 - [TEST_STEP][PASSED] - waitForElementVisible: Object 'Object Repository/ADMIN/Categories/Category List/button_Categories' is visible

2019-05-15 08:43:41 - [MESSAGE][WARNING] - Timeout '0' is invalid. Using default page load timeout: '30'

2019-05-15 08:43:41 - [MESSAGE][PASSED] - Object 'Object Repository/ADMIN/Categories/Category List/button_Categories' is visible

2019-05-15 08:43:41 - [TEST_STEP][FAILED] - click: Unable to click on object 'Object Repository/ADMIN/Categories/Category List/button_Categories' (Root cause: org.openqa.selenium.ElementNotVisibleException: element not visible
  (Session info: chrome=74.0.3729.131)
  (Driver info: chromedriver=2.35.528161 (5b82f2d2aae0ca24b877009200ced9065a772e73),platform=Windows NT 6.1.7601 SP1 x86_64) (WARNING: The server did not provide any stacktrace information)
Command duration or timeout: 0 milliseconds
Build info: version: '3.7.1', revision: '8a0099a', time: '2017-11-06T21:07:36.161Z'
System info: host: 'ARCADIER-PC', ip: '10.10.31.95', os.name: 'Windows 7', os.arch: 'amd64', os.version: '6.1', java.version: '1.8.0_102'
Driver info: com.kms.katalon.core.webui.driver.ExistingRemoteWebDriver
Capabilities {javascriptEnabled: true, platform: ANY, platformName: ANY}
Session ID: 4cba786bf88613ee8a0544a4d9db771f)

2019-05-15 08:43:41 - [MESSAGE][FAILED] - Unable to click on object 'Object Repository/ADMIN/Categories/Category List/button_Categories' (Root cause: org.openqa.selenium.ElementNotVisibleException: element not visible
  (Session info: chrome=74.0.3729.131)
  (Driver info: chromedriver=2.35.528161 (5b82f2d2aae0ca24b877009200ced9065a772e73),platform=Windows NT 6.1.7601 SP1 x86_64) (WARNING: The server did not provide any stacktrace information)
Command duration or timeout: 0 milliseconds
Build info: version: '3.7.1', revision: '8a0099a', time: '2017-11-06T21:07:36.161Z'
System info: host: 'ARCADIER-PC', ip: '10.10.31.95', os.name: 'Windows 7', os.arch: 'amd64', os.version: '6.1', java.version: '1.8.0_102'
Driver info: com.kms.katalon.core.webui.driver.ExistingRemoteWebDriver
Capabilities {javascriptEnabled: true, platform: ANY, platformName: ANY}
Session ID: 4cba786bf88613ee8a0544a4d9db771f)
[[ATTACHMENT|C:\\Katalon\\Arctick\\Reports\\Suites\\Admin Add Category\\20190515_083232\\1557881021291.png]]

2019-05-15 08:43:41 - [TEST_STEP][PASSED] - waitForPageLoad: Wait for page load successfully

2019-05-15 08:43:41 - [MESSAGE][WARNING] - Timeout '0' is invalid. Using default page load timeout: '30'

2019-05-15 08:43:41 - [MESSAGE][PASSED] - Wait for page load successfully

2019-05-15 08:43:41 - [TEST_STEP][PASSED] - click: Object: 'Object Repository/ADMIN/Categories/Category List/button_Add a Category' is clicked on

2019-05-15 08:43:41 - [MESSAGE][PASSED] - Object: 'Object Repository/ADMIN/Categories/Category List/button_Add a Category' is clicked on

2019-05-15 08:43:41 - [TEST_STEP][PASSED] - waitForElementPresent: Object 'Object Repository/ADMIN/Categories/Category/dropdown_Parent' is present

2019-05-15 08:43:41 - [MESSAGE][PASSED] - Object 'Object Repository/ADMIN/Categories/Category/dropdown_Parent' is present

2019-05-15 08:43:41 - [TEST_STEP][PASSED] - delay: Delayed 1 second(s)

2019-05-15 08:43:42 - [MESSAGE][PASSED] - Delayed 1 second(s)

2019-05-15 08:43:42 - [TEST_STEP][PASSED] - setText: Text 'Category 2.6.2.1' is set on object 'Object Repository/ADMIN/Categories/Category/textfield_Category Name'

2019-05-15 08:43:42 - [MESSAGE][PASSED] - Text 'Category 2.6.2.1' is set on object 'Object Repository/ADMIN/Categories/Category/textfield_Category Name'

2019-05-15 08:43:42 - [TEST_STEP][PASSED] - click: Object: 'Object Repository/ADMIN/Categories/Category/dropdown_Parent' is clicked on

2019-05-15 08:43:42 - [MESSAGE][PASSED] - Object: 'Object Repository/ADMIN/Categories/Category/dropdown_Parent' is clicked on

2019-05-15 08:43:42 - [TEST_STEP][PASSED] - delay: Delayed 2 second(s)

2019-05-15 08:43:44 - [MESSAGE][PASSED] - Delayed 2 second(s)

2019-05-15 08:43:44 - [TEST_STEP][PASSED] - click: Object: 'Object Repository/ADMIN/Categories/Category/dropdown_Parent' is clicked on

2019-05-15 08:43:45 - [MESSAGE][PASSED] - Object: 'Object Repository/ADMIN/Categories/Category/dropdown_Parent' is clicked on

2019-05-15 08:43:45 - [TEST_STEP][PASSED] - selectOptionByLabel: All options with label 'Category 2.6.2' are selected in object 'Object Repository/ADMIN/Categories/Category/dropdown_Parent' 

2019-05-15 08:43:45 - [MESSAGE][PASSED] - All options with label 'Category 2.6.2' are selected in object 'Object Repository/ADMIN/Categories/Category/dropdown_Parent' 

2019-05-15 08:43:45 - [TEST_STEP][PASSED] - click: Object: 'Object Repository/ADMIN/Categories/Category/button_Browse' is clicked on

2019-05-15 08:43:45 - [MESSAGE][PASSED] - Object: 'Object Repository/ADMIN/Categories/Category/button_Browse' is clicked on

2019-05-15 08:43:45 - [TEST_STEP][PASSED] - delay: Delayed 1 second(s)

2019-05-15 08:43:46 - [MESSAGE][PASSED] - Delayed 1 second(s)

2019-05-15 08:43:46 - [TEST_STEP][PASSED] - uploadFile: File 'C:\\Katalon\\Image\\pic6.jpg' sent to object: 'Object Repository/ADMIN/Categories/Category/image_input image'

2019-05-15 08:43:46 - [MESSAGE][PASSED] - File 'C:\\Katalon\\Image\\pic6.jpg' sent to object: 'Object Repository/ADMIN/Categories/Category/image_input image'

2019-05-15 08:43:46 - [TEST_STEP][PASSED] - waitForElementVisible: Object 'Object Repository/ADMIN/Categories/Category/button_upload check' is visible

2019-05-15 08:43:46 - [MESSAGE][WARNING] - Timeout '0' is invalid. Using default page load timeout: '30'

2019-05-15 08:43:46 - [MESSAGE][PASSED] - Object 'Object Repository/ADMIN/Categories/Category/button_upload check' is visible

2019-05-15 08:43:46 - [TEST_STEP][PASSED] - click: Object: 'Object Repository/ADMIN/Categories/Category/button_upload check' is clicked on

2019-05-15 08:43:46 - [MESSAGE][PASSED] - Object: 'Object Repository/ADMIN/Categories/Category/button_upload check' is clicked on

2019-05-15 08:43:46 - [TEST_STEP][PASSED] - click: Object: 'Object Repository/ADMIN/Categories/Category/button_upload save' is clicked on

2019-05-15 08:43:46 - [MESSAGE][PASSED] - Object: 'Object Repository/ADMIN/Categories/Category/button_upload save' is clicked on

2019-05-15 08:43:46 - [TEST_STEP][PASSED] - waitForElementVisible: Object 'Object Repository/ADMIN/Categories/Category/button_upload save' is visible

2019-05-15 08:43:46 - [MESSAGE][WARNING] - Timeout '0' is invalid. Using default page load timeout: '30'

2019-05-15 08:43:46 - [MESSAGE][PASSED] - Object 'Object Repository/ADMIN/Categories/Category/button_upload save' is visible

2019-05-15 08:43:46 - [TEST_STEP][PASSED] - setText: Text 'Description31' is set on object 'Object Repository/ADMIN/Categories/Category/textfield_category_description'

2019-05-15 08:43:46 - [MESSAGE][PASSED] - Text 'Description31' is set on object 'Object Repository/ADMIN/Categories/Category/textfield_category_description'

2019-05-15 08:43:46 - [TEST_STEP][PASSED] - click: Object: 'Object Repository/ADMIN/Categories/Category/button_Save' is clicked on

2019-05-15 08:43:46 - [MESSAGE][PASSED] - Object: 'Object Repository/ADMIN/Categories/Category/button_Save' is clicked on

2019-05-15 08:43:46 - [TEST_STEP][PASSED] - waitForElementVisible: Object 'Object Repository/ADMIN/Categories/Category/label_edit popup' is visible

2019-05-15 08:43:46 - [MESSAGE][WARNING] - Timeout '0' is invalid. Using default page load timeout: '30'

2019-05-15 08:43:49 - [MESSAGE][PASSED] - Object 'Object Repository/ADMIN/Categories/Category/label_edit popup' is visible

2019-05-15 08:43:49 - [TEST_STEP][PASSED] - waitForElementNotPresent: Web element with id: 'Object Repository/ADMIN/Categories/Category/label_edit popup' located by 'By.xpath: //div[(text() = 'Category was successfully saved.' or . = 'Category was successfully saved.')]' is not present after '30' second(s)

2019-05-15 08:43:49 - [MESSAGE][WARNING] - Timeout '0' is invalid. Using default page load timeout: '30'

2019-05-15 08:43:55 - [MESSAGE][PASSED] - Web element with id: 'Object Repository/ADMIN/Categories/Category/label_edit popup' located by 'By.xpath: //div[(text() = 'Category was successfully saved.' or . = 'Category was successfully saved.')]' is not present after '30' second(s)]]></system-out>
         <system-err><![CDATA[2019-05-15 08:43:40 - [TEST_CASE][FAILED] - Test Cases/ADMIN/Content Mgmt/Categories/Category Add-Edit/Add Category: Test Cases/ADMIN/Content Mgmt/Categories/Category Add-Edit/Add Category FAILED because (of) Unable to click on object 'Object Repository/ADMIN/Categories/Category List/button_Categories' (Root cause: org.openqa.selenium.ElementNotVisibleException: element not visible
  (Session info: chrome=74.0.3729.131)
  (Driver info: chromedriver=2.35.528161 (5b82f2d2aae0ca24b877009200ced9065a772e73),platform=Windows NT 6.1.7601 SP1 x86_64) (WARNING: The server did not provide any stacktrace information)
Command duration or timeout: 0 milliseconds
Build info: version: '3.7.1', revision: '8a0099a', time: '2017-11-06T21:07:36.161Z'
System info: host: 'ARCADIER-PC', ip: '10.10.31.95', os.name: 'Windows 7', os.arch: 'amd64', os.version: '6.1', java.version: '1.8.0_102'
Driver info: com.kms.katalon.core.webui.driver.ExistingRemoteWebDriver
Capabilities {javascriptEnabled: true, platform: ANY, platformName: ANY}
Session ID: 4cba786bf88613ee8a0544a4d9db771f)]]></system-err>
      </testcase>
      <testcase name="Test Cases/ADMIN/Content Mgmt/Categories/Category Add-Edit/Add Category" classname="Test Cases/ADMIN/Content Mgmt/Categories/Category Add-Edit/Add Category" status="FAILED">
         <failure type="FAILED" message="Unable to click on object 'Object Repository/ADMIN/Categories/Category List/button_Categories' (Root cause: org.openqa.selenium.ElementNotVisibleException: element not visible
  (Session info: chrome=74.0.3729.131)
  (Driver info: chromedriver=2.35.528161 (5b82f2d2aae0ca24b877009200ced9065a772e73),platform=Windows NT 6.1.7601 SP1 x86_64) (WARNING: The server did not provide any stacktrace information)
Command duration or timeout: 0 milliseconds
Build info: version: '3.7.1', revision: '8a0099a', time: '2017-11-06T21:07:36.161Z'
System info: host: 'ARCADIER-PC', ip: '10.10.31.95', os.name: 'Windows 7', os.arch: 'amd64', os.version: '6.1', java.version: '1.8.0_102'
Driver info: com.kms.katalon.core.webui.driver.ExistingRemoteWebDriver
Capabilities {javascriptEnabled: true, platform: ANY, platformName: ANY}
Session ID: 4cba786bf88613ee8a0544a4d9db771f)"/>
         <system-out><![CDATA[2019-05-15 08:43:55 - [TEST_CASE][FAILED] - Test Cases/ADMIN/Content Mgmt/Categories/Category Add-Edit/Add Category: Test Cases/ADMIN/Content Mgmt/Categories/Category Add-Edit/Add Category FAILED because (of) Unable to click on object 'Object Repository/ADMIN/Categories/Category List/button_Categories' (Root cause: org.openqa.selenium.ElementNotVisibleException: element not visible
  (Session info: chrome=74.0.3729.131)
  (Driver info: chromedriver=2.35.528161 (5b82f2d2aae0ca24b877009200ced9065a772e73),platform=Windows NT 6.1.7601 SP1 x86_64) (WARNING: The server did not provide any stacktrace information)
Command duration or timeout: 0 milliseconds
Build info: version: '3.7.1', revision: '8a0099a', time: '2017-11-06T21:07:36.161Z'
System info: host: 'ARCADIER-PC', ip: '10.10.31.95', os.name: 'Windows 7', os.arch: 'amd64', os.version: '6.1', java.version: '1.8.0_102'
Driver info: com.kms.katalon.core.webui.driver.ExistingRemoteWebDriver
Capabilities {javascriptEnabled: true, platform: ANY, platformName: ANY}
Session ID: 4cba786bf88613ee8a0544a4d9db771f)

2019-05-15 08:43:55 - [TEST_STEP][PASSED] - waitForElementVisible: Object 'Object Repository/ADMIN/Categories/Category List/button_Content Mgmt' is visible

2019-05-15 08:43:55 - [MESSAGE][WARNING] - Timeout '0' is invalid. Using default page load timeout: '30'

2019-05-15 08:43:55 - [MESSAGE][PASSED] - Object 'Object Repository/ADMIN/Categories/Category List/button_Content Mgmt' is visible

2019-05-15 08:43:55 - [TEST_STEP][PASSED] - click: Object: 'Object Repository/ADMIN/Categories/Category List/button_Content Mgmt' is clicked on

2019-05-15 08:43:55 - [MESSAGE][PASSED] - Object: 'Object Repository/ADMIN/Categories/Category List/button_Content Mgmt' is clicked on

2019-05-15 08:43:55 - [TEST_STEP][PASSED] - waitForElementVisible: Object 'Object Repository/ADMIN/Categories/Category List/button_Categories' is visible

2019-05-15 08:43:55 - [MESSAGE][WARNING] - Timeout '0' is invalid. Using default page load timeout: '30'

2019-05-15 08:43:55 - [MESSAGE][PASSED] - Object 'Object Repository/ADMIN/Categories/Category List/button_Categories' is visible

2019-05-15 08:43:55 - [TEST_STEP][FAILED] - click: Unable to click on object 'Object Repository/ADMIN/Categories/Category List/button_Categories' (Root cause: org.openqa.selenium.ElementNotVisibleException: element not visible
  (Session info: chrome=74.0.3729.131)
  (Driver info: chromedriver=2.35.528161 (5b82f2d2aae0ca24b877009200ced9065a772e73),platform=Windows NT 6.1.7601 SP1 x86_64) (WARNING: The server did not provide any stacktrace information)
Command duration or timeout: 0 milliseconds
Build info: version: '3.7.1', revision: '8a0099a', time: '2017-11-06T21:07:36.161Z'
System info: host: 'ARCADIER-PC', ip: '10.10.31.95', os.name: 'Windows 7', os.arch: 'amd64', os.version: '6.1', java.version: '1.8.0_102'
Driver info: com.kms.katalon.core.webui.driver.ExistingRemoteWebDriver
Capabilities {javascriptEnabled: true, platform: ANY, platformName: ANY}
Session ID: 4cba786bf88613ee8a0544a4d9db771f)

2019-05-15 08:43:56 - [MESSAGE][FAILED] - Unable to click on object 'Object Repository/ADMIN/Categories/Category List/button_Categories' (Root cause: org.openqa.selenium.ElementNotVisibleException: element not visible
  (Session info: chrome=74.0.3729.131)
  (Driver info: chromedriver=2.35.528161 (5b82f2d2aae0ca24b877009200ced9065a772e73),platform=Windows NT 6.1.7601 SP1 x86_64) (WARNING: The server did not provide any stacktrace information)
Command duration or timeout: 0 milliseconds
Build info: version: '3.7.1', revision: '8a0099a', time: '2017-11-06T21:07:36.161Z'
System info: host: 'ARCADIER-PC', ip: '10.10.31.95', os.name: 'Windows 7', os.arch: 'amd64', os.version: '6.1', java.version: '1.8.0_102'
Driver info: com.kms.katalon.core.webui.driver.ExistingRemoteWebDriver
Capabilities {javascriptEnabled: true, platform: ANY, platformName: ANY}
Session ID: 4cba786bf88613ee8a0544a4d9db771f)
[[ATTACHMENT|C:\\Katalon\\Arctick\\Reports\\Suites\\Admin Add Category\\20190515_083232\\1557881035856.png]]

2019-05-15 08:43:56 - [TEST_STEP][PASSED] - waitForPageLoad: Wait for page load successfully

2019-05-15 08:43:56 - [MESSAGE][WARNING] - Timeout '0' is invalid. Using default page load timeout: '30'

2019-05-15 08:43:56 - [MESSAGE][PASSED] - Wait for page load successfully

2019-05-15 08:43:56 - [TEST_STEP][PASSED] - click: Object: 'Object Repository/ADMIN/Categories/Category List/button_Add a Category' is clicked on

2019-05-15 08:43:56 - [MESSAGE][PASSED] - Object: 'Object Repository/ADMIN/Categories/Category List/button_Add a Category' is clicked on

2019-05-15 08:43:56 - [TEST_STEP][PASSED] - waitForElementPresent: Object 'Object Repository/ADMIN/Categories/Category/dropdown_Parent' is present

2019-05-15 08:43:56 - [MESSAGE][PASSED] - Object 'Object Repository/ADMIN/Categories/Category/dropdown_Parent' is present

2019-05-15 08:43:56 - [TEST_STEP][PASSED] - delay: Delayed 1 second(s)

2019-05-15 08:43:57 - [MESSAGE][PASSED] - Delayed 1 second(s)

2019-05-15 08:43:57 - [TEST_STEP][PASSED] - setText: Text 'Category 2.6.2.1.1' is set on object 'Object Repository/ADMIN/Categories/Category/textfield_Category Name'

2019-05-15 08:43:57 - [MESSAGE][PASSED] - Text 'Category 2.6.2.1.1' is set on object 'Object Repository/ADMIN/Categories/Category/textfield_Category Name'

2019-05-15 08:43:57 - [TEST_STEP][PASSED] - click: Object: 'Object Repository/ADMIN/Categories/Category/dropdown_Parent' is clicked on

2019-05-15 08:43:57 - [MESSAGE][PASSED] - Object: 'Object Repository/ADMIN/Categories/Category/dropdown_Parent' is clicked on

2019-05-15 08:43:57 - [TEST_STEP][PASSED] - delay: Delayed 2 second(s)

2019-05-15 08:43:59 - [MESSAGE][PASSED] - Delayed 2 second(s)

2019-05-15 08:43:59 - [TEST_STEP][PASSED] - click: Object: 'Object Repository/ADMIN/Categories/Category/dropdown_Parent' is clicked on

2019-05-15 08:43:59 - [MESSAGE][PASSED] - Object: 'Object Repository/ADMIN/Categories/Category/dropdown_Parent' is clicked on

2019-05-15 08:43:59 - [TEST_STEP][PASSED] - selectOptionByLabel: All options with label 'Category 2.6.2.1' are selected in object 'Object Repository/ADMIN/Categories/Category/dropdown_Parent' 

2019-05-15 08:43:59 - [MESSAGE][PASSED] - All options with label 'Category 2.6.2.1' are selected in object 'Object Repository/ADMIN/Categories/Category/dropdown_Parent' 

2019-05-15 08:43:59 - [TEST_STEP][PASSED] - click: Object: 'Object Repository/ADMIN/Categories/Category/button_Browse' is clicked on

2019-05-15 08:43:59 - [MESSAGE][PASSED] - Object: 'Object Repository/ADMIN/Categories/Category/button_Browse' is clicked on

2019-05-15 08:43:59 - [TEST_STEP][PASSED] - delay: Delayed 1 second(s)

2019-05-15 08:44:00 - [MESSAGE][PASSED] - Delayed 1 second(s)

2019-05-15 08:44:00 - [TEST_STEP][PASSED] - uploadFile: File 'C:\\Katalon\\Image\\pic7.jpg' sent to object: 'Object Repository/ADMIN/Categories/Category/image_input image'

2019-05-15 08:44:00 - [MESSAGE][PASSED] - File 'C:\\Katalon\\Image\\pic7.jpg' sent to object: 'Object Repository/ADMIN/Categories/Category/image_input image'

2019-05-15 08:44:00 - [TEST_STEP][PASSED] - waitForElementVisible: Object 'Object Repository/ADMIN/Categories/Category/button_upload check' is visible

2019-05-15 08:44:00 - [MESSAGE][WARNING] - Timeout '0' is invalid. Using default page load timeout: '30'

2019-05-15 08:44:00 - [MESSAGE][PASSED] - Object 'Object Repository/ADMIN/Categories/Category/button_upload check' is visible

2019-05-15 08:44:00 - [TEST_STEP][PASSED] - click: Object: 'Object Repository/ADMIN/Categories/Category/button_upload check' is clicked on

2019-05-15 08:44:00 - [MESSAGE][PASSED] - Object: 'Object Repository/ADMIN/Categories/Category/button_upload check' is clicked on

2019-05-15 08:44:00 - [TEST_STEP][PASSED] - click: Object: 'Object Repository/ADMIN/Categories/Category/button_upload save' is clicked on

2019-05-15 08:44:00 - [MESSAGE][PASSED] - Object: 'Object Repository/ADMIN/Categories/Category/button_upload save' is clicked on

2019-05-15 08:44:00 - [TEST_STEP][PASSED] - waitForElementVisible: Object 'Object Repository/ADMIN/Categories/Category/button_upload save' is visible

2019-05-15 08:44:00 - [MESSAGE][WARNING] - Timeout '0' is invalid. Using default page load timeout: '30'

2019-05-15 08:44:00 - [MESSAGE][PASSED] - Object 'Object Repository/ADMIN/Categories/Category/button_upload save' is visible

2019-05-15 08:44:00 - [TEST_STEP][PASSED] - setText: Text 'Description32' is set on object 'Object Repository/ADMIN/Categories/Category/textfield_category_description'

2019-05-15 08:44:01 - [MESSAGE][PASSED] - Text 'Description32' is set on object 'Object Repository/ADMIN/Categories/Category/textfield_category_description'

2019-05-15 08:44:01 - [TEST_STEP][PASSED] - click: Object: 'Object Repository/ADMIN/Categories/Category/button_Save' is clicked on

2019-05-15 08:44:01 - [MESSAGE][PASSED] - Object: 'Object Repository/ADMIN/Categories/Category/button_Save' is clicked on

2019-05-15 08:44:01 - [TEST_STEP][PASSED] - waitForElementVisible: Object 'Object Repository/ADMIN/Categories/Category/label_edit popup' is visible

2019-05-15 08:44:01 - [MESSAGE][WARNING] - Timeout '0' is invalid. Using default page load timeout: '30'

2019-05-15 08:44:07 - [MESSAGE][PASSED] - Object 'Object Repository/ADMIN/Categories/Category/label_edit popup' is visible

2019-05-15 08:44:07 - [TEST_STEP][PASSED] - waitForElementNotPresent: Web element with id: 'Object Repository/ADMIN/Categories/Category/label_edit popup' located by 'By.xpath: //div[(text() = 'Category was successfully saved.' or . = 'Category was successfully saved.')]' is not present after '30' second(s)

2019-05-15 08:44:07 - [MESSAGE][WARNING] - Timeout '0' is invalid. Using default page load timeout: '30'

2019-05-15 08:44:13 - [MESSAGE][PASSED] - Web element with id: 'Object Repository/ADMIN/Categories/Category/label_edit popup' located by 'By.xpath: //div[(text() = 'Category was successfully saved.' or . = 'Category was successfully saved.')]' is not present after '30' second(s)]]></system-out>
         <system-err><![CDATA[2019-05-15 08:43:55 - [TEST_CASE][FAILED] - Test Cases/ADMIN/Content Mgmt/Categories/Category Add-Edit/Add Category: Test Cases/ADMIN/Content Mgmt/Categories/Category Add-Edit/Add Category FAILED because (of) Unable to click on object 'Object Repository/ADMIN/Categories/Category List/button_Categories' (Root cause: org.openqa.selenium.ElementNotVisibleException: element not visible
  (Session info: chrome=74.0.3729.131)
  (Driver info: chromedriver=2.35.528161 (5b82f2d2aae0ca24b877009200ced9065a772e73),platform=Windows NT 6.1.7601 SP1 x86_64) (WARNING: The server did not provide any stacktrace information)
Command duration or timeout: 0 milliseconds
Build info: version: '3.7.1', revision: '8a0099a', time: '2017-11-06T21:07:36.161Z'
System info: host: 'ARCADIER-PC', ip: '10.10.31.95', os.name: 'Windows 7', os.arch: 'amd64', os.version: '6.1', java.version: '1.8.0_102'
Driver info: com.kms.katalon.core.webui.driver.ExistingRemoteWebDriver
Capabilities {javascriptEnabled: true, platform: ANY, platformName: ANY}
Session ID: 4cba786bf88613ee8a0544a4d9db771f)]]></system-err>
      </testcase>
      <testcase name="Test Cases/ADMIN/Content Mgmt/Categories/Category Add-Edit/Add Category" classname="Test Cases/ADMIN/Content Mgmt/Categories/Category Add-Edit/Add Category" status="FAILED">
         <failure type="FAILED" message="Unable to select option by label 'Category 2.6.2' of object 'Object Repository/ADMIN/Categories/Category/dropdown_Parent'  (Root cause: org.openqa.selenium.NoSuchElementException: Cannot locate element with text: Category 2.6.2
For documentation on this error, please visit: http://seleniumhq.org/exceptions/no_such_element.html
Build info: version: '3.7.1', revision: '8a0099a', time: '2017-11-06T21:07:36.161Z'
System info: host: 'ARCADIER-PC', ip: '10.10.31.95', os.name: 'Windows 7', os.arch: 'amd64', os.version: '6.1', java.version: '1.8.0_102'
Driver info: driver.version: unknown)"/>
         <system-out><![CDATA[2019-05-15 08:44:13 - [TEST_CASE][FAILED] - Test Cases/ADMIN/Content Mgmt/Categories/Category Add-Edit/Add Category: Test Cases/ADMIN/Content Mgmt/Categories/Category Add-Edit/Add Category FAILED because (of) Unable to select option by label 'Category 2.6.2' of object 'Object Repository/ADMIN/Categories/Category/dropdown_Parent'  (Root cause: org.openqa.selenium.NoSuchElementException: Cannot locate element with text: Category 2.6.2
For documentation on this error, please visit: http://seleniumhq.org/exceptions/no_such_element.html
Build info: version: '3.7.1', revision: '8a0099a', time: '2017-11-06T21:07:36.161Z'
System info: host: 'ARCADIER-PC', ip: '10.10.31.95', os.name: 'Windows 7', os.arch: 'amd64', os.version: '6.1', java.version: '1.8.0_102'
Driver info: driver.version: unknown)

2019-05-15 08:44:13 - [TEST_STEP][PASSED] - waitForElementVisible: Object 'Object Repository/ADMIN/Categories/Category List/button_Content Mgmt' is visible

2019-05-15 08:44:13 - [MESSAGE][WARNING] - Timeout '0' is invalid. Using default page load timeout: '30'

2019-05-15 08:44:13 - [MESSAGE][PASSED] - Object 'Object Repository/ADMIN/Categories/Category List/button_Content Mgmt' is visible

2019-05-15 08:44:13 - [TEST_STEP][PASSED] - click: Object: 'Object Repository/ADMIN/Categories/Category List/button_Content Mgmt' is clicked on

2019-05-15 08:44:13 - [MESSAGE][PASSED] - Object: 'Object Repository/ADMIN/Categories/Category List/button_Content Mgmt' is clicked on

2019-05-15 08:44:13 - [TEST_STEP][PASSED] - waitForElementVisible: Object 'Object Repository/ADMIN/Categories/Category List/button_Categories' is visible

2019-05-15 08:44:13 - [MESSAGE][WARNING] - Timeout '0' is invalid. Using default page load timeout: '30'

2019-05-15 08:44:13 - [MESSAGE][PASSED] - Object 'Object Repository/ADMIN/Categories/Category List/button_Categories' is visible

2019-05-15 08:44:13 - [TEST_STEP][PASSED] - click: Object: 'Object Repository/ADMIN/Categories/Category List/button_Categories' is clicked on

2019-05-15 08:44:27 - [MESSAGE][PASSED] - Object: 'Object Repository/ADMIN/Categories/Category List/button_Categories' is clicked on

2019-05-15 08:44:27 - [TEST_STEP][PASSED] - waitForPageLoad: Wait for page load successfully

2019-05-15 08:44:27 - [MESSAGE][WARNING] - Timeout '0' is invalid. Using default page load timeout: '30'

2019-05-15 08:44:27 - [MESSAGE][PASSED] - Wait for page load successfully

2019-05-15 08:44:27 - [TEST_STEP][PASSED] - click: Object: 'Object Repository/ADMIN/Categories/Category List/button_Add a Category' is clicked on

2019-05-15 08:44:27 - [MESSAGE][PASSED] - Object: 'Object Repository/ADMIN/Categories/Category List/button_Add a Category' is clicked on

2019-05-15 08:44:27 - [TEST_STEP][PASSED] - waitForElementPresent: Object 'Object Repository/ADMIN/Categories/Category/dropdown_Parent' is present

2019-05-15 08:44:27 - [MESSAGE][PASSED] - Object 'Object Repository/ADMIN/Categories/Category/dropdown_Parent' is present

2019-05-15 08:44:27 - [TEST_STEP][PASSED] - delay: Delayed 1 second(s)

2019-05-15 08:44:28 - [MESSAGE][PASSED] - Delayed 1 second(s)

2019-05-15 08:44:28 - [TEST_STEP][PASSED] - setText: Text 'Category 2.6.2.2' is set on object 'Object Repository/ADMIN/Categories/Category/textfield_Category Name'

2019-05-15 08:44:28 - [MESSAGE][PASSED] - Text 'Category 2.6.2.2' is set on object 'Object Repository/ADMIN/Categories/Category/textfield_Category Name'

2019-05-15 08:44:28 - [TEST_STEP][PASSED] - click: Object: 'Object Repository/ADMIN/Categories/Category/dropdown_Parent' is clicked on

2019-05-15 08:44:28 - [MESSAGE][PASSED] - Object: 'Object Repository/ADMIN/Categories/Category/dropdown_Parent' is clicked on

2019-05-15 08:44:28 - [TEST_STEP][PASSED] - delay: Delayed 2 second(s)

2019-05-15 08:44:30 - [MESSAGE][PASSED] - Delayed 2 second(s)

2019-05-15 08:44:30 - [TEST_STEP][PASSED] - click: Object: 'Object Repository/ADMIN/Categories/Category/dropdown_Parent' is clicked on

2019-05-15 08:44:30 - [MESSAGE][PASSED] - Object: 'Object Repository/ADMIN/Categories/Category/dropdown_Parent' is clicked on

2019-05-15 08:44:30 - [TEST_STEP][FAILED] - selectOptionByLabel: Unable to select option by label 'Category 2.6.2' of object 'Object Repository/ADMIN/Categories/Category/dropdown_Parent'  (Root cause: org.openqa.selenium.NoSuchElementException: Cannot locate element with text: Category 2.6.2
For documentation on this error, please visit: http://seleniumhq.org/exceptions/no_such_element.html
Build info: version: '3.7.1', revision: '8a0099a', time: '2017-11-06T21:07:36.161Z'
System info: host: 'ARCADIER-PC', ip: '10.10.31.95', os.name: 'Windows 7', os.arch: 'amd64', os.version: '6.1', java.version: '1.8.0_102'
Driver info: driver.version: unknown)

2019-05-15 08:44:31 - [MESSAGE][FAILED] - Unable to select option by label 'Category 2.6.2' of object 'Object Repository/ADMIN/Categories/Category/dropdown_Parent'  (Root cause: org.openqa.selenium.NoSuchElementException: Cannot locate element with text: Category 2.6.2
For documentation on this error, please visit: http://seleniumhq.org/exceptions/no_such_element.html
Build info: version: '3.7.1', revision: '8a0099a', time: '2017-11-06T21:07:36.161Z'
System info: host: 'ARCADIER-PC', ip: '10.10.31.95', os.name: 'Windows 7', os.arch: 'amd64', os.version: '6.1', java.version: '1.8.0_102'
Driver info: driver.version: unknown)
[[ATTACHMENT|C:\\Katalon\\Arctick\\Reports\\Suites\\Admin Add Category\\20190515_083232\\1557881070986.png]]

2019-05-15 08:44:31 - [TEST_STEP][PASSED] - click: Object: 'Object Repository/ADMIN/Categories/Category/button_Browse' is clicked on

2019-05-15 08:44:31 - [MESSAGE][PASSED] - Object: 'Object Repository/ADMIN/Categories/Category/button_Browse' is clicked on

2019-05-15 08:44:31 - [TEST_STEP][PASSED] - delay: Delayed 1 second(s)

2019-05-15 08:44:32 - [MESSAGE][PASSED] - Delayed 1 second(s)

2019-05-15 08:44:32 - [TEST_STEP][PASSED] - uploadFile: File 'C:\\Katalon\\Image\\pic8.jpg' sent to object: 'Object Repository/ADMIN/Categories/Category/image_input image'

2019-05-15 08:44:32 - [MESSAGE][PASSED] - File 'C:\\Katalon\\Image\\pic8.jpg' sent to object: 'Object Repository/ADMIN/Categories/Category/image_input image'

2019-05-15 08:44:32 - [TEST_STEP][PASSED] - waitForElementVisible: Object 'Object Repository/ADMIN/Categories/Category/button_upload check' is visible

2019-05-15 08:44:32 - [MESSAGE][WARNING] - Timeout '0' is invalid. Using default page load timeout: '30'

2019-05-15 08:44:32 - [MESSAGE][PASSED] - Object 'Object Repository/ADMIN/Categories/Category/button_upload check' is visible

2019-05-15 08:44:32 - [TEST_STEP][PASSED] - click: Object: 'Object Repository/ADMIN/Categories/Category/button_upload check' is clicked on

2019-05-15 08:44:32 - [MESSAGE][PASSED] - Object: 'Object Repository/ADMIN/Categories/Category/button_upload check' is clicked on

2019-05-15 08:44:32 - [TEST_STEP][PASSED] - click: Object: 'Object Repository/ADMIN/Categories/Category/button_upload save' is clicked on

2019-05-15 08:44:32 - [MESSAGE][PASSED] - Object: 'Object Repository/ADMIN/Categories/Category/button_upload save' is clicked on

2019-05-15 08:44:32 - [TEST_STEP][PASSED] - waitForElementVisible: Object 'Object Repository/ADMIN/Categories/Category/button_upload save' is visible

2019-05-15 08:44:32 - [MESSAGE][WARNING] - Timeout '0' is invalid. Using default page load timeout: '30'

2019-05-15 08:44:32 - [MESSAGE][PASSED] - Object 'Object Repository/ADMIN/Categories/Category/button_upload save' is visible

2019-05-15 08:44:32 - [TEST_STEP][PASSED] - setText: Text 'Description33' is set on object 'Object Repository/ADMIN/Categories/Category/textfield_category_description'

2019-05-15 08:44:32 - [MESSAGE][PASSED] - Text 'Description33' is set on object 'Object Repository/ADMIN/Categories/Category/textfield_category_description'

2019-05-15 08:44:32 - [TEST_STEP][PASSED] - click: Object: 'Object Repository/ADMIN/Categories/Category/button_Save' is clicked on

2019-05-15 08:44:32 - [MESSAGE][PASSED] - Object: 'Object Repository/ADMIN/Categories/Category/button_Save' is clicked on

2019-05-15 08:44:33 - [TEST_STEP][PASSED] - waitForElementVisible: Object 'Object Repository/ADMIN/Categories/Category/label_edit popup' is visible

2019-05-15 08:44:33 - [MESSAGE][WARNING] - Timeout '0' is invalid. Using default page load timeout: '30'

2019-05-15 08:44:36 - [MESSAGE][PASSED] - Object 'Object Repository/ADMIN/Categories/Category/label_edit popup' is visible

2019-05-15 08:44:36 - [TEST_STEP][PASSED] - waitForElementNotPresent: Web element with id: 'Object Repository/ADMIN/Categories/Category/label_edit popup' located by 'By.xpath: //div[(text() = 'Category was successfully saved.' or . = 'Category was successfully saved.')]' is not present after '30' second(s)

2019-05-15 08:44:36 - [MESSAGE][WARNING] - Timeout '0' is invalid. Using default page load timeout: '30'

2019-05-15 08:44:43 - [MESSAGE][PASSED] - Web element with id: 'Object Repository/ADMIN/Categories/Category/label_edit popup' located by 'By.xpath: //div[(text() = 'Category was successfully saved.' or . = 'Category was successfully saved.')]' is not present after '30' second(s)]]></system-out>
         <system-err><![CDATA[2019-05-15 08:44:13 - [TEST_CASE][FAILED] - Test Cases/ADMIN/Content Mgmt/Categories/Category Add-Edit/Add Category: Test Cases/ADMIN/Content Mgmt/Categories/Category Add-Edit/Add Category FAILED because (of) Unable to select option by label 'Category 2.6.2' of object 'Object Repository/ADMIN/Categories/Category/dropdown_Parent'  (Root cause: org.openqa.selenium.NoSuchElementException: Cannot locate element with text: Category 2.6.2
For documentation on this error, please visit: http://seleniumhq.org/exceptions/no_such_element.html
Build info: version: '3.7.1', revision: '8a0099a', time: '2017-11-06T21:07:36.161Z'
System info: host: 'ARCADIER-PC', ip: '10.10.31.95', os.name: 'Windows 7', os.arch: 'amd64', os.version: '6.1', java.version: '1.8.0_102'
Driver info: driver.version: unknown)]]></system-err>
      </testcase>
      <testcase name="Test Cases/ADMIN/Content Mgmt/Categories/Category Add-Edit/Add Category" classname="Test Cases/ADMIN/Content Mgmt/Categories/Category Add-Edit/Add Category" status="FAILED">
         <failure type="FAILED" message="Unable to click on object 'Object Repository/ADMIN/Categories/Category List/button_Categories' (Root cause: org.openqa.selenium.ElementNotVisibleException: element not visible
  (Session info: chrome=74.0.3729.131)
  (Driver info: chromedriver=2.35.528161 (5b82f2d2aae0ca24b877009200ced9065a772e73),platform=Windows NT 6.1.7601 SP1 x86_64) (WARNING: The server did not provide any stacktrace information)
Command duration or timeout: 0 milliseconds
Build info: version: '3.7.1', revision: '8a0099a', time: '2017-11-06T21:07:36.161Z'
System info: host: 'ARCADIER-PC', ip: '10.10.31.95', os.name: 'Windows 7', os.arch: 'amd64', os.version: '6.1', java.version: '1.8.0_102'
Driver info: com.kms.katalon.core.webui.driver.ExistingRemoteWebDriver
Capabilities {javascriptEnabled: true, platform: ANY, platformName: ANY}
Session ID: 4cba786bf88613ee8a0544a4d9db771f)"/>
         <system-out><![CDATA[2019-05-15 08:44:43 - [TEST_CASE][FAILED] - Test Cases/ADMIN/Content Mgmt/Categories/Category Add-Edit/Add Category: Test Cases/ADMIN/Content Mgmt/Categories/Category Add-Edit/Add Category FAILED because (of) Unable to click on object 'Object Repository/ADMIN/Categories/Category List/button_Categories' (Root cause: org.openqa.selenium.ElementNotVisibleException: element not visible
  (Session info: chrome=74.0.3729.131)
  (Driver info: chromedriver=2.35.528161 (5b82f2d2aae0ca24b877009200ced9065a772e73),platform=Windows NT 6.1.7601 SP1 x86_64) (WARNING: The server did not provide any stacktrace information)
Command duration or timeout: 0 milliseconds
Build info: version: '3.7.1', revision: '8a0099a', time: '2017-11-06T21:07:36.161Z'
System info: host: 'ARCADIER-PC', ip: '10.10.31.95', os.name: 'Windows 7', os.arch: 'amd64', os.version: '6.1', java.version: '1.8.0_102'
Driver info: com.kms.katalon.core.webui.driver.ExistingRemoteWebDriver
Capabilities {javascriptEnabled: true, platform: ANY, platformName: ANY}
Session ID: 4cba786bf88613ee8a0544a4d9db771f)

2019-05-15 08:44:43 - [TEST_STEP][PASSED] - waitForElementVisible: Object 'Object Repository/ADMIN/Categories/Category List/button_Content Mgmt' is visible

2019-05-15 08:44:43 - [MESSAGE][WARNING] - Timeout '0' is invalid. Using default page load timeout: '30'

2019-05-15 08:44:43 - [MESSAGE][PASSED] - Object 'Object Repository/ADMIN/Categories/Category List/button_Content Mgmt' is visible

2019-05-15 08:44:43 - [TEST_STEP][PASSED] - click: Object: 'Object Repository/ADMIN/Categories/Category List/button_Content Mgmt' is clicked on

2019-05-15 08:44:43 - [MESSAGE][PASSED] - Object: 'Object Repository/ADMIN/Categories/Category List/button_Content Mgmt' is clicked on

2019-05-15 08:44:43 - [TEST_STEP][PASSED] - waitForElementVisible: Object 'Object Repository/ADMIN/Categories/Category List/button_Categories' is visible

2019-05-15 08:44:43 - [MESSAGE][WARNING] - Timeout '0' is invalid. Using default page load timeout: '30'

2019-05-15 08:44:43 - [MESSAGE][PASSED] - Object 'Object Repository/ADMIN/Categories/Category List/button_Categories' is visible

2019-05-15 08:44:43 - [TEST_STEP][FAILED] - click: Unable to click on object 'Object Repository/ADMIN/Categories/Category List/button_Categories' (Root cause: org.openqa.selenium.ElementNotVisibleException: element not visible
  (Session info: chrome=74.0.3729.131)
  (Driver info: chromedriver=2.35.528161 (5b82f2d2aae0ca24b877009200ced9065a772e73),platform=Windows NT 6.1.7601 SP1 x86_64) (WARNING: The server did not provide any stacktrace information)
Command duration or timeout: 0 milliseconds
Build info: version: '3.7.1', revision: '8a0099a', time: '2017-11-06T21:07:36.161Z'
System info: host: 'ARCADIER-PC', ip: '10.10.31.95', os.name: 'Windows 7', os.arch: 'amd64', os.version: '6.1', java.version: '1.8.0_102'
Driver info: com.kms.katalon.core.webui.driver.ExistingRemoteWebDriver
Capabilities {javascriptEnabled: true, platform: ANY, platformName: ANY}
Session ID: 4cba786bf88613ee8a0544a4d9db771f)

2019-05-15 08:44:43 - [MESSAGE][FAILED] - Unable to click on object 'Object Repository/ADMIN/Categories/Category List/button_Categories' (Root cause: org.openqa.selenium.ElementNotVisibleException: element not visible
  (Session info: chrome=74.0.3729.131)
  (Driver info: chromedriver=2.35.528161 (5b82f2d2aae0ca24b877009200ced9065a772e73),platform=Windows NT 6.1.7601 SP1 x86_64) (WARNING: The server did not provide any stacktrace information)
Command duration or timeout: 0 milliseconds
Build info: version: '3.7.1', revision: '8a0099a', time: '2017-11-06T21:07:36.161Z'
System info: host: 'ARCADIER-PC', ip: '10.10.31.95', os.name: 'Windows 7', os.arch: 'amd64', os.version: '6.1', java.version: '1.8.0_102'
Driver info: com.kms.katalon.core.webui.driver.ExistingRemoteWebDriver
Capabilities {javascriptEnabled: true, platform: ANY, platformName: ANY}
Session ID: 4cba786bf88613ee8a0544a4d9db771f)
[[ATTACHMENT|C:\\Katalon\\Arctick\\Reports\\Suites\\Admin Add Category\\20190515_083232\\1557881083524.png]]

2019-05-15 08:44:43 - [TEST_STEP][PASSED] - waitForPageLoad: Wait for page load successfully

2019-05-15 08:44:43 - [MESSAGE][WARNING] - Timeout '0' is invalid. Using default page load timeout: '30'

2019-05-15 08:44:43 - [MESSAGE][PASSED] - Wait for page load successfully

2019-05-15 08:44:43 - [TEST_STEP][PASSED] - click: Object: 'Object Repository/ADMIN/Categories/Category List/button_Add a Category' is clicked on

2019-05-15 08:44:43 - [MESSAGE][PASSED] - Object: 'Object Repository/ADMIN/Categories/Category List/button_Add a Category' is clicked on

2019-05-15 08:44:43 - [TEST_STEP][PASSED] - waitForElementPresent: Object 'Object Repository/ADMIN/Categories/Category/dropdown_Parent' is present

2019-05-15 08:44:44 - [MESSAGE][PASSED] - Object 'Object Repository/ADMIN/Categories/Category/dropdown_Parent' is present

2019-05-15 08:44:44 - [TEST_STEP][PASSED] - delay: Delayed 1 second(s)

2019-05-15 08:44:45 - [MESSAGE][PASSED] - Delayed 1 second(s)

2019-05-15 08:44:45 - [TEST_STEP][PASSED] - setText: Text 'Category 2.6.2.3' is set on object 'Object Repository/ADMIN/Categories/Category/textfield_Category Name'

2019-05-15 08:44:45 - [MESSAGE][PASSED] - Text 'Category 2.6.2.3' is set on object 'Object Repository/ADMIN/Categories/Category/textfield_Category Name'

2019-05-15 08:44:45 - [TEST_STEP][PASSED] - click: Object: 'Object Repository/ADMIN/Categories/Category/dropdown_Parent' is clicked on

2019-05-15 08:44:45 - [MESSAGE][PASSED] - Object: 'Object Repository/ADMIN/Categories/Category/dropdown_Parent' is clicked on

2019-05-15 08:44:45 - [TEST_STEP][PASSED] - delay: Delayed 2 second(s)

2019-05-15 08:44:47 - [MESSAGE][PASSED] - Delayed 2 second(s)

2019-05-15 08:44:47 - [TEST_STEP][PASSED] - click: Object: 'Object Repository/ADMIN/Categories/Category/dropdown_Parent' is clicked on

2019-05-15 08:44:47 - [MESSAGE][PASSED] - Object: 'Object Repository/ADMIN/Categories/Category/dropdown_Parent' is clicked on

2019-05-15 08:44:47 - [TEST_STEP][PASSED] - selectOptionByLabel: All options with label 'Category 2.6.2' are selected in object 'Object Repository/ADMIN/Categories/Category/dropdown_Parent' 

2019-05-15 08:44:47 - [MESSAGE][PASSED] - All options with label 'Category 2.6.2' are selected in object 'Object Repository/ADMIN/Categories/Category/dropdown_Parent' 

2019-05-15 08:44:47 - [TEST_STEP][PASSED] - click: Object: 'Object Repository/ADMIN/Categories/Category/button_Browse' is clicked on

2019-05-15 08:44:47 - [MESSAGE][PASSED] - Object: 'Object Repository/ADMIN/Categories/Category/button_Browse' is clicked on

2019-05-15 08:44:47 - [TEST_STEP][PASSED] - delay: Delayed 1 second(s)

2019-05-15 08:44:48 - [MESSAGE][PASSED] - Delayed 1 second(s)

2019-05-15 08:44:48 - [TEST_STEP][PASSED] - uploadFile: File 'C:\\Katalon\\Image\\pic9.jpg' sent to object: 'Object Repository/ADMIN/Categories/Category/image_input image'

2019-05-15 08:44:48 - [MESSAGE][PASSED] - File 'C:\\Katalon\\Image\\pic9.jpg' sent to object: 'Object Repository/ADMIN/Categories/Category/image_input image'

2019-05-15 08:44:48 - [TEST_STEP][PASSED] - waitForElementVisible: Object 'Object Repository/ADMIN/Categories/Category/button_upload check' is visible

2019-05-15 08:44:48 - [MESSAGE][WARNING] - Timeout '0' is invalid. Using default page load timeout: '30'

2019-05-15 08:44:48 - [MESSAGE][PASSED] - Object 'Object Repository/ADMIN/Categories/Category/button_upload check' is visible

2019-05-15 08:44:48 - [TEST_STEP][PASSED] - click: Object: 'Object Repository/ADMIN/Categories/Category/button_upload check' is clicked on

2019-05-15 08:44:48 - [MESSAGE][PASSED] - Object: 'Object Repository/ADMIN/Categories/Category/button_upload check' is clicked on

2019-05-15 08:44:48 - [TEST_STEP][PASSED] - click: Object: 'Object Repository/ADMIN/Categories/Category/button_upload save' is clicked on

2019-05-15 08:44:48 - [MESSAGE][PASSED] - Object: 'Object Repository/ADMIN/Categories/Category/button_upload save' is clicked on

2019-05-15 08:44:48 - [TEST_STEP][PASSED] - waitForElementVisible: Object 'Object Repository/ADMIN/Categories/Category/button_upload save' is visible

2019-05-15 08:44:48 - [MESSAGE][WARNING] - Timeout '0' is invalid. Using default page load timeout: '30'

2019-05-15 08:44:48 - [MESSAGE][PASSED] - Object 'Object Repository/ADMIN/Categories/Category/button_upload save' is visible

2019-05-15 08:44:48 - [TEST_STEP][PASSED] - setText: Text 'Description34' is set on object 'Object Repository/ADMIN/Categories/Category/textfield_category_description'

2019-05-15 08:44:48 - [MESSAGE][PASSED] - Text 'Description34' is set on object 'Object Repository/ADMIN/Categories/Category/textfield_category_description'

2019-05-15 08:44:48 - [TEST_STEP][PASSED] - click: Object: 'Object Repository/ADMIN/Categories/Category/button_Save' is clicked on

2019-05-15 08:44:49 - [MESSAGE][PASSED] - Object: 'Object Repository/ADMIN/Categories/Category/button_Save' is clicked on

2019-05-15 08:44:49 - [TEST_STEP][PASSED] - waitForElementVisible: Object 'Object Repository/ADMIN/Categories/Category/label_edit popup' is visible

2019-05-15 08:44:49 - [MESSAGE][WARNING] - Timeout '0' is invalid. Using default page load timeout: '30'

2019-05-15 08:45:09 - [MESSAGE][PASSED] - Object 'Object Repository/ADMIN/Categories/Category/label_edit popup' is visible

2019-05-15 08:45:09 - [TEST_STEP][PASSED] - waitForElementNotPresent: Web element with id: 'Object Repository/ADMIN/Categories/Category/label_edit popup' located by 'By.xpath: //div[(text() = 'Category was successfully saved.' or . = 'Category was successfully saved.')]' is not present after '30' second(s)

2019-05-15 08:45:09 - [MESSAGE][WARNING] - Timeout '0' is invalid. Using default page load timeout: '30'

2019-05-15 08:45:15 - [MESSAGE][PASSED] - Web element with id: 'Object Repository/ADMIN/Categories/Category/label_edit popup' located by 'By.xpath: //div[(text() = 'Category was successfully saved.' or . = 'Category was successfully saved.')]' is not present after '30' second(s)]]></system-out>
         <system-err><![CDATA[2019-05-15 08:44:43 - [TEST_CASE][FAILED] - Test Cases/ADMIN/Content Mgmt/Categories/Category Add-Edit/Add Category: Test Cases/ADMIN/Content Mgmt/Categories/Category Add-Edit/Add Category FAILED because (of) Unable to click on object 'Object Repository/ADMIN/Categories/Category List/button_Categories' (Root cause: org.openqa.selenium.ElementNotVisibleException: element not visible
  (Session info: chrome=74.0.3729.131)
  (Driver info: chromedriver=2.35.528161 (5b82f2d2aae0ca24b877009200ced9065a772e73),platform=Windows NT 6.1.7601 SP1 x86_64) (WARNING: The server did not provide any stacktrace information)
Command duration or timeout: 0 milliseconds
Build info: version: '3.7.1', revision: '8a0099a', time: '2017-11-06T21:07:36.161Z'
System info: host: 'ARCADIER-PC', ip: '10.10.31.95', os.name: 'Windows 7', os.arch: 'amd64', os.version: '6.1', java.version: '1.8.0_102'
Driver info: com.kms.katalon.core.webui.driver.ExistingRemoteWebDriver
Capabilities {javascriptEnabled: true, platform: ANY, platformName: ANY}
Session ID: 4cba786bf88613ee8a0544a4d9db771f)]]></system-err>
      </testcase>
      <testcase name="Test Cases/ADMIN/Content Mgmt/Categories/Category Add-Edit/Add Category" classname="Test Cases/ADMIN/Content Mgmt/Categories/Category Add-Edit/Add Category" status="FAILED">
         <failure type="FAILED" message="Unable to click on object 'Object Repository/ADMIN/Categories/Category List/button_Categories' (Root cause: org.openqa.selenium.ElementNotVisibleException: element not visible
  (Session info: chrome=74.0.3729.131)
  (Driver info: chromedriver=2.35.528161 (5b82f2d2aae0ca24b877009200ced9065a772e73),platform=Windows NT 6.1.7601 SP1 x86_64) (WARNING: The server did not provide any stacktrace information)
Command duration or timeout: 0 milliseconds
Build info: version: '3.7.1', revision: '8a0099a', time: '2017-11-06T21:07:36.161Z'
System info: host: 'ARCADIER-PC', ip: '10.10.31.95', os.name: 'Windows 7', os.arch: 'amd64', os.version: '6.1', java.version: '1.8.0_102'
Driver info: com.kms.katalon.core.webui.driver.ExistingRemoteWebDriver
Capabilities {javascriptEnabled: true, platform: ANY, platformName: ANY}
Session ID: 4cba786bf88613ee8a0544a4d9db771f)"/>
         <system-out><![CDATA[2019-05-15 08:45:15 - [TEST_CASE][FAILED] - Test Cases/ADMIN/Content Mgmt/Categories/Category Add-Edit/Add Category: Test Cases/ADMIN/Content Mgmt/Categories/Category Add-Edit/Add Category FAILED because (of) Unable to click on object 'Object Repository/ADMIN/Categories/Category List/button_Categories' (Root cause: org.openqa.selenium.ElementNotVisibleException: element not visible
  (Session info: chrome=74.0.3729.131)
  (Driver info: chromedriver=2.35.528161 (5b82f2d2aae0ca24b877009200ced9065a772e73),platform=Windows NT 6.1.7601 SP1 x86_64) (WARNING: The server did not provide any stacktrace information)
Command duration or timeout: 0 milliseconds
Build info: version: '3.7.1', revision: '8a0099a', time: '2017-11-06T21:07:36.161Z'
System info: host: 'ARCADIER-PC', ip: '10.10.31.95', os.name: 'Windows 7', os.arch: 'amd64', os.version: '6.1', java.version: '1.8.0_102'
Driver info: com.kms.katalon.core.webui.driver.ExistingRemoteWebDriver
Capabilities {javascriptEnabled: true, platform: ANY, platformName: ANY}
Session ID: 4cba786bf88613ee8a0544a4d9db771f)

2019-05-15 08:45:15 - [TEST_STEP][PASSED] - waitForElementVisible: Object 'Object Repository/ADMIN/Categories/Category List/button_Content Mgmt' is visible

2019-05-15 08:45:15 - [MESSAGE][WARNING] - Timeout '0' is invalid. Using default page load timeout: '30'

2019-05-15 08:45:15 - [MESSAGE][PASSED] - Object 'Object Repository/ADMIN/Categories/Category List/button_Content Mgmt' is visible

2019-05-15 08:45:15 - [TEST_STEP][PASSED] - click: Object: 'Object Repository/ADMIN/Categories/Category List/button_Content Mgmt' is clicked on

2019-05-15 08:45:15 - [MESSAGE][PASSED] - Object: 'Object Repository/ADMIN/Categories/Category List/button_Content Mgmt' is clicked on

2019-05-15 08:45:15 - [TEST_STEP][PASSED] - waitForElementVisible: Object 'Object Repository/ADMIN/Categories/Category List/button_Categories' is visible

2019-05-15 08:45:15 - [MESSAGE][WARNING] - Timeout '0' is invalid. Using default page load timeout: '30'

2019-05-15 08:45:15 - [MESSAGE][PASSED] - Object 'Object Repository/ADMIN/Categories/Category List/button_Categories' is visible

2019-05-15 08:45:15 - [TEST_STEP][FAILED] - click: Unable to click on object 'Object Repository/ADMIN/Categories/Category List/button_Categories' (Root cause: org.openqa.selenium.ElementNotVisibleException: element not visible
  (Session info: chrome=74.0.3729.131)
  (Driver info: chromedriver=2.35.528161 (5b82f2d2aae0ca24b877009200ced9065a772e73),platform=Windows NT 6.1.7601 SP1 x86_64) (WARNING: The server did not provide any stacktrace information)
Command duration or timeout: 0 milliseconds
Build info: version: '3.7.1', revision: '8a0099a', time: '2017-11-06T21:07:36.161Z'
System info: host: 'ARCADIER-PC', ip: '10.10.31.95', os.name: 'Windows 7', os.arch: 'amd64', os.version: '6.1', java.version: '1.8.0_102'
Driver info: com.kms.katalon.core.webui.driver.ExistingRemoteWebDriver
Capabilities {javascriptEnabled: true, platform: ANY, platformName: ANY}
Session ID: 4cba786bf88613ee8a0544a4d9db771f)

2019-05-15 08:45:16 - [MESSAGE][FAILED] - Unable to click on object 'Object Repository/ADMIN/Categories/Category List/button_Categories' (Root cause: org.openqa.selenium.ElementNotVisibleException: element not visible
  (Session info: chrome=74.0.3729.131)
  (Driver info: chromedriver=2.35.528161 (5b82f2d2aae0ca24b877009200ced9065a772e73),platform=Windows NT 6.1.7601 SP1 x86_64) (WARNING: The server did not provide any stacktrace information)
Command duration or timeout: 0 milliseconds
Build info: version: '3.7.1', revision: '8a0099a', time: '2017-11-06T21:07:36.161Z'
System info: host: 'ARCADIER-PC', ip: '10.10.31.95', os.name: 'Windows 7', os.arch: 'amd64', os.version: '6.1', java.version: '1.8.0_102'
Driver info: com.kms.katalon.core.webui.driver.ExistingRemoteWebDriver
Capabilities {javascriptEnabled: true, platform: ANY, platformName: ANY}
Session ID: 4cba786bf88613ee8a0544a4d9db771f)
[[ATTACHMENT|C:\\Katalon\\Arctick\\Reports\\Suites\\Admin Add Category\\20190515_083232\\1557881115926.png]]

2019-05-15 08:45:16 - [TEST_STEP][PASSED] - waitForPageLoad: Wait for page load successfully

2019-05-15 08:45:16 - [MESSAGE][WARNING] - Timeout '0' is invalid. Using default page load timeout: '30'

2019-05-15 08:45:16 - [MESSAGE][PASSED] - Wait for page load successfully

2019-05-15 08:45:16 - [TEST_STEP][PASSED] - click: Object: 'Object Repository/ADMIN/Categories/Category List/button_Add a Category' is clicked on

2019-05-15 08:45:16 - [MESSAGE][PASSED] - Object: 'Object Repository/ADMIN/Categories/Category List/button_Add a Category' is clicked on

2019-05-15 08:45:16 - [TEST_STEP][PASSED] - waitForElementPresent: Object 'Object Repository/ADMIN/Categories/Category/dropdown_Parent' is present

2019-05-15 08:45:16 - [MESSAGE][PASSED] - Object 'Object Repository/ADMIN/Categories/Category/dropdown_Parent' is present

2019-05-15 08:45:16 - [TEST_STEP][PASSED] - delay: Delayed 1 second(s)

2019-05-15 08:45:17 - [MESSAGE][PASSED] - Delayed 1 second(s)

2019-05-15 08:45:17 - [TEST_STEP][PASSED] - setText: Text 'Category 3' is set on object 'Object Repository/ADMIN/Categories/Category/textfield_Category Name'

2019-05-15 08:45:17 - [MESSAGE][PASSED] - Text 'Category 3' is set on object 'Object Repository/ADMIN/Categories/Category/textfield_Category Name'

2019-05-15 08:45:17 - [TEST_STEP][PASSED] - click: Object: 'Object Repository/ADMIN/Categories/Category/dropdown_Parent' is clicked on

2019-05-15 08:45:17 - [MESSAGE][PASSED] - Object: 'Object Repository/ADMIN/Categories/Category/dropdown_Parent' is clicked on

2019-05-15 08:45:17 - [TEST_STEP][PASSED] - delay: Delayed 2 second(s)

2019-05-15 08:45:19 - [MESSAGE][PASSED] - Delayed 2 second(s)

2019-05-15 08:45:19 - [TEST_STEP][PASSED] - click: Object: 'Object Repository/ADMIN/Categories/Category/dropdown_Parent' is clicked on

2019-05-15 08:45:19 - [MESSAGE][PASSED] - Object: 'Object Repository/ADMIN/Categories/Category/dropdown_Parent' is clicked on

2019-05-15 08:45:19 - [TEST_STEP][FAILED] - selectOptionByLabel: Unable to select option by label '-' of object 'Object Repository/ADMIN/Categories/Category/dropdown_Parent'  (Root cause: org.openqa.selenium.NoSuchElementException: Cannot locate element with text: -
For documentation on this error, please visit: http://seleniumhq.org/exceptions/no_such_element.html
Build info: version: '3.7.1', revision: '8a0099a', time: '2017-11-06T21:07:36.161Z'
System info: host: 'ARCADIER-PC', ip: '10.10.31.95', os.name: 'Windows 7', os.arch: 'amd64', os.version: '6.1', java.version: '1.8.0_102'
Driver info: driver.version: unknown)

2019-05-15 08:45:20 - [MESSAGE][FAILED] - Unable to select option by label '-' of object 'Object Repository/ADMIN/Categories/Category/dropdown_Parent'  (Root cause: org.openqa.selenium.NoSuchElementException: Cannot locate element with text: -
For documentation on this error, please visit: http://seleniumhq.org/exceptions/no_such_element.html
Build info: version: '3.7.1', revision: '8a0099a', time: '2017-11-06T21:07:36.161Z'
System info: host: 'ARCADIER-PC', ip: '10.10.31.95', os.name: 'Windows 7', os.arch: 'amd64', os.version: '6.1', java.version: '1.8.0_102'
Driver info: driver.version: unknown)
[[ATTACHMENT|C:\\Katalon\\Arctick\\Reports\\Suites\\Admin Add Category\\20190515_083232\\1557881119757.png]]

2019-05-15 08:45:20 - [TEST_STEP][PASSED] - click: Object: 'Object Repository/ADMIN/Categories/Category/button_Browse' is clicked on

2019-05-15 08:45:20 - [MESSAGE][PASSED] - Object: 'Object Repository/ADMIN/Categories/Category/button_Browse' is clicked on

2019-05-15 08:45:20 - [TEST_STEP][PASSED] - delay: Delayed 1 second(s)

2019-05-15 08:45:21 - [MESSAGE][PASSED] - Delayed 1 second(s)

2019-05-15 08:45:21 - [TEST_STEP][PASSED] - uploadFile: File 'C:\\Katalon\\Image\\pic10.jpg' sent to object: 'Object Repository/ADMIN/Categories/Category/image_input image'

2019-05-15 08:45:21 - [MESSAGE][PASSED] - File 'C:\\Katalon\\Image\\pic10.jpg' sent to object: 'Object Repository/ADMIN/Categories/Category/image_input image'

2019-05-15 08:45:21 - [TEST_STEP][PASSED] - waitForElementVisible: Object 'Object Repository/ADMIN/Categories/Category/button_upload check' is visible

2019-05-15 08:45:21 - [MESSAGE][WARNING] - Timeout '0' is invalid. Using default page load timeout: '30'

2019-05-15 08:45:21 - [MESSAGE][PASSED] - Object 'Object Repository/ADMIN/Categories/Category/button_upload check' is visible

2019-05-15 08:45:21 - [TEST_STEP][PASSED] - click: Object: 'Object Repository/ADMIN/Categories/Category/button_upload check' is clicked on

2019-05-15 08:45:21 - [MESSAGE][PASSED] - Object: 'Object Repository/ADMIN/Categories/Category/button_upload check' is clicked on

2019-05-15 08:45:21 - [TEST_STEP][PASSED] - click: Object: 'Object Repository/ADMIN/Categories/Category/button_upload save' is clicked on

2019-05-15 08:45:21 - [MESSAGE][PASSED] - Object: 'Object Repository/ADMIN/Categories/Category/button_upload save' is clicked on

2019-05-15 08:45:21 - [TEST_STEP][PASSED] - waitForElementVisible: Object 'Object Repository/ADMIN/Categories/Category/button_upload save' is visible

2019-05-15 08:45:21 - [MESSAGE][WARNING] - Timeout '0' is invalid. Using default page load timeout: '30'

2019-05-15 08:45:21 - [MESSAGE][PASSED] - Object 'Object Repository/ADMIN/Categories/Category/button_upload save' is visible

2019-05-15 08:45:21 - [TEST_STEP][PASSED] - setText: Text 'Description35' is set on object 'Object Repository/ADMIN/Categories/Category/textfield_category_description'

2019-05-15 08:45:21 - [MESSAGE][PASSED] - Text 'Description35' is set on object 'Object Repository/ADMIN/Categories/Category/textfield_category_description'

2019-05-15 08:45:21 - [TEST_STEP][PASSED] - click: Object: 'Object Repository/ADMIN/Categories/Category/button_Save' is clicked on

2019-05-15 08:45:21 - [MESSAGE][PASSED] - Object: 'Object Repository/ADMIN/Categories/Category/button_Save' is clicked on

2019-05-15 08:45:22 - [TEST_STEP][PASSED] - waitForElementVisible: Object 'Object Repository/ADMIN/Categories/Category/label_edit popup' is visible

2019-05-15 08:45:22 - [MESSAGE][WARNING] - Timeout '0' is invalid. Using default page load timeout: '30'

2019-05-15 08:45:41 - [MESSAGE][PASSED] - Object 'Object Repository/ADMIN/Categories/Category/label_edit popup' is visible

2019-05-15 08:45:41 - [TEST_STEP][PASSED] - waitForElementNotPresent: Web element with id: 'Object Repository/ADMIN/Categories/Category/label_edit popup' located by 'By.xpath: //div[(text() = 'Category was successfully saved.' or . = 'Category was successfully saved.')]' is not present after '30' second(s)

2019-05-15 08:45:41 - [MESSAGE][WARNING] - Timeout '0' is invalid. Using default page load timeout: '30'

2019-05-15 08:45:47 - [MESSAGE][PASSED] - Web element with id: 'Object Repository/ADMIN/Categories/Category/label_edit popup' located by 'By.xpath: //div[(text() = 'Category was successfully saved.' or . = 'Category was successfully saved.')]' is not present after '30' second(s)]]></system-out>
         <system-err><![CDATA[2019-05-15 08:45:15 - [TEST_CASE][FAILED] - Test Cases/ADMIN/Content Mgmt/Categories/Category Add-Edit/Add Category: Test Cases/ADMIN/Content Mgmt/Categories/Category Add-Edit/Add Category FAILED because (of) Unable to click on object 'Object Repository/ADMIN/Categories/Category List/button_Categories' (Root cause: org.openqa.selenium.ElementNotVisibleException: element not visible
  (Session info: chrome=74.0.3729.131)
  (Driver info: chromedriver=2.35.528161 (5b82f2d2aae0ca24b877009200ced9065a772e73),platform=Windows NT 6.1.7601 SP1 x86_64) (WARNING: The server did not provide any stacktrace information)
Command duration or timeout: 0 milliseconds
Build info: version: '3.7.1', revision: '8a0099a', time: '2017-11-06T21:07:36.161Z'
System info: host: 'ARCADIER-PC', ip: '10.10.31.95', os.name: 'Windows 7', os.arch: 'amd64', os.version: '6.1', java.version: '1.8.0_102'
Driver info: com.kms.katalon.core.webui.driver.ExistingRemoteWebDriver
Capabilities {javascriptEnabled: true, platform: ANY, platformName: ANY}
Session ID: 4cba786bf88613ee8a0544a4d9db771f)]]></system-err>
      </testcase>
      <testcase name="Test Cases/ADMIN/Content Mgmt/Categories/Category Add-Edit/Add Category" classname="Test Cases/ADMIN/Content Mgmt/Categories/Category Add-Edit/Add Category" status="FAILED">
         <failure type="FAILED" message="Unable to click on object 'Object Repository/ADMIN/Categories/Category List/button_Categories' (Root cause: org.openqa.selenium.ElementNotVisibleException: element not visible
  (Session info: chrome=74.0.3729.131)
  (Driver info: chromedriver=2.35.528161 (5b82f2d2aae0ca24b877009200ced9065a772e73),platform=Windows NT 6.1.7601 SP1 x86_64) (WARNING: The server did not provide any stacktrace information)
Command duration or timeout: 0 milliseconds
Build info: version: '3.7.1', revision: '8a0099a', time: '2017-11-06T21:07:36.161Z'
System info: host: 'ARCADIER-PC', ip: '10.10.31.95', os.name: 'Windows 7', os.arch: 'amd64', os.version: '6.1', java.version: '1.8.0_102'
Driver info: com.kms.katalon.core.webui.driver.ExistingRemoteWebDriver
Capabilities {javascriptEnabled: true, platform: ANY, platformName: ANY}
Session ID: 4cba786bf88613ee8a0544a4d9db771f)"/>
         <system-out><![CDATA[2019-05-15 08:45:47 - [TEST_CASE][FAILED] - Test Cases/ADMIN/Content Mgmt/Categories/Category Add-Edit/Add Category: Test Cases/ADMIN/Content Mgmt/Categories/Category Add-Edit/Add Category FAILED because (of) Unable to click on object 'Object Repository/ADMIN/Categories/Category List/button_Categories' (Root cause: org.openqa.selenium.ElementNotVisibleException: element not visible
  (Session info: chrome=74.0.3729.131)
  (Driver info: chromedriver=2.35.528161 (5b82f2d2aae0ca24b877009200ced9065a772e73),platform=Windows NT 6.1.7601 SP1 x86_64) (WARNING: The server did not provide any stacktrace information)
Command duration or timeout: 0 milliseconds
Build info: version: '3.7.1', revision: '8a0099a', time: '2017-11-06T21:07:36.161Z'
System info: host: 'ARCADIER-PC', ip: '10.10.31.95', os.name: 'Windows 7', os.arch: 'amd64', os.version: '6.1', java.version: '1.8.0_102'
Driver info: com.kms.katalon.core.webui.driver.ExistingRemoteWebDriver
Capabilities {javascriptEnabled: true, platform: ANY, platformName: ANY}
Session ID: 4cba786bf88613ee8a0544a4d9db771f)

2019-05-15 08:45:47 - [TEST_STEP][PASSED] - waitForElementVisible: Object 'Object Repository/ADMIN/Categories/Category List/button_Content Mgmt' is visible

2019-05-15 08:45:47 - [MESSAGE][WARNING] - Timeout '0' is invalid. Using default page load timeout: '30'

2019-05-15 08:45:47 - [MESSAGE][PASSED] - Object 'Object Repository/ADMIN/Categories/Category List/button_Content Mgmt' is visible

2019-05-15 08:45:47 - [TEST_STEP][PASSED] - click: Object: 'Object Repository/ADMIN/Categories/Category List/button_Content Mgmt' is clicked on

2019-05-15 08:45:47 - [MESSAGE][PASSED] - Object: 'Object Repository/ADMIN/Categories/Category List/button_Content Mgmt' is clicked on

2019-05-15 08:45:47 - [TEST_STEP][PASSED] - waitForElementVisible: Object 'Object Repository/ADMIN/Categories/Category List/button_Categories' is visible

2019-05-15 08:45:47 - [MESSAGE][WARNING] - Timeout '0' is invalid. Using default page load timeout: '30'

2019-05-15 08:45:47 - [MESSAGE][PASSED] - Object 'Object Repository/ADMIN/Categories/Category List/button_Categories' is visible

2019-05-15 08:45:47 - [TEST_STEP][FAILED] - click: Unable to click on object 'Object Repository/ADMIN/Categories/Category List/button_Categories' (Root cause: org.openqa.selenium.ElementNotVisibleException: element not visible
  (Session info: chrome=74.0.3729.131)
  (Driver info: chromedriver=2.35.528161 (5b82f2d2aae0ca24b877009200ced9065a772e73),platform=Windows NT 6.1.7601 SP1 x86_64) (WARNING: The server did not provide any stacktrace information)
Command duration or timeout: 0 milliseconds
Build info: version: '3.7.1', revision: '8a0099a', time: '2017-11-06T21:07:36.161Z'
System info: host: 'ARCADIER-PC', ip: '10.10.31.95', os.name: 'Windows 7', os.arch: 'amd64', os.version: '6.1', java.version: '1.8.0_102'
Driver info: com.kms.katalon.core.webui.driver.ExistingRemoteWebDriver
Capabilities {javascriptEnabled: true, platform: ANY, platformName: ANY}
Session ID: 4cba786bf88613ee8a0544a4d9db771f)

2019-05-15 08:45:47 - [MESSAGE][FAILED] - Unable to click on object 'Object Repository/ADMIN/Categories/Category List/button_Categories' (Root cause: org.openqa.selenium.ElementNotVisibleException: element not visible
  (Session info: chrome=74.0.3729.131)
  (Driver info: chromedriver=2.35.528161 (5b82f2d2aae0ca24b877009200ced9065a772e73),platform=Windows NT 6.1.7601 SP1 x86_64) (WARNING: The server did not provide any stacktrace information)
Command duration or timeout: 0 milliseconds
Build info: version: '3.7.1', revision: '8a0099a', time: '2017-11-06T21:07:36.161Z'
System info: host: 'ARCADIER-PC', ip: '10.10.31.95', os.name: 'Windows 7', os.arch: 'amd64', os.version: '6.1', java.version: '1.8.0_102'
Driver info: com.kms.katalon.core.webui.driver.ExistingRemoteWebDriver
Capabilities {javascriptEnabled: true, platform: ANY, platformName: ANY}
Session ID: 4cba786bf88613ee8a0544a4d9db771f)
[[ATTACHMENT|C:\\Katalon\\Arctick\\Reports\\Suites\\Admin Add Category\\20190515_083232\\1557881147534.png]]

2019-05-15 08:45:47 - [TEST_STEP][PASSED] - waitForPageLoad: Wait for page load successfully

2019-05-15 08:45:47 - [MESSAGE][WARNING] - Timeout '0' is invalid. Using default page load timeout: '30'

2019-05-15 08:45:47 - [MESSAGE][PASSED] - Wait for page load successfully

2019-05-15 08:45:47 - [TEST_STEP][PASSED] - click: Object: 'Object Repository/ADMIN/Categories/Category List/button_Add a Category' is clicked on

2019-05-15 08:45:47 - [MESSAGE][PASSED] - Object: 'Object Repository/ADMIN/Categories/Category List/button_Add a Category' is clicked on

2019-05-15 08:45:47 - [TEST_STEP][PASSED] - waitForElementPresent: Object 'Object Repository/ADMIN/Categories/Category/dropdown_Parent' is present

2019-05-15 08:45:47 - [MESSAGE][PASSED] - Object 'Object Repository/ADMIN/Categories/Category/dropdown_Parent' is present

2019-05-15 08:45:47 - [TEST_STEP][PASSED] - delay: Delayed 1 second(s)

2019-05-15 08:45:48 - [MESSAGE][PASSED] - Delayed 1 second(s)

2019-05-15 08:45:48 - [TEST_STEP][PASSED] - setText: Text 'Category 3.1' is set on object 'Object Repository/ADMIN/Categories/Category/textfield_Category Name'

2019-05-15 08:45:49 - [MESSAGE][PASSED] - Text 'Category 3.1' is set on object 'Object Repository/ADMIN/Categories/Category/textfield_Category Name'

2019-05-15 08:45:49 - [TEST_STEP][PASSED] - click: Object: 'Object Repository/ADMIN/Categories/Category/dropdown_Parent' is clicked on

2019-05-15 08:45:49 - [MESSAGE][PASSED] - Object: 'Object Repository/ADMIN/Categories/Category/dropdown_Parent' is clicked on

2019-05-15 08:45:49 - [TEST_STEP][PASSED] - delay: Delayed 2 second(s)

2019-05-15 08:45:51 - [MESSAGE][PASSED] - Delayed 2 second(s)

2019-05-15 08:45:51 - [TEST_STEP][PASSED] - click: Object: 'Object Repository/ADMIN/Categories/Category/dropdown_Parent' is clicked on

2019-05-15 08:45:51 - [MESSAGE][PASSED] - Object: 'Object Repository/ADMIN/Categories/Category/dropdown_Parent' is clicked on

2019-05-15 08:45:51 - [TEST_STEP][FAILED] - selectOptionByLabel: Unable to select option by label 'Category 3' of object 'Object Repository/ADMIN/Categories/Category/dropdown_Parent'  (Root cause: org.openqa.selenium.NoSuchElementException: Cannot locate element with text: Category 3
For documentation on this error, please visit: http://seleniumhq.org/exceptions/no_such_element.html
Build info: version: '3.7.1', revision: '8a0099a', time: '2017-11-06T21:07:36.161Z'
System info: host: 'ARCADIER-PC', ip: '10.10.31.95', os.name: 'Windows 7', os.arch: 'amd64', os.version: '6.1', java.version: '1.8.0_102'
Driver info: driver.version: unknown)

2019-05-15 08:45:51 - [MESSAGE][FAILED] - Unable to select option by label 'Category 3' of object 'Object Repository/ADMIN/Categories/Category/dropdown_Parent'  (Root cause: org.openqa.selenium.NoSuchElementException: Cannot locate element with text: Category 3
For documentation on this error, please visit: http://seleniumhq.org/exceptions/no_such_element.html
Build info: version: '3.7.1', revision: '8a0099a', time: '2017-11-06T21:07:36.161Z'
System info: host: 'ARCADIER-PC', ip: '10.10.31.95', os.name: 'Windows 7', os.arch: 'amd64', os.version: '6.1', java.version: '1.8.0_102'
Driver info: driver.version: unknown)
[[ATTACHMENT|C:\\Katalon\\Arctick\\Reports\\Suites\\Admin Add Category\\20190515_083232\\1557881151613.png]]

2019-05-15 08:45:51 - [TEST_STEP][PASSED] - click: Object: 'Object Repository/ADMIN/Categories/Category/button_Browse' is clicked on

2019-05-15 08:45:52 - [MESSAGE][PASSED] - Object: 'Object Repository/ADMIN/Categories/Category/button_Browse' is clicked on

2019-05-15 08:45:52 - [TEST_STEP][PASSED] - delay: Delayed 1 second(s)

2019-05-15 08:45:53 - [MESSAGE][PASSED] - Delayed 1 second(s)

2019-05-15 08:45:53 - [TEST_STEP][PASSED] - uploadFile: File 'C:\\Katalon\\Image\\pic11.jpg' sent to object: 'Object Repository/ADMIN/Categories/Category/image_input image'

2019-05-15 08:45:53 - [MESSAGE][PASSED] - File 'C:\\Katalon\\Image\\pic11.jpg' sent to object: 'Object Repository/ADMIN/Categories/Category/image_input image'

2019-05-15 08:45:53 - [TEST_STEP][PASSED] - waitForElementVisible: Object 'Object Repository/ADMIN/Categories/Category/button_upload check' is visible

2019-05-15 08:45:53 - [MESSAGE][WARNING] - Timeout '0' is invalid. Using default page load timeout: '30'

2019-05-15 08:45:53 - [MESSAGE][PASSED] - Object 'Object Repository/ADMIN/Categories/Category/button_upload check' is visible

2019-05-15 08:45:53 - [TEST_STEP][PASSED] - click: Object: 'Object Repository/ADMIN/Categories/Category/button_upload check' is clicked on

2019-05-15 08:45:53 - [MESSAGE][PASSED] - Object: 'Object Repository/ADMIN/Categories/Category/button_upload check' is clicked on

2019-05-15 08:45:53 - [TEST_STEP][PASSED] - click: Object: 'Object Repository/ADMIN/Categories/Category/button_upload save' is clicked on

2019-05-15 08:45:53 - [MESSAGE][PASSED] - Object: 'Object Repository/ADMIN/Categories/Category/button_upload save' is clicked on

2019-05-15 08:45:53 - [TEST_STEP][PASSED] - waitForElementVisible: Object 'Object Repository/ADMIN/Categories/Category/button_upload save' is visible

2019-05-15 08:45:53 - [MESSAGE][WARNING] - Timeout '0' is invalid. Using default page load timeout: '30'

2019-05-15 08:45:53 - [MESSAGE][PASSED] - Object 'Object Repository/ADMIN/Categories/Category/button_upload save' is visible

2019-05-15 08:45:53 - [TEST_STEP][PASSED] - setText: Text 'Description36' is set on object 'Object Repository/ADMIN/Categories/Category/textfield_category_description'

2019-05-15 08:45:53 - [MESSAGE][PASSED] - Text 'Description36' is set on object 'Object Repository/ADMIN/Categories/Category/textfield_category_description'

2019-05-15 08:45:53 - [TEST_STEP][PASSED] - click: Object: 'Object Repository/ADMIN/Categories/Category/button_Save' is clicked on

2019-05-15 08:45:53 - [MESSAGE][PASSED] - Object: 'Object Repository/ADMIN/Categories/Category/button_Save' is clicked on

2019-05-15 08:45:53 - [TEST_STEP][PASSED] - waitForElementVisible: Object 'Object Repository/ADMIN/Categories/Category/label_edit popup' is visible

2019-05-15 08:45:53 - [MESSAGE][WARNING] - Timeout '0' is invalid. Using default page load timeout: '30'

2019-05-15 08:46:09 - [MESSAGE][PASSED] - Object 'Object Repository/ADMIN/Categories/Category/label_edit popup' is visible

2019-05-15 08:46:09 - [TEST_STEP][PASSED] - waitForElementNotPresent: Web element with id: 'Object Repository/ADMIN/Categories/Category/label_edit popup' located by 'By.xpath: //div[(text() = 'Category was successfully saved.' or . = 'Category was successfully saved.')]' is not present after '30' second(s)

2019-05-15 08:46:09 - [MESSAGE][WARNING] - Timeout '0' is invalid. Using default page load timeout: '30'

2019-05-15 08:46:15 - [MESSAGE][PASSED] - Web element with id: 'Object Repository/ADMIN/Categories/Category/label_edit popup' located by 'By.xpath: //div[(text() = 'Category was successfully saved.' or . = 'Category was successfully saved.')]' is not present after '30' second(s)]]></system-out>
         <system-err><![CDATA[2019-05-15 08:45:47 - [TEST_CASE][FAILED] - Test Cases/ADMIN/Content Mgmt/Categories/Category Add-Edit/Add Category: Test Cases/ADMIN/Content Mgmt/Categories/Category Add-Edit/Add Category FAILED because (of) Unable to click on object 'Object Repository/ADMIN/Categories/Category List/button_Categories' (Root cause: org.openqa.selenium.ElementNotVisibleException: element not visible
  (Session info: chrome=74.0.3729.131)
  (Driver info: chromedriver=2.35.528161 (5b82f2d2aae0ca24b877009200ced9065a772e73),platform=Windows NT 6.1.7601 SP1 x86_64) (WARNING: The server did not provide any stacktrace information)
Command duration or timeout: 0 milliseconds
Build info: version: '3.7.1', revision: '8a0099a', time: '2017-11-06T21:07:36.161Z'
System info: host: 'ARCADIER-PC', ip: '10.10.31.95', os.name: 'Windows 7', os.arch: 'amd64', os.version: '6.1', java.version: '1.8.0_102'
Driver info: com.kms.katalon.core.webui.driver.ExistingRemoteWebDriver
Capabilities {javascriptEnabled: true, platform: ANY, platformName: ANY}
Session ID: 4cba786bf88613ee8a0544a4d9db771f)]]></system-err>
      </testcase>
      <testcase name="Test Cases/ADMIN/Content Mgmt/Categories/Category Add-Edit/Add Category" classname="Test Cases/ADMIN/Content Mgmt/Categories/Category Add-Edit/Add Category" status="FAILED">
         <failure type="FAILED" message="Unable to click on object 'Object Repository/ADMIN/Categories/Category List/button_Categories' (Root cause: org.openqa.selenium.ElementNotVisibleException: element not visible
  (Session info: chrome=74.0.3729.131)
  (Driver info: chromedriver=2.35.528161 (5b82f2d2aae0ca24b877009200ced9065a772e73),platform=Windows NT 6.1.7601 SP1 x86_64) (WARNING: The server did not provide any stacktrace information)
Command duration or timeout: 0 milliseconds
Build info: version: '3.7.1', revision: '8a0099a', time: '2017-11-06T21:07:36.161Z'
System info: host: 'ARCADIER-PC', ip: '10.10.31.95', os.name: 'Windows 7', os.arch: 'amd64', os.version: '6.1', java.version: '1.8.0_102'
Driver info: com.kms.katalon.core.webui.driver.ExistingRemoteWebDriver
Capabilities {javascriptEnabled: true, platform: ANY, platformName: ANY}
Session ID: 4cba786bf88613ee8a0544a4d9db771f)"/>
         <system-out><![CDATA[2019-05-15 08:46:15 - [TEST_CASE][FAILED] - Test Cases/ADMIN/Content Mgmt/Categories/Category Add-Edit/Add Category: Test Cases/ADMIN/Content Mgmt/Categories/Category Add-Edit/Add Category FAILED because (of) Unable to click on object 'Object Repository/ADMIN/Categories/Category List/button_Categories' (Root cause: org.openqa.selenium.ElementNotVisibleException: element not visible
  (Session info: chrome=74.0.3729.131)
  (Driver info: chromedriver=2.35.528161 (5b82f2d2aae0ca24b877009200ced9065a772e73),platform=Windows NT 6.1.7601 SP1 x86_64) (WARNING: The server did not provide any stacktrace information)
Command duration or timeout: 0 milliseconds
Build info: version: '3.7.1', revision: '8a0099a', time: '2017-11-06T21:07:36.161Z'
System info: host: 'ARCADIER-PC', ip: '10.10.31.95', os.name: 'Windows 7', os.arch: 'amd64', os.version: '6.1', java.version: '1.8.0_102'
Driver info: com.kms.katalon.core.webui.driver.ExistingRemoteWebDriver
Capabilities {javascriptEnabled: true, platform: ANY, platformName: ANY}
Session ID: 4cba786bf88613ee8a0544a4d9db771f)

2019-05-15 08:46:15 - [TEST_STEP][PASSED] - waitForElementVisible: Object 'Object Repository/ADMIN/Categories/Category List/button_Content Mgmt' is visible

2019-05-15 08:46:15 - [MESSAGE][WARNING] - Timeout '0' is invalid. Using default page load timeout: '30'

2019-05-15 08:46:15 - [MESSAGE][PASSED] - Object 'Object Repository/ADMIN/Categories/Category List/button_Content Mgmt' is visible

2019-05-15 08:46:15 - [TEST_STEP][PASSED] - click: Object: 'Object Repository/ADMIN/Categories/Category List/button_Content Mgmt' is clicked on

2019-05-15 08:46:15 - [MESSAGE][PASSED] - Object: 'Object Repository/ADMIN/Categories/Category List/button_Content Mgmt' is clicked on

2019-05-15 08:46:15 - [TEST_STEP][PASSED] - waitForElementVisible: Object 'Object Repository/ADMIN/Categories/Category List/button_Categories' is visible

2019-05-15 08:46:15 - [MESSAGE][WARNING] - Timeout '0' is invalid. Using default page load timeout: '30'

2019-05-15 08:46:15 - [MESSAGE][PASSED] - Object 'Object Repository/ADMIN/Categories/Category List/button_Categories' is visible

2019-05-15 08:46:15 - [TEST_STEP][FAILED] - click: Unable to click on object 'Object Repository/ADMIN/Categories/Category List/button_Categories' (Root cause: org.openqa.selenium.ElementNotVisibleException: element not visible
  (Session info: chrome=74.0.3729.131)
  (Driver info: chromedriver=2.35.528161 (5b82f2d2aae0ca24b877009200ced9065a772e73),platform=Windows NT 6.1.7601 SP1 x86_64) (WARNING: The server did not provide any stacktrace information)
Command duration or timeout: 0 milliseconds
Build info: version: '3.7.1', revision: '8a0099a', time: '2017-11-06T21:07:36.161Z'
System info: host: 'ARCADIER-PC', ip: '10.10.31.95', os.name: 'Windows 7', os.arch: 'amd64', os.version: '6.1', java.version: '1.8.0_102'
Driver info: com.kms.katalon.core.webui.driver.ExistingRemoteWebDriver
Capabilities {javascriptEnabled: true, platform: ANY, platformName: ANY}
Session ID: 4cba786bf88613ee8a0544a4d9db771f)

2019-05-15 08:46:16 - [MESSAGE][FAILED] - Unable to click on object 'Object Repository/ADMIN/Categories/Category List/button_Categories' (Root cause: org.openqa.selenium.ElementNotVisibleException: element not visible
  (Session info: chrome=74.0.3729.131)
  (Driver info: chromedriver=2.35.528161 (5b82f2d2aae0ca24b877009200ced9065a772e73),platform=Windows NT 6.1.7601 SP1 x86_64) (WARNING: The server did not provide any stacktrace information)
Command duration or timeout: 0 milliseconds
Build info: version: '3.7.1', revision: '8a0099a', time: '2017-11-06T21:07:36.161Z'
System info: host: 'ARCADIER-PC', ip: '10.10.31.95', os.name: 'Windows 7', os.arch: 'amd64', os.version: '6.1', java.version: '1.8.0_102'
Driver info: com.kms.katalon.core.webui.driver.ExistingRemoteWebDriver
Capabilities {javascriptEnabled: true, platform: ANY, platformName: ANY}
Session ID: 4cba786bf88613ee8a0544a4d9db771f)
[[ATTACHMENT|C:\\Katalon\\Arctick\\Reports\\Suites\\Admin Add Category\\20190515_083232\\1557881175644.png]]

2019-05-15 08:46:16 - [TEST_STEP][PASSED] - waitForPageLoad: Wait for page load successfully

2019-05-15 08:46:16 - [MESSAGE][WARNING] - Timeout '0' is invalid. Using default page load timeout: '30'

2019-05-15 08:46:16 - [MESSAGE][PASSED] - Wait for page load successfully

2019-05-15 08:46:16 - [TEST_STEP][PASSED] - click: Object: 'Object Repository/ADMIN/Categories/Category List/button_Add a Category' is clicked on

2019-05-15 08:46:16 - [MESSAGE][PASSED] - Object: 'Object Repository/ADMIN/Categories/Category List/button_Add a Category' is clicked on

2019-05-15 08:46:16 - [TEST_STEP][PASSED] - waitForElementPresent: Object 'Object Repository/ADMIN/Categories/Category/dropdown_Parent' is present

2019-05-15 08:46:16 - [MESSAGE][PASSED] - Object 'Object Repository/ADMIN/Categories/Category/dropdown_Parent' is present

2019-05-15 08:46:16 - [TEST_STEP][PASSED] - delay: Delayed 1 second(s)

2019-05-15 08:46:17 - [MESSAGE][PASSED] - Delayed 1 second(s)

2019-05-15 08:46:17 - [TEST_STEP][PASSED] - setText: Text 'Category 3.2' is set on object 'Object Repository/ADMIN/Categories/Category/textfield_Category Name'

2019-05-15 08:46:17 - [MESSAGE][PASSED] - Text 'Category 3.2' is set on object 'Object Repository/ADMIN/Categories/Category/textfield_Category Name'

2019-05-15 08:46:17 - [TEST_STEP][PASSED] - click: Object: 'Object Repository/ADMIN/Categories/Category/dropdown_Parent' is clicked on

2019-05-15 08:46:17 - [MESSAGE][PASSED] - Object: 'Object Repository/ADMIN/Categories/Category/dropdown_Parent' is clicked on

2019-05-15 08:46:17 - [TEST_STEP][PASSED] - delay: Delayed 2 second(s)

2019-05-15 08:46:19 - [MESSAGE][PASSED] - Delayed 2 second(s)

2019-05-15 08:46:19 - [TEST_STEP][PASSED] - click: Object: 'Object Repository/ADMIN/Categories/Category/dropdown_Parent' is clicked on

2019-05-15 08:46:19 - [MESSAGE][PASSED] - Object: 'Object Repository/ADMIN/Categories/Category/dropdown_Parent' is clicked on

2019-05-15 08:46:19 - [TEST_STEP][FAILED] - selectOptionByLabel: Unable to select option by label 'Category 3' of object 'Object Repository/ADMIN/Categories/Category/dropdown_Parent'  (Root cause: org.openqa.selenium.NoSuchElementException: Cannot locate element with text: Category 3
For documentation on this error, please visit: http://seleniumhq.org/exceptions/no_such_element.html
Build info: version: '3.7.1', revision: '8a0099a', time: '2017-11-06T21:07:36.161Z'
System info: host: 'ARCADIER-PC', ip: '10.10.31.95', os.name: 'Windows 7', os.arch: 'amd64', os.version: '6.1', java.version: '1.8.0_102'
Driver info: driver.version: unknown)

2019-05-15 08:46:19 - [MESSAGE][FAILED] - Unable to select option by label 'Category 3' of object 'Object Repository/ADMIN/Categories/Category/dropdown_Parent'  (Root cause: org.openqa.selenium.NoSuchElementException: Cannot locate element with text: Category 3
For documentation on this error, please visit: http://seleniumhq.org/exceptions/no_such_element.html
Build info: version: '3.7.1', revision: '8a0099a', time: '2017-11-06T21:07:36.161Z'
System info: host: 'ARCADIER-PC', ip: '10.10.31.95', os.name: 'Windows 7', os.arch: 'amd64', os.version: '6.1', java.version: '1.8.0_102'
Driver info: driver.version: unknown)
[[ATTACHMENT|C:\\Katalon\\Arctick\\Reports\\Suites\\Admin Add Category\\20190515_083232\\1557881179589.png]]

2019-05-15 08:46:19 - [TEST_STEP][PASSED] - click: Object: 'Object Repository/ADMIN/Categories/Category/button_Browse' is clicked on

2019-05-15 08:46:19 - [MESSAGE][PASSED] - Object: 'Object Repository/ADMIN/Categories/Category/button_Browse' is clicked on

2019-05-15 08:46:19 - [TEST_STEP][PASSED] - delay: Delayed 1 second(s)

2019-05-15 08:46:20 - [MESSAGE][PASSED] - Delayed 1 second(s)

2019-05-15 08:46:20 - [TEST_STEP][PASSED] - uploadFile: File 'C:\\Katalon\\Image\\pic12.jpg' sent to object: 'Object Repository/ADMIN/Categories/Category/image_input image'

2019-05-15 08:46:21 - [MESSAGE][PASSED] - File 'C:\\Katalon\\Image\\pic12.jpg' sent to object: 'Object Repository/ADMIN/Categories/Category/image_input image'

2019-05-15 08:46:21 - [TEST_STEP][PASSED] - waitForElementVisible: Object 'Object Repository/ADMIN/Categories/Category/button_upload check' is visible

2019-05-15 08:46:21 - [MESSAGE][WARNING] - Timeout '0' is invalid. Using default page load timeout: '30'

2019-05-15 08:46:21 - [MESSAGE][PASSED] - Object 'Object Repository/ADMIN/Categories/Category/button_upload check' is visible

2019-05-15 08:46:21 - [TEST_STEP][PASSED] - click: Object: 'Object Repository/ADMIN/Categories/Category/button_upload check' is clicked on

2019-05-15 08:46:21 - [MESSAGE][PASSED] - Object: 'Object Repository/ADMIN/Categories/Category/button_upload check' is clicked on

2019-05-15 08:46:21 - [TEST_STEP][PASSED] - click: Object: 'Object Repository/ADMIN/Categories/Category/button_upload save' is clicked on

2019-05-15 08:46:21 - [MESSAGE][PASSED] - Object: 'Object Repository/ADMIN/Categories/Category/button_upload save' is clicked on

2019-05-15 08:46:21 - [TEST_STEP][PASSED] - waitForElementVisible: Object 'Object Repository/ADMIN/Categories/Category/button_upload save' is visible

2019-05-15 08:46:21 - [MESSAGE][WARNING] - Timeout '0' is invalid. Using default page load timeout: '30'

2019-05-15 08:46:21 - [MESSAGE][PASSED] - Object 'Object Repository/ADMIN/Categories/Category/button_upload save' is visible

2019-05-15 08:46:21 - [TEST_STEP][PASSED] - setText: Text 'Description37' is set on object 'Object Repository/ADMIN/Categories/Category/textfield_category_description'

2019-05-15 08:46:21 - [MESSAGE][PASSED] - Text 'Description37' is set on object 'Object Repository/ADMIN/Categories/Category/textfield_category_description'

2019-05-15 08:46:21 - [TEST_STEP][PASSED] - click: Object: 'Object Repository/ADMIN/Categories/Category/button_Save' is clicked on

2019-05-15 08:46:21 - [MESSAGE][PASSED] - Object: 'Object Repository/ADMIN/Categories/Category/button_Save' is clicked on

2019-05-15 08:46:21 - [TEST_STEP][PASSED] - waitForElementVisible: Object 'Object Repository/ADMIN/Categories/Category/label_edit popup' is visible

2019-05-15 08:46:21 - [MESSAGE][WARNING] - Timeout '0' is invalid. Using default page load timeout: '30'

2019-05-15 08:46:35 - [MESSAGE][PASSED] - Object 'Object Repository/ADMIN/Categories/Category/label_edit popup' is visible

2019-05-15 08:46:35 - [TEST_STEP][PASSED] - waitForElementNotPresent: Web element with id: 'Object Repository/ADMIN/Categories/Category/label_edit popup' located by 'By.xpath: //div[(text() = 'Category was successfully saved.' or . = 'Category was successfully saved.')]' is not present after '30' second(s)

2019-05-15 08:46:35 - [MESSAGE][WARNING] - Timeout '0' is invalid. Using default page load timeout: '30'

2019-05-15 08:46:41 - [MESSAGE][PASSED] - Web element with id: 'Object Repository/ADMIN/Categories/Category/label_edit popup' located by 'By.xpath: //div[(text() = 'Category was successfully saved.' or . = 'Category was successfully saved.')]' is not present after '30' second(s)]]></system-out>
         <system-err><![CDATA[2019-05-15 08:46:15 - [TEST_CASE][FAILED] - Test Cases/ADMIN/Content Mgmt/Categories/Category Add-Edit/Add Category: Test Cases/ADMIN/Content Mgmt/Categories/Category Add-Edit/Add Category FAILED because (of) Unable to click on object 'Object Repository/ADMIN/Categories/Category List/button_Categories' (Root cause: org.openqa.selenium.ElementNotVisibleException: element not visible
  (Session info: chrome=74.0.3729.131)
  (Driver info: chromedriver=2.35.528161 (5b82f2d2aae0ca24b877009200ced9065a772e73),platform=Windows NT 6.1.7601 SP1 x86_64) (WARNING: The server did not provide any stacktrace information)
Command duration or timeout: 0 milliseconds
Build info: version: '3.7.1', revision: '8a0099a', time: '2017-11-06T21:07:36.161Z'
System info: host: 'ARCADIER-PC', ip: '10.10.31.95', os.name: 'Windows 7', os.arch: 'amd64', os.version: '6.1', java.version: '1.8.0_102'
Driver info: com.kms.katalon.core.webui.driver.ExistingRemoteWebDriver
Capabilities {javascriptEnabled: true, platform: ANY, platformName: ANY}
Session ID: 4cba786bf88613ee8a0544a4d9db771f)]]></system-err>
      </testcase>
      <testcase name="Test Cases/ADMIN/Content Mgmt/Categories/Category Add-Edit/Add Category" classname="Test Cases/ADMIN/Content Mgmt/Categories/Category Add-Edit/Add Category" status="FAILED">
         <failure type="FAILED" message="Unable to click on object 'Object Repository/ADMIN/Categories/Category List/button_Categories' (Root cause: org.openqa.selenium.ElementNotVisibleException: element not visible
  (Session info: chrome=74.0.3729.131)
  (Driver info: chromedriver=2.35.528161 (5b82f2d2aae0ca24b877009200ced9065a772e73),platform=Windows NT 6.1.7601 SP1 x86_64) (WARNING: The server did not provide any stacktrace information)
Command duration or timeout: 0 milliseconds
Build info: version: '3.7.1', revision: '8a0099a', time: '2017-11-06T21:07:36.161Z'
System info: host: 'ARCADIER-PC', ip: '10.10.31.95', os.name: 'Windows 7', os.arch: 'amd64', os.version: '6.1', java.version: '1.8.0_102'
Driver info: com.kms.katalon.core.webui.driver.ExistingRemoteWebDriver
Capabilities {javascriptEnabled: true, platform: ANY, platformName: ANY}
Session ID: 4cba786bf88613ee8a0544a4d9db771f)"/>
         <system-out><![CDATA[2019-05-15 08:46:41 - [TEST_CASE][FAILED] - Test Cases/ADMIN/Content Mgmt/Categories/Category Add-Edit/Add Category: Test Cases/ADMIN/Content Mgmt/Categories/Category Add-Edit/Add Category FAILED because (of) Unable to click on object 'Object Repository/ADMIN/Categories/Category List/button_Categories' (Root cause: org.openqa.selenium.ElementNotVisibleException: element not visible
  (Session info: chrome=74.0.3729.131)
  (Driver info: chromedriver=2.35.528161 (5b82f2d2aae0ca24b877009200ced9065a772e73),platform=Windows NT 6.1.7601 SP1 x86_64) (WARNING: The server did not provide any stacktrace information)
Command duration or timeout: 0 milliseconds
Build info: version: '3.7.1', revision: '8a0099a', time: '2017-11-06T21:07:36.161Z'
System info: host: 'ARCADIER-PC', ip: '10.10.31.95', os.name: 'Windows 7', os.arch: 'amd64', os.version: '6.1', java.version: '1.8.0_102'
Driver info: com.kms.katalon.core.webui.driver.ExistingRemoteWebDriver
Capabilities {javascriptEnabled: true, platform: ANY, platformName: ANY}
Session ID: 4cba786bf88613ee8a0544a4d9db771f)

2019-05-15 08:46:41 - [TEST_STEP][PASSED] - waitForElementVisible: Object 'Object Repository/ADMIN/Categories/Category List/button_Content Mgmt' is visible

2019-05-15 08:46:41 - [MESSAGE][WARNING] - Timeout '0' is invalid. Using default page load timeout: '30'

2019-05-15 08:46:41 - [MESSAGE][PASSED] - Object 'Object Repository/ADMIN/Categories/Category List/button_Content Mgmt' is visible

2019-05-15 08:46:41 - [TEST_STEP][PASSED] - click: Object: 'Object Repository/ADMIN/Categories/Category List/button_Content Mgmt' is clicked on

2019-05-15 08:46:41 - [MESSAGE][PASSED] - Object: 'Object Repository/ADMIN/Categories/Category List/button_Content Mgmt' is clicked on

2019-05-15 08:46:41 - [TEST_STEP][PASSED] - waitForElementVisible: Object 'Object Repository/ADMIN/Categories/Category List/button_Categories' is visible

2019-05-15 08:46:41 - [MESSAGE][WARNING] - Timeout '0' is invalid. Using default page load timeout: '30'

2019-05-15 08:46:41 - [MESSAGE][PASSED] - Object 'Object Repository/ADMIN/Categories/Category List/button_Categories' is visible

2019-05-15 08:46:41 - [TEST_STEP][FAILED] - click: Unable to click on object 'Object Repository/ADMIN/Categories/Category List/button_Categories' (Root cause: org.openqa.selenium.ElementNotVisibleException: element not visible
  (Session info: chrome=74.0.3729.131)
  (Driver info: chromedriver=2.35.528161 (5b82f2d2aae0ca24b877009200ced9065a772e73),platform=Windows NT 6.1.7601 SP1 x86_64) (WARNING: The server did not provide any stacktrace information)
Command duration or timeout: 0 milliseconds
Build info: version: '3.7.1', revision: '8a0099a', time: '2017-11-06T21:07:36.161Z'
System info: host: 'ARCADIER-PC', ip: '10.10.31.95', os.name: 'Windows 7', os.arch: 'amd64', os.version: '6.1', java.version: '1.8.0_102'
Driver info: com.kms.katalon.core.webui.driver.ExistingRemoteWebDriver
Capabilities {javascriptEnabled: true, platform: ANY, platformName: ANY}
Session ID: 4cba786bf88613ee8a0544a4d9db771f)

2019-05-15 08:46:41 - [MESSAGE][FAILED] - Unable to click on object 'Object Repository/ADMIN/Categories/Category List/button_Categories' (Root cause: org.openqa.selenium.ElementNotVisibleException: element not visible
  (Session info: chrome=74.0.3729.131)
  (Driver info: chromedriver=2.35.528161 (5b82f2d2aae0ca24b877009200ced9065a772e73),platform=Windows NT 6.1.7601 SP1 x86_64) (WARNING: The server did not provide any stacktrace information)
Command duration or timeout: 0 milliseconds
Build info: version: '3.7.1', revision: '8a0099a', time: '2017-11-06T21:07:36.161Z'
System info: host: 'ARCADIER-PC', ip: '10.10.31.95', os.name: 'Windows 7', os.arch: 'amd64', os.version: '6.1', java.version: '1.8.0_102'
Driver info: com.kms.katalon.core.webui.driver.ExistingRemoteWebDriver
Capabilities {javascriptEnabled: true, platform: ANY, platformName: ANY}
Session ID: 4cba786bf88613ee8a0544a4d9db771f)
[[ATTACHMENT|C:\\Katalon\\Arctick\\Reports\\Suites\\Admin Add Category\\20190515_083232\\1557881201577.png]]

2019-05-15 08:46:41 - [TEST_STEP][PASSED] - waitForPageLoad: Wait for page load successfully

2019-05-15 08:46:41 - [MESSAGE][WARNING] - Timeout '0' is invalid. Using default page load timeout: '30'

2019-05-15 08:46:41 - [MESSAGE][PASSED] - Wait for page load successfully

2019-05-15 08:46:41 - [TEST_STEP][PASSED] - click: Object: 'Object Repository/ADMIN/Categories/Category List/button_Add a Category' is clicked on

2019-05-15 08:46:42 - [MESSAGE][PASSED] - Object: 'Object Repository/ADMIN/Categories/Category List/button_Add a Category' is clicked on

2019-05-15 08:46:42 - [TEST_STEP][PASSED] - waitForElementPresent: Object 'Object Repository/ADMIN/Categories/Category/dropdown_Parent' is present

2019-05-15 08:46:42 - [MESSAGE][PASSED] - Object 'Object Repository/ADMIN/Categories/Category/dropdown_Parent' is present

2019-05-15 08:46:42 - [TEST_STEP][PASSED] - delay: Delayed 1 second(s)

2019-05-15 08:46:43 - [MESSAGE][PASSED] - Delayed 1 second(s)

2019-05-15 08:46:43 - [TEST_STEP][PASSED] - setText: Text 'Category 3.3' is set on object 'Object Repository/ADMIN/Categories/Category/textfield_Category Name'

2019-05-15 08:46:43 - [MESSAGE][PASSED] - Text 'Category 3.3' is set on object 'Object Repository/ADMIN/Categories/Category/textfield_Category Name'

2019-05-15 08:46:43 - [TEST_STEP][PASSED] - click: Object: 'Object Repository/ADMIN/Categories/Category/dropdown_Parent' is clicked on

2019-05-15 08:46:43 - [MESSAGE][PASSED] - Object: 'Object Repository/ADMIN/Categories/Category/dropdown_Parent' is clicked on

2019-05-15 08:46:43 - [TEST_STEP][PASSED] - delay: Delayed 2 second(s)

2019-05-15 08:46:45 - [MESSAGE][PASSED] - Delayed 2 second(s)

2019-05-15 08:46:45 - [TEST_STEP][PASSED] - click: Object: 'Object Repository/ADMIN/Categories/Category/dropdown_Parent' is clicked on

2019-05-15 08:46:45 - [MESSAGE][PASSED] - Object: 'Object Repository/ADMIN/Categories/Category/dropdown_Parent' is clicked on

2019-05-15 08:46:45 - [TEST_STEP][FAILED] - selectOptionByLabel: Unable to select option by label 'Category 3' of object 'Object Repository/ADMIN/Categories/Category/dropdown_Parent'  (Root cause: org.openqa.selenium.NoSuchElementException: Cannot locate element with text: Category 3
For documentation on this error, please visit: http://seleniumhq.org/exceptions/no_such_element.html
Build info: version: '3.7.1', revision: '8a0099a', time: '2017-11-06T21:07:36.161Z'
System info: host: 'ARCADIER-PC', ip: '10.10.31.95', os.name: 'Windows 7', os.arch: 'amd64', os.version: '6.1', java.version: '1.8.0_102'
Driver info: driver.version: unknown)

2019-05-15 08:46:45 - [MESSAGE][FAILED] - Unable to select option by label 'Category 3' of object 'Object Repository/ADMIN/Categories/Category/dropdown_Parent'  (Root cause: org.openqa.selenium.NoSuchElementException: Cannot locate element with text: Category 3
For documentation on this error, please visit: http://seleniumhq.org/exceptions/no_such_element.html
Build info: version: '3.7.1', revision: '8a0099a', time: '2017-11-06T21:07:36.161Z'
System info: host: 'ARCADIER-PC', ip: '10.10.31.95', os.name: 'Windows 7', os.arch: 'amd64', os.version: '6.1', java.version: '1.8.0_102'
Driver info: driver.version: unknown)
[[ATTACHMENT|C:\\Katalon\\Arctick\\Reports\\Suites\\Admin Add Category\\20190515_083232\\1557881205335.png]]

2019-05-15 08:46:45 - [TEST_STEP][PASSED] - click: Object: 'Object Repository/ADMIN/Categories/Category/button_Browse' is clicked on

2019-05-15 08:46:45 - [MESSAGE][PASSED] - Object: 'Object Repository/ADMIN/Categories/Category/button_Browse' is clicked on

2019-05-15 08:46:45 - [TEST_STEP][PASSED] - delay: Delayed 1 second(s)

2019-05-15 08:46:46 - [MESSAGE][PASSED] - Delayed 1 second(s)

2019-05-15 08:46:46 - [TEST_STEP][PASSED] - uploadFile: File 'C:\\Katalon\\Image\\pic1.jpg' sent to object: 'Object Repository/ADMIN/Categories/Category/image_input image'

2019-05-15 08:46:46 - [MESSAGE][PASSED] - File 'C:\\Katalon\\Image\\pic1.jpg' sent to object: 'Object Repository/ADMIN/Categories/Category/image_input image'

2019-05-15 08:46:46 - [TEST_STEP][PASSED] - waitForElementVisible: Object 'Object Repository/ADMIN/Categories/Category/button_upload check' is visible

2019-05-15 08:46:46 - [MESSAGE][WARNING] - Timeout '0' is invalid. Using default page load timeout: '30'

2019-05-15 08:46:46 - [MESSAGE][PASSED] - Object 'Object Repository/ADMIN/Categories/Category/button_upload check' is visible

2019-05-15 08:46:46 - [TEST_STEP][PASSED] - click: Object: 'Object Repository/ADMIN/Categories/Category/button_upload check' is clicked on

2019-05-15 08:46:46 - [MESSAGE][PASSED] - Object: 'Object Repository/ADMIN/Categories/Category/button_upload check' is clicked on

2019-05-15 08:46:46 - [TEST_STEP][PASSED] - click: Object: 'Object Repository/ADMIN/Categories/Category/button_upload save' is clicked on

2019-05-15 08:46:46 - [MESSAGE][PASSED] - Object: 'Object Repository/ADMIN/Categories/Category/button_upload save' is clicked on

2019-05-15 08:46:46 - [TEST_STEP][PASSED] - waitForElementVisible: Object 'Object Repository/ADMIN/Categories/Category/button_upload save' is visible

2019-05-15 08:46:46 - [MESSAGE][WARNING] - Timeout '0' is invalid. Using default page load timeout: '30'

2019-05-15 08:46:47 - [MESSAGE][PASSED] - Object 'Object Repository/ADMIN/Categories/Category/button_upload save' is visible

2019-05-15 08:46:47 - [TEST_STEP][PASSED] - setText: Text 'Description38' is set on object 'Object Repository/ADMIN/Categories/Category/textfield_category_description'

2019-05-15 08:46:47 - [MESSAGE][PASSED] - Text 'Description38' is set on object 'Object Repository/ADMIN/Categories/Category/textfield_category_description'

2019-05-15 08:46:47 - [TEST_STEP][PASSED] - click: Object: 'Object Repository/ADMIN/Categories/Category/button_Save' is clicked on

2019-05-15 08:46:47 - [MESSAGE][PASSED] - Object: 'Object Repository/ADMIN/Categories/Category/button_Save' is clicked on

2019-05-15 08:46:47 - [TEST_STEP][PASSED] - waitForElementVisible: Object 'Object Repository/ADMIN/Categories/Category/label_edit popup' is visible

2019-05-15 08:46:47 - [MESSAGE][WARNING] - Timeout '0' is invalid. Using default page load timeout: '30'

2019-05-15 08:47:08 - [MESSAGE][PASSED] - Object 'Object Repository/ADMIN/Categories/Category/label_edit popup' is visible

2019-05-15 08:47:08 - [TEST_STEP][PASSED] - waitForElementNotPresent: Web element with id: 'Object Repository/ADMIN/Categories/Category/label_edit popup' located by 'By.xpath: //div[(text() = 'Category was successfully saved.' or . = 'Category was successfully saved.')]' is not present after '30' second(s)

2019-05-15 08:47:08 - [MESSAGE][WARNING] - Timeout '0' is invalid. Using default page load timeout: '30'

2019-05-15 08:47:14 - [MESSAGE][PASSED] - Web element with id: 'Object Repository/ADMIN/Categories/Category/label_edit popup' located by 'By.xpath: //div[(text() = 'Category was successfully saved.' or . = 'Category was successfully saved.')]' is not present after '30' second(s)]]></system-out>
         <system-err><![CDATA[2019-05-15 08:46:41 - [TEST_CASE][FAILED] - Test Cases/ADMIN/Content Mgmt/Categories/Category Add-Edit/Add Category: Test Cases/ADMIN/Content Mgmt/Categories/Category Add-Edit/Add Category FAILED because (of) Unable to click on object 'Object Repository/ADMIN/Categories/Category List/button_Categories' (Root cause: org.openqa.selenium.ElementNotVisibleException: element not visible
  (Session info: chrome=74.0.3729.131)
  (Driver info: chromedriver=2.35.528161 (5b82f2d2aae0ca24b877009200ced9065a772e73),platform=Windows NT 6.1.7601 SP1 x86_64) (WARNING: The server did not provide any stacktrace information)
Command duration or timeout: 0 milliseconds
Build info: version: '3.7.1', revision: '8a0099a', time: '2017-11-06T21:07:36.161Z'
System info: host: 'ARCADIER-PC', ip: '10.10.31.95', os.name: 'Windows 7', os.arch: 'amd64', os.version: '6.1', java.version: '1.8.0_102'
Driver info: com.kms.katalon.core.webui.driver.ExistingRemoteWebDriver
Capabilities {javascriptEnabled: true, platform: ANY, platformName: ANY}
Session ID: 4cba786bf88613ee8a0544a4d9db771f)]]></system-err>
      </testcase>
      <testcase name="Test Cases/ADMIN/Content Mgmt/Categories/Category Add-Edit/Add Category" classname="Test Cases/ADMIN/Content Mgmt/Categories/Category Add-Edit/Add Category" status="PASSED">
         <system-out><![CDATA[2019-05-15 08:47:14 - [TEST_CASE][PASSED] - Test Cases/ADMIN/Content Mgmt/Categories/Category Add-Edit/Add Category: Test Cases/ADMIN/Content Mgmt/Categories/Category Add-Edit/Add Category

2019-05-15 08:47:14 - [TEST_STEP][PASSED] - waitForElementVisible: Object 'Object Repository/ADMIN/Categories/Category List/button_Content Mgmt' is visible

2019-05-15 08:47:14 - [MESSAGE][WARNING] - Timeout '0' is invalid. Using default page load timeout: '30'

2019-05-15 08:47:14 - [MESSAGE][PASSED] - Object 'Object Repository/ADMIN/Categories/Category List/button_Content Mgmt' is visible

2019-05-15 08:47:14 - [TEST_STEP][PASSED] - click: Object: 'Object Repository/ADMIN/Categories/Category List/button_Content Mgmt' is clicked on

2019-05-15 08:47:14 - [MESSAGE][PASSED] - Object: 'Object Repository/ADMIN/Categories/Category List/button_Content Mgmt' is clicked on

2019-05-15 08:47:14 - [TEST_STEP][PASSED] - waitForElementVisible: Object 'Object Repository/ADMIN/Categories/Category List/button_Categories' is visible

2019-05-15 08:47:14 - [MESSAGE][WARNING] - Timeout '0' is invalid. Using default page load timeout: '30'

2019-05-15 08:47:14 - [MESSAGE][PASSED] - Object 'Object Repository/ADMIN/Categories/Category List/button_Categories' is visible

2019-05-15 08:47:14 - [TEST_STEP][PASSED] - click: Object: 'Object Repository/ADMIN/Categories/Category List/button_Categories' is clicked on

2019-05-15 08:47:27 - [MESSAGE][PASSED] - Object: 'Object Repository/ADMIN/Categories/Category List/button_Categories' is clicked on

2019-05-15 08:47:27 - [TEST_STEP][PASSED] - waitForPageLoad: Wait for page load successfully

2019-05-15 08:47:27 - [MESSAGE][WARNING] - Timeout '0' is invalid. Using default page load timeout: '30'

2019-05-15 08:47:27 - [MESSAGE][PASSED] - Wait for page load successfully

2019-05-15 08:47:27 - [TEST_STEP][PASSED] - click: Object: 'Object Repository/ADMIN/Categories/Category List/button_Add a Category' is clicked on

2019-05-15 08:47:27 - [MESSAGE][PASSED] - Object: 'Object Repository/ADMIN/Categories/Category List/button_Add a Category' is clicked on

2019-05-15 08:47:27 - [TEST_STEP][PASSED] - waitForElementPresent: Object 'Object Repository/ADMIN/Categories/Category/dropdown_Parent' is present

2019-05-15 08:47:27 - [MESSAGE][PASSED] - Object 'Object Repository/ADMIN/Categories/Category/dropdown_Parent' is present

2019-05-15 08:47:27 - [TEST_STEP][PASSED] - delay: Delayed 1 second(s)

2019-05-15 08:47:28 - [MESSAGE][PASSED] - Delayed 1 second(s)

2019-05-15 08:47:28 - [TEST_STEP][PASSED] - setText: Text 'Category 3.4' is set on object 'Object Repository/ADMIN/Categories/Category/textfield_Category Name'

2019-05-15 08:47:28 - [MESSAGE][PASSED] - Text 'Category 3.4' is set on object 'Object Repository/ADMIN/Categories/Category/textfield_Category Name'

2019-05-15 08:47:28 - [TEST_STEP][PASSED] - click: Object: 'Object Repository/ADMIN/Categories/Category/dropdown_Parent' is clicked on

2019-05-15 08:47:28 - [MESSAGE][PASSED] - Object: 'Object Repository/ADMIN/Categories/Category/dropdown_Parent' is clicked on

2019-05-15 08:47:28 - [TEST_STEP][PASSED] - delay: Delayed 2 second(s)

2019-05-15 08:47:30 - [MESSAGE][PASSED] - Delayed 2 second(s)

2019-05-15 08:47:30 - [TEST_STEP][PASSED] - click: Object: 'Object Repository/ADMIN/Categories/Category/dropdown_Parent' is clicked on

2019-05-15 08:47:30 - [MESSAGE][PASSED] - Object: 'Object Repository/ADMIN/Categories/Category/dropdown_Parent' is clicked on

2019-05-15 08:47:30 - [TEST_STEP][PASSED] - selectOptionByLabel: All options with label 'Category 3' are selected in object 'Object Repository/ADMIN/Categories/Category/dropdown_Parent' 

2019-05-15 08:47:30 - [MESSAGE][PASSED] - All options with label 'Category 3' are selected in object 'Object Repository/ADMIN/Categories/Category/dropdown_Parent' 

2019-05-15 08:47:30 - [TEST_STEP][PASSED] - click: Object: 'Object Repository/ADMIN/Categories/Category/button_Browse' is clicked on

2019-05-15 08:47:30 - [MESSAGE][PASSED] - Object: 'Object Repository/ADMIN/Categories/Category/button_Browse' is clicked on

2019-05-15 08:47:30 - [TEST_STEP][PASSED] - delay: Delayed 1 second(s)

2019-05-15 08:47:31 - [MESSAGE][PASSED] - Delayed 1 second(s)

2019-05-15 08:47:31 - [TEST_STEP][PASSED] - uploadFile: File 'C:\\Katalon\\Image\\pic2.jpg' sent to object: 'Object Repository/ADMIN/Categories/Category/image_input image'

2019-05-15 08:47:31 - [MESSAGE][PASSED] - File 'C:\\Katalon\\Image\\pic2.jpg' sent to object: 'Object Repository/ADMIN/Categories/Category/image_input image'

2019-05-15 08:47:31 - [TEST_STEP][PASSED] - waitForElementVisible: Object 'Object Repository/ADMIN/Categories/Category/button_upload check' is visible

2019-05-15 08:47:31 - [MESSAGE][WARNING] - Timeout '0' is invalid. Using default page load timeout: '30'

2019-05-15 08:47:31 - [MESSAGE][PASSED] - Object 'Object Repository/ADMIN/Categories/Category/button_upload check' is visible

2019-05-15 08:47:31 - [TEST_STEP][PASSED] - click: Object: 'Object Repository/ADMIN/Categories/Category/button_upload check' is clicked on

2019-05-15 08:47:31 - [MESSAGE][PASSED] - Object: 'Object Repository/ADMIN/Categories/Category/button_upload check' is clicked on

2019-05-15 08:47:31 - [TEST_STEP][PASSED] - click: Object: 'Object Repository/ADMIN/Categories/Category/button_upload save' is clicked on

2019-05-15 08:47:31 - [MESSAGE][PASSED] - Object: 'Object Repository/ADMIN/Categories/Category/button_upload save' is clicked on

2019-05-15 08:47:31 - [TEST_STEP][PASSED] - waitForElementVisible: Object 'Object Repository/ADMIN/Categories/Category/button_upload save' is visible

2019-05-15 08:47:31 - [MESSAGE][WARNING] - Timeout '0' is invalid. Using default page load timeout: '30'

2019-05-15 08:47:31 - [MESSAGE][PASSED] - Object 'Object Repository/ADMIN/Categories/Category/button_upload save' is visible

2019-05-15 08:47:31 - [TEST_STEP][PASSED] - setText: Text 'Description39' is set on object 'Object Repository/ADMIN/Categories/Category/textfield_category_description'

2019-05-15 08:47:32 - [MESSAGE][PASSED] - Text 'Description39' is set on object 'Object Repository/ADMIN/Categories/Category/textfield_category_description'

2019-05-15 08:47:32 - [TEST_STEP][PASSED] - click: Object: 'Object Repository/ADMIN/Categories/Category/button_Save' is clicked on

2019-05-15 08:47:32 - [MESSAGE][PASSED] - Object: 'Object Repository/ADMIN/Categories/Category/button_Save' is clicked on

2019-05-15 08:47:32 - [TEST_STEP][PASSED] - waitForElementVisible: Object 'Object Repository/ADMIN/Categories/Category/label_edit popup' is visible

2019-05-15 08:47:32 - [MESSAGE][WARNING] - Timeout '0' is invalid. Using default page load timeout: '30'

2019-05-15 08:47:35 - [MESSAGE][PASSED] - Object 'Object Repository/ADMIN/Categories/Category/label_edit popup' is visible

2019-05-15 08:47:35 - [TEST_STEP][PASSED] - waitForElementNotPresent: Web element with id: 'Object Repository/ADMIN/Categories/Category/label_edit popup' located by 'By.xpath: //div[(text() = 'Category was successfully saved.' or . = 'Category was successfully saved.')]' is not present after '30' second(s)

2019-05-15 08:47:35 - [MESSAGE][WARNING] - Timeout '0' is invalid. Using default page load timeout: '30'

2019-05-15 08:47:41 - [MESSAGE][PASSED] - Web element with id: 'Object Repository/ADMIN/Categories/Category/label_edit popup' located by 'By.xpath: //div[(text() = 'Category was successfully saved.' or . = 'Category was successfully saved.')]' is not present after '30' second(s)]]></system-out>
         <system-err><![CDATA[]]></system-err>
      </testcase>
      <testcase name="Test Cases/ADMIN/Content Mgmt/Categories/Category Add-Edit/Add Category" classname="Test Cases/ADMIN/Content Mgmt/Categories/Category Add-Edit/Add Category" status="FAILED">
         <failure type="FAILED" message="Unable to select option by label 'Category 3' of object 'Object Repository/ADMIN/Categories/Category/dropdown_Parent'  (Root cause: org.openqa.selenium.NoSuchElementException: Cannot locate element with text: Category 3
For documentation on this error, please visit: http://seleniumhq.org/exceptions/no_such_element.html
Build info: version: '3.7.1', revision: '8a0099a', time: '2017-11-06T21:07:36.161Z'
System info: host: 'ARCADIER-PC', ip: '10.10.31.95', os.name: 'Windows 7', os.arch: 'amd64', os.version: '6.1', java.version: '1.8.0_102'
Driver info: driver.version: unknown)"/>
         <system-out><![CDATA[2019-05-15 08:47:41 - [TEST_CASE][FAILED] - Test Cases/ADMIN/Content Mgmt/Categories/Category Add-Edit/Add Category: Test Cases/ADMIN/Content Mgmt/Categories/Category Add-Edit/Add Category FAILED because (of) Unable to select option by label 'Category 3' of object 'Object Repository/ADMIN/Categories/Category/dropdown_Parent'  (Root cause: org.openqa.selenium.NoSuchElementException: Cannot locate element with text: Category 3
For documentation on this error, please visit: http://seleniumhq.org/exceptions/no_such_element.html
Build info: version: '3.7.1', revision: '8a0099a', time: '2017-11-06T21:07:36.161Z'
System info: host: 'ARCADIER-PC', ip: '10.10.31.95', os.name: 'Windows 7', os.arch: 'amd64', os.version: '6.1', java.version: '1.8.0_102'
Driver info: driver.version: unknown)

2019-05-15 08:47:41 - [TEST_STEP][PASSED] - waitForElementVisible: Object 'Object Repository/ADMIN/Categories/Category List/button_Content Mgmt' is visible

2019-05-15 08:47:41 - [MESSAGE][WARNING] - Timeout '0' is invalid. Using default page load timeout: '30'

2019-05-15 08:47:41 - [MESSAGE][PASSED] - Object 'Object Repository/ADMIN/Categories/Category List/button_Content Mgmt' is visible

2019-05-15 08:47:41 - [TEST_STEP][PASSED] - click: Object: 'Object Repository/ADMIN/Categories/Category List/button_Content Mgmt' is clicked on

2019-05-15 08:47:41 - [MESSAGE][PASSED] - Object: 'Object Repository/ADMIN/Categories/Category List/button_Content Mgmt' is clicked on

2019-05-15 08:47:41 - [TEST_STEP][PASSED] - waitForElementVisible: Object 'Object Repository/ADMIN/Categories/Category List/button_Categories' is visible

2019-05-15 08:47:41 - [MESSAGE][WARNING] - Timeout '0' is invalid. Using default page load timeout: '30'

2019-05-15 08:47:41 - [MESSAGE][PASSED] - Object 'Object Repository/ADMIN/Categories/Category List/button_Categories' is visible

2019-05-15 08:47:41 - [TEST_STEP][PASSED] - click: Object: 'Object Repository/ADMIN/Categories/Category List/button_Categories' is clicked on

2019-05-15 08:47:41 - [MESSAGE][PASSED] - Object: 'Object Repository/ADMIN/Categories/Category List/button_Categories' is clicked on

2019-05-15 08:47:41 - [TEST_STEP][PASSED] - waitForPageLoad: Wait for page load successfully

2019-05-15 08:47:41 - [MESSAGE][WARNING] - Timeout '0' is invalid. Using default page load timeout: '30'

2019-05-15 08:47:41 - [MESSAGE][PASSED] - Wait for page load successfully

2019-05-15 08:47:41 - [TEST_STEP][PASSED] - click: Object: 'Object Repository/ADMIN/Categories/Category List/button_Add a Category' is clicked on

2019-05-15 08:47:42 - [MESSAGE][PASSED] - Object: 'Object Repository/ADMIN/Categories/Category List/button_Add a Category' is clicked on

2019-05-15 08:47:42 - [TEST_STEP][PASSED] - waitForElementPresent: Object 'Object Repository/ADMIN/Categories/Category/dropdown_Parent' is present

2019-05-15 08:47:42 - [MESSAGE][PASSED] - Object 'Object Repository/ADMIN/Categories/Category/dropdown_Parent' is present

2019-05-15 08:47:42 - [TEST_STEP][PASSED] - delay: Delayed 1 second(s)

2019-05-15 08:47:43 - [MESSAGE][PASSED] - Delayed 1 second(s)

2019-05-15 08:47:43 - [TEST_STEP][PASSED] - setText: Text 'Category 3.5' is set on object 'Object Repository/ADMIN/Categories/Category/textfield_Category Name'

2019-05-15 08:47:43 - [MESSAGE][PASSED] - Text 'Category 3.5' is set on object 'Object Repository/ADMIN/Categories/Category/textfield_Category Name'

2019-05-15 08:47:43 - [TEST_STEP][PASSED] - click: Object: 'Object Repository/ADMIN/Categories/Category/dropdown_Parent' is clicked on

2019-05-15 08:47:43 - [MESSAGE][PASSED] - Object: 'Object Repository/ADMIN/Categories/Category/dropdown_Parent' is clicked on

2019-05-15 08:47:43 - [TEST_STEP][PASSED] - delay: Delayed 2 second(s)

2019-05-15 08:47:45 - [MESSAGE][PASSED] - Delayed 2 second(s)

2019-05-15 08:47:45 - [TEST_STEP][PASSED] - click: Object: 'Object Repository/ADMIN/Categories/Category/dropdown_Parent' is clicked on

2019-05-15 08:47:45 - [MESSAGE][PASSED] - Object: 'Object Repository/ADMIN/Categories/Category/dropdown_Parent' is clicked on

2019-05-15 08:47:45 - [TEST_STEP][FAILED] - selectOptionByLabel: Unable to select option by label 'Category 3' of object 'Object Repository/ADMIN/Categories/Category/dropdown_Parent'  (Root cause: org.openqa.selenium.NoSuchElementException: Cannot locate element with text: Category 3
For documentation on this error, please visit: http://seleniumhq.org/exceptions/no_such_element.html
Build info: version: '3.7.1', revision: '8a0099a', time: '2017-11-06T21:07:36.161Z'
System info: host: 'ARCADIER-PC', ip: '10.10.31.95', os.name: 'Windows 7', os.arch: 'amd64', os.version: '6.1', java.version: '1.8.0_102'
Driver info: driver.version: unknown)

2019-05-15 08:47:45 - [MESSAGE][FAILED] - Unable to select option by label 'Category 3' of object 'Object Repository/ADMIN/Categories/Category/dropdown_Parent'  (Root cause: org.openqa.selenium.NoSuchElementException: Cannot locate element with text: Category 3
For documentation on this error, please visit: http://seleniumhq.org/exceptions/no_such_element.html
Build info: version: '3.7.1', revision: '8a0099a', time: '2017-11-06T21:07:36.161Z'
System info: host: 'ARCADIER-PC', ip: '10.10.31.95', os.name: 'Windows 7', os.arch: 'amd64', os.version: '6.1', java.version: '1.8.0_102'
Driver info: driver.version: unknown)
[[ATTACHMENT|C:\\Katalon\\Arctick\\Reports\\Suites\\Admin Add Category\\20190515_083232\\1557881265542.png]]

2019-05-15 08:47:45 - [TEST_STEP][PASSED] - click: Object: 'Object Repository/ADMIN/Categories/Category/button_Browse' is clicked on

2019-05-15 08:47:45 - [MESSAGE][PASSED] - Object: 'Object Repository/ADMIN/Categories/Category/button_Browse' is clicked on

2019-05-15 08:47:45 - [TEST_STEP][PASSED] - delay: Delayed 1 second(s)

2019-05-15 08:47:46 - [MESSAGE][PASSED] - Delayed 1 second(s)

2019-05-15 08:47:46 - [TEST_STEP][PASSED] - uploadFile: File 'C:\\Katalon\\Image\\pic3.jpg' sent to object: 'Object Repository/ADMIN/Categories/Category/image_input image'

2019-05-15 08:47:46 - [MESSAGE][PASSED] - File 'C:\\Katalon\\Image\\pic3.jpg' sent to object: 'Object Repository/ADMIN/Categories/Category/image_input image'

2019-05-15 08:47:46 - [TEST_STEP][PASSED] - waitForElementVisible: Object 'Object Repository/ADMIN/Categories/Category/button_upload check' is visible

2019-05-15 08:47:46 - [MESSAGE][WARNING] - Timeout '0' is invalid. Using default page load timeout: '30'

2019-05-15 08:47:47 - [MESSAGE][PASSED] - Object 'Object Repository/ADMIN/Categories/Category/button_upload check' is visible

2019-05-15 08:47:47 - [TEST_STEP][PASSED] - click: Object: 'Object Repository/ADMIN/Categories/Category/button_upload check' is clicked on

2019-05-15 08:47:47 - [MESSAGE][PASSED] - Object: 'Object Repository/ADMIN/Categories/Category/button_upload check' is clicked on

2019-05-15 08:47:47 - [TEST_STEP][PASSED] - click: Object: 'Object Repository/ADMIN/Categories/Category/button_upload save' is clicked on

2019-05-15 08:47:47 - [MESSAGE][PASSED] - Object: 'Object Repository/ADMIN/Categories/Category/button_upload save' is clicked on

2019-05-15 08:47:47 - [TEST_STEP][PASSED] - waitForElementVisible: Object 'Object Repository/ADMIN/Categories/Category/button_upload save' is visible

2019-05-15 08:47:47 - [MESSAGE][WARNING] - Timeout '0' is invalid. Using default page load timeout: '30'

2019-05-15 08:47:47 - [MESSAGE][PASSED] - Object 'Object Repository/ADMIN/Categories/Category/button_upload save' is visible

2019-05-15 08:47:47 - [TEST_STEP][PASSED] - setText: Text 'Description40' is set on object 'Object Repository/ADMIN/Categories/Category/textfield_category_description'

2019-05-15 08:47:47 - [MESSAGE][PASSED] - Text 'Description40' is set on object 'Object Repository/ADMIN/Categories/Category/textfield_category_description'

2019-05-15 08:47:47 - [TEST_STEP][PASSED] - click: Object: 'Object Repository/ADMIN/Categories/Category/button_Save' is clicked on

2019-05-15 08:47:47 - [MESSAGE][PASSED] - Object: 'Object Repository/ADMIN/Categories/Category/button_Save' is clicked on

2019-05-15 08:47:47 - [TEST_STEP][PASSED] - waitForElementVisible: Object 'Object Repository/ADMIN/Categories/Category/label_edit popup' is visible

2019-05-15 08:47:47 - [MESSAGE][WARNING] - Timeout '0' is invalid. Using default page load timeout: '30'

2019-05-15 08:48:03 - [MESSAGE][PASSED] - Object 'Object Repository/ADMIN/Categories/Category/label_edit popup' is visible

2019-05-15 08:48:03 - [TEST_STEP][PASSED] - waitForElementNotPresent: Web element with id: 'Object Repository/ADMIN/Categories/Category/label_edit popup' located by 'By.xpath: //div[(text() = 'Category was successfully saved.' or . = 'Category was successfully saved.')]' is not present after '30' second(s)

2019-05-15 08:48:03 - [MESSAGE][WARNING] - Timeout '0' is invalid. Using default page load timeout: '30'

2019-05-15 08:48:09 - [MESSAGE][PASSED] - Web element with id: 'Object Repository/ADMIN/Categories/Category/label_edit popup' located by 'By.xpath: //div[(text() = 'Category was successfully saved.' or . = 'Category was successfully saved.')]' is not present after '30' second(s)]]></system-out>
         <system-err><![CDATA[2019-05-15 08:47:41 - [TEST_CASE][FAILED] - Test Cases/ADMIN/Content Mgmt/Categories/Category Add-Edit/Add Category: Test Cases/ADMIN/Content Mgmt/Categories/Category Add-Edit/Add Category FAILED because (of) Unable to select option by label 'Category 3' of object 'Object Repository/ADMIN/Categories/Category/dropdown_Parent'  (Root cause: org.openqa.selenium.NoSuchElementException: Cannot locate element with text: Category 3
For documentation on this error, please visit: http://seleniumhq.org/exceptions/no_such_element.html
Build info: version: '3.7.1', revision: '8a0099a', time: '2017-11-06T21:07:36.161Z'
System info: host: 'ARCADIER-PC', ip: '10.10.31.95', os.name: 'Windows 7', os.arch: 'amd64', os.version: '6.1', java.version: '1.8.0_102'
Driver info: driver.version: unknown)]]></system-err>
      </testcase>
      <testcase name="Test Cases/ADMIN/Content Mgmt/Categories/Category Add-Edit/Add Category" classname="Test Cases/ADMIN/Content Mgmt/Categories/Category Add-Edit/Add Category" status="FAILED">
         <failure type="FAILED" message="Unable to click on object 'Object Repository/ADMIN/Categories/Category List/button_Categories' (Root cause: org.openqa.selenium.ElementNotVisibleException: element not visible
  (Session info: chrome=74.0.3729.131)
  (Driver info: chromedriver=2.35.528161 (5b82f2d2aae0ca24b877009200ced9065a772e73),platform=Windows NT 6.1.7601 SP1 x86_64) (WARNING: The server did not provide any stacktrace information)
Command duration or timeout: 0 milliseconds
Build info: version: '3.7.1', revision: '8a0099a', time: '2017-11-06T21:07:36.161Z'
System info: host: 'ARCADIER-PC', ip: '10.10.31.95', os.name: 'Windows 7', os.arch: 'amd64', os.version: '6.1', java.version: '1.8.0_102'
Driver info: com.kms.katalon.core.webui.driver.ExistingRemoteWebDriver
Capabilities {javascriptEnabled: true, platform: ANY, platformName: ANY}
Session ID: 4cba786bf88613ee8a0544a4d9db771f)"/>
         <system-out><![CDATA[2019-05-15 08:48:09 - [TEST_CASE][FAILED] - Test Cases/ADMIN/Content Mgmt/Categories/Category Add-Edit/Add Category: Test Cases/ADMIN/Content Mgmt/Categories/Category Add-Edit/Add Category FAILED because (of) Unable to click on object 'Object Repository/ADMIN/Categories/Category List/button_Categories' (Root cause: org.openqa.selenium.ElementNotVisibleException: element not visible
  (Session info: chrome=74.0.3729.131)
  (Driver info: chromedriver=2.35.528161 (5b82f2d2aae0ca24b877009200ced9065a772e73),platform=Windows NT 6.1.7601 SP1 x86_64) (WARNING: The server did not provide any stacktrace information)
Command duration or timeout: 0 milliseconds
Build info: version: '3.7.1', revision: '8a0099a', time: '2017-11-06T21:07:36.161Z'
System info: host: 'ARCADIER-PC', ip: '10.10.31.95', os.name: 'Windows 7', os.arch: 'amd64', os.version: '6.1', java.version: '1.8.0_102'
Driver info: com.kms.katalon.core.webui.driver.ExistingRemoteWebDriver
Capabilities {javascriptEnabled: true, platform: ANY, platformName: ANY}
Session ID: 4cba786bf88613ee8a0544a4d9db771f)

2019-05-15 08:48:09 - [TEST_STEP][PASSED] - waitForElementVisible: Object 'Object Repository/ADMIN/Categories/Category List/button_Content Mgmt' is visible

2019-05-15 08:48:09 - [MESSAGE][WARNING] - Timeout '0' is invalid. Using default page load timeout: '30'

2019-05-15 08:48:09 - [MESSAGE][PASSED] - Object 'Object Repository/ADMIN/Categories/Category List/button_Content Mgmt' is visible

2019-05-15 08:48:09 - [TEST_STEP][PASSED] - click: Object: 'Object Repository/ADMIN/Categories/Category List/button_Content Mgmt' is clicked on

2019-05-15 08:48:09 - [MESSAGE][PASSED] - Object: 'Object Repository/ADMIN/Categories/Category List/button_Content Mgmt' is clicked on

2019-05-15 08:48:09 - [TEST_STEP][PASSED] - waitForElementVisible: Object 'Object Repository/ADMIN/Categories/Category List/button_Categories' is visible

2019-05-15 08:48:09 - [MESSAGE][WARNING] - Timeout '0' is invalid. Using default page load timeout: '30'

2019-05-15 08:48:09 - [MESSAGE][PASSED] - Object 'Object Repository/ADMIN/Categories/Category List/button_Categories' is visible

2019-05-15 08:48:09 - [TEST_STEP][FAILED] - click: Unable to click on object 'Object Repository/ADMIN/Categories/Category List/button_Categories' (Root cause: org.openqa.selenium.ElementNotVisibleException: element not visible
  (Session info: chrome=74.0.3729.131)
  (Driver info: chromedriver=2.35.528161 (5b82f2d2aae0ca24b877009200ced9065a772e73),platform=Windows NT 6.1.7601 SP1 x86_64) (WARNING: The server did not provide any stacktrace information)
Command duration or timeout: 0 milliseconds
Build info: version: '3.7.1', revision: '8a0099a', time: '2017-11-06T21:07:36.161Z'
System info: host: 'ARCADIER-PC', ip: '10.10.31.95', os.name: 'Windows 7', os.arch: 'amd64', os.version: '6.1', java.version: '1.8.0_102'
Driver info: com.kms.katalon.core.webui.driver.ExistingRemoteWebDriver
Capabilities {javascriptEnabled: true, platform: ANY, platformName: ANY}
Session ID: 4cba786bf88613ee8a0544a4d9db771f)

2019-05-15 08:48:10 - [MESSAGE][FAILED] - Unable to click on object 'Object Repository/ADMIN/Categories/Category List/button_Categories' (Root cause: org.openqa.selenium.ElementNotVisibleException: element not visible
  (Session info: chrome=74.0.3729.131)
  (Driver info: chromedriver=2.35.528161 (5b82f2d2aae0ca24b877009200ced9065a772e73),platform=Windows NT 6.1.7601 SP1 x86_64) (WARNING: The server did not provide any stacktrace information)
Command duration or timeout: 0 milliseconds
Build info: version: '3.7.1', revision: '8a0099a', time: '2017-11-06T21:07:36.161Z'
System info: host: 'ARCADIER-PC', ip: '10.10.31.95', os.name: 'Windows 7', os.arch: 'amd64', os.version: '6.1', java.version: '1.8.0_102'
Driver info: com.kms.katalon.core.webui.driver.ExistingRemoteWebDriver
Capabilities {javascriptEnabled: true, platform: ANY, platformName: ANY}
Session ID: 4cba786bf88613ee8a0544a4d9db771f)
[[ATTACHMENT|C:\\Katalon\\Arctick\\Reports\\Suites\\Admin Add Category\\20190515_083232\\1557881290140.png]]

2019-05-15 08:48:10 - [TEST_STEP][PASSED] - waitForPageLoad: Wait for page load successfully

2019-05-15 08:48:10 - [MESSAGE][WARNING] - Timeout '0' is invalid. Using default page load timeout: '30'

2019-05-15 08:48:10 - [MESSAGE][PASSED] - Wait for page load successfully

2019-05-15 08:48:10 - [TEST_STEP][PASSED] - click: Object: 'Object Repository/ADMIN/Categories/Category List/button_Add a Category' is clicked on

2019-05-15 08:48:10 - [MESSAGE][PASSED] - Object: 'Object Repository/ADMIN/Categories/Category List/button_Add a Category' is clicked on

2019-05-15 08:48:10 - [TEST_STEP][PASSED] - waitForElementPresent: Object 'Object Repository/ADMIN/Categories/Category/dropdown_Parent' is present

2019-05-15 08:48:10 - [MESSAGE][PASSED] - Object 'Object Repository/ADMIN/Categories/Category/dropdown_Parent' is present

2019-05-15 08:48:10 - [TEST_STEP][PASSED] - delay: Delayed 1 second(s)

2019-05-15 08:48:11 - [MESSAGE][PASSED] - Delayed 1 second(s)

2019-05-15 08:48:11 - [TEST_STEP][PASSED] - setText: Text 'Category 3.5.1' is set on object 'Object Repository/ADMIN/Categories/Category/textfield_Category Name'

2019-05-15 08:48:11 - [MESSAGE][PASSED] - Text 'Category 3.5.1' is set on object 'Object Repository/ADMIN/Categories/Category/textfield_Category Name'

2019-05-15 08:48:11 - [TEST_STEP][PASSED] - click: Object: 'Object Repository/ADMIN/Categories/Category/dropdown_Parent' is clicked on

2019-05-15 08:48:11 - [MESSAGE][PASSED] - Object: 'Object Repository/ADMIN/Categories/Category/dropdown_Parent' is clicked on

2019-05-15 08:48:11 - [TEST_STEP][PASSED] - delay: Delayed 2 second(s)

2019-05-15 08:48:13 - [MESSAGE][PASSED] - Delayed 2 second(s)

2019-05-15 08:48:13 - [TEST_STEP][PASSED] - click: Object: 'Object Repository/ADMIN/Categories/Category/dropdown_Parent' is clicked on

2019-05-15 08:48:13 - [MESSAGE][PASSED] - Object: 'Object Repository/ADMIN/Categories/Category/dropdown_Parent' is clicked on

2019-05-15 08:48:13 - [TEST_STEP][PASSED] - selectOptionByLabel: All options with label 'Category 3.5' are selected in object 'Object Repository/ADMIN/Categories/Category/dropdown_Parent' 

2019-05-15 08:48:13 - [MESSAGE][PASSED] - All options with label 'Category 3.5' are selected in object 'Object Repository/ADMIN/Categories/Category/dropdown_Parent' 

2019-05-15 08:48:13 - [TEST_STEP][PASSED] - click: Object: 'Object Repository/ADMIN/Categories/Category/button_Browse' is clicked on

2019-05-15 08:48:14 - [MESSAGE][PASSED] - Object: 'Object Repository/ADMIN/Categories/Category/button_Browse' is clicked on

2019-05-15 08:48:14 - [TEST_STEP][PASSED] - delay: Delayed 1 second(s)

2019-05-15 08:48:15 - [MESSAGE][PASSED] - Delayed 1 second(s)

2019-05-15 08:48:15 - [TEST_STEP][PASSED] - uploadFile: File 'C:\\Katalon\\Image\\pic4.jpg' sent to object: 'Object Repository/ADMIN/Categories/Category/image_input image'

2019-05-15 08:48:15 - [MESSAGE][PASSED] - File 'C:\\Katalon\\Image\\pic4.jpg' sent to object: 'Object Repository/ADMIN/Categories/Category/image_input image'

2019-05-15 08:48:15 - [TEST_STEP][PASSED] - waitForElementVisible: Object 'Object Repository/ADMIN/Categories/Category/button_upload check' is visible

2019-05-15 08:48:15 - [MESSAGE][WARNING] - Timeout '0' is invalid. Using default page load timeout: '30'

2019-05-15 08:48:15 - [MESSAGE][PASSED] - Object 'Object Repository/ADMIN/Categories/Category/button_upload check' is visible

2019-05-15 08:48:15 - [TEST_STEP][PASSED] - click: Object: 'Object Repository/ADMIN/Categories/Category/button_upload check' is clicked on

2019-05-15 08:48:15 - [MESSAGE][PASSED] - Object: 'Object Repository/ADMIN/Categories/Category/button_upload check' is clicked on

2019-05-15 08:48:15 - [TEST_STEP][PASSED] - click: Object: 'Object Repository/ADMIN/Categories/Category/button_upload save' is clicked on

2019-05-15 08:48:15 - [MESSAGE][PASSED] - Object: 'Object Repository/ADMIN/Categories/Category/button_upload save' is clicked on

2019-05-15 08:48:15 - [TEST_STEP][FAILED] - waitForElementVisible: Unable to wait for object 'Object Repository/ADMIN/Categories/Category/button_upload save' to be visible (Root cause: org.openqa.selenium.StaleElementReferenceException: stale element reference: element is not attached to the page document
  (Session info: chrome=74.0.3729.131)
  (Driver info: chromedriver=2.35.528161 (5b82f2d2aae0ca24b877009200ced9065a772e73),platform=Windows NT 6.1.7601 SP1 x86_64) (WARNING: The server did not provide any stacktrace information)
Command duration or timeout: 0 milliseconds
For documentation on this error, please visit: http://seleniumhq.org/exceptions/stale_element_reference.html
Build info: version: '3.7.1', revision: '8a0099a', time: '2017-11-06T21:07:36.161Z'
System info: host: 'ARCADIER-PC', ip: '10.10.31.95', os.name: 'Windows 7', os.arch: 'amd64', os.version: '6.1', java.version: '1.8.0_102'
Driver info: com.kms.katalon.core.webui.driver.ExistingRemoteWebDriver
Capabilities {javascriptEnabled: true, platform: ANY, platformName: ANY}
Session ID: 4cba786bf88613ee8a0544a4d9db771f)

2019-05-15 08:48:15 - [MESSAGE][WARNING] - Timeout '0' is invalid. Using default page load timeout: '30'

2019-05-15 08:48:16 - [MESSAGE][FAILED] - Unable to wait for object 'Object Repository/ADMIN/Categories/Category/button_upload save' to be visible (Root cause: org.openqa.selenium.StaleElementReferenceException: stale element reference: element is not attached to the page document
  (Session info: chrome=74.0.3729.131)
  (Driver info: chromedriver=2.35.528161 (5b82f2d2aae0ca24b877009200ced9065a772e73),platform=Windows NT 6.1.7601 SP1 x86_64) (WARNING: The server did not provide any stacktrace information)
Command duration or timeout: 0 milliseconds
For documentation on this error, please visit: http://seleniumhq.org/exceptions/stale_element_reference.html
Build info: version: '3.7.1', revision: '8a0099a', time: '2017-11-06T21:07:36.161Z'
System info: host: 'ARCADIER-PC', ip: '10.10.31.95', os.name: 'Windows 7', os.arch: 'amd64', os.version: '6.1', java.version: '1.8.0_102'
Driver info: com.kms.katalon.core.webui.driver.ExistingRemoteWebDriver
Capabilities {javascriptEnabled: true, platform: ANY, platformName: ANY}
Session ID: 4cba786bf88613ee8a0544a4d9db771f)
[[ATTACHMENT|C:\\Katalon\\Arctick\\Reports\\Suites\\Admin Add Category\\20190515_083232\\1557881295955.png]]

2019-05-15 08:48:16 - [TEST_STEP][PASSED] - setText: Text 'Description41' is set on object 'Object Repository/ADMIN/Categories/Category/textfield_category_description'

2019-05-15 08:48:16 - [MESSAGE][PASSED] - Text 'Description41' is set on object 'Object Repository/ADMIN/Categories/Category/textfield_category_description'

2019-05-15 08:48:16 - [TEST_STEP][PASSED] - click: Object: 'Object Repository/ADMIN/Categories/Category/button_Save' is clicked on

2019-05-15 08:48:16 - [MESSAGE][PASSED] - Object: 'Object Repository/ADMIN/Categories/Category/button_Save' is clicked on

2019-05-15 08:48:16 - [TEST_STEP][PASSED] - waitForElementVisible: Object 'Object Repository/ADMIN/Categories/Category/label_edit popup' is visible

2019-05-15 08:48:16 - [MESSAGE][WARNING] - Timeout '0' is invalid. Using default page load timeout: '30'

2019-05-15 08:48:35 - [MESSAGE][PASSED] - Object 'Object Repository/ADMIN/Categories/Category/label_edit popup' is visible

2019-05-15 08:48:35 - [TEST_STEP][PASSED] - waitForElementNotPresent: Web element with id: 'Object Repository/ADMIN/Categories/Category/label_edit popup' located by 'By.xpath: //div[(text() = 'Category was successfully saved.' or . = 'Category was successfully saved.')]' is not present after '30' second(s)

2019-05-15 08:48:35 - [MESSAGE][WARNING] - Timeout '0' is invalid. Using default page load timeout: '30'

2019-05-15 08:48:41 - [MESSAGE][PASSED] - Web element with id: 'Object Repository/ADMIN/Categories/Category/label_edit popup' located by 'By.xpath: //div[(text() = 'Category was successfully saved.' or . = 'Category was successfully saved.')]' is not present after '30' second(s)]]></system-out>
         <system-err><![CDATA[2019-05-15 08:48:09 - [TEST_CASE][FAILED] - Test Cases/ADMIN/Content Mgmt/Categories/Category Add-Edit/Add Category: Test Cases/ADMIN/Content Mgmt/Categories/Category Add-Edit/Add Category FAILED because (of) Unable to click on object 'Object Repository/ADMIN/Categories/Category List/button_Categories' (Root cause: org.openqa.selenium.ElementNotVisibleException: element not visible
  (Session info: chrome=74.0.3729.131)
  (Driver info: chromedriver=2.35.528161 (5b82f2d2aae0ca24b877009200ced9065a772e73),platform=Windows NT 6.1.7601 SP1 x86_64) (WARNING: The server did not provide any stacktrace information)
Command duration or timeout: 0 milliseconds
Build info: version: '3.7.1', revision: '8a0099a', time: '2017-11-06T21:07:36.161Z'
System info: host: 'ARCADIER-PC', ip: '10.10.31.95', os.name: 'Windows 7', os.arch: 'amd64', os.version: '6.1', java.version: '1.8.0_102'
Driver info: com.kms.katalon.core.webui.driver.ExistingRemoteWebDriver
Capabilities {javascriptEnabled: true, platform: ANY, platformName: ANY}
Session ID: 4cba786bf88613ee8a0544a4d9db771f)]]></system-err>
      </testcase>
      <testcase name="Test Cases/ADMIN/Content Mgmt/Categories/Category Add-Edit/Add Category" classname="Test Cases/ADMIN/Content Mgmt/Categories/Category Add-Edit/Add Category" status="FAILED">
         <failure type="FAILED" message="Unable to click on object 'Object Repository/ADMIN/Categories/Category List/button_Categories' (Root cause: org.openqa.selenium.ElementNotVisibleException: element not visible
  (Session info: chrome=74.0.3729.131)
  (Driver info: chromedriver=2.35.528161 (5b82f2d2aae0ca24b877009200ced9065a772e73),platform=Windows NT 6.1.7601 SP1 x86_64) (WARNING: The server did not provide any stacktrace information)
Command duration or timeout: 0 milliseconds
Build info: version: '3.7.1', revision: '8a0099a', time: '2017-11-06T21:07:36.161Z'
System info: host: 'ARCADIER-PC', ip: '10.10.31.95', os.name: 'Windows 7', os.arch: 'amd64', os.version: '6.1', java.version: '1.8.0_102'
Driver info: com.kms.katalon.core.webui.driver.ExistingRemoteWebDriver
Capabilities {javascriptEnabled: true, platform: ANY, platformName: ANY}
Session ID: 4cba786bf88613ee8a0544a4d9db771f)"/>
         <system-out><![CDATA[2019-05-15 08:48:41 - [TEST_CASE][FAILED] - Test Cases/ADMIN/Content Mgmt/Categories/Category Add-Edit/Add Category: Test Cases/ADMIN/Content Mgmt/Categories/Category Add-Edit/Add Category FAILED because (of) Unable to click on object 'Object Repository/ADMIN/Categories/Category List/button_Categories' (Root cause: org.openqa.selenium.ElementNotVisibleException: element not visible
  (Session info: chrome=74.0.3729.131)
  (Driver info: chromedriver=2.35.528161 (5b82f2d2aae0ca24b877009200ced9065a772e73),platform=Windows NT 6.1.7601 SP1 x86_64) (WARNING: The server did not provide any stacktrace information)
Command duration or timeout: 0 milliseconds
Build info: version: '3.7.1', revision: '8a0099a', time: '2017-11-06T21:07:36.161Z'
System info: host: 'ARCADIER-PC', ip: '10.10.31.95', os.name: 'Windows 7', os.arch: 'amd64', os.version: '6.1', java.version: '1.8.0_102'
Driver info: com.kms.katalon.core.webui.driver.ExistingRemoteWebDriver
Capabilities {javascriptEnabled: true, platform: ANY, platformName: ANY}
Session ID: 4cba786bf88613ee8a0544a4d9db771f)

2019-05-15 08:48:41 - [TEST_STEP][PASSED] - waitForElementVisible: Object 'Object Repository/ADMIN/Categories/Category List/button_Content Mgmt' is visible

2019-05-15 08:48:41 - [MESSAGE][WARNING] - Timeout '0' is invalid. Using default page load timeout: '30'

2019-05-15 08:48:41 - [MESSAGE][PASSED] - Object 'Object Repository/ADMIN/Categories/Category List/button_Content Mgmt' is visible

2019-05-15 08:48:41 - [TEST_STEP][PASSED] - click: Object: 'Object Repository/ADMIN/Categories/Category List/button_Content Mgmt' is clicked on

2019-05-15 08:48:41 - [MESSAGE][PASSED] - Object: 'Object Repository/ADMIN/Categories/Category List/button_Content Mgmt' is clicked on

2019-05-15 08:48:41 - [TEST_STEP][PASSED] - waitForElementVisible: Object 'Object Repository/ADMIN/Categories/Category List/button_Categories' is visible

2019-05-15 08:48:41 - [MESSAGE][WARNING] - Timeout '0' is invalid. Using default page load timeout: '30'

2019-05-15 08:48:41 - [MESSAGE][PASSED] - Object 'Object Repository/ADMIN/Categories/Category List/button_Categories' is visible

2019-05-15 08:48:41 - [TEST_STEP][FAILED] - click: Unable to click on object 'Object Repository/ADMIN/Categories/Category List/button_Categories' (Root cause: org.openqa.selenium.ElementNotVisibleException: element not visible
  (Session info: chrome=74.0.3729.131)
  (Driver info: chromedriver=2.35.528161 (5b82f2d2aae0ca24b877009200ced9065a772e73),platform=Windows NT 6.1.7601 SP1 x86_64) (WARNING: The server did not provide any stacktrace information)
Command duration or timeout: 0 milliseconds
Build info: version: '3.7.1', revision: '8a0099a', time: '2017-11-06T21:07:36.161Z'
System info: host: 'ARCADIER-PC', ip: '10.10.31.95', os.name: 'Windows 7', os.arch: 'amd64', os.version: '6.1', java.version: '1.8.0_102'
Driver info: com.kms.katalon.core.webui.driver.ExistingRemoteWebDriver
Capabilities {javascriptEnabled: true, platform: ANY, platformName: ANY}
Session ID: 4cba786bf88613ee8a0544a4d9db771f)

2019-05-15 08:48:42 - [MESSAGE][FAILED] - Unable to click on object 'Object Repository/ADMIN/Categories/Category List/button_Categories' (Root cause: org.openqa.selenium.ElementNotVisibleException: element not visible
  (Session info: chrome=74.0.3729.131)
  (Driver info: chromedriver=2.35.528161 (5b82f2d2aae0ca24b877009200ced9065a772e73),platform=Windows NT 6.1.7601 SP1 x86_64) (WARNING: The server did not provide any stacktrace information)
Command duration or timeout: 0 milliseconds
Build info: version: '3.7.1', revision: '8a0099a', time: '2017-11-06T21:07:36.161Z'
System info: host: 'ARCADIER-PC', ip: '10.10.31.95', os.name: 'Windows 7', os.arch: 'amd64', os.version: '6.1', java.version: '1.8.0_102'
Driver info: com.kms.katalon.core.webui.driver.ExistingRemoteWebDriver
Capabilities {javascriptEnabled: true, platform: ANY, platformName: ANY}
Session ID: 4cba786bf88613ee8a0544a4d9db771f)
[[ATTACHMENT|C:\\Katalon\\Arctick\\Reports\\Suites\\Admin Add Category\\20190515_083232\\1557881322211.png]]

2019-05-15 08:48:42 - [TEST_STEP][PASSED] - waitForPageLoad: Wait for page load successfully

2019-05-15 08:48:42 - [MESSAGE][WARNING] - Timeout '0' is invalid. Using default page load timeout: '30'

2019-05-15 08:48:42 - [MESSAGE][PASSED] - Wait for page load successfully

2019-05-15 08:48:42 - [TEST_STEP][PASSED] - click: Object: 'Object Repository/ADMIN/Categories/Category List/button_Add a Category' is clicked on

2019-05-15 08:48:42 - [MESSAGE][PASSED] - Object: 'Object Repository/ADMIN/Categories/Category List/button_Add a Category' is clicked on

2019-05-15 08:48:42 - [TEST_STEP][PASSED] - waitForElementPresent: Object 'Object Repository/ADMIN/Categories/Category/dropdown_Parent' is present

2019-05-15 08:48:42 - [MESSAGE][PASSED] - Object 'Object Repository/ADMIN/Categories/Category/dropdown_Parent' is present

2019-05-15 08:48:42 - [TEST_STEP][PASSED] - delay: Delayed 1 second(s)

2019-05-15 08:48:43 - [MESSAGE][PASSED] - Delayed 1 second(s)

2019-05-15 08:48:43 - [TEST_STEP][PASSED] - setText: Text 'Category 3.5.2' is set on object 'Object Repository/ADMIN/Categories/Category/textfield_Category Name'

2019-05-15 08:48:43 - [MESSAGE][PASSED] - Text 'Category 3.5.2' is set on object 'Object Repository/ADMIN/Categories/Category/textfield_Category Name'

2019-05-15 08:48:43 - [TEST_STEP][PASSED] - click: Object: 'Object Repository/ADMIN/Categories/Category/dropdown_Parent' is clicked on

2019-05-15 08:48:43 - [MESSAGE][PASSED] - Object: 'Object Repository/ADMIN/Categories/Category/dropdown_Parent' is clicked on

2019-05-15 08:48:43 - [TEST_STEP][PASSED] - delay: Delayed 2 second(s)

2019-05-15 08:48:45 - [MESSAGE][PASSED] - Delayed 2 second(s)

2019-05-15 08:48:45 - [TEST_STEP][PASSED] - click: Object: 'Object Repository/ADMIN/Categories/Category/dropdown_Parent' is clicked on

2019-05-15 08:48:46 - [MESSAGE][PASSED] - Object: 'Object Repository/ADMIN/Categories/Category/dropdown_Parent' is clicked on

2019-05-15 08:48:46 - [TEST_STEP][PASSED] - selectOptionByLabel: All options with label 'Category 3.5' are selected in object 'Object Repository/ADMIN/Categories/Category/dropdown_Parent' 

2019-05-15 08:48:46 - [MESSAGE][PASSED] - All options with label 'Category 3.5' are selected in object 'Object Repository/ADMIN/Categories/Category/dropdown_Parent' 

2019-05-15 08:48:46 - [TEST_STEP][PASSED] - click: Object: 'Object Repository/ADMIN/Categories/Category/button_Browse' is clicked on

2019-05-15 08:48:46 - [MESSAGE][PASSED] - Object: 'Object Repository/ADMIN/Categories/Category/button_Browse' is clicked on

2019-05-15 08:48:46 - [TEST_STEP][PASSED] - delay: Delayed 1 second(s)

2019-05-15 08:48:47 - [MESSAGE][PASSED] - Delayed 1 second(s)

2019-05-15 08:48:47 - [TEST_STEP][PASSED] - uploadFile: File 'C:\\Katalon\\Image\\pic5.jpg' sent to object: 'Object Repository/ADMIN/Categories/Category/image_input image'

2019-05-15 08:48:47 - [MESSAGE][PASSED] - File 'C:\\Katalon\\Image\\pic5.jpg' sent to object: 'Object Repository/ADMIN/Categories/Category/image_input image'

2019-05-15 08:48:47 - [TEST_STEP][PASSED] - waitForElementVisible: Object 'Object Repository/ADMIN/Categories/Category/button_upload check' is visible

2019-05-15 08:48:47 - [MESSAGE][WARNING] - Timeout '0' is invalid. Using default page load timeout: '30'

2019-05-15 08:48:47 - [MESSAGE][PASSED] - Object 'Object Repository/ADMIN/Categories/Category/button_upload check' is visible

2019-05-15 08:48:47 - [TEST_STEP][PASSED] - click: Object: 'Object Repository/ADMIN/Categories/Category/button_upload check' is clicked on

2019-05-15 08:48:47 - [MESSAGE][PASSED] - Object: 'Object Repository/ADMIN/Categories/Category/button_upload check' is clicked on

2019-05-15 08:48:47 - [TEST_STEP][PASSED] - click: Object: 'Object Repository/ADMIN/Categories/Category/button_upload save' is clicked on

2019-05-15 08:48:47 - [MESSAGE][PASSED] - Object: 'Object Repository/ADMIN/Categories/Category/button_upload save' is clicked on

2019-05-15 08:48:47 - [TEST_STEP][PASSED] - waitForElementVisible: Object 'Object Repository/ADMIN/Categories/Category/button_upload save' is visible

2019-05-15 08:48:47 - [MESSAGE][WARNING] - Timeout '0' is invalid. Using default page load timeout: '30'

2019-05-15 08:48:47 - [MESSAGE][PASSED] - Object 'Object Repository/ADMIN/Categories/Category/button_upload save' is visible

2019-05-15 08:48:47 - [TEST_STEP][PASSED] - setText: Text 'Description42' is set on object 'Object Repository/ADMIN/Categories/Category/textfield_category_description'

2019-05-15 08:48:47 - [MESSAGE][PASSED] - Text 'Description42' is set on object 'Object Repository/ADMIN/Categories/Category/textfield_category_description'

2019-05-15 08:48:47 - [TEST_STEP][PASSED] - click: Object: 'Object Repository/ADMIN/Categories/Category/button_Save' is clicked on

2019-05-15 08:48:47 - [MESSAGE][PASSED] - Object: 'Object Repository/ADMIN/Categories/Category/button_Save' is clicked on

2019-05-15 08:48:47 - [TEST_STEP][PASSED] - waitForElementVisible: Object 'Object Repository/ADMIN/Categories/Category/label_edit popup' is visible

2019-05-15 08:48:47 - [MESSAGE][WARNING] - Timeout '0' is invalid. Using default page load timeout: '30'

2019-05-15 08:48:57 - [MESSAGE][PASSED] - Object 'Object Repository/ADMIN/Categories/Category/label_edit popup' is visible

2019-05-15 08:48:57 - [TEST_STEP][PASSED] - waitForElementNotPresent: Web element with id: 'Object Repository/ADMIN/Categories/Category/label_edit popup' located by 'By.xpath: //div[(text() = 'Category was successfully saved.' or . = 'Category was successfully saved.')]' is not present after '30' second(s)

2019-05-15 08:48:57 - [MESSAGE][WARNING] - Timeout '0' is invalid. Using default page load timeout: '30'

2019-05-15 08:49:03 - [MESSAGE][PASSED] - Web element with id: 'Object Repository/ADMIN/Categories/Category/label_edit popup' located by 'By.xpath: //div[(text() = 'Category was successfully saved.' or . = 'Category was successfully saved.')]' is not present after '30' second(s)]]></system-out>
         <system-err><![CDATA[2019-05-15 08:48:41 - [TEST_CASE][FAILED] - Test Cases/ADMIN/Content Mgmt/Categories/Category Add-Edit/Add Category: Test Cases/ADMIN/Content Mgmt/Categories/Category Add-Edit/Add Category FAILED because (of) Unable to click on object 'Object Repository/ADMIN/Categories/Category List/button_Categories' (Root cause: org.openqa.selenium.ElementNotVisibleException: element not visible
  (Session info: chrome=74.0.3729.131)
  (Driver info: chromedriver=2.35.528161 (5b82f2d2aae0ca24b877009200ced9065a772e73),platform=Windows NT 6.1.7601 SP1 x86_64) (WARNING: The server did not provide any stacktrace information)
Command duration or timeout: 0 milliseconds
Build info: version: '3.7.1', revision: '8a0099a', time: '2017-11-06T21:07:36.161Z'
System info: host: 'ARCADIER-PC', ip: '10.10.31.95', os.name: 'Windows 7', os.arch: 'amd64', os.version: '6.1', java.version: '1.8.0_102'
Driver info: com.kms.katalon.core.webui.driver.ExistingRemoteWebDriver
Capabilities {javascriptEnabled: true, platform: ANY, platformName: ANY}
Session ID: 4cba786bf88613ee8a0544a4d9db771f)]]></system-err>
      </testcase>
      <testcase name="Test Cases/ADMIN/Content Mgmt/Categories/Category Add-Edit/Add Category" classname="Test Cases/ADMIN/Content Mgmt/Categories/Category Add-Edit/Add Category" status="FAILED">
         <failure type="FAILED" message="Unable to click on object 'Object Repository/ADMIN/Categories/Category List/button_Categories' (Root cause: org.openqa.selenium.ElementNotVisibleException: element not visible
  (Session info: chrome=74.0.3729.131)
  (Driver info: chromedriver=2.35.528161 (5b82f2d2aae0ca24b877009200ced9065a772e73),platform=Windows NT 6.1.7601 SP1 x86_64) (WARNING: The server did not provide any stacktrace information)
Command duration or timeout: 0 milliseconds
Build info: version: '3.7.1', revision: '8a0099a', time: '2017-11-06T21:07:36.161Z'
System info: host: 'ARCADIER-PC', ip: '10.10.31.95', os.name: 'Windows 7', os.arch: 'amd64', os.version: '6.1', java.version: '1.8.0_102'
Driver info: com.kms.katalon.core.webui.driver.ExistingRemoteWebDriver
Capabilities {javascriptEnabled: true, platform: ANY, platformName: ANY}
Session ID: 4cba786bf88613ee8a0544a4d9db771f)"/>
         <system-out><![CDATA[2019-05-15 08:49:03 - [TEST_CASE][FAILED] - Test Cases/ADMIN/Content Mgmt/Categories/Category Add-Edit/Add Category: Test Cases/ADMIN/Content Mgmt/Categories/Category Add-Edit/Add Category FAILED because (of) Unable to click on object 'Object Repository/ADMIN/Categories/Category List/button_Categories' (Root cause: org.openqa.selenium.ElementNotVisibleException: element not visible
  (Session info: chrome=74.0.3729.131)
  (Driver info: chromedriver=2.35.528161 (5b82f2d2aae0ca24b877009200ced9065a772e73),platform=Windows NT 6.1.7601 SP1 x86_64) (WARNING: The server did not provide any stacktrace information)
Command duration or timeout: 0 milliseconds
Build info: version: '3.7.1', revision: '8a0099a', time: '2017-11-06T21:07:36.161Z'
System info: host: 'ARCADIER-PC', ip: '10.10.31.95', os.name: 'Windows 7', os.arch: 'amd64', os.version: '6.1', java.version: '1.8.0_102'
Driver info: com.kms.katalon.core.webui.driver.ExistingRemoteWebDriver
Capabilities {javascriptEnabled: true, platform: ANY, platformName: ANY}
Session ID: 4cba786bf88613ee8a0544a4d9db771f)

2019-05-15 08:49:03 - [TEST_STEP][PASSED] - waitForElementVisible: Object 'Object Repository/ADMIN/Categories/Category List/button_Content Mgmt' is visible

2019-05-15 08:49:03 - [MESSAGE][WARNING] - Timeout '0' is invalid. Using default page load timeout: '30'

2019-05-15 08:49:03 - [MESSAGE][PASSED] - Object 'Object Repository/ADMIN/Categories/Category List/button_Content Mgmt' is visible

2019-05-15 08:49:03 - [TEST_STEP][PASSED] - click: Object: 'Object Repository/ADMIN/Categories/Category List/button_Content Mgmt' is clicked on

2019-05-15 08:49:03 - [MESSAGE][PASSED] - Object: 'Object Repository/ADMIN/Categories/Category List/button_Content Mgmt' is clicked on

2019-05-15 08:49:03 - [TEST_STEP][PASSED] - waitForElementVisible: Object 'Object Repository/ADMIN/Categories/Category List/button_Categories' is visible

2019-05-15 08:49:03 - [MESSAGE][WARNING] - Timeout '0' is invalid. Using default page load timeout: '30'

2019-05-15 08:49:03 - [MESSAGE][PASSED] - Object 'Object Repository/ADMIN/Categories/Category List/button_Categories' is visible

2019-05-15 08:49:03 - [TEST_STEP][FAILED] - click: Unable to click on object 'Object Repository/ADMIN/Categories/Category List/button_Categories' (Root cause: org.openqa.selenium.ElementNotVisibleException: element not visible
  (Session info: chrome=74.0.3729.131)
  (Driver info: chromedriver=2.35.528161 (5b82f2d2aae0ca24b877009200ced9065a772e73),platform=Windows NT 6.1.7601 SP1 x86_64) (WARNING: The server did not provide any stacktrace information)
Command duration or timeout: 0 milliseconds
Build info: version: '3.7.1', revision: '8a0099a', time: '2017-11-06T21:07:36.161Z'
System info: host: 'ARCADIER-PC', ip: '10.10.31.95', os.name: 'Windows 7', os.arch: 'amd64', os.version: '6.1', java.version: '1.8.0_102'
Driver info: com.kms.katalon.core.webui.driver.ExistingRemoteWebDriver
Capabilities {javascriptEnabled: true, platform: ANY, platformName: ANY}
Session ID: 4cba786bf88613ee8a0544a4d9db771f)

2019-05-15 08:49:04 - [MESSAGE][FAILED] - Unable to click on object 'Object Repository/ADMIN/Categories/Category List/button_Categories' (Root cause: org.openqa.selenium.ElementNotVisibleException: element not visible
  (Session info: chrome=74.0.3729.131)
  (Driver info: chromedriver=2.35.528161 (5b82f2d2aae0ca24b877009200ced9065a772e73),platform=Windows NT 6.1.7601 SP1 x86_64) (WARNING: The server did not provide any stacktrace information)
Command duration or timeout: 0 milliseconds
Build info: version: '3.7.1', revision: '8a0099a', time: '2017-11-06T21:07:36.161Z'
System info: host: 'ARCADIER-PC', ip: '10.10.31.95', os.name: 'Windows 7', os.arch: 'amd64', os.version: '6.1', java.version: '1.8.0_102'
Driver info: com.kms.katalon.core.webui.driver.ExistingRemoteWebDriver
Capabilities {javascriptEnabled: true, platform: ANY, platformName: ANY}
Session ID: 4cba786bf88613ee8a0544a4d9db771f)
[[ATTACHMENT|C:\\Katalon\\Arctick\\Reports\\Suites\\Admin Add Category\\20190515_083232\\1557881344123.png]]

2019-05-15 08:49:04 - [TEST_STEP][PASSED] - waitForPageLoad: Wait for page load successfully

2019-05-15 08:49:04 - [MESSAGE][WARNING] - Timeout '0' is invalid. Using default page load timeout: '30'

2019-05-15 08:49:04 - [MESSAGE][PASSED] - Wait for page load successfully

2019-05-15 08:49:04 - [TEST_STEP][PASSED] - click: Object: 'Object Repository/ADMIN/Categories/Category List/button_Add a Category' is clicked on

2019-05-15 08:49:04 - [MESSAGE][PASSED] - Object: 'Object Repository/ADMIN/Categories/Category List/button_Add a Category' is clicked on

2019-05-15 08:49:04 - [TEST_STEP][PASSED] - waitForElementPresent: Object 'Object Repository/ADMIN/Categories/Category/dropdown_Parent' is present

2019-05-15 08:49:04 - [MESSAGE][PASSED] - Object 'Object Repository/ADMIN/Categories/Category/dropdown_Parent' is present

2019-05-15 08:49:04 - [TEST_STEP][PASSED] - delay: Delayed 1 second(s)

2019-05-15 08:49:05 - [MESSAGE][PASSED] - Delayed 1 second(s)

2019-05-15 08:49:05 - [TEST_STEP][PASSED] - setText: Text 'Category 3.5.3' is set on object 'Object Repository/ADMIN/Categories/Category/textfield_Category Name'

2019-05-15 08:49:05 - [MESSAGE][PASSED] - Text 'Category 3.5.3' is set on object 'Object Repository/ADMIN/Categories/Category/textfield_Category Name'

2019-05-15 08:49:05 - [TEST_STEP][PASSED] - click: Object: 'Object Repository/ADMIN/Categories/Category/dropdown_Parent' is clicked on

2019-05-15 08:49:05 - [MESSAGE][PASSED] - Object: 'Object Repository/ADMIN/Categories/Category/dropdown_Parent' is clicked on

2019-05-15 08:49:05 - [TEST_STEP][PASSED] - delay: Delayed 2 second(s)

2019-05-15 08:49:07 - [MESSAGE][PASSED] - Delayed 2 second(s)

2019-05-15 08:49:07 - [TEST_STEP][PASSED] - click: Object: 'Object Repository/ADMIN/Categories/Category/dropdown_Parent' is clicked on

2019-05-15 08:49:07 - [MESSAGE][PASSED] - Object: 'Object Repository/ADMIN/Categories/Category/dropdown_Parent' is clicked on

2019-05-15 08:49:07 - [TEST_STEP][PASSED] - selectOptionByLabel: All options with label 'Category 3.5' are selected in object 'Object Repository/ADMIN/Categories/Category/dropdown_Parent' 

2019-05-15 08:49:07 - [MESSAGE][PASSED] - All options with label 'Category 3.5' are selected in object 'Object Repository/ADMIN/Categories/Category/dropdown_Parent' 

2019-05-15 08:49:07 - [TEST_STEP][PASSED] - click: Object: 'Object Repository/ADMIN/Categories/Category/button_Browse' is clicked on

2019-05-15 08:49:07 - [MESSAGE][PASSED] - Object: 'Object Repository/ADMIN/Categories/Category/button_Browse' is clicked on

2019-05-15 08:49:07 - [TEST_STEP][PASSED] - delay: Delayed 1 second(s)

2019-05-15 08:49:08 - [MESSAGE][PASSED] - Delayed 1 second(s)

2019-05-15 08:49:08 - [TEST_STEP][PASSED] - uploadFile: File 'C:\\Katalon\\Image\\pic6.jpg' sent to object: 'Object Repository/ADMIN/Categories/Category/image_input image'

2019-05-15 08:49:09 - [MESSAGE][PASSED] - File 'C:\\Katalon\\Image\\pic6.jpg' sent to object: 'Object Repository/ADMIN/Categories/Category/image_input image'

2019-05-15 08:49:09 - [TEST_STEP][PASSED] - waitForElementVisible: Object 'Object Repository/ADMIN/Categories/Category/button_upload check' is visible

2019-05-15 08:49:09 - [MESSAGE][WARNING] - Timeout '0' is invalid. Using default page load timeout: '30'

2019-05-15 08:49:09 - [MESSAGE][PASSED] - Object 'Object Repository/ADMIN/Categories/Category/button_upload check' is visible

2019-05-15 08:49:09 - [TEST_STEP][PASSED] - click: Object: 'Object Repository/ADMIN/Categories/Category/button_upload check' is clicked on

2019-05-15 08:49:09 - [MESSAGE][PASSED] - Object: 'Object Repository/ADMIN/Categories/Category/button_upload check' is clicked on

2019-05-15 08:49:09 - [TEST_STEP][PASSED] - click: Object: 'Object Repository/ADMIN/Categories/Category/button_upload save' is clicked on

2019-05-15 08:49:09 - [MESSAGE][PASSED] - Object: 'Object Repository/ADMIN/Categories/Category/button_upload save' is clicked on

2019-05-15 08:49:09 - [TEST_STEP][PASSED] - waitForElementVisible: Object 'Object Repository/ADMIN/Categories/Category/button_upload save' is visible

2019-05-15 08:49:09 - [MESSAGE][WARNING] - Timeout '0' is invalid. Using default page load timeout: '30'

2019-05-15 08:49:09 - [MESSAGE][PASSED] - Object 'Object Repository/ADMIN/Categories/Category/button_upload save' is visible

2019-05-15 08:49:09 - [TEST_STEP][PASSED] - setText: Text 'Description43' is set on object 'Object Repository/ADMIN/Categories/Category/textfield_category_description'

2019-05-15 08:49:09 - [MESSAGE][PASSED] - Text 'Description43' is set on object 'Object Repository/ADMIN/Categories/Category/textfield_category_description'

2019-05-15 08:49:09 - [TEST_STEP][PASSED] - click: Object: 'Object Repository/ADMIN/Categories/Category/button_Save' is clicked on

2019-05-15 08:49:09 - [MESSAGE][PASSED] - Object: 'Object Repository/ADMIN/Categories/Category/button_Save' is clicked on

2019-05-15 08:49:09 - [TEST_STEP][PASSED] - waitForElementVisible: Object 'Object Repository/ADMIN/Categories/Category/label_edit popup' is visible

2019-05-15 08:49:09 - [MESSAGE][WARNING] - Timeout '0' is invalid. Using default page load timeout: '30'

2019-05-15 08:49:26 - [MESSAGE][PASSED] - Object 'Object Repository/ADMIN/Categories/Category/label_edit popup' is visible

2019-05-15 08:49:26 - [TEST_STEP][PASSED] - waitForElementNotPresent: Web element with id: 'Object Repository/ADMIN/Categories/Category/label_edit popup' located by 'By.xpath: //div[(text() = 'Category was successfully saved.' or . = 'Category was successfully saved.')]' is not present after '30' second(s)

2019-05-15 08:49:26 - [MESSAGE][WARNING] - Timeout '0' is invalid. Using default page load timeout: '30'

2019-05-15 08:49:32 - [MESSAGE][PASSED] - Web element with id: 'Object Repository/ADMIN/Categories/Category/label_edit popup' located by 'By.xpath: //div[(text() = 'Category was successfully saved.' or . = 'Category was successfully saved.')]' is not present after '30' second(s)]]></system-out>
         <system-err><![CDATA[2019-05-15 08:49:03 - [TEST_CASE][FAILED] - Test Cases/ADMIN/Content Mgmt/Categories/Category Add-Edit/Add Category: Test Cases/ADMIN/Content Mgmt/Categories/Category Add-Edit/Add Category FAILED because (of) Unable to click on object 'Object Repository/ADMIN/Categories/Category List/button_Categories' (Root cause: org.openqa.selenium.ElementNotVisibleException: element not visible
  (Session info: chrome=74.0.3729.131)
  (Driver info: chromedriver=2.35.528161 (5b82f2d2aae0ca24b877009200ced9065a772e73),platform=Windows NT 6.1.7601 SP1 x86_64) (WARNING: The server did not provide any stacktrace information)
Command duration or timeout: 0 milliseconds
Build info: version: '3.7.1', revision: '8a0099a', time: '2017-11-06T21:07:36.161Z'
System info: host: 'ARCADIER-PC', ip: '10.10.31.95', os.name: 'Windows 7', os.arch: 'amd64', os.version: '6.1', java.version: '1.8.0_102'
Driver info: com.kms.katalon.core.webui.driver.ExistingRemoteWebDriver
Capabilities {javascriptEnabled: true, platform: ANY, platformName: ANY}
Session ID: 4cba786bf88613ee8a0544a4d9db771f)]]></system-err>
      </testcase>
      <testcase name="Test Cases/ADMIN/Content Mgmt/Categories/Category Add-Edit/Add Category" classname="Test Cases/ADMIN/Content Mgmt/Categories/Category Add-Edit/Add Category" status="FAILED">
         <failure type="FAILED" message="Unable to click on object 'Object Repository/ADMIN/Categories/Category List/button_Categories' (Root cause: org.openqa.selenium.ElementNotVisibleException: element not visible
  (Session info: chrome=74.0.3729.131)
  (Driver info: chromedriver=2.35.528161 (5b82f2d2aae0ca24b877009200ced9065a772e73),platform=Windows NT 6.1.7601 SP1 x86_64) (WARNING: The server did not provide any stacktrace information)
Command duration or timeout: 0 milliseconds
Build info: version: '3.7.1', revision: '8a0099a', time: '2017-11-06T21:07:36.161Z'
System info: host: 'ARCADIER-PC', ip: '10.10.31.95', os.name: 'Windows 7', os.arch: 'amd64', os.version: '6.1', java.version: '1.8.0_102'
Driver info: com.kms.katalon.core.webui.driver.ExistingRemoteWebDriver
Capabilities {javascriptEnabled: true, platform: ANY, platformName: ANY}
Session ID: 4cba786bf88613ee8a0544a4d9db771f)"/>
         <system-out><![CDATA[2019-05-15 08:49:32 - [TEST_CASE][FAILED] - Test Cases/ADMIN/Content Mgmt/Categories/Category Add-Edit/Add Category: Test Cases/ADMIN/Content Mgmt/Categories/Category Add-Edit/Add Category FAILED because (of) Unable to click on object 'Object Repository/ADMIN/Categories/Category List/button_Categories' (Root cause: org.openqa.selenium.ElementNotVisibleException: element not visible
  (Session info: chrome=74.0.3729.131)
  (Driver info: chromedriver=2.35.528161 (5b82f2d2aae0ca24b877009200ced9065a772e73),platform=Windows NT 6.1.7601 SP1 x86_64) (WARNING: The server did not provide any stacktrace information)
Command duration or timeout: 0 milliseconds
Build info: version: '3.7.1', revision: '8a0099a', time: '2017-11-06T21:07:36.161Z'
System info: host: 'ARCADIER-PC', ip: '10.10.31.95', os.name: 'Windows 7', os.arch: 'amd64', os.version: '6.1', java.version: '1.8.0_102'
Driver info: com.kms.katalon.core.webui.driver.ExistingRemoteWebDriver
Capabilities {javascriptEnabled: true, platform: ANY, platformName: ANY}
Session ID: 4cba786bf88613ee8a0544a4d9db771f)

2019-05-15 08:49:33 - [TEST_STEP][PASSED] - waitForElementVisible: Object 'Object Repository/ADMIN/Categories/Category List/button_Content Mgmt' is visible

2019-05-15 08:49:33 - [MESSAGE][WARNING] - Timeout '0' is invalid. Using default page load timeout: '30'

2019-05-15 08:49:33 - [MESSAGE][PASSED] - Object 'Object Repository/ADMIN/Categories/Category List/button_Content Mgmt' is visible

2019-05-15 08:49:33 - [TEST_STEP][PASSED] - click: Object: 'Object Repository/ADMIN/Categories/Category List/button_Content Mgmt' is clicked on

2019-05-15 08:49:33 - [MESSAGE][PASSED] - Object: 'Object Repository/ADMIN/Categories/Category List/button_Content Mgmt' is clicked on

2019-05-15 08:49:33 - [TEST_STEP][PASSED] - waitForElementVisible: Object 'Object Repository/ADMIN/Categories/Category List/button_Categories' is visible

2019-05-15 08:49:33 - [MESSAGE][WARNING] - Timeout '0' is invalid. Using default page load timeout: '30'

2019-05-15 08:49:33 - [MESSAGE][PASSED] - Object 'Object Repository/ADMIN/Categories/Category List/button_Categories' is visible

2019-05-15 08:49:33 - [TEST_STEP][FAILED] - click: Unable to click on object 'Object Repository/ADMIN/Categories/Category List/button_Categories' (Root cause: org.openqa.selenium.ElementNotVisibleException: element not visible
  (Session info: chrome=74.0.3729.131)
  (Driver info: chromedriver=2.35.528161 (5b82f2d2aae0ca24b877009200ced9065a772e73),platform=Windows NT 6.1.7601 SP1 x86_64) (WARNING: The server did not provide any stacktrace information)
Command duration or timeout: 0 milliseconds
Build info: version: '3.7.1', revision: '8a0099a', time: '2017-11-06T21:07:36.161Z'
System info: host: 'ARCADIER-PC', ip: '10.10.31.95', os.name: 'Windows 7', os.arch: 'amd64', os.version: '6.1', java.version: '1.8.0_102'
Driver info: com.kms.katalon.core.webui.driver.ExistingRemoteWebDriver
Capabilities {javascriptEnabled: true, platform: ANY, platformName: ANY}
Session ID: 4cba786bf88613ee8a0544a4d9db771f)

2019-05-15 08:49:33 - [MESSAGE][FAILED] - Unable to click on object 'Object Repository/ADMIN/Categories/Category List/button_Categories' (Root cause: org.openqa.selenium.ElementNotVisibleException: element not visible
  (Session info: chrome=74.0.3729.131)
  (Driver info: chromedriver=2.35.528161 (5b82f2d2aae0ca24b877009200ced9065a772e73),platform=Windows NT 6.1.7601 SP1 x86_64) (WARNING: The server did not provide any stacktrace information)
Command duration or timeout: 0 milliseconds
Build info: version: '3.7.1', revision: '8a0099a', time: '2017-11-06T21:07:36.161Z'
System info: host: 'ARCADIER-PC', ip: '10.10.31.95', os.name: 'Windows 7', os.arch: 'amd64', os.version: '6.1', java.version: '1.8.0_102'
Driver info: com.kms.katalon.core.webui.driver.ExistingRemoteWebDriver
Capabilities {javascriptEnabled: true, platform: ANY, platformName: ANY}
Session ID: 4cba786bf88613ee8a0544a4d9db771f)
[[ATTACHMENT|C:\\Katalon\\Arctick\\Reports\\Suites\\Admin Add Category\\20190515_083232\\1557881373346.png]]

2019-05-15 08:49:33 - [TEST_STEP][PASSED] - waitForPageLoad: Wait for page load successfully

2019-05-15 08:49:33 - [MESSAGE][WARNING] - Timeout '0' is invalid. Using default page load timeout: '30'

2019-05-15 08:49:33 - [MESSAGE][PASSED] - Wait for page load successfully

2019-05-15 08:49:33 - [TEST_STEP][PASSED] - click: Object: 'Object Repository/ADMIN/Categories/Category List/button_Add a Category' is clicked on

2019-05-15 08:49:33 - [MESSAGE][PASSED] - Object: 'Object Repository/ADMIN/Categories/Category List/button_Add a Category' is clicked on

2019-05-15 08:49:33 - [TEST_STEP][PASSED] - waitForElementPresent: Object 'Object Repository/ADMIN/Categories/Category/dropdown_Parent' is present

2019-05-15 08:49:33 - [MESSAGE][PASSED] - Object 'Object Repository/ADMIN/Categories/Category/dropdown_Parent' is present

2019-05-15 08:49:33 - [TEST_STEP][PASSED] - delay: Delayed 1 second(s)

2019-05-15 08:49:34 - [MESSAGE][PASSED] - Delayed 1 second(s)

2019-05-15 08:49:34 - [TEST_STEP][PASSED] - setText: Text 'Category 3.5.3.1' is set on object 'Object Repository/ADMIN/Categories/Category/textfield_Category Name'

2019-05-15 08:49:34 - [MESSAGE][PASSED] - Text 'Category 3.5.3.1' is set on object 'Object Repository/ADMIN/Categories/Category/textfield_Category Name'

2019-05-15 08:49:34 - [TEST_STEP][PASSED] - click: Object: 'Object Repository/ADMIN/Categories/Category/dropdown_Parent' is clicked on

2019-05-15 08:49:35 - [MESSAGE][PASSED] - Object: 'Object Repository/ADMIN/Categories/Category/dropdown_Parent' is clicked on

2019-05-15 08:49:35 - [TEST_STEP][PASSED] - delay: Delayed 2 second(s)

2019-05-15 08:49:37 - [MESSAGE][PASSED] - Delayed 2 second(s)

2019-05-15 08:49:37 - [TEST_STEP][PASSED] - click: Object: 'Object Repository/ADMIN/Categories/Category/dropdown_Parent' is clicked on

2019-05-15 08:49:37 - [MESSAGE][PASSED] - Object: 'Object Repository/ADMIN/Categories/Category/dropdown_Parent' is clicked on

2019-05-15 08:49:37 - [TEST_STEP][PASSED] - selectOptionByLabel: All options with label 'Category 3.5.3' are selected in object 'Object Repository/ADMIN/Categories/Category/dropdown_Parent' 

2019-05-15 08:49:37 - [MESSAGE][PASSED] - All options with label 'Category 3.5.3' are selected in object 'Object Repository/ADMIN/Categories/Category/dropdown_Parent' 

2019-05-15 08:49:37 - [TEST_STEP][PASSED] - click: Object: 'Object Repository/ADMIN/Categories/Category/button_Browse' is clicked on

2019-05-15 08:49:37 - [MESSAGE][PASSED] - Object: 'Object Repository/ADMIN/Categories/Category/button_Browse' is clicked on

2019-05-15 08:49:37 - [TEST_STEP][PASSED] - delay: Delayed 1 second(s)

2019-05-15 08:49:38 - [MESSAGE][PASSED] - Delayed 1 second(s)

2019-05-15 08:49:38 - [TEST_STEP][PASSED] - uploadFile: File 'C:\\Katalon\\Image\\pic7.jpg' sent to object: 'Object Repository/ADMIN/Categories/Category/image_input image'

2019-05-15 08:49:38 - [MESSAGE][PASSED] - File 'C:\\Katalon\\Image\\pic7.jpg' sent to object: 'Object Repository/ADMIN/Categories/Category/image_input image'

2019-05-15 08:49:38 - [TEST_STEP][PASSED] - waitForElementVisible: Object 'Object Repository/ADMIN/Categories/Category/button_upload check' is visible

2019-05-15 08:49:38 - [MESSAGE][WARNING] - Timeout '0' is invalid. Using default page load timeout: '30'

2019-05-15 08:49:38 - [MESSAGE][PASSED] - Object 'Object Repository/ADMIN/Categories/Category/button_upload check' is visible

2019-05-15 08:49:38 - [TEST_STEP][PASSED] - click: Object: 'Object Repository/ADMIN/Categories/Category/button_upload check' is clicked on

2019-05-15 08:49:38 - [MESSAGE][PASSED] - Object: 'Object Repository/ADMIN/Categories/Category/button_upload check' is clicked on

2019-05-15 08:49:38 - [TEST_STEP][PASSED] - click: Object: 'Object Repository/ADMIN/Categories/Category/button_upload save' is clicked on

2019-05-15 08:49:38 - [MESSAGE][PASSED] - Object: 'Object Repository/ADMIN/Categories/Category/button_upload save' is clicked on

2019-05-15 08:49:38 - [TEST_STEP][FAILED] - waitForElementVisible: Unable to wait for object 'Object Repository/ADMIN/Categories/Category/button_upload save' to be visible (Root cause: org.openqa.selenium.StaleElementReferenceException: stale element reference: element is not attached to the page document
  (Session info: chrome=74.0.3729.131)
  (Driver info: chromedriver=2.35.528161 (5b82f2d2aae0ca24b877009200ced9065a772e73),platform=Windows NT 6.1.7601 SP1 x86_64) (WARNING: The server did not provide any stacktrace information)
Command duration or timeout: 0 milliseconds
For documentation on this error, please visit: http://seleniumhq.org/exceptions/stale_element_reference.html
Build info: version: '3.7.1', revision: '8a0099a', time: '2017-11-06T21:07:36.161Z'
System info: host: 'ARCADIER-PC', ip: '10.10.31.95', os.name: 'Windows 7', os.arch: 'amd64', os.version: '6.1', java.version: '1.8.0_102'
Driver info: com.kms.katalon.core.webui.driver.ExistingRemoteWebDriver
Capabilities {javascriptEnabled: true, platform: ANY, platformName: ANY}
Session ID: 4cba786bf88613ee8a0544a4d9db771f)

2019-05-15 08:49:38 - [MESSAGE][WARNING] - Timeout '0' is invalid. Using default page load timeout: '30'

2019-05-15 08:49:39 - [MESSAGE][FAILED] - Unable to wait for object 'Object Repository/ADMIN/Categories/Category/button_upload save' to be visible (Root cause: org.openqa.selenium.StaleElementReferenceException: stale element reference: element is not attached to the page document
  (Session info: chrome=74.0.3729.131)
  (Driver info: chromedriver=2.35.528161 (5b82f2d2aae0ca24b877009200ced9065a772e73),platform=Windows NT 6.1.7601 SP1 x86_64) (WARNING: The server did not provide any stacktrace information)
Command duration or timeout: 0 milliseconds
For documentation on this error, please visit: http://seleniumhq.org/exceptions/stale_element_reference.html
Build info: version: '3.7.1', revision: '8a0099a', time: '2017-11-06T21:07:36.161Z'
System info: host: 'ARCADIER-PC', ip: '10.10.31.95', os.name: 'Windows 7', os.arch: 'amd64', os.version: '6.1', java.version: '1.8.0_102'
Driver info: com.kms.katalon.core.webui.driver.ExistingRemoteWebDriver
Capabilities {javascriptEnabled: true, platform: ANY, platformName: ANY}
Session ID: 4cba786bf88613ee8a0544a4d9db771f)
[[ATTACHMENT|C:\\Katalon\\Arctick\\Reports\\Suites\\Admin Add Category\\20190515_083232\\1557881379051.png]]

2019-05-15 08:49:39 - [TEST_STEP][PASSED] - setText: Text 'Description44' is set on object 'Object Repository/ADMIN/Categories/Category/textfield_category_description'

2019-05-15 08:49:39 - [MESSAGE][PASSED] - Text 'Description44' is set on object 'Object Repository/ADMIN/Categories/Category/textfield_category_description'

2019-05-15 08:49:39 - [TEST_STEP][PASSED] - click: Object: 'Object Repository/ADMIN/Categories/Category/button_Save' is clicked on

2019-05-15 08:49:39 - [MESSAGE][PASSED] - Object: 'Object Repository/ADMIN/Categories/Category/button_Save' is clicked on

2019-05-15 08:49:39 - [TEST_STEP][PASSED] - waitForElementVisible: Object 'Object Repository/ADMIN/Categories/Category/label_edit popup' is visible

2019-05-15 08:49:39 - [MESSAGE][WARNING] - Timeout '0' is invalid. Using default page load timeout: '30'

2019-05-15 08:49:50 - [MESSAGE][PASSED] - Object 'Object Repository/ADMIN/Categories/Category/label_edit popup' is visible

2019-05-15 08:49:50 - [TEST_STEP][PASSED] - waitForElementNotPresent: Web element with id: 'Object Repository/ADMIN/Categories/Category/label_edit popup' located by 'By.xpath: //div[(text() = 'Category was successfully saved.' or . = 'Category was successfully saved.')]' is not present after '30' second(s)

2019-05-15 08:49:50 - [MESSAGE][WARNING] - Timeout '0' is invalid. Using default page load timeout: '30'

2019-05-15 08:49:56 - [MESSAGE][PASSED] - Web element with id: 'Object Repository/ADMIN/Categories/Category/label_edit popup' located by 'By.xpath: //div[(text() = 'Category was successfully saved.' or . = 'Category was successfully saved.')]' is not present after '30' second(s)]]></system-out>
         <system-err><![CDATA[2019-05-15 08:49:32 - [TEST_CASE][FAILED] - Test Cases/ADMIN/Content Mgmt/Categories/Category Add-Edit/Add Category: Test Cases/ADMIN/Content Mgmt/Categories/Category Add-Edit/Add Category FAILED because (of) Unable to click on object 'Object Repository/ADMIN/Categories/Category List/button_Categories' (Root cause: org.openqa.selenium.ElementNotVisibleException: element not visible
  (Session info: chrome=74.0.3729.131)
  (Driver info: chromedriver=2.35.528161 (5b82f2d2aae0ca24b877009200ced9065a772e73),platform=Windows NT 6.1.7601 SP1 x86_64) (WARNING: The server did not provide any stacktrace information)
Command duration or timeout: 0 milliseconds
Build info: version: '3.7.1', revision: '8a0099a', time: '2017-11-06T21:07:36.161Z'
System info: host: 'ARCADIER-PC', ip: '10.10.31.95', os.name: 'Windows 7', os.arch: 'amd64', os.version: '6.1', java.version: '1.8.0_102'
Driver info: com.kms.katalon.core.webui.driver.ExistingRemoteWebDriver
Capabilities {javascriptEnabled: true, platform: ANY, platformName: ANY}
Session ID: 4cba786bf88613ee8a0544a4d9db771f)]]></system-err>
      </testcase>
      <testcase name="Test Cases/ADMIN/Content Mgmt/Categories/Category Add-Edit/Add Category" classname="Test Cases/ADMIN/Content Mgmt/Categories/Category Add-Edit/Add Category" status="FAILED">
         <failure type="FAILED" message="Unable to click on object 'Object Repository/ADMIN/Categories/Category List/button_Categories' (Root cause: org.openqa.selenium.ElementNotVisibleException: element not visible
  (Session info: chrome=74.0.3729.131)
  (Driver info: chromedriver=2.35.528161 (5b82f2d2aae0ca24b877009200ced9065a772e73),platform=Windows NT 6.1.7601 SP1 x86_64) (WARNING: The server did not provide any stacktrace information)
Command duration or timeout: 0 milliseconds
Build info: version: '3.7.1', revision: '8a0099a', time: '2017-11-06T21:07:36.161Z'
System info: host: 'ARCADIER-PC', ip: '10.10.31.95', os.name: 'Windows 7', os.arch: 'amd64', os.version: '6.1', java.version: '1.8.0_102'
Driver info: com.kms.katalon.core.webui.driver.ExistingRemoteWebDriver
Capabilities {javascriptEnabled: true, platform: ANY, platformName: ANY}
Session ID: 4cba786bf88613ee8a0544a4d9db771f)"/>
         <system-out><![CDATA[2019-05-15 08:49:56 - [TEST_CASE][FAILED] - Test Cases/ADMIN/Content Mgmt/Categories/Category Add-Edit/Add Category: Test Cases/ADMIN/Content Mgmt/Categories/Category Add-Edit/Add Category FAILED because (of) Unable to click on object 'Object Repository/ADMIN/Categories/Category List/button_Categories' (Root cause: org.openqa.selenium.ElementNotVisibleException: element not visible
  (Session info: chrome=74.0.3729.131)
  (Driver info: chromedriver=2.35.528161 (5b82f2d2aae0ca24b877009200ced9065a772e73),platform=Windows NT 6.1.7601 SP1 x86_64) (WARNING: The server did not provide any stacktrace information)
Command duration or timeout: 0 milliseconds
Build info: version: '3.7.1', revision: '8a0099a', time: '2017-11-06T21:07:36.161Z'
System info: host: 'ARCADIER-PC', ip: '10.10.31.95', os.name: 'Windows 7', os.arch: 'amd64', os.version: '6.1', java.version: '1.8.0_102'
Driver info: com.kms.katalon.core.webui.driver.ExistingRemoteWebDriver
Capabilities {javascriptEnabled: true, platform: ANY, platformName: ANY}
Session ID: 4cba786bf88613ee8a0544a4d9db771f)

2019-05-15 08:49:56 - [TEST_STEP][PASSED] - waitForElementVisible: Object 'Object Repository/ADMIN/Categories/Category List/button_Content Mgmt' is visible

2019-05-15 08:49:56 - [MESSAGE][WARNING] - Timeout '0' is invalid. Using default page load timeout: '30'

2019-05-15 08:49:56 - [MESSAGE][PASSED] - Object 'Object Repository/ADMIN/Categories/Category List/button_Content Mgmt' is visible

2019-05-15 08:49:56 - [TEST_STEP][PASSED] - click: Object: 'Object Repository/ADMIN/Categories/Category List/button_Content Mgmt' is clicked on

2019-05-15 08:49:56 - [MESSAGE][PASSED] - Object: 'Object Repository/ADMIN/Categories/Category List/button_Content Mgmt' is clicked on

2019-05-15 08:49:56 - [TEST_STEP][PASSED] - waitForElementVisible: Object 'Object Repository/ADMIN/Categories/Category List/button_Categories' is visible

2019-05-15 08:49:56 - [MESSAGE][WARNING] - Timeout '0' is invalid. Using default page load timeout: '30'

2019-05-15 08:49:56 - [MESSAGE][PASSED] - Object 'Object Repository/ADMIN/Categories/Category List/button_Categories' is visible

2019-05-15 08:49:56 - [TEST_STEP][FAILED] - click: Unable to click on object 'Object Repository/ADMIN/Categories/Category List/button_Categories' (Root cause: org.openqa.selenium.ElementNotVisibleException: element not visible
  (Session info: chrome=74.0.3729.131)
  (Driver info: chromedriver=2.35.528161 (5b82f2d2aae0ca24b877009200ced9065a772e73),platform=Windows NT 6.1.7601 SP1 x86_64) (WARNING: The server did not provide any stacktrace information)
Command duration or timeout: 0 milliseconds
Build info: version: '3.7.1', revision: '8a0099a', time: '2017-11-06T21:07:36.161Z'
System info: host: 'ARCADIER-PC', ip: '10.10.31.95', os.name: 'Windows 7', os.arch: 'amd64', os.version: '6.1', java.version: '1.8.0_102'
Driver info: com.kms.katalon.core.webui.driver.ExistingRemoteWebDriver
Capabilities {javascriptEnabled: true, platform: ANY, platformName: ANY}
Session ID: 4cba786bf88613ee8a0544a4d9db771f)

2019-05-15 08:49:56 - [MESSAGE][FAILED] - Unable to click on object 'Object Repository/ADMIN/Categories/Category List/button_Categories' (Root cause: org.openqa.selenium.ElementNotVisibleException: element not visible
  (Session info: chrome=74.0.3729.131)
  (Driver info: chromedriver=2.35.528161 (5b82f2d2aae0ca24b877009200ced9065a772e73),platform=Windows NT 6.1.7601 SP1 x86_64) (WARNING: The server did not provide any stacktrace information)
Command duration or timeout: 0 milliseconds
Build info: version: '3.7.1', revision: '8a0099a', time: '2017-11-06T21:07:36.161Z'
System info: host: 'ARCADIER-PC', ip: '10.10.31.95', os.name: 'Windows 7', os.arch: 'amd64', os.version: '6.1', java.version: '1.8.0_102'
Driver info: com.kms.katalon.core.webui.driver.ExistingRemoteWebDriver
Capabilities {javascriptEnabled: true, platform: ANY, platformName: ANY}
Session ID: 4cba786bf88613ee8a0544a4d9db771f)
[[ATTACHMENT|C:\\Katalon\\Arctick\\Reports\\Suites\\Admin Add Category\\20190515_083232\\1557881396432.png]]

2019-05-15 08:49:56 - [TEST_STEP][PASSED] - waitForPageLoad: Wait for page load successfully

2019-05-15 08:49:56 - [MESSAGE][WARNING] - Timeout '0' is invalid. Using default page load timeout: '30'

2019-05-15 08:49:56 - [MESSAGE][PASSED] - Wait for page load successfully

2019-05-15 08:49:56 - [TEST_STEP][PASSED] - click: Object: 'Object Repository/ADMIN/Categories/Category List/button_Add a Category' is clicked on

2019-05-15 08:49:56 - [MESSAGE][PASSED] - Object: 'Object Repository/ADMIN/Categories/Category List/button_Add a Category' is clicked on

2019-05-15 08:49:56 - [TEST_STEP][PASSED] - waitForElementPresent: Object 'Object Repository/ADMIN/Categories/Category/dropdown_Parent' is present

2019-05-15 08:49:57 - [MESSAGE][PASSED] - Object 'Object Repository/ADMIN/Categories/Category/dropdown_Parent' is present

2019-05-15 08:49:57 - [TEST_STEP][PASSED] - delay: Delayed 1 second(s)

2019-05-15 08:49:58 - [MESSAGE][PASSED] - Delayed 1 second(s)

2019-05-15 08:49:58 - [TEST_STEP][PASSED] - setText: Text 'Category 3.5.4' is set on object 'Object Repository/ADMIN/Categories/Category/textfield_Category Name'

2019-05-15 08:49:58 - [MESSAGE][PASSED] - Text 'Category 3.5.4' is set on object 'Object Repository/ADMIN/Categories/Category/textfield_Category Name'

2019-05-15 08:49:58 - [TEST_STEP][PASSED] - click: Object: 'Object Repository/ADMIN/Categories/Category/dropdown_Parent' is clicked on

2019-05-15 08:49:58 - [MESSAGE][PASSED] - Object: 'Object Repository/ADMIN/Categories/Category/dropdown_Parent' is clicked on

2019-05-15 08:49:58 - [TEST_STEP][PASSED] - delay: Delayed 2 second(s)

2019-05-15 08:50:00 - [MESSAGE][PASSED] - Delayed 2 second(s)

2019-05-15 08:50:00 - [TEST_STEP][PASSED] - click: Object: 'Object Repository/ADMIN/Categories/Category/dropdown_Parent' is clicked on

2019-05-15 08:50:00 - [MESSAGE][PASSED] - Object: 'Object Repository/ADMIN/Categories/Category/dropdown_Parent' is clicked on

2019-05-15 08:50:00 - [TEST_STEP][PASSED] - selectOptionByLabel: All options with label 'Category 3.5' are selected in object 'Object Repository/ADMIN/Categories/Category/dropdown_Parent' 

2019-05-15 08:50:00 - [MESSAGE][PASSED] - All options with label 'Category 3.5' are selected in object 'Object Repository/ADMIN/Categories/Category/dropdown_Parent' 

2019-05-15 08:50:00 - [TEST_STEP][PASSED] - click: Object: 'Object Repository/ADMIN/Categories/Category/button_Browse' is clicked on

2019-05-15 08:50:00 - [MESSAGE][PASSED] - Object: 'Object Repository/ADMIN/Categories/Category/button_Browse' is clicked on

2019-05-15 08:50:00 - [TEST_STEP][PASSED] - delay: Delayed 1 second(s)

2019-05-15 08:50:01 - [MESSAGE][PASSED] - Delayed 1 second(s)

2019-05-15 08:50:01 - [TEST_STEP][PASSED] - uploadFile: File 'C:\\Katalon\\Image\\pic8.jpg' sent to object: 'Object Repository/ADMIN/Categories/Category/image_input image'

2019-05-15 08:50:01 - [MESSAGE][PASSED] - File 'C:\\Katalon\\Image\\pic8.jpg' sent to object: 'Object Repository/ADMIN/Categories/Category/image_input image'

2019-05-15 08:50:01 - [TEST_STEP][PASSED] - waitForElementVisible: Object 'Object Repository/ADMIN/Categories/Category/button_upload check' is visible

2019-05-15 08:50:01 - [MESSAGE][WARNING] - Timeout '0' is invalid. Using default page load timeout: '30'

2019-05-15 08:50:01 - [MESSAGE][PASSED] - Object 'Object Repository/ADMIN/Categories/Category/button_upload check' is visible

2019-05-15 08:50:01 - [TEST_STEP][PASSED] - click: Object: 'Object Repository/ADMIN/Categories/Category/button_upload check' is clicked on

2019-05-15 08:50:02 - [MESSAGE][PASSED] - Object: 'Object Repository/ADMIN/Categories/Category/button_upload check' is clicked on

2019-05-15 08:50:02 - [TEST_STEP][PASSED] - click: Object: 'Object Repository/ADMIN/Categories/Category/button_upload save' is clicked on

2019-05-15 08:50:02 - [MESSAGE][PASSED] - Object: 'Object Repository/ADMIN/Categories/Category/button_upload save' is clicked on

2019-05-15 08:50:02 - [TEST_STEP][FAILED] - waitForElementVisible: Unable to wait for object 'Object Repository/ADMIN/Categories/Category/button_upload save' to be visible (Root cause: org.openqa.selenium.StaleElementReferenceException: stale element reference: element is not attached to the page document
  (Session info: chrome=74.0.3729.131)
  (Driver info: chromedriver=2.35.528161 (5b82f2d2aae0ca24b877009200ced9065a772e73),platform=Windows NT 6.1.7601 SP1 x86_64) (WARNING: The server did not provide any stacktrace information)
Command duration or timeout: 0 milliseconds
For documentation on this error, please visit: http://seleniumhq.org/exceptions/stale_element_reference.html
Build info: version: '3.7.1', revision: '8a0099a', time: '2017-11-06T21:07:36.161Z'
System info: host: 'ARCADIER-PC', ip: '10.10.31.95', os.name: 'Windows 7', os.arch: 'amd64', os.version: '6.1', java.version: '1.8.0_102'
Driver info: com.kms.katalon.core.webui.driver.ExistingRemoteWebDriver
Capabilities {javascriptEnabled: true, platform: ANY, platformName: ANY}
Session ID: 4cba786bf88613ee8a0544a4d9db771f)

2019-05-15 08:50:02 - [MESSAGE][WARNING] - Timeout '0' is invalid. Using default page load timeout: '30'

2019-05-15 08:50:03 - [MESSAGE][FAILED] - Unable to wait for object 'Object Repository/ADMIN/Categories/Category/button_upload save' to be visible (Root cause: org.openqa.selenium.StaleElementReferenceException: stale element reference: element is not attached to the page document
  (Session info: chrome=74.0.3729.131)
  (Driver info: chromedriver=2.35.528161 (5b82f2d2aae0ca24b877009200ced9065a772e73),platform=Windows NT 6.1.7601 SP1 x86_64) (WARNING: The server did not provide any stacktrace information)
Command duration or timeout: 0 milliseconds
For documentation on this error, please visit: http://seleniumhq.org/exceptions/stale_element_reference.html
Build info: version: '3.7.1', revision: '8a0099a', time: '2017-11-06T21:07:36.161Z'
System info: host: 'ARCADIER-PC', ip: '10.10.31.95', os.name: 'Windows 7', os.arch: 'amd64', os.version: '6.1', java.version: '1.8.0_102'
Driver info: com.kms.katalon.core.webui.driver.ExistingRemoteWebDriver
Capabilities {javascriptEnabled: true, platform: ANY, platformName: ANY}
Session ID: 4cba786bf88613ee8a0544a4d9db771f)
[[ATTACHMENT|C:\\Katalon\\Arctick\\Reports\\Suites\\Admin Add Category\\20190515_083232\\1557881402762.png]]

2019-05-15 08:50:03 - [TEST_STEP][PASSED] - setText: Text 'Description45' is set on object 'Object Repository/ADMIN/Categories/Category/textfield_category_description'

2019-05-15 08:50:03 - [MESSAGE][PASSED] - Text 'Description45' is set on object 'Object Repository/ADMIN/Categories/Category/textfield_category_description'

2019-05-15 08:50:03 - [TEST_STEP][PASSED] - click: Object: 'Object Repository/ADMIN/Categories/Category/button_Save' is clicked on

2019-05-15 08:50:03 - [MESSAGE][PASSED] - Object: 'Object Repository/ADMIN/Categories/Category/button_Save' is clicked on

2019-05-15 08:50:03 - [TEST_STEP][PASSED] - waitForElementVisible: Object 'Object Repository/ADMIN/Categories/Category/label_edit popup' is visible

2019-05-15 08:50:03 - [MESSAGE][WARNING] - Timeout '0' is invalid. Using default page load timeout: '30'

2019-05-15 08:50:05 - [MESSAGE][PASSED] - Object 'Object Repository/ADMIN/Categories/Category/label_edit popup' is visible

2019-05-15 08:50:05 - [TEST_STEP][PASSED] - waitForElementNotPresent: Web element with id: 'Object Repository/ADMIN/Categories/Category/label_edit popup' located by 'By.xpath: //div[(text() = 'Category was successfully saved.' or . = 'Category was successfully saved.')]' is not present after '30' second(s)

2019-05-15 08:50:05 - [MESSAGE][WARNING] - Timeout '0' is invalid. Using default page load timeout: '30'

2019-05-15 08:50:11 - [MESSAGE][PASSED] - Web element with id: 'Object Repository/ADMIN/Categories/Category/label_edit popup' located by 'By.xpath: //div[(text() = 'Category was successfully saved.' or . = 'Category was successfully saved.')]' is not present after '30' second(s)]]></system-out>
         <system-err><![CDATA[2019-05-15 08:49:56 - [TEST_CASE][FAILED] - Test Cases/ADMIN/Content Mgmt/Categories/Category Add-Edit/Add Category: Test Cases/ADMIN/Content Mgmt/Categories/Category Add-Edit/Add Category FAILED because (of) Unable to click on object 'Object Repository/ADMIN/Categories/Category List/button_Categories' (Root cause: org.openqa.selenium.ElementNotVisibleException: element not visible
  (Session info: chrome=74.0.3729.131)
  (Driver info: chromedriver=2.35.528161 (5b82f2d2aae0ca24b877009200ced9065a772e73),platform=Windows NT 6.1.7601 SP1 x86_64) (WARNING: The server did not provide any stacktrace information)
Command duration or timeout: 0 milliseconds
Build info: version: '3.7.1', revision: '8a0099a', time: '2017-11-06T21:07:36.161Z'
System info: host: 'ARCADIER-PC', ip: '10.10.31.95', os.name: 'Windows 7', os.arch: 'amd64', os.version: '6.1', java.version: '1.8.0_102'
Driver info: com.kms.katalon.core.webui.driver.ExistingRemoteWebDriver
Capabilities {javascriptEnabled: true, platform: ANY, platformName: ANY}
Session ID: 4cba786bf88613ee8a0544a4d9db771f)]]></system-err>
      </testcase>
      <testcase name="Test Cases/ADMIN/Content Mgmt/Categories/Category Add-Edit/Add Category" classname="Test Cases/ADMIN/Content Mgmt/Categories/Category Add-Edit/Add Category" status="FAILED">
         <failure type="FAILED" message="Unable to select option by label 'Category 3.5' of object 'Object Repository/ADMIN/Categories/Category/dropdown_Parent'  (Root cause: org.openqa.selenium.NoSuchElementException: Cannot locate element with text: Category 3.5
For documentation on this error, please visit: http://seleniumhq.org/exceptions/no_such_element.html
Build info: version: '3.7.1', revision: '8a0099a', time: '2017-11-06T21:07:36.161Z'
System info: host: 'ARCADIER-PC', ip: '10.10.31.95', os.name: 'Windows 7', os.arch: 'amd64', os.version: '6.1', java.version: '1.8.0_102'
Driver info: driver.version: unknown)"/>
         <system-out><![CDATA[2019-05-15 08:50:11 - [TEST_CASE][FAILED] - Test Cases/ADMIN/Content Mgmt/Categories/Category Add-Edit/Add Category: Test Cases/ADMIN/Content Mgmt/Categories/Category Add-Edit/Add Category FAILED because (of) Unable to select option by label 'Category 3.5' of object 'Object Repository/ADMIN/Categories/Category/dropdown_Parent'  (Root cause: org.openqa.selenium.NoSuchElementException: Cannot locate element with text: Category 3.5
For documentation on this error, please visit: http://seleniumhq.org/exceptions/no_such_element.html
Build info: version: '3.7.1', revision: '8a0099a', time: '2017-11-06T21:07:36.161Z'
System info: host: 'ARCADIER-PC', ip: '10.10.31.95', os.name: 'Windows 7', os.arch: 'amd64', os.version: '6.1', java.version: '1.8.0_102'
Driver info: driver.version: unknown)

2019-05-15 08:50:11 - [TEST_STEP][PASSED] - waitForElementVisible: Object 'Object Repository/ADMIN/Categories/Category List/button_Content Mgmt' is visible

2019-05-15 08:50:11 - [MESSAGE][WARNING] - Timeout '0' is invalid. Using default page load timeout: '30'

2019-05-15 08:50:11 - [MESSAGE][PASSED] - Object 'Object Repository/ADMIN/Categories/Category List/button_Content Mgmt' is visible

2019-05-15 08:50:11 - [TEST_STEP][PASSED] - click: Object: 'Object Repository/ADMIN/Categories/Category List/button_Content Mgmt' is clicked on

2019-05-15 08:50:11 - [MESSAGE][PASSED] - Object: 'Object Repository/ADMIN/Categories/Category List/button_Content Mgmt' is clicked on

2019-05-15 08:50:11 - [TEST_STEP][PASSED] - waitForElementVisible: Object 'Object Repository/ADMIN/Categories/Category List/button_Categories' is visible

2019-05-15 08:50:11 - [MESSAGE][WARNING] - Timeout '0' is invalid. Using default page load timeout: '30'

2019-05-15 08:50:11 - [MESSAGE][PASSED] - Object 'Object Repository/ADMIN/Categories/Category List/button_Categories' is visible

2019-05-15 08:50:11 - [TEST_STEP][PASSED] - click: Object: 'Object Repository/ADMIN/Categories/Category List/button_Categories' is clicked on

2019-05-15 08:50:22 - [MESSAGE][PASSED] - Object: 'Object Repository/ADMIN/Categories/Category List/button_Categories' is clicked on

2019-05-15 08:50:22 - [TEST_STEP][PASSED] - waitForPageLoad: Wait for page load successfully

2019-05-15 08:50:22 - [MESSAGE][WARNING] - Timeout '0' is invalid. Using default page load timeout: '30'

2019-05-15 08:50:22 - [MESSAGE][PASSED] - Wait for page load successfully

2019-05-15 08:50:22 - [TEST_STEP][PASSED] - click: Object: 'Object Repository/ADMIN/Categories/Category List/button_Add a Category' is clicked on

2019-05-15 08:50:22 - [MESSAGE][PASSED] - Object: 'Object Repository/ADMIN/Categories/Category List/button_Add a Category' is clicked on

2019-05-15 08:50:22 - [TEST_STEP][PASSED] - waitForElementPresent: Object 'Object Repository/ADMIN/Categories/Category/dropdown_Parent' is present

2019-05-15 08:50:22 - [MESSAGE][PASSED] - Object 'Object Repository/ADMIN/Categories/Category/dropdown_Parent' is present

2019-05-15 08:50:22 - [TEST_STEP][PASSED] - delay: Delayed 1 second(s)

2019-05-15 08:50:23 - [MESSAGE][PASSED] - Delayed 1 second(s)

2019-05-15 08:50:23 - [TEST_STEP][PASSED] - setText: Text 'Category 3.5.5' is set on object 'Object Repository/ADMIN/Categories/Category/textfield_Category Name'

2019-05-15 08:50:23 - [MESSAGE][PASSED] - Text 'Category 3.5.5' is set on object 'Object Repository/ADMIN/Categories/Category/textfield_Category Name'

2019-05-15 08:50:23 - [TEST_STEP][PASSED] - click: Object: 'Object Repository/ADMIN/Categories/Category/dropdown_Parent' is clicked on

2019-05-15 08:50:23 - [MESSAGE][PASSED] - Object: 'Object Repository/ADMIN/Categories/Category/dropdown_Parent' is clicked on

2019-05-15 08:50:23 - [TEST_STEP][PASSED] - delay: Delayed 2 second(s)

2019-05-15 08:50:25 - [MESSAGE][PASSED] - Delayed 2 second(s)

2019-05-15 08:50:25 - [TEST_STEP][PASSED] - click: Object: 'Object Repository/ADMIN/Categories/Category/dropdown_Parent' is clicked on

2019-05-15 08:50:25 - [MESSAGE][PASSED] - Object: 'Object Repository/ADMIN/Categories/Category/dropdown_Parent' is clicked on

2019-05-15 08:50:25 - [TEST_STEP][FAILED] - selectOptionByLabel: Unable to select option by label 'Category 3.5' of object 'Object Repository/ADMIN/Categories/Category/dropdown_Parent'  (Root cause: org.openqa.selenium.NoSuchElementException: Cannot locate element with text: Category 3.5
For documentation on this error, please visit: http://seleniumhq.org/exceptions/no_such_element.html
Build info: version: '3.7.1', revision: '8a0099a', time: '2017-11-06T21:07:36.161Z'
System info: host: 'ARCADIER-PC', ip: '10.10.31.95', os.name: 'Windows 7', os.arch: 'amd64', os.version: '6.1', java.version: '1.8.0_102'
Driver info: driver.version: unknown)

2019-05-15 08:50:26 - [MESSAGE][FAILED] - Unable to select option by label 'Category 3.5' of object 'Object Repository/ADMIN/Categories/Category/dropdown_Parent'  (Root cause: org.openqa.selenium.NoSuchElementException: Cannot locate element with text: Category 3.5
For documentation on this error, please visit: http://seleniumhq.org/exceptions/no_such_element.html
Build info: version: '3.7.1', revision: '8a0099a', time: '2017-11-06T21:07:36.161Z'
System info: host: 'ARCADIER-PC', ip: '10.10.31.95', os.name: 'Windows 7', os.arch: 'amd64', os.version: '6.1', java.version: '1.8.0_102'
Driver info: driver.version: unknown)
[[ATTACHMENT|C:\\Katalon\\Arctick\\Reports\\Suites\\Admin Add Category\\20190515_083232\\1557881425931.png]]

2019-05-15 08:50:26 - [TEST_STEP][PASSED] - click: Object: 'Object Repository/ADMIN/Categories/Category/button_Browse' is clicked on

2019-05-15 08:50:26 - [MESSAGE][PASSED] - Object: 'Object Repository/ADMIN/Categories/Category/button_Browse' is clicked on

2019-05-15 08:50:26 - [TEST_STEP][PASSED] - delay: Delayed 1 second(s)

2019-05-15 08:50:27 - [MESSAGE][PASSED] - Delayed 1 second(s)

2019-05-15 08:50:27 - [TEST_STEP][PASSED] - uploadFile: File 'C:\\Katalon\\Image\\pic9.jpg' sent to object: 'Object Repository/ADMIN/Categories/Category/image_input image'

2019-05-15 08:50:27 - [MESSAGE][PASSED] - File 'C:\\Katalon\\Image\\pic9.jpg' sent to object: 'Object Repository/ADMIN/Categories/Category/image_input image'

2019-05-15 08:50:27 - [TEST_STEP][PASSED] - waitForElementVisible: Object 'Object Repository/ADMIN/Categories/Category/button_upload check' is visible

2019-05-15 08:50:27 - [MESSAGE][WARNING] - Timeout '0' is invalid. Using default page load timeout: '30'

2019-05-15 08:50:27 - [MESSAGE][PASSED] - Object 'Object Repository/ADMIN/Categories/Category/button_upload check' is visible

2019-05-15 08:50:27 - [TEST_STEP][PASSED] - click: Object: 'Object Repository/ADMIN/Categories/Category/button_upload check' is clicked on

2019-05-15 08:50:27 - [MESSAGE][PASSED] - Object: 'Object Repository/ADMIN/Categories/Category/button_upload check' is clicked on

2019-05-15 08:50:27 - [TEST_STEP][PASSED] - click: Object: 'Object Repository/ADMIN/Categories/Category/button_upload save' is clicked on

2019-05-15 08:50:27 - [MESSAGE][PASSED] - Object: 'Object Repository/ADMIN/Categories/Category/button_upload save' is clicked on

2019-05-15 08:50:27 - [TEST_STEP][PASSED] - waitForElementVisible: Object 'Object Repository/ADMIN/Categories/Category/button_upload save' is visible

2019-05-15 08:50:27 - [MESSAGE][WARNING] - Timeout '0' is invalid. Using default page load timeout: '30'

2019-05-15 08:50:27 - [MESSAGE][PASSED] - Object 'Object Repository/ADMIN/Categories/Category/button_upload save' is visible

2019-05-15 08:50:27 - [TEST_STEP][PASSED] - setText: Text 'Description46' is set on object 'Object Repository/ADMIN/Categories/Category/textfield_category_description'

2019-05-15 08:50:27 - [MESSAGE][PASSED] - Text 'Description46' is set on object 'Object Repository/ADMIN/Categories/Category/textfield_category_description'

2019-05-15 08:50:27 - [TEST_STEP][PASSED] - click: Object: 'Object Repository/ADMIN/Categories/Category/button_Save' is clicked on

2019-05-15 08:50:27 - [MESSAGE][PASSED] - Object: 'Object Repository/ADMIN/Categories/Category/button_Save' is clicked on

2019-05-15 08:50:27 - [TEST_STEP][PASSED] - waitForElementVisible: Object 'Object Repository/ADMIN/Categories/Category/label_edit popup' is visible

2019-05-15 08:50:27 - [MESSAGE][WARNING] - Timeout '0' is invalid. Using default page load timeout: '30'

2019-05-15 08:50:34 - [MESSAGE][PASSED] - Object 'Object Repository/ADMIN/Categories/Category/label_edit popup' is visible

2019-05-15 08:50:34 - [TEST_STEP][PASSED] - waitForElementNotPresent: Web element with id: 'Object Repository/ADMIN/Categories/Category/label_edit popup' located by 'By.xpath: //div[(text() = 'Category was successfully saved.' or . = 'Category was successfully saved.')]' is not present after '30' second(s)

2019-05-15 08:50:34 - [MESSAGE][WARNING] - Timeout '0' is invalid. Using default page load timeout: '30'

2019-05-15 08:50:40 - [MESSAGE][PASSED] - Web element with id: 'Object Repository/ADMIN/Categories/Category/label_edit popup' located by 'By.xpath: //div[(text() = 'Category was successfully saved.' or . = 'Category was successfully saved.')]' is not present after '30' second(s)]]></system-out>
         <system-err><![CDATA[2019-05-15 08:50:11 - [TEST_CASE][FAILED] - Test Cases/ADMIN/Content Mgmt/Categories/Category Add-Edit/Add Category: Test Cases/ADMIN/Content Mgmt/Categories/Category Add-Edit/Add Category FAILED because (of) Unable to select option by label 'Category 3.5' of object 'Object Repository/ADMIN/Categories/Category/dropdown_Parent'  (Root cause: org.openqa.selenium.NoSuchElementException: Cannot locate element with text: Category 3.5
For documentation on this error, please visit: http://seleniumhq.org/exceptions/no_such_element.html
Build info: version: '3.7.1', revision: '8a0099a', time: '2017-11-06T21:07:36.161Z'
System info: host: 'ARCADIER-PC', ip: '10.10.31.95', os.name: 'Windows 7', os.arch: 'amd64', os.version: '6.1', java.version: '1.8.0_102'
Driver info: driver.version: unknown)]]></system-err>
      </testcase>
      <testcase name="Test Cases/ADMIN/Content Mgmt/Categories/Category Add-Edit/Add Category" classname="Test Cases/ADMIN/Content Mgmt/Categories/Category Add-Edit/Add Category" status="FAILED">
         <failure type="FAILED" message="Unable to click on object 'Object Repository/ADMIN/Categories/Category List/button_Categories' (Root cause: org.openqa.selenium.ElementNotVisibleException: element not visible
  (Session info: chrome=74.0.3729.131)
  (Driver info: chromedriver=2.35.528161 (5b82f2d2aae0ca24b877009200ced9065a772e73),platform=Windows NT 6.1.7601 SP1 x86_64) (WARNING: The server did not provide any stacktrace information)
Command duration or timeout: 0 milliseconds
Build info: version: '3.7.1', revision: '8a0099a', time: '2017-11-06T21:07:36.161Z'
System info: host: 'ARCADIER-PC', ip: '10.10.31.95', os.name: 'Windows 7', os.arch: 'amd64', os.version: '6.1', java.version: '1.8.0_102'
Driver info: com.kms.katalon.core.webui.driver.ExistingRemoteWebDriver
Capabilities {javascriptEnabled: true, platform: ANY, platformName: ANY}
Session ID: 4cba786bf88613ee8a0544a4d9db771f)"/>
         <system-out><![CDATA[2019-05-15 08:50:40 - [TEST_CASE][FAILED] - Test Cases/ADMIN/Content Mgmt/Categories/Category Add-Edit/Add Category: Test Cases/ADMIN/Content Mgmt/Categories/Category Add-Edit/Add Category FAILED because (of) Unable to click on object 'Object Repository/ADMIN/Categories/Category List/button_Categories' (Root cause: org.openqa.selenium.ElementNotVisibleException: element not visible
  (Session info: chrome=74.0.3729.131)
  (Driver info: chromedriver=2.35.528161 (5b82f2d2aae0ca24b877009200ced9065a772e73),platform=Windows NT 6.1.7601 SP1 x86_64) (WARNING: The server did not provide any stacktrace information)
Command duration or timeout: 0 milliseconds
Build info: version: '3.7.1', revision: '8a0099a', time: '2017-11-06T21:07:36.161Z'
System info: host: 'ARCADIER-PC', ip: '10.10.31.95', os.name: 'Windows 7', os.arch: 'amd64', os.version: '6.1', java.version: '1.8.0_102'
Driver info: com.kms.katalon.core.webui.driver.ExistingRemoteWebDriver
Capabilities {javascriptEnabled: true, platform: ANY, platformName: ANY}
Session ID: 4cba786bf88613ee8a0544a4d9db771f)

2019-05-15 08:50:40 - [TEST_STEP][PASSED] - waitForElementVisible: Object 'Object Repository/ADMIN/Categories/Category List/button_Content Mgmt' is visible

2019-05-15 08:50:40 - [MESSAGE][WARNING] - Timeout '0' is invalid. Using default page load timeout: '30'

2019-05-15 08:50:40 - [MESSAGE][PASSED] - Object 'Object Repository/ADMIN/Categories/Category List/button_Content Mgmt' is visible

2019-05-15 08:50:40 - [TEST_STEP][PASSED] - click: Object: 'Object Repository/ADMIN/Categories/Category List/button_Content Mgmt' is clicked on

2019-05-15 08:50:40 - [MESSAGE][PASSED] - Object: 'Object Repository/ADMIN/Categories/Category List/button_Content Mgmt' is clicked on

2019-05-15 08:50:40 - [TEST_STEP][PASSED] - waitForElementVisible: Object 'Object Repository/ADMIN/Categories/Category List/button_Categories' is visible

2019-05-15 08:50:40 - [MESSAGE][WARNING] - Timeout '0' is invalid. Using default page load timeout: '30'

2019-05-15 08:50:40 - [MESSAGE][PASSED] - Object 'Object Repository/ADMIN/Categories/Category List/button_Categories' is visible

2019-05-15 08:50:40 - [TEST_STEP][FAILED] - click: Unable to click on object 'Object Repository/ADMIN/Categories/Category List/button_Categories' (Root cause: org.openqa.selenium.ElementNotVisibleException: element not visible
  (Session info: chrome=74.0.3729.131)
  (Driver info: chromedriver=2.35.528161 (5b82f2d2aae0ca24b877009200ced9065a772e73),platform=Windows NT 6.1.7601 SP1 x86_64) (WARNING: The server did not provide any stacktrace information)
Command duration or timeout: 0 milliseconds
Build info: version: '3.7.1', revision: '8a0099a', time: '2017-11-06T21:07:36.161Z'
System info: host: 'ARCADIER-PC', ip: '10.10.31.95', os.name: 'Windows 7', os.arch: 'amd64', os.version: '6.1', java.version: '1.8.0_102'
Driver info: com.kms.katalon.core.webui.driver.ExistingRemoteWebDriver
Capabilities {javascriptEnabled: true, platform: ANY, platformName: ANY}
Session ID: 4cba786bf88613ee8a0544a4d9db771f)

2019-05-15 08:50:40 - [MESSAGE][FAILED] - Unable to click on object 'Object Repository/ADMIN/Categories/Category List/button_Categories' (Root cause: org.openqa.selenium.ElementNotVisibleException: element not visible
  (Session info: chrome=74.0.3729.131)
  (Driver info: chromedriver=2.35.528161 (5b82f2d2aae0ca24b877009200ced9065a772e73),platform=Windows NT 6.1.7601 SP1 x86_64) (WARNING: The server did not provide any stacktrace information)
Command duration or timeout: 0 milliseconds
Build info: version: '3.7.1', revision: '8a0099a', time: '2017-11-06T21:07:36.161Z'
System info: host: 'ARCADIER-PC', ip: '10.10.31.95', os.name: 'Windows 7', os.arch: 'amd64', os.version: '6.1', java.version: '1.8.0_102'
Driver info: com.kms.katalon.core.webui.driver.ExistingRemoteWebDriver
Capabilities {javascriptEnabled: true, platform: ANY, platformName: ANY}
Session ID: 4cba786bf88613ee8a0544a4d9db771f)
[[ATTACHMENT|C:\\Katalon\\Arctick\\Reports\\Suites\\Admin Add Category\\20190515_083232\\1557881440548.png]]

2019-05-15 08:50:40 - [TEST_STEP][PASSED] - waitForPageLoad: Wait for page load successfully

2019-05-15 08:50:40 - [MESSAGE][WARNING] - Timeout '0' is invalid. Using default page load timeout: '30'

2019-05-15 08:50:40 - [MESSAGE][PASSED] - Wait for page load successfully

2019-05-15 08:50:40 - [TEST_STEP][PASSED] - click: Object: 'Object Repository/ADMIN/Categories/Category List/button_Add a Category' is clicked on

2019-05-15 08:50:40 - [MESSAGE][PASSED] - Object: 'Object Repository/ADMIN/Categories/Category List/button_Add a Category' is clicked on

2019-05-15 08:50:40 - [TEST_STEP][PASSED] - waitForElementPresent: Object 'Object Repository/ADMIN/Categories/Category/dropdown_Parent' is present

2019-05-15 08:50:40 - [MESSAGE][PASSED] - Object 'Object Repository/ADMIN/Categories/Category/dropdown_Parent' is present

2019-05-15 08:50:40 - [TEST_STEP][PASSED] - delay: Delayed 1 second(s)

2019-05-15 08:50:41 - [MESSAGE][PASSED] - Delayed 1 second(s)

2019-05-15 08:50:41 - [TEST_STEP][PASSED] - setText: Text 'Category 3.6' is set on object 'Object Repository/ADMIN/Categories/Category/textfield_Category Name'

2019-05-15 08:50:42 - [MESSAGE][PASSED] - Text 'Category 3.6' is set on object 'Object Repository/ADMIN/Categories/Category/textfield_Category Name'

2019-05-15 08:50:42 - [TEST_STEP][PASSED] - click: Object: 'Object Repository/ADMIN/Categories/Category/dropdown_Parent' is clicked on

2019-05-15 08:50:42 - [MESSAGE][PASSED] - Object: 'Object Repository/ADMIN/Categories/Category/dropdown_Parent' is clicked on

2019-05-15 08:50:42 - [TEST_STEP][PASSED] - delay: Delayed 2 second(s)

2019-05-15 08:50:44 - [MESSAGE][PASSED] - Delayed 2 second(s)

2019-05-15 08:50:44 - [TEST_STEP][PASSED] - click: Object: 'Object Repository/ADMIN/Categories/Category/dropdown_Parent' is clicked on

2019-05-15 08:50:44 - [MESSAGE][PASSED] - Object: 'Object Repository/ADMIN/Categories/Category/dropdown_Parent' is clicked on

2019-05-15 08:50:44 - [TEST_STEP][PASSED] - selectOptionByLabel: All options with label 'Category 3' are selected in object 'Object Repository/ADMIN/Categories/Category/dropdown_Parent' 

2019-05-15 08:50:44 - [MESSAGE][PASSED] - All options with label 'Category 3' are selected in object 'Object Repository/ADMIN/Categories/Category/dropdown_Parent' 

2019-05-15 08:50:44 - [TEST_STEP][PASSED] - click: Object: 'Object Repository/ADMIN/Categories/Category/button_Browse' is clicked on

2019-05-15 08:50:44 - [MESSAGE][PASSED] - Object: 'Object Repository/ADMIN/Categories/Category/button_Browse' is clicked on

2019-05-15 08:50:44 - [TEST_STEP][PASSED] - delay: Delayed 1 second(s)

2019-05-15 08:50:45 - [MESSAGE][PASSED] - Delayed 1 second(s)

2019-05-15 08:50:45 - [TEST_STEP][PASSED] - uploadFile: File 'C:\\Katalon\\Image\\pic10.jpg' sent to object: 'Object Repository/ADMIN/Categories/Category/image_input image'

2019-05-15 08:50:45 - [MESSAGE][PASSED] - File 'C:\\Katalon\\Image\\pic10.jpg' sent to object: 'Object Repository/ADMIN/Categories/Category/image_input image'

2019-05-15 08:50:45 - [TEST_STEP][PASSED] - waitForElementVisible: Object 'Object Repository/ADMIN/Categories/Category/button_upload check' is visible

2019-05-15 08:50:45 - [MESSAGE][WARNING] - Timeout '0' is invalid. Using default page load timeout: '30'

2019-05-15 08:50:45 - [MESSAGE][PASSED] - Object 'Object Repository/ADMIN/Categories/Category/button_upload check' is visible

2019-05-15 08:50:45 - [TEST_STEP][PASSED] - click: Object: 'Object Repository/ADMIN/Categories/Category/button_upload check' is clicked on

2019-05-15 08:50:45 - [MESSAGE][PASSED] - Object: 'Object Repository/ADMIN/Categories/Category/button_upload check' is clicked on

2019-05-15 08:50:45 - [TEST_STEP][PASSED] - click: Object: 'Object Repository/ADMIN/Categories/Category/button_upload save' is clicked on

2019-05-15 08:50:45 - [MESSAGE][PASSED] - Object: 'Object Repository/ADMIN/Categories/Category/button_upload save' is clicked on

2019-05-15 08:50:45 - [TEST_STEP][PASSED] - waitForElementVisible: Web element with id: 'Object Repository/ADMIN/Categories/Category/button_upload save' located by 'By.xpath: //a[@class = 'btn btn-warning download' and (text() = ' Add Photo' or . = ' Add Photo')]' not found

2019-05-15 08:50:45 - [MESSAGE][WARNING] - Timeout '0' is invalid. Using default page load timeout: '30'

2019-05-15 08:51:17 - [MESSAGE][WARNING] - Web element with id: 'Object Repository/ADMIN/Categories/Category/button_upload save' located by 'By.xpath: //a[@class = 'btn btn-warning download' and (text() = ' Add Photo' or . = ' Add Photo')]' not found

2019-05-15 08:51:17 - [TEST_STEP][PASSED] - setText: Text 'Description47' is set on object 'Object Repository/ADMIN/Categories/Category/textfield_category_description'

2019-05-15 08:51:17 - [MESSAGE][PASSED] - Text 'Description47' is set on object 'Object Repository/ADMIN/Categories/Category/textfield_category_description'

2019-05-15 08:51:17 - [TEST_STEP][PASSED] - click: Object: 'Object Repository/ADMIN/Categories/Category/button_Save' is clicked on

2019-05-15 08:51:17 - [MESSAGE][PASSED] - Object: 'Object Repository/ADMIN/Categories/Category/button_Save' is clicked on

2019-05-15 08:51:17 - [TEST_STEP][PASSED] - waitForElementVisible: Object 'Object Repository/ADMIN/Categories/Category/label_edit popup' is visible

2019-05-15 08:51:17 - [MESSAGE][WARNING] - Timeout '0' is invalid. Using default page load timeout: '30'

2019-05-15 08:51:34 - [MESSAGE][PASSED] - Object 'Object Repository/ADMIN/Categories/Category/label_edit popup' is visible

2019-05-15 08:51:34 - [TEST_STEP][PASSED] - waitForElementNotPresent: Web element with id: 'Object Repository/ADMIN/Categories/Category/label_edit popup' located by 'By.xpath: //div[(text() = 'Category was successfully saved.' or . = 'Category was successfully saved.')]' is not present after '30' second(s)

2019-05-15 08:51:34 - [MESSAGE][WARNING] - Timeout '0' is invalid. Using default page load timeout: '30'

2019-05-15 08:51:40 - [MESSAGE][PASSED] - Web element with id: 'Object Repository/ADMIN/Categories/Category/label_edit popup' located by 'By.xpath: //div[(text() = 'Category was successfully saved.' or . = 'Category was successfully saved.')]' is not present after '30' second(s)]]></system-out>
         <system-err><![CDATA[2019-05-15 08:50:40 - [TEST_CASE][FAILED] - Test Cases/ADMIN/Content Mgmt/Categories/Category Add-Edit/Add Category: Test Cases/ADMIN/Content Mgmt/Categories/Category Add-Edit/Add Category FAILED because (of) Unable to click on object 'Object Repository/ADMIN/Categories/Category List/button_Categories' (Root cause: org.openqa.selenium.ElementNotVisibleException: element not visible
  (Session info: chrome=74.0.3729.131)
  (Driver info: chromedriver=2.35.528161 (5b82f2d2aae0ca24b877009200ced9065a772e73),platform=Windows NT 6.1.7601 SP1 x86_64) (WARNING: The server did not provide any stacktrace information)
Command duration or timeout: 0 milliseconds
Build info: version: '3.7.1', revision: '8a0099a', time: '2017-11-06T21:07:36.161Z'
System info: host: 'ARCADIER-PC', ip: '10.10.31.95', os.name: 'Windows 7', os.arch: 'amd64', os.version: '6.1', java.version: '1.8.0_102'
Driver info: com.kms.katalon.core.webui.driver.ExistingRemoteWebDriver
Capabilities {javascriptEnabled: true, platform: ANY, platformName: ANY}
Session ID: 4cba786bf88613ee8a0544a4d9db771f)]]></system-err>
      </testcase>
      <testcase name="Test Cases/ADMIN/Content Mgmt/Categories/Category Add-Edit/Add Category" classname="Test Cases/ADMIN/Content Mgmt/Categories/Category Add-Edit/Add Category" status="FAILED">
         <failure type="FAILED" message="Unable to select option by label '-' of object 'Object Repository/ADMIN/Categories/Category/dropdown_Parent'  (Root cause: org.openqa.selenium.NoSuchElementException: Cannot locate element with text: -
For documentation on this error, please visit: http://seleniumhq.org/exceptions/no_such_element.html
Build info: version: '3.7.1', revision: '8a0099a', time: '2017-11-06T21:07:36.161Z'
System info: host: 'ARCADIER-PC', ip: '10.10.31.95', os.name: 'Windows 7', os.arch: 'amd64', os.version: '6.1', java.version: '1.8.0_102'
Driver info: driver.version: unknown)"/>
         <system-out><![CDATA[2019-05-15 08:51:40 - [TEST_CASE][FAILED] - Test Cases/ADMIN/Content Mgmt/Categories/Category Add-Edit/Add Category: Test Cases/ADMIN/Content Mgmt/Categories/Category Add-Edit/Add Category FAILED because (of) Unable to select option by label '-' of object 'Object Repository/ADMIN/Categories/Category/dropdown_Parent'  (Root cause: org.openqa.selenium.NoSuchElementException: Cannot locate element with text: -
For documentation on this error, please visit: http://seleniumhq.org/exceptions/no_such_element.html
Build info: version: '3.7.1', revision: '8a0099a', time: '2017-11-06T21:07:36.161Z'
System info: host: 'ARCADIER-PC', ip: '10.10.31.95', os.name: 'Windows 7', os.arch: 'amd64', os.version: '6.1', java.version: '1.8.0_102'
Driver info: driver.version: unknown)

2019-05-15 08:51:40 - [TEST_STEP][PASSED] - waitForElementVisible: Object 'Object Repository/ADMIN/Categories/Category List/button_Content Mgmt' is visible

2019-05-15 08:51:40 - [MESSAGE][WARNING] - Timeout '0' is invalid. Using default page load timeout: '30'

2019-05-15 08:51:40 - [MESSAGE][PASSED] - Object 'Object Repository/ADMIN/Categories/Category List/button_Content Mgmt' is visible

2019-05-15 08:51:40 - [TEST_STEP][PASSED] - click: Object: 'Object Repository/ADMIN/Categories/Category List/button_Content Mgmt' is clicked on

2019-05-15 08:51:40 - [MESSAGE][PASSED] - Object: 'Object Repository/ADMIN/Categories/Category List/button_Content Mgmt' is clicked on

2019-05-15 08:51:40 - [TEST_STEP][PASSED] - waitForElementVisible: Object 'Object Repository/ADMIN/Categories/Category List/button_Categories' is visible

2019-05-15 08:51:40 - [MESSAGE][WARNING] - Timeout '0' is invalid. Using default page load timeout: '30'

2019-05-15 08:51:40 - [MESSAGE][PASSED] - Object 'Object Repository/ADMIN/Categories/Category List/button_Categories' is visible

2019-05-15 08:51:40 - [TEST_STEP][PASSED] - click: Object: 'Object Repository/ADMIN/Categories/Category List/button_Categories' is clicked on

2019-05-15 08:51:51 - [MESSAGE][PASSED] - Object: 'Object Repository/ADMIN/Categories/Category List/button_Categories' is clicked on

2019-05-15 08:51:51 - [TEST_STEP][PASSED] - waitForPageLoad: Wait for page load successfully

2019-05-15 08:51:51 - [MESSAGE][WARNING] - Timeout '0' is invalid. Using default page load timeout: '30'

2019-05-15 08:51:51 - [MESSAGE][PASSED] - Wait for page load successfully

2019-05-15 08:51:51 - [TEST_STEP][PASSED] - click: Object: 'Object Repository/ADMIN/Categories/Category List/button_Add a Category' is clicked on

2019-05-15 08:51:52 - [MESSAGE][PASSED] - Object: 'Object Repository/ADMIN/Categories/Category List/button_Add a Category' is clicked on

2019-05-15 08:51:52 - [TEST_STEP][PASSED] - waitForElementPresent: Object 'Object Repository/ADMIN/Categories/Category/dropdown_Parent' is present

2019-05-15 08:51:52 - [MESSAGE][PASSED] - Object 'Object Repository/ADMIN/Categories/Category/dropdown_Parent' is present

2019-05-15 08:51:52 - [TEST_STEP][PASSED] - delay: Delayed 1 second(s)

2019-05-15 08:51:53 - [MESSAGE][PASSED] - Delayed 1 second(s)

2019-05-15 08:51:53 - [TEST_STEP][PASSED] - setText: Text 'Category 4' is set on object 'Object Repository/ADMIN/Categories/Category/textfield_Category Name'

2019-05-15 08:51:53 - [MESSAGE][PASSED] - Text 'Category 4' is set on object 'Object Repository/ADMIN/Categories/Category/textfield_Category Name'

2019-05-15 08:51:53 - [TEST_STEP][PASSED] - click: Object: 'Object Repository/ADMIN/Categories/Category/dropdown_Parent' is clicked on

2019-05-15 08:51:53 - [MESSAGE][PASSED] - Object: 'Object Repository/ADMIN/Categories/Category/dropdown_Parent' is clicked on

2019-05-15 08:51:53 - [TEST_STEP][PASSED] - delay: Delayed 2 second(s)

2019-05-15 08:51:55 - [MESSAGE][PASSED] - Delayed 2 second(s)

2019-05-15 08:51:55 - [TEST_STEP][PASSED] - click: Object: 'Object Repository/ADMIN/Categories/Category/dropdown_Parent' is clicked on

2019-05-15 08:51:55 - [MESSAGE][PASSED] - Object: 'Object Repository/ADMIN/Categories/Category/dropdown_Parent' is clicked on

2019-05-15 08:51:55 - [TEST_STEP][FAILED] - selectOptionByLabel: Unable to select option by label '-' of object 'Object Repository/ADMIN/Categories/Category/dropdown_Parent'  (Root cause: org.openqa.selenium.NoSuchElementException: Cannot locate element with text: -
For documentation on this error, please visit: http://seleniumhq.org/exceptions/no_such_element.html
Build info: version: '3.7.1', revision: '8a0099a', time: '2017-11-06T21:07:36.161Z'
System info: host: 'ARCADIER-PC', ip: '10.10.31.95', os.name: 'Windows 7', os.arch: 'amd64', os.version: '6.1', java.version: '1.8.0_102'
Driver info: driver.version: unknown)

2019-05-15 08:51:55 - [MESSAGE][FAILED] - Unable to select option by label '-' of object 'Object Repository/ADMIN/Categories/Category/dropdown_Parent'  (Root cause: org.openqa.selenium.NoSuchElementException: Cannot locate element with text: -
For documentation on this error, please visit: http://seleniumhq.org/exceptions/no_such_element.html
Build info: version: '3.7.1', revision: '8a0099a', time: '2017-11-06T21:07:36.161Z'
System info: host: 'ARCADIER-PC', ip: '10.10.31.95', os.name: 'Windows 7', os.arch: 'amd64', os.version: '6.1', java.version: '1.8.0_102'
Driver info: driver.version: unknown)
[[ATTACHMENT|C:\\Katalon\\Arctick\\Reports\\Suites\\Admin Add Category\\20190515_083232\\1557881515382.png]]

2019-05-15 08:51:55 - [TEST_STEP][PASSED] - click: Object: 'Object Repository/ADMIN/Categories/Category/button_Browse' is clicked on

2019-05-15 08:51:55 - [MESSAGE][PASSED] - Object: 'Object Repository/ADMIN/Categories/Category/button_Browse' is clicked on

2019-05-15 08:51:55 - [TEST_STEP][PASSED] - delay: Delayed 1 second(s)

2019-05-15 08:51:56 - [MESSAGE][PASSED] - Delayed 1 second(s)

2019-05-15 08:51:56 - [TEST_STEP][PASSED] - uploadFile: File 'C:\\Katalon\\Image\\pic11.jpg' sent to object: 'Object Repository/ADMIN/Categories/Category/image_input image'

2019-05-15 08:51:56 - [MESSAGE][PASSED] - File 'C:\\Katalon\\Image\\pic11.jpg' sent to object: 'Object Repository/ADMIN/Categories/Category/image_input image'

2019-05-15 08:51:56 - [TEST_STEP][PASSED] - waitForElementVisible: Object 'Object Repository/ADMIN/Categories/Category/button_upload check' is visible

2019-05-15 08:51:56 - [MESSAGE][WARNING] - Timeout '0' is invalid. Using default page load timeout: '30'

2019-05-15 08:51:56 - [MESSAGE][PASSED] - Object 'Object Repository/ADMIN/Categories/Category/button_upload check' is visible

2019-05-15 08:51:56 - [TEST_STEP][PASSED] - click: Object: 'Object Repository/ADMIN/Categories/Category/button_upload check' is clicked on

2019-05-15 08:51:56 - [MESSAGE][PASSED] - Object: 'Object Repository/ADMIN/Categories/Category/button_upload check' is clicked on

2019-05-15 08:51:56 - [TEST_STEP][PASSED] - click: Object: 'Object Repository/ADMIN/Categories/Category/button_upload save' is clicked on

2019-05-15 08:51:56 - [MESSAGE][PASSED] - Object: 'Object Repository/ADMIN/Categories/Category/button_upload save' is clicked on

2019-05-15 08:51:56 - [TEST_STEP][PASSED] - waitForElementVisible: Object 'Object Repository/ADMIN/Categories/Category/button_upload save' is visible

2019-05-15 08:51:56 - [MESSAGE][WARNING] - Timeout '0' is invalid. Using default page load timeout: '30'

2019-05-15 08:51:57 - [MESSAGE][PASSED] - Object 'Object Repository/ADMIN/Categories/Category/button_upload save' is visible

2019-05-15 08:51:57 - [TEST_STEP][PASSED] - setText: Text 'Description48' is set on object 'Object Repository/ADMIN/Categories/Category/textfield_category_description'

2019-05-15 08:51:57 - [MESSAGE][PASSED] - Text 'Description48' is set on object 'Object Repository/ADMIN/Categories/Category/textfield_category_description'

2019-05-15 08:51:57 - [TEST_STEP][PASSED] - click: Object: 'Object Repository/ADMIN/Categories/Category/button_Save' is clicked on

2019-05-15 08:51:57 - [MESSAGE][PASSED] - Object: 'Object Repository/ADMIN/Categories/Category/button_Save' is clicked on

2019-05-15 08:51:57 - [TEST_STEP][PASSED] - waitForElementVisible: Object 'Object Repository/ADMIN/Categories/Category/label_edit popup' is visible

2019-05-15 08:51:57 - [MESSAGE][WARNING] - Timeout '0' is invalid. Using default page load timeout: '30'

2019-05-15 08:52:03 - [MESSAGE][PASSED] - Object 'Object Repository/ADMIN/Categories/Category/label_edit popup' is visible

2019-05-15 08:52:03 - [TEST_STEP][PASSED] - waitForElementNotPresent: Web element with id: 'Object Repository/ADMIN/Categories/Category/label_edit popup' located by 'By.xpath: //div[(text() = 'Category was successfully saved.' or . = 'Category was successfully saved.')]' is not present after '30' second(s)

2019-05-15 08:52:03 - [MESSAGE][WARNING] - Timeout '0' is invalid. Using default page load timeout: '30'

2019-05-15 08:52:09 - [MESSAGE][PASSED] - Web element with id: 'Object Repository/ADMIN/Categories/Category/label_edit popup' located by 'By.xpath: //div[(text() = 'Category was successfully saved.' or . = 'Category was successfully saved.')]' is not present after '30' second(s)]]></system-out>
         <system-err><![CDATA[2019-05-15 08:51:40 - [TEST_CASE][FAILED] - Test Cases/ADMIN/Content Mgmt/Categories/Category Add-Edit/Add Category: Test Cases/ADMIN/Content Mgmt/Categories/Category Add-Edit/Add Category FAILED because (of) Unable to select option by label '-' of object 'Object Repository/ADMIN/Categories/Category/dropdown_Parent'  (Root cause: org.openqa.selenium.NoSuchElementException: Cannot locate element with text: -
For documentation on this error, please visit: http://seleniumhq.org/exceptions/no_such_element.html
Build info: version: '3.7.1', revision: '8a0099a', time: '2017-11-06T21:07:36.161Z'
System info: host: 'ARCADIER-PC', ip: '10.10.31.95', os.name: 'Windows 7', os.arch: 'amd64', os.version: '6.1', java.version: '1.8.0_102'
Driver info: driver.version: unknown)]]></system-err>
      </testcase>
      <testcase name="Test Cases/ADMIN/Content Mgmt/Categories/Category Add-Edit/Add Category" classname="Test Cases/ADMIN/Content Mgmt/Categories/Category Add-Edit/Add Category" status="FAILED">
         <failure type="FAILED" message="Unable to select option by label 'Category 4' of object 'Object Repository/ADMIN/Categories/Category/dropdown_Parent'  (Root cause: org.openqa.selenium.NoSuchElementException: Cannot locate element with text: Category 4
For documentation on this error, please visit: http://seleniumhq.org/exceptions/no_such_element.html
Build info: version: '3.7.1', revision: '8a0099a', time: '2017-11-06T21:07:36.161Z'
System info: host: 'ARCADIER-PC', ip: '10.10.31.95', os.name: 'Windows 7', os.arch: 'amd64', os.version: '6.1', java.version: '1.8.0_102'
Driver info: driver.version: unknown)"/>
         <system-out><![CDATA[2019-05-15 08:52:09 - [TEST_CASE][FAILED] - Test Cases/ADMIN/Content Mgmt/Categories/Category Add-Edit/Add Category: Test Cases/ADMIN/Content Mgmt/Categories/Category Add-Edit/Add Category FAILED because (of) Unable to select option by label 'Category 4' of object 'Object Repository/ADMIN/Categories/Category/dropdown_Parent'  (Root cause: org.openqa.selenium.NoSuchElementException: Cannot locate element with text: Category 4
For documentation on this error, please visit: http://seleniumhq.org/exceptions/no_such_element.html
Build info: version: '3.7.1', revision: '8a0099a', time: '2017-11-06T21:07:36.161Z'
System info: host: 'ARCADIER-PC', ip: '10.10.31.95', os.name: 'Windows 7', os.arch: 'amd64', os.version: '6.1', java.version: '1.8.0_102'
Driver info: driver.version: unknown)

2019-05-15 08:52:09 - [TEST_STEP][PASSED] - waitForElementVisible: Object 'Object Repository/ADMIN/Categories/Category List/button_Content Mgmt' is visible

2019-05-15 08:52:09 - [MESSAGE][WARNING] - Timeout '0' is invalid. Using default page load timeout: '30'

2019-05-15 08:52:09 - [MESSAGE][PASSED] - Object 'Object Repository/ADMIN/Categories/Category List/button_Content Mgmt' is visible

2019-05-15 08:52:09 - [TEST_STEP][PASSED] - click: Object: 'Object Repository/ADMIN/Categories/Category List/button_Content Mgmt' is clicked on

2019-05-15 08:52:09 - [MESSAGE][PASSED] - Object: 'Object Repository/ADMIN/Categories/Category List/button_Content Mgmt' is clicked on

2019-05-15 08:52:09 - [TEST_STEP][PASSED] - waitForElementVisible: Object 'Object Repository/ADMIN/Categories/Category List/button_Categories' is visible

2019-05-15 08:52:09 - [MESSAGE][WARNING] - Timeout '0' is invalid. Using default page load timeout: '30'

2019-05-15 08:52:09 - [MESSAGE][PASSED] - Object 'Object Repository/ADMIN/Categories/Category List/button_Categories' is visible

2019-05-15 08:52:09 - [TEST_STEP][PASSED] - click: Object: 'Object Repository/ADMIN/Categories/Category List/button_Categories' is clicked on

2019-05-15 08:52:20 - [MESSAGE][PASSED] - Object: 'Object Repository/ADMIN/Categories/Category List/button_Categories' is clicked on

2019-05-15 08:52:20 - [TEST_STEP][PASSED] - waitForPageLoad: Wait for page load successfully

2019-05-15 08:52:20 - [MESSAGE][WARNING] - Timeout '0' is invalid. Using default page load timeout: '30'

2019-05-15 08:52:20 - [MESSAGE][PASSED] - Wait for page load successfully

2019-05-15 08:52:20 - [TEST_STEP][PASSED] - click: Object: 'Object Repository/ADMIN/Categories/Category List/button_Add a Category' is clicked on

2019-05-15 08:52:20 - [MESSAGE][PASSED] - Object: 'Object Repository/ADMIN/Categories/Category List/button_Add a Category' is clicked on

2019-05-15 08:52:20 - [TEST_STEP][PASSED] - waitForElementPresent: Object 'Object Repository/ADMIN/Categories/Category/dropdown_Parent' is present

2019-05-15 08:52:20 - [MESSAGE][PASSED] - Object 'Object Repository/ADMIN/Categories/Category/dropdown_Parent' is present

2019-05-15 08:52:20 - [TEST_STEP][PASSED] - delay: Delayed 1 second(s)

2019-05-15 08:52:21 - [MESSAGE][PASSED] - Delayed 1 second(s)

2019-05-15 08:52:21 - [TEST_STEP][PASSED] - setText: Text 'Category 4.1' is set on object 'Object Repository/ADMIN/Categories/Category/textfield_Category Name'

2019-05-15 08:52:21 - [MESSAGE][PASSED] - Text 'Category 4.1' is set on object 'Object Repository/ADMIN/Categories/Category/textfield_Category Name'

2019-05-15 08:52:21 - [TEST_STEP][PASSED] - click: Object: 'Object Repository/ADMIN/Categories/Category/dropdown_Parent' is clicked on

2019-05-15 08:52:21 - [MESSAGE][PASSED] - Object: 'Object Repository/ADMIN/Categories/Category/dropdown_Parent' is clicked on

2019-05-15 08:52:21 - [TEST_STEP][PASSED] - delay: Delayed 2 second(s)

2019-05-15 08:52:23 - [MESSAGE][PASSED] - Delayed 2 second(s)

2019-05-15 08:52:23 - [TEST_STEP][PASSED] - click: Object: 'Object Repository/ADMIN/Categories/Category/dropdown_Parent' is clicked on

2019-05-15 08:52:23 - [MESSAGE][PASSED] - Object: 'Object Repository/ADMIN/Categories/Category/dropdown_Parent' is clicked on

2019-05-15 08:52:23 - [TEST_STEP][FAILED] - selectOptionByLabel: Unable to select option by label 'Category 4' of object 'Object Repository/ADMIN/Categories/Category/dropdown_Parent'  (Root cause: org.openqa.selenium.NoSuchElementException: Cannot locate element with text: Category 4
For documentation on this error, please visit: http://seleniumhq.org/exceptions/no_such_element.html
Build info: version: '3.7.1', revision: '8a0099a', time: '2017-11-06T21:07:36.161Z'
System info: host: 'ARCADIER-PC', ip: '10.10.31.95', os.name: 'Windows 7', os.arch: 'amd64', os.version: '6.1', java.version: '1.8.0_102'
Driver info: driver.version: unknown)

2019-05-15 08:52:24 - [MESSAGE][FAILED] - Unable to select option by label 'Category 4' of object 'Object Repository/ADMIN/Categories/Category/dropdown_Parent'  (Root cause: org.openqa.selenium.NoSuchElementException: Cannot locate element with text: Category 4
For documentation on this error, please visit: http://seleniumhq.org/exceptions/no_such_element.html
Build info: version: '3.7.1', revision: '8a0099a', time: '2017-11-06T21:07:36.161Z'
System info: host: 'ARCADIER-PC', ip: '10.10.31.95', os.name: 'Windows 7', os.arch: 'amd64', os.version: '6.1', java.version: '1.8.0_102'
Driver info: driver.version: unknown)
[[ATTACHMENT|C:\\Katalon\\Arctick\\Reports\\Suites\\Admin Add Category\\20190515_083232\\1557881543696.png]]

2019-05-15 08:52:24 - [TEST_STEP][PASSED] - click: Object: 'Object Repository/ADMIN/Categories/Category/button_Browse' is clicked on

2019-05-15 08:52:24 - [MESSAGE][PASSED] - Object: 'Object Repository/ADMIN/Categories/Category/button_Browse' is clicked on

2019-05-15 08:52:24 - [TEST_STEP][PASSED] - delay: Delayed 1 second(s)

2019-05-15 08:52:25 - [MESSAGE][PASSED] - Delayed 1 second(s)

2019-05-15 08:52:25 - [TEST_STEP][PASSED] - uploadFile: File 'C:\\Katalon\\Image\\pic12.jpg' sent to object: 'Object Repository/ADMIN/Categories/Category/image_input image'

2019-05-15 08:52:25 - [MESSAGE][PASSED] - File 'C:\\Katalon\\Image\\pic12.jpg' sent to object: 'Object Repository/ADMIN/Categories/Category/image_input image'

2019-05-15 08:52:25 - [TEST_STEP][PASSED] - waitForElementVisible: Object 'Object Repository/ADMIN/Categories/Category/button_upload check' is visible

2019-05-15 08:52:25 - [MESSAGE][WARNING] - Timeout '0' is invalid. Using default page load timeout: '30'

2019-05-15 08:52:25 - [MESSAGE][PASSED] - Object 'Object Repository/ADMIN/Categories/Category/button_upload check' is visible

2019-05-15 08:52:25 - [TEST_STEP][PASSED] - click: Object: 'Object Repository/ADMIN/Categories/Category/button_upload check' is clicked on

2019-05-15 08:52:25 - [MESSAGE][PASSED] - Object: 'Object Repository/ADMIN/Categories/Category/button_upload check' is clicked on

2019-05-15 08:52:25 - [TEST_STEP][PASSED] - click: Object: 'Object Repository/ADMIN/Categories/Category/button_upload save' is clicked on

2019-05-15 08:52:25 - [MESSAGE][PASSED] - Object: 'Object Repository/ADMIN/Categories/Category/button_upload save' is clicked on

2019-05-15 08:52:25 - [TEST_STEP][PASSED] - waitForElementVisible: Object 'Object Repository/ADMIN/Categories/Category/button_upload save' is visible

2019-05-15 08:52:25 - [MESSAGE][WARNING] - Timeout '0' is invalid. Using default page load timeout: '30'

2019-05-15 08:52:25 - [MESSAGE][PASSED] - Object 'Object Repository/ADMIN/Categories/Category/button_upload save' is visible

2019-05-15 08:52:25 - [TEST_STEP][PASSED] - setText: Text 'Description49' is set on object 'Object Repository/ADMIN/Categories/Category/textfield_category_description'

2019-05-15 08:52:25 - [MESSAGE][PASSED] - Text 'Description49' is set on object 'Object Repository/ADMIN/Categories/Category/textfield_category_description'

2019-05-15 08:52:25 - [TEST_STEP][PASSED] - click: Object: 'Object Repository/ADMIN/Categories/Category/button_Save' is clicked on

2019-05-15 08:52:26 - [MESSAGE][PASSED] - Object: 'Object Repository/ADMIN/Categories/Category/button_Save' is clicked on

2019-05-15 08:52:26 - [TEST_STEP][PASSED] - waitForElementVisible: Object 'Object Repository/ADMIN/Categories/Category/label_edit popup' is visible

2019-05-15 08:52:26 - [MESSAGE][WARNING] - Timeout '0' is invalid. Using default page load timeout: '30'

2019-05-15 08:52:31 - [MESSAGE][PASSED] - Object 'Object Repository/ADMIN/Categories/Category/label_edit popup' is visible

2019-05-15 08:52:31 - [TEST_STEP][PASSED] - waitForElementNotPresent: Web element with id: 'Object Repository/ADMIN/Categories/Category/label_edit popup' located by 'By.xpath: //div[(text() = 'Category was successfully saved.' or . = 'Category was successfully saved.')]' is not present after '30' second(s)

2019-05-15 08:52:31 - [MESSAGE][WARNING] - Timeout '0' is invalid. Using default page load timeout: '30'

2019-05-15 08:52:37 - [MESSAGE][PASSED] - Web element with id: 'Object Repository/ADMIN/Categories/Category/label_edit popup' located by 'By.xpath: //div[(text() = 'Category was successfully saved.' or . = 'Category was successfully saved.')]' is not present after '30' second(s)]]></system-out>
         <system-err><![CDATA[2019-05-15 08:52:09 - [TEST_CASE][FAILED] - Test Cases/ADMIN/Content Mgmt/Categories/Category Add-Edit/Add Category: Test Cases/ADMIN/Content Mgmt/Categories/Category Add-Edit/Add Category FAILED because (of) Unable to select option by label 'Category 4' of object 'Object Repository/ADMIN/Categories/Category/dropdown_Parent'  (Root cause: org.openqa.selenium.NoSuchElementException: Cannot locate element with text: Category 4
For documentation on this error, please visit: http://seleniumhq.org/exceptions/no_such_element.html
Build info: version: '3.7.1', revision: '8a0099a', time: '2017-11-06T21:07:36.161Z'
System info: host: 'ARCADIER-PC', ip: '10.10.31.95', os.name: 'Windows 7', os.arch: 'amd64', os.version: '6.1', java.version: '1.8.0_102'
Driver info: driver.version: unknown)]]></system-err>
      </testcase>
      <testcase name="Test Cases/ADMIN/Content Mgmt/Categories/Category Add-Edit/Add Category" classname="Test Cases/ADMIN/Content Mgmt/Categories/Category Add-Edit/Add Category" status="FAILED">
         <failure type="FAILED" message="Unable to select option by label 'Category 4' of object 'Object Repository/ADMIN/Categories/Category/dropdown_Parent'  (Root cause: org.openqa.selenium.NoSuchElementException: Cannot locate element with text: Category 4
For documentation on this error, please visit: http://seleniumhq.org/exceptions/no_such_element.html
Build info: version: '3.7.1', revision: '8a0099a', time: '2017-11-06T21:07:36.161Z'
System info: host: 'ARCADIER-PC', ip: '10.10.31.95', os.name: 'Windows 7', os.arch: 'amd64', os.version: '6.1', java.version: '1.8.0_102'
Driver info: driver.version: unknown)"/>
         <system-out><![CDATA[2019-05-15 08:52:37 - [TEST_CASE][FAILED] - Test Cases/ADMIN/Content Mgmt/Categories/Category Add-Edit/Add Category: Test Cases/ADMIN/Content Mgmt/Categories/Category Add-Edit/Add Category FAILED because (of) Unable to select option by label 'Category 4' of object 'Object Repository/ADMIN/Categories/Category/dropdown_Parent'  (Root cause: org.openqa.selenium.NoSuchElementException: Cannot locate element with text: Category 4
For documentation on this error, please visit: http://seleniumhq.org/exceptions/no_such_element.html
Build info: version: '3.7.1', revision: '8a0099a', time: '2017-11-06T21:07:36.161Z'
System info: host: 'ARCADIER-PC', ip: '10.10.31.95', os.name: 'Windows 7', os.arch: 'amd64', os.version: '6.1', java.version: '1.8.0_102'
Driver info: driver.version: unknown)

2019-05-15 08:52:37 - [TEST_STEP][PASSED] - waitForElementVisible: Object 'Object Repository/ADMIN/Categories/Category List/button_Content Mgmt' is visible

2019-05-15 08:52:37 - [MESSAGE][WARNING] - Timeout '0' is invalid. Using default page load timeout: '30'

2019-05-15 08:52:37 - [MESSAGE][PASSED] - Object 'Object Repository/ADMIN/Categories/Category List/button_Content Mgmt' is visible

2019-05-15 08:52:37 - [TEST_STEP][PASSED] - click: Object: 'Object Repository/ADMIN/Categories/Category List/button_Content Mgmt' is clicked on

2019-05-15 08:52:37 - [MESSAGE][PASSED] - Object: 'Object Repository/ADMIN/Categories/Category List/button_Content Mgmt' is clicked on

2019-05-15 08:52:37 - [TEST_STEP][PASSED] - waitForElementVisible: Object 'Object Repository/ADMIN/Categories/Category List/button_Categories' is visible

2019-05-15 08:52:37 - [MESSAGE][WARNING] - Timeout '0' is invalid. Using default page load timeout: '30'

2019-05-15 08:52:37 - [MESSAGE][PASSED] - Object 'Object Repository/ADMIN/Categories/Category List/button_Categories' is visible

2019-05-15 08:52:37 - [TEST_STEP][PASSED] - click: Object: 'Object Repository/ADMIN/Categories/Category List/button_Categories' is clicked on

2019-05-15 08:52:49 - [MESSAGE][PASSED] - Object: 'Object Repository/ADMIN/Categories/Category List/button_Categories' is clicked on

2019-05-15 08:52:49 - [TEST_STEP][PASSED] - waitForPageLoad: Wait for page load successfully

2019-05-15 08:52:49 - [MESSAGE][WARNING] - Timeout '0' is invalid. Using default page load timeout: '30'

2019-05-15 08:52:49 - [MESSAGE][PASSED] - Wait for page load successfully

2019-05-15 08:52:49 - [TEST_STEP][PASSED] - click: Object: 'Object Repository/ADMIN/Categories/Category List/button_Add a Category' is clicked on

2019-05-15 08:52:49 - [MESSAGE][PASSED] - Object: 'Object Repository/ADMIN/Categories/Category List/button_Add a Category' is clicked on

2019-05-15 08:52:49 - [TEST_STEP][PASSED] - waitForElementPresent: Object 'Object Repository/ADMIN/Categories/Category/dropdown_Parent' is present

2019-05-15 08:52:49 - [MESSAGE][PASSED] - Object 'Object Repository/ADMIN/Categories/Category/dropdown_Parent' is present

2019-05-15 08:52:49 - [TEST_STEP][PASSED] - delay: Delayed 1 second(s)

2019-05-15 08:52:50 - [MESSAGE][PASSED] - Delayed 1 second(s)

2019-05-15 08:52:50 - [TEST_STEP][PASSED] - setText: Text 'Category 4.2' is set on object 'Object Repository/ADMIN/Categories/Category/textfield_Category Name'

2019-05-15 08:52:50 - [MESSAGE][PASSED] - Text 'Category 4.2' is set on object 'Object Repository/ADMIN/Categories/Category/textfield_Category Name'

2019-05-15 08:52:50 - [TEST_STEP][PASSED] - click: Object: 'Object Repository/ADMIN/Categories/Category/dropdown_Parent' is clicked on

2019-05-15 08:52:50 - [MESSAGE][PASSED] - Object: 'Object Repository/ADMIN/Categories/Category/dropdown_Parent' is clicked on

2019-05-15 08:52:50 - [TEST_STEP][PASSED] - delay: Delayed 2 second(s)

2019-05-15 08:52:52 - [MESSAGE][PASSED] - Delayed 2 second(s)

2019-05-15 08:52:52 - [TEST_STEP][PASSED] - click: Object: 'Object Repository/ADMIN/Categories/Category/dropdown_Parent' is clicked on

2019-05-15 08:52:52 - [MESSAGE][PASSED] - Object: 'Object Repository/ADMIN/Categories/Category/dropdown_Parent' is clicked on

2019-05-15 08:52:52 - [TEST_STEP][FAILED] - selectOptionByLabel: Unable to select option by label 'Category 4' of object 'Object Repository/ADMIN/Categories/Category/dropdown_Parent'  (Root cause: org.openqa.selenium.NoSuchElementException: Cannot locate element with text: Category 4
For documentation on this error, please visit: http://seleniumhq.org/exceptions/no_such_element.html
Build info: version: '3.7.1', revision: '8a0099a', time: '2017-11-06T21:07:36.161Z'
System info: host: 'ARCADIER-PC', ip: '10.10.31.95', os.name: 'Windows 7', os.arch: 'amd64', os.version: '6.1', java.version: '1.8.0_102'
Driver info: driver.version: unknown)

2019-05-15 08:52:53 - [MESSAGE][FAILED] - Unable to select option by label 'Category 4' of object 'Object Repository/ADMIN/Categories/Category/dropdown_Parent'  (Root cause: org.openqa.selenium.NoSuchElementException: Cannot locate element with text: Category 4
For documentation on this error, please visit: http://seleniumhq.org/exceptions/no_such_element.html
Build info: version: '3.7.1', revision: '8a0099a', time: '2017-11-06T21:07:36.161Z'
System info: host: 'ARCADIER-PC', ip: '10.10.31.95', os.name: 'Windows 7', os.arch: 'amd64', os.version: '6.1', java.version: '1.8.0_102'
Driver info: driver.version: unknown)
[[ATTACHMENT|C:\\Katalon\\Arctick\\Reports\\Suites\\Admin Add Category\\20190515_083232\\1557881572745.png]]

2019-05-15 08:52:53 - [TEST_STEP][PASSED] - click: Object: 'Object Repository/ADMIN/Categories/Category/button_Browse' is clicked on

2019-05-15 08:52:53 - [MESSAGE][PASSED] - Object: 'Object Repository/ADMIN/Categories/Category/button_Browse' is clicked on

2019-05-15 08:52:53 - [TEST_STEP][PASSED] - delay: Delayed 1 second(s)

2019-05-15 08:52:54 - [MESSAGE][PASSED] - Delayed 1 second(s)

2019-05-15 08:52:54 - [TEST_STEP][PASSED] - uploadFile: File 'C:\\Katalon\\Image\\pic1.jpg' sent to object: 'Object Repository/ADMIN/Categories/Category/image_input image'

2019-05-15 08:52:54 - [MESSAGE][PASSED] - File 'C:\\Katalon\\Image\\pic1.jpg' sent to object: 'Object Repository/ADMIN/Categories/Category/image_input image'

2019-05-15 08:52:54 - [TEST_STEP][PASSED] - waitForElementVisible: Object 'Object Repository/ADMIN/Categories/Category/button_upload check' is visible

2019-05-15 08:52:54 - [MESSAGE][WARNING] - Timeout '0' is invalid. Using default page load timeout: '30'

2019-05-15 08:52:54 - [MESSAGE][PASSED] - Object 'Object Repository/ADMIN/Categories/Category/button_upload check' is visible

2019-05-15 08:52:54 - [TEST_STEP][PASSED] - click: Object: 'Object Repository/ADMIN/Categories/Category/button_upload check' is clicked on

2019-05-15 08:52:54 - [MESSAGE][PASSED] - Object: 'Object Repository/ADMIN/Categories/Category/button_upload check' is clicked on

2019-05-15 08:52:54 - [TEST_STEP][PASSED] - click: Object: 'Object Repository/ADMIN/Categories/Category/button_upload save' is clicked on

2019-05-15 08:52:54 - [MESSAGE][PASSED] - Object: 'Object Repository/ADMIN/Categories/Category/button_upload save' is clicked on

2019-05-15 08:52:54 - [TEST_STEP][FAILED] - waitForElementVisible: Unable to wait for object 'Object Repository/ADMIN/Categories/Category/button_upload save' to be visible (Root cause: org.openqa.selenium.StaleElementReferenceException: stale element reference: element is not attached to the page document
  (Session info: chrome=74.0.3729.131)
  (Driver info: chromedriver=2.35.528161 (5b82f2d2aae0ca24b877009200ced9065a772e73),platform=Windows NT 6.1.7601 SP1 x86_64) (WARNING: The server did not provide any stacktrace information)
Command duration or timeout: 0 milliseconds
For documentation on this error, please visit: http://seleniumhq.org/exceptions/stale_element_reference.html
Build info: version: '3.7.1', revision: '8a0099a', time: '2017-11-06T21:07:36.161Z'
System info: host: 'ARCADIER-PC', ip: '10.10.31.95', os.name: 'Windows 7', os.arch: 'amd64', os.version: '6.1', java.version: '1.8.0_102'
Driver info: com.kms.katalon.core.webui.driver.ExistingRemoteWebDriver
Capabilities {javascriptEnabled: true, platform: ANY, platformName: ANY}
Session ID: 4cba786bf88613ee8a0544a4d9db771f)

2019-05-15 08:52:54 - [MESSAGE][WARNING] - Timeout '0' is invalid. Using default page load timeout: '30'

2019-05-15 08:52:55 - [MESSAGE][FAILED] - Unable to wait for object 'Object Repository/ADMIN/Categories/Category/button_upload save' to be visible (Root cause: org.openqa.selenium.StaleElementReferenceException: stale element reference: element is not attached to the page document
  (Session info: chrome=74.0.3729.131)
  (Driver info: chromedriver=2.35.528161 (5b82f2d2aae0ca24b877009200ced9065a772e73),platform=Windows NT 6.1.7601 SP1 x86_64) (WARNING: The server did not provide any stacktrace information)
Command duration or timeout: 0 milliseconds
For documentation on this error, please visit: http://seleniumhq.org/exceptions/stale_element_reference.html
Build info: version: '3.7.1', revision: '8a0099a', time: '2017-11-06T21:07:36.161Z'
System info: host: 'ARCADIER-PC', ip: '10.10.31.95', os.name: 'Windows 7', os.arch: 'amd64', os.version: '6.1', java.version: '1.8.0_102'
Driver info: com.kms.katalon.core.webui.driver.ExistingRemoteWebDriver
Capabilities {javascriptEnabled: true, platform: ANY, platformName: ANY}
Session ID: 4cba786bf88613ee8a0544a4d9db771f)
[[ATTACHMENT|C:\\Katalon\\Arctick\\Reports\\Suites\\Admin Add Category\\20190515_083232\\1557881575038.png]]

2019-05-15 08:52:55 - [TEST_STEP][PASSED] - setText: Text 'Description50' is set on object 'Object Repository/ADMIN/Categories/Category/textfield_category_description'

2019-05-15 08:52:55 - [MESSAGE][PASSED] - Text 'Description50' is set on object 'Object Repository/ADMIN/Categories/Category/textfield_category_description'

2019-05-15 08:52:55 - [TEST_STEP][PASSED] - click: Object: 'Object Repository/ADMIN/Categories/Category/button_Save' is clicked on

2019-05-15 08:52:55 - [MESSAGE][PASSED] - Object: 'Object Repository/ADMIN/Categories/Category/button_Save' is clicked on

2019-05-15 08:52:55 - [TEST_STEP][PASSED] - waitForElementVisible: Object 'Object Repository/ADMIN/Categories/Category/label_edit popup' is visible

2019-05-15 08:52:55 - [MESSAGE][WARNING] - Timeout '0' is invalid. Using default page load timeout: '30'

2019-05-15 08:52:59 - [MESSAGE][PASSED] - Object 'Object Repository/ADMIN/Categories/Category/label_edit popup' is visible

2019-05-15 08:52:59 - [TEST_STEP][PASSED] - waitForElementNotPresent: Web element with id: 'Object Repository/ADMIN/Categories/Category/label_edit popup' located by 'By.xpath: //div[(text() = 'Category was successfully saved.' or . = 'Category was successfully saved.')]' is not present after '30' second(s)

2019-05-15 08:52:59 - [MESSAGE][WARNING] - Timeout '0' is invalid. Using default page load timeout: '30'

2019-05-15 08:53:05 - [MESSAGE][PASSED] - Web element with id: 'Object Repository/ADMIN/Categories/Category/label_edit popup' located by 'By.xpath: //div[(text() = 'Category was successfully saved.' or . = 'Category was successfully saved.')]' is not present after '30' second(s)]]></system-out>
         <system-err><![CDATA[2019-05-15 08:52:37 - [TEST_CASE][FAILED] - Test Cases/ADMIN/Content Mgmt/Categories/Category Add-Edit/Add Category: Test Cases/ADMIN/Content Mgmt/Categories/Category Add-Edit/Add Category FAILED because (of) Unable to select option by label 'Category 4' of object 'Object Repository/ADMIN/Categories/Category/dropdown_Parent'  (Root cause: org.openqa.selenium.NoSuchElementException: Cannot locate element with text: Category 4
For documentation on this error, please visit: http://seleniumhq.org/exceptions/no_such_element.html
Build info: version: '3.7.1', revision: '8a0099a', time: '2017-11-06T21:07:36.161Z'
System info: host: 'ARCADIER-PC', ip: '10.10.31.95', os.name: 'Windows 7', os.arch: 'amd64', os.version: '6.1', java.version: '1.8.0_102'
Driver info: driver.version: unknown)]]></system-err>
      </testcase>
      <testcase name="Test Cases/ADMIN/Content Mgmt/Categories/Category Add-Edit/Add Category" classname="Test Cases/ADMIN/Content Mgmt/Categories/Category Add-Edit/Add Category" status="FAILED">
         <failure type="FAILED" message="Unable to select option by label 'Category 4' of object 'Object Repository/ADMIN/Categories/Category/dropdown_Parent'  (Root cause: org.openqa.selenium.NoSuchElementException: Cannot locate element with text: Category 4
For documentation on this error, please visit: http://seleniumhq.org/exceptions/no_such_element.html
Build info: version: '3.7.1', revision: '8a0099a', time: '2017-11-06T21:07:36.161Z'
System info: host: 'ARCADIER-PC', ip: '10.10.31.95', os.name: 'Windows 7', os.arch: 'amd64', os.version: '6.1', java.version: '1.8.0_102'
Driver info: driver.version: unknown)"/>
         <system-out><![CDATA[2019-05-15 08:53:05 - [TEST_CASE][FAILED] - Test Cases/ADMIN/Content Mgmt/Categories/Category Add-Edit/Add Category: Test Cases/ADMIN/Content Mgmt/Categories/Category Add-Edit/Add Category FAILED because (of) Unable to select option by label 'Category 4' of object 'Object Repository/ADMIN/Categories/Category/dropdown_Parent'  (Root cause: org.openqa.selenium.NoSuchElementException: Cannot locate element with text: Category 4
For documentation on this error, please visit: http://seleniumhq.org/exceptions/no_such_element.html
Build info: version: '3.7.1', revision: '8a0099a', time: '2017-11-06T21:07:36.161Z'
System info: host: 'ARCADIER-PC', ip: '10.10.31.95', os.name: 'Windows 7', os.arch: 'amd64', os.version: '6.1', java.version: '1.8.0_102'
Driver info: driver.version: unknown)

2019-05-15 08:53:05 - [TEST_STEP][PASSED] - waitForElementVisible: Object 'Object Repository/ADMIN/Categories/Category List/button_Content Mgmt' is visible

2019-05-15 08:53:05 - [MESSAGE][WARNING] - Timeout '0' is invalid. Using default page load timeout: '30'

2019-05-15 08:53:05 - [MESSAGE][PASSED] - Object 'Object Repository/ADMIN/Categories/Category List/button_Content Mgmt' is visible

2019-05-15 08:53:05 - [TEST_STEP][PASSED] - click: Object: 'Object Repository/ADMIN/Categories/Category List/button_Content Mgmt' is clicked on

2019-05-15 08:53:05 - [MESSAGE][PASSED] - Object: 'Object Repository/ADMIN/Categories/Category List/button_Content Mgmt' is clicked on

2019-05-15 08:53:05 - [TEST_STEP][PASSED] - waitForElementVisible: Object 'Object Repository/ADMIN/Categories/Category List/button_Categories' is visible

2019-05-15 08:53:05 - [MESSAGE][WARNING] - Timeout '0' is invalid. Using default page load timeout: '30'

2019-05-15 08:53:05 - [MESSAGE][PASSED] - Object 'Object Repository/ADMIN/Categories/Category List/button_Categories' is visible

2019-05-15 08:53:05 - [TEST_STEP][PASSED] - click: Object: 'Object Repository/ADMIN/Categories/Category List/button_Categories' is clicked on

2019-05-15 08:53:18 - [MESSAGE][PASSED] - Object: 'Object Repository/ADMIN/Categories/Category List/button_Categories' is clicked on

2019-05-15 08:53:18 - [TEST_STEP][PASSED] - waitForPageLoad: Wait for page load successfully

2019-05-15 08:53:18 - [MESSAGE][WARNING] - Timeout '0' is invalid. Using default page load timeout: '30'

2019-05-15 08:53:18 - [MESSAGE][PASSED] - Wait for page load successfully

2019-05-15 08:53:18 - [TEST_STEP][PASSED] - click: Object: 'Object Repository/ADMIN/Categories/Category List/button_Add a Category' is clicked on

2019-05-15 08:53:18 - [MESSAGE][PASSED] - Object: 'Object Repository/ADMIN/Categories/Category List/button_Add a Category' is clicked on

2019-05-15 08:53:18 - [TEST_STEP][PASSED] - waitForElementPresent: Object 'Object Repository/ADMIN/Categories/Category/dropdown_Parent' is present

2019-05-15 08:53:18 - [MESSAGE][PASSED] - Object 'Object Repository/ADMIN/Categories/Category/dropdown_Parent' is present

2019-05-15 08:53:18 - [TEST_STEP][PASSED] - delay: Delayed 1 second(s)

2019-05-15 08:53:19 - [MESSAGE][PASSED] - Delayed 1 second(s)

2019-05-15 08:53:19 - [TEST_STEP][PASSED] - setText: Text 'Category 4.3' is set on object 'Object Repository/ADMIN/Categories/Category/textfield_Category Name'

2019-05-15 08:53:19 - [MESSAGE][PASSED] - Text 'Category 4.3' is set on object 'Object Repository/ADMIN/Categories/Category/textfield_Category Name'

2019-05-15 08:53:19 - [TEST_STEP][PASSED] - click: Object: 'Object Repository/ADMIN/Categories/Category/dropdown_Parent' is clicked on

2019-05-15 08:53:19 - [MESSAGE][PASSED] - Object: 'Object Repository/ADMIN/Categories/Category/dropdown_Parent' is clicked on

2019-05-15 08:53:19 - [TEST_STEP][PASSED] - delay: Delayed 2 second(s)

2019-05-15 08:53:21 - [MESSAGE][PASSED] - Delayed 2 second(s)

2019-05-15 08:53:21 - [TEST_STEP][PASSED] - click: Object: 'Object Repository/ADMIN/Categories/Category/dropdown_Parent' is clicked on

2019-05-15 08:53:21 - [MESSAGE][PASSED] - Object: 'Object Repository/ADMIN/Categories/Category/dropdown_Parent' is clicked on

2019-05-15 08:53:21 - [TEST_STEP][FAILED] - selectOptionByLabel: Unable to select option by label 'Category 4' of object 'Object Repository/ADMIN/Categories/Category/dropdown_Parent'  (Root cause: org.openqa.selenium.NoSuchElementException: Cannot locate element with text: Category 4
For documentation on this error, please visit: http://seleniumhq.org/exceptions/no_such_element.html
Build info: version: '3.7.1', revision: '8a0099a', time: '2017-11-06T21:07:36.161Z'
System info: host: 'ARCADIER-PC', ip: '10.10.31.95', os.name: 'Windows 7', os.arch: 'amd64', os.version: '6.1', java.version: '1.8.0_102'
Driver info: driver.version: unknown)

2019-05-15 08:53:21 - [MESSAGE][FAILED] - Unable to select option by label 'Category 4' of object 'Object Repository/ADMIN/Categories/Category/dropdown_Parent'  (Root cause: org.openqa.selenium.NoSuchElementException: Cannot locate element with text: Category 4
For documentation on this error, please visit: http://seleniumhq.org/exceptions/no_such_element.html
Build info: version: '3.7.1', revision: '8a0099a', time: '2017-11-06T21:07:36.161Z'
System info: host: 'ARCADIER-PC', ip: '10.10.31.95', os.name: 'Windows 7', os.arch: 'amd64', os.version: '6.1', java.version: '1.8.0_102'
Driver info: driver.version: unknown)
[[ATTACHMENT|C:\\Katalon\\Arctick\\Reports\\Suites\\Admin Add Category\\20190515_083232\\1557881601660.png]]

2019-05-15 08:53:21 - [TEST_STEP][PASSED] - click: Object: 'Object Repository/ADMIN/Categories/Category/button_Browse' is clicked on

2019-05-15 08:53:22 - [MESSAGE][PASSED] - Object: 'Object Repository/ADMIN/Categories/Category/button_Browse' is clicked on

2019-05-15 08:53:22 - [TEST_STEP][PASSED] - delay: Delayed 1 second(s)

2019-05-15 08:53:23 - [MESSAGE][PASSED] - Delayed 1 second(s)

2019-05-15 08:53:23 - [TEST_STEP][PASSED] - uploadFile: File 'C:\\Katalon\\Image\\pic2.jpg' sent to object: 'Object Repository/ADMIN/Categories/Category/image_input image'

2019-05-15 08:53:23 - [MESSAGE][PASSED] - File 'C:\\Katalon\\Image\\pic2.jpg' sent to object: 'Object Repository/ADMIN/Categories/Category/image_input image'

2019-05-15 08:53:23 - [TEST_STEP][PASSED] - waitForElementVisible: Object 'Object Repository/ADMIN/Categories/Category/button_upload check' is visible

2019-05-15 08:53:23 - [MESSAGE][WARNING] - Timeout '0' is invalid. Using default page load timeout: '30'

2019-05-15 08:53:23 - [MESSAGE][PASSED] - Object 'Object Repository/ADMIN/Categories/Category/button_upload check' is visible

2019-05-15 08:53:23 - [TEST_STEP][PASSED] - click: Object: 'Object Repository/ADMIN/Categories/Category/button_upload check' is clicked on

2019-05-15 08:53:23 - [MESSAGE][PASSED] - Object: 'Object Repository/ADMIN/Categories/Category/button_upload check' is clicked on

2019-05-15 08:53:23 - [TEST_STEP][PASSED] - click: Object: 'Object Repository/ADMIN/Categories/Category/button_upload save' is clicked on

2019-05-15 08:53:23 - [MESSAGE][PASSED] - Object: 'Object Repository/ADMIN/Categories/Category/button_upload save' is clicked on

2019-05-15 08:53:23 - [TEST_STEP][PASSED] - waitForElementVisible: Object 'Object Repository/ADMIN/Categories/Category/button_upload save' is visible

2019-05-15 08:53:23 - [MESSAGE][WARNING] - Timeout '0' is invalid. Using default page load timeout: '30'

2019-05-15 08:53:23 - [MESSAGE][PASSED] - Object 'Object Repository/ADMIN/Categories/Category/button_upload save' is visible

2019-05-15 08:53:23 - [TEST_STEP][PASSED] - setText: Text 'Description51' is set on object 'Object Repository/ADMIN/Categories/Category/textfield_category_description'

2019-05-15 08:53:23 - [MESSAGE][PASSED] - Text 'Description51' is set on object 'Object Repository/ADMIN/Categories/Category/textfield_category_description'

2019-05-15 08:53:23 - [TEST_STEP][PASSED] - click: Object: 'Object Repository/ADMIN/Categories/Category/button_Save' is clicked on

2019-05-15 08:53:23 - [MESSAGE][PASSED] - Object: 'Object Repository/ADMIN/Categories/Category/button_Save' is clicked on

2019-05-15 08:53:23 - [TEST_STEP][PASSED] - waitForElementVisible: Object 'Object Repository/ADMIN/Categories/Category/label_edit popup' is visible

2019-05-15 08:53:23 - [MESSAGE][WARNING] - Timeout '0' is invalid. Using default page load timeout: '30'

2019-05-15 08:53:25 - [MESSAGE][PASSED] - Object 'Object Repository/ADMIN/Categories/Category/label_edit popup' is visible

2019-05-15 08:53:25 - [TEST_STEP][PASSED] - waitForElementNotPresent: Web element with id: 'Object Repository/ADMIN/Categories/Category/label_edit popup' located by 'By.xpath: //div[(text() = 'Category was successfully saved.' or . = 'Category was successfully saved.')]' is not present after '30' second(s)

2019-05-15 08:53:25 - [MESSAGE][WARNING] - Timeout '0' is invalid. Using default page load timeout: '30'

2019-05-15 08:53:31 - [MESSAGE][PASSED] - Web element with id: 'Object Repository/ADMIN/Categories/Category/label_edit popup' located by 'By.xpath: //div[(text() = 'Category was successfully saved.' or . = 'Category was successfully saved.')]' is not present after '30' second(s)]]></system-out>
         <system-err><![CDATA[2019-05-15 08:53:05 - [TEST_CASE][FAILED] - Test Cases/ADMIN/Content Mgmt/Categories/Category Add-Edit/Add Category: Test Cases/ADMIN/Content Mgmt/Categories/Category Add-Edit/Add Category FAILED because (of) Unable to select option by label 'Category 4' of object 'Object Repository/ADMIN/Categories/Category/dropdown_Parent'  (Root cause: org.openqa.selenium.NoSuchElementException: Cannot locate element with text: Category 4
For documentation on this error, please visit: http://seleniumhq.org/exceptions/no_such_element.html
Build info: version: '3.7.1', revision: '8a0099a', time: '2017-11-06T21:07:36.161Z'
System info: host: 'ARCADIER-PC', ip: '10.10.31.95', os.name: 'Windows 7', os.arch: 'amd64', os.version: '6.1', java.version: '1.8.0_102'
Driver info: driver.version: unknown)]]></system-err>
      </testcase>
      <testcase name="Test Cases/ADMIN/Content Mgmt/Categories/Category Add-Edit/Add Category" classname="Test Cases/ADMIN/Content Mgmt/Categories/Category Add-Edit/Add Category" status="FAILED">
         <failure type="FAILED" message="Unable to click on object 'Object Repository/ADMIN/Categories/Category List/button_Categories' (Root cause: org.openqa.selenium.ElementNotVisibleException: element not visible
  (Session info: chrome=74.0.3729.131)
  (Driver info: chromedriver=2.35.528161 (5b82f2d2aae0ca24b877009200ced9065a772e73),platform=Windows NT 6.1.7601 SP1 x86_64) (WARNING: The server did not provide any stacktrace information)
Command duration or timeout: 0 milliseconds
Build info: version: '3.7.1', revision: '8a0099a', time: '2017-11-06T21:07:36.161Z'
System info: host: 'ARCADIER-PC', ip: '10.10.31.95', os.name: 'Windows 7', os.arch: 'amd64', os.version: '6.1', java.version: '1.8.0_102'
Driver info: com.kms.katalon.core.webui.driver.ExistingRemoteWebDriver
Capabilities {javascriptEnabled: true, platform: ANY, platformName: ANY}
Session ID: 4cba786bf88613ee8a0544a4d9db771f)"/>
         <system-out><![CDATA[2019-05-15 08:53:31 - [TEST_CASE][FAILED] - Test Cases/ADMIN/Content Mgmt/Categories/Category Add-Edit/Add Category: Test Cases/ADMIN/Content Mgmt/Categories/Category Add-Edit/Add Category FAILED because (of) Unable to click on object 'Object Repository/ADMIN/Categories/Category List/button_Categories' (Root cause: org.openqa.selenium.ElementNotVisibleException: element not visible
  (Session info: chrome=74.0.3729.131)
  (Driver info: chromedriver=2.35.528161 (5b82f2d2aae0ca24b877009200ced9065a772e73),platform=Windows NT 6.1.7601 SP1 x86_64) (WARNING: The server did not provide any stacktrace information)
Command duration or timeout: 0 milliseconds
Build info: version: '3.7.1', revision: '8a0099a', time: '2017-11-06T21:07:36.161Z'
System info: host: 'ARCADIER-PC', ip: '10.10.31.95', os.name: 'Windows 7', os.arch: 'amd64', os.version: '6.1', java.version: '1.8.0_102'
Driver info: com.kms.katalon.core.webui.driver.ExistingRemoteWebDriver
Capabilities {javascriptEnabled: true, platform: ANY, platformName: ANY}
Session ID: 4cba786bf88613ee8a0544a4d9db771f)

2019-05-15 08:53:31 - [TEST_STEP][PASSED] - waitForElementVisible: Object 'Object Repository/ADMIN/Categories/Category List/button_Content Mgmt' is visible

2019-05-15 08:53:31 - [MESSAGE][WARNING] - Timeout '0' is invalid. Using default page load timeout: '30'

2019-05-15 08:53:31 - [MESSAGE][PASSED] - Object 'Object Repository/ADMIN/Categories/Category List/button_Content Mgmt' is visible

2019-05-15 08:53:31 - [TEST_STEP][PASSED] - click: Object: 'Object Repository/ADMIN/Categories/Category List/button_Content Mgmt' is clicked on

2019-05-15 08:53:31 - [MESSAGE][PASSED] - Object: 'Object Repository/ADMIN/Categories/Category List/button_Content Mgmt' is clicked on

2019-05-15 08:53:31 - [TEST_STEP][PASSED] - waitForElementVisible: Object 'Object Repository/ADMIN/Categories/Category List/button_Categories' is visible

2019-05-15 08:53:31 - [MESSAGE][WARNING] - Timeout '0' is invalid. Using default page load timeout: '30'

2019-05-15 08:53:31 - [MESSAGE][PASSED] - Object 'Object Repository/ADMIN/Categories/Category List/button_Categories' is visible

2019-05-15 08:53:31 - [TEST_STEP][FAILED] - click: Unable to click on object 'Object Repository/ADMIN/Categories/Category List/button_Categories' (Root cause: org.openqa.selenium.ElementNotVisibleException: element not visible
  (Session info: chrome=74.0.3729.131)
  (Driver info: chromedriver=2.35.528161 (5b82f2d2aae0ca24b877009200ced9065a772e73),platform=Windows NT 6.1.7601 SP1 x86_64) (WARNING: The server did not provide any stacktrace information)
Command duration or timeout: 0 milliseconds
Build info: version: '3.7.1', revision: '8a0099a', time: '2017-11-06T21:07:36.161Z'
System info: host: 'ARCADIER-PC', ip: '10.10.31.95', os.name: 'Windows 7', os.arch: 'amd64', os.version: '6.1', java.version: '1.8.0_102'
Driver info: com.kms.katalon.core.webui.driver.ExistingRemoteWebDriver
Capabilities {javascriptEnabled: true, platform: ANY, platformName: ANY}
Session ID: 4cba786bf88613ee8a0544a4d9db771f)

2019-05-15 08:53:32 - [MESSAGE][FAILED] - Unable to click on object 'Object Repository/ADMIN/Categories/Category List/button_Categories' (Root cause: org.openqa.selenium.ElementNotVisibleException: element not visible
  (Session info: chrome=74.0.3729.131)
  (Driver info: chromedriver=2.35.528161 (5b82f2d2aae0ca24b877009200ced9065a772e73),platform=Windows NT 6.1.7601 SP1 x86_64) (WARNING: The server did not provide any stacktrace information)
Command duration or timeout: 0 milliseconds
Build info: version: '3.7.1', revision: '8a0099a', time: '2017-11-06T21:07:36.161Z'
System info: host: 'ARCADIER-PC', ip: '10.10.31.95', os.name: 'Windows 7', os.arch: 'amd64', os.version: '6.1', java.version: '1.8.0_102'
Driver info: com.kms.katalon.core.webui.driver.ExistingRemoteWebDriver
Capabilities {javascriptEnabled: true, platform: ANY, platformName: ANY}
Session ID: 4cba786bf88613ee8a0544a4d9db771f)
[[ATTACHMENT|C:\\Katalon\\Arctick\\Reports\\Suites\\Admin Add Category\\20190515_083232\\1557881611905.png]]

2019-05-15 08:53:32 - [TEST_STEP][PASSED] - waitForPageLoad: Wait for page load successfully

2019-05-15 08:53:32 - [MESSAGE][WARNING] - Timeout '0' is invalid. Using default page load timeout: '30'

2019-05-15 08:53:32 - [MESSAGE][PASSED] - Wait for page load successfully

2019-05-15 08:53:32 - [TEST_STEP][PASSED] - click: Object: 'Object Repository/ADMIN/Categories/Category List/button_Add a Category' is clicked on

2019-05-15 08:53:32 - [MESSAGE][PASSED] - Object: 'Object Repository/ADMIN/Categories/Category List/button_Add a Category' is clicked on

2019-05-15 08:53:32 - [TEST_STEP][PASSED] - waitForElementPresent: Object 'Object Repository/ADMIN/Categories/Category/dropdown_Parent' is present

2019-05-15 08:53:32 - [MESSAGE][PASSED] - Object 'Object Repository/ADMIN/Categories/Category/dropdown_Parent' is present

2019-05-15 08:53:32 - [TEST_STEP][PASSED] - delay: Delayed 1 second(s)

2019-05-15 08:53:33 - [MESSAGE][PASSED] - Delayed 1 second(s)

2019-05-15 08:53:33 - [TEST_STEP][PASSED] - setText: Text 'Category 4.4' is set on object 'Object Repository/ADMIN/Categories/Category/textfield_Category Name'

2019-05-15 08:53:33 - [MESSAGE][PASSED] - Text 'Category 4.4' is set on object 'Object Repository/ADMIN/Categories/Category/textfield_Category Name'

2019-05-15 08:53:33 - [TEST_STEP][PASSED] - click: Object: 'Object Repository/ADMIN/Categories/Category/dropdown_Parent' is clicked on

2019-05-15 08:53:33 - [MESSAGE][PASSED] - Object: 'Object Repository/ADMIN/Categories/Category/dropdown_Parent' is clicked on

2019-05-15 08:53:33 - [TEST_STEP][PASSED] - delay: Delayed 2 second(s)

2019-05-15 08:53:35 - [MESSAGE][PASSED] - Delayed 2 second(s)

2019-05-15 08:53:35 - [TEST_STEP][PASSED] - click: Object: 'Object Repository/ADMIN/Categories/Category/dropdown_Parent' is clicked on

2019-05-15 08:53:35 - [MESSAGE][PASSED] - Object: 'Object Repository/ADMIN/Categories/Category/dropdown_Parent' is clicked on

2019-05-15 08:53:35 - [TEST_STEP][PASSED] - selectOptionByLabel: All options with label 'Category 4' are selected in object 'Object Repository/ADMIN/Categories/Category/dropdown_Parent' 

2019-05-15 08:53:35 - [MESSAGE][PASSED] - All options with label 'Category 4' are selected in object 'Object Repository/ADMIN/Categories/Category/dropdown_Parent' 

2019-05-15 08:53:35 - [TEST_STEP][PASSED] - click: Object: 'Object Repository/ADMIN/Categories/Category/button_Browse' is clicked on

2019-05-15 08:53:35 - [MESSAGE][PASSED] - Object: 'Object Repository/ADMIN/Categories/Category/button_Browse' is clicked on

2019-05-15 08:53:35 - [TEST_STEP][PASSED] - delay: Delayed 1 second(s)

2019-05-15 08:53:36 - [MESSAGE][PASSED] - Delayed 1 second(s)

2019-05-15 08:53:36 - [TEST_STEP][PASSED] - uploadFile: File 'C:\\Katalon\\Image\\pic3.jpg' sent to object: 'Object Repository/ADMIN/Categories/Category/image_input image'

2019-05-15 08:53:36 - [MESSAGE][PASSED] - File 'C:\\Katalon\\Image\\pic3.jpg' sent to object: 'Object Repository/ADMIN/Categories/Category/image_input image'

2019-05-15 08:53:36 - [TEST_STEP][PASSED] - waitForElementVisible: Object 'Object Repository/ADMIN/Categories/Category/button_upload check' is visible

2019-05-15 08:53:36 - [MESSAGE][WARNING] - Timeout '0' is invalid. Using default page load timeout: '30'

2019-05-15 08:53:36 - [MESSAGE][PASSED] - Object 'Object Repository/ADMIN/Categories/Category/button_upload check' is visible

2019-05-15 08:53:36 - [TEST_STEP][PASSED] - click: Object: 'Object Repository/ADMIN/Categories/Category/button_upload check' is clicked on

2019-05-15 08:53:36 - [MESSAGE][PASSED] - Object: 'Object Repository/ADMIN/Categories/Category/button_upload check' is clicked on

2019-05-15 08:53:36 - [TEST_STEP][PASSED] - click: Object: 'Object Repository/ADMIN/Categories/Category/button_upload save' is clicked on

2019-05-15 08:53:37 - [MESSAGE][PASSED] - Object: 'Object Repository/ADMIN/Categories/Category/button_upload save' is clicked on

2019-05-15 08:53:37 - [TEST_STEP][FAILED] - waitForElementVisible: Unable to wait for object 'Object Repository/ADMIN/Categories/Category/button_upload save' to be visible (Root cause: org.openqa.selenium.StaleElementReferenceException: stale element reference: element is not attached to the page document
  (Session info: chrome=74.0.3729.131)
  (Driver info: chromedriver=2.35.528161 (5b82f2d2aae0ca24b877009200ced9065a772e73),platform=Windows NT 6.1.7601 SP1 x86_64) (WARNING: The server did not provide any stacktrace information)
Command duration or timeout: 0 milliseconds
For documentation on this error, please visit: http://seleniumhq.org/exceptions/stale_element_reference.html
Build info: version: '3.7.1', revision: '8a0099a', time: '2017-11-06T21:07:36.161Z'
System info: host: 'ARCADIER-PC', ip: '10.10.31.95', os.name: 'Windows 7', os.arch: 'amd64', os.version: '6.1', java.version: '1.8.0_102'
Driver info: com.kms.katalon.core.webui.driver.ExistingRemoteWebDriver
Capabilities {javascriptEnabled: true, platform: ANY, platformName: ANY}
Session ID: 4cba786bf88613ee8a0544a4d9db771f)

2019-05-15 08:53:37 - [MESSAGE][WARNING] - Timeout '0' is invalid. Using default page load timeout: '30'

2019-05-15 08:53:38 - [MESSAGE][FAILED] - Unable to wait for object 'Object Repository/ADMIN/Categories/Category/button_upload save' to be visible (Root cause: org.openqa.selenium.StaleElementReferenceException: stale element reference: element is not attached to the page document
  (Session info: chrome=74.0.3729.131)
  (Driver info: chromedriver=2.35.528161 (5b82f2d2aae0ca24b877009200ced9065a772e73),platform=Windows NT 6.1.7601 SP1 x86_64) (WARNING: The server did not provide any stacktrace information)
Command duration or timeout: 0 milliseconds
For documentation on this error, please visit: http://seleniumhq.org/exceptions/stale_element_reference.html
Build info: version: '3.7.1', revision: '8a0099a', time: '2017-11-06T21:07:36.161Z'
System info: host: 'ARCADIER-PC', ip: '10.10.31.95', os.name: 'Windows 7', os.arch: 'amd64', os.version: '6.1', java.version: '1.8.0_102'
Driver info: com.kms.katalon.core.webui.driver.ExistingRemoteWebDriver
Capabilities {javascriptEnabled: true, platform: ANY, platformName: ANY}
Session ID: 4cba786bf88613ee8a0544a4d9db771f)
[[ATTACHMENT|C:\\Katalon\\Arctick\\Reports\\Suites\\Admin Add Category\\20190515_083232\\1557881618068.png]]

2019-05-15 08:53:38 - [TEST_STEP][PASSED] - setText: Text 'Description52' is set on object 'Object Repository/ADMIN/Categories/Category/textfield_category_description'

2019-05-15 08:53:38 - [MESSAGE][PASSED] - Text 'Description52' is set on object 'Object Repository/ADMIN/Categories/Category/textfield_category_description'

2019-05-15 08:53:38 - [TEST_STEP][PASSED] - click: Object: 'Object Repository/ADMIN/Categories/Category/button_Save' is clicked on

2019-05-15 08:53:39 - [MESSAGE][PASSED] - Object: 'Object Repository/ADMIN/Categories/Category/button_Save' is clicked on

2019-05-15 08:53:39 - [TEST_STEP][PASSED] - waitForElementVisible: Object 'Object Repository/ADMIN/Categories/Category/label_edit popup' is visible

2019-05-15 08:53:39 - [MESSAGE][WARNING] - Timeout '0' is invalid. Using default page load timeout: '30'

2019-05-15 08:53:58 - [MESSAGE][PASSED] - Object 'Object Repository/ADMIN/Categories/Category/label_edit popup' is visible

2019-05-15 08:53:58 - [TEST_STEP][PASSED] - waitForElementNotPresent: Web element with id: 'Object Repository/ADMIN/Categories/Category/label_edit popup' located by 'By.xpath: //div[(text() = 'Category was successfully saved.' or . = 'Category was successfully saved.')]' is not present after '30' second(s)

2019-05-15 08:53:58 - [MESSAGE][WARNING] - Timeout '0' is invalid. Using default page load timeout: '30'

2019-05-15 08:54:04 - [MESSAGE][PASSED] - Web element with id: 'Object Repository/ADMIN/Categories/Category/label_edit popup' located by 'By.xpath: //div[(text() = 'Category was successfully saved.' or . = 'Category was successfully saved.')]' is not present after '30' second(s)]]></system-out>
         <system-err><![CDATA[2019-05-15 08:53:31 - [TEST_CASE][FAILED] - Test Cases/ADMIN/Content Mgmt/Categories/Category Add-Edit/Add Category: Test Cases/ADMIN/Content Mgmt/Categories/Category Add-Edit/Add Category FAILED because (of) Unable to click on object 'Object Repository/ADMIN/Categories/Category List/button_Categories' (Root cause: org.openqa.selenium.ElementNotVisibleException: element not visible
  (Session info: chrome=74.0.3729.131)
  (Driver info: chromedriver=2.35.528161 (5b82f2d2aae0ca24b877009200ced9065a772e73),platform=Windows NT 6.1.7601 SP1 x86_64) (WARNING: The server did not provide any stacktrace information)
Command duration or timeout: 0 milliseconds
Build info: version: '3.7.1', revision: '8a0099a', time: '2017-11-06T21:07:36.161Z'
System info: host: 'ARCADIER-PC', ip: '10.10.31.95', os.name: 'Windows 7', os.arch: 'amd64', os.version: '6.1', java.version: '1.8.0_102'
Driver info: com.kms.katalon.core.webui.driver.ExistingRemoteWebDriver
Capabilities {javascriptEnabled: true, platform: ANY, platformName: ANY}
Session ID: 4cba786bf88613ee8a0544a4d9db771f)]]></system-err>
      </testcase>
      <testcase name="Test Cases/ADMIN/Content Mgmt/Categories/Category Add-Edit/Add Category" classname="Test Cases/ADMIN/Content Mgmt/Categories/Category Add-Edit/Add Category" status="FAILED">
         <failure type="FAILED" message="Unable to click on object 'Object Repository/ADMIN/Categories/Category List/button_Categories' (Root cause: org.openqa.selenium.ElementNotVisibleException: element not visible
  (Session info: chrome=74.0.3729.131)
  (Driver info: chromedriver=2.35.528161 (5b82f2d2aae0ca24b877009200ced9065a772e73),platform=Windows NT 6.1.7601 SP1 x86_64) (WARNING: The server did not provide any stacktrace information)
Command duration or timeout: 0 milliseconds
Build info: version: '3.7.1', revision: '8a0099a', time: '2017-11-06T21:07:36.161Z'
System info: host: 'ARCADIER-PC', ip: '10.10.31.95', os.name: 'Windows 7', os.arch: 'amd64', os.version: '6.1', java.version: '1.8.0_102'
Driver info: com.kms.katalon.core.webui.driver.ExistingRemoteWebDriver
Capabilities {javascriptEnabled: true, platform: ANY, platformName: ANY}
Session ID: 4cba786bf88613ee8a0544a4d9db771f)"/>
         <system-out><![CDATA[2019-05-15 08:54:04 - [TEST_CASE][FAILED] - Test Cases/ADMIN/Content Mgmt/Categories/Category Add-Edit/Add Category: Test Cases/ADMIN/Content Mgmt/Categories/Category Add-Edit/Add Category FAILED because (of) Unable to click on object 'Object Repository/ADMIN/Categories/Category List/button_Categories' (Root cause: org.openqa.selenium.ElementNotVisibleException: element not visible
  (Session info: chrome=74.0.3729.131)
  (Driver info: chromedriver=2.35.528161 (5b82f2d2aae0ca24b877009200ced9065a772e73),platform=Windows NT 6.1.7601 SP1 x86_64) (WARNING: The server did not provide any stacktrace information)
Command duration or timeout: 0 milliseconds
Build info: version: '3.7.1', revision: '8a0099a', time: '2017-11-06T21:07:36.161Z'
System info: host: 'ARCADIER-PC', ip: '10.10.31.95', os.name: 'Windows 7', os.arch: 'amd64', os.version: '6.1', java.version: '1.8.0_102'
Driver info: com.kms.katalon.core.webui.driver.ExistingRemoteWebDriver
Capabilities {javascriptEnabled: true, platform: ANY, platformName: ANY}
Session ID: 4cba786bf88613ee8a0544a4d9db771f)

2019-05-15 08:54:04 - [TEST_STEP][PASSED] - waitForElementVisible: Object 'Object Repository/ADMIN/Categories/Category List/button_Content Mgmt' is visible

2019-05-15 08:54:04 - [MESSAGE][WARNING] - Timeout '0' is invalid. Using default page load timeout: '30'

2019-05-15 08:54:04 - [MESSAGE][PASSED] - Object 'Object Repository/ADMIN/Categories/Category List/button_Content Mgmt' is visible

2019-05-15 08:54:04 - [TEST_STEP][PASSED] - click: Object: 'Object Repository/ADMIN/Categories/Category List/button_Content Mgmt' is clicked on

2019-05-15 08:54:04 - [MESSAGE][PASSED] - Object: 'Object Repository/ADMIN/Categories/Category List/button_Content Mgmt' is clicked on

2019-05-15 08:54:04 - [TEST_STEP][PASSED] - waitForElementVisible: Object 'Object Repository/ADMIN/Categories/Category List/button_Categories' is visible

2019-05-15 08:54:04 - [MESSAGE][WARNING] - Timeout '0' is invalid. Using default page load timeout: '30'

2019-05-15 08:54:04 - [MESSAGE][PASSED] - Object 'Object Repository/ADMIN/Categories/Category List/button_Categories' is visible

2019-05-15 08:54:04 - [TEST_STEP][FAILED] - click: Unable to click on object 'Object Repository/ADMIN/Categories/Category List/button_Categories' (Root cause: org.openqa.selenium.ElementNotVisibleException: element not visible
  (Session info: chrome=74.0.3729.131)
  (Driver info: chromedriver=2.35.528161 (5b82f2d2aae0ca24b877009200ced9065a772e73),platform=Windows NT 6.1.7601 SP1 x86_64) (WARNING: The server did not provide any stacktrace information)
Command duration or timeout: 0 milliseconds
Build info: version: '3.7.1', revision: '8a0099a', time: '2017-11-06T21:07:36.161Z'
System info: host: 'ARCADIER-PC', ip: '10.10.31.95', os.name: 'Windows 7', os.arch: 'amd64', os.version: '6.1', java.version: '1.8.0_102'
Driver info: com.kms.katalon.core.webui.driver.ExistingRemoteWebDriver
Capabilities {javascriptEnabled: true, platform: ANY, platformName: ANY}
Session ID: 4cba786bf88613ee8a0544a4d9db771f)

2019-05-15 08:54:05 - [MESSAGE][FAILED] - Unable to click on object 'Object Repository/ADMIN/Categories/Category List/button_Categories' (Root cause: org.openqa.selenium.ElementNotVisibleException: element not visible
  (Session info: chrome=74.0.3729.131)
  (Driver info: chromedriver=2.35.528161 (5b82f2d2aae0ca24b877009200ced9065a772e73),platform=Windows NT 6.1.7601 SP1 x86_64) (WARNING: The server did not provide any stacktrace information)
Command duration or timeout: 0 milliseconds
Build info: version: '3.7.1', revision: '8a0099a', time: '2017-11-06T21:07:36.161Z'
System info: host: 'ARCADIER-PC', ip: '10.10.31.95', os.name: 'Windows 7', os.arch: 'amd64', os.version: '6.1', java.version: '1.8.0_102'
Driver info: com.kms.katalon.core.webui.driver.ExistingRemoteWebDriver
Capabilities {javascriptEnabled: true, platform: ANY, platformName: ANY}
Session ID: 4cba786bf88613ee8a0544a4d9db771f)
[[ATTACHMENT|C:\\Katalon\\Arctick\\Reports\\Suites\\Admin Add Category\\20190515_083232\\1557881645223.png]]

2019-05-15 08:54:05 - [TEST_STEP][PASSED] - waitForPageLoad: Wait for page load successfully

2019-05-15 08:54:05 - [MESSAGE][WARNING] - Timeout '0' is invalid. Using default page load timeout: '30'

2019-05-15 08:54:05 - [MESSAGE][PASSED] - Wait for page load successfully

2019-05-15 08:54:05 - [TEST_STEP][PASSED] - click: Object: 'Object Repository/ADMIN/Categories/Category List/button_Add a Category' is clicked on

2019-05-15 08:54:05 - [MESSAGE][PASSED] - Object: 'Object Repository/ADMIN/Categories/Category List/button_Add a Category' is clicked on

2019-05-15 08:54:05 - [TEST_STEP][PASSED] - waitForElementPresent: Object 'Object Repository/ADMIN/Categories/Category/dropdown_Parent' is present

2019-05-15 08:54:05 - [MESSAGE][PASSED] - Object 'Object Repository/ADMIN/Categories/Category/dropdown_Parent' is present

2019-05-15 08:54:05 - [TEST_STEP][PASSED] - delay: Delayed 1 second(s)

2019-05-15 08:54:06 - [MESSAGE][PASSED] - Delayed 1 second(s)

2019-05-15 08:54:06 - [TEST_STEP][PASSED] - setText: Text 'Category 4.4.1' is set on object 'Object Repository/ADMIN/Categories/Category/textfield_Category Name'

2019-05-15 08:54:06 - [MESSAGE][PASSED] - Text 'Category 4.4.1' is set on object 'Object Repository/ADMIN/Categories/Category/textfield_Category Name'

2019-05-15 08:54:06 - [TEST_STEP][PASSED] - click: Object: 'Object Repository/ADMIN/Categories/Category/dropdown_Parent' is clicked on

2019-05-15 08:54:06 - [MESSAGE][PASSED] - Object: 'Object Repository/ADMIN/Categories/Category/dropdown_Parent' is clicked on

2019-05-15 08:54:06 - [TEST_STEP][PASSED] - delay: Delayed 2 second(s)

2019-05-15 08:54:08 - [MESSAGE][PASSED] - Delayed 2 second(s)

2019-05-15 08:54:08 - [TEST_STEP][PASSED] - click: Object: 'Object Repository/ADMIN/Categories/Category/dropdown_Parent' is clicked on

2019-05-15 08:54:08 - [MESSAGE][PASSED] - Object: 'Object Repository/ADMIN/Categories/Category/dropdown_Parent' is clicked on

2019-05-15 08:54:08 - [TEST_STEP][PASSED] - selectOptionByLabel: All options with label 'Category 4.4' are selected in object 'Object Repository/ADMIN/Categories/Category/dropdown_Parent' 

2019-05-15 08:54:09 - [MESSAGE][PASSED] - All options with label 'Category 4.4' are selected in object 'Object Repository/ADMIN/Categories/Category/dropdown_Parent' 

2019-05-15 08:54:09 - [TEST_STEP][PASSED] - click: Object: 'Object Repository/ADMIN/Categories/Category/button_Browse' is clicked on

2019-05-15 08:54:09 - [MESSAGE][PASSED] - Object: 'Object Repository/ADMIN/Categories/Category/button_Browse' is clicked on

2019-05-15 08:54:09 - [TEST_STEP][PASSED] - delay: Delayed 1 second(s)

2019-05-15 08:54:10 - [MESSAGE][PASSED] - Delayed 1 second(s)

2019-05-15 08:54:10 - [TEST_STEP][PASSED] - uploadFile: File 'C:\\Katalon\\Image\\pic4.jpg' sent to object: 'Object Repository/ADMIN/Categories/Category/image_input image'

2019-05-15 08:54:10 - [MESSAGE][PASSED] - File 'C:\\Katalon\\Image\\pic4.jpg' sent to object: 'Object Repository/ADMIN/Categories/Category/image_input image'

2019-05-15 08:54:10 - [TEST_STEP][PASSED] - waitForElementVisible: Object 'Object Repository/ADMIN/Categories/Category/button_upload check' is visible

2019-05-15 08:54:10 - [MESSAGE][WARNING] - Timeout '0' is invalid. Using default page load timeout: '30'

2019-05-15 08:54:10 - [MESSAGE][PASSED] - Object 'Object Repository/ADMIN/Categories/Category/button_upload check' is visible

2019-05-15 08:54:10 - [TEST_STEP][PASSED] - click: Object: 'Object Repository/ADMIN/Categories/Category/button_upload check' is clicked on

2019-05-15 08:54:10 - [MESSAGE][PASSED] - Object: 'Object Repository/ADMIN/Categories/Category/button_upload check' is clicked on

2019-05-15 08:54:10 - [TEST_STEP][PASSED] - click: Object: 'Object Repository/ADMIN/Categories/Category/button_upload save' is clicked on

2019-05-15 08:54:10 - [MESSAGE][PASSED] - Object: 'Object Repository/ADMIN/Categories/Category/button_upload save' is clicked on

2019-05-15 08:54:10 - [TEST_STEP][FAILED] - waitForElementVisible: Unable to wait for object 'Object Repository/ADMIN/Categories/Category/button_upload save' to be visible (Root cause: org.openqa.selenium.StaleElementReferenceException: stale element reference: element is not attached to the page document
  (Session info: chrome=74.0.3729.131)
  (Driver info: chromedriver=2.35.528161 (5b82f2d2aae0ca24b877009200ced9065a772e73),platform=Windows NT 6.1.7601 SP1 x86_64) (WARNING: The server did not provide any stacktrace information)
Command duration or timeout: 0 milliseconds
For documentation on this error, please visit: http://seleniumhq.org/exceptions/stale_element_reference.html
Build info: version: '3.7.1', revision: '8a0099a', time: '2017-11-06T21:07:36.161Z'
System info: host: 'ARCADIER-PC', ip: '10.10.31.95', os.name: 'Windows 7', os.arch: 'amd64', os.version: '6.1', java.version: '1.8.0_102'
Driver info: com.kms.katalon.core.webui.driver.ExistingRemoteWebDriver
Capabilities {javascriptEnabled: true, platform: ANY, platformName: ANY}
Session ID: 4cba786bf88613ee8a0544a4d9db771f)

2019-05-15 08:54:10 - [MESSAGE][WARNING] - Timeout '0' is invalid. Using default page load timeout: '30'

2019-05-15 08:54:11 - [MESSAGE][FAILED] - Unable to wait for object 'Object Repository/ADMIN/Categories/Category/button_upload save' to be visible (Root cause: org.openqa.selenium.StaleElementReferenceException: stale element reference: element is not attached to the page document
  (Session info: chrome=74.0.3729.131)
  (Driver info: chromedriver=2.35.528161 (5b82f2d2aae0ca24b877009200ced9065a772e73),platform=Windows NT 6.1.7601 SP1 x86_64) (WARNING: The server did not provide any stacktrace information)
Command duration or timeout: 0 milliseconds
For documentation on this error, please visit: http://seleniumhq.org/exceptions/stale_element_reference.html
Build info: version: '3.7.1', revision: '8a0099a', time: '2017-11-06T21:07:36.161Z'
System info: host: 'ARCADIER-PC', ip: '10.10.31.95', os.name: 'Windows 7', os.arch: 'amd64', os.version: '6.1', java.version: '1.8.0_102'
Driver info: com.kms.katalon.core.webui.driver.ExistingRemoteWebDriver
Capabilities {javascriptEnabled: true, platform: ANY, platformName: ANY}
Session ID: 4cba786bf88613ee8a0544a4d9db771f)
[[ATTACHMENT|C:\\Katalon\\Arctick\\Reports\\Suites\\Admin Add Category\\20190515_083232\\1557881651377.png]]

2019-05-15 08:54:12 - [TEST_STEP][PASSED] - setText: Text 'Description53' is set on object 'Object Repository/ADMIN/Categories/Category/textfield_category_description'

2019-05-15 08:54:12 - [MESSAGE][PASSED] - Text 'Description53' is set on object 'Object Repository/ADMIN/Categories/Category/textfield_category_description'

2019-05-15 08:54:12 - [TEST_STEP][PASSED] - click: Object: 'Object Repository/ADMIN/Categories/Category/button_Save' is clicked on

2019-05-15 08:54:12 - [MESSAGE][PASSED] - Object: 'Object Repository/ADMIN/Categories/Category/button_Save' is clicked on

2019-05-15 08:54:12 - [TEST_STEP][PASSED] - waitForElementVisible: Object 'Object Repository/ADMIN/Categories/Category/label_edit popup' is visible

2019-05-15 08:54:12 - [MESSAGE][WARNING] - Timeout '0' is invalid. Using default page load timeout: '30'

2019-05-15 08:54:21 - [MESSAGE][PASSED] - Object 'Object Repository/ADMIN/Categories/Category/label_edit popup' is visible

2019-05-15 08:54:21 - [TEST_STEP][PASSED] - waitForElementNotPresent: Web element with id: 'Object Repository/ADMIN/Categories/Category/label_edit popup' located by 'By.xpath: //div[(text() = 'Category was successfully saved.' or . = 'Category was successfully saved.')]' is not present after '30' second(s)

2019-05-15 08:54:21 - [MESSAGE][WARNING] - Timeout '0' is invalid. Using default page load timeout: '30'

2019-05-15 08:54:27 - [MESSAGE][PASSED] - Web element with id: 'Object Repository/ADMIN/Categories/Category/label_edit popup' located by 'By.xpath: //div[(text() = 'Category was successfully saved.' or . = 'Category was successfully saved.')]' is not present after '30' second(s)]]></system-out>
         <system-err><![CDATA[2019-05-15 08:54:04 - [TEST_CASE][FAILED] - Test Cases/ADMIN/Content Mgmt/Categories/Category Add-Edit/Add Category: Test Cases/ADMIN/Content Mgmt/Categories/Category Add-Edit/Add Category FAILED because (of) Unable to click on object 'Object Repository/ADMIN/Categories/Category List/button_Categories' (Root cause: org.openqa.selenium.ElementNotVisibleException: element not visible
  (Session info: chrome=74.0.3729.131)
  (Driver info: chromedriver=2.35.528161 (5b82f2d2aae0ca24b877009200ced9065a772e73),platform=Windows NT 6.1.7601 SP1 x86_64) (WARNING: The server did not provide any stacktrace information)
Command duration or timeout: 0 milliseconds
Build info: version: '3.7.1', revision: '8a0099a', time: '2017-11-06T21:07:36.161Z'
System info: host: 'ARCADIER-PC', ip: '10.10.31.95', os.name: 'Windows 7', os.arch: 'amd64', os.version: '6.1', java.version: '1.8.0_102'
Driver info: com.kms.katalon.core.webui.driver.ExistingRemoteWebDriver
Capabilities {javascriptEnabled: true, platform: ANY, platformName: ANY}
Session ID: 4cba786bf88613ee8a0544a4d9db771f)]]></system-err>
      </testcase>
      <testcase name="Test Cases/ADMIN/Content Mgmt/Categories/Category Add-Edit/Add Category" classname="Test Cases/ADMIN/Content Mgmt/Categories/Category Add-Edit/Add Category" status="FAILED">
         <failure type="FAILED" message="Unable to click on object 'Object Repository/ADMIN/Categories/Category List/button_Categories' (Root cause: org.openqa.selenium.ElementNotVisibleException: element not visible
  (Session info: chrome=74.0.3729.131)
  (Driver info: chromedriver=2.35.528161 (5b82f2d2aae0ca24b877009200ced9065a772e73),platform=Windows NT 6.1.7601 SP1 x86_64) (WARNING: The server did not provide any stacktrace information)
Command duration or timeout: 0 milliseconds
Build info: version: '3.7.1', revision: '8a0099a', time: '2017-11-06T21:07:36.161Z'
System info: host: 'ARCADIER-PC', ip: '10.10.31.95', os.name: 'Windows 7', os.arch: 'amd64', os.version: '6.1', java.version: '1.8.0_102'
Driver info: com.kms.katalon.core.webui.driver.ExistingRemoteWebDriver
Capabilities {javascriptEnabled: true, platform: ANY, platformName: ANY}
Session ID: 4cba786bf88613ee8a0544a4d9db771f)"/>
         <system-out><![CDATA[2019-05-15 08:54:27 - [TEST_CASE][FAILED] - Test Cases/ADMIN/Content Mgmt/Categories/Category Add-Edit/Add Category: Test Cases/ADMIN/Content Mgmt/Categories/Category Add-Edit/Add Category FAILED because (of) Unable to click on object 'Object Repository/ADMIN/Categories/Category List/button_Categories' (Root cause: org.openqa.selenium.ElementNotVisibleException: element not visible
  (Session info: chrome=74.0.3729.131)
  (Driver info: chromedriver=2.35.528161 (5b82f2d2aae0ca24b877009200ced9065a772e73),platform=Windows NT 6.1.7601 SP1 x86_64) (WARNING: The server did not provide any stacktrace information)
Command duration or timeout: 0 milliseconds
Build info: version: '3.7.1', revision: '8a0099a', time: '2017-11-06T21:07:36.161Z'
System info: host: 'ARCADIER-PC', ip: '10.10.31.95', os.name: 'Windows 7', os.arch: 'amd64', os.version: '6.1', java.version: '1.8.0_102'
Driver info: com.kms.katalon.core.webui.driver.ExistingRemoteWebDriver
Capabilities {javascriptEnabled: true, platform: ANY, platformName: ANY}
Session ID: 4cba786bf88613ee8a0544a4d9db771f)

2019-05-15 08:54:27 - [TEST_STEP][PASSED] - waitForElementVisible: Object 'Object Repository/ADMIN/Categories/Category List/button_Content Mgmt' is visible

2019-05-15 08:54:27 - [MESSAGE][WARNING] - Timeout '0' is invalid. Using default page load timeout: '30'

2019-05-15 08:54:27 - [MESSAGE][PASSED] - Object 'Object Repository/ADMIN/Categories/Category List/button_Content Mgmt' is visible

2019-05-15 08:54:27 - [TEST_STEP][PASSED] - click: Object: 'Object Repository/ADMIN/Categories/Category List/button_Content Mgmt' is clicked on

2019-05-15 08:54:28 - [MESSAGE][PASSED] - Object: 'Object Repository/ADMIN/Categories/Category List/button_Content Mgmt' is clicked on

2019-05-15 08:54:28 - [TEST_STEP][PASSED] - waitForElementVisible: Object 'Object Repository/ADMIN/Categories/Category List/button_Categories' is visible

2019-05-15 08:54:28 - [MESSAGE][WARNING] - Timeout '0' is invalid. Using default page load timeout: '30'

2019-05-15 08:54:28 - [MESSAGE][PASSED] - Object 'Object Repository/ADMIN/Categories/Category List/button_Categories' is visible

2019-05-15 08:54:28 - [TEST_STEP][FAILED] - click: Unable to click on object 'Object Repository/ADMIN/Categories/Category List/button_Categories' (Root cause: org.openqa.selenium.ElementNotVisibleException: element not visible
  (Session info: chrome=74.0.3729.131)
  (Driver info: chromedriver=2.35.528161 (5b82f2d2aae0ca24b877009200ced9065a772e73),platform=Windows NT 6.1.7601 SP1 x86_64) (WARNING: The server did not provide any stacktrace information)
Command duration or timeout: 0 milliseconds
Build info: version: '3.7.1', revision: '8a0099a', time: '2017-11-06T21:07:36.161Z'
System info: host: 'ARCADIER-PC', ip: '10.10.31.95', os.name: 'Windows 7', os.arch: 'amd64', os.version: '6.1', java.version: '1.8.0_102'
Driver info: com.kms.katalon.core.webui.driver.ExistingRemoteWebDriver
Capabilities {javascriptEnabled: true, platform: ANY, platformName: ANY}
Session ID: 4cba786bf88613ee8a0544a4d9db771f)

2019-05-15 08:54:28 - [MESSAGE][FAILED] - Unable to click on object 'Object Repository/ADMIN/Categories/Category List/button_Categories' (Root cause: org.openqa.selenium.ElementNotVisibleException: element not visible
  (Session info: chrome=74.0.3729.131)
  (Driver info: chromedriver=2.35.528161 (5b82f2d2aae0ca24b877009200ced9065a772e73),platform=Windows NT 6.1.7601 SP1 x86_64) (WARNING: The server did not provide any stacktrace information)
Command duration or timeout: 0 milliseconds
Build info: version: '3.7.1', revision: '8a0099a', time: '2017-11-06T21:07:36.161Z'
System info: host: 'ARCADIER-PC', ip: '10.10.31.95', os.name: 'Windows 7', os.arch: 'amd64', os.version: '6.1', java.version: '1.8.0_102'
Driver info: com.kms.katalon.core.webui.driver.ExistingRemoteWebDriver
Capabilities {javascriptEnabled: true, platform: ANY, platformName: ANY}
Session ID: 4cba786bf88613ee8a0544a4d9db771f)
[[ATTACHMENT|C:\\Katalon\\Arctick\\Reports\\Suites\\Admin Add Category\\20190515_083232\\1557881668297.png]]

2019-05-15 08:54:28 - [TEST_STEP][PASSED] - waitForPageLoad: Wait for page load successfully

2019-05-15 08:54:28 - [MESSAGE][WARNING] - Timeout '0' is invalid. Using default page load timeout: '30'

2019-05-15 08:54:28 - [MESSAGE][PASSED] - Wait for page load successfully

2019-05-15 08:54:28 - [TEST_STEP][PASSED] - click: Object: 'Object Repository/ADMIN/Categories/Category List/button_Add a Category' is clicked on

2019-05-15 08:54:28 - [MESSAGE][PASSED] - Object: 'Object Repository/ADMIN/Categories/Category List/button_Add a Category' is clicked on

2019-05-15 08:54:28 - [TEST_STEP][PASSED] - waitForElementPresent: Object 'Object Repository/ADMIN/Categories/Category/dropdown_Parent' is present

2019-05-15 08:54:28 - [MESSAGE][PASSED] - Object 'Object Repository/ADMIN/Categories/Category/dropdown_Parent' is present

2019-05-15 08:54:28 - [TEST_STEP][PASSED] - delay: Delayed 1 second(s)

2019-05-15 08:54:29 - [MESSAGE][PASSED] - Delayed 1 second(s)

2019-05-15 08:54:29 - [TEST_STEP][PASSED] - setText: Text 'Category 4.4.2' is set on object 'Object Repository/ADMIN/Categories/Category/textfield_Category Name'

2019-05-15 08:54:29 - [MESSAGE][PASSED] - Text 'Category 4.4.2' is set on object 'Object Repository/ADMIN/Categories/Category/textfield_Category Name'

2019-05-15 08:54:29 - [TEST_STEP][PASSED] - click: Object: 'Object Repository/ADMIN/Categories/Category/dropdown_Parent' is clicked on

2019-05-15 08:54:30 - [MESSAGE][PASSED] - Object: 'Object Repository/ADMIN/Categories/Category/dropdown_Parent' is clicked on

2019-05-15 08:54:30 - [TEST_STEP][PASSED] - delay: Delayed 2 second(s)

2019-05-15 08:54:32 - [MESSAGE][PASSED] - Delayed 2 second(s)

2019-05-15 08:54:32 - [TEST_STEP][PASSED] - click: Object: 'Object Repository/ADMIN/Categories/Category/dropdown_Parent' is clicked on

2019-05-15 08:54:32 - [MESSAGE][PASSED] - Object: 'Object Repository/ADMIN/Categories/Category/dropdown_Parent' is clicked on

2019-05-15 08:54:32 - [TEST_STEP][PASSED] - selectOptionByLabel: All options with label 'Category 4.4' are selected in object 'Object Repository/ADMIN/Categories/Category/dropdown_Parent' 

2019-05-15 08:54:32 - [MESSAGE][PASSED] - All options with label 'Category 4.4' are selected in object 'Object Repository/ADMIN/Categories/Category/dropdown_Parent' 

2019-05-15 08:54:32 - [TEST_STEP][PASSED] - click: Object: 'Object Repository/ADMIN/Categories/Category/button_Browse' is clicked on

2019-05-15 08:54:32 - [MESSAGE][PASSED] - Object: 'Object Repository/ADMIN/Categories/Category/button_Browse' is clicked on

2019-05-15 08:54:32 - [TEST_STEP][PASSED] - delay: Delayed 1 second(s)

2019-05-15 08:54:33 - [MESSAGE][PASSED] - Delayed 1 second(s)

2019-05-15 08:54:33 - [TEST_STEP][PASSED] - uploadFile: File 'C:\\Katalon\\Image\\pic5.jpg' sent to object: 'Object Repository/ADMIN/Categories/Category/image_input image'

2019-05-15 08:54:33 - [MESSAGE][PASSED] - File 'C:\\Katalon\\Image\\pic5.jpg' sent to object: 'Object Repository/ADMIN/Categories/Category/image_input image'

2019-05-15 08:54:33 - [TEST_STEP][PASSED] - waitForElementVisible: Object 'Object Repository/ADMIN/Categories/Category/button_upload check' is visible

2019-05-15 08:54:33 - [MESSAGE][WARNING] - Timeout '0' is invalid. Using default page load timeout: '30'

2019-05-15 08:54:33 - [MESSAGE][PASSED] - Object 'Object Repository/ADMIN/Categories/Category/button_upload check' is visible

2019-05-15 08:54:33 - [TEST_STEP][PASSED] - click: Object: 'Object Repository/ADMIN/Categories/Category/button_upload check' is clicked on

2019-05-15 08:54:33 - [MESSAGE][PASSED] - Object: 'Object Repository/ADMIN/Categories/Category/button_upload check' is clicked on

2019-05-15 08:54:33 - [TEST_STEP][PASSED] - click: Object: 'Object Repository/ADMIN/Categories/Category/button_upload save' is clicked on

2019-05-15 08:54:34 - [MESSAGE][PASSED] - Object: 'Object Repository/ADMIN/Categories/Category/button_upload save' is clicked on

2019-05-15 08:54:34 - [TEST_STEP][PASSED] - waitForElementVisible: Object 'Object Repository/ADMIN/Categories/Category/button_upload save' is visible

2019-05-15 08:54:34 - [MESSAGE][WARNING] - Timeout '0' is invalid. Using default page load timeout: '30'

2019-05-15 08:54:34 - [MESSAGE][PASSED] - Object 'Object Repository/ADMIN/Categories/Category/button_upload save' is visible

2019-05-15 08:54:34 - [TEST_STEP][PASSED] - setText: Text 'Description54' is set on object 'Object Repository/ADMIN/Categories/Category/textfield_category_description'

2019-05-15 08:54:34 - [MESSAGE][PASSED] - Text 'Description54' is set on object 'Object Repository/ADMIN/Categories/Category/textfield_category_description'

2019-05-15 08:54:34 - [TEST_STEP][PASSED] - click: Object: 'Object Repository/ADMIN/Categories/Category/button_Save' is clicked on

2019-05-15 08:54:35 - [MESSAGE][PASSED] - Object: 'Object Repository/ADMIN/Categories/Category/button_Save' is clicked on

2019-05-15 08:54:35 - [TEST_STEP][PASSED] - waitForElementVisible: Object 'Object Repository/ADMIN/Categories/Category/label_edit popup' is visible

2019-05-15 08:54:35 - [MESSAGE][WARNING] - Timeout '0' is invalid. Using default page load timeout: '30'

2019-05-15 08:54:38 - [MESSAGE][PASSED] - Object 'Object Repository/ADMIN/Categories/Category/label_edit popup' is visible

2019-05-15 08:54:38 - [TEST_STEP][PASSED] - waitForElementNotPresent: Web element with id: 'Object Repository/ADMIN/Categories/Category/label_edit popup' located by 'By.xpath: //div[(text() = 'Category was successfully saved.' or . = 'Category was successfully saved.')]' is not present after '30' second(s)

2019-05-15 08:54:38 - [MESSAGE][WARNING] - Timeout '0' is invalid. Using default page load timeout: '30'

2019-05-15 08:54:44 - [MESSAGE][PASSED] - Web element with id: 'Object Repository/ADMIN/Categories/Category/label_edit popup' located by 'By.xpath: //div[(text() = 'Category was successfully saved.' or . = 'Category was successfully saved.')]' is not present after '30' second(s)]]></system-out>
         <system-err><![CDATA[2019-05-15 08:54:27 - [TEST_CASE][FAILED] - Test Cases/ADMIN/Content Mgmt/Categories/Category Add-Edit/Add Category: Test Cases/ADMIN/Content Mgmt/Categories/Category Add-Edit/Add Category FAILED because (of) Unable to click on object 'Object Repository/ADMIN/Categories/Category List/button_Categories' (Root cause: org.openqa.selenium.ElementNotVisibleException: element not visible
  (Session info: chrome=74.0.3729.131)
  (Driver info: chromedriver=2.35.528161 (5b82f2d2aae0ca24b877009200ced9065a772e73),platform=Windows NT 6.1.7601 SP1 x86_64) (WARNING: The server did not provide any stacktrace information)
Command duration or timeout: 0 milliseconds
Build info: version: '3.7.1', revision: '8a0099a', time: '2017-11-06T21:07:36.161Z'
System info: host: 'ARCADIER-PC', ip: '10.10.31.95', os.name: 'Windows 7', os.arch: 'amd64', os.version: '6.1', java.version: '1.8.0_102'
Driver info: com.kms.katalon.core.webui.driver.ExistingRemoteWebDriver
Capabilities {javascriptEnabled: true, platform: ANY, platformName: ANY}
Session ID: 4cba786bf88613ee8a0544a4d9db771f)]]></system-err>
      </testcase>
      <testcase name="Test Cases/ADMIN/Content Mgmt/Categories/Category Add-Edit/Add Category" classname="Test Cases/ADMIN/Content Mgmt/Categories/Category Add-Edit/Add Category" status="PASSED">
         <system-out><![CDATA[2019-05-15 08:54:44 - [TEST_CASE][PASSED] - Test Cases/ADMIN/Content Mgmt/Categories/Category Add-Edit/Add Category: Test Cases/ADMIN/Content Mgmt/Categories/Category Add-Edit/Add Category

2019-05-15 08:54:44 - [TEST_STEP][PASSED] - waitForElementVisible: Object 'Object Repository/ADMIN/Categories/Category List/button_Content Mgmt' is visible

2019-05-15 08:54:44 - [MESSAGE][WARNING] - Timeout '0' is invalid. Using default page load timeout: '30'

2019-05-15 08:54:44 - [MESSAGE][PASSED] - Object 'Object Repository/ADMIN/Categories/Category List/button_Content Mgmt' is visible

2019-05-15 08:54:44 - [TEST_STEP][PASSED] - click: Object: 'Object Repository/ADMIN/Categories/Category List/button_Content Mgmt' is clicked on

2019-05-15 08:54:44 - [MESSAGE][PASSED] - Object: 'Object Repository/ADMIN/Categories/Category List/button_Content Mgmt' is clicked on

2019-05-15 08:54:44 - [TEST_STEP][PASSED] - waitForElementVisible: Object 'Object Repository/ADMIN/Categories/Category List/button_Categories' is visible

2019-05-15 08:54:44 - [MESSAGE][WARNING] - Timeout '0' is invalid. Using default page load timeout: '30'

2019-05-15 08:54:44 - [MESSAGE][PASSED] - Object 'Object Repository/ADMIN/Categories/Category List/button_Categories' is visible

2019-05-15 08:54:44 - [TEST_STEP][PASSED] - click: Object: 'Object Repository/ADMIN/Categories/Category List/button_Categories' is clicked on

2019-05-15 08:54:58 - [MESSAGE][PASSED] - Object: 'Object Repository/ADMIN/Categories/Category List/button_Categories' is clicked on

2019-05-15 08:54:58 - [TEST_STEP][PASSED] - waitForPageLoad: Wait for page load successfully

2019-05-15 08:54:58 - [MESSAGE][WARNING] - Timeout '0' is invalid. Using default page load timeout: '30'

2019-05-15 08:54:58 - [MESSAGE][PASSED] - Wait for page load successfully

2019-05-15 08:54:58 - [TEST_STEP][PASSED] - click: Object: 'Object Repository/ADMIN/Categories/Category List/button_Add a Category' is clicked on

2019-05-15 08:54:58 - [MESSAGE][PASSED] - Object: 'Object Repository/ADMIN/Categories/Category List/button_Add a Category' is clicked on

2019-05-15 08:54:58 - [TEST_STEP][PASSED] - waitForElementPresent: Object 'Object Repository/ADMIN/Categories/Category/dropdown_Parent' is present

2019-05-15 08:54:58 - [MESSAGE][PASSED] - Object 'Object Repository/ADMIN/Categories/Category/dropdown_Parent' is present

2019-05-15 08:54:58 - [TEST_STEP][PASSED] - delay: Delayed 1 second(s)

2019-05-15 08:54:59 - [MESSAGE][PASSED] - Delayed 1 second(s)

2019-05-15 08:54:59 - [TEST_STEP][PASSED] - setText: Text 'Category 4.4.3' is set on object 'Object Repository/ADMIN/Categories/Category/textfield_Category Name'

2019-05-15 08:55:00 - [MESSAGE][PASSED] - Text 'Category 4.4.3' is set on object 'Object Repository/ADMIN/Categories/Category/textfield_Category Name'

2019-05-15 08:55:00 - [TEST_STEP][PASSED] - click: Object: 'Object Repository/ADMIN/Categories/Category/dropdown_Parent' is clicked on

2019-05-15 08:55:00 - [MESSAGE][PASSED] - Object: 'Object Repository/ADMIN/Categories/Category/dropdown_Parent' is clicked on

2019-05-15 08:55:00 - [TEST_STEP][PASSED] - delay: Delayed 2 second(s)

2019-05-15 08:55:02 - [MESSAGE][PASSED] - Delayed 2 second(s)

2019-05-15 08:55:02 - [TEST_STEP][PASSED] - click: Object: 'Object Repository/ADMIN/Categories/Category/dropdown_Parent' is clicked on

2019-05-15 08:55:02 - [MESSAGE][PASSED] - Object: 'Object Repository/ADMIN/Categories/Category/dropdown_Parent' is clicked on

2019-05-15 08:55:02 - [TEST_STEP][PASSED] - selectOptionByLabel: All options with label 'Category 4.4' are selected in object 'Object Repository/ADMIN/Categories/Category/dropdown_Parent' 

2019-05-15 08:55:02 - [MESSAGE][PASSED] - All options with label 'Category 4.4' are selected in object 'Object Repository/ADMIN/Categories/Category/dropdown_Parent' 

2019-05-15 08:55:02 - [TEST_STEP][PASSED] - click: Object: 'Object Repository/ADMIN/Categories/Category/button_Browse' is clicked on

2019-05-15 08:55:02 - [MESSAGE][PASSED] - Object: 'Object Repository/ADMIN/Categories/Category/button_Browse' is clicked on

2019-05-15 08:55:02 - [TEST_STEP][PASSED] - delay: Delayed 1 second(s)

2019-05-15 08:55:03 - [MESSAGE][PASSED] - Delayed 1 second(s)

2019-05-15 08:55:03 - [TEST_STEP][PASSED] - uploadFile: File 'C:\\Katalon\\Image\\pic6.jpg' sent to object: 'Object Repository/ADMIN/Categories/Category/image_input image'

2019-05-15 08:55:03 - [MESSAGE][PASSED] - File 'C:\\Katalon\\Image\\pic6.jpg' sent to object: 'Object Repository/ADMIN/Categories/Category/image_input image'

2019-05-15 08:55:03 - [TEST_STEP][PASSED] - waitForElementVisible: Object 'Object Repository/ADMIN/Categories/Category/button_upload check' is visible

2019-05-15 08:55:03 - [MESSAGE][WARNING] - Timeout '0' is invalid. Using default page load timeout: '30'

2019-05-15 08:55:03 - [MESSAGE][PASSED] - Object 'Object Repository/ADMIN/Categories/Category/button_upload check' is visible

2019-05-15 08:55:03 - [TEST_STEP][PASSED] - click: Object: 'Object Repository/ADMIN/Categories/Category/button_upload check' is clicked on

2019-05-15 08:55:03 - [MESSAGE][PASSED] - Object: 'Object Repository/ADMIN/Categories/Category/button_upload check' is clicked on

2019-05-15 08:55:03 - [TEST_STEP][PASSED] - click: Object: 'Object Repository/ADMIN/Categories/Category/button_upload save' is clicked on

2019-05-15 08:55:03 - [MESSAGE][PASSED] - Object: 'Object Repository/ADMIN/Categories/Category/button_upload save' is clicked on

2019-05-15 08:55:03 - [TEST_STEP][PASSED] - waitForElementVisible: Object 'Object Repository/ADMIN/Categories/Category/button_upload save' is visible

2019-05-15 08:55:03 - [MESSAGE][WARNING] - Timeout '0' is invalid. Using default page load timeout: '30'

2019-05-15 08:55:03 - [MESSAGE][PASSED] - Object 'Object Repository/ADMIN/Categories/Category/button_upload save' is visible

2019-05-15 08:55:03 - [TEST_STEP][PASSED] - setText: Text 'Description55' is set on object 'Object Repository/ADMIN/Categories/Category/textfield_category_description'

2019-05-15 08:55:03 - [MESSAGE][PASSED] - Text 'Description55' is set on object 'Object Repository/ADMIN/Categories/Category/textfield_category_description'

2019-05-15 08:55:03 - [TEST_STEP][PASSED] - click: Object: 'Object Repository/ADMIN/Categories/Category/button_Save' is clicked on

2019-05-15 08:55:04 - [MESSAGE][PASSED] - Object: 'Object Repository/ADMIN/Categories/Category/button_Save' is clicked on

2019-05-15 08:55:04 - [TEST_STEP][PASSED] - waitForElementVisible: Object 'Object Repository/ADMIN/Categories/Category/label_edit popup' is visible

2019-05-15 08:55:04 - [MESSAGE][WARNING] - Timeout '0' is invalid. Using default page load timeout: '30'

2019-05-15 08:55:05 - [MESSAGE][PASSED] - Object 'Object Repository/ADMIN/Categories/Category/label_edit popup' is visible

2019-05-15 08:55:05 - [TEST_STEP][PASSED] - waitForElementNotPresent: Web element with id: 'Object Repository/ADMIN/Categories/Category/label_edit popup' located by 'By.xpath: //div[(text() = 'Category was successfully saved.' or . = 'Category was successfully saved.')]' is not present after '30' second(s)

2019-05-15 08:55:05 - [MESSAGE][WARNING] - Timeout '0' is invalid. Using default page load timeout: '30'

2019-05-15 08:55:11 - [MESSAGE][PASSED] - Web element with id: 'Object Repository/ADMIN/Categories/Category/label_edit popup' located by 'By.xpath: //div[(text() = 'Category was successfully saved.' or . = 'Category was successfully saved.')]' is not present after '30' second(s)]]></system-out>
         <system-err><![CDATA[]]></system-err>
      </testcase>
      <testcase name="Test Cases/ADMIN/Content Mgmt/Categories/Category Add-Edit/Add Category" classname="Test Cases/ADMIN/Content Mgmt/Categories/Category Add-Edit/Add Category" status="FAILED">
         <failure type="FAILED" message="Unable to click on object 'Object Repository/ADMIN/Categories/Category List/button_Categories' (Root cause: org.openqa.selenium.ElementNotVisibleException: element not visible
  (Session info: chrome=74.0.3729.131)
  (Driver info: chromedriver=2.35.528161 (5b82f2d2aae0ca24b877009200ced9065a772e73),platform=Windows NT 6.1.7601 SP1 x86_64) (WARNING: The server did not provide any stacktrace information)
Command duration or timeout: 0 milliseconds
Build info: version: '3.7.1', revision: '8a0099a', time: '2017-11-06T21:07:36.161Z'
System info: host: 'ARCADIER-PC', ip: '10.10.31.95', os.name: 'Windows 7', os.arch: 'amd64', os.version: '6.1', java.version: '1.8.0_102'
Driver info: com.kms.katalon.core.webui.driver.ExistingRemoteWebDriver
Capabilities {javascriptEnabled: true, platform: ANY, platformName: ANY}
Session ID: 4cba786bf88613ee8a0544a4d9db771f)"/>
         <system-out><![CDATA[2019-05-15 08:55:11 - [TEST_CASE][FAILED] - Test Cases/ADMIN/Content Mgmt/Categories/Category Add-Edit/Add Category: Test Cases/ADMIN/Content Mgmt/Categories/Category Add-Edit/Add Category FAILED because (of) Unable to click on object 'Object Repository/ADMIN/Categories/Category List/button_Categories' (Root cause: org.openqa.selenium.ElementNotVisibleException: element not visible
  (Session info: chrome=74.0.3729.131)
  (Driver info: chromedriver=2.35.528161 (5b82f2d2aae0ca24b877009200ced9065a772e73),platform=Windows NT 6.1.7601 SP1 x86_64) (WARNING: The server did not provide any stacktrace information)
Command duration or timeout: 0 milliseconds
Build info: version: '3.7.1', revision: '8a0099a', time: '2017-11-06T21:07:36.161Z'
System info: host: 'ARCADIER-PC', ip: '10.10.31.95', os.name: 'Windows 7', os.arch: 'amd64', os.version: '6.1', java.version: '1.8.0_102'
Driver info: com.kms.katalon.core.webui.driver.ExistingRemoteWebDriver
Capabilities {javascriptEnabled: true, platform: ANY, platformName: ANY}
Session ID: 4cba786bf88613ee8a0544a4d9db771f)

2019-05-15 08:55:11 - [TEST_STEP][PASSED] - waitForElementVisible: Object 'Object Repository/ADMIN/Categories/Category List/button_Content Mgmt' is visible

2019-05-15 08:55:11 - [MESSAGE][WARNING] - Timeout '0' is invalid. Using default page load timeout: '30'

2019-05-15 08:55:11 - [MESSAGE][PASSED] - Object 'Object Repository/ADMIN/Categories/Category List/button_Content Mgmt' is visible

2019-05-15 08:55:11 - [TEST_STEP][PASSED] - click: Object: 'Object Repository/ADMIN/Categories/Category List/button_Content Mgmt' is clicked on

2019-05-15 08:55:11 - [MESSAGE][PASSED] - Object: 'Object Repository/ADMIN/Categories/Category List/button_Content Mgmt' is clicked on

2019-05-15 08:55:11 - [TEST_STEP][PASSED] - waitForElementVisible: Object 'Object Repository/ADMIN/Categories/Category List/button_Categories' is visible

2019-05-15 08:55:11 - [MESSAGE][WARNING] - Timeout '0' is invalid. Using default page load timeout: '30'

2019-05-15 08:55:11 - [MESSAGE][PASSED] - Object 'Object Repository/ADMIN/Categories/Category List/button_Categories' is visible

2019-05-15 08:55:11 - [TEST_STEP][FAILED] - click: Unable to click on object 'Object Repository/ADMIN/Categories/Category List/button_Categories' (Root cause: org.openqa.selenium.ElementNotVisibleException: element not visible
  (Session info: chrome=74.0.3729.131)
  (Driver info: chromedriver=2.35.528161 (5b82f2d2aae0ca24b877009200ced9065a772e73),platform=Windows NT 6.1.7601 SP1 x86_64) (WARNING: The server did not provide any stacktrace information)
Command duration or timeout: 0 milliseconds
Build info: version: '3.7.1', revision: '8a0099a', time: '2017-11-06T21:07:36.161Z'
System info: host: 'ARCADIER-PC', ip: '10.10.31.95', os.name: 'Windows 7', os.arch: 'amd64', os.version: '6.1', java.version: '1.8.0_102'
Driver info: com.kms.katalon.core.webui.driver.ExistingRemoteWebDriver
Capabilities {javascriptEnabled: true, platform: ANY, platformName: ANY}
Session ID: 4cba786bf88613ee8a0544a4d9db771f)

2019-05-15 08:55:12 - [MESSAGE][FAILED] - Unable to click on object 'Object Repository/ADMIN/Categories/Category List/button_Categories' (Root cause: org.openqa.selenium.ElementNotVisibleException: element not visible
  (Session info: chrome=74.0.3729.131)
  (Driver info: chromedriver=2.35.528161 (5b82f2d2aae0ca24b877009200ced9065a772e73),platform=Windows NT 6.1.7601 SP1 x86_64) (WARNING: The server did not provide any stacktrace information)
Command duration or timeout: 0 milliseconds
Build info: version: '3.7.1', revision: '8a0099a', time: '2017-11-06T21:07:36.161Z'
System info: host: 'ARCADIER-PC', ip: '10.10.31.95', os.name: 'Windows 7', os.arch: 'amd64', os.version: '6.1', java.version: '1.8.0_102'
Driver info: com.kms.katalon.core.webui.driver.ExistingRemoteWebDriver
Capabilities {javascriptEnabled: true, platform: ANY, platformName: ANY}
Session ID: 4cba786bf88613ee8a0544a4d9db771f)
[[ATTACHMENT|C:\\Katalon\\Arctick\\Reports\\Suites\\Admin Add Category\\20190515_083232\\1557881711637.png]]

2019-05-15 08:55:12 - [TEST_STEP][PASSED] - waitForPageLoad: Wait for page load successfully

2019-05-15 08:55:12 - [MESSAGE][WARNING] - Timeout '0' is invalid. Using default page load timeout: '30'

2019-05-15 08:55:12 - [MESSAGE][PASSED] - Wait for page load successfully

2019-05-15 08:55:12 - [TEST_STEP][PASSED] - click: Object: 'Object Repository/ADMIN/Categories/Category List/button_Add a Category' is clicked on

2019-05-15 08:55:12 - [MESSAGE][PASSED] - Object: 'Object Repository/ADMIN/Categories/Category List/button_Add a Category' is clicked on

2019-05-15 08:55:12 - [TEST_STEP][PASSED] - waitForElementPresent: Object 'Object Repository/ADMIN/Categories/Category/dropdown_Parent' is present

2019-05-15 08:55:12 - [MESSAGE][PASSED] - Object 'Object Repository/ADMIN/Categories/Category/dropdown_Parent' is present

2019-05-15 08:55:12 - [TEST_STEP][PASSED] - delay: Delayed 1 second(s)

2019-05-15 08:55:13 - [MESSAGE][PASSED] - Delayed 1 second(s)

2019-05-15 08:55:13 - [TEST_STEP][PASSED] - setText: Text 'Category 4.5' is set on object 'Object Repository/ADMIN/Categories/Category/textfield_Category Name'

2019-05-15 08:55:13 - [MESSAGE][PASSED] - Text 'Category 4.5' is set on object 'Object Repository/ADMIN/Categories/Category/textfield_Category Name'

2019-05-15 08:55:13 - [TEST_STEP][PASSED] - click: Object: 'Object Repository/ADMIN/Categories/Category/dropdown_Parent' is clicked on

2019-05-15 08:55:13 - [MESSAGE][PASSED] - Object: 'Object Repository/ADMIN/Categories/Category/dropdown_Parent' is clicked on

2019-05-15 08:55:13 - [TEST_STEP][PASSED] - delay: Delayed 2 second(s)

2019-05-15 08:55:15 - [MESSAGE][PASSED] - Delayed 2 second(s)

2019-05-15 08:55:15 - [TEST_STEP][PASSED] - click: Object: 'Object Repository/ADMIN/Categories/Category/dropdown_Parent' is clicked on

2019-05-15 08:55:15 - [MESSAGE][PASSED] - Object: 'Object Repository/ADMIN/Categories/Category/dropdown_Parent' is clicked on

2019-05-15 08:55:15 - [TEST_STEP][PASSED] - selectOptionByLabel: All options with label 'Category 4' are selected in object 'Object Repository/ADMIN/Categories/Category/dropdown_Parent' 

2019-05-15 08:55:15 - [MESSAGE][PASSED] - All options with label 'Category 4' are selected in object 'Object Repository/ADMIN/Categories/Category/dropdown_Parent' 

2019-05-15 08:55:15 - [TEST_STEP][PASSED] - click: Object: 'Object Repository/ADMIN/Categories/Category/button_Browse' is clicked on

2019-05-15 08:55:15 - [MESSAGE][PASSED] - Object: 'Object Repository/ADMIN/Categories/Category/button_Browse' is clicked on

2019-05-15 08:55:15 - [TEST_STEP][PASSED] - delay: Delayed 1 second(s)

2019-05-15 08:55:16 - [MESSAGE][PASSED] - Delayed 1 second(s)

2019-05-15 08:55:16 - [TEST_STEP][PASSED] - uploadFile: File 'C:\\Katalon\\Image\\pic7.jpg' sent to object: 'Object Repository/ADMIN/Categories/Category/image_input image'

2019-05-15 08:55:16 - [MESSAGE][PASSED] - File 'C:\\Katalon\\Image\\pic7.jpg' sent to object: 'Object Repository/ADMIN/Categories/Category/image_input image'

2019-05-15 08:55:16 - [TEST_STEP][PASSED] - waitForElementVisible: Object 'Object Repository/ADMIN/Categories/Category/button_upload check' is visible

2019-05-15 08:55:16 - [MESSAGE][WARNING] - Timeout '0' is invalid. Using default page load timeout: '30'

2019-05-15 08:55:16 - [MESSAGE][PASSED] - Object 'Object Repository/ADMIN/Categories/Category/button_upload check' is visible

2019-05-15 08:55:16 - [TEST_STEP][PASSED] - click: Object: 'Object Repository/ADMIN/Categories/Category/button_upload check' is clicked on

2019-05-15 08:55:17 - [MESSAGE][PASSED] - Object: 'Object Repository/ADMIN/Categories/Category/button_upload check' is clicked on

2019-05-15 08:55:17 - [TEST_STEP][PASSED] - click: Object: 'Object Repository/ADMIN/Categories/Category/button_upload save' is clicked on

2019-05-15 08:55:17 - [MESSAGE][PASSED] - Object: 'Object Repository/ADMIN/Categories/Category/button_upload save' is clicked on

2019-05-15 08:55:17 - [TEST_STEP][FAILED] - waitForElementVisible: Unable to wait for object 'Object Repository/ADMIN/Categories/Category/button_upload save' to be visible (Root cause: org.openqa.selenium.StaleElementReferenceException: stale element reference: element is not attached to the page document
  (Session info: chrome=74.0.3729.131)
  (Driver info: chromedriver=2.35.528161 (5b82f2d2aae0ca24b877009200ced9065a772e73),platform=Windows NT 6.1.7601 SP1 x86_64) (WARNING: The server did not provide any stacktrace information)
Command duration or timeout: 0 milliseconds
For documentation on this error, please visit: http://seleniumhq.org/exceptions/stale_element_reference.html
Build info: version: '3.7.1', revision: '8a0099a', time: '2017-11-06T21:07:36.161Z'
System info: host: 'ARCADIER-PC', ip: '10.10.31.95', os.name: 'Windows 7', os.arch: 'amd64', os.version: '6.1', java.version: '1.8.0_102'
Driver info: com.kms.katalon.core.webui.driver.ExistingRemoteWebDriver
Capabilities {javascriptEnabled: true, platform: ANY, platformName: ANY}
Session ID: 4cba786bf88613ee8a0544a4d9db771f)

2019-05-15 08:55:17 - [MESSAGE][WARNING] - Timeout '0' is invalid. Using default page load timeout: '30'

2019-05-15 08:55:18 - [MESSAGE][FAILED] - Unable to wait for object 'Object Repository/ADMIN/Categories/Category/button_upload save' to be visible (Root cause: org.openqa.selenium.StaleElementReferenceException: stale element reference: element is not attached to the page document
  (Session info: chrome=74.0.3729.131)
  (Driver info: chromedriver=2.35.528161 (5b82f2d2aae0ca24b877009200ced9065a772e73),platform=Windows NT 6.1.7601 SP1 x86_64) (WARNING: The server did not provide any stacktrace information)
Command duration or timeout: 0 milliseconds
For documentation on this error, please visit: http://seleniumhq.org/exceptions/stale_element_reference.html
Build info: version: '3.7.1', revision: '8a0099a', time: '2017-11-06T21:07:36.161Z'
System info: host: 'ARCADIER-PC', ip: '10.10.31.95', os.name: 'Windows 7', os.arch: 'amd64', os.version: '6.1', java.version: '1.8.0_102'
Driver info: com.kms.katalon.core.webui.driver.ExistingRemoteWebDriver
Capabilities {javascriptEnabled: true, platform: ANY, platformName: ANY}
Session ID: 4cba786bf88613ee8a0544a4d9db771f)
[[ATTACHMENT|C:\\Katalon\\Arctick\\Reports\\Suites\\Admin Add Category\\20190515_083232\\1557881717637.png]]

2019-05-15 08:55:18 - [TEST_STEP][PASSED] - setText: Text 'Description56' is set on object 'Object Repository/ADMIN/Categories/Category/textfield_category_description'

2019-05-15 08:55:18 - [MESSAGE][PASSED] - Text 'Description56' is set on object 'Object Repository/ADMIN/Categories/Category/textfield_category_description'

2019-05-15 08:55:19 - [TEST_STEP][PASSED] - click: Object: 'Object Repository/ADMIN/Categories/Category/button_Save' is clicked on

2019-05-15 08:55:19 - [MESSAGE][PASSED] - Object: 'Object Repository/ADMIN/Categories/Category/button_Save' is clicked on

2019-05-15 08:55:19 - [TEST_STEP][PASSED] - waitForElementVisible: Object 'Object Repository/ADMIN/Categories/Category/label_edit popup' is visible

2019-05-15 08:55:19 - [MESSAGE][WARNING] - Timeout '0' is invalid. Using default page load timeout: '30'

2019-05-15 08:55:20 - [MESSAGE][PASSED] - Object 'Object Repository/ADMIN/Categories/Category/label_edit popup' is visible

2019-05-15 08:55:20 - [TEST_STEP][PASSED] - waitForElementNotPresent: Web element with id: 'Object Repository/ADMIN/Categories/Category/label_edit popup' located by 'By.xpath: //div[(text() = 'Category was successfully saved.' or . = 'Category was successfully saved.')]' is not present after '30' second(s)

2019-05-15 08:55:20 - [MESSAGE][WARNING] - Timeout '0' is invalid. Using default page load timeout: '30'

2019-05-15 08:55:26 - [MESSAGE][PASSED] - Web element with id: 'Object Repository/ADMIN/Categories/Category/label_edit popup' located by 'By.xpath: //div[(text() = 'Category was successfully saved.' or . = 'Category was successfully saved.')]' is not present after '30' second(s)]]></system-out>
         <system-err><![CDATA[2019-05-15 08:55:11 - [TEST_CASE][FAILED] - Test Cases/ADMIN/Content Mgmt/Categories/Category Add-Edit/Add Category: Test Cases/ADMIN/Content Mgmt/Categories/Category Add-Edit/Add Category FAILED because (of) Unable to click on object 'Object Repository/ADMIN/Categories/Category List/button_Categories' (Root cause: org.openqa.selenium.ElementNotVisibleException: element not visible
  (Session info: chrome=74.0.3729.131)
  (Driver info: chromedriver=2.35.528161 (5b82f2d2aae0ca24b877009200ced9065a772e73),platform=Windows NT 6.1.7601 SP1 x86_64) (WARNING: The server did not provide any stacktrace information)
Command duration or timeout: 0 milliseconds
Build info: version: '3.7.1', revision: '8a0099a', time: '2017-11-06T21:07:36.161Z'
System info: host: 'ARCADIER-PC', ip: '10.10.31.95', os.name: 'Windows 7', os.arch: 'amd64', os.version: '6.1', java.version: '1.8.0_102'
Driver info: com.kms.katalon.core.webui.driver.ExistingRemoteWebDriver
Capabilities {javascriptEnabled: true, platform: ANY, platformName: ANY}
Session ID: 4cba786bf88613ee8a0544a4d9db771f)]]></system-err>
      </testcase>
      <testcase name="Test Cases/ADMIN/Content Mgmt/Categories/Category Add-Edit/Add Category" classname="Test Cases/ADMIN/Content Mgmt/Categories/Category Add-Edit/Add Category" status="FAILED">
         <failure type="FAILED" message="Unable to click on object 'Object Repository/ADMIN/Categories/Category List/button_Categories' (Root cause: org.openqa.selenium.ElementNotVisibleException: element not visible
  (Session info: chrome=74.0.3729.131)
  (Driver info: chromedriver=2.35.528161 (5b82f2d2aae0ca24b877009200ced9065a772e73),platform=Windows NT 6.1.7601 SP1 x86_64) (WARNING: The server did not provide any stacktrace information)
Command duration or timeout: 0 milliseconds
Build info: version: '3.7.1', revision: '8a0099a', time: '2017-11-06T21:07:36.161Z'
System info: host: 'ARCADIER-PC', ip: '10.10.31.95', os.name: 'Windows 7', os.arch: 'amd64', os.version: '6.1', java.version: '1.8.0_102'
Driver info: com.kms.katalon.core.webui.driver.ExistingRemoteWebDriver
Capabilities {javascriptEnabled: true, platform: ANY, platformName: ANY}
Session ID: 4cba786bf88613ee8a0544a4d9db771f)"/>
         <system-out><![CDATA[2019-05-15 08:55:26 - [TEST_CASE][FAILED] - Test Cases/ADMIN/Content Mgmt/Categories/Category Add-Edit/Add Category: Test Cases/ADMIN/Content Mgmt/Categories/Category Add-Edit/Add Category FAILED because (of) Unable to click on object 'Object Repository/ADMIN/Categories/Category List/button_Categories' (Root cause: org.openqa.selenium.ElementNotVisibleException: element not visible
  (Session info: chrome=74.0.3729.131)
  (Driver info: chromedriver=2.35.528161 (5b82f2d2aae0ca24b877009200ced9065a772e73),platform=Windows NT 6.1.7601 SP1 x86_64) (WARNING: The server did not provide any stacktrace information)
Command duration or timeout: 0 milliseconds
Build info: version: '3.7.1', revision: '8a0099a', time: '2017-11-06T21:07:36.161Z'
System info: host: 'ARCADIER-PC', ip: '10.10.31.95', os.name: 'Windows 7', os.arch: 'amd64', os.version: '6.1', java.version: '1.8.0_102'
Driver info: com.kms.katalon.core.webui.driver.ExistingRemoteWebDriver
Capabilities {javascriptEnabled: true, platform: ANY, platformName: ANY}
Session ID: 4cba786bf88613ee8a0544a4d9db771f)

2019-05-15 08:55:26 - [TEST_STEP][PASSED] - waitForElementVisible: Object 'Object Repository/ADMIN/Categories/Category List/button_Content Mgmt' is visible

2019-05-15 08:55:26 - [MESSAGE][WARNING] - Timeout '0' is invalid. Using default page load timeout: '30'

2019-05-15 08:55:26 - [MESSAGE][PASSED] - Object 'Object Repository/ADMIN/Categories/Category List/button_Content Mgmt' is visible

2019-05-15 08:55:26 - [TEST_STEP][PASSED] - click: Object: 'Object Repository/ADMIN/Categories/Category List/button_Content Mgmt' is clicked on

2019-05-15 08:55:26 - [MESSAGE][PASSED] - Object: 'Object Repository/ADMIN/Categories/Category List/button_Content Mgmt' is clicked on

2019-05-15 08:55:26 - [TEST_STEP][PASSED] - waitForElementVisible: Object 'Object Repository/ADMIN/Categories/Category List/button_Categories' is visible

2019-05-15 08:55:26 - [MESSAGE][WARNING] - Timeout '0' is invalid. Using default page load timeout: '30'

2019-05-15 08:55:26 - [MESSAGE][PASSED] - Object 'Object Repository/ADMIN/Categories/Category List/button_Categories' is visible

2019-05-15 08:55:26 - [TEST_STEP][FAILED] - click: Unable to click on object 'Object Repository/ADMIN/Categories/Category List/button_Categories' (Root cause: org.openqa.selenium.ElementNotVisibleException: element not visible
  (Session info: chrome=74.0.3729.131)
  (Driver info: chromedriver=2.35.528161 (5b82f2d2aae0ca24b877009200ced9065a772e73),platform=Windows NT 6.1.7601 SP1 x86_64) (WARNING: The server did not provide any stacktrace information)
Command duration or timeout: 0 milliseconds
Build info: version: '3.7.1', revision: '8a0099a', time: '2017-11-06T21:07:36.161Z'
System info: host: 'ARCADIER-PC', ip: '10.10.31.95', os.name: 'Windows 7', os.arch: 'amd64', os.version: '6.1', java.version: '1.8.0_102'
Driver info: com.kms.katalon.core.webui.driver.ExistingRemoteWebDriver
Capabilities {javascriptEnabled: true, platform: ANY, platformName: ANY}
Session ID: 4cba786bf88613ee8a0544a4d9db771f)

2019-05-15 08:55:27 - [MESSAGE][FAILED] - Unable to click on object 'Object Repository/ADMIN/Categories/Category List/button_Categories' (Root cause: org.openqa.selenium.ElementNotVisibleException: element not visible
  (Session info: chrome=74.0.3729.131)
  (Driver info: chromedriver=2.35.528161 (5b82f2d2aae0ca24b877009200ced9065a772e73),platform=Windows NT 6.1.7601 SP1 x86_64) (WARNING: The server did not provide any stacktrace information)
Command duration or timeout: 0 milliseconds
Build info: version: '3.7.1', revision: '8a0099a', time: '2017-11-06T21:07:36.161Z'
System info: host: 'ARCADIER-PC', ip: '10.10.31.95', os.name: 'Windows 7', os.arch: 'amd64', os.version: '6.1', java.version: '1.8.0_102'
Driver info: com.kms.katalon.core.webui.driver.ExistingRemoteWebDriver
Capabilities {javascriptEnabled: true, platform: ANY, platformName: ANY}
Session ID: 4cba786bf88613ee8a0544a4d9db771f)
[[ATTACHMENT|C:\\Katalon\\Arctick\\Reports\\Suites\\Admin Add Category\\20190515_083232\\1557881726943.png]]

2019-05-15 08:55:27 - [TEST_STEP][PASSED] - waitForPageLoad: Wait for page load successfully

2019-05-15 08:55:27 - [MESSAGE][WARNING] - Timeout '0' is invalid. Using default page load timeout: '30'

2019-05-15 08:55:27 - [MESSAGE][PASSED] - Wait for page load successfully

2019-05-15 08:55:27 - [TEST_STEP][PASSED] - click: Object: 'Object Repository/ADMIN/Categories/Category List/button_Add a Category' is clicked on

2019-05-15 08:55:27 - [MESSAGE][PASSED] - Object: 'Object Repository/ADMIN/Categories/Category List/button_Add a Category' is clicked on

2019-05-15 08:55:27 - [TEST_STEP][PASSED] - waitForElementPresent: Object 'Object Repository/ADMIN/Categories/Category/dropdown_Parent' is present

2019-05-15 08:55:27 - [MESSAGE][PASSED] - Object 'Object Repository/ADMIN/Categories/Category/dropdown_Parent' is present

2019-05-15 08:55:27 - [TEST_STEP][PASSED] - delay: Delayed 1 second(s)

2019-05-15 08:55:28 - [MESSAGE][PASSED] - Delayed 1 second(s)

2019-05-15 08:55:28 - [TEST_STEP][PASSED] - setText: Text 'Category 4.5.1' is set on object 'Object Repository/ADMIN/Categories/Category/textfield_Category Name'

2019-05-15 08:55:28 - [MESSAGE][PASSED] - Text 'Category 4.5.1' is set on object 'Object Repository/ADMIN/Categories/Category/textfield_Category Name'

2019-05-15 08:55:28 - [TEST_STEP][PASSED] - click: Object: 'Object Repository/ADMIN/Categories/Category/dropdown_Parent' is clicked on

2019-05-15 08:55:28 - [MESSAGE][PASSED] - Object: 'Object Repository/ADMIN/Categories/Category/dropdown_Parent' is clicked on

2019-05-15 08:55:28 - [TEST_STEP][PASSED] - delay: Delayed 2 second(s)

2019-05-15 08:55:30 - [MESSAGE][PASSED] - Delayed 2 second(s)

2019-05-15 08:55:30 - [TEST_STEP][PASSED] - click: Object: 'Object Repository/ADMIN/Categories/Category/dropdown_Parent' is clicked on

2019-05-15 08:55:31 - [MESSAGE][PASSED] - Object: 'Object Repository/ADMIN/Categories/Category/dropdown_Parent' is clicked on

2019-05-15 08:55:31 - [TEST_STEP][PASSED] - selectOptionByLabel: All options with label 'Category 4.5' are selected in object 'Object Repository/ADMIN/Categories/Category/dropdown_Parent' 

2019-05-15 08:55:31 - [MESSAGE][PASSED] - All options with label 'Category 4.5' are selected in object 'Object Repository/ADMIN/Categories/Category/dropdown_Parent' 

2019-05-15 08:55:31 - [TEST_STEP][PASSED] - click: Object: 'Object Repository/ADMIN/Categories/Category/button_Browse' is clicked on

2019-05-15 08:55:31 - [MESSAGE][PASSED] - Object: 'Object Repository/ADMIN/Categories/Category/button_Browse' is clicked on

2019-05-15 08:55:31 - [TEST_STEP][PASSED] - delay: Delayed 1 second(s)

2019-05-15 08:55:32 - [MESSAGE][PASSED] - Delayed 1 second(s)

2019-05-15 08:55:32 - [TEST_STEP][PASSED] - uploadFile: File 'C:\\Katalon\\Image\\pic8.jpg' sent to object: 'Object Repository/ADMIN/Categories/Category/image_input image'

2019-05-15 08:55:32 - [MESSAGE][PASSED] - File 'C:\\Katalon\\Image\\pic8.jpg' sent to object: 'Object Repository/ADMIN/Categories/Category/image_input image'

2019-05-15 08:55:32 - [TEST_STEP][PASSED] - waitForElementVisible: Object 'Object Repository/ADMIN/Categories/Category/button_upload check' is visible

2019-05-15 08:55:32 - [MESSAGE][WARNING] - Timeout '0' is invalid. Using default page load timeout: '30'

2019-05-15 08:55:32 - [MESSAGE][PASSED] - Object 'Object Repository/ADMIN/Categories/Category/button_upload check' is visible

2019-05-15 08:55:32 - [TEST_STEP][PASSED] - click: Object: 'Object Repository/ADMIN/Categories/Category/button_upload check' is clicked on

2019-05-15 08:55:32 - [MESSAGE][PASSED] - Object: 'Object Repository/ADMIN/Categories/Category/button_upload check' is clicked on

2019-05-15 08:55:32 - [TEST_STEP][PASSED] - click: Object: 'Object Repository/ADMIN/Categories/Category/button_upload save' is clicked on

2019-05-15 08:55:32 - [MESSAGE][PASSED] - Object: 'Object Repository/ADMIN/Categories/Category/button_upload save' is clicked on

2019-05-15 08:55:32 - [TEST_STEP][PASSED] - waitForElementVisible: Object 'Object Repository/ADMIN/Categories/Category/button_upload save' is visible

2019-05-15 08:55:32 - [MESSAGE][WARNING] - Timeout '0' is invalid. Using default page load timeout: '30'

2019-05-15 08:55:33 - [MESSAGE][PASSED] - Object 'Object Repository/ADMIN/Categories/Category/button_upload save' is visible

2019-05-15 08:55:33 - [TEST_STEP][PASSED] - setText: Text 'Description57' is set on object 'Object Repository/ADMIN/Categories/Category/textfield_category_description'

2019-05-15 08:55:33 - [MESSAGE][PASSED] - Text 'Description57' is set on object 'Object Repository/ADMIN/Categories/Category/textfield_category_description'

2019-05-15 08:55:33 - [TEST_STEP][PASSED] - click: Object: 'Object Repository/ADMIN/Categories/Category/button_Save' is clicked on

2019-05-15 08:55:34 - [MESSAGE][PASSED] - Object: 'Object Repository/ADMIN/Categories/Category/button_Save' is clicked on

2019-05-15 08:55:34 - [TEST_STEP][PASSED] - waitForElementVisible: Object 'Object Repository/ADMIN/Categories/Category/label_edit popup' is visible

2019-05-15 08:55:34 - [MESSAGE][WARNING] - Timeout '0' is invalid. Using default page load timeout: '30'

2019-05-15 08:55:37 - [MESSAGE][PASSED] - Object 'Object Repository/ADMIN/Categories/Category/label_edit popup' is visible

2019-05-15 08:55:37 - [TEST_STEP][PASSED] - waitForElementNotPresent: Web element with id: 'Object Repository/ADMIN/Categories/Category/label_edit popup' located by 'By.xpath: //div[(text() = 'Category was successfully saved.' or . = 'Category was successfully saved.')]' is not present after '30' second(s)

2019-05-15 08:55:37 - [MESSAGE][WARNING] - Timeout '0' is invalid. Using default page load timeout: '30'

2019-05-15 08:55:44 - [MESSAGE][PASSED] - Web element with id: 'Object Repository/ADMIN/Categories/Category/label_edit popup' located by 'By.xpath: //div[(text() = 'Category was successfully saved.' or . = 'Category was successfully saved.')]' is not present after '30' second(s)]]></system-out>
         <system-err><![CDATA[2019-05-15 08:55:26 - [TEST_CASE][FAILED] - Test Cases/ADMIN/Content Mgmt/Categories/Category Add-Edit/Add Category: Test Cases/ADMIN/Content Mgmt/Categories/Category Add-Edit/Add Category FAILED because (of) Unable to click on object 'Object Repository/ADMIN/Categories/Category List/button_Categories' (Root cause: org.openqa.selenium.ElementNotVisibleException: element not visible
  (Session info: chrome=74.0.3729.131)
  (Driver info: chromedriver=2.35.528161 (5b82f2d2aae0ca24b877009200ced9065a772e73),platform=Windows NT 6.1.7601 SP1 x86_64) (WARNING: The server did not provide any stacktrace information)
Command duration or timeout: 0 milliseconds
Build info: version: '3.7.1', revision: '8a0099a', time: '2017-11-06T21:07:36.161Z'
System info: host: 'ARCADIER-PC', ip: '10.10.31.95', os.name: 'Windows 7', os.arch: 'amd64', os.version: '6.1', java.version: '1.8.0_102'
Driver info: com.kms.katalon.core.webui.driver.ExistingRemoteWebDriver
Capabilities {javascriptEnabled: true, platform: ANY, platformName: ANY}
Session ID: 4cba786bf88613ee8a0544a4d9db771f)]]></system-err>
      </testcase>
      <testcase name="Test Cases/ADMIN/Content Mgmt/Categories/Category Add-Edit/Add Category" classname="Test Cases/ADMIN/Content Mgmt/Categories/Category Add-Edit/Add Category" status="FAILED">
         <failure type="FAILED" message="Unable to click on object 'Object Repository/ADMIN/Categories/Category List/button_Categories' (Root cause: org.openqa.selenium.ElementNotVisibleException: element not visible
  (Session info: chrome=74.0.3729.131)
  (Driver info: chromedriver=2.35.528161 (5b82f2d2aae0ca24b877009200ced9065a772e73),platform=Windows NT 6.1.7601 SP1 x86_64) (WARNING: The server did not provide any stacktrace information)
Command duration or timeout: 0 milliseconds
Build info: version: '3.7.1', revision: '8a0099a', time: '2017-11-06T21:07:36.161Z'
System info: host: 'ARCADIER-PC', ip: '10.10.31.95', os.name: 'Windows 7', os.arch: 'amd64', os.version: '6.1', java.version: '1.8.0_102'
Driver info: com.kms.katalon.core.webui.driver.ExistingRemoteWebDriver
Capabilities {javascriptEnabled: true, platform: ANY, platformName: ANY}
Session ID: 4cba786bf88613ee8a0544a4d9db771f)"/>
         <system-out><![CDATA[2019-05-15 08:55:44 - [TEST_CASE][FAILED] - Test Cases/ADMIN/Content Mgmt/Categories/Category Add-Edit/Add Category: Test Cases/ADMIN/Content Mgmt/Categories/Category Add-Edit/Add Category FAILED because (of) Unable to click on object 'Object Repository/ADMIN/Categories/Category List/button_Categories' (Root cause: org.openqa.selenium.ElementNotVisibleException: element not visible
  (Session info: chrome=74.0.3729.131)
  (Driver info: chromedriver=2.35.528161 (5b82f2d2aae0ca24b877009200ced9065a772e73),platform=Windows NT 6.1.7601 SP1 x86_64) (WARNING: The server did not provide any stacktrace information)
Command duration or timeout: 0 milliseconds
Build info: version: '3.7.1', revision: '8a0099a', time: '2017-11-06T21:07:36.161Z'
System info: host: 'ARCADIER-PC', ip: '10.10.31.95', os.name: 'Windows 7', os.arch: 'amd64', os.version: '6.1', java.version: '1.8.0_102'
Driver info: com.kms.katalon.core.webui.driver.ExistingRemoteWebDriver
Capabilities {javascriptEnabled: true, platform: ANY, platformName: ANY}
Session ID: 4cba786bf88613ee8a0544a4d9db771f)

2019-05-15 08:55:44 - [TEST_STEP][PASSED] - waitForElementVisible: Object 'Object Repository/ADMIN/Categories/Category List/button_Content Mgmt' is visible

2019-05-15 08:55:44 - [MESSAGE][WARNING] - Timeout '0' is invalid. Using default page load timeout: '30'

2019-05-15 08:55:44 - [MESSAGE][PASSED] - Object 'Object Repository/ADMIN/Categories/Category List/button_Content Mgmt' is visible

2019-05-15 08:55:44 - [TEST_STEP][PASSED] - click: Object: 'Object Repository/ADMIN/Categories/Category List/button_Content Mgmt' is clicked on

2019-05-15 08:55:44 - [MESSAGE][PASSED] - Object: 'Object Repository/ADMIN/Categories/Category List/button_Content Mgmt' is clicked on

2019-05-15 08:55:44 - [TEST_STEP][PASSED] - waitForElementVisible: Object 'Object Repository/ADMIN/Categories/Category List/button_Categories' is visible

2019-05-15 08:55:44 - [MESSAGE][WARNING] - Timeout '0' is invalid. Using default page load timeout: '30'

2019-05-15 08:55:44 - [MESSAGE][PASSED] - Object 'Object Repository/ADMIN/Categories/Category List/button_Categories' is visible

2019-05-15 08:55:44 - [TEST_STEP][FAILED] - click: Unable to click on object 'Object Repository/ADMIN/Categories/Category List/button_Categories' (Root cause: org.openqa.selenium.ElementNotVisibleException: element not visible
  (Session info: chrome=74.0.3729.131)
  (Driver info: chromedriver=2.35.528161 (5b82f2d2aae0ca24b877009200ced9065a772e73),platform=Windows NT 6.1.7601 SP1 x86_64) (WARNING: The server did not provide any stacktrace information)
Command duration or timeout: 0 milliseconds
Build info: version: '3.7.1', revision: '8a0099a', time: '2017-11-06T21:07:36.161Z'
System info: host: 'ARCADIER-PC', ip: '10.10.31.95', os.name: 'Windows 7', os.arch: 'amd64', os.version: '6.1', java.version: '1.8.0_102'
Driver info: com.kms.katalon.core.webui.driver.ExistingRemoteWebDriver
Capabilities {javascriptEnabled: true, platform: ANY, platformName: ANY}
Session ID: 4cba786bf88613ee8a0544a4d9db771f)

2019-05-15 08:55:45 - [MESSAGE][FAILED] - Unable to click on object 'Object Repository/ADMIN/Categories/Category List/button_Categories' (Root cause: org.openqa.selenium.ElementNotVisibleException: element not visible
  (Session info: chrome=74.0.3729.131)
  (Driver info: chromedriver=2.35.528161 (5b82f2d2aae0ca24b877009200ced9065a772e73),platform=Windows NT 6.1.7601 SP1 x86_64) (WARNING: The server did not provide any stacktrace information)
Command duration or timeout: 0 milliseconds
Build info: version: '3.7.1', revision: '8a0099a', time: '2017-11-06T21:07:36.161Z'
System info: host: 'ARCADIER-PC', ip: '10.10.31.95', os.name: 'Windows 7', os.arch: 'amd64', os.version: '6.1', java.version: '1.8.0_102'
Driver info: com.kms.katalon.core.webui.driver.ExistingRemoteWebDriver
Capabilities {javascriptEnabled: true, platform: ANY, platformName: ANY}
Session ID: 4cba786bf88613ee8a0544a4d9db771f)
[[ATTACHMENT|C:\\Katalon\\Arctick\\Reports\\Suites\\Admin Add Category\\20190515_083232\\1557881744625.png]]

2019-05-15 08:55:45 - [TEST_STEP][PASSED] - waitForPageLoad: Wait for page load successfully

2019-05-15 08:55:45 - [MESSAGE][WARNING] - Timeout '0' is invalid. Using default page load timeout: '30'

2019-05-15 08:55:45 - [MESSAGE][PASSED] - Wait for page load successfully

2019-05-15 08:55:45 - [TEST_STEP][PASSED] - click: Object: 'Object Repository/ADMIN/Categories/Category List/button_Add a Category' is clicked on

2019-05-15 08:55:45 - [MESSAGE][PASSED] - Object: 'Object Repository/ADMIN/Categories/Category List/button_Add a Category' is clicked on

2019-05-15 08:55:45 - [TEST_STEP][PASSED] - waitForElementPresent: Object 'Object Repository/ADMIN/Categories/Category/dropdown_Parent' is present

2019-05-15 08:55:45 - [MESSAGE][PASSED] - Object 'Object Repository/ADMIN/Categories/Category/dropdown_Parent' is present

2019-05-15 08:55:45 - [TEST_STEP][PASSED] - delay: Delayed 1 second(s)

2019-05-15 08:55:46 - [MESSAGE][PASSED] - Delayed 1 second(s)

2019-05-15 08:55:46 - [TEST_STEP][PASSED] - setText: Text 'Category 4.6' is set on object 'Object Repository/ADMIN/Categories/Category/textfield_Category Name'

2019-05-15 08:55:46 - [MESSAGE][PASSED] - Text 'Category 4.6' is set on object 'Object Repository/ADMIN/Categories/Category/textfield_Category Name'

2019-05-15 08:55:46 - [TEST_STEP][PASSED] - click: Object: 'Object Repository/ADMIN/Categories/Category/dropdown_Parent' is clicked on

2019-05-15 08:55:46 - [MESSAGE][PASSED] - Object: 'Object Repository/ADMIN/Categories/Category/dropdown_Parent' is clicked on

2019-05-15 08:55:46 - [TEST_STEP][PASSED] - delay: Delayed 2 second(s)

2019-05-15 08:55:48 - [MESSAGE][PASSED] - Delayed 2 second(s)

2019-05-15 08:55:48 - [TEST_STEP][PASSED] - click: Object: 'Object Repository/ADMIN/Categories/Category/dropdown_Parent' is clicked on

2019-05-15 08:55:48 - [MESSAGE][PASSED] - Object: 'Object Repository/ADMIN/Categories/Category/dropdown_Parent' is clicked on

2019-05-15 08:55:48 - [TEST_STEP][FAILED] - selectOptionByLabel: Unable to select option by label 'Category 4' of object 'Object Repository/ADMIN/Categories/Category/dropdown_Parent'  (Root cause: org.openqa.selenium.StaleElementReferenceException: stale element reference: element is not attached to the page document
  (Session info: chrome=74.0.3729.131)
  (Driver info: chromedriver=2.35.528161 (5b82f2d2aae0ca24b877009200ced9065a772e73),platform=Windows NT 6.1.7601 SP1 x86_64) (WARNING: The server did not provide any stacktrace information)
Command duration or timeout: 0 milliseconds
For documentation on this error, please visit: http://seleniumhq.org/exceptions/stale_element_reference.html
Build info: version: '3.7.1', revision: '8a0099a', time: '2017-11-06T21:07:36.161Z'
System info: host: 'ARCADIER-PC', ip: '10.10.31.95', os.name: 'Windows 7', os.arch: 'amd64', os.version: '6.1', java.version: '1.8.0_102'
Driver info: com.kms.katalon.core.webui.driver.ExistingRemoteWebDriver
Capabilities {javascriptEnabled: true, platform: ANY, platformName: ANY}
Session ID: 4cba786bf88613ee8a0544a4d9db771f)

2019-05-15 08:55:49 - [MESSAGE][FAILED] - Unable to select option by label 'Category 4' of object 'Object Repository/ADMIN/Categories/Category/dropdown_Parent'  (Root cause: org.openqa.selenium.StaleElementReferenceException: stale element reference: element is not attached to the page document
  (Session info: chrome=74.0.3729.131)
  (Driver info: chromedriver=2.35.528161 (5b82f2d2aae0ca24b877009200ced9065a772e73),platform=Windows NT 6.1.7601 SP1 x86_64) (WARNING: The server did not provide any stacktrace information)
Command duration or timeout: 0 milliseconds
For documentation on this error, please visit: http://seleniumhq.org/exceptions/stale_element_reference.html
Build info: version: '3.7.1', revision: '8a0099a', time: '2017-11-06T21:07:36.161Z'
System info: host: 'ARCADIER-PC', ip: '10.10.31.95', os.name: 'Windows 7', os.arch: 'amd64', os.version: '6.1', java.version: '1.8.0_102'
Driver info: com.kms.katalon.core.webui.driver.ExistingRemoteWebDriver
Capabilities {javascriptEnabled: true, platform: ANY, platformName: ANY}
Session ID: 4cba786bf88613ee8a0544a4d9db771f)
[[ATTACHMENT|C:\\Katalon\\Arctick\\Reports\\Suites\\Admin Add Category\\20190515_083232\\1557881748774.png]]

2019-05-15 08:55:49 - [TEST_STEP][PASSED] - click: Object: 'Object Repository/ADMIN/Categories/Category/button_Browse' is clicked on

2019-05-15 08:55:49 - [MESSAGE][PASSED] - Object: 'Object Repository/ADMIN/Categories/Category/button_Browse' is clicked on

2019-05-15 08:55:49 - [TEST_STEP][PASSED] - delay: Delayed 1 second(s)

2019-05-15 08:55:50 - [MESSAGE][PASSED] - Delayed 1 second(s)

2019-05-15 08:55:50 - [TEST_STEP][PASSED] - uploadFile: File 'C:\\Katalon\\Image\\pic9.jpg' sent to object: 'Object Repository/ADMIN/Categories/Category/image_input image'

2019-05-15 08:55:50 - [MESSAGE][PASSED] - File 'C:\\Katalon\\Image\\pic9.jpg' sent to object: 'Object Repository/ADMIN/Categories/Category/image_input image'

2019-05-15 08:55:50 - [TEST_STEP][PASSED] - waitForElementVisible: Object 'Object Repository/ADMIN/Categories/Category/button_upload check' is visible

2019-05-15 08:55:50 - [MESSAGE][WARNING] - Timeout '0' is invalid. Using default page load timeout: '30'

2019-05-15 08:55:50 - [MESSAGE][PASSED] - Object 'Object Repository/ADMIN/Categories/Category/button_upload check' is visible

2019-05-15 08:55:50 - [TEST_STEP][PASSED] - click: Object: 'Object Repository/ADMIN/Categories/Category/button_upload check' is clicked on

2019-05-15 08:55:50 - [MESSAGE][PASSED] - Object: 'Object Repository/ADMIN/Categories/Category/button_upload check' is clicked on

2019-05-15 08:55:50 - [TEST_STEP][PASSED] - click: Object: 'Object Repository/ADMIN/Categories/Category/button_upload save' is clicked on

2019-05-15 08:55:50 - [MESSAGE][PASSED] - Object: 'Object Repository/ADMIN/Categories/Category/button_upload save' is clicked on

2019-05-15 08:55:50 - [TEST_STEP][PASSED] - waitForElementVisible: Web element with id: 'Object Repository/ADMIN/Categories/Category/button_upload save' located by 'By.xpath: //a[@class = 'btn btn-warning download' and (text() = ' Add Photo' or . = ' Add Photo')]' not found

2019-05-15 08:55:50 - [MESSAGE][WARNING] - Timeout '0' is invalid. Using default page load timeout: '30'

2019-05-15 08:56:23 - [MESSAGE][WARNING] - Web element with id: 'Object Repository/ADMIN/Categories/Category/button_upload save' located by 'By.xpath: //a[@class = 'btn btn-warning download' and (text() = ' Add Photo' or . = ' Add Photo')]' not found

2019-05-15 08:56:23 - [TEST_STEP][PASSED] - setText: Text 'Description58' is set on object 'Object Repository/ADMIN/Categories/Category/textfield_category_description'

2019-05-15 08:56:23 - [MESSAGE][PASSED] - Text 'Description58' is set on object 'Object Repository/ADMIN/Categories/Category/textfield_category_description'

2019-05-15 08:56:23 - [TEST_STEP][PASSED] - click: Object: 'Object Repository/ADMIN/Categories/Category/button_Save' is clicked on

2019-05-15 08:56:23 - [MESSAGE][PASSED] - Object: 'Object Repository/ADMIN/Categories/Category/button_Save' is clicked on

2019-05-15 08:56:23 - [TEST_STEP][PASSED] - waitForElementVisible: Object 'Object Repository/ADMIN/Categories/Category/label_edit popup' is visible

2019-05-15 08:56:23 - [MESSAGE][WARNING] - Timeout '0' is invalid. Using default page load timeout: '30'

2019-05-15 08:56:30 - [MESSAGE][PASSED] - Object 'Object Repository/ADMIN/Categories/Category/label_edit popup' is visible

2019-05-15 08:56:30 - [TEST_STEP][PASSED] - waitForElementNotPresent: Web element with id: 'Object Repository/ADMIN/Categories/Category/label_edit popup' located by 'By.xpath: //div[(text() = 'Category was successfully saved.' or . = 'Category was successfully saved.')]' is not present after '30' second(s)

2019-05-15 08:56:30 - [MESSAGE][WARNING] - Timeout '0' is invalid. Using default page load timeout: '30'

2019-05-15 08:56:36 - [MESSAGE][PASSED] - Web element with id: 'Object Repository/ADMIN/Categories/Category/label_edit popup' located by 'By.xpath: //div[(text() = 'Category was successfully saved.' or . = 'Category was successfully saved.')]' is not present after '30' second(s)]]></system-out>
         <system-err><![CDATA[2019-05-15 08:55:44 - [TEST_CASE][FAILED] - Test Cases/ADMIN/Content Mgmt/Categories/Category Add-Edit/Add Category: Test Cases/ADMIN/Content Mgmt/Categories/Category Add-Edit/Add Category FAILED because (of) Unable to click on object 'Object Repository/ADMIN/Categories/Category List/button_Categories' (Root cause: org.openqa.selenium.ElementNotVisibleException: element not visible
  (Session info: chrome=74.0.3729.131)
  (Driver info: chromedriver=2.35.528161 (5b82f2d2aae0ca24b877009200ced9065a772e73),platform=Windows NT 6.1.7601 SP1 x86_64) (WARNING: The server did not provide any stacktrace information)
Command duration or timeout: 0 milliseconds
Build info: version: '3.7.1', revision: '8a0099a', time: '2017-11-06T21:07:36.161Z'
System info: host: 'ARCADIER-PC', ip: '10.10.31.95', os.name: 'Windows 7', os.arch: 'amd64', os.version: '6.1', java.version: '1.8.0_102'
Driver info: com.kms.katalon.core.webui.driver.ExistingRemoteWebDriver
Capabilities {javascriptEnabled: true, platform: ANY, platformName: ANY}
Session ID: 4cba786bf88613ee8a0544a4d9db771f)]]></system-err>
      </testcase>
      <testcase name="Test Cases/ADMIN/Content Mgmt/Categories/Category Add-Edit/Add Category" classname="Test Cases/ADMIN/Content Mgmt/Categories/Category Add-Edit/Add Category" status="FAILED">
         <failure type="FAILED" message="Unable to select option by label 'Category 4' of object 'Object Repository/ADMIN/Categories/Category/dropdown_Parent'  (Root cause: org.openqa.selenium.NoSuchElementException: Cannot locate element with text: Category 4
For documentation on this error, please visit: http://seleniumhq.org/exceptions/no_such_element.html
Build info: version: '3.7.1', revision: '8a0099a', time: '2017-11-06T21:07:36.161Z'
System info: host: 'ARCADIER-PC', ip: '10.10.31.95', os.name: 'Windows 7', os.arch: 'amd64', os.version: '6.1', java.version: '1.8.0_102'
Driver info: driver.version: unknown)"/>
         <system-out><![CDATA[2019-05-15 08:56:36 - [TEST_CASE][FAILED] - Test Cases/ADMIN/Content Mgmt/Categories/Category Add-Edit/Add Category: Test Cases/ADMIN/Content Mgmt/Categories/Category Add-Edit/Add Category FAILED because (of) Unable to select option by label 'Category 4' of object 'Object Repository/ADMIN/Categories/Category/dropdown_Parent'  (Root cause: org.openqa.selenium.NoSuchElementException: Cannot locate element with text: Category 4
For documentation on this error, please visit: http://seleniumhq.org/exceptions/no_such_element.html
Build info: version: '3.7.1', revision: '8a0099a', time: '2017-11-06T21:07:36.161Z'
System info: host: 'ARCADIER-PC', ip: '10.10.31.95', os.name: 'Windows 7', os.arch: 'amd64', os.version: '6.1', java.version: '1.8.0_102'
Driver info: driver.version: unknown)

2019-05-15 08:56:36 - [TEST_STEP][PASSED] - waitForElementVisible: Object 'Object Repository/ADMIN/Categories/Category List/button_Content Mgmt' is visible

2019-05-15 08:56:36 - [MESSAGE][WARNING] - Timeout '0' is invalid. Using default page load timeout: '30'

2019-05-15 08:56:36 - [MESSAGE][PASSED] - Object 'Object Repository/ADMIN/Categories/Category List/button_Content Mgmt' is visible

2019-05-15 08:56:36 - [TEST_STEP][PASSED] - click: Object: 'Object Repository/ADMIN/Categories/Category List/button_Content Mgmt' is clicked on

2019-05-15 08:56:36 - [MESSAGE][PASSED] - Object: 'Object Repository/ADMIN/Categories/Category List/button_Content Mgmt' is clicked on

2019-05-15 08:56:36 - [TEST_STEP][PASSED] - waitForElementVisible: Object 'Object Repository/ADMIN/Categories/Category List/button_Categories' is visible

2019-05-15 08:56:36 - [MESSAGE][WARNING] - Timeout '0' is invalid. Using default page load timeout: '30'

2019-05-15 08:56:36 - [MESSAGE][PASSED] - Object 'Object Repository/ADMIN/Categories/Category List/button_Categories' is visible

2019-05-15 08:56:36 - [TEST_STEP][PASSED] - click: Object: 'Object Repository/ADMIN/Categories/Category List/button_Categories' is clicked on

2019-05-15 08:56:49 - [MESSAGE][PASSED] - Object: 'Object Repository/ADMIN/Categories/Category List/button_Categories' is clicked on

2019-05-15 08:56:49 - [TEST_STEP][PASSED] - waitForPageLoad: Wait for page load successfully

2019-05-15 08:56:49 - [MESSAGE][WARNING] - Timeout '0' is invalid. Using default page load timeout: '30'

2019-05-15 08:56:49 - [MESSAGE][PASSED] - Wait for page load successfully

2019-05-15 08:56:49 - [TEST_STEP][PASSED] - click: Object: 'Object Repository/ADMIN/Categories/Category List/button_Add a Category' is clicked on

2019-05-15 08:56:49 - [MESSAGE][PASSED] - Object: 'Object Repository/ADMIN/Categories/Category List/button_Add a Category' is clicked on

2019-05-15 08:56:49 - [TEST_STEP][PASSED] - waitForElementPresent: Object 'Object Repository/ADMIN/Categories/Category/dropdown_Parent' is present

2019-05-15 08:56:49 - [MESSAGE][PASSED] - Object 'Object Repository/ADMIN/Categories/Category/dropdown_Parent' is present

2019-05-15 08:56:49 - [TEST_STEP][PASSED] - delay: Delayed 1 second(s)

2019-05-15 08:56:50 - [MESSAGE][PASSED] - Delayed 1 second(s)

2019-05-15 08:56:50 - [TEST_STEP][PASSED] - setText: Text 'Category 4.7' is set on object 'Object Repository/ADMIN/Categories/Category/textfield_Category Name'

2019-05-15 08:56:50 - [MESSAGE][PASSED] - Text 'Category 4.7' is set on object 'Object Repository/ADMIN/Categories/Category/textfield_Category Name'

2019-05-15 08:56:50 - [TEST_STEP][PASSED] - click: Object: 'Object Repository/ADMIN/Categories/Category/dropdown_Parent' is clicked on

2019-05-15 08:56:50 - [MESSAGE][PASSED] - Object: 'Object Repository/ADMIN/Categories/Category/dropdown_Parent' is clicked on

2019-05-15 08:56:50 - [TEST_STEP][PASSED] - delay: Delayed 2 second(s)

2019-05-15 08:56:52 - [MESSAGE][PASSED] - Delayed 2 second(s)

2019-05-15 08:56:52 - [TEST_STEP][PASSED] - click: Object: 'Object Repository/ADMIN/Categories/Category/dropdown_Parent' is clicked on

2019-05-15 08:56:52 - [MESSAGE][PASSED] - Object: 'Object Repository/ADMIN/Categories/Category/dropdown_Parent' is clicked on

2019-05-15 08:56:52 - [TEST_STEP][FAILED] - selectOptionByLabel: Unable to select option by label 'Category 4' of object 'Object Repository/ADMIN/Categories/Category/dropdown_Parent'  (Root cause: org.openqa.selenium.NoSuchElementException: Cannot locate element with text: Category 4
For documentation on this error, please visit: http://seleniumhq.org/exceptions/no_such_element.html
Build info: version: '3.7.1', revision: '8a0099a', time: '2017-11-06T21:07:36.161Z'
System info: host: 'ARCADIER-PC', ip: '10.10.31.95', os.name: 'Windows 7', os.arch: 'amd64', os.version: '6.1', java.version: '1.8.0_102'
Driver info: driver.version: unknown)

2019-05-15 08:56:53 - [MESSAGE][FAILED] - Unable to select option by label 'Category 4' of object 'Object Repository/ADMIN/Categories/Category/dropdown_Parent'  (Root cause: org.openqa.selenium.NoSuchElementException: Cannot locate element with text: Category 4
For documentation on this error, please visit: http://seleniumhq.org/exceptions/no_such_element.html
Build info: version: '3.7.1', revision: '8a0099a', time: '2017-11-06T21:07:36.161Z'
System info: host: 'ARCADIER-PC', ip: '10.10.31.95', os.name: 'Windows 7', os.arch: 'amd64', os.version: '6.1', java.version: '1.8.0_102'
Driver info: driver.version: unknown)
[[ATTACHMENT|C:\\Katalon\\Arctick\\Reports\\Suites\\Admin Add Category\\20190515_083232\\1557881812773.png]]

2019-05-15 08:56:53 - [TEST_STEP][PASSED] - click: Object: 'Object Repository/ADMIN/Categories/Category/button_Browse' is clicked on

2019-05-15 08:56:53 - [MESSAGE][PASSED] - Object: 'Object Repository/ADMIN/Categories/Category/button_Browse' is clicked on

2019-05-15 08:56:53 - [TEST_STEP][PASSED] - delay: Delayed 1 second(s)

2019-05-15 08:56:54 - [MESSAGE][PASSED] - Delayed 1 second(s)

2019-05-15 08:56:54 - [TEST_STEP][PASSED] - uploadFile: File 'C:\\Katalon\\Image\\pic10.jpg' sent to object: 'Object Repository/ADMIN/Categories/Category/image_input image'

2019-05-15 08:56:54 - [MESSAGE][PASSED] - File 'C:\\Katalon\\Image\\pic10.jpg' sent to object: 'Object Repository/ADMIN/Categories/Category/image_input image'

2019-05-15 08:56:54 - [TEST_STEP][PASSED] - waitForElementVisible: Object 'Object Repository/ADMIN/Categories/Category/button_upload check' is visible

2019-05-15 08:56:54 - [MESSAGE][WARNING] - Timeout '0' is invalid. Using default page load timeout: '30'

2019-05-15 08:56:54 - [MESSAGE][PASSED] - Object 'Object Repository/ADMIN/Categories/Category/button_upload check' is visible

2019-05-15 08:56:54 - [TEST_STEP][PASSED] - click: Object: 'Object Repository/ADMIN/Categories/Category/button_upload check' is clicked on

2019-05-15 08:56:54 - [MESSAGE][PASSED] - Object: 'Object Repository/ADMIN/Categories/Category/button_upload check' is clicked on

2019-05-15 08:56:54 - [TEST_STEP][PASSED] - click: Object: 'Object Repository/ADMIN/Categories/Category/button_upload save' is clicked on

2019-05-15 08:56:54 - [MESSAGE][PASSED] - Object: 'Object Repository/ADMIN/Categories/Category/button_upload save' is clicked on

2019-05-15 08:56:54 - [TEST_STEP][FAILED] - waitForElementVisible: Unable to wait for object 'Object Repository/ADMIN/Categories/Category/button_upload save' to be visible (Root cause: org.openqa.selenium.StaleElementReferenceException: stale element reference: element is not attached to the page document
  (Session info: chrome=74.0.3729.131)
  (Driver info: chromedriver=2.35.528161 (5b82f2d2aae0ca24b877009200ced9065a772e73),platform=Windows NT 6.1.7601 SP1 x86_64) (WARNING: The server did not provide any stacktrace information)
Command duration or timeout: 0 milliseconds
For documentation on this error, please visit: http://seleniumhq.org/exceptions/stale_element_reference.html
Build info: version: '3.7.1', revision: '8a0099a', time: '2017-11-06T21:07:36.161Z'
System info: host: 'ARCADIER-PC', ip: '10.10.31.95', os.name: 'Windows 7', os.arch: 'amd64', os.version: '6.1', java.version: '1.8.0_102'
Driver info: com.kms.katalon.core.webui.driver.ExistingRemoteWebDriver
Capabilities {javascriptEnabled: true, platform: ANY, platformName: ANY}
Session ID: 4cba786bf88613ee8a0544a4d9db771f)

2019-05-15 08:56:54 - [MESSAGE][WARNING] - Timeout '0' is invalid. Using default page load timeout: '30'

2019-05-15 08:56:55 - [MESSAGE][FAILED] - Unable to wait for object 'Object Repository/ADMIN/Categories/Category/button_upload save' to be visible (Root cause: org.openqa.selenium.StaleElementReferenceException: stale element reference: element is not attached to the page document
  (Session info: chrome=74.0.3729.131)
  (Driver info: chromedriver=2.35.528161 (5b82f2d2aae0ca24b877009200ced9065a772e73),platform=Windows NT 6.1.7601 SP1 x86_64) (WARNING: The server did not provide any stacktrace information)
Command duration or timeout: 0 milliseconds
For documentation on this error, please visit: http://seleniumhq.org/exceptions/stale_element_reference.html
Build info: version: '3.7.1', revision: '8a0099a', time: '2017-11-06T21:07:36.161Z'
System info: host: 'ARCADIER-PC', ip: '10.10.31.95', os.name: 'Windows 7', os.arch: 'amd64', os.version: '6.1', java.version: '1.8.0_102'
Driver info: com.kms.katalon.core.webui.driver.ExistingRemoteWebDriver
Capabilities {javascriptEnabled: true, platform: ANY, platformName: ANY}
Session ID: 4cba786bf88613ee8a0544a4d9db771f)
[[ATTACHMENT|C:\\Katalon\\Arctick\\Reports\\Suites\\Admin Add Category\\20190515_083232\\1557881815045.png]]

2019-05-15 08:56:55 - [TEST_STEP][PASSED] - setText: Text 'Description59' is set on object 'Object Repository/ADMIN/Categories/Category/textfield_category_description'

2019-05-15 08:56:55 - [MESSAGE][PASSED] - Text 'Description59' is set on object 'Object Repository/ADMIN/Categories/Category/textfield_category_description'

2019-05-15 08:56:55 - [TEST_STEP][PASSED] - click: Object: 'Object Repository/ADMIN/Categories/Category/button_Save' is clicked on

2019-05-15 08:56:55 - [MESSAGE][PASSED] - Object: 'Object Repository/ADMIN/Categories/Category/button_Save' is clicked on

2019-05-15 08:56:55 - [TEST_STEP][PASSED] - waitForElementVisible: Object 'Object Repository/ADMIN/Categories/Category/label_edit popup' is visible

2019-05-15 08:56:55 - [MESSAGE][WARNING] - Timeout '0' is invalid. Using default page load timeout: '30'

2019-05-15 08:57:08 - [MESSAGE][PASSED] - Object 'Object Repository/ADMIN/Categories/Category/label_edit popup' is visible

2019-05-15 08:57:08 - [TEST_STEP][PASSED] - waitForElementNotPresent: Web element with id: 'Object Repository/ADMIN/Categories/Category/label_edit popup' located by 'By.xpath: //div[(text() = 'Category was successfully saved.' or . = 'Category was successfully saved.')]' is not present after '30' second(s)

2019-05-15 08:57:08 - [MESSAGE][WARNING] - Timeout '0' is invalid. Using default page load timeout: '30'

2019-05-15 08:57:14 - [MESSAGE][PASSED] - Web element with id: 'Object Repository/ADMIN/Categories/Category/label_edit popup' located by 'By.xpath: //div[(text() = 'Category was successfully saved.' or . = 'Category was successfully saved.')]' is not present after '30' second(s)]]></system-out>
         <system-err><![CDATA[2019-05-15 08:56:36 - [TEST_CASE][FAILED] - Test Cases/ADMIN/Content Mgmt/Categories/Category Add-Edit/Add Category: Test Cases/ADMIN/Content Mgmt/Categories/Category Add-Edit/Add Category FAILED because (of) Unable to select option by label 'Category 4' of object 'Object Repository/ADMIN/Categories/Category/dropdown_Parent'  (Root cause: org.openqa.selenium.NoSuchElementException: Cannot locate element with text: Category 4
For documentation on this error, please visit: http://seleniumhq.org/exceptions/no_such_element.html
Build info: version: '3.7.1', revision: '8a0099a', time: '2017-11-06T21:07:36.161Z'
System info: host: 'ARCADIER-PC', ip: '10.10.31.95', os.name: 'Windows 7', os.arch: 'amd64', os.version: '6.1', java.version: '1.8.0_102'
Driver info: driver.version: unknown)]]></system-err>
      </testcase>
      <testcase name="Test Cases/ADMIN/Content Mgmt/Categories/Category Add-Edit/Add Category" classname="Test Cases/ADMIN/Content Mgmt/Categories/Category Add-Edit/Add Category" status="FAILED">
         <failure type="FAILED" message="Unable to click on object 'Object Repository/ADMIN/Categories/Category List/button_Categories' (Root cause: org.openqa.selenium.ElementNotVisibleException: element not visible
  (Session info: chrome=74.0.3729.131)
  (Driver info: chromedriver=2.35.528161 (5b82f2d2aae0ca24b877009200ced9065a772e73),platform=Windows NT 6.1.7601 SP1 x86_64) (WARNING: The server did not provide any stacktrace information)
Command duration or timeout: 0 milliseconds
Build info: version: '3.7.1', revision: '8a0099a', time: '2017-11-06T21:07:36.161Z'
System info: host: 'ARCADIER-PC', ip: '10.10.31.95', os.name: 'Windows 7', os.arch: 'amd64', os.version: '6.1', java.version: '1.8.0_102'
Driver info: com.kms.katalon.core.webui.driver.ExistingRemoteWebDriver
Capabilities {javascriptEnabled: true, platform: ANY, platformName: ANY}
Session ID: 4cba786bf88613ee8a0544a4d9db771f)"/>
         <system-out><![CDATA[2019-05-15 08:57:14 - [TEST_CASE][FAILED] - Test Cases/ADMIN/Content Mgmt/Categories/Category Add-Edit/Add Category: Test Cases/ADMIN/Content Mgmt/Categories/Category Add-Edit/Add Category FAILED because (of) Unable to click on object 'Object Repository/ADMIN/Categories/Category List/button_Categories' (Root cause: org.openqa.selenium.ElementNotVisibleException: element not visible
  (Session info: chrome=74.0.3729.131)
  (Driver info: chromedriver=2.35.528161 (5b82f2d2aae0ca24b877009200ced9065a772e73),platform=Windows NT 6.1.7601 SP1 x86_64) (WARNING: The server did not provide any stacktrace information)
Command duration or timeout: 0 milliseconds
Build info: version: '3.7.1', revision: '8a0099a', time: '2017-11-06T21:07:36.161Z'
System info: host: 'ARCADIER-PC', ip: '10.10.31.95', os.name: 'Windows 7', os.arch: 'amd64', os.version: '6.1', java.version: '1.8.0_102'
Driver info: com.kms.katalon.core.webui.driver.ExistingRemoteWebDriver
Capabilities {javascriptEnabled: true, platform: ANY, platformName: ANY}
Session ID: 4cba786bf88613ee8a0544a4d9db771f)

2019-05-15 08:57:14 - [TEST_STEP][PASSED] - waitForElementVisible: Object 'Object Repository/ADMIN/Categories/Category List/button_Content Mgmt' is visible

2019-05-15 08:57:14 - [MESSAGE][WARNING] - Timeout '0' is invalid. Using default page load timeout: '30'

2019-05-15 08:57:14 - [MESSAGE][PASSED] - Object 'Object Repository/ADMIN/Categories/Category List/button_Content Mgmt' is visible

2019-05-15 08:57:14 - [TEST_STEP][PASSED] - click: Object: 'Object Repository/ADMIN/Categories/Category List/button_Content Mgmt' is clicked on

2019-05-15 08:57:15 - [MESSAGE][PASSED] - Object: 'Object Repository/ADMIN/Categories/Category List/button_Content Mgmt' is clicked on

2019-05-15 08:57:15 - [TEST_STEP][PASSED] - waitForElementVisible: Object 'Object Repository/ADMIN/Categories/Category List/button_Categories' is visible

2019-05-15 08:57:15 - [MESSAGE][WARNING] - Timeout '0' is invalid. Using default page load timeout: '30'

2019-05-15 08:57:15 - [MESSAGE][PASSED] - Object 'Object Repository/ADMIN/Categories/Category List/button_Categories' is visible

2019-05-15 08:57:15 - [TEST_STEP][FAILED] - click: Unable to click on object 'Object Repository/ADMIN/Categories/Category List/button_Categories' (Root cause: org.openqa.selenium.ElementNotVisibleException: element not visible
  (Session info: chrome=74.0.3729.131)
  (Driver info: chromedriver=2.35.528161 (5b82f2d2aae0ca24b877009200ced9065a772e73),platform=Windows NT 6.1.7601 SP1 x86_64) (WARNING: The server did not provide any stacktrace information)
Command duration or timeout: 0 milliseconds
Build info: version: '3.7.1', revision: '8a0099a', time: '2017-11-06T21:07:36.161Z'
System info: host: 'ARCADIER-PC', ip: '10.10.31.95', os.name: 'Windows 7', os.arch: 'amd64', os.version: '6.1', java.version: '1.8.0_102'
Driver info: com.kms.katalon.core.webui.driver.ExistingRemoteWebDriver
Capabilities {javascriptEnabled: true, platform: ANY, platformName: ANY}
Session ID: 4cba786bf88613ee8a0544a4d9db771f)

2019-05-15 08:57:15 - [MESSAGE][FAILED] - Unable to click on object 'Object Repository/ADMIN/Categories/Category List/button_Categories' (Root cause: org.openqa.selenium.ElementNotVisibleException: element not visible
  (Session info: chrome=74.0.3729.131)
  (Driver info: chromedriver=2.35.528161 (5b82f2d2aae0ca24b877009200ced9065a772e73),platform=Windows NT 6.1.7601 SP1 x86_64) (WARNING: The server did not provide any stacktrace information)
Command duration or timeout: 0 milliseconds
Build info: version: '3.7.1', revision: '8a0099a', time: '2017-11-06T21:07:36.161Z'
System info: host: 'ARCADIER-PC', ip: '10.10.31.95', os.name: 'Windows 7', os.arch: 'amd64', os.version: '6.1', java.version: '1.8.0_102'
Driver info: com.kms.katalon.core.webui.driver.ExistingRemoteWebDriver
Capabilities {javascriptEnabled: true, platform: ANY, platformName: ANY}
Session ID: 4cba786bf88613ee8a0544a4d9db771f)
[[ATTACHMENT|C:\\Katalon\\Arctick\\Reports\\Suites\\Admin Add Category\\20190515_083232\\1557881835311.png]]

2019-05-15 08:57:15 - [TEST_STEP][PASSED] - waitForPageLoad: Wait for page load successfully

2019-05-15 08:57:15 - [MESSAGE][WARNING] - Timeout '0' is invalid. Using default page load timeout: '30'

2019-05-15 08:57:15 - [MESSAGE][PASSED] - Wait for page load successfully

2019-05-15 08:57:15 - [TEST_STEP][PASSED] - click: Object: 'Object Repository/ADMIN/Categories/Category List/button_Add a Category' is clicked on

2019-05-15 08:57:15 - [MESSAGE][PASSED] - Object: 'Object Repository/ADMIN/Categories/Category List/button_Add a Category' is clicked on

2019-05-15 08:57:15 - [TEST_STEP][PASSED] - waitForElementPresent: Object 'Object Repository/ADMIN/Categories/Category/dropdown_Parent' is present

2019-05-15 08:57:15 - [MESSAGE][PASSED] - Object 'Object Repository/ADMIN/Categories/Category/dropdown_Parent' is present

2019-05-15 08:57:15 - [TEST_STEP][PASSED] - delay: Delayed 1 second(s)

2019-05-15 08:57:16 - [MESSAGE][PASSED] - Delayed 1 second(s)

2019-05-15 08:57:16 - [TEST_STEP][PASSED] - setText: Text 'Category 4.8' is set on object 'Object Repository/ADMIN/Categories/Category/textfield_Category Name'

2019-05-15 08:57:17 - [MESSAGE][PASSED] - Text 'Category 4.8' is set on object 'Object Repository/ADMIN/Categories/Category/textfield_Category Name'

2019-05-15 08:57:17 - [TEST_STEP][PASSED] - click: Object: 'Object Repository/ADMIN/Categories/Category/dropdown_Parent' is clicked on

2019-05-15 08:57:17 - [MESSAGE][PASSED] - Object: 'Object Repository/ADMIN/Categories/Category/dropdown_Parent' is clicked on

2019-05-15 08:57:17 - [TEST_STEP][PASSED] - delay: Delayed 2 second(s)

2019-05-15 08:57:19 - [MESSAGE][PASSED] - Delayed 2 second(s)

2019-05-15 08:57:19 - [TEST_STEP][PASSED] - click: Object: 'Object Repository/ADMIN/Categories/Category/dropdown_Parent' is clicked on

2019-05-15 08:57:19 - [MESSAGE][PASSED] - Object: 'Object Repository/ADMIN/Categories/Category/dropdown_Parent' is clicked on

2019-05-15 08:57:19 - [TEST_STEP][FAILED] - selectOptionByLabel: Unable to select option by label 'Category 4' of object 'Object Repository/ADMIN/Categories/Category/dropdown_Parent'  (Root cause: org.openqa.selenium.NoSuchElementException: Cannot locate element with text: Category 4
For documentation on this error, please visit: http://seleniumhq.org/exceptions/no_such_element.html
Build info: version: '3.7.1', revision: '8a0099a', time: '2017-11-06T21:07:36.161Z'
System info: host: 'ARCADIER-PC', ip: '10.10.31.95', os.name: 'Windows 7', os.arch: 'amd64', os.version: '6.1', java.version: '1.8.0_102'
Driver info: driver.version: unknown)

2019-05-15 08:57:20 - [MESSAGE][FAILED] - Unable to select option by label 'Category 4' of object 'Object Repository/ADMIN/Categories/Category/dropdown_Parent'  (Root cause: org.openqa.selenium.NoSuchElementException: Cannot locate element with text: Category 4
For documentation on this error, please visit: http://seleniumhq.org/exceptions/no_such_element.html
Build info: version: '3.7.1', revision: '8a0099a', time: '2017-11-06T21:07:36.161Z'
System info: host: 'ARCADIER-PC', ip: '10.10.31.95', os.name: 'Windows 7', os.arch: 'amd64', os.version: '6.1', java.version: '1.8.0_102'
Driver info: driver.version: unknown)
[[ATTACHMENT|C:\\Katalon\\Arctick\\Reports\\Suites\\Admin Add Category\\20190515_083232\\1557881839928.png]]

2019-05-15 08:57:20 - [TEST_STEP][PASSED] - click: Object: 'Object Repository/ADMIN/Categories/Category/button_Browse' is clicked on

2019-05-15 08:57:20 - [MESSAGE][PASSED] - Object: 'Object Repository/ADMIN/Categories/Category/button_Browse' is clicked on

2019-05-15 08:57:20 - [TEST_STEP][PASSED] - delay: Delayed 1 second(s)

2019-05-15 08:57:21 - [MESSAGE][PASSED] - Delayed 1 second(s)

2019-05-15 08:57:21 - [TEST_STEP][PASSED] - uploadFile: File 'C:\\Katalon\\Image\\pic11.jpg' sent to object: 'Object Repository/ADMIN/Categories/Category/image_input image'

2019-05-15 08:57:21 - [MESSAGE][PASSED] - File 'C:\\Katalon\\Image\\pic11.jpg' sent to object: 'Object Repository/ADMIN/Categories/Category/image_input image'

2019-05-15 08:57:21 - [TEST_STEP][PASSED] - waitForElementVisible: Object 'Object Repository/ADMIN/Categories/Category/button_upload check' is visible

2019-05-15 08:57:21 - [MESSAGE][WARNING] - Timeout '0' is invalid. Using default page load timeout: '30'

2019-05-15 08:57:21 - [MESSAGE][PASSED] - Object 'Object Repository/ADMIN/Categories/Category/button_upload check' is visible

2019-05-15 08:57:21 - [TEST_STEP][PASSED] - click: Object: 'Object Repository/ADMIN/Categories/Category/button_upload check' is clicked on

2019-05-15 08:57:21 - [MESSAGE][PASSED] - Object: 'Object Repository/ADMIN/Categories/Category/button_upload check' is clicked on

2019-05-15 08:57:21 - [TEST_STEP][PASSED] - click: Object: 'Object Repository/ADMIN/Categories/Category/button_upload save' is clicked on

2019-05-15 08:57:22 - [MESSAGE][PASSED] - Object: 'Object Repository/ADMIN/Categories/Category/button_upload save' is clicked on

2019-05-15 08:57:22 - [TEST_STEP][PASSED] - waitForElementVisible: Object 'Object Repository/ADMIN/Categories/Category/button_upload save' is visible

2019-05-15 08:57:22 - [MESSAGE][WARNING] - Timeout '0' is invalid. Using default page load timeout: '30'

2019-05-15 08:57:22 - [MESSAGE][PASSED] - Object 'Object Repository/ADMIN/Categories/Category/button_upload save' is visible

2019-05-15 08:57:22 - [TEST_STEP][PASSED] - setText: Text 'Description60' is set on object 'Object Repository/ADMIN/Categories/Category/textfield_category_description'

2019-05-15 08:57:23 - [MESSAGE][PASSED] - Text 'Description60' is set on object 'Object Repository/ADMIN/Categories/Category/textfield_category_description'

2019-05-15 08:57:23 - [TEST_STEP][PASSED] - click: Object: 'Object Repository/ADMIN/Categories/Category/button_Save' is clicked on

2019-05-15 08:57:24 - [MESSAGE][PASSED] - Object: 'Object Repository/ADMIN/Categories/Category/button_Save' is clicked on

2019-05-15 08:57:24 - [TEST_STEP][PASSED] - waitForElementVisible: Object 'Object Repository/ADMIN/Categories/Category/label_edit popup' is visible

2019-05-15 08:57:24 - [MESSAGE][WARNING] - Timeout '0' is invalid. Using default page load timeout: '30'

2019-05-15 08:57:35 - [MESSAGE][PASSED] - Object 'Object Repository/ADMIN/Categories/Category/label_edit popup' is visible

2019-05-15 08:57:35 - [TEST_STEP][PASSED] - waitForElementNotPresent: Web element with id: 'Object Repository/ADMIN/Categories/Category/label_edit popup' located by 'By.xpath: //div[(text() = 'Category was successfully saved.' or . = 'Category was successfully saved.')]' is not present after '30' second(s)

2019-05-15 08:57:35 - [MESSAGE][WARNING] - Timeout '0' is invalid. Using default page load timeout: '30'

2019-05-15 08:57:41 - [MESSAGE][PASSED] - Web element with id: 'Object Repository/ADMIN/Categories/Category/label_edit popup' located by 'By.xpath: //div[(text() = 'Category was successfully saved.' or . = 'Category was successfully saved.')]' is not present after '30' second(s)]]></system-out>
         <system-err><![CDATA[2019-05-15 08:57:14 - [TEST_CASE][FAILED] - Test Cases/ADMIN/Content Mgmt/Categories/Category Add-Edit/Add Category: Test Cases/ADMIN/Content Mgmt/Categories/Category Add-Edit/Add Category FAILED because (of) Unable to click on object 'Object Repository/ADMIN/Categories/Category List/button_Categories' (Root cause: org.openqa.selenium.ElementNotVisibleException: element not visible
  (Session info: chrome=74.0.3729.131)
  (Driver info: chromedriver=2.35.528161 (5b82f2d2aae0ca24b877009200ced9065a772e73),platform=Windows NT 6.1.7601 SP1 x86_64) (WARNING: The server did not provide any stacktrace information)
Command duration or timeout: 0 milliseconds
Build info: version: '3.7.1', revision: '8a0099a', time: '2017-11-06T21:07:36.161Z'
System info: host: 'ARCADIER-PC', ip: '10.10.31.95', os.name: 'Windows 7', os.arch: 'amd64', os.version: '6.1', java.version: '1.8.0_102'
Driver info: com.kms.katalon.core.webui.driver.ExistingRemoteWebDriver
Capabilities {javascriptEnabled: true, platform: ANY, platformName: ANY}
Session ID: 4cba786bf88613ee8a0544a4d9db771f)]]></system-err>
      </testcase>
      <testcase name="Test Cases/ADMIN/Content Mgmt/Categories/Category Add-Edit/Add Category" classname="Test Cases/ADMIN/Content Mgmt/Categories/Category Add-Edit/Add Category" status="FAILED">
         <failure type="FAILED" message="Unable to click on object 'Object Repository/ADMIN/Categories/Category List/button_Categories' (Root cause: org.openqa.selenium.ElementNotVisibleException: element not visible
  (Session info: chrome=74.0.3729.131)
  (Driver info: chromedriver=2.35.528161 (5b82f2d2aae0ca24b877009200ced9065a772e73),platform=Windows NT 6.1.7601 SP1 x86_64) (WARNING: The server did not provide any stacktrace information)
Command duration or timeout: 0 milliseconds
Build info: version: '3.7.1', revision: '8a0099a', time: '2017-11-06T21:07:36.161Z'
System info: host: 'ARCADIER-PC', ip: '10.10.31.95', os.name: 'Windows 7', os.arch: 'amd64', os.version: '6.1', java.version: '1.8.0_102'
Driver info: com.kms.katalon.core.webui.driver.ExistingRemoteWebDriver
Capabilities {javascriptEnabled: true, platform: ANY, platformName: ANY}
Session ID: 4cba786bf88613ee8a0544a4d9db771f)"/>
         <system-out><![CDATA[2019-05-15 08:57:41 - [TEST_CASE][FAILED] - Test Cases/ADMIN/Content Mgmt/Categories/Category Add-Edit/Add Category: Test Cases/ADMIN/Content Mgmt/Categories/Category Add-Edit/Add Category FAILED because (of) Unable to click on object 'Object Repository/ADMIN/Categories/Category List/button_Categories' (Root cause: org.openqa.selenium.ElementNotVisibleException: element not visible
  (Session info: chrome=74.0.3729.131)
  (Driver info: chromedriver=2.35.528161 (5b82f2d2aae0ca24b877009200ced9065a772e73),platform=Windows NT 6.1.7601 SP1 x86_64) (WARNING: The server did not provide any stacktrace information)
Command duration or timeout: 0 milliseconds
Build info: version: '3.7.1', revision: '8a0099a', time: '2017-11-06T21:07:36.161Z'
System info: host: 'ARCADIER-PC', ip: '10.10.31.95', os.name: 'Windows 7', os.arch: 'amd64', os.version: '6.1', java.version: '1.8.0_102'
Driver info: com.kms.katalon.core.webui.driver.ExistingRemoteWebDriver
Capabilities {javascriptEnabled: true, platform: ANY, platformName: ANY}
Session ID: 4cba786bf88613ee8a0544a4d9db771f)

2019-05-15 08:57:41 - [TEST_STEP][PASSED] - waitForElementVisible: Object 'Object Repository/ADMIN/Categories/Category List/button_Content Mgmt' is visible

2019-05-15 08:57:41 - [MESSAGE][WARNING] - Timeout '0' is invalid. Using default page load timeout: '30'

2019-05-15 08:57:41 - [MESSAGE][PASSED] - Object 'Object Repository/ADMIN/Categories/Category List/button_Content Mgmt' is visible

2019-05-15 08:57:41 - [TEST_STEP][PASSED] - click: Object: 'Object Repository/ADMIN/Categories/Category List/button_Content Mgmt' is clicked on

2019-05-15 08:57:41 - [MESSAGE][PASSED] - Object: 'Object Repository/ADMIN/Categories/Category List/button_Content Mgmt' is clicked on

2019-05-15 08:57:42 - [TEST_STEP][PASSED] - waitForElementVisible: Object 'Object Repository/ADMIN/Categories/Category List/button_Categories' is visible

2019-05-15 08:57:42 - [MESSAGE][WARNING] - Timeout '0' is invalid. Using default page load timeout: '30'

2019-05-15 08:57:42 - [MESSAGE][PASSED] - Object 'Object Repository/ADMIN/Categories/Category List/button_Categories' is visible

2019-05-15 08:57:42 - [TEST_STEP][FAILED] - click: Unable to click on object 'Object Repository/ADMIN/Categories/Category List/button_Categories' (Root cause: org.openqa.selenium.ElementNotVisibleException: element not visible
  (Session info: chrome=74.0.3729.131)
  (Driver info: chromedriver=2.35.528161 (5b82f2d2aae0ca24b877009200ced9065a772e73),platform=Windows NT 6.1.7601 SP1 x86_64) (WARNING: The server did not provide any stacktrace information)
Command duration or timeout: 0 milliseconds
Build info: version: '3.7.1', revision: '8a0099a', time: '2017-11-06T21:07:36.161Z'
System info: host: 'ARCADIER-PC', ip: '10.10.31.95', os.name: 'Windows 7', os.arch: 'amd64', os.version: '6.1', java.version: '1.8.0_102'
Driver info: com.kms.katalon.core.webui.driver.ExistingRemoteWebDriver
Capabilities {javascriptEnabled: true, platform: ANY, platformName: ANY}
Session ID: 4cba786bf88613ee8a0544a4d9db771f)

2019-05-15 08:57:42 - [MESSAGE][FAILED] - Unable to click on object 'Object Repository/ADMIN/Categories/Category List/button_Categories' (Root cause: org.openqa.selenium.ElementNotVisibleException: element not visible
  (Session info: chrome=74.0.3729.131)
  (Driver info: chromedriver=2.35.528161 (5b82f2d2aae0ca24b877009200ced9065a772e73),platform=Windows NT 6.1.7601 SP1 x86_64) (WARNING: The server did not provide any stacktrace information)
Command duration or timeout: 0 milliseconds
Build info: version: '3.7.1', revision: '8a0099a', time: '2017-11-06T21:07:36.161Z'
System info: host: 'ARCADIER-PC', ip: '10.10.31.95', os.name: 'Windows 7', os.arch: 'amd64', os.version: '6.1', java.version: '1.8.0_102'
Driver info: com.kms.katalon.core.webui.driver.ExistingRemoteWebDriver
Capabilities {javascriptEnabled: true, platform: ANY, platformName: ANY}
Session ID: 4cba786bf88613ee8a0544a4d9db771f)
[[ATTACHMENT|C:\\Katalon\\Arctick\\Reports\\Suites\\Admin Add Category\\20190515_083232\\1557881862292.png]]

2019-05-15 08:57:42 - [TEST_STEP][PASSED] - waitForPageLoad: Wait for page load successfully

2019-05-15 08:57:42 - [MESSAGE][WARNING] - Timeout '0' is invalid. Using default page load timeout: '30'

2019-05-15 08:57:42 - [MESSAGE][PASSED] - Wait for page load successfully

2019-05-15 08:57:42 - [TEST_STEP][FAILED] - click: Unable to click on object 'Object Repository/ADMIN/Categories/Category List/button_Add a Category' (Root cause: org.openqa.selenium.WebDriverException: unknown error: Element <a onclick="CategoryManager.addCategory();" class="blue-btn" href="javascript:void(0)" id="cat_add">...</a> is not clickable at point (1733, 22). Other element would receive the click: <div class="panel-info-body">...</div>
  (Session info: chrome=74.0.3729.131)
  (Driver info: chromedriver=2.35.528161 (5b82f2d2aae0ca24b877009200ced9065a772e73),platform=Windows NT 6.1.7601 SP1 x86_64) (WARNING: The server did not provide any stacktrace information)
Command duration or timeout: 0 milliseconds
Build info: version: '3.7.1', revision: '8a0099a', time: '2017-11-06T21:07:36.161Z'
System info: host: 'ARCADIER-PC', ip: '10.10.31.95', os.name: 'Windows 7', os.arch: 'amd64', os.version: '6.1', java.version: '1.8.0_102'
Driver info: com.kms.katalon.core.webui.driver.ExistingRemoteWebDriver
Capabilities {javascriptEnabled: true, platform: ANY, platformName: ANY}
Session ID: 4cba786bf88613ee8a0544a4d9db771f)

2019-05-15 08:57:43 - [MESSAGE][FAILED] - Unable to click on object 'Object Repository/ADMIN/Categories/Category List/button_Add a Category' (Root cause: org.openqa.selenium.WebDriverException: unknown error: Element <a onclick="CategoryManager.addCategory();" class="blue-btn" href="javascript:void(0)" id="cat_add">...</a> is not clickable at point (1733, 22). Other element would receive the click: <div class="panel-info-body">...</div>
  (Session info: chrome=74.0.3729.131)
  (Driver info: chromedriver=2.35.528161 (5b82f2d2aae0ca24b877009200ced9065a772e73),platform=Windows NT 6.1.7601 SP1 x86_64) (WARNING: The server did not provide any stacktrace information)
Command duration or timeout: 0 milliseconds
Build info: version: '3.7.1', revision: '8a0099a', time: '2017-11-06T21:07:36.161Z'
System info: host: 'ARCADIER-PC', ip: '10.10.31.95', os.name: 'Windows 7', os.arch: 'amd64', os.version: '6.1', java.version: '1.8.0_102'
Driver info: com.kms.katalon.core.webui.driver.ExistingRemoteWebDriver
Capabilities {javascriptEnabled: true, platform: ANY, platformName: ANY}
Session ID: 4cba786bf88613ee8a0544a4d9db771f)
[[ATTACHMENT|C:\\Katalon\\Arctick\\Reports\\Suites\\Admin Add Category\\20190515_083232\\1557881862742.png]]

2019-05-15 08:57:43 - [TEST_STEP][PASSED] - waitForElementPresent: Object 'Object Repository/ADMIN/Categories/Category/dropdown_Parent' is present

2019-05-15 08:57:43 - [MESSAGE][PASSED] - Object 'Object Repository/ADMIN/Categories/Category/dropdown_Parent' is present

2019-05-15 08:57:43 - [TEST_STEP][PASSED] - delay: Delayed 1 second(s)

2019-05-15 08:57:44 - [MESSAGE][PASSED] - Delayed 1 second(s)

2019-05-15 08:57:44 - [TEST_STEP][FAILED] - setText: Unable to set text 'Category 4.9' of object 'Object Repository/ADMIN/Categories/Category/textfield_Category Name' (Root cause: org.openqa.selenium.InvalidElementStateException: invalid element state: Element is not currently interactable and may not be manipulated
  (Session info: chrome=74.0.3729.131)
  (Driver info: chromedriver=2.35.528161 (5b82f2d2aae0ca24b877009200ced9065a772e73),platform=Windows NT 6.1.7601 SP1 x86_64) (WARNING: The server did not provide any stacktrace information)
Command duration or timeout: 0 milliseconds
Build info: version: '3.7.1', revision: '8a0099a', time: '2017-11-06T21:07:36.161Z'
System info: host: 'ARCADIER-PC', ip: '10.10.31.95', os.name: 'Windows 7', os.arch: 'amd64', os.version: '6.1', java.version: '1.8.0_102'
Driver info: com.kms.katalon.core.webui.driver.ExistingRemoteWebDriver
Capabilities {javascriptEnabled: true, platform: ANY, platformName: ANY}
Session ID: 4cba786bf88613ee8a0544a4d9db771f)

2019-05-15 08:57:44 - [MESSAGE][FAILED] - Unable to set text 'Category 4.9' of object 'Object Repository/ADMIN/Categories/Category/textfield_Category Name' (Root cause: org.openqa.selenium.InvalidElementStateException: invalid element state: Element is not currently interactable and may not be manipulated
  (Session info: chrome=74.0.3729.131)
  (Driver info: chromedriver=2.35.528161 (5b82f2d2aae0ca24b877009200ced9065a772e73),platform=Windows NT 6.1.7601 SP1 x86_64) (WARNING: The server did not provide any stacktrace information)
Command duration or timeout: 0 milliseconds
Build info: version: '3.7.1', revision: '8a0099a', time: '2017-11-06T21:07:36.161Z'
System info: host: 'ARCADIER-PC', ip: '10.10.31.95', os.name: 'Windows 7', os.arch: 'amd64', os.version: '6.1', java.version: '1.8.0_102'
Driver info: com.kms.katalon.core.webui.driver.ExistingRemoteWebDriver
Capabilities {javascriptEnabled: true, platform: ANY, platformName: ANY}
Session ID: 4cba786bf88613ee8a0544a4d9db771f)
[[ATTACHMENT|C:\\Katalon\\Arctick\\Reports\\Suites\\Admin Add Category\\20190515_083232\\1557881864457.png]]

2019-05-15 08:57:44 - [TEST_STEP][FAILED] - click: Unable to click on object 'Object Repository/ADMIN/Categories/Category/dropdown_Parent' (Root cause: org.openqa.selenium.ElementNotVisibleException: element not visible
  (Session info: chrome=74.0.3729.131)
  (Driver info: chromedriver=2.35.528161 (5b82f2d2aae0ca24b877009200ced9065a772e73),platform=Windows NT 6.1.7601 SP1 x86_64) (WARNING: The server did not provide any stacktrace information)
Command duration or timeout: 0 milliseconds
Build info: version: '3.7.1', revision: '8a0099a', time: '2017-11-06T21:07:36.161Z'
System info: host: 'ARCADIER-PC', ip: '10.10.31.95', os.name: 'Windows 7', os.arch: 'amd64', os.version: '6.1', java.version: '1.8.0_102'
Driver info: com.kms.katalon.core.webui.driver.ExistingRemoteWebDriver
Capabilities {javascriptEnabled: true, platform: ANY, platformName: ANY}
Session ID: 4cba786bf88613ee8a0544a4d9db771f)

2019-05-15 08:57:45 - [MESSAGE][FAILED] - Unable to click on object 'Object Repository/ADMIN/Categories/Category/dropdown_Parent' (Root cause: org.openqa.selenium.ElementNotVisibleException: element not visible
  (Session info: chrome=74.0.3729.131)
  (Driver info: chromedriver=2.35.528161 (5b82f2d2aae0ca24b877009200ced9065a772e73),platform=Windows NT 6.1.7601 SP1 x86_64) (WARNING: The server did not provide any stacktrace information)
Command duration or timeout: 0 milliseconds
Build info: version: '3.7.1', revision: '8a0099a', time: '2017-11-06T21:07:36.161Z'
System info: host: 'ARCADIER-PC', ip: '10.10.31.95', os.name: 'Windows 7', os.arch: 'amd64', os.version: '6.1', java.version: '1.8.0_102'
Driver info: com.kms.katalon.core.webui.driver.ExistingRemoteWebDriver
Capabilities {javascriptEnabled: true, platform: ANY, platformName: ANY}
Session ID: 4cba786bf88613ee8a0544a4d9db771f)
[[ATTACHMENT|C:\\Katalon\\Arctick\\Reports\\Suites\\Admin Add Category\\20190515_083232\\1557881864845.png]]

2019-05-15 08:57:45 - [TEST_STEP][PASSED] - delay: Delayed 2 second(s)

2019-05-15 08:57:47 - [MESSAGE][PASSED] - Delayed 2 second(s)

2019-05-15 08:57:47 - [TEST_STEP][FAILED] - click: Unable to click on object 'Object Repository/ADMIN/Categories/Category/dropdown_Parent' (Root cause: org.openqa.selenium.ElementNotVisibleException: element not visible
  (Session info: chrome=74.0.3729.131)
  (Driver info: chromedriver=2.35.528161 (5b82f2d2aae0ca24b877009200ced9065a772e73),platform=Windows NT 6.1.7601 SP1 x86_64) (WARNING: The server did not provide any stacktrace information)
Command duration or timeout: 0 milliseconds
Build info: version: '3.7.1', revision: '8a0099a', time: '2017-11-06T21:07:36.161Z'
System info: host: 'ARCADIER-PC', ip: '10.10.31.95', os.name: 'Windows 7', os.arch: 'amd64', os.version: '6.1', java.version: '1.8.0_102'
Driver info: com.kms.katalon.core.webui.driver.ExistingRemoteWebDriver
Capabilities {javascriptEnabled: true, platform: ANY, platformName: ANY}
Session ID: 4cba786bf88613ee8a0544a4d9db771f)

2019-05-15 08:57:47 - [MESSAGE][FAILED] - Unable to click on object 'Object Repository/ADMIN/Categories/Category/dropdown_Parent' (Root cause: org.openqa.selenium.ElementNotVisibleException: element not visible
  (Session info: chrome=74.0.3729.131)
  (Driver info: chromedriver=2.35.528161 (5b82f2d2aae0ca24b877009200ced9065a772e73),platform=Windows NT 6.1.7601 SP1 x86_64) (WARNING: The server did not provide any stacktrace information)
Command duration or timeout: 0 milliseconds
Build info: version: '3.7.1', revision: '8a0099a', time: '2017-11-06T21:07:36.161Z'
System info: host: 'ARCADIER-PC', ip: '10.10.31.95', os.name: 'Windows 7', os.arch: 'amd64', os.version: '6.1', java.version: '1.8.0_102'
Driver info: com.kms.katalon.core.webui.driver.ExistingRemoteWebDriver
Capabilities {javascriptEnabled: true, platform: ANY, platformName: ANY}
Session ID: 4cba786bf88613ee8a0544a4d9db771f)
[[ATTACHMENT|C:\\Katalon\\Arctick\\Reports\\Suites\\Admin Add Category\\20190515_083232\\1557881867208.png]]

2019-05-15 08:57:47 - [TEST_STEP][FAILED] - selectOptionByLabel: Unable to select option by label 'Category 4' of object 'Object Repository/ADMIN/Categories/Category/dropdown_Parent'  (Root cause: org.openqa.selenium.ElementNotVisibleException: element not visible: Element is not currently visible and may not be manipulated
  (Session info: chrome=74.0.3729.131)
  (Driver info: chromedriver=2.35.528161 (5b82f2d2aae0ca24b877009200ced9065a772e73),platform=Windows NT 6.1.7601 SP1 x86_64) (WARNING: The server did not provide any stacktrace information)
Command duration or timeout: 0 milliseconds
Build info: version: '3.7.1', revision: '8a0099a', time: '2017-11-06T21:07:36.161Z'
System info: host: 'ARCADIER-PC', ip: '10.10.31.95', os.name: 'Windows 7', os.arch: 'amd64', os.version: '6.1', java.version: '1.8.0_102'
Driver info: com.kms.katalon.core.webui.driver.ExistingRemoteWebDriver
Capabilities {javascriptEnabled: true, platform: ANY, platformName: ANY}
Session ID: 4cba786bf88613ee8a0544a4d9db771f)

2019-05-15 08:57:47 - [MESSAGE][FAILED] - Unable to select option by label 'Category 4' of object 'Object Repository/ADMIN/Categories/Category/dropdown_Parent'  (Root cause: org.openqa.selenium.ElementNotVisibleException: element not visible: Element is not currently visible and may not be manipulated
  (Session info: chrome=74.0.3729.131)
  (Driver info: chromedriver=2.35.528161 (5b82f2d2aae0ca24b877009200ced9065a772e73),platform=Windows NT 6.1.7601 SP1 x86_64) (WARNING: The server did not provide any stacktrace information)
Command duration or timeout: 0 milliseconds
Build info: version: '3.7.1', revision: '8a0099a', time: '2017-11-06T21:07:36.161Z'
System info: host: 'ARCADIER-PC', ip: '10.10.31.95', os.name: 'Windows 7', os.arch: 'amd64', os.version: '6.1', java.version: '1.8.0_102'
Driver info: com.kms.katalon.core.webui.driver.ExistingRemoteWebDriver
Capabilities {javascriptEnabled: true, platform: ANY, platformName: ANY}
Session ID: 4cba786bf88613ee8a0544a4d9db771f)
[[ATTACHMENT|C:\\Katalon\\Arctick\\Reports\\Suites\\Admin Add Category\\20190515_083232\\1557881867591.png]]

2019-05-15 08:57:47 - [TEST_STEP][FAILED] - click: Unable to click on object 'Object Repository/ADMIN/Categories/Category/button_Browse' (Root cause: org.openqa.selenium.ElementNotVisibleException: element not visible
  (Session info: chrome=74.0.3729.131)
  (Driver info: chromedriver=2.35.528161 (5b82f2d2aae0ca24b877009200ced9065a772e73),platform=Windows NT 6.1.7601 SP1 x86_64) (WARNING: The server did not provide any stacktrace information)
Command duration or timeout: 0 milliseconds
Build info: version: '3.7.1', revision: '8a0099a', time: '2017-11-06T21:07:36.161Z'
System info: host: 'ARCADIER-PC', ip: '10.10.31.95', os.name: 'Windows 7', os.arch: 'amd64', os.version: '6.1', java.version: '1.8.0_102'
Driver info: com.kms.katalon.core.webui.driver.ExistingRemoteWebDriver
Capabilities {javascriptEnabled: true, platform: ANY, platformName: ANY}
Session ID: 4cba786bf88613ee8a0544a4d9db771f)

2019-05-15 08:57:48 - [MESSAGE][FAILED] - Unable to click on object 'Object Repository/ADMIN/Categories/Category/button_Browse' (Root cause: org.openqa.selenium.ElementNotVisibleException: element not visible
  (Session info: chrome=74.0.3729.131)
  (Driver info: chromedriver=2.35.528161 (5b82f2d2aae0ca24b877009200ced9065a772e73),platform=Windows NT 6.1.7601 SP1 x86_64) (WARNING: The server did not provide any stacktrace information)
Command duration or timeout: 0 milliseconds
Build info: version: '3.7.1', revision: '8a0099a', time: '2017-11-06T21:07:36.161Z'
System info: host: 'ARCADIER-PC', ip: '10.10.31.95', os.name: 'Windows 7', os.arch: 'amd64', os.version: '6.1', java.version: '1.8.0_102'
Driver info: com.kms.katalon.core.webui.driver.ExistingRemoteWebDriver
Capabilities {javascriptEnabled: true, platform: ANY, platformName: ANY}
Session ID: 4cba786bf88613ee8a0544a4d9db771f)
[[ATTACHMENT|C:\\Katalon\\Arctick\\Reports\\Suites\\Admin Add Category\\20190515_083232\\1557881867953.png]]

2019-05-15 08:57:48 - [TEST_STEP][PASSED] - delay: Delayed 1 second(s)

2019-05-15 08:57:49 - [MESSAGE][PASSED] - Delayed 1 second(s)

2019-05-15 08:57:49 - [TEST_STEP][PASSED] - uploadFile: File 'C:\\Katalon\\Image\\pic12.jpg' sent to object: 'Object Repository/ADMIN/Categories/Category/image_input image'

2019-05-15 08:57:49 - [MESSAGE][PASSED] - File 'C:\\Katalon\\Image\\pic12.jpg' sent to object: 'Object Repository/ADMIN/Categories/Category/image_input image'

2019-05-15 08:57:49 - [TEST_STEP][PASSED] - waitForElementVisible: Object 'Object Repository/ADMIN/Categories/Category/button_upload check' is not visible after 30 second(s)

2019-05-15 08:57:49 - [MESSAGE][WARNING] - Timeout '0' is invalid. Using default page load timeout: '30'

2019-05-15 08:58:19 - [MESSAGE][WARNING] - Object 'Object Repository/ADMIN/Categories/Category/button_upload check' is not visible after 30 second(s)

2019-05-15 08:58:19 - [TEST_STEP][FAILED] - click: Unable to click on object 'Object Repository/ADMIN/Categories/Category/button_upload check' (Root cause: org.openqa.selenium.ElementNotVisibleException: element not visible
  (Session info: chrome=74.0.3729.131)
  (Driver info: chromedriver=2.35.528161 (5b82f2d2aae0ca24b877009200ced9065a772e73),platform=Windows NT 6.1.7601 SP1 x86_64) (WARNING: The server did not provide any stacktrace information)
Command duration or timeout: 0 milliseconds
Build info: version: '3.7.1', revision: '8a0099a', time: '2017-11-06T21:07:36.161Z'
System info: host: 'ARCADIER-PC', ip: '10.10.31.95', os.name: 'Windows 7', os.arch: 'amd64', os.version: '6.1', java.version: '1.8.0_102'
Driver info: com.kms.katalon.core.webui.driver.ExistingRemoteWebDriver
Capabilities {javascriptEnabled: true, platform: ANY, platformName: ANY}
Session ID: 4cba786bf88613ee8a0544a4d9db771f)

2019-05-15 08:58:20 - [MESSAGE][FAILED] - Unable to click on object 'Object Repository/ADMIN/Categories/Category/button_upload check' (Root cause: org.openqa.selenium.ElementNotVisibleException: element not visible
  (Session info: chrome=74.0.3729.131)
  (Driver info: chromedriver=2.35.528161 (5b82f2d2aae0ca24b877009200ced9065a772e73),platform=Windows NT 6.1.7601 SP1 x86_64) (WARNING: The server did not provide any stacktrace information)
Command duration or timeout: 0 milliseconds
Build info: version: '3.7.1', revision: '8a0099a', time: '2017-11-06T21:07:36.161Z'
System info: host: 'ARCADIER-PC', ip: '10.10.31.95', os.name: 'Windows 7', os.arch: 'amd64', os.version: '6.1', java.version: '1.8.0_102'
Driver info: com.kms.katalon.core.webui.driver.ExistingRemoteWebDriver
Capabilities {javascriptEnabled: true, platform: ANY, platformName: ANY}
Session ID: 4cba786bf88613ee8a0544a4d9db771f)
[[ATTACHMENT|C:\\Katalon\\Arctick\\Reports\\Suites\\Admin Add Category\\20190515_083232\\1557881899976.png]]

2019-05-15 08:58:20 - [TEST_STEP][FAILED] - click: Unable to click on object 'Object Repository/ADMIN/Categories/Category/button_upload save' (Root cause: com.kms.katalon.core.webui.exception.WebElementNotFoundException: Web element with id: 'Object Repository/ADMIN/Categories/Category/button_upload save' located by 'By.xpath: //a[@class = 'btn btn-warning download' and (text() = ' Add Photo' or . = ' Add Photo')]' not found)

2019-05-15 08:58:51 - [MESSAGE][FAILED] - Unable to click on object 'Object Repository/ADMIN/Categories/Category/button_upload save' (Root cause: com.kms.katalon.core.webui.exception.WebElementNotFoundException: Web element with id: 'Object Repository/ADMIN/Categories/Category/button_upload save' located by 'By.xpath: //a[@class = 'btn btn-warning download' and (text() = ' Add Photo' or . = ' Add Photo')]' not found)
[[ATTACHMENT|C:\\Katalon\\Arctick\\Reports\\Suites\\Admin Add Category\\20190515_083232\\1557881931322.png]]

2019-05-15 08:58:51 - [TEST_STEP][PASSED] - waitForElementVisible: Web element with id: 'Object Repository/ADMIN/Categories/Category/button_upload save' located by 'By.xpath: //a[@class = 'btn btn-warning download' and (text() = ' Add Photo' or . = ' Add Photo')]' not found

2019-05-15 08:58:51 - [MESSAGE][WARNING] - Timeout '0' is invalid. Using default page load timeout: '30'

2019-05-15 08:59:22 - [MESSAGE][WARNING] - Web element with id: 'Object Repository/ADMIN/Categories/Category/button_upload save' located by 'By.xpath: //a[@class = 'btn btn-warning download' and (text() = ' Add Photo' or . = ' Add Photo')]' not found

2019-05-15 08:59:22 - [TEST_STEP][FAILED] - setText: Unable to set text 'Description61' of object 'Object Repository/ADMIN/Categories/Category/textfield_category_description' (Root cause: org.openqa.selenium.InvalidElementStateException: invalid element state: Element is not currently interactable and may not be manipulated
  (Session info: chrome=74.0.3729.131)
  (Driver info: chromedriver=2.35.528161 (5b82f2d2aae0ca24b877009200ced9065a772e73),platform=Windows NT 6.1.7601 SP1 x86_64) (WARNING: The server did not provide any stacktrace information)
Command duration or timeout: 0 milliseconds
Build info: version: '3.7.1', revision: '8a0099a', time: '2017-11-06T21:07:36.161Z'
System info: host: 'ARCADIER-PC', ip: '10.10.31.95', os.name: 'Windows 7', os.arch: 'amd64', os.version: '6.1', java.version: '1.8.0_102'
Driver info: com.kms.katalon.core.webui.driver.ExistingRemoteWebDriver
Capabilities {javascriptEnabled: true, platform: ANY, platformName: ANY}
Session ID: 4cba786bf88613ee8a0544a4d9db771f)

2019-05-15 08:59:23 - [MESSAGE][FAILED] - Unable to set text 'Description61' of object 'Object Repository/ADMIN/Categories/Category/textfield_category_description' (Root cause: org.openqa.selenium.InvalidElementStateException: invalid element state: Element is not currently interactable and may not be manipulated
  (Session info: chrome=74.0.3729.131)
  (Driver info: chromedriver=2.35.528161 (5b82f2d2aae0ca24b877009200ced9065a772e73),platform=Windows NT 6.1.7601 SP1 x86_64) (WARNING: The server did not provide any stacktrace information)
Command duration or timeout: 0 milliseconds
Build info: version: '3.7.1', revision: '8a0099a', time: '2017-11-06T21:07:36.161Z'
System info: host: 'ARCADIER-PC', ip: '10.10.31.95', os.name: 'Windows 7', os.arch: 'amd64', os.version: '6.1', java.version: '1.8.0_102'
Driver info: com.kms.katalon.core.webui.driver.ExistingRemoteWebDriver
Capabilities {javascriptEnabled: true, platform: ANY, platformName: ANY}
Session ID: 4cba786bf88613ee8a0544a4d9db771f)
[[ATTACHMENT|C:\\Katalon\\Arctick\\Reports\\Suites\\Admin Add Category\\20190515_083232\\1557881962693.png]]

2019-05-15 08:59:23 - [TEST_STEP][FAILED] - click: Unable to click on object 'Object Repository/ADMIN/Categories/Category/button_Save' (Root cause: org.openqa.selenium.ElementNotVisibleException: element not visible
  (Session info: chrome=74.0.3729.131)
  (Driver info: chromedriver=2.35.528161 (5b82f2d2aae0ca24b877009200ced9065a772e73),platform=Windows NT 6.1.7601 SP1 x86_64) (WARNING: The server did not provide any stacktrace information)
Command duration or timeout: 0 milliseconds
Build info: version: '3.7.1', revision: '8a0099a', time: '2017-11-06T21:07:36.161Z'
System info: host: 'ARCADIER-PC', ip: '10.10.31.95', os.name: 'Windows 7', os.arch: 'amd64', os.version: '6.1', java.version: '1.8.0_102'
Driver info: com.kms.katalon.core.webui.driver.ExistingRemoteWebDriver
Capabilities {javascriptEnabled: true, platform: ANY, platformName: ANY}
Session ID: 4cba786bf88613ee8a0544a4d9db771f)

2019-05-15 08:59:23 - [MESSAGE][FAILED] - Unable to click on object 'Object Repository/ADMIN/Categories/Category/button_Save' (Root cause: org.openqa.selenium.ElementNotVisibleException: element not visible
  (Session info: chrome=74.0.3729.131)
  (Driver info: chromedriver=2.35.528161 (5b82f2d2aae0ca24b877009200ced9065a772e73),platform=Windows NT 6.1.7601 SP1 x86_64) (WARNING: The server did not provide any stacktrace information)
Command duration or timeout: 0 milliseconds
Build info: version: '3.7.1', revision: '8a0099a', time: '2017-11-06T21:07:36.161Z'
System info: host: 'ARCADIER-PC', ip: '10.10.31.95', os.name: 'Windows 7', os.arch: 'amd64', os.version: '6.1', java.version: '1.8.0_102'
Driver info: com.kms.katalon.core.webui.driver.ExistingRemoteWebDriver
Capabilities {javascriptEnabled: true, platform: ANY, platformName: ANY}
Session ID: 4cba786bf88613ee8a0544a4d9db771f)
[[ATTACHMENT|C:\\Katalon\\Arctick\\Reports\\Suites\\Admin Add Category\\20190515_083232\\1557881963063.png]]

2019-05-15 08:59:23 - [TEST_STEP][PASSED] - waitForElementVisible: Web element with id: 'Object Repository/ADMIN/Categories/Category/label_edit popup' located by 'By.xpath: //div[(text() = 'Category was successfully saved.' or . = 'Category was successfully saved.')]' not found

2019-05-15 08:59:23 - [MESSAGE][WARNING] - Timeout '0' is invalid. Using default page load timeout: '30'

2019-05-15 08:59:54 - [MESSAGE][WARNING] - Web element with id: 'Object Repository/ADMIN/Categories/Category/label_edit popup' located by 'By.xpath: //div[(text() = 'Category was successfully saved.' or . = 'Category was successfully saved.')]' not found

2019-05-15 08:59:54 - [TEST_STEP][PASSED] - waitForElementNotPresent: Web element with id: 'Object Repository/ADMIN/Categories/Category/label_edit popup' located by 'By.xpath: //div[(text() = 'Category was successfully saved.' or . = 'Category was successfully saved.')]' is not present after '30' second(s)

2019-05-15 08:59:54 - [MESSAGE][WARNING] - Timeout '0' is invalid. Using default page load timeout: '30'

2019-05-15 08:59:54 - [MESSAGE][PASSED] - Web element with id: 'Object Repository/ADMIN/Categories/Category/label_edit popup' located by 'By.xpath: //div[(text() = 'Category was successfully saved.' or . = 'Category was successfully saved.')]' is not present after '30' second(s)]]></system-out>
         <system-err><![CDATA[2019-05-15 08:57:41 - [TEST_CASE][FAILED] - Test Cases/ADMIN/Content Mgmt/Categories/Category Add-Edit/Add Category: Test Cases/ADMIN/Content Mgmt/Categories/Category Add-Edit/Add Category FAILED because (of) Unable to click on object 'Object Repository/ADMIN/Categories/Category List/button_Categories' (Root cause: org.openqa.selenium.ElementNotVisibleException: element not visible
  (Session info: chrome=74.0.3729.131)
  (Driver info: chromedriver=2.35.528161 (5b82f2d2aae0ca24b877009200ced9065a772e73),platform=Windows NT 6.1.7601 SP1 x86_64) (WARNING: The server did not provide any stacktrace information)
Command duration or timeout: 0 milliseconds
Build info: version: '3.7.1', revision: '8a0099a', time: '2017-11-06T21:07:36.161Z'
System info: host: 'ARCADIER-PC', ip: '10.10.31.95', os.name: 'Windows 7', os.arch: 'amd64', os.version: '6.1', java.version: '1.8.0_102'
Driver info: com.kms.katalon.core.webui.driver.ExistingRemoteWebDriver
Capabilities {javascriptEnabled: true, platform: ANY, platformName: ANY}
Session ID: 4cba786bf88613ee8a0544a4d9db771f)]]></system-err>
      </testcase>
      <testcase name="Test Cases/ADMIN/Content Mgmt/Categories/Category Add-Edit/Add Category" classname="Test Cases/ADMIN/Content Mgmt/Categories/Category Add-Edit/Add Category" status="FAILED">
         <failure type="FAILED" message="Unable to click on object 'Object Repository/ADMIN/Categories/Category List/button_Categories' (Root cause: org.openqa.selenium.ElementNotVisibleException: element not visible
  (Session info: chrome=74.0.3729.131)
  (Driver info: chromedriver=2.35.528161 (5b82f2d2aae0ca24b877009200ced9065a772e73),platform=Windows NT 6.1.7601 SP1 x86_64) (WARNING: The server did not provide any stacktrace information)
Command duration or timeout: 0 milliseconds
Build info: version: '3.7.1', revision: '8a0099a', time: '2017-11-06T21:07:36.161Z'
System info: host: 'ARCADIER-PC', ip: '10.10.31.95', os.name: 'Windows 7', os.arch: 'amd64', os.version: '6.1', java.version: '1.8.0_102'
Driver info: com.kms.katalon.core.webui.driver.ExistingRemoteWebDriver
Capabilities {javascriptEnabled: true, platform: ANY, platformName: ANY}
Session ID: 4cba786bf88613ee8a0544a4d9db771f)"/>
         <system-out><![CDATA[2019-05-15 08:59:54 - [TEST_CASE][FAILED] - Test Cases/ADMIN/Content Mgmt/Categories/Category Add-Edit/Add Category: Test Cases/ADMIN/Content Mgmt/Categories/Category Add-Edit/Add Category FAILED because (of) Unable to click on object 'Object Repository/ADMIN/Categories/Category List/button_Categories' (Root cause: org.openqa.selenium.ElementNotVisibleException: element not visible
  (Session info: chrome=74.0.3729.131)
  (Driver info: chromedriver=2.35.528161 (5b82f2d2aae0ca24b877009200ced9065a772e73),platform=Windows NT 6.1.7601 SP1 x86_64) (WARNING: The server did not provide any stacktrace information)
Command duration or timeout: 0 milliseconds
Build info: version: '3.7.1', revision: '8a0099a', time: '2017-11-06T21:07:36.161Z'
System info: host: 'ARCADIER-PC', ip: '10.10.31.95', os.name: 'Windows 7', os.arch: 'amd64', os.version: '6.1', java.version: '1.8.0_102'
Driver info: com.kms.katalon.core.webui.driver.ExistingRemoteWebDriver
Capabilities {javascriptEnabled: true, platform: ANY, platformName: ANY}
Session ID: 4cba786bf88613ee8a0544a4d9db771f)

2019-05-15 08:59:54 - [TEST_STEP][PASSED] - waitForElementVisible: Object 'Object Repository/ADMIN/Categories/Category List/button_Content Mgmt' is visible

2019-05-15 08:59:54 - [MESSAGE][WARNING] - Timeout '0' is invalid. Using default page load timeout: '30'

2019-05-15 08:59:54 - [MESSAGE][PASSED] - Object 'Object Repository/ADMIN/Categories/Category List/button_Content Mgmt' is visible

2019-05-15 08:59:54 - [TEST_STEP][PASSED] - click: Object: 'Object Repository/ADMIN/Categories/Category List/button_Content Mgmt' is clicked on

2019-05-15 08:59:54 - [MESSAGE][PASSED] - Object: 'Object Repository/ADMIN/Categories/Category List/button_Content Mgmt' is clicked on

2019-05-15 08:59:54 - [TEST_STEP][PASSED] - waitForElementVisible: Object 'Object Repository/ADMIN/Categories/Category List/button_Categories' is visible

2019-05-15 08:59:54 - [MESSAGE][WARNING] - Timeout '0' is invalid. Using default page load timeout: '30'

2019-05-15 08:59:54 - [MESSAGE][PASSED] - Object 'Object Repository/ADMIN/Categories/Category List/button_Categories' is visible

2019-05-15 08:59:55 - [TEST_STEP][FAILED] - click: Unable to click on object 'Object Repository/ADMIN/Categories/Category List/button_Categories' (Root cause: org.openqa.selenium.ElementNotVisibleException: element not visible
  (Session info: chrome=74.0.3729.131)
  (Driver info: chromedriver=2.35.528161 (5b82f2d2aae0ca24b877009200ced9065a772e73),platform=Windows NT 6.1.7601 SP1 x86_64) (WARNING: The server did not provide any stacktrace information)
Command duration or timeout: 0 milliseconds
Build info: version: '3.7.1', revision: '8a0099a', time: '2017-11-06T21:07:36.161Z'
System info: host: 'ARCADIER-PC', ip: '10.10.31.95', os.name: 'Windows 7', os.arch: 'amd64', os.version: '6.1', java.version: '1.8.0_102'
Driver info: com.kms.katalon.core.webui.driver.ExistingRemoteWebDriver
Capabilities {javascriptEnabled: true, platform: ANY, platformName: ANY}
Session ID: 4cba786bf88613ee8a0544a4d9db771f)

2019-05-15 08:59:55 - [MESSAGE][FAILED] - Unable to click on object 'Object Repository/ADMIN/Categories/Category List/button_Categories' (Root cause: org.openqa.selenium.ElementNotVisibleException: element not visible
  (Session info: chrome=74.0.3729.131)
  (Driver info: chromedriver=2.35.528161 (5b82f2d2aae0ca24b877009200ced9065a772e73),platform=Windows NT 6.1.7601 SP1 x86_64) (WARNING: The server did not provide any stacktrace information)
Command duration or timeout: 0 milliseconds
Build info: version: '3.7.1', revision: '8a0099a', time: '2017-11-06T21:07:36.161Z'
System info: host: 'ARCADIER-PC', ip: '10.10.31.95', os.name: 'Windows 7', os.arch: 'amd64', os.version: '6.1', java.version: '1.8.0_102'
Driver info: com.kms.katalon.core.webui.driver.ExistingRemoteWebDriver
Capabilities {javascriptEnabled: true, platform: ANY, platformName: ANY}
Session ID: 4cba786bf88613ee8a0544a4d9db771f)
[[ATTACHMENT|C:\\Katalon\\Arctick\\Reports\\Suites\\Admin Add Category\\20190515_083232\\1557881995227.png]]

2019-05-15 08:59:55 - [TEST_STEP][PASSED] - waitForPageLoad: Wait for page load successfully

2019-05-15 08:59:55 - [MESSAGE][WARNING] - Timeout '0' is invalid. Using default page load timeout: '30'

2019-05-15 08:59:55 - [MESSAGE][PASSED] - Wait for page load successfully

2019-05-15 08:59:55 - [TEST_STEP][PASSED] - click: Object: 'Object Repository/ADMIN/Categories/Category List/button_Add a Category' is clicked on

2019-05-15 08:59:55 - [MESSAGE][PASSED] - Object: 'Object Repository/ADMIN/Categories/Category List/button_Add a Category' is clicked on

2019-05-15 08:59:55 - [TEST_STEP][PASSED] - waitForElementPresent: Object 'Object Repository/ADMIN/Categories/Category/dropdown_Parent' is present

2019-05-15 08:59:55 - [MESSAGE][PASSED] - Object 'Object Repository/ADMIN/Categories/Category/dropdown_Parent' is present

2019-05-15 08:59:55 - [TEST_STEP][PASSED] - delay: Delayed 1 second(s)

2019-05-15 08:59:56 - [MESSAGE][PASSED] - Delayed 1 second(s)

2019-05-15 08:59:56 - [TEST_STEP][PASSED] - setText: Text 'Category 4.10' is set on object 'Object Repository/ADMIN/Categories/Category/textfield_Category Name'

2019-05-15 08:59:57 - [MESSAGE][PASSED] - Text 'Category 4.10' is set on object 'Object Repository/ADMIN/Categories/Category/textfield_Category Name'

2019-05-15 08:59:57 - [TEST_STEP][PASSED] - click: Object: 'Object Repository/ADMIN/Categories/Category/dropdown_Parent' is clicked on

2019-05-15 08:59:57 - [MESSAGE][PASSED] - Object: 'Object Repository/ADMIN/Categories/Category/dropdown_Parent' is clicked on

2019-05-15 08:59:57 - [TEST_STEP][PASSED] - delay: Delayed 2 second(s)

2019-05-15 08:59:59 - [MESSAGE][PASSED] - Delayed 2 second(s)

2019-05-15 08:59:59 - [TEST_STEP][PASSED] - click: Object: 'Object Repository/ADMIN/Categories/Category/dropdown_Parent' is clicked on

2019-05-15 08:59:59 - [MESSAGE][PASSED] - Object: 'Object Repository/ADMIN/Categories/Category/dropdown_Parent' is clicked on

2019-05-15 08:59:59 - [TEST_STEP][FAILED] - selectOptionByLabel: Unable to select option by label 'Category 4' of object 'Object Repository/ADMIN/Categories/Category/dropdown_Parent'  (Root cause: org.openqa.selenium.NoSuchElementException: Cannot locate element with text: Category 4
For documentation on this error, please visit: http://seleniumhq.org/exceptions/no_such_element.html
Build info: version: '3.7.1', revision: '8a0099a', time: '2017-11-06T21:07:36.161Z'
System info: host: 'ARCADIER-PC', ip: '10.10.31.95', os.name: 'Windows 7', os.arch: 'amd64', os.version: '6.1', java.version: '1.8.0_102'
Driver info: driver.version: unknown)

2019-05-15 08:59:59 - [MESSAGE][FAILED] - Unable to select option by label 'Category 4' of object 'Object Repository/ADMIN/Categories/Category/dropdown_Parent'  (Root cause: org.openqa.selenium.NoSuchElementException: Cannot locate element with text: Category 4
For documentation on this error, please visit: http://seleniumhq.org/exceptions/no_such_element.html
Build info: version: '3.7.1', revision: '8a0099a', time: '2017-11-06T21:07:36.161Z'
System info: host: 'ARCADIER-PC', ip: '10.10.31.95', os.name: 'Windows 7', os.arch: 'amd64', os.version: '6.1', java.version: '1.8.0_102'
Driver info: driver.version: unknown)
[[ATTACHMENT|C:\\Katalon\\Arctick\\Reports\\Suites\\Admin Add Category\\20190515_083232\\1557881999579.png]]

2019-05-15 08:59:59 - [TEST_STEP][PASSED] - click: Object: 'Object Repository/ADMIN/Categories/Category/button_Browse' is clicked on

2019-05-15 08:59:59 - [MESSAGE][PASSED] - Object: 'Object Repository/ADMIN/Categories/Category/button_Browse' is clicked on

2019-05-15 08:59:59 - [TEST_STEP][PASSED] - delay: Delayed 1 second(s)

2019-05-15 09:00:00 - [MESSAGE][PASSED] - Delayed 1 second(s)

2019-05-15 09:00:00 - [TEST_STEP][PASSED] - uploadFile: File 'C:\\Katalon\\Image\\pic1.jpg' sent to object: 'Object Repository/ADMIN/Categories/Category/image_input image'

2019-05-15 09:00:01 - [MESSAGE][PASSED] - File 'C:\\Katalon\\Image\\pic1.jpg' sent to object: 'Object Repository/ADMIN/Categories/Category/image_input image'

2019-05-15 09:00:01 - [TEST_STEP][PASSED] - waitForElementVisible: Object 'Object Repository/ADMIN/Categories/Category/button_upload check' is visible

2019-05-15 09:00:01 - [MESSAGE][WARNING] - Timeout '0' is invalid. Using default page load timeout: '30'

2019-05-15 09:00:01 - [MESSAGE][PASSED] - Object 'Object Repository/ADMIN/Categories/Category/button_upload check' is visible

2019-05-15 09:00:01 - [TEST_STEP][PASSED] - click: Object: 'Object Repository/ADMIN/Categories/Category/button_upload check' is clicked on

2019-05-15 09:00:01 - [MESSAGE][PASSED] - Object: 'Object Repository/ADMIN/Categories/Category/button_upload check' is clicked on

2019-05-15 09:00:01 - [TEST_STEP][PASSED] - click: Object: 'Object Repository/ADMIN/Categories/Category/button_upload save' is clicked on

2019-05-15 09:00:02 - [MESSAGE][PASSED] - Object: 'Object Repository/ADMIN/Categories/Category/button_upload save' is clicked on

2019-05-15 09:00:02 - [TEST_STEP][PASSED] - waitForElementVisible: Object 'Object Repository/ADMIN/Categories/Category/button_upload save' is visible

2019-05-15 09:00:02 - [MESSAGE][WARNING] - Timeout '0' is invalid. Using default page load timeout: '30'

2019-05-15 09:00:02 - [MESSAGE][PASSED] - Object 'Object Repository/ADMIN/Categories/Category/button_upload save' is visible

2019-05-15 09:00:02 - [TEST_STEP][PASSED] - setText: Text 'Description62' is set on object 'Object Repository/ADMIN/Categories/Category/textfield_category_description'

2019-05-15 09:00:03 - [MESSAGE][PASSED] - Text 'Description62' is set on object 'Object Repository/ADMIN/Categories/Category/textfield_category_description'

2019-05-15 09:00:03 - [TEST_STEP][PASSED] - click: Object: 'Object Repository/ADMIN/Categories/Category/button_Save' is clicked on

2019-05-15 09:00:03 - [MESSAGE][PASSED] - Object: 'Object Repository/ADMIN/Categories/Category/button_Save' is clicked on

2019-05-15 09:00:03 - [TEST_STEP][PASSED] - waitForElementVisible: Object 'Object Repository/ADMIN/Categories/Category/label_edit popup' is visible

2019-05-15 09:00:03 - [MESSAGE][WARNING] - Timeout '0' is invalid. Using default page load timeout: '30'

2019-05-15 09:00:05 - [MESSAGE][PASSED] - Object 'Object Repository/ADMIN/Categories/Category/label_edit popup' is visible

2019-05-15 09:00:05 - [TEST_STEP][PASSED] - waitForElementNotPresent: Web element with id: 'Object Repository/ADMIN/Categories/Category/label_edit popup' located by 'By.xpath: //div[(text() = 'Category was successfully saved.' or . = 'Category was successfully saved.')]' is not present after '30' second(s)

2019-05-15 09:00:05 - [MESSAGE][WARNING] - Timeout '0' is invalid. Using default page load timeout: '30'

2019-05-15 09:00:11 - [MESSAGE][PASSED] - Web element with id: 'Object Repository/ADMIN/Categories/Category/label_edit popup' located by 'By.xpath: //div[(text() = 'Category was successfully saved.' or . = 'Category was successfully saved.')]' is not present after '30' second(s)]]></system-out>
         <system-err><![CDATA[2019-05-15 08:59:54 - [TEST_CASE][FAILED] - Test Cases/ADMIN/Content Mgmt/Categories/Category Add-Edit/Add Category: Test Cases/ADMIN/Content Mgmt/Categories/Category Add-Edit/Add Category FAILED because (of) Unable to click on object 'Object Repository/ADMIN/Categories/Category List/button_Categories' (Root cause: org.openqa.selenium.ElementNotVisibleException: element not visible
  (Session info: chrome=74.0.3729.131)
  (Driver info: chromedriver=2.35.528161 (5b82f2d2aae0ca24b877009200ced9065a772e73),platform=Windows NT 6.1.7601 SP1 x86_64) (WARNING: The server did not provide any stacktrace information)
Command duration or timeout: 0 milliseconds
Build info: version: '3.7.1', revision: '8a0099a', time: '2017-11-06T21:07:36.161Z'
System info: host: 'ARCADIER-PC', ip: '10.10.31.95', os.name: 'Windows 7', os.arch: 'amd64', os.version: '6.1', java.version: '1.8.0_102'
Driver info: com.kms.katalon.core.webui.driver.ExistingRemoteWebDriver
Capabilities {javascriptEnabled: true, platform: ANY, platformName: ANY}
Session ID: 4cba786bf88613ee8a0544a4d9db771f)]]></system-err>
      </testcase>
      <testcase name="Test Cases/ADMIN/Content Mgmt/Categories/Category Add-Edit/Add Category" classname="Test Cases/ADMIN/Content Mgmt/Categories/Category Add-Edit/Add Category" status="PASSED">
         <system-out><![CDATA[2019-05-15 09:00:11 - [TEST_CASE][PASSED] - Test Cases/ADMIN/Content Mgmt/Categories/Category Add-Edit/Add Category: Test Cases/ADMIN/Content Mgmt/Categories/Category Add-Edit/Add Category

2019-05-15 09:00:11 - [TEST_STEP][PASSED] - waitForElementVisible: Object 'Object Repository/ADMIN/Categories/Category List/button_Content Mgmt' is visible

2019-05-15 09:00:11 - [MESSAGE][WARNING] - Timeout '0' is invalid. Using default page load timeout: '30'

2019-05-15 09:00:11 - [MESSAGE][PASSED] - Object 'Object Repository/ADMIN/Categories/Category List/button_Content Mgmt' is visible

2019-05-15 09:00:11 - [TEST_STEP][PASSED] - click: Object: 'Object Repository/ADMIN/Categories/Category List/button_Content Mgmt' is clicked on

2019-05-15 09:00:11 - [MESSAGE][PASSED] - Object: 'Object Repository/ADMIN/Categories/Category List/button_Content Mgmt' is clicked on

2019-05-15 09:00:11 - [TEST_STEP][PASSED] - waitForElementVisible: Object 'Object Repository/ADMIN/Categories/Category List/button_Categories' is visible

2019-05-15 09:00:11 - [MESSAGE][WARNING] - Timeout '0' is invalid. Using default page load timeout: '30'

2019-05-15 09:00:11 - [MESSAGE][PASSED] - Object 'Object Repository/ADMIN/Categories/Category List/button_Categories' is visible

2019-05-15 09:00:11 - [TEST_STEP][PASSED] - click: Object: 'Object Repository/ADMIN/Categories/Category List/button_Categories' is clicked on

2019-05-15 09:00:28 - [MESSAGE][PASSED] - Object: 'Object Repository/ADMIN/Categories/Category List/button_Categories' is clicked on

2019-05-15 09:00:28 - [TEST_STEP][PASSED] - waitForPageLoad: Wait for page load successfully

2019-05-15 09:00:28 - [MESSAGE][WARNING] - Timeout '0' is invalid. Using default page load timeout: '30'

2019-05-15 09:00:28 - [MESSAGE][PASSED] - Wait for page load successfully

2019-05-15 09:00:28 - [TEST_STEP][PASSED] - click: Object: 'Object Repository/ADMIN/Categories/Category List/button_Add a Category' is clicked on

2019-05-15 09:00:28 - [MESSAGE][PASSED] - Object: 'Object Repository/ADMIN/Categories/Category List/button_Add a Category' is clicked on

2019-05-15 09:00:28 - [TEST_STEP][PASSED] - waitForElementPresent: Object 'Object Repository/ADMIN/Categories/Category/dropdown_Parent' is present

2019-05-15 09:00:28 - [MESSAGE][PASSED] - Object 'Object Repository/ADMIN/Categories/Category/dropdown_Parent' is present

2019-05-15 09:00:28 - [TEST_STEP][PASSED] - delay: Delayed 1 second(s)

2019-05-15 09:00:29 - [MESSAGE][PASSED] - Delayed 1 second(s)

2019-05-15 09:00:29 - [TEST_STEP][PASSED] - setText: Text 'Category 4.10.1' is set on object 'Object Repository/ADMIN/Categories/Category/textfield_Category Name'

2019-05-15 09:00:29 - [MESSAGE][PASSED] - Text 'Category 4.10.1' is set on object 'Object Repository/ADMIN/Categories/Category/textfield_Category Name'

2019-05-15 09:00:29 - [TEST_STEP][PASSED] - click: Object: 'Object Repository/ADMIN/Categories/Category/dropdown_Parent' is clicked on

2019-05-15 09:00:29 - [MESSAGE][PASSED] - Object: 'Object Repository/ADMIN/Categories/Category/dropdown_Parent' is clicked on

2019-05-15 09:00:29 - [TEST_STEP][PASSED] - delay: Delayed 2 second(s)

2019-05-15 09:00:31 - [MESSAGE][PASSED] - Delayed 2 second(s)

2019-05-15 09:00:31 - [TEST_STEP][PASSED] - click: Object: 'Object Repository/ADMIN/Categories/Category/dropdown_Parent' is clicked on

2019-05-15 09:00:31 - [MESSAGE][PASSED] - Object: 'Object Repository/ADMIN/Categories/Category/dropdown_Parent' is clicked on

2019-05-15 09:00:31 - [TEST_STEP][PASSED] - selectOptionByLabel: All options with label 'Category 4.10' are selected in object 'Object Repository/ADMIN/Categories/Category/dropdown_Parent' 

2019-05-15 09:00:31 - [MESSAGE][PASSED] - All options with label 'Category 4.10' are selected in object 'Object Repository/ADMIN/Categories/Category/dropdown_Parent' 

2019-05-15 09:00:31 - [TEST_STEP][PASSED] - click: Object: 'Object Repository/ADMIN/Categories/Category/button_Browse' is clicked on

2019-05-15 09:00:31 - [MESSAGE][PASSED] - Object: 'Object Repository/ADMIN/Categories/Category/button_Browse' is clicked on

2019-05-15 09:00:31 - [TEST_STEP][PASSED] - delay: Delayed 1 second(s)

2019-05-15 09:00:32 - [MESSAGE][PASSED] - Delayed 1 second(s)

2019-05-15 09:00:32 - [TEST_STEP][PASSED] - uploadFile: File 'C:\\Katalon\\Image\\pic2.jpg' sent to object: 'Object Repository/ADMIN/Categories/Category/image_input image'

2019-05-15 09:00:32 - [MESSAGE][PASSED] - File 'C:\\Katalon\\Image\\pic2.jpg' sent to object: 'Object Repository/ADMIN/Categories/Category/image_input image'

2019-05-15 09:00:32 - [TEST_STEP][PASSED] - waitForElementVisible: Object 'Object Repository/ADMIN/Categories/Category/button_upload check' is visible

2019-05-15 09:00:32 - [MESSAGE][WARNING] - Timeout '0' is invalid. Using default page load timeout: '30'

2019-05-15 09:00:32 - [MESSAGE][PASSED] - Object 'Object Repository/ADMIN/Categories/Category/button_upload check' is visible

2019-05-15 09:00:32 - [TEST_STEP][PASSED] - click: Object: 'Object Repository/ADMIN/Categories/Category/button_upload check' is clicked on

2019-05-15 09:00:33 - [MESSAGE][PASSED] - Object: 'Object Repository/ADMIN/Categories/Category/button_upload check' is clicked on

2019-05-15 09:00:33 - [TEST_STEP][PASSED] - click: Object: 'Object Repository/ADMIN/Categories/Category/button_upload save' is clicked on

2019-05-15 09:00:33 - [MESSAGE][PASSED] - Object: 'Object Repository/ADMIN/Categories/Category/button_upload save' is clicked on

2019-05-15 09:00:33 - [TEST_STEP][PASSED] - waitForElementVisible: Object 'Object Repository/ADMIN/Categories/Category/button_upload save' is visible

2019-05-15 09:00:33 - [MESSAGE][WARNING] - Timeout '0' is invalid. Using default page load timeout: '30'

2019-05-15 09:00:33 - [MESSAGE][PASSED] - Object 'Object Repository/ADMIN/Categories/Category/button_upload save' is visible

2019-05-15 09:00:33 - [TEST_STEP][PASSED] - setText: Text 'Description63' is set on object 'Object Repository/ADMIN/Categories/Category/textfield_category_description'

2019-05-15 09:00:33 - [MESSAGE][PASSED] - Text 'Description63' is set on object 'Object Repository/ADMIN/Categories/Category/textfield_category_description'

2019-05-15 09:00:33 - [TEST_STEP][PASSED] - click: Object: 'Object Repository/ADMIN/Categories/Category/button_Save' is clicked on

2019-05-15 09:00:34 - [MESSAGE][PASSED] - Object: 'Object Repository/ADMIN/Categories/Category/button_Save' is clicked on

2019-05-15 09:00:34 - [TEST_STEP][PASSED] - waitForElementVisible: Object 'Object Repository/ADMIN/Categories/Category/label_edit popup' is visible

2019-05-15 09:00:34 - [MESSAGE][WARNING] - Timeout '0' is invalid. Using default page load timeout: '30'

2019-05-15 09:00:35 - [MESSAGE][PASSED] - Object 'Object Repository/ADMIN/Categories/Category/label_edit popup' is visible

2019-05-15 09:00:35 - [TEST_STEP][PASSED] - waitForElementNotPresent: Web element with id: 'Object Repository/ADMIN/Categories/Category/label_edit popup' located by 'By.xpath: //div[(text() = 'Category was successfully saved.' or . = 'Category was successfully saved.')]' is not present after '30' second(s)

2019-05-15 09:00:35 - [MESSAGE][WARNING] - Timeout '0' is invalid. Using default page load timeout: '30'

2019-05-15 09:00:41 - [MESSAGE][PASSED] - Web element with id: 'Object Repository/ADMIN/Categories/Category/label_edit popup' located by 'By.xpath: //div[(text() = 'Category was successfully saved.' or . = 'Category was successfully saved.')]' is not present after '30' second(s)]]></system-out>
         <system-err><![CDATA[]]></system-err>
      </testcase>
      <testcase name="Test Cases/ADMIN/Content Mgmt/Categories/Category Add-Edit/Add Category" classname="Test Cases/ADMIN/Content Mgmt/Categories/Category Add-Edit/Add Category" status="FAILED">
         <failure type="FAILED" message="Unable to click on object 'Object Repository/ADMIN/Categories/Category List/button_Categories' (Root cause: org.openqa.selenium.ElementNotVisibleException: element not visible
  (Session info: chrome=74.0.3729.131)
  (Driver info: chromedriver=2.35.528161 (5b82f2d2aae0ca24b877009200ced9065a772e73),platform=Windows NT 6.1.7601 SP1 x86_64) (WARNING: The server did not provide any stacktrace information)
Command duration or timeout: 0 milliseconds
Build info: version: '3.7.1', revision: '8a0099a', time: '2017-11-06T21:07:36.161Z'
System info: host: 'ARCADIER-PC', ip: '10.10.31.95', os.name: 'Windows 7', os.arch: 'amd64', os.version: '6.1', java.version: '1.8.0_102'
Driver info: com.kms.katalon.core.webui.driver.ExistingRemoteWebDriver
Capabilities {javascriptEnabled: true, platform: ANY, platformName: ANY}
Session ID: 4cba786bf88613ee8a0544a4d9db771f)"/>
         <system-out><![CDATA[2019-05-15 09:00:41 - [TEST_CASE][FAILED] - Test Cases/ADMIN/Content Mgmt/Categories/Category Add-Edit/Add Category: Test Cases/ADMIN/Content Mgmt/Categories/Category Add-Edit/Add Category FAILED because (of) Unable to click on object 'Object Repository/ADMIN/Categories/Category List/button_Categories' (Root cause: org.openqa.selenium.ElementNotVisibleException: element not visible
  (Session info: chrome=74.0.3729.131)
  (Driver info: chromedriver=2.35.528161 (5b82f2d2aae0ca24b877009200ced9065a772e73),platform=Windows NT 6.1.7601 SP1 x86_64) (WARNING: The server did not provide any stacktrace information)
Command duration or timeout: 0 milliseconds
Build info: version: '3.7.1', revision: '8a0099a', time: '2017-11-06T21:07:36.161Z'
System info: host: 'ARCADIER-PC', ip: '10.10.31.95', os.name: 'Windows 7', os.arch: 'amd64', os.version: '6.1', java.version: '1.8.0_102'
Driver info: com.kms.katalon.core.webui.driver.ExistingRemoteWebDriver
Capabilities {javascriptEnabled: true, platform: ANY, platformName: ANY}
Session ID: 4cba786bf88613ee8a0544a4d9db771f)

2019-05-15 09:00:41 - [TEST_STEP][PASSED] - waitForElementVisible: Object 'Object Repository/ADMIN/Categories/Category List/button_Content Mgmt' is visible

2019-05-15 09:00:41 - [MESSAGE][WARNING] - Timeout '0' is invalid. Using default page load timeout: '30'

2019-05-15 09:00:41 - [MESSAGE][PASSED] - Object 'Object Repository/ADMIN/Categories/Category List/button_Content Mgmt' is visible

2019-05-15 09:00:41 - [TEST_STEP][PASSED] - click: Object: 'Object Repository/ADMIN/Categories/Category List/button_Content Mgmt' is clicked on

2019-05-15 09:00:41 - [MESSAGE][PASSED] - Object: 'Object Repository/ADMIN/Categories/Category List/button_Content Mgmt' is clicked on

2019-05-15 09:00:41 - [TEST_STEP][PASSED] - waitForElementVisible: Object 'Object Repository/ADMIN/Categories/Category List/button_Categories' is visible

2019-05-15 09:00:41 - [MESSAGE][WARNING] - Timeout '0' is invalid. Using default page load timeout: '30'

2019-05-15 09:00:41 - [MESSAGE][PASSED] - Object 'Object Repository/ADMIN/Categories/Category List/button_Categories' is visible

2019-05-15 09:00:41 - [TEST_STEP][FAILED] - click: Unable to click on object 'Object Repository/ADMIN/Categories/Category List/button_Categories' (Root cause: org.openqa.selenium.ElementNotVisibleException: element not visible
  (Session info: chrome=74.0.3729.131)
  (Driver info: chromedriver=2.35.528161 (5b82f2d2aae0ca24b877009200ced9065a772e73),platform=Windows NT 6.1.7601 SP1 x86_64) (WARNING: The server did not provide any stacktrace information)
Command duration or timeout: 0 milliseconds
Build info: version: '3.7.1', revision: '8a0099a', time: '2017-11-06T21:07:36.161Z'
System info: host: 'ARCADIER-PC', ip: '10.10.31.95', os.name: 'Windows 7', os.arch: 'amd64', os.version: '6.1', java.version: '1.8.0_102'
Driver info: com.kms.katalon.core.webui.driver.ExistingRemoteWebDriver
Capabilities {javascriptEnabled: true, platform: ANY, platformName: ANY}
Session ID: 4cba786bf88613ee8a0544a4d9db771f)

2019-05-15 09:00:42 - [MESSAGE][FAILED] - Unable to click on object 'Object Repository/ADMIN/Categories/Category List/button_Categories' (Root cause: org.openqa.selenium.ElementNotVisibleException: element not visible
  (Session info: chrome=74.0.3729.131)
  (Driver info: chromedriver=2.35.528161 (5b82f2d2aae0ca24b877009200ced9065a772e73),platform=Windows NT 6.1.7601 SP1 x86_64) (WARNING: The server did not provide any stacktrace information)
Command duration or timeout: 0 milliseconds
Build info: version: '3.7.1', revision: '8a0099a', time: '2017-11-06T21:07:36.161Z'
System info: host: 'ARCADIER-PC', ip: '10.10.31.95', os.name: 'Windows 7', os.arch: 'amd64', os.version: '6.1', java.version: '1.8.0_102'
Driver info: com.kms.katalon.core.webui.driver.ExistingRemoteWebDriver
Capabilities {javascriptEnabled: true, platform: ANY, platformName: ANY}
Session ID: 4cba786bf88613ee8a0544a4d9db771f)
[[ATTACHMENT|C:\\Katalon\\Arctick\\Reports\\Suites\\Admin Add Category\\20190515_083232\\1557882042026.png]]

2019-05-15 09:00:42 - [TEST_STEP][PASSED] - waitForPageLoad: Wait for page load successfully

2019-05-15 09:00:42 - [MESSAGE][WARNING] - Timeout '0' is invalid. Using default page load timeout: '30'

2019-05-15 09:00:42 - [MESSAGE][PASSED] - Wait for page load successfully

2019-05-15 09:00:42 - [TEST_STEP][PASSED] - click: Object: 'Object Repository/ADMIN/Categories/Category List/button_Add a Category' is clicked on

2019-05-15 09:00:42 - [MESSAGE][PASSED] - Object: 'Object Repository/ADMIN/Categories/Category List/button_Add a Category' is clicked on

2019-05-15 09:00:42 - [TEST_STEP][PASSED] - waitForElementPresent: Object 'Object Repository/ADMIN/Categories/Category/dropdown_Parent' is present

2019-05-15 09:00:42 - [MESSAGE][PASSED] - Object 'Object Repository/ADMIN/Categories/Category/dropdown_Parent' is present

2019-05-15 09:00:42 - [TEST_STEP][PASSED] - delay: Delayed 1 second(s)

2019-05-15 09:00:43 - [MESSAGE][PASSED] - Delayed 1 second(s)

2019-05-15 09:00:43 - [TEST_STEP][PASSED] - setText: Text 'Category 4.10.2' is set on object 'Object Repository/ADMIN/Categories/Category/textfield_Category Name'

2019-05-15 09:00:43 - [MESSAGE][PASSED] - Text 'Category 4.10.2' is set on object 'Object Repository/ADMIN/Categories/Category/textfield_Category Name'

2019-05-15 09:00:43 - [TEST_STEP][PASSED] - click: Object: 'Object Repository/ADMIN/Categories/Category/dropdown_Parent' is clicked on

2019-05-15 09:00:44 - [MESSAGE][PASSED] - Object: 'Object Repository/ADMIN/Categories/Category/dropdown_Parent' is clicked on

2019-05-15 09:00:44 - [TEST_STEP][PASSED] - delay: Delayed 2 second(s)

2019-05-15 09:00:46 - [MESSAGE][PASSED] - Delayed 2 second(s)

2019-05-15 09:00:46 - [TEST_STEP][PASSED] - click: Object: 'Object Repository/ADMIN/Categories/Category/dropdown_Parent' is clicked on

2019-05-15 09:00:46 - [MESSAGE][PASSED] - Object: 'Object Repository/ADMIN/Categories/Category/dropdown_Parent' is clicked on

2019-05-15 09:00:46 - [TEST_STEP][FAILED] - selectOptionByLabel: Unable to select option by label 'Category 4.10' of object 'Object Repository/ADMIN/Categories/Category/dropdown_Parent'  (Root cause: org.openqa.selenium.NoSuchElementException: Cannot locate element with text: Category 4.10
For documentation on this error, please visit: http://seleniumhq.org/exceptions/no_such_element.html
Build info: version: '3.7.1', revision: '8a0099a', time: '2017-11-06T21:07:36.161Z'
System info: host: 'ARCADIER-PC', ip: '10.10.31.95', os.name: 'Windows 7', os.arch: 'amd64', os.version: '6.1', java.version: '1.8.0_102'
Driver info: driver.version: unknown)

2019-05-15 09:00:46 - [MESSAGE][FAILED] - Unable to select option by label 'Category 4.10' of object 'Object Repository/ADMIN/Categories/Category/dropdown_Parent'  (Root cause: org.openqa.selenium.NoSuchElementException: Cannot locate element with text: Category 4.10
For documentation on this error, please visit: http://seleniumhq.org/exceptions/no_such_element.html
Build info: version: '3.7.1', revision: '8a0099a', time: '2017-11-06T21:07:36.161Z'
System info: host: 'ARCADIER-PC', ip: '10.10.31.95', os.name: 'Windows 7', os.arch: 'amd64', os.version: '6.1', java.version: '1.8.0_102'
Driver info: driver.version: unknown)
[[ATTACHMENT|C:\\Katalon\\Arctick\\Reports\\Suites\\Admin Add Category\\20190515_083232\\1557882046107.png]]

2019-05-15 09:00:46 - [TEST_STEP][PASSED] - click: Object: 'Object Repository/ADMIN/Categories/Category/button_Browse' is clicked on

2019-05-15 09:00:46 - [MESSAGE][PASSED] - Object: 'Object Repository/ADMIN/Categories/Category/button_Browse' is clicked on

2019-05-15 09:00:46 - [TEST_STEP][PASSED] - delay: Delayed 1 second(s)

2019-05-15 09:00:47 - [MESSAGE][PASSED] - Delayed 1 second(s)

2019-05-15 09:00:47 - [TEST_STEP][PASSED] - uploadFile: File 'C:\\Katalon\\Image\\pic3.jpg' sent to object: 'Object Repository/ADMIN/Categories/Category/image_input image'

2019-05-15 09:00:47 - [MESSAGE][PASSED] - File 'C:\\Katalon\\Image\\pic3.jpg' sent to object: 'Object Repository/ADMIN/Categories/Category/image_input image'

2019-05-15 09:00:47 - [TEST_STEP][PASSED] - waitForElementVisible: Object 'Object Repository/ADMIN/Categories/Category/button_upload check' is visible

2019-05-15 09:00:47 - [MESSAGE][WARNING] - Timeout '0' is invalid. Using default page load timeout: '30'

2019-05-15 09:00:47 - [MESSAGE][PASSED] - Object 'Object Repository/ADMIN/Categories/Category/button_upload check' is visible

2019-05-15 09:00:47 - [TEST_STEP][PASSED] - click: Object: 'Object Repository/ADMIN/Categories/Category/button_upload check' is clicked on

2019-05-15 09:00:49 - [MESSAGE][PASSED] - Object: 'Object Repository/ADMIN/Categories/Category/button_upload check' is clicked on

2019-05-15 09:00:49 - [TEST_STEP][PASSED] - click: Object: 'Object Repository/ADMIN/Categories/Category/button_upload save' is clicked on

2019-05-15 09:00:49 - [MESSAGE][PASSED] - Object: 'Object Repository/ADMIN/Categories/Category/button_upload save' is clicked on

2019-05-15 09:00:49 - [TEST_STEP][PASSED] - waitForElementVisible: Object 'Object Repository/ADMIN/Categories/Category/button_upload save' is visible

2019-05-15 09:00:49 - [MESSAGE][WARNING] - Timeout '0' is invalid. Using default page load timeout: '30'

2019-05-15 09:00:49 - [MESSAGE][PASSED] - Object 'Object Repository/ADMIN/Categories/Category/button_upload save' is visible

2019-05-15 09:00:49 - [TEST_STEP][PASSED] - setText: Text 'Description64' is set on object 'Object Repository/ADMIN/Categories/Category/textfield_category_description'

2019-05-15 09:00:49 - [MESSAGE][PASSED] - Text 'Description64' is set on object 'Object Repository/ADMIN/Categories/Category/textfield_category_description'

2019-05-15 09:00:49 - [TEST_STEP][PASSED] - click: Object: 'Object Repository/ADMIN/Categories/Category/button_Save' is clicked on

2019-05-15 09:00:50 - [MESSAGE][PASSED] - Object: 'Object Repository/ADMIN/Categories/Category/button_Save' is clicked on

2019-05-15 09:00:50 - [TEST_STEP][PASSED] - waitForElementVisible: Object 'Object Repository/ADMIN/Categories/Category/label_edit popup' is visible

2019-05-15 09:00:50 - [MESSAGE][WARNING] - Timeout '0' is invalid. Using default page load timeout: '30'

2019-05-15 09:00:52 - [MESSAGE][PASSED] - Object 'Object Repository/ADMIN/Categories/Category/label_edit popup' is visible

2019-05-15 09:00:52 - [TEST_STEP][PASSED] - waitForElementNotPresent: Web element with id: 'Object Repository/ADMIN/Categories/Category/label_edit popup' located by 'By.xpath: //div[(text() = 'Category was successfully saved.' or . = 'Category was successfully saved.')]' is not present after '30' second(s)

2019-05-15 09:00:52 - [MESSAGE][WARNING] - Timeout '0' is invalid. Using default page load timeout: '30'

2019-05-15 09:00:58 - [MESSAGE][PASSED] - Web element with id: 'Object Repository/ADMIN/Categories/Category/label_edit popup' located by 'By.xpath: //div[(text() = 'Category was successfully saved.' or . = 'Category was successfully saved.')]' is not present after '30' second(s)]]></system-out>
         <system-err><![CDATA[2019-05-15 09:00:41 - [TEST_CASE][FAILED] - Test Cases/ADMIN/Content Mgmt/Categories/Category Add-Edit/Add Category: Test Cases/ADMIN/Content Mgmt/Categories/Category Add-Edit/Add Category FAILED because (of) Unable to click on object 'Object Repository/ADMIN/Categories/Category List/button_Categories' (Root cause: org.openqa.selenium.ElementNotVisibleException: element not visible
  (Session info: chrome=74.0.3729.131)
  (Driver info: chromedriver=2.35.528161 (5b82f2d2aae0ca24b877009200ced9065a772e73),platform=Windows NT 6.1.7601 SP1 x86_64) (WARNING: The server did not provide any stacktrace information)
Command duration or timeout: 0 milliseconds
Build info: version: '3.7.1', revision: '8a0099a', time: '2017-11-06T21:07:36.161Z'
System info: host: 'ARCADIER-PC', ip: '10.10.31.95', os.name: 'Windows 7', os.arch: 'amd64', os.version: '6.1', java.version: '1.8.0_102'
Driver info: com.kms.katalon.core.webui.driver.ExistingRemoteWebDriver
Capabilities {javascriptEnabled: true, platform: ANY, platformName: ANY}
Session ID: 4cba786bf88613ee8a0544a4d9db771f)]]></system-err>
      </testcase>
      <testcase name="Test Cases/ADMIN/Content Mgmt/Categories/Category Add-Edit/Add Category" classname="Test Cases/ADMIN/Content Mgmt/Categories/Category Add-Edit/Add Category" status="FAILED">
         <failure type="FAILED" message="Unable to click on object 'Object Repository/ADMIN/Categories/Category List/button_Categories' (Root cause: org.openqa.selenium.ElementNotVisibleException: element not visible
  (Session info: chrome=74.0.3729.131)
  (Driver info: chromedriver=2.35.528161 (5b82f2d2aae0ca24b877009200ced9065a772e73),platform=Windows NT 6.1.7601 SP1 x86_64) (WARNING: The server did not provide any stacktrace information)
Command duration or timeout: 0 milliseconds
Build info: version: '3.7.1', revision: '8a0099a', time: '2017-11-06T21:07:36.161Z'
System info: host: 'ARCADIER-PC', ip: '10.10.31.95', os.name: 'Windows 7', os.arch: 'amd64', os.version: '6.1', java.version: '1.8.0_102'
Driver info: com.kms.katalon.core.webui.driver.ExistingRemoteWebDriver
Capabilities {javascriptEnabled: true, platform: ANY, platformName: ANY}
Session ID: 4cba786bf88613ee8a0544a4d9db771f)"/>
         <system-out><![CDATA[2019-05-15 09:00:58 - [TEST_CASE][FAILED] - Test Cases/ADMIN/Content Mgmt/Categories/Category Add-Edit/Add Category: Test Cases/ADMIN/Content Mgmt/Categories/Category Add-Edit/Add Category FAILED because (of) Unable to click on object 'Object Repository/ADMIN/Categories/Category List/button_Categories' (Root cause: org.openqa.selenium.ElementNotVisibleException: element not visible
  (Session info: chrome=74.0.3729.131)
  (Driver info: chromedriver=2.35.528161 (5b82f2d2aae0ca24b877009200ced9065a772e73),platform=Windows NT 6.1.7601 SP1 x86_64) (WARNING: The server did not provide any stacktrace information)
Command duration or timeout: 0 milliseconds
Build info: version: '3.7.1', revision: '8a0099a', time: '2017-11-06T21:07:36.161Z'
System info: host: 'ARCADIER-PC', ip: '10.10.31.95', os.name: 'Windows 7', os.arch: 'amd64', os.version: '6.1', java.version: '1.8.0_102'
Driver info: com.kms.katalon.core.webui.driver.ExistingRemoteWebDriver
Capabilities {javascriptEnabled: true, platform: ANY, platformName: ANY}
Session ID: 4cba786bf88613ee8a0544a4d9db771f)

2019-05-15 09:00:58 - [TEST_STEP][PASSED] - waitForElementVisible: Object 'Object Repository/ADMIN/Categories/Category List/button_Content Mgmt' is visible

2019-05-15 09:00:58 - [MESSAGE][WARNING] - Timeout '0' is invalid. Using default page load timeout: '30'

2019-05-15 09:00:58 - [MESSAGE][PASSED] - Object 'Object Repository/ADMIN/Categories/Category List/button_Content Mgmt' is visible

2019-05-15 09:00:58 - [TEST_STEP][PASSED] - click: Object: 'Object Repository/ADMIN/Categories/Category List/button_Content Mgmt' is clicked on

2019-05-15 09:00:58 - [MESSAGE][PASSED] - Object: 'Object Repository/ADMIN/Categories/Category List/button_Content Mgmt' is clicked on

2019-05-15 09:00:58 - [TEST_STEP][PASSED] - waitForElementVisible: Object 'Object Repository/ADMIN/Categories/Category List/button_Categories' is visible

2019-05-15 09:00:58 - [MESSAGE][WARNING] - Timeout '0' is invalid. Using default page load timeout: '30'

2019-05-15 09:00:58 - [MESSAGE][PASSED] - Object 'Object Repository/ADMIN/Categories/Category List/button_Categories' is visible

2019-05-15 09:00:58 - [TEST_STEP][FAILED] - click: Unable to click on object 'Object Repository/ADMIN/Categories/Category List/button_Categories' (Root cause: org.openqa.selenium.ElementNotVisibleException: element not visible
  (Session info: chrome=74.0.3729.131)
  (Driver info: chromedriver=2.35.528161 (5b82f2d2aae0ca24b877009200ced9065a772e73),platform=Windows NT 6.1.7601 SP1 x86_64) (WARNING: The server did not provide any stacktrace information)
Command duration or timeout: 0 milliseconds
Build info: version: '3.7.1', revision: '8a0099a', time: '2017-11-06T21:07:36.161Z'
System info: host: 'ARCADIER-PC', ip: '10.10.31.95', os.name: 'Windows 7', os.arch: 'amd64', os.version: '6.1', java.version: '1.8.0_102'
Driver info: com.kms.katalon.core.webui.driver.ExistingRemoteWebDriver
Capabilities {javascriptEnabled: true, platform: ANY, platformName: ANY}
Session ID: 4cba786bf88613ee8a0544a4d9db771f)

2019-05-15 09:00:59 - [MESSAGE][FAILED] - Unable to click on object 'Object Repository/ADMIN/Categories/Category List/button_Categories' (Root cause: org.openqa.selenium.ElementNotVisibleException: element not visible
  (Session info: chrome=74.0.3729.131)
  (Driver info: chromedriver=2.35.528161 (5b82f2d2aae0ca24b877009200ced9065a772e73),platform=Windows NT 6.1.7601 SP1 x86_64) (WARNING: The server did not provide any stacktrace information)
Command duration or timeout: 0 milliseconds
Build info: version: '3.7.1', revision: '8a0099a', time: '2017-11-06T21:07:36.161Z'
System info: host: 'ARCADIER-PC', ip: '10.10.31.95', os.name: 'Windows 7', os.arch: 'amd64', os.version: '6.1', java.version: '1.8.0_102'
Driver info: com.kms.katalon.core.webui.driver.ExistingRemoteWebDriver
Capabilities {javascriptEnabled: true, platform: ANY, platformName: ANY}
Session ID: 4cba786bf88613ee8a0544a4d9db771f)
[[ATTACHMENT|C:\\Katalon\\Arctick\\Reports\\Suites\\Admin Add Category\\20190515_083232\\1557882059017.png]]

2019-05-15 09:00:59 - [TEST_STEP][PASSED] - waitForPageLoad: Wait for page load successfully

2019-05-15 09:00:59 - [MESSAGE][WARNING] - Timeout '0' is invalid. Using default page load timeout: '30'

2019-05-15 09:00:59 - [MESSAGE][PASSED] - Wait for page load successfully

2019-05-15 09:00:59 - [TEST_STEP][PASSED] - click: Object: 'Object Repository/ADMIN/Categories/Category List/button_Add a Category' is clicked on

2019-05-15 09:00:59 - [MESSAGE][PASSED] - Object: 'Object Repository/ADMIN/Categories/Category List/button_Add a Category' is clicked on

2019-05-15 09:00:59 - [TEST_STEP][PASSED] - waitForElementPresent: Object 'Object Repository/ADMIN/Categories/Category/dropdown_Parent' is present

2019-05-15 09:00:59 - [MESSAGE][PASSED] - Object 'Object Repository/ADMIN/Categories/Category/dropdown_Parent' is present

2019-05-15 09:00:59 - [TEST_STEP][PASSED] - delay: Delayed 1 second(s)

2019-05-15 09:01:00 - [MESSAGE][PASSED] - Delayed 1 second(s)

2019-05-15 09:01:00 - [TEST_STEP][PASSED] - setText: Text 'Category 4.10.3' is set on object 'Object Repository/ADMIN/Categories/Category/textfield_Category Name'

2019-05-15 09:01:00 - [MESSAGE][PASSED] - Text 'Category 4.10.3' is set on object 'Object Repository/ADMIN/Categories/Category/textfield_Category Name'

2019-05-15 09:01:00 - [TEST_STEP][PASSED] - click: Object: 'Object Repository/ADMIN/Categories/Category/dropdown_Parent' is clicked on

2019-05-15 09:01:01 - [MESSAGE][PASSED] - Object: 'Object Repository/ADMIN/Categories/Category/dropdown_Parent' is clicked on

2019-05-15 09:01:01 - [TEST_STEP][PASSED] - delay: Delayed 2 second(s)

2019-05-15 09:01:03 - [MESSAGE][PASSED] - Delayed 2 second(s)

2019-05-15 09:01:03 - [TEST_STEP][PASSED] - click: Object: 'Object Repository/ADMIN/Categories/Category/dropdown_Parent' is clicked on

2019-05-15 09:01:03 - [MESSAGE][PASSED] - Object: 'Object Repository/ADMIN/Categories/Category/dropdown_Parent' is clicked on

2019-05-15 09:01:03 - [TEST_STEP][FAILED] - selectOptionByLabel: Unable to select option by label 'Category 4.10' of object 'Object Repository/ADMIN/Categories/Category/dropdown_Parent'  (Root cause: org.openqa.selenium.NoSuchElementException: Cannot locate element with text: Category 4.10
For documentation on this error, please visit: http://seleniumhq.org/exceptions/no_such_element.html
Build info: version: '3.7.1', revision: '8a0099a', time: '2017-11-06T21:07:36.161Z'
System info: host: 'ARCADIER-PC', ip: '10.10.31.95', os.name: 'Windows 7', os.arch: 'amd64', os.version: '6.1', java.version: '1.8.0_102'
Driver info: driver.version: unknown)

2019-05-15 09:01:04 - [MESSAGE][FAILED] - Unable to select option by label 'Category 4.10' of object 'Object Repository/ADMIN/Categories/Category/dropdown_Parent'  (Root cause: org.openqa.selenium.NoSuchElementException: Cannot locate element with text: Category 4.10
For documentation on this error, please visit: http://seleniumhq.org/exceptions/no_such_element.html
Build info: version: '3.7.1', revision: '8a0099a', time: '2017-11-06T21:07:36.161Z'
System info: host: 'ARCADIER-PC', ip: '10.10.31.95', os.name: 'Windows 7', os.arch: 'amd64', os.version: '6.1', java.version: '1.8.0_102'
Driver info: driver.version: unknown)
[[ATTACHMENT|C:\\Katalon\\Arctick\\Reports\\Suites\\Admin Add Category\\20190515_083232\\1557882063668.png]]

2019-05-15 09:01:04 - [TEST_STEP][PASSED] - click: Object: 'Object Repository/ADMIN/Categories/Category/button_Browse' is clicked on

2019-05-15 09:01:04 - [MESSAGE][PASSED] - Object: 'Object Repository/ADMIN/Categories/Category/button_Browse' is clicked on

2019-05-15 09:01:04 - [TEST_STEP][PASSED] - delay: Delayed 1 second(s)

2019-05-15 09:01:05 - [MESSAGE][PASSED] - Delayed 1 second(s)

2019-05-15 09:01:05 - [TEST_STEP][PASSED] - uploadFile: File 'C:\\Katalon\\Image\\pic4.jpg' sent to object: 'Object Repository/ADMIN/Categories/Category/image_input image'

2019-05-15 09:01:05 - [MESSAGE][PASSED] - File 'C:\\Katalon\\Image\\pic4.jpg' sent to object: 'Object Repository/ADMIN/Categories/Category/image_input image'

2019-05-15 09:01:05 - [TEST_STEP][PASSED] - waitForElementVisible: Object 'Object Repository/ADMIN/Categories/Category/button_upload check' is visible

2019-05-15 09:01:05 - [MESSAGE][WARNING] - Timeout '0' is invalid. Using default page load timeout: '30'

2019-05-15 09:01:05 - [MESSAGE][PASSED] - Object 'Object Repository/ADMIN/Categories/Category/button_upload check' is visible

2019-05-15 09:01:05 - [TEST_STEP][PASSED] - click: Object: 'Object Repository/ADMIN/Categories/Category/button_upload check' is clicked on

2019-05-15 09:01:05 - [MESSAGE][PASSED] - Object: 'Object Repository/ADMIN/Categories/Category/button_upload check' is clicked on

2019-05-15 09:01:05 - [TEST_STEP][PASSED] - click: Object: 'Object Repository/ADMIN/Categories/Category/button_upload save' is clicked on

2019-05-15 09:01:05 - [MESSAGE][PASSED] - Object: 'Object Repository/ADMIN/Categories/Category/button_upload save' is clicked on

2019-05-15 09:01:05 - [TEST_STEP][PASSED] - waitForElementVisible: Object 'Object Repository/ADMIN/Categories/Category/button_upload save' is visible

2019-05-15 09:01:05 - [MESSAGE][WARNING] - Timeout '0' is invalid. Using default page load timeout: '30'

2019-05-15 09:01:05 - [MESSAGE][PASSED] - Object 'Object Repository/ADMIN/Categories/Category/button_upload save' is visible

2019-05-15 09:01:06 - [TEST_STEP][PASSED] - setText: Text 'Description65' is set on object 'Object Repository/ADMIN/Categories/Category/textfield_category_description'

2019-05-15 09:01:06 - [MESSAGE][PASSED] - Text 'Description65' is set on object 'Object Repository/ADMIN/Categories/Category/textfield_category_description'

2019-05-15 09:01:06 - [TEST_STEP][PASSED] - click: Object: 'Object Repository/ADMIN/Categories/Category/button_Save' is clicked on

2019-05-15 09:01:07 - [MESSAGE][PASSED] - Object: 'Object Repository/ADMIN/Categories/Category/button_Save' is clicked on

2019-05-15 09:01:07 - [TEST_STEP][PASSED] - waitForElementVisible: Object 'Object Repository/ADMIN/Categories/Category/label_edit popup' is visible

2019-05-15 09:01:07 - [MESSAGE][WARNING] - Timeout '0' is invalid. Using default page load timeout: '30'

2019-05-15 09:01:09 - [MESSAGE][PASSED] - Object 'Object Repository/ADMIN/Categories/Category/label_edit popup' is visible

2019-05-15 09:01:09 - [TEST_STEP][PASSED] - waitForElementNotPresent: Web element with id: 'Object Repository/ADMIN/Categories/Category/label_edit popup' located by 'By.xpath: //div[(text() = 'Category was successfully saved.' or . = 'Category was successfully saved.')]' is not present after '30' second(s)

2019-05-15 09:01:09 - [MESSAGE][WARNING] - Timeout '0' is invalid. Using default page load timeout: '30'

2019-05-15 09:01:16 - [MESSAGE][PASSED] - Web element with id: 'Object Repository/ADMIN/Categories/Category/label_edit popup' located by 'By.xpath: //div[(text() = 'Category was successfully saved.' or . = 'Category was successfully saved.')]' is not present after '30' second(s)]]></system-out>
         <system-err><![CDATA[2019-05-15 09:00:58 - [TEST_CASE][FAILED] - Test Cases/ADMIN/Content Mgmt/Categories/Category Add-Edit/Add Category: Test Cases/ADMIN/Content Mgmt/Categories/Category Add-Edit/Add Category FAILED because (of) Unable to click on object 'Object Repository/ADMIN/Categories/Category List/button_Categories' (Root cause: org.openqa.selenium.ElementNotVisibleException: element not visible
  (Session info: chrome=74.0.3729.131)
  (Driver info: chromedriver=2.35.528161 (5b82f2d2aae0ca24b877009200ced9065a772e73),platform=Windows NT 6.1.7601 SP1 x86_64) (WARNING: The server did not provide any stacktrace information)
Command duration or timeout: 0 milliseconds
Build info: version: '3.7.1', revision: '8a0099a', time: '2017-11-06T21:07:36.161Z'
System info: host: 'ARCADIER-PC', ip: '10.10.31.95', os.name: 'Windows 7', os.arch: 'amd64', os.version: '6.1', java.version: '1.8.0_102'
Driver info: com.kms.katalon.core.webui.driver.ExistingRemoteWebDriver
Capabilities {javascriptEnabled: true, platform: ANY, platformName: ANY}
Session ID: 4cba786bf88613ee8a0544a4d9db771f)]]></system-err>
      </testcase>
      <testcase name="Test Cases/ADMIN/Content Mgmt/Categories/Category Add-Edit/Add Category" classname="Test Cases/ADMIN/Content Mgmt/Categories/Category Add-Edit/Add Category" status="FAILED">
         <failure type="FAILED" message="Unable to click on object 'Object Repository/ADMIN/Categories/Category List/button_Categories' (Root cause: org.openqa.selenium.ElementNotVisibleException: element not visible
  (Session info: chrome=74.0.3729.131)
  (Driver info: chromedriver=2.35.528161 (5b82f2d2aae0ca24b877009200ced9065a772e73),platform=Windows NT 6.1.7601 SP1 x86_64) (WARNING: The server did not provide any stacktrace information)
Command duration or timeout: 0 milliseconds
Build info: version: '3.7.1', revision: '8a0099a', time: '2017-11-06T21:07:36.161Z'
System info: host: 'ARCADIER-PC', ip: '10.10.31.95', os.name: 'Windows 7', os.arch: 'amd64', os.version: '6.1', java.version: '1.8.0_102'
Driver info: com.kms.katalon.core.webui.driver.ExistingRemoteWebDriver
Capabilities {javascriptEnabled: true, platform: ANY, platformName: ANY}
Session ID: 4cba786bf88613ee8a0544a4d9db771f)"/>
         <system-out><![CDATA[2019-05-15 09:01:16 - [TEST_CASE][FAILED] - Test Cases/ADMIN/Content Mgmt/Categories/Category Add-Edit/Add Category: Test Cases/ADMIN/Content Mgmt/Categories/Category Add-Edit/Add Category FAILED because (of) Unable to click on object 'Object Repository/ADMIN/Categories/Category List/button_Categories' (Root cause: org.openqa.selenium.ElementNotVisibleException: element not visible
  (Session info: chrome=74.0.3729.131)
  (Driver info: chromedriver=2.35.528161 (5b82f2d2aae0ca24b877009200ced9065a772e73),platform=Windows NT 6.1.7601 SP1 x86_64) (WARNING: The server did not provide any stacktrace information)
Command duration or timeout: 0 milliseconds
Build info: version: '3.7.1', revision: '8a0099a', time: '2017-11-06T21:07:36.161Z'
System info: host: 'ARCADIER-PC', ip: '10.10.31.95', os.name: 'Windows 7', os.arch: 'amd64', os.version: '6.1', java.version: '1.8.0_102'
Driver info: com.kms.katalon.core.webui.driver.ExistingRemoteWebDriver
Capabilities {javascriptEnabled: true, platform: ANY, platformName: ANY}
Session ID: 4cba786bf88613ee8a0544a4d9db771f)

2019-05-15 09:01:16 - [TEST_STEP][PASSED] - waitForElementVisible: Object 'Object Repository/ADMIN/Categories/Category List/button_Content Mgmt' is visible

2019-05-15 09:01:16 - [MESSAGE][WARNING] - Timeout '0' is invalid. Using default page load timeout: '30'

2019-05-15 09:01:16 - [MESSAGE][PASSED] - Object 'Object Repository/ADMIN/Categories/Category List/button_Content Mgmt' is visible

2019-05-15 09:01:16 - [TEST_STEP][PASSED] - click: Object: 'Object Repository/ADMIN/Categories/Category List/button_Content Mgmt' is clicked on

2019-05-15 09:01:16 - [MESSAGE][PASSED] - Object: 'Object Repository/ADMIN/Categories/Category List/button_Content Mgmt' is clicked on

2019-05-15 09:01:16 - [TEST_STEP][PASSED] - waitForElementVisible: Object 'Object Repository/ADMIN/Categories/Category List/button_Categories' is visible

2019-05-15 09:01:16 - [MESSAGE][WARNING] - Timeout '0' is invalid. Using default page load timeout: '30'

2019-05-15 09:01:16 - [MESSAGE][PASSED] - Object 'Object Repository/ADMIN/Categories/Category List/button_Categories' is visible

2019-05-15 09:01:16 - [TEST_STEP][FAILED] - click: Unable to click on object 'Object Repository/ADMIN/Categories/Category List/button_Categories' (Root cause: org.openqa.selenium.ElementNotVisibleException: element not visible
  (Session info: chrome=74.0.3729.131)
  (Driver info: chromedriver=2.35.528161 (5b82f2d2aae0ca24b877009200ced9065a772e73),platform=Windows NT 6.1.7601 SP1 x86_64) (WARNING: The server did not provide any stacktrace information)
Command duration or timeout: 0 milliseconds
Build info: version: '3.7.1', revision: '8a0099a', time: '2017-11-06T21:07:36.161Z'
System info: host: 'ARCADIER-PC', ip: '10.10.31.95', os.name: 'Windows 7', os.arch: 'amd64', os.version: '6.1', java.version: '1.8.0_102'
Driver info: com.kms.katalon.core.webui.driver.ExistingRemoteWebDriver
Capabilities {javascriptEnabled: true, platform: ANY, platformName: ANY}
Session ID: 4cba786bf88613ee8a0544a4d9db771f)

2019-05-15 09:01:17 - [MESSAGE][FAILED] - Unable to click on object 'Object Repository/ADMIN/Categories/Category List/button_Categories' (Root cause: org.openqa.selenium.ElementNotVisibleException: element not visible
  (Session info: chrome=74.0.3729.131)
  (Driver info: chromedriver=2.35.528161 (5b82f2d2aae0ca24b877009200ced9065a772e73),platform=Windows NT 6.1.7601 SP1 x86_64) (WARNING: The server did not provide any stacktrace information)
Command duration or timeout: 0 milliseconds
Build info: version: '3.7.1', revision: '8a0099a', time: '2017-11-06T21:07:36.161Z'
System info: host: 'ARCADIER-PC', ip: '10.10.31.95', os.name: 'Windows 7', os.arch: 'amd64', os.version: '6.1', java.version: '1.8.0_102'
Driver info: com.kms.katalon.core.webui.driver.ExistingRemoteWebDriver
Capabilities {javascriptEnabled: true, platform: ANY, platformName: ANY}
Session ID: 4cba786bf88613ee8a0544a4d9db771f)
[[ATTACHMENT|C:\\Katalon\\Arctick\\Reports\\Suites\\Admin Add Category\\20190515_083232\\1557882076950.png]]

2019-05-15 09:01:17 - [TEST_STEP][PASSED] - waitForPageLoad: Wait for page load successfully

2019-05-15 09:01:17 - [MESSAGE][WARNING] - Timeout '0' is invalid. Using default page load timeout: '30'

2019-05-15 09:01:17 - [MESSAGE][PASSED] - Wait for page load successfully

2019-05-15 09:01:17 - [TEST_STEP][PASSED] - click: Object: 'Object Repository/ADMIN/Categories/Category List/button_Add a Category' is clicked on

2019-05-15 09:01:17 - [MESSAGE][PASSED] - Object: 'Object Repository/ADMIN/Categories/Category List/button_Add a Category' is clicked on

2019-05-15 09:01:17 - [TEST_STEP][PASSED] - waitForElementPresent: Object 'Object Repository/ADMIN/Categories/Category/dropdown_Parent' is present

2019-05-15 09:01:17 - [MESSAGE][PASSED] - Object 'Object Repository/ADMIN/Categories/Category/dropdown_Parent' is present

2019-05-15 09:01:17 - [TEST_STEP][PASSED] - delay: Delayed 1 second(s)

2019-05-15 09:01:18 - [MESSAGE][PASSED] - Delayed 1 second(s)

2019-05-15 09:01:18 - [TEST_STEP][PASSED] - setText: Text 'Category 4.10.4' is set on object 'Object Repository/ADMIN/Categories/Category/textfield_Category Name'

2019-05-15 09:01:18 - [MESSAGE][PASSED] - Text 'Category 4.10.4' is set on object 'Object Repository/ADMIN/Categories/Category/textfield_Category Name'

2019-05-15 09:01:18 - [TEST_STEP][PASSED] - click: Object: 'Object Repository/ADMIN/Categories/Category/dropdown_Parent' is clicked on

2019-05-15 09:01:19 - [MESSAGE][PASSED] - Object: 'Object Repository/ADMIN/Categories/Category/dropdown_Parent' is clicked on

2019-05-15 09:01:19 - [TEST_STEP][PASSED] - delay: Delayed 2 second(s)

2019-05-15 09:01:21 - [MESSAGE][PASSED] - Delayed 2 second(s)

2019-05-15 09:01:21 - [TEST_STEP][PASSED] - click: Object: 'Object Repository/ADMIN/Categories/Category/dropdown_Parent' is clicked on

2019-05-15 09:01:21 - [MESSAGE][PASSED] - Object: 'Object Repository/ADMIN/Categories/Category/dropdown_Parent' is clicked on

2019-05-15 09:01:21 - [TEST_STEP][PASSED] - selectOptionByLabel: All options with label 'Category 4.10' are selected in object 'Object Repository/ADMIN/Categories/Category/dropdown_Parent' 

2019-05-15 09:01:21 - [MESSAGE][PASSED] - All options with label 'Category 4.10' are selected in object 'Object Repository/ADMIN/Categories/Category/dropdown_Parent' 

2019-05-15 09:01:21 - [TEST_STEP][PASSED] - click: Object: 'Object Repository/ADMIN/Categories/Category/button_Browse' is clicked on

2019-05-15 09:01:22 - [MESSAGE][PASSED] - Object: 'Object Repository/ADMIN/Categories/Category/button_Browse' is clicked on

2019-05-15 09:01:22 - [TEST_STEP][PASSED] - delay: Delayed 1 second(s)

2019-05-15 09:01:23 - [MESSAGE][PASSED] - Delayed 1 second(s)

2019-05-15 09:01:23 - [TEST_STEP][PASSED] - uploadFile: File 'C:\\Katalon\\Image\\pic5.jpg' sent to object: 'Object Repository/ADMIN/Categories/Category/image_input image'

2019-05-15 09:01:23 - [MESSAGE][PASSED] - File 'C:\\Katalon\\Image\\pic5.jpg' sent to object: 'Object Repository/ADMIN/Categories/Category/image_input image'

2019-05-15 09:01:23 - [TEST_STEP][PASSED] - waitForElementVisible: Object 'Object Repository/ADMIN/Categories/Category/button_upload check' is visible

2019-05-15 09:01:23 - [MESSAGE][WARNING] - Timeout '0' is invalid. Using default page load timeout: '30'

2019-05-15 09:01:23 - [MESSAGE][PASSED] - Object 'Object Repository/ADMIN/Categories/Category/button_upload check' is visible

2019-05-15 09:01:23 - [TEST_STEP][PASSED] - click: Object: 'Object Repository/ADMIN/Categories/Category/button_upload check' is clicked on

2019-05-15 09:01:23 - [MESSAGE][PASSED] - Object: 'Object Repository/ADMIN/Categories/Category/button_upload check' is clicked on

2019-05-15 09:01:23 - [TEST_STEP][PASSED] - click: Object: 'Object Repository/ADMIN/Categories/Category/button_upload save' is clicked on

2019-05-15 09:01:24 - [MESSAGE][PASSED] - Object: 'Object Repository/ADMIN/Categories/Category/button_upload save' is clicked on

2019-05-15 09:01:24 - [TEST_STEP][PASSED] - waitForElementVisible: Object 'Object Repository/ADMIN/Categories/Category/button_upload save' is visible

2019-05-15 09:01:24 - [MESSAGE][WARNING] - Timeout '0' is invalid. Using default page load timeout: '30'

2019-05-15 09:01:24 - [MESSAGE][PASSED] - Object 'Object Repository/ADMIN/Categories/Category/button_upload save' is visible

2019-05-15 09:01:24 - [TEST_STEP][PASSED] - setText: Text 'Description66' is set on object 'Object Repository/ADMIN/Categories/Category/textfield_category_description'

2019-05-15 09:01:25 - [MESSAGE][PASSED] - Text 'Description66' is set on object 'Object Repository/ADMIN/Categories/Category/textfield_category_description'

2019-05-15 09:01:25 - [TEST_STEP][PASSED] - click: Object: 'Object Repository/ADMIN/Categories/Category/button_Save' is clicked on

2019-05-15 09:01:27 - [MESSAGE][PASSED] - Object: 'Object Repository/ADMIN/Categories/Category/button_Save' is clicked on

2019-05-15 09:01:27 - [TEST_STEP][PASSED] - waitForElementVisible: Object 'Object Repository/ADMIN/Categories/Category/label_edit popup' is visible

2019-05-15 09:01:27 - [MESSAGE][WARNING] - Timeout '0' is invalid. Using default page load timeout: '30'

2019-05-15 09:01:29 - [MESSAGE][PASSED] - Object 'Object Repository/ADMIN/Categories/Category/label_edit popup' is visible

2019-05-15 09:01:29 - [TEST_STEP][PASSED] - waitForElementNotPresent: Web element with id: 'Object Repository/ADMIN/Categories/Category/label_edit popup' located by 'By.xpath: //div[(text() = 'Category was successfully saved.' or . = 'Category was successfully saved.')]' is not present after '30' second(s)

2019-05-15 09:01:29 - [MESSAGE][WARNING] - Timeout '0' is invalid. Using default page load timeout: '30'

2019-05-15 09:01:35 - [MESSAGE][PASSED] - Web element with id: 'Object Repository/ADMIN/Categories/Category/label_edit popup' located by 'By.xpath: //div[(text() = 'Category was successfully saved.' or . = 'Category was successfully saved.')]' is not present after '30' second(s)]]></system-out>
         <system-err><![CDATA[2019-05-15 09:01:16 - [TEST_CASE][FAILED] - Test Cases/ADMIN/Content Mgmt/Categories/Category Add-Edit/Add Category: Test Cases/ADMIN/Content Mgmt/Categories/Category Add-Edit/Add Category FAILED because (of) Unable to click on object 'Object Repository/ADMIN/Categories/Category List/button_Categories' (Root cause: org.openqa.selenium.ElementNotVisibleException: element not visible
  (Session info: chrome=74.0.3729.131)
  (Driver info: chromedriver=2.35.528161 (5b82f2d2aae0ca24b877009200ced9065a772e73),platform=Windows NT 6.1.7601 SP1 x86_64) (WARNING: The server did not provide any stacktrace information)
Command duration or timeout: 0 milliseconds
Build info: version: '3.7.1', revision: '8a0099a', time: '2017-11-06T21:07:36.161Z'
System info: host: 'ARCADIER-PC', ip: '10.10.31.95', os.name: 'Windows 7', os.arch: 'amd64', os.version: '6.1', java.version: '1.8.0_102'
Driver info: com.kms.katalon.core.webui.driver.ExistingRemoteWebDriver
Capabilities {javascriptEnabled: true, platform: ANY, platformName: ANY}
Session ID: 4cba786bf88613ee8a0544a4d9db771f)]]></system-err>
      </testcase>
      <testcase name="Test Cases/ADMIN/Content Mgmt/Categories/Category Add-Edit/Add Category" classname="Test Cases/ADMIN/Content Mgmt/Categories/Category Add-Edit/Add Category" status="PASSED">
         <system-out><![CDATA[2019-05-15 09:01:35 - [TEST_CASE][PASSED] - Test Cases/ADMIN/Content Mgmt/Categories/Category Add-Edit/Add Category: Test Cases/ADMIN/Content Mgmt/Categories/Category Add-Edit/Add Category

2019-05-15 09:01:35 - [TEST_STEP][PASSED] - waitForElementVisible: Object 'Object Repository/ADMIN/Categories/Category List/button_Content Mgmt' is visible

2019-05-15 09:01:35 - [MESSAGE][WARNING] - Timeout '0' is invalid. Using default page load timeout: '30'

2019-05-15 09:01:35 - [MESSAGE][PASSED] - Object 'Object Repository/ADMIN/Categories/Category List/button_Content Mgmt' is visible

2019-05-15 09:01:35 - [TEST_STEP][PASSED] - click: Object: 'Object Repository/ADMIN/Categories/Category List/button_Content Mgmt' is clicked on

2019-05-15 09:01:35 - [MESSAGE][PASSED] - Object: 'Object Repository/ADMIN/Categories/Category List/button_Content Mgmt' is clicked on

2019-05-15 09:01:35 - [TEST_STEP][PASSED] - waitForElementVisible: Object 'Object Repository/ADMIN/Categories/Category List/button_Categories' is visible

2019-05-15 09:01:35 - [MESSAGE][WARNING] - Timeout '0' is invalid. Using default page load timeout: '30'

2019-05-15 09:01:35 - [MESSAGE][PASSED] - Object 'Object Repository/ADMIN/Categories/Category List/button_Categories' is visible

2019-05-15 09:01:35 - [TEST_STEP][PASSED] - click: Object: 'Object Repository/ADMIN/Categories/Category List/button_Categories' is clicked on

2019-05-15 09:01:42 - [MESSAGE][PASSED] - Object: 'Object Repository/ADMIN/Categories/Category List/button_Categories' is clicked on

2019-05-15 09:01:42 - [TEST_STEP][PASSED] - waitForPageLoad: Wait for page load successfully

2019-05-15 09:01:42 - [MESSAGE][WARNING] - Timeout '0' is invalid. Using default page load timeout: '30'

2019-05-15 09:01:42 - [MESSAGE][PASSED] - Wait for page load successfully

2019-05-15 09:01:42 - [TEST_STEP][PASSED] - click: Object: 'Object Repository/ADMIN/Categories/Category List/button_Add a Category' is clicked on

2019-05-15 09:01:42 - [MESSAGE][PASSED] - Object: 'Object Repository/ADMIN/Categories/Category List/button_Add a Category' is clicked on

2019-05-15 09:01:42 - [TEST_STEP][PASSED] - waitForElementPresent: Object 'Object Repository/ADMIN/Categories/Category/dropdown_Parent' is present

2019-05-15 09:01:42 - [MESSAGE][PASSED] - Object 'Object Repository/ADMIN/Categories/Category/dropdown_Parent' is present

2019-05-15 09:01:42 - [TEST_STEP][PASSED] - delay: Delayed 1 second(s)

2019-05-15 09:01:43 - [MESSAGE][PASSED] - Delayed 1 second(s)

2019-05-15 09:01:43 - [TEST_STEP][PASSED] - setText: Text 'Category 4.10.5' is set on object 'Object Repository/ADMIN/Categories/Category/textfield_Category Name'

2019-05-15 09:01:43 - [MESSAGE][PASSED] - Text 'Category 4.10.5' is set on object 'Object Repository/ADMIN/Categories/Category/textfield_Category Name'

2019-05-15 09:01:43 - [TEST_STEP][PASSED] - click: Object: 'Object Repository/ADMIN/Categories/Category/dropdown_Parent' is clicked on

2019-05-15 09:01:43 - [MESSAGE][PASSED] - Object: 'Object Repository/ADMIN/Categories/Category/dropdown_Parent' is clicked on

2019-05-15 09:01:43 - [TEST_STEP][PASSED] - delay: Delayed 2 second(s)

2019-05-15 09:01:45 - [MESSAGE][PASSED] - Delayed 2 second(s)

2019-05-15 09:01:45 - [TEST_STEP][PASSED] - click: Object: 'Object Repository/ADMIN/Categories/Category/dropdown_Parent' is clicked on

2019-05-15 09:01:45 - [MESSAGE][PASSED] - Object: 'Object Repository/ADMIN/Categories/Category/dropdown_Parent' is clicked on

2019-05-15 09:01:45 - [TEST_STEP][PASSED] - selectOptionByLabel: All options with label 'Category 4.10' are selected in object 'Object Repository/ADMIN/Categories/Category/dropdown_Parent' 

2019-05-15 09:01:45 - [MESSAGE][PASSED] - All options with label 'Category 4.10' are selected in object 'Object Repository/ADMIN/Categories/Category/dropdown_Parent' 

2019-05-15 09:01:45 - [TEST_STEP][PASSED] - click: Object: 'Object Repository/ADMIN/Categories/Category/button_Browse' is clicked on

2019-05-15 09:01:45 - [MESSAGE][PASSED] - Object: 'Object Repository/ADMIN/Categories/Category/button_Browse' is clicked on

2019-05-15 09:01:45 - [TEST_STEP][PASSED] - delay: Delayed 1 second(s)

2019-05-15 09:01:46 - [MESSAGE][PASSED] - Delayed 1 second(s)

2019-05-15 09:01:46 - [TEST_STEP][PASSED] - uploadFile: File 'C:\\Katalon\\Image\\pic6.jpg' sent to object: 'Object Repository/ADMIN/Categories/Category/image_input image'

2019-05-15 09:01:46 - [MESSAGE][PASSED] - File 'C:\\Katalon\\Image\\pic6.jpg' sent to object: 'Object Repository/ADMIN/Categories/Category/image_input image'

2019-05-15 09:01:46 - [TEST_STEP][PASSED] - waitForElementVisible: Object 'Object Repository/ADMIN/Categories/Category/button_upload check' is visible

2019-05-15 09:01:46 - [MESSAGE][WARNING] - Timeout '0' is invalid. Using default page load timeout: '30'

2019-05-15 09:01:47 - [MESSAGE][PASSED] - Object 'Object Repository/ADMIN/Categories/Category/button_upload check' is visible

2019-05-15 09:01:47 - [TEST_STEP][PASSED] - click: Object: 'Object Repository/ADMIN/Categories/Category/button_upload check' is clicked on

2019-05-15 09:01:47 - [MESSAGE][PASSED] - Object: 'Object Repository/ADMIN/Categories/Category/button_upload check' is clicked on

2019-05-15 09:01:47 - [TEST_STEP][PASSED] - click: Object: 'Object Repository/ADMIN/Categories/Category/button_upload save' is clicked on

2019-05-15 09:01:47 - [MESSAGE][PASSED] - Object: 'Object Repository/ADMIN/Categories/Category/button_upload save' is clicked on

2019-05-15 09:01:47 - [TEST_STEP][PASSED] - waitForElementVisible: Object 'Object Repository/ADMIN/Categories/Category/button_upload save' is visible

2019-05-15 09:01:47 - [MESSAGE][WARNING] - Timeout '0' is invalid. Using default page load timeout: '30'

2019-05-15 09:01:47 - [MESSAGE][PASSED] - Object 'Object Repository/ADMIN/Categories/Category/button_upload save' is visible

2019-05-15 09:01:47 - [TEST_STEP][PASSED] - setText: Text 'Description67' is set on object 'Object Repository/ADMIN/Categories/Category/textfield_category_description'

2019-05-15 09:01:47 - [MESSAGE][PASSED] - Text 'Description67' is set on object 'Object Repository/ADMIN/Categories/Category/textfield_category_description'

2019-05-15 09:01:47 - [TEST_STEP][PASSED] - click: Object: 'Object Repository/ADMIN/Categories/Category/button_Save' is clicked on

2019-05-15 09:01:48 - [MESSAGE][PASSED] - Object: 'Object Repository/ADMIN/Categories/Category/button_Save' is clicked on

2019-05-15 09:01:48 - [TEST_STEP][PASSED] - waitForElementVisible: Object 'Object Repository/ADMIN/Categories/Category/label_edit popup' is visible

2019-05-15 09:01:48 - [MESSAGE][WARNING] - Timeout '0' is invalid. Using default page load timeout: '30'

2019-05-15 09:01:49 - [MESSAGE][PASSED] - Object 'Object Repository/ADMIN/Categories/Category/label_edit popup' is visible

2019-05-15 09:01:49 - [TEST_STEP][PASSED] - waitForElementNotPresent: Web element with id: 'Object Repository/ADMIN/Categories/Category/label_edit popup' located by 'By.xpath: //div[(text() = 'Category was successfully saved.' or . = 'Category was successfully saved.')]' is not present after '30' second(s)

2019-05-15 09:01:49 - [MESSAGE][WARNING] - Timeout '0' is invalid. Using default page load timeout: '30'

2019-05-15 09:01:55 - [MESSAGE][PASSED] - Web element with id: 'Object Repository/ADMIN/Categories/Category/label_edit popup' located by 'By.xpath: //div[(text() = 'Category was successfully saved.' or . = 'Category was successfully saved.')]' is not present after '30' second(s)]]></system-out>
         <system-err><![CDATA[]]></system-err>
      </testcase>
      <testcase name="Test Cases/ADMIN/Content Mgmt/Categories/Category Add-Edit/Add Category" classname="Test Cases/ADMIN/Content Mgmt/Categories/Category Add-Edit/Add Category" status="FAILED">
         <failure type="FAILED" message="Unable to click on object 'Object Repository/ADMIN/Categories/Category List/button_Categories' (Root cause: org.openqa.selenium.ElementNotVisibleException: element not visible
  (Session info: chrome=74.0.3729.131)
  (Driver info: chromedriver=2.35.528161 (5b82f2d2aae0ca24b877009200ced9065a772e73),platform=Windows NT 6.1.7601 SP1 x86_64) (WARNING: The server did not provide any stacktrace information)
Command duration or timeout: 0 milliseconds
Build info: version: '3.7.1', revision: '8a0099a', time: '2017-11-06T21:07:36.161Z'
System info: host: 'ARCADIER-PC', ip: '10.10.31.95', os.name: 'Windows 7', os.arch: 'amd64', os.version: '6.1', java.version: '1.8.0_102'
Driver info: com.kms.katalon.core.webui.driver.ExistingRemoteWebDriver
Capabilities {javascriptEnabled: true, platform: ANY, platformName: ANY}
Session ID: 4cba786bf88613ee8a0544a4d9db771f)"/>
         <system-out><![CDATA[2019-05-15 09:01:55 - [TEST_CASE][FAILED] - Test Cases/ADMIN/Content Mgmt/Categories/Category Add-Edit/Add Category: Test Cases/ADMIN/Content Mgmt/Categories/Category Add-Edit/Add Category FAILED because (of) Unable to click on object 'Object Repository/ADMIN/Categories/Category List/button_Categories' (Root cause: org.openqa.selenium.ElementNotVisibleException: element not visible
  (Session info: chrome=74.0.3729.131)
  (Driver info: chromedriver=2.35.528161 (5b82f2d2aae0ca24b877009200ced9065a772e73),platform=Windows NT 6.1.7601 SP1 x86_64) (WARNING: The server did not provide any stacktrace information)
Command duration or timeout: 0 milliseconds
Build info: version: '3.7.1', revision: '8a0099a', time: '2017-11-06T21:07:36.161Z'
System info: host: 'ARCADIER-PC', ip: '10.10.31.95', os.name: 'Windows 7', os.arch: 'amd64', os.version: '6.1', java.version: '1.8.0_102'
Driver info: com.kms.katalon.core.webui.driver.ExistingRemoteWebDriver
Capabilities {javascriptEnabled: true, platform: ANY, platformName: ANY}
Session ID: 4cba786bf88613ee8a0544a4d9db771f)

2019-05-15 09:01:55 - [TEST_STEP][PASSED] - waitForElementVisible: Object 'Object Repository/ADMIN/Categories/Category List/button_Content Mgmt' is visible

2019-05-15 09:01:55 - [MESSAGE][WARNING] - Timeout '0' is invalid. Using default page load timeout: '30'

2019-05-15 09:01:55 - [MESSAGE][PASSED] - Object 'Object Repository/ADMIN/Categories/Category List/button_Content Mgmt' is visible

2019-05-15 09:01:55 - [TEST_STEP][PASSED] - click: Object: 'Object Repository/ADMIN/Categories/Category List/button_Content Mgmt' is clicked on

2019-05-15 09:01:55 - [MESSAGE][PASSED] - Object: 'Object Repository/ADMIN/Categories/Category List/button_Content Mgmt' is clicked on

2019-05-15 09:01:55 - [TEST_STEP][PASSED] - waitForElementVisible: Object 'Object Repository/ADMIN/Categories/Category List/button_Categories' is visible

2019-05-15 09:01:55 - [MESSAGE][WARNING] - Timeout '0' is invalid. Using default page load timeout: '30'

2019-05-15 09:01:55 - [MESSAGE][PASSED] - Object 'Object Repository/ADMIN/Categories/Category List/button_Categories' is visible

2019-05-15 09:01:55 - [TEST_STEP][FAILED] - click: Unable to click on object 'Object Repository/ADMIN/Categories/Category List/button_Categories' (Root cause: org.openqa.selenium.ElementNotVisibleException: element not visible
  (Session info: chrome=74.0.3729.131)
  (Driver info: chromedriver=2.35.528161 (5b82f2d2aae0ca24b877009200ced9065a772e73),platform=Windows NT 6.1.7601 SP1 x86_64) (WARNING: The server did not provide any stacktrace information)
Command duration or timeout: 0 milliseconds
Build info: version: '3.7.1', revision: '8a0099a', time: '2017-11-06T21:07:36.161Z'
System info: host: 'ARCADIER-PC', ip: '10.10.31.95', os.name: 'Windows 7', os.arch: 'amd64', os.version: '6.1', java.version: '1.8.0_102'
Driver info: com.kms.katalon.core.webui.driver.ExistingRemoteWebDriver
Capabilities {javascriptEnabled: true, platform: ANY, platformName: ANY}
Session ID: 4cba786bf88613ee8a0544a4d9db771f)

2019-05-15 09:01:56 - [MESSAGE][FAILED] - Unable to click on object 'Object Repository/ADMIN/Categories/Category List/button_Categories' (Root cause: org.openqa.selenium.ElementNotVisibleException: element not visible
  (Session info: chrome=74.0.3729.131)
  (Driver info: chromedriver=2.35.528161 (5b82f2d2aae0ca24b877009200ced9065a772e73),platform=Windows NT 6.1.7601 SP1 x86_64) (WARNING: The server did not provide any stacktrace information)
Command duration or timeout: 0 milliseconds
Build info: version: '3.7.1', revision: '8a0099a', time: '2017-11-06T21:07:36.161Z'
System info: host: 'ARCADIER-PC', ip: '10.10.31.95', os.name: 'Windows 7', os.arch: 'amd64', os.version: '6.1', java.version: '1.8.0_102'
Driver info: com.kms.katalon.core.webui.driver.ExistingRemoteWebDriver
Capabilities {javascriptEnabled: true, platform: ANY, platformName: ANY}
Session ID: 4cba786bf88613ee8a0544a4d9db771f)
[[ATTACHMENT|C:\\Katalon\\Arctick\\Reports\\Suites\\Admin Add Category\\20190515_083232\\1557882115785.png]]

2019-05-15 09:01:56 - [TEST_STEP][PASSED] - waitForPageLoad: Wait for page load successfully

2019-05-15 09:01:56 - [MESSAGE][WARNING] - Timeout '0' is invalid. Using default page load timeout: '30'

2019-05-15 09:01:56 - [MESSAGE][PASSED] - Wait for page load successfully

2019-05-15 09:01:56 - [TEST_STEP][PASSED] - click: Object: 'Object Repository/ADMIN/Categories/Category List/button_Add a Category' is clicked on

2019-05-15 09:01:56 - [MESSAGE][PASSED] - Object: 'Object Repository/ADMIN/Categories/Category List/button_Add a Category' is clicked on

2019-05-15 09:01:56 - [TEST_STEP][PASSED] - waitForElementPresent: Object 'Object Repository/ADMIN/Categories/Category/dropdown_Parent' is present

2019-05-15 09:01:56 - [MESSAGE][PASSED] - Object 'Object Repository/ADMIN/Categories/Category/dropdown_Parent' is present

2019-05-15 09:01:56 - [TEST_STEP][PASSED] - delay: Delayed 1 second(s)

2019-05-15 09:01:57 - [MESSAGE][PASSED] - Delayed 1 second(s)

2019-05-15 09:01:57 - [TEST_STEP][PASSED] - setText: Text 'Category 4.10.5.1' is set on object 'Object Repository/ADMIN/Categories/Category/textfield_Category Name'

2019-05-15 09:01:57 - [MESSAGE][PASSED] - Text 'Category 4.10.5.1' is set on object 'Object Repository/ADMIN/Categories/Category/textfield_Category Name'

2019-05-15 09:01:57 - [TEST_STEP][PASSED] - click: Object: 'Object Repository/ADMIN/Categories/Category/dropdown_Parent' is clicked on

2019-05-15 09:01:57 - [MESSAGE][PASSED] - Object: 'Object Repository/ADMIN/Categories/Category/dropdown_Parent' is clicked on

2019-05-15 09:01:57 - [TEST_STEP][PASSED] - delay: Delayed 2 second(s)

2019-05-15 09:01:59 - [MESSAGE][PASSED] - Delayed 2 second(s)

2019-05-15 09:01:59 - [TEST_STEP][PASSED] - click: Object: 'Object Repository/ADMIN/Categories/Category/dropdown_Parent' is clicked on

2019-05-15 09:01:59 - [MESSAGE][PASSED] - Object: 'Object Repository/ADMIN/Categories/Category/dropdown_Parent' is clicked on

2019-05-15 09:01:59 - [TEST_STEP][PASSED] - selectOptionByLabel: All options with label 'Category 4.10.5' are selected in object 'Object Repository/ADMIN/Categories/Category/dropdown_Parent' 

2019-05-15 09:01:59 - [MESSAGE][PASSED] - All options with label 'Category 4.10.5' are selected in object 'Object Repository/ADMIN/Categories/Category/dropdown_Parent' 

2019-05-15 09:01:59 - [TEST_STEP][PASSED] - click: Object: 'Object Repository/ADMIN/Categories/Category/button_Browse' is clicked on

2019-05-15 09:01:59 - [MESSAGE][PASSED] - Object: 'Object Repository/ADMIN/Categories/Category/button_Browse' is clicked on

2019-05-15 09:01:59 - [TEST_STEP][PASSED] - delay: Delayed 1 second(s)

2019-05-15 09:02:00 - [MESSAGE][PASSED] - Delayed 1 second(s)

2019-05-15 09:02:00 - [TEST_STEP][PASSED] - uploadFile: File 'C:\\Katalon\\Image\\pic7.jpg' sent to object: 'Object Repository/ADMIN/Categories/Category/image_input image'

2019-05-15 09:02:00 - [MESSAGE][PASSED] - File 'C:\\Katalon\\Image\\pic7.jpg' sent to object: 'Object Repository/ADMIN/Categories/Category/image_input image'

2019-05-15 09:02:00 - [TEST_STEP][PASSED] - waitForElementVisible: Object 'Object Repository/ADMIN/Categories/Category/button_upload check' is visible

2019-05-15 09:02:00 - [MESSAGE][WARNING] - Timeout '0' is invalid. Using default page load timeout: '30'

2019-05-15 09:02:00 - [MESSAGE][PASSED] - Object 'Object Repository/ADMIN/Categories/Category/button_upload check' is visible

2019-05-15 09:02:00 - [TEST_STEP][PASSED] - click: Object: 'Object Repository/ADMIN/Categories/Category/button_upload check' is clicked on

2019-05-15 09:02:01 - [MESSAGE][PASSED] - Object: 'Object Repository/ADMIN/Categories/Category/button_upload check' is clicked on

2019-05-15 09:02:01 - [TEST_STEP][PASSED] - click: Object: 'Object Repository/ADMIN/Categories/Category/button_upload save' is clicked on

2019-05-15 09:02:02 - [MESSAGE][PASSED] - Object: 'Object Repository/ADMIN/Categories/Category/button_upload save' is clicked on

2019-05-15 09:02:02 - [TEST_STEP][FAILED] - waitForElementVisible: Unable to wait for object 'Object Repository/ADMIN/Categories/Category/button_upload save' to be visible (Root cause: org.openqa.selenium.StaleElementReferenceException: stale element reference: element is not attached to the page document
  (Session info: chrome=74.0.3729.131)
  (Driver info: chromedriver=2.35.528161 (5b82f2d2aae0ca24b877009200ced9065a772e73),platform=Windows NT 6.1.7601 SP1 x86_64) (WARNING: The server did not provide any stacktrace information)
Command duration or timeout: 0 milliseconds
For documentation on this error, please visit: http://seleniumhq.org/exceptions/stale_element_reference.html
Build info: version: '3.7.1', revision: '8a0099a', time: '2017-11-06T21:07:36.161Z'
System info: host: 'ARCADIER-PC', ip: '10.10.31.95', os.name: 'Windows 7', os.arch: 'amd64', os.version: '6.1', java.version: '1.8.0_102'
Driver info: com.kms.katalon.core.webui.driver.ExistingRemoteWebDriver
Capabilities {javascriptEnabled: true, platform: ANY, platformName: ANY}
Session ID: 4cba786bf88613ee8a0544a4d9db771f)

2019-05-15 09:02:02 - [MESSAGE][WARNING] - Timeout '0' is invalid. Using default page load timeout: '30'

2019-05-15 09:02:03 - [MESSAGE][FAILED] - Unable to wait for object 'Object Repository/ADMIN/Categories/Category/button_upload save' to be visible (Root cause: org.openqa.selenium.StaleElementReferenceException: stale element reference: element is not attached to the page document
  (Session info: chrome=74.0.3729.131)
  (Driver info: chromedriver=2.35.528161 (5b82f2d2aae0ca24b877009200ced9065a772e73),platform=Windows NT 6.1.7601 SP1 x86_64) (WARNING: The server did not provide any stacktrace information)
Command duration or timeout: 0 milliseconds
For documentation on this error, please visit: http://seleniumhq.org/exceptions/stale_element_reference.html
Build info: version: '3.7.1', revision: '8a0099a', time: '2017-11-06T21:07:36.161Z'
System info: host: 'ARCADIER-PC', ip: '10.10.31.95', os.name: 'Windows 7', os.arch: 'amd64', os.version: '6.1', java.version: '1.8.0_102'
Driver info: com.kms.katalon.core.webui.driver.ExistingRemoteWebDriver
Capabilities {javascriptEnabled: true, platform: ANY, platformName: ANY}
Session ID: 4cba786bf88613ee8a0544a4d9db771f)
[[ATTACHMENT|C:\\Katalon\\Arctick\\Reports\\Suites\\Admin Add Category\\20190515_083232\\1557882123254.png]]

2019-05-15 09:02:03 - [TEST_STEP][PASSED] - setText: Text 'Description68' is set on object 'Object Repository/ADMIN/Categories/Category/textfield_category_description'

2019-05-15 09:02:03 - [MESSAGE][PASSED] - Text 'Description68' is set on object 'Object Repository/ADMIN/Categories/Category/textfield_category_description'

2019-05-15 09:02:04 - [TEST_STEP][PASSED] - click: Object: 'Object Repository/ADMIN/Categories/Category/button_Save' is clicked on

2019-05-15 09:02:04 - [MESSAGE][PASSED] - Object: 'Object Repository/ADMIN/Categories/Category/button_Save' is clicked on

2019-05-15 09:02:04 - [TEST_STEP][PASSED] - waitForElementVisible: Object 'Object Repository/ADMIN/Categories/Category/label_edit popup' is visible

2019-05-15 09:02:04 - [MESSAGE][WARNING] - Timeout '0' is invalid. Using default page load timeout: '30'

2019-05-15 09:02:05 - [MESSAGE][PASSED] - Object 'Object Repository/ADMIN/Categories/Category/label_edit popup' is visible

2019-05-15 09:02:05 - [TEST_STEP][PASSED] - waitForElementNotPresent: Web element with id: 'Object Repository/ADMIN/Categories/Category/label_edit popup' located by 'By.xpath: //div[(text() = 'Category was successfully saved.' or . = 'Category was successfully saved.')]' is not present after '30' second(s)

2019-05-15 09:02:05 - [MESSAGE][WARNING] - Timeout '0' is invalid. Using default page load timeout: '30'

2019-05-15 09:02:11 - [MESSAGE][PASSED] - Web element with id: 'Object Repository/ADMIN/Categories/Category/label_edit popup' located by 'By.xpath: //div[(text() = 'Category was successfully saved.' or . = 'Category was successfully saved.')]' is not present after '30' second(s)]]></system-out>
         <system-err><![CDATA[2019-05-15 09:01:55 - [TEST_CASE][FAILED] - Test Cases/ADMIN/Content Mgmt/Categories/Category Add-Edit/Add Category: Test Cases/ADMIN/Content Mgmt/Categories/Category Add-Edit/Add Category FAILED because (of) Unable to click on object 'Object Repository/ADMIN/Categories/Category List/button_Categories' (Root cause: org.openqa.selenium.ElementNotVisibleException: element not visible
  (Session info: chrome=74.0.3729.131)
  (Driver info: chromedriver=2.35.528161 (5b82f2d2aae0ca24b877009200ced9065a772e73),platform=Windows NT 6.1.7601 SP1 x86_64) (WARNING: The server did not provide any stacktrace information)
Command duration or timeout: 0 milliseconds
Build info: version: '3.7.1', revision: '8a0099a', time: '2017-11-06T21:07:36.161Z'
System info: host: 'ARCADIER-PC', ip: '10.10.31.95', os.name: 'Windows 7', os.arch: 'amd64', os.version: '6.1', java.version: '1.8.0_102'
Driver info: com.kms.katalon.core.webui.driver.ExistingRemoteWebDriver
Capabilities {javascriptEnabled: true, platform: ANY, platformName: ANY}
Session ID: 4cba786bf88613ee8a0544a4d9db771f)]]></system-err>
      </testcase>
      <testcase name="Test Cases/ADMIN/Content Mgmt/Categories/Category Add-Edit/Add Category" classname="Test Cases/ADMIN/Content Mgmt/Categories/Category Add-Edit/Add Category" status="FAILED">
         <failure type="FAILED" message="Unable to click on object 'Object Repository/ADMIN/Categories/Category List/button_Categories' (Root cause: org.openqa.selenium.ElementNotVisibleException: element not visible
  (Session info: chrome=74.0.3729.131)
  (Driver info: chromedriver=2.35.528161 (5b82f2d2aae0ca24b877009200ced9065a772e73),platform=Windows NT 6.1.7601 SP1 x86_64) (WARNING: The server did not provide any stacktrace information)
Command duration or timeout: 0 milliseconds
Build info: version: '3.7.1', revision: '8a0099a', time: '2017-11-06T21:07:36.161Z'
System info: host: 'ARCADIER-PC', ip: '10.10.31.95', os.name: 'Windows 7', os.arch: 'amd64', os.version: '6.1', java.version: '1.8.0_102'
Driver info: com.kms.katalon.core.webui.driver.ExistingRemoteWebDriver
Capabilities {javascriptEnabled: true, platform: ANY, platformName: ANY}
Session ID: 4cba786bf88613ee8a0544a4d9db771f)"/>
         <system-out><![CDATA[2019-05-15 09:02:11 - [TEST_CASE][FAILED] - Test Cases/ADMIN/Content Mgmt/Categories/Category Add-Edit/Add Category: Test Cases/ADMIN/Content Mgmt/Categories/Category Add-Edit/Add Category FAILED because (of) Unable to click on object 'Object Repository/ADMIN/Categories/Category List/button_Categories' (Root cause: org.openqa.selenium.ElementNotVisibleException: element not visible
  (Session info: chrome=74.0.3729.131)
  (Driver info: chromedriver=2.35.528161 (5b82f2d2aae0ca24b877009200ced9065a772e73),platform=Windows NT 6.1.7601 SP1 x86_64) (WARNING: The server did not provide any stacktrace information)
Command duration or timeout: 0 milliseconds
Build info: version: '3.7.1', revision: '8a0099a', time: '2017-11-06T21:07:36.161Z'
System info: host: 'ARCADIER-PC', ip: '10.10.31.95', os.name: 'Windows 7', os.arch: 'amd64', os.version: '6.1', java.version: '1.8.0_102'
Driver info: com.kms.katalon.core.webui.driver.ExistingRemoteWebDriver
Capabilities {javascriptEnabled: true, platform: ANY, platformName: ANY}
Session ID: 4cba786bf88613ee8a0544a4d9db771f)

2019-05-15 09:02:11 - [TEST_STEP][PASSED] - waitForElementVisible: Object 'Object Repository/ADMIN/Categories/Category List/button_Content Mgmt' is visible

2019-05-15 09:02:11 - [MESSAGE][WARNING] - Timeout '0' is invalid. Using default page load timeout: '30'

2019-05-15 09:02:11 - [MESSAGE][PASSED] - Object 'Object Repository/ADMIN/Categories/Category List/button_Content Mgmt' is visible

2019-05-15 09:02:11 - [TEST_STEP][PASSED] - click: Object: 'Object Repository/ADMIN/Categories/Category List/button_Content Mgmt' is clicked on

2019-05-15 09:02:11 - [MESSAGE][PASSED] - Object: 'Object Repository/ADMIN/Categories/Category List/button_Content Mgmt' is clicked on

2019-05-15 09:02:11 - [TEST_STEP][PASSED] - waitForElementVisible: Object 'Object Repository/ADMIN/Categories/Category List/button_Categories' is visible

2019-05-15 09:02:11 - [MESSAGE][WARNING] - Timeout '0' is invalid. Using default page load timeout: '30'

2019-05-15 09:02:11 - [MESSAGE][PASSED] - Object 'Object Repository/ADMIN/Categories/Category List/button_Categories' is visible

2019-05-15 09:02:11 - [TEST_STEP][FAILED] - click: Unable to click on object 'Object Repository/ADMIN/Categories/Category List/button_Categories' (Root cause: org.openqa.selenium.ElementNotVisibleException: element not visible
  (Session info: chrome=74.0.3729.131)
  (Driver info: chromedriver=2.35.528161 (5b82f2d2aae0ca24b877009200ced9065a772e73),platform=Windows NT 6.1.7601 SP1 x86_64) (WARNING: The server did not provide any stacktrace information)
Command duration or timeout: 0 milliseconds
Build info: version: '3.7.1', revision: '8a0099a', time: '2017-11-06T21:07:36.161Z'
System info: host: 'ARCADIER-PC', ip: '10.10.31.95', os.name: 'Windows 7', os.arch: 'amd64', os.version: '6.1', java.version: '1.8.0_102'
Driver info: com.kms.katalon.core.webui.driver.ExistingRemoteWebDriver
Capabilities {javascriptEnabled: true, platform: ANY, platformName: ANY}
Session ID: 4cba786bf88613ee8a0544a4d9db771f)

2019-05-15 09:02:12 - [MESSAGE][FAILED] - Unable to click on object 'Object Repository/ADMIN/Categories/Category List/button_Categories' (Root cause: org.openqa.selenium.ElementNotVisibleException: element not visible
  (Session info: chrome=74.0.3729.131)
  (Driver info: chromedriver=2.35.528161 (5b82f2d2aae0ca24b877009200ced9065a772e73),platform=Windows NT 6.1.7601 SP1 x86_64) (WARNING: The server did not provide any stacktrace information)
Command duration or timeout: 0 milliseconds
Build info: version: '3.7.1', revision: '8a0099a', time: '2017-11-06T21:07:36.161Z'
System info: host: 'ARCADIER-PC', ip: '10.10.31.95', os.name: 'Windows 7', os.arch: 'amd64', os.version: '6.1', java.version: '1.8.0_102'
Driver info: com.kms.katalon.core.webui.driver.ExistingRemoteWebDriver
Capabilities {javascriptEnabled: true, platform: ANY, platformName: ANY}
Session ID: 4cba786bf88613ee8a0544a4d9db771f)
[[ATTACHMENT|C:\\Katalon\\Arctick\\Reports\\Suites\\Admin Add Category\\20190515_083232\\1557882131904.png]]

2019-05-15 09:02:12 - [TEST_STEP][PASSED] - waitForPageLoad: Wait for page load successfully

2019-05-15 09:02:12 - [MESSAGE][WARNING] - Timeout '0' is invalid. Using default page load timeout: '30'

2019-05-15 09:02:12 - [MESSAGE][PASSED] - Wait for page load successfully

2019-05-15 09:02:12 - [TEST_STEP][PASSED] - click: Object: 'Object Repository/ADMIN/Categories/Category List/button_Add a Category' is clicked on

2019-05-15 09:02:12 - [MESSAGE][PASSED] - Object: 'Object Repository/ADMIN/Categories/Category List/button_Add a Category' is clicked on

2019-05-15 09:02:12 - [TEST_STEP][PASSED] - waitForElementPresent: Object 'Object Repository/ADMIN/Categories/Category/dropdown_Parent' is present

2019-05-15 09:02:12 - [MESSAGE][PASSED] - Object 'Object Repository/ADMIN/Categories/Category/dropdown_Parent' is present

2019-05-15 09:02:12 - [TEST_STEP][PASSED] - delay: Delayed 1 second(s)

2019-05-15 09:02:13 - [MESSAGE][PASSED] - Delayed 1 second(s)

2019-05-15 09:02:13 - [TEST_STEP][PASSED] - setText: Text 'Category 4.10.5.2' is set on object 'Object Repository/ADMIN/Categories/Category/textfield_Category Name'

2019-05-15 09:02:13 - [MESSAGE][PASSED] - Text 'Category 4.10.5.2' is set on object 'Object Repository/ADMIN/Categories/Category/textfield_Category Name'

2019-05-15 09:02:13 - [TEST_STEP][PASSED] - click: Object: 'Object Repository/ADMIN/Categories/Category/dropdown_Parent' is clicked on

2019-05-15 09:02:13 - [MESSAGE][PASSED] - Object: 'Object Repository/ADMIN/Categories/Category/dropdown_Parent' is clicked on

2019-05-15 09:02:13 - [TEST_STEP][PASSED] - delay: Delayed 2 second(s)

2019-05-15 09:02:15 - [MESSAGE][PASSED] - Delayed 2 second(s)

2019-05-15 09:02:15 - [TEST_STEP][PASSED] - click: Object: 'Object Repository/ADMIN/Categories/Category/dropdown_Parent' is clicked on

2019-05-15 09:02:15 - [MESSAGE][PASSED] - Object: 'Object Repository/ADMIN/Categories/Category/dropdown_Parent' is clicked on

2019-05-15 09:02:15 - [TEST_STEP][PASSED] - selectOptionByLabel: All options with label 'Category 4.10.5' are selected in object 'Object Repository/ADMIN/Categories/Category/dropdown_Parent' 

2019-05-15 09:02:15 - [MESSAGE][PASSED] - All options with label 'Category 4.10.5' are selected in object 'Object Repository/ADMIN/Categories/Category/dropdown_Parent' 

2019-05-15 09:02:15 - [TEST_STEP][PASSED] - click: Object: 'Object Repository/ADMIN/Categories/Category/button_Browse' is clicked on

2019-05-15 09:02:15 - [MESSAGE][PASSED] - Object: 'Object Repository/ADMIN/Categories/Category/button_Browse' is clicked on

2019-05-15 09:02:15 - [TEST_STEP][PASSED] - delay: Delayed 1 second(s)

2019-05-15 09:02:16 - [MESSAGE][PASSED] - Delayed 1 second(s)

2019-05-15 09:02:16 - [TEST_STEP][PASSED] - uploadFile: File 'C:\\Katalon\\Image\\pic8.jpg' sent to object: 'Object Repository/ADMIN/Categories/Category/image_input image'

2019-05-15 09:02:16 - [MESSAGE][PASSED] - File 'C:\\Katalon\\Image\\pic8.jpg' sent to object: 'Object Repository/ADMIN/Categories/Category/image_input image'

2019-05-15 09:02:16 - [TEST_STEP][PASSED] - waitForElementVisible: Object 'Object Repository/ADMIN/Categories/Category/button_upload check' is visible

2019-05-15 09:02:16 - [MESSAGE][WARNING] - Timeout '0' is invalid. Using default page load timeout: '30'

2019-05-15 09:02:17 - [MESSAGE][PASSED] - Object 'Object Repository/ADMIN/Categories/Category/button_upload check' is visible

2019-05-15 09:02:17 - [TEST_STEP][PASSED] - click: Object: 'Object Repository/ADMIN/Categories/Category/button_upload check' is clicked on

2019-05-15 09:02:17 - [MESSAGE][PASSED] - Object: 'Object Repository/ADMIN/Categories/Category/button_upload check' is clicked on

2019-05-15 09:02:17 - [TEST_STEP][PASSED] - click: Object: 'Object Repository/ADMIN/Categories/Category/button_upload save' is clicked on

2019-05-15 09:02:18 - [MESSAGE][PASSED] - Object: 'Object Repository/ADMIN/Categories/Category/button_upload save' is clicked on

2019-05-15 09:02:18 - [TEST_STEP][PASSED] - waitForElementVisible: Object 'Object Repository/ADMIN/Categories/Category/button_upload save' is visible

2019-05-15 09:02:18 - [MESSAGE][WARNING] - Timeout '0' is invalid. Using default page load timeout: '30'

2019-05-15 09:02:18 - [MESSAGE][PASSED] - Object 'Object Repository/ADMIN/Categories/Category/button_upload save' is visible

2019-05-15 09:02:18 - [TEST_STEP][PASSED] - setText: Text 'Description69' is set on object 'Object Repository/ADMIN/Categories/Category/textfield_category_description'

2019-05-15 09:02:19 - [MESSAGE][PASSED] - Text 'Description69' is set on object 'Object Repository/ADMIN/Categories/Category/textfield_category_description'

2019-05-15 09:02:19 - [TEST_STEP][PASSED] - click: Object: 'Object Repository/ADMIN/Categories/Category/button_Save' is clicked on

2019-05-15 09:02:20 - [MESSAGE][PASSED] - Object: 'Object Repository/ADMIN/Categories/Category/button_Save' is clicked on

2019-05-15 09:02:20 - [TEST_STEP][PASSED] - waitForElementVisible: Object 'Object Repository/ADMIN/Categories/Category/label_edit popup' is visible

2019-05-15 09:02:20 - [MESSAGE][WARNING] - Timeout '0' is invalid. Using default page load timeout: '30'

2019-05-15 09:02:23 - [MESSAGE][PASSED] - Object 'Object Repository/ADMIN/Categories/Category/label_edit popup' is visible

2019-05-15 09:02:23 - [TEST_STEP][PASSED] - waitForElementNotPresent: Web element with id: 'Object Repository/ADMIN/Categories/Category/label_edit popup' located by 'By.xpath: //div[(text() = 'Category was successfully saved.' or . = 'Category was successfully saved.')]' is not present after '30' second(s)

2019-05-15 09:02:23 - [MESSAGE][WARNING] - Timeout '0' is invalid. Using default page load timeout: '30'

2019-05-15 09:02:29 - [MESSAGE][PASSED] - Web element with id: 'Object Repository/ADMIN/Categories/Category/label_edit popup' located by 'By.xpath: //div[(text() = 'Category was successfully saved.' or . = 'Category was successfully saved.')]' is not present after '30' second(s)]]></system-out>
         <system-err><![CDATA[2019-05-15 09:02:11 - [TEST_CASE][FAILED] - Test Cases/ADMIN/Content Mgmt/Categories/Category Add-Edit/Add Category: Test Cases/ADMIN/Content Mgmt/Categories/Category Add-Edit/Add Category FAILED because (of) Unable to click on object 'Object Repository/ADMIN/Categories/Category List/button_Categories' (Root cause: org.openqa.selenium.ElementNotVisibleException: element not visible
  (Session info: chrome=74.0.3729.131)
  (Driver info: chromedriver=2.35.528161 (5b82f2d2aae0ca24b877009200ced9065a772e73),platform=Windows NT 6.1.7601 SP1 x86_64) (WARNING: The server did not provide any stacktrace information)
Command duration or timeout: 0 milliseconds
Build info: version: '3.7.1', revision: '8a0099a', time: '2017-11-06T21:07:36.161Z'
System info: host: 'ARCADIER-PC', ip: '10.10.31.95', os.name: 'Windows 7', os.arch: 'amd64', os.version: '6.1', java.version: '1.8.0_102'
Driver info: com.kms.katalon.core.webui.driver.ExistingRemoteWebDriver
Capabilities {javascriptEnabled: true, platform: ANY, platformName: ANY}
Session ID: 4cba786bf88613ee8a0544a4d9db771f)]]></system-err>
      </testcase>
      <testcase name="Test Cases/ADMIN/Content Mgmt/Categories/Category Add-Edit/Add Category" classname="Test Cases/ADMIN/Content Mgmt/Categories/Category Add-Edit/Add Category" status="FAILED">
         <failure type="FAILED" message="Unable to click on object 'Object Repository/ADMIN/Categories/Category List/button_Categories' (Root cause: org.openqa.selenium.ElementNotVisibleException: element not visible
  (Session info: chrome=74.0.3729.131)
  (Driver info: chromedriver=2.35.528161 (5b82f2d2aae0ca24b877009200ced9065a772e73),platform=Windows NT 6.1.7601 SP1 x86_64) (WARNING: The server did not provide any stacktrace information)
Command duration or timeout: 0 milliseconds
Build info: version: '3.7.1', revision: '8a0099a', time: '2017-11-06T21:07:36.161Z'
System info: host: 'ARCADIER-PC', ip: '10.10.31.95', os.name: 'Windows 7', os.arch: 'amd64', os.version: '6.1', java.version: '1.8.0_102'
Driver info: com.kms.katalon.core.webui.driver.ExistingRemoteWebDriver
Capabilities {javascriptEnabled: true, platform: ANY, platformName: ANY}
Session ID: 4cba786bf88613ee8a0544a4d9db771f)"/>
         <system-out><![CDATA[2019-05-15 09:02:29 - [TEST_CASE][FAILED] - Test Cases/ADMIN/Content Mgmt/Categories/Category Add-Edit/Add Category: Test Cases/ADMIN/Content Mgmt/Categories/Category Add-Edit/Add Category FAILED because (of) Unable to click on object 'Object Repository/ADMIN/Categories/Category List/button_Categories' (Root cause: org.openqa.selenium.ElementNotVisibleException: element not visible
  (Session info: chrome=74.0.3729.131)
  (Driver info: chromedriver=2.35.528161 (5b82f2d2aae0ca24b877009200ced9065a772e73),platform=Windows NT 6.1.7601 SP1 x86_64) (WARNING: The server did not provide any stacktrace information)
Command duration or timeout: 0 milliseconds
Build info: version: '3.7.1', revision: '8a0099a', time: '2017-11-06T21:07:36.161Z'
System info: host: 'ARCADIER-PC', ip: '10.10.31.95', os.name: 'Windows 7', os.arch: 'amd64', os.version: '6.1', java.version: '1.8.0_102'
Driver info: com.kms.katalon.core.webui.driver.ExistingRemoteWebDriver
Capabilities {javascriptEnabled: true, platform: ANY, platformName: ANY}
Session ID: 4cba786bf88613ee8a0544a4d9db771f)

2019-05-15 09:02:29 - [TEST_STEP][PASSED] - waitForElementVisible: Object 'Object Repository/ADMIN/Categories/Category List/button_Content Mgmt' is visible

2019-05-15 09:02:29 - [MESSAGE][WARNING] - Timeout '0' is invalid. Using default page load timeout: '30'

2019-05-15 09:02:29 - [MESSAGE][PASSED] - Object 'Object Repository/ADMIN/Categories/Category List/button_Content Mgmt' is visible

2019-05-15 09:02:29 - [TEST_STEP][PASSED] - click: Object: 'Object Repository/ADMIN/Categories/Category List/button_Content Mgmt' is clicked on

2019-05-15 09:02:29 - [MESSAGE][PASSED] - Object: 'Object Repository/ADMIN/Categories/Category List/button_Content Mgmt' is clicked on

2019-05-15 09:02:29 - [TEST_STEP][PASSED] - waitForElementVisible: Object 'Object Repository/ADMIN/Categories/Category List/button_Categories' is visible

2019-05-15 09:02:29 - [MESSAGE][WARNING] - Timeout '0' is invalid. Using default page load timeout: '30'

2019-05-15 09:02:29 - [MESSAGE][PASSED] - Object 'Object Repository/ADMIN/Categories/Category List/button_Categories' is visible

2019-05-15 09:02:29 - [TEST_STEP][FAILED] - click: Unable to click on object 'Object Repository/ADMIN/Categories/Category List/button_Categories' (Root cause: org.openqa.selenium.ElementNotVisibleException: element not visible
  (Session info: chrome=74.0.3729.131)
  (Driver info: chromedriver=2.35.528161 (5b82f2d2aae0ca24b877009200ced9065a772e73),platform=Windows NT 6.1.7601 SP1 x86_64) (WARNING: The server did not provide any stacktrace information)
Command duration or timeout: 0 milliseconds
Build info: version: '3.7.1', revision: '8a0099a', time: '2017-11-06T21:07:36.161Z'
System info: host: 'ARCADIER-PC', ip: '10.10.31.95', os.name: 'Windows 7', os.arch: 'amd64', os.version: '6.1', java.version: '1.8.0_102'
Driver info: com.kms.katalon.core.webui.driver.ExistingRemoteWebDriver
Capabilities {javascriptEnabled: true, platform: ANY, platformName: ANY}
Session ID: 4cba786bf88613ee8a0544a4d9db771f)

2019-05-15 09:02:30 - [MESSAGE][FAILED] - Unable to click on object 'Object Repository/ADMIN/Categories/Category List/button_Categories' (Root cause: org.openqa.selenium.ElementNotVisibleException: element not visible
  (Session info: chrome=74.0.3729.131)
  (Driver info: chromedriver=2.35.528161 (5b82f2d2aae0ca24b877009200ced9065a772e73),platform=Windows NT 6.1.7601 SP1 x86_64) (WARNING: The server did not provide any stacktrace information)
Command duration or timeout: 0 milliseconds
Build info: version: '3.7.1', revision: '8a0099a', time: '2017-11-06T21:07:36.161Z'
System info: host: 'ARCADIER-PC', ip: '10.10.31.95', os.name: 'Windows 7', os.arch: 'amd64', os.version: '6.1', java.version: '1.8.0_102'
Driver info: com.kms.katalon.core.webui.driver.ExistingRemoteWebDriver
Capabilities {javascriptEnabled: true, platform: ANY, platformName: ANY}
Session ID: 4cba786bf88613ee8a0544a4d9db771f)
[[ATTACHMENT|C:\\Katalon\\Arctick\\Reports\\Suites\\Admin Add Category\\20190515_083232\\1557882149807.png]]

2019-05-15 09:02:30 - [TEST_STEP][PASSED] - waitForPageLoad: Wait for page load successfully

2019-05-15 09:02:30 - [MESSAGE][WARNING] - Timeout '0' is invalid. Using default page load timeout: '30'

2019-05-15 09:02:30 - [MESSAGE][PASSED] - Wait for page load successfully

2019-05-15 09:02:30 - [TEST_STEP][PASSED] - click: Object: 'Object Repository/ADMIN/Categories/Category List/button_Add a Category' is clicked on

2019-05-15 09:02:30 - [MESSAGE][PASSED] - Object: 'Object Repository/ADMIN/Categories/Category List/button_Add a Category' is clicked on

2019-05-15 09:02:30 - [TEST_STEP][PASSED] - waitForElementPresent: Object 'Object Repository/ADMIN/Categories/Category/dropdown_Parent' is present

2019-05-15 09:02:30 - [MESSAGE][PASSED] - Object 'Object Repository/ADMIN/Categories/Category/dropdown_Parent' is present

2019-05-15 09:02:30 - [TEST_STEP][PASSED] - delay: Delayed 1 second(s)

2019-05-15 09:02:31 - [MESSAGE][PASSED] - Delayed 1 second(s)

2019-05-15 09:02:31 - [TEST_STEP][PASSED] - setText: Text 'Category 4.10.5.3' is set on object 'Object Repository/ADMIN/Categories/Category/textfield_Category Name'

2019-05-15 09:02:31 - [MESSAGE][PASSED] - Text 'Category 4.10.5.3' is set on object 'Object Repository/ADMIN/Categories/Category/textfield_Category Name'

2019-05-15 09:02:31 - [TEST_STEP][PASSED] - click: Object: 'Object Repository/ADMIN/Categories/Category/dropdown_Parent' is clicked on

2019-05-15 09:02:32 - [MESSAGE][PASSED] - Object: 'Object Repository/ADMIN/Categories/Category/dropdown_Parent' is clicked on

2019-05-15 09:02:32 - [TEST_STEP][PASSED] - delay: Delayed 2 second(s)

2019-05-15 09:02:34 - [MESSAGE][PASSED] - Delayed 2 second(s)

2019-05-15 09:02:34 - [TEST_STEP][PASSED] - click: Object: 'Object Repository/ADMIN/Categories/Category/dropdown_Parent' is clicked on

2019-05-15 09:02:34 - [MESSAGE][PASSED] - Object: 'Object Repository/ADMIN/Categories/Category/dropdown_Parent' is clicked on

2019-05-15 09:02:34 - [TEST_STEP][FAILED] - selectOptionByLabel: Unable to select option by label 'Category 4.10.5' of object 'Object Repository/ADMIN/Categories/Category/dropdown_Parent'  (Root cause: org.openqa.selenium.NoSuchElementException: Cannot locate element with text: Category 4.10.5
For documentation on this error, please visit: http://seleniumhq.org/exceptions/no_such_element.html
Build info: version: '3.7.1', revision: '8a0099a', time: '2017-11-06T21:07:36.161Z'
System info: host: 'ARCADIER-PC', ip: '10.10.31.95', os.name: 'Windows 7', os.arch: 'amd64', os.version: '6.1', java.version: '1.8.0_102'
Driver info: driver.version: unknown)

2019-05-15 09:02:34 - [MESSAGE][FAILED] - Unable to select option by label 'Category 4.10.5' of object 'Object Repository/ADMIN/Categories/Category/dropdown_Parent'  (Root cause: org.openqa.selenium.NoSuchElementException: Cannot locate element with text: Category 4.10.5
For documentation on this error, please visit: http://seleniumhq.org/exceptions/no_such_element.html
Build info: version: '3.7.1', revision: '8a0099a', time: '2017-11-06T21:07:36.161Z'
System info: host: 'ARCADIER-PC', ip: '10.10.31.95', os.name: 'Windows 7', os.arch: 'amd64', os.version: '6.1', java.version: '1.8.0_102'
Driver info: driver.version: unknown)
[[ATTACHMENT|C:\\Katalon\\Arctick\\Reports\\Suites\\Admin Add Category\\20190515_083232\\1557882154468.png]]

2019-05-15 09:02:34 - [TEST_STEP][PASSED] - click: Object: 'Object Repository/ADMIN/Categories/Category/button_Browse' is clicked on

2019-05-15 09:02:34 - [MESSAGE][PASSED] - Object: 'Object Repository/ADMIN/Categories/Category/button_Browse' is clicked on

2019-05-15 09:02:34 - [TEST_STEP][PASSED] - delay: Delayed 1 second(s)

2019-05-15 09:02:35 - [MESSAGE][PASSED] - Delayed 1 second(s)

2019-05-15 09:02:35 - [TEST_STEP][PASSED] - uploadFile: File 'C:\\Katalon\\Image\\pic9.jpg' sent to object: 'Object Repository/ADMIN/Categories/Category/image_input image'

2019-05-15 09:02:36 - [MESSAGE][PASSED] - File 'C:\\Katalon\\Image\\pic9.jpg' sent to object: 'Object Repository/ADMIN/Categories/Category/image_input image'

2019-05-15 09:02:36 - [TEST_STEP][PASSED] - waitForElementVisible: Object 'Object Repository/ADMIN/Categories/Category/button_upload check' is visible

2019-05-15 09:02:36 - [MESSAGE][WARNING] - Timeout '0' is invalid. Using default page load timeout: '30'

2019-05-15 09:02:36 - [MESSAGE][PASSED] - Object 'Object Repository/ADMIN/Categories/Category/button_upload check' is visible

2019-05-15 09:02:36 - [TEST_STEP][PASSED] - click: Object: 'Object Repository/ADMIN/Categories/Category/button_upload check' is clicked on

2019-05-15 09:02:36 - [MESSAGE][PASSED] - Object: 'Object Repository/ADMIN/Categories/Category/button_upload check' is clicked on

2019-05-15 09:02:36 - [TEST_STEP][PASSED] - click: Object: 'Object Repository/ADMIN/Categories/Category/button_upload save' is clicked on

2019-05-15 09:02:36 - [MESSAGE][PASSED] - Object: 'Object Repository/ADMIN/Categories/Category/button_upload save' is clicked on

2019-05-15 09:02:36 - [TEST_STEP][PASSED] - waitForElementVisible: Web element with id: 'Object Repository/ADMIN/Categories/Category/button_upload save' located by 'By.xpath: //a[@class = 'btn btn-warning download' and (text() = ' Add Photo' or . = ' Add Photo')]' not found

2019-05-15 09:02:37 - [MESSAGE][WARNING] - Timeout '0' is invalid. Using default page load timeout: '30'

2019-05-15 09:03:08 - [MESSAGE][WARNING] - Web element with id: 'Object Repository/ADMIN/Categories/Category/button_upload save' located by 'By.xpath: //a[@class = 'btn btn-warning download' and (text() = ' Add Photo' or . = ' Add Photo')]' not found

2019-05-15 09:03:08 - [TEST_STEP][PASSED] - setText: Text 'Description70' is set on object 'Object Repository/ADMIN/Categories/Category/textfield_category_description'

2019-05-15 09:03:09 - [MESSAGE][PASSED] - Text 'Description70' is set on object 'Object Repository/ADMIN/Categories/Category/textfield_category_description'

2019-05-15 09:03:09 - [TEST_STEP][PASSED] - click: Object: 'Object Repository/ADMIN/Categories/Category/button_Save' is clicked on

2019-05-15 09:03:09 - [MESSAGE][PASSED] - Object: 'Object Repository/ADMIN/Categories/Category/button_Save' is clicked on

2019-05-15 09:03:09 - [TEST_STEP][PASSED] - waitForElementVisible: Object 'Object Repository/ADMIN/Categories/Category/label_edit popup' is visible

2019-05-15 09:03:09 - [MESSAGE][WARNING] - Timeout '0' is invalid. Using default page load timeout: '30'

2019-05-15 09:03:12 - [MESSAGE][PASSED] - Object 'Object Repository/ADMIN/Categories/Category/label_edit popup' is visible

2019-05-15 09:03:12 - [TEST_STEP][PASSED] - waitForElementNotPresent: Web element with id: 'Object Repository/ADMIN/Categories/Category/label_edit popup' located by 'By.xpath: //div[(text() = 'Category was successfully saved.' or . = 'Category was successfully saved.')]' is not present after '30' second(s)

2019-05-15 09:03:12 - [MESSAGE][WARNING] - Timeout '0' is invalid. Using default page load timeout: '30'

2019-05-15 09:03:18 - [MESSAGE][PASSED] - Web element with id: 'Object Repository/ADMIN/Categories/Category/label_edit popup' located by 'By.xpath: //div[(text() = 'Category was successfully saved.' or . = 'Category was successfully saved.')]' is not present after '30' second(s)]]></system-out>
         <system-err><![CDATA[2019-05-15 09:02:29 - [TEST_CASE][FAILED] - Test Cases/ADMIN/Content Mgmt/Categories/Category Add-Edit/Add Category: Test Cases/ADMIN/Content Mgmt/Categories/Category Add-Edit/Add Category FAILED because (of) Unable to click on object 'Object Repository/ADMIN/Categories/Category List/button_Categories' (Root cause: org.openqa.selenium.ElementNotVisibleException: element not visible
  (Session info: chrome=74.0.3729.131)
  (Driver info: chromedriver=2.35.528161 (5b82f2d2aae0ca24b877009200ced9065a772e73),platform=Windows NT 6.1.7601 SP1 x86_64) (WARNING: The server did not provide any stacktrace information)
Command duration or timeout: 0 milliseconds
Build info: version: '3.7.1', revision: '8a0099a', time: '2017-11-06T21:07:36.161Z'
System info: host: 'ARCADIER-PC', ip: '10.10.31.95', os.name: 'Windows 7', os.arch: 'amd64', os.version: '6.1', java.version: '1.8.0_102'
Driver info: com.kms.katalon.core.webui.driver.ExistingRemoteWebDriver
Capabilities {javascriptEnabled: true, platform: ANY, platformName: ANY}
Session ID: 4cba786bf88613ee8a0544a4d9db771f)]]></system-err>
      </testcase>
      <testcase name="Test Cases/ADMIN/Content Mgmt/Categories/Category Add-Edit/Add Category" classname="Test Cases/ADMIN/Content Mgmt/Categories/Category Add-Edit/Add Category" status="FAILED">
         <failure type="FAILED" message="Unable to wait for object 'Object Repository/ADMIN/Categories/Category/button_upload save' to be visible (Root cause: org.openqa.selenium.StaleElementReferenceException: stale element reference: element is not attached to the page document
  (Session info: chrome=74.0.3729.131)
  (Driver info: chromedriver=2.35.528161 (5b82f2d2aae0ca24b877009200ced9065a772e73),platform=Windows NT 6.1.7601 SP1 x86_64) (WARNING: The server did not provide any stacktrace information)
Command duration or timeout: 0 milliseconds
For documentation on this error, please visit: http://seleniumhq.org/exceptions/stale_element_reference.html
Build info: version: '3.7.1', revision: '8a0099a', time: '2017-11-06T21:07:36.161Z'
System info: host: 'ARCADIER-PC', ip: '10.10.31.95', os.name: 'Windows 7', os.arch: 'amd64', os.version: '6.1', java.version: '1.8.0_102'
Driver info: com.kms.katalon.core.webui.driver.ExistingRemoteWebDriver
Capabilities {javascriptEnabled: true, platform: ANY, platformName: ANY}
Session ID: 4cba786bf88613ee8a0544a4d9db771f)"/>
         <system-out><![CDATA[2019-05-15 09:03:18 - [TEST_CASE][FAILED] - Test Cases/ADMIN/Content Mgmt/Categories/Category Add-Edit/Add Category: Test Cases/ADMIN/Content Mgmt/Categories/Category Add-Edit/Add Category FAILED because (of) Unable to wait for object 'Object Repository/ADMIN/Categories/Category/button_upload save' to be visible (Root cause: org.openqa.selenium.StaleElementReferenceException: stale element reference: element is not attached to the page document
  (Session info: chrome=74.0.3729.131)
  (Driver info: chromedriver=2.35.528161 (5b82f2d2aae0ca24b877009200ced9065a772e73),platform=Windows NT 6.1.7601 SP1 x86_64) (WARNING: The server did not provide any stacktrace information)
Command duration or timeout: 0 milliseconds
For documentation on this error, please visit: http://seleniumhq.org/exceptions/stale_element_reference.html
Build info: version: '3.7.1', revision: '8a0099a', time: '2017-11-06T21:07:36.161Z'
System info: host: 'ARCADIER-PC', ip: '10.10.31.95', os.name: 'Windows 7', os.arch: 'amd64', os.version: '6.1', java.version: '1.8.0_102'
Driver info: com.kms.katalon.core.webui.driver.ExistingRemoteWebDriver
Capabilities {javascriptEnabled: true, platform: ANY, platformName: ANY}
Session ID: 4cba786bf88613ee8a0544a4d9db771f)

2019-05-15 09:03:18 - [TEST_STEP][PASSED] - waitForElementVisible: Object 'Object Repository/ADMIN/Categories/Category List/button_Content Mgmt' is visible

2019-05-15 09:03:18 - [MESSAGE][WARNING] - Timeout '0' is invalid. Using default page load timeout: '30'

2019-05-15 09:03:18 - [MESSAGE][PASSED] - Object 'Object Repository/ADMIN/Categories/Category List/button_Content Mgmt' is visible

2019-05-15 09:03:18 - [TEST_STEP][PASSED] - click: Object: 'Object Repository/ADMIN/Categories/Category List/button_Content Mgmt' is clicked on

2019-05-15 09:03:19 - [MESSAGE][PASSED] - Object: 'Object Repository/ADMIN/Categories/Category List/button_Content Mgmt' is clicked on

2019-05-15 09:03:19 - [TEST_STEP][PASSED] - waitForElementVisible: Object 'Object Repository/ADMIN/Categories/Category List/button_Categories' is visible

2019-05-15 09:03:19 - [MESSAGE][WARNING] - Timeout '0' is invalid. Using default page load timeout: '30'

2019-05-15 09:03:19 - [MESSAGE][PASSED] - Object 'Object Repository/ADMIN/Categories/Category List/button_Categories' is visible

2019-05-15 09:03:19 - [TEST_STEP][PASSED] - click: Object: 'Object Repository/ADMIN/Categories/Category List/button_Categories' is clicked on

2019-05-15 09:03:21 - [MESSAGE][PASSED] - Object: 'Object Repository/ADMIN/Categories/Category List/button_Categories' is clicked on

2019-05-15 09:03:21 - [TEST_STEP][PASSED] - waitForPageLoad: Wait for page load successfully

2019-05-15 09:03:21 - [MESSAGE][WARNING] - Timeout '0' is invalid. Using default page load timeout: '30'

2019-05-15 09:03:21 - [MESSAGE][PASSED] - Wait for page load successfully

2019-05-15 09:03:21 - [TEST_STEP][PASSED] - click: Object: 'Object Repository/ADMIN/Categories/Category List/button_Add a Category' is clicked on

2019-05-15 09:03:21 - [MESSAGE][PASSED] - Object: 'Object Repository/ADMIN/Categories/Category List/button_Add a Category' is clicked on

2019-05-15 09:03:21 - [TEST_STEP][PASSED] - waitForElementPresent: Object 'Object Repository/ADMIN/Categories/Category/dropdown_Parent' is present

2019-05-15 09:03:21 - [MESSAGE][PASSED] - Object 'Object Repository/ADMIN/Categories/Category/dropdown_Parent' is present

2019-05-15 09:03:21 - [TEST_STEP][PASSED] - delay: Delayed 1 second(s)

2019-05-15 09:03:22 - [MESSAGE][PASSED] - Delayed 1 second(s)

2019-05-15 09:03:22 - [TEST_STEP][PASSED] - setText: Text 'Category 4.10.5.3.1' is set on object 'Object Repository/ADMIN/Categories/Category/textfield_Category Name'

2019-05-15 09:03:22 - [MESSAGE][PASSED] - Text 'Category 4.10.5.3.1' is set on object 'Object Repository/ADMIN/Categories/Category/textfield_Category Name'

2019-05-15 09:03:22 - [TEST_STEP][PASSED] - click: Object: 'Object Repository/ADMIN/Categories/Category/dropdown_Parent' is clicked on

2019-05-15 09:03:23 - [MESSAGE][PASSED] - Object: 'Object Repository/ADMIN/Categories/Category/dropdown_Parent' is clicked on

2019-05-15 09:03:23 - [TEST_STEP][PASSED] - delay: Delayed 2 second(s)

2019-05-15 09:03:25 - [MESSAGE][PASSED] - Delayed 2 second(s)

2019-05-15 09:03:25 - [TEST_STEP][PASSED] - click: Object: 'Object Repository/ADMIN/Categories/Category/dropdown_Parent' is clicked on

2019-05-15 09:03:25 - [MESSAGE][PASSED] - Object: 'Object Repository/ADMIN/Categories/Category/dropdown_Parent' is clicked on

2019-05-15 09:03:25 - [TEST_STEP][PASSED] - selectOptionByLabel: All options with label 'Category 4.10.5.3' are selected in object 'Object Repository/ADMIN/Categories/Category/dropdown_Parent' 

2019-05-15 09:03:25 - [MESSAGE][PASSED] - All options with label 'Category 4.10.5.3' are selected in object 'Object Repository/ADMIN/Categories/Category/dropdown_Parent' 

2019-05-15 09:03:25 - [TEST_STEP][PASSED] - click: Object: 'Object Repository/ADMIN/Categories/Category/button_Browse' is clicked on

2019-05-15 09:03:25 - [MESSAGE][PASSED] - Object: 'Object Repository/ADMIN/Categories/Category/button_Browse' is clicked on

2019-05-15 09:03:25 - [TEST_STEP][PASSED] - delay: Delayed 1 second(s)

2019-05-15 09:03:26 - [MESSAGE][PASSED] - Delayed 1 second(s)

2019-05-15 09:03:26 - [TEST_STEP][PASSED] - uploadFile: File 'C:\\Katalon\\Image\\pic10.jpg' sent to object: 'Object Repository/ADMIN/Categories/Category/image_input image'

2019-05-15 09:03:26 - [MESSAGE][PASSED] - File 'C:\\Katalon\\Image\\pic10.jpg' sent to object: 'Object Repository/ADMIN/Categories/Category/image_input image'

2019-05-15 09:03:26 - [TEST_STEP][PASSED] - waitForElementVisible: Object 'Object Repository/ADMIN/Categories/Category/button_upload check' is visible

2019-05-15 09:03:26 - [MESSAGE][WARNING] - Timeout '0' is invalid. Using default page load timeout: '30'

2019-05-15 09:03:26 - [MESSAGE][PASSED] - Object 'Object Repository/ADMIN/Categories/Category/button_upload check' is visible

2019-05-15 09:03:26 - [TEST_STEP][PASSED] - click: Object: 'Object Repository/ADMIN/Categories/Category/button_upload check' is clicked on

2019-05-15 09:03:26 - [MESSAGE][PASSED] - Object: 'Object Repository/ADMIN/Categories/Category/button_upload check' is clicked on

2019-05-15 09:03:26 - [TEST_STEP][PASSED] - click: Object: 'Object Repository/ADMIN/Categories/Category/button_upload save' is clicked on

2019-05-15 09:03:26 - [MESSAGE][PASSED] - Object: 'Object Repository/ADMIN/Categories/Category/button_upload save' is clicked on

2019-05-15 09:03:26 - [TEST_STEP][FAILED] - waitForElementVisible: Unable to wait for object 'Object Repository/ADMIN/Categories/Category/button_upload save' to be visible (Root cause: org.openqa.selenium.StaleElementReferenceException: stale element reference: element is not attached to the page document
  (Session info: chrome=74.0.3729.131)
  (Driver info: chromedriver=2.35.528161 (5b82f2d2aae0ca24b877009200ced9065a772e73),platform=Windows NT 6.1.7601 SP1 x86_64) (WARNING: The server did not provide any stacktrace information)
Command duration or timeout: 0 milliseconds
For documentation on this error, please visit: http://seleniumhq.org/exceptions/stale_element_reference.html
Build info: version: '3.7.1', revision: '8a0099a', time: '2017-11-06T21:07:36.161Z'
System info: host: 'ARCADIER-PC', ip: '10.10.31.95', os.name: 'Windows 7', os.arch: 'amd64', os.version: '6.1', java.version: '1.8.0_102'
Driver info: com.kms.katalon.core.webui.driver.ExistingRemoteWebDriver
Capabilities {javascriptEnabled: true, platform: ANY, platformName: ANY}
Session ID: 4cba786bf88613ee8a0544a4d9db771f)

2019-05-15 09:03:26 - [MESSAGE][WARNING] - Timeout '0' is invalid. Using default page load timeout: '30'

2019-05-15 09:03:27 - [MESSAGE][FAILED] - Unable to wait for object 'Object Repository/ADMIN/Categories/Category/button_upload save' to be visible (Root cause: org.openqa.selenium.StaleElementReferenceException: stale element reference: element is not attached to the page document
  (Session info: chrome=74.0.3729.131)
  (Driver info: chromedriver=2.35.528161 (5b82f2d2aae0ca24b877009200ced9065a772e73),platform=Windows NT 6.1.7601 SP1 x86_64) (WARNING: The server did not provide any stacktrace information)
Command duration or timeout: 0 milliseconds
For documentation on this error, please visit: http://seleniumhq.org/exceptions/stale_element_reference.html
Build info: version: '3.7.1', revision: '8a0099a', time: '2017-11-06T21:07:36.161Z'
System info: host: 'ARCADIER-PC', ip: '10.10.31.95', os.name: 'Windows 7', os.arch: 'amd64', os.version: '6.1', java.version: '1.8.0_102'
Driver info: com.kms.katalon.core.webui.driver.ExistingRemoteWebDriver
Capabilities {javascriptEnabled: true, platform: ANY, platformName: ANY}
Session ID: 4cba786bf88613ee8a0544a4d9db771f)
[[ATTACHMENT|C:\\Katalon\\Arctick\\Reports\\Suites\\Admin Add Category\\20190515_083232\\1557882207292.png]]

2019-05-15 09:03:29 - [TEST_STEP][PASSED] - setText: Text 'Description71' is set on object 'Object Repository/ADMIN/Categories/Category/textfield_category_description'

2019-05-15 09:03:29 - [MESSAGE][PASSED] - Text 'Description71' is set on object 'Object Repository/ADMIN/Categories/Category/textfield_category_description'

2019-05-15 09:03:29 - [TEST_STEP][PASSED] - click: Object: 'Object Repository/ADMIN/Categories/Category/button_Save' is clicked on

2019-05-15 09:03:29 - [MESSAGE][PASSED] - Object: 'Object Repository/ADMIN/Categories/Category/button_Save' is clicked on

2019-05-15 09:03:29 - [TEST_STEP][PASSED] - waitForElementVisible: Object 'Object Repository/ADMIN/Categories/Category/label_edit popup' is visible

2019-05-15 09:03:29 - [MESSAGE][WARNING] - Timeout '0' is invalid. Using default page load timeout: '30'

2019-05-15 09:03:30 - [MESSAGE][PASSED] - Object 'Object Repository/ADMIN/Categories/Category/label_edit popup' is visible

2019-05-15 09:03:30 - [TEST_STEP][PASSED] - waitForElementNotPresent: Web element with id: 'Object Repository/ADMIN/Categories/Category/label_edit popup' located by 'By.xpath: //div[(text() = 'Category was successfully saved.' or . = 'Category was successfully saved.')]' is not present after '30' second(s)

2019-05-15 09:03:30 - [MESSAGE][WARNING] - Timeout '0' is invalid. Using default page load timeout: '30'

2019-05-15 09:03:35 - [MESSAGE][PASSED] - Web element with id: 'Object Repository/ADMIN/Categories/Category/label_edit popup' located by 'By.xpath: //div[(text() = 'Category was successfully saved.' or . = 'Category was successfully saved.')]' is not present after '30' second(s)]]></system-out>
         <system-err><![CDATA[2019-05-15 09:03:18 - [TEST_CASE][FAILED] - Test Cases/ADMIN/Content Mgmt/Categories/Category Add-Edit/Add Category: Test Cases/ADMIN/Content Mgmt/Categories/Category Add-Edit/Add Category FAILED because (of) Unable to wait for object 'Object Repository/ADMIN/Categories/Category/button_upload save' to be visible (Root cause: org.openqa.selenium.StaleElementReferenceException: stale element reference: element is not attached to the page document
  (Session info: chrome=74.0.3729.131)
  (Driver info: chromedriver=2.35.528161 (5b82f2d2aae0ca24b877009200ced9065a772e73),platform=Windows NT 6.1.7601 SP1 x86_64) (WARNING: The server did not provide any stacktrace information)
Command duration or timeout: 0 milliseconds
For documentation on this error, please visit: http://seleniumhq.org/exceptions/stale_element_reference.html
Build info: version: '3.7.1', revision: '8a0099a', time: '2017-11-06T21:07:36.161Z'
System info: host: 'ARCADIER-PC', ip: '10.10.31.95', os.name: 'Windows 7', os.arch: 'amd64', os.version: '6.1', java.version: '1.8.0_102'
Driver info: com.kms.katalon.core.webui.driver.ExistingRemoteWebDriver
Capabilities {javascriptEnabled: true, platform: ANY, platformName: ANY}
Session ID: 4cba786bf88613ee8a0544a4d9db771f)]]></system-err>
      </testcase>
      <testcase name="Test Cases/ADMIN/Content Mgmt/Categories/Category Add-Edit/Add Category" classname="Test Cases/ADMIN/Content Mgmt/Categories/Category Add-Edit/Add Category" status="PASSED">
         <system-out><![CDATA[2019-05-15 09:03:35 - [TEST_CASE][PASSED] - Test Cases/ADMIN/Content Mgmt/Categories/Category Add-Edit/Add Category: Test Cases/ADMIN/Content Mgmt/Categories/Category Add-Edit/Add Category

2019-05-15 09:03:35 - [TEST_STEP][PASSED] - waitForElementVisible: Object 'Object Repository/ADMIN/Categories/Category List/button_Content Mgmt' is visible

2019-05-15 09:03:35 - [MESSAGE][WARNING] - Timeout '0' is invalid. Using default page load timeout: '30'

2019-05-15 09:03:35 - [MESSAGE][PASSED] - Object 'Object Repository/ADMIN/Categories/Category List/button_Content Mgmt' is visible

2019-05-15 09:03:35 - [TEST_STEP][PASSED] - click: Object: 'Object Repository/ADMIN/Categories/Category List/button_Content Mgmt' is clicked on

2019-05-15 09:03:36 - [MESSAGE][PASSED] - Object: 'Object Repository/ADMIN/Categories/Category List/button_Content Mgmt' is clicked on

2019-05-15 09:03:36 - [TEST_STEP][PASSED] - waitForElementVisible: Object 'Object Repository/ADMIN/Categories/Category List/button_Categories' is visible

2019-05-15 09:03:36 - [MESSAGE][WARNING] - Timeout '0' is invalid. Using default page load timeout: '30'

2019-05-15 09:03:36 - [MESSAGE][PASSED] - Object 'Object Repository/ADMIN/Categories/Category List/button_Categories' is visible

2019-05-15 09:03:36 - [TEST_STEP][PASSED] - click: Object: 'Object Repository/ADMIN/Categories/Category List/button_Categories' is clicked on

2019-05-15 09:03:45 - [MESSAGE][PASSED] - Object: 'Object Repository/ADMIN/Categories/Category List/button_Categories' is clicked on

2019-05-15 09:03:45 - [TEST_STEP][PASSED] - waitForPageLoad: Wait for page load successfully

2019-05-15 09:03:45 - [MESSAGE][WARNING] - Timeout '0' is invalid. Using default page load timeout: '30'

2019-05-15 09:03:45 - [MESSAGE][PASSED] - Wait for page load successfully

2019-05-15 09:03:45 - [TEST_STEP][PASSED] - click: Object: 'Object Repository/ADMIN/Categories/Category List/button_Add a Category' is clicked on

2019-05-15 09:03:45 - [MESSAGE][PASSED] - Object: 'Object Repository/ADMIN/Categories/Category List/button_Add a Category' is clicked on

2019-05-15 09:03:45 - [TEST_STEP][PASSED] - waitForElementPresent: Object 'Object Repository/ADMIN/Categories/Category/dropdown_Parent' is present

2019-05-15 09:03:45 - [MESSAGE][PASSED] - Object 'Object Repository/ADMIN/Categories/Category/dropdown_Parent' is present

2019-05-15 09:03:45 - [TEST_STEP][PASSED] - delay: Delayed 1 second(s)

2019-05-15 09:03:46 - [MESSAGE][PASSED] - Delayed 1 second(s)

2019-05-15 09:03:46 - [TEST_STEP][PASSED] - setText: Text 'Category 5' is set on object 'Object Repository/ADMIN/Categories/Category/textfield_Category Name'

2019-05-15 09:03:46 - [MESSAGE][PASSED] - Text 'Category 5' is set on object 'Object Repository/ADMIN/Categories/Category/textfield_Category Name'

2019-05-15 09:03:46 - [TEST_STEP][PASSED] - click: Object: 'Object Repository/ADMIN/Categories/Category/dropdown_Parent' is clicked on

2019-05-15 09:03:46 - [MESSAGE][PASSED] - Object: 'Object Repository/ADMIN/Categories/Category/dropdown_Parent' is clicked on

2019-05-15 09:03:46 - [TEST_STEP][PASSED] - delay: Delayed 2 second(s)

2019-05-15 09:03:48 - [MESSAGE][PASSED] - Delayed 2 second(s)

2019-05-15 09:03:48 - [TEST_STEP][PASSED] - click: Object: 'Object Repository/ADMIN/Categories/Category/dropdown_Parent' is clicked on

2019-05-15 09:03:48 - [MESSAGE][PASSED] - Object: 'Object Repository/ADMIN/Categories/Category/dropdown_Parent' is clicked on

2019-05-15 09:03:48 - [TEST_STEP][PASSED] - selectOptionByLabel: All options with label '-' are selected in object 'Object Repository/ADMIN/Categories/Category/dropdown_Parent' 

2019-05-15 09:03:48 - [MESSAGE][PASSED] - All options with label '-' are selected in object 'Object Repository/ADMIN/Categories/Category/dropdown_Parent' 

2019-05-15 09:03:48 - [TEST_STEP][PASSED] - click: Object: 'Object Repository/ADMIN/Categories/Category/button_Browse' is clicked on

2019-05-15 09:03:48 - [MESSAGE][PASSED] - Object: 'Object Repository/ADMIN/Categories/Category/button_Browse' is clicked on

2019-05-15 09:03:48 - [TEST_STEP][PASSED] - delay: Delayed 1 second(s)

2019-05-15 09:03:49 - [MESSAGE][PASSED] - Delayed 1 second(s)

2019-05-15 09:03:49 - [TEST_STEP][PASSED] - uploadFile: File 'C:\\Katalon\\Image\\pic11.jpg' sent to object: 'Object Repository/ADMIN/Categories/Category/image_input image'

2019-05-15 09:03:49 - [MESSAGE][PASSED] - File 'C:\\Katalon\\Image\\pic11.jpg' sent to object: 'Object Repository/ADMIN/Categories/Category/image_input image'

2019-05-15 09:03:49 - [TEST_STEP][PASSED] - waitForElementVisible: Object 'Object Repository/ADMIN/Categories/Category/button_upload check' is visible

2019-05-15 09:03:49 - [MESSAGE][WARNING] - Timeout '0' is invalid. Using default page load timeout: '30'

2019-05-15 09:03:50 - [MESSAGE][PASSED] - Object 'Object Repository/ADMIN/Categories/Category/button_upload check' is visible

2019-05-15 09:03:50 - [TEST_STEP][PASSED] - click: Object: 'Object Repository/ADMIN/Categories/Category/button_upload check' is clicked on

2019-05-15 09:03:50 - [MESSAGE][PASSED] - Object: 'Object Repository/ADMIN/Categories/Category/button_upload check' is clicked on

2019-05-15 09:03:50 - [TEST_STEP][PASSED] - click: Object: 'Object Repository/ADMIN/Categories/Category/button_upload save' is clicked on

2019-05-15 09:03:50 - [MESSAGE][PASSED] - Object: 'Object Repository/ADMIN/Categories/Category/button_upload save' is clicked on

2019-05-15 09:03:50 - [TEST_STEP][PASSED] - waitForElementVisible: Object 'Object Repository/ADMIN/Categories/Category/button_upload save' is visible

2019-05-15 09:03:50 - [MESSAGE][WARNING] - Timeout '0' is invalid. Using default page load timeout: '30'

2019-05-15 09:03:50 - [MESSAGE][PASSED] - Object 'Object Repository/ADMIN/Categories/Category/button_upload save' is visible

2019-05-15 09:03:50 - [TEST_STEP][PASSED] - setText: Text 'Description72' is set on object 'Object Repository/ADMIN/Categories/Category/textfield_category_description'

2019-05-15 09:03:50 - [MESSAGE][PASSED] - Text 'Description72' is set on object 'Object Repository/ADMIN/Categories/Category/textfield_category_description'

2019-05-15 09:03:50 - [TEST_STEP][PASSED] - click: Object: 'Object Repository/ADMIN/Categories/Category/button_Save' is clicked on

2019-05-15 09:03:52 - [MESSAGE][PASSED] - Object: 'Object Repository/ADMIN/Categories/Category/button_Save' is clicked on

2019-05-15 09:03:52 - [TEST_STEP][PASSED] - waitForElementVisible: Object 'Object Repository/ADMIN/Categories/Category/label_edit popup' is visible

2019-05-15 09:03:52 - [MESSAGE][WARNING] - Timeout '0' is invalid. Using default page load timeout: '30'

2019-05-15 09:03:55 - [MESSAGE][PASSED] - Object 'Object Repository/ADMIN/Categories/Category/label_edit popup' is visible

2019-05-15 09:03:55 - [TEST_STEP][PASSED] - waitForElementNotPresent: Web element with id: 'Object Repository/ADMIN/Categories/Category/label_edit popup' located by 'By.xpath: //div[(text() = 'Category was successfully saved.' or . = 'Category was successfully saved.')]' is not present after '30' second(s)

2019-05-15 09:03:55 - [MESSAGE][WARNING] - Timeout '0' is invalid. Using default page load timeout: '30'

2019-05-15 09:04:01 - [MESSAGE][PASSED] - Web element with id: 'Object Repository/ADMIN/Categories/Category/label_edit popup' located by 'By.xpath: //div[(text() = 'Category was successfully saved.' or . = 'Category was successfully saved.')]' is not present after '30' second(s)]]></system-out>
         <system-err><![CDATA[]]></system-err>
      </testcase>
      <testcase name="Test Cases/ADMIN/Content Mgmt/Categories/Category Add-Edit/Add Category" classname="Test Cases/ADMIN/Content Mgmt/Categories/Category Add-Edit/Add Category" status="FAILED">
         <failure type="FAILED" message="Unable to click on object 'Object Repository/ADMIN/Categories/Category List/button_Categories' (Root cause: org.openqa.selenium.ElementNotVisibleException: element not visible
  (Session info: chrome=74.0.3729.131)
  (Driver info: chromedriver=2.35.528161 (5b82f2d2aae0ca24b877009200ced9065a772e73),platform=Windows NT 6.1.7601 SP1 x86_64) (WARNING: The server did not provide any stacktrace information)
Command duration or timeout: 0 milliseconds
Build info: version: '3.7.1', revision: '8a0099a', time: '2017-11-06T21:07:36.161Z'
System info: host: 'ARCADIER-PC', ip: '10.10.31.95', os.name: 'Windows 7', os.arch: 'amd64', os.version: '6.1', java.version: '1.8.0_102'
Driver info: com.kms.katalon.core.webui.driver.ExistingRemoteWebDriver
Capabilities {javascriptEnabled: true, platform: ANY, platformName: ANY}
Session ID: 4cba786bf88613ee8a0544a4d9db771f)"/>
         <system-out><![CDATA[2019-05-15 09:04:01 - [TEST_CASE][FAILED] - Test Cases/ADMIN/Content Mgmt/Categories/Category Add-Edit/Add Category: Test Cases/ADMIN/Content Mgmt/Categories/Category Add-Edit/Add Category FAILED because (of) Unable to click on object 'Object Repository/ADMIN/Categories/Category List/button_Categories' (Root cause: org.openqa.selenium.ElementNotVisibleException: element not visible
  (Session info: chrome=74.0.3729.131)
  (Driver info: chromedriver=2.35.528161 (5b82f2d2aae0ca24b877009200ced9065a772e73),platform=Windows NT 6.1.7601 SP1 x86_64) (WARNING: The server did not provide any stacktrace information)
Command duration or timeout: 0 milliseconds
Build info: version: '3.7.1', revision: '8a0099a', time: '2017-11-06T21:07:36.161Z'
System info: host: 'ARCADIER-PC', ip: '10.10.31.95', os.name: 'Windows 7', os.arch: 'amd64', os.version: '6.1', java.version: '1.8.0_102'
Driver info: com.kms.katalon.core.webui.driver.ExistingRemoteWebDriver
Capabilities {javascriptEnabled: true, platform: ANY, platformName: ANY}
Session ID: 4cba786bf88613ee8a0544a4d9db771f)

2019-05-15 09:04:01 - [TEST_STEP][PASSED] - waitForElementVisible: Object 'Object Repository/ADMIN/Categories/Category List/button_Content Mgmt' is visible

2019-05-15 09:04:01 - [MESSAGE][WARNING] - Timeout '0' is invalid. Using default page load timeout: '30'

2019-05-15 09:04:01 - [MESSAGE][PASSED] - Object 'Object Repository/ADMIN/Categories/Category List/button_Content Mgmt' is visible

2019-05-15 09:04:01 - [TEST_STEP][PASSED] - click: Object: 'Object Repository/ADMIN/Categories/Category List/button_Content Mgmt' is clicked on

2019-05-15 09:04:01 - [MESSAGE][PASSED] - Object: 'Object Repository/ADMIN/Categories/Category List/button_Content Mgmt' is clicked on

2019-05-15 09:04:01 - [TEST_STEP][PASSED] - waitForElementVisible: Object 'Object Repository/ADMIN/Categories/Category List/button_Categories' is visible

2019-05-15 09:04:01 - [MESSAGE][WARNING] - Timeout '0' is invalid. Using default page load timeout: '30'

2019-05-15 09:04:01 - [MESSAGE][PASSED] - Object 'Object Repository/ADMIN/Categories/Category List/button_Categories' is visible

2019-05-15 09:04:01 - [TEST_STEP][FAILED] - click: Unable to click on object 'Object Repository/ADMIN/Categories/Category List/button_Categories' (Root cause: org.openqa.selenium.ElementNotVisibleException: element not visible
  (Session info: chrome=74.0.3729.131)
  (Driver info: chromedriver=2.35.528161 (5b82f2d2aae0ca24b877009200ced9065a772e73),platform=Windows NT 6.1.7601 SP1 x86_64) (WARNING: The server did not provide any stacktrace information)
Command duration or timeout: 0 milliseconds
Build info: version: '3.7.1', revision: '8a0099a', time: '2017-11-06T21:07:36.161Z'
System info: host: 'ARCADIER-PC', ip: '10.10.31.95', os.name: 'Windows 7', os.arch: 'amd64', os.version: '6.1', java.version: '1.8.0_102'
Driver info: com.kms.katalon.core.webui.driver.ExistingRemoteWebDriver
Capabilities {javascriptEnabled: true, platform: ANY, platformName: ANY}
Session ID: 4cba786bf88613ee8a0544a4d9db771f)

2019-05-15 09:04:02 - [MESSAGE][FAILED] - Unable to click on object 'Object Repository/ADMIN/Categories/Category List/button_Categories' (Root cause: org.openqa.selenium.ElementNotVisibleException: element not visible
  (Session info: chrome=74.0.3729.131)
  (Driver info: chromedriver=2.35.528161 (5b82f2d2aae0ca24b877009200ced9065a772e73),platform=Windows NT 6.1.7601 SP1 x86_64) (WARNING: The server did not provide any stacktrace information)
Command duration or timeout: 0 milliseconds
Build info: version: '3.7.1', revision: '8a0099a', time: '2017-11-06T21:07:36.161Z'
System info: host: 'ARCADIER-PC', ip: '10.10.31.95', os.name: 'Windows 7', os.arch: 'amd64', os.version: '6.1', java.version: '1.8.0_102'
Driver info: com.kms.katalon.core.webui.driver.ExistingRemoteWebDriver
Capabilities {javascriptEnabled: true, platform: ANY, platformName: ANY}
Session ID: 4cba786bf88613ee8a0544a4d9db771f)
[[ATTACHMENT|C:\\Katalon\\Arctick\\Reports\\Suites\\Admin Add Category\\20190515_083232\\1557882242063.png]]

2019-05-15 09:04:02 - [TEST_STEP][PASSED] - waitForPageLoad: Wait for page load successfully

2019-05-15 09:04:02 - [MESSAGE][WARNING] - Timeout '0' is invalid. Using default page load timeout: '30'

2019-05-15 09:04:02 - [MESSAGE][PASSED] - Wait for page load successfully

2019-05-15 09:04:02 - [TEST_STEP][PASSED] - click: Object: 'Object Repository/ADMIN/Categories/Category List/button_Add a Category' is clicked on

2019-05-15 09:04:02 - [MESSAGE][PASSED] - Object: 'Object Repository/ADMIN/Categories/Category List/button_Add a Category' is clicked on

2019-05-15 09:04:02 - [TEST_STEP][PASSED] - waitForElementPresent: Object 'Object Repository/ADMIN/Categories/Category/dropdown_Parent' is present

2019-05-15 09:04:02 - [MESSAGE][PASSED] - Object 'Object Repository/ADMIN/Categories/Category/dropdown_Parent' is present

2019-05-15 09:04:02 - [TEST_STEP][PASSED] - delay: Delayed 1 second(s)

2019-05-15 09:04:03 - [MESSAGE][PASSED] - Delayed 1 second(s)

2019-05-15 09:04:03 - [TEST_STEP][PASSED] - setText: Text 'Category 5.1' is set on object 'Object Repository/ADMIN/Categories/Category/textfield_Category Name'

2019-05-15 09:04:03 - [MESSAGE][PASSED] - Text 'Category 5.1' is set on object 'Object Repository/ADMIN/Categories/Category/textfield_Category Name'

2019-05-15 09:04:03 - [TEST_STEP][PASSED] - click: Object: 'Object Repository/ADMIN/Categories/Category/dropdown_Parent' is clicked on

2019-05-15 09:04:03 - [MESSAGE][PASSED] - Object: 'Object Repository/ADMIN/Categories/Category/dropdown_Parent' is clicked on

2019-05-15 09:04:03 - [TEST_STEP][PASSED] - delay: Delayed 2 second(s)

2019-05-15 09:04:06 - [MESSAGE][PASSED] - Delayed 2 second(s)

2019-05-15 09:04:06 - [TEST_STEP][PASSED] - click: Object: 'Object Repository/ADMIN/Categories/Category/dropdown_Parent' is clicked on

2019-05-15 09:04:06 - [MESSAGE][PASSED] - Object: 'Object Repository/ADMIN/Categories/Category/dropdown_Parent' is clicked on

2019-05-15 09:04:06 - [TEST_STEP][PASSED] - selectOptionByLabel: All options with label 'Category 5' are selected in object 'Object Repository/ADMIN/Categories/Category/dropdown_Parent' 

2019-05-15 09:04:06 - [MESSAGE][PASSED] - All options with label 'Category 5' are selected in object 'Object Repository/ADMIN/Categories/Category/dropdown_Parent' 

2019-05-15 09:04:06 - [TEST_STEP][PASSED] - click: Object: 'Object Repository/ADMIN/Categories/Category/button_Browse' is clicked on

2019-05-15 09:04:06 - [MESSAGE][PASSED] - Object: 'Object Repository/ADMIN/Categories/Category/button_Browse' is clicked on

2019-05-15 09:04:06 - [TEST_STEP][PASSED] - delay: Delayed 1 second(s)

2019-05-15 09:04:07 - [MESSAGE][PASSED] - Delayed 1 second(s)

2019-05-15 09:04:07 - [TEST_STEP][PASSED] - uploadFile: File 'C:\\Katalon\\Image\\pic12.jpg' sent to object: 'Object Repository/ADMIN/Categories/Category/image_input image'

2019-05-15 09:04:08 - [MESSAGE][PASSED] - File 'C:\\Katalon\\Image\\pic12.jpg' sent to object: 'Object Repository/ADMIN/Categories/Category/image_input image'

2019-05-15 09:04:08 - [TEST_STEP][PASSED] - waitForElementVisible: Object 'Object Repository/ADMIN/Categories/Category/button_upload check' is visible

2019-05-15 09:04:08 - [MESSAGE][WARNING] - Timeout '0' is invalid. Using default page load timeout: '30'

2019-05-15 09:04:08 - [MESSAGE][PASSED] - Object 'Object Repository/ADMIN/Categories/Category/button_upload check' is visible

2019-05-15 09:04:08 - [TEST_STEP][PASSED] - click: Object: 'Object Repository/ADMIN/Categories/Category/button_upload check' is clicked on

2019-05-15 09:04:08 - [MESSAGE][PASSED] - Object: 'Object Repository/ADMIN/Categories/Category/button_upload check' is clicked on

2019-05-15 09:04:08 - [TEST_STEP][PASSED] - click: Object: 'Object Repository/ADMIN/Categories/Category/button_upload save' is clicked on

2019-05-15 09:04:09 - [MESSAGE][PASSED] - Object: 'Object Repository/ADMIN/Categories/Category/button_upload save' is clicked on

2019-05-15 09:04:09 - [TEST_STEP][PASSED] - waitForElementVisible: Object 'Object Repository/ADMIN/Categories/Category/button_upload save' is visible

2019-05-15 09:04:09 - [MESSAGE][WARNING] - Timeout '0' is invalid. Using default page load timeout: '30'

2019-05-15 09:04:09 - [MESSAGE][PASSED] - Object 'Object Repository/ADMIN/Categories/Category/button_upload save' is visible

2019-05-15 09:04:10 - [TEST_STEP][PASSED] - setText: Text 'Description73' is set on object 'Object Repository/ADMIN/Categories/Category/textfield_category_description'

2019-05-15 09:04:10 - [MESSAGE][PASSED] - Text 'Description73' is set on object 'Object Repository/ADMIN/Categories/Category/textfield_category_description'

2019-05-15 09:04:10 - [TEST_STEP][PASSED] - click: Object: 'Object Repository/ADMIN/Categories/Category/button_Save' is clicked on

2019-05-15 09:04:11 - [MESSAGE][PASSED] - Object: 'Object Repository/ADMIN/Categories/Category/button_Save' is clicked on

2019-05-15 09:04:11 - [TEST_STEP][PASSED] - waitForElementVisible: Object 'Object Repository/ADMIN/Categories/Category/label_edit popup' is visible

2019-05-15 09:04:11 - [MESSAGE][WARNING] - Timeout '0' is invalid. Using default page load timeout: '30'

2019-05-15 09:04:12 - [MESSAGE][PASSED] - Object 'Object Repository/ADMIN/Categories/Category/label_edit popup' is visible

2019-05-15 09:04:12 - [TEST_STEP][PASSED] - waitForElementNotPresent: Web element with id: 'Object Repository/ADMIN/Categories/Category/label_edit popup' located by 'By.xpath: //div[(text() = 'Category was successfully saved.' or . = 'Category was successfully saved.')]' is not present after '30' second(s)

2019-05-15 09:04:13 - [MESSAGE][WARNING] - Timeout '0' is invalid. Using default page load timeout: '30'

2019-05-15 09:04:18 - [MESSAGE][PASSED] - Web element with id: 'Object Repository/ADMIN/Categories/Category/label_edit popup' located by 'By.xpath: //div[(text() = 'Category was successfully saved.' or . = 'Category was successfully saved.')]' is not present after '30' second(s)]]></system-out>
         <system-err><![CDATA[2019-05-15 09:04:01 - [TEST_CASE][FAILED] - Test Cases/ADMIN/Content Mgmt/Categories/Category Add-Edit/Add Category: Test Cases/ADMIN/Content Mgmt/Categories/Category Add-Edit/Add Category FAILED because (of) Unable to click on object 'Object Repository/ADMIN/Categories/Category List/button_Categories' (Root cause: org.openqa.selenium.ElementNotVisibleException: element not visible
  (Session info: chrome=74.0.3729.131)
  (Driver info: chromedriver=2.35.528161 (5b82f2d2aae0ca24b877009200ced9065a772e73),platform=Windows NT 6.1.7601 SP1 x86_64) (WARNING: The server did not provide any stacktrace information)
Command duration or timeout: 0 milliseconds
Build info: version: '3.7.1', revision: '8a0099a', time: '2017-11-06T21:07:36.161Z'
System info: host: 'ARCADIER-PC', ip: '10.10.31.95', os.name: 'Windows 7', os.arch: 'amd64', os.version: '6.1', java.version: '1.8.0_102'
Driver info: com.kms.katalon.core.webui.driver.ExistingRemoteWebDriver
Capabilities {javascriptEnabled: true, platform: ANY, platformName: ANY}
Session ID: 4cba786bf88613ee8a0544a4d9db771f)]]></system-err>
      </testcase>
      <testcase name="Test Cases/ADMIN/Content Mgmt/Categories/Category Add-Edit/Add Category" classname="Test Cases/ADMIN/Content Mgmt/Categories/Category Add-Edit/Add Category" status="PASSED">
         <system-out><![CDATA[2019-05-15 09:04:18 - [TEST_CASE][PASSED] - Test Cases/ADMIN/Content Mgmt/Categories/Category Add-Edit/Add Category: Test Cases/ADMIN/Content Mgmt/Categories/Category Add-Edit/Add Category

2019-05-15 09:04:18 - [TEST_STEP][PASSED] - waitForElementVisible: Object 'Object Repository/ADMIN/Categories/Category List/button_Content Mgmt' is visible

2019-05-15 09:04:18 - [MESSAGE][WARNING] - Timeout '0' is invalid. Using default page load timeout: '30'

2019-05-15 09:04:18 - [MESSAGE][PASSED] - Object 'Object Repository/ADMIN/Categories/Category List/button_Content Mgmt' is visible

2019-05-15 09:04:18 - [TEST_STEP][PASSED] - click: Object: 'Object Repository/ADMIN/Categories/Category List/button_Content Mgmt' is clicked on

2019-05-15 09:04:18 - [MESSAGE][PASSED] - Object: 'Object Repository/ADMIN/Categories/Category List/button_Content Mgmt' is clicked on

2019-05-15 09:04:18 - [TEST_STEP][PASSED] - waitForElementVisible: Object 'Object Repository/ADMIN/Categories/Category List/button_Categories' is visible

2019-05-15 09:04:18 - [MESSAGE][WARNING] - Timeout '0' is invalid. Using default page load timeout: '30'

2019-05-15 09:04:18 - [MESSAGE][PASSED] - Object 'Object Repository/ADMIN/Categories/Category List/button_Categories' is visible

2019-05-15 09:04:18 - [TEST_STEP][PASSED] - click: Object: 'Object Repository/ADMIN/Categories/Category List/button_Categories' is clicked on

2019-05-15 09:04:18 - [MESSAGE][PASSED] - Object: 'Object Repository/ADMIN/Categories/Category List/button_Categories' is clicked on

2019-05-15 09:04:18 - [TEST_STEP][PASSED] - waitForPageLoad: Wait for page load successfully

2019-05-15 09:04:18 - [MESSAGE][WARNING] - Timeout '0' is invalid. Using default page load timeout: '30'

2019-05-15 09:04:18 - [MESSAGE][PASSED] - Wait for page load successfully

2019-05-15 09:04:18 - [TEST_STEP][PASSED] - click: Object: 'Object Repository/ADMIN/Categories/Category List/button_Add a Category' is clicked on

2019-05-15 09:04:19 - [MESSAGE][PASSED] - Object: 'Object Repository/ADMIN/Categories/Category List/button_Add a Category' is clicked on

2019-05-15 09:04:19 - [TEST_STEP][PASSED] - waitForElementPresent: Object 'Object Repository/ADMIN/Categories/Category/dropdown_Parent' is present

2019-05-15 09:04:19 - [MESSAGE][PASSED] - Object 'Object Repository/ADMIN/Categories/Category/dropdown_Parent' is present

2019-05-15 09:04:19 - [TEST_STEP][PASSED] - delay: Delayed 1 second(s)

2019-05-15 09:04:20 - [MESSAGE][PASSED] - Delayed 1 second(s)

2019-05-15 09:04:20 - [TEST_STEP][PASSED] - setText: Text 'Category 5.2' is set on object 'Object Repository/ADMIN/Categories/Category/textfield_Category Name'

2019-05-15 09:04:20 - [MESSAGE][PASSED] - Text 'Category 5.2' is set on object 'Object Repository/ADMIN/Categories/Category/textfield_Category Name'

2019-05-15 09:04:20 - [TEST_STEP][PASSED] - click: Object: 'Object Repository/ADMIN/Categories/Category/dropdown_Parent' is clicked on

2019-05-15 09:04:21 - [MESSAGE][PASSED] - Object: 'Object Repository/ADMIN/Categories/Category/dropdown_Parent' is clicked on

2019-05-15 09:04:22 - [TEST_STEP][PASSED] - delay: Delayed 2 second(s)

2019-05-15 09:04:24 - [MESSAGE][PASSED] - Delayed 2 second(s)

2019-05-15 09:04:24 - [TEST_STEP][PASSED] - click: Object: 'Object Repository/ADMIN/Categories/Category/dropdown_Parent' is clicked on

2019-05-15 09:04:24 - [MESSAGE][PASSED] - Object: 'Object Repository/ADMIN/Categories/Category/dropdown_Parent' is clicked on

2019-05-15 09:04:24 - [TEST_STEP][PASSED] - selectOptionByLabel: All options with label 'Category 5' are selected in object 'Object Repository/ADMIN/Categories/Category/dropdown_Parent' 

2019-05-15 09:04:24 - [MESSAGE][PASSED] - All options with label 'Category 5' are selected in object 'Object Repository/ADMIN/Categories/Category/dropdown_Parent' 

2019-05-15 09:04:24 - [TEST_STEP][PASSED] - click: Object: 'Object Repository/ADMIN/Categories/Category/button_Browse' is clicked on

2019-05-15 09:04:24 - [MESSAGE][PASSED] - Object: 'Object Repository/ADMIN/Categories/Category/button_Browse' is clicked on

2019-05-15 09:04:24 - [TEST_STEP][PASSED] - delay: Delayed 1 second(s)

2019-05-15 09:04:25 - [MESSAGE][PASSED] - Delayed 1 second(s)

2019-05-15 09:04:25 - [TEST_STEP][PASSED] - uploadFile: File 'C:\\Katalon\\Image\\pic1.jpg' sent to object: 'Object Repository/ADMIN/Categories/Category/image_input image'

2019-05-15 09:04:25 - [MESSAGE][PASSED] - File 'C:\\Katalon\\Image\\pic1.jpg' sent to object: 'Object Repository/ADMIN/Categories/Category/image_input image'

2019-05-15 09:04:25 - [TEST_STEP][PASSED] - waitForElementVisible: Object 'Object Repository/ADMIN/Categories/Category/button_upload check' is visible

2019-05-15 09:04:25 - [MESSAGE][WARNING] - Timeout '0' is invalid. Using default page load timeout: '30'

2019-05-15 09:04:25 - [MESSAGE][PASSED] - Object 'Object Repository/ADMIN/Categories/Category/button_upload check' is visible

2019-05-15 09:04:25 - [TEST_STEP][PASSED] - click: Object: 'Object Repository/ADMIN/Categories/Category/button_upload check' is clicked on

2019-05-15 09:04:25 - [MESSAGE][PASSED] - Object: 'Object Repository/ADMIN/Categories/Category/button_upload check' is clicked on

2019-05-15 09:04:25 - [TEST_STEP][PASSED] - click: Object: 'Object Repository/ADMIN/Categories/Category/button_upload save' is clicked on

2019-05-15 09:04:25 - [MESSAGE][PASSED] - Object: 'Object Repository/ADMIN/Categories/Category/button_upload save' is clicked on

2019-05-15 09:04:26 - [TEST_STEP][PASSED] - waitForElementVisible: Web element with id: 'Object Repository/ADMIN/Categories/Category/button_upload save' located by 'By.xpath: //a[@class = 'btn btn-warning download' and (text() = ' Add Photo' or . = ' Add Photo')]' not found

2019-05-15 09:04:26 - [MESSAGE][WARNING] - Timeout '0' is invalid. Using default page load timeout: '30'

2019-05-15 09:04:57 - [MESSAGE][WARNING] - Web element with id: 'Object Repository/ADMIN/Categories/Category/button_upload save' located by 'By.xpath: //a[@class = 'btn btn-warning download' and (text() = ' Add Photo' or . = ' Add Photo')]' not found

2019-05-15 09:04:57 - [TEST_STEP][PASSED] - setText: Text 'Description74' is set on object 'Object Repository/ADMIN/Categories/Category/textfield_category_description'

2019-05-15 09:04:58 - [MESSAGE][PASSED] - Text 'Description74' is set on object 'Object Repository/ADMIN/Categories/Category/textfield_category_description'

2019-05-15 09:04:58 - [TEST_STEP][PASSED] - click: Object: 'Object Repository/ADMIN/Categories/Category/button_Save' is clicked on

2019-05-15 09:04:58 - [MESSAGE][PASSED] - Object: 'Object Repository/ADMIN/Categories/Category/button_Save' is clicked on

2019-05-15 09:04:58 - [TEST_STEP][PASSED] - waitForElementVisible: Object 'Object Repository/ADMIN/Categories/Category/label_edit popup' is visible

2019-05-15 09:04:58 - [MESSAGE][WARNING] - Timeout '0' is invalid. Using default page load timeout: '30'

2019-05-15 09:05:00 - [MESSAGE][PASSED] - Object 'Object Repository/ADMIN/Categories/Category/label_edit popup' is visible

2019-05-15 09:05:00 - [TEST_STEP][PASSED] - waitForElementNotPresent: Web element with id: 'Object Repository/ADMIN/Categories/Category/label_edit popup' located by 'By.xpath: //div[(text() = 'Category was successfully saved.' or . = 'Category was successfully saved.')]' is not present after '30' second(s)

2019-05-15 09:05:00 - [MESSAGE][WARNING] - Timeout '0' is invalid. Using default page load timeout: '30'

2019-05-15 09:05:05 - [MESSAGE][PASSED] - Web element with id: 'Object Repository/ADMIN/Categories/Category/label_edit popup' located by 'By.xpath: //div[(text() = 'Category was successfully saved.' or . = 'Category was successfully saved.')]' is not present after '30' second(s)]]></system-out>
         <system-err><![CDATA[]]></system-err>
      </testcase>
      <testcase name="Test Cases/ADMIN/Content Mgmt/Categories/Category Add-Edit/Add Category" classname="Test Cases/ADMIN/Content Mgmt/Categories/Category Add-Edit/Add Category" status="PASSED">
         <system-out><![CDATA[2019-05-15 09:05:05 - [TEST_CASE][PASSED] - Test Cases/ADMIN/Content Mgmt/Categories/Category Add-Edit/Add Category: Test Cases/ADMIN/Content Mgmt/Categories/Category Add-Edit/Add Category

2019-05-15 09:05:06 - [TEST_STEP][PASSED] - waitForElementVisible: Object 'Object Repository/ADMIN/Categories/Category List/button_Content Mgmt' is visible

2019-05-15 09:05:06 - [MESSAGE][WARNING] - Timeout '0' is invalid. Using default page load timeout: '30'

2019-05-15 09:05:06 - [MESSAGE][PASSED] - Object 'Object Repository/ADMIN/Categories/Category List/button_Content Mgmt' is visible

2019-05-15 09:05:06 - [TEST_STEP][PASSED] - click: Object: 'Object Repository/ADMIN/Categories/Category List/button_Content Mgmt' is clicked on

2019-05-15 09:05:06 - [MESSAGE][PASSED] - Object: 'Object Repository/ADMIN/Categories/Category List/button_Content Mgmt' is clicked on

2019-05-15 09:05:06 - [TEST_STEP][PASSED] - waitForElementVisible: Object 'Object Repository/ADMIN/Categories/Category List/button_Categories' is visible

2019-05-15 09:05:06 - [MESSAGE][WARNING] - Timeout '0' is invalid. Using default page load timeout: '30'

2019-05-15 09:05:06 - [MESSAGE][PASSED] - Object 'Object Repository/ADMIN/Categories/Category List/button_Categories' is visible

2019-05-15 09:05:06 - [TEST_STEP][PASSED] - click: Object: 'Object Repository/ADMIN/Categories/Category List/button_Categories' is clicked on

2019-05-15 09:05:06 - [MESSAGE][PASSED] - Object: 'Object Repository/ADMIN/Categories/Category List/button_Categories' is clicked on

2019-05-15 09:05:06 - [TEST_STEP][PASSED] - waitForPageLoad: Wait for page load successfully

2019-05-15 09:05:06 - [MESSAGE][WARNING] - Timeout '0' is invalid. Using default page load timeout: '30'

2019-05-15 09:05:06 - [MESSAGE][PASSED] - Wait for page load successfully

2019-05-15 09:05:06 - [TEST_STEP][PASSED] - click: Object: 'Object Repository/ADMIN/Categories/Category List/button_Add a Category' is clicked on

2019-05-15 09:05:07 - [MESSAGE][PASSED] - Object: 'Object Repository/ADMIN/Categories/Category List/button_Add a Category' is clicked on

2019-05-15 09:05:07 - [TEST_STEP][PASSED] - waitForElementPresent: Object 'Object Repository/ADMIN/Categories/Category/dropdown_Parent' is present

2019-05-15 09:05:07 - [MESSAGE][PASSED] - Object 'Object Repository/ADMIN/Categories/Category/dropdown_Parent' is present

2019-05-15 09:05:07 - [TEST_STEP][PASSED] - delay: Delayed 1 second(s)

2019-05-15 09:05:08 - [MESSAGE][PASSED] - Delayed 1 second(s)

2019-05-15 09:05:08 - [TEST_STEP][PASSED] - setText: Text 'Category 5.2.1' is set on object 'Object Repository/ADMIN/Categories/Category/textfield_Category Name'

2019-05-15 09:05:09 - [MESSAGE][PASSED] - Text 'Category 5.2.1' is set on object 'Object Repository/ADMIN/Categories/Category/textfield_Category Name'

2019-05-15 09:05:09 - [TEST_STEP][PASSED] - click: Object: 'Object Repository/ADMIN/Categories/Category/dropdown_Parent' is clicked on

2019-05-15 09:05:09 - [MESSAGE][PASSED] - Object: 'Object Repository/ADMIN/Categories/Category/dropdown_Parent' is clicked on

2019-05-15 09:05:10 - [TEST_STEP][PASSED] - delay: Delayed 2 second(s)

2019-05-15 09:05:12 - [MESSAGE][PASSED] - Delayed 2 second(s)

2019-05-15 09:05:12 - [TEST_STEP][PASSED] - click: Object: 'Object Repository/ADMIN/Categories/Category/dropdown_Parent' is clicked on

2019-05-15 09:05:12 - [MESSAGE][PASSED] - Object: 'Object Repository/ADMIN/Categories/Category/dropdown_Parent' is clicked on

2019-05-15 09:05:12 - [TEST_STEP][PASSED] - selectOptionByLabel: All options with label 'Category 5.2' are selected in object 'Object Repository/ADMIN/Categories/Category/dropdown_Parent' 

2019-05-15 09:05:12 - [MESSAGE][PASSED] - All options with label 'Category 5.2' are selected in object 'Object Repository/ADMIN/Categories/Category/dropdown_Parent' 

2019-05-15 09:05:12 - [TEST_STEP][PASSED] - click: Object: 'Object Repository/ADMIN/Categories/Category/button_Browse' is clicked on

2019-05-15 09:05:12 - [MESSAGE][PASSED] - Object: 'Object Repository/ADMIN/Categories/Category/button_Browse' is clicked on

2019-05-15 09:05:12 - [TEST_STEP][PASSED] - delay: Delayed 1 second(s)

2019-05-15 09:05:13 - [MESSAGE][PASSED] - Delayed 1 second(s)

2019-05-15 09:05:13 - [TEST_STEP][PASSED] - uploadFile: File 'C:\\Katalon\\Image\\pic2.jpg' sent to object: 'Object Repository/ADMIN/Categories/Category/image_input image'

2019-05-15 09:05:13 - [MESSAGE][PASSED] - File 'C:\\Katalon\\Image\\pic2.jpg' sent to object: 'Object Repository/ADMIN/Categories/Category/image_input image'

2019-05-15 09:05:13 - [TEST_STEP][PASSED] - waitForElementVisible: Object 'Object Repository/ADMIN/Categories/Category/button_upload check' is visible

2019-05-15 09:05:13 - [MESSAGE][WARNING] - Timeout '0' is invalid. Using default page load timeout: '30'

2019-05-15 09:05:13 - [MESSAGE][PASSED] - Object 'Object Repository/ADMIN/Categories/Category/button_upload check' is visible

2019-05-15 09:05:13 - [TEST_STEP][PASSED] - click: Object: 'Object Repository/ADMIN/Categories/Category/button_upload check' is clicked on

2019-05-15 09:05:13 - [MESSAGE][PASSED] - Object: 'Object Repository/ADMIN/Categories/Category/button_upload check' is clicked on

2019-05-15 09:05:13 - [TEST_STEP][PASSED] - click: Object: 'Object Repository/ADMIN/Categories/Category/button_upload save' is clicked on

2019-05-15 09:05:13 - [MESSAGE][PASSED] - Object: 'Object Repository/ADMIN/Categories/Category/button_upload save' is clicked on

2019-05-15 09:05:14 - [TEST_STEP][PASSED] - waitForElementVisible: Web element with id: 'Object Repository/ADMIN/Categories/Category/button_upload save' located by 'By.xpath: //a[@class = 'btn btn-warning download' and (text() = ' Add Photo' or . = ' Add Photo')]' not found

2019-05-15 09:05:14 - [MESSAGE][WARNING] - Timeout '0' is invalid. Using default page load timeout: '30'

2019-05-15 09:05:47 - [MESSAGE][WARNING] - Web element with id: 'Object Repository/ADMIN/Categories/Category/button_upload save' located by 'By.xpath: //a[@class = 'btn btn-warning download' and (text() = ' Add Photo' or . = ' Add Photo')]' not found

2019-05-15 09:05:47 - [TEST_STEP][PASSED] - setText: Text 'Description75' is set on object 'Object Repository/ADMIN/Categories/Category/textfield_category_description'

2019-05-15 09:05:47 - [MESSAGE][PASSED] - Text 'Description75' is set on object 'Object Repository/ADMIN/Categories/Category/textfield_category_description'

2019-05-15 09:05:47 - [TEST_STEP][PASSED] - click: Object: 'Object Repository/ADMIN/Categories/Category/button_Save' is clicked on

2019-05-15 09:05:47 - [MESSAGE][PASSED] - Object: 'Object Repository/ADMIN/Categories/Category/button_Save' is clicked on

2019-05-15 09:05:47 - [TEST_STEP][PASSED] - waitForElementVisible: Object 'Object Repository/ADMIN/Categories/Category/label_edit popup' is visible

2019-05-15 09:05:47 - [MESSAGE][WARNING] - Timeout '0' is invalid. Using default page load timeout: '30'

2019-05-15 09:06:05 - [MESSAGE][PASSED] - Object 'Object Repository/ADMIN/Categories/Category/label_edit popup' is visible

2019-05-15 09:06:05 - [TEST_STEP][PASSED] - waitForElementNotPresent: Web element with id: 'Object Repository/ADMIN/Categories/Category/label_edit popup' located by 'By.xpath: //div[(text() = 'Category was successfully saved.' or . = 'Category was successfully saved.')]' is not present after '30' second(s)

2019-05-15 09:06:05 - [MESSAGE][WARNING] - Timeout '0' is invalid. Using default page load timeout: '30'

2019-05-15 09:06:11 - [MESSAGE][PASSED] - Web element with id: 'Object Repository/ADMIN/Categories/Category/label_edit popup' located by 'By.xpath: //div[(text() = 'Category was successfully saved.' or . = 'Category was successfully saved.')]' is not present after '30' second(s)]]></system-out>
         <system-err><![CDATA[]]></system-err>
      </testcase>
      <testcase name="Test Cases/ADMIN/Content Mgmt/Categories/Category Add-Edit/Add Category" classname="Test Cases/ADMIN/Content Mgmt/Categories/Category Add-Edit/Add Category" status="FAILED">
         <failure type="FAILED" message="Unable to click on object 'Object Repository/ADMIN/Categories/Category List/button_Categories' (Root cause: org.openqa.selenium.ElementNotVisibleException: element not visible
  (Session info: chrome=74.0.3729.131)
  (Driver info: chromedriver=2.35.528161 (5b82f2d2aae0ca24b877009200ced9065a772e73),platform=Windows NT 6.1.7601 SP1 x86_64) (WARNING: The server did not provide any stacktrace information)
Command duration or timeout: 0 milliseconds
Build info: version: '3.7.1', revision: '8a0099a', time: '2017-11-06T21:07:36.161Z'
System info: host: 'ARCADIER-PC', ip: '10.10.31.95', os.name: 'Windows 7', os.arch: 'amd64', os.version: '6.1', java.version: '1.8.0_102'
Driver info: com.kms.katalon.core.webui.driver.ExistingRemoteWebDriver
Capabilities {javascriptEnabled: true, platform: ANY, platformName: ANY}
Session ID: 4cba786bf88613ee8a0544a4d9db771f)"/>
         <system-out><![CDATA[2019-05-15 09:06:11 - [TEST_CASE][FAILED] - Test Cases/ADMIN/Content Mgmt/Categories/Category Add-Edit/Add Category: Test Cases/ADMIN/Content Mgmt/Categories/Category Add-Edit/Add Category FAILED because (of) Unable to click on object 'Object Repository/ADMIN/Categories/Category List/button_Categories' (Root cause: org.openqa.selenium.ElementNotVisibleException: element not visible
  (Session info: chrome=74.0.3729.131)
  (Driver info: chromedriver=2.35.528161 (5b82f2d2aae0ca24b877009200ced9065a772e73),platform=Windows NT 6.1.7601 SP1 x86_64) (WARNING: The server did not provide any stacktrace information)
Command duration or timeout: 0 milliseconds
Build info: version: '3.7.1', revision: '8a0099a', time: '2017-11-06T21:07:36.161Z'
System info: host: 'ARCADIER-PC', ip: '10.10.31.95', os.name: 'Windows 7', os.arch: 'amd64', os.version: '6.1', java.version: '1.8.0_102'
Driver info: com.kms.katalon.core.webui.driver.ExistingRemoteWebDriver
Capabilities {javascriptEnabled: true, platform: ANY, platformName: ANY}
Session ID: 4cba786bf88613ee8a0544a4d9db771f)

2019-05-15 09:06:11 - [TEST_STEP][PASSED] - waitForElementVisible: Object 'Object Repository/ADMIN/Categories/Category List/button_Content Mgmt' is visible

2019-05-15 09:06:11 - [MESSAGE][WARNING] - Timeout '0' is invalid. Using default page load timeout: '30'

2019-05-15 09:06:11 - [MESSAGE][PASSED] - Object 'Object Repository/ADMIN/Categories/Category List/button_Content Mgmt' is visible

2019-05-15 09:06:11 - [TEST_STEP][PASSED] - click: Object: 'Object Repository/ADMIN/Categories/Category List/button_Content Mgmt' is clicked on

2019-05-15 09:06:11 - [MESSAGE][PASSED] - Object: 'Object Repository/ADMIN/Categories/Category List/button_Content Mgmt' is clicked on

2019-05-15 09:06:11 - [TEST_STEP][PASSED] - waitForElementVisible: Object 'Object Repository/ADMIN/Categories/Category List/button_Categories' is visible

2019-05-15 09:06:11 - [MESSAGE][WARNING] - Timeout '0' is invalid. Using default page load timeout: '30'

2019-05-15 09:06:11 - [MESSAGE][PASSED] - Object 'Object Repository/ADMIN/Categories/Category List/button_Categories' is visible

2019-05-15 09:06:11 - [TEST_STEP][FAILED] - click: Unable to click on object 'Object Repository/ADMIN/Categories/Category List/button_Categories' (Root cause: org.openqa.selenium.ElementNotVisibleException: element not visible
  (Session info: chrome=74.0.3729.131)
  (Driver info: chromedriver=2.35.528161 (5b82f2d2aae0ca24b877009200ced9065a772e73),platform=Windows NT 6.1.7601 SP1 x86_64) (WARNING: The server did not provide any stacktrace information)
Command duration or timeout: 0 milliseconds
Build info: version: '3.7.1', revision: '8a0099a', time: '2017-11-06T21:07:36.161Z'
System info: host: 'ARCADIER-PC', ip: '10.10.31.95', os.name: 'Windows 7', os.arch: 'amd64', os.version: '6.1', java.version: '1.8.0_102'
Driver info: com.kms.katalon.core.webui.driver.ExistingRemoteWebDriver
Capabilities {javascriptEnabled: true, platform: ANY, platformName: ANY}
Session ID: 4cba786bf88613ee8a0544a4d9db771f)

2019-05-15 09:06:12 - [MESSAGE][FAILED] - Unable to click on object 'Object Repository/ADMIN/Categories/Category List/button_Categories' (Root cause: org.openqa.selenium.ElementNotVisibleException: element not visible
  (Session info: chrome=74.0.3729.131)
  (Driver info: chromedriver=2.35.528161 (5b82f2d2aae0ca24b877009200ced9065a772e73),platform=Windows NT 6.1.7601 SP1 x86_64) (WARNING: The server did not provide any stacktrace information)
Command duration or timeout: 0 milliseconds
Build info: version: '3.7.1', revision: '8a0099a', time: '2017-11-06T21:07:36.161Z'
System info: host: 'ARCADIER-PC', ip: '10.10.31.95', os.name: 'Windows 7', os.arch: 'amd64', os.version: '6.1', java.version: '1.8.0_102'
Driver info: com.kms.katalon.core.webui.driver.ExistingRemoteWebDriver
Capabilities {javascriptEnabled: true, platform: ANY, platformName: ANY}
Session ID: 4cba786bf88613ee8a0544a4d9db771f)
[[ATTACHMENT|C:\\Katalon\\Arctick\\Reports\\Suites\\Admin Add Category\\20190515_083232\\1557882372151.png]]

2019-05-15 09:06:12 - [TEST_STEP][PASSED] - waitForPageLoad: Wait for page load successfully

2019-05-15 09:06:12 - [MESSAGE][WARNING] - Timeout '0' is invalid. Using default page load timeout: '30'

2019-05-15 09:06:12 - [MESSAGE][PASSED] - Wait for page load successfully

2019-05-15 09:06:12 - [TEST_STEP][PASSED] - click: Object: 'Object Repository/ADMIN/Categories/Category List/button_Add a Category' is clicked on

2019-05-15 09:06:12 - [MESSAGE][PASSED] - Object: 'Object Repository/ADMIN/Categories/Category List/button_Add a Category' is clicked on

2019-05-15 09:06:12 - [TEST_STEP][PASSED] - waitForElementPresent: Object 'Object Repository/ADMIN/Categories/Category/dropdown_Parent' is present

2019-05-15 09:06:12 - [MESSAGE][PASSED] - Object 'Object Repository/ADMIN/Categories/Category/dropdown_Parent' is present

2019-05-15 09:06:12 - [TEST_STEP][PASSED] - delay: Delayed 1 second(s)

2019-05-15 09:06:13 - [MESSAGE][PASSED] - Delayed 1 second(s)

2019-05-15 09:06:13 - [TEST_STEP][PASSED] - setText: Text 'Category 5.2.2' is set on object 'Object Repository/ADMIN/Categories/Category/textfield_Category Name'

2019-05-15 09:06:15 - [MESSAGE][PASSED] - Text 'Category 5.2.2' is set on object 'Object Repository/ADMIN/Categories/Category/textfield_Category Name'

2019-05-15 09:06:15 - [TEST_STEP][PASSED] - click: Object: 'Object Repository/ADMIN/Categories/Category/dropdown_Parent' is clicked on

2019-05-15 09:06:15 - [MESSAGE][PASSED] - Object: 'Object Repository/ADMIN/Categories/Category/dropdown_Parent' is clicked on

2019-05-15 09:06:15 - [TEST_STEP][PASSED] - delay: Delayed 2 second(s)

2019-05-15 09:06:17 - [MESSAGE][PASSED] - Delayed 2 second(s)

2019-05-15 09:06:17 - [TEST_STEP][PASSED] - click: Object: 'Object Repository/ADMIN/Categories/Category/dropdown_Parent' is clicked on

2019-05-15 09:06:17 - [MESSAGE][PASSED] - Object: 'Object Repository/ADMIN/Categories/Category/dropdown_Parent' is clicked on

2019-05-15 09:06:17 - [TEST_STEP][PASSED] - selectOptionByLabel: All options with label 'Category 5.2' are selected in object 'Object Repository/ADMIN/Categories/Category/dropdown_Parent' 

2019-05-15 09:06:17 - [MESSAGE][PASSED] - All options with label 'Category 5.2' are selected in object 'Object Repository/ADMIN/Categories/Category/dropdown_Parent' 

2019-05-15 09:06:17 - [TEST_STEP][PASSED] - click: Object: 'Object Repository/ADMIN/Categories/Category/button_Browse' is clicked on

2019-05-15 09:06:17 - [MESSAGE][PASSED] - Object: 'Object Repository/ADMIN/Categories/Category/button_Browse' is clicked on

2019-05-15 09:06:17 - [TEST_STEP][PASSED] - delay: Delayed 1 second(s)

2019-05-15 09:06:18 - [MESSAGE][PASSED] - Delayed 1 second(s)

2019-05-15 09:06:18 - [TEST_STEP][PASSED] - uploadFile: File 'C:\\Katalon\\Image\\pic3.jpg' sent to object: 'Object Repository/ADMIN/Categories/Category/image_input image'

2019-05-15 09:06:18 - [MESSAGE][PASSED] - File 'C:\\Katalon\\Image\\pic3.jpg' sent to object: 'Object Repository/ADMIN/Categories/Category/image_input image'

2019-05-15 09:06:18 - [TEST_STEP][PASSED] - waitForElementVisible: Object 'Object Repository/ADMIN/Categories/Category/button_upload check' is visible

2019-05-15 09:06:18 - [MESSAGE][WARNING] - Timeout '0' is invalid. Using default page load timeout: '30'

2019-05-15 09:06:18 - [MESSAGE][PASSED] - Object 'Object Repository/ADMIN/Categories/Category/button_upload check' is visible

2019-05-15 09:06:18 - [TEST_STEP][PASSED] - click: Object: 'Object Repository/ADMIN/Categories/Category/button_upload check' is clicked on

2019-05-15 09:06:18 - [MESSAGE][PASSED] - Object: 'Object Repository/ADMIN/Categories/Category/button_upload check' is clicked on

2019-05-15 09:06:18 - [TEST_STEP][PASSED] - click: Object: 'Object Repository/ADMIN/Categories/Category/button_upload save' is clicked on

2019-05-15 09:06:18 - [MESSAGE][PASSED] - Object: 'Object Repository/ADMIN/Categories/Category/button_upload save' is clicked on

2019-05-15 09:06:18 - [TEST_STEP][PASSED] - waitForElementVisible: Object 'Object Repository/ADMIN/Categories/Category/button_upload save' is visible

2019-05-15 09:06:18 - [MESSAGE][WARNING] - Timeout '0' is invalid. Using default page load timeout: '30'

2019-05-15 09:06:18 - [MESSAGE][PASSED] - Object 'Object Repository/ADMIN/Categories/Category/button_upload save' is visible

2019-05-15 09:06:20 - [TEST_STEP][PASSED] - setText: Text 'Description76' is set on object 'Object Repository/ADMIN/Categories/Category/textfield_category_description'

2019-05-15 09:06:20 - [MESSAGE][PASSED] - Text 'Description76' is set on object 'Object Repository/ADMIN/Categories/Category/textfield_category_description'

2019-05-15 09:06:20 - [TEST_STEP][PASSED] - click: Object: 'Object Repository/ADMIN/Categories/Category/button_Save' is clicked on

2019-05-15 09:06:21 - [MESSAGE][PASSED] - Object: 'Object Repository/ADMIN/Categories/Category/button_Save' is clicked on

2019-05-15 09:06:21 - [TEST_STEP][PASSED] - waitForElementVisible: Object 'Object Repository/ADMIN/Categories/Category/label_edit popup' is visible

2019-05-15 09:06:21 - [MESSAGE][WARNING] - Timeout '0' is invalid. Using default page load timeout: '30'

2019-05-15 09:06:32 - [MESSAGE][PASSED] - Object 'Object Repository/ADMIN/Categories/Category/label_edit popup' is visible

2019-05-15 09:06:32 - [TEST_STEP][PASSED] - waitForElementNotPresent: Web element with id: 'Object Repository/ADMIN/Categories/Category/label_edit popup' located by 'By.xpath: //div[(text() = 'Category was successfully saved.' or . = 'Category was successfully saved.')]' is not present after '30' second(s)

2019-05-15 09:06:32 - [MESSAGE][WARNING] - Timeout '0' is invalid. Using default page load timeout: '30'

2019-05-15 09:06:38 - [MESSAGE][PASSED] - Web element with id: 'Object Repository/ADMIN/Categories/Category/label_edit popup' located by 'By.xpath: //div[(text() = 'Category was successfully saved.' or . = 'Category was successfully saved.')]' is not present after '30' second(s)]]></system-out>
         <system-err><![CDATA[2019-05-15 09:06:11 - [TEST_CASE][FAILED] - Test Cases/ADMIN/Content Mgmt/Categories/Category Add-Edit/Add Category: Test Cases/ADMIN/Content Mgmt/Categories/Category Add-Edit/Add Category FAILED because (of) Unable to click on object 'Object Repository/ADMIN/Categories/Category List/button_Categories' (Root cause: org.openqa.selenium.ElementNotVisibleException: element not visible
  (Session info: chrome=74.0.3729.131)
  (Driver info: chromedriver=2.35.528161 (5b82f2d2aae0ca24b877009200ced9065a772e73),platform=Windows NT 6.1.7601 SP1 x86_64) (WARNING: The server did not provide any stacktrace information)
Command duration or timeout: 0 milliseconds
Build info: version: '3.7.1', revision: '8a0099a', time: '2017-11-06T21:07:36.161Z'
System info: host: 'ARCADIER-PC', ip: '10.10.31.95', os.name: 'Windows 7', os.arch: 'amd64', os.version: '6.1', java.version: '1.8.0_102'
Driver info: com.kms.katalon.core.webui.driver.ExistingRemoteWebDriver
Capabilities {javascriptEnabled: true, platform: ANY, platformName: ANY}
Session ID: 4cba786bf88613ee8a0544a4d9db771f)]]></system-err>
      </testcase>
      <testcase name="Test Cases/ADMIN/Content Mgmt/Categories/Category Add-Edit/Add Category" classname="Test Cases/ADMIN/Content Mgmt/Categories/Category Add-Edit/Add Category" status="FAILED">
         <failure type="FAILED" message="Unable to select option by label 'Category 5.2' of object 'Object Repository/ADMIN/Categories/Category/dropdown_Parent'  (Root cause: org.openqa.selenium.NoSuchElementException: Cannot locate element with text: Category 5.2
For documentation on this error, please visit: http://seleniumhq.org/exceptions/no_such_element.html
Build info: version: '3.7.1', revision: '8a0099a', time: '2017-11-06T21:07:36.161Z'
System info: host: 'ARCADIER-PC', ip: '10.10.31.95', os.name: 'Windows 7', os.arch: 'amd64', os.version: '6.1', java.version: '1.8.0_102'
Driver info: driver.version: unknown)"/>
         <system-out><![CDATA[2019-05-15 09:06:38 - [TEST_CASE][FAILED] - Test Cases/ADMIN/Content Mgmt/Categories/Category Add-Edit/Add Category: Test Cases/ADMIN/Content Mgmt/Categories/Category Add-Edit/Add Category FAILED because (of) Unable to select option by label 'Category 5.2' of object 'Object Repository/ADMIN/Categories/Category/dropdown_Parent'  (Root cause: org.openqa.selenium.NoSuchElementException: Cannot locate element with text: Category 5.2
For documentation on this error, please visit: http://seleniumhq.org/exceptions/no_such_element.html
Build info: version: '3.7.1', revision: '8a0099a', time: '2017-11-06T21:07:36.161Z'
System info: host: 'ARCADIER-PC', ip: '10.10.31.95', os.name: 'Windows 7', os.arch: 'amd64', os.version: '6.1', java.version: '1.8.0_102'
Driver info: driver.version: unknown)

2019-05-15 09:06:38 - [TEST_STEP][PASSED] - waitForElementVisible: Object 'Object Repository/ADMIN/Categories/Category List/button_Content Mgmt' is visible

2019-05-15 09:06:38 - [MESSAGE][WARNING] - Timeout '0' is invalid. Using default page load timeout: '30'

2019-05-15 09:06:38 - [MESSAGE][PASSED] - Object 'Object Repository/ADMIN/Categories/Category List/button_Content Mgmt' is visible

2019-05-15 09:06:38 - [TEST_STEP][PASSED] - click: Object: 'Object Repository/ADMIN/Categories/Category List/button_Content Mgmt' is clicked on

2019-05-15 09:06:38 - [MESSAGE][PASSED] - Object: 'Object Repository/ADMIN/Categories/Category List/button_Content Mgmt' is clicked on

2019-05-15 09:06:38 - [TEST_STEP][PASSED] - waitForElementVisible: Object 'Object Repository/ADMIN/Categories/Category List/button_Categories' is visible

2019-05-15 09:06:38 - [MESSAGE][WARNING] - Timeout '0' is invalid. Using default page load timeout: '30'

2019-05-15 09:06:38 - [MESSAGE][PASSED] - Object 'Object Repository/ADMIN/Categories/Category List/button_Categories' is visible

2019-05-15 09:06:38 - [TEST_STEP][PASSED] - click: Object: 'Object Repository/ADMIN/Categories/Category List/button_Categories' is clicked on

2019-05-15 09:06:52 - [MESSAGE][PASSED] - Object: 'Object Repository/ADMIN/Categories/Category List/button_Categories' is clicked on

2019-05-15 09:06:52 - [TEST_STEP][PASSED] - waitForPageLoad: Wait for page load successfully

2019-05-15 09:06:52 - [MESSAGE][WARNING] - Timeout '0' is invalid. Using default page load timeout: '30'

2019-05-15 09:06:52 - [MESSAGE][PASSED] - Wait for page load successfully

2019-05-15 09:06:52 - [TEST_STEP][PASSED] - click: Object: 'Object Repository/ADMIN/Categories/Category List/button_Add a Category' is clicked on

2019-05-15 09:06:52 - [MESSAGE][PASSED] - Object: 'Object Repository/ADMIN/Categories/Category List/button_Add a Category' is clicked on

2019-05-15 09:06:52 - [TEST_STEP][PASSED] - waitForElementPresent: Object 'Object Repository/ADMIN/Categories/Category/dropdown_Parent' is present

2019-05-15 09:06:52 - [MESSAGE][PASSED] - Object 'Object Repository/ADMIN/Categories/Category/dropdown_Parent' is present

2019-05-15 09:06:52 - [TEST_STEP][PASSED] - delay: Delayed 1 second(s)

2019-05-15 09:06:53 - [MESSAGE][PASSED] - Delayed 1 second(s)

2019-05-15 09:06:53 - [TEST_STEP][PASSED] - setText: Text 'Category 5.2.3' is set on object 'Object Repository/ADMIN/Categories/Category/textfield_Category Name'

2019-05-15 09:06:53 - [MESSAGE][PASSED] - Text 'Category 5.2.3' is set on object 'Object Repository/ADMIN/Categories/Category/textfield_Category Name'

2019-05-15 09:06:53 - [TEST_STEP][PASSED] - click: Object: 'Object Repository/ADMIN/Categories/Category/dropdown_Parent' is clicked on

2019-05-15 09:06:53 - [MESSAGE][PASSED] - Object: 'Object Repository/ADMIN/Categories/Category/dropdown_Parent' is clicked on

2019-05-15 09:06:53 - [TEST_STEP][PASSED] - delay: Delayed 2 second(s)

2019-05-15 09:06:55 - [MESSAGE][PASSED] - Delayed 2 second(s)

2019-05-15 09:06:55 - [TEST_STEP][PASSED] - click: Object: 'Object Repository/ADMIN/Categories/Category/dropdown_Parent' is clicked on

2019-05-15 09:06:55 - [MESSAGE][PASSED] - Object: 'Object Repository/ADMIN/Categories/Category/dropdown_Parent' is clicked on

2019-05-15 09:06:55 - [TEST_STEP][FAILED] - selectOptionByLabel: Unable to select option by label 'Category 5.2' of object 'Object Repository/ADMIN/Categories/Category/dropdown_Parent'  (Root cause: org.openqa.selenium.NoSuchElementException: Cannot locate element with text: Category 5.2
For documentation on this error, please visit: http://seleniumhq.org/exceptions/no_such_element.html
Build info: version: '3.7.1', revision: '8a0099a', time: '2017-11-06T21:07:36.161Z'
System info: host: 'ARCADIER-PC', ip: '10.10.31.95', os.name: 'Windows 7', os.arch: 'amd64', os.version: '6.1', java.version: '1.8.0_102'
Driver info: driver.version: unknown)

2019-05-15 09:06:55 - [MESSAGE][FAILED] - Unable to select option by label 'Category 5.2' of object 'Object Repository/ADMIN/Categories/Category/dropdown_Parent'  (Root cause: org.openqa.selenium.NoSuchElementException: Cannot locate element with text: Category 5.2
For documentation on this error, please visit: http://seleniumhq.org/exceptions/no_such_element.html
Build info: version: '3.7.1', revision: '8a0099a', time: '2017-11-06T21:07:36.161Z'
System info: host: 'ARCADIER-PC', ip: '10.10.31.95', os.name: 'Windows 7', os.arch: 'amd64', os.version: '6.1', java.version: '1.8.0_102'
Driver info: driver.version: unknown)
[[ATTACHMENT|C:\\Katalon\\Arctick\\Reports\\Suites\\Admin Add Category\\20190515_083232\\1557882415610.png]]

2019-05-15 09:06:55 - [TEST_STEP][PASSED] - click: Object: 'Object Repository/ADMIN/Categories/Category/button_Browse' is clicked on

2019-05-15 09:06:56 - [MESSAGE][PASSED] - Object: 'Object Repository/ADMIN/Categories/Category/button_Browse' is clicked on

2019-05-15 09:06:56 - [TEST_STEP][PASSED] - delay: Delayed 1 second(s)

2019-05-15 09:06:57 - [MESSAGE][PASSED] - Delayed 1 second(s)

2019-05-15 09:06:57 - [TEST_STEP][PASSED] - uploadFile: File 'C:\\Katalon\\Image\\pic4.jpg' sent to object: 'Object Repository/ADMIN/Categories/Category/image_input image'

2019-05-15 09:06:57 - [MESSAGE][PASSED] - File 'C:\\Katalon\\Image\\pic4.jpg' sent to object: 'Object Repository/ADMIN/Categories/Category/image_input image'

2019-05-15 09:06:57 - [TEST_STEP][PASSED] - waitForElementVisible: Object 'Object Repository/ADMIN/Categories/Category/button_upload check' is visible

2019-05-15 09:06:57 - [MESSAGE][WARNING] - Timeout '0' is invalid. Using default page load timeout: '30'

2019-05-15 09:06:57 - [MESSAGE][PASSED] - Object 'Object Repository/ADMIN/Categories/Category/button_upload check' is visible

2019-05-15 09:06:57 - [TEST_STEP][PASSED] - click: Object: 'Object Repository/ADMIN/Categories/Category/button_upload check' is clicked on

2019-05-15 09:06:57 - [MESSAGE][PASSED] - Object: 'Object Repository/ADMIN/Categories/Category/button_upload check' is clicked on

2019-05-15 09:06:57 - [TEST_STEP][PASSED] - click: Object: 'Object Repository/ADMIN/Categories/Category/button_upload save' is clicked on

2019-05-15 09:06:57 - [MESSAGE][PASSED] - Object: 'Object Repository/ADMIN/Categories/Category/button_upload save' is clicked on

2019-05-15 09:06:57 - [TEST_STEP][FAILED] - waitForElementVisible: Unable to wait for object 'Object Repository/ADMIN/Categories/Category/button_upload save' to be visible (Root cause: org.openqa.selenium.StaleElementReferenceException: stale element reference: element is not attached to the page document
  (Session info: chrome=74.0.3729.131)
  (Driver info: chromedriver=2.35.528161 (5b82f2d2aae0ca24b877009200ced9065a772e73),platform=Windows NT 6.1.7601 SP1 x86_64) (WARNING: The server did not provide any stacktrace information)
Command duration or timeout: 0 milliseconds
For documentation on this error, please visit: http://seleniumhq.org/exceptions/stale_element_reference.html
Build info: version: '3.7.1', revision: '8a0099a', time: '2017-11-06T21:07:36.161Z'
System info: host: 'ARCADIER-PC', ip: '10.10.31.95', os.name: 'Windows 7', os.arch: 'amd64', os.version: '6.1', java.version: '1.8.0_102'
Driver info: com.kms.katalon.core.webui.driver.ExistingRemoteWebDriver
Capabilities {javascriptEnabled: true, platform: ANY, platformName: ANY}
Session ID: 4cba786bf88613ee8a0544a4d9db771f)

2019-05-15 09:06:57 - [MESSAGE][WARNING] - Timeout '0' is invalid. Using default page load timeout: '30'

2019-05-15 09:06:58 - [MESSAGE][FAILED] - Unable to wait for object 'Object Repository/ADMIN/Categories/Category/button_upload save' to be visible (Root cause: org.openqa.selenium.StaleElementReferenceException: stale element reference: element is not attached to the page document
  (Session info: chrome=74.0.3729.131)
  (Driver info: chromedriver=2.35.528161 (5b82f2d2aae0ca24b877009200ced9065a772e73),platform=Windows NT 6.1.7601 SP1 x86_64) (WARNING: The server did not provide any stacktrace information)
Command duration or timeout: 0 milliseconds
For documentation on this error, please visit: http://seleniumhq.org/exceptions/stale_element_reference.html
Build info: version: '3.7.1', revision: '8a0099a', time: '2017-11-06T21:07:36.161Z'
System info: host: 'ARCADIER-PC', ip: '10.10.31.95', os.name: 'Windows 7', os.arch: 'amd64', os.version: '6.1', java.version: '1.8.0_102'
Driver info: com.kms.katalon.core.webui.driver.ExistingRemoteWebDriver
Capabilities {javascriptEnabled: true, platform: ANY, platformName: ANY}
Session ID: 4cba786bf88613ee8a0544a4d9db771f)
[[ATTACHMENT|C:\\Katalon\\Arctick\\Reports\\Suites\\Admin Add Category\\20190515_083232\\1557882418016.png]]

2019-05-15 09:06:58 - [TEST_STEP][PASSED] - setText: Text 'Description77' is set on object 'Object Repository/ADMIN/Categories/Category/textfield_category_description'

2019-05-15 09:06:58 - [MESSAGE][PASSED] - Text 'Description77' is set on object 'Object Repository/ADMIN/Categories/Category/textfield_category_description'

2019-05-15 09:06:58 - [TEST_STEP][PASSED] - click: Object: 'Object Repository/ADMIN/Categories/Category/button_Save' is clicked on

2019-05-15 09:06:59 - [MESSAGE][PASSED] - Object: 'Object Repository/ADMIN/Categories/Category/button_Save' is clicked on

2019-05-15 09:06:59 - [TEST_STEP][PASSED] - waitForElementVisible: Object 'Object Repository/ADMIN/Categories/Category/label_edit popup' is visible

2019-05-15 09:06:59 - [MESSAGE][WARNING] - Timeout '0' is invalid. Using default page load timeout: '30'

2019-05-15 09:07:01 - [MESSAGE][PASSED] - Object 'Object Repository/ADMIN/Categories/Category/label_edit popup' is visible

2019-05-15 09:07:01 - [TEST_STEP][PASSED] - waitForElementNotPresent: Web element with id: 'Object Repository/ADMIN/Categories/Category/label_edit popup' located by 'By.xpath: //div[(text() = 'Category was successfully saved.' or . = 'Category was successfully saved.')]' is not present after '30' second(s)

2019-05-15 09:07:01 - [MESSAGE][WARNING] - Timeout '0' is invalid. Using default page load timeout: '30'

2019-05-15 09:07:07 - [MESSAGE][PASSED] - Web element with id: 'Object Repository/ADMIN/Categories/Category/label_edit popup' located by 'By.xpath: //div[(text() = 'Category was successfully saved.' or . = 'Category was successfully saved.')]' is not present after '30' second(s)]]></system-out>
         <system-err><![CDATA[2019-05-15 09:06:38 - [TEST_CASE][FAILED] - Test Cases/ADMIN/Content Mgmt/Categories/Category Add-Edit/Add Category: Test Cases/ADMIN/Content Mgmt/Categories/Category Add-Edit/Add Category FAILED because (of) Unable to select option by label 'Category 5.2' of object 'Object Repository/ADMIN/Categories/Category/dropdown_Parent'  (Root cause: org.openqa.selenium.NoSuchElementException: Cannot locate element with text: Category 5.2
For documentation on this error, please visit: http://seleniumhq.org/exceptions/no_such_element.html
Build info: version: '3.7.1', revision: '8a0099a', time: '2017-11-06T21:07:36.161Z'
System info: host: 'ARCADIER-PC', ip: '10.10.31.95', os.name: 'Windows 7', os.arch: 'amd64', os.version: '6.1', java.version: '1.8.0_102'
Driver info: driver.version: unknown)]]></system-err>
      </testcase>
      <testcase name="Test Cases/ADMIN/Content Mgmt/Categories/Category Add-Edit/Add Category" classname="Test Cases/ADMIN/Content Mgmt/Categories/Category Add-Edit/Add Category" status="FAILED">
         <failure type="FAILED" message="Unable to click on object 'Object Repository/ADMIN/Categories/Category List/button_Categories' (Root cause: org.openqa.selenium.ElementNotVisibleException: element not visible
  (Session info: chrome=74.0.3729.131)
  (Driver info: chromedriver=2.35.528161 (5b82f2d2aae0ca24b877009200ced9065a772e73),platform=Windows NT 6.1.7601 SP1 x86_64) (WARNING: The server did not provide any stacktrace information)
Command duration or timeout: 0 milliseconds
Build info: version: '3.7.1', revision: '8a0099a', time: '2017-11-06T21:07:36.161Z'
System info: host: 'ARCADIER-PC', ip: '10.10.31.95', os.name: 'Windows 7', os.arch: 'amd64', os.version: '6.1', java.version: '1.8.0_102'
Driver info: com.kms.katalon.core.webui.driver.ExistingRemoteWebDriver
Capabilities {javascriptEnabled: true, platform: ANY, platformName: ANY}
Session ID: 4cba786bf88613ee8a0544a4d9db771f)"/>
         <system-out><![CDATA[2019-05-15 09:07:07 - [TEST_CASE][FAILED] - Test Cases/ADMIN/Content Mgmt/Categories/Category Add-Edit/Add Category: Test Cases/ADMIN/Content Mgmt/Categories/Category Add-Edit/Add Category FAILED because (of) Unable to click on object 'Object Repository/ADMIN/Categories/Category List/button_Categories' (Root cause: org.openqa.selenium.ElementNotVisibleException: element not visible
  (Session info: chrome=74.0.3729.131)
  (Driver info: chromedriver=2.35.528161 (5b82f2d2aae0ca24b877009200ced9065a772e73),platform=Windows NT 6.1.7601 SP1 x86_64) (WARNING: The server did not provide any stacktrace information)
Command duration or timeout: 0 milliseconds
Build info: version: '3.7.1', revision: '8a0099a', time: '2017-11-06T21:07:36.161Z'
System info: host: 'ARCADIER-PC', ip: '10.10.31.95', os.name: 'Windows 7', os.arch: 'amd64', os.version: '6.1', java.version: '1.8.0_102'
Driver info: com.kms.katalon.core.webui.driver.ExistingRemoteWebDriver
Capabilities {javascriptEnabled: true, platform: ANY, platformName: ANY}
Session ID: 4cba786bf88613ee8a0544a4d9db771f)

2019-05-15 09:07:07 - [TEST_STEP][PASSED] - waitForElementVisible: Object 'Object Repository/ADMIN/Categories/Category List/button_Content Mgmt' is visible

2019-05-15 09:07:07 - [MESSAGE][WARNING] - Timeout '0' is invalid. Using default page load timeout: '30'

2019-05-15 09:07:07 - [MESSAGE][PASSED] - Object 'Object Repository/ADMIN/Categories/Category List/button_Content Mgmt' is visible

2019-05-15 09:07:07 - [TEST_STEP][PASSED] - click: Object: 'Object Repository/ADMIN/Categories/Category List/button_Content Mgmt' is clicked on

2019-05-15 09:07:07 - [MESSAGE][PASSED] - Object: 'Object Repository/ADMIN/Categories/Category List/button_Content Mgmt' is clicked on

2019-05-15 09:07:07 - [TEST_STEP][PASSED] - waitForElementVisible: Object 'Object Repository/ADMIN/Categories/Category List/button_Categories' is visible

2019-05-15 09:07:07 - [MESSAGE][WARNING] - Timeout '0' is invalid. Using default page load timeout: '30'

2019-05-15 09:07:07 - [MESSAGE][PASSED] - Object 'Object Repository/ADMIN/Categories/Category List/button_Categories' is visible

2019-05-15 09:07:07 - [TEST_STEP][FAILED] - click: Unable to click on object 'Object Repository/ADMIN/Categories/Category List/button_Categories' (Root cause: org.openqa.selenium.ElementNotVisibleException: element not visible
  (Session info: chrome=74.0.3729.131)
  (Driver info: chromedriver=2.35.528161 (5b82f2d2aae0ca24b877009200ced9065a772e73),platform=Windows NT 6.1.7601 SP1 x86_64) (WARNING: The server did not provide any stacktrace information)
Command duration or timeout: 0 milliseconds
Build info: version: '3.7.1', revision: '8a0099a', time: '2017-11-06T21:07:36.161Z'
System info: host: 'ARCADIER-PC', ip: '10.10.31.95', os.name: 'Windows 7', os.arch: 'amd64', os.version: '6.1', java.version: '1.8.0_102'
Driver info: com.kms.katalon.core.webui.driver.ExistingRemoteWebDriver
Capabilities {javascriptEnabled: true, platform: ANY, platformName: ANY}
Session ID: 4cba786bf88613ee8a0544a4d9db771f)

2019-05-15 09:07:08 - [MESSAGE][FAILED] - Unable to click on object 'Object Repository/ADMIN/Categories/Category List/button_Categories' (Root cause: org.openqa.selenium.ElementNotVisibleException: element not visible
  (Session info: chrome=74.0.3729.131)
  (Driver info: chromedriver=2.35.528161 (5b82f2d2aae0ca24b877009200ced9065a772e73),platform=Windows NT 6.1.7601 SP1 x86_64) (WARNING: The server did not provide any stacktrace information)
Command duration or timeout: 0 milliseconds
Build info: version: '3.7.1', revision: '8a0099a', time: '2017-11-06T21:07:36.161Z'
System info: host: 'ARCADIER-PC', ip: '10.10.31.95', os.name: 'Windows 7', os.arch: 'amd64', os.version: '6.1', java.version: '1.8.0_102'
Driver info: com.kms.katalon.core.webui.driver.ExistingRemoteWebDriver
Capabilities {javascriptEnabled: true, platform: ANY, platformName: ANY}
Session ID: 4cba786bf88613ee8a0544a4d9db771f)
[[ATTACHMENT|C:\\Katalon\\Arctick\\Reports\\Suites\\Admin Add Category\\20190515_083232\\1557882428212.png]]

2019-05-15 09:07:08 - [TEST_STEP][PASSED] - waitForPageLoad: Wait for page load successfully

2019-05-15 09:07:08 - [MESSAGE][WARNING] - Timeout '0' is invalid. Using default page load timeout: '30'

2019-05-15 09:07:08 - [MESSAGE][PASSED] - Wait for page load successfully

2019-05-15 09:07:08 - [TEST_STEP][PASSED] - click: Object: 'Object Repository/ADMIN/Categories/Category List/button_Add a Category' is clicked on

2019-05-15 09:07:08 - [MESSAGE][PASSED] - Object: 'Object Repository/ADMIN/Categories/Category List/button_Add a Category' is clicked on

2019-05-15 09:07:08 - [TEST_STEP][PASSED] - waitForElementPresent: Object 'Object Repository/ADMIN/Categories/Category/dropdown_Parent' is present

2019-05-15 09:07:08 - [MESSAGE][PASSED] - Object 'Object Repository/ADMIN/Categories/Category/dropdown_Parent' is present

2019-05-15 09:07:08 - [TEST_STEP][PASSED] - delay: Delayed 1 second(s)

2019-05-15 09:07:09 - [MESSAGE][PASSED] - Delayed 1 second(s)

2019-05-15 09:07:09 - [TEST_STEP][PASSED] - setText: Text 'Category 5.3' is set on object 'Object Repository/ADMIN/Categories/Category/textfield_Category Name'

2019-05-15 09:07:09 - [MESSAGE][PASSED] - Text 'Category 5.3' is set on object 'Object Repository/ADMIN/Categories/Category/textfield_Category Name'

2019-05-15 09:07:09 - [TEST_STEP][PASSED] - click: Object: 'Object Repository/ADMIN/Categories/Category/dropdown_Parent' is clicked on

2019-05-15 09:07:09 - [MESSAGE][PASSED] - Object: 'Object Repository/ADMIN/Categories/Category/dropdown_Parent' is clicked on

2019-05-15 09:07:09 - [TEST_STEP][PASSED] - delay: Delayed 2 second(s)

2019-05-15 09:07:11 - [MESSAGE][PASSED] - Delayed 2 second(s)

2019-05-15 09:07:11 - [TEST_STEP][PASSED] - click: Object: 'Object Repository/ADMIN/Categories/Category/dropdown_Parent' is clicked on

2019-05-15 09:07:12 - [MESSAGE][PASSED] - Object: 'Object Repository/ADMIN/Categories/Category/dropdown_Parent' is clicked on

2019-05-15 09:07:12 - [TEST_STEP][FAILED] - selectOptionByLabel: Unable to select option by label 'Category 5' of object 'Object Repository/ADMIN/Categories/Category/dropdown_Parent'  (Root cause: org.openqa.selenium.NoSuchElementException: Cannot locate element with text: Category 5
For documentation on this error, please visit: http://seleniumhq.org/exceptions/no_such_element.html
Build info: version: '3.7.1', revision: '8a0099a', time: '2017-11-06T21:07:36.161Z'
System info: host: 'ARCADIER-PC', ip: '10.10.31.95', os.name: 'Windows 7', os.arch: 'amd64', os.version: '6.1', java.version: '1.8.0_102'
Driver info: driver.version: unknown)

2019-05-15 09:07:12 - [MESSAGE][FAILED] - Unable to select option by label 'Category 5' of object 'Object Repository/ADMIN/Categories/Category/dropdown_Parent'  (Root cause: org.openqa.selenium.NoSuchElementException: Cannot locate element with text: Category 5
For documentation on this error, please visit: http://seleniumhq.org/exceptions/no_such_element.html
Build info: version: '3.7.1', revision: '8a0099a', time: '2017-11-06T21:07:36.161Z'
System info: host: 'ARCADIER-PC', ip: '10.10.31.95', os.name: 'Windows 7', os.arch: 'amd64', os.version: '6.1', java.version: '1.8.0_102'
Driver info: driver.version: unknown)
[[ATTACHMENT|C:\\Katalon\\Arctick\\Reports\\Suites\\Admin Add Category\\20190515_083232\\1557882432056.png]]

2019-05-15 09:07:12 - [TEST_STEP][PASSED] - click: Object: 'Object Repository/ADMIN/Categories/Category/button_Browse' is clicked on

2019-05-15 09:07:12 - [MESSAGE][PASSED] - Object: 'Object Repository/ADMIN/Categories/Category/button_Browse' is clicked on

2019-05-15 09:07:12 - [TEST_STEP][PASSED] - delay: Delayed 1 second(s)

2019-05-15 09:07:13 - [MESSAGE][PASSED] - Delayed 1 second(s)

2019-05-15 09:07:13 - [TEST_STEP][PASSED] - uploadFile: File 'C:\\Katalon\\Image\\pic5.jpg' sent to object: 'Object Repository/ADMIN/Categories/Category/image_input image'

2019-05-15 09:07:13 - [MESSAGE][PASSED] - File 'C:\\Katalon\\Image\\pic5.jpg' sent to object: 'Object Repository/ADMIN/Categories/Category/image_input image'

2019-05-15 09:07:13 - [TEST_STEP][PASSED] - waitForElementVisible: Object 'Object Repository/ADMIN/Categories/Category/button_upload check' is visible

2019-05-15 09:07:15 - [MESSAGE][WARNING] - Timeout '0' is invalid. Using default page load timeout: '30'

2019-05-15 09:07:15 - [MESSAGE][PASSED] - Object 'Object Repository/ADMIN/Categories/Category/button_upload check' is visible

2019-05-15 09:07:15 - [TEST_STEP][PASSED] - click: Object: 'Object Repository/ADMIN/Categories/Category/button_upload check' is clicked on

2019-05-15 09:07:15 - [MESSAGE][PASSED] - Object: 'Object Repository/ADMIN/Categories/Category/button_upload check' is clicked on

2019-05-15 09:07:15 - [TEST_STEP][PASSED] - click: Object: 'Object Repository/ADMIN/Categories/Category/button_upload save' is clicked on

2019-05-15 09:07:15 - [MESSAGE][PASSED] - Object: 'Object Repository/ADMIN/Categories/Category/button_upload save' is clicked on

2019-05-15 09:07:15 - [TEST_STEP][PASSED] - waitForElementVisible: Object 'Object Repository/ADMIN/Categories/Category/button_upload save' is visible

2019-05-15 09:07:15 - [MESSAGE][WARNING] - Timeout '0' is invalid. Using default page load timeout: '30'

2019-05-15 09:07:15 - [MESSAGE][PASSED] - Object 'Object Repository/ADMIN/Categories/Category/button_upload save' is visible

2019-05-15 09:07:15 - [TEST_STEP][PASSED] - setText: Text 'Description78' is set on object 'Object Repository/ADMIN/Categories/Category/textfield_category_description'

2019-05-15 09:07:16 - [MESSAGE][PASSED] - Text 'Description78' is set on object 'Object Repository/ADMIN/Categories/Category/textfield_category_description'

2019-05-15 09:07:16 - [TEST_STEP][PASSED] - click: Object: 'Object Repository/ADMIN/Categories/Category/button_Save' is clicked on

2019-05-15 09:07:18 - [MESSAGE][PASSED] - Object: 'Object Repository/ADMIN/Categories/Category/button_Save' is clicked on

2019-05-15 09:07:18 - [TEST_STEP][PASSED] - waitForElementVisible: Object 'Object Repository/ADMIN/Categories/Category/label_edit popup' is visible

2019-05-15 09:07:18 - [MESSAGE][WARNING] - Timeout '0' is invalid. Using default page load timeout: '30'

2019-05-15 09:07:20 - [MESSAGE][PASSED] - Object 'Object Repository/ADMIN/Categories/Category/label_edit popup' is visible

2019-05-15 09:07:20 - [TEST_STEP][PASSED] - waitForElementNotPresent: Web element with id: 'Object Repository/ADMIN/Categories/Category/label_edit popup' located by 'By.xpath: //div[(text() = 'Category was successfully saved.' or . = 'Category was successfully saved.')]' is not present after '30' second(s)

2019-05-15 09:07:20 - [MESSAGE][WARNING] - Timeout '0' is invalid. Using default page load timeout: '30'

2019-05-15 09:07:26 - [MESSAGE][PASSED] - Web element with id: 'Object Repository/ADMIN/Categories/Category/label_edit popup' located by 'By.xpath: //div[(text() = 'Category was successfully saved.' or . = 'Category was successfully saved.')]' is not present after '30' second(s)]]></system-out>
         <system-err><![CDATA[2019-05-15 09:07:07 - [TEST_CASE][FAILED] - Test Cases/ADMIN/Content Mgmt/Categories/Category Add-Edit/Add Category: Test Cases/ADMIN/Content Mgmt/Categories/Category Add-Edit/Add Category FAILED because (of) Unable to click on object 'Object Repository/ADMIN/Categories/Category List/button_Categories' (Root cause: org.openqa.selenium.ElementNotVisibleException: element not visible
  (Session info: chrome=74.0.3729.131)
  (Driver info: chromedriver=2.35.528161 (5b82f2d2aae0ca24b877009200ced9065a772e73),platform=Windows NT 6.1.7601 SP1 x86_64) (WARNING: The server did not provide any stacktrace information)
Command duration or timeout: 0 milliseconds
Build info: version: '3.7.1', revision: '8a0099a', time: '2017-11-06T21:07:36.161Z'
System info: host: 'ARCADIER-PC', ip: '10.10.31.95', os.name: 'Windows 7', os.arch: 'amd64', os.version: '6.1', java.version: '1.8.0_102'
Driver info: com.kms.katalon.core.webui.driver.ExistingRemoteWebDriver
Capabilities {javascriptEnabled: true, platform: ANY, platformName: ANY}
Session ID: 4cba786bf88613ee8a0544a4d9db771f)]]></system-err>
      </testcase>
      <testcase name="Test Cases/ADMIN/Content Mgmt/Categories/Category Add-Edit/Add Category" classname="Test Cases/ADMIN/Content Mgmt/Categories/Category Add-Edit/Add Category" status="FAILED">
         <failure type="FAILED" message="Unable to click on object 'Object Repository/ADMIN/Categories/Category List/button_Categories' (Root cause: org.openqa.selenium.ElementNotVisibleException: element not visible
  (Session info: chrome=74.0.3729.131)
  (Driver info: chromedriver=2.35.528161 (5b82f2d2aae0ca24b877009200ced9065a772e73),platform=Windows NT 6.1.7601 SP1 x86_64) (WARNING: The server did not provide any stacktrace information)
Command duration or timeout: 0 milliseconds
Build info: version: '3.7.1', revision: '8a0099a', time: '2017-11-06T21:07:36.161Z'
System info: host: 'ARCADIER-PC', ip: '10.10.31.95', os.name: 'Windows 7', os.arch: 'amd64', os.version: '6.1', java.version: '1.8.0_102'
Driver info: com.kms.katalon.core.webui.driver.ExistingRemoteWebDriver
Capabilities {javascriptEnabled: true, platform: ANY, platformName: ANY}
Session ID: 4cba786bf88613ee8a0544a4d9db771f)"/>
         <system-out><![CDATA[2019-05-15 09:07:26 - [TEST_CASE][FAILED] - Test Cases/ADMIN/Content Mgmt/Categories/Category Add-Edit/Add Category: Test Cases/ADMIN/Content Mgmt/Categories/Category Add-Edit/Add Category FAILED because (of) Unable to click on object 'Object Repository/ADMIN/Categories/Category List/button_Categories' (Root cause: org.openqa.selenium.ElementNotVisibleException: element not visible
  (Session info: chrome=74.0.3729.131)
  (Driver info: chromedriver=2.35.528161 (5b82f2d2aae0ca24b877009200ced9065a772e73),platform=Windows NT 6.1.7601 SP1 x86_64) (WARNING: The server did not provide any stacktrace information)
Command duration or timeout: 0 milliseconds
Build info: version: '3.7.1', revision: '8a0099a', time: '2017-11-06T21:07:36.161Z'
System info: host: 'ARCADIER-PC', ip: '10.10.31.95', os.name: 'Windows 7', os.arch: 'amd64', os.version: '6.1', java.version: '1.8.0_102'
Driver info: com.kms.katalon.core.webui.driver.ExistingRemoteWebDriver
Capabilities {javascriptEnabled: true, platform: ANY, platformName: ANY}
Session ID: 4cba786bf88613ee8a0544a4d9db771f)

2019-05-15 09:07:26 - [TEST_STEP][PASSED] - waitForElementVisible: Object 'Object Repository/ADMIN/Categories/Category List/button_Content Mgmt' is visible

2019-05-15 09:07:26 - [MESSAGE][WARNING] - Timeout '0' is invalid. Using default page load timeout: '30'

2019-05-15 09:07:26 - [MESSAGE][PASSED] - Object 'Object Repository/ADMIN/Categories/Category List/button_Content Mgmt' is visible

2019-05-15 09:07:26 - [TEST_STEP][PASSED] - click: Object: 'Object Repository/ADMIN/Categories/Category List/button_Content Mgmt' is clicked on

2019-05-15 09:07:26 - [MESSAGE][PASSED] - Object: 'Object Repository/ADMIN/Categories/Category List/button_Content Mgmt' is clicked on

2019-05-15 09:07:26 - [TEST_STEP][PASSED] - waitForElementVisible: Object 'Object Repository/ADMIN/Categories/Category List/button_Categories' is visible

2019-05-15 09:07:26 - [MESSAGE][WARNING] - Timeout '0' is invalid. Using default page load timeout: '30'

2019-05-15 09:07:26 - [MESSAGE][PASSED] - Object 'Object Repository/ADMIN/Categories/Category List/button_Categories' is visible

2019-05-15 09:07:26 - [TEST_STEP][FAILED] - click: Unable to click on object 'Object Repository/ADMIN/Categories/Category List/button_Categories' (Root cause: org.openqa.selenium.ElementNotVisibleException: element not visible
  (Session info: chrome=74.0.3729.131)
  (Driver info: chromedriver=2.35.528161 (5b82f2d2aae0ca24b877009200ced9065a772e73),platform=Windows NT 6.1.7601 SP1 x86_64) (WARNING: The server did not provide any stacktrace information)
Command duration or timeout: 0 milliseconds
Build info: version: '3.7.1', revision: '8a0099a', time: '2017-11-06T21:07:36.161Z'
System info: host: 'ARCADIER-PC', ip: '10.10.31.95', os.name: 'Windows 7', os.arch: 'amd64', os.version: '6.1', java.version: '1.8.0_102'
Driver info: com.kms.katalon.core.webui.driver.ExistingRemoteWebDriver
Capabilities {javascriptEnabled: true, platform: ANY, platformName: ANY}
Session ID: 4cba786bf88613ee8a0544a4d9db771f)

2019-05-15 09:07:27 - [MESSAGE][FAILED] - Unable to click on object 'Object Repository/ADMIN/Categories/Category List/button_Categories' (Root cause: org.openqa.selenium.ElementNotVisibleException: element not visible
  (Session info: chrome=74.0.3729.131)
  (Driver info: chromedriver=2.35.528161 (5b82f2d2aae0ca24b877009200ced9065a772e73),platform=Windows NT 6.1.7601 SP1 x86_64) (WARNING: The server did not provide any stacktrace information)
Command duration or timeout: 0 milliseconds
Build info: version: '3.7.1', revision: '8a0099a', time: '2017-11-06T21:07:36.161Z'
System info: host: 'ARCADIER-PC', ip: '10.10.31.95', os.name: 'Windows 7', os.arch: 'amd64', os.version: '6.1', java.version: '1.8.0_102'
Driver info: com.kms.katalon.core.webui.driver.ExistingRemoteWebDriver
Capabilities {javascriptEnabled: true, platform: ANY, platformName: ANY}
Session ID: 4cba786bf88613ee8a0544a4d9db771f)
[[ATTACHMENT|C:\\Katalon\\Arctick\\Reports\\Suites\\Admin Add Category\\20190515_083232\\1557882447039.png]]

2019-05-15 09:07:27 - [TEST_STEP][PASSED] - waitForPageLoad: Wait for page load successfully

2019-05-15 09:07:27 - [MESSAGE][WARNING] - Timeout '0' is invalid. Using default page load timeout: '30'

2019-05-15 09:07:27 - [MESSAGE][PASSED] - Wait for page load successfully

2019-05-15 09:07:27 - [TEST_STEP][PASSED] - click: Object: 'Object Repository/ADMIN/Categories/Category List/button_Add a Category' is clicked on

2019-05-15 09:07:27 - [MESSAGE][PASSED] - Object: 'Object Repository/ADMIN/Categories/Category List/button_Add a Category' is clicked on

2019-05-15 09:07:27 - [TEST_STEP][PASSED] - waitForElementPresent: Object 'Object Repository/ADMIN/Categories/Category/dropdown_Parent' is present

2019-05-15 09:07:27 - [MESSAGE][PASSED] - Object 'Object Repository/ADMIN/Categories/Category/dropdown_Parent' is present

2019-05-15 09:07:27 - [TEST_STEP][PASSED] - delay: Delayed 1 second(s)

2019-05-15 09:07:28 - [MESSAGE][PASSED] - Delayed 1 second(s)

2019-05-15 09:07:28 - [TEST_STEP][PASSED] - setText: Text 'Category 5.4' is set on object 'Object Repository/ADMIN/Categories/Category/textfield_Category Name'

2019-05-15 09:07:28 - [MESSAGE][PASSED] - Text 'Category 5.4' is set on object 'Object Repository/ADMIN/Categories/Category/textfield_Category Name'

2019-05-15 09:07:28 - [TEST_STEP][PASSED] - click: Object: 'Object Repository/ADMIN/Categories/Category/dropdown_Parent' is clicked on

2019-05-15 09:07:30 - [MESSAGE][PASSED] - Object: 'Object Repository/ADMIN/Categories/Category/dropdown_Parent' is clicked on

2019-05-15 09:07:30 - [TEST_STEP][PASSED] - delay: Delayed 2 second(s)

2019-05-15 09:07:32 - [MESSAGE][PASSED] - Delayed 2 second(s)

2019-05-15 09:07:32 - [TEST_STEP][PASSED] - click: Object: 'Object Repository/ADMIN/Categories/Category/dropdown_Parent' is clicked on

2019-05-15 09:07:32 - [MESSAGE][PASSED] - Object: 'Object Repository/ADMIN/Categories/Category/dropdown_Parent' is clicked on

2019-05-15 09:07:32 - [TEST_STEP][PASSED] - selectOptionByLabel: All options with label 'Category 5' are selected in object 'Object Repository/ADMIN/Categories/Category/dropdown_Parent' 

2019-05-15 09:07:32 - [MESSAGE][PASSED] - All options with label 'Category 5' are selected in object 'Object Repository/ADMIN/Categories/Category/dropdown_Parent' 

2019-05-15 09:07:32 - [TEST_STEP][PASSED] - click: Object: 'Object Repository/ADMIN/Categories/Category/button_Browse' is clicked on

2019-05-15 09:07:32 - [MESSAGE][PASSED] - Object: 'Object Repository/ADMIN/Categories/Category/button_Browse' is clicked on

2019-05-15 09:07:32 - [TEST_STEP][PASSED] - delay: Delayed 1 second(s)

2019-05-15 09:07:33 - [MESSAGE][PASSED] - Delayed 1 second(s)

2019-05-15 09:07:33 - [TEST_STEP][PASSED] - uploadFile: File 'C:\\Katalon\\Image\\pic6.jpg' sent to object: 'Object Repository/ADMIN/Categories/Category/image_input image'

2019-05-15 09:07:33 - [MESSAGE][PASSED] - File 'C:\\Katalon\\Image\\pic6.jpg' sent to object: 'Object Repository/ADMIN/Categories/Category/image_input image'

2019-05-15 09:07:33 - [TEST_STEP][PASSED] - waitForElementVisible: Object 'Object Repository/ADMIN/Categories/Category/button_upload check' is visible

2019-05-15 09:07:33 - [MESSAGE][WARNING] - Timeout '0' is invalid. Using default page load timeout: '30'

2019-05-15 09:07:33 - [MESSAGE][PASSED] - Object 'Object Repository/ADMIN/Categories/Category/button_upload check' is visible

2019-05-15 09:07:33 - [TEST_STEP][PASSED] - click: Object: 'Object Repository/ADMIN/Categories/Category/button_upload check' is clicked on

2019-05-15 09:07:33 - [MESSAGE][PASSED] - Object: 'Object Repository/ADMIN/Categories/Category/button_upload check' is clicked on

2019-05-15 09:07:33 - [TEST_STEP][PASSED] - click: Object: 'Object Repository/ADMIN/Categories/Category/button_upload save' is clicked on

2019-05-15 09:07:34 - [MESSAGE][PASSED] - Object: 'Object Repository/ADMIN/Categories/Category/button_upload save' is clicked on

2019-05-15 09:07:34 - [TEST_STEP][PASSED] - waitForElementVisible: Object 'Object Repository/ADMIN/Categories/Category/button_upload save' is visible

2019-05-15 09:07:34 - [MESSAGE][WARNING] - Timeout '0' is invalid. Using default page load timeout: '30'

2019-05-15 09:07:34 - [MESSAGE][PASSED] - Object 'Object Repository/ADMIN/Categories/Category/button_upload save' is visible

2019-05-15 09:07:34 - [TEST_STEP][PASSED] - setText: Text 'Description79' is set on object 'Object Repository/ADMIN/Categories/Category/textfield_category_description'

2019-05-15 09:07:35 - [MESSAGE][PASSED] - Text 'Description79' is set on object 'Object Repository/ADMIN/Categories/Category/textfield_category_description'

2019-05-15 09:07:35 - [TEST_STEP][PASSED] - click: Object: 'Object Repository/ADMIN/Categories/Category/button_Save' is clicked on

2019-05-15 09:07:37 - [MESSAGE][PASSED] - Object: 'Object Repository/ADMIN/Categories/Category/button_Save' is clicked on

2019-05-15 09:07:37 - [TEST_STEP][PASSED] - waitForElementVisible: Object 'Object Repository/ADMIN/Categories/Category/label_edit popup' is visible

2019-05-15 09:07:37 - [MESSAGE][WARNING] - Timeout '0' is invalid. Using default page load timeout: '30'

2019-05-15 09:07:49 - [MESSAGE][PASSED] - Object 'Object Repository/ADMIN/Categories/Category/label_edit popup' is visible

2019-05-15 09:07:49 - [TEST_STEP][PASSED] - waitForElementNotPresent: Web element with id: 'Object Repository/ADMIN/Categories/Category/label_edit popup' located by 'By.xpath: //div[(text() = 'Category was successfully saved.' or . = 'Category was successfully saved.')]' is not present after '30' second(s)

2019-05-15 09:07:49 - [MESSAGE][WARNING] - Timeout '0' is invalid. Using default page load timeout: '30'

2019-05-15 09:07:55 - [MESSAGE][PASSED] - Web element with id: 'Object Repository/ADMIN/Categories/Category/label_edit popup' located by 'By.xpath: //div[(text() = 'Category was successfully saved.' or . = 'Category was successfully saved.')]' is not present after '30' second(s)]]></system-out>
         <system-err><![CDATA[2019-05-15 09:07:26 - [TEST_CASE][FAILED] - Test Cases/ADMIN/Content Mgmt/Categories/Category Add-Edit/Add Category: Test Cases/ADMIN/Content Mgmt/Categories/Category Add-Edit/Add Category FAILED because (of) Unable to click on object 'Object Repository/ADMIN/Categories/Category List/button_Categories' (Root cause: org.openqa.selenium.ElementNotVisibleException: element not visible
  (Session info: chrome=74.0.3729.131)
  (Driver info: chromedriver=2.35.528161 (5b82f2d2aae0ca24b877009200ced9065a772e73),platform=Windows NT 6.1.7601 SP1 x86_64) (WARNING: The server did not provide any stacktrace information)
Command duration or timeout: 0 milliseconds
Build info: version: '3.7.1', revision: '8a0099a', time: '2017-11-06T21:07:36.161Z'
System info: host: 'ARCADIER-PC', ip: '10.10.31.95', os.name: 'Windows 7', os.arch: 'amd64', os.version: '6.1', java.version: '1.8.0_102'
Driver info: com.kms.katalon.core.webui.driver.ExistingRemoteWebDriver
Capabilities {javascriptEnabled: true, platform: ANY, platformName: ANY}
Session ID: 4cba786bf88613ee8a0544a4d9db771f)]]></system-err>
      </testcase>
      <testcase name="Test Cases/ADMIN/Content Mgmt/Categories/Category Add-Edit/Add Category" classname="Test Cases/ADMIN/Content Mgmt/Categories/Category Add-Edit/Add Category" status="FAILED">
         <failure type="FAILED" message="Unable to wait for object 'Object Repository/ADMIN/Categories/Category/button_upload save' to be visible (Root cause: org.openqa.selenium.StaleElementReferenceException: stale element reference: element is not attached to the page document
  (Session info: chrome=74.0.3729.131)
  (Driver info: chromedriver=2.35.528161 (5b82f2d2aae0ca24b877009200ced9065a772e73),platform=Windows NT 6.1.7601 SP1 x86_64) (WARNING: The server did not provide any stacktrace information)
Command duration or timeout: 0 milliseconds
For documentation on this error, please visit: http://seleniumhq.org/exceptions/stale_element_reference.html
Build info: version: '3.7.1', revision: '8a0099a', time: '2017-11-06T21:07:36.161Z'
System info: host: 'ARCADIER-PC', ip: '10.10.31.95', os.name: 'Windows 7', os.arch: 'amd64', os.version: '6.1', java.version: '1.8.0_102'
Driver info: com.kms.katalon.core.webui.driver.ExistingRemoteWebDriver
Capabilities {javascriptEnabled: true, platform: ANY, platformName: ANY}
Session ID: 4cba786bf88613ee8a0544a4d9db771f)"/>
         <system-out><![CDATA[2019-05-15 09:07:55 - [TEST_CASE][FAILED] - Test Cases/ADMIN/Content Mgmt/Categories/Category Add-Edit/Add Category: Test Cases/ADMIN/Content Mgmt/Categories/Category Add-Edit/Add Category FAILED because (of) Unable to wait for object 'Object Repository/ADMIN/Categories/Category/button_upload save' to be visible (Root cause: org.openqa.selenium.StaleElementReferenceException: stale element reference: element is not attached to the page document
  (Session info: chrome=74.0.3729.131)
  (Driver info: chromedriver=2.35.528161 (5b82f2d2aae0ca24b877009200ced9065a772e73),platform=Windows NT 6.1.7601 SP1 x86_64) (WARNING: The server did not provide any stacktrace information)
Command duration or timeout: 0 milliseconds
For documentation on this error, please visit: http://seleniumhq.org/exceptions/stale_element_reference.html
Build info: version: '3.7.1', revision: '8a0099a', time: '2017-11-06T21:07:36.161Z'
System info: host: 'ARCADIER-PC', ip: '10.10.31.95', os.name: 'Windows 7', os.arch: 'amd64', os.version: '6.1', java.version: '1.8.0_102'
Driver info: com.kms.katalon.core.webui.driver.ExistingRemoteWebDriver
Capabilities {javascriptEnabled: true, platform: ANY, platformName: ANY}
Session ID: 4cba786bf88613ee8a0544a4d9db771f)

2019-05-15 09:07:55 - [TEST_STEP][PASSED] - waitForElementVisible: Object 'Object Repository/ADMIN/Categories/Category List/button_Content Mgmt' is visible

2019-05-15 09:07:55 - [MESSAGE][WARNING] - Timeout '0' is invalid. Using default page load timeout: '30'

2019-05-15 09:07:55 - [MESSAGE][PASSED] - Object 'Object Repository/ADMIN/Categories/Category List/button_Content Mgmt' is visible

2019-05-15 09:07:55 - [TEST_STEP][PASSED] - click: Object: 'Object Repository/ADMIN/Categories/Category List/button_Content Mgmt' is clicked on

2019-05-15 09:07:55 - [MESSAGE][PASSED] - Object: 'Object Repository/ADMIN/Categories/Category List/button_Content Mgmt' is clicked on

2019-05-15 09:07:55 - [TEST_STEP][PASSED] - waitForElementVisible: Object 'Object Repository/ADMIN/Categories/Category List/button_Categories' is visible

2019-05-15 09:07:55 - [MESSAGE][WARNING] - Timeout '0' is invalid. Using default page load timeout: '30'

2019-05-15 09:07:55 - [MESSAGE][PASSED] - Object 'Object Repository/ADMIN/Categories/Category List/button_Categories' is visible

2019-05-15 09:07:55 - [TEST_STEP][PASSED] - click: Object: 'Object Repository/ADMIN/Categories/Category List/button_Categories' is clicked on

2019-05-15 09:08:06 - [MESSAGE][PASSED] - Object: 'Object Repository/ADMIN/Categories/Category List/button_Categories' is clicked on

2019-05-15 09:08:06 - [TEST_STEP][PASSED] - waitForPageLoad: Wait for page load successfully

2019-05-15 09:08:06 - [MESSAGE][WARNING] - Timeout '0' is invalid. Using default page load timeout: '30'

2019-05-15 09:08:06 - [MESSAGE][PASSED] - Wait for page load successfully

2019-05-15 09:08:06 - [TEST_STEP][PASSED] - click: Object: 'Object Repository/ADMIN/Categories/Category List/button_Add a Category' is clicked on

2019-05-15 09:08:06 - [MESSAGE][PASSED] - Object: 'Object Repository/ADMIN/Categories/Category List/button_Add a Category' is clicked on

2019-05-15 09:08:06 - [TEST_STEP][PASSED] - waitForElementPresent: Object 'Object Repository/ADMIN/Categories/Category/dropdown_Parent' is present

2019-05-15 09:08:06 - [MESSAGE][PASSED] - Object 'Object Repository/ADMIN/Categories/Category/dropdown_Parent' is present

2019-05-15 09:08:06 - [TEST_STEP][PASSED] - delay: Delayed 1 second(s)

2019-05-15 09:08:07 - [MESSAGE][PASSED] - Delayed 1 second(s)

2019-05-15 09:08:07 - [TEST_STEP][PASSED] - setText: Text 'Category 6' is set on object 'Object Repository/ADMIN/Categories/Category/textfield_Category Name'

2019-05-15 09:08:07 - [MESSAGE][PASSED] - Text 'Category 6' is set on object 'Object Repository/ADMIN/Categories/Category/textfield_Category Name'

2019-05-15 09:08:07 - [TEST_STEP][PASSED] - click: Object: 'Object Repository/ADMIN/Categories/Category/dropdown_Parent' is clicked on

2019-05-15 09:08:07 - [MESSAGE][PASSED] - Object: 'Object Repository/ADMIN/Categories/Category/dropdown_Parent' is clicked on

2019-05-15 09:08:07 - [TEST_STEP][PASSED] - delay: Delayed 2 second(s)

2019-05-15 09:08:09 - [MESSAGE][PASSED] - Delayed 2 second(s)

2019-05-15 09:08:09 - [TEST_STEP][PASSED] - click: Object: 'Object Repository/ADMIN/Categories/Category/dropdown_Parent' is clicked on

2019-05-15 09:08:09 - [MESSAGE][PASSED] - Object: 'Object Repository/ADMIN/Categories/Category/dropdown_Parent' is clicked on

2019-05-15 09:08:09 - [TEST_STEP][PASSED] - selectOptionByLabel: All options with label '-' are selected in object 'Object Repository/ADMIN/Categories/Category/dropdown_Parent' 

2019-05-15 09:08:09 - [MESSAGE][PASSED] - All options with label '-' are selected in object 'Object Repository/ADMIN/Categories/Category/dropdown_Parent' 

2019-05-15 09:08:09 - [TEST_STEP][PASSED] - click: Object: 'Object Repository/ADMIN/Categories/Category/button_Browse' is clicked on

2019-05-15 09:08:09 - [MESSAGE][PASSED] - Object: 'Object Repository/ADMIN/Categories/Category/button_Browse' is clicked on

2019-05-15 09:08:09 - [TEST_STEP][PASSED] - delay: Delayed 1 second(s)

2019-05-15 09:08:10 - [MESSAGE][PASSED] - Delayed 1 second(s)

2019-05-15 09:08:10 - [TEST_STEP][PASSED] - uploadFile: File 'C:\\Katalon\\Image\\pic7.jpg' sent to object: 'Object Repository/ADMIN/Categories/Category/image_input image'

2019-05-15 09:08:10 - [MESSAGE][PASSED] - File 'C:\\Katalon\\Image\\pic7.jpg' sent to object: 'Object Repository/ADMIN/Categories/Category/image_input image'

2019-05-15 09:08:10 - [TEST_STEP][PASSED] - waitForElementVisible: Object 'Object Repository/ADMIN/Categories/Category/button_upload check' is visible

2019-05-15 09:08:10 - [MESSAGE][WARNING] - Timeout '0' is invalid. Using default page load timeout: '30'

2019-05-15 09:08:10 - [MESSAGE][PASSED] - Object 'Object Repository/ADMIN/Categories/Category/button_upload check' is visible

2019-05-15 09:08:10 - [TEST_STEP][PASSED] - click: Object: 'Object Repository/ADMIN/Categories/Category/button_upload check' is clicked on

2019-05-15 09:08:10 - [MESSAGE][PASSED] - Object: 'Object Repository/ADMIN/Categories/Category/button_upload check' is clicked on

2019-05-15 09:08:10 - [TEST_STEP][PASSED] - click: Object: 'Object Repository/ADMIN/Categories/Category/button_upload save' is clicked on

2019-05-15 09:08:11 - [MESSAGE][PASSED] - Object: 'Object Repository/ADMIN/Categories/Category/button_upload save' is clicked on

2019-05-15 09:08:11 - [TEST_STEP][FAILED] - waitForElementVisible: Unable to wait for object 'Object Repository/ADMIN/Categories/Category/button_upload save' to be visible (Root cause: org.openqa.selenium.StaleElementReferenceException: stale element reference: element is not attached to the page document
  (Session info: chrome=74.0.3729.131)
  (Driver info: chromedriver=2.35.528161 (5b82f2d2aae0ca24b877009200ced9065a772e73),platform=Windows NT 6.1.7601 SP1 x86_64) (WARNING: The server did not provide any stacktrace information)
Command duration or timeout: 0 milliseconds
For documentation on this error, please visit: http://seleniumhq.org/exceptions/stale_element_reference.html
Build info: version: '3.7.1', revision: '8a0099a', time: '2017-11-06T21:07:36.161Z'
System info: host: 'ARCADIER-PC', ip: '10.10.31.95', os.name: 'Windows 7', os.arch: 'amd64', os.version: '6.1', java.version: '1.8.0_102'
Driver info: com.kms.katalon.core.webui.driver.ExistingRemoteWebDriver
Capabilities {javascriptEnabled: true, platform: ANY, platformName: ANY}
Session ID: 4cba786bf88613ee8a0544a4d9db771f)

2019-05-15 09:08:11 - [MESSAGE][WARNING] - Timeout '0' is invalid. Using default page load timeout: '30'

2019-05-15 09:08:12 - [MESSAGE][FAILED] - Unable to wait for object 'Object Repository/ADMIN/Categories/Category/button_upload save' to be visible (Root cause: org.openqa.selenium.StaleElementReferenceException: stale element reference: element is not attached to the page document
  (Session info: chrome=74.0.3729.131)
  (Driver info: chromedriver=2.35.528161 (5b82f2d2aae0ca24b877009200ced9065a772e73),platform=Windows NT 6.1.7601 SP1 x86_64) (WARNING: The server did not provide any stacktrace information)
Command duration or timeout: 0 milliseconds
For documentation on this error, please visit: http://seleniumhq.org/exceptions/stale_element_reference.html
Build info: version: '3.7.1', revision: '8a0099a', time: '2017-11-06T21:07:36.161Z'
System info: host: 'ARCADIER-PC', ip: '10.10.31.95', os.name: 'Windows 7', os.arch: 'amd64', os.version: '6.1', java.version: '1.8.0_102'
Driver info: com.kms.katalon.core.webui.driver.ExistingRemoteWebDriver
Capabilities {javascriptEnabled: true, platform: ANY, platformName: ANY}
Session ID: 4cba786bf88613ee8a0544a4d9db771f)
[[ATTACHMENT|C:\\Katalon\\Arctick\\Reports\\Suites\\Admin Add Category\\20190515_083232\\1557882492295.png]]

2019-05-15 09:08:12 - [TEST_STEP][PASSED] - setText: Text '' is set on object 'Object Repository/ADMIN/Categories/Category/textfield_category_description'

2019-05-15 09:08:13 - [MESSAGE][PASSED] - Text '' is set on object 'Object Repository/ADMIN/Categories/Category/textfield_category_description'

2019-05-15 09:08:13 - [TEST_STEP][PASSED] - click: Object: 'Object Repository/ADMIN/Categories/Category/button_Save' is clicked on

2019-05-15 09:08:13 - [MESSAGE][PASSED] - Object: 'Object Repository/ADMIN/Categories/Category/button_Save' is clicked on

2019-05-15 09:08:13 - [TEST_STEP][PASSED] - waitForElementVisible: Object 'Object Repository/ADMIN/Categories/Category/label_edit popup' is visible

2019-05-15 09:08:14 - [MESSAGE][WARNING] - Timeout '0' is invalid. Using default page load timeout: '30'

2019-05-15 09:08:14 - [MESSAGE][PASSED] - Object 'Object Repository/ADMIN/Categories/Category/label_edit popup' is visible

2019-05-15 09:08:14 - [TEST_STEP][PASSED] - waitForElementNotPresent: Web element with id: 'Object Repository/ADMIN/Categories/Category/label_edit popup' located by 'By.xpath: //div[(text() = 'Category was successfully saved.' or . = 'Category was successfully saved.')]' is not present after '30' second(s)

2019-05-15 09:08:14 - [MESSAGE][WARNING] - Timeout '0' is invalid. Using default page load timeout: '30'

2019-05-15 09:08:19 - [MESSAGE][PASSED] - Web element with id: 'Object Repository/ADMIN/Categories/Category/label_edit popup' located by 'By.xpath: //div[(text() = 'Category was successfully saved.' or . = 'Category was successfully saved.')]' is not present after '30' second(s)]]></system-out>
         <system-err><![CDATA[2019-05-15 09:07:55 - [TEST_CASE][FAILED] - Test Cases/ADMIN/Content Mgmt/Categories/Category Add-Edit/Add Category: Test Cases/ADMIN/Content Mgmt/Categories/Category Add-Edit/Add Category FAILED because (of) Unable to wait for object 'Object Repository/ADMIN/Categories/Category/button_upload save' to be visible (Root cause: org.openqa.selenium.StaleElementReferenceException: stale element reference: element is not attached to the page document
  (Session info: chrome=74.0.3729.131)
  (Driver info: chromedriver=2.35.528161 (5b82f2d2aae0ca24b877009200ced9065a772e73),platform=Windows NT 6.1.7601 SP1 x86_64) (WARNING: The server did not provide any stacktrace information)
Command duration or timeout: 0 milliseconds
For documentation on this error, please visit: http://seleniumhq.org/exceptions/stale_element_reference.html
Build info: version: '3.7.1', revision: '8a0099a', time: '2017-11-06T21:07:36.161Z'
System info: host: 'ARCADIER-PC', ip: '10.10.31.95', os.name: 'Windows 7', os.arch: 'amd64', os.version: '6.1', java.version: '1.8.0_102'
Driver info: com.kms.katalon.core.webui.driver.ExistingRemoteWebDriver
Capabilities {javascriptEnabled: true, platform: ANY, platformName: ANY}
Session ID: 4cba786bf88613ee8a0544a4d9db771f)]]></system-err>
      </testcase>
      <testcase name="Test Cases/ADMIN/Content Mgmt/Categories/Category Add-Edit/Add Category" classname="Test Cases/ADMIN/Content Mgmt/Categories/Category Add-Edit/Add Category" status="FAILED">
         <failure type="FAILED" message="Unable to click on object 'Object Repository/ADMIN/Categories/Category List/button_Categories' (Root cause: org.openqa.selenium.ElementNotVisibleException: element not visible
  (Session info: chrome=74.0.3729.131)
  (Driver info: chromedriver=2.35.528161 (5b82f2d2aae0ca24b877009200ced9065a772e73),platform=Windows NT 6.1.7601 SP1 x86_64) (WARNING: The server did not provide any stacktrace information)
Command duration or timeout: 0 milliseconds
Build info: version: '3.7.1', revision: '8a0099a', time: '2017-11-06T21:07:36.161Z'
System info: host: 'ARCADIER-PC', ip: '10.10.31.95', os.name: 'Windows 7', os.arch: 'amd64', os.version: '6.1', java.version: '1.8.0_102'
Driver info: com.kms.katalon.core.webui.driver.ExistingRemoteWebDriver
Capabilities {javascriptEnabled: true, platform: ANY, platformName: ANY}
Session ID: 4cba786bf88613ee8a0544a4d9db771f)"/>
         <system-out><![CDATA[2019-05-15 09:08:19 - [TEST_CASE][FAILED] - Test Cases/ADMIN/Content Mgmt/Categories/Category Add-Edit/Add Category: Test Cases/ADMIN/Content Mgmt/Categories/Category Add-Edit/Add Category FAILED because (of) Unable to click on object 'Object Repository/ADMIN/Categories/Category List/button_Categories' (Root cause: org.openqa.selenium.ElementNotVisibleException: element not visible
  (Session info: chrome=74.0.3729.131)
  (Driver info: chromedriver=2.35.528161 (5b82f2d2aae0ca24b877009200ced9065a772e73),platform=Windows NT 6.1.7601 SP1 x86_64) (WARNING: The server did not provide any stacktrace information)
Command duration or timeout: 0 milliseconds
Build info: version: '3.7.1', revision: '8a0099a', time: '2017-11-06T21:07:36.161Z'
System info: host: 'ARCADIER-PC', ip: '10.10.31.95', os.name: 'Windows 7', os.arch: 'amd64', os.version: '6.1', java.version: '1.8.0_102'
Driver info: com.kms.katalon.core.webui.driver.ExistingRemoteWebDriver
Capabilities {javascriptEnabled: true, platform: ANY, platformName: ANY}
Session ID: 4cba786bf88613ee8a0544a4d9db771f)

2019-05-15 09:08:19 - [TEST_STEP][PASSED] - waitForElementVisible: Object 'Object Repository/ADMIN/Categories/Category List/button_Content Mgmt' is visible

2019-05-15 09:08:19 - [MESSAGE][WARNING] - Timeout '0' is invalid. Using default page load timeout: '30'

2019-05-15 09:08:19 - [MESSAGE][PASSED] - Object 'Object Repository/ADMIN/Categories/Category List/button_Content Mgmt' is visible

2019-05-15 09:08:20 - [TEST_STEP][PASSED] - click: Object: 'Object Repository/ADMIN/Categories/Category List/button_Content Mgmt' is clicked on

2019-05-15 09:08:20 - [MESSAGE][PASSED] - Object: 'Object Repository/ADMIN/Categories/Category List/button_Content Mgmt' is clicked on

2019-05-15 09:08:20 - [TEST_STEP][PASSED] - waitForElementVisible: Object 'Object Repository/ADMIN/Categories/Category List/button_Categories' is visible

2019-05-15 09:08:20 - [MESSAGE][WARNING] - Timeout '0' is invalid. Using default page load timeout: '30'

2019-05-15 09:08:20 - [MESSAGE][PASSED] - Object 'Object Repository/ADMIN/Categories/Category List/button_Categories' is visible

2019-05-15 09:08:20 - [TEST_STEP][FAILED] - click: Unable to click on object 'Object Repository/ADMIN/Categories/Category List/button_Categories' (Root cause: org.openqa.selenium.ElementNotVisibleException: element not visible
  (Session info: chrome=74.0.3729.131)
  (Driver info: chromedriver=2.35.528161 (5b82f2d2aae0ca24b877009200ced9065a772e73),platform=Windows NT 6.1.7601 SP1 x86_64) (WARNING: The server did not provide any stacktrace information)
Command duration or timeout: 0 milliseconds
Build info: version: '3.7.1', revision: '8a0099a', time: '2017-11-06T21:07:36.161Z'
System info: host: 'ARCADIER-PC', ip: '10.10.31.95', os.name: 'Windows 7', os.arch: 'amd64', os.version: '6.1', java.version: '1.8.0_102'
Driver info: com.kms.katalon.core.webui.driver.ExistingRemoteWebDriver
Capabilities {javascriptEnabled: true, platform: ANY, platformName: ANY}
Session ID: 4cba786bf88613ee8a0544a4d9db771f)

2019-05-15 09:08:20 - [MESSAGE][FAILED] - Unable to click on object 'Object Repository/ADMIN/Categories/Category List/button_Categories' (Root cause: org.openqa.selenium.ElementNotVisibleException: element not visible
  (Session info: chrome=74.0.3729.131)
  (Driver info: chromedriver=2.35.528161 (5b82f2d2aae0ca24b877009200ced9065a772e73),platform=Windows NT 6.1.7601 SP1 x86_64) (WARNING: The server did not provide any stacktrace information)
Command duration or timeout: 0 milliseconds
Build info: version: '3.7.1', revision: '8a0099a', time: '2017-11-06T21:07:36.161Z'
System info: host: 'ARCADIER-PC', ip: '10.10.31.95', os.name: 'Windows 7', os.arch: 'amd64', os.version: '6.1', java.version: '1.8.0_102'
Driver info: com.kms.katalon.core.webui.driver.ExistingRemoteWebDriver
Capabilities {javascriptEnabled: true, platform: ANY, platformName: ANY}
Session ID: 4cba786bf88613ee8a0544a4d9db771f)
[[ATTACHMENT|C:\\Katalon\\Arctick\\Reports\\Suites\\Admin Add Category\\20190515_083232\\1557882500508.png]]

2019-05-15 09:08:20 - [TEST_STEP][PASSED] - waitForPageLoad: Wait for page load successfully

2019-05-15 09:08:20 - [MESSAGE][WARNING] - Timeout '0' is invalid. Using default page load timeout: '30'

2019-05-15 09:08:20 - [MESSAGE][PASSED] - Wait for page load successfully

2019-05-15 09:08:20 - [TEST_STEP][PASSED] - click: Object: 'Object Repository/ADMIN/Categories/Category List/button_Add a Category' is clicked on

2019-05-15 09:08:21 - [MESSAGE][PASSED] - Object: 'Object Repository/ADMIN/Categories/Category List/button_Add a Category' is clicked on

2019-05-15 09:08:21 - [TEST_STEP][PASSED] - waitForElementPresent: Object 'Object Repository/ADMIN/Categories/Category/dropdown_Parent' is present

2019-05-15 09:08:21 - [MESSAGE][PASSED] - Object 'Object Repository/ADMIN/Categories/Category/dropdown_Parent' is present

2019-05-15 09:08:21 - [TEST_STEP][PASSED] - delay: Delayed 1 second(s)

2019-05-15 09:08:22 - [MESSAGE][PASSED] - Delayed 1 second(s)

2019-05-15 09:08:22 - [TEST_STEP][PASSED] - setText: Text 'Category 7' is set on object 'Object Repository/ADMIN/Categories/Category/textfield_Category Name'

2019-05-15 09:08:23 - [MESSAGE][PASSED] - Text 'Category 7' is set on object 'Object Repository/ADMIN/Categories/Category/textfield_Category Name'

2019-05-15 09:08:23 - [TEST_STEP][PASSED] - click: Object: 'Object Repository/ADMIN/Categories/Category/dropdown_Parent' is clicked on

2019-05-15 09:08:23 - [MESSAGE][PASSED] - Object: 'Object Repository/ADMIN/Categories/Category/dropdown_Parent' is clicked on

2019-05-15 09:08:23 - [TEST_STEP][PASSED] - delay: Delayed 2 second(s)

2019-05-15 09:08:25 - [MESSAGE][PASSED] - Delayed 2 second(s)

2019-05-15 09:08:25 - [TEST_STEP][PASSED] - click: Object: 'Object Repository/ADMIN/Categories/Category/dropdown_Parent' is clicked on

2019-05-15 09:08:25 - [MESSAGE][PASSED] - Object: 'Object Repository/ADMIN/Categories/Category/dropdown_Parent' is clicked on

2019-05-15 09:08:25 - [TEST_STEP][FAILED] - selectOptionByLabel: Unable to select option by label '-' of object 'Object Repository/ADMIN/Categories/Category/dropdown_Parent'  (Root cause: org.openqa.selenium.NoSuchElementException: Cannot locate element with text: -
For documentation on this error, please visit: http://seleniumhq.org/exceptions/no_such_element.html
Build info: version: '3.7.1', revision: '8a0099a', time: '2017-11-06T21:07:36.161Z'
System info: host: 'ARCADIER-PC', ip: '10.10.31.95', os.name: 'Windows 7', os.arch: 'amd64', os.version: '6.1', java.version: '1.8.0_102'
Driver info: driver.version: unknown)

2019-05-15 09:08:26 - [MESSAGE][FAILED] - Unable to select option by label '-' of object 'Object Repository/ADMIN/Categories/Category/dropdown_Parent'  (Root cause: org.openqa.selenium.NoSuchElementException: Cannot locate element with text: -
For documentation on this error, please visit: http://seleniumhq.org/exceptions/no_such_element.html
Build info: version: '3.7.1', revision: '8a0099a', time: '2017-11-06T21:07:36.161Z'
System info: host: 'ARCADIER-PC', ip: '10.10.31.95', os.name: 'Windows 7', os.arch: 'amd64', os.version: '6.1', java.version: '1.8.0_102'
Driver info: driver.version: unknown)
[[ATTACHMENT|C:\\Katalon\\Arctick\\Reports\\Suites\\Admin Add Category\\20190515_083232\\1557882505849.png]]

2019-05-15 09:08:26 - [TEST_STEP][PASSED] - click: Object: 'Object Repository/ADMIN/Categories/Category/button_Browse' is clicked on

2019-05-15 09:08:26 - [MESSAGE][PASSED] - Object: 'Object Repository/ADMIN/Categories/Category/button_Browse' is clicked on

2019-05-15 09:08:26 - [TEST_STEP][PASSED] - delay: Delayed 1 second(s)

2019-05-15 09:08:27 - [MESSAGE][PASSED] - Delayed 1 second(s)

2019-05-15 09:08:27 - [TEST_STEP][PASSED] - uploadFile: File 'C:\\Katalon\\Image\\pic8.jpg' sent to object: 'Object Repository/ADMIN/Categories/Category/image_input image'

2019-05-15 09:08:27 - [MESSAGE][PASSED] - File 'C:\\Katalon\\Image\\pic8.jpg' sent to object: 'Object Repository/ADMIN/Categories/Category/image_input image'

2019-05-15 09:08:27 - [TEST_STEP][PASSED] - waitForElementVisible: Object 'Object Repository/ADMIN/Categories/Category/button_upload check' is visible

2019-05-15 09:08:27 - [MESSAGE][WARNING] - Timeout '0' is invalid. Using default page load timeout: '30'

2019-05-15 09:08:27 - [MESSAGE][PASSED] - Object 'Object Repository/ADMIN/Categories/Category/button_upload check' is visible

2019-05-15 09:08:27 - [TEST_STEP][PASSED] - click: Object: 'Object Repository/ADMIN/Categories/Category/button_upload check' is clicked on

2019-05-15 09:08:27 - [MESSAGE][PASSED] - Object: 'Object Repository/ADMIN/Categories/Category/button_upload check' is clicked on

2019-05-15 09:08:27 - [TEST_STEP][PASSED] - click: Object: 'Object Repository/ADMIN/Categories/Category/button_upload save' is clicked on

2019-05-15 09:08:27 - [MESSAGE][PASSED] - Object: 'Object Repository/ADMIN/Categories/Category/button_upload save' is clicked on

2019-05-15 09:08:27 - [TEST_STEP][PASSED] - waitForElementVisible: Web element with id: 'Object Repository/ADMIN/Categories/Category/button_upload save' located by 'By.xpath: //a[@class = 'btn btn-warning download' and (text() = ' Add Photo' or . = ' Add Photo')]' not found

2019-05-15 09:08:27 - [MESSAGE][WARNING] - Timeout '0' is invalid. Using default page load timeout: '30'

2019-05-15 09:09:00 - [MESSAGE][WARNING] - Web element with id: 'Object Repository/ADMIN/Categories/Category/button_upload save' located by 'By.xpath: //a[@class = 'btn btn-warning download' and (text() = ' Add Photo' or . = ' Add Photo')]' not found

2019-05-15 09:09:00 - [TEST_STEP][PASSED] - setText: Text '' is set on object 'Object Repository/ADMIN/Categories/Category/textfield_category_description'

2019-05-15 09:09:00 - [MESSAGE][PASSED] - Text '' is set on object 'Object Repository/ADMIN/Categories/Category/textfield_category_description'

2019-05-15 09:09:00 - [TEST_STEP][PASSED] - click: Object: 'Object Repository/ADMIN/Categories/Category/button_Save' is clicked on

2019-05-15 09:09:00 - [MESSAGE][PASSED] - Object: 'Object Repository/ADMIN/Categories/Category/button_Save' is clicked on

2019-05-15 09:09:00 - [TEST_STEP][PASSED] - waitForElementVisible: Object 'Object Repository/ADMIN/Categories/Category/label_edit popup' is visible

2019-05-15 09:09:00 - [MESSAGE][WARNING] - Timeout '0' is invalid. Using default page load timeout: '30'

2019-05-15 09:09:08 - [MESSAGE][PASSED] - Object 'Object Repository/ADMIN/Categories/Category/label_edit popup' is visible

2019-05-15 09:09:08 - [TEST_STEP][PASSED] - waitForElementNotPresent: Web element with id: 'Object Repository/ADMIN/Categories/Category/label_edit popup' located by 'By.xpath: //div[(text() = 'Category was successfully saved.' or . = 'Category was successfully saved.')]' is not present after '30' second(s)

2019-05-15 09:09:08 - [MESSAGE][WARNING] - Timeout '0' is invalid. Using default page load timeout: '30'

2019-05-15 09:09:15 - [MESSAGE][PASSED] - Web element with id: 'Object Repository/ADMIN/Categories/Category/label_edit popup' located by 'By.xpath: //div[(text() = 'Category was successfully saved.' or . = 'Category was successfully saved.')]' is not present after '30' second(s)]]></system-out>
         <system-err><![CDATA[2019-05-15 09:08:19 - [TEST_CASE][FAILED] - Test Cases/ADMIN/Content Mgmt/Categories/Category Add-Edit/Add Category: Test Cases/ADMIN/Content Mgmt/Categories/Category Add-Edit/Add Category FAILED because (of) Unable to click on object 'Object Repository/ADMIN/Categories/Category List/button_Categories' (Root cause: org.openqa.selenium.ElementNotVisibleException: element not visible
  (Session info: chrome=74.0.3729.131)
  (Driver info: chromedriver=2.35.528161 (5b82f2d2aae0ca24b877009200ced9065a772e73),platform=Windows NT 6.1.7601 SP1 x86_64) (WARNING: The server did not provide any stacktrace information)
Command duration or timeout: 0 milliseconds
Build info: version: '3.7.1', revision: '8a0099a', time: '2017-11-06T21:07:36.161Z'
System info: host: 'ARCADIER-PC', ip: '10.10.31.95', os.name: 'Windows 7', os.arch: 'amd64', os.version: '6.1', java.version: '1.8.0_102'
Driver info: com.kms.katalon.core.webui.driver.ExistingRemoteWebDriver
Capabilities {javascriptEnabled: true, platform: ANY, platformName: ANY}
Session ID: 4cba786bf88613ee8a0544a4d9db771f)]]></system-err>
      </testcase>
      <testcase name="Test Cases/ADMIN/Content Mgmt/Categories/Category Add-Edit/Add Category" classname="Test Cases/ADMIN/Content Mgmt/Categories/Category Add-Edit/Add Category" status="FAILED">
         <failure type="FAILED" message="Unable to click on object 'Object Repository/ADMIN/Categories/Category List/button_Categories' (Root cause: org.openqa.selenium.ElementNotVisibleException: element not visible
  (Session info: chrome=74.0.3729.131)
  (Driver info: chromedriver=2.35.528161 (5b82f2d2aae0ca24b877009200ced9065a772e73),platform=Windows NT 6.1.7601 SP1 x86_64) (WARNING: The server did not provide any stacktrace information)
Command duration or timeout: 0 milliseconds
Build info: version: '3.7.1', revision: '8a0099a', time: '2017-11-06T21:07:36.161Z'
System info: host: 'ARCADIER-PC', ip: '10.10.31.95', os.name: 'Windows 7', os.arch: 'amd64', os.version: '6.1', java.version: '1.8.0_102'
Driver info: com.kms.katalon.core.webui.driver.ExistingRemoteWebDriver
Capabilities {javascriptEnabled: true, platform: ANY, platformName: ANY}
Session ID: 4cba786bf88613ee8a0544a4d9db771f)"/>
         <system-out><![CDATA[2019-05-15 09:09:15 - [TEST_CASE][FAILED] - Test Cases/ADMIN/Content Mgmt/Categories/Category Add-Edit/Add Category: Test Cases/ADMIN/Content Mgmt/Categories/Category Add-Edit/Add Category FAILED because (of) Unable to click on object 'Object Repository/ADMIN/Categories/Category List/button_Categories' (Root cause: org.openqa.selenium.ElementNotVisibleException: element not visible
  (Session info: chrome=74.0.3729.131)
  (Driver info: chromedriver=2.35.528161 (5b82f2d2aae0ca24b877009200ced9065a772e73),platform=Windows NT 6.1.7601 SP1 x86_64) (WARNING: The server did not provide any stacktrace information)
Command duration or timeout: 0 milliseconds
Build info: version: '3.7.1', revision: '8a0099a', time: '2017-11-06T21:07:36.161Z'
System info: host: 'ARCADIER-PC', ip: '10.10.31.95', os.name: 'Windows 7', os.arch: 'amd64', os.version: '6.1', java.version: '1.8.0_102'
Driver info: com.kms.katalon.core.webui.driver.ExistingRemoteWebDriver
Capabilities {javascriptEnabled: true, platform: ANY, platformName: ANY}
Session ID: 4cba786bf88613ee8a0544a4d9db771f)

2019-05-15 09:09:15 - [TEST_STEP][PASSED] - waitForElementVisible: Object 'Object Repository/ADMIN/Categories/Category List/button_Content Mgmt' is visible

2019-05-15 09:09:15 - [MESSAGE][WARNING] - Timeout '0' is invalid. Using default page load timeout: '30'

2019-05-15 09:09:15 - [MESSAGE][PASSED] - Object 'Object Repository/ADMIN/Categories/Category List/button_Content Mgmt' is visible

2019-05-15 09:09:15 - [TEST_STEP][PASSED] - click: Object: 'Object Repository/ADMIN/Categories/Category List/button_Content Mgmt' is clicked on

2019-05-15 09:09:15 - [MESSAGE][PASSED] - Object: 'Object Repository/ADMIN/Categories/Category List/button_Content Mgmt' is clicked on

2019-05-15 09:09:15 - [TEST_STEP][PASSED] - waitForElementVisible: Object 'Object Repository/ADMIN/Categories/Category List/button_Categories' is visible

2019-05-15 09:09:15 - [MESSAGE][WARNING] - Timeout '0' is invalid. Using default page load timeout: '30'

2019-05-15 09:09:15 - [MESSAGE][PASSED] - Object 'Object Repository/ADMIN/Categories/Category List/button_Categories' is visible

2019-05-15 09:09:15 - [TEST_STEP][FAILED] - click: Unable to click on object 'Object Repository/ADMIN/Categories/Category List/button_Categories' (Root cause: org.openqa.selenium.ElementNotVisibleException: element not visible
  (Session info: chrome=74.0.3729.131)
  (Driver info: chromedriver=2.35.528161 (5b82f2d2aae0ca24b877009200ced9065a772e73),platform=Windows NT 6.1.7601 SP1 x86_64) (WARNING: The server did not provide any stacktrace information)
Command duration or timeout: 0 milliseconds
Build info: version: '3.7.1', revision: '8a0099a', time: '2017-11-06T21:07:36.161Z'
System info: host: 'ARCADIER-PC', ip: '10.10.31.95', os.name: 'Windows 7', os.arch: 'amd64', os.version: '6.1', java.version: '1.8.0_102'
Driver info: com.kms.katalon.core.webui.driver.ExistingRemoteWebDriver
Capabilities {javascriptEnabled: true, platform: ANY, platformName: ANY}
Session ID: 4cba786bf88613ee8a0544a4d9db771f)

2019-05-15 09:09:16 - [MESSAGE][FAILED] - Unable to click on object 'Object Repository/ADMIN/Categories/Category List/button_Categories' (Root cause: org.openqa.selenium.ElementNotVisibleException: element not visible
  (Session info: chrome=74.0.3729.131)
  (Driver info: chromedriver=2.35.528161 (5b82f2d2aae0ca24b877009200ced9065a772e73),platform=Windows NT 6.1.7601 SP1 x86_64) (WARNING: The server did not provide any stacktrace information)
Command duration or timeout: 0 milliseconds
Build info: version: '3.7.1', revision: '8a0099a', time: '2017-11-06T21:07:36.161Z'
System info: host: 'ARCADIER-PC', ip: '10.10.31.95', os.name: 'Windows 7', os.arch: 'amd64', os.version: '6.1', java.version: '1.8.0_102'
Driver info: com.kms.katalon.core.webui.driver.ExistingRemoteWebDriver
Capabilities {javascriptEnabled: true, platform: ANY, platformName: ANY}
Session ID: 4cba786bf88613ee8a0544a4d9db771f)
[[ATTACHMENT|C:\\Katalon\\Arctick\\Reports\\Suites\\Admin Add Category\\20190515_083232\\1557882555810.png]]

2019-05-15 09:09:16 - [TEST_STEP][PASSED] - waitForPageLoad: Wait for page load successfully

2019-05-15 09:09:16 - [MESSAGE][WARNING] - Timeout '0' is invalid. Using default page load timeout: '30'

2019-05-15 09:09:16 - [MESSAGE][PASSED] - Wait for page load successfully

2019-05-15 09:09:16 - [TEST_STEP][PASSED] - click: Object: 'Object Repository/ADMIN/Categories/Category List/button_Add a Category' is clicked on

2019-05-15 09:09:16 - [MESSAGE][PASSED] - Object: 'Object Repository/ADMIN/Categories/Category List/button_Add a Category' is clicked on

2019-05-15 09:09:16 - [TEST_STEP][PASSED] - waitForElementPresent: Object 'Object Repository/ADMIN/Categories/Category/dropdown_Parent' is present

2019-05-15 09:09:16 - [MESSAGE][PASSED] - Object 'Object Repository/ADMIN/Categories/Category/dropdown_Parent' is present

2019-05-15 09:09:16 - [TEST_STEP][PASSED] - delay: Delayed 1 second(s)

2019-05-15 09:09:17 - [MESSAGE][PASSED] - Delayed 1 second(s)

2019-05-15 09:09:17 - [TEST_STEP][PASSED] - setText: Text 'Category 8' is set on object 'Object Repository/ADMIN/Categories/Category/textfield_Category Name'

2019-05-15 09:09:18 - [MESSAGE][PASSED] - Text 'Category 8' is set on object 'Object Repository/ADMIN/Categories/Category/textfield_Category Name'

2019-05-15 09:09:18 - [TEST_STEP][PASSED] - click: Object: 'Object Repository/ADMIN/Categories/Category/dropdown_Parent' is clicked on

2019-05-15 09:09:18 - [MESSAGE][PASSED] - Object: 'Object Repository/ADMIN/Categories/Category/dropdown_Parent' is clicked on

2019-05-15 09:09:18 - [TEST_STEP][PASSED] - delay: Delayed 2 second(s)

2019-05-15 09:09:20 - [MESSAGE][PASSED] - Delayed 2 second(s)

2019-05-15 09:09:20 - [TEST_STEP][PASSED] - click: Object: 'Object Repository/ADMIN/Categories/Category/dropdown_Parent' is clicked on

2019-05-15 09:09:20 - [MESSAGE][PASSED] - Object: 'Object Repository/ADMIN/Categories/Category/dropdown_Parent' is clicked on

2019-05-15 09:09:20 - [TEST_STEP][PASSED] - selectOptionByLabel: All options with label '-' are selected in object 'Object Repository/ADMIN/Categories/Category/dropdown_Parent' 

2019-05-15 09:09:21 - [MESSAGE][PASSED] - All options with label '-' are selected in object 'Object Repository/ADMIN/Categories/Category/dropdown_Parent' 

2019-05-15 09:09:21 - [TEST_STEP][PASSED] - click: Object: 'Object Repository/ADMIN/Categories/Category/button_Browse' is clicked on

2019-05-15 09:09:21 - [MESSAGE][PASSED] - Object: 'Object Repository/ADMIN/Categories/Category/button_Browse' is clicked on

2019-05-15 09:09:21 - [TEST_STEP][PASSED] - delay: Delayed 1 second(s)

2019-05-15 09:09:22 - [MESSAGE][PASSED] - Delayed 1 second(s)

2019-05-15 09:09:22 - [TEST_STEP][PASSED] - uploadFile: File 'C:\\Katalon\\Image\\pic9.jpg' sent to object: 'Object Repository/ADMIN/Categories/Category/image_input image'

2019-05-15 09:09:22 - [MESSAGE][PASSED] - File 'C:\\Katalon\\Image\\pic9.jpg' sent to object: 'Object Repository/ADMIN/Categories/Category/image_input image'

2019-05-15 09:09:22 - [TEST_STEP][PASSED] - waitForElementVisible: Object 'Object Repository/ADMIN/Categories/Category/button_upload check' is visible

2019-05-15 09:09:22 - [MESSAGE][WARNING] - Timeout '0' is invalid. Using default page load timeout: '30'

2019-05-15 09:09:22 - [MESSAGE][PASSED] - Object 'Object Repository/ADMIN/Categories/Category/button_upload check' is visible

2019-05-15 09:09:22 - [TEST_STEP][PASSED] - click: Object: 'Object Repository/ADMIN/Categories/Category/button_upload check' is clicked on

2019-05-15 09:09:22 - [MESSAGE][PASSED] - Object: 'Object Repository/ADMIN/Categories/Category/button_upload check' is clicked on

2019-05-15 09:09:22 - [TEST_STEP][PASSED] - click: Object: 'Object Repository/ADMIN/Categories/Category/button_upload save' is clicked on

2019-05-15 09:09:24 - [MESSAGE][PASSED] - Object: 'Object Repository/ADMIN/Categories/Category/button_upload save' is clicked on

2019-05-15 09:09:24 - [TEST_STEP][PASSED] - waitForElementVisible: Object 'Object Repository/ADMIN/Categories/Category/button_upload save' is visible

2019-05-15 09:09:24 - [MESSAGE][WARNING] - Timeout '0' is invalid. Using default page load timeout: '30'

2019-05-15 09:09:24 - [MESSAGE][PASSED] - Object 'Object Repository/ADMIN/Categories/Category/button_upload save' is visible

2019-05-15 09:09:24 - [TEST_STEP][PASSED] - setText: Text '' is set on object 'Object Repository/ADMIN/Categories/Category/textfield_category_description'

2019-05-15 09:09:25 - [MESSAGE][PASSED] - Text '' is set on object 'Object Repository/ADMIN/Categories/Category/textfield_category_description'

2019-05-15 09:09:25 - [TEST_STEP][PASSED] - click: Object: 'Object Repository/ADMIN/Categories/Category/button_Save' is clicked on

2019-05-15 09:09:27 - [MESSAGE][PASSED] - Object: 'Object Repository/ADMIN/Categories/Category/button_Save' is clicked on

2019-05-15 09:09:27 - [TEST_STEP][PASSED] - waitForElementVisible: Object 'Object Repository/ADMIN/Categories/Category/label_edit popup' is visible

2019-05-15 09:09:27 - [MESSAGE][WARNING] - Timeout '0' is invalid. Using default page load timeout: '30'

2019-05-15 09:09:37 - [MESSAGE][PASSED] - Object 'Object Repository/ADMIN/Categories/Category/label_edit popup' is visible

2019-05-15 09:09:37 - [TEST_STEP][PASSED] - waitForElementNotPresent: Web element with id: 'Object Repository/ADMIN/Categories/Category/label_edit popup' located by 'By.xpath: //div[(text() = 'Category was successfully saved.' or . = 'Category was successfully saved.')]' is not present after '30' second(s)

2019-05-15 09:09:37 - [MESSAGE][WARNING] - Timeout '0' is invalid. Using default page load timeout: '30'

2019-05-15 09:09:43 - [MESSAGE][PASSED] - Web element with id: 'Object Repository/ADMIN/Categories/Category/label_edit popup' located by 'By.xpath: //div[(text() = 'Category was successfully saved.' or . = 'Category was successfully saved.')]' is not present after '30' second(s)]]></system-out>
         <system-err><![CDATA[2019-05-15 09:09:15 - [TEST_CASE][FAILED] - Test Cases/ADMIN/Content Mgmt/Categories/Category Add-Edit/Add Category: Test Cases/ADMIN/Content Mgmt/Categories/Category Add-Edit/Add Category FAILED because (of) Unable to click on object 'Object Repository/ADMIN/Categories/Category List/button_Categories' (Root cause: org.openqa.selenium.ElementNotVisibleException: element not visible
  (Session info: chrome=74.0.3729.131)
  (Driver info: chromedriver=2.35.528161 (5b82f2d2aae0ca24b877009200ced9065a772e73),platform=Windows NT 6.1.7601 SP1 x86_64) (WARNING: The server did not provide any stacktrace information)
Command duration or timeout: 0 milliseconds
Build info: version: '3.7.1', revision: '8a0099a', time: '2017-11-06T21:07:36.161Z'
System info: host: 'ARCADIER-PC', ip: '10.10.31.95', os.name: 'Windows 7', os.arch: 'amd64', os.version: '6.1', java.version: '1.8.0_102'
Driver info: com.kms.katalon.core.webui.driver.ExistingRemoteWebDriver
Capabilities {javascriptEnabled: true, platform: ANY, platformName: ANY}
Session ID: 4cba786bf88613ee8a0544a4d9db771f)]]></system-err>
      </testcase>
      <testcase name="Test Cases/Utilities/ADMIN/Admin Logout" classname="Test Cases/Utilities/ADMIN/Admin Logout" status="PASSED">
         <system-out><![CDATA[2019-05-15 09:09:43 - [TEST_CASE][PASSED] - Test Cases/Utilities/ADMIN/Admin Logout: Test Cases/Utilities/ADMIN/Admin Logout

2019-05-15 09:09:44 - [TEST_STEP][PASSED] - waitForElementVisible: Object 'Object Repository/Utilities/Admin Logout/button_Logout' is visible

2019-05-15 09:09:44 - [MESSAGE][WARNING] - Timeout '0' is invalid. Using default page load timeout: '30'

2019-05-15 09:09:44 - [MESSAGE][PASSED] - Object 'Object Repository/Utilities/Admin Logout/button_Logout' is visible

2019-05-15 09:09:44 - [TEST_STEP][PASSED] - click: Object: 'Object Repository/Utilities/Admin Logout/button_Logout' is clicked on

2019-05-15 09:09:44 - [MESSAGE][PASSED] - Object: 'Object Repository/Utilities/Admin Logout/button_Logout' is clicked on]]></system-out>
         <system-err><![CDATA[]]></system-err>
      </testcase>
      <system-out><![CDATA[2019-05-15 08:32:34 - [TEST_SUITE][FAILED] - Admin Add Category: Test Cases/ADMIN/Content Mgmt/Categories/Category Add-Edit/Add Category FAILED because (of) Unable to select option by label 'Category 1.2' of object 'Object Repository/ADMIN/Categories/Category/dropdown_Parent'  (Root cause: org.openqa.selenium.NoSuchElementException: Cannot locate element with text: Category 1.2
For documentation on this error, please visit: http://seleniumhq.org/exceptions/no_such_element.html
Build info: version: '3.7.1', revision: '8a0099a', time: '2017-11-06T21:07:36.161Z'
System info: host: 'ARCADIER-PC', ip: '10.10.31.95', os.name: 'Windows 7', os.arch: 'amd64', os.version: '6.1', java.version: '1.8.0_102'
Driver info: driver.version: unknown)]]></system-out>
      <system-err><![CDATA[2019-05-15 08:32:34 - [TEST_SUITE][FAILED] - Admin Add Category: Test Cases/ADMIN/Content Mgmt/Categories/Category Add-Edit/Add Category FAILED because (of) Unable to select option by label 'Category 1.2' of object 'Object Repository/ADMIN/Categories/Category/dropdown_Parent'  (Root cause: org.openqa.selenium.NoSuchElementException: Cannot locate element with text: Category 1.2
For documentation on this error, please visit: http://seleniumhq.org/exceptions/no_such_element.html
Build info: version: '3.7.1', revision: '8a0099a', time: '2017-11-06T21:07:36.161Z'
System info: host: 'ARCADIER-PC', ip: '10.10.31.95', os.name: 'Windows 7', os.arch: 'amd64', os.version: '6.1', java.version: '1.8.0_102'
Driver info: driver.version: unknown)]]></system-err>
   </testsuite>
</testsuites>
