<?xml version="1.0" encoding="UTF-8"?>
<testsuites name="Admin Onboarding Data Driven" time="333.464" tests="9" failures="0" errors="0">
   <testsuite name="Admin Onboarding Data Driven" tests="9" failures="0" errors="0" time="333.464" timestamp="2020-01-16 14:21:57" hostname="Arcadier - Arcadier-PC" id="Test Suites/Admin/Admin Onboarding Data Driven">
      <properties>
         <property name="deviceName" value=""/>
         <property name="devicePlatform" value=""/>
         <property name="logFolder" value="C:\\Katalon\\Arctick\\Reports\\20200116_142154\\Admin\\Admin Onboarding Data Driven\\20200116_142154"/>
         <property name="logFiles" value="C:\\Katalon\\Arctick\\Reports\\20200116_142154\\Admin\\Admin Onboarding Data Driven\\20200116_142154\\execution0.log"/>
         <property name="attachments" value=""/>
         <property name="hostName" value="Arcadier - Arcadier-PC"/>
         <property name="os" value="Windows 7 64bit"/>
         <property name="katalonVersion" value="7.2.1.1"/>
         <property name="browser" value="Chrome 79.0.3945.117"/>
         <property name="hostAddress" value="10.10.39.148"/>
         <property name="sessionId" value="60f55d4cedd8b3b03413e1370a19e1f7"/>
         <property name="seleniumVersion" value="3.141.59"/>
         <property name="proxyInformation" value="ProxyInformation{proxyOption=NO_PROXY, proxyServerType=HTTP, password=, proxyServerAddress=, proxyServerPort=0, executionList=}"/>
         <property name="platform" value="Windows 7"/>
      </properties>
      <testcase name="Test Cases/ADMIN/Onboarding/Complete Onboarding" time="57.639" classname="Test Cases/ADMIN/Onboarding/Complete Onboarding" status="PASSED">
         <system-out><![CDATA[2020-01-16 14:21:58 - [TEST_CASE][PASSED] - Test Cases/ADMIN/Onboarding/Complete Onboarding: Test Cases/ADMIN/Onboarding/Complete Onboarding

2020-01-16 14:22:01 - [TEST_STEP][PASSED] - comment("Create Account"): Create Account

2020-01-16 14:22:01 - [MESSAGE][INFO] - Create Account

2020-01-16 14:22:01 - [TEST_STEP][PASSED] - openBrowser(""): Browser is opened with url: ''

2020-01-16 14:22:01 - [MESSAGE][INFO] - Starting 'Chrome' driver

2020-01-16 14:22:01 - [MESSAGE][INFO] - User set preference: ['args', '[--incognito]']

2020-01-16 14:22:01 - [MESSAGE][INFO] - Action delay is set to 0 seconds

2020-01-16 14:22:04 - [MESSAGE][PASSED] - Browser is opened with url: ''

2020-01-16 14:22:04 - [TEST_STEP][PASSED] - if (varServer == "Test"): null

2020-01-16 14:22:04 - [TEST_STEP][PASSED] - else if (varServer == "Staging"): Navigate to 'https://www.staging.arcadier.io' successfully

2020-01-16 14:22:04 - [TEST_STEP][PASSED] - navigateToUrl("https://www.staging.arcadier.io"): Navigate to 'https://www.staging.arcadier.io' successfully

2020-01-16 14:22:09 - [MESSAGE][PASSED] - Navigate to 'https://www.staging.arcadier.io' successfully

2020-01-16 14:22:09 - [TEST_STEP][PASSED] - maximizeWindow(): Current window maximized

2020-01-16 14:22:10 - [MESSAGE][PASSED] - Current window maximized

2020-01-16 14:22:10 - [TEST_STEP][PASSED] - if (varAccountType == "custom"): Object: 'Object Repository/ADMIN/Admin Onboarding Page/Admin Onboarding CustomAcc/Button_Sign_Up' is clicked on

2020-01-16 14:22:10 - [TEST_STEP][PASSED] - click(findTestObject("ADMIN/Admin Onboarding Page/Create_Account_Page/Button_Create_Account")): Object: 'Object Repository/ADMIN/Admin Onboarding Page/Create_Account_Page/Button_Create_Account' is clicked on

2020-01-16 14:22:10 - [MESSAGE][PASSED] - Object: 'Object Repository/ADMIN/Admin Onboarding Page/Create_Account_Page/Button_Create_Account' is clicked on

2020-01-16 14:22:10 - [TEST_STEP][PASSED] - verifyElementPresent(findTestObject("ADMIN/Admin Onboarding Page/Admin Onboarding CustomAcc/Textbox_Username"), 0): Object 'Object Repository/ADMIN/Admin Onboarding Page/Admin Onboarding CustomAcc/Textbox_Username' is present

2020-01-16 14:22:10 - [MESSAGE][WARNING] - Timeout '0' is invalid. Using default page load timeout: '30'

2020-01-16 14:22:11 - [MESSAGE][PASSED] - Object 'Object Repository/ADMIN/Admin Onboarding Page/Admin Onboarding CustomAcc/Textbox_Username' is present

2020-01-16 14:22:11 - [TEST_STEP][PASSED] - setText(findTestObject("ADMIN/Admin Onboarding Page/Admin Onboarding CustomAcc/Textbox_Username"), varUsername): Text '0116space1' is set on object 'Object Repository/ADMIN/Admin Onboarding Page/Admin Onboarding CustomAcc/Textbox_Username'

2020-01-16 14:22:11 - [MESSAGE][PASSED] - Text '0116space1' is set on object 'Object Repository/ADMIN/Admin Onboarding Page/Admin Onboarding CustomAcc/Textbox_Username'

2020-01-16 14:22:11 - [TEST_STEP][PASSED] - setText(findTestObject("ADMIN/Admin Onboarding Page/Admin Onboarding CustomAcc/Textbox_Password"), "welcome8"): Text 'welcome8' is set on object 'Object Repository/ADMIN/Admin Onboarding Page/Admin Onboarding CustomAcc/Textbox_Password'

2020-01-16 14:22:11 - [MESSAGE][PASSED] - Text 'welcome8' is set on object 'Object Repository/ADMIN/Admin Onboarding Page/Admin Onboarding CustomAcc/Textbox_Password'

2020-01-16 14:22:11 - [TEST_STEP][PASSED] - setText(findTestObject("ADMIN/Admin Onboarding Page/Admin Onboarding CustomAcc/Textbox_Reconfirm_Password"), "welcome8"): Text 'welcome8' is set on object 'Object Repository/ADMIN/Admin Onboarding Page/Admin Onboarding CustomAcc/Textbox_Reconfirm_Password'

2020-01-16 14:22:11 - [MESSAGE][PASSED] - Text 'welcome8' is set on object 'Object Repository/ADMIN/Admin Onboarding Page/Admin Onboarding CustomAcc/Textbox_Reconfirm_Password'

2020-01-16 14:22:11 - [TEST_STEP][PASSED] - click(findTestObject("ADMIN/Admin Onboarding Page/Admin Onboarding CustomAcc/Button_Sign_Up")): Object: 'Object Repository/ADMIN/Admin Onboarding Page/Admin Onboarding CustomAcc/Button_Sign_Up' is clicked on

2020-01-16 14:22:15 - [MESSAGE][PASSED] - Object: 'Object Repository/ADMIN/Admin Onboarding Page/Admin Onboarding CustomAcc/Button_Sign_Up' is clicked on

2020-01-16 14:22:15 - [TEST_STEP][PASSED] - comment("Step 1"): Step 1

2020-01-16 14:22:15 - [MESSAGE][INFO] - Step 1

2020-01-16 14:22:15 - [TEST_STEP][PASSED] - selectOptionByLabel(findTestObject("ADMIN/Admin Onboarding Page/Admin_Onboarding_Step1/1stDropdown_Please select one...Im"), "I’m managing them offline", false): All options with label 'I’m managing them offline' are selected in object 'Object Repository/ADMIN/Admin Onboarding Page/Admin_Onboarding_Step1/1stDropdown_Please select one...Im' 

2020-01-16 14:22:16 - [MESSAGE][PASSED] - All options with label 'I’m managing them offline' are selected in object 'Object Repository/ADMIN/Admin Onboarding Page/Admin_Onboarding_Step1/1stDropdown_Please select one...Im' 

2020-01-16 14:22:16 - [TEST_STEP][PASSED] - selectOptionByLabel(findTestObject("ADMIN/Admin Onboarding Page/Admin_Onboarding_Step1/2ndDropdown_Please select one...Don"), "Something else!", false): All options with label 'Something else!' are selected in object 'Object Repository/ADMIN/Admin Onboarding Page/Admin_Onboarding_Step1/2ndDropdown_Please select one...Don' 

2020-01-16 14:22:16 - [MESSAGE][PASSED] - All options with label 'Something else!' are selected in object 'Object Repository/ADMIN/Admin Onboarding Page/Admin_Onboarding_Step1/2ndDropdown_Please select one...Don' 

2020-01-16 14:22:16 - [TEST_STEP][PASSED] - setText(findTestObject("ADMIN/Admin Onboarding Page/Admin_Onboarding_Step1/2nddropdown_textbox_OtherMarketplaceType"), "Marketplace"): Text 'Marketplace' is set on object 'Object Repository/ADMIN/Admin Onboarding Page/Admin_Onboarding_Step1/2nddropdown_textbox_OtherMarketplaceType'

2020-01-16 14:22:17 - [MESSAGE][PASSED] - Text 'Marketplace' is set on object 'Object Repository/ADMIN/Admin Onboarding Page/Admin_Onboarding_Step1/2nddropdown_textbox_OtherMarketplaceType'

2020-01-16 14:22:17 - [TEST_STEP][PASSED] - selectOptionByLabel(findTestObject("ADMIN/Admin Onboarding Page/Admin_Onboarding_Step1/3rdDropdown_Im an individualIm work"), "Someone else!", false): All options with label 'Someone else!' are selected in object 'Object Repository/ADMIN/Admin Onboarding Page/Admin_Onboarding_Step1/3rdDropdown_Im an individualIm work' 

2020-01-16 14:22:17 - [MESSAGE][PASSED] - All options with label 'Someone else!' are selected in object 'Object Repository/ADMIN/Admin Onboarding Page/Admin_Onboarding_Step1/3rdDropdown_Im an individualIm work' 

2020-01-16 14:22:17 - [TEST_STEP][PASSED] - setText(findTestObject("ADMIN/Admin Onboarding Page/Admin_Onboarding_Step1/3rddropdown_textbox_OtherEntityType"), "Business Man"): Text 'Business Man' is set on object 'Object Repository/ADMIN/Admin Onboarding Page/Admin_Onboarding_Step1/3rddropdown_textbox_OtherEntityType'

2020-01-16 14:22:17 - [MESSAGE][PASSED] - Text 'Business Man' is set on object 'Object Repository/ADMIN/Admin Onboarding Page/Admin_Onboarding_Step1/3rddropdown_textbox_OtherEntityType'

2020-01-16 14:22:17 - [TEST_STEP][PASSED] - setText(findTestObject("ADMIN/Admin Onboarding Page/Admin_Onboarding_Step1/3rddropdown_textbox_OtherEntityType"), "Business Man"): Text 'Business Man' is set on object 'Object Repository/ADMIN/Admin Onboarding Page/Admin_Onboarding_Step1/3rddropdown_textbox_OtherEntityType'

2020-01-16 14:22:17 - [MESSAGE][PASSED] - Text 'Business Man' is set on object 'Object Repository/ADMIN/Admin Onboarding Page/Admin_Onboarding_Step1/3rddropdown_textbox_OtherEntityType'

2020-01-16 14:22:17 - [TEST_STEP][PASSED] - click(findTestObject("ADMIN/Admin Onboarding Page/Admin_Onboarding_Step1/Button_NEXT_Step1")): Object: 'Object Repository/ADMIN/Admin Onboarding Page/Admin_Onboarding_Step1/Button_NEXT_Step1' is clicked on

2020-01-16 14:22:19 - [MESSAGE][PASSED] - Object: 'Object Repository/ADMIN/Admin Onboarding Page/Admin_Onboarding_Step1/Button_NEXT_Step1' is clicked on

2020-01-16 14:22:19 - [TEST_STEP][PASSED] - comment("Step 2"): Step 2

2020-01-16 14:22:19 - [MESSAGE][INFO] - Step 2

2020-01-16 14:22:19 - [TEST_STEP][PASSED] - waitForElementVisible(findTestObject("ADMIN/Admin Onboarding Page/Admin_Onboarding_Step2/Textlabel_We will like to know mor"), 0): Object 'Object Repository/ADMIN/Admin Onboarding Page/Admin_Onboarding_Step2/Textlabel_We will like to know mor' is visible

2020-01-16 14:22:19 - [MESSAGE][WARNING] - Timeout '0' is invalid. Using default page load timeout: '30'

2020-01-16 14:22:20 - [MESSAGE][PASSED] - Object 'Object Repository/ADMIN/Admin Onboarding Page/Admin_Onboarding_Step2/Textlabel_We will like to know mor' is visible

2020-01-16 14:22:20 - [TEST_STEP][PASSED] - setText(findTestObject("ADMIN/Admin Onboarding Page/Admin_Onboarding_Step2/Textbox_FirstName"), varFName): Text '0116space1' is set on object 'Object Repository/ADMIN/Admin Onboarding Page/Admin_Onboarding_Step2/Textbox_FirstName'

2020-01-16 14:22:20 - [MESSAGE][PASSED] - Text '0116space1' is set on object 'Object Repository/ADMIN/Admin Onboarding Page/Admin_Onboarding_Step2/Textbox_FirstName'

2020-01-16 14:22:20 - [TEST_STEP][PASSED] - setText(findTestObject("ADMIN/Admin Onboarding Page/Admin_Onboarding_Step2/Textbox_LastName"), varLName): Text 'Marketplace' is set on object 'Object Repository/ADMIN/Admin Onboarding Page/Admin_Onboarding_Step2/Textbox_LastName'

2020-01-16 14:22:20 - [MESSAGE][PASSED] - Text 'Marketplace' is set on object 'Object Repository/ADMIN/Admin Onboarding Page/Admin_Onboarding_Step2/Textbox_LastName'

2020-01-16 14:22:20 - [TEST_STEP][PASSED] - setText(findTestObject("ADMIN/Admin Onboarding Page/Admin_Onboarding_Step2/Textbox_Email"), varEmail): Text 'arcadierteam@gmail.com' is set on object 'Object Repository/ADMIN/Admin Onboarding Page/Admin_Onboarding_Step2/Textbox_Email'

2020-01-16 14:22:21 - [MESSAGE][PASSED] - Text 'arcadierteam@gmail.com' is set on object 'Object Repository/ADMIN/Admin Onboarding Page/Admin_Onboarding_Step2/Textbox_Email'

2020-01-16 14:22:21 - [TEST_STEP][PASSED] - delay(1): Delayed 1 second(s)

2020-01-16 14:22:22 - [MESSAGE][PASSED] - Delayed 1 second(s)

2020-01-16 14:22:22 - [TEST_STEP][PASSED] - selectOptionByLabel(findTestObject("ADMIN/Admin Onboarding Page/Admin_Onboarding_Step2/Country_Dropdown"), varCountry, false): All options with label 'Italy' are selected in object 'Object Repository/ADMIN/Admin Onboarding Page/Admin_Onboarding_Step2/Country_Dropdown' 

2020-01-16 14:22:22 - [MESSAGE][PASSED] - All options with label 'Italy' are selected in object 'Object Repository/ADMIN/Admin Onboarding Page/Admin_Onboarding_Step2/Country_Dropdown' 

2020-01-16 14:22:22 - [TEST_STEP][PASSED] - setText(findTestObject("ADMIN/Admin Onboarding Page/Admin_Onboarding_Step2/Address_Line1"), varAddress1): Text 'Strada Statale 130' is set on object 'Object Repository/ADMIN/Admin Onboarding Page/Admin_Onboarding_Step2/Address_Line1'

2020-01-16 14:22:22 - [MESSAGE][PASSED] - Text 'Strada Statale 130' is set on object 'Object Repository/ADMIN/Admin Onboarding Page/Admin_Onboarding_Step2/Address_Line1'

2020-01-16 14:22:22 - [TEST_STEP][PASSED] - setText(findTestObject("ADMIN/Admin Onboarding Page/Admin_Onboarding_Step2/Address_Line2"), varAddress2): Text 'Dorzano, Biella 13881' is set on object 'Object Repository/ADMIN/Admin Onboarding Page/Admin_Onboarding_Step2/Address_Line2'

2020-01-16 14:22:23 - [MESSAGE][PASSED] - Text 'Dorzano, Biella 13881' is set on object 'Object Repository/ADMIN/Admin Onboarding Page/Admin_Onboarding_Step2/Address_Line2'

2020-01-16 14:22:23 - [TEST_STEP][PASSED] - setText(findTestObject("ADMIN/Admin Onboarding Page/Admin_Onboarding_Step2/Textbox_PhoneNumber"), varContactNumber): Text '+631234567890' is set on object 'Object Repository/ADMIN/Admin Onboarding Page/Admin_Onboarding_Step2/Textbox_PhoneNumber'

2020-01-16 14:22:23 - [MESSAGE][PASSED] - Text '+631234567890' is set on object 'Object Repository/ADMIN/Admin Onboarding Page/Admin_Onboarding_Step2/Textbox_PhoneNumber'

2020-01-16 14:22:23 - [TEST_STEP][PASSED] - click(findTestObject("ADMIN/Admin Onboarding Page/Admin_Onboarding_Step2/Button_Next_Step2"), CONTINUE_ON_FAILURE): Object: 'Object Repository/ADMIN/Admin Onboarding Page/Admin_Onboarding_Step2/Button_Next_Step2' is clicked on

2020-01-16 14:22:26 - [MESSAGE][PASSED] - Object: 'Object Repository/ADMIN/Admin Onboarding Page/Admin_Onboarding_Step2/Button_Next_Step2' is clicked on

2020-01-16 14:22:26 - [TEST_STEP][PASSED] - comment("Step 3"): Step 3

2020-01-16 14:22:26 - [MESSAGE][INFO] - Step 3

2020-01-16 14:22:26 - [TEST_STEP][PASSED] - waitForElementVisible(findTestObject("ADMIN/Admin Onboarding Page/Admin_Onboarding_Step3/TextLabel_What type of marketplace"), 0): Object 'Object Repository/ADMIN/Admin Onboarding Page/Admin_Onboarding_Step3/TextLabel_What type of marketplace' is visible

2020-01-16 14:22:26 - [MESSAGE][WARNING] - Timeout '0' is invalid. Using default page load timeout: '30'

2020-01-16 14:22:27 - [MESSAGE][PASSED] - Object 'Object Repository/ADMIN/Admin Onboarding Page/Admin_Onboarding_Step3/TextLabel_What type of marketplace' is visible

2020-01-16 14:22:27 - [TEST_STEP][PASSED] - delay(1): Delayed 1 second(s)

2020-01-16 14:22:28 - [MESSAGE][PASSED] - Delayed 1 second(s)

2020-01-16 14:22:28 - [TEST_STEP][PASSED] - if (varTemplate == "Bespoke"): null

2020-01-16 14:22:28 - [TEST_STEP][PASSED] - else if (varTemplate == "ServiceBookings(TIME)"): null

2020-01-16 14:22:28 - [TEST_STEP][PASSED] - else if (varTemplate == "RentalGoods(TIME)"): null

2020-01-16 14:22:28 - [TEST_STEP][PASSED] - else if (varTemplate == "Space"): Object: 'Object Repository/ADMIN/Admin Onboarding Page/Admin_Onboarding_Step3/Select/a_Select_Space Rental' is clicked on

2020-01-16 14:22:28 - [TEST_STEP][PASSED] - mouseOver(findTestObject("ADMIN/Admin Onboarding Page/Admin_Onboarding_Step3/Preview/div_ Preview Select Space Rent")): Object: 'Object Repository/ADMIN/Admin Onboarding Page/Admin_Onboarding_Step3/Preview/div_ Preview Select Space Rent' is hovered

2020-01-16 14:22:28 - [MESSAGE][PASSED] - Object: 'Object Repository/ADMIN/Admin Onboarding Page/Admin_Onboarding_Step3/Preview/div_ Preview Select Space Rent' is hovered

2020-01-16 14:22:28 - [TEST_STEP][PASSED] - delay(1): Delayed 1 second(s)

2020-01-16 14:22:29 - [MESSAGE][PASSED] - Delayed 1 second(s)

2020-01-16 14:22:29 - [TEST_STEP][PASSED] - click(findTestObject("ADMIN/Admin Onboarding Page/Admin_Onboarding_Step3/Select/a_Select_Space Rental")): Object: 'Object Repository/ADMIN/Admin Onboarding Page/Admin_Onboarding_Step3/Select/a_Select_Space Rental' is clicked on

2020-01-16 14:22:30 - [MESSAGE][PASSED] - Object: 'Object Repository/ADMIN/Admin Onboarding Page/Admin_Onboarding_Step3/Select/a_Select_Space Rental' is clicked on

2020-01-16 14:22:30 - [TEST_STEP][PASSED] - comment("Step 4"): Step 4

2020-01-16 14:22:30 - [MESSAGE][INFO] - Step 4

2020-01-16 14:22:30 - [TEST_STEP][PASSED] - uploadFile(findTestObject("ADMIN/Admin Onboarding Page/Admin_Onboarding_Step4/Button_Browse_Step4"), varLogo): File 'C:\\Users\\Arcadier\\git\\Arctick\\Images\\LogoLayout\\logo2.jpg' sent to object: 'Object Repository/ADMIN/Admin Onboarding Page/Admin_Onboarding_Step4/Button_Browse_Step4'

2020-01-16 14:22:31 - [MESSAGE][PASSED] - File 'C:\\Users\\Arcadier\\git\\Arctick\\Images\\LogoLayout\\logo2.jpg' sent to object: 'Object Repository/ADMIN/Admin Onboarding Page/Admin_Onboarding_Step4/Button_Browse_Step4'

2020-01-16 14:22:31 - [TEST_STEP][PASSED] - setText(findTestObject("ADMIN/Admin Onboarding Page/Admin_Onboarding_Step4/Textbox_Marketplace_Name"), varUsername): Text '0116space1' is set on object 'Object Repository/ADMIN/Admin Onboarding Page/Admin_Onboarding_Step4/Textbox_Marketplace_Name'

2020-01-16 14:22:31 - [MESSAGE][PASSED] - Text '0116space1' is set on object 'Object Repository/ADMIN/Admin Onboarding Page/Admin_Onboarding_Step4/Textbox_Marketplace_Name'

2020-01-16 14:22:31 - [TEST_STEP][PASSED] - setText(findTestObject("ADMIN/Admin Onboarding Page/Admin_Onboarding_Step4/Textbox_Slogan"), varTheme): Text 'Theme 2' is set on object 'Object Repository/ADMIN/Admin Onboarding Page/Admin_Onboarding_Step4/Textbox_Slogan'

2020-01-16 14:22:31 - [MESSAGE][PASSED] - Text 'Theme 2' is set on object 'Object Repository/ADMIN/Admin Onboarding Page/Admin_Onboarding_Step4/Textbox_Slogan'

2020-01-16 14:22:31 - [TEST_STEP][PASSED] - setText(findTestObject("ADMIN/Admin Onboarding Page/Admin_Onboarding_Step4/Textbox_ContactNumber"), varContactNumber): Text '+631234567890' is set on object 'Object Repository/ADMIN/Admin Onboarding Page/Admin_Onboarding_Step4/Textbox_ContactNumber'

2020-01-16 14:22:31 - [MESSAGE][PASSED] - Text '+631234567890' is set on object 'Object Repository/ADMIN/Admin Onboarding Page/Admin_Onboarding_Step4/Textbox_ContactNumber'

2020-01-16 14:22:31 - [TEST_STEP][PASSED] - setText(findTestObject("ADMIN/Admin Onboarding Page/Admin_Onboarding_Step4/Textbox_ContactEmail"), varEmail): Text 'arcadierteam@gmail.com' is set on object 'Object Repository/ADMIN/Admin Onboarding Page/Admin_Onboarding_Step4/Textbox_ContactEmail'

2020-01-16 14:22:32 - [MESSAGE][PASSED] - Text 'arcadierteam@gmail.com' is set on object 'Object Repository/ADMIN/Admin Onboarding Page/Admin_Onboarding_Step4/Textbox_ContactEmail'

2020-01-16 14:22:32 - [TEST_STEP][PASSED] - click(findTestObject("ADMIN/Admin Onboarding Page/Admin_Onboarding_Step4/Button_Next_Step4"), CONTINUE_ON_FAILURE): Object: 'Object Repository/ADMIN/Admin Onboarding Page/Admin_Onboarding_Step4/Button_Next_Step4' is clicked on

2020-01-16 14:22:32 - [MESSAGE][PASSED] - Object: 'Object Repository/ADMIN/Admin Onboarding Page/Admin_Onboarding_Step4/Button_Next_Step4' is clicked on

2020-01-16 14:22:32 - [TEST_STEP][PASSED] - comment("Step 5"): Step 5

2020-01-16 14:22:32 - [MESSAGE][INFO] - Step 5

2020-01-16 14:22:32 - [TEST_STEP][PASSED] - waitForElementVisible(findTestObject("ADMIN/Admin Onboarding Page/Admin_Onboarding_Step5/h1_5. Preview  pick out a mark"), 0): Object 'Object Repository/ADMIN/Admin Onboarding Page/Admin_Onboarding_Step5/h1_5. Preview  pick out a mark' is visible

2020-01-16 14:22:32 - [MESSAGE][WARNING] - Timeout '0' is invalid. Using default page load timeout: '30'

2020-01-16 14:22:34 - [MESSAGE][PASSED] - Object 'Object Repository/ADMIN/Admin Onboarding Page/Admin_Onboarding_Step5/h1_5. Preview  pick out a mark' is visible

2020-01-16 14:22:34 - [TEST_STEP][PASSED] - if (varTemplate == "Bespoke"): null

2020-01-16 14:22:34 - [TEST_STEP][PASSED] - else if (varTemplate == "Space"): Object: 'Object Repository/ADMIN/Admin Onboarding Page/Admin_Onboarding_Step5/Button_Theme2_Select' is clicked on

2020-01-16 14:22:34 - [TEST_STEP][PASSED] - if (varTheme == "Theme 1"): null

2020-01-16 14:22:34 - [TEST_STEP][PASSED] - else if (varTheme == "Theme 2"): Object: 'Object Repository/ADMIN/Admin Onboarding Page/Admin_Onboarding_Step5/Button_Theme2_Select' is clicked on

2020-01-16 14:22:34 - [TEST_STEP][PASSED] - click(findTestObject("ADMIN/Admin Onboarding Page/Admin_Onboarding_Step5/Button_Theme2_Select")): Object: 'Object Repository/ADMIN/Admin Onboarding Page/Admin_Onboarding_Step5/Button_Theme2_Select' is clicked on

2020-01-16 14:22:35 - [MESSAGE][PASSED] - Object: 'Object Repository/ADMIN/Admin Onboarding Page/Admin_Onboarding_Step5/Button_Theme2_Select' is clicked on

2020-01-16 14:22:35 - [TEST_STEP][PASSED] - click(findTestObject("ADMIN/Admin Onboarding Page/Admin_Onboarding_Step5/Button_Next_Step5")): Object: 'Object Repository/ADMIN/Admin Onboarding Page/Admin_Onboarding_Step5/Button_Next_Step5' is clicked on

2020-01-16 14:22:36 - [MESSAGE][PASSED] - Object: 'Object Repository/ADMIN/Admin Onboarding Page/Admin_Onboarding_Step5/Button_Next_Step5' is clicked on

2020-01-16 14:22:36 - [TEST_STEP][PASSED] - comment("Step 6"): Step 6

2020-01-16 14:22:36 - [MESSAGE][INFO] - Step 6

2020-01-16 14:22:36 - [TEST_STEP][PASSED] - waitForElementVisible(findTestObject("ADMIN/Admin Onboarding Page/Admin_Onboarding_Step6/Textlabel_Select your marketplace"), 0): Object 'Object Repository/ADMIN/Admin Onboarding Page/Admin_Onboarding_Step6/Textlabel_Select your marketplace' is visible

2020-01-16 14:22:36 - [MESSAGE][WARNING] - Timeout '0' is invalid. Using default page load timeout: '30'

2020-01-16 14:22:37 - [MESSAGE][PASSED] - Object 'Object Repository/ADMIN/Admin Onboarding Page/Admin_Onboarding_Step6/Textlabel_Select your marketplace' is visible

2020-01-16 14:22:37 - [TEST_STEP][PASSED] - click(findTestObject("ADMIN/Admin Onboarding Page/Admin_Onboarding_Step6/Button_Browse_Step6"), CONTINUE_ON_FAILURE): Object: 'Object Repository/ADMIN/Admin Onboarding Page/Admin_Onboarding_Step6/Button_Browse_Step6' is clicked on

2020-01-16 14:22:37 - [MESSAGE][PASSED] - Object: 'Object Repository/ADMIN/Admin Onboarding Page/Admin_Onboarding_Step6/Button_Browse_Step6' is clicked on

2020-01-16 14:22:37 - [TEST_STEP][PASSED] - delay(2): Delayed 2 second(s)

2020-01-16 14:22:39 - [MESSAGE][PASSED] - Delayed 2 second(s)

2020-01-16 14:22:39 - [TEST_STEP][PASSED] - uploadFile(findTestObject("ADMIN/Admin Onboarding Page/Admin_Onboarding_Step6/Image_Container"), varCoverImage): File 'C:\\Users\\Arcadier\\git\\Arctick\\Images\\LogoLayout\\coverimage3.jpg' sent to object: 'Object Repository/ADMIN/Admin Onboarding Page/Admin_Onboarding_Step6/Image_Container'

2020-01-16 14:22:39 - [MESSAGE][PASSED] - File 'C:\\Users\\Arcadier\\git\\Arctick\\Images\\LogoLayout\\coverimage3.jpg' sent to object: 'Object Repository/ADMIN/Admin Onboarding Page/Admin_Onboarding_Step6/Image_Container'

2020-01-16 14:22:39 - [TEST_STEP][PASSED] - waitForElementVisible(findTestObject("ADMIN/Admin Onboarding Page/Admin_Onboarding_Step6/Image Cropper/div_btn btn-success btn-ok"), 0): Object 'Object Repository/ADMIN/Admin Onboarding Page/Admin_Onboarding_Step6/Image Cropper/div_btn btn-success btn-ok' is visible

2020-01-16 14:22:39 - [MESSAGE][WARNING] - Timeout '0' is invalid. Using default page load timeout: '30'

2020-01-16 14:22:39 - [MESSAGE][PASSED] - Object 'Object Repository/ADMIN/Admin Onboarding Page/Admin_Onboarding_Step6/Image Cropper/div_btn btn-success btn-ok' is visible

2020-01-16 14:22:39 - [TEST_STEP][PASSED] - click(findTestObject("ADMIN/Admin Onboarding Page/Admin_Onboarding_Step6/Image Cropper/div_btn btn-success btn-ok"), CONTINUE_ON_FAILURE): Object: 'Object Repository/ADMIN/Admin Onboarding Page/Admin_Onboarding_Step6/Image Cropper/div_btn btn-success btn-ok' is clicked on

2020-01-16 14:22:39 - [MESSAGE][PASSED] - Object: 'Object Repository/ADMIN/Admin Onboarding Page/Admin_Onboarding_Step6/Image Cropper/div_btn btn-success btn-ok' is clicked on

2020-01-16 14:22:39 - [TEST_STEP][PASSED] - waitForElementVisible(findTestObject("ADMIN/Admin Onboarding Page/Admin_Onboarding_Step6/Image Cropper/a_Save Photo"), 0): Object 'Object Repository/ADMIN/Admin Onboarding Page/Admin_Onboarding_Step6/Image Cropper/a_Save Photo' is visible

2020-01-16 14:22:39 - [MESSAGE][WARNING] - Timeout '0' is invalid. Using default page load timeout: '30'

2020-01-16 14:22:39 - [MESSAGE][PASSED] - Object 'Object Repository/ADMIN/Admin Onboarding Page/Admin_Onboarding_Step6/Image Cropper/a_Save Photo' is visible

2020-01-16 14:22:39 - [TEST_STEP][PASSED] - click(findTestObject("ADMIN/Admin Onboarding Page/Admin_Onboarding_Step6/Image Cropper/a_Save Photo"), CONTINUE_ON_FAILURE): Object: 'Object Repository/ADMIN/Admin Onboarding Page/Admin_Onboarding_Step6/Image Cropper/a_Save Photo' is clicked on

2020-01-16 14:22:39 - [MESSAGE][PASSED] - Object: 'Object Repository/ADMIN/Admin Onboarding Page/Admin_Onboarding_Step6/Image Cropper/a_Save Photo' is clicked on

2020-01-16 14:22:39 - [TEST_STEP][PASSED] - delay(1): Delayed 1 second(s)

2020-01-16 14:22:41 - [MESSAGE][PASSED] - Delayed 1 second(s)

2020-01-16 14:22:41 - [TEST_STEP][PASSED] - click(findTestObject("ADMIN/Admin Onboarding Page/Admin_Onboarding_Step6/Button_Next_Step6"), CONTINUE_ON_FAILURE): Object: 'Object Repository/ADMIN/Admin Onboarding Page/Admin_Onboarding_Step6/Button_Next_Step6' is clicked on

2020-01-16 14:22:41 - [MESSAGE][PASSED] - Object: 'Object Repository/ADMIN/Admin Onboarding Page/Admin_Onboarding_Step6/Button_Next_Step6' is clicked on

2020-01-16 14:22:41 - [TEST_STEP][PASSED] - comment("Step 7 (editable variables)"): Step 7 (editable variables)

2020-01-16 14:22:41 - [MESSAGE][INFO] - Step 7 (editable variables)

2020-01-16 14:22:41 - [TEST_STEP][PASSED] - waitForElementVisible(findTestObject("ADMIN/Admin Onboarding Page/Admin_Onboarding_Step7/Textlabel_7. Now how would you like t"), 0): Object 'Object Repository/ADMIN/Admin Onboarding Page/Admin_Onboarding_Step7/Textlabel_7. Now how would you like t' is visible

2020-01-16 14:22:41 - [MESSAGE][WARNING] - Timeout '0' is invalid. Using default page load timeout: '30'

2020-01-16 14:22:43 - [MESSAGE][PASSED] - Object 'Object Repository/ADMIN/Admin Onboarding Page/Admin_Onboarding_Step7/Textlabel_7. Now how would you like t' is visible

2020-01-16 14:22:43 - [TEST_STEP][PASSED] - selectOptionByLabel(findTestObject("ADMIN/Admin Onboarding Page/Admin_Onboarding_Step7/Dropdown_Currency"), varCurrency, false): All options with label 'SGD' are selected in object 'Object Repository/ADMIN/Admin Onboarding Page/Admin_Onboarding_Step7/Dropdown_Currency' 

2020-01-16 14:22:43 - [MESSAGE][PASSED] - All options with label 'SGD' are selected in object 'Object Repository/ADMIN/Admin Onboarding Page/Admin_Onboarding_Step7/Dropdown_Currency' 

2020-01-16 14:22:43 - [TEST_STEP][PASSED] - setText(findTestObject("ADMIN/Admin Onboarding Page/Admin_Onboarding_Step7/Textbox_TransactionFee"), varAdminFee): Text '20' is set on object 'Object Repository/ADMIN/Admin Onboarding Page/Admin_Onboarding_Step7/Textbox_TransactionFee'

2020-01-16 14:22:43 - [MESSAGE][PASSED] - Text '20' is set on object 'Object Repository/ADMIN/Admin Onboarding Page/Admin_Onboarding_Step7/Textbox_TransactionFee'

2020-01-16 14:22:43 - [TEST_STEP][PASSED] - click(findTestObject("ADMIN/Admin Onboarding Page/Admin_Onboarding_Step7/Button_Next_Step7"), CONTINUE_ON_FAILURE): Object: 'Object Repository/ADMIN/Admin Onboarding Page/Admin_Onboarding_Step7/Button_Next_Step7' is clicked on

2020-01-16 14:22:46 - [MESSAGE][PASSED] - Object: 'Object Repository/ADMIN/Admin Onboarding Page/Admin_Onboarding_Step7/Button_Next_Step7' is clicked on

2020-01-16 14:22:46 - [TEST_STEP][PASSED] - comment("Step 8"): Step 8

2020-01-16 14:22:46 - [MESSAGE][INFO] - Step 8

2020-01-16 14:22:46 - [TEST_STEP][PASSED] - waitForElementVisible(findTestObject("ADMIN/Admin Onboarding Page/Admin_Onboarding_Step8/Textlabel_Review your marketplace pol"), 0): Object 'Object Repository/ADMIN/Admin Onboarding Page/Admin_Onboarding_Step8/Textlabel_Review your marketplace pol' is visible

2020-01-16 14:22:47 - [MESSAGE][WARNING] - Timeout '0' is invalid. Using default page load timeout: '30'

2020-01-16 14:22:47 - [MESSAGE][PASSED] - Object 'Object Repository/ADMIN/Admin Onboarding Page/Admin_Onboarding_Step8/Textlabel_Review your marketplace pol' is visible

2020-01-16 14:22:47 - [TEST_STEP][PASSED] - comment("Checkbox Return Policy"): Checkbox Return Policy

2020-01-16 14:22:47 - [MESSAGE][INFO] - Checkbox Return Policy

2020-01-16 14:22:47 - [TEST_STEP][PASSED] - click(findTestObject("ADMIN/Admin Onboarding Page/Admin_Onboarding_Step8/Checkbox_ReturnPolicy")): Object: 'Object Repository/ADMIN/Admin Onboarding Page/Admin_Onboarding_Step8/Checkbox_ReturnPolicy' is clicked on

2020-01-16 14:22:47 - [MESSAGE][PASSED] - Object: 'Object Repository/ADMIN/Admin Onboarding Page/Admin_Onboarding_Step8/Checkbox_ReturnPolicy' is clicked on

2020-01-16 14:22:47 - [TEST_STEP][PASSED] - comment("Terms and Condition"): Terms and Condition

2020-01-16 14:22:47 - [MESSAGE][INFO] - Terms and Condition

2020-01-16 14:22:47 - [TEST_STEP][PASSED] - click(findTestObject("ADMIN/Admin Onboarding Page/Admin_Onboarding_Step8/Checkbox_IsAgreed")): Object: 'Object Repository/ADMIN/Admin Onboarding Page/Admin_Onboarding_Step8/Checkbox_IsAgreed' is clicked on

2020-01-16 14:22:47 - [MESSAGE][PASSED] - Object: 'Object Repository/ADMIN/Admin Onboarding Page/Admin_Onboarding_Step8/Checkbox_IsAgreed' is clicked on

2020-01-16 14:22:47 - [TEST_STEP][PASSED] - click(findTestObject("ADMIN/Admin Onboarding Page/Admin_Onboarding_Step8/Button_Next_Step8")): Object: 'Object Repository/ADMIN/Admin Onboarding Page/Admin_Onboarding_Step8/Button_Next_Step8' is clicked on

2020-01-16 14:22:56 - [MESSAGE][PASSED] - Object: 'Object Repository/ADMIN/Admin Onboarding Page/Admin_Onboarding_Step8/Button_Next_Step8' is clicked on]]></system-out>
         <system-err><![CDATA[]]></system-err>
      </testcase>
      <testcase name="Test Cases/ADMIN/Onboarding/Complete Onboarding" time="39.545" classname="Test Cases/ADMIN/Onboarding/Complete Onboarding" status="PASSED">
         <system-out><![CDATA[2020-01-16 14:22:56 - [TEST_CASE][PASSED] - Test Cases/ADMIN/Onboarding/Complete Onboarding: Test Cases/ADMIN/Onboarding/Complete Onboarding

2020-01-16 14:22:56 - [TEST_STEP][PASSED] - comment("Create Account"): Create Account

2020-01-16 14:22:56 - [MESSAGE][INFO] - Create Account

2020-01-16 14:22:56 - [TEST_STEP][PASSED] - openBrowser(""): Browser is opened with url: ''

2020-01-16 14:22:56 - [MESSAGE][WARNING] - A browser is already opened. Closing browser and opening a new one

2020-01-16 14:22:57 - [MESSAGE][INFO] - Starting 'Chrome' driver

2020-01-16 14:22:57 - [MESSAGE][INFO] - User set preference: ['args', '[--incognito]']

2020-01-16 14:22:58 - [MESSAGE][PASSED] - Browser is opened with url: ''

2020-01-16 14:22:58 - [TEST_STEP][PASSED] - if (varServer == "Test"): null

2020-01-16 14:22:58 - [TEST_STEP][PASSED] - else if (varServer == "Staging"): Navigate to 'https://www.staging.arcadier.io' successfully

2020-01-16 14:22:58 - [TEST_STEP][PASSED] - navigateToUrl("https://www.staging.arcadier.io"): Navigate to 'https://www.staging.arcadier.io' successfully

2020-01-16 14:23:01 - [MESSAGE][PASSED] - Navigate to 'https://www.staging.arcadier.io' successfully

2020-01-16 14:23:01 - [TEST_STEP][PASSED] - maximizeWindow(): Current window maximized

2020-01-16 14:23:01 - [MESSAGE][PASSED] - Current window maximized

2020-01-16 14:23:01 - [TEST_STEP][PASSED] - if (varAccountType == "custom"): Object: 'Object Repository/ADMIN/Admin Onboarding Page/Admin Onboarding CustomAcc/Button_Sign_Up' is clicked on

2020-01-16 14:23:01 - [TEST_STEP][PASSED] - click(findTestObject("ADMIN/Admin Onboarding Page/Create_Account_Page/Button_Create_Account")): Object: 'Object Repository/ADMIN/Admin Onboarding Page/Create_Account_Page/Button_Create_Account' is clicked on

2020-01-16 14:23:02 - [MESSAGE][PASSED] - Object: 'Object Repository/ADMIN/Admin Onboarding Page/Create_Account_Page/Button_Create_Account' is clicked on

2020-01-16 14:23:02 - [TEST_STEP][PASSED] - verifyElementPresent(findTestObject("ADMIN/Admin Onboarding Page/Admin Onboarding CustomAcc/Textbox_Username"), 0): Object 'Object Repository/ADMIN/Admin Onboarding Page/Admin Onboarding CustomAcc/Textbox_Username' is present

2020-01-16 14:23:02 - [MESSAGE][WARNING] - Timeout '0' is invalid. Using default page load timeout: '30'

2020-01-16 14:23:02 - [MESSAGE][PASSED] - Object 'Object Repository/ADMIN/Admin Onboarding Page/Admin Onboarding CustomAcc/Textbox_Username' is present

2020-01-16 14:23:02 - [TEST_STEP][PASSED] - setText(findTestObject("ADMIN/Admin Onboarding Page/Admin Onboarding CustomAcc/Textbox_Username"), varUsername): Text '0116space2' is set on object 'Object Repository/ADMIN/Admin Onboarding Page/Admin Onboarding CustomAcc/Textbox_Username'

2020-01-16 14:23:02 - [MESSAGE][PASSED] - Text '0116space2' is set on object 'Object Repository/ADMIN/Admin Onboarding Page/Admin Onboarding CustomAcc/Textbox_Username'

2020-01-16 14:23:02 - [TEST_STEP][PASSED] - setText(findTestObject("ADMIN/Admin Onboarding Page/Admin Onboarding CustomAcc/Textbox_Password"), "welcome8"): Text 'welcome8' is set on object 'Object Repository/ADMIN/Admin Onboarding Page/Admin Onboarding CustomAcc/Textbox_Password'

2020-01-16 14:23:02 - [MESSAGE][PASSED] - Text 'welcome8' is set on object 'Object Repository/ADMIN/Admin Onboarding Page/Admin Onboarding CustomAcc/Textbox_Password'

2020-01-16 14:23:02 - [TEST_STEP][PASSED] - setText(findTestObject("ADMIN/Admin Onboarding Page/Admin Onboarding CustomAcc/Textbox_Reconfirm_Password"), "welcome8"): Text 'welcome8' is set on object 'Object Repository/ADMIN/Admin Onboarding Page/Admin Onboarding CustomAcc/Textbox_Reconfirm_Password'

2020-01-16 14:23:03 - [MESSAGE][PASSED] - Text 'welcome8' is set on object 'Object Repository/ADMIN/Admin Onboarding Page/Admin Onboarding CustomAcc/Textbox_Reconfirm_Password'

2020-01-16 14:23:03 - [TEST_STEP][PASSED] - click(findTestObject("ADMIN/Admin Onboarding Page/Admin Onboarding CustomAcc/Button_Sign_Up")): Object: 'Object Repository/ADMIN/Admin Onboarding Page/Admin Onboarding CustomAcc/Button_Sign_Up' is clicked on

2020-01-16 14:23:05 - [MESSAGE][PASSED] - Object: 'Object Repository/ADMIN/Admin Onboarding Page/Admin Onboarding CustomAcc/Button_Sign_Up' is clicked on

2020-01-16 14:23:05 - [TEST_STEP][PASSED] - comment("Step 1"): Step 1

2020-01-16 14:23:05 - [MESSAGE][INFO] - Step 1

2020-01-16 14:23:05 - [TEST_STEP][PASSED] - selectOptionByLabel(findTestObject("ADMIN/Admin Onboarding Page/Admin_Onboarding_Step1/1stDropdown_Please select one...Im"), "I’m managing them offline", false): All options with label 'I’m managing them offline' are selected in object 'Object Repository/ADMIN/Admin Onboarding Page/Admin_Onboarding_Step1/1stDropdown_Please select one...Im' 

2020-01-16 14:23:05 - [MESSAGE][PASSED] - All options with label 'I’m managing them offline' are selected in object 'Object Repository/ADMIN/Admin Onboarding Page/Admin_Onboarding_Step1/1stDropdown_Please select one...Im' 

2020-01-16 14:23:05 - [TEST_STEP][PASSED] - selectOptionByLabel(findTestObject("ADMIN/Admin Onboarding Page/Admin_Onboarding_Step1/2ndDropdown_Please select one...Don"), "Something else!", false): All options with label 'Something else!' are selected in object 'Object Repository/ADMIN/Admin Onboarding Page/Admin_Onboarding_Step1/2ndDropdown_Please select one...Don' 

2020-01-16 14:23:06 - [MESSAGE][PASSED] - All options with label 'Something else!' are selected in object 'Object Repository/ADMIN/Admin Onboarding Page/Admin_Onboarding_Step1/2ndDropdown_Please select one...Don' 

2020-01-16 14:23:06 - [TEST_STEP][PASSED] - setText(findTestObject("ADMIN/Admin Onboarding Page/Admin_Onboarding_Step1/2nddropdown_textbox_OtherMarketplaceType"), "Marketplace"): Text 'Marketplace' is set on object 'Object Repository/ADMIN/Admin Onboarding Page/Admin_Onboarding_Step1/2nddropdown_textbox_OtherMarketplaceType'

2020-01-16 14:23:06 - [MESSAGE][PASSED] - Text 'Marketplace' is set on object 'Object Repository/ADMIN/Admin Onboarding Page/Admin_Onboarding_Step1/2nddropdown_textbox_OtherMarketplaceType'

2020-01-16 14:23:06 - [TEST_STEP][PASSED] - selectOptionByLabel(findTestObject("ADMIN/Admin Onboarding Page/Admin_Onboarding_Step1/3rdDropdown_Im an individualIm work"), "Someone else!", false): All options with label 'Someone else!' are selected in object 'Object Repository/ADMIN/Admin Onboarding Page/Admin_Onboarding_Step1/3rdDropdown_Im an individualIm work' 

2020-01-16 14:23:06 - [MESSAGE][PASSED] - All options with label 'Someone else!' are selected in object 'Object Repository/ADMIN/Admin Onboarding Page/Admin_Onboarding_Step1/3rdDropdown_Im an individualIm work' 

2020-01-16 14:23:06 - [TEST_STEP][PASSED] - setText(findTestObject("ADMIN/Admin Onboarding Page/Admin_Onboarding_Step1/3rddropdown_textbox_OtherEntityType"), "Business Man"): Text 'Business Man' is set on object 'Object Repository/ADMIN/Admin Onboarding Page/Admin_Onboarding_Step1/3rddropdown_textbox_OtherEntityType'

2020-01-16 14:23:06 - [MESSAGE][PASSED] - Text 'Business Man' is set on object 'Object Repository/ADMIN/Admin Onboarding Page/Admin_Onboarding_Step1/3rddropdown_textbox_OtherEntityType'

2020-01-16 14:23:06 - [TEST_STEP][PASSED] - setText(findTestObject("ADMIN/Admin Onboarding Page/Admin_Onboarding_Step1/3rddropdown_textbox_OtherEntityType"), "Business Man"): Text 'Business Man' is set on object 'Object Repository/ADMIN/Admin Onboarding Page/Admin_Onboarding_Step1/3rddropdown_textbox_OtherEntityType'

2020-01-16 14:23:06 - [MESSAGE][PASSED] - Text 'Business Man' is set on object 'Object Repository/ADMIN/Admin Onboarding Page/Admin_Onboarding_Step1/3rddropdown_textbox_OtherEntityType'

2020-01-16 14:23:06 - [TEST_STEP][PASSED] - click(findTestObject("ADMIN/Admin Onboarding Page/Admin_Onboarding_Step1/Button_NEXT_Step1")): Object: 'Object Repository/ADMIN/Admin Onboarding Page/Admin_Onboarding_Step1/Button_NEXT_Step1' is clicked on

2020-01-16 14:23:07 - [MESSAGE][PASSED] - Object: 'Object Repository/ADMIN/Admin Onboarding Page/Admin_Onboarding_Step1/Button_NEXT_Step1' is clicked on

2020-01-16 14:23:07 - [TEST_STEP][PASSED] - comment("Step 2"): Step 2

2020-01-16 14:23:07 - [MESSAGE][INFO] - Step 2

2020-01-16 14:23:07 - [TEST_STEP][PASSED] - waitForElementVisible(findTestObject("ADMIN/Admin Onboarding Page/Admin_Onboarding_Step2/Textlabel_We will like to know mor"), 0): Object 'Object Repository/ADMIN/Admin Onboarding Page/Admin_Onboarding_Step2/Textlabel_We will like to know mor' is visible

2020-01-16 14:23:08 - [MESSAGE][WARNING] - Timeout '0' is invalid. Using default page load timeout: '30'

2020-01-16 14:23:08 - [MESSAGE][PASSED] - Object 'Object Repository/ADMIN/Admin Onboarding Page/Admin_Onboarding_Step2/Textlabel_We will like to know mor' is visible

2020-01-16 14:23:08 - [TEST_STEP][PASSED] - setText(findTestObject("ADMIN/Admin Onboarding Page/Admin_Onboarding_Step2/Textbox_FirstName"), varFName): Text '0116space2' is set on object 'Object Repository/ADMIN/Admin Onboarding Page/Admin_Onboarding_Step2/Textbox_FirstName'

2020-01-16 14:23:08 - [MESSAGE][PASSED] - Text '0116space2' is set on object 'Object Repository/ADMIN/Admin Onboarding Page/Admin_Onboarding_Step2/Textbox_FirstName'

2020-01-16 14:23:08 - [TEST_STEP][PASSED] - setText(findTestObject("ADMIN/Admin Onboarding Page/Admin_Onboarding_Step2/Textbox_LastName"), varLName): Text 'Marketplace' is set on object 'Object Repository/ADMIN/Admin Onboarding Page/Admin_Onboarding_Step2/Textbox_LastName'

2020-01-16 14:23:08 - [MESSAGE][PASSED] - Text 'Marketplace' is set on object 'Object Repository/ADMIN/Admin Onboarding Page/Admin_Onboarding_Step2/Textbox_LastName'

2020-01-16 14:23:08 - [TEST_STEP][PASSED] - setText(findTestObject("ADMIN/Admin Onboarding Page/Admin_Onboarding_Step2/Textbox_Email"), varEmail): Text 'arcadierteam@gmail.com' is set on object 'Object Repository/ADMIN/Admin Onboarding Page/Admin_Onboarding_Step2/Textbox_Email'

2020-01-16 14:23:08 - [MESSAGE][PASSED] - Text 'arcadierteam@gmail.com' is set on object 'Object Repository/ADMIN/Admin Onboarding Page/Admin_Onboarding_Step2/Textbox_Email'

2020-01-16 14:23:08 - [TEST_STEP][PASSED] - delay(1): Delayed 1 second(s)

2020-01-16 14:23:09 - [MESSAGE][PASSED] - Delayed 1 second(s)

2020-01-16 14:23:09 - [TEST_STEP][PASSED] - selectOptionByLabel(findTestObject("ADMIN/Admin Onboarding Page/Admin_Onboarding_Step2/Country_Dropdown"), varCountry, false): All options with label 'Italy' are selected in object 'Object Repository/ADMIN/Admin Onboarding Page/Admin_Onboarding_Step2/Country_Dropdown' 

2020-01-16 14:23:10 - [MESSAGE][PASSED] - All options with label 'Italy' are selected in object 'Object Repository/ADMIN/Admin Onboarding Page/Admin_Onboarding_Step2/Country_Dropdown' 

2020-01-16 14:23:10 - [TEST_STEP][PASSED] - setText(findTestObject("ADMIN/Admin Onboarding Page/Admin_Onboarding_Step2/Address_Line1"), varAddress1): Text 'Strada Statale 130' is set on object 'Object Repository/ADMIN/Admin Onboarding Page/Admin_Onboarding_Step2/Address_Line1'

2020-01-16 14:23:10 - [MESSAGE][PASSED] - Text 'Strada Statale 130' is set on object 'Object Repository/ADMIN/Admin Onboarding Page/Admin_Onboarding_Step2/Address_Line1'

2020-01-16 14:23:10 - [TEST_STEP][PASSED] - setText(findTestObject("ADMIN/Admin Onboarding Page/Admin_Onboarding_Step2/Address_Line2"), varAddress2): Text 'Dorzano, Biella 13881' is set on object 'Object Repository/ADMIN/Admin Onboarding Page/Admin_Onboarding_Step2/Address_Line2'

2020-01-16 14:23:10 - [MESSAGE][PASSED] - Text 'Dorzano, Biella 13881' is set on object 'Object Repository/ADMIN/Admin Onboarding Page/Admin_Onboarding_Step2/Address_Line2'

2020-01-16 14:23:10 - [TEST_STEP][PASSED] - setText(findTestObject("ADMIN/Admin Onboarding Page/Admin_Onboarding_Step2/Textbox_PhoneNumber"), varContactNumber): Text '+631234567890' is set on object 'Object Repository/ADMIN/Admin Onboarding Page/Admin_Onboarding_Step2/Textbox_PhoneNumber'

2020-01-16 14:23:10 - [MESSAGE][PASSED] - Text '+631234567890' is set on object 'Object Repository/ADMIN/Admin Onboarding Page/Admin_Onboarding_Step2/Textbox_PhoneNumber'

2020-01-16 14:23:10 - [TEST_STEP][PASSED] - click(findTestObject("ADMIN/Admin Onboarding Page/Admin_Onboarding_Step2/Button_Next_Step2"), CONTINUE_ON_FAILURE): Object: 'Object Repository/ADMIN/Admin Onboarding Page/Admin_Onboarding_Step2/Button_Next_Step2' is clicked on

2020-01-16 14:23:12 - [MESSAGE][PASSED] - Object: 'Object Repository/ADMIN/Admin Onboarding Page/Admin_Onboarding_Step2/Button_Next_Step2' is clicked on

2020-01-16 14:23:12 - [TEST_STEP][PASSED] - comment("Step 3"): Step 3

2020-01-16 14:23:12 - [MESSAGE][INFO] - Step 3

2020-01-16 14:23:12 - [TEST_STEP][PASSED] - waitForElementVisible(findTestObject("ADMIN/Admin Onboarding Page/Admin_Onboarding_Step3/TextLabel_What type of marketplace"), 0): Object 'Object Repository/ADMIN/Admin Onboarding Page/Admin_Onboarding_Step3/TextLabel_What type of marketplace' is visible

2020-01-16 14:23:12 - [MESSAGE][WARNING] - Timeout '0' is invalid. Using default page load timeout: '30'

2020-01-16 14:23:12 - [MESSAGE][PASSED] - Object 'Object Repository/ADMIN/Admin Onboarding Page/Admin_Onboarding_Step3/TextLabel_What type of marketplace' is visible

2020-01-16 14:23:12 - [TEST_STEP][PASSED] - delay(1): Delayed 1 second(s)

2020-01-16 14:23:13 - [MESSAGE][PASSED] - Delayed 1 second(s)

2020-01-16 14:23:13 - [TEST_STEP][PASSED] - if (varTemplate == "Bespoke"): null

2020-01-16 14:23:13 - [TEST_STEP][PASSED] - else if (varTemplate == "ServiceBookings(TIME)"): null

2020-01-16 14:23:13 - [TEST_STEP][PASSED] - else if (varTemplate == "RentalGoods(TIME)"): null

2020-01-16 14:23:13 - [TEST_STEP][PASSED] - else if (varTemplate == "Space"): Object: 'Object Repository/ADMIN/Admin Onboarding Page/Admin_Onboarding_Step3/Select/a_Select_Space Rental' is clicked on

2020-01-16 14:23:13 - [TEST_STEP][PASSED] - mouseOver(findTestObject("ADMIN/Admin Onboarding Page/Admin_Onboarding_Step3/Preview/div_ Preview Select Space Rent")): Object: 'Object Repository/ADMIN/Admin Onboarding Page/Admin_Onboarding_Step3/Preview/div_ Preview Select Space Rent' is hovered

2020-01-16 14:23:14 - [MESSAGE][PASSED] - Object: 'Object Repository/ADMIN/Admin Onboarding Page/Admin_Onboarding_Step3/Preview/div_ Preview Select Space Rent' is hovered

2020-01-16 14:23:14 - [TEST_STEP][PASSED] - delay(1): Delayed 1 second(s)

2020-01-16 14:23:15 - [MESSAGE][PASSED] - Delayed 1 second(s)

2020-01-16 14:23:15 - [TEST_STEP][PASSED] - click(findTestObject("ADMIN/Admin Onboarding Page/Admin_Onboarding_Step3/Select/a_Select_Space Rental")): Object: 'Object Repository/ADMIN/Admin Onboarding Page/Admin_Onboarding_Step3/Select/a_Select_Space Rental' is clicked on

2020-01-16 14:23:16 - [MESSAGE][PASSED] - Object: 'Object Repository/ADMIN/Admin Onboarding Page/Admin_Onboarding_Step3/Select/a_Select_Space Rental' is clicked on

2020-01-16 14:23:16 - [TEST_STEP][PASSED] - comment("Step 4"): Step 4

2020-01-16 14:23:16 - [MESSAGE][INFO] - Step 4

2020-01-16 14:23:16 - [TEST_STEP][PASSED] - uploadFile(findTestObject("ADMIN/Admin Onboarding Page/Admin_Onboarding_Step4/Button_Browse_Step4"), varLogo): File 'C:\\Users\\Arcadier\\git\\Arctick\\Images\\LogoLayout\\logo2.jpg' sent to object: 'Object Repository/ADMIN/Admin Onboarding Page/Admin_Onboarding_Step4/Button_Browse_Step4'

2020-01-16 14:23:16 - [MESSAGE][PASSED] - File 'C:\\Users\\Arcadier\\git\\Arctick\\Images\\LogoLayout\\logo2.jpg' sent to object: 'Object Repository/ADMIN/Admin Onboarding Page/Admin_Onboarding_Step4/Button_Browse_Step4'

2020-01-16 14:23:16 - [TEST_STEP][PASSED] - setText(findTestObject("ADMIN/Admin Onboarding Page/Admin_Onboarding_Step4/Textbox_Marketplace_Name"), varUsername): Text '0116space2' is set on object 'Object Repository/ADMIN/Admin Onboarding Page/Admin_Onboarding_Step4/Textbox_Marketplace_Name'

2020-01-16 14:23:17 - [MESSAGE][PASSED] - Text '0116space2' is set on object 'Object Repository/ADMIN/Admin Onboarding Page/Admin_Onboarding_Step4/Textbox_Marketplace_Name'

2020-01-16 14:23:17 - [TEST_STEP][PASSED] - setText(findTestObject("ADMIN/Admin Onboarding Page/Admin_Onboarding_Step4/Textbox_Slogan"), varTheme): Text 'Theme 2' is set on object 'Object Repository/ADMIN/Admin Onboarding Page/Admin_Onboarding_Step4/Textbox_Slogan'

2020-01-16 14:23:17 - [MESSAGE][PASSED] - Text 'Theme 2' is set on object 'Object Repository/ADMIN/Admin Onboarding Page/Admin_Onboarding_Step4/Textbox_Slogan'

2020-01-16 14:23:17 - [TEST_STEP][PASSED] - setText(findTestObject("ADMIN/Admin Onboarding Page/Admin_Onboarding_Step4/Textbox_ContactNumber"), varContactNumber): Text '+631234567890' is set on object 'Object Repository/ADMIN/Admin Onboarding Page/Admin_Onboarding_Step4/Textbox_ContactNumber'

2020-01-16 14:23:17 - [MESSAGE][PASSED] - Text '+631234567890' is set on object 'Object Repository/ADMIN/Admin Onboarding Page/Admin_Onboarding_Step4/Textbox_ContactNumber'

2020-01-16 14:23:17 - [TEST_STEP][PASSED] - setText(findTestObject("ADMIN/Admin Onboarding Page/Admin_Onboarding_Step4/Textbox_ContactEmail"), varEmail): Text 'arcadierteam@gmail.com' is set on object 'Object Repository/ADMIN/Admin Onboarding Page/Admin_Onboarding_Step4/Textbox_ContactEmail'

2020-01-16 14:23:18 - [MESSAGE][PASSED] - Text 'arcadierteam@gmail.com' is set on object 'Object Repository/ADMIN/Admin Onboarding Page/Admin_Onboarding_Step4/Textbox_ContactEmail'

2020-01-16 14:23:18 - [TEST_STEP][PASSED] - click(findTestObject("ADMIN/Admin Onboarding Page/Admin_Onboarding_Step4/Button_Next_Step4"), CONTINUE_ON_FAILURE): Object: 'Object Repository/ADMIN/Admin Onboarding Page/Admin_Onboarding_Step4/Button_Next_Step4' is clicked on

2020-01-16 14:23:18 - [MESSAGE][PASSED] - Object: 'Object Repository/ADMIN/Admin Onboarding Page/Admin_Onboarding_Step4/Button_Next_Step4' is clicked on

2020-01-16 14:23:18 - [TEST_STEP][PASSED] - comment("Step 5"): Step 5

2020-01-16 14:23:18 - [MESSAGE][INFO] - Step 5

2020-01-16 14:23:18 - [TEST_STEP][PASSED] - waitForElementVisible(findTestObject("ADMIN/Admin Onboarding Page/Admin_Onboarding_Step5/h1_5. Preview  pick out a mark"), 0): Object 'Object Repository/ADMIN/Admin Onboarding Page/Admin_Onboarding_Step5/h1_5. Preview  pick out a mark' is visible

2020-01-16 14:23:18 - [MESSAGE][WARNING] - Timeout '0' is invalid. Using default page load timeout: '30'

2020-01-16 14:23:20 - [MESSAGE][PASSED] - Object 'Object Repository/ADMIN/Admin Onboarding Page/Admin_Onboarding_Step5/h1_5. Preview  pick out a mark' is visible

2020-01-16 14:23:20 - [TEST_STEP][PASSED] - if (varTemplate == "Bespoke"): null

2020-01-16 14:23:20 - [TEST_STEP][PASSED] - else if (varTemplate == "Space"): Object: 'Object Repository/ADMIN/Admin Onboarding Page/Admin_Onboarding_Step5/Button_Theme2_Select' is clicked on

2020-01-16 14:23:20 - [TEST_STEP][PASSED] - if (varTheme == "Theme 1"): null

2020-01-16 14:23:20 - [TEST_STEP][PASSED] - else if (varTheme == "Theme 2"): Object: 'Object Repository/ADMIN/Admin Onboarding Page/Admin_Onboarding_Step5/Button_Theme2_Select' is clicked on

2020-01-16 14:23:20 - [TEST_STEP][PASSED] - click(findTestObject("ADMIN/Admin Onboarding Page/Admin_Onboarding_Step5/Button_Theme2_Select")): Object: 'Object Repository/ADMIN/Admin Onboarding Page/Admin_Onboarding_Step5/Button_Theme2_Select' is clicked on

2020-01-16 14:23:21 - [MESSAGE][PASSED] - Object: 'Object Repository/ADMIN/Admin Onboarding Page/Admin_Onboarding_Step5/Button_Theme2_Select' is clicked on

2020-01-16 14:23:21 - [TEST_STEP][PASSED] - click(findTestObject("ADMIN/Admin Onboarding Page/Admin_Onboarding_Step5/Button_Next_Step5")): Object: 'Object Repository/ADMIN/Admin Onboarding Page/Admin_Onboarding_Step5/Button_Next_Step5' is clicked on

2020-01-16 14:23:22 - [MESSAGE][PASSED] - Object: 'Object Repository/ADMIN/Admin Onboarding Page/Admin_Onboarding_Step5/Button_Next_Step5' is clicked on

2020-01-16 14:23:22 - [TEST_STEP][PASSED] - comment("Step 6"): Step 6

2020-01-16 14:23:22 - [MESSAGE][INFO] - Step 6

2020-01-16 14:23:22 - [TEST_STEP][PASSED] - waitForElementVisible(findTestObject("ADMIN/Admin Onboarding Page/Admin_Onboarding_Step6/Textlabel_Select your marketplace"), 0): Object 'Object Repository/ADMIN/Admin Onboarding Page/Admin_Onboarding_Step6/Textlabel_Select your marketplace' is visible

2020-01-16 14:23:22 - [MESSAGE][WARNING] - Timeout '0' is invalid. Using default page load timeout: '30'

2020-01-16 14:23:22 - [MESSAGE][PASSED] - Object 'Object Repository/ADMIN/Admin Onboarding Page/Admin_Onboarding_Step6/Textlabel_Select your marketplace' is visible

2020-01-16 14:23:22 - [TEST_STEP][PASSED] - click(findTestObject("ADMIN/Admin Onboarding Page/Admin_Onboarding_Step6/Button_Browse_Step6"), CONTINUE_ON_FAILURE): Object: 'Object Repository/ADMIN/Admin Onboarding Page/Admin_Onboarding_Step6/Button_Browse_Step6' is clicked on

2020-01-16 14:23:22 - [MESSAGE][PASSED] - Object: 'Object Repository/ADMIN/Admin Onboarding Page/Admin_Onboarding_Step6/Button_Browse_Step6' is clicked on

2020-01-16 14:23:22 - [TEST_STEP][PASSED] - delay(2): Delayed 2 second(s)

2020-01-16 14:23:24 - [MESSAGE][PASSED] - Delayed 2 second(s)

2020-01-16 14:23:24 - [TEST_STEP][PASSED] - uploadFile(findTestObject("ADMIN/Admin Onboarding Page/Admin_Onboarding_Step6/Image_Container"), varCoverImage): File 'C:\\Users\\Arcadier\\git\\Arctick\\Images\\LogoLayout\\coverimage3.jpg' sent to object: 'Object Repository/ADMIN/Admin Onboarding Page/Admin_Onboarding_Step6/Image_Container'

2020-01-16 14:23:24 - [MESSAGE][PASSED] - File 'C:\\Users\\Arcadier\\git\\Arctick\\Images\\LogoLayout\\coverimage3.jpg' sent to object: 'Object Repository/ADMIN/Admin Onboarding Page/Admin_Onboarding_Step6/Image_Container'

2020-01-16 14:23:24 - [TEST_STEP][PASSED] - waitForElementVisible(findTestObject("ADMIN/Admin Onboarding Page/Admin_Onboarding_Step6/Image Cropper/div_btn btn-success btn-ok"), 0): Object 'Object Repository/ADMIN/Admin Onboarding Page/Admin_Onboarding_Step6/Image Cropper/div_btn btn-success btn-ok' is visible

2020-01-16 14:23:24 - [MESSAGE][WARNING] - Timeout '0' is invalid. Using default page load timeout: '30'

2020-01-16 14:23:24 - [MESSAGE][PASSED] - Object 'Object Repository/ADMIN/Admin Onboarding Page/Admin_Onboarding_Step6/Image Cropper/div_btn btn-success btn-ok' is visible

2020-01-16 14:23:24 - [TEST_STEP][PASSED] - click(findTestObject("ADMIN/Admin Onboarding Page/Admin_Onboarding_Step6/Image Cropper/div_btn btn-success btn-ok"), CONTINUE_ON_FAILURE): Object: 'Object Repository/ADMIN/Admin Onboarding Page/Admin_Onboarding_Step6/Image Cropper/div_btn btn-success btn-ok' is clicked on

2020-01-16 14:23:25 - [MESSAGE][PASSED] - Object: 'Object Repository/ADMIN/Admin Onboarding Page/Admin_Onboarding_Step6/Image Cropper/div_btn btn-success btn-ok' is clicked on

2020-01-16 14:23:25 - [TEST_STEP][PASSED] - waitForElementVisible(findTestObject("ADMIN/Admin Onboarding Page/Admin_Onboarding_Step6/Image Cropper/a_Save Photo"), 0): Object 'Object Repository/ADMIN/Admin Onboarding Page/Admin_Onboarding_Step6/Image Cropper/a_Save Photo' is visible

2020-01-16 14:23:25 - [MESSAGE][WARNING] - Timeout '0' is invalid. Using default page load timeout: '30'

2020-01-16 14:23:25 - [MESSAGE][PASSED] - Object 'Object Repository/ADMIN/Admin Onboarding Page/Admin_Onboarding_Step6/Image Cropper/a_Save Photo' is visible

2020-01-16 14:23:25 - [TEST_STEP][PASSED] - click(findTestObject("ADMIN/Admin Onboarding Page/Admin_Onboarding_Step6/Image Cropper/a_Save Photo"), CONTINUE_ON_FAILURE): Object: 'Object Repository/ADMIN/Admin Onboarding Page/Admin_Onboarding_Step6/Image Cropper/a_Save Photo' is clicked on

2020-01-16 14:23:25 - [MESSAGE][PASSED] - Object: 'Object Repository/ADMIN/Admin Onboarding Page/Admin_Onboarding_Step6/Image Cropper/a_Save Photo' is clicked on

2020-01-16 14:23:25 - [TEST_STEP][PASSED] - delay(1): Delayed 1 second(s)

2020-01-16 14:23:26 - [MESSAGE][PASSED] - Delayed 1 second(s)

2020-01-16 14:23:26 - [TEST_STEP][PASSED] - click(findTestObject("ADMIN/Admin Onboarding Page/Admin_Onboarding_Step6/Button_Next_Step6"), CONTINUE_ON_FAILURE): Object: 'Object Repository/ADMIN/Admin Onboarding Page/Admin_Onboarding_Step6/Button_Next_Step6' is clicked on

2020-01-16 14:23:26 - [MESSAGE][PASSED] - Object: 'Object Repository/ADMIN/Admin Onboarding Page/Admin_Onboarding_Step6/Button_Next_Step6' is clicked on

2020-01-16 14:23:26 - [TEST_STEP][PASSED] - comment("Step 7 (editable variables)"): Step 7 (editable variables)

2020-01-16 14:23:26 - [MESSAGE][INFO] - Step 7 (editable variables)

2020-01-16 14:23:26 - [TEST_STEP][PASSED] - waitForElementVisible(findTestObject("ADMIN/Admin Onboarding Page/Admin_Onboarding_Step7/Textlabel_7. Now how would you like t"), 0): Object 'Object Repository/ADMIN/Admin Onboarding Page/Admin_Onboarding_Step7/Textlabel_7. Now how would you like t' is visible

2020-01-16 14:23:26 - [MESSAGE][WARNING] - Timeout '0' is invalid. Using default page load timeout: '30'

2020-01-16 14:23:28 - [MESSAGE][PASSED] - Object 'Object Repository/ADMIN/Admin Onboarding Page/Admin_Onboarding_Step7/Textlabel_7. Now how would you like t' is visible

2020-01-16 14:23:28 - [TEST_STEP][PASSED] - selectOptionByLabel(findTestObject("ADMIN/Admin Onboarding Page/Admin_Onboarding_Step7/Dropdown_Currency"), varCurrency, false): All options with label 'SGD' are selected in object 'Object Repository/ADMIN/Admin Onboarding Page/Admin_Onboarding_Step7/Dropdown_Currency' 

2020-01-16 14:23:29 - [MESSAGE][PASSED] - All options with label 'SGD' are selected in object 'Object Repository/ADMIN/Admin Onboarding Page/Admin_Onboarding_Step7/Dropdown_Currency' 

2020-01-16 14:23:29 - [TEST_STEP][PASSED] - setText(findTestObject("ADMIN/Admin Onboarding Page/Admin_Onboarding_Step7/Textbox_TransactionFee"), varAdminFee): Text '20' is set on object 'Object Repository/ADMIN/Admin Onboarding Page/Admin_Onboarding_Step7/Textbox_TransactionFee'

2020-01-16 14:23:29 - [MESSAGE][PASSED] - Text '20' is set on object 'Object Repository/ADMIN/Admin Onboarding Page/Admin_Onboarding_Step7/Textbox_TransactionFee'

2020-01-16 14:23:29 - [TEST_STEP][PASSED] - click(findTestObject("ADMIN/Admin Onboarding Page/Admin_Onboarding_Step7/Button_Next_Step7"), CONTINUE_ON_FAILURE): Object: 'Object Repository/ADMIN/Admin Onboarding Page/Admin_Onboarding_Step7/Button_Next_Step7' is clicked on

2020-01-16 14:23:30 - [MESSAGE][PASSED] - Object: 'Object Repository/ADMIN/Admin Onboarding Page/Admin_Onboarding_Step7/Button_Next_Step7' is clicked on

2020-01-16 14:23:30 - [TEST_STEP][PASSED] - comment("Step 8"): Step 8

2020-01-16 14:23:30 - [MESSAGE][INFO] - Step 8

2020-01-16 14:23:30 - [TEST_STEP][PASSED] - waitForElementVisible(findTestObject("ADMIN/Admin Onboarding Page/Admin_Onboarding_Step8/Textlabel_Review your marketplace pol"), 0): Object 'Object Repository/ADMIN/Admin Onboarding Page/Admin_Onboarding_Step8/Textlabel_Review your marketplace pol' is visible

2020-01-16 14:23:30 - [MESSAGE][WARNING] - Timeout '0' is invalid. Using default page load timeout: '30'

2020-01-16 14:23:31 - [MESSAGE][PASSED] - Object 'Object Repository/ADMIN/Admin Onboarding Page/Admin_Onboarding_Step8/Textlabel_Review your marketplace pol' is visible

2020-01-16 14:23:31 - [TEST_STEP][PASSED] - comment("Checkbox Return Policy"): Checkbox Return Policy

2020-01-16 14:23:31 - [MESSAGE][INFO] - Checkbox Return Policy

2020-01-16 14:23:31 - [TEST_STEP][PASSED] - click(findTestObject("ADMIN/Admin Onboarding Page/Admin_Onboarding_Step8/Checkbox_ReturnPolicy")): Object: 'Object Repository/ADMIN/Admin Onboarding Page/Admin_Onboarding_Step8/Checkbox_ReturnPolicy' is clicked on

2020-01-16 14:23:31 - [MESSAGE][PASSED] - Object: 'Object Repository/ADMIN/Admin Onboarding Page/Admin_Onboarding_Step8/Checkbox_ReturnPolicy' is clicked on

2020-01-16 14:23:31 - [TEST_STEP][PASSED] - comment("Terms and Condition"): Terms and Condition

2020-01-16 14:23:31 - [MESSAGE][INFO] - Terms and Condition

2020-01-16 14:23:31 - [TEST_STEP][PASSED] - click(findTestObject("ADMIN/Admin Onboarding Page/Admin_Onboarding_Step8/Checkbox_IsAgreed")): Object: 'Object Repository/ADMIN/Admin Onboarding Page/Admin_Onboarding_Step8/Checkbox_IsAgreed' is clicked on

2020-01-16 14:23:31 - [MESSAGE][PASSED] - Object: 'Object Repository/ADMIN/Admin Onboarding Page/Admin_Onboarding_Step8/Checkbox_IsAgreed' is clicked on

2020-01-16 14:23:31 - [TEST_STEP][PASSED] - click(findTestObject("ADMIN/Admin Onboarding Page/Admin_Onboarding_Step8/Button_Next_Step8")): Object: 'Object Repository/ADMIN/Admin Onboarding Page/Admin_Onboarding_Step8/Button_Next_Step8' is clicked on

2020-01-16 14:23:35 - [MESSAGE][PASSED] - Object: 'Object Repository/ADMIN/Admin Onboarding Page/Admin_Onboarding_Step8/Button_Next_Step8' is clicked on]]></system-out>
         <system-err><![CDATA[]]></system-err>
      </testcase>
      <testcase name="Test Cases/ADMIN/Onboarding/Complete Onboarding" time="34.6" classname="Test Cases/ADMIN/Onboarding/Complete Onboarding" status="PASSED">
         <system-out><![CDATA[2020-01-16 14:23:35 - [TEST_CASE][PASSED] - Test Cases/ADMIN/Onboarding/Complete Onboarding: Test Cases/ADMIN/Onboarding/Complete Onboarding

2020-01-16 14:23:36 - [TEST_STEP][PASSED] - comment("Create Account"): Create Account

2020-01-16 14:23:36 - [MESSAGE][INFO] - Create Account

2020-01-16 14:23:36 - [TEST_STEP][PASSED] - openBrowser(""): Browser is opened with url: ''

2020-01-16 14:23:36 - [MESSAGE][WARNING] - A browser is already opened. Closing browser and opening a new one

2020-01-16 14:23:37 - [MESSAGE][INFO] - Starting 'Chrome' driver

2020-01-16 14:23:37 - [MESSAGE][INFO] - User set preference: ['args', '[--incognito]']

2020-01-16 14:23:38 - [MESSAGE][PASSED] - Browser is opened with url: ''

2020-01-16 14:23:38 - [TEST_STEP][PASSED] - if (varServer == "Test"): null

2020-01-16 14:23:38 - [TEST_STEP][PASSED] - else if (varServer == "Staging"): Navigate to 'https://www.staging.arcadier.io' successfully

2020-01-16 14:23:38 - [TEST_STEP][PASSED] - navigateToUrl("https://www.staging.arcadier.io"): Navigate to 'https://www.staging.arcadier.io' successfully

2020-01-16 14:23:40 - [MESSAGE][PASSED] - Navigate to 'https://www.staging.arcadier.io' successfully

2020-01-16 14:23:40 - [TEST_STEP][PASSED] - maximizeWindow(): Current window maximized

2020-01-16 14:23:40 - [MESSAGE][PASSED] - Current window maximized

2020-01-16 14:23:40 - [TEST_STEP][PASSED] - if (varAccountType == "custom"): Object: 'Object Repository/ADMIN/Admin Onboarding Page/Admin Onboarding CustomAcc/Button_Sign_Up' is clicked on

2020-01-16 14:23:40 - [TEST_STEP][PASSED] - click(findTestObject("ADMIN/Admin Onboarding Page/Create_Account_Page/Button_Create_Account")): Object: 'Object Repository/ADMIN/Admin Onboarding Page/Create_Account_Page/Button_Create_Account' is clicked on

2020-01-16 14:23:41 - [MESSAGE][PASSED] - Object: 'Object Repository/ADMIN/Admin Onboarding Page/Create_Account_Page/Button_Create_Account' is clicked on

2020-01-16 14:23:41 - [TEST_STEP][PASSED] - verifyElementPresent(findTestObject("ADMIN/Admin Onboarding Page/Admin Onboarding CustomAcc/Textbox_Username"), 0): Object 'Object Repository/ADMIN/Admin Onboarding Page/Admin Onboarding CustomAcc/Textbox_Username' is present

2020-01-16 14:23:41 - [MESSAGE][WARNING] - Timeout '0' is invalid. Using default page load timeout: '30'

2020-01-16 14:23:41 - [MESSAGE][PASSED] - Object 'Object Repository/ADMIN/Admin Onboarding Page/Admin Onboarding CustomAcc/Textbox_Username' is present

2020-01-16 14:23:41 - [TEST_STEP][PASSED] - setText(findTestObject("ADMIN/Admin Onboarding Page/Admin Onboarding CustomAcc/Textbox_Username"), varUsername): Text '0116space3' is set on object 'Object Repository/ADMIN/Admin Onboarding Page/Admin Onboarding CustomAcc/Textbox_Username'

2020-01-16 14:23:41 - [MESSAGE][PASSED] - Text '0116space3' is set on object 'Object Repository/ADMIN/Admin Onboarding Page/Admin Onboarding CustomAcc/Textbox_Username'

2020-01-16 14:23:41 - [TEST_STEP][PASSED] - setText(findTestObject("ADMIN/Admin Onboarding Page/Admin Onboarding CustomAcc/Textbox_Password"), "welcome8"): Text 'welcome8' is set on object 'Object Repository/ADMIN/Admin Onboarding Page/Admin Onboarding CustomAcc/Textbox_Password'

2020-01-16 14:23:41 - [MESSAGE][PASSED] - Text 'welcome8' is set on object 'Object Repository/ADMIN/Admin Onboarding Page/Admin Onboarding CustomAcc/Textbox_Password'

2020-01-16 14:23:41 - [TEST_STEP][PASSED] - setText(findTestObject("ADMIN/Admin Onboarding Page/Admin Onboarding CustomAcc/Textbox_Reconfirm_Password"), "welcome8"): Text 'welcome8' is set on object 'Object Repository/ADMIN/Admin Onboarding Page/Admin Onboarding CustomAcc/Textbox_Reconfirm_Password'

2020-01-16 14:23:42 - [MESSAGE][PASSED] - Text 'welcome8' is set on object 'Object Repository/ADMIN/Admin Onboarding Page/Admin Onboarding CustomAcc/Textbox_Reconfirm_Password'

2020-01-16 14:23:42 - [TEST_STEP][PASSED] - click(findTestObject("ADMIN/Admin Onboarding Page/Admin Onboarding CustomAcc/Button_Sign_Up")): Object: 'Object Repository/ADMIN/Admin Onboarding Page/Admin Onboarding CustomAcc/Button_Sign_Up' is clicked on

2020-01-16 14:23:44 - [MESSAGE][PASSED] - Object: 'Object Repository/ADMIN/Admin Onboarding Page/Admin Onboarding CustomAcc/Button_Sign_Up' is clicked on

2020-01-16 14:23:44 - [TEST_STEP][PASSED] - comment("Step 1"): Step 1

2020-01-16 14:23:44 - [MESSAGE][INFO] - Step 1

2020-01-16 14:23:44 - [TEST_STEP][PASSED] - selectOptionByLabel(findTestObject("ADMIN/Admin Onboarding Page/Admin_Onboarding_Step1/1stDropdown_Please select one...Im"), "I’m managing them offline", false): All options with label 'I’m managing them offline' are selected in object 'Object Repository/ADMIN/Admin Onboarding Page/Admin_Onboarding_Step1/1stDropdown_Please select one...Im' 

2020-01-16 14:23:45 - [MESSAGE][PASSED] - All options with label 'I’m managing them offline' are selected in object 'Object Repository/ADMIN/Admin Onboarding Page/Admin_Onboarding_Step1/1stDropdown_Please select one...Im' 

2020-01-16 14:23:45 - [TEST_STEP][PASSED] - selectOptionByLabel(findTestObject("ADMIN/Admin Onboarding Page/Admin_Onboarding_Step1/2ndDropdown_Please select one...Don"), "Something else!", false): All options with label 'Something else!' are selected in object 'Object Repository/ADMIN/Admin Onboarding Page/Admin_Onboarding_Step1/2ndDropdown_Please select one...Don' 

2020-01-16 14:23:45 - [MESSAGE][PASSED] - All options with label 'Something else!' are selected in object 'Object Repository/ADMIN/Admin Onboarding Page/Admin_Onboarding_Step1/2ndDropdown_Please select one...Don' 

2020-01-16 14:23:45 - [TEST_STEP][PASSED] - setText(findTestObject("ADMIN/Admin Onboarding Page/Admin_Onboarding_Step1/2nddropdown_textbox_OtherMarketplaceType"), "Marketplace"): Text 'Marketplace' is set on object 'Object Repository/ADMIN/Admin Onboarding Page/Admin_Onboarding_Step1/2nddropdown_textbox_OtherMarketplaceType'

2020-01-16 14:23:45 - [MESSAGE][PASSED] - Text 'Marketplace' is set on object 'Object Repository/ADMIN/Admin Onboarding Page/Admin_Onboarding_Step1/2nddropdown_textbox_OtherMarketplaceType'

2020-01-16 14:23:45 - [TEST_STEP][PASSED] - selectOptionByLabel(findTestObject("ADMIN/Admin Onboarding Page/Admin_Onboarding_Step1/3rdDropdown_Im an individualIm work"), "Someone else!", false): All options with label 'Someone else!' are selected in object 'Object Repository/ADMIN/Admin Onboarding Page/Admin_Onboarding_Step1/3rdDropdown_Im an individualIm work' 

2020-01-16 14:23:46 - [MESSAGE][PASSED] - All options with label 'Someone else!' are selected in object 'Object Repository/ADMIN/Admin Onboarding Page/Admin_Onboarding_Step1/3rdDropdown_Im an individualIm work' 

2020-01-16 14:23:46 - [TEST_STEP][PASSED] - setText(findTestObject("ADMIN/Admin Onboarding Page/Admin_Onboarding_Step1/3rddropdown_textbox_OtherEntityType"), "Business Man"): Text 'Business Man' is set on object 'Object Repository/ADMIN/Admin Onboarding Page/Admin_Onboarding_Step1/3rddropdown_textbox_OtherEntityType'

2020-01-16 14:23:46 - [MESSAGE][PASSED] - Text 'Business Man' is set on object 'Object Repository/ADMIN/Admin Onboarding Page/Admin_Onboarding_Step1/3rddropdown_textbox_OtherEntityType'

2020-01-16 14:23:46 - [TEST_STEP][PASSED] - setText(findTestObject("ADMIN/Admin Onboarding Page/Admin_Onboarding_Step1/3rddropdown_textbox_OtherEntityType"), "Business Man"): Text 'Business Man' is set on object 'Object Repository/ADMIN/Admin Onboarding Page/Admin_Onboarding_Step1/3rddropdown_textbox_OtherEntityType'

2020-01-16 14:23:46 - [MESSAGE][PASSED] - Text 'Business Man' is set on object 'Object Repository/ADMIN/Admin Onboarding Page/Admin_Onboarding_Step1/3rddropdown_textbox_OtherEntityType'

2020-01-16 14:23:46 - [TEST_STEP][PASSED] - click(findTestObject("ADMIN/Admin Onboarding Page/Admin_Onboarding_Step1/Button_NEXT_Step1")): Object: 'Object Repository/ADMIN/Admin Onboarding Page/Admin_Onboarding_Step1/Button_NEXT_Step1' is clicked on

2020-01-16 14:23:48 - [MESSAGE][PASSED] - Object: 'Object Repository/ADMIN/Admin Onboarding Page/Admin_Onboarding_Step1/Button_NEXT_Step1' is clicked on

2020-01-16 14:23:48 - [TEST_STEP][PASSED] - comment("Step 2"): Step 2

2020-01-16 14:23:48 - [MESSAGE][INFO] - Step 2

2020-01-16 14:23:48 - [TEST_STEP][PASSED] - waitForElementVisible(findTestObject("ADMIN/Admin Onboarding Page/Admin_Onboarding_Step2/Textlabel_We will like to know mor"), 0): Object 'Object Repository/ADMIN/Admin Onboarding Page/Admin_Onboarding_Step2/Textlabel_We will like to know mor' is visible

2020-01-16 14:23:48 - [MESSAGE][WARNING] - Timeout '0' is invalid. Using default page load timeout: '30'

2020-01-16 14:23:48 - [MESSAGE][PASSED] - Object 'Object Repository/ADMIN/Admin Onboarding Page/Admin_Onboarding_Step2/Textlabel_We will like to know mor' is visible

2020-01-16 14:23:48 - [TEST_STEP][PASSED] - setText(findTestObject("ADMIN/Admin Onboarding Page/Admin_Onboarding_Step2/Textbox_FirstName"), varFName): Text '0116space3' is set on object 'Object Repository/ADMIN/Admin Onboarding Page/Admin_Onboarding_Step2/Textbox_FirstName'

2020-01-16 14:23:48 - [MESSAGE][PASSED] - Text '0116space3' is set on object 'Object Repository/ADMIN/Admin Onboarding Page/Admin_Onboarding_Step2/Textbox_FirstName'

2020-01-16 14:23:48 - [TEST_STEP][PASSED] - setText(findTestObject("ADMIN/Admin Onboarding Page/Admin_Onboarding_Step2/Textbox_LastName"), varLName): Text 'Marketplace' is set on object 'Object Repository/ADMIN/Admin Onboarding Page/Admin_Onboarding_Step2/Textbox_LastName'

2020-01-16 14:23:48 - [MESSAGE][PASSED] - Text 'Marketplace' is set on object 'Object Repository/ADMIN/Admin Onboarding Page/Admin_Onboarding_Step2/Textbox_LastName'

2020-01-16 14:23:48 - [TEST_STEP][PASSED] - setText(findTestObject("ADMIN/Admin Onboarding Page/Admin_Onboarding_Step2/Textbox_Email"), varEmail): Text 'arcadierteam@gmail.com' is set on object 'Object Repository/ADMIN/Admin Onboarding Page/Admin_Onboarding_Step2/Textbox_Email'

2020-01-16 14:23:49 - [MESSAGE][PASSED] - Text 'arcadierteam@gmail.com' is set on object 'Object Repository/ADMIN/Admin Onboarding Page/Admin_Onboarding_Step2/Textbox_Email'

2020-01-16 14:23:49 - [TEST_STEP][PASSED] - delay(1): Delayed 1 second(s)

2020-01-16 14:23:50 - [MESSAGE][PASSED] - Delayed 1 second(s)

2020-01-16 14:23:50 - [TEST_STEP][PASSED] - selectOptionByLabel(findTestObject("ADMIN/Admin Onboarding Page/Admin_Onboarding_Step2/Country_Dropdown"), varCountry, false): All options with label 'Italy' are selected in object 'Object Repository/ADMIN/Admin Onboarding Page/Admin_Onboarding_Step2/Country_Dropdown' 

2020-01-16 14:23:50 - [MESSAGE][PASSED] - All options with label 'Italy' are selected in object 'Object Repository/ADMIN/Admin Onboarding Page/Admin_Onboarding_Step2/Country_Dropdown' 

2020-01-16 14:23:50 - [TEST_STEP][PASSED] - setText(findTestObject("ADMIN/Admin Onboarding Page/Admin_Onboarding_Step2/Address_Line1"), varAddress1): Text 'Strada Statale 130' is set on object 'Object Repository/ADMIN/Admin Onboarding Page/Admin_Onboarding_Step2/Address_Line1'

2020-01-16 14:23:50 - [MESSAGE][PASSED] - Text 'Strada Statale 130' is set on object 'Object Repository/ADMIN/Admin Onboarding Page/Admin_Onboarding_Step2/Address_Line1'

2020-01-16 14:23:50 - [TEST_STEP][PASSED] - setText(findTestObject("ADMIN/Admin Onboarding Page/Admin_Onboarding_Step2/Address_Line2"), varAddress2): Text 'Dorzano, Biella 13881' is set on object 'Object Repository/ADMIN/Admin Onboarding Page/Admin_Onboarding_Step2/Address_Line2'

2020-01-16 14:23:50 - [MESSAGE][PASSED] - Text 'Dorzano, Biella 13881' is set on object 'Object Repository/ADMIN/Admin Onboarding Page/Admin_Onboarding_Step2/Address_Line2'

2020-01-16 14:23:50 - [TEST_STEP][PASSED] - setText(findTestObject("ADMIN/Admin Onboarding Page/Admin_Onboarding_Step2/Textbox_PhoneNumber"), varContactNumber): Text '+631234567890' is set on object 'Object Repository/ADMIN/Admin Onboarding Page/Admin_Onboarding_Step2/Textbox_PhoneNumber'

2020-01-16 14:23:51 - [MESSAGE][PASSED] - Text '+631234567890' is set on object 'Object Repository/ADMIN/Admin Onboarding Page/Admin_Onboarding_Step2/Textbox_PhoneNumber'

2020-01-16 14:23:51 - [TEST_STEP][PASSED] - click(findTestObject("ADMIN/Admin Onboarding Page/Admin_Onboarding_Step2/Button_Next_Step2"), CONTINUE_ON_FAILURE): Object: 'Object Repository/ADMIN/Admin Onboarding Page/Admin_Onboarding_Step2/Button_Next_Step2' is clicked on

2020-01-16 14:23:52 - [MESSAGE][PASSED] - Object: 'Object Repository/ADMIN/Admin Onboarding Page/Admin_Onboarding_Step2/Button_Next_Step2' is clicked on

2020-01-16 14:23:52 - [TEST_STEP][PASSED] - comment("Step 3"): Step 3

2020-01-16 14:23:52 - [MESSAGE][INFO] - Step 3

2020-01-16 14:23:52 - [TEST_STEP][PASSED] - waitForElementVisible(findTestObject("ADMIN/Admin Onboarding Page/Admin_Onboarding_Step3/TextLabel_What type of marketplace"), 0): Object 'Object Repository/ADMIN/Admin Onboarding Page/Admin_Onboarding_Step3/TextLabel_What type of marketplace' is visible

2020-01-16 14:23:52 - [MESSAGE][WARNING] - Timeout '0' is invalid. Using default page load timeout: '30'

2020-01-16 14:23:52 - [MESSAGE][PASSED] - Object 'Object Repository/ADMIN/Admin Onboarding Page/Admin_Onboarding_Step3/TextLabel_What type of marketplace' is visible

2020-01-16 14:23:52 - [TEST_STEP][PASSED] - delay(1): Delayed 1 second(s)

2020-01-16 14:23:53 - [MESSAGE][PASSED] - Delayed 1 second(s)

2020-01-16 14:23:53 - [TEST_STEP][PASSED] - if (varTemplate == "Bespoke"): null

2020-01-16 14:23:53 - [TEST_STEP][PASSED] - else if (varTemplate == "ServiceBookings(TIME)"): null

2020-01-16 14:23:53 - [TEST_STEP][PASSED] - else if (varTemplate == "RentalGoods(TIME)"): null

2020-01-16 14:23:53 - [TEST_STEP][PASSED] - else if (varTemplate == "Space"): Object: 'Object Repository/ADMIN/Admin Onboarding Page/Admin_Onboarding_Step3/Select/a_Select_Space Rental' is clicked on

2020-01-16 14:23:53 - [TEST_STEP][PASSED] - mouseOver(findTestObject("ADMIN/Admin Onboarding Page/Admin_Onboarding_Step3/Preview/div_ Preview Select Space Rent")): Object: 'Object Repository/ADMIN/Admin Onboarding Page/Admin_Onboarding_Step3/Preview/div_ Preview Select Space Rent' is hovered

2020-01-16 14:23:53 - [MESSAGE][PASSED] - Object: 'Object Repository/ADMIN/Admin Onboarding Page/Admin_Onboarding_Step3/Preview/div_ Preview Select Space Rent' is hovered

2020-01-16 14:23:53 - [TEST_STEP][PASSED] - delay(1): Delayed 1 second(s)

2020-01-16 14:23:54 - [MESSAGE][PASSED] - Delayed 1 second(s)

2020-01-16 14:23:54 - [TEST_STEP][PASSED] - click(findTestObject("ADMIN/Admin Onboarding Page/Admin_Onboarding_Step3/Select/a_Select_Space Rental")): Object: 'Object Repository/ADMIN/Admin Onboarding Page/Admin_Onboarding_Step3/Select/a_Select_Space Rental' is clicked on

2020-01-16 14:23:55 - [MESSAGE][PASSED] - Object: 'Object Repository/ADMIN/Admin Onboarding Page/Admin_Onboarding_Step3/Select/a_Select_Space Rental' is clicked on

2020-01-16 14:23:55 - [TEST_STEP][PASSED] - comment("Step 4"): Step 4

2020-01-16 14:23:55 - [MESSAGE][INFO] - Step 4

2020-01-16 14:23:55 - [TEST_STEP][PASSED] - uploadFile(findTestObject("ADMIN/Admin Onboarding Page/Admin_Onboarding_Step4/Button_Browse_Step4"), varLogo): File 'C:\\Users\\Arcadier\\git\\Arctick\\Images\\LogoLayout\\logo2.jpg' sent to object: 'Object Repository/ADMIN/Admin Onboarding Page/Admin_Onboarding_Step4/Button_Browse_Step4'

2020-01-16 14:23:56 - [MESSAGE][PASSED] - File 'C:\\Users\\Arcadier\\git\\Arctick\\Images\\LogoLayout\\logo2.jpg' sent to object: 'Object Repository/ADMIN/Admin Onboarding Page/Admin_Onboarding_Step4/Button_Browse_Step4'

2020-01-16 14:23:56 - [TEST_STEP][PASSED] - setText(findTestObject("ADMIN/Admin Onboarding Page/Admin_Onboarding_Step4/Textbox_Marketplace_Name"), varUsername): Text '0116space3' is set on object 'Object Repository/ADMIN/Admin Onboarding Page/Admin_Onboarding_Step4/Textbox_Marketplace_Name'

2020-01-16 14:23:56 - [MESSAGE][PASSED] - Text '0116space3' is set on object 'Object Repository/ADMIN/Admin Onboarding Page/Admin_Onboarding_Step4/Textbox_Marketplace_Name'

2020-01-16 14:23:56 - [TEST_STEP][PASSED] - setText(findTestObject("ADMIN/Admin Onboarding Page/Admin_Onboarding_Step4/Textbox_Slogan"), varTheme): Text 'Theme 2' is set on object 'Object Repository/ADMIN/Admin Onboarding Page/Admin_Onboarding_Step4/Textbox_Slogan'

2020-01-16 14:23:56 - [MESSAGE][PASSED] - Text 'Theme 2' is set on object 'Object Repository/ADMIN/Admin Onboarding Page/Admin_Onboarding_Step4/Textbox_Slogan'

2020-01-16 14:23:56 - [TEST_STEP][PASSED] - setText(findTestObject("ADMIN/Admin Onboarding Page/Admin_Onboarding_Step4/Textbox_ContactNumber"), varContactNumber): Text '+631234567890' is set on object 'Object Repository/ADMIN/Admin Onboarding Page/Admin_Onboarding_Step4/Textbox_ContactNumber'

2020-01-16 14:23:56 - [MESSAGE][PASSED] - Text '+631234567890' is set on object 'Object Repository/ADMIN/Admin Onboarding Page/Admin_Onboarding_Step4/Textbox_ContactNumber'

2020-01-16 14:23:56 - [TEST_STEP][PASSED] - setText(findTestObject("ADMIN/Admin Onboarding Page/Admin_Onboarding_Step4/Textbox_ContactEmail"), varEmail): Text 'arcadierteam@gmail.com' is set on object 'Object Repository/ADMIN/Admin Onboarding Page/Admin_Onboarding_Step4/Textbox_ContactEmail'

2020-01-16 14:23:57 - [MESSAGE][PASSED] - Text 'arcadierteam@gmail.com' is set on object 'Object Repository/ADMIN/Admin Onboarding Page/Admin_Onboarding_Step4/Textbox_ContactEmail'

2020-01-16 14:23:57 - [TEST_STEP][PASSED] - click(findTestObject("ADMIN/Admin Onboarding Page/Admin_Onboarding_Step4/Button_Next_Step4"), CONTINUE_ON_FAILURE): Object: 'Object Repository/ADMIN/Admin Onboarding Page/Admin_Onboarding_Step4/Button_Next_Step4' is clicked on

2020-01-16 14:23:57 - [MESSAGE][PASSED] - Object: 'Object Repository/ADMIN/Admin Onboarding Page/Admin_Onboarding_Step4/Button_Next_Step4' is clicked on

2020-01-16 14:23:57 - [TEST_STEP][PASSED] - comment("Step 5"): Step 5

2020-01-16 14:23:57 - [MESSAGE][INFO] - Step 5

2020-01-16 14:23:57 - [TEST_STEP][PASSED] - waitForElementVisible(findTestObject("ADMIN/Admin Onboarding Page/Admin_Onboarding_Step5/h1_5. Preview  pick out a mark"), 0): Object 'Object Repository/ADMIN/Admin Onboarding Page/Admin_Onboarding_Step5/h1_5. Preview  pick out a mark' is visible

2020-01-16 14:23:57 - [MESSAGE][WARNING] - Timeout '0' is invalid. Using default page load timeout: '30'

2020-01-16 14:23:58 - [MESSAGE][PASSED] - Object 'Object Repository/ADMIN/Admin Onboarding Page/Admin_Onboarding_Step5/h1_5. Preview  pick out a mark' is visible

2020-01-16 14:23:58 - [TEST_STEP][PASSED] - if (varTemplate == "Bespoke"): null

2020-01-16 14:23:58 - [TEST_STEP][PASSED] - else if (varTemplate == "Space"): Object: 'Object Repository/ADMIN/Admin Onboarding Page/Admin_Onboarding_Step5/Button_Theme2_Select' is clicked on

2020-01-16 14:23:58 - [TEST_STEP][PASSED] - if (varTheme == "Theme 1"): null

2020-01-16 14:23:58 - [TEST_STEP][PASSED] - else if (varTheme == "Theme 2"): Object: 'Object Repository/ADMIN/Admin Onboarding Page/Admin_Onboarding_Step5/Button_Theme2_Select' is clicked on

2020-01-16 14:23:58 - [TEST_STEP][PASSED] - click(findTestObject("ADMIN/Admin Onboarding Page/Admin_Onboarding_Step5/Button_Theme2_Select")): Object: 'Object Repository/ADMIN/Admin Onboarding Page/Admin_Onboarding_Step5/Button_Theme2_Select' is clicked on

2020-01-16 14:23:58 - [MESSAGE][PASSED] - Object: 'Object Repository/ADMIN/Admin Onboarding Page/Admin_Onboarding_Step5/Button_Theme2_Select' is clicked on

2020-01-16 14:23:58 - [TEST_STEP][PASSED] - click(findTestObject("ADMIN/Admin Onboarding Page/Admin_Onboarding_Step5/Button_Next_Step5")): Object: 'Object Repository/ADMIN/Admin Onboarding Page/Admin_Onboarding_Step5/Button_Next_Step5' is clicked on

2020-01-16 14:23:59 - [MESSAGE][PASSED] - Object: 'Object Repository/ADMIN/Admin Onboarding Page/Admin_Onboarding_Step5/Button_Next_Step5' is clicked on

2020-01-16 14:23:59 - [TEST_STEP][PASSED] - comment("Step 6"): Step 6

2020-01-16 14:23:59 - [MESSAGE][INFO] - Step 6

2020-01-16 14:23:59 - [TEST_STEP][PASSED] - waitForElementVisible(findTestObject("ADMIN/Admin Onboarding Page/Admin_Onboarding_Step6/Textlabel_Select your marketplace"), 0): Object 'Object Repository/ADMIN/Admin Onboarding Page/Admin_Onboarding_Step6/Textlabel_Select your marketplace' is visible

2020-01-16 14:23:59 - [MESSAGE][WARNING] - Timeout '0' is invalid. Using default page load timeout: '30'

2020-01-16 14:23:59 - [MESSAGE][PASSED] - Object 'Object Repository/ADMIN/Admin Onboarding Page/Admin_Onboarding_Step6/Textlabel_Select your marketplace' is visible

2020-01-16 14:23:59 - [TEST_STEP][PASSED] - click(findTestObject("ADMIN/Admin Onboarding Page/Admin_Onboarding_Step6/Button_Browse_Step6"), CONTINUE_ON_FAILURE): Object: 'Object Repository/ADMIN/Admin Onboarding Page/Admin_Onboarding_Step6/Button_Browse_Step6' is clicked on

2020-01-16 14:23:59 - [MESSAGE][PASSED] - Object: 'Object Repository/ADMIN/Admin Onboarding Page/Admin_Onboarding_Step6/Button_Browse_Step6' is clicked on

2020-01-16 14:23:59 - [TEST_STEP][PASSED] - delay(2): Delayed 2 second(s)

2020-01-16 14:24:01 - [MESSAGE][PASSED] - Delayed 2 second(s)

2020-01-16 14:24:01 - [TEST_STEP][PASSED] - uploadFile(findTestObject("ADMIN/Admin Onboarding Page/Admin_Onboarding_Step6/Image_Container"), varCoverImage): File 'C:\\Users\\Arcadier\\git\\Arctick\\Images\\LogoLayout\\coverimage3.jpg' sent to object: 'Object Repository/ADMIN/Admin Onboarding Page/Admin_Onboarding_Step6/Image_Container'

2020-01-16 14:24:02 - [MESSAGE][PASSED] - File 'C:\\Users\\Arcadier\\git\\Arctick\\Images\\LogoLayout\\coverimage3.jpg' sent to object: 'Object Repository/ADMIN/Admin Onboarding Page/Admin_Onboarding_Step6/Image_Container'

2020-01-16 14:24:02 - [TEST_STEP][PASSED] - waitForElementVisible(findTestObject("ADMIN/Admin Onboarding Page/Admin_Onboarding_Step6/Image Cropper/div_btn btn-success btn-ok"), 0): Object 'Object Repository/ADMIN/Admin Onboarding Page/Admin_Onboarding_Step6/Image Cropper/div_btn btn-success btn-ok' is visible

2020-01-16 14:24:02 - [MESSAGE][WARNING] - Timeout '0' is invalid. Using default page load timeout: '30'

2020-01-16 14:24:02 - [MESSAGE][PASSED] - Object 'Object Repository/ADMIN/Admin Onboarding Page/Admin_Onboarding_Step6/Image Cropper/div_btn btn-success btn-ok' is visible

2020-01-16 14:24:02 - [TEST_STEP][PASSED] - click(findTestObject("ADMIN/Admin Onboarding Page/Admin_Onboarding_Step6/Image Cropper/div_btn btn-success btn-ok"), CONTINUE_ON_FAILURE): Object: 'Object Repository/ADMIN/Admin Onboarding Page/Admin_Onboarding_Step6/Image Cropper/div_btn btn-success btn-ok' is clicked on

2020-01-16 14:24:02 - [MESSAGE][PASSED] - Object: 'Object Repository/ADMIN/Admin Onboarding Page/Admin_Onboarding_Step6/Image Cropper/div_btn btn-success btn-ok' is clicked on

2020-01-16 14:24:02 - [TEST_STEP][PASSED] - waitForElementVisible(findTestObject("ADMIN/Admin Onboarding Page/Admin_Onboarding_Step6/Image Cropper/a_Save Photo"), 0): Object 'Object Repository/ADMIN/Admin Onboarding Page/Admin_Onboarding_Step6/Image Cropper/a_Save Photo' is visible

2020-01-16 14:24:02 - [MESSAGE][WARNING] - Timeout '0' is invalid. Using default page load timeout: '30'

2020-01-16 14:24:02 - [MESSAGE][PASSED] - Object 'Object Repository/ADMIN/Admin Onboarding Page/Admin_Onboarding_Step6/Image Cropper/a_Save Photo' is visible

2020-01-16 14:24:02 - [TEST_STEP][PASSED] - click(findTestObject("ADMIN/Admin Onboarding Page/Admin_Onboarding_Step6/Image Cropper/a_Save Photo"), CONTINUE_ON_FAILURE): Object: 'Object Repository/ADMIN/Admin Onboarding Page/Admin_Onboarding_Step6/Image Cropper/a_Save Photo' is clicked on

2020-01-16 14:24:02 - [MESSAGE][PASSED] - Object: 'Object Repository/ADMIN/Admin Onboarding Page/Admin_Onboarding_Step6/Image Cropper/a_Save Photo' is clicked on

2020-01-16 14:24:02 - [TEST_STEP][PASSED] - delay(1): Delayed 1 second(s)

2020-01-16 14:24:03 - [MESSAGE][PASSED] - Delayed 1 second(s)

2020-01-16 14:24:03 - [TEST_STEP][PASSED] - click(findTestObject("ADMIN/Admin Onboarding Page/Admin_Onboarding_Step6/Button_Next_Step6"), CONTINUE_ON_FAILURE): Object: 'Object Repository/ADMIN/Admin Onboarding Page/Admin_Onboarding_Step6/Button_Next_Step6' is clicked on

2020-01-16 14:24:03 - [MESSAGE][PASSED] - Object: 'Object Repository/ADMIN/Admin Onboarding Page/Admin_Onboarding_Step6/Button_Next_Step6' is clicked on

2020-01-16 14:24:03 - [TEST_STEP][PASSED] - comment("Step 7 (editable variables)"): Step 7 (editable variables)

2020-01-16 14:24:03 - [MESSAGE][INFO] - Step 7 (editable variables)

2020-01-16 14:24:03 - [TEST_STEP][PASSED] - waitForElementVisible(findTestObject("ADMIN/Admin Onboarding Page/Admin_Onboarding_Step7/Textlabel_7. Now how would you like t"), 0): Object 'Object Repository/ADMIN/Admin Onboarding Page/Admin_Onboarding_Step7/Textlabel_7. Now how would you like t' is visible

2020-01-16 14:24:03 - [MESSAGE][WARNING] - Timeout '0' is invalid. Using default page load timeout: '30'

2020-01-16 14:24:05 - [MESSAGE][PASSED] - Object 'Object Repository/ADMIN/Admin Onboarding Page/Admin_Onboarding_Step7/Textlabel_7. Now how would you like t' is visible

2020-01-16 14:24:05 - [TEST_STEP][PASSED] - selectOptionByLabel(findTestObject("ADMIN/Admin Onboarding Page/Admin_Onboarding_Step7/Dropdown_Currency"), varCurrency, false): All options with label 'SGD' are selected in object 'Object Repository/ADMIN/Admin Onboarding Page/Admin_Onboarding_Step7/Dropdown_Currency' 

2020-01-16 14:24:05 - [MESSAGE][PASSED] - All options with label 'SGD' are selected in object 'Object Repository/ADMIN/Admin Onboarding Page/Admin_Onboarding_Step7/Dropdown_Currency' 

2020-01-16 14:24:05 - [TEST_STEP][PASSED] - setText(findTestObject("ADMIN/Admin Onboarding Page/Admin_Onboarding_Step7/Textbox_TransactionFee"), varAdminFee): Text '20' is set on object 'Object Repository/ADMIN/Admin Onboarding Page/Admin_Onboarding_Step7/Textbox_TransactionFee'

2020-01-16 14:24:06 - [MESSAGE][PASSED] - Text '20' is set on object 'Object Repository/ADMIN/Admin Onboarding Page/Admin_Onboarding_Step7/Textbox_TransactionFee'

2020-01-16 14:24:06 - [TEST_STEP][PASSED] - click(findTestObject("ADMIN/Admin Onboarding Page/Admin_Onboarding_Step7/Button_Next_Step7"), CONTINUE_ON_FAILURE): Object: 'Object Repository/ADMIN/Admin Onboarding Page/Admin_Onboarding_Step7/Button_Next_Step7' is clicked on

2020-01-16 14:24:07 - [MESSAGE][PASSED] - Object: 'Object Repository/ADMIN/Admin Onboarding Page/Admin_Onboarding_Step7/Button_Next_Step7' is clicked on

2020-01-16 14:24:07 - [TEST_STEP][PASSED] - comment("Step 8"): Step 8

2020-01-16 14:24:07 - [MESSAGE][INFO] - Step 8

2020-01-16 14:24:07 - [TEST_STEP][PASSED] - waitForElementVisible(findTestObject("ADMIN/Admin Onboarding Page/Admin_Onboarding_Step8/Textlabel_Review your marketplace pol"), 0): Object 'Object Repository/ADMIN/Admin Onboarding Page/Admin_Onboarding_Step8/Textlabel_Review your marketplace pol' is visible

2020-01-16 14:24:07 - [MESSAGE][WARNING] - Timeout '0' is invalid. Using default page load timeout: '30'

2020-01-16 14:24:07 - [MESSAGE][PASSED] - Object 'Object Repository/ADMIN/Admin Onboarding Page/Admin_Onboarding_Step8/Textlabel_Review your marketplace pol' is visible

2020-01-16 14:24:07 - [TEST_STEP][PASSED] - comment("Checkbox Return Policy"): Checkbox Return Policy

2020-01-16 14:24:07 - [MESSAGE][INFO] - Checkbox Return Policy

2020-01-16 14:24:07 - [TEST_STEP][PASSED] - click(findTestObject("ADMIN/Admin Onboarding Page/Admin_Onboarding_Step8/Checkbox_ReturnPolicy")): Object: 'Object Repository/ADMIN/Admin Onboarding Page/Admin_Onboarding_Step8/Checkbox_ReturnPolicy' is clicked on

2020-01-16 14:24:07 - [MESSAGE][PASSED] - Object: 'Object Repository/ADMIN/Admin Onboarding Page/Admin_Onboarding_Step8/Checkbox_ReturnPolicy' is clicked on

2020-01-16 14:24:07 - [TEST_STEP][PASSED] - comment("Terms and Condition"): Terms and Condition

2020-01-16 14:24:07 - [MESSAGE][INFO] - Terms and Condition

2020-01-16 14:24:07 - [TEST_STEP][PASSED] - click(findTestObject("ADMIN/Admin Onboarding Page/Admin_Onboarding_Step8/Checkbox_IsAgreed")): Object: 'Object Repository/ADMIN/Admin Onboarding Page/Admin_Onboarding_Step8/Checkbox_IsAgreed' is clicked on

2020-01-16 14:24:07 - [MESSAGE][PASSED] - Object: 'Object Repository/ADMIN/Admin Onboarding Page/Admin_Onboarding_Step8/Checkbox_IsAgreed' is clicked on

2020-01-16 14:24:07 - [TEST_STEP][PASSED] - click(findTestObject("ADMIN/Admin Onboarding Page/Admin_Onboarding_Step8/Button_Next_Step8")): Object: 'Object Repository/ADMIN/Admin Onboarding Page/Admin_Onboarding_Step8/Button_Next_Step8' is clicked on

2020-01-16 14:24:10 - [MESSAGE][PASSED] - Object: 'Object Repository/ADMIN/Admin Onboarding Page/Admin_Onboarding_Step8/Button_Next_Step8' is clicked on]]></system-out>
         <system-err><![CDATA[]]></system-err>
      </testcase>
      <testcase name="Test Cases/ADMIN/Onboarding/Complete Onboarding" time="32.296" classname="Test Cases/ADMIN/Onboarding/Complete Onboarding" status="PASSED">
         <system-out><![CDATA[2020-01-16 14:24:10 - [TEST_CASE][PASSED] - Test Cases/ADMIN/Onboarding/Complete Onboarding: Test Cases/ADMIN/Onboarding/Complete Onboarding

2020-01-16 14:24:11 - [TEST_STEP][PASSED] - comment("Create Account"): Create Account

2020-01-16 14:24:11 - [MESSAGE][INFO] - Create Account

2020-01-16 14:24:11 - [TEST_STEP][PASSED] - openBrowser(""): Browser is opened with url: ''

2020-01-16 14:24:11 - [MESSAGE][WARNING] - A browser is already opened. Closing browser and opening a new one

2020-01-16 14:24:11 - [MESSAGE][INFO] - Starting 'Chrome' driver

2020-01-16 14:24:11 - [MESSAGE][INFO] - User set preference: ['args', '[--incognito]']

2020-01-16 14:24:12 - [MESSAGE][PASSED] - Browser is opened with url: ''

2020-01-16 14:24:12 - [TEST_STEP][PASSED] - if (varServer == "Test"): null

2020-01-16 14:24:12 - [TEST_STEP][PASSED] - else if (varServer == "Staging"): Navigate to 'https://www.staging.arcadier.io' successfully

2020-01-16 14:24:12 - [TEST_STEP][PASSED] - navigateToUrl("https://www.staging.arcadier.io"): Navigate to 'https://www.staging.arcadier.io' successfully

2020-01-16 14:24:15 - [MESSAGE][PASSED] - Navigate to 'https://www.staging.arcadier.io' successfully

2020-01-16 14:24:15 - [TEST_STEP][PASSED] - maximizeWindow(): Current window maximized

2020-01-16 14:24:15 - [MESSAGE][PASSED] - Current window maximized

2020-01-16 14:24:15 - [TEST_STEP][PASSED] - if (varAccountType == "custom"): Object: 'Object Repository/ADMIN/Admin Onboarding Page/Admin Onboarding CustomAcc/Button_Sign_Up' is clicked on

2020-01-16 14:24:15 - [TEST_STEP][PASSED] - click(findTestObject("ADMIN/Admin Onboarding Page/Create_Account_Page/Button_Create_Account")): Object: 'Object Repository/ADMIN/Admin Onboarding Page/Create_Account_Page/Button_Create_Account' is clicked on

2020-01-16 14:24:16 - [MESSAGE][PASSED] - Object: 'Object Repository/ADMIN/Admin Onboarding Page/Create_Account_Page/Button_Create_Account' is clicked on

2020-01-16 14:24:16 - [TEST_STEP][PASSED] - verifyElementPresent(findTestObject("ADMIN/Admin Onboarding Page/Admin Onboarding CustomAcc/Textbox_Username"), 0): Object 'Object Repository/ADMIN/Admin Onboarding Page/Admin Onboarding CustomAcc/Textbox_Username' is present

2020-01-16 14:24:16 - [MESSAGE][WARNING] - Timeout '0' is invalid. Using default page load timeout: '30'

2020-01-16 14:24:16 - [MESSAGE][PASSED] - Object 'Object Repository/ADMIN/Admin Onboarding Page/Admin Onboarding CustomAcc/Textbox_Username' is present

2020-01-16 14:24:16 - [TEST_STEP][PASSED] - setText(findTestObject("ADMIN/Admin Onboarding Page/Admin Onboarding CustomAcc/Textbox_Username"), varUsername): Text '0116space4' is set on object 'Object Repository/ADMIN/Admin Onboarding Page/Admin Onboarding CustomAcc/Textbox_Username'

2020-01-16 14:24:16 - [MESSAGE][PASSED] - Text '0116space4' is set on object 'Object Repository/ADMIN/Admin Onboarding Page/Admin Onboarding CustomAcc/Textbox_Username'

2020-01-16 14:24:16 - [TEST_STEP][PASSED] - setText(findTestObject("ADMIN/Admin Onboarding Page/Admin Onboarding CustomAcc/Textbox_Password"), "welcome8"): Text 'welcome8' is set on object 'Object Repository/ADMIN/Admin Onboarding Page/Admin Onboarding CustomAcc/Textbox_Password'

2020-01-16 14:24:16 - [MESSAGE][PASSED] - Text 'welcome8' is set on object 'Object Repository/ADMIN/Admin Onboarding Page/Admin Onboarding CustomAcc/Textbox_Password'

2020-01-16 14:24:16 - [TEST_STEP][PASSED] - setText(findTestObject("ADMIN/Admin Onboarding Page/Admin Onboarding CustomAcc/Textbox_Reconfirm_Password"), "welcome8"): Text 'welcome8' is set on object 'Object Repository/ADMIN/Admin Onboarding Page/Admin Onboarding CustomAcc/Textbox_Reconfirm_Password'

2020-01-16 14:24:17 - [MESSAGE][PASSED] - Text 'welcome8' is set on object 'Object Repository/ADMIN/Admin Onboarding Page/Admin Onboarding CustomAcc/Textbox_Reconfirm_Password'

2020-01-16 14:24:17 - [TEST_STEP][PASSED] - click(findTestObject("ADMIN/Admin Onboarding Page/Admin Onboarding CustomAcc/Button_Sign_Up")): Object: 'Object Repository/ADMIN/Admin Onboarding Page/Admin Onboarding CustomAcc/Button_Sign_Up' is clicked on

2020-01-16 14:24:19 - [MESSAGE][PASSED] - Object: 'Object Repository/ADMIN/Admin Onboarding Page/Admin Onboarding CustomAcc/Button_Sign_Up' is clicked on

2020-01-16 14:24:19 - [TEST_STEP][PASSED] - comment("Step 1"): Step 1

2020-01-16 14:24:19 - [MESSAGE][INFO] - Step 1

2020-01-16 14:24:19 - [TEST_STEP][PASSED] - selectOptionByLabel(findTestObject("ADMIN/Admin Onboarding Page/Admin_Onboarding_Step1/1stDropdown_Please select one...Im"), "I’m managing them offline", false): All options with label 'I’m managing them offline' are selected in object 'Object Repository/ADMIN/Admin Onboarding Page/Admin_Onboarding_Step1/1stDropdown_Please select one...Im' 

2020-01-16 14:24:19 - [MESSAGE][PASSED] - All options with label 'I’m managing them offline' are selected in object 'Object Repository/ADMIN/Admin Onboarding Page/Admin_Onboarding_Step1/1stDropdown_Please select one...Im' 

2020-01-16 14:24:19 - [TEST_STEP][PASSED] - selectOptionByLabel(findTestObject("ADMIN/Admin Onboarding Page/Admin_Onboarding_Step1/2ndDropdown_Please select one...Don"), "Something else!", false): All options with label 'Something else!' are selected in object 'Object Repository/ADMIN/Admin Onboarding Page/Admin_Onboarding_Step1/2ndDropdown_Please select one...Don' 

2020-01-16 14:24:20 - [MESSAGE][PASSED] - All options with label 'Something else!' are selected in object 'Object Repository/ADMIN/Admin Onboarding Page/Admin_Onboarding_Step1/2ndDropdown_Please select one...Don' 

2020-01-16 14:24:20 - [TEST_STEP][PASSED] - setText(findTestObject("ADMIN/Admin Onboarding Page/Admin_Onboarding_Step1/2nddropdown_textbox_OtherMarketplaceType"), "Marketplace"): Text 'Marketplace' is set on object 'Object Repository/ADMIN/Admin Onboarding Page/Admin_Onboarding_Step1/2nddropdown_textbox_OtherMarketplaceType'

2020-01-16 14:24:20 - [MESSAGE][PASSED] - Text 'Marketplace' is set on object 'Object Repository/ADMIN/Admin Onboarding Page/Admin_Onboarding_Step1/2nddropdown_textbox_OtherMarketplaceType'

2020-01-16 14:24:20 - [TEST_STEP][PASSED] - selectOptionByLabel(findTestObject("ADMIN/Admin Onboarding Page/Admin_Onboarding_Step1/3rdDropdown_Im an individualIm work"), "Someone else!", false): All options with label 'Someone else!' are selected in object 'Object Repository/ADMIN/Admin Onboarding Page/Admin_Onboarding_Step1/3rdDropdown_Im an individualIm work' 

2020-01-16 14:24:20 - [MESSAGE][PASSED] - All options with label 'Someone else!' are selected in object 'Object Repository/ADMIN/Admin Onboarding Page/Admin_Onboarding_Step1/3rdDropdown_Im an individualIm work' 

2020-01-16 14:24:20 - [TEST_STEP][PASSED] - setText(findTestObject("ADMIN/Admin Onboarding Page/Admin_Onboarding_Step1/3rddropdown_textbox_OtherEntityType"), "Business Man"): Text 'Business Man' is set on object 'Object Repository/ADMIN/Admin Onboarding Page/Admin_Onboarding_Step1/3rddropdown_textbox_OtherEntityType'

2020-01-16 14:24:20 - [MESSAGE][PASSED] - Text 'Business Man' is set on object 'Object Repository/ADMIN/Admin Onboarding Page/Admin_Onboarding_Step1/3rddropdown_textbox_OtherEntityType'

2020-01-16 14:24:20 - [TEST_STEP][PASSED] - setText(findTestObject("ADMIN/Admin Onboarding Page/Admin_Onboarding_Step1/3rddropdown_textbox_OtherEntityType"), "Business Man"): Text 'Business Man' is set on object 'Object Repository/ADMIN/Admin Onboarding Page/Admin_Onboarding_Step1/3rddropdown_textbox_OtherEntityType'

2020-01-16 14:24:20 - [MESSAGE][PASSED] - Text 'Business Man' is set on object 'Object Repository/ADMIN/Admin Onboarding Page/Admin_Onboarding_Step1/3rddropdown_textbox_OtherEntityType'

2020-01-16 14:24:20 - [TEST_STEP][PASSED] - click(findTestObject("ADMIN/Admin Onboarding Page/Admin_Onboarding_Step1/Button_NEXT_Step1")): Object: 'Object Repository/ADMIN/Admin Onboarding Page/Admin_Onboarding_Step1/Button_NEXT_Step1' is clicked on

2020-01-16 14:24:21 - [MESSAGE][PASSED] - Object: 'Object Repository/ADMIN/Admin Onboarding Page/Admin_Onboarding_Step1/Button_NEXT_Step1' is clicked on

2020-01-16 14:24:21 - [TEST_STEP][PASSED] - comment("Step 2"): Step 2

2020-01-16 14:24:21 - [MESSAGE][INFO] - Step 2

2020-01-16 14:24:21 - [TEST_STEP][PASSED] - waitForElementVisible(findTestObject("ADMIN/Admin Onboarding Page/Admin_Onboarding_Step2/Textlabel_We will like to know mor"), 0): Object 'Object Repository/ADMIN/Admin Onboarding Page/Admin_Onboarding_Step2/Textlabel_We will like to know mor' is visible

2020-01-16 14:24:21 - [MESSAGE][WARNING] - Timeout '0' is invalid. Using default page load timeout: '30'

2020-01-16 14:24:22 - [MESSAGE][PASSED] - Object 'Object Repository/ADMIN/Admin Onboarding Page/Admin_Onboarding_Step2/Textlabel_We will like to know mor' is visible

2020-01-16 14:24:22 - [TEST_STEP][PASSED] - setText(findTestObject("ADMIN/Admin Onboarding Page/Admin_Onboarding_Step2/Textbox_FirstName"), varFName): Text '0116space4' is set on object 'Object Repository/ADMIN/Admin Onboarding Page/Admin_Onboarding_Step2/Textbox_FirstName'

2020-01-16 14:24:22 - [MESSAGE][PASSED] - Text '0116space4' is set on object 'Object Repository/ADMIN/Admin Onboarding Page/Admin_Onboarding_Step2/Textbox_FirstName'

2020-01-16 14:24:22 - [TEST_STEP][PASSED] - setText(findTestObject("ADMIN/Admin Onboarding Page/Admin_Onboarding_Step2/Textbox_LastName"), varLName): Text 'Marketplace' is set on object 'Object Repository/ADMIN/Admin Onboarding Page/Admin_Onboarding_Step2/Textbox_LastName'

2020-01-16 14:24:22 - [MESSAGE][PASSED] - Text 'Marketplace' is set on object 'Object Repository/ADMIN/Admin Onboarding Page/Admin_Onboarding_Step2/Textbox_LastName'

2020-01-16 14:24:22 - [TEST_STEP][PASSED] - setText(findTestObject("ADMIN/Admin Onboarding Page/Admin_Onboarding_Step2/Textbox_Email"), varEmail): Text 'arcadierteam@gmail.com' is set on object 'Object Repository/ADMIN/Admin Onboarding Page/Admin_Onboarding_Step2/Textbox_Email'

2020-01-16 14:24:22 - [MESSAGE][PASSED] - Text 'arcadierteam@gmail.com' is set on object 'Object Repository/ADMIN/Admin Onboarding Page/Admin_Onboarding_Step2/Textbox_Email'

2020-01-16 14:24:22 - [TEST_STEP][PASSED] - delay(1): Delayed 1 second(s)

2020-01-16 14:24:23 - [MESSAGE][PASSED] - Delayed 1 second(s)

2020-01-16 14:24:23 - [TEST_STEP][PASSED] - selectOptionByLabel(findTestObject("ADMIN/Admin Onboarding Page/Admin_Onboarding_Step2/Country_Dropdown"), varCountry, false): All options with label 'Italy' are selected in object 'Object Repository/ADMIN/Admin Onboarding Page/Admin_Onboarding_Step2/Country_Dropdown' 

2020-01-16 14:24:24 - [MESSAGE][PASSED] - All options with label 'Italy' are selected in object 'Object Repository/ADMIN/Admin Onboarding Page/Admin_Onboarding_Step2/Country_Dropdown' 

2020-01-16 14:24:24 - [TEST_STEP][PASSED] - setText(findTestObject("ADMIN/Admin Onboarding Page/Admin_Onboarding_Step2/Address_Line1"), varAddress1): Text 'Strada Statale 130' is set on object 'Object Repository/ADMIN/Admin Onboarding Page/Admin_Onboarding_Step2/Address_Line1'

2020-01-16 14:24:24 - [MESSAGE][PASSED] - Text 'Strada Statale 130' is set on object 'Object Repository/ADMIN/Admin Onboarding Page/Admin_Onboarding_Step2/Address_Line1'

2020-01-16 14:24:24 - [TEST_STEP][PASSED] - setText(findTestObject("ADMIN/Admin Onboarding Page/Admin_Onboarding_Step2/Address_Line2"), varAddress2): Text 'Dorzano, Biella 13881' is set on object 'Object Repository/ADMIN/Admin Onboarding Page/Admin_Onboarding_Step2/Address_Line2'

2020-01-16 14:24:24 - [MESSAGE][PASSED] - Text 'Dorzano, Biella 13881' is set on object 'Object Repository/ADMIN/Admin Onboarding Page/Admin_Onboarding_Step2/Address_Line2'

2020-01-16 14:24:24 - [TEST_STEP][PASSED] - setText(findTestObject("ADMIN/Admin Onboarding Page/Admin_Onboarding_Step2/Textbox_PhoneNumber"), varContactNumber): Text '+631234567890' is set on object 'Object Repository/ADMIN/Admin Onboarding Page/Admin_Onboarding_Step2/Textbox_PhoneNumber'

2020-01-16 14:24:24 - [MESSAGE][PASSED] - Text '+631234567890' is set on object 'Object Repository/ADMIN/Admin Onboarding Page/Admin_Onboarding_Step2/Textbox_PhoneNumber'

2020-01-16 14:24:24 - [TEST_STEP][PASSED] - click(findTestObject("ADMIN/Admin Onboarding Page/Admin_Onboarding_Step2/Button_Next_Step2"), CONTINUE_ON_FAILURE): Object: 'Object Repository/ADMIN/Admin Onboarding Page/Admin_Onboarding_Step2/Button_Next_Step2' is clicked on

2020-01-16 14:24:25 - [MESSAGE][PASSED] - Object: 'Object Repository/ADMIN/Admin Onboarding Page/Admin_Onboarding_Step2/Button_Next_Step2' is clicked on

2020-01-16 14:24:25 - [TEST_STEP][PASSED] - comment("Step 3"): Step 3

2020-01-16 14:24:25 - [MESSAGE][INFO] - Step 3

2020-01-16 14:24:25 - [TEST_STEP][PASSED] - waitForElementVisible(findTestObject("ADMIN/Admin Onboarding Page/Admin_Onboarding_Step3/TextLabel_What type of marketplace"), 0): Object 'Object Repository/ADMIN/Admin Onboarding Page/Admin_Onboarding_Step3/TextLabel_What type of marketplace' is visible

2020-01-16 14:24:25 - [MESSAGE][WARNING] - Timeout '0' is invalid. Using default page load timeout: '30'

2020-01-16 14:24:25 - [MESSAGE][PASSED] - Object 'Object Repository/ADMIN/Admin Onboarding Page/Admin_Onboarding_Step3/TextLabel_What type of marketplace' is visible

2020-01-16 14:24:25 - [TEST_STEP][PASSED] - delay(1): Delayed 1 second(s)

2020-01-16 14:24:26 - [MESSAGE][PASSED] - Delayed 1 second(s)

2020-01-16 14:24:26 - [TEST_STEP][PASSED] - if (varTemplate == "Bespoke"): null

2020-01-16 14:24:26 - [TEST_STEP][PASSED] - else if (varTemplate == "ServiceBookings(TIME)"): null

2020-01-16 14:24:26 - [TEST_STEP][PASSED] - else if (varTemplate == "RentalGoods(TIME)"): null

2020-01-16 14:24:26 - [TEST_STEP][PASSED] - else if (varTemplate == "Space"): Object: 'Object Repository/ADMIN/Admin Onboarding Page/Admin_Onboarding_Step3/Select/a_Select_Space Rental' is clicked on

2020-01-16 14:24:26 - [TEST_STEP][PASSED] - mouseOver(findTestObject("ADMIN/Admin Onboarding Page/Admin_Onboarding_Step3/Preview/div_ Preview Select Space Rent")): Object: 'Object Repository/ADMIN/Admin Onboarding Page/Admin_Onboarding_Step3/Preview/div_ Preview Select Space Rent' is hovered

2020-01-16 14:24:27 - [MESSAGE][PASSED] - Object: 'Object Repository/ADMIN/Admin Onboarding Page/Admin_Onboarding_Step3/Preview/div_ Preview Select Space Rent' is hovered

2020-01-16 14:24:27 - [TEST_STEP][PASSED] - delay(1): Delayed 1 second(s)

2020-01-16 14:24:28 - [MESSAGE][PASSED] - Delayed 1 second(s)

2020-01-16 14:24:28 - [TEST_STEP][PASSED] - click(findTestObject("ADMIN/Admin Onboarding Page/Admin_Onboarding_Step3/Select/a_Select_Space Rental")): Object: 'Object Repository/ADMIN/Admin Onboarding Page/Admin_Onboarding_Step3/Select/a_Select_Space Rental' is clicked on

2020-01-16 14:24:29 - [MESSAGE][PASSED] - Object: 'Object Repository/ADMIN/Admin Onboarding Page/Admin_Onboarding_Step3/Select/a_Select_Space Rental' is clicked on

2020-01-16 14:24:29 - [TEST_STEP][PASSED] - comment("Step 4"): Step 4

2020-01-16 14:24:29 - [MESSAGE][INFO] - Step 4

2020-01-16 14:24:29 - [TEST_STEP][PASSED] - uploadFile(findTestObject("ADMIN/Admin Onboarding Page/Admin_Onboarding_Step4/Button_Browse_Step4"), varLogo): File 'C:\\Users\\Arcadier\\git\\Arctick\\Images\\LogoLayout\\logo2.jpg' sent to object: 'Object Repository/ADMIN/Admin Onboarding Page/Admin_Onboarding_Step4/Button_Browse_Step4'

2020-01-16 14:24:29 - [MESSAGE][PASSED] - File 'C:\\Users\\Arcadier\\git\\Arctick\\Images\\LogoLayout\\logo2.jpg' sent to object: 'Object Repository/ADMIN/Admin Onboarding Page/Admin_Onboarding_Step4/Button_Browse_Step4'

2020-01-16 14:24:29 - [TEST_STEP][PASSED] - setText(findTestObject("ADMIN/Admin Onboarding Page/Admin_Onboarding_Step4/Textbox_Marketplace_Name"), varUsername): Text '0116space4' is set on object 'Object Repository/ADMIN/Admin Onboarding Page/Admin_Onboarding_Step4/Textbox_Marketplace_Name'

2020-01-16 14:24:30 - [MESSAGE][PASSED] - Text '0116space4' is set on object 'Object Repository/ADMIN/Admin Onboarding Page/Admin_Onboarding_Step4/Textbox_Marketplace_Name'

2020-01-16 14:24:30 - [TEST_STEP][PASSED] - setText(findTestObject("ADMIN/Admin Onboarding Page/Admin_Onboarding_Step4/Textbox_Slogan"), varTheme): Text 'Theme 2' is set on object 'Object Repository/ADMIN/Admin Onboarding Page/Admin_Onboarding_Step4/Textbox_Slogan'

2020-01-16 14:24:30 - [MESSAGE][PASSED] - Text 'Theme 2' is set on object 'Object Repository/ADMIN/Admin Onboarding Page/Admin_Onboarding_Step4/Textbox_Slogan'

2020-01-16 14:24:30 - [TEST_STEP][PASSED] - setText(findTestObject("ADMIN/Admin Onboarding Page/Admin_Onboarding_Step4/Textbox_ContactNumber"), varContactNumber): Text '+631234567890' is set on object 'Object Repository/ADMIN/Admin Onboarding Page/Admin_Onboarding_Step4/Textbox_ContactNumber'

2020-01-16 14:24:30 - [MESSAGE][PASSED] - Text '+631234567890' is set on object 'Object Repository/ADMIN/Admin Onboarding Page/Admin_Onboarding_Step4/Textbox_ContactNumber'

2020-01-16 14:24:30 - [TEST_STEP][PASSED] - setText(findTestObject("ADMIN/Admin Onboarding Page/Admin_Onboarding_Step4/Textbox_ContactEmail"), varEmail): Text 'arcadierteam@gmail.com' is set on object 'Object Repository/ADMIN/Admin Onboarding Page/Admin_Onboarding_Step4/Textbox_ContactEmail'

2020-01-16 14:24:30 - [MESSAGE][PASSED] - Text 'arcadierteam@gmail.com' is set on object 'Object Repository/ADMIN/Admin Onboarding Page/Admin_Onboarding_Step4/Textbox_ContactEmail'

2020-01-16 14:24:30 - [TEST_STEP][PASSED] - click(findTestObject("ADMIN/Admin Onboarding Page/Admin_Onboarding_Step4/Button_Next_Step4"), CONTINUE_ON_FAILURE): Object: 'Object Repository/ADMIN/Admin Onboarding Page/Admin_Onboarding_Step4/Button_Next_Step4' is clicked on

2020-01-16 14:24:30 - [MESSAGE][PASSED] - Object: 'Object Repository/ADMIN/Admin Onboarding Page/Admin_Onboarding_Step4/Button_Next_Step4' is clicked on

2020-01-16 14:24:30 - [TEST_STEP][PASSED] - comment("Step 5"): Step 5

2020-01-16 14:24:30 - [MESSAGE][INFO] - Step 5

2020-01-16 14:24:30 - [TEST_STEP][PASSED] - waitForElementVisible(findTestObject("ADMIN/Admin Onboarding Page/Admin_Onboarding_Step5/h1_5. Preview  pick out a mark"), 0): Object 'Object Repository/ADMIN/Admin Onboarding Page/Admin_Onboarding_Step5/h1_5. Preview  pick out a mark' is visible

2020-01-16 14:24:30 - [MESSAGE][WARNING] - Timeout '0' is invalid. Using default page load timeout: '30'

2020-01-16 14:24:32 - [MESSAGE][PASSED] - Object 'Object Repository/ADMIN/Admin Onboarding Page/Admin_Onboarding_Step5/h1_5. Preview  pick out a mark' is visible

2020-01-16 14:24:32 - [TEST_STEP][PASSED] - if (varTemplate == "Bespoke"): null

2020-01-16 14:24:32 - [TEST_STEP][PASSED] - else if (varTemplate == "Space"): Object: 'Object Repository/ADMIN/Admin Onboarding Page/Admin_Onboarding_Step5/Button_Theme2_Select' is clicked on

2020-01-16 14:24:32 - [TEST_STEP][PASSED] - if (varTheme == "Theme 1"): null

2020-01-16 14:24:32 - [TEST_STEP][PASSED] - else if (varTheme == "Theme 2"): Object: 'Object Repository/ADMIN/Admin Onboarding Page/Admin_Onboarding_Step5/Button_Theme2_Select' is clicked on

2020-01-16 14:24:32 - [TEST_STEP][PASSED] - click(findTestObject("ADMIN/Admin Onboarding Page/Admin_Onboarding_Step5/Button_Theme2_Select")): Object: 'Object Repository/ADMIN/Admin Onboarding Page/Admin_Onboarding_Step5/Button_Theme2_Select' is clicked on

2020-01-16 14:24:32 - [MESSAGE][PASSED] - Object: 'Object Repository/ADMIN/Admin Onboarding Page/Admin_Onboarding_Step5/Button_Theme2_Select' is clicked on

2020-01-16 14:24:32 - [TEST_STEP][PASSED] - click(findTestObject("ADMIN/Admin Onboarding Page/Admin_Onboarding_Step5/Button_Next_Step5")): Object: 'Object Repository/ADMIN/Admin Onboarding Page/Admin_Onboarding_Step5/Button_Next_Step5' is clicked on

2020-01-16 14:24:33 - [MESSAGE][PASSED] - Object: 'Object Repository/ADMIN/Admin Onboarding Page/Admin_Onboarding_Step5/Button_Next_Step5' is clicked on

2020-01-16 14:24:33 - [TEST_STEP][PASSED] - comment("Step 6"): Step 6

2020-01-16 14:24:33 - [MESSAGE][INFO] - Step 6

2020-01-16 14:24:33 - [TEST_STEP][PASSED] - waitForElementVisible(findTestObject("ADMIN/Admin Onboarding Page/Admin_Onboarding_Step6/Textlabel_Select your marketplace"), 0): Object 'Object Repository/ADMIN/Admin Onboarding Page/Admin_Onboarding_Step6/Textlabel_Select your marketplace' is visible

2020-01-16 14:24:33 - [MESSAGE][WARNING] - Timeout '0' is invalid. Using default page load timeout: '30'

2020-01-16 14:24:33 - [MESSAGE][PASSED] - Object 'Object Repository/ADMIN/Admin Onboarding Page/Admin_Onboarding_Step6/Textlabel_Select your marketplace' is visible

2020-01-16 14:24:33 - [TEST_STEP][PASSED] - click(findTestObject("ADMIN/Admin Onboarding Page/Admin_Onboarding_Step6/Button_Browse_Step6"), CONTINUE_ON_FAILURE): Object: 'Object Repository/ADMIN/Admin Onboarding Page/Admin_Onboarding_Step6/Button_Browse_Step6' is clicked on

2020-01-16 14:24:33 - [MESSAGE][PASSED] - Object: 'Object Repository/ADMIN/Admin Onboarding Page/Admin_Onboarding_Step6/Button_Browse_Step6' is clicked on

2020-01-16 14:24:33 - [TEST_STEP][PASSED] - delay(2): Delayed 2 second(s)

2020-01-16 14:24:35 - [MESSAGE][PASSED] - Delayed 2 second(s)

2020-01-16 14:24:35 - [TEST_STEP][PASSED] - uploadFile(findTestObject("ADMIN/Admin Onboarding Page/Admin_Onboarding_Step6/Image_Container"), varCoverImage): File 'C:\\Users\\Arcadier\\git\\Arctick\\Images\\LogoLayout\\coverimage3.jpg' sent to object: 'Object Repository/ADMIN/Admin Onboarding Page/Admin_Onboarding_Step6/Image_Container'

2020-01-16 14:24:35 - [MESSAGE][PASSED] - File 'C:\\Users\\Arcadier\\git\\Arctick\\Images\\LogoLayout\\coverimage3.jpg' sent to object: 'Object Repository/ADMIN/Admin Onboarding Page/Admin_Onboarding_Step6/Image_Container'

2020-01-16 14:24:35 - [TEST_STEP][PASSED] - waitForElementVisible(findTestObject("ADMIN/Admin Onboarding Page/Admin_Onboarding_Step6/Image Cropper/div_btn btn-success btn-ok"), 0): Object 'Object Repository/ADMIN/Admin Onboarding Page/Admin_Onboarding_Step6/Image Cropper/div_btn btn-success btn-ok' is visible

2020-01-16 14:24:35 - [MESSAGE][WARNING] - Timeout '0' is invalid. Using default page load timeout: '30'

2020-01-16 14:24:35 - [MESSAGE][PASSED] - Object 'Object Repository/ADMIN/Admin Onboarding Page/Admin_Onboarding_Step6/Image Cropper/div_btn btn-success btn-ok' is visible

2020-01-16 14:24:35 - [TEST_STEP][PASSED] - click(findTestObject("ADMIN/Admin Onboarding Page/Admin_Onboarding_Step6/Image Cropper/div_btn btn-success btn-ok"), CONTINUE_ON_FAILURE): Object: 'Object Repository/ADMIN/Admin Onboarding Page/Admin_Onboarding_Step6/Image Cropper/div_btn btn-success btn-ok' is clicked on

2020-01-16 14:24:35 - [MESSAGE][PASSED] - Object: 'Object Repository/ADMIN/Admin Onboarding Page/Admin_Onboarding_Step6/Image Cropper/div_btn btn-success btn-ok' is clicked on

2020-01-16 14:24:35 - [TEST_STEP][PASSED] - waitForElementVisible(findTestObject("ADMIN/Admin Onboarding Page/Admin_Onboarding_Step6/Image Cropper/a_Save Photo"), 0): Object 'Object Repository/ADMIN/Admin Onboarding Page/Admin_Onboarding_Step6/Image Cropper/a_Save Photo' is visible

2020-01-16 14:24:35 - [MESSAGE][WARNING] - Timeout '0' is invalid. Using default page load timeout: '30'

2020-01-16 14:24:36 - [MESSAGE][PASSED] - Object 'Object Repository/ADMIN/Admin Onboarding Page/Admin_Onboarding_Step6/Image Cropper/a_Save Photo' is visible

2020-01-16 14:24:36 - [TEST_STEP][PASSED] - click(findTestObject("ADMIN/Admin Onboarding Page/Admin_Onboarding_Step6/Image Cropper/a_Save Photo"), CONTINUE_ON_FAILURE): Object: 'Object Repository/ADMIN/Admin Onboarding Page/Admin_Onboarding_Step6/Image Cropper/a_Save Photo' is clicked on

2020-01-16 14:24:36 - [MESSAGE][PASSED] - Object: 'Object Repository/ADMIN/Admin Onboarding Page/Admin_Onboarding_Step6/Image Cropper/a_Save Photo' is clicked on

2020-01-16 14:24:36 - [TEST_STEP][PASSED] - delay(1): Delayed 1 second(s)

2020-01-16 14:24:37 - [MESSAGE][PASSED] - Delayed 1 second(s)

2020-01-16 14:24:37 - [TEST_STEP][PASSED] - click(findTestObject("ADMIN/Admin Onboarding Page/Admin_Onboarding_Step6/Button_Next_Step6"), CONTINUE_ON_FAILURE): Object: 'Object Repository/ADMIN/Admin Onboarding Page/Admin_Onboarding_Step6/Button_Next_Step6' is clicked on

2020-01-16 14:24:37 - [MESSAGE][PASSED] - Object: 'Object Repository/ADMIN/Admin Onboarding Page/Admin_Onboarding_Step6/Button_Next_Step6' is clicked on

2020-01-16 14:24:37 - [TEST_STEP][PASSED] - comment("Step 7 (editable variables)"): Step 7 (editable variables)

2020-01-16 14:24:37 - [MESSAGE][INFO] - Step 7 (editable variables)

2020-01-16 14:24:37 - [TEST_STEP][PASSED] - waitForElementVisible(findTestObject("ADMIN/Admin Onboarding Page/Admin_Onboarding_Step7/Textlabel_7. Now how would you like t"), 0): Object 'Object Repository/ADMIN/Admin Onboarding Page/Admin_Onboarding_Step7/Textlabel_7. Now how would you like t' is visible

2020-01-16 14:24:37 - [MESSAGE][WARNING] - Timeout '0' is invalid. Using default page load timeout: '30'

2020-01-16 14:24:39 - [MESSAGE][PASSED] - Object 'Object Repository/ADMIN/Admin Onboarding Page/Admin_Onboarding_Step7/Textlabel_7. Now how would you like t' is visible

2020-01-16 14:24:39 - [TEST_STEP][PASSED] - selectOptionByLabel(findTestObject("ADMIN/Admin Onboarding Page/Admin_Onboarding_Step7/Dropdown_Currency"), varCurrency, false): All options with label 'SGD' are selected in object 'Object Repository/ADMIN/Admin Onboarding Page/Admin_Onboarding_Step7/Dropdown_Currency' 

2020-01-16 14:24:39 - [MESSAGE][PASSED] - All options with label 'SGD' are selected in object 'Object Repository/ADMIN/Admin Onboarding Page/Admin_Onboarding_Step7/Dropdown_Currency' 

2020-01-16 14:24:39 - [TEST_STEP][PASSED] - setText(findTestObject("ADMIN/Admin Onboarding Page/Admin_Onboarding_Step7/Textbox_TransactionFee"), varAdminFee): Text '20' is set on object 'Object Repository/ADMIN/Admin Onboarding Page/Admin_Onboarding_Step7/Textbox_TransactionFee'

2020-01-16 14:24:39 - [MESSAGE][PASSED] - Text '20' is set on object 'Object Repository/ADMIN/Admin Onboarding Page/Admin_Onboarding_Step7/Textbox_TransactionFee'

2020-01-16 14:24:39 - [TEST_STEP][PASSED] - click(findTestObject("ADMIN/Admin Onboarding Page/Admin_Onboarding_Step7/Button_Next_Step7"), CONTINUE_ON_FAILURE): Object: 'Object Repository/ADMIN/Admin Onboarding Page/Admin_Onboarding_Step7/Button_Next_Step7' is clicked on

2020-01-16 14:24:40 - [MESSAGE][PASSED] - Object: 'Object Repository/ADMIN/Admin Onboarding Page/Admin_Onboarding_Step7/Button_Next_Step7' is clicked on

2020-01-16 14:24:40 - [TEST_STEP][PASSED] - comment("Step 8"): Step 8

2020-01-16 14:24:40 - [MESSAGE][INFO] - Step 8

2020-01-16 14:24:40 - [TEST_STEP][PASSED] - waitForElementVisible(findTestObject("ADMIN/Admin Onboarding Page/Admin_Onboarding_Step8/Textlabel_Review your marketplace pol"), 0): Object 'Object Repository/ADMIN/Admin Onboarding Page/Admin_Onboarding_Step8/Textlabel_Review your marketplace pol' is visible

2020-01-16 14:24:40 - [MESSAGE][WARNING] - Timeout '0' is invalid. Using default page load timeout: '30'

2020-01-16 14:24:40 - [MESSAGE][PASSED] - Object 'Object Repository/ADMIN/Admin Onboarding Page/Admin_Onboarding_Step8/Textlabel_Review your marketplace pol' is visible

2020-01-16 14:24:40 - [TEST_STEP][PASSED] - comment("Checkbox Return Policy"): Checkbox Return Policy

2020-01-16 14:24:40 - [MESSAGE][INFO] - Checkbox Return Policy

2020-01-16 14:24:40 - [TEST_STEP][PASSED] - click(findTestObject("ADMIN/Admin Onboarding Page/Admin_Onboarding_Step8/Checkbox_ReturnPolicy")): Object: 'Object Repository/ADMIN/Admin Onboarding Page/Admin_Onboarding_Step8/Checkbox_ReturnPolicy' is clicked on

2020-01-16 14:24:41 - [MESSAGE][PASSED] - Object: 'Object Repository/ADMIN/Admin Onboarding Page/Admin_Onboarding_Step8/Checkbox_ReturnPolicy' is clicked on

2020-01-16 14:24:41 - [TEST_STEP][PASSED] - comment("Terms and Condition"): Terms and Condition

2020-01-16 14:24:41 - [MESSAGE][INFO] - Terms and Condition

2020-01-16 14:24:41 - [TEST_STEP][PASSED] - click(findTestObject("ADMIN/Admin Onboarding Page/Admin_Onboarding_Step8/Checkbox_IsAgreed")): Object: 'Object Repository/ADMIN/Admin Onboarding Page/Admin_Onboarding_Step8/Checkbox_IsAgreed' is clicked on

2020-01-16 14:24:41 - [MESSAGE][PASSED] - Object: 'Object Repository/ADMIN/Admin Onboarding Page/Admin_Onboarding_Step8/Checkbox_IsAgreed' is clicked on

2020-01-16 14:24:41 - [TEST_STEP][PASSED] - click(findTestObject("ADMIN/Admin Onboarding Page/Admin_Onboarding_Step8/Button_Next_Step8")): Object: 'Object Repository/ADMIN/Admin Onboarding Page/Admin_Onboarding_Step8/Button_Next_Step8' is clicked on

2020-01-16 14:24:42 - [MESSAGE][PASSED] - Object: 'Object Repository/ADMIN/Admin Onboarding Page/Admin_Onboarding_Step8/Button_Next_Step8' is clicked on]]></system-out>
         <system-err><![CDATA[]]></system-err>
      </testcase>
      <testcase name="Test Cases/ADMIN/Onboarding/Complete Onboarding" time="33.206" classname="Test Cases/ADMIN/Onboarding/Complete Onboarding" status="PASSED">
         <system-out><![CDATA[2020-01-16 14:24:43 - [TEST_CASE][PASSED] - Test Cases/ADMIN/Onboarding/Complete Onboarding: Test Cases/ADMIN/Onboarding/Complete Onboarding

2020-01-16 14:24:43 - [TEST_STEP][PASSED] - comment("Create Account"): Create Account

2020-01-16 14:24:43 - [MESSAGE][INFO] - Create Account

2020-01-16 14:24:43 - [TEST_STEP][PASSED] - openBrowser(""): Browser is opened with url: ''

2020-01-16 14:24:43 - [MESSAGE][WARNING] - A browser is already opened. Closing browser and opening a new one

2020-01-16 14:24:44 - [MESSAGE][INFO] - Starting 'Chrome' driver

2020-01-16 14:24:44 - [MESSAGE][INFO] - User set preference: ['args', '[--incognito]']

2020-01-16 14:24:45 - [MESSAGE][PASSED] - Browser is opened with url: ''

2020-01-16 14:24:45 - [TEST_STEP][PASSED] - if (varServer == "Test"): null

2020-01-16 14:24:45 - [TEST_STEP][PASSED] - else if (varServer == "Staging"): Navigate to 'https://www.staging.arcadier.io' successfully

2020-01-16 14:24:45 - [TEST_STEP][PASSED] - navigateToUrl("https://www.staging.arcadier.io"): Navigate to 'https://www.staging.arcadier.io' successfully

2020-01-16 14:24:48 - [MESSAGE][PASSED] - Navigate to 'https://www.staging.arcadier.io' successfully

2020-01-16 14:24:48 - [TEST_STEP][PASSED] - maximizeWindow(): Current window maximized

2020-01-16 14:24:48 - [MESSAGE][PASSED] - Current window maximized

2020-01-16 14:24:48 - [TEST_STEP][PASSED] - if (varAccountType == "custom"): Object: 'Object Repository/ADMIN/Admin Onboarding Page/Admin Onboarding CustomAcc/Button_Sign_Up' is clicked on

2020-01-16 14:24:48 - [TEST_STEP][PASSED] - click(findTestObject("ADMIN/Admin Onboarding Page/Create_Account_Page/Button_Create_Account")): Object: 'Object Repository/ADMIN/Admin Onboarding Page/Create_Account_Page/Button_Create_Account' is clicked on

2020-01-16 14:24:48 - [MESSAGE][PASSED] - Object: 'Object Repository/ADMIN/Admin Onboarding Page/Create_Account_Page/Button_Create_Account' is clicked on

2020-01-16 14:24:48 - [TEST_STEP][PASSED] - verifyElementPresent(findTestObject("ADMIN/Admin Onboarding Page/Admin Onboarding CustomAcc/Textbox_Username"), 0): Object 'Object Repository/ADMIN/Admin Onboarding Page/Admin Onboarding CustomAcc/Textbox_Username' is present

2020-01-16 14:24:48 - [MESSAGE][WARNING] - Timeout '0' is invalid. Using default page load timeout: '30'

2020-01-16 14:24:48 - [MESSAGE][PASSED] - Object 'Object Repository/ADMIN/Admin Onboarding Page/Admin Onboarding CustomAcc/Textbox_Username' is present

2020-01-16 14:24:48 - [TEST_STEP][PASSED] - setText(findTestObject("ADMIN/Admin Onboarding Page/Admin Onboarding CustomAcc/Textbox_Username"), varUsername): Text '0116space5' is set on object 'Object Repository/ADMIN/Admin Onboarding Page/Admin Onboarding CustomAcc/Textbox_Username'

2020-01-16 14:24:48 - [MESSAGE][PASSED] - Text '0116space5' is set on object 'Object Repository/ADMIN/Admin Onboarding Page/Admin Onboarding CustomAcc/Textbox_Username'

2020-01-16 14:24:48 - [TEST_STEP][PASSED] - setText(findTestObject("ADMIN/Admin Onboarding Page/Admin Onboarding CustomAcc/Textbox_Password"), "welcome8"): Text 'welcome8' is set on object 'Object Repository/ADMIN/Admin Onboarding Page/Admin Onboarding CustomAcc/Textbox_Password'

2020-01-16 14:24:49 - [MESSAGE][PASSED] - Text 'welcome8' is set on object 'Object Repository/ADMIN/Admin Onboarding Page/Admin Onboarding CustomAcc/Textbox_Password'

2020-01-16 14:24:49 - [TEST_STEP][PASSED] - setText(findTestObject("ADMIN/Admin Onboarding Page/Admin Onboarding CustomAcc/Textbox_Reconfirm_Password"), "welcome8"): Text 'welcome8' is set on object 'Object Repository/ADMIN/Admin Onboarding Page/Admin Onboarding CustomAcc/Textbox_Reconfirm_Password'

2020-01-16 14:24:49 - [MESSAGE][PASSED] - Text 'welcome8' is set on object 'Object Repository/ADMIN/Admin Onboarding Page/Admin Onboarding CustomAcc/Textbox_Reconfirm_Password'

2020-01-16 14:24:49 - [TEST_STEP][PASSED] - click(findTestObject("ADMIN/Admin Onboarding Page/Admin Onboarding CustomAcc/Button_Sign_Up")): Object: 'Object Repository/ADMIN/Admin Onboarding Page/Admin Onboarding CustomAcc/Button_Sign_Up' is clicked on

2020-01-16 14:24:52 - [MESSAGE][PASSED] - Object: 'Object Repository/ADMIN/Admin Onboarding Page/Admin Onboarding CustomAcc/Button_Sign_Up' is clicked on

2020-01-16 14:24:52 - [TEST_STEP][PASSED] - comment("Step 1"): Step 1

2020-01-16 14:24:52 - [MESSAGE][INFO] - Step 1

2020-01-16 14:24:52 - [TEST_STEP][PASSED] - selectOptionByLabel(findTestObject("ADMIN/Admin Onboarding Page/Admin_Onboarding_Step1/1stDropdown_Please select one...Im"), "I’m managing them offline", false): All options with label 'I’m managing them offline' are selected in object 'Object Repository/ADMIN/Admin Onboarding Page/Admin_Onboarding_Step1/1stDropdown_Please select one...Im' 

2020-01-16 14:24:52 - [MESSAGE][PASSED] - All options with label 'I’m managing them offline' are selected in object 'Object Repository/ADMIN/Admin Onboarding Page/Admin_Onboarding_Step1/1stDropdown_Please select one...Im' 

2020-01-16 14:24:52 - [TEST_STEP][PASSED] - selectOptionByLabel(findTestObject("ADMIN/Admin Onboarding Page/Admin_Onboarding_Step1/2ndDropdown_Please select one...Don"), "Something else!", false): All options with label 'Something else!' are selected in object 'Object Repository/ADMIN/Admin Onboarding Page/Admin_Onboarding_Step1/2ndDropdown_Please select one...Don' 

2020-01-16 14:24:52 - [MESSAGE][PASSED] - All options with label 'Something else!' are selected in object 'Object Repository/ADMIN/Admin Onboarding Page/Admin_Onboarding_Step1/2ndDropdown_Please select one...Don' 

2020-01-16 14:24:52 - [TEST_STEP][PASSED] - setText(findTestObject("ADMIN/Admin Onboarding Page/Admin_Onboarding_Step1/2nddropdown_textbox_OtherMarketplaceType"), "Marketplace"): Text 'Marketplace' is set on object 'Object Repository/ADMIN/Admin Onboarding Page/Admin_Onboarding_Step1/2nddropdown_textbox_OtherMarketplaceType'

2020-01-16 14:24:53 - [MESSAGE][PASSED] - Text 'Marketplace' is set on object 'Object Repository/ADMIN/Admin Onboarding Page/Admin_Onboarding_Step1/2nddropdown_textbox_OtherMarketplaceType'

2020-01-16 14:24:53 - [TEST_STEP][PASSED] - selectOptionByLabel(findTestObject("ADMIN/Admin Onboarding Page/Admin_Onboarding_Step1/3rdDropdown_Im an individualIm work"), "Someone else!", false): All options with label 'Someone else!' are selected in object 'Object Repository/ADMIN/Admin Onboarding Page/Admin_Onboarding_Step1/3rdDropdown_Im an individualIm work' 

2020-01-16 14:24:53 - [MESSAGE][PASSED] - All options with label 'Someone else!' are selected in object 'Object Repository/ADMIN/Admin Onboarding Page/Admin_Onboarding_Step1/3rdDropdown_Im an individualIm work' 

2020-01-16 14:24:53 - [TEST_STEP][PASSED] - setText(findTestObject("ADMIN/Admin Onboarding Page/Admin_Onboarding_Step1/3rddropdown_textbox_OtherEntityType"), "Business Man"): Text 'Business Man' is set on object 'Object Repository/ADMIN/Admin Onboarding Page/Admin_Onboarding_Step1/3rddropdown_textbox_OtherEntityType'

2020-01-16 14:24:53 - [MESSAGE][PASSED] - Text 'Business Man' is set on object 'Object Repository/ADMIN/Admin Onboarding Page/Admin_Onboarding_Step1/3rddropdown_textbox_OtherEntityType'

2020-01-16 14:24:53 - [TEST_STEP][PASSED] - setText(findTestObject("ADMIN/Admin Onboarding Page/Admin_Onboarding_Step1/3rddropdown_textbox_OtherEntityType"), "Business Man"): Text 'Business Man' is set on object 'Object Repository/ADMIN/Admin Onboarding Page/Admin_Onboarding_Step1/3rddropdown_textbox_OtherEntityType'

2020-01-16 14:24:53 - [MESSAGE][PASSED] - Text 'Business Man' is set on object 'Object Repository/ADMIN/Admin Onboarding Page/Admin_Onboarding_Step1/3rddropdown_textbox_OtherEntityType'

2020-01-16 14:24:53 - [TEST_STEP][PASSED] - click(findTestObject("ADMIN/Admin Onboarding Page/Admin_Onboarding_Step1/Button_NEXT_Step1")): Object: 'Object Repository/ADMIN/Admin Onboarding Page/Admin_Onboarding_Step1/Button_NEXT_Step1' is clicked on

2020-01-16 14:24:54 - [MESSAGE][PASSED] - Object: 'Object Repository/ADMIN/Admin Onboarding Page/Admin_Onboarding_Step1/Button_NEXT_Step1' is clicked on

2020-01-16 14:24:54 - [TEST_STEP][PASSED] - comment("Step 2"): Step 2

2020-01-16 14:24:54 - [MESSAGE][INFO] - Step 2

2020-01-16 14:24:54 - [TEST_STEP][PASSED] - waitForElementVisible(findTestObject("ADMIN/Admin Onboarding Page/Admin_Onboarding_Step2/Textlabel_We will like to know mor"), 0): Object 'Object Repository/ADMIN/Admin Onboarding Page/Admin_Onboarding_Step2/Textlabel_We will like to know mor' is visible

2020-01-16 14:24:54 - [MESSAGE][WARNING] - Timeout '0' is invalid. Using default page load timeout: '30'

2020-01-16 14:24:55 - [MESSAGE][PASSED] - Object 'Object Repository/ADMIN/Admin Onboarding Page/Admin_Onboarding_Step2/Textlabel_We will like to know mor' is visible

2020-01-16 14:24:55 - [TEST_STEP][PASSED] - setText(findTestObject("ADMIN/Admin Onboarding Page/Admin_Onboarding_Step2/Textbox_FirstName"), varFName): Text '0116space5' is set on object 'Object Repository/ADMIN/Admin Onboarding Page/Admin_Onboarding_Step2/Textbox_FirstName'

2020-01-16 14:24:55 - [MESSAGE][PASSED] - Text '0116space5' is set on object 'Object Repository/ADMIN/Admin Onboarding Page/Admin_Onboarding_Step2/Textbox_FirstName'

2020-01-16 14:24:55 - [TEST_STEP][PASSED] - setText(findTestObject("ADMIN/Admin Onboarding Page/Admin_Onboarding_Step2/Textbox_LastName"), varLName): Text 'Marketplace' is set on object 'Object Repository/ADMIN/Admin Onboarding Page/Admin_Onboarding_Step2/Textbox_LastName'

2020-01-16 14:24:55 - [MESSAGE][PASSED] - Text 'Marketplace' is set on object 'Object Repository/ADMIN/Admin Onboarding Page/Admin_Onboarding_Step2/Textbox_LastName'

2020-01-16 14:24:55 - [TEST_STEP][PASSED] - setText(findTestObject("ADMIN/Admin Onboarding Page/Admin_Onboarding_Step2/Textbox_Email"), varEmail): Text 'arcadierteam@gmail.com' is set on object 'Object Repository/ADMIN/Admin Onboarding Page/Admin_Onboarding_Step2/Textbox_Email'

2020-01-16 14:24:55 - [MESSAGE][PASSED] - Text 'arcadierteam@gmail.com' is set on object 'Object Repository/ADMIN/Admin Onboarding Page/Admin_Onboarding_Step2/Textbox_Email'

2020-01-16 14:24:55 - [TEST_STEP][PASSED] - delay(1): Delayed 1 second(s)

2020-01-16 14:24:56 - [MESSAGE][PASSED] - Delayed 1 second(s)

2020-01-16 14:24:56 - [TEST_STEP][PASSED] - selectOptionByLabel(findTestObject("ADMIN/Admin Onboarding Page/Admin_Onboarding_Step2/Country_Dropdown"), varCountry, false): All options with label 'Italy' are selected in object 'Object Repository/ADMIN/Admin Onboarding Page/Admin_Onboarding_Step2/Country_Dropdown' 

2020-01-16 14:24:56 - [MESSAGE][PASSED] - All options with label 'Italy' are selected in object 'Object Repository/ADMIN/Admin Onboarding Page/Admin_Onboarding_Step2/Country_Dropdown' 

2020-01-16 14:24:56 - [TEST_STEP][PASSED] - setText(findTestObject("ADMIN/Admin Onboarding Page/Admin_Onboarding_Step2/Address_Line1"), varAddress1): Text 'Strada Statale 130' is set on object 'Object Repository/ADMIN/Admin Onboarding Page/Admin_Onboarding_Step2/Address_Line1'

2020-01-16 14:24:57 - [MESSAGE][PASSED] - Text 'Strada Statale 130' is set on object 'Object Repository/ADMIN/Admin Onboarding Page/Admin_Onboarding_Step2/Address_Line1'

2020-01-16 14:24:57 - [TEST_STEP][PASSED] - setText(findTestObject("ADMIN/Admin Onboarding Page/Admin_Onboarding_Step2/Address_Line2"), varAddress2): Text 'Dorzano, Biella 13881' is set on object 'Object Repository/ADMIN/Admin Onboarding Page/Admin_Onboarding_Step2/Address_Line2'

2020-01-16 14:24:57 - [MESSAGE][PASSED] - Text 'Dorzano, Biella 13881' is set on object 'Object Repository/ADMIN/Admin Onboarding Page/Admin_Onboarding_Step2/Address_Line2'

2020-01-16 14:24:57 - [TEST_STEP][PASSED] - setText(findTestObject("ADMIN/Admin Onboarding Page/Admin_Onboarding_Step2/Textbox_PhoneNumber"), varContactNumber): Text '+631234567890' is set on object 'Object Repository/ADMIN/Admin Onboarding Page/Admin_Onboarding_Step2/Textbox_PhoneNumber'

2020-01-16 14:24:57 - [MESSAGE][PASSED] - Text '+631234567890' is set on object 'Object Repository/ADMIN/Admin Onboarding Page/Admin_Onboarding_Step2/Textbox_PhoneNumber'

2020-01-16 14:24:57 - [TEST_STEP][PASSED] - click(findTestObject("ADMIN/Admin Onboarding Page/Admin_Onboarding_Step2/Button_Next_Step2"), CONTINUE_ON_FAILURE): Object: 'Object Repository/ADMIN/Admin Onboarding Page/Admin_Onboarding_Step2/Button_Next_Step2' is clicked on

2020-01-16 14:24:58 - [MESSAGE][PASSED] - Object: 'Object Repository/ADMIN/Admin Onboarding Page/Admin_Onboarding_Step2/Button_Next_Step2' is clicked on

2020-01-16 14:24:58 - [TEST_STEP][PASSED] - comment("Step 3"): Step 3

2020-01-16 14:24:58 - [MESSAGE][INFO] - Step 3

2020-01-16 14:24:58 - [TEST_STEP][PASSED] - waitForElementVisible(findTestObject("ADMIN/Admin Onboarding Page/Admin_Onboarding_Step3/TextLabel_What type of marketplace"), 0): Object 'Object Repository/ADMIN/Admin Onboarding Page/Admin_Onboarding_Step3/TextLabel_What type of marketplace' is visible

2020-01-16 14:24:59 - [MESSAGE][WARNING] - Timeout '0' is invalid. Using default page load timeout: '30'

2020-01-16 14:24:59 - [MESSAGE][PASSED] - Object 'Object Repository/ADMIN/Admin Onboarding Page/Admin_Onboarding_Step3/TextLabel_What type of marketplace' is visible

2020-01-16 14:24:59 - [TEST_STEP][PASSED] - delay(1): Delayed 1 second(s)

2020-01-16 14:25:00 - [MESSAGE][PASSED] - Delayed 1 second(s)

2020-01-16 14:25:00 - [TEST_STEP][PASSED] - if (varTemplate == "Bespoke"): null

2020-01-16 14:25:00 - [TEST_STEP][PASSED] - else if (varTemplate == "ServiceBookings(TIME)"): null

2020-01-16 14:25:00 - [TEST_STEP][PASSED] - else if (varTemplate == "RentalGoods(TIME)"): null

2020-01-16 14:25:00 - [TEST_STEP][PASSED] - else if (varTemplate == "Space"): Object: 'Object Repository/ADMIN/Admin Onboarding Page/Admin_Onboarding_Step3/Select/a_Select_Space Rental' is clicked on

2020-01-16 14:25:00 - [TEST_STEP][PASSED] - mouseOver(findTestObject("ADMIN/Admin Onboarding Page/Admin_Onboarding_Step3/Preview/div_ Preview Select Space Rent")): Object: 'Object Repository/ADMIN/Admin Onboarding Page/Admin_Onboarding_Step3/Preview/div_ Preview Select Space Rent' is hovered

2020-01-16 14:25:00 - [MESSAGE][PASSED] - Object: 'Object Repository/ADMIN/Admin Onboarding Page/Admin_Onboarding_Step3/Preview/div_ Preview Select Space Rent' is hovered

2020-01-16 14:25:00 - [TEST_STEP][PASSED] - delay(1): Delayed 1 second(s)

2020-01-16 14:25:01 - [MESSAGE][PASSED] - Delayed 1 second(s)

2020-01-16 14:25:01 - [TEST_STEP][PASSED] - click(findTestObject("ADMIN/Admin Onboarding Page/Admin_Onboarding_Step3/Select/a_Select_Space Rental")): Object: 'Object Repository/ADMIN/Admin Onboarding Page/Admin_Onboarding_Step3/Select/a_Select_Space Rental' is clicked on

2020-01-16 14:25:02 - [MESSAGE][PASSED] - Object: 'Object Repository/ADMIN/Admin Onboarding Page/Admin_Onboarding_Step3/Select/a_Select_Space Rental' is clicked on

2020-01-16 14:25:02 - [TEST_STEP][PASSED] - comment("Step 4"): Step 4

2020-01-16 14:25:02 - [MESSAGE][INFO] - Step 4

2020-01-16 14:25:02 - [TEST_STEP][PASSED] - uploadFile(findTestObject("ADMIN/Admin Onboarding Page/Admin_Onboarding_Step4/Button_Browse_Step4"), varLogo): File 'C:\\Users\\Arcadier\\git\\Arctick\\Images\\LogoLayout\\logo2.jpg' sent to object: 'Object Repository/ADMIN/Admin Onboarding Page/Admin_Onboarding_Step4/Button_Browse_Step4'

2020-01-16 14:25:02 - [MESSAGE][PASSED] - File 'C:\\Users\\Arcadier\\git\\Arctick\\Images\\LogoLayout\\logo2.jpg' sent to object: 'Object Repository/ADMIN/Admin Onboarding Page/Admin_Onboarding_Step4/Button_Browse_Step4'

2020-01-16 14:25:02 - [TEST_STEP][PASSED] - setText(findTestObject("ADMIN/Admin Onboarding Page/Admin_Onboarding_Step4/Textbox_Marketplace_Name"), varUsername): Text '0116space5' is set on object 'Object Repository/ADMIN/Admin Onboarding Page/Admin_Onboarding_Step4/Textbox_Marketplace_Name'

2020-01-16 14:25:02 - [MESSAGE][PASSED] - Text '0116space5' is set on object 'Object Repository/ADMIN/Admin Onboarding Page/Admin_Onboarding_Step4/Textbox_Marketplace_Name'

2020-01-16 14:25:02 - [TEST_STEP][PASSED] - setText(findTestObject("ADMIN/Admin Onboarding Page/Admin_Onboarding_Step4/Textbox_Slogan"), varTheme): Text 'Theme 2' is set on object 'Object Repository/ADMIN/Admin Onboarding Page/Admin_Onboarding_Step4/Textbox_Slogan'

2020-01-16 14:25:02 - [MESSAGE][PASSED] - Text 'Theme 2' is set on object 'Object Repository/ADMIN/Admin Onboarding Page/Admin_Onboarding_Step4/Textbox_Slogan'

2020-01-16 14:25:02 - [TEST_STEP][PASSED] - setText(findTestObject("ADMIN/Admin Onboarding Page/Admin_Onboarding_Step4/Textbox_ContactNumber"), varContactNumber): Text '+631234567890' is set on object 'Object Repository/ADMIN/Admin Onboarding Page/Admin_Onboarding_Step4/Textbox_ContactNumber'

2020-01-16 14:25:03 - [MESSAGE][PASSED] - Text '+631234567890' is set on object 'Object Repository/ADMIN/Admin Onboarding Page/Admin_Onboarding_Step4/Textbox_ContactNumber'

2020-01-16 14:25:03 - [TEST_STEP][PASSED] - setText(findTestObject("ADMIN/Admin Onboarding Page/Admin_Onboarding_Step4/Textbox_ContactEmail"), varEmail): Text 'arcadierteam@gmail.com' is set on object 'Object Repository/ADMIN/Admin Onboarding Page/Admin_Onboarding_Step4/Textbox_ContactEmail'

2020-01-16 14:25:03 - [MESSAGE][PASSED] - Text 'arcadierteam@gmail.com' is set on object 'Object Repository/ADMIN/Admin Onboarding Page/Admin_Onboarding_Step4/Textbox_ContactEmail'

2020-01-16 14:25:03 - [TEST_STEP][PASSED] - click(findTestObject("ADMIN/Admin Onboarding Page/Admin_Onboarding_Step4/Button_Next_Step4"), CONTINUE_ON_FAILURE): Object: 'Object Repository/ADMIN/Admin Onboarding Page/Admin_Onboarding_Step4/Button_Next_Step4' is clicked on

2020-01-16 14:25:03 - [MESSAGE][PASSED] - Object: 'Object Repository/ADMIN/Admin Onboarding Page/Admin_Onboarding_Step4/Button_Next_Step4' is clicked on

2020-01-16 14:25:03 - [TEST_STEP][PASSED] - comment("Step 5"): Step 5

2020-01-16 14:25:03 - [MESSAGE][INFO] - Step 5

2020-01-16 14:25:03 - [TEST_STEP][PASSED] - waitForElementVisible(findTestObject("ADMIN/Admin Onboarding Page/Admin_Onboarding_Step5/h1_5. Preview  pick out a mark"), 0): Object 'Object Repository/ADMIN/Admin Onboarding Page/Admin_Onboarding_Step5/h1_5. Preview  pick out a mark' is visible

2020-01-16 14:25:03 - [MESSAGE][WARNING] - Timeout '0' is invalid. Using default page load timeout: '30'

2020-01-16 14:25:05 - [MESSAGE][PASSED] - Object 'Object Repository/ADMIN/Admin Onboarding Page/Admin_Onboarding_Step5/h1_5. Preview  pick out a mark' is visible

2020-01-16 14:25:05 - [TEST_STEP][PASSED] - if (varTemplate == "Bespoke"): null

2020-01-16 14:25:05 - [TEST_STEP][PASSED] - else if (varTemplate == "Space"): Object: 'Object Repository/ADMIN/Admin Onboarding Page/Admin_Onboarding_Step5/Button_Theme2_Select' is clicked on

2020-01-16 14:25:05 - [TEST_STEP][PASSED] - if (varTheme == "Theme 1"): null

2020-01-16 14:25:05 - [TEST_STEP][PASSED] - else if (varTheme == "Theme 2"): Object: 'Object Repository/ADMIN/Admin Onboarding Page/Admin_Onboarding_Step5/Button_Theme2_Select' is clicked on

2020-01-16 14:25:05 - [TEST_STEP][PASSED] - click(findTestObject("ADMIN/Admin Onboarding Page/Admin_Onboarding_Step5/Button_Theme2_Select")): Object: 'Object Repository/ADMIN/Admin Onboarding Page/Admin_Onboarding_Step5/Button_Theme2_Select' is clicked on

2020-01-16 14:25:05 - [MESSAGE][PASSED] - Object: 'Object Repository/ADMIN/Admin Onboarding Page/Admin_Onboarding_Step5/Button_Theme2_Select' is clicked on

2020-01-16 14:25:05 - [TEST_STEP][PASSED] - click(findTestObject("ADMIN/Admin Onboarding Page/Admin_Onboarding_Step5/Button_Next_Step5")): Object: 'Object Repository/ADMIN/Admin Onboarding Page/Admin_Onboarding_Step5/Button_Next_Step5' is clicked on

2020-01-16 14:25:06 - [MESSAGE][PASSED] - Object: 'Object Repository/ADMIN/Admin Onboarding Page/Admin_Onboarding_Step5/Button_Next_Step5' is clicked on

2020-01-16 14:25:06 - [TEST_STEP][PASSED] - comment("Step 6"): Step 6

2020-01-16 14:25:06 - [MESSAGE][INFO] - Step 6

2020-01-16 14:25:06 - [TEST_STEP][PASSED] - waitForElementVisible(findTestObject("ADMIN/Admin Onboarding Page/Admin_Onboarding_Step6/Textlabel_Select your marketplace"), 0): Object 'Object Repository/ADMIN/Admin Onboarding Page/Admin_Onboarding_Step6/Textlabel_Select your marketplace' is visible

2020-01-16 14:25:06 - [MESSAGE][WARNING] - Timeout '0' is invalid. Using default page load timeout: '30'

2020-01-16 14:25:06 - [MESSAGE][PASSED] - Object 'Object Repository/ADMIN/Admin Onboarding Page/Admin_Onboarding_Step6/Textlabel_Select your marketplace' is visible

2020-01-16 14:25:06 - [TEST_STEP][PASSED] - click(findTestObject("ADMIN/Admin Onboarding Page/Admin_Onboarding_Step6/Button_Browse_Step6"), CONTINUE_ON_FAILURE): Object: 'Object Repository/ADMIN/Admin Onboarding Page/Admin_Onboarding_Step6/Button_Browse_Step6' is clicked on

2020-01-16 14:25:06 - [MESSAGE][PASSED] - Object: 'Object Repository/ADMIN/Admin Onboarding Page/Admin_Onboarding_Step6/Button_Browse_Step6' is clicked on

2020-01-16 14:25:06 - [TEST_STEP][PASSED] - delay(2): Delayed 2 second(s)

2020-01-16 14:25:08 - [MESSAGE][PASSED] - Delayed 2 second(s)

2020-01-16 14:25:08 - [TEST_STEP][PASSED] - uploadFile(findTestObject("ADMIN/Admin Onboarding Page/Admin_Onboarding_Step6/Image_Container"), varCoverImage): File 'C:\\Users\\Arcadier\\git\\Arctick\\Images\\LogoLayout\\coverimage3.jpg' sent to object: 'Object Repository/ADMIN/Admin Onboarding Page/Admin_Onboarding_Step6/Image_Container'

2020-01-16 14:25:08 - [MESSAGE][PASSED] - File 'C:\\Users\\Arcadier\\git\\Arctick\\Images\\LogoLayout\\coverimage3.jpg' sent to object: 'Object Repository/ADMIN/Admin Onboarding Page/Admin_Onboarding_Step6/Image_Container'

2020-01-16 14:25:08 - [TEST_STEP][PASSED] - waitForElementVisible(findTestObject("ADMIN/Admin Onboarding Page/Admin_Onboarding_Step6/Image Cropper/div_btn btn-success btn-ok"), 0): Object 'Object Repository/ADMIN/Admin Onboarding Page/Admin_Onboarding_Step6/Image Cropper/div_btn btn-success btn-ok' is visible

2020-01-16 14:25:09 - [MESSAGE][WARNING] - Timeout '0' is invalid. Using default page load timeout: '30'

2020-01-16 14:25:09 - [MESSAGE][PASSED] - Object 'Object Repository/ADMIN/Admin Onboarding Page/Admin_Onboarding_Step6/Image Cropper/div_btn btn-success btn-ok' is visible

2020-01-16 14:25:09 - [TEST_STEP][PASSED] - click(findTestObject("ADMIN/Admin Onboarding Page/Admin_Onboarding_Step6/Image Cropper/div_btn btn-success btn-ok"), CONTINUE_ON_FAILURE): Object: 'Object Repository/ADMIN/Admin Onboarding Page/Admin_Onboarding_Step6/Image Cropper/div_btn btn-success btn-ok' is clicked on

2020-01-16 14:25:09 - [MESSAGE][PASSED] - Object: 'Object Repository/ADMIN/Admin Onboarding Page/Admin_Onboarding_Step6/Image Cropper/div_btn btn-success btn-ok' is clicked on

2020-01-16 14:25:09 - [TEST_STEP][PASSED] - waitForElementVisible(findTestObject("ADMIN/Admin Onboarding Page/Admin_Onboarding_Step6/Image Cropper/a_Save Photo"), 0): Object 'Object Repository/ADMIN/Admin Onboarding Page/Admin_Onboarding_Step6/Image Cropper/a_Save Photo' is visible

2020-01-16 14:25:09 - [MESSAGE][WARNING] - Timeout '0' is invalid. Using default page load timeout: '30'

2020-01-16 14:25:09 - [MESSAGE][PASSED] - Object 'Object Repository/ADMIN/Admin Onboarding Page/Admin_Onboarding_Step6/Image Cropper/a_Save Photo' is visible

2020-01-16 14:25:09 - [TEST_STEP][PASSED] - click(findTestObject("ADMIN/Admin Onboarding Page/Admin_Onboarding_Step6/Image Cropper/a_Save Photo"), CONTINUE_ON_FAILURE): Object: 'Object Repository/ADMIN/Admin Onboarding Page/Admin_Onboarding_Step6/Image Cropper/a_Save Photo' is clicked on

2020-01-16 14:25:09 - [MESSAGE][PASSED] - Object: 'Object Repository/ADMIN/Admin Onboarding Page/Admin_Onboarding_Step6/Image Cropper/a_Save Photo' is clicked on

2020-01-16 14:25:09 - [TEST_STEP][PASSED] - delay(1): Delayed 1 second(s)

2020-01-16 14:25:10 - [MESSAGE][PASSED] - Delayed 1 second(s)

2020-01-16 14:25:10 - [TEST_STEP][PASSED] - click(findTestObject("ADMIN/Admin Onboarding Page/Admin_Onboarding_Step6/Button_Next_Step6"), CONTINUE_ON_FAILURE): Object: 'Object Repository/ADMIN/Admin Onboarding Page/Admin_Onboarding_Step6/Button_Next_Step6' is clicked on

2020-01-16 14:25:10 - [MESSAGE][PASSED] - Object: 'Object Repository/ADMIN/Admin Onboarding Page/Admin_Onboarding_Step6/Button_Next_Step6' is clicked on

2020-01-16 14:25:10 - [TEST_STEP][PASSED] - comment("Step 7 (editable variables)"): Step 7 (editable variables)

2020-01-16 14:25:10 - [MESSAGE][INFO] - Step 7 (editable variables)

2020-01-16 14:25:10 - [TEST_STEP][PASSED] - waitForElementVisible(findTestObject("ADMIN/Admin Onboarding Page/Admin_Onboarding_Step7/Textlabel_7. Now how would you like t"), 0): Object 'Object Repository/ADMIN/Admin Onboarding Page/Admin_Onboarding_Step7/Textlabel_7. Now how would you like t' is visible

2020-01-16 14:25:10 - [MESSAGE][WARNING] - Timeout '0' is invalid. Using default page load timeout: '30'

2020-01-16 14:25:12 - [MESSAGE][PASSED] - Object 'Object Repository/ADMIN/Admin Onboarding Page/Admin_Onboarding_Step7/Textlabel_7. Now how would you like t' is visible

2020-01-16 14:25:12 - [TEST_STEP][PASSED] - selectOptionByLabel(findTestObject("ADMIN/Admin Onboarding Page/Admin_Onboarding_Step7/Dropdown_Currency"), varCurrency, false): All options with label 'SGD' are selected in object 'Object Repository/ADMIN/Admin Onboarding Page/Admin_Onboarding_Step7/Dropdown_Currency' 

2020-01-16 14:25:12 - [MESSAGE][PASSED] - All options with label 'SGD' are selected in object 'Object Repository/ADMIN/Admin Onboarding Page/Admin_Onboarding_Step7/Dropdown_Currency' 

2020-01-16 14:25:12 - [TEST_STEP][PASSED] - setText(findTestObject("ADMIN/Admin Onboarding Page/Admin_Onboarding_Step7/Textbox_TransactionFee"), varAdminFee): Text '20' is set on object 'Object Repository/ADMIN/Admin Onboarding Page/Admin_Onboarding_Step7/Textbox_TransactionFee'

2020-01-16 14:25:12 - [MESSAGE][PASSED] - Text '20' is set on object 'Object Repository/ADMIN/Admin Onboarding Page/Admin_Onboarding_Step7/Textbox_TransactionFee'

2020-01-16 14:25:12 - [TEST_STEP][PASSED] - click(findTestObject("ADMIN/Admin Onboarding Page/Admin_Onboarding_Step7/Button_Next_Step7"), CONTINUE_ON_FAILURE): Object: 'Object Repository/ADMIN/Admin Onboarding Page/Admin_Onboarding_Step7/Button_Next_Step7' is clicked on

2020-01-16 14:25:13 - [MESSAGE][PASSED] - Object: 'Object Repository/ADMIN/Admin Onboarding Page/Admin_Onboarding_Step7/Button_Next_Step7' is clicked on

2020-01-16 14:25:13 - [TEST_STEP][PASSED] - comment("Step 8"): Step 8

2020-01-16 14:25:13 - [MESSAGE][INFO] - Step 8

2020-01-16 14:25:13 - [TEST_STEP][PASSED] - waitForElementVisible(findTestObject("ADMIN/Admin Onboarding Page/Admin_Onboarding_Step8/Textlabel_Review your marketplace pol"), 0): Object 'Object Repository/ADMIN/Admin Onboarding Page/Admin_Onboarding_Step8/Textlabel_Review your marketplace pol' is visible

2020-01-16 14:25:13 - [MESSAGE][WARNING] - Timeout '0' is invalid. Using default page load timeout: '30'

2020-01-16 14:25:14 - [MESSAGE][PASSED] - Object 'Object Repository/ADMIN/Admin Onboarding Page/Admin_Onboarding_Step8/Textlabel_Review your marketplace pol' is visible

2020-01-16 14:25:14 - [TEST_STEP][PASSED] - comment("Checkbox Return Policy"): Checkbox Return Policy

2020-01-16 14:25:14 - [MESSAGE][INFO] - Checkbox Return Policy

2020-01-16 14:25:14 - [TEST_STEP][PASSED] - click(findTestObject("ADMIN/Admin Onboarding Page/Admin_Onboarding_Step8/Checkbox_ReturnPolicy")): Object: 'Object Repository/ADMIN/Admin Onboarding Page/Admin_Onboarding_Step8/Checkbox_ReturnPolicy' is clicked on

2020-01-16 14:25:14 - [MESSAGE][PASSED] - Object: 'Object Repository/ADMIN/Admin Onboarding Page/Admin_Onboarding_Step8/Checkbox_ReturnPolicy' is clicked on

2020-01-16 14:25:14 - [TEST_STEP][PASSED] - comment("Terms and Condition"): Terms and Condition

2020-01-16 14:25:14 - [MESSAGE][INFO] - Terms and Condition

2020-01-16 14:25:14 - [TEST_STEP][PASSED] - click(findTestObject("ADMIN/Admin Onboarding Page/Admin_Onboarding_Step8/Checkbox_IsAgreed")): Object: 'Object Repository/ADMIN/Admin Onboarding Page/Admin_Onboarding_Step8/Checkbox_IsAgreed' is clicked on

2020-01-16 14:25:14 - [MESSAGE][PASSED] - Object: 'Object Repository/ADMIN/Admin Onboarding Page/Admin_Onboarding_Step8/Checkbox_IsAgreed' is clicked on

2020-01-16 14:25:14 - [TEST_STEP][PASSED] - click(findTestObject("ADMIN/Admin Onboarding Page/Admin_Onboarding_Step8/Button_Next_Step8")): Object: 'Object Repository/ADMIN/Admin Onboarding Page/Admin_Onboarding_Step8/Button_Next_Step8' is clicked on

2020-01-16 14:25:16 - [MESSAGE][PASSED] - Object: 'Object Repository/ADMIN/Admin Onboarding Page/Admin_Onboarding_Step8/Button_Next_Step8' is clicked on]]></system-out>
         <system-err><![CDATA[]]></system-err>
      </testcase>
      <testcase name="Test Cases/ADMIN/Onboarding/Complete Onboarding" time="31.585" classname="Test Cases/ADMIN/Onboarding/Complete Onboarding" status="PASSED">
         <system-out><![CDATA[2020-01-16 14:25:16 - [TEST_CASE][PASSED] - Test Cases/ADMIN/Onboarding/Complete Onboarding: Test Cases/ADMIN/Onboarding/Complete Onboarding

2020-01-16 14:25:16 - [TEST_STEP][PASSED] - comment("Create Account"): Create Account

2020-01-16 14:25:16 - [MESSAGE][INFO] - Create Account

2020-01-16 14:25:16 - [TEST_STEP][PASSED] - openBrowser(""): Browser is opened with url: ''

2020-01-16 14:25:16 - [MESSAGE][WARNING] - A browser is already opened. Closing browser and opening a new one

2020-01-16 14:25:17 - [MESSAGE][INFO] - Starting 'Chrome' driver

2020-01-16 14:25:17 - [MESSAGE][INFO] - User set preference: ['args', '[--incognito]']

2020-01-16 14:25:18 - [MESSAGE][PASSED] - Browser is opened with url: ''

2020-01-16 14:25:18 - [TEST_STEP][PASSED] - if (varServer == "Test"): null

2020-01-16 14:25:18 - [TEST_STEP][PASSED] - else if (varServer == "Staging"): Navigate to 'https://www.staging.arcadier.io' successfully

2020-01-16 14:25:18 - [TEST_STEP][PASSED] - navigateToUrl("https://www.staging.arcadier.io"): Navigate to 'https://www.staging.arcadier.io' successfully

2020-01-16 14:25:20 - [MESSAGE][PASSED] - Navigate to 'https://www.staging.arcadier.io' successfully

2020-01-16 14:25:20 - [TEST_STEP][PASSED] - maximizeWindow(): Current window maximized

2020-01-16 14:25:21 - [MESSAGE][PASSED] - Current window maximized

2020-01-16 14:25:21 - [TEST_STEP][PASSED] - if (varAccountType == "custom"): Object: 'Object Repository/ADMIN/Admin Onboarding Page/Admin Onboarding CustomAcc/Button_Sign_Up' is clicked on

2020-01-16 14:25:21 - [TEST_STEP][PASSED] - click(findTestObject("ADMIN/Admin Onboarding Page/Create_Account_Page/Button_Create_Account")): Object: 'Object Repository/ADMIN/Admin Onboarding Page/Create_Account_Page/Button_Create_Account' is clicked on

2020-01-16 14:25:21 - [MESSAGE][PASSED] - Object: 'Object Repository/ADMIN/Admin Onboarding Page/Create_Account_Page/Button_Create_Account' is clicked on

2020-01-16 14:25:21 - [TEST_STEP][PASSED] - verifyElementPresent(findTestObject("ADMIN/Admin Onboarding Page/Admin Onboarding CustomAcc/Textbox_Username"), 0): Object 'Object Repository/ADMIN/Admin Onboarding Page/Admin Onboarding CustomAcc/Textbox_Username' is present

2020-01-16 14:25:21 - [MESSAGE][WARNING] - Timeout '0' is invalid. Using default page load timeout: '30'

2020-01-16 14:25:21 - [MESSAGE][PASSED] - Object 'Object Repository/ADMIN/Admin Onboarding Page/Admin Onboarding CustomAcc/Textbox_Username' is present

2020-01-16 14:25:21 - [TEST_STEP][PASSED] - setText(findTestObject("ADMIN/Admin Onboarding Page/Admin Onboarding CustomAcc/Textbox_Username"), varUsername): Text '0116bp1' is set on object 'Object Repository/ADMIN/Admin Onboarding Page/Admin Onboarding CustomAcc/Textbox_Username'

2020-01-16 14:25:21 - [MESSAGE][PASSED] - Text '0116bp1' is set on object 'Object Repository/ADMIN/Admin Onboarding Page/Admin Onboarding CustomAcc/Textbox_Username'

2020-01-16 14:25:21 - [TEST_STEP][PASSED] - setText(findTestObject("ADMIN/Admin Onboarding Page/Admin Onboarding CustomAcc/Textbox_Password"), "welcome8"): Text 'welcome8' is set on object 'Object Repository/ADMIN/Admin Onboarding Page/Admin Onboarding CustomAcc/Textbox_Password'

2020-01-16 14:25:22 - [MESSAGE][PASSED] - Text 'welcome8' is set on object 'Object Repository/ADMIN/Admin Onboarding Page/Admin Onboarding CustomAcc/Textbox_Password'

2020-01-16 14:25:22 - [TEST_STEP][PASSED] - setText(findTestObject("ADMIN/Admin Onboarding Page/Admin Onboarding CustomAcc/Textbox_Reconfirm_Password"), "welcome8"): Text 'welcome8' is set on object 'Object Repository/ADMIN/Admin Onboarding Page/Admin Onboarding CustomAcc/Textbox_Reconfirm_Password'

2020-01-16 14:25:22 - [MESSAGE][PASSED] - Text 'welcome8' is set on object 'Object Repository/ADMIN/Admin Onboarding Page/Admin Onboarding CustomAcc/Textbox_Reconfirm_Password'

2020-01-16 14:25:22 - [TEST_STEP][PASSED] - click(findTestObject("ADMIN/Admin Onboarding Page/Admin Onboarding CustomAcc/Button_Sign_Up")): Object: 'Object Repository/ADMIN/Admin Onboarding Page/Admin Onboarding CustomAcc/Button_Sign_Up' is clicked on

2020-01-16 14:25:24 - [MESSAGE][PASSED] - Object: 'Object Repository/ADMIN/Admin Onboarding Page/Admin Onboarding CustomAcc/Button_Sign_Up' is clicked on

2020-01-16 14:25:24 - [TEST_STEP][PASSED] - comment("Step 1"): Step 1

2020-01-16 14:25:24 - [MESSAGE][INFO] - Step 1

2020-01-16 14:25:24 - [TEST_STEP][PASSED] - selectOptionByLabel(findTestObject("ADMIN/Admin Onboarding Page/Admin_Onboarding_Step1/1stDropdown_Please select one...Im"), "I’m managing them offline", false): All options with label 'I’m managing them offline' are selected in object 'Object Repository/ADMIN/Admin Onboarding Page/Admin_Onboarding_Step1/1stDropdown_Please select one...Im' 

2020-01-16 14:25:24 - [MESSAGE][PASSED] - All options with label 'I’m managing them offline' are selected in object 'Object Repository/ADMIN/Admin Onboarding Page/Admin_Onboarding_Step1/1stDropdown_Please select one...Im' 

2020-01-16 14:25:24 - [TEST_STEP][PASSED] - selectOptionByLabel(findTestObject("ADMIN/Admin Onboarding Page/Admin_Onboarding_Step1/2ndDropdown_Please select one...Don"), "Something else!", false): All options with label 'Something else!' are selected in object 'Object Repository/ADMIN/Admin Onboarding Page/Admin_Onboarding_Step1/2ndDropdown_Please select one...Don' 

2020-01-16 14:25:25 - [MESSAGE][PASSED] - All options with label 'Something else!' are selected in object 'Object Repository/ADMIN/Admin Onboarding Page/Admin_Onboarding_Step1/2ndDropdown_Please select one...Don' 

2020-01-16 14:25:25 - [TEST_STEP][PASSED] - setText(findTestObject("ADMIN/Admin Onboarding Page/Admin_Onboarding_Step1/2nddropdown_textbox_OtherMarketplaceType"), "Marketplace"): Text 'Marketplace' is set on object 'Object Repository/ADMIN/Admin Onboarding Page/Admin_Onboarding_Step1/2nddropdown_textbox_OtherMarketplaceType'

2020-01-16 14:25:25 - [MESSAGE][PASSED] - Text 'Marketplace' is set on object 'Object Repository/ADMIN/Admin Onboarding Page/Admin_Onboarding_Step1/2nddropdown_textbox_OtherMarketplaceType'

2020-01-16 14:25:25 - [TEST_STEP][PASSED] - selectOptionByLabel(findTestObject("ADMIN/Admin Onboarding Page/Admin_Onboarding_Step1/3rdDropdown_Im an individualIm work"), "Someone else!", false): All options with label 'Someone else!' are selected in object 'Object Repository/ADMIN/Admin Onboarding Page/Admin_Onboarding_Step1/3rdDropdown_Im an individualIm work' 

2020-01-16 14:25:25 - [MESSAGE][PASSED] - All options with label 'Someone else!' are selected in object 'Object Repository/ADMIN/Admin Onboarding Page/Admin_Onboarding_Step1/3rdDropdown_Im an individualIm work' 

2020-01-16 14:25:25 - [TEST_STEP][PASSED] - setText(findTestObject("ADMIN/Admin Onboarding Page/Admin_Onboarding_Step1/3rddropdown_textbox_OtherEntityType"), "Business Man"): Text 'Business Man' is set on object 'Object Repository/ADMIN/Admin Onboarding Page/Admin_Onboarding_Step1/3rddropdown_textbox_OtherEntityType'

2020-01-16 14:25:25 - [MESSAGE][PASSED] - Text 'Business Man' is set on object 'Object Repository/ADMIN/Admin Onboarding Page/Admin_Onboarding_Step1/3rddropdown_textbox_OtherEntityType'

2020-01-16 14:25:25 - [TEST_STEP][PASSED] - setText(findTestObject("ADMIN/Admin Onboarding Page/Admin_Onboarding_Step1/3rddropdown_textbox_OtherEntityType"), "Business Man"): Text 'Business Man' is set on object 'Object Repository/ADMIN/Admin Onboarding Page/Admin_Onboarding_Step1/3rddropdown_textbox_OtherEntityType'

2020-01-16 14:25:25 - [MESSAGE][PASSED] - Text 'Business Man' is set on object 'Object Repository/ADMIN/Admin Onboarding Page/Admin_Onboarding_Step1/3rddropdown_textbox_OtherEntityType'

2020-01-16 14:25:25 - [TEST_STEP][PASSED] - click(findTestObject("ADMIN/Admin Onboarding Page/Admin_Onboarding_Step1/Button_NEXT_Step1")): Object: 'Object Repository/ADMIN/Admin Onboarding Page/Admin_Onboarding_Step1/Button_NEXT_Step1' is clicked on

2020-01-16 14:25:26 - [MESSAGE][PASSED] - Object: 'Object Repository/ADMIN/Admin Onboarding Page/Admin_Onboarding_Step1/Button_NEXT_Step1' is clicked on

2020-01-16 14:25:26 - [TEST_STEP][PASSED] - comment("Step 2"): Step 2

2020-01-16 14:25:26 - [MESSAGE][INFO] - Step 2

2020-01-16 14:25:26 - [TEST_STEP][PASSED] - waitForElementVisible(findTestObject("ADMIN/Admin Onboarding Page/Admin_Onboarding_Step2/Textlabel_We will like to know mor"), 0): Object 'Object Repository/ADMIN/Admin Onboarding Page/Admin_Onboarding_Step2/Textlabel_We will like to know mor' is visible

2020-01-16 14:25:27 - [MESSAGE][WARNING] - Timeout '0' is invalid. Using default page load timeout: '30'

2020-01-16 14:25:27 - [MESSAGE][PASSED] - Object 'Object Repository/ADMIN/Admin Onboarding Page/Admin_Onboarding_Step2/Textlabel_We will like to know mor' is visible

2020-01-16 14:25:27 - [TEST_STEP][PASSED] - setText(findTestObject("ADMIN/Admin Onboarding Page/Admin_Onboarding_Step2/Textbox_FirstName"), varFName): Text '0116bp1' is set on object 'Object Repository/ADMIN/Admin Onboarding Page/Admin_Onboarding_Step2/Textbox_FirstName'

2020-01-16 14:25:27 - [MESSAGE][PASSED] - Text '0116bp1' is set on object 'Object Repository/ADMIN/Admin Onboarding Page/Admin_Onboarding_Step2/Textbox_FirstName'

2020-01-16 14:25:27 - [TEST_STEP][PASSED] - setText(findTestObject("ADMIN/Admin Onboarding Page/Admin_Onboarding_Step2/Textbox_LastName"), varLName): Text 'Marketplace' is set on object 'Object Repository/ADMIN/Admin Onboarding Page/Admin_Onboarding_Step2/Textbox_LastName'

2020-01-16 14:25:27 - [MESSAGE][PASSED] - Text 'Marketplace' is set on object 'Object Repository/ADMIN/Admin Onboarding Page/Admin_Onboarding_Step2/Textbox_LastName'

2020-01-16 14:25:27 - [TEST_STEP][PASSED] - setText(findTestObject("ADMIN/Admin Onboarding Page/Admin_Onboarding_Step2/Textbox_Email"), varEmail): Text 'arcadierteam@gmail.com' is set on object 'Object Repository/ADMIN/Admin Onboarding Page/Admin_Onboarding_Step2/Textbox_Email'

2020-01-16 14:25:28 - [MESSAGE][PASSED] - Text 'arcadierteam@gmail.com' is set on object 'Object Repository/ADMIN/Admin Onboarding Page/Admin_Onboarding_Step2/Textbox_Email'

2020-01-16 14:25:28 - [TEST_STEP][PASSED] - delay(1): Delayed 1 second(s)

2020-01-16 14:25:29 - [MESSAGE][PASSED] - Delayed 1 second(s)

2020-01-16 14:25:29 - [TEST_STEP][PASSED] - selectOptionByLabel(findTestObject("ADMIN/Admin Onboarding Page/Admin_Onboarding_Step2/Country_Dropdown"), varCountry, false): All options with label 'Italy' are selected in object 'Object Repository/ADMIN/Admin Onboarding Page/Admin_Onboarding_Step2/Country_Dropdown' 

2020-01-16 14:25:29 - [MESSAGE][PASSED] - All options with label 'Italy' are selected in object 'Object Repository/ADMIN/Admin Onboarding Page/Admin_Onboarding_Step2/Country_Dropdown' 

2020-01-16 14:25:29 - [TEST_STEP][PASSED] - setText(findTestObject("ADMIN/Admin Onboarding Page/Admin_Onboarding_Step2/Address_Line1"), varAddress1): Text 'Strada Statale 130' is set on object 'Object Repository/ADMIN/Admin Onboarding Page/Admin_Onboarding_Step2/Address_Line1'

2020-01-16 14:25:29 - [MESSAGE][PASSED] - Text 'Strada Statale 130' is set on object 'Object Repository/ADMIN/Admin Onboarding Page/Admin_Onboarding_Step2/Address_Line1'

2020-01-16 14:25:29 - [TEST_STEP][PASSED] - setText(findTestObject("ADMIN/Admin Onboarding Page/Admin_Onboarding_Step2/Address_Line2"), varAddress2): Text 'Dorzano, Biella 13881' is set on object 'Object Repository/ADMIN/Admin Onboarding Page/Admin_Onboarding_Step2/Address_Line2'

2020-01-16 14:25:29 - [MESSAGE][PASSED] - Text 'Dorzano, Biella 13881' is set on object 'Object Repository/ADMIN/Admin Onboarding Page/Admin_Onboarding_Step2/Address_Line2'

2020-01-16 14:25:29 - [TEST_STEP][PASSED] - setText(findTestObject("ADMIN/Admin Onboarding Page/Admin_Onboarding_Step2/Textbox_PhoneNumber"), varContactNumber): Text '+631234567890' is set on object 'Object Repository/ADMIN/Admin Onboarding Page/Admin_Onboarding_Step2/Textbox_PhoneNumber'

2020-01-16 14:25:30 - [MESSAGE][PASSED] - Text '+631234567890' is set on object 'Object Repository/ADMIN/Admin Onboarding Page/Admin_Onboarding_Step2/Textbox_PhoneNumber'

2020-01-16 14:25:30 - [TEST_STEP][PASSED] - click(findTestObject("ADMIN/Admin Onboarding Page/Admin_Onboarding_Step2/Button_Next_Step2"), CONTINUE_ON_FAILURE): Object: 'Object Repository/ADMIN/Admin Onboarding Page/Admin_Onboarding_Step2/Button_Next_Step2' is clicked on

2020-01-16 14:25:31 - [MESSAGE][PASSED] - Object: 'Object Repository/ADMIN/Admin Onboarding Page/Admin_Onboarding_Step2/Button_Next_Step2' is clicked on

2020-01-16 14:25:31 - [TEST_STEP][PASSED] - comment("Step 3"): Step 3

2020-01-16 14:25:31 - [MESSAGE][INFO] - Step 3

2020-01-16 14:25:31 - [TEST_STEP][PASSED] - waitForElementVisible(findTestObject("ADMIN/Admin Onboarding Page/Admin_Onboarding_Step3/TextLabel_What type of marketplace"), 0): Object 'Object Repository/ADMIN/Admin Onboarding Page/Admin_Onboarding_Step3/TextLabel_What type of marketplace' is visible

2020-01-16 14:25:31 - [MESSAGE][WARNING] - Timeout '0' is invalid. Using default page load timeout: '30'

2020-01-16 14:25:31 - [MESSAGE][PASSED] - Object 'Object Repository/ADMIN/Admin Onboarding Page/Admin_Onboarding_Step3/TextLabel_What type of marketplace' is visible

2020-01-16 14:25:31 - [TEST_STEP][PASSED] - delay(1): Delayed 1 second(s)

2020-01-16 14:25:32 - [MESSAGE][PASSED] - Delayed 1 second(s)

2020-01-16 14:25:32 - [TEST_STEP][PASSED] - if (varTemplate == "Bespoke"): Object: 'Object Repository/ADMIN/Admin Onboarding Page/Admin_Onboarding_Step3/Button_Retail_Goods_Select' is clicked on

2020-01-16 14:25:32 - [TEST_STEP][PASSED] - mouseOver(findTestObject("ADMIN/Admin Onboarding Page/Admin_Onboarding_Step3/Textlabel_Retail Goods")): Object: 'Object Repository/ADMIN/Admin Onboarding Page/Admin_Onboarding_Step3/Textlabel_Retail Goods' is hovered

2020-01-16 14:25:32 - [MESSAGE][PASSED] - Object: 'Object Repository/ADMIN/Admin Onboarding Page/Admin_Onboarding_Step3/Textlabel_Retail Goods' is hovered

2020-01-16 14:25:32 - [TEST_STEP][PASSED] - delay(1): Delayed 1 second(s)

2020-01-16 14:25:33 - [MESSAGE][PASSED] - Delayed 1 second(s)

2020-01-16 14:25:33 - [TEST_STEP][PASSED] - click(findTestObject("ADMIN/Admin Onboarding Page/Admin_Onboarding_Step3/Button_Retail_Goods_Select")): Object: 'Object Repository/ADMIN/Admin Onboarding Page/Admin_Onboarding_Step3/Button_Retail_Goods_Select' is clicked on

2020-01-16 14:25:34 - [MESSAGE][PASSED] - Object: 'Object Repository/ADMIN/Admin Onboarding Page/Admin_Onboarding_Step3/Button_Retail_Goods_Select' is clicked on

2020-01-16 14:25:34 - [TEST_STEP][PASSED] - comment("Step 4"): Step 4

2020-01-16 14:25:34 - [MESSAGE][INFO] - Step 4

2020-01-16 14:25:34 - [TEST_STEP][PASSED] - uploadFile(findTestObject("ADMIN/Admin Onboarding Page/Admin_Onboarding_Step4/Button_Browse_Step4"), varLogo): File 'C:\\Users\\Arcadier\\git\\Arctick\\Images\\LogoLayout\\logo2.jpg' sent to object: 'Object Repository/ADMIN/Admin Onboarding Page/Admin_Onboarding_Step4/Button_Browse_Step4'

2020-01-16 14:25:34 - [MESSAGE][PASSED] - File 'C:\\Users\\Arcadier\\git\\Arctick\\Images\\LogoLayout\\logo2.jpg' sent to object: 'Object Repository/ADMIN/Admin Onboarding Page/Admin_Onboarding_Step4/Button_Browse_Step4'

2020-01-16 14:25:34 - [TEST_STEP][PASSED] - setText(findTestObject("ADMIN/Admin Onboarding Page/Admin_Onboarding_Step4/Textbox_Marketplace_Name"), varUsername): Text '0116bp1' is set on object 'Object Repository/ADMIN/Admin Onboarding Page/Admin_Onboarding_Step4/Textbox_Marketplace_Name'

2020-01-16 14:25:35 - [MESSAGE][PASSED] - Text '0116bp1' is set on object 'Object Repository/ADMIN/Admin Onboarding Page/Admin_Onboarding_Step4/Textbox_Marketplace_Name'

2020-01-16 14:25:35 - [TEST_STEP][PASSED] - setText(findTestObject("ADMIN/Admin Onboarding Page/Admin_Onboarding_Step4/Textbox_Slogan"), varTheme): Text 'Theme 2' is set on object 'Object Repository/ADMIN/Admin Onboarding Page/Admin_Onboarding_Step4/Textbox_Slogan'

2020-01-16 14:25:35 - [MESSAGE][PASSED] - Text 'Theme 2' is set on object 'Object Repository/ADMIN/Admin Onboarding Page/Admin_Onboarding_Step4/Textbox_Slogan'

2020-01-16 14:25:35 - [TEST_STEP][PASSED] - setText(findTestObject("ADMIN/Admin Onboarding Page/Admin_Onboarding_Step4/Textbox_ContactNumber"), varContactNumber): Text '+631234567890' is set on object 'Object Repository/ADMIN/Admin Onboarding Page/Admin_Onboarding_Step4/Textbox_ContactNumber'

2020-01-16 14:25:35 - [MESSAGE][PASSED] - Text '+631234567890' is set on object 'Object Repository/ADMIN/Admin Onboarding Page/Admin_Onboarding_Step4/Textbox_ContactNumber'

2020-01-16 14:25:35 - [TEST_STEP][PASSED] - setText(findTestObject("ADMIN/Admin Onboarding Page/Admin_Onboarding_Step4/Textbox_ContactEmail"), varEmail): Text 'arcadierteam@gmail.com' is set on object 'Object Repository/ADMIN/Admin Onboarding Page/Admin_Onboarding_Step4/Textbox_ContactEmail'

2020-01-16 14:25:35 - [MESSAGE][PASSED] - Text 'arcadierteam@gmail.com' is set on object 'Object Repository/ADMIN/Admin Onboarding Page/Admin_Onboarding_Step4/Textbox_ContactEmail'

2020-01-16 14:25:35 - [TEST_STEP][PASSED] - click(findTestObject("ADMIN/Admin Onboarding Page/Admin_Onboarding_Step4/Button_Next_Step4"), CONTINUE_ON_FAILURE): Object: 'Object Repository/ADMIN/Admin Onboarding Page/Admin_Onboarding_Step4/Button_Next_Step4' is clicked on

2020-01-16 14:25:35 - [MESSAGE][PASSED] - Object: 'Object Repository/ADMIN/Admin Onboarding Page/Admin_Onboarding_Step4/Button_Next_Step4' is clicked on

2020-01-16 14:25:35 - [TEST_STEP][PASSED] - comment("Step 5"): Step 5

2020-01-16 14:25:35 - [MESSAGE][INFO] - Step 5

2020-01-16 14:25:35 - [TEST_STEP][PASSED] - waitForElementVisible(findTestObject("ADMIN/Admin Onboarding Page/Admin_Onboarding_Step5/h1_5. Preview  pick out a mark"), 0): Object 'Object Repository/ADMIN/Admin Onboarding Page/Admin_Onboarding_Step5/h1_5. Preview  pick out a mark' is visible

2020-01-16 14:25:35 - [MESSAGE][WARNING] - Timeout '0' is invalid. Using default page load timeout: '30'

2020-01-16 14:25:37 - [MESSAGE][PASSED] - Object 'Object Repository/ADMIN/Admin Onboarding Page/Admin_Onboarding_Step5/h1_5. Preview  pick out a mark' is visible

2020-01-16 14:25:37 - [TEST_STEP][PASSED] - if (varTemplate == "Bespoke"): Object: 'Object Repository/ADMIN/Admin Onboarding Page/Admin_Onboarding_Step5/Bespoke_Theme_Selection/Theme2_select' is clicked on

2020-01-16 14:25:37 - [TEST_STEP][PASSED] - if (varTheme == "Theme 1"): null

2020-01-16 14:25:37 - [TEST_STEP][PASSED] - else if (varTheme == "Theme 2"): Object: 'Object Repository/ADMIN/Admin Onboarding Page/Admin_Onboarding_Step5/Bespoke_Theme_Selection/Theme2_select' is clicked on

2020-01-16 14:25:37 - [TEST_STEP][PASSED] - click(findTestObject("ADMIN/Admin Onboarding Page/Admin_Onboarding_Step5/Bespoke_Theme_Selection/Theme2_select")): Object: 'Object Repository/ADMIN/Admin Onboarding Page/Admin_Onboarding_Step5/Bespoke_Theme_Selection/Theme2_select' is clicked on

2020-01-16 14:25:37 - [MESSAGE][PASSED] - Object: 'Object Repository/ADMIN/Admin Onboarding Page/Admin_Onboarding_Step5/Bespoke_Theme_Selection/Theme2_select' is clicked on

2020-01-16 14:25:37 - [TEST_STEP][PASSED] - click(findTestObject("ADMIN/Admin Onboarding Page/Admin_Onboarding_Step5/Button_Next_Step5")): Object: 'Object Repository/ADMIN/Admin Onboarding Page/Admin_Onboarding_Step5/Button_Next_Step5' is clicked on

2020-01-16 14:25:38 - [MESSAGE][PASSED] - Object: 'Object Repository/ADMIN/Admin Onboarding Page/Admin_Onboarding_Step5/Button_Next_Step5' is clicked on

2020-01-16 14:25:38 - [TEST_STEP][PASSED] - comment("Step 6"): Step 6

2020-01-16 14:25:38 - [MESSAGE][INFO] - Step 6

2020-01-16 14:25:38 - [TEST_STEP][PASSED] - waitForElementVisible(findTestObject("ADMIN/Admin Onboarding Page/Admin_Onboarding_Step6/Textlabel_Select your marketplace"), 0): Object 'Object Repository/ADMIN/Admin Onboarding Page/Admin_Onboarding_Step6/Textlabel_Select your marketplace' is visible

2020-01-16 14:25:38 - [MESSAGE][WARNING] - Timeout '0' is invalid. Using default page load timeout: '30'

2020-01-16 14:25:38 - [MESSAGE][PASSED] - Object 'Object Repository/ADMIN/Admin Onboarding Page/Admin_Onboarding_Step6/Textlabel_Select your marketplace' is visible

2020-01-16 14:25:38 - [TEST_STEP][PASSED] - click(findTestObject("ADMIN/Admin Onboarding Page/Admin_Onboarding_Step6/Button_Browse_Step6"), CONTINUE_ON_FAILURE): Object: 'Object Repository/ADMIN/Admin Onboarding Page/Admin_Onboarding_Step6/Button_Browse_Step6' is clicked on

2020-01-16 14:25:38 - [MESSAGE][PASSED] - Object: 'Object Repository/ADMIN/Admin Onboarding Page/Admin_Onboarding_Step6/Button_Browse_Step6' is clicked on

2020-01-16 14:25:38 - [TEST_STEP][PASSED] - delay(2): Delayed 2 second(s)

2020-01-16 14:25:40 - [MESSAGE][PASSED] - Delayed 2 second(s)

2020-01-16 14:25:40 - [TEST_STEP][PASSED] - uploadFile(findTestObject("ADMIN/Admin Onboarding Page/Admin_Onboarding_Step6/Image_Container"), varCoverImage): File 'C:\\Users\\Arcadier\\git\\Arctick\\Images\\LogoLayout\\coverimage3.jpg' sent to object: 'Object Repository/ADMIN/Admin Onboarding Page/Admin_Onboarding_Step6/Image_Container'

2020-01-16 14:25:40 - [MESSAGE][PASSED] - File 'C:\\Users\\Arcadier\\git\\Arctick\\Images\\LogoLayout\\coverimage3.jpg' sent to object: 'Object Repository/ADMIN/Admin Onboarding Page/Admin_Onboarding_Step6/Image_Container'

2020-01-16 14:25:40 - [TEST_STEP][PASSED] - waitForElementVisible(findTestObject("ADMIN/Admin Onboarding Page/Admin_Onboarding_Step6/Image Cropper/div_btn btn-success btn-ok"), 0): Object 'Object Repository/ADMIN/Admin Onboarding Page/Admin_Onboarding_Step6/Image Cropper/div_btn btn-success btn-ok' is visible

2020-01-16 14:25:40 - [MESSAGE][WARNING] - Timeout '0' is invalid. Using default page load timeout: '30'

2020-01-16 14:25:40 - [MESSAGE][PASSED] - Object 'Object Repository/ADMIN/Admin Onboarding Page/Admin_Onboarding_Step6/Image Cropper/div_btn btn-success btn-ok' is visible

2020-01-16 14:25:40 - [TEST_STEP][PASSED] - click(findTestObject("ADMIN/Admin Onboarding Page/Admin_Onboarding_Step6/Image Cropper/div_btn btn-success btn-ok"), CONTINUE_ON_FAILURE): Object: 'Object Repository/ADMIN/Admin Onboarding Page/Admin_Onboarding_Step6/Image Cropper/div_btn btn-success btn-ok' is clicked on

2020-01-16 14:25:41 - [MESSAGE][PASSED] - Object: 'Object Repository/ADMIN/Admin Onboarding Page/Admin_Onboarding_Step6/Image Cropper/div_btn btn-success btn-ok' is clicked on

2020-01-16 14:25:41 - [TEST_STEP][PASSED] - waitForElementVisible(findTestObject("ADMIN/Admin Onboarding Page/Admin_Onboarding_Step6/Image Cropper/a_Save Photo"), 0): Object 'Object Repository/ADMIN/Admin Onboarding Page/Admin_Onboarding_Step6/Image Cropper/a_Save Photo' is visible

2020-01-16 14:25:41 - [MESSAGE][WARNING] - Timeout '0' is invalid. Using default page load timeout: '30'

2020-01-16 14:25:41 - [MESSAGE][PASSED] - Object 'Object Repository/ADMIN/Admin Onboarding Page/Admin_Onboarding_Step6/Image Cropper/a_Save Photo' is visible

2020-01-16 14:25:41 - [TEST_STEP][PASSED] - click(findTestObject("ADMIN/Admin Onboarding Page/Admin_Onboarding_Step6/Image Cropper/a_Save Photo"), CONTINUE_ON_FAILURE): Object: 'Object Repository/ADMIN/Admin Onboarding Page/Admin_Onboarding_Step6/Image Cropper/a_Save Photo' is clicked on

2020-01-16 14:25:41 - [MESSAGE][PASSED] - Object: 'Object Repository/ADMIN/Admin Onboarding Page/Admin_Onboarding_Step6/Image Cropper/a_Save Photo' is clicked on

2020-01-16 14:25:41 - [TEST_STEP][PASSED] - delay(1): Delayed 1 second(s)

2020-01-16 14:25:42 - [MESSAGE][PASSED] - Delayed 1 second(s)

2020-01-16 14:25:42 - [TEST_STEP][PASSED] - click(findTestObject("ADMIN/Admin Onboarding Page/Admin_Onboarding_Step6/Button_Next_Step6"), CONTINUE_ON_FAILURE): Object: 'Object Repository/ADMIN/Admin Onboarding Page/Admin_Onboarding_Step6/Button_Next_Step6' is clicked on

2020-01-16 14:25:42 - [MESSAGE][PASSED] - Object: 'Object Repository/ADMIN/Admin Onboarding Page/Admin_Onboarding_Step6/Button_Next_Step6' is clicked on

2020-01-16 14:25:42 - [TEST_STEP][PASSED] - comment("Step 7 (editable variables)"): Step 7 (editable variables)

2020-01-16 14:25:42 - [MESSAGE][INFO] - Step 7 (editable variables)

2020-01-16 14:25:42 - [TEST_STEP][PASSED] - waitForElementVisible(findTestObject("ADMIN/Admin Onboarding Page/Admin_Onboarding_Step7/Textlabel_7. Now how would you like t"), 0): Object 'Object Repository/ADMIN/Admin Onboarding Page/Admin_Onboarding_Step7/Textlabel_7. Now how would you like t' is visible

2020-01-16 14:25:42 - [MESSAGE][WARNING] - Timeout '0' is invalid. Using default page load timeout: '30'

2020-01-16 14:25:44 - [MESSAGE][PASSED] - Object 'Object Repository/ADMIN/Admin Onboarding Page/Admin_Onboarding_Step7/Textlabel_7. Now how would you like t' is visible

2020-01-16 14:25:44 - [TEST_STEP][PASSED] - selectOptionByLabel(findTestObject("ADMIN/Admin Onboarding Page/Admin_Onboarding_Step7/Dropdown_Currency"), varCurrency, false): All options with label 'USD' are selected in object 'Object Repository/ADMIN/Admin Onboarding Page/Admin_Onboarding_Step7/Dropdown_Currency' 

2020-01-16 14:25:44 - [MESSAGE][PASSED] - All options with label 'USD' are selected in object 'Object Repository/ADMIN/Admin Onboarding Page/Admin_Onboarding_Step7/Dropdown_Currency' 

2020-01-16 14:25:44 - [TEST_STEP][PASSED] - setText(findTestObject("ADMIN/Admin Onboarding Page/Admin_Onboarding_Step7/Textbox_TransactionFee"), varAdminFee): Text '20' is set on object 'Object Repository/ADMIN/Admin Onboarding Page/Admin_Onboarding_Step7/Textbox_TransactionFee'

2020-01-16 14:25:44 - [MESSAGE][PASSED] - Text '20' is set on object 'Object Repository/ADMIN/Admin Onboarding Page/Admin_Onboarding_Step7/Textbox_TransactionFee'

2020-01-16 14:25:44 - [TEST_STEP][PASSED] - click(findTestObject("ADMIN/Admin Onboarding Page/Admin_Onboarding_Step7/Button_Next_Step7"), CONTINUE_ON_FAILURE): Object: 'Object Repository/ADMIN/Admin Onboarding Page/Admin_Onboarding_Step7/Button_Next_Step7' is clicked on

2020-01-16 14:25:45 - [MESSAGE][PASSED] - Object: 'Object Repository/ADMIN/Admin Onboarding Page/Admin_Onboarding_Step7/Button_Next_Step7' is clicked on

2020-01-16 14:25:45 - [TEST_STEP][PASSED] - comment("Step 8"): Step 8

2020-01-16 14:25:45 - [MESSAGE][INFO] - Step 8

2020-01-16 14:25:45 - [TEST_STEP][PASSED] - waitForElementVisible(findTestObject("ADMIN/Admin Onboarding Page/Admin_Onboarding_Step8/Textlabel_Review your marketplace pol"), 0): Object 'Object Repository/ADMIN/Admin Onboarding Page/Admin_Onboarding_Step8/Textlabel_Review your marketplace pol' is visible

2020-01-16 14:25:45 - [MESSAGE][WARNING] - Timeout '0' is invalid. Using default page load timeout: '30'

2020-01-16 14:25:45 - [MESSAGE][PASSED] - Object 'Object Repository/ADMIN/Admin Onboarding Page/Admin_Onboarding_Step8/Textlabel_Review your marketplace pol' is visible

2020-01-16 14:25:45 - [TEST_STEP][PASSED] - comment("Checkbox Return Policy"): Checkbox Return Policy

2020-01-16 14:25:45 - [MESSAGE][INFO] - Checkbox Return Policy

2020-01-16 14:25:45 - [TEST_STEP][PASSED] - click(findTestObject("ADMIN/Admin Onboarding Page/Admin_Onboarding_Step8/Checkbox_ReturnPolicy")): Object: 'Object Repository/ADMIN/Admin Onboarding Page/Admin_Onboarding_Step8/Checkbox_ReturnPolicy' is clicked on

2020-01-16 14:25:45 - [MESSAGE][PASSED] - Object: 'Object Repository/ADMIN/Admin Onboarding Page/Admin_Onboarding_Step8/Checkbox_ReturnPolicy' is clicked on

2020-01-16 14:25:45 - [TEST_STEP][PASSED] - comment("Terms and Condition"): Terms and Condition

2020-01-16 14:25:45 - [MESSAGE][INFO] - Terms and Condition

2020-01-16 14:25:45 - [TEST_STEP][PASSED] - click(findTestObject("ADMIN/Admin Onboarding Page/Admin_Onboarding_Step8/Checkbox_IsAgreed")): Object: 'Object Repository/ADMIN/Admin Onboarding Page/Admin_Onboarding_Step8/Checkbox_IsAgreed' is clicked on

2020-01-16 14:25:46 - [MESSAGE][PASSED] - Object: 'Object Repository/ADMIN/Admin Onboarding Page/Admin_Onboarding_Step8/Checkbox_IsAgreed' is clicked on

2020-01-16 14:25:46 - [TEST_STEP][PASSED] - click(findTestObject("ADMIN/Admin Onboarding Page/Admin_Onboarding_Step8/Button_Next_Step8")): Object: 'Object Repository/ADMIN/Admin Onboarding Page/Admin_Onboarding_Step8/Button_Next_Step8' is clicked on

2020-01-16 14:25:48 - [MESSAGE][PASSED] - Object: 'Object Repository/ADMIN/Admin Onboarding Page/Admin_Onboarding_Step8/Button_Next_Step8' is clicked on]]></system-out>
         <system-err><![CDATA[]]></system-err>
      </testcase>
      <testcase name="Test Cases/ADMIN/Onboarding/Complete Onboarding" time="35.057" classname="Test Cases/ADMIN/Onboarding/Complete Onboarding" status="PASSED">
         <system-out><![CDATA[2020-01-16 14:25:48 - [TEST_CASE][PASSED] - Test Cases/ADMIN/Onboarding/Complete Onboarding: Test Cases/ADMIN/Onboarding/Complete Onboarding

2020-01-16 14:25:48 - [TEST_STEP][PASSED] - comment("Create Account"): Create Account

2020-01-16 14:25:48 - [MESSAGE][INFO] - Create Account

2020-01-16 14:25:48 - [TEST_STEP][PASSED] - openBrowser(""): Browser is opened with url: ''

2020-01-16 14:25:48 - [MESSAGE][WARNING] - A browser is already opened. Closing browser and opening a new one

2020-01-16 14:25:49 - [MESSAGE][INFO] - Starting 'Chrome' driver

2020-01-16 14:25:49 - [MESSAGE][INFO] - User set preference: ['args', '[--incognito]']

2020-01-16 14:25:50 - [MESSAGE][PASSED] - Browser is opened with url: ''

2020-01-16 14:25:50 - [TEST_STEP][PASSED] - if (varServer == "Test"): null

2020-01-16 14:25:50 - [TEST_STEP][PASSED] - else if (varServer == "Staging"): Navigate to 'https://www.staging.arcadier.io' successfully

2020-01-16 14:25:50 - [TEST_STEP][PASSED] - navigateToUrl("https://www.staging.arcadier.io"): Navigate to 'https://www.staging.arcadier.io' successfully

2020-01-16 14:25:53 - [MESSAGE][PASSED] - Navigate to 'https://www.staging.arcadier.io' successfully

2020-01-16 14:25:53 - [TEST_STEP][PASSED] - maximizeWindow(): Current window maximized

2020-01-16 14:25:53 - [MESSAGE][PASSED] - Current window maximized

2020-01-16 14:25:53 - [TEST_STEP][PASSED] - if (varAccountType == "custom"): Object: 'Object Repository/ADMIN/Admin Onboarding Page/Admin Onboarding CustomAcc/Button_Sign_Up' is clicked on

2020-01-16 14:25:53 - [TEST_STEP][PASSED] - click(findTestObject("ADMIN/Admin Onboarding Page/Create_Account_Page/Button_Create_Account")): Object: 'Object Repository/ADMIN/Admin Onboarding Page/Create_Account_Page/Button_Create_Account' is clicked on

2020-01-16 14:25:54 - [MESSAGE][PASSED] - Object: 'Object Repository/ADMIN/Admin Onboarding Page/Create_Account_Page/Button_Create_Account' is clicked on

2020-01-16 14:25:54 - [TEST_STEP][PASSED] - verifyElementPresent(findTestObject("ADMIN/Admin Onboarding Page/Admin Onboarding CustomAcc/Textbox_Username"), 0): Object 'Object Repository/ADMIN/Admin Onboarding Page/Admin Onboarding CustomAcc/Textbox_Username' is present

2020-01-16 14:25:54 - [MESSAGE][WARNING] - Timeout '0' is invalid. Using default page load timeout: '30'

2020-01-16 14:25:54 - [MESSAGE][PASSED] - Object 'Object Repository/ADMIN/Admin Onboarding Page/Admin Onboarding CustomAcc/Textbox_Username' is present

2020-01-16 14:25:54 - [TEST_STEP][PASSED] - setText(findTestObject("ADMIN/Admin Onboarding Page/Admin Onboarding CustomAcc/Textbox_Username"), varUsername): Text '0116bp2' is set on object 'Object Repository/ADMIN/Admin Onboarding Page/Admin Onboarding CustomAcc/Textbox_Username'

2020-01-16 14:25:54 - [MESSAGE][PASSED] - Text '0116bp2' is set on object 'Object Repository/ADMIN/Admin Onboarding Page/Admin Onboarding CustomAcc/Textbox_Username'

2020-01-16 14:25:54 - [TEST_STEP][PASSED] - setText(findTestObject("ADMIN/Admin Onboarding Page/Admin Onboarding CustomAcc/Textbox_Password"), "welcome8"): Text 'welcome8' is set on object 'Object Repository/ADMIN/Admin Onboarding Page/Admin Onboarding CustomAcc/Textbox_Password'

2020-01-16 14:25:55 - [MESSAGE][PASSED] - Text 'welcome8' is set on object 'Object Repository/ADMIN/Admin Onboarding Page/Admin Onboarding CustomAcc/Textbox_Password'

2020-01-16 14:25:55 - [TEST_STEP][PASSED] - setText(findTestObject("ADMIN/Admin Onboarding Page/Admin Onboarding CustomAcc/Textbox_Reconfirm_Password"), "welcome8"): Text 'welcome8' is set on object 'Object Repository/ADMIN/Admin Onboarding Page/Admin Onboarding CustomAcc/Textbox_Reconfirm_Password'

2020-01-16 14:25:55 - [MESSAGE][PASSED] - Text 'welcome8' is set on object 'Object Repository/ADMIN/Admin Onboarding Page/Admin Onboarding CustomAcc/Textbox_Reconfirm_Password'

2020-01-16 14:25:55 - [TEST_STEP][PASSED] - click(findTestObject("ADMIN/Admin Onboarding Page/Admin Onboarding CustomAcc/Button_Sign_Up")): Object: 'Object Repository/ADMIN/Admin Onboarding Page/Admin Onboarding CustomAcc/Button_Sign_Up' is clicked on

2020-01-16 14:25:57 - [MESSAGE][PASSED] - Object: 'Object Repository/ADMIN/Admin Onboarding Page/Admin Onboarding CustomAcc/Button_Sign_Up' is clicked on

2020-01-16 14:25:57 - [TEST_STEP][PASSED] - comment("Step 1"): Step 1

2020-01-16 14:25:57 - [MESSAGE][INFO] - Step 1

2020-01-16 14:25:57 - [TEST_STEP][PASSED] - selectOptionByLabel(findTestObject("ADMIN/Admin Onboarding Page/Admin_Onboarding_Step1/1stDropdown_Please select one...Im"), "I’m managing them offline", false): All options with label 'I’m managing them offline' are selected in object 'Object Repository/ADMIN/Admin Onboarding Page/Admin_Onboarding_Step1/1stDropdown_Please select one...Im' 

2020-01-16 14:25:57 - [MESSAGE][PASSED] - All options with label 'I’m managing them offline' are selected in object 'Object Repository/ADMIN/Admin Onboarding Page/Admin_Onboarding_Step1/1stDropdown_Please select one...Im' 

2020-01-16 14:25:57 - [TEST_STEP][PASSED] - selectOptionByLabel(findTestObject("ADMIN/Admin Onboarding Page/Admin_Onboarding_Step1/2ndDropdown_Please select one...Don"), "Something else!", false): All options with label 'Something else!' are selected in object 'Object Repository/ADMIN/Admin Onboarding Page/Admin_Onboarding_Step1/2ndDropdown_Please select one...Don' 

2020-01-16 14:25:58 - [MESSAGE][PASSED] - All options with label 'Something else!' are selected in object 'Object Repository/ADMIN/Admin Onboarding Page/Admin_Onboarding_Step1/2ndDropdown_Please select one...Don' 

2020-01-16 14:25:58 - [TEST_STEP][PASSED] - setText(findTestObject("ADMIN/Admin Onboarding Page/Admin_Onboarding_Step1/2nddropdown_textbox_OtherMarketplaceType"), "Marketplace"): Text 'Marketplace' is set on object 'Object Repository/ADMIN/Admin Onboarding Page/Admin_Onboarding_Step1/2nddropdown_textbox_OtherMarketplaceType'

2020-01-16 14:25:58 - [MESSAGE][PASSED] - Text 'Marketplace' is set on object 'Object Repository/ADMIN/Admin Onboarding Page/Admin_Onboarding_Step1/2nddropdown_textbox_OtherMarketplaceType'

2020-01-16 14:25:58 - [TEST_STEP][PASSED] - selectOptionByLabel(findTestObject("ADMIN/Admin Onboarding Page/Admin_Onboarding_Step1/3rdDropdown_Im an individualIm work"), "Someone else!", false): All options with label 'Someone else!' are selected in object 'Object Repository/ADMIN/Admin Onboarding Page/Admin_Onboarding_Step1/3rdDropdown_Im an individualIm work' 

2020-01-16 14:25:58 - [MESSAGE][PASSED] - All options with label 'Someone else!' are selected in object 'Object Repository/ADMIN/Admin Onboarding Page/Admin_Onboarding_Step1/3rdDropdown_Im an individualIm work' 

2020-01-16 14:25:58 - [TEST_STEP][PASSED] - setText(findTestObject("ADMIN/Admin Onboarding Page/Admin_Onboarding_Step1/3rddropdown_textbox_OtherEntityType"), "Business Man"): Text 'Business Man' is set on object 'Object Repository/ADMIN/Admin Onboarding Page/Admin_Onboarding_Step1/3rddropdown_textbox_OtherEntityType'

2020-01-16 14:25:58 - [MESSAGE][PASSED] - Text 'Business Man' is set on object 'Object Repository/ADMIN/Admin Onboarding Page/Admin_Onboarding_Step1/3rddropdown_textbox_OtherEntityType'

2020-01-16 14:25:58 - [TEST_STEP][PASSED] - setText(findTestObject("ADMIN/Admin Onboarding Page/Admin_Onboarding_Step1/3rddropdown_textbox_OtherEntityType"), "Business Man"): Text 'Business Man' is set on object 'Object Repository/ADMIN/Admin Onboarding Page/Admin_Onboarding_Step1/3rddropdown_textbox_OtherEntityType'

2020-01-16 14:25:59 - [MESSAGE][PASSED] - Text 'Business Man' is set on object 'Object Repository/ADMIN/Admin Onboarding Page/Admin_Onboarding_Step1/3rddropdown_textbox_OtherEntityType'

2020-01-16 14:25:59 - [TEST_STEP][PASSED] - click(findTestObject("ADMIN/Admin Onboarding Page/Admin_Onboarding_Step1/Button_NEXT_Step1")): Object: 'Object Repository/ADMIN/Admin Onboarding Page/Admin_Onboarding_Step1/Button_NEXT_Step1' is clicked on

2020-01-16 14:26:00 - [MESSAGE][PASSED] - Object: 'Object Repository/ADMIN/Admin Onboarding Page/Admin_Onboarding_Step1/Button_NEXT_Step1' is clicked on

2020-01-16 14:26:00 - [TEST_STEP][PASSED] - comment("Step 2"): Step 2

2020-01-16 14:26:00 - [MESSAGE][INFO] - Step 2

2020-01-16 14:26:00 - [TEST_STEP][PASSED] - waitForElementVisible(findTestObject("ADMIN/Admin Onboarding Page/Admin_Onboarding_Step2/Textlabel_We will like to know mor"), 0): Object 'Object Repository/ADMIN/Admin Onboarding Page/Admin_Onboarding_Step2/Textlabel_We will like to know mor' is visible

2020-01-16 14:26:00 - [MESSAGE][WARNING] - Timeout '0' is invalid. Using default page load timeout: '30'

2020-01-16 14:26:00 - [MESSAGE][PASSED] - Object 'Object Repository/ADMIN/Admin Onboarding Page/Admin_Onboarding_Step2/Textlabel_We will like to know mor' is visible

2020-01-16 14:26:00 - [TEST_STEP][PASSED] - setText(findTestObject("ADMIN/Admin Onboarding Page/Admin_Onboarding_Step2/Textbox_FirstName"), varFName): Text '0116bp2' is set on object 'Object Repository/ADMIN/Admin Onboarding Page/Admin_Onboarding_Step2/Textbox_FirstName'

2020-01-16 14:26:00 - [MESSAGE][PASSED] - Text '0116bp2' is set on object 'Object Repository/ADMIN/Admin Onboarding Page/Admin_Onboarding_Step2/Textbox_FirstName'

2020-01-16 14:26:00 - [TEST_STEP][PASSED] - setText(findTestObject("ADMIN/Admin Onboarding Page/Admin_Onboarding_Step2/Textbox_LastName"), varLName): Text 'Marketplace' is set on object 'Object Repository/ADMIN/Admin Onboarding Page/Admin_Onboarding_Step2/Textbox_LastName'

2020-01-16 14:26:00 - [MESSAGE][PASSED] - Text 'Marketplace' is set on object 'Object Repository/ADMIN/Admin Onboarding Page/Admin_Onboarding_Step2/Textbox_LastName'

2020-01-16 14:26:00 - [TEST_STEP][PASSED] - setText(findTestObject("ADMIN/Admin Onboarding Page/Admin_Onboarding_Step2/Textbox_Email"), varEmail): Text 'arcadierteam@gmail.com' is set on object 'Object Repository/ADMIN/Admin Onboarding Page/Admin_Onboarding_Step2/Textbox_Email'

2020-01-16 14:26:01 - [MESSAGE][PASSED] - Text 'arcadierteam@gmail.com' is set on object 'Object Repository/ADMIN/Admin Onboarding Page/Admin_Onboarding_Step2/Textbox_Email'

2020-01-16 14:26:01 - [TEST_STEP][PASSED] - delay(1): Delayed 1 second(s)

2020-01-16 14:26:02 - [MESSAGE][PASSED] - Delayed 1 second(s)

2020-01-16 14:26:02 - [TEST_STEP][PASSED] - selectOptionByLabel(findTestObject("ADMIN/Admin Onboarding Page/Admin_Onboarding_Step2/Country_Dropdown"), varCountry, false): All options with label 'Italy' are selected in object 'Object Repository/ADMIN/Admin Onboarding Page/Admin_Onboarding_Step2/Country_Dropdown' 

2020-01-16 14:26:02 - [MESSAGE][PASSED] - All options with label 'Italy' are selected in object 'Object Repository/ADMIN/Admin Onboarding Page/Admin_Onboarding_Step2/Country_Dropdown' 

2020-01-16 14:26:02 - [TEST_STEP][PASSED] - setText(findTestObject("ADMIN/Admin Onboarding Page/Admin_Onboarding_Step2/Address_Line1"), varAddress1): Text 'Strada Statale 130' is set on object 'Object Repository/ADMIN/Admin Onboarding Page/Admin_Onboarding_Step2/Address_Line1'

2020-01-16 14:26:02 - [MESSAGE][PASSED] - Text 'Strada Statale 130' is set on object 'Object Repository/ADMIN/Admin Onboarding Page/Admin_Onboarding_Step2/Address_Line1'

2020-01-16 14:26:02 - [TEST_STEP][PASSED] - setText(findTestObject("ADMIN/Admin Onboarding Page/Admin_Onboarding_Step2/Address_Line2"), varAddress2): Text 'Dorzano, Biella 13881' is set on object 'Object Repository/ADMIN/Admin Onboarding Page/Admin_Onboarding_Step2/Address_Line2'

2020-01-16 14:26:03 - [MESSAGE][PASSED] - Text 'Dorzano, Biella 13881' is set on object 'Object Repository/ADMIN/Admin Onboarding Page/Admin_Onboarding_Step2/Address_Line2'

2020-01-16 14:26:03 - [TEST_STEP][PASSED] - setText(findTestObject("ADMIN/Admin Onboarding Page/Admin_Onboarding_Step2/Textbox_PhoneNumber"), varContactNumber): Text '+631234567890' is set on object 'Object Repository/ADMIN/Admin Onboarding Page/Admin_Onboarding_Step2/Textbox_PhoneNumber'

2020-01-16 14:26:03 - [MESSAGE][PASSED] - Text '+631234567890' is set on object 'Object Repository/ADMIN/Admin Onboarding Page/Admin_Onboarding_Step2/Textbox_PhoneNumber'

2020-01-16 14:26:03 - [TEST_STEP][PASSED] - click(findTestObject("ADMIN/Admin Onboarding Page/Admin_Onboarding_Step2/Button_Next_Step2"), CONTINUE_ON_FAILURE): Object: 'Object Repository/ADMIN/Admin Onboarding Page/Admin_Onboarding_Step2/Button_Next_Step2' is clicked on

2020-01-16 14:26:05 - [MESSAGE][PASSED] - Object: 'Object Repository/ADMIN/Admin Onboarding Page/Admin_Onboarding_Step2/Button_Next_Step2' is clicked on

2020-01-16 14:26:05 - [TEST_STEP][PASSED] - comment("Step 3"): Step 3

2020-01-16 14:26:05 - [MESSAGE][INFO] - Step 3

2020-01-16 14:26:05 - [TEST_STEP][PASSED] - waitForElementVisible(findTestObject("ADMIN/Admin Onboarding Page/Admin_Onboarding_Step3/TextLabel_What type of marketplace"), 0): Object 'Object Repository/ADMIN/Admin Onboarding Page/Admin_Onboarding_Step3/TextLabel_What type of marketplace' is visible

2020-01-16 14:26:05 - [MESSAGE][WARNING] - Timeout '0' is invalid. Using default page load timeout: '30'

2020-01-16 14:26:05 - [MESSAGE][PASSED] - Object 'Object Repository/ADMIN/Admin Onboarding Page/Admin_Onboarding_Step3/TextLabel_What type of marketplace' is visible

2020-01-16 14:26:05 - [TEST_STEP][PASSED] - delay(1): Delayed 1 second(s)

2020-01-16 14:26:06 - [MESSAGE][PASSED] - Delayed 1 second(s)

2020-01-16 14:26:06 - [TEST_STEP][PASSED] - if (varTemplate == "Bespoke"): Object: 'Object Repository/ADMIN/Admin Onboarding Page/Admin_Onboarding_Step3/Button_Retail_Goods_Select' is clicked on

2020-01-16 14:26:06 - [TEST_STEP][PASSED] - mouseOver(findTestObject("ADMIN/Admin Onboarding Page/Admin_Onboarding_Step3/Textlabel_Retail Goods")): Object: 'Object Repository/ADMIN/Admin Onboarding Page/Admin_Onboarding_Step3/Textlabel_Retail Goods' is hovered

2020-01-16 14:26:06 - [MESSAGE][PASSED] - Object: 'Object Repository/ADMIN/Admin Onboarding Page/Admin_Onboarding_Step3/Textlabel_Retail Goods' is hovered

2020-01-16 14:26:06 - [TEST_STEP][PASSED] - delay(1): Delayed 1 second(s)

2020-01-16 14:26:07 - [MESSAGE][PASSED] - Delayed 1 second(s)

2020-01-16 14:26:07 - [TEST_STEP][PASSED] - click(findTestObject("ADMIN/Admin Onboarding Page/Admin_Onboarding_Step3/Button_Retail_Goods_Select")): Object: 'Object Repository/ADMIN/Admin Onboarding Page/Admin_Onboarding_Step3/Button_Retail_Goods_Select' is clicked on

2020-01-16 14:26:08 - [MESSAGE][PASSED] - Object: 'Object Repository/ADMIN/Admin Onboarding Page/Admin_Onboarding_Step3/Button_Retail_Goods_Select' is clicked on

2020-01-16 14:26:08 - [TEST_STEP][PASSED] - comment("Step 4"): Step 4

2020-01-16 14:26:08 - [MESSAGE][INFO] - Step 4

2020-01-16 14:26:08 - [TEST_STEP][PASSED] - uploadFile(findTestObject("ADMIN/Admin Onboarding Page/Admin_Onboarding_Step4/Button_Browse_Step4"), varLogo): File 'C:\\Users\\Arcadier\\git\\Arctick\\Images\\LogoLayout\\logo2.jpg' sent to object: 'Object Repository/ADMIN/Admin Onboarding Page/Admin_Onboarding_Step4/Button_Browse_Step4'

2020-01-16 14:26:08 - [MESSAGE][PASSED] - File 'C:\\Users\\Arcadier\\git\\Arctick\\Images\\LogoLayout\\logo2.jpg' sent to object: 'Object Repository/ADMIN/Admin Onboarding Page/Admin_Onboarding_Step4/Button_Browse_Step4'

2020-01-16 14:26:08 - [TEST_STEP][PASSED] - setText(findTestObject("ADMIN/Admin Onboarding Page/Admin_Onboarding_Step4/Textbox_Marketplace_Name"), varUsername): Text '0116bp2' is set on object 'Object Repository/ADMIN/Admin Onboarding Page/Admin_Onboarding_Step4/Textbox_Marketplace_Name'

2020-01-16 14:26:08 - [MESSAGE][PASSED] - Text '0116bp2' is set on object 'Object Repository/ADMIN/Admin Onboarding Page/Admin_Onboarding_Step4/Textbox_Marketplace_Name'

2020-01-16 14:26:08 - [TEST_STEP][PASSED] - setText(findTestObject("ADMIN/Admin Onboarding Page/Admin_Onboarding_Step4/Textbox_Slogan"), varTheme): Text 'Theme 2' is set on object 'Object Repository/ADMIN/Admin Onboarding Page/Admin_Onboarding_Step4/Textbox_Slogan'

2020-01-16 14:26:08 - [MESSAGE][PASSED] - Text 'Theme 2' is set on object 'Object Repository/ADMIN/Admin Onboarding Page/Admin_Onboarding_Step4/Textbox_Slogan'

2020-01-16 14:26:08 - [TEST_STEP][PASSED] - setText(findTestObject("ADMIN/Admin Onboarding Page/Admin_Onboarding_Step4/Textbox_ContactNumber"), varContactNumber): Text '+631234567890' is set on object 'Object Repository/ADMIN/Admin Onboarding Page/Admin_Onboarding_Step4/Textbox_ContactNumber'

2020-01-16 14:26:09 - [MESSAGE][PASSED] - Text '+631234567890' is set on object 'Object Repository/ADMIN/Admin Onboarding Page/Admin_Onboarding_Step4/Textbox_ContactNumber'

2020-01-16 14:26:09 - [TEST_STEP][PASSED] - setText(findTestObject("ADMIN/Admin Onboarding Page/Admin_Onboarding_Step4/Textbox_ContactEmail"), varEmail): Text 'arcadierteam@gmail.com' is set on object 'Object Repository/ADMIN/Admin Onboarding Page/Admin_Onboarding_Step4/Textbox_ContactEmail'

2020-01-16 14:26:09 - [MESSAGE][PASSED] - Text 'arcadierteam@gmail.com' is set on object 'Object Repository/ADMIN/Admin Onboarding Page/Admin_Onboarding_Step4/Textbox_ContactEmail'

2020-01-16 14:26:09 - [TEST_STEP][PASSED] - click(findTestObject("ADMIN/Admin Onboarding Page/Admin_Onboarding_Step4/Button_Next_Step4"), CONTINUE_ON_FAILURE): Object: 'Object Repository/ADMIN/Admin Onboarding Page/Admin_Onboarding_Step4/Button_Next_Step4' is clicked on

2020-01-16 14:26:09 - [MESSAGE][PASSED] - Object: 'Object Repository/ADMIN/Admin Onboarding Page/Admin_Onboarding_Step4/Button_Next_Step4' is clicked on

2020-01-16 14:26:09 - [TEST_STEP][PASSED] - comment("Step 5"): Step 5

2020-01-16 14:26:09 - [MESSAGE][INFO] - Step 5

2020-01-16 14:26:09 - [TEST_STEP][PASSED] - waitForElementVisible(findTestObject("ADMIN/Admin Onboarding Page/Admin_Onboarding_Step5/h1_5. Preview  pick out a mark"), 0): Object 'Object Repository/ADMIN/Admin Onboarding Page/Admin_Onboarding_Step5/h1_5. Preview  pick out a mark' is visible

2020-01-16 14:26:09 - [MESSAGE][WARNING] - Timeout '0' is invalid. Using default page load timeout: '30'

2020-01-16 14:26:11 - [MESSAGE][PASSED] - Object 'Object Repository/ADMIN/Admin Onboarding Page/Admin_Onboarding_Step5/h1_5. Preview  pick out a mark' is visible

2020-01-16 14:26:11 - [TEST_STEP][PASSED] - if (varTemplate == "Bespoke"): Object: 'Object Repository/ADMIN/Admin Onboarding Page/Admin_Onboarding_Step5/Bespoke_Theme_Selection/Theme2_select' is clicked on

2020-01-16 14:26:11 - [TEST_STEP][PASSED] - if (varTheme == "Theme 1"): null

2020-01-16 14:26:11 - [TEST_STEP][PASSED] - else if (varTheme == "Theme 2"): Object: 'Object Repository/ADMIN/Admin Onboarding Page/Admin_Onboarding_Step5/Bespoke_Theme_Selection/Theme2_select' is clicked on

2020-01-16 14:26:11 - [TEST_STEP][PASSED] - click(findTestObject("ADMIN/Admin Onboarding Page/Admin_Onboarding_Step5/Bespoke_Theme_Selection/Theme2_select")): Object: 'Object Repository/ADMIN/Admin Onboarding Page/Admin_Onboarding_Step5/Bespoke_Theme_Selection/Theme2_select' is clicked on

2020-01-16 14:26:11 - [MESSAGE][PASSED] - Object: 'Object Repository/ADMIN/Admin Onboarding Page/Admin_Onboarding_Step5/Bespoke_Theme_Selection/Theme2_select' is clicked on

2020-01-16 14:26:11 - [TEST_STEP][PASSED] - click(findTestObject("ADMIN/Admin Onboarding Page/Admin_Onboarding_Step5/Button_Next_Step5")): Object: 'Object Repository/ADMIN/Admin Onboarding Page/Admin_Onboarding_Step5/Button_Next_Step5' is clicked on

2020-01-16 14:26:12 - [MESSAGE][PASSED] - Object: 'Object Repository/ADMIN/Admin Onboarding Page/Admin_Onboarding_Step5/Button_Next_Step5' is clicked on

2020-01-16 14:26:12 - [TEST_STEP][PASSED] - comment("Step 6"): Step 6

2020-01-16 14:26:12 - [MESSAGE][INFO] - Step 6

2020-01-16 14:26:12 - [TEST_STEP][PASSED] - waitForElementVisible(findTestObject("ADMIN/Admin Onboarding Page/Admin_Onboarding_Step6/Textlabel_Select your marketplace"), 0): Object 'Object Repository/ADMIN/Admin Onboarding Page/Admin_Onboarding_Step6/Textlabel_Select your marketplace' is visible

2020-01-16 14:26:12 - [MESSAGE][WARNING] - Timeout '0' is invalid. Using default page load timeout: '30'

2020-01-16 14:26:12 - [MESSAGE][PASSED] - Object 'Object Repository/ADMIN/Admin Onboarding Page/Admin_Onboarding_Step6/Textlabel_Select your marketplace' is visible

2020-01-16 14:26:12 - [TEST_STEP][PASSED] - click(findTestObject("ADMIN/Admin Onboarding Page/Admin_Onboarding_Step6/Button_Browse_Step6"), CONTINUE_ON_FAILURE): Object: 'Object Repository/ADMIN/Admin Onboarding Page/Admin_Onboarding_Step6/Button_Browse_Step6' is clicked on

2020-01-16 14:26:12 - [MESSAGE][PASSED] - Object: 'Object Repository/ADMIN/Admin Onboarding Page/Admin_Onboarding_Step6/Button_Browse_Step6' is clicked on

2020-01-16 14:26:12 - [TEST_STEP][PASSED] - delay(2): Delayed 2 second(s)

2020-01-16 14:26:14 - [MESSAGE][PASSED] - Delayed 2 second(s)

2020-01-16 14:26:14 - [TEST_STEP][PASSED] - uploadFile(findTestObject("ADMIN/Admin Onboarding Page/Admin_Onboarding_Step6/Image_Container"), varCoverImage): File 'C:\\Users\\Arcadier\\git\\Arctick\\Images\\LogoLayout\\coverimage3.jpg' sent to object: 'Object Repository/ADMIN/Admin Onboarding Page/Admin_Onboarding_Step6/Image_Container'

2020-01-16 14:26:14 - [MESSAGE][PASSED] - File 'C:\\Users\\Arcadier\\git\\Arctick\\Images\\LogoLayout\\coverimage3.jpg' sent to object: 'Object Repository/ADMIN/Admin Onboarding Page/Admin_Onboarding_Step6/Image_Container'

2020-01-16 14:26:14 - [TEST_STEP][PASSED] - waitForElementVisible(findTestObject("ADMIN/Admin Onboarding Page/Admin_Onboarding_Step6/Image Cropper/div_btn btn-success btn-ok"), 0): Object 'Object Repository/ADMIN/Admin Onboarding Page/Admin_Onboarding_Step6/Image Cropper/div_btn btn-success btn-ok' is visible

2020-01-16 14:26:14 - [MESSAGE][WARNING] - Timeout '0' is invalid. Using default page load timeout: '30'

2020-01-16 14:26:14 - [MESSAGE][PASSED] - Object 'Object Repository/ADMIN/Admin Onboarding Page/Admin_Onboarding_Step6/Image Cropper/div_btn btn-success btn-ok' is visible

2020-01-16 14:26:14 - [TEST_STEP][PASSED] - click(findTestObject("ADMIN/Admin Onboarding Page/Admin_Onboarding_Step6/Image Cropper/div_btn btn-success btn-ok"), CONTINUE_ON_FAILURE): Object: 'Object Repository/ADMIN/Admin Onboarding Page/Admin_Onboarding_Step6/Image Cropper/div_btn btn-success btn-ok' is clicked on

2020-01-16 14:26:14 - [MESSAGE][PASSED] - Object: 'Object Repository/ADMIN/Admin Onboarding Page/Admin_Onboarding_Step6/Image Cropper/div_btn btn-success btn-ok' is clicked on

2020-01-16 14:26:14 - [TEST_STEP][PASSED] - waitForElementVisible(findTestObject("ADMIN/Admin Onboarding Page/Admin_Onboarding_Step6/Image Cropper/a_Save Photo"), 0): Object 'Object Repository/ADMIN/Admin Onboarding Page/Admin_Onboarding_Step6/Image Cropper/a_Save Photo' is visible

2020-01-16 14:26:15 - [MESSAGE][WARNING] - Timeout '0' is invalid. Using default page load timeout: '30'

2020-01-16 14:26:15 - [MESSAGE][PASSED] - Object 'Object Repository/ADMIN/Admin Onboarding Page/Admin_Onboarding_Step6/Image Cropper/a_Save Photo' is visible

2020-01-16 14:26:15 - [TEST_STEP][PASSED] - click(findTestObject("ADMIN/Admin Onboarding Page/Admin_Onboarding_Step6/Image Cropper/a_Save Photo"), CONTINUE_ON_FAILURE): Object: 'Object Repository/ADMIN/Admin Onboarding Page/Admin_Onboarding_Step6/Image Cropper/a_Save Photo' is clicked on

2020-01-16 14:26:15 - [MESSAGE][PASSED] - Object: 'Object Repository/ADMIN/Admin Onboarding Page/Admin_Onboarding_Step6/Image Cropper/a_Save Photo' is clicked on

2020-01-16 14:26:15 - [TEST_STEP][PASSED] - delay(1): Delayed 1 second(s)

2020-01-16 14:26:16 - [MESSAGE][PASSED] - Delayed 1 second(s)

2020-01-16 14:26:16 - [TEST_STEP][PASSED] - click(findTestObject("ADMIN/Admin Onboarding Page/Admin_Onboarding_Step6/Button_Next_Step6"), CONTINUE_ON_FAILURE): Object: 'Object Repository/ADMIN/Admin Onboarding Page/Admin_Onboarding_Step6/Button_Next_Step6' is clicked on

2020-01-16 14:26:16 - [MESSAGE][PASSED] - Object: 'Object Repository/ADMIN/Admin Onboarding Page/Admin_Onboarding_Step6/Button_Next_Step6' is clicked on

2020-01-16 14:26:16 - [TEST_STEP][PASSED] - comment("Step 7 (editable variables)"): Step 7 (editable variables)

2020-01-16 14:26:16 - [MESSAGE][INFO] - Step 7 (editable variables)

2020-01-16 14:26:16 - [TEST_STEP][PASSED] - waitForElementVisible(findTestObject("ADMIN/Admin Onboarding Page/Admin_Onboarding_Step7/Textlabel_7. Now how would you like t"), 0): Object 'Object Repository/ADMIN/Admin Onboarding Page/Admin_Onboarding_Step7/Textlabel_7. Now how would you like t' is visible

2020-01-16 14:26:16 - [MESSAGE][WARNING] - Timeout '0' is invalid. Using default page load timeout: '30'

2020-01-16 14:26:18 - [MESSAGE][PASSED] - Object 'Object Repository/ADMIN/Admin Onboarding Page/Admin_Onboarding_Step7/Textlabel_7. Now how would you like t' is visible

2020-01-16 14:26:18 - [TEST_STEP][PASSED] - selectOptionByLabel(findTestObject("ADMIN/Admin Onboarding Page/Admin_Onboarding_Step7/Dropdown_Currency"), varCurrency, false): All options with label 'USD' are selected in object 'Object Repository/ADMIN/Admin Onboarding Page/Admin_Onboarding_Step7/Dropdown_Currency' 

2020-01-16 14:26:18 - [MESSAGE][PASSED] - All options with label 'USD' are selected in object 'Object Repository/ADMIN/Admin Onboarding Page/Admin_Onboarding_Step7/Dropdown_Currency' 

2020-01-16 14:26:18 - [TEST_STEP][PASSED] - setText(findTestObject("ADMIN/Admin Onboarding Page/Admin_Onboarding_Step7/Textbox_TransactionFee"), varAdminFee): Text '20' is set on object 'Object Repository/ADMIN/Admin Onboarding Page/Admin_Onboarding_Step7/Textbox_TransactionFee'

2020-01-16 14:26:18 - [MESSAGE][PASSED] - Text '20' is set on object 'Object Repository/ADMIN/Admin Onboarding Page/Admin_Onboarding_Step7/Textbox_TransactionFee'

2020-01-16 14:26:18 - [TEST_STEP][PASSED] - click(findTestObject("ADMIN/Admin Onboarding Page/Admin_Onboarding_Step7/Button_Next_Step7"), CONTINUE_ON_FAILURE): Object: 'Object Repository/ADMIN/Admin Onboarding Page/Admin_Onboarding_Step7/Button_Next_Step7' is clicked on

2020-01-16 14:26:19 - [MESSAGE][PASSED] - Object: 'Object Repository/ADMIN/Admin Onboarding Page/Admin_Onboarding_Step7/Button_Next_Step7' is clicked on

2020-01-16 14:26:19 - [TEST_STEP][PASSED] - comment("Step 8"): Step 8

2020-01-16 14:26:19 - [MESSAGE][INFO] - Step 8

2020-01-16 14:26:19 - [TEST_STEP][PASSED] - waitForElementVisible(findTestObject("ADMIN/Admin Onboarding Page/Admin_Onboarding_Step8/Textlabel_Review your marketplace pol"), 0): Object 'Object Repository/ADMIN/Admin Onboarding Page/Admin_Onboarding_Step8/Textlabel_Review your marketplace pol' is visible

2020-01-16 14:26:19 - [MESSAGE][WARNING] - Timeout '0' is invalid. Using default page load timeout: '30'

2020-01-16 14:26:20 - [MESSAGE][PASSED] - Object 'Object Repository/ADMIN/Admin Onboarding Page/Admin_Onboarding_Step8/Textlabel_Review your marketplace pol' is visible

2020-01-16 14:26:20 - [TEST_STEP][PASSED] - comment("Checkbox Return Policy"): Checkbox Return Policy

2020-01-16 14:26:20 - [MESSAGE][INFO] - Checkbox Return Policy

2020-01-16 14:26:20 - [TEST_STEP][PASSED] - click(findTestObject("ADMIN/Admin Onboarding Page/Admin_Onboarding_Step8/Checkbox_ReturnPolicy")): Object: 'Object Repository/ADMIN/Admin Onboarding Page/Admin_Onboarding_Step8/Checkbox_ReturnPolicy' is clicked on

2020-01-16 14:26:20 - [MESSAGE][PASSED] - Object: 'Object Repository/ADMIN/Admin Onboarding Page/Admin_Onboarding_Step8/Checkbox_ReturnPolicy' is clicked on

2020-01-16 14:26:20 - [TEST_STEP][PASSED] - comment("Terms and Condition"): Terms and Condition

2020-01-16 14:26:20 - [MESSAGE][INFO] - Terms and Condition

2020-01-16 14:26:20 - [TEST_STEP][PASSED] - click(findTestObject("ADMIN/Admin Onboarding Page/Admin_Onboarding_Step8/Checkbox_IsAgreed")): Object: 'Object Repository/ADMIN/Admin Onboarding Page/Admin_Onboarding_Step8/Checkbox_IsAgreed' is clicked on

2020-01-16 14:26:20 - [MESSAGE][PASSED] - Object: 'Object Repository/ADMIN/Admin Onboarding Page/Admin_Onboarding_Step8/Checkbox_IsAgreed' is clicked on

2020-01-16 14:26:20 - [TEST_STEP][PASSED] - click(findTestObject("ADMIN/Admin Onboarding Page/Admin_Onboarding_Step8/Button_Next_Step8")): Object: 'Object Repository/ADMIN/Admin Onboarding Page/Admin_Onboarding_Step8/Button_Next_Step8' is clicked on

2020-01-16 14:26:23 - [MESSAGE][PASSED] - Object: 'Object Repository/ADMIN/Admin Onboarding Page/Admin_Onboarding_Step8/Button_Next_Step8' is clicked on]]></system-out>
         <system-err><![CDATA[]]></system-err>
      </testcase>
      <testcase name="Test Cases/ADMIN/Onboarding/Complete Onboarding" time="34.109" classname="Test Cases/ADMIN/Onboarding/Complete Onboarding" status="PASSED">
         <system-out><![CDATA[2020-01-16 14:26:23 - [TEST_CASE][PASSED] - Test Cases/ADMIN/Onboarding/Complete Onboarding: Test Cases/ADMIN/Onboarding/Complete Onboarding

2020-01-16 14:26:23 - [TEST_STEP][PASSED] - comment("Create Account"): Create Account

2020-01-16 14:26:23 - [MESSAGE][INFO] - Create Account

2020-01-16 14:26:23 - [TEST_STEP][PASSED] - openBrowser(""): Browser is opened with url: ''

2020-01-16 14:26:23 - [MESSAGE][WARNING] - A browser is already opened. Closing browser and opening a new one

2020-01-16 14:26:24 - [MESSAGE][INFO] - Starting 'Chrome' driver

2020-01-16 14:26:24 - [MESSAGE][INFO] - User set preference: ['args', '[--incognito]']

2020-01-16 14:26:25 - [MESSAGE][PASSED] - Browser is opened with url: ''

2020-01-16 14:26:25 - [TEST_STEP][PASSED] - if (varServer == "Test"): null

2020-01-16 14:26:25 - [TEST_STEP][PASSED] - else if (varServer == "Staging"): Navigate to 'https://www.staging.arcadier.io' successfully

2020-01-16 14:26:25 - [TEST_STEP][PASSED] - navigateToUrl("https://www.staging.arcadier.io"): Navigate to 'https://www.staging.arcadier.io' successfully

2020-01-16 14:26:28 - [MESSAGE][PASSED] - Navigate to 'https://www.staging.arcadier.io' successfully

2020-01-16 14:26:28 - [TEST_STEP][PASSED] - maximizeWindow(): Current window maximized

2020-01-16 14:26:28 - [MESSAGE][PASSED] - Current window maximized

2020-01-16 14:26:28 - [TEST_STEP][PASSED] - if (varAccountType == "custom"): Object: 'Object Repository/ADMIN/Admin Onboarding Page/Admin Onboarding CustomAcc/Button_Sign_Up' is clicked on

2020-01-16 14:26:28 - [TEST_STEP][PASSED] - click(findTestObject("ADMIN/Admin Onboarding Page/Create_Account_Page/Button_Create_Account")): Object: 'Object Repository/ADMIN/Admin Onboarding Page/Create_Account_Page/Button_Create_Account' is clicked on

2020-01-16 14:26:29 - [MESSAGE][PASSED] - Object: 'Object Repository/ADMIN/Admin Onboarding Page/Create_Account_Page/Button_Create_Account' is clicked on

2020-01-16 14:26:29 - [TEST_STEP][PASSED] - verifyElementPresent(findTestObject("ADMIN/Admin Onboarding Page/Admin Onboarding CustomAcc/Textbox_Username"), 0): Object 'Object Repository/ADMIN/Admin Onboarding Page/Admin Onboarding CustomAcc/Textbox_Username' is present

2020-01-16 14:26:29 - [MESSAGE][WARNING] - Timeout '0' is invalid. Using default page load timeout: '30'

2020-01-16 14:26:29 - [MESSAGE][PASSED] - Object 'Object Repository/ADMIN/Admin Onboarding Page/Admin Onboarding CustomAcc/Textbox_Username' is present

2020-01-16 14:26:29 - [TEST_STEP][PASSED] - setText(findTestObject("ADMIN/Admin Onboarding Page/Admin Onboarding CustomAcc/Textbox_Username"), varUsername): Text '0116bp3' is set on object 'Object Repository/ADMIN/Admin Onboarding Page/Admin Onboarding CustomAcc/Textbox_Username'

2020-01-16 14:26:29 - [MESSAGE][PASSED] - Text '0116bp3' is set on object 'Object Repository/ADMIN/Admin Onboarding Page/Admin Onboarding CustomAcc/Textbox_Username'

2020-01-16 14:26:29 - [TEST_STEP][PASSED] - setText(findTestObject("ADMIN/Admin Onboarding Page/Admin Onboarding CustomAcc/Textbox_Password"), "welcome8"): Text 'welcome8' is set on object 'Object Repository/ADMIN/Admin Onboarding Page/Admin Onboarding CustomAcc/Textbox_Password'

2020-01-16 14:26:29 - [MESSAGE][PASSED] - Text 'welcome8' is set on object 'Object Repository/ADMIN/Admin Onboarding Page/Admin Onboarding CustomAcc/Textbox_Password'

2020-01-16 14:26:29 - [TEST_STEP][PASSED] - setText(findTestObject("ADMIN/Admin Onboarding Page/Admin Onboarding CustomAcc/Textbox_Reconfirm_Password"), "welcome8"): Text 'welcome8' is set on object 'Object Repository/ADMIN/Admin Onboarding Page/Admin Onboarding CustomAcc/Textbox_Reconfirm_Password'

2020-01-16 14:26:30 - [MESSAGE][PASSED] - Text 'welcome8' is set on object 'Object Repository/ADMIN/Admin Onboarding Page/Admin Onboarding CustomAcc/Textbox_Reconfirm_Password'

2020-01-16 14:26:30 - [TEST_STEP][PASSED] - click(findTestObject("ADMIN/Admin Onboarding Page/Admin Onboarding CustomAcc/Button_Sign_Up")): Object: 'Object Repository/ADMIN/Admin Onboarding Page/Admin Onboarding CustomAcc/Button_Sign_Up' is clicked on

2020-01-16 14:26:32 - [MESSAGE][PASSED] - Object: 'Object Repository/ADMIN/Admin Onboarding Page/Admin Onboarding CustomAcc/Button_Sign_Up' is clicked on

2020-01-16 14:26:32 - [TEST_STEP][PASSED] - comment("Step 1"): Step 1

2020-01-16 14:26:32 - [MESSAGE][INFO] - Step 1

2020-01-16 14:26:32 - [TEST_STEP][PASSED] - selectOptionByLabel(findTestObject("ADMIN/Admin Onboarding Page/Admin_Onboarding_Step1/1stDropdown_Please select one...Im"), "I’m managing them offline", false): All options with label 'I’m managing them offline' are selected in object 'Object Repository/ADMIN/Admin Onboarding Page/Admin_Onboarding_Step1/1stDropdown_Please select one...Im' 

2020-01-16 14:26:32 - [MESSAGE][PASSED] - All options with label 'I’m managing them offline' are selected in object 'Object Repository/ADMIN/Admin Onboarding Page/Admin_Onboarding_Step1/1stDropdown_Please select one...Im' 

2020-01-16 14:26:32 - [TEST_STEP][PASSED] - selectOptionByLabel(findTestObject("ADMIN/Admin Onboarding Page/Admin_Onboarding_Step1/2ndDropdown_Please select one...Don"), "Something else!", false): All options with label 'Something else!' are selected in object 'Object Repository/ADMIN/Admin Onboarding Page/Admin_Onboarding_Step1/2ndDropdown_Please select one...Don' 

2020-01-16 14:26:33 - [MESSAGE][PASSED] - All options with label 'Something else!' are selected in object 'Object Repository/ADMIN/Admin Onboarding Page/Admin_Onboarding_Step1/2ndDropdown_Please select one...Don' 

2020-01-16 14:26:33 - [TEST_STEP][PASSED] - setText(findTestObject("ADMIN/Admin Onboarding Page/Admin_Onboarding_Step1/2nddropdown_textbox_OtherMarketplaceType"), "Marketplace"): Text 'Marketplace' is set on object 'Object Repository/ADMIN/Admin Onboarding Page/Admin_Onboarding_Step1/2nddropdown_textbox_OtherMarketplaceType'

2020-01-16 14:26:33 - [MESSAGE][PASSED] - Text 'Marketplace' is set on object 'Object Repository/ADMIN/Admin Onboarding Page/Admin_Onboarding_Step1/2nddropdown_textbox_OtherMarketplaceType'

2020-01-16 14:26:33 - [TEST_STEP][PASSED] - selectOptionByLabel(findTestObject("ADMIN/Admin Onboarding Page/Admin_Onboarding_Step1/3rdDropdown_Im an individualIm work"), "Someone else!", false): All options with label 'Someone else!' are selected in object 'Object Repository/ADMIN/Admin Onboarding Page/Admin_Onboarding_Step1/3rdDropdown_Im an individualIm work' 

2020-01-16 14:26:33 - [MESSAGE][PASSED] - All options with label 'Someone else!' are selected in object 'Object Repository/ADMIN/Admin Onboarding Page/Admin_Onboarding_Step1/3rdDropdown_Im an individualIm work' 

2020-01-16 14:26:33 - [TEST_STEP][PASSED] - setText(findTestObject("ADMIN/Admin Onboarding Page/Admin_Onboarding_Step1/3rddropdown_textbox_OtherEntityType"), "Business Man"): Text 'Business Man' is set on object 'Object Repository/ADMIN/Admin Onboarding Page/Admin_Onboarding_Step1/3rddropdown_textbox_OtherEntityType'

2020-01-16 14:26:33 - [MESSAGE][PASSED] - Text 'Business Man' is set on object 'Object Repository/ADMIN/Admin Onboarding Page/Admin_Onboarding_Step1/3rddropdown_textbox_OtherEntityType'

2020-01-16 14:26:33 - [TEST_STEP][PASSED] - setText(findTestObject("ADMIN/Admin Onboarding Page/Admin_Onboarding_Step1/3rddropdown_textbox_OtherEntityType"), "Business Man"): Text 'Business Man' is set on object 'Object Repository/ADMIN/Admin Onboarding Page/Admin_Onboarding_Step1/3rddropdown_textbox_OtherEntityType'

2020-01-16 14:26:33 - [MESSAGE][PASSED] - Text 'Business Man' is set on object 'Object Repository/ADMIN/Admin Onboarding Page/Admin_Onboarding_Step1/3rddropdown_textbox_OtherEntityType'

2020-01-16 14:26:33 - [TEST_STEP][PASSED] - click(findTestObject("ADMIN/Admin Onboarding Page/Admin_Onboarding_Step1/Button_NEXT_Step1")): Object: 'Object Repository/ADMIN/Admin Onboarding Page/Admin_Onboarding_Step1/Button_NEXT_Step1' is clicked on

2020-01-16 14:26:35 - [MESSAGE][PASSED] - Object: 'Object Repository/ADMIN/Admin Onboarding Page/Admin_Onboarding_Step1/Button_NEXT_Step1' is clicked on

2020-01-16 14:26:35 - [TEST_STEP][PASSED] - comment("Step 2"): Step 2

2020-01-16 14:26:35 - [MESSAGE][INFO] - Step 2

2020-01-16 14:26:35 - [TEST_STEP][PASSED] - waitForElementVisible(findTestObject("ADMIN/Admin Onboarding Page/Admin_Onboarding_Step2/Textlabel_We will like to know mor"), 0): Object 'Object Repository/ADMIN/Admin Onboarding Page/Admin_Onboarding_Step2/Textlabel_We will like to know mor' is visible

2020-01-16 14:26:35 - [MESSAGE][WARNING] - Timeout '0' is invalid. Using default page load timeout: '30'

2020-01-16 14:26:35 - [MESSAGE][PASSED] - Object 'Object Repository/ADMIN/Admin Onboarding Page/Admin_Onboarding_Step2/Textlabel_We will like to know mor' is visible

2020-01-16 14:26:35 - [TEST_STEP][PASSED] - setText(findTestObject("ADMIN/Admin Onboarding Page/Admin_Onboarding_Step2/Textbox_FirstName"), varFName): Text '0116bp3' is set on object 'Object Repository/ADMIN/Admin Onboarding Page/Admin_Onboarding_Step2/Textbox_FirstName'

2020-01-16 14:26:35 - [MESSAGE][PASSED] - Text '0116bp3' is set on object 'Object Repository/ADMIN/Admin Onboarding Page/Admin_Onboarding_Step2/Textbox_FirstName'

2020-01-16 14:26:35 - [TEST_STEP][PASSED] - setText(findTestObject("ADMIN/Admin Onboarding Page/Admin_Onboarding_Step2/Textbox_LastName"), varLName): Text 'Marketplace' is set on object 'Object Repository/ADMIN/Admin Onboarding Page/Admin_Onboarding_Step2/Textbox_LastName'

2020-01-16 14:26:35 - [MESSAGE][PASSED] - Text 'Marketplace' is set on object 'Object Repository/ADMIN/Admin Onboarding Page/Admin_Onboarding_Step2/Textbox_LastName'

2020-01-16 14:26:35 - [TEST_STEP][PASSED] - setText(findTestObject("ADMIN/Admin Onboarding Page/Admin_Onboarding_Step2/Textbox_Email"), varEmail): Text 'arcadierteam@gmail.com' is set on object 'Object Repository/ADMIN/Admin Onboarding Page/Admin_Onboarding_Step2/Textbox_Email'

2020-01-16 14:26:35 - [MESSAGE][PASSED] - Text 'arcadierteam@gmail.com' is set on object 'Object Repository/ADMIN/Admin Onboarding Page/Admin_Onboarding_Step2/Textbox_Email'

2020-01-16 14:26:35 - [TEST_STEP][PASSED] - delay(1): Delayed 1 second(s)

2020-01-16 14:26:36 - [MESSAGE][PASSED] - Delayed 1 second(s)

2020-01-16 14:26:36 - [TEST_STEP][PASSED] - selectOptionByLabel(findTestObject("ADMIN/Admin Onboarding Page/Admin_Onboarding_Step2/Country_Dropdown"), varCountry, false): All options with label 'Italy' are selected in object 'Object Repository/ADMIN/Admin Onboarding Page/Admin_Onboarding_Step2/Country_Dropdown' 

2020-01-16 14:26:37 - [MESSAGE][PASSED] - All options with label 'Italy' are selected in object 'Object Repository/ADMIN/Admin Onboarding Page/Admin_Onboarding_Step2/Country_Dropdown' 

2020-01-16 14:26:37 - [TEST_STEP][PASSED] - setText(findTestObject("ADMIN/Admin Onboarding Page/Admin_Onboarding_Step2/Address_Line1"), varAddress1): Text 'Strada Statale 130' is set on object 'Object Repository/ADMIN/Admin Onboarding Page/Admin_Onboarding_Step2/Address_Line1'

2020-01-16 14:26:37 - [MESSAGE][PASSED] - Text 'Strada Statale 130' is set on object 'Object Repository/ADMIN/Admin Onboarding Page/Admin_Onboarding_Step2/Address_Line1'

2020-01-16 14:26:37 - [TEST_STEP][PASSED] - setText(findTestObject("ADMIN/Admin Onboarding Page/Admin_Onboarding_Step2/Address_Line2"), varAddress2): Text 'Dorzano, Biella 13881' is set on object 'Object Repository/ADMIN/Admin Onboarding Page/Admin_Onboarding_Step2/Address_Line2'

2020-01-16 14:26:37 - [MESSAGE][PASSED] - Text 'Dorzano, Biella 13881' is set on object 'Object Repository/ADMIN/Admin Onboarding Page/Admin_Onboarding_Step2/Address_Line2'

2020-01-16 14:26:37 - [TEST_STEP][PASSED] - setText(findTestObject("ADMIN/Admin Onboarding Page/Admin_Onboarding_Step2/Textbox_PhoneNumber"), varContactNumber): Text '+631234567890' is set on object 'Object Repository/ADMIN/Admin Onboarding Page/Admin_Onboarding_Step2/Textbox_PhoneNumber'

2020-01-16 14:26:37 - [MESSAGE][PASSED] - Text '+631234567890' is set on object 'Object Repository/ADMIN/Admin Onboarding Page/Admin_Onboarding_Step2/Textbox_PhoneNumber'

2020-01-16 14:26:37 - [TEST_STEP][PASSED] - click(findTestObject("ADMIN/Admin Onboarding Page/Admin_Onboarding_Step2/Button_Next_Step2"), CONTINUE_ON_FAILURE): Object: 'Object Repository/ADMIN/Admin Onboarding Page/Admin_Onboarding_Step2/Button_Next_Step2' is clicked on

2020-01-16 14:26:39 - [MESSAGE][PASSED] - Object: 'Object Repository/ADMIN/Admin Onboarding Page/Admin_Onboarding_Step2/Button_Next_Step2' is clicked on

2020-01-16 14:26:39 - [TEST_STEP][PASSED] - comment("Step 3"): Step 3

2020-01-16 14:26:39 - [MESSAGE][INFO] - Step 3

2020-01-16 14:26:39 - [TEST_STEP][PASSED] - waitForElementVisible(findTestObject("ADMIN/Admin Onboarding Page/Admin_Onboarding_Step3/TextLabel_What type of marketplace"), 0): Object 'Object Repository/ADMIN/Admin Onboarding Page/Admin_Onboarding_Step3/TextLabel_What type of marketplace' is visible

2020-01-16 14:26:39 - [MESSAGE][WARNING] - Timeout '0' is invalid. Using default page load timeout: '30'

2020-01-16 14:26:39 - [MESSAGE][PASSED] - Object 'Object Repository/ADMIN/Admin Onboarding Page/Admin_Onboarding_Step3/TextLabel_What type of marketplace' is visible

2020-01-16 14:26:39 - [TEST_STEP][PASSED] - delay(1): Delayed 1 second(s)

2020-01-16 14:26:40 - [MESSAGE][PASSED] - Delayed 1 second(s)

2020-01-16 14:26:40 - [TEST_STEP][PASSED] - if (varTemplate == "Bespoke"): Object: 'Object Repository/ADMIN/Admin Onboarding Page/Admin_Onboarding_Step3/Button_Retail_Goods_Select' is clicked on

2020-01-16 14:26:40 - [TEST_STEP][PASSED] - mouseOver(findTestObject("ADMIN/Admin Onboarding Page/Admin_Onboarding_Step3/Textlabel_Retail Goods")): Object: 'Object Repository/ADMIN/Admin Onboarding Page/Admin_Onboarding_Step3/Textlabel_Retail Goods' is hovered

2020-01-16 14:26:41 - [MESSAGE][PASSED] - Object: 'Object Repository/ADMIN/Admin Onboarding Page/Admin_Onboarding_Step3/Textlabel_Retail Goods' is hovered

2020-01-16 14:26:41 - [TEST_STEP][PASSED] - delay(1): Delayed 1 second(s)

2020-01-16 14:26:42 - [MESSAGE][PASSED] - Delayed 1 second(s)

2020-01-16 14:26:42 - [TEST_STEP][PASSED] - click(findTestObject("ADMIN/Admin Onboarding Page/Admin_Onboarding_Step3/Button_Retail_Goods_Select")): Object: 'Object Repository/ADMIN/Admin Onboarding Page/Admin_Onboarding_Step3/Button_Retail_Goods_Select' is clicked on

2020-01-16 14:26:43 - [MESSAGE][PASSED] - Object: 'Object Repository/ADMIN/Admin Onboarding Page/Admin_Onboarding_Step3/Button_Retail_Goods_Select' is clicked on

2020-01-16 14:26:43 - [TEST_STEP][PASSED] - comment("Step 4"): Step 4

2020-01-16 14:26:43 - [MESSAGE][INFO] - Step 4

2020-01-16 14:26:43 - [TEST_STEP][PASSED] - uploadFile(findTestObject("ADMIN/Admin Onboarding Page/Admin_Onboarding_Step4/Button_Browse_Step4"), varLogo): File 'C:\\Users\\Arcadier\\git\\Arctick\\Images\\LogoLayout\\logo2.jpg' sent to object: 'Object Repository/ADMIN/Admin Onboarding Page/Admin_Onboarding_Step4/Button_Browse_Step4'

2020-01-16 14:26:43 - [MESSAGE][PASSED] - File 'C:\\Users\\Arcadier\\git\\Arctick\\Images\\LogoLayout\\logo2.jpg' sent to object: 'Object Repository/ADMIN/Admin Onboarding Page/Admin_Onboarding_Step4/Button_Browse_Step4'

2020-01-16 14:26:43 - [TEST_STEP][PASSED] - setText(findTestObject("ADMIN/Admin Onboarding Page/Admin_Onboarding_Step4/Textbox_Marketplace_Name"), varUsername): Text '0116bp3' is set on object 'Object Repository/ADMIN/Admin Onboarding Page/Admin_Onboarding_Step4/Textbox_Marketplace_Name'

2020-01-16 14:26:43 - [MESSAGE][PASSED] - Text '0116bp3' is set on object 'Object Repository/ADMIN/Admin Onboarding Page/Admin_Onboarding_Step4/Textbox_Marketplace_Name'

2020-01-16 14:26:43 - [TEST_STEP][PASSED] - setText(findTestObject("ADMIN/Admin Onboarding Page/Admin_Onboarding_Step4/Textbox_Slogan"), varTheme): Text 'Theme 2' is set on object 'Object Repository/ADMIN/Admin Onboarding Page/Admin_Onboarding_Step4/Textbox_Slogan'

2020-01-16 14:26:43 - [MESSAGE][PASSED] - Text 'Theme 2' is set on object 'Object Repository/ADMIN/Admin Onboarding Page/Admin_Onboarding_Step4/Textbox_Slogan'

2020-01-16 14:26:43 - [TEST_STEP][PASSED] - setText(findTestObject("ADMIN/Admin Onboarding Page/Admin_Onboarding_Step4/Textbox_ContactNumber"), varContactNumber): Text '+631234567890' is set on object 'Object Repository/ADMIN/Admin Onboarding Page/Admin_Onboarding_Step4/Textbox_ContactNumber'

2020-01-16 14:26:44 - [MESSAGE][PASSED] - Text '+631234567890' is set on object 'Object Repository/ADMIN/Admin Onboarding Page/Admin_Onboarding_Step4/Textbox_ContactNumber'

2020-01-16 14:26:44 - [TEST_STEP][PASSED] - setText(findTestObject("ADMIN/Admin Onboarding Page/Admin_Onboarding_Step4/Textbox_ContactEmail"), varEmail): Text 'arcadierteam@gmail.com' is set on object 'Object Repository/ADMIN/Admin Onboarding Page/Admin_Onboarding_Step4/Textbox_ContactEmail'

2020-01-16 14:26:44 - [MESSAGE][PASSED] - Text 'arcadierteam@gmail.com' is set on object 'Object Repository/ADMIN/Admin Onboarding Page/Admin_Onboarding_Step4/Textbox_ContactEmail'

2020-01-16 14:26:44 - [TEST_STEP][PASSED] - click(findTestObject("ADMIN/Admin Onboarding Page/Admin_Onboarding_Step4/Button_Next_Step4"), CONTINUE_ON_FAILURE): Object: 'Object Repository/ADMIN/Admin Onboarding Page/Admin_Onboarding_Step4/Button_Next_Step4' is clicked on

2020-01-16 14:26:44 - [MESSAGE][PASSED] - Object: 'Object Repository/ADMIN/Admin Onboarding Page/Admin_Onboarding_Step4/Button_Next_Step4' is clicked on

2020-01-16 14:26:44 - [TEST_STEP][PASSED] - comment("Step 5"): Step 5

2020-01-16 14:26:44 - [MESSAGE][INFO] - Step 5

2020-01-16 14:26:44 - [TEST_STEP][PASSED] - waitForElementVisible(findTestObject("ADMIN/Admin Onboarding Page/Admin_Onboarding_Step5/h1_5. Preview  pick out a mark"), 0): Object 'Object Repository/ADMIN/Admin Onboarding Page/Admin_Onboarding_Step5/h1_5. Preview  pick out a mark' is visible

2020-01-16 14:26:44 - [MESSAGE][WARNING] - Timeout '0' is invalid. Using default page load timeout: '30'

2020-01-16 14:26:46 - [MESSAGE][PASSED] - Object 'Object Repository/ADMIN/Admin Onboarding Page/Admin_Onboarding_Step5/h1_5. Preview  pick out a mark' is visible

2020-01-16 14:26:46 - [TEST_STEP][PASSED] - if (varTemplate == "Bespoke"): Object: 'Object Repository/ADMIN/Admin Onboarding Page/Admin_Onboarding_Step5/Bespoke_Theme_Selection/Theme2_select' is clicked on

2020-01-16 14:26:46 - [TEST_STEP][PASSED] - if (varTheme == "Theme 1"): null

2020-01-16 14:26:46 - [TEST_STEP][PASSED] - else if (varTheme == "Theme 2"): Object: 'Object Repository/ADMIN/Admin Onboarding Page/Admin_Onboarding_Step5/Bespoke_Theme_Selection/Theme2_select' is clicked on

2020-01-16 14:26:46 - [TEST_STEP][PASSED] - click(findTestObject("ADMIN/Admin Onboarding Page/Admin_Onboarding_Step5/Bespoke_Theme_Selection/Theme2_select")): Object: 'Object Repository/ADMIN/Admin Onboarding Page/Admin_Onboarding_Step5/Bespoke_Theme_Selection/Theme2_select' is clicked on

2020-01-16 14:26:46 - [MESSAGE][PASSED] - Object: 'Object Repository/ADMIN/Admin Onboarding Page/Admin_Onboarding_Step5/Bespoke_Theme_Selection/Theme2_select' is clicked on

2020-01-16 14:26:46 - [TEST_STEP][PASSED] - click(findTestObject("ADMIN/Admin Onboarding Page/Admin_Onboarding_Step5/Button_Next_Step5")): Object: 'Object Repository/ADMIN/Admin Onboarding Page/Admin_Onboarding_Step5/Button_Next_Step5' is clicked on

2020-01-16 14:26:47 - [MESSAGE][PASSED] - Object: 'Object Repository/ADMIN/Admin Onboarding Page/Admin_Onboarding_Step5/Button_Next_Step5' is clicked on

2020-01-16 14:26:47 - [TEST_STEP][PASSED] - comment("Step 6"): Step 6

2020-01-16 14:26:47 - [MESSAGE][INFO] - Step 6

2020-01-16 14:26:47 - [TEST_STEP][PASSED] - waitForElementVisible(findTestObject("ADMIN/Admin Onboarding Page/Admin_Onboarding_Step6/Textlabel_Select your marketplace"), 0): Object 'Object Repository/ADMIN/Admin Onboarding Page/Admin_Onboarding_Step6/Textlabel_Select your marketplace' is visible

2020-01-16 14:26:47 - [MESSAGE][WARNING] - Timeout '0' is invalid. Using default page load timeout: '30'

2020-01-16 14:26:47 - [MESSAGE][PASSED] - Object 'Object Repository/ADMIN/Admin Onboarding Page/Admin_Onboarding_Step6/Textlabel_Select your marketplace' is visible

2020-01-16 14:26:47 - [TEST_STEP][PASSED] - click(findTestObject("ADMIN/Admin Onboarding Page/Admin_Onboarding_Step6/Button_Browse_Step6"), CONTINUE_ON_FAILURE): Object: 'Object Repository/ADMIN/Admin Onboarding Page/Admin_Onboarding_Step6/Button_Browse_Step6' is clicked on

2020-01-16 14:26:48 - [MESSAGE][PASSED] - Object: 'Object Repository/ADMIN/Admin Onboarding Page/Admin_Onboarding_Step6/Button_Browse_Step6' is clicked on

2020-01-16 14:26:48 - [TEST_STEP][PASSED] - delay(2): Delayed 2 second(s)

2020-01-16 14:26:50 - [MESSAGE][PASSED] - Delayed 2 second(s)

2020-01-16 14:26:50 - [TEST_STEP][PASSED] - uploadFile(findTestObject("ADMIN/Admin Onboarding Page/Admin_Onboarding_Step6/Image_Container"), varCoverImage): File 'C:\\Users\\Arcadier\\git\\Arctick\\Images\\LogoLayout\\coverimage3.jpg' sent to object: 'Object Repository/ADMIN/Admin Onboarding Page/Admin_Onboarding_Step6/Image_Container'

2020-01-16 14:26:50 - [MESSAGE][PASSED] - File 'C:\\Users\\Arcadier\\git\\Arctick\\Images\\LogoLayout\\coverimage3.jpg' sent to object: 'Object Repository/ADMIN/Admin Onboarding Page/Admin_Onboarding_Step6/Image_Container'

2020-01-16 14:26:50 - [TEST_STEP][PASSED] - waitForElementVisible(findTestObject("ADMIN/Admin Onboarding Page/Admin_Onboarding_Step6/Image Cropper/div_btn btn-success btn-ok"), 0): Object 'Object Repository/ADMIN/Admin Onboarding Page/Admin_Onboarding_Step6/Image Cropper/div_btn btn-success btn-ok' is visible

2020-01-16 14:26:50 - [MESSAGE][WARNING] - Timeout '0' is invalid. Using default page load timeout: '30'

2020-01-16 14:26:50 - [MESSAGE][PASSED] - Object 'Object Repository/ADMIN/Admin Onboarding Page/Admin_Onboarding_Step6/Image Cropper/div_btn btn-success btn-ok' is visible

2020-01-16 14:26:50 - [TEST_STEP][PASSED] - click(findTestObject("ADMIN/Admin Onboarding Page/Admin_Onboarding_Step6/Image Cropper/div_btn btn-success btn-ok"), CONTINUE_ON_FAILURE): Object: 'Object Repository/ADMIN/Admin Onboarding Page/Admin_Onboarding_Step6/Image Cropper/div_btn btn-success btn-ok' is clicked on

2020-01-16 14:26:50 - [MESSAGE][PASSED] - Object: 'Object Repository/ADMIN/Admin Onboarding Page/Admin_Onboarding_Step6/Image Cropper/div_btn btn-success btn-ok' is clicked on

2020-01-16 14:26:50 - [TEST_STEP][PASSED] - waitForElementVisible(findTestObject("ADMIN/Admin Onboarding Page/Admin_Onboarding_Step6/Image Cropper/a_Save Photo"), 0): Object 'Object Repository/ADMIN/Admin Onboarding Page/Admin_Onboarding_Step6/Image Cropper/a_Save Photo' is visible

2020-01-16 14:26:50 - [MESSAGE][WARNING] - Timeout '0' is invalid. Using default page load timeout: '30'

2020-01-16 14:26:50 - [MESSAGE][PASSED] - Object 'Object Repository/ADMIN/Admin Onboarding Page/Admin_Onboarding_Step6/Image Cropper/a_Save Photo' is visible

2020-01-16 14:26:50 - [TEST_STEP][PASSED] - click(findTestObject("ADMIN/Admin Onboarding Page/Admin_Onboarding_Step6/Image Cropper/a_Save Photo"), CONTINUE_ON_FAILURE): Object: 'Object Repository/ADMIN/Admin Onboarding Page/Admin_Onboarding_Step6/Image Cropper/a_Save Photo' is clicked on

2020-01-16 14:26:50 - [MESSAGE][PASSED] - Object: 'Object Repository/ADMIN/Admin Onboarding Page/Admin_Onboarding_Step6/Image Cropper/a_Save Photo' is clicked on

2020-01-16 14:26:50 - [TEST_STEP][PASSED] - delay(1): Delayed 1 second(s)

2020-01-16 14:26:51 - [MESSAGE][PASSED] - Delayed 1 second(s)

2020-01-16 14:26:51 - [TEST_STEP][PASSED] - click(findTestObject("ADMIN/Admin Onboarding Page/Admin_Onboarding_Step6/Button_Next_Step6"), CONTINUE_ON_FAILURE): Object: 'Object Repository/ADMIN/Admin Onboarding Page/Admin_Onboarding_Step6/Button_Next_Step6' is clicked on

2020-01-16 14:26:52 - [MESSAGE][PASSED] - Object: 'Object Repository/ADMIN/Admin Onboarding Page/Admin_Onboarding_Step6/Button_Next_Step6' is clicked on

2020-01-16 14:26:52 - [TEST_STEP][PASSED] - comment("Step 7 (editable variables)"): Step 7 (editable variables)

2020-01-16 14:26:52 - [MESSAGE][INFO] - Step 7 (editable variables)

2020-01-16 14:26:52 - [TEST_STEP][PASSED] - waitForElementVisible(findTestObject("ADMIN/Admin Onboarding Page/Admin_Onboarding_Step7/Textlabel_7. Now how would you like t"), 0): Object 'Object Repository/ADMIN/Admin Onboarding Page/Admin_Onboarding_Step7/Textlabel_7. Now how would you like t' is visible

2020-01-16 14:26:52 - [MESSAGE][WARNING] - Timeout '0' is invalid. Using default page load timeout: '30'

2020-01-16 14:26:53 - [MESSAGE][PASSED] - Object 'Object Repository/ADMIN/Admin Onboarding Page/Admin_Onboarding_Step7/Textlabel_7. Now how would you like t' is visible

2020-01-16 14:26:53 - [TEST_STEP][PASSED] - selectOptionByLabel(findTestObject("ADMIN/Admin Onboarding Page/Admin_Onboarding_Step7/Dropdown_Currency"), varCurrency, false): All options with label 'USD' are selected in object 'Object Repository/ADMIN/Admin Onboarding Page/Admin_Onboarding_Step7/Dropdown_Currency' 

2020-01-16 14:26:53 - [MESSAGE][PASSED] - All options with label 'USD' are selected in object 'Object Repository/ADMIN/Admin Onboarding Page/Admin_Onboarding_Step7/Dropdown_Currency' 

2020-01-16 14:26:53 - [TEST_STEP][PASSED] - setText(findTestObject("ADMIN/Admin Onboarding Page/Admin_Onboarding_Step7/Textbox_TransactionFee"), varAdminFee): Text '20' is set on object 'Object Repository/ADMIN/Admin Onboarding Page/Admin_Onboarding_Step7/Textbox_TransactionFee'

2020-01-16 14:26:54 - [MESSAGE][PASSED] - Text '20' is set on object 'Object Repository/ADMIN/Admin Onboarding Page/Admin_Onboarding_Step7/Textbox_TransactionFee'

2020-01-16 14:26:54 - [TEST_STEP][PASSED] - click(findTestObject("ADMIN/Admin Onboarding Page/Admin_Onboarding_Step7/Button_Next_Step7"), CONTINUE_ON_FAILURE): Object: 'Object Repository/ADMIN/Admin Onboarding Page/Admin_Onboarding_Step7/Button_Next_Step7' is clicked on

2020-01-16 14:26:54 - [MESSAGE][PASSED] - Object: 'Object Repository/ADMIN/Admin Onboarding Page/Admin_Onboarding_Step7/Button_Next_Step7' is clicked on

2020-01-16 14:26:54 - [TEST_STEP][PASSED] - comment("Step 8"): Step 8

2020-01-16 14:26:54 - [MESSAGE][INFO] - Step 8

2020-01-16 14:26:54 - [TEST_STEP][PASSED] - waitForElementVisible(findTestObject("ADMIN/Admin Onboarding Page/Admin_Onboarding_Step8/Textlabel_Review your marketplace pol"), 0): Object 'Object Repository/ADMIN/Admin Onboarding Page/Admin_Onboarding_Step8/Textlabel_Review your marketplace pol' is visible

2020-01-16 14:26:55 - [MESSAGE][WARNING] - Timeout '0' is invalid. Using default page load timeout: '30'

2020-01-16 14:26:55 - [MESSAGE][PASSED] - Object 'Object Repository/ADMIN/Admin Onboarding Page/Admin_Onboarding_Step8/Textlabel_Review your marketplace pol' is visible

2020-01-16 14:26:55 - [TEST_STEP][PASSED] - comment("Checkbox Return Policy"): Checkbox Return Policy

2020-01-16 14:26:55 - [MESSAGE][INFO] - Checkbox Return Policy

2020-01-16 14:26:55 - [TEST_STEP][PASSED] - click(findTestObject("ADMIN/Admin Onboarding Page/Admin_Onboarding_Step8/Checkbox_ReturnPolicy")): Object: 'Object Repository/ADMIN/Admin Onboarding Page/Admin_Onboarding_Step8/Checkbox_ReturnPolicy' is clicked on

2020-01-16 14:26:55 - [MESSAGE][PASSED] - Object: 'Object Repository/ADMIN/Admin Onboarding Page/Admin_Onboarding_Step8/Checkbox_ReturnPolicy' is clicked on

2020-01-16 14:26:55 - [TEST_STEP][PASSED] - comment("Terms and Condition"): Terms and Condition

2020-01-16 14:26:55 - [MESSAGE][INFO] - Terms and Condition

2020-01-16 14:26:55 - [TEST_STEP][PASSED] - click(findTestObject("ADMIN/Admin Onboarding Page/Admin_Onboarding_Step8/Checkbox_IsAgreed")): Object: 'Object Repository/ADMIN/Admin Onboarding Page/Admin_Onboarding_Step8/Checkbox_IsAgreed' is clicked on

2020-01-16 14:26:55 - [MESSAGE][PASSED] - Object: 'Object Repository/ADMIN/Admin Onboarding Page/Admin_Onboarding_Step8/Checkbox_IsAgreed' is clicked on

2020-01-16 14:26:55 - [TEST_STEP][PASSED] - click(findTestObject("ADMIN/Admin Onboarding Page/Admin_Onboarding_Step8/Button_Next_Step8")): Object: 'Object Repository/ADMIN/Admin Onboarding Page/Admin_Onboarding_Step8/Button_Next_Step8' is clicked on

2020-01-16 14:26:57 - [MESSAGE][PASSED] - Object: 'Object Repository/ADMIN/Admin Onboarding Page/Admin_Onboarding_Step8/Button_Next_Step8' is clicked on]]></system-out>
         <system-err><![CDATA[]]></system-err>
      </testcase>
      <testcase name="Test Cases/ADMIN/Onboarding/Complete Onboarding" time="33.748" classname="Test Cases/ADMIN/Onboarding/Complete Onboarding" status="PASSED">
         <system-out><![CDATA[2020-01-16 14:26:57 - [TEST_CASE][PASSED] - Test Cases/ADMIN/Onboarding/Complete Onboarding: Test Cases/ADMIN/Onboarding/Complete Onboarding

2020-01-16 14:26:57 - [TEST_STEP][PASSED] - comment("Create Account"): Create Account

2020-01-16 14:26:57 - [MESSAGE][INFO] - Create Account

2020-01-16 14:26:57 - [TEST_STEP][PASSED] - openBrowser(""): Browser is opened with url: ''

2020-01-16 14:26:57 - [MESSAGE][WARNING] - A browser is already opened. Closing browser and opening a new one

2020-01-16 14:26:58 - [MESSAGE][INFO] - Starting 'Chrome' driver

2020-01-16 14:26:58 - [MESSAGE][INFO] - User set preference: ['args', '[--incognito]']

2020-01-16 14:27:00 - [MESSAGE][PASSED] - Browser is opened with url: ''

2020-01-16 14:27:00 - [TEST_STEP][PASSED] - if (varServer == "Test"): null

2020-01-16 14:27:00 - [TEST_STEP][PASSED] - else if (varServer == "Staging"): Navigate to 'https://www.staging.arcadier.io' successfully

2020-01-16 14:27:00 - [TEST_STEP][PASSED] - navigateToUrl("https://www.staging.arcadier.io"): Navigate to 'https://www.staging.arcadier.io' successfully

2020-01-16 14:27:02 - [MESSAGE][PASSED] - Navigate to 'https://www.staging.arcadier.io' successfully

2020-01-16 14:27:02 - [TEST_STEP][PASSED] - maximizeWindow(): Current window maximized

2020-01-16 14:27:02 - [MESSAGE][PASSED] - Current window maximized

2020-01-16 14:27:02 - [TEST_STEP][PASSED] - if (varAccountType == "custom"): Object: 'Object Repository/ADMIN/Admin Onboarding Page/Admin Onboarding CustomAcc/Button_Sign_Up' is clicked on

2020-01-16 14:27:02 - [TEST_STEP][PASSED] - click(findTestObject("ADMIN/Admin Onboarding Page/Create_Account_Page/Button_Create_Account")): Object: 'Object Repository/ADMIN/Admin Onboarding Page/Create_Account_Page/Button_Create_Account' is clicked on

2020-01-16 14:27:03 - [MESSAGE][PASSED] - Object: 'Object Repository/ADMIN/Admin Onboarding Page/Create_Account_Page/Button_Create_Account' is clicked on

2020-01-16 14:27:03 - [TEST_STEP][PASSED] - verifyElementPresent(findTestObject("ADMIN/Admin Onboarding Page/Admin Onboarding CustomAcc/Textbox_Username"), 0): Object 'Object Repository/ADMIN/Admin Onboarding Page/Admin Onboarding CustomAcc/Textbox_Username' is present

2020-01-16 14:27:03 - [MESSAGE][WARNING] - Timeout '0' is invalid. Using default page load timeout: '30'

2020-01-16 14:27:03 - [MESSAGE][PASSED] - Object 'Object Repository/ADMIN/Admin Onboarding Page/Admin Onboarding CustomAcc/Textbox_Username' is present

2020-01-16 14:27:03 - [TEST_STEP][PASSED] - setText(findTestObject("ADMIN/Admin Onboarding Page/Admin Onboarding CustomAcc/Textbox_Username"), varUsername): Text '0116bp4' is set on object 'Object Repository/ADMIN/Admin Onboarding Page/Admin Onboarding CustomAcc/Textbox_Username'

2020-01-16 14:27:03 - [MESSAGE][PASSED] - Text '0116bp4' is set on object 'Object Repository/ADMIN/Admin Onboarding Page/Admin Onboarding CustomAcc/Textbox_Username'

2020-01-16 14:27:03 - [TEST_STEP][PASSED] - setText(findTestObject("ADMIN/Admin Onboarding Page/Admin Onboarding CustomAcc/Textbox_Password"), "welcome8"): Text 'welcome8' is set on object 'Object Repository/ADMIN/Admin Onboarding Page/Admin Onboarding CustomAcc/Textbox_Password'

2020-01-16 14:27:03 - [MESSAGE][PASSED] - Text 'welcome8' is set on object 'Object Repository/ADMIN/Admin Onboarding Page/Admin Onboarding CustomAcc/Textbox_Password'

2020-01-16 14:27:03 - [TEST_STEP][PASSED] - setText(findTestObject("ADMIN/Admin Onboarding Page/Admin Onboarding CustomAcc/Textbox_Reconfirm_Password"), "welcome8"): Text 'welcome8' is set on object 'Object Repository/ADMIN/Admin Onboarding Page/Admin Onboarding CustomAcc/Textbox_Reconfirm_Password'

2020-01-16 14:27:03 - [MESSAGE][PASSED] - Text 'welcome8' is set on object 'Object Repository/ADMIN/Admin Onboarding Page/Admin Onboarding CustomAcc/Textbox_Reconfirm_Password'

2020-01-16 14:27:03 - [TEST_STEP][PASSED] - click(findTestObject("ADMIN/Admin Onboarding Page/Admin Onboarding CustomAcc/Button_Sign_Up")): Object: 'Object Repository/ADMIN/Admin Onboarding Page/Admin Onboarding CustomAcc/Button_Sign_Up' is clicked on

2020-01-16 14:27:05 - [MESSAGE][PASSED] - Object: 'Object Repository/ADMIN/Admin Onboarding Page/Admin Onboarding CustomAcc/Button_Sign_Up' is clicked on

2020-01-16 14:27:05 - [TEST_STEP][PASSED] - comment("Step 1"): Step 1

2020-01-16 14:27:05 - [MESSAGE][INFO] - Step 1

2020-01-16 14:27:05 - [TEST_STEP][PASSED] - selectOptionByLabel(findTestObject("ADMIN/Admin Onboarding Page/Admin_Onboarding_Step1/1stDropdown_Please select one...Im"), "I’m managing them offline", false): All options with label 'I’m managing them offline' are selected in object 'Object Repository/ADMIN/Admin Onboarding Page/Admin_Onboarding_Step1/1stDropdown_Please select one...Im' 

2020-01-16 14:27:05 - [MESSAGE][PASSED] - All options with label 'I’m managing them offline' are selected in object 'Object Repository/ADMIN/Admin Onboarding Page/Admin_Onboarding_Step1/1stDropdown_Please select one...Im' 

2020-01-16 14:27:05 - [TEST_STEP][PASSED] - selectOptionByLabel(findTestObject("ADMIN/Admin Onboarding Page/Admin_Onboarding_Step1/2ndDropdown_Please select one...Don"), "Something else!", false): All options with label 'Something else!' are selected in object 'Object Repository/ADMIN/Admin Onboarding Page/Admin_Onboarding_Step1/2ndDropdown_Please select one...Don' 

2020-01-16 14:27:05 - [MESSAGE][PASSED] - All options with label 'Something else!' are selected in object 'Object Repository/ADMIN/Admin Onboarding Page/Admin_Onboarding_Step1/2ndDropdown_Please select one...Don' 

2020-01-16 14:27:05 - [TEST_STEP][PASSED] - setText(findTestObject("ADMIN/Admin Onboarding Page/Admin_Onboarding_Step1/2nddropdown_textbox_OtherMarketplaceType"), "Marketplace"): Text 'Marketplace' is set on object 'Object Repository/ADMIN/Admin Onboarding Page/Admin_Onboarding_Step1/2nddropdown_textbox_OtherMarketplaceType'

2020-01-16 14:27:06 - [MESSAGE][PASSED] - Text 'Marketplace' is set on object 'Object Repository/ADMIN/Admin Onboarding Page/Admin_Onboarding_Step1/2nddropdown_textbox_OtherMarketplaceType'

2020-01-16 14:27:06 - [TEST_STEP][PASSED] - selectOptionByLabel(findTestObject("ADMIN/Admin Onboarding Page/Admin_Onboarding_Step1/3rdDropdown_Im an individualIm work"), "Someone else!", false): All options with label 'Someone else!' are selected in object 'Object Repository/ADMIN/Admin Onboarding Page/Admin_Onboarding_Step1/3rdDropdown_Im an individualIm work' 

2020-01-16 14:27:06 - [MESSAGE][PASSED] - All options with label 'Someone else!' are selected in object 'Object Repository/ADMIN/Admin Onboarding Page/Admin_Onboarding_Step1/3rdDropdown_Im an individualIm work' 

2020-01-16 14:27:06 - [TEST_STEP][PASSED] - setText(findTestObject("ADMIN/Admin Onboarding Page/Admin_Onboarding_Step1/3rddropdown_textbox_OtherEntityType"), "Business Man"): Text 'Business Man' is set on object 'Object Repository/ADMIN/Admin Onboarding Page/Admin_Onboarding_Step1/3rddropdown_textbox_OtherEntityType'

2020-01-16 14:27:06 - [MESSAGE][PASSED] - Text 'Business Man' is set on object 'Object Repository/ADMIN/Admin Onboarding Page/Admin_Onboarding_Step1/3rddropdown_textbox_OtherEntityType'

2020-01-16 14:27:06 - [TEST_STEP][PASSED] - setText(findTestObject("ADMIN/Admin Onboarding Page/Admin_Onboarding_Step1/3rddropdown_textbox_OtherEntityType"), "Business Man"): Text 'Business Man' is set on object 'Object Repository/ADMIN/Admin Onboarding Page/Admin_Onboarding_Step1/3rddropdown_textbox_OtherEntityType'

2020-01-16 14:27:06 - [MESSAGE][PASSED] - Text 'Business Man' is set on object 'Object Repository/ADMIN/Admin Onboarding Page/Admin_Onboarding_Step1/3rddropdown_textbox_OtherEntityType'

2020-01-16 14:27:06 - [TEST_STEP][PASSED] - click(findTestObject("ADMIN/Admin Onboarding Page/Admin_Onboarding_Step1/Button_NEXT_Step1")): Object: 'Object Repository/ADMIN/Admin Onboarding Page/Admin_Onboarding_Step1/Button_NEXT_Step1' is clicked on

2020-01-16 14:27:07 - [MESSAGE][PASSED] - Object: 'Object Repository/ADMIN/Admin Onboarding Page/Admin_Onboarding_Step1/Button_NEXT_Step1' is clicked on

2020-01-16 14:27:07 - [TEST_STEP][PASSED] - comment("Step 2"): Step 2

2020-01-16 14:27:07 - [MESSAGE][INFO] - Step 2

2020-01-16 14:27:07 - [TEST_STEP][PASSED] - waitForElementVisible(findTestObject("ADMIN/Admin Onboarding Page/Admin_Onboarding_Step2/Textlabel_We will like to know mor"), 0): Object 'Object Repository/ADMIN/Admin Onboarding Page/Admin_Onboarding_Step2/Textlabel_We will like to know mor' is visible

2020-01-16 14:27:07 - [MESSAGE][WARNING] - Timeout '0' is invalid. Using default page load timeout: '30'

2020-01-16 14:27:07 - [MESSAGE][PASSED] - Object 'Object Repository/ADMIN/Admin Onboarding Page/Admin_Onboarding_Step2/Textlabel_We will like to know mor' is visible

2020-01-16 14:27:07 - [TEST_STEP][PASSED] - setText(findTestObject("ADMIN/Admin Onboarding Page/Admin_Onboarding_Step2/Textbox_FirstName"), varFName): Text '0116bp4' is set on object 'Object Repository/ADMIN/Admin Onboarding Page/Admin_Onboarding_Step2/Textbox_FirstName'

2020-01-16 14:27:08 - [MESSAGE][PASSED] - Text '0116bp4' is set on object 'Object Repository/ADMIN/Admin Onboarding Page/Admin_Onboarding_Step2/Textbox_FirstName'

2020-01-16 14:27:08 - [TEST_STEP][PASSED] - setText(findTestObject("ADMIN/Admin Onboarding Page/Admin_Onboarding_Step2/Textbox_LastName"), varLName): Text 'Marketplace' is set on object 'Object Repository/ADMIN/Admin Onboarding Page/Admin_Onboarding_Step2/Textbox_LastName'

2020-01-16 14:27:08 - [MESSAGE][PASSED] - Text 'Marketplace' is set on object 'Object Repository/ADMIN/Admin Onboarding Page/Admin_Onboarding_Step2/Textbox_LastName'

2020-01-16 14:27:08 - [TEST_STEP][PASSED] - setText(findTestObject("ADMIN/Admin Onboarding Page/Admin_Onboarding_Step2/Textbox_Email"), varEmail): Text 'arcadierteam@gmail.com' is set on object 'Object Repository/ADMIN/Admin Onboarding Page/Admin_Onboarding_Step2/Textbox_Email'

2020-01-16 14:27:08 - [MESSAGE][PASSED] - Text 'arcadierteam@gmail.com' is set on object 'Object Repository/ADMIN/Admin Onboarding Page/Admin_Onboarding_Step2/Textbox_Email'

2020-01-16 14:27:08 - [TEST_STEP][PASSED] - delay(1): Delayed 1 second(s)

2020-01-16 14:27:09 - [MESSAGE][PASSED] - Delayed 1 second(s)

2020-01-16 14:27:09 - [TEST_STEP][PASSED] - selectOptionByLabel(findTestObject("ADMIN/Admin Onboarding Page/Admin_Onboarding_Step2/Country_Dropdown"), varCountry, false): All options with label 'Italy' are selected in object 'Object Repository/ADMIN/Admin Onboarding Page/Admin_Onboarding_Step2/Country_Dropdown' 

2020-01-16 14:27:10 - [MESSAGE][PASSED] - All options with label 'Italy' are selected in object 'Object Repository/ADMIN/Admin Onboarding Page/Admin_Onboarding_Step2/Country_Dropdown' 

2020-01-16 14:27:10 - [TEST_STEP][PASSED] - setText(findTestObject("ADMIN/Admin Onboarding Page/Admin_Onboarding_Step2/Address_Line1"), varAddress1): Text 'Strada Statale 130' is set on object 'Object Repository/ADMIN/Admin Onboarding Page/Admin_Onboarding_Step2/Address_Line1'

2020-01-16 14:27:10 - [MESSAGE][PASSED] - Text 'Strada Statale 130' is set on object 'Object Repository/ADMIN/Admin Onboarding Page/Admin_Onboarding_Step2/Address_Line1'

2020-01-16 14:27:10 - [TEST_STEP][PASSED] - setText(findTestObject("ADMIN/Admin Onboarding Page/Admin_Onboarding_Step2/Address_Line2"), varAddress2): Text 'Dorzano, Biella 13881' is set on object 'Object Repository/ADMIN/Admin Onboarding Page/Admin_Onboarding_Step2/Address_Line2'

2020-01-16 14:27:10 - [MESSAGE][PASSED] - Text 'Dorzano, Biella 13881' is set on object 'Object Repository/ADMIN/Admin Onboarding Page/Admin_Onboarding_Step2/Address_Line2'

2020-01-16 14:27:10 - [TEST_STEP][PASSED] - setText(findTestObject("ADMIN/Admin Onboarding Page/Admin_Onboarding_Step2/Textbox_PhoneNumber"), varContactNumber): Text '+631234567890' is set on object 'Object Repository/ADMIN/Admin Onboarding Page/Admin_Onboarding_Step2/Textbox_PhoneNumber'

2020-01-16 14:27:10 - [MESSAGE][PASSED] - Text '+631234567890' is set on object 'Object Repository/ADMIN/Admin Onboarding Page/Admin_Onboarding_Step2/Textbox_PhoneNumber'

2020-01-16 14:27:10 - [TEST_STEP][PASSED] - click(findTestObject("ADMIN/Admin Onboarding Page/Admin_Onboarding_Step2/Button_Next_Step2"), CONTINUE_ON_FAILURE): Object: 'Object Repository/ADMIN/Admin Onboarding Page/Admin_Onboarding_Step2/Button_Next_Step2' is clicked on

2020-01-16 14:27:12 - [MESSAGE][PASSED] - Object: 'Object Repository/ADMIN/Admin Onboarding Page/Admin_Onboarding_Step2/Button_Next_Step2' is clicked on

2020-01-16 14:27:12 - [TEST_STEP][PASSED] - comment("Step 3"): Step 3

2020-01-16 14:27:12 - [MESSAGE][INFO] - Step 3

2020-01-16 14:27:12 - [TEST_STEP][PASSED] - waitForElementVisible(findTestObject("ADMIN/Admin Onboarding Page/Admin_Onboarding_Step3/TextLabel_What type of marketplace"), 0): Object 'Object Repository/ADMIN/Admin Onboarding Page/Admin_Onboarding_Step3/TextLabel_What type of marketplace' is visible

2020-01-16 14:27:13 - [MESSAGE][WARNING] - Timeout '0' is invalid. Using default page load timeout: '30'

2020-01-16 14:27:13 - [MESSAGE][PASSED] - Object 'Object Repository/ADMIN/Admin Onboarding Page/Admin_Onboarding_Step3/TextLabel_What type of marketplace' is visible

2020-01-16 14:27:13 - [TEST_STEP][PASSED] - delay(1): Delayed 1 second(s)

2020-01-16 14:27:14 - [MESSAGE][PASSED] - Delayed 1 second(s)

2020-01-16 14:27:14 - [TEST_STEP][PASSED] - if (varTemplate == "Bespoke"): Object: 'Object Repository/ADMIN/Admin Onboarding Page/Admin_Onboarding_Step3/Button_Retail_Goods_Select' is clicked on

2020-01-16 14:27:14 - [TEST_STEP][PASSED] - mouseOver(findTestObject("ADMIN/Admin Onboarding Page/Admin_Onboarding_Step3/Textlabel_Retail Goods")): Object: 'Object Repository/ADMIN/Admin Onboarding Page/Admin_Onboarding_Step3/Textlabel_Retail Goods' is hovered

2020-01-16 14:27:14 - [MESSAGE][PASSED] - Object: 'Object Repository/ADMIN/Admin Onboarding Page/Admin_Onboarding_Step3/Textlabel_Retail Goods' is hovered

2020-01-16 14:27:14 - [TEST_STEP][PASSED] - delay(1): Delayed 1 second(s)

2020-01-16 14:27:15 - [MESSAGE][PASSED] - Delayed 1 second(s)

2020-01-16 14:27:15 - [TEST_STEP][PASSED] - click(findTestObject("ADMIN/Admin Onboarding Page/Admin_Onboarding_Step3/Button_Retail_Goods_Select")): Object: 'Object Repository/ADMIN/Admin Onboarding Page/Admin_Onboarding_Step3/Button_Retail_Goods_Select' is clicked on

2020-01-16 14:27:16 - [MESSAGE][PASSED] - Object: 'Object Repository/ADMIN/Admin Onboarding Page/Admin_Onboarding_Step3/Button_Retail_Goods_Select' is clicked on

2020-01-16 14:27:16 - [TEST_STEP][PASSED] - comment("Step 4"): Step 4

2020-01-16 14:27:16 - [MESSAGE][INFO] - Step 4

2020-01-16 14:27:16 - [TEST_STEP][PASSED] - uploadFile(findTestObject("ADMIN/Admin Onboarding Page/Admin_Onboarding_Step4/Button_Browse_Step4"), varLogo): File 'C:\\Users\\Arcadier\\git\\Arctick\\Images\\LogoLayout\\logo2.jpg' sent to object: 'Object Repository/ADMIN/Admin Onboarding Page/Admin_Onboarding_Step4/Button_Browse_Step4'

2020-01-16 14:27:16 - [MESSAGE][PASSED] - File 'C:\\Users\\Arcadier\\git\\Arctick\\Images\\LogoLayout\\logo2.jpg' sent to object: 'Object Repository/ADMIN/Admin Onboarding Page/Admin_Onboarding_Step4/Button_Browse_Step4'

2020-01-16 14:27:16 - [TEST_STEP][PASSED] - setText(findTestObject("ADMIN/Admin Onboarding Page/Admin_Onboarding_Step4/Textbox_Marketplace_Name"), varUsername): Text '0116bp4' is set on object 'Object Repository/ADMIN/Admin Onboarding Page/Admin_Onboarding_Step4/Textbox_Marketplace_Name'

2020-01-16 14:27:16 - [MESSAGE][PASSED] - Text '0116bp4' is set on object 'Object Repository/ADMIN/Admin Onboarding Page/Admin_Onboarding_Step4/Textbox_Marketplace_Name'

2020-01-16 14:27:16 - [TEST_STEP][PASSED] - setText(findTestObject("ADMIN/Admin Onboarding Page/Admin_Onboarding_Step4/Textbox_Slogan"), varTheme): Text 'Theme 2' is set on object 'Object Repository/ADMIN/Admin Onboarding Page/Admin_Onboarding_Step4/Textbox_Slogan'

2020-01-16 14:27:16 - [MESSAGE][PASSED] - Text 'Theme 2' is set on object 'Object Repository/ADMIN/Admin Onboarding Page/Admin_Onboarding_Step4/Textbox_Slogan'

2020-01-16 14:27:16 - [TEST_STEP][PASSED] - setText(findTestObject("ADMIN/Admin Onboarding Page/Admin_Onboarding_Step4/Textbox_ContactNumber"), varContactNumber): Text '+631234567890' is set on object 'Object Repository/ADMIN/Admin Onboarding Page/Admin_Onboarding_Step4/Textbox_ContactNumber'

2020-01-16 14:27:17 - [MESSAGE][PASSED] - Text '+631234567890' is set on object 'Object Repository/ADMIN/Admin Onboarding Page/Admin_Onboarding_Step4/Textbox_ContactNumber'

2020-01-16 14:27:17 - [TEST_STEP][PASSED] - setText(findTestObject("ADMIN/Admin Onboarding Page/Admin_Onboarding_Step4/Textbox_ContactEmail"), varEmail): Text 'arcadierteam@gmail.com' is set on object 'Object Repository/ADMIN/Admin Onboarding Page/Admin_Onboarding_Step4/Textbox_ContactEmail'

2020-01-16 14:27:17 - [MESSAGE][PASSED] - Text 'arcadierteam@gmail.com' is set on object 'Object Repository/ADMIN/Admin Onboarding Page/Admin_Onboarding_Step4/Textbox_ContactEmail'

2020-01-16 14:27:17 - [TEST_STEP][PASSED] - click(findTestObject("ADMIN/Admin Onboarding Page/Admin_Onboarding_Step4/Button_Next_Step4"), CONTINUE_ON_FAILURE): Object: 'Object Repository/ADMIN/Admin Onboarding Page/Admin_Onboarding_Step4/Button_Next_Step4' is clicked on

2020-01-16 14:27:17 - [MESSAGE][PASSED] - Object: 'Object Repository/ADMIN/Admin Onboarding Page/Admin_Onboarding_Step4/Button_Next_Step4' is clicked on

2020-01-16 14:27:17 - [TEST_STEP][PASSED] - comment("Step 5"): Step 5

2020-01-16 14:27:17 - [MESSAGE][INFO] - Step 5

2020-01-16 14:27:17 - [TEST_STEP][PASSED] - waitForElementVisible(findTestObject("ADMIN/Admin Onboarding Page/Admin_Onboarding_Step5/h1_5. Preview  pick out a mark"), 0): Object 'Object Repository/ADMIN/Admin Onboarding Page/Admin_Onboarding_Step5/h1_5. Preview  pick out a mark' is visible

2020-01-16 14:27:17 - [MESSAGE][WARNING] - Timeout '0' is invalid. Using default page load timeout: '30'

2020-01-16 14:27:18 - [MESSAGE][PASSED] - Object 'Object Repository/ADMIN/Admin Onboarding Page/Admin_Onboarding_Step5/h1_5. Preview  pick out a mark' is visible

2020-01-16 14:27:18 - [TEST_STEP][PASSED] - if (varTemplate == "Bespoke"): Object: 'Object Repository/ADMIN/Admin Onboarding Page/Admin_Onboarding_Step5/Bespoke_Theme_Selection/Theme2_select' is clicked on

2020-01-16 14:27:18 - [TEST_STEP][PASSED] - if (varTheme == "Theme 1"): null

2020-01-16 14:27:18 - [TEST_STEP][PASSED] - else if (varTheme == "Theme 2"): Object: 'Object Repository/ADMIN/Admin Onboarding Page/Admin_Onboarding_Step5/Bespoke_Theme_Selection/Theme2_select' is clicked on

2020-01-16 14:27:18 - [TEST_STEP][PASSED] - click(findTestObject("ADMIN/Admin Onboarding Page/Admin_Onboarding_Step5/Bespoke_Theme_Selection/Theme2_select")): Object: 'Object Repository/ADMIN/Admin Onboarding Page/Admin_Onboarding_Step5/Bespoke_Theme_Selection/Theme2_select' is clicked on

2020-01-16 14:27:18 - [MESSAGE][PASSED] - Object: 'Object Repository/ADMIN/Admin Onboarding Page/Admin_Onboarding_Step5/Bespoke_Theme_Selection/Theme2_select' is clicked on

2020-01-16 14:27:18 - [TEST_STEP][PASSED] - click(findTestObject("ADMIN/Admin Onboarding Page/Admin_Onboarding_Step5/Button_Next_Step5")): Object: 'Object Repository/ADMIN/Admin Onboarding Page/Admin_Onboarding_Step5/Button_Next_Step5' is clicked on

2020-01-16 14:27:19 - [MESSAGE][PASSED] - Object: 'Object Repository/ADMIN/Admin Onboarding Page/Admin_Onboarding_Step5/Button_Next_Step5' is clicked on

2020-01-16 14:27:19 - [TEST_STEP][PASSED] - comment("Step 6"): Step 6

2020-01-16 14:27:19 - [MESSAGE][INFO] - Step 6

2020-01-16 14:27:19 - [TEST_STEP][PASSED] - waitForElementVisible(findTestObject("ADMIN/Admin Onboarding Page/Admin_Onboarding_Step6/Textlabel_Select your marketplace"), 0): Object 'Object Repository/ADMIN/Admin Onboarding Page/Admin_Onboarding_Step6/Textlabel_Select your marketplace' is visible

2020-01-16 14:27:19 - [MESSAGE][WARNING] - Timeout '0' is invalid. Using default page load timeout: '30'

2020-01-16 14:27:19 - [MESSAGE][PASSED] - Object 'Object Repository/ADMIN/Admin Onboarding Page/Admin_Onboarding_Step6/Textlabel_Select your marketplace' is visible

2020-01-16 14:27:19 - [TEST_STEP][PASSED] - click(findTestObject("ADMIN/Admin Onboarding Page/Admin_Onboarding_Step6/Button_Browse_Step6"), CONTINUE_ON_FAILURE): Object: 'Object Repository/ADMIN/Admin Onboarding Page/Admin_Onboarding_Step6/Button_Browse_Step6' is clicked on

2020-01-16 14:27:20 - [MESSAGE][PASSED] - Object: 'Object Repository/ADMIN/Admin Onboarding Page/Admin_Onboarding_Step6/Button_Browse_Step6' is clicked on

2020-01-16 14:27:20 - [TEST_STEP][PASSED] - delay(2): Delayed 2 second(s)

2020-01-16 14:27:22 - [MESSAGE][PASSED] - Delayed 2 second(s)

2020-01-16 14:27:22 - [TEST_STEP][PASSED] - uploadFile(findTestObject("ADMIN/Admin Onboarding Page/Admin_Onboarding_Step6/Image_Container"), varCoverImage): File 'C:\\Users\\Arcadier\\git\\Arctick\\Images\\LogoLayout\\coverimage3.jpg' sent to object: 'Object Repository/ADMIN/Admin Onboarding Page/Admin_Onboarding_Step6/Image_Container'

2020-01-16 14:27:22 - [MESSAGE][PASSED] - File 'C:\\Users\\Arcadier\\git\\Arctick\\Images\\LogoLayout\\coverimage3.jpg' sent to object: 'Object Repository/ADMIN/Admin Onboarding Page/Admin_Onboarding_Step6/Image_Container'

2020-01-16 14:27:22 - [TEST_STEP][PASSED] - waitForElementVisible(findTestObject("ADMIN/Admin Onboarding Page/Admin_Onboarding_Step6/Image Cropper/div_btn btn-success btn-ok"), 0): Object 'Object Repository/ADMIN/Admin Onboarding Page/Admin_Onboarding_Step6/Image Cropper/div_btn btn-success btn-ok' is visible

2020-01-16 14:27:22 - [MESSAGE][WARNING] - Timeout '0' is invalid. Using default page load timeout: '30'

2020-01-16 14:27:22 - [MESSAGE][PASSED] - Object 'Object Repository/ADMIN/Admin Onboarding Page/Admin_Onboarding_Step6/Image Cropper/div_btn btn-success btn-ok' is visible

2020-01-16 14:27:22 - [TEST_STEP][PASSED] - click(findTestObject("ADMIN/Admin Onboarding Page/Admin_Onboarding_Step6/Image Cropper/div_btn btn-success btn-ok"), CONTINUE_ON_FAILURE): Object: 'Object Repository/ADMIN/Admin Onboarding Page/Admin_Onboarding_Step6/Image Cropper/div_btn btn-success btn-ok' is clicked on

2020-01-16 14:27:22 - [MESSAGE][PASSED] - Object: 'Object Repository/ADMIN/Admin Onboarding Page/Admin_Onboarding_Step6/Image Cropper/div_btn btn-success btn-ok' is clicked on

2020-01-16 14:27:22 - [TEST_STEP][PASSED] - waitForElementVisible(findTestObject("ADMIN/Admin Onboarding Page/Admin_Onboarding_Step6/Image Cropper/a_Save Photo"), 0): Object 'Object Repository/ADMIN/Admin Onboarding Page/Admin_Onboarding_Step6/Image Cropper/a_Save Photo' is visible

2020-01-16 14:27:22 - [MESSAGE][WARNING] - Timeout '0' is invalid. Using default page load timeout: '30'

2020-01-16 14:27:22 - [MESSAGE][PASSED] - Object 'Object Repository/ADMIN/Admin Onboarding Page/Admin_Onboarding_Step6/Image Cropper/a_Save Photo' is visible

2020-01-16 14:27:22 - [TEST_STEP][PASSED] - click(findTestObject("ADMIN/Admin Onboarding Page/Admin_Onboarding_Step6/Image Cropper/a_Save Photo"), CONTINUE_ON_FAILURE): Object: 'Object Repository/ADMIN/Admin Onboarding Page/Admin_Onboarding_Step6/Image Cropper/a_Save Photo' is clicked on

2020-01-16 14:27:22 - [MESSAGE][PASSED] - Object: 'Object Repository/ADMIN/Admin Onboarding Page/Admin_Onboarding_Step6/Image Cropper/a_Save Photo' is clicked on

2020-01-16 14:27:22 - [TEST_STEP][PASSED] - delay(1): Delayed 1 second(s)

2020-01-16 14:27:23 - [MESSAGE][PASSED] - Delayed 1 second(s)

2020-01-16 14:27:23 - [TEST_STEP][PASSED] - click(findTestObject("ADMIN/Admin Onboarding Page/Admin_Onboarding_Step6/Button_Next_Step6"), CONTINUE_ON_FAILURE): Object: 'Object Repository/ADMIN/Admin Onboarding Page/Admin_Onboarding_Step6/Button_Next_Step6' is clicked on

2020-01-16 14:27:23 - [MESSAGE][PASSED] - Object: 'Object Repository/ADMIN/Admin Onboarding Page/Admin_Onboarding_Step6/Button_Next_Step6' is clicked on

2020-01-16 14:27:23 - [TEST_STEP][PASSED] - comment("Step 7 (editable variables)"): Step 7 (editable variables)

2020-01-16 14:27:23 - [MESSAGE][INFO] - Step 7 (editable variables)

2020-01-16 14:27:23 - [TEST_STEP][PASSED] - waitForElementVisible(findTestObject("ADMIN/Admin Onboarding Page/Admin_Onboarding_Step7/Textlabel_7. Now how would you like t"), 0): Object 'Object Repository/ADMIN/Admin Onboarding Page/Admin_Onboarding_Step7/Textlabel_7. Now how would you like t' is visible

2020-01-16 14:27:23 - [MESSAGE][WARNING] - Timeout '0' is invalid. Using default page load timeout: '30'

2020-01-16 14:27:25 - [MESSAGE][PASSED] - Object 'Object Repository/ADMIN/Admin Onboarding Page/Admin_Onboarding_Step7/Textlabel_7. Now how would you like t' is visible

2020-01-16 14:27:25 - [TEST_STEP][PASSED] - selectOptionByLabel(findTestObject("ADMIN/Admin Onboarding Page/Admin_Onboarding_Step7/Dropdown_Currency"), varCurrency, false): All options with label 'USD' are selected in object 'Object Repository/ADMIN/Admin Onboarding Page/Admin_Onboarding_Step7/Dropdown_Currency' 

2020-01-16 14:27:25 - [MESSAGE][PASSED] - All options with label 'USD' are selected in object 'Object Repository/ADMIN/Admin Onboarding Page/Admin_Onboarding_Step7/Dropdown_Currency' 

2020-01-16 14:27:25 - [TEST_STEP][PASSED] - setText(findTestObject("ADMIN/Admin Onboarding Page/Admin_Onboarding_Step7/Textbox_TransactionFee"), varAdminFee): Text '20' is set on object 'Object Repository/ADMIN/Admin Onboarding Page/Admin_Onboarding_Step7/Textbox_TransactionFee'

2020-01-16 14:27:25 - [MESSAGE][PASSED] - Text '20' is set on object 'Object Repository/ADMIN/Admin Onboarding Page/Admin_Onboarding_Step7/Textbox_TransactionFee'

2020-01-16 14:27:25 - [TEST_STEP][PASSED] - click(findTestObject("ADMIN/Admin Onboarding Page/Admin_Onboarding_Step7/Button_Next_Step7"), CONTINUE_ON_FAILURE): Object: 'Object Repository/ADMIN/Admin Onboarding Page/Admin_Onboarding_Step7/Button_Next_Step7' is clicked on

2020-01-16 14:27:26 - [MESSAGE][PASSED] - Object: 'Object Repository/ADMIN/Admin Onboarding Page/Admin_Onboarding_Step7/Button_Next_Step7' is clicked on

2020-01-16 14:27:26 - [TEST_STEP][PASSED] - comment("Step 8"): Step 8

2020-01-16 14:27:27 - [MESSAGE][INFO] - Step 8

2020-01-16 14:27:27 - [TEST_STEP][PASSED] - waitForElementVisible(findTestObject("ADMIN/Admin Onboarding Page/Admin_Onboarding_Step8/Textlabel_Review your marketplace pol"), 0): Object 'Object Repository/ADMIN/Admin Onboarding Page/Admin_Onboarding_Step8/Textlabel_Review your marketplace pol' is visible

2020-01-16 14:27:27 - [MESSAGE][WARNING] - Timeout '0' is invalid. Using default page load timeout: '30'

2020-01-16 14:27:27 - [MESSAGE][PASSED] - Object 'Object Repository/ADMIN/Admin Onboarding Page/Admin_Onboarding_Step8/Textlabel_Review your marketplace pol' is visible

2020-01-16 14:27:27 - [TEST_STEP][PASSED] - comment("Checkbox Return Policy"): Checkbox Return Policy

2020-01-16 14:27:27 - [MESSAGE][INFO] - Checkbox Return Policy

2020-01-16 14:27:27 - [TEST_STEP][PASSED] - click(findTestObject("ADMIN/Admin Onboarding Page/Admin_Onboarding_Step8/Checkbox_ReturnPolicy")): Object: 'Object Repository/ADMIN/Admin Onboarding Page/Admin_Onboarding_Step8/Checkbox_ReturnPolicy' is clicked on

2020-01-16 14:27:27 - [MESSAGE][PASSED] - Object: 'Object Repository/ADMIN/Admin Onboarding Page/Admin_Onboarding_Step8/Checkbox_ReturnPolicy' is clicked on

2020-01-16 14:27:27 - [TEST_STEP][PASSED] - comment("Terms and Condition"): Terms and Condition

2020-01-16 14:27:27 - [MESSAGE][INFO] - Terms and Condition

2020-01-16 14:27:27 - [TEST_STEP][PASSED] - click(findTestObject("ADMIN/Admin Onboarding Page/Admin_Onboarding_Step8/Checkbox_IsAgreed")): Object: 'Object Repository/ADMIN/Admin Onboarding Page/Admin_Onboarding_Step8/Checkbox_IsAgreed' is clicked on

2020-01-16 14:27:27 - [MESSAGE][PASSED] - Object: 'Object Repository/ADMIN/Admin Onboarding Page/Admin_Onboarding_Step8/Checkbox_IsAgreed' is clicked on

2020-01-16 14:27:27 - [TEST_STEP][PASSED] - click(findTestObject("ADMIN/Admin Onboarding Page/Admin_Onboarding_Step8/Button_Next_Step8")): Object: 'Object Repository/ADMIN/Admin Onboarding Page/Admin_Onboarding_Step8/Button_Next_Step8' is clicked on

2020-01-16 14:27:31 - [MESSAGE][PASSED] - Object: 'Object Repository/ADMIN/Admin Onboarding Page/Admin_Onboarding_Step8/Button_Next_Step8' is clicked on]]></system-out>
         <system-err><![CDATA[]]></system-err>
      </testcase>
      <system-out><![CDATA[2020-01-16 14:21:57 - [TEST_SUITE][PASSED] - Admin Onboarding Data Driven: Test Cases/ADMIN/Onboarding/Complete Onboarding]]></system-out>
      <system-err><![CDATA[]]></system-err>
   </testsuite>
</testsuites>
