<?xml version="1.0" encoding="UTF-8"?>
<testsuites name="Merchant Add Service" time="60" tests="1" failures="0" errors="0">
   <testsuite name="Merchant Add Service" tests="1" failures="0" errors="0" time="60" timestamp="2019-05-16 13:41:35" hostname="Arcadier - Arcadier-PC" id="Test Suites/Suites/Merchant Add Service">
      <properties>
         <property name="deviceName" value=""/>
         <property name="devicePlatform" value=""/>
         <property name="logFolder" value="C:\\Katalon\\Arctick\\Reports\\Suites\\Merchant Add Service\\20190516_134133"/>
         <property name="logFiles" value="C:\\Katalon\\Arctick\\Reports\\Suites\\Merchant Add Service\\20190516_134133\\execution0.log"/>
         <property name="attachments" value=""/>
         <property name="hostName" value="Arcadier - Arcadier-PC"/>
         <property name="os" value="Windows 7 64bit"/>
         <property name="katalonVersion" value="5.4.2.1"/>
         <property name="browser" value="Chrome 74.0.3729.131"/>
         <property name="hostAddress" value="10.10.31.95"/>
         <property name="sessionId" value="89e4bae5106cf6be3908003730003949"/>
         <property name="seleniumVersion" value="3.7.1"/>
         <property name="proxyInformation" value="ProxyInformation{proxyOption=NO_PROXY, proxyServerType=HTTP, password=, proxyServerAddress=, proxyServerPort=0}"/>
         <property name="platform" value="Windows 7"/>
      </properties>
      <testcase name="Test Cases/MERCHANT/SPACETIME/Service Creation/Add Service" classname="Test Cases/MERCHANT/SPACETIME/Service Creation/Add Service" status="PASSED">
         <system-out><![CDATA[2019-05-16 13:41:35 - [TEST_CASE][PASSED] - Test Cases/MERCHANT/SPACETIME/Service Creation/Add Service: Test Cases/MERCHANT/SPACETIME/Service Creation/Add Service

2019-05-16 13:41:36 - [TEST_STEP][PASSED] - waitForElementVisible: Object 'Object Repository/MERCHANT/SpaceTime/Listing Page/header_Your Services' is visible

2019-05-16 13:41:37 - [MESSAGE][WARNING] - Timeout '0' is invalid. Using default page load timeout: '30'

2019-05-16 13:41:38 - [MESSAGE][PASSED] - Object 'Object Repository/MERCHANT/SpaceTime/Listing Page/header_Your Services' is visible

2019-05-16 13:41:38 - [TEST_STEP][PASSED] - click: Object: 'Object Repository/MERCHANT/SpaceTime/Listing Page/header_Your Services' is clicked on

2019-05-16 13:41:52 - [MESSAGE][PASSED] - Object: 'Object Repository/MERCHANT/SpaceTime/Listing Page/header_Your Services' is clicked on

2019-05-16 13:41:52 - [TEST_STEP][PASSED] - waitForElementVisible: Object 'Object Repository/MERCHANT/SpaceTime/Listing Page/button_Add listings' is visible

2019-05-16 13:41:52 - [MESSAGE][WARNING] - Timeout '0' is invalid. Using default page load timeout: '30'

2019-05-16 13:41:52 - [MESSAGE][PASSED] - Object 'Object Repository/MERCHANT/SpaceTime/Listing Page/button_Add listings' is visible

2019-05-16 13:41:52 - [TEST_STEP][PASSED] - click: Object: 'Object Repository/MERCHANT/SpaceTime/Listing Page/button_Add listings' is clicked on

2019-05-16 13:42:05 - [MESSAGE][PASSED] - Object: 'Object Repository/MERCHANT/SpaceTime/Listing Page/button_Add listings' is clicked on

2019-05-16 13:42:05 - [TEST_STEP][PASSED] - comment: Basic Details

2019-05-16 13:42:05 - [TEST_STEP][PASSED] - waitForElementVisible: Object 'Object Repository/MERCHANT/SpaceTime/Service Creation/Basic Details/checkbox_cat1' is visible

2019-05-16 13:42:05 - [MESSAGE][WARNING] - Timeout '0' is invalid. Using default page load timeout: '30'

2019-05-16 13:42:20 - [MESSAGE][PASSED] - Object 'Object Repository/MERCHANT/SpaceTime/Service Creation/Basic Details/checkbox_cat1' is visible

2019-05-16 13:42:20 - [TEST_STEP][PASSED] - click: Object: 'Object Repository/MERCHANT/SpaceTime/Service Creation/Basic Details/checkbox_cat1' is clicked on

2019-05-16 13:42:20 - [MESSAGE][PASSED] - Object: 'Object Repository/MERCHANT/SpaceTime/Service Creation/Basic Details/checkbox_cat1' is clicked on

2019-05-16 13:42:20 - [TEST_STEP][PASSED] - setText: Text 'Default' is set on object 'Object Repository/MERCHANT/SpaceTime/Service Creation/Basic Details/textbox_service name'

2019-05-16 13:42:20 - [MESSAGE][PASSED] - Text 'Default' is set on object 'Object Repository/MERCHANT/SpaceTime/Service Creation/Basic Details/textbox_service name'

2019-05-16 13:42:20 - [TEST_STEP][PASSED] - setText: Text 'Lorem ipsum dolor sit amet, consectetur adipiscing elit, sed do eiusmod tempor incididunt ut labore et dolore magna aliqua. Ut enim ad minim veniam, quis nostrud exercitation ullamco laboris nisi ut aliquip ex ea commodo consequat. Duis aute irure dolor in reprehenderit in voluptate velit esse cillum dolore eu fugiat nulla pariatur. Excepteur sint occaecat cupidatat non proident, sunt in culpa qui officia deserunt mollit anim id est laborum.' is set on object 'Object Repository/MERCHANT/SpaceTime/Service Creation/Basic Details/textbox_description'

2019-05-16 13:42:23 - [MESSAGE][PASSED] - Text 'Lorem ipsum dolor sit amet, consectetur adipiscing elit, sed do eiusmod tempor incididunt ut labore et dolore magna aliqua. Ut enim ad minim veniam, quis nostrud exercitation ullamco laboris nisi ut aliquip ex ea commodo consequat. Duis aute irure dolor in reprehenderit in voluptate velit esse cillum dolore eu fugiat nulla pariatur. Excepteur sint occaecat cupidatat non proident, sunt in culpa qui officia deserunt mollit anim id est laborum.' is set on object 'Object Repository/MERCHANT/SpaceTime/Service Creation/Basic Details/textbox_description'

2019-05-16 13:42:23 - [TEST_STEP][PASSED] - click: Object: 'Object Repository/MERCHANT/SpaceTime/Service Creation/Basic Details/dropdown_booking type' is clicked on

2019-05-16 13:42:23 - [MESSAGE][PASSED] - Object: 'Object Repository/MERCHANT/SpaceTime/Service Creation/Basic Details/dropdown_booking type' is clicked on

2019-05-16 13:42:23 - [TEST_STEP][PASSED] - selectOptionByLabel: All options with label 'Default' are selected in object 'Object Repository/MERCHANT/SpaceTime/Service Creation/Basic Details/dropdown_booking type' 

2019-05-16 13:42:23 - [MESSAGE][PASSED] - All options with label 'Default' are selected in object 'Object Repository/MERCHANT/SpaceTime/Service Creation/Basic Details/dropdown_booking type' 

2019-05-16 13:42:23 - [TEST_STEP][PASSED] - click: Object: 'Object Repository/MERCHANT/SpaceTime/Service Creation/Basic Details/Default Duration/label_ day' is clicked on

2019-05-16 13:42:23 - [MESSAGE][PASSED] - Object: 'Object Repository/MERCHANT/SpaceTime/Service Creation/Basic Details/Default Duration/label_ day' is clicked on

2019-05-16 13:42:23 - [TEST_STEP][PASSED] - setText: Text '20' is set on object 'Object Repository/MERCHANT/SpaceTime/Service Creation/Basic Details/textbox_price'

2019-05-16 13:42:23 - [MESSAGE][PASSED] - Text '20' is set on object 'Object Repository/MERCHANT/SpaceTime/Service Creation/Basic Details/textbox_price'

2019-05-16 13:42:23 - [TEST_STEP][PASSED] - setText: Text '3' is set on object 'Object Repository/MERCHANT/SpaceTime/Service Creation/Basic Details/textbox_max bookings'

2019-05-16 13:42:24 - [MESSAGE][PASSED] - Text '3' is set on object 'Object Repository/MERCHANT/SpaceTime/Service Creation/Basic Details/textbox_max bookings'

2019-05-16 13:42:24 - [TEST_STEP][PASSED] - click: Object: 'Object Repository/MERCHANT/SpaceTime/Service Creation/Basic Details/button_Next basic details' is clicked on

2019-05-16 13:42:24 - [MESSAGE][PASSED] - Object: 'Object Repository/MERCHANT/SpaceTime/Service Creation/Basic Details/button_Next basic details' is clicked on

2019-05-16 13:42:24 - [TEST_STEP][PASSED] - comment: Schedule

2019-05-16 13:42:24 - [TEST_STEP][PASSED] - scrollToElement: Scroll to object 'Object Repository/MERCHANT/SpaceTime/Service Creation/Schedule/button_Next schedule' successfully

2019-05-16 13:42:24 - [MESSAGE][WARNING] - Timeout '0' is invalid. Using default page load timeout: '30'

2019-05-16 13:42:24 - [MESSAGE][PASSED] - Scroll to object 'Object Repository/MERCHANT/SpaceTime/Service Creation/Schedule/button_Next schedule' successfully

2019-05-16 13:42:24 - [TEST_STEP][PASSED] - click: Object: 'Object Repository/MERCHANT/SpaceTime/Service Creation/Schedule/button_Next schedule' is clicked on

2019-05-16 13:42:25 - [MESSAGE][PASSED] - Object: 'Object Repository/MERCHANT/SpaceTime/Service Creation/Schedule/button_Next schedule' is clicked on

2019-05-16 13:42:25 - [TEST_STEP][PASSED] - comment: Image

2019-05-16 13:42:25 - [TEST_STEP][PASSED] - waitForElementVisible: Object 'Object Repository/MERCHANT/SpaceTime/Service Creation/Images/button_Browse' is visible

2019-05-16 13:42:25 - [MESSAGE][WARNING] - Timeout '0' is invalid. Using default page load timeout: '30'

2019-05-16 13:42:25 - [MESSAGE][PASSED] - Object 'Object Repository/MERCHANT/SpaceTime/Service Creation/Images/button_Browse' is visible

2019-05-16 13:42:25 - [TEST_STEP][PASSED] - click: Object: 'Object Repository/MERCHANT/SpaceTime/Service Creation/Images/button_Browse' is clicked on

2019-05-16 13:42:25 - [MESSAGE][PASSED] - Object: 'Object Repository/MERCHANT/SpaceTime/Service Creation/Images/button_Browse' is clicked on

2019-05-16 13:42:25 - [TEST_STEP][PASSED] - delay: Delayed 1 second(s)

2019-05-16 13:42:26 - [MESSAGE][PASSED] - Delayed 1 second(s)

2019-05-16 13:42:26 - [TEST_STEP][PASSED] - uploadFile: File 'C:\\Katalon\\Image\\pic1.jpg' sent to object: 'Object Repository/MERCHANT/SpaceTime/Service Creation/Images/browse_img/img_upload container'

2019-05-16 13:42:27 - [MESSAGE][PASSED] - File 'C:\\Katalon\\Image\\pic1.jpg' sent to object: 'Object Repository/MERCHANT/SpaceTime/Service Creation/Images/browse_img/img_upload container'

2019-05-16 13:42:27 - [TEST_STEP][PASSED] - click: Object: 'Object Repository/MERCHANT/SpaceTime/Service Creation/Images/browse_img/button_ok' is clicked on

2019-05-16 13:42:27 - [MESSAGE][PASSED] - Object: 'Object Repository/MERCHANT/SpaceTime/Service Creation/Images/browse_img/button_ok' is clicked on

2019-05-16 13:42:27 - [TEST_STEP][PASSED] - delay: Delayed 1 second(s)

2019-05-16 13:42:28 - [MESSAGE][PASSED] - Delayed 1 second(s)

2019-05-16 13:42:28 - [TEST_STEP][PASSED] - scrollToElement: Scroll to object 'Object Repository/MERCHANT/SpaceTime/Service Creation/Images/button_Next images' successfully

2019-05-16 13:42:28 - [MESSAGE][WARNING] - Timeout '0' is invalid. Using default page load timeout: '30'

2019-05-16 13:42:28 - [MESSAGE][PASSED] - Scroll to object 'Object Repository/MERCHANT/SpaceTime/Service Creation/Images/button_Next images' successfully

2019-05-16 13:42:28 - [TEST_STEP][PASSED] - click: Object: 'Object Repository/MERCHANT/SpaceTime/Service Creation/Images/button_Next images' is clicked on

2019-05-16 13:42:29 - [MESSAGE][PASSED] - Object: 'Object Repository/MERCHANT/SpaceTime/Service Creation/Images/button_Next images' is clicked on

2019-05-16 13:42:29 - [TEST_STEP][PASSED] - comment: Add Ons

2019-05-16 13:42:29 - [TEST_STEP][PASSED] - waitForElementVisible: Object 'Object Repository/MERCHANT/SpaceTime/Service Creation/Add Ons/textbox_add on name' is visible

2019-05-16 13:42:29 - [MESSAGE][WARNING] - Timeout '0' is invalid. Using default page load timeout: '30'

2019-05-16 13:42:29 - [MESSAGE][PASSED] - Object 'Object Repository/MERCHANT/SpaceTime/Service Creation/Add Ons/textbox_add on name' is visible

2019-05-16 13:42:29 - [TEST_STEP][PASSED] - setText: Text 'Extra Service' is set on object 'Object Repository/MERCHANT/SpaceTime/Service Creation/Add Ons/textbox_add on name'

2019-05-16 13:42:29 - [MESSAGE][PASSED] - Text 'Extra Service' is set on object 'Object Repository/MERCHANT/SpaceTime/Service Creation/Add Ons/textbox_add on name'

2019-05-16 13:42:29 - [TEST_STEP][PASSED] - setText: Text '20' is set on object 'Object Repository/MERCHANT/SpaceTime/Service Creation/Add Ons/textbox_surcharge'

2019-05-16 13:42:30 - [MESSAGE][PASSED] - Text '20' is set on object 'Object Repository/MERCHANT/SpaceTime/Service Creation/Add Ons/textbox_surcharge'

2019-05-16 13:42:30 - [TEST_STEP][PASSED] - click: Object: 'Object Repository/MERCHANT/SpaceTime/Service Creation/Add Ons/button_Add' is clicked on

2019-05-16 13:42:30 - [MESSAGE][PASSED] - Object: 'Object Repository/MERCHANT/SpaceTime/Service Creation/Add Ons/button_Add' is clicked on

2019-05-16 13:42:30 - [TEST_STEP][PASSED] - scrollToElement: Scroll to object 'Object Repository/MERCHANT/SpaceTime/Service Creation/Add Ons/button_Next add ons' successfully

2019-05-16 13:42:30 - [MESSAGE][WARNING] - Timeout '0' is invalid. Using default page load timeout: '30'

2019-05-16 13:42:30 - [MESSAGE][PASSED] - Scroll to object 'Object Repository/MERCHANT/SpaceTime/Service Creation/Add Ons/button_Next add ons' successfully

2019-05-16 13:42:30 - [TEST_STEP][PASSED] - click: Object: 'Object Repository/MERCHANT/SpaceTime/Service Creation/Add Ons/button_Next add ons' is clicked on

2019-05-16 13:42:30 - [MESSAGE][PASSED] - Object: 'Object Repository/MERCHANT/SpaceTime/Service Creation/Add Ons/button_Next add ons' is clicked on

2019-05-16 13:42:30 - [TEST_STEP][PASSED] - comment: Location

2019-05-16 13:42:30 - [TEST_STEP][PASSED] - waitForElementVisible: Object 'Object Repository/MERCHANT/SpaceTime/Service Creation/Location/textbox_address' is visible

2019-05-16 13:42:30 - [MESSAGE][WARNING] - Timeout '0' is invalid. Using default page load timeout: '30'

2019-05-16 13:42:30 - [MESSAGE][PASSED] - Object 'Object Repository/MERCHANT/SpaceTime/Service Creation/Location/textbox_address' is visible

2019-05-16 13:42:30 - [TEST_STEP][PASSED] - setText: Text '6784 Ayala Avenue cor. V.A. Rufino Street, Legaspi Village, ' is set on object 'Object Repository/MERCHANT/SpaceTime/Service Creation/Location/textbox_address'

2019-05-16 13:42:33 - [MESSAGE][PASSED] - Text '6784 Ayala Avenue cor. V.A. Rufino Street, Legaspi Village, ' is set on object 'Object Repository/MERCHANT/SpaceTime/Service Creation/Location/textbox_address'

2019-05-16 13:42:33 - [TEST_STEP][PASSED] - selectOptionByLabel: All options with label 'Philippines' are selected in object 'Object Repository/MERCHANT/SpaceTime/Service Creation/Location/dropdown_(SELECT COUNTRY)' 

2019-05-16 13:42:33 - [MESSAGE][PASSED] - All options with label 'Philippines' are selected in object 'Object Repository/MERCHANT/SpaceTime/Service Creation/Location/dropdown_(SELECT COUNTRY)' 

2019-05-16 13:42:33 - [TEST_STEP][PASSED] - setText: Text 'Philippines' is set on object 'Object Repository/MERCHANT/SpaceTime/Service Creation/Location/textbox_state'

2019-05-16 13:42:34 - [MESSAGE][PASSED] - Text 'Philippines' is set on object 'Object Repository/MERCHANT/SpaceTime/Service Creation/Location/textbox_state'

2019-05-16 13:42:34 - [TEST_STEP][PASSED] - setText: Text 'Makati' is set on object 'Object Repository/MERCHANT/SpaceTime/Service Creation/Location/textbox_city'

2019-05-16 13:42:35 - [MESSAGE][PASSED] - Text 'Makati' is set on object 'Object Repository/MERCHANT/SpaceTime/Service Creation/Location/textbox_city'

2019-05-16 13:42:35 - [TEST_STEP][PASSED] - setText: Text '1200' is set on object 'Object Repository/MERCHANT/SpaceTime/Service Creation/Location/textbox_postalcode'

2019-05-16 13:42:35 - [MESSAGE][PASSED] - Text '1200' is set on object 'Object Repository/MERCHANT/SpaceTime/Service Creation/Location/textbox_postalcode'

2019-05-16 13:42:35 - [TEST_STEP][PASSED] - scrollToElement: Scroll to object 'Object Repository/MERCHANT/SpaceTime/Service Creation/Location/button_Upload now' successfully

2019-05-16 13:42:35 - [MESSAGE][WARNING] - Timeout '0' is invalid. Using default page load timeout: '30'

2019-05-16 13:42:35 - [MESSAGE][PASSED] - Scroll to object 'Object Repository/MERCHANT/SpaceTime/Service Creation/Location/button_Upload now' successfully

2019-05-16 13:42:35 - [TEST_STEP][PASSED] - click: Object: 'Object Repository/MERCHANT/SpaceTime/Service Creation/Location/button_Upload now' is clicked on

2019-05-16 13:42:35 - [MESSAGE][PASSED] - Object: 'Object Repository/MERCHANT/SpaceTime/Service Creation/Location/button_Upload now' is clicked on]]></system-out>
         <system-err><![CDATA[]]></system-err>
      </testcase>
      <system-out><![CDATA[2019-05-16 13:41:35 - [TEST_SUITE][PASSED] - Merchant Add Service: Test Cases/MERCHANT/SPACETIME/Service Creation/Add Service]]></system-out>
      <system-err><![CDATA[]]></system-err>
   </testsuite>
</testsuites>
