<?xml version="1.0" encoding="UTF-8"?>
<testsuites name="Admin Onboarding Data Driven" time="97.736" tests="2" failures="0" errors="0">
   <testsuite name="Admin Onboarding Data Driven" tests="2" failures="0" errors="0" time="97.736" timestamp="2020-02-13 13:41:10" hostname="Arcadier - Arcadier-PC" id="Test Suites/Admin/Admin Onboarding Data Driven">
      <properties>
         <property name="deviceName" value=""/>
         <property name="devicePlatform" value=""/>
         <property name="logFolder" value="C:\\Katalon\\Arctick\\Reports\\20200213_134108\\Admin\\Admin Onboarding Data Driven\\20200213_134108"/>
         <property name="logFiles" value="C:\\Katalon\\Arctick\\Reports\\20200213_134108\\Admin\\Admin Onboarding Data Driven\\20200213_134108\\execution0.log"/>
         <property name="attachments" value=""/>
         <property name="hostName" value="Arcadier - Arcadier-PC"/>
         <property name="os" value="Windows 7 64bit"/>
         <property name="katalonVersion" value="7.2.1.1"/>
         <property name="browser" value="Chrome 80.0.3987.87"/>
         <property name="hostAddress" value="10.10.39.148"/>
         <property name="sessionId" value="3c63196e0fbb17864c485554b2c7d0c4"/>
         <property name="seleniumVersion" value="3.141.59"/>
         <property name="proxyInformation" value="ProxyInformation{proxyOption=NO_PROXY, proxyServerType=HTTP, password=, proxyServerAddress=, proxyServerPort=0, executionList=}"/>
         <property name="platform" value="Windows 7"/>
      </properties>
      <testcase name="Test Cases/ADMIN/Onboarding/Complete Onboarding" time="53.855" classname="Test Cases/ADMIN/Onboarding/Complete Onboarding" status="PASSED">
         <system-out><![CDATA[2020-02-13 13:41:11 - [TEST_CASE][PASSED] - Test Cases/ADMIN/Onboarding/Complete Onboarding: Test Cases/ADMIN/Onboarding/Complete Onboarding

2020-02-13 13:41:12 - [TEST_STEP][PASSED] - comment("Create Account"): Create Account

2020-02-13 13:41:12 - [MESSAGE][INFO] - Create Account

2020-02-13 13:41:12 - [TEST_STEP][PASSED] - openBrowser(""): Browser is opened with url: ''

2020-02-13 13:41:13 - [MESSAGE][PASSED] - Browser is opened with url: ''

2020-02-13 13:41:13 - [TEST_STEP][PASSED] - if (varServer == "Test"): null

2020-02-13 13:41:13 - [TEST_STEP][PASSED] - else if (varServer == "Staging"): Navigate to 'https://www.staging.arcadier.io' successfully

2020-02-13 13:41:13 - [TEST_STEP][PASSED] - navigateToUrl("https://www.staging.arcadier.io"): Navigate to 'https://www.staging.arcadier.io' successfully

2020-02-13 13:41:15 - [MESSAGE][PASSED] - Navigate to 'https://www.staging.arcadier.io' successfully

2020-02-13 13:41:15 - [TEST_STEP][PASSED] - maximizeWindow(): Current window maximized

2020-02-13 13:41:16 - [MESSAGE][PASSED] - Current window maximized

2020-02-13 13:41:16 - [TEST_STEP][PASSED] - if (varAccountType == "custom"): Object: 'Object Repository/ADMIN/Admin Onboarding Page/Admin Onboarding CustomAcc/Button_Sign_Up' is clicked on

2020-02-13 13:41:16 - [TEST_STEP][PASSED] - click(findTestObject("ADMIN/Admin Onboarding Page/Create_Account_Page/Button_Create_Account")): Object: 'Object Repository/ADMIN/Admin Onboarding Page/Create_Account_Page/Button_Create_Account' is clicked on

2020-02-13 13:41:16 - [MESSAGE][PASSED] - Object: 'Object Repository/ADMIN/Admin Onboarding Page/Create_Account_Page/Button_Create_Account' is clicked on

2020-02-13 13:41:16 - [TEST_STEP][PASSED] - verifyElementPresent(findTestObject("ADMIN/Admin Onboarding Page/Admin Onboarding CustomAcc/Textbox_Username"), 0): Object 'Object Repository/ADMIN/Admin Onboarding Page/Admin Onboarding CustomAcc/Textbox_Username' is present

2020-02-13 13:41:16 - [MESSAGE][WARNING] - Timeout '0' is invalid. Using default page load timeout: '30'

2020-02-13 13:41:17 - [MESSAGE][PASSED] - Object 'Object Repository/ADMIN/Admin Onboarding Page/Admin Onboarding CustomAcc/Textbox_Username' is present

2020-02-13 13:41:17 - [TEST_STEP][PASSED] - setText(findTestObject("ADMIN/Admin Onboarding Page/Admin Onboarding CustomAcc/Textbox_Username"), varUsername): Text '0213SPACE1' is set on object 'Object Repository/ADMIN/Admin Onboarding Page/Admin Onboarding CustomAcc/Textbox_Username'

2020-02-13 13:41:17 - [MESSAGE][PASSED] - Text '0213SPACE1' is set on object 'Object Repository/ADMIN/Admin Onboarding Page/Admin Onboarding CustomAcc/Textbox_Username'

2020-02-13 13:41:17 - [TEST_STEP][PASSED] - setText(findTestObject("ADMIN/Admin Onboarding Page/Admin Onboarding CustomAcc/Textbox_Password"), "welcome8"): Text 'welcome8' is set on object 'Object Repository/ADMIN/Admin Onboarding Page/Admin Onboarding CustomAcc/Textbox_Password'

2020-02-13 13:41:18 - [MESSAGE][PASSED] - Text 'welcome8' is set on object 'Object Repository/ADMIN/Admin Onboarding Page/Admin Onboarding CustomAcc/Textbox_Password'

2020-02-13 13:41:18 - [TEST_STEP][PASSED] - setText(findTestObject("ADMIN/Admin Onboarding Page/Admin Onboarding CustomAcc/Textbox_Reconfirm_Password"), "welcome8"): Text 'welcome8' is set on object 'Object Repository/ADMIN/Admin Onboarding Page/Admin Onboarding CustomAcc/Textbox_Reconfirm_Password'

2020-02-13 13:41:18 - [MESSAGE][PASSED] - Text 'welcome8' is set on object 'Object Repository/ADMIN/Admin Onboarding Page/Admin Onboarding CustomAcc/Textbox_Reconfirm_Password'

2020-02-13 13:41:18 - [TEST_STEP][PASSED] - click(findTestObject("ADMIN/Admin Onboarding Page/Admin Onboarding CustomAcc/Button_Sign_Up")): Object: 'Object Repository/ADMIN/Admin Onboarding Page/Admin Onboarding CustomAcc/Button_Sign_Up' is clicked on

2020-02-13 13:41:20 - [MESSAGE][PASSED] - Object: 'Object Repository/ADMIN/Admin Onboarding Page/Admin Onboarding CustomAcc/Button_Sign_Up' is clicked on

2020-02-13 13:41:20 - [TEST_STEP][PASSED] - comment("Step 1"): Step 1

2020-02-13 13:41:20 - [MESSAGE][INFO] - Step 1

2020-02-13 13:41:20 - [TEST_STEP][PASSED] - selectOptionByLabel(findTestObject("ADMIN/Admin Onboarding Page/Admin_Onboarding_Step1/1stDropdown_Please select one...Im"), "I’m managing them offline", false): All options with label 'I’m managing them offline' are selected in object 'Object Repository/ADMIN/Admin Onboarding Page/Admin_Onboarding_Step1/1stDropdown_Please select one...Im' 

2020-02-13 13:41:21 - [MESSAGE][PASSED] - All options with label 'I’m managing them offline' are selected in object 'Object Repository/ADMIN/Admin Onboarding Page/Admin_Onboarding_Step1/1stDropdown_Please select one...Im' 

2020-02-13 13:41:21 - [TEST_STEP][PASSED] - selectOptionByLabel(findTestObject("ADMIN/Admin Onboarding Page/Admin_Onboarding_Step1/2ndDropdown_Please select one...Don"), "Something else!", false): All options with label 'Something else!' are selected in object 'Object Repository/ADMIN/Admin Onboarding Page/Admin_Onboarding_Step1/2ndDropdown_Please select one...Don' 

2020-02-13 13:41:22 - [MESSAGE][PASSED] - All options with label 'Something else!' are selected in object 'Object Repository/ADMIN/Admin Onboarding Page/Admin_Onboarding_Step1/2ndDropdown_Please select one...Don' 

2020-02-13 13:41:22 - [TEST_STEP][PASSED] - setText(findTestObject("ADMIN/Admin Onboarding Page/Admin_Onboarding_Step1/2nddropdown_textbox_OtherMarketplaceType"), "Marketplace"): Text 'Marketplace' is set on object 'Object Repository/ADMIN/Admin Onboarding Page/Admin_Onboarding_Step1/2nddropdown_textbox_OtherMarketplaceType'

2020-02-13 13:41:22 - [MESSAGE][PASSED] - Text 'Marketplace' is set on object 'Object Repository/ADMIN/Admin Onboarding Page/Admin_Onboarding_Step1/2nddropdown_textbox_OtherMarketplaceType'

2020-02-13 13:41:22 - [TEST_STEP][PASSED] - selectOptionByLabel(findTestObject("ADMIN/Admin Onboarding Page/Admin_Onboarding_Step1/3rdDropdown_Im an individualIm work"), "Someone else!", false): All options with label 'Someone else!' are selected in object 'Object Repository/ADMIN/Admin Onboarding Page/Admin_Onboarding_Step1/3rdDropdown_Im an individualIm work' 

2020-02-13 13:41:23 - [MESSAGE][PASSED] - All options with label 'Someone else!' are selected in object 'Object Repository/ADMIN/Admin Onboarding Page/Admin_Onboarding_Step1/3rdDropdown_Im an individualIm work' 

2020-02-13 13:41:23 - [TEST_STEP][PASSED] - setText(findTestObject("ADMIN/Admin Onboarding Page/Admin_Onboarding_Step1/3rddropdown_textbox_OtherEntityType"), "Business Man"): Text 'Business Man' is set on object 'Object Repository/ADMIN/Admin Onboarding Page/Admin_Onboarding_Step1/3rddropdown_textbox_OtherEntityType'

2020-02-13 13:41:24 - [MESSAGE][PASSED] - Text 'Business Man' is set on object 'Object Repository/ADMIN/Admin Onboarding Page/Admin_Onboarding_Step1/3rddropdown_textbox_OtherEntityType'

2020-02-13 13:41:24 - [TEST_STEP][PASSED] - setText(findTestObject("ADMIN/Admin Onboarding Page/Admin_Onboarding_Step1/3rddropdown_textbox_OtherEntityType"), "Business Man"): Text 'Business Man' is set on object 'Object Repository/ADMIN/Admin Onboarding Page/Admin_Onboarding_Step1/3rddropdown_textbox_OtherEntityType'

2020-02-13 13:41:24 - [MESSAGE][PASSED] - Text 'Business Man' is set on object 'Object Repository/ADMIN/Admin Onboarding Page/Admin_Onboarding_Step1/3rddropdown_textbox_OtherEntityType'

2020-02-13 13:41:24 - [TEST_STEP][PASSED] - click(findTestObject("ADMIN/Admin Onboarding Page/Admin_Onboarding_Step1/Button_NEXT_Step1")): Object: 'Object Repository/ADMIN/Admin Onboarding Page/Admin_Onboarding_Step1/Button_NEXT_Step1' is clicked on

2020-02-13 13:41:25 - [MESSAGE][PASSED] - Object: 'Object Repository/ADMIN/Admin Onboarding Page/Admin_Onboarding_Step1/Button_NEXT_Step1' is clicked on

2020-02-13 13:41:25 - [TEST_STEP][PASSED] - comment("Step 2"): Step 2

2020-02-13 13:41:25 - [MESSAGE][INFO] - Step 2

2020-02-13 13:41:25 - [TEST_STEP][PASSED] - waitForElementVisible(findTestObject("ADMIN/Admin Onboarding Page/Admin_Onboarding_Step2/Textlabel_We will like to know mor"), 0): Object 'Object Repository/ADMIN/Admin Onboarding Page/Admin_Onboarding_Step2/Textlabel_We will like to know mor' is visible

2020-02-13 13:41:25 - [MESSAGE][WARNING] - Timeout '0' is invalid. Using default page load timeout: '30'

2020-02-13 13:41:26 - [MESSAGE][PASSED] - Object 'Object Repository/ADMIN/Admin Onboarding Page/Admin_Onboarding_Step2/Textlabel_We will like to know mor' is visible

2020-02-13 13:41:26 - [TEST_STEP][PASSED] - setText(findTestObject("ADMIN/Admin Onboarding Page/Admin_Onboarding_Step2/Textbox_FirstName"), varFName): Text '0213SPACE1' is set on object 'Object Repository/ADMIN/Admin Onboarding Page/Admin_Onboarding_Step2/Textbox_FirstName'

2020-02-13 13:41:27 - [MESSAGE][PASSED] - Text '0213SPACE1' is set on object 'Object Repository/ADMIN/Admin Onboarding Page/Admin_Onboarding_Step2/Textbox_FirstName'

2020-02-13 13:41:27 - [TEST_STEP][PASSED] - setText(findTestObject("ADMIN/Admin Onboarding Page/Admin_Onboarding_Step2/Textbox_LastName"), varLName): Text 'Marketplace' is set on object 'Object Repository/ADMIN/Admin Onboarding Page/Admin_Onboarding_Step2/Textbox_LastName'

2020-02-13 13:41:27 - [MESSAGE][PASSED] - Text 'Marketplace' is set on object 'Object Repository/ADMIN/Admin Onboarding Page/Admin_Onboarding_Step2/Textbox_LastName'

2020-02-13 13:41:27 - [TEST_STEP][PASSED] - setText(findTestObject("ADMIN/Admin Onboarding Page/Admin_Onboarding_Step2/Textbox_Email"), varEmail): Text 'arcadierteam@gmail.com' is set on object 'Object Repository/ADMIN/Admin Onboarding Page/Admin_Onboarding_Step2/Textbox_Email'

2020-02-13 13:41:28 - [MESSAGE][PASSED] - Text 'arcadierteam@gmail.com' is set on object 'Object Repository/ADMIN/Admin Onboarding Page/Admin_Onboarding_Step2/Textbox_Email'

2020-02-13 13:41:28 - [TEST_STEP][PASSED] - delay(1): Delayed 1 second(s)

2020-02-13 13:41:29 - [MESSAGE][PASSED] - Delayed 1 second(s)

2020-02-13 13:41:29 - [TEST_STEP][PASSED] - selectOptionByLabel(findTestObject("ADMIN/Admin Onboarding Page/Admin_Onboarding_Step2/Country_Dropdown"), varCountry, false): All options with label 'Italy' are selected in object 'Object Repository/ADMIN/Admin Onboarding Page/Admin_Onboarding_Step2/Country_Dropdown' 

2020-02-13 13:41:30 - [MESSAGE][PASSED] - All options with label 'Italy' are selected in object 'Object Repository/ADMIN/Admin Onboarding Page/Admin_Onboarding_Step2/Country_Dropdown' 

2020-02-13 13:41:30 - [TEST_STEP][PASSED] - setText(findTestObject("ADMIN/Admin Onboarding Page/Admin_Onboarding_Step2/Address_Line1"), varAddress1): Text 'Strada Statale 130' is set on object 'Object Repository/ADMIN/Admin Onboarding Page/Admin_Onboarding_Step2/Address_Line1'

2020-02-13 13:41:30 - [MESSAGE][PASSED] - Text 'Strada Statale 130' is set on object 'Object Repository/ADMIN/Admin Onboarding Page/Admin_Onboarding_Step2/Address_Line1'

2020-02-13 13:41:30 - [TEST_STEP][PASSED] - setText(findTestObject("ADMIN/Admin Onboarding Page/Admin_Onboarding_Step2/Address_Line2"), varAddress2): Text 'Dorzano, Biella 13881' is set on object 'Object Repository/ADMIN/Admin Onboarding Page/Admin_Onboarding_Step2/Address_Line2'

2020-02-13 13:41:31 - [MESSAGE][PASSED] - Text 'Dorzano, Biella 13881' is set on object 'Object Repository/ADMIN/Admin Onboarding Page/Admin_Onboarding_Step2/Address_Line2'

2020-02-13 13:41:31 - [TEST_STEP][PASSED] - setText(findTestObject("ADMIN/Admin Onboarding Page/Admin_Onboarding_Step2/Textbox_PhoneNumber"), varContactNumber): Text '+631234567890' is set on object 'Object Repository/ADMIN/Admin Onboarding Page/Admin_Onboarding_Step2/Textbox_PhoneNumber'

2020-02-13 13:41:32 - [MESSAGE][PASSED] - Text '+631234567890' is set on object 'Object Repository/ADMIN/Admin Onboarding Page/Admin_Onboarding_Step2/Textbox_PhoneNumber'

2020-02-13 13:41:32 - [TEST_STEP][PASSED] - click(findTestObject("ADMIN/Admin Onboarding Page/Admin_Onboarding_Step2/Button_Next_Step2"), CONTINUE_ON_FAILURE): Object: 'Object Repository/ADMIN/Admin Onboarding Page/Admin_Onboarding_Step2/Button_Next_Step2' is clicked on

2020-02-13 13:41:34 - [MESSAGE][PASSED] - Object: 'Object Repository/ADMIN/Admin Onboarding Page/Admin_Onboarding_Step2/Button_Next_Step2' is clicked on

2020-02-13 13:41:34 - [TEST_STEP][PASSED] - comment("Step 3"): Step 3

2020-02-13 13:41:34 - [MESSAGE][INFO] - Step 3

2020-02-13 13:41:34 - [TEST_STEP][PASSED] - waitForElementVisible(findTestObject("ADMIN/Admin Onboarding Page/Admin_Onboarding_Step3/TextLabel_What type of marketplace"), 0): Object 'Object Repository/ADMIN/Admin Onboarding Page/Admin_Onboarding_Step3/TextLabel_What type of marketplace' is visible

2020-02-13 13:41:34 - [MESSAGE][WARNING] - Timeout '0' is invalid. Using default page load timeout: '30'

2020-02-13 13:41:34 - [MESSAGE][PASSED] - Object 'Object Repository/ADMIN/Admin Onboarding Page/Admin_Onboarding_Step3/TextLabel_What type of marketplace' is visible

2020-02-13 13:41:34 - [TEST_STEP][PASSED] - delay(1): Delayed 1 second(s)

2020-02-13 13:41:35 - [MESSAGE][PASSED] - Delayed 1 second(s)

2020-02-13 13:41:35 - [TEST_STEP][PASSED] - if (varTemplate == "Bespoke"): null

2020-02-13 13:41:35 - [TEST_STEP][PASSED] - else if (varTemplate == "ServiceBookings(TIME)"): null

2020-02-13 13:41:35 - [TEST_STEP][PASSED] - else if (varTemplate == "RentalGoods(TIME)"): null

2020-02-13 13:41:35 - [TEST_STEP][PASSED] - else if (varTemplate == "Space"): Object: 'Object Repository/ADMIN/Admin Onboarding Page/Admin_Onboarding_Step3/Select/a_Select_Space Rental' is clicked on

2020-02-13 13:41:35 - [TEST_STEP][PASSED] - mouseOver(findTestObject("ADMIN/Admin Onboarding Page/Admin_Onboarding_Step3/Preview/div_ Preview Select Space Rent")): Object: 'Object Repository/ADMIN/Admin Onboarding Page/Admin_Onboarding_Step3/Preview/div_ Preview Select Space Rent' is hovered

2020-02-13 13:41:36 - [MESSAGE][PASSED] - Object: 'Object Repository/ADMIN/Admin Onboarding Page/Admin_Onboarding_Step3/Preview/div_ Preview Select Space Rent' is hovered

2020-02-13 13:41:36 - [TEST_STEP][PASSED] - delay(1): Delayed 1 second(s)

2020-02-13 13:41:37 - [MESSAGE][PASSED] - Delayed 1 second(s)

2020-02-13 13:41:37 - [TEST_STEP][PASSED] - click(findTestObject("ADMIN/Admin Onboarding Page/Admin_Onboarding_Step3/Select/a_Select_Space Rental")): Object: 'Object Repository/ADMIN/Admin Onboarding Page/Admin_Onboarding_Step3/Select/a_Select_Space Rental' is clicked on

2020-02-13 13:41:37 - [MESSAGE][ERROR] - javascript error: Failed to execute 'elementsFromPoint' on 'Document': The provided double value is non-finite.
  (Session info: chrome=80.0.3987.87)
Build info: version: '3.141.59', revision: 'e82be7d358', time: '2018-11-14T08:25:53'
System info: host: 'ARCADIER-PC', ip: '10.10.39.148', os.name: 'Windows 7', os.arch: 'amd64', os.version: '6.1', java.version: '1.8.0_181'
Driver info: com.kms.katalon.core.webui.driver.ExistingRemoteWebDriver
Capabilities {javascriptEnabled: true, platform: ANY, platformName: ANY}
Session ID: 3c63196e0fbb17864c485554b2c7d0c4

2020-02-13 13:41:40 - [MESSAGE][PASSED] - Object: 'Object Repository/ADMIN/Admin Onboarding Page/Admin_Onboarding_Step3/Select/a_Select_Space Rental' is clicked on

2020-02-13 13:41:40 - [TEST_STEP][PASSED] - comment("Step 4"): Step 4

2020-02-13 13:41:40 - [MESSAGE][INFO] - Step 4

2020-02-13 13:41:40 - [TEST_STEP][PASSED] - uploadFile(findTestObject("ADMIN/Admin Onboarding Page/Admin_Onboarding_Step4/Button_Browse_Step4"), varLogo): File 'C:\\Users\\Arcadier\\git\\Arctick\\Images\\LogoLayout\\logo2.jpg' sent to object: 'Object Repository/ADMIN/Admin Onboarding Page/Admin_Onboarding_Step4/Button_Browse_Step4'

2020-02-13 13:41:40 - [MESSAGE][PASSED] - File 'C:\\Users\\Arcadier\\git\\Arctick\\Images\\LogoLayout\\logo2.jpg' sent to object: 'Object Repository/ADMIN/Admin Onboarding Page/Admin_Onboarding_Step4/Button_Browse_Step4'

2020-02-13 13:41:40 - [TEST_STEP][PASSED] - setText(findTestObject("ADMIN/Admin Onboarding Page/Admin_Onboarding_Step4/Textbox_Marketplace_Name"), varUsername): Text '0213SPACE1' is set on object 'Object Repository/ADMIN/Admin Onboarding Page/Admin_Onboarding_Step4/Textbox_Marketplace_Name'

2020-02-13 13:41:41 - [MESSAGE][PASSED] - Text '0213SPACE1' is set on object 'Object Repository/ADMIN/Admin Onboarding Page/Admin_Onboarding_Step4/Textbox_Marketplace_Name'

2020-02-13 13:41:41 - [TEST_STEP][PASSED] - setText(findTestObject("ADMIN/Admin Onboarding Page/Admin_Onboarding_Step4/Textbox_Slogan"), varTheme): Text 'Theme 2' is set on object 'Object Repository/ADMIN/Admin Onboarding Page/Admin_Onboarding_Step4/Textbox_Slogan'

2020-02-13 13:41:42 - [MESSAGE][PASSED] - Text 'Theme 2' is set on object 'Object Repository/ADMIN/Admin Onboarding Page/Admin_Onboarding_Step4/Textbox_Slogan'

2020-02-13 13:41:42 - [TEST_STEP][PASSED] - setText(findTestObject("ADMIN/Admin Onboarding Page/Admin_Onboarding_Step4/Textbox_ContactNumber"), varContactNumber): Text '+631234567890' is set on object 'Object Repository/ADMIN/Admin Onboarding Page/Admin_Onboarding_Step4/Textbox_ContactNumber'

2020-02-13 13:41:42 - [MESSAGE][PASSED] - Text '+631234567890' is set on object 'Object Repository/ADMIN/Admin Onboarding Page/Admin_Onboarding_Step4/Textbox_ContactNumber'

2020-02-13 13:41:42 - [TEST_STEP][PASSED] - setText(findTestObject("ADMIN/Admin Onboarding Page/Admin_Onboarding_Step4/Textbox_ContactEmail"), varEmail): Text 'arcadierteam@gmail.com' is set on object 'Object Repository/ADMIN/Admin Onboarding Page/Admin_Onboarding_Step4/Textbox_ContactEmail'

2020-02-13 13:41:43 - [MESSAGE][PASSED] - Text 'arcadierteam@gmail.com' is set on object 'Object Repository/ADMIN/Admin Onboarding Page/Admin_Onboarding_Step4/Textbox_ContactEmail'

2020-02-13 13:41:43 - [TEST_STEP][PASSED] - click(findTestObject("ADMIN/Admin Onboarding Page/Admin_Onboarding_Step4/Button_Next_Step4"), CONTINUE_ON_FAILURE): Object: 'Object Repository/ADMIN/Admin Onboarding Page/Admin_Onboarding_Step4/Button_Next_Step4' is clicked on

2020-02-13 13:41:43 - [MESSAGE][PASSED] - Object: 'Object Repository/ADMIN/Admin Onboarding Page/Admin_Onboarding_Step4/Button_Next_Step4' is clicked on

2020-02-13 13:41:43 - [TEST_STEP][PASSED] - comment("Step 5"): Step 5

2020-02-13 13:41:43 - [MESSAGE][INFO] - Step 5

2020-02-13 13:41:43 - [TEST_STEP][PASSED] - waitForElementVisible(findTestObject("ADMIN/Admin Onboarding Page/Admin_Onboarding_Step5/h1_5. Preview  pick out a mark"), 0): Object 'Object Repository/ADMIN/Admin Onboarding Page/Admin_Onboarding_Step5/h1_5. Preview  pick out a mark' is visible

2020-02-13 13:41:43 - [MESSAGE][WARNING] - Timeout '0' is invalid. Using default page load timeout: '30'

2020-02-13 13:41:45 - [MESSAGE][PASSED] - Object 'Object Repository/ADMIN/Admin Onboarding Page/Admin_Onboarding_Step5/h1_5. Preview  pick out a mark' is visible

2020-02-13 13:41:45 - [TEST_STEP][PASSED] - if (varTemplate == "Bespoke"): null

2020-02-13 13:41:45 - [TEST_STEP][PASSED] - else if (varTemplate == "Space"): Object: 'Object Repository/ADMIN/Admin Onboarding Page/Admin_Onboarding_Step5/Button_Theme2_Select' is clicked on

2020-02-13 13:41:45 - [TEST_STEP][PASSED] - if (varTheme == "Theme 1"): null

2020-02-13 13:41:45 - [TEST_STEP][PASSED] - else if (varTheme == "Theme 2"): Object: 'Object Repository/ADMIN/Admin Onboarding Page/Admin_Onboarding_Step5/Button_Theme2_Select' is clicked on

2020-02-13 13:41:45 - [TEST_STEP][PASSED] - click(findTestObject("ADMIN/Admin Onboarding Page/Admin_Onboarding_Step5/Button_Theme2_Select")): Object: 'Object Repository/ADMIN/Admin Onboarding Page/Admin_Onboarding_Step5/Button_Theme2_Select' is clicked on

2020-02-13 13:41:45 - [MESSAGE][PASSED] - Object: 'Object Repository/ADMIN/Admin Onboarding Page/Admin_Onboarding_Step5/Button_Theme2_Select' is clicked on

2020-02-13 13:41:45 - [TEST_STEP][PASSED] - click(findTestObject("ADMIN/Admin Onboarding Page/Admin_Onboarding_Step5/Button_Next_Step5")): Object: 'Object Repository/ADMIN/Admin Onboarding Page/Admin_Onboarding_Step5/Button_Next_Step5' is clicked on

2020-02-13 13:41:47 - [MESSAGE][PASSED] - Object: 'Object Repository/ADMIN/Admin Onboarding Page/Admin_Onboarding_Step5/Button_Next_Step5' is clicked on

2020-02-13 13:41:47 - [TEST_STEP][PASSED] - comment("Step 6"): Step 6

2020-02-13 13:41:47 - [MESSAGE][INFO] - Step 6

2020-02-13 13:41:47 - [TEST_STEP][PASSED] - waitForElementVisible(findTestObject("ADMIN/Admin Onboarding Page/Admin_Onboarding_Step6/Textlabel_Select your marketplace"), 0): Object 'Object Repository/ADMIN/Admin Onboarding Page/Admin_Onboarding_Step6/Textlabel_Select your marketplace' is visible

2020-02-13 13:41:47 - [MESSAGE][WARNING] - Timeout '0' is invalid. Using default page load timeout: '30'

2020-02-13 13:41:48 - [MESSAGE][PASSED] - Object 'Object Repository/ADMIN/Admin Onboarding Page/Admin_Onboarding_Step6/Textlabel_Select your marketplace' is visible

2020-02-13 13:41:48 - [TEST_STEP][PASSED] - click(findTestObject("ADMIN/Admin Onboarding Page/Admin_Onboarding_Step6/Button_Browse_Step6"), CONTINUE_ON_FAILURE): Object: 'Object Repository/ADMIN/Admin Onboarding Page/Admin_Onboarding_Step6/Button_Browse_Step6' is clicked on

2020-02-13 13:41:48 - [MESSAGE][PASSED] - Object: 'Object Repository/ADMIN/Admin Onboarding Page/Admin_Onboarding_Step6/Button_Browse_Step6' is clicked on

2020-02-13 13:41:48 - [TEST_STEP][PASSED] - delay(2): Delayed 2 second(s)

2020-02-13 13:41:50 - [MESSAGE][PASSED] - Delayed 2 second(s)

2020-02-13 13:41:50 - [TEST_STEP][PASSED] - uploadFile(findTestObject("ADMIN/Admin Onboarding Page/Admin_Onboarding_Step6/Image_Container"), varCoverImage): File 'C:\\Users\\Arcadier\\git\\Arctick\\Images\\LogoLayout\\coverimage3.jpg' sent to object: 'Object Repository/ADMIN/Admin Onboarding Page/Admin_Onboarding_Step6/Image_Container'

2020-02-13 13:41:50 - [MESSAGE][PASSED] - File 'C:\\Users\\Arcadier\\git\\Arctick\\Images\\LogoLayout\\coverimage3.jpg' sent to object: 'Object Repository/ADMIN/Admin Onboarding Page/Admin_Onboarding_Step6/Image_Container'

2020-02-13 13:41:50 - [TEST_STEP][PASSED] - waitForElementVisible(findTestObject("ADMIN/Admin Onboarding Page/Admin_Onboarding_Step6/Image Cropper/div_btn btn-success btn-ok"), 0): Object 'Object Repository/ADMIN/Admin Onboarding Page/Admin_Onboarding_Step6/Image Cropper/div_btn btn-success btn-ok' is visible

2020-02-13 13:41:51 - [MESSAGE][WARNING] - Timeout '0' is invalid. Using default page load timeout: '30'

2020-02-13 13:41:51 - [MESSAGE][PASSED] - Object 'Object Repository/ADMIN/Admin Onboarding Page/Admin_Onboarding_Step6/Image Cropper/div_btn btn-success btn-ok' is visible

2020-02-13 13:41:51 - [TEST_STEP][PASSED] - click(findTestObject("ADMIN/Admin Onboarding Page/Admin_Onboarding_Step6/Image Cropper/div_btn btn-success btn-ok"), CONTINUE_ON_FAILURE): Object: 'Object Repository/ADMIN/Admin Onboarding Page/Admin_Onboarding_Step6/Image Cropper/div_btn btn-success btn-ok' is clicked on

2020-02-13 13:41:51 - [MESSAGE][PASSED] - Object: 'Object Repository/ADMIN/Admin Onboarding Page/Admin_Onboarding_Step6/Image Cropper/div_btn btn-success btn-ok' is clicked on

2020-02-13 13:41:51 - [TEST_STEP][PASSED] - waitForElementVisible(findTestObject("ADMIN/Admin Onboarding Page/Admin_Onboarding_Step6/Image Cropper/a_Save Photo"), 0): Object 'Object Repository/ADMIN/Admin Onboarding Page/Admin_Onboarding_Step6/Image Cropper/a_Save Photo' is visible

2020-02-13 13:41:51 - [MESSAGE][WARNING] - Timeout '0' is invalid. Using default page load timeout: '30'

2020-02-13 13:41:52 - [MESSAGE][PASSED] - Object 'Object Repository/ADMIN/Admin Onboarding Page/Admin_Onboarding_Step6/Image Cropper/a_Save Photo' is visible

2020-02-13 13:41:52 - [TEST_STEP][PASSED] - click(findTestObject("ADMIN/Admin Onboarding Page/Admin_Onboarding_Step6/Image Cropper/a_Save Photo"), CONTINUE_ON_FAILURE): Object: 'Object Repository/ADMIN/Admin Onboarding Page/Admin_Onboarding_Step6/Image Cropper/a_Save Photo' is clicked on

2020-02-13 13:41:53 - [MESSAGE][PASSED] - Object: 'Object Repository/ADMIN/Admin Onboarding Page/Admin_Onboarding_Step6/Image Cropper/a_Save Photo' is clicked on

2020-02-13 13:41:53 - [TEST_STEP][PASSED] - delay(1): Delayed 1 second(s)

2020-02-13 13:41:54 - [MESSAGE][PASSED] - Delayed 1 second(s)

2020-02-13 13:41:54 - [TEST_STEP][PASSED] - click(findTestObject("ADMIN/Admin Onboarding Page/Admin_Onboarding_Step6/Button_Next_Step6"), CONTINUE_ON_FAILURE): Object: 'Object Repository/ADMIN/Admin Onboarding Page/Admin_Onboarding_Step6/Button_Next_Step6' is clicked on

2020-02-13 13:41:54 - [MESSAGE][PASSED] - Object: 'Object Repository/ADMIN/Admin Onboarding Page/Admin_Onboarding_Step6/Button_Next_Step6' is clicked on

2020-02-13 13:41:54 - [TEST_STEP][PASSED] - comment("Step 7 (editable variables)"): Step 7 (editable variables)

2020-02-13 13:41:54 - [MESSAGE][INFO] - Step 7 (editable variables)

2020-02-13 13:41:54 - [TEST_STEP][PASSED] - waitForElementVisible(findTestObject("ADMIN/Admin Onboarding Page/Admin_Onboarding_Step7/Textlabel_7. Now how would you like t"), 0): Object 'Object Repository/ADMIN/Admin Onboarding Page/Admin_Onboarding_Step7/Textlabel_7. Now how would you like t' is visible

2020-02-13 13:41:54 - [MESSAGE][WARNING] - Timeout '0' is invalid. Using default page load timeout: '30'

2020-02-13 13:41:56 - [MESSAGE][PASSED] - Object 'Object Repository/ADMIN/Admin Onboarding Page/Admin_Onboarding_Step7/Textlabel_7. Now how would you like t' is visible

2020-02-13 13:41:56 - [TEST_STEP][PASSED] - selectOptionByLabel(findTestObject("ADMIN/Admin Onboarding Page/Admin_Onboarding_Step7/Dropdown_Currency"), varCurrency, false): All options with label 'SGD' are selected in object 'Object Repository/ADMIN/Admin Onboarding Page/Admin_Onboarding_Step7/Dropdown_Currency' 

2020-02-13 13:41:57 - [MESSAGE][PASSED] - All options with label 'SGD' are selected in object 'Object Repository/ADMIN/Admin Onboarding Page/Admin_Onboarding_Step7/Dropdown_Currency' 

2020-02-13 13:41:57 - [TEST_STEP][PASSED] - setText(findTestObject("ADMIN/Admin Onboarding Page/Admin_Onboarding_Step7/Textbox_TransactionFee"), varAdminFee): Text '100' is set on object 'Object Repository/ADMIN/Admin Onboarding Page/Admin_Onboarding_Step7/Textbox_TransactionFee'

2020-02-13 13:41:57 - [MESSAGE][PASSED] - Text '100' is set on object 'Object Repository/ADMIN/Admin Onboarding Page/Admin_Onboarding_Step7/Textbox_TransactionFee'

2020-02-13 13:41:57 - [TEST_STEP][PASSED] - click(findTestObject("ADMIN/Admin Onboarding Page/Admin_Onboarding_Step7/Button_Next_Step7"), CONTINUE_ON_FAILURE): Object: 'Object Repository/ADMIN/Admin Onboarding Page/Admin_Onboarding_Step7/Button_Next_Step7' is clicked on

2020-02-13 13:41:59 - [MESSAGE][PASSED] - Object: 'Object Repository/ADMIN/Admin Onboarding Page/Admin_Onboarding_Step7/Button_Next_Step7' is clicked on

2020-02-13 13:41:59 - [TEST_STEP][PASSED] - comment("Step 8"): Step 8

2020-02-13 13:41:59 - [MESSAGE][INFO] - Step 8

2020-02-13 13:41:59 - [TEST_STEP][PASSED] - waitForElementVisible(findTestObject("ADMIN/Admin Onboarding Page/Admin_Onboarding_Step8/Textlabel_Review your marketplace pol"), 0): Object 'Object Repository/ADMIN/Admin Onboarding Page/Admin_Onboarding_Step8/Textlabel_Review your marketplace pol' is visible

2020-02-13 13:41:59 - [MESSAGE][WARNING] - Timeout '0' is invalid. Using default page load timeout: '30'

2020-02-13 13:41:59 - [MESSAGE][PASSED] - Object 'Object Repository/ADMIN/Admin Onboarding Page/Admin_Onboarding_Step8/Textlabel_Review your marketplace pol' is visible

2020-02-13 13:41:59 - [TEST_STEP][PASSED] - comment("Checkbox Return Policy"): Checkbox Return Policy

2020-02-13 13:41:59 - [MESSAGE][INFO] - Checkbox Return Policy

2020-02-13 13:41:59 - [TEST_STEP][PASSED] - click(findTestObject("ADMIN/Admin Onboarding Page/Admin_Onboarding_Step8/Checkbox_ReturnPolicy")): Object: 'Object Repository/ADMIN/Admin Onboarding Page/Admin_Onboarding_Step8/Checkbox_ReturnPolicy' is clicked on

2020-02-13 13:42:00 - [MESSAGE][PASSED] - Object: 'Object Repository/ADMIN/Admin Onboarding Page/Admin_Onboarding_Step8/Checkbox_ReturnPolicy' is clicked on

2020-02-13 13:42:00 - [TEST_STEP][PASSED] - comment("Terms and Condition"): Terms and Condition

2020-02-13 13:42:00 - [MESSAGE][INFO] - Terms and Condition

2020-02-13 13:42:00 - [TEST_STEP][PASSED] - click(findTestObject("ADMIN/Admin Onboarding Page/Admin_Onboarding_Step8/Checkbox_IsAgreed")): Object: 'Object Repository/ADMIN/Admin Onboarding Page/Admin_Onboarding_Step8/Checkbox_IsAgreed' is clicked on

2020-02-13 13:42:00 - [MESSAGE][PASSED] - Object: 'Object Repository/ADMIN/Admin Onboarding Page/Admin_Onboarding_Step8/Checkbox_IsAgreed' is clicked on

2020-02-13 13:42:00 - [TEST_STEP][PASSED] - click(findTestObject("ADMIN/Admin Onboarding Page/Admin_Onboarding_Step8/Button_Next_Step8")): Object: 'Object Repository/ADMIN/Admin Onboarding Page/Admin_Onboarding_Step8/Button_Next_Step8' is clicked on

2020-02-13 13:42:04 - [MESSAGE][PASSED] - Object: 'Object Repository/ADMIN/Admin Onboarding Page/Admin_Onboarding_Step8/Button_Next_Step8' is clicked on]]></system-out>
         <system-err><![CDATA[]]></system-err>
      </testcase>
      <testcase name="Test Cases/ADMIN/Onboarding/Complete Onboarding" time="43.359" classname="Test Cases/ADMIN/Onboarding/Complete Onboarding" status="PASSED">
         <system-out><![CDATA[2020-02-13 13:42:05 - [TEST_CASE][PASSED] - Test Cases/ADMIN/Onboarding/Complete Onboarding: Test Cases/ADMIN/Onboarding/Complete Onboarding

2020-02-13 13:42:05 - [TEST_STEP][PASSED] - comment("Create Account"): Create Account

2020-02-13 13:42:05 - [MESSAGE][INFO] - Create Account

2020-02-13 13:42:05 - [TEST_STEP][PASSED] - openBrowser(""): Browser is opened with url: ''

2020-02-13 13:42:05 - [MESSAGE][PASSED] - Browser is opened with url: ''

2020-02-13 13:42:05 - [TEST_STEP][PASSED] - if (varServer == "Test"): null

2020-02-13 13:42:05 - [TEST_STEP][PASSED] - else if (varServer == "Staging"): Navigate to 'https://www.staging.arcadier.io' successfully

2020-02-13 13:42:05 - [TEST_STEP][PASSED] - navigateToUrl("https://www.staging.arcadier.io"): Navigate to 'https://www.staging.arcadier.io' successfully

2020-02-13 13:42:06 - [MESSAGE][PASSED] - Navigate to 'https://www.staging.arcadier.io' successfully

2020-02-13 13:42:06 - [TEST_STEP][PASSED] - maximizeWindow(): Current window maximized

2020-02-13 13:42:06 - [MESSAGE][PASSED] - Current window maximized

2020-02-13 13:42:06 - [TEST_STEP][PASSED] - if (varAccountType == "custom"): Object: 'Object Repository/ADMIN/Admin Onboarding Page/Admin Onboarding CustomAcc/Button_Sign_Up' is clicked on

2020-02-13 13:42:06 - [TEST_STEP][PASSED] - click(findTestObject("ADMIN/Admin Onboarding Page/Create_Account_Page/Button_Create_Account")): Object: 'Object Repository/ADMIN/Admin Onboarding Page/Create_Account_Page/Button_Create_Account' is clicked on

2020-02-13 13:42:07 - [MESSAGE][PASSED] - Object: 'Object Repository/ADMIN/Admin Onboarding Page/Create_Account_Page/Button_Create_Account' is clicked on

2020-02-13 13:42:07 - [TEST_STEP][PASSED] - verifyElementPresent(findTestObject("ADMIN/Admin Onboarding Page/Admin Onboarding CustomAcc/Textbox_Username"), 0): Object 'Object Repository/ADMIN/Admin Onboarding Page/Admin Onboarding CustomAcc/Textbox_Username' is present

2020-02-13 13:42:07 - [MESSAGE][WARNING] - Timeout '0' is invalid. Using default page load timeout: '30'

2020-02-13 13:42:07 - [MESSAGE][PASSED] - Object 'Object Repository/ADMIN/Admin Onboarding Page/Admin Onboarding CustomAcc/Textbox_Username' is present

2020-02-13 13:42:07 - [TEST_STEP][PASSED] - setText(findTestObject("ADMIN/Admin Onboarding Page/Admin Onboarding CustomAcc/Textbox_Username"), varUsername): Text '0213SPACE2' is set on object 'Object Repository/ADMIN/Admin Onboarding Page/Admin Onboarding CustomAcc/Textbox_Username'

2020-02-13 13:42:07 - [MESSAGE][PASSED] - Text '0213SPACE2' is set on object 'Object Repository/ADMIN/Admin Onboarding Page/Admin Onboarding CustomAcc/Textbox_Username'

2020-02-13 13:42:07 - [TEST_STEP][PASSED] - setText(findTestObject("ADMIN/Admin Onboarding Page/Admin Onboarding CustomAcc/Textbox_Password"), "welcome8"): Text 'welcome8' is set on object 'Object Repository/ADMIN/Admin Onboarding Page/Admin Onboarding CustomAcc/Textbox_Password'

2020-02-13 13:42:08 - [MESSAGE][PASSED] - Text 'welcome8' is set on object 'Object Repository/ADMIN/Admin Onboarding Page/Admin Onboarding CustomAcc/Textbox_Password'

2020-02-13 13:42:08 - [TEST_STEP][PASSED] - setText(findTestObject("ADMIN/Admin Onboarding Page/Admin Onboarding CustomAcc/Textbox_Reconfirm_Password"), "welcome8"): Text 'welcome8' is set on object 'Object Repository/ADMIN/Admin Onboarding Page/Admin Onboarding CustomAcc/Textbox_Reconfirm_Password'

2020-02-13 13:42:08 - [MESSAGE][PASSED] - Text 'welcome8' is set on object 'Object Repository/ADMIN/Admin Onboarding Page/Admin Onboarding CustomAcc/Textbox_Reconfirm_Password'

2020-02-13 13:42:08 - [TEST_STEP][PASSED] - click(findTestObject("ADMIN/Admin Onboarding Page/Admin Onboarding CustomAcc/Button_Sign_Up")): Object: 'Object Repository/ADMIN/Admin Onboarding Page/Admin Onboarding CustomAcc/Button_Sign_Up' is clicked on

2020-02-13 13:42:10 - [MESSAGE][PASSED] - Object: 'Object Repository/ADMIN/Admin Onboarding Page/Admin Onboarding CustomAcc/Button_Sign_Up' is clicked on

2020-02-13 13:42:10 - [TEST_STEP][PASSED] - comment("Step 1"): Step 1

2020-02-13 13:42:10 - [MESSAGE][INFO] - Step 1

2020-02-13 13:42:10 - [TEST_STEP][PASSED] - selectOptionByLabel(findTestObject("ADMIN/Admin Onboarding Page/Admin_Onboarding_Step1/1stDropdown_Please select one...Im"), "I’m managing them offline", false): All options with label 'I’m managing them offline' are selected in object 'Object Repository/ADMIN/Admin Onboarding Page/Admin_Onboarding_Step1/1stDropdown_Please select one...Im' 

2020-02-13 13:42:11 - [MESSAGE][PASSED] - All options with label 'I’m managing them offline' are selected in object 'Object Repository/ADMIN/Admin Onboarding Page/Admin_Onboarding_Step1/1stDropdown_Please select one...Im' 

2020-02-13 13:42:11 - [TEST_STEP][PASSED] - selectOptionByLabel(findTestObject("ADMIN/Admin Onboarding Page/Admin_Onboarding_Step1/2ndDropdown_Please select one...Don"), "Something else!", false): All options with label 'Something else!' are selected in object 'Object Repository/ADMIN/Admin Onboarding Page/Admin_Onboarding_Step1/2ndDropdown_Please select one...Don' 

2020-02-13 13:42:12 - [MESSAGE][PASSED] - All options with label 'Something else!' are selected in object 'Object Repository/ADMIN/Admin Onboarding Page/Admin_Onboarding_Step1/2ndDropdown_Please select one...Don' 

2020-02-13 13:42:12 - [TEST_STEP][PASSED] - setText(findTestObject("ADMIN/Admin Onboarding Page/Admin_Onboarding_Step1/2nddropdown_textbox_OtherMarketplaceType"), "Marketplace"): Text 'Marketplace' is set on object 'Object Repository/ADMIN/Admin Onboarding Page/Admin_Onboarding_Step1/2nddropdown_textbox_OtherMarketplaceType'

2020-02-13 13:42:13 - [MESSAGE][PASSED] - Text 'Marketplace' is set on object 'Object Repository/ADMIN/Admin Onboarding Page/Admin_Onboarding_Step1/2nddropdown_textbox_OtherMarketplaceType'

2020-02-13 13:42:13 - [TEST_STEP][PASSED] - selectOptionByLabel(findTestObject("ADMIN/Admin Onboarding Page/Admin_Onboarding_Step1/3rdDropdown_Im an individualIm work"), "Someone else!", false): All options with label 'Someone else!' are selected in object 'Object Repository/ADMIN/Admin Onboarding Page/Admin_Onboarding_Step1/3rdDropdown_Im an individualIm work' 

2020-02-13 13:42:13 - [MESSAGE][PASSED] - All options with label 'Someone else!' are selected in object 'Object Repository/ADMIN/Admin Onboarding Page/Admin_Onboarding_Step1/3rdDropdown_Im an individualIm work' 

2020-02-13 13:42:13 - [TEST_STEP][PASSED] - setText(findTestObject("ADMIN/Admin Onboarding Page/Admin_Onboarding_Step1/3rddropdown_textbox_OtherEntityType"), "Business Man"): Text 'Business Man' is set on object 'Object Repository/ADMIN/Admin Onboarding Page/Admin_Onboarding_Step1/3rddropdown_textbox_OtherEntityType'

2020-02-13 13:42:14 - [MESSAGE][PASSED] - Text 'Business Man' is set on object 'Object Repository/ADMIN/Admin Onboarding Page/Admin_Onboarding_Step1/3rddropdown_textbox_OtherEntityType'

2020-02-13 13:42:14 - [TEST_STEP][PASSED] - setText(findTestObject("ADMIN/Admin Onboarding Page/Admin_Onboarding_Step1/3rddropdown_textbox_OtherEntityType"), "Business Man"): Text 'Business Man' is set on object 'Object Repository/ADMIN/Admin Onboarding Page/Admin_Onboarding_Step1/3rddropdown_textbox_OtherEntityType'

2020-02-13 13:42:14 - [MESSAGE][PASSED] - Text 'Business Man' is set on object 'Object Repository/ADMIN/Admin Onboarding Page/Admin_Onboarding_Step1/3rddropdown_textbox_OtherEntityType'

2020-02-13 13:42:14 - [TEST_STEP][PASSED] - click(findTestObject("ADMIN/Admin Onboarding Page/Admin_Onboarding_Step1/Button_NEXT_Step1")): Object: 'Object Repository/ADMIN/Admin Onboarding Page/Admin_Onboarding_Step1/Button_NEXT_Step1' is clicked on

2020-02-13 13:42:16 - [MESSAGE][PASSED] - Object: 'Object Repository/ADMIN/Admin Onboarding Page/Admin_Onboarding_Step1/Button_NEXT_Step1' is clicked on

2020-02-13 13:42:16 - [TEST_STEP][PASSED] - comment("Step 2"): Step 2

2020-02-13 13:42:16 - [MESSAGE][INFO] - Step 2

2020-02-13 13:42:16 - [TEST_STEP][PASSED] - waitForElementVisible(findTestObject("ADMIN/Admin Onboarding Page/Admin_Onboarding_Step2/Textlabel_We will like to know mor"), 0): Object 'Object Repository/ADMIN/Admin Onboarding Page/Admin_Onboarding_Step2/Textlabel_We will like to know mor' is visible

2020-02-13 13:42:16 - [MESSAGE][WARNING] - Timeout '0' is invalid. Using default page load timeout: '30'

2020-02-13 13:42:16 - [MESSAGE][PASSED] - Object 'Object Repository/ADMIN/Admin Onboarding Page/Admin_Onboarding_Step2/Textlabel_We will like to know mor' is visible

2020-02-13 13:42:16 - [TEST_STEP][PASSED] - setText(findTestObject("ADMIN/Admin Onboarding Page/Admin_Onboarding_Step2/Textbox_FirstName"), varFName): Text '0213SPACE2' is set on object 'Object Repository/ADMIN/Admin Onboarding Page/Admin_Onboarding_Step2/Textbox_FirstName'

2020-02-13 13:42:16 - [MESSAGE][PASSED] - Text '0213SPACE2' is set on object 'Object Repository/ADMIN/Admin Onboarding Page/Admin_Onboarding_Step2/Textbox_FirstName'

2020-02-13 13:42:16 - [TEST_STEP][PASSED] - setText(findTestObject("ADMIN/Admin Onboarding Page/Admin_Onboarding_Step2/Textbox_LastName"), varLName): Text 'Marketplace' is set on object 'Object Repository/ADMIN/Admin Onboarding Page/Admin_Onboarding_Step2/Textbox_LastName'

2020-02-13 13:42:17 - [MESSAGE][PASSED] - Text 'Marketplace' is set on object 'Object Repository/ADMIN/Admin Onboarding Page/Admin_Onboarding_Step2/Textbox_LastName'

2020-02-13 13:42:17 - [TEST_STEP][PASSED] - setText(findTestObject("ADMIN/Admin Onboarding Page/Admin_Onboarding_Step2/Textbox_Email"), varEmail): Text 'arcadierteam@gmail.com' is set on object 'Object Repository/ADMIN/Admin Onboarding Page/Admin_Onboarding_Step2/Textbox_Email'

2020-02-13 13:42:18 - [MESSAGE][PASSED] - Text 'arcadierteam@gmail.com' is set on object 'Object Repository/ADMIN/Admin Onboarding Page/Admin_Onboarding_Step2/Textbox_Email'

2020-02-13 13:42:18 - [TEST_STEP][PASSED] - delay(1): Delayed 1 second(s)

2020-02-13 13:42:19 - [MESSAGE][PASSED] - Delayed 1 second(s)

2020-02-13 13:42:19 - [TEST_STEP][PASSED] - selectOptionByLabel(findTestObject("ADMIN/Admin Onboarding Page/Admin_Onboarding_Step2/Country_Dropdown"), varCountry, false): All options with label 'Italy' are selected in object 'Object Repository/ADMIN/Admin Onboarding Page/Admin_Onboarding_Step2/Country_Dropdown' 

2020-02-13 13:42:19 - [MESSAGE][PASSED] - All options with label 'Italy' are selected in object 'Object Repository/ADMIN/Admin Onboarding Page/Admin_Onboarding_Step2/Country_Dropdown' 

2020-02-13 13:42:19 - [TEST_STEP][PASSED] - setText(findTestObject("ADMIN/Admin Onboarding Page/Admin_Onboarding_Step2/Address_Line1"), varAddress1): Text 'Strada Statale 130' is set on object 'Object Repository/ADMIN/Admin Onboarding Page/Admin_Onboarding_Step2/Address_Line1'

2020-02-13 13:42:20 - [MESSAGE][PASSED] - Text 'Strada Statale 130' is set on object 'Object Repository/ADMIN/Admin Onboarding Page/Admin_Onboarding_Step2/Address_Line1'

2020-02-13 13:42:20 - [TEST_STEP][PASSED] - setText(findTestObject("ADMIN/Admin Onboarding Page/Admin_Onboarding_Step2/Address_Line2"), varAddress2): Text 'Dorzano, Biella 13881' is set on object 'Object Repository/ADMIN/Admin Onboarding Page/Admin_Onboarding_Step2/Address_Line2'

2020-02-13 13:42:20 - [MESSAGE][PASSED] - Text 'Dorzano, Biella 13881' is set on object 'Object Repository/ADMIN/Admin Onboarding Page/Admin_Onboarding_Step2/Address_Line2'

2020-02-13 13:42:20 - [TEST_STEP][PASSED] - setText(findTestObject("ADMIN/Admin Onboarding Page/Admin_Onboarding_Step2/Textbox_PhoneNumber"), varContactNumber): Text '+631234567890' is set on object 'Object Repository/ADMIN/Admin Onboarding Page/Admin_Onboarding_Step2/Textbox_PhoneNumber'

2020-02-13 13:42:21 - [MESSAGE][PASSED] - Text '+631234567890' is set on object 'Object Repository/ADMIN/Admin Onboarding Page/Admin_Onboarding_Step2/Textbox_PhoneNumber'

2020-02-13 13:42:21 - [TEST_STEP][PASSED] - click(findTestObject("ADMIN/Admin Onboarding Page/Admin_Onboarding_Step2/Button_Next_Step2"), CONTINUE_ON_FAILURE): Object: 'Object Repository/ADMIN/Admin Onboarding Page/Admin_Onboarding_Step2/Button_Next_Step2' is clicked on

2020-02-13 13:42:22 - [MESSAGE][PASSED] - Object: 'Object Repository/ADMIN/Admin Onboarding Page/Admin_Onboarding_Step2/Button_Next_Step2' is clicked on

2020-02-13 13:42:22 - [TEST_STEP][PASSED] - comment("Step 3"): Step 3

2020-02-13 13:42:22 - [MESSAGE][INFO] - Step 3

2020-02-13 13:42:22 - [TEST_STEP][PASSED] - waitForElementVisible(findTestObject("ADMIN/Admin Onboarding Page/Admin_Onboarding_Step3/TextLabel_What type of marketplace"), 0): Object 'Object Repository/ADMIN/Admin Onboarding Page/Admin_Onboarding_Step3/TextLabel_What type of marketplace' is visible

2020-02-13 13:42:22 - [MESSAGE][WARNING] - Timeout '0' is invalid. Using default page load timeout: '30'

2020-02-13 13:42:23 - [MESSAGE][PASSED] - Object 'Object Repository/ADMIN/Admin Onboarding Page/Admin_Onboarding_Step3/TextLabel_What type of marketplace' is visible

2020-02-13 13:42:23 - [TEST_STEP][PASSED] - delay(1): Delayed 1 second(s)

2020-02-13 13:42:24 - [MESSAGE][PASSED] - Delayed 1 second(s)

2020-02-13 13:42:24 - [TEST_STEP][PASSED] - if (varTemplate == "Bespoke"): null

2020-02-13 13:42:24 - [TEST_STEP][PASSED] - else if (varTemplate == "ServiceBookings(TIME)"): null

2020-02-13 13:42:24 - [TEST_STEP][PASSED] - else if (varTemplate == "RentalGoods(TIME)"): null

2020-02-13 13:42:24 - [TEST_STEP][PASSED] - else if (varTemplate == "Space"): Object: 'Object Repository/ADMIN/Admin Onboarding Page/Admin_Onboarding_Step3/Select/a_Select_Space Rental' is clicked on

2020-02-13 13:42:24 - [TEST_STEP][PASSED] - mouseOver(findTestObject("ADMIN/Admin Onboarding Page/Admin_Onboarding_Step3/Preview/div_ Preview Select Space Rent")): Object: 'Object Repository/ADMIN/Admin Onboarding Page/Admin_Onboarding_Step3/Preview/div_ Preview Select Space Rent' is hovered

2020-02-13 13:42:24 - [MESSAGE][PASSED] - Object: 'Object Repository/ADMIN/Admin Onboarding Page/Admin_Onboarding_Step3/Preview/div_ Preview Select Space Rent' is hovered

2020-02-13 13:42:24 - [TEST_STEP][PASSED] - delay(1): Delayed 1 second(s)

2020-02-13 13:42:25 - [MESSAGE][PASSED] - Delayed 1 second(s)

2020-02-13 13:42:25 - [TEST_STEP][PASSED] - click(findTestObject("ADMIN/Admin Onboarding Page/Admin_Onboarding_Step3/Select/a_Select_Space Rental")): Object: 'Object Repository/ADMIN/Admin Onboarding Page/Admin_Onboarding_Step3/Select/a_Select_Space Rental' is clicked on

2020-02-13 13:42:26 - [MESSAGE][PASSED] - Object: 'Object Repository/ADMIN/Admin Onboarding Page/Admin_Onboarding_Step3/Select/a_Select_Space Rental' is clicked on

2020-02-13 13:42:26 - [TEST_STEP][PASSED] - comment("Step 4"): Step 4

2020-02-13 13:42:26 - [MESSAGE][INFO] - Step 4

2020-02-13 13:42:26 - [TEST_STEP][PASSED] - uploadFile(findTestObject("ADMIN/Admin Onboarding Page/Admin_Onboarding_Step4/Button_Browse_Step4"), varLogo): File 'C:\\Users\\Arcadier\\git\\Arctick\\Images\\LogoLayout\\logo2.jpg' sent to object: 'Object Repository/ADMIN/Admin Onboarding Page/Admin_Onboarding_Step4/Button_Browse_Step4'

2020-02-13 13:42:27 - [MESSAGE][PASSED] - File 'C:\\Users\\Arcadier\\git\\Arctick\\Images\\LogoLayout\\logo2.jpg' sent to object: 'Object Repository/ADMIN/Admin Onboarding Page/Admin_Onboarding_Step4/Button_Browse_Step4'

2020-02-13 13:42:27 - [TEST_STEP][PASSED] - setText(findTestObject("ADMIN/Admin Onboarding Page/Admin_Onboarding_Step4/Textbox_Marketplace_Name"), varUsername): Text '0213SPACE2' is set on object 'Object Repository/ADMIN/Admin Onboarding Page/Admin_Onboarding_Step4/Textbox_Marketplace_Name'

2020-02-13 13:42:28 - [MESSAGE][PASSED] - Text '0213SPACE2' is set on object 'Object Repository/ADMIN/Admin Onboarding Page/Admin_Onboarding_Step4/Textbox_Marketplace_Name'

2020-02-13 13:42:28 - [TEST_STEP][PASSED] - setText(findTestObject("ADMIN/Admin Onboarding Page/Admin_Onboarding_Step4/Textbox_Slogan"), varTheme): Text 'Theme 2' is set on object 'Object Repository/ADMIN/Admin Onboarding Page/Admin_Onboarding_Step4/Textbox_Slogan'

2020-02-13 13:42:28 - [MESSAGE][PASSED] - Text 'Theme 2' is set on object 'Object Repository/ADMIN/Admin Onboarding Page/Admin_Onboarding_Step4/Textbox_Slogan'

2020-02-13 13:42:28 - [TEST_STEP][PASSED] - setText(findTestObject("ADMIN/Admin Onboarding Page/Admin_Onboarding_Step4/Textbox_ContactNumber"), varContactNumber): Text '+631234567890' is set on object 'Object Repository/ADMIN/Admin Onboarding Page/Admin_Onboarding_Step4/Textbox_ContactNumber'

2020-02-13 13:42:29 - [MESSAGE][PASSED] - Text '+631234567890' is set on object 'Object Repository/ADMIN/Admin Onboarding Page/Admin_Onboarding_Step4/Textbox_ContactNumber'

2020-02-13 13:42:29 - [TEST_STEP][PASSED] - setText(findTestObject("ADMIN/Admin Onboarding Page/Admin_Onboarding_Step4/Textbox_ContactEmail"), varEmail): Text 'arcadierteam@gmail.com' is set on object 'Object Repository/ADMIN/Admin Onboarding Page/Admin_Onboarding_Step4/Textbox_ContactEmail'

2020-02-13 13:42:29 - [MESSAGE][PASSED] - Text 'arcadierteam@gmail.com' is set on object 'Object Repository/ADMIN/Admin Onboarding Page/Admin_Onboarding_Step4/Textbox_ContactEmail'

2020-02-13 13:42:29 - [TEST_STEP][PASSED] - click(findTestObject("ADMIN/Admin Onboarding Page/Admin_Onboarding_Step4/Button_Next_Step4"), CONTINUE_ON_FAILURE): Object: 'Object Repository/ADMIN/Admin Onboarding Page/Admin_Onboarding_Step4/Button_Next_Step4' is clicked on

2020-02-13 13:42:30 - [MESSAGE][PASSED] - Object: 'Object Repository/ADMIN/Admin Onboarding Page/Admin_Onboarding_Step4/Button_Next_Step4' is clicked on

2020-02-13 13:42:30 - [TEST_STEP][PASSED] - comment("Step 5"): Step 5

2020-02-13 13:42:30 - [MESSAGE][INFO] - Step 5

2020-02-13 13:42:30 - [TEST_STEP][PASSED] - waitForElementVisible(findTestObject("ADMIN/Admin Onboarding Page/Admin_Onboarding_Step5/h1_5. Preview  pick out a mark"), 0): Object 'Object Repository/ADMIN/Admin Onboarding Page/Admin_Onboarding_Step5/h1_5. Preview  pick out a mark' is visible

2020-02-13 13:42:30 - [MESSAGE][WARNING] - Timeout '0' is invalid. Using default page load timeout: '30'

2020-02-13 13:42:31 - [MESSAGE][PASSED] - Object 'Object Repository/ADMIN/Admin Onboarding Page/Admin_Onboarding_Step5/h1_5. Preview  pick out a mark' is visible

2020-02-13 13:42:31 - [TEST_STEP][PASSED] - if (varTemplate == "Bespoke"): null

2020-02-13 13:42:31 - [TEST_STEP][PASSED] - else if (varTemplate == "Space"): Object: 'Object Repository/ADMIN/Admin Onboarding Page/Admin_Onboarding_Step5/Button_Theme2_Select' is clicked on

2020-02-13 13:42:31 - [TEST_STEP][PASSED] - if (varTheme == "Theme 1"): null

2020-02-13 13:42:31 - [TEST_STEP][PASSED] - else if (varTheme == "Theme 2"): Object: 'Object Repository/ADMIN/Admin Onboarding Page/Admin_Onboarding_Step5/Button_Theme2_Select' is clicked on

2020-02-13 13:42:31 - [TEST_STEP][PASSED] - click(findTestObject("ADMIN/Admin Onboarding Page/Admin_Onboarding_Step5/Button_Theme2_Select")): Object: 'Object Repository/ADMIN/Admin Onboarding Page/Admin_Onboarding_Step5/Button_Theme2_Select' is clicked on

2020-02-13 13:42:31 - [MESSAGE][PASSED] - Object: 'Object Repository/ADMIN/Admin Onboarding Page/Admin_Onboarding_Step5/Button_Theme2_Select' is clicked on

2020-02-13 13:42:31 - [TEST_STEP][PASSED] - click(findTestObject("ADMIN/Admin Onboarding Page/Admin_Onboarding_Step5/Button_Next_Step5")): Object: 'Object Repository/ADMIN/Admin Onboarding Page/Admin_Onboarding_Step5/Button_Next_Step5' is clicked on

2020-02-13 13:42:33 - [MESSAGE][PASSED] - Object: 'Object Repository/ADMIN/Admin Onboarding Page/Admin_Onboarding_Step5/Button_Next_Step5' is clicked on

2020-02-13 13:42:33 - [TEST_STEP][PASSED] - comment("Step 6"): Step 6

2020-02-13 13:42:33 - [MESSAGE][INFO] - Step 6

2020-02-13 13:42:33 - [TEST_STEP][PASSED] - waitForElementVisible(findTestObject("ADMIN/Admin Onboarding Page/Admin_Onboarding_Step6/Textlabel_Select your marketplace"), 0): Object 'Object Repository/ADMIN/Admin Onboarding Page/Admin_Onboarding_Step6/Textlabel_Select your marketplace' is visible

2020-02-13 13:42:33 - [MESSAGE][WARNING] - Timeout '0' is invalid. Using default page load timeout: '30'

2020-02-13 13:42:33 - [MESSAGE][PASSED] - Object 'Object Repository/ADMIN/Admin Onboarding Page/Admin_Onboarding_Step6/Textlabel_Select your marketplace' is visible

2020-02-13 13:42:33 - [TEST_STEP][PASSED] - click(findTestObject("ADMIN/Admin Onboarding Page/Admin_Onboarding_Step6/Button_Browse_Step6"), CONTINUE_ON_FAILURE): Object: 'Object Repository/ADMIN/Admin Onboarding Page/Admin_Onboarding_Step6/Button_Browse_Step6' is clicked on

2020-02-13 13:42:34 - [MESSAGE][PASSED] - Object: 'Object Repository/ADMIN/Admin Onboarding Page/Admin_Onboarding_Step6/Button_Browse_Step6' is clicked on

2020-02-13 13:42:34 - [TEST_STEP][PASSED] - delay(2): Delayed 2 second(s)

2020-02-13 13:42:36 - [MESSAGE][PASSED] - Delayed 2 second(s)

2020-02-13 13:42:36 - [TEST_STEP][PASSED] - uploadFile(findTestObject("ADMIN/Admin Onboarding Page/Admin_Onboarding_Step6/Image_Container"), varCoverImage): File 'C:\\Users\\Arcadier\\git\\Arctick\\Images\\LogoLayout\\coverimage3.jpg' sent to object: 'Object Repository/ADMIN/Admin Onboarding Page/Admin_Onboarding_Step6/Image_Container'

2020-02-13 13:42:36 - [MESSAGE][PASSED] - File 'C:\\Users\\Arcadier\\git\\Arctick\\Images\\LogoLayout\\coverimage3.jpg' sent to object: 'Object Repository/ADMIN/Admin Onboarding Page/Admin_Onboarding_Step6/Image_Container'

2020-02-13 13:42:36 - [TEST_STEP][PASSED] - waitForElementVisible(findTestObject("ADMIN/Admin Onboarding Page/Admin_Onboarding_Step6/Image Cropper/div_btn btn-success btn-ok"), 0): Object 'Object Repository/ADMIN/Admin Onboarding Page/Admin_Onboarding_Step6/Image Cropper/div_btn btn-success btn-ok' is visible

2020-02-13 13:42:36 - [MESSAGE][WARNING] - Timeout '0' is invalid. Using default page load timeout: '30'

2020-02-13 13:42:37 - [MESSAGE][PASSED] - Object 'Object Repository/ADMIN/Admin Onboarding Page/Admin_Onboarding_Step6/Image Cropper/div_btn btn-success btn-ok' is visible

2020-02-13 13:42:37 - [TEST_STEP][PASSED] - click(findTestObject("ADMIN/Admin Onboarding Page/Admin_Onboarding_Step6/Image Cropper/div_btn btn-success btn-ok"), CONTINUE_ON_FAILURE): Object: 'Object Repository/ADMIN/Admin Onboarding Page/Admin_Onboarding_Step6/Image Cropper/div_btn btn-success btn-ok' is clicked on

2020-02-13 13:42:37 - [MESSAGE][PASSED] - Object: 'Object Repository/ADMIN/Admin Onboarding Page/Admin_Onboarding_Step6/Image Cropper/div_btn btn-success btn-ok' is clicked on

2020-02-13 13:42:37 - [TEST_STEP][PASSED] - waitForElementVisible(findTestObject("ADMIN/Admin Onboarding Page/Admin_Onboarding_Step6/Image Cropper/a_Save Photo"), 0): Object 'Object Repository/ADMIN/Admin Onboarding Page/Admin_Onboarding_Step6/Image Cropper/a_Save Photo' is visible

2020-02-13 13:42:37 - [MESSAGE][WARNING] - Timeout '0' is invalid. Using default page load timeout: '30'

2020-02-13 13:42:38 - [MESSAGE][PASSED] - Object 'Object Repository/ADMIN/Admin Onboarding Page/Admin_Onboarding_Step6/Image Cropper/a_Save Photo' is visible

2020-02-13 13:42:38 - [TEST_STEP][PASSED] - click(findTestObject("ADMIN/Admin Onboarding Page/Admin_Onboarding_Step6/Image Cropper/a_Save Photo"), CONTINUE_ON_FAILURE): Object: 'Object Repository/ADMIN/Admin Onboarding Page/Admin_Onboarding_Step6/Image Cropper/a_Save Photo' is clicked on

2020-02-13 13:42:38 - [MESSAGE][PASSED] - Object: 'Object Repository/ADMIN/Admin Onboarding Page/Admin_Onboarding_Step6/Image Cropper/a_Save Photo' is clicked on

2020-02-13 13:42:38 - [TEST_STEP][PASSED] - delay(1): Delayed 1 second(s)

2020-02-13 13:42:39 - [MESSAGE][PASSED] - Delayed 1 second(s)

2020-02-13 13:42:39 - [TEST_STEP][PASSED] - click(findTestObject("ADMIN/Admin Onboarding Page/Admin_Onboarding_Step6/Button_Next_Step6"), CONTINUE_ON_FAILURE): Object: 'Object Repository/ADMIN/Admin Onboarding Page/Admin_Onboarding_Step6/Button_Next_Step6' is clicked on

2020-02-13 13:42:40 - [MESSAGE][PASSED] - Object: 'Object Repository/ADMIN/Admin Onboarding Page/Admin_Onboarding_Step6/Button_Next_Step6' is clicked on

2020-02-13 13:42:40 - [TEST_STEP][PASSED] - comment("Step 7 (editable variables)"): Step 7 (editable variables)

2020-02-13 13:42:40 - [MESSAGE][INFO] - Step 7 (editable variables)

2020-02-13 13:42:40 - [TEST_STEP][PASSED] - waitForElementVisible(findTestObject("ADMIN/Admin Onboarding Page/Admin_Onboarding_Step7/Textlabel_7. Now how would you like t"), 0): Object 'Object Repository/ADMIN/Admin Onboarding Page/Admin_Onboarding_Step7/Textlabel_7. Now how would you like t' is visible

2020-02-13 13:42:40 - [MESSAGE][WARNING] - Timeout '0' is invalid. Using default page load timeout: '30'

2020-02-13 13:42:41 - [MESSAGE][PASSED] - Object 'Object Repository/ADMIN/Admin Onboarding Page/Admin_Onboarding_Step7/Textlabel_7. Now how would you like t' is visible

2020-02-13 13:42:41 - [TEST_STEP][PASSED] - selectOptionByLabel(findTestObject("ADMIN/Admin Onboarding Page/Admin_Onboarding_Step7/Dropdown_Currency"), varCurrency, false): All options with label 'SGD' are selected in object 'Object Repository/ADMIN/Admin Onboarding Page/Admin_Onboarding_Step7/Dropdown_Currency' 

2020-02-13 13:42:42 - [MESSAGE][PASSED] - All options with label 'SGD' are selected in object 'Object Repository/ADMIN/Admin Onboarding Page/Admin_Onboarding_Step7/Dropdown_Currency' 

2020-02-13 13:42:42 - [TEST_STEP][PASSED] - setText(findTestObject("ADMIN/Admin Onboarding Page/Admin_Onboarding_Step7/Textbox_TransactionFee"), varAdminFee): Text '0' is set on object 'Object Repository/ADMIN/Admin Onboarding Page/Admin_Onboarding_Step7/Textbox_TransactionFee'

2020-02-13 13:42:43 - [MESSAGE][PASSED] - Text '0' is set on object 'Object Repository/ADMIN/Admin Onboarding Page/Admin_Onboarding_Step7/Textbox_TransactionFee'

2020-02-13 13:42:43 - [TEST_STEP][PASSED] - click(findTestObject("ADMIN/Admin Onboarding Page/Admin_Onboarding_Step7/Button_Next_Step7"), CONTINUE_ON_FAILURE): Object: 'Object Repository/ADMIN/Admin Onboarding Page/Admin_Onboarding_Step7/Button_Next_Step7' is clicked on

2020-02-13 13:42:44 - [MESSAGE][PASSED] - Object: 'Object Repository/ADMIN/Admin Onboarding Page/Admin_Onboarding_Step7/Button_Next_Step7' is clicked on

2020-02-13 13:42:44 - [TEST_STEP][PASSED] - comment("Step 8"): Step 8

2020-02-13 13:42:44 - [MESSAGE][INFO] - Step 8

2020-02-13 13:42:44 - [TEST_STEP][PASSED] - waitForElementVisible(findTestObject("ADMIN/Admin Onboarding Page/Admin_Onboarding_Step8/Textlabel_Review your marketplace pol"), 0): Object 'Object Repository/ADMIN/Admin Onboarding Page/Admin_Onboarding_Step8/Textlabel_Review your marketplace pol' is visible

2020-02-13 13:42:44 - [MESSAGE][WARNING] - Timeout '0' is invalid. Using default page load timeout: '30'

2020-02-13 13:42:45 - [MESSAGE][PASSED] - Object 'Object Repository/ADMIN/Admin Onboarding Page/Admin_Onboarding_Step8/Textlabel_Review your marketplace pol' is visible

2020-02-13 13:42:45 - [TEST_STEP][PASSED] - comment("Checkbox Return Policy"): Checkbox Return Policy

2020-02-13 13:42:45 - [MESSAGE][INFO] - Checkbox Return Policy

2020-02-13 13:42:45 - [TEST_STEP][PASSED] - click(findTestObject("ADMIN/Admin Onboarding Page/Admin_Onboarding_Step8/Checkbox_ReturnPolicy")): Object: 'Object Repository/ADMIN/Admin Onboarding Page/Admin_Onboarding_Step8/Checkbox_ReturnPolicy' is clicked on

2020-02-13 13:42:45 - [MESSAGE][PASSED] - Object: 'Object Repository/ADMIN/Admin Onboarding Page/Admin_Onboarding_Step8/Checkbox_ReturnPolicy' is clicked on

2020-02-13 13:42:45 - [TEST_STEP][PASSED] - comment("Terms and Condition"): Terms and Condition

2020-02-13 13:42:45 - [MESSAGE][INFO] - Terms and Condition

2020-02-13 13:42:45 - [TEST_STEP][PASSED] - click(findTestObject("ADMIN/Admin Onboarding Page/Admin_Onboarding_Step8/Checkbox_IsAgreed")): Object: 'Object Repository/ADMIN/Admin Onboarding Page/Admin_Onboarding_Step8/Checkbox_IsAgreed' is clicked on

2020-02-13 13:42:46 - [MESSAGE][PASSED] - Object: 'Object Repository/ADMIN/Admin Onboarding Page/Admin_Onboarding_Step8/Checkbox_IsAgreed' is clicked on

2020-02-13 13:42:46 - [TEST_STEP][PASSED] - click(findTestObject("ADMIN/Admin Onboarding Page/Admin_Onboarding_Step8/Button_Next_Step8")): Object: 'Object Repository/ADMIN/Admin Onboarding Page/Admin_Onboarding_Step8/Button_Next_Step8' is clicked on

2020-02-13 13:42:48 - [MESSAGE][PASSED] - Object: 'Object Repository/ADMIN/Admin Onboarding Page/Admin_Onboarding_Step8/Button_Next_Step8' is clicked on]]></system-out>
         <system-err><![CDATA[]]></system-err>
      </testcase>
      <system-out><![CDATA[2020-02-13 13:41:10 - [TEST_SUITE][PASSED] - Admin Onboarding Data Driven: Test Cases/ADMIN/Onboarding/Complete Onboarding]]></system-out>
      <system-err><![CDATA[]]></system-err>
   </testsuite>
</testsuites>
