<?xml version="1.0" encoding="UTF-8"?>
<testsuites name="Bespoke Admin Pages" time="134.639" tests="17" failures="0" errors="0">
   <testsuite name="Bespoke Admin Pages" tests="17" failures="0" errors="0" time="134.639" timestamp="2020-03-20 12:26:48" hostname="ARCADIER03 - 192.168.254.105" id="Test Suites/Admin/Language/Edit Text/Bespoke/Admin Pages/Bespoke Admin Pages">
      <properties>
         <property name="deviceName" value=""/>
         <property name="devicePlatform" value=""/>
         <property name="logFolder" value="C:\\Katalon\\Arctick\\Reports\\20200320_122645\\Admin\\Language\\Edit Text\\Bespoke\\Admin Pages\\Bespoke Admin Pages\\20200320_122645"/>
         <property name="logFiles" value="C:\\Katalon\\Arctick\\Reports\\20200320_122645\\Admin\\Language\\Edit Text\\Bespoke\\Admin Pages\\Bespoke Admin Pages\\20200320_122645\\execution0.log"/>
         <property name="attachments" value=""/>
         <property name="hostName" value="ARCADIER03 - 192.168.254.105"/>
         <property name="os" value="Windows 7 64bit"/>
         <property name="katalonVersion" value="7.2.6.1"/>
         <property name="browser" value="Chrome 80.0.3987.149"/>
         <property name="hostAddress" value="192.168.254.105"/>
         <property name="sessionId" value="36d01542543bc6b7e6541b3e6dcbd8a9"/>
         <property name="seleniumVersion" value="3.141.59"/>
         <property name="proxyInformation" value="ProxyInformation{proxyOption=NO_PROXY, proxyServerType=HTTP, password=, proxyServerAddress=, proxyServerPort=0, executionList=}"/>
         <property name="platform" value="Windows 7"/>
      </properties>
      <testcase name="Test Cases/ADMIN/Language/Edit Text/Bespoke/Admin Pages/Header_Footer Navigation" time="8.184" classname="Test Cases/ADMIN/Language/Edit Text/Bespoke/Admin Pages/Header_Footer Navigation" status="PASSED">
         <system-out><![CDATA[2020-03-20 12:26:48 - [TEST_CASE][PASSED] - Test Cases/ADMIN/Language/Edit Text/Bespoke/Admin Pages/Header_Footer Navigation: Test Cases/ADMIN/Language/Edit Text/Bespoke/Admin Pages/Header_Footer Navigation

2020-03-20 12:26:49 - [TEST_STEP][PASSED] - waitForElementVisible(findTestObject("ADMIN/Language/sidemenu_Language"), 0): Object 'Object Repository/ADMIN/Language/sidemenu_Language' is visible

2020-03-20 12:26:49 - [MESSAGE][WARNING] - Timeout '0' is invalid. Using default page load timeout: '30'

2020-03-20 12:26:50 - [MESSAGE][PASSED] - Object 'Object Repository/ADMIN/Language/sidemenu_Language' is visible

2020-03-20 12:26:50 - [TEST_STEP][PASSED] - click(findTestObject("ADMIN/Language/sidemenu_Language"), CONTINUE_ON_FAILURE): Object: 'Object Repository/ADMIN/Language/sidemenu_Language' is clicked on

2020-03-20 12:26:51 - [MESSAGE][PASSED] - Object: 'Object Repository/ADMIN/Language/sidemenu_Language' is clicked on

2020-03-20 12:26:51 - [TEST_STEP][PASSED] - waitForElementVisible(findTestObject("ADMIN/Language/sidemenu_Edit Text"), 0): Object 'Object Repository/ADMIN/Language/sidemenu_Edit Text' is visible

2020-03-20 12:26:51 - [MESSAGE][WARNING] - Timeout '0' is invalid. Using default page load timeout: '30'

2020-03-20 12:26:51 - [MESSAGE][PASSED] - Object 'Object Repository/ADMIN/Language/sidemenu_Edit Text' is visible

2020-03-20 12:26:51 - [TEST_STEP][PASSED] - click(findTestObject("ADMIN/Language/sidemenu_Edit Text"), CONTINUE_ON_FAILURE): Object: 'Object Repository/ADMIN/Language/sidemenu_Edit Text' is clicked on

2020-03-20 12:26:53 - [MESSAGE][PASSED] - Object: 'Object Repository/ADMIN/Language/sidemenu_Edit Text' is clicked on

2020-03-20 12:26:53 - [TEST_STEP][PASSED] - waitForElementVisible(findTestObject("ADMIN/Edit Text/Bespoke/Admin Navigation/dd_icon"), 0): Object 'Object Repository/ADMIN/Edit Text/Bespoke/Admin Navigation/dd_icon' is visible

2020-03-20 12:26:53 - [MESSAGE][WARNING] - Timeout '0' is invalid. Using default page load timeout: '30'

2020-03-20 12:26:54 - [MESSAGE][PASSED] - Object 'Object Repository/ADMIN/Edit Text/Bespoke/Admin Navigation/dd_icon' is visible

2020-03-20 12:26:54 - [TEST_STEP][PASSED] - click(findTestObject("ADMIN/Edit Text/Bespoke/Admin Navigation/dd_icon"), CONTINUE_ON_FAILURE): Object: 'Object Repository/ADMIN/Edit Text/Bespoke/Admin Navigation/dd_icon' is clicked on

2020-03-20 12:26:54 - [MESSAGE][PASSED] - Object: 'Object Repository/ADMIN/Edit Text/Bespoke/Admin Navigation/dd_icon' is clicked on

2020-03-20 12:26:54 - [TEST_STEP][PASSED] - waitForElementVisible(findTestObject("ADMIN/Edit Text/Bespoke/Admin Navigation/span_Marketplace Header  Footer"), 0): Object 'Object Repository/ADMIN/Edit Text/Bespoke/Admin Navigation/span_Marketplace Header  Footer' is visible

2020-03-20 12:26:54 - [MESSAGE][WARNING] - Timeout '0' is invalid. Using default page load timeout: '30'

2020-03-20 12:26:54 - [MESSAGE][PASSED] - Object 'Object Repository/ADMIN/Edit Text/Bespoke/Admin Navigation/span_Marketplace Header  Footer' is visible

2020-03-20 12:26:54 - [TEST_STEP][PASSED] - click(findTestObject("ADMIN/Edit Text/Bespoke/Admin Navigation/span_Marketplace Header  Footer"), CONTINUE_ON_FAILURE): Object: 'Object Repository/ADMIN/Edit Text/Bespoke/Admin Navigation/span_Marketplace Header  Footer' is clicked on

2020-03-20 12:26:55 - [MESSAGE][PASSED] - Object: 'Object Repository/ADMIN/Edit Text/Bespoke/Admin Navigation/span_Marketplace Header  Footer' is clicked on

2020-03-20 12:26:55 - [TEST_STEP][PASSED] - waitForElementVisible(findTestObject("ADMIN/Edit Text/Bespoke/Buyer Navigation/dd_language"), 0): Object 'Object Repository/ADMIN/Edit Text/Bespoke/Buyer Navigation/dd_language' is visible

2020-03-20 12:26:55 - [MESSAGE][WARNING] - Timeout '0' is invalid. Using default page load timeout: '30'

2020-03-20 12:26:56 - [MESSAGE][PASSED] - Object 'Object Repository/ADMIN/Edit Text/Bespoke/Buyer Navigation/dd_language' is visible]]></system-out>
         <system-err><![CDATA[]]></system-err>
      </testcase>
      <testcase name="Test Cases/ADMIN/Language/Edit Text/Bespoke/Admin Pages/Header_Footer" time="8.847" classname="Test Cases/ADMIN/Language/Edit Text/Bespoke/Admin Pages/Header_Footer" status="PASSED">
         <system-out><![CDATA[2020-03-20 12:26:56 - [TEST_CASE][PASSED] - Test Cases/ADMIN/Language/Edit Text/Bespoke/Admin Pages/Header_Footer: Test Cases/ADMIN/Language/Edit Text/Bespoke/Admin Pages/Header_Footer

2020-03-20 12:26:57 - [TEST_STEP][PASSED] - waitForElementVisible(findTestObject("ADMIN/Edit Text/Bespoke/Buyer Navigation/dd_language"), 0): Object 'Object Repository/ADMIN/Edit Text/Bespoke/Buyer Navigation/dd_language' is visible

2020-03-20 12:26:57 - [MESSAGE][WARNING] - Timeout '0' is invalid. Using default page load timeout: '30'

2020-03-20 12:26:57 - [MESSAGE][PASSED] - Object 'Object Repository/ADMIN/Edit Text/Bespoke/Buyer Navigation/dd_language' is visible

2020-03-20 12:26:57 - [TEST_STEP][PASSED] - selectOptionByLabel(findTestObject("ADMIN/Edit Text/Bespoke/Buyer Navigation/dd_language"), varLanguage, false): All options with label 'French' are selected in object 'Object Repository/ADMIN/Edit Text/Bespoke/Buyer Navigation/dd_language' 

2020-03-20 12:26:58 - [MESSAGE][PASSED] - All options with label 'French' are selected in object 'Object Repository/ADMIN/Edit Text/Bespoke/Buyer Navigation/dd_language' 

2020-03-20 12:26:58 - [TEST_STEP][PASSED] - sendKeys(findTestObject("ADMIN/Edit Text/Bespoke/Admin Pages/Header_Footer/input_Search_search"), "*"): Keys '*' sent to object: 'Object Repository/ADMIN/Edit Text/Bespoke/Admin Pages/Header_Footer/input_Search_search'

2020-03-20 12:26:59 - [MESSAGE][PASSED] - Keys '*' sent to object: 'Object Repository/ADMIN/Edit Text/Bespoke/Admin Pages/Header_Footer/input_Search_search'

2020-03-20 12:26:59 - [TEST_STEP][PASSED] - sendKeys(findTestObject("ADMIN/Edit Text/Bespoke/Admin Pages/Header_Footer/input_BE A SELLER_be_seller"), "*"): Keys '*' sent to object: 'Object Repository/ADMIN/Edit Text/Bespoke/Admin Pages/Header_Footer/input_BE A SELLER_be_seller'

2020-03-20 12:26:59 - [MESSAGE][PASSED] - Keys '*' sent to object: 'Object Repository/ADMIN/Edit Text/Bespoke/Admin Pages/Header_Footer/input_BE A SELLER_be_seller'

2020-03-20 12:26:59 - [TEST_STEP][PASSED] - sendKeys(findTestObject("ADMIN/Edit Text/Bespoke/Admin Pages/Header_Footer/input_MORE_more"), "*"): Keys '*' sent to object: 'Object Repository/ADMIN/Edit Text/Bespoke/Admin Pages/Header_Footer/input_MORE_more'

2020-03-20 12:26:59 - [MESSAGE][PASSED] - Keys '*' sent to object: 'Object Repository/ADMIN/Edit Text/Bespoke/Admin Pages/Header_Footer/input_MORE_more'

2020-03-20 12:26:59 - [TEST_STEP][PASSED] - sendKeys(findTestObject("ADMIN/Edit Text/Bespoke/Admin Pages/Header_Footer/input_VIEW CART_btn_next"), "*"): Keys '*' sent to object: 'Object Repository/ADMIN/Edit Text/Bespoke/Admin Pages/Header_Footer/input_VIEW CART_btn_next'

2020-03-20 12:27:00 - [MESSAGE][PASSED] - Keys '*' sent to object: 'Object Repository/ADMIN/Edit Text/Bespoke/Admin Pages/Header_Footer/input_VIEW CART_btn_next'

2020-03-20 12:27:00 - [TEST_STEP][PASSED] - sendKeys(findTestObject("ADMIN/Edit Text/Bespoke/Admin Pages/Header_Footer/input_REGISTER  SIGN IN_register_signin"), "*"): Keys '*' sent to object: 'Object Repository/ADMIN/Edit Text/Bespoke/Admin Pages/Header_Footer/input_REGISTER  SIGN IN_register_signin'

2020-03-20 12:27:00 - [MESSAGE][PASSED] - Keys '*' sent to object: 'Object Repository/ADMIN/Edit Text/Bespoke/Admin Pages/Header_Footer/input_REGISTER  SIGN IN_register_signin'

2020-03-20 12:27:00 - [TEST_STEP][PASSED] - sendKeys(findTestObject("ADMIN/Edit Text/Bespoke/Admin Pages/Header_Footer/input_SELLER_sell"), "*"): Keys '*' sent to object: 'Object Repository/ADMIN/Edit Text/Bespoke/Admin Pages/Header_Footer/input_SELLER_sell'

2020-03-20 12:27:00 - [MESSAGE][PASSED] - Keys '*' sent to object: 'Object Repository/ADMIN/Edit Text/Bespoke/Admin Pages/Header_Footer/input_SELLER_sell'

2020-03-20 12:27:00 - [TEST_STEP][PASSED] - sendKeys(findTestObject("ADMIN/Edit Text/Bespoke/Admin Pages/Header_Footer/input_PROFILE_profile"), "*"): Keys '*' sent to object: 'Object Repository/ADMIN/Edit Text/Bespoke/Admin Pages/Header_Footer/input_PROFILE_profile'

2020-03-20 12:27:00 - [MESSAGE][PASSED] - Keys '*' sent to object: 'Object Repository/ADMIN/Edit Text/Bespoke/Admin Pages/Header_Footer/input_PROFILE_profile'

2020-03-20 12:27:00 - [TEST_STEP][PASSED] - sendKeys(findTestObject("ADMIN/Edit Text/Bespoke/Admin Pages/Header_Footer/input_Dashboard_Dashboard"), "*"): Keys '*' sent to object: 'Object Repository/ADMIN/Edit Text/Bespoke/Admin Pages/Header_Footer/input_Dashboard_Dashboard'

2020-03-20 12:27:00 - [MESSAGE][PASSED] - Keys '*' sent to object: 'Object Repository/ADMIN/Edit Text/Bespoke/Admin Pages/Header_Footer/input_Dashboard_Dashboard'

2020-03-20 12:27:00 - [TEST_STEP][PASSED] - sendKeys(findTestObject("ADMIN/Edit Text/Bespoke/Admin Pages/Header_Footer/input_Purchases_Purchases"), "*"): Keys '*' sent to object: 'Object Repository/ADMIN/Edit Text/Bespoke/Admin Pages/Header_Footer/input_Purchases_Purchases'

2020-03-20 12:27:00 - [MESSAGE][PASSED] - Keys '*' sent to object: 'Object Repository/ADMIN/Edit Text/Bespoke/Admin Pages/Header_Footer/input_Purchases_Purchases'

2020-03-20 12:27:00 - [TEST_STEP][PASSED] - sendKeys(findTestObject("ADMIN/Edit Text/Bespoke/Admin Pages/Header_Footer/input_Your Items_Your Items"), "*"): Keys '*' sent to object: 'Object Repository/ADMIN/Edit Text/Bespoke/Admin Pages/Header_Footer/input_Your Items_Your Items'

2020-03-20 12:27:01 - [MESSAGE][PASSED] - Keys '*' sent to object: 'Object Repository/ADMIN/Edit Text/Bespoke/Admin Pages/Header_Footer/input_Your Items_Your Items'

2020-03-20 12:27:01 - [TEST_STEP][PASSED] - sendKeys(findTestObject("ADMIN/Edit Text/Bespoke/Admin Pages/Header_Footer/input_Settings_Settings"), "*"): Keys '*' sent to object: 'Object Repository/ADMIN/Edit Text/Bespoke/Admin Pages/Header_Footer/input_Settings_Settings'

2020-03-20 12:27:01 - [MESSAGE][PASSED] - Keys '*' sent to object: 'Object Repository/ADMIN/Edit Text/Bespoke/Admin Pages/Header_Footer/input_Settings_Settings'

2020-03-20 12:27:01 - [TEST_STEP][PASSED] - sendKeys(findTestObject("ADMIN/Edit Text/Bespoke/Admin Pages/Header_Footer/input_Upload_Upload"), "*"): Keys '*' sent to object: 'Object Repository/ADMIN/Edit Text/Bespoke/Admin Pages/Header_Footer/input_Upload_Upload'

2020-03-20 12:27:01 - [MESSAGE][PASSED] - Keys '*' sent to object: 'Object Repository/ADMIN/Edit Text/Bespoke/Admin Pages/Header_Footer/input_Upload_Upload'

2020-03-20 12:27:01 - [TEST_STEP][PASSED] - sendKeys(findTestObject("ADMIN/Edit Text/Bespoke/Admin Pages/Header_Footer/input_Logout_Logout"), "*"): Keys '*' sent to object: 'Object Repository/ADMIN/Edit Text/Bespoke/Admin Pages/Header_Footer/input_Logout_Logout'

2020-03-20 12:27:01 - [MESSAGE][PASSED] - Keys '*' sent to object: 'Object Repository/ADMIN/Edit Text/Bespoke/Admin Pages/Header_Footer/input_Logout_Logout'

2020-03-20 12:27:01 - [TEST_STEP][PASSED] - sendKeys(findTestObject("ADMIN/Edit Text/Bespoke/Admin Pages/Header_Footer/input_Orders_Orders"), "*"): Keys '*' sent to object: 'Object Repository/ADMIN/Edit Text/Bespoke/Admin Pages/Header_Footer/input_Orders_Orders'

2020-03-20 12:27:01 - [MESSAGE][PASSED] - Keys '*' sent to object: 'Object Repository/ADMIN/Edit Text/Bespoke/Admin Pages/Header_Footer/input_Orders_Orders'

2020-03-20 12:27:01 - [TEST_STEP][PASSED] - sendKeys(findTestObject("ADMIN/Edit Text/Bespoke/Admin Pages/Header_Footer/input_Sub-accounts_Sub-accounts"), "*"): Keys '*' sent to object: 'Object Repository/ADMIN/Edit Text/Bespoke/Admin Pages/Header_Footer/input_Sub-accounts_Sub-accounts'

2020-03-20 12:27:01 - [MESSAGE][PASSED] - Keys '*' sent to object: 'Object Repository/ADMIN/Edit Text/Bespoke/Admin Pages/Header_Footer/input_Sub-accounts_Sub-accounts'

2020-03-20 12:27:01 - [TEST_STEP][PASSED] - sendKeys(findTestObject("ADMIN/Edit Text/Bespoke/Admin Pages/Header_Footer/input_Sales_Sales"), "*"): Keys '*' sent to object: 'Object Repository/ADMIN/Edit Text/Bespoke/Admin Pages/Header_Footer/input_Sales_Sales'

2020-03-20 12:27:01 - [MESSAGE][PASSED] - Keys '*' sent to object: 'Object Repository/ADMIN/Edit Text/Bespoke/Admin Pages/Header_Footer/input_Sales_Sales'

2020-03-20 12:27:01 - [TEST_STEP][PASSED] - sendKeys(findTestObject("ADMIN/Edit Text/Bespoke/Admin Pages/Header_Footer/input_Browse_Browse"), "*"): Keys '*' sent to object: 'Object Repository/ADMIN/Edit Text/Bespoke/Admin Pages/Header_Footer/input_Browse_Browse'

2020-03-20 12:27:02 - [MESSAGE][PASSED] - Keys '*' sent to object: 'Object Repository/ADMIN/Edit Text/Bespoke/Admin Pages/Header_Footer/input_Browse_Browse'

2020-03-20 12:27:02 - [TEST_STEP][PASSED] - sendKeys(findTestObject("ADMIN/Edit Text/Bespoke/Admin Pages/Header_Footer/input_SELLER_sell1"), "*"): Keys '*' sent to object: 'Object Repository/ADMIN/Edit Text/Bespoke/Admin Pages/Header_Footer/input_SELLER_sell1'

2020-03-20 12:27:02 - [MESSAGE][PASSED] - Keys '*' sent to object: 'Object Repository/ADMIN/Edit Text/Bespoke/Admin Pages/Header_Footer/input_SELLER_sell1'

2020-03-20 12:27:02 - [TEST_STEP][PASSED] - sendKeys(findTestObject("ADMIN/Edit Text/Bespoke/Admin Pages/Header_Footer/input_PROFILE_profile1"), "*"): Keys '*' sent to object: 'Object Repository/ADMIN/Edit Text/Bespoke/Admin Pages/Header_Footer/input_PROFILE_profile1'

2020-03-20 12:27:02 - [MESSAGE][PASSED] - Keys '*' sent to object: 'Object Repository/ADMIN/Edit Text/Bespoke/Admin Pages/Header_Footer/input_PROFILE_profile1'

2020-03-20 12:27:02 - [TEST_STEP][PASSED] - sendKeys(findTestObject("ADMIN/Edit Text/Bespoke/Admin Pages/Header_Footer/input_Dashboard_Dashboard1"), "*"): Keys '*' sent to object: 'Object Repository/ADMIN/Edit Text/Bespoke/Admin Pages/Header_Footer/input_Dashboard_Dashboard1'

2020-03-20 12:27:02 - [MESSAGE][PASSED] - Keys '*' sent to object: 'Object Repository/ADMIN/Edit Text/Bespoke/Admin Pages/Header_Footer/input_Dashboard_Dashboard1'

2020-03-20 12:27:02 - [TEST_STEP][PASSED] - sendKeys(findTestObject("ADMIN/Edit Text/Bespoke/Admin Pages/Header_Footer/input_Purchases_Purchases1"), "*"): Keys '*' sent to object: 'Object Repository/ADMIN/Edit Text/Bespoke/Admin Pages/Header_Footer/input_Purchases_Purchases1'

2020-03-20 12:27:02 - [MESSAGE][PASSED] - Keys '*' sent to object: 'Object Repository/ADMIN/Edit Text/Bespoke/Admin Pages/Header_Footer/input_Purchases_Purchases1'

2020-03-20 12:27:02 - [TEST_STEP][PASSED] - sendKeys(findTestObject("ADMIN/Edit Text/Bespoke/Admin Pages/Header_Footer/input_Your Items_Your Items1"), "*"): Keys '*' sent to object: 'Object Repository/ADMIN/Edit Text/Bespoke/Admin Pages/Header_Footer/input_Your Items_Your Items1'

2020-03-20 12:27:02 - [MESSAGE][PASSED] - Keys '*' sent to object: 'Object Repository/ADMIN/Edit Text/Bespoke/Admin Pages/Header_Footer/input_Your Items_Your Items1'

2020-03-20 12:27:02 - [TEST_STEP][PASSED] - sendKeys(findTestObject("ADMIN/Edit Text/Bespoke/Admin Pages/Header_Footer/input_Settings_Settings1"), "*"): Keys '*' sent to object: 'Object Repository/ADMIN/Edit Text/Bespoke/Admin Pages/Header_Footer/input_Settings_Settings1'

2020-03-20 12:27:03 - [MESSAGE][PASSED] - Keys '*' sent to object: 'Object Repository/ADMIN/Edit Text/Bespoke/Admin Pages/Header_Footer/input_Settings_Settings1'

2020-03-20 12:27:03 - [TEST_STEP][PASSED] - sendKeys(findTestObject("ADMIN/Edit Text/Bespoke/Admin Pages/Header_Footer/input_Upload_Upload1"), "*"): Keys '*' sent to object: 'Object Repository/ADMIN/Edit Text/Bespoke/Admin Pages/Header_Footer/input_Upload_Upload1'

2020-03-20 12:27:03 - [MESSAGE][PASSED] - Keys '*' sent to object: 'Object Repository/ADMIN/Edit Text/Bespoke/Admin Pages/Header_Footer/input_Upload_Upload1'

2020-03-20 12:27:03 - [TEST_STEP][PASSED] - sendKeys(findTestObject("ADMIN/Edit Text/Bespoke/Admin Pages/Header_Footer/input_Logout_Logout1"), "*"): Keys '*' sent to object: 'Object Repository/ADMIN/Edit Text/Bespoke/Admin Pages/Header_Footer/input_Logout_Logout1'

2020-03-20 12:27:03 - [MESSAGE][PASSED] - Keys '*' sent to object: 'Object Repository/ADMIN/Edit Text/Bespoke/Admin Pages/Header_Footer/input_Logout_Logout1'

2020-03-20 12:27:03 - [TEST_STEP][PASSED] - sendKeys(findTestObject("ADMIN/Edit Text/Bespoke/Admin Pages/Header_Footer/input_Orders_Orders1"), "*"): Keys '*' sent to object: 'Object Repository/ADMIN/Edit Text/Bespoke/Admin Pages/Header_Footer/input_Orders_Orders1'

2020-03-20 12:27:03 - [MESSAGE][PASSED] - Keys '*' sent to object: 'Object Repository/ADMIN/Edit Text/Bespoke/Admin Pages/Header_Footer/input_Orders_Orders1'

2020-03-20 12:27:03 - [TEST_STEP][PASSED] - sendKeys(findTestObject("ADMIN/Edit Text/Bespoke/Admin Pages/Header_Footer/input_Sales_Sales1"), "*"): Keys '*' sent to object: 'Object Repository/ADMIN/Edit Text/Bespoke/Admin Pages/Header_Footer/input_Sales_Sales1'

2020-03-20 12:27:03 - [MESSAGE][PASSED] - Keys '*' sent to object: 'Object Repository/ADMIN/Edit Text/Bespoke/Admin Pages/Header_Footer/input_Sales_Sales1'

2020-03-20 12:27:03 - [TEST_STEP][PASSED] - sendKeys(findTestObject("ADMIN/Edit Text/Bespoke/Admin Pages/Header_Footer/input_ABOUT US_ABOUT US"), "*"): Keys '*' sent to object: 'Object Repository/ADMIN/Edit Text/Bespoke/Admin Pages/Header_Footer/input_ABOUT US_ABOUT US'

2020-03-20 12:27:03 - [MESSAGE][PASSED] - Keys '*' sent to object: 'Object Repository/ADMIN/Edit Text/Bespoke/Admin Pages/Header_Footer/input_ABOUT US_ABOUT US'

2020-03-20 12:27:03 - [TEST_STEP][PASSED] - sendKeys(findTestObject("ADMIN/Edit Text/Bespoke/Admin Pages/Header_Footer/input_SERVICE TERMS_SERVICE TERMS"), "*"): Keys '*' sent to object: 'Object Repository/ADMIN/Edit Text/Bespoke/Admin Pages/Header_Footer/input_SERVICE TERMS_SERVICE TERMS'

2020-03-20 12:27:03 - [MESSAGE][PASSED] - Keys '*' sent to object: 'Object Repository/ADMIN/Edit Text/Bespoke/Admin Pages/Header_Footer/input_SERVICE TERMS_SERVICE TERMS'

2020-03-20 12:27:03 - [TEST_STEP][PASSED] - sendKeys(findTestObject("ADMIN/Edit Text/Bespoke/Admin Pages/Header_Footer/input_PRIVACY_PRIVACY"), "*"): Keys '*' sent to object: 'Object Repository/ADMIN/Edit Text/Bespoke/Admin Pages/Header_Footer/input_PRIVACY_PRIVACY'

2020-03-20 12:27:04 - [MESSAGE][PASSED] - Keys '*' sent to object: 'Object Repository/ADMIN/Edit Text/Bespoke/Admin Pages/Header_Footer/input_PRIVACY_PRIVACY'

2020-03-20 12:27:04 - [TEST_STEP][PASSED] - sendKeys(findTestObject("ADMIN/Edit Text/Bespoke/Admin Pages/Header_Footer/input_RETURNS_RETURNS"), "*"): Keys '*' sent to object: 'Object Repository/ADMIN/Edit Text/Bespoke/Admin Pages/Header_Footer/input_RETURNS_RETURNS'

2020-03-20 12:27:04 - [MESSAGE][PASSED] - Keys '*' sent to object: 'Object Repository/ADMIN/Edit Text/Bespoke/Admin Pages/Header_Footer/input_RETURNS_RETURNS'

2020-03-20 12:27:04 - [TEST_STEP][PASSED] - sendKeys(findTestObject("ADMIN/Edit Text/Bespoke/Admin Pages/Header_Footer/input_FAQ_FAQ"), "*"): Keys '*' sent to object: 'Object Repository/ADMIN/Edit Text/Bespoke/Admin Pages/Header_Footer/input_FAQ_FAQ'

2020-03-20 12:27:04 - [MESSAGE][PASSED] - Keys '*' sent to object: 'Object Repository/ADMIN/Edit Text/Bespoke/Admin Pages/Header_Footer/input_FAQ_FAQ'

2020-03-20 12:27:04 - [TEST_STEP][PASSED] - sendKeys(findTestObject("ADMIN/Edit Text/Bespoke/Admin Pages/Header_Footer/input_CONTACT_CONTACT"), "*"): Keys '*' sent to object: 'Object Repository/ADMIN/Edit Text/Bespoke/Admin Pages/Header_Footer/input_CONTACT_CONTACT'

2020-03-20 12:27:04 - [MESSAGE][PASSED] - Keys '*' sent to object: 'Object Repository/ADMIN/Edit Text/Bespoke/Admin Pages/Header_Footer/input_CONTACT_CONTACT'

2020-03-20 12:27:04 - [TEST_STEP][PASSED] - sendKeys(findTestObject("ADMIN/Edit Text/Bespoke/Admin Pages/Header_Footer/input_All rights reserved _foot_copyright"), "*"): Keys '*' sent to object: 'Object Repository/ADMIN/Edit Text/Bespoke/Admin Pages/Header_Footer/input_All rights reserved _foot_copyright'

2020-03-20 12:27:04 - [MESSAGE][PASSED] - Keys '*' sent to object: 'Object Repository/ADMIN/Edit Text/Bespoke/Admin Pages/Header_Footer/input_All rights reserved _foot_copyright'

2020-03-20 12:27:04 - [TEST_STEP][PASSED] - click(findTestObject("ADMIN/Edit Text/Bespoke/Buyer Pages/Homepage/button_save"), CONTINUE_ON_FAILURE): Object: 'Object Repository/ADMIN/Edit Text/Bespoke/Buyer Pages/Homepage/button_save' is clicked on

2020-03-20 12:27:04 - [MESSAGE][PASSED] - Object: 'Object Repository/ADMIN/Edit Text/Bespoke/Buyer Pages/Homepage/button_save' is clicked on

2020-03-20 12:27:04 - [TEST_STEP][PASSED] - waitForElementVisible(findTestObject("ADMIN/Edit Text/Bespoke/Buyer Pages/Homepage/toaster_success"), 0): Object 'Object Repository/ADMIN/Edit Text/Bespoke/Buyer Pages/Homepage/toaster_success' is visible

2020-03-20 12:27:04 - [MESSAGE][WARNING] - Timeout '0' is invalid. Using default page load timeout: '30'

2020-03-20 12:27:05 - [MESSAGE][PASSED] - Object 'Object Repository/ADMIN/Edit Text/Bespoke/Buyer Pages/Homepage/toaster_success' is visible]]></system-out>
         <system-err><![CDATA[]]></system-err>
      </testcase>
      <testcase name="Test Cases/ADMIN/Language/Edit Text/Bespoke/Admin Pages/Header_Footer" time="8.034" classname="Test Cases/ADMIN/Language/Edit Text/Bespoke/Admin Pages/Header_Footer" status="PASSED">
         <system-out><![CDATA[2020-03-20 12:27:05 - [TEST_CASE][PASSED] - Test Cases/ADMIN/Language/Edit Text/Bespoke/Admin Pages/Header_Footer: Test Cases/ADMIN/Language/Edit Text/Bespoke/Admin Pages/Header_Footer

2020-03-20 12:27:05 - [TEST_STEP][PASSED] - waitForElementVisible(findTestObject("ADMIN/Edit Text/Bespoke/Buyer Navigation/dd_language"), 0): Object 'Object Repository/ADMIN/Edit Text/Bespoke/Buyer Navigation/dd_language' is visible

2020-03-20 12:27:05 - [MESSAGE][WARNING] - Timeout '0' is invalid. Using default page load timeout: '30'

2020-03-20 12:27:05 - [MESSAGE][PASSED] - Object 'Object Repository/ADMIN/Edit Text/Bespoke/Buyer Navigation/dd_language' is visible

2020-03-20 12:27:05 - [TEST_STEP][PASSED] - selectOptionByLabel(findTestObject("ADMIN/Edit Text/Bespoke/Buyer Navigation/dd_language"), varLanguage, false): All options with label 'Spanish' are selected in object 'Object Repository/ADMIN/Edit Text/Bespoke/Buyer Navigation/dd_language' 

2020-03-20 12:27:07 - [MESSAGE][PASSED] - All options with label 'Spanish' are selected in object 'Object Repository/ADMIN/Edit Text/Bespoke/Buyer Navigation/dd_language' 

2020-03-20 12:27:07 - [TEST_STEP][PASSED] - sendKeys(findTestObject("ADMIN/Edit Text/Bespoke/Admin Pages/Header_Footer/input_Search_search"), "*"): Keys '*' sent to object: 'Object Repository/ADMIN/Edit Text/Bespoke/Admin Pages/Header_Footer/input_Search_search'

2020-03-20 12:27:07 - [MESSAGE][PASSED] - Keys '*' sent to object: 'Object Repository/ADMIN/Edit Text/Bespoke/Admin Pages/Header_Footer/input_Search_search'

2020-03-20 12:27:07 - [TEST_STEP][PASSED] - sendKeys(findTestObject("ADMIN/Edit Text/Bespoke/Admin Pages/Header_Footer/input_BE A SELLER_be_seller"), "*"): Keys '*' sent to object: 'Object Repository/ADMIN/Edit Text/Bespoke/Admin Pages/Header_Footer/input_BE A SELLER_be_seller'

2020-03-20 12:27:08 - [MESSAGE][PASSED] - Keys '*' sent to object: 'Object Repository/ADMIN/Edit Text/Bespoke/Admin Pages/Header_Footer/input_BE A SELLER_be_seller'

2020-03-20 12:27:08 - [TEST_STEP][PASSED] - sendKeys(findTestObject("ADMIN/Edit Text/Bespoke/Admin Pages/Header_Footer/input_MORE_more"), "*"): Keys '*' sent to object: 'Object Repository/ADMIN/Edit Text/Bespoke/Admin Pages/Header_Footer/input_MORE_more'

2020-03-20 12:27:08 - [MESSAGE][PASSED] - Keys '*' sent to object: 'Object Repository/ADMIN/Edit Text/Bespoke/Admin Pages/Header_Footer/input_MORE_more'

2020-03-20 12:27:08 - [TEST_STEP][PASSED] - sendKeys(findTestObject("ADMIN/Edit Text/Bespoke/Admin Pages/Header_Footer/input_VIEW CART_btn_next"), "*"): Keys '*' sent to object: 'Object Repository/ADMIN/Edit Text/Bespoke/Admin Pages/Header_Footer/input_VIEW CART_btn_next'

2020-03-20 12:27:08 - [MESSAGE][PASSED] - Keys '*' sent to object: 'Object Repository/ADMIN/Edit Text/Bespoke/Admin Pages/Header_Footer/input_VIEW CART_btn_next'

2020-03-20 12:27:08 - [TEST_STEP][PASSED] - sendKeys(findTestObject("ADMIN/Edit Text/Bespoke/Admin Pages/Header_Footer/input_REGISTER  SIGN IN_register_signin"), "*"): Keys '*' sent to object: 'Object Repository/ADMIN/Edit Text/Bespoke/Admin Pages/Header_Footer/input_REGISTER  SIGN IN_register_signin'

2020-03-20 12:27:08 - [MESSAGE][PASSED] - Keys '*' sent to object: 'Object Repository/ADMIN/Edit Text/Bespoke/Admin Pages/Header_Footer/input_REGISTER  SIGN IN_register_signin'

2020-03-20 12:27:08 - [TEST_STEP][PASSED] - sendKeys(findTestObject("ADMIN/Edit Text/Bespoke/Admin Pages/Header_Footer/input_SELLER_sell"), "*"): Keys '*' sent to object: 'Object Repository/ADMIN/Edit Text/Bespoke/Admin Pages/Header_Footer/input_SELLER_sell'

2020-03-20 12:27:08 - [MESSAGE][PASSED] - Keys '*' sent to object: 'Object Repository/ADMIN/Edit Text/Bespoke/Admin Pages/Header_Footer/input_SELLER_sell'

2020-03-20 12:27:08 - [TEST_STEP][PASSED] - sendKeys(findTestObject("ADMIN/Edit Text/Bespoke/Admin Pages/Header_Footer/input_PROFILE_profile"), "*"): Keys '*' sent to object: 'Object Repository/ADMIN/Edit Text/Bespoke/Admin Pages/Header_Footer/input_PROFILE_profile'

2020-03-20 12:27:08 - [MESSAGE][PASSED] - Keys '*' sent to object: 'Object Repository/ADMIN/Edit Text/Bespoke/Admin Pages/Header_Footer/input_PROFILE_profile'

2020-03-20 12:27:08 - [TEST_STEP][PASSED] - sendKeys(findTestObject("ADMIN/Edit Text/Bespoke/Admin Pages/Header_Footer/input_Dashboard_Dashboard"), "*"): Keys '*' sent to object: 'Object Repository/ADMIN/Edit Text/Bespoke/Admin Pages/Header_Footer/input_Dashboard_Dashboard'

2020-03-20 12:27:09 - [MESSAGE][PASSED] - Keys '*' sent to object: 'Object Repository/ADMIN/Edit Text/Bespoke/Admin Pages/Header_Footer/input_Dashboard_Dashboard'

2020-03-20 12:27:09 - [TEST_STEP][PASSED] - sendKeys(findTestObject("ADMIN/Edit Text/Bespoke/Admin Pages/Header_Footer/input_Purchases_Purchases"), "*"): Keys '*' sent to object: 'Object Repository/ADMIN/Edit Text/Bespoke/Admin Pages/Header_Footer/input_Purchases_Purchases'

2020-03-20 12:27:09 - [MESSAGE][PASSED] - Keys '*' sent to object: 'Object Repository/ADMIN/Edit Text/Bespoke/Admin Pages/Header_Footer/input_Purchases_Purchases'

2020-03-20 12:27:09 - [TEST_STEP][PASSED] - sendKeys(findTestObject("ADMIN/Edit Text/Bespoke/Admin Pages/Header_Footer/input_Your Items_Your Items"), "*"): Keys '*' sent to object: 'Object Repository/ADMIN/Edit Text/Bespoke/Admin Pages/Header_Footer/input_Your Items_Your Items'

2020-03-20 12:27:09 - [MESSAGE][PASSED] - Keys '*' sent to object: 'Object Repository/ADMIN/Edit Text/Bespoke/Admin Pages/Header_Footer/input_Your Items_Your Items'

2020-03-20 12:27:09 - [TEST_STEP][PASSED] - sendKeys(findTestObject("ADMIN/Edit Text/Bespoke/Admin Pages/Header_Footer/input_Settings_Settings"), "*"): Keys '*' sent to object: 'Object Repository/ADMIN/Edit Text/Bespoke/Admin Pages/Header_Footer/input_Settings_Settings'

2020-03-20 12:27:09 - [MESSAGE][PASSED] - Keys '*' sent to object: 'Object Repository/ADMIN/Edit Text/Bespoke/Admin Pages/Header_Footer/input_Settings_Settings'

2020-03-20 12:27:09 - [TEST_STEP][PASSED] - sendKeys(findTestObject("ADMIN/Edit Text/Bespoke/Admin Pages/Header_Footer/input_Upload_Upload"), "*"): Keys '*' sent to object: 'Object Repository/ADMIN/Edit Text/Bespoke/Admin Pages/Header_Footer/input_Upload_Upload'

2020-03-20 12:27:09 - [MESSAGE][PASSED] - Keys '*' sent to object: 'Object Repository/ADMIN/Edit Text/Bespoke/Admin Pages/Header_Footer/input_Upload_Upload'

2020-03-20 12:27:09 - [TEST_STEP][PASSED] - sendKeys(findTestObject("ADMIN/Edit Text/Bespoke/Admin Pages/Header_Footer/input_Logout_Logout"), "*"): Keys '*' sent to object: 'Object Repository/ADMIN/Edit Text/Bespoke/Admin Pages/Header_Footer/input_Logout_Logout'

2020-03-20 12:27:09 - [MESSAGE][PASSED] - Keys '*' sent to object: 'Object Repository/ADMIN/Edit Text/Bespoke/Admin Pages/Header_Footer/input_Logout_Logout'

2020-03-20 12:27:09 - [TEST_STEP][PASSED] - sendKeys(findTestObject("ADMIN/Edit Text/Bespoke/Admin Pages/Header_Footer/input_Orders_Orders"), "*"): Keys '*' sent to object: 'Object Repository/ADMIN/Edit Text/Bespoke/Admin Pages/Header_Footer/input_Orders_Orders'

2020-03-20 12:27:09 - [MESSAGE][PASSED] - Keys '*' sent to object: 'Object Repository/ADMIN/Edit Text/Bespoke/Admin Pages/Header_Footer/input_Orders_Orders'

2020-03-20 12:27:09 - [TEST_STEP][PASSED] - sendKeys(findTestObject("ADMIN/Edit Text/Bespoke/Admin Pages/Header_Footer/input_Sub-accounts_Sub-accounts"), "*"): Keys '*' sent to object: 'Object Repository/ADMIN/Edit Text/Bespoke/Admin Pages/Header_Footer/input_Sub-accounts_Sub-accounts'

2020-03-20 12:27:09 - [MESSAGE][PASSED] - Keys '*' sent to object: 'Object Repository/ADMIN/Edit Text/Bespoke/Admin Pages/Header_Footer/input_Sub-accounts_Sub-accounts'

2020-03-20 12:27:09 - [TEST_STEP][PASSED] - sendKeys(findTestObject("ADMIN/Edit Text/Bespoke/Admin Pages/Header_Footer/input_Sales_Sales"), "*"): Keys '*' sent to object: 'Object Repository/ADMIN/Edit Text/Bespoke/Admin Pages/Header_Footer/input_Sales_Sales'

2020-03-20 12:27:10 - [MESSAGE][PASSED] - Keys '*' sent to object: 'Object Repository/ADMIN/Edit Text/Bespoke/Admin Pages/Header_Footer/input_Sales_Sales'

2020-03-20 12:27:10 - [TEST_STEP][PASSED] - sendKeys(findTestObject("ADMIN/Edit Text/Bespoke/Admin Pages/Header_Footer/input_Browse_Browse"), "*"): Keys '*' sent to object: 'Object Repository/ADMIN/Edit Text/Bespoke/Admin Pages/Header_Footer/input_Browse_Browse'

2020-03-20 12:27:10 - [MESSAGE][PASSED] - Keys '*' sent to object: 'Object Repository/ADMIN/Edit Text/Bespoke/Admin Pages/Header_Footer/input_Browse_Browse'

2020-03-20 12:27:10 - [TEST_STEP][PASSED] - sendKeys(findTestObject("ADMIN/Edit Text/Bespoke/Admin Pages/Header_Footer/input_SELLER_sell1"), "*"): Keys '*' sent to object: 'Object Repository/ADMIN/Edit Text/Bespoke/Admin Pages/Header_Footer/input_SELLER_sell1'

2020-03-20 12:27:10 - [MESSAGE][PASSED] - Keys '*' sent to object: 'Object Repository/ADMIN/Edit Text/Bespoke/Admin Pages/Header_Footer/input_SELLER_sell1'

2020-03-20 12:27:10 - [TEST_STEP][PASSED] - sendKeys(findTestObject("ADMIN/Edit Text/Bespoke/Admin Pages/Header_Footer/input_PROFILE_profile1"), "*"): Keys '*' sent to object: 'Object Repository/ADMIN/Edit Text/Bespoke/Admin Pages/Header_Footer/input_PROFILE_profile1'

2020-03-20 12:27:10 - [MESSAGE][PASSED] - Keys '*' sent to object: 'Object Repository/ADMIN/Edit Text/Bespoke/Admin Pages/Header_Footer/input_PROFILE_profile1'

2020-03-20 12:27:10 - [TEST_STEP][PASSED] - sendKeys(findTestObject("ADMIN/Edit Text/Bespoke/Admin Pages/Header_Footer/input_Dashboard_Dashboard1"), "*"): Keys '*' sent to object: 'Object Repository/ADMIN/Edit Text/Bespoke/Admin Pages/Header_Footer/input_Dashboard_Dashboard1'

2020-03-20 12:27:10 - [MESSAGE][PASSED] - Keys '*' sent to object: 'Object Repository/ADMIN/Edit Text/Bespoke/Admin Pages/Header_Footer/input_Dashboard_Dashboard1'

2020-03-20 12:27:10 - [TEST_STEP][PASSED] - sendKeys(findTestObject("ADMIN/Edit Text/Bespoke/Admin Pages/Header_Footer/input_Purchases_Purchases1"), "*"): Keys '*' sent to object: 'Object Repository/ADMIN/Edit Text/Bespoke/Admin Pages/Header_Footer/input_Purchases_Purchases1'

2020-03-20 12:27:11 - [MESSAGE][PASSED] - Keys '*' sent to object: 'Object Repository/ADMIN/Edit Text/Bespoke/Admin Pages/Header_Footer/input_Purchases_Purchases1'

2020-03-20 12:27:11 - [TEST_STEP][PASSED] - sendKeys(findTestObject("ADMIN/Edit Text/Bespoke/Admin Pages/Header_Footer/input_Your Items_Your Items1"), "*"): Keys '*' sent to object: 'Object Repository/ADMIN/Edit Text/Bespoke/Admin Pages/Header_Footer/input_Your Items_Your Items1'

2020-03-20 12:27:11 - [MESSAGE][PASSED] - Keys '*' sent to object: 'Object Repository/ADMIN/Edit Text/Bespoke/Admin Pages/Header_Footer/input_Your Items_Your Items1'

2020-03-20 12:27:11 - [TEST_STEP][PASSED] - sendKeys(findTestObject("ADMIN/Edit Text/Bespoke/Admin Pages/Header_Footer/input_Settings_Settings1"), "*"): Keys '*' sent to object: 'Object Repository/ADMIN/Edit Text/Bespoke/Admin Pages/Header_Footer/input_Settings_Settings1'

2020-03-20 12:27:11 - [MESSAGE][PASSED] - Keys '*' sent to object: 'Object Repository/ADMIN/Edit Text/Bespoke/Admin Pages/Header_Footer/input_Settings_Settings1'

2020-03-20 12:27:11 - [TEST_STEP][PASSED] - sendKeys(findTestObject("ADMIN/Edit Text/Bespoke/Admin Pages/Header_Footer/input_Upload_Upload1"), "*"): Keys '*' sent to object: 'Object Repository/ADMIN/Edit Text/Bespoke/Admin Pages/Header_Footer/input_Upload_Upload1'

2020-03-20 12:27:11 - [MESSAGE][PASSED] - Keys '*' sent to object: 'Object Repository/ADMIN/Edit Text/Bespoke/Admin Pages/Header_Footer/input_Upload_Upload1'

2020-03-20 12:27:11 - [TEST_STEP][PASSED] - sendKeys(findTestObject("ADMIN/Edit Text/Bespoke/Admin Pages/Header_Footer/input_Logout_Logout1"), "*"): Keys '*' sent to object: 'Object Repository/ADMIN/Edit Text/Bespoke/Admin Pages/Header_Footer/input_Logout_Logout1'

2020-03-20 12:27:11 - [MESSAGE][PASSED] - Keys '*' sent to object: 'Object Repository/ADMIN/Edit Text/Bespoke/Admin Pages/Header_Footer/input_Logout_Logout1'

2020-03-20 12:27:11 - [TEST_STEP][PASSED] - sendKeys(findTestObject("ADMIN/Edit Text/Bespoke/Admin Pages/Header_Footer/input_Orders_Orders1"), "*"): Keys '*' sent to object: 'Object Repository/ADMIN/Edit Text/Bespoke/Admin Pages/Header_Footer/input_Orders_Orders1'

2020-03-20 12:27:11 - [MESSAGE][PASSED] - Keys '*' sent to object: 'Object Repository/ADMIN/Edit Text/Bespoke/Admin Pages/Header_Footer/input_Orders_Orders1'

2020-03-20 12:27:11 - [TEST_STEP][PASSED] - sendKeys(findTestObject("ADMIN/Edit Text/Bespoke/Admin Pages/Header_Footer/input_Sales_Sales1"), "*"): Keys '*' sent to object: 'Object Repository/ADMIN/Edit Text/Bespoke/Admin Pages/Header_Footer/input_Sales_Sales1'

2020-03-20 12:27:11 - [MESSAGE][PASSED] - Keys '*' sent to object: 'Object Repository/ADMIN/Edit Text/Bespoke/Admin Pages/Header_Footer/input_Sales_Sales1'

2020-03-20 12:27:11 - [TEST_STEP][PASSED] - sendKeys(findTestObject("ADMIN/Edit Text/Bespoke/Admin Pages/Header_Footer/input_ABOUT US_ABOUT US"), "*"): Keys '*' sent to object: 'Object Repository/ADMIN/Edit Text/Bespoke/Admin Pages/Header_Footer/input_ABOUT US_ABOUT US'

2020-03-20 12:27:12 - [MESSAGE][PASSED] - Keys '*' sent to object: 'Object Repository/ADMIN/Edit Text/Bespoke/Admin Pages/Header_Footer/input_ABOUT US_ABOUT US'

2020-03-20 12:27:12 - [TEST_STEP][PASSED] - sendKeys(findTestObject("ADMIN/Edit Text/Bespoke/Admin Pages/Header_Footer/input_SERVICE TERMS_SERVICE TERMS"), "*"): Keys '*' sent to object: 'Object Repository/ADMIN/Edit Text/Bespoke/Admin Pages/Header_Footer/input_SERVICE TERMS_SERVICE TERMS'

2020-03-20 12:27:12 - [MESSAGE][PASSED] - Keys '*' sent to object: 'Object Repository/ADMIN/Edit Text/Bespoke/Admin Pages/Header_Footer/input_SERVICE TERMS_SERVICE TERMS'

2020-03-20 12:27:12 - [TEST_STEP][PASSED] - sendKeys(findTestObject("ADMIN/Edit Text/Bespoke/Admin Pages/Header_Footer/input_PRIVACY_PRIVACY"), "*"): Keys '*' sent to object: 'Object Repository/ADMIN/Edit Text/Bespoke/Admin Pages/Header_Footer/input_PRIVACY_PRIVACY'

2020-03-20 12:27:12 - [MESSAGE][PASSED] - Keys '*' sent to object: 'Object Repository/ADMIN/Edit Text/Bespoke/Admin Pages/Header_Footer/input_PRIVACY_PRIVACY'

2020-03-20 12:27:12 - [TEST_STEP][PASSED] - sendKeys(findTestObject("ADMIN/Edit Text/Bespoke/Admin Pages/Header_Footer/input_RETURNS_RETURNS"), "*"): Keys '*' sent to object: 'Object Repository/ADMIN/Edit Text/Bespoke/Admin Pages/Header_Footer/input_RETURNS_RETURNS'

2020-03-20 12:27:12 - [MESSAGE][PASSED] - Keys '*' sent to object: 'Object Repository/ADMIN/Edit Text/Bespoke/Admin Pages/Header_Footer/input_RETURNS_RETURNS'

2020-03-20 12:27:12 - [TEST_STEP][PASSED] - sendKeys(findTestObject("ADMIN/Edit Text/Bespoke/Admin Pages/Header_Footer/input_FAQ_FAQ"), "*"): Keys '*' sent to object: 'Object Repository/ADMIN/Edit Text/Bespoke/Admin Pages/Header_Footer/input_FAQ_FAQ'

2020-03-20 12:27:12 - [MESSAGE][PASSED] - Keys '*' sent to object: 'Object Repository/ADMIN/Edit Text/Bespoke/Admin Pages/Header_Footer/input_FAQ_FAQ'

2020-03-20 12:27:12 - [TEST_STEP][PASSED] - sendKeys(findTestObject("ADMIN/Edit Text/Bespoke/Admin Pages/Header_Footer/input_CONTACT_CONTACT"), "*"): Keys '*' sent to object: 'Object Repository/ADMIN/Edit Text/Bespoke/Admin Pages/Header_Footer/input_CONTACT_CONTACT'

2020-03-20 12:27:12 - [MESSAGE][PASSED] - Keys '*' sent to object: 'Object Repository/ADMIN/Edit Text/Bespoke/Admin Pages/Header_Footer/input_CONTACT_CONTACT'

2020-03-20 12:27:12 - [TEST_STEP][PASSED] - sendKeys(findTestObject("ADMIN/Edit Text/Bespoke/Admin Pages/Header_Footer/input_All rights reserved _foot_copyright"), "*"): Keys '*' sent to object: 'Object Repository/ADMIN/Edit Text/Bespoke/Admin Pages/Header_Footer/input_All rights reserved _foot_copyright'

2020-03-20 12:27:12 - [MESSAGE][PASSED] - Keys '*' sent to object: 'Object Repository/ADMIN/Edit Text/Bespoke/Admin Pages/Header_Footer/input_All rights reserved _foot_copyright'

2020-03-20 12:27:12 - [TEST_STEP][PASSED] - click(findTestObject("ADMIN/Edit Text/Bespoke/Buyer Pages/Homepage/button_save"), CONTINUE_ON_FAILURE): Object: 'Object Repository/ADMIN/Edit Text/Bespoke/Buyer Pages/Homepage/button_save' is clicked on

2020-03-20 12:27:13 - [MESSAGE][PASSED] - Object: 'Object Repository/ADMIN/Edit Text/Bespoke/Buyer Pages/Homepage/button_save' is clicked on

2020-03-20 12:27:13 - [TEST_STEP][PASSED] - waitForElementVisible(findTestObject("ADMIN/Edit Text/Bespoke/Buyer Pages/Homepage/toaster_success"), 0): Object 'Object Repository/ADMIN/Edit Text/Bespoke/Buyer Pages/Homepage/toaster_success' is visible

2020-03-20 12:27:13 - [MESSAGE][WARNING] - Timeout '0' is invalid. Using default page load timeout: '30'

2020-03-20 12:27:13 - [MESSAGE][PASSED] - Object 'Object Repository/ADMIN/Edit Text/Bespoke/Buyer Pages/Homepage/toaster_success' is visible]]></system-out>
         <system-err><![CDATA[]]></system-err>
      </testcase>
      <testcase name="Test Cases/ADMIN/Language/Edit Text/Bespoke/Admin Pages/Header_Footer" time="8.068" classname="Test Cases/ADMIN/Language/Edit Text/Bespoke/Admin Pages/Header_Footer" status="PASSED">
         <system-out><![CDATA[2020-03-20 12:27:13 - [TEST_CASE][PASSED] - Test Cases/ADMIN/Language/Edit Text/Bespoke/Admin Pages/Header_Footer: Test Cases/ADMIN/Language/Edit Text/Bespoke/Admin Pages/Header_Footer

2020-03-20 12:27:13 - [TEST_STEP][PASSED] - waitForElementVisible(findTestObject("ADMIN/Edit Text/Bespoke/Buyer Navigation/dd_language"), 0): Object 'Object Repository/ADMIN/Edit Text/Bespoke/Buyer Navigation/dd_language' is visible

2020-03-20 12:27:13 - [MESSAGE][WARNING] - Timeout '0' is invalid. Using default page load timeout: '30'

2020-03-20 12:27:13 - [MESSAGE][PASSED] - Object 'Object Repository/ADMIN/Edit Text/Bespoke/Buyer Navigation/dd_language' is visible

2020-03-20 12:27:13 - [TEST_STEP][PASSED] - selectOptionByLabel(findTestObject("ADMIN/Edit Text/Bespoke/Buyer Navigation/dd_language"), varLanguage, false): All options with label 'Hindi' are selected in object 'Object Repository/ADMIN/Edit Text/Bespoke/Buyer Navigation/dd_language' 

2020-03-20 12:27:14 - [MESSAGE][PASSED] - All options with label 'Hindi' are selected in object 'Object Repository/ADMIN/Edit Text/Bespoke/Buyer Navigation/dd_language' 

2020-03-20 12:27:14 - [TEST_STEP][PASSED] - sendKeys(findTestObject("ADMIN/Edit Text/Bespoke/Admin Pages/Header_Footer/input_Search_search"), "*"): Keys '*' sent to object: 'Object Repository/ADMIN/Edit Text/Bespoke/Admin Pages/Header_Footer/input_Search_search'

2020-03-20 12:27:15 - [MESSAGE][PASSED] - Keys '*' sent to object: 'Object Repository/ADMIN/Edit Text/Bespoke/Admin Pages/Header_Footer/input_Search_search'

2020-03-20 12:27:15 - [TEST_STEP][PASSED] - sendKeys(findTestObject("ADMIN/Edit Text/Bespoke/Admin Pages/Header_Footer/input_BE A SELLER_be_seller"), "*"): Keys '*' sent to object: 'Object Repository/ADMIN/Edit Text/Bespoke/Admin Pages/Header_Footer/input_BE A SELLER_be_seller'

2020-03-20 12:27:16 - [MESSAGE][PASSED] - Keys '*' sent to object: 'Object Repository/ADMIN/Edit Text/Bespoke/Admin Pages/Header_Footer/input_BE A SELLER_be_seller'

2020-03-20 12:27:16 - [TEST_STEP][PASSED] - sendKeys(findTestObject("ADMIN/Edit Text/Bespoke/Admin Pages/Header_Footer/input_MORE_more"), "*"): Keys '*' sent to object: 'Object Repository/ADMIN/Edit Text/Bespoke/Admin Pages/Header_Footer/input_MORE_more'

2020-03-20 12:27:16 - [MESSAGE][PASSED] - Keys '*' sent to object: 'Object Repository/ADMIN/Edit Text/Bespoke/Admin Pages/Header_Footer/input_MORE_more'

2020-03-20 12:27:16 - [TEST_STEP][PASSED] - sendKeys(findTestObject("ADMIN/Edit Text/Bespoke/Admin Pages/Header_Footer/input_VIEW CART_btn_next"), "*"): Keys '*' sent to object: 'Object Repository/ADMIN/Edit Text/Bespoke/Admin Pages/Header_Footer/input_VIEW CART_btn_next'

2020-03-20 12:27:16 - [MESSAGE][PASSED] - Keys '*' sent to object: 'Object Repository/ADMIN/Edit Text/Bespoke/Admin Pages/Header_Footer/input_VIEW CART_btn_next'

2020-03-20 12:27:16 - [TEST_STEP][PASSED] - sendKeys(findTestObject("ADMIN/Edit Text/Bespoke/Admin Pages/Header_Footer/input_REGISTER  SIGN IN_register_signin"), "*"): Keys '*' sent to object: 'Object Repository/ADMIN/Edit Text/Bespoke/Admin Pages/Header_Footer/input_REGISTER  SIGN IN_register_signin'

2020-03-20 12:27:16 - [MESSAGE][PASSED] - Keys '*' sent to object: 'Object Repository/ADMIN/Edit Text/Bespoke/Admin Pages/Header_Footer/input_REGISTER  SIGN IN_register_signin'

2020-03-20 12:27:16 - [TEST_STEP][PASSED] - sendKeys(findTestObject("ADMIN/Edit Text/Bespoke/Admin Pages/Header_Footer/input_SELLER_sell"), "*"): Keys '*' sent to object: 'Object Repository/ADMIN/Edit Text/Bespoke/Admin Pages/Header_Footer/input_SELLER_sell'

2020-03-20 12:27:16 - [MESSAGE][PASSED] - Keys '*' sent to object: 'Object Repository/ADMIN/Edit Text/Bespoke/Admin Pages/Header_Footer/input_SELLER_sell'

2020-03-20 12:27:16 - [TEST_STEP][PASSED] - sendKeys(findTestObject("ADMIN/Edit Text/Bespoke/Admin Pages/Header_Footer/input_PROFILE_profile"), "*"): Keys '*' sent to object: 'Object Repository/ADMIN/Edit Text/Bespoke/Admin Pages/Header_Footer/input_PROFILE_profile'

2020-03-20 12:27:16 - [MESSAGE][PASSED] - Keys '*' sent to object: 'Object Repository/ADMIN/Edit Text/Bespoke/Admin Pages/Header_Footer/input_PROFILE_profile'

2020-03-20 12:27:16 - [TEST_STEP][PASSED] - sendKeys(findTestObject("ADMIN/Edit Text/Bespoke/Admin Pages/Header_Footer/input_Dashboard_Dashboard"), "*"): Keys '*' sent to object: 'Object Repository/ADMIN/Edit Text/Bespoke/Admin Pages/Header_Footer/input_Dashboard_Dashboard'

2020-03-20 12:27:17 - [MESSAGE][PASSED] - Keys '*' sent to object: 'Object Repository/ADMIN/Edit Text/Bespoke/Admin Pages/Header_Footer/input_Dashboard_Dashboard'

2020-03-20 12:27:17 - [TEST_STEP][PASSED] - sendKeys(findTestObject("ADMIN/Edit Text/Bespoke/Admin Pages/Header_Footer/input_Purchases_Purchases"), "*"): Keys '*' sent to object: 'Object Repository/ADMIN/Edit Text/Bespoke/Admin Pages/Header_Footer/input_Purchases_Purchases'

2020-03-20 12:27:17 - [MESSAGE][PASSED] - Keys '*' sent to object: 'Object Repository/ADMIN/Edit Text/Bespoke/Admin Pages/Header_Footer/input_Purchases_Purchases'

2020-03-20 12:27:17 - [TEST_STEP][PASSED] - sendKeys(findTestObject("ADMIN/Edit Text/Bespoke/Admin Pages/Header_Footer/input_Your Items_Your Items"), "*"): Keys '*' sent to object: 'Object Repository/ADMIN/Edit Text/Bespoke/Admin Pages/Header_Footer/input_Your Items_Your Items'

2020-03-20 12:27:17 - [MESSAGE][PASSED] - Keys '*' sent to object: 'Object Repository/ADMIN/Edit Text/Bespoke/Admin Pages/Header_Footer/input_Your Items_Your Items'

2020-03-20 12:27:17 - [TEST_STEP][PASSED] - sendKeys(findTestObject("ADMIN/Edit Text/Bespoke/Admin Pages/Header_Footer/input_Settings_Settings"), "*"): Keys '*' sent to object: 'Object Repository/ADMIN/Edit Text/Bespoke/Admin Pages/Header_Footer/input_Settings_Settings'

2020-03-20 12:27:17 - [MESSAGE][PASSED] - Keys '*' sent to object: 'Object Repository/ADMIN/Edit Text/Bespoke/Admin Pages/Header_Footer/input_Settings_Settings'

2020-03-20 12:27:17 - [TEST_STEP][PASSED] - sendKeys(findTestObject("ADMIN/Edit Text/Bespoke/Admin Pages/Header_Footer/input_Upload_Upload"), "*"): Keys '*' sent to object: 'Object Repository/ADMIN/Edit Text/Bespoke/Admin Pages/Header_Footer/input_Upload_Upload'

2020-03-20 12:27:17 - [MESSAGE][PASSED] - Keys '*' sent to object: 'Object Repository/ADMIN/Edit Text/Bespoke/Admin Pages/Header_Footer/input_Upload_Upload'

2020-03-20 12:27:17 - [TEST_STEP][PASSED] - sendKeys(findTestObject("ADMIN/Edit Text/Bespoke/Admin Pages/Header_Footer/input_Logout_Logout"), "*"): Keys '*' sent to object: 'Object Repository/ADMIN/Edit Text/Bespoke/Admin Pages/Header_Footer/input_Logout_Logout'

2020-03-20 12:27:17 - [MESSAGE][PASSED] - Keys '*' sent to object: 'Object Repository/ADMIN/Edit Text/Bespoke/Admin Pages/Header_Footer/input_Logout_Logout'

2020-03-20 12:27:17 - [TEST_STEP][PASSED] - sendKeys(findTestObject("ADMIN/Edit Text/Bespoke/Admin Pages/Header_Footer/input_Orders_Orders"), "*"): Keys '*' sent to object: 'Object Repository/ADMIN/Edit Text/Bespoke/Admin Pages/Header_Footer/input_Orders_Orders'

2020-03-20 12:27:18 - [MESSAGE][PASSED] - Keys '*' sent to object: 'Object Repository/ADMIN/Edit Text/Bespoke/Admin Pages/Header_Footer/input_Orders_Orders'

2020-03-20 12:27:18 - [TEST_STEP][PASSED] - sendKeys(findTestObject("ADMIN/Edit Text/Bespoke/Admin Pages/Header_Footer/input_Sub-accounts_Sub-accounts"), "*"): Keys '*' sent to object: 'Object Repository/ADMIN/Edit Text/Bespoke/Admin Pages/Header_Footer/input_Sub-accounts_Sub-accounts'

2020-03-20 12:27:18 - [MESSAGE][PASSED] - Keys '*' sent to object: 'Object Repository/ADMIN/Edit Text/Bespoke/Admin Pages/Header_Footer/input_Sub-accounts_Sub-accounts'

2020-03-20 12:27:18 - [TEST_STEP][PASSED] - sendKeys(findTestObject("ADMIN/Edit Text/Bespoke/Admin Pages/Header_Footer/input_Sales_Sales"), "*"): Keys '*' sent to object: 'Object Repository/ADMIN/Edit Text/Bespoke/Admin Pages/Header_Footer/input_Sales_Sales'

2020-03-20 12:27:18 - [MESSAGE][PASSED] - Keys '*' sent to object: 'Object Repository/ADMIN/Edit Text/Bespoke/Admin Pages/Header_Footer/input_Sales_Sales'

2020-03-20 12:27:18 - [TEST_STEP][PASSED] - sendKeys(findTestObject("ADMIN/Edit Text/Bespoke/Admin Pages/Header_Footer/input_Browse_Browse"), "*"): Keys '*' sent to object: 'Object Repository/ADMIN/Edit Text/Bespoke/Admin Pages/Header_Footer/input_Browse_Browse'

2020-03-20 12:27:18 - [MESSAGE][PASSED] - Keys '*' sent to object: 'Object Repository/ADMIN/Edit Text/Bespoke/Admin Pages/Header_Footer/input_Browse_Browse'

2020-03-20 12:27:18 - [TEST_STEP][PASSED] - sendKeys(findTestObject("ADMIN/Edit Text/Bespoke/Admin Pages/Header_Footer/input_SELLER_sell1"), "*"): Keys '*' sent to object: 'Object Repository/ADMIN/Edit Text/Bespoke/Admin Pages/Header_Footer/input_SELLER_sell1'

2020-03-20 12:27:18 - [MESSAGE][PASSED] - Keys '*' sent to object: 'Object Repository/ADMIN/Edit Text/Bespoke/Admin Pages/Header_Footer/input_SELLER_sell1'

2020-03-20 12:27:18 - [TEST_STEP][PASSED] - sendKeys(findTestObject("ADMIN/Edit Text/Bespoke/Admin Pages/Header_Footer/input_PROFILE_profile1"), "*"): Keys '*' sent to object: 'Object Repository/ADMIN/Edit Text/Bespoke/Admin Pages/Header_Footer/input_PROFILE_profile1'

2020-03-20 12:27:18 - [MESSAGE][PASSED] - Keys '*' sent to object: 'Object Repository/ADMIN/Edit Text/Bespoke/Admin Pages/Header_Footer/input_PROFILE_profile1'

2020-03-20 12:27:18 - [TEST_STEP][PASSED] - sendKeys(findTestObject("ADMIN/Edit Text/Bespoke/Admin Pages/Header_Footer/input_Dashboard_Dashboard1"), "*"): Keys '*' sent to object: 'Object Repository/ADMIN/Edit Text/Bespoke/Admin Pages/Header_Footer/input_Dashboard_Dashboard1'

2020-03-20 12:27:18 - [MESSAGE][PASSED] - Keys '*' sent to object: 'Object Repository/ADMIN/Edit Text/Bespoke/Admin Pages/Header_Footer/input_Dashboard_Dashboard1'

2020-03-20 12:27:18 - [TEST_STEP][PASSED] - sendKeys(findTestObject("ADMIN/Edit Text/Bespoke/Admin Pages/Header_Footer/input_Purchases_Purchases1"), "*"): Keys '*' sent to object: 'Object Repository/ADMIN/Edit Text/Bespoke/Admin Pages/Header_Footer/input_Purchases_Purchases1'

2020-03-20 12:27:18 - [MESSAGE][PASSED] - Keys '*' sent to object: 'Object Repository/ADMIN/Edit Text/Bespoke/Admin Pages/Header_Footer/input_Purchases_Purchases1'

2020-03-20 12:27:18 - [TEST_STEP][PASSED] - sendKeys(findTestObject("ADMIN/Edit Text/Bespoke/Admin Pages/Header_Footer/input_Your Items_Your Items1"), "*"): Keys '*' sent to object: 'Object Repository/ADMIN/Edit Text/Bespoke/Admin Pages/Header_Footer/input_Your Items_Your Items1'

2020-03-20 12:27:19 - [MESSAGE][PASSED] - Keys '*' sent to object: 'Object Repository/ADMIN/Edit Text/Bespoke/Admin Pages/Header_Footer/input_Your Items_Your Items1'

2020-03-20 12:27:19 - [TEST_STEP][PASSED] - sendKeys(findTestObject("ADMIN/Edit Text/Bespoke/Admin Pages/Header_Footer/input_Settings_Settings1"), "*"): Keys '*' sent to object: 'Object Repository/ADMIN/Edit Text/Bespoke/Admin Pages/Header_Footer/input_Settings_Settings1'

2020-03-20 12:27:19 - [MESSAGE][PASSED] - Keys '*' sent to object: 'Object Repository/ADMIN/Edit Text/Bespoke/Admin Pages/Header_Footer/input_Settings_Settings1'

2020-03-20 12:27:19 - [TEST_STEP][PASSED] - sendKeys(findTestObject("ADMIN/Edit Text/Bespoke/Admin Pages/Header_Footer/input_Upload_Upload1"), "*"): Keys '*' sent to object: 'Object Repository/ADMIN/Edit Text/Bespoke/Admin Pages/Header_Footer/input_Upload_Upload1'

2020-03-20 12:27:19 - [MESSAGE][PASSED] - Keys '*' sent to object: 'Object Repository/ADMIN/Edit Text/Bespoke/Admin Pages/Header_Footer/input_Upload_Upload1'

2020-03-20 12:27:19 - [TEST_STEP][PASSED] - sendKeys(findTestObject("ADMIN/Edit Text/Bespoke/Admin Pages/Header_Footer/input_Logout_Logout1"), "*"): Keys '*' sent to object: 'Object Repository/ADMIN/Edit Text/Bespoke/Admin Pages/Header_Footer/input_Logout_Logout1'

2020-03-20 12:27:19 - [MESSAGE][PASSED] - Keys '*' sent to object: 'Object Repository/ADMIN/Edit Text/Bespoke/Admin Pages/Header_Footer/input_Logout_Logout1'

2020-03-20 12:27:19 - [TEST_STEP][PASSED] - sendKeys(findTestObject("ADMIN/Edit Text/Bespoke/Admin Pages/Header_Footer/input_Orders_Orders1"), "*"): Keys '*' sent to object: 'Object Repository/ADMIN/Edit Text/Bespoke/Admin Pages/Header_Footer/input_Orders_Orders1'

2020-03-20 12:27:19 - [MESSAGE][PASSED] - Keys '*' sent to object: 'Object Repository/ADMIN/Edit Text/Bespoke/Admin Pages/Header_Footer/input_Orders_Orders1'

2020-03-20 12:27:19 - [TEST_STEP][PASSED] - sendKeys(findTestObject("ADMIN/Edit Text/Bespoke/Admin Pages/Header_Footer/input_Sales_Sales1"), "*"): Keys '*' sent to object: 'Object Repository/ADMIN/Edit Text/Bespoke/Admin Pages/Header_Footer/input_Sales_Sales1'

2020-03-20 12:27:19 - [MESSAGE][PASSED] - Keys '*' sent to object: 'Object Repository/ADMIN/Edit Text/Bespoke/Admin Pages/Header_Footer/input_Sales_Sales1'

2020-03-20 12:27:19 - [TEST_STEP][PASSED] - sendKeys(findTestObject("ADMIN/Edit Text/Bespoke/Admin Pages/Header_Footer/input_ABOUT US_ABOUT US"), "*"): Keys '*' sent to object: 'Object Repository/ADMIN/Edit Text/Bespoke/Admin Pages/Header_Footer/input_ABOUT US_ABOUT US'

2020-03-20 12:27:19 - [MESSAGE][PASSED] - Keys '*' sent to object: 'Object Repository/ADMIN/Edit Text/Bespoke/Admin Pages/Header_Footer/input_ABOUT US_ABOUT US'

2020-03-20 12:27:19 - [TEST_STEP][PASSED] - sendKeys(findTestObject("ADMIN/Edit Text/Bespoke/Admin Pages/Header_Footer/input_SERVICE TERMS_SERVICE TERMS"), "*"): Keys '*' sent to object: 'Object Repository/ADMIN/Edit Text/Bespoke/Admin Pages/Header_Footer/input_SERVICE TERMS_SERVICE TERMS'

2020-03-20 12:27:20 - [MESSAGE][PASSED] - Keys '*' sent to object: 'Object Repository/ADMIN/Edit Text/Bespoke/Admin Pages/Header_Footer/input_SERVICE TERMS_SERVICE TERMS'

2020-03-20 12:27:20 - [TEST_STEP][PASSED] - sendKeys(findTestObject("ADMIN/Edit Text/Bespoke/Admin Pages/Header_Footer/input_PRIVACY_PRIVACY"), "*"): Keys '*' sent to object: 'Object Repository/ADMIN/Edit Text/Bespoke/Admin Pages/Header_Footer/input_PRIVACY_PRIVACY'

2020-03-20 12:27:20 - [MESSAGE][PASSED] - Keys '*' sent to object: 'Object Repository/ADMIN/Edit Text/Bespoke/Admin Pages/Header_Footer/input_PRIVACY_PRIVACY'

2020-03-20 12:27:20 - [TEST_STEP][PASSED] - sendKeys(findTestObject("ADMIN/Edit Text/Bespoke/Admin Pages/Header_Footer/input_RETURNS_RETURNS"), "*"): Keys '*' sent to object: 'Object Repository/ADMIN/Edit Text/Bespoke/Admin Pages/Header_Footer/input_RETURNS_RETURNS'

2020-03-20 12:27:20 - [MESSAGE][PASSED] - Keys '*' sent to object: 'Object Repository/ADMIN/Edit Text/Bespoke/Admin Pages/Header_Footer/input_RETURNS_RETURNS'

2020-03-20 12:27:20 - [TEST_STEP][PASSED] - sendKeys(findTestObject("ADMIN/Edit Text/Bespoke/Admin Pages/Header_Footer/input_FAQ_FAQ"), "*"): Keys '*' sent to object: 'Object Repository/ADMIN/Edit Text/Bespoke/Admin Pages/Header_Footer/input_FAQ_FAQ'

2020-03-20 12:27:20 - [MESSAGE][PASSED] - Keys '*' sent to object: 'Object Repository/ADMIN/Edit Text/Bespoke/Admin Pages/Header_Footer/input_FAQ_FAQ'

2020-03-20 12:27:20 - [TEST_STEP][PASSED] - sendKeys(findTestObject("ADMIN/Edit Text/Bespoke/Admin Pages/Header_Footer/input_CONTACT_CONTACT"), "*"): Keys '*' sent to object: 'Object Repository/ADMIN/Edit Text/Bespoke/Admin Pages/Header_Footer/input_CONTACT_CONTACT'

2020-03-20 12:27:20 - [MESSAGE][PASSED] - Keys '*' sent to object: 'Object Repository/ADMIN/Edit Text/Bespoke/Admin Pages/Header_Footer/input_CONTACT_CONTACT'

2020-03-20 12:27:20 - [TEST_STEP][PASSED] - sendKeys(findTestObject("ADMIN/Edit Text/Bespoke/Admin Pages/Header_Footer/input_All rights reserved _foot_copyright"), "*"): Keys '*' sent to object: 'Object Repository/ADMIN/Edit Text/Bespoke/Admin Pages/Header_Footer/input_All rights reserved _foot_copyright'

2020-03-20 12:27:21 - [MESSAGE][PASSED] - Keys '*' sent to object: 'Object Repository/ADMIN/Edit Text/Bespoke/Admin Pages/Header_Footer/input_All rights reserved _foot_copyright'

2020-03-20 12:27:21 - [TEST_STEP][PASSED] - click(findTestObject("ADMIN/Edit Text/Bespoke/Buyer Pages/Homepage/button_save"), CONTINUE_ON_FAILURE): Object: 'Object Repository/ADMIN/Edit Text/Bespoke/Buyer Pages/Homepage/button_save' is clicked on

2020-03-20 12:27:21 - [MESSAGE][PASSED] - Object: 'Object Repository/ADMIN/Edit Text/Bespoke/Buyer Pages/Homepage/button_save' is clicked on

2020-03-20 12:27:21 - [TEST_STEP][PASSED] - waitForElementVisible(findTestObject("ADMIN/Edit Text/Bespoke/Buyer Pages/Homepage/toaster_success"), 0): Object 'Object Repository/ADMIN/Edit Text/Bespoke/Buyer Pages/Homepage/toaster_success' is visible

2020-03-20 12:27:21 - [MESSAGE][WARNING] - Timeout '0' is invalid. Using default page load timeout: '30'

2020-03-20 12:27:21 - [MESSAGE][PASSED] - Object 'Object Repository/ADMIN/Edit Text/Bespoke/Buyer Pages/Homepage/toaster_success' is visible]]></system-out>
         <system-err><![CDATA[]]></system-err>
      </testcase>
      <testcase name="Test Cases/ADMIN/Language/Edit Text/Bespoke/Admin Pages/Header_Footer" time="8.128" classname="Test Cases/ADMIN/Language/Edit Text/Bespoke/Admin Pages/Header_Footer" status="PASSED">
         <system-out><![CDATA[2020-03-20 12:27:21 - [TEST_CASE][PASSED] - Test Cases/ADMIN/Language/Edit Text/Bespoke/Admin Pages/Header_Footer: Test Cases/ADMIN/Language/Edit Text/Bespoke/Admin Pages/Header_Footer

2020-03-20 12:27:21 - [TEST_STEP][PASSED] - waitForElementVisible(findTestObject("ADMIN/Edit Text/Bespoke/Buyer Navigation/dd_language"), 0): Object 'Object Repository/ADMIN/Edit Text/Bespoke/Buyer Navigation/dd_language' is visible

2020-03-20 12:27:21 - [MESSAGE][WARNING] - Timeout '0' is invalid. Using default page load timeout: '30'

2020-03-20 12:27:22 - [MESSAGE][PASSED] - Object 'Object Repository/ADMIN/Edit Text/Bespoke/Buyer Navigation/dd_language' is visible

2020-03-20 12:27:22 - [TEST_STEP][PASSED] - selectOptionByLabel(findTestObject("ADMIN/Edit Text/Bespoke/Buyer Navigation/dd_language"), varLanguage, false): All options with label 'German' are selected in object 'Object Repository/ADMIN/Edit Text/Bespoke/Buyer Navigation/dd_language' 

2020-03-20 12:27:23 - [MESSAGE][PASSED] - All options with label 'German' are selected in object 'Object Repository/ADMIN/Edit Text/Bespoke/Buyer Navigation/dd_language' 

2020-03-20 12:27:23 - [TEST_STEP][PASSED] - sendKeys(findTestObject("ADMIN/Edit Text/Bespoke/Admin Pages/Header_Footer/input_Search_search"), "*"): Keys '*' sent to object: 'Object Repository/ADMIN/Edit Text/Bespoke/Admin Pages/Header_Footer/input_Search_search'

2020-03-20 12:27:24 - [MESSAGE][PASSED] - Keys '*' sent to object: 'Object Repository/ADMIN/Edit Text/Bespoke/Admin Pages/Header_Footer/input_Search_search'

2020-03-20 12:27:24 - [TEST_STEP][PASSED] - sendKeys(findTestObject("ADMIN/Edit Text/Bespoke/Admin Pages/Header_Footer/input_BE A SELLER_be_seller"), "*"): Keys '*' sent to object: 'Object Repository/ADMIN/Edit Text/Bespoke/Admin Pages/Header_Footer/input_BE A SELLER_be_seller'

2020-03-20 12:27:24 - [MESSAGE][PASSED] - Keys '*' sent to object: 'Object Repository/ADMIN/Edit Text/Bespoke/Admin Pages/Header_Footer/input_BE A SELLER_be_seller'

2020-03-20 12:27:24 - [TEST_STEP][PASSED] - sendKeys(findTestObject("ADMIN/Edit Text/Bespoke/Admin Pages/Header_Footer/input_MORE_more"), "*"): Keys '*' sent to object: 'Object Repository/ADMIN/Edit Text/Bespoke/Admin Pages/Header_Footer/input_MORE_more'

2020-03-20 12:27:24 - [MESSAGE][PASSED] - Keys '*' sent to object: 'Object Repository/ADMIN/Edit Text/Bespoke/Admin Pages/Header_Footer/input_MORE_more'

2020-03-20 12:27:24 - [TEST_STEP][PASSED] - sendKeys(findTestObject("ADMIN/Edit Text/Bespoke/Admin Pages/Header_Footer/input_VIEW CART_btn_next"), "*"): Keys '*' sent to object: 'Object Repository/ADMIN/Edit Text/Bespoke/Admin Pages/Header_Footer/input_VIEW CART_btn_next'

2020-03-20 12:27:24 - [MESSAGE][PASSED] - Keys '*' sent to object: 'Object Repository/ADMIN/Edit Text/Bespoke/Admin Pages/Header_Footer/input_VIEW CART_btn_next'

2020-03-20 12:27:24 - [TEST_STEP][PASSED] - sendKeys(findTestObject("ADMIN/Edit Text/Bespoke/Admin Pages/Header_Footer/input_REGISTER  SIGN IN_register_signin"), "*"): Keys '*' sent to object: 'Object Repository/ADMIN/Edit Text/Bespoke/Admin Pages/Header_Footer/input_REGISTER  SIGN IN_register_signin'

2020-03-20 12:27:24 - [MESSAGE][PASSED] - Keys '*' sent to object: 'Object Repository/ADMIN/Edit Text/Bespoke/Admin Pages/Header_Footer/input_REGISTER  SIGN IN_register_signin'

2020-03-20 12:27:24 - [TEST_STEP][PASSED] - sendKeys(findTestObject("ADMIN/Edit Text/Bespoke/Admin Pages/Header_Footer/input_SELLER_sell"), "*"): Keys '*' sent to object: 'Object Repository/ADMIN/Edit Text/Bespoke/Admin Pages/Header_Footer/input_SELLER_sell'

2020-03-20 12:27:24 - [MESSAGE][PASSED] - Keys '*' sent to object: 'Object Repository/ADMIN/Edit Text/Bespoke/Admin Pages/Header_Footer/input_SELLER_sell'

2020-03-20 12:27:24 - [TEST_STEP][PASSED] - sendKeys(findTestObject("ADMIN/Edit Text/Bespoke/Admin Pages/Header_Footer/input_PROFILE_profile"), "*"): Keys '*' sent to object: 'Object Repository/ADMIN/Edit Text/Bespoke/Admin Pages/Header_Footer/input_PROFILE_profile'

2020-03-20 12:27:25 - [MESSAGE][PASSED] - Keys '*' sent to object: 'Object Repository/ADMIN/Edit Text/Bespoke/Admin Pages/Header_Footer/input_PROFILE_profile'

2020-03-20 12:27:25 - [TEST_STEP][PASSED] - sendKeys(findTestObject("ADMIN/Edit Text/Bespoke/Admin Pages/Header_Footer/input_Dashboard_Dashboard"), "*"): Keys '*' sent to object: 'Object Repository/ADMIN/Edit Text/Bespoke/Admin Pages/Header_Footer/input_Dashboard_Dashboard'

2020-03-20 12:27:25 - [MESSAGE][PASSED] - Keys '*' sent to object: 'Object Repository/ADMIN/Edit Text/Bespoke/Admin Pages/Header_Footer/input_Dashboard_Dashboard'

2020-03-20 12:27:25 - [TEST_STEP][PASSED] - sendKeys(findTestObject("ADMIN/Edit Text/Bespoke/Admin Pages/Header_Footer/input_Purchases_Purchases"), "*"): Keys '*' sent to object: 'Object Repository/ADMIN/Edit Text/Bespoke/Admin Pages/Header_Footer/input_Purchases_Purchases'

2020-03-20 12:27:25 - [MESSAGE][PASSED] - Keys '*' sent to object: 'Object Repository/ADMIN/Edit Text/Bespoke/Admin Pages/Header_Footer/input_Purchases_Purchases'

2020-03-20 12:27:25 - [TEST_STEP][PASSED] - sendKeys(findTestObject("ADMIN/Edit Text/Bespoke/Admin Pages/Header_Footer/input_Your Items_Your Items"), "*"): Keys '*' sent to object: 'Object Repository/ADMIN/Edit Text/Bespoke/Admin Pages/Header_Footer/input_Your Items_Your Items'

2020-03-20 12:27:25 - [MESSAGE][PASSED] - Keys '*' sent to object: 'Object Repository/ADMIN/Edit Text/Bespoke/Admin Pages/Header_Footer/input_Your Items_Your Items'

2020-03-20 12:27:25 - [TEST_STEP][PASSED] - sendKeys(findTestObject("ADMIN/Edit Text/Bespoke/Admin Pages/Header_Footer/input_Settings_Settings"), "*"): Keys '*' sent to object: 'Object Repository/ADMIN/Edit Text/Bespoke/Admin Pages/Header_Footer/input_Settings_Settings'

2020-03-20 12:27:25 - [MESSAGE][PASSED] - Keys '*' sent to object: 'Object Repository/ADMIN/Edit Text/Bespoke/Admin Pages/Header_Footer/input_Settings_Settings'

2020-03-20 12:27:25 - [TEST_STEP][PASSED] - sendKeys(findTestObject("ADMIN/Edit Text/Bespoke/Admin Pages/Header_Footer/input_Upload_Upload"), "*"): Keys '*' sent to object: 'Object Repository/ADMIN/Edit Text/Bespoke/Admin Pages/Header_Footer/input_Upload_Upload'

2020-03-20 12:27:25 - [MESSAGE][PASSED] - Keys '*' sent to object: 'Object Repository/ADMIN/Edit Text/Bespoke/Admin Pages/Header_Footer/input_Upload_Upload'

2020-03-20 12:27:25 - [TEST_STEP][PASSED] - sendKeys(findTestObject("ADMIN/Edit Text/Bespoke/Admin Pages/Header_Footer/input_Logout_Logout"), "*"): Keys '*' sent to object: 'Object Repository/ADMIN/Edit Text/Bespoke/Admin Pages/Header_Footer/input_Logout_Logout'

2020-03-20 12:27:25 - [MESSAGE][PASSED] - Keys '*' sent to object: 'Object Repository/ADMIN/Edit Text/Bespoke/Admin Pages/Header_Footer/input_Logout_Logout'

2020-03-20 12:27:25 - [TEST_STEP][PASSED] - sendKeys(findTestObject("ADMIN/Edit Text/Bespoke/Admin Pages/Header_Footer/input_Orders_Orders"), "*"): Keys '*' sent to object: 'Object Repository/ADMIN/Edit Text/Bespoke/Admin Pages/Header_Footer/input_Orders_Orders'

2020-03-20 12:27:26 - [MESSAGE][PASSED] - Keys '*' sent to object: 'Object Repository/ADMIN/Edit Text/Bespoke/Admin Pages/Header_Footer/input_Orders_Orders'

2020-03-20 12:27:26 - [TEST_STEP][PASSED] - sendKeys(findTestObject("ADMIN/Edit Text/Bespoke/Admin Pages/Header_Footer/input_Sub-accounts_Sub-accounts"), "*"): Keys '*' sent to object: 'Object Repository/ADMIN/Edit Text/Bespoke/Admin Pages/Header_Footer/input_Sub-accounts_Sub-accounts'

2020-03-20 12:27:26 - [MESSAGE][PASSED] - Keys '*' sent to object: 'Object Repository/ADMIN/Edit Text/Bespoke/Admin Pages/Header_Footer/input_Sub-accounts_Sub-accounts'

2020-03-20 12:27:26 - [TEST_STEP][PASSED] - sendKeys(findTestObject("ADMIN/Edit Text/Bespoke/Admin Pages/Header_Footer/input_Sales_Sales"), "*"): Keys '*' sent to object: 'Object Repository/ADMIN/Edit Text/Bespoke/Admin Pages/Header_Footer/input_Sales_Sales'

2020-03-20 12:27:26 - [MESSAGE][PASSED] - Keys '*' sent to object: 'Object Repository/ADMIN/Edit Text/Bespoke/Admin Pages/Header_Footer/input_Sales_Sales'

2020-03-20 12:27:26 - [TEST_STEP][PASSED] - sendKeys(findTestObject("ADMIN/Edit Text/Bespoke/Admin Pages/Header_Footer/input_Browse_Browse"), "*"): Keys '*' sent to object: 'Object Repository/ADMIN/Edit Text/Bespoke/Admin Pages/Header_Footer/input_Browse_Browse'

2020-03-20 12:27:26 - [MESSAGE][PASSED] - Keys '*' sent to object: 'Object Repository/ADMIN/Edit Text/Bespoke/Admin Pages/Header_Footer/input_Browse_Browse'

2020-03-20 12:27:26 - [TEST_STEP][PASSED] - sendKeys(findTestObject("ADMIN/Edit Text/Bespoke/Admin Pages/Header_Footer/input_SELLER_sell1"), "*"): Keys '*' sent to object: 'Object Repository/ADMIN/Edit Text/Bespoke/Admin Pages/Header_Footer/input_SELLER_sell1'

2020-03-20 12:27:26 - [MESSAGE][PASSED] - Keys '*' sent to object: 'Object Repository/ADMIN/Edit Text/Bespoke/Admin Pages/Header_Footer/input_SELLER_sell1'

2020-03-20 12:27:26 - [TEST_STEP][PASSED] - sendKeys(findTestObject("ADMIN/Edit Text/Bespoke/Admin Pages/Header_Footer/input_PROFILE_profile1"), "*"): Keys '*' sent to object: 'Object Repository/ADMIN/Edit Text/Bespoke/Admin Pages/Header_Footer/input_PROFILE_profile1'

2020-03-20 12:27:26 - [MESSAGE][PASSED] - Keys '*' sent to object: 'Object Repository/ADMIN/Edit Text/Bespoke/Admin Pages/Header_Footer/input_PROFILE_profile1'

2020-03-20 12:27:26 - [TEST_STEP][PASSED] - sendKeys(findTestObject("ADMIN/Edit Text/Bespoke/Admin Pages/Header_Footer/input_Dashboard_Dashboard1"), "*"): Keys '*' sent to object: 'Object Repository/ADMIN/Edit Text/Bespoke/Admin Pages/Header_Footer/input_Dashboard_Dashboard1'

2020-03-20 12:27:26 - [MESSAGE][PASSED] - Keys '*' sent to object: 'Object Repository/ADMIN/Edit Text/Bespoke/Admin Pages/Header_Footer/input_Dashboard_Dashboard1'

2020-03-20 12:27:26 - [TEST_STEP][PASSED] - sendKeys(findTestObject("ADMIN/Edit Text/Bespoke/Admin Pages/Header_Footer/input_Purchases_Purchases1"), "*"): Keys '*' sent to object: 'Object Repository/ADMIN/Edit Text/Bespoke/Admin Pages/Header_Footer/input_Purchases_Purchases1'

2020-03-20 12:27:27 - [MESSAGE][PASSED] - Keys '*' sent to object: 'Object Repository/ADMIN/Edit Text/Bespoke/Admin Pages/Header_Footer/input_Purchases_Purchases1'

2020-03-20 12:27:27 - [TEST_STEP][PASSED] - sendKeys(findTestObject("ADMIN/Edit Text/Bespoke/Admin Pages/Header_Footer/input_Your Items_Your Items1"), "*"): Keys '*' sent to object: 'Object Repository/ADMIN/Edit Text/Bespoke/Admin Pages/Header_Footer/input_Your Items_Your Items1'

2020-03-20 12:27:27 - [MESSAGE][PASSED] - Keys '*' sent to object: 'Object Repository/ADMIN/Edit Text/Bespoke/Admin Pages/Header_Footer/input_Your Items_Your Items1'

2020-03-20 12:27:27 - [TEST_STEP][PASSED] - sendKeys(findTestObject("ADMIN/Edit Text/Bespoke/Admin Pages/Header_Footer/input_Settings_Settings1"), "*"): Keys '*' sent to object: 'Object Repository/ADMIN/Edit Text/Bespoke/Admin Pages/Header_Footer/input_Settings_Settings1'

2020-03-20 12:27:27 - [MESSAGE][PASSED] - Keys '*' sent to object: 'Object Repository/ADMIN/Edit Text/Bespoke/Admin Pages/Header_Footer/input_Settings_Settings1'

2020-03-20 12:27:27 - [TEST_STEP][PASSED] - sendKeys(findTestObject("ADMIN/Edit Text/Bespoke/Admin Pages/Header_Footer/input_Upload_Upload1"), "*"): Keys '*' sent to object: 'Object Repository/ADMIN/Edit Text/Bespoke/Admin Pages/Header_Footer/input_Upload_Upload1'

2020-03-20 12:27:27 - [MESSAGE][PASSED] - Keys '*' sent to object: 'Object Repository/ADMIN/Edit Text/Bespoke/Admin Pages/Header_Footer/input_Upload_Upload1'

2020-03-20 12:27:27 - [TEST_STEP][PASSED] - sendKeys(findTestObject("ADMIN/Edit Text/Bespoke/Admin Pages/Header_Footer/input_Logout_Logout1"), "*"): Keys '*' sent to object: 'Object Repository/ADMIN/Edit Text/Bespoke/Admin Pages/Header_Footer/input_Logout_Logout1'

2020-03-20 12:27:27 - [MESSAGE][PASSED] - Keys '*' sent to object: 'Object Repository/ADMIN/Edit Text/Bespoke/Admin Pages/Header_Footer/input_Logout_Logout1'

2020-03-20 12:27:27 - [TEST_STEP][PASSED] - sendKeys(findTestObject("ADMIN/Edit Text/Bespoke/Admin Pages/Header_Footer/input_Orders_Orders1"), "*"): Keys '*' sent to object: 'Object Repository/ADMIN/Edit Text/Bespoke/Admin Pages/Header_Footer/input_Orders_Orders1'

2020-03-20 12:27:28 - [MESSAGE][PASSED] - Keys '*' sent to object: 'Object Repository/ADMIN/Edit Text/Bespoke/Admin Pages/Header_Footer/input_Orders_Orders1'

2020-03-20 12:27:28 - [TEST_STEP][PASSED] - sendKeys(findTestObject("ADMIN/Edit Text/Bespoke/Admin Pages/Header_Footer/input_Sales_Sales1"), "*"): Keys '*' sent to object: 'Object Repository/ADMIN/Edit Text/Bespoke/Admin Pages/Header_Footer/input_Sales_Sales1'

2020-03-20 12:27:28 - [MESSAGE][PASSED] - Keys '*' sent to object: 'Object Repository/ADMIN/Edit Text/Bespoke/Admin Pages/Header_Footer/input_Sales_Sales1'

2020-03-20 12:27:28 - [TEST_STEP][PASSED] - sendKeys(findTestObject("ADMIN/Edit Text/Bespoke/Admin Pages/Header_Footer/input_ABOUT US_ABOUT US"), "*"): Keys '*' sent to object: 'Object Repository/ADMIN/Edit Text/Bespoke/Admin Pages/Header_Footer/input_ABOUT US_ABOUT US'

2020-03-20 12:27:28 - [MESSAGE][PASSED] - Keys '*' sent to object: 'Object Repository/ADMIN/Edit Text/Bespoke/Admin Pages/Header_Footer/input_ABOUT US_ABOUT US'

2020-03-20 12:27:28 - [TEST_STEP][PASSED] - sendKeys(findTestObject("ADMIN/Edit Text/Bespoke/Admin Pages/Header_Footer/input_SERVICE TERMS_SERVICE TERMS"), "*"): Keys '*' sent to object: 'Object Repository/ADMIN/Edit Text/Bespoke/Admin Pages/Header_Footer/input_SERVICE TERMS_SERVICE TERMS'

2020-03-20 12:27:28 - [MESSAGE][PASSED] - Keys '*' sent to object: 'Object Repository/ADMIN/Edit Text/Bespoke/Admin Pages/Header_Footer/input_SERVICE TERMS_SERVICE TERMS'

2020-03-20 12:27:28 - [TEST_STEP][PASSED] - sendKeys(findTestObject("ADMIN/Edit Text/Bespoke/Admin Pages/Header_Footer/input_PRIVACY_PRIVACY"), "*"): Keys '*' sent to object: 'Object Repository/ADMIN/Edit Text/Bespoke/Admin Pages/Header_Footer/input_PRIVACY_PRIVACY'

2020-03-20 12:27:28 - [MESSAGE][PASSED] - Keys '*' sent to object: 'Object Repository/ADMIN/Edit Text/Bespoke/Admin Pages/Header_Footer/input_PRIVACY_PRIVACY'

2020-03-20 12:27:28 - [TEST_STEP][PASSED] - sendKeys(findTestObject("ADMIN/Edit Text/Bespoke/Admin Pages/Header_Footer/input_RETURNS_RETURNS"), "*"): Keys '*' sent to object: 'Object Repository/ADMIN/Edit Text/Bespoke/Admin Pages/Header_Footer/input_RETURNS_RETURNS'

2020-03-20 12:27:28 - [MESSAGE][PASSED] - Keys '*' sent to object: 'Object Repository/ADMIN/Edit Text/Bespoke/Admin Pages/Header_Footer/input_RETURNS_RETURNS'

2020-03-20 12:27:28 - [TEST_STEP][PASSED] - sendKeys(findTestObject("ADMIN/Edit Text/Bespoke/Admin Pages/Header_Footer/input_FAQ_FAQ"), "*"): Keys '*' sent to object: 'Object Repository/ADMIN/Edit Text/Bespoke/Admin Pages/Header_Footer/input_FAQ_FAQ'

2020-03-20 12:27:28 - [MESSAGE][PASSED] - Keys '*' sent to object: 'Object Repository/ADMIN/Edit Text/Bespoke/Admin Pages/Header_Footer/input_FAQ_FAQ'

2020-03-20 12:27:28 - [TEST_STEP][PASSED] - sendKeys(findTestObject("ADMIN/Edit Text/Bespoke/Admin Pages/Header_Footer/input_CONTACT_CONTACT"), "*"): Keys '*' sent to object: 'Object Repository/ADMIN/Edit Text/Bespoke/Admin Pages/Header_Footer/input_CONTACT_CONTACT'

2020-03-20 12:27:28 - [MESSAGE][PASSED] - Keys '*' sent to object: 'Object Repository/ADMIN/Edit Text/Bespoke/Admin Pages/Header_Footer/input_CONTACT_CONTACT'

2020-03-20 12:27:28 - [TEST_STEP][PASSED] - sendKeys(findTestObject("ADMIN/Edit Text/Bespoke/Admin Pages/Header_Footer/input_All rights reserved _foot_copyright"), "*"): Keys '*' sent to object: 'Object Repository/ADMIN/Edit Text/Bespoke/Admin Pages/Header_Footer/input_All rights reserved _foot_copyright'

2020-03-20 12:27:29 - [MESSAGE][PASSED] - Keys '*' sent to object: 'Object Repository/ADMIN/Edit Text/Bespoke/Admin Pages/Header_Footer/input_All rights reserved _foot_copyright'

2020-03-20 12:27:29 - [TEST_STEP][PASSED] - click(findTestObject("ADMIN/Edit Text/Bespoke/Buyer Pages/Homepage/button_save"), CONTINUE_ON_FAILURE): Object: 'Object Repository/ADMIN/Edit Text/Bespoke/Buyer Pages/Homepage/button_save' is clicked on

2020-03-20 12:27:29 - [MESSAGE][PASSED] - Object: 'Object Repository/ADMIN/Edit Text/Bespoke/Buyer Pages/Homepage/button_save' is clicked on

2020-03-20 12:27:29 - [TEST_STEP][PASSED] - waitForElementVisible(findTestObject("ADMIN/Edit Text/Bespoke/Buyer Pages/Homepage/toaster_success"), 0): Object 'Object Repository/ADMIN/Edit Text/Bespoke/Buyer Pages/Homepage/toaster_success' is visible

2020-03-20 12:27:29 - [MESSAGE][WARNING] - Timeout '0' is invalid. Using default page load timeout: '30'

2020-03-20 12:27:29 - [MESSAGE][PASSED] - Object 'Object Repository/ADMIN/Edit Text/Bespoke/Buyer Pages/Homepage/toaster_success' is visible]]></system-out>
         <system-err><![CDATA[]]></system-err>
      </testcase>
      <testcase name="Test Cases/ADMIN/Language/Edit Text/Bespoke/Admin Pages/Header_Footer" time="7.1" classname="Test Cases/ADMIN/Language/Edit Text/Bespoke/Admin Pages/Header_Footer" status="PASSED">
         <system-out><![CDATA[2020-03-20 12:27:29 - [TEST_CASE][PASSED] - Test Cases/ADMIN/Language/Edit Text/Bespoke/Admin Pages/Header_Footer: Test Cases/ADMIN/Language/Edit Text/Bespoke/Admin Pages/Header_Footer

2020-03-20 12:27:29 - [TEST_STEP][PASSED] - waitForElementVisible(findTestObject("ADMIN/Edit Text/Bespoke/Buyer Navigation/dd_language"), 0): Object 'Object Repository/ADMIN/Edit Text/Bespoke/Buyer Navigation/dd_language' is visible

2020-03-20 12:27:29 - [MESSAGE][WARNING] - Timeout '0' is invalid. Using default page load timeout: '30'

2020-03-20 12:27:30 - [MESSAGE][PASSED] - Object 'Object Repository/ADMIN/Edit Text/Bespoke/Buyer Navigation/dd_language' is visible

2020-03-20 12:27:30 - [TEST_STEP][PASSED] - selectOptionByLabel(findTestObject("ADMIN/Edit Text/Bespoke/Buyer Navigation/dd_language"), varLanguage, false): All options with label 'Japanese' are selected in object 'Object Repository/ADMIN/Edit Text/Bespoke/Buyer Navigation/dd_language' 

2020-03-20 12:27:31 - [MESSAGE][PASSED] - All options with label 'Japanese' are selected in object 'Object Repository/ADMIN/Edit Text/Bespoke/Buyer Navigation/dd_language' 

2020-03-20 12:27:31 - [TEST_STEP][PASSED] - sendKeys(findTestObject("ADMIN/Edit Text/Bespoke/Admin Pages/Header_Footer/input_Search_search"), "*"): Keys '*' sent to object: 'Object Repository/ADMIN/Edit Text/Bespoke/Admin Pages/Header_Footer/input_Search_search'

2020-03-20 12:27:31 - [MESSAGE][PASSED] - Keys '*' sent to object: 'Object Repository/ADMIN/Edit Text/Bespoke/Admin Pages/Header_Footer/input_Search_search'

2020-03-20 12:27:31 - [TEST_STEP][PASSED] - sendKeys(findTestObject("ADMIN/Edit Text/Bespoke/Admin Pages/Header_Footer/input_BE A SELLER_be_seller"), "*"): Keys '*' sent to object: 'Object Repository/ADMIN/Edit Text/Bespoke/Admin Pages/Header_Footer/input_BE A SELLER_be_seller'

2020-03-20 12:27:31 - [MESSAGE][PASSED] - Keys '*' sent to object: 'Object Repository/ADMIN/Edit Text/Bespoke/Admin Pages/Header_Footer/input_BE A SELLER_be_seller'

2020-03-20 12:27:31 - [TEST_STEP][PASSED] - sendKeys(findTestObject("ADMIN/Edit Text/Bespoke/Admin Pages/Header_Footer/input_MORE_more"), "*"): Keys '*' sent to object: 'Object Repository/ADMIN/Edit Text/Bespoke/Admin Pages/Header_Footer/input_MORE_more'

2020-03-20 12:27:32 - [MESSAGE][PASSED] - Keys '*' sent to object: 'Object Repository/ADMIN/Edit Text/Bespoke/Admin Pages/Header_Footer/input_MORE_more'

2020-03-20 12:27:32 - [TEST_STEP][PASSED] - sendKeys(findTestObject("ADMIN/Edit Text/Bespoke/Admin Pages/Header_Footer/input_VIEW CART_btn_next"), "*"): Keys '*' sent to object: 'Object Repository/ADMIN/Edit Text/Bespoke/Admin Pages/Header_Footer/input_VIEW CART_btn_next'

2020-03-20 12:27:32 - [MESSAGE][PASSED] - Keys '*' sent to object: 'Object Repository/ADMIN/Edit Text/Bespoke/Admin Pages/Header_Footer/input_VIEW CART_btn_next'

2020-03-20 12:27:32 - [TEST_STEP][PASSED] - sendKeys(findTestObject("ADMIN/Edit Text/Bespoke/Admin Pages/Header_Footer/input_REGISTER  SIGN IN_register_signin"), "*"): Keys '*' sent to object: 'Object Repository/ADMIN/Edit Text/Bespoke/Admin Pages/Header_Footer/input_REGISTER  SIGN IN_register_signin'

2020-03-20 12:27:32 - [MESSAGE][PASSED] - Keys '*' sent to object: 'Object Repository/ADMIN/Edit Text/Bespoke/Admin Pages/Header_Footer/input_REGISTER  SIGN IN_register_signin'

2020-03-20 12:27:32 - [TEST_STEP][PASSED] - sendKeys(findTestObject("ADMIN/Edit Text/Bespoke/Admin Pages/Header_Footer/input_SELLER_sell"), "*"): Keys '*' sent to object: 'Object Repository/ADMIN/Edit Text/Bespoke/Admin Pages/Header_Footer/input_SELLER_sell'

2020-03-20 12:27:32 - [MESSAGE][PASSED] - Keys '*' sent to object: 'Object Repository/ADMIN/Edit Text/Bespoke/Admin Pages/Header_Footer/input_SELLER_sell'

2020-03-20 12:27:32 - [TEST_STEP][PASSED] - sendKeys(findTestObject("ADMIN/Edit Text/Bespoke/Admin Pages/Header_Footer/input_PROFILE_profile"), "*"): Keys '*' sent to object: 'Object Repository/ADMIN/Edit Text/Bespoke/Admin Pages/Header_Footer/input_PROFILE_profile'

2020-03-20 12:27:32 - [MESSAGE][PASSED] - Keys '*' sent to object: 'Object Repository/ADMIN/Edit Text/Bespoke/Admin Pages/Header_Footer/input_PROFILE_profile'

2020-03-20 12:27:32 - [TEST_STEP][PASSED] - sendKeys(findTestObject("ADMIN/Edit Text/Bespoke/Admin Pages/Header_Footer/input_Dashboard_Dashboard"), "*"): Keys '*' sent to object: 'Object Repository/ADMIN/Edit Text/Bespoke/Admin Pages/Header_Footer/input_Dashboard_Dashboard'

2020-03-20 12:27:33 - [MESSAGE][PASSED] - Keys '*' sent to object: 'Object Repository/ADMIN/Edit Text/Bespoke/Admin Pages/Header_Footer/input_Dashboard_Dashboard'

2020-03-20 12:27:33 - [TEST_STEP][PASSED] - sendKeys(findTestObject("ADMIN/Edit Text/Bespoke/Admin Pages/Header_Footer/input_Purchases_Purchases"), "*"): Keys '*' sent to object: 'Object Repository/ADMIN/Edit Text/Bespoke/Admin Pages/Header_Footer/input_Purchases_Purchases'

2020-03-20 12:27:33 - [MESSAGE][PASSED] - Keys '*' sent to object: 'Object Repository/ADMIN/Edit Text/Bespoke/Admin Pages/Header_Footer/input_Purchases_Purchases'

2020-03-20 12:27:33 - [TEST_STEP][PASSED] - sendKeys(findTestObject("ADMIN/Edit Text/Bespoke/Admin Pages/Header_Footer/input_Your Items_Your Items"), "*"): Keys '*' sent to object: 'Object Repository/ADMIN/Edit Text/Bespoke/Admin Pages/Header_Footer/input_Your Items_Your Items'

2020-03-20 12:27:33 - [MESSAGE][PASSED] - Keys '*' sent to object: 'Object Repository/ADMIN/Edit Text/Bespoke/Admin Pages/Header_Footer/input_Your Items_Your Items'

2020-03-20 12:27:33 - [TEST_STEP][PASSED] - sendKeys(findTestObject("ADMIN/Edit Text/Bespoke/Admin Pages/Header_Footer/input_Settings_Settings"), "*"): Keys '*' sent to object: 'Object Repository/ADMIN/Edit Text/Bespoke/Admin Pages/Header_Footer/input_Settings_Settings'

2020-03-20 12:27:33 - [MESSAGE][PASSED] - Keys '*' sent to object: 'Object Repository/ADMIN/Edit Text/Bespoke/Admin Pages/Header_Footer/input_Settings_Settings'

2020-03-20 12:27:33 - [TEST_STEP][PASSED] - sendKeys(findTestObject("ADMIN/Edit Text/Bespoke/Admin Pages/Header_Footer/input_Upload_Upload"), "*"): Keys '*' sent to object: 'Object Repository/ADMIN/Edit Text/Bespoke/Admin Pages/Header_Footer/input_Upload_Upload'

2020-03-20 12:27:33 - [MESSAGE][PASSED] - Keys '*' sent to object: 'Object Repository/ADMIN/Edit Text/Bespoke/Admin Pages/Header_Footer/input_Upload_Upload'

2020-03-20 12:27:33 - [TEST_STEP][PASSED] - sendKeys(findTestObject("ADMIN/Edit Text/Bespoke/Admin Pages/Header_Footer/input_Logout_Logout"), "*"): Keys '*' sent to object: 'Object Repository/ADMIN/Edit Text/Bespoke/Admin Pages/Header_Footer/input_Logout_Logout'

2020-03-20 12:27:33 - [MESSAGE][PASSED] - Keys '*' sent to object: 'Object Repository/ADMIN/Edit Text/Bespoke/Admin Pages/Header_Footer/input_Logout_Logout'

2020-03-20 12:27:33 - [TEST_STEP][PASSED] - sendKeys(findTestObject("ADMIN/Edit Text/Bespoke/Admin Pages/Header_Footer/input_Orders_Orders"), "*"): Keys '*' sent to object: 'Object Repository/ADMIN/Edit Text/Bespoke/Admin Pages/Header_Footer/input_Orders_Orders'

2020-03-20 12:27:33 - [MESSAGE][PASSED] - Keys '*' sent to object: 'Object Repository/ADMIN/Edit Text/Bespoke/Admin Pages/Header_Footer/input_Orders_Orders'

2020-03-20 12:27:33 - [TEST_STEP][PASSED] - sendKeys(findTestObject("ADMIN/Edit Text/Bespoke/Admin Pages/Header_Footer/input_Sub-accounts_Sub-accounts"), "*"): Keys '*' sent to object: 'Object Repository/ADMIN/Edit Text/Bespoke/Admin Pages/Header_Footer/input_Sub-accounts_Sub-accounts'

2020-03-20 12:27:33 - [MESSAGE][PASSED] - Keys '*' sent to object: 'Object Repository/ADMIN/Edit Text/Bespoke/Admin Pages/Header_Footer/input_Sub-accounts_Sub-accounts'

2020-03-20 12:27:33 - [TEST_STEP][PASSED] - sendKeys(findTestObject("ADMIN/Edit Text/Bespoke/Admin Pages/Header_Footer/input_Sales_Sales"), "*"): Keys '*' sent to object: 'Object Repository/ADMIN/Edit Text/Bespoke/Admin Pages/Header_Footer/input_Sales_Sales'

2020-03-20 12:27:34 - [MESSAGE][PASSED] - Keys '*' sent to object: 'Object Repository/ADMIN/Edit Text/Bespoke/Admin Pages/Header_Footer/input_Sales_Sales'

2020-03-20 12:27:34 - [TEST_STEP][PASSED] - sendKeys(findTestObject("ADMIN/Edit Text/Bespoke/Admin Pages/Header_Footer/input_Browse_Browse"), "*"): Keys '*' sent to object: 'Object Repository/ADMIN/Edit Text/Bespoke/Admin Pages/Header_Footer/input_Browse_Browse'

2020-03-20 12:27:34 - [MESSAGE][PASSED] - Keys '*' sent to object: 'Object Repository/ADMIN/Edit Text/Bespoke/Admin Pages/Header_Footer/input_Browse_Browse'

2020-03-20 12:27:34 - [TEST_STEP][PASSED] - sendKeys(findTestObject("ADMIN/Edit Text/Bespoke/Admin Pages/Header_Footer/input_SELLER_sell1"), "*"): Keys '*' sent to object: 'Object Repository/ADMIN/Edit Text/Bespoke/Admin Pages/Header_Footer/input_SELLER_sell1'

2020-03-20 12:27:34 - [MESSAGE][PASSED] - Keys '*' sent to object: 'Object Repository/ADMIN/Edit Text/Bespoke/Admin Pages/Header_Footer/input_SELLER_sell1'

2020-03-20 12:27:34 - [TEST_STEP][PASSED] - sendKeys(findTestObject("ADMIN/Edit Text/Bespoke/Admin Pages/Header_Footer/input_PROFILE_profile1"), "*"): Keys '*' sent to object: 'Object Repository/ADMIN/Edit Text/Bespoke/Admin Pages/Header_Footer/input_PROFILE_profile1'

2020-03-20 12:27:34 - [MESSAGE][PASSED] - Keys '*' sent to object: 'Object Repository/ADMIN/Edit Text/Bespoke/Admin Pages/Header_Footer/input_PROFILE_profile1'

2020-03-20 12:27:34 - [TEST_STEP][PASSED] - sendKeys(findTestObject("ADMIN/Edit Text/Bespoke/Admin Pages/Header_Footer/input_Dashboard_Dashboard1"), "*"): Keys '*' sent to object: 'Object Repository/ADMIN/Edit Text/Bespoke/Admin Pages/Header_Footer/input_Dashboard_Dashboard1'

2020-03-20 12:27:34 - [MESSAGE][PASSED] - Keys '*' sent to object: 'Object Repository/ADMIN/Edit Text/Bespoke/Admin Pages/Header_Footer/input_Dashboard_Dashboard1'

2020-03-20 12:27:34 - [TEST_STEP][PASSED] - sendKeys(findTestObject("ADMIN/Edit Text/Bespoke/Admin Pages/Header_Footer/input_Purchases_Purchases1"), "*"): Keys '*' sent to object: 'Object Repository/ADMIN/Edit Text/Bespoke/Admin Pages/Header_Footer/input_Purchases_Purchases1'

2020-03-20 12:27:34 - [MESSAGE][PASSED] - Keys '*' sent to object: 'Object Repository/ADMIN/Edit Text/Bespoke/Admin Pages/Header_Footer/input_Purchases_Purchases1'

2020-03-20 12:27:34 - [TEST_STEP][PASSED] - sendKeys(findTestObject("ADMIN/Edit Text/Bespoke/Admin Pages/Header_Footer/input_Your Items_Your Items1"), "*"): Keys '*' sent to object: 'Object Repository/ADMIN/Edit Text/Bespoke/Admin Pages/Header_Footer/input_Your Items_Your Items1'

2020-03-20 12:27:34 - [MESSAGE][PASSED] - Keys '*' sent to object: 'Object Repository/ADMIN/Edit Text/Bespoke/Admin Pages/Header_Footer/input_Your Items_Your Items1'

2020-03-20 12:27:34 - [TEST_STEP][PASSED] - sendKeys(findTestObject("ADMIN/Edit Text/Bespoke/Admin Pages/Header_Footer/input_Settings_Settings1"), "*"): Keys '*' sent to object: 'Object Repository/ADMIN/Edit Text/Bespoke/Admin Pages/Header_Footer/input_Settings_Settings1'

2020-03-20 12:27:34 - [MESSAGE][PASSED] - Keys '*' sent to object: 'Object Repository/ADMIN/Edit Text/Bespoke/Admin Pages/Header_Footer/input_Settings_Settings1'

2020-03-20 12:27:34 - [TEST_STEP][PASSED] - sendKeys(findTestObject("ADMIN/Edit Text/Bespoke/Admin Pages/Header_Footer/input_Upload_Upload1"), "*"): Keys '*' sent to object: 'Object Repository/ADMIN/Edit Text/Bespoke/Admin Pages/Header_Footer/input_Upload_Upload1'

2020-03-20 12:27:35 - [MESSAGE][PASSED] - Keys '*' sent to object: 'Object Repository/ADMIN/Edit Text/Bespoke/Admin Pages/Header_Footer/input_Upload_Upload1'

2020-03-20 12:27:35 - [TEST_STEP][PASSED] - sendKeys(findTestObject("ADMIN/Edit Text/Bespoke/Admin Pages/Header_Footer/input_Logout_Logout1"), "*"): Keys '*' sent to object: 'Object Repository/ADMIN/Edit Text/Bespoke/Admin Pages/Header_Footer/input_Logout_Logout1'

2020-03-20 12:27:35 - [MESSAGE][PASSED] - Keys '*' sent to object: 'Object Repository/ADMIN/Edit Text/Bespoke/Admin Pages/Header_Footer/input_Logout_Logout1'

2020-03-20 12:27:35 - [TEST_STEP][PASSED] - sendKeys(findTestObject("ADMIN/Edit Text/Bespoke/Admin Pages/Header_Footer/input_Orders_Orders1"), "*"): Keys '*' sent to object: 'Object Repository/ADMIN/Edit Text/Bespoke/Admin Pages/Header_Footer/input_Orders_Orders1'

2020-03-20 12:27:35 - [MESSAGE][PASSED] - Keys '*' sent to object: 'Object Repository/ADMIN/Edit Text/Bespoke/Admin Pages/Header_Footer/input_Orders_Orders1'

2020-03-20 12:27:35 - [TEST_STEP][PASSED] - sendKeys(findTestObject("ADMIN/Edit Text/Bespoke/Admin Pages/Header_Footer/input_Sales_Sales1"), "*"): Keys '*' sent to object: 'Object Repository/ADMIN/Edit Text/Bespoke/Admin Pages/Header_Footer/input_Sales_Sales1'

2020-03-20 12:27:35 - [MESSAGE][PASSED] - Keys '*' sent to object: 'Object Repository/ADMIN/Edit Text/Bespoke/Admin Pages/Header_Footer/input_Sales_Sales1'

2020-03-20 12:27:35 - [TEST_STEP][PASSED] - sendKeys(findTestObject("ADMIN/Edit Text/Bespoke/Admin Pages/Header_Footer/input_ABOUT US_ABOUT US"), "*"): Keys '*' sent to object: 'Object Repository/ADMIN/Edit Text/Bespoke/Admin Pages/Header_Footer/input_ABOUT US_ABOUT US'

2020-03-20 12:27:35 - [MESSAGE][PASSED] - Keys '*' sent to object: 'Object Repository/ADMIN/Edit Text/Bespoke/Admin Pages/Header_Footer/input_ABOUT US_ABOUT US'

2020-03-20 12:27:35 - [TEST_STEP][PASSED] - sendKeys(findTestObject("ADMIN/Edit Text/Bespoke/Admin Pages/Header_Footer/input_SERVICE TERMS_SERVICE TERMS"), "*"): Keys '*' sent to object: 'Object Repository/ADMIN/Edit Text/Bespoke/Admin Pages/Header_Footer/input_SERVICE TERMS_SERVICE TERMS'

2020-03-20 12:27:35 - [MESSAGE][PASSED] - Keys '*' sent to object: 'Object Repository/ADMIN/Edit Text/Bespoke/Admin Pages/Header_Footer/input_SERVICE TERMS_SERVICE TERMS'

2020-03-20 12:27:35 - [TEST_STEP][PASSED] - sendKeys(findTestObject("ADMIN/Edit Text/Bespoke/Admin Pages/Header_Footer/input_PRIVACY_PRIVACY"), "*"): Keys '*' sent to object: 'Object Repository/ADMIN/Edit Text/Bespoke/Admin Pages/Header_Footer/input_PRIVACY_PRIVACY'

2020-03-20 12:27:35 - [MESSAGE][PASSED] - Keys '*' sent to object: 'Object Repository/ADMIN/Edit Text/Bespoke/Admin Pages/Header_Footer/input_PRIVACY_PRIVACY'

2020-03-20 12:27:35 - [TEST_STEP][PASSED] - sendKeys(findTestObject("ADMIN/Edit Text/Bespoke/Admin Pages/Header_Footer/input_RETURNS_RETURNS"), "*"): Keys '*' sent to object: 'Object Repository/ADMIN/Edit Text/Bespoke/Admin Pages/Header_Footer/input_RETURNS_RETURNS'

2020-03-20 12:27:35 - [MESSAGE][PASSED] - Keys '*' sent to object: 'Object Repository/ADMIN/Edit Text/Bespoke/Admin Pages/Header_Footer/input_RETURNS_RETURNS'

2020-03-20 12:27:35 - [TEST_STEP][PASSED] - sendKeys(findTestObject("ADMIN/Edit Text/Bespoke/Admin Pages/Header_Footer/input_FAQ_FAQ"), "*"): Keys '*' sent to object: 'Object Repository/ADMIN/Edit Text/Bespoke/Admin Pages/Header_Footer/input_FAQ_FAQ'

2020-03-20 12:27:36 - [MESSAGE][PASSED] - Keys '*' sent to object: 'Object Repository/ADMIN/Edit Text/Bespoke/Admin Pages/Header_Footer/input_FAQ_FAQ'

2020-03-20 12:27:36 - [TEST_STEP][PASSED] - sendKeys(findTestObject("ADMIN/Edit Text/Bespoke/Admin Pages/Header_Footer/input_CONTACT_CONTACT"), "*"): Keys '*' sent to object: 'Object Repository/ADMIN/Edit Text/Bespoke/Admin Pages/Header_Footer/input_CONTACT_CONTACT'

2020-03-20 12:27:36 - [MESSAGE][PASSED] - Keys '*' sent to object: 'Object Repository/ADMIN/Edit Text/Bespoke/Admin Pages/Header_Footer/input_CONTACT_CONTACT'

2020-03-20 12:27:36 - [TEST_STEP][PASSED] - sendKeys(findTestObject("ADMIN/Edit Text/Bespoke/Admin Pages/Header_Footer/input_All rights reserved _foot_copyright"), "*"): Keys '*' sent to object: 'Object Repository/ADMIN/Edit Text/Bespoke/Admin Pages/Header_Footer/input_All rights reserved _foot_copyright'

2020-03-20 12:27:36 - [MESSAGE][PASSED] - Keys '*' sent to object: 'Object Repository/ADMIN/Edit Text/Bespoke/Admin Pages/Header_Footer/input_All rights reserved _foot_copyright'

2020-03-20 12:27:36 - [TEST_STEP][PASSED] - click(findTestObject("ADMIN/Edit Text/Bespoke/Buyer Pages/Homepage/button_save"), CONTINUE_ON_FAILURE): Object: 'Object Repository/ADMIN/Edit Text/Bespoke/Buyer Pages/Homepage/button_save' is clicked on

2020-03-20 12:27:36 - [MESSAGE][PASSED] - Object: 'Object Repository/ADMIN/Edit Text/Bespoke/Buyer Pages/Homepage/button_save' is clicked on

2020-03-20 12:27:36 - [TEST_STEP][PASSED] - waitForElementVisible(findTestObject("ADMIN/Edit Text/Bespoke/Buyer Pages/Homepage/toaster_success"), 0): Object 'Object Repository/ADMIN/Edit Text/Bespoke/Buyer Pages/Homepage/toaster_success' is visible

2020-03-20 12:27:36 - [MESSAGE][WARNING] - Timeout '0' is invalid. Using default page load timeout: '30'

2020-03-20 12:27:37 - [MESSAGE][PASSED] - Object 'Object Repository/ADMIN/Edit Text/Bespoke/Buyer Pages/Homepage/toaster_success' is visible]]></system-out>
         <system-err><![CDATA[]]></system-err>
      </testcase>
      <testcase name="Test Cases/ADMIN/Language/Edit Text/Bespoke/Admin Pages/Header_Footer" time="7.834" classname="Test Cases/ADMIN/Language/Edit Text/Bespoke/Admin Pages/Header_Footer" status="PASSED">
         <system-out><![CDATA[2020-03-20 12:27:37 - [TEST_CASE][PASSED] - Test Cases/ADMIN/Language/Edit Text/Bespoke/Admin Pages/Header_Footer: Test Cases/ADMIN/Language/Edit Text/Bespoke/Admin Pages/Header_Footer

2020-03-20 12:27:37 - [TEST_STEP][PASSED] - waitForElementVisible(findTestObject("ADMIN/Edit Text/Bespoke/Buyer Navigation/dd_language"), 0): Object 'Object Repository/ADMIN/Edit Text/Bespoke/Buyer Navigation/dd_language' is visible

2020-03-20 12:27:37 - [MESSAGE][WARNING] - Timeout '0' is invalid. Using default page load timeout: '30'

2020-03-20 12:27:37 - [MESSAGE][PASSED] - Object 'Object Repository/ADMIN/Edit Text/Bespoke/Buyer Navigation/dd_language' is visible

2020-03-20 12:27:37 - [TEST_STEP][PASSED] - selectOptionByLabel(findTestObject("ADMIN/Edit Text/Bespoke/Buyer Navigation/dd_language"), varLanguage, false): All options with label 'Chinese (Traditional)' are selected in object 'Object Repository/ADMIN/Edit Text/Bespoke/Buyer Navigation/dd_language' 

2020-03-20 12:27:38 - [MESSAGE][PASSED] - All options with label 'Chinese (Traditional)' are selected in object 'Object Repository/ADMIN/Edit Text/Bespoke/Buyer Navigation/dd_language' 

2020-03-20 12:27:38 - [TEST_STEP][PASSED] - sendKeys(findTestObject("ADMIN/Edit Text/Bespoke/Admin Pages/Header_Footer/input_Search_search"), "*"): Keys '*' sent to object: 'Object Repository/ADMIN/Edit Text/Bespoke/Admin Pages/Header_Footer/input_Search_search'

2020-03-20 12:27:39 - [MESSAGE][PASSED] - Keys '*' sent to object: 'Object Repository/ADMIN/Edit Text/Bespoke/Admin Pages/Header_Footer/input_Search_search'

2020-03-20 12:27:39 - [TEST_STEP][PASSED] - sendKeys(findTestObject("ADMIN/Edit Text/Bespoke/Admin Pages/Header_Footer/input_BE A SELLER_be_seller"), "*"): Keys '*' sent to object: 'Object Repository/ADMIN/Edit Text/Bespoke/Admin Pages/Header_Footer/input_BE A SELLER_be_seller'

2020-03-20 12:27:39 - [MESSAGE][PASSED] - Keys '*' sent to object: 'Object Repository/ADMIN/Edit Text/Bespoke/Admin Pages/Header_Footer/input_BE A SELLER_be_seller'

2020-03-20 12:27:39 - [TEST_STEP][PASSED] - sendKeys(findTestObject("ADMIN/Edit Text/Bespoke/Admin Pages/Header_Footer/input_MORE_more"), "*"): Keys '*' sent to object: 'Object Repository/ADMIN/Edit Text/Bespoke/Admin Pages/Header_Footer/input_MORE_more'

2020-03-20 12:27:39 - [MESSAGE][PASSED] - Keys '*' sent to object: 'Object Repository/ADMIN/Edit Text/Bespoke/Admin Pages/Header_Footer/input_MORE_more'

2020-03-20 12:27:39 - [TEST_STEP][PASSED] - sendKeys(findTestObject("ADMIN/Edit Text/Bespoke/Admin Pages/Header_Footer/input_VIEW CART_btn_next"), "*"): Keys '*' sent to object: 'Object Repository/ADMIN/Edit Text/Bespoke/Admin Pages/Header_Footer/input_VIEW CART_btn_next'

2020-03-20 12:27:39 - [MESSAGE][PASSED] - Keys '*' sent to object: 'Object Repository/ADMIN/Edit Text/Bespoke/Admin Pages/Header_Footer/input_VIEW CART_btn_next'

2020-03-20 12:27:39 - [TEST_STEP][PASSED] - sendKeys(findTestObject("ADMIN/Edit Text/Bespoke/Admin Pages/Header_Footer/input_REGISTER  SIGN IN_register_signin"), "*"): Keys '*' sent to object: 'Object Repository/ADMIN/Edit Text/Bespoke/Admin Pages/Header_Footer/input_REGISTER  SIGN IN_register_signin'

2020-03-20 12:27:40 - [MESSAGE][PASSED] - Keys '*' sent to object: 'Object Repository/ADMIN/Edit Text/Bespoke/Admin Pages/Header_Footer/input_REGISTER  SIGN IN_register_signin'

2020-03-20 12:27:40 - [TEST_STEP][PASSED] - sendKeys(findTestObject("ADMIN/Edit Text/Bespoke/Admin Pages/Header_Footer/input_SELLER_sell"), "*"): Keys '*' sent to object: 'Object Repository/ADMIN/Edit Text/Bespoke/Admin Pages/Header_Footer/input_SELLER_sell'

2020-03-20 12:27:40 - [MESSAGE][PASSED] - Keys '*' sent to object: 'Object Repository/ADMIN/Edit Text/Bespoke/Admin Pages/Header_Footer/input_SELLER_sell'

2020-03-20 12:27:40 - [TEST_STEP][PASSED] - sendKeys(findTestObject("ADMIN/Edit Text/Bespoke/Admin Pages/Header_Footer/input_PROFILE_profile"), "*"): Keys '*' sent to object: 'Object Repository/ADMIN/Edit Text/Bespoke/Admin Pages/Header_Footer/input_PROFILE_profile'

2020-03-20 12:27:40 - [MESSAGE][PASSED] - Keys '*' sent to object: 'Object Repository/ADMIN/Edit Text/Bespoke/Admin Pages/Header_Footer/input_PROFILE_profile'

2020-03-20 12:27:40 - [TEST_STEP][PASSED] - sendKeys(findTestObject("ADMIN/Edit Text/Bespoke/Admin Pages/Header_Footer/input_Dashboard_Dashboard"), "*"): Keys '*' sent to object: 'Object Repository/ADMIN/Edit Text/Bespoke/Admin Pages/Header_Footer/input_Dashboard_Dashboard'

2020-03-20 12:27:40 - [MESSAGE][PASSED] - Keys '*' sent to object: 'Object Repository/ADMIN/Edit Text/Bespoke/Admin Pages/Header_Footer/input_Dashboard_Dashboard'

2020-03-20 12:27:40 - [TEST_STEP][PASSED] - sendKeys(findTestObject("ADMIN/Edit Text/Bespoke/Admin Pages/Header_Footer/input_Purchases_Purchases"), "*"): Keys '*' sent to object: 'Object Repository/ADMIN/Edit Text/Bespoke/Admin Pages/Header_Footer/input_Purchases_Purchases'

2020-03-20 12:27:40 - [MESSAGE][PASSED] - Keys '*' sent to object: 'Object Repository/ADMIN/Edit Text/Bespoke/Admin Pages/Header_Footer/input_Purchases_Purchases'

2020-03-20 12:27:40 - [TEST_STEP][PASSED] - sendKeys(findTestObject("ADMIN/Edit Text/Bespoke/Admin Pages/Header_Footer/input_Your Items_Your Items"), "*"): Keys '*' sent to object: 'Object Repository/ADMIN/Edit Text/Bespoke/Admin Pages/Header_Footer/input_Your Items_Your Items'

2020-03-20 12:27:40 - [MESSAGE][PASSED] - Keys '*' sent to object: 'Object Repository/ADMIN/Edit Text/Bespoke/Admin Pages/Header_Footer/input_Your Items_Your Items'

2020-03-20 12:27:40 - [TEST_STEP][PASSED] - sendKeys(findTestObject("ADMIN/Edit Text/Bespoke/Admin Pages/Header_Footer/input_Settings_Settings"), "*"): Keys '*' sent to object: 'Object Repository/ADMIN/Edit Text/Bespoke/Admin Pages/Header_Footer/input_Settings_Settings'

2020-03-20 12:27:40 - [MESSAGE][PASSED] - Keys '*' sent to object: 'Object Repository/ADMIN/Edit Text/Bespoke/Admin Pages/Header_Footer/input_Settings_Settings'

2020-03-20 12:27:40 - [TEST_STEP][PASSED] - sendKeys(findTestObject("ADMIN/Edit Text/Bespoke/Admin Pages/Header_Footer/input_Upload_Upload"), "*"): Keys '*' sent to object: 'Object Repository/ADMIN/Edit Text/Bespoke/Admin Pages/Header_Footer/input_Upload_Upload'

2020-03-20 12:27:40 - [MESSAGE][PASSED] - Keys '*' sent to object: 'Object Repository/ADMIN/Edit Text/Bespoke/Admin Pages/Header_Footer/input_Upload_Upload'

2020-03-20 12:27:40 - [TEST_STEP][PASSED] - sendKeys(findTestObject("ADMIN/Edit Text/Bespoke/Admin Pages/Header_Footer/input_Logout_Logout"), "*"): Keys '*' sent to object: 'Object Repository/ADMIN/Edit Text/Bespoke/Admin Pages/Header_Footer/input_Logout_Logout'

2020-03-20 12:27:41 - [MESSAGE][PASSED] - Keys '*' sent to object: 'Object Repository/ADMIN/Edit Text/Bespoke/Admin Pages/Header_Footer/input_Logout_Logout'

2020-03-20 12:27:41 - [TEST_STEP][PASSED] - sendKeys(findTestObject("ADMIN/Edit Text/Bespoke/Admin Pages/Header_Footer/input_Orders_Orders"), "*"): Keys '*' sent to object: 'Object Repository/ADMIN/Edit Text/Bespoke/Admin Pages/Header_Footer/input_Orders_Orders'

2020-03-20 12:27:41 - [MESSAGE][PASSED] - Keys '*' sent to object: 'Object Repository/ADMIN/Edit Text/Bespoke/Admin Pages/Header_Footer/input_Orders_Orders'

2020-03-20 12:27:41 - [TEST_STEP][PASSED] - sendKeys(findTestObject("ADMIN/Edit Text/Bespoke/Admin Pages/Header_Footer/input_Sub-accounts_Sub-accounts"), "*"): Keys '*' sent to object: 'Object Repository/ADMIN/Edit Text/Bespoke/Admin Pages/Header_Footer/input_Sub-accounts_Sub-accounts'

2020-03-20 12:27:41 - [MESSAGE][PASSED] - Keys '*' sent to object: 'Object Repository/ADMIN/Edit Text/Bespoke/Admin Pages/Header_Footer/input_Sub-accounts_Sub-accounts'

2020-03-20 12:27:41 - [TEST_STEP][PASSED] - sendKeys(findTestObject("ADMIN/Edit Text/Bespoke/Admin Pages/Header_Footer/input_Sales_Sales"), "*"): Keys '*' sent to object: 'Object Repository/ADMIN/Edit Text/Bespoke/Admin Pages/Header_Footer/input_Sales_Sales'

2020-03-20 12:27:41 - [MESSAGE][PASSED] - Keys '*' sent to object: 'Object Repository/ADMIN/Edit Text/Bespoke/Admin Pages/Header_Footer/input_Sales_Sales'

2020-03-20 12:27:41 - [TEST_STEP][PASSED] - sendKeys(findTestObject("ADMIN/Edit Text/Bespoke/Admin Pages/Header_Footer/input_Browse_Browse"), "*"): Keys '*' sent to object: 'Object Repository/ADMIN/Edit Text/Bespoke/Admin Pages/Header_Footer/input_Browse_Browse'

2020-03-20 12:27:41 - [MESSAGE][PASSED] - Keys '*' sent to object: 'Object Repository/ADMIN/Edit Text/Bespoke/Admin Pages/Header_Footer/input_Browse_Browse'

2020-03-20 12:27:41 - [TEST_STEP][PASSED] - sendKeys(findTestObject("ADMIN/Edit Text/Bespoke/Admin Pages/Header_Footer/input_SELLER_sell1"), "*"): Keys '*' sent to object: 'Object Repository/ADMIN/Edit Text/Bespoke/Admin Pages/Header_Footer/input_SELLER_sell1'

2020-03-20 12:27:41 - [MESSAGE][PASSED] - Keys '*' sent to object: 'Object Repository/ADMIN/Edit Text/Bespoke/Admin Pages/Header_Footer/input_SELLER_sell1'

2020-03-20 12:27:41 - [TEST_STEP][PASSED] - sendKeys(findTestObject("ADMIN/Edit Text/Bespoke/Admin Pages/Header_Footer/input_PROFILE_profile1"), "*"): Keys '*' sent to object: 'Object Repository/ADMIN/Edit Text/Bespoke/Admin Pages/Header_Footer/input_PROFILE_profile1'

2020-03-20 12:27:41 - [MESSAGE][PASSED] - Keys '*' sent to object: 'Object Repository/ADMIN/Edit Text/Bespoke/Admin Pages/Header_Footer/input_PROFILE_profile1'

2020-03-20 12:27:41 - [TEST_STEP][PASSED] - sendKeys(findTestObject("ADMIN/Edit Text/Bespoke/Admin Pages/Header_Footer/input_Dashboard_Dashboard1"), "*"): Keys '*' sent to object: 'Object Repository/ADMIN/Edit Text/Bespoke/Admin Pages/Header_Footer/input_Dashboard_Dashboard1'

2020-03-20 12:27:41 - [MESSAGE][PASSED] - Keys '*' sent to object: 'Object Repository/ADMIN/Edit Text/Bespoke/Admin Pages/Header_Footer/input_Dashboard_Dashboard1'

2020-03-20 12:27:41 - [TEST_STEP][PASSED] - sendKeys(findTestObject("ADMIN/Edit Text/Bespoke/Admin Pages/Header_Footer/input_Purchases_Purchases1"), "*"): Keys '*' sent to object: 'Object Repository/ADMIN/Edit Text/Bespoke/Admin Pages/Header_Footer/input_Purchases_Purchases1'

2020-03-20 12:27:42 - [MESSAGE][PASSED] - Keys '*' sent to object: 'Object Repository/ADMIN/Edit Text/Bespoke/Admin Pages/Header_Footer/input_Purchases_Purchases1'

2020-03-20 12:27:42 - [TEST_STEP][PASSED] - sendKeys(findTestObject("ADMIN/Edit Text/Bespoke/Admin Pages/Header_Footer/input_Your Items_Your Items1"), "*"): Keys '*' sent to object: 'Object Repository/ADMIN/Edit Text/Bespoke/Admin Pages/Header_Footer/input_Your Items_Your Items1'

2020-03-20 12:27:42 - [MESSAGE][PASSED] - Keys '*' sent to object: 'Object Repository/ADMIN/Edit Text/Bespoke/Admin Pages/Header_Footer/input_Your Items_Your Items1'

2020-03-20 12:27:42 - [TEST_STEP][PASSED] - sendKeys(findTestObject("ADMIN/Edit Text/Bespoke/Admin Pages/Header_Footer/input_Settings_Settings1"), "*"): Keys '*' sent to object: 'Object Repository/ADMIN/Edit Text/Bespoke/Admin Pages/Header_Footer/input_Settings_Settings1'

2020-03-20 12:27:42 - [MESSAGE][PASSED] - Keys '*' sent to object: 'Object Repository/ADMIN/Edit Text/Bespoke/Admin Pages/Header_Footer/input_Settings_Settings1'

2020-03-20 12:27:42 - [TEST_STEP][PASSED] - sendKeys(findTestObject("ADMIN/Edit Text/Bespoke/Admin Pages/Header_Footer/input_Upload_Upload1"), "*"): Keys '*' sent to object: 'Object Repository/ADMIN/Edit Text/Bespoke/Admin Pages/Header_Footer/input_Upload_Upload1'

2020-03-20 12:27:42 - [MESSAGE][PASSED] - Keys '*' sent to object: 'Object Repository/ADMIN/Edit Text/Bespoke/Admin Pages/Header_Footer/input_Upload_Upload1'

2020-03-20 12:27:42 - [TEST_STEP][PASSED] - sendKeys(findTestObject("ADMIN/Edit Text/Bespoke/Admin Pages/Header_Footer/input_Logout_Logout1"), "*"): Keys '*' sent to object: 'Object Repository/ADMIN/Edit Text/Bespoke/Admin Pages/Header_Footer/input_Logout_Logout1'

2020-03-20 12:27:42 - [MESSAGE][PASSED] - Keys '*' sent to object: 'Object Repository/ADMIN/Edit Text/Bespoke/Admin Pages/Header_Footer/input_Logout_Logout1'

2020-03-20 12:27:42 - [TEST_STEP][PASSED] - sendKeys(findTestObject("ADMIN/Edit Text/Bespoke/Admin Pages/Header_Footer/input_Orders_Orders1"), "*"): Keys '*' sent to object: 'Object Repository/ADMIN/Edit Text/Bespoke/Admin Pages/Header_Footer/input_Orders_Orders1'

2020-03-20 12:27:42 - [MESSAGE][PASSED] - Keys '*' sent to object: 'Object Repository/ADMIN/Edit Text/Bespoke/Admin Pages/Header_Footer/input_Orders_Orders1'

2020-03-20 12:27:42 - [TEST_STEP][PASSED] - sendKeys(findTestObject("ADMIN/Edit Text/Bespoke/Admin Pages/Header_Footer/input_Sales_Sales1"), "*"): Keys '*' sent to object: 'Object Repository/ADMIN/Edit Text/Bespoke/Admin Pages/Header_Footer/input_Sales_Sales1'

2020-03-20 12:27:43 - [MESSAGE][PASSED] - Keys '*' sent to object: 'Object Repository/ADMIN/Edit Text/Bespoke/Admin Pages/Header_Footer/input_Sales_Sales1'

2020-03-20 12:27:43 - [TEST_STEP][PASSED] - sendKeys(findTestObject("ADMIN/Edit Text/Bespoke/Admin Pages/Header_Footer/input_ABOUT US_ABOUT US"), "*"): Keys '*' sent to object: 'Object Repository/ADMIN/Edit Text/Bespoke/Admin Pages/Header_Footer/input_ABOUT US_ABOUT US'

2020-03-20 12:27:43 - [MESSAGE][PASSED] - Keys '*' sent to object: 'Object Repository/ADMIN/Edit Text/Bespoke/Admin Pages/Header_Footer/input_ABOUT US_ABOUT US'

2020-03-20 12:27:43 - [TEST_STEP][PASSED] - sendKeys(findTestObject("ADMIN/Edit Text/Bespoke/Admin Pages/Header_Footer/input_SERVICE TERMS_SERVICE TERMS"), "*"): Keys '*' sent to object: 'Object Repository/ADMIN/Edit Text/Bespoke/Admin Pages/Header_Footer/input_SERVICE TERMS_SERVICE TERMS'

2020-03-20 12:27:43 - [MESSAGE][PASSED] - Keys '*' sent to object: 'Object Repository/ADMIN/Edit Text/Bespoke/Admin Pages/Header_Footer/input_SERVICE TERMS_SERVICE TERMS'

2020-03-20 12:27:43 - [TEST_STEP][PASSED] - sendKeys(findTestObject("ADMIN/Edit Text/Bespoke/Admin Pages/Header_Footer/input_PRIVACY_PRIVACY"), "*"): Keys '*' sent to object: 'Object Repository/ADMIN/Edit Text/Bespoke/Admin Pages/Header_Footer/input_PRIVACY_PRIVACY'

2020-03-20 12:27:43 - [MESSAGE][PASSED] - Keys '*' sent to object: 'Object Repository/ADMIN/Edit Text/Bespoke/Admin Pages/Header_Footer/input_PRIVACY_PRIVACY'

2020-03-20 12:27:43 - [TEST_STEP][PASSED] - sendKeys(findTestObject("ADMIN/Edit Text/Bespoke/Admin Pages/Header_Footer/input_RETURNS_RETURNS"), "*"): Keys '*' sent to object: 'Object Repository/ADMIN/Edit Text/Bespoke/Admin Pages/Header_Footer/input_RETURNS_RETURNS'

2020-03-20 12:27:43 - [MESSAGE][PASSED] - Keys '*' sent to object: 'Object Repository/ADMIN/Edit Text/Bespoke/Admin Pages/Header_Footer/input_RETURNS_RETURNS'

2020-03-20 12:27:43 - [TEST_STEP][PASSED] - sendKeys(findTestObject("ADMIN/Edit Text/Bespoke/Admin Pages/Header_Footer/input_FAQ_FAQ"), "*"): Keys '*' sent to object: 'Object Repository/ADMIN/Edit Text/Bespoke/Admin Pages/Header_Footer/input_FAQ_FAQ'

2020-03-20 12:27:43 - [MESSAGE][PASSED] - Keys '*' sent to object: 'Object Repository/ADMIN/Edit Text/Bespoke/Admin Pages/Header_Footer/input_FAQ_FAQ'

2020-03-20 12:27:43 - [TEST_STEP][PASSED] - sendKeys(findTestObject("ADMIN/Edit Text/Bespoke/Admin Pages/Header_Footer/input_CONTACT_CONTACT"), "*"): Keys '*' sent to object: 'Object Repository/ADMIN/Edit Text/Bespoke/Admin Pages/Header_Footer/input_CONTACT_CONTACT'

2020-03-20 12:27:43 - [MESSAGE][PASSED] - Keys '*' sent to object: 'Object Repository/ADMIN/Edit Text/Bespoke/Admin Pages/Header_Footer/input_CONTACT_CONTACT'

2020-03-20 12:27:43 - [TEST_STEP][PASSED] - sendKeys(findTestObject("ADMIN/Edit Text/Bespoke/Admin Pages/Header_Footer/input_All rights reserved _foot_copyright"), "*"): Keys '*' sent to object: 'Object Repository/ADMIN/Edit Text/Bespoke/Admin Pages/Header_Footer/input_All rights reserved _foot_copyright'

2020-03-20 12:27:43 - [MESSAGE][PASSED] - Keys '*' sent to object: 'Object Repository/ADMIN/Edit Text/Bespoke/Admin Pages/Header_Footer/input_All rights reserved _foot_copyright'

2020-03-20 12:27:43 - [TEST_STEP][PASSED] - click(findTestObject("ADMIN/Edit Text/Bespoke/Buyer Pages/Homepage/button_save"), CONTINUE_ON_FAILURE): Object: 'Object Repository/ADMIN/Edit Text/Bespoke/Buyer Pages/Homepage/button_save' is clicked on

2020-03-20 12:27:44 - [MESSAGE][PASSED] - Object: 'Object Repository/ADMIN/Edit Text/Bespoke/Buyer Pages/Homepage/button_save' is clicked on

2020-03-20 12:27:44 - [TEST_STEP][PASSED] - waitForElementVisible(findTestObject("ADMIN/Edit Text/Bespoke/Buyer Pages/Homepage/toaster_success"), 0): Object 'Object Repository/ADMIN/Edit Text/Bespoke/Buyer Pages/Homepage/toaster_success' is visible

2020-03-20 12:27:44 - [MESSAGE][WARNING] - Timeout '0' is invalid. Using default page load timeout: '30'

2020-03-20 12:27:44 - [MESSAGE][PASSED] - Object 'Object Repository/ADMIN/Edit Text/Bespoke/Buyer Pages/Homepage/toaster_success' is visible]]></system-out>
         <system-err><![CDATA[]]></system-err>
      </testcase>
      <testcase name="Test Cases/ADMIN/Language/Edit Text/Bespoke/Admin Pages/Header_Footer" time="7.624" classname="Test Cases/ADMIN/Language/Edit Text/Bespoke/Admin Pages/Header_Footer" status="PASSED">
         <system-out><![CDATA[2020-03-20 12:27:44 - [TEST_CASE][PASSED] - Test Cases/ADMIN/Language/Edit Text/Bespoke/Admin Pages/Header_Footer: Test Cases/ADMIN/Language/Edit Text/Bespoke/Admin Pages/Header_Footer

2020-03-20 12:27:44 - [TEST_STEP][PASSED] - waitForElementVisible(findTestObject("ADMIN/Edit Text/Bespoke/Buyer Navigation/dd_language"), 0): Object 'Object Repository/ADMIN/Edit Text/Bespoke/Buyer Navigation/dd_language' is visible

2020-03-20 12:27:45 - [MESSAGE][WARNING] - Timeout '0' is invalid. Using default page load timeout: '30'

2020-03-20 12:27:45 - [MESSAGE][PASSED] - Object 'Object Repository/ADMIN/Edit Text/Bespoke/Buyer Navigation/dd_language' is visible

2020-03-20 12:27:45 - [TEST_STEP][PASSED] - selectOptionByLabel(findTestObject("ADMIN/Edit Text/Bespoke/Buyer Navigation/dd_language"), varLanguage, false): All options with label 'Portuguese' are selected in object 'Object Repository/ADMIN/Edit Text/Bespoke/Buyer Navigation/dd_language' 

2020-03-20 12:27:46 - [MESSAGE][PASSED] - All options with label 'Portuguese' are selected in object 'Object Repository/ADMIN/Edit Text/Bespoke/Buyer Navigation/dd_language' 

2020-03-20 12:27:46 - [TEST_STEP][PASSED] - sendKeys(findTestObject("ADMIN/Edit Text/Bespoke/Admin Pages/Header_Footer/input_Search_search"), "*"): Keys '*' sent to object: 'Object Repository/ADMIN/Edit Text/Bespoke/Admin Pages/Header_Footer/input_Search_search'

2020-03-20 12:27:47 - [MESSAGE][PASSED] - Keys '*' sent to object: 'Object Repository/ADMIN/Edit Text/Bespoke/Admin Pages/Header_Footer/input_Search_search'

2020-03-20 12:27:47 - [TEST_STEP][PASSED] - sendKeys(findTestObject("ADMIN/Edit Text/Bespoke/Admin Pages/Header_Footer/input_BE A SELLER_be_seller"), "*"): Keys '*' sent to object: 'Object Repository/ADMIN/Edit Text/Bespoke/Admin Pages/Header_Footer/input_BE A SELLER_be_seller'

2020-03-20 12:27:47 - [MESSAGE][PASSED] - Keys '*' sent to object: 'Object Repository/ADMIN/Edit Text/Bespoke/Admin Pages/Header_Footer/input_BE A SELLER_be_seller'

2020-03-20 12:27:47 - [TEST_STEP][PASSED] - sendKeys(findTestObject("ADMIN/Edit Text/Bespoke/Admin Pages/Header_Footer/input_MORE_more"), "*"): Keys '*' sent to object: 'Object Repository/ADMIN/Edit Text/Bespoke/Admin Pages/Header_Footer/input_MORE_more'

2020-03-20 12:27:47 - [MESSAGE][PASSED] - Keys '*' sent to object: 'Object Repository/ADMIN/Edit Text/Bespoke/Admin Pages/Header_Footer/input_MORE_more'

2020-03-20 12:27:47 - [TEST_STEP][PASSED] - sendKeys(findTestObject("ADMIN/Edit Text/Bespoke/Admin Pages/Header_Footer/input_VIEW CART_btn_next"), "*"): Keys '*' sent to object: 'Object Repository/ADMIN/Edit Text/Bespoke/Admin Pages/Header_Footer/input_VIEW CART_btn_next'

2020-03-20 12:27:47 - [MESSAGE][PASSED] - Keys '*' sent to object: 'Object Repository/ADMIN/Edit Text/Bespoke/Admin Pages/Header_Footer/input_VIEW CART_btn_next'

2020-03-20 12:27:47 - [TEST_STEP][PASSED] - sendKeys(findTestObject("ADMIN/Edit Text/Bespoke/Admin Pages/Header_Footer/input_REGISTER  SIGN IN_register_signin"), "*"): Keys '*' sent to object: 'Object Repository/ADMIN/Edit Text/Bespoke/Admin Pages/Header_Footer/input_REGISTER  SIGN IN_register_signin'

2020-03-20 12:27:47 - [MESSAGE][PASSED] - Keys '*' sent to object: 'Object Repository/ADMIN/Edit Text/Bespoke/Admin Pages/Header_Footer/input_REGISTER  SIGN IN_register_signin'

2020-03-20 12:27:47 - [TEST_STEP][PASSED] - sendKeys(findTestObject("ADMIN/Edit Text/Bespoke/Admin Pages/Header_Footer/input_SELLER_sell"), "*"): Keys '*' sent to object: 'Object Repository/ADMIN/Edit Text/Bespoke/Admin Pages/Header_Footer/input_SELLER_sell'

2020-03-20 12:27:48 - [MESSAGE][PASSED] - Keys '*' sent to object: 'Object Repository/ADMIN/Edit Text/Bespoke/Admin Pages/Header_Footer/input_SELLER_sell'

2020-03-20 12:27:48 - [TEST_STEP][PASSED] - sendKeys(findTestObject("ADMIN/Edit Text/Bespoke/Admin Pages/Header_Footer/input_PROFILE_profile"), "*"): Keys '*' sent to object: 'Object Repository/ADMIN/Edit Text/Bespoke/Admin Pages/Header_Footer/input_PROFILE_profile'

2020-03-20 12:27:48 - [MESSAGE][PASSED] - Keys '*' sent to object: 'Object Repository/ADMIN/Edit Text/Bespoke/Admin Pages/Header_Footer/input_PROFILE_profile'

2020-03-20 12:27:48 - [TEST_STEP][PASSED] - sendKeys(findTestObject("ADMIN/Edit Text/Bespoke/Admin Pages/Header_Footer/input_Dashboard_Dashboard"), "*"): Keys '*' sent to object: 'Object Repository/ADMIN/Edit Text/Bespoke/Admin Pages/Header_Footer/input_Dashboard_Dashboard'

2020-03-20 12:27:48 - [MESSAGE][PASSED] - Keys '*' sent to object: 'Object Repository/ADMIN/Edit Text/Bespoke/Admin Pages/Header_Footer/input_Dashboard_Dashboard'

2020-03-20 12:27:48 - [TEST_STEP][PASSED] - sendKeys(findTestObject("ADMIN/Edit Text/Bespoke/Admin Pages/Header_Footer/input_Purchases_Purchases"), "*"): Keys '*' sent to object: 'Object Repository/ADMIN/Edit Text/Bespoke/Admin Pages/Header_Footer/input_Purchases_Purchases'

2020-03-20 12:27:48 - [MESSAGE][PASSED] - Keys '*' sent to object: 'Object Repository/ADMIN/Edit Text/Bespoke/Admin Pages/Header_Footer/input_Purchases_Purchases'

2020-03-20 12:27:48 - [TEST_STEP][PASSED] - sendKeys(findTestObject("ADMIN/Edit Text/Bespoke/Admin Pages/Header_Footer/input_Your Items_Your Items"), "*"): Keys '*' sent to object: 'Object Repository/ADMIN/Edit Text/Bespoke/Admin Pages/Header_Footer/input_Your Items_Your Items'

2020-03-20 12:27:48 - [MESSAGE][PASSED] - Keys '*' sent to object: 'Object Repository/ADMIN/Edit Text/Bespoke/Admin Pages/Header_Footer/input_Your Items_Your Items'

2020-03-20 12:27:48 - [TEST_STEP][PASSED] - sendKeys(findTestObject("ADMIN/Edit Text/Bespoke/Admin Pages/Header_Footer/input_Settings_Settings"), "*"): Keys '*' sent to object: 'Object Repository/ADMIN/Edit Text/Bespoke/Admin Pages/Header_Footer/input_Settings_Settings'

2020-03-20 12:27:48 - [MESSAGE][PASSED] - Keys '*' sent to object: 'Object Repository/ADMIN/Edit Text/Bespoke/Admin Pages/Header_Footer/input_Settings_Settings'

2020-03-20 12:27:48 - [TEST_STEP][PASSED] - sendKeys(findTestObject("ADMIN/Edit Text/Bespoke/Admin Pages/Header_Footer/input_Upload_Upload"), "*"): Keys '*' sent to object: 'Object Repository/ADMIN/Edit Text/Bespoke/Admin Pages/Header_Footer/input_Upload_Upload'

2020-03-20 12:27:48 - [MESSAGE][PASSED] - Keys '*' sent to object: 'Object Repository/ADMIN/Edit Text/Bespoke/Admin Pages/Header_Footer/input_Upload_Upload'

2020-03-20 12:27:48 - [TEST_STEP][PASSED] - sendKeys(findTestObject("ADMIN/Edit Text/Bespoke/Admin Pages/Header_Footer/input_Logout_Logout"), "*"): Keys '*' sent to object: 'Object Repository/ADMIN/Edit Text/Bespoke/Admin Pages/Header_Footer/input_Logout_Logout'

2020-03-20 12:27:49 - [MESSAGE][PASSED] - Keys '*' sent to object: 'Object Repository/ADMIN/Edit Text/Bespoke/Admin Pages/Header_Footer/input_Logout_Logout'

2020-03-20 12:27:49 - [TEST_STEP][PASSED] - sendKeys(findTestObject("ADMIN/Edit Text/Bespoke/Admin Pages/Header_Footer/input_Orders_Orders"), "*"): Keys '*' sent to object: 'Object Repository/ADMIN/Edit Text/Bespoke/Admin Pages/Header_Footer/input_Orders_Orders'

2020-03-20 12:27:49 - [MESSAGE][PASSED] - Keys '*' sent to object: 'Object Repository/ADMIN/Edit Text/Bespoke/Admin Pages/Header_Footer/input_Orders_Orders'

2020-03-20 12:27:49 - [TEST_STEP][PASSED] - sendKeys(findTestObject("ADMIN/Edit Text/Bespoke/Admin Pages/Header_Footer/input_Sub-accounts_Sub-accounts"), "*"): Keys '*' sent to object: 'Object Repository/ADMIN/Edit Text/Bespoke/Admin Pages/Header_Footer/input_Sub-accounts_Sub-accounts'

2020-03-20 12:27:49 - [MESSAGE][PASSED] - Keys '*' sent to object: 'Object Repository/ADMIN/Edit Text/Bespoke/Admin Pages/Header_Footer/input_Sub-accounts_Sub-accounts'

2020-03-20 12:27:49 - [TEST_STEP][PASSED] - sendKeys(findTestObject("ADMIN/Edit Text/Bespoke/Admin Pages/Header_Footer/input_Sales_Sales"), "*"): Keys '*' sent to object: 'Object Repository/ADMIN/Edit Text/Bespoke/Admin Pages/Header_Footer/input_Sales_Sales'

2020-03-20 12:27:49 - [MESSAGE][PASSED] - Keys '*' sent to object: 'Object Repository/ADMIN/Edit Text/Bespoke/Admin Pages/Header_Footer/input_Sales_Sales'

2020-03-20 12:27:49 - [TEST_STEP][PASSED] - sendKeys(findTestObject("ADMIN/Edit Text/Bespoke/Admin Pages/Header_Footer/input_Browse_Browse"), "*"): Keys '*' sent to object: 'Object Repository/ADMIN/Edit Text/Bespoke/Admin Pages/Header_Footer/input_Browse_Browse'

2020-03-20 12:27:49 - [MESSAGE][PASSED] - Keys '*' sent to object: 'Object Repository/ADMIN/Edit Text/Bespoke/Admin Pages/Header_Footer/input_Browse_Browse'

2020-03-20 12:27:49 - [TEST_STEP][PASSED] - sendKeys(findTestObject("ADMIN/Edit Text/Bespoke/Admin Pages/Header_Footer/input_SELLER_sell1"), "*"): Keys '*' sent to object: 'Object Repository/ADMIN/Edit Text/Bespoke/Admin Pages/Header_Footer/input_SELLER_sell1'

2020-03-20 12:27:49 - [MESSAGE][PASSED] - Keys '*' sent to object: 'Object Repository/ADMIN/Edit Text/Bespoke/Admin Pages/Header_Footer/input_SELLER_sell1'

2020-03-20 12:27:49 - [TEST_STEP][PASSED] - sendKeys(findTestObject("ADMIN/Edit Text/Bespoke/Admin Pages/Header_Footer/input_PROFILE_profile1"), "*"): Keys '*' sent to object: 'Object Repository/ADMIN/Edit Text/Bespoke/Admin Pages/Header_Footer/input_PROFILE_profile1'

2020-03-20 12:27:49 - [MESSAGE][PASSED] - Keys '*' sent to object: 'Object Repository/ADMIN/Edit Text/Bespoke/Admin Pages/Header_Footer/input_PROFILE_profile1'

2020-03-20 12:27:49 - [TEST_STEP][PASSED] - sendKeys(findTestObject("ADMIN/Edit Text/Bespoke/Admin Pages/Header_Footer/input_Dashboard_Dashboard1"), "*"): Keys '*' sent to object: 'Object Repository/ADMIN/Edit Text/Bespoke/Admin Pages/Header_Footer/input_Dashboard_Dashboard1'

2020-03-20 12:27:50 - [MESSAGE][PASSED] - Keys '*' sent to object: 'Object Repository/ADMIN/Edit Text/Bespoke/Admin Pages/Header_Footer/input_Dashboard_Dashboard1'

2020-03-20 12:27:50 - [TEST_STEP][PASSED] - sendKeys(findTestObject("ADMIN/Edit Text/Bespoke/Admin Pages/Header_Footer/input_Purchases_Purchases1"), "*"): Keys '*' sent to object: 'Object Repository/ADMIN/Edit Text/Bespoke/Admin Pages/Header_Footer/input_Purchases_Purchases1'

2020-03-20 12:27:50 - [MESSAGE][PASSED] - Keys '*' sent to object: 'Object Repository/ADMIN/Edit Text/Bespoke/Admin Pages/Header_Footer/input_Purchases_Purchases1'

2020-03-20 12:27:50 - [TEST_STEP][PASSED] - sendKeys(findTestObject("ADMIN/Edit Text/Bespoke/Admin Pages/Header_Footer/input_Your Items_Your Items1"), "*"): Keys '*' sent to object: 'Object Repository/ADMIN/Edit Text/Bespoke/Admin Pages/Header_Footer/input_Your Items_Your Items1'

2020-03-20 12:27:50 - [MESSAGE][PASSED] - Keys '*' sent to object: 'Object Repository/ADMIN/Edit Text/Bespoke/Admin Pages/Header_Footer/input_Your Items_Your Items1'

2020-03-20 12:27:50 - [TEST_STEP][PASSED] - sendKeys(findTestObject("ADMIN/Edit Text/Bespoke/Admin Pages/Header_Footer/input_Settings_Settings1"), "*"): Keys '*' sent to object: 'Object Repository/ADMIN/Edit Text/Bespoke/Admin Pages/Header_Footer/input_Settings_Settings1'

2020-03-20 12:27:50 - [MESSAGE][PASSED] - Keys '*' sent to object: 'Object Repository/ADMIN/Edit Text/Bespoke/Admin Pages/Header_Footer/input_Settings_Settings1'

2020-03-20 12:27:50 - [TEST_STEP][PASSED] - sendKeys(findTestObject("ADMIN/Edit Text/Bespoke/Admin Pages/Header_Footer/input_Upload_Upload1"), "*"): Keys '*' sent to object: 'Object Repository/ADMIN/Edit Text/Bespoke/Admin Pages/Header_Footer/input_Upload_Upload1'

2020-03-20 12:27:50 - [MESSAGE][PASSED] - Keys '*' sent to object: 'Object Repository/ADMIN/Edit Text/Bespoke/Admin Pages/Header_Footer/input_Upload_Upload1'

2020-03-20 12:27:50 - [TEST_STEP][PASSED] - sendKeys(findTestObject("ADMIN/Edit Text/Bespoke/Admin Pages/Header_Footer/input_Logout_Logout1"), "*"): Keys '*' sent to object: 'Object Repository/ADMIN/Edit Text/Bespoke/Admin Pages/Header_Footer/input_Logout_Logout1'

2020-03-20 12:27:50 - [MESSAGE][PASSED] - Keys '*' sent to object: 'Object Repository/ADMIN/Edit Text/Bespoke/Admin Pages/Header_Footer/input_Logout_Logout1'

2020-03-20 12:27:50 - [TEST_STEP][PASSED] - sendKeys(findTestObject("ADMIN/Edit Text/Bespoke/Admin Pages/Header_Footer/input_Orders_Orders1"), "*"): Keys '*' sent to object: 'Object Repository/ADMIN/Edit Text/Bespoke/Admin Pages/Header_Footer/input_Orders_Orders1'

2020-03-20 12:27:50 - [MESSAGE][PASSED] - Keys '*' sent to object: 'Object Repository/ADMIN/Edit Text/Bespoke/Admin Pages/Header_Footer/input_Orders_Orders1'

2020-03-20 12:27:50 - [TEST_STEP][PASSED] - sendKeys(findTestObject("ADMIN/Edit Text/Bespoke/Admin Pages/Header_Footer/input_Sales_Sales1"), "*"): Keys '*' sent to object: 'Object Repository/ADMIN/Edit Text/Bespoke/Admin Pages/Header_Footer/input_Sales_Sales1'

2020-03-20 12:27:50 - [MESSAGE][PASSED] - Keys '*' sent to object: 'Object Repository/ADMIN/Edit Text/Bespoke/Admin Pages/Header_Footer/input_Sales_Sales1'

2020-03-20 12:27:50 - [TEST_STEP][PASSED] - sendKeys(findTestObject("ADMIN/Edit Text/Bespoke/Admin Pages/Header_Footer/input_ABOUT US_ABOUT US"), "*"): Keys '*' sent to object: 'Object Repository/ADMIN/Edit Text/Bespoke/Admin Pages/Header_Footer/input_ABOUT US_ABOUT US'

2020-03-20 12:27:51 - [MESSAGE][PASSED] - Keys '*' sent to object: 'Object Repository/ADMIN/Edit Text/Bespoke/Admin Pages/Header_Footer/input_ABOUT US_ABOUT US'

2020-03-20 12:27:51 - [TEST_STEP][PASSED] - sendKeys(findTestObject("ADMIN/Edit Text/Bespoke/Admin Pages/Header_Footer/input_SERVICE TERMS_SERVICE TERMS"), "*"): Keys '*' sent to object: 'Object Repository/ADMIN/Edit Text/Bespoke/Admin Pages/Header_Footer/input_SERVICE TERMS_SERVICE TERMS'

2020-03-20 12:27:51 - [MESSAGE][PASSED] - Keys '*' sent to object: 'Object Repository/ADMIN/Edit Text/Bespoke/Admin Pages/Header_Footer/input_SERVICE TERMS_SERVICE TERMS'

2020-03-20 12:27:51 - [TEST_STEP][PASSED] - sendKeys(findTestObject("ADMIN/Edit Text/Bespoke/Admin Pages/Header_Footer/input_PRIVACY_PRIVACY"), "*"): Keys '*' sent to object: 'Object Repository/ADMIN/Edit Text/Bespoke/Admin Pages/Header_Footer/input_PRIVACY_PRIVACY'

2020-03-20 12:27:51 - [MESSAGE][PASSED] - Keys '*' sent to object: 'Object Repository/ADMIN/Edit Text/Bespoke/Admin Pages/Header_Footer/input_PRIVACY_PRIVACY'

2020-03-20 12:27:51 - [TEST_STEP][PASSED] - sendKeys(findTestObject("ADMIN/Edit Text/Bespoke/Admin Pages/Header_Footer/input_RETURNS_RETURNS"), "*"): Keys '*' sent to object: 'Object Repository/ADMIN/Edit Text/Bespoke/Admin Pages/Header_Footer/input_RETURNS_RETURNS'

2020-03-20 12:27:51 - [MESSAGE][PASSED] - Keys '*' sent to object: 'Object Repository/ADMIN/Edit Text/Bespoke/Admin Pages/Header_Footer/input_RETURNS_RETURNS'

2020-03-20 12:27:51 - [TEST_STEP][PASSED] - sendKeys(findTestObject("ADMIN/Edit Text/Bespoke/Admin Pages/Header_Footer/input_FAQ_FAQ"), "*"): Keys '*' sent to object: 'Object Repository/ADMIN/Edit Text/Bespoke/Admin Pages/Header_Footer/input_FAQ_FAQ'

2020-03-20 12:27:51 - [MESSAGE][PASSED] - Keys '*' sent to object: 'Object Repository/ADMIN/Edit Text/Bespoke/Admin Pages/Header_Footer/input_FAQ_FAQ'

2020-03-20 12:27:51 - [TEST_STEP][PASSED] - sendKeys(findTestObject("ADMIN/Edit Text/Bespoke/Admin Pages/Header_Footer/input_CONTACT_CONTACT"), "*"): Keys '*' sent to object: 'Object Repository/ADMIN/Edit Text/Bespoke/Admin Pages/Header_Footer/input_CONTACT_CONTACT'

2020-03-20 12:27:51 - [MESSAGE][PASSED] - Keys '*' sent to object: 'Object Repository/ADMIN/Edit Text/Bespoke/Admin Pages/Header_Footer/input_CONTACT_CONTACT'

2020-03-20 12:27:51 - [TEST_STEP][PASSED] - sendKeys(findTestObject("ADMIN/Edit Text/Bespoke/Admin Pages/Header_Footer/input_All rights reserved _foot_copyright"), "*"): Keys '*' sent to object: 'Object Repository/ADMIN/Edit Text/Bespoke/Admin Pages/Header_Footer/input_All rights reserved _foot_copyright'

2020-03-20 12:27:51 - [MESSAGE][PASSED] - Keys '*' sent to object: 'Object Repository/ADMIN/Edit Text/Bespoke/Admin Pages/Header_Footer/input_All rights reserved _foot_copyright'

2020-03-20 12:27:51 - [TEST_STEP][PASSED] - click(findTestObject("ADMIN/Edit Text/Bespoke/Buyer Pages/Homepage/button_save"), CONTINUE_ON_FAILURE): Object: 'Object Repository/ADMIN/Edit Text/Bespoke/Buyer Pages/Homepage/button_save' is clicked on

2020-03-20 12:27:51 - [MESSAGE][PASSED] - Object: 'Object Repository/ADMIN/Edit Text/Bespoke/Buyer Pages/Homepage/button_save' is clicked on

2020-03-20 12:27:51 - [TEST_STEP][PASSED] - waitForElementVisible(findTestObject("ADMIN/Edit Text/Bespoke/Buyer Pages/Homepage/toaster_success"), 0): Object 'Object Repository/ADMIN/Edit Text/Bespoke/Buyer Pages/Homepage/toaster_success' is visible

2020-03-20 12:27:51 - [MESSAGE][WARNING] - Timeout '0' is invalid. Using default page load timeout: '30'

2020-03-20 12:27:52 - [MESSAGE][PASSED] - Object 'Object Repository/ADMIN/Edit Text/Bespoke/Buyer Pages/Homepage/toaster_success' is visible]]></system-out>
         <system-err><![CDATA[]]></system-err>
      </testcase>
      <testcase name="Test Cases/ADMIN/Language/Edit Text/Bespoke/Admin Pages/Header_Footer" time="7.726" classname="Test Cases/ADMIN/Language/Edit Text/Bespoke/Admin Pages/Header_Footer" status="PASSED">
         <system-out><![CDATA[2020-03-20 12:27:52 - [TEST_CASE][PASSED] - Test Cases/ADMIN/Language/Edit Text/Bespoke/Admin Pages/Header_Footer: Test Cases/ADMIN/Language/Edit Text/Bespoke/Admin Pages/Header_Footer

2020-03-20 12:27:52 - [TEST_STEP][PASSED] - waitForElementVisible(findTestObject("ADMIN/Edit Text/Bespoke/Buyer Navigation/dd_language"), 0): Object 'Object Repository/ADMIN/Edit Text/Bespoke/Buyer Navigation/dd_language' is visible

2020-03-20 12:27:52 - [MESSAGE][WARNING] - Timeout '0' is invalid. Using default page load timeout: '30'

2020-03-20 12:27:52 - [MESSAGE][PASSED] - Object 'Object Repository/ADMIN/Edit Text/Bespoke/Buyer Navigation/dd_language' is visible

2020-03-20 12:27:52 - [TEST_STEP][PASSED] - selectOptionByLabel(findTestObject("ADMIN/Edit Text/Bespoke/Buyer Navigation/dd_language"), varLanguage, false): All options with label 'Indonesian' are selected in object 'Object Repository/ADMIN/Edit Text/Bespoke/Buyer Navigation/dd_language' 

2020-03-20 12:27:54 - [MESSAGE][PASSED] - All options with label 'Indonesian' are selected in object 'Object Repository/ADMIN/Edit Text/Bespoke/Buyer Navigation/dd_language' 

2020-03-20 12:27:54 - [TEST_STEP][PASSED] - sendKeys(findTestObject("ADMIN/Edit Text/Bespoke/Admin Pages/Header_Footer/input_Search_search"), "*"): Keys '*' sent to object: 'Object Repository/ADMIN/Edit Text/Bespoke/Admin Pages/Header_Footer/input_Search_search'

2020-03-20 12:27:55 - [MESSAGE][PASSED] - Keys '*' sent to object: 'Object Repository/ADMIN/Edit Text/Bespoke/Admin Pages/Header_Footer/input_Search_search'

2020-03-20 12:27:55 - [TEST_STEP][PASSED] - sendKeys(findTestObject("ADMIN/Edit Text/Bespoke/Admin Pages/Header_Footer/input_BE A SELLER_be_seller"), "*"): Keys '*' sent to object: 'Object Repository/ADMIN/Edit Text/Bespoke/Admin Pages/Header_Footer/input_BE A SELLER_be_seller'

2020-03-20 12:27:55 - [MESSAGE][PASSED] - Keys '*' sent to object: 'Object Repository/ADMIN/Edit Text/Bespoke/Admin Pages/Header_Footer/input_BE A SELLER_be_seller'

2020-03-20 12:27:55 - [TEST_STEP][PASSED] - sendKeys(findTestObject("ADMIN/Edit Text/Bespoke/Admin Pages/Header_Footer/input_MORE_more"), "*"): Keys '*' sent to object: 'Object Repository/ADMIN/Edit Text/Bespoke/Admin Pages/Header_Footer/input_MORE_more'

2020-03-20 12:27:55 - [MESSAGE][PASSED] - Keys '*' sent to object: 'Object Repository/ADMIN/Edit Text/Bespoke/Admin Pages/Header_Footer/input_MORE_more'

2020-03-20 12:27:55 - [TEST_STEP][PASSED] - sendKeys(findTestObject("ADMIN/Edit Text/Bespoke/Admin Pages/Header_Footer/input_VIEW CART_btn_next"), "*"): Keys '*' sent to object: 'Object Repository/ADMIN/Edit Text/Bespoke/Admin Pages/Header_Footer/input_VIEW CART_btn_next'

2020-03-20 12:27:55 - [MESSAGE][PASSED] - Keys '*' sent to object: 'Object Repository/ADMIN/Edit Text/Bespoke/Admin Pages/Header_Footer/input_VIEW CART_btn_next'

2020-03-20 12:27:55 - [TEST_STEP][PASSED] - sendKeys(findTestObject("ADMIN/Edit Text/Bespoke/Admin Pages/Header_Footer/input_REGISTER  SIGN IN_register_signin"), "*"): Keys '*' sent to object: 'Object Repository/ADMIN/Edit Text/Bespoke/Admin Pages/Header_Footer/input_REGISTER  SIGN IN_register_signin'

2020-03-20 12:27:55 - [MESSAGE][PASSED] - Keys '*' sent to object: 'Object Repository/ADMIN/Edit Text/Bespoke/Admin Pages/Header_Footer/input_REGISTER  SIGN IN_register_signin'

2020-03-20 12:27:55 - [TEST_STEP][PASSED] - sendKeys(findTestObject("ADMIN/Edit Text/Bespoke/Admin Pages/Header_Footer/input_SELLER_sell"), "*"): Keys '*' sent to object: 'Object Repository/ADMIN/Edit Text/Bespoke/Admin Pages/Header_Footer/input_SELLER_sell'

2020-03-20 12:27:55 - [MESSAGE][PASSED] - Keys '*' sent to object: 'Object Repository/ADMIN/Edit Text/Bespoke/Admin Pages/Header_Footer/input_SELLER_sell'

2020-03-20 12:27:55 - [TEST_STEP][PASSED] - sendKeys(findTestObject("ADMIN/Edit Text/Bespoke/Admin Pages/Header_Footer/input_PROFILE_profile"), "*"): Keys '*' sent to object: 'Object Repository/ADMIN/Edit Text/Bespoke/Admin Pages/Header_Footer/input_PROFILE_profile'

2020-03-20 12:27:55 - [MESSAGE][PASSED] - Keys '*' sent to object: 'Object Repository/ADMIN/Edit Text/Bespoke/Admin Pages/Header_Footer/input_PROFILE_profile'

2020-03-20 12:27:55 - [TEST_STEP][PASSED] - sendKeys(findTestObject("ADMIN/Edit Text/Bespoke/Admin Pages/Header_Footer/input_Dashboard_Dashboard"), "*"): Keys '*' sent to object: 'Object Repository/ADMIN/Edit Text/Bespoke/Admin Pages/Header_Footer/input_Dashboard_Dashboard'

2020-03-20 12:27:55 - [MESSAGE][PASSED] - Keys '*' sent to object: 'Object Repository/ADMIN/Edit Text/Bespoke/Admin Pages/Header_Footer/input_Dashboard_Dashboard'

2020-03-20 12:27:55 - [TEST_STEP][PASSED] - sendKeys(findTestObject("ADMIN/Edit Text/Bespoke/Admin Pages/Header_Footer/input_Purchases_Purchases"), "*"): Keys '*' sent to object: 'Object Repository/ADMIN/Edit Text/Bespoke/Admin Pages/Header_Footer/input_Purchases_Purchases'

2020-03-20 12:27:56 - [MESSAGE][PASSED] - Keys '*' sent to object: 'Object Repository/ADMIN/Edit Text/Bespoke/Admin Pages/Header_Footer/input_Purchases_Purchases'

2020-03-20 12:27:56 - [TEST_STEP][PASSED] - sendKeys(findTestObject("ADMIN/Edit Text/Bespoke/Admin Pages/Header_Footer/input_Your Items_Your Items"), "*"): Keys '*' sent to object: 'Object Repository/ADMIN/Edit Text/Bespoke/Admin Pages/Header_Footer/input_Your Items_Your Items'

2020-03-20 12:27:56 - [MESSAGE][PASSED] - Keys '*' sent to object: 'Object Repository/ADMIN/Edit Text/Bespoke/Admin Pages/Header_Footer/input_Your Items_Your Items'

2020-03-20 12:27:56 - [TEST_STEP][PASSED] - sendKeys(findTestObject("ADMIN/Edit Text/Bespoke/Admin Pages/Header_Footer/input_Settings_Settings"), "*"): Keys '*' sent to object: 'Object Repository/ADMIN/Edit Text/Bespoke/Admin Pages/Header_Footer/input_Settings_Settings'

2020-03-20 12:27:56 - [MESSAGE][PASSED] - Keys '*' sent to object: 'Object Repository/ADMIN/Edit Text/Bespoke/Admin Pages/Header_Footer/input_Settings_Settings'

2020-03-20 12:27:56 - [TEST_STEP][PASSED] - sendKeys(findTestObject("ADMIN/Edit Text/Bespoke/Admin Pages/Header_Footer/input_Upload_Upload"), "*"): Keys '*' sent to object: 'Object Repository/ADMIN/Edit Text/Bespoke/Admin Pages/Header_Footer/input_Upload_Upload'

2020-03-20 12:27:56 - [MESSAGE][PASSED] - Keys '*' sent to object: 'Object Repository/ADMIN/Edit Text/Bespoke/Admin Pages/Header_Footer/input_Upload_Upload'

2020-03-20 12:27:56 - [TEST_STEP][PASSED] - sendKeys(findTestObject("ADMIN/Edit Text/Bespoke/Admin Pages/Header_Footer/input_Logout_Logout"), "*"): Keys '*' sent to object: 'Object Repository/ADMIN/Edit Text/Bespoke/Admin Pages/Header_Footer/input_Logout_Logout'

2020-03-20 12:27:56 - [MESSAGE][PASSED] - Keys '*' sent to object: 'Object Repository/ADMIN/Edit Text/Bespoke/Admin Pages/Header_Footer/input_Logout_Logout'

2020-03-20 12:27:56 - [TEST_STEP][PASSED] - sendKeys(findTestObject("ADMIN/Edit Text/Bespoke/Admin Pages/Header_Footer/input_Orders_Orders"), "*"): Keys '*' sent to object: 'Object Repository/ADMIN/Edit Text/Bespoke/Admin Pages/Header_Footer/input_Orders_Orders'

2020-03-20 12:27:56 - [MESSAGE][PASSED] - Keys '*' sent to object: 'Object Repository/ADMIN/Edit Text/Bespoke/Admin Pages/Header_Footer/input_Orders_Orders'

2020-03-20 12:27:56 - [TEST_STEP][PASSED] - sendKeys(findTestObject("ADMIN/Edit Text/Bespoke/Admin Pages/Header_Footer/input_Sub-accounts_Sub-accounts"), "*"): Keys '*' sent to object: 'Object Repository/ADMIN/Edit Text/Bespoke/Admin Pages/Header_Footer/input_Sub-accounts_Sub-accounts'

2020-03-20 12:27:56 - [MESSAGE][PASSED] - Keys '*' sent to object: 'Object Repository/ADMIN/Edit Text/Bespoke/Admin Pages/Header_Footer/input_Sub-accounts_Sub-accounts'

2020-03-20 12:27:56 - [TEST_STEP][PASSED] - sendKeys(findTestObject("ADMIN/Edit Text/Bespoke/Admin Pages/Header_Footer/input_Sales_Sales"), "*"): Keys '*' sent to object: 'Object Repository/ADMIN/Edit Text/Bespoke/Admin Pages/Header_Footer/input_Sales_Sales'

2020-03-20 12:27:57 - [MESSAGE][PASSED] - Keys '*' sent to object: 'Object Repository/ADMIN/Edit Text/Bespoke/Admin Pages/Header_Footer/input_Sales_Sales'

2020-03-20 12:27:57 - [TEST_STEP][PASSED] - sendKeys(findTestObject("ADMIN/Edit Text/Bespoke/Admin Pages/Header_Footer/input_Browse_Browse"), "*"): Keys '*' sent to object: 'Object Repository/ADMIN/Edit Text/Bespoke/Admin Pages/Header_Footer/input_Browse_Browse'

2020-03-20 12:27:57 - [MESSAGE][PASSED] - Keys '*' sent to object: 'Object Repository/ADMIN/Edit Text/Bespoke/Admin Pages/Header_Footer/input_Browse_Browse'

2020-03-20 12:27:57 - [TEST_STEP][PASSED] - sendKeys(findTestObject("ADMIN/Edit Text/Bespoke/Admin Pages/Header_Footer/input_SELLER_sell1"), "*"): Keys '*' sent to object: 'Object Repository/ADMIN/Edit Text/Bespoke/Admin Pages/Header_Footer/input_SELLER_sell1'

2020-03-20 12:27:57 - [MESSAGE][PASSED] - Keys '*' sent to object: 'Object Repository/ADMIN/Edit Text/Bespoke/Admin Pages/Header_Footer/input_SELLER_sell1'

2020-03-20 12:27:57 - [TEST_STEP][PASSED] - sendKeys(findTestObject("ADMIN/Edit Text/Bespoke/Admin Pages/Header_Footer/input_PROFILE_profile1"), "*"): Keys '*' sent to object: 'Object Repository/ADMIN/Edit Text/Bespoke/Admin Pages/Header_Footer/input_PROFILE_profile1'

2020-03-20 12:27:57 - [MESSAGE][PASSED] - Keys '*' sent to object: 'Object Repository/ADMIN/Edit Text/Bespoke/Admin Pages/Header_Footer/input_PROFILE_profile1'

2020-03-20 12:27:57 - [TEST_STEP][PASSED] - sendKeys(findTestObject("ADMIN/Edit Text/Bespoke/Admin Pages/Header_Footer/input_Dashboard_Dashboard1"), "*"): Keys '*' sent to object: 'Object Repository/ADMIN/Edit Text/Bespoke/Admin Pages/Header_Footer/input_Dashboard_Dashboard1'

2020-03-20 12:27:57 - [MESSAGE][PASSED] - Keys '*' sent to object: 'Object Repository/ADMIN/Edit Text/Bespoke/Admin Pages/Header_Footer/input_Dashboard_Dashboard1'

2020-03-20 12:27:57 - [TEST_STEP][PASSED] - sendKeys(findTestObject("ADMIN/Edit Text/Bespoke/Admin Pages/Header_Footer/input_Purchases_Purchases1"), "*"): Keys '*' sent to object: 'Object Repository/ADMIN/Edit Text/Bespoke/Admin Pages/Header_Footer/input_Purchases_Purchases1'

2020-03-20 12:27:57 - [MESSAGE][PASSED] - Keys '*' sent to object: 'Object Repository/ADMIN/Edit Text/Bespoke/Admin Pages/Header_Footer/input_Purchases_Purchases1'

2020-03-20 12:27:57 - [TEST_STEP][PASSED] - sendKeys(findTestObject("ADMIN/Edit Text/Bespoke/Admin Pages/Header_Footer/input_Your Items_Your Items1"), "*"): Keys '*' sent to object: 'Object Repository/ADMIN/Edit Text/Bespoke/Admin Pages/Header_Footer/input_Your Items_Your Items1'

2020-03-20 12:27:57 - [MESSAGE][PASSED] - Keys '*' sent to object: 'Object Repository/ADMIN/Edit Text/Bespoke/Admin Pages/Header_Footer/input_Your Items_Your Items1'

2020-03-20 12:27:57 - [TEST_STEP][PASSED] - sendKeys(findTestObject("ADMIN/Edit Text/Bespoke/Admin Pages/Header_Footer/input_Settings_Settings1"), "*"): Keys '*' sent to object: 'Object Repository/ADMIN/Edit Text/Bespoke/Admin Pages/Header_Footer/input_Settings_Settings1'

2020-03-20 12:27:57 - [MESSAGE][PASSED] - Keys '*' sent to object: 'Object Repository/ADMIN/Edit Text/Bespoke/Admin Pages/Header_Footer/input_Settings_Settings1'

2020-03-20 12:27:57 - [TEST_STEP][PASSED] - sendKeys(findTestObject("ADMIN/Edit Text/Bespoke/Admin Pages/Header_Footer/input_Upload_Upload1"), "*"): Keys '*' sent to object: 'Object Repository/ADMIN/Edit Text/Bespoke/Admin Pages/Header_Footer/input_Upload_Upload1'

2020-03-20 12:27:58 - [MESSAGE][PASSED] - Keys '*' sent to object: 'Object Repository/ADMIN/Edit Text/Bespoke/Admin Pages/Header_Footer/input_Upload_Upload1'

2020-03-20 12:27:58 - [TEST_STEP][PASSED] - sendKeys(findTestObject("ADMIN/Edit Text/Bespoke/Admin Pages/Header_Footer/input_Logout_Logout1"), "*"): Keys '*' sent to object: 'Object Repository/ADMIN/Edit Text/Bespoke/Admin Pages/Header_Footer/input_Logout_Logout1'

2020-03-20 12:27:58 - [MESSAGE][PASSED] - Keys '*' sent to object: 'Object Repository/ADMIN/Edit Text/Bespoke/Admin Pages/Header_Footer/input_Logout_Logout1'

2020-03-20 12:27:58 - [TEST_STEP][PASSED] - sendKeys(findTestObject("ADMIN/Edit Text/Bespoke/Admin Pages/Header_Footer/input_Orders_Orders1"), "*"): Keys '*' sent to object: 'Object Repository/ADMIN/Edit Text/Bespoke/Admin Pages/Header_Footer/input_Orders_Orders1'

2020-03-20 12:27:58 - [MESSAGE][PASSED] - Keys '*' sent to object: 'Object Repository/ADMIN/Edit Text/Bespoke/Admin Pages/Header_Footer/input_Orders_Orders1'

2020-03-20 12:27:58 - [TEST_STEP][PASSED] - sendKeys(findTestObject("ADMIN/Edit Text/Bespoke/Admin Pages/Header_Footer/input_Sales_Sales1"), "*"): Keys '*' sent to object: 'Object Repository/ADMIN/Edit Text/Bespoke/Admin Pages/Header_Footer/input_Sales_Sales1'

2020-03-20 12:27:58 - [MESSAGE][PASSED] - Keys '*' sent to object: 'Object Repository/ADMIN/Edit Text/Bespoke/Admin Pages/Header_Footer/input_Sales_Sales1'

2020-03-20 12:27:58 - [TEST_STEP][PASSED] - sendKeys(findTestObject("ADMIN/Edit Text/Bespoke/Admin Pages/Header_Footer/input_ABOUT US_ABOUT US"), "*"): Keys '*' sent to object: 'Object Repository/ADMIN/Edit Text/Bespoke/Admin Pages/Header_Footer/input_ABOUT US_ABOUT US'

2020-03-20 12:27:58 - [MESSAGE][PASSED] - Keys '*' sent to object: 'Object Repository/ADMIN/Edit Text/Bespoke/Admin Pages/Header_Footer/input_ABOUT US_ABOUT US'

2020-03-20 12:27:58 - [TEST_STEP][PASSED] - sendKeys(findTestObject("ADMIN/Edit Text/Bespoke/Admin Pages/Header_Footer/input_SERVICE TERMS_SERVICE TERMS"), "*"): Keys '*' sent to object: 'Object Repository/ADMIN/Edit Text/Bespoke/Admin Pages/Header_Footer/input_SERVICE TERMS_SERVICE TERMS'

2020-03-20 12:27:58 - [MESSAGE][PASSED] - Keys '*' sent to object: 'Object Repository/ADMIN/Edit Text/Bespoke/Admin Pages/Header_Footer/input_SERVICE TERMS_SERVICE TERMS'

2020-03-20 12:27:58 - [TEST_STEP][PASSED] - sendKeys(findTestObject("ADMIN/Edit Text/Bespoke/Admin Pages/Header_Footer/input_PRIVACY_PRIVACY"), "*"): Keys '*' sent to object: 'Object Repository/ADMIN/Edit Text/Bespoke/Admin Pages/Header_Footer/input_PRIVACY_PRIVACY'

2020-03-20 12:27:58 - [MESSAGE][PASSED] - Keys '*' sent to object: 'Object Repository/ADMIN/Edit Text/Bespoke/Admin Pages/Header_Footer/input_PRIVACY_PRIVACY'

2020-03-20 12:27:58 - [TEST_STEP][PASSED] - sendKeys(findTestObject("ADMIN/Edit Text/Bespoke/Admin Pages/Header_Footer/input_RETURNS_RETURNS"), "*"): Keys '*' sent to object: 'Object Repository/ADMIN/Edit Text/Bespoke/Admin Pages/Header_Footer/input_RETURNS_RETURNS'

2020-03-20 12:27:58 - [MESSAGE][PASSED] - Keys '*' sent to object: 'Object Repository/ADMIN/Edit Text/Bespoke/Admin Pages/Header_Footer/input_RETURNS_RETURNS'

2020-03-20 12:27:58 - [TEST_STEP][PASSED] - sendKeys(findTestObject("ADMIN/Edit Text/Bespoke/Admin Pages/Header_Footer/input_FAQ_FAQ"), "*"): Keys '*' sent to object: 'Object Repository/ADMIN/Edit Text/Bespoke/Admin Pages/Header_Footer/input_FAQ_FAQ'

2020-03-20 12:27:59 - [MESSAGE][PASSED] - Keys '*' sent to object: 'Object Repository/ADMIN/Edit Text/Bespoke/Admin Pages/Header_Footer/input_FAQ_FAQ'

2020-03-20 12:27:59 - [TEST_STEP][PASSED] - sendKeys(findTestObject("ADMIN/Edit Text/Bespoke/Admin Pages/Header_Footer/input_CONTACT_CONTACT"), "*"): Keys '*' sent to object: 'Object Repository/ADMIN/Edit Text/Bespoke/Admin Pages/Header_Footer/input_CONTACT_CONTACT'

2020-03-20 12:27:59 - [MESSAGE][PASSED] - Keys '*' sent to object: 'Object Repository/ADMIN/Edit Text/Bespoke/Admin Pages/Header_Footer/input_CONTACT_CONTACT'

2020-03-20 12:27:59 - [TEST_STEP][PASSED] - sendKeys(findTestObject("ADMIN/Edit Text/Bespoke/Admin Pages/Header_Footer/input_All rights reserved _foot_copyright"), "*"): Keys '*' sent to object: 'Object Repository/ADMIN/Edit Text/Bespoke/Admin Pages/Header_Footer/input_All rights reserved _foot_copyright'

2020-03-20 12:27:59 - [MESSAGE][PASSED] - Keys '*' sent to object: 'Object Repository/ADMIN/Edit Text/Bespoke/Admin Pages/Header_Footer/input_All rights reserved _foot_copyright'

2020-03-20 12:27:59 - [TEST_STEP][PASSED] - click(findTestObject("ADMIN/Edit Text/Bespoke/Buyer Pages/Homepage/button_save"), CONTINUE_ON_FAILURE): Object: 'Object Repository/ADMIN/Edit Text/Bespoke/Buyer Pages/Homepage/button_save' is clicked on

2020-03-20 12:27:59 - [MESSAGE][PASSED] - Object: 'Object Repository/ADMIN/Edit Text/Bespoke/Buyer Pages/Homepage/button_save' is clicked on

2020-03-20 12:27:59 - [TEST_STEP][PASSED] - waitForElementVisible(findTestObject("ADMIN/Edit Text/Bespoke/Buyer Pages/Homepage/toaster_success"), 0): Object 'Object Repository/ADMIN/Edit Text/Bespoke/Buyer Pages/Homepage/toaster_success' is visible

2020-03-20 12:27:59 - [MESSAGE][WARNING] - Timeout '0' is invalid. Using default page load timeout: '30'

2020-03-20 12:28:00 - [MESSAGE][PASSED] - Object 'Object Repository/ADMIN/Edit Text/Bespoke/Buyer Pages/Homepage/toaster_success' is visible]]></system-out>
         <system-err><![CDATA[]]></system-err>
      </testcase>
      <testcase name="Test Cases/ADMIN/Language/Edit Text/Bespoke/Admin Pages/Header_Footer" time="7.687" classname="Test Cases/ADMIN/Language/Edit Text/Bespoke/Admin Pages/Header_Footer" status="PASSED">
         <system-out><![CDATA[2020-03-20 12:28:00 - [TEST_CASE][PASSED] - Test Cases/ADMIN/Language/Edit Text/Bespoke/Admin Pages/Header_Footer: Test Cases/ADMIN/Language/Edit Text/Bespoke/Admin Pages/Header_Footer

2020-03-20 12:28:00 - [TEST_STEP][PASSED] - waitForElementVisible(findTestObject("ADMIN/Edit Text/Bespoke/Buyer Navigation/dd_language"), 0): Object 'Object Repository/ADMIN/Edit Text/Bespoke/Buyer Navigation/dd_language' is visible

2020-03-20 12:28:00 - [MESSAGE][WARNING] - Timeout '0' is invalid. Using default page load timeout: '30'

2020-03-20 12:28:00 - [MESSAGE][PASSED] - Object 'Object Repository/ADMIN/Edit Text/Bespoke/Buyer Navigation/dd_language' is visible

2020-03-20 12:28:00 - [TEST_STEP][PASSED] - selectOptionByLabel(findTestObject("ADMIN/Edit Text/Bespoke/Buyer Navigation/dd_language"), varLanguage, false): All options with label 'Russian' are selected in object 'Object Repository/ADMIN/Edit Text/Bespoke/Buyer Navigation/dd_language' 

2020-03-20 12:28:01 - [MESSAGE][PASSED] - All options with label 'Russian' are selected in object 'Object Repository/ADMIN/Edit Text/Bespoke/Buyer Navigation/dd_language' 

2020-03-20 12:28:01 - [TEST_STEP][PASSED] - sendKeys(findTestObject("ADMIN/Edit Text/Bespoke/Admin Pages/Header_Footer/input_Search_search"), "*"): Keys '*' sent to object: 'Object Repository/ADMIN/Edit Text/Bespoke/Admin Pages/Header_Footer/input_Search_search'

2020-03-20 12:28:02 - [MESSAGE][PASSED] - Keys '*' sent to object: 'Object Repository/ADMIN/Edit Text/Bespoke/Admin Pages/Header_Footer/input_Search_search'

2020-03-20 12:28:02 - [TEST_STEP][PASSED] - sendKeys(findTestObject("ADMIN/Edit Text/Bespoke/Admin Pages/Header_Footer/input_BE A SELLER_be_seller"), "*"): Keys '*' sent to object: 'Object Repository/ADMIN/Edit Text/Bespoke/Admin Pages/Header_Footer/input_BE A SELLER_be_seller'

2020-03-20 12:28:02 - [MESSAGE][PASSED] - Keys '*' sent to object: 'Object Repository/ADMIN/Edit Text/Bespoke/Admin Pages/Header_Footer/input_BE A SELLER_be_seller'

2020-03-20 12:28:02 - [TEST_STEP][PASSED] - sendKeys(findTestObject("ADMIN/Edit Text/Bespoke/Admin Pages/Header_Footer/input_MORE_more"), "*"): Keys '*' sent to object: 'Object Repository/ADMIN/Edit Text/Bespoke/Admin Pages/Header_Footer/input_MORE_more'

2020-03-20 12:28:02 - [MESSAGE][PASSED] - Keys '*' sent to object: 'Object Repository/ADMIN/Edit Text/Bespoke/Admin Pages/Header_Footer/input_MORE_more'

2020-03-20 12:28:02 - [TEST_STEP][PASSED] - sendKeys(findTestObject("ADMIN/Edit Text/Bespoke/Admin Pages/Header_Footer/input_VIEW CART_btn_next"), "*"): Keys '*' sent to object: 'Object Repository/ADMIN/Edit Text/Bespoke/Admin Pages/Header_Footer/input_VIEW CART_btn_next'

2020-03-20 12:28:02 - [MESSAGE][PASSED] - Keys '*' sent to object: 'Object Repository/ADMIN/Edit Text/Bespoke/Admin Pages/Header_Footer/input_VIEW CART_btn_next'

2020-03-20 12:28:02 - [TEST_STEP][PASSED] - sendKeys(findTestObject("ADMIN/Edit Text/Bespoke/Admin Pages/Header_Footer/input_REGISTER  SIGN IN_register_signin"), "*"): Keys '*' sent to object: 'Object Repository/ADMIN/Edit Text/Bespoke/Admin Pages/Header_Footer/input_REGISTER  SIGN IN_register_signin'

2020-03-20 12:28:02 - [MESSAGE][PASSED] - Keys '*' sent to object: 'Object Repository/ADMIN/Edit Text/Bespoke/Admin Pages/Header_Footer/input_REGISTER  SIGN IN_register_signin'

2020-03-20 12:28:02 - [TEST_STEP][PASSED] - sendKeys(findTestObject("ADMIN/Edit Text/Bespoke/Admin Pages/Header_Footer/input_SELLER_sell"), "*"): Keys '*' sent to object: 'Object Repository/ADMIN/Edit Text/Bespoke/Admin Pages/Header_Footer/input_SELLER_sell'

2020-03-20 12:28:03 - [MESSAGE][PASSED] - Keys '*' sent to object: 'Object Repository/ADMIN/Edit Text/Bespoke/Admin Pages/Header_Footer/input_SELLER_sell'

2020-03-20 12:28:03 - [TEST_STEP][PASSED] - sendKeys(findTestObject("ADMIN/Edit Text/Bespoke/Admin Pages/Header_Footer/input_PROFILE_profile"), "*"): Keys '*' sent to object: 'Object Repository/ADMIN/Edit Text/Bespoke/Admin Pages/Header_Footer/input_PROFILE_profile'

2020-03-20 12:28:03 - [MESSAGE][PASSED] - Keys '*' sent to object: 'Object Repository/ADMIN/Edit Text/Bespoke/Admin Pages/Header_Footer/input_PROFILE_profile'

2020-03-20 12:28:03 - [TEST_STEP][PASSED] - sendKeys(findTestObject("ADMIN/Edit Text/Bespoke/Admin Pages/Header_Footer/input_Dashboard_Dashboard"), "*"): Keys '*' sent to object: 'Object Repository/ADMIN/Edit Text/Bespoke/Admin Pages/Header_Footer/input_Dashboard_Dashboard'

2020-03-20 12:28:03 - [MESSAGE][PASSED] - Keys '*' sent to object: 'Object Repository/ADMIN/Edit Text/Bespoke/Admin Pages/Header_Footer/input_Dashboard_Dashboard'

2020-03-20 12:28:03 - [TEST_STEP][PASSED] - sendKeys(findTestObject("ADMIN/Edit Text/Bespoke/Admin Pages/Header_Footer/input_Purchases_Purchases"), "*"): Keys '*' sent to object: 'Object Repository/ADMIN/Edit Text/Bespoke/Admin Pages/Header_Footer/input_Purchases_Purchases'

2020-03-20 12:28:03 - [MESSAGE][PASSED] - Keys '*' sent to object: 'Object Repository/ADMIN/Edit Text/Bespoke/Admin Pages/Header_Footer/input_Purchases_Purchases'

2020-03-20 12:28:03 - [TEST_STEP][PASSED] - sendKeys(findTestObject("ADMIN/Edit Text/Bespoke/Admin Pages/Header_Footer/input_Your Items_Your Items"), "*"): Keys '*' sent to object: 'Object Repository/ADMIN/Edit Text/Bespoke/Admin Pages/Header_Footer/input_Your Items_Your Items'

2020-03-20 12:28:03 - [MESSAGE][PASSED] - Keys '*' sent to object: 'Object Repository/ADMIN/Edit Text/Bespoke/Admin Pages/Header_Footer/input_Your Items_Your Items'

2020-03-20 12:28:03 - [TEST_STEP][PASSED] - sendKeys(findTestObject("ADMIN/Edit Text/Bespoke/Admin Pages/Header_Footer/input_Settings_Settings"), "*"): Keys '*' sent to object: 'Object Repository/ADMIN/Edit Text/Bespoke/Admin Pages/Header_Footer/input_Settings_Settings'

2020-03-20 12:28:03 - [MESSAGE][PASSED] - Keys '*' sent to object: 'Object Repository/ADMIN/Edit Text/Bespoke/Admin Pages/Header_Footer/input_Settings_Settings'

2020-03-20 12:28:03 - [TEST_STEP][PASSED] - sendKeys(findTestObject("ADMIN/Edit Text/Bespoke/Admin Pages/Header_Footer/input_Upload_Upload"), "*"): Keys '*' sent to object: 'Object Repository/ADMIN/Edit Text/Bespoke/Admin Pages/Header_Footer/input_Upload_Upload'

2020-03-20 12:28:04 - [MESSAGE][PASSED] - Keys '*' sent to object: 'Object Repository/ADMIN/Edit Text/Bespoke/Admin Pages/Header_Footer/input_Upload_Upload'

2020-03-20 12:28:04 - [TEST_STEP][PASSED] - sendKeys(findTestObject("ADMIN/Edit Text/Bespoke/Admin Pages/Header_Footer/input_Logout_Logout"), "*"): Keys '*' sent to object: 'Object Repository/ADMIN/Edit Text/Bespoke/Admin Pages/Header_Footer/input_Logout_Logout'

2020-03-20 12:28:04 - [MESSAGE][PASSED] - Keys '*' sent to object: 'Object Repository/ADMIN/Edit Text/Bespoke/Admin Pages/Header_Footer/input_Logout_Logout'

2020-03-20 12:28:04 - [TEST_STEP][PASSED] - sendKeys(findTestObject("ADMIN/Edit Text/Bespoke/Admin Pages/Header_Footer/input_Orders_Orders"), "*"): Keys '*' sent to object: 'Object Repository/ADMIN/Edit Text/Bespoke/Admin Pages/Header_Footer/input_Orders_Orders'

2020-03-20 12:28:04 - [MESSAGE][PASSED] - Keys '*' sent to object: 'Object Repository/ADMIN/Edit Text/Bespoke/Admin Pages/Header_Footer/input_Orders_Orders'

2020-03-20 12:28:04 - [TEST_STEP][PASSED] - sendKeys(findTestObject("ADMIN/Edit Text/Bespoke/Admin Pages/Header_Footer/input_Sub-accounts_Sub-accounts"), "*"): Keys '*' sent to object: 'Object Repository/ADMIN/Edit Text/Bespoke/Admin Pages/Header_Footer/input_Sub-accounts_Sub-accounts'

2020-03-20 12:28:04 - [MESSAGE][PASSED] - Keys '*' sent to object: 'Object Repository/ADMIN/Edit Text/Bespoke/Admin Pages/Header_Footer/input_Sub-accounts_Sub-accounts'

2020-03-20 12:28:04 - [TEST_STEP][PASSED] - sendKeys(findTestObject("ADMIN/Edit Text/Bespoke/Admin Pages/Header_Footer/input_Sales_Sales"), "*"): Keys '*' sent to object: 'Object Repository/ADMIN/Edit Text/Bespoke/Admin Pages/Header_Footer/input_Sales_Sales'

2020-03-20 12:28:04 - [MESSAGE][PASSED] - Keys '*' sent to object: 'Object Repository/ADMIN/Edit Text/Bespoke/Admin Pages/Header_Footer/input_Sales_Sales'

2020-03-20 12:28:04 - [TEST_STEP][PASSED] - sendKeys(findTestObject("ADMIN/Edit Text/Bespoke/Admin Pages/Header_Footer/input_Browse_Browse"), "*"): Keys '*' sent to object: 'Object Repository/ADMIN/Edit Text/Bespoke/Admin Pages/Header_Footer/input_Browse_Browse'

2020-03-20 12:28:04 - [MESSAGE][PASSED] - Keys '*' sent to object: 'Object Repository/ADMIN/Edit Text/Bespoke/Admin Pages/Header_Footer/input_Browse_Browse'

2020-03-20 12:28:04 - [TEST_STEP][PASSED] - sendKeys(findTestObject("ADMIN/Edit Text/Bespoke/Admin Pages/Header_Footer/input_SELLER_sell1"), "*"): Keys '*' sent to object: 'Object Repository/ADMIN/Edit Text/Bespoke/Admin Pages/Header_Footer/input_SELLER_sell1'

2020-03-20 12:28:04 - [MESSAGE][PASSED] - Keys '*' sent to object: 'Object Repository/ADMIN/Edit Text/Bespoke/Admin Pages/Header_Footer/input_SELLER_sell1'

2020-03-20 12:28:04 - [TEST_STEP][PASSED] - sendKeys(findTestObject("ADMIN/Edit Text/Bespoke/Admin Pages/Header_Footer/input_PROFILE_profile1"), "*"): Keys '*' sent to object: 'Object Repository/ADMIN/Edit Text/Bespoke/Admin Pages/Header_Footer/input_PROFILE_profile1'

2020-03-20 12:28:04 - [MESSAGE][PASSED] - Keys '*' sent to object: 'Object Repository/ADMIN/Edit Text/Bespoke/Admin Pages/Header_Footer/input_PROFILE_profile1'

2020-03-20 12:28:04 - [TEST_STEP][PASSED] - sendKeys(findTestObject("ADMIN/Edit Text/Bespoke/Admin Pages/Header_Footer/input_Dashboard_Dashboard1"), "*"): Keys '*' sent to object: 'Object Repository/ADMIN/Edit Text/Bespoke/Admin Pages/Header_Footer/input_Dashboard_Dashboard1'

2020-03-20 12:28:04 - [MESSAGE][PASSED] - Keys '*' sent to object: 'Object Repository/ADMIN/Edit Text/Bespoke/Admin Pages/Header_Footer/input_Dashboard_Dashboard1'

2020-03-20 12:28:04 - [TEST_STEP][PASSED] - sendKeys(findTestObject("ADMIN/Edit Text/Bespoke/Admin Pages/Header_Footer/input_Purchases_Purchases1"), "*"): Keys '*' sent to object: 'Object Repository/ADMIN/Edit Text/Bespoke/Admin Pages/Header_Footer/input_Purchases_Purchases1'

2020-03-20 12:28:05 - [MESSAGE][PASSED] - Keys '*' sent to object: 'Object Repository/ADMIN/Edit Text/Bespoke/Admin Pages/Header_Footer/input_Purchases_Purchases1'

2020-03-20 12:28:05 - [TEST_STEP][PASSED] - sendKeys(findTestObject("ADMIN/Edit Text/Bespoke/Admin Pages/Header_Footer/input_Your Items_Your Items1"), "*"): Keys '*' sent to object: 'Object Repository/ADMIN/Edit Text/Bespoke/Admin Pages/Header_Footer/input_Your Items_Your Items1'

2020-03-20 12:28:05 - [MESSAGE][PASSED] - Keys '*' sent to object: 'Object Repository/ADMIN/Edit Text/Bespoke/Admin Pages/Header_Footer/input_Your Items_Your Items1'

2020-03-20 12:28:05 - [TEST_STEP][PASSED] - sendKeys(findTestObject("ADMIN/Edit Text/Bespoke/Admin Pages/Header_Footer/input_Settings_Settings1"), "*"): Keys '*' sent to object: 'Object Repository/ADMIN/Edit Text/Bespoke/Admin Pages/Header_Footer/input_Settings_Settings1'

2020-03-20 12:28:05 - [MESSAGE][PASSED] - Keys '*' sent to object: 'Object Repository/ADMIN/Edit Text/Bespoke/Admin Pages/Header_Footer/input_Settings_Settings1'

2020-03-20 12:28:05 - [TEST_STEP][PASSED] - sendKeys(findTestObject("ADMIN/Edit Text/Bespoke/Admin Pages/Header_Footer/input_Upload_Upload1"), "*"): Keys '*' sent to object: 'Object Repository/ADMIN/Edit Text/Bespoke/Admin Pages/Header_Footer/input_Upload_Upload1'

2020-03-20 12:28:05 - [MESSAGE][PASSED] - Keys '*' sent to object: 'Object Repository/ADMIN/Edit Text/Bespoke/Admin Pages/Header_Footer/input_Upload_Upload1'

2020-03-20 12:28:05 - [TEST_STEP][PASSED] - sendKeys(findTestObject("ADMIN/Edit Text/Bespoke/Admin Pages/Header_Footer/input_Logout_Logout1"), "*"): Keys '*' sent to object: 'Object Repository/ADMIN/Edit Text/Bespoke/Admin Pages/Header_Footer/input_Logout_Logout1'

2020-03-20 12:28:05 - [MESSAGE][PASSED] - Keys '*' sent to object: 'Object Repository/ADMIN/Edit Text/Bespoke/Admin Pages/Header_Footer/input_Logout_Logout1'

2020-03-20 12:28:05 - [TEST_STEP][PASSED] - sendKeys(findTestObject("ADMIN/Edit Text/Bespoke/Admin Pages/Header_Footer/input_Orders_Orders1"), "*"): Keys '*' sent to object: 'Object Repository/ADMIN/Edit Text/Bespoke/Admin Pages/Header_Footer/input_Orders_Orders1'

2020-03-20 12:28:05 - [MESSAGE][PASSED] - Keys '*' sent to object: 'Object Repository/ADMIN/Edit Text/Bespoke/Admin Pages/Header_Footer/input_Orders_Orders1'

2020-03-20 12:28:05 - [TEST_STEP][PASSED] - sendKeys(findTestObject("ADMIN/Edit Text/Bespoke/Admin Pages/Header_Footer/input_Sales_Sales1"), "*"): Keys '*' sent to object: 'Object Repository/ADMIN/Edit Text/Bespoke/Admin Pages/Header_Footer/input_Sales_Sales1'

2020-03-20 12:28:05 - [MESSAGE][PASSED] - Keys '*' sent to object: 'Object Repository/ADMIN/Edit Text/Bespoke/Admin Pages/Header_Footer/input_Sales_Sales1'

2020-03-20 12:28:05 - [TEST_STEP][PASSED] - sendKeys(findTestObject("ADMIN/Edit Text/Bespoke/Admin Pages/Header_Footer/input_ABOUT US_ABOUT US"), "*"): Keys '*' sent to object: 'Object Repository/ADMIN/Edit Text/Bespoke/Admin Pages/Header_Footer/input_ABOUT US_ABOUT US'

2020-03-20 12:28:05 - [MESSAGE][PASSED] - Keys '*' sent to object: 'Object Repository/ADMIN/Edit Text/Bespoke/Admin Pages/Header_Footer/input_ABOUT US_ABOUT US'

2020-03-20 12:28:05 - [TEST_STEP][PASSED] - sendKeys(findTestObject("ADMIN/Edit Text/Bespoke/Admin Pages/Header_Footer/input_SERVICE TERMS_SERVICE TERMS"), "*"): Keys '*' sent to object: 'Object Repository/ADMIN/Edit Text/Bespoke/Admin Pages/Header_Footer/input_SERVICE TERMS_SERVICE TERMS'

2020-03-20 12:28:06 - [MESSAGE][PASSED] - Keys '*' sent to object: 'Object Repository/ADMIN/Edit Text/Bespoke/Admin Pages/Header_Footer/input_SERVICE TERMS_SERVICE TERMS'

2020-03-20 12:28:06 - [TEST_STEP][PASSED] - sendKeys(findTestObject("ADMIN/Edit Text/Bespoke/Admin Pages/Header_Footer/input_PRIVACY_PRIVACY"), "*"): Keys '*' sent to object: 'Object Repository/ADMIN/Edit Text/Bespoke/Admin Pages/Header_Footer/input_PRIVACY_PRIVACY'

2020-03-20 12:28:06 - [MESSAGE][PASSED] - Keys '*' sent to object: 'Object Repository/ADMIN/Edit Text/Bespoke/Admin Pages/Header_Footer/input_PRIVACY_PRIVACY'

2020-03-20 12:28:06 - [TEST_STEP][PASSED] - sendKeys(findTestObject("ADMIN/Edit Text/Bespoke/Admin Pages/Header_Footer/input_RETURNS_RETURNS"), "*"): Keys '*' sent to object: 'Object Repository/ADMIN/Edit Text/Bespoke/Admin Pages/Header_Footer/input_RETURNS_RETURNS'

2020-03-20 12:28:06 - [MESSAGE][PASSED] - Keys '*' sent to object: 'Object Repository/ADMIN/Edit Text/Bespoke/Admin Pages/Header_Footer/input_RETURNS_RETURNS'

2020-03-20 12:28:06 - [TEST_STEP][PASSED] - sendKeys(findTestObject("ADMIN/Edit Text/Bespoke/Admin Pages/Header_Footer/input_FAQ_FAQ"), "*"): Keys '*' sent to object: 'Object Repository/ADMIN/Edit Text/Bespoke/Admin Pages/Header_Footer/input_FAQ_FAQ'

2020-03-20 12:28:06 - [MESSAGE][PASSED] - Keys '*' sent to object: 'Object Repository/ADMIN/Edit Text/Bespoke/Admin Pages/Header_Footer/input_FAQ_FAQ'

2020-03-20 12:28:06 - [TEST_STEP][PASSED] - sendKeys(findTestObject("ADMIN/Edit Text/Bespoke/Admin Pages/Header_Footer/input_CONTACT_CONTACT"), "*"): Keys '*' sent to object: 'Object Repository/ADMIN/Edit Text/Bespoke/Admin Pages/Header_Footer/input_CONTACT_CONTACT'

2020-03-20 12:28:06 - [MESSAGE][PASSED] - Keys '*' sent to object: 'Object Repository/ADMIN/Edit Text/Bespoke/Admin Pages/Header_Footer/input_CONTACT_CONTACT'

2020-03-20 12:28:06 - [TEST_STEP][PASSED] - sendKeys(findTestObject("ADMIN/Edit Text/Bespoke/Admin Pages/Header_Footer/input_All rights reserved _foot_copyright"), "*"): Keys '*' sent to object: 'Object Repository/ADMIN/Edit Text/Bespoke/Admin Pages/Header_Footer/input_All rights reserved _foot_copyright'

2020-03-20 12:28:06 - [MESSAGE][PASSED] - Keys '*' sent to object: 'Object Repository/ADMIN/Edit Text/Bespoke/Admin Pages/Header_Footer/input_All rights reserved _foot_copyright'

2020-03-20 12:28:06 - [TEST_STEP][PASSED] - click(findTestObject("ADMIN/Edit Text/Bespoke/Buyer Pages/Homepage/button_save"), CONTINUE_ON_FAILURE): Object: 'Object Repository/ADMIN/Edit Text/Bespoke/Buyer Pages/Homepage/button_save' is clicked on

2020-03-20 12:28:06 - [MESSAGE][PASSED] - Object: 'Object Repository/ADMIN/Edit Text/Bespoke/Buyer Pages/Homepage/button_save' is clicked on

2020-03-20 12:28:06 - [TEST_STEP][PASSED] - waitForElementVisible(findTestObject("ADMIN/Edit Text/Bespoke/Buyer Pages/Homepage/toaster_success"), 0): Object 'Object Repository/ADMIN/Edit Text/Bespoke/Buyer Pages/Homepage/toaster_success' is visible

2020-03-20 12:28:06 - [MESSAGE][WARNING] - Timeout '0' is invalid. Using default page load timeout: '30'

2020-03-20 12:28:07 - [MESSAGE][PASSED] - Object 'Object Repository/ADMIN/Edit Text/Bespoke/Buyer Pages/Homepage/toaster_success' is visible]]></system-out>
         <system-err><![CDATA[]]></system-err>
      </testcase>
      <testcase name="Test Cases/ADMIN/Language/Edit Text/Bespoke/Admin Pages/Header_Footer" time="8.217" classname="Test Cases/ADMIN/Language/Edit Text/Bespoke/Admin Pages/Header_Footer" status="PASSED">
         <system-out><![CDATA[2020-03-20 12:28:07 - [TEST_CASE][PASSED] - Test Cases/ADMIN/Language/Edit Text/Bespoke/Admin Pages/Header_Footer: Test Cases/ADMIN/Language/Edit Text/Bespoke/Admin Pages/Header_Footer

2020-03-20 12:28:07 - [TEST_STEP][PASSED] - waitForElementVisible(findTestObject("ADMIN/Edit Text/Bespoke/Buyer Navigation/dd_language"), 0): Object 'Object Repository/ADMIN/Edit Text/Bespoke/Buyer Navigation/dd_language' is visible

2020-03-20 12:28:08 - [MESSAGE][WARNING] - Timeout '0' is invalid. Using default page load timeout: '30'

2020-03-20 12:28:08 - [MESSAGE][PASSED] - Object 'Object Repository/ADMIN/Edit Text/Bespoke/Buyer Navigation/dd_language' is visible

2020-03-20 12:28:08 - [TEST_STEP][PASSED] - selectOptionByLabel(findTestObject("ADMIN/Edit Text/Bespoke/Buyer Navigation/dd_language"), varLanguage, false): All options with label 'Italian' are selected in object 'Object Repository/ADMIN/Edit Text/Bespoke/Buyer Navigation/dd_language' 

2020-03-20 12:28:09 - [MESSAGE][PASSED] - All options with label 'Italian' are selected in object 'Object Repository/ADMIN/Edit Text/Bespoke/Buyer Navigation/dd_language' 

2020-03-20 12:28:09 - [TEST_STEP][PASSED] - sendKeys(findTestObject("ADMIN/Edit Text/Bespoke/Admin Pages/Header_Footer/input_Search_search"), "*"): Keys '*' sent to object: 'Object Repository/ADMIN/Edit Text/Bespoke/Admin Pages/Header_Footer/input_Search_search'

2020-03-20 12:28:10 - [MESSAGE][PASSED] - Keys '*' sent to object: 'Object Repository/ADMIN/Edit Text/Bespoke/Admin Pages/Header_Footer/input_Search_search'

2020-03-20 12:28:10 - [TEST_STEP][PASSED] - sendKeys(findTestObject("ADMIN/Edit Text/Bespoke/Admin Pages/Header_Footer/input_BE A SELLER_be_seller"), "*"): Keys '*' sent to object: 'Object Repository/ADMIN/Edit Text/Bespoke/Admin Pages/Header_Footer/input_BE A SELLER_be_seller'

2020-03-20 12:28:10 - [MESSAGE][PASSED] - Keys '*' sent to object: 'Object Repository/ADMIN/Edit Text/Bespoke/Admin Pages/Header_Footer/input_BE A SELLER_be_seller'

2020-03-20 12:28:10 - [TEST_STEP][PASSED] - sendKeys(findTestObject("ADMIN/Edit Text/Bespoke/Admin Pages/Header_Footer/input_MORE_more"), "*"): Keys '*' sent to object: 'Object Repository/ADMIN/Edit Text/Bespoke/Admin Pages/Header_Footer/input_MORE_more'

2020-03-20 12:28:10 - [MESSAGE][PASSED] - Keys '*' sent to object: 'Object Repository/ADMIN/Edit Text/Bespoke/Admin Pages/Header_Footer/input_MORE_more'

2020-03-20 12:28:10 - [TEST_STEP][PASSED] - sendKeys(findTestObject("ADMIN/Edit Text/Bespoke/Admin Pages/Header_Footer/input_VIEW CART_btn_next"), "*"): Keys '*' sent to object: 'Object Repository/ADMIN/Edit Text/Bespoke/Admin Pages/Header_Footer/input_VIEW CART_btn_next'

2020-03-20 12:28:11 - [MESSAGE][PASSED] - Keys '*' sent to object: 'Object Repository/ADMIN/Edit Text/Bespoke/Admin Pages/Header_Footer/input_VIEW CART_btn_next'

2020-03-20 12:28:11 - [TEST_STEP][PASSED] - sendKeys(findTestObject("ADMIN/Edit Text/Bespoke/Admin Pages/Header_Footer/input_REGISTER  SIGN IN_register_signin"), "*"): Keys '*' sent to object: 'Object Repository/ADMIN/Edit Text/Bespoke/Admin Pages/Header_Footer/input_REGISTER  SIGN IN_register_signin'

2020-03-20 12:28:11 - [MESSAGE][PASSED] - Keys '*' sent to object: 'Object Repository/ADMIN/Edit Text/Bespoke/Admin Pages/Header_Footer/input_REGISTER  SIGN IN_register_signin'

2020-03-20 12:28:11 - [TEST_STEP][PASSED] - sendKeys(findTestObject("ADMIN/Edit Text/Bespoke/Admin Pages/Header_Footer/input_SELLER_sell"), "*"): Keys '*' sent to object: 'Object Repository/ADMIN/Edit Text/Bespoke/Admin Pages/Header_Footer/input_SELLER_sell'

2020-03-20 12:28:11 - [MESSAGE][PASSED] - Keys '*' sent to object: 'Object Repository/ADMIN/Edit Text/Bespoke/Admin Pages/Header_Footer/input_SELLER_sell'

2020-03-20 12:28:11 - [TEST_STEP][PASSED] - sendKeys(findTestObject("ADMIN/Edit Text/Bespoke/Admin Pages/Header_Footer/input_PROFILE_profile"), "*"): Keys '*' sent to object: 'Object Repository/ADMIN/Edit Text/Bespoke/Admin Pages/Header_Footer/input_PROFILE_profile'

2020-03-20 12:28:11 - [MESSAGE][PASSED] - Keys '*' sent to object: 'Object Repository/ADMIN/Edit Text/Bespoke/Admin Pages/Header_Footer/input_PROFILE_profile'

2020-03-20 12:28:11 - [TEST_STEP][PASSED] - sendKeys(findTestObject("ADMIN/Edit Text/Bespoke/Admin Pages/Header_Footer/input_Dashboard_Dashboard"), "*"): Keys '*' sent to object: 'Object Repository/ADMIN/Edit Text/Bespoke/Admin Pages/Header_Footer/input_Dashboard_Dashboard'

2020-03-20 12:28:11 - [MESSAGE][PASSED] - Keys '*' sent to object: 'Object Repository/ADMIN/Edit Text/Bespoke/Admin Pages/Header_Footer/input_Dashboard_Dashboard'

2020-03-20 12:28:11 - [TEST_STEP][PASSED] - sendKeys(findTestObject("ADMIN/Edit Text/Bespoke/Admin Pages/Header_Footer/input_Purchases_Purchases"), "*"): Keys '*' sent to object: 'Object Repository/ADMIN/Edit Text/Bespoke/Admin Pages/Header_Footer/input_Purchases_Purchases'

2020-03-20 12:28:11 - [MESSAGE][PASSED] - Keys '*' sent to object: 'Object Repository/ADMIN/Edit Text/Bespoke/Admin Pages/Header_Footer/input_Purchases_Purchases'

2020-03-20 12:28:11 - [TEST_STEP][PASSED] - sendKeys(findTestObject("ADMIN/Edit Text/Bespoke/Admin Pages/Header_Footer/input_Your Items_Your Items"), "*"): Keys '*' sent to object: 'Object Repository/ADMIN/Edit Text/Bespoke/Admin Pages/Header_Footer/input_Your Items_Your Items'

2020-03-20 12:28:11 - [MESSAGE][PASSED] - Keys '*' sent to object: 'Object Repository/ADMIN/Edit Text/Bespoke/Admin Pages/Header_Footer/input_Your Items_Your Items'

2020-03-20 12:28:11 - [TEST_STEP][PASSED] - sendKeys(findTestObject("ADMIN/Edit Text/Bespoke/Admin Pages/Header_Footer/input_Settings_Settings"), "*"): Keys '*' sent to object: 'Object Repository/ADMIN/Edit Text/Bespoke/Admin Pages/Header_Footer/input_Settings_Settings'

2020-03-20 12:28:12 - [MESSAGE][PASSED] - Keys '*' sent to object: 'Object Repository/ADMIN/Edit Text/Bespoke/Admin Pages/Header_Footer/input_Settings_Settings'

2020-03-20 12:28:12 - [TEST_STEP][PASSED] - sendKeys(findTestObject("ADMIN/Edit Text/Bespoke/Admin Pages/Header_Footer/input_Upload_Upload"), "*"): Keys '*' sent to object: 'Object Repository/ADMIN/Edit Text/Bespoke/Admin Pages/Header_Footer/input_Upload_Upload'

2020-03-20 12:28:12 - [MESSAGE][PASSED] - Keys '*' sent to object: 'Object Repository/ADMIN/Edit Text/Bespoke/Admin Pages/Header_Footer/input_Upload_Upload'

2020-03-20 12:28:12 - [TEST_STEP][PASSED] - sendKeys(findTestObject("ADMIN/Edit Text/Bespoke/Admin Pages/Header_Footer/input_Logout_Logout"), "*"): Keys '*' sent to object: 'Object Repository/ADMIN/Edit Text/Bespoke/Admin Pages/Header_Footer/input_Logout_Logout'

2020-03-20 12:28:12 - [MESSAGE][PASSED] - Keys '*' sent to object: 'Object Repository/ADMIN/Edit Text/Bespoke/Admin Pages/Header_Footer/input_Logout_Logout'

2020-03-20 12:28:12 - [TEST_STEP][PASSED] - sendKeys(findTestObject("ADMIN/Edit Text/Bespoke/Admin Pages/Header_Footer/input_Orders_Orders"), "*"): Keys '*' sent to object: 'Object Repository/ADMIN/Edit Text/Bespoke/Admin Pages/Header_Footer/input_Orders_Orders'

2020-03-20 12:28:12 - [MESSAGE][PASSED] - Keys '*' sent to object: 'Object Repository/ADMIN/Edit Text/Bespoke/Admin Pages/Header_Footer/input_Orders_Orders'

2020-03-20 12:28:12 - [TEST_STEP][PASSED] - sendKeys(findTestObject("ADMIN/Edit Text/Bespoke/Admin Pages/Header_Footer/input_Sub-accounts_Sub-accounts"), "*"): Keys '*' sent to object: 'Object Repository/ADMIN/Edit Text/Bespoke/Admin Pages/Header_Footer/input_Sub-accounts_Sub-accounts'

2020-03-20 12:28:12 - [MESSAGE][PASSED] - Keys '*' sent to object: 'Object Repository/ADMIN/Edit Text/Bespoke/Admin Pages/Header_Footer/input_Sub-accounts_Sub-accounts'

2020-03-20 12:28:12 - [TEST_STEP][PASSED] - sendKeys(findTestObject("ADMIN/Edit Text/Bespoke/Admin Pages/Header_Footer/input_Sales_Sales"), "*"): Keys '*' sent to object: 'Object Repository/ADMIN/Edit Text/Bespoke/Admin Pages/Header_Footer/input_Sales_Sales'

2020-03-20 12:28:12 - [MESSAGE][PASSED] - Keys '*' sent to object: 'Object Repository/ADMIN/Edit Text/Bespoke/Admin Pages/Header_Footer/input_Sales_Sales'

2020-03-20 12:28:12 - [TEST_STEP][PASSED] - sendKeys(findTestObject("ADMIN/Edit Text/Bespoke/Admin Pages/Header_Footer/input_Browse_Browse"), "*"): Keys '*' sent to object: 'Object Repository/ADMIN/Edit Text/Bespoke/Admin Pages/Header_Footer/input_Browse_Browse'

2020-03-20 12:28:12 - [MESSAGE][PASSED] - Keys '*' sent to object: 'Object Repository/ADMIN/Edit Text/Bespoke/Admin Pages/Header_Footer/input_Browse_Browse'

2020-03-20 12:28:12 - [TEST_STEP][PASSED] - sendKeys(findTestObject("ADMIN/Edit Text/Bespoke/Admin Pages/Header_Footer/input_SELLER_sell1"), "*"): Keys '*' sent to object: 'Object Repository/ADMIN/Edit Text/Bespoke/Admin Pages/Header_Footer/input_SELLER_sell1'

2020-03-20 12:28:12 - [MESSAGE][PASSED] - Keys '*' sent to object: 'Object Repository/ADMIN/Edit Text/Bespoke/Admin Pages/Header_Footer/input_SELLER_sell1'

2020-03-20 12:28:12 - [TEST_STEP][PASSED] - sendKeys(findTestObject("ADMIN/Edit Text/Bespoke/Admin Pages/Header_Footer/input_PROFILE_profile1"), "*"): Keys '*' sent to object: 'Object Repository/ADMIN/Edit Text/Bespoke/Admin Pages/Header_Footer/input_PROFILE_profile1'

2020-03-20 12:28:13 - [MESSAGE][PASSED] - Keys '*' sent to object: 'Object Repository/ADMIN/Edit Text/Bespoke/Admin Pages/Header_Footer/input_PROFILE_profile1'

2020-03-20 12:28:13 - [TEST_STEP][PASSED] - sendKeys(findTestObject("ADMIN/Edit Text/Bespoke/Admin Pages/Header_Footer/input_Dashboard_Dashboard1"), "*"): Keys '*' sent to object: 'Object Repository/ADMIN/Edit Text/Bespoke/Admin Pages/Header_Footer/input_Dashboard_Dashboard1'

2020-03-20 12:28:13 - [MESSAGE][PASSED] - Keys '*' sent to object: 'Object Repository/ADMIN/Edit Text/Bespoke/Admin Pages/Header_Footer/input_Dashboard_Dashboard1'

2020-03-20 12:28:13 - [TEST_STEP][PASSED] - sendKeys(findTestObject("ADMIN/Edit Text/Bespoke/Admin Pages/Header_Footer/input_Purchases_Purchases1"), "*"): Keys '*' sent to object: 'Object Repository/ADMIN/Edit Text/Bespoke/Admin Pages/Header_Footer/input_Purchases_Purchases1'

2020-03-20 12:28:13 - [MESSAGE][PASSED] - Keys '*' sent to object: 'Object Repository/ADMIN/Edit Text/Bespoke/Admin Pages/Header_Footer/input_Purchases_Purchases1'

2020-03-20 12:28:13 - [TEST_STEP][PASSED] - sendKeys(findTestObject("ADMIN/Edit Text/Bespoke/Admin Pages/Header_Footer/input_Your Items_Your Items1"), "*"): Keys '*' sent to object: 'Object Repository/ADMIN/Edit Text/Bespoke/Admin Pages/Header_Footer/input_Your Items_Your Items1'

2020-03-20 12:28:13 - [MESSAGE][PASSED] - Keys '*' sent to object: 'Object Repository/ADMIN/Edit Text/Bespoke/Admin Pages/Header_Footer/input_Your Items_Your Items1'

2020-03-20 12:28:13 - [TEST_STEP][PASSED] - sendKeys(findTestObject("ADMIN/Edit Text/Bespoke/Admin Pages/Header_Footer/input_Settings_Settings1"), "*"): Keys '*' sent to object: 'Object Repository/ADMIN/Edit Text/Bespoke/Admin Pages/Header_Footer/input_Settings_Settings1'

2020-03-20 12:28:13 - [MESSAGE][PASSED] - Keys '*' sent to object: 'Object Repository/ADMIN/Edit Text/Bespoke/Admin Pages/Header_Footer/input_Settings_Settings1'

2020-03-20 12:28:13 - [TEST_STEP][PASSED] - sendKeys(findTestObject("ADMIN/Edit Text/Bespoke/Admin Pages/Header_Footer/input_Upload_Upload1"), "*"): Keys '*' sent to object: 'Object Repository/ADMIN/Edit Text/Bespoke/Admin Pages/Header_Footer/input_Upload_Upload1'

2020-03-20 12:28:13 - [MESSAGE][PASSED] - Keys '*' sent to object: 'Object Repository/ADMIN/Edit Text/Bespoke/Admin Pages/Header_Footer/input_Upload_Upload1'

2020-03-20 12:28:13 - [TEST_STEP][PASSED] - sendKeys(findTestObject("ADMIN/Edit Text/Bespoke/Admin Pages/Header_Footer/input_Logout_Logout1"), "*"): Keys '*' sent to object: 'Object Repository/ADMIN/Edit Text/Bespoke/Admin Pages/Header_Footer/input_Logout_Logout1'

2020-03-20 12:28:14 - [MESSAGE][PASSED] - Keys '*' sent to object: 'Object Repository/ADMIN/Edit Text/Bespoke/Admin Pages/Header_Footer/input_Logout_Logout1'

2020-03-20 12:28:14 - [TEST_STEP][PASSED] - sendKeys(findTestObject("ADMIN/Edit Text/Bespoke/Admin Pages/Header_Footer/input_Orders_Orders1"), "*"): Keys '*' sent to object: 'Object Repository/ADMIN/Edit Text/Bespoke/Admin Pages/Header_Footer/input_Orders_Orders1'

2020-03-20 12:28:14 - [MESSAGE][PASSED] - Keys '*' sent to object: 'Object Repository/ADMIN/Edit Text/Bespoke/Admin Pages/Header_Footer/input_Orders_Orders1'

2020-03-20 12:28:14 - [TEST_STEP][PASSED] - sendKeys(findTestObject("ADMIN/Edit Text/Bespoke/Admin Pages/Header_Footer/input_Sales_Sales1"), "*"): Keys '*' sent to object: 'Object Repository/ADMIN/Edit Text/Bespoke/Admin Pages/Header_Footer/input_Sales_Sales1'

2020-03-20 12:28:14 - [MESSAGE][PASSED] - Keys '*' sent to object: 'Object Repository/ADMIN/Edit Text/Bespoke/Admin Pages/Header_Footer/input_Sales_Sales1'

2020-03-20 12:28:14 - [TEST_STEP][PASSED] - sendKeys(findTestObject("ADMIN/Edit Text/Bespoke/Admin Pages/Header_Footer/input_ABOUT US_ABOUT US"), "*"): Keys '*' sent to object: 'Object Repository/ADMIN/Edit Text/Bespoke/Admin Pages/Header_Footer/input_ABOUT US_ABOUT US'

2020-03-20 12:28:14 - [MESSAGE][PASSED] - Keys '*' sent to object: 'Object Repository/ADMIN/Edit Text/Bespoke/Admin Pages/Header_Footer/input_ABOUT US_ABOUT US'

2020-03-20 12:28:14 - [TEST_STEP][PASSED] - sendKeys(findTestObject("ADMIN/Edit Text/Bespoke/Admin Pages/Header_Footer/input_SERVICE TERMS_SERVICE TERMS"), "*"): Keys '*' sent to object: 'Object Repository/ADMIN/Edit Text/Bespoke/Admin Pages/Header_Footer/input_SERVICE TERMS_SERVICE TERMS'

2020-03-20 12:28:14 - [MESSAGE][PASSED] - Keys '*' sent to object: 'Object Repository/ADMIN/Edit Text/Bespoke/Admin Pages/Header_Footer/input_SERVICE TERMS_SERVICE TERMS'

2020-03-20 12:28:14 - [TEST_STEP][PASSED] - sendKeys(findTestObject("ADMIN/Edit Text/Bespoke/Admin Pages/Header_Footer/input_PRIVACY_PRIVACY"), "*"): Keys '*' sent to object: 'Object Repository/ADMIN/Edit Text/Bespoke/Admin Pages/Header_Footer/input_PRIVACY_PRIVACY'

2020-03-20 12:28:14 - [MESSAGE][PASSED] - Keys '*' sent to object: 'Object Repository/ADMIN/Edit Text/Bespoke/Admin Pages/Header_Footer/input_PRIVACY_PRIVACY'

2020-03-20 12:28:14 - [TEST_STEP][PASSED] - sendKeys(findTestObject("ADMIN/Edit Text/Bespoke/Admin Pages/Header_Footer/input_RETURNS_RETURNS"), "*"): Keys '*' sent to object: 'Object Repository/ADMIN/Edit Text/Bespoke/Admin Pages/Header_Footer/input_RETURNS_RETURNS'

2020-03-20 12:28:14 - [MESSAGE][PASSED] - Keys '*' sent to object: 'Object Repository/ADMIN/Edit Text/Bespoke/Admin Pages/Header_Footer/input_RETURNS_RETURNS'

2020-03-20 12:28:14 - [TEST_STEP][PASSED] - sendKeys(findTestObject("ADMIN/Edit Text/Bespoke/Admin Pages/Header_Footer/input_FAQ_FAQ"), "*"): Keys '*' sent to object: 'Object Repository/ADMIN/Edit Text/Bespoke/Admin Pages/Header_Footer/input_FAQ_FAQ'

2020-03-20 12:28:14 - [MESSAGE][PASSED] - Keys '*' sent to object: 'Object Repository/ADMIN/Edit Text/Bespoke/Admin Pages/Header_Footer/input_FAQ_FAQ'

2020-03-20 12:28:14 - [TEST_STEP][PASSED] - sendKeys(findTestObject("ADMIN/Edit Text/Bespoke/Admin Pages/Header_Footer/input_CONTACT_CONTACT"), "*"): Keys '*' sent to object: 'Object Repository/ADMIN/Edit Text/Bespoke/Admin Pages/Header_Footer/input_CONTACT_CONTACT'

2020-03-20 12:28:15 - [MESSAGE][PASSED] - Keys '*' sent to object: 'Object Repository/ADMIN/Edit Text/Bespoke/Admin Pages/Header_Footer/input_CONTACT_CONTACT'

2020-03-20 12:28:15 - [TEST_STEP][PASSED] - sendKeys(findTestObject("ADMIN/Edit Text/Bespoke/Admin Pages/Header_Footer/input_All rights reserved _foot_copyright"), "*"): Keys '*' sent to object: 'Object Repository/ADMIN/Edit Text/Bespoke/Admin Pages/Header_Footer/input_All rights reserved _foot_copyright'

2020-03-20 12:28:15 - [MESSAGE][PASSED] - Keys '*' sent to object: 'Object Repository/ADMIN/Edit Text/Bespoke/Admin Pages/Header_Footer/input_All rights reserved _foot_copyright'

2020-03-20 12:28:15 - [TEST_STEP][PASSED] - click(findTestObject("ADMIN/Edit Text/Bespoke/Buyer Pages/Homepage/button_save"), CONTINUE_ON_FAILURE): Object: 'Object Repository/ADMIN/Edit Text/Bespoke/Buyer Pages/Homepage/button_save' is clicked on

2020-03-20 12:28:15 - [MESSAGE][PASSED] - Object: 'Object Repository/ADMIN/Edit Text/Bespoke/Buyer Pages/Homepage/button_save' is clicked on

2020-03-20 12:28:15 - [TEST_STEP][PASSED] - waitForElementVisible(findTestObject("ADMIN/Edit Text/Bespoke/Buyer Pages/Homepage/toaster_success"), 0): Object 'Object Repository/ADMIN/Edit Text/Bespoke/Buyer Pages/Homepage/toaster_success' is visible

2020-03-20 12:28:15 - [MESSAGE][WARNING] - Timeout '0' is invalid. Using default page load timeout: '30'

2020-03-20 12:28:16 - [MESSAGE][PASSED] - Object 'Object Repository/ADMIN/Edit Text/Bespoke/Buyer Pages/Homepage/toaster_success' is visible]]></system-out>
         <system-err><![CDATA[]]></system-err>
      </testcase>
      <testcase name="Test Cases/ADMIN/Language/Edit Text/Bespoke/Admin Pages/Header_Footer" time="8.378" classname="Test Cases/ADMIN/Language/Edit Text/Bespoke/Admin Pages/Header_Footer" status="PASSED">
         <system-out><![CDATA[2020-03-20 12:28:16 - [TEST_CASE][PASSED] - Test Cases/ADMIN/Language/Edit Text/Bespoke/Admin Pages/Header_Footer: Test Cases/ADMIN/Language/Edit Text/Bespoke/Admin Pages/Header_Footer

2020-03-20 12:28:16 - [TEST_STEP][PASSED] - waitForElementVisible(findTestObject("ADMIN/Edit Text/Bespoke/Buyer Navigation/dd_language"), 0): Object 'Object Repository/ADMIN/Edit Text/Bespoke/Buyer Navigation/dd_language' is visible

2020-03-20 12:28:16 - [MESSAGE][WARNING] - Timeout '0' is invalid. Using default page load timeout: '30'

2020-03-20 12:28:16 - [MESSAGE][PASSED] - Object 'Object Repository/ADMIN/Edit Text/Bespoke/Buyer Navigation/dd_language' is visible

2020-03-20 12:28:16 - [TEST_STEP][PASSED] - selectOptionByLabel(findTestObject("ADMIN/Edit Text/Bespoke/Buyer Navigation/dd_language"), varLanguage, false): All options with label 'Arabic' are selected in object 'Object Repository/ADMIN/Edit Text/Bespoke/Buyer Navigation/dd_language' 

2020-03-20 12:28:17 - [MESSAGE][PASSED] - All options with label 'Arabic' are selected in object 'Object Repository/ADMIN/Edit Text/Bespoke/Buyer Navigation/dd_language' 

2020-03-20 12:28:17 - [TEST_STEP][PASSED] - sendKeys(findTestObject("ADMIN/Edit Text/Bespoke/Admin Pages/Header_Footer/input_Search_search"), "*"): Keys '*' sent to object: 'Object Repository/ADMIN/Edit Text/Bespoke/Admin Pages/Header_Footer/input_Search_search'

2020-03-20 12:28:18 - [MESSAGE][PASSED] - Keys '*' sent to object: 'Object Repository/ADMIN/Edit Text/Bespoke/Admin Pages/Header_Footer/input_Search_search'

2020-03-20 12:28:18 - [TEST_STEP][PASSED] - sendKeys(findTestObject("ADMIN/Edit Text/Bespoke/Admin Pages/Header_Footer/input_BE A SELLER_be_seller"), "*"): Keys '*' sent to object: 'Object Repository/ADMIN/Edit Text/Bespoke/Admin Pages/Header_Footer/input_BE A SELLER_be_seller'

2020-03-20 12:28:18 - [MESSAGE][PASSED] - Keys '*' sent to object: 'Object Repository/ADMIN/Edit Text/Bespoke/Admin Pages/Header_Footer/input_BE A SELLER_be_seller'

2020-03-20 12:28:18 - [TEST_STEP][PASSED] - sendKeys(findTestObject("ADMIN/Edit Text/Bespoke/Admin Pages/Header_Footer/input_MORE_more"), "*"): Keys '*' sent to object: 'Object Repository/ADMIN/Edit Text/Bespoke/Admin Pages/Header_Footer/input_MORE_more'

2020-03-20 12:28:18 - [MESSAGE][PASSED] - Keys '*' sent to object: 'Object Repository/ADMIN/Edit Text/Bespoke/Admin Pages/Header_Footer/input_MORE_more'

2020-03-20 12:28:18 - [TEST_STEP][PASSED] - sendKeys(findTestObject("ADMIN/Edit Text/Bespoke/Admin Pages/Header_Footer/input_VIEW CART_btn_next"), "*"): Keys '*' sent to object: 'Object Repository/ADMIN/Edit Text/Bespoke/Admin Pages/Header_Footer/input_VIEW CART_btn_next'

2020-03-20 12:28:19 - [MESSAGE][PASSED] - Keys '*' sent to object: 'Object Repository/ADMIN/Edit Text/Bespoke/Admin Pages/Header_Footer/input_VIEW CART_btn_next'

2020-03-20 12:28:19 - [TEST_STEP][PASSED] - sendKeys(findTestObject("ADMIN/Edit Text/Bespoke/Admin Pages/Header_Footer/input_REGISTER  SIGN IN_register_signin"), "*"): Keys '*' sent to object: 'Object Repository/ADMIN/Edit Text/Bespoke/Admin Pages/Header_Footer/input_REGISTER  SIGN IN_register_signin'

2020-03-20 12:28:19 - [MESSAGE][PASSED] - Keys '*' sent to object: 'Object Repository/ADMIN/Edit Text/Bespoke/Admin Pages/Header_Footer/input_REGISTER  SIGN IN_register_signin'

2020-03-20 12:28:19 - [TEST_STEP][PASSED] - sendKeys(findTestObject("ADMIN/Edit Text/Bespoke/Admin Pages/Header_Footer/input_SELLER_sell"), "*"): Keys '*' sent to object: 'Object Repository/ADMIN/Edit Text/Bespoke/Admin Pages/Header_Footer/input_SELLER_sell'

2020-03-20 12:28:19 - [MESSAGE][PASSED] - Keys '*' sent to object: 'Object Repository/ADMIN/Edit Text/Bespoke/Admin Pages/Header_Footer/input_SELLER_sell'

2020-03-20 12:28:19 - [TEST_STEP][PASSED] - sendKeys(findTestObject("ADMIN/Edit Text/Bespoke/Admin Pages/Header_Footer/input_PROFILE_profile"), "*"): Keys '*' sent to object: 'Object Repository/ADMIN/Edit Text/Bespoke/Admin Pages/Header_Footer/input_PROFILE_profile'

2020-03-20 12:28:19 - [MESSAGE][PASSED] - Keys '*' sent to object: 'Object Repository/ADMIN/Edit Text/Bespoke/Admin Pages/Header_Footer/input_PROFILE_profile'

2020-03-20 12:28:19 - [TEST_STEP][PASSED] - sendKeys(findTestObject("ADMIN/Edit Text/Bespoke/Admin Pages/Header_Footer/input_Dashboard_Dashboard"), "*"): Keys '*' sent to object: 'Object Repository/ADMIN/Edit Text/Bespoke/Admin Pages/Header_Footer/input_Dashboard_Dashboard'

2020-03-20 12:28:19 - [MESSAGE][PASSED] - Keys '*' sent to object: 'Object Repository/ADMIN/Edit Text/Bespoke/Admin Pages/Header_Footer/input_Dashboard_Dashboard'

2020-03-20 12:28:19 - [TEST_STEP][PASSED] - sendKeys(findTestObject("ADMIN/Edit Text/Bespoke/Admin Pages/Header_Footer/input_Purchases_Purchases"), "*"): Keys '*' sent to object: 'Object Repository/ADMIN/Edit Text/Bespoke/Admin Pages/Header_Footer/input_Purchases_Purchases'

2020-03-20 12:28:19 - [MESSAGE][PASSED] - Keys '*' sent to object: 'Object Repository/ADMIN/Edit Text/Bespoke/Admin Pages/Header_Footer/input_Purchases_Purchases'

2020-03-20 12:28:19 - [TEST_STEP][PASSED] - sendKeys(findTestObject("ADMIN/Edit Text/Bespoke/Admin Pages/Header_Footer/input_Your Items_Your Items"), "*"): Keys '*' sent to object: 'Object Repository/ADMIN/Edit Text/Bespoke/Admin Pages/Header_Footer/input_Your Items_Your Items'

2020-03-20 12:28:19 - [MESSAGE][PASSED] - Keys '*' sent to object: 'Object Repository/ADMIN/Edit Text/Bespoke/Admin Pages/Header_Footer/input_Your Items_Your Items'

2020-03-20 12:28:19 - [TEST_STEP][PASSED] - sendKeys(findTestObject("ADMIN/Edit Text/Bespoke/Admin Pages/Header_Footer/input_Settings_Settings"), "*"): Keys '*' sent to object: 'Object Repository/ADMIN/Edit Text/Bespoke/Admin Pages/Header_Footer/input_Settings_Settings'

2020-03-20 12:28:19 - [MESSAGE][PASSED] - Keys '*' sent to object: 'Object Repository/ADMIN/Edit Text/Bespoke/Admin Pages/Header_Footer/input_Settings_Settings'

2020-03-20 12:28:19 - [TEST_STEP][PASSED] - sendKeys(findTestObject("ADMIN/Edit Text/Bespoke/Admin Pages/Header_Footer/input_Upload_Upload"), "*"): Keys '*' sent to object: 'Object Repository/ADMIN/Edit Text/Bespoke/Admin Pages/Header_Footer/input_Upload_Upload'

2020-03-20 12:28:20 - [MESSAGE][PASSED] - Keys '*' sent to object: 'Object Repository/ADMIN/Edit Text/Bespoke/Admin Pages/Header_Footer/input_Upload_Upload'

2020-03-20 12:28:20 - [TEST_STEP][PASSED] - sendKeys(findTestObject("ADMIN/Edit Text/Bespoke/Admin Pages/Header_Footer/input_Logout_Logout"), "*"): Keys '*' sent to object: 'Object Repository/ADMIN/Edit Text/Bespoke/Admin Pages/Header_Footer/input_Logout_Logout'

2020-03-20 12:28:20 - [MESSAGE][PASSED] - Keys '*' sent to object: 'Object Repository/ADMIN/Edit Text/Bespoke/Admin Pages/Header_Footer/input_Logout_Logout'

2020-03-20 12:28:20 - [TEST_STEP][PASSED] - sendKeys(findTestObject("ADMIN/Edit Text/Bespoke/Admin Pages/Header_Footer/input_Orders_Orders"), "*"): Keys '*' sent to object: 'Object Repository/ADMIN/Edit Text/Bespoke/Admin Pages/Header_Footer/input_Orders_Orders'

2020-03-20 12:28:20 - [MESSAGE][PASSED] - Keys '*' sent to object: 'Object Repository/ADMIN/Edit Text/Bespoke/Admin Pages/Header_Footer/input_Orders_Orders'

2020-03-20 12:28:20 - [TEST_STEP][PASSED] - sendKeys(findTestObject("ADMIN/Edit Text/Bespoke/Admin Pages/Header_Footer/input_Sub-accounts_Sub-accounts"), "*"): Keys '*' sent to object: 'Object Repository/ADMIN/Edit Text/Bespoke/Admin Pages/Header_Footer/input_Sub-accounts_Sub-accounts'

2020-03-20 12:28:20 - [MESSAGE][PASSED] - Keys '*' sent to object: 'Object Repository/ADMIN/Edit Text/Bespoke/Admin Pages/Header_Footer/input_Sub-accounts_Sub-accounts'

2020-03-20 12:28:20 - [TEST_STEP][PASSED] - sendKeys(findTestObject("ADMIN/Edit Text/Bespoke/Admin Pages/Header_Footer/input_Sales_Sales"), "*"): Keys '*' sent to object: 'Object Repository/ADMIN/Edit Text/Bespoke/Admin Pages/Header_Footer/input_Sales_Sales'

2020-03-20 12:28:20 - [MESSAGE][PASSED] - Keys '*' sent to object: 'Object Repository/ADMIN/Edit Text/Bespoke/Admin Pages/Header_Footer/input_Sales_Sales'

2020-03-20 12:28:20 - [TEST_STEP][PASSED] - sendKeys(findTestObject("ADMIN/Edit Text/Bespoke/Admin Pages/Header_Footer/input_Browse_Browse"), "*"): Keys '*' sent to object: 'Object Repository/ADMIN/Edit Text/Bespoke/Admin Pages/Header_Footer/input_Browse_Browse'

2020-03-20 12:28:20 - [MESSAGE][PASSED] - Keys '*' sent to object: 'Object Repository/ADMIN/Edit Text/Bespoke/Admin Pages/Header_Footer/input_Browse_Browse'

2020-03-20 12:28:20 - [TEST_STEP][PASSED] - sendKeys(findTestObject("ADMIN/Edit Text/Bespoke/Admin Pages/Header_Footer/input_SELLER_sell1"), "*"): Keys '*' sent to object: 'Object Repository/ADMIN/Edit Text/Bespoke/Admin Pages/Header_Footer/input_SELLER_sell1'

2020-03-20 12:28:21 - [MESSAGE][PASSED] - Keys '*' sent to object: 'Object Repository/ADMIN/Edit Text/Bespoke/Admin Pages/Header_Footer/input_SELLER_sell1'

2020-03-20 12:28:21 - [TEST_STEP][PASSED] - sendKeys(findTestObject("ADMIN/Edit Text/Bespoke/Admin Pages/Header_Footer/input_PROFILE_profile1"), "*"): Keys '*' sent to object: 'Object Repository/ADMIN/Edit Text/Bespoke/Admin Pages/Header_Footer/input_PROFILE_profile1'

2020-03-20 12:28:21 - [MESSAGE][PASSED] - Keys '*' sent to object: 'Object Repository/ADMIN/Edit Text/Bespoke/Admin Pages/Header_Footer/input_PROFILE_profile1'

2020-03-20 12:28:21 - [TEST_STEP][PASSED] - sendKeys(findTestObject("ADMIN/Edit Text/Bespoke/Admin Pages/Header_Footer/input_Dashboard_Dashboard1"), "*"): Keys '*' sent to object: 'Object Repository/ADMIN/Edit Text/Bespoke/Admin Pages/Header_Footer/input_Dashboard_Dashboard1'

2020-03-20 12:28:21 - [MESSAGE][PASSED] - Keys '*' sent to object: 'Object Repository/ADMIN/Edit Text/Bespoke/Admin Pages/Header_Footer/input_Dashboard_Dashboard1'

2020-03-20 12:28:21 - [TEST_STEP][PASSED] - sendKeys(findTestObject("ADMIN/Edit Text/Bespoke/Admin Pages/Header_Footer/input_Purchases_Purchases1"), "*"): Keys '*' sent to object: 'Object Repository/ADMIN/Edit Text/Bespoke/Admin Pages/Header_Footer/input_Purchases_Purchases1'

2020-03-20 12:28:21 - [MESSAGE][PASSED] - Keys '*' sent to object: 'Object Repository/ADMIN/Edit Text/Bespoke/Admin Pages/Header_Footer/input_Purchases_Purchases1'

2020-03-20 12:28:21 - [TEST_STEP][PASSED] - sendKeys(findTestObject("ADMIN/Edit Text/Bespoke/Admin Pages/Header_Footer/input_Your Items_Your Items1"), "*"): Keys '*' sent to object: 'Object Repository/ADMIN/Edit Text/Bespoke/Admin Pages/Header_Footer/input_Your Items_Your Items1'

2020-03-20 12:28:21 - [MESSAGE][PASSED] - Keys '*' sent to object: 'Object Repository/ADMIN/Edit Text/Bespoke/Admin Pages/Header_Footer/input_Your Items_Your Items1'

2020-03-20 12:28:21 - [TEST_STEP][PASSED] - sendKeys(findTestObject("ADMIN/Edit Text/Bespoke/Admin Pages/Header_Footer/input_Settings_Settings1"), "*"): Keys '*' sent to object: 'Object Repository/ADMIN/Edit Text/Bespoke/Admin Pages/Header_Footer/input_Settings_Settings1'

2020-03-20 12:28:21 - [MESSAGE][PASSED] - Keys '*' sent to object: 'Object Repository/ADMIN/Edit Text/Bespoke/Admin Pages/Header_Footer/input_Settings_Settings1'

2020-03-20 12:28:21 - [TEST_STEP][PASSED] - sendKeys(findTestObject("ADMIN/Edit Text/Bespoke/Admin Pages/Header_Footer/input_Upload_Upload1"), "*"): Keys '*' sent to object: 'Object Repository/ADMIN/Edit Text/Bespoke/Admin Pages/Header_Footer/input_Upload_Upload1'

2020-03-20 12:28:22 - [MESSAGE][PASSED] - Keys '*' sent to object: 'Object Repository/ADMIN/Edit Text/Bespoke/Admin Pages/Header_Footer/input_Upload_Upload1'

2020-03-20 12:28:22 - [TEST_STEP][PASSED] - sendKeys(findTestObject("ADMIN/Edit Text/Bespoke/Admin Pages/Header_Footer/input_Logout_Logout1"), "*"): Keys '*' sent to object: 'Object Repository/ADMIN/Edit Text/Bespoke/Admin Pages/Header_Footer/input_Logout_Logout1'

2020-03-20 12:28:22 - [MESSAGE][PASSED] - Keys '*' sent to object: 'Object Repository/ADMIN/Edit Text/Bespoke/Admin Pages/Header_Footer/input_Logout_Logout1'

2020-03-20 12:28:22 - [TEST_STEP][PASSED] - sendKeys(findTestObject("ADMIN/Edit Text/Bespoke/Admin Pages/Header_Footer/input_Orders_Orders1"), "*"): Keys '*' sent to object: 'Object Repository/ADMIN/Edit Text/Bespoke/Admin Pages/Header_Footer/input_Orders_Orders1'

2020-03-20 12:28:22 - [MESSAGE][PASSED] - Keys '*' sent to object: 'Object Repository/ADMIN/Edit Text/Bespoke/Admin Pages/Header_Footer/input_Orders_Orders1'

2020-03-20 12:28:22 - [TEST_STEP][PASSED] - sendKeys(findTestObject("ADMIN/Edit Text/Bespoke/Admin Pages/Header_Footer/input_Sales_Sales1"), "*"): Keys '*' sent to object: 'Object Repository/ADMIN/Edit Text/Bespoke/Admin Pages/Header_Footer/input_Sales_Sales1'

2020-03-20 12:28:22 - [MESSAGE][PASSED] - Keys '*' sent to object: 'Object Repository/ADMIN/Edit Text/Bespoke/Admin Pages/Header_Footer/input_Sales_Sales1'

2020-03-20 12:28:22 - [TEST_STEP][PASSED] - sendKeys(findTestObject("ADMIN/Edit Text/Bespoke/Admin Pages/Header_Footer/input_ABOUT US_ABOUT US"), "*"): Keys '*' sent to object: 'Object Repository/ADMIN/Edit Text/Bespoke/Admin Pages/Header_Footer/input_ABOUT US_ABOUT US'

2020-03-20 12:28:22 - [MESSAGE][PASSED] - Keys '*' sent to object: 'Object Repository/ADMIN/Edit Text/Bespoke/Admin Pages/Header_Footer/input_ABOUT US_ABOUT US'

2020-03-20 12:28:22 - [TEST_STEP][PASSED] - sendKeys(findTestObject("ADMIN/Edit Text/Bespoke/Admin Pages/Header_Footer/input_SERVICE TERMS_SERVICE TERMS"), "*"): Keys '*' sent to object: 'Object Repository/ADMIN/Edit Text/Bespoke/Admin Pages/Header_Footer/input_SERVICE TERMS_SERVICE TERMS'

2020-03-20 12:28:22 - [MESSAGE][PASSED] - Keys '*' sent to object: 'Object Repository/ADMIN/Edit Text/Bespoke/Admin Pages/Header_Footer/input_SERVICE TERMS_SERVICE TERMS'

2020-03-20 12:28:22 - [TEST_STEP][PASSED] - sendKeys(findTestObject("ADMIN/Edit Text/Bespoke/Admin Pages/Header_Footer/input_PRIVACY_PRIVACY"), "*"): Keys '*' sent to object: 'Object Repository/ADMIN/Edit Text/Bespoke/Admin Pages/Header_Footer/input_PRIVACY_PRIVACY'

2020-03-20 12:28:23 - [MESSAGE][PASSED] - Keys '*' sent to object: 'Object Repository/ADMIN/Edit Text/Bespoke/Admin Pages/Header_Footer/input_PRIVACY_PRIVACY'

2020-03-20 12:28:23 - [TEST_STEP][PASSED] - sendKeys(findTestObject("ADMIN/Edit Text/Bespoke/Admin Pages/Header_Footer/input_RETURNS_RETURNS"), "*"): Keys '*' sent to object: 'Object Repository/ADMIN/Edit Text/Bespoke/Admin Pages/Header_Footer/input_RETURNS_RETURNS'

2020-03-20 12:28:23 - [MESSAGE][PASSED] - Keys '*' sent to object: 'Object Repository/ADMIN/Edit Text/Bespoke/Admin Pages/Header_Footer/input_RETURNS_RETURNS'

2020-03-20 12:28:23 - [TEST_STEP][PASSED] - sendKeys(findTestObject("ADMIN/Edit Text/Bespoke/Admin Pages/Header_Footer/input_FAQ_FAQ"), "*"): Keys '*' sent to object: 'Object Repository/ADMIN/Edit Text/Bespoke/Admin Pages/Header_Footer/input_FAQ_FAQ'

2020-03-20 12:28:23 - [MESSAGE][PASSED] - Keys '*' sent to object: 'Object Repository/ADMIN/Edit Text/Bespoke/Admin Pages/Header_Footer/input_FAQ_FAQ'

2020-03-20 12:28:23 - [TEST_STEP][PASSED] - sendKeys(findTestObject("ADMIN/Edit Text/Bespoke/Admin Pages/Header_Footer/input_CONTACT_CONTACT"), "*"): Keys '*' sent to object: 'Object Repository/ADMIN/Edit Text/Bespoke/Admin Pages/Header_Footer/input_CONTACT_CONTACT'

2020-03-20 12:28:23 - [MESSAGE][PASSED] - Keys '*' sent to object: 'Object Repository/ADMIN/Edit Text/Bespoke/Admin Pages/Header_Footer/input_CONTACT_CONTACT'

2020-03-20 12:28:23 - [TEST_STEP][PASSED] - sendKeys(findTestObject("ADMIN/Edit Text/Bespoke/Admin Pages/Header_Footer/input_All rights reserved _foot_copyright"), "*"): Keys '*' sent to object: 'Object Repository/ADMIN/Edit Text/Bespoke/Admin Pages/Header_Footer/input_All rights reserved _foot_copyright'

2020-03-20 12:28:23 - [MESSAGE][PASSED] - Keys '*' sent to object: 'Object Repository/ADMIN/Edit Text/Bespoke/Admin Pages/Header_Footer/input_All rights reserved _foot_copyright'

2020-03-20 12:28:23 - [TEST_STEP][PASSED] - click(findTestObject("ADMIN/Edit Text/Bespoke/Buyer Pages/Homepage/button_save"), CONTINUE_ON_FAILURE): Object: 'Object Repository/ADMIN/Edit Text/Bespoke/Buyer Pages/Homepage/button_save' is clicked on

2020-03-20 12:28:23 - [MESSAGE][PASSED] - Object: 'Object Repository/ADMIN/Edit Text/Bespoke/Buyer Pages/Homepage/button_save' is clicked on

2020-03-20 12:28:23 - [TEST_STEP][PASSED] - waitForElementVisible(findTestObject("ADMIN/Edit Text/Bespoke/Buyer Pages/Homepage/toaster_success"), 0): Object 'Object Repository/ADMIN/Edit Text/Bespoke/Buyer Pages/Homepage/toaster_success' is visible

2020-03-20 12:28:24 - [MESSAGE][WARNING] - Timeout '0' is invalid. Using default page load timeout: '30'

2020-03-20 12:28:24 - [MESSAGE][PASSED] - Object 'Object Repository/ADMIN/Edit Text/Bespoke/Buyer Pages/Homepage/toaster_success' is visible]]></system-out>
         <system-err><![CDATA[]]></system-err>
      </testcase>
      <testcase name="Test Cases/ADMIN/Language/Edit Text/Bespoke/Admin Pages/Header_Footer" time="8.239" classname="Test Cases/ADMIN/Language/Edit Text/Bespoke/Admin Pages/Header_Footer" status="PASSED">
         <system-out><![CDATA[2020-03-20 12:28:24 - [TEST_CASE][PASSED] - Test Cases/ADMIN/Language/Edit Text/Bespoke/Admin Pages/Header_Footer: Test Cases/ADMIN/Language/Edit Text/Bespoke/Admin Pages/Header_Footer

2020-03-20 12:28:24 - [TEST_STEP][PASSED] - waitForElementVisible(findTestObject("ADMIN/Edit Text/Bespoke/Buyer Navigation/dd_language"), 0): Object 'Object Repository/ADMIN/Edit Text/Bespoke/Buyer Navigation/dd_language' is visible

2020-03-20 12:28:24 - [MESSAGE][WARNING] - Timeout '0' is invalid. Using default page load timeout: '30'

2020-03-20 12:28:24 - [MESSAGE][PASSED] - Object 'Object Repository/ADMIN/Edit Text/Bespoke/Buyer Navigation/dd_language' is visible

2020-03-20 12:28:24 - [TEST_STEP][PASSED] - selectOptionByLabel(findTestObject("ADMIN/Edit Text/Bespoke/Buyer Navigation/dd_language"), varLanguage, false): All options with label 'Dutch' are selected in object 'Object Repository/ADMIN/Edit Text/Bespoke/Buyer Navigation/dd_language' 

2020-03-20 12:28:26 - [MESSAGE][PASSED] - All options with label 'Dutch' are selected in object 'Object Repository/ADMIN/Edit Text/Bespoke/Buyer Navigation/dd_language' 

2020-03-20 12:28:26 - [TEST_STEP][PASSED] - sendKeys(findTestObject("ADMIN/Edit Text/Bespoke/Admin Pages/Header_Footer/input_Search_search"), "*"): Keys '*' sent to object: 'Object Repository/ADMIN/Edit Text/Bespoke/Admin Pages/Header_Footer/input_Search_search'

2020-03-20 12:28:27 - [MESSAGE][PASSED] - Keys '*' sent to object: 'Object Repository/ADMIN/Edit Text/Bespoke/Admin Pages/Header_Footer/input_Search_search'

2020-03-20 12:28:27 - [TEST_STEP][PASSED] - sendKeys(findTestObject("ADMIN/Edit Text/Bespoke/Admin Pages/Header_Footer/input_BE A SELLER_be_seller"), "*"): Keys '*' sent to object: 'Object Repository/ADMIN/Edit Text/Bespoke/Admin Pages/Header_Footer/input_BE A SELLER_be_seller'

2020-03-20 12:28:27 - [MESSAGE][PASSED] - Keys '*' sent to object: 'Object Repository/ADMIN/Edit Text/Bespoke/Admin Pages/Header_Footer/input_BE A SELLER_be_seller'

2020-03-20 12:28:27 - [TEST_STEP][PASSED] - sendKeys(findTestObject("ADMIN/Edit Text/Bespoke/Admin Pages/Header_Footer/input_MORE_more"), "*"): Keys '*' sent to object: 'Object Repository/ADMIN/Edit Text/Bespoke/Admin Pages/Header_Footer/input_MORE_more'

2020-03-20 12:28:27 - [MESSAGE][PASSED] - Keys '*' sent to object: 'Object Repository/ADMIN/Edit Text/Bespoke/Admin Pages/Header_Footer/input_MORE_more'

2020-03-20 12:28:27 - [TEST_STEP][PASSED] - sendKeys(findTestObject("ADMIN/Edit Text/Bespoke/Admin Pages/Header_Footer/input_VIEW CART_btn_next"), "*"): Keys '*' sent to object: 'Object Repository/ADMIN/Edit Text/Bespoke/Admin Pages/Header_Footer/input_VIEW CART_btn_next'

2020-03-20 12:28:27 - [MESSAGE][PASSED] - Keys '*' sent to object: 'Object Repository/ADMIN/Edit Text/Bespoke/Admin Pages/Header_Footer/input_VIEW CART_btn_next'

2020-03-20 12:28:27 - [TEST_STEP][PASSED] - sendKeys(findTestObject("ADMIN/Edit Text/Bespoke/Admin Pages/Header_Footer/input_REGISTER  SIGN IN_register_signin"), "*"): Keys '*' sent to object: 'Object Repository/ADMIN/Edit Text/Bespoke/Admin Pages/Header_Footer/input_REGISTER  SIGN IN_register_signin'

2020-03-20 12:28:27 - [MESSAGE][PASSED] - Keys '*' sent to object: 'Object Repository/ADMIN/Edit Text/Bespoke/Admin Pages/Header_Footer/input_REGISTER  SIGN IN_register_signin'

2020-03-20 12:28:27 - [TEST_STEP][PASSED] - sendKeys(findTestObject("ADMIN/Edit Text/Bespoke/Admin Pages/Header_Footer/input_SELLER_sell"), "*"): Keys '*' sent to object: 'Object Repository/ADMIN/Edit Text/Bespoke/Admin Pages/Header_Footer/input_SELLER_sell'

2020-03-20 12:28:27 - [MESSAGE][PASSED] - Keys '*' sent to object: 'Object Repository/ADMIN/Edit Text/Bespoke/Admin Pages/Header_Footer/input_SELLER_sell'

2020-03-20 12:28:27 - [TEST_STEP][PASSED] - sendKeys(findTestObject("ADMIN/Edit Text/Bespoke/Admin Pages/Header_Footer/input_PROFILE_profile"), "*"): Keys '*' sent to object: 'Object Repository/ADMIN/Edit Text/Bespoke/Admin Pages/Header_Footer/input_PROFILE_profile'

2020-03-20 12:28:28 - [MESSAGE][PASSED] - Keys '*' sent to object: 'Object Repository/ADMIN/Edit Text/Bespoke/Admin Pages/Header_Footer/input_PROFILE_profile'

2020-03-20 12:28:28 - [TEST_STEP][PASSED] - sendKeys(findTestObject("ADMIN/Edit Text/Bespoke/Admin Pages/Header_Footer/input_Dashboard_Dashboard"), "*"): Keys '*' sent to object: 'Object Repository/ADMIN/Edit Text/Bespoke/Admin Pages/Header_Footer/input_Dashboard_Dashboard'

2020-03-20 12:28:28 - [MESSAGE][PASSED] - Keys '*' sent to object: 'Object Repository/ADMIN/Edit Text/Bespoke/Admin Pages/Header_Footer/input_Dashboard_Dashboard'

2020-03-20 12:28:28 - [TEST_STEP][PASSED] - sendKeys(findTestObject("ADMIN/Edit Text/Bespoke/Admin Pages/Header_Footer/input_Purchases_Purchases"), "*"): Keys '*' sent to object: 'Object Repository/ADMIN/Edit Text/Bespoke/Admin Pages/Header_Footer/input_Purchases_Purchases'

2020-03-20 12:28:28 - [MESSAGE][PASSED] - Keys '*' sent to object: 'Object Repository/ADMIN/Edit Text/Bespoke/Admin Pages/Header_Footer/input_Purchases_Purchases'

2020-03-20 12:28:28 - [TEST_STEP][PASSED] - sendKeys(findTestObject("ADMIN/Edit Text/Bespoke/Admin Pages/Header_Footer/input_Your Items_Your Items"), "*"): Keys '*' sent to object: 'Object Repository/ADMIN/Edit Text/Bespoke/Admin Pages/Header_Footer/input_Your Items_Your Items'

2020-03-20 12:28:28 - [MESSAGE][PASSED] - Keys '*' sent to object: 'Object Repository/ADMIN/Edit Text/Bespoke/Admin Pages/Header_Footer/input_Your Items_Your Items'

2020-03-20 12:28:28 - [TEST_STEP][PASSED] - sendKeys(findTestObject("ADMIN/Edit Text/Bespoke/Admin Pages/Header_Footer/input_Settings_Settings"), "*"): Keys '*' sent to object: 'Object Repository/ADMIN/Edit Text/Bespoke/Admin Pages/Header_Footer/input_Settings_Settings'

2020-03-20 12:28:28 - [MESSAGE][PASSED] - Keys '*' sent to object: 'Object Repository/ADMIN/Edit Text/Bespoke/Admin Pages/Header_Footer/input_Settings_Settings'

2020-03-20 12:28:28 - [TEST_STEP][PASSED] - sendKeys(findTestObject("ADMIN/Edit Text/Bespoke/Admin Pages/Header_Footer/input_Upload_Upload"), "*"): Keys '*' sent to object: 'Object Repository/ADMIN/Edit Text/Bespoke/Admin Pages/Header_Footer/input_Upload_Upload'

2020-03-20 12:28:28 - [MESSAGE][PASSED] - Keys '*' sent to object: 'Object Repository/ADMIN/Edit Text/Bespoke/Admin Pages/Header_Footer/input_Upload_Upload'

2020-03-20 12:28:28 - [TEST_STEP][PASSED] - sendKeys(findTestObject("ADMIN/Edit Text/Bespoke/Admin Pages/Header_Footer/input_Logout_Logout"), "*"): Keys '*' sent to object: 'Object Repository/ADMIN/Edit Text/Bespoke/Admin Pages/Header_Footer/input_Logout_Logout'

2020-03-20 12:28:28 - [MESSAGE][PASSED] - Keys '*' sent to object: 'Object Repository/ADMIN/Edit Text/Bespoke/Admin Pages/Header_Footer/input_Logout_Logout'

2020-03-20 12:28:28 - [TEST_STEP][PASSED] - sendKeys(findTestObject("ADMIN/Edit Text/Bespoke/Admin Pages/Header_Footer/input_Orders_Orders"), "*"): Keys '*' sent to object: 'Object Repository/ADMIN/Edit Text/Bespoke/Admin Pages/Header_Footer/input_Orders_Orders'

2020-03-20 12:28:29 - [MESSAGE][PASSED] - Keys '*' sent to object: 'Object Repository/ADMIN/Edit Text/Bespoke/Admin Pages/Header_Footer/input_Orders_Orders'

2020-03-20 12:28:29 - [TEST_STEP][PASSED] - sendKeys(findTestObject("ADMIN/Edit Text/Bespoke/Admin Pages/Header_Footer/input_Sub-accounts_Sub-accounts"), "*"): Keys '*' sent to object: 'Object Repository/ADMIN/Edit Text/Bespoke/Admin Pages/Header_Footer/input_Sub-accounts_Sub-accounts'

2020-03-20 12:28:29 - [MESSAGE][PASSED] - Keys '*' sent to object: 'Object Repository/ADMIN/Edit Text/Bespoke/Admin Pages/Header_Footer/input_Sub-accounts_Sub-accounts'

2020-03-20 12:28:29 - [TEST_STEP][PASSED] - sendKeys(findTestObject("ADMIN/Edit Text/Bespoke/Admin Pages/Header_Footer/input_Sales_Sales"), "*"): Keys '*' sent to object: 'Object Repository/ADMIN/Edit Text/Bespoke/Admin Pages/Header_Footer/input_Sales_Sales'

2020-03-20 12:28:29 - [MESSAGE][PASSED] - Keys '*' sent to object: 'Object Repository/ADMIN/Edit Text/Bespoke/Admin Pages/Header_Footer/input_Sales_Sales'

2020-03-20 12:28:29 - [TEST_STEP][PASSED] - sendKeys(findTestObject("ADMIN/Edit Text/Bespoke/Admin Pages/Header_Footer/input_Browse_Browse"), "*"): Keys '*' sent to object: 'Object Repository/ADMIN/Edit Text/Bespoke/Admin Pages/Header_Footer/input_Browse_Browse'

2020-03-20 12:28:29 - [MESSAGE][PASSED] - Keys '*' sent to object: 'Object Repository/ADMIN/Edit Text/Bespoke/Admin Pages/Header_Footer/input_Browse_Browse'

2020-03-20 12:28:29 - [TEST_STEP][PASSED] - sendKeys(findTestObject("ADMIN/Edit Text/Bespoke/Admin Pages/Header_Footer/input_SELLER_sell1"), "*"): Keys '*' sent to object: 'Object Repository/ADMIN/Edit Text/Bespoke/Admin Pages/Header_Footer/input_SELLER_sell1'

2020-03-20 12:28:30 - [MESSAGE][PASSED] - Keys '*' sent to object: 'Object Repository/ADMIN/Edit Text/Bespoke/Admin Pages/Header_Footer/input_SELLER_sell1'

2020-03-20 12:28:30 - [TEST_STEP][PASSED] - sendKeys(findTestObject("ADMIN/Edit Text/Bespoke/Admin Pages/Header_Footer/input_PROFILE_profile1"), "*"): Keys '*' sent to object: 'Object Repository/ADMIN/Edit Text/Bespoke/Admin Pages/Header_Footer/input_PROFILE_profile1'

2020-03-20 12:28:30 - [MESSAGE][PASSED] - Keys '*' sent to object: 'Object Repository/ADMIN/Edit Text/Bespoke/Admin Pages/Header_Footer/input_PROFILE_profile1'

2020-03-20 12:28:30 - [TEST_STEP][PASSED] - sendKeys(findTestObject("ADMIN/Edit Text/Bespoke/Admin Pages/Header_Footer/input_Dashboard_Dashboard1"), "*"): Keys '*' sent to object: 'Object Repository/ADMIN/Edit Text/Bespoke/Admin Pages/Header_Footer/input_Dashboard_Dashboard1'

2020-03-20 12:28:30 - [MESSAGE][PASSED] - Keys '*' sent to object: 'Object Repository/ADMIN/Edit Text/Bespoke/Admin Pages/Header_Footer/input_Dashboard_Dashboard1'

2020-03-20 12:28:30 - [TEST_STEP][PASSED] - sendKeys(findTestObject("ADMIN/Edit Text/Bespoke/Admin Pages/Header_Footer/input_Purchases_Purchases1"), "*"): Keys '*' sent to object: 'Object Repository/ADMIN/Edit Text/Bespoke/Admin Pages/Header_Footer/input_Purchases_Purchases1'

2020-03-20 12:28:30 - [MESSAGE][PASSED] - Keys '*' sent to object: 'Object Repository/ADMIN/Edit Text/Bespoke/Admin Pages/Header_Footer/input_Purchases_Purchases1'

2020-03-20 12:28:30 - [TEST_STEP][PASSED] - sendKeys(findTestObject("ADMIN/Edit Text/Bespoke/Admin Pages/Header_Footer/input_Your Items_Your Items1"), "*"): Keys '*' sent to object: 'Object Repository/ADMIN/Edit Text/Bespoke/Admin Pages/Header_Footer/input_Your Items_Your Items1'

2020-03-20 12:28:30 - [MESSAGE][PASSED] - Keys '*' sent to object: 'Object Repository/ADMIN/Edit Text/Bespoke/Admin Pages/Header_Footer/input_Your Items_Your Items1'

2020-03-20 12:28:30 - [TEST_STEP][PASSED] - sendKeys(findTestObject("ADMIN/Edit Text/Bespoke/Admin Pages/Header_Footer/input_Settings_Settings1"), "*"): Keys '*' sent to object: 'Object Repository/ADMIN/Edit Text/Bespoke/Admin Pages/Header_Footer/input_Settings_Settings1'

2020-03-20 12:28:30 - [MESSAGE][PASSED] - Keys '*' sent to object: 'Object Repository/ADMIN/Edit Text/Bespoke/Admin Pages/Header_Footer/input_Settings_Settings1'

2020-03-20 12:28:30 - [TEST_STEP][PASSED] - sendKeys(findTestObject("ADMIN/Edit Text/Bespoke/Admin Pages/Header_Footer/input_Upload_Upload1"), "*"): Keys '*' sent to object: 'Object Repository/ADMIN/Edit Text/Bespoke/Admin Pages/Header_Footer/input_Upload_Upload1'

2020-03-20 12:28:30 - [MESSAGE][PASSED] - Keys '*' sent to object: 'Object Repository/ADMIN/Edit Text/Bespoke/Admin Pages/Header_Footer/input_Upload_Upload1'

2020-03-20 12:28:30 - [TEST_STEP][PASSED] - sendKeys(findTestObject("ADMIN/Edit Text/Bespoke/Admin Pages/Header_Footer/input_Logout_Logout1"), "*"): Keys '*' sent to object: 'Object Repository/ADMIN/Edit Text/Bespoke/Admin Pages/Header_Footer/input_Logout_Logout1'

2020-03-20 12:28:30 - [MESSAGE][PASSED] - Keys '*' sent to object: 'Object Repository/ADMIN/Edit Text/Bespoke/Admin Pages/Header_Footer/input_Logout_Logout1'

2020-03-20 12:28:30 - [TEST_STEP][PASSED] - sendKeys(findTestObject("ADMIN/Edit Text/Bespoke/Admin Pages/Header_Footer/input_Orders_Orders1"), "*"): Keys '*' sent to object: 'Object Repository/ADMIN/Edit Text/Bespoke/Admin Pages/Header_Footer/input_Orders_Orders1'

2020-03-20 12:28:31 - [MESSAGE][PASSED] - Keys '*' sent to object: 'Object Repository/ADMIN/Edit Text/Bespoke/Admin Pages/Header_Footer/input_Orders_Orders1'

2020-03-20 12:28:31 - [TEST_STEP][PASSED] - sendKeys(findTestObject("ADMIN/Edit Text/Bespoke/Admin Pages/Header_Footer/input_Sales_Sales1"), "*"): Keys '*' sent to object: 'Object Repository/ADMIN/Edit Text/Bespoke/Admin Pages/Header_Footer/input_Sales_Sales1'

2020-03-20 12:28:31 - [MESSAGE][PASSED] - Keys '*' sent to object: 'Object Repository/ADMIN/Edit Text/Bespoke/Admin Pages/Header_Footer/input_Sales_Sales1'

2020-03-20 12:28:31 - [TEST_STEP][PASSED] - sendKeys(findTestObject("ADMIN/Edit Text/Bespoke/Admin Pages/Header_Footer/input_ABOUT US_ABOUT US"), "*"): Keys '*' sent to object: 'Object Repository/ADMIN/Edit Text/Bespoke/Admin Pages/Header_Footer/input_ABOUT US_ABOUT US'

2020-03-20 12:28:31 - [MESSAGE][PASSED] - Keys '*' sent to object: 'Object Repository/ADMIN/Edit Text/Bespoke/Admin Pages/Header_Footer/input_ABOUT US_ABOUT US'

2020-03-20 12:28:31 - [TEST_STEP][PASSED] - sendKeys(findTestObject("ADMIN/Edit Text/Bespoke/Admin Pages/Header_Footer/input_SERVICE TERMS_SERVICE TERMS"), "*"): Keys '*' sent to object: 'Object Repository/ADMIN/Edit Text/Bespoke/Admin Pages/Header_Footer/input_SERVICE TERMS_SERVICE TERMS'

2020-03-20 12:28:31 - [MESSAGE][PASSED] - Keys '*' sent to object: 'Object Repository/ADMIN/Edit Text/Bespoke/Admin Pages/Header_Footer/input_SERVICE TERMS_SERVICE TERMS'

2020-03-20 12:28:31 - [TEST_STEP][PASSED] - sendKeys(findTestObject("ADMIN/Edit Text/Bespoke/Admin Pages/Header_Footer/input_PRIVACY_PRIVACY"), "*"): Keys '*' sent to object: 'Object Repository/ADMIN/Edit Text/Bespoke/Admin Pages/Header_Footer/input_PRIVACY_PRIVACY'

2020-03-20 12:28:31 - [MESSAGE][PASSED] - Keys '*' sent to object: 'Object Repository/ADMIN/Edit Text/Bespoke/Admin Pages/Header_Footer/input_PRIVACY_PRIVACY'

2020-03-20 12:28:31 - [TEST_STEP][PASSED] - sendKeys(findTestObject("ADMIN/Edit Text/Bespoke/Admin Pages/Header_Footer/input_RETURNS_RETURNS"), "*"): Keys '*' sent to object: 'Object Repository/ADMIN/Edit Text/Bespoke/Admin Pages/Header_Footer/input_RETURNS_RETURNS'

2020-03-20 12:28:31 - [MESSAGE][PASSED] - Keys '*' sent to object: 'Object Repository/ADMIN/Edit Text/Bespoke/Admin Pages/Header_Footer/input_RETURNS_RETURNS'

2020-03-20 12:28:31 - [TEST_STEP][PASSED] - sendKeys(findTestObject("ADMIN/Edit Text/Bespoke/Admin Pages/Header_Footer/input_FAQ_FAQ"), "*"): Keys '*' sent to object: 'Object Repository/ADMIN/Edit Text/Bespoke/Admin Pages/Header_Footer/input_FAQ_FAQ'

2020-03-20 12:28:31 - [MESSAGE][PASSED] - Keys '*' sent to object: 'Object Repository/ADMIN/Edit Text/Bespoke/Admin Pages/Header_Footer/input_FAQ_FAQ'

2020-03-20 12:28:31 - [TEST_STEP][PASSED] - sendKeys(findTestObject("ADMIN/Edit Text/Bespoke/Admin Pages/Header_Footer/input_CONTACT_CONTACT"), "*"): Keys '*' sent to object: 'Object Repository/ADMIN/Edit Text/Bespoke/Admin Pages/Header_Footer/input_CONTACT_CONTACT'

2020-03-20 12:28:31 - [MESSAGE][PASSED] - Keys '*' sent to object: 'Object Repository/ADMIN/Edit Text/Bespoke/Admin Pages/Header_Footer/input_CONTACT_CONTACT'

2020-03-20 12:28:31 - [TEST_STEP][PASSED] - sendKeys(findTestObject("ADMIN/Edit Text/Bespoke/Admin Pages/Header_Footer/input_All rights reserved _foot_copyright"), "*"): Keys '*' sent to object: 'Object Repository/ADMIN/Edit Text/Bespoke/Admin Pages/Header_Footer/input_All rights reserved _foot_copyright'

2020-03-20 12:28:32 - [MESSAGE][PASSED] - Keys '*' sent to object: 'Object Repository/ADMIN/Edit Text/Bespoke/Admin Pages/Header_Footer/input_All rights reserved _foot_copyright'

2020-03-20 12:28:32 - [TEST_STEP][PASSED] - click(findTestObject("ADMIN/Edit Text/Bespoke/Buyer Pages/Homepage/button_save"), CONTINUE_ON_FAILURE): Object: 'Object Repository/ADMIN/Edit Text/Bespoke/Buyer Pages/Homepage/button_save' is clicked on

2020-03-20 12:28:32 - [MESSAGE][PASSED] - Object: 'Object Repository/ADMIN/Edit Text/Bespoke/Buyer Pages/Homepage/button_save' is clicked on

2020-03-20 12:28:32 - [TEST_STEP][PASSED] - waitForElementVisible(findTestObject("ADMIN/Edit Text/Bespoke/Buyer Pages/Homepage/toaster_success"), 0): Object 'Object Repository/ADMIN/Edit Text/Bespoke/Buyer Pages/Homepage/toaster_success' is visible

2020-03-20 12:28:32 - [MESSAGE][WARNING] - Timeout '0' is invalid. Using default page load timeout: '30'

2020-03-20 12:28:32 - [MESSAGE][PASSED] - Object 'Object Repository/ADMIN/Edit Text/Bespoke/Buyer Pages/Homepage/toaster_success' is visible]]></system-out>
         <system-err><![CDATA[]]></system-err>
      </testcase>
      <testcase name="Test Cases/ADMIN/Language/Edit Text/Bespoke/Admin Pages/Header_Footer" time="7.822" classname="Test Cases/ADMIN/Language/Edit Text/Bespoke/Admin Pages/Header_Footer" status="PASSED">
         <system-out><![CDATA[2020-03-20 12:28:32 - [TEST_CASE][PASSED] - Test Cases/ADMIN/Language/Edit Text/Bespoke/Admin Pages/Header_Footer: Test Cases/ADMIN/Language/Edit Text/Bespoke/Admin Pages/Header_Footer

2020-03-20 12:28:32 - [TEST_STEP][PASSED] - waitForElementVisible(findTestObject("ADMIN/Edit Text/Bespoke/Buyer Navigation/dd_language"), 0): Object 'Object Repository/ADMIN/Edit Text/Bespoke/Buyer Navigation/dd_language' is visible

2020-03-20 12:28:32 - [MESSAGE][WARNING] - Timeout '0' is invalid. Using default page load timeout: '30'

2020-03-20 12:28:33 - [MESSAGE][PASSED] - Object 'Object Repository/ADMIN/Edit Text/Bespoke/Buyer Navigation/dd_language' is visible

2020-03-20 12:28:33 - [TEST_STEP][PASSED] - selectOptionByLabel(findTestObject("ADMIN/Edit Text/Bespoke/Buyer Navigation/dd_language"), varLanguage, false): All options with label 'Swedish' are selected in object 'Object Repository/ADMIN/Edit Text/Bespoke/Buyer Navigation/dd_language' 

2020-03-20 12:28:34 - [MESSAGE][PASSED] - All options with label 'Swedish' are selected in object 'Object Repository/ADMIN/Edit Text/Bespoke/Buyer Navigation/dd_language' 

2020-03-20 12:28:34 - [TEST_STEP][PASSED] - sendKeys(findTestObject("ADMIN/Edit Text/Bespoke/Admin Pages/Header_Footer/input_Search_search"), "*"): Keys '*' sent to object: 'Object Repository/ADMIN/Edit Text/Bespoke/Admin Pages/Header_Footer/input_Search_search'

2020-03-20 12:28:35 - [MESSAGE][PASSED] - Keys '*' sent to object: 'Object Repository/ADMIN/Edit Text/Bespoke/Admin Pages/Header_Footer/input_Search_search'

2020-03-20 12:28:35 - [TEST_STEP][PASSED] - sendKeys(findTestObject("ADMIN/Edit Text/Bespoke/Admin Pages/Header_Footer/input_BE A SELLER_be_seller"), "*"): Keys '*' sent to object: 'Object Repository/ADMIN/Edit Text/Bespoke/Admin Pages/Header_Footer/input_BE A SELLER_be_seller'

2020-03-20 12:28:35 - [MESSAGE][PASSED] - Keys '*' sent to object: 'Object Repository/ADMIN/Edit Text/Bespoke/Admin Pages/Header_Footer/input_BE A SELLER_be_seller'

2020-03-20 12:28:35 - [TEST_STEP][PASSED] - sendKeys(findTestObject("ADMIN/Edit Text/Bespoke/Admin Pages/Header_Footer/input_MORE_more"), "*"): Keys '*' sent to object: 'Object Repository/ADMIN/Edit Text/Bespoke/Admin Pages/Header_Footer/input_MORE_more'

2020-03-20 12:28:35 - [MESSAGE][PASSED] - Keys '*' sent to object: 'Object Repository/ADMIN/Edit Text/Bespoke/Admin Pages/Header_Footer/input_MORE_more'

2020-03-20 12:28:35 - [TEST_STEP][PASSED] - sendKeys(findTestObject("ADMIN/Edit Text/Bespoke/Admin Pages/Header_Footer/input_VIEW CART_btn_next"), "*"): Keys '*' sent to object: 'Object Repository/ADMIN/Edit Text/Bespoke/Admin Pages/Header_Footer/input_VIEW CART_btn_next'

2020-03-20 12:28:35 - [MESSAGE][PASSED] - Keys '*' sent to object: 'Object Repository/ADMIN/Edit Text/Bespoke/Admin Pages/Header_Footer/input_VIEW CART_btn_next'

2020-03-20 12:28:35 - [TEST_STEP][PASSED] - sendKeys(findTestObject("ADMIN/Edit Text/Bespoke/Admin Pages/Header_Footer/input_REGISTER  SIGN IN_register_signin"), "*"): Keys '*' sent to object: 'Object Repository/ADMIN/Edit Text/Bespoke/Admin Pages/Header_Footer/input_REGISTER  SIGN IN_register_signin'

2020-03-20 12:28:36 - [MESSAGE][PASSED] - Keys '*' sent to object: 'Object Repository/ADMIN/Edit Text/Bespoke/Admin Pages/Header_Footer/input_REGISTER  SIGN IN_register_signin'

2020-03-20 12:28:36 - [TEST_STEP][PASSED] - sendKeys(findTestObject("ADMIN/Edit Text/Bespoke/Admin Pages/Header_Footer/input_SELLER_sell"), "*"): Keys '*' sent to object: 'Object Repository/ADMIN/Edit Text/Bespoke/Admin Pages/Header_Footer/input_SELLER_sell'

2020-03-20 12:28:36 - [MESSAGE][PASSED] - Keys '*' sent to object: 'Object Repository/ADMIN/Edit Text/Bespoke/Admin Pages/Header_Footer/input_SELLER_sell'

2020-03-20 12:28:36 - [TEST_STEP][PASSED] - sendKeys(findTestObject("ADMIN/Edit Text/Bespoke/Admin Pages/Header_Footer/input_PROFILE_profile"), "*"): Keys '*' sent to object: 'Object Repository/ADMIN/Edit Text/Bespoke/Admin Pages/Header_Footer/input_PROFILE_profile'

2020-03-20 12:28:36 - [MESSAGE][PASSED] - Keys '*' sent to object: 'Object Repository/ADMIN/Edit Text/Bespoke/Admin Pages/Header_Footer/input_PROFILE_profile'

2020-03-20 12:28:36 - [TEST_STEP][PASSED] - sendKeys(findTestObject("ADMIN/Edit Text/Bespoke/Admin Pages/Header_Footer/input_Dashboard_Dashboard"), "*"): Keys '*' sent to object: 'Object Repository/ADMIN/Edit Text/Bespoke/Admin Pages/Header_Footer/input_Dashboard_Dashboard'

2020-03-20 12:28:36 - [MESSAGE][PASSED] - Keys '*' sent to object: 'Object Repository/ADMIN/Edit Text/Bespoke/Admin Pages/Header_Footer/input_Dashboard_Dashboard'

2020-03-20 12:28:36 - [TEST_STEP][PASSED] - sendKeys(findTestObject("ADMIN/Edit Text/Bespoke/Admin Pages/Header_Footer/input_Purchases_Purchases"), "*"): Keys '*' sent to object: 'Object Repository/ADMIN/Edit Text/Bespoke/Admin Pages/Header_Footer/input_Purchases_Purchases'

2020-03-20 12:28:36 - [MESSAGE][PASSED] - Keys '*' sent to object: 'Object Repository/ADMIN/Edit Text/Bespoke/Admin Pages/Header_Footer/input_Purchases_Purchases'

2020-03-20 12:28:36 - [TEST_STEP][PASSED] - sendKeys(findTestObject("ADMIN/Edit Text/Bespoke/Admin Pages/Header_Footer/input_Your Items_Your Items"), "*"): Keys '*' sent to object: 'Object Repository/ADMIN/Edit Text/Bespoke/Admin Pages/Header_Footer/input_Your Items_Your Items'

2020-03-20 12:28:36 - [MESSAGE][PASSED] - Keys '*' sent to object: 'Object Repository/ADMIN/Edit Text/Bespoke/Admin Pages/Header_Footer/input_Your Items_Your Items'

2020-03-20 12:28:36 - [TEST_STEP][PASSED] - sendKeys(findTestObject("ADMIN/Edit Text/Bespoke/Admin Pages/Header_Footer/input_Settings_Settings"), "*"): Keys '*' sent to object: 'Object Repository/ADMIN/Edit Text/Bespoke/Admin Pages/Header_Footer/input_Settings_Settings'

2020-03-20 12:28:36 - [MESSAGE][PASSED] - Keys '*' sent to object: 'Object Repository/ADMIN/Edit Text/Bespoke/Admin Pages/Header_Footer/input_Settings_Settings'

2020-03-20 12:28:36 - [TEST_STEP][PASSED] - sendKeys(findTestObject("ADMIN/Edit Text/Bespoke/Admin Pages/Header_Footer/input_Upload_Upload"), "*"): Keys '*' sent to object: 'Object Repository/ADMIN/Edit Text/Bespoke/Admin Pages/Header_Footer/input_Upload_Upload'

2020-03-20 12:28:37 - [MESSAGE][PASSED] - Keys '*' sent to object: 'Object Repository/ADMIN/Edit Text/Bespoke/Admin Pages/Header_Footer/input_Upload_Upload'

2020-03-20 12:28:37 - [TEST_STEP][PASSED] - sendKeys(findTestObject("ADMIN/Edit Text/Bespoke/Admin Pages/Header_Footer/input_Logout_Logout"), "*"): Keys '*' sent to object: 'Object Repository/ADMIN/Edit Text/Bespoke/Admin Pages/Header_Footer/input_Logout_Logout'

2020-03-20 12:28:37 - [MESSAGE][PASSED] - Keys '*' sent to object: 'Object Repository/ADMIN/Edit Text/Bespoke/Admin Pages/Header_Footer/input_Logout_Logout'

2020-03-20 12:28:37 - [TEST_STEP][PASSED] - sendKeys(findTestObject("ADMIN/Edit Text/Bespoke/Admin Pages/Header_Footer/input_Orders_Orders"), "*"): Keys '*' sent to object: 'Object Repository/ADMIN/Edit Text/Bespoke/Admin Pages/Header_Footer/input_Orders_Orders'

2020-03-20 12:28:37 - [MESSAGE][PASSED] - Keys '*' sent to object: 'Object Repository/ADMIN/Edit Text/Bespoke/Admin Pages/Header_Footer/input_Orders_Orders'

2020-03-20 12:28:37 - [TEST_STEP][PASSED] - sendKeys(findTestObject("ADMIN/Edit Text/Bespoke/Admin Pages/Header_Footer/input_Sub-accounts_Sub-accounts"), "*"): Keys '*' sent to object: 'Object Repository/ADMIN/Edit Text/Bespoke/Admin Pages/Header_Footer/input_Sub-accounts_Sub-accounts'

2020-03-20 12:28:37 - [MESSAGE][PASSED] - Keys '*' sent to object: 'Object Repository/ADMIN/Edit Text/Bespoke/Admin Pages/Header_Footer/input_Sub-accounts_Sub-accounts'

2020-03-20 12:28:37 - [TEST_STEP][PASSED] - sendKeys(findTestObject("ADMIN/Edit Text/Bespoke/Admin Pages/Header_Footer/input_Sales_Sales"), "*"): Keys '*' sent to object: 'Object Repository/ADMIN/Edit Text/Bespoke/Admin Pages/Header_Footer/input_Sales_Sales'

2020-03-20 12:28:37 - [MESSAGE][PASSED] - Keys '*' sent to object: 'Object Repository/ADMIN/Edit Text/Bespoke/Admin Pages/Header_Footer/input_Sales_Sales'

2020-03-20 12:28:37 - [TEST_STEP][PASSED] - sendKeys(findTestObject("ADMIN/Edit Text/Bespoke/Admin Pages/Header_Footer/input_Browse_Browse"), "*"): Keys '*' sent to object: 'Object Repository/ADMIN/Edit Text/Bespoke/Admin Pages/Header_Footer/input_Browse_Browse'

2020-03-20 12:28:37 - [MESSAGE][PASSED] - Keys '*' sent to object: 'Object Repository/ADMIN/Edit Text/Bespoke/Admin Pages/Header_Footer/input_Browse_Browse'

2020-03-20 12:28:37 - [TEST_STEP][PASSED] - sendKeys(findTestObject("ADMIN/Edit Text/Bespoke/Admin Pages/Header_Footer/input_SELLER_sell1"), "*"): Keys '*' sent to object: 'Object Repository/ADMIN/Edit Text/Bespoke/Admin Pages/Header_Footer/input_SELLER_sell1'

2020-03-20 12:28:37 - [MESSAGE][PASSED] - Keys '*' sent to object: 'Object Repository/ADMIN/Edit Text/Bespoke/Admin Pages/Header_Footer/input_SELLER_sell1'

2020-03-20 12:28:37 - [TEST_STEP][PASSED] - sendKeys(findTestObject("ADMIN/Edit Text/Bespoke/Admin Pages/Header_Footer/input_PROFILE_profile1"), "*"): Keys '*' sent to object: 'Object Repository/ADMIN/Edit Text/Bespoke/Admin Pages/Header_Footer/input_PROFILE_profile1'

2020-03-20 12:28:38 - [MESSAGE][PASSED] - Keys '*' sent to object: 'Object Repository/ADMIN/Edit Text/Bespoke/Admin Pages/Header_Footer/input_PROFILE_profile1'

2020-03-20 12:28:38 - [TEST_STEP][PASSED] - sendKeys(findTestObject("ADMIN/Edit Text/Bespoke/Admin Pages/Header_Footer/input_Dashboard_Dashboard1"), "*"): Keys '*' sent to object: 'Object Repository/ADMIN/Edit Text/Bespoke/Admin Pages/Header_Footer/input_Dashboard_Dashboard1'

2020-03-20 12:28:38 - [MESSAGE][PASSED] - Keys '*' sent to object: 'Object Repository/ADMIN/Edit Text/Bespoke/Admin Pages/Header_Footer/input_Dashboard_Dashboard1'

2020-03-20 12:28:38 - [TEST_STEP][PASSED] - sendKeys(findTestObject("ADMIN/Edit Text/Bespoke/Admin Pages/Header_Footer/input_Purchases_Purchases1"), "*"): Keys '*' sent to object: 'Object Repository/ADMIN/Edit Text/Bespoke/Admin Pages/Header_Footer/input_Purchases_Purchases1'

2020-03-20 12:28:38 - [MESSAGE][PASSED] - Keys '*' sent to object: 'Object Repository/ADMIN/Edit Text/Bespoke/Admin Pages/Header_Footer/input_Purchases_Purchases1'

2020-03-20 12:28:38 - [TEST_STEP][PASSED] - sendKeys(findTestObject("ADMIN/Edit Text/Bespoke/Admin Pages/Header_Footer/input_Your Items_Your Items1"), "*"): Keys '*' sent to object: 'Object Repository/ADMIN/Edit Text/Bespoke/Admin Pages/Header_Footer/input_Your Items_Your Items1'

2020-03-20 12:28:38 - [MESSAGE][PASSED] - Keys '*' sent to object: 'Object Repository/ADMIN/Edit Text/Bespoke/Admin Pages/Header_Footer/input_Your Items_Your Items1'

2020-03-20 12:28:38 - [TEST_STEP][PASSED] - sendKeys(findTestObject("ADMIN/Edit Text/Bespoke/Admin Pages/Header_Footer/input_Settings_Settings1"), "*"): Keys '*' sent to object: 'Object Repository/ADMIN/Edit Text/Bespoke/Admin Pages/Header_Footer/input_Settings_Settings1'

2020-03-20 12:28:38 - [MESSAGE][PASSED] - Keys '*' sent to object: 'Object Repository/ADMIN/Edit Text/Bespoke/Admin Pages/Header_Footer/input_Settings_Settings1'

2020-03-20 12:28:38 - [TEST_STEP][PASSED] - sendKeys(findTestObject("ADMIN/Edit Text/Bespoke/Admin Pages/Header_Footer/input_Upload_Upload1"), "*"): Keys '*' sent to object: 'Object Repository/ADMIN/Edit Text/Bespoke/Admin Pages/Header_Footer/input_Upload_Upload1'

2020-03-20 12:28:38 - [MESSAGE][PASSED] - Keys '*' sent to object: 'Object Repository/ADMIN/Edit Text/Bespoke/Admin Pages/Header_Footer/input_Upload_Upload1'

2020-03-20 12:28:38 - [TEST_STEP][PASSED] - sendKeys(findTestObject("ADMIN/Edit Text/Bespoke/Admin Pages/Header_Footer/input_Logout_Logout1"), "*"): Keys '*' sent to object: 'Object Repository/ADMIN/Edit Text/Bespoke/Admin Pages/Header_Footer/input_Logout_Logout1'

2020-03-20 12:28:38 - [MESSAGE][PASSED] - Keys '*' sent to object: 'Object Repository/ADMIN/Edit Text/Bespoke/Admin Pages/Header_Footer/input_Logout_Logout1'

2020-03-20 12:28:38 - [TEST_STEP][PASSED] - sendKeys(findTestObject("ADMIN/Edit Text/Bespoke/Admin Pages/Header_Footer/input_Orders_Orders1"), "*"): Keys '*' sent to object: 'Object Repository/ADMIN/Edit Text/Bespoke/Admin Pages/Header_Footer/input_Orders_Orders1'

2020-03-20 12:28:38 - [MESSAGE][PASSED] - Keys '*' sent to object: 'Object Repository/ADMIN/Edit Text/Bespoke/Admin Pages/Header_Footer/input_Orders_Orders1'

2020-03-20 12:28:38 - [TEST_STEP][PASSED] - sendKeys(findTestObject("ADMIN/Edit Text/Bespoke/Admin Pages/Header_Footer/input_Sales_Sales1"), "*"): Keys '*' sent to object: 'Object Repository/ADMIN/Edit Text/Bespoke/Admin Pages/Header_Footer/input_Sales_Sales1'

2020-03-20 12:28:38 - [MESSAGE][PASSED] - Keys '*' sent to object: 'Object Repository/ADMIN/Edit Text/Bespoke/Admin Pages/Header_Footer/input_Sales_Sales1'

2020-03-20 12:28:38 - [TEST_STEP][PASSED] - sendKeys(findTestObject("ADMIN/Edit Text/Bespoke/Admin Pages/Header_Footer/input_ABOUT US_ABOUT US"), "*"): Keys '*' sent to object: 'Object Repository/ADMIN/Edit Text/Bespoke/Admin Pages/Header_Footer/input_ABOUT US_ABOUT US'

2020-03-20 12:28:39 - [MESSAGE][PASSED] - Keys '*' sent to object: 'Object Repository/ADMIN/Edit Text/Bespoke/Admin Pages/Header_Footer/input_ABOUT US_ABOUT US'

2020-03-20 12:28:39 - [TEST_STEP][PASSED] - sendKeys(findTestObject("ADMIN/Edit Text/Bespoke/Admin Pages/Header_Footer/input_SERVICE TERMS_SERVICE TERMS"), "*"): Keys '*' sent to object: 'Object Repository/ADMIN/Edit Text/Bespoke/Admin Pages/Header_Footer/input_SERVICE TERMS_SERVICE TERMS'

2020-03-20 12:28:39 - [MESSAGE][PASSED] - Keys '*' sent to object: 'Object Repository/ADMIN/Edit Text/Bespoke/Admin Pages/Header_Footer/input_SERVICE TERMS_SERVICE TERMS'

2020-03-20 12:28:39 - [TEST_STEP][PASSED] - sendKeys(findTestObject("ADMIN/Edit Text/Bespoke/Admin Pages/Header_Footer/input_PRIVACY_PRIVACY"), "*"): Keys '*' sent to object: 'Object Repository/ADMIN/Edit Text/Bespoke/Admin Pages/Header_Footer/input_PRIVACY_PRIVACY'

2020-03-20 12:28:39 - [MESSAGE][PASSED] - Keys '*' sent to object: 'Object Repository/ADMIN/Edit Text/Bespoke/Admin Pages/Header_Footer/input_PRIVACY_PRIVACY'

2020-03-20 12:28:39 - [TEST_STEP][PASSED] - sendKeys(findTestObject("ADMIN/Edit Text/Bespoke/Admin Pages/Header_Footer/input_RETURNS_RETURNS"), "*"): Keys '*' sent to object: 'Object Repository/ADMIN/Edit Text/Bespoke/Admin Pages/Header_Footer/input_RETURNS_RETURNS'

2020-03-20 12:28:39 - [MESSAGE][PASSED] - Keys '*' sent to object: 'Object Repository/ADMIN/Edit Text/Bespoke/Admin Pages/Header_Footer/input_RETURNS_RETURNS'

2020-03-20 12:28:39 - [TEST_STEP][PASSED] - sendKeys(findTestObject("ADMIN/Edit Text/Bespoke/Admin Pages/Header_Footer/input_FAQ_FAQ"), "*"): Keys '*' sent to object: 'Object Repository/ADMIN/Edit Text/Bespoke/Admin Pages/Header_Footer/input_FAQ_FAQ'

2020-03-20 12:28:39 - [MESSAGE][PASSED] - Keys '*' sent to object: 'Object Repository/ADMIN/Edit Text/Bespoke/Admin Pages/Header_Footer/input_FAQ_FAQ'

2020-03-20 12:28:39 - [TEST_STEP][PASSED] - sendKeys(findTestObject("ADMIN/Edit Text/Bespoke/Admin Pages/Header_Footer/input_CONTACT_CONTACT"), "*"): Keys '*' sent to object: 'Object Repository/ADMIN/Edit Text/Bespoke/Admin Pages/Header_Footer/input_CONTACT_CONTACT'

2020-03-20 12:28:39 - [MESSAGE][PASSED] - Keys '*' sent to object: 'Object Repository/ADMIN/Edit Text/Bespoke/Admin Pages/Header_Footer/input_CONTACT_CONTACT'

2020-03-20 12:28:39 - [TEST_STEP][PASSED] - sendKeys(findTestObject("ADMIN/Edit Text/Bespoke/Admin Pages/Header_Footer/input_All rights reserved _foot_copyright"), "*"): Keys '*' sent to object: 'Object Repository/ADMIN/Edit Text/Bespoke/Admin Pages/Header_Footer/input_All rights reserved _foot_copyright'

2020-03-20 12:28:39 - [MESSAGE][PASSED] - Keys '*' sent to object: 'Object Repository/ADMIN/Edit Text/Bespoke/Admin Pages/Header_Footer/input_All rights reserved _foot_copyright'

2020-03-20 12:28:39 - [TEST_STEP][PASSED] - click(findTestObject("ADMIN/Edit Text/Bespoke/Buyer Pages/Homepage/button_save"), CONTINUE_ON_FAILURE): Object: 'Object Repository/ADMIN/Edit Text/Bespoke/Buyer Pages/Homepage/button_save' is clicked on

2020-03-20 12:28:39 - [MESSAGE][PASSED] - Object: 'Object Repository/ADMIN/Edit Text/Bespoke/Buyer Pages/Homepage/button_save' is clicked on

2020-03-20 12:28:39 - [TEST_STEP][PASSED] - waitForElementVisible(findTestObject("ADMIN/Edit Text/Bespoke/Buyer Pages/Homepage/toaster_success"), 0): Object 'Object Repository/ADMIN/Edit Text/Bespoke/Buyer Pages/Homepage/toaster_success' is visible

2020-03-20 12:28:39 - [MESSAGE][WARNING] - Timeout '0' is invalid. Using default page load timeout: '30'

2020-03-20 12:28:40 - [MESSAGE][PASSED] - Object 'Object Repository/ADMIN/Edit Text/Bespoke/Buyer Pages/Homepage/toaster_success' is visible]]></system-out>
         <system-err><![CDATA[]]></system-err>
      </testcase>
      <testcase name="Test Cases/ADMIN/Language/Edit Text/Bespoke/Admin Pages/Header_Footer" time="7.142" classname="Test Cases/ADMIN/Language/Edit Text/Bespoke/Admin Pages/Header_Footer" status="PASSED">
         <system-out><![CDATA[2020-03-20 12:28:40 - [TEST_CASE][PASSED] - Test Cases/ADMIN/Language/Edit Text/Bespoke/Admin Pages/Header_Footer: Test Cases/ADMIN/Language/Edit Text/Bespoke/Admin Pages/Header_Footer

2020-03-20 12:28:40 - [TEST_STEP][PASSED] - waitForElementVisible(findTestObject("ADMIN/Edit Text/Bespoke/Buyer Navigation/dd_language"), 0): Object 'Object Repository/ADMIN/Edit Text/Bespoke/Buyer Navigation/dd_language' is visible

2020-03-20 12:28:40 - [MESSAGE][WARNING] - Timeout '0' is invalid. Using default page load timeout: '30'

2020-03-20 12:28:40 - [MESSAGE][PASSED] - Object 'Object Repository/ADMIN/Edit Text/Bespoke/Buyer Navigation/dd_language' is visible

2020-03-20 12:28:40 - [TEST_STEP][PASSED] - selectOptionByLabel(findTestObject("ADMIN/Edit Text/Bespoke/Buyer Navigation/dd_language"), varLanguage, false): All options with label 'Chinese (Simplified)' are selected in object 'Object Repository/ADMIN/Edit Text/Bespoke/Buyer Navigation/dd_language' 

2020-03-20 12:28:42 - [MESSAGE][PASSED] - All options with label 'Chinese (Simplified)' are selected in object 'Object Repository/ADMIN/Edit Text/Bespoke/Buyer Navigation/dd_language' 

2020-03-20 12:28:42 - [TEST_STEP][PASSED] - sendKeys(findTestObject("ADMIN/Edit Text/Bespoke/Admin Pages/Header_Footer/input_Search_search"), "*"): Keys '*' sent to object: 'Object Repository/ADMIN/Edit Text/Bespoke/Admin Pages/Header_Footer/input_Search_search'

2020-03-20 12:28:42 - [MESSAGE][PASSED] - Keys '*' sent to object: 'Object Repository/ADMIN/Edit Text/Bespoke/Admin Pages/Header_Footer/input_Search_search'

2020-03-20 12:28:42 - [TEST_STEP][PASSED] - sendKeys(findTestObject("ADMIN/Edit Text/Bespoke/Admin Pages/Header_Footer/input_BE A SELLER_be_seller"), "*"): Keys '*' sent to object: 'Object Repository/ADMIN/Edit Text/Bespoke/Admin Pages/Header_Footer/input_BE A SELLER_be_seller'

2020-03-20 12:28:43 - [MESSAGE][PASSED] - Keys '*' sent to object: 'Object Repository/ADMIN/Edit Text/Bespoke/Admin Pages/Header_Footer/input_BE A SELLER_be_seller'

2020-03-20 12:28:43 - [TEST_STEP][PASSED] - sendKeys(findTestObject("ADMIN/Edit Text/Bespoke/Admin Pages/Header_Footer/input_MORE_more"), "*"): Keys '*' sent to object: 'Object Repository/ADMIN/Edit Text/Bespoke/Admin Pages/Header_Footer/input_MORE_more'

2020-03-20 12:28:43 - [MESSAGE][PASSED] - Keys '*' sent to object: 'Object Repository/ADMIN/Edit Text/Bespoke/Admin Pages/Header_Footer/input_MORE_more'

2020-03-20 12:28:43 - [TEST_STEP][PASSED] - sendKeys(findTestObject("ADMIN/Edit Text/Bespoke/Admin Pages/Header_Footer/input_VIEW CART_btn_next"), "*"): Keys '*' sent to object: 'Object Repository/ADMIN/Edit Text/Bespoke/Admin Pages/Header_Footer/input_VIEW CART_btn_next'

2020-03-20 12:28:43 - [MESSAGE][PASSED] - Keys '*' sent to object: 'Object Repository/ADMIN/Edit Text/Bespoke/Admin Pages/Header_Footer/input_VIEW CART_btn_next'

2020-03-20 12:28:43 - [TEST_STEP][PASSED] - sendKeys(findTestObject("ADMIN/Edit Text/Bespoke/Admin Pages/Header_Footer/input_REGISTER  SIGN IN_register_signin"), "*"): Keys '*' sent to object: 'Object Repository/ADMIN/Edit Text/Bespoke/Admin Pages/Header_Footer/input_REGISTER  SIGN IN_register_signin'

2020-03-20 12:28:43 - [MESSAGE][PASSED] - Keys '*' sent to object: 'Object Repository/ADMIN/Edit Text/Bespoke/Admin Pages/Header_Footer/input_REGISTER  SIGN IN_register_signin'

2020-03-20 12:28:43 - [TEST_STEP][PASSED] - sendKeys(findTestObject("ADMIN/Edit Text/Bespoke/Admin Pages/Header_Footer/input_SELLER_sell"), "*"): Keys '*' sent to object: 'Object Repository/ADMIN/Edit Text/Bespoke/Admin Pages/Header_Footer/input_SELLER_sell'

2020-03-20 12:28:43 - [MESSAGE][PASSED] - Keys '*' sent to object: 'Object Repository/ADMIN/Edit Text/Bespoke/Admin Pages/Header_Footer/input_SELLER_sell'

2020-03-20 12:28:43 - [TEST_STEP][PASSED] - sendKeys(findTestObject("ADMIN/Edit Text/Bespoke/Admin Pages/Header_Footer/input_PROFILE_profile"), "*"): Keys '*' sent to object: 'Object Repository/ADMIN/Edit Text/Bespoke/Admin Pages/Header_Footer/input_PROFILE_profile'

2020-03-20 12:28:43 - [MESSAGE][PASSED] - Keys '*' sent to object: 'Object Repository/ADMIN/Edit Text/Bespoke/Admin Pages/Header_Footer/input_PROFILE_profile'

2020-03-20 12:28:43 - [TEST_STEP][PASSED] - sendKeys(findTestObject("ADMIN/Edit Text/Bespoke/Admin Pages/Header_Footer/input_Dashboard_Dashboard"), "*"): Keys '*' sent to object: 'Object Repository/ADMIN/Edit Text/Bespoke/Admin Pages/Header_Footer/input_Dashboard_Dashboard'

2020-03-20 12:28:43 - [MESSAGE][PASSED] - Keys '*' sent to object: 'Object Repository/ADMIN/Edit Text/Bespoke/Admin Pages/Header_Footer/input_Dashboard_Dashboard'

2020-03-20 12:28:43 - [TEST_STEP][PASSED] - sendKeys(findTestObject("ADMIN/Edit Text/Bespoke/Admin Pages/Header_Footer/input_Purchases_Purchases"), "*"): Keys '*' sent to object: 'Object Repository/ADMIN/Edit Text/Bespoke/Admin Pages/Header_Footer/input_Purchases_Purchases'

2020-03-20 12:28:44 - [MESSAGE][PASSED] - Keys '*' sent to object: 'Object Repository/ADMIN/Edit Text/Bespoke/Admin Pages/Header_Footer/input_Purchases_Purchases'

2020-03-20 12:28:44 - [TEST_STEP][PASSED] - sendKeys(findTestObject("ADMIN/Edit Text/Bespoke/Admin Pages/Header_Footer/input_Your Items_Your Items"), "*"): Keys '*' sent to object: 'Object Repository/ADMIN/Edit Text/Bespoke/Admin Pages/Header_Footer/input_Your Items_Your Items'

2020-03-20 12:28:44 - [MESSAGE][PASSED] - Keys '*' sent to object: 'Object Repository/ADMIN/Edit Text/Bespoke/Admin Pages/Header_Footer/input_Your Items_Your Items'

2020-03-20 12:28:44 - [TEST_STEP][PASSED] - sendKeys(findTestObject("ADMIN/Edit Text/Bespoke/Admin Pages/Header_Footer/input_Settings_Settings"), "*"): Keys '*' sent to object: 'Object Repository/ADMIN/Edit Text/Bespoke/Admin Pages/Header_Footer/input_Settings_Settings'

2020-03-20 12:28:44 - [MESSAGE][PASSED] - Keys '*' sent to object: 'Object Repository/ADMIN/Edit Text/Bespoke/Admin Pages/Header_Footer/input_Settings_Settings'

2020-03-20 12:28:44 - [TEST_STEP][PASSED] - sendKeys(findTestObject("ADMIN/Edit Text/Bespoke/Admin Pages/Header_Footer/input_Upload_Upload"), "*"): Keys '*' sent to object: 'Object Repository/ADMIN/Edit Text/Bespoke/Admin Pages/Header_Footer/input_Upload_Upload'

2020-03-20 12:28:44 - [MESSAGE][PASSED] - Keys '*' sent to object: 'Object Repository/ADMIN/Edit Text/Bespoke/Admin Pages/Header_Footer/input_Upload_Upload'

2020-03-20 12:28:44 - [TEST_STEP][PASSED] - sendKeys(findTestObject("ADMIN/Edit Text/Bespoke/Admin Pages/Header_Footer/input_Logout_Logout"), "*"): Keys '*' sent to object: 'Object Repository/ADMIN/Edit Text/Bespoke/Admin Pages/Header_Footer/input_Logout_Logout'

2020-03-20 12:28:44 - [MESSAGE][PASSED] - Keys '*' sent to object: 'Object Repository/ADMIN/Edit Text/Bespoke/Admin Pages/Header_Footer/input_Logout_Logout'

2020-03-20 12:28:44 - [TEST_STEP][PASSED] - sendKeys(findTestObject("ADMIN/Edit Text/Bespoke/Admin Pages/Header_Footer/input_Orders_Orders"), "*"): Keys '*' sent to object: 'Object Repository/ADMIN/Edit Text/Bespoke/Admin Pages/Header_Footer/input_Orders_Orders'

2020-03-20 12:28:44 - [MESSAGE][PASSED] - Keys '*' sent to object: 'Object Repository/ADMIN/Edit Text/Bespoke/Admin Pages/Header_Footer/input_Orders_Orders'

2020-03-20 12:28:44 - [TEST_STEP][PASSED] - sendKeys(findTestObject("ADMIN/Edit Text/Bespoke/Admin Pages/Header_Footer/input_Sub-accounts_Sub-accounts"), "*"): Keys '*' sent to object: 'Object Repository/ADMIN/Edit Text/Bespoke/Admin Pages/Header_Footer/input_Sub-accounts_Sub-accounts'

2020-03-20 12:28:44 - [MESSAGE][PASSED] - Keys '*' sent to object: 'Object Repository/ADMIN/Edit Text/Bespoke/Admin Pages/Header_Footer/input_Sub-accounts_Sub-accounts'

2020-03-20 12:28:44 - [TEST_STEP][PASSED] - sendKeys(findTestObject("ADMIN/Edit Text/Bespoke/Admin Pages/Header_Footer/input_Sales_Sales"), "*"): Keys '*' sent to object: 'Object Repository/ADMIN/Edit Text/Bespoke/Admin Pages/Header_Footer/input_Sales_Sales'

2020-03-20 12:28:44 - [MESSAGE][PASSED] - Keys '*' sent to object: 'Object Repository/ADMIN/Edit Text/Bespoke/Admin Pages/Header_Footer/input_Sales_Sales'

2020-03-20 12:28:44 - [TEST_STEP][PASSED] - sendKeys(findTestObject("ADMIN/Edit Text/Bespoke/Admin Pages/Header_Footer/input_Browse_Browse"), "*"): Keys '*' sent to object: 'Object Repository/ADMIN/Edit Text/Bespoke/Admin Pages/Header_Footer/input_Browse_Browse'

2020-03-20 12:28:45 - [MESSAGE][PASSED] - Keys '*' sent to object: 'Object Repository/ADMIN/Edit Text/Bespoke/Admin Pages/Header_Footer/input_Browse_Browse'

2020-03-20 12:28:45 - [TEST_STEP][PASSED] - sendKeys(findTestObject("ADMIN/Edit Text/Bespoke/Admin Pages/Header_Footer/input_SELLER_sell1"), "*"): Keys '*' sent to object: 'Object Repository/ADMIN/Edit Text/Bespoke/Admin Pages/Header_Footer/input_SELLER_sell1'

2020-03-20 12:28:45 - [MESSAGE][PASSED] - Keys '*' sent to object: 'Object Repository/ADMIN/Edit Text/Bespoke/Admin Pages/Header_Footer/input_SELLER_sell1'

2020-03-20 12:28:45 - [TEST_STEP][PASSED] - sendKeys(findTestObject("ADMIN/Edit Text/Bespoke/Admin Pages/Header_Footer/input_PROFILE_profile1"), "*"): Keys '*' sent to object: 'Object Repository/ADMIN/Edit Text/Bespoke/Admin Pages/Header_Footer/input_PROFILE_profile1'

2020-03-20 12:28:45 - [MESSAGE][PASSED] - Keys '*' sent to object: 'Object Repository/ADMIN/Edit Text/Bespoke/Admin Pages/Header_Footer/input_PROFILE_profile1'

2020-03-20 12:28:45 - [TEST_STEP][PASSED] - sendKeys(findTestObject("ADMIN/Edit Text/Bespoke/Admin Pages/Header_Footer/input_Dashboard_Dashboard1"), "*"): Keys '*' sent to object: 'Object Repository/ADMIN/Edit Text/Bespoke/Admin Pages/Header_Footer/input_Dashboard_Dashboard1'

2020-03-20 12:28:45 - [MESSAGE][PASSED] - Keys '*' sent to object: 'Object Repository/ADMIN/Edit Text/Bespoke/Admin Pages/Header_Footer/input_Dashboard_Dashboard1'

2020-03-20 12:28:45 - [TEST_STEP][PASSED] - sendKeys(findTestObject("ADMIN/Edit Text/Bespoke/Admin Pages/Header_Footer/input_Purchases_Purchases1"), "*"): Keys '*' sent to object: 'Object Repository/ADMIN/Edit Text/Bespoke/Admin Pages/Header_Footer/input_Purchases_Purchases1'

2020-03-20 12:28:45 - [MESSAGE][PASSED] - Keys '*' sent to object: 'Object Repository/ADMIN/Edit Text/Bespoke/Admin Pages/Header_Footer/input_Purchases_Purchases1'

2020-03-20 12:28:45 - [TEST_STEP][PASSED] - sendKeys(findTestObject("ADMIN/Edit Text/Bespoke/Admin Pages/Header_Footer/input_Your Items_Your Items1"), "*"): Keys '*' sent to object: 'Object Repository/ADMIN/Edit Text/Bespoke/Admin Pages/Header_Footer/input_Your Items_Your Items1'

2020-03-20 12:28:45 - [MESSAGE][PASSED] - Keys '*' sent to object: 'Object Repository/ADMIN/Edit Text/Bespoke/Admin Pages/Header_Footer/input_Your Items_Your Items1'

2020-03-20 12:28:45 - [TEST_STEP][PASSED] - sendKeys(findTestObject("ADMIN/Edit Text/Bespoke/Admin Pages/Header_Footer/input_Settings_Settings1"), "*"): Keys '*' sent to object: 'Object Repository/ADMIN/Edit Text/Bespoke/Admin Pages/Header_Footer/input_Settings_Settings1'

2020-03-20 12:28:45 - [MESSAGE][PASSED] - Keys '*' sent to object: 'Object Repository/ADMIN/Edit Text/Bespoke/Admin Pages/Header_Footer/input_Settings_Settings1'

2020-03-20 12:28:45 - [TEST_STEP][PASSED] - sendKeys(findTestObject("ADMIN/Edit Text/Bespoke/Admin Pages/Header_Footer/input_Upload_Upload1"), "*"): Keys '*' sent to object: 'Object Repository/ADMIN/Edit Text/Bespoke/Admin Pages/Header_Footer/input_Upload_Upload1'

2020-03-20 12:28:45 - [MESSAGE][PASSED] - Keys '*' sent to object: 'Object Repository/ADMIN/Edit Text/Bespoke/Admin Pages/Header_Footer/input_Upload_Upload1'

2020-03-20 12:28:45 - [TEST_STEP][PASSED] - sendKeys(findTestObject("ADMIN/Edit Text/Bespoke/Admin Pages/Header_Footer/input_Logout_Logout1"), "*"): Keys '*' sent to object: 'Object Repository/ADMIN/Edit Text/Bespoke/Admin Pages/Header_Footer/input_Logout_Logout1'

2020-03-20 12:28:45 - [MESSAGE][PASSED] - Keys '*' sent to object: 'Object Repository/ADMIN/Edit Text/Bespoke/Admin Pages/Header_Footer/input_Logout_Logout1'

2020-03-20 12:28:45 - [TEST_STEP][PASSED] - sendKeys(findTestObject("ADMIN/Edit Text/Bespoke/Admin Pages/Header_Footer/input_Orders_Orders1"), "*"): Keys '*' sent to object: 'Object Repository/ADMIN/Edit Text/Bespoke/Admin Pages/Header_Footer/input_Orders_Orders1'

2020-03-20 12:28:46 - [MESSAGE][PASSED] - Keys '*' sent to object: 'Object Repository/ADMIN/Edit Text/Bespoke/Admin Pages/Header_Footer/input_Orders_Orders1'

2020-03-20 12:28:46 - [TEST_STEP][PASSED] - sendKeys(findTestObject("ADMIN/Edit Text/Bespoke/Admin Pages/Header_Footer/input_Sales_Sales1"), "*"): Keys '*' sent to object: 'Object Repository/ADMIN/Edit Text/Bespoke/Admin Pages/Header_Footer/input_Sales_Sales1'

2020-03-20 12:28:46 - [MESSAGE][PASSED] - Keys '*' sent to object: 'Object Repository/ADMIN/Edit Text/Bespoke/Admin Pages/Header_Footer/input_Sales_Sales1'

2020-03-20 12:28:46 - [TEST_STEP][PASSED] - sendKeys(findTestObject("ADMIN/Edit Text/Bespoke/Admin Pages/Header_Footer/input_ABOUT US_ABOUT US"), "*"): Keys '*' sent to object: 'Object Repository/ADMIN/Edit Text/Bespoke/Admin Pages/Header_Footer/input_ABOUT US_ABOUT US'

2020-03-20 12:28:46 - [MESSAGE][PASSED] - Keys '*' sent to object: 'Object Repository/ADMIN/Edit Text/Bespoke/Admin Pages/Header_Footer/input_ABOUT US_ABOUT US'

2020-03-20 12:28:46 - [TEST_STEP][PASSED] - sendKeys(findTestObject("ADMIN/Edit Text/Bespoke/Admin Pages/Header_Footer/input_SERVICE TERMS_SERVICE TERMS"), "*"): Keys '*' sent to object: 'Object Repository/ADMIN/Edit Text/Bespoke/Admin Pages/Header_Footer/input_SERVICE TERMS_SERVICE TERMS'

2020-03-20 12:28:46 - [MESSAGE][PASSED] - Keys '*' sent to object: 'Object Repository/ADMIN/Edit Text/Bespoke/Admin Pages/Header_Footer/input_SERVICE TERMS_SERVICE TERMS'

2020-03-20 12:28:46 - [TEST_STEP][PASSED] - sendKeys(findTestObject("ADMIN/Edit Text/Bespoke/Admin Pages/Header_Footer/input_PRIVACY_PRIVACY"), "*"): Keys '*' sent to object: 'Object Repository/ADMIN/Edit Text/Bespoke/Admin Pages/Header_Footer/input_PRIVACY_PRIVACY'

2020-03-20 12:28:46 - [MESSAGE][PASSED] - Keys '*' sent to object: 'Object Repository/ADMIN/Edit Text/Bespoke/Admin Pages/Header_Footer/input_PRIVACY_PRIVACY'

2020-03-20 12:28:46 - [TEST_STEP][PASSED] - sendKeys(findTestObject("ADMIN/Edit Text/Bespoke/Admin Pages/Header_Footer/input_RETURNS_RETURNS"), "*"): Keys '*' sent to object: 'Object Repository/ADMIN/Edit Text/Bespoke/Admin Pages/Header_Footer/input_RETURNS_RETURNS'

2020-03-20 12:28:46 - [MESSAGE][PASSED] - Keys '*' sent to object: 'Object Repository/ADMIN/Edit Text/Bespoke/Admin Pages/Header_Footer/input_RETURNS_RETURNS'

2020-03-20 12:28:46 - [TEST_STEP][PASSED] - sendKeys(findTestObject("ADMIN/Edit Text/Bespoke/Admin Pages/Header_Footer/input_FAQ_FAQ"), "*"): Keys '*' sent to object: 'Object Repository/ADMIN/Edit Text/Bespoke/Admin Pages/Header_Footer/input_FAQ_FAQ'

2020-03-20 12:28:46 - [MESSAGE][PASSED] - Keys '*' sent to object: 'Object Repository/ADMIN/Edit Text/Bespoke/Admin Pages/Header_Footer/input_FAQ_FAQ'

2020-03-20 12:28:46 - [TEST_STEP][PASSED] - sendKeys(findTestObject("ADMIN/Edit Text/Bespoke/Admin Pages/Header_Footer/input_CONTACT_CONTACT"), "*"): Keys '*' sent to object: 'Object Repository/ADMIN/Edit Text/Bespoke/Admin Pages/Header_Footer/input_CONTACT_CONTACT'

2020-03-20 12:28:46 - [MESSAGE][PASSED] - Keys '*' sent to object: 'Object Repository/ADMIN/Edit Text/Bespoke/Admin Pages/Header_Footer/input_CONTACT_CONTACT'

2020-03-20 12:28:46 - [TEST_STEP][PASSED] - sendKeys(findTestObject("ADMIN/Edit Text/Bespoke/Admin Pages/Header_Footer/input_All rights reserved _foot_copyright"), "*"): Keys '*' sent to object: 'Object Repository/ADMIN/Edit Text/Bespoke/Admin Pages/Header_Footer/input_All rights reserved _foot_copyright'

2020-03-20 12:28:47 - [MESSAGE][PASSED] - Keys '*' sent to object: 'Object Repository/ADMIN/Edit Text/Bespoke/Admin Pages/Header_Footer/input_All rights reserved _foot_copyright'

2020-03-20 12:28:47 - [TEST_STEP][PASSED] - click(findTestObject("ADMIN/Edit Text/Bespoke/Buyer Pages/Homepage/button_save"), CONTINUE_ON_FAILURE): Object: 'Object Repository/ADMIN/Edit Text/Bespoke/Buyer Pages/Homepage/button_save' is clicked on

2020-03-20 12:28:47 - [MESSAGE][PASSED] - Object: 'Object Repository/ADMIN/Edit Text/Bespoke/Buyer Pages/Homepage/button_save' is clicked on

2020-03-20 12:28:47 - [TEST_STEP][PASSED] - waitForElementVisible(findTestObject("ADMIN/Edit Text/Bespoke/Buyer Pages/Homepage/toaster_success"), 0): Object 'Object Repository/ADMIN/Edit Text/Bespoke/Buyer Pages/Homepage/toaster_success' is visible

2020-03-20 12:28:47 - [MESSAGE][WARNING] - Timeout '0' is invalid. Using default page load timeout: '30'

2020-03-20 12:28:47 - [MESSAGE][PASSED] - Object 'Object Repository/ADMIN/Edit Text/Bespoke/Buyer Pages/Homepage/toaster_success' is visible]]></system-out>
         <system-err><![CDATA[]]></system-err>
      </testcase>
      <testcase name="Test Cases/ADMIN/Language/Edit Text/Bespoke/Admin Pages/Header_Footer" time="7.519" classname="Test Cases/ADMIN/Language/Edit Text/Bespoke/Admin Pages/Header_Footer" status="PASSED">
         <system-out><![CDATA[2020-03-20 12:28:47 - [TEST_CASE][PASSED] - Test Cases/ADMIN/Language/Edit Text/Bespoke/Admin Pages/Header_Footer: Test Cases/ADMIN/Language/Edit Text/Bespoke/Admin Pages/Header_Footer

2020-03-20 12:28:47 - [TEST_STEP][PASSED] - waitForElementVisible(findTestObject("ADMIN/Edit Text/Bespoke/Buyer Navigation/dd_language"), 0): Object 'Object Repository/ADMIN/Edit Text/Bespoke/Buyer Navigation/dd_language' is visible

2020-03-20 12:28:47 - [MESSAGE][WARNING] - Timeout '0' is invalid. Using default page load timeout: '30'

2020-03-20 12:28:47 - [MESSAGE][PASSED] - Object 'Object Repository/ADMIN/Edit Text/Bespoke/Buyer Navigation/dd_language' is visible

2020-03-20 12:28:47 - [TEST_STEP][PASSED] - selectOptionByLabel(findTestObject("ADMIN/Edit Text/Bespoke/Buyer Navigation/dd_language"), varLanguage, false): All options with label 'Hebrew' are selected in object 'Object Repository/ADMIN/Edit Text/Bespoke/Buyer Navigation/dd_language' 

2020-03-20 12:28:49 - [MESSAGE][PASSED] - All options with label 'Hebrew' are selected in object 'Object Repository/ADMIN/Edit Text/Bespoke/Buyer Navigation/dd_language' 

2020-03-20 12:28:49 - [TEST_STEP][PASSED] - sendKeys(findTestObject("ADMIN/Edit Text/Bespoke/Admin Pages/Header_Footer/input_Search_search"), "*"): Keys '*' sent to object: 'Object Repository/ADMIN/Edit Text/Bespoke/Admin Pages/Header_Footer/input_Search_search'

2020-03-20 12:28:50 - [MESSAGE][PASSED] - Keys '*' sent to object: 'Object Repository/ADMIN/Edit Text/Bespoke/Admin Pages/Header_Footer/input_Search_search'

2020-03-20 12:28:50 - [TEST_STEP][PASSED] - sendKeys(findTestObject("ADMIN/Edit Text/Bespoke/Admin Pages/Header_Footer/input_BE A SELLER_be_seller"), "*"): Keys '*' sent to object: 'Object Repository/ADMIN/Edit Text/Bespoke/Admin Pages/Header_Footer/input_BE A SELLER_be_seller'

2020-03-20 12:28:50 - [MESSAGE][PASSED] - Keys '*' sent to object: 'Object Repository/ADMIN/Edit Text/Bespoke/Admin Pages/Header_Footer/input_BE A SELLER_be_seller'

2020-03-20 12:28:50 - [TEST_STEP][PASSED] - sendKeys(findTestObject("ADMIN/Edit Text/Bespoke/Admin Pages/Header_Footer/input_MORE_more"), "*"): Keys '*' sent to object: 'Object Repository/ADMIN/Edit Text/Bespoke/Admin Pages/Header_Footer/input_MORE_more'

2020-03-20 12:28:50 - [MESSAGE][PASSED] - Keys '*' sent to object: 'Object Repository/ADMIN/Edit Text/Bespoke/Admin Pages/Header_Footer/input_MORE_more'

2020-03-20 12:28:50 - [TEST_STEP][PASSED] - sendKeys(findTestObject("ADMIN/Edit Text/Bespoke/Admin Pages/Header_Footer/input_VIEW CART_btn_next"), "*"): Keys '*' sent to object: 'Object Repository/ADMIN/Edit Text/Bespoke/Admin Pages/Header_Footer/input_VIEW CART_btn_next'

2020-03-20 12:28:50 - [MESSAGE][PASSED] - Keys '*' sent to object: 'Object Repository/ADMIN/Edit Text/Bespoke/Admin Pages/Header_Footer/input_VIEW CART_btn_next'

2020-03-20 12:28:50 - [TEST_STEP][PASSED] - sendKeys(findTestObject("ADMIN/Edit Text/Bespoke/Admin Pages/Header_Footer/input_REGISTER  SIGN IN_register_signin"), "*"): Keys '*' sent to object: 'Object Repository/ADMIN/Edit Text/Bespoke/Admin Pages/Header_Footer/input_REGISTER  SIGN IN_register_signin'

2020-03-20 12:28:50 - [MESSAGE][PASSED] - Keys '*' sent to object: 'Object Repository/ADMIN/Edit Text/Bespoke/Admin Pages/Header_Footer/input_REGISTER  SIGN IN_register_signin'

2020-03-20 12:28:50 - [TEST_STEP][PASSED] - sendKeys(findTestObject("ADMIN/Edit Text/Bespoke/Admin Pages/Header_Footer/input_SELLER_sell"), "*"): Keys '*' sent to object: 'Object Repository/ADMIN/Edit Text/Bespoke/Admin Pages/Header_Footer/input_SELLER_sell'

2020-03-20 12:28:50 - [MESSAGE][PASSED] - Keys '*' sent to object: 'Object Repository/ADMIN/Edit Text/Bespoke/Admin Pages/Header_Footer/input_SELLER_sell'

2020-03-20 12:28:50 - [TEST_STEP][PASSED] - sendKeys(findTestObject("ADMIN/Edit Text/Bespoke/Admin Pages/Header_Footer/input_PROFILE_profile"), "*"): Keys '*' sent to object: 'Object Repository/ADMIN/Edit Text/Bespoke/Admin Pages/Header_Footer/input_PROFILE_profile'

2020-03-20 12:28:50 - [MESSAGE][PASSED] - Keys '*' sent to object: 'Object Repository/ADMIN/Edit Text/Bespoke/Admin Pages/Header_Footer/input_PROFILE_profile'

2020-03-20 12:28:50 - [TEST_STEP][PASSED] - sendKeys(findTestObject("ADMIN/Edit Text/Bespoke/Admin Pages/Header_Footer/input_Dashboard_Dashboard"), "*"): Keys '*' sent to object: 'Object Repository/ADMIN/Edit Text/Bespoke/Admin Pages/Header_Footer/input_Dashboard_Dashboard'

2020-03-20 12:28:51 - [MESSAGE][PASSED] - Keys '*' sent to object: 'Object Repository/ADMIN/Edit Text/Bespoke/Admin Pages/Header_Footer/input_Dashboard_Dashboard'

2020-03-20 12:28:51 - [TEST_STEP][PASSED] - sendKeys(findTestObject("ADMIN/Edit Text/Bespoke/Admin Pages/Header_Footer/input_Purchases_Purchases"), "*"): Keys '*' sent to object: 'Object Repository/ADMIN/Edit Text/Bespoke/Admin Pages/Header_Footer/input_Purchases_Purchases'

2020-03-20 12:28:51 - [MESSAGE][PASSED] - Keys '*' sent to object: 'Object Repository/ADMIN/Edit Text/Bespoke/Admin Pages/Header_Footer/input_Purchases_Purchases'

2020-03-20 12:28:51 - [TEST_STEP][PASSED] - sendKeys(findTestObject("ADMIN/Edit Text/Bespoke/Admin Pages/Header_Footer/input_Your Items_Your Items"), "*"): Keys '*' sent to object: 'Object Repository/ADMIN/Edit Text/Bespoke/Admin Pages/Header_Footer/input_Your Items_Your Items'

2020-03-20 12:28:51 - [MESSAGE][PASSED] - Keys '*' sent to object: 'Object Repository/ADMIN/Edit Text/Bespoke/Admin Pages/Header_Footer/input_Your Items_Your Items'

2020-03-20 12:28:51 - [TEST_STEP][PASSED] - sendKeys(findTestObject("ADMIN/Edit Text/Bespoke/Admin Pages/Header_Footer/input_Settings_Settings"), "*"): Keys '*' sent to object: 'Object Repository/ADMIN/Edit Text/Bespoke/Admin Pages/Header_Footer/input_Settings_Settings'

2020-03-20 12:28:51 - [MESSAGE][PASSED] - Keys '*' sent to object: 'Object Repository/ADMIN/Edit Text/Bespoke/Admin Pages/Header_Footer/input_Settings_Settings'

2020-03-20 12:28:51 - [TEST_STEP][PASSED] - sendKeys(findTestObject("ADMIN/Edit Text/Bespoke/Admin Pages/Header_Footer/input_Upload_Upload"), "*"): Keys '*' sent to object: 'Object Repository/ADMIN/Edit Text/Bespoke/Admin Pages/Header_Footer/input_Upload_Upload'

2020-03-20 12:28:51 - [MESSAGE][PASSED] - Keys '*' sent to object: 'Object Repository/ADMIN/Edit Text/Bespoke/Admin Pages/Header_Footer/input_Upload_Upload'

2020-03-20 12:28:51 - [TEST_STEP][PASSED] - sendKeys(findTestObject("ADMIN/Edit Text/Bespoke/Admin Pages/Header_Footer/input_Logout_Logout"), "*"): Keys '*' sent to object: 'Object Repository/ADMIN/Edit Text/Bespoke/Admin Pages/Header_Footer/input_Logout_Logout'

2020-03-20 12:28:51 - [MESSAGE][PASSED] - Keys '*' sent to object: 'Object Repository/ADMIN/Edit Text/Bespoke/Admin Pages/Header_Footer/input_Logout_Logout'

2020-03-20 12:28:51 - [TEST_STEP][PASSED] - sendKeys(findTestObject("ADMIN/Edit Text/Bespoke/Admin Pages/Header_Footer/input_Orders_Orders"), "*"): Keys '*' sent to object: 'Object Repository/ADMIN/Edit Text/Bespoke/Admin Pages/Header_Footer/input_Orders_Orders'

2020-03-20 12:28:51 - [MESSAGE][PASSED] - Keys '*' sent to object: 'Object Repository/ADMIN/Edit Text/Bespoke/Admin Pages/Header_Footer/input_Orders_Orders'

2020-03-20 12:28:51 - [TEST_STEP][PASSED] - sendKeys(findTestObject("ADMIN/Edit Text/Bespoke/Admin Pages/Header_Footer/input_Sub-accounts_Sub-accounts"), "*"): Keys '*' sent to object: 'Object Repository/ADMIN/Edit Text/Bespoke/Admin Pages/Header_Footer/input_Sub-accounts_Sub-accounts'

2020-03-20 12:28:51 - [MESSAGE][PASSED] - Keys '*' sent to object: 'Object Repository/ADMIN/Edit Text/Bespoke/Admin Pages/Header_Footer/input_Sub-accounts_Sub-accounts'

2020-03-20 12:28:51 - [TEST_STEP][PASSED] - sendKeys(findTestObject("ADMIN/Edit Text/Bespoke/Admin Pages/Header_Footer/input_Sales_Sales"), "*"): Keys '*' sent to object: 'Object Repository/ADMIN/Edit Text/Bespoke/Admin Pages/Header_Footer/input_Sales_Sales'

2020-03-20 12:28:52 - [MESSAGE][PASSED] - Keys '*' sent to object: 'Object Repository/ADMIN/Edit Text/Bespoke/Admin Pages/Header_Footer/input_Sales_Sales'

2020-03-20 12:28:52 - [TEST_STEP][PASSED] - sendKeys(findTestObject("ADMIN/Edit Text/Bespoke/Admin Pages/Header_Footer/input_Browse_Browse"), "*"): Keys '*' sent to object: 'Object Repository/ADMIN/Edit Text/Bespoke/Admin Pages/Header_Footer/input_Browse_Browse'

2020-03-20 12:28:52 - [MESSAGE][PASSED] - Keys '*' sent to object: 'Object Repository/ADMIN/Edit Text/Bespoke/Admin Pages/Header_Footer/input_Browse_Browse'

2020-03-20 12:28:52 - [TEST_STEP][PASSED] - sendKeys(findTestObject("ADMIN/Edit Text/Bespoke/Admin Pages/Header_Footer/input_SELLER_sell1"), "*"): Keys '*' sent to object: 'Object Repository/ADMIN/Edit Text/Bespoke/Admin Pages/Header_Footer/input_SELLER_sell1'

2020-03-20 12:28:52 - [MESSAGE][PASSED] - Keys '*' sent to object: 'Object Repository/ADMIN/Edit Text/Bespoke/Admin Pages/Header_Footer/input_SELLER_sell1'

2020-03-20 12:28:52 - [TEST_STEP][PASSED] - sendKeys(findTestObject("ADMIN/Edit Text/Bespoke/Admin Pages/Header_Footer/input_PROFILE_profile1"), "*"): Keys '*' sent to object: 'Object Repository/ADMIN/Edit Text/Bespoke/Admin Pages/Header_Footer/input_PROFILE_profile1'

2020-03-20 12:28:52 - [MESSAGE][PASSED] - Keys '*' sent to object: 'Object Repository/ADMIN/Edit Text/Bespoke/Admin Pages/Header_Footer/input_PROFILE_profile1'

2020-03-20 12:28:52 - [TEST_STEP][PASSED] - sendKeys(findTestObject("ADMIN/Edit Text/Bespoke/Admin Pages/Header_Footer/input_Dashboard_Dashboard1"), "*"): Keys '*' sent to object: 'Object Repository/ADMIN/Edit Text/Bespoke/Admin Pages/Header_Footer/input_Dashboard_Dashboard1'

2020-03-20 12:28:52 - [MESSAGE][PASSED] - Keys '*' sent to object: 'Object Repository/ADMIN/Edit Text/Bespoke/Admin Pages/Header_Footer/input_Dashboard_Dashboard1'

2020-03-20 12:28:52 - [TEST_STEP][PASSED] - sendKeys(findTestObject("ADMIN/Edit Text/Bespoke/Admin Pages/Header_Footer/input_Purchases_Purchases1"), "*"): Keys '*' sent to object: 'Object Repository/ADMIN/Edit Text/Bespoke/Admin Pages/Header_Footer/input_Purchases_Purchases1'

2020-03-20 12:28:52 - [MESSAGE][PASSED] - Keys '*' sent to object: 'Object Repository/ADMIN/Edit Text/Bespoke/Admin Pages/Header_Footer/input_Purchases_Purchases1'

2020-03-20 12:28:52 - [TEST_STEP][PASSED] - sendKeys(findTestObject("ADMIN/Edit Text/Bespoke/Admin Pages/Header_Footer/input_Your Items_Your Items1"), "*"): Keys '*' sent to object: 'Object Repository/ADMIN/Edit Text/Bespoke/Admin Pages/Header_Footer/input_Your Items_Your Items1'

2020-03-20 12:28:53 - [MESSAGE][PASSED] - Keys '*' sent to object: 'Object Repository/ADMIN/Edit Text/Bespoke/Admin Pages/Header_Footer/input_Your Items_Your Items1'

2020-03-20 12:28:53 - [TEST_STEP][PASSED] - sendKeys(findTestObject("ADMIN/Edit Text/Bespoke/Admin Pages/Header_Footer/input_Settings_Settings1"), "*"): Keys '*' sent to object: 'Object Repository/ADMIN/Edit Text/Bespoke/Admin Pages/Header_Footer/input_Settings_Settings1'

2020-03-20 12:28:53 - [MESSAGE][PASSED] - Keys '*' sent to object: 'Object Repository/ADMIN/Edit Text/Bespoke/Admin Pages/Header_Footer/input_Settings_Settings1'

2020-03-20 12:28:53 - [TEST_STEP][PASSED] - sendKeys(findTestObject("ADMIN/Edit Text/Bespoke/Admin Pages/Header_Footer/input_Upload_Upload1"), "*"): Keys '*' sent to object: 'Object Repository/ADMIN/Edit Text/Bespoke/Admin Pages/Header_Footer/input_Upload_Upload1'

2020-03-20 12:28:53 - [MESSAGE][PASSED] - Keys '*' sent to object: 'Object Repository/ADMIN/Edit Text/Bespoke/Admin Pages/Header_Footer/input_Upload_Upload1'

2020-03-20 12:28:53 - [TEST_STEP][PASSED] - sendKeys(findTestObject("ADMIN/Edit Text/Bespoke/Admin Pages/Header_Footer/input_Logout_Logout1"), "*"): Keys '*' sent to object: 'Object Repository/ADMIN/Edit Text/Bespoke/Admin Pages/Header_Footer/input_Logout_Logout1'

2020-03-20 12:28:53 - [MESSAGE][PASSED] - Keys '*' sent to object: 'Object Repository/ADMIN/Edit Text/Bespoke/Admin Pages/Header_Footer/input_Logout_Logout1'

2020-03-20 12:28:53 - [TEST_STEP][PASSED] - sendKeys(findTestObject("ADMIN/Edit Text/Bespoke/Admin Pages/Header_Footer/input_Orders_Orders1"), "*"): Keys '*' sent to object: 'Object Repository/ADMIN/Edit Text/Bespoke/Admin Pages/Header_Footer/input_Orders_Orders1'

2020-03-20 12:28:53 - [MESSAGE][PASSED] - Keys '*' sent to object: 'Object Repository/ADMIN/Edit Text/Bespoke/Admin Pages/Header_Footer/input_Orders_Orders1'

2020-03-20 12:28:53 - [TEST_STEP][PASSED] - sendKeys(findTestObject("ADMIN/Edit Text/Bespoke/Admin Pages/Header_Footer/input_Sales_Sales1"), "*"): Keys '*' sent to object: 'Object Repository/ADMIN/Edit Text/Bespoke/Admin Pages/Header_Footer/input_Sales_Sales1'

2020-03-20 12:28:53 - [MESSAGE][PASSED] - Keys '*' sent to object: 'Object Repository/ADMIN/Edit Text/Bespoke/Admin Pages/Header_Footer/input_Sales_Sales1'

2020-03-20 12:28:53 - [TEST_STEP][PASSED] - sendKeys(findTestObject("ADMIN/Edit Text/Bespoke/Admin Pages/Header_Footer/input_ABOUT US_ABOUT US"), "*"): Keys '*' sent to object: 'Object Repository/ADMIN/Edit Text/Bespoke/Admin Pages/Header_Footer/input_ABOUT US_ABOUT US'

2020-03-20 12:28:53 - [MESSAGE][PASSED] - Keys '*' sent to object: 'Object Repository/ADMIN/Edit Text/Bespoke/Admin Pages/Header_Footer/input_ABOUT US_ABOUT US'

2020-03-20 12:28:53 - [TEST_STEP][PASSED] - sendKeys(findTestObject("ADMIN/Edit Text/Bespoke/Admin Pages/Header_Footer/input_SERVICE TERMS_SERVICE TERMS"), "*"): Keys '*' sent to object: 'Object Repository/ADMIN/Edit Text/Bespoke/Admin Pages/Header_Footer/input_SERVICE TERMS_SERVICE TERMS'

2020-03-20 12:28:53 - [MESSAGE][PASSED] - Keys '*' sent to object: 'Object Repository/ADMIN/Edit Text/Bespoke/Admin Pages/Header_Footer/input_SERVICE TERMS_SERVICE TERMS'

2020-03-20 12:28:53 - [TEST_STEP][PASSED] - sendKeys(findTestObject("ADMIN/Edit Text/Bespoke/Admin Pages/Header_Footer/input_PRIVACY_PRIVACY"), "*"): Keys '*' sent to object: 'Object Repository/ADMIN/Edit Text/Bespoke/Admin Pages/Header_Footer/input_PRIVACY_PRIVACY'

2020-03-20 12:28:54 - [MESSAGE][PASSED] - Keys '*' sent to object: 'Object Repository/ADMIN/Edit Text/Bespoke/Admin Pages/Header_Footer/input_PRIVACY_PRIVACY'

2020-03-20 12:28:54 - [TEST_STEP][PASSED] - sendKeys(findTestObject("ADMIN/Edit Text/Bespoke/Admin Pages/Header_Footer/input_RETURNS_RETURNS"), "*"): Keys '*' sent to object: 'Object Repository/ADMIN/Edit Text/Bespoke/Admin Pages/Header_Footer/input_RETURNS_RETURNS'

2020-03-20 12:28:54 - [MESSAGE][PASSED] - Keys '*' sent to object: 'Object Repository/ADMIN/Edit Text/Bespoke/Admin Pages/Header_Footer/input_RETURNS_RETURNS'

2020-03-20 12:28:54 - [TEST_STEP][PASSED] - sendKeys(findTestObject("ADMIN/Edit Text/Bespoke/Admin Pages/Header_Footer/input_FAQ_FAQ"), "*"): Keys '*' sent to object: 'Object Repository/ADMIN/Edit Text/Bespoke/Admin Pages/Header_Footer/input_FAQ_FAQ'

2020-03-20 12:28:54 - [MESSAGE][PASSED] - Keys '*' sent to object: 'Object Repository/ADMIN/Edit Text/Bespoke/Admin Pages/Header_Footer/input_FAQ_FAQ'

2020-03-20 12:28:54 - [TEST_STEP][PASSED] - sendKeys(findTestObject("ADMIN/Edit Text/Bespoke/Admin Pages/Header_Footer/input_CONTACT_CONTACT"), "*"): Keys '*' sent to object: 'Object Repository/ADMIN/Edit Text/Bespoke/Admin Pages/Header_Footer/input_CONTACT_CONTACT'

2020-03-20 12:28:54 - [MESSAGE][PASSED] - Keys '*' sent to object: 'Object Repository/ADMIN/Edit Text/Bespoke/Admin Pages/Header_Footer/input_CONTACT_CONTACT'

2020-03-20 12:28:54 - [TEST_STEP][PASSED] - sendKeys(findTestObject("ADMIN/Edit Text/Bespoke/Admin Pages/Header_Footer/input_All rights reserved _foot_copyright"), "*"): Keys '*' sent to object: 'Object Repository/ADMIN/Edit Text/Bespoke/Admin Pages/Header_Footer/input_All rights reserved _foot_copyright'

2020-03-20 12:28:54 - [MESSAGE][PASSED] - Keys '*' sent to object: 'Object Repository/ADMIN/Edit Text/Bespoke/Admin Pages/Header_Footer/input_All rights reserved _foot_copyright'

2020-03-20 12:28:54 - [TEST_STEP][PASSED] - click(findTestObject("ADMIN/Edit Text/Bespoke/Buyer Pages/Homepage/button_save"), CONTINUE_ON_FAILURE): Object: 'Object Repository/ADMIN/Edit Text/Bespoke/Buyer Pages/Homepage/button_save' is clicked on

2020-03-20 12:28:54 - [MESSAGE][PASSED] - Object: 'Object Repository/ADMIN/Edit Text/Bespoke/Buyer Pages/Homepage/button_save' is clicked on

2020-03-20 12:28:54 - [TEST_STEP][PASSED] - waitForElementVisible(findTestObject("ADMIN/Edit Text/Bespoke/Buyer Pages/Homepage/toaster_success"), 0): Object 'Object Repository/ADMIN/Edit Text/Bespoke/Buyer Pages/Homepage/toaster_success' is visible

2020-03-20 12:28:54 - [MESSAGE][WARNING] - Timeout '0' is invalid. Using default page load timeout: '30'

2020-03-20 12:28:55 - [MESSAGE][PASSED] - Object 'Object Repository/ADMIN/Edit Text/Bespoke/Buyer Pages/Homepage/toaster_success' is visible]]></system-out>
         <system-err><![CDATA[]]></system-err>
      </testcase>
      <testcase name="Test Cases/ADMIN/Language/Edit Text/Bespoke/Admin Pages/Header_Footer" time="7.551" classname="Test Cases/ADMIN/Language/Edit Text/Bespoke/Admin Pages/Header_Footer" status="PASSED">
         <system-out><![CDATA[2020-03-20 12:28:55 - [TEST_CASE][PASSED] - Test Cases/ADMIN/Language/Edit Text/Bespoke/Admin Pages/Header_Footer: Test Cases/ADMIN/Language/Edit Text/Bespoke/Admin Pages/Header_Footer

2020-03-20 12:28:55 - [TEST_STEP][PASSED] - waitForElementVisible(findTestObject("ADMIN/Edit Text/Bespoke/Buyer Navigation/dd_language"), 0): Object 'Object Repository/ADMIN/Edit Text/Bespoke/Buyer Navigation/dd_language' is visible

2020-03-20 12:28:55 - [MESSAGE][WARNING] - Timeout '0' is invalid. Using default page load timeout: '30'

2020-03-20 12:28:55 - [MESSAGE][PASSED] - Object 'Object Repository/ADMIN/Edit Text/Bespoke/Buyer Navigation/dd_language' is visible

2020-03-20 12:28:55 - [TEST_STEP][PASSED] - selectOptionByLabel(findTestObject("ADMIN/Edit Text/Bespoke/Buyer Navigation/dd_language"), varLanguage, false): All options with label 'English' are selected in object 'Object Repository/ADMIN/Edit Text/Bespoke/Buyer Navigation/dd_language' 

2020-03-20 12:28:56 - [MESSAGE][PASSED] - All options with label 'English' are selected in object 'Object Repository/ADMIN/Edit Text/Bespoke/Buyer Navigation/dd_language' 

2020-03-20 12:28:56 - [TEST_STEP][PASSED] - sendKeys(findTestObject("ADMIN/Edit Text/Bespoke/Admin Pages/Header_Footer/input_Search_search"), "*"): Keys '*' sent to object: 'Object Repository/ADMIN/Edit Text/Bespoke/Admin Pages/Header_Footer/input_Search_search'

2020-03-20 12:28:57 - [MESSAGE][PASSED] - Keys '*' sent to object: 'Object Repository/ADMIN/Edit Text/Bespoke/Admin Pages/Header_Footer/input_Search_search'

2020-03-20 12:28:57 - [TEST_STEP][PASSED] - sendKeys(findTestObject("ADMIN/Edit Text/Bespoke/Admin Pages/Header_Footer/input_BE A SELLER_be_seller"), "*"): Keys '*' sent to object: 'Object Repository/ADMIN/Edit Text/Bespoke/Admin Pages/Header_Footer/input_BE A SELLER_be_seller'

2020-03-20 12:28:57 - [MESSAGE][PASSED] - Keys '*' sent to object: 'Object Repository/ADMIN/Edit Text/Bespoke/Admin Pages/Header_Footer/input_BE A SELLER_be_seller'

2020-03-20 12:28:57 - [TEST_STEP][PASSED] - sendKeys(findTestObject("ADMIN/Edit Text/Bespoke/Admin Pages/Header_Footer/input_MORE_more"), "*"): Keys '*' sent to object: 'Object Repository/ADMIN/Edit Text/Bespoke/Admin Pages/Header_Footer/input_MORE_more'

2020-03-20 12:28:57 - [MESSAGE][PASSED] - Keys '*' sent to object: 'Object Repository/ADMIN/Edit Text/Bespoke/Admin Pages/Header_Footer/input_MORE_more'

2020-03-20 12:28:57 - [TEST_STEP][PASSED] - sendKeys(findTestObject("ADMIN/Edit Text/Bespoke/Admin Pages/Header_Footer/input_VIEW CART_btn_next"), "*"): Keys '*' sent to object: 'Object Repository/ADMIN/Edit Text/Bespoke/Admin Pages/Header_Footer/input_VIEW CART_btn_next'

2020-03-20 12:28:57 - [MESSAGE][PASSED] - Keys '*' sent to object: 'Object Repository/ADMIN/Edit Text/Bespoke/Admin Pages/Header_Footer/input_VIEW CART_btn_next'

2020-03-20 12:28:57 - [TEST_STEP][PASSED] - sendKeys(findTestObject("ADMIN/Edit Text/Bespoke/Admin Pages/Header_Footer/input_REGISTER  SIGN IN_register_signin"), "*"): Keys '*' sent to object: 'Object Repository/ADMIN/Edit Text/Bespoke/Admin Pages/Header_Footer/input_REGISTER  SIGN IN_register_signin'

2020-03-20 12:28:58 - [MESSAGE][PASSED] - Keys '*' sent to object: 'Object Repository/ADMIN/Edit Text/Bespoke/Admin Pages/Header_Footer/input_REGISTER  SIGN IN_register_signin'

2020-03-20 12:28:58 - [TEST_STEP][PASSED] - sendKeys(findTestObject("ADMIN/Edit Text/Bespoke/Admin Pages/Header_Footer/input_SELLER_sell"), "*"): Keys '*' sent to object: 'Object Repository/ADMIN/Edit Text/Bespoke/Admin Pages/Header_Footer/input_SELLER_sell'

2020-03-20 12:28:58 - [MESSAGE][PASSED] - Keys '*' sent to object: 'Object Repository/ADMIN/Edit Text/Bespoke/Admin Pages/Header_Footer/input_SELLER_sell'

2020-03-20 12:28:58 - [TEST_STEP][PASSED] - sendKeys(findTestObject("ADMIN/Edit Text/Bespoke/Admin Pages/Header_Footer/input_PROFILE_profile"), "*"): Keys '*' sent to object: 'Object Repository/ADMIN/Edit Text/Bespoke/Admin Pages/Header_Footer/input_PROFILE_profile'

2020-03-20 12:28:58 - [MESSAGE][PASSED] - Keys '*' sent to object: 'Object Repository/ADMIN/Edit Text/Bespoke/Admin Pages/Header_Footer/input_PROFILE_profile'

2020-03-20 12:28:58 - [TEST_STEP][PASSED] - sendKeys(findTestObject("ADMIN/Edit Text/Bespoke/Admin Pages/Header_Footer/input_Dashboard_Dashboard"), "*"): Keys '*' sent to object: 'Object Repository/ADMIN/Edit Text/Bespoke/Admin Pages/Header_Footer/input_Dashboard_Dashboard'

2020-03-20 12:28:58 - [MESSAGE][PASSED] - Keys '*' sent to object: 'Object Repository/ADMIN/Edit Text/Bespoke/Admin Pages/Header_Footer/input_Dashboard_Dashboard'

2020-03-20 12:28:58 - [TEST_STEP][PASSED] - sendKeys(findTestObject("ADMIN/Edit Text/Bespoke/Admin Pages/Header_Footer/input_Purchases_Purchases"), "*"): Keys '*' sent to object: 'Object Repository/ADMIN/Edit Text/Bespoke/Admin Pages/Header_Footer/input_Purchases_Purchases'

2020-03-20 12:28:58 - [MESSAGE][PASSED] - Keys '*' sent to object: 'Object Repository/ADMIN/Edit Text/Bespoke/Admin Pages/Header_Footer/input_Purchases_Purchases'

2020-03-20 12:28:58 - [TEST_STEP][PASSED] - sendKeys(findTestObject("ADMIN/Edit Text/Bespoke/Admin Pages/Header_Footer/input_Your Items_Your Items"), "*"): Keys '*' sent to object: 'Object Repository/ADMIN/Edit Text/Bespoke/Admin Pages/Header_Footer/input_Your Items_Your Items'

2020-03-20 12:28:58 - [MESSAGE][PASSED] - Keys '*' sent to object: 'Object Repository/ADMIN/Edit Text/Bespoke/Admin Pages/Header_Footer/input_Your Items_Your Items'

2020-03-20 12:28:58 - [TEST_STEP][PASSED] - sendKeys(findTestObject("ADMIN/Edit Text/Bespoke/Admin Pages/Header_Footer/input_Settings_Settings"), "*"): Keys '*' sent to object: 'Object Repository/ADMIN/Edit Text/Bespoke/Admin Pages/Header_Footer/input_Settings_Settings'

2020-03-20 12:28:58 - [MESSAGE][PASSED] - Keys '*' sent to object: 'Object Repository/ADMIN/Edit Text/Bespoke/Admin Pages/Header_Footer/input_Settings_Settings'

2020-03-20 12:28:58 - [TEST_STEP][PASSED] - sendKeys(findTestObject("ADMIN/Edit Text/Bespoke/Admin Pages/Header_Footer/input_Upload_Upload"), "*"): Keys '*' sent to object: 'Object Repository/ADMIN/Edit Text/Bespoke/Admin Pages/Header_Footer/input_Upload_Upload'

2020-03-20 12:28:58 - [MESSAGE][PASSED] - Keys '*' sent to object: 'Object Repository/ADMIN/Edit Text/Bespoke/Admin Pages/Header_Footer/input_Upload_Upload'

2020-03-20 12:28:58 - [TEST_STEP][PASSED] - sendKeys(findTestObject("ADMIN/Edit Text/Bespoke/Admin Pages/Header_Footer/input_Logout_Logout"), "*"): Keys '*' sent to object: 'Object Repository/ADMIN/Edit Text/Bespoke/Admin Pages/Header_Footer/input_Logout_Logout'

2020-03-20 12:28:59 - [MESSAGE][PASSED] - Keys '*' sent to object: 'Object Repository/ADMIN/Edit Text/Bespoke/Admin Pages/Header_Footer/input_Logout_Logout'

2020-03-20 12:28:59 - [TEST_STEP][PASSED] - sendKeys(findTestObject("ADMIN/Edit Text/Bespoke/Admin Pages/Header_Footer/input_Orders_Orders"), "*"): Keys '*' sent to object: 'Object Repository/ADMIN/Edit Text/Bespoke/Admin Pages/Header_Footer/input_Orders_Orders'

2020-03-20 12:28:59 - [MESSAGE][PASSED] - Keys '*' sent to object: 'Object Repository/ADMIN/Edit Text/Bespoke/Admin Pages/Header_Footer/input_Orders_Orders'

2020-03-20 12:28:59 - [TEST_STEP][PASSED] - sendKeys(findTestObject("ADMIN/Edit Text/Bespoke/Admin Pages/Header_Footer/input_Sub-accounts_Sub-accounts"), "*"): Keys '*' sent to object: 'Object Repository/ADMIN/Edit Text/Bespoke/Admin Pages/Header_Footer/input_Sub-accounts_Sub-accounts'

2020-03-20 12:28:59 - [MESSAGE][PASSED] - Keys '*' sent to object: 'Object Repository/ADMIN/Edit Text/Bespoke/Admin Pages/Header_Footer/input_Sub-accounts_Sub-accounts'

2020-03-20 12:28:59 - [TEST_STEP][PASSED] - sendKeys(findTestObject("ADMIN/Edit Text/Bespoke/Admin Pages/Header_Footer/input_Sales_Sales"), "*"): Keys '*' sent to object: 'Object Repository/ADMIN/Edit Text/Bespoke/Admin Pages/Header_Footer/input_Sales_Sales'

2020-03-20 12:28:59 - [MESSAGE][PASSED] - Keys '*' sent to object: 'Object Repository/ADMIN/Edit Text/Bespoke/Admin Pages/Header_Footer/input_Sales_Sales'

2020-03-20 12:28:59 - [TEST_STEP][PASSED] - sendKeys(findTestObject("ADMIN/Edit Text/Bespoke/Admin Pages/Header_Footer/input_Browse_Browse"), "*"): Keys '*' sent to object: 'Object Repository/ADMIN/Edit Text/Bespoke/Admin Pages/Header_Footer/input_Browse_Browse'

2020-03-20 12:28:59 - [MESSAGE][PASSED] - Keys '*' sent to object: 'Object Repository/ADMIN/Edit Text/Bespoke/Admin Pages/Header_Footer/input_Browse_Browse'

2020-03-20 12:28:59 - [TEST_STEP][PASSED] - sendKeys(findTestObject("ADMIN/Edit Text/Bespoke/Admin Pages/Header_Footer/input_SELLER_sell1"), "*"): Keys '*' sent to object: 'Object Repository/ADMIN/Edit Text/Bespoke/Admin Pages/Header_Footer/input_SELLER_sell1'

2020-03-20 12:28:59 - [MESSAGE][PASSED] - Keys '*' sent to object: 'Object Repository/ADMIN/Edit Text/Bespoke/Admin Pages/Header_Footer/input_SELLER_sell1'

2020-03-20 12:28:59 - [TEST_STEP][PASSED] - sendKeys(findTestObject("ADMIN/Edit Text/Bespoke/Admin Pages/Header_Footer/input_PROFILE_profile1"), "*"): Keys '*' sent to object: 'Object Repository/ADMIN/Edit Text/Bespoke/Admin Pages/Header_Footer/input_PROFILE_profile1'

2020-03-20 12:28:59 - [MESSAGE][PASSED] - Keys '*' sent to object: 'Object Repository/ADMIN/Edit Text/Bespoke/Admin Pages/Header_Footer/input_PROFILE_profile1'

2020-03-20 12:28:59 - [TEST_STEP][PASSED] - sendKeys(findTestObject("ADMIN/Edit Text/Bespoke/Admin Pages/Header_Footer/input_Dashboard_Dashboard1"), "*"): Keys '*' sent to object: 'Object Repository/ADMIN/Edit Text/Bespoke/Admin Pages/Header_Footer/input_Dashboard_Dashboard1'

2020-03-20 12:29:00 - [MESSAGE][PASSED] - Keys '*' sent to object: 'Object Repository/ADMIN/Edit Text/Bespoke/Admin Pages/Header_Footer/input_Dashboard_Dashboard1'

2020-03-20 12:29:00 - [TEST_STEP][PASSED] - sendKeys(findTestObject("ADMIN/Edit Text/Bespoke/Admin Pages/Header_Footer/input_Purchases_Purchases1"), "*"): Keys '*' sent to object: 'Object Repository/ADMIN/Edit Text/Bespoke/Admin Pages/Header_Footer/input_Purchases_Purchases1'

2020-03-20 12:29:00 - [MESSAGE][PASSED] - Keys '*' sent to object: 'Object Repository/ADMIN/Edit Text/Bespoke/Admin Pages/Header_Footer/input_Purchases_Purchases1'

2020-03-20 12:29:00 - [TEST_STEP][PASSED] - sendKeys(findTestObject("ADMIN/Edit Text/Bespoke/Admin Pages/Header_Footer/input_Your Items_Your Items1"), "*"): Keys '*' sent to object: 'Object Repository/ADMIN/Edit Text/Bespoke/Admin Pages/Header_Footer/input_Your Items_Your Items1'

2020-03-20 12:29:00 - [MESSAGE][PASSED] - Keys '*' sent to object: 'Object Repository/ADMIN/Edit Text/Bespoke/Admin Pages/Header_Footer/input_Your Items_Your Items1'

2020-03-20 12:29:00 - [TEST_STEP][PASSED] - sendKeys(findTestObject("ADMIN/Edit Text/Bespoke/Admin Pages/Header_Footer/input_Settings_Settings1"), "*"): Keys '*' sent to object: 'Object Repository/ADMIN/Edit Text/Bespoke/Admin Pages/Header_Footer/input_Settings_Settings1'

2020-03-20 12:29:00 - [MESSAGE][PASSED] - Keys '*' sent to object: 'Object Repository/ADMIN/Edit Text/Bespoke/Admin Pages/Header_Footer/input_Settings_Settings1'

2020-03-20 12:29:00 - [TEST_STEP][PASSED] - sendKeys(findTestObject("ADMIN/Edit Text/Bespoke/Admin Pages/Header_Footer/input_Upload_Upload1"), "*"): Keys '*' sent to object: 'Object Repository/ADMIN/Edit Text/Bespoke/Admin Pages/Header_Footer/input_Upload_Upload1'

2020-03-20 12:29:00 - [MESSAGE][PASSED] - Keys '*' sent to object: 'Object Repository/ADMIN/Edit Text/Bespoke/Admin Pages/Header_Footer/input_Upload_Upload1'

2020-03-20 12:29:00 - [TEST_STEP][PASSED] - sendKeys(findTestObject("ADMIN/Edit Text/Bespoke/Admin Pages/Header_Footer/input_Logout_Logout1"), "*"): Keys '*' sent to object: 'Object Repository/ADMIN/Edit Text/Bespoke/Admin Pages/Header_Footer/input_Logout_Logout1'

2020-03-20 12:29:00 - [MESSAGE][PASSED] - Keys '*' sent to object: 'Object Repository/ADMIN/Edit Text/Bespoke/Admin Pages/Header_Footer/input_Logout_Logout1'

2020-03-20 12:29:00 - [TEST_STEP][PASSED] - sendKeys(findTestObject("ADMIN/Edit Text/Bespoke/Admin Pages/Header_Footer/input_Orders_Orders1"), "*"): Keys '*' sent to object: 'Object Repository/ADMIN/Edit Text/Bespoke/Admin Pages/Header_Footer/input_Orders_Orders1'

2020-03-20 12:29:00 - [MESSAGE][PASSED] - Keys '*' sent to object: 'Object Repository/ADMIN/Edit Text/Bespoke/Admin Pages/Header_Footer/input_Orders_Orders1'

2020-03-20 12:29:00 - [TEST_STEP][PASSED] - sendKeys(findTestObject("ADMIN/Edit Text/Bespoke/Admin Pages/Header_Footer/input_Sales_Sales1"), "*"): Keys '*' sent to object: 'Object Repository/ADMIN/Edit Text/Bespoke/Admin Pages/Header_Footer/input_Sales_Sales1'

2020-03-20 12:29:00 - [MESSAGE][PASSED] - Keys '*' sent to object: 'Object Repository/ADMIN/Edit Text/Bespoke/Admin Pages/Header_Footer/input_Sales_Sales1'

2020-03-20 12:29:00 - [TEST_STEP][PASSED] - sendKeys(findTestObject("ADMIN/Edit Text/Bespoke/Admin Pages/Header_Footer/input_ABOUT US_ABOUT US"), "*"): Keys '*' sent to object: 'Object Repository/ADMIN/Edit Text/Bespoke/Admin Pages/Header_Footer/input_ABOUT US_ABOUT US'

2020-03-20 12:29:01 - [MESSAGE][PASSED] - Keys '*' sent to object: 'Object Repository/ADMIN/Edit Text/Bespoke/Admin Pages/Header_Footer/input_ABOUT US_ABOUT US'

2020-03-20 12:29:01 - [TEST_STEP][PASSED] - sendKeys(findTestObject("ADMIN/Edit Text/Bespoke/Admin Pages/Header_Footer/input_SERVICE TERMS_SERVICE TERMS"), "*"): Keys '*' sent to object: 'Object Repository/ADMIN/Edit Text/Bespoke/Admin Pages/Header_Footer/input_SERVICE TERMS_SERVICE TERMS'

2020-03-20 12:29:01 - [MESSAGE][PASSED] - Keys '*' sent to object: 'Object Repository/ADMIN/Edit Text/Bespoke/Admin Pages/Header_Footer/input_SERVICE TERMS_SERVICE TERMS'

2020-03-20 12:29:01 - [TEST_STEP][PASSED] - sendKeys(findTestObject("ADMIN/Edit Text/Bespoke/Admin Pages/Header_Footer/input_PRIVACY_PRIVACY"), "*"): Keys '*' sent to object: 'Object Repository/ADMIN/Edit Text/Bespoke/Admin Pages/Header_Footer/input_PRIVACY_PRIVACY'

2020-03-20 12:29:01 - [MESSAGE][PASSED] - Keys '*' sent to object: 'Object Repository/ADMIN/Edit Text/Bespoke/Admin Pages/Header_Footer/input_PRIVACY_PRIVACY'

2020-03-20 12:29:01 - [TEST_STEP][PASSED] - sendKeys(findTestObject("ADMIN/Edit Text/Bespoke/Admin Pages/Header_Footer/input_RETURNS_RETURNS"), "*"): Keys '*' sent to object: 'Object Repository/ADMIN/Edit Text/Bespoke/Admin Pages/Header_Footer/input_RETURNS_RETURNS'

2020-03-20 12:29:01 - [MESSAGE][PASSED] - Keys '*' sent to object: 'Object Repository/ADMIN/Edit Text/Bespoke/Admin Pages/Header_Footer/input_RETURNS_RETURNS'

2020-03-20 12:29:01 - [TEST_STEP][PASSED] - sendKeys(findTestObject("ADMIN/Edit Text/Bespoke/Admin Pages/Header_Footer/input_FAQ_FAQ"), "*"): Keys '*' sent to object: 'Object Repository/ADMIN/Edit Text/Bespoke/Admin Pages/Header_Footer/input_FAQ_FAQ'

2020-03-20 12:29:01 - [MESSAGE][PASSED] - Keys '*' sent to object: 'Object Repository/ADMIN/Edit Text/Bespoke/Admin Pages/Header_Footer/input_FAQ_FAQ'

2020-03-20 12:29:01 - [TEST_STEP][PASSED] - sendKeys(findTestObject("ADMIN/Edit Text/Bespoke/Admin Pages/Header_Footer/input_CONTACT_CONTACT"), "*"): Keys '*' sent to object: 'Object Repository/ADMIN/Edit Text/Bespoke/Admin Pages/Header_Footer/input_CONTACT_CONTACT'

2020-03-20 12:29:01 - [MESSAGE][PASSED] - Keys '*' sent to object: 'Object Repository/ADMIN/Edit Text/Bespoke/Admin Pages/Header_Footer/input_CONTACT_CONTACT'

2020-03-20 12:29:01 - [TEST_STEP][PASSED] - sendKeys(findTestObject("ADMIN/Edit Text/Bespoke/Admin Pages/Header_Footer/input_All rights reserved _foot_copyright"), "*"): Keys '*' sent to object: 'Object Repository/ADMIN/Edit Text/Bespoke/Admin Pages/Header_Footer/input_All rights reserved _foot_copyright'

2020-03-20 12:29:02 - [MESSAGE][PASSED] - Keys '*' sent to object: 'Object Repository/ADMIN/Edit Text/Bespoke/Admin Pages/Header_Footer/input_All rights reserved _foot_copyright'

2020-03-20 12:29:02 - [TEST_STEP][PASSED] - click(findTestObject("ADMIN/Edit Text/Bespoke/Buyer Pages/Homepage/button_save"), CONTINUE_ON_FAILURE): Object: 'Object Repository/ADMIN/Edit Text/Bespoke/Buyer Pages/Homepage/button_save' is clicked on

2020-03-20 12:29:02 - [MESSAGE][PASSED] - Object: 'Object Repository/ADMIN/Edit Text/Bespoke/Buyer Pages/Homepage/button_save' is clicked on

2020-03-20 12:29:02 - [TEST_STEP][PASSED] - waitForElementVisible(findTestObject("ADMIN/Edit Text/Bespoke/Buyer Pages/Homepage/toaster_success"), 0): Object 'Object Repository/ADMIN/Edit Text/Bespoke/Buyer Pages/Homepage/toaster_success' is visible

2020-03-20 12:29:02 - [MESSAGE][WARNING] - Timeout '0' is invalid. Using default page load timeout: '30'

2020-03-20 12:29:02 - [MESSAGE][PASSED] - Object 'Object Repository/ADMIN/Edit Text/Bespoke/Buyer Pages/Homepage/toaster_success' is visible]]></system-out>
         <system-err><![CDATA[]]></system-err>
      </testcase>
      <system-out><![CDATA[2020-03-20 12:26:48 - [TEST_SUITE][PASSED] - Bespoke Admin Pages: Test Cases/ADMIN/Language/Edit Text/Bespoke/Admin Pages/Header_Footer]]></system-out>
      <system-err><![CDATA[]]></system-err>
   </testsuite>
</testsuites>
