<?xml version="1.0" encoding="UTF-8"?>
<testsuites name="Admin Add Custom Fields" time="77" tests="7" failures="6" errors="0">
   <testsuite name="Admin Add Custom Fields" tests="7" failures="6" errors="0" time="77" timestamp="2019-05-27 12:45:15" hostname="Arcadier - Arcadier-PC" id="Test Suites/Suites/Admin Add Custom Fields">
      <properties>
         <property name="deviceName" value=""/>
         <property name="devicePlatform" value=""/>
         <property name="logFolder" value="C:\\Users\\Arcadier\\git\\Arctick\\Reports\\Suites\\Admin Add Custom Fields\\20190527_124513"/>
         <property name="logFiles" value="C:\\Users\\Arcadier\\git\\Arctick\\Reports\\Suites\\Admin Add Custom Fields\\20190527_124513\\execution0.log"/>
         <property name="attachments" value="C:\\Users\\Arcadier\\git\\Arctick\\Reports\\Suites\\Admin Add Custom Fields\\20190527_124513\\1558932319354.png, C:\\Users\\Arcadier\\git\\Arctick\\Reports\\Suites\\Admin Add Custom Fields\\20190527_124513\\1558932329843.png, C:\\Users\\Arcadier\\git\\Arctick\\Reports\\Suites\\Admin Add Custom Fields\\20190527_124513\\1558932368994.png, C:\\Users\\Arcadier\\git\\Arctick\\Reports\\Suites\\Admin Add Custom Fields\\20190527_124513\\1558932370007.png, C:\\Users\\Arcadier\\git\\Arctick\\Reports\\Suites\\Admin Add Custom Fields\\20190527_124513\\1558932381363.png, C:\\Users\\Arcadier\\git\\Arctick\\Reports\\Suites\\Admin Add Custom Fields\\20190527_124513\\1558932382401.png"/>
         <property name="hostName" value="Arcadier - Arcadier-PC"/>
         <property name="os" value="Windows 7 64bit"/>
         <property name="katalonVersion" value="5.4.2.1"/>
         <property name="browser" value="Chrome 74.0.3729.169"/>
         <property name="hostAddress" value="10.10.31.95"/>
         <property name="sessionId" value="f912d58d04e0ea049492dcdbe1240f08"/>
         <property name="seleniumVersion" value="3.7.1"/>
         <property name="proxyInformation" value="ProxyInformation{proxyOption=NO_PROXY, proxyServerType=HTTP, password=, proxyServerAddress=, proxyServerPort=0}"/>
         <property name="platform" value="Windows 7"/>
      </properties>
      <testcase name="Test Cases/ADMIN/Custom Fields Page/Add Custom Item Fields/Add_Checkbox" classname="Test Cases/ADMIN/Custom Fields Page/Add Custom Item Fields/Add_Checkbox" status="FAILED">
         <failure type="FAILED" message="Unable to click on object 'Object Repository/ADMIN/Custom Item Fields List Page/submenulink_Custom Fields' (Root cause: org.openqa.selenium.ElementNotVisibleException: element not visible
  (Session info: chrome=74.0.3729.169)
  (Driver info: chromedriver=2.35.528161 (5b82f2d2aae0ca24b877009200ced9065a772e73),platform=Windows NT 6.1.7601 SP1 x86_64) (WARNING: The server did not provide any stacktrace information)
Command duration or timeout: 0 milliseconds
Build info: version: '3.7.1', revision: '8a0099a', time: '2017-11-06T21:07:36.161Z'
System info: host: 'ARCADIER-PC', ip: '10.10.31.95', os.name: 'Windows 7', os.arch: 'amd64', os.version: '6.1', java.version: '1.8.0_102'
Driver info: com.kms.katalon.core.webui.driver.ExistingRemoteWebDriver
Capabilities {javascriptEnabled: true, platform: ANY, platformName: ANY}
Session ID: f912d58d04e0ea049492dcdbe1240f08)"/>
         <system-out><![CDATA[2019-05-27 12:45:15 - [TEST_CASE][FAILED] - Test Cases/ADMIN/Custom Fields Page/Add Custom Item Fields/Add_Checkbox: Test Cases/ADMIN/Custom Fields Page/Add Custom Item Fields/Add_Checkbox FAILED because (of) Unable to click on object 'Object Repository/ADMIN/Custom Item Fields List Page/submenulink_Custom Fields' (Root cause: org.openqa.selenium.ElementNotVisibleException: element not visible
  (Session info: chrome=74.0.3729.169)
  (Driver info: chromedriver=2.35.528161 (5b82f2d2aae0ca24b877009200ced9065a772e73),platform=Windows NT 6.1.7601 SP1 x86_64) (WARNING: The server did not provide any stacktrace information)
Command duration or timeout: 0 milliseconds
Build info: version: '3.7.1', revision: '8a0099a', time: '2017-11-06T21:07:36.161Z'
System info: host: 'ARCADIER-PC', ip: '10.10.31.95', os.name: 'Windows 7', os.arch: 'amd64', os.version: '6.1', java.version: '1.8.0_102'
Driver info: com.kms.katalon.core.webui.driver.ExistingRemoteWebDriver
Capabilities {javascriptEnabled: true, platform: ANY, platformName: ANY}
Session ID: f912d58d04e0ea049492dcdbe1240f08)

2019-05-27 12:45:16 - [TEST_STEP][PASSED] - waitForElementVisible: Object 'Object Repository/ADMIN/Custom Item Fields List Page/menulink_Content Mgmt.' is visible

2019-05-27 12:45:17 - [MESSAGE][WARNING] - Timeout '0' is invalid. Using default page load timeout: '30'

2019-05-27 12:45:18 - [MESSAGE][PASSED] - Object 'Object Repository/ADMIN/Custom Item Fields List Page/menulink_Content Mgmt.' is visible

2019-05-27 12:45:18 - [TEST_STEP][PASSED] - click: Object: 'Object Repository/ADMIN/Custom Item Fields List Page/menulink_Content Mgmt.' is clicked on

2019-05-27 12:45:19 - [MESSAGE][PASSED] - Object: 'Object Repository/ADMIN/Custom Item Fields List Page/menulink_Content Mgmt.' is clicked on

2019-05-27 12:45:19 - [TEST_STEP][PASSED] - waitForElementVisible: Object 'Object Repository/ADMIN/Custom Item Fields List Page/submenulink_Custom Fields' is visible

2019-05-27 12:45:19 - [MESSAGE][WARNING] - Timeout '0' is invalid. Using default page load timeout: '30'

2019-05-27 12:45:19 - [MESSAGE][PASSED] - Object 'Object Repository/ADMIN/Custom Item Fields List Page/submenulink_Custom Fields' is visible

2019-05-27 12:45:19 - [TEST_STEP][FAILED] - click: Unable to click on object 'Object Repository/ADMIN/Custom Item Fields List Page/submenulink_Custom Fields' (Root cause: org.openqa.selenium.ElementNotVisibleException: element not visible
  (Session info: chrome=74.0.3729.169)
  (Driver info: chromedriver=2.35.528161 (5b82f2d2aae0ca24b877009200ced9065a772e73),platform=Windows NT 6.1.7601 SP1 x86_64) (WARNING: The server did not provide any stacktrace information)
Command duration or timeout: 0 milliseconds
Build info: version: '3.7.1', revision: '8a0099a', time: '2017-11-06T21:07:36.161Z'
System info: host: 'ARCADIER-PC', ip: '10.10.31.95', os.name: 'Windows 7', os.arch: 'amd64', os.version: '6.1', java.version: '1.8.0_102'
Driver info: com.kms.katalon.core.webui.driver.ExistingRemoteWebDriver
Capabilities {javascriptEnabled: true, platform: ANY, platformName: ANY}
Session ID: f912d58d04e0ea049492dcdbe1240f08)

2019-05-27 12:45:19 - [MESSAGE][FAILED] - Unable to click on object 'Object Repository/ADMIN/Custom Item Fields List Page/submenulink_Custom Fields' (Root cause: org.openqa.selenium.ElementNotVisibleException: element not visible
  (Session info: chrome=74.0.3729.169)
  (Driver info: chromedriver=2.35.528161 (5b82f2d2aae0ca24b877009200ced9065a772e73),platform=Windows NT 6.1.7601 SP1 x86_64) (WARNING: The server did not provide any stacktrace information)
Command duration or timeout: 0 milliseconds
Build info: version: '3.7.1', revision: '8a0099a', time: '2017-11-06T21:07:36.161Z'
System info: host: 'ARCADIER-PC', ip: '10.10.31.95', os.name: 'Windows 7', os.arch: 'amd64', os.version: '6.1', java.version: '1.8.0_102'
Driver info: com.kms.katalon.core.webui.driver.ExistingRemoteWebDriver
Capabilities {javascriptEnabled: true, platform: ANY, platformName: ANY}
Session ID: f912d58d04e0ea049492dcdbe1240f08)
[[ATTACHMENT|C:\\Users\\Arcadier\\git\\Arctick\\Reports\\Suites\\Admin Add Custom Fields\\20190527_124513\\1558932319354.png]]]]></system-out>
         <system-err><![CDATA[2019-05-27 12:45:15 - [TEST_CASE][FAILED] - Test Cases/ADMIN/Custom Fields Page/Add Custom Item Fields/Add_Checkbox: Test Cases/ADMIN/Custom Fields Page/Add Custom Item Fields/Add_Checkbox FAILED because (of) Unable to click on object 'Object Repository/ADMIN/Custom Item Fields List Page/submenulink_Custom Fields' (Root cause: org.openqa.selenium.ElementNotVisibleException: element not visible
  (Session info: chrome=74.0.3729.169)
  (Driver info: chromedriver=2.35.528161 (5b82f2d2aae0ca24b877009200ced9065a772e73),platform=Windows NT 6.1.7601 SP1 x86_64) (WARNING: The server did not provide any stacktrace information)
Command duration or timeout: 0 milliseconds
Build info: version: '3.7.1', revision: '8a0099a', time: '2017-11-06T21:07:36.161Z'
System info: host: 'ARCADIER-PC', ip: '10.10.31.95', os.name: 'Windows 7', os.arch: 'amd64', os.version: '6.1', java.version: '1.8.0_102'
Driver info: com.kms.katalon.core.webui.driver.ExistingRemoteWebDriver
Capabilities {javascriptEnabled: true, platform: ANY, platformName: ANY}
Session ID: f912d58d04e0ea049492dcdbe1240f08)]]></system-err>
      </testcase>
      <testcase name="Test Cases/ADMIN/Custom Fields Page/Add Custom Item Fields/Add_DateTime" classname="Test Cases/ADMIN/Custom Fields Page/Add Custom Item Fields/Add_DateTime" status="PASSED">
         <system-out><![CDATA[2019-05-27 12:45:19 - [TEST_CASE][PASSED] - Test Cases/ADMIN/Custom Fields Page/Add Custom Item Fields/Add_DateTime: Test Cases/ADMIN/Custom Fields Page/Add Custom Item Fields/Add_DateTime

2019-05-27 12:45:19 - [TEST_STEP][PASSED] - waitForElementVisible: Object 'Object Repository/ADMIN/Custom Item Fields List Page/menulink_Content Mgmt.' is visible

2019-05-27 12:45:19 - [MESSAGE][WARNING] - Timeout '0' is invalid. Using default page load timeout: '30'

2019-05-27 12:45:20 - [MESSAGE][PASSED] - Object 'Object Repository/ADMIN/Custom Item Fields List Page/menulink_Content Mgmt.' is visible

2019-05-27 12:45:20 - [TEST_STEP][PASSED] - click: Object: 'Object Repository/ADMIN/Custom Item Fields List Page/menulink_Content Mgmt.' is clicked on

2019-05-27 12:45:20 - [MESSAGE][PASSED] - Object: 'Object Repository/ADMIN/Custom Item Fields List Page/menulink_Content Mgmt.' is clicked on

2019-05-27 12:45:20 - [TEST_STEP][PASSED] - waitForElementVisible: Object 'Object Repository/ADMIN/Custom Item Fields List Page/submenulink_Custom Fields' is visible

2019-05-27 12:45:20 - [MESSAGE][WARNING] - Timeout '0' is invalid. Using default page load timeout: '30'

2019-05-27 12:45:20 - [MESSAGE][PASSED] - Object 'Object Repository/ADMIN/Custom Item Fields List Page/submenulink_Custom Fields' is visible

2019-05-27 12:45:20 - [TEST_STEP][PASSED] - click: Object: 'Object Repository/ADMIN/Custom Item Fields List Page/submenulink_Custom Fields' is clicked on

2019-05-27 12:45:20 - [MESSAGE][PASSED] - Object: 'Object Repository/ADMIN/Custom Item Fields List Page/submenulink_Custom Fields' is clicked on

2019-05-27 12:45:20 - [TEST_STEP][PASSED] - waitForElementVisible: Object 'Object Repository/ADMIN/Custom Item Fields List Page/button_Add Field' is visible

2019-05-27 12:45:20 - [MESSAGE][WARNING] - Timeout '0' is invalid. Using default page load timeout: '30'

2019-05-27 12:45:20 - [MESSAGE][PASSED] - Object 'Object Repository/ADMIN/Custom Item Fields List Page/button_Add Field' is visible

2019-05-27 12:45:20 - [TEST_STEP][PASSED] - click: Object: 'Object Repository/ADMIN/Custom Item Fields List Page/button_Add Field' is clicked on

2019-05-27 12:45:22 - [MESSAGE][PASSED] - Object: 'Object Repository/ADMIN/Custom Item Fields List Page/button_Add Field' is clicked on

2019-05-27 12:45:22 - [TEST_STEP][PASSED] - waitForElementVisible: Object 'Object Repository/ADMIN/Custom Item Fields Page/a_Default/dropdown_fieldtype' is visible

2019-05-27 12:45:22 - [MESSAGE][WARNING] - Timeout '0' is invalid. Using default page load timeout: '30'

2019-05-27 12:45:22 - [MESSAGE][PASSED] - Object 'Object Repository/ADMIN/Custom Item Fields Page/a_Default/dropdown_fieldtype' is visible

2019-05-27 12:45:22 - [TEST_STEP][PASSED] - waitForPageLoad: Wait for page load successfully

2019-05-27 12:45:23 - [MESSAGE][WARNING] - Timeout '0' is invalid. Using default page load timeout: '30'

2019-05-27 12:45:23 - [MESSAGE][PASSED] - Wait for page load successfully

2019-05-27 12:45:23 - [TEST_STEP][PASSED] - click: Object: 'Object Repository/ADMIN/Custom Item Fields Page/a_Default/dropdown_fieldtype' is clicked on

2019-05-27 12:45:23 - [MESSAGE][PASSED] - Object: 'Object Repository/ADMIN/Custom Item Fields Page/a_Default/dropdown_fieldtype' is clicked on

2019-05-27 12:45:23 - [TEST_STEP][PASSED] - delay: Delayed 2 second(s)

2019-05-27 12:45:25 - [MESSAGE][PASSED] - Delayed 2 second(s)

2019-05-27 12:45:25 - [TEST_STEP][PASSED] - selectOptionByLabel: All options with label 'Date / Time picker' are selected in object 'Object Repository/ADMIN/Custom Item Fields Page/a_Default/dropdown_fieldtype' 

2019-05-27 12:45:25 - [MESSAGE][PASSED] - All options with label 'Date / Time picker' are selected in object 'Object Repository/ADMIN/Custom Item Fields Page/a_Default/dropdown_fieldtype' 

2019-05-27 12:45:25 - [TEST_STEP][NOT_RUN] - verifyOptionSelectedByLabel: NOT_RUN: verifyOptionSelectedByLabel

2019-05-27 12:45:25 - [MESSAGE][NOT_RUN] - NOT_RUN: verifyOptionSelectedByLabel

2019-05-27 12:45:25 - [TEST_STEP][PASSED] - waitForElementVisible: Object 'Object Repository/ADMIN/Custom Item Fields Page/a_DateTimePicker/togglebutton_timeneeded' is visible

2019-05-27 12:45:25 - [MESSAGE][WARNING] - Timeout '0' is invalid. Using default page load timeout: '30'

2019-05-27 12:45:25 - [MESSAGE][PASSED] - Object 'Object Repository/ADMIN/Custom Item Fields Page/a_DateTimePicker/togglebutton_timeneeded' is visible

2019-05-27 12:45:25 - [TEST_STEP][PASSED] - setText: Text 'Date / Time' is set on object 'Object Repository/ADMIN/Custom Item Fields Page/a_Default/textfield_fieldname'

2019-05-27 12:45:26 - [MESSAGE][PASSED] - Text 'Date / Time' is set on object 'Object Repository/ADMIN/Custom Item Fields Page/a_Default/textfield_fieldname'

2019-05-27 12:45:26 - [TEST_STEP][PASSED] - click: Object: 'Object Repository/ADMIN/Custom Item Fields Page/a_Default/button_Save1' is clicked on

2019-05-27 12:45:26 - [MESSAGE][PASSED] - Object: 'Object Repository/ADMIN/Custom Item Fields Page/a_Default/button_Save1' is clicked on

2019-05-27 12:45:26 - [TEST_STEP][PASSED] - waitForElementVisible: Object 'Object Repository/ADMIN/Custom Item Fields List Page/button_Add Field' is visible

2019-05-27 12:45:26 - [MESSAGE][WARNING] - Timeout '0' is invalid. Using default page load timeout: '30'

2019-05-27 12:45:28 - [MESSAGE][PASSED] - Object 'Object Repository/ADMIN/Custom Item Fields List Page/button_Add Field' is visible]]></system-out>
         <system-err><![CDATA[]]></system-err>
      </testcase>
      <testcase name="Test Cases/ADMIN/Custom Fields Page/Add Custom Item Fields/Add_Dropdown" classname="Test Cases/ADMIN/Custom Fields Page/Add Custom Item Fields/Add_Dropdown" status="FAILED">
         <failure type="FAILED" message="Unable to click on object 'Object Repository/ADMIN/Custom Item Fields List Page/submenulink_Custom Fields' (Root cause: org.openqa.selenium.WebDriverException: unknown error: Element &lt;a href=&quot;/admin/listing/index&quot;>...&lt;/a> is not clickable at point (129, 379). Other element would receive the click: &lt;a href=&quot;#&quot;>...&lt;/a>
  (Session info: chrome=74.0.3729.169)
  (Driver info: chromedriver=2.35.528161 (5b82f2d2aae0ca24b877009200ced9065a772e73),platform=Windows NT 6.1.7601 SP1 x86_64) (WARNING: The server did not provide any stacktrace information)
Command duration or timeout: 0 milliseconds
Build info: version: '3.7.1', revision: '8a0099a', time: '2017-11-06T21:07:36.161Z'
System info: host: 'ARCADIER-PC', ip: '10.10.31.95', os.name: 'Windows 7', os.arch: 'amd64', os.version: '6.1', java.version: '1.8.0_102'
Driver info: com.kms.katalon.core.webui.driver.ExistingRemoteWebDriver
Capabilities {javascriptEnabled: true, platform: ANY, platformName: ANY}
Session ID: f912d58d04e0ea049492dcdbe1240f08)"/>
         <system-out><![CDATA[2019-05-27 12:45:28 - [TEST_CASE][FAILED] - Test Cases/ADMIN/Custom Fields Page/Add Custom Item Fields/Add_Dropdown: Test Cases/ADMIN/Custom Fields Page/Add Custom Item Fields/Add_Dropdown FAILED because (of) Unable to click on object 'Object Repository/ADMIN/Custom Item Fields List Page/submenulink_Custom Fields' (Root cause: org.openqa.selenium.WebDriverException: unknown error: Element <a href="/admin/listing/index">...</a> is not clickable at point (129, 379). Other element would receive the click: <a href="#">...</a>
  (Session info: chrome=74.0.3729.169)
  (Driver info: chromedriver=2.35.528161 (5b82f2d2aae0ca24b877009200ced9065a772e73),platform=Windows NT 6.1.7601 SP1 x86_64) (WARNING: The server did not provide any stacktrace information)
Command duration or timeout: 0 milliseconds
Build info: version: '3.7.1', revision: '8a0099a', time: '2017-11-06T21:07:36.161Z'
System info: host: 'ARCADIER-PC', ip: '10.10.31.95', os.name: 'Windows 7', os.arch: 'amd64', os.version: '6.1', java.version: '1.8.0_102'
Driver info: com.kms.katalon.core.webui.driver.ExistingRemoteWebDriver
Capabilities {javascriptEnabled: true, platform: ANY, platformName: ANY}
Session ID: f912d58d04e0ea049492dcdbe1240f08)

2019-05-27 12:45:29 - [TEST_STEP][PASSED] - waitForElementVisible: Object 'Object Repository/ADMIN/Custom Item Fields List Page/menulink_Content Mgmt.' is visible

2019-05-27 12:45:29 - [MESSAGE][WARNING] - Timeout '0' is invalid. Using default page load timeout: '30'

2019-05-27 12:45:29 - [MESSAGE][PASSED] - Object 'Object Repository/ADMIN/Custom Item Fields List Page/menulink_Content Mgmt.' is visible

2019-05-27 12:45:29 - [TEST_STEP][PASSED] - click: Object: 'Object Repository/ADMIN/Custom Item Fields List Page/menulink_Content Mgmt.' is clicked on

2019-05-27 12:45:29 - [MESSAGE][PASSED] - Object: 'Object Repository/ADMIN/Custom Item Fields List Page/menulink_Content Mgmt.' is clicked on

2019-05-27 12:45:29 - [TEST_STEP][PASSED] - waitForElementVisible: Object 'Object Repository/ADMIN/Custom Item Fields List Page/submenulink_Custom Fields' is visible

2019-05-27 12:45:29 - [MESSAGE][WARNING] - Timeout '0' is invalid. Using default page load timeout: '30'

2019-05-27 12:45:29 - [MESSAGE][PASSED] - Object 'Object Repository/ADMIN/Custom Item Fields List Page/submenulink_Custom Fields' is visible

2019-05-27 12:45:29 - [TEST_STEP][FAILED] - click: Unable to click on object 'Object Repository/ADMIN/Custom Item Fields List Page/submenulink_Custom Fields' (Root cause: org.openqa.selenium.WebDriverException: unknown error: Element <a href="/admin/listing/index">...</a> is not clickable at point (129, 379). Other element would receive the click: <a href="#">...</a>
  (Session info: chrome=74.0.3729.169)
  (Driver info: chromedriver=2.35.528161 (5b82f2d2aae0ca24b877009200ced9065a772e73),platform=Windows NT 6.1.7601 SP1 x86_64) (WARNING: The server did not provide any stacktrace information)
Command duration or timeout: 0 milliseconds
Build info: version: '3.7.1', revision: '8a0099a', time: '2017-11-06T21:07:36.161Z'
System info: host: 'ARCADIER-PC', ip: '10.10.31.95', os.name: 'Windows 7', os.arch: 'amd64', os.version: '6.1', java.version: '1.8.0_102'
Driver info: com.kms.katalon.core.webui.driver.ExistingRemoteWebDriver
Capabilities {javascriptEnabled: true, platform: ANY, platformName: ANY}
Session ID: f912d58d04e0ea049492dcdbe1240f08)

2019-05-27 12:45:30 - [MESSAGE][FAILED] - Unable to click on object 'Object Repository/ADMIN/Custom Item Fields List Page/submenulink_Custom Fields' (Root cause: org.openqa.selenium.WebDriverException: unknown error: Element <a href="/admin/listing/index">...</a> is not clickable at point (129, 379). Other element would receive the click: <a href="#">...</a>
  (Session info: chrome=74.0.3729.169)
  (Driver info: chromedriver=2.35.528161 (5b82f2d2aae0ca24b877009200ced9065a772e73),platform=Windows NT 6.1.7601 SP1 x86_64) (WARNING: The server did not provide any stacktrace information)
Command duration or timeout: 0 milliseconds
Build info: version: '3.7.1', revision: '8a0099a', time: '2017-11-06T21:07:36.161Z'
System info: host: 'ARCADIER-PC', ip: '10.10.31.95', os.name: 'Windows 7', os.arch: 'amd64', os.version: '6.1', java.version: '1.8.0_102'
Driver info: com.kms.katalon.core.webui.driver.ExistingRemoteWebDriver
Capabilities {javascriptEnabled: true, platform: ANY, platformName: ANY}
Session ID: f912d58d04e0ea049492dcdbe1240f08)
[[ATTACHMENT|C:\\Users\\Arcadier\\git\\Arctick\\Reports\\Suites\\Admin Add Custom Fields\\20190527_124513\\1558932329843.png]]]]></system-out>
         <system-err><![CDATA[2019-05-27 12:45:28 - [TEST_CASE][FAILED] - Test Cases/ADMIN/Custom Fields Page/Add Custom Item Fields/Add_Dropdown: Test Cases/ADMIN/Custom Fields Page/Add Custom Item Fields/Add_Dropdown FAILED because (of) Unable to click on object 'Object Repository/ADMIN/Custom Item Fields List Page/submenulink_Custom Fields' (Root cause: org.openqa.selenium.WebDriverException: unknown error: Element <a href="/admin/listing/index">...</a> is not clickable at point (129, 379). Other element would receive the click: <a href="#">...</a>
  (Session info: chrome=74.0.3729.169)
  (Driver info: chromedriver=2.35.528161 (5b82f2d2aae0ca24b877009200ced9065a772e73),platform=Windows NT 6.1.7601 SP1 x86_64) (WARNING: The server did not provide any stacktrace information)
Command duration or timeout: 0 milliseconds
Build info: version: '3.7.1', revision: '8a0099a', time: '2017-11-06T21:07:36.161Z'
System info: host: 'ARCADIER-PC', ip: '10.10.31.95', os.name: 'Windows 7', os.arch: 'amd64', os.version: '6.1', java.version: '1.8.0_102'
Driver info: com.kms.katalon.core.webui.driver.ExistingRemoteWebDriver
Capabilities {javascriptEnabled: true, platform: ANY, platformName: ANY}
Session ID: f912d58d04e0ea049492dcdbe1240f08)]]></system-err>
      </testcase>
      <testcase name="Test Cases/ADMIN/Custom Fields Page/Add Custom Item Fields/Add_Email" classname="Test Cases/ADMIN/Custom Fields Page/Add Custom Item Fields/Add_Email" status="PASSED">
         <system-out><![CDATA[2019-05-27 12:45:30 - [TEST_CASE][PASSED] - Test Cases/ADMIN/Custom Fields Page/Add Custom Item Fields/Add_Email: Test Cases/ADMIN/Custom Fields Page/Add Custom Item Fields/Add_Email

2019-05-27 12:45:30 - [TEST_STEP][PASSED] - waitForElementVisible: Object 'Object Repository/ADMIN/Custom Item Fields List Page/menulink_Content Mgmt.' is visible

2019-05-27 12:45:30 - [MESSAGE][WARNING] - Timeout '0' is invalid. Using default page load timeout: '30'

2019-05-27 12:45:30 - [MESSAGE][PASSED] - Object 'Object Repository/ADMIN/Custom Item Fields List Page/menulink_Content Mgmt.' is visible

2019-05-27 12:45:30 - [TEST_STEP][PASSED] - click: Object: 'Object Repository/ADMIN/Custom Item Fields List Page/menulink_Content Mgmt.' is clicked on

2019-05-27 12:45:31 - [MESSAGE][PASSED] - Object: 'Object Repository/ADMIN/Custom Item Fields List Page/menulink_Content Mgmt.' is clicked on

2019-05-27 12:45:31 - [TEST_STEP][PASSED] - waitForElementVisible: Object 'Object Repository/ADMIN/Custom Item Fields List Page/submenulink_Custom Fields' is visible

2019-05-27 12:45:31 - [MESSAGE][WARNING] - Timeout '0' is invalid. Using default page load timeout: '30'

2019-05-27 12:45:31 - [MESSAGE][PASSED] - Object 'Object Repository/ADMIN/Custom Item Fields List Page/submenulink_Custom Fields' is visible

2019-05-27 12:45:31 - [TEST_STEP][PASSED] - click: Object: 'Object Repository/ADMIN/Custom Item Fields List Page/submenulink_Custom Fields' is clicked on

2019-05-27 12:45:31 - [MESSAGE][PASSED] - Object: 'Object Repository/ADMIN/Custom Item Fields List Page/submenulink_Custom Fields' is clicked on

2019-05-27 12:45:31 - [TEST_STEP][PASSED] - waitForElementVisible: Object 'Object Repository/ADMIN/Custom Item Fields List Page/button_Add Field' is visible

2019-05-27 12:45:31 - [MESSAGE][WARNING] - Timeout '0' is invalid. Using default page load timeout: '30'

2019-05-27 12:45:31 - [MESSAGE][PASSED] - Object 'Object Repository/ADMIN/Custom Item Fields List Page/button_Add Field' is visible

2019-05-27 12:45:31 - [TEST_STEP][PASSED] - click: Object: 'Object Repository/ADMIN/Custom Item Fields List Page/button_Add Field' is clicked on

2019-05-27 12:45:32 - [MESSAGE][PASSED] - Object: 'Object Repository/ADMIN/Custom Item Fields List Page/button_Add Field' is clicked on

2019-05-27 12:45:32 - [TEST_STEP][PASSED] - waitForElementVisible: Object 'Object Repository/ADMIN/Custom Item Fields Page/a_Default/dropdown_fieldtype' is visible

2019-05-27 12:45:32 - [MESSAGE][WARNING] - Timeout '0' is invalid. Using default page load timeout: '30'

2019-05-27 12:45:33 - [MESSAGE][PASSED] - Object 'Object Repository/ADMIN/Custom Item Fields Page/a_Default/dropdown_fieldtype' is visible

2019-05-27 12:45:33 - [TEST_STEP][PASSED] - waitForPageLoad: Wait for page load successfully

2019-05-27 12:45:33 - [MESSAGE][WARNING] - Timeout '0' is invalid. Using default page load timeout: '30'

2019-05-27 12:45:33 - [MESSAGE][PASSED] - Wait for page load successfully

2019-05-27 12:45:33 - [TEST_STEP][PASSED] - click: Object: 'Object Repository/ADMIN/Custom Item Fields Page/a_Default/dropdown_fieldtype' is clicked on

2019-05-27 12:45:33 - [MESSAGE][PASSED] - Object: 'Object Repository/ADMIN/Custom Item Fields Page/a_Default/dropdown_fieldtype' is clicked on

2019-05-27 12:45:33 - [TEST_STEP][PASSED] - delay: Delayed 2 second(s)

2019-05-27 12:45:35 - [MESSAGE][PASSED] - Delayed 2 second(s)

2019-05-27 12:45:35 - [TEST_STEP][PASSED] - selectOptionByLabel: All options with label 'Email' are selected in object 'Object Repository/ADMIN/Custom Item Fields Page/a_Default/dropdown_fieldtype' 

2019-05-27 12:45:35 - [MESSAGE][PASSED] - All options with label 'Email' are selected in object 'Object Repository/ADMIN/Custom Item Fields Page/a_Default/dropdown_fieldtype' 

2019-05-27 12:45:35 - [TEST_STEP][PASSED] - verifyOptionSelectedByLabel: All options with label 'Email' are selected in object 'Object Repository/ADMIN/Custom Item Fields Page/a_Default/dropdown_fieldtype' 

2019-05-27 12:45:35 - [MESSAGE][WARNING] - Timeout '0' is invalid. Using default page load timeout: '30'

2019-05-27 12:45:36 - [MESSAGE][PASSED] - All options with label 'Email' are selected in object 'Object Repository/ADMIN/Custom Item Fields Page/a_Default/dropdown_fieldtype' 

2019-05-27 12:45:36 - [TEST_STEP][PASSED] - setText: Text 'Email Address' is set on object 'Object Repository/ADMIN/Custom Item Fields Page/a_Default/textfield_fieldname'

2019-05-27 12:45:37 - [MESSAGE][PASSED] - Text 'Email Address' is set on object 'Object Repository/ADMIN/Custom Item Fields Page/a_Default/textfield_fieldname'

2019-05-27 12:45:37 - [TEST_STEP][PASSED] - click: Object: 'Object Repository/ADMIN/Custom Item Fields Page/a_Default/button_Save1' is clicked on

2019-05-27 12:45:37 - [MESSAGE][PASSED] - Object: 'Object Repository/ADMIN/Custom Item Fields Page/a_Default/button_Save1' is clicked on

2019-05-27 12:45:37 - [TEST_STEP][PASSED] - waitForElementVisible: Object 'Object Repository/ADMIN/Custom Item Fields List Page/button_Add Field' is visible

2019-05-27 12:45:37 - [MESSAGE][WARNING] - Timeout '0' is invalid. Using default page load timeout: '30'

2019-05-27 12:45:39 - [MESSAGE][PASSED] - Object 'Object Repository/ADMIN/Custom Item Fields List Page/button_Add Field' is visible]]></system-out>
         <system-err><![CDATA[]]></system-err>
      </testcase>
      <testcase name="Test Cases/ADMIN/Custom Fields Page/Add Custom Item Fields/Add_EmbedVideo" classname="Test Cases/ADMIN/Custom Fields Page/Add Custom Item Fields/Add_EmbedVideo" status="PASSED">
         <system-out><![CDATA[2019-05-27 12:45:39 - [TEST_CASE][PASSED] - Test Cases/ADMIN/Custom Fields Page/Add Custom Item Fields/Add_EmbedVideo: Test Cases/ADMIN/Custom Fields Page/Add Custom Item Fields/Add_EmbedVideo

2019-05-27 12:45:39 - [TEST_STEP][PASSED] - waitForElementVisible: Object 'Object Repository/ADMIN/Custom Item Fields List Page/menulink_Content Mgmt.' is visible

2019-05-27 12:45:39 - [MESSAGE][WARNING] - Timeout '0' is invalid. Using default page load timeout: '30'

2019-05-27 12:45:40 - [MESSAGE][PASSED] - Object 'Object Repository/ADMIN/Custom Item Fields List Page/menulink_Content Mgmt.' is visible

2019-05-27 12:45:40 - [TEST_STEP][PASSED] - click: Object: 'Object Repository/ADMIN/Custom Item Fields List Page/menulink_Content Mgmt.' is clicked on

2019-05-27 12:45:40 - [MESSAGE][PASSED] - Object: 'Object Repository/ADMIN/Custom Item Fields List Page/menulink_Content Mgmt.' is clicked on

2019-05-27 12:45:40 - [TEST_STEP][PASSED] - waitForElementVisible: Object 'Object Repository/ADMIN/Custom Item Fields List Page/submenulink_Custom Fields' is visible

2019-05-27 12:45:40 - [MESSAGE][WARNING] - Timeout '0' is invalid. Using default page load timeout: '30'

2019-05-27 12:45:40 - [MESSAGE][PASSED] - Object 'Object Repository/ADMIN/Custom Item Fields List Page/submenulink_Custom Fields' is visible

2019-05-27 12:45:40 - [TEST_STEP][PASSED] - click: Object: 'Object Repository/ADMIN/Custom Item Fields List Page/submenulink_Custom Fields' is clicked on

2019-05-27 12:45:40 - [MESSAGE][PASSED] - Object: 'Object Repository/ADMIN/Custom Item Fields List Page/submenulink_Custom Fields' is clicked on

2019-05-27 12:45:40 - [TEST_STEP][PASSED] - waitForElementVisible: Object 'Object Repository/ADMIN/Custom Item Fields List Page/button_Add Field' is visible

2019-05-27 12:45:40 - [MESSAGE][WARNING] - Timeout '0' is invalid. Using default page load timeout: '30'

2019-05-27 12:45:41 - [MESSAGE][PASSED] - Object 'Object Repository/ADMIN/Custom Item Fields List Page/button_Add Field' is visible

2019-05-27 12:45:41 - [TEST_STEP][PASSED] - click: Object: 'Object Repository/ADMIN/Custom Item Fields List Page/button_Add Field' is clicked on

2019-05-27 12:45:42 - [MESSAGE][PASSED] - Object: 'Object Repository/ADMIN/Custom Item Fields List Page/button_Add Field' is clicked on

2019-05-27 12:45:42 - [TEST_STEP][PASSED] - waitForElementVisible: Object 'Object Repository/ADMIN/Custom Item Fields Page/a_Default/dropdown_fieldtype' is visible

2019-05-27 12:45:42 - [MESSAGE][WARNING] - Timeout '0' is invalid. Using default page load timeout: '30'

2019-05-27 12:45:43 - [MESSAGE][PASSED] - Object 'Object Repository/ADMIN/Custom Item Fields Page/a_Default/dropdown_fieldtype' is visible

2019-05-27 12:45:43 - [TEST_STEP][PASSED] - waitForPageLoad: Wait for page load successfully

2019-05-27 12:45:43 - [MESSAGE][WARNING] - Timeout '0' is invalid. Using default page load timeout: '30'

2019-05-27 12:45:43 - [MESSAGE][PASSED] - Wait for page load successfully

2019-05-27 12:45:43 - [TEST_STEP][PASSED] - click: Object: 'Object Repository/ADMIN/Custom Item Fields Page/a_Default/dropdown_fieldtype' is clicked on

2019-05-27 12:45:43 - [MESSAGE][PASSED] - Object: 'Object Repository/ADMIN/Custom Item Fields Page/a_Default/dropdown_fieldtype' is clicked on

2019-05-27 12:45:43 - [TEST_STEP][PASSED] - delay: Delayed 2 second(s)

2019-05-27 12:45:45 - [MESSAGE][PASSED] - Delayed 2 second(s)

2019-05-27 12:45:45 - [TEST_STEP][PASSED] - selectOptionByLabel: All options with label 'Embed Video' are selected in object 'Object Repository/ADMIN/Custom Item Fields Page/a_Default/dropdown_fieldtype' 

2019-05-27 12:45:46 - [MESSAGE][PASSED] - All options with label 'Embed Video' are selected in object 'Object Repository/ADMIN/Custom Item Fields Page/a_Default/dropdown_fieldtype' 

2019-05-27 12:45:46 - [TEST_STEP][NOT_RUN] - verifyOptionSelectedByLabel: NOT_RUN: verifyOptionSelectedByLabel

2019-05-27 12:45:46 - [MESSAGE][NOT_RUN] - NOT_RUN: verifyOptionSelectedByLabel

2019-05-27 12:45:46 - [TEST_STEP][PASSED] - setText: Text 'Video' is set on object 'Object Repository/ADMIN/Custom Item Fields Page/a_Default/textfield_fieldname'

2019-05-27 12:45:46 - [MESSAGE][PASSED] - Text 'Video' is set on object 'Object Repository/ADMIN/Custom Item Fields Page/a_Default/textfield_fieldname'

2019-05-27 12:45:46 - [TEST_STEP][PASSED] - click: Object: 'Object Repository/ADMIN/Custom Item Fields Page/a_Default/button_Save1' is clicked on

2019-05-27 12:45:46 - [MESSAGE][PASSED] - Object: 'Object Repository/ADMIN/Custom Item Fields Page/a_Default/button_Save1' is clicked on

2019-05-27 12:45:46 - [TEST_STEP][PASSED] - waitForElementVisible: Object 'Object Repository/ADMIN/Custom Item Fields List Page/button_Add Field' is visible

2019-05-27 12:45:46 - [MESSAGE][WARNING] - Timeout '0' is invalid. Using default page load timeout: '30'

2019-05-27 12:45:49 - [MESSAGE][PASSED] - Object 'Object Repository/ADMIN/Custom Item Fields List Page/button_Add Field' is visible]]></system-out>
         <system-err><![CDATA[]]></system-err>
      </testcase>
      <testcase name="Test Cases/ADMIN/Custom Fields Page/Add Custom Item Fields/Add_HyperlinkURL" classname="Test Cases/ADMIN/Custom Fields Page/Add Custom Item Fields/Add_HyperlinkURL" status="PASSED">
         <system-out><![CDATA[2019-05-27 12:45:49 - [TEST_CASE][PASSED] - Test Cases/ADMIN/Custom Fields Page/Add Custom Item Fields/Add_HyperlinkURL: Test Cases/ADMIN/Custom Fields Page/Add Custom Item Fields/Add_HyperlinkURL

2019-05-27 12:45:49 - [TEST_STEP][PASSED] - waitForElementVisible: Object 'Object Repository/ADMIN/Custom Item Fields List Page/menulink_Content Mgmt.' is visible

2019-05-27 12:45:49 - [MESSAGE][WARNING] - Timeout '0' is invalid. Using default page load timeout: '30'

2019-05-27 12:45:49 - [MESSAGE][PASSED] - Object 'Object Repository/ADMIN/Custom Item Fields List Page/menulink_Content Mgmt.' is visible

2019-05-27 12:45:49 - [TEST_STEP][PASSED] - click: Object: 'Object Repository/ADMIN/Custom Item Fields List Page/menulink_Content Mgmt.' is clicked on

2019-05-27 12:45:50 - [MESSAGE][PASSED] - Object: 'Object Repository/ADMIN/Custom Item Fields List Page/menulink_Content Mgmt.' is clicked on

2019-05-27 12:45:50 - [TEST_STEP][PASSED] - waitForElementVisible: Object 'Object Repository/ADMIN/Custom Item Fields List Page/submenulink_Custom Fields' is visible

2019-05-27 12:45:50 - [MESSAGE][WARNING] - Timeout '0' is invalid. Using default page load timeout: '30'

2019-05-27 12:45:50 - [MESSAGE][PASSED] - Object 'Object Repository/ADMIN/Custom Item Fields List Page/submenulink_Custom Fields' is visible

2019-05-27 12:45:50 - [TEST_STEP][PASSED] - click: Object: 'Object Repository/ADMIN/Custom Item Fields List Page/submenulink_Custom Fields' is clicked on

2019-05-27 12:45:50 - [MESSAGE][PASSED] - Object: 'Object Repository/ADMIN/Custom Item Fields List Page/submenulink_Custom Fields' is clicked on

2019-05-27 12:45:50 - [TEST_STEP][PASSED] - waitForElementVisible: Object 'Object Repository/ADMIN/Custom Item Fields List Page/button_Add Field' is visible

2019-05-27 12:45:50 - [MESSAGE][WARNING] - Timeout '0' is invalid. Using default page load timeout: '30'

2019-05-27 12:45:50 - [MESSAGE][PASSED] - Object 'Object Repository/ADMIN/Custom Item Fields List Page/button_Add Field' is visible

2019-05-27 12:45:50 - [TEST_STEP][PASSED] - click: Object: 'Object Repository/ADMIN/Custom Item Fields List Page/button_Add Field' is clicked on

2019-05-27 12:45:51 - [MESSAGE][PASSED] - Object: 'Object Repository/ADMIN/Custom Item Fields List Page/button_Add Field' is clicked on

2019-05-27 12:45:51 - [TEST_STEP][PASSED] - waitForElementVisible: Object 'Object Repository/ADMIN/Custom Item Fields Page/a_Default/dropdown_fieldtype' is visible

2019-05-27 12:45:51 - [MESSAGE][WARNING] - Timeout '0' is invalid. Using default page load timeout: '30'

2019-05-27 12:45:52 - [MESSAGE][PASSED] - Object 'Object Repository/ADMIN/Custom Item Fields Page/a_Default/dropdown_fieldtype' is visible

2019-05-27 12:45:52 - [TEST_STEP][PASSED] - waitForPageLoad: Wait for page load successfully

2019-05-27 12:45:52 - [MESSAGE][WARNING] - Timeout '0' is invalid. Using default page load timeout: '30'

2019-05-27 12:45:52 - [MESSAGE][PASSED] - Wait for page load successfully

2019-05-27 12:45:52 - [TEST_STEP][PASSED] - click: Object: 'Object Repository/ADMIN/Custom Item Fields Page/a_Default/dropdown_fieldtype' is clicked on

2019-05-27 12:45:52 - [MESSAGE][PASSED] - Object: 'Object Repository/ADMIN/Custom Item Fields Page/a_Default/dropdown_fieldtype' is clicked on

2019-05-27 12:45:52 - [TEST_STEP][PASSED] - delay: Delayed 2 second(s)

2019-05-27 12:45:54 - [MESSAGE][PASSED] - Delayed 2 second(s)

2019-05-27 12:45:54 - [TEST_STEP][PASSED] - selectOptionByLabel: All options with label 'Hyperlink / URL' are selected in object 'Object Repository/ADMIN/Custom Item Fields Page/a_Default/dropdown_fieldtype' 

2019-05-27 12:45:55 - [MESSAGE][PASSED] - All options with label 'Hyperlink / URL' are selected in object 'Object Repository/ADMIN/Custom Item Fields Page/a_Default/dropdown_fieldtype' 

2019-05-27 12:45:55 - [TEST_STEP][PASSED] - verifyOptionSelectedByLabel: All options with label 'Hyperlink / URL' are selected in object 'Object Repository/ADMIN/Custom Item Fields Page/a_Default/dropdown_fieldtype' 

2019-05-27 12:45:55 - [MESSAGE][WARNING] - Timeout '0' is invalid. Using default page load timeout: '30'

2019-05-27 12:45:56 - [MESSAGE][PASSED] - All options with label 'Hyperlink / URL' are selected in object 'Object Repository/ADMIN/Custom Item Fields Page/a_Default/dropdown_fieldtype' 

2019-05-27 12:45:56 - [TEST_STEP][PASSED] - setText: Text 'URL' is set on object 'Object Repository/ADMIN/Custom Item Fields Page/a_Default/textfield_fieldname'

2019-05-27 12:45:56 - [MESSAGE][PASSED] - Text 'URL' is set on object 'Object Repository/ADMIN/Custom Item Fields Page/a_Default/textfield_fieldname'

2019-05-27 12:45:56 - [TEST_STEP][PASSED] - click: Object: 'Object Repository/ADMIN/Custom Item Fields Page/a_Default/button_Save1' is clicked on

2019-05-27 12:45:56 - [MESSAGE][PASSED] - Object: 'Object Repository/ADMIN/Custom Item Fields Page/a_Default/button_Save1' is clicked on

2019-05-27 12:45:56 - [TEST_STEP][PASSED] - waitForElementVisible: Object 'Object Repository/ADMIN/Custom Item Fields List Page/button_Add Field' is visible

2019-05-27 12:45:56 - [MESSAGE][WARNING] - Timeout '0' is invalid. Using default page load timeout: '30'

2019-05-27 12:45:59 - [MESSAGE][PASSED] - Object 'Object Repository/ADMIN/Custom Item Fields List Page/button_Add Field' is visible]]></system-out>
         <system-err><![CDATA[]]></system-err>
      </testcase>
      <testcase name="Test Cases/ADMIN/Custom Fields Page/Add Custom Item Fields/Add_Location" classname="Test Cases/ADMIN/Custom Fields Page/Add Custom Item Fields/Add_Location" status="PASSED">
         <system-out><![CDATA[2019-05-27 12:45:59 - [TEST_CASE][PASSED] - Test Cases/ADMIN/Custom Fields Page/Add Custom Item Fields/Add_Location: Test Cases/ADMIN/Custom Fields Page/Add Custom Item Fields/Add_Location

2019-05-27 12:45:59 - [TEST_STEP][PASSED] - waitForElementVisible: Object 'Object Repository/ADMIN/Custom Item Fields List Page/menulink_Content Mgmt.' is visible

2019-05-27 12:45:59 - [MESSAGE][WARNING] - Timeout '0' is invalid. Using default page load timeout: '30'

2019-05-27 12:45:59 - [MESSAGE][PASSED] - Object 'Object Repository/ADMIN/Custom Item Fields List Page/menulink_Content Mgmt.' is visible

2019-05-27 12:45:59 - [TEST_STEP][PASSED] - click: Object: 'Object Repository/ADMIN/Custom Item Fields List Page/menulink_Content Mgmt.' is clicked on

2019-05-27 12:45:59 - [MESSAGE][PASSED] - Object: 'Object Repository/ADMIN/Custom Item Fields List Page/menulink_Content Mgmt.' is clicked on

2019-05-27 12:45:59 - [TEST_STEP][PASSED] - waitForElementVisible: Object 'Object Repository/ADMIN/Custom Item Fields List Page/submenulink_Custom Fields' is visible

2019-05-27 12:45:59 - [MESSAGE][WARNING] - Timeout '0' is invalid. Using default page load timeout: '30'

2019-05-27 12:45:59 - [MESSAGE][PASSED] - Object 'Object Repository/ADMIN/Custom Item Fields List Page/submenulink_Custom Fields' is visible

2019-05-27 12:45:59 - [TEST_STEP][PASSED] - click: Object: 'Object Repository/ADMIN/Custom Item Fields List Page/submenulink_Custom Fields' is clicked on

2019-05-27 12:45:59 - [MESSAGE][PASSED] - Object: 'Object Repository/ADMIN/Custom Item Fields List Page/submenulink_Custom Fields' is clicked on

2019-05-27 12:45:59 - [TEST_STEP][PASSED] - waitForElementVisible: Object 'Object Repository/ADMIN/Custom Item Fields List Page/button_Add Field' is visible

2019-05-27 12:45:59 - [MESSAGE][WARNING] - Timeout '0' is invalid. Using default page load timeout: '30'

2019-05-27 12:46:00 - [MESSAGE][PASSED] - Object 'Object Repository/ADMIN/Custom Item Fields List Page/button_Add Field' is visible

2019-05-27 12:46:00 - [TEST_STEP][PASSED] - click: Object: 'Object Repository/ADMIN/Custom Item Fields List Page/button_Add Field' is clicked on

2019-05-27 12:46:01 - [MESSAGE][PASSED] - Object: 'Object Repository/ADMIN/Custom Item Fields List Page/button_Add Field' is clicked on

2019-05-27 12:46:01 - [TEST_STEP][PASSED] - waitForElementVisible: Object 'Object Repository/ADMIN/Custom Item Fields Page/a_Default/dropdown_fieldtype' is visible

2019-05-27 12:46:01 - [MESSAGE][WARNING] - Timeout '0' is invalid. Using default page load timeout: '30'

2019-05-27 12:46:02 - [MESSAGE][PASSED] - Object 'Object Repository/ADMIN/Custom Item Fields Page/a_Default/dropdown_fieldtype' is visible

2019-05-27 12:46:02 - [TEST_STEP][PASSED] - waitForPageLoad: Wait for page load successfully

2019-05-27 12:46:02 - [MESSAGE][WARNING] - Timeout '0' is invalid. Using default page load timeout: '30'

2019-05-27 12:46:02 - [MESSAGE][PASSED] - Wait for page load successfully

2019-05-27 12:46:02 - [TEST_STEP][PASSED] - click: Object: 'Object Repository/ADMIN/Custom Item Fields Page/a_Default/dropdown_fieldtype' is clicked on

2019-05-27 12:46:02 - [MESSAGE][PASSED] - Object: 'Object Repository/ADMIN/Custom Item Fields Page/a_Default/dropdown_fieldtype' is clicked on

2019-05-27 12:46:02 - [TEST_STEP][PASSED] - delay: Delayed 2 second(s)

2019-05-27 12:46:04 - [MESSAGE][PASSED] - Delayed 2 second(s)

2019-05-27 12:46:04 - [TEST_STEP][PASSED] - selectOptionByLabel: All options with label 'Location' are selected in object 'Object Repository/ADMIN/Custom Item Fields Page/a_Default/dropdown_fieldtype' 

2019-05-27 12:46:04 - [MESSAGE][PASSED] - All options with label 'Location' are selected in object 'Object Repository/ADMIN/Custom Item Fields Page/a_Default/dropdown_fieldtype' 

2019-05-27 12:46:04 - [TEST_STEP][NOT_RUN] - verifyOptionSelectedByLabel: NOT_RUN: verifyOptionSelectedByLabel

2019-05-27 12:46:04 - [MESSAGE][NOT_RUN] - NOT_RUN: verifyOptionSelectedByLabel

2019-05-27 12:46:04 - [TEST_STEP][PASSED] - setText: Text 'Location' is set on object 'Object Repository/ADMIN/Custom Item Fields Page/a_Default/textfield_fieldname'

2019-05-27 12:46:04 - [MESSAGE][PASSED] - Text 'Location' is set on object 'Object Repository/ADMIN/Custom Item Fields Page/a_Default/textfield_fieldname'

2019-05-27 12:46:04 - [TEST_STEP][PASSED] - click: Object: 'Object Repository/ADMIN/Custom Item Fields Page/a_Default/button_Save1' is clicked on

2019-05-27 12:46:05 - [MESSAGE][PASSED] - Object: 'Object Repository/ADMIN/Custom Item Fields Page/a_Default/button_Save1' is clicked on

2019-05-27 12:46:05 - [TEST_STEP][PASSED] - waitForElementVisible: Object 'Object Repository/ADMIN/Custom Item Fields List Page/button_Add Field' is visible

2019-05-27 12:46:05 - [MESSAGE][WARNING] - Timeout '0' is invalid. Using default page load timeout: '30'

2019-05-27 12:46:07 - [MESSAGE][PASSED] - Object 'Object Repository/ADMIN/Custom Item Fields List Page/button_Add Field' is visible]]></system-out>
         <system-err><![CDATA[]]></system-err>
      </testcase>
      <testcase name="Test Cases/ADMIN/Custom Fields Page/Add Custom Item Fields/Add_PDF" classname="Test Cases/ADMIN/Custom Fields Page/Add Custom Item Fields/Add_PDF" status="FAILED">
         <failure type="FAILED" message="Unable to click on object 'Object Repository/ADMIN/Custom Item Fields List Page/submenulink_Custom Fields' (Root cause: org.openqa.selenium.ElementNotVisibleException: element not visible
  (Session info: chrome=74.0.3729.169)
  (Driver info: chromedriver=2.35.528161 (5b82f2d2aae0ca24b877009200ced9065a772e73),platform=Windows NT 6.1.7601 SP1 x86_64) (WARNING: The server did not provide any stacktrace information)
Command duration or timeout: 0 milliseconds
Build info: version: '3.7.1', revision: '8a0099a', time: '2017-11-06T21:07:36.161Z'
System info: host: 'ARCADIER-PC', ip: '10.10.31.95', os.name: 'Windows 7', os.arch: 'amd64', os.version: '6.1', java.version: '1.8.0_102'
Driver info: com.kms.katalon.core.webui.driver.ExistingRemoteWebDriver
Capabilities {javascriptEnabled: true, platform: ANY, platformName: ANY}
Session ID: f912d58d04e0ea049492dcdbe1240f08)"/>
         <system-out><![CDATA[2019-05-27 12:46:07 - [TEST_CASE][FAILED] - Test Cases/ADMIN/Custom Fields Page/Add Custom Item Fields/Add_PDF: Test Cases/ADMIN/Custom Fields Page/Add Custom Item Fields/Add_PDF FAILED because (of) Unable to click on object 'Object Repository/ADMIN/Custom Item Fields List Page/submenulink_Custom Fields' (Root cause: org.openqa.selenium.ElementNotVisibleException: element not visible
  (Session info: chrome=74.0.3729.169)
  (Driver info: chromedriver=2.35.528161 (5b82f2d2aae0ca24b877009200ced9065a772e73),platform=Windows NT 6.1.7601 SP1 x86_64) (WARNING: The server did not provide any stacktrace information)
Command duration or timeout: 0 milliseconds
Build info: version: '3.7.1', revision: '8a0099a', time: '2017-11-06T21:07:36.161Z'
System info: host: 'ARCADIER-PC', ip: '10.10.31.95', os.name: 'Windows 7', os.arch: 'amd64', os.version: '6.1', java.version: '1.8.0_102'
Driver info: com.kms.katalon.core.webui.driver.ExistingRemoteWebDriver
Capabilities {javascriptEnabled: true, platform: ANY, platformName: ANY}
Session ID: f912d58d04e0ea049492dcdbe1240f08)

2019-05-27 12:46:08 - [TEST_STEP][PASSED] - waitForElementVisible: Object 'Object Repository/ADMIN/Custom Item Fields List Page/menulink_Content Mgmt.' is visible

2019-05-27 12:46:08 - [MESSAGE][WARNING] - Timeout '0' is invalid. Using default page load timeout: '30'

2019-05-27 12:46:08 - [MESSAGE][PASSED] - Object 'Object Repository/ADMIN/Custom Item Fields List Page/menulink_Content Mgmt.' is visible

2019-05-27 12:46:08 - [TEST_STEP][PASSED] - click: Object: 'Object Repository/ADMIN/Custom Item Fields List Page/menulink_Content Mgmt.' is clicked on

2019-05-27 12:46:08 - [MESSAGE][PASSED] - Object: 'Object Repository/ADMIN/Custom Item Fields List Page/menulink_Content Mgmt.' is clicked on

2019-05-27 12:46:08 - [TEST_STEP][PASSED] - waitForElementVisible: Object 'Object Repository/ADMIN/Custom Item Fields List Page/submenulink_Custom Fields' is visible

2019-05-27 12:46:08 - [MESSAGE][WARNING] - Timeout '0' is invalid. Using default page load timeout: '30'

2019-05-27 12:46:08 - [MESSAGE][PASSED] - Object 'Object Repository/ADMIN/Custom Item Fields List Page/submenulink_Custom Fields' is visible

2019-05-27 12:46:08 - [TEST_STEP][FAILED] - click: Unable to click on object 'Object Repository/ADMIN/Custom Item Fields List Page/submenulink_Custom Fields' (Root cause: org.openqa.selenium.ElementNotVisibleException: element not visible
  (Session info: chrome=74.0.3729.169)
  (Driver info: chromedriver=2.35.528161 (5b82f2d2aae0ca24b877009200ced9065a772e73),platform=Windows NT 6.1.7601 SP1 x86_64) (WARNING: The server did not provide any stacktrace information)
Command duration or timeout: 0 milliseconds
Build info: version: '3.7.1', revision: '8a0099a', time: '2017-11-06T21:07:36.161Z'
System info: host: 'ARCADIER-PC', ip: '10.10.31.95', os.name: 'Windows 7', os.arch: 'amd64', os.version: '6.1', java.version: '1.8.0_102'
Driver info: com.kms.katalon.core.webui.driver.ExistingRemoteWebDriver
Capabilities {javascriptEnabled: true, platform: ANY, platformName: ANY}
Session ID: f912d58d04e0ea049492dcdbe1240f08)

2019-05-27 12:46:09 - [MESSAGE][FAILED] - Unable to click on object 'Object Repository/ADMIN/Custom Item Fields List Page/submenulink_Custom Fields' (Root cause: org.openqa.selenium.ElementNotVisibleException: element not visible
  (Session info: chrome=74.0.3729.169)
  (Driver info: chromedriver=2.35.528161 (5b82f2d2aae0ca24b877009200ced9065a772e73),platform=Windows NT 6.1.7601 SP1 x86_64) (WARNING: The server did not provide any stacktrace information)
Command duration or timeout: 0 milliseconds
Build info: version: '3.7.1', revision: '8a0099a', time: '2017-11-06T21:07:36.161Z'
System info: host: 'ARCADIER-PC', ip: '10.10.31.95', os.name: 'Windows 7', os.arch: 'amd64', os.version: '6.1', java.version: '1.8.0_102'
Driver info: com.kms.katalon.core.webui.driver.ExistingRemoteWebDriver
Capabilities {javascriptEnabled: true, platform: ANY, platformName: ANY}
Session ID: f912d58d04e0ea049492dcdbe1240f08)
[[ATTACHMENT|C:\\Users\\Arcadier\\git\\Arctick\\Reports\\Suites\\Admin Add Custom Fields\\20190527_124513\\1558932368994.png]]]]></system-out>
         <system-err><![CDATA[2019-05-27 12:46:07 - [TEST_CASE][FAILED] - Test Cases/ADMIN/Custom Fields Page/Add Custom Item Fields/Add_PDF: Test Cases/ADMIN/Custom Fields Page/Add Custom Item Fields/Add_PDF FAILED because (of) Unable to click on object 'Object Repository/ADMIN/Custom Item Fields List Page/submenulink_Custom Fields' (Root cause: org.openqa.selenium.ElementNotVisibleException: element not visible
  (Session info: chrome=74.0.3729.169)
  (Driver info: chromedriver=2.35.528161 (5b82f2d2aae0ca24b877009200ced9065a772e73),platform=Windows NT 6.1.7601 SP1 x86_64) (WARNING: The server did not provide any stacktrace information)
Command duration or timeout: 0 milliseconds
Build info: version: '3.7.1', revision: '8a0099a', time: '2017-11-06T21:07:36.161Z'
System info: host: 'ARCADIER-PC', ip: '10.10.31.95', os.name: 'Windows 7', os.arch: 'amd64', os.version: '6.1', java.version: '1.8.0_102'
Driver info: com.kms.katalon.core.webui.driver.ExistingRemoteWebDriver
Capabilities {javascriptEnabled: true, platform: ANY, platformName: ANY}
Session ID: f912d58d04e0ea049492dcdbe1240f08)]]></system-err>
      </testcase>
      <testcase name="Test Cases/ADMIN/Custom Fields Page/Add Custom Item Fields/Add_Number" classname="Test Cases/ADMIN/Custom Fields Page/Add Custom Item Fields/Add_Number" status="FAILED">
         <failure type="FAILED" message="Unable to click on object 'Object Repository/ADMIN/Custom Item Fields List Page/submenulink_Custom Fields' (Root cause: org.openqa.selenium.WebDriverException: unknown error: Element &lt;a href=&quot;/admin/listing/index&quot;>...&lt;/a> is not clickable at point (129, 377). Other element would receive the click: &lt;a href=&quot;#&quot;>...&lt;/a>
  (Session info: chrome=74.0.3729.169)
  (Driver info: chromedriver=2.35.528161 (5b82f2d2aae0ca24b877009200ced9065a772e73),platform=Windows NT 6.1.7601 SP1 x86_64) (WARNING: The server did not provide any stacktrace information)
Command duration or timeout: 0 milliseconds
Build info: version: '3.7.1', revision: '8a0099a', time: '2017-11-06T21:07:36.161Z'
System info: host: 'ARCADIER-PC', ip: '10.10.31.95', os.name: 'Windows 7', os.arch: 'amd64', os.version: '6.1', java.version: '1.8.0_102'
Driver info: com.kms.katalon.core.webui.driver.ExistingRemoteWebDriver
Capabilities {javascriptEnabled: true, platform: ANY, platformName: ANY}
Session ID: f912d58d04e0ea049492dcdbe1240f08)"/>
         <system-out><![CDATA[2019-05-27 12:46:09 - [TEST_CASE][FAILED] - Test Cases/ADMIN/Custom Fields Page/Add Custom Item Fields/Add_Number: Test Cases/ADMIN/Custom Fields Page/Add Custom Item Fields/Add_Number FAILED because (of) Unable to click on object 'Object Repository/ADMIN/Custom Item Fields List Page/submenulink_Custom Fields' (Root cause: org.openqa.selenium.WebDriverException: unknown error: Element <a href="/admin/listing/index">...</a> is not clickable at point (129, 377). Other element would receive the click: <a href="#">...</a>
  (Session info: chrome=74.0.3729.169)
  (Driver info: chromedriver=2.35.528161 (5b82f2d2aae0ca24b877009200ced9065a772e73),platform=Windows NT 6.1.7601 SP1 x86_64) (WARNING: The server did not provide any stacktrace information)
Command duration or timeout: 0 milliseconds
Build info: version: '3.7.1', revision: '8a0099a', time: '2017-11-06T21:07:36.161Z'
System info: host: 'ARCADIER-PC', ip: '10.10.31.95', os.name: 'Windows 7', os.arch: 'amd64', os.version: '6.1', java.version: '1.8.0_102'
Driver info: com.kms.katalon.core.webui.driver.ExistingRemoteWebDriver
Capabilities {javascriptEnabled: true, platform: ANY, platformName: ANY}
Session ID: f912d58d04e0ea049492dcdbe1240f08)

2019-05-27 12:46:09 - [TEST_STEP][PASSED] - waitForElementVisible: Object 'Object Repository/ADMIN/Custom Item Fields List Page/menulink_Content Mgmt.' is visible

2019-05-27 12:46:09 - [MESSAGE][WARNING] - Timeout '0' is invalid. Using default page load timeout: '30'

2019-05-27 12:46:09 - [MESSAGE][PASSED] - Object 'Object Repository/ADMIN/Custom Item Fields List Page/menulink_Content Mgmt.' is visible

2019-05-27 12:46:09 - [TEST_STEP][PASSED] - click: Object: 'Object Repository/ADMIN/Custom Item Fields List Page/menulink_Content Mgmt.' is clicked on

2019-05-27 12:46:09 - [MESSAGE][PASSED] - Object: 'Object Repository/ADMIN/Custom Item Fields List Page/menulink_Content Mgmt.' is clicked on

2019-05-27 12:46:09 - [TEST_STEP][PASSED] - waitForElementVisible: Object 'Object Repository/ADMIN/Custom Item Fields List Page/submenulink_Custom Fields' is visible

2019-05-27 12:46:09 - [MESSAGE][WARNING] - Timeout '0' is invalid. Using default page load timeout: '30'

2019-05-27 12:46:09 - [MESSAGE][PASSED] - Object 'Object Repository/ADMIN/Custom Item Fields List Page/submenulink_Custom Fields' is visible

2019-05-27 12:46:09 - [TEST_STEP][FAILED] - click: Unable to click on object 'Object Repository/ADMIN/Custom Item Fields List Page/submenulink_Custom Fields' (Root cause: org.openqa.selenium.WebDriverException: unknown error: Element <a href="/admin/listing/index">...</a> is not clickable at point (129, 377). Other element would receive the click: <a href="#">...</a>
  (Session info: chrome=74.0.3729.169)
  (Driver info: chromedriver=2.35.528161 (5b82f2d2aae0ca24b877009200ced9065a772e73),platform=Windows NT 6.1.7601 SP1 x86_64) (WARNING: The server did not provide any stacktrace information)
Command duration or timeout: 0 milliseconds
Build info: version: '3.7.1', revision: '8a0099a', time: '2017-11-06T21:07:36.161Z'
System info: host: 'ARCADIER-PC', ip: '10.10.31.95', os.name: 'Windows 7', os.arch: 'amd64', os.version: '6.1', java.version: '1.8.0_102'
Driver info: com.kms.katalon.core.webui.driver.ExistingRemoteWebDriver
Capabilities {javascriptEnabled: true, platform: ANY, platformName: ANY}
Session ID: f912d58d04e0ea049492dcdbe1240f08)

2019-05-27 12:46:10 - [MESSAGE][FAILED] - Unable to click on object 'Object Repository/ADMIN/Custom Item Fields List Page/submenulink_Custom Fields' (Root cause: org.openqa.selenium.WebDriverException: unknown error: Element <a href="/admin/listing/index">...</a> is not clickable at point (129, 377). Other element would receive the click: <a href="#">...</a>
  (Session info: chrome=74.0.3729.169)
  (Driver info: chromedriver=2.35.528161 (5b82f2d2aae0ca24b877009200ced9065a772e73),platform=Windows NT 6.1.7601 SP1 x86_64) (WARNING: The server did not provide any stacktrace information)
Command duration or timeout: 0 milliseconds
Build info: version: '3.7.1', revision: '8a0099a', time: '2017-11-06T21:07:36.161Z'
System info: host: 'ARCADIER-PC', ip: '10.10.31.95', os.name: 'Windows 7', os.arch: 'amd64', os.version: '6.1', java.version: '1.8.0_102'
Driver info: com.kms.katalon.core.webui.driver.ExistingRemoteWebDriver
Capabilities {javascriptEnabled: true, platform: ANY, platformName: ANY}
Session ID: f912d58d04e0ea049492dcdbe1240f08)
[[ATTACHMENT|C:\\Users\\Arcadier\\git\\Arctick\\Reports\\Suites\\Admin Add Custom Fields\\20190527_124513\\1558932370007.png]]]]></system-out>
         <system-err><![CDATA[2019-05-27 12:46:09 - [TEST_CASE][FAILED] - Test Cases/ADMIN/Custom Fields Page/Add Custom Item Fields/Add_Number: Test Cases/ADMIN/Custom Fields Page/Add Custom Item Fields/Add_Number FAILED because (of) Unable to click on object 'Object Repository/ADMIN/Custom Item Fields List Page/submenulink_Custom Fields' (Root cause: org.openqa.selenium.WebDriverException: unknown error: Element <a href="/admin/listing/index">...</a> is not clickable at point (129, 377). Other element would receive the click: <a href="#">...</a>
  (Session info: chrome=74.0.3729.169)
  (Driver info: chromedriver=2.35.528161 (5b82f2d2aae0ca24b877009200ced9065a772e73),platform=Windows NT 6.1.7601 SP1 x86_64) (WARNING: The server did not provide any stacktrace information)
Command duration or timeout: 0 milliseconds
Build info: version: '3.7.1', revision: '8a0099a', time: '2017-11-06T21:07:36.161Z'
System info: host: 'ARCADIER-PC', ip: '10.10.31.95', os.name: 'Windows 7', os.arch: 'amd64', os.version: '6.1', java.version: '1.8.0_102'
Driver info: com.kms.katalon.core.webui.driver.ExistingRemoteWebDriver
Capabilities {javascriptEnabled: true, platform: ANY, platformName: ANY}
Session ID: f912d58d04e0ea049492dcdbe1240f08)]]></system-err>
      </testcase>
      <testcase name="Test Cases/ADMIN/Custom Fields Page/Add Custom Item Fields/Add_Percentage" classname="Test Cases/ADMIN/Custom Fields Page/Add Custom Item Fields/Add_Percentage" status="PASSED">
         <system-out><![CDATA[2019-05-27 12:46:10 - [TEST_CASE][PASSED] - Test Cases/ADMIN/Custom Fields Page/Add Custom Item Fields/Add_Percentage: Test Cases/ADMIN/Custom Fields Page/Add Custom Item Fields/Add_Percentage

2019-05-27 12:46:10 - [TEST_STEP][PASSED] - waitForElementVisible: Object 'Object Repository/ADMIN/Custom Item Fields List Page/menulink_Content Mgmt.' is visible

2019-05-27 12:46:10 - [MESSAGE][WARNING] - Timeout '0' is invalid. Using default page load timeout: '30'

2019-05-27 12:46:10 - [MESSAGE][PASSED] - Object 'Object Repository/ADMIN/Custom Item Fields List Page/menulink_Content Mgmt.' is visible

2019-05-27 12:46:10 - [TEST_STEP][PASSED] - click: Object: 'Object Repository/ADMIN/Custom Item Fields List Page/menulink_Content Mgmt.' is clicked on

2019-05-27 12:46:10 - [MESSAGE][PASSED] - Object: 'Object Repository/ADMIN/Custom Item Fields List Page/menulink_Content Mgmt.' is clicked on

2019-05-27 12:46:10 - [TEST_STEP][PASSED] - waitForElementVisible: Object 'Object Repository/ADMIN/Custom Item Fields List Page/submenulink_Custom Fields' is visible

2019-05-27 12:46:10 - [MESSAGE][WARNING] - Timeout '0' is invalid. Using default page load timeout: '30'

2019-05-27 12:46:11 - [MESSAGE][PASSED] - Object 'Object Repository/ADMIN/Custom Item Fields List Page/submenulink_Custom Fields' is visible

2019-05-27 12:46:11 - [TEST_STEP][PASSED] - click: Object: 'Object Repository/ADMIN/Custom Item Fields List Page/submenulink_Custom Fields' is clicked on

2019-05-27 12:46:11 - [MESSAGE][PASSED] - Object: 'Object Repository/ADMIN/Custom Item Fields List Page/submenulink_Custom Fields' is clicked on

2019-05-27 12:46:11 - [TEST_STEP][PASSED] - waitForElementVisible: Object 'Object Repository/ADMIN/Custom Item Fields List Page/button_Add Field' is visible

2019-05-27 12:46:11 - [MESSAGE][WARNING] - Timeout '0' is invalid. Using default page load timeout: '30'

2019-05-27 12:46:11 - [MESSAGE][PASSED] - Object 'Object Repository/ADMIN/Custom Item Fields List Page/button_Add Field' is visible

2019-05-27 12:46:11 - [TEST_STEP][PASSED] - click: Object: 'Object Repository/ADMIN/Custom Item Fields List Page/button_Add Field' is clicked on

2019-05-27 12:46:13 - [MESSAGE][PASSED] - Object: 'Object Repository/ADMIN/Custom Item Fields List Page/button_Add Field' is clicked on

2019-05-27 12:46:13 - [TEST_STEP][PASSED] - waitForElementVisible: Object 'Object Repository/ADMIN/Custom Item Fields Page/a_Default/dropdown_fieldtype' is visible

2019-05-27 12:46:13 - [MESSAGE][WARNING] - Timeout '0' is invalid. Using default page load timeout: '30'

2019-05-27 12:46:13 - [MESSAGE][PASSED] - Object 'Object Repository/ADMIN/Custom Item Fields Page/a_Default/dropdown_fieldtype' is visible

2019-05-27 12:46:13 - [TEST_STEP][PASSED] - waitForPageLoad: Wait for page load successfully

2019-05-27 12:46:13 - [MESSAGE][WARNING] - Timeout '0' is invalid. Using default page load timeout: '30'

2019-05-27 12:46:13 - [MESSAGE][PASSED] - Wait for page load successfully

2019-05-27 12:46:13 - [TEST_STEP][PASSED] - click: Object: 'Object Repository/ADMIN/Custom Item Fields Page/a_Default/dropdown_fieldtype' is clicked on

2019-05-27 12:46:13 - [MESSAGE][PASSED] - Object: 'Object Repository/ADMIN/Custom Item Fields Page/a_Default/dropdown_fieldtype' is clicked on

2019-05-27 12:46:13 - [TEST_STEP][PASSED] - delay: Delayed 2 second(s)

2019-05-27 12:46:15 - [MESSAGE][PASSED] - Delayed 2 second(s)

2019-05-27 12:46:15 - [TEST_STEP][PASSED] - selectOptionByLabel: All options with label 'Percentage' are selected in object 'Object Repository/ADMIN/Custom Item Fields Page/a_Default/dropdown_fieldtype' 

2019-05-27 12:46:16 - [MESSAGE][PASSED] - All options with label 'Percentage' are selected in object 'Object Repository/ADMIN/Custom Item Fields Page/a_Default/dropdown_fieldtype' 

2019-05-27 12:46:16 - [TEST_STEP][PASSED] - verifyOptionSelectedByLabel: All options with label 'Percentage' are selected in object 'Object Repository/ADMIN/Custom Item Fields Page/a_Default/dropdown_fieldtype' 

2019-05-27 12:46:16 - [MESSAGE][WARNING] - Timeout '0' is invalid. Using default page load timeout: '30'

2019-05-27 12:46:17 - [MESSAGE][PASSED] - All options with label 'Percentage' are selected in object 'Object Repository/ADMIN/Custom Item Fields Page/a_Default/dropdown_fieldtype' 

2019-05-27 12:46:17 - [TEST_STEP][PASSED] - setText: Text 'Percentage' is set on object 'Object Repository/ADMIN/Custom Item Fields Page/a_Default/textfield_fieldname'

2019-05-27 12:46:17 - [MESSAGE][PASSED] - Text 'Percentage' is set on object 'Object Repository/ADMIN/Custom Item Fields Page/a_Default/textfield_fieldname'

2019-05-27 12:46:17 - [TEST_STEP][PASSED] - click: Object: 'Object Repository/ADMIN/Custom Item Fields Page/a_Default/button_Save1' is clicked on

2019-05-27 12:46:17 - [MESSAGE][PASSED] - Object: 'Object Repository/ADMIN/Custom Item Fields Page/a_Default/button_Save1' is clicked on

2019-05-27 12:46:17 - [TEST_STEP][PASSED] - waitForElementVisible: Object 'Object Repository/ADMIN/Custom Item Fields List Page/button_Add Field' is visible

2019-05-27 12:46:17 - [MESSAGE][WARNING] - Timeout '0' is invalid. Using default page load timeout: '30'

2019-05-27 12:46:20 - [MESSAGE][PASSED] - Object 'Object Repository/ADMIN/Custom Item Fields List Page/button_Add Field' is visible]]></system-out>
         <system-err><![CDATA[]]></system-err>
      </testcase>
      <testcase name="Test Cases/ADMIN/Custom Fields Page/Add Custom Item Fields/Add_Textfield" classname="Test Cases/ADMIN/Custom Fields Page/Add Custom Item Fields/Add_Textfield" status="FAILED">
         <failure type="FAILED" message="Unable to click on object 'Object Repository/ADMIN/Custom Item Fields List Page/submenulink_Custom Fields' (Root cause: org.openqa.selenium.ElementNotVisibleException: element not visible
  (Session info: chrome=74.0.3729.169)
  (Driver info: chromedriver=2.35.528161 (5b82f2d2aae0ca24b877009200ced9065a772e73),platform=Windows NT 6.1.7601 SP1 x86_64) (WARNING: The server did not provide any stacktrace information)
Command duration or timeout: 0 milliseconds
Build info: version: '3.7.1', revision: '8a0099a', time: '2017-11-06T21:07:36.161Z'
System info: host: 'ARCADIER-PC', ip: '10.10.31.95', os.name: 'Windows 7', os.arch: 'amd64', os.version: '6.1', java.version: '1.8.0_102'
Driver info: com.kms.katalon.core.webui.driver.ExistingRemoteWebDriver
Capabilities {javascriptEnabled: true, platform: ANY, platformName: ANY}
Session ID: f912d58d04e0ea049492dcdbe1240f08)"/>
         <system-out><![CDATA[2019-05-27 12:46:20 - [TEST_CASE][FAILED] - Test Cases/ADMIN/Custom Fields Page/Add Custom Item Fields/Add_Textfield: Test Cases/ADMIN/Custom Fields Page/Add Custom Item Fields/Add_Textfield FAILED because (of) Unable to click on object 'Object Repository/ADMIN/Custom Item Fields List Page/submenulink_Custom Fields' (Root cause: org.openqa.selenium.ElementNotVisibleException: element not visible
  (Session info: chrome=74.0.3729.169)
  (Driver info: chromedriver=2.35.528161 (5b82f2d2aae0ca24b877009200ced9065a772e73),platform=Windows NT 6.1.7601 SP1 x86_64) (WARNING: The server did not provide any stacktrace information)
Command duration or timeout: 0 milliseconds
Build info: version: '3.7.1', revision: '8a0099a', time: '2017-11-06T21:07:36.161Z'
System info: host: 'ARCADIER-PC', ip: '10.10.31.95', os.name: 'Windows 7', os.arch: 'amd64', os.version: '6.1', java.version: '1.8.0_102'
Driver info: com.kms.katalon.core.webui.driver.ExistingRemoteWebDriver
Capabilities {javascriptEnabled: true, platform: ANY, platformName: ANY}
Session ID: f912d58d04e0ea049492dcdbe1240f08)

2019-05-27 12:46:20 - [TEST_STEP][PASSED] - waitForElementVisible: Object 'Object Repository/ADMIN/Custom Item Fields List Page/menulink_Content Mgmt.' is visible

2019-05-27 12:46:20 - [MESSAGE][WARNING] - Timeout '0' is invalid. Using default page load timeout: '30'

2019-05-27 12:46:21 - [MESSAGE][PASSED] - Object 'Object Repository/ADMIN/Custom Item Fields List Page/menulink_Content Mgmt.' is visible

2019-05-27 12:46:21 - [TEST_STEP][PASSED] - click: Object: 'Object Repository/ADMIN/Custom Item Fields List Page/menulink_Content Mgmt.' is clicked on

2019-05-27 12:46:21 - [MESSAGE][PASSED] - Object: 'Object Repository/ADMIN/Custom Item Fields List Page/menulink_Content Mgmt.' is clicked on

2019-05-27 12:46:21 - [TEST_STEP][PASSED] - waitForElementVisible: Object 'Object Repository/ADMIN/Custom Item Fields List Page/submenulink_Custom Fields' is visible

2019-05-27 12:46:21 - [MESSAGE][WARNING] - Timeout '0' is invalid. Using default page load timeout: '30'

2019-05-27 12:46:21 - [MESSAGE][PASSED] - Object 'Object Repository/ADMIN/Custom Item Fields List Page/submenulink_Custom Fields' is visible

2019-05-27 12:46:21 - [TEST_STEP][FAILED] - click: Unable to click on object 'Object Repository/ADMIN/Custom Item Fields List Page/submenulink_Custom Fields' (Root cause: org.openqa.selenium.ElementNotVisibleException: element not visible
  (Session info: chrome=74.0.3729.169)
  (Driver info: chromedriver=2.35.528161 (5b82f2d2aae0ca24b877009200ced9065a772e73),platform=Windows NT 6.1.7601 SP1 x86_64) (WARNING: The server did not provide any stacktrace information)
Command duration or timeout: 0 milliseconds
Build info: version: '3.7.1', revision: '8a0099a', time: '2017-11-06T21:07:36.161Z'
System info: host: 'ARCADIER-PC', ip: '10.10.31.95', os.name: 'Windows 7', os.arch: 'amd64', os.version: '6.1', java.version: '1.8.0_102'
Driver info: com.kms.katalon.core.webui.driver.ExistingRemoteWebDriver
Capabilities {javascriptEnabled: true, platform: ANY, platformName: ANY}
Session ID: f912d58d04e0ea049492dcdbe1240f08)

2019-05-27 12:46:21 - [MESSAGE][FAILED] - Unable to click on object 'Object Repository/ADMIN/Custom Item Fields List Page/submenulink_Custom Fields' (Root cause: org.openqa.selenium.ElementNotVisibleException: element not visible
  (Session info: chrome=74.0.3729.169)
  (Driver info: chromedriver=2.35.528161 (5b82f2d2aae0ca24b877009200ced9065a772e73),platform=Windows NT 6.1.7601 SP1 x86_64) (WARNING: The server did not provide any stacktrace information)
Command duration or timeout: 0 milliseconds
Build info: version: '3.7.1', revision: '8a0099a', time: '2017-11-06T21:07:36.161Z'
System info: host: 'ARCADIER-PC', ip: '10.10.31.95', os.name: 'Windows 7', os.arch: 'amd64', os.version: '6.1', java.version: '1.8.0_102'
Driver info: com.kms.katalon.core.webui.driver.ExistingRemoteWebDriver
Capabilities {javascriptEnabled: true, platform: ANY, platformName: ANY}
Session ID: f912d58d04e0ea049492dcdbe1240f08)
[[ATTACHMENT|C:\\Users\\Arcadier\\git\\Arctick\\Reports\\Suites\\Admin Add Custom Fields\\20190527_124513\\1558932381363.png]]]]></system-out>
         <system-err><![CDATA[2019-05-27 12:46:20 - [TEST_CASE][FAILED] - Test Cases/ADMIN/Custom Fields Page/Add Custom Item Fields/Add_Textfield: Test Cases/ADMIN/Custom Fields Page/Add Custom Item Fields/Add_Textfield FAILED because (of) Unable to click on object 'Object Repository/ADMIN/Custom Item Fields List Page/submenulink_Custom Fields' (Root cause: org.openqa.selenium.ElementNotVisibleException: element not visible
  (Session info: chrome=74.0.3729.169)
  (Driver info: chromedriver=2.35.528161 (5b82f2d2aae0ca24b877009200ced9065a772e73),platform=Windows NT 6.1.7601 SP1 x86_64) (WARNING: The server did not provide any stacktrace information)
Command duration or timeout: 0 milliseconds
Build info: version: '3.7.1', revision: '8a0099a', time: '2017-11-06T21:07:36.161Z'
System info: host: 'ARCADIER-PC', ip: '10.10.31.95', os.name: 'Windows 7', os.arch: 'amd64', os.version: '6.1', java.version: '1.8.0_102'
Driver info: com.kms.katalon.core.webui.driver.ExistingRemoteWebDriver
Capabilities {javascriptEnabled: true, platform: ANY, platformName: ANY}
Session ID: f912d58d04e0ea049492dcdbe1240f08)]]></system-err>
      </testcase>
      <testcase name="Test Cases/ADMIN/Custom Fields Page/Add Custom Item Fields/Add_Textfield for Delete" classname="Test Cases/ADMIN/Custom Fields Page/Add Custom Item Fields/Add_Textfield for Delete" status="FAILED">
         <failure type="FAILED" message="Unable to click on object 'Object Repository/ADMIN/Custom Item Fields List Page/submenulink_Custom Fields' (Root cause: org.openqa.selenium.ElementNotVisibleException: element not visible
  (Session info: chrome=74.0.3729.169)
  (Driver info: chromedriver=2.35.528161 (5b82f2d2aae0ca24b877009200ced9065a772e73),platform=Windows NT 6.1.7601 SP1 x86_64) (WARNING: The server did not provide any stacktrace information)
Command duration or timeout: 0 milliseconds
Build info: version: '3.7.1', revision: '8a0099a', time: '2017-11-06T21:07:36.161Z'
System info: host: 'ARCADIER-PC', ip: '10.10.31.95', os.name: 'Windows 7', os.arch: 'amd64', os.version: '6.1', java.version: '1.8.0_102'
Driver info: com.kms.katalon.core.webui.driver.ExistingRemoteWebDriver
Capabilities {javascriptEnabled: true, platform: ANY, platformName: ANY}
Session ID: f912d58d04e0ea049492dcdbe1240f08)"/>
         <system-out><![CDATA[2019-05-27 12:46:21 - [TEST_CASE][FAILED] - Test Cases/ADMIN/Custom Fields Page/Add Custom Item Fields/Add_Textfield for Delete: Test Cases/ADMIN/Custom Fields Page/Add Custom Item Fields/Add_Textfield for Delete FAILED because (of) Unable to click on object 'Object Repository/ADMIN/Custom Item Fields List Page/submenulink_Custom Fields' (Root cause: org.openqa.selenium.ElementNotVisibleException: element not visible
  (Session info: chrome=74.0.3729.169)
  (Driver info: chromedriver=2.35.528161 (5b82f2d2aae0ca24b877009200ced9065a772e73),platform=Windows NT 6.1.7601 SP1 x86_64) (WARNING: The server did not provide any stacktrace information)
Command duration or timeout: 0 milliseconds
Build info: version: '3.7.1', revision: '8a0099a', time: '2017-11-06T21:07:36.161Z'
System info: host: 'ARCADIER-PC', ip: '10.10.31.95', os.name: 'Windows 7', os.arch: 'amd64', os.version: '6.1', java.version: '1.8.0_102'
Driver info: com.kms.katalon.core.webui.driver.ExistingRemoteWebDriver
Capabilities {javascriptEnabled: true, platform: ANY, platformName: ANY}
Session ID: f912d58d04e0ea049492dcdbe1240f08)

2019-05-27 12:46:21 - [TEST_STEP][PASSED] - waitForElementVisible: Object 'Object Repository/ADMIN/Custom Item Fields List Page/menulink_Content Mgmt.' is visible

2019-05-27 12:46:21 - [MESSAGE][WARNING] - Timeout '0' is invalid. Using default page load timeout: '30'

2019-05-27 12:46:22 - [MESSAGE][PASSED] - Object 'Object Repository/ADMIN/Custom Item Fields List Page/menulink_Content Mgmt.' is visible

2019-05-27 12:46:22 - [TEST_STEP][PASSED] - click: Object: 'Object Repository/ADMIN/Custom Item Fields List Page/menulink_Content Mgmt.' is clicked on

2019-05-27 12:46:22 - [MESSAGE][PASSED] - Object: 'Object Repository/ADMIN/Custom Item Fields List Page/menulink_Content Mgmt.' is clicked on

2019-05-27 12:46:22 - [TEST_STEP][PASSED] - waitForElementVisible: Object 'Object Repository/ADMIN/Custom Item Fields List Page/submenulink_Custom Fields' is visible

2019-05-27 12:46:22 - [MESSAGE][WARNING] - Timeout '0' is invalid. Using default page load timeout: '30'

2019-05-27 12:46:22 - [MESSAGE][PASSED] - Object 'Object Repository/ADMIN/Custom Item Fields List Page/submenulink_Custom Fields' is visible

2019-05-27 12:46:22 - [TEST_STEP][FAILED] - click: Unable to click on object 'Object Repository/ADMIN/Custom Item Fields List Page/submenulink_Custom Fields' (Root cause: org.openqa.selenium.ElementNotVisibleException: element not visible
  (Session info: chrome=74.0.3729.169)
  (Driver info: chromedriver=2.35.528161 (5b82f2d2aae0ca24b877009200ced9065a772e73),platform=Windows NT 6.1.7601 SP1 x86_64) (WARNING: The server did not provide any stacktrace information)
Command duration or timeout: 0 milliseconds
Build info: version: '3.7.1', revision: '8a0099a', time: '2017-11-06T21:07:36.161Z'
System info: host: 'ARCADIER-PC', ip: '10.10.31.95', os.name: 'Windows 7', os.arch: 'amd64', os.version: '6.1', java.version: '1.8.0_102'
Driver info: com.kms.katalon.core.webui.driver.ExistingRemoteWebDriver
Capabilities {javascriptEnabled: true, platform: ANY, platformName: ANY}
Session ID: f912d58d04e0ea049492dcdbe1240f08)

2019-05-27 12:46:22 - [MESSAGE][FAILED] - Unable to click on object 'Object Repository/ADMIN/Custom Item Fields List Page/submenulink_Custom Fields' (Root cause: org.openqa.selenium.ElementNotVisibleException: element not visible
  (Session info: chrome=74.0.3729.169)
  (Driver info: chromedriver=2.35.528161 (5b82f2d2aae0ca24b877009200ced9065a772e73),platform=Windows NT 6.1.7601 SP1 x86_64) (WARNING: The server did not provide any stacktrace information)
Command duration or timeout: 0 milliseconds
Build info: version: '3.7.1', revision: '8a0099a', time: '2017-11-06T21:07:36.161Z'
System info: host: 'ARCADIER-PC', ip: '10.10.31.95', os.name: 'Windows 7', os.arch: 'amd64', os.version: '6.1', java.version: '1.8.0_102'
Driver info: com.kms.katalon.core.webui.driver.ExistingRemoteWebDriver
Capabilities {javascriptEnabled: true, platform: ANY, platformName: ANY}
Session ID: f912d58d04e0ea049492dcdbe1240f08)
[[ATTACHMENT|C:\\Users\\Arcadier\\git\\Arctick\\Reports\\Suites\\Admin Add Custom Fields\\20190527_124513\\1558932382401.png]]]]></system-out>
         <system-err><![CDATA[2019-05-27 12:46:21 - [TEST_CASE][FAILED] - Test Cases/ADMIN/Custom Fields Page/Add Custom Item Fields/Add_Textfield for Delete: Test Cases/ADMIN/Custom Fields Page/Add Custom Item Fields/Add_Textfield for Delete FAILED because (of) Unable to click on object 'Object Repository/ADMIN/Custom Item Fields List Page/submenulink_Custom Fields' (Root cause: org.openqa.selenium.ElementNotVisibleException: element not visible
  (Session info: chrome=74.0.3729.169)
  (Driver info: chromedriver=2.35.528161 (5b82f2d2aae0ca24b877009200ced9065a772e73),platform=Windows NT 6.1.7601 SP1 x86_64) (WARNING: The server did not provide any stacktrace information)
Command duration or timeout: 0 milliseconds
Build info: version: '3.7.1', revision: '8a0099a', time: '2017-11-06T21:07:36.161Z'
System info: host: 'ARCADIER-PC', ip: '10.10.31.95', os.name: 'Windows 7', os.arch: 'amd64', os.version: '6.1', java.version: '1.8.0_102'
Driver info: com.kms.katalon.core.webui.driver.ExistingRemoteWebDriver
Capabilities {javascriptEnabled: true, platform: ANY, platformName: ANY}
Session ID: f912d58d04e0ea049492dcdbe1240f08)]]></system-err>
      </testcase>
      <testcase name="Test Cases/ADMIN/Custom Fields Page/Add Custom Item Fields/Add_Textfield For Edit" classname="Test Cases/ADMIN/Custom Fields Page/Add Custom Item Fields/Add_Textfield For Edit" status="PASSED">
         <system-out><![CDATA[2019-05-27 12:46:22 - [TEST_CASE][PASSED] - Test Cases/ADMIN/Custom Fields Page/Add Custom Item Fields/Add_Textfield For Edit: Test Cases/ADMIN/Custom Fields Page/Add Custom Item Fields/Add_Textfield For Edit

2019-05-27 12:46:23 - [TEST_STEP][PASSED] - waitForElementVisible: Object 'Object Repository/ADMIN/Custom Item Fields List Page/menulink_Content Mgmt.' is visible

2019-05-27 12:46:23 - [MESSAGE][WARNING] - Timeout '0' is invalid. Using default page load timeout: '30'

2019-05-27 12:46:23 - [MESSAGE][PASSED] - Object 'Object Repository/ADMIN/Custom Item Fields List Page/menulink_Content Mgmt.' is visible

2019-05-27 12:46:23 - [TEST_STEP][PASSED] - click: Object: 'Object Repository/ADMIN/Custom Item Fields List Page/menulink_Content Mgmt.' is clicked on

2019-05-27 12:46:23 - [MESSAGE][PASSED] - Object: 'Object Repository/ADMIN/Custom Item Fields List Page/menulink_Content Mgmt.' is clicked on

2019-05-27 12:46:23 - [TEST_STEP][PASSED] - waitForElementVisible: Object 'Object Repository/ADMIN/Custom Item Fields List Page/submenulink_Custom Fields' is visible

2019-05-27 12:46:23 - [MESSAGE][WARNING] - Timeout '0' is invalid. Using default page load timeout: '30'

2019-05-27 12:46:23 - [MESSAGE][PASSED] - Object 'Object Repository/ADMIN/Custom Item Fields List Page/submenulink_Custom Fields' is visible

2019-05-27 12:46:23 - [TEST_STEP][PASSED] - click: Object: 'Object Repository/ADMIN/Custom Item Fields List Page/submenulink_Custom Fields' is clicked on

2019-05-27 12:46:23 - [MESSAGE][PASSED] - Object: 'Object Repository/ADMIN/Custom Item Fields List Page/submenulink_Custom Fields' is clicked on

2019-05-27 12:46:23 - [TEST_STEP][PASSED] - waitForElementVisible: Object 'Object Repository/ADMIN/Custom Item Fields List Page/button_Add Field' is visible

2019-05-27 12:46:23 - [MESSAGE][WARNING] - Timeout '0' is invalid. Using default page load timeout: '30'

2019-05-27 12:46:23 - [MESSAGE][PASSED] - Object 'Object Repository/ADMIN/Custom Item Fields List Page/button_Add Field' is visible

2019-05-27 12:46:23 - [TEST_STEP][PASSED] - click: Object: 'Object Repository/ADMIN/Custom Item Fields List Page/button_Add Field' is clicked on

2019-05-27 12:46:25 - [MESSAGE][PASSED] - Object: 'Object Repository/ADMIN/Custom Item Fields List Page/button_Add Field' is clicked on

2019-05-27 12:46:25 - [TEST_STEP][PASSED] - waitForElementVisible: Object 'Object Repository/ADMIN/Custom Item Fields Page/a_Default/dropdown_fieldtype' is visible

2019-05-27 12:46:25 - [MESSAGE][WARNING] - Timeout '0' is invalid. Using default page load timeout: '30'

2019-05-27 12:46:25 - [MESSAGE][PASSED] - Object 'Object Repository/ADMIN/Custom Item Fields Page/a_Default/dropdown_fieldtype' is visible

2019-05-27 12:46:25 - [TEST_STEP][PASSED] - waitForPageLoad: Wait for page load successfully

2019-05-27 12:46:25 - [MESSAGE][WARNING] - Timeout '0' is invalid. Using default page load timeout: '30'

2019-05-27 12:46:25 - [MESSAGE][PASSED] - Wait for page load successfully

2019-05-27 12:46:25 - [TEST_STEP][PASSED] - click: Object: 'Object Repository/ADMIN/Custom Item Fields Page/a_Default/dropdown_fieldtype' is clicked on

2019-05-27 12:46:25 - [MESSAGE][PASSED] - Object: 'Object Repository/ADMIN/Custom Item Fields Page/a_Default/dropdown_fieldtype' is clicked on

2019-05-27 12:46:25 - [TEST_STEP][PASSED] - delay: Delayed 2 second(s)

2019-05-27 12:46:27 - [MESSAGE][PASSED] - Delayed 2 second(s)

2019-05-27 12:46:27 - [TEST_STEP][PASSED] - selectOptionByLabel: All options with label 'Text Field' are selected in object 'Object Repository/ADMIN/Custom Item Fields Page/a_Default/dropdown_fieldtype' 

2019-05-27 12:46:28 - [MESSAGE][PASSED] - All options with label 'Text Field' are selected in object 'Object Repository/ADMIN/Custom Item Fields Page/a_Default/dropdown_fieldtype' 

2019-05-27 12:46:28 - [TEST_STEP][PASSED] - setText: Text 'Textfield' is set on object 'Object Repository/ADMIN/Custom Item Fields Page/a_Default/textfield_fieldname'

2019-05-27 12:46:28 - [MESSAGE][PASSED] - Text 'Textfield' is set on object 'Object Repository/ADMIN/Custom Item Fields Page/a_Default/textfield_fieldname'

2019-05-27 12:46:28 - [TEST_STEP][PASSED] - click: Object: 'Object Repository/ADMIN/Custom Item Fields Page/a_Default/button_Save1' is clicked on

2019-05-27 12:46:28 - [MESSAGE][PASSED] - Object: 'Object Repository/ADMIN/Custom Item Fields Page/a_Default/button_Save1' is clicked on

2019-05-27 12:46:28 - [TEST_STEP][PASSED] - waitForElementVisible: Object 'Object Repository/ADMIN/Custom Item Fields List Page/button_Add Field' is visible

2019-05-27 12:46:28 - [MESSAGE][WARNING] - Timeout '0' is invalid. Using default page load timeout: '30'

2019-05-27 12:46:33 - [MESSAGE][PASSED] - Object 'Object Repository/ADMIN/Custom Item Fields List Page/button_Add Field' is visible]]></system-out>
         <system-err><![CDATA[]]></system-err>
      </testcase>
      <system-out><![CDATA[2019-05-27 12:45:15 - [TEST_SUITE][FAILED] - Admin Add Custom Fields: Test Cases/ADMIN/Custom Fields Page/Add Custom Item Fields/Add_Checkbox FAILED because (of) Unable to click on object 'Object Repository/ADMIN/Custom Item Fields List Page/submenulink_Custom Fields' (Root cause: org.openqa.selenium.ElementNotVisibleException: element not visible
  (Session info: chrome=74.0.3729.169)
  (Driver info: chromedriver=2.35.528161 (5b82f2d2aae0ca24b877009200ced9065a772e73),platform=Windows NT 6.1.7601 SP1 x86_64) (WARNING: The server did not provide any stacktrace information)
Command duration or timeout: 0 milliseconds
Build info: version: '3.7.1', revision: '8a0099a', time: '2017-11-06T21:07:36.161Z'
System info: host: 'ARCADIER-PC', ip: '10.10.31.95', os.name: 'Windows 7', os.arch: 'amd64', os.version: '6.1', java.version: '1.8.0_102'
Driver info: com.kms.katalon.core.webui.driver.ExistingRemoteWebDriver
Capabilities {javascriptEnabled: true, platform: ANY, platformName: ANY}
Session ID: f912d58d04e0ea049492dcdbe1240f08)]]></system-out>
      <system-err><![CDATA[2019-05-27 12:45:15 - [TEST_SUITE][FAILED] - Admin Add Custom Fields: Test Cases/ADMIN/Custom Fields Page/Add Custom Item Fields/Add_Checkbox FAILED because (of) Unable to click on object 'Object Repository/ADMIN/Custom Item Fields List Page/submenulink_Custom Fields' (Root cause: org.openqa.selenium.ElementNotVisibleException: element not visible
  (Session info: chrome=74.0.3729.169)
  (Driver info: chromedriver=2.35.528161 (5b82f2d2aae0ca24b877009200ced9065a772e73),platform=Windows NT 6.1.7601 SP1 x86_64) (WARNING: The server did not provide any stacktrace information)
Command duration or timeout: 0 milliseconds
Build info: version: '3.7.1', revision: '8a0099a', time: '2017-11-06T21:07:36.161Z'
System info: host: 'ARCADIER-PC', ip: '10.10.31.95', os.name: 'Windows 7', os.arch: 'amd64', os.version: '6.1', java.version: '1.8.0_102'
Driver info: com.kms.katalon.core.webui.driver.ExistingRemoteWebDriver
Capabilities {javascriptEnabled: true, platform: ANY, platformName: ANY}
Session ID: f912d58d04e0ea049492dcdbe1240f08)]]></system-err>
   </testsuite>
</testsuites>
